<?xml version="1.0" encoding="UTF-8"?>
<testsuite xmlns:xsi="http://www.w3.org/2001/XMLSchema-instance" xsi:noNamespaceSchemaLocation="https://maven.apache.org/surefire/maven-surefire-plugin/xsd/surefire-test-report-3.0.xsd" version="3.0" name="org.apache.ratis.netty.TestGroupManagementWithNetty" time="73.406" tests="8" errors="1" skipped="0" failures="0">
  <properties>
    <property name="awt.toolkit" value="sun.awt.X11.XToolkit"/>
    <property name="java.specification.version" value="11"/>
    <property name="sun.cpu.isalist" value=""/>
    <property name="sun.jnu.encoding" value="UTF-8"/>
    <property name="java.class.path" value="/home/runner/work/ratis/ratis/ratis-test/target/test-classes:/home/runner/work/ratis/ratis/ratis-test/target/classes:/home/runner/work/ratis/ratis/ratis-common/target/classes:/home/runner/.m2/repository/org/apache/ratis/ratis-thirdparty-misc/1.0.4/ratis-thirdparty-misc-1.0.4.jar:/home/runner/work/ratis/ratis/ratis-proto/target/ratis-proto-3.0.0-SNAPSHOT.jar:/home/runner/work/ratis/ratis/ratis-common/target/test-classes:/home/runner/work/ratis/ratis/ratis-client/target/classes:/home/runner/work/ratis/ratis/ratis-server/target/classes:/home/runner/work/ratis/ratis/ratis-server-api/target/classes:/home/runner/work/ratis/ratis/ratis-metrics-api/target/classes:/home/runner/work/ratis/ratis/ratis-server/target/test-classes:/home/runner/work/ratis/ratis/ratis-metrics-default/target/classes:/home/runner/work/ratis/ratis/ratis-netty/target/classes:/home/runner/work/ratis/ratis/ratis-netty/target/test-classes:/home/runner/work/ratis/ratis/ratis-grpc/target/classes:/home/runner/work/ratis/ratis/ratis-grpc/target/test-classes:/home/runner/work/ratis/ratis/ratis-shell/target/classes:/home/runner/.m2/repository/commons-cli/commons-cli/1.5.0/commons-cli-1.5.0.jar:/home/runner/.m2/repository/org/reflections/reflections/0.10.2/reflections-0.10.2.jar:/home/runner/.m2/repository/org/javassist/javassist/3.28.0-GA/javassist-3.28.0-GA.jar:/home/runner/.m2/repository/com/google/code/findbugs/jsr305/3.0.2/jsr305-3.0.2.jar:/home/runner/.m2/repository/org/bouncycastle/bcprov-jdk15on/1.70/bcprov-jdk15on-1.70.jar:/home/runner/.m2/repository/org/bouncycastle/bcpkix-jdk15on/1.70/bcpkix-jdk15on-1.70.jar:/home/runner/.m2/repository/org/bouncycastle/bcutil-jdk15on/1.70/bcutil-jdk15on-1.70.jar:/home/runner/.m2/repository/org/slf4j/slf4j-api/2.0.7/slf4j-api-2.0.7.jar:/home/runner/.m2/repository/org/slf4j/slf4j-reload4j/2.0.7/slf4j-reload4j-2.0.7.jar:/home/runner/.m2/repository/ch/qos/reload4j/reload4j/1.2.22/reload4j-1.2.22.jar:/home/runner/.m2/repository/junit/junit/4.13.2/junit-4.13.2.jar:/home/runner/.m2/repository/org/hamcrest/hamcrest-core/1.3/hamcrest-core-1.3.jar:/home/runner/.m2/repository/org/mockito/mockito-core/4.3.1/mockito-core-4.3.1.jar:/home/runner/.m2/repository/net/bytebuddy/byte-buddy/1.12.7/byte-buddy-1.12.7.jar:/home/runner/.m2/repository/net/bytebuddy/byte-buddy-agent/1.12.7/byte-buddy-agent-1.12.7.jar:/home/runner/.m2/repository/org/objenesis/objenesis/3.2/objenesis-3.2.jar:"/>
    <property name="java.vm.vendor" value="Eclipse Adoptium"/>
    <property name="sun.arch.data.model" value="64"/>
    <property name="java.vendor.url" value="https://adoptium.net/"/>
    <property name="user.timezone" value=""/>
    <property name="java.vm.specification.version" value="11"/>
    <property name="os.name" value="Linux"/>
    <property name="sun.java.launcher" value="SUN_STANDARD"/>
    <property name="sun.boot.library.path" value="/usr/lib/jvm/temurin-11-jdk-amd64/lib"/>
    <property name="sun.java.command" value="/home/runner/work/ratis/ratis/ratis-test/target/surefire/surefirebooter-20230828071436163_210.jar /home/runner/work/ratis/ratis/ratis-test/target/surefire 2023-08-28T07-13-51_997-jvmRun1 surefire-20230828071436163_208tmp surefire_37-20230828071436163_209tmp"/>
    <property name="jdk.debug" value="release"/>
    <property name="surefire.test.class.path" value="/home/runner/work/ratis/ratis/ratis-test/target/test-classes:/home/runner/work/ratis/ratis/ratis-test/target/classes:/home/runner/work/ratis/ratis/ratis-common/target/classes:/home/runner/.m2/repository/org/apache/ratis/ratis-thirdparty-misc/1.0.4/ratis-thirdparty-misc-1.0.4.jar:/home/runner/work/ratis/ratis/ratis-proto/target/ratis-proto-3.0.0-SNAPSHOT.jar:/home/runner/work/ratis/ratis/ratis-common/target/test-classes:/home/runner/work/ratis/ratis/ratis-client/target/classes:/home/runner/work/ratis/ratis/ratis-server/target/classes:/home/runner/work/ratis/ratis/ratis-server-api/target/classes:/home/runner/work/ratis/ratis/ratis-metrics-api/target/classes:/home/runner/work/ratis/ratis/ratis-server/target/test-classes:/home/runner/work/ratis/ratis/ratis-metrics-default/target/classes:/home/runner/work/ratis/ratis/ratis-netty/target/classes:/home/runner/work/ratis/ratis/ratis-netty/target/test-classes:/home/runner/work/ratis/ratis/ratis-grpc/target/classes:/home/runner/work/ratis/ratis/ratis-grpc/target/test-classes:/home/runner/work/ratis/ratis/ratis-shell/target/classes:/home/runner/.m2/repository/commons-cli/commons-cli/1.5.0/commons-cli-1.5.0.jar:/home/runner/.m2/repository/org/reflections/reflections/0.10.2/reflections-0.10.2.jar:/home/runner/.m2/repository/org/javassist/javassist/3.28.0-GA/javassist-3.28.0-GA.jar:/home/runner/.m2/repository/com/google/code/findbugs/jsr305/3.0.2/jsr305-3.0.2.jar:/home/runner/.m2/repository/org/bouncycastle/bcprov-jdk15on/1.70/bcprov-jdk15on-1.70.jar:/home/runner/.m2/repository/org/bouncycastle/bcpkix-jdk15on/1.70/bcpkix-jdk15on-1.70.jar:/home/runner/.m2/repository/org/bouncycastle/bcutil-jdk15on/1.70/bcutil-jdk15on-1.70.jar:/home/runner/.m2/repository/org/slf4j/slf4j-api/2.0.7/slf4j-api-2.0.7.jar:/home/runner/.m2/repository/org/slf4j/slf4j-reload4j/2.0.7/slf4j-reload4j-2.0.7.jar:/home/runner/.m2/repository/ch/qos/reload4j/reload4j/1.2.22/reload4j-1.2.22.jar:/home/runner/.m2/repository/junit/junit/4.13.2/junit-4.13.2.jar:/home/runner/.m2/repository/org/hamcrest/hamcrest-core/1.3/hamcrest-core-1.3.jar:/home/runner/.m2/repository/org/mockito/mockito-core/4.3.1/mockito-core-4.3.1.jar:/home/runner/.m2/repository/net/bytebuddy/byte-buddy/1.12.7/byte-buddy-1.12.7.jar:/home/runner/.m2/repository/net/bytebuddy/byte-buddy-agent/1.12.7/byte-buddy-agent-1.12.7.jar:/home/runner/.m2/repository/org/objenesis/objenesis/3.2/objenesis-3.2.jar:"/>
    <property name="sun.cpu.endian" value="little"/>
    <property name="user.home" value="/home/runner"/>
    <property name="user.language" value="en"/>
    <property name="java.specification.vendor" value="Oracle Corporation"/>
    <property name="java.version.date" value="2023-07-18"/>
    <property name="java.home" value="/usr/lib/jvm/temurin-11-jdk-amd64"/>
    <property name="file.separator" value="/"/>
    <property name="basedir" value="/home/runner/work/ratis/ratis/ratis-test"/>
    <property name="java.vm.compressedOopsMode" value="32-bit"/>
    <property name="line.separator" value="&#10;"/>
    <property name="java.specification.name" value="Java Platform API Specification"/>
    <property name="java.vm.specification.vendor" value="Oracle Corporation"/>
    <property name="java.awt.graphicsenv" value="sun.awt.X11GraphicsEnvironment"/>
    <property name="surefire.real.class.path" value="/home/runner/work/ratis/ratis/ratis-test/target/surefire/surefirebooter-20230828071436163_210.jar"/>
    <property name="sun.management.compiler" value="HotSpot 64-Bit Tiered Compilers"/>
    <property name="java.runtime.version" value="11.0.20+8"/>
    <property name="user.name" value="runner"/>
    <property name="java.net.preferIPv4Stack" value="true"/>
    <property name="path.separator" value=":"/>
    <property name="os.version" value="5.15.0-1042-azure"/>
    <property name="java.runtime.name" value="OpenJDK Runtime Environment"/>
    <property name="file.encoding" value="UTF-8"/>
    <property name="java.vm.name" value="OpenJDK 64-Bit Server VM"/>
    <property name="java.vendor.version" value="Temurin-11.0.20+8"/>
    <property name="localRepository" value="/home/runner/.m2/repository"/>
    <property name="java.vendor.url.bug" value="https://github.com/adoptium/adoptium-support/issues"/>
    <property name="java.io.tmpdir" value="/tmp"/>
    <property name="java.version" value="11.0.20"/>
    <property name="user.dir" value="/home/runner/work/ratis/ratis/ratis-test"/>
    <property name="os.arch" value="amd64"/>
    <property name="ratis.tmp.dir" value="/home/runner/work/ratis/ratis/ratis-test/target/tmp"/>
    <property name="java.vm.specification.name" value="Java Virtual Machine Specification"/>
    <property name="java.awt.printerjob" value="sun.print.PSPrinterJob"/>
    <property name="ratis.log.dir" value="/home/runner/work/ratis/ratis/ratis-test/target/log"/>
    <property name="sun.os.patch.level" value="unknown"/>
    <property name="java.library.path" value="/usr/java/packages/lib:/usr/lib64:/lib64:/lib:/usr/lib"/>
    <property name="java.vm.info" value="mixed mode"/>
    <property name="java.vendor" value="Eclipse Adoptium"/>
    <property name="java.vm.version" value="11.0.20+8"/>
    <property name="java.specification.maintenance.version" value="2"/>
    <property name="sun.io.unicode.encoding" value="UnicodeLittle"/>
    <property name="java.class.version" value="55.0"/>
  </properties>
  <testcase name="testGroupRemoveWhenDelete" classname="org.apache.ratis.netty.TestGroupManagementWithNetty" time="3.734">
    <system-out><![CDATA[2023-08-28 07:17:08,479 [main] INFO  util.LogUtils (Slf4jUtils.java:setLogLevel(38)) - Successfully set org.apache.ratis.conf.ConfUtils log level to WARN
2023-08-28 07:17:08,481 [main] INFO  util.LogUtils (Slf4jUtils.java:setLogLevel(38)) - Successfully set org.apache.ratis.util.FileUtils log level to TRACE
2023-08-28 07:17:08,487 [main] INFO  util.LogUtils (Slf4jUtils.java:setLogLevel(38)) - Successfully set org.apache.ratis.server.RaftServer log level to DEBUG
2023-08-28 07:17:08,488 [main] INFO  util.LogUtils (Slf4jUtils.java:setLogLevel(38)) - Successfully set org.apache.ratis.server.RaftServer$Division log level to DEBUG
2023-08-28 07:17:08,489 [main] INFO  util.LogUtils (Slf4jUtils.java:setLogLevel(38)) - Successfully set org.apache.ratis.client.RaftClient log level to DEBUG
2023-08-28 07:17:08,558 [Time-limited test] INFO  impl.MiniRaftCluster (MiniRaftCluster.java:<init>(306)) - new MiniRaftClusterWithNetty with group-7185FFAC6E45:[s0|rpc:localhost:43709|admin:localhost:36203|client:localhost:40257|dataStream:localhost:37603|priority:0|startupRole:FOLLOWER]
2023-08-28 07:17:08,563 [Time-limited test] INFO  impl.MiniRaftCluster (MiniRaftCluster.java:<init>(306)) - new MiniRaftClusterWithNetty with group-4EE41AE4E0BE:[s0|rpc:localhost:37243|admin:localhost:44181|client:localhost:41629|dataStream:localhost:37671|priority:0|startupRole:FOLLOWER, s1|rpc:localhost:38647|admin:localhost:43471|client:localhost:35611|dataStream:localhost:45453|priority:0|startupRole:FOLLOWER, s2|rpc:localhost:38515|admin:localhost:35203|client:localhost:36277|dataStream:localhost:34239|priority:0|startupRole:FOLLOWER]
2023-08-28 07:17:08,564 [Time-limited test] INFO  impl.MiniRaftCluster (MiniRaftCluster.java:start(339)) - .............................................................. 
2023-08-28 07:17:08,564 [Time-limited test] INFO  impl.MiniRaftCluster (MiniRaftCluster.java:start(340)) - ... 
2023-08-28 07:17:08,564 [Time-limited test] INFO  impl.MiniRaftCluster (MiniRaftCluster.java:start(341)) - ...     Starting MiniRaftClusterWithNetty
2023-08-28 07:17:08,564 [Time-limited test] INFO  impl.MiniRaftCluster (MiniRaftCluster.java:start(342)) - ... 
2023-08-28 07:17:08,564 [Time-limited test] INFO  impl.MiniRaftCluster (MiniRaftCluster.java:start(343)) - .............................................................. 
2023-08-28 07:17:08,564 [Time-limited test] INFO  impl.MiniRaftCluster (MiniRaftCluster.java:initServers(318)) - servers = {}
2023-08-28 07:17:08,577 [Time-limited test] INFO  impl.MiniRaftCluster (MiniRaftCluster.java:newRaftServer(382)) - newRaftServer: s0, group-7185FFAC6E45:[s0|rpc:localhost:43709|admin:localhost:36203|client:localhost:40257|dataStream:localhost:37603|priority:0|startupRole:FOLLOWER], format? true
2023-08-28 07:17:08,578 [Time-limited test] TRACE util.FileUtils (FileUtils.java:deleteFully(201)) - deleteFully target/test/data/c5bbf9cd/MiniRaftClusterWithNettyb02d808a/s0
2023-08-28 07:17:08,579 [Time-limited test] TRACE util.FileUtils (FileUtils.java:deleteFully(217)) - deleteFully: target/test/data/c5bbf9cd/MiniRaftClusterWithNettyb02d808a/s0 does not exist.
2023-08-28 07:17:08,579 [Time-limited test] INFO  impl.MiniRaftCluster (MiniRaftCluster.java:newRaftServer(387)) - Formatted directory target/test/data/c5bbf9cd/MiniRaftClusterWithNettyb02d808a/s0
2023-08-28 07:17:08,584 [Time-limited test] DEBUG server.RaftServer (ServerImplUtils.java:newRaftServer(51)) - newRaftServer: s0, group-7185FFAC6E45:[s0|rpc:localhost:43709|admin:localhost:36203|client:localhost:40257|dataStream:localhost:37603|priority:0|startupRole:FOLLOWER]
2023-08-28 07:17:08,594 [Time-limited test] INFO  server.RaftServer (ConfUtils.java:logGet(46)) - raft.rpc.type = NETTY (custom)
2023-08-28 07:17:08,663 [Time-limited test] INFO  netty.NettyConfigKeys$Server (ConfUtils.java:logGet(46)) - raft.netty.server.host = null (default)
2023-08-28 07:17:08,664 [Time-limited test] INFO  netty.NettyConfigKeys$Server (ConfUtils.java:logGet(46)) - raft.netty.server.port = 43709 (custom)
2023-08-28 07:17:08,667 [Time-limited test] INFO  impl.DataStreamServerImpl (ConfUtils.java:logGet(46)) - raft.datastream.type = DISABLED (default)
2023-08-28 07:17:08,681 [Time-limited test] INFO  server.RaftServerConfigKeys (ConfUtils.java:logGet(46)) - raft.server.threadpool.proxy.cached = true (default)
2023-08-28 07:17:08,681 [Time-limited test] INFO  server.RaftServerConfigKeys (ConfUtils.java:logGet(46)) - raft.server.threadpool.proxy.size = 0 (default)
2023-08-28 07:17:08,683 [Time-limited test] INFO  server.RaftServerConfigKeys (ConfUtils.java:logGet(46)) - raft.server.sleep.deviation.threshold = 300ms (default)
2023-08-28 07:17:08,683 [Time-limited test] INFO  server.RaftServerConfigKeys (ConfUtils.java:logGet(46)) - raft.server.rpc.slowness.timeout = 60s (default)
2023-08-28 07:17:08,684 [Time-limited test] INFO  server.RaftServerConfigKeys (ConfUtils.java:logGet(46)) - raft.server.leaderelection.leader.step-down.wait-time = 10s (default)
2023-08-28 07:17:08,687 [Time-limited test] INFO  server.RaftServerConfigKeys (ConfUtils.java:logGet(46)) - raft.server.storage.dir = [/home/runner/work/ratis/ratis/ratis-test/target/test/data/c5bbf9cd/MiniRaftClusterWithNettyb02d808a/s0] (custom)
2023-08-28 07:17:08,698 [Time-limited test] INFO  server.RaftServer (RaftServerProxy.java:addNew(99)) - s0: addNew group-7185FFAC6E45:[s0|rpc:localhost:43709|admin:localhost:36203|client:localhost:40257|dataStream:localhost:37603|priority:0|startupRole:FOLLOWER] returns group-7185FFAC6E45:java.util.concurrent.CompletableFuture@1a78375e[Not completed]
2023-08-28 07:17:08,728 [s0-groupManagement] INFO  server.RaftServer$Division (RaftServerImpl.java:<init>(250)) - s0: new RaftServerImpl for group-7185FFAC6E45:[s0|rpc:localhost:43709|admin:localhost:36203|client:localhost:40257|dataStream:localhost:37603|priority:0|startupRole:FOLLOWER] with BaseStateMachine:uninitialized
2023-08-28 07:17:08,731 [s0-groupManagement] INFO  server.RaftServerConfigKeys (ConfUtils.java:logGet(46)) - raft.server.rpc.timeout.min = 1500ms (custom)
2023-08-28 07:17:08,731 [s0-groupManagement] INFO  server.RaftServerConfigKeys (ConfUtils.java:logGet(46)) - raft.server.rpc.timeout.max = 2000ms (custom)
2023-08-28 07:17:08,732 [s0-groupManagement] INFO  server.RaftServerConfigKeys (ConfUtils.java:logGet(46)) - raft.server.rpc.sleep.time = 25ms (default)
2023-08-28 07:17:08,732 [s0-groupManagement] INFO  server.RaftServerConfigKeys (ConfUtils.java:logGet(46)) - raft.server.rpc.slowness.timeout = 60s (default)
2023-08-28 07:17:08,733 [s0-groupManagement] INFO  server.RaftServerConfigKeys (ConfUtils.java:logGet(46)) - raft.server.leaderelection.leader.step-down.wait-time = 10s (default)
2023-08-28 07:17:08,734 [s0-groupManagement] INFO  server.RaftServerConfigKeys (ConfUtils.java:logGet(46)) - raft.server.sleep.deviation.threshold = 300ms (default)
2023-08-28 07:17:08,740 [s0-groupManagement] INFO  server.RaftServer$Division (ServerState.java:<init>(113)) - s0@group-7185FFAC6E45: ConfigurationManager, init=-1: peers:[s0|rpc:localhost:43709|admin:localhost:36203|client:localhost:40257|dataStream:localhost:37603|priority:0|startupRole:FOLLOWER]|listeners:[], old=null, confs=<EMPTY_MAP>
2023-08-28 07:17:08,745 [s0-groupManagement] INFO  server.RaftServerConfigKeys (ConfUtils.java:logGet(46)) - raft.server.notification.no-leader.timeout = 60s (default)
2023-08-28 07:17:08,748 [s0-groupManagement] INFO  server.RaftServerConfigKeys (ConfUtils.java:logGet(46)) - raft.server.read.timeout = 10s (default)
2023-08-28 07:17:08,751 [s0-groupManagement] INFO  server.RaftServerConfigKeys (ConfUtils.java:logGet(46)) - raft.server.retrycache.expirytime = 60s (default)
2023-08-28 07:17:08,751 [s0-groupManagement] INFO  server.RaftServerConfigKeys (ConfUtils.java:logGet(46)) - raft.server.retrycache.statistics.expirytime = 100μs (default)
2023-08-28 07:17:08,775 [s0-groupManagement] INFO  server.RaftServerConfigKeys (ConfUtils.java:logGet(46)) - raft.server.read.option = DEFAULT (default)
2023-08-28 07:17:08,781 [s0-groupManagement] INFO  metrics.MetricRegistries (MetricRegistriesLoader.java:load(64)) - Loaded MetricRegistries class org.apache.ratis.metrics.impl.MetricRegistriesImpl
2023-08-28 07:17:08,877 [s0-groupManagement] INFO  server.RaftServerConfigKeys (ConfUtils.java:logGet(46)) - raft.server.rpc.request.timeout = 3000ms (default)
2023-08-28 07:17:08,879 [s0-groupManagement] INFO  server.RaftServerConfigKeys (ConfUtils.java:logGet(46)) - raft.server.log.appender.install.snapshot.enabled = true (default)
2023-08-28 07:17:08,880 [s0-groupManagement] INFO  server.RaftServerConfigKeys (ConfUtils.java:logGet(46)) - raft.server.threadpool.server.cached = true (default)
2023-08-28 07:17:08,880 [s0-groupManagement] INFO  server.RaftServerConfigKeys (ConfUtils.java:logGet(46)) - raft.server.threadpool.server.size = 0 (default)
2023-08-28 07:17:08,880 [s0-groupManagement] INFO  server.RaftServerConfigKeys (ConfUtils.java:logGet(46)) - raft.server.threadpool.client.cached = true (default)
2023-08-28 07:17:08,881 [s0-groupManagement] INFO  server.RaftServerConfigKeys (ConfUtils.java:logGet(46)) - raft.server.threadpool.client.size = 0 (default)
2023-08-28 07:17:08,882 [s0-impl-thread1] INFO  server.RaftServerConfigKeys (ConfUtils.java:logGet(46)) - raft.server.storage.free-space.min = 0MB (=0) (default)
2023-08-28 07:17:08,884 [s0-impl-thread1] INFO  server.RaftServerConfigKeys (ConfUtils.java:logGet(46)) - raft.server.log.corruption.policy = EXCEPTION (default)
2023-08-28 07:17:08,884 [s0-impl-thread1] INFO  server.RaftServerConfigKeys (ConfUtils.java:logGet(46)) - raft.server.storage.dir = [/home/runner/work/ratis/ratis/ratis-test/target/test/data/c5bbf9cd/MiniRaftClusterWithNettyb02d808a/s0] (custom)
2023-08-28 07:17:08,894 [s0-impl-thread1] INFO  storage.RaftStorageDirectory (RaftStorageDirectoryImpl.java:analyzeStorage(138)) - The storage directory /home/runner/work/ratis/ratis/ratis-test/target/test/data/c5bbf9cd/MiniRaftClusterWithNettyb02d808a/s0/c7330a30-b204-4427-b0ab-7185ffac6e45 does not exist. Creating ...
2023-08-28 07:17:08,895 [s0-impl-thread1] TRACE util.FileUtils (LogUtils.java:runAndLog(49)) - Successfully ran Files.createDirectories /home/runner/work/ratis/ratis/ratis-test/target/test/data/c5bbf9cd/MiniRaftClusterWithNettyb02d808a/s0/c7330a30-b204-4427-b0ab-7185ffac6e45
2023-08-28 07:17:08,901 [s0-impl-thread1] INFO  storage.RaftStorageDirectory (RaftStorageDirectoryImpl.java:tryLock(232)) - Lock on /home/runner/work/ratis/ratis/ratis-test/target/test/data/c5bbf9cd/MiniRaftClusterWithNettyb02d808a/s0/c7330a30-b204-4427-b0ab-7185ffac6e45/in_use.lock acquired by nodename 7908@fv-az1033-516
2023-08-28 07:17:08,901 [s0-impl-thread1] TRACE util.FileUtils (LogUtils.java:runAndLog(49)) - Successfully ran Files.createDirectories /home/runner/work/ratis/ratis/ratis-test/target/test/data/c5bbf9cd/MiniRaftClusterWithNettyb02d808a/s0/c7330a30-b204-4427-b0ab-7185ffac6e45/current
2023-08-28 07:17:08,902 [s0-impl-thread1] TRACE util.FileUtils (LogUtils.java:runAndLog(49)) - Successfully ran Files.createDirectories /home/runner/work/ratis/ratis/ratis-test/target/test/data/c5bbf9cd/MiniRaftClusterWithNettyb02d808a/s0/c7330a30-b204-4427-b0ab-7185ffac6e45/sm
2023-08-28 07:17:08,934 [s0-impl-thread1] INFO  storage.RaftStorage (RaftStorageImpl.java:format(97)) - Storage directory /home/runner/work/ratis/ratis/ratis-test/target/test/data/c5bbf9cd/MiniRaftClusterWithNettyb02d808a/s0/c7330a30-b204-4427-b0ab-7185ffac6e45 has been successfully formatted.
2023-08-28 07:17:08,942 [s0-impl-thread1] INFO  server.RaftServerConfigKeys (ConfUtils.java:logGet(46)) - raft.server.log.use.memory = false (default)
2023-08-28 07:17:08,948 [s0-impl-thread1] INFO  server.RaftServerConfigKeys (ConfUtils.java:logGet(46)) - raft.server.log.purge.gap = 1024 (default)
2023-08-28 07:17:08,948 [s0-impl-thread1] INFO  server.RaftServerConfigKeys (ConfUtils.java:logGet(46)) - raft.server.log.appender.buffer.byte-limit = 4MB (=4194304) (default)
2023-08-28 07:17:08,949 [s0-impl-thread1] INFO  server.RaftServerConfigKeys (ConfUtils.java:logGet(46)) - raft.server.log.statemachine.data.read.timeout = 1000ms (default)
2023-08-28 07:17:08,950 [s0-impl-thread1] INFO  server.RaftServerConfigKeys (ConfUtils.java:logGet(46)) - raft.server.log.purge.preservation.log.num = 0 (default)
2023-08-28 07:17:08,952 [s0-impl-thread1] INFO  server.RaftServerConfigKeys (ConfUtils.java:logGet(46)) - raft.server.log.segment.size.max = 8MB (=8388608) (default)
2023-08-28 07:17:08,956 [s0-impl-thread1] INFO  server.RaftServerConfigKeys (ConfUtils.java:logGet(46)) - raft.server.log.segment.cache.num.max = 6 (default)
2023-08-28 07:17:08,956 [s0-impl-thread1] INFO  server.RaftServerConfigKeys (ConfUtils.java:logGet(46)) - raft.server.log.segment.cache.size.max = 200MB (=209715200) (default)
2023-08-28 07:17:08,956 [s0-impl-thread1] INFO  server.RaftServerConfigKeys (ConfUtils.java:logGet(46)) - raft.server.log.appender.buffer.byte-limit = 4MB (=4194304) (default)
2023-08-28 07:17:08,959 [s0-impl-thread1] INFO  segmented.SegmentedRaftLogWorker (SegmentedRaftLogWorker.java:<init>(183)) - new s0@group-7185FFAC6E45-SegmentedRaftLogWorker for RaftStorageImpl:Storage Directory /home/runner/work/ratis/ratis/ratis-test/target/test/data/c5bbf9cd/MiniRaftClusterWithNettyb02d808a/s0/c7330a30-b204-4427-b0ab-7185ffac6e45
2023-08-28 07:17:08,959 [s0-impl-thread1] INFO  server.RaftServerConfigKeys (ConfUtils.java:logGet(46)) - raft.server.log.queue.byte-limit = 64MB (=67108864) (default)
2023-08-28 07:17:08,960 [s0-impl-thread1] INFO  server.RaftServerConfigKeys (ConfUtils.java:logGet(46)) - raft.server.log.queue.element-limit = 4096 (default)
2023-08-28 07:17:08,961 [s0-impl-thread1] INFO  server.RaftServerConfigKeys (ConfUtils.java:logGet(46)) - raft.server.log.segment.size.max = 8MB (=8388608) (default)
2023-08-28 07:17:08,961 [s0-impl-thread1] INFO  server.RaftServerConfigKeys (ConfUtils.java:logGet(46)) - raft.server.log.preallocated.size = 4MB (=4194304) (default)
2023-08-28 07:17:08,961 [s0-impl-thread1] INFO  server.RaftServerConfigKeys (ConfUtils.java:logGet(46)) - raft.server.log.force.sync.num = 128 (default)
2023-08-28 07:17:08,962 [s0-impl-thread1] INFO  server.RaftServerConfigKeys (ConfUtils.java:logGet(46)) - raft.server.log.statemachine.data.sync = true (default)
2023-08-28 07:17:08,962 [s0-impl-thread1] INFO  server.RaftServerConfigKeys (ConfUtils.java:logGet(46)) - raft.server.log.statemachine.data.sync.timeout = 10s (default)
2023-08-28 07:17:08,963 [s0-impl-thread1] INFO  server.RaftServerConfigKeys (ConfUtils.java:logGet(46)) - raft.server.log.statemachine.data.sync.timeout.retry = -1 (default)
2023-08-28 07:17:08,964 [s0-impl-thread1] INFO  server.RaftServerConfigKeys (ConfUtils.java:logGet(46)) - raft.server.log.write.buffer.size = 64KB (=65536) (default)
2023-08-28 07:17:08,964 [s0-impl-thread1] INFO  server.RaftServerConfigKeys (ConfUtils.java:logGet(46)) - raft.server.log.appender.buffer.byte-limit = 4MB (=4194304) (default)
2023-08-28 07:17:08,965 [s0-impl-thread1] INFO  server.RaftServerConfigKeys (ConfUtils.java:logGet(46)) - raft.server.log.unsafe-flush.enabled = false (default)
2023-08-28 07:17:08,966 [s0-impl-thread1] INFO  server.RaftServerConfigKeys (ConfUtils.java:logGet(46)) - raft.server.log.async-flush.enabled = false (default)
2023-08-28 07:17:08,966 [s0-impl-thread1] INFO  server.RaftServerConfigKeys (ConfUtils.java:logGet(46)) - raft.server.log.statemachine.data.caching.enabled = false (default)
2023-08-28 07:17:08,971 [s0-impl-thread1] INFO  segmented.SegmentedRaftLogWorker (SegmentedRaftLogWorker.java:lambda$new$0(134)) - s0@group-7185FFAC6E45-SegmentedRaftLogWorker: flushIndex: setUnconditionally 0 -> -1
2023-08-28 07:17:08,971 [s0-impl-thread1] INFO  segmented.SegmentedRaftLogWorker (SegmentedRaftLogWorker.java:lambda$new$0(134)) - s0@group-7185FFAC6E45-SegmentedRaftLogWorker: safeCacheEvictIndex: setUnconditionally 0 -> -1
2023-08-28 07:17:08,986 [s0-impl-thread1] INFO  server.RaftServer$Division (RaftServerImpl.java:start(384)) - s0@group-7185FFAC6E45: start as a follower, conf=-1: peers:[s0|rpc:localhost:43709|admin:localhost:36203|client:localhost:40257|dataStream:localhost:37603|priority:0|startupRole:FOLLOWER]|listeners:[], old=null
2023-08-28 07:17:08,993 [s0-impl-thread1] INFO  server.RaftServer$Division (RaftServerImpl.java:setRole(371)) - s0@group-7185FFAC6E45: changes role from      null to FOLLOWER at term 0 for startAsFollower
2023-08-28 07:17:08,994 [s0-impl-thread1] INFO  impl.RoleInfo (RoleInfo.java:updateAndGet(138)) - s0: start s0@group-7185FFAC6E45-FollowerState
2023-08-28 07:17:09,002 [s0@group-7185FFAC6E45-FollowerState] INFO  server.RaftServerConfigKeys (ConfUtils.java:logFallback(53)) - raft.server.rpc.first-election.timeout.min = 1500ms (fallback to raft.server.rpc.timeout.min)
2023-08-28 07:17:09,003 [s0@group-7185FFAC6E45-FollowerState] INFO  server.RaftServerConfigKeys (ConfUtils.java:logFallback(53)) - raft.server.rpc.first-election.timeout.max = 2000ms (fallback to raft.server.rpc.timeout.max)
2023-08-28 07:17:09,004 [s0-impl-thread1] INFO  util.JmxRegister (JmxRegister.java:tryRegister(44)) - Successfully registered JMX Bean with object name Ratis:service=RaftServer,group=group-7185FFAC6E45,id=s0
2023-08-28 07:17:09,005 [s0-impl-thread1] INFO  server.RaftServerConfigKeys (ConfUtils.java:logGet(46)) - raft.server.snapshot.trigger-when-stop.enabled = true (default)
2023-08-28 07:17:09,006 [s0-impl-thread1] INFO  server.RaftServerConfigKeys (ConfUtils.java:logGet(46)) - raft.server.snapshot.auto.trigger.enabled = false (default)
2023-08-28 07:17:09,006 [s0-impl-thread1] INFO  server.RaftServerConfigKeys (ConfUtils.java:logGet(46)) - raft.server.snapshot.retention.file.num = -1 (default)
2023-08-28 07:17:09,007 [s0-impl-thread1] INFO  server.RaftServerConfigKeys (ConfUtils.java:logGet(46)) - raft.server.log.purge.upto.snapshot.index = false (default)
2023-08-28 07:17:09,010 [Time-limited test] INFO  server.RaftServer (RaftServerProxy.java:startImpl(404)) - s0: start RPC server
2023-08-28 07:17:09,088 [nioEventLoopGroup-2-1] INFO  logging.LoggingHandler (AbstractInternalLogger.java:log(148)) - [id: 0xec934b7b] REGISTERED
2023-08-28 07:17:09,090 [nioEventLoopGroup-2-1] INFO  logging.LoggingHandler (AbstractInternalLogger.java:log(148)) - [id: 0xec934b7b] BIND: 0.0.0.0/0.0.0.0:43709
2023-08-28 07:17:09,094 [nioEventLoopGroup-2-1] INFO  logging.LoggingHandler (AbstractInternalLogger.java:log(148)) - [id: 0xec934b7b, L:/0.0.0.0:43709] ACTIVE
2023-08-28 07:17:09,095 [JvmPauseMonitor0] INFO  util.JvmPauseMonitor (JvmPauseMonitor.java:run(146)) - JvmPauseMonitor-s0: Started
2023-08-28 07:17:09,100 [Time-limited test] DEBUG client.RaftClient (ConfUtils.java:logGet(46)) - raft.rpc.type = NETTY (custom)
2023-08-28 07:17:09,156 [nioEventLoopGroup-2-1] INFO  logging.LoggingHandler (AbstractInternalLogger.java:log(148)) - [id: 0xec934b7b, L:/0.0.0.0:43709] READ: [id: 0x79fd38d4, L:/127.0.0.1:43709 - R:/127.0.0.1:52422]
2023-08-28 07:17:09,166 [nioEventLoopGroup-2-1] INFO  logging.LoggingHandler (AbstractInternalLogger.java:log(148)) - [id: 0xec934b7b, L:/0.0.0.0:43709] READ COMPLETE
2023-08-28 07:17:09,214 [s0-groupManagement] INFO  server.RaftServer$Division (RaftServerImpl.java:<init>(250)) - s0: new RaftServerImpl for group-4EE41AE4E0BE:[s0|rpc:0.0.0.0:43709|dataStream:|priority:0|startupRole:FOLLOWER] with BaseStateMachine:uninitialized
2023-08-28 07:17:09,214 [s0-groupManagement] INFO  server.RaftServerConfigKeys (ConfUtils.java:logGet(46)) - raft.server.rpc.timeout.min = 1500ms (custom)
2023-08-28 07:17:09,215 [s0-groupManagement] INFO  server.RaftServerConfigKeys (ConfUtils.java:logGet(46)) - raft.server.rpc.timeout.max = 2000ms (custom)
2023-08-28 07:17:09,215 [s0-groupManagement] INFO  server.RaftServerConfigKeys (ConfUtils.java:logGet(46)) - raft.server.rpc.sleep.time = 25ms (default)
2023-08-28 07:17:09,215 [s0-groupManagement] INFO  server.RaftServerConfigKeys (ConfUtils.java:logGet(46)) - raft.server.rpc.slowness.timeout = 60s (default)
2023-08-28 07:17:09,215 [s0-groupManagement] INFO  server.RaftServerConfigKeys (ConfUtils.java:logGet(46)) - raft.server.leaderelection.leader.step-down.wait-time = 10s (default)
2023-08-28 07:17:09,215 [s0-groupManagement] INFO  server.RaftServerConfigKeys (ConfUtils.java:logGet(46)) - raft.server.sleep.deviation.threshold = 300ms (default)
2023-08-28 07:17:09,215 [s0-groupManagement] INFO  server.RaftServer$Division (ServerState.java:<init>(113)) - s0@group-4EE41AE4E0BE: ConfigurationManager, init=-1: peers:[s0|rpc:0.0.0.0:43709|dataStream:|priority:0|startupRole:FOLLOWER]|listeners:[], old=null, confs=<EMPTY_MAP>
2023-08-28 07:17:09,215 [s0-groupManagement] INFO  server.RaftServerConfigKeys (ConfUtils.java:logGet(46)) - raft.server.notification.no-leader.timeout = 60s (default)
2023-08-28 07:17:09,216 [s0-groupManagement] INFO  server.RaftServerConfigKeys (ConfUtils.java:logGet(46)) - raft.server.read.timeout = 10s (default)
2023-08-28 07:17:09,216 [s0-groupManagement] INFO  server.RaftServerConfigKeys (ConfUtils.java:logGet(46)) - raft.server.retrycache.expirytime = 60s (default)
2023-08-28 07:17:09,216 [s0-groupManagement] INFO  server.RaftServerConfigKeys (ConfUtils.java:logGet(46)) - raft.server.retrycache.statistics.expirytime = 100μs (default)
2023-08-28 07:17:09,216 [s0-groupManagement] INFO  server.RaftServerConfigKeys (ConfUtils.java:logGet(46)) - raft.server.read.option = DEFAULT (default)
2023-08-28 07:17:09,218 [s0-groupManagement] INFO  server.RaftServerConfigKeys (ConfUtils.java:logGet(46)) - raft.server.rpc.request.timeout = 3000ms (default)
2023-08-28 07:17:09,218 [s0-groupManagement] INFO  server.RaftServerConfigKeys (ConfUtils.java:logGet(46)) - raft.server.log.appender.install.snapshot.enabled = true (default)
2023-08-28 07:17:09,219 [s0-groupManagement] INFO  server.RaftServerConfigKeys (ConfUtils.java:logGet(46)) - raft.server.threadpool.server.cached = true (default)
2023-08-28 07:17:09,219 [s0-groupManagement] INFO  server.RaftServerConfigKeys (ConfUtils.java:logGet(46)) - raft.server.threadpool.server.size = 0 (default)
2023-08-28 07:17:09,219 [s0-groupManagement] INFO  server.RaftServerConfigKeys (ConfUtils.java:logGet(46)) - raft.server.threadpool.client.cached = true (default)
2023-08-28 07:17:09,219 [s0-groupManagement] INFO  server.RaftServerConfigKeys (ConfUtils.java:logGet(46)) - raft.server.threadpool.client.size = 0 (default)
2023-08-28 07:17:09,219 [nioEventLoopGroup-3-1] INFO  server.RaftServer (RaftServerProxy.java:addNew(99)) - s0: addNew group-4EE41AE4E0BE:[s0|rpc:0.0.0.0:43709|dataStream:|priority:0|startupRole:FOLLOWER] returns      null s0@group-4EE41AE4E0BE:t0, leader=null, voted=null, raftlog=UNINITIALIZED, conf=-1: peers:[s0|rpc:0.0.0.0:43709|dataStream:|priority:0|startupRole:FOLLOWER]|listeners:[], old=null NEW
2023-08-28 07:17:09,220 [s0-groupManagement] DEBUG server.RaftServer (RaftServerProxy.java:lambda$groupAddAsync$11(505)) - s0: newImpl =      null s0@group-4EE41AE4E0BE:t0, leader=null, voted=null, raftlog=UNINITIALIZED, conf=-1: peers:[s0|rpc:0.0.0.0:43709|dataStream:|priority:0|startupRole:FOLLOWER]|listeners:[], old=null NEW
2023-08-28 07:17:09,220 [s0-groupManagement] INFO  server.RaftServerConfigKeys (ConfUtils.java:logGet(46)) - raft.server.storage.free-space.min = 0MB (=0) (default)
2023-08-28 07:17:09,221 [s0-groupManagement] INFO  server.RaftServerConfigKeys (ConfUtils.java:logGet(46)) - raft.server.log.corruption.policy = EXCEPTION (default)
2023-08-28 07:17:09,221 [s0-groupManagement] INFO  server.RaftServerConfigKeys (ConfUtils.java:logGet(46)) - raft.server.storage.dir = [/home/runner/work/ratis/ratis/ratis-test/target/test/data/c5bbf9cd/MiniRaftClusterWithNettyb02d808a/s0] (custom)
2023-08-28 07:17:09,221 [s0-groupManagement] INFO  storage.RaftStorageDirectory (RaftStorageDirectoryImpl.java:analyzeStorage(138)) - The storage directory /home/runner/work/ratis/ratis/ratis-test/target/test/data/c5bbf9cd/MiniRaftClusterWithNettyb02d808a/s0/a3173237-cfb4-4e10-84ba-4ee41ae4e0be does not exist. Creating ...
2023-08-28 07:17:09,221 [s0-groupManagement] TRACE util.FileUtils (LogUtils.java:runAndLog(49)) - Successfully ran Files.createDirectories /home/runner/work/ratis/ratis/ratis-test/target/test/data/c5bbf9cd/MiniRaftClusterWithNettyb02d808a/s0/a3173237-cfb4-4e10-84ba-4ee41ae4e0be
2023-08-28 07:17:09,223 [s0-groupManagement] INFO  storage.RaftStorageDirectory (RaftStorageDirectoryImpl.java:tryLock(232)) - Lock on /home/runner/work/ratis/ratis/ratis-test/target/test/data/c5bbf9cd/MiniRaftClusterWithNettyb02d808a/s0/a3173237-cfb4-4e10-84ba-4ee41ae4e0be/in_use.lock acquired by nodename 7908@fv-az1033-516
2023-08-28 07:17:09,223 [s0-groupManagement] TRACE util.FileUtils (LogUtils.java:runAndLog(49)) - Successfully ran Files.createDirectories /home/runner/work/ratis/ratis/ratis-test/target/test/data/c5bbf9cd/MiniRaftClusterWithNettyb02d808a/s0/a3173237-cfb4-4e10-84ba-4ee41ae4e0be/current
2023-08-28 07:17:09,223 [s0-groupManagement] TRACE util.FileUtils (LogUtils.java:runAndLog(49)) - Successfully ran Files.createDirectories /home/runner/work/ratis/ratis/ratis-test/target/test/data/c5bbf9cd/MiniRaftClusterWithNettyb02d808a/s0/a3173237-cfb4-4e10-84ba-4ee41ae4e0be/sm
2023-08-28 07:17:09,224 [s0-groupManagement] INFO  storage.RaftStorage (RaftStorageImpl.java:format(97)) - Storage directory /home/runner/work/ratis/ratis/ratis-test/target/test/data/c5bbf9cd/MiniRaftClusterWithNettyb02d808a/s0/a3173237-cfb4-4e10-84ba-4ee41ae4e0be has been successfully formatted.
2023-08-28 07:17:09,226 [s0-groupManagement] INFO  server.RaftServerConfigKeys (ConfUtils.java:logGet(46)) - raft.server.log.use.memory = false (default)
2023-08-28 07:17:09,226 [s0-groupManagement] INFO  server.RaftServerConfigKeys (ConfUtils.java:logGet(46)) - raft.server.log.purge.gap = 1024 (default)
2023-08-28 07:17:09,227 [s0-groupManagement] INFO  server.RaftServerConfigKeys (ConfUtils.java:logGet(46)) - raft.server.log.appender.buffer.byte-limit = 4MB (=4194304) (default)
2023-08-28 07:17:09,227 [s0-groupManagement] INFO  server.RaftServerConfigKeys (ConfUtils.java:logGet(46)) - raft.server.log.statemachine.data.read.timeout = 1000ms (default)
2023-08-28 07:17:09,227 [s0-groupManagement] INFO  server.RaftServerConfigKeys (ConfUtils.java:logGet(46)) - raft.server.log.purge.preservation.log.num = 0 (default)
2023-08-28 07:17:09,228 [s0-groupManagement] INFO  server.RaftServerConfigKeys (ConfUtils.java:logGet(46)) - raft.server.log.segment.size.max = 8MB (=8388608) (default)
2023-08-28 07:17:09,229 [s0-groupManagement] INFO  server.RaftServerConfigKeys (ConfUtils.java:logGet(46)) - raft.server.log.segment.cache.num.max = 6 (default)
2023-08-28 07:17:09,229 [s0-groupManagement] INFO  server.RaftServerConfigKeys (ConfUtils.java:logGet(46)) - raft.server.log.segment.cache.size.max = 200MB (=209715200) (default)
2023-08-28 07:17:09,229 [s0-groupManagement] INFO  server.RaftServerConfigKeys (ConfUtils.java:logGet(46)) - raft.server.log.appender.buffer.byte-limit = 4MB (=4194304) (default)
2023-08-28 07:17:09,229 [s0-groupManagement] INFO  segmented.SegmentedRaftLogWorker (SegmentedRaftLogWorker.java:<init>(183)) - new s0@group-4EE41AE4E0BE-SegmentedRaftLogWorker for RaftStorageImpl:Storage Directory /home/runner/work/ratis/ratis/ratis-test/target/test/data/c5bbf9cd/MiniRaftClusterWithNettyb02d808a/s0/a3173237-cfb4-4e10-84ba-4ee41ae4e0be
2023-08-28 07:17:09,232 [s0-groupManagement] INFO  server.RaftServerConfigKeys (ConfUtils.java:logGet(46)) - raft.server.log.queue.byte-limit = 64MB (=67108864) (default)
2023-08-28 07:17:09,232 [s0-groupManagement] INFO  server.RaftServerConfigKeys (ConfUtils.java:logGet(46)) - raft.server.log.queue.element-limit = 4096 (default)
2023-08-28 07:17:09,232 [s0-groupManagement] INFO  server.RaftServerConfigKeys (ConfUtils.java:logGet(46)) - raft.server.log.segment.size.max = 8MB (=8388608) (default)
2023-08-28 07:17:09,232 [s0-groupManagement] INFO  server.RaftServerConfigKeys (ConfUtils.java:logGet(46)) - raft.server.log.preallocated.size = 4MB (=4194304) (default)
2023-08-28 07:17:09,232 [s0-groupManagement] INFO  server.RaftServerConfigKeys (ConfUtils.java:logGet(46)) - raft.server.log.force.sync.num = 128 (default)
2023-08-28 07:17:09,232 [s0-groupManagement] INFO  server.RaftServerConfigKeys (ConfUtils.java:logGet(46)) - raft.server.log.statemachine.data.sync = true (default)
2023-08-28 07:17:09,232 [s0-groupManagement] INFO  server.RaftServerConfigKeys (ConfUtils.java:logGet(46)) - raft.server.log.statemachine.data.sync.timeout = 10s (default)
2023-08-28 07:17:09,232 [s0-groupManagement] INFO  server.RaftServerConfigKeys (ConfUtils.java:logGet(46)) - raft.server.log.statemachine.data.sync.timeout.retry = -1 (default)
2023-08-28 07:17:09,233 [s0-groupManagement] INFO  server.RaftServerConfigKeys (ConfUtils.java:logGet(46)) - raft.server.log.write.buffer.size = 64KB (=65536) (default)
2023-08-28 07:17:09,233 [s0-groupManagement] INFO  server.RaftServerConfigKeys (ConfUtils.java:logGet(46)) - raft.server.log.appender.buffer.byte-limit = 4MB (=4194304) (default)
2023-08-28 07:17:09,234 [s0-groupManagement] INFO  server.RaftServerConfigKeys (ConfUtils.java:logGet(46)) - raft.server.log.unsafe-flush.enabled = false (default)
2023-08-28 07:17:09,234 [s0-groupManagement] INFO  server.RaftServerConfigKeys (ConfUtils.java:logGet(46)) - raft.server.log.async-flush.enabled = false (default)
2023-08-28 07:17:09,234 [s0-groupManagement] INFO  server.RaftServerConfigKeys (ConfUtils.java:logGet(46)) - raft.server.log.statemachine.data.caching.enabled = false (default)
2023-08-28 07:17:09,235 [s0-groupManagement] INFO  segmented.SegmentedRaftLogWorker (SegmentedRaftLogWorker.java:lambda$new$0(134)) - s0@group-4EE41AE4E0BE-SegmentedRaftLogWorker: flushIndex: setUnconditionally 0 -> -1
2023-08-28 07:17:09,235 [s0-groupManagement] INFO  segmented.SegmentedRaftLogWorker (SegmentedRaftLogWorker.java:lambda$new$0(134)) - s0@group-4EE41AE4E0BE-SegmentedRaftLogWorker: safeCacheEvictIndex: setUnconditionally 0 -> -1
2023-08-28 07:17:09,242 [s0-groupManagement] INFO  server.RaftServer$Division (RaftServerImpl.java:start(384)) - s0@group-4EE41AE4E0BE: start as a follower, conf=-1: peers:[s0|rpc:0.0.0.0:43709|dataStream:|priority:0|startupRole:FOLLOWER]|listeners:[], old=null
2023-08-28 07:17:09,243 [s0-groupManagement] INFO  server.RaftServer$Division (RaftServerImpl.java:setRole(371)) - s0@group-4EE41AE4E0BE: changes role from      null to FOLLOWER at term 0 for startAsFollower
2023-08-28 07:17:09,243 [s0-groupManagement] INFO  impl.RoleInfo (RoleInfo.java:updateAndGet(138)) - s0: start s0@group-4EE41AE4E0BE-FollowerState
2023-08-28 07:17:09,244 [s0-groupManagement] INFO  util.JmxRegister (JmxRegister.java:tryRegister(44)) - Successfully registered JMX Bean with object name Ratis:service=RaftServer,group=group-4EE41AE4E0BE,id=s0
2023-08-28 07:17:09,244 [s0-groupManagement] INFO  server.RaftServerConfigKeys (ConfUtils.java:logGet(46)) - raft.server.snapshot.trigger-when-stop.enabled = true (default)
2023-08-28 07:17:09,244 [s0-groupManagement] INFO  server.RaftServerConfigKeys (ConfUtils.java:logGet(46)) - raft.server.snapshot.auto.trigger.enabled = false (default)
2023-08-28 07:17:09,244 [s0-groupManagement] INFO  server.RaftServerConfigKeys (ConfUtils.java:logGet(46)) - raft.server.snapshot.retention.file.num = -1 (default)
2023-08-28 07:17:09,244 [s0-groupManagement] INFO  server.RaftServerConfigKeys (ConfUtils.java:logGet(46)) - raft.server.log.purge.upto.snapshot.index = false (default)
2023-08-28 07:17:09,246 [s0@group-4EE41AE4E0BE-FollowerState] INFO  server.RaftServerConfigKeys (ConfUtils.java:logFallback(53)) - raft.server.rpc.first-election.timeout.min = 1500ms (fallback to raft.server.rpc.timeout.min)
2023-08-28 07:17:09,246 [s0@group-4EE41AE4E0BE-FollowerState] INFO  server.RaftServerConfigKeys (ConfUtils.java:logFallback(53)) - raft.server.rpc.first-election.timeout.max = 2000ms (fallback to raft.server.rpc.timeout.max)
2023-08-28 07:17:09,277 [nioEventLoopGroup-3-1] INFO  server.RaftServer (RaftServerProxy.java:remove(110)) - s0: remove  FOLLOWER s0@group-4EE41AE4E0BE:t0, leader=null, voted=, raftlog=Memoized:s0@group-4EE41AE4E0BE-SegmentedRaftLog:OPENED:c-1, conf=-1: peers:[s0|rpc:0.0.0.0:43709|dataStream:|priority:0|startupRole:FOLLOWER]|listeners:[], old=null RUNNING
2023-08-28 07:17:09,279 [nioEventLoopGroup-3-1] INFO  server.RaftServer$Division (RaftServerImpl.java:lambda$close$3(508)) - s0@group-4EE41AE4E0BE: shutdown
2023-08-28 07:17:09,279 [nioEventLoopGroup-3-1] INFO  util.JmxRegister (JmxRegister.java:unregister(73)) - Successfully un-registered JMX Bean with object name Ratis:service=RaftServer,group=group-4EE41AE4E0BE,id=s0
2023-08-28 07:17:09,279 [nioEventLoopGroup-3-1] INFO  impl.RoleInfo (RoleInfo.java:shutdownFollowerState(109)) - s0: shutdown s0@group-4EE41AE4E0BE-FollowerState
2023-08-28 07:17:09,280 [s0@group-4EE41AE4E0BE-FollowerState] INFO  impl.FollowerState (FollowerState.java:run(152)) - s0@group-4EE41AE4E0BE-FollowerState was interrupted
2023-08-28 07:17:09,280 [nioEventLoopGroup-3-1] INFO  impl.StateMachineUpdater (StateMachineUpdater.java:stopAndJoin(157)) - s0@group-4EE41AE4E0BE-StateMachineUpdater: set stopIndex = -1
2023-08-28 07:17:09,282 [nioEventLoopGroup-3-1] INFO  server.RaftServer$Division (ServerState.java:close(415)) - s0@group-4EE41AE4E0BE: applyIndex: -1
2023-08-28 07:17:10,242 [nioEventLoopGroup-3-1] INFO  segmented.SegmentedRaftLogWorker (SegmentedRaftLogWorker.java:close(242)) - s0@group-4EE41AE4E0BE-SegmentedRaftLogWorker close()
2023-08-28 07:17:10,246 [nioEventLoopGroup-3-1] TRACE util.FileUtils (FileUtils.java:deleteFully(201)) - deleteFully /home/runner/work/ratis/ratis/ratis-test/target/test/data/c5bbf9cd/MiniRaftClusterWithNettyb02d808a/s0/a3173237-cfb4-4e10-84ba-4ee41ae4e0be
2023-08-28 07:17:10,248 [nioEventLoopGroup-3-1] TRACE util.FileUtils (LogUtils.java:runAndLog(49)) - Successfully ran Files.delete /home/runner/work/ratis/ratis/ratis-test/target/test/data/c5bbf9cd/MiniRaftClusterWithNettyb02d808a/s0/a3173237-cfb4-4e10-84ba-4ee41ae4e0be/in_use.lock
2023-08-28 07:17:10,248 [nioEventLoopGroup-3-1] TRACE util.FileUtils (LogUtils.java:runAndLog(49)) - Successfully ran Files.delete /home/runner/work/ratis/ratis/ratis-test/target/test/data/c5bbf9cd/MiniRaftClusterWithNettyb02d808a/s0/a3173237-cfb4-4e10-84ba-4ee41ae4e0be/current/raft-meta
2023-08-28 07:17:10,249 [nioEventLoopGroup-3-1] TRACE util.FileUtils (LogUtils.java:runAndLog(49)) - Successfully ran Files.delete /home/runner/work/ratis/ratis/ratis-test/target/test/data/c5bbf9cd/MiniRaftClusterWithNettyb02d808a/s0/a3173237-cfb4-4e10-84ba-4ee41ae4e0be/current
2023-08-28 07:17:10,249 [nioEventLoopGroup-3-1] TRACE util.FileUtils (LogUtils.java:runAndLog(49)) - Successfully ran Files.delete /home/runner/work/ratis/ratis/ratis-test/target/test/data/c5bbf9cd/MiniRaftClusterWithNettyb02d808a/s0/a3173237-cfb4-4e10-84ba-4ee41ae4e0be/sm
2023-08-28 07:17:10,249 [nioEventLoopGroup-3-1] TRACE util.FileUtils (LogUtils.java:runAndLog(49)) - Successfully ran Files.delete /home/runner/work/ratis/ratis/ratis-test/target/test/data/c5bbf9cd/MiniRaftClusterWithNettyb02d808a/s0/a3173237-cfb4-4e10-84ba-4ee41ae4e0be
2023-08-28 07:17:10,249 [nioEventLoopGroup-3-1] INFO  server.RaftServer$Division (RaftServerImpl.java:groupRemove(478)) - s0@group-4EE41AE4E0BE: Succeed to remove RaftStorageDirectory Storage Directory /home/runner/work/ratis/ratis/ratis-test/target/test/data/c5bbf9cd/MiniRaftClusterWithNettyb02d808a/s0/a3173237-cfb4-4e10-84ba-4ee41ae4e0be
2023-08-28 07:17:10,250 [Time-limited test] INFO  impl.MiniRaftCluster (MiniRaftCluster.java:shutdown(831)) - ************************************************************** 
2023-08-28 07:17:10,250 [Time-limited test] INFO  impl.MiniRaftCluster (MiniRaftCluster.java:shutdown(832)) - *** 
2023-08-28 07:17:10,250 [Time-limited test] INFO  impl.MiniRaftCluster (MiniRaftCluster.java:shutdown(833)) - ***     Stopping MiniRaftClusterWithNetty
2023-08-28 07:17:10,250 [Time-limited test] INFO  impl.MiniRaftCluster (MiniRaftCluster.java:shutdown(834)) - *** 
2023-08-28 07:17:10,250 [Time-limited test] INFO  impl.MiniRaftCluster (MiniRaftCluster.java:shutdown(835)) - ************************************************************** 
2023-08-28 07:17:10,251 [Time-limited test] INFO  impl.MiniRaftCluster (MiniRaftCluster.java:shutdown(836)) - printing ALL groups
  s0:  RUNNING  FOLLOWER s0@group-7185FFAC6E45:t0, leader=null, voted=, raftlog=Memoized:s0@group-7185FFAC6E45-SegmentedRaftLog:OPENED:c-1, conf=-1: peers:[s0|rpc:localhost:43709|admin:localhost:36203|client:localhost:40257|dataStream:localhost:37603|priority:0|startupRole:FOLLOWER]|listeners:[], old=null RUNNING
2023-08-28 07:17:10,253 [MiniRaftCluster-1] INFO  server.RaftServer (RaftServerProxy.java:lambda$close$7(420)) - s0: close
2023-08-28 07:17:10,253 [s0-impl-thread1] INFO  server.RaftServer$Division (RaftServerImpl.java:lambda$close$3(508)) - s0@group-7185FFAC6E45: shutdown
2023-08-28 07:17:10,254 [s0-impl-thread1] INFO  util.JmxRegister (JmxRegister.java:unregister(73)) - Successfully un-registered JMX Bean with object name Ratis:service=RaftServer,group=group-7185FFAC6E45,id=s0
2023-08-28 07:17:10,254 [s0-impl-thread1] INFO  impl.RoleInfo (RoleInfo.java:shutdownFollowerState(109)) - s0: shutdown s0@group-7185FFAC6E45-FollowerState
2023-08-28 07:17:10,254 [s0-impl-thread1] INFO  impl.StateMachineUpdater (StateMachineUpdater.java:stopAndJoin(157)) - s0@group-7185FFAC6E45-StateMachineUpdater: set stopIndex = -1
2023-08-28 07:17:10,254 [s0@group-7185FFAC6E45-FollowerState] INFO  impl.FollowerState (FollowerState.java:run(152)) - s0@group-7185FFAC6E45-FollowerState was interrupted
2023-08-28 07:17:10,254 [s0-impl-thread1] INFO  server.RaftServer$Division (ServerState.java:close(415)) - s0@group-7185FFAC6E45: applyIndex: -1
2023-08-28 07:17:10,255 [nioEventLoopGroup-2-1] INFO  logging.LoggingHandler (AbstractInternalLogger.java:log(148)) - [id: 0xec934b7b, L:/0.0.0.0:43709] CLOSE
2023-08-28 07:17:10,255 [nioEventLoopGroup-2-1] INFO  logging.LoggingHandler (AbstractInternalLogger.java:log(148)) - [id: 0xec934b7b, L:/0.0.0.0:43709] INACTIVE
2023-08-28 07:17:10,256 [nioEventLoopGroup-2-1] INFO  logging.LoggingHandler (AbstractInternalLogger.java:log(148)) - [id: 0xec934b7b, L:/0.0.0.0:43709] UNREGISTERED
2023-08-28 07:17:10,994 [s0-impl-thread1] INFO  segmented.SegmentedRaftLogWorker (SegmentedRaftLogWorker.java:close(242)) - s0@group-7185FFAC6E45-SegmentedRaftLogWorker close()
2023-08-28 07:17:10,995 [JvmPauseMonitor0] INFO  util.JvmPauseMonitor (JvmPauseMonitor.java:run(152)) - JvmPauseMonitor-s0: Stopped
2023-08-28 07:17:10,996 [Time-limited test] INFO  impl.MiniRaftCluster (MiniRaftCluster.java:shutdown(855)) - MiniRaftClusterWithNetty shutdown completed
2023-08-28 07:17:10,996 [Time-limited test] INFO  impl.MiniRaftCluster (MiniRaftCluster.java:newRaftServer(382)) - newRaftServer: s0, group-7185FFAC6E45:[s0|rpc:localhost:43709|admin:localhost:36203|client:localhost:40257|dataStream:localhost:37603|priority:0|startupRole:FOLLOWER], format? false
2023-08-28 07:17:10,997 [Time-limited test] DEBUG server.RaftServer (ServerImplUtils.java:newRaftServer(51)) - newRaftServer: s0, group-7185FFAC6E45:[s0|rpc:localhost:43709|admin:localhost:36203|client:localhost:40257|dataStream:localhost:37603|priority:0|startupRole:FOLLOWER]
2023-08-28 07:17:10,997 [Time-limited test] INFO  server.RaftServer (ConfUtils.java:logGet(46)) - raft.rpc.type = NETTY (custom)
2023-08-28 07:17:10,997 [Time-limited test] INFO  netty.NettyConfigKeys$Server (ConfUtils.java:logGet(46)) - raft.netty.server.host = null (default)
2023-08-28 07:17:10,998 [Time-limited test] INFO  netty.NettyConfigKeys$Server (ConfUtils.java:logGet(46)) - raft.netty.server.port = 43709 (custom)
2023-08-28 07:17:10,998 [Time-limited test] INFO  impl.DataStreamServerImpl (ConfUtils.java:logGet(46)) - raft.datastream.type = DISABLED (default)
2023-08-28 07:17:10,998 [Time-limited test] INFO  server.RaftServerConfigKeys (ConfUtils.java:logGet(46)) - raft.server.threadpool.proxy.cached = true (default)
2023-08-28 07:17:10,998 [Time-limited test] INFO  server.RaftServerConfigKeys (ConfUtils.java:logGet(46)) - raft.server.threadpool.proxy.size = 0 (default)
2023-08-28 07:17:10,998 [Time-limited test] INFO  server.RaftServerConfigKeys (ConfUtils.java:logGet(46)) - raft.server.sleep.deviation.threshold = 300ms (default)
2023-08-28 07:17:10,999 [Time-limited test] INFO  server.RaftServerConfigKeys (ConfUtils.java:logGet(46)) - raft.server.rpc.slowness.timeout = 60s (default)
2023-08-28 07:17:10,999 [Time-limited test] INFO  server.RaftServerConfigKeys (ConfUtils.java:logGet(46)) - raft.server.leaderelection.leader.step-down.wait-time = 10s (default)
2023-08-28 07:17:10,999 [Time-limited test] INFO  server.RaftServerConfigKeys (ConfUtils.java:logGet(46)) - raft.server.storage.dir = [/home/runner/work/ratis/ratis/ratis-test/target/test/data/c5bbf9cd/MiniRaftClusterWithNettyb02d808a/s0] (custom)
2023-08-28 07:17:10,999 [s0-impl-thread1] INFO  server.RaftServer (RaftServerProxy.java:initGroupDir(262)) - s0: found a subdirectory /home/runner/work/ratis/ratis/ratis-test/target/test/data/c5bbf9cd/MiniRaftClusterWithNettyb02d808a/s0/c7330a30-b204-4427-b0ab-7185ffac6e45
2023-08-28 07:17:11,000 [Time-limited test] INFO  server.RaftServer (RaftServerProxy.java:addNew(99)) - s0: addNew group-7185FFAC6E45:[s0|rpc:localhost:43709|admin:localhost:36203|client:localhost:40257|dataStream:localhost:37603|priority:0|startupRole:FOLLOWER] returns group-7185FFAC6E45:java.util.concurrent.CompletableFuture@69705592[Not completed]
2023-08-28 07:17:11,000 [Time-limited test] INFO  impl.MiniRaftCluster (MiniRaftCluster.java:start(339)) - .............................................................. 
2023-08-28 07:17:11,000 [Time-limited test] INFO  impl.MiniRaftCluster (MiniRaftCluster.java:start(340)) - ... 
2023-08-28 07:17:11,000 [Time-limited test] INFO  impl.MiniRaftCluster (MiniRaftCluster.java:start(341)) - ...     Starting MiniRaftClusterWithNetty
2023-08-28 07:17:11,000 [Time-limited test] INFO  impl.MiniRaftCluster (MiniRaftCluster.java:start(342)) - ... 
2023-08-28 07:17:11,000 [Time-limited test] INFO  impl.MiniRaftCluster (MiniRaftCluster.java:start(343)) - .............................................................. 
2023-08-28 07:17:11,000 [Time-limited test] INFO  impl.MiniRaftCluster (MiniRaftCluster.java:initServers(318)) - servers = {s0=s0:      NEW group-7185FFAC6E45:java.util.concurrent.CompletableFuture@69705592[Not completed]}
2023-08-28 07:17:11,001 [s0-groupManagement] INFO  server.RaftServer$Division (RaftServerImpl.java:<init>(250)) - s0: new RaftServerImpl for group-7185FFAC6E45:[s0|rpc:localhost:43709|admin:localhost:36203|client:localhost:40257|dataStream:localhost:37603|priority:0|startupRole:FOLLOWER] with BaseStateMachine:uninitialized
2023-08-28 07:17:11,001 [s0-groupManagement] INFO  server.RaftServerConfigKeys (ConfUtils.java:logGet(46)) - raft.server.rpc.timeout.min = 1500ms (custom)
2023-08-28 07:17:11,001 [s0-groupManagement] INFO  server.RaftServerConfigKeys (ConfUtils.java:logGet(46)) - raft.server.rpc.timeout.max = 2000ms (custom)
2023-08-28 07:17:11,002 [s0-groupManagement] INFO  server.RaftServerConfigKeys (ConfUtils.java:logGet(46)) - raft.server.rpc.sleep.time = 25ms (default)
2023-08-28 07:17:11,002 [s0-groupManagement] INFO  server.RaftServerConfigKeys (ConfUtils.java:logGet(46)) - raft.server.rpc.slowness.timeout = 60s (default)
2023-08-28 07:17:11,002 [s0-groupManagement] INFO  server.RaftServerConfigKeys (ConfUtils.java:logGet(46)) - raft.server.leaderelection.leader.step-down.wait-time = 10s (default)
2023-08-28 07:17:11,002 [s0-groupManagement] INFO  server.RaftServerConfigKeys (ConfUtils.java:logGet(46)) - raft.server.sleep.deviation.threshold = 300ms (default)
2023-08-28 07:17:11,002 [s0-groupManagement] INFO  server.RaftServer$Division (ServerState.java:<init>(113)) - s0@group-7185FFAC6E45: ConfigurationManager, init=-1: peers:[s0|rpc:localhost:43709|admin:localhost:36203|client:localhost:40257|dataStream:localhost:37603|priority:0|startupRole:FOLLOWER]|listeners:[], old=null, confs=<EMPTY_MAP>
2023-08-28 07:17:11,002 [s0-groupManagement] INFO  server.RaftServerConfigKeys (ConfUtils.java:logGet(46)) - raft.server.notification.no-leader.timeout = 60s (default)
2023-08-28 07:17:11,002 [s0-groupManagement] INFO  server.RaftServerConfigKeys (ConfUtils.java:logGet(46)) - raft.server.read.timeout = 10s (default)
2023-08-28 07:17:11,002 [s0-groupManagement] INFO  server.RaftServerConfigKeys (ConfUtils.java:logGet(46)) - raft.server.retrycache.expirytime = 60s (default)
2023-08-28 07:17:11,002 [s0-groupManagement] INFO  server.RaftServerConfigKeys (ConfUtils.java:logGet(46)) - raft.server.retrycache.statistics.expirytime = 100μs (default)
2023-08-28 07:17:11,003 [s0-groupManagement] INFO  server.RaftServerConfigKeys (ConfUtils.java:logGet(46)) - raft.server.read.option = DEFAULT (default)
2023-08-28 07:17:11,005 [s0-groupManagement] INFO  server.RaftServerConfigKeys (ConfUtils.java:logGet(46)) - raft.server.rpc.request.timeout = 3000ms (default)
2023-08-28 07:17:11,005 [s0-groupManagement] INFO  server.RaftServerConfigKeys (ConfUtils.java:logGet(46)) - raft.server.log.appender.install.snapshot.enabled = true (default)
2023-08-28 07:17:11,005 [s0-groupManagement] INFO  server.RaftServerConfigKeys (ConfUtils.java:logGet(46)) - raft.server.threadpool.server.cached = true (default)
2023-08-28 07:17:11,005 [s0-groupManagement] INFO  server.RaftServerConfigKeys (ConfUtils.java:logGet(46)) - raft.server.threadpool.server.size = 0 (default)
2023-08-28 07:17:11,005 [s0-groupManagement] INFO  server.RaftServerConfigKeys (ConfUtils.java:logGet(46)) - raft.server.threadpool.client.cached = true (default)
2023-08-28 07:17:11,005 [s0-groupManagement] INFO  server.RaftServerConfigKeys (ConfUtils.java:logGet(46)) - raft.server.threadpool.client.size = 0 (default)
2023-08-28 07:17:11,005 [s0-impl-thread1] INFO  server.RaftServerConfigKeys (ConfUtils.java:logGet(46)) - raft.server.storage.free-space.min = 0MB (=0) (default)
2023-08-28 07:17:11,005 [s0-impl-thread1] INFO  server.RaftServerConfigKeys (ConfUtils.java:logGet(46)) - raft.server.log.corruption.policy = EXCEPTION (default)
2023-08-28 07:17:11,005 [s0-impl-thread1] INFO  server.RaftServerConfigKeys (ConfUtils.java:logGet(46)) - raft.server.storage.dir = [/home/runner/work/ratis/ratis/ratis-test/target/test/data/c5bbf9cd/MiniRaftClusterWithNettyb02d808a/s0] (custom)
2023-08-28 07:17:11,007 [s0-impl-thread1] INFO  storage.RaftStorageDirectory (RaftStorageDirectoryImpl.java:tryLock(232)) - Lock on /home/runner/work/ratis/ratis/ratis-test/target/test/data/c5bbf9cd/MiniRaftClusterWithNettyb02d808a/s0/c7330a30-b204-4427-b0ab-7185ffac6e45/in_use.lock acquired by nodename 7908@fv-az1033-516
2023-08-28 07:17:11,008 [s0-impl-thread1] INFO  storage.RaftStorage (RaftStorageImpl.java:analyzeAndRecoverStorage(117)) - Read RaftStorageMetadata{term=0, votedFor=} from /home/runner/work/ratis/ratis/ratis-test/target/test/data/c5bbf9cd/MiniRaftClusterWithNettyb02d808a/s0/c7330a30-b204-4427-b0ab-7185ffac6e45/current/raft-meta
2023-08-28 07:17:11,008 [s0-impl-thread1] INFO  server.RaftServerConfigKeys (ConfUtils.java:logGet(46)) - raft.server.log.use.memory = false (default)
2023-08-28 07:17:11,008 [s0-impl-thread1] INFO  server.RaftServerConfigKeys (ConfUtils.java:logGet(46)) - raft.server.log.purge.gap = 1024 (default)
2023-08-28 07:17:11,008 [s0-impl-thread1] INFO  server.RaftServerConfigKeys (ConfUtils.java:logGet(46)) - raft.server.log.appender.buffer.byte-limit = 4MB (=4194304) (default)
2023-08-28 07:17:11,008 [s0-impl-thread1] INFO  server.RaftServerConfigKeys (ConfUtils.java:logGet(46)) - raft.server.log.statemachine.data.read.timeout = 1000ms (default)
2023-08-28 07:17:11,009 [s0-impl-thread1] INFO  server.RaftServerConfigKeys (ConfUtils.java:logGet(46)) - raft.server.log.purge.preservation.log.num = 0 (default)
2023-08-28 07:17:11,009 [s0-impl-thread1] INFO  server.RaftServerConfigKeys (ConfUtils.java:logGet(46)) - raft.server.log.segment.size.max = 8MB (=8388608) (default)
2023-08-28 07:17:11,010 [s0-impl-thread1] INFO  server.RaftServerConfigKeys (ConfUtils.java:logGet(46)) - raft.server.log.segment.cache.num.max = 6 (default)
2023-08-28 07:17:11,010 [s0-impl-thread1] INFO  server.RaftServerConfigKeys (ConfUtils.java:logGet(46)) - raft.server.log.segment.cache.size.max = 200MB (=209715200) (default)
2023-08-28 07:17:11,010 [s0-impl-thread1] INFO  server.RaftServerConfigKeys (ConfUtils.java:logGet(46)) - raft.server.log.appender.buffer.byte-limit = 4MB (=4194304) (default)
2023-08-28 07:17:11,010 [s0-impl-thread1] INFO  segmented.SegmentedRaftLogWorker (SegmentedRaftLogWorker.java:<init>(183)) - new s0@group-7185FFAC6E45-SegmentedRaftLogWorker for RaftStorageImpl:Storage Directory /home/runner/work/ratis/ratis/ratis-test/target/test/data/c5bbf9cd/MiniRaftClusterWithNettyb02d808a/s0/c7330a30-b204-4427-b0ab-7185ffac6e45
2023-08-28 07:17:11,010 [s0-impl-thread1] INFO  server.RaftServerConfigKeys (ConfUtils.java:logGet(46)) - raft.server.log.queue.byte-limit = 64MB (=67108864) (default)
2023-08-28 07:17:11,010 [s0-impl-thread1] INFO  server.RaftServerConfigKeys (ConfUtils.java:logGet(46)) - raft.server.log.queue.element-limit = 4096 (default)
2023-08-28 07:17:11,010 [s0-impl-thread1] INFO  server.RaftServerConfigKeys (ConfUtils.java:logGet(46)) - raft.server.log.segment.size.max = 8MB (=8388608) (default)
2023-08-28 07:17:11,010 [s0-impl-thread1] INFO  server.RaftServerConfigKeys (ConfUtils.java:logGet(46)) - raft.server.log.preallocated.size = 4MB (=4194304) (default)
2023-08-28 07:17:11,011 [s0-impl-thread1] INFO  server.RaftServerConfigKeys (ConfUtils.java:logGet(46)) - raft.server.log.force.sync.num = 128 (default)
2023-08-28 07:17:11,011 [s0-impl-thread1] INFO  server.RaftServerConfigKeys (ConfUtils.java:logGet(46)) - raft.server.log.statemachine.data.sync = true (default)
2023-08-28 07:17:11,011 [s0-impl-thread1] INFO  server.RaftServerConfigKeys (ConfUtils.java:logGet(46)) - raft.server.log.statemachine.data.sync.timeout = 10s (default)
2023-08-28 07:17:11,011 [s0-impl-thread1] INFO  server.RaftServerConfigKeys (ConfUtils.java:logGet(46)) - raft.server.log.statemachine.data.sync.timeout.retry = -1 (default)
2023-08-28 07:17:11,011 [s0-impl-thread1] INFO  server.RaftServerConfigKeys (ConfUtils.java:logGet(46)) - raft.server.log.write.buffer.size = 64KB (=65536) (default)
2023-08-28 07:17:11,011 [s0-impl-thread1] INFO  server.RaftServerConfigKeys (ConfUtils.java:logGet(46)) - raft.server.log.appender.buffer.byte-limit = 4MB (=4194304) (default)
2023-08-28 07:17:11,012 [s0-impl-thread1] INFO  server.RaftServerConfigKeys (ConfUtils.java:logGet(46)) - raft.server.log.unsafe-flush.enabled = false (default)
2023-08-28 07:17:11,012 [s0-impl-thread1] INFO  server.RaftServerConfigKeys (ConfUtils.java:logGet(46)) - raft.server.log.async-flush.enabled = false (default)
2023-08-28 07:17:11,012 [s0-impl-thread1] INFO  server.RaftServerConfigKeys (ConfUtils.java:logGet(46)) - raft.server.log.statemachine.data.caching.enabled = false (default)
2023-08-28 07:17:11,012 [s0-impl-thread1] INFO  segmented.SegmentedRaftLogWorker (SegmentedRaftLogWorker.java:lambda$new$0(134)) - s0@group-7185FFAC6E45-SegmentedRaftLogWorker: flushIndex: setUnconditionally 0 -> -1
2023-08-28 07:17:11,012 [s0-impl-thread1] INFO  segmented.SegmentedRaftLogWorker (SegmentedRaftLogWorker.java:lambda$new$0(134)) - s0@group-7185FFAC6E45-SegmentedRaftLogWorker: safeCacheEvictIndex: setUnconditionally 0 -> -1
2023-08-28 07:17:11,012 [s0-impl-thread1] INFO  server.RaftServer$Division (RaftServerImpl.java:start(384)) - s0@group-7185FFAC6E45: start as a follower, conf=-1: peers:[s0|rpc:localhost:43709|admin:localhost:36203|client:localhost:40257|dataStream:localhost:37603|priority:0|startupRole:FOLLOWER]|listeners:[], old=null
2023-08-28 07:17:11,013 [s0-impl-thread1] INFO  server.RaftServer$Division (RaftServerImpl.java:setRole(371)) - s0@group-7185FFAC6E45: changes role from      null to FOLLOWER at term 0 for startAsFollower
2023-08-28 07:17:11,013 [s0-impl-thread1] INFO  impl.RoleInfo (RoleInfo.java:updateAndGet(138)) - s0: start s0@group-7185FFAC6E45-FollowerState
2023-08-28 07:17:11,014 [s0-impl-thread1] INFO  util.JmxRegister (JmxRegister.java:tryRegister(44)) - Successfully registered JMX Bean with object name Ratis:service=RaftServer,group=group-7185FFAC6E45,id=s0
2023-08-28 07:17:11,015 [s0-impl-thread1] INFO  server.RaftServerConfigKeys (ConfUtils.java:logGet(46)) - raft.server.snapshot.trigger-when-stop.enabled = true (default)
2023-08-28 07:17:11,015 [s0-impl-thread1] INFO  server.RaftServerConfigKeys (ConfUtils.java:logGet(46)) - raft.server.snapshot.auto.trigger.enabled = false (default)
2023-08-28 07:17:11,015 [s0-impl-thread1] INFO  server.RaftServerConfigKeys (ConfUtils.java:logGet(46)) - raft.server.snapshot.retention.file.num = -1 (default)
2023-08-28 07:17:11,015 [s0-impl-thread1] INFO  server.RaftServerConfigKeys (ConfUtils.java:logGet(46)) - raft.server.log.purge.upto.snapshot.index = false (default)
2023-08-28 07:17:11,015 [s0@group-7185FFAC6E45-FollowerState] INFO  server.RaftServerConfigKeys (ConfUtils.java:logFallback(53)) - raft.server.rpc.first-election.timeout.min = 1500ms (fallback to raft.server.rpc.timeout.min)
2023-08-28 07:17:11,016 [s0@group-7185FFAC6E45-FollowerState] INFO  server.RaftServerConfigKeys (ConfUtils.java:logFallback(53)) - raft.server.rpc.first-election.timeout.max = 2000ms (fallback to raft.server.rpc.timeout.max)
2023-08-28 07:17:11,016 [Time-limited test] INFO  server.RaftServer (RaftServerProxy.java:startImpl(404)) - s0: start RPC server
2023-08-28 07:17:11,017 [nioEventLoopGroup-6-1] INFO  logging.LoggingHandler (AbstractInternalLogger.java:log(148)) - [id: 0xac231b6a] REGISTERED
2023-08-28 07:17:11,017 [nioEventLoopGroup-6-1] INFO  logging.LoggingHandler (AbstractInternalLogger.java:log(148)) - [id: 0xac231b6a] BIND: 0.0.0.0/0.0.0.0:43709
2023-08-28 07:17:11,017 [nioEventLoopGroup-6-1] INFO  logging.LoggingHandler (AbstractInternalLogger.java:log(148)) - [id: 0xac231b6a, L:/0.0.0.0:43709] ACTIVE
2023-08-28 07:17:11,017 [Time-limited test] INFO  impl.MiniRaftCluster (MiniRaftCluster.java:shutdown(831)) - ************************************************************** 
2023-08-28 07:17:11,018 [Time-limited test] INFO  impl.MiniRaftCluster (MiniRaftCluster.java:shutdown(832)) - *** 
2023-08-28 07:17:11,018 [JvmPauseMonitor1] INFO  util.JvmPauseMonitor (JvmPauseMonitor.java:run(146)) - JvmPauseMonitor-s0: Started
2023-08-28 07:17:11,018 [Time-limited test] INFO  impl.MiniRaftCluster (MiniRaftCluster.java:shutdown(833)) - ***     Stopping MiniRaftClusterWithNetty
2023-08-28 07:17:11,018 [Time-limited test] INFO  impl.MiniRaftCluster (MiniRaftCluster.java:shutdown(834)) - *** 
2023-08-28 07:17:11,018 [Time-limited test] INFO  impl.MiniRaftCluster (MiniRaftCluster.java:shutdown(835)) - ************************************************************** 
2023-08-28 07:17:11,018 [Time-limited test] INFO  impl.MiniRaftCluster (MiniRaftCluster.java:shutdown(836)) - printing ALL groups
  s0:  RUNNING  FOLLOWER s0@group-7185FFAC6E45:t0, leader=null, voted=, raftlog=Memoized:s0@group-7185FFAC6E45-SegmentedRaftLog:OPENED:c-1, conf=-1: peers:[s0|rpc:localhost:43709|admin:localhost:36203|client:localhost:40257|dataStream:localhost:37603|priority:0|startupRole:FOLLOWER]|listeners:[], old=null RUNNING
2023-08-28 07:17:11,019 [MiniRaftCluster-2] INFO  server.RaftServer (RaftServerProxy.java:lambda$close$7(420)) - s0: close
2023-08-28 07:17:11,019 [s0-impl-thread1] INFO  server.RaftServer$Division (RaftServerImpl.java:lambda$close$3(508)) - s0@group-7185FFAC6E45: shutdown
2023-08-28 07:17:11,019 [s0-impl-thread1] INFO  util.JmxRegister (JmxRegister.java:unregister(73)) - Successfully un-registered JMX Bean with object name Ratis:service=RaftServer,group=group-7185FFAC6E45,id=s0
2023-08-28 07:17:11,020 [s0-impl-thread1] INFO  impl.RoleInfo (RoleInfo.java:shutdownFollowerState(109)) - s0: shutdown s0@group-7185FFAC6E45-FollowerState
2023-08-28 07:17:11,020 [s0-impl-thread1] INFO  impl.StateMachineUpdater (StateMachineUpdater.java:stopAndJoin(157)) - s0@group-7185FFAC6E45-StateMachineUpdater: set stopIndex = -1
2023-08-28 07:17:11,020 [s0@group-7185FFAC6E45-FollowerState] INFO  impl.FollowerState (FollowerState.java:run(152)) - s0@group-7185FFAC6E45-FollowerState was interrupted
2023-08-28 07:17:11,020 [nioEventLoopGroup-6-1] INFO  logging.LoggingHandler (AbstractInternalLogger.java:log(148)) - [id: 0xac231b6a, L:/0.0.0.0:43709] CLOSE
2023-08-28 07:17:11,020 [s0-impl-thread1] INFO  server.RaftServer$Division (ServerState.java:close(415)) - s0@group-7185FFAC6E45: applyIndex: -1
2023-08-28 07:17:11,020 [nioEventLoopGroup-6-1] INFO  logging.LoggingHandler (AbstractInternalLogger.java:log(148)) - [id: 0xac231b6a, L:/0.0.0.0:43709] INACTIVE
2023-08-28 07:17:11,020 [nioEventLoopGroup-6-1] INFO  logging.LoggingHandler (AbstractInternalLogger.java:log(148)) - [id: 0xac231b6a, L:/0.0.0.0:43709] UNREGISTERED
2023-08-28 07:17:12,013 [s0-impl-thread1] INFO  segmented.SegmentedRaftLogWorker (SegmentedRaftLogWorker.java:close(242)) - s0@group-7185FFAC6E45-SegmentedRaftLogWorker close()
2023-08-28 07:17:12,015 [JvmPauseMonitor1] INFO  util.JvmPauseMonitor (JvmPauseMonitor.java:run(152)) - JvmPauseMonitor-s0: Stopped
2023-08-28 07:17:12,015 [Time-limited test] INFO  impl.MiniRaftCluster (MiniRaftCluster.java:shutdown(855)) - MiniRaftClusterWithNetty shutdown completed
2023-08-28 07:17:12,016 [Time-limited test] INFO  server.RaftServerConfigKeys (ConfUtils.java:logGet(46)) - raft.server.removed.groups.dir = /tmp/groups1588187147611967744 (custom)
2023-08-28 07:17:12,016 [Time-limited test] TRACE util.FileUtils (FileUtils.java:deleteFully(201)) - deleteFully /tmp/groups1588187147611967744
2023-08-28 07:17:12,016 [Time-limited test] TRACE util.FileUtils (LogUtils.java:runAndLog(49)) - Successfully ran Files.delete /tmp/groups1588187147611967744
]]></system-out>
  </testcase>
  <testcase name="testSingleGroupRestart" classname="org.apache.ratis.netty.TestGroupManagementWithNetty" time="11.284">
    <system-out><![CDATA[2023-08-28 07:17:12,027 [main] INFO  util.LogUtils (Slf4jUtils.java:setLogLevel(38)) - Successfully set org.apache.ratis.conf.ConfUtils log level to WARN
2023-08-28 07:17:12,027 [main] INFO  util.LogUtils (Slf4jUtils.java:setLogLevel(38)) - Successfully set org.apache.ratis.util.FileUtils log level to TRACE
2023-08-28 07:17:12,028 [main] INFO  util.LogUtils (Slf4jUtils.java:setLogLevel(38)) - Successfully set org.apache.ratis.server.RaftServer log level to DEBUG
2023-08-28 07:17:12,028 [main] INFO  util.LogUtils (Slf4jUtils.java:setLogLevel(38)) - Successfully set org.apache.ratis.server.RaftServer$Division log level to DEBUG
2023-08-28 07:17:12,028 [main] INFO  util.LogUtils (Slf4jUtils.java:setLogLevel(38)) - Successfully set org.apache.ratis.client.RaftClient log level to DEBUG
2023-08-28 07:17:12,030 [Time-limited test] INFO  impl.MiniRaftCluster (MiniRaftCluster.java:<init>(306)) - new MiniRaftClusterWithNetty with group-DB0F4BB0786B:[]
2023-08-28 07:17:12,031 [Time-limited test] INFO  impl.GroupManagementBaseTest (GroupManagementBaseTest.java:testSingleGroupRestart(179)) - Start testMultiGroupprinting ALL groups
2023-08-28 07:17:12,031 [Time-limited test] INFO  impl.MiniRaftCluster (MiniRaftCluster.java:newRaftServer(382)) - newRaftServer: s0, null, format? true
2023-08-28 07:17:12,031 [Time-limited test] TRACE util.FileUtils (FileUtils.java:deleteFully(201)) - deleteFully target/test/data/c5bbf9cd/MiniRaftClusterWithNetty3a726a16/s0
2023-08-28 07:17:12,032 [Time-limited test] TRACE util.FileUtils (FileUtils.java:deleteFully(217)) - deleteFully: target/test/data/c5bbf9cd/MiniRaftClusterWithNetty3a726a16/s0 does not exist.
2023-08-28 07:17:12,032 [Time-limited test] INFO  impl.MiniRaftCluster (MiniRaftCluster.java:newRaftServer(387)) - Formatted directory target/test/data/c5bbf9cd/MiniRaftClusterWithNetty3a726a16/s0
2023-08-28 07:17:12,034 [Time-limited test] DEBUG server.RaftServer (ServerImplUtils.java:newRaftServer(51)) - newRaftServer: s0, null
2023-08-28 07:17:12,034 [Time-limited test] INFO  server.RaftServer (ConfUtils.java:logGet(46)) - raft.rpc.type = NETTY (custom)
2023-08-28 07:17:12,035 [Time-limited test] INFO  netty.NettyConfigKeys$Server (ConfUtils.java:logGet(46)) - raft.netty.server.host = null (default)
2023-08-28 07:17:12,035 [Time-limited test] INFO  netty.NettyConfigKeys$Server (ConfUtils.java:logGet(46)) - raft.netty.server.port = 35673 (custom)
2023-08-28 07:17:12,036 [Time-limited test] INFO  impl.DataStreamServerImpl (ConfUtils.java:logGet(46)) - raft.datastream.type = DISABLED (default)
2023-08-28 07:17:12,036 [Time-limited test] INFO  server.RaftServerConfigKeys (ConfUtils.java:logGet(46)) - raft.server.threadpool.proxy.cached = true (default)
2023-08-28 07:17:12,036 [Time-limited test] INFO  server.RaftServerConfigKeys (ConfUtils.java:logGet(46)) - raft.server.threadpool.proxy.size = 0 (default)
2023-08-28 07:17:12,036 [Time-limited test] INFO  server.RaftServerConfigKeys (ConfUtils.java:logGet(46)) - raft.server.sleep.deviation.threshold = 300ms (default)
2023-08-28 07:17:12,036 [Time-limited test] INFO  server.RaftServerConfigKeys (ConfUtils.java:logGet(46)) - raft.server.rpc.slowness.timeout = 60s (default)
2023-08-28 07:17:12,036 [Time-limited test] INFO  server.RaftServerConfigKeys (ConfUtils.java:logGet(46)) - raft.server.leaderelection.leader.step-down.wait-time = 10s (default)
2023-08-28 07:17:12,036 [Time-limited test] INFO  server.RaftServerConfigKeys (ConfUtils.java:logGet(46)) - raft.server.storage.dir = [/home/runner/work/ratis/ratis/ratis-test/target/test/data/c5bbf9cd/MiniRaftClusterWithNetty3a726a16/s0] (custom)
2023-08-28 07:17:12,037 [Time-limited test] INFO  impl.MiniRaftCluster (MiniRaftCluster.java:newRaftServer(382)) - newRaftServer: s1, null, format? true
2023-08-28 07:17:12,037 [Time-limited test] TRACE util.FileUtils (FileUtils.java:deleteFully(201)) - deleteFully target/test/data/c5bbf9cd/MiniRaftClusterWithNetty3a726a16/s1
2023-08-28 07:17:12,037 [Time-limited test] TRACE util.FileUtils (FileUtils.java:deleteFully(217)) - deleteFully: target/test/data/c5bbf9cd/MiniRaftClusterWithNetty3a726a16/s1 does not exist.
2023-08-28 07:17:12,037 [Time-limited test] INFO  impl.MiniRaftCluster (MiniRaftCluster.java:newRaftServer(387)) - Formatted directory target/test/data/c5bbf9cd/MiniRaftClusterWithNetty3a726a16/s1
2023-08-28 07:17:12,037 [Time-limited test] DEBUG server.RaftServer (ServerImplUtils.java:newRaftServer(51)) - newRaftServer: s1, null
2023-08-28 07:17:12,037 [Time-limited test] INFO  server.RaftServer (ConfUtils.java:logGet(46)) - raft.rpc.type = NETTY (custom)
2023-08-28 07:17:12,038 [Time-limited test] INFO  netty.NettyConfigKeys$Server (ConfUtils.java:logGet(46)) - raft.netty.server.host = null (default)
2023-08-28 07:17:12,038 [Time-limited test] INFO  netty.NettyConfigKeys$Server (ConfUtils.java:logGet(46)) - raft.netty.server.port = 35957 (custom)
2023-08-28 07:17:12,038 [Time-limited test] INFO  impl.DataStreamServerImpl (ConfUtils.java:logGet(46)) - raft.datastream.type = DISABLED (default)
2023-08-28 07:17:12,038 [Time-limited test] INFO  server.RaftServerConfigKeys (ConfUtils.java:logGet(46)) - raft.server.threadpool.proxy.cached = true (default)
2023-08-28 07:17:12,038 [Time-limited test] INFO  server.RaftServerConfigKeys (ConfUtils.java:logGet(46)) - raft.server.threadpool.proxy.size = 0 (default)
2023-08-28 07:17:12,038 [Time-limited test] INFO  server.RaftServerConfigKeys (ConfUtils.java:logGet(46)) - raft.server.sleep.deviation.threshold = 300ms (default)
2023-08-28 07:17:12,039 [Time-limited test] INFO  server.RaftServerConfigKeys (ConfUtils.java:logGet(46)) - raft.server.rpc.slowness.timeout = 60s (default)
2023-08-28 07:17:12,039 [Time-limited test] INFO  server.RaftServerConfigKeys (ConfUtils.java:logGet(46)) - raft.server.leaderelection.leader.step-down.wait-time = 10s (default)
2023-08-28 07:17:12,039 [Time-limited test] INFO  server.RaftServerConfigKeys (ConfUtils.java:logGet(46)) - raft.server.storage.dir = [/home/runner/work/ratis/ratis/ratis-test/target/test/data/c5bbf9cd/MiniRaftClusterWithNetty3a726a16/s1] (custom)
2023-08-28 07:17:12,039 [Time-limited test] INFO  impl.MiniRaftCluster (MiniRaftCluster.java:newRaftServer(382)) - newRaftServer: s2, null, format? true
2023-08-28 07:17:12,039 [Time-limited test] TRACE util.FileUtils (FileUtils.java:deleteFully(201)) - deleteFully target/test/data/c5bbf9cd/MiniRaftClusterWithNetty3a726a16/s2
2023-08-28 07:17:12,039 [Time-limited test] TRACE util.FileUtils (FileUtils.java:deleteFully(217)) - deleteFully: target/test/data/c5bbf9cd/MiniRaftClusterWithNetty3a726a16/s2 does not exist.
2023-08-28 07:17:12,040 [Time-limited test] INFO  impl.MiniRaftCluster (MiniRaftCluster.java:newRaftServer(387)) - Formatted directory target/test/data/c5bbf9cd/MiniRaftClusterWithNetty3a726a16/s2
2023-08-28 07:17:12,040 [Time-limited test] DEBUG server.RaftServer (ServerImplUtils.java:newRaftServer(51)) - newRaftServer: s2, null
2023-08-28 07:17:12,040 [Time-limited test] INFO  server.RaftServer (ConfUtils.java:logGet(46)) - raft.rpc.type = NETTY (custom)
2023-08-28 07:17:12,058 [Time-limited test] INFO  netty.NettyConfigKeys$Server (ConfUtils.java:logGet(46)) - raft.netty.server.host = null (default)
2023-08-28 07:17:12,058 [Time-limited test] INFO  netty.NettyConfigKeys$Server (ConfUtils.java:logGet(46)) - raft.netty.server.port = 41835 (custom)
2023-08-28 07:17:12,058 [Time-limited test] INFO  impl.DataStreamServerImpl (ConfUtils.java:logGet(46)) - raft.datastream.type = DISABLED (default)
2023-08-28 07:17:12,059 [Time-limited test] INFO  server.RaftServerConfigKeys (ConfUtils.java:logGet(46)) - raft.server.threadpool.proxy.cached = true (default)
2023-08-28 07:17:12,059 [Time-limited test] INFO  server.RaftServerConfigKeys (ConfUtils.java:logGet(46)) - raft.server.threadpool.proxy.size = 0 (default)
2023-08-28 07:17:12,059 [Time-limited test] INFO  server.RaftServerConfigKeys (ConfUtils.java:logGet(46)) - raft.server.sleep.deviation.threshold = 300ms (default)
2023-08-28 07:17:12,059 [Time-limited test] INFO  server.RaftServerConfigKeys (ConfUtils.java:logGet(46)) - raft.server.rpc.slowness.timeout = 60s (default)
2023-08-28 07:17:12,059 [Time-limited test] INFO  server.RaftServerConfigKeys (ConfUtils.java:logGet(46)) - raft.server.leaderelection.leader.step-down.wait-time = 10s (default)
2023-08-28 07:17:12,059 [Time-limited test] INFO  server.RaftServerConfigKeys (ConfUtils.java:logGet(46)) - raft.server.storage.dir = [/home/runner/work/ratis/ratis/ratis-test/target/test/data/c5bbf9cd/MiniRaftClusterWithNetty3a726a16/s2] (custom)
2023-08-28 07:17:12,060 [Time-limited test] INFO  impl.GroupManagementBaseTest (GroupManagementBaseTest.java:testSingleGroupRestart(185)) - putNewServer: printing ALL groups
  s0:      NEW <EMPTY>
  s1:      NEW <EMPTY>
  s2:      NEW <EMPTY>
2023-08-28 07:17:12,060 [Time-limited test] INFO  impl.MiniRaftCluster (MiniRaftCluster.java:start(339)) - .............................................................. 
2023-08-28 07:17:12,060 [Time-limited test] INFO  impl.MiniRaftCluster (MiniRaftCluster.java:start(340)) - ... 
2023-08-28 07:17:12,060 [Time-limited test] INFO  impl.MiniRaftCluster (MiniRaftCluster.java:start(341)) - ...     Starting MiniRaftClusterWithNetty
2023-08-28 07:17:12,060 [Time-limited test] INFO  impl.MiniRaftCluster (MiniRaftCluster.java:start(342)) - ... 
2023-08-28 07:17:12,060 [Time-limited test] INFO  impl.MiniRaftCluster (MiniRaftCluster.java:start(343)) - .............................................................. 
2023-08-28 07:17:12,060 [Time-limited test] INFO  impl.MiniRaftCluster (MiniRaftCluster.java:initServers(318)) - servers = {s0=s0:      NEW <EMPTY>, s1=s1:      NEW <EMPTY>, s2=s2:      NEW <EMPTY>}
2023-08-28 07:17:12,060 [Time-limited test] INFO  server.RaftServer (RaftServerProxy.java:startImpl(404)) - s0: start RPC server
2023-08-28 07:17:12,062 [nioEventLoopGroup-9-1] INFO  logging.LoggingHandler (AbstractInternalLogger.java:log(148)) - [id: 0xb64bb71c] REGISTERED
2023-08-28 07:17:12,062 [nioEventLoopGroup-9-1] INFO  logging.LoggingHandler (AbstractInternalLogger.java:log(148)) - [id: 0xb64bb71c] BIND: 0.0.0.0/0.0.0.0:35673
2023-08-28 07:17:12,062 [nioEventLoopGroup-9-1] INFO  logging.LoggingHandler (AbstractInternalLogger.java:log(148)) - [id: 0xb64bb71c, L:/0.0.0.0:35673] ACTIVE
2023-08-28 07:17:12,062 [Time-limited test] INFO  server.RaftServer (RaftServerProxy.java:startImpl(404)) - s1: start RPC server
2023-08-28 07:17:12,063 [JvmPauseMonitor2] INFO  util.JvmPauseMonitor (JvmPauseMonitor.java:run(146)) - JvmPauseMonitor-s0: Started
2023-08-28 07:17:12,066 [nioEventLoopGroup-11-1] INFO  logging.LoggingHandler (AbstractInternalLogger.java:log(148)) - [id: 0x22977530] REGISTERED
2023-08-28 07:17:12,066 [nioEventLoopGroup-11-1] INFO  logging.LoggingHandler (AbstractInternalLogger.java:log(148)) - [id: 0x22977530] BIND: 0.0.0.0/0.0.0.0:35957
2023-08-28 07:17:12,067 [nioEventLoopGroup-11-1] INFO  logging.LoggingHandler (AbstractInternalLogger.java:log(148)) - [id: 0x22977530, L:/0.0.0.0:35957] ACTIVE
2023-08-28 07:17:12,067 [Time-limited test] INFO  server.RaftServer (RaftServerProxy.java:startImpl(404)) - s2: start RPC server
2023-08-28 07:17:12,067 [JvmPauseMonitor3] INFO  util.JvmPauseMonitor (JvmPauseMonitor.java:run(146)) - JvmPauseMonitor-s1: Started
2023-08-28 07:17:12,069 [nioEventLoopGroup-13-1] INFO  logging.LoggingHandler (AbstractInternalLogger.java:log(148)) - [id: 0xce313164] REGISTERED
2023-08-28 07:17:12,069 [nioEventLoopGroup-13-1] INFO  logging.LoggingHandler (AbstractInternalLogger.java:log(148)) - [id: 0xce313164] BIND: 0.0.0.0/0.0.0.0:41835
2023-08-28 07:17:12,069 [nioEventLoopGroup-13-1] INFO  logging.LoggingHandler (AbstractInternalLogger.java:log(148)) - [id: 0xce313164, L:/0.0.0.0:41835] ACTIVE
2023-08-28 07:17:12,070 [JvmPauseMonitor4] INFO  util.JvmPauseMonitor (JvmPauseMonitor.java:run(146)) - JvmPauseMonitor-s2: Started
2023-08-28 07:17:13,073 [Time-limited test] INFO  impl.GroupManagementBaseTest (GroupManagementBaseTest.java:testSingleGroupRestart(191)) - start: printing ALL groups
  s0:  RUNNING <EMPTY>
  s1:  RUNNING <EMPTY>
  s2:  RUNNING <EMPTY>
2023-08-28 07:17:13,074 [Time-limited test] INFO  impl.GroupManagementBaseTest (GroupManagementBaseTest.java:testSingleGroupRestart(196)) - add new group: group-7E38B00F15F0:[s0|rpc:0.0.0.0:35673|priority:0|startupRole:FOLLOWER, s1|rpc:0.0.0.0:35957|priority:0|startupRole:FOLLOWER, s2|rpc:0.0.0.0:41835|priority:0|startupRole:FOLLOWER]
2023-08-28 07:17:13,074 [Time-limited test] DEBUG client.RaftClient (ConfUtils.java:logGet(46)) - raft.rpc.type = NETTY (custom)
2023-08-28 07:17:13,077 [nioEventLoopGroup-9-1] INFO  logging.LoggingHandler (AbstractInternalLogger.java:log(148)) - [id: 0xb64bb71c, L:/0.0.0.0:35673] READ: [id: 0xed6a6897, L:/10.1.0.28:35673 - R:/10.1.0.28:54852]
2023-08-28 07:17:13,080 [nioEventLoopGroup-9-1] INFO  logging.LoggingHandler (AbstractInternalLogger.java:log(148)) - [id: 0xb64bb71c, L:/0.0.0.0:35673] READ COMPLETE
2023-08-28 07:17:13,087 [nioEventLoopGroup-10-1] INFO  server.RaftServer (RaftServerProxy.java:addNew(99)) - s0: addNew group-7E38B00F15F0:[s0|rpc:0.0.0.0:35673|dataStream:|priority:0|startupRole:FOLLOWER, s1|rpc:0.0.0.0:35957|dataStream:|priority:0|startupRole:FOLLOWER, s2|rpc:0.0.0.0:41835|dataStream:|priority:0|startupRole:FOLLOWER] returns group-7E38B00F15F0:java.util.concurrent.CompletableFuture@671ba6a8[Not completed]
2023-08-28 07:17:13,087 [s0-groupManagement] INFO  server.RaftServer$Division (RaftServerImpl.java:<init>(250)) - s0: new RaftServerImpl for group-7E38B00F15F0:[s0|rpc:0.0.0.0:35673|dataStream:|priority:0|startupRole:FOLLOWER, s1|rpc:0.0.0.0:35957|dataStream:|priority:0|startupRole:FOLLOWER, s2|rpc:0.0.0.0:41835|dataStream:|priority:0|startupRole:FOLLOWER] with BaseStateMachine:uninitialized
2023-08-28 07:17:13,087 [s0-groupManagement] INFO  server.RaftServerConfigKeys (ConfUtils.java:logGet(46)) - raft.server.rpc.timeout.min = 1500ms (custom)
2023-08-28 07:17:13,087 [s0-groupManagement] INFO  server.RaftServerConfigKeys (ConfUtils.java:logGet(46)) - raft.server.rpc.timeout.max = 2000ms (custom)
2023-08-28 07:17:13,088 [s0-groupManagement] INFO  server.RaftServerConfigKeys (ConfUtils.java:logGet(46)) - raft.server.rpc.sleep.time = 25ms (default)
2023-08-28 07:17:13,089 [s0-groupManagement] INFO  server.RaftServerConfigKeys (ConfUtils.java:logGet(46)) - raft.server.rpc.slowness.timeout = 60s (default)
2023-08-28 07:17:13,089 [s0-groupManagement] INFO  server.RaftServerConfigKeys (ConfUtils.java:logGet(46)) - raft.server.leaderelection.leader.step-down.wait-time = 10s (default)
2023-08-28 07:17:13,089 [s0-groupManagement] INFO  server.RaftServerConfigKeys (ConfUtils.java:logGet(46)) - raft.server.sleep.deviation.threshold = 300ms (default)
2023-08-28 07:17:13,089 [s0-groupManagement] INFO  server.RaftServer$Division (ServerState.java:<init>(113)) - s0@group-7E38B00F15F0: ConfigurationManager, init=-1: peers:[s0|rpc:0.0.0.0:35673|dataStream:|priority:0|startupRole:FOLLOWER, s1|rpc:0.0.0.0:35957|dataStream:|priority:0|startupRole:FOLLOWER, s2|rpc:0.0.0.0:41835|dataStream:|priority:0|startupRole:FOLLOWER]|listeners:[], old=null, confs=<EMPTY_MAP>
2023-08-28 07:17:13,089 [s0-groupManagement] INFO  server.RaftServerConfigKeys (ConfUtils.java:logGet(46)) - raft.server.notification.no-leader.timeout = 60s (default)
2023-08-28 07:17:13,089 [s0-groupManagement] INFO  server.RaftServerConfigKeys (ConfUtils.java:logGet(46)) - raft.server.read.timeout = 10s (default)
2023-08-28 07:17:13,090 [s0-groupManagement] INFO  server.RaftServerConfigKeys (ConfUtils.java:logGet(46)) - raft.server.retrycache.expirytime = 60s (default)
2023-08-28 07:17:13,092 [s0-groupManagement] INFO  server.RaftServerConfigKeys (ConfUtils.java:logGet(46)) - raft.server.retrycache.statistics.expirytime = 100μs (default)
2023-08-28 07:17:13,092 [s0-groupManagement] INFO  server.RaftServerConfigKeys (ConfUtils.java:logGet(46)) - raft.server.read.option = DEFAULT (default)
2023-08-28 07:17:13,097 [s0-groupManagement] INFO  server.RaftServerConfigKeys (ConfUtils.java:logGet(46)) - raft.server.rpc.request.timeout = 3000ms (default)
2023-08-28 07:17:13,097 [s0-groupManagement] INFO  server.RaftServerConfigKeys (ConfUtils.java:logGet(46)) - raft.server.log.appender.install.snapshot.enabled = true (default)
2023-08-28 07:17:13,097 [s0-groupManagement] INFO  server.RaftServerConfigKeys (ConfUtils.java:logGet(46)) - raft.server.threadpool.server.cached = true (default)
2023-08-28 07:17:13,097 [s0-groupManagement] INFO  server.RaftServerConfigKeys (ConfUtils.java:logGet(46)) - raft.server.threadpool.server.size = 0 (default)
2023-08-28 07:17:13,098 [s0-groupManagement] INFO  server.RaftServerConfigKeys (ConfUtils.java:logGet(46)) - raft.server.threadpool.client.cached = true (default)
2023-08-28 07:17:13,098 [s0-groupManagement] INFO  server.RaftServerConfigKeys (ConfUtils.java:logGet(46)) - raft.server.threadpool.client.size = 0 (default)
2023-08-28 07:17:13,098 [s0-groupManagement] DEBUG server.RaftServer (RaftServerProxy.java:lambda$groupAddAsync$11(505)) - s0: newImpl =      null s0@group-7E38B00F15F0:t0, leader=null, voted=null, raftlog=UNINITIALIZED, conf=-1: peers:[s0|rpc:0.0.0.0:35673|dataStream:|priority:0|startupRole:FOLLOWER, s1|rpc:0.0.0.0:35957|dataStream:|priority:0|startupRole:FOLLOWER, s2|rpc:0.0.0.0:41835|dataStream:|priority:0|startupRole:FOLLOWER]|listeners:[], old=null NEW
2023-08-28 07:17:13,098 [s0-groupManagement] INFO  server.RaftServerConfigKeys (ConfUtils.java:logGet(46)) - raft.server.storage.free-space.min = 0MB (=0) (default)
2023-08-28 07:17:13,098 [s0-groupManagement] INFO  server.RaftServerConfigKeys (ConfUtils.java:logGet(46)) - raft.server.log.corruption.policy = EXCEPTION (default)
2023-08-28 07:17:13,098 [s0-groupManagement] INFO  server.RaftServerConfigKeys (ConfUtils.java:logGet(46)) - raft.server.storage.dir = [/home/runner/work/ratis/ratis/ratis-test/target/test/data/c5bbf9cd/MiniRaftClusterWithNetty3a726a16/s0] (custom)
2023-08-28 07:17:13,098 [s0-groupManagement] INFO  storage.RaftStorageDirectory (RaftStorageDirectoryImpl.java:analyzeStorage(138)) - The storage directory /home/runner/work/ratis/ratis/ratis-test/target/test/data/c5bbf9cd/MiniRaftClusterWithNetty3a726a16/s0/dfd8e832-773a-483f-95bb-7e38b00f15f0 does not exist. Creating ...
2023-08-28 07:17:13,099 [s0-groupManagement] TRACE util.FileUtils (LogUtils.java:runAndLog(49)) - Successfully ran Files.createDirectories /home/runner/work/ratis/ratis/ratis-test/target/test/data/c5bbf9cd/MiniRaftClusterWithNetty3a726a16/s0/dfd8e832-773a-483f-95bb-7e38b00f15f0
2023-08-28 07:17:13,100 [s0-groupManagement] INFO  storage.RaftStorageDirectory (RaftStorageDirectoryImpl.java:tryLock(232)) - Lock on /home/runner/work/ratis/ratis/ratis-test/target/test/data/c5bbf9cd/MiniRaftClusterWithNetty3a726a16/s0/dfd8e832-773a-483f-95bb-7e38b00f15f0/in_use.lock acquired by nodename 7908@fv-az1033-516
2023-08-28 07:17:13,100 [s0-groupManagement] TRACE util.FileUtils (LogUtils.java:runAndLog(49)) - Successfully ran Files.createDirectories /home/runner/work/ratis/ratis/ratis-test/target/test/data/c5bbf9cd/MiniRaftClusterWithNetty3a726a16/s0/dfd8e832-773a-483f-95bb-7e38b00f15f0/current
2023-08-28 07:17:13,100 [s0-groupManagement] TRACE util.FileUtils (LogUtils.java:runAndLog(49)) - Successfully ran Files.createDirectories /home/runner/work/ratis/ratis/ratis-test/target/test/data/c5bbf9cd/MiniRaftClusterWithNetty3a726a16/s0/dfd8e832-773a-483f-95bb-7e38b00f15f0/sm
2023-08-28 07:17:13,102 [s0-groupManagement] INFO  storage.RaftStorage (RaftStorageImpl.java:format(97)) - Storage directory /home/runner/work/ratis/ratis/ratis-test/target/test/data/c5bbf9cd/MiniRaftClusterWithNetty3a726a16/s0/dfd8e832-773a-483f-95bb-7e38b00f15f0 has been successfully formatted.
2023-08-28 07:17:13,102 [s0-groupManagement] INFO  server.RaftServerConfigKeys (ConfUtils.java:logGet(46)) - raft.server.log.use.memory = false (default)
2023-08-28 07:17:13,102 [s0-groupManagement] INFO  server.RaftServerConfigKeys (ConfUtils.java:logGet(46)) - raft.server.log.purge.gap = 1024 (default)
2023-08-28 07:17:13,102 [s0-groupManagement] INFO  server.RaftServerConfigKeys (ConfUtils.java:logGet(46)) - raft.server.log.appender.buffer.byte-limit = 4MB (=4194304) (default)
2023-08-28 07:17:13,102 [s0-groupManagement] INFO  server.RaftServerConfigKeys (ConfUtils.java:logGet(46)) - raft.server.log.statemachine.data.read.timeout = 1000ms (default)
2023-08-28 07:17:13,102 [s0-groupManagement] INFO  server.RaftServerConfigKeys (ConfUtils.java:logGet(46)) - raft.server.log.purge.preservation.log.num = 0 (default)
2023-08-28 07:17:13,107 [s0-groupManagement] INFO  server.RaftServerConfigKeys (ConfUtils.java:logGet(46)) - raft.server.log.segment.size.max = 8MB (=8388608) (default)
2023-08-28 07:17:13,107 [s0-groupManagement] INFO  server.RaftServerConfigKeys (ConfUtils.java:logGet(46)) - raft.server.log.segment.cache.num.max = 6 (default)
2023-08-28 07:17:13,107 [s0-groupManagement] INFO  server.RaftServerConfigKeys (ConfUtils.java:logGet(46)) - raft.server.log.segment.cache.size.max = 200MB (=209715200) (default)
2023-08-28 07:17:13,107 [s0-groupManagement] INFO  server.RaftServerConfigKeys (ConfUtils.java:logGet(46)) - raft.server.log.appender.buffer.byte-limit = 4MB (=4194304) (default)
2023-08-28 07:17:13,107 [s0-groupManagement] INFO  segmented.SegmentedRaftLogWorker (SegmentedRaftLogWorker.java:<init>(183)) - new s0@group-7E38B00F15F0-SegmentedRaftLogWorker for RaftStorageImpl:Storage Directory /home/runner/work/ratis/ratis/ratis-test/target/test/data/c5bbf9cd/MiniRaftClusterWithNetty3a726a16/s0/dfd8e832-773a-483f-95bb-7e38b00f15f0
2023-08-28 07:17:13,107 [s0-groupManagement] INFO  server.RaftServerConfigKeys (ConfUtils.java:logGet(46)) - raft.server.log.queue.byte-limit = 64MB (=67108864) (default)
2023-08-28 07:17:13,107 [s0-groupManagement] INFO  server.RaftServerConfigKeys (ConfUtils.java:logGet(46)) - raft.server.log.queue.element-limit = 4096 (default)
2023-08-28 07:17:13,107 [s0-groupManagement] INFO  server.RaftServerConfigKeys (ConfUtils.java:logGet(46)) - raft.server.log.segment.size.max = 8MB (=8388608) (default)
2023-08-28 07:17:13,107 [s0-groupManagement] INFO  server.RaftServerConfigKeys (ConfUtils.java:logGet(46)) - raft.server.log.preallocated.size = 4MB (=4194304) (default)
2023-08-28 07:17:13,107 [s0-groupManagement] INFO  server.RaftServerConfigKeys (ConfUtils.java:logGet(46)) - raft.server.log.force.sync.num = 128 (default)
2023-08-28 07:17:13,107 [s0-groupManagement] INFO  server.RaftServerConfigKeys (ConfUtils.java:logGet(46)) - raft.server.log.statemachine.data.sync = true (default)
2023-08-28 07:17:13,108 [s0-groupManagement] INFO  server.RaftServerConfigKeys (ConfUtils.java:logGet(46)) - raft.server.log.statemachine.data.sync.timeout = 10s (default)
2023-08-28 07:17:13,108 [s0-groupManagement] INFO  server.RaftServerConfigKeys (ConfUtils.java:logGet(46)) - raft.server.log.statemachine.data.sync.timeout.retry = -1 (default)
2023-08-28 07:17:13,108 [s0-groupManagement] INFO  server.RaftServerConfigKeys (ConfUtils.java:logGet(46)) - raft.server.log.write.buffer.size = 64KB (=65536) (default)
2023-08-28 07:17:13,108 [s0-groupManagement] INFO  server.RaftServerConfigKeys (ConfUtils.java:logGet(46)) - raft.server.log.appender.buffer.byte-limit = 4MB (=4194304) (default)
2023-08-28 07:17:13,108 [s0-groupManagement] INFO  server.RaftServerConfigKeys (ConfUtils.java:logGet(46)) - raft.server.log.unsafe-flush.enabled = false (default)
2023-08-28 07:17:13,108 [s0-groupManagement] INFO  server.RaftServerConfigKeys (ConfUtils.java:logGet(46)) - raft.server.log.async-flush.enabled = false (default)
2023-08-28 07:17:13,109 [s0-groupManagement] INFO  server.RaftServerConfigKeys (ConfUtils.java:logGet(46)) - raft.server.log.statemachine.data.caching.enabled = false (default)
2023-08-28 07:17:13,109 [s0-groupManagement] INFO  segmented.SegmentedRaftLogWorker (SegmentedRaftLogWorker.java:lambda$new$0(134)) - s0@group-7E38B00F15F0-SegmentedRaftLogWorker: flushIndex: setUnconditionally 0 -> -1
2023-08-28 07:17:13,109 [s0-groupManagement] INFO  segmented.SegmentedRaftLogWorker (SegmentedRaftLogWorker.java:lambda$new$0(134)) - s0@group-7E38B00F15F0-SegmentedRaftLogWorker: safeCacheEvictIndex: setUnconditionally 0 -> -1
2023-08-28 07:17:13,111 [s0-groupManagement] INFO  server.RaftServer$Division (RaftServerImpl.java:start(384)) - s0@group-7E38B00F15F0: start as a follower, conf=-1: peers:[s0|rpc:0.0.0.0:35673|dataStream:|priority:0|startupRole:FOLLOWER, s1|rpc:0.0.0.0:35957|dataStream:|priority:0|startupRole:FOLLOWER, s2|rpc:0.0.0.0:41835|dataStream:|priority:0|startupRole:FOLLOWER]|listeners:[], old=null
2023-08-28 07:17:13,111 [s0-groupManagement] INFO  server.RaftServer$Division (RaftServerImpl.java:setRole(371)) - s0@group-7E38B00F15F0: changes role from      null to FOLLOWER at term 0 for startAsFollower
2023-08-28 07:17:13,111 [s0-groupManagement] INFO  impl.RoleInfo (RoleInfo.java:updateAndGet(138)) - s0: start s0@group-7E38B00F15F0-FollowerState
2023-08-28 07:17:13,114 [s0-groupManagement] INFO  util.JmxRegister (JmxRegister.java:tryRegister(44)) - Successfully registered JMX Bean with object name Ratis:service=RaftServer,group=group-7E38B00F15F0,id=s0
2023-08-28 07:17:13,114 [s0-groupManagement] INFO  server.RaftServerConfigKeys (ConfUtils.java:logGet(46)) - raft.server.snapshot.trigger-when-stop.enabled = true (default)
2023-08-28 07:17:13,114 [s0-groupManagement] INFO  server.RaftServerConfigKeys (ConfUtils.java:logGet(46)) - raft.server.snapshot.auto.trigger.enabled = false (default)
2023-08-28 07:17:13,114 [s0-groupManagement] INFO  server.RaftServerConfigKeys (ConfUtils.java:logGet(46)) - raft.server.snapshot.retention.file.num = -1 (default)
2023-08-28 07:17:13,118 [s0-groupManagement] INFO  server.RaftServerConfigKeys (ConfUtils.java:logGet(46)) - raft.server.log.purge.upto.snapshot.index = false (default)
2023-08-28 07:17:13,121 [s0@group-7E38B00F15F0-FollowerState] INFO  server.RaftServerConfigKeys (ConfUtils.java:logFallback(53)) - raft.server.rpc.first-election.timeout.min = 1500ms (fallback to raft.server.rpc.timeout.min)
2023-08-28 07:17:13,121 [s0@group-7E38B00F15F0-FollowerState] INFO  server.RaftServerConfigKeys (ConfUtils.java:logFallback(53)) - raft.server.rpc.first-election.timeout.max = 2000ms (fallback to raft.server.rpc.timeout.max)
2023-08-28 07:17:13,124 [nioEventLoopGroup-11-1] INFO  logging.LoggingHandler (AbstractInternalLogger.java:log(148)) - [id: 0x22977530, L:/0.0.0.0:35957] READ: [id: 0xda8de159, L:/10.1.0.28:35957 - R:/10.1.0.28:36988]
2023-08-28 07:17:13,127 [nioEventLoopGroup-11-1] INFO  logging.LoggingHandler (AbstractInternalLogger.java:log(148)) - [id: 0x22977530, L:/0.0.0.0:35957] READ COMPLETE
2023-08-28 07:17:13,128 [nioEventLoopGroup-12-1] INFO  server.RaftServer (RaftServerProxy.java:addNew(99)) - s1: addNew group-7E38B00F15F0:[s0|rpc:0.0.0.0:35673|dataStream:|priority:0|startupRole:FOLLOWER, s1|rpc:0.0.0.0:35957|dataStream:|priority:0|startupRole:FOLLOWER, s2|rpc:0.0.0.0:41835|dataStream:|priority:0|startupRole:FOLLOWER] returns group-7E38B00F15F0:java.util.concurrent.CompletableFuture@1eb3309c[Not completed]
2023-08-28 07:17:13,130 [s1-groupManagement] INFO  server.RaftServer$Division (RaftServerImpl.java:<init>(250)) - s1: new RaftServerImpl for group-7E38B00F15F0:[s0|rpc:0.0.0.0:35673|dataStream:|priority:0|startupRole:FOLLOWER, s1|rpc:0.0.0.0:35957|dataStream:|priority:0|startupRole:FOLLOWER, s2|rpc:0.0.0.0:41835|dataStream:|priority:0|startupRole:FOLLOWER] with BaseStateMachine:uninitialized
2023-08-28 07:17:13,132 [s1-groupManagement] INFO  server.RaftServerConfigKeys (ConfUtils.java:logGet(46)) - raft.server.rpc.timeout.min = 1500ms (custom)
2023-08-28 07:17:13,132 [s1-groupManagement] INFO  server.RaftServerConfigKeys (ConfUtils.java:logGet(46)) - raft.server.rpc.timeout.max = 2000ms (custom)
2023-08-28 07:17:13,133 [s1-groupManagement] INFO  server.RaftServerConfigKeys (ConfUtils.java:logGet(46)) - raft.server.rpc.sleep.time = 25ms (default)
2023-08-28 07:17:13,133 [s1-groupManagement] INFO  server.RaftServerConfigKeys (ConfUtils.java:logGet(46)) - raft.server.rpc.slowness.timeout = 60s (default)
2023-08-28 07:17:13,133 [s1-groupManagement] INFO  server.RaftServerConfigKeys (ConfUtils.java:logGet(46)) - raft.server.leaderelection.leader.step-down.wait-time = 10s (default)
2023-08-28 07:17:13,133 [s1-groupManagement] INFO  server.RaftServerConfigKeys (ConfUtils.java:logGet(46)) - raft.server.sleep.deviation.threshold = 300ms (default)
2023-08-28 07:17:13,133 [s1-groupManagement] INFO  server.RaftServer$Division (ServerState.java:<init>(113)) - s1@group-7E38B00F15F0: ConfigurationManager, init=-1: peers:[s0|rpc:0.0.0.0:35673|dataStream:|priority:0|startupRole:FOLLOWER, s1|rpc:0.0.0.0:35957|dataStream:|priority:0|startupRole:FOLLOWER, s2|rpc:0.0.0.0:41835|dataStream:|priority:0|startupRole:FOLLOWER]|listeners:[], old=null, confs=<EMPTY_MAP>
2023-08-28 07:17:13,133 [s1-groupManagement] INFO  server.RaftServerConfigKeys (ConfUtils.java:logGet(46)) - raft.server.notification.no-leader.timeout = 60s (default)
2023-08-28 07:17:13,133 [s1-groupManagement] INFO  server.RaftServerConfigKeys (ConfUtils.java:logGet(46)) - raft.server.read.timeout = 10s (default)
2023-08-28 07:17:13,133 [s1-groupManagement] INFO  server.RaftServerConfigKeys (ConfUtils.java:logGet(46)) - raft.server.retrycache.expirytime = 60s (default)
2023-08-28 07:17:13,134 [s1-groupManagement] INFO  server.RaftServerConfigKeys (ConfUtils.java:logGet(46)) - raft.server.retrycache.statistics.expirytime = 100μs (default)
2023-08-28 07:17:13,134 [s1-groupManagement] INFO  server.RaftServerConfigKeys (ConfUtils.java:logGet(46)) - raft.server.read.option = DEFAULT (default)
2023-08-28 07:17:13,140 [s1-groupManagement] INFO  server.RaftServerConfigKeys (ConfUtils.java:logGet(46)) - raft.server.rpc.request.timeout = 3000ms (default)
2023-08-28 07:17:13,140 [s1-groupManagement] INFO  server.RaftServerConfigKeys (ConfUtils.java:logGet(46)) - raft.server.log.appender.install.snapshot.enabled = true (default)
2023-08-28 07:17:13,140 [s1-groupManagement] INFO  server.RaftServerConfigKeys (ConfUtils.java:logGet(46)) - raft.server.threadpool.server.cached = true (default)
2023-08-28 07:17:13,140 [s1-groupManagement] INFO  server.RaftServerConfigKeys (ConfUtils.java:logGet(46)) - raft.server.threadpool.server.size = 0 (default)
2023-08-28 07:17:13,140 [s1-groupManagement] INFO  server.RaftServerConfigKeys (ConfUtils.java:logGet(46)) - raft.server.threadpool.client.cached = true (default)
2023-08-28 07:17:13,140 [s1-groupManagement] INFO  server.RaftServerConfigKeys (ConfUtils.java:logGet(46)) - raft.server.threadpool.client.size = 0 (default)
2023-08-28 07:17:13,140 [s1-groupManagement] DEBUG server.RaftServer (RaftServerProxy.java:lambda$groupAddAsync$11(505)) - s1: newImpl =      null s1@group-7E38B00F15F0:t0, leader=null, voted=null, raftlog=UNINITIALIZED, conf=-1: peers:[s0|rpc:0.0.0.0:35673|dataStream:|priority:0|startupRole:FOLLOWER, s1|rpc:0.0.0.0:35957|dataStream:|priority:0|startupRole:FOLLOWER, s2|rpc:0.0.0.0:41835|dataStream:|priority:0|startupRole:FOLLOWER]|listeners:[], old=null NEW
2023-08-28 07:17:13,140 [s1-groupManagement] INFO  server.RaftServerConfigKeys (ConfUtils.java:logGet(46)) - raft.server.storage.free-space.min = 0MB (=0) (default)
2023-08-28 07:17:13,140 [s1-groupManagement] INFO  server.RaftServerConfigKeys (ConfUtils.java:logGet(46)) - raft.server.log.corruption.policy = EXCEPTION (default)
2023-08-28 07:17:13,140 [s1-groupManagement] INFO  server.RaftServerConfigKeys (ConfUtils.java:logGet(46)) - raft.server.storage.dir = [/home/runner/work/ratis/ratis/ratis-test/target/test/data/c5bbf9cd/MiniRaftClusterWithNetty3a726a16/s1] (custom)
2023-08-28 07:17:13,141 [s1-groupManagement] INFO  storage.RaftStorageDirectory (RaftStorageDirectoryImpl.java:analyzeStorage(138)) - The storage directory /home/runner/work/ratis/ratis/ratis-test/target/test/data/c5bbf9cd/MiniRaftClusterWithNetty3a726a16/s1/dfd8e832-773a-483f-95bb-7e38b00f15f0 does not exist. Creating ...
2023-08-28 07:17:13,141 [s1-groupManagement] TRACE util.FileUtils (LogUtils.java:runAndLog(49)) - Successfully ran Files.createDirectories /home/runner/work/ratis/ratis/ratis-test/target/test/data/c5bbf9cd/MiniRaftClusterWithNetty3a726a16/s1/dfd8e832-773a-483f-95bb-7e38b00f15f0
2023-08-28 07:17:13,145 [s1-groupManagement] INFO  storage.RaftStorageDirectory (RaftStorageDirectoryImpl.java:tryLock(232)) - Lock on /home/runner/work/ratis/ratis/ratis-test/target/test/data/c5bbf9cd/MiniRaftClusterWithNetty3a726a16/s1/dfd8e832-773a-483f-95bb-7e38b00f15f0/in_use.lock acquired by nodename 7908@fv-az1033-516
2023-08-28 07:17:13,145 [s1-groupManagement] TRACE util.FileUtils (LogUtils.java:runAndLog(49)) - Successfully ran Files.createDirectories /home/runner/work/ratis/ratis/ratis-test/target/test/data/c5bbf9cd/MiniRaftClusterWithNetty3a726a16/s1/dfd8e832-773a-483f-95bb-7e38b00f15f0/current
2023-08-28 07:17:13,146 [s1-groupManagement] TRACE util.FileUtils (LogUtils.java:runAndLog(49)) - Successfully ran Files.createDirectories /home/runner/work/ratis/ratis/ratis-test/target/test/data/c5bbf9cd/MiniRaftClusterWithNetty3a726a16/s1/dfd8e832-773a-483f-95bb-7e38b00f15f0/sm
2023-08-28 07:17:13,146 [s1-groupManagement] INFO  storage.RaftStorage (RaftStorageImpl.java:format(97)) - Storage directory /home/runner/work/ratis/ratis/ratis-test/target/test/data/c5bbf9cd/MiniRaftClusterWithNetty3a726a16/s1/dfd8e832-773a-483f-95bb-7e38b00f15f0 has been successfully formatted.
2023-08-28 07:17:13,147 [s1-groupManagement] INFO  server.RaftServerConfigKeys (ConfUtils.java:logGet(46)) - raft.server.log.use.memory = false (default)
2023-08-28 07:17:13,147 [s1-groupManagement] INFO  server.RaftServerConfigKeys (ConfUtils.java:logGet(46)) - raft.server.log.purge.gap = 1024 (default)
2023-08-28 07:17:13,147 [s1-groupManagement] INFO  server.RaftServerConfigKeys (ConfUtils.java:logGet(46)) - raft.server.log.appender.buffer.byte-limit = 4MB (=4194304) (default)
2023-08-28 07:17:13,147 [s1-groupManagement] INFO  server.RaftServerConfigKeys (ConfUtils.java:logGet(46)) - raft.server.log.statemachine.data.read.timeout = 1000ms (default)
2023-08-28 07:17:13,147 [s1-groupManagement] INFO  server.RaftServerConfigKeys (ConfUtils.java:logGet(46)) - raft.server.log.purge.preservation.log.num = 0 (default)
2023-08-28 07:17:13,148 [s1-groupManagement] INFO  server.RaftServerConfigKeys (ConfUtils.java:logGet(46)) - raft.server.log.segment.size.max = 8MB (=8388608) (default)
2023-08-28 07:17:13,148 [s1-groupManagement] INFO  server.RaftServerConfigKeys (ConfUtils.java:logGet(46)) - raft.server.log.segment.cache.num.max = 6 (default)
2023-08-28 07:17:13,148 [s1-groupManagement] INFO  server.RaftServerConfigKeys (ConfUtils.java:logGet(46)) - raft.server.log.segment.cache.size.max = 200MB (=209715200) (default)
2023-08-28 07:17:13,148 [s1-groupManagement] INFO  server.RaftServerConfigKeys (ConfUtils.java:logGet(46)) - raft.server.log.appender.buffer.byte-limit = 4MB (=4194304) (default)
2023-08-28 07:17:13,148 [s1-groupManagement] INFO  segmented.SegmentedRaftLogWorker (SegmentedRaftLogWorker.java:<init>(183)) - new s1@group-7E38B00F15F0-SegmentedRaftLogWorker for RaftStorageImpl:Storage Directory /home/runner/work/ratis/ratis/ratis-test/target/test/data/c5bbf9cd/MiniRaftClusterWithNetty3a726a16/s1/dfd8e832-773a-483f-95bb-7e38b00f15f0
2023-08-28 07:17:13,148 [s1-groupManagement] INFO  server.RaftServerConfigKeys (ConfUtils.java:logGet(46)) - raft.server.log.queue.byte-limit = 64MB (=67108864) (default)
2023-08-28 07:17:13,148 [s1-groupManagement] INFO  server.RaftServerConfigKeys (ConfUtils.java:logGet(46)) - raft.server.log.queue.element-limit = 4096 (default)
2023-08-28 07:17:13,148 [s1-groupManagement] INFO  server.RaftServerConfigKeys (ConfUtils.java:logGet(46)) - raft.server.log.segment.size.max = 8MB (=8388608) (default)
2023-08-28 07:17:13,148 [s1-groupManagement] INFO  server.RaftServerConfigKeys (ConfUtils.java:logGet(46)) - raft.server.log.preallocated.size = 4MB (=4194304) (default)
2023-08-28 07:17:13,148 [s1-groupManagement] INFO  server.RaftServerConfigKeys (ConfUtils.java:logGet(46)) - raft.server.log.force.sync.num = 128 (default)
2023-08-28 07:17:13,148 [s1-groupManagement] INFO  server.RaftServerConfigKeys (ConfUtils.java:logGet(46)) - raft.server.log.statemachine.data.sync = true (default)
2023-08-28 07:17:13,149 [s1-groupManagement] INFO  server.RaftServerConfigKeys (ConfUtils.java:logGet(46)) - raft.server.log.statemachine.data.sync.timeout = 10s (default)
2023-08-28 07:17:13,149 [s1-groupManagement] INFO  server.RaftServerConfigKeys (ConfUtils.java:logGet(46)) - raft.server.log.statemachine.data.sync.timeout.retry = -1 (default)
2023-08-28 07:17:13,149 [s1-groupManagement] INFO  server.RaftServerConfigKeys (ConfUtils.java:logGet(46)) - raft.server.log.write.buffer.size = 64KB (=65536) (default)
2023-08-28 07:17:13,149 [s1-groupManagement] INFO  server.RaftServerConfigKeys (ConfUtils.java:logGet(46)) - raft.server.log.appender.buffer.byte-limit = 4MB (=4194304) (default)
2023-08-28 07:17:13,150 [s1-groupManagement] INFO  server.RaftServerConfigKeys (ConfUtils.java:logGet(46)) - raft.server.log.unsafe-flush.enabled = false (default)
2023-08-28 07:17:13,150 [s1-groupManagement] INFO  server.RaftServerConfigKeys (ConfUtils.java:logGet(46)) - raft.server.log.async-flush.enabled = false (default)
2023-08-28 07:17:13,150 [s1-groupManagement] INFO  server.RaftServerConfigKeys (ConfUtils.java:logGet(46)) - raft.server.log.statemachine.data.caching.enabled = false (default)
2023-08-28 07:17:13,151 [s1-groupManagement] INFO  segmented.SegmentedRaftLogWorker (SegmentedRaftLogWorker.java:lambda$new$0(134)) - s1@group-7E38B00F15F0-SegmentedRaftLogWorker: flushIndex: setUnconditionally 0 -> -1
2023-08-28 07:17:13,151 [s1-groupManagement] INFO  segmented.SegmentedRaftLogWorker (SegmentedRaftLogWorker.java:lambda$new$0(134)) - s1@group-7E38B00F15F0-SegmentedRaftLogWorker: safeCacheEvictIndex: setUnconditionally 0 -> -1
2023-08-28 07:17:13,151 [s1-groupManagement] INFO  server.RaftServer$Division (RaftServerImpl.java:start(384)) - s1@group-7E38B00F15F0: start as a follower, conf=-1: peers:[s0|rpc:0.0.0.0:35673|dataStream:|priority:0|startupRole:FOLLOWER, s1|rpc:0.0.0.0:35957|dataStream:|priority:0|startupRole:FOLLOWER, s2|rpc:0.0.0.0:41835|dataStream:|priority:0|startupRole:FOLLOWER]|listeners:[], old=null
2023-08-28 07:17:13,151 [s1-groupManagement] INFO  server.RaftServer$Division (RaftServerImpl.java:setRole(371)) - s1@group-7E38B00F15F0: changes role from      null to FOLLOWER at term 0 for startAsFollower
2023-08-28 07:17:13,151 [s1-groupManagement] INFO  impl.RoleInfo (RoleInfo.java:updateAndGet(138)) - s1: start s1@group-7E38B00F15F0-FollowerState
2023-08-28 07:17:13,157 [s1-groupManagement] INFO  util.JmxRegister (JmxRegister.java:tryRegister(44)) - Successfully registered JMX Bean with object name Ratis:service=RaftServer,group=group-7E38B00F15F0,id=s1
2023-08-28 07:17:13,157 [s1@group-7E38B00F15F0-FollowerState] INFO  server.RaftServerConfigKeys (ConfUtils.java:logFallback(53)) - raft.server.rpc.first-election.timeout.min = 1500ms (fallback to raft.server.rpc.timeout.min)
2023-08-28 07:17:13,158 [s1@group-7E38B00F15F0-FollowerState] INFO  server.RaftServerConfigKeys (ConfUtils.java:logFallback(53)) - raft.server.rpc.first-election.timeout.max = 2000ms (fallback to raft.server.rpc.timeout.max)
2023-08-28 07:17:13,158 [s1-groupManagement] INFO  server.RaftServerConfigKeys (ConfUtils.java:logGet(46)) - raft.server.snapshot.trigger-when-stop.enabled = true (default)
2023-08-28 07:17:13,158 [s1-groupManagement] INFO  server.RaftServerConfigKeys (ConfUtils.java:logGet(46)) - raft.server.snapshot.auto.trigger.enabled = false (default)
2023-08-28 07:17:13,158 [s1-groupManagement] INFO  server.RaftServerConfigKeys (ConfUtils.java:logGet(46)) - raft.server.snapshot.retention.file.num = -1 (default)
2023-08-28 07:17:13,158 [s1-groupManagement] INFO  server.RaftServerConfigKeys (ConfUtils.java:logGet(46)) - raft.server.log.purge.upto.snapshot.index = false (default)
2023-08-28 07:17:13,161 [nioEventLoopGroup-13-1] INFO  logging.LoggingHandler (AbstractInternalLogger.java:log(148)) - [id: 0xce313164, L:/0.0.0.0:41835] READ: [id: 0x177d8994, L:/10.1.0.28:41835 - R:/10.1.0.28:35962]
2023-08-28 07:17:13,162 [nioEventLoopGroup-13-1] INFO  logging.LoggingHandler (AbstractInternalLogger.java:log(148)) - [id: 0xce313164, L:/0.0.0.0:41835] READ COMPLETE
2023-08-28 07:17:13,167 [nioEventLoopGroup-14-1] INFO  server.RaftServer (RaftServerProxy.java:addNew(99)) - s2: addNew group-7E38B00F15F0:[s0|rpc:0.0.0.0:35673|dataStream:|priority:0|startupRole:FOLLOWER, s1|rpc:0.0.0.0:35957|dataStream:|priority:0|startupRole:FOLLOWER, s2|rpc:0.0.0.0:41835|dataStream:|priority:0|startupRole:FOLLOWER] returns group-7E38B00F15F0:java.util.concurrent.CompletableFuture@6010f1b8[Not completed]
2023-08-28 07:17:13,169 [s2-groupManagement] INFO  server.RaftServer$Division (RaftServerImpl.java:<init>(250)) - s2: new RaftServerImpl for group-7E38B00F15F0:[s0|rpc:0.0.0.0:35673|dataStream:|priority:0|startupRole:FOLLOWER, s1|rpc:0.0.0.0:35957|dataStream:|priority:0|startupRole:FOLLOWER, s2|rpc:0.0.0.0:41835|dataStream:|priority:0|startupRole:FOLLOWER] with BaseStateMachine:uninitialized
2023-08-28 07:17:13,170 [s2-groupManagement] INFO  server.RaftServerConfigKeys (ConfUtils.java:logGet(46)) - raft.server.rpc.timeout.min = 1500ms (custom)
2023-08-28 07:17:13,170 [s2-groupManagement] INFO  server.RaftServerConfigKeys (ConfUtils.java:logGet(46)) - raft.server.rpc.timeout.max = 2000ms (custom)
2023-08-28 07:17:13,170 [s2-groupManagement] INFO  server.RaftServerConfigKeys (ConfUtils.java:logGet(46)) - raft.server.rpc.sleep.time = 25ms (default)
2023-08-28 07:17:13,170 [s2-groupManagement] INFO  server.RaftServerConfigKeys (ConfUtils.java:logGet(46)) - raft.server.rpc.slowness.timeout = 60s (default)
2023-08-28 07:17:13,170 [s2-groupManagement] INFO  server.RaftServerConfigKeys (ConfUtils.java:logGet(46)) - raft.server.leaderelection.leader.step-down.wait-time = 10s (default)
2023-08-28 07:17:13,170 [s2-groupManagement] INFO  server.RaftServerConfigKeys (ConfUtils.java:logGet(46)) - raft.server.sleep.deviation.threshold = 300ms (default)
2023-08-28 07:17:13,170 [s2-groupManagement] INFO  server.RaftServer$Division (ServerState.java:<init>(113)) - s2@group-7E38B00F15F0: ConfigurationManager, init=-1: peers:[s0|rpc:0.0.0.0:35673|dataStream:|priority:0|startupRole:FOLLOWER, s1|rpc:0.0.0.0:35957|dataStream:|priority:0|startupRole:FOLLOWER, s2|rpc:0.0.0.0:41835|dataStream:|priority:0|startupRole:FOLLOWER]|listeners:[], old=null, confs=<EMPTY_MAP>
2023-08-28 07:17:13,170 [s2-groupManagement] INFO  server.RaftServerConfigKeys (ConfUtils.java:logGet(46)) - raft.server.notification.no-leader.timeout = 60s (default)
2023-08-28 07:17:13,170 [s2-groupManagement] INFO  server.RaftServerConfigKeys (ConfUtils.java:logGet(46)) - raft.server.read.timeout = 10s (default)
2023-08-28 07:17:13,174 [s2-groupManagement] INFO  server.RaftServerConfigKeys (ConfUtils.java:logGet(46)) - raft.server.retrycache.expirytime = 60s (default)
2023-08-28 07:17:13,174 [s2-groupManagement] INFO  server.RaftServerConfigKeys (ConfUtils.java:logGet(46)) - raft.server.retrycache.statistics.expirytime = 100μs (default)
2023-08-28 07:17:13,175 [s2-groupManagement] INFO  server.RaftServerConfigKeys (ConfUtils.java:logGet(46)) - raft.server.read.option = DEFAULT (default)
2023-08-28 07:17:13,179 [s2-groupManagement] INFO  server.RaftServerConfigKeys (ConfUtils.java:logGet(46)) - raft.server.rpc.request.timeout = 3000ms (default)
2023-08-28 07:17:13,179 [s2-groupManagement] INFO  server.RaftServerConfigKeys (ConfUtils.java:logGet(46)) - raft.server.log.appender.install.snapshot.enabled = true (default)
2023-08-28 07:17:13,179 [s2-groupManagement] INFO  server.RaftServerConfigKeys (ConfUtils.java:logGet(46)) - raft.server.threadpool.server.cached = true (default)
2023-08-28 07:17:13,179 [s2-groupManagement] INFO  server.RaftServerConfigKeys (ConfUtils.java:logGet(46)) - raft.server.threadpool.server.size = 0 (default)
2023-08-28 07:17:13,179 [s2-groupManagement] INFO  server.RaftServerConfigKeys (ConfUtils.java:logGet(46)) - raft.server.threadpool.client.cached = true (default)
2023-08-28 07:17:13,179 [s2-groupManagement] INFO  server.RaftServerConfigKeys (ConfUtils.java:logGet(46)) - raft.server.threadpool.client.size = 0 (default)
2023-08-28 07:17:13,179 [s2-groupManagement] DEBUG server.RaftServer (RaftServerProxy.java:lambda$groupAddAsync$11(505)) - s2: newImpl =      null s2@group-7E38B00F15F0:t0, leader=null, voted=null, raftlog=UNINITIALIZED, conf=-1: peers:[s0|rpc:0.0.0.0:35673|dataStream:|priority:0|startupRole:FOLLOWER, s1|rpc:0.0.0.0:35957|dataStream:|priority:0|startupRole:FOLLOWER, s2|rpc:0.0.0.0:41835|dataStream:|priority:0|startupRole:FOLLOWER]|listeners:[], old=null NEW
2023-08-28 07:17:13,179 [s2-groupManagement] INFO  server.RaftServerConfigKeys (ConfUtils.java:logGet(46)) - raft.server.storage.free-space.min = 0MB (=0) (default)
2023-08-28 07:17:13,179 [s2-groupManagement] INFO  server.RaftServerConfigKeys (ConfUtils.java:logGet(46)) - raft.server.log.corruption.policy = EXCEPTION (default)
2023-08-28 07:17:13,179 [s2-groupManagement] INFO  server.RaftServerConfigKeys (ConfUtils.java:logGet(46)) - raft.server.storage.dir = [/home/runner/work/ratis/ratis/ratis-test/target/test/data/c5bbf9cd/MiniRaftClusterWithNetty3a726a16/s2] (custom)
2023-08-28 07:17:13,180 [s2-groupManagement] INFO  storage.RaftStorageDirectory (RaftStorageDirectoryImpl.java:analyzeStorage(138)) - The storage directory /home/runner/work/ratis/ratis/ratis-test/target/test/data/c5bbf9cd/MiniRaftClusterWithNetty3a726a16/s2/dfd8e832-773a-483f-95bb-7e38b00f15f0 does not exist. Creating ...
2023-08-28 07:17:13,180 [s2-groupManagement] TRACE util.FileUtils (LogUtils.java:runAndLog(49)) - Successfully ran Files.createDirectories /home/runner/work/ratis/ratis/ratis-test/target/test/data/c5bbf9cd/MiniRaftClusterWithNetty3a726a16/s2/dfd8e832-773a-483f-95bb-7e38b00f15f0
2023-08-28 07:17:13,182 [s2-groupManagement] INFO  storage.RaftStorageDirectory (RaftStorageDirectoryImpl.java:tryLock(232)) - Lock on /home/runner/work/ratis/ratis/ratis-test/target/test/data/c5bbf9cd/MiniRaftClusterWithNetty3a726a16/s2/dfd8e832-773a-483f-95bb-7e38b00f15f0/in_use.lock acquired by nodename 7908@fv-az1033-516
2023-08-28 07:17:13,183 [s2-groupManagement] TRACE util.FileUtils (LogUtils.java:runAndLog(49)) - Successfully ran Files.createDirectories /home/runner/work/ratis/ratis/ratis-test/target/test/data/c5bbf9cd/MiniRaftClusterWithNetty3a726a16/s2/dfd8e832-773a-483f-95bb-7e38b00f15f0/current
2023-08-28 07:17:13,183 [s2-groupManagement] TRACE util.FileUtils (LogUtils.java:runAndLog(49)) - Successfully ran Files.createDirectories /home/runner/work/ratis/ratis/ratis-test/target/test/data/c5bbf9cd/MiniRaftClusterWithNetty3a726a16/s2/dfd8e832-773a-483f-95bb-7e38b00f15f0/sm
2023-08-28 07:17:13,184 [s2-groupManagement] INFO  storage.RaftStorage (RaftStorageImpl.java:format(97)) - Storage directory /home/runner/work/ratis/ratis/ratis-test/target/test/data/c5bbf9cd/MiniRaftClusterWithNetty3a726a16/s2/dfd8e832-773a-483f-95bb-7e38b00f15f0 has been successfully formatted.
2023-08-28 07:17:13,184 [s2-groupManagement] INFO  server.RaftServerConfigKeys (ConfUtils.java:logGet(46)) - raft.server.log.use.memory = false (default)
2023-08-28 07:17:13,184 [s2-groupManagement] INFO  server.RaftServerConfigKeys (ConfUtils.java:logGet(46)) - raft.server.log.purge.gap = 1024 (default)
2023-08-28 07:17:13,184 [s2-groupManagement] INFO  server.RaftServerConfigKeys (ConfUtils.java:logGet(46)) - raft.server.log.appender.buffer.byte-limit = 4MB (=4194304) (default)
2023-08-28 07:17:13,184 [s2-groupManagement] INFO  server.RaftServerConfigKeys (ConfUtils.java:logGet(46)) - raft.server.log.statemachine.data.read.timeout = 1000ms (default)
2023-08-28 07:17:13,184 [s2-groupManagement] INFO  server.RaftServerConfigKeys (ConfUtils.java:logGet(46)) - raft.server.log.purge.preservation.log.num = 0 (default)
2023-08-28 07:17:13,185 [s2-groupManagement] INFO  server.RaftServerConfigKeys (ConfUtils.java:logGet(46)) - raft.server.log.segment.size.max = 8MB (=8388608) (default)
2023-08-28 07:17:13,185 [s2-groupManagement] INFO  server.RaftServerConfigKeys (ConfUtils.java:logGet(46)) - raft.server.log.segment.cache.num.max = 6 (default)
2023-08-28 07:17:13,185 [s2-groupManagement] INFO  server.RaftServerConfigKeys (ConfUtils.java:logGet(46)) - raft.server.log.segment.cache.size.max = 200MB (=209715200) (default)
2023-08-28 07:17:13,185 [s2-groupManagement] INFO  server.RaftServerConfigKeys (ConfUtils.java:logGet(46)) - raft.server.log.appender.buffer.byte-limit = 4MB (=4194304) (default)
2023-08-28 07:17:13,185 [s2-groupManagement] INFO  segmented.SegmentedRaftLogWorker (SegmentedRaftLogWorker.java:<init>(183)) - new s2@group-7E38B00F15F0-SegmentedRaftLogWorker for RaftStorageImpl:Storage Directory /home/runner/work/ratis/ratis/ratis-test/target/test/data/c5bbf9cd/MiniRaftClusterWithNetty3a726a16/s2/dfd8e832-773a-483f-95bb-7e38b00f15f0
2023-08-28 07:17:13,185 [s2-groupManagement] INFO  server.RaftServerConfigKeys (ConfUtils.java:logGet(46)) - raft.server.log.queue.byte-limit = 64MB (=67108864) (default)
2023-08-28 07:17:13,185 [s2-groupManagement] INFO  server.RaftServerConfigKeys (ConfUtils.java:logGet(46)) - raft.server.log.queue.element-limit = 4096 (default)
2023-08-28 07:17:13,185 [s2-groupManagement] INFO  server.RaftServerConfigKeys (ConfUtils.java:logGet(46)) - raft.server.log.segment.size.max = 8MB (=8388608) (default)
2023-08-28 07:17:13,185 [s2-groupManagement] INFO  server.RaftServerConfigKeys (ConfUtils.java:logGet(46)) - raft.server.log.preallocated.size = 4MB (=4194304) (default)
2023-08-28 07:17:13,185 [s2-groupManagement] INFO  server.RaftServerConfigKeys (ConfUtils.java:logGet(46)) - raft.server.log.force.sync.num = 128 (default)
2023-08-28 07:17:13,185 [s2-groupManagement] INFO  server.RaftServerConfigKeys (ConfUtils.java:logGet(46)) - raft.server.log.statemachine.data.sync = true (default)
2023-08-28 07:17:13,185 [s2-groupManagement] INFO  server.RaftServerConfigKeys (ConfUtils.java:logGet(46)) - raft.server.log.statemachine.data.sync.timeout = 10s (default)
2023-08-28 07:17:13,185 [s2-groupManagement] INFO  server.RaftServerConfigKeys (ConfUtils.java:logGet(46)) - raft.server.log.statemachine.data.sync.timeout.retry = -1 (default)
2023-08-28 07:17:13,186 [s2-groupManagement] INFO  server.RaftServerConfigKeys (ConfUtils.java:logGet(46)) - raft.server.log.write.buffer.size = 64KB (=65536) (default)
2023-08-28 07:17:13,186 [s2-groupManagement] INFO  server.RaftServerConfigKeys (ConfUtils.java:logGet(46)) - raft.server.log.appender.buffer.byte-limit = 4MB (=4194304) (default)
2023-08-28 07:17:13,187 [s2-groupManagement] INFO  server.RaftServerConfigKeys (ConfUtils.java:logGet(46)) - raft.server.log.unsafe-flush.enabled = false (default)
2023-08-28 07:17:13,187 [s2-groupManagement] INFO  server.RaftServerConfigKeys (ConfUtils.java:logGet(46)) - raft.server.log.async-flush.enabled = false (default)
2023-08-28 07:17:13,187 [s2-groupManagement] INFO  server.RaftServerConfigKeys (ConfUtils.java:logGet(46)) - raft.server.log.statemachine.data.caching.enabled = false (default)
2023-08-28 07:17:13,187 [s2-groupManagement] INFO  segmented.SegmentedRaftLogWorker (SegmentedRaftLogWorker.java:lambda$new$0(134)) - s2@group-7E38B00F15F0-SegmentedRaftLogWorker: flushIndex: setUnconditionally 0 -> -1
2023-08-28 07:17:13,187 [s2-groupManagement] INFO  segmented.SegmentedRaftLogWorker (SegmentedRaftLogWorker.java:lambda$new$0(134)) - s2@group-7E38B00F15F0-SegmentedRaftLogWorker: safeCacheEvictIndex: setUnconditionally 0 -> -1
2023-08-28 07:17:13,187 [s2-groupManagement] INFO  server.RaftServer$Division (RaftServerImpl.java:start(384)) - s2@group-7E38B00F15F0: start as a follower, conf=-1: peers:[s0|rpc:0.0.0.0:35673|dataStream:|priority:0|startupRole:FOLLOWER, s1|rpc:0.0.0.0:35957|dataStream:|priority:0|startupRole:FOLLOWER, s2|rpc:0.0.0.0:41835|dataStream:|priority:0|startupRole:FOLLOWER]|listeners:[], old=null
2023-08-28 07:17:13,187 [s2-groupManagement] INFO  server.RaftServer$Division (RaftServerImpl.java:setRole(371)) - s2@group-7E38B00F15F0: changes role from      null to FOLLOWER at term 0 for startAsFollower
2023-08-28 07:17:13,188 [s2-groupManagement] INFO  impl.RoleInfo (RoleInfo.java:updateAndGet(138)) - s2: start s2@group-7E38B00F15F0-FollowerState
2023-08-28 07:17:13,189 [s2@group-7E38B00F15F0-FollowerState] INFO  server.RaftServerConfigKeys (ConfUtils.java:logFallback(53)) - raft.server.rpc.first-election.timeout.min = 1500ms (fallback to raft.server.rpc.timeout.min)
2023-08-28 07:17:13,189 [s2-groupManagement] INFO  util.JmxRegister (JmxRegister.java:tryRegister(44)) - Successfully registered JMX Bean with object name Ratis:service=RaftServer,group=group-7E38B00F15F0,id=s2
2023-08-28 07:17:13,190 [s2@group-7E38B00F15F0-FollowerState] INFO  server.RaftServerConfigKeys (ConfUtils.java:logFallback(53)) - raft.server.rpc.first-election.timeout.max = 2000ms (fallback to raft.server.rpc.timeout.max)
2023-08-28 07:17:13,190 [s2-groupManagement] INFO  server.RaftServerConfigKeys (ConfUtils.java:logGet(46)) - raft.server.snapshot.trigger-when-stop.enabled = true (default)
2023-08-28 07:17:13,190 [s2-groupManagement] INFO  server.RaftServerConfigKeys (ConfUtils.java:logGet(46)) - raft.server.snapshot.auto.trigger.enabled = false (default)
2023-08-28 07:17:13,190 [s2-groupManagement] INFO  server.RaftServerConfigKeys (ConfUtils.java:logGet(46)) - raft.server.snapshot.retention.file.num = -1 (default)
2023-08-28 07:17:13,190 [s2-groupManagement] INFO  server.RaftServerConfigKeys (ConfUtils.java:logGet(46)) - raft.server.log.purge.upto.snapshot.index = false (default)
2023-08-28 07:17:13,198 [Time-limited test] INFO  server.RaftServerConfigKeys (ConfUtils.java:logGet(46)) - raft.server.rpc.timeout.max = 2000ms (custom)
2023-08-28 07:17:13,199 [Time-limited test] INFO  ratis.RaftTestUtil (RaftTestUtil.java:waitForLeader(100)) - printing ALL groups
  s0:  RUNNING  FOLLOWER s0@group-7E38B00F15F0:t0, leader=null, voted=, raftlog=Memoized:s0@group-7E38B00F15F0-SegmentedRaftLog:OPENED:c-1, conf=-1: peers:[s0|rpc:0.0.0.0:35673|dataStream:|priority:0|startupRole:FOLLOWER, s1|rpc:0.0.0.0:35957|dataStream:|priority:0|startupRole:FOLLOWER, s2|rpc:0.0.0.0:41835|dataStream:|priority:0|startupRole:FOLLOWER]|listeners:[], old=null RUNNING
  s1:  RUNNING  FOLLOWER s1@group-7E38B00F15F0:t0, leader=null, voted=, raftlog=Memoized:s1@group-7E38B00F15F0-SegmentedRaftLog:OPENED:c-1, conf=-1: peers:[s0|rpc:0.0.0.0:35673|dataStream:|priority:0|startupRole:FOLLOWER, s1|rpc:0.0.0.0:35957|dataStream:|priority:0|startupRole:FOLLOWER, s2|rpc:0.0.0.0:41835|dataStream:|priority:0|startupRole:FOLLOWER]|listeners:[], old=null RUNNING
  s2:  RUNNING  FOLLOWER s2@group-7E38B00F15F0:t0, leader=null, voted=, raftlog=Memoized:s2@group-7E38B00F15F0-SegmentedRaftLog:OPENED:c-1, conf=-1: peers:[s0|rpc:0.0.0.0:35673|dataStream:|priority:0|startupRole:FOLLOWER, s1|rpc:0.0.0.0:35957|dataStream:|priority:0|startupRole:FOLLOWER, s2|rpc:0.0.0.0:41835|dataStream:|priority:0|startupRole:FOLLOWER]|listeners:[], old=null RUNNING
2023-08-28 07:17:13,204 [Time-limited test] WARN  ratis.RaftTestUtil (JavaUtils.java:attempt(217)) - FAILED "waitForLeader-null-(expectLeader? true)", attempt #1/100: java.lang.IllegalStateException: No leader yet : printing ALL groups
  s0:  RUNNING  FOLLOWER s0@group-7E38B00F15F0:t0, leader=null, voted=, raftlog=Memoized:s0@group-7E38B00F15F0-SegmentedRaftLog:OPENED:c-1, conf=-1: peers:[s0|rpc:0.0.0.0:35673|dataStream:|priority:0|startupRole:FOLLOWER, s1|rpc:0.0.0.0:35957|dataStream:|priority:0|startupRole:FOLLOWER, s2|rpc:0.0.0.0:41835|dataStream:|priority:0|startupRole:FOLLOWER]|listeners:[], old=null RUNNING
  s1:  RUNNING  FOLLOWER s1@group-7E38B00F15F0:t0, leader=null, voted=, raftlog=Memoized:s1@group-7E38B00F15F0-SegmentedRaftLog:OPENED:c-1, conf=-1: peers:[s0|rpc:0.0.0.0:35673|dataStream:|priority:0|startupRole:FOLLOWER, s1|rpc:0.0.0.0:35957|dataStream:|priority:0|startupRole:FOLLOWER, s2|rpc:0.0.0.0:41835|dataStream:|priority:0|startupRole:FOLLOWER]|listeners:[], old=null RUNNING
  s2:  RUNNING  FOLLOWER s2@group-7E38B00F15F0:t0, leader=null, voted=, raftlog=Memoized:s2@group-7E38B00F15F0-SegmentedRaftLog:OPENED:c-1, conf=-1: peers:[s0|rpc:0.0.0.0:35673|dataStream:|priority:0|startupRole:FOLLOWER, s1|rpc:0.0.0.0:35957|dataStream:|priority:0|startupRole:FOLLOWER, s2|rpc:0.0.0.0:41835|dataStream:|priority:0|startupRole:FOLLOWER]|listeners:[], old=null RUNNING, sleep 3000ms and then retry.
java.lang.IllegalStateException: No leader yet : printing ALL groups
  s0:  RUNNING  FOLLOWER s0@group-7E38B00F15F0:t0, leader=null, voted=, raftlog=Memoized:s0@group-7E38B00F15F0-SegmentedRaftLog:OPENED:c-1, conf=-1: peers:[s0|rpc:0.0.0.0:35673|dataStream:|priority:0|startupRole:FOLLOWER, s1|rpc:0.0.0.0:35957|dataStream:|priority:0|startupRole:FOLLOWER, s2|rpc:0.0.0.0:41835|dataStream:|priority:0|startupRole:FOLLOWER]|listeners:[], old=null RUNNING
  s1:  RUNNING  FOLLOWER s1@group-7E38B00F15F0:t0, leader=null, voted=, raftlog=Memoized:s1@group-7E38B00F15F0-SegmentedRaftLog:OPENED:c-1, conf=-1: peers:[s0|rpc:0.0.0.0:35673|dataStream:|priority:0|startupRole:FOLLOWER, s1|rpc:0.0.0.0:35957|dataStream:|priority:0|startupRole:FOLLOWER, s2|rpc:0.0.0.0:41835|dataStream:|priority:0|startupRole:FOLLOWER]|listeners:[], old=null RUNNING
  s2:  RUNNING  FOLLOWER s2@group-7E38B00F15F0:t0, leader=null, voted=, raftlog=Memoized:s2@group-7E38B00F15F0-SegmentedRaftLog:OPENED:c-1, conf=-1: peers:[s0|rpc:0.0.0.0:35673|dataStream:|priority:0|startupRole:FOLLOWER, s1|rpc:0.0.0.0:35957|dataStream:|priority:0|startupRole:FOLLOWER, s2|rpc:0.0.0.0:41835|dataStream:|priority:0|startupRole:FOLLOWER]|listeners:[], old=null RUNNING
	at org.apache.ratis.server.impl.MiniRaftCluster.newIllegalStateExceptionForNoLeaders(MiniRaftCluster.java:581)
	at org.apache.ratis.RaftTestUtil.lambda$waitForLeader$1(RaftTestUtil.java:104)
	at org.apache.ratis.server.impl.MiniRaftCluster.getLeader(MiniRaftCluster.java:615)
	at org.apache.ratis.server.impl.MiniRaftCluster.getLeader(MiniRaftCluster.java:608)
	at org.apache.ratis.RaftTestUtil.lambda$waitForLeader$3(RaftTestUtil.java:112)
	at org.apache.ratis.util.JavaUtils.attempt(JavaUtils.java:211)
	at org.apache.ratis.util.JavaUtils.attemptRepeatedly(JavaUtils.java:197)
	at org.apache.ratis.RaftTestUtil.waitForLeader(RaftTestUtil.java:111)
	at org.apache.ratis.RaftTestUtil.waitForLeader(RaftTestUtil.java:92)
	at org.apache.ratis.RaftTestUtil.waitForLeader(RaftTestUtil.java:87)
	at org.apache.ratis.server.impl.GroupManagementBaseTest.testSingleGroupRestart(GroupManagementBaseTest.java:202)
	at java.base/jdk.internal.reflect.NativeMethodAccessorImpl.invoke0(Native Method)
	at java.base/jdk.internal.reflect.NativeMethodAccessorImpl.invoke(NativeMethodAccessorImpl.java:62)
	at java.base/jdk.internal.reflect.DelegatingMethodAccessorImpl.invoke(DelegatingMethodAccessorImpl.java:43)
	at java.base/java.lang.reflect.Method.invoke(Method.java:566)
	at org.junit.runners.model.FrameworkMethod$1.runReflectiveCall(FrameworkMethod.java:59)
	at org.junit.internal.runners.model.ReflectiveCallable.run(ReflectiveCallable.java:12)
	at org.junit.runners.model.FrameworkMethod.invokeExplosively(FrameworkMethod.java:56)
	at org.junit.internal.runners.statements.InvokeMethod.evaluate(InvokeMethod.java:17)
	at org.junit.internal.runners.statements.RunAfters.evaluate(RunAfters.java:27)
	at org.junit.internal.runners.statements.FailOnTimeout$CallableStatement.call(FailOnTimeout.java:299)
	at org.junit.internal.runners.statements.FailOnTimeout$CallableStatement.call(FailOnTimeout.java:293)
	at java.base/java.util.concurrent.FutureTask.run(FutureTask.java:264)
	at java.base/java.lang.Thread.run(Thread.java:829)
2023-08-28 07:17:14,763 [s0@group-7E38B00F15F0-FollowerState] INFO  impl.FollowerState (FollowerState.java:run(143)) - s0@group-7E38B00F15F0-FollowerState: change to CANDIDATE, lastRpcElapsedTime:1652014930ns, electionTimeout:1641ms
2023-08-28 07:17:14,763 [s0@group-7E38B00F15F0-FollowerState] INFO  impl.RoleInfo (RoleInfo.java:shutdownFollowerState(109)) - s0: shutdown s0@group-7E38B00F15F0-FollowerState
2023-08-28 07:17:14,763 [s0@group-7E38B00F15F0-FollowerState] INFO  server.RaftServer$Division (RaftServerImpl.java:setRole(371)) - s0@group-7E38B00F15F0: changes role from  FOLLOWER to CANDIDATE at term 0 for changeToCandidate
2023-08-28 07:17:14,765 [s0@group-7E38B00F15F0-FollowerState] INFO  server.RaftServerConfigKeys (ConfUtils.java:logGet(46)) - raft.server.leaderelection.pre-vote = true (default)
2023-08-28 07:17:14,766 [s0@group-7E38B00F15F0-FollowerState] INFO  impl.RoleInfo (RoleInfo.java:updateAndGet(138)) - s0: start s0@group-7E38B00F15F0-LeaderElection1
2023-08-28 07:17:14,768 [s0@group-7E38B00F15F0-LeaderElection1] INFO  impl.LeaderElection (LeaderElection.java:askForVotes(320)) - s0@group-7E38B00F15F0-LeaderElection1 PRE_VOTE round 0: submit vote requests at term 0 for -1: peers:[s0|rpc:0.0.0.0:35673|dataStream:|priority:0|startupRole:FOLLOWER, s1|rpc:0.0.0.0:35957|dataStream:|priority:0|startupRole:FOLLOWER, s2|rpc:0.0.0.0:41835|dataStream:|priority:0|startupRole:FOLLOWER]|listeners:[], old=null
2023-08-28 07:17:14,772 [s0@group-7E38B00F15F0-LeaderElection1] INFO  server.RaftServerConfigKeys (ConfUtils.java:logFallback(53)) - raft.server.rpc.first-election.timeout.min = 1500ms (fallback to raft.server.rpc.timeout.min)
2023-08-28 07:17:14,772 [s0@group-7E38B00F15F0-LeaderElection1] INFO  server.RaftServerConfigKeys (ConfUtils.java:logFallback(53)) - raft.server.rpc.first-election.timeout.max = 2000ms (fallback to raft.server.rpc.timeout.max)
2023-08-28 07:17:14,783 [nioEventLoopGroup-11-1] INFO  logging.LoggingHandler (AbstractInternalLogger.java:log(148)) - [id: 0x22977530, L:/0.0.0.0:35957] READ: [id: 0x27ad02dd, L:/10.1.0.28:35957 - R:/10.1.0.28:36994]
2023-08-28 07:17:14,785 [nioEventLoopGroup-11-1] INFO  logging.LoggingHandler (AbstractInternalLogger.java:log(148)) - [id: 0x22977530, L:/0.0.0.0:35957] READ COMPLETE
2023-08-28 07:17:14,786 [nioEventLoopGroup-13-1] INFO  logging.LoggingHandler (AbstractInternalLogger.java:log(148)) - [id: 0xce313164, L:/0.0.0.0:41835] READ: [id: 0x58ce4c43, L:/10.1.0.28:41835 - R:/10.1.0.28:35976]
2023-08-28 07:17:14,789 [nioEventLoopGroup-13-1] INFO  logging.LoggingHandler (AbstractInternalLogger.java:log(148)) - [id: 0xce313164, L:/0.0.0.0:41835] READ COMPLETE
2023-08-28 07:17:14,791 [nioEventLoopGroup-14-2] INFO  server.RaftServer$Division (RaftServerImpl.java:requestVote(1344)) - s2@group-7E38B00F15F0: receive requestVote(PRE_VOTE, s0, group-7E38B00F15F0, 0, (t:0, i:0))
2023-08-28 07:17:14,792 [nioEventLoopGroup-14-2] INFO  impl.VoteContext (VoteContext.java:log(49)) - s2@group-7E38B00F15F0-FOLLOWER: accept PRE_VOTE from s0: our priority 0 <= candidate's priority 0
2023-08-28 07:17:14,798 [nioEventLoopGroup-14-2] INFO  server.RaftServer$Division (RaftServerImpl.java:requestVote(1377)) - s2@group-7E38B00F15F0 replies to PRE_VOTE vote request: s0<-s2#0:OK-t0. Peer's state: s2@group-7E38B00F15F0:t0, leader=null, voted=, raftlog=Memoized:s2@group-7E38B00F15F0-SegmentedRaftLog:OPENED:c-1, conf=-1: peers:[s0|rpc:0.0.0.0:35673|dataStream:|priority:0|startupRole:FOLLOWER, s1|rpc:0.0.0.0:35957|dataStream:|priority:0|startupRole:FOLLOWER, s2|rpc:0.0.0.0:41835|dataStream:|priority:0|startupRole:FOLLOWER]|listeners:[], old=null
2023-08-28 07:17:14,800 [s0@group-7E38B00F15F0-LeaderElection1] INFO  impl.LeaderElection (LeaderElection.java:logAndReturn(89)) - s0@group-7E38B00F15F0-LeaderElection1: PRE_VOTE PASSED received 1 response(s) and 0 exception(s):
2023-08-28 07:17:14,800 [s0@group-7E38B00F15F0-LeaderElection1] INFO  impl.LeaderElection (LeaderElection.java:logAndReturn(93)) -   Response 0: s0<-s2#0:OK-t0
2023-08-28 07:17:14,800 [s0@group-7E38B00F15F0-LeaderElection1] INFO  impl.LeaderElection (LeaderElection.java:askForVotes(322)) - s0@group-7E38B00F15F0-LeaderElection1 PRE_VOTE round 0: result PASSED
2023-08-28 07:17:14,801 [s0@group-7E38B00F15F0-LeaderElection1] INFO  impl.LeaderElection (LeaderElection.java:askForVotes(320)) - s0@group-7E38B00F15F0-LeaderElection1 ELECTION round 0: submit vote requests at term 1 for -1: peers:[s0|rpc:0.0.0.0:35673|dataStream:|priority:0|startupRole:FOLLOWER, s1|rpc:0.0.0.0:35957|dataStream:|priority:0|startupRole:FOLLOWER, s2|rpc:0.0.0.0:41835|dataStream:|priority:0|startupRole:FOLLOWER]|listeners:[], old=null
2023-08-28 07:17:14,802 [s0@group-7E38B00F15F0-LeaderElection1] INFO  server.RaftServerConfigKeys (ConfUtils.java:logFallback(53)) - raft.server.rpc.first-election.timeout.min = 1500ms (fallback to raft.server.rpc.timeout.min)
2023-08-28 07:17:14,802 [s0@group-7E38B00F15F0-LeaderElection1] INFO  server.RaftServerConfigKeys (ConfUtils.java:logFallback(53)) - raft.server.rpc.first-election.timeout.max = 2000ms (fallback to raft.server.rpc.timeout.max)
2023-08-28 07:17:14,802 [nioEventLoopGroup-12-2] INFO  server.RaftServer$Division (RaftServerImpl.java:requestVote(1344)) - s1@group-7E38B00F15F0: receive requestVote(PRE_VOTE, s0, group-7E38B00F15F0, 0, (t:0, i:0))
2023-08-28 07:17:14,806 [nioEventLoopGroup-14-2] INFO  server.RaftServer$Division (RaftServerImpl.java:requestVote(1344)) - s2@group-7E38B00F15F0: receive requestVote(ELECTION, s0, group-7E38B00F15F0, 1, (t:0, i:0))
2023-08-28 07:17:14,807 [nioEventLoopGroup-14-2] INFO  impl.VoteContext (VoteContext.java:log(49)) - s2@group-7E38B00F15F0-FOLLOWER: accept ELECTION from s0: our priority 0 <= candidate's priority 0
2023-08-28 07:17:14,807 [nioEventLoopGroup-14-2] INFO  server.RaftServer$Division (RaftServerImpl.java:setRole(371)) - s2@group-7E38B00F15F0: changes role from  FOLLOWER to FOLLOWER at term 1 for candidate:s0
2023-08-28 07:17:14,807 [nioEventLoopGroup-14-2] INFO  impl.RoleInfo (RoleInfo.java:shutdownFollowerState(109)) - s2: shutdown s2@group-7E38B00F15F0-FollowerState
2023-08-28 07:17:14,807 [s2@group-7E38B00F15F0-FollowerState] INFO  impl.FollowerState (FollowerState.java:run(152)) - s2@group-7E38B00F15F0-FollowerState was interrupted
2023-08-28 07:17:14,807 [nioEventLoopGroup-12-2] INFO  impl.VoteContext (VoteContext.java:log(49)) - s1@group-7E38B00F15F0-FOLLOWER: accept PRE_VOTE from s0: our priority 0 <= candidate's priority 0
2023-08-28 07:17:14,808 [nioEventLoopGroup-14-2] INFO  impl.RoleInfo (RoleInfo.java:updateAndGet(138)) - s2: start s2@group-7E38B00F15F0-FollowerState
2023-08-28 07:17:14,808 [nioEventLoopGroup-12-2] INFO  server.RaftServer$Division (RaftServerImpl.java:requestVote(1377)) - s1@group-7E38B00F15F0 replies to PRE_VOTE vote request: s0<-s1#0:OK-t0. Peer's state: s1@group-7E38B00F15F0:t0, leader=null, voted=, raftlog=Memoized:s1@group-7E38B00F15F0-SegmentedRaftLog:OPENED:c-1, conf=-1: peers:[s0|rpc:0.0.0.0:35673|dataStream:|priority:0|startupRole:FOLLOWER, s1|rpc:0.0.0.0:35957|dataStream:|priority:0|startupRole:FOLLOWER, s2|rpc:0.0.0.0:41835|dataStream:|priority:0|startupRole:FOLLOWER]|listeners:[], old=null
2023-08-28 07:17:14,808 [nioEventLoopGroup-14-2] INFO  server.RaftServer$Division (RaftServerImpl.java:setFirstElection(556)) - s2@group-7E38B00F15F0: set firstElectionSinceStartup to false for candidate:s0
2023-08-28 07:17:14,809 [nioEventLoopGroup-14-2] INFO  server.RaftServer$Division (RaftServerImpl.java:requestVote(1377)) - s2@group-7E38B00F15F0 replies to ELECTION vote request: s0<-s2#0:OK-t1. Peer's state: s2@group-7E38B00F15F0:t1, leader=null, voted=s0, raftlog=Memoized:s2@group-7E38B00F15F0-SegmentedRaftLog:OPENED:c-1, conf=-1: peers:[s0|rpc:0.0.0.0:35673|dataStream:|priority:0|startupRole:FOLLOWER, s1|rpc:0.0.0.0:35957|dataStream:|priority:0|startupRole:FOLLOWER, s2|rpc:0.0.0.0:41835|dataStream:|priority:0|startupRole:FOLLOWER]|listeners:[], old=null
2023-08-28 07:17:14,809 [nioEventLoopGroup-12-2] INFO  server.RaftServer$Division (RaftServerImpl.java:requestVote(1344)) - s1@group-7E38B00F15F0: receive requestVote(ELECTION, s0, group-7E38B00F15F0, 1, (t:0, i:0))
2023-08-28 07:17:14,810 [s0@group-7E38B00F15F0-LeaderElection1] INFO  impl.LeaderElection (LeaderElection.java:logAndReturn(89)) - s0@group-7E38B00F15F0-LeaderElection1: ELECTION PASSED received 1 response(s) and 0 exception(s):
2023-08-28 07:17:14,810 [nioEventLoopGroup-12-2] INFO  impl.VoteContext (VoteContext.java:log(49)) - s1@group-7E38B00F15F0-FOLLOWER: accept ELECTION from s0: our priority 0 <= candidate's priority 0
2023-08-28 07:17:14,810 [s0@group-7E38B00F15F0-LeaderElection1] INFO  impl.LeaderElection (LeaderElection.java:logAndReturn(93)) -   Response 0: s0<-s2#0:OK-t1
2023-08-28 07:17:14,810 [nioEventLoopGroup-12-2] INFO  server.RaftServer$Division (RaftServerImpl.java:setRole(371)) - s1@group-7E38B00F15F0: changes role from  FOLLOWER to FOLLOWER at term 1 for candidate:s0
2023-08-28 07:17:14,810 [s0@group-7E38B00F15F0-LeaderElection1] INFO  impl.LeaderElection (LeaderElection.java:askForVotes(322)) - s0@group-7E38B00F15F0-LeaderElection1 ELECTION round 0: result PASSED
2023-08-28 07:17:14,810 [nioEventLoopGroup-12-2] INFO  impl.RoleInfo (RoleInfo.java:shutdownFollowerState(109)) - s1: shutdown s1@group-7E38B00F15F0-FollowerState
2023-08-28 07:17:14,810 [s0@group-7E38B00F15F0-LeaderElection1] INFO  impl.RoleInfo (RoleInfo.java:shutdownLeaderElection(129)) - s0: shutdown s0@group-7E38B00F15F0-LeaderElection1
2023-08-28 07:17:14,810 [s1@group-7E38B00F15F0-FollowerState] INFO  impl.FollowerState (FollowerState.java:run(152)) - s1@group-7E38B00F15F0-FollowerState was interrupted
2023-08-28 07:17:14,810 [s0@group-7E38B00F15F0-LeaderElection1] INFO  server.RaftServer$Division (RaftServerImpl.java:setRole(371)) - s0@group-7E38B00F15F0: changes role from CANDIDATE to LEADER at term 1 for changeToLeader
2023-08-28 07:17:14,814 [nioEventLoopGroup-12-2] INFO  impl.RoleInfo (RoleInfo.java:updateAndGet(138)) - s1: start s1@group-7E38B00F15F0-FollowerState
2023-08-28 07:17:14,815 [s0@group-7E38B00F15F0-LeaderElection1] INFO  server.RaftServerConfigKeys (ConfUtils.java:logGet(46)) - raft.server.staging.catchup.gap = 1000 (default)
2023-08-28 07:17:14,818 [nioEventLoopGroup-12-2] INFO  server.RaftServer$Division (RaftServerImpl.java:setFirstElection(556)) - s1@group-7E38B00F15F0: set firstElectionSinceStartup to false for candidate:s0
2023-08-28 07:17:14,818 [s0@group-7E38B00F15F0-LeaderElection1] INFO  server.RaftServerConfigKeys (ConfUtils.java:logGet(46)) - raft.server.write.element-limit = 4096 (default)
2023-08-28 07:17:14,819 [nioEventLoopGroup-12-2] INFO  server.RaftServer$Division (RaftServerImpl.java:requestVote(1377)) - s1@group-7E38B00F15F0 replies to ELECTION vote request: s0<-s1#0:OK-t1. Peer's state: s1@group-7E38B00F15F0:t1, leader=null, voted=s0, raftlog=Memoized:s1@group-7E38B00F15F0-SegmentedRaftLog:OPENED:c-1, conf=-1: peers:[s0|rpc:0.0.0.0:35673|dataStream:|priority:0|startupRole:FOLLOWER, s1|rpc:0.0.0.0:35957|dataStream:|priority:0|startupRole:FOLLOWER, s2|rpc:0.0.0.0:41835|dataStream:|priority:0|startupRole:FOLLOWER]|listeners:[], old=null
2023-08-28 07:17:14,820 [s0@group-7E38B00F15F0-LeaderElection1] INFO  server.RaftServerConfigKeys (ConfUtils.java:logGet(46)) - raft.server.write.byte-limit = 64MB (=67108864) (default)
2023-08-28 07:17:14,822 [s0@group-7E38B00F15F0-LeaderElection1] INFO  server.RaftServerConfigKeys (ConfUtils.java:logGet(46)) - raft.server.watch.timeout = 10s (default)
2023-08-28 07:17:14,822 [s0@group-7E38B00F15F0-LeaderElection1] INFO  server.RaftServerConfigKeys (ConfUtils.java:logGet(46)) - raft.server.watch.timeout.denomination = 1s (default)
2023-08-28 07:17:14,823 [s0@group-7E38B00F15F0-LeaderElection1] INFO  server.RaftServerConfigKeys (ConfUtils.java:logGet(46)) - raft.server.watch.element-limit = 65536 (default)
2023-08-28 07:17:14,826 [s0@group-7E38B00F15F0-LeaderElection1] INFO  server.RaftServerConfigKeys (ConfUtils.java:logGet(46)) - raft.server.write.element-limit = 4096 (default)
2023-08-28 07:17:14,828 [s0@group-7E38B00F15F0-LeaderElection1] INFO  server.RaftServerConfigKeys (ConfUtils.java:logGet(46)) - raft.server.write.follower.gap.ratio.max = -1.0 (default)
2023-08-28 07:17:14,833 [s0@group-7E38B00F15F0-LeaderElection1] INFO  server.RaftServerConfigKeys (ConfUtils.java:logGet(46)) - raft.server.log.appender.snapshot.chunk.size.max = 16MB (=16777216) (default)
2023-08-28 07:17:14,833 [s0@group-7E38B00F15F0-LeaderElection1] INFO  server.RaftServerConfigKeys (ConfUtils.java:logGet(46)) - raft.server.log.appender.buffer.byte-limit = 4MB (=4194304) (default)
2023-08-28 07:17:14,833 [s0@group-7E38B00F15F0-LeaderElection1] INFO  server.RaftServerConfigKeys (ConfUtils.java:logGet(46)) - raft.server.log.appender.buffer.element-limit = 0 (default)
2023-08-28 07:17:14,834 [s0@group-7E38B00F15F0-LeaderElection1] INFO  server.RaftServerConfigKeys (ConfUtils.java:logGet(46)) - raft.server.log.appender.wait-time.min = 10ms (default)
2023-08-28 07:17:14,835 [s0@group-7E38B00F15F0-LeaderElection1] INFO  server.RaftServerConfigKeys (ConfUtils.java:logGet(46)) - raft.server.log.appender.snapshot.chunk.size.max = 16MB (=16777216) (default)
2023-08-28 07:17:14,835 [s0@group-7E38B00F15F0-LeaderElection1] INFO  server.RaftServerConfigKeys (ConfUtils.java:logGet(46)) - raft.server.log.appender.buffer.byte-limit = 4MB (=4194304) (default)
2023-08-28 07:17:14,835 [s0@group-7E38B00F15F0-LeaderElection1] INFO  server.RaftServerConfigKeys (ConfUtils.java:logGet(46)) - raft.server.log.appender.buffer.element-limit = 0 (default)
2023-08-28 07:17:14,835 [s0@group-7E38B00F15F0-LeaderElection1] INFO  server.RaftServerConfigKeys (ConfUtils.java:logGet(46)) - raft.server.log.appender.wait-time.min = 10ms (default)
2023-08-28 07:17:14,836 [s0@group-7E38B00F15F0-LeaderElection1] INFO  impl.RoleInfo (RoleInfo.java:updateAndGet(138)) - s0: start s0@group-7E38B00F15F0-LeaderStateImpl
2023-08-28 07:17:14,836 [s0@group-7E38B00F15F0-LeaderElection1] INFO  server.RaftServer$Division (RaftServerImpl.java:setFirstElection(556)) - s0@group-7E38B00F15F0: set firstElectionSinceStartup to false for becomeLeader
2023-08-28 07:17:14,836 [s0@group-7E38B00F15F0-LeaderElection1] INFO  server.RaftServer$Division (ServerState.java:setLeader(260)) - s0@group-7E38B00F15F0: change Leader from null to s0 at term 1 for becomeLeader, leader elected after 1746ms
2023-08-28 07:17:14,844 [s0@group-7E38B00F15F0-LeaderElection1] INFO  segmented.SegmentedRaftLogWorker (SegmentedRaftLogWorker.java:startLogSegment(427)) - s0@group-7E38B00F15F0-SegmentedRaftLogWorker: Starting segment from index:0
2023-08-28 07:17:14,859 [nioEventLoopGroup-12-2] INFO  server.RaftServer$Division (ServerState.java:setLeader(260)) - s1@group-7E38B00F15F0: change Leader from null to s0 at term 1 for appendEntries, leader elected after 1726ms
2023-08-28 07:17:14,862 [nioEventLoopGroup-14-2] INFO  server.RaftServer$Division (ServerState.java:setLeader(260)) - s2@group-7E38B00F15F0: change Leader from null to s0 at term 1 for appendEntries, leader elected after 1691ms
2023-08-28 07:17:14,863 [s0@group-7E38B00F15F0-LeaderElection1] INFO  server.RaftServer$Division (ServerState.java:setRaftConf(377)) - s0@group-7E38B00F15F0: set configuration 0: peers:[s0|rpc:0.0.0.0:35673|dataStream:|priority:0|startupRole:FOLLOWER, s1|rpc:0.0.0.0:35957|dataStream:|priority:0|startupRole:FOLLOWER, s2|rpc:0.0.0.0:41835|dataStream:|priority:0|startupRole:FOLLOWER]|listeners:[], old=null
2023-08-28 07:17:14,923 [s0@group-7E38B00F15F0-SegmentedRaftLogWorker] INFO  segmented.SegmentedRaftLogWorker (SegmentedRaftLogWorker.java:execute(631)) - s0@group-7E38B00F15F0-SegmentedRaftLogWorker: created new log segment /home/runner/work/ratis/ratis/ratis-test/target/test/data/c5bbf9cd/MiniRaftClusterWithNetty3a726a16/s0/dfd8e832-773a-483f-95bb-7e38b00f15f0/current/log_inprogress_0
2023-08-28 07:17:14,943 [nioEventLoopGroup-14-2] DEBUG server.RaftServer$Division (RaftServerImpl.java:logAppendEntries(1471)) - s2@group-7E38B00F15F0: receive appendEntries(s0, 1, null, -1, true, commits:[s0:c-1, s1:c-1, s2:c-1], cId:9, entries: [(t:1, i:0), CONFIGURATIONENTRY(current:id: "s0"
address: "0.0.0.0:35673"
clientAddress: "0.0.0.0:35673"
adminAddress: "0.0.0.0:35673"
startupRole: FOLLOWER
,id: "s1"
address: "0.0.0.0:35957"
clientAddress: "0.0.0.0:35957"
adminAddress: "0.0.0.0:35957"
startupRole: FOLLOWER
,id: "s2"
address: "0.0.0.0:41835"
clientAddress: "0.0.0.0:41835"
adminAddress: "0.0.0.0:41835"
startupRole: FOLLOWER
, old:)]
2023-08-28 07:17:14,944 [nioEventLoopGroup-12-2] DEBUG server.RaftServer$Division (RaftServerImpl.java:logAppendEntries(1471)) - s1@group-7E38B00F15F0: receive appendEntries(s0, 1, null, -1, true, commits:[s0:c-1, s1:c-1, s2:c-1], cId:10, entries: [(t:1, i:0), CONFIGURATIONENTRY(current:id: "s0"
address: "0.0.0.0:35673"
clientAddress: "0.0.0.0:35673"
adminAddress: "0.0.0.0:35673"
startupRole: FOLLOWER
,id: "s1"
address: "0.0.0.0:35957"
clientAddress: "0.0.0.0:35957"
adminAddress: "0.0.0.0:35957"
startupRole: FOLLOWER
,id: "s2"
address: "0.0.0.0:41835"
clientAddress: "0.0.0.0:41835"
adminAddress: "0.0.0.0:41835"
startupRole: FOLLOWER
, old:)]
2023-08-28 07:17:14,944 [nioEventLoopGroup-14-2] INFO  server.RaftServer$Division (ServerState.java:setRaftConf(377)) - s2@group-7E38B00F15F0: set configuration 0: peers:[s0|rpc:0.0.0.0:35673|dataStream:|priority:0|startupRole:FOLLOWER, s1|rpc:0.0.0.0:35957|dataStream:|priority:0|startupRole:FOLLOWER, s2|rpc:0.0.0.0:41835|dataStream:|priority:0|startupRole:FOLLOWER]|listeners:[], old=null
2023-08-28 07:17:14,945 [nioEventLoopGroup-14-2] INFO  segmented.SegmentedRaftLogWorker (SegmentedRaftLogWorker.java:startLogSegment(427)) - s2@group-7E38B00F15F0-SegmentedRaftLogWorker: Starting segment from index:0
2023-08-28 07:17:14,945 [nioEventLoopGroup-12-2] INFO  server.RaftServer$Division (ServerState.java:setRaftConf(377)) - s1@group-7E38B00F15F0: set configuration 0: peers:[s0|rpc:0.0.0.0:35673|dataStream:|priority:0|startupRole:FOLLOWER, s1|rpc:0.0.0.0:35957|dataStream:|priority:0|startupRole:FOLLOWER, s2|rpc:0.0.0.0:41835|dataStream:|priority:0|startupRole:FOLLOWER]|listeners:[], old=null
2023-08-28 07:17:14,949 [nioEventLoopGroup-12-2] INFO  segmented.SegmentedRaftLogWorker (SegmentedRaftLogWorker.java:startLogSegment(427)) - s1@group-7E38B00F15F0-SegmentedRaftLogWorker: Starting segment from index:0
2023-08-28 07:17:14,955 [s2@group-7E38B00F15F0-SegmentedRaftLogWorker] INFO  segmented.SegmentedRaftLogWorker (SegmentedRaftLogWorker.java:execute(631)) - s2@group-7E38B00F15F0-SegmentedRaftLogWorker: created new log segment /home/runner/work/ratis/ratis/ratis-test/target/test/data/c5bbf9cd/MiniRaftClusterWithNetty3a726a16/s2/dfd8e832-773a-483f-95bb-7e38b00f15f0/current/log_inprogress_0
2023-08-28 07:17:14,958 [s1@group-7E38B00F15F0-SegmentedRaftLogWorker] INFO  segmented.SegmentedRaftLogWorker (SegmentedRaftLogWorker.java:execute(631)) - s1@group-7E38B00F15F0-SegmentedRaftLogWorker: created new log segment /home/runner/work/ratis/ratis/ratis-test/target/test/data/c5bbf9cd/MiniRaftClusterWithNetty3a726a16/s1/dfd8e832-773a-483f-95bb-7e38b00f15f0/current/log_inprogress_0
2023-08-28 07:17:14,958 [s1-server-thread1] DEBUG server.RaftServer$Division (RaftServerImpl.java:logAppendEntries(1471)) - s1@group-7E38B00F15F0: succeeded to handle AppendEntries. Reply: s0<-s1#10:OK-t1,SUCCESS,nextIndex=1,followerCommit=-1,matchIndex=0
2023-08-28 07:17:14,959 [s2-server-thread1] DEBUG server.RaftServer$Division (RaftServerImpl.java:logAppendEntries(1471)) - s2@group-7E38B00F15F0: succeeded to handle AppendEntries. Reply: s0<-s2#9:OK-t1,SUCCESS,nextIndex=1,followerCommit=-1,matchIndex=0
2023-08-28 07:17:16,209 [Time-limited test] INFO  ratis.RaftTestUtil (RaftTestUtil.java:waitForLeader(119)) - printing ALL groups
  s0:  RUNNING    LEADER s0@group-7E38B00F15F0:t1, leader=s0, voted=s0, raftlog=Memoized:s0@group-7E38B00F15F0-SegmentedRaftLog:OPENED:c0, conf=0: peers:[s0|rpc:0.0.0.0:35673|dataStream:|priority:0|startupRole:FOLLOWER, s1|rpc:0.0.0.0:35957|dataStream:|priority:0|startupRole:FOLLOWER, s2|rpc:0.0.0.0:41835|dataStream:|priority:0|startupRole:FOLLOWER]|listeners:[], old=null RUNNING
  s1:  RUNNING  FOLLOWER s1@group-7E38B00F15F0:t1, leader=s0, voted=s0, raftlog=Memoized:s1@group-7E38B00F15F0-SegmentedRaftLog:OPENED:c0, conf=0: peers:[s0|rpc:0.0.0.0:35673|dataStream:|priority:0|startupRole:FOLLOWER, s1|rpc:0.0.0.0:35957|dataStream:|priority:0|startupRole:FOLLOWER, s2|rpc:0.0.0.0:41835|dataStream:|priority:0|startupRole:FOLLOWER]|listeners:[], old=null RUNNING
  s2:  RUNNING  FOLLOWER s2@group-7E38B00F15F0:t1, leader=s0, voted=s0, raftlog=Memoized:s2@group-7E38B00F15F0-SegmentedRaftLog:OPENED:c0, conf=0: peers:[s0|rpc:0.0.0.0:35673|dataStream:|priority:0|startupRole:FOLLOWER, s1|rpc:0.0.0.0:35957|dataStream:|priority:0|startupRole:FOLLOWER, s2|rpc:0.0.0.0:41835|dataStream:|priority:0|startupRole:FOLLOWER]|listeners:[], old=null RUNNING
2023-08-28 07:17:17,209 [Time-limited test] INFO  impl.GroupManagementBaseTest (GroupManagementBaseTest.java:testSingleGroupRestart(206)) - restart servers
2023-08-28 07:17:17,210 [Time-limited test] INFO  impl.MiniRaftCluster (MiniRaftCluster.java:killServer(533)) - killServer s0
2023-08-28 07:17:17,210 [Time-limited test] INFO  server.RaftServer (RaftServerProxy.java:lambda$close$7(420)) - s0: close
2023-08-28 07:17:17,210 [s0-impl-thread1] INFO  server.RaftServer$Division (RaftServerImpl.java:lambda$close$3(508)) - s0@group-7E38B00F15F0: shutdown
2023-08-28 07:17:17,211 [nioEventLoopGroup-9-1] INFO  logging.LoggingHandler (AbstractInternalLogger.java:log(148)) - [id: 0xb64bb71c, L:/0.0.0.0:35673] CLOSE
2023-08-28 07:17:17,211 [s0-impl-thread1] INFO  util.JmxRegister (JmxRegister.java:unregister(73)) - Successfully un-registered JMX Bean with object name Ratis:service=RaftServer,group=group-7E38B00F15F0,id=s0
2023-08-28 07:17:17,211 [s0-impl-thread1] INFO  impl.RoleInfo (RoleInfo.java:shutdownLeaderState(92)) - s0: shutdown s0@group-7E38B00F15F0-LeaderStateImpl
2023-08-28 07:17:17,211 [nioEventLoopGroup-9-1] INFO  logging.LoggingHandler (AbstractInternalLogger.java:log(148)) - [id: 0xb64bb71c, L:/0.0.0.0:35673] INACTIVE
2023-08-28 07:17:17,211 [nioEventLoopGroup-9-1] INFO  logging.LoggingHandler (AbstractInternalLogger.java:log(148)) - [id: 0xb64bb71c, L:/0.0.0.0:35673] UNREGISTERED
2023-08-28 07:17:17,211 [s0-impl-thread1] INFO  impl.PendingRequests (PendingRequests.java:sendNotLeaderResponses(289)) - s0@group-7E38B00F15F0-PendingRequests: sendNotLeaderResponses
2023-08-28 07:17:17,213 [s0-impl-thread1] INFO  impl.StateMachineUpdater (StateMachineUpdater.java:stopAndJoin(157)) - s0@group-7E38B00F15F0-StateMachineUpdater: set stopIndex = 0
2023-08-28 07:17:17,214 [s0@group-7E38B00F15F0->s2-LogAppenderDefault-LogAppenderDaemon] INFO  leader.LogAppenderDaemon (LogAppenderDaemon.java:run(83)) - s0@group-7E38B00F15F0->s2-LogAppenderDefault-LogAppenderDaemon was interrupted: java.lang.InterruptedException
2023-08-28 07:17:17,214 [s0@group-7E38B00F15F0->s1-LogAppenderDefault-LogAppenderDaemon] INFO  leader.LogAppenderDaemon (LogAppenderDaemon.java:run(83)) - s0@group-7E38B00F15F0->s1-LogAppenderDefault-LogAppenderDaemon was interrupted: java.lang.InterruptedException
2023-08-28 07:17:17,221 [s0-impl-thread1] INFO  server.RaftServer$Division (ServerState.java:close(415)) - s0@group-7E38B00F15F0: applyIndex: 0
2023-08-28 07:17:17,928 [s0-impl-thread1] INFO  segmented.SegmentedRaftLogWorker (SegmentedRaftLogWorker.java:close(242)) - s0@group-7E38B00F15F0-SegmentedRaftLogWorker close()
2023-08-28 07:17:17,929 [JvmPauseMonitor2] INFO  util.JvmPauseMonitor (JvmPauseMonitor.java:run(152)) - JvmPauseMonitor-s0: Stopped
2023-08-28 07:17:17,929 [Time-limited test] INFO  impl.MiniRaftCluster (MiniRaftCluster.java:newRaftServer(382)) - newRaftServer: s0, null, format? false
2023-08-28 07:17:17,930 [Time-limited test] DEBUG server.RaftServer (ServerImplUtils.java:newRaftServer(51)) - newRaftServer: s0, null
2023-08-28 07:17:17,930 [Time-limited test] INFO  server.RaftServer (ConfUtils.java:logGet(46)) - raft.rpc.type = NETTY (custom)
2023-08-28 07:17:17,930 [Time-limited test] INFO  netty.NettyConfigKeys$Server (ConfUtils.java:logGet(46)) - raft.netty.server.host = null (default)
2023-08-28 07:17:17,930 [Time-limited test] INFO  netty.NettyConfigKeys$Server (ConfUtils.java:logGet(46)) - raft.netty.server.port = 35673 (custom)
2023-08-28 07:17:17,931 [Time-limited test] INFO  impl.DataStreamServerImpl (ConfUtils.java:logGet(46)) - raft.datastream.type = DISABLED (default)
2023-08-28 07:17:17,931 [Time-limited test] INFO  server.RaftServerConfigKeys (ConfUtils.java:logGet(46)) - raft.server.threadpool.proxy.cached = true (default)
2023-08-28 07:17:17,931 [Time-limited test] INFO  server.RaftServerConfigKeys (ConfUtils.java:logGet(46)) - raft.server.threadpool.proxy.size = 0 (default)
2023-08-28 07:17:17,931 [Time-limited test] INFO  server.RaftServerConfigKeys (ConfUtils.java:logGet(46)) - raft.server.sleep.deviation.threshold = 300ms (default)
2023-08-28 07:17:17,931 [Time-limited test] INFO  server.RaftServerConfigKeys (ConfUtils.java:logGet(46)) - raft.server.rpc.slowness.timeout = 60s (default)
2023-08-28 07:17:17,931 [Time-limited test] INFO  server.RaftServerConfigKeys (ConfUtils.java:logGet(46)) - raft.server.leaderelection.leader.step-down.wait-time = 10s (default)
2023-08-28 07:17:17,931 [Time-limited test] INFO  server.RaftServerConfigKeys (ConfUtils.java:logGet(46)) - raft.server.storage.dir = [/home/runner/work/ratis/ratis/ratis-test/target/test/data/c5bbf9cd/MiniRaftClusterWithNetty3a726a16/s0] (custom)
2023-08-28 07:17:17,931 [s0-impl-thread1] INFO  server.RaftServer (RaftServerProxy.java:initGroupDir(262)) - s0: found a subdirectory /home/runner/work/ratis/ratis/ratis-test/target/test/data/c5bbf9cd/MiniRaftClusterWithNetty3a726a16/s0/dfd8e832-773a-483f-95bb-7e38b00f15f0
2023-08-28 07:17:17,932 [s0-impl-thread1] INFO  server.RaftServer (RaftServerProxy.java:addNew(99)) - s0: addNew group-7E38B00F15F0:[] returns group-7E38B00F15F0:java.util.concurrent.CompletableFuture@100f7f3b[Not completed]
2023-08-28 07:17:17,935 [s0-groupManagement] INFO  server.RaftServer$Division (RaftServerImpl.java:<init>(250)) - s0: new RaftServerImpl for group-7E38B00F15F0:[] with BaseStateMachine:uninitialized
2023-08-28 07:17:17,935 [s0-groupManagement] INFO  server.RaftServerConfigKeys (ConfUtils.java:logGet(46)) - raft.server.rpc.timeout.min = 1500ms (custom)
2023-08-28 07:17:17,935 [s0-groupManagement] INFO  server.RaftServerConfigKeys (ConfUtils.java:logGet(46)) - raft.server.rpc.timeout.max = 2000ms (custom)
2023-08-28 07:17:17,935 [s0-groupManagement] INFO  server.RaftServerConfigKeys (ConfUtils.java:logGet(46)) - raft.server.rpc.sleep.time = 25ms (default)
2023-08-28 07:17:17,935 [s0-groupManagement] INFO  server.RaftServerConfigKeys (ConfUtils.java:logGet(46)) - raft.server.rpc.slowness.timeout = 60s (default)
2023-08-28 07:17:17,935 [s0-groupManagement] INFO  server.RaftServerConfigKeys (ConfUtils.java:logGet(46)) - raft.server.leaderelection.leader.step-down.wait-time = 10s (default)
2023-08-28 07:17:17,935 [s0-groupManagement] INFO  server.RaftServerConfigKeys (ConfUtils.java:logGet(46)) - raft.server.sleep.deviation.threshold = 300ms (default)
2023-08-28 07:17:17,936 [s0-groupManagement] INFO  server.RaftServer$Division (ServerState.java:<init>(113)) - s0@group-7E38B00F15F0: ConfigurationManager, init=-1: peers:[]|listeners:[], old=null, confs=<EMPTY_MAP>
2023-08-28 07:17:17,936 [s0-groupManagement] INFO  server.RaftServerConfigKeys (ConfUtils.java:logGet(46)) - raft.server.notification.no-leader.timeout = 60s (default)
2023-08-28 07:17:17,936 [s0-groupManagement] INFO  server.RaftServerConfigKeys (ConfUtils.java:logGet(46)) - raft.server.read.timeout = 10s (default)
2023-08-28 07:17:17,936 [s0-groupManagement] INFO  server.RaftServerConfigKeys (ConfUtils.java:logGet(46)) - raft.server.retrycache.expirytime = 60s (default)
2023-08-28 07:17:17,936 [s0-groupManagement] INFO  server.RaftServerConfigKeys (ConfUtils.java:logGet(46)) - raft.server.retrycache.statistics.expirytime = 100μs (default)
2023-08-28 07:17:17,936 [s0-groupManagement] INFO  server.RaftServerConfigKeys (ConfUtils.java:logGet(46)) - raft.server.read.option = DEFAULT (default)
2023-08-28 07:17:17,937 [s0-groupManagement] INFO  server.RaftServerConfigKeys (ConfUtils.java:logGet(46)) - raft.server.rpc.request.timeout = 3000ms (default)
2023-08-28 07:17:17,937 [s0-groupManagement] INFO  server.RaftServerConfigKeys (ConfUtils.java:logGet(46)) - raft.server.log.appender.install.snapshot.enabled = true (default)
2023-08-28 07:17:17,937 [s0-groupManagement] INFO  server.RaftServerConfigKeys (ConfUtils.java:logGet(46)) - raft.server.threadpool.server.cached = true (default)
2023-08-28 07:17:17,937 [s0-groupManagement] INFO  server.RaftServerConfigKeys (ConfUtils.java:logGet(46)) - raft.server.threadpool.server.size = 0 (default)
2023-08-28 07:17:17,937 [s0-groupManagement] INFO  server.RaftServerConfigKeys (ConfUtils.java:logGet(46)) - raft.server.threadpool.client.cached = true (default)
2023-08-28 07:17:17,937 [s0-groupManagement] INFO  server.RaftServerConfigKeys (ConfUtils.java:logGet(46)) - raft.server.threadpool.client.size = 0 (default)
2023-08-28 07:17:17,937 [s0-impl-thread1] INFO  server.RaftServerConfigKeys (ConfUtils.java:logGet(46)) - raft.server.storage.free-space.min = 0MB (=0) (default)
2023-08-28 07:17:17,937 [s0-impl-thread1] INFO  server.RaftServerConfigKeys (ConfUtils.java:logGet(46)) - raft.server.log.corruption.policy = EXCEPTION (default)
2023-08-28 07:17:17,938 [s0-impl-thread1] INFO  server.RaftServerConfigKeys (ConfUtils.java:logGet(46)) - raft.server.storage.dir = [/home/runner/work/ratis/ratis/ratis-test/target/test/data/c5bbf9cd/MiniRaftClusterWithNetty3a726a16/s0] (custom)
2023-08-28 07:17:17,939 [s0-impl-thread1] INFO  storage.RaftStorageDirectory (RaftStorageDirectoryImpl.java:tryLock(232)) - Lock on /home/runner/work/ratis/ratis/ratis-test/target/test/data/c5bbf9cd/MiniRaftClusterWithNetty3a726a16/s0/dfd8e832-773a-483f-95bb-7e38b00f15f0/in_use.lock acquired by nodename 7908@fv-az1033-516
2023-08-28 07:17:17,939 [s0-impl-thread1] INFO  storage.RaftStorage (RaftStorageImpl.java:analyzeAndRecoverStorage(117)) - Read RaftStorageMetadata{term=1, votedFor=s0} from /home/runner/work/ratis/ratis/ratis-test/target/test/data/c5bbf9cd/MiniRaftClusterWithNetty3a726a16/s0/dfd8e832-773a-483f-95bb-7e38b00f15f0/current/raft-meta
2023-08-28 07:17:17,940 [s0-impl-thread1] INFO  server.RaftServer$Division (ServerState.java:setRaftConf(377)) - s0@group-7E38B00F15F0: set configuration 0: peers:[s0|rpc:0.0.0.0:35673|dataStream:|priority:0|startupRole:FOLLOWER, s1|rpc:0.0.0.0:35957|dataStream:|priority:0|startupRole:FOLLOWER, s2|rpc:0.0.0.0:41835|dataStream:|priority:0|startupRole:FOLLOWER]|listeners:[], old=null
2023-08-28 07:17:17,940 [s0-impl-thread1] INFO  server.RaftServerConfigKeys (ConfUtils.java:logGet(46)) - raft.server.log.use.memory = false (default)
2023-08-28 07:17:17,940 [s0-impl-thread1] INFO  server.RaftServerConfigKeys (ConfUtils.java:logGet(46)) - raft.server.log.purge.gap = 1024 (default)
2023-08-28 07:17:17,940 [s0-impl-thread1] INFO  server.RaftServerConfigKeys (ConfUtils.java:logGet(46)) - raft.server.log.appender.buffer.byte-limit = 4MB (=4194304) (default)
2023-08-28 07:17:17,940 [s0-impl-thread1] INFO  server.RaftServerConfigKeys (ConfUtils.java:logGet(46)) - raft.server.log.statemachine.data.read.timeout = 1000ms (default)
2023-08-28 07:17:17,940 [s0-impl-thread1] INFO  server.RaftServerConfigKeys (ConfUtils.java:logGet(46)) - raft.server.log.purge.preservation.log.num = 0 (default)
2023-08-28 07:17:17,941 [s0-impl-thread1] INFO  server.RaftServerConfigKeys (ConfUtils.java:logGet(46)) - raft.server.log.segment.size.max = 8MB (=8388608) (default)
2023-08-28 07:17:17,941 [s0-impl-thread1] INFO  server.RaftServerConfigKeys (ConfUtils.java:logGet(46)) - raft.server.log.segment.cache.num.max = 6 (default)
2023-08-28 07:17:17,941 [s0-impl-thread1] INFO  server.RaftServerConfigKeys (ConfUtils.java:logGet(46)) - raft.server.log.segment.cache.size.max = 200MB (=209715200) (default)
2023-08-28 07:17:17,941 [s0-impl-thread1] INFO  server.RaftServerConfigKeys (ConfUtils.java:logGet(46)) - raft.server.log.appender.buffer.byte-limit = 4MB (=4194304) (default)
2023-08-28 07:17:17,941 [s0-impl-thread1] INFO  segmented.SegmentedRaftLogWorker (SegmentedRaftLogWorker.java:<init>(183)) - new s0@group-7E38B00F15F0-SegmentedRaftLogWorker for RaftStorageImpl:Storage Directory /home/runner/work/ratis/ratis/ratis-test/target/test/data/c5bbf9cd/MiniRaftClusterWithNetty3a726a16/s0/dfd8e832-773a-483f-95bb-7e38b00f15f0
2023-08-28 07:17:17,941 [s0-impl-thread1] INFO  server.RaftServerConfigKeys (ConfUtils.java:logGet(46)) - raft.server.log.queue.byte-limit = 64MB (=67108864) (default)
2023-08-28 07:17:17,941 [s0-impl-thread1] INFO  server.RaftServerConfigKeys (ConfUtils.java:logGet(46)) - raft.server.log.queue.element-limit = 4096 (default)
2023-08-28 07:17:17,941 [s0-impl-thread1] INFO  server.RaftServerConfigKeys (ConfUtils.java:logGet(46)) - raft.server.log.segment.size.max = 8MB (=8388608) (default)
2023-08-28 07:17:17,941 [s0-impl-thread1] INFO  server.RaftServerConfigKeys (ConfUtils.java:logGet(46)) - raft.server.log.preallocated.size = 4MB (=4194304) (default)
2023-08-28 07:17:17,941 [s0-impl-thread1] INFO  server.RaftServerConfigKeys (ConfUtils.java:logGet(46)) - raft.server.log.force.sync.num = 128 (default)
2023-08-28 07:17:17,941 [s0-impl-thread1] INFO  server.RaftServerConfigKeys (ConfUtils.java:logGet(46)) - raft.server.log.statemachine.data.sync = true (default)
2023-08-28 07:17:17,942 [s0-impl-thread1] INFO  server.RaftServerConfigKeys (ConfUtils.java:logGet(46)) - raft.server.log.statemachine.data.sync.timeout = 10s (default)
2023-08-28 07:17:17,942 [s0-impl-thread1] INFO  server.RaftServerConfigKeys (ConfUtils.java:logGet(46)) - raft.server.log.statemachine.data.sync.timeout.retry = -1 (default)
2023-08-28 07:17:17,942 [s0-impl-thread1] INFO  server.RaftServerConfigKeys (ConfUtils.java:logGet(46)) - raft.server.log.write.buffer.size = 64KB (=65536) (default)
2023-08-28 07:17:17,942 [s0-impl-thread1] INFO  server.RaftServerConfigKeys (ConfUtils.java:logGet(46)) - raft.server.log.appender.buffer.byte-limit = 4MB (=4194304) (default)
2023-08-28 07:17:17,943 [s0-impl-thread1] INFO  server.RaftServerConfigKeys (ConfUtils.java:logGet(46)) - raft.server.log.unsafe-flush.enabled = false (default)
2023-08-28 07:17:17,943 [s0-impl-thread1] INFO  server.RaftServerConfigKeys (ConfUtils.java:logGet(46)) - raft.server.log.async-flush.enabled = false (default)
2023-08-28 07:17:17,943 [s0-impl-thread1] INFO  server.RaftServerConfigKeys (ConfUtils.java:logGet(46)) - raft.server.log.statemachine.data.caching.enabled = false (default)
2023-08-28 07:17:17,947 [s0-impl-thread1] INFO  server.RaftServer$Division (ServerState.java:setRaftConf(377)) - s0@group-7E38B00F15F0: set configuration 0: peers:[s0|rpc:0.0.0.0:35673|dataStream:|priority:0|startupRole:FOLLOWER, s1|rpc:0.0.0.0:35957|dataStream:|priority:0|startupRole:FOLLOWER, s2|rpc:0.0.0.0:41835|dataStream:|priority:0|startupRole:FOLLOWER]|listeners:[], old=null
2023-08-28 07:17:17,947 [s0-impl-thread1] INFO  segmented.LogSegment (LogSegment.java:loadSegment(170)) - Successfully read 1 entries from segment file /home/runner/work/ratis/ratis/ratis-test/target/test/data/c5bbf9cd/MiniRaftClusterWithNetty3a726a16/s0/dfd8e832-773a-483f-95bb-7e38b00f15f0/current/log_inprogress_0
2023-08-28 07:17:17,948 [s0-impl-thread1] INFO  segmented.SegmentedRaftLogWorker (SegmentedRaftLogWorker.java:lambda$new$0(134)) - s0@group-7E38B00F15F0-SegmentedRaftLogWorker: safeCacheEvictIndex: setUnconditionally 0 -> -1
2023-08-28 07:17:17,953 [s0-impl-thread1] INFO  server.RaftServer$Division (RaftServerImpl.java:start(384)) - s0@group-7E38B00F15F0: start as a follower, conf=0: peers:[s0|rpc:0.0.0.0:35673|dataStream:|priority:0|startupRole:FOLLOWER, s1|rpc:0.0.0.0:35957|dataStream:|priority:0|startupRole:FOLLOWER, s2|rpc:0.0.0.0:41835|dataStream:|priority:0|startupRole:FOLLOWER]|listeners:[], old=null
2023-08-28 07:17:17,953 [s0-impl-thread1] INFO  server.RaftServer$Division (RaftServerImpl.java:setRole(371)) - s0@group-7E38B00F15F0: changes role from      null to FOLLOWER at term 1 for startAsFollower
2023-08-28 07:17:17,953 [s0-impl-thread1] INFO  impl.RoleInfo (RoleInfo.java:updateAndGet(138)) - s0: start s0@group-7E38B00F15F0-FollowerState
2023-08-28 07:17:17,954 [s0-impl-thread1] INFO  util.JmxRegister (JmxRegister.java:tryRegister(44)) - Successfully registered JMX Bean with object name Ratis:service=RaftServer,group=group-7E38B00F15F0,id=s0
2023-08-28 07:17:17,954 [s0@group-7E38B00F15F0-FollowerState] INFO  server.RaftServerConfigKeys (ConfUtils.java:logFallback(53)) - raft.server.rpc.first-election.timeout.min = 1500ms (fallback to raft.server.rpc.timeout.min)
2023-08-28 07:17:17,954 [s0@group-7E38B00F15F0-FollowerState] INFO  server.RaftServerConfigKeys (ConfUtils.java:logFallback(53)) - raft.server.rpc.first-election.timeout.max = 2000ms (fallback to raft.server.rpc.timeout.max)
2023-08-28 07:17:17,954 [s0-impl-thread1] INFO  server.RaftServerConfigKeys (ConfUtils.java:logGet(46)) - raft.server.snapshot.trigger-when-stop.enabled = true (default)
2023-08-28 07:17:17,954 [s0-impl-thread1] INFO  server.RaftServerConfigKeys (ConfUtils.java:logGet(46)) - raft.server.snapshot.auto.trigger.enabled = false (default)
2023-08-28 07:17:17,954 [s0-impl-thread1] INFO  server.RaftServerConfigKeys (ConfUtils.java:logGet(46)) - raft.server.snapshot.retention.file.num = -1 (default)
2023-08-28 07:17:17,954 [s0-impl-thread1] INFO  server.RaftServerConfigKeys (ConfUtils.java:logGet(46)) - raft.server.log.purge.upto.snapshot.index = false (default)
2023-08-28 07:17:17,955 [Time-limited test] INFO  server.RaftServer (RaftServerProxy.java:startImpl(404)) - s0: start RPC server
2023-08-28 07:17:17,955 [nioEventLoopGroup-19-1] INFO  logging.LoggingHandler (AbstractInternalLogger.java:log(148)) - [id: 0x07f823a9] REGISTERED
2023-08-28 07:17:17,956 [nioEventLoopGroup-19-1] INFO  logging.LoggingHandler (AbstractInternalLogger.java:log(148)) - [id: 0x07f823a9] BIND: 0.0.0.0/0.0.0.0:35673
2023-08-28 07:17:17,956 [nioEventLoopGroup-19-1] INFO  logging.LoggingHandler (AbstractInternalLogger.java:log(148)) - [id: 0x07f823a9, L:/0.0.0.0:35673] ACTIVE
2023-08-28 07:17:17,956 [Time-limited test] INFO  impl.MiniRaftCluster (MiniRaftCluster.java:killServer(533)) - killServer s1
2023-08-28 07:17:17,956 [Time-limited test] INFO  server.RaftServer (RaftServerProxy.java:lambda$close$7(420)) - s1: close
2023-08-28 07:17:17,958 [JvmPauseMonitor5] INFO  util.JvmPauseMonitor (JvmPauseMonitor.java:run(146)) - JvmPauseMonitor-s0: Started
2023-08-28 07:17:17,958 [s1-impl-thread1] INFO  server.RaftServer$Division (RaftServerImpl.java:lambda$close$3(508)) - s1@group-7E38B00F15F0: shutdown
2023-08-28 07:17:17,958 [s1-impl-thread1] INFO  util.JmxRegister (JmxRegister.java:unregister(73)) - Successfully un-registered JMX Bean with object name Ratis:service=RaftServer,group=group-7E38B00F15F0,id=s1
2023-08-28 07:17:17,958 [s1-impl-thread1] INFO  impl.RoleInfo (RoleInfo.java:shutdownFollowerState(109)) - s1: shutdown s1@group-7E38B00F15F0-FollowerState
2023-08-28 07:17:17,959 [s1-impl-thread1] INFO  impl.StateMachineUpdater (StateMachineUpdater.java:stopAndJoin(157)) - s1@group-7E38B00F15F0-StateMachineUpdater: set stopIndex = 0
2023-08-28 07:17:17,959 [nioEventLoopGroup-11-1] INFO  logging.LoggingHandler (AbstractInternalLogger.java:log(148)) - [id: 0x22977530, L:/0.0.0.0:35957] CLOSE
2023-08-28 07:17:17,959 [nioEventLoopGroup-11-1] INFO  logging.LoggingHandler (AbstractInternalLogger.java:log(148)) - [id: 0x22977530, L:/0.0.0.0:35957] INACTIVE
2023-08-28 07:17:17,959 [nioEventLoopGroup-11-1] INFO  logging.LoggingHandler (AbstractInternalLogger.java:log(148)) - [id: 0x22977530, L:/0.0.0.0:35957] UNREGISTERED
2023-08-28 07:17:17,959 [s1@group-7E38B00F15F0-FollowerState] INFO  impl.FollowerState (FollowerState.java:run(152)) - s1@group-7E38B00F15F0-FollowerState was interrupted
2023-08-28 07:17:17,966 [s1-impl-thread1] INFO  server.RaftServer$Division (ServerState.java:close(415)) - s1@group-7E38B00F15F0: applyIndex: 0
2023-08-28 07:17:18,555 [s2@group-7E38B00F15F0-FollowerState] INFO  impl.FollowerState (FollowerState.java:run(143)) - s2@group-7E38B00F15F0-FollowerState: change to CANDIDATE, lastRpcElapsedTime:2088408149ns, electionTimeout:1975ms
2023-08-28 07:17:18,555 [s2@group-7E38B00F15F0-FollowerState] INFO  impl.RoleInfo (RoleInfo.java:shutdownFollowerState(109)) - s2: shutdown s2@group-7E38B00F15F0-FollowerState
2023-08-28 07:17:18,555 [s2@group-7E38B00F15F0-FollowerState] INFO  server.RaftServer$Division (RaftServerImpl.java:setRole(371)) - s2@group-7E38B00F15F0: changes role from  FOLLOWER to CANDIDATE at term 1 for changeToCandidate
2023-08-28 07:17:18,555 [s2@group-7E38B00F15F0-FollowerState] INFO  server.RaftServerConfigKeys (ConfUtils.java:logGet(46)) - raft.server.leaderelection.pre-vote = true (default)
2023-08-28 07:17:18,555 [s2@group-7E38B00F15F0-FollowerState] INFO  impl.RoleInfo (RoleInfo.java:updateAndGet(138)) - s2: start s2@group-7E38B00F15F0-LeaderElection2
2023-08-28 07:17:18,556 [s2@group-7E38B00F15F0-LeaderElection2] INFO  server.RaftServer$Division (ServerState.java:setLeader(260)) - s2@group-7E38B00F15F0: change Leader from s0 to null at term 1 for PRE_VOTE
2023-08-28 07:17:18,556 [s2@group-7E38B00F15F0-LeaderElection2] INFO  impl.LeaderElection (LeaderElection.java:askForVotes(320)) - s2@group-7E38B00F15F0-LeaderElection2 PRE_VOTE round 0: submit vote requests at term 1 for 0: peers:[s0|rpc:0.0.0.0:35673|dataStream:|priority:0|startupRole:FOLLOWER, s1|rpc:0.0.0.0:35957|dataStream:|priority:0|startupRole:FOLLOWER, s2|rpc:0.0.0.0:41835|dataStream:|priority:0|startupRole:FOLLOWER]|listeners:[], old=null
2023-08-28 07:17:18,564 [nioEventLoopGroup-19-1] INFO  logging.LoggingHandler (AbstractInternalLogger.java:log(148)) - [id: 0x07f823a9, L:/0.0.0.0:35673] READ: [id: 0x189207ce, L:/10.1.0.28:35673 - R:/10.1.0.28:37896]
2023-08-28 07:17:18,564 [s2@group-7E38B00F15F0-LeaderElection2] INFO  impl.LeaderElection (LogUtils.java:infoOrTrace(137)) - s2@group-7E38B00F15F0-LeaderElection2 got exception when requesting votes: java.util.concurrent.ExecutionException: org.apache.ratis.thirdparty.io.netty.channel.AbstractChannel$AnnotatedConnectException: Connection refused: /0.0.0.0:35957
2023-08-28 07:17:18,565 [nioEventLoopGroup-19-1] INFO  logging.LoggingHandler (AbstractInternalLogger.java:log(148)) - [id: 0x07f823a9, L:/0.0.0.0:35673] READ COMPLETE
2023-08-28 07:17:18,571 [nioEventLoopGroup-20-1] INFO  server.RaftServer$Division (RaftServerImpl.java:requestVote(1344)) - s0@group-7E38B00F15F0: receive requestVote(PRE_VOTE, s2, group-7E38B00F15F0, 1, (t:1, i:0))
2023-08-28 07:17:18,571 [nioEventLoopGroup-20-1] INFO  impl.VoteContext (VoteContext.java:log(49)) - s0@group-7E38B00F15F0-FOLLOWER: accept PRE_VOTE from s2: our priority 0 <= candidate's priority 0
2023-08-28 07:17:18,571 [nioEventLoopGroup-20-1] INFO  server.RaftServer$Division (RaftServerImpl.java:requestVote(1377)) - s0@group-7E38B00F15F0 replies to PRE_VOTE vote request: s2<-s0#0:OK-t1. Peer's state: s0@group-7E38B00F15F0:t1, leader=null, voted=s0, raftlog=Memoized:s0@group-7E38B00F15F0-SegmentedRaftLog:OPENED:c-1, conf=0: peers:[s0|rpc:0.0.0.0:35673|dataStream:|priority:0|startupRole:FOLLOWER, s1|rpc:0.0.0.0:35957|dataStream:|priority:0|startupRole:FOLLOWER, s2|rpc:0.0.0.0:41835|dataStream:|priority:0|startupRole:FOLLOWER]|listeners:[], old=null
2023-08-28 07:17:18,572 [s2@group-7E38B00F15F0-LeaderElection2] INFO  impl.LeaderElection (LeaderElection.java:logAndReturn(89)) - s2@group-7E38B00F15F0-LeaderElection2: PRE_VOTE PASSED received 1 response(s) and 1 exception(s):
2023-08-28 07:17:18,572 [s2@group-7E38B00F15F0-LeaderElection2] INFO  impl.LeaderElection (LeaderElection.java:logAndReturn(93)) -   Response 0: s2<-s0#0:OK-t1
2023-08-28 07:17:18,572 [s2@group-7E38B00F15F0-LeaderElection2] INFO  impl.LeaderElection (LogUtils.java:infoOrTrace(137)) -   Exception 1: java.util.concurrent.ExecutionException: org.apache.ratis.thirdparty.io.netty.channel.AbstractChannel$AnnotatedConnectException: Connection refused: /0.0.0.0:35957
2023-08-28 07:17:18,572 [s2@group-7E38B00F15F0-LeaderElection2] INFO  impl.LeaderElection (LeaderElection.java:askForVotes(322)) - s2@group-7E38B00F15F0-LeaderElection2 PRE_VOTE round 0: result PASSED
2023-08-28 07:17:18,574 [s2@group-7E38B00F15F0-LeaderElection2] INFO  impl.LeaderElection (LeaderElection.java:askForVotes(320)) - s2@group-7E38B00F15F0-LeaderElection2 ELECTION round 0: submit vote requests at term 2 for 0: peers:[s0|rpc:0.0.0.0:35673|dataStream:|priority:0|startupRole:FOLLOWER, s1|rpc:0.0.0.0:35957|dataStream:|priority:0|startupRole:FOLLOWER, s2|rpc:0.0.0.0:41835|dataStream:|priority:0|startupRole:FOLLOWER]|listeners:[], old=null
2023-08-28 07:17:18,576 [nioEventLoopGroup-20-1] INFO  server.RaftServer$Division (RaftServerImpl.java:requestVote(1344)) - s0@group-7E38B00F15F0: receive requestVote(ELECTION, s2, group-7E38B00F15F0, 2, (t:1, i:0))
2023-08-28 07:17:18,578 [s2@group-7E38B00F15F0-LeaderElection2] INFO  impl.LeaderElection (LogUtils.java:infoOrTrace(137)) - s2@group-7E38B00F15F0-LeaderElection2 got exception when requesting votes: java.util.concurrent.ExecutionException: org.apache.ratis.thirdparty.io.netty.channel.AbstractChannel$AnnotatedConnectException: Connection refused: /0.0.0.0:35957
2023-08-28 07:17:18,578 [nioEventLoopGroup-20-1] INFO  impl.VoteContext (VoteContext.java:log(49)) - s0@group-7E38B00F15F0-FOLLOWER: accept ELECTION from s2: our priority 0 <= candidate's priority 0
2023-08-28 07:17:18,579 [nioEventLoopGroup-20-1] INFO  server.RaftServer$Division (RaftServerImpl.java:setRole(371)) - s0@group-7E38B00F15F0: changes role from  FOLLOWER to FOLLOWER at term 2 for candidate:s2
2023-08-28 07:17:18,579 [nioEventLoopGroup-20-1] INFO  impl.RoleInfo (RoleInfo.java:shutdownFollowerState(109)) - s0: shutdown s0@group-7E38B00F15F0-FollowerState
2023-08-28 07:17:18,579 [s0@group-7E38B00F15F0-FollowerState] INFO  impl.FollowerState (FollowerState.java:run(152)) - s0@group-7E38B00F15F0-FollowerState was interrupted
2023-08-28 07:17:18,579 [nioEventLoopGroup-20-1] INFO  impl.RoleInfo (RoleInfo.java:updateAndGet(138)) - s0: start s0@group-7E38B00F15F0-FollowerState
2023-08-28 07:17:18,579 [nioEventLoopGroup-20-1] INFO  server.RaftServer$Division (RaftServerImpl.java:setFirstElection(556)) - s0@group-7E38B00F15F0: set firstElectionSinceStartup to false for candidate:s2
2023-08-28 07:17:18,582 [nioEventLoopGroup-20-1] INFO  server.RaftServer$Division (RaftServerImpl.java:requestVote(1377)) - s0@group-7E38B00F15F0 replies to ELECTION vote request: s2<-s0#0:OK-t2. Peer's state: s0@group-7E38B00F15F0:t2, leader=null, voted=s2, raftlog=Memoized:s0@group-7E38B00F15F0-SegmentedRaftLog:OPENED:c-1, conf=0: peers:[s0|rpc:0.0.0.0:35673|dataStream:|priority:0|startupRole:FOLLOWER, s1|rpc:0.0.0.0:35957|dataStream:|priority:0|startupRole:FOLLOWER, s2|rpc:0.0.0.0:41835|dataStream:|priority:0|startupRole:FOLLOWER]|listeners:[], old=null
2023-08-28 07:17:18,584 [s2@group-7E38B00F15F0-LeaderElection2] INFO  impl.LeaderElection (LeaderElection.java:logAndReturn(89)) - s2@group-7E38B00F15F0-LeaderElection2: ELECTION PASSED received 1 response(s) and 1 exception(s):
2023-08-28 07:17:18,584 [s2@group-7E38B00F15F0-LeaderElection2] INFO  impl.LeaderElection (LeaderElection.java:logAndReturn(93)) -   Response 0: s2<-s0#0:OK-t2
2023-08-28 07:17:18,584 [s2@group-7E38B00F15F0-LeaderElection2] INFO  impl.LeaderElection (LogUtils.java:infoOrTrace(137)) -   Exception 1: java.util.concurrent.ExecutionException: org.apache.ratis.thirdparty.io.netty.channel.AbstractChannel$AnnotatedConnectException: Connection refused: /0.0.0.0:35957
2023-08-28 07:17:18,584 [s2@group-7E38B00F15F0-LeaderElection2] INFO  impl.LeaderElection (LeaderElection.java:askForVotes(322)) - s2@group-7E38B00F15F0-LeaderElection2 ELECTION round 0: result PASSED
2023-08-28 07:17:18,584 [s2@group-7E38B00F15F0-LeaderElection2] INFO  impl.RoleInfo (RoleInfo.java:shutdownLeaderElection(129)) - s2: shutdown s2@group-7E38B00F15F0-LeaderElection2
2023-08-28 07:17:18,584 [s2@group-7E38B00F15F0-LeaderElection2] INFO  server.RaftServer$Division (RaftServerImpl.java:setRole(371)) - s2@group-7E38B00F15F0: changes role from CANDIDATE to LEADER at term 2 for changeToLeader
2023-08-28 07:17:18,584 [s2@group-7E38B00F15F0-LeaderElection2] INFO  server.RaftServerConfigKeys (ConfUtils.java:logGet(46)) - raft.server.staging.catchup.gap = 1000 (default)
2023-08-28 07:17:18,584 [s2@group-7E38B00F15F0-LeaderElection2] INFO  server.RaftServerConfigKeys (ConfUtils.java:logGet(46)) - raft.server.write.element-limit = 4096 (default)
2023-08-28 07:17:18,584 [s2@group-7E38B00F15F0-LeaderElection2] INFO  server.RaftServerConfigKeys (ConfUtils.java:logGet(46)) - raft.server.write.byte-limit = 64MB (=67108864) (default)
2023-08-28 07:17:18,584 [s2@group-7E38B00F15F0-LeaderElection2] INFO  server.RaftServerConfigKeys (ConfUtils.java:logGet(46)) - raft.server.watch.timeout = 10s (default)
2023-08-28 07:17:18,585 [s2@group-7E38B00F15F0-LeaderElection2] INFO  server.RaftServerConfigKeys (ConfUtils.java:logGet(46)) - raft.server.watch.timeout.denomination = 1s (default)
2023-08-28 07:17:18,585 [s2@group-7E38B00F15F0-LeaderElection2] INFO  server.RaftServerConfigKeys (ConfUtils.java:logGet(46)) - raft.server.watch.element-limit = 65536 (default)
2023-08-28 07:17:18,585 [s2@group-7E38B00F15F0-LeaderElection2] INFO  server.RaftServerConfigKeys (ConfUtils.java:logGet(46)) - raft.server.write.element-limit = 4096 (default)
2023-08-28 07:17:18,585 [s2@group-7E38B00F15F0-LeaderElection2] INFO  server.RaftServerConfigKeys (ConfUtils.java:logGet(46)) - raft.server.write.follower.gap.ratio.max = -1.0 (default)
2023-08-28 07:17:18,585 [s2@group-7E38B00F15F0-LeaderElection2] INFO  server.RaftServerConfigKeys (ConfUtils.java:logGet(46)) - raft.server.log.appender.snapshot.chunk.size.max = 16MB (=16777216) (default)
2023-08-28 07:17:18,585 [s2@group-7E38B00F15F0-LeaderElection2] INFO  server.RaftServerConfigKeys (ConfUtils.java:logGet(46)) - raft.server.log.appender.buffer.byte-limit = 4MB (=4194304) (default)
2023-08-28 07:17:18,585 [s2@group-7E38B00F15F0-LeaderElection2] INFO  server.RaftServerConfigKeys (ConfUtils.java:logGet(46)) - raft.server.log.appender.buffer.element-limit = 0 (default)
2023-08-28 07:17:18,585 [s2@group-7E38B00F15F0-LeaderElection2] INFO  server.RaftServerConfigKeys (ConfUtils.java:logGet(46)) - raft.server.log.appender.wait-time.min = 10ms (default)
2023-08-28 07:17:18,585 [s2@group-7E38B00F15F0-LeaderElection2] INFO  server.RaftServerConfigKeys (ConfUtils.java:logGet(46)) - raft.server.log.appender.snapshot.chunk.size.max = 16MB (=16777216) (default)
2023-08-28 07:17:18,586 [s2@group-7E38B00F15F0-LeaderElection2] INFO  server.RaftServerConfigKeys (ConfUtils.java:logGet(46)) - raft.server.log.appender.buffer.byte-limit = 4MB (=4194304) (default)
2023-08-28 07:17:18,586 [s2@group-7E38B00F15F0-LeaderElection2] INFO  server.RaftServerConfigKeys (ConfUtils.java:logGet(46)) - raft.server.log.appender.buffer.element-limit = 0 (default)
2023-08-28 07:17:18,586 [s2@group-7E38B00F15F0-LeaderElection2] INFO  server.RaftServerConfigKeys (ConfUtils.java:logGet(46)) - raft.server.log.appender.wait-time.min = 10ms (default)
2023-08-28 07:17:18,586 [s2@group-7E38B00F15F0-LeaderElection2] INFO  impl.RoleInfo (RoleInfo.java:updateAndGet(138)) - s2: start s2@group-7E38B00F15F0-LeaderStateImpl
2023-08-28 07:17:18,586 [s2@group-7E38B00F15F0-LeaderElection2] INFO  server.RaftServer$Division (ServerState.java:setLeader(260)) - s2@group-7E38B00F15F0: change Leader from null to s2 at term 2 for becomeLeader, leader elected after 29ms
2023-08-28 07:17:18,590 [s2@group-7E38B00F15F0-LeaderElection2] INFO  segmented.SegmentedRaftLogWorker (SegmentedRaftLogWorker.java:rollLogSegment(432)) - s2@group-7E38B00F15F0-SegmentedRaftLogWorker: Rolling segment log-0_0 to index:0
2023-08-28 07:17:18,592 [s2@group-7E38B00F15F0-SegmentedRaftLogWorker] TRACE util.FileUtils (LogUtils.java:runAndLog(49)) - Successfully ran Atomic Files.move /home/runner/work/ratis/ratis/ratis-test/target/test/data/c5bbf9cd/MiniRaftClusterWithNetty3a726a16/s2/dfd8e832-773a-483f-95bb-7e38b00f15f0/current/log_inprogress_0 to /home/runner/work/ratis/ratis/ratis-test/target/test/data/c5bbf9cd/MiniRaftClusterWithNetty3a726a16/s2/dfd8e832-773a-483f-95bb-7e38b00f15f0/current/log_0-0
2023-08-28 07:17:18,602 [s2@group-7E38B00F15F0-SegmentedRaftLogWorker] INFO  segmented.SegmentedRaftLogWorker (SegmentedRaftLogWorker.java:execute(588)) - s2@group-7E38B00F15F0-SegmentedRaftLogWorker: Rolled log segment from /home/runner/work/ratis/ratis/ratis-test/target/test/data/c5bbf9cd/MiniRaftClusterWithNetty3a726a16/s2/dfd8e832-773a-483f-95bb-7e38b00f15f0/current/log_inprogress_0 to /home/runner/work/ratis/ratis/ratis-test/target/test/data/c5bbf9cd/MiniRaftClusterWithNetty3a726a16/s2/dfd8e832-773a-483f-95bb-7e38b00f15f0/current/log_0-0
2023-08-28 07:17:18,599 [nioEventLoopGroup-20-1] INFO  server.RaftServer$Division (ServerState.java:setLeader(260)) - s0@group-7E38B00F15F0: change Leader from null to s2 at term 2 for appendEntries, leader elected after 663ms
2023-08-28 07:17:18,599 [s2@group-7E38B00F15F0-LeaderElection2] INFO  server.RaftServer$Division (ServerState.java:setRaftConf(377)) - s2@group-7E38B00F15F0: set configuration 1: peers:[s0|rpc:0.0.0.0:35673|dataStream:|priority:0|startupRole:FOLLOWER, s1|rpc:0.0.0.0:35957|dataStream:|priority:0|startupRole:FOLLOWER, s2|rpc:0.0.0.0:41835|dataStream:|priority:0|startupRole:FOLLOWER]|listeners:[], old=null
2023-08-28 07:17:18,613 [s2@group-7E38B00F15F0-SegmentedRaftLogWorker] INFO  segmented.SegmentedRaftLogWorker (SegmentedRaftLogWorker.java:execute(631)) - s2@group-7E38B00F15F0-SegmentedRaftLogWorker: created new log segment /home/runner/work/ratis/ratis/ratis-test/target/test/data/c5bbf9cd/MiniRaftClusterWithNetty3a726a16/s2/dfd8e832-773a-483f-95bb-7e38b00f15f0/current/log_inprogress_1
2023-08-28 07:17:18,615 [s2@group-7E38B00F15F0->s1-LogAppenderDefault-LogAppenderDaemon] WARN  leader.LogAppender (LogAppenderDefault.java:sendAppendEntriesWithRetries(87)) - s2@group-7E38B00F15F0->s1-LogAppenderDefault: Failed to appendEntries (retry=1): {}
org.apache.ratis.thirdparty.io.netty.channel.AbstractChannel$AnnotatedConnectException: Connection refused: /0.0.0.0:35957
Caused by: java.net.ConnectException: Connection refused
	at java.base/sun.nio.ch.SocketChannelImpl.checkConnect(Native Method)
	at java.base/sun.nio.ch.SocketChannelImpl.finishConnect(SocketChannelImpl.java:777)
	at org.apache.ratis.thirdparty.io.netty.channel.socket.nio.NioSocketChannel.doFinishConnect(NioSocketChannel.java:337)
	at org.apache.ratis.thirdparty.io.netty.channel.nio.AbstractNioChannel$AbstractNioUnsafe.finishConnect(AbstractNioChannel.java:334)
	at org.apache.ratis.thirdparty.io.netty.channel.nio.NioEventLoop.processSelectedKey(NioEventLoop.java:776)
	at org.apache.ratis.thirdparty.io.netty.channel.nio.NioEventLoop.processSelectedKeysOptimized(NioEventLoop.java:724)
	at org.apache.ratis.thirdparty.io.netty.channel.nio.NioEventLoop.processSelectedKeys(NioEventLoop.java:650)
	at org.apache.ratis.thirdparty.io.netty.channel.nio.NioEventLoop.run(NioEventLoop.java:562)
	at org.apache.ratis.thirdparty.io.netty.util.concurrent.SingleThreadEventExecutor$4.run(SingleThreadEventExecutor.java:997)
	at org.apache.ratis.thirdparty.io.netty.util.internal.ThreadExecutorMap$2.run(ThreadExecutorMap.java:74)
	at org.apache.ratis.thirdparty.io.netty.util.concurrent.FastThreadLocalRunnable.run(FastThreadLocalRunnable.java:30)
	at java.base/java.lang.Thread.run(Thread.java:829)
2023-08-28 07:17:18,616 [nioEventLoopGroup-20-1] DEBUG server.RaftServer$Division (RaftServerImpl.java:logAppendEntries(1471)) - s0@group-7E38B00F15F0: receive appendEntries(s2, 2, (t:1, i:0), 0, true, commits:[s2:c0, s0:c0, s1:c0], cId:23, entries: [(t:2, i:1), CONFIGURATIONENTRY(current:id: "s0"
address: "0.0.0.0:35673"
clientAddress: "0.0.0.0:35673"
adminAddress: "0.0.0.0:35673"
startupRole: FOLLOWER
,id: "s1"
address: "0.0.0.0:35957"
clientAddress: "0.0.0.0:35957"
adminAddress: "0.0.0.0:35957"
startupRole: FOLLOWER
,id: "s2"
address: "0.0.0.0:41835"
clientAddress: "0.0.0.0:41835"
adminAddress: "0.0.0.0:41835"
startupRole: FOLLOWER
, old:)]
2023-08-28 07:17:18,618 [nioEventLoopGroup-20-1] INFO  server.RaftServer$Division (ServerState.java:setRaftConf(377)) - s0@group-7E38B00F15F0: set configuration 1: peers:[s0|rpc:0.0.0.0:35673|dataStream:|priority:0|startupRole:FOLLOWER, s1|rpc:0.0.0.0:35957|dataStream:|priority:0|startupRole:FOLLOWER, s2|rpc:0.0.0.0:41835|dataStream:|priority:0|startupRole:FOLLOWER]|listeners:[], old=null
2023-08-28 07:17:18,618 [nioEventLoopGroup-20-1] INFO  segmented.SegmentedRaftLogWorker (SegmentedRaftLogWorker.java:rollLogSegment(432)) - s0@group-7E38B00F15F0-SegmentedRaftLogWorker: Rolling segment log-0_0 to index:0
2023-08-28 07:17:18,619 [s0@group-7E38B00F15F0-SegmentedRaftLogWorker] TRACE util.FileUtils (LogUtils.java:runAndLog(49)) - Successfully ran Atomic Files.move /home/runner/work/ratis/ratis/ratis-test/target/test/data/c5bbf9cd/MiniRaftClusterWithNetty3a726a16/s0/dfd8e832-773a-483f-95bb-7e38b00f15f0/current/log_inprogress_0 to /home/runner/work/ratis/ratis/ratis-test/target/test/data/c5bbf9cd/MiniRaftClusterWithNetty3a726a16/s0/dfd8e832-773a-483f-95bb-7e38b00f15f0/current/log_0-0
2023-08-28 07:17:18,619 [s0@group-7E38B00F15F0-SegmentedRaftLogWorker] INFO  segmented.SegmentedRaftLogWorker (SegmentedRaftLogWorker.java:execute(588)) - s0@group-7E38B00F15F0-SegmentedRaftLogWorker: Rolled log segment from /home/runner/work/ratis/ratis/ratis-test/target/test/data/c5bbf9cd/MiniRaftClusterWithNetty3a726a16/s0/dfd8e832-773a-483f-95bb-7e38b00f15f0/current/log_inprogress_0 to /home/runner/work/ratis/ratis/ratis-test/target/test/data/c5bbf9cd/MiniRaftClusterWithNetty3a726a16/s0/dfd8e832-773a-483f-95bb-7e38b00f15f0/current/log_0-0
2023-08-28 07:17:18,627 [s0@group-7E38B00F15F0-SegmentedRaftLogWorker] INFO  segmented.SegmentedRaftLogWorker (SegmentedRaftLogWorker.java:execute(631)) - s0@group-7E38B00F15F0-SegmentedRaftLogWorker: created new log segment /home/runner/work/ratis/ratis/ratis-test/target/test/data/c5bbf9cd/MiniRaftClusterWithNetty3a726a16/s0/dfd8e832-773a-483f-95bb-7e38b00f15f0/current/log_inprogress_1
2023-08-28 07:17:18,629 [s0-server-thread1] DEBUG server.RaftServer$Division (RaftServerImpl.java:logAppendEntries(1471)) - s0@group-7E38B00F15F0: succeeded to handle AppendEntries. Reply: s2<-s0#23:OK-t2,SUCCESS,nextIndex=2,followerCommit=0,matchIndex=1
2023-08-28 07:17:18,635 [nioEventLoopGroup-20-1] DEBUG server.RaftServer$Division (RaftServerImpl.java:logAppendEntries(1471)) - s0@group-7E38B00F15F0: receive appendEntries(s2, 2, (t:2, i:1), 1, true, commits:[s2:c1, s0:c0, s1:c0], cId:24, entries: [(t:2, i:2), METADATAENTRY(c:1)]
2023-08-28 07:17:18,637 [s0-server-thread1] DEBUG server.RaftServer$Division (RaftServerImpl.java:logAppendEntries(1471)) - s0@group-7E38B00F15F0: succeeded to handle AppendEntries. Reply: s2<-s0#24:OK-t2,SUCCESS,nextIndex=3,followerCommit=1,matchIndex=2
2023-08-28 07:17:18,853 [s2@group-7E38B00F15F0->s1-LogAppenderDefault-LogAppenderDaemon] WARN  leader.LogAppender (LogAppenderDefault.java:sendAppendEntriesWithRetries(87)) - s2@group-7E38B00F15F0->s1-LogAppenderDefault: Failed to appendEntries (retry=11): {}
org.apache.ratis.thirdparty.io.netty.channel.AbstractChannel$AnnotatedConnectException: Connection refused: /0.0.0.0:35957
Caused by: java.net.ConnectException: Connection refused
	at java.base/sun.nio.ch.SocketChannelImpl.checkConnect(Native Method)
	at java.base/sun.nio.ch.SocketChannelImpl.finishConnect(SocketChannelImpl.java:777)
	at org.apache.ratis.thirdparty.io.netty.channel.socket.nio.NioSocketChannel.doFinishConnect(NioSocketChannel.java:337)
	at org.apache.ratis.thirdparty.io.netty.channel.nio.AbstractNioChannel$AbstractNioUnsafe.finishConnect(AbstractNioChannel.java:334)
	at org.apache.ratis.thirdparty.io.netty.channel.nio.NioEventLoop.processSelectedKey(NioEventLoop.java:776)
	at org.apache.ratis.thirdparty.io.netty.channel.nio.NioEventLoop.processSelectedKeysOptimized(NioEventLoop.java:724)
	at org.apache.ratis.thirdparty.io.netty.channel.nio.NioEventLoop.processSelectedKeys(NioEventLoop.java:650)
	at org.apache.ratis.thirdparty.io.netty.channel.nio.NioEventLoop.run(NioEventLoop.java:562)
	at org.apache.ratis.thirdparty.io.netty.util.concurrent.SingleThreadEventExecutor$4.run(SingleThreadEventExecutor.java:997)
	at org.apache.ratis.thirdparty.io.netty.util.internal.ThreadExecutorMap$2.run(ThreadExecutorMap.java:74)
	at org.apache.ratis.thirdparty.io.netty.util.concurrent.FastThreadLocalRunnable.run(FastThreadLocalRunnable.java:30)
	at java.base/java.lang.Thread.run(Thread.java:829)
2023-08-28 07:17:18,961 [s1-impl-thread1] INFO  segmented.SegmentedRaftLogWorker (SegmentedRaftLogWorker.java:close(242)) - s1@group-7E38B00F15F0-SegmentedRaftLogWorker close()
2023-08-28 07:17:18,962 [JvmPauseMonitor3] INFO  util.JvmPauseMonitor (JvmPauseMonitor.java:run(152)) - JvmPauseMonitor-s1: Stopped
2023-08-28 07:17:18,962 [Time-limited test] INFO  impl.MiniRaftCluster (MiniRaftCluster.java:newRaftServer(382)) - newRaftServer: s1, null, format? false
2023-08-28 07:17:18,962 [Time-limited test] DEBUG server.RaftServer (ServerImplUtils.java:newRaftServer(51)) - newRaftServer: s1, null
2023-08-28 07:17:18,962 [Time-limited test] INFO  server.RaftServer (ConfUtils.java:logGet(46)) - raft.rpc.type = NETTY (custom)
2023-08-28 07:17:18,962 [Time-limited test] INFO  netty.NettyConfigKeys$Server (ConfUtils.java:logGet(46)) - raft.netty.server.host = null (default)
2023-08-28 07:17:18,962 [Time-limited test] INFO  netty.NettyConfigKeys$Server (ConfUtils.java:logGet(46)) - raft.netty.server.port = 35957 (custom)
2023-08-28 07:17:18,963 [Time-limited test] INFO  impl.DataStreamServerImpl (ConfUtils.java:logGet(46)) - raft.datastream.type = DISABLED (default)
2023-08-28 07:17:18,963 [Time-limited test] INFO  server.RaftServerConfigKeys (ConfUtils.java:logGet(46)) - raft.server.threadpool.proxy.cached = true (default)
2023-08-28 07:17:18,963 [Time-limited test] INFO  server.RaftServerConfigKeys (ConfUtils.java:logGet(46)) - raft.server.threadpool.proxy.size = 0 (default)
2023-08-28 07:17:18,963 [Time-limited test] INFO  server.RaftServerConfigKeys (ConfUtils.java:logGet(46)) - raft.server.sleep.deviation.threshold = 300ms (default)
2023-08-28 07:17:18,963 [Time-limited test] INFO  server.RaftServerConfigKeys (ConfUtils.java:logGet(46)) - raft.server.rpc.slowness.timeout = 60s (default)
2023-08-28 07:17:18,963 [Time-limited test] INFO  server.RaftServerConfigKeys (ConfUtils.java:logGet(46)) - raft.server.leaderelection.leader.step-down.wait-time = 10s (default)
2023-08-28 07:17:18,963 [Time-limited test] INFO  server.RaftServerConfigKeys (ConfUtils.java:logGet(46)) - raft.server.storage.dir = [/home/runner/work/ratis/ratis/ratis-test/target/test/data/c5bbf9cd/MiniRaftClusterWithNetty3a726a16/s1] (custom)
2023-08-28 07:17:18,963 [s1-impl-thread1] INFO  server.RaftServer (RaftServerProxy.java:initGroupDir(262)) - s1: found a subdirectory /home/runner/work/ratis/ratis/ratis-test/target/test/data/c5bbf9cd/MiniRaftClusterWithNetty3a726a16/s1/dfd8e832-773a-483f-95bb-7e38b00f15f0
2023-08-28 07:17:18,967 [s1-impl-thread1] INFO  server.RaftServer (RaftServerProxy.java:addNew(99)) - s1: addNew group-7E38B00F15F0:[] returns group-7E38B00F15F0:java.util.concurrent.CompletableFuture@1e4d43b2[Not completed]
2023-08-28 07:17:18,968 [s1-groupManagement] INFO  server.RaftServer$Division (RaftServerImpl.java:<init>(250)) - s1: new RaftServerImpl for group-7E38B00F15F0:[] with BaseStateMachine:uninitialized
2023-08-28 07:17:18,968 [s1-groupManagement] INFO  server.RaftServerConfigKeys (ConfUtils.java:logGet(46)) - raft.server.rpc.timeout.min = 1500ms (custom)
2023-08-28 07:17:18,968 [s1-groupManagement] INFO  server.RaftServerConfigKeys (ConfUtils.java:logGet(46)) - raft.server.rpc.timeout.max = 2000ms (custom)
2023-08-28 07:17:18,968 [s1-groupManagement] INFO  server.RaftServerConfigKeys (ConfUtils.java:logGet(46)) - raft.server.rpc.sleep.time = 25ms (default)
2023-08-28 07:17:18,968 [s1-groupManagement] INFO  server.RaftServerConfigKeys (ConfUtils.java:logGet(46)) - raft.server.rpc.slowness.timeout = 60s (default)
2023-08-28 07:17:18,968 [s1-groupManagement] INFO  server.RaftServerConfigKeys (ConfUtils.java:logGet(46)) - raft.server.leaderelection.leader.step-down.wait-time = 10s (default)
2023-08-28 07:17:18,968 [s1-groupManagement] INFO  server.RaftServerConfigKeys (ConfUtils.java:logGet(46)) - raft.server.sleep.deviation.threshold = 300ms (default)
2023-08-28 07:17:18,968 [s1-groupManagement] INFO  server.RaftServer$Division (ServerState.java:<init>(113)) - s1@group-7E38B00F15F0: ConfigurationManager, init=-1: peers:[]|listeners:[], old=null, confs=<EMPTY_MAP>
2023-08-28 07:17:18,968 [s1-groupManagement] INFO  server.RaftServerConfigKeys (ConfUtils.java:logGet(46)) - raft.server.notification.no-leader.timeout = 60s (default)
2023-08-28 07:17:18,968 [s1-groupManagement] INFO  server.RaftServerConfigKeys (ConfUtils.java:logGet(46)) - raft.server.read.timeout = 10s (default)
2023-08-28 07:17:18,968 [s1-groupManagement] INFO  server.RaftServerConfigKeys (ConfUtils.java:logGet(46)) - raft.server.retrycache.expirytime = 60s (default)
2023-08-28 07:17:18,968 [s1-groupManagement] INFO  server.RaftServerConfigKeys (ConfUtils.java:logGet(46)) - raft.server.retrycache.statistics.expirytime = 100μs (default)
2023-08-28 07:17:18,968 [s1-groupManagement] INFO  server.RaftServerConfigKeys (ConfUtils.java:logGet(46)) - raft.server.read.option = DEFAULT (default)
2023-08-28 07:17:18,969 [s1-groupManagement] INFO  server.RaftServerConfigKeys (ConfUtils.java:logGet(46)) - raft.server.rpc.request.timeout = 3000ms (default)
2023-08-28 07:17:18,969 [s1-groupManagement] INFO  server.RaftServerConfigKeys (ConfUtils.java:logGet(46)) - raft.server.log.appender.install.snapshot.enabled = true (default)
2023-08-28 07:17:18,969 [s1-groupManagement] INFO  server.RaftServerConfigKeys (ConfUtils.java:logGet(46)) - raft.server.threadpool.server.cached = true (default)
2023-08-28 07:17:18,970 [s1-groupManagement] INFO  server.RaftServerConfigKeys (ConfUtils.java:logGet(46)) - raft.server.threadpool.server.size = 0 (default)
2023-08-28 07:17:18,970 [s1-groupManagement] INFO  server.RaftServerConfigKeys (ConfUtils.java:logGet(46)) - raft.server.threadpool.client.cached = true (default)
2023-08-28 07:17:18,970 [s1-groupManagement] INFO  server.RaftServerConfigKeys (ConfUtils.java:logGet(46)) - raft.server.threadpool.client.size = 0 (default)
2023-08-28 07:17:18,970 [s1-impl-thread1] INFO  server.RaftServerConfigKeys (ConfUtils.java:logGet(46)) - raft.server.storage.free-space.min = 0MB (=0) (default)
2023-08-28 07:17:18,970 [s1-impl-thread1] INFO  server.RaftServerConfigKeys (ConfUtils.java:logGet(46)) - raft.server.log.corruption.policy = EXCEPTION (default)
2023-08-28 07:17:18,970 [s1-impl-thread1] INFO  server.RaftServerConfigKeys (ConfUtils.java:logGet(46)) - raft.server.storage.dir = [/home/runner/work/ratis/ratis/ratis-test/target/test/data/c5bbf9cd/MiniRaftClusterWithNetty3a726a16/s1] (custom)
2023-08-28 07:17:18,971 [s1-impl-thread1] INFO  storage.RaftStorageDirectory (RaftStorageDirectoryImpl.java:tryLock(232)) - Lock on /home/runner/work/ratis/ratis/ratis-test/target/test/data/c5bbf9cd/MiniRaftClusterWithNetty3a726a16/s1/dfd8e832-773a-483f-95bb-7e38b00f15f0/in_use.lock acquired by nodename 7908@fv-az1033-516
2023-08-28 07:17:18,972 [s1-impl-thread1] INFO  storage.RaftStorage (RaftStorageImpl.java:analyzeAndRecoverStorage(117)) - Read RaftStorageMetadata{term=1, votedFor=s0} from /home/runner/work/ratis/ratis/ratis-test/target/test/data/c5bbf9cd/MiniRaftClusterWithNetty3a726a16/s1/dfd8e832-773a-483f-95bb-7e38b00f15f0/current/raft-meta
2023-08-28 07:17:18,972 [s1-impl-thread1] INFO  server.RaftServer$Division (ServerState.java:setRaftConf(377)) - s1@group-7E38B00F15F0: set configuration 0: peers:[s0|rpc:0.0.0.0:35673|dataStream:|priority:0|startupRole:FOLLOWER, s1|rpc:0.0.0.0:35957|dataStream:|priority:0|startupRole:FOLLOWER, s2|rpc:0.0.0.0:41835|dataStream:|priority:0|startupRole:FOLLOWER]|listeners:[], old=null
2023-08-28 07:17:18,972 [s1-impl-thread1] INFO  server.RaftServerConfigKeys (ConfUtils.java:logGet(46)) - raft.server.log.use.memory = false (default)
2023-08-28 07:17:18,972 [s1-impl-thread1] INFO  server.RaftServerConfigKeys (ConfUtils.java:logGet(46)) - raft.server.log.purge.gap = 1024 (default)
2023-08-28 07:17:18,972 [s1-impl-thread1] INFO  server.RaftServerConfigKeys (ConfUtils.java:logGet(46)) - raft.server.log.appender.buffer.byte-limit = 4MB (=4194304) (default)
2023-08-28 07:17:18,972 [s1-impl-thread1] INFO  server.RaftServerConfigKeys (ConfUtils.java:logGet(46)) - raft.server.log.statemachine.data.read.timeout = 1000ms (default)
2023-08-28 07:17:18,972 [s1-impl-thread1] INFO  server.RaftServerConfigKeys (ConfUtils.java:logGet(46)) - raft.server.log.purge.preservation.log.num = 0 (default)
2023-08-28 07:17:18,973 [s1-impl-thread1] INFO  server.RaftServerConfigKeys (ConfUtils.java:logGet(46)) - raft.server.log.segment.size.max = 8MB (=8388608) (default)
2023-08-28 07:17:18,973 [s1-impl-thread1] INFO  server.RaftServerConfigKeys (ConfUtils.java:logGet(46)) - raft.server.log.segment.cache.num.max = 6 (default)
2023-08-28 07:17:18,973 [s1-impl-thread1] INFO  server.RaftServerConfigKeys (ConfUtils.java:logGet(46)) - raft.server.log.segment.cache.size.max = 200MB (=209715200) (default)
2023-08-28 07:17:18,973 [s1-impl-thread1] INFO  server.RaftServerConfigKeys (ConfUtils.java:logGet(46)) - raft.server.log.appender.buffer.byte-limit = 4MB (=4194304) (default)
2023-08-28 07:17:18,973 [s1-impl-thread1] INFO  segmented.SegmentedRaftLogWorker (SegmentedRaftLogWorker.java:<init>(183)) - new s1@group-7E38B00F15F0-SegmentedRaftLogWorker for RaftStorageImpl:Storage Directory /home/runner/work/ratis/ratis/ratis-test/target/test/data/c5bbf9cd/MiniRaftClusterWithNetty3a726a16/s1/dfd8e832-773a-483f-95bb-7e38b00f15f0
2023-08-28 07:17:18,973 [s1-impl-thread1] INFO  server.RaftServerConfigKeys (ConfUtils.java:logGet(46)) - raft.server.log.queue.byte-limit = 64MB (=67108864) (default)
2023-08-28 07:17:18,973 [s1-impl-thread1] INFO  server.RaftServerConfigKeys (ConfUtils.java:logGet(46)) - raft.server.log.queue.element-limit = 4096 (default)
2023-08-28 07:17:18,973 [s1-impl-thread1] INFO  server.RaftServerConfigKeys (ConfUtils.java:logGet(46)) - raft.server.log.segment.size.max = 8MB (=8388608) (default)
2023-08-28 07:17:18,973 [s1-impl-thread1] INFO  server.RaftServerConfigKeys (ConfUtils.java:logGet(46)) - raft.server.log.preallocated.size = 4MB (=4194304) (default)
2023-08-28 07:17:18,973 [s1-impl-thread1] INFO  server.RaftServerConfigKeys (ConfUtils.java:logGet(46)) - raft.server.log.force.sync.num = 128 (default)
2023-08-28 07:17:18,973 [s1-impl-thread1] INFO  server.RaftServerConfigKeys (ConfUtils.java:logGet(46)) - raft.server.log.statemachine.data.sync = true (default)
2023-08-28 07:17:18,973 [s1-impl-thread1] INFO  server.RaftServerConfigKeys (ConfUtils.java:logGet(46)) - raft.server.log.statemachine.data.sync.timeout = 10s (default)
2023-08-28 07:17:18,973 [s1-impl-thread1] INFO  server.RaftServerConfigKeys (ConfUtils.java:logGet(46)) - raft.server.log.statemachine.data.sync.timeout.retry = -1 (default)
2023-08-28 07:17:18,974 [s1-impl-thread1] INFO  server.RaftServerConfigKeys (ConfUtils.java:logGet(46)) - raft.server.log.write.buffer.size = 64KB (=65536) (default)
2023-08-28 07:17:18,974 [s1-impl-thread1] INFO  server.RaftServerConfigKeys (ConfUtils.java:logGet(46)) - raft.server.log.appender.buffer.byte-limit = 4MB (=4194304) (default)
2023-08-28 07:17:18,975 [s1-impl-thread1] INFO  server.RaftServerConfigKeys (ConfUtils.java:logGet(46)) - raft.server.log.unsafe-flush.enabled = false (default)
2023-08-28 07:17:18,975 [s1-impl-thread1] INFO  server.RaftServerConfigKeys (ConfUtils.java:logGet(46)) - raft.server.log.async-flush.enabled = false (default)
2023-08-28 07:17:18,975 [s1-impl-thread1] INFO  server.RaftServerConfigKeys (ConfUtils.java:logGet(46)) - raft.server.log.statemachine.data.caching.enabled = false (default)
2023-08-28 07:17:18,975 [s1-impl-thread1] INFO  server.RaftServer$Division (ServerState.java:setRaftConf(377)) - s1@group-7E38B00F15F0: set configuration 0: peers:[s0|rpc:0.0.0.0:35673|dataStream:|priority:0|startupRole:FOLLOWER, s1|rpc:0.0.0.0:35957|dataStream:|priority:0|startupRole:FOLLOWER, s2|rpc:0.0.0.0:41835|dataStream:|priority:0|startupRole:FOLLOWER]|listeners:[], old=null
2023-08-28 07:17:18,975 [s1-impl-thread1] INFO  segmented.LogSegment (LogSegment.java:loadSegment(170)) - Successfully read 1 entries from segment file /home/runner/work/ratis/ratis/ratis-test/target/test/data/c5bbf9cd/MiniRaftClusterWithNetty3a726a16/s1/dfd8e832-773a-483f-95bb-7e38b00f15f0/current/log_inprogress_0
2023-08-28 07:17:18,976 [s1-impl-thread1] INFO  segmented.SegmentedRaftLogWorker (SegmentedRaftLogWorker.java:lambda$new$0(134)) - s1@group-7E38B00F15F0-SegmentedRaftLogWorker: safeCacheEvictIndex: setUnconditionally 0 -> -1
2023-08-28 07:17:18,976 [s1-impl-thread1] INFO  server.RaftServer$Division (RaftServerImpl.java:start(384)) - s1@group-7E38B00F15F0: start as a follower, conf=0: peers:[s0|rpc:0.0.0.0:35673|dataStream:|priority:0|startupRole:FOLLOWER, s1|rpc:0.0.0.0:35957|dataStream:|priority:0|startupRole:FOLLOWER, s2|rpc:0.0.0.0:41835|dataStream:|priority:0|startupRole:FOLLOWER]|listeners:[], old=null
2023-08-28 07:17:18,976 [s1-impl-thread1] INFO  server.RaftServer$Division (RaftServerImpl.java:setRole(371)) - s1@group-7E38B00F15F0: changes role from      null to FOLLOWER at term 1 for startAsFollower
2023-08-28 07:17:18,976 [s1-impl-thread1] INFO  impl.RoleInfo (RoleInfo.java:updateAndGet(138)) - s1: start s1@group-7E38B00F15F0-FollowerState
2023-08-28 07:17:18,982 [s1-impl-thread1] INFO  util.JmxRegister (JmxRegister.java:tryRegister(44)) - Successfully registered JMX Bean with object name Ratis:service=RaftServer,group=group-7E38B00F15F0,id=s1
2023-08-28 07:17:18,982 [s1-impl-thread1] INFO  server.RaftServerConfigKeys (ConfUtils.java:logGet(46)) - raft.server.snapshot.trigger-when-stop.enabled = true (default)
2023-08-28 07:17:18,982 [s1-impl-thread1] INFO  server.RaftServerConfigKeys (ConfUtils.java:logGet(46)) - raft.server.snapshot.auto.trigger.enabled = false (default)
2023-08-28 07:17:18,982 [s1-impl-thread1] INFO  server.RaftServerConfigKeys (ConfUtils.java:logGet(46)) - raft.server.snapshot.retention.file.num = -1 (default)
2023-08-28 07:17:18,982 [s1-impl-thread1] INFO  server.RaftServerConfigKeys (ConfUtils.java:logGet(46)) - raft.server.log.purge.upto.snapshot.index = false (default)
2023-08-28 07:17:18,983 [Time-limited test] INFO  server.RaftServer (RaftServerProxy.java:startImpl(404)) - s1: start RPC server
2023-08-28 07:17:18,983 [s1@group-7E38B00F15F0-FollowerState] INFO  server.RaftServerConfigKeys (ConfUtils.java:logFallback(53)) - raft.server.rpc.first-election.timeout.min = 1500ms (fallback to raft.server.rpc.timeout.min)
2023-08-28 07:17:18,983 [s1@group-7E38B00F15F0-FollowerState] INFO  server.RaftServerConfigKeys (ConfUtils.java:logFallback(53)) - raft.server.rpc.first-election.timeout.max = 2000ms (fallback to raft.server.rpc.timeout.max)
2023-08-28 07:17:18,985 [nioEventLoopGroup-22-1] INFO  logging.LoggingHandler (AbstractInternalLogger.java:log(148)) - [id: 0x9eacd923] REGISTERED
2023-08-28 07:17:18,985 [nioEventLoopGroup-22-1] INFO  logging.LoggingHandler (AbstractInternalLogger.java:log(148)) - [id: 0x9eacd923] BIND: 0.0.0.0/0.0.0.0:35957
2023-08-28 07:17:18,985 [nioEventLoopGroup-22-1] INFO  logging.LoggingHandler (AbstractInternalLogger.java:log(148)) - [id: 0x9eacd923, L:/0.0.0.0:35957] ACTIVE
2023-08-28 07:17:18,985 [Time-limited test] INFO  impl.MiniRaftCluster (MiniRaftCluster.java:killServer(533)) - killServer s2
2023-08-28 07:17:18,985 [JvmPauseMonitor6] INFO  util.JvmPauseMonitor (JvmPauseMonitor.java:run(146)) - JvmPauseMonitor-s1: Started
2023-08-28 07:17:18,985 [Time-limited test] INFO  server.RaftServer (RaftServerProxy.java:lambda$close$7(420)) - s2: close
2023-08-28 07:17:18,986 [s2-impl-thread1] INFO  server.RaftServer$Division (RaftServerImpl.java:lambda$close$3(508)) - s2@group-7E38B00F15F0: shutdown
2023-08-28 07:17:18,986 [nioEventLoopGroup-13-1] INFO  logging.LoggingHandler (AbstractInternalLogger.java:log(148)) - [id: 0xce313164, L:/0.0.0.0:41835] CLOSE
2023-08-28 07:17:18,986 [s2-impl-thread1] INFO  util.JmxRegister (JmxRegister.java:unregister(73)) - Successfully un-registered JMX Bean with object name Ratis:service=RaftServer,group=group-7E38B00F15F0,id=s2
2023-08-28 07:17:18,986 [nioEventLoopGroup-13-1] INFO  logging.LoggingHandler (AbstractInternalLogger.java:log(148)) - [id: 0xce313164, L:/0.0.0.0:41835] INACTIVE
2023-08-28 07:17:18,986 [s2-impl-thread1] INFO  impl.RoleInfo (RoleInfo.java:shutdownLeaderState(92)) - s2: shutdown s2@group-7E38B00F15F0-LeaderStateImpl
2023-08-28 07:17:18,986 [nioEventLoopGroup-13-1] INFO  logging.LoggingHandler (AbstractInternalLogger.java:log(148)) - [id: 0xce313164, L:/0.0.0.0:41835] UNREGISTERED
2023-08-28 07:17:18,989 [s2-impl-thread1] INFO  impl.PendingRequests (PendingRequests.java:sendNotLeaderResponses(289)) - s2@group-7E38B00F15F0-PendingRequests: sendNotLeaderResponses
2023-08-28 07:17:18,989 [s2@group-7E38B00F15F0->s0-LogAppenderDefault-LogAppenderDaemon] INFO  leader.LogAppenderDaemon (LogAppenderDaemon.java:run(83)) - s2@group-7E38B00F15F0->s0-LogAppenderDefault-LogAppenderDaemon was interrupted: java.lang.InterruptedException
2023-08-28 07:17:18,989 [s2@group-7E38B00F15F0->s1-LogAppenderDefault-LogAppenderDaemon] INFO  leader.LogAppenderDaemon (LogAppenderDaemon.java:run(83)) - s2@group-7E38B00F15F0->s1-LogAppenderDefault-LogAppenderDaemon was interrupted: java.lang.InterruptedException: sleep interrupted
2023-08-28 07:17:18,997 [s2-impl-thread1] INFO  impl.StateMachineUpdater (StateMachineUpdater.java:stopAndJoin(157)) - s2@group-7E38B00F15F0-StateMachineUpdater: set stopIndex = 2
2023-08-28 07:17:19,001 [s2-impl-thread1] INFO  server.RaftServer$Division (ServerState.java:close(415)) - s2@group-7E38B00F15F0: applyIndex: 2
2023-08-28 07:17:19,635 [s2-impl-thread1] INFO  segmented.SegmentedRaftLogWorker (SegmentedRaftLogWorker.java:close(242)) - s2@group-7E38B00F15F0-SegmentedRaftLogWorker close()
2023-08-28 07:17:19,636 [JvmPauseMonitor4] INFO  util.JvmPauseMonitor (JvmPauseMonitor.java:run(152)) - JvmPauseMonitor-s2: Stopped
2023-08-28 07:17:19,636 [Time-limited test] INFO  impl.MiniRaftCluster (MiniRaftCluster.java:newRaftServer(382)) - newRaftServer: s2, null, format? false
2023-08-28 07:17:19,636 [Time-limited test] DEBUG server.RaftServer (ServerImplUtils.java:newRaftServer(51)) - newRaftServer: s2, null
2023-08-28 07:17:19,636 [Time-limited test] INFO  server.RaftServer (ConfUtils.java:logGet(46)) - raft.rpc.type = NETTY (custom)
2023-08-28 07:17:19,637 [Time-limited test] INFO  netty.NettyConfigKeys$Server (ConfUtils.java:logGet(46)) - raft.netty.server.host = null (default)
2023-08-28 07:17:19,637 [Time-limited test] INFO  netty.NettyConfigKeys$Server (ConfUtils.java:logGet(46)) - raft.netty.server.port = 41835 (custom)
2023-08-28 07:17:19,637 [Time-limited test] INFO  impl.DataStreamServerImpl (ConfUtils.java:logGet(46)) - raft.datastream.type = DISABLED (default)
2023-08-28 07:17:19,637 [Time-limited test] INFO  server.RaftServerConfigKeys (ConfUtils.java:logGet(46)) - raft.server.threadpool.proxy.cached = true (default)
2023-08-28 07:17:19,637 [Time-limited test] INFO  server.RaftServerConfigKeys (ConfUtils.java:logGet(46)) - raft.server.threadpool.proxy.size = 0 (default)
2023-08-28 07:17:19,637 [Time-limited test] INFO  server.RaftServerConfigKeys (ConfUtils.java:logGet(46)) - raft.server.sleep.deviation.threshold = 300ms (default)
2023-08-28 07:17:19,637 [Time-limited test] INFO  server.RaftServerConfigKeys (ConfUtils.java:logGet(46)) - raft.server.rpc.slowness.timeout = 60s (default)
2023-08-28 07:17:19,637 [Time-limited test] INFO  server.RaftServerConfigKeys (ConfUtils.java:logGet(46)) - raft.server.leaderelection.leader.step-down.wait-time = 10s (default)
2023-08-28 07:17:19,637 [Time-limited test] INFO  server.RaftServerConfigKeys (ConfUtils.java:logGet(46)) - raft.server.storage.dir = [/home/runner/work/ratis/ratis/ratis-test/target/test/data/c5bbf9cd/MiniRaftClusterWithNetty3a726a16/s2] (custom)
2023-08-28 07:17:19,642 [s2-impl-thread1] INFO  server.RaftServer (RaftServerProxy.java:initGroupDir(262)) - s2: found a subdirectory /home/runner/work/ratis/ratis/ratis-test/target/test/data/c5bbf9cd/MiniRaftClusterWithNetty3a726a16/s2/dfd8e832-773a-483f-95bb-7e38b00f15f0
2023-08-28 07:17:19,642 [s2-impl-thread1] INFO  server.RaftServer (RaftServerProxy.java:addNew(99)) - s2: addNew group-7E38B00F15F0:[] returns group-7E38B00F15F0:java.util.concurrent.CompletableFuture@2a0deef[Not completed]
2023-08-28 07:17:19,646 [s2-groupManagement] INFO  server.RaftServer$Division (RaftServerImpl.java:<init>(250)) - s2: new RaftServerImpl for group-7E38B00F15F0:[] with BaseStateMachine:uninitialized
2023-08-28 07:17:19,646 [s2-groupManagement] INFO  server.RaftServerConfigKeys (ConfUtils.java:logGet(46)) - raft.server.rpc.timeout.min = 1500ms (custom)
2023-08-28 07:17:19,646 [s2-groupManagement] INFO  server.RaftServerConfigKeys (ConfUtils.java:logGet(46)) - raft.server.rpc.timeout.max = 2000ms (custom)
2023-08-28 07:17:19,646 [s2-groupManagement] INFO  server.RaftServerConfigKeys (ConfUtils.java:logGet(46)) - raft.server.rpc.sleep.time = 25ms (default)
2023-08-28 07:17:19,646 [s2-groupManagement] INFO  server.RaftServerConfigKeys (ConfUtils.java:logGet(46)) - raft.server.rpc.slowness.timeout = 60s (default)
2023-08-28 07:17:19,646 [s2-groupManagement] INFO  server.RaftServerConfigKeys (ConfUtils.java:logGet(46)) - raft.server.leaderelection.leader.step-down.wait-time = 10s (default)
2023-08-28 07:17:19,646 [s2-groupManagement] INFO  server.RaftServerConfigKeys (ConfUtils.java:logGet(46)) - raft.server.sleep.deviation.threshold = 300ms (default)
2023-08-28 07:17:19,646 [s2-groupManagement] INFO  server.RaftServer$Division (ServerState.java:<init>(113)) - s2@group-7E38B00F15F0: ConfigurationManager, init=-1: peers:[]|listeners:[], old=null, confs=<EMPTY_MAP>
2023-08-28 07:17:19,646 [s2-groupManagement] INFO  server.RaftServerConfigKeys (ConfUtils.java:logGet(46)) - raft.server.notification.no-leader.timeout = 60s (default)
2023-08-28 07:17:19,646 [s2-groupManagement] INFO  server.RaftServerConfigKeys (ConfUtils.java:logGet(46)) - raft.server.read.timeout = 10s (default)
2023-08-28 07:17:19,646 [s2-groupManagement] INFO  server.RaftServerConfigKeys (ConfUtils.java:logGet(46)) - raft.server.retrycache.expirytime = 60s (default)
2023-08-28 07:17:19,646 [s2-groupManagement] INFO  server.RaftServerConfigKeys (ConfUtils.java:logGet(46)) - raft.server.retrycache.statistics.expirytime = 100μs (default)
2023-08-28 07:17:19,646 [s2-groupManagement] INFO  server.RaftServerConfigKeys (ConfUtils.java:logGet(46)) - raft.server.read.option = DEFAULT (default)
2023-08-28 07:17:19,648 [s2-groupManagement] INFO  server.RaftServerConfigKeys (ConfUtils.java:logGet(46)) - raft.server.rpc.request.timeout = 3000ms (default)
2023-08-28 07:17:19,648 [s2-groupManagement] INFO  server.RaftServerConfigKeys (ConfUtils.java:logGet(46)) - raft.server.log.appender.install.snapshot.enabled = true (default)
2023-08-28 07:17:19,648 [s2-groupManagement] INFO  server.RaftServerConfigKeys (ConfUtils.java:logGet(46)) - raft.server.threadpool.server.cached = true (default)
2023-08-28 07:17:19,648 [s2-groupManagement] INFO  server.RaftServerConfigKeys (ConfUtils.java:logGet(46)) - raft.server.threadpool.server.size = 0 (default)
2023-08-28 07:17:19,648 [s2-groupManagement] INFO  server.RaftServerConfigKeys (ConfUtils.java:logGet(46)) - raft.server.threadpool.client.cached = true (default)
2023-08-28 07:17:19,648 [s2-groupManagement] INFO  server.RaftServerConfigKeys (ConfUtils.java:logGet(46)) - raft.server.threadpool.client.size = 0 (default)
2023-08-28 07:17:19,648 [s2-impl-thread1] INFO  server.RaftServerConfigKeys (ConfUtils.java:logGet(46)) - raft.server.storage.free-space.min = 0MB (=0) (default)
2023-08-28 07:17:19,648 [s2-impl-thread1] INFO  server.RaftServerConfigKeys (ConfUtils.java:logGet(46)) - raft.server.log.corruption.policy = EXCEPTION (default)
2023-08-28 07:17:19,648 [s2-impl-thread1] INFO  server.RaftServerConfigKeys (ConfUtils.java:logGet(46)) - raft.server.storage.dir = [/home/runner/work/ratis/ratis/ratis-test/target/test/data/c5bbf9cd/MiniRaftClusterWithNetty3a726a16/s2] (custom)
2023-08-28 07:17:19,649 [s2-impl-thread1] INFO  storage.RaftStorageDirectory (RaftStorageDirectoryImpl.java:tryLock(232)) - Lock on /home/runner/work/ratis/ratis/ratis-test/target/test/data/c5bbf9cd/MiniRaftClusterWithNetty3a726a16/s2/dfd8e832-773a-483f-95bb-7e38b00f15f0/in_use.lock acquired by nodename 7908@fv-az1033-516
2023-08-28 07:17:19,650 [s2-impl-thread1] INFO  storage.RaftStorage (RaftStorageImpl.java:analyzeAndRecoverStorage(117)) - Read RaftStorageMetadata{term=2, votedFor=s2} from /home/runner/work/ratis/ratis/ratis-test/target/test/data/c5bbf9cd/MiniRaftClusterWithNetty3a726a16/s2/dfd8e832-773a-483f-95bb-7e38b00f15f0/current/raft-meta
2023-08-28 07:17:19,650 [s2-impl-thread1] INFO  server.RaftServer$Division (ServerState.java:setRaftConf(377)) - s2@group-7E38B00F15F0: set configuration 1: peers:[s0|rpc:0.0.0.0:35673|dataStream:|priority:0|startupRole:FOLLOWER, s1|rpc:0.0.0.0:35957|dataStream:|priority:0|startupRole:FOLLOWER, s2|rpc:0.0.0.0:41835|dataStream:|priority:0|startupRole:FOLLOWER]|listeners:[], old=null
2023-08-28 07:17:19,650 [s2-impl-thread1] INFO  server.RaftServerConfigKeys (ConfUtils.java:logGet(46)) - raft.server.log.use.memory = false (default)
2023-08-28 07:17:19,650 [s2-impl-thread1] INFO  server.RaftServerConfigKeys (ConfUtils.java:logGet(46)) - raft.server.log.purge.gap = 1024 (default)
2023-08-28 07:17:19,650 [s2-impl-thread1] INFO  server.RaftServerConfigKeys (ConfUtils.java:logGet(46)) - raft.server.log.appender.buffer.byte-limit = 4MB (=4194304) (default)
2023-08-28 07:17:19,650 [s2-impl-thread1] INFO  server.RaftServerConfigKeys (ConfUtils.java:logGet(46)) - raft.server.log.statemachine.data.read.timeout = 1000ms (default)
2023-08-28 07:17:19,650 [s2-impl-thread1] INFO  server.RaftServerConfigKeys (ConfUtils.java:logGet(46)) - raft.server.log.purge.preservation.log.num = 0 (default)
2023-08-28 07:17:19,651 [s2-impl-thread1] INFO  server.RaftServerConfigKeys (ConfUtils.java:logGet(46)) - raft.server.log.segment.size.max = 8MB (=8388608) (default)
2023-08-28 07:17:19,651 [s2-impl-thread1] INFO  server.RaftServerConfigKeys (ConfUtils.java:logGet(46)) - raft.server.log.segment.cache.num.max = 6 (default)
2023-08-28 07:17:19,651 [s2-impl-thread1] INFO  server.RaftServerConfigKeys (ConfUtils.java:logGet(46)) - raft.server.log.segment.cache.size.max = 200MB (=209715200) (default)
2023-08-28 07:17:19,651 [s2-impl-thread1] INFO  server.RaftServerConfigKeys (ConfUtils.java:logGet(46)) - raft.server.log.appender.buffer.byte-limit = 4MB (=4194304) (default)
2023-08-28 07:17:19,651 [s2-impl-thread1] INFO  segmented.SegmentedRaftLogWorker (SegmentedRaftLogWorker.java:<init>(183)) - new s2@group-7E38B00F15F0-SegmentedRaftLogWorker for RaftStorageImpl:Storage Directory /home/runner/work/ratis/ratis/ratis-test/target/test/data/c5bbf9cd/MiniRaftClusterWithNetty3a726a16/s2/dfd8e832-773a-483f-95bb-7e38b00f15f0
2023-08-28 07:17:19,651 [s2-impl-thread1] INFO  server.RaftServerConfigKeys (ConfUtils.java:logGet(46)) - raft.server.log.queue.byte-limit = 64MB (=67108864) (default)
2023-08-28 07:17:19,651 [s2-impl-thread1] INFO  server.RaftServerConfigKeys (ConfUtils.java:logGet(46)) - raft.server.log.queue.element-limit = 4096 (default)
2023-08-28 07:17:19,651 [s2-impl-thread1] INFO  server.RaftServerConfigKeys (ConfUtils.java:logGet(46)) - raft.server.log.segment.size.max = 8MB (=8388608) (default)
2023-08-28 07:17:19,651 [s2-impl-thread1] INFO  server.RaftServerConfigKeys (ConfUtils.java:logGet(46)) - raft.server.log.preallocated.size = 4MB (=4194304) (default)
2023-08-28 07:17:19,651 [s2-impl-thread1] INFO  server.RaftServerConfigKeys (ConfUtils.java:logGet(46)) - raft.server.log.force.sync.num = 128 (default)
2023-08-28 07:17:19,651 [s2-impl-thread1] INFO  server.RaftServerConfigKeys (ConfUtils.java:logGet(46)) - raft.server.log.statemachine.data.sync = true (default)
2023-08-28 07:17:19,651 [s2-impl-thread1] INFO  server.RaftServerConfigKeys (ConfUtils.java:logGet(46)) - raft.server.log.statemachine.data.sync.timeout = 10s (default)
2023-08-28 07:17:19,651 [s2-impl-thread1] INFO  server.RaftServerConfigKeys (ConfUtils.java:logGet(46)) - raft.server.log.statemachine.data.sync.timeout.retry = -1 (default)
2023-08-28 07:17:19,651 [s2-impl-thread1] INFO  server.RaftServerConfigKeys (ConfUtils.java:logGet(46)) - raft.server.log.write.buffer.size = 64KB (=65536) (default)
2023-08-28 07:17:19,652 [s2-impl-thread1] INFO  server.RaftServerConfigKeys (ConfUtils.java:logGet(46)) - raft.server.log.appender.buffer.byte-limit = 4MB (=4194304) (default)
2023-08-28 07:17:19,653 [s2-impl-thread1] INFO  server.RaftServerConfigKeys (ConfUtils.java:logGet(46)) - raft.server.log.unsafe-flush.enabled = false (default)
2023-08-28 07:17:19,653 [s2-impl-thread1] INFO  server.RaftServerConfigKeys (ConfUtils.java:logGet(46)) - raft.server.log.async-flush.enabled = false (default)
2023-08-28 07:17:19,653 [s2-impl-thread1] INFO  server.RaftServerConfigKeys (ConfUtils.java:logGet(46)) - raft.server.log.statemachine.data.caching.enabled = false (default)
2023-08-28 07:17:19,654 [s2-impl-thread1] INFO  server.RaftServer$Division (ServerState.java:setRaftConf(377)) - s2@group-7E38B00F15F0: set configuration 0: peers:[s0|rpc:0.0.0.0:35673|dataStream:|priority:0|startupRole:FOLLOWER, s1|rpc:0.0.0.0:35957|dataStream:|priority:0|startupRole:FOLLOWER, s2|rpc:0.0.0.0:41835|dataStream:|priority:0|startupRole:FOLLOWER]|listeners:[], old=null
2023-08-28 07:17:19,654 [s2-impl-thread1] INFO  segmented.LogSegment (LogSegment.java:loadSegment(170)) - Successfully read 1 entries from segment file /home/runner/work/ratis/ratis/ratis-test/target/test/data/c5bbf9cd/MiniRaftClusterWithNetty3a726a16/s2/dfd8e832-773a-483f-95bb-7e38b00f15f0/current/log_0-0
2023-08-28 07:17:19,655 [s2-impl-thread1] INFO  server.RaftServer$Division (ServerState.java:setRaftConf(377)) - s2@group-7E38B00F15F0: set configuration 1: peers:[s0|rpc:0.0.0.0:35673|dataStream:|priority:0|startupRole:FOLLOWER, s1|rpc:0.0.0.0:35957|dataStream:|priority:0|startupRole:FOLLOWER, s2|rpc:0.0.0.0:41835|dataStream:|priority:0|startupRole:FOLLOWER]|listeners:[], old=null
2023-08-28 07:17:19,655 [s2-impl-thread1] INFO  segmented.LogSegment (LogSegment.java:loadSegment(170)) - Successfully read 2 entries from segment file /home/runner/work/ratis/ratis/ratis-test/target/test/data/c5bbf9cd/MiniRaftClusterWithNetty3a726a16/s2/dfd8e832-773a-483f-95bb-7e38b00f15f0/current/log_inprogress_1
2023-08-28 07:17:19,655 [s2-impl-thread1] INFO  segmented.SegmentedRaftLogWorker (SegmentedRaftLogWorker.java:lambda$new$0(134)) - s2@group-7E38B00F15F0-SegmentedRaftLogWorker: flushIndex: setUnconditionally 0 -> 2
2023-08-28 07:17:19,656 [s2-impl-thread1] INFO  segmented.SegmentedRaftLogWorker (SegmentedRaftLogWorker.java:lambda$new$0(134)) - s2@group-7E38B00F15F0-SegmentedRaftLogWorker: safeCacheEvictIndex: setUnconditionally 0 -> -1
2023-08-28 07:17:19,656 [s2-impl-thread1] INFO  raftlog.RaftLog (RaftLogBase.java:lambda$new$0(54)) - s2@group-7E38B00F15F0-SegmentedRaftLog: commitIndex: updateToMax old=-1, new=1, updated? true
2023-08-28 07:17:19,656 [s2-impl-thread1] INFO  server.RaftServer$Division (RaftServerImpl.java:start(384)) - s2@group-7E38B00F15F0: start as a follower, conf=1: peers:[s0|rpc:0.0.0.0:35673|dataStream:|priority:0|startupRole:FOLLOWER, s1|rpc:0.0.0.0:35957|dataStream:|priority:0|startupRole:FOLLOWER, s2|rpc:0.0.0.0:41835|dataStream:|priority:0|startupRole:FOLLOWER]|listeners:[], old=null
2023-08-28 07:17:19,656 [s2-impl-thread1] INFO  server.RaftServer$Division (RaftServerImpl.java:setRole(371)) - s2@group-7E38B00F15F0: changes role from      null to FOLLOWER at term 2 for startAsFollower
2023-08-28 07:17:19,656 [s2-impl-thread1] INFO  impl.RoleInfo (RoleInfo.java:updateAndGet(138)) - s2: start s2@group-7E38B00F15F0-FollowerState
2023-08-28 07:17:19,662 [s2-impl-thread1] INFO  util.JmxRegister (JmxRegister.java:tryRegister(44)) - Successfully registered JMX Bean with object name Ratis:service=RaftServer,group=group-7E38B00F15F0,id=s2
2023-08-28 07:17:19,662 [s2-impl-thread1] INFO  server.RaftServerConfigKeys (ConfUtils.java:logGet(46)) - raft.server.snapshot.trigger-when-stop.enabled = true (default)
2023-08-28 07:17:19,662 [s2-impl-thread1] INFO  server.RaftServerConfigKeys (ConfUtils.java:logGet(46)) - raft.server.snapshot.auto.trigger.enabled = false (default)
2023-08-28 07:17:19,662 [s2-impl-thread1] INFO  server.RaftServerConfigKeys (ConfUtils.java:logGet(46)) - raft.server.snapshot.retention.file.num = -1 (default)
2023-08-28 07:17:19,662 [s2-impl-thread1] INFO  server.RaftServerConfigKeys (ConfUtils.java:logGet(46)) - raft.server.log.purge.upto.snapshot.index = false (default)
2023-08-28 07:17:19,663 [s2@group-7E38B00F15F0-FollowerState] INFO  server.RaftServerConfigKeys (ConfUtils.java:logFallback(53)) - raft.server.rpc.first-election.timeout.min = 1500ms (fallback to raft.server.rpc.timeout.min)
2023-08-28 07:17:19,663 [s2@group-7E38B00F15F0-FollowerState] INFO  server.RaftServerConfigKeys (ConfUtils.java:logFallback(53)) - raft.server.rpc.first-election.timeout.max = 2000ms (fallback to raft.server.rpc.timeout.max)
2023-08-28 07:17:19,663 [Time-limited test] INFO  server.RaftServer (RaftServerProxy.java:startImpl(404)) - s2: start RPC server
2023-08-28 07:17:19,665 [nioEventLoopGroup-25-1] INFO  logging.LoggingHandler (AbstractInternalLogger.java:log(148)) - [id: 0x3da44411] REGISTERED
2023-08-28 07:17:19,665 [nioEventLoopGroup-25-1] INFO  logging.LoggingHandler (AbstractInternalLogger.java:log(148)) - [id: 0x3da44411] BIND: 0.0.0.0/0.0.0.0:41835
2023-08-28 07:17:19,665 [nioEventLoopGroup-25-1] INFO  logging.LoggingHandler (AbstractInternalLogger.java:log(148)) - [id: 0x3da44411, L:/0.0.0.0:41835] ACTIVE
2023-08-28 07:17:19,666 [JvmPauseMonitor7] INFO  util.JvmPauseMonitor (JvmPauseMonitor.java:run(146)) - JvmPauseMonitor-s2: Started
2023-08-28 07:17:19,666 [Time-limited test] INFO  server.RaftServerConfigKeys (ConfUtils.java:logGet(46)) - raft.server.rpc.timeout.max = 2000ms (custom)
2023-08-28 07:17:19,666 [Time-limited test] INFO  ratis.RaftTestUtil (RaftTestUtil.java:waitForLeader(100)) - printing ALL groups
  s0:  RUNNING  FOLLOWER s0@group-7E38B00F15F0:t2, leader=s2, voted=s2, raftlog=Memoized:s0@group-7E38B00F15F0-SegmentedRaftLog:OPENED:c1, conf=1: peers:[s0|rpc:0.0.0.0:35673|dataStream:|priority:0|startupRole:FOLLOWER, s1|rpc:0.0.0.0:35957|dataStream:|priority:0|startupRole:FOLLOWER, s2|rpc:0.0.0.0:41835|dataStream:|priority:0|startupRole:FOLLOWER]|listeners:[], old=null RUNNING
  s1:  RUNNING  FOLLOWER s1@group-7E38B00F15F0:t1, leader=null, voted=s0, raftlog=Memoized:s1@group-7E38B00F15F0-SegmentedRaftLog:OPENED:c-1, conf=0: peers:[s0|rpc:0.0.0.0:35673|dataStream:|priority:0|startupRole:FOLLOWER, s1|rpc:0.0.0.0:35957|dataStream:|priority:0|startupRole:FOLLOWER, s2|rpc:0.0.0.0:41835|dataStream:|priority:0|startupRole:FOLLOWER]|listeners:[], old=null RUNNING
  s2:  RUNNING  FOLLOWER s2@group-7E38B00F15F0:t2, leader=null, voted=s2, raftlog=Memoized:s2@group-7E38B00F15F0-SegmentedRaftLog:OPENED:c1, conf=1: peers:[s0|rpc:0.0.0.0:35673|dataStream:|priority:0|startupRole:FOLLOWER, s1|rpc:0.0.0.0:35957|dataStream:|priority:0|startupRole:FOLLOWER, s2|rpc:0.0.0.0:41835|dataStream:|priority:0|startupRole:FOLLOWER]|listeners:[], old=null RUNNING
2023-08-28 07:17:19,667 [Time-limited test] WARN  ratis.RaftTestUtil (JavaUtils.java:attempt(217)) - FAILED "waitForLeader-null-(expectLeader? true)", attempt #1/100: java.lang.IllegalStateException: No leader yet : printing ALL groups
  s0:  RUNNING  FOLLOWER s0@group-7E38B00F15F0:t2, leader=s2, voted=s2, raftlog=Memoized:s0@group-7E38B00F15F0-SegmentedRaftLog:OPENED:c1, conf=1: peers:[s0|rpc:0.0.0.0:35673|dataStream:|priority:0|startupRole:FOLLOWER, s1|rpc:0.0.0.0:35957|dataStream:|priority:0|startupRole:FOLLOWER, s2|rpc:0.0.0.0:41835|dataStream:|priority:0|startupRole:FOLLOWER]|listeners:[], old=null RUNNING
  s1:  RUNNING  FOLLOWER s1@group-7E38B00F15F0:t1, leader=null, voted=s0, raftlog=Memoized:s1@group-7E38B00F15F0-SegmentedRaftLog:OPENED:c-1, conf=0: peers:[s0|rpc:0.0.0.0:35673|dataStream:|priority:0|startupRole:FOLLOWER, s1|rpc:0.0.0.0:35957|dataStream:|priority:0|startupRole:FOLLOWER, s2|rpc:0.0.0.0:41835|dataStream:|priority:0|startupRole:FOLLOWER]|listeners:[], old=null RUNNING
  s2:  RUNNING  FOLLOWER s2@group-7E38B00F15F0:t2, leader=null, voted=s2, raftlog=Memoized:s2@group-7E38B00F15F0-SegmentedRaftLog:OPENED:c1, conf=1: peers:[s0|rpc:0.0.0.0:35673|dataStream:|priority:0|startupRole:FOLLOWER, s1|rpc:0.0.0.0:35957|dataStream:|priority:0|startupRole:FOLLOWER, s2|rpc:0.0.0.0:41835|dataStream:|priority:0|startupRole:FOLLOWER]|listeners:[], old=null RUNNING, sleep 3000ms and then retry.
java.lang.IllegalStateException: No leader yet : printing ALL groups
  s0:  RUNNING  FOLLOWER s0@group-7E38B00F15F0:t2, leader=s2, voted=s2, raftlog=Memoized:s0@group-7E38B00F15F0-SegmentedRaftLog:OPENED:c1, conf=1: peers:[s0|rpc:0.0.0.0:35673|dataStream:|priority:0|startupRole:FOLLOWER, s1|rpc:0.0.0.0:35957|dataStream:|priority:0|startupRole:FOLLOWER, s2|rpc:0.0.0.0:41835|dataStream:|priority:0|startupRole:FOLLOWER]|listeners:[], old=null RUNNING
  s1:  RUNNING  FOLLOWER s1@group-7E38B00F15F0:t1, leader=null, voted=s0, raftlog=Memoized:s1@group-7E38B00F15F0-SegmentedRaftLog:OPENED:c-1, conf=0: peers:[s0|rpc:0.0.0.0:35673|dataStream:|priority:0|startupRole:FOLLOWER, s1|rpc:0.0.0.0:35957|dataStream:|priority:0|startupRole:FOLLOWER, s2|rpc:0.0.0.0:41835|dataStream:|priority:0|startupRole:FOLLOWER]|listeners:[], old=null RUNNING
  s2:  RUNNING  FOLLOWER s2@group-7E38B00F15F0:t2, leader=null, voted=s2, raftlog=Memoized:s2@group-7E38B00F15F0-SegmentedRaftLog:OPENED:c1, conf=1: peers:[s0|rpc:0.0.0.0:35673|dataStream:|priority:0|startupRole:FOLLOWER, s1|rpc:0.0.0.0:35957|dataStream:|priority:0|startupRole:FOLLOWER, s2|rpc:0.0.0.0:41835|dataStream:|priority:0|startupRole:FOLLOWER]|listeners:[], old=null RUNNING
	at org.apache.ratis.server.impl.MiniRaftCluster.newIllegalStateExceptionForNoLeaders(MiniRaftCluster.java:581)
	at org.apache.ratis.RaftTestUtil.lambda$waitForLeader$1(RaftTestUtil.java:104)
	at org.apache.ratis.server.impl.MiniRaftCluster.getLeader(MiniRaftCluster.java:615)
	at org.apache.ratis.server.impl.MiniRaftCluster.getLeader(MiniRaftCluster.java:608)
	at org.apache.ratis.RaftTestUtil.lambda$waitForLeader$3(RaftTestUtil.java:112)
	at org.apache.ratis.util.JavaUtils.attempt(JavaUtils.java:211)
	at org.apache.ratis.util.JavaUtils.attemptRepeatedly(JavaUtils.java:197)
	at org.apache.ratis.RaftTestUtil.waitForLeader(RaftTestUtil.java:111)
	at org.apache.ratis.RaftTestUtil.waitForLeader(RaftTestUtil.java:92)
	at org.apache.ratis.RaftTestUtil.waitForLeader(RaftTestUtil.java:87)
	at org.apache.ratis.server.impl.GroupManagementBaseTest.testSingleGroupRestart(GroupManagementBaseTest.java:212)
	at java.base/jdk.internal.reflect.NativeMethodAccessorImpl.invoke0(Native Method)
	at java.base/jdk.internal.reflect.NativeMethodAccessorImpl.invoke(NativeMethodAccessorImpl.java:62)
	at java.base/jdk.internal.reflect.DelegatingMethodAccessorImpl.invoke(DelegatingMethodAccessorImpl.java:43)
	at java.base/java.lang.reflect.Method.invoke(Method.java:566)
	at org.junit.runners.model.FrameworkMethod$1.runReflectiveCall(FrameworkMethod.java:59)
	at org.junit.internal.runners.model.ReflectiveCallable.run(ReflectiveCallable.java:12)
	at org.junit.runners.model.FrameworkMethod.invokeExplosively(FrameworkMethod.java:56)
	at org.junit.internal.runners.statements.InvokeMethod.evaluate(InvokeMethod.java:17)
	at org.junit.internal.runners.statements.RunAfters.evaluate(RunAfters.java:27)
	at org.junit.internal.runners.statements.FailOnTimeout$CallableStatement.call(FailOnTimeout.java:299)
	at org.junit.internal.runners.statements.FailOnTimeout$CallableStatement.call(FailOnTimeout.java:293)
	at java.base/java.util.concurrent.FutureTask.run(FutureTask.java:264)
	at java.base/java.lang.Thread.run(Thread.java:829)
2023-08-28 07:17:20,852 [s1@group-7E38B00F15F0-FollowerState] INFO  impl.FollowerState (FollowerState.java:run(143)) - s1@group-7E38B00F15F0-FollowerState: change to CANDIDATE, lastRpcElapsedTime:1876007102ns, electionTimeout:1869ms
2023-08-28 07:17:20,852 [s1@group-7E38B00F15F0-FollowerState] INFO  impl.RoleInfo (RoleInfo.java:shutdownFollowerState(109)) - s1: shutdown s1@group-7E38B00F15F0-FollowerState
2023-08-28 07:17:20,852 [s1@group-7E38B00F15F0-FollowerState] INFO  server.RaftServer$Division (RaftServerImpl.java:setRole(371)) - s1@group-7E38B00F15F0: changes role from  FOLLOWER to CANDIDATE at term 1 for changeToCandidate
2023-08-28 07:17:20,852 [s1@group-7E38B00F15F0-FollowerState] INFO  server.RaftServerConfigKeys (ConfUtils.java:logGet(46)) - raft.server.leaderelection.pre-vote = true (default)
2023-08-28 07:17:20,853 [s1@group-7E38B00F15F0-FollowerState] INFO  impl.RoleInfo (RoleInfo.java:updateAndGet(138)) - s1: start s1@group-7E38B00F15F0-LeaderElection3
2023-08-28 07:17:20,854 [s1@group-7E38B00F15F0-LeaderElection3] INFO  impl.LeaderElection (LeaderElection.java:askForVotes(320)) - s1@group-7E38B00F15F0-LeaderElection3 PRE_VOTE round 0: submit vote requests at term 1 for 0: peers:[s0|rpc:0.0.0.0:35673|dataStream:|priority:0|startupRole:FOLLOWER, s1|rpc:0.0.0.0:35957|dataStream:|priority:0|startupRole:FOLLOWER, s2|rpc:0.0.0.0:41835|dataStream:|priority:0|startupRole:FOLLOWER]|listeners:[], old=null
2023-08-28 07:17:20,855 [s1@group-7E38B00F15F0-LeaderElection3] INFO  server.RaftServerConfigKeys (ConfUtils.java:logFallback(53)) - raft.server.rpc.first-election.timeout.min = 1500ms (fallback to raft.server.rpc.timeout.min)
2023-08-28 07:17:20,855 [s1@group-7E38B00F15F0-LeaderElection3] INFO  server.RaftServerConfigKeys (ConfUtils.java:logFallback(53)) - raft.server.rpc.first-election.timeout.max = 2000ms (fallback to raft.server.rpc.timeout.max)
2023-08-28 07:17:20,858 [nioEventLoopGroup-19-1] INFO  logging.LoggingHandler (AbstractInternalLogger.java:log(148)) - [id: 0x07f823a9, L:/0.0.0.0:35673] READ: [id: 0xfad78179, L:/10.1.0.28:35673 - R:/10.1.0.28:37902]
2023-08-28 07:17:20,859 [nioEventLoopGroup-19-1] INFO  logging.LoggingHandler (AbstractInternalLogger.java:log(148)) - [id: 0x07f823a9, L:/0.0.0.0:35673] READ COMPLETE
2023-08-28 07:17:20,859 [nioEventLoopGroup-20-2] INFO  server.RaftServer$Division (RaftServerImpl.java:requestVote(1344)) - s0@group-7E38B00F15F0: receive requestVote(PRE_VOTE, s1, group-7E38B00F15F0, 1, (t:1, i:0))
2023-08-28 07:17:20,860 [nioEventLoopGroup-20-2] INFO  impl.VoteContext (VoteContext.java:log(49)) - s0@group-7E38B00F15F0-FOLLOWER: reject PRE_VOTE from s1: our last entry (t:2, i:2) > candidate's last entry (t:1, i:0)
2023-08-28 07:17:20,860 [nioEventLoopGroup-20-2] INFO  server.RaftServer$Division (RaftServerImpl.java:requestVote(1377)) - s0@group-7E38B00F15F0 replies to PRE_VOTE vote request: s1<-s0#0:FAIL-t2. Peer's state: s0@group-7E38B00F15F0:t2, leader=s2, voted=s2, raftlog=Memoized:s0@group-7E38B00F15F0-SegmentedRaftLog:OPENED:c1, conf=1: peers:[s0|rpc:0.0.0.0:35673|dataStream:|priority:0|startupRole:FOLLOWER, s1|rpc:0.0.0.0:35957|dataStream:|priority:0|startupRole:FOLLOWER, s2|rpc:0.0.0.0:41835|dataStream:|priority:0|startupRole:FOLLOWER]|listeners:[], old=null
2023-08-28 07:17:20,861 [nioEventLoopGroup-25-1] INFO  logging.LoggingHandler (AbstractInternalLogger.java:log(148)) - [id: 0x3da44411, L:/0.0.0.0:41835] READ: [id: 0xe808df0c, L:/10.1.0.28:41835 - R:/10.1.0.28:51912]
2023-08-28 07:17:20,861 [nioEventLoopGroup-25-1] INFO  logging.LoggingHandler (AbstractInternalLogger.java:log(148)) - [id: 0x3da44411, L:/0.0.0.0:41835] READ COMPLETE
2023-08-28 07:17:20,862 [s1@group-7E38B00F15F0-LeaderElection3] INFO  impl.LeaderElection (LeaderElection.java:logAndReturn(89)) - s1@group-7E38B00F15F0-LeaderElection3: PRE_VOTE DISCOVERED_A_NEW_TERM (term=2) received 1 response(s) and 0 exception(s):
2023-08-28 07:17:20,865 [s1@group-7E38B00F15F0-LeaderElection3] INFO  impl.LeaderElection (LeaderElection.java:logAndReturn(93)) -   Response 0: s1<-s0#0:FAIL-t2
2023-08-28 07:17:20,865 [s1@group-7E38B00F15F0-LeaderElection3] INFO  impl.LeaderElection (LeaderElection.java:askForVotes(322)) - s1@group-7E38B00F15F0-LeaderElection3 PRE_VOTE round 0: result DISCOVERED_A_NEW_TERM (term=2)
2023-08-28 07:17:20,866 [s1@group-7E38B00F15F0-LeaderElection3] INFO  server.RaftServer$Division (RaftServerImpl.java:setRole(371)) - s1@group-7E38B00F15F0: changes role from CANDIDATE to FOLLOWER at term 2 for DISCOVERED_A_NEW_TERM (term=2)
2023-08-28 07:17:20,866 [s1@group-7E38B00F15F0-LeaderElection3] INFO  impl.RoleInfo (RoleInfo.java:shutdownLeaderElection(129)) - s1: shutdown s1@group-7E38B00F15F0-LeaderElection3
2023-08-28 07:17:20,866 [s1@group-7E38B00F15F0-LeaderElection3] INFO  impl.RoleInfo (RoleInfo.java:updateAndGet(138)) - s1: start s1@group-7E38B00F15F0-FollowerState
2023-08-28 07:17:20,866 [s1@group-7E38B00F15F0-LeaderElection3] INFO  server.RaftServer$Division (RaftServerImpl.java:setFirstElection(556)) - s1@group-7E38B00F15F0: set firstElectionSinceStartup to false for DISCOVERED_A_NEW_TERM (term=2)
2023-08-28 07:17:20,867 [nioEventLoopGroup-26-1] INFO  server.RaftServer$Division (RaftServerImpl.java:requestVote(1344)) - s2@group-7E38B00F15F0: receive requestVote(PRE_VOTE, s1, group-7E38B00F15F0, 1, (t:1, i:0))
2023-08-28 07:17:20,868 [nioEventLoopGroup-26-1] INFO  impl.VoteContext (VoteContext.java:log(49)) - s2@group-7E38B00F15F0-FOLLOWER: reject PRE_VOTE from s1: our last entry (t:2, i:2) > candidate's last entry (t:1, i:0)
2023-08-28 07:17:20,868 [nioEventLoopGroup-26-1] INFO  server.RaftServer$Division (RaftServerImpl.java:requestVote(1377)) - s2@group-7E38B00F15F0 replies to PRE_VOTE vote request: s1<-s2#0:FAIL-t2. Peer's state: s2@group-7E38B00F15F0:t2, leader=null, voted=s2, raftlog=Memoized:s2@group-7E38B00F15F0-SegmentedRaftLog:OPENED:c1, conf=1: peers:[s0|rpc:0.0.0.0:35673|dataStream:|priority:0|startupRole:FOLLOWER, s1|rpc:0.0.0.0:35957|dataStream:|priority:0|startupRole:FOLLOWER, s2|rpc:0.0.0.0:41835|dataStream:|priority:0|startupRole:FOLLOWER]|listeners:[], old=null
2023-08-28 07:17:21,235 [s2@group-7E38B00F15F0-FollowerState] INFO  impl.FollowerState (FollowerState.java:run(143)) - s2@group-7E38B00F15F0-FollowerState: change to CANDIDATE, lastRpcElapsedTime:1578920334ns, electionTimeout:1572ms
2023-08-28 07:17:21,235 [s2@group-7E38B00F15F0-FollowerState] INFO  impl.RoleInfo (RoleInfo.java:shutdownFollowerState(109)) - s2: shutdown s2@group-7E38B00F15F0-FollowerState
2023-08-28 07:17:21,235 [s2@group-7E38B00F15F0-FollowerState] INFO  server.RaftServer$Division (RaftServerImpl.java:setRole(371)) - s2@group-7E38B00F15F0: changes role from  FOLLOWER to CANDIDATE at term 2 for changeToCandidate
2023-08-28 07:17:21,235 [s2@group-7E38B00F15F0-FollowerState] INFO  server.RaftServerConfigKeys (ConfUtils.java:logGet(46)) - raft.server.leaderelection.pre-vote = true (default)
2023-08-28 07:17:21,235 [s2@group-7E38B00F15F0-FollowerState] INFO  impl.RoleInfo (RoleInfo.java:updateAndGet(138)) - s2: start s2@group-7E38B00F15F0-LeaderElection4
2023-08-28 07:17:21,236 [s2@group-7E38B00F15F0-LeaderElection4] INFO  impl.LeaderElection (LeaderElection.java:askForVotes(320)) - s2@group-7E38B00F15F0-LeaderElection4 PRE_VOTE round 0: submit vote requests at term 2 for 1: peers:[s0|rpc:0.0.0.0:35673|dataStream:|priority:0|startupRole:FOLLOWER, s1|rpc:0.0.0.0:35957|dataStream:|priority:0|startupRole:FOLLOWER, s2|rpc:0.0.0.0:41835|dataStream:|priority:0|startupRole:FOLLOWER]|listeners:[], old=null
2023-08-28 07:17:21,237 [s2@group-7E38B00F15F0-LeaderElection4] INFO  server.RaftServerConfigKeys (ConfUtils.java:logFallback(53)) - raft.server.rpc.first-election.timeout.min = 1500ms (fallback to raft.server.rpc.timeout.min)
2023-08-28 07:17:21,237 [s2@group-7E38B00F15F0-LeaderElection4] INFO  server.RaftServerConfigKeys (ConfUtils.java:logFallback(53)) - raft.server.rpc.first-election.timeout.max = 2000ms (fallback to raft.server.rpc.timeout.max)
2023-08-28 07:17:21,238 [nioEventLoopGroup-19-1] INFO  logging.LoggingHandler (AbstractInternalLogger.java:log(148)) - [id: 0x07f823a9, L:/0.0.0.0:35673] READ: [id: 0x994eb063, L:/10.1.0.28:35673 - R:/10.1.0.28:37906]
2023-08-28 07:17:21,241 [nioEventLoopGroup-19-1] INFO  logging.LoggingHandler (AbstractInternalLogger.java:log(148)) - [id: 0x07f823a9, L:/0.0.0.0:35673] READ COMPLETE
2023-08-28 07:17:21,242 [nioEventLoopGroup-22-1] INFO  logging.LoggingHandler (AbstractInternalLogger.java:log(148)) - [id: 0x9eacd923, L:/0.0.0.0:35957] READ: [id: 0x26886f37, L:/10.1.0.28:35957 - R:/10.1.0.28:43408]
2023-08-28 07:17:21,242 [nioEventLoopGroup-22-1] INFO  logging.LoggingHandler (AbstractInternalLogger.java:log(148)) - [id: 0x9eacd923, L:/0.0.0.0:35957] READ COMPLETE
2023-08-28 07:17:21,242 [nioEventLoopGroup-20-3] INFO  server.RaftServer$Division (RaftServerImpl.java:requestVote(1344)) - s0@group-7E38B00F15F0: receive requestVote(PRE_VOTE, s2, group-7E38B00F15F0, 2, (t:2, i:2))
2023-08-28 07:17:21,243 [nioEventLoopGroup-23-1] INFO  server.RaftServer$Division (RaftServerImpl.java:requestVote(1344)) - s1@group-7E38B00F15F0: receive requestVote(PRE_VOTE, s2, group-7E38B00F15F0, 2, (t:2, i:2))
2023-08-28 07:17:21,244 [nioEventLoopGroup-20-3] INFO  impl.VoteContext (VoteContext.java:log(49)) - s0@group-7E38B00F15F0-FOLLOWER: accept PRE_VOTE from s2: our priority 0 <= candidate's priority 0
2023-08-28 07:17:21,244 [nioEventLoopGroup-23-1] INFO  impl.VoteContext (VoteContext.java:log(49)) - s1@group-7E38B00F15F0-FOLLOWER: accept PRE_VOTE from s2: our last entry (t:1, i:0) < candidate's last entry (t:2, i:2)
2023-08-28 07:17:21,245 [nioEventLoopGroup-20-3] INFO  server.RaftServer$Division (RaftServerImpl.java:requestVote(1377)) - s0@group-7E38B00F15F0 replies to PRE_VOTE vote request: s2<-s0#0:OK-t2. Peer's state: s0@group-7E38B00F15F0:t2, leader=s2, voted=s2, raftlog=Memoized:s0@group-7E38B00F15F0-SegmentedRaftLog:OPENED:c1, conf=1: peers:[s0|rpc:0.0.0.0:35673|dataStream:|priority:0|startupRole:FOLLOWER, s1|rpc:0.0.0.0:35957|dataStream:|priority:0|startupRole:FOLLOWER, s2|rpc:0.0.0.0:41835|dataStream:|priority:0|startupRole:FOLLOWER]|listeners:[], old=null
2023-08-28 07:17:21,245 [nioEventLoopGroup-23-1] INFO  server.RaftServer$Division (RaftServerImpl.java:requestVote(1377)) - s1@group-7E38B00F15F0 replies to PRE_VOTE vote request: s2<-s1#0:OK-t2. Peer's state: s1@group-7E38B00F15F0:t2, leader=null, voted=null, raftlog=Memoized:s1@group-7E38B00F15F0-SegmentedRaftLog:OPENED:c-1, conf=0: peers:[s0|rpc:0.0.0.0:35673|dataStream:|priority:0|startupRole:FOLLOWER, s1|rpc:0.0.0.0:35957|dataStream:|priority:0|startupRole:FOLLOWER, s2|rpc:0.0.0.0:41835|dataStream:|priority:0|startupRole:FOLLOWER]|listeners:[], old=null
2023-08-28 07:17:21,247 [s2@group-7E38B00F15F0-LeaderElection4] INFO  impl.LeaderElection (LeaderElection.java:logAndReturn(89)) - s2@group-7E38B00F15F0-LeaderElection4: PRE_VOTE PASSED received 1 response(s) and 0 exception(s):
2023-08-28 07:17:21,247 [s2@group-7E38B00F15F0-LeaderElection4] INFO  impl.LeaderElection (LeaderElection.java:logAndReturn(93)) -   Response 0: s2<-s1#0:OK-t2
2023-08-28 07:17:21,247 [s2@group-7E38B00F15F0-LeaderElection4] INFO  impl.LeaderElection (LeaderElection.java:askForVotes(322)) - s2@group-7E38B00F15F0-LeaderElection4 PRE_VOTE round 0: result PASSED
2023-08-28 07:17:21,248 [s2@group-7E38B00F15F0-LeaderElection4] INFO  impl.LeaderElection (LeaderElection.java:askForVotes(320)) - s2@group-7E38B00F15F0-LeaderElection4 ELECTION round 0: submit vote requests at term 3 for 1: peers:[s0|rpc:0.0.0.0:35673|dataStream:|priority:0|startupRole:FOLLOWER, s1|rpc:0.0.0.0:35957|dataStream:|priority:0|startupRole:FOLLOWER, s2|rpc:0.0.0.0:41835|dataStream:|priority:0|startupRole:FOLLOWER]|listeners:[], old=null
2023-08-28 07:17:21,249 [s2@group-7E38B00F15F0-LeaderElection4] INFO  server.RaftServerConfigKeys (ConfUtils.java:logFallback(53)) - raft.server.rpc.first-election.timeout.min = 1500ms (fallback to raft.server.rpc.timeout.min)
2023-08-28 07:17:21,249 [s2@group-7E38B00F15F0-LeaderElection4] INFO  server.RaftServerConfigKeys (ConfUtils.java:logFallback(53)) - raft.server.rpc.first-election.timeout.max = 2000ms (fallback to raft.server.rpc.timeout.max)
2023-08-28 07:17:21,250 [nioEventLoopGroup-20-3] INFO  server.RaftServer$Division (RaftServerImpl.java:requestVote(1344)) - s0@group-7E38B00F15F0: receive requestVote(ELECTION, s2, group-7E38B00F15F0, 3, (t:2, i:2))
2023-08-28 07:17:21,250 [nioEventLoopGroup-23-1] INFO  server.RaftServer$Division (RaftServerImpl.java:requestVote(1344)) - s1@group-7E38B00F15F0: receive requestVote(ELECTION, s2, group-7E38B00F15F0, 3, (t:2, i:2))
2023-08-28 07:17:21,250 [nioEventLoopGroup-20-3] INFO  impl.VoteContext (VoteContext.java:log(49)) - s0@group-7E38B00F15F0-FOLLOWER: accept ELECTION from s2: our priority 0 <= candidate's priority 0
2023-08-28 07:17:21,250 [nioEventLoopGroup-20-3] INFO  server.RaftServer$Division (ServerState.java:setLeader(260)) - s0@group-7E38B00F15F0: change Leader from s2 to null at term 3 for updateCurrentTerm
2023-08-28 07:17:21,250 [nioEventLoopGroup-23-1] INFO  impl.VoteContext (VoteContext.java:log(49)) - s1@group-7E38B00F15F0-FOLLOWER: accept ELECTION from s2: our last entry (t:1, i:0) < candidate's last entry (t:2, i:2)
2023-08-28 07:17:21,250 [nioEventLoopGroup-20-3] INFO  server.RaftServer$Division (RaftServerImpl.java:setRole(371)) - s0@group-7E38B00F15F0: changes role from  FOLLOWER to FOLLOWER at term 3 for candidate:s2
2023-08-28 07:17:21,250 [nioEventLoopGroup-23-1] INFO  server.RaftServer$Division (RaftServerImpl.java:setRole(371)) - s1@group-7E38B00F15F0: changes role from  FOLLOWER to FOLLOWER at term 3 for candidate:s2
2023-08-28 07:17:21,250 [nioEventLoopGroup-20-3] INFO  impl.RoleInfo (RoleInfo.java:shutdownFollowerState(109)) - s0: shutdown s0@group-7E38B00F15F0-FollowerState
2023-08-28 07:17:21,250 [nioEventLoopGroup-23-1] INFO  impl.RoleInfo (RoleInfo.java:shutdownFollowerState(109)) - s1: shutdown s1@group-7E38B00F15F0-FollowerState
2023-08-28 07:17:21,250 [nioEventLoopGroup-20-3] INFO  impl.RoleInfo (RoleInfo.java:updateAndGet(138)) - s0: start s0@group-7E38B00F15F0-FollowerState
2023-08-28 07:17:21,250 [nioEventLoopGroup-23-1] INFO  impl.RoleInfo (RoleInfo.java:updateAndGet(138)) - s1: start s1@group-7E38B00F15F0-FollowerState
2023-08-28 07:17:21,250 [s1@group-7E38B00F15F0-FollowerState] INFO  impl.FollowerState (FollowerState.java:run(152)) - s1@group-7E38B00F15F0-FollowerState was interrupted
2023-08-28 07:17:21,254 [s0@group-7E38B00F15F0-FollowerState] INFO  impl.FollowerState (FollowerState.java:run(152)) - s0@group-7E38B00F15F0-FollowerState was interrupted
2023-08-28 07:17:21,255 [nioEventLoopGroup-20-3] INFO  server.RaftServer$Division (RaftServerImpl.java:requestVote(1377)) - s0@group-7E38B00F15F0 replies to ELECTION vote request: s2<-s0#0:OK-t3. Peer's state: s0@group-7E38B00F15F0:t3, leader=null, voted=s2, raftlog=Memoized:s0@group-7E38B00F15F0-SegmentedRaftLog:OPENED:c1, conf=1: peers:[s0|rpc:0.0.0.0:35673|dataStream:|priority:0|startupRole:FOLLOWER, s1|rpc:0.0.0.0:35957|dataStream:|priority:0|startupRole:FOLLOWER, s2|rpc:0.0.0.0:41835|dataStream:|priority:0|startupRole:FOLLOWER]|listeners:[], old=null
2023-08-28 07:17:21,255 [s2@group-7E38B00F15F0-LeaderElection4] INFO  impl.LeaderElection (LeaderElection.java:logAndReturn(89)) - s2@group-7E38B00F15F0-LeaderElection4: ELECTION PASSED received 1 response(s) and 0 exception(s):
2023-08-28 07:17:21,255 [s2@group-7E38B00F15F0-LeaderElection4] INFO  impl.LeaderElection (LeaderElection.java:logAndReturn(93)) -   Response 0: s2<-s0#0:OK-t3
2023-08-28 07:17:21,256 [s2@group-7E38B00F15F0-LeaderElection4] INFO  impl.LeaderElection (LeaderElection.java:askForVotes(322)) - s2@group-7E38B00F15F0-LeaderElection4 ELECTION round 0: result PASSED
2023-08-28 07:17:21,256 [s2@group-7E38B00F15F0-LeaderElection4] INFO  impl.RoleInfo (RoleInfo.java:shutdownLeaderElection(129)) - s2: shutdown s2@group-7E38B00F15F0-LeaderElection4
2023-08-28 07:17:21,256 [s2@group-7E38B00F15F0-LeaderElection4] INFO  server.RaftServer$Division (RaftServerImpl.java:setRole(371)) - s2@group-7E38B00F15F0: changes role from CANDIDATE to LEADER at term 3 for changeToLeader
2023-08-28 07:17:21,256 [s2@group-7E38B00F15F0-LeaderElection4] INFO  server.RaftServerConfigKeys (ConfUtils.java:logGet(46)) - raft.server.staging.catchup.gap = 1000 (default)
2023-08-28 07:17:21,256 [s2@group-7E38B00F15F0-LeaderElection4] INFO  server.RaftServerConfigKeys (ConfUtils.java:logGet(46)) - raft.server.write.element-limit = 4096 (default)
2023-08-28 07:17:21,256 [s2@group-7E38B00F15F0-LeaderElection4] INFO  server.RaftServerConfigKeys (ConfUtils.java:logGet(46)) - raft.server.write.byte-limit = 64MB (=67108864) (default)
2023-08-28 07:17:21,256 [s2@group-7E38B00F15F0-LeaderElection4] INFO  server.RaftServerConfigKeys (ConfUtils.java:logGet(46)) - raft.server.watch.timeout = 10s (default)
2023-08-28 07:17:21,256 [s2@group-7E38B00F15F0-LeaderElection4] INFO  server.RaftServerConfigKeys (ConfUtils.java:logGet(46)) - raft.server.watch.timeout.denomination = 1s (default)
2023-08-28 07:17:21,256 [s2@group-7E38B00F15F0-LeaderElection4] INFO  server.RaftServerConfigKeys (ConfUtils.java:logGet(46)) - raft.server.watch.element-limit = 65536 (default)
2023-08-28 07:17:21,256 [s2@group-7E38B00F15F0-LeaderElection4] INFO  server.RaftServerConfigKeys (ConfUtils.java:logGet(46)) - raft.server.write.element-limit = 4096 (default)
2023-08-28 07:17:21,256 [s2@group-7E38B00F15F0-LeaderElection4] INFO  server.RaftServerConfigKeys (ConfUtils.java:logGet(46)) - raft.server.write.follower.gap.ratio.max = -1.0 (default)
2023-08-28 07:17:21,256 [s2@group-7E38B00F15F0-LeaderElection4] INFO  server.RaftServerConfigKeys (ConfUtils.java:logGet(46)) - raft.server.log.appender.snapshot.chunk.size.max = 16MB (=16777216) (default)
2023-08-28 07:17:21,256 [s2@group-7E38B00F15F0-LeaderElection4] INFO  server.RaftServerConfigKeys (ConfUtils.java:logGet(46)) - raft.server.log.appender.buffer.byte-limit = 4MB (=4194304) (default)
2023-08-28 07:17:21,257 [s2@group-7E38B00F15F0-LeaderElection4] INFO  server.RaftServerConfigKeys (ConfUtils.java:logGet(46)) - raft.server.log.appender.buffer.element-limit = 0 (default)
2023-08-28 07:17:21,257 [s2@group-7E38B00F15F0-LeaderElection4] INFO  server.RaftServerConfigKeys (ConfUtils.java:logGet(46)) - raft.server.log.appender.wait-time.min = 10ms (default)
2023-08-28 07:17:21,257 [s2@group-7E38B00F15F0-LeaderElection4] INFO  server.RaftServerConfigKeys (ConfUtils.java:logGet(46)) - raft.server.log.appender.snapshot.chunk.size.max = 16MB (=16777216) (default)
2023-08-28 07:17:21,257 [s2@group-7E38B00F15F0-LeaderElection4] INFO  server.RaftServerConfigKeys (ConfUtils.java:logGet(46)) - raft.server.log.appender.buffer.byte-limit = 4MB (=4194304) (default)
2023-08-28 07:17:21,257 [s2@group-7E38B00F15F0-LeaderElection4] INFO  server.RaftServerConfigKeys (ConfUtils.java:logGet(46)) - raft.server.log.appender.buffer.element-limit = 0 (default)
2023-08-28 07:17:21,257 [s2@group-7E38B00F15F0-LeaderElection4] INFO  server.RaftServerConfigKeys (ConfUtils.java:logGet(46)) - raft.server.log.appender.wait-time.min = 10ms (default)
2023-08-28 07:17:21,257 [s2@group-7E38B00F15F0-LeaderElection4] INFO  impl.RoleInfo (RoleInfo.java:updateAndGet(138)) - s2: start s2@group-7E38B00F15F0-LeaderStateImpl
2023-08-28 07:17:21,257 [s2@group-7E38B00F15F0-LeaderElection4] INFO  server.RaftServer$Division (RaftServerImpl.java:setFirstElection(556)) - s2@group-7E38B00F15F0: set firstElectionSinceStartup to false for becomeLeader
2023-08-28 07:17:21,257 [s2@group-7E38B00F15F0-LeaderElection4] INFO  server.RaftServer$Division (ServerState.java:setLeader(260)) - s2@group-7E38B00F15F0: change Leader from null to s2 at term 3 for becomeLeader, leader elected after 1610ms
2023-08-28 07:17:21,257 [s2@group-7E38B00F15F0-LeaderElection4] INFO  segmented.SegmentedRaftLogWorker (SegmentedRaftLogWorker.java:rollLogSegment(432)) - s2@group-7E38B00F15F0-SegmentedRaftLogWorker: Rolling segment log-1_2 to index:2
2023-08-28 07:17:21,263 [s2@group-7E38B00F15F0-LeaderElection4] INFO  server.RaftServer$Division (ServerState.java:setRaftConf(377)) - s2@group-7E38B00F15F0: set configuration 3: peers:[s0|rpc:0.0.0.0:35673|dataStream:|priority:0|startupRole:FOLLOWER, s1|rpc:0.0.0.0:35957|dataStream:|priority:0|startupRole:FOLLOWER, s2|rpc:0.0.0.0:41835|dataStream:|priority:0|startupRole:FOLLOWER]|listeners:[], old=null
2023-08-28 07:17:21,263 [nioEventLoopGroup-20-3] INFO  server.RaftServer$Division (ServerState.java:setLeader(260)) - s0@group-7E38B00F15F0: change Leader from null to s2 at term 3 for appendEntries, leader elected after 13ms
2023-08-28 07:17:21,268 [s2@group-7E38B00F15F0-SegmentedRaftLogWorker] TRACE util.FileUtils (LogUtils.java:runAndLog(49)) - Successfully ran Atomic Files.move /home/runner/work/ratis/ratis/ratis-test/target/test/data/c5bbf9cd/MiniRaftClusterWithNetty3a726a16/s2/dfd8e832-773a-483f-95bb-7e38b00f15f0/current/log_inprogress_1 to /home/runner/work/ratis/ratis/ratis-test/target/test/data/c5bbf9cd/MiniRaftClusterWithNetty3a726a16/s2/dfd8e832-773a-483f-95bb-7e38b00f15f0/current/log_1-2
2023-08-28 07:17:21,269 [s2@group-7E38B00F15F0-SegmentedRaftLogWorker] INFO  segmented.SegmentedRaftLogWorker (SegmentedRaftLogWorker.java:execute(588)) - s2@group-7E38B00F15F0-SegmentedRaftLogWorker: Rolled log segment from /home/runner/work/ratis/ratis/ratis-test/target/test/data/c5bbf9cd/MiniRaftClusterWithNetty3a726a16/s2/dfd8e832-773a-483f-95bb-7e38b00f15f0/current/log_inprogress_1 to /home/runner/work/ratis/ratis/ratis-test/target/test/data/c5bbf9cd/MiniRaftClusterWithNetty3a726a16/s2/dfd8e832-773a-483f-95bb-7e38b00f15f0/current/log_1-2
2023-08-28 07:17:21,269 [nioEventLoopGroup-23-1] INFO  server.RaftServer$Division (RaftServerImpl.java:requestVote(1377)) - s1@group-7E38B00F15F0 replies to ELECTION vote request: s2<-s1#0:OK-t3. Peer's state: s1@group-7E38B00F15F0:t3, leader=null, voted=s2, raftlog=Memoized:s1@group-7E38B00F15F0-SegmentedRaftLog:OPENED:c-1, conf=0: peers:[s0|rpc:0.0.0.0:35673|dataStream:|priority:0|startupRole:FOLLOWER, s1|rpc:0.0.0.0:35957|dataStream:|priority:0|startupRole:FOLLOWER, s2|rpc:0.0.0.0:41835|dataStream:|priority:0|startupRole:FOLLOWER]|listeners:[], old=null
2023-08-28 07:17:21,271 [nioEventLoopGroup-23-1] INFO  server.RaftServer$Division (ServerState.java:setLeader(260)) - s1@group-7E38B00F15F0: change Leader from null to s2 at term 3 for appendEntries, leader elected after 2302ms
2023-08-28 07:17:21,271 [nioEventLoopGroup-23-1] INFO  server.RaftServer$Division (RaftServerImpl.java:checkInconsistentAppendEntries(1655)) - s1@group-7E38B00F15F0: Failed appendEntries as previous log entry ((t:2, i:2)) is not found
2023-08-28 07:17:21,271 [nioEventLoopGroup-23-1] INFO  server.RaftServer$Division (RaftServerImpl.java:checkInconsistentAppendEntries(1625)) - s1@group-7E38B00F15F0: inconsistency entries. Reply:s2<-s1#30:FAIL-t3,INCONSISTENCY,nextIndex=1,followerCommit=-1,matchIndex=-1
2023-08-28 07:17:21,272 [s2@group-7E38B00F15F0->s1-LogAppenderDefault-LogAppenderDaemon] INFO  leader.FollowerInfo (FollowerInfoImpl.java:lambda$new$0(52)) - s2@group-7E38B00F15F0->s1: decreaseNextIndex nextIndex: updateUnconditionally 3 -> 1
2023-08-28 07:17:21,274 [nioEventLoopGroup-20-3] DEBUG server.RaftServer$Division (RaftServerImpl.java:logAppendEntries(1471)) - s0@group-7E38B00F15F0: receive appendEntries(s2, 3, (t:2, i:2), 1, true, commits:[s2:c1, s0:c1, s1:c-1], cId:28, entries: [(t:3, i:3), CONFIGURATIONENTRY(current:id: "s0"
address: "0.0.0.0:35673"
clientAddress: "0.0.0.0:35673"
adminAddress: "0.0.0.0:35673"
startupRole: FOLLOWER
,id: "s1"
address: "0.0.0.0:35957"
clientAddress: "0.0.0.0:35957"
adminAddress: "0.0.0.0:35957"
startupRole: FOLLOWER
,id: "s2"
address: "0.0.0.0:41835"
clientAddress: "0.0.0.0:41835"
adminAddress: "0.0.0.0:41835"
startupRole: FOLLOWER
, old:)]
2023-08-28 07:17:21,274 [nioEventLoopGroup-20-3] INFO  server.RaftServer$Division (ServerState.java:setRaftConf(377)) - s0@group-7E38B00F15F0: set configuration 3: peers:[s0|rpc:0.0.0.0:35673|dataStream:|priority:0|startupRole:FOLLOWER, s1|rpc:0.0.0.0:35957|dataStream:|priority:0|startupRole:FOLLOWER, s2|rpc:0.0.0.0:41835|dataStream:|priority:0|startupRole:FOLLOWER]|listeners:[], old=null
2023-08-28 07:17:21,274 [nioEventLoopGroup-20-3] INFO  segmented.SegmentedRaftLogWorker (SegmentedRaftLogWorker.java:rollLogSegment(432)) - s0@group-7E38B00F15F0-SegmentedRaftLogWorker: Rolling segment log-1_2 to index:2
2023-08-28 07:17:21,275 [s0@group-7E38B00F15F0-SegmentedRaftLogWorker] TRACE util.FileUtils (LogUtils.java:runAndLog(49)) - Successfully ran Atomic Files.move /home/runner/work/ratis/ratis/ratis-test/target/test/data/c5bbf9cd/MiniRaftClusterWithNetty3a726a16/s0/dfd8e832-773a-483f-95bb-7e38b00f15f0/current/log_inprogress_1 to /home/runner/work/ratis/ratis/ratis-test/target/test/data/c5bbf9cd/MiniRaftClusterWithNetty3a726a16/s0/dfd8e832-773a-483f-95bb-7e38b00f15f0/current/log_1-2
2023-08-28 07:17:21,278 [s0@group-7E38B00F15F0-SegmentedRaftLogWorker] INFO  segmented.SegmentedRaftLogWorker (SegmentedRaftLogWorker.java:execute(588)) - s0@group-7E38B00F15F0-SegmentedRaftLogWorker: Rolled log segment from /home/runner/work/ratis/ratis/ratis-test/target/test/data/c5bbf9cd/MiniRaftClusterWithNetty3a726a16/s0/dfd8e832-773a-483f-95bb-7e38b00f15f0/current/log_inprogress_1 to /home/runner/work/ratis/ratis/ratis-test/target/test/data/c5bbf9cd/MiniRaftClusterWithNetty3a726a16/s0/dfd8e832-773a-483f-95bb-7e38b00f15f0/current/log_1-2
2023-08-28 07:17:21,281 [nioEventLoopGroup-23-1] DEBUG server.RaftServer$Division (RaftServerImpl.java:logAppendEntries(1471)) - s1@group-7E38B00F15F0: receive appendEntries(s2, 3, (t:1, i:0), 1, true, commits:[s2:c1, s0:c1, s1:c-1], cId:31, entries: [(t:2, i:1), CONFIGURATIONENTRY(current:id: "s0"
address: "0.0.0.0:35673"
clientAddress: "0.0.0.0:35673"
adminAddress: "0.0.0.0:35673"
startupRole: FOLLOWER
,id: "s1"
address: "0.0.0.0:35957"
clientAddress: "0.0.0.0:35957"
adminAddress: "0.0.0.0:35957"
startupRole: FOLLOWER
,id: "s2"
address: "0.0.0.0:41835"
clientAddress: "0.0.0.0:41835"
adminAddress: "0.0.0.0:41835"
startupRole: FOLLOWER
, old:), (t:2, i:2), METADATAENTRY(c:1), (t:3, i:3), CONFIGURATIONENTRY(current:id: "s0"
address: "0.0.0.0:35673"
clientAddress: "0.0.0.0:35673"
adminAddress: "0.0.0.0:35673"
startupRole: FOLLOWER
,id: "s1"
address: "0.0.0.0:35957"
clientAddress: "0.0.0.0:35957"
adminAddress: "0.0.0.0:35957"
startupRole: FOLLOWER
,id: "s2"
address: "0.0.0.0:41835"
clientAddress: "0.0.0.0:41835"
adminAddress: "0.0.0.0:41835"
startupRole: FOLLOWER
, old:)]
2023-08-28 07:17:21,281 [s2@group-7E38B00F15F0-SegmentedRaftLogWorker] INFO  segmented.SegmentedRaftLogWorker (SegmentedRaftLogWorker.java:execute(631)) - s2@group-7E38B00F15F0-SegmentedRaftLogWorker: created new log segment /home/runner/work/ratis/ratis/ratis-test/target/test/data/c5bbf9cd/MiniRaftClusterWithNetty3a726a16/s2/dfd8e832-773a-483f-95bb-7e38b00f15f0/current/log_inprogress_3
2023-08-28 07:17:21,283 [nioEventLoopGroup-23-1] INFO  server.RaftServer$Division (ServerState.java:setRaftConf(377)) - s1@group-7E38B00F15F0: set configuration 1: peers:[s0|rpc:0.0.0.0:35673|dataStream:|priority:0|startupRole:FOLLOWER, s1|rpc:0.0.0.0:35957|dataStream:|priority:0|startupRole:FOLLOWER, s2|rpc:0.0.0.0:41835|dataStream:|priority:0|startupRole:FOLLOWER]|listeners:[], old=null
2023-08-28 07:17:21,283 [nioEventLoopGroup-23-1] INFO  server.RaftServer$Division (ServerState.java:setRaftConf(377)) - s1@group-7E38B00F15F0: set configuration 3: peers:[s0|rpc:0.0.0.0:35673|dataStream:|priority:0|startupRole:FOLLOWER, s1|rpc:0.0.0.0:35957|dataStream:|priority:0|startupRole:FOLLOWER, s2|rpc:0.0.0.0:41835|dataStream:|priority:0|startupRole:FOLLOWER]|listeners:[], old=null
2023-08-28 07:17:21,283 [nioEventLoopGroup-23-1] INFO  segmented.SegmentedRaftLogWorker (SegmentedRaftLogWorker.java:rollLogSegment(432)) - s1@group-7E38B00F15F0-SegmentedRaftLogWorker: Rolling segment log-0_0 to index:0
2023-08-28 07:17:21,284 [s1@group-7E38B00F15F0-SegmentedRaftLogWorker] TRACE util.FileUtils (LogUtils.java:runAndLog(49)) - Successfully ran Atomic Files.move /home/runner/work/ratis/ratis/ratis-test/target/test/data/c5bbf9cd/MiniRaftClusterWithNetty3a726a16/s1/dfd8e832-773a-483f-95bb-7e38b00f15f0/current/log_inprogress_0 to /home/runner/work/ratis/ratis/ratis-test/target/test/data/c5bbf9cd/MiniRaftClusterWithNetty3a726a16/s1/dfd8e832-773a-483f-95bb-7e38b00f15f0/current/log_0-0
2023-08-28 07:17:21,284 [s1@group-7E38B00F15F0-SegmentedRaftLogWorker] INFO  segmented.SegmentedRaftLogWorker (SegmentedRaftLogWorker.java:execute(588)) - s1@group-7E38B00F15F0-SegmentedRaftLogWorker: Rolled log segment from /home/runner/work/ratis/ratis/ratis-test/target/test/data/c5bbf9cd/MiniRaftClusterWithNetty3a726a16/s1/dfd8e832-773a-483f-95bb-7e38b00f15f0/current/log_inprogress_0 to /home/runner/work/ratis/ratis/ratis-test/target/test/data/c5bbf9cd/MiniRaftClusterWithNetty3a726a16/s1/dfd8e832-773a-483f-95bb-7e38b00f15f0/current/log_0-0
2023-08-28 07:17:21,284 [nioEventLoopGroup-23-1] INFO  segmented.SegmentedRaftLogWorker (SegmentedRaftLogWorker.java:rollLogSegment(432)) - s1@group-7E38B00F15F0-SegmentedRaftLogWorker: Rolling segment log-1_2 to index:2
2023-08-28 07:17:21,286 [s0@group-7E38B00F15F0-SegmentedRaftLogWorker] INFO  segmented.SegmentedRaftLogWorker (SegmentedRaftLogWorker.java:execute(631)) - s0@group-7E38B00F15F0-SegmentedRaftLogWorker: created new log segment /home/runner/work/ratis/ratis/ratis-test/target/test/data/c5bbf9cd/MiniRaftClusterWithNetty3a726a16/s0/dfd8e832-773a-483f-95bb-7e38b00f15f0/current/log_inprogress_3
2023-08-28 07:17:21,288 [s0-server-thread1] DEBUG server.RaftServer$Division (RaftServerImpl.java:logAppendEntries(1471)) - s0@group-7E38B00F15F0: succeeded to handle AppendEntries. Reply: s2<-s0#28:OK-t3,SUCCESS,nextIndex=4,followerCommit=1,matchIndex=3
2023-08-28 07:17:21,290 [nioEventLoopGroup-20-3] DEBUG server.RaftServer$Division (RaftServerImpl.java:logAppendEntries(1471)) - s0@group-7E38B00F15F0: receive appendEntries(s2, 3, (t:3, i:3), 3, true, commits:[s2:c3, s0:c1, s1:c-1], cId:32, entries: [(t:3, i:4), METADATAENTRY(c:3)]
2023-08-28 07:17:21,292 [s0-server-thread1] DEBUG server.RaftServer$Division (RaftServerImpl.java:logAppendEntries(1471)) - s0@group-7E38B00F15F0: succeeded to handle AppendEntries. Reply: s2<-s0#32:OK-t3,SUCCESS,nextIndex=5,followerCommit=3,matchIndex=4
2023-08-28 07:17:21,293 [s1@group-7E38B00F15F0-SegmentedRaftLogWorker] INFO  segmented.SegmentedRaftLogWorker (SegmentedRaftLogWorker.java:execute(631)) - s1@group-7E38B00F15F0-SegmentedRaftLogWorker: created new log segment /home/runner/work/ratis/ratis/ratis-test/target/test/data/c5bbf9cd/MiniRaftClusterWithNetty3a726a16/s1/dfd8e832-773a-483f-95bb-7e38b00f15f0/current/log_inprogress_1
2023-08-28 07:17:21,295 [s1@group-7E38B00F15F0-SegmentedRaftLogWorker] TRACE util.FileUtils (LogUtils.java:runAndLog(49)) - Successfully ran Atomic Files.move /home/runner/work/ratis/ratis/ratis-test/target/test/data/c5bbf9cd/MiniRaftClusterWithNetty3a726a16/s1/dfd8e832-773a-483f-95bb-7e38b00f15f0/current/log_inprogress_1 to /home/runner/work/ratis/ratis/ratis-test/target/test/data/c5bbf9cd/MiniRaftClusterWithNetty3a726a16/s1/dfd8e832-773a-483f-95bb-7e38b00f15f0/current/log_1-2
2023-08-28 07:17:21,295 [s1@group-7E38B00F15F0-SegmentedRaftLogWorker] INFO  segmented.SegmentedRaftLogWorker (SegmentedRaftLogWorker.java:execute(588)) - s1@group-7E38B00F15F0-SegmentedRaftLogWorker: Rolled log segment from /home/runner/work/ratis/ratis/ratis-test/target/test/data/c5bbf9cd/MiniRaftClusterWithNetty3a726a16/s1/dfd8e832-773a-483f-95bb-7e38b00f15f0/current/log_inprogress_1 to /home/runner/work/ratis/ratis/ratis-test/target/test/data/c5bbf9cd/MiniRaftClusterWithNetty3a726a16/s1/dfd8e832-773a-483f-95bb-7e38b00f15f0/current/log_1-2
2023-08-28 07:17:21,303 [s1@group-7E38B00F15F0-SegmentedRaftLogWorker] INFO  segmented.SegmentedRaftLogWorker (SegmentedRaftLogWorker.java:execute(631)) - s1@group-7E38B00F15F0-SegmentedRaftLogWorker: created new log segment /home/runner/work/ratis/ratis/ratis-test/target/test/data/c5bbf9cd/MiniRaftClusterWithNetty3a726a16/s1/dfd8e832-773a-483f-95bb-7e38b00f15f0/current/log_inprogress_3
2023-08-28 07:17:21,307 [s1-server-thread1] DEBUG server.RaftServer$Division (RaftServerImpl.java:logAppendEntries(1471)) - s1@group-7E38B00F15F0: succeeded to handle AppendEntries. Reply: s2<-s1#31:OK-t3,SUCCESS,nextIndex=4,followerCommit=1,matchIndex=3
2023-08-28 07:17:21,308 [nioEventLoopGroup-23-1] DEBUG server.RaftServer$Division (RaftServerImpl.java:logAppendEntries(1471)) - s1@group-7E38B00F15F0: receive appendEntries(s2, 3, (t:3, i:3), 4, true, commits:[s2:c4, s0:c3, s1:c1], cId:33, entries: [(t:3, i:4), METADATAENTRY(c:3)]
2023-08-28 07:17:21,310 [s1-server-thread1] DEBUG server.RaftServer$Division (RaftServerImpl.java:logAppendEntries(1471)) - s1@group-7E38B00F15F0: succeeded to handle AppendEntries. Reply: s2<-s1#33:OK-t3,SUCCESS,nextIndex=5,followerCommit=4,matchIndex=4
2023-08-28 07:17:22,073 [Timer-1] INFO  impl.MiniRaftCluster (MiniRaftCluster.java:lambda$start$6(349)) - TIMED-PRINT: printing ALL groups
  s0:  RUNNING  FOLLOWER s0@group-7E38B00F15F0:t3, leader=s2, voted=s2, raftlog=Memoized:s0@group-7E38B00F15F0-SegmentedRaftLog:OPENED:c4, conf=3: peers:[s0|rpc:0.0.0.0:35673|dataStream:|priority:0|startupRole:FOLLOWER, s1|rpc:0.0.0.0:35957|dataStream:|priority:0|startupRole:FOLLOWER, s2|rpc:0.0.0.0:41835|dataStream:|priority:0|startupRole:FOLLOWER]|listeners:[], old=null RUNNING
  s1:  RUNNING  FOLLOWER s1@group-7E38B00F15F0:t3, leader=s2, voted=s2, raftlog=Memoized:s1@group-7E38B00F15F0-SegmentedRaftLog:OPENED:c4, conf=3: peers:[s0|rpc:0.0.0.0:35673|dataStream:|priority:0|startupRole:FOLLOWER, s1|rpc:0.0.0.0:35957|dataStream:|priority:0|startupRole:FOLLOWER, s2|rpc:0.0.0.0:41835|dataStream:|priority:0|startupRole:FOLLOWER]|listeners:[], old=null RUNNING
  s2:  RUNNING    LEADER s2@group-7E38B00F15F0:t3, leader=s2, voted=s2, raftlog=Memoized:s2@group-7E38B00F15F0-SegmentedRaftLog:OPENED:c4, conf=3: peers:[s0|rpc:0.0.0.0:35673|dataStream:|priority:0|startupRole:FOLLOWER, s1|rpc:0.0.0.0:35957|dataStream:|priority:0|startupRole:FOLLOWER, s2|rpc:0.0.0.0:41835|dataStream:|priority:0|startupRole:FOLLOWER]|listeners:[], old=null RUNNING
2023-08-28 07:17:22,667 [Time-limited test] INFO  ratis.RaftTestUtil (RaftTestUtil.java:waitForLeader(119)) - printing ALL groups
  s0:  RUNNING  FOLLOWER s0@group-7E38B00F15F0:t3, leader=s2, voted=s2, raftlog=Memoized:s0@group-7E38B00F15F0-SegmentedRaftLog:OPENED:c4, conf=3: peers:[s0|rpc:0.0.0.0:35673|dataStream:|priority:0|startupRole:FOLLOWER, s1|rpc:0.0.0.0:35957|dataStream:|priority:0|startupRole:FOLLOWER, s2|rpc:0.0.0.0:41835|dataStream:|priority:0|startupRole:FOLLOWER]|listeners:[], old=null RUNNING
  s1:  RUNNING  FOLLOWER s1@group-7E38B00F15F0:t3, leader=s2, voted=s2, raftlog=Memoized:s1@group-7E38B00F15F0-SegmentedRaftLog:OPENED:c4, conf=3: peers:[s0|rpc:0.0.0.0:35673|dataStream:|priority:0|startupRole:FOLLOWER, s1|rpc:0.0.0.0:35957|dataStream:|priority:0|startupRole:FOLLOWER, s2|rpc:0.0.0.0:41835|dataStream:|priority:0|startupRole:FOLLOWER]|listeners:[], old=null RUNNING
  s2:  RUNNING    LEADER s2@group-7E38B00F15F0:t3, leader=s2, voted=s2, raftlog=Memoized:s2@group-7E38B00F15F0-SegmentedRaftLog:OPENED:c4, conf=3: peers:[s0|rpc:0.0.0.0:35673|dataStream:|priority:0|startupRole:FOLLOWER, s1|rpc:0.0.0.0:35957|dataStream:|priority:0|startupRole:FOLLOWER, s2|rpc:0.0.0.0:41835|dataStream:|priority:0|startupRole:FOLLOWER]|listeners:[], old=null RUNNING
2023-08-28 07:17:22,667 [Time-limited test] INFO  impl.MiniRaftCluster (MiniRaftCluster.java:shutdown(831)) - ************************************************************** 
2023-08-28 07:17:22,667 [Time-limited test] INFO  impl.MiniRaftCluster (MiniRaftCluster.java:shutdown(832)) - *** 
2023-08-28 07:17:22,667 [Time-limited test] INFO  impl.MiniRaftCluster (MiniRaftCluster.java:shutdown(833)) - ***     Stopping MiniRaftClusterWithNetty
2023-08-28 07:17:22,667 [Time-limited test] INFO  impl.MiniRaftCluster (MiniRaftCluster.java:shutdown(834)) - *** 
2023-08-28 07:17:22,667 [Time-limited test] INFO  impl.MiniRaftCluster (MiniRaftCluster.java:shutdown(835)) - ************************************************************** 
2023-08-28 07:17:22,668 [Time-limited test] INFO  impl.MiniRaftCluster (MiniRaftCluster.java:shutdown(836)) - printing ALL groups
  s0:  RUNNING  FOLLOWER s0@group-7E38B00F15F0:t3, leader=s2, voted=s2, raftlog=Memoized:s0@group-7E38B00F15F0-SegmentedRaftLog:OPENED:c4, conf=3: peers:[s0|rpc:0.0.0.0:35673|dataStream:|priority:0|startupRole:FOLLOWER, s1|rpc:0.0.0.0:35957|dataStream:|priority:0|startupRole:FOLLOWER, s2|rpc:0.0.0.0:41835|dataStream:|priority:0|startupRole:FOLLOWER]|listeners:[], old=null RUNNING
  s1:  RUNNING  FOLLOWER s1@group-7E38B00F15F0:t3, leader=s2, voted=s2, raftlog=Memoized:s1@group-7E38B00F15F0-SegmentedRaftLog:OPENED:c4, conf=3: peers:[s0|rpc:0.0.0.0:35673|dataStream:|priority:0|startupRole:FOLLOWER, s1|rpc:0.0.0.0:35957|dataStream:|priority:0|startupRole:FOLLOWER, s2|rpc:0.0.0.0:41835|dataStream:|priority:0|startupRole:FOLLOWER]|listeners:[], old=null RUNNING
  s2:  RUNNING    LEADER s2@group-7E38B00F15F0:t3, leader=s2, voted=s2, raftlog=Memoized:s2@group-7E38B00F15F0-SegmentedRaftLog:OPENED:c4, conf=3: peers:[s0|rpc:0.0.0.0:35673|dataStream:|priority:0|startupRole:FOLLOWER, s1|rpc:0.0.0.0:35957|dataStream:|priority:0|startupRole:FOLLOWER, s2|rpc:0.0.0.0:41835|dataStream:|priority:0|startupRole:FOLLOWER]|listeners:[], old=null RUNNING
2023-08-28 07:17:22,668 [MiniRaftCluster-3] INFO  server.RaftServer (RaftServerProxy.java:lambda$close$7(420)) - s0: close
2023-08-28 07:17:22,669 [MiniRaftCluster-4] INFO  server.RaftServer (RaftServerProxy.java:lambda$close$7(420)) - s1: close
2023-08-28 07:17:22,669 [s1-impl-thread1] INFO  server.RaftServer$Division (RaftServerImpl.java:lambda$close$3(508)) - s1@group-7E38B00F15F0: shutdown
2023-08-28 07:17:22,669 [s1-impl-thread1] INFO  util.JmxRegister (JmxRegister.java:unregister(73)) - Successfully un-registered JMX Bean with object name Ratis:service=RaftServer,group=group-7E38B00F15F0,id=s1
2023-08-28 07:17:22,669 [s1-impl-thread1] INFO  impl.RoleInfo (RoleInfo.java:shutdownFollowerState(109)) - s1: shutdown s1@group-7E38B00F15F0-FollowerState
2023-08-28 07:17:22,670 [s1-impl-thread1] INFO  impl.StateMachineUpdater (StateMachineUpdater.java:stopAndJoin(157)) - s1@group-7E38B00F15F0-StateMachineUpdater: set stopIndex = 4
2023-08-28 07:17:22,670 [s1@group-7E38B00F15F0-FollowerState] INFO  impl.FollowerState (FollowerState.java:run(152)) - s1@group-7E38B00F15F0-FollowerState was interrupted
2023-08-28 07:17:22,670 [nioEventLoopGroup-19-1] INFO  logging.LoggingHandler (AbstractInternalLogger.java:log(148)) - [id: 0x07f823a9, L:/0.0.0.0:35673] CLOSE
2023-08-28 07:17:22,670 [s0-impl-thread1] INFO  server.RaftServer$Division (RaftServerImpl.java:lambda$close$3(508)) - s0@group-7E38B00F15F0: shutdown
2023-08-28 07:17:22,670 [nioEventLoopGroup-19-1] INFO  logging.LoggingHandler (AbstractInternalLogger.java:log(148)) - [id: 0x07f823a9, L:/0.0.0.0:35673] INACTIVE
2023-08-28 07:17:22,670 [s0-impl-thread1] INFO  util.JmxRegister (JmxRegister.java:unregister(73)) - Successfully un-registered JMX Bean with object name Ratis:service=RaftServer,group=group-7E38B00F15F0,id=s0
2023-08-28 07:17:22,670 [nioEventLoopGroup-19-1] INFO  logging.LoggingHandler (AbstractInternalLogger.java:log(148)) - [id: 0x07f823a9, L:/0.0.0.0:35673] UNREGISTERED
2023-08-28 07:17:22,670 [s0-impl-thread1] INFO  impl.RoleInfo (RoleInfo.java:shutdownFollowerState(109)) - s0: shutdown s0@group-7E38B00F15F0-FollowerState
2023-08-28 07:17:22,671 [s0-impl-thread1] INFO  impl.StateMachineUpdater (StateMachineUpdater.java:stopAndJoin(157)) - s0@group-7E38B00F15F0-StateMachineUpdater: set stopIndex = 4
2023-08-28 07:17:22,671 [s0@group-7E38B00F15F0-FollowerState] INFO  impl.FollowerState (FollowerState.java:run(152)) - s0@group-7E38B00F15F0-FollowerState was interrupted
2023-08-28 07:17:22,671 [s0-impl-thread1] INFO  server.RaftServer$Division (ServerState.java:close(415)) - s0@group-7E38B00F15F0: applyIndex: 4
2023-08-28 07:17:22,670 [nioEventLoopGroup-22-1] INFO  logging.LoggingHandler (AbstractInternalLogger.java:log(148)) - [id: 0x9eacd923, L:/0.0.0.0:35957] CLOSE
2023-08-28 07:17:22,671 [nioEventLoopGroup-22-1] INFO  logging.LoggingHandler (AbstractInternalLogger.java:log(148)) - [id: 0x9eacd923, L:/0.0.0.0:35957] INACTIVE
2023-08-28 07:17:22,671 [nioEventLoopGroup-22-1] INFO  logging.LoggingHandler (AbstractInternalLogger.java:log(148)) - [id: 0x9eacd923, L:/0.0.0.0:35957] UNREGISTERED
2023-08-28 07:17:22,670 [s1-impl-thread1] INFO  server.RaftServer$Division (ServerState.java:close(415)) - s1@group-7E38B00F15F0: applyIndex: 4
2023-08-28 07:17:22,672 [MiniRaftCluster-5] INFO  server.RaftServer (RaftServerProxy.java:lambda$close$7(420)) - s2: close
2023-08-28 07:17:22,672 [s2-impl-thread1] INFO  server.RaftServer$Division (RaftServerImpl.java:lambda$close$3(508)) - s2@group-7E38B00F15F0: shutdown
2023-08-28 07:17:22,672 [nioEventLoopGroup-25-1] INFO  logging.LoggingHandler (AbstractInternalLogger.java:log(148)) - [id: 0x3da44411, L:/0.0.0.0:41835] CLOSE
2023-08-28 07:17:22,673 [s2-impl-thread1] INFO  util.JmxRegister (JmxRegister.java:unregister(73)) - Successfully un-registered JMX Bean with object name Ratis:service=RaftServer,group=group-7E38B00F15F0,id=s2
2023-08-28 07:17:22,673 [s2-impl-thread1] INFO  impl.RoleInfo (RoleInfo.java:shutdownLeaderState(92)) - s2: shutdown s2@group-7E38B00F15F0-LeaderStateImpl
2023-08-28 07:17:22,673 [nioEventLoopGroup-25-1] INFO  logging.LoggingHandler (AbstractInternalLogger.java:log(148)) - [id: 0x3da44411, L:/0.0.0.0:41835] INACTIVE
2023-08-28 07:17:22,673 [nioEventLoopGroup-25-1] INFO  logging.LoggingHandler (AbstractInternalLogger.java:log(148)) - [id: 0x3da44411, L:/0.0.0.0:41835] UNREGISTERED
2023-08-28 07:17:22,673 [s2-impl-thread1] INFO  impl.PendingRequests (PendingRequests.java:sendNotLeaderResponses(289)) - s2@group-7E38B00F15F0-PendingRequests: sendNotLeaderResponses
2023-08-28 07:17:22,673 [s2@group-7E38B00F15F0->s1-LogAppenderDefault-LogAppenderDaemon] INFO  leader.LogAppenderDaemon (LogAppenderDaemon.java:run(83)) - s2@group-7E38B00F15F0->s1-LogAppenderDefault-LogAppenderDaemon was interrupted: java.lang.InterruptedException
2023-08-28 07:17:22,673 [s2@group-7E38B00F15F0->s0-LogAppenderDefault-LogAppenderDaemon] INFO  leader.LogAppenderDaemon (LogAppenderDaemon.java:run(83)) - s2@group-7E38B00F15F0->s0-LogAppenderDefault-LogAppenderDaemon was interrupted: java.lang.InterruptedException
2023-08-28 07:17:22,677 [s2-impl-thread1] INFO  impl.StateMachineUpdater (StateMachineUpdater.java:stopAndJoin(157)) - s2@group-7E38B00F15F0-StateMachineUpdater: set stopIndex = 4
2023-08-28 07:17:22,677 [s2-impl-thread1] INFO  server.RaftServer$Division (ServerState.java:close(415)) - s2@group-7E38B00F15F0: applyIndex: 4
2023-08-28 07:17:23,294 [s2-impl-thread1] INFO  segmented.SegmentedRaftLogWorker (SegmentedRaftLogWorker.java:close(242)) - s2@group-7E38B00F15F0-SegmentedRaftLogWorker close()
2023-08-28 07:17:23,294 [s0-impl-thread1] INFO  segmented.SegmentedRaftLogWorker (SegmentedRaftLogWorker.java:close(242)) - s0@group-7E38B00F15F0-SegmentedRaftLogWorker close()
2023-08-28 07:17:23,296 [JvmPauseMonitor7] INFO  util.JvmPauseMonitor (JvmPauseMonitor.java:run(152)) - JvmPauseMonitor-s2: Stopped
2023-08-28 07:17:23,297 [JvmPauseMonitor5] INFO  util.JvmPauseMonitor (JvmPauseMonitor.java:run(152)) - JvmPauseMonitor-s0: Stopped
2023-08-28 07:17:23,311 [s1-impl-thread1] INFO  segmented.SegmentedRaftLogWorker (SegmentedRaftLogWorker.java:close(242)) - s1@group-7E38B00F15F0-SegmentedRaftLogWorker close()
2023-08-28 07:17:23,312 [JvmPauseMonitor6] INFO  util.JvmPauseMonitor (JvmPauseMonitor.java:run(152)) - JvmPauseMonitor-s1: Stopped
2023-08-28 07:17:23,312 [Time-limited test] INFO  impl.MiniRaftCluster (MiniRaftCluster.java:shutdown(855)) - MiniRaftClusterWithNetty shutdown completed
]]></system-out>
  </testcase>
  <testcase name="testGroupRemoveWhenRename" classname="org.apache.ratis.netty.TestGroupManagementWithNetty" time="3.036">
    <system-out><![CDATA[2023-08-28 07:17:23,312 [main] INFO  util.LogUtils (Slf4jUtils.java:setLogLevel(38)) - Successfully set org.apache.ratis.conf.ConfUtils log level to WARN
2023-08-28 07:17:23,312 [main] INFO  util.LogUtils (Slf4jUtils.java:setLogLevel(38)) - Successfully set org.apache.ratis.util.FileUtils log level to TRACE
2023-08-28 07:17:23,312 [main] INFO  util.LogUtils (Slf4jUtils.java:setLogLevel(38)) - Successfully set org.apache.ratis.server.RaftServer log level to DEBUG
2023-08-28 07:17:23,312 [main] INFO  util.LogUtils (Slf4jUtils.java:setLogLevel(38)) - Successfully set org.apache.ratis.server.RaftServer$Division log level to DEBUG
2023-08-28 07:17:23,312 [main] INFO  util.LogUtils (Slf4jUtils.java:setLogLevel(38)) - Successfully set org.apache.ratis.client.RaftClient log level to DEBUG
2023-08-28 07:17:23,313 [Time-limited test] INFO  impl.MiniRaftCluster (MiniRaftCluster.java:<init>(306)) - new MiniRaftClusterWithNetty with group-C4418FE7815B:[s0|rpc:localhost:35537|admin:localhost:46411|client:localhost:46723|dataStream:localhost:35071|priority:0|startupRole:FOLLOWER]
2023-08-28 07:17:23,314 [Time-limited test] INFO  impl.MiniRaftCluster (MiniRaftCluster.java:<init>(306)) - new MiniRaftClusterWithNetty with group-8CF41188AFBE:[s0|rpc:localhost:44979|admin:localhost:40987|client:localhost:45755|dataStream:localhost:36363|priority:0|startupRole:FOLLOWER, s1|rpc:localhost:34083|admin:localhost:43099|client:localhost:40241|dataStream:localhost:42433|priority:0|startupRole:FOLLOWER, s2|rpc:localhost:38965|admin:localhost:35287|client:localhost:35271|dataStream:localhost:36979|priority:0|startupRole:FOLLOWER]
2023-08-28 07:17:23,314 [Time-limited test] INFO  impl.MiniRaftCluster (MiniRaftCluster.java:start(339)) - .............................................................. 
2023-08-28 07:17:23,314 [Time-limited test] INFO  impl.MiniRaftCluster (MiniRaftCluster.java:start(340)) - ... 
2023-08-28 07:17:23,314 [Time-limited test] INFO  impl.MiniRaftCluster (MiniRaftCluster.java:start(341)) - ...     Starting MiniRaftClusterWithNetty
2023-08-28 07:17:23,314 [Time-limited test] INFO  impl.MiniRaftCluster (MiniRaftCluster.java:start(342)) - ... 
2023-08-28 07:17:23,314 [Time-limited test] INFO  impl.MiniRaftCluster (MiniRaftCluster.java:start(343)) - .............................................................. 
2023-08-28 07:17:23,314 [Time-limited test] INFO  impl.MiniRaftCluster (MiniRaftCluster.java:initServers(318)) - servers = {}
2023-08-28 07:17:23,314 [Time-limited test] INFO  impl.MiniRaftCluster (MiniRaftCluster.java:newRaftServer(382)) - newRaftServer: s0, group-C4418FE7815B:[s0|rpc:localhost:35537|admin:localhost:46411|client:localhost:46723|dataStream:localhost:35071|priority:0|startupRole:FOLLOWER], format? true
2023-08-28 07:17:23,314 [Time-limited test] TRACE util.FileUtils (FileUtils.java:deleteFully(201)) - deleteFully target/test/data/c5bbf9cd/MiniRaftClusterWithNetty1ec2e1f8/s0
2023-08-28 07:17:23,314 [Time-limited test] TRACE util.FileUtils (FileUtils.java:deleteFully(217)) - deleteFully: target/test/data/c5bbf9cd/MiniRaftClusterWithNetty1ec2e1f8/s0 does not exist.
2023-08-28 07:17:23,314 [Time-limited test] INFO  impl.MiniRaftCluster (MiniRaftCluster.java:newRaftServer(387)) - Formatted directory target/test/data/c5bbf9cd/MiniRaftClusterWithNetty1ec2e1f8/s0
2023-08-28 07:17:23,314 [Time-limited test] DEBUG server.RaftServer (ServerImplUtils.java:newRaftServer(51)) - newRaftServer: s0, group-C4418FE7815B:[s0|rpc:localhost:35537|admin:localhost:46411|client:localhost:46723|dataStream:localhost:35071|priority:0|startupRole:FOLLOWER]
2023-08-28 07:17:23,315 [Time-limited test] INFO  server.RaftServer (ConfUtils.java:logGet(46)) - raft.rpc.type = NETTY (custom)
2023-08-28 07:17:23,316 [Time-limited test] INFO  netty.NettyConfigKeys$Server (ConfUtils.java:logGet(46)) - raft.netty.server.host = null (default)
2023-08-28 07:17:23,316 [Time-limited test] INFO  netty.NettyConfigKeys$Server (ConfUtils.java:logGet(46)) - raft.netty.server.port = 35537 (custom)
2023-08-28 07:17:23,316 [Time-limited test] INFO  impl.DataStreamServerImpl (ConfUtils.java:logGet(46)) - raft.datastream.type = DISABLED (default)
2023-08-28 07:17:23,316 [Time-limited test] INFO  server.RaftServerConfigKeys (ConfUtils.java:logGet(46)) - raft.server.threadpool.proxy.cached = true (default)
2023-08-28 07:17:23,316 [Time-limited test] INFO  server.RaftServerConfigKeys (ConfUtils.java:logGet(46)) - raft.server.threadpool.proxy.size = 0 (default)
2023-08-28 07:17:23,316 [Time-limited test] INFO  server.RaftServerConfigKeys (ConfUtils.java:logGet(46)) - raft.server.sleep.deviation.threshold = 300ms (default)
2023-08-28 07:17:23,316 [Time-limited test] INFO  server.RaftServerConfigKeys (ConfUtils.java:logGet(46)) - raft.server.rpc.slowness.timeout = 60s (default)
2023-08-28 07:17:23,316 [Time-limited test] INFO  server.RaftServerConfigKeys (ConfUtils.java:logGet(46)) - raft.server.leaderelection.leader.step-down.wait-time = 10s (default)
2023-08-28 07:17:23,317 [Time-limited test] INFO  server.RaftServerConfigKeys (ConfUtils.java:logGet(46)) - raft.server.storage.dir = [/home/runner/work/ratis/ratis/ratis-test/target/test/data/c5bbf9cd/MiniRaftClusterWithNetty1ec2e1f8/s0] (custom)
2023-08-28 07:17:23,318 [Time-limited test] INFO  server.RaftServer (RaftServerProxy.java:addNew(99)) - s0: addNew group-C4418FE7815B:[s0|rpc:localhost:35537|admin:localhost:46411|client:localhost:46723|dataStream:localhost:35071|priority:0|startupRole:FOLLOWER] returns group-C4418FE7815B:java.util.concurrent.CompletableFuture@774c75cd[Not completed]
2023-08-28 07:17:23,318 [s0-groupManagement] INFO  server.RaftServer$Division (RaftServerImpl.java:<init>(250)) - s0: new RaftServerImpl for group-C4418FE7815B:[s0|rpc:localhost:35537|admin:localhost:46411|client:localhost:46723|dataStream:localhost:35071|priority:0|startupRole:FOLLOWER] with BaseStateMachine:uninitialized
2023-08-28 07:17:23,321 [s0-groupManagement] INFO  server.RaftServerConfigKeys (ConfUtils.java:logGet(46)) - raft.server.rpc.timeout.min = 1500ms (custom)
2023-08-28 07:17:23,321 [s0-groupManagement] INFO  server.RaftServerConfigKeys (ConfUtils.java:logGet(46)) - raft.server.rpc.timeout.max = 2000ms (custom)
2023-08-28 07:17:23,321 [s0-groupManagement] INFO  server.RaftServerConfigKeys (ConfUtils.java:logGet(46)) - raft.server.rpc.sleep.time = 25ms (default)
2023-08-28 07:17:23,321 [s0-groupManagement] INFO  server.RaftServerConfigKeys (ConfUtils.java:logGet(46)) - raft.server.rpc.slowness.timeout = 60s (default)
2023-08-28 07:17:23,321 [s0-groupManagement] INFO  server.RaftServerConfigKeys (ConfUtils.java:logGet(46)) - raft.server.leaderelection.leader.step-down.wait-time = 10s (default)
2023-08-28 07:17:23,321 [s0-groupManagement] INFO  server.RaftServerConfigKeys (ConfUtils.java:logGet(46)) - raft.server.sleep.deviation.threshold = 300ms (default)
2023-08-28 07:17:23,322 [s0-groupManagement] INFO  server.RaftServer$Division (ServerState.java:<init>(113)) - s0@group-C4418FE7815B: ConfigurationManager, init=-1: peers:[s0|rpc:localhost:35537|admin:localhost:46411|client:localhost:46723|dataStream:localhost:35071|priority:0|startupRole:FOLLOWER]|listeners:[], old=null, confs=<EMPTY_MAP>
2023-08-28 07:17:23,322 [s0-groupManagement] INFO  server.RaftServerConfigKeys (ConfUtils.java:logGet(46)) - raft.server.notification.no-leader.timeout = 60s (default)
2023-08-28 07:17:23,322 [s0-groupManagement] INFO  server.RaftServerConfigKeys (ConfUtils.java:logGet(46)) - raft.server.read.timeout = 10s (default)
2023-08-28 07:17:23,322 [s0-groupManagement] INFO  server.RaftServerConfigKeys (ConfUtils.java:logGet(46)) - raft.server.retrycache.expirytime = 60s (default)
2023-08-28 07:17:23,322 [s0-groupManagement] INFO  server.RaftServerConfigKeys (ConfUtils.java:logGet(46)) - raft.server.retrycache.statistics.expirytime = 100μs (default)
2023-08-28 07:17:23,322 [s0-groupManagement] INFO  server.RaftServerConfigKeys (ConfUtils.java:logGet(46)) - raft.server.read.option = DEFAULT (default)
2023-08-28 07:17:23,323 [s0-groupManagement] INFO  server.RaftServerConfigKeys (ConfUtils.java:logGet(46)) - raft.server.rpc.request.timeout = 3000ms (default)
2023-08-28 07:17:23,323 [s0-groupManagement] INFO  server.RaftServerConfigKeys (ConfUtils.java:logGet(46)) - raft.server.log.appender.install.snapshot.enabled = true (default)
2023-08-28 07:17:23,323 [s0-groupManagement] INFO  server.RaftServerConfigKeys (ConfUtils.java:logGet(46)) - raft.server.threadpool.server.cached = true (default)
2023-08-28 07:17:23,323 [s0-groupManagement] INFO  server.RaftServerConfigKeys (ConfUtils.java:logGet(46)) - raft.server.threadpool.server.size = 0 (default)
2023-08-28 07:17:23,323 [s0-groupManagement] INFO  server.RaftServerConfigKeys (ConfUtils.java:logGet(46)) - raft.server.threadpool.client.cached = true (default)
2023-08-28 07:17:23,323 [s0-groupManagement] INFO  server.RaftServerConfigKeys (ConfUtils.java:logGet(46)) - raft.server.threadpool.client.size = 0 (default)
2023-08-28 07:17:23,323 [s0-impl-thread1] INFO  server.RaftServerConfigKeys (ConfUtils.java:logGet(46)) - raft.server.storage.free-space.min = 0MB (=0) (default)
2023-08-28 07:17:23,323 [s0-impl-thread1] INFO  server.RaftServerConfigKeys (ConfUtils.java:logGet(46)) - raft.server.log.corruption.policy = EXCEPTION (default)
2023-08-28 07:17:23,323 [s0-impl-thread1] INFO  server.RaftServerConfigKeys (ConfUtils.java:logGet(46)) - raft.server.storage.dir = [/home/runner/work/ratis/ratis/ratis-test/target/test/data/c5bbf9cd/MiniRaftClusterWithNetty1ec2e1f8/s0] (custom)
2023-08-28 07:17:23,323 [s0-impl-thread1] INFO  storage.RaftStorageDirectory (RaftStorageDirectoryImpl.java:analyzeStorage(138)) - The storage directory /home/runner/work/ratis/ratis/ratis-test/target/test/data/c5bbf9cd/MiniRaftClusterWithNetty1ec2e1f8/s0/05ed146a-eea5-4777-8a6c-c4418fe7815b does not exist. Creating ...
2023-08-28 07:17:23,324 [s0-impl-thread1] TRACE util.FileUtils (LogUtils.java:runAndLog(49)) - Successfully ran Files.createDirectories /home/runner/work/ratis/ratis/ratis-test/target/test/data/c5bbf9cd/MiniRaftClusterWithNetty1ec2e1f8/s0/05ed146a-eea5-4777-8a6c-c4418fe7815b
2023-08-28 07:17:23,325 [s0-impl-thread1] INFO  storage.RaftStorageDirectory (RaftStorageDirectoryImpl.java:tryLock(232)) - Lock on /home/runner/work/ratis/ratis/ratis-test/target/test/data/c5bbf9cd/MiniRaftClusterWithNetty1ec2e1f8/s0/05ed146a-eea5-4777-8a6c-c4418fe7815b/in_use.lock acquired by nodename 7908@fv-az1033-516
2023-08-28 07:17:23,325 [s0-impl-thread1] TRACE util.FileUtils (LogUtils.java:runAndLog(49)) - Successfully ran Files.createDirectories /home/runner/work/ratis/ratis/ratis-test/target/test/data/c5bbf9cd/MiniRaftClusterWithNetty1ec2e1f8/s0/05ed146a-eea5-4777-8a6c-c4418fe7815b/current
2023-08-28 07:17:23,326 [s0-impl-thread1] TRACE util.FileUtils (LogUtils.java:runAndLog(49)) - Successfully ran Files.createDirectories /home/runner/work/ratis/ratis/ratis-test/target/test/data/c5bbf9cd/MiniRaftClusterWithNetty1ec2e1f8/s0/05ed146a-eea5-4777-8a6c-c4418fe7815b/sm
2023-08-28 07:17:23,327 [s0-impl-thread1] INFO  storage.RaftStorage (RaftStorageImpl.java:format(97)) - Storage directory /home/runner/work/ratis/ratis/ratis-test/target/test/data/c5bbf9cd/MiniRaftClusterWithNetty1ec2e1f8/s0/05ed146a-eea5-4777-8a6c-c4418fe7815b has been successfully formatted.
2023-08-28 07:17:23,328 [s0-impl-thread1] INFO  server.RaftServerConfigKeys (ConfUtils.java:logGet(46)) - raft.server.log.use.memory = false (default)
2023-08-28 07:17:23,328 [s0-impl-thread1] INFO  server.RaftServerConfigKeys (ConfUtils.java:logGet(46)) - raft.server.log.purge.gap = 1024 (default)
2023-08-28 07:17:23,328 [s0-impl-thread1] INFO  server.RaftServerConfigKeys (ConfUtils.java:logGet(46)) - raft.server.log.appender.buffer.byte-limit = 4MB (=4194304) (default)
2023-08-28 07:17:23,328 [s0-impl-thread1] INFO  server.RaftServerConfigKeys (ConfUtils.java:logGet(46)) - raft.server.log.statemachine.data.read.timeout = 1000ms (default)
2023-08-28 07:17:23,328 [s0-impl-thread1] INFO  server.RaftServerConfigKeys (ConfUtils.java:logGet(46)) - raft.server.log.purge.preservation.log.num = 0 (default)
2023-08-28 07:17:23,328 [s0-impl-thread1] INFO  server.RaftServerConfigKeys (ConfUtils.java:logGet(46)) - raft.server.log.segment.size.max = 8MB (=8388608) (default)
2023-08-28 07:17:23,328 [s0-impl-thread1] INFO  server.RaftServerConfigKeys (ConfUtils.java:logGet(46)) - raft.server.log.segment.cache.num.max = 6 (default)
2023-08-28 07:17:23,328 [s0-impl-thread1] INFO  server.RaftServerConfigKeys (ConfUtils.java:logGet(46)) - raft.server.log.segment.cache.size.max = 200MB (=209715200) (default)
2023-08-28 07:17:23,328 [s0-impl-thread1] INFO  server.RaftServerConfigKeys (ConfUtils.java:logGet(46)) - raft.server.log.appender.buffer.byte-limit = 4MB (=4194304) (default)
2023-08-28 07:17:23,328 [s0-impl-thread1] INFO  segmented.SegmentedRaftLogWorker (SegmentedRaftLogWorker.java:<init>(183)) - new s0@group-C4418FE7815B-SegmentedRaftLogWorker for RaftStorageImpl:Storage Directory /home/runner/work/ratis/ratis/ratis-test/target/test/data/c5bbf9cd/MiniRaftClusterWithNetty1ec2e1f8/s0/05ed146a-eea5-4777-8a6c-c4418fe7815b
2023-08-28 07:17:23,328 [s0-impl-thread1] INFO  server.RaftServerConfigKeys (ConfUtils.java:logGet(46)) - raft.server.log.queue.byte-limit = 64MB (=67108864) (default)
2023-08-28 07:17:23,328 [s0-impl-thread1] INFO  server.RaftServerConfigKeys (ConfUtils.java:logGet(46)) - raft.server.log.queue.element-limit = 4096 (default)
2023-08-28 07:17:23,329 [s0-impl-thread1] INFO  server.RaftServerConfigKeys (ConfUtils.java:logGet(46)) - raft.server.log.segment.size.max = 8MB (=8388608) (default)
2023-08-28 07:17:23,329 [s0-impl-thread1] INFO  server.RaftServerConfigKeys (ConfUtils.java:logGet(46)) - raft.server.log.preallocated.size = 4MB (=4194304) (default)
2023-08-28 07:17:23,329 [s0-impl-thread1] INFO  server.RaftServerConfigKeys (ConfUtils.java:logGet(46)) - raft.server.log.force.sync.num = 128 (default)
2023-08-28 07:17:23,329 [s0-impl-thread1] INFO  server.RaftServerConfigKeys (ConfUtils.java:logGet(46)) - raft.server.log.statemachine.data.sync = true (default)
2023-08-28 07:17:23,329 [s0-impl-thread1] INFO  server.RaftServerConfigKeys (ConfUtils.java:logGet(46)) - raft.server.log.statemachine.data.sync.timeout = 10s (default)
2023-08-28 07:17:23,329 [s0-impl-thread1] INFO  server.RaftServerConfigKeys (ConfUtils.java:logGet(46)) - raft.server.log.statemachine.data.sync.timeout.retry = -1 (default)
2023-08-28 07:17:23,329 [s0-impl-thread1] INFO  server.RaftServerConfigKeys (ConfUtils.java:logGet(46)) - raft.server.log.write.buffer.size = 64KB (=65536) (default)
2023-08-28 07:17:23,329 [s0-impl-thread1] INFO  server.RaftServerConfigKeys (ConfUtils.java:logGet(46)) - raft.server.log.appender.buffer.byte-limit = 4MB (=4194304) (default)
2023-08-28 07:17:23,330 [s0-impl-thread1] INFO  server.RaftServerConfigKeys (ConfUtils.java:logGet(46)) - raft.server.log.unsafe-flush.enabled = false (default)
2023-08-28 07:17:23,330 [s0-impl-thread1] INFO  server.RaftServerConfigKeys (ConfUtils.java:logGet(46)) - raft.server.log.async-flush.enabled = false (default)
2023-08-28 07:17:23,330 [s0-impl-thread1] INFO  server.RaftServerConfigKeys (ConfUtils.java:logGet(46)) - raft.server.log.statemachine.data.caching.enabled = false (default)
2023-08-28 07:17:23,331 [s0-impl-thread1] INFO  segmented.SegmentedRaftLogWorker (SegmentedRaftLogWorker.java:lambda$new$0(134)) - s0@group-C4418FE7815B-SegmentedRaftLogWorker: flushIndex: setUnconditionally 0 -> -1
2023-08-28 07:17:23,331 [s0-impl-thread1] INFO  segmented.SegmentedRaftLogWorker (SegmentedRaftLogWorker.java:lambda$new$0(134)) - s0@group-C4418FE7815B-SegmentedRaftLogWorker: safeCacheEvictIndex: setUnconditionally 0 -> -1
2023-08-28 07:17:23,331 [s0-impl-thread1] INFO  server.RaftServer$Division (RaftServerImpl.java:start(384)) - s0@group-C4418FE7815B: start as a follower, conf=-1: peers:[s0|rpc:localhost:35537|admin:localhost:46411|client:localhost:46723|dataStream:localhost:35071|priority:0|startupRole:FOLLOWER]|listeners:[], old=null
2023-08-28 07:17:23,331 [s0-impl-thread1] INFO  server.RaftServer$Division (RaftServerImpl.java:setRole(371)) - s0@group-C4418FE7815B: changes role from      null to FOLLOWER at term 0 for startAsFollower
2023-08-28 07:17:23,331 [s0-impl-thread1] INFO  impl.RoleInfo (RoleInfo.java:updateAndGet(138)) - s0: start s0@group-C4418FE7815B-FollowerState
2023-08-28 07:17:23,333 [s0@group-C4418FE7815B-FollowerState] INFO  server.RaftServerConfigKeys (ConfUtils.java:logFallback(53)) - raft.server.rpc.first-election.timeout.min = 1500ms (fallback to raft.server.rpc.timeout.min)
2023-08-28 07:17:23,333 [s0-impl-thread1] INFO  util.JmxRegister (JmxRegister.java:tryRegister(44)) - Successfully registered JMX Bean with object name Ratis:service=RaftServer,group=group-C4418FE7815B,id=s0
2023-08-28 07:17:23,333 [s0@group-C4418FE7815B-FollowerState] INFO  server.RaftServerConfigKeys (ConfUtils.java:logFallback(53)) - raft.server.rpc.first-election.timeout.max = 2000ms (fallback to raft.server.rpc.timeout.max)
2023-08-28 07:17:23,333 [s0-impl-thread1] INFO  server.RaftServerConfigKeys (ConfUtils.java:logGet(46)) - raft.server.snapshot.trigger-when-stop.enabled = true (default)
2023-08-28 07:17:23,333 [s0-impl-thread1] INFO  server.RaftServerConfigKeys (ConfUtils.java:logGet(46)) - raft.server.snapshot.auto.trigger.enabled = false (default)
2023-08-28 07:17:23,333 [s0-impl-thread1] INFO  server.RaftServerConfigKeys (ConfUtils.java:logGet(46)) - raft.server.snapshot.retention.file.num = -1 (default)
2023-08-28 07:17:23,333 [s0-impl-thread1] INFO  server.RaftServerConfigKeys (ConfUtils.java:logGet(46)) - raft.server.log.purge.upto.snapshot.index = false (default)
2023-08-28 07:17:23,333 [Time-limited test] INFO  server.RaftServer (RaftServerProxy.java:startImpl(404)) - s0: start RPC server
2023-08-28 07:17:23,340 [nioEventLoopGroup-28-1] INFO  logging.LoggingHandler (AbstractInternalLogger.java:log(148)) - [id: 0xf107c85b] REGISTERED
2023-08-28 07:17:23,340 [nioEventLoopGroup-28-1] INFO  logging.LoggingHandler (AbstractInternalLogger.java:log(148)) - [id: 0xf107c85b] BIND: 0.0.0.0/0.0.0.0:35537
2023-08-28 07:17:23,340 [nioEventLoopGroup-28-1] INFO  logging.LoggingHandler (AbstractInternalLogger.java:log(148)) - [id: 0xf107c85b, L:/0.0.0.0:35537] ACTIVE
2023-08-28 07:17:23,341 [JvmPauseMonitor8] INFO  util.JvmPauseMonitor (JvmPauseMonitor.java:run(146)) - JvmPauseMonitor-s0: Started
2023-08-28 07:17:23,341 [Time-limited test] DEBUG client.RaftClient (ConfUtils.java:logGet(46)) - raft.rpc.type = NETTY (custom)
2023-08-28 07:17:23,343 [nioEventLoopGroup-28-1] INFO  logging.LoggingHandler (AbstractInternalLogger.java:log(148)) - [id: 0xf107c85b, L:/0.0.0.0:35537] READ: [id: 0x04514816, L:/127.0.0.1:35537 - R:/127.0.0.1:44866]
2023-08-28 07:17:23,344 [nioEventLoopGroup-28-1] INFO  logging.LoggingHandler (AbstractInternalLogger.java:log(148)) - [id: 0xf107c85b, L:/0.0.0.0:35537] READ COMPLETE
2023-08-28 07:17:23,345 [s0-groupManagement] INFO  server.RaftServer$Division (RaftServerImpl.java:<init>(250)) - s0: new RaftServerImpl for group-8CF41188AFBE:[s0|rpc:0.0.0.0:35537|dataStream:|priority:0|startupRole:FOLLOWER] with BaseStateMachine:uninitialized
2023-08-28 07:17:23,345 [s0-groupManagement] INFO  server.RaftServerConfigKeys (ConfUtils.java:logGet(46)) - raft.server.rpc.timeout.min = 1500ms (custom)
2023-08-28 07:17:23,345 [s0-groupManagement] INFO  server.RaftServerConfigKeys (ConfUtils.java:logGet(46)) - raft.server.rpc.timeout.max = 2000ms (custom)
2023-08-28 07:17:23,346 [s0-groupManagement] INFO  server.RaftServerConfigKeys (ConfUtils.java:logGet(46)) - raft.server.rpc.sleep.time = 25ms (default)
2023-08-28 07:17:23,346 [s0-groupManagement] INFO  server.RaftServerConfigKeys (ConfUtils.java:logGet(46)) - raft.server.rpc.slowness.timeout = 60s (default)
2023-08-28 07:17:23,346 [s0-groupManagement] INFO  server.RaftServerConfigKeys (ConfUtils.java:logGet(46)) - raft.server.leaderelection.leader.step-down.wait-time = 10s (default)
2023-08-28 07:17:23,346 [s0-groupManagement] INFO  server.RaftServerConfigKeys (ConfUtils.java:logGet(46)) - raft.server.sleep.deviation.threshold = 300ms (default)
2023-08-28 07:17:23,346 [s0-groupManagement] INFO  server.RaftServer$Division (ServerState.java:<init>(113)) - s0@group-8CF41188AFBE: ConfigurationManager, init=-1: peers:[s0|rpc:0.0.0.0:35537|dataStream:|priority:0|startupRole:FOLLOWER]|listeners:[], old=null, confs=<EMPTY_MAP>
2023-08-28 07:17:23,346 [s0-groupManagement] INFO  server.RaftServerConfigKeys (ConfUtils.java:logGet(46)) - raft.server.notification.no-leader.timeout = 60s (default)
2023-08-28 07:17:23,346 [s0-groupManagement] INFO  server.RaftServerConfigKeys (ConfUtils.java:logGet(46)) - raft.server.read.timeout = 10s (default)
2023-08-28 07:17:23,346 [s0-groupManagement] INFO  server.RaftServerConfigKeys (ConfUtils.java:logGet(46)) - raft.server.retrycache.expirytime = 60s (default)
2023-08-28 07:17:23,346 [s0-groupManagement] INFO  server.RaftServerConfigKeys (ConfUtils.java:logGet(46)) - raft.server.retrycache.statistics.expirytime = 100μs (default)
2023-08-28 07:17:23,346 [nioEventLoopGroup-29-1] INFO  server.RaftServer (RaftServerProxy.java:addNew(99)) - s0: addNew group-8CF41188AFBE:[s0|rpc:0.0.0.0:35537|dataStream:|priority:0|startupRole:FOLLOWER] returns group-8CF41188AFBE:java.util.concurrent.CompletableFuture@5aed4ee5[Not completed]
2023-08-28 07:17:23,346 [s0-groupManagement] INFO  server.RaftServerConfigKeys (ConfUtils.java:logGet(46)) - raft.server.read.option = DEFAULT (default)
2023-08-28 07:17:23,347 [s0-groupManagement] INFO  server.RaftServerConfigKeys (ConfUtils.java:logGet(46)) - raft.server.rpc.request.timeout = 3000ms (default)
2023-08-28 07:17:23,347 [s0-groupManagement] INFO  server.RaftServerConfigKeys (ConfUtils.java:logGet(46)) - raft.server.log.appender.install.snapshot.enabled = true (default)
2023-08-28 07:17:23,347 [s0-groupManagement] INFO  server.RaftServerConfigKeys (ConfUtils.java:logGet(46)) - raft.server.threadpool.server.cached = true (default)
2023-08-28 07:17:23,347 [s0-groupManagement] INFO  server.RaftServerConfigKeys (ConfUtils.java:logGet(46)) - raft.server.threadpool.server.size = 0 (default)
2023-08-28 07:17:23,347 [s0-groupManagement] INFO  server.RaftServerConfigKeys (ConfUtils.java:logGet(46)) - raft.server.threadpool.client.cached = true (default)
2023-08-28 07:17:23,347 [s0-groupManagement] INFO  server.RaftServerConfigKeys (ConfUtils.java:logGet(46)) - raft.server.threadpool.client.size = 0 (default)
2023-08-28 07:17:23,347 [s0-groupManagement] DEBUG server.RaftServer (RaftServerProxy.java:lambda$groupAddAsync$11(505)) - s0: newImpl =      null s0@group-8CF41188AFBE:t0, leader=null, voted=null, raftlog=UNINITIALIZED, conf=-1: peers:[s0|rpc:0.0.0.0:35537|dataStream:|priority:0|startupRole:FOLLOWER]|listeners:[], old=null NEW
2023-08-28 07:17:23,347 [s0-groupManagement] INFO  server.RaftServerConfigKeys (ConfUtils.java:logGet(46)) - raft.server.storage.free-space.min = 0MB (=0) (default)
2023-08-28 07:17:23,347 [s0-groupManagement] INFO  server.RaftServerConfigKeys (ConfUtils.java:logGet(46)) - raft.server.log.corruption.policy = EXCEPTION (default)
2023-08-28 07:17:23,347 [s0-groupManagement] INFO  server.RaftServerConfigKeys (ConfUtils.java:logGet(46)) - raft.server.storage.dir = [/home/runner/work/ratis/ratis/ratis-test/target/test/data/c5bbf9cd/MiniRaftClusterWithNetty1ec2e1f8/s0] (custom)
2023-08-28 07:17:23,347 [s0-groupManagement] INFO  storage.RaftStorageDirectory (RaftStorageDirectoryImpl.java:analyzeStorage(138)) - The storage directory /home/runner/work/ratis/ratis/ratis-test/target/test/data/c5bbf9cd/MiniRaftClusterWithNetty1ec2e1f8/s0/cfee9512-1006-4381-849e-8cf41188afbe does not exist. Creating ...
2023-08-28 07:17:23,347 [s0-groupManagement] TRACE util.FileUtils (LogUtils.java:runAndLog(49)) - Successfully ran Files.createDirectories /home/runner/work/ratis/ratis/ratis-test/target/test/data/c5bbf9cd/MiniRaftClusterWithNetty1ec2e1f8/s0/cfee9512-1006-4381-849e-8cf41188afbe
2023-08-28 07:17:23,353 [s0-groupManagement] INFO  storage.RaftStorageDirectory (RaftStorageDirectoryImpl.java:tryLock(232)) - Lock on /home/runner/work/ratis/ratis/ratis-test/target/test/data/c5bbf9cd/MiniRaftClusterWithNetty1ec2e1f8/s0/cfee9512-1006-4381-849e-8cf41188afbe/in_use.lock acquired by nodename 7908@fv-az1033-516
2023-08-28 07:17:23,353 [s0-groupManagement] TRACE util.FileUtils (LogUtils.java:runAndLog(49)) - Successfully ran Files.createDirectories /home/runner/work/ratis/ratis/ratis-test/target/test/data/c5bbf9cd/MiniRaftClusterWithNetty1ec2e1f8/s0/cfee9512-1006-4381-849e-8cf41188afbe/current
2023-08-28 07:17:23,353 [s0-groupManagement] TRACE util.FileUtils (LogUtils.java:runAndLog(49)) - Successfully ran Files.createDirectories /home/runner/work/ratis/ratis/ratis-test/target/test/data/c5bbf9cd/MiniRaftClusterWithNetty1ec2e1f8/s0/cfee9512-1006-4381-849e-8cf41188afbe/sm
2023-08-28 07:17:23,354 [s0-groupManagement] INFO  storage.RaftStorage (RaftStorageImpl.java:format(97)) - Storage directory /home/runner/work/ratis/ratis/ratis-test/target/test/data/c5bbf9cd/MiniRaftClusterWithNetty1ec2e1f8/s0/cfee9512-1006-4381-849e-8cf41188afbe has been successfully formatted.
2023-08-28 07:17:23,354 [s0-groupManagement] INFO  server.RaftServerConfigKeys (ConfUtils.java:logGet(46)) - raft.server.log.use.memory = false (default)
2023-08-28 07:17:23,354 [s0-groupManagement] INFO  server.RaftServerConfigKeys (ConfUtils.java:logGet(46)) - raft.server.log.purge.gap = 1024 (default)
2023-08-28 07:17:23,354 [s0-groupManagement] INFO  server.RaftServerConfigKeys (ConfUtils.java:logGet(46)) - raft.server.log.appender.buffer.byte-limit = 4MB (=4194304) (default)
2023-08-28 07:17:23,354 [s0-groupManagement] INFO  server.RaftServerConfigKeys (ConfUtils.java:logGet(46)) - raft.server.log.statemachine.data.read.timeout = 1000ms (default)
2023-08-28 07:17:23,355 [s0-groupManagement] INFO  server.RaftServerConfigKeys (ConfUtils.java:logGet(46)) - raft.server.log.purge.preservation.log.num = 0 (default)
2023-08-28 07:17:23,355 [s0-groupManagement] INFO  server.RaftServerConfigKeys (ConfUtils.java:logGet(46)) - raft.server.log.segment.size.max = 8MB (=8388608) (default)
2023-08-28 07:17:23,355 [s0-groupManagement] INFO  server.RaftServerConfigKeys (ConfUtils.java:logGet(46)) - raft.server.log.segment.cache.num.max = 6 (default)
2023-08-28 07:17:23,355 [s0-groupManagement] INFO  server.RaftServerConfigKeys (ConfUtils.java:logGet(46)) - raft.server.log.segment.cache.size.max = 200MB (=209715200) (default)
2023-08-28 07:17:23,355 [s0-groupManagement] INFO  server.RaftServerConfigKeys (ConfUtils.java:logGet(46)) - raft.server.log.appender.buffer.byte-limit = 4MB (=4194304) (default)
2023-08-28 07:17:23,355 [s0-groupManagement] INFO  segmented.SegmentedRaftLogWorker (SegmentedRaftLogWorker.java:<init>(183)) - new s0@group-8CF41188AFBE-SegmentedRaftLogWorker for RaftStorageImpl:Storage Directory /home/runner/work/ratis/ratis/ratis-test/target/test/data/c5bbf9cd/MiniRaftClusterWithNetty1ec2e1f8/s0/cfee9512-1006-4381-849e-8cf41188afbe
2023-08-28 07:17:23,355 [s0-groupManagement] INFO  server.RaftServerConfigKeys (ConfUtils.java:logGet(46)) - raft.server.log.queue.byte-limit = 64MB (=67108864) (default)
2023-08-28 07:17:23,355 [s0-groupManagement] INFO  server.RaftServerConfigKeys (ConfUtils.java:logGet(46)) - raft.server.log.queue.element-limit = 4096 (default)
2023-08-28 07:17:23,355 [s0-groupManagement] INFO  server.RaftServerConfigKeys (ConfUtils.java:logGet(46)) - raft.server.log.segment.size.max = 8MB (=8388608) (default)
2023-08-28 07:17:23,355 [s0-groupManagement] INFO  server.RaftServerConfigKeys (ConfUtils.java:logGet(46)) - raft.server.log.preallocated.size = 4MB (=4194304) (default)
2023-08-28 07:17:23,355 [s0-groupManagement] INFO  server.RaftServerConfigKeys (ConfUtils.java:logGet(46)) - raft.server.log.force.sync.num = 128 (default)
2023-08-28 07:17:23,355 [s0-groupManagement] INFO  server.RaftServerConfigKeys (ConfUtils.java:logGet(46)) - raft.server.log.statemachine.data.sync = true (default)
2023-08-28 07:17:23,355 [s0-groupManagement] INFO  server.RaftServerConfigKeys (ConfUtils.java:logGet(46)) - raft.server.log.statemachine.data.sync.timeout = 10s (default)
2023-08-28 07:17:23,355 [s0-groupManagement] INFO  server.RaftServerConfigKeys (ConfUtils.java:logGet(46)) - raft.server.log.statemachine.data.sync.timeout.retry = -1 (default)
2023-08-28 07:17:23,355 [s0-groupManagement] INFO  server.RaftServerConfigKeys (ConfUtils.java:logGet(46)) - raft.server.log.write.buffer.size = 64KB (=65536) (default)
2023-08-28 07:17:23,356 [s0-groupManagement] INFO  server.RaftServerConfigKeys (ConfUtils.java:logGet(46)) - raft.server.log.appender.buffer.byte-limit = 4MB (=4194304) (default)
2023-08-28 07:17:23,356 [s0-groupManagement] INFO  server.RaftServerConfigKeys (ConfUtils.java:logGet(46)) - raft.server.log.unsafe-flush.enabled = false (default)
2023-08-28 07:17:23,356 [s0-groupManagement] INFO  server.RaftServerConfigKeys (ConfUtils.java:logGet(46)) - raft.server.log.async-flush.enabled = false (default)
2023-08-28 07:17:23,356 [s0-groupManagement] INFO  server.RaftServerConfigKeys (ConfUtils.java:logGet(46)) - raft.server.log.statemachine.data.caching.enabled = false (default)
2023-08-28 07:17:23,356 [s0-groupManagement] INFO  segmented.SegmentedRaftLogWorker (SegmentedRaftLogWorker.java:lambda$new$0(134)) - s0@group-8CF41188AFBE-SegmentedRaftLogWorker: flushIndex: setUnconditionally 0 -> -1
2023-08-28 07:17:23,356 [s0-groupManagement] INFO  segmented.SegmentedRaftLogWorker (SegmentedRaftLogWorker.java:lambda$new$0(134)) - s0@group-8CF41188AFBE-SegmentedRaftLogWorker: safeCacheEvictIndex: setUnconditionally 0 -> -1
2023-08-28 07:17:23,357 [s0-groupManagement] INFO  server.RaftServer$Division (RaftServerImpl.java:start(384)) - s0@group-8CF41188AFBE: start as a follower, conf=-1: peers:[s0|rpc:0.0.0.0:35537|dataStream:|priority:0|startupRole:FOLLOWER]|listeners:[], old=null
2023-08-28 07:17:23,357 [s0-groupManagement] INFO  server.RaftServer$Division (RaftServerImpl.java:setRole(371)) - s0@group-8CF41188AFBE: changes role from      null to FOLLOWER at term 0 for startAsFollower
2023-08-28 07:17:23,357 [s0-groupManagement] INFO  impl.RoleInfo (RoleInfo.java:updateAndGet(138)) - s0: start s0@group-8CF41188AFBE-FollowerState
2023-08-28 07:17:23,357 [s0-groupManagement] INFO  util.JmxRegister (JmxRegister.java:tryRegister(44)) - Successfully registered JMX Bean with object name Ratis:service=RaftServer,group=group-8CF41188AFBE,id=s0
2023-08-28 07:17:23,357 [s0-groupManagement] INFO  server.RaftServerConfigKeys (ConfUtils.java:logGet(46)) - raft.server.snapshot.trigger-when-stop.enabled = true (default)
2023-08-28 07:17:23,357 [s0-groupManagement] INFO  server.RaftServerConfigKeys (ConfUtils.java:logGet(46)) - raft.server.snapshot.auto.trigger.enabled = false (default)
2023-08-28 07:17:23,357 [s0-groupManagement] INFO  server.RaftServerConfigKeys (ConfUtils.java:logGet(46)) - raft.server.snapshot.retention.file.num = -1 (default)
2023-08-28 07:17:23,357 [s0-groupManagement] INFO  server.RaftServerConfigKeys (ConfUtils.java:logGet(46)) - raft.server.log.purge.upto.snapshot.index = false (default)
2023-08-28 07:17:23,358 [s0@group-8CF41188AFBE-FollowerState] INFO  server.RaftServerConfigKeys (ConfUtils.java:logFallback(53)) - raft.server.rpc.first-election.timeout.min = 1500ms (fallback to raft.server.rpc.timeout.min)
2023-08-28 07:17:23,358 [s0@group-8CF41188AFBE-FollowerState] INFO  server.RaftServerConfigKeys (ConfUtils.java:logFallback(53)) - raft.server.rpc.first-election.timeout.max = 2000ms (fallback to raft.server.rpc.timeout.max)
2023-08-28 07:17:23,359 [nioEventLoopGroup-29-1] INFO  server.RaftServer (RaftServerProxy.java:remove(110)) - s0: remove  FOLLOWER s0@group-8CF41188AFBE:t0, leader=null, voted=, raftlog=Memoized:s0@group-8CF41188AFBE-SegmentedRaftLog:OPENED:c-1, conf=-1: peers:[s0|rpc:0.0.0.0:35537|dataStream:|priority:0|startupRole:FOLLOWER]|listeners:[], old=null RUNNING
2023-08-28 07:17:23,359 [nioEventLoopGroup-29-1] INFO  server.RaftServer$Division (RaftServerImpl.java:lambda$close$3(508)) - s0@group-8CF41188AFBE: shutdown
2023-08-28 07:17:23,360 [nioEventLoopGroup-29-1] INFO  util.JmxRegister (JmxRegister.java:unregister(73)) - Successfully un-registered JMX Bean with object name Ratis:service=RaftServer,group=group-8CF41188AFBE,id=s0
2023-08-28 07:17:23,360 [nioEventLoopGroup-29-1] INFO  impl.RoleInfo (RoleInfo.java:shutdownFollowerState(109)) - s0: shutdown s0@group-8CF41188AFBE-FollowerState
2023-08-28 07:17:23,360 [nioEventLoopGroup-29-1] INFO  impl.StateMachineUpdater (StateMachineUpdater.java:stopAndJoin(157)) - s0@group-8CF41188AFBE-StateMachineUpdater: set stopIndex = -1
2023-08-28 07:17:23,360 [s0@group-8CF41188AFBE-FollowerState] INFO  impl.FollowerState (FollowerState.java:run(152)) - s0@group-8CF41188AFBE-FollowerState was interrupted
2023-08-28 07:17:23,362 [nioEventLoopGroup-29-1] INFO  server.RaftServer$Division (ServerState.java:close(415)) - s0@group-8CF41188AFBE: applyIndex: -1
2023-08-28 07:17:24,358 [nioEventLoopGroup-29-1] INFO  segmented.SegmentedRaftLogWorker (SegmentedRaftLogWorker.java:close(242)) - s0@group-8CF41188AFBE-SegmentedRaftLogWorker close()
2023-08-28 07:17:24,359 [nioEventLoopGroup-29-1] INFO  server.RaftServerConfigKeys (ConfUtils.java:logGet(46)) - raft.server.removed.groups.dir = /tmp/groups5793431004506743524 (custom)
2023-08-28 07:17:24,359 [nioEventLoopGroup-29-1] TRACE util.FileUtils (FileUtils.java:moveDirectory(131)) - moveDirectory source: /home/runner/work/ratis/ratis/ratis-test/target/test/data/c5bbf9cd/MiniRaftClusterWithNetty1ec2e1f8/s0/cfee9512-1006-4381-849e-8cf41188afbe dest: /tmp/groups5793431004506743524/cfee9512-1006-4381-849e-8cf41188afbe
2023-08-28 07:17:24,359 [nioEventLoopGroup-29-1] TRACE util.FileUtils (LogUtils.java:runAndLog(49)) - Successfully ran Files.createDirectories /tmp/groups5793431004506743524/cfee9512-1006-4381-849e-8cf41188afbe
2023-08-28 07:17:24,360 [nioEventLoopGroup-29-1] TRACE util.FileUtils (LogUtils.java:runAndLog(49)) - Successfully ran Atomic Files.move /home/runner/work/ratis/ratis/ratis-test/target/test/data/c5bbf9cd/MiniRaftClusterWithNetty1ec2e1f8/s0/cfee9512-1006-4381-849e-8cf41188afbe/in_use.lock to /tmp/groups5793431004506743524/cfee9512-1006-4381-849e-8cf41188afbe/in_use.lock
2023-08-28 07:17:24,360 [nioEventLoopGroup-29-1] TRACE util.FileUtils (LogUtils.java:runAndLog(49)) - Successfully ran Files.createDirectories /tmp/groups5793431004506743524/cfee9512-1006-4381-849e-8cf41188afbe/current
2023-08-28 07:17:24,360 [nioEventLoopGroup-29-1] TRACE util.FileUtils (LogUtils.java:runAndLog(49)) - Successfully ran Atomic Files.move /home/runner/work/ratis/ratis/ratis-test/target/test/data/c5bbf9cd/MiniRaftClusterWithNetty1ec2e1f8/s0/cfee9512-1006-4381-849e-8cf41188afbe/current/raft-meta to /tmp/groups5793431004506743524/cfee9512-1006-4381-849e-8cf41188afbe/current/raft-meta
2023-08-28 07:17:24,361 [nioEventLoopGroup-29-1] TRACE util.FileUtils (LogUtils.java:runAndLog(49)) - Successfully ran Files.createDirectories /tmp/groups5793431004506743524/cfee9512-1006-4381-849e-8cf41188afbe/sm
2023-08-28 07:17:24,361 [nioEventLoopGroup-29-1] TRACE util.FileUtils (LogUtils.java:runAndLog(49)) - Successfully ran Files.delete /home/runner/work/ratis/ratis/ratis-test/target/test/data/c5bbf9cd/MiniRaftClusterWithNetty1ec2e1f8/s0/cfee9512-1006-4381-849e-8cf41188afbe/current
2023-08-28 07:17:24,361 [nioEventLoopGroup-29-1] TRACE util.FileUtils (LogUtils.java:runAndLog(49)) - Successfully ran Files.delete /home/runner/work/ratis/ratis/ratis-test/target/test/data/c5bbf9cd/MiniRaftClusterWithNetty1ec2e1f8/s0/cfee9512-1006-4381-849e-8cf41188afbe/sm
2023-08-28 07:17:24,361 [nioEventLoopGroup-29-1] TRACE util.FileUtils (LogUtils.java:runAndLog(49)) - Successfully ran Files.delete /home/runner/work/ratis/ratis/ratis-test/target/test/data/c5bbf9cd/MiniRaftClusterWithNetty1ec2e1f8/s0/cfee9512-1006-4381-849e-8cf41188afbe
2023-08-28 07:17:24,361 [nioEventLoopGroup-29-1] INFO  server.RaftServer$Division (RaftServerImpl.java:groupRemove(497)) - s0@group-8CF41188AFBE: Group group-8CF41188AFBE:[s0|rpc:0.0.0.0:35537|dataStream:|priority:0|startupRole:FOLLOWER] is renamed successfully
2023-08-28 07:17:24,362 [Time-limited test] INFO  impl.MiniRaftCluster (MiniRaftCluster.java:shutdown(831)) - ************************************************************** 
2023-08-28 07:17:24,362 [Time-limited test] INFO  impl.MiniRaftCluster (MiniRaftCluster.java:shutdown(832)) - *** 
2023-08-28 07:17:24,362 [Time-limited test] INFO  impl.MiniRaftCluster (MiniRaftCluster.java:shutdown(833)) - ***     Stopping MiniRaftClusterWithNetty
2023-08-28 07:17:24,362 [Time-limited test] INFO  impl.MiniRaftCluster (MiniRaftCluster.java:shutdown(834)) - *** 
2023-08-28 07:17:24,362 [Time-limited test] INFO  impl.MiniRaftCluster (MiniRaftCluster.java:shutdown(835)) - ************************************************************** 
2023-08-28 07:17:24,362 [Time-limited test] INFO  impl.MiniRaftCluster (MiniRaftCluster.java:shutdown(836)) - printing ALL groups
  s0:  RUNNING  FOLLOWER s0@group-C4418FE7815B:t0, leader=null, voted=, raftlog=Memoized:s0@group-C4418FE7815B-SegmentedRaftLog:OPENED:c-1, conf=-1: peers:[s0|rpc:localhost:35537|admin:localhost:46411|client:localhost:46723|dataStream:localhost:35071|priority:0|startupRole:FOLLOWER]|listeners:[], old=null RUNNING
2023-08-28 07:17:24,363 [MiniRaftCluster-6] INFO  server.RaftServer (RaftServerProxy.java:lambda$close$7(420)) - s0: close
2023-08-28 07:17:24,363 [s0-impl-thread1] INFO  server.RaftServer$Division (RaftServerImpl.java:lambda$close$3(508)) - s0@group-C4418FE7815B: shutdown
2023-08-28 07:17:24,363 [s0-impl-thread1] INFO  util.JmxRegister (JmxRegister.java:unregister(73)) - Successfully un-registered JMX Bean with object name Ratis:service=RaftServer,group=group-C4418FE7815B,id=s0
2023-08-28 07:17:24,363 [s0-impl-thread1] INFO  impl.RoleInfo (RoleInfo.java:shutdownFollowerState(109)) - s0: shutdown s0@group-C4418FE7815B-FollowerState
2023-08-28 07:17:24,363 [s0-impl-thread1] INFO  impl.StateMachineUpdater (StateMachineUpdater.java:stopAndJoin(157)) - s0@group-C4418FE7815B-StateMachineUpdater: set stopIndex = -1
2023-08-28 07:17:24,363 [s0@group-C4418FE7815B-FollowerState] INFO  impl.FollowerState (FollowerState.java:run(152)) - s0@group-C4418FE7815B-FollowerState was interrupted
2023-08-28 07:17:24,363 [nioEventLoopGroup-28-1] INFO  logging.LoggingHandler (AbstractInternalLogger.java:log(148)) - [id: 0xf107c85b, L:/0.0.0.0:35537] CLOSE
2023-08-28 07:17:24,363 [nioEventLoopGroup-28-1] INFO  logging.LoggingHandler (AbstractInternalLogger.java:log(148)) - [id: 0xf107c85b, L:/0.0.0.0:35537] INACTIVE
2023-08-28 07:17:24,363 [nioEventLoopGroup-28-1] INFO  logging.LoggingHandler (AbstractInternalLogger.java:log(148)) - [id: 0xf107c85b, L:/0.0.0.0:35537] UNREGISTERED
2023-08-28 07:17:24,364 [s0-impl-thread1] INFO  server.RaftServer$Division (ServerState.java:close(415)) - s0@group-C4418FE7815B: applyIndex: -1
2023-08-28 07:17:25,331 [s0-impl-thread1] INFO  segmented.SegmentedRaftLogWorker (SegmentedRaftLogWorker.java:close(242)) - s0@group-C4418FE7815B-SegmentedRaftLogWorker close()
2023-08-28 07:17:25,332 [JvmPauseMonitor8] INFO  util.JvmPauseMonitor (JvmPauseMonitor.java:run(152)) - JvmPauseMonitor-s0: Stopped
2023-08-28 07:17:25,332 [Time-limited test] INFO  impl.MiniRaftCluster (MiniRaftCluster.java:shutdown(855)) - MiniRaftClusterWithNetty shutdown completed
2023-08-28 07:17:25,332 [Time-limited test] INFO  impl.MiniRaftCluster (MiniRaftCluster.java:newRaftServer(382)) - newRaftServer: s0, group-C4418FE7815B:[s0|rpc:localhost:35537|admin:localhost:46411|client:localhost:46723|dataStream:localhost:35071|priority:0|startupRole:FOLLOWER], format? false
2023-08-28 07:17:25,333 [Time-limited test] DEBUG server.RaftServer (ServerImplUtils.java:newRaftServer(51)) - newRaftServer: s0, group-C4418FE7815B:[s0|rpc:localhost:35537|admin:localhost:46411|client:localhost:46723|dataStream:localhost:35071|priority:0|startupRole:FOLLOWER]
2023-08-28 07:17:25,333 [Time-limited test] INFO  server.RaftServer (ConfUtils.java:logGet(46)) - raft.rpc.type = NETTY (custom)
2023-08-28 07:17:25,333 [Time-limited test] INFO  netty.NettyConfigKeys$Server (ConfUtils.java:logGet(46)) - raft.netty.server.host = null (default)
2023-08-28 07:17:25,333 [Time-limited test] INFO  netty.NettyConfigKeys$Server (ConfUtils.java:logGet(46)) - raft.netty.server.port = 35537 (custom)
2023-08-28 07:17:25,334 [Time-limited test] INFO  impl.DataStreamServerImpl (ConfUtils.java:logGet(46)) - raft.datastream.type = DISABLED (default)
2023-08-28 07:17:25,334 [Time-limited test] INFO  server.RaftServerConfigKeys (ConfUtils.java:logGet(46)) - raft.server.threadpool.proxy.cached = true (default)
2023-08-28 07:17:25,334 [Time-limited test] INFO  server.RaftServerConfigKeys (ConfUtils.java:logGet(46)) - raft.server.threadpool.proxy.size = 0 (default)
2023-08-28 07:17:25,334 [Time-limited test] INFO  server.RaftServerConfigKeys (ConfUtils.java:logGet(46)) - raft.server.sleep.deviation.threshold = 300ms (default)
2023-08-28 07:17:25,334 [Time-limited test] INFO  server.RaftServerConfigKeys (ConfUtils.java:logGet(46)) - raft.server.rpc.slowness.timeout = 60s (default)
2023-08-28 07:17:25,334 [Time-limited test] INFO  server.RaftServerConfigKeys (ConfUtils.java:logGet(46)) - raft.server.leaderelection.leader.step-down.wait-time = 10s (default)
2023-08-28 07:17:25,334 [Time-limited test] INFO  server.RaftServerConfigKeys (ConfUtils.java:logGet(46)) - raft.server.storage.dir = [/home/runner/work/ratis/ratis/ratis-test/target/test/data/c5bbf9cd/MiniRaftClusterWithNetty1ec2e1f8/s0] (custom)
2023-08-28 07:17:25,334 [s0-impl-thread1] INFO  server.RaftServer (RaftServerProxy.java:initGroupDir(262)) - s0: found a subdirectory /home/runner/work/ratis/ratis/ratis-test/target/test/data/c5bbf9cd/MiniRaftClusterWithNetty1ec2e1f8/s0/05ed146a-eea5-4777-8a6c-c4418fe7815b
2023-08-28 07:17:25,335 [Time-limited test] INFO  server.RaftServer (RaftServerProxy.java:addNew(99)) - s0: addNew group-C4418FE7815B:[s0|rpc:localhost:35537|admin:localhost:46411|client:localhost:46723|dataStream:localhost:35071|priority:0|startupRole:FOLLOWER] returns group-C4418FE7815B:java.util.concurrent.CompletableFuture@2b7a84b8[Not completed]
2023-08-28 07:17:25,335 [Time-limited test] INFO  impl.MiniRaftCluster (MiniRaftCluster.java:start(339)) - .............................................................. 
2023-08-28 07:17:25,335 [Time-limited test] INFO  impl.MiniRaftCluster (MiniRaftCluster.java:start(340)) - ... 
2023-08-28 07:17:25,335 [Time-limited test] INFO  impl.MiniRaftCluster (MiniRaftCluster.java:start(341)) - ...     Starting MiniRaftClusterWithNetty
2023-08-28 07:17:25,335 [Time-limited test] INFO  impl.MiniRaftCluster (MiniRaftCluster.java:start(342)) - ... 
2023-08-28 07:17:25,335 [Time-limited test] INFO  impl.MiniRaftCluster (MiniRaftCluster.java:start(343)) - .............................................................. 
2023-08-28 07:17:25,335 [s0-groupManagement] INFO  server.RaftServer$Division (RaftServerImpl.java:<init>(250)) - s0: new RaftServerImpl for group-C4418FE7815B:[s0|rpc:localhost:35537|admin:localhost:46411|client:localhost:46723|dataStream:localhost:35071|priority:0|startupRole:FOLLOWER] with BaseStateMachine:uninitialized
2023-08-28 07:17:25,335 [Time-limited test] INFO  impl.MiniRaftCluster (MiniRaftCluster.java:initServers(318)) - servers = {s0=s0:      NEW group-C4418FE7815B:java.util.concurrent.CompletableFuture@2b7a84b8[Not completed]}
2023-08-28 07:17:25,335 [s0-groupManagement] INFO  server.RaftServerConfigKeys (ConfUtils.java:logGet(46)) - raft.server.rpc.timeout.min = 1500ms (custom)
2023-08-28 07:17:25,335 [s0-groupManagement] INFO  server.RaftServerConfigKeys (ConfUtils.java:logGet(46)) - raft.server.rpc.timeout.max = 2000ms (custom)
2023-08-28 07:17:25,335 [s0-groupManagement] INFO  server.RaftServerConfigKeys (ConfUtils.java:logGet(46)) - raft.server.rpc.sleep.time = 25ms (default)
2023-08-28 07:17:25,335 [s0-groupManagement] INFO  server.RaftServerConfigKeys (ConfUtils.java:logGet(46)) - raft.server.rpc.slowness.timeout = 60s (default)
2023-08-28 07:17:25,335 [s0-groupManagement] INFO  server.RaftServerConfigKeys (ConfUtils.java:logGet(46)) - raft.server.leaderelection.leader.step-down.wait-time = 10s (default)
2023-08-28 07:17:25,335 [s0-groupManagement] INFO  server.RaftServerConfigKeys (ConfUtils.java:logGet(46)) - raft.server.sleep.deviation.threshold = 300ms (default)
2023-08-28 07:17:25,335 [s0-groupManagement] INFO  server.RaftServer$Division (ServerState.java:<init>(113)) - s0@group-C4418FE7815B: ConfigurationManager, init=-1: peers:[s0|rpc:localhost:35537|admin:localhost:46411|client:localhost:46723|dataStream:localhost:35071|priority:0|startupRole:FOLLOWER]|listeners:[], old=null, confs=<EMPTY_MAP>
2023-08-28 07:17:25,335 [s0-groupManagement] INFO  server.RaftServerConfigKeys (ConfUtils.java:logGet(46)) - raft.server.notification.no-leader.timeout = 60s (default)
2023-08-28 07:17:25,335 [s0-groupManagement] INFO  server.RaftServerConfigKeys (ConfUtils.java:logGet(46)) - raft.server.read.timeout = 10s (default)
2023-08-28 07:17:25,335 [s0-groupManagement] INFO  server.RaftServerConfigKeys (ConfUtils.java:logGet(46)) - raft.server.retrycache.expirytime = 60s (default)
2023-08-28 07:17:25,335 [s0-groupManagement] INFO  server.RaftServerConfigKeys (ConfUtils.java:logGet(46)) - raft.server.retrycache.statistics.expirytime = 100μs (default)
2023-08-28 07:17:25,335 [s0-groupManagement] INFO  server.RaftServerConfigKeys (ConfUtils.java:logGet(46)) - raft.server.read.option = DEFAULT (default)
2023-08-28 07:17:25,336 [s0-groupManagement] INFO  server.RaftServerConfigKeys (ConfUtils.java:logGet(46)) - raft.server.rpc.request.timeout = 3000ms (default)
2023-08-28 07:17:25,336 [s0-groupManagement] INFO  server.RaftServerConfigKeys (ConfUtils.java:logGet(46)) - raft.server.log.appender.install.snapshot.enabled = true (default)
2023-08-28 07:17:25,336 [s0-groupManagement] INFO  server.RaftServerConfigKeys (ConfUtils.java:logGet(46)) - raft.server.threadpool.server.cached = true (default)
2023-08-28 07:17:25,336 [s0-groupManagement] INFO  server.RaftServerConfigKeys (ConfUtils.java:logGet(46)) - raft.server.threadpool.server.size = 0 (default)
2023-08-28 07:17:25,336 [s0-groupManagement] INFO  server.RaftServerConfigKeys (ConfUtils.java:logGet(46)) - raft.server.threadpool.client.cached = true (default)
2023-08-28 07:17:25,336 [s0-groupManagement] INFO  server.RaftServerConfigKeys (ConfUtils.java:logGet(46)) - raft.server.threadpool.client.size = 0 (default)
2023-08-28 07:17:25,336 [s0-impl-thread1] INFO  server.RaftServerConfigKeys (ConfUtils.java:logGet(46)) - raft.server.storage.free-space.min = 0MB (=0) (default)
2023-08-28 07:17:25,336 [s0-impl-thread1] INFO  server.RaftServerConfigKeys (ConfUtils.java:logGet(46)) - raft.server.log.corruption.policy = EXCEPTION (default)
2023-08-28 07:17:25,336 [s0-impl-thread1] INFO  server.RaftServerConfigKeys (ConfUtils.java:logGet(46)) - raft.server.storage.dir = [/home/runner/work/ratis/ratis/ratis-test/target/test/data/c5bbf9cd/MiniRaftClusterWithNetty1ec2e1f8/s0] (custom)
2023-08-28 07:17:25,338 [s0-impl-thread1] INFO  storage.RaftStorageDirectory (RaftStorageDirectoryImpl.java:tryLock(232)) - Lock on /home/runner/work/ratis/ratis/ratis-test/target/test/data/c5bbf9cd/MiniRaftClusterWithNetty1ec2e1f8/s0/05ed146a-eea5-4777-8a6c-c4418fe7815b/in_use.lock acquired by nodename 7908@fv-az1033-516
2023-08-28 07:17:25,338 [s0-impl-thread1] INFO  storage.RaftStorage (RaftStorageImpl.java:analyzeAndRecoverStorage(117)) - Read RaftStorageMetadata{term=0, votedFor=} from /home/runner/work/ratis/ratis/ratis-test/target/test/data/c5bbf9cd/MiniRaftClusterWithNetty1ec2e1f8/s0/05ed146a-eea5-4777-8a6c-c4418fe7815b/current/raft-meta
2023-08-28 07:17:25,338 [s0-impl-thread1] INFO  server.RaftServerConfigKeys (ConfUtils.java:logGet(46)) - raft.server.log.use.memory = false (default)
2023-08-28 07:17:25,339 [s0-impl-thread1] INFO  server.RaftServerConfigKeys (ConfUtils.java:logGet(46)) - raft.server.log.purge.gap = 1024 (default)
2023-08-28 07:17:25,339 [s0-impl-thread1] INFO  server.RaftServerConfigKeys (ConfUtils.java:logGet(46)) - raft.server.log.appender.buffer.byte-limit = 4MB (=4194304) (default)
2023-08-28 07:17:25,339 [s0-impl-thread1] INFO  server.RaftServerConfigKeys (ConfUtils.java:logGet(46)) - raft.server.log.statemachine.data.read.timeout = 1000ms (default)
2023-08-28 07:17:25,339 [s0-impl-thread1] INFO  server.RaftServerConfigKeys (ConfUtils.java:logGet(46)) - raft.server.log.purge.preservation.log.num = 0 (default)
2023-08-28 07:17:25,339 [s0-impl-thread1] INFO  server.RaftServerConfigKeys (ConfUtils.java:logGet(46)) - raft.server.log.segment.size.max = 8MB (=8388608) (default)
2023-08-28 07:17:25,339 [s0-impl-thread1] INFO  server.RaftServerConfigKeys (ConfUtils.java:logGet(46)) - raft.server.log.segment.cache.num.max = 6 (default)
2023-08-28 07:17:25,339 [s0-impl-thread1] INFO  server.RaftServerConfigKeys (ConfUtils.java:logGet(46)) - raft.server.log.segment.cache.size.max = 200MB (=209715200) (default)
2023-08-28 07:17:25,339 [s0-impl-thread1] INFO  server.RaftServerConfigKeys (ConfUtils.java:logGet(46)) - raft.server.log.appender.buffer.byte-limit = 4MB (=4194304) (default)
2023-08-28 07:17:25,339 [s0-impl-thread1] INFO  segmented.SegmentedRaftLogWorker (SegmentedRaftLogWorker.java:<init>(183)) - new s0@group-C4418FE7815B-SegmentedRaftLogWorker for RaftStorageImpl:Storage Directory /home/runner/work/ratis/ratis/ratis-test/target/test/data/c5bbf9cd/MiniRaftClusterWithNetty1ec2e1f8/s0/05ed146a-eea5-4777-8a6c-c4418fe7815b
2023-08-28 07:17:25,339 [s0-impl-thread1] INFO  server.RaftServerConfigKeys (ConfUtils.java:logGet(46)) - raft.server.log.queue.byte-limit = 64MB (=67108864) (default)
2023-08-28 07:17:25,339 [s0-impl-thread1] INFO  server.RaftServerConfigKeys (ConfUtils.java:logGet(46)) - raft.server.log.queue.element-limit = 4096 (default)
2023-08-28 07:17:25,339 [s0-impl-thread1] INFO  server.RaftServerConfigKeys (ConfUtils.java:logGet(46)) - raft.server.log.segment.size.max = 8MB (=8388608) (default)
2023-08-28 07:17:25,339 [s0-impl-thread1] INFO  server.RaftServerConfigKeys (ConfUtils.java:logGet(46)) - raft.server.log.preallocated.size = 4MB (=4194304) (default)
2023-08-28 07:17:25,339 [s0-impl-thread1] INFO  server.RaftServerConfigKeys (ConfUtils.java:logGet(46)) - raft.server.log.force.sync.num = 128 (default)
2023-08-28 07:17:25,339 [s0-impl-thread1] INFO  server.RaftServerConfigKeys (ConfUtils.java:logGet(46)) - raft.server.log.statemachine.data.sync = true (default)
2023-08-28 07:17:25,339 [s0-impl-thread1] INFO  server.RaftServerConfigKeys (ConfUtils.java:logGet(46)) - raft.server.log.statemachine.data.sync.timeout = 10s (default)
2023-08-28 07:17:25,339 [s0-impl-thread1] INFO  server.RaftServerConfigKeys (ConfUtils.java:logGet(46)) - raft.server.log.statemachine.data.sync.timeout.retry = -1 (default)
2023-08-28 07:17:25,339 [s0-impl-thread1] INFO  server.RaftServerConfigKeys (ConfUtils.java:logGet(46)) - raft.server.log.write.buffer.size = 64KB (=65536) (default)
2023-08-28 07:17:25,340 [s0-impl-thread1] INFO  server.RaftServerConfigKeys (ConfUtils.java:logGet(46)) - raft.server.log.appender.buffer.byte-limit = 4MB (=4194304) (default)
2023-08-28 07:17:25,340 [s0-impl-thread1] INFO  server.RaftServerConfigKeys (ConfUtils.java:logGet(46)) - raft.server.log.unsafe-flush.enabled = false (default)
2023-08-28 07:17:25,340 [s0-impl-thread1] INFO  server.RaftServerConfigKeys (ConfUtils.java:logGet(46)) - raft.server.log.async-flush.enabled = false (default)
2023-08-28 07:17:25,340 [s0-impl-thread1] INFO  server.RaftServerConfigKeys (ConfUtils.java:logGet(46)) - raft.server.log.statemachine.data.caching.enabled = false (default)
2023-08-28 07:17:25,340 [s0-impl-thread1] INFO  segmented.SegmentedRaftLogWorker (SegmentedRaftLogWorker.java:lambda$new$0(134)) - s0@group-C4418FE7815B-SegmentedRaftLogWorker: flushIndex: setUnconditionally 0 -> -1
2023-08-28 07:17:25,340 [s0-impl-thread1] INFO  segmented.SegmentedRaftLogWorker (SegmentedRaftLogWorker.java:lambda$new$0(134)) - s0@group-C4418FE7815B-SegmentedRaftLogWorker: safeCacheEvictIndex: setUnconditionally 0 -> -1
2023-08-28 07:17:25,340 [s0-impl-thread1] INFO  server.RaftServer$Division (RaftServerImpl.java:start(384)) - s0@group-C4418FE7815B: start as a follower, conf=-1: peers:[s0|rpc:localhost:35537|admin:localhost:46411|client:localhost:46723|dataStream:localhost:35071|priority:0|startupRole:FOLLOWER]|listeners:[], old=null
2023-08-28 07:17:25,340 [s0-impl-thread1] INFO  server.RaftServer$Division (RaftServerImpl.java:setRole(371)) - s0@group-C4418FE7815B: changes role from      null to FOLLOWER at term 0 for startAsFollower
2023-08-28 07:17:25,340 [s0-impl-thread1] INFO  impl.RoleInfo (RoleInfo.java:updateAndGet(138)) - s0: start s0@group-C4418FE7815B-FollowerState
2023-08-28 07:17:25,341 [s0-impl-thread1] INFO  util.JmxRegister (JmxRegister.java:tryRegister(44)) - Successfully registered JMX Bean with object name Ratis:service=RaftServer,group=group-C4418FE7815B,id=s0
2023-08-28 07:17:25,341 [s0-impl-thread1] INFO  server.RaftServerConfigKeys (ConfUtils.java:logGet(46)) - raft.server.snapshot.trigger-when-stop.enabled = true (default)
2023-08-28 07:17:25,341 [s0@group-C4418FE7815B-FollowerState] INFO  server.RaftServerConfigKeys (ConfUtils.java:logFallback(53)) - raft.server.rpc.first-election.timeout.min = 1500ms (fallback to raft.server.rpc.timeout.min)
2023-08-28 07:17:25,341 [s0-impl-thread1] INFO  server.RaftServerConfigKeys (ConfUtils.java:logGet(46)) - raft.server.snapshot.auto.trigger.enabled = false (default)
2023-08-28 07:17:25,341 [s0@group-C4418FE7815B-FollowerState] INFO  server.RaftServerConfigKeys (ConfUtils.java:logFallback(53)) - raft.server.rpc.first-election.timeout.max = 2000ms (fallback to raft.server.rpc.timeout.max)
2023-08-28 07:17:25,341 [s0-impl-thread1] INFO  server.RaftServerConfigKeys (ConfUtils.java:logGet(46)) - raft.server.snapshot.retention.file.num = -1 (default)
2023-08-28 07:17:25,342 [s0-impl-thread1] INFO  server.RaftServerConfigKeys (ConfUtils.java:logGet(46)) - raft.server.log.purge.upto.snapshot.index = false (default)
2023-08-28 07:17:25,343 [Time-limited test] INFO  server.RaftServer (RaftServerProxy.java:startImpl(404)) - s0: start RPC server
2023-08-28 07:17:25,344 [nioEventLoopGroup-32-1] INFO  logging.LoggingHandler (AbstractInternalLogger.java:log(148)) - [id: 0xf973dd47] REGISTERED
2023-08-28 07:17:25,344 [nioEventLoopGroup-32-1] INFO  logging.LoggingHandler (AbstractInternalLogger.java:log(148)) - [id: 0xf973dd47] BIND: 0.0.0.0/0.0.0.0:35537
2023-08-28 07:17:25,344 [nioEventLoopGroup-32-1] INFO  logging.LoggingHandler (AbstractInternalLogger.java:log(148)) - [id: 0xf973dd47, L:/0.0.0.0:35537] ACTIVE
2023-08-28 07:17:25,347 [JvmPauseMonitor9] INFO  util.JvmPauseMonitor (JvmPauseMonitor.java:run(146)) - JvmPauseMonitor-s0: Started
2023-08-28 07:17:25,347 [Time-limited test] INFO  server.RaftServerConfigKeys (ConfUtils.java:logGet(46)) - raft.server.removed.groups.dir = /tmp/groups5793431004506743524 (custom)
2023-08-28 07:17:25,347 [Time-limited test] INFO  impl.MiniRaftCluster (MiniRaftCluster.java:shutdown(831)) - ************************************************************** 
2023-08-28 07:17:25,347 [Time-limited test] INFO  impl.MiniRaftCluster (MiniRaftCluster.java:shutdown(832)) - *** 
2023-08-28 07:17:25,347 [Time-limited test] INFO  impl.MiniRaftCluster (MiniRaftCluster.java:shutdown(833)) - ***     Stopping MiniRaftClusterWithNetty
2023-08-28 07:17:25,347 [Time-limited test] INFO  impl.MiniRaftCluster (MiniRaftCluster.java:shutdown(834)) - *** 
2023-08-28 07:17:25,347 [Time-limited test] INFO  impl.MiniRaftCluster (MiniRaftCluster.java:shutdown(835)) - ************************************************************** 
2023-08-28 07:17:25,347 [Time-limited test] INFO  impl.MiniRaftCluster (MiniRaftCluster.java:shutdown(836)) - printing ALL groups
  s0:  RUNNING  FOLLOWER s0@group-C4418FE7815B:t0, leader=null, voted=, raftlog=Memoized:s0@group-C4418FE7815B-SegmentedRaftLog:OPENED:c-1, conf=-1: peers:[s0|rpc:localhost:35537|admin:localhost:46411|client:localhost:46723|dataStream:localhost:35071|priority:0|startupRole:FOLLOWER]|listeners:[], old=null RUNNING
2023-08-28 07:17:25,347 [MiniRaftCluster-7] INFO  server.RaftServer (RaftServerProxy.java:lambda$close$7(420)) - s0: close
2023-08-28 07:17:25,348 [s0-impl-thread1] INFO  server.RaftServer$Division (RaftServerImpl.java:lambda$close$3(508)) - s0@group-C4418FE7815B: shutdown
2023-08-28 07:17:25,348 [s0-impl-thread1] INFO  util.JmxRegister (JmxRegister.java:unregister(73)) - Successfully un-registered JMX Bean with object name Ratis:service=RaftServer,group=group-C4418FE7815B,id=s0
2023-08-28 07:17:25,348 [s0-impl-thread1] INFO  impl.RoleInfo (RoleInfo.java:shutdownFollowerState(109)) - s0: shutdown s0@group-C4418FE7815B-FollowerState
2023-08-28 07:17:25,348 [s0-impl-thread1] INFO  impl.StateMachineUpdater (StateMachineUpdater.java:stopAndJoin(157)) - s0@group-C4418FE7815B-StateMachineUpdater: set stopIndex = -1
2023-08-28 07:17:25,348 [s0@group-C4418FE7815B-FollowerState] INFO  impl.FollowerState (FollowerState.java:run(152)) - s0@group-C4418FE7815B-FollowerState was interrupted
2023-08-28 07:17:25,354 [s0-impl-thread1] INFO  server.RaftServer$Division (ServerState.java:close(415)) - s0@group-C4418FE7815B: applyIndex: -1
2023-08-28 07:17:25,354 [nioEventLoopGroup-32-1] INFO  logging.LoggingHandler (AbstractInternalLogger.java:log(148)) - [id: 0xf973dd47, L:/0.0.0.0:35537] CLOSE
2023-08-28 07:17:25,354 [nioEventLoopGroup-32-1] INFO  logging.LoggingHandler (AbstractInternalLogger.java:log(148)) - [id: 0xf973dd47, L:/0.0.0.0:35537] INACTIVE
2023-08-28 07:17:25,354 [nioEventLoopGroup-32-1] INFO  logging.LoggingHandler (AbstractInternalLogger.java:log(148)) - [id: 0xf973dd47, L:/0.0.0.0:35537] UNREGISTERED
2023-08-28 07:17:26,341 [s0-impl-thread1] INFO  segmented.SegmentedRaftLogWorker (SegmentedRaftLogWorker.java:close(242)) - s0@group-C4418FE7815B-SegmentedRaftLogWorker close()
2023-08-28 07:17:26,341 [JvmPauseMonitor9] INFO  util.JvmPauseMonitor (JvmPauseMonitor.java:run(152)) - JvmPauseMonitor-s0: Stopped
2023-08-28 07:17:26,342 [Time-limited test] INFO  impl.MiniRaftCluster (MiniRaftCluster.java:shutdown(855)) - MiniRaftClusterWithNetty shutdown completed
2023-08-28 07:17:26,342 [Time-limited test] INFO  server.RaftServerConfigKeys (ConfUtils.java:logGet(46)) - raft.server.removed.groups.dir = /tmp/groups5793431004506743524 (custom)
2023-08-28 07:17:26,342 [Time-limited test] TRACE util.FileUtils (FileUtils.java:deleteFully(201)) - deleteFully /tmp/groups5793431004506743524
2023-08-28 07:17:26,342 [Time-limited test] TRACE util.FileUtils (LogUtils.java:runAndLog(49)) - Successfully ran Files.delete /tmp/groups5793431004506743524/cfee9512-1006-4381-849e-8cf41188afbe/in_use.lock
2023-08-28 07:17:26,342 [Time-limited test] TRACE util.FileUtils (LogUtils.java:runAndLog(49)) - Successfully ran Files.delete /tmp/groups5793431004506743524/cfee9512-1006-4381-849e-8cf41188afbe/current/raft-meta
2023-08-28 07:17:26,343 [Time-limited test] TRACE util.FileUtils (LogUtils.java:runAndLog(49)) - Successfully ran Files.delete /tmp/groups5793431004506743524/cfee9512-1006-4381-849e-8cf41188afbe/current
2023-08-28 07:17:26,343 [Time-limited test] TRACE util.FileUtils (LogUtils.java:runAndLog(49)) - Successfully ran Files.delete /tmp/groups5793431004506743524/cfee9512-1006-4381-849e-8cf41188afbe/sm
2023-08-28 07:17:26,343 [Time-limited test] TRACE util.FileUtils (LogUtils.java:runAndLog(49)) - Successfully ran Files.delete /tmp/groups5793431004506743524/cfee9512-1006-4381-849e-8cf41188afbe
2023-08-28 07:17:26,343 [Time-limited test] TRACE util.FileUtils (LogUtils.java:runAndLog(49)) - Successfully ran Files.delete /tmp/groups5793431004506743524
]]></system-out>
  </testcase>
  <testcase name="testMultiGroup5Nodes" classname="org.apache.ratis.netty.TestGroupManagementWithNetty" time="14.03">
    <system-out><![CDATA[2023-08-28 07:17:26,346 [main] INFO  util.LogUtils (Slf4jUtils.java:setLogLevel(38)) - Successfully set org.apache.ratis.conf.ConfUtils log level to WARN
2023-08-28 07:17:26,347 [main] INFO  util.LogUtils (Slf4jUtils.java:setLogLevel(38)) - Successfully set org.apache.ratis.util.FileUtils log level to TRACE
2023-08-28 07:17:26,347 [main] INFO  util.LogUtils (Slf4jUtils.java:setLogLevel(38)) - Successfully set org.apache.ratis.server.RaftServer log level to DEBUG
2023-08-28 07:17:26,347 [main] INFO  util.LogUtils (Slf4jUtils.java:setLogLevel(38)) - Successfully set org.apache.ratis.server.RaftServer$Division log level to DEBUG
2023-08-28 07:17:26,347 [main] INFO  util.LogUtils (Slf4jUtils.java:setLogLevel(38)) - Successfully set org.apache.ratis.client.RaftClient log level to DEBUG
| null | init | 20 |
2023-08-28 07:17:26,351 [Time-limited test] INFO  impl.MiniRaftCluster (MiniRaftCluster.java:<init>(306)) - new MiniRaftClusterWithNetty with group-439A96E27B3B:[]
2023-08-28 07:17:26,351 [Time-limited test] INFO  impl.GroupManagementBaseTest (GroupManagementBaseTest.java:runMultiGroupTest(251)) - 

runMultiGroupTest with MiniRaftClusterWithNetty[3, 4, 5]chosen=0: printing ALL groups
2023-08-28 07:17:26,351 [Time-limited test] INFO  impl.GroupManagementBaseTest (GroupManagementBaseTest.java:runMultiGroupTest(258)) - ids: [s0, s1, s2, s3, s4]
2023-08-28 07:17:26,352 [Time-limited test] INFO  impl.MiniRaftCluster (MiniRaftCluster.java:newRaftServer(382)) - newRaftServer: s0, group-439A96E27B3B:[], format? true
2023-08-28 07:17:26,352 [Time-limited test] TRACE util.FileUtils (FileUtils.java:deleteFully(201)) - deleteFully target/test/data/c5bbf9cd/MiniRaftClusterWithNettyaf9953c4/s0
2023-08-28 07:17:26,352 [Time-limited test] TRACE util.FileUtils (FileUtils.java:deleteFully(217)) - deleteFully: target/test/data/c5bbf9cd/MiniRaftClusterWithNettyaf9953c4/s0 does not exist.
2023-08-28 07:17:26,352 [Time-limited test] INFO  impl.MiniRaftCluster (MiniRaftCluster.java:newRaftServer(387)) - Formatted directory target/test/data/c5bbf9cd/MiniRaftClusterWithNettyaf9953c4/s0
2023-08-28 07:17:26,352 [Time-limited test] DEBUG server.RaftServer (ServerImplUtils.java:newRaftServer(51)) - newRaftServer: s0, group-439A96E27B3B:[]
2023-08-28 07:17:26,352 [Time-limited test] INFO  server.RaftServer (ConfUtils.java:logGet(46)) - raft.rpc.type = NETTY (custom)
2023-08-28 07:17:26,353 [Time-limited test] INFO  netty.NettyConfigKeys$Server (ConfUtils.java:logGet(46)) - raft.netty.server.host = null (default)
2023-08-28 07:17:26,353 [Time-limited test] INFO  netty.NettyConfigKeys$Server (ConfUtils.java:logGet(46)) - raft.netty.server.port = 33275 (custom)
2023-08-28 07:17:26,353 [Time-limited test] INFO  impl.DataStreamServerImpl (ConfUtils.java:logGet(46)) - raft.datastream.type = DISABLED (default)
2023-08-28 07:17:26,353 [Time-limited test] INFO  server.RaftServerConfigKeys (ConfUtils.java:logGet(46)) - raft.server.threadpool.proxy.cached = true (default)
2023-08-28 07:17:26,353 [Time-limited test] INFO  server.RaftServerConfigKeys (ConfUtils.java:logGet(46)) - raft.server.threadpool.proxy.size = 0 (default)
2023-08-28 07:17:26,353 [Time-limited test] INFO  server.RaftServerConfigKeys (ConfUtils.java:logGet(46)) - raft.server.sleep.deviation.threshold = 300ms (default)
2023-08-28 07:17:26,353 [Time-limited test] INFO  server.RaftServerConfigKeys (ConfUtils.java:logGet(46)) - raft.server.rpc.slowness.timeout = 60s (default)
2023-08-28 07:17:26,353 [Time-limited test] INFO  server.RaftServerConfigKeys (ConfUtils.java:logGet(46)) - raft.server.leaderelection.leader.step-down.wait-time = 10s (default)
2023-08-28 07:17:26,353 [Time-limited test] INFO  server.RaftServerConfigKeys (ConfUtils.java:logGet(46)) - raft.server.storage.dir = [/home/runner/work/ratis/ratis/ratis-test/target/test/data/c5bbf9cd/MiniRaftClusterWithNettyaf9953c4/s0] (custom)
2023-08-28 07:17:26,354 [Time-limited test] INFO  server.RaftServer (RaftServerProxy.java:addNew(99)) - s0: addNew group-439A96E27B3B:[] returns group-439A96E27B3B:java.util.concurrent.CompletableFuture@29df55c8[Not completed]
2023-08-28 07:17:26,354 [Time-limited test] INFO  impl.MiniRaftCluster (MiniRaftCluster.java:newRaftServer(382)) - newRaftServer: s1, group-439A96E27B3B:[], format? true
2023-08-28 07:17:26,354 [Time-limited test] TRACE util.FileUtils (FileUtils.java:deleteFully(201)) - deleteFully target/test/data/c5bbf9cd/MiniRaftClusterWithNettyaf9953c4/s1
2023-08-28 07:17:26,354 [Time-limited test] TRACE util.FileUtils (FileUtils.java:deleteFully(217)) - deleteFully: target/test/data/c5bbf9cd/MiniRaftClusterWithNettyaf9953c4/s1 does not exist.
2023-08-28 07:17:26,354 [Time-limited test] INFO  impl.MiniRaftCluster (MiniRaftCluster.java:newRaftServer(387)) - Formatted directory target/test/data/c5bbf9cd/MiniRaftClusterWithNettyaf9953c4/s1
2023-08-28 07:17:26,354 [Time-limited test] DEBUG server.RaftServer (ServerImplUtils.java:newRaftServer(51)) - newRaftServer: s1, group-439A96E27B3B:[]
2023-08-28 07:17:26,354 [Time-limited test] INFO  server.RaftServer (ConfUtils.java:logGet(46)) - raft.rpc.type = NETTY (custom)
2023-08-28 07:17:26,354 [s0-groupManagement] INFO  server.RaftServer$Division (RaftServerImpl.java:<init>(250)) - s0: new RaftServerImpl for group-439A96E27B3B:[] with BaseStateMachine:uninitialized
2023-08-28 07:17:26,354 [s0-groupManagement] INFO  server.RaftServerConfigKeys (ConfUtils.java:logGet(46)) - raft.server.rpc.timeout.min = 1500ms (custom)
2023-08-28 07:17:26,354 [s0-groupManagement] INFO  server.RaftServerConfigKeys (ConfUtils.java:logGet(46)) - raft.server.rpc.timeout.max = 2000ms (custom)
2023-08-28 07:17:26,354 [s0-groupManagement] INFO  server.RaftServerConfigKeys (ConfUtils.java:logGet(46)) - raft.server.rpc.sleep.time = 25ms (default)
2023-08-28 07:17:26,354 [s0-groupManagement] INFO  server.RaftServerConfigKeys (ConfUtils.java:logGet(46)) - raft.server.rpc.slowness.timeout = 60s (default)
2023-08-28 07:17:26,354 [Time-limited test] INFO  netty.NettyConfigKeys$Server (ConfUtils.java:logGet(46)) - raft.netty.server.host = null (default)
2023-08-28 07:17:26,355 [s0-groupManagement] INFO  server.RaftServerConfigKeys (ConfUtils.java:logGet(46)) - raft.server.leaderelection.leader.step-down.wait-time = 10s (default)
2023-08-28 07:17:26,355 [Time-limited test] INFO  netty.NettyConfigKeys$Server (ConfUtils.java:logGet(46)) - raft.netty.server.port = 37201 (custom)
2023-08-28 07:17:26,355 [s0-groupManagement] INFO  server.RaftServerConfigKeys (ConfUtils.java:logGet(46)) - raft.server.sleep.deviation.threshold = 300ms (default)
2023-08-28 07:17:26,355 [Time-limited test] INFO  impl.DataStreamServerImpl (ConfUtils.java:logGet(46)) - raft.datastream.type = DISABLED (default)
2023-08-28 07:17:26,355 [Time-limited test] INFO  server.RaftServerConfigKeys (ConfUtils.java:logGet(46)) - raft.server.threadpool.proxy.cached = true (default)
2023-08-28 07:17:26,355 [Time-limited test] INFO  server.RaftServerConfigKeys (ConfUtils.java:logGet(46)) - raft.server.threadpool.proxy.size = 0 (default)
2023-08-28 07:17:26,355 [Time-limited test] INFO  server.RaftServerConfigKeys (ConfUtils.java:logGet(46)) - raft.server.sleep.deviation.threshold = 300ms (default)
2023-08-28 07:17:26,355 [Time-limited test] INFO  server.RaftServerConfigKeys (ConfUtils.java:logGet(46)) - raft.server.rpc.slowness.timeout = 60s (default)
2023-08-28 07:17:26,355 [Time-limited test] INFO  server.RaftServerConfigKeys (ConfUtils.java:logGet(46)) - raft.server.leaderelection.leader.step-down.wait-time = 10s (default)
2023-08-28 07:17:26,356 [Time-limited test] INFO  server.RaftServerConfigKeys (ConfUtils.java:logGet(46)) - raft.server.storage.dir = [/home/runner/work/ratis/ratis/ratis-test/target/test/data/c5bbf9cd/MiniRaftClusterWithNettyaf9953c4/s1] (custom)
2023-08-28 07:17:26,356 [Time-limited test] INFO  server.RaftServer (RaftServerProxy.java:addNew(99)) - s1: addNew group-439A96E27B3B:[] returns group-439A96E27B3B:java.util.concurrent.CompletableFuture@6fa43cf3[Not completed]
2023-08-28 07:17:26,356 [Time-limited test] INFO  impl.MiniRaftCluster (MiniRaftCluster.java:newRaftServer(382)) - newRaftServer: s2, group-439A96E27B3B:[], format? true
2023-08-28 07:17:26,356 [Time-limited test] TRACE util.FileUtils (FileUtils.java:deleteFully(201)) - deleteFully target/test/data/c5bbf9cd/MiniRaftClusterWithNettyaf9953c4/s2
2023-08-28 07:17:26,356 [Time-limited test] TRACE util.FileUtils (FileUtils.java:deleteFully(217)) - deleteFully: target/test/data/c5bbf9cd/MiniRaftClusterWithNettyaf9953c4/s2 does not exist.
2023-08-28 07:17:26,356 [Time-limited test] INFO  impl.MiniRaftCluster (MiniRaftCluster.java:newRaftServer(387)) - Formatted directory target/test/data/c5bbf9cd/MiniRaftClusterWithNettyaf9953c4/s2
2023-08-28 07:17:26,356 [Time-limited test] DEBUG server.RaftServer (ServerImplUtils.java:newRaftServer(51)) - newRaftServer: s2, group-439A96E27B3B:[]
2023-08-28 07:17:26,356 [Time-limited test] INFO  server.RaftServer (ConfUtils.java:logGet(46)) - raft.rpc.type = NETTY (custom)
2023-08-28 07:17:26,357 [Time-limited test] INFO  netty.NettyConfigKeys$Server (ConfUtils.java:logGet(46)) - raft.netty.server.host = null (default)
2023-08-28 07:17:26,357 [Time-limited test] INFO  netty.NettyConfigKeys$Server (ConfUtils.java:logGet(46)) - raft.netty.server.port = 46449 (custom)
2023-08-28 07:17:26,357 [Time-limited test] INFO  impl.DataStreamServerImpl (ConfUtils.java:logGet(46)) - raft.datastream.type = DISABLED (default)
2023-08-28 07:17:26,357 [Time-limited test] INFO  server.RaftServerConfigKeys (ConfUtils.java:logGet(46)) - raft.server.threadpool.proxy.cached = true (default)
2023-08-28 07:17:26,357 [Time-limited test] INFO  server.RaftServerConfigKeys (ConfUtils.java:logGet(46)) - raft.server.threadpool.proxy.size = 0 (default)
2023-08-28 07:17:26,357 [Time-limited test] INFO  server.RaftServerConfigKeys (ConfUtils.java:logGet(46)) - raft.server.sleep.deviation.threshold = 300ms (default)
2023-08-28 07:17:26,357 [Time-limited test] INFO  server.RaftServerConfigKeys (ConfUtils.java:logGet(46)) - raft.server.rpc.slowness.timeout = 60s (default)
2023-08-28 07:17:26,357 [Time-limited test] INFO  server.RaftServerConfigKeys (ConfUtils.java:logGet(46)) - raft.server.leaderelection.leader.step-down.wait-time = 10s (default)
2023-08-28 07:17:26,357 [Time-limited test] INFO  server.RaftServerConfigKeys (ConfUtils.java:logGet(46)) - raft.server.storage.dir = [/home/runner/work/ratis/ratis/ratis-test/target/test/data/c5bbf9cd/MiniRaftClusterWithNettyaf9953c4/s2] (custom)
2023-08-28 07:17:26,357 [s0-groupManagement] INFO  server.RaftServer$Division (ServerState.java:<init>(113)) - s0@group-439A96E27B3B: ConfigurationManager, init=-1: peers:[]|listeners:[], old=null, confs=<EMPTY_MAP>
2023-08-28 07:17:26,358 [s1-groupManagement] INFO  server.RaftServer$Division (RaftServerImpl.java:<init>(250)) - s1: new RaftServerImpl for group-439A96E27B3B:[] with BaseStateMachine:uninitialized
2023-08-28 07:17:26,358 [s1-groupManagement] INFO  server.RaftServerConfigKeys (ConfUtils.java:logGet(46)) - raft.server.rpc.timeout.min = 1500ms (custom)
2023-08-28 07:17:26,358 [s1-groupManagement] INFO  server.RaftServerConfigKeys (ConfUtils.java:logGet(46)) - raft.server.rpc.timeout.max = 2000ms (custom)
2023-08-28 07:17:26,358 [s1-groupManagement] INFO  server.RaftServerConfigKeys (ConfUtils.java:logGet(46)) - raft.server.rpc.sleep.time = 25ms (default)
2023-08-28 07:17:26,358 [s1-groupManagement] INFO  server.RaftServerConfigKeys (ConfUtils.java:logGet(46)) - raft.server.rpc.slowness.timeout = 60s (default)
2023-08-28 07:17:26,358 [s1-groupManagement] INFO  server.RaftServerConfigKeys (ConfUtils.java:logGet(46)) - raft.server.leaderelection.leader.step-down.wait-time = 10s (default)
2023-08-28 07:17:26,358 [s1-groupManagement] INFO  server.RaftServerConfigKeys (ConfUtils.java:logGet(46)) - raft.server.sleep.deviation.threshold = 300ms (default)
2023-08-28 07:17:26,358 [s1-groupManagement] INFO  server.RaftServer$Division (ServerState.java:<init>(113)) - s1@group-439A96E27B3B: ConfigurationManager, init=-1: peers:[]|listeners:[], old=null, confs=<EMPTY_MAP>
2023-08-28 07:17:26,358 [s1-groupManagement] INFO  server.RaftServerConfigKeys (ConfUtils.java:logGet(46)) - raft.server.notification.no-leader.timeout = 60s (default)
2023-08-28 07:17:26,358 [s1-groupManagement] INFO  server.RaftServerConfigKeys (ConfUtils.java:logGet(46)) - raft.server.read.timeout = 10s (default)
2023-08-28 07:17:26,358 [s1-groupManagement] INFO  server.RaftServerConfigKeys (ConfUtils.java:logGet(46)) - raft.server.retrycache.expirytime = 60s (default)
2023-08-28 07:17:26,358 [s1-groupManagement] INFO  server.RaftServerConfigKeys (ConfUtils.java:logGet(46)) - raft.server.retrycache.statistics.expirytime = 100μs (default)
2023-08-28 07:17:26,358 [s1-groupManagement] INFO  server.RaftServerConfigKeys (ConfUtils.java:logGet(46)) - raft.server.read.option = DEFAULT (default)
2023-08-28 07:17:26,359 [s1-groupManagement] INFO  server.RaftServerConfigKeys (ConfUtils.java:logGet(46)) - raft.server.rpc.request.timeout = 3000ms (default)
2023-08-28 07:17:26,359 [s1-groupManagement] INFO  server.RaftServerConfigKeys (ConfUtils.java:logGet(46)) - raft.server.log.appender.install.snapshot.enabled = true (default)
2023-08-28 07:17:26,359 [s1-groupManagement] INFO  server.RaftServerConfigKeys (ConfUtils.java:logGet(46)) - raft.server.threadpool.server.cached = true (default)
2023-08-28 07:17:26,359 [s1-groupManagement] INFO  server.RaftServerConfigKeys (ConfUtils.java:logGet(46)) - raft.server.threadpool.server.size = 0 (default)
2023-08-28 07:17:26,359 [s1-groupManagement] INFO  server.RaftServerConfigKeys (ConfUtils.java:logGet(46)) - raft.server.threadpool.client.cached = true (default)
2023-08-28 07:17:26,359 [s1-groupManagement] INFO  server.RaftServerConfigKeys (ConfUtils.java:logGet(46)) - raft.server.threadpool.client.size = 0 (default)
2023-08-28 07:17:26,359 [Time-limited test] INFO  server.RaftServer (RaftServerProxy.java:addNew(99)) - s2: addNew group-439A96E27B3B:[] returns group-439A96E27B3B:java.util.concurrent.CompletableFuture@261b8dbb[Not completed]
2023-08-28 07:17:26,359 [Time-limited test] INFO  impl.MiniRaftCluster (MiniRaftCluster.java:newRaftServer(382)) - newRaftServer: s3, group-439A96E27B3B:[], format? true
2023-08-28 07:17:26,359 [Time-limited test] TRACE util.FileUtils (FileUtils.java:deleteFully(201)) - deleteFully target/test/data/c5bbf9cd/MiniRaftClusterWithNettyaf9953c4/s3
2023-08-28 07:17:26,359 [Time-limited test] TRACE util.FileUtils (FileUtils.java:deleteFully(217)) - deleteFully: target/test/data/c5bbf9cd/MiniRaftClusterWithNettyaf9953c4/s3 does not exist.
2023-08-28 07:17:26,359 [Time-limited test] INFO  impl.MiniRaftCluster (MiniRaftCluster.java:newRaftServer(387)) - Formatted directory target/test/data/c5bbf9cd/MiniRaftClusterWithNettyaf9953c4/s3
2023-08-28 07:17:26,360 [Time-limited test] DEBUG server.RaftServer (ServerImplUtils.java:newRaftServer(51)) - newRaftServer: s3, group-439A96E27B3B:[]
2023-08-28 07:17:26,360 [Time-limited test] INFO  server.RaftServer (ConfUtils.java:logGet(46)) - raft.rpc.type = NETTY (custom)
2023-08-28 07:17:26,360 [Time-limited test] INFO  netty.NettyConfigKeys$Server (ConfUtils.java:logGet(46)) - raft.netty.server.host = null (default)
2023-08-28 07:17:26,360 [Time-limited test] INFO  netty.NettyConfigKeys$Server (ConfUtils.java:logGet(46)) - raft.netty.server.port = 33563 (custom)
2023-08-28 07:17:26,360 [Time-limited test] INFO  impl.DataStreamServerImpl (ConfUtils.java:logGet(46)) - raft.datastream.type = DISABLED (default)
2023-08-28 07:17:26,360 [s0-groupManagement] INFO  server.RaftServerConfigKeys (ConfUtils.java:logGet(46)) - raft.server.notification.no-leader.timeout = 60s (default)
2023-08-28 07:17:26,360 [Time-limited test] INFO  server.RaftServerConfigKeys (ConfUtils.java:logGet(46)) - raft.server.threadpool.proxy.cached = true (default)
2023-08-28 07:17:26,360 [s0-groupManagement] INFO  server.RaftServerConfigKeys (ConfUtils.java:logGet(46)) - raft.server.read.timeout = 10s (default)
2023-08-28 07:17:26,360 [Time-limited test] INFO  server.RaftServerConfigKeys (ConfUtils.java:logGet(46)) - raft.server.threadpool.proxy.size = 0 (default)
2023-08-28 07:17:26,360 [s0-groupManagement] INFO  server.RaftServerConfigKeys (ConfUtils.java:logGet(46)) - raft.server.retrycache.expirytime = 60s (default)
2023-08-28 07:17:26,360 [Time-limited test] INFO  server.RaftServerConfigKeys (ConfUtils.java:logGet(46)) - raft.server.sleep.deviation.threshold = 300ms (default)
2023-08-28 07:17:26,360 [s0-groupManagement] INFO  server.RaftServerConfigKeys (ConfUtils.java:logGet(46)) - raft.server.retrycache.statistics.expirytime = 100μs (default)
2023-08-28 07:17:26,360 [Time-limited test] INFO  server.RaftServerConfigKeys (ConfUtils.java:logGet(46)) - raft.server.rpc.slowness.timeout = 60s (default)
2023-08-28 07:17:26,361 [Time-limited test] INFO  server.RaftServerConfigKeys (ConfUtils.java:logGet(46)) - raft.server.leaderelection.leader.step-down.wait-time = 10s (default)
2023-08-28 07:17:26,361 [s0-groupManagement] INFO  server.RaftServerConfigKeys (ConfUtils.java:logGet(46)) - raft.server.read.option = DEFAULT (default)
2023-08-28 07:17:26,361 [Time-limited test] INFO  server.RaftServerConfigKeys (ConfUtils.java:logGet(46)) - raft.server.storage.dir = [/home/runner/work/ratis/ratis/ratis-test/target/test/data/c5bbf9cd/MiniRaftClusterWithNettyaf9953c4/s3] (custom)
2023-08-28 07:17:26,361 [s2-groupManagement] INFO  server.RaftServer$Division (RaftServerImpl.java:<init>(250)) - s2: new RaftServerImpl for group-439A96E27B3B:[] with BaseStateMachine:uninitialized
2023-08-28 07:17:26,361 [s2-groupManagement] INFO  server.RaftServerConfigKeys (ConfUtils.java:logGet(46)) - raft.server.rpc.timeout.min = 1500ms (custom)
2023-08-28 07:17:26,361 [s2-groupManagement] INFO  server.RaftServerConfigKeys (ConfUtils.java:logGet(46)) - raft.server.rpc.timeout.max = 2000ms (custom)
2023-08-28 07:17:26,361 [s2-groupManagement] INFO  server.RaftServerConfigKeys (ConfUtils.java:logGet(46)) - raft.server.rpc.sleep.time = 25ms (default)
2023-08-28 07:17:26,361 [s2-groupManagement] INFO  server.RaftServerConfigKeys (ConfUtils.java:logGet(46)) - raft.server.rpc.slowness.timeout = 60s (default)
2023-08-28 07:17:26,361 [s2-groupManagement] INFO  server.RaftServerConfigKeys (ConfUtils.java:logGet(46)) - raft.server.leaderelection.leader.step-down.wait-time = 10s (default)
2023-08-28 07:17:26,361 [s2-groupManagement] INFO  server.RaftServerConfigKeys (ConfUtils.java:logGet(46)) - raft.server.sleep.deviation.threshold = 300ms (default)
2023-08-28 07:17:26,361 [s2-groupManagement] INFO  server.RaftServer$Division (ServerState.java:<init>(113)) - s2@group-439A96E27B3B: ConfigurationManager, init=-1: peers:[]|listeners:[], old=null, confs=<EMPTY_MAP>
2023-08-28 07:17:26,361 [s2-groupManagement] INFO  server.RaftServerConfigKeys (ConfUtils.java:logGet(46)) - raft.server.notification.no-leader.timeout = 60s (default)
2023-08-28 07:17:26,361 [s2-groupManagement] INFO  server.RaftServerConfigKeys (ConfUtils.java:logGet(46)) - raft.server.read.timeout = 10s (default)
2023-08-28 07:17:26,361 [s2-groupManagement] INFO  server.RaftServerConfigKeys (ConfUtils.java:logGet(46)) - raft.server.retrycache.expirytime = 60s (default)
2023-08-28 07:17:26,361 [s2-groupManagement] INFO  server.RaftServerConfigKeys (ConfUtils.java:logGet(46)) - raft.server.retrycache.statistics.expirytime = 100μs (default)
2023-08-28 07:17:26,361 [s2-groupManagement] INFO  server.RaftServerConfigKeys (ConfUtils.java:logGet(46)) - raft.server.read.option = DEFAULT (default)
2023-08-28 07:17:26,362 [s2-groupManagement] INFO  server.RaftServerConfigKeys (ConfUtils.java:logGet(46)) - raft.server.rpc.request.timeout = 3000ms (default)
2023-08-28 07:17:26,362 [s2-groupManagement] INFO  server.RaftServerConfigKeys (ConfUtils.java:logGet(46)) - raft.server.log.appender.install.snapshot.enabled = true (default)
2023-08-28 07:17:26,362 [s2-groupManagement] INFO  server.RaftServerConfigKeys (ConfUtils.java:logGet(46)) - raft.server.threadpool.server.cached = true (default)
2023-08-28 07:17:26,362 [s2-groupManagement] INFO  server.RaftServerConfigKeys (ConfUtils.java:logGet(46)) - raft.server.threadpool.server.size = 0 (default)
2023-08-28 07:17:26,362 [s0-groupManagement] INFO  server.RaftServerConfigKeys (ConfUtils.java:logGet(46)) - raft.server.rpc.request.timeout = 3000ms (default)
2023-08-28 07:17:26,362 [s2-groupManagement] INFO  server.RaftServerConfigKeys (ConfUtils.java:logGet(46)) - raft.server.threadpool.client.cached = true (default)
2023-08-28 07:17:26,362 [s2-groupManagement] INFO  server.RaftServerConfigKeys (ConfUtils.java:logGet(46)) - raft.server.threadpool.client.size = 0 (default)
2023-08-28 07:17:26,365 [s0-groupManagement] INFO  server.RaftServerConfigKeys (ConfUtils.java:logGet(46)) - raft.server.log.appender.install.snapshot.enabled = true (default)
2023-08-28 07:17:26,365 [s0-groupManagement] INFO  server.RaftServerConfigKeys (ConfUtils.java:logGet(46)) - raft.server.threadpool.server.cached = true (default)
2023-08-28 07:17:26,365 [s0-groupManagement] INFO  server.RaftServerConfigKeys (ConfUtils.java:logGet(46)) - raft.server.threadpool.server.size = 0 (default)
2023-08-28 07:17:26,365 [s0-groupManagement] INFO  server.RaftServerConfigKeys (ConfUtils.java:logGet(46)) - raft.server.threadpool.client.cached = true (default)
2023-08-28 07:17:26,365 [s0-groupManagement] INFO  server.RaftServerConfigKeys (ConfUtils.java:logGet(46)) - raft.server.threadpool.client.size = 0 (default)
2023-08-28 07:17:26,365 [Time-limited test] INFO  server.RaftServer (RaftServerProxy.java:addNew(99)) - s3: addNew group-439A96E27B3B:[] returns group-439A96E27B3B:java.util.concurrent.CompletableFuture@f28d109[Not completed]
2023-08-28 07:17:26,365 [Time-limited test] INFO  impl.MiniRaftCluster (MiniRaftCluster.java:newRaftServer(382)) - newRaftServer: s4, group-439A96E27B3B:[], format? true
2023-08-28 07:17:26,366 [Time-limited test] TRACE util.FileUtils (FileUtils.java:deleteFully(201)) - deleteFully target/test/data/c5bbf9cd/MiniRaftClusterWithNettyaf9953c4/s4
2023-08-28 07:17:26,366 [Time-limited test] TRACE util.FileUtils (FileUtils.java:deleteFully(217)) - deleteFully: target/test/data/c5bbf9cd/MiniRaftClusterWithNettyaf9953c4/s4 does not exist.
2023-08-28 07:17:26,366 [Time-limited test] INFO  impl.MiniRaftCluster (MiniRaftCluster.java:newRaftServer(387)) - Formatted directory target/test/data/c5bbf9cd/MiniRaftClusterWithNettyaf9953c4/s4
2023-08-28 07:17:26,366 [Time-limited test] DEBUG server.RaftServer (ServerImplUtils.java:newRaftServer(51)) - newRaftServer: s4, group-439A96E27B3B:[]
2023-08-28 07:17:26,366 [Time-limited test] INFO  server.RaftServer (ConfUtils.java:logGet(46)) - raft.rpc.type = NETTY (custom)
2023-08-28 07:17:26,366 [Time-limited test] INFO  netty.NettyConfigKeys$Server (ConfUtils.java:logGet(46)) - raft.netty.server.host = null (default)
2023-08-28 07:17:26,366 [Time-limited test] INFO  netty.NettyConfigKeys$Server (ConfUtils.java:logGet(46)) - raft.netty.server.port = 37139 (custom)
2023-08-28 07:17:26,366 [Time-limited test] INFO  impl.DataStreamServerImpl (ConfUtils.java:logGet(46)) - raft.datastream.type = DISABLED (default)
2023-08-28 07:17:26,366 [Time-limited test] INFO  server.RaftServerConfigKeys (ConfUtils.java:logGet(46)) - raft.server.threadpool.proxy.cached = true (default)
2023-08-28 07:17:26,366 [Time-limited test] INFO  server.RaftServerConfigKeys (ConfUtils.java:logGet(46)) - raft.server.threadpool.proxy.size = 0 (default)
2023-08-28 07:17:26,366 [Time-limited test] INFO  server.RaftServerConfigKeys (ConfUtils.java:logGet(46)) - raft.server.sleep.deviation.threshold = 300ms (default)
2023-08-28 07:17:26,366 [Time-limited test] INFO  server.RaftServerConfigKeys (ConfUtils.java:logGet(46)) - raft.server.rpc.slowness.timeout = 60s (default)
2023-08-28 07:17:26,366 [Time-limited test] INFO  server.RaftServerConfigKeys (ConfUtils.java:logGet(46)) - raft.server.leaderelection.leader.step-down.wait-time = 10s (default)
2023-08-28 07:17:26,367 [Time-limited test] INFO  server.RaftServerConfigKeys (ConfUtils.java:logGet(46)) - raft.server.storage.dir = [/home/runner/work/ratis/ratis/ratis-test/target/test/data/c5bbf9cd/MiniRaftClusterWithNettyaf9953c4/s4] (custom)
2023-08-28 07:17:26,367 [s3-groupManagement] INFO  server.RaftServer$Division (RaftServerImpl.java:<init>(250)) - s3: new RaftServerImpl for group-439A96E27B3B:[] with BaseStateMachine:uninitialized
2023-08-28 07:17:26,367 [s3-groupManagement] INFO  server.RaftServerConfigKeys (ConfUtils.java:logGet(46)) - raft.server.rpc.timeout.min = 1500ms (custom)
2023-08-28 07:17:26,367 [s3-groupManagement] INFO  server.RaftServerConfigKeys (ConfUtils.java:logGet(46)) - raft.server.rpc.timeout.max = 2000ms (custom)
2023-08-28 07:17:26,367 [s3-groupManagement] INFO  server.RaftServerConfigKeys (ConfUtils.java:logGet(46)) - raft.server.rpc.sleep.time = 25ms (default)
2023-08-28 07:17:26,367 [s3-groupManagement] INFO  server.RaftServerConfigKeys (ConfUtils.java:logGet(46)) - raft.server.rpc.slowness.timeout = 60s (default)
2023-08-28 07:17:26,367 [s3-groupManagement] INFO  server.RaftServerConfigKeys (ConfUtils.java:logGet(46)) - raft.server.leaderelection.leader.step-down.wait-time = 10s (default)
2023-08-28 07:17:26,367 [s3-groupManagement] INFO  server.RaftServerConfigKeys (ConfUtils.java:logGet(46)) - raft.server.sleep.deviation.threshold = 300ms (default)
2023-08-28 07:17:26,367 [s3-groupManagement] INFO  server.RaftServer$Division (ServerState.java:<init>(113)) - s3@group-439A96E27B3B: ConfigurationManager, init=-1: peers:[]|listeners:[], old=null, confs=<EMPTY_MAP>
2023-08-28 07:17:26,367 [s3-groupManagement] INFO  server.RaftServerConfigKeys (ConfUtils.java:logGet(46)) - raft.server.notification.no-leader.timeout = 60s (default)
2023-08-28 07:17:26,367 [s3-groupManagement] INFO  server.RaftServerConfigKeys (ConfUtils.java:logGet(46)) - raft.server.read.timeout = 10s (default)
2023-08-28 07:17:26,367 [s3-groupManagement] INFO  server.RaftServerConfigKeys (ConfUtils.java:logGet(46)) - raft.server.retrycache.expirytime = 60s (default)
2023-08-28 07:17:26,367 [s3-groupManagement] INFO  server.RaftServerConfigKeys (ConfUtils.java:logGet(46)) - raft.server.retrycache.statistics.expirytime = 100μs (default)
2023-08-28 07:17:26,367 [s3-groupManagement] INFO  server.RaftServerConfigKeys (ConfUtils.java:logGet(46)) - raft.server.read.option = DEFAULT (default)
2023-08-28 07:17:26,368 [s3-groupManagement] INFO  server.RaftServerConfigKeys (ConfUtils.java:logGet(46)) - raft.server.rpc.request.timeout = 3000ms (default)
2023-08-28 07:17:26,368 [s3-groupManagement] INFO  server.RaftServerConfigKeys (ConfUtils.java:logGet(46)) - raft.server.log.appender.install.snapshot.enabled = true (default)
2023-08-28 07:17:26,368 [s3-groupManagement] INFO  server.RaftServerConfigKeys (ConfUtils.java:logGet(46)) - raft.server.threadpool.server.cached = true (default)
2023-08-28 07:17:26,368 [s3-groupManagement] INFO  server.RaftServerConfigKeys (ConfUtils.java:logGet(46)) - raft.server.threadpool.server.size = 0 (default)
2023-08-28 07:17:26,368 [s3-groupManagement] INFO  server.RaftServerConfigKeys (ConfUtils.java:logGet(46)) - raft.server.threadpool.client.cached = true (default)
2023-08-28 07:17:26,368 [s3-groupManagement] INFO  server.RaftServerConfigKeys (ConfUtils.java:logGet(46)) - raft.server.threadpool.client.size = 0 (default)
2023-08-28 07:17:26,369 [Time-limited test] INFO  server.RaftServer (RaftServerProxy.java:addNew(99)) - s4: addNew group-439A96E27B3B:[] returns group-439A96E27B3B:java.util.concurrent.CompletableFuture@31855d4e[Not completed]
2023-08-28 07:17:26,369 [Time-limited test] INFO  impl.GroupManagementBaseTest (GroupManagementBaseTest.java:runMultiGroupTest(260)) - putNewServer: printing ALL groups
  s3:      NEW      null s3@group-439A96E27B3B:t0, leader=null, voted=null, raftlog=UNINITIALIZED, conf=-1: peers:[]|listeners:[], old=null NEW
  s4:      NEW group-439A96E27B3B:java.util.concurrent.CompletableFuture@31855d4e[Not completed]
  s0:      NEW      null s0@group-439A96E27B3B:t0, leader=null, voted=null, raftlog=UNINITIALIZED, conf=-1: peers:[]|listeners:[], old=null NEW
  s1:      NEW      null s1@group-439A96E27B3B:t0, leader=null, voted=null, raftlog=UNINITIALIZED, conf=-1: peers:[]|listeners:[], old=null NEW
  s2:      NEW      null s2@group-439A96E27B3B:t0, leader=null, voted=null, raftlog=UNINITIALIZED, conf=-1: peers:[]|listeners:[], old=null NEW
2023-08-28 07:17:26,373 [s4-groupManagement] INFO  server.RaftServer$Division (RaftServerImpl.java:<init>(250)) - s4: new RaftServerImpl for group-439A96E27B3B:[] with BaseStateMachine:uninitialized
2023-08-28 07:17:26,373 [s4-groupManagement] INFO  server.RaftServerConfigKeys (ConfUtils.java:logGet(46)) - raft.server.rpc.timeout.min = 1500ms (custom)
2023-08-28 07:17:26,373 [s4-groupManagement] INFO  server.RaftServerConfigKeys (ConfUtils.java:logGet(46)) - raft.server.rpc.timeout.max = 2000ms (custom)
2023-08-28 07:17:26,373 [s4-groupManagement] INFO  server.RaftServerConfigKeys (ConfUtils.java:logGet(46)) - raft.server.rpc.sleep.time = 25ms (default)
2023-08-28 07:17:26,373 [s4-groupManagement] INFO  server.RaftServerConfigKeys (ConfUtils.java:logGet(46)) - raft.server.rpc.slowness.timeout = 60s (default)
2023-08-28 07:17:26,373 [s4-groupManagement] INFO  server.RaftServerConfigKeys (ConfUtils.java:logGet(46)) - raft.server.leaderelection.leader.step-down.wait-time = 10s (default)
2023-08-28 07:17:26,373 [s4-groupManagement] INFO  server.RaftServerConfigKeys (ConfUtils.java:logGet(46)) - raft.server.sleep.deviation.threshold = 300ms (default)
2023-08-28 07:17:26,373 [s4-groupManagement] INFO  server.RaftServer$Division (ServerState.java:<init>(113)) - s4@group-439A96E27B3B: ConfigurationManager, init=-1: peers:[]|listeners:[], old=null, confs=<EMPTY_MAP>
2023-08-28 07:17:26,373 [s4-groupManagement] INFO  server.RaftServerConfigKeys (ConfUtils.java:logGet(46)) - raft.server.notification.no-leader.timeout = 60s (default)
2023-08-28 07:17:26,373 [s4-groupManagement] INFO  server.RaftServerConfigKeys (ConfUtils.java:logGet(46)) - raft.server.read.timeout = 10s (default)
2023-08-28 07:17:26,373 [s4-groupManagement] INFO  server.RaftServerConfigKeys (ConfUtils.java:logGet(46)) - raft.server.retrycache.expirytime = 60s (default)
2023-08-28 07:17:26,373 [s4-groupManagement] INFO  server.RaftServerConfigKeys (ConfUtils.java:logGet(46)) - raft.server.retrycache.statistics.expirytime = 100μs (default)
2023-08-28 07:17:26,373 [s4-groupManagement] INFO  server.RaftServerConfigKeys (ConfUtils.java:logGet(46)) - raft.server.read.option = DEFAULT (default)
2023-08-28 07:17:26,374 [s4-groupManagement] INFO  server.RaftServerConfigKeys (ConfUtils.java:logGet(46)) - raft.server.rpc.request.timeout = 3000ms (default)
2023-08-28 07:17:26,374 [s4-groupManagement] INFO  server.RaftServerConfigKeys (ConfUtils.java:logGet(46)) - raft.server.log.appender.install.snapshot.enabled = true (default)
2023-08-28 07:17:26,374 [s4-groupManagement] INFO  server.RaftServerConfigKeys (ConfUtils.java:logGet(46)) - raft.server.threadpool.server.cached = true (default)
2023-08-28 07:17:26,374 [s4-groupManagement] INFO  server.RaftServerConfigKeys (ConfUtils.java:logGet(46)) - raft.server.threadpool.server.size = 0 (default)
2023-08-28 07:17:26,374 [s4-groupManagement] INFO  server.RaftServerConfigKeys (ConfUtils.java:logGet(46)) - raft.server.threadpool.client.cached = true (default)
2023-08-28 07:17:26,374 [s4-groupManagement] INFO  server.RaftServerConfigKeys (ConfUtils.java:logGet(46)) - raft.server.threadpool.client.size = 0 (default)
2023-08-28 07:17:27,369 [Time-limited test] INFO  impl.MiniRaftCluster (MiniRaftCluster.java:start(339)) - .............................................................. 
2023-08-28 07:17:27,369 [Time-limited test] INFO  impl.MiniRaftCluster (MiniRaftCluster.java:start(340)) - ... 
2023-08-28 07:17:27,369 [Time-limited test] INFO  impl.MiniRaftCluster (MiniRaftCluster.java:start(341)) - ...     Starting MiniRaftClusterWithNetty
2023-08-28 07:17:27,369 [Time-limited test] INFO  impl.MiniRaftCluster (MiniRaftCluster.java:start(342)) - ... 
2023-08-28 07:17:27,369 [Time-limited test] INFO  impl.MiniRaftCluster (MiniRaftCluster.java:start(343)) - .............................................................. 
2023-08-28 07:17:27,370 [Time-limited test] INFO  impl.MiniRaftCluster (MiniRaftCluster.java:initServers(318)) - servers = {s3=s3:      NEW      null s3@group-439A96E27B3B:t0, leader=null, voted=null, raftlog=UNINITIALIZED, conf=-1: peers:[]|listeners:[], old=null NEW, s4=s4:      NEW      null s4@group-439A96E27B3B:t0, leader=null, voted=null, raftlog=UNINITIALIZED, conf=-1: peers:[]|listeners:[], old=null NEW, s0=s0:      NEW      null s0@group-439A96E27B3B:t0, leader=null, voted=null, raftlog=UNINITIALIZED, conf=-1: peers:[]|listeners:[], old=null NEW, s1=s1:      NEW      null s1@group-439A96E27B3B:t0, leader=null, voted=null, raftlog=UNINITIALIZED, conf=-1: peers:[]|listeners:[], old=null NEW, s2=s2:      NEW      null s2@group-439A96E27B3B:t0, leader=null, voted=null, raftlog=UNINITIALIZED, conf=-1: peers:[]|listeners:[], old=null NEW}
2023-08-28 07:17:27,370 [s3-impl-thread1] INFO  server.RaftServerConfigKeys (ConfUtils.java:logGet(46)) - raft.server.storage.free-space.min = 0MB (=0) (default)
2023-08-28 07:17:27,370 [s3-impl-thread1] INFO  server.RaftServerConfigKeys (ConfUtils.java:logGet(46)) - raft.server.log.corruption.policy = EXCEPTION (default)
2023-08-28 07:17:27,370 [s3-impl-thread1] INFO  server.RaftServerConfigKeys (ConfUtils.java:logGet(46)) - raft.server.storage.dir = [/home/runner/work/ratis/ratis/ratis-test/target/test/data/c5bbf9cd/MiniRaftClusterWithNettyaf9953c4/s3] (custom)
2023-08-28 07:17:27,370 [s3-impl-thread1] INFO  storage.RaftStorageDirectory (RaftStorageDirectoryImpl.java:analyzeStorage(138)) - The storage directory /home/runner/work/ratis/ratis/ratis-test/target/test/data/c5bbf9cd/MiniRaftClusterWithNettyaf9953c4/s3/091370ad-8421-438b-9440-439a96e27b3b does not exist. Creating ...
2023-08-28 07:17:27,371 [s3-impl-thread1] TRACE util.FileUtils (LogUtils.java:runAndLog(49)) - Successfully ran Files.createDirectories /home/runner/work/ratis/ratis/ratis-test/target/test/data/c5bbf9cd/MiniRaftClusterWithNettyaf9953c4/s3/091370ad-8421-438b-9440-439a96e27b3b
2023-08-28 07:17:27,372 [s3-impl-thread1] INFO  storage.RaftStorageDirectory (RaftStorageDirectoryImpl.java:tryLock(232)) - Lock on /home/runner/work/ratis/ratis/ratis-test/target/test/data/c5bbf9cd/MiniRaftClusterWithNettyaf9953c4/s3/091370ad-8421-438b-9440-439a96e27b3b/in_use.lock acquired by nodename 7908@fv-az1033-516
2023-08-28 07:17:27,372 [s3-impl-thread1] TRACE util.FileUtils (LogUtils.java:runAndLog(49)) - Successfully ran Files.createDirectories /home/runner/work/ratis/ratis/ratis-test/target/test/data/c5bbf9cd/MiniRaftClusterWithNettyaf9953c4/s3/091370ad-8421-438b-9440-439a96e27b3b/current
2023-08-28 07:17:27,372 [s3-impl-thread1] TRACE util.FileUtils (LogUtils.java:runAndLog(49)) - Successfully ran Files.createDirectories /home/runner/work/ratis/ratis/ratis-test/target/test/data/c5bbf9cd/MiniRaftClusterWithNettyaf9953c4/s3/091370ad-8421-438b-9440-439a96e27b3b/sm
2023-08-28 07:17:27,374 [s3-impl-thread1] INFO  storage.RaftStorage (RaftStorageImpl.java:format(97)) - Storage directory /home/runner/work/ratis/ratis/ratis-test/target/test/data/c5bbf9cd/MiniRaftClusterWithNettyaf9953c4/s3/091370ad-8421-438b-9440-439a96e27b3b has been successfully formatted.
2023-08-28 07:17:27,374 [s3-impl-thread1] INFO  server.RaftServerConfigKeys (ConfUtils.java:logGet(46)) - raft.server.log.use.memory = false (default)
2023-08-28 07:17:27,375 [s3-impl-thread1] INFO  server.RaftServerConfigKeys (ConfUtils.java:logGet(46)) - raft.server.log.purge.gap = 1024 (default)
2023-08-28 07:17:27,375 [s3-impl-thread1] INFO  server.RaftServerConfigKeys (ConfUtils.java:logGet(46)) - raft.server.log.appender.buffer.byte-limit = 4MB (=4194304) (default)
2023-08-28 07:17:27,375 [s3-impl-thread1] INFO  server.RaftServerConfigKeys (ConfUtils.java:logGet(46)) - raft.server.log.statemachine.data.read.timeout = 1000ms (default)
2023-08-28 07:17:27,375 [s3-impl-thread1] INFO  server.RaftServerConfigKeys (ConfUtils.java:logGet(46)) - raft.server.log.purge.preservation.log.num = 0 (default)
2023-08-28 07:17:27,375 [s3-impl-thread1] INFO  server.RaftServerConfigKeys (ConfUtils.java:logGet(46)) - raft.server.log.segment.size.max = 8MB (=8388608) (default)
2023-08-28 07:17:27,375 [s3-impl-thread1] INFO  server.RaftServerConfigKeys (ConfUtils.java:logGet(46)) - raft.server.log.segment.cache.num.max = 6 (default)
2023-08-28 07:17:27,375 [s3-impl-thread1] INFO  server.RaftServerConfigKeys (ConfUtils.java:logGet(46)) - raft.server.log.segment.cache.size.max = 200MB (=209715200) (default)
2023-08-28 07:17:27,375 [s3-impl-thread1] INFO  server.RaftServerConfigKeys (ConfUtils.java:logGet(46)) - raft.server.log.appender.buffer.byte-limit = 4MB (=4194304) (default)
2023-08-28 07:17:27,375 [s3-impl-thread1] INFO  segmented.SegmentedRaftLogWorker (SegmentedRaftLogWorker.java:<init>(183)) - new s3@group-439A96E27B3B-SegmentedRaftLogWorker for RaftStorageImpl:Storage Directory /home/runner/work/ratis/ratis/ratis-test/target/test/data/c5bbf9cd/MiniRaftClusterWithNettyaf9953c4/s3/091370ad-8421-438b-9440-439a96e27b3b
2023-08-28 07:17:27,375 [s3-impl-thread1] INFO  server.RaftServerConfigKeys (ConfUtils.java:logGet(46)) - raft.server.log.queue.byte-limit = 64MB (=67108864) (default)
2023-08-28 07:17:27,375 [s3-impl-thread1] INFO  server.RaftServerConfigKeys (ConfUtils.java:logGet(46)) - raft.server.log.queue.element-limit = 4096 (default)
2023-08-28 07:17:27,375 [s3-impl-thread1] INFO  server.RaftServerConfigKeys (ConfUtils.java:logGet(46)) - raft.server.log.segment.size.max = 8MB (=8388608) (default)
2023-08-28 07:17:27,375 [s3-impl-thread1] INFO  server.RaftServerConfigKeys (ConfUtils.java:logGet(46)) - raft.server.log.preallocated.size = 4MB (=4194304) (default)
2023-08-28 07:17:27,375 [s3-impl-thread1] INFO  server.RaftServerConfigKeys (ConfUtils.java:logGet(46)) - raft.server.log.force.sync.num = 128 (default)
2023-08-28 07:17:27,375 [s3-impl-thread1] INFO  server.RaftServerConfigKeys (ConfUtils.java:logGet(46)) - raft.server.log.statemachine.data.sync = true (default)
2023-08-28 07:17:27,375 [s3-impl-thread1] INFO  server.RaftServerConfigKeys (ConfUtils.java:logGet(46)) - raft.server.log.statemachine.data.sync.timeout = 10s (default)
2023-08-28 07:17:27,375 [s3-impl-thread1] INFO  server.RaftServerConfigKeys (ConfUtils.java:logGet(46)) - raft.server.log.statemachine.data.sync.timeout.retry = -1 (default)
2023-08-28 07:17:27,375 [s3-impl-thread1] INFO  server.RaftServerConfigKeys (ConfUtils.java:logGet(46)) - raft.server.log.write.buffer.size = 64KB (=65536) (default)
2023-08-28 07:17:27,376 [s3-impl-thread1] INFO  server.RaftServerConfigKeys (ConfUtils.java:logGet(46)) - raft.server.log.appender.buffer.byte-limit = 4MB (=4194304) (default)
2023-08-28 07:17:27,376 [s3-impl-thread1] INFO  server.RaftServerConfigKeys (ConfUtils.java:logGet(46)) - raft.server.log.unsafe-flush.enabled = false (default)
2023-08-28 07:17:27,376 [s3-impl-thread1] INFO  server.RaftServerConfigKeys (ConfUtils.java:logGet(46)) - raft.server.log.async-flush.enabled = false (default)
2023-08-28 07:17:27,376 [s3-impl-thread1] INFO  server.RaftServerConfigKeys (ConfUtils.java:logGet(46)) - raft.server.log.statemachine.data.caching.enabled = false (default)
2023-08-28 07:17:27,376 [s3-impl-thread1] INFO  segmented.SegmentedRaftLogWorker (SegmentedRaftLogWorker.java:lambda$new$0(134)) - s3@group-439A96E27B3B-SegmentedRaftLogWorker: flushIndex: setUnconditionally 0 -> -1
2023-08-28 07:17:27,376 [s3-impl-thread1] INFO  segmented.SegmentedRaftLogWorker (SegmentedRaftLogWorker.java:lambda$new$0(134)) - s3@group-439A96E27B3B-SegmentedRaftLogWorker: safeCacheEvictIndex: setUnconditionally 0 -> -1
2023-08-28 07:17:27,376 [s3-impl-thread1] INFO  server.RaftServer$Division (RaftServerImpl.java:start(390)) - s3@group-439A96E27B3B: start with initializing state, conf=-1: peers:[]|listeners:[], old=null
2023-08-28 07:17:27,376 [s3-impl-thread1] INFO  server.RaftServer$Division (RaftServerImpl.java:setRole(371)) - s3@group-439A96E27B3B: changes role from      null to FOLLOWER at term 0 for startInitializing
2023-08-28 07:17:27,377 [s3-impl-thread1] INFO  util.JmxRegister (JmxRegister.java:tryRegister(44)) - Successfully registered JMX Bean with object name Ratis:service=RaftServer,group=group-439A96E27B3B,id=s3
2023-08-28 07:17:27,377 [s3-impl-thread1] INFO  server.RaftServerConfigKeys (ConfUtils.java:logGet(46)) - raft.server.snapshot.trigger-when-stop.enabled = true (default)
2023-08-28 07:17:27,377 [s3-impl-thread1] INFO  server.RaftServerConfigKeys (ConfUtils.java:logGet(46)) - raft.server.snapshot.auto.trigger.enabled = false (default)
2023-08-28 07:17:27,377 [s3-impl-thread1] INFO  server.RaftServerConfigKeys (ConfUtils.java:logGet(46)) - raft.server.snapshot.retention.file.num = -1 (default)
2023-08-28 07:17:27,377 [s3-impl-thread1] INFO  server.RaftServerConfigKeys (ConfUtils.java:logGet(46)) - raft.server.log.purge.upto.snapshot.index = false (default)
2023-08-28 07:17:27,377 [Time-limited test] INFO  server.RaftServer (RaftServerProxy.java:startImpl(404)) - s3: start RPC server
2023-08-28 07:17:27,378 [nioEventLoopGroup-43-1] INFO  logging.LoggingHandler (AbstractInternalLogger.java:log(148)) - [id: 0x9dc91465] REGISTERED
2023-08-28 07:17:27,378 [nioEventLoopGroup-43-1] INFO  logging.LoggingHandler (AbstractInternalLogger.java:log(148)) - [id: 0x9dc91465] BIND: 0.0.0.0/0.0.0.0:33563
2023-08-28 07:17:27,379 [JvmPauseMonitor10] INFO  util.JvmPauseMonitor (JvmPauseMonitor.java:run(146)) - JvmPauseMonitor-s3: Started
2023-08-28 07:17:27,379 [s4-impl-thread1] INFO  server.RaftServerConfigKeys (ConfUtils.java:logGet(46)) - raft.server.storage.free-space.min = 0MB (=0) (default)
2023-08-28 07:17:27,379 [s4-impl-thread1] INFO  server.RaftServerConfigKeys (ConfUtils.java:logGet(46)) - raft.server.log.corruption.policy = EXCEPTION (default)
2023-08-28 07:17:27,379 [s4-impl-thread1] INFO  server.RaftServerConfigKeys (ConfUtils.java:logGet(46)) - raft.server.storage.dir = [/home/runner/work/ratis/ratis/ratis-test/target/test/data/c5bbf9cd/MiniRaftClusterWithNettyaf9953c4/s4] (custom)
2023-08-28 07:17:27,379 [s4-impl-thread1] INFO  storage.RaftStorageDirectory (RaftStorageDirectoryImpl.java:analyzeStorage(138)) - The storage directory /home/runner/work/ratis/ratis/ratis-test/target/test/data/c5bbf9cd/MiniRaftClusterWithNettyaf9953c4/s4/091370ad-8421-438b-9440-439a96e27b3b does not exist. Creating ...
2023-08-28 07:17:27,379 [s4-impl-thread1] TRACE util.FileUtils (LogUtils.java:runAndLog(49)) - Successfully ran Files.createDirectories /home/runner/work/ratis/ratis/ratis-test/target/test/data/c5bbf9cd/MiniRaftClusterWithNettyaf9953c4/s4/091370ad-8421-438b-9440-439a96e27b3b
2023-08-28 07:17:27,379 [nioEventLoopGroup-43-1] INFO  logging.LoggingHandler (AbstractInternalLogger.java:log(148)) - [id: 0x9dc91465, L:/0.0.0.0:33563] ACTIVE
2023-08-28 07:17:27,380 [s4-impl-thread1] INFO  storage.RaftStorageDirectory (RaftStorageDirectoryImpl.java:tryLock(232)) - Lock on /home/runner/work/ratis/ratis/ratis-test/target/test/data/c5bbf9cd/MiniRaftClusterWithNettyaf9953c4/s4/091370ad-8421-438b-9440-439a96e27b3b/in_use.lock acquired by nodename 7908@fv-az1033-516
2023-08-28 07:17:27,381 [s4-impl-thread1] TRACE util.FileUtils (LogUtils.java:runAndLog(49)) - Successfully ran Files.createDirectories /home/runner/work/ratis/ratis/ratis-test/target/test/data/c5bbf9cd/MiniRaftClusterWithNettyaf9953c4/s4/091370ad-8421-438b-9440-439a96e27b3b/current
2023-08-28 07:17:27,381 [s4-impl-thread1] TRACE util.FileUtils (LogUtils.java:runAndLog(49)) - Successfully ran Files.createDirectories /home/runner/work/ratis/ratis/ratis-test/target/test/data/c5bbf9cd/MiniRaftClusterWithNettyaf9953c4/s4/091370ad-8421-438b-9440-439a96e27b3b/sm
2023-08-28 07:17:27,382 [s4-impl-thread1] INFO  storage.RaftStorage (RaftStorageImpl.java:format(97)) - Storage directory /home/runner/work/ratis/ratis/ratis-test/target/test/data/c5bbf9cd/MiniRaftClusterWithNettyaf9953c4/s4/091370ad-8421-438b-9440-439a96e27b3b has been successfully formatted.
2023-08-28 07:17:27,382 [s4-impl-thread1] INFO  server.RaftServerConfigKeys (ConfUtils.java:logGet(46)) - raft.server.log.use.memory = false (default)
2023-08-28 07:17:27,382 [s4-impl-thread1] INFO  server.RaftServerConfigKeys (ConfUtils.java:logGet(46)) - raft.server.log.purge.gap = 1024 (default)
2023-08-28 07:17:27,382 [s4-impl-thread1] INFO  server.RaftServerConfigKeys (ConfUtils.java:logGet(46)) - raft.server.log.appender.buffer.byte-limit = 4MB (=4194304) (default)
2023-08-28 07:17:27,382 [s4-impl-thread1] INFO  server.RaftServerConfigKeys (ConfUtils.java:logGet(46)) - raft.server.log.statemachine.data.read.timeout = 1000ms (default)
2023-08-28 07:17:27,382 [s4-impl-thread1] INFO  server.RaftServerConfigKeys (ConfUtils.java:logGet(46)) - raft.server.log.purge.preservation.log.num = 0 (default)
2023-08-28 07:17:27,383 [s4-impl-thread1] INFO  server.RaftServerConfigKeys (ConfUtils.java:logGet(46)) - raft.server.log.segment.size.max = 8MB (=8388608) (default)
2023-08-28 07:17:27,383 [s4-impl-thread1] INFO  server.RaftServerConfigKeys (ConfUtils.java:logGet(46)) - raft.server.log.segment.cache.num.max = 6 (default)
2023-08-28 07:17:27,383 [s4-impl-thread1] INFO  server.RaftServerConfigKeys (ConfUtils.java:logGet(46)) - raft.server.log.segment.cache.size.max = 200MB (=209715200) (default)
2023-08-28 07:17:27,383 [s4-impl-thread1] INFO  server.RaftServerConfigKeys (ConfUtils.java:logGet(46)) - raft.server.log.appender.buffer.byte-limit = 4MB (=4194304) (default)
2023-08-28 07:17:27,383 [s4-impl-thread1] INFO  segmented.SegmentedRaftLogWorker (SegmentedRaftLogWorker.java:<init>(183)) - new s4@group-439A96E27B3B-SegmentedRaftLogWorker for RaftStorageImpl:Storage Directory /home/runner/work/ratis/ratis/ratis-test/target/test/data/c5bbf9cd/MiniRaftClusterWithNettyaf9953c4/s4/091370ad-8421-438b-9440-439a96e27b3b
2023-08-28 07:17:27,383 [s4-impl-thread1] INFO  server.RaftServerConfigKeys (ConfUtils.java:logGet(46)) - raft.server.log.queue.byte-limit = 64MB (=67108864) (default)
2023-08-28 07:17:27,383 [s4-impl-thread1] INFO  server.RaftServerConfigKeys (ConfUtils.java:logGet(46)) - raft.server.log.queue.element-limit = 4096 (default)
2023-08-28 07:17:27,383 [s4-impl-thread1] INFO  server.RaftServerConfigKeys (ConfUtils.java:logGet(46)) - raft.server.log.segment.size.max = 8MB (=8388608) (default)
2023-08-28 07:17:27,383 [s4-impl-thread1] INFO  server.RaftServerConfigKeys (ConfUtils.java:logGet(46)) - raft.server.log.preallocated.size = 4MB (=4194304) (default)
2023-08-28 07:17:27,383 [s4-impl-thread1] INFO  server.RaftServerConfigKeys (ConfUtils.java:logGet(46)) - raft.server.log.force.sync.num = 128 (default)
2023-08-28 07:17:27,383 [s4-impl-thread1] INFO  server.RaftServerConfigKeys (ConfUtils.java:logGet(46)) - raft.server.log.statemachine.data.sync = true (default)
2023-08-28 07:17:27,383 [s4-impl-thread1] INFO  server.RaftServerConfigKeys (ConfUtils.java:logGet(46)) - raft.server.log.statemachine.data.sync.timeout = 10s (default)
2023-08-28 07:17:27,383 [s4-impl-thread1] INFO  server.RaftServerConfigKeys (ConfUtils.java:logGet(46)) - raft.server.log.statemachine.data.sync.timeout.retry = -1 (default)
2023-08-28 07:17:27,383 [s4-impl-thread1] INFO  server.RaftServerConfigKeys (ConfUtils.java:logGet(46)) - raft.server.log.write.buffer.size = 64KB (=65536) (default)
2023-08-28 07:17:27,383 [s4-impl-thread1] INFO  server.RaftServerConfigKeys (ConfUtils.java:logGet(46)) - raft.server.log.appender.buffer.byte-limit = 4MB (=4194304) (default)
2023-08-28 07:17:27,383 [s4-impl-thread1] INFO  server.RaftServerConfigKeys (ConfUtils.java:logGet(46)) - raft.server.log.unsafe-flush.enabled = false (default)
2023-08-28 07:17:27,383 [s4-impl-thread1] INFO  server.RaftServerConfigKeys (ConfUtils.java:logGet(46)) - raft.server.log.async-flush.enabled = false (default)
2023-08-28 07:17:27,384 [s4-impl-thread1] INFO  server.RaftServerConfigKeys (ConfUtils.java:logGet(46)) - raft.server.log.statemachine.data.caching.enabled = false (default)
2023-08-28 07:17:27,384 [s4-impl-thread1] INFO  segmented.SegmentedRaftLogWorker (SegmentedRaftLogWorker.java:lambda$new$0(134)) - s4@group-439A96E27B3B-SegmentedRaftLogWorker: flushIndex: setUnconditionally 0 -> -1
2023-08-28 07:17:27,384 [s4-impl-thread1] INFO  segmented.SegmentedRaftLogWorker (SegmentedRaftLogWorker.java:lambda$new$0(134)) - s4@group-439A96E27B3B-SegmentedRaftLogWorker: safeCacheEvictIndex: setUnconditionally 0 -> -1
2023-08-28 07:17:27,385 [s4-impl-thread1] INFO  server.RaftServer$Division (RaftServerImpl.java:start(390)) - s4@group-439A96E27B3B: start with initializing state, conf=-1: peers:[]|listeners:[], old=null
2023-08-28 07:17:27,385 [s4-impl-thread1] INFO  server.RaftServer$Division (RaftServerImpl.java:setRole(371)) - s4@group-439A96E27B3B: changes role from      null to FOLLOWER at term 0 for startInitializing
2023-08-28 07:17:27,385 [s4-impl-thread1] INFO  util.JmxRegister (JmxRegister.java:tryRegister(44)) - Successfully registered JMX Bean with object name Ratis:service=RaftServer,group=group-439A96E27B3B,id=s4
2023-08-28 07:17:27,385 [s4-impl-thread1] INFO  server.RaftServerConfigKeys (ConfUtils.java:logGet(46)) - raft.server.snapshot.trigger-when-stop.enabled = true (default)
2023-08-28 07:17:27,385 [s4-impl-thread1] INFO  server.RaftServerConfigKeys (ConfUtils.java:logGet(46)) - raft.server.snapshot.auto.trigger.enabled = false (default)
2023-08-28 07:17:27,386 [s4-impl-thread1] INFO  server.RaftServerConfigKeys (ConfUtils.java:logGet(46)) - raft.server.snapshot.retention.file.num = -1 (default)
2023-08-28 07:17:27,386 [s4-impl-thread1] INFO  server.RaftServerConfigKeys (ConfUtils.java:logGet(46)) - raft.server.log.purge.upto.snapshot.index = false (default)
2023-08-28 07:17:27,386 [Time-limited test] INFO  server.RaftServer (RaftServerProxy.java:startImpl(404)) - s4: start RPC server
2023-08-28 07:17:27,387 [nioEventLoopGroup-46-1] INFO  logging.LoggingHandler (AbstractInternalLogger.java:log(148)) - [id: 0x48617d01] REGISTERED
2023-08-28 07:17:27,387 [nioEventLoopGroup-46-1] INFO  logging.LoggingHandler (AbstractInternalLogger.java:log(148)) - [id: 0x48617d01] BIND: 0.0.0.0/0.0.0.0:37139
2023-08-28 07:17:27,388 [nioEventLoopGroup-46-1] INFO  logging.LoggingHandler (AbstractInternalLogger.java:log(148)) - [id: 0x48617d01, L:/0.0.0.0:37139] ACTIVE
2023-08-28 07:17:27,388 [s0-impl-thread1] INFO  server.RaftServerConfigKeys (ConfUtils.java:logGet(46)) - raft.server.storage.free-space.min = 0MB (=0) (default)
2023-08-28 07:17:27,388 [s0-impl-thread1] INFO  server.RaftServerConfigKeys (ConfUtils.java:logGet(46)) - raft.server.log.corruption.policy = EXCEPTION (default)
2023-08-28 07:17:27,388 [s0-impl-thread1] INFO  server.RaftServerConfigKeys (ConfUtils.java:logGet(46)) - raft.server.storage.dir = [/home/runner/work/ratis/ratis/ratis-test/target/test/data/c5bbf9cd/MiniRaftClusterWithNettyaf9953c4/s0] (custom)
2023-08-28 07:17:27,388 [s0-impl-thread1] INFO  storage.RaftStorageDirectory (RaftStorageDirectoryImpl.java:analyzeStorage(138)) - The storage directory /home/runner/work/ratis/ratis/ratis-test/target/test/data/c5bbf9cd/MiniRaftClusterWithNettyaf9953c4/s0/091370ad-8421-438b-9440-439a96e27b3b does not exist. Creating ...
2023-08-28 07:17:27,388 [s0-impl-thread1] TRACE util.FileUtils (LogUtils.java:runAndLog(49)) - Successfully ran Files.createDirectories /home/runner/work/ratis/ratis/ratis-test/target/test/data/c5bbf9cd/MiniRaftClusterWithNettyaf9953c4/s0/091370ad-8421-438b-9440-439a96e27b3b
2023-08-28 07:17:27,390 [JvmPauseMonitor11] INFO  util.JvmPauseMonitor (JvmPauseMonitor.java:run(146)) - JvmPauseMonitor-s4: Started
2023-08-28 07:17:27,391 [s0-impl-thread1] INFO  storage.RaftStorageDirectory (RaftStorageDirectoryImpl.java:tryLock(232)) - Lock on /home/runner/work/ratis/ratis/ratis-test/target/test/data/c5bbf9cd/MiniRaftClusterWithNettyaf9953c4/s0/091370ad-8421-438b-9440-439a96e27b3b/in_use.lock acquired by nodename 7908@fv-az1033-516
2023-08-28 07:17:27,392 [s0-impl-thread1] TRACE util.FileUtils (LogUtils.java:runAndLog(49)) - Successfully ran Files.createDirectories /home/runner/work/ratis/ratis/ratis-test/target/test/data/c5bbf9cd/MiniRaftClusterWithNettyaf9953c4/s0/091370ad-8421-438b-9440-439a96e27b3b/current
2023-08-28 07:17:27,392 [s0-impl-thread1] TRACE util.FileUtils (LogUtils.java:runAndLog(49)) - Successfully ran Files.createDirectories /home/runner/work/ratis/ratis/ratis-test/target/test/data/c5bbf9cd/MiniRaftClusterWithNettyaf9953c4/s0/091370ad-8421-438b-9440-439a96e27b3b/sm
2023-08-28 07:17:27,393 [s0-impl-thread1] INFO  storage.RaftStorage (RaftStorageImpl.java:format(97)) - Storage directory /home/runner/work/ratis/ratis/ratis-test/target/test/data/c5bbf9cd/MiniRaftClusterWithNettyaf9953c4/s0/091370ad-8421-438b-9440-439a96e27b3b has been successfully formatted.
2023-08-28 07:17:27,393 [s0-impl-thread1] INFO  server.RaftServerConfigKeys (ConfUtils.java:logGet(46)) - raft.server.log.use.memory = false (default)
2023-08-28 07:17:27,394 [s0-impl-thread1] INFO  server.RaftServerConfigKeys (ConfUtils.java:logGet(46)) - raft.server.log.purge.gap = 1024 (default)
2023-08-28 07:17:27,394 [s0-impl-thread1] INFO  server.RaftServerConfigKeys (ConfUtils.java:logGet(46)) - raft.server.log.appender.buffer.byte-limit = 4MB (=4194304) (default)
2023-08-28 07:17:27,394 [s0-impl-thread1] INFO  server.RaftServerConfigKeys (ConfUtils.java:logGet(46)) - raft.server.log.statemachine.data.read.timeout = 1000ms (default)
2023-08-28 07:17:27,394 [s0-impl-thread1] INFO  server.RaftServerConfigKeys (ConfUtils.java:logGet(46)) - raft.server.log.purge.preservation.log.num = 0 (default)
2023-08-28 07:17:27,394 [s0-impl-thread1] INFO  server.RaftServerConfigKeys (ConfUtils.java:logGet(46)) - raft.server.log.segment.size.max = 8MB (=8388608) (default)
2023-08-28 07:17:27,394 [s0-impl-thread1] INFO  server.RaftServerConfigKeys (ConfUtils.java:logGet(46)) - raft.server.log.segment.cache.num.max = 6 (default)
2023-08-28 07:17:27,394 [s0-impl-thread1] INFO  server.RaftServerConfigKeys (ConfUtils.java:logGet(46)) - raft.server.log.segment.cache.size.max = 200MB (=209715200) (default)
2023-08-28 07:17:27,394 [s0-impl-thread1] INFO  server.RaftServerConfigKeys (ConfUtils.java:logGet(46)) - raft.server.log.appender.buffer.byte-limit = 4MB (=4194304) (default)
2023-08-28 07:17:27,394 [s0-impl-thread1] INFO  segmented.SegmentedRaftLogWorker (SegmentedRaftLogWorker.java:<init>(183)) - new s0@group-439A96E27B3B-SegmentedRaftLogWorker for RaftStorageImpl:Storage Directory /home/runner/work/ratis/ratis/ratis-test/target/test/data/c5bbf9cd/MiniRaftClusterWithNettyaf9953c4/s0/091370ad-8421-438b-9440-439a96e27b3b
2023-08-28 07:17:27,394 [s0-impl-thread1] INFO  server.RaftServerConfigKeys (ConfUtils.java:logGet(46)) - raft.server.log.queue.byte-limit = 64MB (=67108864) (default)
2023-08-28 07:17:27,394 [s0-impl-thread1] INFO  server.RaftServerConfigKeys (ConfUtils.java:logGet(46)) - raft.server.log.queue.element-limit = 4096 (default)
2023-08-28 07:17:27,394 [s0-impl-thread1] INFO  server.RaftServerConfigKeys (ConfUtils.java:logGet(46)) - raft.server.log.segment.size.max = 8MB (=8388608) (default)
2023-08-28 07:17:27,394 [s0-impl-thread1] INFO  server.RaftServerConfigKeys (ConfUtils.java:logGet(46)) - raft.server.log.preallocated.size = 4MB (=4194304) (default)
2023-08-28 07:17:27,394 [s0-impl-thread1] INFO  server.RaftServerConfigKeys (ConfUtils.java:logGet(46)) - raft.server.log.force.sync.num = 128 (default)
2023-08-28 07:17:27,394 [s0-impl-thread1] INFO  server.RaftServerConfigKeys (ConfUtils.java:logGet(46)) - raft.server.log.statemachine.data.sync = true (default)
2023-08-28 07:17:27,394 [s0-impl-thread1] INFO  server.RaftServerConfigKeys (ConfUtils.java:logGet(46)) - raft.server.log.statemachine.data.sync.timeout = 10s (default)
2023-08-28 07:17:27,394 [s0-impl-thread1] INFO  server.RaftServerConfigKeys (ConfUtils.java:logGet(46)) - raft.server.log.statemachine.data.sync.timeout.retry = -1 (default)
2023-08-28 07:17:27,394 [s0-impl-thread1] INFO  server.RaftServerConfigKeys (ConfUtils.java:logGet(46)) - raft.server.log.write.buffer.size = 64KB (=65536) (default)
2023-08-28 07:17:27,394 [s0-impl-thread1] INFO  server.RaftServerConfigKeys (ConfUtils.java:logGet(46)) - raft.server.log.appender.buffer.byte-limit = 4MB (=4194304) (default)
2023-08-28 07:17:27,395 [s0-impl-thread1] INFO  server.RaftServerConfigKeys (ConfUtils.java:logGet(46)) - raft.server.log.unsafe-flush.enabled = false (default)
2023-08-28 07:17:27,395 [s0-impl-thread1] INFO  server.RaftServerConfigKeys (ConfUtils.java:logGet(46)) - raft.server.log.async-flush.enabled = false (default)
2023-08-28 07:17:27,395 [s0-impl-thread1] INFO  server.RaftServerConfigKeys (ConfUtils.java:logGet(46)) - raft.server.log.statemachine.data.caching.enabled = false (default)
2023-08-28 07:17:27,395 [s0-impl-thread1] INFO  segmented.SegmentedRaftLogWorker (SegmentedRaftLogWorker.java:lambda$new$0(134)) - s0@group-439A96E27B3B-SegmentedRaftLogWorker: flushIndex: setUnconditionally 0 -> -1
2023-08-28 07:17:27,395 [s0-impl-thread1] INFO  segmented.SegmentedRaftLogWorker (SegmentedRaftLogWorker.java:lambda$new$0(134)) - s0@group-439A96E27B3B-SegmentedRaftLogWorker: safeCacheEvictIndex: setUnconditionally 0 -> -1
2023-08-28 07:17:27,398 [s0-impl-thread1] INFO  server.RaftServer$Division (RaftServerImpl.java:start(390)) - s0@group-439A96E27B3B: start with initializing state, conf=-1: peers:[]|listeners:[], old=null
2023-08-28 07:17:27,398 [s0-impl-thread1] INFO  server.RaftServer$Division (RaftServerImpl.java:setRole(371)) - s0@group-439A96E27B3B: changes role from      null to FOLLOWER at term 0 for startInitializing
2023-08-28 07:17:27,398 [s0-impl-thread1] INFO  util.JmxRegister (JmxRegister.java:tryRegister(44)) - Successfully registered JMX Bean with object name Ratis:service=RaftServer,group=group-439A96E27B3B,id=s0
2023-08-28 07:17:27,398 [s0-impl-thread1] INFO  server.RaftServerConfigKeys (ConfUtils.java:logGet(46)) - raft.server.snapshot.trigger-when-stop.enabled = true (default)
2023-08-28 07:17:27,398 [s0-impl-thread1] INFO  server.RaftServerConfigKeys (ConfUtils.java:logGet(46)) - raft.server.snapshot.auto.trigger.enabled = false (default)
2023-08-28 07:17:27,398 [s0-impl-thread1] INFO  server.RaftServerConfigKeys (ConfUtils.java:logGet(46)) - raft.server.snapshot.retention.file.num = -1 (default)
2023-08-28 07:17:27,398 [s0-impl-thread1] INFO  server.RaftServerConfigKeys (ConfUtils.java:logGet(46)) - raft.server.log.purge.upto.snapshot.index = false (default)
2023-08-28 07:17:27,399 [Time-limited test] INFO  server.RaftServer (RaftServerProxy.java:startImpl(404)) - s0: start RPC server
2023-08-28 07:17:27,403 [nioEventLoopGroup-35-1] INFO  logging.LoggingHandler (AbstractInternalLogger.java:log(148)) - [id: 0x45169e80] REGISTERED
2023-08-28 07:17:27,403 [nioEventLoopGroup-35-1] INFO  logging.LoggingHandler (AbstractInternalLogger.java:log(148)) - [id: 0x45169e80] BIND: 0.0.0.0/0.0.0.0:33275
2023-08-28 07:17:27,403 [nioEventLoopGroup-35-1] INFO  logging.LoggingHandler (AbstractInternalLogger.java:log(148)) - [id: 0x45169e80, L:/0.0.0.0:33275] ACTIVE
2023-08-28 07:17:27,403 [s1-impl-thread1] INFO  server.RaftServerConfigKeys (ConfUtils.java:logGet(46)) - raft.server.storage.free-space.min = 0MB (=0) (default)
2023-08-28 07:17:27,403 [s1-impl-thread1] INFO  server.RaftServerConfigKeys (ConfUtils.java:logGet(46)) - raft.server.log.corruption.policy = EXCEPTION (default)
2023-08-28 07:17:27,403 [s1-impl-thread1] INFO  server.RaftServerConfigKeys (ConfUtils.java:logGet(46)) - raft.server.storage.dir = [/home/runner/work/ratis/ratis/ratis-test/target/test/data/c5bbf9cd/MiniRaftClusterWithNettyaf9953c4/s1] (custom)
2023-08-28 07:17:27,403 [s1-impl-thread1] INFO  storage.RaftStorageDirectory (RaftStorageDirectoryImpl.java:analyzeStorage(138)) - The storage directory /home/runner/work/ratis/ratis/ratis-test/target/test/data/c5bbf9cd/MiniRaftClusterWithNettyaf9953c4/s1/091370ad-8421-438b-9440-439a96e27b3b does not exist. Creating ...
2023-08-28 07:17:27,403 [s1-impl-thread1] TRACE util.FileUtils (LogUtils.java:runAndLog(49)) - Successfully ran Files.createDirectories /home/runner/work/ratis/ratis/ratis-test/target/test/data/c5bbf9cd/MiniRaftClusterWithNettyaf9953c4/s1/091370ad-8421-438b-9440-439a96e27b3b
2023-08-28 07:17:27,404 [JvmPauseMonitor12] INFO  util.JvmPauseMonitor (JvmPauseMonitor.java:run(146)) - JvmPauseMonitor-s0: Started
2023-08-28 07:17:27,405 [s1-impl-thread1] INFO  storage.RaftStorageDirectory (RaftStorageDirectoryImpl.java:tryLock(232)) - Lock on /home/runner/work/ratis/ratis/ratis-test/target/test/data/c5bbf9cd/MiniRaftClusterWithNettyaf9953c4/s1/091370ad-8421-438b-9440-439a96e27b3b/in_use.lock acquired by nodename 7908@fv-az1033-516
2023-08-28 07:17:27,405 [s1-impl-thread1] TRACE util.FileUtils (LogUtils.java:runAndLog(49)) - Successfully ran Files.createDirectories /home/runner/work/ratis/ratis/ratis-test/target/test/data/c5bbf9cd/MiniRaftClusterWithNettyaf9953c4/s1/091370ad-8421-438b-9440-439a96e27b3b/current
2023-08-28 07:17:27,405 [s1-impl-thread1] TRACE util.FileUtils (LogUtils.java:runAndLog(49)) - Successfully ran Files.createDirectories /home/runner/work/ratis/ratis/ratis-test/target/test/data/c5bbf9cd/MiniRaftClusterWithNettyaf9953c4/s1/091370ad-8421-438b-9440-439a96e27b3b/sm
2023-08-28 07:17:27,406 [s1-impl-thread1] INFO  storage.RaftStorage (RaftStorageImpl.java:format(97)) - Storage directory /home/runner/work/ratis/ratis/ratis-test/target/test/data/c5bbf9cd/MiniRaftClusterWithNettyaf9953c4/s1/091370ad-8421-438b-9440-439a96e27b3b has been successfully formatted.
2023-08-28 07:17:27,406 [s1-impl-thread1] INFO  server.RaftServerConfigKeys (ConfUtils.java:logGet(46)) - raft.server.log.use.memory = false (default)
2023-08-28 07:17:27,406 [s1-impl-thread1] INFO  server.RaftServerConfigKeys (ConfUtils.java:logGet(46)) - raft.server.log.purge.gap = 1024 (default)
2023-08-28 07:17:27,406 [s1-impl-thread1] INFO  server.RaftServerConfigKeys (ConfUtils.java:logGet(46)) - raft.server.log.appender.buffer.byte-limit = 4MB (=4194304) (default)
2023-08-28 07:17:27,406 [s1-impl-thread1] INFO  server.RaftServerConfigKeys (ConfUtils.java:logGet(46)) - raft.server.log.statemachine.data.read.timeout = 1000ms (default)
2023-08-28 07:17:27,406 [s1-impl-thread1] INFO  server.RaftServerConfigKeys (ConfUtils.java:logGet(46)) - raft.server.log.purge.preservation.log.num = 0 (default)
2023-08-28 07:17:27,407 [s1-impl-thread1] INFO  server.RaftServerConfigKeys (ConfUtils.java:logGet(46)) - raft.server.log.segment.size.max = 8MB (=8388608) (default)
2023-08-28 07:17:27,407 [s1-impl-thread1] INFO  server.RaftServerConfigKeys (ConfUtils.java:logGet(46)) - raft.server.log.segment.cache.num.max = 6 (default)
2023-08-28 07:17:27,407 [s1-impl-thread1] INFO  server.RaftServerConfigKeys (ConfUtils.java:logGet(46)) - raft.server.log.segment.cache.size.max = 200MB (=209715200) (default)
2023-08-28 07:17:27,407 [s1-impl-thread1] INFO  server.RaftServerConfigKeys (ConfUtils.java:logGet(46)) - raft.server.log.appender.buffer.byte-limit = 4MB (=4194304) (default)
2023-08-28 07:17:27,407 [s1-impl-thread1] INFO  segmented.SegmentedRaftLogWorker (SegmentedRaftLogWorker.java:<init>(183)) - new s1@group-439A96E27B3B-SegmentedRaftLogWorker for RaftStorageImpl:Storage Directory /home/runner/work/ratis/ratis/ratis-test/target/test/data/c5bbf9cd/MiniRaftClusterWithNettyaf9953c4/s1/091370ad-8421-438b-9440-439a96e27b3b
2023-08-28 07:17:27,407 [s1-impl-thread1] INFO  server.RaftServerConfigKeys (ConfUtils.java:logGet(46)) - raft.server.log.queue.byte-limit = 64MB (=67108864) (default)
2023-08-28 07:17:27,407 [s1-impl-thread1] INFO  server.RaftServerConfigKeys (ConfUtils.java:logGet(46)) - raft.server.log.queue.element-limit = 4096 (default)
2023-08-28 07:17:27,407 [s1-impl-thread1] INFO  server.RaftServerConfigKeys (ConfUtils.java:logGet(46)) - raft.server.log.segment.size.max = 8MB (=8388608) (default)
2023-08-28 07:17:27,407 [s1-impl-thread1] INFO  server.RaftServerConfigKeys (ConfUtils.java:logGet(46)) - raft.server.log.preallocated.size = 4MB (=4194304) (default)
2023-08-28 07:17:27,407 [s1-impl-thread1] INFO  server.RaftServerConfigKeys (ConfUtils.java:logGet(46)) - raft.server.log.force.sync.num = 128 (default)
2023-08-28 07:17:27,407 [s1-impl-thread1] INFO  server.RaftServerConfigKeys (ConfUtils.java:logGet(46)) - raft.server.log.statemachine.data.sync = true (default)
2023-08-28 07:17:27,407 [s1-impl-thread1] INFO  server.RaftServerConfigKeys (ConfUtils.java:logGet(46)) - raft.server.log.statemachine.data.sync.timeout = 10s (default)
2023-08-28 07:17:27,407 [s1-impl-thread1] INFO  server.RaftServerConfigKeys (ConfUtils.java:logGet(46)) - raft.server.log.statemachine.data.sync.timeout.retry = -1 (default)
2023-08-28 07:17:27,407 [s1-impl-thread1] INFO  server.RaftServerConfigKeys (ConfUtils.java:logGet(46)) - raft.server.log.write.buffer.size = 64KB (=65536) (default)
2023-08-28 07:17:27,407 [s1-impl-thread1] INFO  server.RaftServerConfigKeys (ConfUtils.java:logGet(46)) - raft.server.log.appender.buffer.byte-limit = 4MB (=4194304) (default)
2023-08-28 07:17:27,408 [s1-impl-thread1] INFO  server.RaftServerConfigKeys (ConfUtils.java:logGet(46)) - raft.server.log.unsafe-flush.enabled = false (default)
2023-08-28 07:17:27,408 [s1-impl-thread1] INFO  server.RaftServerConfigKeys (ConfUtils.java:logGet(46)) - raft.server.log.async-flush.enabled = false (default)
2023-08-28 07:17:27,408 [s1-impl-thread1] INFO  server.RaftServerConfigKeys (ConfUtils.java:logGet(46)) - raft.server.log.statemachine.data.caching.enabled = false (default)
2023-08-28 07:17:27,408 [s1-impl-thread1] INFO  segmented.SegmentedRaftLogWorker (SegmentedRaftLogWorker.java:lambda$new$0(134)) - s1@group-439A96E27B3B-SegmentedRaftLogWorker: flushIndex: setUnconditionally 0 -> -1
2023-08-28 07:17:27,408 [s1-impl-thread1] INFO  segmented.SegmentedRaftLogWorker (SegmentedRaftLogWorker.java:lambda$new$0(134)) - s1@group-439A96E27B3B-SegmentedRaftLogWorker: safeCacheEvictIndex: setUnconditionally 0 -> -1
2023-08-28 07:17:27,410 [s1-impl-thread1] INFO  server.RaftServer$Division (RaftServerImpl.java:start(390)) - s1@group-439A96E27B3B: start with initializing state, conf=-1: peers:[]|listeners:[], old=null
2023-08-28 07:17:27,410 [s1-impl-thread1] INFO  server.RaftServer$Division (RaftServerImpl.java:setRole(371)) - s1@group-439A96E27B3B: changes role from      null to FOLLOWER at term 0 for startInitializing
2023-08-28 07:17:27,410 [s1-impl-thread1] INFO  util.JmxRegister (JmxRegister.java:tryRegister(44)) - Successfully registered JMX Bean with object name Ratis:service=RaftServer,group=group-439A96E27B3B,id=s1
2023-08-28 07:17:27,410 [s1-impl-thread1] INFO  server.RaftServerConfigKeys (ConfUtils.java:logGet(46)) - raft.server.snapshot.trigger-when-stop.enabled = true (default)
2023-08-28 07:17:27,410 [s1-impl-thread1] INFO  server.RaftServerConfigKeys (ConfUtils.java:logGet(46)) - raft.server.snapshot.auto.trigger.enabled = false (default)
2023-08-28 07:17:27,410 [s1-impl-thread1] INFO  server.RaftServerConfigKeys (ConfUtils.java:logGet(46)) - raft.server.snapshot.retention.file.num = -1 (default)
2023-08-28 07:17:27,410 [s1-impl-thread1] INFO  server.RaftServerConfigKeys (ConfUtils.java:logGet(46)) - raft.server.log.purge.upto.snapshot.index = false (default)
2023-08-28 07:17:27,412 [Time-limited test] INFO  server.RaftServer (RaftServerProxy.java:startImpl(404)) - s1: start RPC server
2023-08-28 07:17:27,412 [nioEventLoopGroup-38-1] INFO  logging.LoggingHandler (AbstractInternalLogger.java:log(148)) - [id: 0xb90f80b7] REGISTERED
2023-08-28 07:17:27,413 [nioEventLoopGroup-38-1] INFO  logging.LoggingHandler (AbstractInternalLogger.java:log(148)) - [id: 0xb90f80b7] BIND: 0.0.0.0/0.0.0.0:37201
2023-08-28 07:17:27,413 [nioEventLoopGroup-38-1] INFO  logging.LoggingHandler (AbstractInternalLogger.java:log(148)) - [id: 0xb90f80b7, L:/0.0.0.0:37201] ACTIVE
2023-08-28 07:17:27,413 [s2-impl-thread1] INFO  server.RaftServerConfigKeys (ConfUtils.java:logGet(46)) - raft.server.storage.free-space.min = 0MB (=0) (default)
2023-08-28 07:17:27,413 [s2-impl-thread1] INFO  server.RaftServerConfigKeys (ConfUtils.java:logGet(46)) - raft.server.log.corruption.policy = EXCEPTION (default)
2023-08-28 07:17:27,413 [s2-impl-thread1] INFO  server.RaftServerConfigKeys (ConfUtils.java:logGet(46)) - raft.server.storage.dir = [/home/runner/work/ratis/ratis/ratis-test/target/test/data/c5bbf9cd/MiniRaftClusterWithNettyaf9953c4/s2] (custom)
2023-08-28 07:17:27,413 [s2-impl-thread1] INFO  storage.RaftStorageDirectory (RaftStorageDirectoryImpl.java:analyzeStorage(138)) - The storage directory /home/runner/work/ratis/ratis/ratis-test/target/test/data/c5bbf9cd/MiniRaftClusterWithNettyaf9953c4/s2/091370ad-8421-438b-9440-439a96e27b3b does not exist. Creating ...
2023-08-28 07:17:27,413 [s2-impl-thread1] TRACE util.FileUtils (LogUtils.java:runAndLog(49)) - Successfully ran Files.createDirectories /home/runner/work/ratis/ratis/ratis-test/target/test/data/c5bbf9cd/MiniRaftClusterWithNettyaf9953c4/s2/091370ad-8421-438b-9440-439a96e27b3b
2023-08-28 07:17:27,414 [JvmPauseMonitor13] INFO  util.JvmPauseMonitor (JvmPauseMonitor.java:run(146)) - JvmPauseMonitor-s1: Started
2023-08-28 07:17:27,415 [s2-impl-thread1] INFO  storage.RaftStorageDirectory (RaftStorageDirectoryImpl.java:tryLock(232)) - Lock on /home/runner/work/ratis/ratis/ratis-test/target/test/data/c5bbf9cd/MiniRaftClusterWithNettyaf9953c4/s2/091370ad-8421-438b-9440-439a96e27b3b/in_use.lock acquired by nodename 7908@fv-az1033-516
2023-08-28 07:17:27,415 [s2-impl-thread1] TRACE util.FileUtils (LogUtils.java:runAndLog(49)) - Successfully ran Files.createDirectories /home/runner/work/ratis/ratis/ratis-test/target/test/data/c5bbf9cd/MiniRaftClusterWithNettyaf9953c4/s2/091370ad-8421-438b-9440-439a96e27b3b/current
2023-08-28 07:17:27,415 [s2-impl-thread1] TRACE util.FileUtils (LogUtils.java:runAndLog(49)) - Successfully ran Files.createDirectories /home/runner/work/ratis/ratis/ratis-test/target/test/data/c5bbf9cd/MiniRaftClusterWithNettyaf9953c4/s2/091370ad-8421-438b-9440-439a96e27b3b/sm
2023-08-28 07:17:27,416 [s2-impl-thread1] INFO  storage.RaftStorage (RaftStorageImpl.java:format(97)) - Storage directory /home/runner/work/ratis/ratis/ratis-test/target/test/data/c5bbf9cd/MiniRaftClusterWithNettyaf9953c4/s2/091370ad-8421-438b-9440-439a96e27b3b has been successfully formatted.
2023-08-28 07:17:27,416 [s2-impl-thread1] INFO  server.RaftServerConfigKeys (ConfUtils.java:logGet(46)) - raft.server.log.use.memory = false (default)
2023-08-28 07:17:27,416 [s2-impl-thread1] INFO  server.RaftServerConfigKeys (ConfUtils.java:logGet(46)) - raft.server.log.purge.gap = 1024 (default)
2023-08-28 07:17:27,416 [s2-impl-thread1] INFO  server.RaftServerConfigKeys (ConfUtils.java:logGet(46)) - raft.server.log.appender.buffer.byte-limit = 4MB (=4194304) (default)
2023-08-28 07:17:27,416 [s2-impl-thread1] INFO  server.RaftServerConfigKeys (ConfUtils.java:logGet(46)) - raft.server.log.statemachine.data.read.timeout = 1000ms (default)
2023-08-28 07:17:27,416 [s2-impl-thread1] INFO  server.RaftServerConfigKeys (ConfUtils.java:logGet(46)) - raft.server.log.purge.preservation.log.num = 0 (default)
2023-08-28 07:17:27,417 [s2-impl-thread1] INFO  server.RaftServerConfigKeys (ConfUtils.java:logGet(46)) - raft.server.log.segment.size.max = 8MB (=8388608) (default)
2023-08-28 07:17:27,417 [s2-impl-thread1] INFO  server.RaftServerConfigKeys (ConfUtils.java:logGet(46)) - raft.server.log.segment.cache.num.max = 6 (default)
2023-08-28 07:17:27,417 [s2-impl-thread1] INFO  server.RaftServerConfigKeys (ConfUtils.java:logGet(46)) - raft.server.log.segment.cache.size.max = 200MB (=209715200) (default)
2023-08-28 07:17:27,417 [s2-impl-thread1] INFO  server.RaftServerConfigKeys (ConfUtils.java:logGet(46)) - raft.server.log.appender.buffer.byte-limit = 4MB (=4194304) (default)
2023-08-28 07:17:27,417 [s2-impl-thread1] INFO  segmented.SegmentedRaftLogWorker (SegmentedRaftLogWorker.java:<init>(183)) - new s2@group-439A96E27B3B-SegmentedRaftLogWorker for RaftStorageImpl:Storage Directory /home/runner/work/ratis/ratis/ratis-test/target/test/data/c5bbf9cd/MiniRaftClusterWithNettyaf9953c4/s2/091370ad-8421-438b-9440-439a96e27b3b
2023-08-28 07:17:27,417 [s2-impl-thread1] INFO  server.RaftServerConfigKeys (ConfUtils.java:logGet(46)) - raft.server.log.queue.byte-limit = 64MB (=67108864) (default)
2023-08-28 07:17:27,417 [s2-impl-thread1] INFO  server.RaftServerConfigKeys (ConfUtils.java:logGet(46)) - raft.server.log.queue.element-limit = 4096 (default)
2023-08-28 07:17:27,417 [s2-impl-thread1] INFO  server.RaftServerConfigKeys (ConfUtils.java:logGet(46)) - raft.server.log.segment.size.max = 8MB (=8388608) (default)
2023-08-28 07:17:27,417 [s2-impl-thread1] INFO  server.RaftServerConfigKeys (ConfUtils.java:logGet(46)) - raft.server.log.preallocated.size = 4MB (=4194304) (default)
2023-08-28 07:17:27,417 [s2-impl-thread1] INFO  server.RaftServerConfigKeys (ConfUtils.java:logGet(46)) - raft.server.log.force.sync.num = 128 (default)
2023-08-28 07:17:27,417 [s2-impl-thread1] INFO  server.RaftServerConfigKeys (ConfUtils.java:logGet(46)) - raft.server.log.statemachine.data.sync = true (default)
2023-08-28 07:17:27,417 [s2-impl-thread1] INFO  server.RaftServerConfigKeys (ConfUtils.java:logGet(46)) - raft.server.log.statemachine.data.sync.timeout = 10s (default)
2023-08-28 07:17:27,417 [s2-impl-thread1] INFO  server.RaftServerConfigKeys (ConfUtils.java:logGet(46)) - raft.server.log.statemachine.data.sync.timeout.retry = -1 (default)
2023-08-28 07:17:27,417 [s2-impl-thread1] INFO  server.RaftServerConfigKeys (ConfUtils.java:logGet(46)) - raft.server.log.write.buffer.size = 64KB (=65536) (default)
2023-08-28 07:17:27,417 [s2-impl-thread1] INFO  server.RaftServerConfigKeys (ConfUtils.java:logGet(46)) - raft.server.log.appender.buffer.byte-limit = 4MB (=4194304) (default)
2023-08-28 07:17:27,417 [s2-impl-thread1] INFO  server.RaftServerConfigKeys (ConfUtils.java:logGet(46)) - raft.server.log.unsafe-flush.enabled = false (default)
2023-08-28 07:17:27,417 [s2-impl-thread1] INFO  server.RaftServerConfigKeys (ConfUtils.java:logGet(46)) - raft.server.log.async-flush.enabled = false (default)
2023-08-28 07:17:27,417 [s2-impl-thread1] INFO  server.RaftServerConfigKeys (ConfUtils.java:logGet(46)) - raft.server.log.statemachine.data.caching.enabled = false (default)
2023-08-28 07:17:27,418 [s2-impl-thread1] INFO  segmented.SegmentedRaftLogWorker (SegmentedRaftLogWorker.java:lambda$new$0(134)) - s2@group-439A96E27B3B-SegmentedRaftLogWorker: flushIndex: setUnconditionally 0 -> -1
2023-08-28 07:17:27,418 [s2-impl-thread1] INFO  segmented.SegmentedRaftLogWorker (SegmentedRaftLogWorker.java:lambda$new$0(134)) - s2@group-439A96E27B3B-SegmentedRaftLogWorker: safeCacheEvictIndex: setUnconditionally 0 -> -1
2023-08-28 07:17:27,419 [s2-impl-thread1] INFO  server.RaftServer$Division (RaftServerImpl.java:start(390)) - s2@group-439A96E27B3B: start with initializing state, conf=-1: peers:[]|listeners:[], old=null
2023-08-28 07:17:27,419 [s2-impl-thread1] INFO  server.RaftServer$Division (RaftServerImpl.java:setRole(371)) - s2@group-439A96E27B3B: changes role from      null to FOLLOWER at term 0 for startInitializing
2023-08-28 07:17:27,419 [s2-impl-thread1] INFO  util.JmxRegister (JmxRegister.java:tryRegister(44)) - Successfully registered JMX Bean with object name Ratis:service=RaftServer,group=group-439A96E27B3B,id=s2
2023-08-28 07:17:27,419 [s2-impl-thread1] INFO  server.RaftServerConfigKeys (ConfUtils.java:logGet(46)) - raft.server.snapshot.trigger-when-stop.enabled = true (default)
2023-08-28 07:17:27,419 [s2-impl-thread1] INFO  server.RaftServerConfigKeys (ConfUtils.java:logGet(46)) - raft.server.snapshot.auto.trigger.enabled = false (default)
2023-08-28 07:17:27,419 [s2-impl-thread1] INFO  server.RaftServerConfigKeys (ConfUtils.java:logGet(46)) - raft.server.snapshot.retention.file.num = -1 (default)
2023-08-28 07:17:27,419 [s2-impl-thread1] INFO  server.RaftServerConfigKeys (ConfUtils.java:logGet(46)) - raft.server.log.purge.upto.snapshot.index = false (default)
2023-08-28 07:17:27,422 [Time-limited test] INFO  server.RaftServer (RaftServerProxy.java:startImpl(404)) - s2: start RPC server
2023-08-28 07:17:27,424 [nioEventLoopGroup-40-1] INFO  logging.LoggingHandler (AbstractInternalLogger.java:log(148)) - [id: 0x64c611f9] REGISTERED
2023-08-28 07:17:27,424 [nioEventLoopGroup-40-1] INFO  logging.LoggingHandler (AbstractInternalLogger.java:log(148)) - [id: 0x64c611f9] BIND: 0.0.0.0/0.0.0.0:46449
2023-08-28 07:17:27,424 [nioEventLoopGroup-40-1] INFO  logging.LoggingHandler (AbstractInternalLogger.java:log(148)) - [id: 0x64c611f9, L:/0.0.0.0:46449] ACTIVE
2023-08-28 07:17:27,424 [JvmPauseMonitor14] INFO  util.JvmPauseMonitor (JvmPauseMonitor.java:run(146)) - JvmPauseMonitor-s2: Started
2023-08-28 07:17:28,425 [Time-limited test] INFO  impl.GroupManagementBaseTest (GroupManagementBaseTest.java:runMultiGroupTest(267)) - start: printing ALL groups
  s3:  RUNNING  FOLLOWER s3@group-439A96E27B3B:t0, leader=null, voted=, raftlog=Memoized:s3@group-439A96E27B3B-SegmentedRaftLog:OPENED:c-1, conf=-1: peers:[]|listeners:[], old=null STARTING
  s4:  RUNNING  FOLLOWER s4@group-439A96E27B3B:t0, leader=null, voted=, raftlog=Memoized:s4@group-439A96E27B3B-SegmentedRaftLog:OPENED:c-1, conf=-1: peers:[]|listeners:[], old=null STARTING
  s0:  RUNNING  FOLLOWER s0@group-439A96E27B3B:t0, leader=null, voted=, raftlog=Memoized:s0@group-439A96E27B3B-SegmentedRaftLog:OPENED:c-1, conf=-1: peers:[]|listeners:[], old=null STARTING
  s1:  RUNNING  FOLLOWER s1@group-439A96E27B3B:t0, leader=null, voted=, raftlog=Memoized:s1@group-439A96E27B3B-SegmentedRaftLog:OPENED:c-1, conf=-1: peers:[]|listeners:[], old=null STARTING
  s2:  RUNNING  FOLLOWER s2@group-439A96E27B3B:t0, leader=null, voted=, raftlog=Memoized:s2@group-439A96E27B3B-SegmentedRaftLog:OPENED:c-1, conf=-1: peers:[]|listeners:[], old=null STARTING
2023-08-28 07:17:28,426 [Time-limited test] INFO  impl.GroupManagementBaseTest (GroupManagementBaseTest.java:runMultiGroupTest(281)) - 0) starting group-F06CBDDBBCE9:[s0|rpc:0.0.0.0:33275|priority:0|startupRole:FOLLOWER, s1|rpc:0.0.0.0:37201|priority:0|startupRole:FOLLOWER, s2|rpc:0.0.0.0:46449|priority:0|startupRole:FOLLOWER]
2023-08-28 07:17:28,426 [Time-limited test] DEBUG client.RaftClient (ConfUtils.java:logGet(46)) - raft.rpc.type = NETTY (custom)
2023-08-28 07:17:28,427 [nioEventLoopGroup-35-1] INFO  logging.LoggingHandler (AbstractInternalLogger.java:log(148)) - [id: 0x45169e80, L:/0.0.0.0:33275] READ: [id: 0xd50b3f80, L:/10.1.0.28:33275 - R:/10.1.0.28:50156]
2023-08-28 07:17:28,428 [nioEventLoopGroup-35-1] INFO  logging.LoggingHandler (AbstractInternalLogger.java:log(148)) - [id: 0x45169e80, L:/0.0.0.0:33275] READ COMPLETE
2023-08-28 07:17:28,431 [s0-groupManagement] INFO  server.RaftServer$Division (RaftServerImpl.java:<init>(250)) - s0: new RaftServerImpl for group-F06CBDDBBCE9:[s0|rpc:0.0.0.0:33275|dataStream:|priority:0|startupRole:FOLLOWER, s1|rpc:0.0.0.0:37201|dataStream:|priority:0|startupRole:FOLLOWER, s2|rpc:0.0.0.0:46449|dataStream:|priority:0|startupRole:FOLLOWER] with BaseStateMachine:uninitialized
2023-08-28 07:17:28,431 [s0-groupManagement] INFO  server.RaftServerConfigKeys (ConfUtils.java:logGet(46)) - raft.server.rpc.timeout.min = 1500ms (custom)
2023-08-28 07:17:28,431 [s0-groupManagement] INFO  server.RaftServerConfigKeys (ConfUtils.java:logGet(46)) - raft.server.rpc.timeout.max = 2000ms (custom)
2023-08-28 07:17:28,431 [s0-groupManagement] INFO  server.RaftServerConfigKeys (ConfUtils.java:logGet(46)) - raft.server.rpc.sleep.time = 25ms (default)
2023-08-28 07:17:28,431 [s0-groupManagement] INFO  server.RaftServerConfigKeys (ConfUtils.java:logGet(46)) - raft.server.rpc.slowness.timeout = 60s (default)
2023-08-28 07:17:28,431 [s0-groupManagement] INFO  server.RaftServerConfigKeys (ConfUtils.java:logGet(46)) - raft.server.leaderelection.leader.step-down.wait-time = 10s (default)
2023-08-28 07:17:28,431 [s0-groupManagement] INFO  server.RaftServerConfigKeys (ConfUtils.java:logGet(46)) - raft.server.sleep.deviation.threshold = 300ms (default)
2023-08-28 07:17:28,431 [s0-groupManagement] INFO  server.RaftServer$Division (ServerState.java:<init>(113)) - s0@group-F06CBDDBBCE9: ConfigurationManager, init=-1: peers:[s0|rpc:0.0.0.0:33275|dataStream:|priority:0|startupRole:FOLLOWER, s1|rpc:0.0.0.0:37201|dataStream:|priority:0|startupRole:FOLLOWER, s2|rpc:0.0.0.0:46449|dataStream:|priority:0|startupRole:FOLLOWER]|listeners:[], old=null, confs=<EMPTY_MAP>
2023-08-28 07:17:28,431 [s0-groupManagement] INFO  server.RaftServerConfigKeys (ConfUtils.java:logGet(46)) - raft.server.notification.no-leader.timeout = 60s (default)
2023-08-28 07:17:28,431 [s0-groupManagement] INFO  server.RaftServerConfigKeys (ConfUtils.java:logGet(46)) - raft.server.read.timeout = 10s (default)
2023-08-28 07:17:28,431 [s0-groupManagement] INFO  server.RaftServerConfigKeys (ConfUtils.java:logGet(46)) - raft.server.retrycache.expirytime = 60s (default)
2023-08-28 07:17:28,431 [s0-groupManagement] INFO  server.RaftServerConfigKeys (ConfUtils.java:logGet(46)) - raft.server.retrycache.statistics.expirytime = 100μs (default)
2023-08-28 07:17:28,432 [s0-groupManagement] INFO  server.RaftServerConfigKeys (ConfUtils.java:logGet(46)) - raft.server.read.option = DEFAULT (default)
2023-08-28 07:17:28,432 [s0-groupManagement] INFO  server.RaftServerConfigKeys (ConfUtils.java:logGet(46)) - raft.server.rpc.request.timeout = 3000ms (default)
2023-08-28 07:17:28,432 [s0-groupManagement] INFO  server.RaftServerConfigKeys (ConfUtils.java:logGet(46)) - raft.server.log.appender.install.snapshot.enabled = true (default)
2023-08-28 07:17:28,432 [s0-groupManagement] INFO  server.RaftServerConfigKeys (ConfUtils.java:logGet(46)) - raft.server.threadpool.server.cached = true (default)
2023-08-28 07:17:28,432 [s0-groupManagement] INFO  server.RaftServerConfigKeys (ConfUtils.java:logGet(46)) - raft.server.threadpool.server.size = 0 (default)
2023-08-28 07:17:28,432 [s0-groupManagement] INFO  server.RaftServerConfigKeys (ConfUtils.java:logGet(46)) - raft.server.threadpool.client.cached = true (default)
2023-08-28 07:17:28,432 [s0-groupManagement] INFO  server.RaftServerConfigKeys (ConfUtils.java:logGet(46)) - raft.server.threadpool.client.size = 0 (default)
2023-08-28 07:17:28,432 [nioEventLoopGroup-36-1] INFO  server.RaftServer (RaftServerProxy.java:addNew(99)) - s0: addNew group-F06CBDDBBCE9:[s0|rpc:0.0.0.0:33275|dataStream:|priority:0|startupRole:FOLLOWER, s1|rpc:0.0.0.0:37201|dataStream:|priority:0|startupRole:FOLLOWER, s2|rpc:0.0.0.0:46449|dataStream:|priority:0|startupRole:FOLLOWER] returns      null s0@group-F06CBDDBBCE9:t0, leader=null, voted=null, raftlog=UNINITIALIZED, conf=-1: peers:[s0|rpc:0.0.0.0:33275|dataStream:|priority:0|startupRole:FOLLOWER, s1|rpc:0.0.0.0:37201|dataStream:|priority:0|startupRole:FOLLOWER, s2|rpc:0.0.0.0:46449|dataStream:|priority:0|startupRole:FOLLOWER]|listeners:[], old=null NEW
2023-08-28 07:17:28,432 [s0-groupManagement] DEBUG server.RaftServer (RaftServerProxy.java:lambda$groupAddAsync$11(505)) - s0: newImpl =      null s0@group-F06CBDDBBCE9:t0, leader=null, voted=null, raftlog=UNINITIALIZED, conf=-1: peers:[s0|rpc:0.0.0.0:33275|dataStream:|priority:0|startupRole:FOLLOWER, s1|rpc:0.0.0.0:37201|dataStream:|priority:0|startupRole:FOLLOWER, s2|rpc:0.0.0.0:46449|dataStream:|priority:0|startupRole:FOLLOWER]|listeners:[], old=null NEW
2023-08-28 07:17:28,433 [s0-groupManagement] INFO  server.RaftServerConfigKeys (ConfUtils.java:logGet(46)) - raft.server.storage.free-space.min = 0MB (=0) (default)
2023-08-28 07:17:28,433 [s0-groupManagement] INFO  server.RaftServerConfigKeys (ConfUtils.java:logGet(46)) - raft.server.log.corruption.policy = EXCEPTION (default)
2023-08-28 07:17:28,433 [s0-groupManagement] INFO  server.RaftServerConfigKeys (ConfUtils.java:logGet(46)) - raft.server.storage.dir = [/home/runner/work/ratis/ratis/ratis-test/target/test/data/c5bbf9cd/MiniRaftClusterWithNettyaf9953c4/s0] (custom)
2023-08-28 07:17:28,433 [s0-groupManagement] INFO  storage.RaftStorageDirectory (RaftStorageDirectoryImpl.java:analyzeStorage(138)) - The storage directory /home/runner/work/ratis/ratis/ratis-test/target/test/data/c5bbf9cd/MiniRaftClusterWithNettyaf9953c4/s0/b0c2deec-4fd7-4cc2-b566-f06cbddbbce9 does not exist. Creating ...
2023-08-28 07:17:28,433 [s0-groupManagement] TRACE util.FileUtils (LogUtils.java:runAndLog(49)) - Successfully ran Files.createDirectories /home/runner/work/ratis/ratis/ratis-test/target/test/data/c5bbf9cd/MiniRaftClusterWithNettyaf9953c4/s0/b0c2deec-4fd7-4cc2-b566-f06cbddbbce9
2023-08-28 07:17:28,434 [s0-groupManagement] INFO  storage.RaftStorageDirectory (RaftStorageDirectoryImpl.java:tryLock(232)) - Lock on /home/runner/work/ratis/ratis/ratis-test/target/test/data/c5bbf9cd/MiniRaftClusterWithNettyaf9953c4/s0/b0c2deec-4fd7-4cc2-b566-f06cbddbbce9/in_use.lock acquired by nodename 7908@fv-az1033-516
2023-08-28 07:17:28,434 [s0-groupManagement] TRACE util.FileUtils (LogUtils.java:runAndLog(49)) - Successfully ran Files.createDirectories /home/runner/work/ratis/ratis/ratis-test/target/test/data/c5bbf9cd/MiniRaftClusterWithNettyaf9953c4/s0/b0c2deec-4fd7-4cc2-b566-f06cbddbbce9/current
2023-08-28 07:17:28,434 [s0-groupManagement] TRACE util.FileUtils (LogUtils.java:runAndLog(49)) - Successfully ran Files.createDirectories /home/runner/work/ratis/ratis/ratis-test/target/test/data/c5bbf9cd/MiniRaftClusterWithNettyaf9953c4/s0/b0c2deec-4fd7-4cc2-b566-f06cbddbbce9/sm
2023-08-28 07:17:28,435 [s0-groupManagement] INFO  storage.RaftStorage (RaftStorageImpl.java:format(97)) - Storage directory /home/runner/work/ratis/ratis/ratis-test/target/test/data/c5bbf9cd/MiniRaftClusterWithNettyaf9953c4/s0/b0c2deec-4fd7-4cc2-b566-f06cbddbbce9 has been successfully formatted.
2023-08-28 07:17:28,435 [s0-groupManagement] INFO  server.RaftServerConfigKeys (ConfUtils.java:logGet(46)) - raft.server.log.use.memory = false (default)
2023-08-28 07:17:28,435 [s0-groupManagement] INFO  server.RaftServerConfigKeys (ConfUtils.java:logGet(46)) - raft.server.log.purge.gap = 1024 (default)
2023-08-28 07:17:28,435 [s0-groupManagement] INFO  server.RaftServerConfigKeys (ConfUtils.java:logGet(46)) - raft.server.log.appender.buffer.byte-limit = 4MB (=4194304) (default)
2023-08-28 07:17:28,435 [s0-groupManagement] INFO  server.RaftServerConfigKeys (ConfUtils.java:logGet(46)) - raft.server.log.statemachine.data.read.timeout = 1000ms (default)
2023-08-28 07:17:28,435 [s0-groupManagement] INFO  server.RaftServerConfigKeys (ConfUtils.java:logGet(46)) - raft.server.log.purge.preservation.log.num = 0 (default)
2023-08-28 07:17:28,436 [s0-groupManagement] INFO  server.RaftServerConfigKeys (ConfUtils.java:logGet(46)) - raft.server.log.segment.size.max = 8MB (=8388608) (default)
2023-08-28 07:17:28,436 [s0-groupManagement] INFO  server.RaftServerConfigKeys (ConfUtils.java:logGet(46)) - raft.server.log.segment.cache.num.max = 6 (default)
2023-08-28 07:17:28,436 [s0-groupManagement] INFO  server.RaftServerConfigKeys (ConfUtils.java:logGet(46)) - raft.server.log.segment.cache.size.max = 200MB (=209715200) (default)
2023-08-28 07:17:28,436 [s0-groupManagement] INFO  server.RaftServerConfigKeys (ConfUtils.java:logGet(46)) - raft.server.log.appender.buffer.byte-limit = 4MB (=4194304) (default)
2023-08-28 07:17:28,436 [s0-groupManagement] INFO  segmented.SegmentedRaftLogWorker (SegmentedRaftLogWorker.java:<init>(183)) - new s0@group-F06CBDDBBCE9-SegmentedRaftLogWorker for RaftStorageImpl:Storage Directory /home/runner/work/ratis/ratis/ratis-test/target/test/data/c5bbf9cd/MiniRaftClusterWithNettyaf9953c4/s0/b0c2deec-4fd7-4cc2-b566-f06cbddbbce9
2023-08-28 07:17:28,436 [s0-groupManagement] INFO  server.RaftServerConfigKeys (ConfUtils.java:logGet(46)) - raft.server.log.queue.byte-limit = 64MB (=67108864) (default)
2023-08-28 07:17:28,436 [s0-groupManagement] INFO  server.RaftServerConfigKeys (ConfUtils.java:logGet(46)) - raft.server.log.queue.element-limit = 4096 (default)
2023-08-28 07:17:28,436 [s0-groupManagement] INFO  server.RaftServerConfigKeys (ConfUtils.java:logGet(46)) - raft.server.log.segment.size.max = 8MB (=8388608) (default)
2023-08-28 07:17:28,436 [s0-groupManagement] INFO  server.RaftServerConfigKeys (ConfUtils.java:logGet(46)) - raft.server.log.preallocated.size = 4MB (=4194304) (default)
2023-08-28 07:17:28,436 [s0-groupManagement] INFO  server.RaftServerConfigKeys (ConfUtils.java:logGet(46)) - raft.server.log.force.sync.num = 128 (default)
2023-08-28 07:17:28,436 [s0-groupManagement] INFO  server.RaftServerConfigKeys (ConfUtils.java:logGet(46)) - raft.server.log.statemachine.data.sync = true (default)
2023-08-28 07:17:28,436 [s0-groupManagement] INFO  server.RaftServerConfigKeys (ConfUtils.java:logGet(46)) - raft.server.log.statemachine.data.sync.timeout = 10s (default)
2023-08-28 07:17:28,436 [s0-groupManagement] INFO  server.RaftServerConfigKeys (ConfUtils.java:logGet(46)) - raft.server.log.statemachine.data.sync.timeout.retry = -1 (default)
2023-08-28 07:17:28,436 [s0-groupManagement] INFO  server.RaftServerConfigKeys (ConfUtils.java:logGet(46)) - raft.server.log.write.buffer.size = 64KB (=65536) (default)
2023-08-28 07:17:28,436 [s0-groupManagement] INFO  server.RaftServerConfigKeys (ConfUtils.java:logGet(46)) - raft.server.log.appender.buffer.byte-limit = 4MB (=4194304) (default)
2023-08-28 07:17:28,437 [s0-groupManagement] INFO  server.RaftServerConfigKeys (ConfUtils.java:logGet(46)) - raft.server.log.unsafe-flush.enabled = false (default)
2023-08-28 07:17:28,437 [s0-groupManagement] INFO  server.RaftServerConfigKeys (ConfUtils.java:logGet(46)) - raft.server.log.async-flush.enabled = false (default)
2023-08-28 07:17:28,437 [s0-groupManagement] INFO  server.RaftServerConfigKeys (ConfUtils.java:logGet(46)) - raft.server.log.statemachine.data.caching.enabled = false (default)
2023-08-28 07:17:28,437 [s0-groupManagement] INFO  segmented.SegmentedRaftLogWorker (SegmentedRaftLogWorker.java:lambda$new$0(134)) - s0@group-F06CBDDBBCE9-SegmentedRaftLogWorker: flushIndex: setUnconditionally 0 -> -1
2023-08-28 07:17:28,437 [s0-groupManagement] INFO  segmented.SegmentedRaftLogWorker (SegmentedRaftLogWorker.java:lambda$new$0(134)) - s0@group-F06CBDDBBCE9-SegmentedRaftLogWorker: safeCacheEvictIndex: setUnconditionally 0 -> -1
2023-08-28 07:17:28,442 [s0-groupManagement] INFO  server.RaftServer$Division (RaftServerImpl.java:start(384)) - s0@group-F06CBDDBBCE9: start as a follower, conf=-1: peers:[s0|rpc:0.0.0.0:33275|dataStream:|priority:0|startupRole:FOLLOWER, s1|rpc:0.0.0.0:37201|dataStream:|priority:0|startupRole:FOLLOWER, s2|rpc:0.0.0.0:46449|dataStream:|priority:0|startupRole:FOLLOWER]|listeners:[], old=null
2023-08-28 07:17:28,442 [s0-groupManagement] INFO  server.RaftServer$Division (RaftServerImpl.java:setRole(371)) - s0@group-F06CBDDBBCE9: changes role from      null to FOLLOWER at term 0 for startAsFollower
2023-08-28 07:17:28,442 [s0-groupManagement] INFO  impl.RoleInfo (RoleInfo.java:updateAndGet(138)) - s0: start s0@group-F06CBDDBBCE9-FollowerState
2023-08-28 07:17:28,442 [s0-groupManagement] INFO  util.JmxRegister (JmxRegister.java:tryRegister(44)) - Successfully registered JMX Bean with object name Ratis:service=RaftServer,group=group-F06CBDDBBCE9,id=s0
2023-08-28 07:17:28,442 [s0@group-F06CBDDBBCE9-FollowerState] INFO  server.RaftServerConfigKeys (ConfUtils.java:logFallback(53)) - raft.server.rpc.first-election.timeout.min = 1500ms (fallback to raft.server.rpc.timeout.min)
2023-08-28 07:17:28,445 [s0-groupManagement] INFO  server.RaftServerConfigKeys (ConfUtils.java:logGet(46)) - raft.server.snapshot.trigger-when-stop.enabled = true (default)
2023-08-28 07:17:28,445 [s0@group-F06CBDDBBCE9-FollowerState] INFO  server.RaftServerConfigKeys (ConfUtils.java:logFallback(53)) - raft.server.rpc.first-election.timeout.max = 2000ms (fallback to raft.server.rpc.timeout.max)
2023-08-28 07:17:28,445 [s0-groupManagement] INFO  server.RaftServerConfigKeys (ConfUtils.java:logGet(46)) - raft.server.snapshot.auto.trigger.enabled = false (default)
2023-08-28 07:17:28,445 [s0-groupManagement] INFO  server.RaftServerConfigKeys (ConfUtils.java:logGet(46)) - raft.server.snapshot.retention.file.num = -1 (default)
2023-08-28 07:17:28,445 [s0-groupManagement] INFO  server.RaftServerConfigKeys (ConfUtils.java:logGet(46)) - raft.server.log.purge.upto.snapshot.index = false (default)
2023-08-28 07:17:28,455 [Time-limited test] DEBUG client.RaftClient (ConfUtils.java:logGet(46)) - raft.rpc.type = NETTY (custom)
2023-08-28 07:17:28,456 [nioEventLoopGroup-38-1] INFO  logging.LoggingHandler (AbstractInternalLogger.java:log(148)) - [id: 0xb90f80b7, L:/0.0.0.0:37201] READ: [id: 0x15224c02, L:/10.1.0.28:37201 - R:/10.1.0.28:40312]
2023-08-28 07:17:28,456 [nioEventLoopGroup-38-1] INFO  logging.LoggingHandler (AbstractInternalLogger.java:log(148)) - [id: 0xb90f80b7, L:/0.0.0.0:37201] READ COMPLETE
2023-08-28 07:17:28,458 [nioEventLoopGroup-39-1] INFO  server.RaftServer (RaftServerProxy.java:addNew(99)) - s1: addNew group-F06CBDDBBCE9:[s0|rpc:0.0.0.0:33275|dataStream:|priority:0|startupRole:FOLLOWER, s1|rpc:0.0.0.0:37201|dataStream:|priority:0|startupRole:FOLLOWER, s2|rpc:0.0.0.0:46449|dataStream:|priority:0|startupRole:FOLLOWER] returns group-F06CBDDBBCE9:java.util.concurrent.CompletableFuture@54917fe4[Not completed]
2023-08-28 07:17:28,458 [s1-groupManagement] INFO  server.RaftServer$Division (RaftServerImpl.java:<init>(250)) - s1: new RaftServerImpl for group-F06CBDDBBCE9:[s0|rpc:0.0.0.0:33275|dataStream:|priority:0|startupRole:FOLLOWER, s1|rpc:0.0.0.0:37201|dataStream:|priority:0|startupRole:FOLLOWER, s2|rpc:0.0.0.0:46449|dataStream:|priority:0|startupRole:FOLLOWER] with BaseStateMachine:uninitialized
2023-08-28 07:17:28,458 [s1-groupManagement] INFO  server.RaftServerConfigKeys (ConfUtils.java:logGet(46)) - raft.server.rpc.timeout.min = 1500ms (custom)
2023-08-28 07:17:28,458 [s1-groupManagement] INFO  server.RaftServerConfigKeys (ConfUtils.java:logGet(46)) - raft.server.rpc.timeout.max = 2000ms (custom)
2023-08-28 07:17:28,458 [s1-groupManagement] INFO  server.RaftServerConfigKeys (ConfUtils.java:logGet(46)) - raft.server.rpc.sleep.time = 25ms (default)
2023-08-28 07:17:28,458 [s1-groupManagement] INFO  server.RaftServerConfigKeys (ConfUtils.java:logGet(46)) - raft.server.rpc.slowness.timeout = 60s (default)
2023-08-28 07:17:28,458 [s1-groupManagement] INFO  server.RaftServerConfigKeys (ConfUtils.java:logGet(46)) - raft.server.leaderelection.leader.step-down.wait-time = 10s (default)
2023-08-28 07:17:28,458 [s1-groupManagement] INFO  server.RaftServerConfigKeys (ConfUtils.java:logGet(46)) - raft.server.sleep.deviation.threshold = 300ms (default)
2023-08-28 07:17:28,458 [s1-groupManagement] INFO  server.RaftServer$Division (ServerState.java:<init>(113)) - s1@group-F06CBDDBBCE9: ConfigurationManager, init=-1: peers:[s0|rpc:0.0.0.0:33275|dataStream:|priority:0|startupRole:FOLLOWER, s1|rpc:0.0.0.0:37201|dataStream:|priority:0|startupRole:FOLLOWER, s2|rpc:0.0.0.0:46449|dataStream:|priority:0|startupRole:FOLLOWER]|listeners:[], old=null, confs=<EMPTY_MAP>
2023-08-28 07:17:28,458 [s1-groupManagement] INFO  server.RaftServerConfigKeys (ConfUtils.java:logGet(46)) - raft.server.notification.no-leader.timeout = 60s (default)
2023-08-28 07:17:28,458 [s1-groupManagement] INFO  server.RaftServerConfigKeys (ConfUtils.java:logGet(46)) - raft.server.read.timeout = 10s (default)
2023-08-28 07:17:28,458 [s1-groupManagement] INFO  server.RaftServerConfigKeys (ConfUtils.java:logGet(46)) - raft.server.retrycache.expirytime = 60s (default)
2023-08-28 07:17:28,458 [s1-groupManagement] INFO  server.RaftServerConfigKeys (ConfUtils.java:logGet(46)) - raft.server.retrycache.statistics.expirytime = 100μs (default)
2023-08-28 07:17:28,458 [s1-groupManagement] INFO  server.RaftServerConfigKeys (ConfUtils.java:logGet(46)) - raft.server.read.option = DEFAULT (default)
2023-08-28 07:17:28,459 [s1-groupManagement] INFO  server.RaftServerConfigKeys (ConfUtils.java:logGet(46)) - raft.server.rpc.request.timeout = 3000ms (default)
2023-08-28 07:17:28,459 [s1-groupManagement] INFO  server.RaftServerConfigKeys (ConfUtils.java:logGet(46)) - raft.server.log.appender.install.snapshot.enabled = true (default)
2023-08-28 07:17:28,459 [s1-groupManagement] INFO  server.RaftServerConfigKeys (ConfUtils.java:logGet(46)) - raft.server.threadpool.server.cached = true (default)
2023-08-28 07:17:28,459 [s1-groupManagement] INFO  server.RaftServerConfigKeys (ConfUtils.java:logGet(46)) - raft.server.threadpool.server.size = 0 (default)
2023-08-28 07:17:28,459 [s1-groupManagement] INFO  server.RaftServerConfigKeys (ConfUtils.java:logGet(46)) - raft.server.threadpool.client.cached = true (default)
2023-08-28 07:17:28,459 [s1-groupManagement] INFO  server.RaftServerConfigKeys (ConfUtils.java:logGet(46)) - raft.server.threadpool.client.size = 0 (default)
2023-08-28 07:17:28,459 [s1-groupManagement] DEBUG server.RaftServer (RaftServerProxy.java:lambda$groupAddAsync$11(505)) - s1: newImpl =      null s1@group-F06CBDDBBCE9:t0, leader=null, voted=null, raftlog=UNINITIALIZED, conf=-1: peers:[s0|rpc:0.0.0.0:33275|dataStream:|priority:0|startupRole:FOLLOWER, s1|rpc:0.0.0.0:37201|dataStream:|priority:0|startupRole:FOLLOWER, s2|rpc:0.0.0.0:46449|dataStream:|priority:0|startupRole:FOLLOWER]|listeners:[], old=null NEW
2023-08-28 07:17:28,459 [s1-groupManagement] INFO  server.RaftServerConfigKeys (ConfUtils.java:logGet(46)) - raft.server.storage.free-space.min = 0MB (=0) (default)
2023-08-28 07:17:28,459 [s1-groupManagement] INFO  server.RaftServerConfigKeys (ConfUtils.java:logGet(46)) - raft.server.log.corruption.policy = EXCEPTION (default)
2023-08-28 07:17:28,459 [s1-groupManagement] INFO  server.RaftServerConfigKeys (ConfUtils.java:logGet(46)) - raft.server.storage.dir = [/home/runner/work/ratis/ratis/ratis-test/target/test/data/c5bbf9cd/MiniRaftClusterWithNettyaf9953c4/s1] (custom)
2023-08-28 07:17:28,459 [s1-groupManagement] INFO  storage.RaftStorageDirectory (RaftStorageDirectoryImpl.java:analyzeStorage(138)) - The storage directory /home/runner/work/ratis/ratis/ratis-test/target/test/data/c5bbf9cd/MiniRaftClusterWithNettyaf9953c4/s1/b0c2deec-4fd7-4cc2-b566-f06cbddbbce9 does not exist. Creating ...
2023-08-28 07:17:28,459 [s1-groupManagement] TRACE util.FileUtils (LogUtils.java:runAndLog(49)) - Successfully ran Files.createDirectories /home/runner/work/ratis/ratis/ratis-test/target/test/data/c5bbf9cd/MiniRaftClusterWithNettyaf9953c4/s1/b0c2deec-4fd7-4cc2-b566-f06cbddbbce9
2023-08-28 07:17:28,460 [s1-groupManagement] INFO  storage.RaftStorageDirectory (RaftStorageDirectoryImpl.java:tryLock(232)) - Lock on /home/runner/work/ratis/ratis/ratis-test/target/test/data/c5bbf9cd/MiniRaftClusterWithNettyaf9953c4/s1/b0c2deec-4fd7-4cc2-b566-f06cbddbbce9/in_use.lock acquired by nodename 7908@fv-az1033-516
2023-08-28 07:17:28,460 [s1-groupManagement] TRACE util.FileUtils (LogUtils.java:runAndLog(49)) - Successfully ran Files.createDirectories /home/runner/work/ratis/ratis/ratis-test/target/test/data/c5bbf9cd/MiniRaftClusterWithNettyaf9953c4/s1/b0c2deec-4fd7-4cc2-b566-f06cbddbbce9/current
2023-08-28 07:17:28,461 [s1-groupManagement] TRACE util.FileUtils (LogUtils.java:runAndLog(49)) - Successfully ran Files.createDirectories /home/runner/work/ratis/ratis/ratis-test/target/test/data/c5bbf9cd/MiniRaftClusterWithNettyaf9953c4/s1/b0c2deec-4fd7-4cc2-b566-f06cbddbbce9/sm
2023-08-28 07:17:28,461 [s1-groupManagement] INFO  storage.RaftStorage (RaftStorageImpl.java:format(97)) - Storage directory /home/runner/work/ratis/ratis/ratis-test/target/test/data/c5bbf9cd/MiniRaftClusterWithNettyaf9953c4/s1/b0c2deec-4fd7-4cc2-b566-f06cbddbbce9 has been successfully formatted.
2023-08-28 07:17:28,462 [s1-groupManagement] INFO  server.RaftServerConfigKeys (ConfUtils.java:logGet(46)) - raft.server.log.use.memory = false (default)
2023-08-28 07:17:28,462 [s1-groupManagement] INFO  server.RaftServerConfigKeys (ConfUtils.java:logGet(46)) - raft.server.log.purge.gap = 1024 (default)
2023-08-28 07:17:28,462 [s1-groupManagement] INFO  server.RaftServerConfigKeys (ConfUtils.java:logGet(46)) - raft.server.log.appender.buffer.byte-limit = 4MB (=4194304) (default)
2023-08-28 07:17:28,462 [s1-groupManagement] INFO  server.RaftServerConfigKeys (ConfUtils.java:logGet(46)) - raft.server.log.statemachine.data.read.timeout = 1000ms (default)
2023-08-28 07:17:28,462 [s1-groupManagement] INFO  server.RaftServerConfigKeys (ConfUtils.java:logGet(46)) - raft.server.log.purge.preservation.log.num = 0 (default)
2023-08-28 07:17:28,462 [s1-groupManagement] INFO  server.RaftServerConfigKeys (ConfUtils.java:logGet(46)) - raft.server.log.segment.size.max = 8MB (=8388608) (default)
2023-08-28 07:17:28,462 [s1-groupManagement] INFO  server.RaftServerConfigKeys (ConfUtils.java:logGet(46)) - raft.server.log.segment.cache.num.max = 6 (default)
2023-08-28 07:17:28,462 [s1-groupManagement] INFO  server.RaftServerConfigKeys (ConfUtils.java:logGet(46)) - raft.server.log.segment.cache.size.max = 200MB (=209715200) (default)
2023-08-28 07:17:28,462 [s1-groupManagement] INFO  server.RaftServerConfigKeys (ConfUtils.java:logGet(46)) - raft.server.log.appender.buffer.byte-limit = 4MB (=4194304) (default)
2023-08-28 07:17:28,462 [s1-groupManagement] INFO  segmented.SegmentedRaftLogWorker (SegmentedRaftLogWorker.java:<init>(183)) - new s1@group-F06CBDDBBCE9-SegmentedRaftLogWorker for RaftStorageImpl:Storage Directory /home/runner/work/ratis/ratis/ratis-test/target/test/data/c5bbf9cd/MiniRaftClusterWithNettyaf9953c4/s1/b0c2deec-4fd7-4cc2-b566-f06cbddbbce9
2023-08-28 07:17:28,462 [s1-groupManagement] INFO  server.RaftServerConfigKeys (ConfUtils.java:logGet(46)) - raft.server.log.queue.byte-limit = 64MB (=67108864) (default)
2023-08-28 07:17:28,462 [s1-groupManagement] INFO  server.RaftServerConfigKeys (ConfUtils.java:logGet(46)) - raft.server.log.queue.element-limit = 4096 (default)
2023-08-28 07:17:28,462 [s1-groupManagement] INFO  server.RaftServerConfigKeys (ConfUtils.java:logGet(46)) - raft.server.log.segment.size.max = 8MB (=8388608) (default)
2023-08-28 07:17:28,462 [s1-groupManagement] INFO  server.RaftServerConfigKeys (ConfUtils.java:logGet(46)) - raft.server.log.preallocated.size = 4MB (=4194304) (default)
2023-08-28 07:17:28,462 [s1-groupManagement] INFO  server.RaftServerConfigKeys (ConfUtils.java:logGet(46)) - raft.server.log.force.sync.num = 128 (default)
2023-08-28 07:17:28,462 [s1-groupManagement] INFO  server.RaftServerConfigKeys (ConfUtils.java:logGet(46)) - raft.server.log.statemachine.data.sync = true (default)
2023-08-28 07:17:28,462 [s1-groupManagement] INFO  server.RaftServerConfigKeys (ConfUtils.java:logGet(46)) - raft.server.log.statemachine.data.sync.timeout = 10s (default)
2023-08-28 07:17:28,463 [s1-groupManagement] INFO  server.RaftServerConfigKeys (ConfUtils.java:logGet(46)) - raft.server.log.statemachine.data.sync.timeout.retry = -1 (default)
2023-08-28 07:17:28,463 [s1-groupManagement] INFO  server.RaftServerConfigKeys (ConfUtils.java:logGet(46)) - raft.server.log.write.buffer.size = 64KB (=65536) (default)
2023-08-28 07:17:28,463 [s1-groupManagement] INFO  server.RaftServerConfigKeys (ConfUtils.java:logGet(46)) - raft.server.log.appender.buffer.byte-limit = 4MB (=4194304) (default)
2023-08-28 07:17:28,463 [s1-groupManagement] INFO  server.RaftServerConfigKeys (ConfUtils.java:logGet(46)) - raft.server.log.unsafe-flush.enabled = false (default)
2023-08-28 07:17:28,463 [s1-groupManagement] INFO  server.RaftServerConfigKeys (ConfUtils.java:logGet(46)) - raft.server.log.async-flush.enabled = false (default)
2023-08-28 07:17:28,463 [s1-groupManagement] INFO  server.RaftServerConfigKeys (ConfUtils.java:logGet(46)) - raft.server.log.statemachine.data.caching.enabled = false (default)
2023-08-28 07:17:28,463 [s1-groupManagement] INFO  segmented.SegmentedRaftLogWorker (SegmentedRaftLogWorker.java:lambda$new$0(134)) - s1@group-F06CBDDBBCE9-SegmentedRaftLogWorker: flushIndex: setUnconditionally 0 -> -1
2023-08-28 07:17:28,463 [s1-groupManagement] INFO  segmented.SegmentedRaftLogWorker (SegmentedRaftLogWorker.java:lambda$new$0(134)) - s1@group-F06CBDDBBCE9-SegmentedRaftLogWorker: safeCacheEvictIndex: setUnconditionally 0 -> -1
2023-08-28 07:17:28,463 [s1-groupManagement] INFO  server.RaftServer$Division (RaftServerImpl.java:start(384)) - s1@group-F06CBDDBBCE9: start as a follower, conf=-1: peers:[s0|rpc:0.0.0.0:33275|dataStream:|priority:0|startupRole:FOLLOWER, s1|rpc:0.0.0.0:37201|dataStream:|priority:0|startupRole:FOLLOWER, s2|rpc:0.0.0.0:46449|dataStream:|priority:0|startupRole:FOLLOWER]|listeners:[], old=null
2023-08-28 07:17:28,464 [s1-groupManagement] INFO  server.RaftServer$Division (RaftServerImpl.java:setRole(371)) - s1@group-F06CBDDBBCE9: changes role from      null to FOLLOWER at term 0 for startAsFollower
2023-08-28 07:17:28,464 [s1-groupManagement] INFO  impl.RoleInfo (RoleInfo.java:updateAndGet(138)) - s1: start s1@group-F06CBDDBBCE9-FollowerState
2023-08-28 07:17:28,464 [s1-groupManagement] INFO  util.JmxRegister (JmxRegister.java:tryRegister(44)) - Successfully registered JMX Bean with object name Ratis:service=RaftServer,group=group-F06CBDDBBCE9,id=s1
2023-08-28 07:17:28,464 [s1-groupManagement] INFO  server.RaftServerConfigKeys (ConfUtils.java:logGet(46)) - raft.server.snapshot.trigger-when-stop.enabled = true (default)
2023-08-28 07:17:28,464 [s1-groupManagement] INFO  server.RaftServerConfigKeys (ConfUtils.java:logGet(46)) - raft.server.snapshot.auto.trigger.enabled = false (default)
2023-08-28 07:17:28,464 [s1-groupManagement] INFO  server.RaftServerConfigKeys (ConfUtils.java:logGet(46)) - raft.server.snapshot.retention.file.num = -1 (default)
2023-08-28 07:17:28,464 [s1-groupManagement] INFO  server.RaftServerConfigKeys (ConfUtils.java:logGet(46)) - raft.server.log.purge.upto.snapshot.index = false (default)
2023-08-28 07:17:28,467 [s1@group-F06CBDDBBCE9-FollowerState] INFO  server.RaftServerConfigKeys (ConfUtils.java:logFallback(53)) - raft.server.rpc.first-election.timeout.min = 1500ms (fallback to raft.server.rpc.timeout.min)
2023-08-28 07:17:28,467 [s1@group-F06CBDDBBCE9-FollowerState] INFO  server.RaftServerConfigKeys (ConfUtils.java:logFallback(53)) - raft.server.rpc.first-election.timeout.max = 2000ms (fallback to raft.server.rpc.timeout.max)
2023-08-28 07:17:28,469 [Time-limited test] DEBUG client.RaftClient (ConfUtils.java:logGet(46)) - raft.rpc.type = NETTY (custom)
2023-08-28 07:17:28,490 [nioEventLoopGroup-40-1] INFO  logging.LoggingHandler (AbstractInternalLogger.java:log(148)) - [id: 0x64c611f9, L:/0.0.0.0:46449] READ: [id: 0xdd37868f, L:/10.1.0.28:46449 - R:/10.1.0.28:40920]
2023-08-28 07:17:28,491 [nioEventLoopGroup-40-1] INFO  logging.LoggingHandler (AbstractInternalLogger.java:log(148)) - [id: 0x64c611f9, L:/0.0.0.0:46449] READ COMPLETE
2023-08-28 07:17:28,495 [nioEventLoopGroup-41-1] INFO  server.RaftServer (RaftServerProxy.java:addNew(99)) - s2: addNew group-F06CBDDBBCE9:[s0|rpc:0.0.0.0:33275|dataStream:|priority:0|startupRole:FOLLOWER, s1|rpc:0.0.0.0:37201|dataStream:|priority:0|startupRole:FOLLOWER, s2|rpc:0.0.0.0:46449|dataStream:|priority:0|startupRole:FOLLOWER] returns group-F06CBDDBBCE9:java.util.concurrent.CompletableFuture@3a4bdc9b[Not completed]
2023-08-28 07:17:28,495 [s2-groupManagement] INFO  server.RaftServer$Division (RaftServerImpl.java:<init>(250)) - s2: new RaftServerImpl for group-F06CBDDBBCE9:[s0|rpc:0.0.0.0:33275|dataStream:|priority:0|startupRole:FOLLOWER, s1|rpc:0.0.0.0:37201|dataStream:|priority:0|startupRole:FOLLOWER, s2|rpc:0.0.0.0:46449|dataStream:|priority:0|startupRole:FOLLOWER] with BaseStateMachine:uninitialized
2023-08-28 07:17:28,495 [s2-groupManagement] INFO  server.RaftServerConfigKeys (ConfUtils.java:logGet(46)) - raft.server.rpc.timeout.min = 1500ms (custom)
2023-08-28 07:17:28,495 [s2-groupManagement] INFO  server.RaftServerConfigKeys (ConfUtils.java:logGet(46)) - raft.server.rpc.timeout.max = 2000ms (custom)
2023-08-28 07:17:28,495 [s2-groupManagement] INFO  server.RaftServerConfigKeys (ConfUtils.java:logGet(46)) - raft.server.rpc.sleep.time = 25ms (default)
2023-08-28 07:17:28,495 [s2-groupManagement] INFO  server.RaftServerConfigKeys (ConfUtils.java:logGet(46)) - raft.server.rpc.slowness.timeout = 60s (default)
2023-08-28 07:17:28,495 [s2-groupManagement] INFO  server.RaftServerConfigKeys (ConfUtils.java:logGet(46)) - raft.server.leaderelection.leader.step-down.wait-time = 10s (default)
2023-08-28 07:17:28,495 [s2-groupManagement] INFO  server.RaftServerConfigKeys (ConfUtils.java:logGet(46)) - raft.server.sleep.deviation.threshold = 300ms (default)
2023-08-28 07:17:28,495 [s2-groupManagement] INFO  server.RaftServer$Division (ServerState.java:<init>(113)) - s2@group-F06CBDDBBCE9: ConfigurationManager, init=-1: peers:[s0|rpc:0.0.0.0:33275|dataStream:|priority:0|startupRole:FOLLOWER, s1|rpc:0.0.0.0:37201|dataStream:|priority:0|startupRole:FOLLOWER, s2|rpc:0.0.0.0:46449|dataStream:|priority:0|startupRole:FOLLOWER]|listeners:[], old=null, confs=<EMPTY_MAP>
2023-08-28 07:17:28,495 [s2-groupManagement] INFO  server.RaftServerConfigKeys (ConfUtils.java:logGet(46)) - raft.server.notification.no-leader.timeout = 60s (default)
2023-08-28 07:17:28,495 [s2-groupManagement] INFO  server.RaftServerConfigKeys (ConfUtils.java:logGet(46)) - raft.server.read.timeout = 10s (default)
2023-08-28 07:17:28,495 [s2-groupManagement] INFO  server.RaftServerConfigKeys (ConfUtils.java:logGet(46)) - raft.server.retrycache.expirytime = 60s (default)
2023-08-28 07:17:28,495 [s2-groupManagement] INFO  server.RaftServerConfigKeys (ConfUtils.java:logGet(46)) - raft.server.retrycache.statistics.expirytime = 100μs (default)
2023-08-28 07:17:28,496 [s2-groupManagement] INFO  server.RaftServerConfigKeys (ConfUtils.java:logGet(46)) - raft.server.read.option = DEFAULT (default)
2023-08-28 07:17:28,496 [s2-groupManagement] INFO  server.RaftServerConfigKeys (ConfUtils.java:logGet(46)) - raft.server.rpc.request.timeout = 3000ms (default)
2023-08-28 07:17:28,496 [s2-groupManagement] INFO  server.RaftServerConfigKeys (ConfUtils.java:logGet(46)) - raft.server.log.appender.install.snapshot.enabled = true (default)
2023-08-28 07:17:28,496 [s2-groupManagement] INFO  server.RaftServerConfigKeys (ConfUtils.java:logGet(46)) - raft.server.threadpool.server.cached = true (default)
2023-08-28 07:17:28,496 [s2-groupManagement] INFO  server.RaftServerConfigKeys (ConfUtils.java:logGet(46)) - raft.server.threadpool.server.size = 0 (default)
2023-08-28 07:17:28,496 [s2-groupManagement] INFO  server.RaftServerConfigKeys (ConfUtils.java:logGet(46)) - raft.server.threadpool.client.cached = true (default)
2023-08-28 07:17:28,496 [s2-groupManagement] INFO  server.RaftServerConfigKeys (ConfUtils.java:logGet(46)) - raft.server.threadpool.client.size = 0 (default)
2023-08-28 07:17:28,496 [s2-groupManagement] DEBUG server.RaftServer (RaftServerProxy.java:lambda$groupAddAsync$11(505)) - s2: newImpl =      null s2@group-F06CBDDBBCE9:t0, leader=null, voted=null, raftlog=UNINITIALIZED, conf=-1: peers:[s0|rpc:0.0.0.0:33275|dataStream:|priority:0|startupRole:FOLLOWER, s1|rpc:0.0.0.0:37201|dataStream:|priority:0|startupRole:FOLLOWER, s2|rpc:0.0.0.0:46449|dataStream:|priority:0|startupRole:FOLLOWER]|listeners:[], old=null NEW
2023-08-28 07:17:28,496 [s2-groupManagement] INFO  server.RaftServerConfigKeys (ConfUtils.java:logGet(46)) - raft.server.storage.free-space.min = 0MB (=0) (default)
2023-08-28 07:17:28,497 [s2-groupManagement] INFO  server.RaftServerConfigKeys (ConfUtils.java:logGet(46)) - raft.server.log.corruption.policy = EXCEPTION (default)
2023-08-28 07:17:28,497 [s2-groupManagement] INFO  server.RaftServerConfigKeys (ConfUtils.java:logGet(46)) - raft.server.storage.dir = [/home/runner/work/ratis/ratis/ratis-test/target/test/data/c5bbf9cd/MiniRaftClusterWithNettyaf9953c4/s2] (custom)
2023-08-28 07:17:28,497 [s2-groupManagement] INFO  storage.RaftStorageDirectory (RaftStorageDirectoryImpl.java:analyzeStorage(138)) - The storage directory /home/runner/work/ratis/ratis/ratis-test/target/test/data/c5bbf9cd/MiniRaftClusterWithNettyaf9953c4/s2/b0c2deec-4fd7-4cc2-b566-f06cbddbbce9 does not exist. Creating ...
2023-08-28 07:17:28,497 [s2-groupManagement] TRACE util.FileUtils (LogUtils.java:runAndLog(49)) - Successfully ran Files.createDirectories /home/runner/work/ratis/ratis/ratis-test/target/test/data/c5bbf9cd/MiniRaftClusterWithNettyaf9953c4/s2/b0c2deec-4fd7-4cc2-b566-f06cbddbbce9
2023-08-28 07:17:28,498 [s2-groupManagement] INFO  storage.RaftStorageDirectory (RaftStorageDirectoryImpl.java:tryLock(232)) - Lock on /home/runner/work/ratis/ratis/ratis-test/target/test/data/c5bbf9cd/MiniRaftClusterWithNettyaf9953c4/s2/b0c2deec-4fd7-4cc2-b566-f06cbddbbce9/in_use.lock acquired by nodename 7908@fv-az1033-516
2023-08-28 07:17:28,498 [s2-groupManagement] TRACE util.FileUtils (LogUtils.java:runAndLog(49)) - Successfully ran Files.createDirectories /home/runner/work/ratis/ratis/ratis-test/target/test/data/c5bbf9cd/MiniRaftClusterWithNettyaf9953c4/s2/b0c2deec-4fd7-4cc2-b566-f06cbddbbce9/current
2023-08-28 07:17:28,498 [s2-groupManagement] TRACE util.FileUtils (LogUtils.java:runAndLog(49)) - Successfully ran Files.createDirectories /home/runner/work/ratis/ratis/ratis-test/target/test/data/c5bbf9cd/MiniRaftClusterWithNettyaf9953c4/s2/b0c2deec-4fd7-4cc2-b566-f06cbddbbce9/sm
2023-08-28 07:17:28,499 [s2-groupManagement] INFO  storage.RaftStorage (RaftStorageImpl.java:format(97)) - Storage directory /home/runner/work/ratis/ratis/ratis-test/target/test/data/c5bbf9cd/MiniRaftClusterWithNettyaf9953c4/s2/b0c2deec-4fd7-4cc2-b566-f06cbddbbce9 has been successfully formatted.
2023-08-28 07:17:28,499 [s2-groupManagement] INFO  server.RaftServerConfigKeys (ConfUtils.java:logGet(46)) - raft.server.log.use.memory = false (default)
2023-08-28 07:17:28,500 [s2-groupManagement] INFO  server.RaftServerConfigKeys (ConfUtils.java:logGet(46)) - raft.server.log.purge.gap = 1024 (default)
2023-08-28 07:17:28,500 [s2-groupManagement] INFO  server.RaftServerConfigKeys (ConfUtils.java:logGet(46)) - raft.server.log.appender.buffer.byte-limit = 4MB (=4194304) (default)
2023-08-28 07:17:28,500 [s2-groupManagement] INFO  server.RaftServerConfigKeys (ConfUtils.java:logGet(46)) - raft.server.log.statemachine.data.read.timeout = 1000ms (default)
2023-08-28 07:17:28,500 [s2-groupManagement] INFO  server.RaftServerConfigKeys (ConfUtils.java:logGet(46)) - raft.server.log.purge.preservation.log.num = 0 (default)
2023-08-28 07:17:28,500 [s2-groupManagement] INFO  server.RaftServerConfigKeys (ConfUtils.java:logGet(46)) - raft.server.log.segment.size.max = 8MB (=8388608) (default)
2023-08-28 07:17:28,500 [s2-groupManagement] INFO  server.RaftServerConfigKeys (ConfUtils.java:logGet(46)) - raft.server.log.segment.cache.num.max = 6 (default)
2023-08-28 07:17:28,500 [s2-groupManagement] INFO  server.RaftServerConfigKeys (ConfUtils.java:logGet(46)) - raft.server.log.segment.cache.size.max = 200MB (=209715200) (default)
2023-08-28 07:17:28,500 [s2-groupManagement] INFO  server.RaftServerConfigKeys (ConfUtils.java:logGet(46)) - raft.server.log.appender.buffer.byte-limit = 4MB (=4194304) (default)
2023-08-28 07:17:28,500 [s2-groupManagement] INFO  segmented.SegmentedRaftLogWorker (SegmentedRaftLogWorker.java:<init>(183)) - new s2@group-F06CBDDBBCE9-SegmentedRaftLogWorker for RaftStorageImpl:Storage Directory /home/runner/work/ratis/ratis/ratis-test/target/test/data/c5bbf9cd/MiniRaftClusterWithNettyaf9953c4/s2/b0c2deec-4fd7-4cc2-b566-f06cbddbbce9
2023-08-28 07:17:28,500 [s2-groupManagement] INFO  server.RaftServerConfigKeys (ConfUtils.java:logGet(46)) - raft.server.log.queue.byte-limit = 64MB (=67108864) (default)
2023-08-28 07:17:28,500 [s2-groupManagement] INFO  server.RaftServerConfigKeys (ConfUtils.java:logGet(46)) - raft.server.log.queue.element-limit = 4096 (default)
2023-08-28 07:17:28,500 [s2-groupManagement] INFO  server.RaftServerConfigKeys (ConfUtils.java:logGet(46)) - raft.server.log.segment.size.max = 8MB (=8388608) (default)
2023-08-28 07:17:28,500 [s2-groupManagement] INFO  server.RaftServerConfigKeys (ConfUtils.java:logGet(46)) - raft.server.log.preallocated.size = 4MB (=4194304) (default)
2023-08-28 07:17:28,500 [s2-groupManagement] INFO  server.RaftServerConfigKeys (ConfUtils.java:logGet(46)) - raft.server.log.force.sync.num = 128 (default)
2023-08-28 07:17:28,500 [s2-groupManagement] INFO  server.RaftServerConfigKeys (ConfUtils.java:logGet(46)) - raft.server.log.statemachine.data.sync = true (default)
2023-08-28 07:17:28,500 [s2-groupManagement] INFO  server.RaftServerConfigKeys (ConfUtils.java:logGet(46)) - raft.server.log.statemachine.data.sync.timeout = 10s (default)
2023-08-28 07:17:28,500 [s2-groupManagement] INFO  server.RaftServerConfigKeys (ConfUtils.java:logGet(46)) - raft.server.log.statemachine.data.sync.timeout.retry = -1 (default)
2023-08-28 07:17:28,500 [s2-groupManagement] INFO  server.RaftServerConfigKeys (ConfUtils.java:logGet(46)) - raft.server.log.write.buffer.size = 64KB (=65536) (default)
2023-08-28 07:17:28,500 [s2-groupManagement] INFO  server.RaftServerConfigKeys (ConfUtils.java:logGet(46)) - raft.server.log.appender.buffer.byte-limit = 4MB (=4194304) (default)
2023-08-28 07:17:28,514 [s2-groupManagement] INFO  server.RaftServerConfigKeys (ConfUtils.java:logGet(46)) - raft.server.log.unsafe-flush.enabled = false (default)
2023-08-28 07:17:28,514 [s2-groupManagement] INFO  server.RaftServerConfigKeys (ConfUtils.java:logGet(46)) - raft.server.log.async-flush.enabled = false (default)
2023-08-28 07:17:28,514 [s2-groupManagement] INFO  server.RaftServerConfigKeys (ConfUtils.java:logGet(46)) - raft.server.log.statemachine.data.caching.enabled = false (default)
2023-08-28 07:17:28,514 [s2-groupManagement] INFO  segmented.SegmentedRaftLogWorker (SegmentedRaftLogWorker.java:lambda$new$0(134)) - s2@group-F06CBDDBBCE9-SegmentedRaftLogWorker: flushIndex: setUnconditionally 0 -> -1
2023-08-28 07:17:28,514 [s2-groupManagement] INFO  segmented.SegmentedRaftLogWorker (SegmentedRaftLogWorker.java:lambda$new$0(134)) - s2@group-F06CBDDBBCE9-SegmentedRaftLogWorker: safeCacheEvictIndex: setUnconditionally 0 -> -1
2023-08-28 07:17:28,522 [s2-groupManagement] INFO  server.RaftServer$Division (RaftServerImpl.java:start(384)) - s2@group-F06CBDDBBCE9: start as a follower, conf=-1: peers:[s0|rpc:0.0.0.0:33275|dataStream:|priority:0|startupRole:FOLLOWER, s1|rpc:0.0.0.0:37201|dataStream:|priority:0|startupRole:FOLLOWER, s2|rpc:0.0.0.0:46449|dataStream:|priority:0|startupRole:FOLLOWER]|listeners:[], old=null
2023-08-28 07:17:28,522 [s2-groupManagement] INFO  server.RaftServer$Division (RaftServerImpl.java:setRole(371)) - s2@group-F06CBDDBBCE9: changes role from      null to FOLLOWER at term 0 for startAsFollower
2023-08-28 07:17:28,522 [s2-groupManagement] INFO  impl.RoleInfo (RoleInfo.java:updateAndGet(138)) - s2: start s2@group-F06CBDDBBCE9-FollowerState
2023-08-28 07:17:28,533 [s2-groupManagement] INFO  util.JmxRegister (JmxRegister.java:tryRegister(44)) - Successfully registered JMX Bean with object name Ratis:service=RaftServer,group=group-F06CBDDBBCE9,id=s2
2023-08-28 07:17:28,533 [s2-groupManagement] INFO  server.RaftServerConfigKeys (ConfUtils.java:logGet(46)) - raft.server.snapshot.trigger-when-stop.enabled = true (default)
2023-08-28 07:17:28,533 [s2-groupManagement] INFO  server.RaftServerConfigKeys (ConfUtils.java:logGet(46)) - raft.server.snapshot.auto.trigger.enabled = false (default)
2023-08-28 07:17:28,533 [s2-groupManagement] INFO  server.RaftServerConfigKeys (ConfUtils.java:logGet(46)) - raft.server.snapshot.retention.file.num = -1 (default)
2023-08-28 07:17:28,533 [s2-groupManagement] INFO  server.RaftServerConfigKeys (ConfUtils.java:logGet(46)) - raft.server.log.purge.upto.snapshot.index = false (default)
2023-08-28 07:17:28,535 [s2@group-F06CBDDBBCE9-FollowerState] INFO  server.RaftServerConfigKeys (ConfUtils.java:logFallback(53)) - raft.server.rpc.first-election.timeout.min = 1500ms (fallback to raft.server.rpc.timeout.min)
2023-08-28 07:17:28,535 [s2@group-F06CBDDBBCE9-FollowerState] INFO  server.RaftServerConfigKeys (ConfUtils.java:logFallback(53)) - raft.server.rpc.first-election.timeout.max = 2000ms (fallback to raft.server.rpc.timeout.max)
2023-08-28 07:17:28,544 [Time-limited test] INFO  server.RaftServerConfigKeys (ConfUtils.java:logGet(46)) - raft.server.rpc.timeout.max = 2000ms (custom)
2023-08-28 07:17:28,545 [Time-limited test] INFO  ratis.RaftTestUtil (RaftTestUtil.java:waitForLeader(100)) - printing group-F06CBDDBBCE9
  s0:  RUNNING [
   FOLLOWER s0@group-F06CBDDBBCE9:t0, leader=null, voted=, raftlog=Memoized:s0@group-F06CBDDBBCE9-SegmentedRaftLog:OPENED:c-1, conf=-1: peers:[s0|rpc:0.0.0.0:33275|dataStream:|priority:0|startupRole:FOLLOWER, s1|rpc:0.0.0.0:37201|dataStream:|priority:0|startupRole:FOLLOWER, s2|rpc:0.0.0.0:46449|dataStream:|priority:0|startupRole:FOLLOWER]|listeners:[], old=null RUNNING
   FOLLOWER s0@group-439A96E27B3B:t0, leader=null, voted=, raftlog=Memoized:s0@group-439A96E27B3B-SegmentedRaftLog:OPENED:c-1, conf=-1: peers:[]|listeners:[], old=null STARTING] size=2
  s1:  RUNNING [
   FOLLOWER s1@group-F06CBDDBBCE9:t0, leader=null, voted=, raftlog=Memoized:s1@group-F06CBDDBBCE9-SegmentedRaftLog:OPENED:c-1, conf=-1: peers:[s0|rpc:0.0.0.0:33275|dataStream:|priority:0|startupRole:FOLLOWER, s1|rpc:0.0.0.0:37201|dataStream:|priority:0|startupRole:FOLLOWER, s2|rpc:0.0.0.0:46449|dataStream:|priority:0|startupRole:FOLLOWER]|listeners:[], old=null RUNNING
   FOLLOWER s1@group-439A96E27B3B:t0, leader=null, voted=, raftlog=Memoized:s1@group-439A96E27B3B-SegmentedRaftLog:OPENED:c-1, conf=-1: peers:[]|listeners:[], old=null STARTING] size=2
  s2:  RUNNING [
   FOLLOWER s2@group-F06CBDDBBCE9:t0, leader=null, voted=, raftlog=Memoized:s2@group-F06CBDDBBCE9-SegmentedRaftLog:OPENED:c-1, conf=-1: peers:[s0|rpc:0.0.0.0:33275|dataStream:|priority:0|startupRole:FOLLOWER, s1|rpc:0.0.0.0:37201|dataStream:|priority:0|startupRole:FOLLOWER, s2|rpc:0.0.0.0:46449|dataStream:|priority:0|startupRole:FOLLOWER]|listeners:[], old=null RUNNING
   FOLLOWER s2@group-439A96E27B3B:t0, leader=null, voted=, raftlog=Memoized:s2@group-439A96E27B3B-SegmentedRaftLog:OPENED:c-1, conf=-1: peers:[]|listeners:[], old=null STARTING] size=2
2023-08-28 07:17:28,546 [Time-limited test] WARN  ratis.RaftTestUtil (JavaUtils.java:attempt(217)) - FAILED "waitForLeader-group-F06CBDDBBCE9-(expectLeader? true)", attempt #1/100: java.lang.IllegalStateException: No leader yet  for group-F06CBDDBBCE9: printing group-F06CBDDBBCE9
  s0:  RUNNING [
   FOLLOWER s0@group-F06CBDDBBCE9:t0, leader=null, voted=, raftlog=Memoized:s0@group-F06CBDDBBCE9-SegmentedRaftLog:OPENED:c-1, conf=-1: peers:[s0|rpc:0.0.0.0:33275|dataStream:|priority:0|startupRole:FOLLOWER, s1|rpc:0.0.0.0:37201|dataStream:|priority:0|startupRole:FOLLOWER, s2|rpc:0.0.0.0:46449|dataStream:|priority:0|startupRole:FOLLOWER]|listeners:[], old=null RUNNING
   FOLLOWER s0@group-439A96E27B3B:t0, leader=null, voted=, raftlog=Memoized:s0@group-439A96E27B3B-SegmentedRaftLog:OPENED:c-1, conf=-1: peers:[]|listeners:[], old=null STARTING] size=2
  s1:  RUNNING [
   FOLLOWER s1@group-F06CBDDBBCE9:t0, leader=null, voted=, raftlog=Memoized:s1@group-F06CBDDBBCE9-SegmentedRaftLog:OPENED:c-1, conf=-1: peers:[s0|rpc:0.0.0.0:33275|dataStream:|priority:0|startupRole:FOLLOWER, s1|rpc:0.0.0.0:37201|dataStream:|priority:0|startupRole:FOLLOWER, s2|rpc:0.0.0.0:46449|dataStream:|priority:0|startupRole:FOLLOWER]|listeners:[], old=null RUNNING
   FOLLOWER s1@group-439A96E27B3B:t0, leader=null, voted=, raftlog=Memoized:s1@group-439A96E27B3B-SegmentedRaftLog:OPENED:c-1, conf=-1: peers:[]|listeners:[], old=null STARTING] size=2
  s2:  RUNNING [
   FOLLOWER s2@group-F06CBDDBBCE9:t0, leader=null, voted=, raftlog=Memoized:s2@group-F06CBDDBBCE9-SegmentedRaftLog:OPENED:c-1, conf=-1: peers:[s0|rpc:0.0.0.0:33275|dataStream:|priority:0|startupRole:FOLLOWER, s1|rpc:0.0.0.0:37201|dataStream:|priority:0|startupRole:FOLLOWER, s2|rpc:0.0.0.0:46449|dataStream:|priority:0|startupRole:FOLLOWER]|listeners:[], old=null RUNNING
   FOLLOWER s2@group-439A96E27B3B:t0, leader=null, voted=, raftlog=Memoized:s2@group-439A96E27B3B-SegmentedRaftLog:OPENED:c-1, conf=-1: peers:[]|listeners:[], old=null STARTING] size=2, sleep 3000ms and then retry.
java.lang.IllegalStateException: No leader yet  for group-F06CBDDBBCE9: printing group-F06CBDDBBCE9
  s0:  RUNNING [
   FOLLOWER s0@group-F06CBDDBBCE9:t0, leader=null, voted=, raftlog=Memoized:s0@group-F06CBDDBBCE9-SegmentedRaftLog:OPENED:c-1, conf=-1: peers:[s0|rpc:0.0.0.0:33275|dataStream:|priority:0|startupRole:FOLLOWER, s1|rpc:0.0.0.0:37201|dataStream:|priority:0|startupRole:FOLLOWER, s2|rpc:0.0.0.0:46449|dataStream:|priority:0|startupRole:FOLLOWER]|listeners:[], old=null RUNNING
   FOLLOWER s0@group-439A96E27B3B:t0, leader=null, voted=, raftlog=Memoized:s0@group-439A96E27B3B-SegmentedRaftLog:OPENED:c-1, conf=-1: peers:[]|listeners:[], old=null STARTING] size=2
  s1:  RUNNING [
   FOLLOWER s1@group-F06CBDDBBCE9:t0, leader=null, voted=, raftlog=Memoized:s1@group-F06CBDDBBCE9-SegmentedRaftLog:OPENED:c-1, conf=-1: peers:[s0|rpc:0.0.0.0:33275|dataStream:|priority:0|startupRole:FOLLOWER, s1|rpc:0.0.0.0:37201|dataStream:|priority:0|startupRole:FOLLOWER, s2|rpc:0.0.0.0:46449|dataStream:|priority:0|startupRole:FOLLOWER]|listeners:[], old=null RUNNING
   FOLLOWER s1@group-439A96E27B3B:t0, leader=null, voted=, raftlog=Memoized:s1@group-439A96E27B3B-SegmentedRaftLog:OPENED:c-1, conf=-1: peers:[]|listeners:[], old=null STARTING] size=2
  s2:  RUNNING [
   FOLLOWER s2@group-F06CBDDBBCE9:t0, leader=null, voted=, raftlog=Memoized:s2@group-F06CBDDBBCE9-SegmentedRaftLog:OPENED:c-1, conf=-1: peers:[s0|rpc:0.0.0.0:33275|dataStream:|priority:0|startupRole:FOLLOWER, s1|rpc:0.0.0.0:37201|dataStream:|priority:0|startupRole:FOLLOWER, s2|rpc:0.0.0.0:46449|dataStream:|priority:0|startupRole:FOLLOWER]|listeners:[], old=null RUNNING
   FOLLOWER s2@group-439A96E27B3B:t0, leader=null, voted=, raftlog=Memoized:s2@group-439A96E27B3B-SegmentedRaftLog:OPENED:c-1, conf=-1: peers:[]|listeners:[], old=null STARTING] size=2
	at org.apache.ratis.server.impl.MiniRaftCluster.newIllegalStateExceptionForNoLeaders(MiniRaftCluster.java:581)
	at org.apache.ratis.RaftTestUtil.lambda$waitForLeader$1(RaftTestUtil.java:104)
	at org.apache.ratis.server.impl.MiniRaftCluster.getLeader(MiniRaftCluster.java:615)
	at org.apache.ratis.server.impl.MiniRaftCluster.getLeader(MiniRaftCluster.java:608)
	at org.apache.ratis.RaftTestUtil.lambda$waitForLeader$3(RaftTestUtil.java:112)
	at org.apache.ratis.util.JavaUtils.attempt(JavaUtils.java:211)
	at org.apache.ratis.util.JavaUtils.attemptRepeatedly(JavaUtils.java:197)
	at org.apache.ratis.RaftTestUtil.waitForLeader(RaftTestUtil.java:111)
	at org.apache.ratis.RaftTestUtil.waitForLeader(RaftTestUtil.java:92)
	at org.apache.ratis.server.impl.GroupManagementBaseTest.runMultiGroupTest(GroupManagementBaseTest.java:287)
	at org.apache.ratis.server.impl.GroupManagementBaseTest.runMultiGroupTest(GroupManagementBaseTest.java:237)
	at org.apache.ratis.server.impl.GroupManagementBaseTest.testMultiGroup5Nodes(GroupManagementBaseTest.java:220)
	at java.base/jdk.internal.reflect.NativeMethodAccessorImpl.invoke0(Native Method)
	at java.base/jdk.internal.reflect.NativeMethodAccessorImpl.invoke(NativeMethodAccessorImpl.java:62)
	at java.base/jdk.internal.reflect.DelegatingMethodAccessorImpl.invoke(DelegatingMethodAccessorImpl.java:43)
	at java.base/java.lang.reflect.Method.invoke(Method.java:566)
	at org.junit.runners.model.FrameworkMethod$1.runReflectiveCall(FrameworkMethod.java:59)
	at org.junit.internal.runners.model.ReflectiveCallable.run(ReflectiveCallable.java:12)
	at org.junit.runners.model.FrameworkMethod.invokeExplosively(FrameworkMethod.java:56)
	at org.junit.internal.runners.statements.InvokeMethod.evaluate(InvokeMethod.java:17)
	at org.junit.internal.runners.statements.RunAfters.evaluate(RunAfters.java:27)
	at org.junit.internal.runners.statements.FailOnTimeout$CallableStatement.call(FailOnTimeout.java:299)
	at org.junit.internal.runners.statements.FailOnTimeout$CallableStatement.call(FailOnTimeout.java:293)
	at java.base/java.util.concurrent.FutureTask.run(FutureTask.java:264)
	at java.base/java.lang.Thread.run(Thread.java:829)
2023-08-28 07:17:30,251 [s0@group-F06CBDDBBCE9-FollowerState] INFO  impl.FollowerState (FollowerState.java:run(143)) - s0@group-F06CBDDBBCE9-FollowerState: change to CANDIDATE, lastRpcElapsedTime:1808782317ns, electionTimeout:1805ms
2023-08-28 07:17:30,251 [s0@group-F06CBDDBBCE9-FollowerState] INFO  impl.RoleInfo (RoleInfo.java:shutdownFollowerState(109)) - s0: shutdown s0@group-F06CBDDBBCE9-FollowerState
2023-08-28 07:17:30,251 [s0@group-F06CBDDBBCE9-FollowerState] INFO  server.RaftServer$Division (RaftServerImpl.java:setRole(371)) - s0@group-F06CBDDBBCE9: changes role from  FOLLOWER to CANDIDATE at term 0 for changeToCandidate
2023-08-28 07:17:30,251 [s0@group-F06CBDDBBCE9-FollowerState] INFO  server.RaftServerConfigKeys (ConfUtils.java:logGet(46)) - raft.server.leaderelection.pre-vote = true (default)
2023-08-28 07:17:30,251 [s0@group-F06CBDDBBCE9-FollowerState] INFO  impl.RoleInfo (RoleInfo.java:updateAndGet(138)) - s0: start s0@group-F06CBDDBBCE9-LeaderElection5
2023-08-28 07:17:30,252 [s0@group-F06CBDDBBCE9-LeaderElection5] INFO  impl.LeaderElection (LeaderElection.java:askForVotes(320)) - s0@group-F06CBDDBBCE9-LeaderElection5 PRE_VOTE round 0: submit vote requests at term 0 for -1: peers:[s0|rpc:0.0.0.0:33275|dataStream:|priority:0|startupRole:FOLLOWER, s1|rpc:0.0.0.0:37201|dataStream:|priority:0|startupRole:FOLLOWER, s2|rpc:0.0.0.0:46449|dataStream:|priority:0|startupRole:FOLLOWER]|listeners:[], old=null
2023-08-28 07:17:30,252 [s0@group-F06CBDDBBCE9-LeaderElection5] INFO  server.RaftServerConfigKeys (ConfUtils.java:logFallback(53)) - raft.server.rpc.first-election.timeout.min = 1500ms (fallback to raft.server.rpc.timeout.min)
2023-08-28 07:17:30,252 [s0@group-F06CBDDBBCE9-LeaderElection5] INFO  server.RaftServerConfigKeys (ConfUtils.java:logFallback(53)) - raft.server.rpc.first-election.timeout.max = 2000ms (fallback to raft.server.rpc.timeout.max)
2023-08-28 07:17:30,253 [nioEventLoopGroup-38-1] INFO  logging.LoggingHandler (AbstractInternalLogger.java:log(148)) - [id: 0xb90f80b7, L:/0.0.0.0:37201] READ: [id: 0xca488199, L:/10.1.0.28:37201 - R:/10.1.0.28:40314]
2023-08-28 07:17:30,254 [nioEventLoopGroup-40-1] INFO  logging.LoggingHandler (AbstractInternalLogger.java:log(148)) - [id: 0x64c611f9, L:/0.0.0.0:46449] READ: [id: 0x14654ff6, L:/10.1.0.28:46449 - R:/10.1.0.28:40924]
2023-08-28 07:17:30,255 [nioEventLoopGroup-38-1] INFO  logging.LoggingHandler (AbstractInternalLogger.java:log(148)) - [id: 0xb90f80b7, L:/0.0.0.0:37201] READ COMPLETE
2023-08-28 07:17:30,256 [nioEventLoopGroup-39-2] INFO  server.RaftServer$Division (RaftServerImpl.java:requestVote(1344)) - s1@group-F06CBDDBBCE9: receive requestVote(PRE_VOTE, s0, group-F06CBDDBBCE9, 0, (t:0, i:0))
2023-08-28 07:17:30,256 [nioEventLoopGroup-39-2] INFO  impl.VoteContext (VoteContext.java:log(49)) - s1@group-F06CBDDBBCE9-FOLLOWER: accept PRE_VOTE from s0: our priority 0 <= candidate's priority 0
2023-08-28 07:17:30,256 [nioEventLoopGroup-39-2] INFO  server.RaftServer$Division (RaftServerImpl.java:requestVote(1377)) - s1@group-F06CBDDBBCE9 replies to PRE_VOTE vote request: s0<-s1#0:OK-t0. Peer's state: s1@group-F06CBDDBBCE9:t0, leader=null, voted=, raftlog=Memoized:s1@group-F06CBDDBBCE9-SegmentedRaftLog:OPENED:c-1, conf=-1: peers:[s0|rpc:0.0.0.0:33275|dataStream:|priority:0|startupRole:FOLLOWER, s1|rpc:0.0.0.0:37201|dataStream:|priority:0|startupRole:FOLLOWER, s2|rpc:0.0.0.0:46449|dataStream:|priority:0|startupRole:FOLLOWER]|listeners:[], old=null
2023-08-28 07:17:30,257 [nioEventLoopGroup-40-1] INFO  logging.LoggingHandler (AbstractInternalLogger.java:log(148)) - [id: 0x64c611f9, L:/0.0.0.0:46449] READ COMPLETE
2023-08-28 07:17:30,257 [s0@group-F06CBDDBBCE9-LeaderElection5] INFO  impl.LeaderElection (LeaderElection.java:logAndReturn(89)) - s0@group-F06CBDDBBCE9-LeaderElection5: PRE_VOTE PASSED received 1 response(s) and 0 exception(s):
2023-08-28 07:17:30,257 [s0@group-F06CBDDBBCE9-LeaderElection5] INFO  impl.LeaderElection (LeaderElection.java:logAndReturn(93)) -   Response 0: s0<-s1#0:OK-t0
2023-08-28 07:17:30,257 [s0@group-F06CBDDBBCE9-LeaderElection5] INFO  impl.LeaderElection (LeaderElection.java:askForVotes(322)) - s0@group-F06CBDDBBCE9-LeaderElection5 PRE_VOTE round 0: result PASSED
2023-08-28 07:17:30,259 [nioEventLoopGroup-41-2] INFO  server.RaftServer$Division (RaftServerImpl.java:requestVote(1344)) - s2@group-F06CBDDBBCE9: receive requestVote(PRE_VOTE, s0, group-F06CBDDBBCE9, 0, (t:0, i:0))
2023-08-28 07:17:30,259 [nioEventLoopGroup-41-2] INFO  impl.VoteContext (VoteContext.java:log(49)) - s2@group-F06CBDDBBCE9-FOLLOWER: accept PRE_VOTE from s0: our priority 0 <= candidate's priority 0
2023-08-28 07:17:30,259 [nioEventLoopGroup-41-2] INFO  server.RaftServer$Division (RaftServerImpl.java:requestVote(1377)) - s2@group-F06CBDDBBCE9 replies to PRE_VOTE vote request: s0<-s2#0:OK-t0. Peer's state: s2@group-F06CBDDBBCE9:t0, leader=null, voted=, raftlog=Memoized:s2@group-F06CBDDBBCE9-SegmentedRaftLog:OPENED:c-1, conf=-1: peers:[s0|rpc:0.0.0.0:33275|dataStream:|priority:0|startupRole:FOLLOWER, s1|rpc:0.0.0.0:37201|dataStream:|priority:0|startupRole:FOLLOWER, s2|rpc:0.0.0.0:46449|dataStream:|priority:0|startupRole:FOLLOWER]|listeners:[], old=null
2023-08-28 07:17:30,259 [s0@group-F06CBDDBBCE9-LeaderElection5] INFO  impl.LeaderElection (LeaderElection.java:askForVotes(320)) - s0@group-F06CBDDBBCE9-LeaderElection5 ELECTION round 0: submit vote requests at term 1 for -1: peers:[s0|rpc:0.0.0.0:33275|dataStream:|priority:0|startupRole:FOLLOWER, s1|rpc:0.0.0.0:37201|dataStream:|priority:0|startupRole:FOLLOWER, s2|rpc:0.0.0.0:46449|dataStream:|priority:0|startupRole:FOLLOWER]|listeners:[], old=null
2023-08-28 07:17:30,260 [nioEventLoopGroup-39-2] INFO  server.RaftServer$Division (RaftServerImpl.java:requestVote(1344)) - s1@group-F06CBDDBBCE9: receive requestVote(ELECTION, s0, group-F06CBDDBBCE9, 1, (t:0, i:0))
2023-08-28 07:17:30,260 [nioEventLoopGroup-39-2] INFO  impl.VoteContext (VoteContext.java:log(49)) - s1@group-F06CBDDBBCE9-FOLLOWER: accept ELECTION from s0: our priority 0 <= candidate's priority 0
2023-08-28 07:17:30,260 [nioEventLoopGroup-39-2] INFO  server.RaftServer$Division (RaftServerImpl.java:setRole(371)) - s1@group-F06CBDDBBCE9: changes role from  FOLLOWER to FOLLOWER at term 1 for candidate:s0
2023-08-28 07:17:30,260 [nioEventLoopGroup-39-2] INFO  impl.RoleInfo (RoleInfo.java:shutdownFollowerState(109)) - s1: shutdown s1@group-F06CBDDBBCE9-FollowerState
2023-08-28 07:17:30,260 [s1@group-F06CBDDBBCE9-FollowerState] INFO  impl.FollowerState (FollowerState.java:run(152)) - s1@group-F06CBDDBBCE9-FollowerState was interrupted
2023-08-28 07:17:30,266 [s0@group-F06CBDDBBCE9-LeaderElection5] INFO  server.RaftServerConfigKeys (ConfUtils.java:logFallback(53)) - raft.server.rpc.first-election.timeout.min = 1500ms (fallback to raft.server.rpc.timeout.min)
2023-08-28 07:17:30,266 [s0@group-F06CBDDBBCE9-LeaderElection5] INFO  server.RaftServerConfigKeys (ConfUtils.java:logFallback(53)) - raft.server.rpc.first-election.timeout.max = 2000ms (fallback to raft.server.rpc.timeout.max)
2023-08-28 07:17:30,270 [nioEventLoopGroup-39-2] INFO  impl.RoleInfo (RoleInfo.java:updateAndGet(138)) - s1: start s1@group-F06CBDDBBCE9-FollowerState
2023-08-28 07:17:30,270 [nioEventLoopGroup-39-2] INFO  server.RaftServer$Division (RaftServerImpl.java:setFirstElection(556)) - s1@group-F06CBDDBBCE9: set firstElectionSinceStartup to false for candidate:s0
2023-08-28 07:17:30,271 [nioEventLoopGroup-39-2] INFO  server.RaftServer$Division (RaftServerImpl.java:requestVote(1377)) - s1@group-F06CBDDBBCE9 replies to ELECTION vote request: s0<-s1#0:OK-t1. Peer's state: s1@group-F06CBDDBBCE9:t1, leader=null, voted=s0, raftlog=Memoized:s1@group-F06CBDDBBCE9-SegmentedRaftLog:OPENED:c-1, conf=-1: peers:[s0|rpc:0.0.0.0:33275|dataStream:|priority:0|startupRole:FOLLOWER, s1|rpc:0.0.0.0:37201|dataStream:|priority:0|startupRole:FOLLOWER, s2|rpc:0.0.0.0:46449|dataStream:|priority:0|startupRole:FOLLOWER]|listeners:[], old=null
2023-08-28 07:17:30,272 [s0@group-F06CBDDBBCE9-LeaderElection5] INFO  impl.LeaderElection (LeaderElection.java:logAndReturn(89)) - s0@group-F06CBDDBBCE9-LeaderElection5: ELECTION PASSED received 1 response(s) and 0 exception(s):
2023-08-28 07:17:30,272 [s0@group-F06CBDDBBCE9-LeaderElection5] INFO  impl.LeaderElection (LeaderElection.java:logAndReturn(93)) -   Response 0: s0<-s1#0:OK-t1
2023-08-28 07:17:30,272 [s0@group-F06CBDDBBCE9-LeaderElection5] INFO  impl.LeaderElection (LeaderElection.java:askForVotes(322)) - s0@group-F06CBDDBBCE9-LeaderElection5 ELECTION round 0: result PASSED
2023-08-28 07:17:30,272 [s0@group-F06CBDDBBCE9-LeaderElection5] INFO  impl.RoleInfo (RoleInfo.java:shutdownLeaderElection(129)) - s0: shutdown s0@group-F06CBDDBBCE9-LeaderElection5
2023-08-28 07:17:30,272 [s0@group-F06CBDDBBCE9-LeaderElection5] INFO  server.RaftServer$Division (RaftServerImpl.java:setRole(371)) - s0@group-F06CBDDBBCE9: changes role from CANDIDATE to LEADER at term 1 for changeToLeader
2023-08-28 07:17:30,272 [s0@group-F06CBDDBBCE9-LeaderElection5] INFO  server.RaftServerConfigKeys (ConfUtils.java:logGet(46)) - raft.server.staging.catchup.gap = 1000 (default)
2023-08-28 07:17:30,272 [s0@group-F06CBDDBBCE9-LeaderElection5] INFO  server.RaftServerConfigKeys (ConfUtils.java:logGet(46)) - raft.server.write.element-limit = 4096 (default)
2023-08-28 07:17:30,272 [s0@group-F06CBDDBBCE9-LeaderElection5] INFO  server.RaftServerConfigKeys (ConfUtils.java:logGet(46)) - raft.server.write.byte-limit = 64MB (=67108864) (default)
2023-08-28 07:17:30,272 [s0@group-F06CBDDBBCE9-LeaderElection5] INFO  server.RaftServerConfigKeys (ConfUtils.java:logGet(46)) - raft.server.watch.timeout = 10s (default)
2023-08-28 07:17:30,272 [s0@group-F06CBDDBBCE9-LeaderElection5] INFO  server.RaftServerConfigKeys (ConfUtils.java:logGet(46)) - raft.server.watch.timeout.denomination = 1s (default)
2023-08-28 07:17:30,272 [s0@group-F06CBDDBBCE9-LeaderElection5] INFO  server.RaftServerConfigKeys (ConfUtils.java:logGet(46)) - raft.server.watch.element-limit = 65536 (default)
2023-08-28 07:17:30,272 [s0@group-F06CBDDBBCE9-LeaderElection5] INFO  server.RaftServerConfigKeys (ConfUtils.java:logGet(46)) - raft.server.write.element-limit = 4096 (default)
2023-08-28 07:17:30,272 [s0@group-F06CBDDBBCE9-LeaderElection5] INFO  server.RaftServerConfigKeys (ConfUtils.java:logGet(46)) - raft.server.write.follower.gap.ratio.max = -1.0 (default)
2023-08-28 07:17:30,273 [s0@group-F06CBDDBBCE9-LeaderElection5] INFO  server.RaftServerConfigKeys (ConfUtils.java:logGet(46)) - raft.server.log.appender.snapshot.chunk.size.max = 16MB (=16777216) (default)
2023-08-28 07:17:30,273 [s0@group-F06CBDDBBCE9-LeaderElection5] INFO  server.RaftServerConfigKeys (ConfUtils.java:logGet(46)) - raft.server.log.appender.buffer.byte-limit = 4MB (=4194304) (default)
2023-08-28 07:17:30,273 [s0@group-F06CBDDBBCE9-LeaderElection5] INFO  server.RaftServerConfigKeys (ConfUtils.java:logGet(46)) - raft.server.log.appender.buffer.element-limit = 0 (default)
2023-08-28 07:17:30,273 [s0@group-F06CBDDBBCE9-LeaderElection5] INFO  server.RaftServerConfigKeys (ConfUtils.java:logGet(46)) - raft.server.log.appender.wait-time.min = 10ms (default)
2023-08-28 07:17:30,273 [s0@group-F06CBDDBBCE9-LeaderElection5] INFO  server.RaftServerConfigKeys (ConfUtils.java:logGet(46)) - raft.server.log.appender.snapshot.chunk.size.max = 16MB (=16777216) (default)
2023-08-28 07:17:30,273 [s0@group-F06CBDDBBCE9-LeaderElection5] INFO  server.RaftServerConfigKeys (ConfUtils.java:logGet(46)) - raft.server.log.appender.buffer.byte-limit = 4MB (=4194304) (default)
2023-08-28 07:17:30,273 [s0@group-F06CBDDBBCE9-LeaderElection5] INFO  server.RaftServerConfigKeys (ConfUtils.java:logGet(46)) - raft.server.log.appender.buffer.element-limit = 0 (default)
2023-08-28 07:17:30,273 [s0@group-F06CBDDBBCE9-LeaderElection5] INFO  server.RaftServerConfigKeys (ConfUtils.java:logGet(46)) - raft.server.log.appender.wait-time.min = 10ms (default)
2023-08-28 07:17:30,273 [s0@group-F06CBDDBBCE9-LeaderElection5] INFO  impl.RoleInfo (RoleInfo.java:updateAndGet(138)) - s0: start s0@group-F06CBDDBBCE9-LeaderStateImpl
2023-08-28 07:17:30,273 [s0@group-F06CBDDBBCE9-LeaderElection5] INFO  server.RaftServer$Division (RaftServerImpl.java:setFirstElection(556)) - s0@group-F06CBDDBBCE9: set firstElectionSinceStartup to false for becomeLeader
2023-08-28 07:17:30,273 [s0@group-F06CBDDBBCE9-LeaderElection5] INFO  server.RaftServer$Division (ServerState.java:setLeader(260)) - s0@group-F06CBDDBBCE9: change Leader from null to s0 at term 1 for becomeLeader, leader elected after 1841ms
2023-08-28 07:17:30,273 [s0@group-F06CBDDBBCE9-LeaderElection5] INFO  segmented.SegmentedRaftLogWorker (SegmentedRaftLogWorker.java:startLogSegment(427)) - s0@group-F06CBDDBBCE9-SegmentedRaftLogWorker: Starting segment from index:0
2023-08-28 07:17:30,278 [nioEventLoopGroup-41-2] INFO  server.RaftServer$Division (RaftServerImpl.java:requestVote(1344)) - s2@group-F06CBDDBBCE9: receive requestVote(ELECTION, s0, group-F06CBDDBBCE9, 1, (t:0, i:0))
2023-08-28 07:17:30,278 [nioEventLoopGroup-41-2] INFO  impl.VoteContext (VoteContext.java:log(49)) - s2@group-F06CBDDBBCE9-FOLLOWER: accept ELECTION from s0: our priority 0 <= candidate's priority 0
2023-08-28 07:17:30,278 [nioEventLoopGroup-41-2] INFO  server.RaftServer$Division (RaftServerImpl.java:setRole(371)) - s2@group-F06CBDDBBCE9: changes role from  FOLLOWER to FOLLOWER at term 1 for candidate:s0
2023-08-28 07:17:30,278 [nioEventLoopGroup-41-2] INFO  impl.RoleInfo (RoleInfo.java:shutdownFollowerState(109)) - s2: shutdown s2@group-F06CBDDBBCE9-FollowerState
2023-08-28 07:17:30,278 [s2@group-F06CBDDBBCE9-FollowerState] INFO  impl.FollowerState (FollowerState.java:run(152)) - s2@group-F06CBDDBBCE9-FollowerState was interrupted
2023-08-28 07:17:30,280 [nioEventLoopGroup-39-2] INFO  server.RaftServer$Division (ServerState.java:setLeader(260)) - s1@group-F06CBDDBBCE9: change Leader from null to s0 at term 1 for appendEntries, leader elected after 1822ms
2023-08-28 07:17:30,281 [nioEventLoopGroup-41-2] INFO  impl.RoleInfo (RoleInfo.java:updateAndGet(138)) - s2: start s2@group-F06CBDDBBCE9-FollowerState
2023-08-28 07:17:30,282 [s0@group-F06CBDDBBCE9-LeaderElection5] INFO  server.RaftServer$Division (ServerState.java:setRaftConf(377)) - s0@group-F06CBDDBBCE9: set configuration 0: peers:[s0|rpc:0.0.0.0:33275|dataStream:|priority:0|startupRole:FOLLOWER, s1|rpc:0.0.0.0:37201|dataStream:|priority:0|startupRole:FOLLOWER, s2|rpc:0.0.0.0:46449|dataStream:|priority:0|startupRole:FOLLOWER]|listeners:[], old=null
2023-08-28 07:17:30,282 [nioEventLoopGroup-41-2] INFO  server.RaftServer$Division (RaftServerImpl.java:setFirstElection(556)) - s2@group-F06CBDDBBCE9: set firstElectionSinceStartup to false for candidate:s0
2023-08-28 07:17:30,286 [nioEventLoopGroup-41-2] INFO  server.RaftServer$Division (RaftServerImpl.java:requestVote(1377)) - s2@group-F06CBDDBBCE9 replies to ELECTION vote request: s0<-s2#0:OK-t1. Peer's state: s2@group-F06CBDDBBCE9:t1, leader=null, voted=s0, raftlog=Memoized:s2@group-F06CBDDBBCE9-SegmentedRaftLog:OPENED:c-1, conf=-1: peers:[s0|rpc:0.0.0.0:33275|dataStream:|priority:0|startupRole:FOLLOWER, s1|rpc:0.0.0.0:37201|dataStream:|priority:0|startupRole:FOLLOWER, s2|rpc:0.0.0.0:46449|dataStream:|priority:0|startupRole:FOLLOWER]|listeners:[], old=null
2023-08-28 07:17:30,287 [s0@group-F06CBDDBBCE9-SegmentedRaftLogWorker] INFO  segmented.SegmentedRaftLogWorker (SegmentedRaftLogWorker.java:execute(631)) - s0@group-F06CBDDBBCE9-SegmentedRaftLogWorker: created new log segment /home/runner/work/ratis/ratis/ratis-test/target/test/data/c5bbf9cd/MiniRaftClusterWithNettyaf9953c4/s0/b0c2deec-4fd7-4cc2-b566-f06cbddbbce9/current/log_inprogress_0
2023-08-28 07:17:30,289 [nioEventLoopGroup-39-2] DEBUG server.RaftServer$Division (RaftServerImpl.java:logAppendEntries(1471)) - s1@group-F06CBDDBBCE9: receive appendEntries(s0, 1, null, -1, true, commits:[s0:c-1, s1:c-1, s2:c-1], cId:47, entries: [(t:1, i:0), CONFIGURATIONENTRY(current:id: "s0"
address: "0.0.0.0:33275"
clientAddress: "0.0.0.0:33275"
adminAddress: "0.0.0.0:33275"
startupRole: FOLLOWER
,id: "s1"
address: "0.0.0.0:37201"
clientAddress: "0.0.0.0:37201"
adminAddress: "0.0.0.0:37201"
startupRole: FOLLOWER
,id: "s2"
address: "0.0.0.0:46449"
clientAddress: "0.0.0.0:46449"
adminAddress: "0.0.0.0:46449"
startupRole: FOLLOWER
, old:)]
2023-08-28 07:17:30,289 [nioEventLoopGroup-41-2] INFO  server.RaftServer$Division (ServerState.java:setLeader(260)) - s2@group-F06CBDDBBCE9: change Leader from null to s0 at term 1 for appendEntries, leader elected after 1793ms
2023-08-28 07:17:30,293 [nioEventLoopGroup-39-2] INFO  server.RaftServer$Division (ServerState.java:setRaftConf(377)) - s1@group-F06CBDDBBCE9: set configuration 0: peers:[s0|rpc:0.0.0.0:33275|dataStream:|priority:0|startupRole:FOLLOWER, s1|rpc:0.0.0.0:37201|dataStream:|priority:0|startupRole:FOLLOWER, s2|rpc:0.0.0.0:46449|dataStream:|priority:0|startupRole:FOLLOWER]|listeners:[], old=null
2023-08-28 07:17:30,293 [nioEventLoopGroup-39-2] INFO  segmented.SegmentedRaftLogWorker (SegmentedRaftLogWorker.java:startLogSegment(427)) - s1@group-F06CBDDBBCE9-SegmentedRaftLogWorker: Starting segment from index:0
2023-08-28 07:17:30,298 [nioEventLoopGroup-41-2] DEBUG server.RaftServer$Division (RaftServerImpl.java:logAppendEntries(1471)) - s2@group-F06CBDDBBCE9: receive appendEntries(s0, 1, null, -1, true, commits:[s0:c-1, s1:c-1, s2:c-1], cId:48, entries: [(t:1, i:0), CONFIGURATIONENTRY(current:id: "s0"
address: "0.0.0.0:33275"
clientAddress: "0.0.0.0:33275"
adminAddress: "0.0.0.0:33275"
startupRole: FOLLOWER
,id: "s1"
address: "0.0.0.0:37201"
clientAddress: "0.0.0.0:37201"
adminAddress: "0.0.0.0:37201"
startupRole: FOLLOWER
,id: "s2"
address: "0.0.0.0:46449"
clientAddress: "0.0.0.0:46449"
adminAddress: "0.0.0.0:46449"
startupRole: FOLLOWER
, old:)]
2023-08-28 07:17:30,298 [nioEventLoopGroup-41-2] INFO  server.RaftServer$Division (ServerState.java:setRaftConf(377)) - s2@group-F06CBDDBBCE9: set configuration 0: peers:[s0|rpc:0.0.0.0:33275|dataStream:|priority:0|startupRole:FOLLOWER, s1|rpc:0.0.0.0:37201|dataStream:|priority:0|startupRole:FOLLOWER, s2|rpc:0.0.0.0:46449|dataStream:|priority:0|startupRole:FOLLOWER]|listeners:[], old=null
2023-08-28 07:17:30,298 [nioEventLoopGroup-41-2] INFO  segmented.SegmentedRaftLogWorker (SegmentedRaftLogWorker.java:startLogSegment(427)) - s2@group-F06CBDDBBCE9-SegmentedRaftLogWorker: Starting segment from index:0
2023-08-28 07:17:30,302 [s1@group-F06CBDDBBCE9-SegmentedRaftLogWorker] INFO  segmented.SegmentedRaftLogWorker (SegmentedRaftLogWorker.java:execute(631)) - s1@group-F06CBDDBBCE9-SegmentedRaftLogWorker: created new log segment /home/runner/work/ratis/ratis/ratis-test/target/test/data/c5bbf9cd/MiniRaftClusterWithNettyaf9953c4/s1/b0c2deec-4fd7-4cc2-b566-f06cbddbbce9/current/log_inprogress_0
2023-08-28 07:17:30,302 [s1-server-thread1] DEBUG server.RaftServer$Division (RaftServerImpl.java:logAppendEntries(1471)) - s1@group-F06CBDDBBCE9: succeeded to handle AppendEntries. Reply: s0<-s1#47:OK-t1,SUCCESS,nextIndex=1,followerCommit=-1,matchIndex=0
2023-08-28 07:17:30,307 [s2@group-F06CBDDBBCE9-SegmentedRaftLogWorker] INFO  segmented.SegmentedRaftLogWorker (SegmentedRaftLogWorker.java:execute(631)) - s2@group-F06CBDDBBCE9-SegmentedRaftLogWorker: created new log segment /home/runner/work/ratis/ratis/ratis-test/target/test/data/c5bbf9cd/MiniRaftClusterWithNettyaf9953c4/s2/b0c2deec-4fd7-4cc2-b566-f06cbddbbce9/current/log_inprogress_0
2023-08-28 07:17:30,307 [s2-server-thread1] DEBUG server.RaftServer$Division (RaftServerImpl.java:logAppendEntries(1471)) - s2@group-F06CBDDBBCE9: succeeded to handle AppendEntries. Reply: s0<-s2#48:OK-t1,SUCCESS,nextIndex=1,followerCommit=-1,matchIndex=0
2023-08-28 07:17:31,546 [Time-limited test] INFO  ratis.RaftTestUtil (RaftTestUtil.java:waitForLeader(119)) - printing group-F06CBDDBBCE9
  s0:  RUNNING [
     LEADER s0@group-F06CBDDBBCE9:t1, leader=s0, voted=s0, raftlog=Memoized:s0@group-F06CBDDBBCE9-SegmentedRaftLog:OPENED:c0, conf=0: peers:[s0|rpc:0.0.0.0:33275|dataStream:|priority:0|startupRole:FOLLOWER, s1|rpc:0.0.0.0:37201|dataStream:|priority:0|startupRole:FOLLOWER, s2|rpc:0.0.0.0:46449|dataStream:|priority:0|startupRole:FOLLOWER]|listeners:[], old=null RUNNING
   FOLLOWER s0@group-439A96E27B3B:t0, leader=null, voted=, raftlog=Memoized:s0@group-439A96E27B3B-SegmentedRaftLog:OPENED:c-1, conf=-1: peers:[]|listeners:[], old=null STARTING] size=2
  s1:  RUNNING [
   FOLLOWER s1@group-F06CBDDBBCE9:t1, leader=s0, voted=s0, raftlog=Memoized:s1@group-F06CBDDBBCE9-SegmentedRaftLog:OPENED:c0, conf=0: peers:[s0|rpc:0.0.0.0:33275|dataStream:|priority:0|startupRole:FOLLOWER, s1|rpc:0.0.0.0:37201|dataStream:|priority:0|startupRole:FOLLOWER, s2|rpc:0.0.0.0:46449|dataStream:|priority:0|startupRole:FOLLOWER]|listeners:[], old=null RUNNING
   FOLLOWER s1@group-439A96E27B3B:t0, leader=null, voted=, raftlog=Memoized:s1@group-439A96E27B3B-SegmentedRaftLog:OPENED:c-1, conf=-1: peers:[]|listeners:[], old=null STARTING] size=2
  s2:  RUNNING [
   FOLLOWER s2@group-F06CBDDBBCE9:t1, leader=s0, voted=s0, raftlog=Memoized:s2@group-F06CBDDBBCE9-SegmentedRaftLog:OPENED:c0, conf=0: peers:[s0|rpc:0.0.0.0:33275|dataStream:|priority:0|startupRole:FOLLOWER, s1|rpc:0.0.0.0:37201|dataStream:|priority:0|startupRole:FOLLOWER, s2|rpc:0.0.0.0:46449|dataStream:|priority:0|startupRole:FOLLOWER]|listeners:[], old=null RUNNING
   FOLLOWER s2@group-439A96E27B3B:t0, leader=null, voted=, raftlog=Memoized:s2@group-439A96E27B3B-SegmentedRaftLog:OPENED:c-1, conf=-1: peers:[]|listeners:[], old=null STARTING] size=2
2023-08-28 07:17:31,547 [Time-limited test] INFO  impl.GroupManagementBaseTest (GroupManagementBaseTest.java:runMultiGroupTest(281)) - 1) starting group-D9F5A0EFA3F9:[s3|rpc:0.0.0.0:33563|priority:0|startupRole:FOLLOWER]
2023-08-28 07:17:31,547 [Time-limited test] DEBUG client.RaftClient (ConfUtils.java:logGet(46)) - raft.rpc.type = NETTY (custom)
2023-08-28 07:17:31,548 [nioEventLoopGroup-43-1] INFO  logging.LoggingHandler (AbstractInternalLogger.java:log(148)) - [id: 0x9dc91465, L:/0.0.0.0:33563] READ: [id: 0x196298b9, L:/10.1.0.28:33563 - R:/10.1.0.28:34608]
2023-08-28 07:17:31,548 [nioEventLoopGroup-43-1] INFO  logging.LoggingHandler (AbstractInternalLogger.java:log(148)) - [id: 0x9dc91465, L:/0.0.0.0:33563] READ COMPLETE
2023-08-28 07:17:31,551 [s3-groupManagement] INFO  server.RaftServer$Division (RaftServerImpl.java:<init>(250)) - s3: new RaftServerImpl for group-D9F5A0EFA3F9:[s3|rpc:0.0.0.0:33563|dataStream:|priority:0|startupRole:FOLLOWER] with BaseStateMachine:uninitialized
2023-08-28 07:17:31,551 [nioEventLoopGroup-44-1] INFO  server.RaftServer (RaftServerProxy.java:addNew(99)) - s3: addNew group-D9F5A0EFA3F9:[s3|rpc:0.0.0.0:33563|dataStream:|priority:0|startupRole:FOLLOWER] returns group-D9F5A0EFA3F9:java.util.concurrent.CompletableFuture@6b481263[Not completed]
2023-08-28 07:17:31,551 [s3-groupManagement] INFO  server.RaftServerConfigKeys (ConfUtils.java:logGet(46)) - raft.server.rpc.timeout.min = 1500ms (custom)
2023-08-28 07:17:31,551 [s3-groupManagement] INFO  server.RaftServerConfigKeys (ConfUtils.java:logGet(46)) - raft.server.rpc.timeout.max = 2000ms (custom)
2023-08-28 07:17:31,551 [s3-groupManagement] INFO  server.RaftServerConfigKeys (ConfUtils.java:logGet(46)) - raft.server.rpc.sleep.time = 25ms (default)
2023-08-28 07:17:31,551 [s3-groupManagement] INFO  server.RaftServerConfigKeys (ConfUtils.java:logGet(46)) - raft.server.rpc.slowness.timeout = 60s (default)
2023-08-28 07:17:31,551 [s3-groupManagement] INFO  server.RaftServerConfigKeys (ConfUtils.java:logGet(46)) - raft.server.leaderelection.leader.step-down.wait-time = 10s (default)
2023-08-28 07:17:31,551 [s3-groupManagement] INFO  server.RaftServerConfigKeys (ConfUtils.java:logGet(46)) - raft.server.sleep.deviation.threshold = 300ms (default)
2023-08-28 07:17:31,551 [s3-groupManagement] INFO  server.RaftServer$Division (ServerState.java:<init>(113)) - s3@group-D9F5A0EFA3F9: ConfigurationManager, init=-1: peers:[s3|rpc:0.0.0.0:33563|dataStream:|priority:0|startupRole:FOLLOWER]|listeners:[], old=null, confs=<EMPTY_MAP>
2023-08-28 07:17:31,551 [s3-groupManagement] INFO  server.RaftServerConfigKeys (ConfUtils.java:logGet(46)) - raft.server.notification.no-leader.timeout = 60s (default)
2023-08-28 07:17:31,551 [s3-groupManagement] INFO  server.RaftServerConfigKeys (ConfUtils.java:logGet(46)) - raft.server.read.timeout = 10s (default)
2023-08-28 07:17:31,551 [s3-groupManagement] INFO  server.RaftServerConfigKeys (ConfUtils.java:logGet(46)) - raft.server.retrycache.expirytime = 60s (default)
2023-08-28 07:17:31,551 [s3-groupManagement] INFO  server.RaftServerConfigKeys (ConfUtils.java:logGet(46)) - raft.server.retrycache.statistics.expirytime = 100μs (default)
2023-08-28 07:17:31,551 [s3-groupManagement] INFO  server.RaftServerConfigKeys (ConfUtils.java:logGet(46)) - raft.server.read.option = DEFAULT (default)
2023-08-28 07:17:31,552 [s3-groupManagement] INFO  server.RaftServerConfigKeys (ConfUtils.java:logGet(46)) - raft.server.rpc.request.timeout = 3000ms (default)
2023-08-28 07:17:31,552 [s3-groupManagement] INFO  server.RaftServerConfigKeys (ConfUtils.java:logGet(46)) - raft.server.log.appender.install.snapshot.enabled = true (default)
2023-08-28 07:17:31,552 [s3-groupManagement] INFO  server.RaftServerConfigKeys (ConfUtils.java:logGet(46)) - raft.server.threadpool.server.cached = true (default)
2023-08-28 07:17:31,552 [s3-groupManagement] INFO  server.RaftServerConfigKeys (ConfUtils.java:logGet(46)) - raft.server.threadpool.server.size = 0 (default)
2023-08-28 07:17:31,552 [s3-groupManagement] INFO  server.RaftServerConfigKeys (ConfUtils.java:logGet(46)) - raft.server.threadpool.client.cached = true (default)
2023-08-28 07:17:31,552 [s3-groupManagement] INFO  server.RaftServerConfigKeys (ConfUtils.java:logGet(46)) - raft.server.threadpool.client.size = 0 (default)
2023-08-28 07:17:31,552 [s3-groupManagement] DEBUG server.RaftServer (RaftServerProxy.java:lambda$groupAddAsync$11(505)) - s3: newImpl =      null s3@group-D9F5A0EFA3F9:t0, leader=null, voted=null, raftlog=UNINITIALIZED, conf=-1: peers:[s3|rpc:0.0.0.0:33563|dataStream:|priority:0|startupRole:FOLLOWER]|listeners:[], old=null NEW
2023-08-28 07:17:31,552 [s3-groupManagement] INFO  server.RaftServerConfigKeys (ConfUtils.java:logGet(46)) - raft.server.storage.free-space.min = 0MB (=0) (default)
2023-08-28 07:17:31,552 [s3-groupManagement] INFO  server.RaftServerConfigKeys (ConfUtils.java:logGet(46)) - raft.server.log.corruption.policy = EXCEPTION (default)
2023-08-28 07:17:31,552 [s3-groupManagement] INFO  server.RaftServerConfigKeys (ConfUtils.java:logGet(46)) - raft.server.storage.dir = [/home/runner/work/ratis/ratis/ratis-test/target/test/data/c5bbf9cd/MiniRaftClusterWithNettyaf9953c4/s3] (custom)
2023-08-28 07:17:31,553 [s3-groupManagement] INFO  storage.RaftStorageDirectory (RaftStorageDirectoryImpl.java:analyzeStorage(138)) - The storage directory /home/runner/work/ratis/ratis/ratis-test/target/test/data/c5bbf9cd/MiniRaftClusterWithNettyaf9953c4/s3/ef8e1478-3443-4c09-ba31-d9f5a0efa3f9 does not exist. Creating ...
2023-08-28 07:17:31,553 [s3-groupManagement] TRACE util.FileUtils (LogUtils.java:runAndLog(49)) - Successfully ran Files.createDirectories /home/runner/work/ratis/ratis/ratis-test/target/test/data/c5bbf9cd/MiniRaftClusterWithNettyaf9953c4/s3/ef8e1478-3443-4c09-ba31-d9f5a0efa3f9
2023-08-28 07:17:31,554 [s3-groupManagement] INFO  storage.RaftStorageDirectory (RaftStorageDirectoryImpl.java:tryLock(232)) - Lock on /home/runner/work/ratis/ratis/ratis-test/target/test/data/c5bbf9cd/MiniRaftClusterWithNettyaf9953c4/s3/ef8e1478-3443-4c09-ba31-d9f5a0efa3f9/in_use.lock acquired by nodename 7908@fv-az1033-516
2023-08-28 07:17:31,554 [s3-groupManagement] TRACE util.FileUtils (LogUtils.java:runAndLog(49)) - Successfully ran Files.createDirectories /home/runner/work/ratis/ratis/ratis-test/target/test/data/c5bbf9cd/MiniRaftClusterWithNettyaf9953c4/s3/ef8e1478-3443-4c09-ba31-d9f5a0efa3f9/current
2023-08-28 07:17:31,554 [s3-groupManagement] TRACE util.FileUtils (LogUtils.java:runAndLog(49)) - Successfully ran Files.createDirectories /home/runner/work/ratis/ratis/ratis-test/target/test/data/c5bbf9cd/MiniRaftClusterWithNettyaf9953c4/s3/ef8e1478-3443-4c09-ba31-d9f5a0efa3f9/sm
2023-08-28 07:17:31,555 [s3-groupManagement] INFO  storage.RaftStorage (RaftStorageImpl.java:format(97)) - Storage directory /home/runner/work/ratis/ratis/ratis-test/target/test/data/c5bbf9cd/MiniRaftClusterWithNettyaf9953c4/s3/ef8e1478-3443-4c09-ba31-d9f5a0efa3f9 has been successfully formatted.
2023-08-28 07:17:31,555 [s3-groupManagement] INFO  server.RaftServerConfigKeys (ConfUtils.java:logGet(46)) - raft.server.log.use.memory = false (default)
2023-08-28 07:17:31,555 [s3-groupManagement] INFO  server.RaftServerConfigKeys (ConfUtils.java:logGet(46)) - raft.server.log.purge.gap = 1024 (default)
2023-08-28 07:17:31,555 [s3-groupManagement] INFO  server.RaftServerConfigKeys (ConfUtils.java:logGet(46)) - raft.server.log.appender.buffer.byte-limit = 4MB (=4194304) (default)
2023-08-28 07:17:31,555 [s3-groupManagement] INFO  server.RaftServerConfigKeys (ConfUtils.java:logGet(46)) - raft.server.log.statemachine.data.read.timeout = 1000ms (default)
2023-08-28 07:17:31,555 [s3-groupManagement] INFO  server.RaftServerConfigKeys (ConfUtils.java:logGet(46)) - raft.server.log.purge.preservation.log.num = 0 (default)
2023-08-28 07:17:31,555 [s3-groupManagement] INFO  server.RaftServerConfigKeys (ConfUtils.java:logGet(46)) - raft.server.log.segment.size.max = 8MB (=8388608) (default)
2023-08-28 07:17:31,555 [s3-groupManagement] INFO  server.RaftServerConfigKeys (ConfUtils.java:logGet(46)) - raft.server.log.segment.cache.num.max = 6 (default)
2023-08-28 07:17:31,555 [s3-groupManagement] INFO  server.RaftServerConfigKeys (ConfUtils.java:logGet(46)) - raft.server.log.segment.cache.size.max = 200MB (=209715200) (default)
2023-08-28 07:17:31,555 [s3-groupManagement] INFO  server.RaftServerConfigKeys (ConfUtils.java:logGet(46)) - raft.server.log.appender.buffer.byte-limit = 4MB (=4194304) (default)
2023-08-28 07:17:31,555 [s3-groupManagement] INFO  segmented.SegmentedRaftLogWorker (SegmentedRaftLogWorker.java:<init>(183)) - new s3@group-D9F5A0EFA3F9-SegmentedRaftLogWorker for RaftStorageImpl:Storage Directory /home/runner/work/ratis/ratis/ratis-test/target/test/data/c5bbf9cd/MiniRaftClusterWithNettyaf9953c4/s3/ef8e1478-3443-4c09-ba31-d9f5a0efa3f9
2023-08-28 07:17:31,555 [s3-groupManagement] INFO  server.RaftServerConfigKeys (ConfUtils.java:logGet(46)) - raft.server.log.queue.byte-limit = 64MB (=67108864) (default)
2023-08-28 07:17:31,556 [s3-groupManagement] INFO  server.RaftServerConfigKeys (ConfUtils.java:logGet(46)) - raft.server.log.queue.element-limit = 4096 (default)
2023-08-28 07:17:31,556 [s3-groupManagement] INFO  server.RaftServerConfigKeys (ConfUtils.java:logGet(46)) - raft.server.log.segment.size.max = 8MB (=8388608) (default)
2023-08-28 07:17:31,556 [s3-groupManagement] INFO  server.RaftServerConfigKeys (ConfUtils.java:logGet(46)) - raft.server.log.preallocated.size = 4MB (=4194304) (default)
2023-08-28 07:17:31,556 [s3-groupManagement] INFO  server.RaftServerConfigKeys (ConfUtils.java:logGet(46)) - raft.server.log.force.sync.num = 128 (default)
2023-08-28 07:17:31,556 [s3-groupManagement] INFO  server.RaftServerConfigKeys (ConfUtils.java:logGet(46)) - raft.server.log.statemachine.data.sync = true (default)
2023-08-28 07:17:31,556 [s3-groupManagement] INFO  server.RaftServerConfigKeys (ConfUtils.java:logGet(46)) - raft.server.log.statemachine.data.sync.timeout = 10s (default)
2023-08-28 07:17:31,556 [s3-groupManagement] INFO  server.RaftServerConfigKeys (ConfUtils.java:logGet(46)) - raft.server.log.statemachine.data.sync.timeout.retry = -1 (default)
2023-08-28 07:17:31,556 [s3-groupManagement] INFO  server.RaftServerConfigKeys (ConfUtils.java:logGet(46)) - raft.server.log.write.buffer.size = 64KB (=65536) (default)
2023-08-28 07:17:31,556 [s3-groupManagement] INFO  server.RaftServerConfigKeys (ConfUtils.java:logGet(46)) - raft.server.log.appender.buffer.byte-limit = 4MB (=4194304) (default)
2023-08-28 07:17:31,556 [s3-groupManagement] INFO  server.RaftServerConfigKeys (ConfUtils.java:logGet(46)) - raft.server.log.unsafe-flush.enabled = false (default)
2023-08-28 07:17:31,556 [s3-groupManagement] INFO  server.RaftServerConfigKeys (ConfUtils.java:logGet(46)) - raft.server.log.async-flush.enabled = false (default)
2023-08-28 07:17:31,556 [s3-groupManagement] INFO  server.RaftServerConfigKeys (ConfUtils.java:logGet(46)) - raft.server.log.statemachine.data.caching.enabled = false (default)
2023-08-28 07:17:31,556 [s3-groupManagement] INFO  segmented.SegmentedRaftLogWorker (SegmentedRaftLogWorker.java:lambda$new$0(134)) - s3@group-D9F5A0EFA3F9-SegmentedRaftLogWorker: flushIndex: setUnconditionally 0 -> -1
2023-08-28 07:17:31,556 [s3-groupManagement] INFO  segmented.SegmentedRaftLogWorker (SegmentedRaftLogWorker.java:lambda$new$0(134)) - s3@group-D9F5A0EFA3F9-SegmentedRaftLogWorker: safeCacheEvictIndex: setUnconditionally 0 -> -1
2023-08-28 07:17:31,557 [s3-groupManagement] INFO  server.RaftServer$Division (RaftServerImpl.java:start(384)) - s3@group-D9F5A0EFA3F9: start as a follower, conf=-1: peers:[s3|rpc:0.0.0.0:33563|dataStream:|priority:0|startupRole:FOLLOWER]|listeners:[], old=null
2023-08-28 07:17:31,557 [s3-groupManagement] INFO  server.RaftServer$Division (RaftServerImpl.java:setRole(371)) - s3@group-D9F5A0EFA3F9: changes role from      null to FOLLOWER at term 0 for startAsFollower
2023-08-28 07:17:31,557 [s3-groupManagement] INFO  impl.RoleInfo (RoleInfo.java:updateAndGet(138)) - s3: start s3@group-D9F5A0EFA3F9-FollowerState
2023-08-28 07:17:31,557 [s3-groupManagement] INFO  util.JmxRegister (JmxRegister.java:tryRegister(44)) - Successfully registered JMX Bean with object name Ratis:service=RaftServer,group=group-D9F5A0EFA3F9,id=s3
2023-08-28 07:17:31,557 [s3-groupManagement] INFO  server.RaftServerConfigKeys (ConfUtils.java:logGet(46)) - raft.server.snapshot.trigger-when-stop.enabled = true (default)
2023-08-28 07:17:31,557 [s3-groupManagement] INFO  server.RaftServerConfigKeys (ConfUtils.java:logGet(46)) - raft.server.snapshot.auto.trigger.enabled = false (default)
2023-08-28 07:17:31,557 [s3-groupManagement] INFO  server.RaftServerConfigKeys (ConfUtils.java:logGet(46)) - raft.server.snapshot.retention.file.num = -1 (default)
2023-08-28 07:17:31,557 [s3-groupManagement] INFO  server.RaftServerConfigKeys (ConfUtils.java:logGet(46)) - raft.server.log.purge.upto.snapshot.index = false (default)
2023-08-28 07:17:31,557 [s3@group-D9F5A0EFA3F9-FollowerState] INFO  server.RaftServerConfigKeys (ConfUtils.java:logFallback(53)) - raft.server.rpc.first-election.timeout.min = 1500ms (fallback to raft.server.rpc.timeout.min)
2023-08-28 07:17:31,557 [s3@group-D9F5A0EFA3F9-FollowerState] INFO  server.RaftServerConfigKeys (ConfUtils.java:logFallback(53)) - raft.server.rpc.first-election.timeout.max = 2000ms (fallback to raft.server.rpc.timeout.max)
2023-08-28 07:17:31,561 [Time-limited test] INFO  server.RaftServerConfigKeys (ConfUtils.java:logGet(46)) - raft.server.rpc.timeout.max = 2000ms (custom)
2023-08-28 07:17:31,561 [Time-limited test] INFO  ratis.RaftTestUtil (RaftTestUtil.java:waitForLeader(100)) - printing group-D9F5A0EFA3F9
  s3:  RUNNING [
   FOLLOWER s3@group-439A96E27B3B:t0, leader=null, voted=, raftlog=Memoized:s3@group-439A96E27B3B-SegmentedRaftLog:OPENED:c-1, conf=-1: peers:[]|listeners:[], old=null STARTING
   FOLLOWER s3@group-D9F5A0EFA3F9:t0, leader=null, voted=, raftlog=Memoized:s3@group-D9F5A0EFA3F9-SegmentedRaftLog:OPENED:c-1, conf=-1: peers:[s3|rpc:0.0.0.0:33563|dataStream:|priority:0|startupRole:FOLLOWER]|listeners:[], old=null RUNNING] size=2
2023-08-28 07:17:31,561 [Time-limited test] WARN  ratis.RaftTestUtil (JavaUtils.java:attempt(217)) - FAILED "waitForLeader-group-D9F5A0EFA3F9-(expectLeader? true)", attempt #1/100: java.lang.IllegalStateException: No leader yet  for group-D9F5A0EFA3F9: printing group-D9F5A0EFA3F9
  s3:  RUNNING [
   FOLLOWER s3@group-439A96E27B3B:t0, leader=null, voted=, raftlog=Memoized:s3@group-439A96E27B3B-SegmentedRaftLog:OPENED:c-1, conf=-1: peers:[]|listeners:[], old=null STARTING
   FOLLOWER s3@group-D9F5A0EFA3F9:t0, leader=null, voted=, raftlog=Memoized:s3@group-D9F5A0EFA3F9-SegmentedRaftLog:OPENED:c-1, conf=-1: peers:[s3|rpc:0.0.0.0:33563|dataStream:|priority:0|startupRole:FOLLOWER]|listeners:[], old=null RUNNING] size=2, sleep 3000ms and then retry.
java.lang.IllegalStateException: No leader yet  for group-D9F5A0EFA3F9: printing group-D9F5A0EFA3F9
  s3:  RUNNING [
   FOLLOWER s3@group-439A96E27B3B:t0, leader=null, voted=, raftlog=Memoized:s3@group-439A96E27B3B-SegmentedRaftLog:OPENED:c-1, conf=-1: peers:[]|listeners:[], old=null STARTING
   FOLLOWER s3@group-D9F5A0EFA3F9:t0, leader=null, voted=, raftlog=Memoized:s3@group-D9F5A0EFA3F9-SegmentedRaftLog:OPENED:c-1, conf=-1: peers:[s3|rpc:0.0.0.0:33563|dataStream:|priority:0|startupRole:FOLLOWER]|listeners:[], old=null RUNNING] size=2
	at org.apache.ratis.server.impl.MiniRaftCluster.newIllegalStateExceptionForNoLeaders(MiniRaftCluster.java:581)
	at org.apache.ratis.RaftTestUtil.lambda$waitForLeader$1(RaftTestUtil.java:104)
	at org.apache.ratis.server.impl.MiniRaftCluster.getLeader(MiniRaftCluster.java:615)
	at org.apache.ratis.server.impl.MiniRaftCluster.getLeader(MiniRaftCluster.java:608)
	at org.apache.ratis.RaftTestUtil.lambda$waitForLeader$3(RaftTestUtil.java:112)
	at org.apache.ratis.util.JavaUtils.attempt(JavaUtils.java:211)
	at org.apache.ratis.util.JavaUtils.attemptRepeatedly(JavaUtils.java:197)
	at org.apache.ratis.RaftTestUtil.waitForLeader(RaftTestUtil.java:111)
	at org.apache.ratis.RaftTestUtil.waitForLeader(RaftTestUtil.java:92)
	at org.apache.ratis.server.impl.GroupManagementBaseTest.runMultiGroupTest(GroupManagementBaseTest.java:287)
	at org.apache.ratis.server.impl.GroupManagementBaseTest.runMultiGroupTest(GroupManagementBaseTest.java:237)
	at org.apache.ratis.server.impl.GroupManagementBaseTest.testMultiGroup5Nodes(GroupManagementBaseTest.java:220)
	at java.base/jdk.internal.reflect.NativeMethodAccessorImpl.invoke0(Native Method)
	at java.base/jdk.internal.reflect.NativeMethodAccessorImpl.invoke(NativeMethodAccessorImpl.java:62)
	at java.base/jdk.internal.reflect.DelegatingMethodAccessorImpl.invoke(DelegatingMethodAccessorImpl.java:43)
	at java.base/java.lang.reflect.Method.invoke(Method.java:566)
	at org.junit.runners.model.FrameworkMethod$1.runReflectiveCall(FrameworkMethod.java:59)
	at org.junit.internal.runners.model.ReflectiveCallable.run(ReflectiveCallable.java:12)
	at org.junit.runners.model.FrameworkMethod.invokeExplosively(FrameworkMethod.java:56)
	at org.junit.internal.runners.statements.InvokeMethod.evaluate(InvokeMethod.java:17)
	at org.junit.internal.runners.statements.RunAfters.evaluate(RunAfters.java:27)
	at org.junit.internal.runners.statements.FailOnTimeout$CallableStatement.call(FailOnTimeout.java:299)
	at org.junit.internal.runners.statements.FailOnTimeout$CallableStatement.call(FailOnTimeout.java:293)
	at java.base/java.util.concurrent.FutureTask.run(FutureTask.java:264)
	at java.base/java.lang.Thread.run(Thread.java:829)
2023-08-28 07:17:33,444 [s3@group-D9F5A0EFA3F9-FollowerState] INFO  impl.FollowerState (FollowerState.java:run(143)) - s3@group-D9F5A0EFA3F9-FollowerState: change to CANDIDATE, lastRpcElapsedTime:1886883743ns, electionTimeout:1886ms
2023-08-28 07:17:33,444 [s3@group-D9F5A0EFA3F9-FollowerState] INFO  impl.RoleInfo (RoleInfo.java:shutdownFollowerState(109)) - s3: shutdown s3@group-D9F5A0EFA3F9-FollowerState
2023-08-28 07:17:33,444 [s3@group-D9F5A0EFA3F9-FollowerState] INFO  server.RaftServer$Division (RaftServerImpl.java:setRole(371)) - s3@group-D9F5A0EFA3F9: changes role from  FOLLOWER to CANDIDATE at term 0 for changeToCandidate
2023-08-28 07:17:33,444 [s3@group-D9F5A0EFA3F9-FollowerState] INFO  server.RaftServerConfigKeys (ConfUtils.java:logGet(46)) - raft.server.leaderelection.pre-vote = true (default)
2023-08-28 07:17:33,444 [s3@group-D9F5A0EFA3F9-FollowerState] INFO  impl.RoleInfo (RoleInfo.java:updateAndGet(138)) - s3: start s3@group-D9F5A0EFA3F9-LeaderElection6
2023-08-28 07:17:33,446 [s3@group-D9F5A0EFA3F9-LeaderElection6] INFO  impl.LeaderElection (LeaderElection.java:askForVotes(320)) - s3@group-D9F5A0EFA3F9-LeaderElection6 PRE_VOTE round 0: submit vote requests at term 0 for -1: peers:[s3|rpc:0.0.0.0:33563|dataStream:|priority:0|startupRole:FOLLOWER]|listeners:[], old=null
2023-08-28 07:17:33,446 [s3@group-D9F5A0EFA3F9-LeaderElection6] INFO  impl.LeaderElection (LeaderElection.java:askForVotes(322)) - s3@group-D9F5A0EFA3F9-LeaderElection6 PRE_VOTE round 0: result PASSED (term=0)
2023-08-28 07:17:33,447 [s3@group-D9F5A0EFA3F9-LeaderElection6] INFO  impl.LeaderElection (LeaderElection.java:askForVotes(320)) - s3@group-D9F5A0EFA3F9-LeaderElection6 ELECTION round 0: submit vote requests at term 1 for -1: peers:[s3|rpc:0.0.0.0:33563|dataStream:|priority:0|startupRole:FOLLOWER]|listeners:[], old=null
2023-08-28 07:17:33,447 [s3@group-D9F5A0EFA3F9-LeaderElection6] INFO  impl.LeaderElection (LeaderElection.java:askForVotes(322)) - s3@group-D9F5A0EFA3F9-LeaderElection6 ELECTION round 0: result PASSED (term=1)
2023-08-28 07:17:33,447 [s3@group-D9F5A0EFA3F9-LeaderElection6] INFO  impl.RoleInfo (RoleInfo.java:shutdownLeaderElection(129)) - s3: shutdown s3@group-D9F5A0EFA3F9-LeaderElection6
2023-08-28 07:17:33,447 [s3@group-D9F5A0EFA3F9-LeaderElection6] INFO  server.RaftServer$Division (RaftServerImpl.java:setRole(371)) - s3@group-D9F5A0EFA3F9: changes role from CANDIDATE to LEADER at term 1 for changeToLeader
2023-08-28 07:17:33,447 [s3@group-D9F5A0EFA3F9-LeaderElection6] INFO  server.RaftServerConfigKeys (ConfUtils.java:logGet(46)) - raft.server.staging.catchup.gap = 1000 (default)
2023-08-28 07:17:33,447 [s3@group-D9F5A0EFA3F9-LeaderElection6] INFO  server.RaftServerConfigKeys (ConfUtils.java:logGet(46)) - raft.server.write.element-limit = 4096 (default)
2023-08-28 07:17:33,447 [s3@group-D9F5A0EFA3F9-LeaderElection6] INFO  server.RaftServerConfigKeys (ConfUtils.java:logGet(46)) - raft.server.write.byte-limit = 64MB (=67108864) (default)
2023-08-28 07:17:33,447 [s3@group-D9F5A0EFA3F9-LeaderElection6] INFO  server.RaftServerConfigKeys (ConfUtils.java:logGet(46)) - raft.server.watch.timeout = 10s (default)
2023-08-28 07:17:33,447 [s3@group-D9F5A0EFA3F9-LeaderElection6] INFO  server.RaftServerConfigKeys (ConfUtils.java:logGet(46)) - raft.server.watch.timeout.denomination = 1s (default)
2023-08-28 07:17:33,447 [s3@group-D9F5A0EFA3F9-LeaderElection6] INFO  server.RaftServerConfigKeys (ConfUtils.java:logGet(46)) - raft.server.watch.element-limit = 65536 (default)
2023-08-28 07:17:33,448 [s3@group-D9F5A0EFA3F9-LeaderElection6] INFO  server.RaftServerConfigKeys (ConfUtils.java:logGet(46)) - raft.server.write.element-limit = 4096 (default)
2023-08-28 07:17:33,448 [s3@group-D9F5A0EFA3F9-LeaderElection6] INFO  server.RaftServerConfigKeys (ConfUtils.java:logGet(46)) - raft.server.write.follower.gap.ratio.max = -1.0 (default)
2023-08-28 07:17:33,448 [s3@group-D9F5A0EFA3F9-LeaderElection6] INFO  impl.RoleInfo (RoleInfo.java:updateAndGet(138)) - s3: start s3@group-D9F5A0EFA3F9-LeaderStateImpl
2023-08-28 07:17:33,448 [s3@group-D9F5A0EFA3F9-LeaderElection6] INFO  server.RaftServer$Division (RaftServerImpl.java:setFirstElection(556)) - s3@group-D9F5A0EFA3F9: set firstElectionSinceStartup to false for becomeLeader
2023-08-28 07:17:33,448 [s3@group-D9F5A0EFA3F9-LeaderElection6] INFO  server.RaftServer$Division (ServerState.java:setLeader(260)) - s3@group-D9F5A0EFA3F9: change Leader from null to s3 at term 1 for becomeLeader, leader elected after 1896ms
2023-08-28 07:17:33,448 [s3@group-D9F5A0EFA3F9-LeaderElection6] INFO  segmented.SegmentedRaftLogWorker (SegmentedRaftLogWorker.java:startLogSegment(427)) - s3@group-D9F5A0EFA3F9-SegmentedRaftLogWorker: Starting segment from index:0
2023-08-28 07:17:33,453 [s3@group-D9F5A0EFA3F9-LeaderElection6] INFO  server.RaftServer$Division (ServerState.java:setRaftConf(377)) - s3@group-D9F5A0EFA3F9: set configuration 0: peers:[s3|rpc:0.0.0.0:33563|dataStream:|priority:0|startupRole:FOLLOWER]|listeners:[], old=null
2023-08-28 07:17:33,459 [s3@group-D9F5A0EFA3F9-SegmentedRaftLogWorker] INFO  segmented.SegmentedRaftLogWorker (SegmentedRaftLogWorker.java:execute(631)) - s3@group-D9F5A0EFA3F9-SegmentedRaftLogWorker: created new log segment /home/runner/work/ratis/ratis/ratis-test/target/test/data/c5bbf9cd/MiniRaftClusterWithNettyaf9953c4/s3/ef8e1478-3443-4c09-ba31-d9f5a0efa3f9/current/log_inprogress_0
2023-08-28 07:17:34,561 [Time-limited test] INFO  ratis.RaftTestUtil (RaftTestUtil.java:waitForLeader(119)) - printing group-D9F5A0EFA3F9
  s3:  RUNNING [
   FOLLOWER s3@group-439A96E27B3B:t0, leader=null, voted=, raftlog=Memoized:s3@group-439A96E27B3B-SegmentedRaftLog:OPENED:c-1, conf=-1: peers:[]|listeners:[], old=null STARTING
     LEADER s3@group-D9F5A0EFA3F9:t1, leader=s3, voted=s3, raftlog=Memoized:s3@group-D9F5A0EFA3F9-SegmentedRaftLog:OPENED:c0, conf=0: peers:[s3|rpc:0.0.0.0:33563|dataStream:|priority:0|startupRole:FOLLOWER]|listeners:[], old=null RUNNING] size=2
2023-08-28 07:17:34,562 [Time-limited test] INFO  impl.GroupManagementBaseTest (GroupManagementBaseTest.java:runMultiGroupTest(281)) - 2) starting group-BD2E07A0415B:[s4|rpc:0.0.0.0:37139|priority:0|startupRole:FOLLOWER]
2023-08-28 07:17:34,562 [Time-limited test] DEBUG client.RaftClient (ConfUtils.java:logGet(46)) - raft.rpc.type = NETTY (custom)
2023-08-28 07:17:34,563 [nioEventLoopGroup-46-1] INFO  logging.LoggingHandler (AbstractInternalLogger.java:log(148)) - [id: 0x48617d01, L:/0.0.0.0:37139] READ: [id: 0xa4c9a9bb, L:/10.1.0.28:37139 - R:/10.1.0.28:41238]
2023-08-28 07:17:34,564 [nioEventLoopGroup-46-1] INFO  logging.LoggingHandler (AbstractInternalLogger.java:log(148)) - [id: 0x48617d01, L:/0.0.0.0:37139] READ COMPLETE
2023-08-28 07:17:34,565 [nioEventLoopGroup-47-1] INFO  server.RaftServer (RaftServerProxy.java:addNew(99)) - s4: addNew group-BD2E07A0415B:[s4|rpc:0.0.0.0:37139|dataStream:|priority:0|startupRole:FOLLOWER] returns group-BD2E07A0415B:java.util.concurrent.CompletableFuture@761c4f6e[Not completed]
2023-08-28 07:17:34,565 [s4-groupManagement] INFO  server.RaftServer$Division (RaftServerImpl.java:<init>(250)) - s4: new RaftServerImpl for group-BD2E07A0415B:[s4|rpc:0.0.0.0:37139|dataStream:|priority:0|startupRole:FOLLOWER] with BaseStateMachine:uninitialized
2023-08-28 07:17:34,565 [s4-groupManagement] INFO  server.RaftServerConfigKeys (ConfUtils.java:logGet(46)) - raft.server.rpc.timeout.min = 1500ms (custom)
2023-08-28 07:17:34,565 [s4-groupManagement] INFO  server.RaftServerConfigKeys (ConfUtils.java:logGet(46)) - raft.server.rpc.timeout.max = 2000ms (custom)
2023-08-28 07:17:34,565 [s4-groupManagement] INFO  server.RaftServerConfigKeys (ConfUtils.java:logGet(46)) - raft.server.rpc.sleep.time = 25ms (default)
2023-08-28 07:17:34,566 [s4-groupManagement] INFO  server.RaftServerConfigKeys (ConfUtils.java:logGet(46)) - raft.server.rpc.slowness.timeout = 60s (default)
2023-08-28 07:17:34,566 [s4-groupManagement] INFO  server.RaftServerConfigKeys (ConfUtils.java:logGet(46)) - raft.server.leaderelection.leader.step-down.wait-time = 10s (default)
2023-08-28 07:17:34,566 [s4-groupManagement] INFO  server.RaftServerConfigKeys (ConfUtils.java:logGet(46)) - raft.server.sleep.deviation.threshold = 300ms (default)
2023-08-28 07:17:34,566 [s4-groupManagement] INFO  server.RaftServer$Division (ServerState.java:<init>(113)) - s4@group-BD2E07A0415B: ConfigurationManager, init=-1: peers:[s4|rpc:0.0.0.0:37139|dataStream:|priority:0|startupRole:FOLLOWER]|listeners:[], old=null, confs=<EMPTY_MAP>
2023-08-28 07:17:34,566 [s4-groupManagement] INFO  server.RaftServerConfigKeys (ConfUtils.java:logGet(46)) - raft.server.notification.no-leader.timeout = 60s (default)
2023-08-28 07:17:34,566 [s4-groupManagement] INFO  server.RaftServerConfigKeys (ConfUtils.java:logGet(46)) - raft.server.read.timeout = 10s (default)
2023-08-28 07:17:34,566 [s4-groupManagement] INFO  server.RaftServerConfigKeys (ConfUtils.java:logGet(46)) - raft.server.retrycache.expirytime = 60s (default)
2023-08-28 07:17:34,566 [s4-groupManagement] INFO  server.RaftServerConfigKeys (ConfUtils.java:logGet(46)) - raft.server.retrycache.statistics.expirytime = 100μs (default)
2023-08-28 07:17:34,566 [s4-groupManagement] INFO  server.RaftServerConfigKeys (ConfUtils.java:logGet(46)) - raft.server.read.option = DEFAULT (default)
2023-08-28 07:17:34,566 [s4-groupManagement] INFO  server.RaftServerConfigKeys (ConfUtils.java:logGet(46)) - raft.server.rpc.request.timeout = 3000ms (default)
2023-08-28 07:17:34,566 [s4-groupManagement] INFO  server.RaftServerConfigKeys (ConfUtils.java:logGet(46)) - raft.server.log.appender.install.snapshot.enabled = true (default)
2023-08-28 07:17:34,566 [s4-groupManagement] INFO  server.RaftServerConfigKeys (ConfUtils.java:logGet(46)) - raft.server.threadpool.server.cached = true (default)
2023-08-28 07:17:34,566 [s4-groupManagement] INFO  server.RaftServerConfigKeys (ConfUtils.java:logGet(46)) - raft.server.threadpool.server.size = 0 (default)
2023-08-28 07:17:34,567 [s4-groupManagement] INFO  server.RaftServerConfigKeys (ConfUtils.java:logGet(46)) - raft.server.threadpool.client.cached = true (default)
2023-08-28 07:17:34,567 [s4-groupManagement] INFO  server.RaftServerConfigKeys (ConfUtils.java:logGet(46)) - raft.server.threadpool.client.size = 0 (default)
2023-08-28 07:17:34,567 [s4-groupManagement] DEBUG server.RaftServer (RaftServerProxy.java:lambda$groupAddAsync$11(505)) - s4: newImpl =      null s4@group-BD2E07A0415B:t0, leader=null, voted=null, raftlog=UNINITIALIZED, conf=-1: peers:[s4|rpc:0.0.0.0:37139|dataStream:|priority:0|startupRole:FOLLOWER]|listeners:[], old=null NEW
2023-08-28 07:17:34,567 [s4-groupManagement] INFO  server.RaftServerConfigKeys (ConfUtils.java:logGet(46)) - raft.server.storage.free-space.min = 0MB (=0) (default)
2023-08-28 07:17:34,567 [s4-groupManagement] INFO  server.RaftServerConfigKeys (ConfUtils.java:logGet(46)) - raft.server.log.corruption.policy = EXCEPTION (default)
2023-08-28 07:17:34,567 [s4-groupManagement] INFO  server.RaftServerConfigKeys (ConfUtils.java:logGet(46)) - raft.server.storage.dir = [/home/runner/work/ratis/ratis/ratis-test/target/test/data/c5bbf9cd/MiniRaftClusterWithNettyaf9953c4/s4] (custom)
2023-08-28 07:17:34,567 [s4-groupManagement] INFO  storage.RaftStorageDirectory (RaftStorageDirectoryImpl.java:analyzeStorage(138)) - The storage directory /home/runner/work/ratis/ratis/ratis-test/target/test/data/c5bbf9cd/MiniRaftClusterWithNettyaf9953c4/s4/bc20bfda-4e15-4a95-b1a3-bd2e07a0415b does not exist. Creating ...
2023-08-28 07:17:34,567 [s4-groupManagement] TRACE util.FileUtils (LogUtils.java:runAndLog(49)) - Successfully ran Files.createDirectories /home/runner/work/ratis/ratis/ratis-test/target/test/data/c5bbf9cd/MiniRaftClusterWithNettyaf9953c4/s4/bc20bfda-4e15-4a95-b1a3-bd2e07a0415b
2023-08-28 07:17:34,568 [s4-groupManagement] INFO  storage.RaftStorageDirectory (RaftStorageDirectoryImpl.java:tryLock(232)) - Lock on /home/runner/work/ratis/ratis/ratis-test/target/test/data/c5bbf9cd/MiniRaftClusterWithNettyaf9953c4/s4/bc20bfda-4e15-4a95-b1a3-bd2e07a0415b/in_use.lock acquired by nodename 7908@fv-az1033-516
2023-08-28 07:17:34,568 [s4-groupManagement] TRACE util.FileUtils (LogUtils.java:runAndLog(49)) - Successfully ran Files.createDirectories /home/runner/work/ratis/ratis/ratis-test/target/test/data/c5bbf9cd/MiniRaftClusterWithNettyaf9953c4/s4/bc20bfda-4e15-4a95-b1a3-bd2e07a0415b/current
2023-08-28 07:17:34,568 [s4-groupManagement] TRACE util.FileUtils (LogUtils.java:runAndLog(49)) - Successfully ran Files.createDirectories /home/runner/work/ratis/ratis/ratis-test/target/test/data/c5bbf9cd/MiniRaftClusterWithNettyaf9953c4/s4/bc20bfda-4e15-4a95-b1a3-bd2e07a0415b/sm
2023-08-28 07:17:34,569 [s4-groupManagement] INFO  storage.RaftStorage (RaftStorageImpl.java:format(97)) - Storage directory /home/runner/work/ratis/ratis/ratis-test/target/test/data/c5bbf9cd/MiniRaftClusterWithNettyaf9953c4/s4/bc20bfda-4e15-4a95-b1a3-bd2e07a0415b has been successfully formatted.
2023-08-28 07:17:34,570 [s4-groupManagement] INFO  server.RaftServerConfigKeys (ConfUtils.java:logGet(46)) - raft.server.log.use.memory = false (default)
2023-08-28 07:17:34,570 [s4-groupManagement] INFO  server.RaftServerConfigKeys (ConfUtils.java:logGet(46)) - raft.server.log.purge.gap = 1024 (default)
2023-08-28 07:17:34,570 [s4-groupManagement] INFO  server.RaftServerConfigKeys (ConfUtils.java:logGet(46)) - raft.server.log.appender.buffer.byte-limit = 4MB (=4194304) (default)
2023-08-28 07:17:34,570 [s4-groupManagement] INFO  server.RaftServerConfigKeys (ConfUtils.java:logGet(46)) - raft.server.log.statemachine.data.read.timeout = 1000ms (default)
2023-08-28 07:17:34,570 [s4-groupManagement] INFO  server.RaftServerConfigKeys (ConfUtils.java:logGet(46)) - raft.server.log.purge.preservation.log.num = 0 (default)
2023-08-28 07:17:34,570 [s4-groupManagement] INFO  server.RaftServerConfigKeys (ConfUtils.java:logGet(46)) - raft.server.log.segment.size.max = 8MB (=8388608) (default)
2023-08-28 07:17:34,570 [s4-groupManagement] INFO  server.RaftServerConfigKeys (ConfUtils.java:logGet(46)) - raft.server.log.segment.cache.num.max = 6 (default)
2023-08-28 07:17:34,570 [s4-groupManagement] INFO  server.RaftServerConfigKeys (ConfUtils.java:logGet(46)) - raft.server.log.segment.cache.size.max = 200MB (=209715200) (default)
2023-08-28 07:17:34,570 [s4-groupManagement] INFO  server.RaftServerConfigKeys (ConfUtils.java:logGet(46)) - raft.server.log.appender.buffer.byte-limit = 4MB (=4194304) (default)
2023-08-28 07:17:34,570 [s4-groupManagement] INFO  segmented.SegmentedRaftLogWorker (SegmentedRaftLogWorker.java:<init>(183)) - new s4@group-BD2E07A0415B-SegmentedRaftLogWorker for RaftStorageImpl:Storage Directory /home/runner/work/ratis/ratis/ratis-test/target/test/data/c5bbf9cd/MiniRaftClusterWithNettyaf9953c4/s4/bc20bfda-4e15-4a95-b1a3-bd2e07a0415b
2023-08-28 07:17:34,570 [s4-groupManagement] INFO  server.RaftServerConfigKeys (ConfUtils.java:logGet(46)) - raft.server.log.queue.byte-limit = 64MB (=67108864) (default)
2023-08-28 07:17:34,570 [s4-groupManagement] INFO  server.RaftServerConfigKeys (ConfUtils.java:logGet(46)) - raft.server.log.queue.element-limit = 4096 (default)
2023-08-28 07:17:34,570 [s4-groupManagement] INFO  server.RaftServerConfigKeys (ConfUtils.java:logGet(46)) - raft.server.log.segment.size.max = 8MB (=8388608) (default)
2023-08-28 07:17:34,570 [s4-groupManagement] INFO  server.RaftServerConfigKeys (ConfUtils.java:logGet(46)) - raft.server.log.preallocated.size = 4MB (=4194304) (default)
2023-08-28 07:17:34,570 [s4-groupManagement] INFO  server.RaftServerConfigKeys (ConfUtils.java:logGet(46)) - raft.server.log.force.sync.num = 128 (default)
2023-08-28 07:17:34,570 [s4-groupManagement] INFO  server.RaftServerConfigKeys (ConfUtils.java:logGet(46)) - raft.server.log.statemachine.data.sync = true (default)
2023-08-28 07:17:34,570 [s4-groupManagement] INFO  server.RaftServerConfigKeys (ConfUtils.java:logGet(46)) - raft.server.log.statemachine.data.sync.timeout = 10s (default)
2023-08-28 07:17:34,570 [s4-groupManagement] INFO  server.RaftServerConfigKeys (ConfUtils.java:logGet(46)) - raft.server.log.statemachine.data.sync.timeout.retry = -1 (default)
2023-08-28 07:17:34,571 [s4-groupManagement] INFO  server.RaftServerConfigKeys (ConfUtils.java:logGet(46)) - raft.server.log.write.buffer.size = 64KB (=65536) (default)
2023-08-28 07:17:34,571 [s4-groupManagement] INFO  server.RaftServerConfigKeys (ConfUtils.java:logGet(46)) - raft.server.log.appender.buffer.byte-limit = 4MB (=4194304) (default)
2023-08-28 07:17:34,571 [s4-groupManagement] INFO  server.RaftServerConfigKeys (ConfUtils.java:logGet(46)) - raft.server.log.unsafe-flush.enabled = false (default)
2023-08-28 07:17:34,571 [s4-groupManagement] INFO  server.RaftServerConfigKeys (ConfUtils.java:logGet(46)) - raft.server.log.async-flush.enabled = false (default)
2023-08-28 07:17:34,571 [s4-groupManagement] INFO  server.RaftServerConfigKeys (ConfUtils.java:logGet(46)) - raft.server.log.statemachine.data.caching.enabled = false (default)
2023-08-28 07:17:34,571 [s4-groupManagement] INFO  segmented.SegmentedRaftLogWorker (SegmentedRaftLogWorker.java:lambda$new$0(134)) - s4@group-BD2E07A0415B-SegmentedRaftLogWorker: flushIndex: setUnconditionally 0 -> -1
2023-08-28 07:17:34,571 [s4-groupManagement] INFO  segmented.SegmentedRaftLogWorker (SegmentedRaftLogWorker.java:lambda$new$0(134)) - s4@group-BD2E07A0415B-SegmentedRaftLogWorker: safeCacheEvictIndex: setUnconditionally 0 -> -1
2023-08-28 07:17:34,571 [s4-groupManagement] INFO  server.RaftServer$Division (RaftServerImpl.java:start(384)) - s4@group-BD2E07A0415B: start as a follower, conf=-1: peers:[s4|rpc:0.0.0.0:37139|dataStream:|priority:0|startupRole:FOLLOWER]|listeners:[], old=null
2023-08-28 07:17:34,571 [s4-groupManagement] INFO  server.RaftServer$Division (RaftServerImpl.java:setRole(371)) - s4@group-BD2E07A0415B: changes role from      null to FOLLOWER at term 0 for startAsFollower
2023-08-28 07:17:34,571 [s4-groupManagement] INFO  impl.RoleInfo (RoleInfo.java:updateAndGet(138)) - s4: start s4@group-BD2E07A0415B-FollowerState
2023-08-28 07:17:34,572 [s4-groupManagement] INFO  util.JmxRegister (JmxRegister.java:tryRegister(44)) - Successfully registered JMX Bean with object name Ratis:service=RaftServer,group=group-BD2E07A0415B,id=s4
2023-08-28 07:17:34,572 [s4-groupManagement] INFO  server.RaftServerConfigKeys (ConfUtils.java:logGet(46)) - raft.server.snapshot.trigger-when-stop.enabled = true (default)
2023-08-28 07:17:34,572 [s4-groupManagement] INFO  server.RaftServerConfigKeys (ConfUtils.java:logGet(46)) - raft.server.snapshot.auto.trigger.enabled = false (default)
2023-08-28 07:17:34,572 [s4-groupManagement] INFO  server.RaftServerConfigKeys (ConfUtils.java:logGet(46)) - raft.server.snapshot.retention.file.num = -1 (default)
2023-08-28 07:17:34,572 [s4-groupManagement] INFO  server.RaftServerConfigKeys (ConfUtils.java:logGet(46)) - raft.server.log.purge.upto.snapshot.index = false (default)
2023-08-28 07:17:34,573 [s4@group-BD2E07A0415B-FollowerState] INFO  server.RaftServerConfigKeys (ConfUtils.java:logFallback(53)) - raft.server.rpc.first-election.timeout.min = 1500ms (fallback to raft.server.rpc.timeout.min)
2023-08-28 07:17:34,573 [s4@group-BD2E07A0415B-FollowerState] INFO  server.RaftServerConfigKeys (ConfUtils.java:logFallback(53)) - raft.server.rpc.first-election.timeout.max = 2000ms (fallback to raft.server.rpc.timeout.max)
2023-08-28 07:17:34,575 [Time-limited test] INFO  server.RaftServerConfigKeys (ConfUtils.java:logGet(46)) - raft.server.rpc.timeout.max = 2000ms (custom)
2023-08-28 07:17:34,575 [Time-limited test] INFO  ratis.RaftTestUtil (RaftTestUtil.java:waitForLeader(100)) - printing group-BD2E07A0415B
  s4:  RUNNING [
   FOLLOWER s4@group-439A96E27B3B:t0, leader=null, voted=, raftlog=Memoized:s4@group-439A96E27B3B-SegmentedRaftLog:OPENED:c-1, conf=-1: peers:[]|listeners:[], old=null STARTING
   FOLLOWER s4@group-BD2E07A0415B:t0, leader=null, voted=, raftlog=Memoized:s4@group-BD2E07A0415B-SegmentedRaftLog:OPENED:c-1, conf=-1: peers:[s4|rpc:0.0.0.0:37139|dataStream:|priority:0|startupRole:FOLLOWER]|listeners:[], old=null RUNNING] size=2
2023-08-28 07:17:34,575 [Time-limited test] WARN  ratis.RaftTestUtil (JavaUtils.java:attempt(217)) - FAILED "waitForLeader-group-BD2E07A0415B-(expectLeader? true)", attempt #1/100: java.lang.IllegalStateException: No leader yet  for group-BD2E07A0415B: printing group-BD2E07A0415B
  s4:  RUNNING [
   FOLLOWER s4@group-439A96E27B3B:t0, leader=null, voted=, raftlog=Memoized:s4@group-439A96E27B3B-SegmentedRaftLog:OPENED:c-1, conf=-1: peers:[]|listeners:[], old=null STARTING
   FOLLOWER s4@group-BD2E07A0415B:t0, leader=null, voted=, raftlog=Memoized:s4@group-BD2E07A0415B-SegmentedRaftLog:OPENED:c-1, conf=-1: peers:[s4|rpc:0.0.0.0:37139|dataStream:|priority:0|startupRole:FOLLOWER]|listeners:[], old=null RUNNING] size=2, sleep 3000ms and then retry.
java.lang.IllegalStateException: No leader yet  for group-BD2E07A0415B: printing group-BD2E07A0415B
  s4:  RUNNING [
   FOLLOWER s4@group-439A96E27B3B:t0, leader=null, voted=, raftlog=Memoized:s4@group-439A96E27B3B-SegmentedRaftLog:OPENED:c-1, conf=-1: peers:[]|listeners:[], old=null STARTING
   FOLLOWER s4@group-BD2E07A0415B:t0, leader=null, voted=, raftlog=Memoized:s4@group-BD2E07A0415B-SegmentedRaftLog:OPENED:c-1, conf=-1: peers:[s4|rpc:0.0.0.0:37139|dataStream:|priority:0|startupRole:FOLLOWER]|listeners:[], old=null RUNNING] size=2
	at org.apache.ratis.server.impl.MiniRaftCluster.newIllegalStateExceptionForNoLeaders(MiniRaftCluster.java:581)
	at org.apache.ratis.RaftTestUtil.lambda$waitForLeader$1(RaftTestUtil.java:104)
	at org.apache.ratis.server.impl.MiniRaftCluster.getLeader(MiniRaftCluster.java:615)
	at org.apache.ratis.server.impl.MiniRaftCluster.getLeader(MiniRaftCluster.java:608)
	at org.apache.ratis.RaftTestUtil.lambda$waitForLeader$3(RaftTestUtil.java:112)
	at org.apache.ratis.util.JavaUtils.attempt(JavaUtils.java:211)
	at org.apache.ratis.util.JavaUtils.attemptRepeatedly(JavaUtils.java:197)
	at org.apache.ratis.RaftTestUtil.waitForLeader(RaftTestUtil.java:111)
	at org.apache.ratis.RaftTestUtil.waitForLeader(RaftTestUtil.java:92)
	at org.apache.ratis.server.impl.GroupManagementBaseTest.runMultiGroupTest(GroupManagementBaseTest.java:287)
	at org.apache.ratis.server.impl.GroupManagementBaseTest.runMultiGroupTest(GroupManagementBaseTest.java:237)
	at org.apache.ratis.server.impl.GroupManagementBaseTest.testMultiGroup5Nodes(GroupManagementBaseTest.java:220)
	at java.base/jdk.internal.reflect.NativeMethodAccessorImpl.invoke0(Native Method)
	at java.base/jdk.internal.reflect.NativeMethodAccessorImpl.invoke(NativeMethodAccessorImpl.java:62)
	at java.base/jdk.internal.reflect.DelegatingMethodAccessorImpl.invoke(DelegatingMethodAccessorImpl.java:43)
	at java.base/java.lang.reflect.Method.invoke(Method.java:566)
	at org.junit.runners.model.FrameworkMethod$1.runReflectiveCall(FrameworkMethod.java:59)
	at org.junit.internal.runners.model.ReflectiveCallable.run(ReflectiveCallable.java:12)
	at org.junit.runners.model.FrameworkMethod.invokeExplosively(FrameworkMethod.java:56)
	at org.junit.internal.runners.statements.InvokeMethod.evaluate(InvokeMethod.java:17)
	at org.junit.internal.runners.statements.RunAfters.evaluate(RunAfters.java:27)
	at org.junit.internal.runners.statements.FailOnTimeout$CallableStatement.call(FailOnTimeout.java:299)
	at org.junit.internal.runners.statements.FailOnTimeout$CallableStatement.call(FailOnTimeout.java:293)
	at java.base/java.util.concurrent.FutureTask.run(FutureTask.java:264)
	at java.base/java.lang.Thread.run(Thread.java:829)
2023-08-28 07:17:36,206 [s4@group-BD2E07A0415B-FollowerState] INFO  impl.FollowerState (FollowerState.java:run(143)) - s4@group-BD2E07A0415B-FollowerState: change to CANDIDATE, lastRpcElapsedTime:1634463960ns, electionTimeout:1633ms
2023-08-28 07:17:36,206 [s4@group-BD2E07A0415B-FollowerState] INFO  impl.RoleInfo (RoleInfo.java:shutdownFollowerState(109)) - s4: shutdown s4@group-BD2E07A0415B-FollowerState
2023-08-28 07:17:36,206 [s4@group-BD2E07A0415B-FollowerState] INFO  server.RaftServer$Division (RaftServerImpl.java:setRole(371)) - s4@group-BD2E07A0415B: changes role from  FOLLOWER to CANDIDATE at term 0 for changeToCandidate
2023-08-28 07:17:36,206 [s4@group-BD2E07A0415B-FollowerState] INFO  server.RaftServerConfigKeys (ConfUtils.java:logGet(46)) - raft.server.leaderelection.pre-vote = true (default)
2023-08-28 07:17:36,207 [s4@group-BD2E07A0415B-FollowerState] INFO  impl.RoleInfo (RoleInfo.java:updateAndGet(138)) - s4: start s4@group-BD2E07A0415B-LeaderElection7
2023-08-28 07:17:36,207 [s4@group-BD2E07A0415B-LeaderElection7] INFO  impl.LeaderElection (LeaderElection.java:askForVotes(320)) - s4@group-BD2E07A0415B-LeaderElection7 PRE_VOTE round 0: submit vote requests at term 0 for -1: peers:[s4|rpc:0.0.0.0:37139|dataStream:|priority:0|startupRole:FOLLOWER]|listeners:[], old=null
2023-08-28 07:17:36,207 [s4@group-BD2E07A0415B-LeaderElection7] INFO  impl.LeaderElection (LeaderElection.java:askForVotes(322)) - s4@group-BD2E07A0415B-LeaderElection7 PRE_VOTE round 0: result PASSED (term=0)
2023-08-28 07:17:36,208 [s4@group-BD2E07A0415B-LeaderElection7] INFO  impl.LeaderElection (LeaderElection.java:askForVotes(320)) - s4@group-BD2E07A0415B-LeaderElection7 ELECTION round 0: submit vote requests at term 1 for -1: peers:[s4|rpc:0.0.0.0:37139|dataStream:|priority:0|startupRole:FOLLOWER]|listeners:[], old=null
2023-08-28 07:17:36,208 [s4@group-BD2E07A0415B-LeaderElection7] INFO  impl.LeaderElection (LeaderElection.java:askForVotes(322)) - s4@group-BD2E07A0415B-LeaderElection7 ELECTION round 0: result PASSED (term=1)
2023-08-28 07:17:36,209 [s4@group-BD2E07A0415B-LeaderElection7] INFO  impl.RoleInfo (RoleInfo.java:shutdownLeaderElection(129)) - s4: shutdown s4@group-BD2E07A0415B-LeaderElection7
2023-08-28 07:17:36,209 [s4@group-BD2E07A0415B-LeaderElection7] INFO  server.RaftServer$Division (RaftServerImpl.java:setRole(371)) - s4@group-BD2E07A0415B: changes role from CANDIDATE to LEADER at term 1 for changeToLeader
2023-08-28 07:17:36,209 [s4@group-BD2E07A0415B-LeaderElection7] INFO  server.RaftServerConfigKeys (ConfUtils.java:logGet(46)) - raft.server.staging.catchup.gap = 1000 (default)
2023-08-28 07:17:36,209 [s4@group-BD2E07A0415B-LeaderElection7] INFO  server.RaftServerConfigKeys (ConfUtils.java:logGet(46)) - raft.server.write.element-limit = 4096 (default)
2023-08-28 07:17:36,209 [s4@group-BD2E07A0415B-LeaderElection7] INFO  server.RaftServerConfigKeys (ConfUtils.java:logGet(46)) - raft.server.write.byte-limit = 64MB (=67108864) (default)
2023-08-28 07:17:36,209 [s4@group-BD2E07A0415B-LeaderElection7] INFO  server.RaftServerConfigKeys (ConfUtils.java:logGet(46)) - raft.server.watch.timeout = 10s (default)
2023-08-28 07:17:36,209 [s4@group-BD2E07A0415B-LeaderElection7] INFO  server.RaftServerConfigKeys (ConfUtils.java:logGet(46)) - raft.server.watch.timeout.denomination = 1s (default)
2023-08-28 07:17:36,209 [s4@group-BD2E07A0415B-LeaderElection7] INFO  server.RaftServerConfigKeys (ConfUtils.java:logGet(46)) - raft.server.watch.element-limit = 65536 (default)
2023-08-28 07:17:36,209 [s4@group-BD2E07A0415B-LeaderElection7] INFO  server.RaftServerConfigKeys (ConfUtils.java:logGet(46)) - raft.server.write.element-limit = 4096 (default)
2023-08-28 07:17:36,209 [s4@group-BD2E07A0415B-LeaderElection7] INFO  server.RaftServerConfigKeys (ConfUtils.java:logGet(46)) - raft.server.write.follower.gap.ratio.max = -1.0 (default)
2023-08-28 07:17:36,209 [s4@group-BD2E07A0415B-LeaderElection7] INFO  impl.RoleInfo (RoleInfo.java:updateAndGet(138)) - s4: start s4@group-BD2E07A0415B-LeaderStateImpl
2023-08-28 07:17:36,209 [s4@group-BD2E07A0415B-LeaderElection7] INFO  server.RaftServer$Division (RaftServerImpl.java:setFirstElection(556)) - s4@group-BD2E07A0415B: set firstElectionSinceStartup to false for becomeLeader
2023-08-28 07:17:36,209 [s4@group-BD2E07A0415B-LeaderElection7] INFO  server.RaftServer$Division (ServerState.java:setLeader(260)) - s4@group-BD2E07A0415B: change Leader from null to s4 at term 1 for becomeLeader, leader elected after 1643ms
2023-08-28 07:17:36,209 [s4@group-BD2E07A0415B-LeaderElection7] INFO  segmented.SegmentedRaftLogWorker (SegmentedRaftLogWorker.java:startLogSegment(427)) - s4@group-BD2E07A0415B-SegmentedRaftLogWorker: Starting segment from index:0
2023-08-28 07:17:36,213 [s4@group-BD2E07A0415B-LeaderElection7] INFO  server.RaftServer$Division (ServerState.java:setRaftConf(377)) - s4@group-BD2E07A0415B: set configuration 0: peers:[s4|rpc:0.0.0.0:37139|dataStream:|priority:0|startupRole:FOLLOWER]|listeners:[], old=null
2023-08-28 07:17:36,221 [s4@group-BD2E07A0415B-SegmentedRaftLogWorker] INFO  segmented.SegmentedRaftLogWorker (SegmentedRaftLogWorker.java:execute(631)) - s4@group-BD2E07A0415B-SegmentedRaftLogWorker: created new log segment /home/runner/work/ratis/ratis/ratis-test/target/test/data/c5bbf9cd/MiniRaftClusterWithNettyaf9953c4/s4/bc20bfda-4e15-4a95-b1a3-bd2e07a0415b/current/log_inprogress_0
2023-08-28 07:17:37,425 [Timer-3] INFO  impl.MiniRaftCluster (MiniRaftCluster.java:lambda$start$6(349)) - TIMED-PRINT: printing ALL groups
  s3:  RUNNING [
   FOLLOWER s3@group-439A96E27B3B:t0, leader=null, voted=, raftlog=Memoized:s3@group-439A96E27B3B-SegmentedRaftLog:OPENED:c-1, conf=-1: peers:[]|listeners:[], old=null STARTING
     LEADER s3@group-D9F5A0EFA3F9:t1, leader=s3, voted=s3, raftlog=Memoized:s3@group-D9F5A0EFA3F9-SegmentedRaftLog:OPENED:c0, conf=0: peers:[s3|rpc:0.0.0.0:33563|dataStream:|priority:0|startupRole:FOLLOWER]|listeners:[], old=null RUNNING] size=2
  s4:  RUNNING [
   FOLLOWER s4@group-439A96E27B3B:t0, leader=null, voted=, raftlog=Memoized:s4@group-439A96E27B3B-SegmentedRaftLog:OPENED:c-1, conf=-1: peers:[]|listeners:[], old=null STARTING
     LEADER s4@group-BD2E07A0415B:t1, leader=s4, voted=s4, raftlog=Memoized:s4@group-BD2E07A0415B-SegmentedRaftLog:OPENED:c0, conf=0: peers:[s4|rpc:0.0.0.0:37139|dataStream:|priority:0|startupRole:FOLLOWER]|listeners:[], old=null RUNNING] size=2
  s0:  RUNNING [
     LEADER s0@group-F06CBDDBBCE9:t1, leader=s0, voted=s0, raftlog=Memoized:s0@group-F06CBDDBBCE9-SegmentedRaftLog:OPENED:c0, conf=0: peers:[s0|rpc:0.0.0.0:33275|dataStream:|priority:0|startupRole:FOLLOWER, s1|rpc:0.0.0.0:37201|dataStream:|priority:0|startupRole:FOLLOWER, s2|rpc:0.0.0.0:46449|dataStream:|priority:0|startupRole:FOLLOWER]|listeners:[], old=null RUNNING
   FOLLOWER s0@group-439A96E27B3B:t0, leader=null, voted=, raftlog=Memoized:s0@group-439A96E27B3B-SegmentedRaftLog:OPENED:c-1, conf=-1: peers:[]|listeners:[], old=null STARTING] size=2
  s1:  RUNNING [
   FOLLOWER s1@group-F06CBDDBBCE9:t1, leader=s0, voted=s0, raftlog=Memoized:s1@group-F06CBDDBBCE9-SegmentedRaftLog:OPENED:c0, conf=0: peers:[s0|rpc:0.0.0.0:33275|dataStream:|priority:0|startupRole:FOLLOWER, s1|rpc:0.0.0.0:37201|dataStream:|priority:0|startupRole:FOLLOWER, s2|rpc:0.0.0.0:46449|dataStream:|priority:0|startupRole:FOLLOWER]|listeners:[], old=null RUNNING
   FOLLOWER s1@group-439A96E27B3B:t0, leader=null, voted=, raftlog=Memoized:s1@group-439A96E27B3B-SegmentedRaftLog:OPENED:c-1, conf=-1: peers:[]|listeners:[], old=null STARTING] size=2
  s2:  RUNNING [
   FOLLOWER s2@group-F06CBDDBBCE9:t1, leader=s0, voted=s0, raftlog=Memoized:s2@group-F06CBDDBBCE9-SegmentedRaftLog:OPENED:c0, conf=0: peers:[s0|rpc:0.0.0.0:33275|dataStream:|priority:0|startupRole:FOLLOWER, s1|rpc:0.0.0.0:37201|dataStream:|priority:0|startupRole:FOLLOWER, s2|rpc:0.0.0.0:46449|dataStream:|priority:0|startupRole:FOLLOWER]|listeners:[], old=null RUNNING
   FOLLOWER s2@group-439A96E27B3B:t0, leader=null, voted=, raftlog=Memoized:s2@group-439A96E27B3B-SegmentedRaftLog:OPENED:c-1, conf=-1: peers:[]|listeners:[], old=null STARTING] size=2
2023-08-28 07:17:37,576 [Time-limited test] INFO  ratis.RaftTestUtil (RaftTestUtil.java:waitForLeader(119)) - printing group-BD2E07A0415B
  s4:  RUNNING [
   FOLLOWER s4@group-439A96E27B3B:t0, leader=null, voted=, raftlog=Memoized:s4@group-439A96E27B3B-SegmentedRaftLog:OPENED:c-1, conf=-1: peers:[]|listeners:[], old=null STARTING
     LEADER s4@group-BD2E07A0415B:t1, leader=s4, voted=s4, raftlog=Memoized:s4@group-BD2E07A0415B-SegmentedRaftLog:OPENED:c0, conf=0: peers:[s4|rpc:0.0.0.0:37139|dataStream:|priority:0|startupRole:FOLLOWER]|listeners:[], old=null RUNNING] size=2
| MiniRaftClusterWithNetty[3, 4, 5]chosen=0 | start groups | 67 |
2023-08-28 07:17:37,577 [Time-limited test] INFO  impl.GroupManagementBaseTest (GroupManagementBaseTest.java:runMultiGroupTest(291)) - start groups: printing ALL groups
  s3:  RUNNING [
   FOLLOWER s3@group-439A96E27B3B:t0, leader=null, voted=, raftlog=Memoized:s3@group-439A96E27B3B-SegmentedRaftLog:OPENED:c-1, conf=-1: peers:[]|listeners:[], old=null STARTING
     LEADER s3@group-D9F5A0EFA3F9:t1, leader=s3, voted=s3, raftlog=Memoized:s3@group-D9F5A0EFA3F9-SegmentedRaftLog:OPENED:c0, conf=0: peers:[s3|rpc:0.0.0.0:33563|dataStream:|priority:0|startupRole:FOLLOWER]|listeners:[], old=null RUNNING] size=2
  s4:  RUNNING [
   FOLLOWER s4@group-439A96E27B3B:t0, leader=null, voted=, raftlog=Memoized:s4@group-439A96E27B3B-SegmentedRaftLog:OPENED:c-1, conf=-1: peers:[]|listeners:[], old=null STARTING
     LEADER s4@group-BD2E07A0415B:t1, leader=s4, voted=s4, raftlog=Memoized:s4@group-BD2E07A0415B-SegmentedRaftLog:OPENED:c0, conf=0: peers:[s4|rpc:0.0.0.0:37139|dataStream:|priority:0|startupRole:FOLLOWER]|listeners:[], old=null RUNNING] size=2
  s0:  RUNNING [
     LEADER s0@group-F06CBDDBBCE9:t1, leader=s0, voted=s0, raftlog=Memoized:s0@group-F06CBDDBBCE9-SegmentedRaftLog:OPENED:c0, conf=0: peers:[s0|rpc:0.0.0.0:33275|dataStream:|priority:0|startupRole:FOLLOWER, s1|rpc:0.0.0.0:37201|dataStream:|priority:0|startupRole:FOLLOWER, s2|rpc:0.0.0.0:46449|dataStream:|priority:0|startupRole:FOLLOWER]|listeners:[], old=null RUNNING
   FOLLOWER s0@group-439A96E27B3B:t0, leader=null, voted=, raftlog=Memoized:s0@group-439A96E27B3B-SegmentedRaftLog:OPENED:c-1, conf=-1: peers:[]|listeners:[], old=null STARTING] size=2
  s1:  RUNNING [
   FOLLOWER s1@group-F06CBDDBBCE9:t1, leader=s0, voted=s0, raftlog=Memoized:s1@group-F06CBDDBBCE9-SegmentedRaftLog:OPENED:c0, conf=0: peers:[s0|rpc:0.0.0.0:33275|dataStream:|priority:0|startupRole:FOLLOWER, s1|rpc:0.0.0.0:37201|dataStream:|priority:0|startupRole:FOLLOWER, s2|rpc:0.0.0.0:46449|dataStream:|priority:0|startupRole:FOLLOWER]|listeners:[], old=null RUNNING
   FOLLOWER s1@group-439A96E27B3B:t0, leader=null, voted=, raftlog=Memoized:s1@group-439A96E27B3B-SegmentedRaftLog:OPENED:c-1, conf=-1: peers:[]|listeners:[], old=null STARTING] size=2
  s2:  RUNNING [
   FOLLOWER s2@group-F06CBDDBBCE9:t1, leader=s0, voted=s0, raftlog=Memoized:s2@group-F06CBDDBBCE9-SegmentedRaftLog:OPENED:c0, conf=0: peers:[s0|rpc:0.0.0.0:33275|dataStream:|priority:0|startupRole:FOLLOWER, s1|rpc:0.0.0.0:37201|dataStream:|priority:0|startupRole:FOLLOWER, s2|rpc:0.0.0.0:46449|dataStream:|priority:0|startupRole:FOLLOWER]|listeners:[], old=null RUNNING
   FOLLOWER s2@group-439A96E27B3B:t0, leader=null, voted=, raftlog=Memoized:s2@group-439A96E27B3B-SegmentedRaftLog:OPENED:c-1, conf=-1: peers:[]|listeners:[], old=null STARTING] size=2
2023-08-28 07:17:37,578 [Time-limited test] INFO  impl.GroupManagementBaseTest (GroupManagementBaseTest.java:runMultiGroupTest(294)) - chosen = 0, group-F06CBDDBBCE9:[s0|rpc:0.0.0.0:33275|priority:0|startupRole:FOLLOWER, s1|rpc:0.0.0.0:37201|priority:0|startupRole:FOLLOWER, s2|rpc:0.0.0.0:46449|priority:0|startupRole:FOLLOWER]
2023-08-28 07:17:37,578 [Time-limited test] INFO  impl.GroupManagementBaseTest (GroupManagementBaseTest.java:runMultiGroupTest(299)) - 1) close printing group-D9F5A0EFA3F9
  s3:  RUNNING [
   FOLLOWER s3@group-439A96E27B3B:t0, leader=null, voted=, raftlog=Memoized:s3@group-439A96E27B3B-SegmentedRaftLog:OPENED:c-1, conf=-1: peers:[]|listeners:[], old=null STARTING
     LEADER s3@group-D9F5A0EFA3F9:t1, leader=s3, voted=s3, raftlog=Memoized:s3@group-D9F5A0EFA3F9-SegmentedRaftLog:OPENED:c0, conf=0: peers:[s3|rpc:0.0.0.0:33563|dataStream:|priority:0|startupRole:FOLLOWER]|listeners:[], old=null RUNNING] size=2
2023-08-28 07:17:37,578 [Time-limited test] DEBUG client.RaftClient (ConfUtils.java:logGet(46)) - raft.rpc.type = NETTY (custom)
2023-08-28 07:17:37,579 [nioEventLoopGroup-43-1] INFO  logging.LoggingHandler (AbstractInternalLogger.java:log(148)) - [id: 0x9dc91465, L:/0.0.0.0:33563] READ: [id: 0x94a5f758, L:/10.1.0.28:33563 - R:/10.1.0.28:41768]
2023-08-28 07:17:37,586 [nioEventLoopGroup-43-1] INFO  logging.LoggingHandler (AbstractInternalLogger.java:log(148)) - [id: 0x9dc91465, L:/0.0.0.0:33563] READ COMPLETE
2023-08-28 07:17:37,586 [nioEventLoopGroup-44-2] INFO  server.RaftServer (RaftServerProxy.java:remove(110)) - s3: remove    LEADER s3@group-D9F5A0EFA3F9:t1, leader=s3, voted=s3, raftlog=Memoized:s3@group-D9F5A0EFA3F9-SegmentedRaftLog:OPENED:c0, conf=0: peers:[s3|rpc:0.0.0.0:33563|dataStream:|priority:0|startupRole:FOLLOWER]|listeners:[], old=null RUNNING
2023-08-28 07:17:37,587 [nioEventLoopGroup-44-2] INFO  server.RaftServer$Division (RaftServerImpl.java:lambda$close$3(508)) - s3@group-D9F5A0EFA3F9: shutdown
2023-08-28 07:17:37,587 [nioEventLoopGroup-44-2] INFO  util.JmxRegister (JmxRegister.java:unregister(73)) - Successfully un-registered JMX Bean with object name Ratis:service=RaftServer,group=group-D9F5A0EFA3F9,id=s3
2023-08-28 07:17:37,587 [nioEventLoopGroup-44-2] INFO  impl.RoleInfo (RoleInfo.java:shutdownLeaderState(92)) - s3: shutdown s3@group-D9F5A0EFA3F9-LeaderStateImpl
2023-08-28 07:17:37,587 [nioEventLoopGroup-44-2] INFO  impl.PendingRequests (PendingRequests.java:sendNotLeaderResponses(289)) - s3@group-D9F5A0EFA3F9-PendingRequests: sendNotLeaderResponses
2023-08-28 07:17:37,590 [nioEventLoopGroup-44-2] INFO  impl.StateMachineUpdater (StateMachineUpdater.java:stopAndJoin(157)) - s3@group-D9F5A0EFA3F9-StateMachineUpdater: set stopIndex = 0
2023-08-28 07:17:37,590 [nioEventLoopGroup-44-2] INFO  server.RaftServer$Division (ServerState.java:close(415)) - s3@group-D9F5A0EFA3F9: applyIndex: 0
2023-08-28 07:17:38,461 [nioEventLoopGroup-44-2] INFO  segmented.SegmentedRaftLogWorker (SegmentedRaftLogWorker.java:close(242)) - s3@group-D9F5A0EFA3F9-SegmentedRaftLogWorker close()
2023-08-28 07:17:38,461 [nioEventLoopGroup-44-2] TRACE util.FileUtils (FileUtils.java:deleteFully(201)) - deleteFully /home/runner/work/ratis/ratis/ratis-test/target/test/data/c5bbf9cd/MiniRaftClusterWithNettyaf9953c4/s3/ef8e1478-3443-4c09-ba31-d9f5a0efa3f9
2023-08-28 07:17:38,462 [nioEventLoopGroup-44-2] TRACE util.FileUtils (LogUtils.java:runAndLog(49)) - Successfully ran Files.delete /home/runner/work/ratis/ratis/ratis-test/target/test/data/c5bbf9cd/MiniRaftClusterWithNettyaf9953c4/s3/ef8e1478-3443-4c09-ba31-d9f5a0efa3f9/in_use.lock
2023-08-28 07:17:38,462 [nioEventLoopGroup-44-2] TRACE util.FileUtils (LogUtils.java:runAndLog(49)) - Successfully ran Files.delete /home/runner/work/ratis/ratis/ratis-test/target/test/data/c5bbf9cd/MiniRaftClusterWithNettyaf9953c4/s3/ef8e1478-3443-4c09-ba31-d9f5a0efa3f9/current/raft-meta.conf
2023-08-28 07:17:38,462 [nioEventLoopGroup-44-2] TRACE util.FileUtils (LogUtils.java:runAndLog(49)) - Successfully ran Files.delete /home/runner/work/ratis/ratis/ratis-test/target/test/data/c5bbf9cd/MiniRaftClusterWithNettyaf9953c4/s3/ef8e1478-3443-4c09-ba31-d9f5a0efa3f9/current/log_inprogress_0
2023-08-28 07:17:38,462 [nioEventLoopGroup-44-2] TRACE util.FileUtils (LogUtils.java:runAndLog(49)) - Successfully ran Files.delete /home/runner/work/ratis/ratis/ratis-test/target/test/data/c5bbf9cd/MiniRaftClusterWithNettyaf9953c4/s3/ef8e1478-3443-4c09-ba31-d9f5a0efa3f9/current/raft-meta
2023-08-28 07:17:38,462 [nioEventLoopGroup-44-2] TRACE util.FileUtils (LogUtils.java:runAndLog(49)) - Successfully ran Files.delete /home/runner/work/ratis/ratis/ratis-test/target/test/data/c5bbf9cd/MiniRaftClusterWithNettyaf9953c4/s3/ef8e1478-3443-4c09-ba31-d9f5a0efa3f9/current
2023-08-28 07:17:38,462 [nioEventLoopGroup-44-2] TRACE util.FileUtils (LogUtils.java:runAndLog(49)) - Successfully ran Files.delete /home/runner/work/ratis/ratis/ratis-test/target/test/data/c5bbf9cd/MiniRaftClusterWithNettyaf9953c4/s3/ef8e1478-3443-4c09-ba31-d9f5a0efa3f9/sm
2023-08-28 07:17:38,462 [nioEventLoopGroup-44-2] TRACE util.FileUtils (LogUtils.java:runAndLog(49)) - Successfully ran Files.delete /home/runner/work/ratis/ratis/ratis-test/target/test/data/c5bbf9cd/MiniRaftClusterWithNettyaf9953c4/s3/ef8e1478-3443-4c09-ba31-d9f5a0efa3f9
2023-08-28 07:17:38,462 [nioEventLoopGroup-44-2] INFO  server.RaftServer$Division (RaftServerImpl.java:groupRemove(478)) - s3@group-D9F5A0EFA3F9: Succeed to remove RaftStorageDirectory Storage Directory /home/runner/work/ratis/ratis/ratis-test/target/test/data/c5bbf9cd/MiniRaftClusterWithNettyaf9953c4/s3/ef8e1478-3443-4c09-ba31-d9f5a0efa3f9
2023-08-28 07:17:38,466 [Time-limited test] INFO  impl.GroupManagementBaseTest (GroupManagementBaseTest.java:runMultiGroupTest(299)) - 2) close printing group-BD2E07A0415B
  s4:  RUNNING [
   FOLLOWER s4@group-439A96E27B3B:t0, leader=null, voted=, raftlog=Memoized:s4@group-439A96E27B3B-SegmentedRaftLog:OPENED:c-1, conf=-1: peers:[]|listeners:[], old=null STARTING
     LEADER s4@group-BD2E07A0415B:t1, leader=s4, voted=s4, raftlog=Memoized:s4@group-BD2E07A0415B-SegmentedRaftLog:OPENED:c0, conf=0: peers:[s4|rpc:0.0.0.0:37139|dataStream:|priority:0|startupRole:FOLLOWER]|listeners:[], old=null RUNNING] size=2
2023-08-28 07:17:38,466 [Time-limited test] DEBUG client.RaftClient (ConfUtils.java:logGet(46)) - raft.rpc.type = NETTY (custom)
2023-08-28 07:17:38,470 [nioEventLoopGroup-46-1] INFO  logging.LoggingHandler (AbstractInternalLogger.java:log(148)) - [id: 0x48617d01, L:/0.0.0.0:37139] READ: [id: 0xbf8facf2, L:/10.1.0.28:37139 - R:/10.1.0.28:39540]
2023-08-28 07:17:38,470 [nioEventLoopGroup-46-1] INFO  logging.LoggingHandler (AbstractInternalLogger.java:log(148)) - [id: 0x48617d01, L:/0.0.0.0:37139] READ COMPLETE
2023-08-28 07:17:38,471 [nioEventLoopGroup-47-2] INFO  server.RaftServer (RaftServerProxy.java:remove(110)) - s4: remove    LEADER s4@group-BD2E07A0415B:t1, leader=s4, voted=s4, raftlog=Memoized:s4@group-BD2E07A0415B-SegmentedRaftLog:OPENED:c0, conf=0: peers:[s4|rpc:0.0.0.0:37139|dataStream:|priority:0|startupRole:FOLLOWER]|listeners:[], old=null RUNNING
2023-08-28 07:17:38,471 [nioEventLoopGroup-47-2] INFO  server.RaftServer$Division (RaftServerImpl.java:lambda$close$3(508)) - s4@group-BD2E07A0415B: shutdown
2023-08-28 07:17:38,471 [nioEventLoopGroup-47-2] INFO  util.JmxRegister (JmxRegister.java:unregister(73)) - Successfully un-registered JMX Bean with object name Ratis:service=RaftServer,group=group-BD2E07A0415B,id=s4
2023-08-28 07:17:38,471 [nioEventLoopGroup-47-2] INFO  impl.RoleInfo (RoleInfo.java:shutdownLeaderState(92)) - s4: shutdown s4@group-BD2E07A0415B-LeaderStateImpl
2023-08-28 07:17:38,471 [nioEventLoopGroup-47-2] INFO  impl.PendingRequests (PendingRequests.java:sendNotLeaderResponses(289)) - s4@group-BD2E07A0415B-PendingRequests: sendNotLeaderResponses
2023-08-28 07:17:38,472 [nioEventLoopGroup-47-2] INFO  impl.StateMachineUpdater (StateMachineUpdater.java:stopAndJoin(157)) - s4@group-BD2E07A0415B-StateMachineUpdater: set stopIndex = 0
2023-08-28 07:17:38,472 [nioEventLoopGroup-47-2] INFO  server.RaftServer$Division (ServerState.java:close(415)) - s4@group-BD2E07A0415B: applyIndex: 0
2023-08-28 07:17:39,223 [nioEventLoopGroup-47-2] INFO  segmented.SegmentedRaftLogWorker (SegmentedRaftLogWorker.java:close(242)) - s4@group-BD2E07A0415B-SegmentedRaftLogWorker close()
2023-08-28 07:17:39,224 [nioEventLoopGroup-47-2] TRACE util.FileUtils (FileUtils.java:deleteFully(201)) - deleteFully /home/runner/work/ratis/ratis/ratis-test/target/test/data/c5bbf9cd/MiniRaftClusterWithNettyaf9953c4/s4/bc20bfda-4e15-4a95-b1a3-bd2e07a0415b
2023-08-28 07:17:39,224 [nioEventLoopGroup-47-2] TRACE util.FileUtils (LogUtils.java:runAndLog(49)) - Successfully ran Files.delete /home/runner/work/ratis/ratis/ratis-test/target/test/data/c5bbf9cd/MiniRaftClusterWithNettyaf9953c4/s4/bc20bfda-4e15-4a95-b1a3-bd2e07a0415b/in_use.lock
2023-08-28 07:17:39,224 [nioEventLoopGroup-47-2] TRACE util.FileUtils (LogUtils.java:runAndLog(49)) - Successfully ran Files.delete /home/runner/work/ratis/ratis/ratis-test/target/test/data/c5bbf9cd/MiniRaftClusterWithNettyaf9953c4/s4/bc20bfda-4e15-4a95-b1a3-bd2e07a0415b/current/raft-meta.conf
2023-08-28 07:17:39,224 [nioEventLoopGroup-47-2] TRACE util.FileUtils (LogUtils.java:runAndLog(49)) - Successfully ran Files.delete /home/runner/work/ratis/ratis/ratis-test/target/test/data/c5bbf9cd/MiniRaftClusterWithNettyaf9953c4/s4/bc20bfda-4e15-4a95-b1a3-bd2e07a0415b/current/log_inprogress_0
2023-08-28 07:17:39,224 [nioEventLoopGroup-47-2] TRACE util.FileUtils (LogUtils.java:runAndLog(49)) - Successfully ran Files.delete /home/runner/work/ratis/ratis/ratis-test/target/test/data/c5bbf9cd/MiniRaftClusterWithNettyaf9953c4/s4/bc20bfda-4e15-4a95-b1a3-bd2e07a0415b/current/raft-meta
2023-08-28 07:17:39,224 [nioEventLoopGroup-47-2] TRACE util.FileUtils (LogUtils.java:runAndLog(49)) - Successfully ran Files.delete /home/runner/work/ratis/ratis/ratis-test/target/test/data/c5bbf9cd/MiniRaftClusterWithNettyaf9953c4/s4/bc20bfda-4e15-4a95-b1a3-bd2e07a0415b/current
2023-08-28 07:17:39,224 [nioEventLoopGroup-47-2] TRACE util.FileUtils (LogUtils.java:runAndLog(49)) - Successfully ran Files.delete /home/runner/work/ratis/ratis/ratis-test/target/test/data/c5bbf9cd/MiniRaftClusterWithNettyaf9953c4/s4/bc20bfda-4e15-4a95-b1a3-bd2e07a0415b/sm
2023-08-28 07:17:39,224 [nioEventLoopGroup-47-2] TRACE util.FileUtils (LogUtils.java:runAndLog(49)) - Successfully ran Files.delete /home/runner/work/ratis/ratis/ratis-test/target/test/data/c5bbf9cd/MiniRaftClusterWithNettyaf9953c4/s4/bc20bfda-4e15-4a95-b1a3-bd2e07a0415b
2023-08-28 07:17:39,224 [nioEventLoopGroup-47-2] INFO  server.RaftServer$Division (RaftServerImpl.java:groupRemove(478)) - s4@group-BD2E07A0415B: Succeed to remove RaftStorageDirectory Storage Directory /home/runner/work/ratis/ratis/ratis-test/target/test/data/c5bbf9cd/MiniRaftClusterWithNettyaf9953c4/s4/bc20bfda-4e15-4a95-b1a3-bd2e07a0415b
| MiniRaftClusterWithNetty[3, 4, 5]chosen=0 | close groups | 73 |
2023-08-28 07:17:39,228 [Time-limited test] INFO  impl.GroupManagementBaseTest (GroupManagementBaseTest.java:runMultiGroupTest(316)) - close groups: printing ALL groups
  s3:  RUNNING  FOLLOWER s3@group-439A96E27B3B:t0, leader=null, voted=, raftlog=Memoized:s3@group-439A96E27B3B-SegmentedRaftLog:OPENED:c-1, conf=-1: peers:[]|listeners:[], old=null STARTING
  s4:  RUNNING  FOLLOWER s4@group-439A96E27B3B:t0, leader=null, voted=, raftlog=Memoized:s4@group-439A96E27B3B-SegmentedRaftLog:OPENED:c-1, conf=-1: peers:[]|listeners:[], old=null STARTING
  s0:  RUNNING [
     LEADER s0@group-F06CBDDBBCE9:t1, leader=s0, voted=s0, raftlog=Memoized:s0@group-F06CBDDBBCE9-SegmentedRaftLog:OPENED:c0, conf=0: peers:[s0|rpc:0.0.0.0:33275|dataStream:|priority:0|startupRole:FOLLOWER, s1|rpc:0.0.0.0:37201|dataStream:|priority:0|startupRole:FOLLOWER, s2|rpc:0.0.0.0:46449|dataStream:|priority:0|startupRole:FOLLOWER]|listeners:[], old=null RUNNING
   FOLLOWER s0@group-439A96E27B3B:t0, leader=null, voted=, raftlog=Memoized:s0@group-439A96E27B3B-SegmentedRaftLog:OPENED:c-1, conf=-1: peers:[]|listeners:[], old=null STARTING] size=2
  s1:  RUNNING [
   FOLLOWER s1@group-F06CBDDBBCE9:t1, leader=s0, voted=s0, raftlog=Memoized:s1@group-F06CBDDBBCE9-SegmentedRaftLog:OPENED:c0, conf=0: peers:[s0|rpc:0.0.0.0:33275|dataStream:|priority:0|startupRole:FOLLOWER, s1|rpc:0.0.0.0:37201|dataStream:|priority:0|startupRole:FOLLOWER, s2|rpc:0.0.0.0:46449|dataStream:|priority:0|startupRole:FOLLOWER]|listeners:[], old=null RUNNING
   FOLLOWER s1@group-439A96E27B3B:t0, leader=null, voted=, raftlog=Memoized:s1@group-439A96E27B3B-SegmentedRaftLog:OPENED:c-1, conf=-1: peers:[]|listeners:[], old=null STARTING] size=2
  s2:  RUNNING [
   FOLLOWER s2@group-F06CBDDBBCE9:t1, leader=s0, voted=s0, raftlog=Memoized:s2@group-F06CBDDBBCE9-SegmentedRaftLog:OPENED:c0, conf=0: peers:[s0|rpc:0.0.0.0:33275|dataStream:|priority:0|startupRole:FOLLOWER, s1|rpc:0.0.0.0:37201|dataStream:|priority:0|startupRole:FOLLOWER, s2|rpc:0.0.0.0:46449|dataStream:|priority:0|startupRole:FOLLOWER]|listeners:[], old=null RUNNING
   FOLLOWER s2@group-439A96E27B3B:t0, leader=null, voted=, raftlog=Memoized:s2@group-439A96E27B3B-SegmentedRaftLog:OPENED:c-1, conf=-1: peers:[]|listeners:[], old=null STARTING] size=2
2023-08-28 07:17:39,228 [Time-limited test] INFO  impl.GroupManagementBaseTest (GroupManagementBaseTest.java:runMultiGroupTest(322)) - 1) groupAdd: printing group-D9F5A0EFA3F9
2023-08-28 07:17:39,228 [Time-limited test] DEBUG client.RaftClient (ConfUtils.java:logGet(46)) - raft.rpc.type = NETTY (custom)
2023-08-28 07:17:39,229 [nioEventLoopGroup-43-1] INFO  logging.LoggingHandler (AbstractInternalLogger.java:log(148)) - [id: 0x9dc91465, L:/0.0.0.0:33563] READ: [id: 0x6c1c915a, L:/10.1.0.28:33563 - R:/10.1.0.28:41770]
2023-08-28 07:17:39,229 [nioEventLoopGroup-43-1] INFO  logging.LoggingHandler (AbstractInternalLogger.java:log(148)) - [id: 0x9dc91465, L:/0.0.0.0:33563] READ COMPLETE
2023-08-28 07:17:39,230 [nioEventLoopGroup-44-3] INFO  server.RaftServer (RaftServerProxy.java:addNew(99)) - s3: addNew group-F06CBDDBBCE9:[] returns group-F06CBDDBBCE9:java.util.concurrent.CompletableFuture@4ed6e66d[Not completed]
2023-08-28 07:17:39,230 [s3-groupManagement] INFO  server.RaftServer$Division (RaftServerImpl.java:<init>(250)) - s3: new RaftServerImpl for group-F06CBDDBBCE9:[] with BaseStateMachine:uninitialized
2023-08-28 07:17:39,230 [s3-groupManagement] INFO  server.RaftServerConfigKeys (ConfUtils.java:logGet(46)) - raft.server.rpc.timeout.min = 1500ms (custom)
2023-08-28 07:17:39,230 [s3-groupManagement] INFO  server.RaftServerConfigKeys (ConfUtils.java:logGet(46)) - raft.server.rpc.timeout.max = 2000ms (custom)
2023-08-28 07:17:39,230 [s3-groupManagement] INFO  server.RaftServerConfigKeys (ConfUtils.java:logGet(46)) - raft.server.rpc.sleep.time = 25ms (default)
2023-08-28 07:17:39,230 [s3-groupManagement] INFO  server.RaftServerConfigKeys (ConfUtils.java:logGet(46)) - raft.server.rpc.slowness.timeout = 60s (default)
2023-08-28 07:17:39,230 [s3-groupManagement] INFO  server.RaftServerConfigKeys (ConfUtils.java:logGet(46)) - raft.server.leaderelection.leader.step-down.wait-time = 10s (default)
2023-08-28 07:17:39,230 [s3-groupManagement] INFO  server.RaftServerConfigKeys (ConfUtils.java:logGet(46)) - raft.server.sleep.deviation.threshold = 300ms (default)
2023-08-28 07:17:39,230 [s3-groupManagement] INFO  server.RaftServer$Division (ServerState.java:<init>(113)) - s3@group-F06CBDDBBCE9: ConfigurationManager, init=-1: peers:[]|listeners:[], old=null, confs=<EMPTY_MAP>
2023-08-28 07:17:39,230 [s3-groupManagement] INFO  server.RaftServerConfigKeys (ConfUtils.java:logGet(46)) - raft.server.notification.no-leader.timeout = 60s (default)
2023-08-28 07:17:39,231 [s3-groupManagement] INFO  server.RaftServerConfigKeys (ConfUtils.java:logGet(46)) - raft.server.read.timeout = 10s (default)
2023-08-28 07:17:39,231 [s3-groupManagement] INFO  server.RaftServerConfigKeys (ConfUtils.java:logGet(46)) - raft.server.retrycache.expirytime = 60s (default)
2023-08-28 07:17:39,231 [s3-groupManagement] INFO  server.RaftServerConfigKeys (ConfUtils.java:logGet(46)) - raft.server.retrycache.statistics.expirytime = 100μs (default)
2023-08-28 07:17:39,231 [s3-groupManagement] INFO  server.RaftServerConfigKeys (ConfUtils.java:logGet(46)) - raft.server.read.option = DEFAULT (default)
2023-08-28 07:17:39,231 [s3-groupManagement] INFO  server.RaftServerConfigKeys (ConfUtils.java:logGet(46)) - raft.server.rpc.request.timeout = 3000ms (default)
2023-08-28 07:17:39,231 [s3-groupManagement] INFO  server.RaftServerConfigKeys (ConfUtils.java:logGet(46)) - raft.server.log.appender.install.snapshot.enabled = true (default)
2023-08-28 07:17:39,231 [s3-groupManagement] INFO  server.RaftServerConfigKeys (ConfUtils.java:logGet(46)) - raft.server.threadpool.server.cached = true (default)
2023-08-28 07:17:39,231 [s3-groupManagement] INFO  server.RaftServerConfigKeys (ConfUtils.java:logGet(46)) - raft.server.threadpool.server.size = 0 (default)
2023-08-28 07:17:39,231 [s3-groupManagement] INFO  server.RaftServerConfigKeys (ConfUtils.java:logGet(46)) - raft.server.threadpool.client.cached = true (default)
2023-08-28 07:17:39,231 [s3-groupManagement] INFO  server.RaftServerConfigKeys (ConfUtils.java:logGet(46)) - raft.server.threadpool.client.size = 0 (default)
2023-08-28 07:17:39,231 [s3-groupManagement] DEBUG server.RaftServer (RaftServerProxy.java:lambda$groupAddAsync$11(505)) - s3: newImpl =      null s3@group-F06CBDDBBCE9:t0, leader=null, voted=null, raftlog=UNINITIALIZED, conf=-1: peers:[]|listeners:[], old=null NEW
2023-08-28 07:17:39,231 [s3-groupManagement] INFO  server.RaftServerConfigKeys (ConfUtils.java:logGet(46)) - raft.server.storage.free-space.min = 0MB (=0) (default)
2023-08-28 07:17:39,231 [s3-groupManagement] INFO  server.RaftServerConfigKeys (ConfUtils.java:logGet(46)) - raft.server.log.corruption.policy = EXCEPTION (default)
2023-08-28 07:17:39,232 [s3-groupManagement] INFO  server.RaftServerConfigKeys (ConfUtils.java:logGet(46)) - raft.server.storage.dir = [/home/runner/work/ratis/ratis/ratis-test/target/test/data/c5bbf9cd/MiniRaftClusterWithNettyaf9953c4/s3] (custom)
2023-08-28 07:17:39,232 [s3-groupManagement] INFO  storage.RaftStorageDirectory (RaftStorageDirectoryImpl.java:analyzeStorage(138)) - The storage directory /home/runner/work/ratis/ratis/ratis-test/target/test/data/c5bbf9cd/MiniRaftClusterWithNettyaf9953c4/s3/b0c2deec-4fd7-4cc2-b566-f06cbddbbce9 does not exist. Creating ...
2023-08-28 07:17:39,232 [s3-groupManagement] TRACE util.FileUtils (LogUtils.java:runAndLog(49)) - Successfully ran Files.createDirectories /home/runner/work/ratis/ratis/ratis-test/target/test/data/c5bbf9cd/MiniRaftClusterWithNettyaf9953c4/s3/b0c2deec-4fd7-4cc2-b566-f06cbddbbce9
2023-08-28 07:17:39,234 [s3-groupManagement] INFO  storage.RaftStorageDirectory (RaftStorageDirectoryImpl.java:tryLock(232)) - Lock on /home/runner/work/ratis/ratis/ratis-test/target/test/data/c5bbf9cd/MiniRaftClusterWithNettyaf9953c4/s3/b0c2deec-4fd7-4cc2-b566-f06cbddbbce9/in_use.lock acquired by nodename 7908@fv-az1033-516
2023-08-28 07:17:39,234 [s3-groupManagement] TRACE util.FileUtils (LogUtils.java:runAndLog(49)) - Successfully ran Files.createDirectories /home/runner/work/ratis/ratis/ratis-test/target/test/data/c5bbf9cd/MiniRaftClusterWithNettyaf9953c4/s3/b0c2deec-4fd7-4cc2-b566-f06cbddbbce9/current
2023-08-28 07:17:39,234 [s3-groupManagement] TRACE util.FileUtils (LogUtils.java:runAndLog(49)) - Successfully ran Files.createDirectories /home/runner/work/ratis/ratis/ratis-test/target/test/data/c5bbf9cd/MiniRaftClusterWithNettyaf9953c4/s3/b0c2deec-4fd7-4cc2-b566-f06cbddbbce9/sm
2023-08-28 07:17:39,235 [s3-groupManagement] INFO  storage.RaftStorage (RaftStorageImpl.java:format(97)) - Storage directory /home/runner/work/ratis/ratis/ratis-test/target/test/data/c5bbf9cd/MiniRaftClusterWithNettyaf9953c4/s3/b0c2deec-4fd7-4cc2-b566-f06cbddbbce9 has been successfully formatted.
2023-08-28 07:17:39,235 [s3-groupManagement] INFO  server.RaftServerConfigKeys (ConfUtils.java:logGet(46)) - raft.server.log.use.memory = false (default)
2023-08-28 07:17:39,235 [s3-groupManagement] INFO  server.RaftServerConfigKeys (ConfUtils.java:logGet(46)) - raft.server.log.purge.gap = 1024 (default)
2023-08-28 07:17:39,235 [s3-groupManagement] INFO  server.RaftServerConfigKeys (ConfUtils.java:logGet(46)) - raft.server.log.appender.buffer.byte-limit = 4MB (=4194304) (default)
2023-08-28 07:17:39,235 [s3-groupManagement] INFO  server.RaftServerConfigKeys (ConfUtils.java:logGet(46)) - raft.server.log.statemachine.data.read.timeout = 1000ms (default)
2023-08-28 07:17:39,235 [s3-groupManagement] INFO  server.RaftServerConfigKeys (ConfUtils.java:logGet(46)) - raft.server.log.purge.preservation.log.num = 0 (default)
2023-08-28 07:17:39,235 [s3-groupManagement] INFO  server.RaftServerConfigKeys (ConfUtils.java:logGet(46)) - raft.server.log.segment.size.max = 8MB (=8388608) (default)
2023-08-28 07:17:39,235 [s3-groupManagement] INFO  server.RaftServerConfigKeys (ConfUtils.java:logGet(46)) - raft.server.log.segment.cache.num.max = 6 (default)
2023-08-28 07:17:39,235 [s3-groupManagement] INFO  server.RaftServerConfigKeys (ConfUtils.java:logGet(46)) - raft.server.log.segment.cache.size.max = 200MB (=209715200) (default)
2023-08-28 07:17:39,235 [s3-groupManagement] INFO  server.RaftServerConfigKeys (ConfUtils.java:logGet(46)) - raft.server.log.appender.buffer.byte-limit = 4MB (=4194304) (default)
2023-08-28 07:17:39,235 [s3-groupManagement] INFO  segmented.SegmentedRaftLogWorker (SegmentedRaftLogWorker.java:<init>(183)) - new s3@group-F06CBDDBBCE9-SegmentedRaftLogWorker for RaftStorageImpl:Storage Directory /home/runner/work/ratis/ratis/ratis-test/target/test/data/c5bbf9cd/MiniRaftClusterWithNettyaf9953c4/s3/b0c2deec-4fd7-4cc2-b566-f06cbddbbce9
2023-08-28 07:17:39,235 [s3-groupManagement] INFO  server.RaftServerConfigKeys (ConfUtils.java:logGet(46)) - raft.server.log.queue.byte-limit = 64MB (=67108864) (default)
2023-08-28 07:17:39,236 [s3-groupManagement] INFO  server.RaftServerConfigKeys (ConfUtils.java:logGet(46)) - raft.server.log.queue.element-limit = 4096 (default)
2023-08-28 07:17:39,236 [s3-groupManagement] INFO  server.RaftServerConfigKeys (ConfUtils.java:logGet(46)) - raft.server.log.segment.size.max = 8MB (=8388608) (default)
2023-08-28 07:17:39,236 [s3-groupManagement] INFO  server.RaftServerConfigKeys (ConfUtils.java:logGet(46)) - raft.server.log.preallocated.size = 4MB (=4194304) (default)
2023-08-28 07:17:39,236 [s3-groupManagement] INFO  server.RaftServerConfigKeys (ConfUtils.java:logGet(46)) - raft.server.log.force.sync.num = 128 (default)
2023-08-28 07:17:39,236 [s3-groupManagement] INFO  server.RaftServerConfigKeys (ConfUtils.java:logGet(46)) - raft.server.log.statemachine.data.sync = true (default)
2023-08-28 07:17:39,236 [s3-groupManagement] INFO  server.RaftServerConfigKeys (ConfUtils.java:logGet(46)) - raft.server.log.statemachine.data.sync.timeout = 10s (default)
2023-08-28 07:17:39,236 [s3-groupManagement] INFO  server.RaftServerConfigKeys (ConfUtils.java:logGet(46)) - raft.server.log.statemachine.data.sync.timeout.retry = -1 (default)
2023-08-28 07:17:39,236 [s3-groupManagement] INFO  server.RaftServerConfigKeys (ConfUtils.java:logGet(46)) - raft.server.log.write.buffer.size = 64KB (=65536) (default)
2023-08-28 07:17:39,236 [s3-groupManagement] INFO  server.RaftServerConfigKeys (ConfUtils.java:logGet(46)) - raft.server.log.appender.buffer.byte-limit = 4MB (=4194304) (default)
2023-08-28 07:17:39,242 [s3-groupManagement] INFO  server.RaftServerConfigKeys (ConfUtils.java:logGet(46)) - raft.server.log.unsafe-flush.enabled = false (default)
2023-08-28 07:17:39,242 [s3-groupManagement] INFO  server.RaftServerConfigKeys (ConfUtils.java:logGet(46)) - raft.server.log.async-flush.enabled = false (default)
2023-08-28 07:17:39,242 [s3-groupManagement] INFO  server.RaftServerConfigKeys (ConfUtils.java:logGet(46)) - raft.server.log.statemachine.data.caching.enabled = false (default)
2023-08-28 07:17:39,242 [s3-groupManagement] INFO  segmented.SegmentedRaftLogWorker (SegmentedRaftLogWorker.java:lambda$new$0(134)) - s3@group-F06CBDDBBCE9-SegmentedRaftLogWorker: flushIndex: setUnconditionally 0 -> -1
2023-08-28 07:17:39,242 [s3-groupManagement] INFO  segmented.SegmentedRaftLogWorker (SegmentedRaftLogWorker.java:lambda$new$0(134)) - s3@group-F06CBDDBBCE9-SegmentedRaftLogWorker: safeCacheEvictIndex: setUnconditionally 0 -> -1
2023-08-28 07:17:39,244 [s3-groupManagement] INFO  server.RaftServer$Division (RaftServerImpl.java:start(390)) - s3@group-F06CBDDBBCE9: start with initializing state, conf=-1: peers:[]|listeners:[], old=null
2023-08-28 07:17:39,244 [s3-groupManagement] INFO  server.RaftServer$Division (RaftServerImpl.java:setRole(371)) - s3@group-F06CBDDBBCE9: changes role from      null to FOLLOWER at term 0 for startInitializing
2023-08-28 07:17:39,244 [s3-groupManagement] INFO  util.JmxRegister (JmxRegister.java:tryRegister(44)) - Successfully registered JMX Bean with object name Ratis:service=RaftServer,group=group-F06CBDDBBCE9,id=s3
2023-08-28 07:17:39,244 [s3-groupManagement] INFO  server.RaftServerConfigKeys (ConfUtils.java:logGet(46)) - raft.server.snapshot.trigger-when-stop.enabled = true (default)
2023-08-28 07:17:39,244 [s3-groupManagement] INFO  server.RaftServerConfigKeys (ConfUtils.java:logGet(46)) - raft.server.snapshot.auto.trigger.enabled = false (default)
2023-08-28 07:17:39,244 [s3-groupManagement] INFO  server.RaftServerConfigKeys (ConfUtils.java:logGet(46)) - raft.server.snapshot.retention.file.num = -1 (default)
2023-08-28 07:17:39,244 [s3-groupManagement] INFO  server.RaftServerConfigKeys (ConfUtils.java:logGet(46)) - raft.server.log.purge.upto.snapshot.index = false (default)
2023-08-28 07:17:39,269 [Time-limited test] INFO  impl.GroupManagementBaseTest (GroupManagementBaseTest.java:runMultiGroupTest(322)) - 2) groupAdd: printing group-BD2E07A0415B
2023-08-28 07:17:39,269 [Time-limited test] DEBUG client.RaftClient (ConfUtils.java:logGet(46)) - raft.rpc.type = NETTY (custom)
2023-08-28 07:17:39,274 [nioEventLoopGroup-46-1] INFO  logging.LoggingHandler (AbstractInternalLogger.java:log(148)) - [id: 0x48617d01, L:/0.0.0.0:37139] READ: [id: 0x8c3ea82b, L:/10.1.0.28:37139 - R:/10.1.0.28:39546]
2023-08-28 07:17:39,275 [nioEventLoopGroup-46-1] INFO  logging.LoggingHandler (AbstractInternalLogger.java:log(148)) - [id: 0x48617d01, L:/0.0.0.0:37139] READ COMPLETE
2023-08-28 07:17:39,280 [s4-groupManagement] INFO  server.RaftServer$Division (RaftServerImpl.java:<init>(250)) - s4: new RaftServerImpl for group-F06CBDDBBCE9:[] with BaseStateMachine:uninitialized
2023-08-28 07:17:39,280 [s4-groupManagement] INFO  server.RaftServerConfigKeys (ConfUtils.java:logGet(46)) - raft.server.rpc.timeout.min = 1500ms (custom)
2023-08-28 07:17:39,280 [s4-groupManagement] INFO  server.RaftServerConfigKeys (ConfUtils.java:logGet(46)) - raft.server.rpc.timeout.max = 2000ms (custom)
2023-08-28 07:17:39,280 [s4-groupManagement] INFO  server.RaftServerConfigKeys (ConfUtils.java:logGet(46)) - raft.server.rpc.sleep.time = 25ms (default)
2023-08-28 07:17:39,280 [s4-groupManagement] INFO  server.RaftServerConfigKeys (ConfUtils.java:logGet(46)) - raft.server.rpc.slowness.timeout = 60s (default)
2023-08-28 07:17:39,280 [s4-groupManagement] INFO  server.RaftServerConfigKeys (ConfUtils.java:logGet(46)) - raft.server.leaderelection.leader.step-down.wait-time = 10s (default)
2023-08-28 07:17:39,280 [s4-groupManagement] INFO  server.RaftServerConfigKeys (ConfUtils.java:logGet(46)) - raft.server.sleep.deviation.threshold = 300ms (default)
2023-08-28 07:17:39,280 [s4-groupManagement] INFO  server.RaftServer$Division (ServerState.java:<init>(113)) - s4@group-F06CBDDBBCE9: ConfigurationManager, init=-1: peers:[]|listeners:[], old=null, confs=<EMPTY_MAP>
2023-08-28 07:17:39,280 [s4-groupManagement] INFO  server.RaftServerConfigKeys (ConfUtils.java:logGet(46)) - raft.server.notification.no-leader.timeout = 60s (default)
2023-08-28 07:17:39,280 [s4-groupManagement] INFO  server.RaftServerConfigKeys (ConfUtils.java:logGet(46)) - raft.server.read.timeout = 10s (default)
2023-08-28 07:17:39,280 [s4-groupManagement] INFO  server.RaftServerConfigKeys (ConfUtils.java:logGet(46)) - raft.server.retrycache.expirytime = 60s (default)
2023-08-28 07:17:39,280 [s4-groupManagement] INFO  server.RaftServerConfigKeys (ConfUtils.java:logGet(46)) - raft.server.retrycache.statistics.expirytime = 100μs (default)
2023-08-28 07:17:39,280 [s4-groupManagement] INFO  server.RaftServerConfigKeys (ConfUtils.java:logGet(46)) - raft.server.read.option = DEFAULT (default)
2023-08-28 07:17:39,281 [s4-groupManagement] INFO  server.RaftServerConfigKeys (ConfUtils.java:logGet(46)) - raft.server.rpc.request.timeout = 3000ms (default)
2023-08-28 07:17:39,281 [s4-groupManagement] INFO  server.RaftServerConfigKeys (ConfUtils.java:logGet(46)) - raft.server.log.appender.install.snapshot.enabled = true (default)
2023-08-28 07:17:39,281 [s4-groupManagement] INFO  server.RaftServerConfigKeys (ConfUtils.java:logGet(46)) - raft.server.threadpool.server.cached = true (default)
2023-08-28 07:17:39,281 [s4-groupManagement] INFO  server.RaftServerConfigKeys (ConfUtils.java:logGet(46)) - raft.server.threadpool.server.size = 0 (default)
2023-08-28 07:17:39,281 [s4-groupManagement] INFO  server.RaftServerConfigKeys (ConfUtils.java:logGet(46)) - raft.server.threadpool.client.cached = true (default)
2023-08-28 07:17:39,281 [s4-groupManagement] INFO  server.RaftServerConfigKeys (ConfUtils.java:logGet(46)) - raft.server.threadpool.client.size = 0 (default)
2023-08-28 07:17:39,281 [nioEventLoopGroup-47-3] INFO  server.RaftServer (RaftServerProxy.java:addNew(99)) - s4: addNew group-F06CBDDBBCE9:[] returns      null s4@group-F06CBDDBBCE9:t0, leader=null, voted=null, raftlog=UNINITIALIZED, conf=-1: peers:[]|listeners:[], old=null NEW
2023-08-28 07:17:39,281 [s4-groupManagement] DEBUG server.RaftServer (RaftServerProxy.java:lambda$groupAddAsync$11(505)) - s4: newImpl =      null s4@group-F06CBDDBBCE9:t0, leader=null, voted=null, raftlog=UNINITIALIZED, conf=-1: peers:[]|listeners:[], old=null NEW
2023-08-28 07:17:39,281 [s4-groupManagement] INFO  server.RaftServerConfigKeys (ConfUtils.java:logGet(46)) - raft.server.storage.free-space.min = 0MB (=0) (default)
2023-08-28 07:17:39,281 [s4-groupManagement] INFO  server.RaftServerConfigKeys (ConfUtils.java:logGet(46)) - raft.server.log.corruption.policy = EXCEPTION (default)
2023-08-28 07:17:39,281 [s4-groupManagement] INFO  server.RaftServerConfigKeys (ConfUtils.java:logGet(46)) - raft.server.storage.dir = [/home/runner/work/ratis/ratis/ratis-test/target/test/data/c5bbf9cd/MiniRaftClusterWithNettyaf9953c4/s4] (custom)
2023-08-28 07:17:39,282 [s4-groupManagement] INFO  storage.RaftStorageDirectory (RaftStorageDirectoryImpl.java:analyzeStorage(138)) - The storage directory /home/runner/work/ratis/ratis/ratis-test/target/test/data/c5bbf9cd/MiniRaftClusterWithNettyaf9953c4/s4/b0c2deec-4fd7-4cc2-b566-f06cbddbbce9 does not exist. Creating ...
2023-08-28 07:17:39,282 [s4-groupManagement] TRACE util.FileUtils (LogUtils.java:runAndLog(49)) - Successfully ran Files.createDirectories /home/runner/work/ratis/ratis/ratis-test/target/test/data/c5bbf9cd/MiniRaftClusterWithNettyaf9953c4/s4/b0c2deec-4fd7-4cc2-b566-f06cbddbbce9
2023-08-28 07:17:39,284 [s4-groupManagement] INFO  storage.RaftStorageDirectory (RaftStorageDirectoryImpl.java:tryLock(232)) - Lock on /home/runner/work/ratis/ratis/ratis-test/target/test/data/c5bbf9cd/MiniRaftClusterWithNettyaf9953c4/s4/b0c2deec-4fd7-4cc2-b566-f06cbddbbce9/in_use.lock acquired by nodename 7908@fv-az1033-516
2023-08-28 07:17:39,284 [s4-groupManagement] TRACE util.FileUtils (LogUtils.java:runAndLog(49)) - Successfully ran Files.createDirectories /home/runner/work/ratis/ratis/ratis-test/target/test/data/c5bbf9cd/MiniRaftClusterWithNettyaf9953c4/s4/b0c2deec-4fd7-4cc2-b566-f06cbddbbce9/current
2023-08-28 07:17:39,284 [s4-groupManagement] TRACE util.FileUtils (LogUtils.java:runAndLog(49)) - Successfully ran Files.createDirectories /home/runner/work/ratis/ratis/ratis-test/target/test/data/c5bbf9cd/MiniRaftClusterWithNettyaf9953c4/s4/b0c2deec-4fd7-4cc2-b566-f06cbddbbce9/sm
2023-08-28 07:17:39,285 [s4-groupManagement] INFO  storage.RaftStorage (RaftStorageImpl.java:format(97)) - Storage directory /home/runner/work/ratis/ratis/ratis-test/target/test/data/c5bbf9cd/MiniRaftClusterWithNettyaf9953c4/s4/b0c2deec-4fd7-4cc2-b566-f06cbddbbce9 has been successfully formatted.
2023-08-28 07:17:39,285 [s4-groupManagement] INFO  server.RaftServerConfigKeys (ConfUtils.java:logGet(46)) - raft.server.log.use.memory = false (default)
2023-08-28 07:17:39,285 [s4-groupManagement] INFO  server.RaftServerConfigKeys (ConfUtils.java:logGet(46)) - raft.server.log.purge.gap = 1024 (default)
2023-08-28 07:17:39,285 [s4-groupManagement] INFO  server.RaftServerConfigKeys (ConfUtils.java:logGet(46)) - raft.server.log.appender.buffer.byte-limit = 4MB (=4194304) (default)
2023-08-28 07:17:39,285 [s4-groupManagement] INFO  server.RaftServerConfigKeys (ConfUtils.java:logGet(46)) - raft.server.log.statemachine.data.read.timeout = 1000ms (default)
2023-08-28 07:17:39,285 [s4-groupManagement] INFO  server.RaftServerConfigKeys (ConfUtils.java:logGet(46)) - raft.server.log.purge.preservation.log.num = 0 (default)
2023-08-28 07:17:39,285 [s4-groupManagement] INFO  server.RaftServerConfigKeys (ConfUtils.java:logGet(46)) - raft.server.log.segment.size.max = 8MB (=8388608) (default)
2023-08-28 07:17:39,286 [s4-groupManagement] INFO  server.RaftServerConfigKeys (ConfUtils.java:logGet(46)) - raft.server.log.segment.cache.num.max = 6 (default)
2023-08-28 07:17:39,287 [s4-groupManagement] INFO  server.RaftServerConfigKeys (ConfUtils.java:logGet(46)) - raft.server.log.segment.cache.size.max = 200MB (=209715200) (default)
2023-08-28 07:17:39,287 [s4-groupManagement] INFO  server.RaftServerConfigKeys (ConfUtils.java:logGet(46)) - raft.server.log.appender.buffer.byte-limit = 4MB (=4194304) (default)
2023-08-28 07:17:39,287 [s4-groupManagement] INFO  segmented.SegmentedRaftLogWorker (SegmentedRaftLogWorker.java:<init>(183)) - new s4@group-F06CBDDBBCE9-SegmentedRaftLogWorker for RaftStorageImpl:Storage Directory /home/runner/work/ratis/ratis/ratis-test/target/test/data/c5bbf9cd/MiniRaftClusterWithNettyaf9953c4/s4/b0c2deec-4fd7-4cc2-b566-f06cbddbbce9
2023-08-28 07:17:39,287 [s4-groupManagement] INFO  server.RaftServerConfigKeys (ConfUtils.java:logGet(46)) - raft.server.log.queue.byte-limit = 64MB (=67108864) (default)
2023-08-28 07:17:39,287 [s4-groupManagement] INFO  server.RaftServerConfigKeys (ConfUtils.java:logGet(46)) - raft.server.log.queue.element-limit = 4096 (default)
2023-08-28 07:17:39,287 [s4-groupManagement] INFO  server.RaftServerConfigKeys (ConfUtils.java:logGet(46)) - raft.server.log.segment.size.max = 8MB (=8388608) (default)
2023-08-28 07:17:39,287 [s4-groupManagement] INFO  server.RaftServerConfigKeys (ConfUtils.java:logGet(46)) - raft.server.log.preallocated.size = 4MB (=4194304) (default)
2023-08-28 07:17:39,287 [s4-groupManagement] INFO  server.RaftServerConfigKeys (ConfUtils.java:logGet(46)) - raft.server.log.force.sync.num = 128 (default)
2023-08-28 07:17:39,287 [s4-groupManagement] INFO  server.RaftServerConfigKeys (ConfUtils.java:logGet(46)) - raft.server.log.statemachine.data.sync = true (default)
2023-08-28 07:17:39,287 [s4-groupManagement] INFO  server.RaftServerConfigKeys (ConfUtils.java:logGet(46)) - raft.server.log.statemachine.data.sync.timeout = 10s (default)
2023-08-28 07:17:39,287 [s4-groupManagement] INFO  server.RaftServerConfigKeys (ConfUtils.java:logGet(46)) - raft.server.log.statemachine.data.sync.timeout.retry = -1 (default)
2023-08-28 07:17:39,287 [s4-groupManagement] INFO  server.RaftServerConfigKeys (ConfUtils.java:logGet(46)) - raft.server.log.write.buffer.size = 64KB (=65536) (default)
2023-08-28 07:17:39,287 [s4-groupManagement] INFO  server.RaftServerConfigKeys (ConfUtils.java:logGet(46)) - raft.server.log.appender.buffer.byte-limit = 4MB (=4194304) (default)
2023-08-28 07:17:39,287 [s4-groupManagement] INFO  server.RaftServerConfigKeys (ConfUtils.java:logGet(46)) - raft.server.log.unsafe-flush.enabled = false (default)
2023-08-28 07:17:39,288 [s4-groupManagement] INFO  server.RaftServerConfigKeys (ConfUtils.java:logGet(46)) - raft.server.log.async-flush.enabled = false (default)
2023-08-28 07:17:39,288 [s4-groupManagement] INFO  server.RaftServerConfigKeys (ConfUtils.java:logGet(46)) - raft.server.log.statemachine.data.caching.enabled = false (default)
2023-08-28 07:17:39,288 [s4-groupManagement] INFO  segmented.SegmentedRaftLogWorker (SegmentedRaftLogWorker.java:lambda$new$0(134)) - s4@group-F06CBDDBBCE9-SegmentedRaftLogWorker: flushIndex: setUnconditionally 0 -> -1
2023-08-28 07:17:39,288 [s4-groupManagement] INFO  segmented.SegmentedRaftLogWorker (SegmentedRaftLogWorker.java:lambda$new$0(134)) - s4@group-F06CBDDBBCE9-SegmentedRaftLogWorker: safeCacheEvictIndex: setUnconditionally 0 -> -1
2023-08-28 07:17:39,288 [s4-groupManagement] INFO  server.RaftServer$Division (RaftServerImpl.java:start(390)) - s4@group-F06CBDDBBCE9: start with initializing state, conf=-1: peers:[]|listeners:[], old=null
2023-08-28 07:17:39,288 [s4-groupManagement] INFO  server.RaftServer$Division (RaftServerImpl.java:setRole(371)) - s4@group-F06CBDDBBCE9: changes role from      null to FOLLOWER at term 0 for startInitializing
2023-08-28 07:17:39,288 [s4-groupManagement] INFO  util.JmxRegister (JmxRegister.java:tryRegister(44)) - Successfully registered JMX Bean with object name Ratis:service=RaftServer,group=group-F06CBDDBBCE9,id=s4
2023-08-28 07:17:39,288 [s4-groupManagement] INFO  server.RaftServerConfigKeys (ConfUtils.java:logGet(46)) - raft.server.snapshot.trigger-when-stop.enabled = true (default)
2023-08-28 07:17:39,288 [s4-groupManagement] INFO  server.RaftServerConfigKeys (ConfUtils.java:logGet(46)) - raft.server.snapshot.auto.trigger.enabled = false (default)
2023-08-28 07:17:39,288 [s4-groupManagement] INFO  server.RaftServerConfigKeys (ConfUtils.java:logGet(46)) - raft.server.snapshot.retention.file.num = -1 (default)
2023-08-28 07:17:39,288 [s4-groupManagement] INFO  server.RaftServerConfigKeys (ConfUtils.java:logGet(46)) - raft.server.log.purge.upto.snapshot.index = false (default)
2023-08-28 07:17:39,291 [Time-limited test] INFO  impl.GroupManagementBaseTest (GroupManagementBaseTest.java:runMultiGroupTest(330)) - 0) setConfiguration: printing group-F06CBDDBBCE9
  s3:  RUNNING [
   FOLLOWER s3@group-F06CBDDBBCE9:t0, leader=null, voted=, raftlog=Memoized:s3@group-F06CBDDBBCE9-SegmentedRaftLog:OPENED:c-1, conf=-1: peers:[]|listeners:[], old=null STARTING
   FOLLOWER s3@group-439A96E27B3B:t0, leader=null, voted=, raftlog=Memoized:s3@group-439A96E27B3B-SegmentedRaftLog:OPENED:c-1, conf=-1: peers:[]|listeners:[], old=null STARTING] size=2
  s4:  RUNNING [
   FOLLOWER s4@group-F06CBDDBBCE9:t0, leader=null, voted=, raftlog=Memoized:s4@group-F06CBDDBBCE9-SegmentedRaftLog:OPENED:c-1, conf=-1: peers:[]|listeners:[], old=null STARTING
   FOLLOWER s4@group-439A96E27B3B:t0, leader=null, voted=, raftlog=Memoized:s4@group-439A96E27B3B-SegmentedRaftLog:OPENED:c-1, conf=-1: peers:[]|listeners:[], old=null STARTING] size=2
  s0:  RUNNING [
     LEADER s0@group-F06CBDDBBCE9:t1, leader=s0, voted=s0, raftlog=Memoized:s0@group-F06CBDDBBCE9-SegmentedRaftLog:OPENED:c0, conf=0: peers:[s0|rpc:0.0.0.0:33275|dataStream:|priority:0|startupRole:FOLLOWER, s1|rpc:0.0.0.0:37201|dataStream:|priority:0|startupRole:FOLLOWER, s2|rpc:0.0.0.0:46449|dataStream:|priority:0|startupRole:FOLLOWER]|listeners:[], old=null RUNNING
   FOLLOWER s0@group-439A96E27B3B:t0, leader=null, voted=, raftlog=Memoized:s0@group-439A96E27B3B-SegmentedRaftLog:OPENED:c-1, conf=-1: peers:[]|listeners:[], old=null STARTING] size=2
  s1:  RUNNING [
   FOLLOWER s1@group-F06CBDDBBCE9:t1, leader=s0, voted=s0, raftlog=Memoized:s1@group-F06CBDDBBCE9-SegmentedRaftLog:OPENED:c0, conf=0: peers:[s0|rpc:0.0.0.0:33275|dataStream:|priority:0|startupRole:FOLLOWER, s1|rpc:0.0.0.0:37201|dataStream:|priority:0|startupRole:FOLLOWER, s2|rpc:0.0.0.0:46449|dataStream:|priority:0|startupRole:FOLLOWER]|listeners:[], old=null RUNNING
   FOLLOWER s1@group-439A96E27B3B:t0, leader=null, voted=, raftlog=Memoized:s1@group-439A96E27B3B-SegmentedRaftLog:OPENED:c-1, conf=-1: peers:[]|listeners:[], old=null STARTING] size=2
  s2:  RUNNING [
   FOLLOWER s2@group-F06CBDDBBCE9:t1, leader=s0, voted=s0, raftlog=Memoized:s2@group-F06CBDDBBCE9-SegmentedRaftLog:OPENED:c0, conf=0: peers:[s0|rpc:0.0.0.0:33275|dataStream:|priority:0|startupRole:FOLLOWER, s1|rpc:0.0.0.0:37201|dataStream:|priority:0|startupRole:FOLLOWER, s2|rpc:0.0.0.0:46449|dataStream:|priority:0|startupRole:FOLLOWER]|listeners:[], old=null RUNNING
   FOLLOWER s2@group-439A96E27B3B:t0, leader=null, voted=, raftlog=Memoized:s2@group-439A96E27B3B-SegmentedRaftLog:OPENED:c-1, conf=-1: peers:[]|listeners:[], old=null STARTING] size=2
2023-08-28 07:17:39,291 [Time-limited test] DEBUG client.RaftClient (ConfUtils.java:logGet(46)) - raft.rpc.type = NETTY (custom)
2023-08-28 07:17:39,297 [nioEventLoopGroup-35-1] INFO  logging.LoggingHandler (AbstractInternalLogger.java:log(148)) - [id: 0x45169e80, L:/0.0.0.0:33275] READ: [id: 0x9f7affe3, L:/10.1.0.28:33275 - R:/10.1.0.28:44760]
2023-08-28 07:17:39,298 [nioEventLoopGroup-35-1] INFO  logging.LoggingHandler (AbstractInternalLogger.java:log(148)) - [id: 0x45169e80, L:/0.0.0.0:33275] READ COMPLETE
2023-08-28 07:17:39,301 [nioEventLoopGroup-36-2] INFO  server.RaftServer$Division (RaftServerImpl.java:setConfigurationAsync(1238)) - s0@group-F06CBDDBBCE9: receive setConfiguration SetConfigurationRequest:client-F5C2874FB9CB->s0@group-F06CBDDBBCE9, cid=99, seq=0, RW, null, SET_UNCONDITIONALLY, servers:[s0|rpc:0.0.0.0:33275|dataStream:|priority:0|startupRole:FOLLOWER, s1|rpc:0.0.0.0:37201|dataStream:|priority:0|startupRole:FOLLOWER, s2|rpc:0.0.0.0:46449|dataStream:|priority:0|startupRole:FOLLOWER, s3|rpc:0.0.0.0:33563|dataStream:|priority:0|startupRole:FOLLOWER, s4|rpc:0.0.0.0:37139|dataStream:|priority:0|startupRole:FOLLOWER], listeners:[]
2023-08-28 07:17:39,302 [nioEventLoopGroup-36-2] INFO  server.RaftServer$Division (LeaderStateImpl.java:startSetConfiguration(450)) - s0@group-F06CBDDBBCE9-LeaderStateImpl: startSetConfiguration SetConfigurationRequest:client-F5C2874FB9CB->s0@group-F06CBDDBBCE9, cid=99, seq=0, RW, null, SET_UNCONDITIONALLY, servers:[s0|rpc:0.0.0.0:33275|dataStream:|priority:0|startupRole:FOLLOWER, s1|rpc:0.0.0.0:37201|dataStream:|priority:0|startupRole:FOLLOWER, s2|rpc:0.0.0.0:46449|dataStream:|priority:0|startupRole:FOLLOWER, s3|rpc:0.0.0.0:33563|dataStream:|priority:0|startupRole:FOLLOWER, s4|rpc:0.0.0.0:37139|dataStream:|priority:0|startupRole:FOLLOWER], listeners:[]
2023-08-28 07:17:39,305 [nioEventLoopGroup-36-2] INFO  server.RaftServerConfigKeys (ConfUtils.java:logGet(46)) - raft.server.log.appender.snapshot.chunk.size.max = 16MB (=16777216) (default)
2023-08-28 07:17:39,305 [nioEventLoopGroup-36-2] INFO  server.RaftServerConfigKeys (ConfUtils.java:logGet(46)) - raft.server.log.appender.buffer.byte-limit = 4MB (=4194304) (default)
2023-08-28 07:17:39,305 [nioEventLoopGroup-36-2] INFO  server.RaftServerConfigKeys (ConfUtils.java:logGet(46)) - raft.server.log.appender.buffer.element-limit = 0 (default)
2023-08-28 07:17:39,305 [nioEventLoopGroup-36-2] INFO  server.RaftServerConfigKeys (ConfUtils.java:logGet(46)) - raft.server.log.appender.wait-time.min = 10ms (default)
2023-08-28 07:17:39,305 [nioEventLoopGroup-36-2] INFO  server.RaftServerConfigKeys (ConfUtils.java:logGet(46)) - raft.server.log.appender.snapshot.chunk.size.max = 16MB (=16777216) (default)
2023-08-28 07:17:39,305 [nioEventLoopGroup-36-2] INFO  server.RaftServerConfigKeys (ConfUtils.java:logGet(46)) - raft.server.log.appender.buffer.byte-limit = 4MB (=4194304) (default)
2023-08-28 07:17:39,305 [nioEventLoopGroup-36-2] INFO  server.RaftServerConfigKeys (ConfUtils.java:logGet(46)) - raft.server.log.appender.buffer.element-limit = 0 (default)
2023-08-28 07:17:39,306 [nioEventLoopGroup-36-2] INFO  server.RaftServerConfigKeys (ConfUtils.java:logGet(46)) - raft.server.log.appender.wait-time.min = 10ms (default)
2023-08-28 07:17:39,306 [s0@group-F06CBDDBBCE9->s3-LogAppenderDefault-LogAppenderDaemon] INFO  leader.FollowerInfo (FollowerInfoImpl.java:setAttemptedToInstallSnapshot(126)) - Follower s0@group-F06CBDDBBCE9->s3 acknowledged installing snapshot
2023-08-28 07:17:39,308 [s0@group-F06CBDDBBCE9->s4-LogAppenderDefault-LogAppenderDaemon] INFO  leader.FollowerInfo (FollowerInfoImpl.java:setAttemptedToInstallSnapshot(126)) - Follower s0@group-F06CBDDBBCE9->s4 acknowledged installing snapshot
2023-08-28 07:17:39,310 [nioEventLoopGroup-46-1] INFO  logging.LoggingHandler (AbstractInternalLogger.java:log(148)) - [id: 0x48617d01, L:/0.0.0.0:37139] READ: [id: 0xbae2ced1, L:/10.1.0.28:37139 - R:/10.1.0.28:39556]
2023-08-28 07:17:39,310 [nioEventLoopGroup-43-1] INFO  logging.LoggingHandler (AbstractInternalLogger.java:log(148)) - [id: 0x9dc91465, L:/0.0.0.0:33563] READ: [id: 0x24ac5e21, L:/10.1.0.28:33563 - R:/10.1.0.28:41778]
2023-08-28 07:17:39,311 [nioEventLoopGroup-46-1] INFO  logging.LoggingHandler (AbstractInternalLogger.java:log(148)) - [id: 0x48617d01, L:/0.0.0.0:37139] READ COMPLETE
2023-08-28 07:17:39,311 [nioEventLoopGroup-43-1] INFO  logging.LoggingHandler (AbstractInternalLogger.java:log(148)) - [id: 0x9dc91465, L:/0.0.0.0:33563] READ COMPLETE
2023-08-28 07:17:39,313 [nioEventLoopGroup-47-4] INFO  server.RaftServer$Division (RaftServerImpl.java:setFirstElection(556)) - s4@group-F06CBDDBBCE9: set firstElectionSinceStartup to false for appendEntries
2023-08-28 07:17:39,313 [nioEventLoopGroup-47-4] INFO  server.RaftServer$Division (ServerState.java:setLeader(260)) - s4@group-F06CBDDBBCE9: change Leader from null to s0 at term 1 for appendEntries, leader elected after 32ms
2023-08-28 07:17:39,314 [nioEventLoopGroup-47-4] INFO  impl.RoleInfo (RoleInfo.java:updateAndGet(138)) - s4: start s4@group-F06CBDDBBCE9-FollowerState
2023-08-28 07:17:39,314 [nioEventLoopGroup-44-4] INFO  server.RaftServer$Division (RaftServerImpl.java:setFirstElection(556)) - s3@group-F06CBDDBBCE9: set firstElectionSinceStartup to false for appendEntries
2023-08-28 07:17:39,314 [nioEventLoopGroup-44-4] INFO  server.RaftServer$Division (ServerState.java:setLeader(260)) - s3@group-F06CBDDBBCE9: change Leader from null to s0 at term 1 for appendEntries, leader elected after 83ms
2023-08-28 07:17:39,314 [nioEventLoopGroup-44-4] INFO  impl.RoleInfo (RoleInfo.java:updateAndGet(138)) - s3: start s3@group-F06CBDDBBCE9-FollowerState
2023-08-28 07:17:39,323 [nioEventLoopGroup-44-4] DEBUG server.RaftServer$Division (RaftServerImpl.java:logAppendEntries(1471)) - s3@group-F06CBDDBBCE9: receive appendEntries(s0, 1, null, 0, false, commits:[s0:c0, s1:c0, s2:c0, s3:c-1, s4:c-1], cId:105, entries: [(t:1, i:0), CONFIGURATIONENTRY(current:id: "s0"
address: "0.0.0.0:33275"
clientAddress: "0.0.0.0:33275"
adminAddress: "0.0.0.0:33275"
startupRole: FOLLOWER
,id: "s1"
address: "0.0.0.0:37201"
clientAddress: "0.0.0.0:37201"
adminAddress: "0.0.0.0:37201"
startupRole: FOLLOWER
,id: "s2"
address: "0.0.0.0:46449"
clientAddress: "0.0.0.0:46449"
adminAddress: "0.0.0.0:46449"
startupRole: FOLLOWER
, old:)]
2023-08-28 07:17:39,324 [nioEventLoopGroup-44-4] INFO  server.RaftServer$Division (ServerState.java:setRaftConf(377)) - s3@group-F06CBDDBBCE9: set configuration 0: peers:[s0|rpc:0.0.0.0:33275|dataStream:|priority:0|startupRole:FOLLOWER, s1|rpc:0.0.0.0:37201|dataStream:|priority:0|startupRole:FOLLOWER, s2|rpc:0.0.0.0:46449|dataStream:|priority:0|startupRole:FOLLOWER]|listeners:[], old=null
2023-08-28 07:17:39,324 [nioEventLoopGroup-44-4] INFO  segmented.SegmentedRaftLogWorker (SegmentedRaftLogWorker.java:startLogSegment(427)) - s3@group-F06CBDDBBCE9-SegmentedRaftLogWorker: Starting segment from index:0
2023-08-28 07:17:39,324 [nioEventLoopGroup-47-4] DEBUG server.RaftServer$Division (RaftServerImpl.java:logAppendEntries(1471)) - s4@group-F06CBDDBBCE9: receive appendEntries(s0, 1, null, 0, false, commits:[s0:c0, s1:c0, s2:c0, s3:c-1, s4:c-1], cId:104, entries: [(t:1, i:0), CONFIGURATIONENTRY(current:id: "s0"
address: "0.0.0.0:33275"
clientAddress: "0.0.0.0:33275"
adminAddress: "0.0.0.0:33275"
startupRole: FOLLOWER
,id: "s1"
address: "0.0.0.0:37201"
clientAddress: "0.0.0.0:37201"
adminAddress: "0.0.0.0:37201"
startupRole: FOLLOWER
,id: "s2"
address: "0.0.0.0:46449"
clientAddress: "0.0.0.0:46449"
adminAddress: "0.0.0.0:46449"
startupRole: FOLLOWER
, old:)]
2023-08-28 07:17:39,330 [nioEventLoopGroup-47-4] INFO  server.RaftServer$Division (ServerState.java:setRaftConf(377)) - s4@group-F06CBDDBBCE9: set configuration 0: peers:[s0|rpc:0.0.0.0:33275|dataStream:|priority:0|startupRole:FOLLOWER, s1|rpc:0.0.0.0:37201|dataStream:|priority:0|startupRole:FOLLOWER, s2|rpc:0.0.0.0:46449|dataStream:|priority:0|startupRole:FOLLOWER]|listeners:[], old=null
2023-08-28 07:17:39,330 [nioEventLoopGroup-47-4] INFO  segmented.SegmentedRaftLogWorker (SegmentedRaftLogWorker.java:startLogSegment(427)) - s4@group-F06CBDDBBCE9-SegmentedRaftLogWorker: Starting segment from index:0
2023-08-28 07:17:39,335 [s3@group-F06CBDDBBCE9-SegmentedRaftLogWorker] INFO  segmented.SegmentedRaftLogWorker (SegmentedRaftLogWorker.java:execute(631)) - s3@group-F06CBDDBBCE9-SegmentedRaftLogWorker: created new log segment /home/runner/work/ratis/ratis/ratis-test/target/test/data/c5bbf9cd/MiniRaftClusterWithNettyaf9953c4/s3/b0c2deec-4fd7-4cc2-b566-f06cbddbbce9/current/log_inprogress_0
2023-08-28 07:17:39,338 [s4@group-F06CBDDBBCE9-SegmentedRaftLogWorker] INFO  segmented.SegmentedRaftLogWorker (SegmentedRaftLogWorker.java:execute(631)) - s4@group-F06CBDDBBCE9-SegmentedRaftLogWorker: created new log segment /home/runner/work/ratis/ratis/ratis-test/target/test/data/c5bbf9cd/MiniRaftClusterWithNettyaf9953c4/s4/b0c2deec-4fd7-4cc2-b566-f06cbddbbce9/current/log_inprogress_0
2023-08-28 07:17:39,338 [s3-server-thread1] DEBUG server.RaftServer$Division (RaftServerImpl.java:logAppendEntries(1471)) - s3@group-F06CBDDBBCE9: succeeded to handle AppendEntries. Reply: s0<-s3#105:OK-t1,SUCCESS,nextIndex=1,followerCommit=0,matchIndex=0
2023-08-28 07:17:39,341 [s0@group-F06CBDDBBCE9-LeaderStateImpl] INFO  server.RaftServer$Division (ServerState.java:setRaftConf(377)) - s0@group-F06CBDDBBCE9: set configuration 1: peers:[s3|rpc:0.0.0.0:33563|dataStream:|priority:0|startupRole:FOLLOWER, s4|rpc:0.0.0.0:37139|dataStream:|priority:0|startupRole:FOLLOWER, s0|rpc:0.0.0.0:33275|dataStream:|priority:0|startupRole:FOLLOWER, s1|rpc:0.0.0.0:37201|dataStream:|priority:0|startupRole:FOLLOWER, s2|rpc:0.0.0.0:46449|dataStream:|priority:0|startupRole:FOLLOWER]|listeners:[], old=peers:[s0|rpc:0.0.0.0:33275|dataStream:|priority:0|startupRole:FOLLOWER, s1|rpc:0.0.0.0:37201|dataStream:|priority:0|startupRole:FOLLOWER, s2|rpc:0.0.0.0:46449|dataStream:|priority:0|startupRole:FOLLOWER]|listeners:[]
2023-08-28 07:17:39,342 [nioEventLoopGroup-39-2] DEBUG server.RaftServer$Division (RaftServerImpl.java:logAppendEntries(1471)) - s1@group-F06CBDDBBCE9: receive appendEntries(s0, 1, (t:1, i:0), 0, true, commits:[s0:c0, s1:c0, s2:c0, s3:c0, s4:c-1], cId:110, entries: [(t:1, i:1), CONFIGURATIONENTRY(current:id: "s3"
address: "0.0.0.0:33563"
clientAddress: "0.0.0.0:33563"
adminAddress: "0.0.0.0:33563"
startupRole: FOLLOWER
,id: "s4"
address: "0.0.0.0:37139"
clientAddress: "0.0.0.0:37139"
adminAddress: "0.0.0.0:37139"
startupRole: FOLLOWER
,id: "s0"
address: "0.0.0.0:33275"
clientAddress: "0.0.0.0:33275"
adminAddress: "0.0.0.0:33275"
startupRole: FOLLOWER
,id: "s1"
address: "0.0.0.0:37201"
clientAddress: "0.0.0.0:37201"
adminAddress: "0.0.0.0:37201"
startupRole: FOLLOWER
,id: "s2"
address: "0.0.0.0:46449"
clientAddress: "0.0.0.0:46449"
adminAddress: "0.0.0.0:46449"
startupRole: FOLLOWER
, old:id: "s0"
address: "0.0.0.0:33275"
clientAddress: "0.0.0.0:33275"
adminAddress: "0.0.0.0:33275"
startupRole: FOLLOWER
,id: "s1"
address: "0.0.0.0:37201"
clientAddress: "0.0.0.0:37201"
adminAddress: "0.0.0.0:37201"
startupRole: FOLLOWER
,id: "s2"
address: "0.0.0.0:46449"
clientAddress: "0.0.0.0:46449"
adminAddress: "0.0.0.0:46449"
startupRole: FOLLOWER
)]
2023-08-28 07:17:39,342 [nioEventLoopGroup-39-2] INFO  server.RaftServer$Division (ServerState.java:setRaftConf(377)) - s1@group-F06CBDDBBCE9: set configuration 1: peers:[s3|rpc:0.0.0.0:33563|dataStream:|priority:0|startupRole:FOLLOWER, s4|rpc:0.0.0.0:37139|dataStream:|priority:0|startupRole:FOLLOWER, s0|rpc:0.0.0.0:33275|dataStream:|priority:0|startupRole:FOLLOWER, s1|rpc:0.0.0.0:37201|dataStream:|priority:0|startupRole:FOLLOWER, s2|rpc:0.0.0.0:46449|dataStream:|priority:0|startupRole:FOLLOWER]|listeners:[], old=peers:[s0|rpc:0.0.0.0:33275|dataStream:|priority:0|startupRole:FOLLOWER, s1|rpc:0.0.0.0:37201|dataStream:|priority:0|startupRole:FOLLOWER, s2|rpc:0.0.0.0:46449|dataStream:|priority:0|startupRole:FOLLOWER]|listeners:[]
2023-08-28 07:17:39,343 [nioEventLoopGroup-41-2] DEBUG server.RaftServer$Division (RaftServerImpl.java:logAppendEntries(1471)) - s2@group-F06CBDDBBCE9: receive appendEntries(s0, 1, (t:1, i:0), 0, true, commits:[s0:c0, s1:c0, s2:c0, s3:c0, s4:c-1], cId:111, entries: [(t:1, i:1), CONFIGURATIONENTRY(current:id: "s3"
address: "0.0.0.0:33563"
clientAddress: "0.0.0.0:33563"
adminAddress: "0.0.0.0:33563"
startupRole: FOLLOWER
,id: "s4"
address: "0.0.0.0:37139"
clientAddress: "0.0.0.0:37139"
adminAddress: "0.0.0.0:37139"
startupRole: FOLLOWER
,id: "s0"
address: "0.0.0.0:33275"
clientAddress: "0.0.0.0:33275"
adminAddress: "0.0.0.0:33275"
startupRole: FOLLOWER
,id: "s1"
address: "0.0.0.0:37201"
clientAddress: "0.0.0.0:37201"
adminAddress: "0.0.0.0:37201"
startupRole: FOLLOWER
,id: "s2"
address: "0.0.0.0:46449"
clientAddress: "0.0.0.0:46449"
adminAddress: "0.0.0.0:46449"
startupRole: FOLLOWER
, old:id: "s0"
address: "0.0.0.0:33275"
clientAddress: "0.0.0.0:33275"
adminAddress: "0.0.0.0:33275"
startupRole: FOLLOWER
,id: "s1"
address: "0.0.0.0:37201"
clientAddress: "0.0.0.0:37201"
adminAddress: "0.0.0.0:37201"
startupRole: FOLLOWER
,id: "s2"
address: "0.0.0.0:46449"
clientAddress: "0.0.0.0:46449"
adminAddress: "0.0.0.0:46449"
startupRole: FOLLOWER
)]
2023-08-28 07:17:39,343 [nioEventLoopGroup-41-2] INFO  server.RaftServer$Division (ServerState.java:setRaftConf(377)) - s2@group-F06CBDDBBCE9: set configuration 1: peers:[s3|rpc:0.0.0.0:33563|dataStream:|priority:0|startupRole:FOLLOWER, s4|rpc:0.0.0.0:37139|dataStream:|priority:0|startupRole:FOLLOWER, s0|rpc:0.0.0.0:33275|dataStream:|priority:0|startupRole:FOLLOWER, s1|rpc:0.0.0.0:37201|dataStream:|priority:0|startupRole:FOLLOWER, s2|rpc:0.0.0.0:46449|dataStream:|priority:0|startupRole:FOLLOWER]|listeners:[], old=peers:[s0|rpc:0.0.0.0:33275|dataStream:|priority:0|startupRole:FOLLOWER, s1|rpc:0.0.0.0:37201|dataStream:|priority:0|startupRole:FOLLOWER, s2|rpc:0.0.0.0:46449|dataStream:|priority:0|startupRole:FOLLOWER]|listeners:[]
2023-08-28 07:17:39,344 [s2-server-thread1] DEBUG server.RaftServer$Division (RaftServerImpl.java:logAppendEntries(1471)) - s2@group-F06CBDDBBCE9: succeeded to handle AppendEntries. Reply: s0<-s2#111:OK-t1,SUCCESS,nextIndex=2,followerCommit=0,matchIndex=1
2023-08-28 07:17:39,345 [s1-server-thread1] DEBUG server.RaftServer$Division (RaftServerImpl.java:logAppendEntries(1471)) - s1@group-F06CBDDBBCE9: succeeded to handle AppendEntries. Reply: s0<-s1#110:OK-t1,SUCCESS,nextIndex=2,followerCommit=0,matchIndex=1
2023-08-28 07:17:39,345 [nioEventLoopGroup-44-4] DEBUG server.RaftServer$Division (RaftServerImpl.java:logAppendEntries(1471)) - s3@group-F06CBDDBBCE9: receive appendEntries(s0, 1, (t:1, i:0), 0, true, commits:[s0:c0, s1:c0, s2:c0, s3:c0, s4:c-1], cId:112, entries: [(t:1, i:1), CONFIGURATIONENTRY(current:id: "s3"
address: "0.0.0.0:33563"
clientAddress: "0.0.0.0:33563"
adminAddress: "0.0.0.0:33563"
startupRole: FOLLOWER
,id: "s4"
address: "0.0.0.0:37139"
clientAddress: "0.0.0.0:37139"
adminAddress: "0.0.0.0:37139"
startupRole: FOLLOWER
,id: "s0"
address: "0.0.0.0:33275"
clientAddress: "0.0.0.0:33275"
adminAddress: "0.0.0.0:33275"
startupRole: FOLLOWER
,id: "s1"
address: "0.0.0.0:37201"
clientAddress: "0.0.0.0:37201"
adminAddress: "0.0.0.0:37201"
startupRole: FOLLOWER
,id: "s2"
address: "0.0.0.0:46449"
clientAddress: "0.0.0.0:46449"
adminAddress: "0.0.0.0:46449"
startupRole: FOLLOWER
, old:id: "s0"
address: "0.0.0.0:33275"
clientAddress: "0.0.0.0:33275"
adminAddress: "0.0.0.0:33275"
startupRole: FOLLOWER
,id: "s1"
address: "0.0.0.0:37201"
clientAddress: "0.0.0.0:37201"
adminAddress: "0.0.0.0:37201"
startupRole: FOLLOWER
,id: "s2"
address: "0.0.0.0:46449"
clientAddress: "0.0.0.0:46449"
adminAddress: "0.0.0.0:46449"
startupRole: FOLLOWER
)]
2023-08-28 07:17:39,345 [nioEventLoopGroup-44-4] INFO  server.RaftServer$Division (ServerState.java:setRaftConf(377)) - s3@group-F06CBDDBBCE9: set configuration 1: peers:[s3|rpc:0.0.0.0:33563|dataStream:|priority:0|startupRole:FOLLOWER, s4|rpc:0.0.0.0:37139|dataStream:|priority:0|startupRole:FOLLOWER, s0|rpc:0.0.0.0:33275|dataStream:|priority:0|startupRole:FOLLOWER, s1|rpc:0.0.0.0:37201|dataStream:|priority:0|startupRole:FOLLOWER, s2|rpc:0.0.0.0:46449|dataStream:|priority:0|startupRole:FOLLOWER]|listeners:[], old=peers:[s0|rpc:0.0.0.0:33275|dataStream:|priority:0|startupRole:FOLLOWER, s1|rpc:0.0.0.0:37201|dataStream:|priority:0|startupRole:FOLLOWER, s2|rpc:0.0.0.0:46449|dataStream:|priority:0|startupRole:FOLLOWER]|listeners:[]
2023-08-28 07:17:39,345 [s4-server-thread1] DEBUG server.RaftServer$Division (RaftServerImpl.java:logAppendEntries(1471)) - s4@group-F06CBDDBBCE9: succeeded to handle AppendEntries. Reply: s0<-s4#104:OK-t1,SUCCESS,nextIndex=1,followerCommit=0,matchIndex=0
2023-08-28 07:17:39,347 [nioEventLoopGroup-47-4] DEBUG server.RaftServer$Division (RaftServerImpl.java:logAppendEntries(1471)) - s4@group-F06CBDDBBCE9: receive appendEntries(s0, 1, (t:1, i:0), 0, true, commits:[s0:c0, s1:c0, s2:c0, s3:c0, s4:c0], cId:113, entries: [(t:1, i:1), CONFIGURATIONENTRY(current:id: "s3"
address: "0.0.0.0:33563"
clientAddress: "0.0.0.0:33563"
adminAddress: "0.0.0.0:33563"
startupRole: FOLLOWER
,id: "s4"
address: "0.0.0.0:37139"
clientAddress: "0.0.0.0:37139"
adminAddress: "0.0.0.0:37139"
startupRole: FOLLOWER
,id: "s0"
address: "0.0.0.0:33275"
clientAddress: "0.0.0.0:33275"
adminAddress: "0.0.0.0:33275"
startupRole: FOLLOWER
,id: "s1"
address: "0.0.0.0:37201"
clientAddress: "0.0.0.0:37201"
adminAddress: "0.0.0.0:37201"
startupRole: FOLLOWER
,id: "s2"
address: "0.0.0.0:46449"
clientAddress: "0.0.0.0:46449"
adminAddress: "0.0.0.0:46449"
startupRole: FOLLOWER
, old:id: "s0"
address: "0.0.0.0:33275"
clientAddress: "0.0.0.0:33275"
adminAddress: "0.0.0.0:33275"
startupRole: FOLLOWER
,id: "s1"
address: "0.0.0.0:37201"
clientAddress: "0.0.0.0:37201"
adminAddress: "0.0.0.0:37201"
startupRole: FOLLOWER
,id: "s2"
address: "0.0.0.0:46449"
clientAddress: "0.0.0.0:46449"
adminAddress: "0.0.0.0:46449"
startupRole: FOLLOWER
)]
2023-08-28 07:17:39,347 [nioEventLoopGroup-47-4] INFO  server.RaftServer$Division (ServerState.java:setRaftConf(377)) - s4@group-F06CBDDBBCE9: set configuration 1: peers:[s3|rpc:0.0.0.0:33563|dataStream:|priority:0|startupRole:FOLLOWER, s4|rpc:0.0.0.0:37139|dataStream:|priority:0|startupRole:FOLLOWER, s0|rpc:0.0.0.0:33275|dataStream:|priority:0|startupRole:FOLLOWER, s1|rpc:0.0.0.0:37201|dataStream:|priority:0|startupRole:FOLLOWER, s2|rpc:0.0.0.0:46449|dataStream:|priority:0|startupRole:FOLLOWER]|listeners:[], old=peers:[s0|rpc:0.0.0.0:33275|dataStream:|priority:0|startupRole:FOLLOWER, s1|rpc:0.0.0.0:37201|dataStream:|priority:0|startupRole:FOLLOWER, s2|rpc:0.0.0.0:46449|dataStream:|priority:0|startupRole:FOLLOWER]|listeners:[]
2023-08-28 07:17:39,348 [s4-server-thread1] DEBUG server.RaftServer$Division (RaftServerImpl.java:logAppendEntries(1471)) - s4@group-F06CBDDBBCE9: succeeded to handle AppendEntries. Reply: s0<-s4#113:OK-t1,SUCCESS,nextIndex=2,followerCommit=0,matchIndex=1
2023-08-28 07:17:39,349 [nioEventLoopGroup-39-2] DEBUG server.RaftServer$Division (RaftServerImpl.java:logAppendEntries(1471)) - s1@group-F06CBDDBBCE9: receive appendEntries(s0, 1, (t:1, i:1), 1, true, commits:[s0:c1, s1:c0, s2:c0, s3:c0, s4:c0], cId:114, entries: [(t:1, i:2), METADATAENTRY(c:1)]
2023-08-28 07:17:39,349 [s1-server-thread1] DEBUG server.RaftServer$Division (RaftServerImpl.java:logAppendEntries(1471)) - s1@group-F06CBDDBBCE9: succeeded to handle AppendEntries. Reply: s0<-s1#114:OK-t1,SUCCESS,nextIndex=3,followerCommit=1,matchIndex=2
2023-08-28 07:17:39,350 [nioEventLoopGroup-41-2] DEBUG server.RaftServer$Division (RaftServerImpl.java:logAppendEntries(1471)) - s2@group-F06CBDDBBCE9: receive appendEntries(s0, 1, (t:1, i:1), 1, true, commits:[s0:c1, s1:c0, s2:c0, s3:c0, s4:c0], cId:115, entries: [(t:1, i:2), METADATAENTRY(c:1)]
2023-08-28 07:17:39,351 [s2-server-thread1] DEBUG server.RaftServer$Division (RaftServerImpl.java:logAppendEntries(1471)) - s2@group-F06CBDDBBCE9: succeeded to handle AppendEntries. Reply: s0<-s2#115:OK-t1,SUCCESS,nextIndex=3,followerCommit=1,matchIndex=2
2023-08-28 07:17:39,352 [nioEventLoopGroup-47-4] DEBUG server.RaftServer$Division (RaftServerImpl.java:logAppendEntries(1471)) - s4@group-F06CBDDBBCE9: receive appendEntries(s0, 1, (t:1, i:1), 1, true, commits:[s0:c1, s1:c0, s2:c0, s3:c0, s4:c0], cId:116, entries: [(t:1, i:2), METADATAENTRY(c:1)]
2023-08-28 07:17:39,353 [s4-server-thread1] DEBUG server.RaftServer$Division (RaftServerImpl.java:logAppendEntries(1471)) - s4@group-F06CBDDBBCE9: succeeded to handle AppendEntries. Reply: s0<-s4#116:OK-t1,SUCCESS,nextIndex=3,followerCommit=1,matchIndex=2
2023-08-28 07:17:39,354 [nioEventLoopGroup-39-2] DEBUG server.RaftServer$Division (RaftServerImpl.java:logAppendEntries(1471)) - s1@group-F06CBDDBBCE9: receive appendEntries(s0, 1, (t:1, i:2), 1, true, commits:[s0:c1, s1:c1, s2:c1, s3:c0, s4:c0], cId:117, entries: [(t:1, i:3), CONFIGURATIONENTRY(current:id: "s3"
address: "0.0.0.0:33563"
clientAddress: "0.0.0.0:33563"
adminAddress: "0.0.0.0:33563"
startupRole: FOLLOWER
,id: "s4"
address: "0.0.0.0:37139"
clientAddress: "0.0.0.0:37139"
adminAddress: "0.0.0.0:37139"
startupRole: FOLLOWER
,id: "s0"
address: "0.0.0.0:33275"
clientAddress: "0.0.0.0:33275"
adminAddress: "0.0.0.0:33275"
startupRole: FOLLOWER
,id: "s1"
address: "0.0.0.0:37201"
clientAddress: "0.0.0.0:37201"
adminAddress: "0.0.0.0:37201"
startupRole: FOLLOWER
,id: "s2"
address: "0.0.0.0:46449"
clientAddress: "0.0.0.0:46449"
adminAddress: "0.0.0.0:46449"
startupRole: FOLLOWER
, old:)]
2023-08-28 07:17:39,354 [nioEventLoopGroup-39-2] INFO  server.RaftServer$Division (ServerState.java:setRaftConf(377)) - s1@group-F06CBDDBBCE9: set configuration 3: peers:[s3|rpc:0.0.0.0:33563|dataStream:|priority:0|startupRole:FOLLOWER, s4|rpc:0.0.0.0:37139|dataStream:|priority:0|startupRole:FOLLOWER, s0|rpc:0.0.0.0:33275|dataStream:|priority:0|startupRole:FOLLOWER, s1|rpc:0.0.0.0:37201|dataStream:|priority:0|startupRole:FOLLOWER, s2|rpc:0.0.0.0:46449|dataStream:|priority:0|startupRole:FOLLOWER]|listeners:[], old=null
2023-08-28 07:17:39,358 [nioEventLoopGroup-41-2] DEBUG server.RaftServer$Division (RaftServerImpl.java:logAppendEntries(1471)) - s2@group-F06CBDDBBCE9: receive appendEntries(s0, 1, (t:1, i:2), 1, true, commits:[s0:c1, s1:c1, s2:c1, s3:c0, s4:c0], cId:118, entries: [(t:1, i:3), CONFIGURATIONENTRY(current:id: "s3"
address: "0.0.0.0:33563"
clientAddress: "0.0.0.0:33563"
adminAddress: "0.0.0.0:33563"
startupRole: FOLLOWER
,id: "s4"
address: "0.0.0.0:37139"
clientAddress: "0.0.0.0:37139"
adminAddress: "0.0.0.0:37139"
startupRole: FOLLOWER
,id: "s0"
address: "0.0.0.0:33275"
clientAddress: "0.0.0.0:33275"
adminAddress: "0.0.0.0:33275"
startupRole: FOLLOWER
,id: "s1"
address: "0.0.0.0:37201"
clientAddress: "0.0.0.0:37201"
adminAddress: "0.0.0.0:37201"
startupRole: FOLLOWER
,id: "s2"
address: "0.0.0.0:46449"
clientAddress: "0.0.0.0:46449"
adminAddress: "0.0.0.0:46449"
startupRole: FOLLOWER
, old:)]
2023-08-28 07:17:39,358 [nioEventLoopGroup-47-4] DEBUG server.RaftServer$Division (RaftServerImpl.java:logAppendEntries(1471)) - s4@group-F06CBDDBBCE9: receive appendEntries(s0, 1, (t:1, i:2), 1, true, commits:[s0:c1, s1:c1, s2:c1, s3:c0, s4:c1], cId:119, entries: [(t:1, i:3), CONFIGURATIONENTRY(current:id: "s3"
address: "0.0.0.0:33563"
clientAddress: "0.0.0.0:33563"
adminAddress: "0.0.0.0:33563"
startupRole: FOLLOWER
,id: "s4"
address: "0.0.0.0:37139"
clientAddress: "0.0.0.0:37139"
adminAddress: "0.0.0.0:37139"
startupRole: FOLLOWER
,id: "s0"
address: "0.0.0.0:33275"
clientAddress: "0.0.0.0:33275"
adminAddress: "0.0.0.0:33275"
startupRole: FOLLOWER
,id: "s1"
address: "0.0.0.0:37201"
clientAddress: "0.0.0.0:37201"
adminAddress: "0.0.0.0:37201"
startupRole: FOLLOWER
,id: "s2"
address: "0.0.0.0:46449"
clientAddress: "0.0.0.0:46449"
adminAddress: "0.0.0.0:46449"
startupRole: FOLLOWER
, old:)]
2023-08-28 07:17:39,358 [nioEventLoopGroup-41-2] INFO  server.RaftServer$Division (ServerState.java:setRaftConf(377)) - s2@group-F06CBDDBBCE9: set configuration 3: peers:[s3|rpc:0.0.0.0:33563|dataStream:|priority:0|startupRole:FOLLOWER, s4|rpc:0.0.0.0:37139|dataStream:|priority:0|startupRole:FOLLOWER, s0|rpc:0.0.0.0:33275|dataStream:|priority:0|startupRole:FOLLOWER, s1|rpc:0.0.0.0:37201|dataStream:|priority:0|startupRole:FOLLOWER, s2|rpc:0.0.0.0:46449|dataStream:|priority:0|startupRole:FOLLOWER]|listeners:[], old=null
2023-08-28 07:17:39,358 [nioEventLoopGroup-47-4] INFO  server.RaftServer$Division (ServerState.java:setRaftConf(377)) - s4@group-F06CBDDBBCE9: set configuration 3: peers:[s3|rpc:0.0.0.0:33563|dataStream:|priority:0|startupRole:FOLLOWER, s4|rpc:0.0.0.0:37139|dataStream:|priority:0|startupRole:FOLLOWER, s0|rpc:0.0.0.0:33275|dataStream:|priority:0|startupRole:FOLLOWER, s1|rpc:0.0.0.0:37201|dataStream:|priority:0|startupRole:FOLLOWER, s2|rpc:0.0.0.0:46449|dataStream:|priority:0|startupRole:FOLLOWER]|listeners:[], old=null
2023-08-28 07:17:39,359 [s1-server-thread1] DEBUG server.RaftServer$Division (RaftServerImpl.java:logAppendEntries(1471)) - s1@group-F06CBDDBBCE9: succeeded to handle AppendEntries. Reply: s0<-s1#117:OK-t1,SUCCESS,nextIndex=4,followerCommit=1,matchIndex=3
2023-08-28 07:17:39,359 [s2-server-thread1] DEBUG server.RaftServer$Division (RaftServerImpl.java:logAppendEntries(1471)) - s2@group-F06CBDDBBCE9: succeeded to handle AppendEntries. Reply: s0<-s2#118:OK-t1,SUCCESS,nextIndex=4,followerCommit=1,matchIndex=3
2023-08-28 07:17:39,359 [s0@group-F06CBDDBBCE9-LeaderStateImpl] INFO  server.RaftServer$Division (ServerState.java:setRaftConf(377)) - s0@group-F06CBDDBBCE9: set configuration 3: peers:[s3|rpc:0.0.0.0:33563|dataStream:|priority:0|startupRole:FOLLOWER, s4|rpc:0.0.0.0:37139|dataStream:|priority:0|startupRole:FOLLOWER, s0|rpc:0.0.0.0:33275|dataStream:|priority:0|startupRole:FOLLOWER, s1|rpc:0.0.0.0:37201|dataStream:|priority:0|startupRole:FOLLOWER, s2|rpc:0.0.0.0:46449|dataStream:|priority:0|startupRole:FOLLOWER]|listeners:[], old=null
2023-08-28 07:17:39,360 [s3-server-thread1] DEBUG server.RaftServer$Division (RaftServerImpl.java:logAppendEntries(1471)) - s3@group-F06CBDDBBCE9: succeeded to handle AppendEntries. Reply: s0<-s3#112:OK-t1,SUCCESS,nextIndex=2,followerCommit=0,matchIndex=1
2023-08-28 07:17:39,360 [s4-server-thread1] DEBUG server.RaftServer$Division (RaftServerImpl.java:logAppendEntries(1471)) - s4@group-F06CBDDBBCE9: succeeded to handle AppendEntries. Reply: s0<-s4#119:OK-t1,SUCCESS,nextIndex=4,followerCommit=1,matchIndex=3
2023-08-28 07:17:39,361 [nioEventLoopGroup-44-4] DEBUG server.RaftServer$Division (RaftServerImpl.java:logAppendEntries(1471)) - s3@group-F06CBDDBBCE9: receive appendEntries(s0, 1, (t:1, i:1), 2, true, commits:[s0:c2, s1:c1, s2:c1, s3:c0, s4:c1], cId:120, entries: [(t:1, i:2), METADATAENTRY(c:1), (t:1, i:3), CONFIGURATIONENTRY(current:id: "s3"
address: "0.0.0.0:33563"
clientAddress: "0.0.0.0:33563"
adminAddress: "0.0.0.0:33563"
startupRole: FOLLOWER
,id: "s4"
address: "0.0.0.0:37139"
clientAddress: "0.0.0.0:37139"
adminAddress: "0.0.0.0:37139"
startupRole: FOLLOWER
,id: "s0"
address: "0.0.0.0:33275"
clientAddress: "0.0.0.0:33275"
adminAddress: "0.0.0.0:33275"
startupRole: FOLLOWER
,id: "s1"
address: "0.0.0.0:37201"
clientAddress: "0.0.0.0:37201"
adminAddress: "0.0.0.0:37201"
startupRole: FOLLOWER
,id: "s2"
address: "0.0.0.0:46449"
clientAddress: "0.0.0.0:46449"
adminAddress: "0.0.0.0:46449"
startupRole: FOLLOWER
, old:)]
2023-08-28 07:17:39,361 [nioEventLoopGroup-44-4] INFO  server.RaftServer$Division (ServerState.java:setRaftConf(377)) - s3@group-F06CBDDBBCE9: set configuration 3: peers:[s3|rpc:0.0.0.0:33563|dataStream:|priority:0|startupRole:FOLLOWER, s4|rpc:0.0.0.0:37139|dataStream:|priority:0|startupRole:FOLLOWER, s0|rpc:0.0.0.0:33275|dataStream:|priority:0|startupRole:FOLLOWER, s1|rpc:0.0.0.0:37201|dataStream:|priority:0|startupRole:FOLLOWER, s2|rpc:0.0.0.0:46449|dataStream:|priority:0|startupRole:FOLLOWER]|listeners:[], old=null
2023-08-28 07:17:39,363 [nioEventLoopGroup-41-2] DEBUG server.RaftServer$Division (RaftServerImpl.java:logAppendEntries(1471)) - s2@group-F06CBDDBBCE9: receive appendEntries(s0, 1, (t:1, i:3), 3, true, commits:[s0:c3, s1:c1, s2:c1, s3:c0, s4:c1], cId:123, entries: [(t:1, i:4), METADATAENTRY(c:3)]
2023-08-28 07:17:39,363 [s3-server-thread1] DEBUG server.RaftServer$Division (RaftServerImpl.java:logAppendEntries(1471)) - s3@group-F06CBDDBBCE9: succeeded to handle AppendEntries. Reply: s0<-s3#120:OK-t1,SUCCESS,nextIndex=4,followerCommit=2,matchIndex=3
2023-08-28 07:17:39,367 [s2-server-thread1] DEBUG server.RaftServer$Division (RaftServerImpl.java:logAppendEntries(1471)) - s2@group-F06CBDDBBCE9: succeeded to handle AppendEntries. Reply: s0<-s2#123:OK-t1,SUCCESS,nextIndex=5,followerCommit=3,matchIndex=4
2023-08-28 07:17:39,368 [nioEventLoopGroup-47-4] DEBUG server.RaftServer$Division (RaftServerImpl.java:logAppendEntries(1471)) - s4@group-F06CBDDBBCE9: receive appendEntries(s0, 1, (t:1, i:3), 3, true, commits:[s0:c3, s1:c1, s2:c1, s3:c0, s4:c1], cId:122, entries: [(t:1, i:4), METADATAENTRY(c:3)]
2023-08-28 07:17:39,370 [nioEventLoopGroup-44-4] DEBUG server.RaftServer$Division (RaftServerImpl.java:logAppendEntries(1471)) - s3@group-F06CBDDBBCE9: receive appendEntries(s0, 1, (t:1, i:3), 3, true, commits:[s0:c3, s1:c1, s2:c3, s3:c2, s4:c1], cId:124, entries: [(t:1, i:4), METADATAENTRY(c:3)]
2023-08-28 07:17:39,368 [nioEventLoopGroup-39-2] DEBUG server.RaftServer$Division (RaftServerImpl.java:logAppendEntries(1471)) - s1@group-F06CBDDBBCE9: receive appendEntries(s0, 1, (t:1, i:3), 3, true, commits:[s0:c3, s1:c1, s2:c1, s3:c0, s4:c1], cId:121, entries: [(t:1, i:4), METADATAENTRY(c:3)]
2023-08-28 07:17:39,370 [Time-limited test] INFO  server.RaftServerConfigKeys (ConfUtils.java:logGet(46)) - raft.server.rpc.timeout.max = 2000ms (custom)
2023-08-28 07:17:39,370 [Time-limited test] INFO  ratis.RaftTestUtil (RaftTestUtil.java:waitForLeader(100)) - printing ALL groups
  s3:  RUNNING [
   FOLLOWER s3@group-F06CBDDBBCE9:t1, leader=s0, voted=null, raftlog=Memoized:s3@group-F06CBDDBBCE9-SegmentedRaftLog:OPENED:c2, conf=3: peers:[s3|rpc:0.0.0.0:33563|dataStream:|priority:0|startupRole:FOLLOWER, s4|rpc:0.0.0.0:37139|dataStream:|priority:0|startupRole:FOLLOWER, s0|rpc:0.0.0.0:33275|dataStream:|priority:0|startupRole:FOLLOWER, s1|rpc:0.0.0.0:37201|dataStream:|priority:0|startupRole:FOLLOWER, s2|rpc:0.0.0.0:46449|dataStream:|priority:0|startupRole:FOLLOWER]|listeners:[], old=null RUNNING
   FOLLOWER s3@group-439A96E27B3B:t0, leader=null, voted=, raftlog=Memoized:s3@group-439A96E27B3B-SegmentedRaftLog:OPENED:c-1, conf=-1: peers:[]|listeners:[], old=null STARTING] size=2
  s4:  RUNNING [
   FOLLOWER s4@group-F06CBDDBBCE9:t1, leader=s0, voted=null, raftlog=Memoized:s4@group-F06CBDDBBCE9-SegmentedRaftLog:OPENED:c1, conf=3: peers:[s3|rpc:0.0.0.0:33563|dataStream:|priority:0|startupRole:FOLLOWER, s4|rpc:0.0.0.0:37139|dataStream:|priority:0|startupRole:FOLLOWER, s0|rpc:0.0.0.0:33275|dataStream:|priority:0|startupRole:FOLLOWER, s1|rpc:0.0.0.0:37201|dataStream:|priority:0|startupRole:FOLLOWER, s2|rpc:0.0.0.0:46449|dataStream:|priority:0|startupRole:FOLLOWER]|listeners:[], old=null RUNNING
   FOLLOWER s4@group-439A96E27B3B:t0, leader=null, voted=, raftlog=Memoized:s4@group-439A96E27B3B-SegmentedRaftLog:OPENED:c-1, conf=-1: peers:[]|listeners:[], old=null STARTING] size=2
  s0:  RUNNING [
     LEADER s0@group-F06CBDDBBCE9:t1, leader=s0, voted=s0, raftlog=Memoized:s0@group-F06CBDDBBCE9-SegmentedRaftLog:OPENED:c3, conf=3: peers:[s3|rpc:0.0.0.0:33563|dataStream:|priority:0|startupRole:FOLLOWER, s4|rpc:0.0.0.0:37139|dataStream:|priority:0|startupRole:FOLLOWER, s0|rpc:0.0.0.0:33275|dataStream:|priority:0|startupRole:FOLLOWER, s1|rpc:0.0.0.0:37201|dataStream:|priority:0|startupRole:FOLLOWER, s2|rpc:0.0.0.0:46449|dataStream:|priority:0|startupRole:FOLLOWER]|listeners:[], old=null RUNNING
   FOLLOWER s0@group-439A96E27B3B:t0, leader=null, voted=, raftlog=Memoized:s0@group-439A96E27B3B-SegmentedRaftLog:OPENED:c-1, conf=-1: peers:[]|listeners:[], old=null STARTING] size=2
  s1:  RUNNING [
   FOLLOWER s1@group-F06CBDDBBCE9:t1, leader=s0, voted=s0, raftlog=Memoized:s1@group-F06CBDDBBCE9-SegmentedRaftLog:OPENED:c1, conf=3: peers:[s3|rpc:0.0.0.0:33563|dataStream:|priority:0|startupRole:FOLLOWER, s4|rpc:0.0.0.0:37139|dataStream:|priority:0|startupRole:FOLLOWER, s0|rpc:0.0.0.0:33275|dataStream:|priority:0|startupRole:FOLLOWER, s1|rpc:0.0.0.0:37201|dataStream:|priority:0|startupRole:FOLLOWER, s2|rpc:0.0.0.0:46449|dataStream:|priority:0|startupRole:FOLLOWER]|listeners:[], old=null RUNNING
   FOLLOWER s1@group-439A96E27B3B:t0, leader=null, voted=, raftlog=Memoized:s1@group-439A96E27B3B-SegmentedRaftLog:OPENED:c-1, conf=-1: peers:[]|listeners:[], old=null STARTING] size=2
  s2:  RUNNING [
   FOLLOWER s2@group-F06CBDDBBCE9:t1, leader=s0, voted=s0, raftlog=Memoized:s2@group-F06CBDDBBCE9-SegmentedRaftLog:OPENED:c3, conf=3: peers:[s3|rpc:0.0.0.0:33563|dataStream:|priority:0|startupRole:FOLLOWER, s4|rpc:0.0.0.0:37139|dataStream:|priority:0|startupRole:FOLLOWER, s0|rpc:0.0.0.0:33275|dataStream:|priority:0|startupRole:FOLLOWER, s1|rpc:0.0.0.0:37201|dataStream:|priority:0|startupRole:FOLLOWER, s2|rpc:0.0.0.0:46449|dataStream:|priority:0|startupRole:FOLLOWER]|listeners:[], old=null RUNNING
   FOLLOWER s2@group-439A96E27B3B:t0, leader=null, voted=, raftlog=Memoized:s2@group-439A96E27B3B-SegmentedRaftLog:OPENED:c-1, conf=-1: peers:[]|listeners:[], old=null STARTING] size=2
2023-08-28 07:17:39,371 [s4-server-thread1] DEBUG server.RaftServer$Division (RaftServerImpl.java:logAppendEntries(1471)) - s4@group-F06CBDDBBCE9: succeeded to handle AppendEntries. Reply: s0<-s4#122:OK-t1,SUCCESS,nextIndex=5,followerCommit=3,matchIndex=4
2023-08-28 07:17:39,371 [Time-limited test] INFO  ratis.RaftTestUtil (RaftTestUtil.java:waitForLeader(119)) - printing ALL groups
  s3:  RUNNING [
   FOLLOWER s3@group-F06CBDDBBCE9:t1, leader=s0, voted=null, raftlog=Memoized:s3@group-F06CBDDBBCE9-SegmentedRaftLog:OPENED:c2, conf=3: peers:[s3|rpc:0.0.0.0:33563|dataStream:|priority:0|startupRole:FOLLOWER, s4|rpc:0.0.0.0:37139|dataStream:|priority:0|startupRole:FOLLOWER, s0|rpc:0.0.0.0:33275|dataStream:|priority:0|startupRole:FOLLOWER, s1|rpc:0.0.0.0:37201|dataStream:|priority:0|startupRole:FOLLOWER, s2|rpc:0.0.0.0:46449|dataStream:|priority:0|startupRole:FOLLOWER]|listeners:[], old=null RUNNING
   FOLLOWER s3@group-439A96E27B3B:t0, leader=null, voted=, raftlog=Memoized:s3@group-439A96E27B3B-SegmentedRaftLog:OPENED:c-1, conf=-1: peers:[]|listeners:[], old=null STARTING] size=2
  s4:  RUNNING [
   FOLLOWER s4@group-F06CBDDBBCE9:t1, leader=s0, voted=null, raftlog=Memoized:s4@group-F06CBDDBBCE9-SegmentedRaftLog:OPENED:c3, conf=3: peers:[s3|rpc:0.0.0.0:33563|dataStream:|priority:0|startupRole:FOLLOWER, s4|rpc:0.0.0.0:37139|dataStream:|priority:0|startupRole:FOLLOWER, s0|rpc:0.0.0.0:33275|dataStream:|priority:0|startupRole:FOLLOWER, s1|rpc:0.0.0.0:37201|dataStream:|priority:0|startupRole:FOLLOWER, s2|rpc:0.0.0.0:46449|dataStream:|priority:0|startupRole:FOLLOWER]|listeners:[], old=null RUNNING
   FOLLOWER s4@group-439A96E27B3B:t0, leader=null, voted=, raftlog=Memoized:s4@group-439A96E27B3B-SegmentedRaftLog:OPENED:c-1, conf=-1: peers:[]|listeners:[], old=null STARTING] size=2
  s0:  RUNNING [
     LEADER s0@group-F06CBDDBBCE9:t1, leader=s0, voted=s0, raftlog=Memoized:s0@group-F06CBDDBBCE9-SegmentedRaftLog:OPENED:c3, conf=3: peers:[s3|rpc:0.0.0.0:33563|dataStream:|priority:0|startupRole:FOLLOWER, s4|rpc:0.0.0.0:37139|dataStream:|priority:0|startupRole:FOLLOWER, s0|rpc:0.0.0.0:33275|dataStream:|priority:0|startupRole:FOLLOWER, s1|rpc:0.0.0.0:37201|dataStream:|priority:0|startupRole:FOLLOWER, s2|rpc:0.0.0.0:46449|dataStream:|priority:0|startupRole:FOLLOWER]|listeners:[], old=null RUNNING
   FOLLOWER s0@group-439A96E27B3B:t0, leader=null, voted=, raftlog=Memoized:s0@group-439A96E27B3B-SegmentedRaftLog:OPENED:c-1, conf=-1: peers:[]|listeners:[], old=null STARTING] size=2
  s1:  RUNNING [
   FOLLOWER s1@group-F06CBDDBBCE9:t1, leader=s0, voted=s0, raftlog=Memoized:s1@group-F06CBDDBBCE9-SegmentedRaftLog:OPENED:c1, conf=3: peers:[s3|rpc:0.0.0.0:33563|dataStream:|priority:0|startupRole:FOLLOWER, s4|rpc:0.0.0.0:37139|dataStream:|priority:0|startupRole:FOLLOWER, s0|rpc:0.0.0.0:33275|dataStream:|priority:0|startupRole:FOLLOWER, s1|rpc:0.0.0.0:37201|dataStream:|priority:0|startupRole:FOLLOWER, s2|rpc:0.0.0.0:46449|dataStream:|priority:0|startupRole:FOLLOWER]|listeners:[], old=null RUNNING
   FOLLOWER s1@group-439A96E27B3B:t0, leader=null, voted=, raftlog=Memoized:s1@group-439A96E27B3B-SegmentedRaftLog:OPENED:c-1, conf=-1: peers:[]|listeners:[], old=null STARTING] size=2
  s2:  RUNNING [
   FOLLOWER s2@group-F06CBDDBBCE9:t1, leader=s0, voted=s0, raftlog=Memoized:s2@group-F06CBDDBBCE9-SegmentedRaftLog:OPENED:c3, conf=3: peers:[s3|rpc:0.0.0.0:33563|dataStream:|priority:0|startupRole:FOLLOWER, s4|rpc:0.0.0.0:37139|dataStream:|priority:0|startupRole:FOLLOWER, s0|rpc:0.0.0.0:33275|dataStream:|priority:0|startupRole:FOLLOWER, s1|rpc:0.0.0.0:37201|dataStream:|priority:0|startupRole:FOLLOWER, s2|rpc:0.0.0.0:46449|dataStream:|priority:0|startupRole:FOLLOWER]|listeners:[], old=null RUNNING
   FOLLOWER s2@group-439A96E27B3B:t0, leader=null, voted=, raftlog=Memoized:s2@group-439A96E27B3B-SegmentedRaftLog:OPENED:c-1, conf=-1: peers:[]|listeners:[], old=null STARTING] size=2
2023-08-28 07:17:39,371 [Time-limited test] INFO  impl.GroupManagementBaseTest (GroupManagementBaseTest.java:runMultiGroupTest(337)) - update groups: printing ALL groups
  s3:  RUNNING [
   FOLLOWER s3@group-F06CBDDBBCE9:t1, leader=s0, voted=null, raftlog=Memoized:s3@group-F06CBDDBBCE9-SegmentedRaftLog:OPENED:c2, conf=3: peers:[s3|rpc:0.0.0.0:33563|dataStream:|priority:0|startupRole:FOLLOWER, s4|rpc:0.0.0.0:37139|dataStream:|priority:0|startupRole:FOLLOWER, s0|rpc:0.0.0.0:33275|dataStream:|priority:0|startupRole:FOLLOWER, s1|rpc:0.0.0.0:37201|dataStream:|priority:0|startupRole:FOLLOWER, s2|rpc:0.0.0.0:46449|dataStream:|priority:0|startupRole:FOLLOWER]|listeners:[], old=null RUNNING
   FOLLOWER s3@group-439A96E27B3B:t0, leader=null, voted=, raftlog=Memoized:s3@group-439A96E27B3B-SegmentedRaftLog:OPENED:c-1, conf=-1: peers:[]|listeners:[], old=null STARTING] size=2
  s4:  RUNNING [
   FOLLOWER s4@group-F06CBDDBBCE9:t1, leader=s0, voted=null, raftlog=Memoized:s4@group-F06CBDDBBCE9-SegmentedRaftLog:OPENED:c3, conf=3: peers:[s3|rpc:0.0.0.0:33563|dataStream:|priority:0|startupRole:FOLLOWER, s4|rpc:0.0.0.0:37139|dataStream:|priority:0|startupRole:FOLLOWER, s0|rpc:0.0.0.0:33275|dataStream:|priority:0|startupRole:FOLLOWER, s1|rpc:0.0.0.0:37201|dataStream:|priority:0|startupRole:FOLLOWER, s2|rpc:0.0.0.0:46449|dataStream:|priority:0|startupRole:FOLLOWER]|listeners:[], old=null RUNNING
   FOLLOWER s4@group-439A96E27B3B:t0, leader=null, voted=, raftlog=Memoized:s4@group-439A96E27B3B-SegmentedRaftLog:OPENED:c-1, conf=-1: peers:[]|listeners:[], old=null STARTING] size=2
  s0:  RUNNING [
     LEADER s0@group-F06CBDDBBCE9:t1, leader=s0, voted=s0, raftlog=Memoized:s0@group-F06CBDDBBCE9-SegmentedRaftLog:OPENED:c3, conf=3: peers:[s3|rpc:0.0.0.0:33563|dataStream:|priority:0|startupRole:FOLLOWER, s4|rpc:0.0.0.0:37139|dataStream:|priority:0|startupRole:FOLLOWER, s0|rpc:0.0.0.0:33275|dataStream:|priority:0|startupRole:FOLLOWER, s1|rpc:0.0.0.0:37201|dataStream:|priority:0|startupRole:FOLLOWER, s2|rpc:0.0.0.0:46449|dataStream:|priority:0|startupRole:FOLLOWER]|listeners:[], old=null RUNNING
   FOLLOWER s0@group-439A96E27B3B:t0, leader=null, voted=, raftlog=Memoized:s0@group-439A96E27B3B-SegmentedRaftLog:OPENED:c-1, conf=-1: peers:[]|listeners:[], old=null STARTING] size=2
  s1:  RUNNING [
   FOLLOWER s1@group-F06CBDDBBCE9:t1, leader=s0, voted=s0, raftlog=Memoized:s1@group-F06CBDDBBCE9-SegmentedRaftLog:OPENED:c1, conf=3: peers:[s3|rpc:0.0.0.0:33563|dataStream:|priority:0|startupRole:FOLLOWER, s4|rpc:0.0.0.0:37139|dataStream:|priority:0|startupRole:FOLLOWER, s0|rpc:0.0.0.0:33275|dataStream:|priority:0|startupRole:FOLLOWER, s1|rpc:0.0.0.0:37201|dataStream:|priority:0|startupRole:FOLLOWER, s2|rpc:0.0.0.0:46449|dataStream:|priority:0|startupRole:FOLLOWER]|listeners:[], old=null RUNNING
   FOLLOWER s1@group-439A96E27B3B:t0, leader=null, voted=, raftlog=Memoized:s1@group-439A96E27B3B-SegmentedRaftLog:OPENED:c-1, conf=-1: peers:[]|listeners:[], old=null STARTING] size=2
  s2:  RUNNING [
   FOLLOWER s2@group-F06CBDDBBCE9:t1, leader=s0, voted=s0, raftlog=Memoized:s2@group-F06CBDDBBCE9-SegmentedRaftLog:OPENED:c3, conf=3: peers:[s3|rpc:0.0.0.0:33563|dataStream:|priority:0|startupRole:FOLLOWER, s4|rpc:0.0.0.0:37139|dataStream:|priority:0|startupRole:FOLLOWER, s0|rpc:0.0.0.0:33275|dataStream:|priority:0|startupRole:FOLLOWER, s1|rpc:0.0.0.0:37201|dataStream:|priority:0|startupRole:FOLLOWER, s2|rpc:0.0.0.0:46449|dataStream:|priority:0|startupRole:FOLLOWER]|listeners:[], old=null RUNNING
   FOLLOWER s2@group-439A96E27B3B:t0, leader=null, voted=, raftlog=Memoized:s2@group-439A96E27B3B-SegmentedRaftLog:OPENED:c-1, conf=-1: peers:[]|listeners:[], old=null STARTING] size=2
| MiniRaftClusterWithNetty[3, 4, 5]chosen=0 | update groups | 102 |
2023-08-28 07:17:39,371 [Time-limited test] INFO  impl.MiniRaftCluster (MiniRaftCluster.java:shutdown(831)) - ************************************************************** 
2023-08-28 07:17:39,371 [Time-limited test] INFO  impl.MiniRaftCluster (MiniRaftCluster.java:shutdown(832)) - *** 
2023-08-28 07:17:39,371 [Time-limited test] INFO  impl.MiniRaftCluster (MiniRaftCluster.java:shutdown(833)) - ***     Stopping MiniRaftClusterWithNetty
2023-08-28 07:17:39,371 [Time-limited test] INFO  impl.MiniRaftCluster (MiniRaftCluster.java:shutdown(834)) - *** 
2023-08-28 07:17:39,371 [Time-limited test] INFO  impl.MiniRaftCluster (MiniRaftCluster.java:shutdown(835)) - ************************************************************** 
2023-08-28 07:17:39,371 [Time-limited test] INFO  impl.MiniRaftCluster (MiniRaftCluster.java:shutdown(836)) - printing ALL groups
  s3:  RUNNING [
   FOLLOWER s3@group-F06CBDDBBCE9:t1, leader=s0, voted=null, raftlog=Memoized:s3@group-F06CBDDBBCE9-SegmentedRaftLog:OPENED:c2, conf=3: peers:[s3|rpc:0.0.0.0:33563|dataStream:|priority:0|startupRole:FOLLOWER, s4|rpc:0.0.0.0:37139|dataStream:|priority:0|startupRole:FOLLOWER, s0|rpc:0.0.0.0:33275|dataStream:|priority:0|startupRole:FOLLOWER, s1|rpc:0.0.0.0:37201|dataStream:|priority:0|startupRole:FOLLOWER, s2|rpc:0.0.0.0:46449|dataStream:|priority:0|startupRole:FOLLOWER]|listeners:[], old=null RUNNING
   FOLLOWER s3@group-439A96E27B3B:t0, leader=null, voted=, raftlog=Memoized:s3@group-439A96E27B3B-SegmentedRaftLog:OPENED:c-1, conf=-1: peers:[]|listeners:[], old=null STARTING] size=2
  s4:  RUNNING [
   FOLLOWER s4@group-F06CBDDBBCE9:t1, leader=s0, voted=null, raftlog=Memoized:s4@group-F06CBDDBBCE9-SegmentedRaftLog:OPENED:c3, conf=3: peers:[s3|rpc:0.0.0.0:33563|dataStream:|priority:0|startupRole:FOLLOWER, s4|rpc:0.0.0.0:37139|dataStream:|priority:0|startupRole:FOLLOWER, s0|rpc:0.0.0.0:33275|dataStream:|priority:0|startupRole:FOLLOWER, s1|rpc:0.0.0.0:37201|dataStream:|priority:0|startupRole:FOLLOWER, s2|rpc:0.0.0.0:46449|dataStream:|priority:0|startupRole:FOLLOWER]|listeners:[], old=null RUNNING
   FOLLOWER s4@group-439A96E27B3B:t0, leader=null, voted=, raftlog=Memoized:s4@group-439A96E27B3B-SegmentedRaftLog:OPENED:c-1, conf=-1: peers:[]|listeners:[], old=null STARTING] size=2
  s0:  RUNNING [
     LEADER s0@group-F06CBDDBBCE9:t1, leader=s0, voted=s0, raftlog=Memoized:s0@group-F06CBDDBBCE9-SegmentedRaftLog:OPENED:c3, conf=3: peers:[s3|rpc:0.0.0.0:33563|dataStream:|priority:0|startupRole:FOLLOWER, s4|rpc:0.0.0.0:37139|dataStream:|priority:0|startupRole:FOLLOWER, s0|rpc:0.0.0.0:33275|dataStream:|priority:0|startupRole:FOLLOWER, s1|rpc:0.0.0.0:37201|dataStream:|priority:0|startupRole:FOLLOWER, s2|rpc:0.0.0.0:46449|dataStream:|priority:0|startupRole:FOLLOWER]|listeners:[], old=null RUNNING
   FOLLOWER s0@group-439A96E27B3B:t0, leader=null, voted=, raftlog=Memoized:s0@group-439A96E27B3B-SegmentedRaftLog:OPENED:c-1, conf=-1: peers:[]|listeners:[], old=null STARTING] size=2
  s1:  RUNNING [
   FOLLOWER s1@group-F06CBDDBBCE9:t1, leader=s0, voted=s0, raftlog=Memoized:s1@group-F06CBDDBBCE9-SegmentedRaftLog:OPENED:c1, conf=3: peers:[s3|rpc:0.0.0.0:33563|dataStream:|priority:0|startupRole:FOLLOWER, s4|rpc:0.0.0.0:37139|dataStream:|priority:0|startupRole:FOLLOWER, s0|rpc:0.0.0.0:33275|dataStream:|priority:0|startupRole:FOLLOWER, s1|rpc:0.0.0.0:37201|dataStream:|priority:0|startupRole:FOLLOWER, s2|rpc:0.0.0.0:46449|dataStream:|priority:0|startupRole:FOLLOWER]|listeners:[], old=null RUNNING
   FOLLOWER s1@group-439A96E27B3B:t0, leader=null, voted=, raftlog=Memoized:s1@group-439A96E27B3B-SegmentedRaftLog:OPENED:c-1, conf=-1: peers:[]|listeners:[], old=null STARTING] size=2
  s2:  RUNNING [
   FOLLOWER s2@group-F06CBDDBBCE9:t1, leader=s0, voted=s0, raftlog=Memoized:s2@group-F06CBDDBBCE9-SegmentedRaftLog:OPENED:c3, conf=3: peers:[s3|rpc:0.0.0.0:33563|dataStream:|priority:0|startupRole:FOLLOWER, s4|rpc:0.0.0.0:37139|dataStream:|priority:0|startupRole:FOLLOWER, s0|rpc:0.0.0.0:33275|dataStream:|priority:0|startupRole:FOLLOWER, s1|rpc:0.0.0.0:37201|dataStream:|priority:0|startupRole:FOLLOWER, s2|rpc:0.0.0.0:46449|dataStream:|priority:0|startupRole:FOLLOWER]|listeners:[], old=null RUNNING
   FOLLOWER s2@group-439A96E27B3B:t0, leader=null, voted=, raftlog=Memoized:s2@group-439A96E27B3B-SegmentedRaftLog:OPENED:c-1, conf=-1: peers:[]|listeners:[], old=null STARTING] size=2
2023-08-28 07:17:39,371 [s1-server-thread1] DEBUG server.RaftServer$Division (RaftServerImpl.java:logAppendEntries(1471)) - s1@group-F06CBDDBBCE9: succeeded to handle AppendEntries. Reply: s0<-s1#121:OK-t1,SUCCESS,nextIndex=5,followerCommit=3,matchIndex=4
2023-08-28 07:17:39,372 [s3-server-thread1] DEBUG server.RaftServer$Division (RaftServerImpl.java:logAppendEntries(1471)) - s3@group-F06CBDDBBCE9: succeeded to handle AppendEntries. Reply: s0<-s3#124:OK-t1,SUCCESS,nextIndex=5,followerCommit=3,matchIndex=4
2023-08-28 07:17:39,372 [MiniRaftCluster-8] INFO  server.RaftServer (RaftServerProxy.java:lambda$close$7(420)) - s3: close
2023-08-28 07:17:39,372 [s3-impl-thread1] INFO  server.RaftServer$Division (RaftServerImpl.java:lambda$close$3(508)) - s3@group-F06CBDDBBCE9: shutdown
2023-08-28 07:17:39,372 [s3-impl-thread1] INFO  util.JmxRegister (JmxRegister.java:unregister(73)) - Successfully un-registered JMX Bean with object name Ratis:service=RaftServer,group=group-F06CBDDBBCE9,id=s3
2023-08-28 07:17:39,372 [s3-impl-thread1] INFO  impl.RoleInfo (RoleInfo.java:shutdownFollowerState(109)) - s3: shutdown s3@group-F06CBDDBBCE9-FollowerState
2023-08-28 07:17:39,372 [s3-impl-thread1] INFO  impl.StateMachineUpdater (StateMachineUpdater.java:stopAndJoin(157)) - s3@group-F06CBDDBBCE9-StateMachineUpdater: set stopIndex = 3
2023-08-28 07:17:39,372 [s3@group-F06CBDDBBCE9-FollowerState] INFO  impl.FollowerState (FollowerState.java:run(152)) - s3@group-F06CBDDBBCE9-FollowerState was interrupted
2023-08-28 07:17:39,373 [MiniRaftCluster-9] INFO  server.RaftServer (RaftServerProxy.java:lambda$close$7(420)) - s4: close
2023-08-28 07:17:39,373 [s4-impl-thread1] INFO  server.RaftServer$Division (RaftServerImpl.java:lambda$close$3(508)) - s4@group-F06CBDDBBCE9: shutdown
2023-08-28 07:17:39,373 [s4-impl-thread1] INFO  util.JmxRegister (JmxRegister.java:unregister(73)) - Successfully un-registered JMX Bean with object name Ratis:service=RaftServer,group=group-F06CBDDBBCE9,id=s4
2023-08-28 07:17:39,373 [s4-impl-thread1] INFO  impl.RoleInfo (RoleInfo.java:shutdownFollowerState(109)) - s4: shutdown s4@group-F06CBDDBBCE9-FollowerState
2023-08-28 07:17:39,373 [s4-impl-thread1] INFO  impl.StateMachineUpdater (StateMachineUpdater.java:stopAndJoin(157)) - s4@group-F06CBDDBBCE9-StateMachineUpdater: set stopIndex = 3
2023-08-28 07:17:39,373 [s4@group-F06CBDDBBCE9-FollowerState] INFO  impl.FollowerState (FollowerState.java:run(152)) - s4@group-F06CBDDBBCE9-FollowerState was interrupted
2023-08-28 07:17:39,373 [s3-impl-thread1] INFO  server.RaftServer$Division (ServerState.java:close(415)) - s3@group-F06CBDDBBCE9: applyIndex: 3
2023-08-28 07:17:39,373 [s4-impl-thread1] INFO  server.RaftServer$Division (ServerState.java:close(415)) - s4@group-F06CBDDBBCE9: applyIndex: 3
2023-08-28 07:17:39,374 [MiniRaftCluster-10] INFO  server.RaftServer (RaftServerProxy.java:lambda$close$7(420)) - s0: close
2023-08-28 07:17:39,374 [MiniRaftCluster-11] INFO  server.RaftServer (RaftServerProxy.java:lambda$close$7(420)) - s1: close
2023-08-28 07:17:39,374 [s1-impl-thread1] INFO  server.RaftServer$Division (RaftServerImpl.java:lambda$close$3(508)) - s1@group-F06CBDDBBCE9: shutdown
2023-08-28 07:17:39,374 [s1-impl-thread1] INFO  util.JmxRegister (JmxRegister.java:unregister(73)) - Successfully un-registered JMX Bean with object name Ratis:service=RaftServer,group=group-F06CBDDBBCE9,id=s1
2023-08-28 07:17:39,374 [s1-impl-thread1] INFO  impl.RoleInfo (RoleInfo.java:shutdownFollowerState(109)) - s1: shutdown s1@group-F06CBDDBBCE9-FollowerState
2023-08-28 07:17:39,375 [s1-impl-thread1] INFO  impl.StateMachineUpdater (StateMachineUpdater.java:stopAndJoin(157)) - s1@group-F06CBDDBBCE9-StateMachineUpdater: set stopIndex = 3
2023-08-28 07:17:39,375 [s1@group-F06CBDDBBCE9-FollowerState] INFO  impl.FollowerState (FollowerState.java:run(152)) - s1@group-F06CBDDBBCE9-FollowerState was interrupted
2023-08-28 07:17:39,375 [s1-impl-thread1] INFO  server.RaftServer$Division (ServerState.java:close(415)) - s1@group-F06CBDDBBCE9: applyIndex: 3
2023-08-28 07:17:39,375 [MiniRaftCluster-12] INFO  server.RaftServer (RaftServerProxy.java:lambda$close$7(420)) - s2: close
2023-08-28 07:17:39,375 [s0-impl-thread1] INFO  server.RaftServer$Division (RaftServerImpl.java:lambda$close$3(508)) - s0@group-F06CBDDBBCE9: shutdown
2023-08-28 07:17:39,375 [s0-impl-thread1] INFO  util.JmxRegister (JmxRegister.java:unregister(73)) - Successfully un-registered JMX Bean with object name Ratis:service=RaftServer,group=group-F06CBDDBBCE9,id=s0
2023-08-28 07:17:39,375 [s0-impl-thread1] INFO  impl.RoleInfo (RoleInfo.java:shutdownLeaderState(92)) - s0: shutdown s0@group-F06CBDDBBCE9-LeaderStateImpl
2023-08-28 07:17:39,375 [nioEventLoopGroup-43-1] INFO  logging.LoggingHandler (AbstractInternalLogger.java:log(148)) - [id: 0x9dc91465, L:/0.0.0.0:33563] CLOSE
2023-08-28 07:17:39,375 [s2-impl-thread1] INFO  server.RaftServer$Division (RaftServerImpl.java:lambda$close$3(508)) - s2@group-F06CBDDBBCE9: shutdown
2023-08-28 07:17:39,375 [s2-impl-thread1] INFO  util.JmxRegister (JmxRegister.java:unregister(73)) - Successfully un-registered JMX Bean with object name Ratis:service=RaftServer,group=group-F06CBDDBBCE9,id=s2
2023-08-28 07:17:39,375 [nioEventLoopGroup-43-1] INFO  logging.LoggingHandler (AbstractInternalLogger.java:log(148)) - [id: 0x9dc91465, L:/0.0.0.0:33563] INACTIVE
2023-08-28 07:17:39,375 [s2-impl-thread1] INFO  impl.RoleInfo (RoleInfo.java:shutdownFollowerState(109)) - s2: shutdown s2@group-F06CBDDBBCE9-FollowerState
2023-08-28 07:17:39,375 [nioEventLoopGroup-43-1] INFO  logging.LoggingHandler (AbstractInternalLogger.java:log(148)) - [id: 0x9dc91465, L:/0.0.0.0:33563] UNREGISTERED
2023-08-28 07:17:39,375 [s2-impl-thread1] INFO  impl.StateMachineUpdater (StateMachineUpdater.java:stopAndJoin(157)) - s2@group-F06CBDDBBCE9-StateMachineUpdater: set stopIndex = 3
2023-08-28 07:17:39,375 [s0@group-F06CBDDBBCE9->s2-LogAppenderDefault-LogAppenderDaemon] INFO  leader.LogAppenderDaemon (LogAppenderDaemon.java:run(83)) - s0@group-F06CBDDBBCE9->s2-LogAppenderDefault-LogAppenderDaemon was interrupted: java.lang.InterruptedException
2023-08-28 07:17:39,376 [s0@group-F06CBDDBBCE9->s1-LogAppenderDefault-LogAppenderDaemon] INFO  server.RaftServer$Division (LeaderStateImpl.java:submit(155)) - s0@group-F06CBDDBBCE9-EventQueue: Interrupted when submitting UPDATE_COMMIT 
2023-08-28 07:17:39,376 [s0@group-F06CBDDBBCE9->s4-LogAppenderDefault-LogAppenderDaemon] INFO  server.RaftServer$Division (LeaderStateImpl.java:submit(155)) - s0@group-F06CBDDBBCE9-EventQueue: Interrupted when submitting UPDATE_COMMIT 
2023-08-28 07:17:39,375 [s0-impl-thread1] INFO  impl.PendingRequests (PendingRequests.java:sendNotLeaderResponses(289)) - s0@group-F06CBDDBBCE9-PendingRequests: sendNotLeaderResponses
2023-08-28 07:17:39,376 [s0@group-F06CBDDBBCE9->s3-LogAppenderDefault-LogAppenderDaemon] INFO  server.RaftServer$Division (LeaderStateImpl.java:submit(155)) - s0@group-F06CBDDBBCE9-EventQueue: Interrupted when submitting UPDATE_COMMIT 
2023-08-28 07:17:39,377 [s2-impl-thread1] INFO  server.RaftServer$Division (ServerState.java:close(415)) - s2@group-F06CBDDBBCE9: applyIndex: 3
2023-08-28 07:17:39,378 [s3-impl-thread2] INFO  server.RaftServer$Division (RaftServerImpl.java:lambda$close$3(508)) - s3@group-439A96E27B3B: shutdown
2023-08-28 07:17:39,378 [s3-impl-thread2] INFO  util.JmxRegister (JmxRegister.java:unregister(73)) - Successfully un-registered JMX Bean with object name Ratis:service=RaftServer,group=group-439A96E27B3B,id=s3
2023-08-28 07:17:39,378 [s3-impl-thread2] INFO  impl.StateMachineUpdater (StateMachineUpdater.java:stopAndJoin(157)) - s3@group-439A96E27B3B-StateMachineUpdater: set stopIndex = -1
2023-08-28 07:17:39,378 [s3-impl-thread2] INFO  server.RaftServer$Division (ServerState.java:close(415)) - s3@group-439A96E27B3B: applyIndex: -1
2023-08-28 07:17:39,378 [s2@group-F06CBDDBBCE9-FollowerState] INFO  impl.FollowerState (FollowerState.java:run(152)) - s2@group-F06CBDDBBCE9-FollowerState was interrupted
2023-08-28 07:17:39,379 [nioEventLoopGroup-40-1] INFO  logging.LoggingHandler (AbstractInternalLogger.java:log(148)) - [id: 0x64c611f9, L:/0.0.0.0:46449] CLOSE
2023-08-28 07:17:39,380 [nioEventLoopGroup-40-1] INFO  logging.LoggingHandler (AbstractInternalLogger.java:log(148)) - [id: 0x64c611f9, L:/0.0.0.0:46449] INACTIVE
2023-08-28 07:17:39,380 [nioEventLoopGroup-40-1] INFO  logging.LoggingHandler (AbstractInternalLogger.java:log(148)) - [id: 0x64c611f9, L:/0.0.0.0:46449] UNREGISTERED
2023-08-28 07:17:39,380 [s2-impl-thread2] INFO  server.RaftServer$Division (RaftServerImpl.java:lambda$close$3(508)) - s2@group-439A96E27B3B: shutdown
2023-08-28 07:17:39,380 [s2-impl-thread2] INFO  util.JmxRegister (JmxRegister.java:unregister(73)) - Successfully un-registered JMX Bean with object name Ratis:service=RaftServer,group=group-439A96E27B3B,id=s2
2023-08-28 07:17:39,380 [s2-impl-thread2] INFO  impl.StateMachineUpdater (StateMachineUpdater.java:stopAndJoin(157)) - s2@group-439A96E27B3B-StateMachineUpdater: set stopIndex = -1
2023-08-28 07:17:39,380 [nioEventLoopGroup-38-1] INFO  logging.LoggingHandler (AbstractInternalLogger.java:log(148)) - [id: 0xb90f80b7, L:/0.0.0.0:37201] CLOSE
2023-08-28 07:17:39,380 [nioEventLoopGroup-38-1] INFO  logging.LoggingHandler (AbstractInternalLogger.java:log(148)) - [id: 0xb90f80b7, L:/0.0.0.0:37201] INACTIVE
2023-08-28 07:17:39,380 [nioEventLoopGroup-38-1] INFO  logging.LoggingHandler (AbstractInternalLogger.java:log(148)) - [id: 0xb90f80b7, L:/0.0.0.0:37201] UNREGISTERED
2023-08-28 07:17:39,380 [nioEventLoopGroup-35-1] INFO  logging.LoggingHandler (AbstractInternalLogger.java:log(148)) - [id: 0x45169e80, L:/0.0.0.0:33275] CLOSE
2023-08-28 07:17:39,380 [s0-impl-thread2] INFO  server.RaftServer$Division (RaftServerImpl.java:lambda$close$3(508)) - s0@group-439A96E27B3B: shutdown
2023-08-28 07:17:39,380 [nioEventLoopGroup-35-1] INFO  logging.LoggingHandler (AbstractInternalLogger.java:log(148)) - [id: 0x45169e80, L:/0.0.0.0:33275] INACTIVE
2023-08-28 07:17:39,381 [s0-impl-thread2] INFO  util.JmxRegister (JmxRegister.java:unregister(73)) - Successfully un-registered JMX Bean with object name Ratis:service=RaftServer,group=group-439A96E27B3B,id=s0
2023-08-28 07:17:39,381 [nioEventLoopGroup-35-1] INFO  logging.LoggingHandler (AbstractInternalLogger.java:log(148)) - [id: 0x45169e80, L:/0.0.0.0:33275] UNREGISTERED
2023-08-28 07:17:39,381 [s0-impl-thread2] INFO  impl.StateMachineUpdater (StateMachineUpdater.java:stopAndJoin(157)) - s0@group-439A96E27B3B-StateMachineUpdater: set stopIndex = -1
2023-08-28 07:17:39,381 [s0-impl-thread2] INFO  server.RaftServer$Division (ServerState.java:close(415)) - s0@group-439A96E27B3B: applyIndex: -1
2023-08-28 07:17:39,381 [s2-impl-thread2] INFO  server.RaftServer$Division (ServerState.java:close(415)) - s2@group-439A96E27B3B: applyIndex: -1
2023-08-28 07:17:39,381 [s1-impl-thread2] INFO  server.RaftServer$Division (RaftServerImpl.java:lambda$close$3(508)) - s1@group-439A96E27B3B: shutdown
2023-08-28 07:17:39,381 [s1-impl-thread2] INFO  util.JmxRegister (JmxRegister.java:unregister(73)) - Successfully un-registered JMX Bean with object name Ratis:service=RaftServer,group=group-439A96E27B3B,id=s1
2023-08-28 07:17:39,381 [s1-impl-thread2] INFO  impl.StateMachineUpdater (StateMachineUpdater.java:stopAndJoin(157)) - s1@group-439A96E27B3B-StateMachineUpdater: set stopIndex = -1
2023-08-28 07:17:39,381 [s1-impl-thread2] INFO  server.RaftServer$Division (ServerState.java:close(415)) - s1@group-439A96E27B3B: applyIndex: -1
2023-08-28 07:17:39,382 [nioEventLoopGroup-46-1] INFO  logging.LoggingHandler (AbstractInternalLogger.java:log(148)) - [id: 0x48617d01, L:/0.0.0.0:37139] CLOSE
2023-08-28 07:17:39,383 [nioEventLoopGroup-46-1] INFO  logging.LoggingHandler (AbstractInternalLogger.java:log(148)) - [id: 0x48617d01, L:/0.0.0.0:37139] INACTIVE
2023-08-28 07:17:39,383 [nioEventLoopGroup-46-1] INFO  logging.LoggingHandler (AbstractInternalLogger.java:log(148)) - [id: 0x48617d01, L:/0.0.0.0:37139] UNREGISTERED
2023-08-28 07:17:39,383 [s4-impl-thread2] INFO  server.RaftServer$Division (RaftServerImpl.java:lambda$close$3(508)) - s4@group-439A96E27B3B: shutdown
2023-08-28 07:17:39,383 [s4-impl-thread2] INFO  util.JmxRegister (JmxRegister.java:unregister(73)) - Successfully un-registered JMX Bean with object name Ratis:service=RaftServer,group=group-439A96E27B3B,id=s4
2023-08-28 07:17:39,383 [s4-impl-thread2] INFO  impl.StateMachineUpdater (StateMachineUpdater.java:stopAndJoin(157)) - s4@group-439A96E27B3B-StateMachineUpdater: set stopIndex = -1
2023-08-28 07:17:39,383 [s4-impl-thread2] INFO  server.RaftServer$Division (ServerState.java:close(415)) - s4@group-439A96E27B3B: applyIndex: -1
2023-08-28 07:17:39,386 [s0-impl-thread1] INFO  impl.StateMachineUpdater (StateMachineUpdater.java:stopAndJoin(157)) - s0@group-F06CBDDBBCE9-StateMachineUpdater: set stopIndex = 3
2023-08-28 07:17:39,387 [s0-impl-thread1] INFO  server.RaftServer$Division (ServerState.java:close(415)) - s0@group-F06CBDDBBCE9: applyIndex: 3
2023-08-28 07:17:39,387 [s4-impl-thread2] INFO  segmented.SegmentedRaftLogWorker (SegmentedRaftLogWorker.java:close(242)) - s4@group-439A96E27B3B-SegmentedRaftLogWorker close()
2023-08-28 07:17:39,401 [s0-impl-thread2] INFO  segmented.SegmentedRaftLogWorker (SegmentedRaftLogWorker.java:close(242)) - s0@group-439A96E27B3B-SegmentedRaftLogWorker close()
2023-08-28 07:17:39,413 [s1-impl-thread2] INFO  segmented.SegmentedRaftLogWorker (SegmentedRaftLogWorker.java:close(242)) - s1@group-439A96E27B3B-SegmentedRaftLogWorker close()
2023-08-28 07:17:39,423 [s2-impl-thread2] INFO  segmented.SegmentedRaftLogWorker (SegmentedRaftLogWorker.java:close(242)) - s2@group-439A96E27B3B-SegmentedRaftLogWorker close()
2023-08-28 07:17:40,368 [s0-impl-thread1] INFO  segmented.SegmentedRaftLogWorker (SegmentedRaftLogWorker.java:close(242)) - s0@group-F06CBDDBBCE9-SegmentedRaftLogWorker close()
2023-08-28 07:17:40,368 [s2-impl-thread1] INFO  segmented.SegmentedRaftLogWorker (SegmentedRaftLogWorker.java:close(242)) - s2@group-F06CBDDBBCE9-SegmentedRaftLogWorker close()
2023-08-28 07:17:40,368 [JvmPauseMonitor12] INFO  util.JvmPauseMonitor (JvmPauseMonitor.java:run(152)) - JvmPauseMonitor-s0: Stopped
2023-08-28 07:17:40,369 [JvmPauseMonitor14] INFO  util.JvmPauseMonitor (JvmPauseMonitor.java:run(152)) - JvmPauseMonitor-s2: Stopped
2023-08-28 07:17:40,371 [s1-impl-thread1] INFO  segmented.SegmentedRaftLogWorker (SegmentedRaftLogWorker.java:close(242)) - s1@group-F06CBDDBBCE9-SegmentedRaftLogWorker close()
2023-08-28 07:17:40,371 [s4-impl-thread1] INFO  segmented.SegmentedRaftLogWorker (SegmentedRaftLogWorker.java:close(242)) - s4@group-F06CBDDBBCE9-SegmentedRaftLogWorker close()
2023-08-28 07:17:40,373 [s3-impl-thread1] INFO  segmented.SegmentedRaftLogWorker (SegmentedRaftLogWorker.java:close(242)) - s3@group-F06CBDDBBCE9-SegmentedRaftLogWorker close()
2023-08-28 07:17:40,373 [JvmPauseMonitor11] INFO  util.JvmPauseMonitor (JvmPauseMonitor.java:run(152)) - JvmPauseMonitor-s4: Stopped
2023-08-28 07:17:40,373 [JvmPauseMonitor13] INFO  util.JvmPauseMonitor (JvmPauseMonitor.java:run(152)) - JvmPauseMonitor-s1: Stopped
2023-08-28 07:17:40,378 [s3-impl-thread2] INFO  segmented.SegmentedRaftLogWorker (SegmentedRaftLogWorker.java:close(242)) - s3@group-439A96E27B3B-SegmentedRaftLogWorker close()
2023-08-28 07:17:40,379 [JvmPauseMonitor10] INFO  util.JvmPauseMonitor (JvmPauseMonitor.java:run(152)) - JvmPauseMonitor-s3: Stopped
2023-08-28 07:17:40,379 [Time-limited test] INFO  impl.MiniRaftCluster (MiniRaftCluster.java:shutdown(855)) - MiniRaftClusterWithNetty shutdown completed
| MiniRaftClusterWithNetty[3, 4, 5]chosen=0 | shutdown | 50 |
]]></system-out>
  </testcase>
  <testcase name="testMultiGroup7Nodes" classname="org.apache.ratis.netty.TestGroupManagementWithNetty" time="1.117">
    <error message="s1: Failed to start NettyRpcService" type="java.io.IOException"><![CDATA[java.io.IOException: s1: Failed to start NettyRpcService
	at org.apache.ratis.netty.server.NettyRpcService.startImpl(NettyRpcService.java:149)
	at org.apache.ratis.util.LifeCycle.startAndTransition(LifeCycle.java:270)
	at org.apache.ratis.server.RaftServerRpcWithProxy.start(RaftServerRpcWithProxy.java:72)
	at org.apache.ratis.server.impl.RaftServerProxy.startImpl(RaftServerProxy.java:405)
	at org.apache.ratis.util.LifeCycle.startAndTransition(LifeCycle.java:270)
	at org.apache.ratis.server.impl.RaftServerProxy.start(RaftServerProxy.java:398)
	at org.apache.ratis.server.impl.MiniRaftCluster.startServers(MiniRaftCluster.java:499)
	at org.apache.ratis.server.impl.MiniRaftCluster.start(MiniRaftCluster.java:346)
	at org.apache.ratis.server.impl.GroupManagementBaseTest.runMultiGroupTest(GroupManagementBaseTest.java:263)
	at org.apache.ratis.server.impl.GroupManagementBaseTest.runMultiGroupTest(GroupManagementBaseTest.java:237)
	at org.apache.ratis.server.impl.GroupManagementBaseTest.testMultiGroup7Nodes(GroupManagementBaseTest.java:226)
	at java.base/jdk.internal.reflect.NativeMethodAccessorImpl.invoke0(Native Method)
	at java.base/jdk.internal.reflect.NativeMethodAccessorImpl.invoke(NativeMethodAccessorImpl.java:62)
	at java.base/jdk.internal.reflect.DelegatingMethodAccessorImpl.invoke(DelegatingMethodAccessorImpl.java:43)
	at java.base/java.lang.reflect.Method.invoke(Method.java:566)
	at org.junit.runners.model.FrameworkMethod$1.runReflectiveCall(FrameworkMethod.java:59)
	at org.junit.internal.runners.model.ReflectiveCallable.run(ReflectiveCallable.java:12)
	at org.junit.runners.model.FrameworkMethod.invokeExplosively(FrameworkMethod.java:56)
	at org.junit.internal.runners.statements.InvokeMethod.evaluate(InvokeMethod.java:17)
	at org.junit.internal.runners.statements.RunAfters.evaluate(RunAfters.java:27)
	at org.junit.internal.runners.statements.FailOnTimeout$CallableStatement.call(FailOnTimeout.java:299)
	at org.junit.internal.runners.statements.FailOnTimeout$CallableStatement.call(FailOnTimeout.java:293)
	at java.base/java.util.concurrent.FutureTask.run(FutureTask.java:264)
	at java.base/java.lang.Thread.run(Thread.java:829)
Caused by: java.net.BindException: Address already in use
	at java.base/sun.nio.ch.Net.bind0(Native Method)
	at java.base/sun.nio.ch.Net.bind(Net.java:459)
	at java.base/sun.nio.ch.Net.bind(Net.java:448)
	at java.base/sun.nio.ch.ServerSocketChannelImpl.bind(ServerSocketChannelImpl.java:227)
	at org.apache.ratis.thirdparty.io.netty.channel.socket.nio.NioServerSocketChannel.doBind(NioServerSocketChannel.java:141)
	at org.apache.ratis.thirdparty.io.netty.channel.AbstractChannel$AbstractUnsafe.bind(AbstractChannel.java:562)
	at org.apache.ratis.thirdparty.io.netty.channel.DefaultChannelPipeline$HeadContext.bind(DefaultChannelPipeline.java:1334)
	at org.apache.ratis.thirdparty.io.netty.channel.AbstractChannelHandlerContext.invokeBind(AbstractChannelHandlerContext.java:600)
	at org.apache.ratis.thirdparty.io.netty.channel.AbstractChannelHandlerContext.bind(AbstractChannelHandlerContext.java:579)
	at org.apache.ratis.thirdparty.io.netty.handler.logging.LoggingHandler.bind(LoggingHandler.java:230)
	at org.apache.ratis.thirdparty.io.netty.channel.AbstractChannelHandlerContext.invokeBind(AbstractChannelHandlerContext.java:602)
	at org.apache.ratis.thirdparty.io.netty.channel.AbstractChannelHandlerContext.bind(AbstractChannelHandlerContext.java:579)
	at org.apache.ratis.thirdparty.io.netty.channel.DefaultChannelPipeline.bind(DefaultChannelPipeline.java:973)
	at org.apache.ratis.thirdparty.io.netty.channel.AbstractChannel.bind(AbstractChannel.java:260)
	at org.apache.ratis.thirdparty.io.netty.bootstrap.AbstractBootstrap$2.run(AbstractBootstrap.java:356)
	at org.apache.ratis.thirdparty.io.netty.util.concurrent.AbstractEventExecutor.runTask(AbstractEventExecutor.java:174)
	at org.apache.ratis.thirdparty.io.netty.util.concurrent.AbstractEventExecutor.safeExecute(AbstractEventExecutor.java:167)
	at org.apache.ratis.thirdparty.io.netty.util.concurrent.SingleThreadEventExecutor.runAllTasks(SingleThreadEventExecutor.java:470)
	at org.apache.ratis.thirdparty.io.netty.channel.nio.NioEventLoop.run(NioEventLoop.java:569)
	at org.apache.ratis.thirdparty.io.netty.util.concurrent.SingleThreadEventExecutor$4.run(SingleThreadEventExecutor.java:997)
	at org.apache.ratis.thirdparty.io.netty.util.internal.ThreadExecutorMap$2.run(ThreadExecutorMap.java:74)
	at org.apache.ratis.thirdparty.io.netty.util.concurrent.FastThreadLocalRunnable.run(FastThreadLocalRunnable.java:30)
	... 1 more
]]></error>
    <system-out><![CDATA[2023-08-28 07:17:40,379 [main] INFO  util.LogUtils (Slf4jUtils.java:setLogLevel(38)) - Successfully set org.apache.ratis.conf.ConfUtils log level to WARN
2023-08-28 07:17:40,379 [main] INFO  util.LogUtils (Slf4jUtils.java:setLogLevel(38)) - Successfully set org.apache.ratis.util.FileUtils log level to TRACE
2023-08-28 07:17:40,379 [main] INFO  util.LogUtils (Slf4jUtils.java:setLogLevel(38)) - Successfully set org.apache.ratis.server.RaftServer log level to DEBUG
2023-08-28 07:17:40,379 [main] INFO  util.LogUtils (Slf4jUtils.java:setLogLevel(38)) - Successfully set org.apache.ratis.server.RaftServer$Division log level to DEBUG
2023-08-28 07:17:40,379 [main] INFO  util.LogUtils (Slf4jUtils.java:setLogLevel(38)) - Successfully set org.apache.ratis.client.RaftClient log level to DEBUG
| null | init | 50 |
2023-08-28 07:17:40,380 [Time-limited test] INFO  impl.MiniRaftCluster (MiniRaftCluster.java:<init>(306)) - new MiniRaftClusterWithNetty with group-A716BADAF915:[]
2023-08-28 07:17:40,380 [Time-limited test] INFO  impl.GroupManagementBaseTest (GroupManagementBaseTest.java:runMultiGroupTest(251)) - 

runMultiGroupTest with MiniRaftClusterWithNetty[1, 6, 7]chosen=1: printing ALL groups
2023-08-28 07:17:40,380 [Time-limited test] INFO  impl.GroupManagementBaseTest (GroupManagementBaseTest.java:runMultiGroupTest(258)) - ids: [s0, s1, s2, s3, s4, s5, s6]
2023-08-28 07:17:40,380 [Time-limited test] INFO  impl.MiniRaftCluster (MiniRaftCluster.java:newRaftServer(382)) - newRaftServer: s0, group-A716BADAF915:[], format? true
2023-08-28 07:17:40,380 [Time-limited test] TRACE util.FileUtils (FileUtils.java:deleteFully(201)) - deleteFully target/test/data/c5bbf9cd/MiniRaftClusterWithNetty3343a23d/s0
2023-08-28 07:17:40,380 [Time-limited test] TRACE util.FileUtils (FileUtils.java:deleteFully(217)) - deleteFully: target/test/data/c5bbf9cd/MiniRaftClusterWithNetty3343a23d/s0 does not exist.
2023-08-28 07:17:40,380 [Time-limited test] INFO  impl.MiniRaftCluster (MiniRaftCluster.java:newRaftServer(387)) - Formatted directory target/test/data/c5bbf9cd/MiniRaftClusterWithNetty3343a23d/s0
2023-08-28 07:17:40,381 [Time-limited test] DEBUG server.RaftServer (ServerImplUtils.java:newRaftServer(51)) - newRaftServer: s0, group-A716BADAF915:[]
2023-08-28 07:17:40,381 [Time-limited test] INFO  server.RaftServer (ConfUtils.java:logGet(46)) - raft.rpc.type = NETTY (custom)
2023-08-28 07:17:40,381 [Time-limited test] INFO  netty.NettyConfigKeys$Server (ConfUtils.java:logGet(46)) - raft.netty.server.host = null (default)
2023-08-28 07:17:40,381 [Time-limited test] INFO  netty.NettyConfigKeys$Server (ConfUtils.java:logGet(46)) - raft.netty.server.port = 44707 (custom)
2023-08-28 07:17:40,381 [Time-limited test] INFO  impl.DataStreamServerImpl (ConfUtils.java:logGet(46)) - raft.datastream.type = DISABLED (default)
2023-08-28 07:17:40,382 [Time-limited test] INFO  server.RaftServerConfigKeys (ConfUtils.java:logGet(46)) - raft.server.threadpool.proxy.cached = true (default)
2023-08-28 07:17:40,382 [Time-limited test] INFO  server.RaftServerConfigKeys (ConfUtils.java:logGet(46)) - raft.server.threadpool.proxy.size = 0 (default)
2023-08-28 07:17:40,382 [Time-limited test] INFO  server.RaftServerConfigKeys (ConfUtils.java:logGet(46)) - raft.server.sleep.deviation.threshold = 300ms (default)
2023-08-28 07:17:40,382 [Time-limited test] INFO  server.RaftServerConfigKeys (ConfUtils.java:logGet(46)) - raft.server.rpc.slowness.timeout = 60s (default)
2023-08-28 07:17:40,382 [Time-limited test] INFO  server.RaftServerConfigKeys (ConfUtils.java:logGet(46)) - raft.server.leaderelection.leader.step-down.wait-time = 10s (default)
2023-08-28 07:17:40,382 [Time-limited test] INFO  server.RaftServerConfigKeys (ConfUtils.java:logGet(46)) - raft.server.storage.dir = [/home/runner/work/ratis/ratis/ratis-test/target/test/data/c5bbf9cd/MiniRaftClusterWithNetty3343a23d/s0] (custom)
2023-08-28 07:17:40,382 [Time-limited test] INFO  server.RaftServer (RaftServerProxy.java:addNew(99)) - s0: addNew group-A716BADAF915:[] returns group-A716BADAF915:java.util.concurrent.CompletableFuture@1ccb9649[Not completed]
2023-08-28 07:17:40,382 [Time-limited test] INFO  impl.MiniRaftCluster (MiniRaftCluster.java:newRaftServer(382)) - newRaftServer: s1, group-A716BADAF915:[], format? true
2023-08-28 07:17:40,382 [Time-limited test] TRACE util.FileUtils (FileUtils.java:deleteFully(201)) - deleteFully target/test/data/c5bbf9cd/MiniRaftClusterWithNetty3343a23d/s1
2023-08-28 07:17:40,383 [Time-limited test] TRACE util.FileUtils (FileUtils.java:deleteFully(217)) - deleteFully: target/test/data/c5bbf9cd/MiniRaftClusterWithNetty3343a23d/s1 does not exist.
2023-08-28 07:17:40,383 [Time-limited test] INFO  impl.MiniRaftCluster (MiniRaftCluster.java:newRaftServer(387)) - Formatted directory target/test/data/c5bbf9cd/MiniRaftClusterWithNetty3343a23d/s1
2023-08-28 07:17:40,383 [Time-limited test] DEBUG server.RaftServer (ServerImplUtils.java:newRaftServer(51)) - newRaftServer: s1, group-A716BADAF915:[]
2023-08-28 07:17:40,383 [Time-limited test] INFO  server.RaftServer (ConfUtils.java:logGet(46)) - raft.rpc.type = NETTY (custom)
2023-08-28 07:17:40,383 [Time-limited test] INFO  netty.NettyConfigKeys$Server (ConfUtils.java:logGet(46)) - raft.netty.server.host = null (default)
2023-08-28 07:17:40,383 [Time-limited test] INFO  netty.NettyConfigKeys$Server (ConfUtils.java:logGet(46)) - raft.netty.server.port = 44325 (custom)
2023-08-28 07:17:40,383 [Time-limited test] INFO  impl.DataStreamServerImpl (ConfUtils.java:logGet(46)) - raft.datastream.type = DISABLED (default)
2023-08-28 07:17:40,383 [Time-limited test] INFO  server.RaftServerConfigKeys (ConfUtils.java:logGet(46)) - raft.server.threadpool.proxy.cached = true (default)
2023-08-28 07:17:40,383 [Time-limited test] INFO  server.RaftServerConfigKeys (ConfUtils.java:logGet(46)) - raft.server.threadpool.proxy.size = 0 (default)
2023-08-28 07:17:40,383 [Time-limited test] INFO  server.RaftServerConfigKeys (ConfUtils.java:logGet(46)) - raft.server.sleep.deviation.threshold = 300ms (default)
2023-08-28 07:17:40,383 [Time-limited test] INFO  server.RaftServerConfigKeys (ConfUtils.java:logGet(46)) - raft.server.rpc.slowness.timeout = 60s (default)
2023-08-28 07:17:40,383 [Time-limited test] INFO  server.RaftServerConfigKeys (ConfUtils.java:logGet(46)) - raft.server.leaderelection.leader.step-down.wait-time = 10s (default)
2023-08-28 07:17:40,383 [Time-limited test] INFO  server.RaftServerConfigKeys (ConfUtils.java:logGet(46)) - raft.server.storage.dir = [/home/runner/work/ratis/ratis/ratis-test/target/test/data/c5bbf9cd/MiniRaftClusterWithNetty3343a23d/s1] (custom)
2023-08-28 07:17:40,384 [s0-groupManagement] INFO  server.RaftServer$Division (RaftServerImpl.java:<init>(250)) - s0: new RaftServerImpl for group-A716BADAF915:[] with BaseStateMachine:uninitialized
2023-08-28 07:17:40,384 [s0-groupManagement] INFO  server.RaftServerConfigKeys (ConfUtils.java:logGet(46)) - raft.server.rpc.timeout.min = 1500ms (custom)
2023-08-28 07:17:40,384 [s0-groupManagement] INFO  server.RaftServerConfigKeys (ConfUtils.java:logGet(46)) - raft.server.rpc.timeout.max = 2000ms (custom)
2023-08-28 07:17:40,384 [s0-groupManagement] INFO  server.RaftServerConfigKeys (ConfUtils.java:logGet(46)) - raft.server.rpc.sleep.time = 25ms (default)
2023-08-28 07:17:40,384 [s0-groupManagement] INFO  server.RaftServerConfigKeys (ConfUtils.java:logGet(46)) - raft.server.rpc.slowness.timeout = 60s (default)
2023-08-28 07:17:40,384 [s0-groupManagement] INFO  server.RaftServerConfigKeys (ConfUtils.java:logGet(46)) - raft.server.leaderelection.leader.step-down.wait-time = 10s (default)
2023-08-28 07:17:40,384 [s0-groupManagement] INFO  server.RaftServerConfigKeys (ConfUtils.java:logGet(46)) - raft.server.sleep.deviation.threshold = 300ms (default)
2023-08-28 07:17:40,384 [s0-groupManagement] INFO  server.RaftServer$Division (ServerState.java:<init>(113)) - s0@group-A716BADAF915: ConfigurationManager, init=-1: peers:[]|listeners:[], old=null, confs=<EMPTY_MAP>
2023-08-28 07:17:40,384 [s0-groupManagement] INFO  server.RaftServerConfigKeys (ConfUtils.java:logGet(46)) - raft.server.notification.no-leader.timeout = 60s (default)
2023-08-28 07:17:40,384 [s0-groupManagement] INFO  server.RaftServerConfigKeys (ConfUtils.java:logGet(46)) - raft.server.read.timeout = 10s (default)
2023-08-28 07:17:40,384 [s0-groupManagement] INFO  server.RaftServerConfigKeys (ConfUtils.java:logGet(46)) - raft.server.retrycache.expirytime = 60s (default)
2023-08-28 07:17:40,384 [s0-groupManagement] INFO  server.RaftServerConfigKeys (ConfUtils.java:logGet(46)) - raft.server.retrycache.statistics.expirytime = 100μs (default)
2023-08-28 07:17:40,384 [s0-groupManagement] INFO  server.RaftServerConfigKeys (ConfUtils.java:logGet(46)) - raft.server.read.option = DEFAULT (default)
2023-08-28 07:17:40,385 [s0-groupManagement] INFO  server.RaftServerConfigKeys (ConfUtils.java:logGet(46)) - raft.server.rpc.request.timeout = 3000ms (default)
2023-08-28 07:17:40,385 [s0-groupManagement] INFO  server.RaftServerConfigKeys (ConfUtils.java:logGet(46)) - raft.server.log.appender.install.snapshot.enabled = true (default)
2023-08-28 07:17:40,385 [s0-groupManagement] INFO  server.RaftServerConfigKeys (ConfUtils.java:logGet(46)) - raft.server.threadpool.server.cached = true (default)
2023-08-28 07:17:40,385 [s0-groupManagement] INFO  server.RaftServerConfigKeys (ConfUtils.java:logGet(46)) - raft.server.threadpool.server.size = 0 (default)
2023-08-28 07:17:40,385 [s0-groupManagement] INFO  server.RaftServerConfigKeys (ConfUtils.java:logGet(46)) - raft.server.threadpool.client.cached = true (default)
2023-08-28 07:17:40,385 [s0-groupManagement] INFO  server.RaftServerConfigKeys (ConfUtils.java:logGet(46)) - raft.server.threadpool.client.size = 0 (default)
2023-08-28 07:17:40,391 [Time-limited test] INFO  server.RaftServer (RaftServerProxy.java:addNew(99)) - s1: addNew group-A716BADAF915:[] returns group-A716BADAF915:java.util.concurrent.CompletableFuture@31552ac8[Not completed]
2023-08-28 07:17:40,391 [Time-limited test] INFO  impl.MiniRaftCluster (MiniRaftCluster.java:newRaftServer(382)) - newRaftServer: s2, group-A716BADAF915:[], format? true
2023-08-28 07:17:40,391 [Time-limited test] TRACE util.FileUtils (FileUtils.java:deleteFully(201)) - deleteFully target/test/data/c5bbf9cd/MiniRaftClusterWithNetty3343a23d/s2
2023-08-28 07:17:40,391 [Time-limited test] TRACE util.FileUtils (FileUtils.java:deleteFully(217)) - deleteFully: target/test/data/c5bbf9cd/MiniRaftClusterWithNetty3343a23d/s2 does not exist.
2023-08-28 07:17:40,391 [Time-limited test] INFO  impl.MiniRaftCluster (MiniRaftCluster.java:newRaftServer(387)) - Formatted directory target/test/data/c5bbf9cd/MiniRaftClusterWithNetty3343a23d/s2
2023-08-28 07:17:40,391 [Time-limited test] DEBUG server.RaftServer (ServerImplUtils.java:newRaftServer(51)) - newRaftServer: s2, group-A716BADAF915:[]
2023-08-28 07:17:40,391 [Time-limited test] INFO  server.RaftServer (ConfUtils.java:logGet(46)) - raft.rpc.type = NETTY (custom)
2023-08-28 07:17:40,391 [Time-limited test] INFO  netty.NettyConfigKeys$Server (ConfUtils.java:logGet(46)) - raft.netty.server.host = null (default)
2023-08-28 07:17:40,391 [Time-limited test] INFO  netty.NettyConfigKeys$Server (ConfUtils.java:logGet(46)) - raft.netty.server.port = 42475 (custom)
2023-08-28 07:17:40,392 [Time-limited test] INFO  impl.DataStreamServerImpl (ConfUtils.java:logGet(46)) - raft.datastream.type = DISABLED (default)
2023-08-28 07:17:40,392 [Time-limited test] INFO  server.RaftServerConfigKeys (ConfUtils.java:logGet(46)) - raft.server.threadpool.proxy.cached = true (default)
2023-08-28 07:17:40,392 [Time-limited test] INFO  server.RaftServerConfigKeys (ConfUtils.java:logGet(46)) - raft.server.threadpool.proxy.size = 0 (default)
2023-08-28 07:17:40,392 [Time-limited test] INFO  server.RaftServerConfigKeys (ConfUtils.java:logGet(46)) - raft.server.sleep.deviation.threshold = 300ms (default)
2023-08-28 07:17:40,392 [Time-limited test] INFO  server.RaftServerConfigKeys (ConfUtils.java:logGet(46)) - raft.server.rpc.slowness.timeout = 60s (default)
2023-08-28 07:17:40,392 [Time-limited test] INFO  server.RaftServerConfigKeys (ConfUtils.java:logGet(46)) - raft.server.leaderelection.leader.step-down.wait-time = 10s (default)
2023-08-28 07:17:40,392 [Time-limited test] INFO  server.RaftServerConfigKeys (ConfUtils.java:logGet(46)) - raft.server.storage.dir = [/home/runner/work/ratis/ratis/ratis-test/target/test/data/c5bbf9cd/MiniRaftClusterWithNetty3343a23d/s2] (custom)
2023-08-28 07:17:40,393 [s1-groupManagement] INFO  server.RaftServer$Division (RaftServerImpl.java:<init>(250)) - s1: new RaftServerImpl for group-A716BADAF915:[] with BaseStateMachine:uninitialized
2023-08-28 07:17:40,393 [s1-groupManagement] INFO  server.RaftServerConfigKeys (ConfUtils.java:logGet(46)) - raft.server.rpc.timeout.min = 1500ms (custom)
2023-08-28 07:17:40,393 [s1-groupManagement] INFO  server.RaftServerConfigKeys (ConfUtils.java:logGet(46)) - raft.server.rpc.timeout.max = 2000ms (custom)
2023-08-28 07:17:40,393 [s1-groupManagement] INFO  server.RaftServerConfigKeys (ConfUtils.java:logGet(46)) - raft.server.rpc.sleep.time = 25ms (default)
2023-08-28 07:17:40,393 [s1-groupManagement] INFO  server.RaftServerConfigKeys (ConfUtils.java:logGet(46)) - raft.server.rpc.slowness.timeout = 60s (default)
2023-08-28 07:17:40,393 [s1-groupManagement] INFO  server.RaftServerConfigKeys (ConfUtils.java:logGet(46)) - raft.server.leaderelection.leader.step-down.wait-time = 10s (default)
2023-08-28 07:17:40,393 [s1-groupManagement] INFO  server.RaftServerConfigKeys (ConfUtils.java:logGet(46)) - raft.server.sleep.deviation.threshold = 300ms (default)
2023-08-28 07:17:40,393 [s1-groupManagement] INFO  server.RaftServer$Division (ServerState.java:<init>(113)) - s1@group-A716BADAF915: ConfigurationManager, init=-1: peers:[]|listeners:[], old=null, confs=<EMPTY_MAP>
2023-08-28 07:17:40,393 [s1-groupManagement] INFO  server.RaftServerConfigKeys (ConfUtils.java:logGet(46)) - raft.server.notification.no-leader.timeout = 60s (default)
2023-08-28 07:17:40,393 [s1-groupManagement] INFO  server.RaftServerConfigKeys (ConfUtils.java:logGet(46)) - raft.server.read.timeout = 10s (default)
2023-08-28 07:17:40,393 [s1-groupManagement] INFO  server.RaftServerConfigKeys (ConfUtils.java:logGet(46)) - raft.server.retrycache.expirytime = 60s (default)
2023-08-28 07:17:40,393 [s1-groupManagement] INFO  server.RaftServerConfigKeys (ConfUtils.java:logGet(46)) - raft.server.retrycache.statistics.expirytime = 100μs (default)
2023-08-28 07:17:40,393 [s1-groupManagement] INFO  server.RaftServerConfigKeys (ConfUtils.java:logGet(46)) - raft.server.read.option = DEFAULT (default)
2023-08-28 07:17:40,395 [s1-groupManagement] INFO  server.RaftServerConfigKeys (ConfUtils.java:logGet(46)) - raft.server.rpc.request.timeout = 3000ms (default)
2023-08-28 07:17:40,395 [s1-groupManagement] INFO  server.RaftServerConfigKeys (ConfUtils.java:logGet(46)) - raft.server.log.appender.install.snapshot.enabled = true (default)
2023-08-28 07:17:40,395 [s1-groupManagement] INFO  server.RaftServerConfigKeys (ConfUtils.java:logGet(46)) - raft.server.threadpool.server.cached = true (default)
2023-08-28 07:17:40,395 [s1-groupManagement] INFO  server.RaftServerConfigKeys (ConfUtils.java:logGet(46)) - raft.server.threadpool.server.size = 0 (default)
2023-08-28 07:17:40,395 [s1-groupManagement] INFO  server.RaftServerConfigKeys (ConfUtils.java:logGet(46)) - raft.server.threadpool.client.cached = true (default)
2023-08-28 07:17:40,395 [s1-groupManagement] INFO  server.RaftServerConfigKeys (ConfUtils.java:logGet(46)) - raft.server.threadpool.client.size = 0 (default)
2023-08-28 07:17:40,398 [Time-limited test] INFO  server.RaftServer (RaftServerProxy.java:addNew(99)) - s2: addNew group-A716BADAF915:[] returns group-A716BADAF915:java.util.concurrent.CompletableFuture@3291e094[Not completed]
2023-08-28 07:17:40,398 [Time-limited test] INFO  impl.MiniRaftCluster (MiniRaftCluster.java:newRaftServer(382)) - newRaftServer: s3, group-A716BADAF915:[], format? true
2023-08-28 07:17:40,398 [Time-limited test] TRACE util.FileUtils (FileUtils.java:deleteFully(201)) - deleteFully target/test/data/c5bbf9cd/MiniRaftClusterWithNetty3343a23d/s3
2023-08-28 07:17:40,398 [Time-limited test] TRACE util.FileUtils (FileUtils.java:deleteFully(217)) - deleteFully: target/test/data/c5bbf9cd/MiniRaftClusterWithNetty3343a23d/s3 does not exist.
2023-08-28 07:17:40,398 [Time-limited test] INFO  impl.MiniRaftCluster (MiniRaftCluster.java:newRaftServer(387)) - Formatted directory target/test/data/c5bbf9cd/MiniRaftClusterWithNetty3343a23d/s3
2023-08-28 07:17:40,398 [Time-limited test] DEBUG server.RaftServer (ServerImplUtils.java:newRaftServer(51)) - newRaftServer: s3, group-A716BADAF915:[]
2023-08-28 07:17:40,398 [Time-limited test] INFO  server.RaftServer (ConfUtils.java:logGet(46)) - raft.rpc.type = NETTY (custom)
2023-08-28 07:17:40,399 [Time-limited test] INFO  netty.NettyConfigKeys$Server (ConfUtils.java:logGet(46)) - raft.netty.server.host = null (default)
2023-08-28 07:17:40,399 [Time-limited test] INFO  netty.NettyConfigKeys$Server (ConfUtils.java:logGet(46)) - raft.netty.server.port = 40051 (custom)
2023-08-28 07:17:40,399 [Time-limited test] INFO  impl.DataStreamServerImpl (ConfUtils.java:logGet(46)) - raft.datastream.type = DISABLED (default)
2023-08-28 07:17:40,399 [Time-limited test] INFO  server.RaftServerConfigKeys (ConfUtils.java:logGet(46)) - raft.server.threadpool.proxy.cached = true (default)
2023-08-28 07:17:40,399 [Time-limited test] INFO  server.RaftServerConfigKeys (ConfUtils.java:logGet(46)) - raft.server.threadpool.proxy.size = 0 (default)
2023-08-28 07:17:40,399 [Time-limited test] INFO  server.RaftServerConfigKeys (ConfUtils.java:logGet(46)) - raft.server.sleep.deviation.threshold = 300ms (default)
2023-08-28 07:17:40,399 [Time-limited test] INFO  server.RaftServerConfigKeys (ConfUtils.java:logGet(46)) - raft.server.rpc.slowness.timeout = 60s (default)
2023-08-28 07:17:40,399 [Time-limited test] INFO  server.RaftServerConfigKeys (ConfUtils.java:logGet(46)) - raft.server.leaderelection.leader.step-down.wait-time = 10s (default)
2023-08-28 07:17:40,399 [Time-limited test] INFO  server.RaftServerConfigKeys (ConfUtils.java:logGet(46)) - raft.server.storage.dir = [/home/runner/work/ratis/ratis/ratis-test/target/test/data/c5bbf9cd/MiniRaftClusterWithNetty3343a23d/s3] (custom)
2023-08-28 07:17:40,401 [s2-groupManagement] INFO  server.RaftServer$Division (RaftServerImpl.java:<init>(250)) - s2: new RaftServerImpl for group-A716BADAF915:[] with BaseStateMachine:uninitialized
2023-08-28 07:17:40,401 [s2-groupManagement] INFO  server.RaftServerConfigKeys (ConfUtils.java:logGet(46)) - raft.server.rpc.timeout.min = 1500ms (custom)
2023-08-28 07:17:40,401 [s2-groupManagement] INFO  server.RaftServerConfigKeys (ConfUtils.java:logGet(46)) - raft.server.rpc.timeout.max = 2000ms (custom)
2023-08-28 07:17:40,401 [s2-groupManagement] INFO  server.RaftServerConfigKeys (ConfUtils.java:logGet(46)) - raft.server.rpc.sleep.time = 25ms (default)
2023-08-28 07:17:40,401 [s2-groupManagement] INFO  server.RaftServerConfigKeys (ConfUtils.java:logGet(46)) - raft.server.rpc.slowness.timeout = 60s (default)
2023-08-28 07:17:40,401 [s2-groupManagement] INFO  server.RaftServerConfigKeys (ConfUtils.java:logGet(46)) - raft.server.leaderelection.leader.step-down.wait-time = 10s (default)
2023-08-28 07:17:40,401 [s2-groupManagement] INFO  server.RaftServerConfigKeys (ConfUtils.java:logGet(46)) - raft.server.sleep.deviation.threshold = 300ms (default)
2023-08-28 07:17:40,401 [s2-groupManagement] INFO  server.RaftServer$Division (ServerState.java:<init>(113)) - s2@group-A716BADAF915: ConfigurationManager, init=-1: peers:[]|listeners:[], old=null, confs=<EMPTY_MAP>
2023-08-28 07:17:40,402 [s2-groupManagement] INFO  server.RaftServerConfigKeys (ConfUtils.java:logGet(46)) - raft.server.notification.no-leader.timeout = 60s (default)
2023-08-28 07:17:40,402 [s2-groupManagement] INFO  server.RaftServerConfigKeys (ConfUtils.java:logGet(46)) - raft.server.read.timeout = 10s (default)
2023-08-28 07:17:40,402 [s2-groupManagement] INFO  server.RaftServerConfigKeys (ConfUtils.java:logGet(46)) - raft.server.retrycache.expirytime = 60s (default)
2023-08-28 07:17:40,402 [s2-groupManagement] INFO  server.RaftServerConfigKeys (ConfUtils.java:logGet(46)) - raft.server.retrycache.statistics.expirytime = 100μs (default)
2023-08-28 07:17:40,403 [s2-groupManagement] INFO  server.RaftServerConfigKeys (ConfUtils.java:logGet(46)) - raft.server.read.option = DEFAULT (default)
2023-08-28 07:17:40,404 [s2-groupManagement] INFO  server.RaftServerConfigKeys (ConfUtils.java:logGet(46)) - raft.server.rpc.request.timeout = 3000ms (default)
2023-08-28 07:17:40,404 [s2-groupManagement] INFO  server.RaftServerConfigKeys (ConfUtils.java:logGet(46)) - raft.server.log.appender.install.snapshot.enabled = true (default)
2023-08-28 07:17:40,404 [s2-groupManagement] INFO  server.RaftServerConfigKeys (ConfUtils.java:logGet(46)) - raft.server.threadpool.server.cached = true (default)
2023-08-28 07:17:40,404 [s2-groupManagement] INFO  server.RaftServerConfigKeys (ConfUtils.java:logGet(46)) - raft.server.threadpool.server.size = 0 (default)
2023-08-28 07:17:40,404 [s2-groupManagement] INFO  server.RaftServerConfigKeys (ConfUtils.java:logGet(46)) - raft.server.threadpool.client.cached = true (default)
2023-08-28 07:17:40,404 [s2-groupManagement] INFO  server.RaftServerConfigKeys (ConfUtils.java:logGet(46)) - raft.server.threadpool.client.size = 0 (default)
2023-08-28 07:17:40,404 [Time-limited test] INFO  server.RaftServer (RaftServerProxy.java:addNew(99)) - s3: addNew group-A716BADAF915:[] returns group-A716BADAF915:java.util.concurrent.CompletableFuture@36dfe5ff[Not completed]
2023-08-28 07:17:40,404 [Time-limited test] INFO  impl.MiniRaftCluster (MiniRaftCluster.java:newRaftServer(382)) - newRaftServer: s4, group-A716BADAF915:[], format? true
2023-08-28 07:17:40,404 [Time-limited test] TRACE util.FileUtils (FileUtils.java:deleteFully(201)) - deleteFully target/test/data/c5bbf9cd/MiniRaftClusterWithNetty3343a23d/s4
2023-08-28 07:17:40,404 [Time-limited test] TRACE util.FileUtils (FileUtils.java:deleteFully(217)) - deleteFully: target/test/data/c5bbf9cd/MiniRaftClusterWithNetty3343a23d/s4 does not exist.
2023-08-28 07:17:40,404 [Time-limited test] INFO  impl.MiniRaftCluster (MiniRaftCluster.java:newRaftServer(387)) - Formatted directory target/test/data/c5bbf9cd/MiniRaftClusterWithNetty3343a23d/s4
2023-08-28 07:17:40,404 [Time-limited test] DEBUG server.RaftServer (ServerImplUtils.java:newRaftServer(51)) - newRaftServer: s4, group-A716BADAF915:[]
2023-08-28 07:17:40,404 [Time-limited test] INFO  server.RaftServer (ConfUtils.java:logGet(46)) - raft.rpc.type = NETTY (custom)
2023-08-28 07:17:40,404 [Time-limited test] INFO  netty.NettyConfigKeys$Server (ConfUtils.java:logGet(46)) - raft.netty.server.host = null (default)
2023-08-28 07:17:40,405 [Time-limited test] INFO  netty.NettyConfigKeys$Server (ConfUtils.java:logGet(46)) - raft.netty.server.port = 44325 (custom)
2023-08-28 07:17:40,405 [Time-limited test] INFO  impl.DataStreamServerImpl (ConfUtils.java:logGet(46)) - raft.datastream.type = DISABLED (default)
2023-08-28 07:17:40,405 [Time-limited test] INFO  server.RaftServerConfigKeys (ConfUtils.java:logGet(46)) - raft.server.threadpool.proxy.cached = true (default)
2023-08-28 07:17:40,405 [Time-limited test] INFO  server.RaftServerConfigKeys (ConfUtils.java:logGet(46)) - raft.server.threadpool.proxy.size = 0 (default)
2023-08-28 07:17:40,405 [Time-limited test] INFO  server.RaftServerConfigKeys (ConfUtils.java:logGet(46)) - raft.server.sleep.deviation.threshold = 300ms (default)
2023-08-28 07:17:40,405 [Time-limited test] INFO  server.RaftServerConfigKeys (ConfUtils.java:logGet(46)) - raft.server.rpc.slowness.timeout = 60s (default)
2023-08-28 07:17:40,405 [Time-limited test] INFO  server.RaftServerConfigKeys (ConfUtils.java:logGet(46)) - raft.server.leaderelection.leader.step-down.wait-time = 10s (default)
2023-08-28 07:17:40,405 [Time-limited test] INFO  server.RaftServerConfigKeys (ConfUtils.java:logGet(46)) - raft.server.storage.dir = [/home/runner/work/ratis/ratis/ratis-test/target/test/data/c5bbf9cd/MiniRaftClusterWithNetty3343a23d/s4] (custom)
2023-08-28 07:17:40,405 [s3-groupManagement] INFO  server.RaftServer$Division (RaftServerImpl.java:<init>(250)) - s3: new RaftServerImpl for group-A716BADAF915:[] with BaseStateMachine:uninitialized
2023-08-28 07:17:40,405 [s3-groupManagement] INFO  server.RaftServerConfigKeys (ConfUtils.java:logGet(46)) - raft.server.rpc.timeout.min = 1500ms (custom)
2023-08-28 07:17:40,405 [s3-groupManagement] INFO  server.RaftServerConfigKeys (ConfUtils.java:logGet(46)) - raft.server.rpc.timeout.max = 2000ms (custom)
2023-08-28 07:17:40,405 [s3-groupManagement] INFO  server.RaftServerConfigKeys (ConfUtils.java:logGet(46)) - raft.server.rpc.sleep.time = 25ms (default)
2023-08-28 07:17:40,405 [s3-groupManagement] INFO  server.RaftServerConfigKeys (ConfUtils.java:logGet(46)) - raft.server.rpc.slowness.timeout = 60s (default)
2023-08-28 07:17:40,405 [s3-groupManagement] INFO  server.RaftServerConfigKeys (ConfUtils.java:logGet(46)) - raft.server.leaderelection.leader.step-down.wait-time = 10s (default)
2023-08-28 07:17:40,405 [s3-groupManagement] INFO  server.RaftServerConfigKeys (ConfUtils.java:logGet(46)) - raft.server.sleep.deviation.threshold = 300ms (default)
2023-08-28 07:17:40,405 [s3-groupManagement] INFO  server.RaftServer$Division (ServerState.java:<init>(113)) - s3@group-A716BADAF915: ConfigurationManager, init=-1: peers:[]|listeners:[], old=null, confs=<EMPTY_MAP>
2023-08-28 07:17:40,406 [s3-groupManagement] INFO  server.RaftServerConfigKeys (ConfUtils.java:logGet(46)) - raft.server.notification.no-leader.timeout = 60s (default)
2023-08-28 07:17:40,406 [s3-groupManagement] INFO  server.RaftServerConfigKeys (ConfUtils.java:logGet(46)) - raft.server.read.timeout = 10s (default)
2023-08-28 07:17:40,406 [s3-groupManagement] INFO  server.RaftServerConfigKeys (ConfUtils.java:logGet(46)) - raft.server.retrycache.expirytime = 60s (default)
2023-08-28 07:17:40,407 [s3-groupManagement] INFO  server.RaftServerConfigKeys (ConfUtils.java:logGet(46)) - raft.server.retrycache.statistics.expirytime = 100μs (default)
2023-08-28 07:17:40,407 [s3-groupManagement] INFO  server.RaftServerConfigKeys (ConfUtils.java:logGet(46)) - raft.server.read.option = DEFAULT (default)
2023-08-28 07:17:40,407 [s3-groupManagement] INFO  server.RaftServerConfigKeys (ConfUtils.java:logGet(46)) - raft.server.rpc.request.timeout = 3000ms (default)
2023-08-28 07:17:40,407 [s3-groupManagement] INFO  server.RaftServerConfigKeys (ConfUtils.java:logGet(46)) - raft.server.log.appender.install.snapshot.enabled = true (default)
2023-08-28 07:17:40,407 [s3-groupManagement] INFO  server.RaftServerConfigKeys (ConfUtils.java:logGet(46)) - raft.server.threadpool.server.cached = true (default)
2023-08-28 07:17:40,407 [s3-groupManagement] INFO  server.RaftServerConfigKeys (ConfUtils.java:logGet(46)) - raft.server.threadpool.server.size = 0 (default)
2023-08-28 07:17:40,407 [s3-groupManagement] INFO  server.RaftServerConfigKeys (ConfUtils.java:logGet(46)) - raft.server.threadpool.client.cached = true (default)
2023-08-28 07:17:40,407 [s3-groupManagement] INFO  server.RaftServerConfigKeys (ConfUtils.java:logGet(46)) - raft.server.threadpool.client.size = 0 (default)
2023-08-28 07:17:40,408 [Time-limited test] INFO  server.RaftServer (RaftServerProxy.java:addNew(99)) - s4: addNew group-A716BADAF915:[] returns group-A716BADAF915:java.util.concurrent.CompletableFuture@363538ea[Not completed]
2023-08-28 07:17:40,408 [Time-limited test] INFO  impl.MiniRaftCluster (MiniRaftCluster.java:newRaftServer(382)) - newRaftServer: s5, group-A716BADAF915:[], format? true
2023-08-28 07:17:40,408 [Time-limited test] TRACE util.FileUtils (FileUtils.java:deleteFully(201)) - deleteFully target/test/data/c5bbf9cd/MiniRaftClusterWithNetty3343a23d/s5
2023-08-28 07:17:40,408 [Time-limited test] TRACE util.FileUtils (FileUtils.java:deleteFully(217)) - deleteFully: target/test/data/c5bbf9cd/MiniRaftClusterWithNetty3343a23d/s5 does not exist.
2023-08-28 07:17:40,408 [Time-limited test] INFO  impl.MiniRaftCluster (MiniRaftCluster.java:newRaftServer(387)) - Formatted directory target/test/data/c5bbf9cd/MiniRaftClusterWithNetty3343a23d/s5
2023-08-28 07:17:40,408 [Time-limited test] DEBUG server.RaftServer (ServerImplUtils.java:newRaftServer(51)) - newRaftServer: s5, group-A716BADAF915:[]
2023-08-28 07:17:40,408 [Time-limited test] INFO  server.RaftServer (ConfUtils.java:logGet(46)) - raft.rpc.type = NETTY (custom)
2023-08-28 07:17:40,409 [Time-limited test] INFO  netty.NettyConfigKeys$Server (ConfUtils.java:logGet(46)) - raft.netty.server.host = null (default)
2023-08-28 07:17:40,409 [Time-limited test] INFO  netty.NettyConfigKeys$Server (ConfUtils.java:logGet(46)) - raft.netty.server.port = 33891 (custom)
2023-08-28 07:17:40,409 [Time-limited test] INFO  impl.DataStreamServerImpl (ConfUtils.java:logGet(46)) - raft.datastream.type = DISABLED (default)
2023-08-28 07:17:40,409 [Time-limited test] INFO  server.RaftServerConfigKeys (ConfUtils.java:logGet(46)) - raft.server.threadpool.proxy.cached = true (default)
2023-08-28 07:17:40,409 [Time-limited test] INFO  server.RaftServerConfigKeys (ConfUtils.java:logGet(46)) - raft.server.threadpool.proxy.size = 0 (default)
2023-08-28 07:17:40,409 [Time-limited test] INFO  server.RaftServerConfigKeys (ConfUtils.java:logGet(46)) - raft.server.sleep.deviation.threshold = 300ms (default)
2023-08-28 07:17:40,409 [Time-limited test] INFO  server.RaftServerConfigKeys (ConfUtils.java:logGet(46)) - raft.server.rpc.slowness.timeout = 60s (default)
2023-08-28 07:17:40,409 [Time-limited test] INFO  server.RaftServerConfigKeys (ConfUtils.java:logGet(46)) - raft.server.leaderelection.leader.step-down.wait-time = 10s (default)
2023-08-28 07:17:40,409 [Time-limited test] INFO  server.RaftServerConfigKeys (ConfUtils.java:logGet(46)) - raft.server.storage.dir = [/home/runner/work/ratis/ratis/ratis-test/target/test/data/c5bbf9cd/MiniRaftClusterWithNetty3343a23d/s5] (custom)
2023-08-28 07:17:40,412 [s4-groupManagement] INFO  server.RaftServer$Division (RaftServerImpl.java:<init>(250)) - s4: new RaftServerImpl for group-A716BADAF915:[] with BaseStateMachine:uninitialized
2023-08-28 07:17:40,412 [s4-groupManagement] INFO  server.RaftServerConfigKeys (ConfUtils.java:logGet(46)) - raft.server.rpc.timeout.min = 1500ms (custom)
2023-08-28 07:17:40,412 [s4-groupManagement] INFO  server.RaftServerConfigKeys (ConfUtils.java:logGet(46)) - raft.server.rpc.timeout.max = 2000ms (custom)
2023-08-28 07:17:40,412 [s4-groupManagement] INFO  server.RaftServerConfigKeys (ConfUtils.java:logGet(46)) - raft.server.rpc.sleep.time = 25ms (default)
2023-08-28 07:17:40,412 [s4-groupManagement] INFO  server.RaftServerConfigKeys (ConfUtils.java:logGet(46)) - raft.server.rpc.slowness.timeout = 60s (default)
2023-08-28 07:17:40,412 [s4-groupManagement] INFO  server.RaftServerConfigKeys (ConfUtils.java:logGet(46)) - raft.server.leaderelection.leader.step-down.wait-time = 10s (default)
2023-08-28 07:17:40,412 [s4-groupManagement] INFO  server.RaftServerConfigKeys (ConfUtils.java:logGet(46)) - raft.server.sleep.deviation.threshold = 300ms (default)
2023-08-28 07:17:40,412 [s4-groupManagement] INFO  server.RaftServer$Division (ServerState.java:<init>(113)) - s4@group-A716BADAF915: ConfigurationManager, init=-1: peers:[]|listeners:[], old=null, confs=<EMPTY_MAP>
2023-08-28 07:17:40,412 [s4-groupManagement] INFO  server.RaftServerConfigKeys (ConfUtils.java:logGet(46)) - raft.server.notification.no-leader.timeout = 60s (default)
2023-08-28 07:17:40,412 [s4-groupManagement] INFO  server.RaftServerConfigKeys (ConfUtils.java:logGet(46)) - raft.server.read.timeout = 10s (default)
2023-08-28 07:17:40,412 [s4-groupManagement] INFO  server.RaftServerConfigKeys (ConfUtils.java:logGet(46)) - raft.server.retrycache.expirytime = 60s (default)
2023-08-28 07:17:40,412 [s4-groupManagement] INFO  server.RaftServerConfigKeys (ConfUtils.java:logGet(46)) - raft.server.retrycache.statistics.expirytime = 100μs (default)
2023-08-28 07:17:40,412 [s4-groupManagement] INFO  server.RaftServerConfigKeys (ConfUtils.java:logGet(46)) - raft.server.read.option = DEFAULT (default)
2023-08-28 07:17:40,413 [s4-groupManagement] INFO  server.RaftServerConfigKeys (ConfUtils.java:logGet(46)) - raft.server.rpc.request.timeout = 3000ms (default)
2023-08-28 07:17:40,413 [s4-groupManagement] INFO  server.RaftServerConfigKeys (ConfUtils.java:logGet(46)) - raft.server.log.appender.install.snapshot.enabled = true (default)
2023-08-28 07:17:40,413 [s4-groupManagement] INFO  server.RaftServerConfigKeys (ConfUtils.java:logGet(46)) - raft.server.threadpool.server.cached = true (default)
2023-08-28 07:17:40,413 [s4-groupManagement] INFO  server.RaftServerConfigKeys (ConfUtils.java:logGet(46)) - raft.server.threadpool.server.size = 0 (default)
2023-08-28 07:17:40,413 [s4-groupManagement] INFO  server.RaftServerConfigKeys (ConfUtils.java:logGet(46)) - raft.server.threadpool.client.cached = true (default)
2023-08-28 07:17:40,413 [s4-groupManagement] INFO  server.RaftServerConfigKeys (ConfUtils.java:logGet(46)) - raft.server.threadpool.client.size = 0 (default)
2023-08-28 07:17:40,413 [Time-limited test] INFO  server.RaftServer (RaftServerProxy.java:addNew(99)) - s5: addNew group-A716BADAF915:[] returns group-A716BADAF915:java.util.concurrent.CompletableFuture@598d0341[Not completed]
2023-08-28 07:17:40,413 [Time-limited test] INFO  impl.MiniRaftCluster (MiniRaftCluster.java:newRaftServer(382)) - newRaftServer: s6, group-A716BADAF915:[], format? true
2023-08-28 07:17:40,413 [Time-limited test] TRACE util.FileUtils (FileUtils.java:deleteFully(201)) - deleteFully target/test/data/c5bbf9cd/MiniRaftClusterWithNetty3343a23d/s6
2023-08-28 07:17:40,413 [Time-limited test] TRACE util.FileUtils (FileUtils.java:deleteFully(217)) - deleteFully: target/test/data/c5bbf9cd/MiniRaftClusterWithNetty3343a23d/s6 does not exist.
2023-08-28 07:17:40,413 [Time-limited test] INFO  impl.MiniRaftCluster (MiniRaftCluster.java:newRaftServer(387)) - Formatted directory target/test/data/c5bbf9cd/MiniRaftClusterWithNetty3343a23d/s6
2023-08-28 07:17:40,413 [Time-limited test] DEBUG server.RaftServer (ServerImplUtils.java:newRaftServer(51)) - newRaftServer: s6, group-A716BADAF915:[]
2023-08-28 07:17:40,413 [Time-limited test] INFO  server.RaftServer (ConfUtils.java:logGet(46)) - raft.rpc.type = NETTY (custom)
2023-08-28 07:17:40,414 [Time-limited test] INFO  netty.NettyConfigKeys$Server (ConfUtils.java:logGet(46)) - raft.netty.server.host = null (default)
2023-08-28 07:17:40,414 [Time-limited test] INFO  netty.NettyConfigKeys$Server (ConfUtils.java:logGet(46)) - raft.netty.server.port = 35319 (custom)
2023-08-28 07:17:40,414 [Time-limited test] INFO  impl.DataStreamServerImpl (ConfUtils.java:logGet(46)) - raft.datastream.type = DISABLED (default)
2023-08-28 07:17:40,414 [Time-limited test] INFO  server.RaftServerConfigKeys (ConfUtils.java:logGet(46)) - raft.server.threadpool.proxy.cached = true (default)
2023-08-28 07:17:40,414 [Time-limited test] INFO  server.RaftServerConfigKeys (ConfUtils.java:logGet(46)) - raft.server.threadpool.proxy.size = 0 (default)
2023-08-28 07:17:40,414 [Time-limited test] INFO  server.RaftServerConfigKeys (ConfUtils.java:logGet(46)) - raft.server.sleep.deviation.threshold = 300ms (default)
2023-08-28 07:17:40,414 [Time-limited test] INFO  server.RaftServerConfigKeys (ConfUtils.java:logGet(46)) - raft.server.rpc.slowness.timeout = 60s (default)
2023-08-28 07:17:40,414 [Time-limited test] INFO  server.RaftServerConfigKeys (ConfUtils.java:logGet(46)) - raft.server.leaderelection.leader.step-down.wait-time = 10s (default)
2023-08-28 07:17:40,414 [Time-limited test] INFO  server.RaftServerConfigKeys (ConfUtils.java:logGet(46)) - raft.server.storage.dir = [/home/runner/work/ratis/ratis/ratis-test/target/test/data/c5bbf9cd/MiniRaftClusterWithNetty3343a23d/s6] (custom)
2023-08-28 07:17:40,415 [s5-groupManagement] INFO  server.RaftServer$Division (RaftServerImpl.java:<init>(250)) - s5: new RaftServerImpl for group-A716BADAF915:[] with BaseStateMachine:uninitialized
2023-08-28 07:17:40,416 [s5-groupManagement] INFO  server.RaftServerConfigKeys (ConfUtils.java:logGet(46)) - raft.server.rpc.timeout.min = 1500ms (custom)
2023-08-28 07:17:40,416 [s5-groupManagement] INFO  server.RaftServerConfigKeys (ConfUtils.java:logGet(46)) - raft.server.rpc.timeout.max = 2000ms (custom)
2023-08-28 07:17:40,416 [s5-groupManagement] INFO  server.RaftServerConfigKeys (ConfUtils.java:logGet(46)) - raft.server.rpc.sleep.time = 25ms (default)
2023-08-28 07:17:40,416 [s5-groupManagement] INFO  server.RaftServerConfigKeys (ConfUtils.java:logGet(46)) - raft.server.rpc.slowness.timeout = 60s (default)
2023-08-28 07:17:40,416 [s5-groupManagement] INFO  server.RaftServerConfigKeys (ConfUtils.java:logGet(46)) - raft.server.leaderelection.leader.step-down.wait-time = 10s (default)
2023-08-28 07:17:40,416 [s5-groupManagement] INFO  server.RaftServerConfigKeys (ConfUtils.java:logGet(46)) - raft.server.sleep.deviation.threshold = 300ms (default)
2023-08-28 07:17:40,416 [s5-groupManagement] INFO  server.RaftServer$Division (ServerState.java:<init>(113)) - s5@group-A716BADAF915: ConfigurationManager, init=-1: peers:[]|listeners:[], old=null, confs=<EMPTY_MAP>
2023-08-28 07:17:40,416 [s5-groupManagement] INFO  server.RaftServerConfigKeys (ConfUtils.java:logGet(46)) - raft.server.notification.no-leader.timeout = 60s (default)
2023-08-28 07:17:40,416 [s5-groupManagement] INFO  server.RaftServerConfigKeys (ConfUtils.java:logGet(46)) - raft.server.read.timeout = 10s (default)
2023-08-28 07:17:40,416 [s5-groupManagement] INFO  server.RaftServerConfigKeys (ConfUtils.java:logGet(46)) - raft.server.retrycache.expirytime = 60s (default)
2023-08-28 07:17:40,416 [s5-groupManagement] INFO  server.RaftServerConfigKeys (ConfUtils.java:logGet(46)) - raft.server.retrycache.statistics.expirytime = 100μs (default)
2023-08-28 07:17:40,416 [s5-groupManagement] INFO  server.RaftServerConfigKeys (ConfUtils.java:logGet(46)) - raft.server.read.option = DEFAULT (default)
2023-08-28 07:17:40,416 [s5-groupManagement] INFO  server.RaftServerConfigKeys (ConfUtils.java:logGet(46)) - raft.server.rpc.request.timeout = 3000ms (default)
2023-08-28 07:17:40,416 [s5-groupManagement] INFO  server.RaftServerConfigKeys (ConfUtils.java:logGet(46)) - raft.server.log.appender.install.snapshot.enabled = true (default)
2023-08-28 07:17:40,416 [s5-groupManagement] INFO  server.RaftServerConfigKeys (ConfUtils.java:logGet(46)) - raft.server.threadpool.server.cached = true (default)
2023-08-28 07:17:40,416 [s5-groupManagement] INFO  server.RaftServerConfigKeys (ConfUtils.java:logGet(46)) - raft.server.threadpool.server.size = 0 (default)
2023-08-28 07:17:40,416 [s5-groupManagement] INFO  server.RaftServerConfigKeys (ConfUtils.java:logGet(46)) - raft.server.threadpool.client.cached = true (default)
2023-08-28 07:17:40,416 [s5-groupManagement] INFO  server.RaftServerConfigKeys (ConfUtils.java:logGet(46)) - raft.server.threadpool.client.size = 0 (default)
2023-08-28 07:17:40,417 [Time-limited test] INFO  server.RaftServer (RaftServerProxy.java:addNew(99)) - s6: addNew group-A716BADAF915:[] returns group-A716BADAF915:java.util.concurrent.CompletableFuture@636cf100[Not completed]
2023-08-28 07:17:40,417 [Time-limited test] INFO  impl.GroupManagementBaseTest (GroupManagementBaseTest.java:runMultiGroupTest(260)) - putNewServer: printing ALL groups
  s3:      NEW      null s3@group-A716BADAF915:t0, leader=null, voted=null, raftlog=UNINITIALIZED, conf=-1: peers:[]|listeners:[], old=null NEW
  s4:      NEW      null s4@group-A716BADAF915:t0, leader=null, voted=null, raftlog=UNINITIALIZED, conf=-1: peers:[]|listeners:[], old=null NEW
  s5:      NEW      null s5@group-A716BADAF915:t0, leader=null, voted=null, raftlog=UNINITIALIZED, conf=-1: peers:[]|listeners:[], old=null NEW
  s6:      NEW group-A716BADAF915:java.util.concurrent.CompletableFuture@636cf100[Not completed]
  s0:      NEW      null s0@group-A716BADAF915:t0, leader=null, voted=null, raftlog=UNINITIALIZED, conf=-1: peers:[]|listeners:[], old=null NEW
  s1:      NEW      null s1@group-A716BADAF915:t0, leader=null, voted=null, raftlog=UNINITIALIZED, conf=-1: peers:[]|listeners:[], old=null NEW
  s2:      NEW      null s2@group-A716BADAF915:t0, leader=null, voted=null, raftlog=UNINITIALIZED, conf=-1: peers:[]|listeners:[], old=null NEW
2023-08-28 07:17:40,417 [s6-groupManagement] INFO  server.RaftServer$Division (RaftServerImpl.java:<init>(250)) - s6: new RaftServerImpl for group-A716BADAF915:[] with BaseStateMachine:uninitialized
2023-08-28 07:17:40,417 [s6-groupManagement] INFO  server.RaftServerConfigKeys (ConfUtils.java:logGet(46)) - raft.server.rpc.timeout.min = 1500ms (custom)
2023-08-28 07:17:40,418 [s6-groupManagement] INFO  server.RaftServerConfigKeys (ConfUtils.java:logGet(46)) - raft.server.rpc.timeout.max = 2000ms (custom)
2023-08-28 07:17:40,418 [s6-groupManagement] INFO  server.RaftServerConfigKeys (ConfUtils.java:logGet(46)) - raft.server.rpc.sleep.time = 25ms (default)
2023-08-28 07:17:40,418 [s6-groupManagement] INFO  server.RaftServerConfigKeys (ConfUtils.java:logGet(46)) - raft.server.rpc.slowness.timeout = 60s (default)
2023-08-28 07:17:40,418 [s6-groupManagement] INFO  server.RaftServerConfigKeys (ConfUtils.java:logGet(46)) - raft.server.leaderelection.leader.step-down.wait-time = 10s (default)
2023-08-28 07:17:40,418 [s6-groupManagement] INFO  server.RaftServerConfigKeys (ConfUtils.java:logGet(46)) - raft.server.sleep.deviation.threshold = 300ms (default)
2023-08-28 07:17:40,418 [s6-groupManagement] INFO  server.RaftServer$Division (ServerState.java:<init>(113)) - s6@group-A716BADAF915: ConfigurationManager, init=-1: peers:[]|listeners:[], old=null, confs=<EMPTY_MAP>
2023-08-28 07:17:40,418 [s6-groupManagement] INFO  server.RaftServerConfigKeys (ConfUtils.java:logGet(46)) - raft.server.notification.no-leader.timeout = 60s (default)
2023-08-28 07:17:40,418 [s6-groupManagement] INFO  server.RaftServerConfigKeys (ConfUtils.java:logGet(46)) - raft.server.read.timeout = 10s (default)
2023-08-28 07:17:40,418 [s6-groupManagement] INFO  server.RaftServerConfigKeys (ConfUtils.java:logGet(46)) - raft.server.retrycache.expirytime = 60s (default)
2023-08-28 07:17:40,418 [s6-groupManagement] INFO  server.RaftServerConfigKeys (ConfUtils.java:logGet(46)) - raft.server.retrycache.statistics.expirytime = 100μs (default)
2023-08-28 07:17:40,418 [s6-groupManagement] INFO  server.RaftServerConfigKeys (ConfUtils.java:logGet(46)) - raft.server.read.option = DEFAULT (default)
2023-08-28 07:17:40,418 [s6-groupManagement] INFO  server.RaftServerConfigKeys (ConfUtils.java:logGet(46)) - raft.server.rpc.request.timeout = 3000ms (default)
2023-08-28 07:17:40,419 [s6-groupManagement] INFO  server.RaftServerConfigKeys (ConfUtils.java:logGet(46)) - raft.server.log.appender.install.snapshot.enabled = true (default)
2023-08-28 07:17:40,419 [s6-groupManagement] INFO  server.RaftServerConfigKeys (ConfUtils.java:logGet(46)) - raft.server.threadpool.server.cached = true (default)
2023-08-28 07:17:40,419 [s6-groupManagement] INFO  server.RaftServerConfigKeys (ConfUtils.java:logGet(46)) - raft.server.threadpool.server.size = 0 (default)
2023-08-28 07:17:40,419 [s6-groupManagement] INFO  server.RaftServerConfigKeys (ConfUtils.java:logGet(46)) - raft.server.threadpool.client.cached = true (default)
2023-08-28 07:17:40,419 [s6-groupManagement] INFO  server.RaftServerConfigKeys (ConfUtils.java:logGet(46)) - raft.server.threadpool.client.size = 0 (default)
2023-08-28 07:17:41,417 [Time-limited test] INFO  impl.MiniRaftCluster (MiniRaftCluster.java:start(339)) - .............................................................. 
2023-08-28 07:17:41,417 [Time-limited test] INFO  impl.MiniRaftCluster (MiniRaftCluster.java:start(340)) - ... 
2023-08-28 07:17:41,417 [Time-limited test] INFO  impl.MiniRaftCluster (MiniRaftCluster.java:start(341)) - ...     Starting MiniRaftClusterWithNetty
2023-08-28 07:17:41,417 [Time-limited test] INFO  impl.MiniRaftCluster (MiniRaftCluster.java:start(342)) - ... 
2023-08-28 07:17:41,417 [Time-limited test] INFO  impl.MiniRaftCluster (MiniRaftCluster.java:start(343)) - .............................................................. 
2023-08-28 07:17:41,417 [Time-limited test] INFO  impl.MiniRaftCluster (MiniRaftCluster.java:initServers(318)) - servers = {s3=s3:      NEW      null s3@group-A716BADAF915:t0, leader=null, voted=null, raftlog=UNINITIALIZED, conf=-1: peers:[]|listeners:[], old=null NEW, s4=s4:      NEW      null s4@group-A716BADAF915:t0, leader=null, voted=null, raftlog=UNINITIALIZED, conf=-1: peers:[]|listeners:[], old=null NEW, s5=s5:      NEW      null s5@group-A716BADAF915:t0, leader=null, voted=null, raftlog=UNINITIALIZED, conf=-1: peers:[]|listeners:[], old=null NEW, s6=s6:      NEW      null s6@group-A716BADAF915:t0, leader=null, voted=null, raftlog=UNINITIALIZED, conf=-1: peers:[]|listeners:[], old=null NEW, s0=s0:      NEW      null s0@group-A716BADAF915:t0, leader=null, voted=null, raftlog=UNINITIALIZED, conf=-1: peers:[]|listeners:[], old=null NEW, s1=s1:      NEW      null s1@group-A716BADAF915:t0, leader=null, voted=null, raftlog=UNINITIALIZED, conf=-1: peers:[]|listeners:[], old=null NEW, s2=s2:      NEW      null s2@group-A716BADAF915:t0, leader=null, voted=null, raftlog=UNINITIALIZED, conf=-1: peers:[]|listeners:[], old=null NEW}
2023-08-28 07:17:41,418 [s3-impl-thread1] INFO  server.RaftServerConfigKeys (ConfUtils.java:logGet(46)) - raft.server.storage.free-space.min = 0MB (=0) (default)
2023-08-28 07:17:41,418 [s3-impl-thread1] INFO  server.RaftServerConfigKeys (ConfUtils.java:logGet(46)) - raft.server.log.corruption.policy = EXCEPTION (default)
2023-08-28 07:17:41,418 [s3-impl-thread1] INFO  server.RaftServerConfigKeys (ConfUtils.java:logGet(46)) - raft.server.storage.dir = [/home/runner/work/ratis/ratis/ratis-test/target/test/data/c5bbf9cd/MiniRaftClusterWithNetty3343a23d/s3] (custom)
2023-08-28 07:17:41,418 [s3-impl-thread1] INFO  storage.RaftStorageDirectory (RaftStorageDirectoryImpl.java:analyzeStorage(138)) - The storage directory /home/runner/work/ratis/ratis/ratis-test/target/test/data/c5bbf9cd/MiniRaftClusterWithNetty3343a23d/s3/d9ad5678-9296-4fa8-9630-a716badaf915 does not exist. Creating ...
2023-08-28 07:17:41,418 [s3-impl-thread1] TRACE util.FileUtils (LogUtils.java:runAndLog(49)) - Successfully ran Files.createDirectories /home/runner/work/ratis/ratis/ratis-test/target/test/data/c5bbf9cd/MiniRaftClusterWithNetty3343a23d/s3/d9ad5678-9296-4fa8-9630-a716badaf915
2023-08-28 07:17:41,420 [s3-impl-thread1] INFO  storage.RaftStorageDirectory (RaftStorageDirectoryImpl.java:tryLock(232)) - Lock on /home/runner/work/ratis/ratis/ratis-test/target/test/data/c5bbf9cd/MiniRaftClusterWithNetty3343a23d/s3/d9ad5678-9296-4fa8-9630-a716badaf915/in_use.lock acquired by nodename 7908@fv-az1033-516
2023-08-28 07:17:41,420 [s3-impl-thread1] TRACE util.FileUtils (LogUtils.java:runAndLog(49)) - Successfully ran Files.createDirectories /home/runner/work/ratis/ratis/ratis-test/target/test/data/c5bbf9cd/MiniRaftClusterWithNetty3343a23d/s3/d9ad5678-9296-4fa8-9630-a716badaf915/current
2023-08-28 07:17:41,420 [s3-impl-thread1] TRACE util.FileUtils (LogUtils.java:runAndLog(49)) - Successfully ran Files.createDirectories /home/runner/work/ratis/ratis/ratis-test/target/test/data/c5bbf9cd/MiniRaftClusterWithNetty3343a23d/s3/d9ad5678-9296-4fa8-9630-a716badaf915/sm
2023-08-28 07:17:41,422 [s3-impl-thread1] INFO  storage.RaftStorage (RaftStorageImpl.java:format(97)) - Storage directory /home/runner/work/ratis/ratis/ratis-test/target/test/data/c5bbf9cd/MiniRaftClusterWithNetty3343a23d/s3/d9ad5678-9296-4fa8-9630-a716badaf915 has been successfully formatted.
2023-08-28 07:17:41,422 [s3-impl-thread1] INFO  server.RaftServerConfigKeys (ConfUtils.java:logGet(46)) - raft.server.log.use.memory = false (default)
2023-08-28 07:17:41,422 [s3-impl-thread1] INFO  server.RaftServerConfigKeys (ConfUtils.java:logGet(46)) - raft.server.log.purge.gap = 1024 (default)
2023-08-28 07:17:41,422 [s3-impl-thread1] INFO  server.RaftServerConfigKeys (ConfUtils.java:logGet(46)) - raft.server.log.appender.buffer.byte-limit = 4MB (=4194304) (default)
2023-08-28 07:17:41,422 [s3-impl-thread1] INFO  server.RaftServerConfigKeys (ConfUtils.java:logGet(46)) - raft.server.log.statemachine.data.read.timeout = 1000ms (default)
2023-08-28 07:17:41,422 [s3-impl-thread1] INFO  server.RaftServerConfigKeys (ConfUtils.java:logGet(46)) - raft.server.log.purge.preservation.log.num = 0 (default)
2023-08-28 07:17:41,422 [s3-impl-thread1] INFO  server.RaftServerConfigKeys (ConfUtils.java:logGet(46)) - raft.server.log.segment.size.max = 8MB (=8388608) (default)
2023-08-28 07:17:41,422 [s3-impl-thread1] INFO  server.RaftServerConfigKeys (ConfUtils.java:logGet(46)) - raft.server.log.segment.cache.num.max = 6 (default)
2023-08-28 07:17:41,422 [s3-impl-thread1] INFO  server.RaftServerConfigKeys (ConfUtils.java:logGet(46)) - raft.server.log.segment.cache.size.max = 200MB (=209715200) (default)
2023-08-28 07:17:41,422 [s3-impl-thread1] INFO  server.RaftServerConfigKeys (ConfUtils.java:logGet(46)) - raft.server.log.appender.buffer.byte-limit = 4MB (=4194304) (default)
2023-08-28 07:17:41,423 [s3-impl-thread1] INFO  segmented.SegmentedRaftLogWorker (SegmentedRaftLogWorker.java:<init>(183)) - new s3@group-A716BADAF915-SegmentedRaftLogWorker for RaftStorageImpl:Storage Directory /home/runner/work/ratis/ratis/ratis-test/target/test/data/c5bbf9cd/MiniRaftClusterWithNetty3343a23d/s3/d9ad5678-9296-4fa8-9630-a716badaf915
2023-08-28 07:17:41,423 [s3-impl-thread1] INFO  server.RaftServerConfigKeys (ConfUtils.java:logGet(46)) - raft.server.log.queue.byte-limit = 64MB (=67108864) (default)
2023-08-28 07:17:41,423 [s3-impl-thread1] INFO  server.RaftServerConfigKeys (ConfUtils.java:logGet(46)) - raft.server.log.queue.element-limit = 4096 (default)
2023-08-28 07:17:41,423 [s3-impl-thread1] INFO  server.RaftServerConfigKeys (ConfUtils.java:logGet(46)) - raft.server.log.segment.size.max = 8MB (=8388608) (default)
2023-08-28 07:17:41,423 [s3-impl-thread1] INFO  server.RaftServerConfigKeys (ConfUtils.java:logGet(46)) - raft.server.log.preallocated.size = 4MB (=4194304) (default)
2023-08-28 07:17:41,423 [s3-impl-thread1] INFO  server.RaftServerConfigKeys (ConfUtils.java:logGet(46)) - raft.server.log.force.sync.num = 128 (default)
2023-08-28 07:17:41,423 [s3-impl-thread1] INFO  server.RaftServerConfigKeys (ConfUtils.java:logGet(46)) - raft.server.log.statemachine.data.sync = true (default)
2023-08-28 07:17:41,423 [s3-impl-thread1] INFO  server.RaftServerConfigKeys (ConfUtils.java:logGet(46)) - raft.server.log.statemachine.data.sync.timeout = 10s (default)
2023-08-28 07:17:41,423 [s3-impl-thread1] INFO  server.RaftServerConfigKeys (ConfUtils.java:logGet(46)) - raft.server.log.statemachine.data.sync.timeout.retry = -1 (default)
2023-08-28 07:17:41,423 [s3-impl-thread1] INFO  server.RaftServerConfigKeys (ConfUtils.java:logGet(46)) - raft.server.log.write.buffer.size = 64KB (=65536) (default)
2023-08-28 07:17:41,423 [s3-impl-thread1] INFO  server.RaftServerConfigKeys (ConfUtils.java:logGet(46)) - raft.server.log.appender.buffer.byte-limit = 4MB (=4194304) (default)
2023-08-28 07:17:41,429 [s3-impl-thread1] INFO  server.RaftServerConfigKeys (ConfUtils.java:logGet(46)) - raft.server.log.unsafe-flush.enabled = false (default)
2023-08-28 07:17:41,429 [s3-impl-thread1] INFO  server.RaftServerConfigKeys (ConfUtils.java:logGet(46)) - raft.server.log.async-flush.enabled = false (default)
2023-08-28 07:17:41,429 [s3-impl-thread1] INFO  server.RaftServerConfigKeys (ConfUtils.java:logGet(46)) - raft.server.log.statemachine.data.caching.enabled = false (default)
2023-08-28 07:17:41,429 [s3-impl-thread1] INFO  segmented.SegmentedRaftLogWorker (SegmentedRaftLogWorker.java:lambda$new$0(134)) - s3@group-A716BADAF915-SegmentedRaftLogWorker: flushIndex: setUnconditionally 0 -> -1
2023-08-28 07:17:41,429 [s3-impl-thread1] INFO  segmented.SegmentedRaftLogWorker (SegmentedRaftLogWorker.java:lambda$new$0(134)) - s3@group-A716BADAF915-SegmentedRaftLogWorker: safeCacheEvictIndex: setUnconditionally 0 -> -1
2023-08-28 07:17:41,429 [s3-impl-thread1] INFO  server.RaftServer$Division (RaftServerImpl.java:start(390)) - s3@group-A716BADAF915: start with initializing state, conf=-1: peers:[]|listeners:[], old=null
2023-08-28 07:17:41,429 [s3-impl-thread1] INFO  server.RaftServer$Division (RaftServerImpl.java:setRole(371)) - s3@group-A716BADAF915: changes role from      null to FOLLOWER at term 0 for startInitializing
2023-08-28 07:17:41,429 [s3-impl-thread1] INFO  util.JmxRegister (JmxRegister.java:tryRegister(44)) - Successfully registered JMX Bean with object name Ratis:service=RaftServer,group=group-A716BADAF915,id=s3
2023-08-28 07:17:41,429 [s3-impl-thread1] INFO  server.RaftServerConfigKeys (ConfUtils.java:logGet(46)) - raft.server.snapshot.trigger-when-stop.enabled = true (default)
2023-08-28 07:17:41,429 [s3-impl-thread1] INFO  server.RaftServerConfigKeys (ConfUtils.java:logGet(46)) - raft.server.snapshot.auto.trigger.enabled = false (default)
2023-08-28 07:17:41,429 [s3-impl-thread1] INFO  server.RaftServerConfigKeys (ConfUtils.java:logGet(46)) - raft.server.snapshot.retention.file.num = -1 (default)
2023-08-28 07:17:41,430 [s3-impl-thread1] INFO  server.RaftServerConfigKeys (ConfUtils.java:logGet(46)) - raft.server.log.purge.upto.snapshot.index = false (default)
2023-08-28 07:17:41,430 [Time-limited test] INFO  server.RaftServer (RaftServerProxy.java:startImpl(404)) - s3: start RPC server
2023-08-28 07:17:41,438 [nioEventLoopGroup-68-1] INFO  logging.LoggingHandler (AbstractInternalLogger.java:log(148)) - [id: 0xfa383c38] REGISTERED
2023-08-28 07:17:41,438 [nioEventLoopGroup-68-1] INFO  logging.LoggingHandler (AbstractInternalLogger.java:log(148)) - [id: 0xfa383c38] BIND: 0.0.0.0/0.0.0.0:40051
2023-08-28 07:17:41,439 [nioEventLoopGroup-68-1] INFO  logging.LoggingHandler (AbstractInternalLogger.java:log(148)) - [id: 0xfa383c38, L:/0.0.0.0:40051] ACTIVE
2023-08-28 07:17:41,447 [s4-impl-thread1] INFO  server.RaftServerConfigKeys (ConfUtils.java:logGet(46)) - raft.server.storage.free-space.min = 0MB (=0) (default)
2023-08-28 07:17:41,447 [s4-impl-thread1] INFO  server.RaftServerConfigKeys (ConfUtils.java:logGet(46)) - raft.server.log.corruption.policy = EXCEPTION (default)
2023-08-28 07:17:41,448 [s4-impl-thread1] INFO  server.RaftServerConfigKeys (ConfUtils.java:logGet(46)) - raft.server.storage.dir = [/home/runner/work/ratis/ratis/ratis-test/target/test/data/c5bbf9cd/MiniRaftClusterWithNetty3343a23d/s4] (custom)
2023-08-28 07:17:41,448 [s4-impl-thread1] INFO  storage.RaftStorageDirectory (RaftStorageDirectoryImpl.java:analyzeStorage(138)) - The storage directory /home/runner/work/ratis/ratis/ratis-test/target/test/data/c5bbf9cd/MiniRaftClusterWithNetty3343a23d/s4/d9ad5678-9296-4fa8-9630-a716badaf915 does not exist. Creating ...
2023-08-28 07:17:41,448 [s4-impl-thread1] TRACE util.FileUtils (LogUtils.java:runAndLog(49)) - Successfully ran Files.createDirectories /home/runner/work/ratis/ratis/ratis-test/target/test/data/c5bbf9cd/MiniRaftClusterWithNetty3343a23d/s4/d9ad5678-9296-4fa8-9630-a716badaf915
2023-08-28 07:17:41,449 [s4-impl-thread1] INFO  storage.RaftStorageDirectory (RaftStorageDirectoryImpl.java:tryLock(232)) - Lock on /home/runner/work/ratis/ratis/ratis-test/target/test/data/c5bbf9cd/MiniRaftClusterWithNetty3343a23d/s4/d9ad5678-9296-4fa8-9630-a716badaf915/in_use.lock acquired by nodename 7908@fv-az1033-516
2023-08-28 07:17:41,449 [s4-impl-thread1] TRACE util.FileUtils (LogUtils.java:runAndLog(49)) - Successfully ran Files.createDirectories /home/runner/work/ratis/ratis/ratis-test/target/test/data/c5bbf9cd/MiniRaftClusterWithNetty3343a23d/s4/d9ad5678-9296-4fa8-9630-a716badaf915/current
2023-08-28 07:17:41,449 [s4-impl-thread1] TRACE util.FileUtils (LogUtils.java:runAndLog(49)) - Successfully ran Files.createDirectories /home/runner/work/ratis/ratis/ratis-test/target/test/data/c5bbf9cd/MiniRaftClusterWithNetty3343a23d/s4/d9ad5678-9296-4fa8-9630-a716badaf915/sm
2023-08-28 07:17:41,450 [s4-impl-thread1] INFO  storage.RaftStorage (RaftStorageImpl.java:format(97)) - Storage directory /home/runner/work/ratis/ratis/ratis-test/target/test/data/c5bbf9cd/MiniRaftClusterWithNetty3343a23d/s4/d9ad5678-9296-4fa8-9630-a716badaf915 has been successfully formatted.
2023-08-28 07:17:41,451 [s4-impl-thread1] INFO  server.RaftServerConfigKeys (ConfUtils.java:logGet(46)) - raft.server.log.use.memory = false (default)
2023-08-28 07:17:41,451 [s4-impl-thread1] INFO  server.RaftServerConfigKeys (ConfUtils.java:logGet(46)) - raft.server.log.purge.gap = 1024 (default)
2023-08-28 07:17:41,451 [s4-impl-thread1] INFO  server.RaftServerConfigKeys (ConfUtils.java:logGet(46)) - raft.server.log.appender.buffer.byte-limit = 4MB (=4194304) (default)
2023-08-28 07:17:41,451 [s4-impl-thread1] INFO  server.RaftServerConfigKeys (ConfUtils.java:logGet(46)) - raft.server.log.statemachine.data.read.timeout = 1000ms (default)
2023-08-28 07:17:41,451 [s4-impl-thread1] INFO  server.RaftServerConfigKeys (ConfUtils.java:logGet(46)) - raft.server.log.purge.preservation.log.num = 0 (default)
2023-08-28 07:17:41,451 [s4-impl-thread1] INFO  server.RaftServerConfigKeys (ConfUtils.java:logGet(46)) - raft.server.log.segment.size.max = 8MB (=8388608) (default)
2023-08-28 07:17:41,451 [s4-impl-thread1] INFO  server.RaftServerConfigKeys (ConfUtils.java:logGet(46)) - raft.server.log.segment.cache.num.max = 6 (default)
2023-08-28 07:17:41,451 [s4-impl-thread1] INFO  server.RaftServerConfigKeys (ConfUtils.java:logGet(46)) - raft.server.log.segment.cache.size.max = 200MB (=209715200) (default)
2023-08-28 07:17:41,451 [s4-impl-thread1] INFO  server.RaftServerConfigKeys (ConfUtils.java:logGet(46)) - raft.server.log.appender.buffer.byte-limit = 4MB (=4194304) (default)
2023-08-28 07:17:41,451 [s4-impl-thread1] INFO  segmented.SegmentedRaftLogWorker (SegmentedRaftLogWorker.java:<init>(183)) - new s4@group-A716BADAF915-SegmentedRaftLogWorker for RaftStorageImpl:Storage Directory /home/runner/work/ratis/ratis/ratis-test/target/test/data/c5bbf9cd/MiniRaftClusterWithNetty3343a23d/s4/d9ad5678-9296-4fa8-9630-a716badaf915
2023-08-28 07:17:41,451 [s4-impl-thread1] INFO  server.RaftServerConfigKeys (ConfUtils.java:logGet(46)) - raft.server.log.queue.byte-limit = 64MB (=67108864) (default)
2023-08-28 07:17:41,451 [s4-impl-thread1] INFO  server.RaftServerConfigKeys (ConfUtils.java:logGet(46)) - raft.server.log.queue.element-limit = 4096 (default)
2023-08-28 07:17:41,451 [s4-impl-thread1] INFO  server.RaftServerConfigKeys (ConfUtils.java:logGet(46)) - raft.server.log.segment.size.max = 8MB (=8388608) (default)
2023-08-28 07:17:41,451 [s4-impl-thread1] INFO  server.RaftServerConfigKeys (ConfUtils.java:logGet(46)) - raft.server.log.preallocated.size = 4MB (=4194304) (default)
2023-08-28 07:17:41,451 [s4-impl-thread1] INFO  server.RaftServerConfigKeys (ConfUtils.java:logGet(46)) - raft.server.log.force.sync.num = 128 (default)
2023-08-28 07:17:41,451 [s4-impl-thread1] INFO  server.RaftServerConfigKeys (ConfUtils.java:logGet(46)) - raft.server.log.statemachine.data.sync = true (default)
2023-08-28 07:17:41,451 [s4-impl-thread1] INFO  server.RaftServerConfigKeys (ConfUtils.java:logGet(46)) - raft.server.log.statemachine.data.sync.timeout = 10s (default)
2023-08-28 07:17:41,451 [s4-impl-thread1] INFO  server.RaftServerConfigKeys (ConfUtils.java:logGet(46)) - raft.server.log.statemachine.data.sync.timeout.retry = -1 (default)
2023-08-28 07:17:41,451 [s4-impl-thread1] INFO  server.RaftServerConfigKeys (ConfUtils.java:logGet(46)) - raft.server.log.write.buffer.size = 64KB (=65536) (default)
2023-08-28 07:17:41,451 [s4-impl-thread1] INFO  server.RaftServerConfigKeys (ConfUtils.java:logGet(46)) - raft.server.log.appender.buffer.byte-limit = 4MB (=4194304) (default)
2023-08-28 07:17:41,452 [s4-impl-thread1] INFO  server.RaftServerConfigKeys (ConfUtils.java:logGet(46)) - raft.server.log.unsafe-flush.enabled = false (default)
2023-08-28 07:17:41,452 [s4-impl-thread1] INFO  server.RaftServerConfigKeys (ConfUtils.java:logGet(46)) - raft.server.log.async-flush.enabled = false (default)
2023-08-28 07:17:41,452 [s4-impl-thread1] INFO  server.RaftServerConfigKeys (ConfUtils.java:logGet(46)) - raft.server.log.statemachine.data.caching.enabled = false (default)
2023-08-28 07:17:41,452 [s4-impl-thread1] INFO  segmented.SegmentedRaftLogWorker (SegmentedRaftLogWorker.java:lambda$new$0(134)) - s4@group-A716BADAF915-SegmentedRaftLogWorker: flushIndex: setUnconditionally 0 -> -1
2023-08-28 07:17:41,452 [s4-impl-thread1] INFO  segmented.SegmentedRaftLogWorker (SegmentedRaftLogWorker.java:lambda$new$0(134)) - s4@group-A716BADAF915-SegmentedRaftLogWorker: safeCacheEvictIndex: setUnconditionally 0 -> -1
2023-08-28 07:17:41,452 [s4-impl-thread1] INFO  server.RaftServer$Division (RaftServerImpl.java:start(390)) - s4@group-A716BADAF915: start with initializing state, conf=-1: peers:[]|listeners:[], old=null
2023-08-28 07:17:41,452 [s4-impl-thread1] INFO  server.RaftServer$Division (RaftServerImpl.java:setRole(371)) - s4@group-A716BADAF915: changes role from      null to FOLLOWER at term 0 for startInitializing
2023-08-28 07:17:41,452 [s4-impl-thread1] INFO  util.JmxRegister (JmxRegister.java:tryRegister(44)) - Successfully registered JMX Bean with object name Ratis:service=RaftServer,group=group-A716BADAF915,id=s4
2023-08-28 07:17:41,452 [s4-impl-thread1] INFO  server.RaftServerConfigKeys (ConfUtils.java:logGet(46)) - raft.server.snapshot.trigger-when-stop.enabled = true (default)
2023-08-28 07:17:41,452 [s4-impl-thread1] INFO  server.RaftServerConfigKeys (ConfUtils.java:logGet(46)) - raft.server.snapshot.auto.trigger.enabled = false (default)
2023-08-28 07:17:41,452 [s4-impl-thread1] INFO  server.RaftServerConfigKeys (ConfUtils.java:logGet(46)) - raft.server.snapshot.retention.file.num = -1 (default)
2023-08-28 07:17:41,453 [s4-impl-thread1] INFO  server.RaftServerConfigKeys (ConfUtils.java:logGet(46)) - raft.server.log.purge.upto.snapshot.index = false (default)
2023-08-28 07:17:41,455 [JvmPauseMonitor15] INFO  util.JvmPauseMonitor (JvmPauseMonitor.java:run(146)) - JvmPauseMonitor-s3: Started
2023-08-28 07:17:41,455 [Time-limited test] INFO  server.RaftServer (RaftServerProxy.java:startImpl(404)) - s4: start RPC server
2023-08-28 07:17:41,459 [nioEventLoopGroup-71-1] INFO  logging.LoggingHandler (AbstractInternalLogger.java:log(148)) - [id: 0xbea9a0c5] REGISTERED
2023-08-28 07:17:41,459 [nioEventLoopGroup-71-1] INFO  logging.LoggingHandler (AbstractInternalLogger.java:log(148)) - [id: 0xbea9a0c5] BIND: 0.0.0.0/0.0.0.0:44325
2023-08-28 07:17:41,460 [nioEventLoopGroup-71-1] INFO  logging.LoggingHandler (AbstractInternalLogger.java:log(148)) - [id: 0xbea9a0c5, L:/0.0.0.0:44325] ACTIVE
2023-08-28 07:17:41,460 [s5-impl-thread1] INFO  server.RaftServerConfigKeys (ConfUtils.java:logGet(46)) - raft.server.storage.free-space.min = 0MB (=0) (default)
2023-08-28 07:17:41,460 [s5-impl-thread1] INFO  server.RaftServerConfigKeys (ConfUtils.java:logGet(46)) - raft.server.log.corruption.policy = EXCEPTION (default)
2023-08-28 07:17:41,460 [s5-impl-thread1] INFO  server.RaftServerConfigKeys (ConfUtils.java:logGet(46)) - raft.server.storage.dir = [/home/runner/work/ratis/ratis/ratis-test/target/test/data/c5bbf9cd/MiniRaftClusterWithNetty3343a23d/s5] (custom)
2023-08-28 07:17:41,460 [s5-impl-thread1] INFO  storage.RaftStorageDirectory (RaftStorageDirectoryImpl.java:analyzeStorage(138)) - The storage directory /home/runner/work/ratis/ratis/ratis-test/target/test/data/c5bbf9cd/MiniRaftClusterWithNetty3343a23d/s5/d9ad5678-9296-4fa8-9630-a716badaf915 does not exist. Creating ...
2023-08-28 07:17:41,460 [s5-impl-thread1] TRACE util.FileUtils (LogUtils.java:runAndLog(49)) - Successfully ran Files.createDirectories /home/runner/work/ratis/ratis/ratis-test/target/test/data/c5bbf9cd/MiniRaftClusterWithNetty3343a23d/s5/d9ad5678-9296-4fa8-9630-a716badaf915
2023-08-28 07:17:41,460 [JvmPauseMonitor16] INFO  util.JvmPauseMonitor (JvmPauseMonitor.java:run(146)) - JvmPauseMonitor-s4: Started
2023-08-28 07:17:41,461 [s5-impl-thread1] INFO  storage.RaftStorageDirectory (RaftStorageDirectoryImpl.java:tryLock(232)) - Lock on /home/runner/work/ratis/ratis/ratis-test/target/test/data/c5bbf9cd/MiniRaftClusterWithNetty3343a23d/s5/d9ad5678-9296-4fa8-9630-a716badaf915/in_use.lock acquired by nodename 7908@fv-az1033-516
2023-08-28 07:17:41,461 [s5-impl-thread1] TRACE util.FileUtils (LogUtils.java:runAndLog(49)) - Successfully ran Files.createDirectories /home/runner/work/ratis/ratis/ratis-test/target/test/data/c5bbf9cd/MiniRaftClusterWithNetty3343a23d/s5/d9ad5678-9296-4fa8-9630-a716badaf915/current
2023-08-28 07:17:41,461 [s5-impl-thread1] TRACE util.FileUtils (LogUtils.java:runAndLog(49)) - Successfully ran Files.createDirectories /home/runner/work/ratis/ratis/ratis-test/target/test/data/c5bbf9cd/MiniRaftClusterWithNetty3343a23d/s5/d9ad5678-9296-4fa8-9630-a716badaf915/sm
2023-08-28 07:17:41,462 [s5-impl-thread1] INFO  storage.RaftStorage (RaftStorageImpl.java:format(97)) - Storage directory /home/runner/work/ratis/ratis/ratis-test/target/test/data/c5bbf9cd/MiniRaftClusterWithNetty3343a23d/s5/d9ad5678-9296-4fa8-9630-a716badaf915 has been successfully formatted.
2023-08-28 07:17:41,462 [s5-impl-thread1] INFO  server.RaftServerConfigKeys (ConfUtils.java:logGet(46)) - raft.server.log.use.memory = false (default)
2023-08-28 07:17:41,462 [s5-impl-thread1] INFO  server.RaftServerConfigKeys (ConfUtils.java:logGet(46)) - raft.server.log.purge.gap = 1024 (default)
2023-08-28 07:17:41,462 [s5-impl-thread1] INFO  server.RaftServerConfigKeys (ConfUtils.java:logGet(46)) - raft.server.log.appender.buffer.byte-limit = 4MB (=4194304) (default)
2023-08-28 07:17:41,462 [s5-impl-thread1] INFO  server.RaftServerConfigKeys (ConfUtils.java:logGet(46)) - raft.server.log.statemachine.data.read.timeout = 1000ms (default)
2023-08-28 07:17:41,462 [s5-impl-thread1] INFO  server.RaftServerConfigKeys (ConfUtils.java:logGet(46)) - raft.server.log.purge.preservation.log.num = 0 (default)
2023-08-28 07:17:41,463 [s5-impl-thread1] INFO  server.RaftServerConfigKeys (ConfUtils.java:logGet(46)) - raft.server.log.segment.size.max = 8MB (=8388608) (default)
2023-08-28 07:17:41,463 [s5-impl-thread1] INFO  server.RaftServerConfigKeys (ConfUtils.java:logGet(46)) - raft.server.log.segment.cache.num.max = 6 (default)
2023-08-28 07:17:41,463 [s5-impl-thread1] INFO  server.RaftServerConfigKeys (ConfUtils.java:logGet(46)) - raft.server.log.segment.cache.size.max = 200MB (=209715200) (default)
2023-08-28 07:17:41,463 [s5-impl-thread1] INFO  server.RaftServerConfigKeys (ConfUtils.java:logGet(46)) - raft.server.log.appender.buffer.byte-limit = 4MB (=4194304) (default)
2023-08-28 07:17:41,463 [s5-impl-thread1] INFO  segmented.SegmentedRaftLogWorker (SegmentedRaftLogWorker.java:<init>(183)) - new s5@group-A716BADAF915-SegmentedRaftLogWorker for RaftStorageImpl:Storage Directory /home/runner/work/ratis/ratis/ratis-test/target/test/data/c5bbf9cd/MiniRaftClusterWithNetty3343a23d/s5/d9ad5678-9296-4fa8-9630-a716badaf915
2023-08-28 07:17:41,463 [s5-impl-thread1] INFO  server.RaftServerConfigKeys (ConfUtils.java:logGet(46)) - raft.server.log.queue.byte-limit = 64MB (=67108864) (default)
2023-08-28 07:17:41,463 [s5-impl-thread1] INFO  server.RaftServerConfigKeys (ConfUtils.java:logGet(46)) - raft.server.log.queue.element-limit = 4096 (default)
2023-08-28 07:17:41,463 [s5-impl-thread1] INFO  server.RaftServerConfigKeys (ConfUtils.java:logGet(46)) - raft.server.log.segment.size.max = 8MB (=8388608) (default)
2023-08-28 07:17:41,463 [s5-impl-thread1] INFO  server.RaftServerConfigKeys (ConfUtils.java:logGet(46)) - raft.server.log.preallocated.size = 4MB (=4194304) (default)
2023-08-28 07:17:41,463 [s5-impl-thread1] INFO  server.RaftServerConfigKeys (ConfUtils.java:logGet(46)) - raft.server.log.force.sync.num = 128 (default)
2023-08-28 07:17:41,463 [s5-impl-thread1] INFO  server.RaftServerConfigKeys (ConfUtils.java:logGet(46)) - raft.server.log.statemachine.data.sync = true (default)
2023-08-28 07:17:41,463 [s5-impl-thread1] INFO  server.RaftServerConfigKeys (ConfUtils.java:logGet(46)) - raft.server.log.statemachine.data.sync.timeout = 10s (default)
2023-08-28 07:17:41,463 [s5-impl-thread1] INFO  server.RaftServerConfigKeys (ConfUtils.java:logGet(46)) - raft.server.log.statemachine.data.sync.timeout.retry = -1 (default)
2023-08-28 07:17:41,463 [s5-impl-thread1] INFO  server.RaftServerConfigKeys (ConfUtils.java:logGet(46)) - raft.server.log.write.buffer.size = 64KB (=65536) (default)
2023-08-28 07:17:41,463 [s5-impl-thread1] INFO  server.RaftServerConfigKeys (ConfUtils.java:logGet(46)) - raft.server.log.appender.buffer.byte-limit = 4MB (=4194304) (default)
2023-08-28 07:17:41,463 [s5-impl-thread1] INFO  server.RaftServerConfigKeys (ConfUtils.java:logGet(46)) - raft.server.log.unsafe-flush.enabled = false (default)
2023-08-28 07:17:41,463 [s5-impl-thread1] INFO  server.RaftServerConfigKeys (ConfUtils.java:logGet(46)) - raft.server.log.async-flush.enabled = false (default)
2023-08-28 07:17:41,464 [s5-impl-thread1] INFO  server.RaftServerConfigKeys (ConfUtils.java:logGet(46)) - raft.server.log.statemachine.data.caching.enabled = false (default)
2023-08-28 07:17:41,464 [s5-impl-thread1] INFO  segmented.SegmentedRaftLogWorker (SegmentedRaftLogWorker.java:lambda$new$0(134)) - s5@group-A716BADAF915-SegmentedRaftLogWorker: flushIndex: setUnconditionally 0 -> -1
2023-08-28 07:17:41,464 [s5-impl-thread1] INFO  segmented.SegmentedRaftLogWorker (SegmentedRaftLogWorker.java:lambda$new$0(134)) - s5@group-A716BADAF915-SegmentedRaftLogWorker: safeCacheEvictIndex: setUnconditionally 0 -> -1
2023-08-28 07:17:41,464 [s5-impl-thread1] INFO  server.RaftServer$Division (RaftServerImpl.java:start(390)) - s5@group-A716BADAF915: start with initializing state, conf=-1: peers:[]|listeners:[], old=null
2023-08-28 07:17:41,464 [s5-impl-thread1] INFO  server.RaftServer$Division (RaftServerImpl.java:setRole(371)) - s5@group-A716BADAF915: changes role from      null to FOLLOWER at term 0 for startInitializing
2023-08-28 07:17:41,464 [s5-impl-thread1] INFO  util.JmxRegister (JmxRegister.java:tryRegister(44)) - Successfully registered JMX Bean with object name Ratis:service=RaftServer,group=group-A716BADAF915,id=s5
2023-08-28 07:17:41,465 [s5-impl-thread1] INFO  server.RaftServerConfigKeys (ConfUtils.java:logGet(46)) - raft.server.snapshot.trigger-when-stop.enabled = true (default)
2023-08-28 07:17:41,465 [s5-impl-thread1] INFO  server.RaftServerConfigKeys (ConfUtils.java:logGet(46)) - raft.server.snapshot.auto.trigger.enabled = false (default)
2023-08-28 07:17:41,465 [s5-impl-thread1] INFO  server.RaftServerConfigKeys (ConfUtils.java:logGet(46)) - raft.server.snapshot.retention.file.num = -1 (default)
2023-08-28 07:17:41,465 [s5-impl-thread1] INFO  server.RaftServerConfigKeys (ConfUtils.java:logGet(46)) - raft.server.log.purge.upto.snapshot.index = false (default)
2023-08-28 07:17:41,465 [Time-limited test] INFO  server.RaftServer (RaftServerProxy.java:startImpl(404)) - s5: start RPC server
2023-08-28 07:17:41,465 [nioEventLoopGroup-74-1] INFO  logging.LoggingHandler (AbstractInternalLogger.java:log(148)) - [id: 0xb1062be5] REGISTERED
2023-08-28 07:17:41,465 [nioEventLoopGroup-74-1] INFO  logging.LoggingHandler (AbstractInternalLogger.java:log(148)) - [id: 0xb1062be5] BIND: 0.0.0.0/0.0.0.0:33891
2023-08-28 07:17:41,466 [nioEventLoopGroup-74-1] INFO  logging.LoggingHandler (AbstractInternalLogger.java:log(148)) - [id: 0xb1062be5, L:/0.0.0.0:33891] ACTIVE
2023-08-28 07:17:41,466 [s6-impl-thread1] INFO  server.RaftServerConfigKeys (ConfUtils.java:logGet(46)) - raft.server.storage.free-space.min = 0MB (=0) (default)
2023-08-28 07:17:41,466 [s6-impl-thread1] INFO  server.RaftServerConfigKeys (ConfUtils.java:logGet(46)) - raft.server.log.corruption.policy = EXCEPTION (default)
2023-08-28 07:17:41,466 [s6-impl-thread1] INFO  server.RaftServerConfigKeys (ConfUtils.java:logGet(46)) - raft.server.storage.dir = [/home/runner/work/ratis/ratis/ratis-test/target/test/data/c5bbf9cd/MiniRaftClusterWithNetty3343a23d/s6] (custom)
2023-08-28 07:17:41,466 [s6-impl-thread1] INFO  storage.RaftStorageDirectory (RaftStorageDirectoryImpl.java:analyzeStorage(138)) - The storage directory /home/runner/work/ratis/ratis/ratis-test/target/test/data/c5bbf9cd/MiniRaftClusterWithNetty3343a23d/s6/d9ad5678-9296-4fa8-9630-a716badaf915 does not exist. Creating ...
2023-08-28 07:17:41,466 [s6-impl-thread1] TRACE util.FileUtils (LogUtils.java:runAndLog(49)) - Successfully ran Files.createDirectories /home/runner/work/ratis/ratis/ratis-test/target/test/data/c5bbf9cd/MiniRaftClusterWithNetty3343a23d/s6/d9ad5678-9296-4fa8-9630-a716badaf915
2023-08-28 07:17:41,466 [JvmPauseMonitor17] INFO  util.JvmPauseMonitor (JvmPauseMonitor.java:run(146)) - JvmPauseMonitor-s5: Started
2023-08-28 07:17:41,467 [s6-impl-thread1] INFO  storage.RaftStorageDirectory (RaftStorageDirectoryImpl.java:tryLock(232)) - Lock on /home/runner/work/ratis/ratis/ratis-test/target/test/data/c5bbf9cd/MiniRaftClusterWithNetty3343a23d/s6/d9ad5678-9296-4fa8-9630-a716badaf915/in_use.lock acquired by nodename 7908@fv-az1033-516
2023-08-28 07:17:41,467 [s6-impl-thread1] TRACE util.FileUtils (LogUtils.java:runAndLog(49)) - Successfully ran Files.createDirectories /home/runner/work/ratis/ratis/ratis-test/target/test/data/c5bbf9cd/MiniRaftClusterWithNetty3343a23d/s6/d9ad5678-9296-4fa8-9630-a716badaf915/current
2023-08-28 07:17:41,467 [s6-impl-thread1] TRACE util.FileUtils (LogUtils.java:runAndLog(49)) - Successfully ran Files.createDirectories /home/runner/work/ratis/ratis/ratis-test/target/test/data/c5bbf9cd/MiniRaftClusterWithNetty3343a23d/s6/d9ad5678-9296-4fa8-9630-a716badaf915/sm
2023-08-28 07:17:41,468 [s6-impl-thread1] INFO  storage.RaftStorage (RaftStorageImpl.java:format(97)) - Storage directory /home/runner/work/ratis/ratis/ratis-test/target/test/data/c5bbf9cd/MiniRaftClusterWithNetty3343a23d/s6/d9ad5678-9296-4fa8-9630-a716badaf915 has been successfully formatted.
2023-08-28 07:17:41,468 [s6-impl-thread1] INFO  server.RaftServerConfigKeys (ConfUtils.java:logGet(46)) - raft.server.log.use.memory = false (default)
2023-08-28 07:17:41,468 [s6-impl-thread1] INFO  server.RaftServerConfigKeys (ConfUtils.java:logGet(46)) - raft.server.log.purge.gap = 1024 (default)
2023-08-28 07:17:41,468 [s6-impl-thread1] INFO  server.RaftServerConfigKeys (ConfUtils.java:logGet(46)) - raft.server.log.appender.buffer.byte-limit = 4MB (=4194304) (default)
2023-08-28 07:17:41,468 [s6-impl-thread1] INFO  server.RaftServerConfigKeys (ConfUtils.java:logGet(46)) - raft.server.log.statemachine.data.read.timeout = 1000ms (default)
2023-08-28 07:17:41,469 [s6-impl-thread1] INFO  server.RaftServerConfigKeys (ConfUtils.java:logGet(46)) - raft.server.log.purge.preservation.log.num = 0 (default)
2023-08-28 07:17:41,469 [s6-impl-thread1] INFO  server.RaftServerConfigKeys (ConfUtils.java:logGet(46)) - raft.server.log.segment.size.max = 8MB (=8388608) (default)
2023-08-28 07:17:41,469 [s6-impl-thread1] INFO  server.RaftServerConfigKeys (ConfUtils.java:logGet(46)) - raft.server.log.segment.cache.num.max = 6 (default)
2023-08-28 07:17:41,469 [s6-impl-thread1] INFO  server.RaftServerConfigKeys (ConfUtils.java:logGet(46)) - raft.server.log.segment.cache.size.max = 200MB (=209715200) (default)
2023-08-28 07:17:41,469 [s6-impl-thread1] INFO  server.RaftServerConfigKeys (ConfUtils.java:logGet(46)) - raft.server.log.appender.buffer.byte-limit = 4MB (=4194304) (default)
2023-08-28 07:17:41,469 [s6-impl-thread1] INFO  segmented.SegmentedRaftLogWorker (SegmentedRaftLogWorker.java:<init>(183)) - new s6@group-A716BADAF915-SegmentedRaftLogWorker for RaftStorageImpl:Storage Directory /home/runner/work/ratis/ratis/ratis-test/target/test/data/c5bbf9cd/MiniRaftClusterWithNetty3343a23d/s6/d9ad5678-9296-4fa8-9630-a716badaf915
2023-08-28 07:17:41,469 [s6-impl-thread1] INFO  server.RaftServerConfigKeys (ConfUtils.java:logGet(46)) - raft.server.log.queue.byte-limit = 64MB (=67108864) (default)
2023-08-28 07:17:41,469 [s6-impl-thread1] INFO  server.RaftServerConfigKeys (ConfUtils.java:logGet(46)) - raft.server.log.queue.element-limit = 4096 (default)
2023-08-28 07:17:41,469 [s6-impl-thread1] INFO  server.RaftServerConfigKeys (ConfUtils.java:logGet(46)) - raft.server.log.segment.size.max = 8MB (=8388608) (default)
2023-08-28 07:17:41,469 [s6-impl-thread1] INFO  server.RaftServerConfigKeys (ConfUtils.java:logGet(46)) - raft.server.log.preallocated.size = 4MB (=4194304) (default)
2023-08-28 07:17:41,469 [s6-impl-thread1] INFO  server.RaftServerConfigKeys (ConfUtils.java:logGet(46)) - raft.server.log.force.sync.num = 128 (default)
2023-08-28 07:17:41,469 [s6-impl-thread1] INFO  server.RaftServerConfigKeys (ConfUtils.java:logGet(46)) - raft.server.log.statemachine.data.sync = true (default)
2023-08-28 07:17:41,469 [s6-impl-thread1] INFO  server.RaftServerConfigKeys (ConfUtils.java:logGet(46)) - raft.server.log.statemachine.data.sync.timeout = 10s (default)
2023-08-28 07:17:41,469 [s6-impl-thread1] INFO  server.RaftServerConfigKeys (ConfUtils.java:logGet(46)) - raft.server.log.statemachine.data.sync.timeout.retry = -1 (default)
2023-08-28 07:17:41,469 [s6-impl-thread1] INFO  server.RaftServerConfigKeys (ConfUtils.java:logGet(46)) - raft.server.log.write.buffer.size = 64KB (=65536) (default)
2023-08-28 07:17:41,469 [s6-impl-thread1] INFO  server.RaftServerConfigKeys (ConfUtils.java:logGet(46)) - raft.server.log.appender.buffer.byte-limit = 4MB (=4194304) (default)
2023-08-28 07:17:41,470 [s6-impl-thread1] INFO  server.RaftServerConfigKeys (ConfUtils.java:logGet(46)) - raft.server.log.unsafe-flush.enabled = false (default)
2023-08-28 07:17:41,470 [s6-impl-thread1] INFO  server.RaftServerConfigKeys (ConfUtils.java:logGet(46)) - raft.server.log.async-flush.enabled = false (default)
2023-08-28 07:17:41,470 [s6-impl-thread1] INFO  server.RaftServerConfigKeys (ConfUtils.java:logGet(46)) - raft.server.log.statemachine.data.caching.enabled = false (default)
2023-08-28 07:17:41,470 [s6-impl-thread1] INFO  segmented.SegmentedRaftLogWorker (SegmentedRaftLogWorker.java:lambda$new$0(134)) - s6@group-A716BADAF915-SegmentedRaftLogWorker: flushIndex: setUnconditionally 0 -> -1
2023-08-28 07:17:41,470 [s6-impl-thread1] INFO  segmented.SegmentedRaftLogWorker (SegmentedRaftLogWorker.java:lambda$new$0(134)) - s6@group-A716BADAF915-SegmentedRaftLogWorker: safeCacheEvictIndex: setUnconditionally 0 -> -1
2023-08-28 07:17:41,474 [s6-impl-thread1] INFO  server.RaftServer$Division (RaftServerImpl.java:start(390)) - s6@group-A716BADAF915: start with initializing state, conf=-1: peers:[]|listeners:[], old=null
2023-08-28 07:17:41,474 [s6-impl-thread1] INFO  server.RaftServer$Division (RaftServerImpl.java:setRole(371)) - s6@group-A716BADAF915: changes role from      null to FOLLOWER at term 0 for startInitializing
2023-08-28 07:17:41,474 [s6-impl-thread1] INFO  util.JmxRegister (JmxRegister.java:tryRegister(44)) - Successfully registered JMX Bean with object name Ratis:service=RaftServer,group=group-A716BADAF915,id=s6
2023-08-28 07:17:41,474 [s6-impl-thread1] INFO  server.RaftServerConfigKeys (ConfUtils.java:logGet(46)) - raft.server.snapshot.trigger-when-stop.enabled = true (default)
2023-08-28 07:17:41,474 [s6-impl-thread1] INFO  server.RaftServerConfigKeys (ConfUtils.java:logGet(46)) - raft.server.snapshot.auto.trigger.enabled = false (default)
2023-08-28 07:17:41,474 [s6-impl-thread1] INFO  server.RaftServerConfigKeys (ConfUtils.java:logGet(46)) - raft.server.snapshot.retention.file.num = -1 (default)
2023-08-28 07:17:41,474 [s6-impl-thread1] INFO  server.RaftServerConfigKeys (ConfUtils.java:logGet(46)) - raft.server.log.purge.upto.snapshot.index = false (default)
2023-08-28 07:17:41,475 [Time-limited test] INFO  server.RaftServer (RaftServerProxy.java:startImpl(404)) - s6: start RPC server
2023-08-28 07:17:41,475 [nioEventLoopGroup-77-1] INFO  logging.LoggingHandler (AbstractInternalLogger.java:log(148)) - [id: 0x8534ac40] REGISTERED
2023-08-28 07:17:41,475 [nioEventLoopGroup-77-1] INFO  logging.LoggingHandler (AbstractInternalLogger.java:log(148)) - [id: 0x8534ac40] BIND: 0.0.0.0/0.0.0.0:35319
2023-08-28 07:17:41,475 [nioEventLoopGroup-77-1] INFO  logging.LoggingHandler (AbstractInternalLogger.java:log(148)) - [id: 0x8534ac40, L:/0.0.0.0:35319] ACTIVE
2023-08-28 07:17:41,476 [s0-impl-thread1] INFO  server.RaftServerConfigKeys (ConfUtils.java:logGet(46)) - raft.server.storage.free-space.min = 0MB (=0) (default)
2023-08-28 07:17:41,476 [s0-impl-thread1] INFO  server.RaftServerConfigKeys (ConfUtils.java:logGet(46)) - raft.server.log.corruption.policy = EXCEPTION (default)
2023-08-28 07:17:41,476 [s0-impl-thread1] INFO  server.RaftServerConfigKeys (ConfUtils.java:logGet(46)) - raft.server.storage.dir = [/home/runner/work/ratis/ratis/ratis-test/target/test/data/c5bbf9cd/MiniRaftClusterWithNetty3343a23d/s0] (custom)
2023-08-28 07:17:41,476 [s0-impl-thread1] INFO  storage.RaftStorageDirectory (RaftStorageDirectoryImpl.java:analyzeStorage(138)) - The storage directory /home/runner/work/ratis/ratis/ratis-test/target/test/data/c5bbf9cd/MiniRaftClusterWithNetty3343a23d/s0/d9ad5678-9296-4fa8-9630-a716badaf915 does not exist. Creating ...
2023-08-28 07:17:41,476 [s0-impl-thread1] TRACE util.FileUtils (LogUtils.java:runAndLog(49)) - Successfully ran Files.createDirectories /home/runner/work/ratis/ratis/ratis-test/target/test/data/c5bbf9cd/MiniRaftClusterWithNetty3343a23d/s0/d9ad5678-9296-4fa8-9630-a716badaf915
2023-08-28 07:17:41,477 [JvmPauseMonitor18] INFO  util.JvmPauseMonitor (JvmPauseMonitor.java:run(146)) - JvmPauseMonitor-s6: Started
2023-08-28 07:17:41,477 [s0-impl-thread1] INFO  storage.RaftStorageDirectory (RaftStorageDirectoryImpl.java:tryLock(232)) - Lock on /home/runner/work/ratis/ratis/ratis-test/target/test/data/c5bbf9cd/MiniRaftClusterWithNetty3343a23d/s0/d9ad5678-9296-4fa8-9630-a716badaf915/in_use.lock acquired by nodename 7908@fv-az1033-516
2023-08-28 07:17:41,477 [s0-impl-thread1] TRACE util.FileUtils (LogUtils.java:runAndLog(49)) - Successfully ran Files.createDirectories /home/runner/work/ratis/ratis/ratis-test/target/test/data/c5bbf9cd/MiniRaftClusterWithNetty3343a23d/s0/d9ad5678-9296-4fa8-9630-a716badaf915/current
2023-08-28 07:17:41,477 [s0-impl-thread1] TRACE util.FileUtils (LogUtils.java:runAndLog(49)) - Successfully ran Files.createDirectories /home/runner/work/ratis/ratis/ratis-test/target/test/data/c5bbf9cd/MiniRaftClusterWithNetty3343a23d/s0/d9ad5678-9296-4fa8-9630-a716badaf915/sm
2023-08-28 07:17:41,478 [s0-impl-thread1] INFO  storage.RaftStorage (RaftStorageImpl.java:format(97)) - Storage directory /home/runner/work/ratis/ratis/ratis-test/target/test/data/c5bbf9cd/MiniRaftClusterWithNetty3343a23d/s0/d9ad5678-9296-4fa8-9630-a716badaf915 has been successfully formatted.
2023-08-28 07:17:41,478 [s0-impl-thread1] INFO  server.RaftServerConfigKeys (ConfUtils.java:logGet(46)) - raft.server.log.use.memory = false (default)
2023-08-28 07:17:41,478 [s0-impl-thread1] INFO  server.RaftServerConfigKeys (ConfUtils.java:logGet(46)) - raft.server.log.purge.gap = 1024 (default)
2023-08-28 07:17:41,478 [s0-impl-thread1] INFO  server.RaftServerConfigKeys (ConfUtils.java:logGet(46)) - raft.server.log.appender.buffer.byte-limit = 4MB (=4194304) (default)
2023-08-28 07:17:41,478 [s0-impl-thread1] INFO  server.RaftServerConfigKeys (ConfUtils.java:logGet(46)) - raft.server.log.statemachine.data.read.timeout = 1000ms (default)
2023-08-28 07:17:41,478 [s0-impl-thread1] INFO  server.RaftServerConfigKeys (ConfUtils.java:logGet(46)) - raft.server.log.purge.preservation.log.num = 0 (default)
2023-08-28 07:17:41,478 [s0-impl-thread1] INFO  server.RaftServerConfigKeys (ConfUtils.java:logGet(46)) - raft.server.log.segment.size.max = 8MB (=8388608) (default)
2023-08-28 07:17:41,479 [s0-impl-thread1] INFO  server.RaftServerConfigKeys (ConfUtils.java:logGet(46)) - raft.server.log.segment.cache.num.max = 6 (default)
2023-08-28 07:17:41,479 [s0-impl-thread1] INFO  server.RaftServerConfigKeys (ConfUtils.java:logGet(46)) - raft.server.log.segment.cache.size.max = 200MB (=209715200) (default)
2023-08-28 07:17:41,479 [s0-impl-thread1] INFO  server.RaftServerConfigKeys (ConfUtils.java:logGet(46)) - raft.server.log.appender.buffer.byte-limit = 4MB (=4194304) (default)
2023-08-28 07:17:41,479 [s0-impl-thread1] INFO  segmented.SegmentedRaftLogWorker (SegmentedRaftLogWorker.java:<init>(183)) - new s0@group-A716BADAF915-SegmentedRaftLogWorker for RaftStorageImpl:Storage Directory /home/runner/work/ratis/ratis/ratis-test/target/test/data/c5bbf9cd/MiniRaftClusterWithNetty3343a23d/s0/d9ad5678-9296-4fa8-9630-a716badaf915
2023-08-28 07:17:41,479 [s0-impl-thread1] INFO  server.RaftServerConfigKeys (ConfUtils.java:logGet(46)) - raft.server.log.queue.byte-limit = 64MB (=67108864) (default)
2023-08-28 07:17:41,479 [s0-impl-thread1] INFO  server.RaftServerConfigKeys (ConfUtils.java:logGet(46)) - raft.server.log.queue.element-limit = 4096 (default)
2023-08-28 07:17:41,479 [s0-impl-thread1] INFO  server.RaftServerConfigKeys (ConfUtils.java:logGet(46)) - raft.server.log.segment.size.max = 8MB (=8388608) (default)
2023-08-28 07:17:41,479 [s0-impl-thread1] INFO  server.RaftServerConfigKeys (ConfUtils.java:logGet(46)) - raft.server.log.preallocated.size = 4MB (=4194304) (default)
2023-08-28 07:17:41,479 [s0-impl-thread1] INFO  server.RaftServerConfigKeys (ConfUtils.java:logGet(46)) - raft.server.log.force.sync.num = 128 (default)
2023-08-28 07:17:41,479 [s0-impl-thread1] INFO  server.RaftServerConfigKeys (ConfUtils.java:logGet(46)) - raft.server.log.statemachine.data.sync = true (default)
2023-08-28 07:17:41,479 [s0-impl-thread1] INFO  server.RaftServerConfigKeys (ConfUtils.java:logGet(46)) - raft.server.log.statemachine.data.sync.timeout = 10s (default)
2023-08-28 07:17:41,479 [s0-impl-thread1] INFO  server.RaftServerConfigKeys (ConfUtils.java:logGet(46)) - raft.server.log.statemachine.data.sync.timeout.retry = -1 (default)
2023-08-28 07:17:41,479 [s0-impl-thread1] INFO  server.RaftServerConfigKeys (ConfUtils.java:logGet(46)) - raft.server.log.write.buffer.size = 64KB (=65536) (default)
2023-08-28 07:17:41,479 [s0-impl-thread1] INFO  server.RaftServerConfigKeys (ConfUtils.java:logGet(46)) - raft.server.log.appender.buffer.byte-limit = 4MB (=4194304) (default)
2023-08-28 07:17:41,479 [s0-impl-thread1] INFO  server.RaftServerConfigKeys (ConfUtils.java:logGet(46)) - raft.server.log.unsafe-flush.enabled = false (default)
2023-08-28 07:17:41,479 [s0-impl-thread1] INFO  server.RaftServerConfigKeys (ConfUtils.java:logGet(46)) - raft.server.log.async-flush.enabled = false (default)
2023-08-28 07:17:41,479 [s0-impl-thread1] INFO  server.RaftServerConfigKeys (ConfUtils.java:logGet(46)) - raft.server.log.statemachine.data.caching.enabled = false (default)
2023-08-28 07:17:41,479 [s0-impl-thread1] INFO  segmented.SegmentedRaftLogWorker (SegmentedRaftLogWorker.java:lambda$new$0(134)) - s0@group-A716BADAF915-SegmentedRaftLogWorker: flushIndex: setUnconditionally 0 -> -1
2023-08-28 07:17:41,479 [s0-impl-thread1] INFO  segmented.SegmentedRaftLogWorker (SegmentedRaftLogWorker.java:lambda$new$0(134)) - s0@group-A716BADAF915-SegmentedRaftLogWorker: safeCacheEvictIndex: setUnconditionally 0 -> -1
2023-08-28 07:17:41,481 [s0-impl-thread1] INFO  server.RaftServer$Division (RaftServerImpl.java:start(390)) - s0@group-A716BADAF915: start with initializing state, conf=-1: peers:[]|listeners:[], old=null
2023-08-28 07:17:41,481 [s0-impl-thread1] INFO  server.RaftServer$Division (RaftServerImpl.java:setRole(371)) - s0@group-A716BADAF915: changes role from      null to FOLLOWER at term 0 for startInitializing
2023-08-28 07:17:41,481 [s0-impl-thread1] INFO  util.JmxRegister (JmxRegister.java:tryRegister(44)) - Successfully registered JMX Bean with object name Ratis:service=RaftServer,group=group-A716BADAF915,id=s0
2023-08-28 07:17:41,481 [s0-impl-thread1] INFO  server.RaftServerConfigKeys (ConfUtils.java:logGet(46)) - raft.server.snapshot.trigger-when-stop.enabled = true (default)
2023-08-28 07:17:41,481 [s0-impl-thread1] INFO  server.RaftServerConfigKeys (ConfUtils.java:logGet(46)) - raft.server.snapshot.auto.trigger.enabled = false (default)
2023-08-28 07:17:41,481 [s0-impl-thread1] INFO  server.RaftServerConfigKeys (ConfUtils.java:logGet(46)) - raft.server.snapshot.retention.file.num = -1 (default)
2023-08-28 07:17:41,481 [s0-impl-thread1] INFO  server.RaftServerConfigKeys (ConfUtils.java:logGet(46)) - raft.server.log.purge.upto.snapshot.index = false (default)
2023-08-28 07:17:41,482 [Time-limited test] INFO  server.RaftServer (RaftServerProxy.java:startImpl(404)) - s0: start RPC server
2023-08-28 07:17:41,483 [nioEventLoopGroup-60-1] INFO  logging.LoggingHandler (AbstractInternalLogger.java:log(148)) - [id: 0xa6818eb8] REGISTERED
2023-08-28 07:17:41,483 [nioEventLoopGroup-60-1] INFO  logging.LoggingHandler (AbstractInternalLogger.java:log(148)) - [id: 0xa6818eb8] BIND: 0.0.0.0/0.0.0.0:44707
2023-08-28 07:17:41,484 [nioEventLoopGroup-60-1] INFO  logging.LoggingHandler (AbstractInternalLogger.java:log(148)) - [id: 0xa6818eb8, L:/0.0.0.0:44707] ACTIVE
2023-08-28 07:17:41,486 [s1-impl-thread1] INFO  server.RaftServerConfigKeys (ConfUtils.java:logGet(46)) - raft.server.storage.free-space.min = 0MB (=0) (default)
2023-08-28 07:17:41,486 [s1-impl-thread1] INFO  server.RaftServerConfigKeys (ConfUtils.java:logGet(46)) - raft.server.log.corruption.policy = EXCEPTION (default)
2023-08-28 07:17:41,486 [s1-impl-thread1] INFO  server.RaftServerConfigKeys (ConfUtils.java:logGet(46)) - raft.server.storage.dir = [/home/runner/work/ratis/ratis/ratis-test/target/test/data/c5bbf9cd/MiniRaftClusterWithNetty3343a23d/s1] (custom)
2023-08-28 07:17:41,486 [s1-impl-thread1] INFO  storage.RaftStorageDirectory (RaftStorageDirectoryImpl.java:analyzeStorage(138)) - The storage directory /home/runner/work/ratis/ratis/ratis-test/target/test/data/c5bbf9cd/MiniRaftClusterWithNetty3343a23d/s1/d9ad5678-9296-4fa8-9630-a716badaf915 does not exist. Creating ...
2023-08-28 07:17:41,486 [s1-impl-thread1] TRACE util.FileUtils (LogUtils.java:runAndLog(49)) - Successfully ran Files.createDirectories /home/runner/work/ratis/ratis/ratis-test/target/test/data/c5bbf9cd/MiniRaftClusterWithNetty3343a23d/s1/d9ad5678-9296-4fa8-9630-a716badaf915
2023-08-28 07:17:41,487 [s1-impl-thread1] INFO  storage.RaftStorageDirectory (RaftStorageDirectoryImpl.java:tryLock(232)) - Lock on /home/runner/work/ratis/ratis/ratis-test/target/test/data/c5bbf9cd/MiniRaftClusterWithNetty3343a23d/s1/d9ad5678-9296-4fa8-9630-a716badaf915/in_use.lock acquired by nodename 7908@fv-az1033-516
2023-08-28 07:17:41,487 [s1-impl-thread1] TRACE util.FileUtils (LogUtils.java:runAndLog(49)) - Successfully ran Files.createDirectories /home/runner/work/ratis/ratis/ratis-test/target/test/data/c5bbf9cd/MiniRaftClusterWithNetty3343a23d/s1/d9ad5678-9296-4fa8-9630-a716badaf915/current
2023-08-28 07:17:41,487 [s1-impl-thread1] TRACE util.FileUtils (LogUtils.java:runAndLog(49)) - Successfully ran Files.createDirectories /home/runner/work/ratis/ratis/ratis-test/target/test/data/c5bbf9cd/MiniRaftClusterWithNetty3343a23d/s1/d9ad5678-9296-4fa8-9630-a716badaf915/sm
2023-08-28 07:17:41,488 [JvmPauseMonitor19] INFO  util.JvmPauseMonitor (JvmPauseMonitor.java:run(146)) - JvmPauseMonitor-s0: Started
2023-08-28 07:17:41,488 [s1-impl-thread1] INFO  storage.RaftStorage (RaftStorageImpl.java:format(97)) - Storage directory /home/runner/work/ratis/ratis/ratis-test/target/test/data/c5bbf9cd/MiniRaftClusterWithNetty3343a23d/s1/d9ad5678-9296-4fa8-9630-a716badaf915 has been successfully formatted.
2023-08-28 07:17:41,488 [s1-impl-thread1] INFO  server.RaftServerConfigKeys (ConfUtils.java:logGet(46)) - raft.server.log.use.memory = false (default)
2023-08-28 07:17:41,488 [s1-impl-thread1] INFO  server.RaftServerConfigKeys (ConfUtils.java:logGet(46)) - raft.server.log.purge.gap = 1024 (default)
2023-08-28 07:17:41,488 [s1-impl-thread1] INFO  server.RaftServerConfigKeys (ConfUtils.java:logGet(46)) - raft.server.log.appender.buffer.byte-limit = 4MB (=4194304) (default)
2023-08-28 07:17:41,489 [s1-impl-thread1] INFO  server.RaftServerConfigKeys (ConfUtils.java:logGet(46)) - raft.server.log.statemachine.data.read.timeout = 1000ms (default)
2023-08-28 07:17:41,489 [s1-impl-thread1] INFO  server.RaftServerConfigKeys (ConfUtils.java:logGet(46)) - raft.server.log.purge.preservation.log.num = 0 (default)
2023-08-28 07:17:41,489 [s1-impl-thread1] INFO  server.RaftServerConfigKeys (ConfUtils.java:logGet(46)) - raft.server.log.segment.size.max = 8MB (=8388608) (default)
2023-08-28 07:17:41,489 [s1-impl-thread1] INFO  server.RaftServerConfigKeys (ConfUtils.java:logGet(46)) - raft.server.log.segment.cache.num.max = 6 (default)
2023-08-28 07:17:41,489 [s1-impl-thread1] INFO  server.RaftServerConfigKeys (ConfUtils.java:logGet(46)) - raft.server.log.segment.cache.size.max = 200MB (=209715200) (default)
2023-08-28 07:17:41,489 [s1-impl-thread1] INFO  server.RaftServerConfigKeys (ConfUtils.java:logGet(46)) - raft.server.log.appender.buffer.byte-limit = 4MB (=4194304) (default)
2023-08-28 07:17:41,489 [s1-impl-thread1] INFO  segmented.SegmentedRaftLogWorker (SegmentedRaftLogWorker.java:<init>(183)) - new s1@group-A716BADAF915-SegmentedRaftLogWorker for RaftStorageImpl:Storage Directory /home/runner/work/ratis/ratis/ratis-test/target/test/data/c5bbf9cd/MiniRaftClusterWithNetty3343a23d/s1/d9ad5678-9296-4fa8-9630-a716badaf915
2023-08-28 07:17:41,489 [s1-impl-thread1] INFO  server.RaftServerConfigKeys (ConfUtils.java:logGet(46)) - raft.server.log.queue.byte-limit = 64MB (=67108864) (default)
2023-08-28 07:17:41,489 [s1-impl-thread1] INFO  server.RaftServerConfigKeys (ConfUtils.java:logGet(46)) - raft.server.log.queue.element-limit = 4096 (default)
2023-08-28 07:17:41,489 [s1-impl-thread1] INFO  server.RaftServerConfigKeys (ConfUtils.java:logGet(46)) - raft.server.log.segment.size.max = 8MB (=8388608) (default)
2023-08-28 07:17:41,489 [s1-impl-thread1] INFO  server.RaftServerConfigKeys (ConfUtils.java:logGet(46)) - raft.server.log.preallocated.size = 4MB (=4194304) (default)
2023-08-28 07:17:41,489 [s1-impl-thread1] INFO  server.RaftServerConfigKeys (ConfUtils.java:logGet(46)) - raft.server.log.force.sync.num = 128 (default)
2023-08-28 07:17:41,489 [s1-impl-thread1] INFO  server.RaftServerConfigKeys (ConfUtils.java:logGet(46)) - raft.server.log.statemachine.data.sync = true (default)
2023-08-28 07:17:41,489 [s1-impl-thread1] INFO  server.RaftServerConfigKeys (ConfUtils.java:logGet(46)) - raft.server.log.statemachine.data.sync.timeout = 10s (default)
2023-08-28 07:17:41,489 [s1-impl-thread1] INFO  server.RaftServerConfigKeys (ConfUtils.java:logGet(46)) - raft.server.log.statemachine.data.sync.timeout.retry = -1 (default)
2023-08-28 07:17:41,489 [s1-impl-thread1] INFO  server.RaftServerConfigKeys (ConfUtils.java:logGet(46)) - raft.server.log.write.buffer.size = 64KB (=65536) (default)
2023-08-28 07:17:41,489 [s1-impl-thread1] INFO  server.RaftServerConfigKeys (ConfUtils.java:logGet(46)) - raft.server.log.appender.buffer.byte-limit = 4MB (=4194304) (default)
2023-08-28 07:17:41,490 [s1-impl-thread1] INFO  server.RaftServerConfigKeys (ConfUtils.java:logGet(46)) - raft.server.log.unsafe-flush.enabled = false (default)
2023-08-28 07:17:41,490 [s1-impl-thread1] INFO  server.RaftServerConfigKeys (ConfUtils.java:logGet(46)) - raft.server.log.async-flush.enabled = false (default)
2023-08-28 07:17:41,490 [s1-impl-thread1] INFO  server.RaftServerConfigKeys (ConfUtils.java:logGet(46)) - raft.server.log.statemachine.data.caching.enabled = false (default)
2023-08-28 07:17:41,490 [s1-impl-thread1] INFO  segmented.SegmentedRaftLogWorker (SegmentedRaftLogWorker.java:lambda$new$0(134)) - s1@group-A716BADAF915-SegmentedRaftLogWorker: flushIndex: setUnconditionally 0 -> -1
2023-08-28 07:17:41,490 [s1-impl-thread1] INFO  segmented.SegmentedRaftLogWorker (SegmentedRaftLogWorker.java:lambda$new$0(134)) - s1@group-A716BADAF915-SegmentedRaftLogWorker: safeCacheEvictIndex: setUnconditionally 0 -> -1
2023-08-28 07:17:41,490 [s1-impl-thread1] INFO  server.RaftServer$Division (RaftServerImpl.java:start(390)) - s1@group-A716BADAF915: start with initializing state, conf=-1: peers:[]|listeners:[], old=null
2023-08-28 07:17:41,490 [s1-impl-thread1] INFO  server.RaftServer$Division (RaftServerImpl.java:setRole(371)) - s1@group-A716BADAF915: changes role from      null to FOLLOWER at term 0 for startInitializing
2023-08-28 07:17:41,490 [s1-impl-thread1] INFO  util.JmxRegister (JmxRegister.java:tryRegister(44)) - Successfully registered JMX Bean with object name Ratis:service=RaftServer,group=group-A716BADAF915,id=s1
2023-08-28 07:17:41,490 [s1-impl-thread1] INFO  server.RaftServerConfigKeys (ConfUtils.java:logGet(46)) - raft.server.snapshot.trigger-when-stop.enabled = true (default)
2023-08-28 07:17:41,490 [s1-impl-thread1] INFO  server.RaftServerConfigKeys (ConfUtils.java:logGet(46)) - raft.server.snapshot.auto.trigger.enabled = false (default)
2023-08-28 07:17:41,490 [s1-impl-thread1] INFO  server.RaftServerConfigKeys (ConfUtils.java:logGet(46)) - raft.server.snapshot.retention.file.num = -1 (default)
2023-08-28 07:17:41,490 [s1-impl-thread1] INFO  server.RaftServerConfigKeys (ConfUtils.java:logGet(46)) - raft.server.log.purge.upto.snapshot.index = false (default)
2023-08-28 07:17:41,491 [Time-limited test] INFO  server.RaftServer (RaftServerProxy.java:startImpl(404)) - s1: start RPC server
2023-08-28 07:17:41,491 [nioEventLoopGroup-62-1] INFO  logging.LoggingHandler (AbstractInternalLogger.java:log(148)) - [id: 0xec92f76f] REGISTERED
2023-08-28 07:17:41,491 [nioEventLoopGroup-62-1] INFO  logging.LoggingHandler (AbstractInternalLogger.java:log(148)) - [id: 0xec92f76f] BIND: 0.0.0.0/0.0.0.0:44325
2023-08-28 07:17:41,494 [nioEventLoopGroup-62-1] INFO  logging.LoggingHandler (AbstractInternalLogger.java:log(148)) - [id: 0xec92f76f] CLOSE
2023-08-28 07:17:41,494 [nioEventLoopGroup-62-1] INFO  logging.LoggingHandler (AbstractInternalLogger.java:log(148)) - [id: 0xec92f76f] UNREGISTERED
]]></system-out>
  </testcase>
  <testcase name="testMultiGroup9Nodes" classname="org.apache.ratis.netty.TestGroupManagementWithNetty" time="19.474">
    <system-out><![CDATA[2023-08-28 07:17:41,495 [main] INFO  util.LogUtils (Slf4jUtils.java:setLogLevel(38)) - Successfully set org.apache.ratis.conf.ConfUtils log level to WARN
2023-08-28 07:17:41,495 [main] INFO  util.LogUtils (Slf4jUtils.java:setLogLevel(38)) - Successfully set org.apache.ratis.util.FileUtils log level to TRACE
2023-08-28 07:17:41,495 [main] INFO  util.LogUtils (Slf4jUtils.java:setLogLevel(38)) - Successfully set org.apache.ratis.server.RaftServer log level to DEBUG
2023-08-28 07:17:41,495 [main] INFO  util.LogUtils (Slf4jUtils.java:setLogLevel(38)) - Successfully set org.apache.ratis.server.RaftServer$Division log level to DEBUG
2023-08-28 07:17:41,495 [main] INFO  util.LogUtils (Slf4jUtils.java:setLogLevel(38)) - Successfully set org.apache.ratis.client.RaftClient log level to DEBUG
| null | init | 46 |
2023-08-28 07:17:41,497 [Time-limited test] INFO  impl.MiniRaftCluster (MiniRaftCluster.java:<init>(306)) - new MiniRaftClusterWithNetty with group-75AB5BF27CAD:[]
2023-08-28 07:17:41,498 [Time-limited test] INFO  impl.GroupManagementBaseTest (GroupManagementBaseTest.java:runMultiGroupTest(251)) - 

runMultiGroupTest with MiniRaftClusterWithNetty[5, 8, 9]chosen=2: printing ALL groups
2023-08-28 07:17:41,498 [Time-limited test] INFO  impl.GroupManagementBaseTest (GroupManagementBaseTest.java:runMultiGroupTest(258)) - ids: [s0, s1, s2, s3, s4, s5, s6, s7, s8]
2023-08-28 07:17:41,498 [Time-limited test] INFO  impl.MiniRaftCluster (MiniRaftCluster.java:newRaftServer(382)) - newRaftServer: s0, group-75AB5BF27CAD:[], format? true
2023-08-28 07:17:41,498 [Time-limited test] TRACE util.FileUtils (FileUtils.java:deleteFully(201)) - deleteFully target/test/data/c5bbf9cd/MiniRaftClusterWithNetty9d0d4a8/s0
2023-08-28 07:17:41,498 [Time-limited test] TRACE util.FileUtils (FileUtils.java:deleteFully(217)) - deleteFully: target/test/data/c5bbf9cd/MiniRaftClusterWithNetty9d0d4a8/s0 does not exist.
2023-08-28 07:17:41,498 [Time-limited test] INFO  impl.MiniRaftCluster (MiniRaftCluster.java:newRaftServer(387)) - Formatted directory target/test/data/c5bbf9cd/MiniRaftClusterWithNetty9d0d4a8/s0
2023-08-28 07:17:41,498 [Time-limited test] DEBUG server.RaftServer (ServerImplUtils.java:newRaftServer(51)) - newRaftServer: s0, group-75AB5BF27CAD:[]
2023-08-28 07:17:41,498 [Time-limited test] INFO  server.RaftServer (ConfUtils.java:logGet(46)) - raft.rpc.type = NETTY (custom)
2023-08-28 07:17:41,498 [Time-limited test] INFO  netty.NettyConfigKeys$Server (ConfUtils.java:logGet(46)) - raft.netty.server.host = null (default)
2023-08-28 07:17:41,498 [Time-limited test] INFO  netty.NettyConfigKeys$Server (ConfUtils.java:logGet(46)) - raft.netty.server.port = 46813 (custom)
2023-08-28 07:17:41,499 [Time-limited test] INFO  impl.DataStreamServerImpl (ConfUtils.java:logGet(46)) - raft.datastream.type = DISABLED (default)
2023-08-28 07:17:41,499 [Time-limited test] INFO  server.RaftServerConfigKeys (ConfUtils.java:logGet(46)) - raft.server.threadpool.proxy.cached = true (default)
2023-08-28 07:17:41,499 [Time-limited test] INFO  server.RaftServerConfigKeys (ConfUtils.java:logGet(46)) - raft.server.threadpool.proxy.size = 0 (default)
2023-08-28 07:17:41,499 [Time-limited test] INFO  server.RaftServerConfigKeys (ConfUtils.java:logGet(46)) - raft.server.sleep.deviation.threshold = 300ms (default)
2023-08-28 07:17:41,499 [Time-limited test] INFO  server.RaftServerConfigKeys (ConfUtils.java:logGet(46)) - raft.server.rpc.slowness.timeout = 60s (default)
2023-08-28 07:17:41,499 [Time-limited test] INFO  server.RaftServerConfigKeys (ConfUtils.java:logGet(46)) - raft.server.leaderelection.leader.step-down.wait-time = 10s (default)
2023-08-28 07:17:41,499 [Time-limited test] INFO  server.RaftServerConfigKeys (ConfUtils.java:logGet(46)) - raft.server.storage.dir = [/home/runner/work/ratis/ratis/ratis-test/target/test/data/c5bbf9cd/MiniRaftClusterWithNetty9d0d4a8/s0] (custom)
2023-08-28 07:17:41,500 [Time-limited test] INFO  server.RaftServer (RaftServerProxy.java:addNew(99)) - s0: addNew group-75AB5BF27CAD:[] returns group-75AB5BF27CAD:java.util.concurrent.CompletableFuture@23c2882[Not completed]
2023-08-28 07:17:41,500 [s0-groupManagement] INFO  server.RaftServer$Division (RaftServerImpl.java:<init>(250)) - s0: new RaftServerImpl for group-75AB5BF27CAD:[] with BaseStateMachine:uninitialized
2023-08-28 07:17:41,500 [Time-limited test] INFO  impl.MiniRaftCluster (MiniRaftCluster.java:newRaftServer(382)) - newRaftServer: s1, group-75AB5BF27CAD:[], format? true
2023-08-28 07:17:41,500 [Time-limited test] TRACE util.FileUtils (FileUtils.java:deleteFully(201)) - deleteFully target/test/data/c5bbf9cd/MiniRaftClusterWithNetty9d0d4a8/s1
2023-08-28 07:17:41,500 [s0-groupManagement] INFO  server.RaftServerConfigKeys (ConfUtils.java:logGet(46)) - raft.server.rpc.timeout.min = 1500ms (custom)
2023-08-28 07:17:41,500 [Time-limited test] TRACE util.FileUtils (FileUtils.java:deleteFully(217)) - deleteFully: target/test/data/c5bbf9cd/MiniRaftClusterWithNetty9d0d4a8/s1 does not exist.
2023-08-28 07:17:41,500 [s0-groupManagement] INFO  server.RaftServerConfigKeys (ConfUtils.java:logGet(46)) - raft.server.rpc.timeout.max = 2000ms (custom)
2023-08-28 07:17:41,500 [Time-limited test] INFO  impl.MiniRaftCluster (MiniRaftCluster.java:newRaftServer(387)) - Formatted directory target/test/data/c5bbf9cd/MiniRaftClusterWithNetty9d0d4a8/s1
2023-08-28 07:17:41,501 [s0-groupManagement] INFO  server.RaftServerConfigKeys (ConfUtils.java:logGet(46)) - raft.server.rpc.sleep.time = 25ms (default)
2023-08-28 07:17:41,501 [s0-groupManagement] INFO  server.RaftServerConfigKeys (ConfUtils.java:logGet(46)) - raft.server.rpc.slowness.timeout = 60s (default)
2023-08-28 07:17:41,501 [s0-groupManagement] INFO  server.RaftServerConfigKeys (ConfUtils.java:logGet(46)) - raft.server.leaderelection.leader.step-down.wait-time = 10s (default)
2023-08-28 07:17:41,501 [s0-groupManagement] INFO  server.RaftServerConfigKeys (ConfUtils.java:logGet(46)) - raft.server.sleep.deviation.threshold = 300ms (default)
2023-08-28 07:17:41,501 [Time-limited test] DEBUG server.RaftServer (ServerImplUtils.java:newRaftServer(51)) - newRaftServer: s1, group-75AB5BF27CAD:[]
2023-08-28 07:17:41,501 [s0-groupManagement] INFO  server.RaftServer$Division (ServerState.java:<init>(113)) - s0@group-75AB5BF27CAD: ConfigurationManager, init=-1: peers:[]|listeners:[], old=null, confs=<EMPTY_MAP>
2023-08-28 07:17:41,501 [Time-limited test] INFO  server.RaftServer (ConfUtils.java:logGet(46)) - raft.rpc.type = NETTY (custom)
2023-08-28 07:17:41,501 [s0-groupManagement] INFO  server.RaftServerConfigKeys (ConfUtils.java:logGet(46)) - raft.server.notification.no-leader.timeout = 60s (default)
2023-08-28 07:17:41,501 [s0-groupManagement] INFO  server.RaftServerConfigKeys (ConfUtils.java:logGet(46)) - raft.server.read.timeout = 10s (default)
2023-08-28 07:17:41,501 [s0-groupManagement] INFO  server.RaftServerConfigKeys (ConfUtils.java:logGet(46)) - raft.server.retrycache.expirytime = 60s (default)
2023-08-28 07:17:41,501 [s0-groupManagement] INFO  server.RaftServerConfigKeys (ConfUtils.java:logGet(46)) - raft.server.retrycache.statistics.expirytime = 100μs (default)
2023-08-28 07:17:41,501 [s0-groupManagement] INFO  server.RaftServerConfigKeys (ConfUtils.java:logGet(46)) - raft.server.read.option = DEFAULT (default)
2023-08-28 07:17:41,501 [Time-limited test] INFO  netty.NettyConfigKeys$Server (ConfUtils.java:logGet(46)) - raft.netty.server.host = null (default)
2023-08-28 07:17:41,501 [Time-limited test] INFO  netty.NettyConfigKeys$Server (ConfUtils.java:logGet(46)) - raft.netty.server.port = 37301 (custom)
2023-08-28 07:17:41,501 [Time-limited test] INFO  impl.DataStreamServerImpl (ConfUtils.java:logGet(46)) - raft.datastream.type = DISABLED (default)
2023-08-28 07:17:41,501 [s0-groupManagement] INFO  server.RaftServerConfigKeys (ConfUtils.java:logGet(46)) - raft.server.rpc.request.timeout = 3000ms (default)
2023-08-28 07:17:41,501 [Time-limited test] INFO  server.RaftServerConfigKeys (ConfUtils.java:logGet(46)) - raft.server.threadpool.proxy.cached = true (default)
2023-08-28 07:17:41,502 [s0-groupManagement] INFO  server.RaftServerConfigKeys (ConfUtils.java:logGet(46)) - raft.server.log.appender.install.snapshot.enabled = true (default)
2023-08-28 07:17:41,502 [Time-limited test] INFO  server.RaftServerConfigKeys (ConfUtils.java:logGet(46)) - raft.server.threadpool.proxy.size = 0 (default)
2023-08-28 07:17:41,502 [s0-groupManagement] INFO  server.RaftServerConfigKeys (ConfUtils.java:logGet(46)) - raft.server.threadpool.server.cached = true (default)
2023-08-28 07:17:41,502 [Time-limited test] INFO  server.RaftServerConfigKeys (ConfUtils.java:logGet(46)) - raft.server.sleep.deviation.threshold = 300ms (default)
2023-08-28 07:17:41,502 [s0-groupManagement] INFO  server.RaftServerConfigKeys (ConfUtils.java:logGet(46)) - raft.server.threadpool.server.size = 0 (default)
2023-08-28 07:17:41,502 [Time-limited test] INFO  server.RaftServerConfigKeys (ConfUtils.java:logGet(46)) - raft.server.rpc.slowness.timeout = 60s (default)
2023-08-28 07:17:41,502 [s0-groupManagement] INFO  server.RaftServerConfigKeys (ConfUtils.java:logGet(46)) - raft.server.threadpool.client.cached = true (default)
2023-08-28 07:17:41,502 [Time-limited test] INFO  server.RaftServerConfigKeys (ConfUtils.java:logGet(46)) - raft.server.leaderelection.leader.step-down.wait-time = 10s (default)
2023-08-28 07:17:41,502 [s0-groupManagement] INFO  server.RaftServerConfigKeys (ConfUtils.java:logGet(46)) - raft.server.threadpool.client.size = 0 (default)
2023-08-28 07:17:41,502 [Time-limited test] INFO  server.RaftServerConfigKeys (ConfUtils.java:logGet(46)) - raft.server.storage.dir = [/home/runner/work/ratis/ratis/ratis-test/target/test/data/c5bbf9cd/MiniRaftClusterWithNetty9d0d4a8/s1] (custom)
2023-08-28 07:17:41,502 [Time-limited test] INFO  server.RaftServer (RaftServerProxy.java:addNew(99)) - s1: addNew group-75AB5BF27CAD:[] returns group-75AB5BF27CAD:java.util.concurrent.CompletableFuture@1d9c84ba[Not completed]
2023-08-28 07:17:41,503 [Time-limited test] INFO  impl.MiniRaftCluster (MiniRaftCluster.java:newRaftServer(382)) - newRaftServer: s2, group-75AB5BF27CAD:[], format? true
2023-08-28 07:17:41,503 [Time-limited test] TRACE util.FileUtils (FileUtils.java:deleteFully(201)) - deleteFully target/test/data/c5bbf9cd/MiniRaftClusterWithNetty9d0d4a8/s2
2023-08-28 07:17:41,503 [Time-limited test] TRACE util.FileUtils (FileUtils.java:deleteFully(217)) - deleteFully: target/test/data/c5bbf9cd/MiniRaftClusterWithNetty9d0d4a8/s2 does not exist.
2023-08-28 07:17:41,503 [Time-limited test] INFO  impl.MiniRaftCluster (MiniRaftCluster.java:newRaftServer(387)) - Formatted directory target/test/data/c5bbf9cd/MiniRaftClusterWithNetty9d0d4a8/s2
2023-08-28 07:17:41,503 [Time-limited test] DEBUG server.RaftServer (ServerImplUtils.java:newRaftServer(51)) - newRaftServer: s2, group-75AB5BF27CAD:[]
2023-08-28 07:17:41,503 [Time-limited test] INFO  server.RaftServer (ConfUtils.java:logGet(46)) - raft.rpc.type = NETTY (custom)
2023-08-28 07:17:41,503 [Time-limited test] INFO  netty.NettyConfigKeys$Server (ConfUtils.java:logGet(46)) - raft.netty.server.host = null (default)
2023-08-28 07:17:41,503 [Time-limited test] INFO  netty.NettyConfigKeys$Server (ConfUtils.java:logGet(46)) - raft.netty.server.port = 46017 (custom)
2023-08-28 07:17:41,503 [Time-limited test] INFO  impl.DataStreamServerImpl (ConfUtils.java:logGet(46)) - raft.datastream.type = DISABLED (default)
2023-08-28 07:17:41,503 [Time-limited test] INFO  server.RaftServerConfigKeys (ConfUtils.java:logGet(46)) - raft.server.threadpool.proxy.cached = true (default)
2023-08-28 07:17:41,503 [Time-limited test] INFO  server.RaftServerConfigKeys (ConfUtils.java:logGet(46)) - raft.server.threadpool.proxy.size = 0 (default)
2023-08-28 07:17:41,503 [Time-limited test] INFO  server.RaftServerConfigKeys (ConfUtils.java:logGet(46)) - raft.server.sleep.deviation.threshold = 300ms (default)
2023-08-28 07:17:41,503 [Time-limited test] INFO  server.RaftServerConfigKeys (ConfUtils.java:logGet(46)) - raft.server.rpc.slowness.timeout = 60s (default)
2023-08-28 07:17:41,503 [Time-limited test] INFO  server.RaftServerConfigKeys (ConfUtils.java:logGet(46)) - raft.server.leaderelection.leader.step-down.wait-time = 10s (default)
2023-08-28 07:17:41,504 [Time-limited test] INFO  server.RaftServerConfigKeys (ConfUtils.java:logGet(46)) - raft.server.storage.dir = [/home/runner/work/ratis/ratis/ratis-test/target/test/data/c5bbf9cd/MiniRaftClusterWithNetty9d0d4a8/s2] (custom)
2023-08-28 07:17:41,505 [s1-groupManagement] INFO  server.RaftServer$Division (RaftServerImpl.java:<init>(250)) - s1: new RaftServerImpl for group-75AB5BF27CAD:[] with BaseStateMachine:uninitialized
2023-08-28 07:17:41,505 [s1-groupManagement] INFO  server.RaftServerConfigKeys (ConfUtils.java:logGet(46)) - raft.server.rpc.timeout.min = 1500ms (custom)
2023-08-28 07:17:41,505 [s1-groupManagement] INFO  server.RaftServerConfigKeys (ConfUtils.java:logGet(46)) - raft.server.rpc.timeout.max = 2000ms (custom)
2023-08-28 07:17:41,505 [s1-groupManagement] INFO  server.RaftServerConfigKeys (ConfUtils.java:logGet(46)) - raft.server.rpc.sleep.time = 25ms (default)
2023-08-28 07:17:41,505 [s1-groupManagement] INFO  server.RaftServerConfigKeys (ConfUtils.java:logGet(46)) - raft.server.rpc.slowness.timeout = 60s (default)
2023-08-28 07:17:41,505 [s1-groupManagement] INFO  server.RaftServerConfigKeys (ConfUtils.java:logGet(46)) - raft.server.leaderelection.leader.step-down.wait-time = 10s (default)
2023-08-28 07:17:41,505 [s1-groupManagement] INFO  server.RaftServerConfigKeys (ConfUtils.java:logGet(46)) - raft.server.sleep.deviation.threshold = 300ms (default)
2023-08-28 07:17:41,505 [s1-groupManagement] INFO  server.RaftServer$Division (ServerState.java:<init>(113)) - s1@group-75AB5BF27CAD: ConfigurationManager, init=-1: peers:[]|listeners:[], old=null, confs=<EMPTY_MAP>
2023-08-28 07:17:41,505 [s1-groupManagement] INFO  server.RaftServerConfigKeys (ConfUtils.java:logGet(46)) - raft.server.notification.no-leader.timeout = 60s (default)
2023-08-28 07:17:41,505 [s1-groupManagement] INFO  server.RaftServerConfigKeys (ConfUtils.java:logGet(46)) - raft.server.read.timeout = 10s (default)
2023-08-28 07:17:41,505 [s1-groupManagement] INFO  server.RaftServerConfigKeys (ConfUtils.java:logGet(46)) - raft.server.retrycache.expirytime = 60s (default)
2023-08-28 07:17:41,505 [s1-groupManagement] INFO  server.RaftServerConfigKeys (ConfUtils.java:logGet(46)) - raft.server.retrycache.statistics.expirytime = 100μs (default)
2023-08-28 07:17:41,505 [s1-groupManagement] INFO  server.RaftServerConfigKeys (ConfUtils.java:logGet(46)) - raft.server.read.option = DEFAULT (default)
2023-08-28 07:17:41,505 [s1-groupManagement] INFO  server.RaftServerConfigKeys (ConfUtils.java:logGet(46)) - raft.server.rpc.request.timeout = 3000ms (default)
2023-08-28 07:17:41,506 [s1-groupManagement] INFO  server.RaftServerConfigKeys (ConfUtils.java:logGet(46)) - raft.server.log.appender.install.snapshot.enabled = true (default)
2023-08-28 07:17:41,506 [s1-groupManagement] INFO  server.RaftServerConfigKeys (ConfUtils.java:logGet(46)) - raft.server.threadpool.server.cached = true (default)
2023-08-28 07:17:41,506 [s1-groupManagement] INFO  server.RaftServerConfigKeys (ConfUtils.java:logGet(46)) - raft.server.threadpool.server.size = 0 (default)
2023-08-28 07:17:41,506 [s1-groupManagement] INFO  server.RaftServerConfigKeys (ConfUtils.java:logGet(46)) - raft.server.threadpool.client.cached = true (default)
2023-08-28 07:17:41,506 [s1-groupManagement] INFO  server.RaftServerConfigKeys (ConfUtils.java:logGet(46)) - raft.server.threadpool.client.size = 0 (default)
2023-08-28 07:17:41,506 [Time-limited test] INFO  server.RaftServer (RaftServerProxy.java:addNew(99)) - s2: addNew group-75AB5BF27CAD:[] returns group-75AB5BF27CAD:java.util.concurrent.CompletableFuture@de3daea[Not completed]
2023-08-28 07:17:41,506 [Time-limited test] INFO  impl.MiniRaftCluster (MiniRaftCluster.java:newRaftServer(382)) - newRaftServer: s3, group-75AB5BF27CAD:[], format? true
2023-08-28 07:17:41,506 [Time-limited test] TRACE util.FileUtils (FileUtils.java:deleteFully(201)) - deleteFully target/test/data/c5bbf9cd/MiniRaftClusterWithNetty9d0d4a8/s3
2023-08-28 07:17:41,506 [Time-limited test] TRACE util.FileUtils (FileUtils.java:deleteFully(217)) - deleteFully: target/test/data/c5bbf9cd/MiniRaftClusterWithNetty9d0d4a8/s3 does not exist.
2023-08-28 07:17:41,506 [Time-limited test] INFO  impl.MiniRaftCluster (MiniRaftCluster.java:newRaftServer(387)) - Formatted directory target/test/data/c5bbf9cd/MiniRaftClusterWithNetty9d0d4a8/s3
2023-08-28 07:17:41,506 [s2-groupManagement] INFO  server.RaftServer$Division (RaftServerImpl.java:<init>(250)) - s2: new RaftServerImpl for group-75AB5BF27CAD:[] with BaseStateMachine:uninitialized
2023-08-28 07:17:41,506 [s2-groupManagement] INFO  server.RaftServerConfigKeys (ConfUtils.java:logGet(46)) - raft.server.rpc.timeout.min = 1500ms (custom)
2023-08-28 07:17:41,506 [Time-limited test] DEBUG server.RaftServer (ServerImplUtils.java:newRaftServer(51)) - newRaftServer: s3, group-75AB5BF27CAD:[]
2023-08-28 07:17:41,506 [s2-groupManagement] INFO  server.RaftServerConfigKeys (ConfUtils.java:logGet(46)) - raft.server.rpc.timeout.max = 2000ms (custom)
2023-08-28 07:17:41,506 [Time-limited test] INFO  server.RaftServer (ConfUtils.java:logGet(46)) - raft.rpc.type = NETTY (custom)
2023-08-28 07:17:41,506 [s2-groupManagement] INFO  server.RaftServerConfigKeys (ConfUtils.java:logGet(46)) - raft.server.rpc.sleep.time = 25ms (default)
2023-08-28 07:17:41,506 [s2-groupManagement] INFO  server.RaftServerConfigKeys (ConfUtils.java:logGet(46)) - raft.server.rpc.slowness.timeout = 60s (default)
2023-08-28 07:17:41,506 [s2-groupManagement] INFO  server.RaftServerConfigKeys (ConfUtils.java:logGet(46)) - raft.server.leaderelection.leader.step-down.wait-time = 10s (default)
2023-08-28 07:17:41,506 [s2-groupManagement] INFO  server.RaftServerConfigKeys (ConfUtils.java:logGet(46)) - raft.server.sleep.deviation.threshold = 300ms (default)
2023-08-28 07:17:41,506 [s2-groupManagement] INFO  server.RaftServer$Division (ServerState.java:<init>(113)) - s2@group-75AB5BF27CAD: ConfigurationManager, init=-1: peers:[]|listeners:[], old=null, confs=<EMPTY_MAP>
2023-08-28 07:17:41,506 [s2-groupManagement] INFO  server.RaftServerConfigKeys (ConfUtils.java:logGet(46)) - raft.server.notification.no-leader.timeout = 60s (default)
2023-08-28 07:17:41,506 [s2-groupManagement] INFO  server.RaftServerConfigKeys (ConfUtils.java:logGet(46)) - raft.server.read.timeout = 10s (default)
2023-08-28 07:17:41,506 [s2-groupManagement] INFO  server.RaftServerConfigKeys (ConfUtils.java:logGet(46)) - raft.server.retrycache.expirytime = 60s (default)
2023-08-28 07:17:41,506 [s2-groupManagement] INFO  server.RaftServerConfigKeys (ConfUtils.java:logGet(46)) - raft.server.retrycache.statistics.expirytime = 100μs (default)
2023-08-28 07:17:41,506 [Time-limited test] INFO  netty.NettyConfigKeys$Server (ConfUtils.java:logGet(46)) - raft.netty.server.host = null (default)
2023-08-28 07:17:41,506 [s2-groupManagement] INFO  server.RaftServerConfigKeys (ConfUtils.java:logGet(46)) - raft.server.read.option = DEFAULT (default)
2023-08-28 07:17:41,506 [Time-limited test] INFO  netty.NettyConfigKeys$Server (ConfUtils.java:logGet(46)) - raft.netty.server.port = 36829 (custom)
2023-08-28 07:17:41,506 [Time-limited test] INFO  impl.DataStreamServerImpl (ConfUtils.java:logGet(46)) - raft.datastream.type = DISABLED (default)
2023-08-28 07:17:41,507 [Time-limited test] INFO  server.RaftServerConfigKeys (ConfUtils.java:logGet(46)) - raft.server.threadpool.proxy.cached = true (default)
2023-08-28 07:17:41,507 [Time-limited test] INFO  server.RaftServerConfigKeys (ConfUtils.java:logGet(46)) - raft.server.threadpool.proxy.size = 0 (default)
2023-08-28 07:17:41,507 [Time-limited test] INFO  server.RaftServerConfigKeys (ConfUtils.java:logGet(46)) - raft.server.sleep.deviation.threshold = 300ms (default)
2023-08-28 07:17:41,507 [Time-limited test] INFO  server.RaftServerConfigKeys (ConfUtils.java:logGet(46)) - raft.server.rpc.slowness.timeout = 60s (default)
2023-08-28 07:17:41,507 [Time-limited test] INFO  server.RaftServerConfigKeys (ConfUtils.java:logGet(46)) - raft.server.leaderelection.leader.step-down.wait-time = 10s (default)
2023-08-28 07:17:41,507 [Time-limited test] INFO  server.RaftServerConfigKeys (ConfUtils.java:logGet(46)) - raft.server.storage.dir = [/home/runner/work/ratis/ratis/ratis-test/target/test/data/c5bbf9cd/MiniRaftClusterWithNetty9d0d4a8/s3] (custom)
2023-08-28 07:17:41,507 [s2-groupManagement] INFO  server.RaftServerConfigKeys (ConfUtils.java:logGet(46)) - raft.server.rpc.request.timeout = 3000ms (default)
2023-08-28 07:17:41,507 [s2-groupManagement] INFO  server.RaftServerConfigKeys (ConfUtils.java:logGet(46)) - raft.server.log.appender.install.snapshot.enabled = true (default)
2023-08-28 07:17:41,510 [s2-groupManagement] INFO  server.RaftServerConfigKeys (ConfUtils.java:logGet(46)) - raft.server.threadpool.server.cached = true (default)
2023-08-28 07:17:41,510 [s2-groupManagement] INFO  server.RaftServerConfigKeys (ConfUtils.java:logGet(46)) - raft.server.threadpool.server.size = 0 (default)
2023-08-28 07:17:41,510 [s2-groupManagement] INFO  server.RaftServerConfigKeys (ConfUtils.java:logGet(46)) - raft.server.threadpool.client.cached = true (default)
2023-08-28 07:17:41,510 [s2-groupManagement] INFO  server.RaftServerConfigKeys (ConfUtils.java:logGet(46)) - raft.server.threadpool.client.size = 0 (default)
2023-08-28 07:17:41,511 [Time-limited test] INFO  server.RaftServer (RaftServerProxy.java:addNew(99)) - s3: addNew group-75AB5BF27CAD:[] returns group-75AB5BF27CAD:java.util.concurrent.CompletableFuture@7ee6e413[Not completed]
2023-08-28 07:17:41,511 [Time-limited test] INFO  impl.MiniRaftCluster (MiniRaftCluster.java:newRaftServer(382)) - newRaftServer: s4, group-75AB5BF27CAD:[], format? true
2023-08-28 07:17:41,511 [Time-limited test] TRACE util.FileUtils (FileUtils.java:deleteFully(201)) - deleteFully target/test/data/c5bbf9cd/MiniRaftClusterWithNetty9d0d4a8/s4
2023-08-28 07:17:41,511 [Time-limited test] TRACE util.FileUtils (FileUtils.java:deleteFully(217)) - deleteFully: target/test/data/c5bbf9cd/MiniRaftClusterWithNetty9d0d4a8/s4 does not exist.
2023-08-28 07:17:41,511 [s3-groupManagement] INFO  server.RaftServer$Division (RaftServerImpl.java:<init>(250)) - s3: new RaftServerImpl for group-75AB5BF27CAD:[] with BaseStateMachine:uninitialized
2023-08-28 07:17:41,511 [s3-groupManagement] INFO  server.RaftServerConfigKeys (ConfUtils.java:logGet(46)) - raft.server.rpc.timeout.min = 1500ms (custom)
2023-08-28 07:17:41,511 [s3-groupManagement] INFO  server.RaftServerConfigKeys (ConfUtils.java:logGet(46)) - raft.server.rpc.timeout.max = 2000ms (custom)
2023-08-28 07:17:41,511 [s3-groupManagement] INFO  server.RaftServerConfigKeys (ConfUtils.java:logGet(46)) - raft.server.rpc.sleep.time = 25ms (default)
2023-08-28 07:17:41,511 [s3-groupManagement] INFO  server.RaftServerConfigKeys (ConfUtils.java:logGet(46)) - raft.server.rpc.slowness.timeout = 60s (default)
2023-08-28 07:17:41,511 [Time-limited test] INFO  impl.MiniRaftCluster (MiniRaftCluster.java:newRaftServer(387)) - Formatted directory target/test/data/c5bbf9cd/MiniRaftClusterWithNetty9d0d4a8/s4
2023-08-28 07:17:41,511 [s3-groupManagement] INFO  server.RaftServerConfigKeys (ConfUtils.java:logGet(46)) - raft.server.leaderelection.leader.step-down.wait-time = 10s (default)
2023-08-28 07:17:41,511 [s3-groupManagement] INFO  server.RaftServerConfigKeys (ConfUtils.java:logGet(46)) - raft.server.sleep.deviation.threshold = 300ms (default)
2023-08-28 07:17:41,511 [s3-groupManagement] INFO  server.RaftServer$Division (ServerState.java:<init>(113)) - s3@group-75AB5BF27CAD: ConfigurationManager, init=-1: peers:[]|listeners:[], old=null, confs=<EMPTY_MAP>
2023-08-28 07:17:41,511 [s3-groupManagement] INFO  server.RaftServerConfigKeys (ConfUtils.java:logGet(46)) - raft.server.notification.no-leader.timeout = 60s (default)
2023-08-28 07:17:41,511 [Time-limited test] DEBUG server.RaftServer (ServerImplUtils.java:newRaftServer(51)) - newRaftServer: s4, group-75AB5BF27CAD:[]
2023-08-28 07:17:41,511 [s3-groupManagement] INFO  server.RaftServerConfigKeys (ConfUtils.java:logGet(46)) - raft.server.read.timeout = 10s (default)
2023-08-28 07:17:41,511 [Time-limited test] INFO  server.RaftServer (ConfUtils.java:logGet(46)) - raft.rpc.type = NETTY (custom)
2023-08-28 07:17:41,511 [s3-groupManagement] INFO  server.RaftServerConfigKeys (ConfUtils.java:logGet(46)) - raft.server.retrycache.expirytime = 60s (default)
2023-08-28 07:17:41,511 [s3-groupManagement] INFO  server.RaftServerConfigKeys (ConfUtils.java:logGet(46)) - raft.server.retrycache.statistics.expirytime = 100μs (default)
2023-08-28 07:17:41,511 [s3-groupManagement] INFO  server.RaftServerConfigKeys (ConfUtils.java:logGet(46)) - raft.server.read.option = DEFAULT (default)
2023-08-28 07:17:41,512 [Time-limited test] INFO  netty.NettyConfigKeys$Server (ConfUtils.java:logGet(46)) - raft.netty.server.host = null (default)
2023-08-28 07:17:41,512 [Time-limited test] INFO  netty.NettyConfigKeys$Server (ConfUtils.java:logGet(46)) - raft.netty.server.port = 45719 (custom)
2023-08-28 07:17:41,512 [Time-limited test] INFO  impl.DataStreamServerImpl (ConfUtils.java:logGet(46)) - raft.datastream.type = DISABLED (default)
2023-08-28 07:17:41,512 [Time-limited test] INFO  server.RaftServerConfigKeys (ConfUtils.java:logGet(46)) - raft.server.threadpool.proxy.cached = true (default)
2023-08-28 07:17:41,512 [Time-limited test] INFO  server.RaftServerConfigKeys (ConfUtils.java:logGet(46)) - raft.server.threadpool.proxy.size = 0 (default)
2023-08-28 07:17:41,512 [Time-limited test] INFO  server.RaftServerConfigKeys (ConfUtils.java:logGet(46)) - raft.server.sleep.deviation.threshold = 300ms (default)
2023-08-28 07:17:41,512 [s3-groupManagement] INFO  server.RaftServerConfigKeys (ConfUtils.java:logGet(46)) - raft.server.rpc.request.timeout = 3000ms (default)
2023-08-28 07:17:41,512 [Time-limited test] INFO  server.RaftServerConfigKeys (ConfUtils.java:logGet(46)) - raft.server.rpc.slowness.timeout = 60s (default)
2023-08-28 07:17:41,512 [s3-groupManagement] INFO  server.RaftServerConfigKeys (ConfUtils.java:logGet(46)) - raft.server.log.appender.install.snapshot.enabled = true (default)
2023-08-28 07:17:41,512 [Time-limited test] INFO  server.RaftServerConfigKeys (ConfUtils.java:logGet(46)) - raft.server.leaderelection.leader.step-down.wait-time = 10s (default)
2023-08-28 07:17:41,512 [s3-groupManagement] INFO  server.RaftServerConfigKeys (ConfUtils.java:logGet(46)) - raft.server.threadpool.server.cached = true (default)
2023-08-28 07:17:41,512 [s3-groupManagement] INFO  server.RaftServerConfigKeys (ConfUtils.java:logGet(46)) - raft.server.threadpool.server.size = 0 (default)
2023-08-28 07:17:41,512 [s3-groupManagement] INFO  server.RaftServerConfigKeys (ConfUtils.java:logGet(46)) - raft.server.threadpool.client.cached = true (default)
2023-08-28 07:17:41,512 [Time-limited test] INFO  server.RaftServerConfigKeys (ConfUtils.java:logGet(46)) - raft.server.storage.dir = [/home/runner/work/ratis/ratis/ratis-test/target/test/data/c5bbf9cd/MiniRaftClusterWithNetty9d0d4a8/s4] (custom)
2023-08-28 07:17:41,512 [s3-groupManagement] INFO  server.RaftServerConfigKeys (ConfUtils.java:logGet(46)) - raft.server.threadpool.client.size = 0 (default)
2023-08-28 07:17:41,514 [Time-limited test] INFO  server.RaftServer (RaftServerProxy.java:addNew(99)) - s4: addNew group-75AB5BF27CAD:[] returns group-75AB5BF27CAD:java.util.concurrent.CompletableFuture@610f450[Not completed]
2023-08-28 07:17:41,514 [Time-limited test] INFO  impl.MiniRaftCluster (MiniRaftCluster.java:newRaftServer(382)) - newRaftServer: s5, group-75AB5BF27CAD:[], format? true
2023-08-28 07:17:41,514 [Time-limited test] TRACE util.FileUtils (FileUtils.java:deleteFully(201)) - deleteFully target/test/data/c5bbf9cd/MiniRaftClusterWithNetty9d0d4a8/s5
2023-08-28 07:17:41,514 [Time-limited test] TRACE util.FileUtils (FileUtils.java:deleteFully(217)) - deleteFully: target/test/data/c5bbf9cd/MiniRaftClusterWithNetty9d0d4a8/s5 does not exist.
2023-08-28 07:17:41,514 [s4-groupManagement] INFO  server.RaftServer$Division (RaftServerImpl.java:<init>(250)) - s4: new RaftServerImpl for group-75AB5BF27CAD:[] with BaseStateMachine:uninitialized
2023-08-28 07:17:41,514 [s4-groupManagement] INFO  server.RaftServerConfigKeys (ConfUtils.java:logGet(46)) - raft.server.rpc.timeout.min = 1500ms (custom)
2023-08-28 07:17:41,514 [s4-groupManagement] INFO  server.RaftServerConfigKeys (ConfUtils.java:logGet(46)) - raft.server.rpc.timeout.max = 2000ms (custom)
2023-08-28 07:17:41,514 [s4-groupManagement] INFO  server.RaftServerConfigKeys (ConfUtils.java:logGet(46)) - raft.server.rpc.sleep.time = 25ms (default)
2023-08-28 07:17:41,514 [s4-groupManagement] INFO  server.RaftServerConfigKeys (ConfUtils.java:logGet(46)) - raft.server.rpc.slowness.timeout = 60s (default)
2023-08-28 07:17:41,514 [s4-groupManagement] INFO  server.RaftServerConfigKeys (ConfUtils.java:logGet(46)) - raft.server.leaderelection.leader.step-down.wait-time = 10s (default)
2023-08-28 07:17:41,514 [s4-groupManagement] INFO  server.RaftServerConfigKeys (ConfUtils.java:logGet(46)) - raft.server.sleep.deviation.threshold = 300ms (default)
2023-08-28 07:17:41,514 [s4-groupManagement] INFO  server.RaftServer$Division (ServerState.java:<init>(113)) - s4@group-75AB5BF27CAD: ConfigurationManager, init=-1: peers:[]|listeners:[], old=null, confs=<EMPTY_MAP>
2023-08-28 07:17:41,515 [s4-groupManagement] INFO  server.RaftServerConfigKeys (ConfUtils.java:logGet(46)) - raft.server.notification.no-leader.timeout = 60s (default)
2023-08-28 07:17:41,515 [s4-groupManagement] INFO  server.RaftServerConfigKeys (ConfUtils.java:logGet(46)) - raft.server.read.timeout = 10s (default)
2023-08-28 07:17:41,515 [s4-groupManagement] INFO  server.RaftServerConfigKeys (ConfUtils.java:logGet(46)) - raft.server.retrycache.expirytime = 60s (default)
2023-08-28 07:17:41,515 [s4-groupManagement] INFO  server.RaftServerConfigKeys (ConfUtils.java:logGet(46)) - raft.server.retrycache.statistics.expirytime = 100μs (default)
2023-08-28 07:17:41,515 [s4-groupManagement] INFO  server.RaftServerConfigKeys (ConfUtils.java:logGet(46)) - raft.server.read.option = DEFAULT (default)
2023-08-28 07:17:41,514 [Time-limited test] INFO  impl.MiniRaftCluster (MiniRaftCluster.java:newRaftServer(387)) - Formatted directory target/test/data/c5bbf9cd/MiniRaftClusterWithNetty9d0d4a8/s5
2023-08-28 07:17:41,515 [s4-groupManagement] INFO  server.RaftServerConfigKeys (ConfUtils.java:logGet(46)) - raft.server.rpc.request.timeout = 3000ms (default)
2023-08-28 07:17:41,515 [s4-groupManagement] INFO  server.RaftServerConfigKeys (ConfUtils.java:logGet(46)) - raft.server.log.appender.install.snapshot.enabled = true (default)
2023-08-28 07:17:41,515 [Time-limited test] DEBUG server.RaftServer (ServerImplUtils.java:newRaftServer(51)) - newRaftServer: s5, group-75AB5BF27CAD:[]
2023-08-28 07:17:41,515 [s4-groupManagement] INFO  server.RaftServerConfigKeys (ConfUtils.java:logGet(46)) - raft.server.threadpool.server.cached = true (default)
2023-08-28 07:17:41,515 [Time-limited test] INFO  server.RaftServer (ConfUtils.java:logGet(46)) - raft.rpc.type = NETTY (custom)
2023-08-28 07:17:41,515 [s4-groupManagement] INFO  server.RaftServerConfigKeys (ConfUtils.java:logGet(46)) - raft.server.threadpool.server.size = 0 (default)
2023-08-28 07:17:41,515 [s4-groupManagement] INFO  server.RaftServerConfigKeys (ConfUtils.java:logGet(46)) - raft.server.threadpool.client.cached = true (default)
2023-08-28 07:17:41,515 [s4-groupManagement] INFO  server.RaftServerConfigKeys (ConfUtils.java:logGet(46)) - raft.server.threadpool.client.size = 0 (default)
2023-08-28 07:17:41,515 [Time-limited test] INFO  netty.NettyConfigKeys$Server (ConfUtils.java:logGet(46)) - raft.netty.server.host = null (default)
2023-08-28 07:17:41,516 [Time-limited test] INFO  netty.NettyConfigKeys$Server (ConfUtils.java:logGet(46)) - raft.netty.server.port = 35717 (custom)
2023-08-28 07:17:41,516 [Time-limited test] INFO  impl.DataStreamServerImpl (ConfUtils.java:logGet(46)) - raft.datastream.type = DISABLED (default)
2023-08-28 07:17:41,516 [Time-limited test] INFO  server.RaftServerConfigKeys (ConfUtils.java:logGet(46)) - raft.server.threadpool.proxy.cached = true (default)
2023-08-28 07:17:41,516 [Time-limited test] INFO  server.RaftServerConfigKeys (ConfUtils.java:logGet(46)) - raft.server.threadpool.proxy.size = 0 (default)
2023-08-28 07:17:41,516 [Time-limited test] INFO  server.RaftServerConfigKeys (ConfUtils.java:logGet(46)) - raft.server.sleep.deviation.threshold = 300ms (default)
2023-08-28 07:17:41,516 [Time-limited test] INFO  server.RaftServerConfigKeys (ConfUtils.java:logGet(46)) - raft.server.rpc.slowness.timeout = 60s (default)
2023-08-28 07:17:41,516 [Time-limited test] INFO  server.RaftServerConfigKeys (ConfUtils.java:logGet(46)) - raft.server.leaderelection.leader.step-down.wait-time = 10s (default)
2023-08-28 07:17:41,516 [Time-limited test] INFO  server.RaftServerConfigKeys (ConfUtils.java:logGet(46)) - raft.server.storage.dir = [/home/runner/work/ratis/ratis/ratis-test/target/test/data/c5bbf9cd/MiniRaftClusterWithNetty9d0d4a8/s5] (custom)
2023-08-28 07:17:41,517 [Time-limited test] INFO  server.RaftServer (RaftServerProxy.java:addNew(99)) - s5: addNew group-75AB5BF27CAD:[] returns group-75AB5BF27CAD:java.util.concurrent.CompletableFuture@173d741e[Not completed]
2023-08-28 07:17:41,517 [Time-limited test] INFO  impl.MiniRaftCluster (MiniRaftCluster.java:newRaftServer(382)) - newRaftServer: s6, group-75AB5BF27CAD:[], format? true
2023-08-28 07:17:41,517 [Time-limited test] TRACE util.FileUtils (FileUtils.java:deleteFully(201)) - deleteFully target/test/data/c5bbf9cd/MiniRaftClusterWithNetty9d0d4a8/s6
2023-08-28 07:17:41,517 [Time-limited test] TRACE util.FileUtils (FileUtils.java:deleteFully(217)) - deleteFully: target/test/data/c5bbf9cd/MiniRaftClusterWithNetty9d0d4a8/s6 does not exist.
2023-08-28 07:17:41,517 [Time-limited test] INFO  impl.MiniRaftCluster (MiniRaftCluster.java:newRaftServer(387)) - Formatted directory target/test/data/c5bbf9cd/MiniRaftClusterWithNetty9d0d4a8/s6
2023-08-28 07:17:41,534 [s5-groupManagement] INFO  server.RaftServer$Division (RaftServerImpl.java:<init>(250)) - s5: new RaftServerImpl for group-75AB5BF27CAD:[] with BaseStateMachine:uninitialized
2023-08-28 07:17:41,534 [Time-limited test] DEBUG server.RaftServer (ServerImplUtils.java:newRaftServer(51)) - newRaftServer: s6, group-75AB5BF27CAD:[]
2023-08-28 07:17:41,534 [s5-groupManagement] INFO  server.RaftServerConfigKeys (ConfUtils.java:logGet(46)) - raft.server.rpc.timeout.min = 1500ms (custom)
2023-08-28 07:17:41,534 [s5-groupManagement] INFO  server.RaftServerConfigKeys (ConfUtils.java:logGet(46)) - raft.server.rpc.timeout.max = 2000ms (custom)
2023-08-28 07:17:41,534 [s5-groupManagement] INFO  server.RaftServerConfigKeys (ConfUtils.java:logGet(46)) - raft.server.rpc.sleep.time = 25ms (default)
2023-08-28 07:17:41,534 [s5-groupManagement] INFO  server.RaftServerConfigKeys (ConfUtils.java:logGet(46)) - raft.server.rpc.slowness.timeout = 60s (default)
2023-08-28 07:17:41,534 [s5-groupManagement] INFO  server.RaftServerConfigKeys (ConfUtils.java:logGet(46)) - raft.server.leaderelection.leader.step-down.wait-time = 10s (default)
2023-08-28 07:17:41,534 [s5-groupManagement] INFO  server.RaftServerConfigKeys (ConfUtils.java:logGet(46)) - raft.server.sleep.deviation.threshold = 300ms (default)
2023-08-28 07:17:41,534 [s5-groupManagement] INFO  server.RaftServer$Division (ServerState.java:<init>(113)) - s5@group-75AB5BF27CAD: ConfigurationManager, init=-1: peers:[]|listeners:[], old=null, confs=<EMPTY_MAP>
2023-08-28 07:17:41,534 [s5-groupManagement] INFO  server.RaftServerConfigKeys (ConfUtils.java:logGet(46)) - raft.server.notification.no-leader.timeout = 60s (default)
2023-08-28 07:17:41,534 [s5-groupManagement] INFO  server.RaftServerConfigKeys (ConfUtils.java:logGet(46)) - raft.server.read.timeout = 10s (default)
2023-08-28 07:17:41,534 [s5-groupManagement] INFO  server.RaftServerConfigKeys (ConfUtils.java:logGet(46)) - raft.server.retrycache.expirytime = 60s (default)
2023-08-28 07:17:41,534 [s5-groupManagement] INFO  server.RaftServerConfigKeys (ConfUtils.java:logGet(46)) - raft.server.retrycache.statistics.expirytime = 100μs (default)
2023-08-28 07:17:41,534 [s5-groupManagement] INFO  server.RaftServerConfigKeys (ConfUtils.java:logGet(46)) - raft.server.read.option = DEFAULT (default)
2023-08-28 07:17:41,535 [s5-groupManagement] INFO  server.RaftServerConfigKeys (ConfUtils.java:logGet(46)) - raft.server.rpc.request.timeout = 3000ms (default)
2023-08-28 07:17:41,535 [s5-groupManagement] INFO  server.RaftServerConfigKeys (ConfUtils.java:logGet(46)) - raft.server.log.appender.install.snapshot.enabled = true (default)
2023-08-28 07:17:41,535 [s5-groupManagement] INFO  server.RaftServerConfigKeys (ConfUtils.java:logGet(46)) - raft.server.threadpool.server.cached = true (default)
2023-08-28 07:17:41,535 [s5-groupManagement] INFO  server.RaftServerConfigKeys (ConfUtils.java:logGet(46)) - raft.server.threadpool.server.size = 0 (default)
2023-08-28 07:17:41,535 [s5-groupManagement] INFO  server.RaftServerConfigKeys (ConfUtils.java:logGet(46)) - raft.server.threadpool.client.cached = true (default)
2023-08-28 07:17:41,535 [s5-groupManagement] INFO  server.RaftServerConfigKeys (ConfUtils.java:logGet(46)) - raft.server.threadpool.client.size = 0 (default)
2023-08-28 07:17:41,535 [Time-limited test] INFO  server.RaftServer (ConfUtils.java:logGet(46)) - raft.rpc.type = NETTY (custom)
2023-08-28 07:17:41,535 [Time-limited test] INFO  netty.NettyConfigKeys$Server (ConfUtils.java:logGet(46)) - raft.netty.server.host = null (default)
2023-08-28 07:17:41,535 [Time-limited test] INFO  netty.NettyConfigKeys$Server (ConfUtils.java:logGet(46)) - raft.netty.server.port = 46025 (custom)
2023-08-28 07:17:41,535 [Time-limited test] INFO  impl.DataStreamServerImpl (ConfUtils.java:logGet(46)) - raft.datastream.type = DISABLED (default)
2023-08-28 07:17:41,535 [Time-limited test] INFO  server.RaftServerConfigKeys (ConfUtils.java:logGet(46)) - raft.server.threadpool.proxy.cached = true (default)
2023-08-28 07:17:41,535 [Time-limited test] INFO  server.RaftServerConfigKeys (ConfUtils.java:logGet(46)) - raft.server.threadpool.proxy.size = 0 (default)
2023-08-28 07:17:41,535 [Time-limited test] INFO  server.RaftServerConfigKeys (ConfUtils.java:logGet(46)) - raft.server.sleep.deviation.threshold = 300ms (default)
2023-08-28 07:17:41,535 [Time-limited test] INFO  server.RaftServerConfigKeys (ConfUtils.java:logGet(46)) - raft.server.rpc.slowness.timeout = 60s (default)
2023-08-28 07:17:41,535 [Time-limited test] INFO  server.RaftServerConfigKeys (ConfUtils.java:logGet(46)) - raft.server.leaderelection.leader.step-down.wait-time = 10s (default)
2023-08-28 07:17:41,535 [Time-limited test] INFO  server.RaftServerConfigKeys (ConfUtils.java:logGet(46)) - raft.server.storage.dir = [/home/runner/work/ratis/ratis/ratis-test/target/test/data/c5bbf9cd/MiniRaftClusterWithNetty9d0d4a8/s6] (custom)
2023-08-28 07:17:41,536 [Time-limited test] INFO  server.RaftServer (RaftServerProxy.java:addNew(99)) - s6: addNew group-75AB5BF27CAD:[] returns group-75AB5BF27CAD:java.util.concurrent.CompletableFuture@493b0593[Not completed]
2023-08-28 07:17:41,536 [Time-limited test] INFO  impl.MiniRaftCluster (MiniRaftCluster.java:newRaftServer(382)) - newRaftServer: s7, group-75AB5BF27CAD:[], format? true
2023-08-28 07:17:41,536 [Time-limited test] TRACE util.FileUtils (FileUtils.java:deleteFully(201)) - deleteFully target/test/data/c5bbf9cd/MiniRaftClusterWithNetty9d0d4a8/s7
2023-08-28 07:17:41,536 [Time-limited test] TRACE util.FileUtils (FileUtils.java:deleteFully(217)) - deleteFully: target/test/data/c5bbf9cd/MiniRaftClusterWithNetty9d0d4a8/s7 does not exist.
2023-08-28 07:17:41,536 [Time-limited test] INFO  impl.MiniRaftCluster (MiniRaftCluster.java:newRaftServer(387)) - Formatted directory target/test/data/c5bbf9cd/MiniRaftClusterWithNetty9d0d4a8/s7
2023-08-28 07:17:41,536 [Time-limited test] DEBUG server.RaftServer (ServerImplUtils.java:newRaftServer(51)) - newRaftServer: s7, group-75AB5BF27CAD:[]
2023-08-28 07:17:41,536 [Time-limited test] INFO  server.RaftServer (ConfUtils.java:logGet(46)) - raft.rpc.type = NETTY (custom)
2023-08-28 07:17:41,537 [Time-limited test] INFO  netty.NettyConfigKeys$Server (ConfUtils.java:logGet(46)) - raft.netty.server.host = null (default)
2023-08-28 07:17:41,537 [Time-limited test] INFO  netty.NettyConfigKeys$Server (ConfUtils.java:logGet(46)) - raft.netty.server.port = 34047 (custom)
2023-08-28 07:17:41,537 [Time-limited test] INFO  impl.DataStreamServerImpl (ConfUtils.java:logGet(46)) - raft.datastream.type = DISABLED (default)
2023-08-28 07:17:41,537 [Time-limited test] INFO  server.RaftServerConfigKeys (ConfUtils.java:logGet(46)) - raft.server.threadpool.proxy.cached = true (default)
2023-08-28 07:17:41,537 [Time-limited test] INFO  server.RaftServerConfigKeys (ConfUtils.java:logGet(46)) - raft.server.threadpool.proxy.size = 0 (default)
2023-08-28 07:17:41,537 [Time-limited test] INFO  server.RaftServerConfigKeys (ConfUtils.java:logGet(46)) - raft.server.sleep.deviation.threshold = 300ms (default)
2023-08-28 07:17:41,537 [Time-limited test] INFO  server.RaftServerConfigKeys (ConfUtils.java:logGet(46)) - raft.server.rpc.slowness.timeout = 60s (default)
2023-08-28 07:17:41,537 [Time-limited test] INFO  server.RaftServerConfigKeys (ConfUtils.java:logGet(46)) - raft.server.leaderelection.leader.step-down.wait-time = 10s (default)
2023-08-28 07:17:41,537 [Time-limited test] INFO  server.RaftServerConfigKeys (ConfUtils.java:logGet(46)) - raft.server.storage.dir = [/home/runner/work/ratis/ratis/ratis-test/target/test/data/c5bbf9cd/MiniRaftClusterWithNetty9d0d4a8/s7] (custom)
2023-08-28 07:17:41,538 [s6-groupManagement] INFO  server.RaftServer$Division (RaftServerImpl.java:<init>(250)) - s6: new RaftServerImpl for group-75AB5BF27CAD:[] with BaseStateMachine:uninitialized
2023-08-28 07:17:41,538 [s6-groupManagement] INFO  server.RaftServerConfigKeys (ConfUtils.java:logGet(46)) - raft.server.rpc.timeout.min = 1500ms (custom)
2023-08-28 07:17:41,538 [s6-groupManagement] INFO  server.RaftServerConfigKeys (ConfUtils.java:logGet(46)) - raft.server.rpc.timeout.max = 2000ms (custom)
2023-08-28 07:17:41,538 [s6-groupManagement] INFO  server.RaftServerConfigKeys (ConfUtils.java:logGet(46)) - raft.server.rpc.sleep.time = 25ms (default)
2023-08-28 07:17:41,538 [s6-groupManagement] INFO  server.RaftServerConfigKeys (ConfUtils.java:logGet(46)) - raft.server.rpc.slowness.timeout = 60s (default)
2023-08-28 07:17:41,538 [s6-groupManagement] INFO  server.RaftServerConfigKeys (ConfUtils.java:logGet(46)) - raft.server.leaderelection.leader.step-down.wait-time = 10s (default)
2023-08-28 07:17:41,538 [s6-groupManagement] INFO  server.RaftServerConfigKeys (ConfUtils.java:logGet(46)) - raft.server.sleep.deviation.threshold = 300ms (default)
2023-08-28 07:17:41,538 [s6-groupManagement] INFO  server.RaftServer$Division (ServerState.java:<init>(113)) - s6@group-75AB5BF27CAD: ConfigurationManager, init=-1: peers:[]|listeners:[], old=null, confs=<EMPTY_MAP>
2023-08-28 07:17:41,538 [s6-groupManagement] INFO  server.RaftServerConfigKeys (ConfUtils.java:logGet(46)) - raft.server.notification.no-leader.timeout = 60s (default)
2023-08-28 07:17:41,538 [s6-groupManagement] INFO  server.RaftServerConfigKeys (ConfUtils.java:logGet(46)) - raft.server.read.timeout = 10s (default)
2023-08-28 07:17:41,538 [s6-groupManagement] INFO  server.RaftServerConfigKeys (ConfUtils.java:logGet(46)) - raft.server.retrycache.expirytime = 60s (default)
2023-08-28 07:17:41,538 [s6-groupManagement] INFO  server.RaftServerConfigKeys (ConfUtils.java:logGet(46)) - raft.server.retrycache.statistics.expirytime = 100μs (default)
2023-08-28 07:17:41,538 [s6-groupManagement] INFO  server.RaftServerConfigKeys (ConfUtils.java:logGet(46)) - raft.server.read.option = DEFAULT (default)
2023-08-28 07:17:41,539 [Time-limited test] INFO  server.RaftServer (RaftServerProxy.java:addNew(99)) - s7: addNew group-75AB5BF27CAD:[] returns group-75AB5BF27CAD:java.util.concurrent.CompletableFuture@52a9f897[Not completed]
2023-08-28 07:17:41,539 [Time-limited test] INFO  impl.MiniRaftCluster (MiniRaftCluster.java:newRaftServer(382)) - newRaftServer: s8, group-75AB5BF27CAD:[], format? true
2023-08-28 07:17:41,539 [Time-limited test] TRACE util.FileUtils (FileUtils.java:deleteFully(201)) - deleteFully target/test/data/c5bbf9cd/MiniRaftClusterWithNetty9d0d4a8/s8
2023-08-28 07:17:41,539 [Time-limited test] TRACE util.FileUtils (FileUtils.java:deleteFully(217)) - deleteFully: target/test/data/c5bbf9cd/MiniRaftClusterWithNetty9d0d4a8/s8 does not exist.
2023-08-28 07:17:41,539 [s6-groupManagement] INFO  server.RaftServerConfigKeys (ConfUtils.java:logGet(46)) - raft.server.rpc.request.timeout = 3000ms (default)
2023-08-28 07:17:41,539 [Time-limited test] INFO  impl.MiniRaftCluster (MiniRaftCluster.java:newRaftServer(387)) - Formatted directory target/test/data/c5bbf9cd/MiniRaftClusterWithNetty9d0d4a8/s8
2023-08-28 07:17:41,539 [s6-groupManagement] INFO  server.RaftServerConfigKeys (ConfUtils.java:logGet(46)) - raft.server.log.appender.install.snapshot.enabled = true (default)
2023-08-28 07:17:41,539 [s6-groupManagement] INFO  server.RaftServerConfigKeys (ConfUtils.java:logGet(46)) - raft.server.threadpool.server.cached = true (default)
2023-08-28 07:17:41,539 [s6-groupManagement] INFO  server.RaftServerConfigKeys (ConfUtils.java:logGet(46)) - raft.server.threadpool.server.size = 0 (default)
2023-08-28 07:17:41,539 [s6-groupManagement] INFO  server.RaftServerConfigKeys (ConfUtils.java:logGet(46)) - raft.server.threadpool.client.cached = true (default)
2023-08-28 07:17:41,540 [Time-limited test] DEBUG server.RaftServer (ServerImplUtils.java:newRaftServer(51)) - newRaftServer: s8, group-75AB5BF27CAD:[]
2023-08-28 07:17:41,540 [s6-groupManagement] INFO  server.RaftServerConfigKeys (ConfUtils.java:logGet(46)) - raft.server.threadpool.client.size = 0 (default)
2023-08-28 07:17:41,540 [Time-limited test] INFO  server.RaftServer (ConfUtils.java:logGet(46)) - raft.rpc.type = NETTY (custom)
2023-08-28 07:17:41,540 [Time-limited test] INFO  netty.NettyConfigKeys$Server (ConfUtils.java:logGet(46)) - raft.netty.server.host = null (default)
2023-08-28 07:17:41,540 [Time-limited test] INFO  netty.NettyConfigKeys$Server (ConfUtils.java:logGet(46)) - raft.netty.server.port = 35321 (custom)
2023-08-28 07:17:41,540 [Time-limited test] INFO  impl.DataStreamServerImpl (ConfUtils.java:logGet(46)) - raft.datastream.type = DISABLED (default)
2023-08-28 07:17:41,540 [Time-limited test] INFO  server.RaftServerConfigKeys (ConfUtils.java:logGet(46)) - raft.server.threadpool.proxy.cached = true (default)
2023-08-28 07:17:41,540 [Time-limited test] INFO  server.RaftServerConfigKeys (ConfUtils.java:logGet(46)) - raft.server.threadpool.proxy.size = 0 (default)
2023-08-28 07:17:41,540 [Time-limited test] INFO  server.RaftServerConfigKeys (ConfUtils.java:logGet(46)) - raft.server.sleep.deviation.threshold = 300ms (default)
2023-08-28 07:17:41,540 [Time-limited test] INFO  server.RaftServerConfigKeys (ConfUtils.java:logGet(46)) - raft.server.rpc.slowness.timeout = 60s (default)
2023-08-28 07:17:41,540 [Time-limited test] INFO  server.RaftServerConfigKeys (ConfUtils.java:logGet(46)) - raft.server.leaderelection.leader.step-down.wait-time = 10s (default)
2023-08-28 07:17:41,540 [Time-limited test] INFO  server.RaftServerConfigKeys (ConfUtils.java:logGet(46)) - raft.server.storage.dir = [/home/runner/work/ratis/ratis/ratis-test/target/test/data/c5bbf9cd/MiniRaftClusterWithNetty9d0d4a8/s8] (custom)
2023-08-28 07:17:41,541 [s7-groupManagement] INFO  server.RaftServer$Division (RaftServerImpl.java:<init>(250)) - s7: new RaftServerImpl for group-75AB5BF27CAD:[] with BaseStateMachine:uninitialized
2023-08-28 07:17:41,541 [s7-groupManagement] INFO  server.RaftServerConfigKeys (ConfUtils.java:logGet(46)) - raft.server.rpc.timeout.min = 1500ms (custom)
2023-08-28 07:17:41,541 [s7-groupManagement] INFO  server.RaftServerConfigKeys (ConfUtils.java:logGet(46)) - raft.server.rpc.timeout.max = 2000ms (custom)
2023-08-28 07:17:41,541 [s7-groupManagement] INFO  server.RaftServerConfigKeys (ConfUtils.java:logGet(46)) - raft.server.rpc.sleep.time = 25ms (default)
2023-08-28 07:17:41,541 [s7-groupManagement] INFO  server.RaftServerConfigKeys (ConfUtils.java:logGet(46)) - raft.server.rpc.slowness.timeout = 60s (default)
2023-08-28 07:17:41,541 [s7-groupManagement] INFO  server.RaftServerConfigKeys (ConfUtils.java:logGet(46)) - raft.server.leaderelection.leader.step-down.wait-time = 10s (default)
2023-08-28 07:17:41,541 [s7-groupManagement] INFO  server.RaftServerConfigKeys (ConfUtils.java:logGet(46)) - raft.server.sleep.deviation.threshold = 300ms (default)
2023-08-28 07:17:41,541 [s7-groupManagement] INFO  server.RaftServer$Division (ServerState.java:<init>(113)) - s7@group-75AB5BF27CAD: ConfigurationManager, init=-1: peers:[]|listeners:[], old=null, confs=<EMPTY_MAP>
2023-08-28 07:17:41,541 [s7-groupManagement] INFO  server.RaftServerConfigKeys (ConfUtils.java:logGet(46)) - raft.server.notification.no-leader.timeout = 60s (default)
2023-08-28 07:17:41,541 [s7-groupManagement] INFO  server.RaftServerConfigKeys (ConfUtils.java:logGet(46)) - raft.server.read.timeout = 10s (default)
2023-08-28 07:17:41,541 [s7-groupManagement] INFO  server.RaftServerConfigKeys (ConfUtils.java:logGet(46)) - raft.server.retrycache.expirytime = 60s (default)
2023-08-28 07:17:41,541 [s7-groupManagement] INFO  server.RaftServerConfigKeys (ConfUtils.java:logGet(46)) - raft.server.retrycache.statistics.expirytime = 100μs (default)
2023-08-28 07:17:41,541 [s7-groupManagement] INFO  server.RaftServerConfigKeys (ConfUtils.java:logGet(46)) - raft.server.read.option = DEFAULT (default)
2023-08-28 07:17:41,546 [s7-groupManagement] INFO  server.RaftServerConfigKeys (ConfUtils.java:logGet(46)) - raft.server.rpc.request.timeout = 3000ms (default)
2023-08-28 07:17:41,546 [s7-groupManagement] INFO  server.RaftServerConfigKeys (ConfUtils.java:logGet(46)) - raft.server.log.appender.install.snapshot.enabled = true (default)
2023-08-28 07:17:41,546 [s7-groupManagement] INFO  server.RaftServerConfigKeys (ConfUtils.java:logGet(46)) - raft.server.threadpool.server.cached = true (default)
2023-08-28 07:17:41,546 [s7-groupManagement] INFO  server.RaftServerConfigKeys (ConfUtils.java:logGet(46)) - raft.server.threadpool.server.size = 0 (default)
2023-08-28 07:17:41,546 [s7-groupManagement] INFO  server.RaftServerConfigKeys (ConfUtils.java:logGet(46)) - raft.server.threadpool.client.cached = true (default)
2023-08-28 07:17:41,546 [s7-groupManagement] INFO  server.RaftServerConfigKeys (ConfUtils.java:logGet(46)) - raft.server.threadpool.client.size = 0 (default)
2023-08-28 07:17:41,547 [Time-limited test] INFO  server.RaftServer (RaftServerProxy.java:addNew(99)) - s8: addNew group-75AB5BF27CAD:[] returns group-75AB5BF27CAD:java.util.concurrent.CompletableFuture@7eba425e[Not completed]
2023-08-28 07:17:41,547 [s8-groupManagement] INFO  server.RaftServer$Division (RaftServerImpl.java:<init>(250)) - s8: new RaftServerImpl for group-75AB5BF27CAD:[] with BaseStateMachine:uninitialized
2023-08-28 07:17:41,547 [Time-limited test] INFO  impl.GroupManagementBaseTest (GroupManagementBaseTest.java:runMultiGroupTest(260)) - putNewServer: printing ALL groups
  s3:      NEW      null s3@group-75AB5BF27CAD:t0, leader=null, voted=null, raftlog=UNINITIALIZED, conf=-1: peers:[]|listeners:[], old=null NEW
  s4:      NEW      null s4@group-75AB5BF27CAD:t0, leader=null, voted=null, raftlog=UNINITIALIZED, conf=-1: peers:[]|listeners:[], old=null NEW
  s5:      NEW      null s5@group-75AB5BF27CAD:t0, leader=null, voted=null, raftlog=UNINITIALIZED, conf=-1: peers:[]|listeners:[], old=null NEW
  s6:      NEW      null s6@group-75AB5BF27CAD:t0, leader=null, voted=null, raftlog=UNINITIALIZED, conf=-1: peers:[]|listeners:[], old=null NEW
  s7:      NEW      null s7@group-75AB5BF27CAD:t0, leader=null, voted=null, raftlog=UNINITIALIZED, conf=-1: peers:[]|listeners:[], old=null NEW
  s8:      NEW group-75AB5BF27CAD:java.util.concurrent.CompletableFuture@7eba425e[Not completed]
  s0:      NEW      null s0@group-75AB5BF27CAD:t0, leader=null, voted=null, raftlog=UNINITIALIZED, conf=-1: peers:[]|listeners:[], old=null NEW
  s1:      NEW      null s1@group-75AB5BF27CAD:t0, leader=null, voted=null, raftlog=UNINITIALIZED, conf=-1: peers:[]|listeners:[], old=null NEW
  s2:      NEW      null s2@group-75AB5BF27CAD:t0, leader=null, voted=null, raftlog=UNINITIALIZED, conf=-1: peers:[]|listeners:[], old=null NEW
2023-08-28 07:17:41,547 [s8-groupManagement] INFO  server.RaftServerConfigKeys (ConfUtils.java:logGet(46)) - raft.server.rpc.timeout.min = 1500ms (custom)
2023-08-28 07:17:41,547 [s8-groupManagement] INFO  server.RaftServerConfigKeys (ConfUtils.java:logGet(46)) - raft.server.rpc.timeout.max = 2000ms (custom)
2023-08-28 07:17:41,547 [s8-groupManagement] INFO  server.RaftServerConfigKeys (ConfUtils.java:logGet(46)) - raft.server.rpc.sleep.time = 25ms (default)
2023-08-28 07:17:41,547 [s8-groupManagement] INFO  server.RaftServerConfigKeys (ConfUtils.java:logGet(46)) - raft.server.rpc.slowness.timeout = 60s (default)
2023-08-28 07:17:41,547 [s8-groupManagement] INFO  server.RaftServerConfigKeys (ConfUtils.java:logGet(46)) - raft.server.leaderelection.leader.step-down.wait-time = 10s (default)
2023-08-28 07:17:41,547 [s8-groupManagement] INFO  server.RaftServerConfigKeys (ConfUtils.java:logGet(46)) - raft.server.sleep.deviation.threshold = 300ms (default)
2023-08-28 07:17:41,547 [s8-groupManagement] INFO  server.RaftServer$Division (ServerState.java:<init>(113)) - s8@group-75AB5BF27CAD: ConfigurationManager, init=-1: peers:[]|listeners:[], old=null, confs=<EMPTY_MAP>
2023-08-28 07:17:41,547 [s8-groupManagement] INFO  server.RaftServerConfigKeys (ConfUtils.java:logGet(46)) - raft.server.notification.no-leader.timeout = 60s (default)
2023-08-28 07:17:41,547 [s8-groupManagement] INFO  server.RaftServerConfigKeys (ConfUtils.java:logGet(46)) - raft.server.read.timeout = 10s (default)
2023-08-28 07:17:41,548 [s8-groupManagement] INFO  server.RaftServerConfigKeys (ConfUtils.java:logGet(46)) - raft.server.retrycache.expirytime = 60s (default)
2023-08-28 07:17:41,548 [s8-groupManagement] INFO  server.RaftServerConfigKeys (ConfUtils.java:logGet(46)) - raft.server.retrycache.statistics.expirytime = 100μs (default)
2023-08-28 07:17:41,548 [s8-groupManagement] INFO  server.RaftServerConfigKeys (ConfUtils.java:logGet(46)) - raft.server.read.option = DEFAULT (default)
2023-08-28 07:17:41,548 [s8-groupManagement] INFO  server.RaftServerConfigKeys (ConfUtils.java:logGet(46)) - raft.server.rpc.request.timeout = 3000ms (default)
2023-08-28 07:17:41,548 [s8-groupManagement] INFO  server.RaftServerConfigKeys (ConfUtils.java:logGet(46)) - raft.server.log.appender.install.snapshot.enabled = true (default)
2023-08-28 07:17:41,548 [s8-groupManagement] INFO  server.RaftServerConfigKeys (ConfUtils.java:logGet(46)) - raft.server.threadpool.server.cached = true (default)
2023-08-28 07:17:41,548 [s8-groupManagement] INFO  server.RaftServerConfigKeys (ConfUtils.java:logGet(46)) - raft.server.threadpool.server.size = 0 (default)
2023-08-28 07:17:41,548 [s8-groupManagement] INFO  server.RaftServerConfigKeys (ConfUtils.java:logGet(46)) - raft.server.threadpool.client.cached = true (default)
2023-08-28 07:17:41,548 [s8-groupManagement] INFO  server.RaftServerConfigKeys (ConfUtils.java:logGet(46)) - raft.server.threadpool.client.size = 0 (default)
2023-08-28 07:17:42,547 [Time-limited test] INFO  impl.MiniRaftCluster (MiniRaftCluster.java:start(339)) - .............................................................. 
2023-08-28 07:17:42,547 [Time-limited test] INFO  impl.MiniRaftCluster (MiniRaftCluster.java:start(340)) - ... 
2023-08-28 07:17:42,547 [Time-limited test] INFO  impl.MiniRaftCluster (MiniRaftCluster.java:start(341)) - ...     Starting MiniRaftClusterWithNetty
2023-08-28 07:17:42,547 [Time-limited test] INFO  impl.MiniRaftCluster (MiniRaftCluster.java:start(342)) - ... 
2023-08-28 07:17:42,547 [Time-limited test] INFO  impl.MiniRaftCluster (MiniRaftCluster.java:start(343)) - .............................................................. 
2023-08-28 07:17:42,547 [Time-limited test] INFO  impl.MiniRaftCluster (MiniRaftCluster.java:initServers(318)) - servers = {s3=s3:      NEW      null s3@group-75AB5BF27CAD:t0, leader=null, voted=null, raftlog=UNINITIALIZED, conf=-1: peers:[]|listeners:[], old=null NEW, s4=s4:      NEW      null s4@group-75AB5BF27CAD:t0, leader=null, voted=null, raftlog=UNINITIALIZED, conf=-1: peers:[]|listeners:[], old=null NEW, s5=s5:      NEW      null s5@group-75AB5BF27CAD:t0, leader=null, voted=null, raftlog=UNINITIALIZED, conf=-1: peers:[]|listeners:[], old=null NEW, s6=s6:      NEW      null s6@group-75AB5BF27CAD:t0, leader=null, voted=null, raftlog=UNINITIALIZED, conf=-1: peers:[]|listeners:[], old=null NEW, s7=s7:      NEW      null s7@group-75AB5BF27CAD:t0, leader=null, voted=null, raftlog=UNINITIALIZED, conf=-1: peers:[]|listeners:[], old=null NEW, s8=s8:      NEW      null s8@group-75AB5BF27CAD:t0, leader=null, voted=null, raftlog=UNINITIALIZED, conf=-1: peers:[]|listeners:[], old=null NEW, s0=s0:      NEW      null s0@group-75AB5BF27CAD:t0, leader=null, voted=null, raftlog=UNINITIALIZED, conf=-1: peers:[]|listeners:[], old=null NEW, s1=s1:      NEW      null s1@group-75AB5BF27CAD:t0, leader=null, voted=null, raftlog=UNINITIALIZED, conf=-1: peers:[]|listeners:[], old=null NEW, s2=s2:      NEW      null s2@group-75AB5BF27CAD:t0, leader=null, voted=null, raftlog=UNINITIALIZED, conf=-1: peers:[]|listeners:[], old=null NEW}
2023-08-28 07:17:42,548 [s3-impl-thread1] INFO  server.RaftServerConfigKeys (ConfUtils.java:logGet(46)) - raft.server.storage.free-space.min = 0MB (=0) (default)
2023-08-28 07:17:42,548 [s3-impl-thread1] INFO  server.RaftServerConfigKeys (ConfUtils.java:logGet(46)) - raft.server.log.corruption.policy = EXCEPTION (default)
2023-08-28 07:17:42,548 [s3-impl-thread1] INFO  server.RaftServerConfigKeys (ConfUtils.java:logGet(46)) - raft.server.storage.dir = [/home/runner/work/ratis/ratis/ratis-test/target/test/data/c5bbf9cd/MiniRaftClusterWithNetty9d0d4a8/s3] (custom)
2023-08-28 07:17:42,548 [s3-impl-thread1] INFO  storage.RaftStorageDirectory (RaftStorageDirectoryImpl.java:analyzeStorage(138)) - The storage directory /home/runner/work/ratis/ratis/ratis-test/target/test/data/c5bbf9cd/MiniRaftClusterWithNetty9d0d4a8/s3/b53fbad1-9fed-4e54-b0f6-75ab5bf27cad does not exist. Creating ...
2023-08-28 07:17:42,548 [s3-impl-thread1] TRACE util.FileUtils (LogUtils.java:runAndLog(49)) - Successfully ran Files.createDirectories /home/runner/work/ratis/ratis/ratis-test/target/test/data/c5bbf9cd/MiniRaftClusterWithNetty9d0d4a8/s3/b53fbad1-9fed-4e54-b0f6-75ab5bf27cad
2023-08-28 07:17:42,550 [s3-impl-thread1] INFO  storage.RaftStorageDirectory (RaftStorageDirectoryImpl.java:tryLock(232)) - Lock on /home/runner/work/ratis/ratis/ratis-test/target/test/data/c5bbf9cd/MiniRaftClusterWithNetty9d0d4a8/s3/b53fbad1-9fed-4e54-b0f6-75ab5bf27cad/in_use.lock acquired by nodename 7908@fv-az1033-516
2023-08-28 07:17:42,550 [s3-impl-thread1] TRACE util.FileUtils (LogUtils.java:runAndLog(49)) - Successfully ran Files.createDirectories /home/runner/work/ratis/ratis/ratis-test/target/test/data/c5bbf9cd/MiniRaftClusterWithNetty9d0d4a8/s3/b53fbad1-9fed-4e54-b0f6-75ab5bf27cad/current
2023-08-28 07:17:42,550 [s3-impl-thread1] TRACE util.FileUtils (LogUtils.java:runAndLog(49)) - Successfully ran Files.createDirectories /home/runner/work/ratis/ratis/ratis-test/target/test/data/c5bbf9cd/MiniRaftClusterWithNetty9d0d4a8/s3/b53fbad1-9fed-4e54-b0f6-75ab5bf27cad/sm
2023-08-28 07:17:42,551 [s3-impl-thread1] INFO  storage.RaftStorage (RaftStorageImpl.java:format(97)) - Storage directory /home/runner/work/ratis/ratis/ratis-test/target/test/data/c5bbf9cd/MiniRaftClusterWithNetty9d0d4a8/s3/b53fbad1-9fed-4e54-b0f6-75ab5bf27cad has been successfully formatted.
2023-08-28 07:17:42,551 [s3-impl-thread1] INFO  server.RaftServerConfigKeys (ConfUtils.java:logGet(46)) - raft.server.log.use.memory = false (default)
2023-08-28 07:17:42,552 [s3-impl-thread1] INFO  server.RaftServerConfigKeys (ConfUtils.java:logGet(46)) - raft.server.log.purge.gap = 1024 (default)
2023-08-28 07:17:42,552 [s3-impl-thread1] INFO  server.RaftServerConfigKeys (ConfUtils.java:logGet(46)) - raft.server.log.appender.buffer.byte-limit = 4MB (=4194304) (default)
2023-08-28 07:17:42,552 [s3-impl-thread1] INFO  server.RaftServerConfigKeys (ConfUtils.java:logGet(46)) - raft.server.log.statemachine.data.read.timeout = 1000ms (default)
2023-08-28 07:17:42,552 [s3-impl-thread1] INFO  server.RaftServerConfigKeys (ConfUtils.java:logGet(46)) - raft.server.log.purge.preservation.log.num = 0 (default)
2023-08-28 07:17:42,552 [s3-impl-thread1] INFO  server.RaftServerConfigKeys (ConfUtils.java:logGet(46)) - raft.server.log.segment.size.max = 8MB (=8388608) (default)
2023-08-28 07:17:42,552 [s3-impl-thread1] INFO  server.RaftServerConfigKeys (ConfUtils.java:logGet(46)) - raft.server.log.segment.cache.num.max = 6 (default)
2023-08-28 07:17:42,552 [s3-impl-thread1] INFO  server.RaftServerConfigKeys (ConfUtils.java:logGet(46)) - raft.server.log.segment.cache.size.max = 200MB (=209715200) (default)
2023-08-28 07:17:42,552 [s3-impl-thread1] INFO  server.RaftServerConfigKeys (ConfUtils.java:logGet(46)) - raft.server.log.appender.buffer.byte-limit = 4MB (=4194304) (default)
2023-08-28 07:17:42,552 [s3-impl-thread1] INFO  segmented.SegmentedRaftLogWorker (SegmentedRaftLogWorker.java:<init>(183)) - new s3@group-75AB5BF27CAD-SegmentedRaftLogWorker for RaftStorageImpl:Storage Directory /home/runner/work/ratis/ratis/ratis-test/target/test/data/c5bbf9cd/MiniRaftClusterWithNetty9d0d4a8/s3/b53fbad1-9fed-4e54-b0f6-75ab5bf27cad
2023-08-28 07:17:42,552 [s3-impl-thread1] INFO  server.RaftServerConfigKeys (ConfUtils.java:logGet(46)) - raft.server.log.queue.byte-limit = 64MB (=67108864) (default)
2023-08-28 07:17:42,552 [s3-impl-thread1] INFO  server.RaftServerConfigKeys (ConfUtils.java:logGet(46)) - raft.server.log.queue.element-limit = 4096 (default)
2023-08-28 07:17:42,552 [s3-impl-thread1] INFO  server.RaftServerConfigKeys (ConfUtils.java:logGet(46)) - raft.server.log.segment.size.max = 8MB (=8388608) (default)
2023-08-28 07:17:42,552 [s3-impl-thread1] INFO  server.RaftServerConfigKeys (ConfUtils.java:logGet(46)) - raft.server.log.preallocated.size = 4MB (=4194304) (default)
2023-08-28 07:17:42,552 [s3-impl-thread1] INFO  server.RaftServerConfigKeys (ConfUtils.java:logGet(46)) - raft.server.log.force.sync.num = 128 (default)
2023-08-28 07:17:42,552 [s3-impl-thread1] INFO  server.RaftServerConfigKeys (ConfUtils.java:logGet(46)) - raft.server.log.statemachine.data.sync = true (default)
2023-08-28 07:17:42,552 [s3-impl-thread1] INFO  server.RaftServerConfigKeys (ConfUtils.java:logGet(46)) - raft.server.log.statemachine.data.sync.timeout = 10s (default)
2023-08-28 07:17:42,552 [s3-impl-thread1] INFO  server.RaftServerConfigKeys (ConfUtils.java:logGet(46)) - raft.server.log.statemachine.data.sync.timeout.retry = -1 (default)
2023-08-28 07:17:42,552 [s3-impl-thread1] INFO  server.RaftServerConfigKeys (ConfUtils.java:logGet(46)) - raft.server.log.write.buffer.size = 64KB (=65536) (default)
2023-08-28 07:17:42,552 [s3-impl-thread1] INFO  server.RaftServerConfigKeys (ConfUtils.java:logGet(46)) - raft.server.log.appender.buffer.byte-limit = 4MB (=4194304) (default)
2023-08-28 07:17:42,553 [s3-impl-thread1] INFO  server.RaftServerConfigKeys (ConfUtils.java:logGet(46)) - raft.server.log.unsafe-flush.enabled = false (default)
2023-08-28 07:17:42,553 [s3-impl-thread1] INFO  server.RaftServerConfigKeys (ConfUtils.java:logGet(46)) - raft.server.log.async-flush.enabled = false (default)
2023-08-28 07:17:42,553 [s3-impl-thread1] INFO  server.RaftServerConfigKeys (ConfUtils.java:logGet(46)) - raft.server.log.statemachine.data.caching.enabled = false (default)
2023-08-28 07:17:42,553 [s3-impl-thread1] INFO  segmented.SegmentedRaftLogWorker (SegmentedRaftLogWorker.java:lambda$new$0(134)) - s3@group-75AB5BF27CAD-SegmentedRaftLogWorker: flushIndex: setUnconditionally 0 -> -1
2023-08-28 07:17:42,553 [s3-impl-thread1] INFO  segmented.SegmentedRaftLogWorker (SegmentedRaftLogWorker.java:lambda$new$0(134)) - s3@group-75AB5BF27CAD-SegmentedRaftLogWorker: safeCacheEvictIndex: setUnconditionally 0 -> -1
2023-08-28 07:17:42,553 [s3-impl-thread1] INFO  server.RaftServer$Division (RaftServerImpl.java:start(390)) - s3@group-75AB5BF27CAD: start with initializing state, conf=-1: peers:[]|listeners:[], old=null
2023-08-28 07:17:42,553 [s3-impl-thread1] INFO  server.RaftServer$Division (RaftServerImpl.java:setRole(371)) - s3@group-75AB5BF27CAD: changes role from      null to FOLLOWER at term 0 for startInitializing
2023-08-28 07:17:42,553 [s3-impl-thread1] INFO  util.JmxRegister (JmxRegister.java:tryRegister(44)) - Successfully registered JMX Bean with object name Ratis:service=RaftServer,group=group-75AB5BF27CAD,id=s3
2023-08-28 07:17:42,553 [s3-impl-thread1] INFO  server.RaftServerConfigKeys (ConfUtils.java:logGet(46)) - raft.server.snapshot.trigger-when-stop.enabled = true (default)
2023-08-28 07:17:42,554 [s3-impl-thread1] INFO  server.RaftServerConfigKeys (ConfUtils.java:logGet(46)) - raft.server.snapshot.auto.trigger.enabled = false (default)
2023-08-28 07:17:42,554 [s3-impl-thread1] INFO  server.RaftServerConfigKeys (ConfUtils.java:logGet(46)) - raft.server.snapshot.retention.file.num = -1 (default)
2023-08-28 07:17:42,554 [s3-impl-thread1] INFO  server.RaftServerConfigKeys (ConfUtils.java:logGet(46)) - raft.server.log.purge.upto.snapshot.index = false (default)
2023-08-28 07:17:42,554 [Time-limited test] INFO  server.RaftServer (RaftServerProxy.java:startImpl(404)) - s3: start RPC server
2023-08-28 07:17:42,554 [nioEventLoopGroup-90-1] INFO  logging.LoggingHandler (AbstractInternalLogger.java:log(148)) - [id: 0xad34dad4] REGISTERED
2023-08-28 07:17:42,555 [nioEventLoopGroup-90-1] INFO  logging.LoggingHandler (AbstractInternalLogger.java:log(148)) - [id: 0xad34dad4] BIND: 0.0.0.0/0.0.0.0:36829
2023-08-28 07:17:42,555 [nioEventLoopGroup-90-1] INFO  logging.LoggingHandler (AbstractInternalLogger.java:log(148)) - [id: 0xad34dad4, L:/0.0.0.0:36829] ACTIVE
2023-08-28 07:17:42,555 [JvmPauseMonitor20] INFO  util.JvmPauseMonitor (JvmPauseMonitor.java:run(146)) - JvmPauseMonitor-s3: Started
2023-08-28 07:17:42,556 [s4-impl-thread1] INFO  server.RaftServerConfigKeys (ConfUtils.java:logGet(46)) - raft.server.storage.free-space.min = 0MB (=0) (default)
2023-08-28 07:17:42,556 [s4-impl-thread1] INFO  server.RaftServerConfigKeys (ConfUtils.java:logGet(46)) - raft.server.log.corruption.policy = EXCEPTION (default)
2023-08-28 07:17:42,556 [s4-impl-thread1] INFO  server.RaftServerConfigKeys (ConfUtils.java:logGet(46)) - raft.server.storage.dir = [/home/runner/work/ratis/ratis/ratis-test/target/test/data/c5bbf9cd/MiniRaftClusterWithNetty9d0d4a8/s4] (custom)
2023-08-28 07:17:42,556 [s4-impl-thread1] INFO  storage.RaftStorageDirectory (RaftStorageDirectoryImpl.java:analyzeStorage(138)) - The storage directory /home/runner/work/ratis/ratis/ratis-test/target/test/data/c5bbf9cd/MiniRaftClusterWithNetty9d0d4a8/s4/b53fbad1-9fed-4e54-b0f6-75ab5bf27cad does not exist. Creating ...
2023-08-28 07:17:42,557 [s4-impl-thread1] TRACE util.FileUtils (LogUtils.java:runAndLog(49)) - Successfully ran Files.createDirectories /home/runner/work/ratis/ratis/ratis-test/target/test/data/c5bbf9cd/MiniRaftClusterWithNetty9d0d4a8/s4/b53fbad1-9fed-4e54-b0f6-75ab5bf27cad
2023-08-28 07:17:42,557 [s4-impl-thread1] INFO  storage.RaftStorageDirectory (RaftStorageDirectoryImpl.java:tryLock(232)) - Lock on /home/runner/work/ratis/ratis/ratis-test/target/test/data/c5bbf9cd/MiniRaftClusterWithNetty9d0d4a8/s4/b53fbad1-9fed-4e54-b0f6-75ab5bf27cad/in_use.lock acquired by nodename 7908@fv-az1033-516
2023-08-28 07:17:42,558 [s4-impl-thread1] TRACE util.FileUtils (LogUtils.java:runAndLog(49)) - Successfully ran Files.createDirectories /home/runner/work/ratis/ratis/ratis-test/target/test/data/c5bbf9cd/MiniRaftClusterWithNetty9d0d4a8/s4/b53fbad1-9fed-4e54-b0f6-75ab5bf27cad/current
2023-08-28 07:17:42,558 [s4-impl-thread1] TRACE util.FileUtils (LogUtils.java:runAndLog(49)) - Successfully ran Files.createDirectories /home/runner/work/ratis/ratis/ratis-test/target/test/data/c5bbf9cd/MiniRaftClusterWithNetty9d0d4a8/s4/b53fbad1-9fed-4e54-b0f6-75ab5bf27cad/sm
2023-08-28 07:17:42,559 [s4-impl-thread1] INFO  storage.RaftStorage (RaftStorageImpl.java:format(97)) - Storage directory /home/runner/work/ratis/ratis/ratis-test/target/test/data/c5bbf9cd/MiniRaftClusterWithNetty9d0d4a8/s4/b53fbad1-9fed-4e54-b0f6-75ab5bf27cad has been successfully formatted.
2023-08-28 07:17:42,559 [s4-impl-thread1] INFO  server.RaftServerConfigKeys (ConfUtils.java:logGet(46)) - raft.server.log.use.memory = false (default)
2023-08-28 07:17:42,559 [s4-impl-thread1] INFO  server.RaftServerConfigKeys (ConfUtils.java:logGet(46)) - raft.server.log.purge.gap = 1024 (default)
2023-08-28 07:17:42,559 [s4-impl-thread1] INFO  server.RaftServerConfigKeys (ConfUtils.java:logGet(46)) - raft.server.log.appender.buffer.byte-limit = 4MB (=4194304) (default)
2023-08-28 07:17:42,559 [s4-impl-thread1] INFO  server.RaftServerConfigKeys (ConfUtils.java:logGet(46)) - raft.server.log.statemachine.data.read.timeout = 1000ms (default)
2023-08-28 07:17:42,559 [s4-impl-thread1] INFO  server.RaftServerConfigKeys (ConfUtils.java:logGet(46)) - raft.server.log.purge.preservation.log.num = 0 (default)
2023-08-28 07:17:42,559 [s4-impl-thread1] INFO  server.RaftServerConfigKeys (ConfUtils.java:logGet(46)) - raft.server.log.segment.size.max = 8MB (=8388608) (default)
2023-08-28 07:17:42,559 [s4-impl-thread1] INFO  server.RaftServerConfigKeys (ConfUtils.java:logGet(46)) - raft.server.log.segment.cache.num.max = 6 (default)
2023-08-28 07:17:42,559 [s4-impl-thread1] INFO  server.RaftServerConfigKeys (ConfUtils.java:logGet(46)) - raft.server.log.segment.cache.size.max = 200MB (=209715200) (default)
2023-08-28 07:17:42,559 [s4-impl-thread1] INFO  server.RaftServerConfigKeys (ConfUtils.java:logGet(46)) - raft.server.log.appender.buffer.byte-limit = 4MB (=4194304) (default)
2023-08-28 07:17:42,560 [s4-impl-thread1] INFO  segmented.SegmentedRaftLogWorker (SegmentedRaftLogWorker.java:<init>(183)) - new s4@group-75AB5BF27CAD-SegmentedRaftLogWorker for RaftStorageImpl:Storage Directory /home/runner/work/ratis/ratis/ratis-test/target/test/data/c5bbf9cd/MiniRaftClusterWithNetty9d0d4a8/s4/b53fbad1-9fed-4e54-b0f6-75ab5bf27cad
2023-08-28 07:17:42,560 [s4-impl-thread1] INFO  server.RaftServerConfigKeys (ConfUtils.java:logGet(46)) - raft.server.log.queue.byte-limit = 64MB (=67108864) (default)
2023-08-28 07:17:42,560 [s4-impl-thread1] INFO  server.RaftServerConfigKeys (ConfUtils.java:logGet(46)) - raft.server.log.queue.element-limit = 4096 (default)
2023-08-28 07:17:42,560 [s4-impl-thread1] INFO  server.RaftServerConfigKeys (ConfUtils.java:logGet(46)) - raft.server.log.segment.size.max = 8MB (=8388608) (default)
2023-08-28 07:17:42,560 [s4-impl-thread1] INFO  server.RaftServerConfigKeys (ConfUtils.java:logGet(46)) - raft.server.log.preallocated.size = 4MB (=4194304) (default)
2023-08-28 07:17:42,560 [s4-impl-thread1] INFO  server.RaftServerConfigKeys (ConfUtils.java:logGet(46)) - raft.server.log.force.sync.num = 128 (default)
2023-08-28 07:17:42,560 [s4-impl-thread1] INFO  server.RaftServerConfigKeys (ConfUtils.java:logGet(46)) - raft.server.log.statemachine.data.sync = true (default)
2023-08-28 07:17:42,560 [s4-impl-thread1] INFO  server.RaftServerConfigKeys (ConfUtils.java:logGet(46)) - raft.server.log.statemachine.data.sync.timeout = 10s (default)
2023-08-28 07:17:42,560 [s4-impl-thread1] INFO  server.RaftServerConfigKeys (ConfUtils.java:logGet(46)) - raft.server.log.statemachine.data.sync.timeout.retry = -1 (default)
2023-08-28 07:17:42,560 [s4-impl-thread1] INFO  server.RaftServerConfigKeys (ConfUtils.java:logGet(46)) - raft.server.log.write.buffer.size = 64KB (=65536) (default)
2023-08-28 07:17:42,560 [s4-impl-thread1] INFO  server.RaftServerConfigKeys (ConfUtils.java:logGet(46)) - raft.server.log.appender.buffer.byte-limit = 4MB (=4194304) (default)
2023-08-28 07:17:42,560 [s4-impl-thread1] INFO  server.RaftServerConfigKeys (ConfUtils.java:logGet(46)) - raft.server.log.unsafe-flush.enabled = false (default)
2023-08-28 07:17:42,560 [s4-impl-thread1] INFO  server.RaftServerConfigKeys (ConfUtils.java:logGet(46)) - raft.server.log.async-flush.enabled = false (default)
2023-08-28 07:17:42,560 [s4-impl-thread1] INFO  server.RaftServerConfigKeys (ConfUtils.java:logGet(46)) - raft.server.log.statemachine.data.caching.enabled = false (default)
2023-08-28 07:17:42,560 [s4-impl-thread1] INFO  segmented.SegmentedRaftLogWorker (SegmentedRaftLogWorker.java:lambda$new$0(134)) - s4@group-75AB5BF27CAD-SegmentedRaftLogWorker: flushIndex: setUnconditionally 0 -> -1
2023-08-28 07:17:42,560 [s4-impl-thread1] INFO  segmented.SegmentedRaftLogWorker (SegmentedRaftLogWorker.java:lambda$new$0(134)) - s4@group-75AB5BF27CAD-SegmentedRaftLogWorker: safeCacheEvictIndex: setUnconditionally 0 -> -1
2023-08-28 07:17:42,561 [s4-impl-thread1] INFO  server.RaftServer$Division (RaftServerImpl.java:start(390)) - s4@group-75AB5BF27CAD: start with initializing state, conf=-1: peers:[]|listeners:[], old=null
2023-08-28 07:17:42,561 [s4-impl-thread1] INFO  server.RaftServer$Division (RaftServerImpl.java:setRole(371)) - s4@group-75AB5BF27CAD: changes role from      null to FOLLOWER at term 0 for startInitializing
2023-08-28 07:17:42,561 [s4-impl-thread1] INFO  util.JmxRegister (JmxRegister.java:tryRegister(44)) - Successfully registered JMX Bean with object name Ratis:service=RaftServer,group=group-75AB5BF27CAD,id=s4
2023-08-28 07:17:42,561 [s4-impl-thread1] INFO  server.RaftServerConfigKeys (ConfUtils.java:logGet(46)) - raft.server.snapshot.trigger-when-stop.enabled = true (default)
2023-08-28 07:17:42,561 [s4-impl-thread1] INFO  server.RaftServerConfigKeys (ConfUtils.java:logGet(46)) - raft.server.snapshot.auto.trigger.enabled = false (default)
2023-08-28 07:17:42,561 [s4-impl-thread1] INFO  server.RaftServerConfigKeys (ConfUtils.java:logGet(46)) - raft.server.snapshot.retention.file.num = -1 (default)
2023-08-28 07:17:42,561 [s4-impl-thread1] INFO  server.RaftServerConfigKeys (ConfUtils.java:logGet(46)) - raft.server.log.purge.upto.snapshot.index = false (default)
2023-08-28 07:17:42,562 [Time-limited test] INFO  server.RaftServer (RaftServerProxy.java:startImpl(404)) - s4: start RPC server
2023-08-28 07:17:42,562 [nioEventLoopGroup-93-1] INFO  logging.LoggingHandler (AbstractInternalLogger.java:log(148)) - [id: 0x3e2faf44] REGISTERED
2023-08-28 07:17:42,562 [nioEventLoopGroup-93-1] INFO  logging.LoggingHandler (AbstractInternalLogger.java:log(148)) - [id: 0x3e2faf44] BIND: 0.0.0.0/0.0.0.0:45719
2023-08-28 07:17:42,562 [nioEventLoopGroup-93-1] INFO  logging.LoggingHandler (AbstractInternalLogger.java:log(148)) - [id: 0x3e2faf44, L:/0.0.0.0:45719] ACTIVE
2023-08-28 07:17:42,563 [JvmPauseMonitor21] INFO  util.JvmPauseMonitor (JvmPauseMonitor.java:run(146)) - JvmPauseMonitor-s4: Started
2023-08-28 07:17:42,563 [s5-impl-thread1] INFO  server.RaftServerConfigKeys (ConfUtils.java:logGet(46)) - raft.server.storage.free-space.min = 0MB (=0) (default)
2023-08-28 07:17:42,563 [s5-impl-thread1] INFO  server.RaftServerConfigKeys (ConfUtils.java:logGet(46)) - raft.server.log.corruption.policy = EXCEPTION (default)
2023-08-28 07:17:42,563 [s5-impl-thread1] INFO  server.RaftServerConfigKeys (ConfUtils.java:logGet(46)) - raft.server.storage.dir = [/home/runner/work/ratis/ratis/ratis-test/target/test/data/c5bbf9cd/MiniRaftClusterWithNetty9d0d4a8/s5] (custom)
2023-08-28 07:17:42,563 [s5-impl-thread1] INFO  storage.RaftStorageDirectory (RaftStorageDirectoryImpl.java:analyzeStorage(138)) - The storage directory /home/runner/work/ratis/ratis/ratis-test/target/test/data/c5bbf9cd/MiniRaftClusterWithNetty9d0d4a8/s5/b53fbad1-9fed-4e54-b0f6-75ab5bf27cad does not exist. Creating ...
2023-08-28 07:17:42,563 [s5-impl-thread1] TRACE util.FileUtils (LogUtils.java:runAndLog(49)) - Successfully ran Files.createDirectories /home/runner/work/ratis/ratis/ratis-test/target/test/data/c5bbf9cd/MiniRaftClusterWithNetty9d0d4a8/s5/b53fbad1-9fed-4e54-b0f6-75ab5bf27cad
2023-08-28 07:17:42,564 [s5-impl-thread1] INFO  storage.RaftStorageDirectory (RaftStorageDirectoryImpl.java:tryLock(232)) - Lock on /home/runner/work/ratis/ratis/ratis-test/target/test/data/c5bbf9cd/MiniRaftClusterWithNetty9d0d4a8/s5/b53fbad1-9fed-4e54-b0f6-75ab5bf27cad/in_use.lock acquired by nodename 7908@fv-az1033-516
2023-08-28 07:17:42,564 [s5-impl-thread1] TRACE util.FileUtils (LogUtils.java:runAndLog(49)) - Successfully ran Files.createDirectories /home/runner/work/ratis/ratis/ratis-test/target/test/data/c5bbf9cd/MiniRaftClusterWithNetty9d0d4a8/s5/b53fbad1-9fed-4e54-b0f6-75ab5bf27cad/current
2023-08-28 07:17:42,564 [s5-impl-thread1] TRACE util.FileUtils (LogUtils.java:runAndLog(49)) - Successfully ran Files.createDirectories /home/runner/work/ratis/ratis/ratis-test/target/test/data/c5bbf9cd/MiniRaftClusterWithNetty9d0d4a8/s5/b53fbad1-9fed-4e54-b0f6-75ab5bf27cad/sm
2023-08-28 07:17:42,565 [s5-impl-thread1] INFO  storage.RaftStorage (RaftStorageImpl.java:format(97)) - Storage directory /home/runner/work/ratis/ratis/ratis-test/target/test/data/c5bbf9cd/MiniRaftClusterWithNetty9d0d4a8/s5/b53fbad1-9fed-4e54-b0f6-75ab5bf27cad has been successfully formatted.
2023-08-28 07:17:42,566 [s5-impl-thread1] INFO  server.RaftServerConfigKeys (ConfUtils.java:logGet(46)) - raft.server.log.use.memory = false (default)
2023-08-28 07:17:42,566 [s5-impl-thread1] INFO  server.RaftServerConfigKeys (ConfUtils.java:logGet(46)) - raft.server.log.purge.gap = 1024 (default)
2023-08-28 07:17:42,566 [s5-impl-thread1] INFO  server.RaftServerConfigKeys (ConfUtils.java:logGet(46)) - raft.server.log.appender.buffer.byte-limit = 4MB (=4194304) (default)
2023-08-28 07:17:42,566 [s5-impl-thread1] INFO  server.RaftServerConfigKeys (ConfUtils.java:logGet(46)) - raft.server.log.statemachine.data.read.timeout = 1000ms (default)
2023-08-28 07:17:42,566 [s5-impl-thread1] INFO  server.RaftServerConfigKeys (ConfUtils.java:logGet(46)) - raft.server.log.purge.preservation.log.num = 0 (default)
2023-08-28 07:17:42,566 [s5-impl-thread1] INFO  server.RaftServerConfigKeys (ConfUtils.java:logGet(46)) - raft.server.log.segment.size.max = 8MB (=8388608) (default)
2023-08-28 07:17:42,566 [s5-impl-thread1] INFO  server.RaftServerConfigKeys (ConfUtils.java:logGet(46)) - raft.server.log.segment.cache.num.max = 6 (default)
2023-08-28 07:17:42,566 [s5-impl-thread1] INFO  server.RaftServerConfigKeys (ConfUtils.java:logGet(46)) - raft.server.log.segment.cache.size.max = 200MB (=209715200) (default)
2023-08-28 07:17:42,566 [s5-impl-thread1] INFO  server.RaftServerConfigKeys (ConfUtils.java:logGet(46)) - raft.server.log.appender.buffer.byte-limit = 4MB (=4194304) (default)
2023-08-28 07:17:42,566 [s5-impl-thread1] INFO  segmented.SegmentedRaftLogWorker (SegmentedRaftLogWorker.java:<init>(183)) - new s5@group-75AB5BF27CAD-SegmentedRaftLogWorker for RaftStorageImpl:Storage Directory /home/runner/work/ratis/ratis/ratis-test/target/test/data/c5bbf9cd/MiniRaftClusterWithNetty9d0d4a8/s5/b53fbad1-9fed-4e54-b0f6-75ab5bf27cad
2023-08-28 07:17:42,566 [s5-impl-thread1] INFO  server.RaftServerConfigKeys (ConfUtils.java:logGet(46)) - raft.server.log.queue.byte-limit = 64MB (=67108864) (default)
2023-08-28 07:17:42,566 [s5-impl-thread1] INFO  server.RaftServerConfigKeys (ConfUtils.java:logGet(46)) - raft.server.log.queue.element-limit = 4096 (default)
2023-08-28 07:17:42,566 [s5-impl-thread1] INFO  server.RaftServerConfigKeys (ConfUtils.java:logGet(46)) - raft.server.log.segment.size.max = 8MB (=8388608) (default)
2023-08-28 07:17:42,566 [s5-impl-thread1] INFO  server.RaftServerConfigKeys (ConfUtils.java:logGet(46)) - raft.server.log.preallocated.size = 4MB (=4194304) (default)
2023-08-28 07:17:42,566 [s5-impl-thread1] INFO  server.RaftServerConfigKeys (ConfUtils.java:logGet(46)) - raft.server.log.force.sync.num = 128 (default)
2023-08-28 07:17:42,566 [s5-impl-thread1] INFO  server.RaftServerConfigKeys (ConfUtils.java:logGet(46)) - raft.server.log.statemachine.data.sync = true (default)
2023-08-28 07:17:42,566 [s5-impl-thread1] INFO  server.RaftServerConfigKeys (ConfUtils.java:logGet(46)) - raft.server.log.statemachine.data.sync.timeout = 10s (default)
2023-08-28 07:17:42,566 [s5-impl-thread1] INFO  server.RaftServerConfigKeys (ConfUtils.java:logGet(46)) - raft.server.log.statemachine.data.sync.timeout.retry = -1 (default)
2023-08-28 07:17:42,566 [s5-impl-thread1] INFO  server.RaftServerConfigKeys (ConfUtils.java:logGet(46)) - raft.server.log.write.buffer.size = 64KB (=65536) (default)
2023-08-28 07:17:42,566 [s5-impl-thread1] INFO  server.RaftServerConfigKeys (ConfUtils.java:logGet(46)) - raft.server.log.appender.buffer.byte-limit = 4MB (=4194304) (default)
2023-08-28 07:17:42,567 [s5-impl-thread1] INFO  server.RaftServerConfigKeys (ConfUtils.java:logGet(46)) - raft.server.log.unsafe-flush.enabled = false (default)
2023-08-28 07:17:42,567 [s5-impl-thread1] INFO  server.RaftServerConfigKeys (ConfUtils.java:logGet(46)) - raft.server.log.async-flush.enabled = false (default)
2023-08-28 07:17:42,567 [s5-impl-thread1] INFO  server.RaftServerConfigKeys (ConfUtils.java:logGet(46)) - raft.server.log.statemachine.data.caching.enabled = false (default)
2023-08-28 07:17:42,567 [s5-impl-thread1] INFO  segmented.SegmentedRaftLogWorker (SegmentedRaftLogWorker.java:lambda$new$0(134)) - s5@group-75AB5BF27CAD-SegmentedRaftLogWorker: flushIndex: setUnconditionally 0 -> -1
2023-08-28 07:17:42,567 [s5-impl-thread1] INFO  segmented.SegmentedRaftLogWorker (SegmentedRaftLogWorker.java:lambda$new$0(134)) - s5@group-75AB5BF27CAD-SegmentedRaftLogWorker: safeCacheEvictIndex: setUnconditionally 0 -> -1
2023-08-28 07:17:42,567 [s5-impl-thread1] INFO  server.RaftServer$Division (RaftServerImpl.java:start(390)) - s5@group-75AB5BF27CAD: start with initializing state, conf=-1: peers:[]|listeners:[], old=null
2023-08-28 07:17:42,567 [s5-impl-thread1] INFO  server.RaftServer$Division (RaftServerImpl.java:setRole(371)) - s5@group-75AB5BF27CAD: changes role from      null to FOLLOWER at term 0 for startInitializing
2023-08-28 07:17:42,567 [s5-impl-thread1] INFO  util.JmxRegister (JmxRegister.java:tryRegister(44)) - Successfully registered JMX Bean with object name Ratis:service=RaftServer,group=group-75AB5BF27CAD,id=s5
2023-08-28 07:17:42,567 [s5-impl-thread1] INFO  server.RaftServerConfigKeys (ConfUtils.java:logGet(46)) - raft.server.snapshot.trigger-when-stop.enabled = true (default)
2023-08-28 07:17:42,567 [s5-impl-thread1] INFO  server.RaftServerConfigKeys (ConfUtils.java:logGet(46)) - raft.server.snapshot.auto.trigger.enabled = false (default)
2023-08-28 07:17:42,567 [s5-impl-thread1] INFO  server.RaftServerConfigKeys (ConfUtils.java:logGet(46)) - raft.server.snapshot.retention.file.num = -1 (default)
2023-08-28 07:17:42,567 [s5-impl-thread1] INFO  server.RaftServerConfigKeys (ConfUtils.java:logGet(46)) - raft.server.log.purge.upto.snapshot.index = false (default)
2023-08-28 07:17:42,568 [Time-limited test] INFO  server.RaftServer (RaftServerProxy.java:startImpl(404)) - s5: start RPC server
2023-08-28 07:17:42,568 [nioEventLoopGroup-96-1] INFO  logging.LoggingHandler (AbstractInternalLogger.java:log(148)) - [id: 0x34e461c6] REGISTERED
2023-08-28 07:17:42,568 [nioEventLoopGroup-96-1] INFO  logging.LoggingHandler (AbstractInternalLogger.java:log(148)) - [id: 0x34e461c6] BIND: 0.0.0.0/0.0.0.0:35717
2023-08-28 07:17:42,568 [nioEventLoopGroup-96-1] INFO  logging.LoggingHandler (AbstractInternalLogger.java:log(148)) - [id: 0x34e461c6, L:/0.0.0.0:35717] ACTIVE
2023-08-28 07:17:42,568 [s6-impl-thread1] INFO  server.RaftServerConfigKeys (ConfUtils.java:logGet(46)) - raft.server.storage.free-space.min = 0MB (=0) (default)
2023-08-28 07:17:42,568 [s6-impl-thread1] INFO  server.RaftServerConfigKeys (ConfUtils.java:logGet(46)) - raft.server.log.corruption.policy = EXCEPTION (default)
2023-08-28 07:17:42,569 [s6-impl-thread1] INFO  server.RaftServerConfigKeys (ConfUtils.java:logGet(46)) - raft.server.storage.dir = [/home/runner/work/ratis/ratis/ratis-test/target/test/data/c5bbf9cd/MiniRaftClusterWithNetty9d0d4a8/s6] (custom)
2023-08-28 07:17:42,569 [s6-impl-thread1] INFO  storage.RaftStorageDirectory (RaftStorageDirectoryImpl.java:analyzeStorage(138)) - The storage directory /home/runner/work/ratis/ratis/ratis-test/target/test/data/c5bbf9cd/MiniRaftClusterWithNetty9d0d4a8/s6/b53fbad1-9fed-4e54-b0f6-75ab5bf27cad does not exist. Creating ...
2023-08-28 07:17:42,569 [s6-impl-thread1] TRACE util.FileUtils (LogUtils.java:runAndLog(49)) - Successfully ran Files.createDirectories /home/runner/work/ratis/ratis/ratis-test/target/test/data/c5bbf9cd/MiniRaftClusterWithNetty9d0d4a8/s6/b53fbad1-9fed-4e54-b0f6-75ab5bf27cad
2023-08-28 07:17:42,569 [JvmPauseMonitor22] INFO  util.JvmPauseMonitor (JvmPauseMonitor.java:run(146)) - JvmPauseMonitor-s5: Started
2023-08-28 07:17:42,570 [s6-impl-thread1] INFO  storage.RaftStorageDirectory (RaftStorageDirectoryImpl.java:tryLock(232)) - Lock on /home/runner/work/ratis/ratis/ratis-test/target/test/data/c5bbf9cd/MiniRaftClusterWithNetty9d0d4a8/s6/b53fbad1-9fed-4e54-b0f6-75ab5bf27cad/in_use.lock acquired by nodename 7908@fv-az1033-516
2023-08-28 07:17:42,570 [s6-impl-thread1] TRACE util.FileUtils (LogUtils.java:runAndLog(49)) - Successfully ran Files.createDirectories /home/runner/work/ratis/ratis/ratis-test/target/test/data/c5bbf9cd/MiniRaftClusterWithNetty9d0d4a8/s6/b53fbad1-9fed-4e54-b0f6-75ab5bf27cad/current
2023-08-28 07:17:42,570 [s6-impl-thread1] TRACE util.FileUtils (LogUtils.java:runAndLog(49)) - Successfully ran Files.createDirectories /home/runner/work/ratis/ratis/ratis-test/target/test/data/c5bbf9cd/MiniRaftClusterWithNetty9d0d4a8/s6/b53fbad1-9fed-4e54-b0f6-75ab5bf27cad/sm
2023-08-28 07:17:42,571 [s6-impl-thread1] INFO  storage.RaftStorage (RaftStorageImpl.java:format(97)) - Storage directory /home/runner/work/ratis/ratis/ratis-test/target/test/data/c5bbf9cd/MiniRaftClusterWithNetty9d0d4a8/s6/b53fbad1-9fed-4e54-b0f6-75ab5bf27cad has been successfully formatted.
2023-08-28 07:17:42,571 [s6-impl-thread1] INFO  server.RaftServerConfigKeys (ConfUtils.java:logGet(46)) - raft.server.log.use.memory = false (default)
2023-08-28 07:17:42,571 [s6-impl-thread1] INFO  server.RaftServerConfigKeys (ConfUtils.java:logGet(46)) - raft.server.log.purge.gap = 1024 (default)
2023-08-28 07:17:42,571 [s6-impl-thread1] INFO  server.RaftServerConfigKeys (ConfUtils.java:logGet(46)) - raft.server.log.appender.buffer.byte-limit = 4MB (=4194304) (default)
2023-08-28 07:17:42,571 [s6-impl-thread1] INFO  server.RaftServerConfigKeys (ConfUtils.java:logGet(46)) - raft.server.log.statemachine.data.read.timeout = 1000ms (default)
2023-08-28 07:17:42,571 [s6-impl-thread1] INFO  server.RaftServerConfigKeys (ConfUtils.java:logGet(46)) - raft.server.log.purge.preservation.log.num = 0 (default)
2023-08-28 07:17:42,571 [s6-impl-thread1] INFO  server.RaftServerConfigKeys (ConfUtils.java:logGet(46)) - raft.server.log.segment.size.max = 8MB (=8388608) (default)
2023-08-28 07:17:42,571 [s6-impl-thread1] INFO  server.RaftServerConfigKeys (ConfUtils.java:logGet(46)) - raft.server.log.segment.cache.num.max = 6 (default)
2023-08-28 07:17:42,571 [s6-impl-thread1] INFO  server.RaftServerConfigKeys (ConfUtils.java:logGet(46)) - raft.server.log.segment.cache.size.max = 200MB (=209715200) (default)
2023-08-28 07:17:42,571 [s6-impl-thread1] INFO  server.RaftServerConfigKeys (ConfUtils.java:logGet(46)) - raft.server.log.appender.buffer.byte-limit = 4MB (=4194304) (default)
2023-08-28 07:17:42,571 [s6-impl-thread1] INFO  segmented.SegmentedRaftLogWorker (SegmentedRaftLogWorker.java:<init>(183)) - new s6@group-75AB5BF27CAD-SegmentedRaftLogWorker for RaftStorageImpl:Storage Directory /home/runner/work/ratis/ratis/ratis-test/target/test/data/c5bbf9cd/MiniRaftClusterWithNetty9d0d4a8/s6/b53fbad1-9fed-4e54-b0f6-75ab5bf27cad
2023-08-28 07:17:42,571 [s6-impl-thread1] INFO  server.RaftServerConfigKeys (ConfUtils.java:logGet(46)) - raft.server.log.queue.byte-limit = 64MB (=67108864) (default)
2023-08-28 07:17:42,571 [s6-impl-thread1] INFO  server.RaftServerConfigKeys (ConfUtils.java:logGet(46)) - raft.server.log.queue.element-limit = 4096 (default)
2023-08-28 07:17:42,572 [s6-impl-thread1] INFO  server.RaftServerConfigKeys (ConfUtils.java:logGet(46)) - raft.server.log.segment.size.max = 8MB (=8388608) (default)
2023-08-28 07:17:42,572 [s6-impl-thread1] INFO  server.RaftServerConfigKeys (ConfUtils.java:logGet(46)) - raft.server.log.preallocated.size = 4MB (=4194304) (default)
2023-08-28 07:17:42,572 [s6-impl-thread1] INFO  server.RaftServerConfigKeys (ConfUtils.java:logGet(46)) - raft.server.log.force.sync.num = 128 (default)
2023-08-28 07:17:42,572 [s6-impl-thread1] INFO  server.RaftServerConfigKeys (ConfUtils.java:logGet(46)) - raft.server.log.statemachine.data.sync = true (default)
2023-08-28 07:17:42,572 [s6-impl-thread1] INFO  server.RaftServerConfigKeys (ConfUtils.java:logGet(46)) - raft.server.log.statemachine.data.sync.timeout = 10s (default)
2023-08-28 07:17:42,572 [s6-impl-thread1] INFO  server.RaftServerConfigKeys (ConfUtils.java:logGet(46)) - raft.server.log.statemachine.data.sync.timeout.retry = -1 (default)
2023-08-28 07:17:42,572 [s6-impl-thread1] INFO  server.RaftServerConfigKeys (ConfUtils.java:logGet(46)) - raft.server.log.write.buffer.size = 64KB (=65536) (default)
2023-08-28 07:17:42,572 [s6-impl-thread1] INFO  server.RaftServerConfigKeys (ConfUtils.java:logGet(46)) - raft.server.log.appender.buffer.byte-limit = 4MB (=4194304) (default)
2023-08-28 07:17:42,572 [s6-impl-thread1] INFO  server.RaftServerConfigKeys (ConfUtils.java:logGet(46)) - raft.server.log.unsafe-flush.enabled = false (default)
2023-08-28 07:17:42,572 [s6-impl-thread1] INFO  server.RaftServerConfigKeys (ConfUtils.java:logGet(46)) - raft.server.log.async-flush.enabled = false (default)
2023-08-28 07:17:42,572 [s6-impl-thread1] INFO  server.RaftServerConfigKeys (ConfUtils.java:logGet(46)) - raft.server.log.statemachine.data.caching.enabled = false (default)
2023-08-28 07:17:42,572 [s6-impl-thread1] INFO  segmented.SegmentedRaftLogWorker (SegmentedRaftLogWorker.java:lambda$new$0(134)) - s6@group-75AB5BF27CAD-SegmentedRaftLogWorker: flushIndex: setUnconditionally 0 -> -1
2023-08-28 07:17:42,572 [s6-impl-thread1] INFO  segmented.SegmentedRaftLogWorker (SegmentedRaftLogWorker.java:lambda$new$0(134)) - s6@group-75AB5BF27CAD-SegmentedRaftLogWorker: safeCacheEvictIndex: setUnconditionally 0 -> -1
2023-08-28 07:17:42,572 [s6-impl-thread1] INFO  server.RaftServer$Division (RaftServerImpl.java:start(390)) - s6@group-75AB5BF27CAD: start with initializing state, conf=-1: peers:[]|listeners:[], old=null
2023-08-28 07:17:42,573 [s6-impl-thread1] INFO  server.RaftServer$Division (RaftServerImpl.java:setRole(371)) - s6@group-75AB5BF27CAD: changes role from      null to FOLLOWER at term 0 for startInitializing
2023-08-28 07:17:42,573 [s6-impl-thread1] INFO  util.JmxRegister (JmxRegister.java:tryRegister(44)) - Successfully registered JMX Bean with object name Ratis:service=RaftServer,group=group-75AB5BF27CAD,id=s6
2023-08-28 07:17:42,573 [s6-impl-thread1] INFO  server.RaftServerConfigKeys (ConfUtils.java:logGet(46)) - raft.server.snapshot.trigger-when-stop.enabled = true (default)
2023-08-28 07:17:42,573 [s6-impl-thread1] INFO  server.RaftServerConfigKeys (ConfUtils.java:logGet(46)) - raft.server.snapshot.auto.trigger.enabled = false (default)
2023-08-28 07:17:42,573 [s6-impl-thread1] INFO  server.RaftServerConfigKeys (ConfUtils.java:logGet(46)) - raft.server.snapshot.retention.file.num = -1 (default)
2023-08-28 07:17:42,573 [s6-impl-thread1] INFO  server.RaftServerConfigKeys (ConfUtils.java:logGet(46)) - raft.server.log.purge.upto.snapshot.index = false (default)
2023-08-28 07:17:42,573 [Time-limited test] INFO  server.RaftServer (RaftServerProxy.java:startImpl(404)) - s6: start RPC server
2023-08-28 07:17:42,574 [nioEventLoopGroup-99-1] INFO  logging.LoggingHandler (AbstractInternalLogger.java:log(148)) - [id: 0x4c645ac6] REGISTERED
2023-08-28 07:17:42,574 [nioEventLoopGroup-99-1] INFO  logging.LoggingHandler (AbstractInternalLogger.java:log(148)) - [id: 0x4c645ac6] BIND: 0.0.0.0/0.0.0.0:46025
2023-08-28 07:17:42,574 [nioEventLoopGroup-99-1] INFO  logging.LoggingHandler (AbstractInternalLogger.java:log(148)) - [id: 0x4c645ac6, L:/0.0.0.0:46025] ACTIVE
2023-08-28 07:17:42,578 [s7-impl-thread1] INFO  server.RaftServerConfigKeys (ConfUtils.java:logGet(46)) - raft.server.storage.free-space.min = 0MB (=0) (default)
2023-08-28 07:17:42,578 [JvmPauseMonitor23] INFO  util.JvmPauseMonitor (JvmPauseMonitor.java:run(146)) - JvmPauseMonitor-s6: Started
2023-08-28 07:17:42,578 [s7-impl-thread1] INFO  server.RaftServerConfigKeys (ConfUtils.java:logGet(46)) - raft.server.log.corruption.policy = EXCEPTION (default)
2023-08-28 07:17:42,578 [s7-impl-thread1] INFO  server.RaftServerConfigKeys (ConfUtils.java:logGet(46)) - raft.server.storage.dir = [/home/runner/work/ratis/ratis/ratis-test/target/test/data/c5bbf9cd/MiniRaftClusterWithNetty9d0d4a8/s7] (custom)
2023-08-28 07:17:42,578 [s7-impl-thread1] INFO  storage.RaftStorageDirectory (RaftStorageDirectoryImpl.java:analyzeStorage(138)) - The storage directory /home/runner/work/ratis/ratis/ratis-test/target/test/data/c5bbf9cd/MiniRaftClusterWithNetty9d0d4a8/s7/b53fbad1-9fed-4e54-b0f6-75ab5bf27cad does not exist. Creating ...
2023-08-28 07:17:42,579 [s7-impl-thread1] TRACE util.FileUtils (LogUtils.java:runAndLog(49)) - Successfully ran Files.createDirectories /home/runner/work/ratis/ratis/ratis-test/target/test/data/c5bbf9cd/MiniRaftClusterWithNetty9d0d4a8/s7/b53fbad1-9fed-4e54-b0f6-75ab5bf27cad
2023-08-28 07:17:42,579 [s7-impl-thread1] INFO  storage.RaftStorageDirectory (RaftStorageDirectoryImpl.java:tryLock(232)) - Lock on /home/runner/work/ratis/ratis/ratis-test/target/test/data/c5bbf9cd/MiniRaftClusterWithNetty9d0d4a8/s7/b53fbad1-9fed-4e54-b0f6-75ab5bf27cad/in_use.lock acquired by nodename 7908@fv-az1033-516
2023-08-28 07:17:42,580 [s7-impl-thread1] TRACE util.FileUtils (LogUtils.java:runAndLog(49)) - Successfully ran Files.createDirectories /home/runner/work/ratis/ratis/ratis-test/target/test/data/c5bbf9cd/MiniRaftClusterWithNetty9d0d4a8/s7/b53fbad1-9fed-4e54-b0f6-75ab5bf27cad/current
2023-08-28 07:17:42,580 [s7-impl-thread1] TRACE util.FileUtils (LogUtils.java:runAndLog(49)) - Successfully ran Files.createDirectories /home/runner/work/ratis/ratis/ratis-test/target/test/data/c5bbf9cd/MiniRaftClusterWithNetty9d0d4a8/s7/b53fbad1-9fed-4e54-b0f6-75ab5bf27cad/sm
2023-08-28 07:17:42,581 [s7-impl-thread1] INFO  storage.RaftStorage (RaftStorageImpl.java:format(97)) - Storage directory /home/runner/work/ratis/ratis/ratis-test/target/test/data/c5bbf9cd/MiniRaftClusterWithNetty9d0d4a8/s7/b53fbad1-9fed-4e54-b0f6-75ab5bf27cad has been successfully formatted.
2023-08-28 07:17:42,581 [s7-impl-thread1] INFO  server.RaftServerConfigKeys (ConfUtils.java:logGet(46)) - raft.server.log.use.memory = false (default)
2023-08-28 07:17:42,581 [s7-impl-thread1] INFO  server.RaftServerConfigKeys (ConfUtils.java:logGet(46)) - raft.server.log.purge.gap = 1024 (default)
2023-08-28 07:17:42,581 [s7-impl-thread1] INFO  server.RaftServerConfigKeys (ConfUtils.java:logGet(46)) - raft.server.log.appender.buffer.byte-limit = 4MB (=4194304) (default)
2023-08-28 07:17:42,581 [s7-impl-thread1] INFO  server.RaftServerConfigKeys (ConfUtils.java:logGet(46)) - raft.server.log.statemachine.data.read.timeout = 1000ms (default)
2023-08-28 07:17:42,581 [s7-impl-thread1] INFO  server.RaftServerConfigKeys (ConfUtils.java:logGet(46)) - raft.server.log.purge.preservation.log.num = 0 (default)
2023-08-28 07:17:42,581 [s7-impl-thread1] INFO  server.RaftServerConfigKeys (ConfUtils.java:logGet(46)) - raft.server.log.segment.size.max = 8MB (=8388608) (default)
2023-08-28 07:17:42,581 [s7-impl-thread1] INFO  server.RaftServerConfigKeys (ConfUtils.java:logGet(46)) - raft.server.log.segment.cache.num.max = 6 (default)
2023-08-28 07:17:42,581 [s7-impl-thread1] INFO  server.RaftServerConfigKeys (ConfUtils.java:logGet(46)) - raft.server.log.segment.cache.size.max = 200MB (=209715200) (default)
2023-08-28 07:17:42,581 [s7-impl-thread1] INFO  server.RaftServerConfigKeys (ConfUtils.java:logGet(46)) - raft.server.log.appender.buffer.byte-limit = 4MB (=4194304) (default)
2023-08-28 07:17:42,581 [s7-impl-thread1] INFO  segmented.SegmentedRaftLogWorker (SegmentedRaftLogWorker.java:<init>(183)) - new s7@group-75AB5BF27CAD-SegmentedRaftLogWorker for RaftStorageImpl:Storage Directory /home/runner/work/ratis/ratis/ratis-test/target/test/data/c5bbf9cd/MiniRaftClusterWithNetty9d0d4a8/s7/b53fbad1-9fed-4e54-b0f6-75ab5bf27cad
2023-08-28 07:17:42,581 [s7-impl-thread1] INFO  server.RaftServerConfigKeys (ConfUtils.java:logGet(46)) - raft.server.log.queue.byte-limit = 64MB (=67108864) (default)
2023-08-28 07:17:42,581 [s7-impl-thread1] INFO  server.RaftServerConfigKeys (ConfUtils.java:logGet(46)) - raft.server.log.queue.element-limit = 4096 (default)
2023-08-28 07:17:42,581 [s7-impl-thread1] INFO  server.RaftServerConfigKeys (ConfUtils.java:logGet(46)) - raft.server.log.segment.size.max = 8MB (=8388608) (default)
2023-08-28 07:17:42,581 [s7-impl-thread1] INFO  server.RaftServerConfigKeys (ConfUtils.java:logGet(46)) - raft.server.log.preallocated.size = 4MB (=4194304) (default)
2023-08-28 07:17:42,581 [s7-impl-thread1] INFO  server.RaftServerConfigKeys (ConfUtils.java:logGet(46)) - raft.server.log.force.sync.num = 128 (default)
2023-08-28 07:17:42,581 [s7-impl-thread1] INFO  server.RaftServerConfigKeys (ConfUtils.java:logGet(46)) - raft.server.log.statemachine.data.sync = true (default)
2023-08-28 07:17:42,581 [s7-impl-thread1] INFO  server.RaftServerConfigKeys (ConfUtils.java:logGet(46)) - raft.server.log.statemachine.data.sync.timeout = 10s (default)
2023-08-28 07:17:42,581 [s7-impl-thread1] INFO  server.RaftServerConfigKeys (ConfUtils.java:logGet(46)) - raft.server.log.statemachine.data.sync.timeout.retry = -1 (default)
2023-08-28 07:17:42,582 [s7-impl-thread1] INFO  server.RaftServerConfigKeys (ConfUtils.java:logGet(46)) - raft.server.log.write.buffer.size = 64KB (=65536) (default)
2023-08-28 07:17:42,582 [s7-impl-thread1] INFO  server.RaftServerConfigKeys (ConfUtils.java:logGet(46)) - raft.server.log.appender.buffer.byte-limit = 4MB (=4194304) (default)
2023-08-28 07:17:42,590 [s7-impl-thread1] INFO  server.RaftServerConfigKeys (ConfUtils.java:logGet(46)) - raft.server.log.unsafe-flush.enabled = false (default)
2023-08-28 07:17:42,590 [s7-impl-thread1] INFO  server.RaftServerConfigKeys (ConfUtils.java:logGet(46)) - raft.server.log.async-flush.enabled = false (default)
2023-08-28 07:17:42,590 [s7-impl-thread1] INFO  server.RaftServerConfigKeys (ConfUtils.java:logGet(46)) - raft.server.log.statemachine.data.caching.enabled = false (default)
2023-08-28 07:17:42,591 [s7-impl-thread1] INFO  segmented.SegmentedRaftLogWorker (SegmentedRaftLogWorker.java:lambda$new$0(134)) - s7@group-75AB5BF27CAD-SegmentedRaftLogWorker: flushIndex: setUnconditionally 0 -> -1
2023-08-28 07:17:42,591 [s7-impl-thread1] INFO  segmented.SegmentedRaftLogWorker (SegmentedRaftLogWorker.java:lambda$new$0(134)) - s7@group-75AB5BF27CAD-SegmentedRaftLogWorker: safeCacheEvictIndex: setUnconditionally 0 -> -1
2023-08-28 07:17:42,591 [s7-impl-thread1] INFO  server.RaftServer$Division (RaftServerImpl.java:start(390)) - s7@group-75AB5BF27CAD: start with initializing state, conf=-1: peers:[]|listeners:[], old=null
2023-08-28 07:17:42,591 [s7-impl-thread1] INFO  server.RaftServer$Division (RaftServerImpl.java:setRole(371)) - s7@group-75AB5BF27CAD: changes role from      null to FOLLOWER at term 0 for startInitializing
2023-08-28 07:17:42,591 [s7-impl-thread1] INFO  util.JmxRegister (JmxRegister.java:tryRegister(44)) - Successfully registered JMX Bean with object name Ratis:service=RaftServer,group=group-75AB5BF27CAD,id=s7
2023-08-28 07:17:42,591 [s7-impl-thread1] INFO  server.RaftServerConfigKeys (ConfUtils.java:logGet(46)) - raft.server.snapshot.trigger-when-stop.enabled = true (default)
2023-08-28 07:17:42,591 [s7-impl-thread1] INFO  server.RaftServerConfigKeys (ConfUtils.java:logGet(46)) - raft.server.snapshot.auto.trigger.enabled = false (default)
2023-08-28 07:17:42,591 [s7-impl-thread1] INFO  server.RaftServerConfigKeys (ConfUtils.java:logGet(46)) - raft.server.snapshot.retention.file.num = -1 (default)
2023-08-28 07:17:42,592 [s7-impl-thread1] INFO  server.RaftServerConfigKeys (ConfUtils.java:logGet(46)) - raft.server.log.purge.upto.snapshot.index = false (default)
2023-08-28 07:17:42,592 [Time-limited test] INFO  server.RaftServer (RaftServerProxy.java:startImpl(404)) - s7: start RPC server
2023-08-28 07:17:42,593 [nioEventLoopGroup-101-1] INFO  logging.LoggingHandler (AbstractInternalLogger.java:log(148)) - [id: 0xaba520f8] REGISTERED
2023-08-28 07:17:42,593 [nioEventLoopGroup-101-1] INFO  logging.LoggingHandler (AbstractInternalLogger.java:log(148)) - [id: 0xaba520f8] BIND: 0.0.0.0/0.0.0.0:34047
2023-08-28 07:17:42,593 [nioEventLoopGroup-101-1] INFO  logging.LoggingHandler (AbstractInternalLogger.java:log(148)) - [id: 0xaba520f8, L:/0.0.0.0:34047] ACTIVE
2023-08-28 07:17:42,593 [JvmPauseMonitor24] INFO  util.JvmPauseMonitor (JvmPauseMonitor.java:run(146)) - JvmPauseMonitor-s7: Started
2023-08-28 07:17:42,593 [s8-impl-thread1] INFO  server.RaftServerConfigKeys (ConfUtils.java:logGet(46)) - raft.server.storage.free-space.min = 0MB (=0) (default)
2023-08-28 07:17:42,593 [s8-impl-thread1] INFO  server.RaftServerConfigKeys (ConfUtils.java:logGet(46)) - raft.server.log.corruption.policy = EXCEPTION (default)
2023-08-28 07:17:42,593 [s8-impl-thread1] INFO  server.RaftServerConfigKeys (ConfUtils.java:logGet(46)) - raft.server.storage.dir = [/home/runner/work/ratis/ratis/ratis-test/target/test/data/c5bbf9cd/MiniRaftClusterWithNetty9d0d4a8/s8] (custom)
2023-08-28 07:17:42,593 [s8-impl-thread1] INFO  storage.RaftStorageDirectory (RaftStorageDirectoryImpl.java:analyzeStorage(138)) - The storage directory /home/runner/work/ratis/ratis/ratis-test/target/test/data/c5bbf9cd/MiniRaftClusterWithNetty9d0d4a8/s8/b53fbad1-9fed-4e54-b0f6-75ab5bf27cad does not exist. Creating ...
2023-08-28 07:17:42,593 [s8-impl-thread1] TRACE util.FileUtils (LogUtils.java:runAndLog(49)) - Successfully ran Files.createDirectories /home/runner/work/ratis/ratis/ratis-test/target/test/data/c5bbf9cd/MiniRaftClusterWithNetty9d0d4a8/s8/b53fbad1-9fed-4e54-b0f6-75ab5bf27cad
2023-08-28 07:17:42,594 [s8-impl-thread1] INFO  storage.RaftStorageDirectory (RaftStorageDirectoryImpl.java:tryLock(232)) - Lock on /home/runner/work/ratis/ratis/ratis-test/target/test/data/c5bbf9cd/MiniRaftClusterWithNetty9d0d4a8/s8/b53fbad1-9fed-4e54-b0f6-75ab5bf27cad/in_use.lock acquired by nodename 7908@fv-az1033-516
2023-08-28 07:17:42,595 [s8-impl-thread1] TRACE util.FileUtils (LogUtils.java:runAndLog(49)) - Successfully ran Files.createDirectories /home/runner/work/ratis/ratis/ratis-test/target/test/data/c5bbf9cd/MiniRaftClusterWithNetty9d0d4a8/s8/b53fbad1-9fed-4e54-b0f6-75ab5bf27cad/current
2023-08-28 07:17:42,595 [s8-impl-thread1] TRACE util.FileUtils (LogUtils.java:runAndLog(49)) - Successfully ran Files.createDirectories /home/runner/work/ratis/ratis/ratis-test/target/test/data/c5bbf9cd/MiniRaftClusterWithNetty9d0d4a8/s8/b53fbad1-9fed-4e54-b0f6-75ab5bf27cad/sm
2023-08-28 07:17:42,596 [s8-impl-thread1] INFO  storage.RaftStorage (RaftStorageImpl.java:format(97)) - Storage directory /home/runner/work/ratis/ratis/ratis-test/target/test/data/c5bbf9cd/MiniRaftClusterWithNetty9d0d4a8/s8/b53fbad1-9fed-4e54-b0f6-75ab5bf27cad has been successfully formatted.
2023-08-28 07:17:42,596 [s8-impl-thread1] INFO  server.RaftServerConfigKeys (ConfUtils.java:logGet(46)) - raft.server.log.use.memory = false (default)
2023-08-28 07:17:42,596 [s8-impl-thread1] INFO  server.RaftServerConfigKeys (ConfUtils.java:logGet(46)) - raft.server.log.purge.gap = 1024 (default)
2023-08-28 07:17:42,596 [s8-impl-thread1] INFO  server.RaftServerConfigKeys (ConfUtils.java:logGet(46)) - raft.server.log.appender.buffer.byte-limit = 4MB (=4194304) (default)
2023-08-28 07:17:42,596 [s8-impl-thread1] INFO  server.RaftServerConfigKeys (ConfUtils.java:logGet(46)) - raft.server.log.statemachine.data.read.timeout = 1000ms (default)
2023-08-28 07:17:42,596 [s8-impl-thread1] INFO  server.RaftServerConfigKeys (ConfUtils.java:logGet(46)) - raft.server.log.purge.preservation.log.num = 0 (default)
2023-08-28 07:17:42,596 [s8-impl-thread1] INFO  server.RaftServerConfigKeys (ConfUtils.java:logGet(46)) - raft.server.log.segment.size.max = 8MB (=8388608) (default)
2023-08-28 07:17:42,596 [s8-impl-thread1] INFO  server.RaftServerConfigKeys (ConfUtils.java:logGet(46)) - raft.server.log.segment.cache.num.max = 6 (default)
2023-08-28 07:17:42,596 [s8-impl-thread1] INFO  server.RaftServerConfigKeys (ConfUtils.java:logGet(46)) - raft.server.log.segment.cache.size.max = 200MB (=209715200) (default)
2023-08-28 07:17:42,596 [s8-impl-thread1] INFO  server.RaftServerConfigKeys (ConfUtils.java:logGet(46)) - raft.server.log.appender.buffer.byte-limit = 4MB (=4194304) (default)
2023-08-28 07:17:42,596 [s8-impl-thread1] INFO  segmented.SegmentedRaftLogWorker (SegmentedRaftLogWorker.java:<init>(183)) - new s8@group-75AB5BF27CAD-SegmentedRaftLogWorker for RaftStorageImpl:Storage Directory /home/runner/work/ratis/ratis/ratis-test/target/test/data/c5bbf9cd/MiniRaftClusterWithNetty9d0d4a8/s8/b53fbad1-9fed-4e54-b0f6-75ab5bf27cad
2023-08-28 07:17:42,596 [s8-impl-thread1] INFO  server.RaftServerConfigKeys (ConfUtils.java:logGet(46)) - raft.server.log.queue.byte-limit = 64MB (=67108864) (default)
2023-08-28 07:17:42,596 [s8-impl-thread1] INFO  server.RaftServerConfigKeys (ConfUtils.java:logGet(46)) - raft.server.log.queue.element-limit = 4096 (default)
2023-08-28 07:17:42,596 [s8-impl-thread1] INFO  server.RaftServerConfigKeys (ConfUtils.java:logGet(46)) - raft.server.log.segment.size.max = 8MB (=8388608) (default)
2023-08-28 07:17:42,596 [s8-impl-thread1] INFO  server.RaftServerConfigKeys (ConfUtils.java:logGet(46)) - raft.server.log.preallocated.size = 4MB (=4194304) (default)
2023-08-28 07:17:42,596 [s8-impl-thread1] INFO  server.RaftServerConfigKeys (ConfUtils.java:logGet(46)) - raft.server.log.force.sync.num = 128 (default)
2023-08-28 07:17:42,596 [s8-impl-thread1] INFO  server.RaftServerConfigKeys (ConfUtils.java:logGet(46)) - raft.server.log.statemachine.data.sync = true (default)
2023-08-28 07:17:42,596 [s8-impl-thread1] INFO  server.RaftServerConfigKeys (ConfUtils.java:logGet(46)) - raft.server.log.statemachine.data.sync.timeout = 10s (default)
2023-08-28 07:17:42,596 [s8-impl-thread1] INFO  server.RaftServerConfigKeys (ConfUtils.java:logGet(46)) - raft.server.log.statemachine.data.sync.timeout.retry = -1 (default)
2023-08-28 07:17:42,597 [s8-impl-thread1] INFO  server.RaftServerConfigKeys (ConfUtils.java:logGet(46)) - raft.server.log.write.buffer.size = 64KB (=65536) (default)
2023-08-28 07:17:42,597 [s8-impl-thread1] INFO  server.RaftServerConfigKeys (ConfUtils.java:logGet(46)) - raft.server.log.appender.buffer.byte-limit = 4MB (=4194304) (default)
2023-08-28 07:17:42,597 [s8-impl-thread1] INFO  server.RaftServerConfigKeys (ConfUtils.java:logGet(46)) - raft.server.log.unsafe-flush.enabled = false (default)
2023-08-28 07:17:42,597 [s8-impl-thread1] INFO  server.RaftServerConfigKeys (ConfUtils.java:logGet(46)) - raft.server.log.async-flush.enabled = false (default)
2023-08-28 07:17:42,597 [s8-impl-thread1] INFO  server.RaftServerConfigKeys (ConfUtils.java:logGet(46)) - raft.server.log.statemachine.data.caching.enabled = false (default)
2023-08-28 07:17:42,597 [s8-impl-thread1] INFO  segmented.SegmentedRaftLogWorker (SegmentedRaftLogWorker.java:lambda$new$0(134)) - s8@group-75AB5BF27CAD-SegmentedRaftLogWorker: flushIndex: setUnconditionally 0 -> -1
2023-08-28 07:17:42,597 [s8-impl-thread1] INFO  segmented.SegmentedRaftLogWorker (SegmentedRaftLogWorker.java:lambda$new$0(134)) - s8@group-75AB5BF27CAD-SegmentedRaftLogWorker: safeCacheEvictIndex: setUnconditionally 0 -> -1
2023-08-28 07:17:42,600 [s8-impl-thread1] INFO  server.RaftServer$Division (RaftServerImpl.java:start(390)) - s8@group-75AB5BF27CAD: start with initializing state, conf=-1: peers:[]|listeners:[], old=null
2023-08-28 07:17:42,600 [s8-impl-thread1] INFO  server.RaftServer$Division (RaftServerImpl.java:setRole(371)) - s8@group-75AB5BF27CAD: changes role from      null to FOLLOWER at term 0 for startInitializing
2023-08-28 07:17:42,600 [s8-impl-thread1] INFO  util.JmxRegister (JmxRegister.java:tryRegister(44)) - Successfully registered JMX Bean with object name Ratis:service=RaftServer,group=group-75AB5BF27CAD,id=s8
2023-08-28 07:17:42,600 [s8-impl-thread1] INFO  server.RaftServerConfigKeys (ConfUtils.java:logGet(46)) - raft.server.snapshot.trigger-when-stop.enabled = true (default)
2023-08-28 07:17:42,600 [s8-impl-thread1] INFO  server.RaftServerConfigKeys (ConfUtils.java:logGet(46)) - raft.server.snapshot.auto.trigger.enabled = false (default)
2023-08-28 07:17:42,600 [s8-impl-thread1] INFO  server.RaftServerConfigKeys (ConfUtils.java:logGet(46)) - raft.server.snapshot.retention.file.num = -1 (default)
2023-08-28 07:17:42,600 [s8-impl-thread1] INFO  server.RaftServerConfigKeys (ConfUtils.java:logGet(46)) - raft.server.log.purge.upto.snapshot.index = false (default)
2023-08-28 07:17:42,600 [Time-limited test] INFO  server.RaftServer (RaftServerProxy.java:startImpl(404)) - s8: start RPC server
2023-08-28 07:17:42,601 [nioEventLoopGroup-104-1] INFO  logging.LoggingHandler (AbstractInternalLogger.java:log(148)) - [id: 0x9cee3e91] REGISTERED
2023-08-28 07:17:42,601 [nioEventLoopGroup-104-1] INFO  logging.LoggingHandler (AbstractInternalLogger.java:log(148)) - [id: 0x9cee3e91] BIND: 0.0.0.0/0.0.0.0:35321
2023-08-28 07:17:42,601 [nioEventLoopGroup-104-1] INFO  logging.LoggingHandler (AbstractInternalLogger.java:log(148)) - [id: 0x9cee3e91, L:/0.0.0.0:35321] ACTIVE
2023-08-28 07:17:42,601 [JvmPauseMonitor25] INFO  util.JvmPauseMonitor (JvmPauseMonitor.java:run(146)) - JvmPauseMonitor-s8: Started
2023-08-28 07:17:42,601 [s0-impl-thread1] INFO  server.RaftServerConfigKeys (ConfUtils.java:logGet(46)) - raft.server.storage.free-space.min = 0MB (=0) (default)
2023-08-28 07:17:42,601 [s0-impl-thread1] INFO  server.RaftServerConfigKeys (ConfUtils.java:logGet(46)) - raft.server.log.corruption.policy = EXCEPTION (default)
2023-08-28 07:17:42,601 [s0-impl-thread1] INFO  server.RaftServerConfigKeys (ConfUtils.java:logGet(46)) - raft.server.storage.dir = [/home/runner/work/ratis/ratis/ratis-test/target/test/data/c5bbf9cd/MiniRaftClusterWithNetty9d0d4a8/s0] (custom)
2023-08-28 07:17:42,602 [s0-impl-thread1] INFO  storage.RaftStorageDirectory (RaftStorageDirectoryImpl.java:analyzeStorage(138)) - The storage directory /home/runner/work/ratis/ratis/ratis-test/target/test/data/c5bbf9cd/MiniRaftClusterWithNetty9d0d4a8/s0/b53fbad1-9fed-4e54-b0f6-75ab5bf27cad does not exist. Creating ...
2023-08-28 07:17:42,602 [s0-impl-thread1] TRACE util.FileUtils (LogUtils.java:runAndLog(49)) - Successfully ran Files.createDirectories /home/runner/work/ratis/ratis/ratis-test/target/test/data/c5bbf9cd/MiniRaftClusterWithNetty9d0d4a8/s0/b53fbad1-9fed-4e54-b0f6-75ab5bf27cad
2023-08-28 07:17:42,605 [s0-impl-thread1] INFO  storage.RaftStorageDirectory (RaftStorageDirectoryImpl.java:tryLock(232)) - Lock on /home/runner/work/ratis/ratis/ratis-test/target/test/data/c5bbf9cd/MiniRaftClusterWithNetty9d0d4a8/s0/b53fbad1-9fed-4e54-b0f6-75ab5bf27cad/in_use.lock acquired by nodename 7908@fv-az1033-516
2023-08-28 07:17:42,605 [s0-impl-thread1] TRACE util.FileUtils (LogUtils.java:runAndLog(49)) - Successfully ran Files.createDirectories /home/runner/work/ratis/ratis/ratis-test/target/test/data/c5bbf9cd/MiniRaftClusterWithNetty9d0d4a8/s0/b53fbad1-9fed-4e54-b0f6-75ab5bf27cad/current
2023-08-28 07:17:42,605 [s0-impl-thread1] TRACE util.FileUtils (LogUtils.java:runAndLog(49)) - Successfully ran Files.createDirectories /home/runner/work/ratis/ratis/ratis-test/target/test/data/c5bbf9cd/MiniRaftClusterWithNetty9d0d4a8/s0/b53fbad1-9fed-4e54-b0f6-75ab5bf27cad/sm
2023-08-28 07:17:42,607 [s0-impl-thread1] INFO  storage.RaftStorage (RaftStorageImpl.java:format(97)) - Storage directory /home/runner/work/ratis/ratis/ratis-test/target/test/data/c5bbf9cd/MiniRaftClusterWithNetty9d0d4a8/s0/b53fbad1-9fed-4e54-b0f6-75ab5bf27cad has been successfully formatted.
2023-08-28 07:17:42,607 [s0-impl-thread1] INFO  server.RaftServerConfigKeys (ConfUtils.java:logGet(46)) - raft.server.log.use.memory = false (default)
2023-08-28 07:17:42,607 [s0-impl-thread1] INFO  server.RaftServerConfigKeys (ConfUtils.java:logGet(46)) - raft.server.log.purge.gap = 1024 (default)
2023-08-28 07:17:42,607 [s0-impl-thread1] INFO  server.RaftServerConfigKeys (ConfUtils.java:logGet(46)) - raft.server.log.appender.buffer.byte-limit = 4MB (=4194304) (default)
2023-08-28 07:17:42,607 [s0-impl-thread1] INFO  server.RaftServerConfigKeys (ConfUtils.java:logGet(46)) - raft.server.log.statemachine.data.read.timeout = 1000ms (default)
2023-08-28 07:17:42,607 [s0-impl-thread1] INFO  server.RaftServerConfigKeys (ConfUtils.java:logGet(46)) - raft.server.log.purge.preservation.log.num = 0 (default)
2023-08-28 07:17:42,607 [s0-impl-thread1] INFO  server.RaftServerConfigKeys (ConfUtils.java:logGet(46)) - raft.server.log.segment.size.max = 8MB (=8388608) (default)
2023-08-28 07:17:42,607 [s0-impl-thread1] INFO  server.RaftServerConfigKeys (ConfUtils.java:logGet(46)) - raft.server.log.segment.cache.num.max = 6 (default)
2023-08-28 07:17:42,607 [s0-impl-thread1] INFO  server.RaftServerConfigKeys (ConfUtils.java:logGet(46)) - raft.server.log.segment.cache.size.max = 200MB (=209715200) (default)
2023-08-28 07:17:42,607 [s0-impl-thread1] INFO  server.RaftServerConfigKeys (ConfUtils.java:logGet(46)) - raft.server.log.appender.buffer.byte-limit = 4MB (=4194304) (default)
2023-08-28 07:17:42,607 [s0-impl-thread1] INFO  segmented.SegmentedRaftLogWorker (SegmentedRaftLogWorker.java:<init>(183)) - new s0@group-75AB5BF27CAD-SegmentedRaftLogWorker for RaftStorageImpl:Storage Directory /home/runner/work/ratis/ratis/ratis-test/target/test/data/c5bbf9cd/MiniRaftClusterWithNetty9d0d4a8/s0/b53fbad1-9fed-4e54-b0f6-75ab5bf27cad
2023-08-28 07:17:42,607 [s0-impl-thread1] INFO  server.RaftServerConfigKeys (ConfUtils.java:logGet(46)) - raft.server.log.queue.byte-limit = 64MB (=67108864) (default)
2023-08-28 07:17:42,607 [s0-impl-thread1] INFO  server.RaftServerConfigKeys (ConfUtils.java:logGet(46)) - raft.server.log.queue.element-limit = 4096 (default)
2023-08-28 07:17:42,607 [s0-impl-thread1] INFO  server.RaftServerConfigKeys (ConfUtils.java:logGet(46)) - raft.server.log.segment.size.max = 8MB (=8388608) (default)
2023-08-28 07:17:42,607 [s0-impl-thread1] INFO  server.RaftServerConfigKeys (ConfUtils.java:logGet(46)) - raft.server.log.preallocated.size = 4MB (=4194304) (default)
2023-08-28 07:17:42,607 [s0-impl-thread1] INFO  server.RaftServerConfigKeys (ConfUtils.java:logGet(46)) - raft.server.log.force.sync.num = 128 (default)
2023-08-28 07:17:42,607 [s0-impl-thread1] INFO  server.RaftServerConfigKeys (ConfUtils.java:logGet(46)) - raft.server.log.statemachine.data.sync = true (default)
2023-08-28 07:17:42,607 [s0-impl-thread1] INFO  server.RaftServerConfigKeys (ConfUtils.java:logGet(46)) - raft.server.log.statemachine.data.sync.timeout = 10s (default)
2023-08-28 07:17:42,607 [s0-impl-thread1] INFO  server.RaftServerConfigKeys (ConfUtils.java:logGet(46)) - raft.server.log.statemachine.data.sync.timeout.retry = -1 (default)
2023-08-28 07:17:42,608 [s0-impl-thread1] INFO  server.RaftServerConfigKeys (ConfUtils.java:logGet(46)) - raft.server.log.write.buffer.size = 64KB (=65536) (default)
2023-08-28 07:17:42,608 [s0-impl-thread1] INFO  server.RaftServerConfigKeys (ConfUtils.java:logGet(46)) - raft.server.log.appender.buffer.byte-limit = 4MB (=4194304) (default)
2023-08-28 07:17:42,608 [s0-impl-thread1] INFO  server.RaftServerConfigKeys (ConfUtils.java:logGet(46)) - raft.server.log.unsafe-flush.enabled = false (default)
2023-08-28 07:17:42,608 [s0-impl-thread1] INFO  server.RaftServerConfigKeys (ConfUtils.java:logGet(46)) - raft.server.log.async-flush.enabled = false (default)
2023-08-28 07:17:42,608 [s0-impl-thread1] INFO  server.RaftServerConfigKeys (ConfUtils.java:logGet(46)) - raft.server.log.statemachine.data.caching.enabled = false (default)
2023-08-28 07:17:42,608 [s0-impl-thread1] INFO  segmented.SegmentedRaftLogWorker (SegmentedRaftLogWorker.java:lambda$new$0(134)) - s0@group-75AB5BF27CAD-SegmentedRaftLogWorker: flushIndex: setUnconditionally 0 -> -1
2023-08-28 07:17:42,608 [s0-impl-thread1] INFO  segmented.SegmentedRaftLogWorker (SegmentedRaftLogWorker.java:lambda$new$0(134)) - s0@group-75AB5BF27CAD-SegmentedRaftLogWorker: safeCacheEvictIndex: setUnconditionally 0 -> -1
2023-08-28 07:17:42,611 [s0-impl-thread1] INFO  server.RaftServer$Division (RaftServerImpl.java:start(390)) - s0@group-75AB5BF27CAD: start with initializing state, conf=-1: peers:[]|listeners:[], old=null
2023-08-28 07:17:42,616 [s0-impl-thread1] INFO  server.RaftServer$Division (RaftServerImpl.java:setRole(371)) - s0@group-75AB5BF27CAD: changes role from      null to FOLLOWER at term 0 for startInitializing
2023-08-28 07:17:42,616 [s0-impl-thread1] INFO  util.JmxRegister (JmxRegister.java:tryRegister(44)) - Successfully registered JMX Bean with object name Ratis:service=RaftServer,group=group-75AB5BF27CAD,id=s0
2023-08-28 07:17:42,616 [s0-impl-thread1] INFO  server.RaftServerConfigKeys (ConfUtils.java:logGet(46)) - raft.server.snapshot.trigger-when-stop.enabled = true (default)
2023-08-28 07:17:42,616 [s0-impl-thread1] INFO  server.RaftServerConfigKeys (ConfUtils.java:logGet(46)) - raft.server.snapshot.auto.trigger.enabled = false (default)
2023-08-28 07:17:42,616 [s0-impl-thread1] INFO  server.RaftServerConfigKeys (ConfUtils.java:logGet(46)) - raft.server.snapshot.retention.file.num = -1 (default)
2023-08-28 07:17:42,616 [s0-impl-thread1] INFO  server.RaftServerConfigKeys (ConfUtils.java:logGet(46)) - raft.server.log.purge.upto.snapshot.index = false (default)
2023-08-28 07:17:42,623 [Time-limited test] INFO  server.RaftServer (RaftServerProxy.java:startImpl(404)) - s0: start RPC server
2023-08-28 07:17:42,624 [nioEventLoopGroup-81-1] INFO  logging.LoggingHandler (AbstractInternalLogger.java:log(148)) - [id: 0xe8e7051e] REGISTERED
2023-08-28 07:17:42,624 [nioEventLoopGroup-81-1] INFO  logging.LoggingHandler (AbstractInternalLogger.java:log(148)) - [id: 0xe8e7051e] BIND: 0.0.0.0/0.0.0.0:46813
2023-08-28 07:17:42,625 [nioEventLoopGroup-81-1] INFO  logging.LoggingHandler (AbstractInternalLogger.java:log(148)) - [id: 0xe8e7051e, L:/0.0.0.0:46813] ACTIVE
2023-08-28 07:17:42,625 [JvmPauseMonitor26] INFO  util.JvmPauseMonitor (JvmPauseMonitor.java:run(146)) - JvmPauseMonitor-s0: Started
2023-08-28 07:17:42,625 [s1-impl-thread1] INFO  server.RaftServerConfigKeys (ConfUtils.java:logGet(46)) - raft.server.storage.free-space.min = 0MB (=0) (default)
2023-08-28 07:17:42,625 [s1-impl-thread1] INFO  server.RaftServerConfigKeys (ConfUtils.java:logGet(46)) - raft.server.log.corruption.policy = EXCEPTION (default)
2023-08-28 07:17:42,625 [s1-impl-thread1] INFO  server.RaftServerConfigKeys (ConfUtils.java:logGet(46)) - raft.server.storage.dir = [/home/runner/work/ratis/ratis/ratis-test/target/test/data/c5bbf9cd/MiniRaftClusterWithNetty9d0d4a8/s1] (custom)
2023-08-28 07:17:42,625 [s1-impl-thread1] INFO  storage.RaftStorageDirectory (RaftStorageDirectoryImpl.java:analyzeStorage(138)) - The storage directory /home/runner/work/ratis/ratis/ratis-test/target/test/data/c5bbf9cd/MiniRaftClusterWithNetty9d0d4a8/s1/b53fbad1-9fed-4e54-b0f6-75ab5bf27cad does not exist. Creating ...
2023-08-28 07:17:42,625 [s1-impl-thread1] TRACE util.FileUtils (LogUtils.java:runAndLog(49)) - Successfully ran Files.createDirectories /home/runner/work/ratis/ratis/ratis-test/target/test/data/c5bbf9cd/MiniRaftClusterWithNetty9d0d4a8/s1/b53fbad1-9fed-4e54-b0f6-75ab5bf27cad
2023-08-28 07:17:42,627 [s1-impl-thread1] INFO  storage.RaftStorageDirectory (RaftStorageDirectoryImpl.java:tryLock(232)) - Lock on /home/runner/work/ratis/ratis/ratis-test/target/test/data/c5bbf9cd/MiniRaftClusterWithNetty9d0d4a8/s1/b53fbad1-9fed-4e54-b0f6-75ab5bf27cad/in_use.lock acquired by nodename 7908@fv-az1033-516
2023-08-28 07:17:42,627 [s1-impl-thread1] TRACE util.FileUtils (LogUtils.java:runAndLog(49)) - Successfully ran Files.createDirectories /home/runner/work/ratis/ratis/ratis-test/target/test/data/c5bbf9cd/MiniRaftClusterWithNetty9d0d4a8/s1/b53fbad1-9fed-4e54-b0f6-75ab5bf27cad/current
2023-08-28 07:17:42,627 [s1-impl-thread1] TRACE util.FileUtils (LogUtils.java:runAndLog(49)) - Successfully ran Files.createDirectories /home/runner/work/ratis/ratis/ratis-test/target/test/data/c5bbf9cd/MiniRaftClusterWithNetty9d0d4a8/s1/b53fbad1-9fed-4e54-b0f6-75ab5bf27cad/sm
2023-08-28 07:17:42,628 [s1-impl-thread1] INFO  storage.RaftStorage (RaftStorageImpl.java:format(97)) - Storage directory /home/runner/work/ratis/ratis/ratis-test/target/test/data/c5bbf9cd/MiniRaftClusterWithNetty9d0d4a8/s1/b53fbad1-9fed-4e54-b0f6-75ab5bf27cad has been successfully formatted.
2023-08-28 07:17:42,628 [s1-impl-thread1] INFO  server.RaftServerConfigKeys (ConfUtils.java:logGet(46)) - raft.server.log.use.memory = false (default)
2023-08-28 07:17:42,629 [s1-impl-thread1] INFO  server.RaftServerConfigKeys (ConfUtils.java:logGet(46)) - raft.server.log.purge.gap = 1024 (default)
2023-08-28 07:17:42,629 [s1-impl-thread1] INFO  server.RaftServerConfigKeys (ConfUtils.java:logGet(46)) - raft.server.log.appender.buffer.byte-limit = 4MB (=4194304) (default)
2023-08-28 07:17:42,629 [s1-impl-thread1] INFO  server.RaftServerConfigKeys (ConfUtils.java:logGet(46)) - raft.server.log.statemachine.data.read.timeout = 1000ms (default)
2023-08-28 07:17:42,629 [s1-impl-thread1] INFO  server.RaftServerConfigKeys (ConfUtils.java:logGet(46)) - raft.server.log.purge.preservation.log.num = 0 (default)
2023-08-28 07:17:42,629 [s1-impl-thread1] INFO  server.RaftServerConfigKeys (ConfUtils.java:logGet(46)) - raft.server.log.segment.size.max = 8MB (=8388608) (default)
2023-08-28 07:17:42,629 [s1-impl-thread1] INFO  server.RaftServerConfigKeys (ConfUtils.java:logGet(46)) - raft.server.log.segment.cache.num.max = 6 (default)
2023-08-28 07:17:42,629 [s1-impl-thread1] INFO  server.RaftServerConfigKeys (ConfUtils.java:logGet(46)) - raft.server.log.segment.cache.size.max = 200MB (=209715200) (default)
2023-08-28 07:17:42,629 [s1-impl-thread1] INFO  server.RaftServerConfigKeys (ConfUtils.java:logGet(46)) - raft.server.log.appender.buffer.byte-limit = 4MB (=4194304) (default)
2023-08-28 07:17:42,629 [s1-impl-thread1] INFO  segmented.SegmentedRaftLogWorker (SegmentedRaftLogWorker.java:<init>(183)) - new s1@group-75AB5BF27CAD-SegmentedRaftLogWorker for RaftStorageImpl:Storage Directory /home/runner/work/ratis/ratis/ratis-test/target/test/data/c5bbf9cd/MiniRaftClusterWithNetty9d0d4a8/s1/b53fbad1-9fed-4e54-b0f6-75ab5bf27cad
2023-08-28 07:17:42,629 [s1-impl-thread1] INFO  server.RaftServerConfigKeys (ConfUtils.java:logGet(46)) - raft.server.log.queue.byte-limit = 64MB (=67108864) (default)
2023-08-28 07:17:42,629 [s1-impl-thread1] INFO  server.RaftServerConfigKeys (ConfUtils.java:logGet(46)) - raft.server.log.queue.element-limit = 4096 (default)
2023-08-28 07:17:42,629 [s1-impl-thread1] INFO  server.RaftServerConfigKeys (ConfUtils.java:logGet(46)) - raft.server.log.segment.size.max = 8MB (=8388608) (default)
2023-08-28 07:17:42,629 [s1-impl-thread1] INFO  server.RaftServerConfigKeys (ConfUtils.java:logGet(46)) - raft.server.log.preallocated.size = 4MB (=4194304) (default)
2023-08-28 07:17:42,629 [s1-impl-thread1] INFO  server.RaftServerConfigKeys (ConfUtils.java:logGet(46)) - raft.server.log.force.sync.num = 128 (default)
2023-08-28 07:17:42,629 [s1-impl-thread1] INFO  server.RaftServerConfigKeys (ConfUtils.java:logGet(46)) - raft.server.log.statemachine.data.sync = true (default)
2023-08-28 07:17:42,629 [s1-impl-thread1] INFO  server.RaftServerConfigKeys (ConfUtils.java:logGet(46)) - raft.server.log.statemachine.data.sync.timeout = 10s (default)
2023-08-28 07:17:42,629 [s1-impl-thread1] INFO  server.RaftServerConfigKeys (ConfUtils.java:logGet(46)) - raft.server.log.statemachine.data.sync.timeout.retry = -1 (default)
2023-08-28 07:17:42,629 [s1-impl-thread1] INFO  server.RaftServerConfigKeys (ConfUtils.java:logGet(46)) - raft.server.log.write.buffer.size = 64KB (=65536) (default)
2023-08-28 07:17:42,629 [s1-impl-thread1] INFO  server.RaftServerConfigKeys (ConfUtils.java:logGet(46)) - raft.server.log.appender.buffer.byte-limit = 4MB (=4194304) (default)
2023-08-28 07:17:42,635 [s1-impl-thread1] INFO  server.RaftServerConfigKeys (ConfUtils.java:logGet(46)) - raft.server.log.unsafe-flush.enabled = false (default)
2023-08-28 07:17:42,635 [s1-impl-thread1] INFO  server.RaftServerConfigKeys (ConfUtils.java:logGet(46)) - raft.server.log.async-flush.enabled = false (default)
2023-08-28 07:17:42,635 [s1-impl-thread1] INFO  server.RaftServerConfigKeys (ConfUtils.java:logGet(46)) - raft.server.log.statemachine.data.caching.enabled = false (default)
2023-08-28 07:17:42,635 [s1-impl-thread1] INFO  segmented.SegmentedRaftLogWorker (SegmentedRaftLogWorker.java:lambda$new$0(134)) - s1@group-75AB5BF27CAD-SegmentedRaftLogWorker: flushIndex: setUnconditionally 0 -> -1
2023-08-28 07:17:42,635 [s1-impl-thread1] INFO  segmented.SegmentedRaftLogWorker (SegmentedRaftLogWorker.java:lambda$new$0(134)) - s1@group-75AB5BF27CAD-SegmentedRaftLogWorker: safeCacheEvictIndex: setUnconditionally 0 -> -1
2023-08-28 07:17:42,636 [s1-impl-thread1] INFO  server.RaftServer$Division (RaftServerImpl.java:start(390)) - s1@group-75AB5BF27CAD: start with initializing state, conf=-1: peers:[]|listeners:[], old=null
2023-08-28 07:17:42,636 [s1-impl-thread1] INFO  server.RaftServer$Division (RaftServerImpl.java:setRole(371)) - s1@group-75AB5BF27CAD: changes role from      null to FOLLOWER at term 0 for startInitializing
2023-08-28 07:17:42,636 [s1-impl-thread1] INFO  util.JmxRegister (JmxRegister.java:tryRegister(44)) - Successfully registered JMX Bean with object name Ratis:service=RaftServer,group=group-75AB5BF27CAD,id=s1
2023-08-28 07:17:42,636 [s1-impl-thread1] INFO  server.RaftServerConfigKeys (ConfUtils.java:logGet(46)) - raft.server.snapshot.trigger-when-stop.enabled = true (default)
2023-08-28 07:17:42,636 [s1-impl-thread1] INFO  server.RaftServerConfigKeys (ConfUtils.java:logGet(46)) - raft.server.snapshot.auto.trigger.enabled = false (default)
2023-08-28 07:17:42,636 [s1-impl-thread1] INFO  server.RaftServerConfigKeys (ConfUtils.java:logGet(46)) - raft.server.snapshot.retention.file.num = -1 (default)
2023-08-28 07:17:42,636 [s1-impl-thread1] INFO  server.RaftServerConfigKeys (ConfUtils.java:logGet(46)) - raft.server.log.purge.upto.snapshot.index = false (default)
2023-08-28 07:17:42,642 [Time-limited test] INFO  server.RaftServer (RaftServerProxy.java:startImpl(404)) - s1: start RPC server
2023-08-28 07:17:42,657 [nioEventLoopGroup-84-1] INFO  logging.LoggingHandler (AbstractInternalLogger.java:log(148)) - [id: 0x3cfb2e48] REGISTERED
2023-08-28 07:17:42,657 [nioEventLoopGroup-84-1] INFO  logging.LoggingHandler (AbstractInternalLogger.java:log(148)) - [id: 0x3cfb2e48] BIND: 0.0.0.0/0.0.0.0:37301
2023-08-28 07:17:42,657 [nioEventLoopGroup-84-1] INFO  logging.LoggingHandler (AbstractInternalLogger.java:log(148)) - [id: 0x3cfb2e48, L:/0.0.0.0:37301] ACTIVE
2023-08-28 07:17:42,662 [s2-impl-thread1] INFO  server.RaftServerConfigKeys (ConfUtils.java:logGet(46)) - raft.server.storage.free-space.min = 0MB (=0) (default)
2023-08-28 07:17:42,662 [s2-impl-thread1] INFO  server.RaftServerConfigKeys (ConfUtils.java:logGet(46)) - raft.server.log.corruption.policy = EXCEPTION (default)
2023-08-28 07:17:42,662 [s2-impl-thread1] INFO  server.RaftServerConfigKeys (ConfUtils.java:logGet(46)) - raft.server.storage.dir = [/home/runner/work/ratis/ratis/ratis-test/target/test/data/c5bbf9cd/MiniRaftClusterWithNetty9d0d4a8/s2] (custom)
2023-08-28 07:17:42,663 [s2-impl-thread1] INFO  storage.RaftStorageDirectory (RaftStorageDirectoryImpl.java:analyzeStorage(138)) - The storage directory /home/runner/work/ratis/ratis/ratis-test/target/test/data/c5bbf9cd/MiniRaftClusterWithNetty9d0d4a8/s2/b53fbad1-9fed-4e54-b0f6-75ab5bf27cad does not exist. Creating ...
2023-08-28 07:17:42,663 [s2-impl-thread1] TRACE util.FileUtils (LogUtils.java:runAndLog(49)) - Successfully ran Files.createDirectories /home/runner/work/ratis/ratis/ratis-test/target/test/data/c5bbf9cd/MiniRaftClusterWithNetty9d0d4a8/s2/b53fbad1-9fed-4e54-b0f6-75ab5bf27cad
2023-08-28 07:17:42,664 [JvmPauseMonitor27] INFO  util.JvmPauseMonitor (JvmPauseMonitor.java:run(146)) - JvmPauseMonitor-s1: Started
2023-08-28 07:17:42,664 [s2-impl-thread1] INFO  storage.RaftStorageDirectory (RaftStorageDirectoryImpl.java:tryLock(232)) - Lock on /home/runner/work/ratis/ratis/ratis-test/target/test/data/c5bbf9cd/MiniRaftClusterWithNetty9d0d4a8/s2/b53fbad1-9fed-4e54-b0f6-75ab5bf27cad/in_use.lock acquired by nodename 7908@fv-az1033-516
2023-08-28 07:17:42,664 [s2-impl-thread1] TRACE util.FileUtils (LogUtils.java:runAndLog(49)) - Successfully ran Files.createDirectories /home/runner/work/ratis/ratis/ratis-test/target/test/data/c5bbf9cd/MiniRaftClusterWithNetty9d0d4a8/s2/b53fbad1-9fed-4e54-b0f6-75ab5bf27cad/current
2023-08-28 07:17:42,665 [s2-impl-thread1] TRACE util.FileUtils (LogUtils.java:runAndLog(49)) - Successfully ran Files.createDirectories /home/runner/work/ratis/ratis/ratis-test/target/test/data/c5bbf9cd/MiniRaftClusterWithNetty9d0d4a8/s2/b53fbad1-9fed-4e54-b0f6-75ab5bf27cad/sm
2023-08-28 07:17:42,666 [s2-impl-thread1] INFO  storage.RaftStorage (RaftStorageImpl.java:format(97)) - Storage directory /home/runner/work/ratis/ratis/ratis-test/target/test/data/c5bbf9cd/MiniRaftClusterWithNetty9d0d4a8/s2/b53fbad1-9fed-4e54-b0f6-75ab5bf27cad has been successfully formatted.
2023-08-28 07:17:42,666 [s2-impl-thread1] INFO  server.RaftServerConfigKeys (ConfUtils.java:logGet(46)) - raft.server.log.use.memory = false (default)
2023-08-28 07:17:42,666 [s2-impl-thread1] INFO  server.RaftServerConfigKeys (ConfUtils.java:logGet(46)) - raft.server.log.purge.gap = 1024 (default)
2023-08-28 07:17:42,666 [s2-impl-thread1] INFO  server.RaftServerConfigKeys (ConfUtils.java:logGet(46)) - raft.server.log.appender.buffer.byte-limit = 4MB (=4194304) (default)
2023-08-28 07:17:42,666 [s2-impl-thread1] INFO  server.RaftServerConfigKeys (ConfUtils.java:logGet(46)) - raft.server.log.statemachine.data.read.timeout = 1000ms (default)
2023-08-28 07:17:42,666 [s2-impl-thread1] INFO  server.RaftServerConfigKeys (ConfUtils.java:logGet(46)) - raft.server.log.purge.preservation.log.num = 0 (default)
2023-08-28 07:17:42,667 [s2-impl-thread1] INFO  server.RaftServerConfigKeys (ConfUtils.java:logGet(46)) - raft.server.log.segment.size.max = 8MB (=8388608) (default)
2023-08-28 07:17:42,667 [s2-impl-thread1] INFO  server.RaftServerConfigKeys (ConfUtils.java:logGet(46)) - raft.server.log.segment.cache.num.max = 6 (default)
2023-08-28 07:17:42,667 [s2-impl-thread1] INFO  server.RaftServerConfigKeys (ConfUtils.java:logGet(46)) - raft.server.log.segment.cache.size.max = 200MB (=209715200) (default)
2023-08-28 07:17:42,667 [s2-impl-thread1] INFO  server.RaftServerConfigKeys (ConfUtils.java:logGet(46)) - raft.server.log.appender.buffer.byte-limit = 4MB (=4194304) (default)
2023-08-28 07:17:42,667 [s2-impl-thread1] INFO  segmented.SegmentedRaftLogWorker (SegmentedRaftLogWorker.java:<init>(183)) - new s2@group-75AB5BF27CAD-SegmentedRaftLogWorker for RaftStorageImpl:Storage Directory /home/runner/work/ratis/ratis/ratis-test/target/test/data/c5bbf9cd/MiniRaftClusterWithNetty9d0d4a8/s2/b53fbad1-9fed-4e54-b0f6-75ab5bf27cad
2023-08-28 07:17:42,667 [s2-impl-thread1] INFO  server.RaftServerConfigKeys (ConfUtils.java:logGet(46)) - raft.server.log.queue.byte-limit = 64MB (=67108864) (default)
2023-08-28 07:17:42,667 [s2-impl-thread1] INFO  server.RaftServerConfigKeys (ConfUtils.java:logGet(46)) - raft.server.log.queue.element-limit = 4096 (default)
2023-08-28 07:17:42,667 [s2-impl-thread1] INFO  server.RaftServerConfigKeys (ConfUtils.java:logGet(46)) - raft.server.log.segment.size.max = 8MB (=8388608) (default)
2023-08-28 07:17:42,667 [s2-impl-thread1] INFO  server.RaftServerConfigKeys (ConfUtils.java:logGet(46)) - raft.server.log.preallocated.size = 4MB (=4194304) (default)
2023-08-28 07:17:42,667 [s2-impl-thread1] INFO  server.RaftServerConfigKeys (ConfUtils.java:logGet(46)) - raft.server.log.force.sync.num = 128 (default)
2023-08-28 07:17:42,667 [s2-impl-thread1] INFO  server.RaftServerConfigKeys (ConfUtils.java:logGet(46)) - raft.server.log.statemachine.data.sync = true (default)
2023-08-28 07:17:42,667 [s2-impl-thread1] INFO  server.RaftServerConfigKeys (ConfUtils.java:logGet(46)) - raft.server.log.statemachine.data.sync.timeout = 10s (default)
2023-08-28 07:17:42,667 [s2-impl-thread1] INFO  server.RaftServerConfigKeys (ConfUtils.java:logGet(46)) - raft.server.log.statemachine.data.sync.timeout.retry = -1 (default)
2023-08-28 07:17:42,667 [s2-impl-thread1] INFO  server.RaftServerConfigKeys (ConfUtils.java:logGet(46)) - raft.server.log.write.buffer.size = 64KB (=65536) (default)
2023-08-28 07:17:42,667 [s2-impl-thread1] INFO  server.RaftServerConfigKeys (ConfUtils.java:logGet(46)) - raft.server.log.appender.buffer.byte-limit = 4MB (=4194304) (default)
2023-08-28 07:17:42,668 [s2-impl-thread1] INFO  server.RaftServerConfigKeys (ConfUtils.java:logGet(46)) - raft.server.log.unsafe-flush.enabled = false (default)
2023-08-28 07:17:42,668 [s2-impl-thread1] INFO  server.RaftServerConfigKeys (ConfUtils.java:logGet(46)) - raft.server.log.async-flush.enabled = false (default)
2023-08-28 07:17:42,668 [s2-impl-thread1] INFO  server.RaftServerConfigKeys (ConfUtils.java:logGet(46)) - raft.server.log.statemachine.data.caching.enabled = false (default)
2023-08-28 07:17:42,668 [s2-impl-thread1] INFO  segmented.SegmentedRaftLogWorker (SegmentedRaftLogWorker.java:lambda$new$0(134)) - s2@group-75AB5BF27CAD-SegmentedRaftLogWorker: flushIndex: setUnconditionally 0 -> -1
2023-08-28 07:17:42,668 [s2-impl-thread1] INFO  segmented.SegmentedRaftLogWorker (SegmentedRaftLogWorker.java:lambda$new$0(134)) - s2@group-75AB5BF27CAD-SegmentedRaftLogWorker: safeCacheEvictIndex: setUnconditionally 0 -> -1
2023-08-28 07:17:42,669 [s2-impl-thread1] INFO  server.RaftServer$Division (RaftServerImpl.java:start(390)) - s2@group-75AB5BF27CAD: start with initializing state, conf=-1: peers:[]|listeners:[], old=null
2023-08-28 07:17:42,669 [s2-impl-thread1] INFO  server.RaftServer$Division (RaftServerImpl.java:setRole(371)) - s2@group-75AB5BF27CAD: changes role from      null to FOLLOWER at term 0 for startInitializing
2023-08-28 07:17:42,669 [s2-impl-thread1] INFO  util.JmxRegister (JmxRegister.java:tryRegister(44)) - Successfully registered JMX Bean with object name Ratis:service=RaftServer,group=group-75AB5BF27CAD,id=s2
2023-08-28 07:17:42,669 [s2-impl-thread1] INFO  server.RaftServerConfigKeys (ConfUtils.java:logGet(46)) - raft.server.snapshot.trigger-when-stop.enabled = true (default)
2023-08-28 07:17:42,669 [s2-impl-thread1] INFO  server.RaftServerConfigKeys (ConfUtils.java:logGet(46)) - raft.server.snapshot.auto.trigger.enabled = false (default)
2023-08-28 07:17:42,669 [s2-impl-thread1] INFO  server.RaftServerConfigKeys (ConfUtils.java:logGet(46)) - raft.server.snapshot.retention.file.num = -1 (default)
2023-08-28 07:17:42,669 [s2-impl-thread1] INFO  server.RaftServerConfigKeys (ConfUtils.java:logGet(46)) - raft.server.log.purge.upto.snapshot.index = false (default)
2023-08-28 07:17:42,669 [Time-limited test] INFO  server.RaftServer (RaftServerProxy.java:startImpl(404)) - s2: start RPC server
2023-08-28 07:17:42,670 [nioEventLoopGroup-86-1] INFO  logging.LoggingHandler (AbstractInternalLogger.java:log(148)) - [id: 0xdebe14a1] REGISTERED
2023-08-28 07:17:42,670 [nioEventLoopGroup-86-1] INFO  logging.LoggingHandler (AbstractInternalLogger.java:log(148)) - [id: 0xdebe14a1] BIND: 0.0.0.0/0.0.0.0:46017
2023-08-28 07:17:42,671 [nioEventLoopGroup-86-1] INFO  logging.LoggingHandler (AbstractInternalLogger.java:log(148)) - [id: 0xdebe14a1, L:/0.0.0.0:46017] ACTIVE
2023-08-28 07:17:42,671 [JvmPauseMonitor28] INFO  util.JvmPauseMonitor (JvmPauseMonitor.java:run(146)) - JvmPauseMonitor-s2: Started
2023-08-28 07:17:43,672 [Time-limited test] INFO  impl.GroupManagementBaseTest (GroupManagementBaseTest.java:runMultiGroupTest(267)) - start: printing ALL groups
  s3:  RUNNING  FOLLOWER s3@group-75AB5BF27CAD:t0, leader=null, voted=, raftlog=Memoized:s3@group-75AB5BF27CAD-SegmentedRaftLog:OPENED:c-1, conf=-1: peers:[]|listeners:[], old=null STARTING
  s4:  RUNNING  FOLLOWER s4@group-75AB5BF27CAD:t0, leader=null, voted=, raftlog=Memoized:s4@group-75AB5BF27CAD-SegmentedRaftLog:OPENED:c-1, conf=-1: peers:[]|listeners:[], old=null STARTING
  s5:  RUNNING  FOLLOWER s5@group-75AB5BF27CAD:t0, leader=null, voted=, raftlog=Memoized:s5@group-75AB5BF27CAD-SegmentedRaftLog:OPENED:c-1, conf=-1: peers:[]|listeners:[], old=null STARTING
  s6:  RUNNING  FOLLOWER s6@group-75AB5BF27CAD:t0, leader=null, voted=, raftlog=Memoized:s6@group-75AB5BF27CAD-SegmentedRaftLog:OPENED:c-1, conf=-1: peers:[]|listeners:[], old=null STARTING
  s7:  RUNNING  FOLLOWER s7@group-75AB5BF27CAD:t0, leader=null, voted=, raftlog=Memoized:s7@group-75AB5BF27CAD-SegmentedRaftLog:OPENED:c-1, conf=-1: peers:[]|listeners:[], old=null STARTING
  s8:  RUNNING  FOLLOWER s8@group-75AB5BF27CAD:t0, leader=null, voted=, raftlog=Memoized:s8@group-75AB5BF27CAD-SegmentedRaftLog:OPENED:c-1, conf=-1: peers:[]|listeners:[], old=null STARTING
  s0:  RUNNING  FOLLOWER s0@group-75AB5BF27CAD:t0, leader=null, voted=, raftlog=Memoized:s0@group-75AB5BF27CAD-SegmentedRaftLog:OPENED:c-1, conf=-1: peers:[]|listeners:[], old=null STARTING
  s1:  RUNNING  FOLLOWER s1@group-75AB5BF27CAD:t0, leader=null, voted=, raftlog=Memoized:s1@group-75AB5BF27CAD-SegmentedRaftLog:OPENED:c-1, conf=-1: peers:[]|listeners:[], old=null STARTING
  s2:  RUNNING  FOLLOWER s2@group-75AB5BF27CAD:t0, leader=null, voted=, raftlog=Memoized:s2@group-75AB5BF27CAD-SegmentedRaftLog:OPENED:c-1, conf=-1: peers:[]|listeners:[], old=null STARTING
2023-08-28 07:17:43,672 [Time-limited test] INFO  impl.GroupManagementBaseTest (GroupManagementBaseTest.java:runMultiGroupTest(281)) - 0) starting group-B3A6F468776F:[s3|rpc:0.0.0.0:36829|priority:0|startupRole:FOLLOWER, s4|rpc:0.0.0.0:45719|priority:0|startupRole:FOLLOWER, s0|rpc:0.0.0.0:46813|priority:0|startupRole:FOLLOWER, s1|rpc:0.0.0.0:37301|priority:0|startupRole:FOLLOWER, s2|rpc:0.0.0.0:46017|priority:0|startupRole:FOLLOWER]
2023-08-28 07:17:43,672 [Time-limited test] DEBUG client.RaftClient (ConfUtils.java:logGet(46)) - raft.rpc.type = NETTY (custom)
2023-08-28 07:17:43,674 [nioEventLoopGroup-81-1] INFO  logging.LoggingHandler (AbstractInternalLogger.java:log(148)) - [id: 0xe8e7051e, L:/0.0.0.0:46813] READ: [id: 0xb21afbde, L:/10.1.0.28:46813 - R:/10.1.0.28:51210]
2023-08-28 07:17:43,674 [nioEventLoopGroup-81-1] INFO  logging.LoggingHandler (AbstractInternalLogger.java:log(148)) - [id: 0xe8e7051e, L:/0.0.0.0:46813] READ COMPLETE
2023-08-28 07:17:43,680 [s0-groupManagement] INFO  server.RaftServer$Division (RaftServerImpl.java:<init>(250)) - s0: new RaftServerImpl for group-B3A6F468776F:[s3|rpc:0.0.0.0:36829|dataStream:|priority:0|startupRole:FOLLOWER, s4|rpc:0.0.0.0:45719|dataStream:|priority:0|startupRole:FOLLOWER, s0|rpc:0.0.0.0:46813|dataStream:|priority:0|startupRole:FOLLOWER, s1|rpc:0.0.0.0:37301|dataStream:|priority:0|startupRole:FOLLOWER, s2|rpc:0.0.0.0:46017|dataStream:|priority:0|startupRole:FOLLOWER] with BaseStateMachine:uninitialized
2023-08-28 07:17:43,680 [nioEventLoopGroup-82-1] INFO  server.RaftServer (RaftServerProxy.java:addNew(99)) - s0: addNew group-B3A6F468776F:[s3|rpc:0.0.0.0:36829|dataStream:|priority:0|startupRole:FOLLOWER, s4|rpc:0.0.0.0:45719|dataStream:|priority:0|startupRole:FOLLOWER, s0|rpc:0.0.0.0:46813|dataStream:|priority:0|startupRole:FOLLOWER, s1|rpc:0.0.0.0:37301|dataStream:|priority:0|startupRole:FOLLOWER, s2|rpc:0.0.0.0:46017|dataStream:|priority:0|startupRole:FOLLOWER] returns group-B3A6F468776F:java.util.concurrent.CompletableFuture@1ba4707a[Not completed]
2023-08-28 07:17:43,680 [s0-groupManagement] INFO  server.RaftServerConfigKeys (ConfUtils.java:logGet(46)) - raft.server.rpc.timeout.min = 1500ms (custom)
2023-08-28 07:17:43,680 [s0-groupManagement] INFO  server.RaftServerConfigKeys (ConfUtils.java:logGet(46)) - raft.server.rpc.timeout.max = 2000ms (custom)
2023-08-28 07:17:43,680 [s0-groupManagement] INFO  server.RaftServerConfigKeys (ConfUtils.java:logGet(46)) - raft.server.rpc.sleep.time = 25ms (default)
2023-08-28 07:17:43,680 [s0-groupManagement] INFO  server.RaftServerConfigKeys (ConfUtils.java:logGet(46)) - raft.server.rpc.slowness.timeout = 60s (default)
2023-08-28 07:17:43,680 [s0-groupManagement] INFO  server.RaftServerConfigKeys (ConfUtils.java:logGet(46)) - raft.server.leaderelection.leader.step-down.wait-time = 10s (default)
2023-08-28 07:17:43,680 [s0-groupManagement] INFO  server.RaftServerConfigKeys (ConfUtils.java:logGet(46)) - raft.server.sleep.deviation.threshold = 300ms (default)
2023-08-28 07:17:43,680 [s0-groupManagement] INFO  server.RaftServer$Division (ServerState.java:<init>(113)) - s0@group-B3A6F468776F: ConfigurationManager, init=-1: peers:[s3|rpc:0.0.0.0:36829|dataStream:|priority:0|startupRole:FOLLOWER, s4|rpc:0.0.0.0:45719|dataStream:|priority:0|startupRole:FOLLOWER, s0|rpc:0.0.0.0:46813|dataStream:|priority:0|startupRole:FOLLOWER, s1|rpc:0.0.0.0:37301|dataStream:|priority:0|startupRole:FOLLOWER, s2|rpc:0.0.0.0:46017|dataStream:|priority:0|startupRole:FOLLOWER]|listeners:[], old=null, confs=<EMPTY_MAP>
2023-08-28 07:17:43,681 [s0-groupManagement] INFO  server.RaftServerConfigKeys (ConfUtils.java:logGet(46)) - raft.server.notification.no-leader.timeout = 60s (default)
2023-08-28 07:17:43,681 [s0-groupManagement] INFO  server.RaftServerConfigKeys (ConfUtils.java:logGet(46)) - raft.server.read.timeout = 10s (default)
2023-08-28 07:17:43,681 [s0-groupManagement] INFO  server.RaftServerConfigKeys (ConfUtils.java:logGet(46)) - raft.server.retrycache.expirytime = 60s (default)
2023-08-28 07:17:43,681 [s0-groupManagement] INFO  server.RaftServerConfigKeys (ConfUtils.java:logGet(46)) - raft.server.retrycache.statistics.expirytime = 100μs (default)
2023-08-28 07:17:43,681 [s0-groupManagement] INFO  server.RaftServerConfigKeys (ConfUtils.java:logGet(46)) - raft.server.read.option = DEFAULT (default)
2023-08-28 07:17:43,681 [s0-groupManagement] INFO  server.RaftServerConfigKeys (ConfUtils.java:logGet(46)) - raft.server.rpc.request.timeout = 3000ms (default)
2023-08-28 07:17:43,681 [s0-groupManagement] INFO  server.RaftServerConfigKeys (ConfUtils.java:logGet(46)) - raft.server.log.appender.install.snapshot.enabled = true (default)
2023-08-28 07:17:43,681 [s0-groupManagement] INFO  server.RaftServerConfigKeys (ConfUtils.java:logGet(46)) - raft.server.threadpool.server.cached = true (default)
2023-08-28 07:17:43,681 [s0-groupManagement] INFO  server.RaftServerConfigKeys (ConfUtils.java:logGet(46)) - raft.server.threadpool.server.size = 0 (default)
2023-08-28 07:17:43,681 [s0-groupManagement] INFO  server.RaftServerConfigKeys (ConfUtils.java:logGet(46)) - raft.server.threadpool.client.cached = true (default)
2023-08-28 07:17:43,681 [s0-groupManagement] INFO  server.RaftServerConfigKeys (ConfUtils.java:logGet(46)) - raft.server.threadpool.client.size = 0 (default)
2023-08-28 07:17:43,681 [s0-groupManagement] DEBUG server.RaftServer (RaftServerProxy.java:lambda$groupAddAsync$11(505)) - s0: newImpl =      null s0@group-B3A6F468776F:t0, leader=null, voted=null, raftlog=UNINITIALIZED, conf=-1: peers:[s3|rpc:0.0.0.0:36829|dataStream:|priority:0|startupRole:FOLLOWER, s4|rpc:0.0.0.0:45719|dataStream:|priority:0|startupRole:FOLLOWER, s0|rpc:0.0.0.0:46813|dataStream:|priority:0|startupRole:FOLLOWER, s1|rpc:0.0.0.0:37301|dataStream:|priority:0|startupRole:FOLLOWER, s2|rpc:0.0.0.0:46017|dataStream:|priority:0|startupRole:FOLLOWER]|listeners:[], old=null NEW
2023-08-28 07:17:43,681 [s0-groupManagement] INFO  server.RaftServerConfigKeys (ConfUtils.java:logGet(46)) - raft.server.storage.free-space.min = 0MB (=0) (default)
2023-08-28 07:17:43,681 [s0-groupManagement] INFO  server.RaftServerConfigKeys (ConfUtils.java:logGet(46)) - raft.server.log.corruption.policy = EXCEPTION (default)
2023-08-28 07:17:43,682 [s0-groupManagement] INFO  server.RaftServerConfigKeys (ConfUtils.java:logGet(46)) - raft.server.storage.dir = [/home/runner/work/ratis/ratis/ratis-test/target/test/data/c5bbf9cd/MiniRaftClusterWithNetty9d0d4a8/s0] (custom)
2023-08-28 07:17:43,682 [s0-groupManagement] INFO  storage.RaftStorageDirectory (RaftStorageDirectoryImpl.java:analyzeStorage(138)) - The storage directory /home/runner/work/ratis/ratis/ratis-test/target/test/data/c5bbf9cd/MiniRaftClusterWithNetty9d0d4a8/s0/5e606870-d977-484e-8788-b3a6f468776f does not exist. Creating ...
2023-08-28 07:17:43,682 [s0-groupManagement] TRACE util.FileUtils (LogUtils.java:runAndLog(49)) - Successfully ran Files.createDirectories /home/runner/work/ratis/ratis/ratis-test/target/test/data/c5bbf9cd/MiniRaftClusterWithNetty9d0d4a8/s0/5e606870-d977-484e-8788-b3a6f468776f
2023-08-28 07:17:43,684 [s0-groupManagement] INFO  storage.RaftStorageDirectory (RaftStorageDirectoryImpl.java:tryLock(232)) - Lock on /home/runner/work/ratis/ratis/ratis-test/target/test/data/c5bbf9cd/MiniRaftClusterWithNetty9d0d4a8/s0/5e606870-d977-484e-8788-b3a6f468776f/in_use.lock acquired by nodename 7908@fv-az1033-516
2023-08-28 07:17:43,684 [s0-groupManagement] TRACE util.FileUtils (LogUtils.java:runAndLog(49)) - Successfully ran Files.createDirectories /home/runner/work/ratis/ratis/ratis-test/target/test/data/c5bbf9cd/MiniRaftClusterWithNetty9d0d4a8/s0/5e606870-d977-484e-8788-b3a6f468776f/current
2023-08-28 07:17:43,684 [s0-groupManagement] TRACE util.FileUtils (LogUtils.java:runAndLog(49)) - Successfully ran Files.createDirectories /home/runner/work/ratis/ratis/ratis-test/target/test/data/c5bbf9cd/MiniRaftClusterWithNetty9d0d4a8/s0/5e606870-d977-484e-8788-b3a6f468776f/sm
2023-08-28 07:17:43,685 [s0-groupManagement] INFO  storage.RaftStorage (RaftStorageImpl.java:format(97)) - Storage directory /home/runner/work/ratis/ratis/ratis-test/target/test/data/c5bbf9cd/MiniRaftClusterWithNetty9d0d4a8/s0/5e606870-d977-484e-8788-b3a6f468776f has been successfully formatted.
2023-08-28 07:17:43,685 [s0-groupManagement] INFO  server.RaftServerConfigKeys (ConfUtils.java:logGet(46)) - raft.server.log.use.memory = false (default)
2023-08-28 07:17:43,685 [s0-groupManagement] INFO  server.RaftServerConfigKeys (ConfUtils.java:logGet(46)) - raft.server.log.purge.gap = 1024 (default)
2023-08-28 07:17:43,685 [s0-groupManagement] INFO  server.RaftServerConfigKeys (ConfUtils.java:logGet(46)) - raft.server.log.appender.buffer.byte-limit = 4MB (=4194304) (default)
2023-08-28 07:17:43,685 [s0-groupManagement] INFO  server.RaftServerConfigKeys (ConfUtils.java:logGet(46)) - raft.server.log.statemachine.data.read.timeout = 1000ms (default)
2023-08-28 07:17:43,685 [s0-groupManagement] INFO  server.RaftServerConfigKeys (ConfUtils.java:logGet(46)) - raft.server.log.purge.preservation.log.num = 0 (default)
2023-08-28 07:17:43,686 [s0-groupManagement] INFO  server.RaftServerConfigKeys (ConfUtils.java:logGet(46)) - raft.server.log.segment.size.max = 8MB (=8388608) (default)
2023-08-28 07:17:43,686 [s0-groupManagement] INFO  server.RaftServerConfigKeys (ConfUtils.java:logGet(46)) - raft.server.log.segment.cache.num.max = 6 (default)
2023-08-28 07:17:43,686 [s0-groupManagement] INFO  server.RaftServerConfigKeys (ConfUtils.java:logGet(46)) - raft.server.log.segment.cache.size.max = 200MB (=209715200) (default)
2023-08-28 07:17:43,686 [s0-groupManagement] INFO  server.RaftServerConfigKeys (ConfUtils.java:logGet(46)) - raft.server.log.appender.buffer.byte-limit = 4MB (=4194304) (default)
2023-08-28 07:17:43,686 [s0-groupManagement] INFO  segmented.SegmentedRaftLogWorker (SegmentedRaftLogWorker.java:<init>(183)) - new s0@group-B3A6F468776F-SegmentedRaftLogWorker for RaftStorageImpl:Storage Directory /home/runner/work/ratis/ratis/ratis-test/target/test/data/c5bbf9cd/MiniRaftClusterWithNetty9d0d4a8/s0/5e606870-d977-484e-8788-b3a6f468776f
2023-08-28 07:17:43,686 [s0-groupManagement] INFO  server.RaftServerConfigKeys (ConfUtils.java:logGet(46)) - raft.server.log.queue.byte-limit = 64MB (=67108864) (default)
2023-08-28 07:17:43,686 [s0-groupManagement] INFO  server.RaftServerConfigKeys (ConfUtils.java:logGet(46)) - raft.server.log.queue.element-limit = 4096 (default)
2023-08-28 07:17:43,686 [s0-groupManagement] INFO  server.RaftServerConfigKeys (ConfUtils.java:logGet(46)) - raft.server.log.segment.size.max = 8MB (=8388608) (default)
2023-08-28 07:17:43,686 [s0-groupManagement] INFO  server.RaftServerConfigKeys (ConfUtils.java:logGet(46)) - raft.server.log.preallocated.size = 4MB (=4194304) (default)
2023-08-28 07:17:43,686 [s0-groupManagement] INFO  server.RaftServerConfigKeys (ConfUtils.java:logGet(46)) - raft.server.log.force.sync.num = 128 (default)
2023-08-28 07:17:43,686 [s0-groupManagement] INFO  server.RaftServerConfigKeys (ConfUtils.java:logGet(46)) - raft.server.log.statemachine.data.sync = true (default)
2023-08-28 07:17:43,686 [s0-groupManagement] INFO  server.RaftServerConfigKeys (ConfUtils.java:logGet(46)) - raft.server.log.statemachine.data.sync.timeout = 10s (default)
2023-08-28 07:17:43,686 [s0-groupManagement] INFO  server.RaftServerConfigKeys (ConfUtils.java:logGet(46)) - raft.server.log.statemachine.data.sync.timeout.retry = -1 (default)
2023-08-28 07:17:43,686 [s0-groupManagement] INFO  server.RaftServerConfigKeys (ConfUtils.java:logGet(46)) - raft.server.log.write.buffer.size = 64KB (=65536) (default)
2023-08-28 07:17:43,686 [s0-groupManagement] INFO  server.RaftServerConfigKeys (ConfUtils.java:logGet(46)) - raft.server.log.appender.buffer.byte-limit = 4MB (=4194304) (default)
2023-08-28 07:17:43,690 [s0-groupManagement] INFO  server.RaftServerConfigKeys (ConfUtils.java:logGet(46)) - raft.server.log.unsafe-flush.enabled = false (default)
2023-08-28 07:17:43,690 [s0-groupManagement] INFO  server.RaftServerConfigKeys (ConfUtils.java:logGet(46)) - raft.server.log.async-flush.enabled = false (default)
2023-08-28 07:17:43,690 [s0-groupManagement] INFO  server.RaftServerConfigKeys (ConfUtils.java:logGet(46)) - raft.server.log.statemachine.data.caching.enabled = false (default)
2023-08-28 07:17:43,691 [s0-groupManagement] INFO  segmented.SegmentedRaftLogWorker (SegmentedRaftLogWorker.java:lambda$new$0(134)) - s0@group-B3A6F468776F-SegmentedRaftLogWorker: flushIndex: setUnconditionally 0 -> -1
2023-08-28 07:17:43,691 [s0-groupManagement] INFO  segmented.SegmentedRaftLogWorker (SegmentedRaftLogWorker.java:lambda$new$0(134)) - s0@group-B3A6F468776F-SegmentedRaftLogWorker: safeCacheEvictIndex: setUnconditionally 0 -> -1
2023-08-28 07:17:43,698 [s0-groupManagement] INFO  server.RaftServer$Division (RaftServerImpl.java:start(384)) - s0@group-B3A6F468776F: start as a follower, conf=-1: peers:[s3|rpc:0.0.0.0:36829|dataStream:|priority:0|startupRole:FOLLOWER, s4|rpc:0.0.0.0:45719|dataStream:|priority:0|startupRole:FOLLOWER, s0|rpc:0.0.0.0:46813|dataStream:|priority:0|startupRole:FOLLOWER, s1|rpc:0.0.0.0:37301|dataStream:|priority:0|startupRole:FOLLOWER, s2|rpc:0.0.0.0:46017|dataStream:|priority:0|startupRole:FOLLOWER]|listeners:[], old=null
2023-08-28 07:17:43,698 [s0-groupManagement] INFO  server.RaftServer$Division (RaftServerImpl.java:setRole(371)) - s0@group-B3A6F468776F: changes role from      null to FOLLOWER at term 0 for startAsFollower
2023-08-28 07:17:43,698 [s0-groupManagement] INFO  impl.RoleInfo (RoleInfo.java:updateAndGet(138)) - s0: start s0@group-B3A6F468776F-FollowerState
2023-08-28 07:17:43,699 [s0-groupManagement] INFO  util.JmxRegister (JmxRegister.java:tryRegister(44)) - Successfully registered JMX Bean with object name Ratis:service=RaftServer,group=group-B3A6F468776F,id=s0
2023-08-28 07:17:43,699 [s0-groupManagement] INFO  server.RaftServerConfigKeys (ConfUtils.java:logGet(46)) - raft.server.snapshot.trigger-when-stop.enabled = true (default)
2023-08-28 07:17:43,700 [s0-groupManagement] INFO  server.RaftServerConfigKeys (ConfUtils.java:logGet(46)) - raft.server.snapshot.auto.trigger.enabled = false (default)
2023-08-28 07:17:43,700 [s0-groupManagement] INFO  server.RaftServerConfigKeys (ConfUtils.java:logGet(46)) - raft.server.snapshot.retention.file.num = -1 (default)
2023-08-28 07:17:43,700 [s0-groupManagement] INFO  server.RaftServerConfigKeys (ConfUtils.java:logGet(46)) - raft.server.log.purge.upto.snapshot.index = false (default)
2023-08-28 07:17:43,700 [s0@group-B3A6F468776F-FollowerState] INFO  server.RaftServerConfigKeys (ConfUtils.java:logFallback(53)) - raft.server.rpc.first-election.timeout.min = 1500ms (fallback to raft.server.rpc.timeout.min)
2023-08-28 07:17:43,700 [s0@group-B3A6F468776F-FollowerState] INFO  server.RaftServerConfigKeys (ConfUtils.java:logFallback(53)) - raft.server.rpc.first-election.timeout.max = 2000ms (fallback to raft.server.rpc.timeout.max)
2023-08-28 07:17:43,722 [Time-limited test] DEBUG client.RaftClient (ConfUtils.java:logGet(46)) - raft.rpc.type = NETTY (custom)
2023-08-28 07:17:43,731 [nioEventLoopGroup-84-1] INFO  logging.LoggingHandler (AbstractInternalLogger.java:log(148)) - [id: 0x3cfb2e48, L:/0.0.0.0:37301] READ: [id: 0xf33d8c51, L:/10.1.0.28:37301 - R:/10.1.0.28:49750]
2023-08-28 07:17:43,731 [nioEventLoopGroup-84-1] INFO  logging.LoggingHandler (AbstractInternalLogger.java:log(148)) - [id: 0x3cfb2e48, L:/0.0.0.0:37301] READ COMPLETE
2023-08-28 07:17:43,733 [s1-groupManagement] INFO  server.RaftServer$Division (RaftServerImpl.java:<init>(250)) - s1: new RaftServerImpl for group-B3A6F468776F:[s3|rpc:0.0.0.0:36829|dataStream:|priority:0|startupRole:FOLLOWER, s4|rpc:0.0.0.0:45719|dataStream:|priority:0|startupRole:FOLLOWER, s0|rpc:0.0.0.0:46813|dataStream:|priority:0|startupRole:FOLLOWER, s1|rpc:0.0.0.0:37301|dataStream:|priority:0|startupRole:FOLLOWER, s2|rpc:0.0.0.0:46017|dataStream:|priority:0|startupRole:FOLLOWER] with BaseStateMachine:uninitialized
2023-08-28 07:17:43,733 [s1-groupManagement] INFO  server.RaftServerConfigKeys (ConfUtils.java:logGet(46)) - raft.server.rpc.timeout.min = 1500ms (custom)
2023-08-28 07:17:43,733 [s1-groupManagement] INFO  server.RaftServerConfigKeys (ConfUtils.java:logGet(46)) - raft.server.rpc.timeout.max = 2000ms (custom)
2023-08-28 07:17:43,733 [s1-groupManagement] INFO  server.RaftServerConfigKeys (ConfUtils.java:logGet(46)) - raft.server.rpc.sleep.time = 25ms (default)
2023-08-28 07:17:43,733 [s1-groupManagement] INFO  server.RaftServerConfigKeys (ConfUtils.java:logGet(46)) - raft.server.rpc.slowness.timeout = 60s (default)
2023-08-28 07:17:43,734 [s1-groupManagement] INFO  server.RaftServerConfigKeys (ConfUtils.java:logGet(46)) - raft.server.leaderelection.leader.step-down.wait-time = 10s (default)
2023-08-28 07:17:43,734 [s1-groupManagement] INFO  server.RaftServerConfigKeys (ConfUtils.java:logGet(46)) - raft.server.sleep.deviation.threshold = 300ms (default)
2023-08-28 07:17:43,734 [s1-groupManagement] INFO  server.RaftServer$Division (ServerState.java:<init>(113)) - s1@group-B3A6F468776F: ConfigurationManager, init=-1: peers:[s3|rpc:0.0.0.0:36829|dataStream:|priority:0|startupRole:FOLLOWER, s4|rpc:0.0.0.0:45719|dataStream:|priority:0|startupRole:FOLLOWER, s0|rpc:0.0.0.0:46813|dataStream:|priority:0|startupRole:FOLLOWER, s1|rpc:0.0.0.0:37301|dataStream:|priority:0|startupRole:FOLLOWER, s2|rpc:0.0.0.0:46017|dataStream:|priority:0|startupRole:FOLLOWER]|listeners:[], old=null, confs=<EMPTY_MAP>
2023-08-28 07:17:43,734 [s1-groupManagement] INFO  server.RaftServerConfigKeys (ConfUtils.java:logGet(46)) - raft.server.notification.no-leader.timeout = 60s (default)
2023-08-28 07:17:43,734 [s1-groupManagement] INFO  server.RaftServerConfigKeys (ConfUtils.java:logGet(46)) - raft.server.read.timeout = 10s (default)
2023-08-28 07:17:43,734 [s1-groupManagement] INFO  server.RaftServerConfigKeys (ConfUtils.java:logGet(46)) - raft.server.retrycache.expirytime = 60s (default)
2023-08-28 07:17:43,734 [s1-groupManagement] INFO  server.RaftServerConfigKeys (ConfUtils.java:logGet(46)) - raft.server.retrycache.statistics.expirytime = 100μs (default)
2023-08-28 07:17:43,734 [s1-groupManagement] INFO  server.RaftServerConfigKeys (ConfUtils.java:logGet(46)) - raft.server.read.option = DEFAULT (default)
2023-08-28 07:17:43,734 [s1-groupManagement] INFO  server.RaftServerConfigKeys (ConfUtils.java:logGet(46)) - raft.server.rpc.request.timeout = 3000ms (default)
2023-08-28 07:17:43,734 [s1-groupManagement] INFO  server.RaftServerConfigKeys (ConfUtils.java:logGet(46)) - raft.server.log.appender.install.snapshot.enabled = true (default)
2023-08-28 07:17:43,734 [s1-groupManagement] INFO  server.RaftServerConfigKeys (ConfUtils.java:logGet(46)) - raft.server.threadpool.server.cached = true (default)
2023-08-28 07:17:43,735 [s1-groupManagement] INFO  server.RaftServerConfigKeys (ConfUtils.java:logGet(46)) - raft.server.threadpool.server.size = 0 (default)
2023-08-28 07:17:43,735 [s1-groupManagement] INFO  server.RaftServerConfigKeys (ConfUtils.java:logGet(46)) - raft.server.threadpool.client.cached = true (default)
2023-08-28 07:17:43,735 [s1-groupManagement] INFO  server.RaftServerConfigKeys (ConfUtils.java:logGet(46)) - raft.server.threadpool.client.size = 0 (default)
2023-08-28 07:17:43,735 [nioEventLoopGroup-85-1] INFO  server.RaftServer (RaftServerProxy.java:addNew(99)) - s1: addNew group-B3A6F468776F:[s3|rpc:0.0.0.0:36829|dataStream:|priority:0|startupRole:FOLLOWER, s4|rpc:0.0.0.0:45719|dataStream:|priority:0|startupRole:FOLLOWER, s0|rpc:0.0.0.0:46813|dataStream:|priority:0|startupRole:FOLLOWER, s1|rpc:0.0.0.0:37301|dataStream:|priority:0|startupRole:FOLLOWER, s2|rpc:0.0.0.0:46017|dataStream:|priority:0|startupRole:FOLLOWER] returns      null s1@group-B3A6F468776F:t0, leader=null, voted=null, raftlog=UNINITIALIZED, conf=-1: peers:[s3|rpc:0.0.0.0:36829|dataStream:|priority:0|startupRole:FOLLOWER, s4|rpc:0.0.0.0:45719|dataStream:|priority:0|startupRole:FOLLOWER, s0|rpc:0.0.0.0:46813|dataStream:|priority:0|startupRole:FOLLOWER, s1|rpc:0.0.0.0:37301|dataStream:|priority:0|startupRole:FOLLOWER, s2|rpc:0.0.0.0:46017|dataStream:|priority:0|startupRole:FOLLOWER]|listeners:[], old=null NEW
2023-08-28 07:17:43,735 [s1-groupManagement] DEBUG server.RaftServer (RaftServerProxy.java:lambda$groupAddAsync$11(505)) - s1: newImpl =      null s1@group-B3A6F468776F:t0, leader=null, voted=null, raftlog=UNINITIALIZED, conf=-1: peers:[s3|rpc:0.0.0.0:36829|dataStream:|priority:0|startupRole:FOLLOWER, s4|rpc:0.0.0.0:45719|dataStream:|priority:0|startupRole:FOLLOWER, s0|rpc:0.0.0.0:46813|dataStream:|priority:0|startupRole:FOLLOWER, s1|rpc:0.0.0.0:37301|dataStream:|priority:0|startupRole:FOLLOWER, s2|rpc:0.0.0.0:46017|dataStream:|priority:0|startupRole:FOLLOWER]|listeners:[], old=null NEW
2023-08-28 07:17:43,735 [s1-groupManagement] INFO  server.RaftServerConfigKeys (ConfUtils.java:logGet(46)) - raft.server.storage.free-space.min = 0MB (=0) (default)
2023-08-28 07:17:43,735 [s1-groupManagement] INFO  server.RaftServerConfigKeys (ConfUtils.java:logGet(46)) - raft.server.log.corruption.policy = EXCEPTION (default)
2023-08-28 07:17:43,736 [s1-groupManagement] INFO  server.RaftServerConfigKeys (ConfUtils.java:logGet(46)) - raft.server.storage.dir = [/home/runner/work/ratis/ratis/ratis-test/target/test/data/c5bbf9cd/MiniRaftClusterWithNetty9d0d4a8/s1] (custom)
2023-08-28 07:17:43,736 [s1-groupManagement] INFO  storage.RaftStorageDirectory (RaftStorageDirectoryImpl.java:analyzeStorage(138)) - The storage directory /home/runner/work/ratis/ratis/ratis-test/target/test/data/c5bbf9cd/MiniRaftClusterWithNetty9d0d4a8/s1/5e606870-d977-484e-8788-b3a6f468776f does not exist. Creating ...
2023-08-28 07:17:43,736 [s1-groupManagement] TRACE util.FileUtils (LogUtils.java:runAndLog(49)) - Successfully ran Files.createDirectories /home/runner/work/ratis/ratis/ratis-test/target/test/data/c5bbf9cd/MiniRaftClusterWithNetty9d0d4a8/s1/5e606870-d977-484e-8788-b3a6f468776f
2023-08-28 07:17:43,739 [s1-groupManagement] INFO  storage.RaftStorageDirectory (RaftStorageDirectoryImpl.java:tryLock(232)) - Lock on /home/runner/work/ratis/ratis/ratis-test/target/test/data/c5bbf9cd/MiniRaftClusterWithNetty9d0d4a8/s1/5e606870-d977-484e-8788-b3a6f468776f/in_use.lock acquired by nodename 7908@fv-az1033-516
2023-08-28 07:17:43,739 [s1-groupManagement] TRACE util.FileUtils (LogUtils.java:runAndLog(49)) - Successfully ran Files.createDirectories /home/runner/work/ratis/ratis/ratis-test/target/test/data/c5bbf9cd/MiniRaftClusterWithNetty9d0d4a8/s1/5e606870-d977-484e-8788-b3a6f468776f/current
2023-08-28 07:17:43,739 [s1-groupManagement] TRACE util.FileUtils (LogUtils.java:runAndLog(49)) - Successfully ran Files.createDirectories /home/runner/work/ratis/ratis/ratis-test/target/test/data/c5bbf9cd/MiniRaftClusterWithNetty9d0d4a8/s1/5e606870-d977-484e-8788-b3a6f468776f/sm
2023-08-28 07:17:43,740 [s1-groupManagement] INFO  storage.RaftStorage (RaftStorageImpl.java:format(97)) - Storage directory /home/runner/work/ratis/ratis/ratis-test/target/test/data/c5bbf9cd/MiniRaftClusterWithNetty9d0d4a8/s1/5e606870-d977-484e-8788-b3a6f468776f has been successfully formatted.
2023-08-28 07:17:43,740 [s1-groupManagement] INFO  server.RaftServerConfigKeys (ConfUtils.java:logGet(46)) - raft.server.log.use.memory = false (default)
2023-08-28 07:17:43,740 [s1-groupManagement] INFO  server.RaftServerConfigKeys (ConfUtils.java:logGet(46)) - raft.server.log.purge.gap = 1024 (default)
2023-08-28 07:17:43,741 [s1-groupManagement] INFO  server.RaftServerConfigKeys (ConfUtils.java:logGet(46)) - raft.server.log.appender.buffer.byte-limit = 4MB (=4194304) (default)
2023-08-28 07:17:43,741 [s1-groupManagement] INFO  server.RaftServerConfigKeys (ConfUtils.java:logGet(46)) - raft.server.log.statemachine.data.read.timeout = 1000ms (default)
2023-08-28 07:17:43,741 [s1-groupManagement] INFO  server.RaftServerConfigKeys (ConfUtils.java:logGet(46)) - raft.server.log.purge.preservation.log.num = 0 (default)
2023-08-28 07:17:43,741 [s1-groupManagement] INFO  server.RaftServerConfigKeys (ConfUtils.java:logGet(46)) - raft.server.log.segment.size.max = 8MB (=8388608) (default)
2023-08-28 07:17:43,741 [s1-groupManagement] INFO  server.RaftServerConfigKeys (ConfUtils.java:logGet(46)) - raft.server.log.segment.cache.num.max = 6 (default)
2023-08-28 07:17:43,741 [s1-groupManagement] INFO  server.RaftServerConfigKeys (ConfUtils.java:logGet(46)) - raft.server.log.segment.cache.size.max = 200MB (=209715200) (default)
2023-08-28 07:17:43,741 [s1-groupManagement] INFO  server.RaftServerConfigKeys (ConfUtils.java:logGet(46)) - raft.server.log.appender.buffer.byte-limit = 4MB (=4194304) (default)
2023-08-28 07:17:43,741 [s1-groupManagement] INFO  segmented.SegmentedRaftLogWorker (SegmentedRaftLogWorker.java:<init>(183)) - new s1@group-B3A6F468776F-SegmentedRaftLogWorker for RaftStorageImpl:Storage Directory /home/runner/work/ratis/ratis/ratis-test/target/test/data/c5bbf9cd/MiniRaftClusterWithNetty9d0d4a8/s1/5e606870-d977-484e-8788-b3a6f468776f
2023-08-28 07:17:43,741 [s1-groupManagement] INFO  server.RaftServerConfigKeys (ConfUtils.java:logGet(46)) - raft.server.log.queue.byte-limit = 64MB (=67108864) (default)
2023-08-28 07:17:43,741 [s1-groupManagement] INFO  server.RaftServerConfigKeys (ConfUtils.java:logGet(46)) - raft.server.log.queue.element-limit = 4096 (default)
2023-08-28 07:17:43,741 [s1-groupManagement] INFO  server.RaftServerConfigKeys (ConfUtils.java:logGet(46)) - raft.server.log.segment.size.max = 8MB (=8388608) (default)
2023-08-28 07:17:43,741 [s1-groupManagement] INFO  server.RaftServerConfigKeys (ConfUtils.java:logGet(46)) - raft.server.log.preallocated.size = 4MB (=4194304) (default)
2023-08-28 07:17:43,741 [s1-groupManagement] INFO  server.RaftServerConfigKeys (ConfUtils.java:logGet(46)) - raft.server.log.force.sync.num = 128 (default)
2023-08-28 07:17:43,741 [s1-groupManagement] INFO  server.RaftServerConfigKeys (ConfUtils.java:logGet(46)) - raft.server.log.statemachine.data.sync = true (default)
2023-08-28 07:17:43,741 [s1-groupManagement] INFO  server.RaftServerConfigKeys (ConfUtils.java:logGet(46)) - raft.server.log.statemachine.data.sync.timeout = 10s (default)
2023-08-28 07:17:43,741 [s1-groupManagement] INFO  server.RaftServerConfigKeys (ConfUtils.java:logGet(46)) - raft.server.log.statemachine.data.sync.timeout.retry = -1 (default)
2023-08-28 07:17:43,741 [s1-groupManagement] INFO  server.RaftServerConfigKeys (ConfUtils.java:logGet(46)) - raft.server.log.write.buffer.size = 64KB (=65536) (default)
2023-08-28 07:17:43,741 [s1-groupManagement] INFO  server.RaftServerConfigKeys (ConfUtils.java:logGet(46)) - raft.server.log.appender.buffer.byte-limit = 4MB (=4194304) (default)
2023-08-28 07:17:43,751 [s1-groupManagement] INFO  server.RaftServerConfigKeys (ConfUtils.java:logGet(46)) - raft.server.log.unsafe-flush.enabled = false (default)
2023-08-28 07:17:43,751 [s1-groupManagement] INFO  server.RaftServerConfigKeys (ConfUtils.java:logGet(46)) - raft.server.log.async-flush.enabled = false (default)
2023-08-28 07:17:43,751 [s1-groupManagement] INFO  server.RaftServerConfigKeys (ConfUtils.java:logGet(46)) - raft.server.log.statemachine.data.caching.enabled = false (default)
2023-08-28 07:17:43,751 [s1-groupManagement] INFO  segmented.SegmentedRaftLogWorker (SegmentedRaftLogWorker.java:lambda$new$0(134)) - s1@group-B3A6F468776F-SegmentedRaftLogWorker: flushIndex: setUnconditionally 0 -> -1
2023-08-28 07:17:43,751 [s1-groupManagement] INFO  segmented.SegmentedRaftLogWorker (SegmentedRaftLogWorker.java:lambda$new$0(134)) - s1@group-B3A6F468776F-SegmentedRaftLogWorker: safeCacheEvictIndex: setUnconditionally 0 -> -1
2023-08-28 07:17:43,756 [s1-groupManagement] INFO  server.RaftServer$Division (RaftServerImpl.java:start(384)) - s1@group-B3A6F468776F: start as a follower, conf=-1: peers:[s3|rpc:0.0.0.0:36829|dataStream:|priority:0|startupRole:FOLLOWER, s4|rpc:0.0.0.0:45719|dataStream:|priority:0|startupRole:FOLLOWER, s0|rpc:0.0.0.0:46813|dataStream:|priority:0|startupRole:FOLLOWER, s1|rpc:0.0.0.0:37301|dataStream:|priority:0|startupRole:FOLLOWER, s2|rpc:0.0.0.0:46017|dataStream:|priority:0|startupRole:FOLLOWER]|listeners:[], old=null
2023-08-28 07:17:43,756 [s1-groupManagement] INFO  server.RaftServer$Division (RaftServerImpl.java:setRole(371)) - s1@group-B3A6F468776F: changes role from      null to FOLLOWER at term 0 for startAsFollower
2023-08-28 07:17:43,756 [s1-groupManagement] INFO  impl.RoleInfo (RoleInfo.java:updateAndGet(138)) - s1: start s1@group-B3A6F468776F-FollowerState
2023-08-28 07:17:43,762 [s1-groupManagement] INFO  util.JmxRegister (JmxRegister.java:tryRegister(44)) - Successfully registered JMX Bean with object name Ratis:service=RaftServer,group=group-B3A6F468776F,id=s1
2023-08-28 07:17:43,762 [s1-groupManagement] INFO  server.RaftServerConfigKeys (ConfUtils.java:logGet(46)) - raft.server.snapshot.trigger-when-stop.enabled = true (default)
2023-08-28 07:17:43,762 [s1-groupManagement] INFO  server.RaftServerConfigKeys (ConfUtils.java:logGet(46)) - raft.server.snapshot.auto.trigger.enabled = false (default)
2023-08-28 07:17:43,762 [s1-groupManagement] INFO  server.RaftServerConfigKeys (ConfUtils.java:logGet(46)) - raft.server.snapshot.retention.file.num = -1 (default)
2023-08-28 07:17:43,762 [s1-groupManagement] INFO  server.RaftServerConfigKeys (ConfUtils.java:logGet(46)) - raft.server.log.purge.upto.snapshot.index = false (default)
2023-08-28 07:17:43,762 [s1@group-B3A6F468776F-FollowerState] INFO  server.RaftServerConfigKeys (ConfUtils.java:logFallback(53)) - raft.server.rpc.first-election.timeout.min = 1500ms (fallback to raft.server.rpc.timeout.min)
2023-08-28 07:17:43,763 [s1@group-B3A6F468776F-FollowerState] INFO  server.RaftServerConfigKeys (ConfUtils.java:logFallback(53)) - raft.server.rpc.first-election.timeout.max = 2000ms (fallback to raft.server.rpc.timeout.max)
2023-08-28 07:17:43,777 [Time-limited test] DEBUG client.RaftClient (ConfUtils.java:logGet(46)) - raft.rpc.type = NETTY (custom)
2023-08-28 07:17:43,791 [nioEventLoopGroup-86-1] INFO  logging.LoggingHandler (AbstractInternalLogger.java:log(148)) - [id: 0xdebe14a1, L:/0.0.0.0:46017] READ: [id: 0xa7bb30be, L:/10.1.0.28:46017 - R:/10.1.0.28:47350]
2023-08-28 07:17:43,793 [nioEventLoopGroup-86-1] INFO  logging.LoggingHandler (AbstractInternalLogger.java:log(148)) - [id: 0xdebe14a1, L:/0.0.0.0:46017] READ COMPLETE
2023-08-28 07:17:43,794 [s2-groupManagement] INFO  server.RaftServer$Division (RaftServerImpl.java:<init>(250)) - s2: new RaftServerImpl for group-B3A6F468776F:[s3|rpc:0.0.0.0:36829|dataStream:|priority:0|startupRole:FOLLOWER, s4|rpc:0.0.0.0:45719|dataStream:|priority:0|startupRole:FOLLOWER, s0|rpc:0.0.0.0:46813|dataStream:|priority:0|startupRole:FOLLOWER, s1|rpc:0.0.0.0:37301|dataStream:|priority:0|startupRole:FOLLOWER, s2|rpc:0.0.0.0:46017|dataStream:|priority:0|startupRole:FOLLOWER] with BaseStateMachine:uninitialized
2023-08-28 07:17:43,794 [s2-groupManagement] INFO  server.RaftServerConfigKeys (ConfUtils.java:logGet(46)) - raft.server.rpc.timeout.min = 1500ms (custom)
2023-08-28 07:17:43,794 [s2-groupManagement] INFO  server.RaftServerConfigKeys (ConfUtils.java:logGet(46)) - raft.server.rpc.timeout.max = 2000ms (custom)
2023-08-28 07:17:43,794 [s2-groupManagement] INFO  server.RaftServerConfigKeys (ConfUtils.java:logGet(46)) - raft.server.rpc.sleep.time = 25ms (default)
2023-08-28 07:17:43,794 [s2-groupManagement] INFO  server.RaftServerConfigKeys (ConfUtils.java:logGet(46)) - raft.server.rpc.slowness.timeout = 60s (default)
2023-08-28 07:17:43,794 [s2-groupManagement] INFO  server.RaftServerConfigKeys (ConfUtils.java:logGet(46)) - raft.server.leaderelection.leader.step-down.wait-time = 10s (default)
2023-08-28 07:17:43,794 [s2-groupManagement] INFO  server.RaftServerConfigKeys (ConfUtils.java:logGet(46)) - raft.server.sleep.deviation.threshold = 300ms (default)
2023-08-28 07:17:43,794 [s2-groupManagement] INFO  server.RaftServer$Division (ServerState.java:<init>(113)) - s2@group-B3A6F468776F: ConfigurationManager, init=-1: peers:[s3|rpc:0.0.0.0:36829|dataStream:|priority:0|startupRole:FOLLOWER, s4|rpc:0.0.0.0:45719|dataStream:|priority:0|startupRole:FOLLOWER, s0|rpc:0.0.0.0:46813|dataStream:|priority:0|startupRole:FOLLOWER, s1|rpc:0.0.0.0:37301|dataStream:|priority:0|startupRole:FOLLOWER, s2|rpc:0.0.0.0:46017|dataStream:|priority:0|startupRole:FOLLOWER]|listeners:[], old=null, confs=<EMPTY_MAP>
2023-08-28 07:17:43,794 [s2-groupManagement] INFO  server.RaftServerConfigKeys (ConfUtils.java:logGet(46)) - raft.server.notification.no-leader.timeout = 60s (default)
2023-08-28 07:17:43,794 [s2-groupManagement] INFO  server.RaftServerConfigKeys (ConfUtils.java:logGet(46)) - raft.server.read.timeout = 10s (default)
2023-08-28 07:17:43,794 [s2-groupManagement] INFO  server.RaftServerConfigKeys (ConfUtils.java:logGet(46)) - raft.server.retrycache.expirytime = 60s (default)
2023-08-28 07:17:43,794 [s2-groupManagement] INFO  server.RaftServerConfigKeys (ConfUtils.java:logGet(46)) - raft.server.retrycache.statistics.expirytime = 100μs (default)
2023-08-28 07:17:43,794 [s2-groupManagement] INFO  server.RaftServerConfigKeys (ConfUtils.java:logGet(46)) - raft.server.read.option = DEFAULT (default)
2023-08-28 07:17:43,795 [s2-groupManagement] INFO  server.RaftServerConfigKeys (ConfUtils.java:logGet(46)) - raft.server.rpc.request.timeout = 3000ms (default)
2023-08-28 07:17:43,795 [s2-groupManagement] INFO  server.RaftServerConfigKeys (ConfUtils.java:logGet(46)) - raft.server.log.appender.install.snapshot.enabled = true (default)
2023-08-28 07:17:43,795 [s2-groupManagement] INFO  server.RaftServerConfigKeys (ConfUtils.java:logGet(46)) - raft.server.threadpool.server.cached = true (default)
2023-08-28 07:17:43,795 [s2-groupManagement] INFO  server.RaftServerConfigKeys (ConfUtils.java:logGet(46)) - raft.server.threadpool.server.size = 0 (default)
2023-08-28 07:17:43,795 [s2-groupManagement] INFO  server.RaftServerConfigKeys (ConfUtils.java:logGet(46)) - raft.server.threadpool.client.cached = true (default)
2023-08-28 07:17:43,795 [s2-groupManagement] INFO  server.RaftServerConfigKeys (ConfUtils.java:logGet(46)) - raft.server.threadpool.client.size = 0 (default)
2023-08-28 07:17:43,795 [nioEventLoopGroup-87-1] INFO  server.RaftServer (RaftServerProxy.java:addNew(99)) - s2: addNew group-B3A6F468776F:[s3|rpc:0.0.0.0:36829|dataStream:|priority:0|startupRole:FOLLOWER, s4|rpc:0.0.0.0:45719|dataStream:|priority:0|startupRole:FOLLOWER, s0|rpc:0.0.0.0:46813|dataStream:|priority:0|startupRole:FOLLOWER, s1|rpc:0.0.0.0:37301|dataStream:|priority:0|startupRole:FOLLOWER, s2|rpc:0.0.0.0:46017|dataStream:|priority:0|startupRole:FOLLOWER] returns      null s2@group-B3A6F468776F:t0, leader=null, voted=null, raftlog=UNINITIALIZED, conf=-1: peers:[s3|rpc:0.0.0.0:36829|dataStream:|priority:0|startupRole:FOLLOWER, s4|rpc:0.0.0.0:45719|dataStream:|priority:0|startupRole:FOLLOWER, s0|rpc:0.0.0.0:46813|dataStream:|priority:0|startupRole:FOLLOWER, s1|rpc:0.0.0.0:37301|dataStream:|priority:0|startupRole:FOLLOWER, s2|rpc:0.0.0.0:46017|dataStream:|priority:0|startupRole:FOLLOWER]|listeners:[], old=null NEW
2023-08-28 07:17:43,795 [s2-groupManagement] DEBUG server.RaftServer (RaftServerProxy.java:lambda$groupAddAsync$11(505)) - s2: newImpl =      null s2@group-B3A6F468776F:t0, leader=null, voted=null, raftlog=UNINITIALIZED, conf=-1: peers:[s3|rpc:0.0.0.0:36829|dataStream:|priority:0|startupRole:FOLLOWER, s4|rpc:0.0.0.0:45719|dataStream:|priority:0|startupRole:FOLLOWER, s0|rpc:0.0.0.0:46813|dataStream:|priority:0|startupRole:FOLLOWER, s1|rpc:0.0.0.0:37301|dataStream:|priority:0|startupRole:FOLLOWER, s2|rpc:0.0.0.0:46017|dataStream:|priority:0|startupRole:FOLLOWER]|listeners:[], old=null NEW
2023-08-28 07:17:43,795 [s2-groupManagement] INFO  server.RaftServerConfigKeys (ConfUtils.java:logGet(46)) - raft.server.storage.free-space.min = 0MB (=0) (default)
2023-08-28 07:17:43,795 [s2-groupManagement] INFO  server.RaftServerConfigKeys (ConfUtils.java:logGet(46)) - raft.server.log.corruption.policy = EXCEPTION (default)
2023-08-28 07:17:43,795 [s2-groupManagement] INFO  server.RaftServerConfigKeys (ConfUtils.java:logGet(46)) - raft.server.storage.dir = [/home/runner/work/ratis/ratis/ratis-test/target/test/data/c5bbf9cd/MiniRaftClusterWithNetty9d0d4a8/s2] (custom)
2023-08-28 07:17:43,795 [s2-groupManagement] INFO  storage.RaftStorageDirectory (RaftStorageDirectoryImpl.java:analyzeStorage(138)) - The storage directory /home/runner/work/ratis/ratis/ratis-test/target/test/data/c5bbf9cd/MiniRaftClusterWithNetty9d0d4a8/s2/5e606870-d977-484e-8788-b3a6f468776f does not exist. Creating ...
2023-08-28 07:17:43,796 [s2-groupManagement] TRACE util.FileUtils (LogUtils.java:runAndLog(49)) - Successfully ran Files.createDirectories /home/runner/work/ratis/ratis/ratis-test/target/test/data/c5bbf9cd/MiniRaftClusterWithNetty9d0d4a8/s2/5e606870-d977-484e-8788-b3a6f468776f
2023-08-28 07:17:43,797 [s2-groupManagement] INFO  storage.RaftStorageDirectory (RaftStorageDirectoryImpl.java:tryLock(232)) - Lock on /home/runner/work/ratis/ratis/ratis-test/target/test/data/c5bbf9cd/MiniRaftClusterWithNetty9d0d4a8/s2/5e606870-d977-484e-8788-b3a6f468776f/in_use.lock acquired by nodename 7908@fv-az1033-516
2023-08-28 07:17:43,797 [s2-groupManagement] TRACE util.FileUtils (LogUtils.java:runAndLog(49)) - Successfully ran Files.createDirectories /home/runner/work/ratis/ratis/ratis-test/target/test/data/c5bbf9cd/MiniRaftClusterWithNetty9d0d4a8/s2/5e606870-d977-484e-8788-b3a6f468776f/current
2023-08-28 07:17:43,797 [s2-groupManagement] TRACE util.FileUtils (LogUtils.java:runAndLog(49)) - Successfully ran Files.createDirectories /home/runner/work/ratis/ratis/ratis-test/target/test/data/c5bbf9cd/MiniRaftClusterWithNetty9d0d4a8/s2/5e606870-d977-484e-8788-b3a6f468776f/sm
2023-08-28 07:17:43,798 [s2-groupManagement] INFO  storage.RaftStorage (RaftStorageImpl.java:format(97)) - Storage directory /home/runner/work/ratis/ratis/ratis-test/target/test/data/c5bbf9cd/MiniRaftClusterWithNetty9d0d4a8/s2/5e606870-d977-484e-8788-b3a6f468776f has been successfully formatted.
2023-08-28 07:17:43,798 [s2-groupManagement] INFO  server.RaftServerConfigKeys (ConfUtils.java:logGet(46)) - raft.server.log.use.memory = false (default)
2023-08-28 07:17:43,798 [s2-groupManagement] INFO  server.RaftServerConfigKeys (ConfUtils.java:logGet(46)) - raft.server.log.purge.gap = 1024 (default)
2023-08-28 07:17:43,798 [s2-groupManagement] INFO  server.RaftServerConfigKeys (ConfUtils.java:logGet(46)) - raft.server.log.appender.buffer.byte-limit = 4MB (=4194304) (default)
2023-08-28 07:17:43,798 [s2-groupManagement] INFO  server.RaftServerConfigKeys (ConfUtils.java:logGet(46)) - raft.server.log.statemachine.data.read.timeout = 1000ms (default)
2023-08-28 07:17:43,798 [s2-groupManagement] INFO  server.RaftServerConfigKeys (ConfUtils.java:logGet(46)) - raft.server.log.purge.preservation.log.num = 0 (default)
2023-08-28 07:17:43,798 [s2-groupManagement] INFO  server.RaftServerConfigKeys (ConfUtils.java:logGet(46)) - raft.server.log.segment.size.max = 8MB (=8388608) (default)
2023-08-28 07:17:43,799 [s2-groupManagement] INFO  server.RaftServerConfigKeys (ConfUtils.java:logGet(46)) - raft.server.log.segment.cache.num.max = 6 (default)
2023-08-28 07:17:43,799 [s2-groupManagement] INFO  server.RaftServerConfigKeys (ConfUtils.java:logGet(46)) - raft.server.log.segment.cache.size.max = 200MB (=209715200) (default)
2023-08-28 07:17:43,799 [s2-groupManagement] INFO  server.RaftServerConfigKeys (ConfUtils.java:logGet(46)) - raft.server.log.appender.buffer.byte-limit = 4MB (=4194304) (default)
2023-08-28 07:17:43,799 [s2-groupManagement] INFO  segmented.SegmentedRaftLogWorker (SegmentedRaftLogWorker.java:<init>(183)) - new s2@group-B3A6F468776F-SegmentedRaftLogWorker for RaftStorageImpl:Storage Directory /home/runner/work/ratis/ratis/ratis-test/target/test/data/c5bbf9cd/MiniRaftClusterWithNetty9d0d4a8/s2/5e606870-d977-484e-8788-b3a6f468776f
2023-08-28 07:17:43,799 [s2-groupManagement] INFO  server.RaftServerConfigKeys (ConfUtils.java:logGet(46)) - raft.server.log.queue.byte-limit = 64MB (=67108864) (default)
2023-08-28 07:17:43,799 [s2-groupManagement] INFO  server.RaftServerConfigKeys (ConfUtils.java:logGet(46)) - raft.server.log.queue.element-limit = 4096 (default)
2023-08-28 07:17:43,799 [s2-groupManagement] INFO  server.RaftServerConfigKeys (ConfUtils.java:logGet(46)) - raft.server.log.segment.size.max = 8MB (=8388608) (default)
2023-08-28 07:17:43,799 [s2-groupManagement] INFO  server.RaftServerConfigKeys (ConfUtils.java:logGet(46)) - raft.server.log.preallocated.size = 4MB (=4194304) (default)
2023-08-28 07:17:43,799 [s2-groupManagement] INFO  server.RaftServerConfigKeys (ConfUtils.java:logGet(46)) - raft.server.log.force.sync.num = 128 (default)
2023-08-28 07:17:43,799 [s2-groupManagement] INFO  server.RaftServerConfigKeys (ConfUtils.java:logGet(46)) - raft.server.log.statemachine.data.sync = true (default)
2023-08-28 07:17:43,799 [s2-groupManagement] INFO  server.RaftServerConfigKeys (ConfUtils.java:logGet(46)) - raft.server.log.statemachine.data.sync.timeout = 10s (default)
2023-08-28 07:17:43,799 [s2-groupManagement] INFO  server.RaftServerConfigKeys (ConfUtils.java:logGet(46)) - raft.server.log.statemachine.data.sync.timeout.retry = -1 (default)
2023-08-28 07:17:43,799 [s2-groupManagement] INFO  server.RaftServerConfigKeys (ConfUtils.java:logGet(46)) - raft.server.log.write.buffer.size = 64KB (=65536) (default)
2023-08-28 07:17:43,799 [s2-groupManagement] INFO  server.RaftServerConfigKeys (ConfUtils.java:logGet(46)) - raft.server.log.appender.buffer.byte-limit = 4MB (=4194304) (default)
2023-08-28 07:17:43,801 [s2-groupManagement] INFO  server.RaftServerConfigKeys (ConfUtils.java:logGet(46)) - raft.server.log.unsafe-flush.enabled = false (default)
2023-08-28 07:17:43,801 [s2-groupManagement] INFO  server.RaftServerConfigKeys (ConfUtils.java:logGet(46)) - raft.server.log.async-flush.enabled = false (default)
2023-08-28 07:17:43,801 [s2-groupManagement] INFO  server.RaftServerConfigKeys (ConfUtils.java:logGet(46)) - raft.server.log.statemachine.data.caching.enabled = false (default)
2023-08-28 07:17:43,802 [s2-groupManagement] INFO  segmented.SegmentedRaftLogWorker (SegmentedRaftLogWorker.java:lambda$new$0(134)) - s2@group-B3A6F468776F-SegmentedRaftLogWorker: flushIndex: setUnconditionally 0 -> -1
2023-08-28 07:17:43,802 [s2-groupManagement] INFO  segmented.SegmentedRaftLogWorker (SegmentedRaftLogWorker.java:lambda$new$0(134)) - s2@group-B3A6F468776F-SegmentedRaftLogWorker: safeCacheEvictIndex: setUnconditionally 0 -> -1
2023-08-28 07:17:43,802 [s2-groupManagement] INFO  server.RaftServer$Division (RaftServerImpl.java:start(384)) - s2@group-B3A6F468776F: start as a follower, conf=-1: peers:[s3|rpc:0.0.0.0:36829|dataStream:|priority:0|startupRole:FOLLOWER, s4|rpc:0.0.0.0:45719|dataStream:|priority:0|startupRole:FOLLOWER, s0|rpc:0.0.0.0:46813|dataStream:|priority:0|startupRole:FOLLOWER, s1|rpc:0.0.0.0:37301|dataStream:|priority:0|startupRole:FOLLOWER, s2|rpc:0.0.0.0:46017|dataStream:|priority:0|startupRole:FOLLOWER]|listeners:[], old=null
2023-08-28 07:17:43,802 [s2-groupManagement] INFO  server.RaftServer$Division (RaftServerImpl.java:setRole(371)) - s2@group-B3A6F468776F: changes role from      null to FOLLOWER at term 0 for startAsFollower
2023-08-28 07:17:43,802 [s2-groupManagement] INFO  impl.RoleInfo (RoleInfo.java:updateAndGet(138)) - s2: start s2@group-B3A6F468776F-FollowerState
2023-08-28 07:17:43,810 [s2-groupManagement] INFO  util.JmxRegister (JmxRegister.java:tryRegister(44)) - Successfully registered JMX Bean with object name Ratis:service=RaftServer,group=group-B3A6F468776F,id=s2
2023-08-28 07:17:43,810 [s2-groupManagement] INFO  server.RaftServerConfigKeys (ConfUtils.java:logGet(46)) - raft.server.snapshot.trigger-when-stop.enabled = true (default)
2023-08-28 07:17:43,810 [s2-groupManagement] INFO  server.RaftServerConfigKeys (ConfUtils.java:logGet(46)) - raft.server.snapshot.auto.trigger.enabled = false (default)
2023-08-28 07:17:43,810 [s2-groupManagement] INFO  server.RaftServerConfigKeys (ConfUtils.java:logGet(46)) - raft.server.snapshot.retention.file.num = -1 (default)
2023-08-28 07:17:43,810 [s2-groupManagement] INFO  server.RaftServerConfigKeys (ConfUtils.java:logGet(46)) - raft.server.log.purge.upto.snapshot.index = false (default)
2023-08-28 07:17:43,810 [s2@group-B3A6F468776F-FollowerState] INFO  server.RaftServerConfigKeys (ConfUtils.java:logFallback(53)) - raft.server.rpc.first-election.timeout.min = 1500ms (fallback to raft.server.rpc.timeout.min)
2023-08-28 07:17:43,810 [s2@group-B3A6F468776F-FollowerState] INFO  server.RaftServerConfigKeys (ConfUtils.java:logFallback(53)) - raft.server.rpc.first-election.timeout.max = 2000ms (fallback to raft.server.rpc.timeout.max)
2023-08-28 07:17:43,838 [Time-limited test] DEBUG client.RaftClient (ConfUtils.java:logGet(46)) - raft.rpc.type = NETTY (custom)
2023-08-28 07:17:43,843 [nioEventLoopGroup-90-1] INFO  logging.LoggingHandler (AbstractInternalLogger.java:log(148)) - [id: 0xad34dad4, L:/0.0.0.0:36829] READ: [id: 0x14986ab2, L:/10.1.0.28:36829 - R:/10.1.0.28:47442]
2023-08-28 07:17:43,844 [nioEventLoopGroup-90-1] INFO  logging.LoggingHandler (AbstractInternalLogger.java:log(148)) - [id: 0xad34dad4, L:/0.0.0.0:36829] READ COMPLETE
2023-08-28 07:17:43,845 [s3-groupManagement] INFO  server.RaftServer$Division (RaftServerImpl.java:<init>(250)) - s3: new RaftServerImpl for group-B3A6F468776F:[s3|rpc:0.0.0.0:36829|dataStream:|priority:0|startupRole:FOLLOWER, s4|rpc:0.0.0.0:45719|dataStream:|priority:0|startupRole:FOLLOWER, s0|rpc:0.0.0.0:46813|dataStream:|priority:0|startupRole:FOLLOWER, s1|rpc:0.0.0.0:37301|dataStream:|priority:0|startupRole:FOLLOWER, s2|rpc:0.0.0.0:46017|dataStream:|priority:0|startupRole:FOLLOWER] with BaseStateMachine:uninitialized
2023-08-28 07:17:43,845 [s3-groupManagement] INFO  server.RaftServerConfigKeys (ConfUtils.java:logGet(46)) - raft.server.rpc.timeout.min = 1500ms (custom)
2023-08-28 07:17:43,845 [s3-groupManagement] INFO  server.RaftServerConfigKeys (ConfUtils.java:logGet(46)) - raft.server.rpc.timeout.max = 2000ms (custom)
2023-08-28 07:17:43,845 [s3-groupManagement] INFO  server.RaftServerConfigKeys (ConfUtils.java:logGet(46)) - raft.server.rpc.sleep.time = 25ms (default)
2023-08-28 07:17:43,845 [s3-groupManagement] INFO  server.RaftServerConfigKeys (ConfUtils.java:logGet(46)) - raft.server.rpc.slowness.timeout = 60s (default)
2023-08-28 07:17:43,845 [s3-groupManagement] INFO  server.RaftServerConfigKeys (ConfUtils.java:logGet(46)) - raft.server.leaderelection.leader.step-down.wait-time = 10s (default)
2023-08-28 07:17:43,845 [s3-groupManagement] INFO  server.RaftServerConfigKeys (ConfUtils.java:logGet(46)) - raft.server.sleep.deviation.threshold = 300ms (default)
2023-08-28 07:17:43,845 [s3-groupManagement] INFO  server.RaftServer$Division (ServerState.java:<init>(113)) - s3@group-B3A6F468776F: ConfigurationManager, init=-1: peers:[s3|rpc:0.0.0.0:36829|dataStream:|priority:0|startupRole:FOLLOWER, s4|rpc:0.0.0.0:45719|dataStream:|priority:0|startupRole:FOLLOWER, s0|rpc:0.0.0.0:46813|dataStream:|priority:0|startupRole:FOLLOWER, s1|rpc:0.0.0.0:37301|dataStream:|priority:0|startupRole:FOLLOWER, s2|rpc:0.0.0.0:46017|dataStream:|priority:0|startupRole:FOLLOWER]|listeners:[], old=null, confs=<EMPTY_MAP>
2023-08-28 07:17:43,846 [s3-groupManagement] INFO  server.RaftServerConfigKeys (ConfUtils.java:logGet(46)) - raft.server.notification.no-leader.timeout = 60s (default)
2023-08-28 07:17:43,846 [s3-groupManagement] INFO  server.RaftServerConfigKeys (ConfUtils.java:logGet(46)) - raft.server.read.timeout = 10s (default)
2023-08-28 07:17:43,846 [s3-groupManagement] INFO  server.RaftServerConfigKeys (ConfUtils.java:logGet(46)) - raft.server.retrycache.expirytime = 60s (default)
2023-08-28 07:17:43,846 [s3-groupManagement] INFO  server.RaftServerConfigKeys (ConfUtils.java:logGet(46)) - raft.server.retrycache.statistics.expirytime = 100μs (default)
2023-08-28 07:17:43,846 [s3-groupManagement] INFO  server.RaftServerConfigKeys (ConfUtils.java:logGet(46)) - raft.server.read.option = DEFAULT (default)
2023-08-28 07:17:43,846 [s3-groupManagement] INFO  server.RaftServerConfigKeys (ConfUtils.java:logGet(46)) - raft.server.rpc.request.timeout = 3000ms (default)
2023-08-28 07:17:43,846 [s3-groupManagement] INFO  server.RaftServerConfigKeys (ConfUtils.java:logGet(46)) - raft.server.log.appender.install.snapshot.enabled = true (default)
2023-08-28 07:17:43,846 [s3-groupManagement] INFO  server.RaftServerConfigKeys (ConfUtils.java:logGet(46)) - raft.server.threadpool.server.cached = true (default)
2023-08-28 07:17:43,846 [s3-groupManagement] INFO  server.RaftServerConfigKeys (ConfUtils.java:logGet(46)) - raft.server.threadpool.server.size = 0 (default)
2023-08-28 07:17:43,846 [s3-groupManagement] INFO  server.RaftServerConfigKeys (ConfUtils.java:logGet(46)) - raft.server.threadpool.client.cached = true (default)
2023-08-28 07:17:43,846 [s3-groupManagement] INFO  server.RaftServerConfigKeys (ConfUtils.java:logGet(46)) - raft.server.threadpool.client.size = 0 (default)
2023-08-28 07:17:43,846 [nioEventLoopGroup-91-1] INFO  server.RaftServer (RaftServerProxy.java:addNew(99)) - s3: addNew group-B3A6F468776F:[s3|rpc:0.0.0.0:36829|dataStream:|priority:0|startupRole:FOLLOWER, s4|rpc:0.0.0.0:45719|dataStream:|priority:0|startupRole:FOLLOWER, s0|rpc:0.0.0.0:46813|dataStream:|priority:0|startupRole:FOLLOWER, s1|rpc:0.0.0.0:37301|dataStream:|priority:0|startupRole:FOLLOWER, s2|rpc:0.0.0.0:46017|dataStream:|priority:0|startupRole:FOLLOWER] returns      null s3@group-B3A6F468776F:t0, leader=null, voted=null, raftlog=UNINITIALIZED, conf=-1: peers:[s3|rpc:0.0.0.0:36829|dataStream:|priority:0|startupRole:FOLLOWER, s4|rpc:0.0.0.0:45719|dataStream:|priority:0|startupRole:FOLLOWER, s0|rpc:0.0.0.0:46813|dataStream:|priority:0|startupRole:FOLLOWER, s1|rpc:0.0.0.0:37301|dataStream:|priority:0|startupRole:FOLLOWER, s2|rpc:0.0.0.0:46017|dataStream:|priority:0|startupRole:FOLLOWER]|listeners:[], old=null NEW
2023-08-28 07:17:43,846 [s3-groupManagement] DEBUG server.RaftServer (RaftServerProxy.java:lambda$groupAddAsync$11(505)) - s3: newImpl =      null s3@group-B3A6F468776F:t0, leader=null, voted=null, raftlog=UNINITIALIZED, conf=-1: peers:[s3|rpc:0.0.0.0:36829|dataStream:|priority:0|startupRole:FOLLOWER, s4|rpc:0.0.0.0:45719|dataStream:|priority:0|startupRole:FOLLOWER, s0|rpc:0.0.0.0:46813|dataStream:|priority:0|startupRole:FOLLOWER, s1|rpc:0.0.0.0:37301|dataStream:|priority:0|startupRole:FOLLOWER, s2|rpc:0.0.0.0:46017|dataStream:|priority:0|startupRole:FOLLOWER]|listeners:[], old=null NEW
2023-08-28 07:17:43,846 [s3-groupManagement] INFO  server.RaftServerConfigKeys (ConfUtils.java:logGet(46)) - raft.server.storage.free-space.min = 0MB (=0) (default)
2023-08-28 07:17:43,847 [s3-groupManagement] INFO  server.RaftServerConfigKeys (ConfUtils.java:logGet(46)) - raft.server.log.corruption.policy = EXCEPTION (default)
2023-08-28 07:17:43,847 [s3-groupManagement] INFO  server.RaftServerConfigKeys (ConfUtils.java:logGet(46)) - raft.server.storage.dir = [/home/runner/work/ratis/ratis/ratis-test/target/test/data/c5bbf9cd/MiniRaftClusterWithNetty9d0d4a8/s3] (custom)
2023-08-28 07:17:43,847 [s3-groupManagement] INFO  storage.RaftStorageDirectory (RaftStorageDirectoryImpl.java:analyzeStorage(138)) - The storage directory /home/runner/work/ratis/ratis/ratis-test/target/test/data/c5bbf9cd/MiniRaftClusterWithNetty9d0d4a8/s3/5e606870-d977-484e-8788-b3a6f468776f does not exist. Creating ...
2023-08-28 07:17:43,847 [s3-groupManagement] TRACE util.FileUtils (LogUtils.java:runAndLog(49)) - Successfully ran Files.createDirectories /home/runner/work/ratis/ratis/ratis-test/target/test/data/c5bbf9cd/MiniRaftClusterWithNetty9d0d4a8/s3/5e606870-d977-484e-8788-b3a6f468776f
2023-08-28 07:17:43,848 [s3-groupManagement] INFO  storage.RaftStorageDirectory (RaftStorageDirectoryImpl.java:tryLock(232)) - Lock on /home/runner/work/ratis/ratis/ratis-test/target/test/data/c5bbf9cd/MiniRaftClusterWithNetty9d0d4a8/s3/5e606870-d977-484e-8788-b3a6f468776f/in_use.lock acquired by nodename 7908@fv-az1033-516
2023-08-28 07:17:43,848 [s3-groupManagement] TRACE util.FileUtils (LogUtils.java:runAndLog(49)) - Successfully ran Files.createDirectories /home/runner/work/ratis/ratis/ratis-test/target/test/data/c5bbf9cd/MiniRaftClusterWithNetty9d0d4a8/s3/5e606870-d977-484e-8788-b3a6f468776f/current
2023-08-28 07:17:43,848 [s3-groupManagement] TRACE util.FileUtils (LogUtils.java:runAndLog(49)) - Successfully ran Files.createDirectories /home/runner/work/ratis/ratis/ratis-test/target/test/data/c5bbf9cd/MiniRaftClusterWithNetty9d0d4a8/s3/5e606870-d977-484e-8788-b3a6f468776f/sm
2023-08-28 07:17:43,850 [s3-groupManagement] INFO  storage.RaftStorage (RaftStorageImpl.java:format(97)) - Storage directory /home/runner/work/ratis/ratis/ratis-test/target/test/data/c5bbf9cd/MiniRaftClusterWithNetty9d0d4a8/s3/5e606870-d977-484e-8788-b3a6f468776f has been successfully formatted.
2023-08-28 07:17:43,851 [s3-groupManagement] INFO  server.RaftServerConfigKeys (ConfUtils.java:logGet(46)) - raft.server.log.use.memory = false (default)
2023-08-28 07:17:43,851 [s3-groupManagement] INFO  server.RaftServerConfigKeys (ConfUtils.java:logGet(46)) - raft.server.log.purge.gap = 1024 (default)
2023-08-28 07:17:43,851 [s3-groupManagement] INFO  server.RaftServerConfigKeys (ConfUtils.java:logGet(46)) - raft.server.log.appender.buffer.byte-limit = 4MB (=4194304) (default)
2023-08-28 07:17:43,851 [s3-groupManagement] INFO  server.RaftServerConfigKeys (ConfUtils.java:logGet(46)) - raft.server.log.statemachine.data.read.timeout = 1000ms (default)
2023-08-28 07:17:43,851 [s3-groupManagement] INFO  server.RaftServerConfigKeys (ConfUtils.java:logGet(46)) - raft.server.log.purge.preservation.log.num = 0 (default)
2023-08-28 07:17:43,851 [s3-groupManagement] INFO  server.RaftServerConfigKeys (ConfUtils.java:logGet(46)) - raft.server.log.segment.size.max = 8MB (=8388608) (default)
2023-08-28 07:17:43,851 [s3-groupManagement] INFO  server.RaftServerConfigKeys (ConfUtils.java:logGet(46)) - raft.server.log.segment.cache.num.max = 6 (default)
2023-08-28 07:17:43,851 [s3-groupManagement] INFO  server.RaftServerConfigKeys (ConfUtils.java:logGet(46)) - raft.server.log.segment.cache.size.max = 200MB (=209715200) (default)
2023-08-28 07:17:43,851 [s3-groupManagement] INFO  server.RaftServerConfigKeys (ConfUtils.java:logGet(46)) - raft.server.log.appender.buffer.byte-limit = 4MB (=4194304) (default)
2023-08-28 07:17:43,851 [s3-groupManagement] INFO  segmented.SegmentedRaftLogWorker (SegmentedRaftLogWorker.java:<init>(183)) - new s3@group-B3A6F468776F-SegmentedRaftLogWorker for RaftStorageImpl:Storage Directory /home/runner/work/ratis/ratis/ratis-test/target/test/data/c5bbf9cd/MiniRaftClusterWithNetty9d0d4a8/s3/5e606870-d977-484e-8788-b3a6f468776f
2023-08-28 07:17:43,851 [s3-groupManagement] INFO  server.RaftServerConfigKeys (ConfUtils.java:logGet(46)) - raft.server.log.queue.byte-limit = 64MB (=67108864) (default)
2023-08-28 07:17:43,851 [s3-groupManagement] INFO  server.RaftServerConfigKeys (ConfUtils.java:logGet(46)) - raft.server.log.queue.element-limit = 4096 (default)
2023-08-28 07:17:43,851 [s3-groupManagement] INFO  server.RaftServerConfigKeys (ConfUtils.java:logGet(46)) - raft.server.log.segment.size.max = 8MB (=8388608) (default)
2023-08-28 07:17:43,851 [s3-groupManagement] INFO  server.RaftServerConfigKeys (ConfUtils.java:logGet(46)) - raft.server.log.preallocated.size = 4MB (=4194304) (default)
2023-08-28 07:17:43,851 [s3-groupManagement] INFO  server.RaftServerConfigKeys (ConfUtils.java:logGet(46)) - raft.server.log.force.sync.num = 128 (default)
2023-08-28 07:17:43,852 [s3-groupManagement] INFO  server.RaftServerConfigKeys (ConfUtils.java:logGet(46)) - raft.server.log.statemachine.data.sync = true (default)
2023-08-28 07:17:43,852 [s3-groupManagement] INFO  server.RaftServerConfigKeys (ConfUtils.java:logGet(46)) - raft.server.log.statemachine.data.sync.timeout = 10s (default)
2023-08-28 07:17:43,852 [s3-groupManagement] INFO  server.RaftServerConfigKeys (ConfUtils.java:logGet(46)) - raft.server.log.statemachine.data.sync.timeout.retry = -1 (default)
2023-08-28 07:17:43,852 [s3-groupManagement] INFO  server.RaftServerConfigKeys (ConfUtils.java:logGet(46)) - raft.server.log.write.buffer.size = 64KB (=65536) (default)
2023-08-28 07:17:43,852 [s3-groupManagement] INFO  server.RaftServerConfigKeys (ConfUtils.java:logGet(46)) - raft.server.log.appender.buffer.byte-limit = 4MB (=4194304) (default)
2023-08-28 07:17:43,854 [s3-groupManagement] INFO  server.RaftServerConfigKeys (ConfUtils.java:logGet(46)) - raft.server.log.unsafe-flush.enabled = false (default)
2023-08-28 07:17:43,854 [s3-groupManagement] INFO  server.RaftServerConfigKeys (ConfUtils.java:logGet(46)) - raft.server.log.async-flush.enabled = false (default)
2023-08-28 07:17:43,854 [s3-groupManagement] INFO  server.RaftServerConfigKeys (ConfUtils.java:logGet(46)) - raft.server.log.statemachine.data.caching.enabled = false (default)
2023-08-28 07:17:43,855 [s3-groupManagement] INFO  segmented.SegmentedRaftLogWorker (SegmentedRaftLogWorker.java:lambda$new$0(134)) - s3@group-B3A6F468776F-SegmentedRaftLogWorker: flushIndex: setUnconditionally 0 -> -1
2023-08-28 07:17:43,855 [s3-groupManagement] INFO  segmented.SegmentedRaftLogWorker (SegmentedRaftLogWorker.java:lambda$new$0(134)) - s3@group-B3A6F468776F-SegmentedRaftLogWorker: safeCacheEvictIndex: setUnconditionally 0 -> -1
2023-08-28 07:17:43,855 [s3-groupManagement] INFO  server.RaftServer$Division (RaftServerImpl.java:start(384)) - s3@group-B3A6F468776F: start as a follower, conf=-1: peers:[s3|rpc:0.0.0.0:36829|dataStream:|priority:0|startupRole:FOLLOWER, s4|rpc:0.0.0.0:45719|dataStream:|priority:0|startupRole:FOLLOWER, s0|rpc:0.0.0.0:46813|dataStream:|priority:0|startupRole:FOLLOWER, s1|rpc:0.0.0.0:37301|dataStream:|priority:0|startupRole:FOLLOWER, s2|rpc:0.0.0.0:46017|dataStream:|priority:0|startupRole:FOLLOWER]|listeners:[], old=null
2023-08-28 07:17:43,855 [s3-groupManagement] INFO  server.RaftServer$Division (RaftServerImpl.java:setRole(371)) - s3@group-B3A6F468776F: changes role from      null to FOLLOWER at term 0 for startAsFollower
2023-08-28 07:17:43,855 [s3-groupManagement] INFO  impl.RoleInfo (RoleInfo.java:updateAndGet(138)) - s3: start s3@group-B3A6F468776F-FollowerState
2023-08-28 07:17:43,855 [s3-groupManagement] INFO  util.JmxRegister (JmxRegister.java:tryRegister(44)) - Successfully registered JMX Bean with object name Ratis:service=RaftServer,group=group-B3A6F468776F,id=s3
2023-08-28 07:17:43,855 [s3-groupManagement] INFO  server.RaftServerConfigKeys (ConfUtils.java:logGet(46)) - raft.server.snapshot.trigger-when-stop.enabled = true (default)
2023-08-28 07:17:43,855 [s3-groupManagement] INFO  server.RaftServerConfigKeys (ConfUtils.java:logGet(46)) - raft.server.snapshot.auto.trigger.enabled = false (default)
2023-08-28 07:17:43,855 [s3-groupManagement] INFO  server.RaftServerConfigKeys (ConfUtils.java:logGet(46)) - raft.server.snapshot.retention.file.num = -1 (default)
2023-08-28 07:17:43,855 [s3-groupManagement] INFO  server.RaftServerConfigKeys (ConfUtils.java:logGet(46)) - raft.server.log.purge.upto.snapshot.index = false (default)
2023-08-28 07:17:43,856 [s3@group-B3A6F468776F-FollowerState] INFO  server.RaftServerConfigKeys (ConfUtils.java:logFallback(53)) - raft.server.rpc.first-election.timeout.min = 1500ms (fallback to raft.server.rpc.timeout.min)
2023-08-28 07:17:43,856 [s3@group-B3A6F468776F-FollowerState] INFO  server.RaftServerConfigKeys (ConfUtils.java:logFallback(53)) - raft.server.rpc.first-election.timeout.max = 2000ms (fallback to raft.server.rpc.timeout.max)
2023-08-28 07:17:43,859 [Time-limited test] DEBUG client.RaftClient (ConfUtils.java:logGet(46)) - raft.rpc.type = NETTY (custom)
2023-08-28 07:17:43,861 [nioEventLoopGroup-93-1] INFO  logging.LoggingHandler (AbstractInternalLogger.java:log(148)) - [id: 0x3e2faf44, L:/0.0.0.0:45719] READ: [id: 0x38811fe8, L:/10.1.0.28:45719 - R:/10.1.0.28:35610]
2023-08-28 07:17:43,861 [nioEventLoopGroup-93-1] INFO  logging.LoggingHandler (AbstractInternalLogger.java:log(148)) - [id: 0x3e2faf44, L:/0.0.0.0:45719] READ COMPLETE
2023-08-28 07:17:43,866 [nioEventLoopGroup-94-1] INFO  server.RaftServer (RaftServerProxy.java:addNew(99)) - s4: addNew group-B3A6F468776F:[s3|rpc:0.0.0.0:36829|dataStream:|priority:0|startupRole:FOLLOWER, s4|rpc:0.0.0.0:45719|dataStream:|priority:0|startupRole:FOLLOWER, s0|rpc:0.0.0.0:46813|dataStream:|priority:0|startupRole:FOLLOWER, s1|rpc:0.0.0.0:37301|dataStream:|priority:0|startupRole:FOLLOWER, s2|rpc:0.0.0.0:46017|dataStream:|priority:0|startupRole:FOLLOWER] returns group-B3A6F468776F:java.util.concurrent.CompletableFuture@38e1b2b6[Not completed]
2023-08-28 07:17:43,866 [s4-groupManagement] INFO  server.RaftServer$Division (RaftServerImpl.java:<init>(250)) - s4: new RaftServerImpl for group-B3A6F468776F:[s3|rpc:0.0.0.0:36829|dataStream:|priority:0|startupRole:FOLLOWER, s4|rpc:0.0.0.0:45719|dataStream:|priority:0|startupRole:FOLLOWER, s0|rpc:0.0.0.0:46813|dataStream:|priority:0|startupRole:FOLLOWER, s1|rpc:0.0.0.0:37301|dataStream:|priority:0|startupRole:FOLLOWER, s2|rpc:0.0.0.0:46017|dataStream:|priority:0|startupRole:FOLLOWER] with BaseStateMachine:uninitialized
2023-08-28 07:17:43,866 [s4-groupManagement] INFO  server.RaftServerConfigKeys (ConfUtils.java:logGet(46)) - raft.server.rpc.timeout.min = 1500ms (custom)
2023-08-28 07:17:43,866 [s4-groupManagement] INFO  server.RaftServerConfigKeys (ConfUtils.java:logGet(46)) - raft.server.rpc.timeout.max = 2000ms (custom)
2023-08-28 07:17:43,866 [s4-groupManagement] INFO  server.RaftServerConfigKeys (ConfUtils.java:logGet(46)) - raft.server.rpc.sleep.time = 25ms (default)
2023-08-28 07:17:43,866 [s4-groupManagement] INFO  server.RaftServerConfigKeys (ConfUtils.java:logGet(46)) - raft.server.rpc.slowness.timeout = 60s (default)
2023-08-28 07:17:43,866 [s4-groupManagement] INFO  server.RaftServerConfigKeys (ConfUtils.java:logGet(46)) - raft.server.leaderelection.leader.step-down.wait-time = 10s (default)
2023-08-28 07:17:43,866 [s4-groupManagement] INFO  server.RaftServerConfigKeys (ConfUtils.java:logGet(46)) - raft.server.sleep.deviation.threshold = 300ms (default)
2023-08-28 07:17:43,866 [s4-groupManagement] INFO  server.RaftServer$Division (ServerState.java:<init>(113)) - s4@group-B3A6F468776F: ConfigurationManager, init=-1: peers:[s3|rpc:0.0.0.0:36829|dataStream:|priority:0|startupRole:FOLLOWER, s4|rpc:0.0.0.0:45719|dataStream:|priority:0|startupRole:FOLLOWER, s0|rpc:0.0.0.0:46813|dataStream:|priority:0|startupRole:FOLLOWER, s1|rpc:0.0.0.0:37301|dataStream:|priority:0|startupRole:FOLLOWER, s2|rpc:0.0.0.0:46017|dataStream:|priority:0|startupRole:FOLLOWER]|listeners:[], old=null, confs=<EMPTY_MAP>
2023-08-28 07:17:43,866 [s4-groupManagement] INFO  server.RaftServerConfigKeys (ConfUtils.java:logGet(46)) - raft.server.notification.no-leader.timeout = 60s (default)
2023-08-28 07:17:43,866 [s4-groupManagement] INFO  server.RaftServerConfigKeys (ConfUtils.java:logGet(46)) - raft.server.read.timeout = 10s (default)
2023-08-28 07:17:43,866 [s4-groupManagement] INFO  server.RaftServerConfigKeys (ConfUtils.java:logGet(46)) - raft.server.retrycache.expirytime = 60s (default)
2023-08-28 07:17:43,866 [s4-groupManagement] INFO  server.RaftServerConfigKeys (ConfUtils.java:logGet(46)) - raft.server.retrycache.statistics.expirytime = 100μs (default)
2023-08-28 07:17:43,866 [s4-groupManagement] INFO  server.RaftServerConfigKeys (ConfUtils.java:logGet(46)) - raft.server.read.option = DEFAULT (default)
2023-08-28 07:17:43,867 [s4-groupManagement] INFO  server.RaftServerConfigKeys (ConfUtils.java:logGet(46)) - raft.server.rpc.request.timeout = 3000ms (default)
2023-08-28 07:17:43,867 [s4-groupManagement] INFO  server.RaftServerConfigKeys (ConfUtils.java:logGet(46)) - raft.server.log.appender.install.snapshot.enabled = true (default)
2023-08-28 07:17:43,867 [s4-groupManagement] INFO  server.RaftServerConfigKeys (ConfUtils.java:logGet(46)) - raft.server.threadpool.server.cached = true (default)
2023-08-28 07:17:43,867 [s4-groupManagement] INFO  server.RaftServerConfigKeys (ConfUtils.java:logGet(46)) - raft.server.threadpool.server.size = 0 (default)
2023-08-28 07:17:43,867 [s4-groupManagement] INFO  server.RaftServerConfigKeys (ConfUtils.java:logGet(46)) - raft.server.threadpool.client.cached = true (default)
2023-08-28 07:17:43,867 [s4-groupManagement] INFO  server.RaftServerConfigKeys (ConfUtils.java:logGet(46)) - raft.server.threadpool.client.size = 0 (default)
2023-08-28 07:17:43,867 [s4-groupManagement] DEBUG server.RaftServer (RaftServerProxy.java:lambda$groupAddAsync$11(505)) - s4: newImpl =      null s4@group-B3A6F468776F:t0, leader=null, voted=null, raftlog=UNINITIALIZED, conf=-1: peers:[s3|rpc:0.0.0.0:36829|dataStream:|priority:0|startupRole:FOLLOWER, s4|rpc:0.0.0.0:45719|dataStream:|priority:0|startupRole:FOLLOWER, s0|rpc:0.0.0.0:46813|dataStream:|priority:0|startupRole:FOLLOWER, s1|rpc:0.0.0.0:37301|dataStream:|priority:0|startupRole:FOLLOWER, s2|rpc:0.0.0.0:46017|dataStream:|priority:0|startupRole:FOLLOWER]|listeners:[], old=null NEW
2023-08-28 07:17:43,867 [s4-groupManagement] INFO  server.RaftServerConfigKeys (ConfUtils.java:logGet(46)) - raft.server.storage.free-space.min = 0MB (=0) (default)
2023-08-28 07:17:43,867 [s4-groupManagement] INFO  server.RaftServerConfigKeys (ConfUtils.java:logGet(46)) - raft.server.log.corruption.policy = EXCEPTION (default)
2023-08-28 07:17:43,867 [s4-groupManagement] INFO  server.RaftServerConfigKeys (ConfUtils.java:logGet(46)) - raft.server.storage.dir = [/home/runner/work/ratis/ratis/ratis-test/target/test/data/c5bbf9cd/MiniRaftClusterWithNetty9d0d4a8/s4] (custom)
2023-08-28 07:17:43,867 [s4-groupManagement] INFO  storage.RaftStorageDirectory (RaftStorageDirectoryImpl.java:analyzeStorage(138)) - The storage directory /home/runner/work/ratis/ratis/ratis-test/target/test/data/c5bbf9cd/MiniRaftClusterWithNetty9d0d4a8/s4/5e606870-d977-484e-8788-b3a6f468776f does not exist. Creating ...
2023-08-28 07:17:43,868 [s4-groupManagement] TRACE util.FileUtils (LogUtils.java:runAndLog(49)) - Successfully ran Files.createDirectories /home/runner/work/ratis/ratis/ratis-test/target/test/data/c5bbf9cd/MiniRaftClusterWithNetty9d0d4a8/s4/5e606870-d977-484e-8788-b3a6f468776f
2023-08-28 07:17:43,869 [s4-groupManagement] INFO  storage.RaftStorageDirectory (RaftStorageDirectoryImpl.java:tryLock(232)) - Lock on /home/runner/work/ratis/ratis/ratis-test/target/test/data/c5bbf9cd/MiniRaftClusterWithNetty9d0d4a8/s4/5e606870-d977-484e-8788-b3a6f468776f/in_use.lock acquired by nodename 7908@fv-az1033-516
2023-08-28 07:17:43,869 [s4-groupManagement] TRACE util.FileUtils (LogUtils.java:runAndLog(49)) - Successfully ran Files.createDirectories /home/runner/work/ratis/ratis/ratis-test/target/test/data/c5bbf9cd/MiniRaftClusterWithNetty9d0d4a8/s4/5e606870-d977-484e-8788-b3a6f468776f/current
2023-08-28 07:17:43,869 [s4-groupManagement] TRACE util.FileUtils (LogUtils.java:runAndLog(49)) - Successfully ran Files.createDirectories /home/runner/work/ratis/ratis/ratis-test/target/test/data/c5bbf9cd/MiniRaftClusterWithNetty9d0d4a8/s4/5e606870-d977-484e-8788-b3a6f468776f/sm
2023-08-28 07:17:43,870 [s4-groupManagement] INFO  storage.RaftStorage (RaftStorageImpl.java:format(97)) - Storage directory /home/runner/work/ratis/ratis/ratis-test/target/test/data/c5bbf9cd/MiniRaftClusterWithNetty9d0d4a8/s4/5e606870-d977-484e-8788-b3a6f468776f has been successfully formatted.
2023-08-28 07:17:43,870 [s4-groupManagement] INFO  server.RaftServerConfigKeys (ConfUtils.java:logGet(46)) - raft.server.log.use.memory = false (default)
2023-08-28 07:17:43,870 [s4-groupManagement] INFO  server.RaftServerConfigKeys (ConfUtils.java:logGet(46)) - raft.server.log.purge.gap = 1024 (default)
2023-08-28 07:17:43,870 [s4-groupManagement] INFO  server.RaftServerConfigKeys (ConfUtils.java:logGet(46)) - raft.server.log.appender.buffer.byte-limit = 4MB (=4194304) (default)
2023-08-28 07:17:43,870 [s4-groupManagement] INFO  server.RaftServerConfigKeys (ConfUtils.java:logGet(46)) - raft.server.log.statemachine.data.read.timeout = 1000ms (default)
2023-08-28 07:17:43,870 [s4-groupManagement] INFO  server.RaftServerConfigKeys (ConfUtils.java:logGet(46)) - raft.server.log.purge.preservation.log.num = 0 (default)
2023-08-28 07:17:43,871 [s4-groupManagement] INFO  server.RaftServerConfigKeys (ConfUtils.java:logGet(46)) - raft.server.log.segment.size.max = 8MB (=8388608) (default)
2023-08-28 07:17:43,871 [s4-groupManagement] INFO  server.RaftServerConfigKeys (ConfUtils.java:logGet(46)) - raft.server.log.segment.cache.num.max = 6 (default)
2023-08-28 07:17:43,871 [s4-groupManagement] INFO  server.RaftServerConfigKeys (ConfUtils.java:logGet(46)) - raft.server.log.segment.cache.size.max = 200MB (=209715200) (default)
2023-08-28 07:17:43,871 [s4-groupManagement] INFO  server.RaftServerConfigKeys (ConfUtils.java:logGet(46)) - raft.server.log.appender.buffer.byte-limit = 4MB (=4194304) (default)
2023-08-28 07:17:43,871 [s4-groupManagement] INFO  segmented.SegmentedRaftLogWorker (SegmentedRaftLogWorker.java:<init>(183)) - new s4@group-B3A6F468776F-SegmentedRaftLogWorker for RaftStorageImpl:Storage Directory /home/runner/work/ratis/ratis/ratis-test/target/test/data/c5bbf9cd/MiniRaftClusterWithNetty9d0d4a8/s4/5e606870-d977-484e-8788-b3a6f468776f
2023-08-28 07:17:43,871 [s4-groupManagement] INFO  server.RaftServerConfigKeys (ConfUtils.java:logGet(46)) - raft.server.log.queue.byte-limit = 64MB (=67108864) (default)
2023-08-28 07:17:43,871 [s4-groupManagement] INFO  server.RaftServerConfigKeys (ConfUtils.java:logGet(46)) - raft.server.log.queue.element-limit = 4096 (default)
2023-08-28 07:17:43,871 [s4-groupManagement] INFO  server.RaftServerConfigKeys (ConfUtils.java:logGet(46)) - raft.server.log.segment.size.max = 8MB (=8388608) (default)
2023-08-28 07:17:43,871 [s4-groupManagement] INFO  server.RaftServerConfigKeys (ConfUtils.java:logGet(46)) - raft.server.log.preallocated.size = 4MB (=4194304) (default)
2023-08-28 07:17:43,871 [s4-groupManagement] INFO  server.RaftServerConfigKeys (ConfUtils.java:logGet(46)) - raft.server.log.force.sync.num = 128 (default)
2023-08-28 07:17:43,871 [s4-groupManagement] INFO  server.RaftServerConfigKeys (ConfUtils.java:logGet(46)) - raft.server.log.statemachine.data.sync = true (default)
2023-08-28 07:17:43,871 [s4-groupManagement] INFO  server.RaftServerConfigKeys (ConfUtils.java:logGet(46)) - raft.server.log.statemachine.data.sync.timeout = 10s (default)
2023-08-28 07:17:43,871 [s4-groupManagement] INFO  server.RaftServerConfigKeys (ConfUtils.java:logGet(46)) - raft.server.log.statemachine.data.sync.timeout.retry = -1 (default)
2023-08-28 07:17:43,871 [s4-groupManagement] INFO  server.RaftServerConfigKeys (ConfUtils.java:logGet(46)) - raft.server.log.write.buffer.size = 64KB (=65536) (default)
2023-08-28 07:17:43,871 [s4-groupManagement] INFO  server.RaftServerConfigKeys (ConfUtils.java:logGet(46)) - raft.server.log.appender.buffer.byte-limit = 4MB (=4194304) (default)
2023-08-28 07:17:43,872 [s4-groupManagement] INFO  server.RaftServerConfigKeys (ConfUtils.java:logGet(46)) - raft.server.log.unsafe-flush.enabled = false (default)
2023-08-28 07:17:43,872 [s4-groupManagement] INFO  server.RaftServerConfigKeys (ConfUtils.java:logGet(46)) - raft.server.log.async-flush.enabled = false (default)
2023-08-28 07:17:43,872 [s4-groupManagement] INFO  server.RaftServerConfigKeys (ConfUtils.java:logGet(46)) - raft.server.log.statemachine.data.caching.enabled = false (default)
2023-08-28 07:17:43,872 [s4-groupManagement] INFO  segmented.SegmentedRaftLogWorker (SegmentedRaftLogWorker.java:lambda$new$0(134)) - s4@group-B3A6F468776F-SegmentedRaftLogWorker: flushIndex: setUnconditionally 0 -> -1
2023-08-28 07:17:43,872 [s4-groupManagement] INFO  segmented.SegmentedRaftLogWorker (SegmentedRaftLogWorker.java:lambda$new$0(134)) - s4@group-B3A6F468776F-SegmentedRaftLogWorker: safeCacheEvictIndex: setUnconditionally 0 -> -1
2023-08-28 07:17:43,877 [s4-groupManagement] INFO  server.RaftServer$Division (RaftServerImpl.java:start(384)) - s4@group-B3A6F468776F: start as a follower, conf=-1: peers:[s3|rpc:0.0.0.0:36829|dataStream:|priority:0|startupRole:FOLLOWER, s4|rpc:0.0.0.0:45719|dataStream:|priority:0|startupRole:FOLLOWER, s0|rpc:0.0.0.0:46813|dataStream:|priority:0|startupRole:FOLLOWER, s1|rpc:0.0.0.0:37301|dataStream:|priority:0|startupRole:FOLLOWER, s2|rpc:0.0.0.0:46017|dataStream:|priority:0|startupRole:FOLLOWER]|listeners:[], old=null
2023-08-28 07:17:43,877 [s4-groupManagement] INFO  server.RaftServer$Division (RaftServerImpl.java:setRole(371)) - s4@group-B3A6F468776F: changes role from      null to FOLLOWER at term 0 for startAsFollower
2023-08-28 07:17:43,877 [s4-groupManagement] INFO  impl.RoleInfo (RoleInfo.java:updateAndGet(138)) - s4: start s4@group-B3A6F468776F-FollowerState
2023-08-28 07:17:43,878 [s4-groupManagement] INFO  util.JmxRegister (JmxRegister.java:tryRegister(44)) - Successfully registered JMX Bean with object name Ratis:service=RaftServer,group=group-B3A6F468776F,id=s4
2023-08-28 07:17:43,878 [s4@group-B3A6F468776F-FollowerState] INFO  server.RaftServerConfigKeys (ConfUtils.java:logFallback(53)) - raft.server.rpc.first-election.timeout.min = 1500ms (fallback to raft.server.rpc.timeout.min)
2023-08-28 07:17:43,878 [s4-groupManagement] INFO  server.RaftServerConfigKeys (ConfUtils.java:logGet(46)) - raft.server.snapshot.trigger-when-stop.enabled = true (default)
2023-08-28 07:17:43,878 [s4@group-B3A6F468776F-FollowerState] INFO  server.RaftServerConfigKeys (ConfUtils.java:logFallback(53)) - raft.server.rpc.first-election.timeout.max = 2000ms (fallback to raft.server.rpc.timeout.max)
2023-08-28 07:17:43,878 [s4-groupManagement] INFO  server.RaftServerConfigKeys (ConfUtils.java:logGet(46)) - raft.server.snapshot.auto.trigger.enabled = false (default)
2023-08-28 07:17:43,878 [s4-groupManagement] INFO  server.RaftServerConfigKeys (ConfUtils.java:logGet(46)) - raft.server.snapshot.retention.file.num = -1 (default)
2023-08-28 07:17:43,878 [s4-groupManagement] INFO  server.RaftServerConfigKeys (ConfUtils.java:logGet(46)) - raft.server.log.purge.upto.snapshot.index = false (default)
2023-08-28 07:17:43,899 [Time-limited test] INFO  server.RaftServerConfigKeys (ConfUtils.java:logGet(46)) - raft.server.rpc.timeout.max = 2000ms (custom)
2023-08-28 07:17:43,901 [Time-limited test] INFO  ratis.RaftTestUtil (RaftTestUtil.java:waitForLeader(100)) - printing group-B3A6F468776F
  s3:  RUNNING [
   FOLLOWER s3@group-B3A6F468776F:t0, leader=null, voted=, raftlog=Memoized:s3@group-B3A6F468776F-SegmentedRaftLog:OPENED:c-1, conf=-1: peers:[s3|rpc:0.0.0.0:36829|dataStream:|priority:0|startupRole:FOLLOWER, s4|rpc:0.0.0.0:45719|dataStream:|priority:0|startupRole:FOLLOWER, s0|rpc:0.0.0.0:46813|dataStream:|priority:0|startupRole:FOLLOWER, s1|rpc:0.0.0.0:37301|dataStream:|priority:0|startupRole:FOLLOWER, s2|rpc:0.0.0.0:46017|dataStream:|priority:0|startupRole:FOLLOWER]|listeners:[], old=null RUNNING
   FOLLOWER s3@group-75AB5BF27CAD:t0, leader=null, voted=, raftlog=Memoized:s3@group-75AB5BF27CAD-SegmentedRaftLog:OPENED:c-1, conf=-1: peers:[]|listeners:[], old=null STARTING] size=2
  s4:  RUNNING [
   FOLLOWER s4@group-B3A6F468776F:t0, leader=null, voted=, raftlog=Memoized:s4@group-B3A6F468776F-SegmentedRaftLog:OPENED:c-1, conf=-1: peers:[s3|rpc:0.0.0.0:36829|dataStream:|priority:0|startupRole:FOLLOWER, s4|rpc:0.0.0.0:45719|dataStream:|priority:0|startupRole:FOLLOWER, s0|rpc:0.0.0.0:46813|dataStream:|priority:0|startupRole:FOLLOWER, s1|rpc:0.0.0.0:37301|dataStream:|priority:0|startupRole:FOLLOWER, s2|rpc:0.0.0.0:46017|dataStream:|priority:0|startupRole:FOLLOWER]|listeners:[], old=null RUNNING
   FOLLOWER s4@group-75AB5BF27CAD:t0, leader=null, voted=, raftlog=Memoized:s4@group-75AB5BF27CAD-SegmentedRaftLog:OPENED:c-1, conf=-1: peers:[]|listeners:[], old=null STARTING] size=2
  s0:  RUNNING [
   FOLLOWER s0@group-B3A6F468776F:t0, leader=null, voted=, raftlog=Memoized:s0@group-B3A6F468776F-SegmentedRaftLog:OPENED:c-1, conf=-1: peers:[s3|rpc:0.0.0.0:36829|dataStream:|priority:0|startupRole:FOLLOWER, s4|rpc:0.0.0.0:45719|dataStream:|priority:0|startupRole:FOLLOWER, s0|rpc:0.0.0.0:46813|dataStream:|priority:0|startupRole:FOLLOWER, s1|rpc:0.0.0.0:37301|dataStream:|priority:0|startupRole:FOLLOWER, s2|rpc:0.0.0.0:46017|dataStream:|priority:0|startupRole:FOLLOWER]|listeners:[], old=null RUNNING
   FOLLOWER s0@group-75AB5BF27CAD:t0, leader=null, voted=, raftlog=Memoized:s0@group-75AB5BF27CAD-SegmentedRaftLog:OPENED:c-1, conf=-1: peers:[]|listeners:[], old=null STARTING] size=2
  s1:  RUNNING [
   FOLLOWER s1@group-B3A6F468776F:t0, leader=null, voted=, raftlog=Memoized:s1@group-B3A6F468776F-SegmentedRaftLog:OPENED:c-1, conf=-1: peers:[s3|rpc:0.0.0.0:36829|dataStream:|priority:0|startupRole:FOLLOWER, s4|rpc:0.0.0.0:45719|dataStream:|priority:0|startupRole:FOLLOWER, s0|rpc:0.0.0.0:46813|dataStream:|priority:0|startupRole:FOLLOWER, s1|rpc:0.0.0.0:37301|dataStream:|priority:0|startupRole:FOLLOWER, s2|rpc:0.0.0.0:46017|dataStream:|priority:0|startupRole:FOLLOWER]|listeners:[], old=null RUNNING
   FOLLOWER s1@group-75AB5BF27CAD:t0, leader=null, voted=, raftlog=Memoized:s1@group-75AB5BF27CAD-SegmentedRaftLog:OPENED:c-1, conf=-1: peers:[]|listeners:[], old=null STARTING] size=2
  s2:  RUNNING [
   FOLLOWER s2@group-B3A6F468776F:t0, leader=null, voted=, raftlog=Memoized:s2@group-B3A6F468776F-SegmentedRaftLog:OPENED:c-1, conf=-1: peers:[s3|rpc:0.0.0.0:36829|dataStream:|priority:0|startupRole:FOLLOWER, s4|rpc:0.0.0.0:45719|dataStream:|priority:0|startupRole:FOLLOWER, s0|rpc:0.0.0.0:46813|dataStream:|priority:0|startupRole:FOLLOWER, s1|rpc:0.0.0.0:37301|dataStream:|priority:0|startupRole:FOLLOWER, s2|rpc:0.0.0.0:46017|dataStream:|priority:0|startupRole:FOLLOWER]|listeners:[], old=null RUNNING
   FOLLOWER s2@group-75AB5BF27CAD:t0, leader=null, voted=, raftlog=Memoized:s2@group-75AB5BF27CAD-SegmentedRaftLog:OPENED:c-1, conf=-1: peers:[]|listeners:[], old=null STARTING] size=2
2023-08-28 07:17:43,901 [Time-limited test] WARN  ratis.RaftTestUtil (JavaUtils.java:attempt(217)) - FAILED "waitForLeader-group-B3A6F468776F-(expectLeader? true)", attempt #1/100: java.lang.IllegalStateException: No leader yet  for group-B3A6F468776F: printing group-B3A6F468776F
  s3:  RUNNING [
   FOLLOWER s3@group-B3A6F468776F:t0, leader=null, voted=, raftlog=Memoized:s3@group-B3A6F468776F-SegmentedRaftLog:OPENED:c-1, conf=-1: peers:[s3|rpc:0.0.0.0:36829|dataStream:|priority:0|startupRole:FOLLOWER, s4|rpc:0.0.0.0:45719|dataStream:|priority:0|startupRole:FOLLOWER, s0|rpc:0.0.0.0:46813|dataStream:|priority:0|startupRole:FOLLOWER, s1|rpc:0.0.0.0:37301|dataStream:|priority:0|startupRole:FOLLOWER, s2|rpc:0.0.0.0:46017|dataStream:|priority:0|startupRole:FOLLOWER]|listeners:[], old=null RUNNING
   FOLLOWER s3@group-75AB5BF27CAD:t0, leader=null, voted=, raftlog=Memoized:s3@group-75AB5BF27CAD-SegmentedRaftLog:OPENED:c-1, conf=-1: peers:[]|listeners:[], old=null STARTING] size=2
  s4:  RUNNING [
   FOLLOWER s4@group-B3A6F468776F:t0, leader=null, voted=, raftlog=Memoized:s4@group-B3A6F468776F-SegmentedRaftLog:OPENED:c-1, conf=-1: peers:[s3|rpc:0.0.0.0:36829|dataStream:|priority:0|startupRole:FOLLOWER, s4|rpc:0.0.0.0:45719|dataStream:|priority:0|startupRole:FOLLOWER, s0|rpc:0.0.0.0:46813|dataStream:|priority:0|startupRole:FOLLOWER, s1|rpc:0.0.0.0:37301|dataStream:|priority:0|startupRole:FOLLOWER, s2|rpc:0.0.0.0:46017|dataStream:|priority:0|startupRole:FOLLOWER]|listeners:[], old=null RUNNING
   FOLLOWER s4@group-75AB5BF27CAD:t0, leader=null, voted=, raftlog=Memoized:s4@group-75AB5BF27CAD-SegmentedRaftLog:OPENED:c-1, conf=-1: peers:[]|listeners:[], old=null STARTING] size=2
  s0:  RUNNING [
   FOLLOWER s0@group-B3A6F468776F:t0, leader=null, voted=, raftlog=Memoized:s0@group-B3A6F468776F-SegmentedRaftLog:OPENED:c-1, conf=-1: peers:[s3|rpc:0.0.0.0:36829|dataStream:|priority:0|startupRole:FOLLOWER, s4|rpc:0.0.0.0:45719|dataStream:|priority:0|startupRole:FOLLOWER, s0|rpc:0.0.0.0:46813|dataStream:|priority:0|startupRole:FOLLOWER, s1|rpc:0.0.0.0:37301|dataStream:|priority:0|startupRole:FOLLOWER, s2|rpc:0.0.0.0:46017|dataStream:|priority:0|startupRole:FOLLOWER]|listeners:[], old=null RUNNING
   FOLLOWER s0@group-75AB5BF27CAD:t0, leader=null, voted=, raftlog=Memoized:s0@group-75AB5BF27CAD-SegmentedRaftLog:OPENED:c-1, conf=-1: peers:[]|listeners:[], old=null STARTING] size=2
  s1:  RUNNING [
   FOLLOWER s1@group-B3A6F468776F:t0, leader=null, voted=, raftlog=Memoized:s1@group-B3A6F468776F-SegmentedRaftLog:OPENED:c-1, conf=-1: peers:[s3|rpc:0.0.0.0:36829|dataStream:|priority:0|startupRole:FOLLOWER, s4|rpc:0.0.0.0:45719|dataStream:|priority:0|startupRole:FOLLOWER, s0|rpc:0.0.0.0:46813|dataStream:|priority:0|startupRole:FOLLOWER, s1|rpc:0.0.0.0:37301|dataStream:|priority:0|startupRole:FOLLOWER, s2|rpc:0.0.0.0:46017|dataStream:|priority:0|startupRole:FOLLOWER]|listeners:[], old=null RUNNING
   FOLLOWER s1@group-75AB5BF27CAD:t0, leader=null, voted=, raftlog=Memoized:s1@group-75AB5BF27CAD-SegmentedRaftLog:OPENED:c-1, conf=-1: peers:[]|listeners:[], old=null STARTING] size=2
  s2:  RUNNING [
   FOLLOWER s2@group-B3A6F468776F:t0, leader=null, voted=, raftlog=Memoized:s2@group-B3A6F468776F-SegmentedRaftLog:OPENED:c-1, conf=-1: peers:[s3|rpc:0.0.0.0:36829|dataStream:|priority:0|startupRole:FOLLOWER, s4|rpc:0.0.0.0:45719|dataStream:|priority:0|startupRole:FOLLOWER, s0|rpc:0.0.0.0:46813|dataStream:|priority:0|startupRole:FOLLOWER, s1|rpc:0.0.0.0:37301|dataStream:|priority:0|startupRole:FOLLOWER, s2|rpc:0.0.0.0:46017|dataStream:|priority:0|startupRole:FOLLOWER]|listeners:[], old=null RUNNING
   FOLLOWER s2@group-75AB5BF27CAD:t0, leader=null, voted=, raftlog=Memoized:s2@group-75AB5BF27CAD-SegmentedRaftLog:OPENED:c-1, conf=-1: peers:[]|listeners:[], old=null STARTING] size=2, sleep 3000ms and then retry.
java.lang.IllegalStateException: No leader yet  for group-B3A6F468776F: printing group-B3A6F468776F
  s3:  RUNNING [
   FOLLOWER s3@group-B3A6F468776F:t0, leader=null, voted=, raftlog=Memoized:s3@group-B3A6F468776F-SegmentedRaftLog:OPENED:c-1, conf=-1: peers:[s3|rpc:0.0.0.0:36829|dataStream:|priority:0|startupRole:FOLLOWER, s4|rpc:0.0.0.0:45719|dataStream:|priority:0|startupRole:FOLLOWER, s0|rpc:0.0.0.0:46813|dataStream:|priority:0|startupRole:FOLLOWER, s1|rpc:0.0.0.0:37301|dataStream:|priority:0|startupRole:FOLLOWER, s2|rpc:0.0.0.0:46017|dataStream:|priority:0|startupRole:FOLLOWER]|listeners:[], old=null RUNNING
   FOLLOWER s3@group-75AB5BF27CAD:t0, leader=null, voted=, raftlog=Memoized:s3@group-75AB5BF27CAD-SegmentedRaftLog:OPENED:c-1, conf=-1: peers:[]|listeners:[], old=null STARTING] size=2
  s4:  RUNNING [
   FOLLOWER s4@group-B3A6F468776F:t0, leader=null, voted=, raftlog=Memoized:s4@group-B3A6F468776F-SegmentedRaftLog:OPENED:c-1, conf=-1: peers:[s3|rpc:0.0.0.0:36829|dataStream:|priority:0|startupRole:FOLLOWER, s4|rpc:0.0.0.0:45719|dataStream:|priority:0|startupRole:FOLLOWER, s0|rpc:0.0.0.0:46813|dataStream:|priority:0|startupRole:FOLLOWER, s1|rpc:0.0.0.0:37301|dataStream:|priority:0|startupRole:FOLLOWER, s2|rpc:0.0.0.0:46017|dataStream:|priority:0|startupRole:FOLLOWER]|listeners:[], old=null RUNNING
   FOLLOWER s4@group-75AB5BF27CAD:t0, leader=null, voted=, raftlog=Memoized:s4@group-75AB5BF27CAD-SegmentedRaftLog:OPENED:c-1, conf=-1: peers:[]|listeners:[], old=null STARTING] size=2
  s0:  RUNNING [
   FOLLOWER s0@group-B3A6F468776F:t0, leader=null, voted=, raftlog=Memoized:s0@group-B3A6F468776F-SegmentedRaftLog:OPENED:c-1, conf=-1: peers:[s3|rpc:0.0.0.0:36829|dataStream:|priority:0|startupRole:FOLLOWER, s4|rpc:0.0.0.0:45719|dataStream:|priority:0|startupRole:FOLLOWER, s0|rpc:0.0.0.0:46813|dataStream:|priority:0|startupRole:FOLLOWER, s1|rpc:0.0.0.0:37301|dataStream:|priority:0|startupRole:FOLLOWER, s2|rpc:0.0.0.0:46017|dataStream:|priority:0|startupRole:FOLLOWER]|listeners:[], old=null RUNNING
   FOLLOWER s0@group-75AB5BF27CAD:t0, leader=null, voted=, raftlog=Memoized:s0@group-75AB5BF27CAD-SegmentedRaftLog:OPENED:c-1, conf=-1: peers:[]|listeners:[], old=null STARTING] size=2
  s1:  RUNNING [
   FOLLOWER s1@group-B3A6F468776F:t0, leader=null, voted=, raftlog=Memoized:s1@group-B3A6F468776F-SegmentedRaftLog:OPENED:c-1, conf=-1: peers:[s3|rpc:0.0.0.0:36829|dataStream:|priority:0|startupRole:FOLLOWER, s4|rpc:0.0.0.0:45719|dataStream:|priority:0|startupRole:FOLLOWER, s0|rpc:0.0.0.0:46813|dataStream:|priority:0|startupRole:FOLLOWER, s1|rpc:0.0.0.0:37301|dataStream:|priority:0|startupRole:FOLLOWER, s2|rpc:0.0.0.0:46017|dataStream:|priority:0|startupRole:FOLLOWER]|listeners:[], old=null RUNNING
   FOLLOWER s1@group-75AB5BF27CAD:t0, leader=null, voted=, raftlog=Memoized:s1@group-75AB5BF27CAD-SegmentedRaftLog:OPENED:c-1, conf=-1: peers:[]|listeners:[], old=null STARTING] size=2
  s2:  RUNNING [
   FOLLOWER s2@group-B3A6F468776F:t0, leader=null, voted=, raftlog=Memoized:s2@group-B3A6F468776F-SegmentedRaftLog:OPENED:c-1, conf=-1: peers:[s3|rpc:0.0.0.0:36829|dataStream:|priority:0|startupRole:FOLLOWER, s4|rpc:0.0.0.0:45719|dataStream:|priority:0|startupRole:FOLLOWER, s0|rpc:0.0.0.0:46813|dataStream:|priority:0|startupRole:FOLLOWER, s1|rpc:0.0.0.0:37301|dataStream:|priority:0|startupRole:FOLLOWER, s2|rpc:0.0.0.0:46017|dataStream:|priority:0|startupRole:FOLLOWER]|listeners:[], old=null RUNNING
   FOLLOWER s2@group-75AB5BF27CAD:t0, leader=null, voted=, raftlog=Memoized:s2@group-75AB5BF27CAD-SegmentedRaftLog:OPENED:c-1, conf=-1: peers:[]|listeners:[], old=null STARTING] size=2
	at org.apache.ratis.server.impl.MiniRaftCluster.newIllegalStateExceptionForNoLeaders(MiniRaftCluster.java:581)
	at org.apache.ratis.RaftTestUtil.lambda$waitForLeader$1(RaftTestUtil.java:104)
	at org.apache.ratis.server.impl.MiniRaftCluster.getLeader(MiniRaftCluster.java:615)
	at org.apache.ratis.server.impl.MiniRaftCluster.getLeader(MiniRaftCluster.java:608)
	at org.apache.ratis.RaftTestUtil.lambda$waitForLeader$3(RaftTestUtil.java:112)
	at org.apache.ratis.util.JavaUtils.attempt(JavaUtils.java:211)
	at org.apache.ratis.util.JavaUtils.attemptRepeatedly(JavaUtils.java:197)
	at org.apache.ratis.RaftTestUtil.waitForLeader(RaftTestUtil.java:111)
	at org.apache.ratis.RaftTestUtil.waitForLeader(RaftTestUtil.java:92)
	at org.apache.ratis.server.impl.GroupManagementBaseTest.runMultiGroupTest(GroupManagementBaseTest.java:287)
	at org.apache.ratis.server.impl.GroupManagementBaseTest.runMultiGroupTest(GroupManagementBaseTest.java:237)
	at org.apache.ratis.server.impl.GroupManagementBaseTest.testMultiGroup9Nodes(GroupManagementBaseTest.java:232)
	at java.base/jdk.internal.reflect.NativeMethodAccessorImpl.invoke0(Native Method)
	at java.base/jdk.internal.reflect.NativeMethodAccessorImpl.invoke(NativeMethodAccessorImpl.java:62)
	at java.base/jdk.internal.reflect.DelegatingMethodAccessorImpl.invoke(DelegatingMethodAccessorImpl.java:43)
	at java.base/java.lang.reflect.Method.invoke(Method.java:566)
	at org.junit.runners.model.FrameworkMethod$1.runReflectiveCall(FrameworkMethod.java:59)
	at org.junit.internal.runners.model.ReflectiveCallable.run(ReflectiveCallable.java:12)
	at org.junit.runners.model.FrameworkMethod.invokeExplosively(FrameworkMethod.java:56)
	at org.junit.internal.runners.statements.InvokeMethod.evaluate(InvokeMethod.java:17)
	at org.junit.internal.runners.statements.RunAfters.evaluate(RunAfters.java:27)
	at org.junit.internal.runners.statements.FailOnTimeout$CallableStatement.call(FailOnTimeout.java:299)
	at org.junit.internal.runners.statements.FailOnTimeout$CallableStatement.call(FailOnTimeout.java:293)
	at java.base/java.util.concurrent.FutureTask.run(FutureTask.java:264)
	at java.base/java.lang.Thread.run(Thread.java:829)
2023-08-28 07:17:45,404 [s2@group-B3A6F468776F-FollowerState] INFO  impl.FollowerState (FollowerState.java:run(143)) - s2@group-B3A6F468776F-FollowerState: change to CANDIDATE, lastRpcElapsedTime:1601568398ns, electionTimeout:1593ms
2023-08-28 07:17:45,404 [s2@group-B3A6F468776F-FollowerState] INFO  impl.RoleInfo (RoleInfo.java:shutdownFollowerState(109)) - s2: shutdown s2@group-B3A6F468776F-FollowerState
2023-08-28 07:17:45,404 [s2@group-B3A6F468776F-FollowerState] INFO  server.RaftServer$Division (RaftServerImpl.java:setRole(371)) - s2@group-B3A6F468776F: changes role from  FOLLOWER to CANDIDATE at term 0 for changeToCandidate
2023-08-28 07:17:45,404 [s2@group-B3A6F468776F-FollowerState] INFO  server.RaftServerConfigKeys (ConfUtils.java:logGet(46)) - raft.server.leaderelection.pre-vote = true (default)
2023-08-28 07:17:45,404 [s2@group-B3A6F468776F-FollowerState] INFO  impl.RoleInfo (RoleInfo.java:updateAndGet(138)) - s2: start s2@group-B3A6F468776F-LeaderElection8
2023-08-28 07:17:45,405 [s2@group-B3A6F468776F-LeaderElection8] INFO  impl.LeaderElection (LeaderElection.java:askForVotes(320)) - s2@group-B3A6F468776F-LeaderElection8 PRE_VOTE round 0: submit vote requests at term 0 for -1: peers:[s3|rpc:0.0.0.0:36829|dataStream:|priority:0|startupRole:FOLLOWER, s4|rpc:0.0.0.0:45719|dataStream:|priority:0|startupRole:FOLLOWER, s0|rpc:0.0.0.0:46813|dataStream:|priority:0|startupRole:FOLLOWER, s1|rpc:0.0.0.0:37301|dataStream:|priority:0|startupRole:FOLLOWER, s2|rpc:0.0.0.0:46017|dataStream:|priority:0|startupRole:FOLLOWER]|listeners:[], old=null
2023-08-28 07:17:45,406 [s2@group-B3A6F468776F-LeaderElection8] INFO  server.RaftServerConfigKeys (ConfUtils.java:logFallback(53)) - raft.server.rpc.first-election.timeout.min = 1500ms (fallback to raft.server.rpc.timeout.min)
2023-08-28 07:17:45,407 [s2@group-B3A6F468776F-LeaderElection8] INFO  server.RaftServerConfigKeys (ConfUtils.java:logFallback(53)) - raft.server.rpc.first-election.timeout.max = 2000ms (fallback to raft.server.rpc.timeout.max)
2023-08-28 07:17:45,410 [nioEventLoopGroup-81-1] INFO  logging.LoggingHandler (AbstractInternalLogger.java:log(148)) - [id: 0xe8e7051e, L:/0.0.0.0:46813] READ: [id: 0x7397483d, L:/10.1.0.28:46813 - R:/10.1.0.28:51216]
2023-08-28 07:17:45,411 [nioEventLoopGroup-93-1] INFO  logging.LoggingHandler (AbstractInternalLogger.java:log(148)) - [id: 0x3e2faf44, L:/0.0.0.0:45719] READ: [id: 0x1d8afb79, L:/10.1.0.28:45719 - R:/10.1.0.28:35616]
2023-08-28 07:17:45,412 [nioEventLoopGroup-93-1] INFO  logging.LoggingHandler (AbstractInternalLogger.java:log(148)) - [id: 0x3e2faf44, L:/0.0.0.0:45719] READ COMPLETE
2023-08-28 07:17:45,413 [nioEventLoopGroup-90-1] INFO  logging.LoggingHandler (AbstractInternalLogger.java:log(148)) - [id: 0xad34dad4, L:/0.0.0.0:36829] READ: [id: 0x9fc19875, L:/10.1.0.28:36829 - R:/10.1.0.28:47458]
2023-08-28 07:17:45,413 [nioEventLoopGroup-94-2] INFO  server.RaftServer$Division (RaftServerImpl.java:requestVote(1344)) - s4@group-B3A6F468776F: receive requestVote(PRE_VOTE, s2, group-B3A6F468776F, 0, (t:0, i:0))
2023-08-28 07:17:45,413 [nioEventLoopGroup-94-2] INFO  impl.VoteContext (VoteContext.java:log(49)) - s4@group-B3A6F468776F-FOLLOWER: accept PRE_VOTE from s2: our priority 0 <= candidate's priority 0
2023-08-28 07:17:45,413 [nioEventLoopGroup-94-2] INFO  server.RaftServer$Division (RaftServerImpl.java:requestVote(1377)) - s4@group-B3A6F468776F replies to PRE_VOTE vote request: s2<-s4#0:OK-t0. Peer's state: s4@group-B3A6F468776F:t0, leader=null, voted=, raftlog=Memoized:s4@group-B3A6F468776F-SegmentedRaftLog:OPENED:c-1, conf=-1: peers:[s3|rpc:0.0.0.0:36829|dataStream:|priority:0|startupRole:FOLLOWER, s4|rpc:0.0.0.0:45719|dataStream:|priority:0|startupRole:FOLLOWER, s0|rpc:0.0.0.0:46813|dataStream:|priority:0|startupRole:FOLLOWER, s1|rpc:0.0.0.0:37301|dataStream:|priority:0|startupRole:FOLLOWER, s2|rpc:0.0.0.0:46017|dataStream:|priority:0|startupRole:FOLLOWER]|listeners:[], old=null
2023-08-28 07:17:45,414 [nioEventLoopGroup-81-1] INFO  logging.LoggingHandler (AbstractInternalLogger.java:log(148)) - [id: 0xe8e7051e, L:/0.0.0.0:46813] READ COMPLETE
2023-08-28 07:17:45,414 [nioEventLoopGroup-82-2] INFO  server.RaftServer$Division (RaftServerImpl.java:requestVote(1344)) - s0@group-B3A6F468776F: receive requestVote(PRE_VOTE, s2, group-B3A6F468776F, 0, (t:0, i:0))
2023-08-28 07:17:45,414 [nioEventLoopGroup-82-2] INFO  impl.VoteContext (VoteContext.java:log(49)) - s0@group-B3A6F468776F-FOLLOWER: accept PRE_VOTE from s2: our priority 0 <= candidate's priority 0
2023-08-28 07:17:45,415 [nioEventLoopGroup-82-2] INFO  server.RaftServer$Division (RaftServerImpl.java:requestVote(1377)) - s0@group-B3A6F468776F replies to PRE_VOTE vote request: s2<-s0#0:OK-t0. Peer's state: s0@group-B3A6F468776F:t0, leader=null, voted=, raftlog=Memoized:s0@group-B3A6F468776F-SegmentedRaftLog:OPENED:c-1, conf=-1: peers:[s3|rpc:0.0.0.0:36829|dataStream:|priority:0|startupRole:FOLLOWER, s4|rpc:0.0.0.0:45719|dataStream:|priority:0|startupRole:FOLLOWER, s0|rpc:0.0.0.0:46813|dataStream:|priority:0|startupRole:FOLLOWER, s1|rpc:0.0.0.0:37301|dataStream:|priority:0|startupRole:FOLLOWER, s2|rpc:0.0.0.0:46017|dataStream:|priority:0|startupRole:FOLLOWER]|listeners:[], old=null
2023-08-28 07:17:45,418 [nioEventLoopGroup-90-1] INFO  logging.LoggingHandler (AbstractInternalLogger.java:log(148)) - [id: 0xad34dad4, L:/0.0.0.0:36829] READ COMPLETE
2023-08-28 07:17:45,419 [s2@group-B3A6F468776F-LeaderElection8] INFO  impl.LeaderElection (LeaderElection.java:logAndReturn(89)) - s2@group-B3A6F468776F-LeaderElection8: PRE_VOTE PASSED received 2 response(s) and 0 exception(s):
2023-08-28 07:17:45,419 [s2@group-B3A6F468776F-LeaderElection8] INFO  impl.LeaderElection (LeaderElection.java:logAndReturn(93)) -   Response 0: s2<-s4#0:OK-t0
2023-08-28 07:17:45,419 [s2@group-B3A6F468776F-LeaderElection8] INFO  impl.LeaderElection (LeaderElection.java:logAndReturn(93)) -   Response 1: s2<-s0#0:OK-t0
2023-08-28 07:17:45,419 [s2@group-B3A6F468776F-LeaderElection8] INFO  impl.LeaderElection (LeaderElection.java:askForVotes(322)) - s2@group-B3A6F468776F-LeaderElection8 PRE_VOTE round 0: result PASSED
2023-08-28 07:17:45,419 [nioEventLoopGroup-84-1] INFO  logging.LoggingHandler (AbstractInternalLogger.java:log(148)) - [id: 0x3cfb2e48, L:/0.0.0.0:37301] READ: [id: 0xef2e04b6, L:/10.1.0.28:37301 - R:/10.1.0.28:49766]
2023-08-28 07:17:45,419 [nioEventLoopGroup-84-1] INFO  logging.LoggingHandler (AbstractInternalLogger.java:log(148)) - [id: 0x3cfb2e48, L:/0.0.0.0:37301] READ COMPLETE
2023-08-28 07:17:45,420 [s2@group-B3A6F468776F-LeaderElection8] INFO  impl.LeaderElection (LeaderElection.java:askForVotes(320)) - s2@group-B3A6F468776F-LeaderElection8 ELECTION round 0: submit vote requests at term 1 for -1: peers:[s3|rpc:0.0.0.0:36829|dataStream:|priority:0|startupRole:FOLLOWER, s4|rpc:0.0.0.0:45719|dataStream:|priority:0|startupRole:FOLLOWER, s0|rpc:0.0.0.0:46813|dataStream:|priority:0|startupRole:FOLLOWER, s1|rpc:0.0.0.0:37301|dataStream:|priority:0|startupRole:FOLLOWER, s2|rpc:0.0.0.0:46017|dataStream:|priority:0|startupRole:FOLLOWER]|listeners:[], old=null
2023-08-28 07:17:45,420 [nioEventLoopGroup-91-2] INFO  server.RaftServer$Division (RaftServerImpl.java:requestVote(1344)) - s3@group-B3A6F468776F: receive requestVote(PRE_VOTE, s2, group-B3A6F468776F, 0, (t:0, i:0))
2023-08-28 07:17:45,420 [nioEventLoopGroup-91-2] INFO  impl.VoteContext (VoteContext.java:log(49)) - s3@group-B3A6F468776F-FOLLOWER: accept PRE_VOTE from s2: our priority 0 <= candidate's priority 0
2023-08-28 07:17:45,420 [nioEventLoopGroup-91-2] INFO  server.RaftServer$Division (RaftServerImpl.java:requestVote(1377)) - s3@group-B3A6F468776F replies to PRE_VOTE vote request: s2<-s3#0:OK-t0. Peer's state: s3@group-B3A6F468776F:t0, leader=null, voted=, raftlog=Memoized:s3@group-B3A6F468776F-SegmentedRaftLog:OPENED:c-1, conf=-1: peers:[s3|rpc:0.0.0.0:36829|dataStream:|priority:0|startupRole:FOLLOWER, s4|rpc:0.0.0.0:45719|dataStream:|priority:0|startupRole:FOLLOWER, s0|rpc:0.0.0.0:46813|dataStream:|priority:0|startupRole:FOLLOWER, s1|rpc:0.0.0.0:37301|dataStream:|priority:0|startupRole:FOLLOWER, s2|rpc:0.0.0.0:46017|dataStream:|priority:0|startupRole:FOLLOWER]|listeners:[], old=null
2023-08-28 07:17:45,426 [nioEventLoopGroup-94-2] INFO  server.RaftServer$Division (RaftServerImpl.java:requestVote(1344)) - s4@group-B3A6F468776F: receive requestVote(ELECTION, s2, group-B3A6F468776F, 1, (t:0, i:0))
2023-08-28 07:17:45,426 [nioEventLoopGroup-94-2] INFO  impl.VoteContext (VoteContext.java:log(49)) - s4@group-B3A6F468776F-FOLLOWER: accept ELECTION from s2: our priority 0 <= candidate's priority 0
2023-08-28 07:17:45,426 [nioEventLoopGroup-94-2] INFO  server.RaftServer$Division (RaftServerImpl.java:setRole(371)) - s4@group-B3A6F468776F: changes role from  FOLLOWER to FOLLOWER at term 1 for candidate:s2
2023-08-28 07:17:45,426 [nioEventLoopGroup-94-2] INFO  impl.RoleInfo (RoleInfo.java:shutdownFollowerState(109)) - s4: shutdown s4@group-B3A6F468776F-FollowerState
2023-08-28 07:17:45,426 [nioEventLoopGroup-94-2] INFO  impl.RoleInfo (RoleInfo.java:updateAndGet(138)) - s4: start s4@group-B3A6F468776F-FollowerState
2023-08-28 07:17:45,426 [s4@group-B3A6F468776F-FollowerState] INFO  impl.FollowerState (FollowerState.java:run(152)) - s4@group-B3A6F468776F-FollowerState was interrupted
2023-08-28 07:17:45,427 [nioEventLoopGroup-82-2] INFO  server.RaftServer$Division (RaftServerImpl.java:requestVote(1344)) - s0@group-B3A6F468776F: receive requestVote(ELECTION, s2, group-B3A6F468776F, 1, (t:0, i:0))
2023-08-28 07:17:45,427 [nioEventLoopGroup-82-2] INFO  impl.VoteContext (VoteContext.java:log(49)) - s0@group-B3A6F468776F-FOLLOWER: accept ELECTION from s2: our priority 0 <= candidate's priority 0
2023-08-28 07:17:45,427 [nioEventLoopGroup-82-2] INFO  server.RaftServer$Division (RaftServerImpl.java:setRole(371)) - s0@group-B3A6F468776F: changes role from  FOLLOWER to FOLLOWER at term 1 for candidate:s2
2023-08-28 07:17:45,427 [nioEventLoopGroup-82-2] INFO  impl.RoleInfo (RoleInfo.java:shutdownFollowerState(109)) - s0: shutdown s0@group-B3A6F468776F-FollowerState
2023-08-28 07:17:45,427 [nioEventLoopGroup-82-2] INFO  impl.RoleInfo (RoleInfo.java:updateAndGet(138)) - s0: start s0@group-B3A6F468776F-FollowerState
2023-08-28 07:17:45,427 [s0@group-B3A6F468776F-FollowerState] INFO  impl.FollowerState (FollowerState.java:run(152)) - s0@group-B3A6F468776F-FollowerState was interrupted
2023-08-28 07:17:45,429 [s2@group-B3A6F468776F-LeaderElection8] INFO  server.RaftServerConfigKeys (ConfUtils.java:logFallback(53)) - raft.server.rpc.first-election.timeout.min = 1500ms (fallback to raft.server.rpc.timeout.min)
2023-08-28 07:17:45,429 [s2@group-B3A6F468776F-LeaderElection8] INFO  server.RaftServerConfigKeys (ConfUtils.java:logFallback(53)) - raft.server.rpc.first-election.timeout.max = 2000ms (fallback to raft.server.rpc.timeout.max)
2023-08-28 07:17:45,429 [nioEventLoopGroup-82-2] INFO  server.RaftServer$Division (RaftServerImpl.java:setFirstElection(556)) - s0@group-B3A6F468776F: set firstElectionSinceStartup to false for candidate:s2
2023-08-28 07:17:45,430 [nioEventLoopGroup-94-2] INFO  server.RaftServer$Division (RaftServerImpl.java:setFirstElection(556)) - s4@group-B3A6F468776F: set firstElectionSinceStartup to false for candidate:s2
2023-08-28 07:17:45,430 [nioEventLoopGroup-82-2] INFO  server.RaftServer$Division (RaftServerImpl.java:requestVote(1377)) - s0@group-B3A6F468776F replies to ELECTION vote request: s2<-s0#0:OK-t1. Peer's state: s0@group-B3A6F468776F:t1, leader=null, voted=s2, raftlog=Memoized:s0@group-B3A6F468776F-SegmentedRaftLog:OPENED:c-1, conf=-1: peers:[s3|rpc:0.0.0.0:36829|dataStream:|priority:0|startupRole:FOLLOWER, s4|rpc:0.0.0.0:45719|dataStream:|priority:0|startupRole:FOLLOWER, s0|rpc:0.0.0.0:46813|dataStream:|priority:0|startupRole:FOLLOWER, s1|rpc:0.0.0.0:37301|dataStream:|priority:0|startupRole:FOLLOWER, s2|rpc:0.0.0.0:46017|dataStream:|priority:0|startupRole:FOLLOWER]|listeners:[], old=null
2023-08-28 07:17:45,431 [nioEventLoopGroup-91-2] INFO  server.RaftServer$Division (RaftServerImpl.java:requestVote(1344)) - s3@group-B3A6F468776F: receive requestVote(ELECTION, s2, group-B3A6F468776F, 1, (t:0, i:0))
2023-08-28 07:17:45,431 [nioEventLoopGroup-91-2] INFO  impl.VoteContext (VoteContext.java:log(49)) - s3@group-B3A6F468776F-FOLLOWER: accept ELECTION from s2: our priority 0 <= candidate's priority 0
2023-08-28 07:17:45,431 [nioEventLoopGroup-91-2] INFO  server.RaftServer$Division (RaftServerImpl.java:setRole(371)) - s3@group-B3A6F468776F: changes role from  FOLLOWER to FOLLOWER at term 1 for candidate:s2
2023-08-28 07:17:45,431 [nioEventLoopGroup-91-2] INFO  impl.RoleInfo (RoleInfo.java:shutdownFollowerState(109)) - s3: shutdown s3@group-B3A6F468776F-FollowerState
2023-08-28 07:17:45,431 [nioEventLoopGroup-91-2] INFO  impl.RoleInfo (RoleInfo.java:updateAndGet(138)) - s3: start s3@group-B3A6F468776F-FollowerState
2023-08-28 07:17:45,431 [nioEventLoopGroup-94-2] INFO  server.RaftServer$Division (RaftServerImpl.java:requestVote(1377)) - s4@group-B3A6F468776F replies to ELECTION vote request: s2<-s4#0:OK-t1. Peer's state: s4@group-B3A6F468776F:t1, leader=null, voted=s2, raftlog=Memoized:s4@group-B3A6F468776F-SegmentedRaftLog:OPENED:c-1, conf=-1: peers:[s3|rpc:0.0.0.0:36829|dataStream:|priority:0|startupRole:FOLLOWER, s4|rpc:0.0.0.0:45719|dataStream:|priority:0|startupRole:FOLLOWER, s0|rpc:0.0.0.0:46813|dataStream:|priority:0|startupRole:FOLLOWER, s1|rpc:0.0.0.0:37301|dataStream:|priority:0|startupRole:FOLLOWER, s2|rpc:0.0.0.0:46017|dataStream:|priority:0|startupRole:FOLLOWER]|listeners:[], old=null
2023-08-28 07:17:45,431 [s3@group-B3A6F468776F-FollowerState] INFO  impl.FollowerState (FollowerState.java:run(152)) - s3@group-B3A6F468776F-FollowerState was interrupted
2023-08-28 07:17:45,432 [s2@group-B3A6F468776F-LeaderElection8] INFO  impl.LeaderElection (LeaderElection.java:logAndReturn(89)) - s2@group-B3A6F468776F-LeaderElection8: ELECTION PASSED received 2 response(s) and 0 exception(s):
2023-08-28 07:17:45,432 [s2@group-B3A6F468776F-LeaderElection8] INFO  impl.LeaderElection (LeaderElection.java:logAndReturn(93)) -   Response 0: s2<-s4#0:OK-t1
2023-08-28 07:17:45,432 [s2@group-B3A6F468776F-LeaderElection8] INFO  impl.LeaderElection (LeaderElection.java:logAndReturn(93)) -   Response 1: s2<-s0#0:OK-t1
2023-08-28 07:17:45,432 [s2@group-B3A6F468776F-LeaderElection8] INFO  impl.LeaderElection (LeaderElection.java:askForVotes(322)) - s2@group-B3A6F468776F-LeaderElection8 ELECTION round 0: result PASSED
2023-08-28 07:17:45,432 [s2@group-B3A6F468776F-LeaderElection8] INFO  impl.RoleInfo (RoleInfo.java:shutdownLeaderElection(129)) - s2: shutdown s2@group-B3A6F468776F-LeaderElection8
2023-08-28 07:17:45,432 [s2@group-B3A6F468776F-LeaderElection8] INFO  server.RaftServer$Division (RaftServerImpl.java:setRole(371)) - s2@group-B3A6F468776F: changes role from CANDIDATE to LEADER at term 1 for changeToLeader
2023-08-28 07:17:45,432 [s2@group-B3A6F468776F-LeaderElection8] INFO  server.RaftServerConfigKeys (ConfUtils.java:logGet(46)) - raft.server.staging.catchup.gap = 1000 (default)
2023-08-28 07:17:45,432 [s2@group-B3A6F468776F-LeaderElection8] INFO  server.RaftServerConfigKeys (ConfUtils.java:logGet(46)) - raft.server.write.element-limit = 4096 (default)
2023-08-28 07:17:45,432 [s2@group-B3A6F468776F-LeaderElection8] INFO  server.RaftServerConfigKeys (ConfUtils.java:logGet(46)) - raft.server.write.byte-limit = 64MB (=67108864) (default)
2023-08-28 07:17:45,432 [s2@group-B3A6F468776F-LeaderElection8] INFO  server.RaftServerConfigKeys (ConfUtils.java:logGet(46)) - raft.server.watch.timeout = 10s (default)
2023-08-28 07:17:45,432 [s2@group-B3A6F468776F-LeaderElection8] INFO  server.RaftServerConfigKeys (ConfUtils.java:logGet(46)) - raft.server.watch.timeout.denomination = 1s (default)
2023-08-28 07:17:45,432 [s2@group-B3A6F468776F-LeaderElection8] INFO  server.RaftServerConfigKeys (ConfUtils.java:logGet(46)) - raft.server.watch.element-limit = 65536 (default)
2023-08-28 07:17:45,432 [s2@group-B3A6F468776F-LeaderElection8] INFO  server.RaftServerConfigKeys (ConfUtils.java:logGet(46)) - raft.server.write.element-limit = 4096 (default)
2023-08-28 07:17:45,432 [s2@group-B3A6F468776F-LeaderElection8] INFO  server.RaftServerConfigKeys (ConfUtils.java:logGet(46)) - raft.server.write.follower.gap.ratio.max = -1.0 (default)
2023-08-28 07:17:45,432 [s2@group-B3A6F468776F-LeaderElection8] INFO  server.RaftServerConfigKeys (ConfUtils.java:logGet(46)) - raft.server.log.appender.snapshot.chunk.size.max = 16MB (=16777216) (default)
2023-08-28 07:17:45,433 [s2@group-B3A6F468776F-LeaderElection8] INFO  server.RaftServerConfigKeys (ConfUtils.java:logGet(46)) - raft.server.log.appender.buffer.byte-limit = 4MB (=4194304) (default)
2023-08-28 07:17:45,433 [s2@group-B3A6F468776F-LeaderElection8] INFO  server.RaftServerConfigKeys (ConfUtils.java:logGet(46)) - raft.server.log.appender.buffer.element-limit = 0 (default)
2023-08-28 07:17:45,433 [s2@group-B3A6F468776F-LeaderElection8] INFO  server.RaftServerConfigKeys (ConfUtils.java:logGet(46)) - raft.server.log.appender.wait-time.min = 10ms (default)
2023-08-28 07:17:45,433 [s2@group-B3A6F468776F-LeaderElection8] INFO  server.RaftServerConfigKeys (ConfUtils.java:logGet(46)) - raft.server.log.appender.snapshot.chunk.size.max = 16MB (=16777216) (default)
2023-08-28 07:17:45,433 [s2@group-B3A6F468776F-LeaderElection8] INFO  server.RaftServerConfigKeys (ConfUtils.java:logGet(46)) - raft.server.log.appender.buffer.byte-limit = 4MB (=4194304) (default)
2023-08-28 07:17:45,433 [s2@group-B3A6F468776F-LeaderElection8] INFO  server.RaftServerConfigKeys (ConfUtils.java:logGet(46)) - raft.server.log.appender.buffer.element-limit = 0 (default)
2023-08-28 07:17:45,435 [nioEventLoopGroup-91-2] INFO  server.RaftServer$Division (RaftServerImpl.java:setFirstElection(556)) - s3@group-B3A6F468776F: set firstElectionSinceStartup to false for candidate:s2
2023-08-28 07:17:45,439 [s2@group-B3A6F468776F-LeaderElection8] INFO  server.RaftServerConfigKeys (ConfUtils.java:logGet(46)) - raft.server.log.appender.wait-time.min = 10ms (default)
2023-08-28 07:17:45,439 [s2@group-B3A6F468776F-LeaderElection8] INFO  server.RaftServerConfigKeys (ConfUtils.java:logGet(46)) - raft.server.log.appender.snapshot.chunk.size.max = 16MB (=16777216) (default)
2023-08-28 07:17:45,439 [s2@group-B3A6F468776F-LeaderElection8] INFO  server.RaftServerConfigKeys (ConfUtils.java:logGet(46)) - raft.server.log.appender.buffer.byte-limit = 4MB (=4194304) (default)
2023-08-28 07:17:45,439 [s2@group-B3A6F468776F-LeaderElection8] INFO  server.RaftServerConfigKeys (ConfUtils.java:logGet(46)) - raft.server.log.appender.buffer.element-limit = 0 (default)
2023-08-28 07:17:45,439 [s2@group-B3A6F468776F-LeaderElection8] INFO  server.RaftServerConfigKeys (ConfUtils.java:logGet(46)) - raft.server.log.appender.wait-time.min = 10ms (default)
2023-08-28 07:17:45,440 [s2@group-B3A6F468776F-LeaderElection8] INFO  server.RaftServerConfigKeys (ConfUtils.java:logGet(46)) - raft.server.log.appender.snapshot.chunk.size.max = 16MB (=16777216) (default)
2023-08-28 07:17:45,440 [s2@group-B3A6F468776F-LeaderElection8] INFO  server.RaftServerConfigKeys (ConfUtils.java:logGet(46)) - raft.server.log.appender.buffer.byte-limit = 4MB (=4194304) (default)
2023-08-28 07:17:45,440 [s2@group-B3A6F468776F-LeaderElection8] INFO  server.RaftServerConfigKeys (ConfUtils.java:logGet(46)) - raft.server.log.appender.buffer.element-limit = 0 (default)
2023-08-28 07:17:45,440 [s2@group-B3A6F468776F-LeaderElection8] INFO  server.RaftServerConfigKeys (ConfUtils.java:logGet(46)) - raft.server.log.appender.wait-time.min = 10ms (default)
2023-08-28 07:17:45,440 [s2@group-B3A6F468776F-LeaderElection8] INFO  impl.RoleInfo (RoleInfo.java:updateAndGet(138)) - s2: start s2@group-B3A6F468776F-LeaderStateImpl
2023-08-28 07:17:45,440 [s2@group-B3A6F468776F-LeaderElection8] INFO  server.RaftServer$Division (RaftServerImpl.java:setFirstElection(556)) - s2@group-B3A6F468776F: set firstElectionSinceStartup to false for becomeLeader
2023-08-28 07:17:45,440 [s2@group-B3A6F468776F-LeaderElection8] INFO  server.RaftServer$Division (ServerState.java:setLeader(260)) - s2@group-B3A6F468776F: change Leader from null to s2 at term 1 for becomeLeader, leader elected after 1645ms
2023-08-28 07:17:45,440 [nioEventLoopGroup-91-2] INFO  server.RaftServer$Division (RaftServerImpl.java:requestVote(1377)) - s3@group-B3A6F468776F replies to ELECTION vote request: s2<-s3#0:OK-t1. Peer's state: s3@group-B3A6F468776F:t1, leader=null, voted=s2, raftlog=Memoized:s3@group-B3A6F468776F-SegmentedRaftLog:OPENED:c-1, conf=-1: peers:[s3|rpc:0.0.0.0:36829|dataStream:|priority:0|startupRole:FOLLOWER, s4|rpc:0.0.0.0:45719|dataStream:|priority:0|startupRole:FOLLOWER, s0|rpc:0.0.0.0:46813|dataStream:|priority:0|startupRole:FOLLOWER, s1|rpc:0.0.0.0:37301|dataStream:|priority:0|startupRole:FOLLOWER, s2|rpc:0.0.0.0:46017|dataStream:|priority:0|startupRole:FOLLOWER]|listeners:[], old=null
2023-08-28 07:17:45,440 [s2@group-B3A6F468776F-LeaderElection8] INFO  segmented.SegmentedRaftLogWorker (SegmentedRaftLogWorker.java:startLogSegment(427)) - s2@group-B3A6F468776F-SegmentedRaftLogWorker: Starting segment from index:0
2023-08-28 07:17:45,440 [nioEventLoopGroup-85-2] INFO  server.RaftServer$Division (RaftServerImpl.java:requestVote(1344)) - s1@group-B3A6F468776F: receive requestVote(PRE_VOTE, s2, group-B3A6F468776F, 0, (t:0, i:0))
2023-08-28 07:17:45,440 [nioEventLoopGroup-85-2] INFO  impl.VoteContext (VoteContext.java:log(49)) - s1@group-B3A6F468776F-FOLLOWER: accept PRE_VOTE from s2: our priority 0 <= candidate's priority 0
2023-08-28 07:17:45,441 [nioEventLoopGroup-85-2] INFO  server.RaftServer$Division (RaftServerImpl.java:requestVote(1377)) - s1@group-B3A6F468776F replies to PRE_VOTE vote request: s2<-s1#0:OK-t0. Peer's state: s1@group-B3A6F468776F:t0, leader=null, voted=, raftlog=Memoized:s1@group-B3A6F468776F-SegmentedRaftLog:OPENED:c-1, conf=-1: peers:[s3|rpc:0.0.0.0:36829|dataStream:|priority:0|startupRole:FOLLOWER, s4|rpc:0.0.0.0:45719|dataStream:|priority:0|startupRole:FOLLOWER, s0|rpc:0.0.0.0:46813|dataStream:|priority:0|startupRole:FOLLOWER, s1|rpc:0.0.0.0:37301|dataStream:|priority:0|startupRole:FOLLOWER, s2|rpc:0.0.0.0:46017|dataStream:|priority:0|startupRole:FOLLOWER]|listeners:[], old=null
2023-08-28 07:17:45,441 [nioEventLoopGroup-85-2] INFO  server.RaftServer$Division (RaftServerImpl.java:requestVote(1344)) - s1@group-B3A6F468776F: receive requestVote(ELECTION, s2, group-B3A6F468776F, 1, (t:0, i:0))
2023-08-28 07:17:45,441 [nioEventLoopGroup-85-2] INFO  impl.VoteContext (VoteContext.java:log(49)) - s1@group-B3A6F468776F-FOLLOWER: accept ELECTION from s2: our priority 0 <= candidate's priority 0
2023-08-28 07:17:45,441 [nioEventLoopGroup-85-2] INFO  server.RaftServer$Division (RaftServerImpl.java:setRole(371)) - s1@group-B3A6F468776F: changes role from  FOLLOWER to FOLLOWER at term 1 for candidate:s2
2023-08-28 07:17:45,441 [nioEventLoopGroup-85-2] INFO  impl.RoleInfo (RoleInfo.java:shutdownFollowerState(109)) - s1: shutdown s1@group-B3A6F468776F-FollowerState
2023-08-28 07:17:45,441 [s1@group-B3A6F468776F-FollowerState] INFO  impl.FollowerState (FollowerState.java:run(152)) - s1@group-B3A6F468776F-FollowerState was interrupted
2023-08-28 07:17:45,441 [nioEventLoopGroup-85-2] INFO  impl.RoleInfo (RoleInfo.java:updateAndGet(138)) - s1: start s1@group-B3A6F468776F-FollowerState
2023-08-28 07:17:45,449 [nioEventLoopGroup-91-2] INFO  server.RaftServer$Division (ServerState.java:setLeader(260)) - s3@group-B3A6F468776F: change Leader from null to s2 at term 1 for appendEntries, leader elected after 1603ms
2023-08-28 07:17:45,449 [nioEventLoopGroup-85-2] INFO  server.RaftServer$Division (RaftServerImpl.java:setFirstElection(556)) - s1@group-B3A6F468776F: set firstElectionSinceStartup to false for candidate:s2
2023-08-28 07:17:45,454 [s2@group-B3A6F468776F-SegmentedRaftLogWorker] INFO  segmented.SegmentedRaftLogWorker (SegmentedRaftLogWorker.java:execute(631)) - s2@group-B3A6F468776F-SegmentedRaftLogWorker: created new log segment /home/runner/work/ratis/ratis/ratis-test/target/test/data/c5bbf9cd/MiniRaftClusterWithNetty9d0d4a8/s2/5e606870-d977-484e-8788-b3a6f468776f/current/log_inprogress_0
2023-08-28 07:17:45,454 [nioEventLoopGroup-85-2] INFO  server.RaftServer$Division (RaftServerImpl.java:requestVote(1377)) - s1@group-B3A6F468776F replies to ELECTION vote request: s2<-s1#0:OK-t1. Peer's state: s1@group-B3A6F468776F:t1, leader=null, voted=s2, raftlog=Memoized:s1@group-B3A6F468776F-SegmentedRaftLog:OPENED:c-1, conf=-1: peers:[s3|rpc:0.0.0.0:36829|dataStream:|priority:0|startupRole:FOLLOWER, s4|rpc:0.0.0.0:45719|dataStream:|priority:0|startupRole:FOLLOWER, s0|rpc:0.0.0.0:46813|dataStream:|priority:0|startupRole:FOLLOWER, s1|rpc:0.0.0.0:37301|dataStream:|priority:0|startupRole:FOLLOWER, s2|rpc:0.0.0.0:46017|dataStream:|priority:0|startupRole:FOLLOWER]|listeners:[], old=null
2023-08-28 07:17:45,460 [s2@group-B3A6F468776F-LeaderElection8] INFO  server.RaftServer$Division (ServerState.java:setRaftConf(377)) - s2@group-B3A6F468776F: set configuration 0: peers:[s3|rpc:0.0.0.0:36829|dataStream:|priority:0|startupRole:FOLLOWER, s4|rpc:0.0.0.0:45719|dataStream:|priority:0|startupRole:FOLLOWER, s0|rpc:0.0.0.0:46813|dataStream:|priority:0|startupRole:FOLLOWER, s1|rpc:0.0.0.0:37301|dataStream:|priority:0|startupRole:FOLLOWER, s2|rpc:0.0.0.0:46017|dataStream:|priority:0|startupRole:FOLLOWER]|listeners:[], old=null
2023-08-28 07:17:45,460 [nioEventLoopGroup-82-2] INFO  server.RaftServer$Division (ServerState.java:setLeader(260)) - s0@group-B3A6F468776F: change Leader from null to s2 at term 1 for appendEntries, leader elected after 1779ms
2023-08-28 07:17:45,461 [nioEventLoopGroup-85-2] INFO  server.RaftServer$Division (ServerState.java:setLeader(260)) - s1@group-B3A6F468776F: change Leader from null to s2 at term 1 for appendEntries, leader elected after 1727ms
2023-08-28 07:17:45,463 [nioEventLoopGroup-94-2] INFO  server.RaftServer$Division (ServerState.java:setLeader(260)) - s4@group-B3A6F468776F: change Leader from null to s2 at term 1 for appendEntries, leader elected after 1597ms
2023-08-28 07:17:45,464 [nioEventLoopGroup-82-2] DEBUG server.RaftServer$Division (RaftServerImpl.java:logAppendEntries(1471)) - s0@group-B3A6F468776F: receive appendEntries(s2, 1, null, -1, true, commits:[s2:c-1, s3:c-1, s4:c-1, s0:c-1, s1:c-1], cId:137, entries: [(t:1, i:0), CONFIGURATIONENTRY(current:id: "s3"
address: "0.0.0.0:36829"
clientAddress: "0.0.0.0:36829"
adminAddress: "0.0.0.0:36829"
startupRole: FOLLOWER
,id: "s4"
address: "0.0.0.0:45719"
clientAddress: "0.0.0.0:45719"
adminAddress: "0.0.0.0:45719"
startupRole: FOLLOWER
,id: "s0"
address: "0.0.0.0:46813"
clientAddress: "0.0.0.0:46813"
adminAddress: "0.0.0.0:46813"
startupRole: FOLLOWER
,id: "s1"
address: "0.0.0.0:37301"
clientAddress: "0.0.0.0:37301"
adminAddress: "0.0.0.0:37301"
startupRole: FOLLOWER
,id: "s2"
address: "0.0.0.0:46017"
clientAddress: "0.0.0.0:46017"
adminAddress: "0.0.0.0:46017"
startupRole: FOLLOWER
, old:)]
2023-08-28 07:17:45,466 [nioEventLoopGroup-82-2] INFO  server.RaftServer$Division (ServerState.java:setRaftConf(377)) - s0@group-B3A6F468776F: set configuration 0: peers:[s3|rpc:0.0.0.0:36829|dataStream:|priority:0|startupRole:FOLLOWER, s4|rpc:0.0.0.0:45719|dataStream:|priority:0|startupRole:FOLLOWER, s0|rpc:0.0.0.0:46813|dataStream:|priority:0|startupRole:FOLLOWER, s1|rpc:0.0.0.0:37301|dataStream:|priority:0|startupRole:FOLLOWER, s2|rpc:0.0.0.0:46017|dataStream:|priority:0|startupRole:FOLLOWER]|listeners:[], old=null
2023-08-28 07:17:45,466 [nioEventLoopGroup-82-2] INFO  segmented.SegmentedRaftLogWorker (SegmentedRaftLogWorker.java:startLogSegment(427)) - s0@group-B3A6F468776F-SegmentedRaftLogWorker: Starting segment from index:0
2023-08-28 07:17:45,467 [nioEventLoopGroup-91-2] DEBUG server.RaftServer$Division (RaftServerImpl.java:logAppendEntries(1471)) - s3@group-B3A6F468776F: receive appendEntries(s2, 1, null, -1, true, commits:[s2:c-1, s3:c-1, s4:c-1, s0:c-1, s1:c-1], cId:139, entries: [(t:1, i:0), CONFIGURATIONENTRY(current:id: "s3"
address: "0.0.0.0:36829"
clientAddress: "0.0.0.0:36829"
adminAddress: "0.0.0.0:36829"
startupRole: FOLLOWER
,id: "s4"
address: "0.0.0.0:45719"
clientAddress: "0.0.0.0:45719"
adminAddress: "0.0.0.0:45719"
startupRole: FOLLOWER
,id: "s0"
address: "0.0.0.0:46813"
clientAddress: "0.0.0.0:46813"
adminAddress: "0.0.0.0:46813"
startupRole: FOLLOWER
,id: "s1"
address: "0.0.0.0:37301"
clientAddress: "0.0.0.0:37301"
adminAddress: "0.0.0.0:37301"
startupRole: FOLLOWER
,id: "s2"
address: "0.0.0.0:46017"
clientAddress: "0.0.0.0:46017"
adminAddress: "0.0.0.0:46017"
startupRole: FOLLOWER
, old:)]
2023-08-28 07:17:45,470 [nioEventLoopGroup-91-2] INFO  server.RaftServer$Division (ServerState.java:setRaftConf(377)) - s3@group-B3A6F468776F: set configuration 0: peers:[s3|rpc:0.0.0.0:36829|dataStream:|priority:0|startupRole:FOLLOWER, s4|rpc:0.0.0.0:45719|dataStream:|priority:0|startupRole:FOLLOWER, s0|rpc:0.0.0.0:46813|dataStream:|priority:0|startupRole:FOLLOWER, s1|rpc:0.0.0.0:37301|dataStream:|priority:0|startupRole:FOLLOWER, s2|rpc:0.0.0.0:46017|dataStream:|priority:0|startupRole:FOLLOWER]|listeners:[], old=null
2023-08-28 07:17:45,470 [nioEventLoopGroup-91-2] INFO  segmented.SegmentedRaftLogWorker (SegmentedRaftLogWorker.java:startLogSegment(427)) - s3@group-B3A6F468776F-SegmentedRaftLogWorker: Starting segment from index:0
2023-08-28 07:17:45,475 [nioEventLoopGroup-94-2] DEBUG server.RaftServer$Division (RaftServerImpl.java:logAppendEntries(1471)) - s4@group-B3A6F468776F: receive appendEntries(s2, 1, null, -1, true, commits:[s2:c-1, s3:c-1, s4:c-1, s0:c-1, s1:c-1], cId:140, entries: [(t:1, i:0), CONFIGURATIONENTRY(current:id: "s3"
address: "0.0.0.0:36829"
clientAddress: "0.0.0.0:36829"
adminAddress: "0.0.0.0:36829"
startupRole: FOLLOWER
,id: "s4"
address: "0.0.0.0:45719"
clientAddress: "0.0.0.0:45719"
adminAddress: "0.0.0.0:45719"
startupRole: FOLLOWER
,id: "s0"
address: "0.0.0.0:46813"
clientAddress: "0.0.0.0:46813"
adminAddress: "0.0.0.0:46813"
startupRole: FOLLOWER
,id: "s1"
address: "0.0.0.0:37301"
clientAddress: "0.0.0.0:37301"
adminAddress: "0.0.0.0:37301"
startupRole: FOLLOWER
,id: "s2"
address: "0.0.0.0:46017"
clientAddress: "0.0.0.0:46017"
adminAddress: "0.0.0.0:46017"
startupRole: FOLLOWER
, old:)]
2023-08-28 07:17:45,475 [nioEventLoopGroup-94-2] INFO  server.RaftServer$Division (ServerState.java:setRaftConf(377)) - s4@group-B3A6F468776F: set configuration 0: peers:[s3|rpc:0.0.0.0:36829|dataStream:|priority:0|startupRole:FOLLOWER, s4|rpc:0.0.0.0:45719|dataStream:|priority:0|startupRole:FOLLOWER, s0|rpc:0.0.0.0:46813|dataStream:|priority:0|startupRole:FOLLOWER, s1|rpc:0.0.0.0:37301|dataStream:|priority:0|startupRole:FOLLOWER, s2|rpc:0.0.0.0:46017|dataStream:|priority:0|startupRole:FOLLOWER]|listeners:[], old=null
2023-08-28 07:17:45,475 [nioEventLoopGroup-94-2] INFO  segmented.SegmentedRaftLogWorker (SegmentedRaftLogWorker.java:startLogSegment(427)) - s4@group-B3A6F468776F-SegmentedRaftLogWorker: Starting segment from index:0
2023-08-28 07:17:45,477 [nioEventLoopGroup-85-2] DEBUG server.RaftServer$Division (RaftServerImpl.java:logAppendEntries(1471)) - s1@group-B3A6F468776F: receive appendEntries(s2, 1, null, -1, true, commits:[s2:c-1, s3:c-1, s4:c-1, s0:c-1, s1:c-1], cId:141, entries: [(t:1, i:0), CONFIGURATIONENTRY(current:id: "s3"
address: "0.0.0.0:36829"
clientAddress: "0.0.0.0:36829"
adminAddress: "0.0.0.0:36829"
startupRole: FOLLOWER
,id: "s4"
address: "0.0.0.0:45719"
clientAddress: "0.0.0.0:45719"
adminAddress: "0.0.0.0:45719"
startupRole: FOLLOWER
,id: "s0"
address: "0.0.0.0:46813"
clientAddress: "0.0.0.0:46813"
adminAddress: "0.0.0.0:46813"
startupRole: FOLLOWER
,id: "s1"
address: "0.0.0.0:37301"
clientAddress: "0.0.0.0:37301"
adminAddress: "0.0.0.0:37301"
startupRole: FOLLOWER
,id: "s2"
address: "0.0.0.0:46017"
clientAddress: "0.0.0.0:46017"
adminAddress: "0.0.0.0:46017"
startupRole: FOLLOWER
, old:)]
2023-08-28 07:17:45,477 [nioEventLoopGroup-85-2] INFO  server.RaftServer$Division (ServerState.java:setRaftConf(377)) - s1@group-B3A6F468776F: set configuration 0: peers:[s3|rpc:0.0.0.0:36829|dataStream:|priority:0|startupRole:FOLLOWER, s4|rpc:0.0.0.0:45719|dataStream:|priority:0|startupRole:FOLLOWER, s0|rpc:0.0.0.0:46813|dataStream:|priority:0|startupRole:FOLLOWER, s1|rpc:0.0.0.0:37301|dataStream:|priority:0|startupRole:FOLLOWER, s2|rpc:0.0.0.0:46017|dataStream:|priority:0|startupRole:FOLLOWER]|listeners:[], old=null
2023-08-28 07:17:45,477 [nioEventLoopGroup-85-2] INFO  segmented.SegmentedRaftLogWorker (SegmentedRaftLogWorker.java:startLogSegment(427)) - s1@group-B3A6F468776F-SegmentedRaftLogWorker: Starting segment from index:0
2023-08-28 07:17:45,482 [s0@group-B3A6F468776F-SegmentedRaftLogWorker] INFO  segmented.SegmentedRaftLogWorker (SegmentedRaftLogWorker.java:execute(631)) - s0@group-B3A6F468776F-SegmentedRaftLogWorker: created new log segment /home/runner/work/ratis/ratis/ratis-test/target/test/data/c5bbf9cd/MiniRaftClusterWithNetty9d0d4a8/s0/5e606870-d977-484e-8788-b3a6f468776f/current/log_inprogress_0
2023-08-28 07:17:45,489 [s3@group-B3A6F468776F-SegmentedRaftLogWorker] INFO  segmented.SegmentedRaftLogWorker (SegmentedRaftLogWorker.java:execute(631)) - s3@group-B3A6F468776F-SegmentedRaftLogWorker: created new log segment /home/runner/work/ratis/ratis/ratis-test/target/test/data/c5bbf9cd/MiniRaftClusterWithNetty9d0d4a8/s3/5e606870-d977-484e-8788-b3a6f468776f/current/log_inprogress_0
2023-08-28 07:17:45,490 [s0-server-thread1] DEBUG server.RaftServer$Division (RaftServerImpl.java:logAppendEntries(1471)) - s0@group-B3A6F468776F: succeeded to handle AppendEntries. Reply: s2<-s0#137:OK-t1,SUCCESS,nextIndex=1,followerCommit=-1,matchIndex=0
2023-08-28 07:17:45,490 [s1@group-B3A6F468776F-SegmentedRaftLogWorker] INFO  segmented.SegmentedRaftLogWorker (SegmentedRaftLogWorker.java:execute(631)) - s1@group-B3A6F468776F-SegmentedRaftLogWorker: created new log segment /home/runner/work/ratis/ratis/ratis-test/target/test/data/c5bbf9cd/MiniRaftClusterWithNetty9d0d4a8/s1/5e606870-d977-484e-8788-b3a6f468776f/current/log_inprogress_0
2023-08-28 07:17:45,491 [s1-server-thread1] DEBUG server.RaftServer$Division (RaftServerImpl.java:logAppendEntries(1471)) - s1@group-B3A6F468776F: succeeded to handle AppendEntries. Reply: s2<-s1#141:OK-t1,SUCCESS,nextIndex=1,followerCommit=-1,matchIndex=0
2023-08-28 07:17:45,491 [s3-server-thread1] DEBUG server.RaftServer$Division (RaftServerImpl.java:logAppendEntries(1471)) - s3@group-B3A6F468776F: succeeded to handle AppendEntries. Reply: s2<-s3#139:OK-t1,SUCCESS,nextIndex=1,followerCommit=-1,matchIndex=0
2023-08-28 07:17:45,491 [s4@group-B3A6F468776F-SegmentedRaftLogWorker] INFO  segmented.SegmentedRaftLogWorker (SegmentedRaftLogWorker.java:execute(631)) - s4@group-B3A6F468776F-SegmentedRaftLogWorker: created new log segment /home/runner/work/ratis/ratis/ratis-test/target/test/data/c5bbf9cd/MiniRaftClusterWithNetty9d0d4a8/s4/5e606870-d977-484e-8788-b3a6f468776f/current/log_inprogress_0
2023-08-28 07:17:45,492 [s4-server-thread1] DEBUG server.RaftServer$Division (RaftServerImpl.java:logAppendEntries(1471)) - s4@group-B3A6F468776F: succeeded to handle AppendEntries. Reply: s2<-s4#140:OK-t1,SUCCESS,nextIndex=1,followerCommit=-1,matchIndex=0
2023-08-28 07:17:46,902 [Time-limited test] INFO  ratis.RaftTestUtil (RaftTestUtil.java:waitForLeader(119)) - printing group-B3A6F468776F
  s3:  RUNNING [
   FOLLOWER s3@group-B3A6F468776F:t1, leader=s2, voted=s2, raftlog=Memoized:s3@group-B3A6F468776F-SegmentedRaftLog:OPENED:c0, conf=0: peers:[s3|rpc:0.0.0.0:36829|dataStream:|priority:0|startupRole:FOLLOWER, s4|rpc:0.0.0.0:45719|dataStream:|priority:0|startupRole:FOLLOWER, s0|rpc:0.0.0.0:46813|dataStream:|priority:0|startupRole:FOLLOWER, s1|rpc:0.0.0.0:37301|dataStream:|priority:0|startupRole:FOLLOWER, s2|rpc:0.0.0.0:46017|dataStream:|priority:0|startupRole:FOLLOWER]|listeners:[], old=null RUNNING
   FOLLOWER s3@group-75AB5BF27CAD:t0, leader=null, voted=, raftlog=Memoized:s3@group-75AB5BF27CAD-SegmentedRaftLog:OPENED:c-1, conf=-1: peers:[]|listeners:[], old=null STARTING] size=2
  s4:  RUNNING [
   FOLLOWER s4@group-B3A6F468776F:t1, leader=s2, voted=s2, raftlog=Memoized:s4@group-B3A6F468776F-SegmentedRaftLog:OPENED:c0, conf=0: peers:[s3|rpc:0.0.0.0:36829|dataStream:|priority:0|startupRole:FOLLOWER, s4|rpc:0.0.0.0:45719|dataStream:|priority:0|startupRole:FOLLOWER, s0|rpc:0.0.0.0:46813|dataStream:|priority:0|startupRole:FOLLOWER, s1|rpc:0.0.0.0:37301|dataStream:|priority:0|startupRole:FOLLOWER, s2|rpc:0.0.0.0:46017|dataStream:|priority:0|startupRole:FOLLOWER]|listeners:[], old=null RUNNING
   FOLLOWER s4@group-75AB5BF27CAD:t0, leader=null, voted=, raftlog=Memoized:s4@group-75AB5BF27CAD-SegmentedRaftLog:OPENED:c-1, conf=-1: peers:[]|listeners:[], old=null STARTING] size=2
  s0:  RUNNING [
   FOLLOWER s0@group-B3A6F468776F:t1, leader=s2, voted=s2, raftlog=Memoized:s0@group-B3A6F468776F-SegmentedRaftLog:OPENED:c0, conf=0: peers:[s3|rpc:0.0.0.0:36829|dataStream:|priority:0|startupRole:FOLLOWER, s4|rpc:0.0.0.0:45719|dataStream:|priority:0|startupRole:FOLLOWER, s0|rpc:0.0.0.0:46813|dataStream:|priority:0|startupRole:FOLLOWER, s1|rpc:0.0.0.0:37301|dataStream:|priority:0|startupRole:FOLLOWER, s2|rpc:0.0.0.0:46017|dataStream:|priority:0|startupRole:FOLLOWER]|listeners:[], old=null RUNNING
   FOLLOWER s0@group-75AB5BF27CAD:t0, leader=null, voted=, raftlog=Memoized:s0@group-75AB5BF27CAD-SegmentedRaftLog:OPENED:c-1, conf=-1: peers:[]|listeners:[], old=null STARTING] size=2
  s1:  RUNNING [
   FOLLOWER s1@group-B3A6F468776F:t1, leader=s2, voted=s2, raftlog=Memoized:s1@group-B3A6F468776F-SegmentedRaftLog:OPENED:c0, conf=0: peers:[s3|rpc:0.0.0.0:36829|dataStream:|priority:0|startupRole:FOLLOWER, s4|rpc:0.0.0.0:45719|dataStream:|priority:0|startupRole:FOLLOWER, s0|rpc:0.0.0.0:46813|dataStream:|priority:0|startupRole:FOLLOWER, s1|rpc:0.0.0.0:37301|dataStream:|priority:0|startupRole:FOLLOWER, s2|rpc:0.0.0.0:46017|dataStream:|priority:0|startupRole:FOLLOWER]|listeners:[], old=null RUNNING
   FOLLOWER s1@group-75AB5BF27CAD:t0, leader=null, voted=, raftlog=Memoized:s1@group-75AB5BF27CAD-SegmentedRaftLog:OPENED:c-1, conf=-1: peers:[]|listeners:[], old=null STARTING] size=2
  s2:  RUNNING [
     LEADER s2@group-B3A6F468776F:t1, leader=s2, voted=s2, raftlog=Memoized:s2@group-B3A6F468776F-SegmentedRaftLog:OPENED:c0, conf=0: peers:[s3|rpc:0.0.0.0:36829|dataStream:|priority:0|startupRole:FOLLOWER, s4|rpc:0.0.0.0:45719|dataStream:|priority:0|startupRole:FOLLOWER, s0|rpc:0.0.0.0:46813|dataStream:|priority:0|startupRole:FOLLOWER, s1|rpc:0.0.0.0:37301|dataStream:|priority:0|startupRole:FOLLOWER, s2|rpc:0.0.0.0:46017|dataStream:|priority:0|startupRole:FOLLOWER]|listeners:[], old=null RUNNING
   FOLLOWER s2@group-75AB5BF27CAD:t0, leader=null, voted=, raftlog=Memoized:s2@group-75AB5BF27CAD-SegmentedRaftLog:OPENED:c-1, conf=-1: peers:[]|listeners:[], old=null STARTING] size=2
2023-08-28 07:17:46,903 [Time-limited test] INFO  impl.GroupManagementBaseTest (GroupManagementBaseTest.java:runMultiGroupTest(281)) - 1) starting group-C45DAFA80DA3:[s5|rpc:0.0.0.0:35717|priority:0|startupRole:FOLLOWER, s6|rpc:0.0.0.0:46025|priority:0|startupRole:FOLLOWER, s7|rpc:0.0.0.0:34047|priority:0|startupRole:FOLLOWER]
2023-08-28 07:17:46,903 [Time-limited test] DEBUG client.RaftClient (ConfUtils.java:logGet(46)) - raft.rpc.type = NETTY (custom)
2023-08-28 07:17:46,904 [nioEventLoopGroup-96-1] INFO  logging.LoggingHandler (AbstractInternalLogger.java:log(148)) - [id: 0x34e461c6, L:/0.0.0.0:35717] READ: [id: 0x77e14f40, L:/10.1.0.28:35717 - R:/10.1.0.28:43946]
2023-08-28 07:17:46,906 [nioEventLoopGroup-96-1] INFO  logging.LoggingHandler (AbstractInternalLogger.java:log(148)) - [id: 0x34e461c6, L:/0.0.0.0:35717] READ COMPLETE
2023-08-28 07:17:46,907 [s5-groupManagement] INFO  server.RaftServer$Division (RaftServerImpl.java:<init>(250)) - s5: new RaftServerImpl for group-C45DAFA80DA3:[s5|rpc:0.0.0.0:35717|dataStream:|priority:0|startupRole:FOLLOWER, s6|rpc:0.0.0.0:46025|dataStream:|priority:0|startupRole:FOLLOWER, s7|rpc:0.0.0.0:34047|dataStream:|priority:0|startupRole:FOLLOWER] with BaseStateMachine:uninitialized
2023-08-28 07:17:46,907 [s5-groupManagement] INFO  server.RaftServerConfigKeys (ConfUtils.java:logGet(46)) - raft.server.rpc.timeout.min = 1500ms (custom)
2023-08-28 07:17:46,907 [s5-groupManagement] INFO  server.RaftServerConfigKeys (ConfUtils.java:logGet(46)) - raft.server.rpc.timeout.max = 2000ms (custom)
2023-08-28 07:17:46,907 [s5-groupManagement] INFO  server.RaftServerConfigKeys (ConfUtils.java:logGet(46)) - raft.server.rpc.sleep.time = 25ms (default)
2023-08-28 07:17:46,908 [s5-groupManagement] INFO  server.RaftServerConfigKeys (ConfUtils.java:logGet(46)) - raft.server.rpc.slowness.timeout = 60s (default)
2023-08-28 07:17:46,908 [s5-groupManagement] INFO  server.RaftServerConfigKeys (ConfUtils.java:logGet(46)) - raft.server.leaderelection.leader.step-down.wait-time = 10s (default)
2023-08-28 07:17:46,908 [s5-groupManagement] INFO  server.RaftServerConfigKeys (ConfUtils.java:logGet(46)) - raft.server.sleep.deviation.threshold = 300ms (default)
2023-08-28 07:17:46,908 [s5-groupManagement] INFO  server.RaftServer$Division (ServerState.java:<init>(113)) - s5@group-C45DAFA80DA3: ConfigurationManager, init=-1: peers:[s5|rpc:0.0.0.0:35717|dataStream:|priority:0|startupRole:FOLLOWER, s6|rpc:0.0.0.0:46025|dataStream:|priority:0|startupRole:FOLLOWER, s7|rpc:0.0.0.0:34047|dataStream:|priority:0|startupRole:FOLLOWER]|listeners:[], old=null, confs=<EMPTY_MAP>
2023-08-28 07:17:46,908 [s5-groupManagement] INFO  server.RaftServerConfigKeys (ConfUtils.java:logGet(46)) - raft.server.notification.no-leader.timeout = 60s (default)
2023-08-28 07:17:46,908 [s5-groupManagement] INFO  server.RaftServerConfigKeys (ConfUtils.java:logGet(46)) - raft.server.read.timeout = 10s (default)
2023-08-28 07:17:46,908 [s5-groupManagement] INFO  server.RaftServerConfigKeys (ConfUtils.java:logGet(46)) - raft.server.retrycache.expirytime = 60s (default)
2023-08-28 07:17:46,908 [s5-groupManagement] INFO  server.RaftServerConfigKeys (ConfUtils.java:logGet(46)) - raft.server.retrycache.statistics.expirytime = 100μs (default)
2023-08-28 07:17:46,908 [s5-groupManagement] INFO  server.RaftServerConfigKeys (ConfUtils.java:logGet(46)) - raft.server.read.option = DEFAULT (default)
2023-08-28 07:17:46,908 [s5-groupManagement] INFO  server.RaftServerConfigKeys (ConfUtils.java:logGet(46)) - raft.server.rpc.request.timeout = 3000ms (default)
2023-08-28 07:17:46,908 [s5-groupManagement] INFO  server.RaftServerConfigKeys (ConfUtils.java:logGet(46)) - raft.server.log.appender.install.snapshot.enabled = true (default)
2023-08-28 07:17:46,908 [s5-groupManagement] INFO  server.RaftServerConfigKeys (ConfUtils.java:logGet(46)) - raft.server.threadpool.server.cached = true (default)
2023-08-28 07:17:46,908 [s5-groupManagement] INFO  server.RaftServerConfigKeys (ConfUtils.java:logGet(46)) - raft.server.threadpool.server.size = 0 (default)
2023-08-28 07:17:46,908 [s5-groupManagement] INFO  server.RaftServerConfigKeys (ConfUtils.java:logGet(46)) - raft.server.threadpool.client.cached = true (default)
2023-08-28 07:17:46,908 [s5-groupManagement] INFO  server.RaftServerConfigKeys (ConfUtils.java:logGet(46)) - raft.server.threadpool.client.size = 0 (default)
2023-08-28 07:17:46,909 [nioEventLoopGroup-97-1] INFO  server.RaftServer (RaftServerProxy.java:addNew(99)) - s5: addNew group-C45DAFA80DA3:[s5|rpc:0.0.0.0:35717|dataStream:|priority:0|startupRole:FOLLOWER, s6|rpc:0.0.0.0:46025|dataStream:|priority:0|startupRole:FOLLOWER, s7|rpc:0.0.0.0:34047|dataStream:|priority:0|startupRole:FOLLOWER] returns      null s5@group-C45DAFA80DA3:t0, leader=null, voted=null, raftlog=UNINITIALIZED, conf=-1: peers:[s5|rpc:0.0.0.0:35717|dataStream:|priority:0|startupRole:FOLLOWER, s6|rpc:0.0.0.0:46025|dataStream:|priority:0|startupRole:FOLLOWER, s7|rpc:0.0.0.0:34047|dataStream:|priority:0|startupRole:FOLLOWER]|listeners:[], old=null NEW
2023-08-28 07:17:46,909 [s5-groupManagement] DEBUG server.RaftServer (RaftServerProxy.java:lambda$groupAddAsync$11(505)) - s5: newImpl =      null s5@group-C45DAFA80DA3:t0, leader=null, voted=null, raftlog=UNINITIALIZED, conf=-1: peers:[s5|rpc:0.0.0.0:35717|dataStream:|priority:0|startupRole:FOLLOWER, s6|rpc:0.0.0.0:46025|dataStream:|priority:0|startupRole:FOLLOWER, s7|rpc:0.0.0.0:34047|dataStream:|priority:0|startupRole:FOLLOWER]|listeners:[], old=null NEW
2023-08-28 07:17:46,909 [s5-groupManagement] INFO  server.RaftServerConfigKeys (ConfUtils.java:logGet(46)) - raft.server.storage.free-space.min = 0MB (=0) (default)
2023-08-28 07:17:46,909 [s5-groupManagement] INFO  server.RaftServerConfigKeys (ConfUtils.java:logGet(46)) - raft.server.log.corruption.policy = EXCEPTION (default)
2023-08-28 07:17:46,909 [s5-groupManagement] INFO  server.RaftServerConfigKeys (ConfUtils.java:logGet(46)) - raft.server.storage.dir = [/home/runner/work/ratis/ratis/ratis-test/target/test/data/c5bbf9cd/MiniRaftClusterWithNetty9d0d4a8/s5] (custom)
2023-08-28 07:17:46,909 [s5-groupManagement] INFO  storage.RaftStorageDirectory (RaftStorageDirectoryImpl.java:analyzeStorage(138)) - The storage directory /home/runner/work/ratis/ratis/ratis-test/target/test/data/c5bbf9cd/MiniRaftClusterWithNetty9d0d4a8/s5/3dd27d85-9dff-436e-ab57-c45dafa80da3 does not exist. Creating ...
2023-08-28 07:17:46,909 [s5-groupManagement] TRACE util.FileUtils (LogUtils.java:runAndLog(49)) - Successfully ran Files.createDirectories /home/runner/work/ratis/ratis/ratis-test/target/test/data/c5bbf9cd/MiniRaftClusterWithNetty9d0d4a8/s5/3dd27d85-9dff-436e-ab57-c45dafa80da3
2023-08-28 07:17:46,910 [s5-groupManagement] INFO  storage.RaftStorageDirectory (RaftStorageDirectoryImpl.java:tryLock(232)) - Lock on /home/runner/work/ratis/ratis/ratis-test/target/test/data/c5bbf9cd/MiniRaftClusterWithNetty9d0d4a8/s5/3dd27d85-9dff-436e-ab57-c45dafa80da3/in_use.lock acquired by nodename 7908@fv-az1033-516
2023-08-28 07:17:46,910 [s5-groupManagement] TRACE util.FileUtils (LogUtils.java:runAndLog(49)) - Successfully ran Files.createDirectories /home/runner/work/ratis/ratis/ratis-test/target/test/data/c5bbf9cd/MiniRaftClusterWithNetty9d0d4a8/s5/3dd27d85-9dff-436e-ab57-c45dafa80da3/current
2023-08-28 07:17:46,910 [s5-groupManagement] TRACE util.FileUtils (LogUtils.java:runAndLog(49)) - Successfully ran Files.createDirectories /home/runner/work/ratis/ratis/ratis-test/target/test/data/c5bbf9cd/MiniRaftClusterWithNetty9d0d4a8/s5/3dd27d85-9dff-436e-ab57-c45dafa80da3/sm
2023-08-28 07:17:46,912 [s5-groupManagement] INFO  storage.RaftStorage (RaftStorageImpl.java:format(97)) - Storage directory /home/runner/work/ratis/ratis/ratis-test/target/test/data/c5bbf9cd/MiniRaftClusterWithNetty9d0d4a8/s5/3dd27d85-9dff-436e-ab57-c45dafa80da3 has been successfully formatted.
2023-08-28 07:17:46,912 [s5-groupManagement] INFO  server.RaftServerConfigKeys (ConfUtils.java:logGet(46)) - raft.server.log.use.memory = false (default)
2023-08-28 07:17:46,912 [s5-groupManagement] INFO  server.RaftServerConfigKeys (ConfUtils.java:logGet(46)) - raft.server.log.purge.gap = 1024 (default)
2023-08-28 07:17:46,912 [s5-groupManagement] INFO  server.RaftServerConfigKeys (ConfUtils.java:logGet(46)) - raft.server.log.appender.buffer.byte-limit = 4MB (=4194304) (default)
2023-08-28 07:17:46,912 [s5-groupManagement] INFO  server.RaftServerConfigKeys (ConfUtils.java:logGet(46)) - raft.server.log.statemachine.data.read.timeout = 1000ms (default)
2023-08-28 07:17:46,912 [s5-groupManagement] INFO  server.RaftServerConfigKeys (ConfUtils.java:logGet(46)) - raft.server.log.purge.preservation.log.num = 0 (default)
2023-08-28 07:17:46,913 [s5-groupManagement] INFO  server.RaftServerConfigKeys (ConfUtils.java:logGet(46)) - raft.server.log.segment.size.max = 8MB (=8388608) (default)
2023-08-28 07:17:46,913 [s5-groupManagement] INFO  server.RaftServerConfigKeys (ConfUtils.java:logGet(46)) - raft.server.log.segment.cache.num.max = 6 (default)
2023-08-28 07:17:46,913 [s5-groupManagement] INFO  server.RaftServerConfigKeys (ConfUtils.java:logGet(46)) - raft.server.log.segment.cache.size.max = 200MB (=209715200) (default)
2023-08-28 07:17:46,913 [s5-groupManagement] INFO  server.RaftServerConfigKeys (ConfUtils.java:logGet(46)) - raft.server.log.appender.buffer.byte-limit = 4MB (=4194304) (default)
2023-08-28 07:17:46,913 [s5-groupManagement] INFO  segmented.SegmentedRaftLogWorker (SegmentedRaftLogWorker.java:<init>(183)) - new s5@group-C45DAFA80DA3-SegmentedRaftLogWorker for RaftStorageImpl:Storage Directory /home/runner/work/ratis/ratis/ratis-test/target/test/data/c5bbf9cd/MiniRaftClusterWithNetty9d0d4a8/s5/3dd27d85-9dff-436e-ab57-c45dafa80da3
2023-08-28 07:17:46,913 [s5-groupManagement] INFO  server.RaftServerConfigKeys (ConfUtils.java:logGet(46)) - raft.server.log.queue.byte-limit = 64MB (=67108864) (default)
2023-08-28 07:17:46,913 [s5-groupManagement] INFO  server.RaftServerConfigKeys (ConfUtils.java:logGet(46)) - raft.server.log.queue.element-limit = 4096 (default)
2023-08-28 07:17:46,914 [s5-groupManagement] INFO  server.RaftServerConfigKeys (ConfUtils.java:logGet(46)) - raft.server.log.segment.size.max = 8MB (=8388608) (default)
2023-08-28 07:17:46,914 [s5-groupManagement] INFO  server.RaftServerConfigKeys (ConfUtils.java:logGet(46)) - raft.server.log.preallocated.size = 4MB (=4194304) (default)
2023-08-28 07:17:46,914 [s5-groupManagement] INFO  server.RaftServerConfigKeys (ConfUtils.java:logGet(46)) - raft.server.log.force.sync.num = 128 (default)
2023-08-28 07:17:46,914 [s5-groupManagement] INFO  server.RaftServerConfigKeys (ConfUtils.java:logGet(46)) - raft.server.log.statemachine.data.sync = true (default)
2023-08-28 07:17:46,914 [s5-groupManagement] INFO  server.RaftServerConfigKeys (ConfUtils.java:logGet(46)) - raft.server.log.statemachine.data.sync.timeout = 10s (default)
2023-08-28 07:17:46,914 [s5-groupManagement] INFO  server.RaftServerConfigKeys (ConfUtils.java:logGet(46)) - raft.server.log.statemachine.data.sync.timeout.retry = -1 (default)
2023-08-28 07:17:46,914 [s5-groupManagement] INFO  server.RaftServerConfigKeys (ConfUtils.java:logGet(46)) - raft.server.log.write.buffer.size = 64KB (=65536) (default)
2023-08-28 07:17:46,914 [s5-groupManagement] INFO  server.RaftServerConfigKeys (ConfUtils.java:logGet(46)) - raft.server.log.appender.buffer.byte-limit = 4MB (=4194304) (default)
2023-08-28 07:17:46,917 [s5-groupManagement] INFO  server.RaftServerConfigKeys (ConfUtils.java:logGet(46)) - raft.server.log.unsafe-flush.enabled = false (default)
2023-08-28 07:17:46,917 [s5-groupManagement] INFO  server.RaftServerConfigKeys (ConfUtils.java:logGet(46)) - raft.server.log.async-flush.enabled = false (default)
2023-08-28 07:17:46,917 [s5-groupManagement] INFO  server.RaftServerConfigKeys (ConfUtils.java:logGet(46)) - raft.server.log.statemachine.data.caching.enabled = false (default)
2023-08-28 07:17:46,918 [s5-groupManagement] INFO  segmented.SegmentedRaftLogWorker (SegmentedRaftLogWorker.java:lambda$new$0(134)) - s5@group-C45DAFA80DA3-SegmentedRaftLogWorker: flushIndex: setUnconditionally 0 -> -1
2023-08-28 07:17:46,918 [s5-groupManagement] INFO  segmented.SegmentedRaftLogWorker (SegmentedRaftLogWorker.java:lambda$new$0(134)) - s5@group-C45DAFA80DA3-SegmentedRaftLogWorker: safeCacheEvictIndex: setUnconditionally 0 -> -1
2023-08-28 07:17:46,918 [s5-groupManagement] INFO  server.RaftServer$Division (RaftServerImpl.java:start(384)) - s5@group-C45DAFA80DA3: start as a follower, conf=-1: peers:[s5|rpc:0.0.0.0:35717|dataStream:|priority:0|startupRole:FOLLOWER, s6|rpc:0.0.0.0:46025|dataStream:|priority:0|startupRole:FOLLOWER, s7|rpc:0.0.0.0:34047|dataStream:|priority:0|startupRole:FOLLOWER]|listeners:[], old=null
2023-08-28 07:17:46,918 [s5-groupManagement] INFO  server.RaftServer$Division (RaftServerImpl.java:setRole(371)) - s5@group-C45DAFA80DA3: changes role from      null to FOLLOWER at term 0 for startAsFollower
2023-08-28 07:17:46,918 [s5-groupManagement] INFO  impl.RoleInfo (RoleInfo.java:updateAndGet(138)) - s5: start s5@group-C45DAFA80DA3-FollowerState
2023-08-28 07:17:46,930 [s5-groupManagement] INFO  util.JmxRegister (JmxRegister.java:tryRegister(44)) - Successfully registered JMX Bean with object name Ratis:service=RaftServer,group=group-C45DAFA80DA3,id=s5
2023-08-28 07:17:46,930 [s5-groupManagement] INFO  server.RaftServerConfigKeys (ConfUtils.java:logGet(46)) - raft.server.snapshot.trigger-when-stop.enabled = true (default)
2023-08-28 07:17:46,930 [s5-groupManagement] INFO  server.RaftServerConfigKeys (ConfUtils.java:logGet(46)) - raft.server.snapshot.auto.trigger.enabled = false (default)
2023-08-28 07:17:46,930 [s5-groupManagement] INFO  server.RaftServerConfigKeys (ConfUtils.java:logGet(46)) - raft.server.snapshot.retention.file.num = -1 (default)
2023-08-28 07:17:46,930 [s5-groupManagement] INFO  server.RaftServerConfigKeys (ConfUtils.java:logGet(46)) - raft.server.log.purge.upto.snapshot.index = false (default)
2023-08-28 07:17:46,930 [s5@group-C45DAFA80DA3-FollowerState] INFO  server.RaftServerConfigKeys (ConfUtils.java:logFallback(53)) - raft.server.rpc.first-election.timeout.min = 1500ms (fallback to raft.server.rpc.timeout.min)
2023-08-28 07:17:46,930 [s5@group-C45DAFA80DA3-FollowerState] INFO  server.RaftServerConfigKeys (ConfUtils.java:logFallback(53)) - raft.server.rpc.first-election.timeout.max = 2000ms (fallback to raft.server.rpc.timeout.max)
2023-08-28 07:17:46,948 [Time-limited test] DEBUG client.RaftClient (ConfUtils.java:logGet(46)) - raft.rpc.type = NETTY (custom)
2023-08-28 07:17:46,949 [nioEventLoopGroup-99-1] INFO  logging.LoggingHandler (AbstractInternalLogger.java:log(148)) - [id: 0x4c645ac6, L:/0.0.0.0:46025] READ: [id: 0x61601865, L:/10.1.0.28:46025 - R:/10.1.0.28:46582]
2023-08-28 07:17:46,949 [nioEventLoopGroup-99-1] INFO  logging.LoggingHandler (AbstractInternalLogger.java:log(148)) - [id: 0x4c645ac6, L:/0.0.0.0:46025] READ COMPLETE
2023-08-28 07:17:46,951 [s6-groupManagement] INFO  server.RaftServer$Division (RaftServerImpl.java:<init>(250)) - s6: new RaftServerImpl for group-C45DAFA80DA3:[s5|rpc:0.0.0.0:35717|dataStream:|priority:0|startupRole:FOLLOWER, s6|rpc:0.0.0.0:46025|dataStream:|priority:0|startupRole:FOLLOWER, s7|rpc:0.0.0.0:34047|dataStream:|priority:0|startupRole:FOLLOWER] with BaseStateMachine:uninitialized
2023-08-28 07:17:46,951 [s6-groupManagement] INFO  server.RaftServerConfigKeys (ConfUtils.java:logGet(46)) - raft.server.rpc.timeout.min = 1500ms (custom)
2023-08-28 07:17:46,951 [s6-groupManagement] INFO  server.RaftServerConfigKeys (ConfUtils.java:logGet(46)) - raft.server.rpc.timeout.max = 2000ms (custom)
2023-08-28 07:17:46,951 [s6-groupManagement] INFO  server.RaftServerConfigKeys (ConfUtils.java:logGet(46)) - raft.server.rpc.sleep.time = 25ms (default)
2023-08-28 07:17:46,951 [s6-groupManagement] INFO  server.RaftServerConfigKeys (ConfUtils.java:logGet(46)) - raft.server.rpc.slowness.timeout = 60s (default)
2023-08-28 07:17:46,951 [s6-groupManagement] INFO  server.RaftServerConfigKeys (ConfUtils.java:logGet(46)) - raft.server.leaderelection.leader.step-down.wait-time = 10s (default)
2023-08-28 07:17:46,951 [s6-groupManagement] INFO  server.RaftServerConfigKeys (ConfUtils.java:logGet(46)) - raft.server.sleep.deviation.threshold = 300ms (default)
2023-08-28 07:17:46,951 [s6-groupManagement] INFO  server.RaftServer$Division (ServerState.java:<init>(113)) - s6@group-C45DAFA80DA3: ConfigurationManager, init=-1: peers:[s5|rpc:0.0.0.0:35717|dataStream:|priority:0|startupRole:FOLLOWER, s6|rpc:0.0.0.0:46025|dataStream:|priority:0|startupRole:FOLLOWER, s7|rpc:0.0.0.0:34047|dataStream:|priority:0|startupRole:FOLLOWER]|listeners:[], old=null, confs=<EMPTY_MAP>
2023-08-28 07:17:46,951 [s6-groupManagement] INFO  server.RaftServerConfigKeys (ConfUtils.java:logGet(46)) - raft.server.notification.no-leader.timeout = 60s (default)
2023-08-28 07:17:46,951 [s6-groupManagement] INFO  server.RaftServerConfigKeys (ConfUtils.java:logGet(46)) - raft.server.read.timeout = 10s (default)
2023-08-28 07:17:46,951 [s6-groupManagement] INFO  server.RaftServerConfigKeys (ConfUtils.java:logGet(46)) - raft.server.retrycache.expirytime = 60s (default)
2023-08-28 07:17:46,951 [s6-groupManagement] INFO  server.RaftServerConfigKeys (ConfUtils.java:logGet(46)) - raft.server.retrycache.statistics.expirytime = 100μs (default)
2023-08-28 07:17:46,951 [s6-groupManagement] INFO  server.RaftServerConfigKeys (ConfUtils.java:logGet(46)) - raft.server.read.option = DEFAULT (default)
2023-08-28 07:17:46,952 [s6-groupManagement] INFO  server.RaftServerConfigKeys (ConfUtils.java:logGet(46)) - raft.server.rpc.request.timeout = 3000ms (default)
2023-08-28 07:17:46,952 [s6-groupManagement] INFO  server.RaftServerConfigKeys (ConfUtils.java:logGet(46)) - raft.server.log.appender.install.snapshot.enabled = true (default)
2023-08-28 07:17:46,952 [s6-groupManagement] INFO  server.RaftServerConfigKeys (ConfUtils.java:logGet(46)) - raft.server.threadpool.server.cached = true (default)
2023-08-28 07:17:46,952 [s6-groupManagement] INFO  server.RaftServerConfigKeys (ConfUtils.java:logGet(46)) - raft.server.threadpool.server.size = 0 (default)
2023-08-28 07:17:46,952 [s6-groupManagement] INFO  server.RaftServerConfigKeys (ConfUtils.java:logGet(46)) - raft.server.threadpool.client.cached = true (default)
2023-08-28 07:17:46,952 [s6-groupManagement] INFO  server.RaftServerConfigKeys (ConfUtils.java:logGet(46)) - raft.server.threadpool.client.size = 0 (default)
2023-08-28 07:17:46,952 [nioEventLoopGroup-100-1] INFO  server.RaftServer (RaftServerProxy.java:addNew(99)) - s6: addNew group-C45DAFA80DA3:[s5|rpc:0.0.0.0:35717|dataStream:|priority:0|startupRole:FOLLOWER, s6|rpc:0.0.0.0:46025|dataStream:|priority:0|startupRole:FOLLOWER, s7|rpc:0.0.0.0:34047|dataStream:|priority:0|startupRole:FOLLOWER] returns      null s6@group-C45DAFA80DA3:t0, leader=null, voted=null, raftlog=UNINITIALIZED, conf=-1: peers:[s5|rpc:0.0.0.0:35717|dataStream:|priority:0|startupRole:FOLLOWER, s6|rpc:0.0.0.0:46025|dataStream:|priority:0|startupRole:FOLLOWER, s7|rpc:0.0.0.0:34047|dataStream:|priority:0|startupRole:FOLLOWER]|listeners:[], old=null NEW
2023-08-28 07:17:46,952 [s6-groupManagement] DEBUG server.RaftServer (RaftServerProxy.java:lambda$groupAddAsync$11(505)) - s6: newImpl =      null s6@group-C45DAFA80DA3:t0, leader=null, voted=null, raftlog=UNINITIALIZED, conf=-1: peers:[s5|rpc:0.0.0.0:35717|dataStream:|priority:0|startupRole:FOLLOWER, s6|rpc:0.0.0.0:46025|dataStream:|priority:0|startupRole:FOLLOWER, s7|rpc:0.0.0.0:34047|dataStream:|priority:0|startupRole:FOLLOWER]|listeners:[], old=null NEW
2023-08-28 07:17:46,952 [s6-groupManagement] INFO  server.RaftServerConfigKeys (ConfUtils.java:logGet(46)) - raft.server.storage.free-space.min = 0MB (=0) (default)
2023-08-28 07:17:46,952 [s6-groupManagement] INFO  server.RaftServerConfigKeys (ConfUtils.java:logGet(46)) - raft.server.log.corruption.policy = EXCEPTION (default)
2023-08-28 07:17:46,952 [s6-groupManagement] INFO  server.RaftServerConfigKeys (ConfUtils.java:logGet(46)) - raft.server.storage.dir = [/home/runner/work/ratis/ratis/ratis-test/target/test/data/c5bbf9cd/MiniRaftClusterWithNetty9d0d4a8/s6] (custom)
2023-08-28 07:17:46,953 [s6-groupManagement] INFO  storage.RaftStorageDirectory (RaftStorageDirectoryImpl.java:analyzeStorage(138)) - The storage directory /home/runner/work/ratis/ratis/ratis-test/target/test/data/c5bbf9cd/MiniRaftClusterWithNetty9d0d4a8/s6/3dd27d85-9dff-436e-ab57-c45dafa80da3 does not exist. Creating ...
2023-08-28 07:17:46,953 [s6-groupManagement] TRACE util.FileUtils (LogUtils.java:runAndLog(49)) - Successfully ran Files.createDirectories /home/runner/work/ratis/ratis/ratis-test/target/test/data/c5bbf9cd/MiniRaftClusterWithNetty9d0d4a8/s6/3dd27d85-9dff-436e-ab57-c45dafa80da3
2023-08-28 07:17:46,954 [s6-groupManagement] INFO  storage.RaftStorageDirectory (RaftStorageDirectoryImpl.java:tryLock(232)) - Lock on /home/runner/work/ratis/ratis/ratis-test/target/test/data/c5bbf9cd/MiniRaftClusterWithNetty9d0d4a8/s6/3dd27d85-9dff-436e-ab57-c45dafa80da3/in_use.lock acquired by nodename 7908@fv-az1033-516
2023-08-28 07:17:46,954 [s6-groupManagement] TRACE util.FileUtils (LogUtils.java:runAndLog(49)) - Successfully ran Files.createDirectories /home/runner/work/ratis/ratis/ratis-test/target/test/data/c5bbf9cd/MiniRaftClusterWithNetty9d0d4a8/s6/3dd27d85-9dff-436e-ab57-c45dafa80da3/current
2023-08-28 07:17:46,954 [s6-groupManagement] TRACE util.FileUtils (LogUtils.java:runAndLog(49)) - Successfully ran Files.createDirectories /home/runner/work/ratis/ratis/ratis-test/target/test/data/c5bbf9cd/MiniRaftClusterWithNetty9d0d4a8/s6/3dd27d85-9dff-436e-ab57-c45dafa80da3/sm
2023-08-28 07:17:46,956 [s6-groupManagement] INFO  storage.RaftStorage (RaftStorageImpl.java:format(97)) - Storage directory /home/runner/work/ratis/ratis/ratis-test/target/test/data/c5bbf9cd/MiniRaftClusterWithNetty9d0d4a8/s6/3dd27d85-9dff-436e-ab57-c45dafa80da3 has been successfully formatted.
2023-08-28 07:17:46,956 [s6-groupManagement] INFO  server.RaftServerConfigKeys (ConfUtils.java:logGet(46)) - raft.server.log.use.memory = false (default)
2023-08-28 07:17:46,957 [s6-groupManagement] INFO  server.RaftServerConfigKeys (ConfUtils.java:logGet(46)) - raft.server.log.purge.gap = 1024 (default)
2023-08-28 07:17:46,957 [s6-groupManagement] INFO  server.RaftServerConfigKeys (ConfUtils.java:logGet(46)) - raft.server.log.appender.buffer.byte-limit = 4MB (=4194304) (default)
2023-08-28 07:17:46,957 [s6-groupManagement] INFO  server.RaftServerConfigKeys (ConfUtils.java:logGet(46)) - raft.server.log.statemachine.data.read.timeout = 1000ms (default)
2023-08-28 07:17:46,957 [s6-groupManagement] INFO  server.RaftServerConfigKeys (ConfUtils.java:logGet(46)) - raft.server.log.purge.preservation.log.num = 0 (default)
2023-08-28 07:17:46,957 [s6-groupManagement] INFO  server.RaftServerConfigKeys (ConfUtils.java:logGet(46)) - raft.server.log.segment.size.max = 8MB (=8388608) (default)
2023-08-28 07:17:46,957 [s6-groupManagement] INFO  server.RaftServerConfigKeys (ConfUtils.java:logGet(46)) - raft.server.log.segment.cache.num.max = 6 (default)
2023-08-28 07:17:46,957 [s6-groupManagement] INFO  server.RaftServerConfigKeys (ConfUtils.java:logGet(46)) - raft.server.log.segment.cache.size.max = 200MB (=209715200) (default)
2023-08-28 07:17:46,957 [s6-groupManagement] INFO  server.RaftServerConfigKeys (ConfUtils.java:logGet(46)) - raft.server.log.appender.buffer.byte-limit = 4MB (=4194304) (default)
2023-08-28 07:17:46,957 [s6-groupManagement] INFO  segmented.SegmentedRaftLogWorker (SegmentedRaftLogWorker.java:<init>(183)) - new s6@group-C45DAFA80DA3-SegmentedRaftLogWorker for RaftStorageImpl:Storage Directory /home/runner/work/ratis/ratis/ratis-test/target/test/data/c5bbf9cd/MiniRaftClusterWithNetty9d0d4a8/s6/3dd27d85-9dff-436e-ab57-c45dafa80da3
2023-08-28 07:17:46,957 [s6-groupManagement] INFO  server.RaftServerConfigKeys (ConfUtils.java:logGet(46)) - raft.server.log.queue.byte-limit = 64MB (=67108864) (default)
2023-08-28 07:17:46,957 [s6-groupManagement] INFO  server.RaftServerConfigKeys (ConfUtils.java:logGet(46)) - raft.server.log.queue.element-limit = 4096 (default)
2023-08-28 07:17:46,957 [s6-groupManagement] INFO  server.RaftServerConfigKeys (ConfUtils.java:logGet(46)) - raft.server.log.segment.size.max = 8MB (=8388608) (default)
2023-08-28 07:17:46,957 [s6-groupManagement] INFO  server.RaftServerConfigKeys (ConfUtils.java:logGet(46)) - raft.server.log.preallocated.size = 4MB (=4194304) (default)
2023-08-28 07:17:46,957 [s6-groupManagement] INFO  server.RaftServerConfigKeys (ConfUtils.java:logGet(46)) - raft.server.log.force.sync.num = 128 (default)
2023-08-28 07:17:46,957 [s6-groupManagement] INFO  server.RaftServerConfigKeys (ConfUtils.java:logGet(46)) - raft.server.log.statemachine.data.sync = true (default)
2023-08-28 07:17:46,957 [s6-groupManagement] INFO  server.RaftServerConfigKeys (ConfUtils.java:logGet(46)) - raft.server.log.statemachine.data.sync.timeout = 10s (default)
2023-08-28 07:17:46,957 [s6-groupManagement] INFO  server.RaftServerConfigKeys (ConfUtils.java:logGet(46)) - raft.server.log.statemachine.data.sync.timeout.retry = -1 (default)
2023-08-28 07:17:46,957 [s6-groupManagement] INFO  server.RaftServerConfigKeys (ConfUtils.java:logGet(46)) - raft.server.log.write.buffer.size = 64KB (=65536) (default)
2023-08-28 07:17:46,957 [s6-groupManagement] INFO  server.RaftServerConfigKeys (ConfUtils.java:logGet(46)) - raft.server.log.appender.buffer.byte-limit = 4MB (=4194304) (default)
2023-08-28 07:17:46,961 [s6-groupManagement] INFO  server.RaftServerConfigKeys (ConfUtils.java:logGet(46)) - raft.server.log.unsafe-flush.enabled = false (default)
2023-08-28 07:17:46,961 [s6-groupManagement] INFO  server.RaftServerConfigKeys (ConfUtils.java:logGet(46)) - raft.server.log.async-flush.enabled = false (default)
2023-08-28 07:17:46,961 [s6-groupManagement] INFO  server.RaftServerConfigKeys (ConfUtils.java:logGet(46)) - raft.server.log.statemachine.data.caching.enabled = false (default)
2023-08-28 07:17:46,962 [s6-groupManagement] INFO  segmented.SegmentedRaftLogWorker (SegmentedRaftLogWorker.java:lambda$new$0(134)) - s6@group-C45DAFA80DA3-SegmentedRaftLogWorker: flushIndex: setUnconditionally 0 -> -1
2023-08-28 07:17:46,962 [s6-groupManagement] INFO  segmented.SegmentedRaftLogWorker (SegmentedRaftLogWorker.java:lambda$new$0(134)) - s6@group-C45DAFA80DA3-SegmentedRaftLogWorker: safeCacheEvictIndex: setUnconditionally 0 -> -1
2023-08-28 07:17:46,966 [s6-groupManagement] INFO  server.RaftServer$Division (RaftServerImpl.java:start(384)) - s6@group-C45DAFA80DA3: start as a follower, conf=-1: peers:[s5|rpc:0.0.0.0:35717|dataStream:|priority:0|startupRole:FOLLOWER, s6|rpc:0.0.0.0:46025|dataStream:|priority:0|startupRole:FOLLOWER, s7|rpc:0.0.0.0:34047|dataStream:|priority:0|startupRole:FOLLOWER]|listeners:[], old=null
2023-08-28 07:17:46,966 [s6-groupManagement] INFO  server.RaftServer$Division (RaftServerImpl.java:setRole(371)) - s6@group-C45DAFA80DA3: changes role from      null to FOLLOWER at term 0 for startAsFollower
2023-08-28 07:17:46,966 [s6-groupManagement] INFO  impl.RoleInfo (RoleInfo.java:updateAndGet(138)) - s6: start s6@group-C45DAFA80DA3-FollowerState
2023-08-28 07:17:46,970 [s6-groupManagement] INFO  util.JmxRegister (JmxRegister.java:tryRegister(44)) - Successfully registered JMX Bean with object name Ratis:service=RaftServer,group=group-C45DAFA80DA3,id=s6
2023-08-28 07:17:46,970 [s6-groupManagement] INFO  server.RaftServerConfigKeys (ConfUtils.java:logGet(46)) - raft.server.snapshot.trigger-when-stop.enabled = true (default)
2023-08-28 07:17:46,970 [s6-groupManagement] INFO  server.RaftServerConfigKeys (ConfUtils.java:logGet(46)) - raft.server.snapshot.auto.trigger.enabled = false (default)
2023-08-28 07:17:46,970 [s6-groupManagement] INFO  server.RaftServerConfigKeys (ConfUtils.java:logGet(46)) - raft.server.snapshot.retention.file.num = -1 (default)
2023-08-28 07:17:46,970 [s6-groupManagement] INFO  server.RaftServerConfigKeys (ConfUtils.java:logGet(46)) - raft.server.log.purge.upto.snapshot.index = false (default)
2023-08-28 07:17:46,971 [s6@group-C45DAFA80DA3-FollowerState] INFO  server.RaftServerConfigKeys (ConfUtils.java:logFallback(53)) - raft.server.rpc.first-election.timeout.min = 1500ms (fallback to raft.server.rpc.timeout.min)
2023-08-28 07:17:46,971 [s6@group-C45DAFA80DA3-FollowerState] INFO  server.RaftServerConfigKeys (ConfUtils.java:logFallback(53)) - raft.server.rpc.first-election.timeout.max = 2000ms (fallback to raft.server.rpc.timeout.max)
2023-08-28 07:17:47,009 [Time-limited test] DEBUG client.RaftClient (ConfUtils.java:logGet(46)) - raft.rpc.type = NETTY (custom)
2023-08-28 07:17:47,010 [nioEventLoopGroup-101-1] INFO  logging.LoggingHandler (AbstractInternalLogger.java:log(148)) - [id: 0xaba520f8, L:/0.0.0.0:34047] READ: [id: 0x3aab3245, L:/10.1.0.28:34047 - R:/10.1.0.28:37776]
2023-08-28 07:17:47,011 [nioEventLoopGroup-101-1] INFO  logging.LoggingHandler (AbstractInternalLogger.java:log(148)) - [id: 0xaba520f8, L:/0.0.0.0:34047] READ COMPLETE
2023-08-28 07:17:47,013 [nioEventLoopGroup-102-1] INFO  server.RaftServer (RaftServerProxy.java:addNew(99)) - s7: addNew group-C45DAFA80DA3:[s5|rpc:0.0.0.0:35717|dataStream:|priority:0|startupRole:FOLLOWER, s6|rpc:0.0.0.0:46025|dataStream:|priority:0|startupRole:FOLLOWER, s7|rpc:0.0.0.0:34047|dataStream:|priority:0|startupRole:FOLLOWER] returns group-C45DAFA80DA3:java.util.concurrent.CompletableFuture@5cfdecaf[Not completed]
2023-08-28 07:17:47,013 [s7-groupManagement] INFO  server.RaftServer$Division (RaftServerImpl.java:<init>(250)) - s7: new RaftServerImpl for group-C45DAFA80DA3:[s5|rpc:0.0.0.0:35717|dataStream:|priority:0|startupRole:FOLLOWER, s6|rpc:0.0.0.0:46025|dataStream:|priority:0|startupRole:FOLLOWER, s7|rpc:0.0.0.0:34047|dataStream:|priority:0|startupRole:FOLLOWER] with BaseStateMachine:uninitialized
2023-08-28 07:17:47,013 [s7-groupManagement] INFO  server.RaftServerConfigKeys (ConfUtils.java:logGet(46)) - raft.server.rpc.timeout.min = 1500ms (custom)
2023-08-28 07:17:47,013 [s7-groupManagement] INFO  server.RaftServerConfigKeys (ConfUtils.java:logGet(46)) - raft.server.rpc.timeout.max = 2000ms (custom)
2023-08-28 07:17:47,013 [s7-groupManagement] INFO  server.RaftServerConfigKeys (ConfUtils.java:logGet(46)) - raft.server.rpc.sleep.time = 25ms (default)
2023-08-28 07:17:47,013 [s7-groupManagement] INFO  server.RaftServerConfigKeys (ConfUtils.java:logGet(46)) - raft.server.rpc.slowness.timeout = 60s (default)
2023-08-28 07:17:47,014 [s7-groupManagement] INFO  server.RaftServerConfigKeys (ConfUtils.java:logGet(46)) - raft.server.leaderelection.leader.step-down.wait-time = 10s (default)
2023-08-28 07:17:47,014 [s7-groupManagement] INFO  server.RaftServerConfigKeys (ConfUtils.java:logGet(46)) - raft.server.sleep.deviation.threshold = 300ms (default)
2023-08-28 07:17:47,014 [s7-groupManagement] INFO  server.RaftServer$Division (ServerState.java:<init>(113)) - s7@group-C45DAFA80DA3: ConfigurationManager, init=-1: peers:[s5|rpc:0.0.0.0:35717|dataStream:|priority:0|startupRole:FOLLOWER, s6|rpc:0.0.0.0:46025|dataStream:|priority:0|startupRole:FOLLOWER, s7|rpc:0.0.0.0:34047|dataStream:|priority:0|startupRole:FOLLOWER]|listeners:[], old=null, confs=<EMPTY_MAP>
2023-08-28 07:17:47,014 [s7-groupManagement] INFO  server.RaftServerConfigKeys (ConfUtils.java:logGet(46)) - raft.server.notification.no-leader.timeout = 60s (default)
2023-08-28 07:17:47,014 [s7-groupManagement] INFO  server.RaftServerConfigKeys (ConfUtils.java:logGet(46)) - raft.server.read.timeout = 10s (default)
2023-08-28 07:17:47,014 [s7-groupManagement] INFO  server.RaftServerConfigKeys (ConfUtils.java:logGet(46)) - raft.server.retrycache.expirytime = 60s (default)
2023-08-28 07:17:47,014 [s7-groupManagement] INFO  server.RaftServerConfigKeys (ConfUtils.java:logGet(46)) - raft.server.retrycache.statistics.expirytime = 100μs (default)
2023-08-28 07:17:47,014 [s7-groupManagement] INFO  server.RaftServerConfigKeys (ConfUtils.java:logGet(46)) - raft.server.read.option = DEFAULT (default)
2023-08-28 07:17:47,014 [s7-groupManagement] INFO  server.RaftServerConfigKeys (ConfUtils.java:logGet(46)) - raft.server.rpc.request.timeout = 3000ms (default)
2023-08-28 07:17:47,014 [s7-groupManagement] INFO  server.RaftServerConfigKeys (ConfUtils.java:logGet(46)) - raft.server.log.appender.install.snapshot.enabled = true (default)
2023-08-28 07:17:47,014 [s7-groupManagement] INFO  server.RaftServerConfigKeys (ConfUtils.java:logGet(46)) - raft.server.threadpool.server.cached = true (default)
2023-08-28 07:17:47,014 [s7-groupManagement] INFO  server.RaftServerConfigKeys (ConfUtils.java:logGet(46)) - raft.server.threadpool.server.size = 0 (default)
2023-08-28 07:17:47,014 [s7-groupManagement] INFO  server.RaftServerConfigKeys (ConfUtils.java:logGet(46)) - raft.server.threadpool.client.cached = true (default)
2023-08-28 07:17:47,014 [s7-groupManagement] INFO  server.RaftServerConfigKeys (ConfUtils.java:logGet(46)) - raft.server.threadpool.client.size = 0 (default)
2023-08-28 07:17:47,014 [s7-groupManagement] DEBUG server.RaftServer (RaftServerProxy.java:lambda$groupAddAsync$11(505)) - s7: newImpl =      null s7@group-C45DAFA80DA3:t0, leader=null, voted=null, raftlog=UNINITIALIZED, conf=-1: peers:[s5|rpc:0.0.0.0:35717|dataStream:|priority:0|startupRole:FOLLOWER, s6|rpc:0.0.0.0:46025|dataStream:|priority:0|startupRole:FOLLOWER, s7|rpc:0.0.0.0:34047|dataStream:|priority:0|startupRole:FOLLOWER]|listeners:[], old=null NEW
2023-08-28 07:17:47,015 [s7-groupManagement] INFO  server.RaftServerConfigKeys (ConfUtils.java:logGet(46)) - raft.server.storage.free-space.min = 0MB (=0) (default)
2023-08-28 07:17:47,015 [s7-groupManagement] INFO  server.RaftServerConfigKeys (ConfUtils.java:logGet(46)) - raft.server.log.corruption.policy = EXCEPTION (default)
2023-08-28 07:17:47,015 [s7-groupManagement] INFO  server.RaftServerConfigKeys (ConfUtils.java:logGet(46)) - raft.server.storage.dir = [/home/runner/work/ratis/ratis/ratis-test/target/test/data/c5bbf9cd/MiniRaftClusterWithNetty9d0d4a8/s7] (custom)
2023-08-28 07:17:47,015 [s7-groupManagement] INFO  storage.RaftStorageDirectory (RaftStorageDirectoryImpl.java:analyzeStorage(138)) - The storage directory /home/runner/work/ratis/ratis/ratis-test/target/test/data/c5bbf9cd/MiniRaftClusterWithNetty9d0d4a8/s7/3dd27d85-9dff-436e-ab57-c45dafa80da3 does not exist. Creating ...
2023-08-28 07:17:47,015 [s7-groupManagement] TRACE util.FileUtils (LogUtils.java:runAndLog(49)) - Successfully ran Files.createDirectories /home/runner/work/ratis/ratis/ratis-test/target/test/data/c5bbf9cd/MiniRaftClusterWithNetty9d0d4a8/s7/3dd27d85-9dff-436e-ab57-c45dafa80da3
2023-08-28 07:17:47,016 [s7-groupManagement] INFO  storage.RaftStorageDirectory (RaftStorageDirectoryImpl.java:tryLock(232)) - Lock on /home/runner/work/ratis/ratis/ratis-test/target/test/data/c5bbf9cd/MiniRaftClusterWithNetty9d0d4a8/s7/3dd27d85-9dff-436e-ab57-c45dafa80da3/in_use.lock acquired by nodename 7908@fv-az1033-516
2023-08-28 07:17:47,016 [s7-groupManagement] TRACE util.FileUtils (LogUtils.java:runAndLog(49)) - Successfully ran Files.createDirectories /home/runner/work/ratis/ratis/ratis-test/target/test/data/c5bbf9cd/MiniRaftClusterWithNetty9d0d4a8/s7/3dd27d85-9dff-436e-ab57-c45dafa80da3/current
2023-08-28 07:17:47,016 [s7-groupManagement] TRACE util.FileUtils (LogUtils.java:runAndLog(49)) - Successfully ran Files.createDirectories /home/runner/work/ratis/ratis/ratis-test/target/test/data/c5bbf9cd/MiniRaftClusterWithNetty9d0d4a8/s7/3dd27d85-9dff-436e-ab57-c45dafa80da3/sm
2023-08-28 07:17:47,017 [s7-groupManagement] INFO  storage.RaftStorage (RaftStorageImpl.java:format(97)) - Storage directory /home/runner/work/ratis/ratis/ratis-test/target/test/data/c5bbf9cd/MiniRaftClusterWithNetty9d0d4a8/s7/3dd27d85-9dff-436e-ab57-c45dafa80da3 has been successfully formatted.
2023-08-28 07:17:47,017 [s7-groupManagement] INFO  server.RaftServerConfigKeys (ConfUtils.java:logGet(46)) - raft.server.log.use.memory = false (default)
2023-08-28 07:17:47,022 [s7-groupManagement] INFO  server.RaftServerConfigKeys (ConfUtils.java:logGet(46)) - raft.server.log.purge.gap = 1024 (default)
2023-08-28 07:17:47,022 [s7-groupManagement] INFO  server.RaftServerConfigKeys (ConfUtils.java:logGet(46)) - raft.server.log.appender.buffer.byte-limit = 4MB (=4194304) (default)
2023-08-28 07:17:47,022 [s7-groupManagement] INFO  server.RaftServerConfigKeys (ConfUtils.java:logGet(46)) - raft.server.log.statemachine.data.read.timeout = 1000ms (default)
2023-08-28 07:17:47,022 [s7-groupManagement] INFO  server.RaftServerConfigKeys (ConfUtils.java:logGet(46)) - raft.server.log.purge.preservation.log.num = 0 (default)
2023-08-28 07:17:47,022 [s7-groupManagement] INFO  server.RaftServerConfigKeys (ConfUtils.java:logGet(46)) - raft.server.log.segment.size.max = 8MB (=8388608) (default)
2023-08-28 07:17:47,022 [s7-groupManagement] INFO  server.RaftServerConfigKeys (ConfUtils.java:logGet(46)) - raft.server.log.segment.cache.num.max = 6 (default)
2023-08-28 07:17:47,022 [s7-groupManagement] INFO  server.RaftServerConfigKeys (ConfUtils.java:logGet(46)) - raft.server.log.segment.cache.size.max = 200MB (=209715200) (default)
2023-08-28 07:17:47,022 [s7-groupManagement] INFO  server.RaftServerConfigKeys (ConfUtils.java:logGet(46)) - raft.server.log.appender.buffer.byte-limit = 4MB (=4194304) (default)
2023-08-28 07:17:47,022 [s7-groupManagement] INFO  segmented.SegmentedRaftLogWorker (SegmentedRaftLogWorker.java:<init>(183)) - new s7@group-C45DAFA80DA3-SegmentedRaftLogWorker for RaftStorageImpl:Storage Directory /home/runner/work/ratis/ratis/ratis-test/target/test/data/c5bbf9cd/MiniRaftClusterWithNetty9d0d4a8/s7/3dd27d85-9dff-436e-ab57-c45dafa80da3
2023-08-28 07:17:47,022 [s7-groupManagement] INFO  server.RaftServerConfigKeys (ConfUtils.java:logGet(46)) - raft.server.log.queue.byte-limit = 64MB (=67108864) (default)
2023-08-28 07:17:47,022 [s7-groupManagement] INFO  server.RaftServerConfigKeys (ConfUtils.java:logGet(46)) - raft.server.log.queue.element-limit = 4096 (default)
2023-08-28 07:17:47,022 [s7-groupManagement] INFO  server.RaftServerConfigKeys (ConfUtils.java:logGet(46)) - raft.server.log.segment.size.max = 8MB (=8388608) (default)
2023-08-28 07:17:47,023 [s7-groupManagement] INFO  server.RaftServerConfigKeys (ConfUtils.java:logGet(46)) - raft.server.log.preallocated.size = 4MB (=4194304) (default)
2023-08-28 07:17:47,023 [s7-groupManagement] INFO  server.RaftServerConfigKeys (ConfUtils.java:logGet(46)) - raft.server.log.force.sync.num = 128 (default)
2023-08-28 07:17:47,023 [s7-groupManagement] INFO  server.RaftServerConfigKeys (ConfUtils.java:logGet(46)) - raft.server.log.statemachine.data.sync = true (default)
2023-08-28 07:17:47,023 [s7-groupManagement] INFO  server.RaftServerConfigKeys (ConfUtils.java:logGet(46)) - raft.server.log.statemachine.data.sync.timeout = 10s (default)
2023-08-28 07:17:47,023 [s7-groupManagement] INFO  server.RaftServerConfigKeys (ConfUtils.java:logGet(46)) - raft.server.log.statemachine.data.sync.timeout.retry = -1 (default)
2023-08-28 07:17:47,023 [s7-groupManagement] INFO  server.RaftServerConfigKeys (ConfUtils.java:logGet(46)) - raft.server.log.write.buffer.size = 64KB (=65536) (default)
2023-08-28 07:17:47,023 [s7-groupManagement] INFO  server.RaftServerConfigKeys (ConfUtils.java:logGet(46)) - raft.server.log.appender.buffer.byte-limit = 4MB (=4194304) (default)
2023-08-28 07:17:47,034 [s7-groupManagement] INFO  server.RaftServerConfigKeys (ConfUtils.java:logGet(46)) - raft.server.log.unsafe-flush.enabled = false (default)
2023-08-28 07:17:47,035 [s7-groupManagement] INFO  server.RaftServerConfigKeys (ConfUtils.java:logGet(46)) - raft.server.log.async-flush.enabled = false (default)
2023-08-28 07:17:47,035 [s7-groupManagement] INFO  server.RaftServerConfigKeys (ConfUtils.java:logGet(46)) - raft.server.log.statemachine.data.caching.enabled = false (default)
2023-08-28 07:17:47,035 [s7-groupManagement] INFO  segmented.SegmentedRaftLogWorker (SegmentedRaftLogWorker.java:lambda$new$0(134)) - s7@group-C45DAFA80DA3-SegmentedRaftLogWorker: flushIndex: setUnconditionally 0 -> -1
2023-08-28 07:17:47,035 [s7-groupManagement] INFO  segmented.SegmentedRaftLogWorker (SegmentedRaftLogWorker.java:lambda$new$0(134)) - s7@group-C45DAFA80DA3-SegmentedRaftLogWorker: safeCacheEvictIndex: setUnconditionally 0 -> -1
2023-08-28 07:17:47,037 [s7-groupManagement] INFO  server.RaftServer$Division (RaftServerImpl.java:start(384)) - s7@group-C45DAFA80DA3: start as a follower, conf=-1: peers:[s5|rpc:0.0.0.0:35717|dataStream:|priority:0|startupRole:FOLLOWER, s6|rpc:0.0.0.0:46025|dataStream:|priority:0|startupRole:FOLLOWER, s7|rpc:0.0.0.0:34047|dataStream:|priority:0|startupRole:FOLLOWER]|listeners:[], old=null
2023-08-28 07:17:47,037 [s7-groupManagement] INFO  server.RaftServer$Division (RaftServerImpl.java:setRole(371)) - s7@group-C45DAFA80DA3: changes role from      null to FOLLOWER at term 0 for startAsFollower
2023-08-28 07:17:47,037 [s7-groupManagement] INFO  impl.RoleInfo (RoleInfo.java:updateAndGet(138)) - s7: start s7@group-C45DAFA80DA3-FollowerState
2023-08-28 07:17:47,037 [s7@group-C45DAFA80DA3-FollowerState] INFO  server.RaftServerConfigKeys (ConfUtils.java:logFallback(53)) - raft.server.rpc.first-election.timeout.min = 1500ms (fallback to raft.server.rpc.timeout.min)
2023-08-28 07:17:47,037 [s7-groupManagement] INFO  util.JmxRegister (JmxRegister.java:tryRegister(44)) - Successfully registered JMX Bean with object name Ratis:service=RaftServer,group=group-C45DAFA80DA3,id=s7
2023-08-28 07:17:47,038 [s7@group-C45DAFA80DA3-FollowerState] INFO  server.RaftServerConfigKeys (ConfUtils.java:logFallback(53)) - raft.server.rpc.first-election.timeout.max = 2000ms (fallback to raft.server.rpc.timeout.max)
2023-08-28 07:17:47,038 [s7-groupManagement] INFO  server.RaftServerConfigKeys (ConfUtils.java:logGet(46)) - raft.server.snapshot.trigger-when-stop.enabled = true (default)
2023-08-28 07:17:47,038 [s7-groupManagement] INFO  server.RaftServerConfigKeys (ConfUtils.java:logGet(46)) - raft.server.snapshot.auto.trigger.enabled = false (default)
2023-08-28 07:17:47,038 [s7-groupManagement] INFO  server.RaftServerConfigKeys (ConfUtils.java:logGet(46)) - raft.server.snapshot.retention.file.num = -1 (default)
2023-08-28 07:17:47,038 [s7-groupManagement] INFO  server.RaftServerConfigKeys (ConfUtils.java:logGet(46)) - raft.server.log.purge.upto.snapshot.index = false (default)
2023-08-28 07:17:47,044 [Time-limited test] INFO  server.RaftServerConfigKeys (ConfUtils.java:logGet(46)) - raft.server.rpc.timeout.max = 2000ms (custom)
2023-08-28 07:17:47,044 [Time-limited test] INFO  ratis.RaftTestUtil (RaftTestUtil.java:waitForLeader(100)) - printing group-C45DAFA80DA3
  s5:  RUNNING [
   FOLLOWER s5@group-75AB5BF27CAD:t0, leader=null, voted=, raftlog=Memoized:s5@group-75AB5BF27CAD-SegmentedRaftLog:OPENED:c-1, conf=-1: peers:[]|listeners:[], old=null STARTING
   FOLLOWER s5@group-C45DAFA80DA3:t0, leader=null, voted=, raftlog=Memoized:s5@group-C45DAFA80DA3-SegmentedRaftLog:OPENED:c-1, conf=-1: peers:[s5|rpc:0.0.0.0:35717|dataStream:|priority:0|startupRole:FOLLOWER, s6|rpc:0.0.0.0:46025|dataStream:|priority:0|startupRole:FOLLOWER, s7|rpc:0.0.0.0:34047|dataStream:|priority:0|startupRole:FOLLOWER]|listeners:[], old=null RUNNING] size=2
  s6:  RUNNING [
   FOLLOWER s6@group-75AB5BF27CAD:t0, leader=null, voted=, raftlog=Memoized:s6@group-75AB5BF27CAD-SegmentedRaftLog:OPENED:c-1, conf=-1: peers:[]|listeners:[], old=null STARTING
   FOLLOWER s6@group-C45DAFA80DA3:t0, leader=null, voted=, raftlog=Memoized:s6@group-C45DAFA80DA3-SegmentedRaftLog:OPENED:c-1, conf=-1: peers:[s5|rpc:0.0.0.0:35717|dataStream:|priority:0|startupRole:FOLLOWER, s6|rpc:0.0.0.0:46025|dataStream:|priority:0|startupRole:FOLLOWER, s7|rpc:0.0.0.0:34047|dataStream:|priority:0|startupRole:FOLLOWER]|listeners:[], old=null RUNNING] size=2
  s7:  RUNNING [
   FOLLOWER s7@group-75AB5BF27CAD:t0, leader=null, voted=, raftlog=Memoized:s7@group-75AB5BF27CAD-SegmentedRaftLog:OPENED:c-1, conf=-1: peers:[]|listeners:[], old=null STARTING
   FOLLOWER s7@group-C45DAFA80DA3:t0, leader=null, voted=, raftlog=Memoized:s7@group-C45DAFA80DA3-SegmentedRaftLog:OPENED:c-1, conf=-1: peers:[s5|rpc:0.0.0.0:35717|dataStream:|priority:0|startupRole:FOLLOWER, s6|rpc:0.0.0.0:46025|dataStream:|priority:0|startupRole:FOLLOWER, s7|rpc:0.0.0.0:34047|dataStream:|priority:0|startupRole:FOLLOWER]|listeners:[], old=null RUNNING] size=2
2023-08-28 07:17:47,045 [Time-limited test] WARN  ratis.RaftTestUtil (JavaUtils.java:attempt(217)) - FAILED "waitForLeader-group-C45DAFA80DA3-(expectLeader? true)", attempt #1/100: java.lang.IllegalStateException: No leader yet  for group-C45DAFA80DA3: printing group-C45DAFA80DA3
  s5:  RUNNING [
   FOLLOWER s5@group-75AB5BF27CAD:t0, leader=null, voted=, raftlog=Memoized:s5@group-75AB5BF27CAD-SegmentedRaftLog:OPENED:c-1, conf=-1: peers:[]|listeners:[], old=null STARTING
   FOLLOWER s5@group-C45DAFA80DA3:t0, leader=null, voted=, raftlog=Memoized:s5@group-C45DAFA80DA3-SegmentedRaftLog:OPENED:c-1, conf=-1: peers:[s5|rpc:0.0.0.0:35717|dataStream:|priority:0|startupRole:FOLLOWER, s6|rpc:0.0.0.0:46025|dataStream:|priority:0|startupRole:FOLLOWER, s7|rpc:0.0.0.0:34047|dataStream:|priority:0|startupRole:FOLLOWER]|listeners:[], old=null RUNNING] size=2
  s6:  RUNNING [
   FOLLOWER s6@group-75AB5BF27CAD:t0, leader=null, voted=, raftlog=Memoized:s6@group-75AB5BF27CAD-SegmentedRaftLog:OPENED:c-1, conf=-1: peers:[]|listeners:[], old=null STARTING
   FOLLOWER s6@group-C45DAFA80DA3:t0, leader=null, voted=, raftlog=Memoized:s6@group-C45DAFA80DA3-SegmentedRaftLog:OPENED:c-1, conf=-1: peers:[s5|rpc:0.0.0.0:35717|dataStream:|priority:0|startupRole:FOLLOWER, s6|rpc:0.0.0.0:46025|dataStream:|priority:0|startupRole:FOLLOWER, s7|rpc:0.0.0.0:34047|dataStream:|priority:0|startupRole:FOLLOWER]|listeners:[], old=null RUNNING] size=2
  s7:  RUNNING [
   FOLLOWER s7@group-75AB5BF27CAD:t0, leader=null, voted=, raftlog=Memoized:s7@group-75AB5BF27CAD-SegmentedRaftLog:OPENED:c-1, conf=-1: peers:[]|listeners:[], old=null STARTING
   FOLLOWER s7@group-C45DAFA80DA3:t0, leader=null, voted=, raftlog=Memoized:s7@group-C45DAFA80DA3-SegmentedRaftLog:OPENED:c-1, conf=-1: peers:[s5|rpc:0.0.0.0:35717|dataStream:|priority:0|startupRole:FOLLOWER, s6|rpc:0.0.0.0:46025|dataStream:|priority:0|startupRole:FOLLOWER, s7|rpc:0.0.0.0:34047|dataStream:|priority:0|startupRole:FOLLOWER]|listeners:[], old=null RUNNING] size=2, sleep 3000ms and then retry.
java.lang.IllegalStateException: No leader yet  for group-C45DAFA80DA3: printing group-C45DAFA80DA3
  s5:  RUNNING [
   FOLLOWER s5@group-75AB5BF27CAD:t0, leader=null, voted=, raftlog=Memoized:s5@group-75AB5BF27CAD-SegmentedRaftLog:OPENED:c-1, conf=-1: peers:[]|listeners:[], old=null STARTING
   FOLLOWER s5@group-C45DAFA80DA3:t0, leader=null, voted=, raftlog=Memoized:s5@group-C45DAFA80DA3-SegmentedRaftLog:OPENED:c-1, conf=-1: peers:[s5|rpc:0.0.0.0:35717|dataStream:|priority:0|startupRole:FOLLOWER, s6|rpc:0.0.0.0:46025|dataStream:|priority:0|startupRole:FOLLOWER, s7|rpc:0.0.0.0:34047|dataStream:|priority:0|startupRole:FOLLOWER]|listeners:[], old=null RUNNING] size=2
  s6:  RUNNING [
   FOLLOWER s6@group-75AB5BF27CAD:t0, leader=null, voted=, raftlog=Memoized:s6@group-75AB5BF27CAD-SegmentedRaftLog:OPENED:c-1, conf=-1: peers:[]|listeners:[], old=null STARTING
   FOLLOWER s6@group-C45DAFA80DA3:t0, leader=null, voted=, raftlog=Memoized:s6@group-C45DAFA80DA3-SegmentedRaftLog:OPENED:c-1, conf=-1: peers:[s5|rpc:0.0.0.0:35717|dataStream:|priority:0|startupRole:FOLLOWER, s6|rpc:0.0.0.0:46025|dataStream:|priority:0|startupRole:FOLLOWER, s7|rpc:0.0.0.0:34047|dataStream:|priority:0|startupRole:FOLLOWER]|listeners:[], old=null RUNNING] size=2
  s7:  RUNNING [
   FOLLOWER s7@group-75AB5BF27CAD:t0, leader=null, voted=, raftlog=Memoized:s7@group-75AB5BF27CAD-SegmentedRaftLog:OPENED:c-1, conf=-1: peers:[]|listeners:[], old=null STARTING
   FOLLOWER s7@group-C45DAFA80DA3:t0, leader=null, voted=, raftlog=Memoized:s7@group-C45DAFA80DA3-SegmentedRaftLog:OPENED:c-1, conf=-1: peers:[s5|rpc:0.0.0.0:35717|dataStream:|priority:0|startupRole:FOLLOWER, s6|rpc:0.0.0.0:46025|dataStream:|priority:0|startupRole:FOLLOWER, s7|rpc:0.0.0.0:34047|dataStream:|priority:0|startupRole:FOLLOWER]|listeners:[], old=null RUNNING] size=2
	at org.apache.ratis.server.impl.MiniRaftCluster.newIllegalStateExceptionForNoLeaders(MiniRaftCluster.java:581)
	at org.apache.ratis.RaftTestUtil.lambda$waitForLeader$1(RaftTestUtil.java:104)
	at org.apache.ratis.server.impl.MiniRaftCluster.getLeader(MiniRaftCluster.java:615)
	at org.apache.ratis.server.impl.MiniRaftCluster.getLeader(MiniRaftCluster.java:608)
	at org.apache.ratis.RaftTestUtil.lambda$waitForLeader$3(RaftTestUtil.java:112)
	at org.apache.ratis.util.JavaUtils.attempt(JavaUtils.java:211)
	at org.apache.ratis.util.JavaUtils.attemptRepeatedly(JavaUtils.java:197)
	at org.apache.ratis.RaftTestUtil.waitForLeader(RaftTestUtil.java:111)
	at org.apache.ratis.RaftTestUtil.waitForLeader(RaftTestUtil.java:92)
	at org.apache.ratis.server.impl.GroupManagementBaseTest.runMultiGroupTest(GroupManagementBaseTest.java:287)
	at org.apache.ratis.server.impl.GroupManagementBaseTest.runMultiGroupTest(GroupManagementBaseTest.java:237)
	at org.apache.ratis.server.impl.GroupManagementBaseTest.testMultiGroup9Nodes(GroupManagementBaseTest.java:232)
	at java.base/jdk.internal.reflect.NativeMethodAccessorImpl.invoke0(Native Method)
	at java.base/jdk.internal.reflect.NativeMethodAccessorImpl.invoke(NativeMethodAccessorImpl.java:62)
	at java.base/jdk.internal.reflect.DelegatingMethodAccessorImpl.invoke(DelegatingMethodAccessorImpl.java:43)
	at java.base/java.lang.reflect.Method.invoke(Method.java:566)
	at org.junit.runners.model.FrameworkMethod$1.runReflectiveCall(FrameworkMethod.java:59)
	at org.junit.internal.runners.model.ReflectiveCallable.run(ReflectiveCallable.java:12)
	at org.junit.runners.model.FrameworkMethod.invokeExplosively(FrameworkMethod.java:56)
	at org.junit.internal.runners.statements.InvokeMethod.evaluate(InvokeMethod.java:17)
	at org.junit.internal.runners.statements.RunAfters.evaluate(RunAfters.java:27)
	at org.junit.internal.runners.statements.FailOnTimeout$CallableStatement.call(FailOnTimeout.java:299)
	at org.junit.internal.runners.statements.FailOnTimeout$CallableStatement.call(FailOnTimeout.java:293)
	at java.base/java.util.concurrent.FutureTask.run(FutureTask.java:264)
	at java.base/java.lang.Thread.run(Thread.java:829)
2023-08-28 07:17:48,554 [s7@group-C45DAFA80DA3-FollowerState] INFO  impl.FollowerState (FollowerState.java:run(143)) - s7@group-C45DAFA80DA3-FollowerState: change to CANDIDATE, lastRpcElapsedTime:1516433639ns, electionTimeout:1516ms
2023-08-28 07:17:48,554 [s7@group-C45DAFA80DA3-FollowerState] INFO  impl.RoleInfo (RoleInfo.java:shutdownFollowerState(109)) - s7: shutdown s7@group-C45DAFA80DA3-FollowerState
2023-08-28 07:17:48,554 [s7@group-C45DAFA80DA3-FollowerState] INFO  server.RaftServer$Division (RaftServerImpl.java:setRole(371)) - s7@group-C45DAFA80DA3: changes role from  FOLLOWER to CANDIDATE at term 0 for changeToCandidate
2023-08-28 07:17:48,554 [s7@group-C45DAFA80DA3-FollowerState] INFO  server.RaftServerConfigKeys (ConfUtils.java:logGet(46)) - raft.server.leaderelection.pre-vote = true (default)
2023-08-28 07:17:48,554 [s7@group-C45DAFA80DA3-FollowerState] INFO  impl.RoleInfo (RoleInfo.java:updateAndGet(138)) - s7: start s7@group-C45DAFA80DA3-LeaderElection9
2023-08-28 07:17:48,555 [s7@group-C45DAFA80DA3-LeaderElection9] INFO  impl.LeaderElection (LeaderElection.java:askForVotes(320)) - s7@group-C45DAFA80DA3-LeaderElection9 PRE_VOTE round 0: submit vote requests at term 0 for -1: peers:[s5|rpc:0.0.0.0:35717|dataStream:|priority:0|startupRole:FOLLOWER, s6|rpc:0.0.0.0:46025|dataStream:|priority:0|startupRole:FOLLOWER, s7|rpc:0.0.0.0:34047|dataStream:|priority:0|startupRole:FOLLOWER]|listeners:[], old=null
2023-08-28 07:17:48,555 [s7@group-C45DAFA80DA3-LeaderElection9] INFO  server.RaftServerConfigKeys (ConfUtils.java:logFallback(53)) - raft.server.rpc.first-election.timeout.min = 1500ms (fallback to raft.server.rpc.timeout.min)
2023-08-28 07:17:48,555 [s7@group-C45DAFA80DA3-LeaderElection9] INFO  server.RaftServerConfigKeys (ConfUtils.java:logFallback(53)) - raft.server.rpc.first-election.timeout.max = 2000ms (fallback to raft.server.rpc.timeout.max)
2023-08-28 07:17:48,556 [nioEventLoopGroup-99-1] INFO  logging.LoggingHandler (AbstractInternalLogger.java:log(148)) - [id: 0x4c645ac6, L:/0.0.0.0:46025] READ: [id: 0xa8a61cb8, L:/10.1.0.28:46025 - R:/10.1.0.28:46586]
2023-08-28 07:17:48,558 [nioEventLoopGroup-99-1] INFO  logging.LoggingHandler (AbstractInternalLogger.java:log(148)) - [id: 0x4c645ac6, L:/0.0.0.0:46025] READ COMPLETE
2023-08-28 07:17:48,558 [nioEventLoopGroup-96-1] INFO  logging.LoggingHandler (AbstractInternalLogger.java:log(148)) - [id: 0x34e461c6, L:/0.0.0.0:35717] READ: [id: 0xa63916c1, L:/10.1.0.28:35717 - R:/10.1.0.28:43960]
2023-08-28 07:17:48,562 [nioEventLoopGroup-100-2] INFO  server.RaftServer$Division (RaftServerImpl.java:requestVote(1344)) - s6@group-C45DAFA80DA3: receive requestVote(PRE_VOTE, s7, group-C45DAFA80DA3, 0, (t:0, i:0))
2023-08-28 07:17:48,562 [nioEventLoopGroup-100-2] INFO  impl.VoteContext (VoteContext.java:log(49)) - s6@group-C45DAFA80DA3-FOLLOWER: accept PRE_VOTE from s7: our priority 0 <= candidate's priority 0
2023-08-28 07:17:48,562 [nioEventLoopGroup-100-2] INFO  server.RaftServer$Division (RaftServerImpl.java:requestVote(1377)) - s6@group-C45DAFA80DA3 replies to PRE_VOTE vote request: s7<-s6#0:OK-t0. Peer's state: s6@group-C45DAFA80DA3:t0, leader=null, voted=, raftlog=Memoized:s6@group-C45DAFA80DA3-SegmentedRaftLog:OPENED:c-1, conf=-1: peers:[s5|rpc:0.0.0.0:35717|dataStream:|priority:0|startupRole:FOLLOWER, s6|rpc:0.0.0.0:46025|dataStream:|priority:0|startupRole:FOLLOWER, s7|rpc:0.0.0.0:34047|dataStream:|priority:0|startupRole:FOLLOWER]|listeners:[], old=null
2023-08-28 07:17:48,562 [s7@group-C45DAFA80DA3-LeaderElection9] INFO  impl.LeaderElection (LeaderElection.java:logAndReturn(89)) - s7@group-C45DAFA80DA3-LeaderElection9: PRE_VOTE PASSED received 1 response(s) and 0 exception(s):
2023-08-28 07:17:48,562 [s7@group-C45DAFA80DA3-LeaderElection9] INFO  impl.LeaderElection (LeaderElection.java:logAndReturn(93)) -   Response 0: s7<-s6#0:OK-t0
2023-08-28 07:17:48,563 [s7@group-C45DAFA80DA3-LeaderElection9] INFO  impl.LeaderElection (LeaderElection.java:askForVotes(322)) - s7@group-C45DAFA80DA3-LeaderElection9 PRE_VOTE round 0: result PASSED
2023-08-28 07:17:48,563 [nioEventLoopGroup-96-1] INFO  logging.LoggingHandler (AbstractInternalLogger.java:log(148)) - [id: 0x34e461c6, L:/0.0.0.0:35717] READ COMPLETE
2023-08-28 07:17:48,564 [s7@group-C45DAFA80DA3-LeaderElection9] INFO  impl.LeaderElection (LeaderElection.java:askForVotes(320)) - s7@group-C45DAFA80DA3-LeaderElection9 ELECTION round 0: submit vote requests at term 1 for -1: peers:[s5|rpc:0.0.0.0:35717|dataStream:|priority:0|startupRole:FOLLOWER, s6|rpc:0.0.0.0:46025|dataStream:|priority:0|startupRole:FOLLOWER, s7|rpc:0.0.0.0:34047|dataStream:|priority:0|startupRole:FOLLOWER]|listeners:[], old=null
2023-08-28 07:17:48,565 [nioEventLoopGroup-97-2] INFO  server.RaftServer$Division (RaftServerImpl.java:requestVote(1344)) - s5@group-C45DAFA80DA3: receive requestVote(PRE_VOTE, s7, group-C45DAFA80DA3, 0, (t:0, i:0))
2023-08-28 07:17:48,565 [nioEventLoopGroup-97-2] INFO  impl.VoteContext (VoteContext.java:log(49)) - s5@group-C45DAFA80DA3-FOLLOWER: accept PRE_VOTE from s7: our priority 0 <= candidate's priority 0
2023-08-28 07:17:48,565 [nioEventLoopGroup-97-2] INFO  server.RaftServer$Division (RaftServerImpl.java:requestVote(1377)) - s5@group-C45DAFA80DA3 replies to PRE_VOTE vote request: s7<-s5#0:OK-t0. Peer's state: s5@group-C45DAFA80DA3:t0, leader=null, voted=, raftlog=Memoized:s5@group-C45DAFA80DA3-SegmentedRaftLog:OPENED:c-1, conf=-1: peers:[s5|rpc:0.0.0.0:35717|dataStream:|priority:0|startupRole:FOLLOWER, s6|rpc:0.0.0.0:46025|dataStream:|priority:0|startupRole:FOLLOWER, s7|rpc:0.0.0.0:34047|dataStream:|priority:0|startupRole:FOLLOWER]|listeners:[], old=null
2023-08-28 07:17:48,565 [nioEventLoopGroup-97-2] INFO  server.RaftServer$Division (RaftServerImpl.java:requestVote(1344)) - s5@group-C45DAFA80DA3: receive requestVote(ELECTION, s7, group-C45DAFA80DA3, 1, (t:0, i:0))
2023-08-28 07:17:48,566 [nioEventLoopGroup-97-2] INFO  impl.VoteContext (VoteContext.java:log(49)) - s5@group-C45DAFA80DA3-FOLLOWER: accept ELECTION from s7: our priority 0 <= candidate's priority 0
2023-08-28 07:17:48,566 [nioEventLoopGroup-97-2] INFO  server.RaftServer$Division (RaftServerImpl.java:setRole(371)) - s5@group-C45DAFA80DA3: changes role from  FOLLOWER to FOLLOWER at term 1 for candidate:s7
2023-08-28 07:17:48,566 [nioEventLoopGroup-97-2] INFO  impl.RoleInfo (RoleInfo.java:shutdownFollowerState(109)) - s5: shutdown s5@group-C45DAFA80DA3-FollowerState
2023-08-28 07:17:48,566 [nioEventLoopGroup-97-2] INFO  impl.RoleInfo (RoleInfo.java:updateAndGet(138)) - s5: start s5@group-C45DAFA80DA3-FollowerState
2023-08-28 07:17:48,566 [s5@group-C45DAFA80DA3-FollowerState] INFO  impl.FollowerState (FollowerState.java:run(152)) - s5@group-C45DAFA80DA3-FollowerState was interrupted
2023-08-28 07:17:48,566 [s7@group-C45DAFA80DA3-LeaderElection9] INFO  server.RaftServerConfigKeys (ConfUtils.java:logFallback(53)) - raft.server.rpc.first-election.timeout.min = 1500ms (fallback to raft.server.rpc.timeout.min)
2023-08-28 07:17:48,566 [s7@group-C45DAFA80DA3-LeaderElection9] INFO  server.RaftServerConfigKeys (ConfUtils.java:logFallback(53)) - raft.server.rpc.first-election.timeout.max = 2000ms (fallback to raft.server.rpc.timeout.max)
2023-08-28 07:17:48,566 [nioEventLoopGroup-100-2] INFO  server.RaftServer$Division (RaftServerImpl.java:requestVote(1344)) - s6@group-C45DAFA80DA3: receive requestVote(ELECTION, s7, group-C45DAFA80DA3, 1, (t:0, i:0))
2023-08-28 07:17:48,566 [nioEventLoopGroup-100-2] INFO  impl.VoteContext (VoteContext.java:log(49)) - s6@group-C45DAFA80DA3-FOLLOWER: accept ELECTION from s7: our priority 0 <= candidate's priority 0
2023-08-28 07:17:48,566 [nioEventLoopGroup-100-2] INFO  server.RaftServer$Division (RaftServerImpl.java:setRole(371)) - s6@group-C45DAFA80DA3: changes role from  FOLLOWER to FOLLOWER at term 1 for candidate:s7
2023-08-28 07:17:48,567 [nioEventLoopGroup-100-2] INFO  impl.RoleInfo (RoleInfo.java:shutdownFollowerState(109)) - s6: shutdown s6@group-C45DAFA80DA3-FollowerState
2023-08-28 07:17:48,567 [nioEventLoopGroup-100-2] INFO  impl.RoleInfo (RoleInfo.java:updateAndGet(138)) - s6: start s6@group-C45DAFA80DA3-FollowerState
2023-08-28 07:17:48,567 [s6@group-C45DAFA80DA3-FollowerState] INFO  impl.FollowerState (FollowerState.java:run(152)) - s6@group-C45DAFA80DA3-FollowerState was interrupted
2023-08-28 07:17:48,567 [nioEventLoopGroup-100-2] INFO  server.RaftServer$Division (RaftServerImpl.java:setFirstElection(556)) - s6@group-C45DAFA80DA3: set firstElectionSinceStartup to false for candidate:s7
2023-08-28 07:17:48,570 [nioEventLoopGroup-97-2] INFO  server.RaftServer$Division (RaftServerImpl.java:setFirstElection(556)) - s5@group-C45DAFA80DA3: set firstElectionSinceStartup to false for candidate:s7
2023-08-28 07:17:48,571 [nioEventLoopGroup-100-2] INFO  server.RaftServer$Division (RaftServerImpl.java:requestVote(1377)) - s6@group-C45DAFA80DA3 replies to ELECTION vote request: s7<-s6#0:OK-t1. Peer's state: s6@group-C45DAFA80DA3:t1, leader=null, voted=s7, raftlog=Memoized:s6@group-C45DAFA80DA3-SegmentedRaftLog:OPENED:c-1, conf=-1: peers:[s5|rpc:0.0.0.0:35717|dataStream:|priority:0|startupRole:FOLLOWER, s6|rpc:0.0.0.0:46025|dataStream:|priority:0|startupRole:FOLLOWER, s7|rpc:0.0.0.0:34047|dataStream:|priority:0|startupRole:FOLLOWER]|listeners:[], old=null
2023-08-28 07:17:48,571 [s7@group-C45DAFA80DA3-LeaderElection9] INFO  impl.LeaderElection (LeaderElection.java:logAndReturn(89)) - s7@group-C45DAFA80DA3-LeaderElection9: ELECTION PASSED received 1 response(s) and 0 exception(s):
2023-08-28 07:17:48,571 [s7@group-C45DAFA80DA3-LeaderElection9] INFO  impl.LeaderElection (LeaderElection.java:logAndReturn(93)) -   Response 0: s7<-s6#0:OK-t1
2023-08-28 07:17:48,571 [s7@group-C45DAFA80DA3-LeaderElection9] INFO  impl.LeaderElection (LeaderElection.java:askForVotes(322)) - s7@group-C45DAFA80DA3-LeaderElection9 ELECTION round 0: result PASSED
2023-08-28 07:17:48,571 [s7@group-C45DAFA80DA3-LeaderElection9] INFO  impl.RoleInfo (RoleInfo.java:shutdownLeaderElection(129)) - s7: shutdown s7@group-C45DAFA80DA3-LeaderElection9
2023-08-28 07:17:48,571 [s7@group-C45DAFA80DA3-LeaderElection9] INFO  server.RaftServer$Division (RaftServerImpl.java:setRole(371)) - s7@group-C45DAFA80DA3: changes role from CANDIDATE to LEADER at term 1 for changeToLeader
2023-08-28 07:17:48,571 [s7@group-C45DAFA80DA3-LeaderElection9] INFO  server.RaftServerConfigKeys (ConfUtils.java:logGet(46)) - raft.server.staging.catchup.gap = 1000 (default)
2023-08-28 07:17:48,571 [s7@group-C45DAFA80DA3-LeaderElection9] INFO  server.RaftServerConfigKeys (ConfUtils.java:logGet(46)) - raft.server.write.element-limit = 4096 (default)
2023-08-28 07:17:48,571 [s7@group-C45DAFA80DA3-LeaderElection9] INFO  server.RaftServerConfigKeys (ConfUtils.java:logGet(46)) - raft.server.write.byte-limit = 64MB (=67108864) (default)
2023-08-28 07:17:48,571 [s7@group-C45DAFA80DA3-LeaderElection9] INFO  server.RaftServerConfigKeys (ConfUtils.java:logGet(46)) - raft.server.watch.timeout = 10s (default)
2023-08-28 07:17:48,572 [s7@group-C45DAFA80DA3-LeaderElection9] INFO  server.RaftServerConfigKeys (ConfUtils.java:logGet(46)) - raft.server.watch.timeout.denomination = 1s (default)
2023-08-28 07:17:48,572 [s7@group-C45DAFA80DA3-LeaderElection9] INFO  server.RaftServerConfigKeys (ConfUtils.java:logGet(46)) - raft.server.watch.element-limit = 65536 (default)
2023-08-28 07:17:48,572 [s7@group-C45DAFA80DA3-LeaderElection9] INFO  server.RaftServerConfigKeys (ConfUtils.java:logGet(46)) - raft.server.write.element-limit = 4096 (default)
2023-08-28 07:17:48,572 [s7@group-C45DAFA80DA3-LeaderElection9] INFO  server.RaftServerConfigKeys (ConfUtils.java:logGet(46)) - raft.server.write.follower.gap.ratio.max = -1.0 (default)
2023-08-28 07:17:48,572 [s7@group-C45DAFA80DA3-LeaderElection9] INFO  server.RaftServerConfigKeys (ConfUtils.java:logGet(46)) - raft.server.log.appender.snapshot.chunk.size.max = 16MB (=16777216) (default)
2023-08-28 07:17:48,572 [s7@group-C45DAFA80DA3-LeaderElection9] INFO  server.RaftServerConfigKeys (ConfUtils.java:logGet(46)) - raft.server.log.appender.buffer.byte-limit = 4MB (=4194304) (default)
2023-08-28 07:17:48,572 [s7@group-C45DAFA80DA3-LeaderElection9] INFO  server.RaftServerConfigKeys (ConfUtils.java:logGet(46)) - raft.server.log.appender.buffer.element-limit = 0 (default)
2023-08-28 07:17:48,572 [s7@group-C45DAFA80DA3-LeaderElection9] INFO  server.RaftServerConfigKeys (ConfUtils.java:logGet(46)) - raft.server.log.appender.wait-time.min = 10ms (default)
2023-08-28 07:17:48,572 [s7@group-C45DAFA80DA3-LeaderElection9] INFO  server.RaftServerConfigKeys (ConfUtils.java:logGet(46)) - raft.server.log.appender.snapshot.chunk.size.max = 16MB (=16777216) (default)
2023-08-28 07:17:48,573 [s7@group-C45DAFA80DA3-LeaderElection9] INFO  server.RaftServerConfigKeys (ConfUtils.java:logGet(46)) - raft.server.log.appender.buffer.byte-limit = 4MB (=4194304) (default)
2023-08-28 07:17:48,573 [s7@group-C45DAFA80DA3-LeaderElection9] INFO  server.RaftServerConfigKeys (ConfUtils.java:logGet(46)) - raft.server.log.appender.buffer.element-limit = 0 (default)
2023-08-28 07:17:48,573 [s7@group-C45DAFA80DA3-LeaderElection9] INFO  server.RaftServerConfigKeys (ConfUtils.java:logGet(46)) - raft.server.log.appender.wait-time.min = 10ms (default)
2023-08-28 07:17:48,573 [s7@group-C45DAFA80DA3-LeaderElection9] INFO  impl.RoleInfo (RoleInfo.java:updateAndGet(138)) - s7: start s7@group-C45DAFA80DA3-LeaderStateImpl
2023-08-28 07:17:48,573 [s7@group-C45DAFA80DA3-LeaderElection9] INFO  server.RaftServer$Division (RaftServerImpl.java:setFirstElection(556)) - s7@group-C45DAFA80DA3: set firstElectionSinceStartup to false for becomeLeader
2023-08-28 07:17:48,573 [s7@group-C45DAFA80DA3-LeaderElection9] INFO  server.RaftServer$Division (ServerState.java:setLeader(260)) - s7@group-C45DAFA80DA3: change Leader from null to s7 at term 1 for becomeLeader, leader elected after 1559ms
2023-08-28 07:17:48,573 [s7@group-C45DAFA80DA3-LeaderElection9] INFO  segmented.SegmentedRaftLogWorker (SegmentedRaftLogWorker.java:startLogSegment(427)) - s7@group-C45DAFA80DA3-SegmentedRaftLogWorker: Starting segment from index:0
2023-08-28 07:17:48,573 [nioEventLoopGroup-97-2] INFO  server.RaftServer$Division (RaftServerImpl.java:requestVote(1377)) - s5@group-C45DAFA80DA3 replies to ELECTION vote request: s7<-s5#0:OK-t1. Peer's state: s5@group-C45DAFA80DA3:t1, leader=null, voted=s7, raftlog=Memoized:s5@group-C45DAFA80DA3-SegmentedRaftLog:OPENED:c-1, conf=-1: peers:[s5|rpc:0.0.0.0:35717|dataStream:|priority:0|startupRole:FOLLOWER, s6|rpc:0.0.0.0:46025|dataStream:|priority:0|startupRole:FOLLOWER, s7|rpc:0.0.0.0:34047|dataStream:|priority:0|startupRole:FOLLOWER]|listeners:[], old=null
2023-08-28 07:17:48,583 [s7@group-C45DAFA80DA3-LeaderElection9] INFO  server.RaftServer$Division (ServerState.java:setRaftConf(377)) - s7@group-C45DAFA80DA3: set configuration 0: peers:[s5|rpc:0.0.0.0:35717|dataStream:|priority:0|startupRole:FOLLOWER, s6|rpc:0.0.0.0:46025|dataStream:|priority:0|startupRole:FOLLOWER, s7|rpc:0.0.0.0:34047|dataStream:|priority:0|startupRole:FOLLOWER]|listeners:[], old=null
2023-08-28 07:17:48,583 [s7@group-C45DAFA80DA3-SegmentedRaftLogWorker] INFO  segmented.SegmentedRaftLogWorker (SegmentedRaftLogWorker.java:execute(631)) - s7@group-C45DAFA80DA3-SegmentedRaftLogWorker: created new log segment /home/runner/work/ratis/ratis/ratis-test/target/test/data/c5bbf9cd/MiniRaftClusterWithNetty9d0d4a8/s7/3dd27d85-9dff-436e-ab57-c45dafa80da3/current/log_inprogress_0
2023-08-28 07:17:48,583 [nioEventLoopGroup-97-2] INFO  server.RaftServer$Division (ServerState.java:setLeader(260)) - s5@group-C45DAFA80DA3: change Leader from null to s7 at term 1 for appendEntries, leader elected after 1675ms
2023-08-28 07:17:48,585 [nioEventLoopGroup-100-2] INFO  server.RaftServer$Division (ServerState.java:setLeader(260)) - s6@group-C45DAFA80DA3: change Leader from null to s7 at term 1 for appendEntries, leader elected after 1634ms
2023-08-28 07:17:48,588 [nioEventLoopGroup-97-2] DEBUG server.RaftServer$Division (RaftServerImpl.java:logAppendEntries(1471)) - s5@group-C45DAFA80DA3: receive appendEntries(s7, 1, null, -1, true, commits:[s7:c-1, s5:c-1, s6:c-1], cId:181, entries: [(t:1, i:0), CONFIGURATIONENTRY(current:id: "s5"
address: "0.0.0.0:35717"
clientAddress: "0.0.0.0:35717"
adminAddress: "0.0.0.0:35717"
startupRole: FOLLOWER
,id: "s6"
address: "0.0.0.0:46025"
clientAddress: "0.0.0.0:46025"
adminAddress: "0.0.0.0:46025"
startupRole: FOLLOWER
,id: "s7"
address: "0.0.0.0:34047"
clientAddress: "0.0.0.0:34047"
adminAddress: "0.0.0.0:34047"
startupRole: FOLLOWER
, old:)]
2023-08-28 07:17:48,595 [nioEventLoopGroup-97-2] INFO  server.RaftServer$Division (ServerState.java:setRaftConf(377)) - s5@group-C45DAFA80DA3: set configuration 0: peers:[s5|rpc:0.0.0.0:35717|dataStream:|priority:0|startupRole:FOLLOWER, s6|rpc:0.0.0.0:46025|dataStream:|priority:0|startupRole:FOLLOWER, s7|rpc:0.0.0.0:34047|dataStream:|priority:0|startupRole:FOLLOWER]|listeners:[], old=null
2023-08-28 07:17:48,599 [nioEventLoopGroup-97-2] INFO  segmented.SegmentedRaftLogWorker (SegmentedRaftLogWorker.java:startLogSegment(427)) - s5@group-C45DAFA80DA3-SegmentedRaftLogWorker: Starting segment from index:0
2023-08-28 07:17:48,604 [nioEventLoopGroup-100-2] DEBUG server.RaftServer$Division (RaftServerImpl.java:logAppendEntries(1471)) - s6@group-C45DAFA80DA3: receive appendEntries(s7, 1, null, -1, true, commits:[s7:c-1, s5:c-1, s6:c-1], cId:182, entries: [(t:1, i:0), CONFIGURATIONENTRY(current:id: "s5"
address: "0.0.0.0:35717"
clientAddress: "0.0.0.0:35717"
adminAddress: "0.0.0.0:35717"
startupRole: FOLLOWER
,id: "s6"
address: "0.0.0.0:46025"
clientAddress: "0.0.0.0:46025"
adminAddress: "0.0.0.0:46025"
startupRole: FOLLOWER
,id: "s7"
address: "0.0.0.0:34047"
clientAddress: "0.0.0.0:34047"
adminAddress: "0.0.0.0:34047"
startupRole: FOLLOWER
, old:)]
2023-08-28 07:17:48,605 [nioEventLoopGroup-100-2] INFO  server.RaftServer$Division (ServerState.java:setRaftConf(377)) - s6@group-C45DAFA80DA3: set configuration 0: peers:[s5|rpc:0.0.0.0:35717|dataStream:|priority:0|startupRole:FOLLOWER, s6|rpc:0.0.0.0:46025|dataStream:|priority:0|startupRole:FOLLOWER, s7|rpc:0.0.0.0:34047|dataStream:|priority:0|startupRole:FOLLOWER]|listeners:[], old=null
2023-08-28 07:17:48,605 [nioEventLoopGroup-100-2] INFO  segmented.SegmentedRaftLogWorker (SegmentedRaftLogWorker.java:startLogSegment(427)) - s6@group-C45DAFA80DA3-SegmentedRaftLogWorker: Starting segment from index:0
2023-08-28 07:17:48,607 [s5@group-C45DAFA80DA3-SegmentedRaftLogWorker] INFO  segmented.SegmentedRaftLogWorker (SegmentedRaftLogWorker.java:execute(631)) - s5@group-C45DAFA80DA3-SegmentedRaftLogWorker: created new log segment /home/runner/work/ratis/ratis/ratis-test/target/test/data/c5bbf9cd/MiniRaftClusterWithNetty9d0d4a8/s5/3dd27d85-9dff-436e-ab57-c45dafa80da3/current/log_inprogress_0
2023-08-28 07:17:48,608 [s5-server-thread1] DEBUG server.RaftServer$Division (RaftServerImpl.java:logAppendEntries(1471)) - s5@group-C45DAFA80DA3: succeeded to handle AppendEntries. Reply: s7<-s5#181:OK-t1,SUCCESS,nextIndex=1,followerCommit=-1,matchIndex=0
2023-08-28 07:17:48,614 [s6@group-C45DAFA80DA3-SegmentedRaftLogWorker] INFO  segmented.SegmentedRaftLogWorker (SegmentedRaftLogWorker.java:execute(631)) - s6@group-C45DAFA80DA3-SegmentedRaftLogWorker: created new log segment /home/runner/work/ratis/ratis/ratis-test/target/test/data/c5bbf9cd/MiniRaftClusterWithNetty9d0d4a8/s6/3dd27d85-9dff-436e-ab57-c45dafa80da3/current/log_inprogress_0
2023-08-28 07:17:48,614 [s6-server-thread1] DEBUG server.RaftServer$Division (RaftServerImpl.java:logAppendEntries(1471)) - s6@group-C45DAFA80DA3: succeeded to handle AppendEntries. Reply: s7<-s6#182:OK-t1,SUCCESS,nextIndex=1,followerCommit=-1,matchIndex=0
2023-08-28 07:17:50,045 [Time-limited test] INFO  ratis.RaftTestUtil (RaftTestUtil.java:waitForLeader(119)) - printing group-C45DAFA80DA3
  s5:  RUNNING [
   FOLLOWER s5@group-75AB5BF27CAD:t0, leader=null, voted=, raftlog=Memoized:s5@group-75AB5BF27CAD-SegmentedRaftLog:OPENED:c-1, conf=-1: peers:[]|listeners:[], old=null STARTING
   FOLLOWER s5@group-C45DAFA80DA3:t1, leader=s7, voted=s7, raftlog=Memoized:s5@group-C45DAFA80DA3-SegmentedRaftLog:OPENED:c0, conf=0: peers:[s5|rpc:0.0.0.0:35717|dataStream:|priority:0|startupRole:FOLLOWER, s6|rpc:0.0.0.0:46025|dataStream:|priority:0|startupRole:FOLLOWER, s7|rpc:0.0.0.0:34047|dataStream:|priority:0|startupRole:FOLLOWER]|listeners:[], old=null RUNNING] size=2
  s6:  RUNNING [
   FOLLOWER s6@group-75AB5BF27CAD:t0, leader=null, voted=, raftlog=Memoized:s6@group-75AB5BF27CAD-SegmentedRaftLog:OPENED:c-1, conf=-1: peers:[]|listeners:[], old=null STARTING
   FOLLOWER s6@group-C45DAFA80DA3:t1, leader=s7, voted=s7, raftlog=Memoized:s6@group-C45DAFA80DA3-SegmentedRaftLog:OPENED:c0, conf=0: peers:[s5|rpc:0.0.0.0:35717|dataStream:|priority:0|startupRole:FOLLOWER, s6|rpc:0.0.0.0:46025|dataStream:|priority:0|startupRole:FOLLOWER, s7|rpc:0.0.0.0:34047|dataStream:|priority:0|startupRole:FOLLOWER]|listeners:[], old=null RUNNING] size=2
  s7:  RUNNING [
   FOLLOWER s7@group-75AB5BF27CAD:t0, leader=null, voted=, raftlog=Memoized:s7@group-75AB5BF27CAD-SegmentedRaftLog:OPENED:c-1, conf=-1: peers:[]|listeners:[], old=null STARTING
     LEADER s7@group-C45DAFA80DA3:t1, leader=s7, voted=s7, raftlog=Memoized:s7@group-C45DAFA80DA3-SegmentedRaftLog:OPENED:c0, conf=0: peers:[s5|rpc:0.0.0.0:35717|dataStream:|priority:0|startupRole:FOLLOWER, s6|rpc:0.0.0.0:46025|dataStream:|priority:0|startupRole:FOLLOWER, s7|rpc:0.0.0.0:34047|dataStream:|priority:0|startupRole:FOLLOWER]|listeners:[], old=null RUNNING] size=2
2023-08-28 07:17:50,046 [Time-limited test] INFO  impl.GroupManagementBaseTest (GroupManagementBaseTest.java:runMultiGroupTest(281)) - 2) starting group-6B83B4D95946:[s8|rpc:0.0.0.0:35321|priority:0|startupRole:FOLLOWER]
2023-08-28 07:17:50,046 [Time-limited test] DEBUG client.RaftClient (ConfUtils.java:logGet(46)) - raft.rpc.type = NETTY (custom)
2023-08-28 07:17:50,047 [nioEventLoopGroup-104-1] INFO  logging.LoggingHandler (AbstractInternalLogger.java:log(148)) - [id: 0x9cee3e91, L:/0.0.0.0:35321] READ: [id: 0x5b1d1a62, L:/10.1.0.28:35321 - R:/10.1.0.28:53578]
2023-08-28 07:17:50,048 [nioEventLoopGroup-104-1] INFO  logging.LoggingHandler (AbstractInternalLogger.java:log(148)) - [id: 0x9cee3e91, L:/0.0.0.0:35321] READ COMPLETE
2023-08-28 07:17:50,049 [nioEventLoopGroup-105-1] INFO  server.RaftServer (RaftServerProxy.java:addNew(99)) - s8: addNew group-6B83B4D95946:[s8|rpc:0.0.0.0:35321|dataStream:|priority:0|startupRole:FOLLOWER] returns group-6B83B4D95946:java.util.concurrent.CompletableFuture@5ed43154[Not completed]
2023-08-28 07:17:50,049 [s8-groupManagement] INFO  server.RaftServer$Division (RaftServerImpl.java:<init>(250)) - s8: new RaftServerImpl for group-6B83B4D95946:[s8|rpc:0.0.0.0:35321|dataStream:|priority:0|startupRole:FOLLOWER] with BaseStateMachine:uninitialized
2023-08-28 07:17:50,049 [s8-groupManagement] INFO  server.RaftServerConfigKeys (ConfUtils.java:logGet(46)) - raft.server.rpc.timeout.min = 1500ms (custom)
2023-08-28 07:17:50,049 [s8-groupManagement] INFO  server.RaftServerConfigKeys (ConfUtils.java:logGet(46)) - raft.server.rpc.timeout.max = 2000ms (custom)
2023-08-28 07:17:50,050 [s8-groupManagement] INFO  server.RaftServerConfigKeys (ConfUtils.java:logGet(46)) - raft.server.rpc.sleep.time = 25ms (default)
2023-08-28 07:17:50,050 [s8-groupManagement] INFO  server.RaftServerConfigKeys (ConfUtils.java:logGet(46)) - raft.server.rpc.slowness.timeout = 60s (default)
2023-08-28 07:17:50,050 [s8-groupManagement] INFO  server.RaftServerConfigKeys (ConfUtils.java:logGet(46)) - raft.server.leaderelection.leader.step-down.wait-time = 10s (default)
2023-08-28 07:17:50,050 [s8-groupManagement] INFO  server.RaftServerConfigKeys (ConfUtils.java:logGet(46)) - raft.server.sleep.deviation.threshold = 300ms (default)
2023-08-28 07:17:50,050 [s8-groupManagement] INFO  server.RaftServer$Division (ServerState.java:<init>(113)) - s8@group-6B83B4D95946: ConfigurationManager, init=-1: peers:[s8|rpc:0.0.0.0:35321|dataStream:|priority:0|startupRole:FOLLOWER]|listeners:[], old=null, confs=<EMPTY_MAP>
2023-08-28 07:17:50,050 [s8-groupManagement] INFO  server.RaftServerConfigKeys (ConfUtils.java:logGet(46)) - raft.server.notification.no-leader.timeout = 60s (default)
2023-08-28 07:17:50,050 [s8-groupManagement] INFO  server.RaftServerConfigKeys (ConfUtils.java:logGet(46)) - raft.server.read.timeout = 10s (default)
2023-08-28 07:17:50,050 [s8-groupManagement] INFO  server.RaftServerConfigKeys (ConfUtils.java:logGet(46)) - raft.server.retrycache.expirytime = 60s (default)
2023-08-28 07:17:50,050 [s8-groupManagement] INFO  server.RaftServerConfigKeys (ConfUtils.java:logGet(46)) - raft.server.retrycache.statistics.expirytime = 100μs (default)
2023-08-28 07:17:50,050 [s8-groupManagement] INFO  server.RaftServerConfigKeys (ConfUtils.java:logGet(46)) - raft.server.read.option = DEFAULT (default)
2023-08-28 07:17:50,050 [s8-groupManagement] INFO  server.RaftServerConfigKeys (ConfUtils.java:logGet(46)) - raft.server.rpc.request.timeout = 3000ms (default)
2023-08-28 07:17:50,050 [s8-groupManagement] INFO  server.RaftServerConfigKeys (ConfUtils.java:logGet(46)) - raft.server.log.appender.install.snapshot.enabled = true (default)
2023-08-28 07:17:50,050 [s8-groupManagement] INFO  server.RaftServerConfigKeys (ConfUtils.java:logGet(46)) - raft.server.threadpool.server.cached = true (default)
2023-08-28 07:17:50,050 [s8-groupManagement] INFO  server.RaftServerConfigKeys (ConfUtils.java:logGet(46)) - raft.server.threadpool.server.size = 0 (default)
2023-08-28 07:17:50,050 [s8-groupManagement] INFO  server.RaftServerConfigKeys (ConfUtils.java:logGet(46)) - raft.server.threadpool.client.cached = true (default)
2023-08-28 07:17:50,050 [s8-groupManagement] INFO  server.RaftServerConfigKeys (ConfUtils.java:logGet(46)) - raft.server.threadpool.client.size = 0 (default)
2023-08-28 07:17:50,050 [s8-groupManagement] DEBUG server.RaftServer (RaftServerProxy.java:lambda$groupAddAsync$11(505)) - s8: newImpl =      null s8@group-6B83B4D95946:t0, leader=null, voted=null, raftlog=UNINITIALIZED, conf=-1: peers:[s8|rpc:0.0.0.0:35321|dataStream:|priority:0|startupRole:FOLLOWER]|listeners:[], old=null NEW
2023-08-28 07:17:50,051 [s8-groupManagement] INFO  server.RaftServerConfigKeys (ConfUtils.java:logGet(46)) - raft.server.storage.free-space.min = 0MB (=0) (default)
2023-08-28 07:17:50,051 [s8-groupManagement] INFO  server.RaftServerConfigKeys (ConfUtils.java:logGet(46)) - raft.server.log.corruption.policy = EXCEPTION (default)
2023-08-28 07:17:50,051 [s8-groupManagement] INFO  server.RaftServerConfigKeys (ConfUtils.java:logGet(46)) - raft.server.storage.dir = [/home/runner/work/ratis/ratis/ratis-test/target/test/data/c5bbf9cd/MiniRaftClusterWithNetty9d0d4a8/s8] (custom)
2023-08-28 07:17:50,051 [s8-groupManagement] INFO  storage.RaftStorageDirectory (RaftStorageDirectoryImpl.java:analyzeStorage(138)) - The storage directory /home/runner/work/ratis/ratis/ratis-test/target/test/data/c5bbf9cd/MiniRaftClusterWithNetty9d0d4a8/s8/a97969aa-6f2f-49fd-9492-6b83b4d95946 does not exist. Creating ...
2023-08-28 07:17:50,051 [s8-groupManagement] TRACE util.FileUtils (LogUtils.java:runAndLog(49)) - Successfully ran Files.createDirectories /home/runner/work/ratis/ratis/ratis-test/target/test/data/c5bbf9cd/MiniRaftClusterWithNetty9d0d4a8/s8/a97969aa-6f2f-49fd-9492-6b83b4d95946
2023-08-28 07:17:50,052 [s8-groupManagement] INFO  storage.RaftStorageDirectory (RaftStorageDirectoryImpl.java:tryLock(232)) - Lock on /home/runner/work/ratis/ratis/ratis-test/target/test/data/c5bbf9cd/MiniRaftClusterWithNetty9d0d4a8/s8/a97969aa-6f2f-49fd-9492-6b83b4d95946/in_use.lock acquired by nodename 7908@fv-az1033-516
2023-08-28 07:17:50,052 [s8-groupManagement] TRACE util.FileUtils (LogUtils.java:runAndLog(49)) - Successfully ran Files.createDirectories /home/runner/work/ratis/ratis/ratis-test/target/test/data/c5bbf9cd/MiniRaftClusterWithNetty9d0d4a8/s8/a97969aa-6f2f-49fd-9492-6b83b4d95946/current
2023-08-28 07:17:50,052 [s8-groupManagement] TRACE util.FileUtils (LogUtils.java:runAndLog(49)) - Successfully ran Files.createDirectories /home/runner/work/ratis/ratis/ratis-test/target/test/data/c5bbf9cd/MiniRaftClusterWithNetty9d0d4a8/s8/a97969aa-6f2f-49fd-9492-6b83b4d95946/sm
2023-08-28 07:17:50,054 [s8-groupManagement] INFO  storage.RaftStorage (RaftStorageImpl.java:format(97)) - Storage directory /home/runner/work/ratis/ratis/ratis-test/target/test/data/c5bbf9cd/MiniRaftClusterWithNetty9d0d4a8/s8/a97969aa-6f2f-49fd-9492-6b83b4d95946 has been successfully formatted.
2023-08-28 07:17:50,054 [s8-groupManagement] INFO  server.RaftServerConfigKeys (ConfUtils.java:logGet(46)) - raft.server.log.use.memory = false (default)
2023-08-28 07:17:50,054 [s8-groupManagement] INFO  server.RaftServerConfigKeys (ConfUtils.java:logGet(46)) - raft.server.log.purge.gap = 1024 (default)
2023-08-28 07:17:50,054 [s8-groupManagement] INFO  server.RaftServerConfigKeys (ConfUtils.java:logGet(46)) - raft.server.log.appender.buffer.byte-limit = 4MB (=4194304) (default)
2023-08-28 07:17:50,054 [s8-groupManagement] INFO  server.RaftServerConfigKeys (ConfUtils.java:logGet(46)) - raft.server.log.statemachine.data.read.timeout = 1000ms (default)
2023-08-28 07:17:50,054 [s8-groupManagement] INFO  server.RaftServerConfigKeys (ConfUtils.java:logGet(46)) - raft.server.log.purge.preservation.log.num = 0 (default)
2023-08-28 07:17:50,054 [s8-groupManagement] INFO  server.RaftServerConfigKeys (ConfUtils.java:logGet(46)) - raft.server.log.segment.size.max = 8MB (=8388608) (default)
2023-08-28 07:17:50,054 [s8-groupManagement] INFO  server.RaftServerConfigKeys (ConfUtils.java:logGet(46)) - raft.server.log.segment.cache.num.max = 6 (default)
2023-08-28 07:17:50,054 [s8-groupManagement] INFO  server.RaftServerConfigKeys (ConfUtils.java:logGet(46)) - raft.server.log.segment.cache.size.max = 200MB (=209715200) (default)
2023-08-28 07:17:50,054 [s8-groupManagement] INFO  server.RaftServerConfigKeys (ConfUtils.java:logGet(46)) - raft.server.log.appender.buffer.byte-limit = 4MB (=4194304) (default)
2023-08-28 07:17:50,054 [s8-groupManagement] INFO  segmented.SegmentedRaftLogWorker (SegmentedRaftLogWorker.java:<init>(183)) - new s8@group-6B83B4D95946-SegmentedRaftLogWorker for RaftStorageImpl:Storage Directory /home/runner/work/ratis/ratis/ratis-test/target/test/data/c5bbf9cd/MiniRaftClusterWithNetty9d0d4a8/s8/a97969aa-6f2f-49fd-9492-6b83b4d95946
2023-08-28 07:17:50,054 [s8-groupManagement] INFO  server.RaftServerConfigKeys (ConfUtils.java:logGet(46)) - raft.server.log.queue.byte-limit = 64MB (=67108864) (default)
2023-08-28 07:17:50,054 [s8-groupManagement] INFO  server.RaftServerConfigKeys (ConfUtils.java:logGet(46)) - raft.server.log.queue.element-limit = 4096 (default)
2023-08-28 07:17:50,054 [s8-groupManagement] INFO  server.RaftServerConfigKeys (ConfUtils.java:logGet(46)) - raft.server.log.segment.size.max = 8MB (=8388608) (default)
2023-08-28 07:17:50,054 [s8-groupManagement] INFO  server.RaftServerConfigKeys (ConfUtils.java:logGet(46)) - raft.server.log.preallocated.size = 4MB (=4194304) (default)
2023-08-28 07:17:50,054 [s8-groupManagement] INFO  server.RaftServerConfigKeys (ConfUtils.java:logGet(46)) - raft.server.log.force.sync.num = 128 (default)
2023-08-28 07:17:50,054 [s8-groupManagement] INFO  server.RaftServerConfigKeys (ConfUtils.java:logGet(46)) - raft.server.log.statemachine.data.sync = true (default)
2023-08-28 07:17:50,054 [s8-groupManagement] INFO  server.RaftServerConfigKeys (ConfUtils.java:logGet(46)) - raft.server.log.statemachine.data.sync.timeout = 10s (default)
2023-08-28 07:17:50,054 [s8-groupManagement] INFO  server.RaftServerConfigKeys (ConfUtils.java:logGet(46)) - raft.server.log.statemachine.data.sync.timeout.retry = -1 (default)
2023-08-28 07:17:50,054 [s8-groupManagement] INFO  server.RaftServerConfigKeys (ConfUtils.java:logGet(46)) - raft.server.log.write.buffer.size = 64KB (=65536) (default)
2023-08-28 07:17:50,055 [s8-groupManagement] INFO  server.RaftServerConfigKeys (ConfUtils.java:logGet(46)) - raft.server.log.appender.buffer.byte-limit = 4MB (=4194304) (default)
2023-08-28 07:17:50,058 [s8-groupManagement] INFO  server.RaftServerConfigKeys (ConfUtils.java:logGet(46)) - raft.server.log.unsafe-flush.enabled = false (default)
2023-08-28 07:17:50,059 [s8-groupManagement] INFO  server.RaftServerConfigKeys (ConfUtils.java:logGet(46)) - raft.server.log.async-flush.enabled = false (default)
2023-08-28 07:17:50,059 [s8-groupManagement] INFO  server.RaftServerConfigKeys (ConfUtils.java:logGet(46)) - raft.server.log.statemachine.data.caching.enabled = false (default)
2023-08-28 07:17:50,059 [s8-groupManagement] INFO  segmented.SegmentedRaftLogWorker (SegmentedRaftLogWorker.java:lambda$new$0(134)) - s8@group-6B83B4D95946-SegmentedRaftLogWorker: flushIndex: setUnconditionally 0 -> -1
2023-08-28 07:17:50,059 [s8-groupManagement] INFO  segmented.SegmentedRaftLogWorker (SegmentedRaftLogWorker.java:lambda$new$0(134)) - s8@group-6B83B4D95946-SegmentedRaftLogWorker: safeCacheEvictIndex: setUnconditionally 0 -> -1
2023-08-28 07:17:50,059 [s8-groupManagement] INFO  server.RaftServer$Division (RaftServerImpl.java:start(384)) - s8@group-6B83B4D95946: start as a follower, conf=-1: peers:[s8|rpc:0.0.0.0:35321|dataStream:|priority:0|startupRole:FOLLOWER]|listeners:[], old=null
2023-08-28 07:17:50,059 [s8-groupManagement] INFO  server.RaftServer$Division (RaftServerImpl.java:setRole(371)) - s8@group-6B83B4D95946: changes role from      null to FOLLOWER at term 0 for startAsFollower
2023-08-28 07:17:50,059 [s8-groupManagement] INFO  impl.RoleInfo (RoleInfo.java:updateAndGet(138)) - s8: start s8@group-6B83B4D95946-FollowerState
2023-08-28 07:17:50,059 [s8-groupManagement] INFO  util.JmxRegister (JmxRegister.java:tryRegister(44)) - Successfully registered JMX Bean with object name Ratis:service=RaftServer,group=group-6B83B4D95946,id=s8
2023-08-28 07:17:50,059 [s8-groupManagement] INFO  server.RaftServerConfigKeys (ConfUtils.java:logGet(46)) - raft.server.snapshot.trigger-when-stop.enabled = true (default)
2023-08-28 07:17:50,059 [s8-groupManagement] INFO  server.RaftServerConfigKeys (ConfUtils.java:logGet(46)) - raft.server.snapshot.auto.trigger.enabled = false (default)
2023-08-28 07:17:50,059 [s8-groupManagement] INFO  server.RaftServerConfigKeys (ConfUtils.java:logGet(46)) - raft.server.snapshot.retention.file.num = -1 (default)
2023-08-28 07:17:50,059 [s8-groupManagement] INFO  server.RaftServerConfigKeys (ConfUtils.java:logGet(46)) - raft.server.log.purge.upto.snapshot.index = false (default)
2023-08-28 07:17:50,060 [s8@group-6B83B4D95946-FollowerState] INFO  server.RaftServerConfigKeys (ConfUtils.java:logFallback(53)) - raft.server.rpc.first-election.timeout.min = 1500ms (fallback to raft.server.rpc.timeout.min)
2023-08-28 07:17:50,060 [s8@group-6B83B4D95946-FollowerState] INFO  server.RaftServerConfigKeys (ConfUtils.java:logFallback(53)) - raft.server.rpc.first-election.timeout.max = 2000ms (fallback to raft.server.rpc.timeout.max)
2023-08-28 07:17:50,070 [Time-limited test] INFO  server.RaftServerConfigKeys (ConfUtils.java:logGet(46)) - raft.server.rpc.timeout.max = 2000ms (custom)
2023-08-28 07:17:50,070 [Time-limited test] INFO  ratis.RaftTestUtil (RaftTestUtil.java:waitForLeader(100)) - printing group-6B83B4D95946
  s8:  RUNNING [
   FOLLOWER s8@group-75AB5BF27CAD:t0, leader=null, voted=, raftlog=Memoized:s8@group-75AB5BF27CAD-SegmentedRaftLog:OPENED:c-1, conf=-1: peers:[]|listeners:[], old=null STARTING
   FOLLOWER s8@group-6B83B4D95946:t0, leader=null, voted=, raftlog=Memoized:s8@group-6B83B4D95946-SegmentedRaftLog:OPENED:c-1, conf=-1: peers:[s8|rpc:0.0.0.0:35321|dataStream:|priority:0|startupRole:FOLLOWER]|listeners:[], old=null RUNNING] size=2
2023-08-28 07:17:50,070 [Time-limited test] WARN  ratis.RaftTestUtil (JavaUtils.java:attempt(217)) - FAILED "waitForLeader-group-6B83B4D95946-(expectLeader? true)", attempt #1/100: java.lang.IllegalStateException: No leader yet  for group-6B83B4D95946: printing group-6B83B4D95946
  s8:  RUNNING [
   FOLLOWER s8@group-75AB5BF27CAD:t0, leader=null, voted=, raftlog=Memoized:s8@group-75AB5BF27CAD-SegmentedRaftLog:OPENED:c-1, conf=-1: peers:[]|listeners:[], old=null STARTING
   FOLLOWER s8@group-6B83B4D95946:t0, leader=null, voted=, raftlog=Memoized:s8@group-6B83B4D95946-SegmentedRaftLog:OPENED:c-1, conf=-1: peers:[s8|rpc:0.0.0.0:35321|dataStream:|priority:0|startupRole:FOLLOWER]|listeners:[], old=null RUNNING] size=2, sleep 3000ms and then retry.
java.lang.IllegalStateException: No leader yet  for group-6B83B4D95946: printing group-6B83B4D95946
  s8:  RUNNING [
   FOLLOWER s8@group-75AB5BF27CAD:t0, leader=null, voted=, raftlog=Memoized:s8@group-75AB5BF27CAD-SegmentedRaftLog:OPENED:c-1, conf=-1: peers:[]|listeners:[], old=null STARTING
   FOLLOWER s8@group-6B83B4D95946:t0, leader=null, voted=, raftlog=Memoized:s8@group-6B83B4D95946-SegmentedRaftLog:OPENED:c-1, conf=-1: peers:[s8|rpc:0.0.0.0:35321|dataStream:|priority:0|startupRole:FOLLOWER]|listeners:[], old=null RUNNING] size=2
	at org.apache.ratis.server.impl.MiniRaftCluster.newIllegalStateExceptionForNoLeaders(MiniRaftCluster.java:581)
	at org.apache.ratis.RaftTestUtil.lambda$waitForLeader$1(RaftTestUtil.java:104)
	at org.apache.ratis.server.impl.MiniRaftCluster.getLeader(MiniRaftCluster.java:615)
	at org.apache.ratis.server.impl.MiniRaftCluster.getLeader(MiniRaftCluster.java:608)
	at org.apache.ratis.RaftTestUtil.lambda$waitForLeader$3(RaftTestUtil.java:112)
	at org.apache.ratis.util.JavaUtils.attempt(JavaUtils.java:211)
	at org.apache.ratis.util.JavaUtils.attemptRepeatedly(JavaUtils.java:197)
	at org.apache.ratis.RaftTestUtil.waitForLeader(RaftTestUtil.java:111)
	at org.apache.ratis.RaftTestUtil.waitForLeader(RaftTestUtil.java:92)
	at org.apache.ratis.server.impl.GroupManagementBaseTest.runMultiGroupTest(GroupManagementBaseTest.java:287)
	at org.apache.ratis.server.impl.GroupManagementBaseTest.runMultiGroupTest(GroupManagementBaseTest.java:237)
	at org.apache.ratis.server.impl.GroupManagementBaseTest.testMultiGroup9Nodes(GroupManagementBaseTest.java:232)
	at java.base/jdk.internal.reflect.NativeMethodAccessorImpl.invoke0(Native Method)
	at java.base/jdk.internal.reflect.NativeMethodAccessorImpl.invoke(NativeMethodAccessorImpl.java:62)
	at java.base/jdk.internal.reflect.DelegatingMethodAccessorImpl.invoke(DelegatingMethodAccessorImpl.java:43)
	at java.base/java.lang.reflect.Method.invoke(Method.java:566)
	at org.junit.runners.model.FrameworkMethod$1.runReflectiveCall(FrameworkMethod.java:59)
	at org.junit.internal.runners.model.ReflectiveCallable.run(ReflectiveCallable.java:12)
	at org.junit.runners.model.FrameworkMethod.invokeExplosively(FrameworkMethod.java:56)
	at org.junit.internal.runners.statements.InvokeMethod.evaluate(InvokeMethod.java:17)
	at org.junit.internal.runners.statements.RunAfters.evaluate(RunAfters.java:27)
	at org.junit.internal.runners.statements.FailOnTimeout$CallableStatement.call(FailOnTimeout.java:299)
	at org.junit.internal.runners.statements.FailOnTimeout$CallableStatement.call(FailOnTimeout.java:293)
	at java.base/java.util.concurrent.FutureTask.run(FutureTask.java:264)
	at java.base/java.lang.Thread.run(Thread.java:829)
2023-08-28 07:17:51,875 [s8@group-6B83B4D95946-FollowerState] INFO  impl.FollowerState (FollowerState.java:run(143)) - s8@group-6B83B4D95946-FollowerState: change to CANDIDATE, lastRpcElapsedTime:1815855038ns, electionTimeout:1815ms
2023-08-28 07:17:51,875 [s8@group-6B83B4D95946-FollowerState] INFO  impl.RoleInfo (RoleInfo.java:shutdownFollowerState(109)) - s8: shutdown s8@group-6B83B4D95946-FollowerState
2023-08-28 07:17:51,875 [s8@group-6B83B4D95946-FollowerState] INFO  server.RaftServer$Division (RaftServerImpl.java:setRole(371)) - s8@group-6B83B4D95946: changes role from  FOLLOWER to CANDIDATE at term 0 for changeToCandidate
2023-08-28 07:17:51,875 [s8@group-6B83B4D95946-FollowerState] INFO  server.RaftServerConfigKeys (ConfUtils.java:logGet(46)) - raft.server.leaderelection.pre-vote = true (default)
2023-08-28 07:17:51,875 [s8@group-6B83B4D95946-FollowerState] INFO  impl.RoleInfo (RoleInfo.java:updateAndGet(138)) - s8: start s8@group-6B83B4D95946-LeaderElection10
2023-08-28 07:17:51,876 [s8@group-6B83B4D95946-LeaderElection10] INFO  impl.LeaderElection (LeaderElection.java:askForVotes(320)) - s8@group-6B83B4D95946-LeaderElection10 PRE_VOTE round 0: submit vote requests at term 0 for -1: peers:[s8|rpc:0.0.0.0:35321|dataStream:|priority:0|startupRole:FOLLOWER]|listeners:[], old=null
2023-08-28 07:17:51,876 [s8@group-6B83B4D95946-LeaderElection10] INFO  impl.LeaderElection (LeaderElection.java:askForVotes(322)) - s8@group-6B83B4D95946-LeaderElection10 PRE_VOTE round 0: result PASSED (term=0)
2023-08-28 07:17:51,879 [s8@group-6B83B4D95946-LeaderElection10] INFO  impl.LeaderElection (LeaderElection.java:askForVotes(320)) - s8@group-6B83B4D95946-LeaderElection10 ELECTION round 0: submit vote requests at term 1 for -1: peers:[s8|rpc:0.0.0.0:35321|dataStream:|priority:0|startupRole:FOLLOWER]|listeners:[], old=null
2023-08-28 07:17:51,879 [s8@group-6B83B4D95946-LeaderElection10] INFO  impl.LeaderElection (LeaderElection.java:askForVotes(322)) - s8@group-6B83B4D95946-LeaderElection10 ELECTION round 0: result PASSED (term=1)
2023-08-28 07:17:51,879 [s8@group-6B83B4D95946-LeaderElection10] INFO  impl.RoleInfo (RoleInfo.java:shutdownLeaderElection(129)) - s8: shutdown s8@group-6B83B4D95946-LeaderElection10
2023-08-28 07:17:51,879 [s8@group-6B83B4D95946-LeaderElection10] INFO  server.RaftServer$Division (RaftServerImpl.java:setRole(371)) - s8@group-6B83B4D95946: changes role from CANDIDATE to LEADER at term 1 for changeToLeader
2023-08-28 07:17:51,879 [s8@group-6B83B4D95946-LeaderElection10] INFO  server.RaftServerConfigKeys (ConfUtils.java:logGet(46)) - raft.server.staging.catchup.gap = 1000 (default)
2023-08-28 07:17:51,879 [s8@group-6B83B4D95946-LeaderElection10] INFO  server.RaftServerConfigKeys (ConfUtils.java:logGet(46)) - raft.server.write.element-limit = 4096 (default)
2023-08-28 07:17:51,880 [s8@group-6B83B4D95946-LeaderElection10] INFO  server.RaftServerConfigKeys (ConfUtils.java:logGet(46)) - raft.server.write.byte-limit = 64MB (=67108864) (default)
2023-08-28 07:17:51,880 [s8@group-6B83B4D95946-LeaderElection10] INFO  server.RaftServerConfigKeys (ConfUtils.java:logGet(46)) - raft.server.watch.timeout = 10s (default)
2023-08-28 07:17:51,880 [s8@group-6B83B4D95946-LeaderElection10] INFO  server.RaftServerConfigKeys (ConfUtils.java:logGet(46)) - raft.server.watch.timeout.denomination = 1s (default)
2023-08-28 07:17:51,880 [s8@group-6B83B4D95946-LeaderElection10] INFO  server.RaftServerConfigKeys (ConfUtils.java:logGet(46)) - raft.server.watch.element-limit = 65536 (default)
2023-08-28 07:17:51,880 [s8@group-6B83B4D95946-LeaderElection10] INFO  server.RaftServerConfigKeys (ConfUtils.java:logGet(46)) - raft.server.write.element-limit = 4096 (default)
2023-08-28 07:17:51,880 [s8@group-6B83B4D95946-LeaderElection10] INFO  server.RaftServerConfigKeys (ConfUtils.java:logGet(46)) - raft.server.write.follower.gap.ratio.max = -1.0 (default)
2023-08-28 07:17:51,880 [s8@group-6B83B4D95946-LeaderElection10] INFO  impl.RoleInfo (RoleInfo.java:updateAndGet(138)) - s8: start s8@group-6B83B4D95946-LeaderStateImpl
2023-08-28 07:17:51,880 [s8@group-6B83B4D95946-LeaderElection10] INFO  server.RaftServer$Division (RaftServerImpl.java:setFirstElection(556)) - s8@group-6B83B4D95946: set firstElectionSinceStartup to false for becomeLeader
2023-08-28 07:17:51,880 [s8@group-6B83B4D95946-LeaderElection10] INFO  server.RaftServer$Division (ServerState.java:setLeader(260)) - s8@group-6B83B4D95946: change Leader from null to s8 at term 1 for becomeLeader, leader elected after 1830ms
2023-08-28 07:17:51,880 [s8@group-6B83B4D95946-LeaderElection10] INFO  segmented.SegmentedRaftLogWorker (SegmentedRaftLogWorker.java:startLogSegment(427)) - s8@group-6B83B4D95946-SegmentedRaftLogWorker: Starting segment from index:0
2023-08-28 07:17:51,881 [s8@group-6B83B4D95946-LeaderElection10] INFO  server.RaftServer$Division (ServerState.java:setRaftConf(377)) - s8@group-6B83B4D95946: set configuration 0: peers:[s8|rpc:0.0.0.0:35321|dataStream:|priority:0|startupRole:FOLLOWER]|listeners:[], old=null
2023-08-28 07:17:51,889 [s8@group-6B83B4D95946-SegmentedRaftLogWorker] INFO  segmented.SegmentedRaftLogWorker (SegmentedRaftLogWorker.java:execute(631)) - s8@group-6B83B4D95946-SegmentedRaftLogWorker: created new log segment /home/runner/work/ratis/ratis/ratis-test/target/test/data/c5bbf9cd/MiniRaftClusterWithNetty9d0d4a8/s8/a97969aa-6f2f-49fd-9492-6b83b4d95946/current/log_inprogress_0
2023-08-28 07:17:52,672 [Timer-4] INFO  impl.MiniRaftCluster (MiniRaftCluster.java:lambda$start$6(349)) - TIMED-PRINT: printing ALL groups
  s3:  RUNNING [
   FOLLOWER s3@group-B3A6F468776F:t1, leader=s2, voted=s2, raftlog=Memoized:s3@group-B3A6F468776F-SegmentedRaftLog:OPENED:c0, conf=0: peers:[s3|rpc:0.0.0.0:36829|dataStream:|priority:0|startupRole:FOLLOWER, s4|rpc:0.0.0.0:45719|dataStream:|priority:0|startupRole:FOLLOWER, s0|rpc:0.0.0.0:46813|dataStream:|priority:0|startupRole:FOLLOWER, s1|rpc:0.0.0.0:37301|dataStream:|priority:0|startupRole:FOLLOWER, s2|rpc:0.0.0.0:46017|dataStream:|priority:0|startupRole:FOLLOWER]|listeners:[], old=null RUNNING
   FOLLOWER s3@group-75AB5BF27CAD:t0, leader=null, voted=, raftlog=Memoized:s3@group-75AB5BF27CAD-SegmentedRaftLog:OPENED:c-1, conf=-1: peers:[]|listeners:[], old=null STARTING] size=2
  s4:  RUNNING [
   FOLLOWER s4@group-B3A6F468776F:t1, leader=s2, voted=s2, raftlog=Memoized:s4@group-B3A6F468776F-SegmentedRaftLog:OPENED:c0, conf=0: peers:[s3|rpc:0.0.0.0:36829|dataStream:|priority:0|startupRole:FOLLOWER, s4|rpc:0.0.0.0:45719|dataStream:|priority:0|startupRole:FOLLOWER, s0|rpc:0.0.0.0:46813|dataStream:|priority:0|startupRole:FOLLOWER, s1|rpc:0.0.0.0:37301|dataStream:|priority:0|startupRole:FOLLOWER, s2|rpc:0.0.0.0:46017|dataStream:|priority:0|startupRole:FOLLOWER]|listeners:[], old=null RUNNING
   FOLLOWER s4@group-75AB5BF27CAD:t0, leader=null, voted=, raftlog=Memoized:s4@group-75AB5BF27CAD-SegmentedRaftLog:OPENED:c-1, conf=-1: peers:[]|listeners:[], old=null STARTING] size=2
  s5:  RUNNING [
   FOLLOWER s5@group-75AB5BF27CAD:t0, leader=null, voted=, raftlog=Memoized:s5@group-75AB5BF27CAD-SegmentedRaftLog:OPENED:c-1, conf=-1: peers:[]|listeners:[], old=null STARTING
   FOLLOWER s5@group-C45DAFA80DA3:t1, leader=s7, voted=s7, raftlog=Memoized:s5@group-C45DAFA80DA3-SegmentedRaftLog:OPENED:c0, conf=0: peers:[s5|rpc:0.0.0.0:35717|dataStream:|priority:0|startupRole:FOLLOWER, s6|rpc:0.0.0.0:46025|dataStream:|priority:0|startupRole:FOLLOWER, s7|rpc:0.0.0.0:34047|dataStream:|priority:0|startupRole:FOLLOWER]|listeners:[], old=null RUNNING] size=2
  s6:  RUNNING [
   FOLLOWER s6@group-75AB5BF27CAD:t0, leader=null, voted=, raftlog=Memoized:s6@group-75AB5BF27CAD-SegmentedRaftLog:OPENED:c-1, conf=-1: peers:[]|listeners:[], old=null STARTING
   FOLLOWER s6@group-C45DAFA80DA3:t1, leader=s7, voted=s7, raftlog=Memoized:s6@group-C45DAFA80DA3-SegmentedRaftLog:OPENED:c0, conf=0: peers:[s5|rpc:0.0.0.0:35717|dataStream:|priority:0|startupRole:FOLLOWER, s6|rpc:0.0.0.0:46025|dataStream:|priority:0|startupRole:FOLLOWER, s7|rpc:0.0.0.0:34047|dataStream:|priority:0|startupRole:FOLLOWER]|listeners:[], old=null RUNNING] size=2
  s7:  RUNNING [
   FOLLOWER s7@group-75AB5BF27CAD:t0, leader=null, voted=, raftlog=Memoized:s7@group-75AB5BF27CAD-SegmentedRaftLog:OPENED:c-1, conf=-1: peers:[]|listeners:[], old=null STARTING
     LEADER s7@group-C45DAFA80DA3:t1, leader=s7, voted=s7, raftlog=Memoized:s7@group-C45DAFA80DA3-SegmentedRaftLog:OPENED:c0, conf=0: peers:[s5|rpc:0.0.0.0:35717|dataStream:|priority:0|startupRole:FOLLOWER, s6|rpc:0.0.0.0:46025|dataStream:|priority:0|startupRole:FOLLOWER, s7|rpc:0.0.0.0:34047|dataStream:|priority:0|startupRole:FOLLOWER]|listeners:[], old=null RUNNING] size=2
  s8:  RUNNING [
   FOLLOWER s8@group-75AB5BF27CAD:t0, leader=null, voted=, raftlog=Memoized:s8@group-75AB5BF27CAD-SegmentedRaftLog:OPENED:c-1, conf=-1: peers:[]|listeners:[], old=null STARTING
     LEADER s8@group-6B83B4D95946:t1, leader=s8, voted=s8, raftlog=Memoized:s8@group-6B83B4D95946-SegmentedRaftLog:OPENED:c0, conf=0: peers:[s8|rpc:0.0.0.0:35321|dataStream:|priority:0|startupRole:FOLLOWER]|listeners:[], old=null RUNNING] size=2
  s0:  RUNNING [
   FOLLOWER s0@group-B3A6F468776F:t1, leader=s2, voted=s2, raftlog=Memoized:s0@group-B3A6F468776F-SegmentedRaftLog:OPENED:c0, conf=0: peers:[s3|rpc:0.0.0.0:36829|dataStream:|priority:0|startupRole:FOLLOWER, s4|rpc:0.0.0.0:45719|dataStream:|priority:0|startupRole:FOLLOWER, s0|rpc:0.0.0.0:46813|dataStream:|priority:0|startupRole:FOLLOWER, s1|rpc:0.0.0.0:37301|dataStream:|priority:0|startupRole:FOLLOWER, s2|rpc:0.0.0.0:46017|dataStream:|priority:0|startupRole:FOLLOWER]|listeners:[], old=null RUNNING
   FOLLOWER s0@group-75AB5BF27CAD:t0, leader=null, voted=, raftlog=Memoized:s0@group-75AB5BF27CAD-SegmentedRaftLog:OPENED:c-1, conf=-1: peers:[]|listeners:[], old=null STARTING] size=2
  s1:  RUNNING [
   FOLLOWER s1@group-B3A6F468776F:t1, leader=s2, voted=s2, raftlog=Memoized:s1@group-B3A6F468776F-SegmentedRaftLog:OPENED:c0, conf=0: peers:[s3|rpc:0.0.0.0:36829|dataStream:|priority:0|startupRole:FOLLOWER, s4|rpc:0.0.0.0:45719|dataStream:|priority:0|startupRole:FOLLOWER, s0|rpc:0.0.0.0:46813|dataStream:|priority:0|startupRole:FOLLOWER, s1|rpc:0.0.0.0:37301|dataStream:|priority:0|startupRole:FOLLOWER, s2|rpc:0.0.0.0:46017|dataStream:|priority:0|startupRole:FOLLOWER]|listeners:[], old=null RUNNING
   FOLLOWER s1@group-75AB5BF27CAD:t0, leader=null, voted=, raftlog=Memoized:s1@group-75AB5BF27CAD-SegmentedRaftLog:OPENED:c-1, conf=-1: peers:[]|listeners:[], old=null STARTING] size=2
  s2:  RUNNING [
     LEADER s2@group-B3A6F468776F:t1, leader=s2, voted=s2, raftlog=Memoized:s2@group-B3A6F468776F-SegmentedRaftLog:OPENED:c0, conf=0: peers:[s3|rpc:0.0.0.0:36829|dataStream:|priority:0|startupRole:FOLLOWER, s4|rpc:0.0.0.0:45719|dataStream:|priority:0|startupRole:FOLLOWER, s0|rpc:0.0.0.0:46813|dataStream:|priority:0|startupRole:FOLLOWER, s1|rpc:0.0.0.0:37301|dataStream:|priority:0|startupRole:FOLLOWER, s2|rpc:0.0.0.0:46017|dataStream:|priority:0|startupRole:FOLLOWER]|listeners:[], old=null RUNNING
   FOLLOWER s2@group-75AB5BF27CAD:t0, leader=null, voted=, raftlog=Memoized:s2@group-75AB5BF27CAD-SegmentedRaftLog:OPENED:c-1, conf=-1: peers:[]|listeners:[], old=null STARTING] size=2
2023-08-28 07:17:53,071 [Time-limited test] INFO  ratis.RaftTestUtil (RaftTestUtil.java:waitForLeader(119)) - printing group-6B83B4D95946
  s8:  RUNNING [
   FOLLOWER s8@group-75AB5BF27CAD:t0, leader=null, voted=, raftlog=Memoized:s8@group-75AB5BF27CAD-SegmentedRaftLog:OPENED:c-1, conf=-1: peers:[]|listeners:[], old=null STARTING
     LEADER s8@group-6B83B4D95946:t1, leader=s8, voted=s8, raftlog=Memoized:s8@group-6B83B4D95946-SegmentedRaftLog:OPENED:c0, conf=0: peers:[s8|rpc:0.0.0.0:35321|dataStream:|priority:0|startupRole:FOLLOWER]|listeners:[], old=null RUNNING] size=2
| MiniRaftClusterWithNetty[5, 8, 9]chosen=2 | start groups | 160 |
2023-08-28 07:17:53,071 [Time-limited test] INFO  impl.GroupManagementBaseTest (GroupManagementBaseTest.java:runMultiGroupTest(291)) - start groups: printing ALL groups
  s3:  RUNNING [
   FOLLOWER s3@group-B3A6F468776F:t1, leader=s2, voted=s2, raftlog=Memoized:s3@group-B3A6F468776F-SegmentedRaftLog:OPENED:c0, conf=0: peers:[s3|rpc:0.0.0.0:36829|dataStream:|priority:0|startupRole:FOLLOWER, s4|rpc:0.0.0.0:45719|dataStream:|priority:0|startupRole:FOLLOWER, s0|rpc:0.0.0.0:46813|dataStream:|priority:0|startupRole:FOLLOWER, s1|rpc:0.0.0.0:37301|dataStream:|priority:0|startupRole:FOLLOWER, s2|rpc:0.0.0.0:46017|dataStream:|priority:0|startupRole:FOLLOWER]|listeners:[], old=null RUNNING
   FOLLOWER s3@group-75AB5BF27CAD:t0, leader=null, voted=, raftlog=Memoized:s3@group-75AB5BF27CAD-SegmentedRaftLog:OPENED:c-1, conf=-1: peers:[]|listeners:[], old=null STARTING] size=2
  s4:  RUNNING [
   FOLLOWER s4@group-B3A6F468776F:t1, leader=s2, voted=s2, raftlog=Memoized:s4@group-B3A6F468776F-SegmentedRaftLog:OPENED:c0, conf=0: peers:[s3|rpc:0.0.0.0:36829|dataStream:|priority:0|startupRole:FOLLOWER, s4|rpc:0.0.0.0:45719|dataStream:|priority:0|startupRole:FOLLOWER, s0|rpc:0.0.0.0:46813|dataStream:|priority:0|startupRole:FOLLOWER, s1|rpc:0.0.0.0:37301|dataStream:|priority:0|startupRole:FOLLOWER, s2|rpc:0.0.0.0:46017|dataStream:|priority:0|startupRole:FOLLOWER]|listeners:[], old=null RUNNING
   FOLLOWER s4@group-75AB5BF27CAD:t0, leader=null, voted=, raftlog=Memoized:s4@group-75AB5BF27CAD-SegmentedRaftLog:OPENED:c-1, conf=-1: peers:[]|listeners:[], old=null STARTING] size=2
  s5:  RUNNING [
   FOLLOWER s5@group-75AB5BF27CAD:t0, leader=null, voted=, raftlog=Memoized:s5@group-75AB5BF27CAD-SegmentedRaftLog:OPENED:c-1, conf=-1: peers:[]|listeners:[], old=null STARTING
   FOLLOWER s5@group-C45DAFA80DA3:t1, leader=s7, voted=s7, raftlog=Memoized:s5@group-C45DAFA80DA3-SegmentedRaftLog:OPENED:c0, conf=0: peers:[s5|rpc:0.0.0.0:35717|dataStream:|priority:0|startupRole:FOLLOWER, s6|rpc:0.0.0.0:46025|dataStream:|priority:0|startupRole:FOLLOWER, s7|rpc:0.0.0.0:34047|dataStream:|priority:0|startupRole:FOLLOWER]|listeners:[], old=null RUNNING] size=2
  s6:  RUNNING [
   FOLLOWER s6@group-75AB5BF27CAD:t0, leader=null, voted=, raftlog=Memoized:s6@group-75AB5BF27CAD-SegmentedRaftLog:OPENED:c-1, conf=-1: peers:[]|listeners:[], old=null STARTING
   FOLLOWER s6@group-C45DAFA80DA3:t1, leader=s7, voted=s7, raftlog=Memoized:s6@group-C45DAFA80DA3-SegmentedRaftLog:OPENED:c0, conf=0: peers:[s5|rpc:0.0.0.0:35717|dataStream:|priority:0|startupRole:FOLLOWER, s6|rpc:0.0.0.0:46025|dataStream:|priority:0|startupRole:FOLLOWER, s7|rpc:0.0.0.0:34047|dataStream:|priority:0|startupRole:FOLLOWER]|listeners:[], old=null RUNNING] size=2
  s7:  RUNNING [
   FOLLOWER s7@group-75AB5BF27CAD:t0, leader=null, voted=, raftlog=Memoized:s7@group-75AB5BF27CAD-SegmentedRaftLog:OPENED:c-1, conf=-1: peers:[]|listeners:[], old=null STARTING
     LEADER s7@group-C45DAFA80DA3:t1, leader=s7, voted=s7, raftlog=Memoized:s7@group-C45DAFA80DA3-SegmentedRaftLog:OPENED:c0, conf=0: peers:[s5|rpc:0.0.0.0:35717|dataStream:|priority:0|startupRole:FOLLOWER, s6|rpc:0.0.0.0:46025|dataStream:|priority:0|startupRole:FOLLOWER, s7|rpc:0.0.0.0:34047|dataStream:|priority:0|startupRole:FOLLOWER]|listeners:[], old=null RUNNING] size=2
  s8:  RUNNING [
   FOLLOWER s8@group-75AB5BF27CAD:t0, leader=null, voted=, raftlog=Memoized:s8@group-75AB5BF27CAD-SegmentedRaftLog:OPENED:c-1, conf=-1: peers:[]|listeners:[], old=null STARTING
     LEADER s8@group-6B83B4D95946:t1, leader=s8, voted=s8, raftlog=Memoized:s8@group-6B83B4D95946-SegmentedRaftLog:OPENED:c0, conf=0: peers:[s8|rpc:0.0.0.0:35321|dataStream:|priority:0|startupRole:FOLLOWER]|listeners:[], old=null RUNNING] size=2
  s0:  RUNNING [
   FOLLOWER s0@group-B3A6F468776F:t1, leader=s2, voted=s2, raftlog=Memoized:s0@group-B3A6F468776F-SegmentedRaftLog:OPENED:c0, conf=0: peers:[s3|rpc:0.0.0.0:36829|dataStream:|priority:0|startupRole:FOLLOWER, s4|rpc:0.0.0.0:45719|dataStream:|priority:0|startupRole:FOLLOWER, s0|rpc:0.0.0.0:46813|dataStream:|priority:0|startupRole:FOLLOWER, s1|rpc:0.0.0.0:37301|dataStream:|priority:0|startupRole:FOLLOWER, s2|rpc:0.0.0.0:46017|dataStream:|priority:0|startupRole:FOLLOWER]|listeners:[], old=null RUNNING
   FOLLOWER s0@group-75AB5BF27CAD:t0, leader=null, voted=, raftlog=Memoized:s0@group-75AB5BF27CAD-SegmentedRaftLog:OPENED:c-1, conf=-1: peers:[]|listeners:[], old=null STARTING] size=2
  s1:  RUNNING [
   FOLLOWER s1@group-B3A6F468776F:t1, leader=s2, voted=s2, raftlog=Memoized:s1@group-B3A6F468776F-SegmentedRaftLog:OPENED:c0, conf=0: peers:[s3|rpc:0.0.0.0:36829|dataStream:|priority:0|startupRole:FOLLOWER, s4|rpc:0.0.0.0:45719|dataStream:|priority:0|startupRole:FOLLOWER, s0|rpc:0.0.0.0:46813|dataStream:|priority:0|startupRole:FOLLOWER, s1|rpc:0.0.0.0:37301|dataStream:|priority:0|startupRole:FOLLOWER, s2|rpc:0.0.0.0:46017|dataStream:|priority:0|startupRole:FOLLOWER]|listeners:[], old=null RUNNING
   FOLLOWER s1@group-75AB5BF27CAD:t0, leader=null, voted=, raftlog=Memoized:s1@group-75AB5BF27CAD-SegmentedRaftLog:OPENED:c-1, conf=-1: peers:[]|listeners:[], old=null STARTING] size=2
  s2:  RUNNING [
     LEADER s2@group-B3A6F468776F:t1, leader=s2, voted=s2, raftlog=Memoized:s2@group-B3A6F468776F-SegmentedRaftLog:OPENED:c0, conf=0: peers:[s3|rpc:0.0.0.0:36829|dataStream:|priority:0|startupRole:FOLLOWER, s4|rpc:0.0.0.0:45719|dataStream:|priority:0|startupRole:FOLLOWER, s0|rpc:0.0.0.0:46813|dataStream:|priority:0|startupRole:FOLLOWER, s1|rpc:0.0.0.0:37301|dataStream:|priority:0|startupRole:FOLLOWER, s2|rpc:0.0.0.0:46017|dataStream:|priority:0|startupRole:FOLLOWER]|listeners:[], old=null RUNNING
   FOLLOWER s2@group-75AB5BF27CAD:t0, leader=null, voted=, raftlog=Memoized:s2@group-75AB5BF27CAD-SegmentedRaftLog:OPENED:c-1, conf=-1: peers:[]|listeners:[], old=null STARTING] size=2
2023-08-28 07:17:53,071 [Time-limited test] INFO  impl.GroupManagementBaseTest (GroupManagementBaseTest.java:runMultiGroupTest(294)) - chosen = 2, group-6B83B4D95946:[s8|rpc:0.0.0.0:35321|priority:0|startupRole:FOLLOWER]
2023-08-28 07:17:53,071 [Time-limited test] INFO  impl.GroupManagementBaseTest (GroupManagementBaseTest.java:runMultiGroupTest(299)) - 0) close printing group-B3A6F468776F
  s3:  RUNNING [
   FOLLOWER s3@group-B3A6F468776F:t1, leader=s2, voted=s2, raftlog=Memoized:s3@group-B3A6F468776F-SegmentedRaftLog:OPENED:c0, conf=0: peers:[s3|rpc:0.0.0.0:36829|dataStream:|priority:0|startupRole:FOLLOWER, s4|rpc:0.0.0.0:45719|dataStream:|priority:0|startupRole:FOLLOWER, s0|rpc:0.0.0.0:46813|dataStream:|priority:0|startupRole:FOLLOWER, s1|rpc:0.0.0.0:37301|dataStream:|priority:0|startupRole:FOLLOWER, s2|rpc:0.0.0.0:46017|dataStream:|priority:0|startupRole:FOLLOWER]|listeners:[], old=null RUNNING
   FOLLOWER s3@group-75AB5BF27CAD:t0, leader=null, voted=, raftlog=Memoized:s3@group-75AB5BF27CAD-SegmentedRaftLog:OPENED:c-1, conf=-1: peers:[]|listeners:[], old=null STARTING] size=2
  s4:  RUNNING [
   FOLLOWER s4@group-B3A6F468776F:t1, leader=s2, voted=s2, raftlog=Memoized:s4@group-B3A6F468776F-SegmentedRaftLog:OPENED:c0, conf=0: peers:[s3|rpc:0.0.0.0:36829|dataStream:|priority:0|startupRole:FOLLOWER, s4|rpc:0.0.0.0:45719|dataStream:|priority:0|startupRole:FOLLOWER, s0|rpc:0.0.0.0:46813|dataStream:|priority:0|startupRole:FOLLOWER, s1|rpc:0.0.0.0:37301|dataStream:|priority:0|startupRole:FOLLOWER, s2|rpc:0.0.0.0:46017|dataStream:|priority:0|startupRole:FOLLOWER]|listeners:[], old=null RUNNING
   FOLLOWER s4@group-75AB5BF27CAD:t0, leader=null, voted=, raftlog=Memoized:s4@group-75AB5BF27CAD-SegmentedRaftLog:OPENED:c-1, conf=-1: peers:[]|listeners:[], old=null STARTING] size=2
  s0:  RUNNING [
   FOLLOWER s0@group-B3A6F468776F:t1, leader=s2, voted=s2, raftlog=Memoized:s0@group-B3A6F468776F-SegmentedRaftLog:OPENED:c0, conf=0: peers:[s3|rpc:0.0.0.0:36829|dataStream:|priority:0|startupRole:FOLLOWER, s4|rpc:0.0.0.0:45719|dataStream:|priority:0|startupRole:FOLLOWER, s0|rpc:0.0.0.0:46813|dataStream:|priority:0|startupRole:FOLLOWER, s1|rpc:0.0.0.0:37301|dataStream:|priority:0|startupRole:FOLLOWER, s2|rpc:0.0.0.0:46017|dataStream:|priority:0|startupRole:FOLLOWER]|listeners:[], old=null RUNNING
   FOLLOWER s0@group-75AB5BF27CAD:t0, leader=null, voted=, raftlog=Memoized:s0@group-75AB5BF27CAD-SegmentedRaftLog:OPENED:c-1, conf=-1: peers:[]|listeners:[], old=null STARTING] size=2
  s1:  RUNNING [
   FOLLOWER s1@group-B3A6F468776F:t1, leader=s2, voted=s2, raftlog=Memoized:s1@group-B3A6F468776F-SegmentedRaftLog:OPENED:c0, conf=0: peers:[s3|rpc:0.0.0.0:36829|dataStream:|priority:0|startupRole:FOLLOWER, s4|rpc:0.0.0.0:45719|dataStream:|priority:0|startupRole:FOLLOWER, s0|rpc:0.0.0.0:46813|dataStream:|priority:0|startupRole:FOLLOWER, s1|rpc:0.0.0.0:37301|dataStream:|priority:0|startupRole:FOLLOWER, s2|rpc:0.0.0.0:46017|dataStream:|priority:0|startupRole:FOLLOWER]|listeners:[], old=null RUNNING
   FOLLOWER s1@group-75AB5BF27CAD:t0, leader=null, voted=, raftlog=Memoized:s1@group-75AB5BF27CAD-SegmentedRaftLog:OPENED:c-1, conf=-1: peers:[]|listeners:[], old=null STARTING] size=2
  s2:  RUNNING [
     LEADER s2@group-B3A6F468776F:t1, leader=s2, voted=s2, raftlog=Memoized:s2@group-B3A6F468776F-SegmentedRaftLog:OPENED:c0, conf=0: peers:[s3|rpc:0.0.0.0:36829|dataStream:|priority:0|startupRole:FOLLOWER, s4|rpc:0.0.0.0:45719|dataStream:|priority:0|startupRole:FOLLOWER, s0|rpc:0.0.0.0:46813|dataStream:|priority:0|startupRole:FOLLOWER, s1|rpc:0.0.0.0:37301|dataStream:|priority:0|startupRole:FOLLOWER, s2|rpc:0.0.0.0:46017|dataStream:|priority:0|startupRole:FOLLOWER]|listeners:[], old=null RUNNING
   FOLLOWER s2@group-75AB5BF27CAD:t0, leader=null, voted=, raftlog=Memoized:s2@group-75AB5BF27CAD-SegmentedRaftLog:OPENED:c-1, conf=-1: peers:[]|listeners:[], old=null STARTING] size=2
2023-08-28 07:17:53,072 [Time-limited test] DEBUG client.RaftClient (ConfUtils.java:logGet(46)) - raft.rpc.type = NETTY (custom)
2023-08-28 07:17:53,073 [nioEventLoopGroup-90-1] INFO  logging.LoggingHandler (AbstractInternalLogger.java:log(148)) - [id: 0xad34dad4, L:/0.0.0.0:36829] READ: [id: 0xfd13b4be, L:/10.1.0.28:36829 - R:/10.1.0.28:56942]
2023-08-28 07:17:53,073 [nioEventLoopGroup-90-1] INFO  logging.LoggingHandler (AbstractInternalLogger.java:log(148)) - [id: 0xad34dad4, L:/0.0.0.0:36829] READ COMPLETE
2023-08-28 07:17:53,075 [nioEventLoopGroup-91-3] INFO  server.RaftServer (RaftServerProxy.java:remove(110)) - s3: remove  FOLLOWER s3@group-B3A6F468776F:t1, leader=s2, voted=s2, raftlog=Memoized:s3@group-B3A6F468776F-SegmentedRaftLog:OPENED:c0, conf=0: peers:[s3|rpc:0.0.0.0:36829|dataStream:|priority:0|startupRole:FOLLOWER, s4|rpc:0.0.0.0:45719|dataStream:|priority:0|startupRole:FOLLOWER, s0|rpc:0.0.0.0:46813|dataStream:|priority:0|startupRole:FOLLOWER, s1|rpc:0.0.0.0:37301|dataStream:|priority:0|startupRole:FOLLOWER, s2|rpc:0.0.0.0:46017|dataStream:|priority:0|startupRole:FOLLOWER]|listeners:[], old=null RUNNING
2023-08-28 07:17:53,075 [nioEventLoopGroup-91-3] INFO  server.RaftServer$Division (RaftServerImpl.java:lambda$close$3(508)) - s3@group-B3A6F468776F: shutdown
2023-08-28 07:17:53,075 [nioEventLoopGroup-91-3] INFO  util.JmxRegister (JmxRegister.java:unregister(73)) - Successfully un-registered JMX Bean with object name Ratis:service=RaftServer,group=group-B3A6F468776F,id=s3
2023-08-28 07:17:53,075 [nioEventLoopGroup-91-3] INFO  impl.RoleInfo (RoleInfo.java:shutdownFollowerState(109)) - s3: shutdown s3@group-B3A6F468776F-FollowerState
2023-08-28 07:17:53,075 [s3@group-B3A6F468776F-FollowerState] INFO  impl.FollowerState (FollowerState.java:run(152)) - s3@group-B3A6F468776F-FollowerState was interrupted
2023-08-28 07:17:53,075 [nioEventLoopGroup-91-3] INFO  impl.StateMachineUpdater (StateMachineUpdater.java:stopAndJoin(157)) - s3@group-B3A6F468776F-StateMachineUpdater: set stopIndex = 0
2023-08-28 07:17:53,076 [nioEventLoopGroup-91-3] INFO  server.RaftServer$Division (ServerState.java:close(415)) - s3@group-B3A6F468776F: applyIndex: 0
2023-08-28 07:17:53,493 [nioEventLoopGroup-91-3] INFO  segmented.SegmentedRaftLogWorker (SegmentedRaftLogWorker.java:close(242)) - s3@group-B3A6F468776F-SegmentedRaftLogWorker close()
2023-08-28 07:17:53,494 [nioEventLoopGroup-91-3] TRACE util.FileUtils (FileUtils.java:deleteFully(201)) - deleteFully /home/runner/work/ratis/ratis/ratis-test/target/test/data/c5bbf9cd/MiniRaftClusterWithNetty9d0d4a8/s3/5e606870-d977-484e-8788-b3a6f468776f
2023-08-28 07:17:53,495 [nioEventLoopGroup-91-3] TRACE util.FileUtils (LogUtils.java:runAndLog(49)) - Successfully ran Files.delete /home/runner/work/ratis/ratis/ratis-test/target/test/data/c5bbf9cd/MiniRaftClusterWithNetty9d0d4a8/s3/5e606870-d977-484e-8788-b3a6f468776f/in_use.lock
2023-08-28 07:17:53,495 [nioEventLoopGroup-91-3] TRACE util.FileUtils (LogUtils.java:runAndLog(49)) - Successfully ran Files.delete /home/runner/work/ratis/ratis/ratis-test/target/test/data/c5bbf9cd/MiniRaftClusterWithNetty9d0d4a8/s3/5e606870-d977-484e-8788-b3a6f468776f/current/raft-meta.conf
2023-08-28 07:17:53,495 [nioEventLoopGroup-91-3] TRACE util.FileUtils (LogUtils.java:runAndLog(49)) - Successfully ran Files.delete /home/runner/work/ratis/ratis/ratis-test/target/test/data/c5bbf9cd/MiniRaftClusterWithNetty9d0d4a8/s3/5e606870-d977-484e-8788-b3a6f468776f/current/log_inprogress_0
2023-08-28 07:17:53,495 [nioEventLoopGroup-91-3] TRACE util.FileUtils (LogUtils.java:runAndLog(49)) - Successfully ran Files.delete /home/runner/work/ratis/ratis/ratis-test/target/test/data/c5bbf9cd/MiniRaftClusterWithNetty9d0d4a8/s3/5e606870-d977-484e-8788-b3a6f468776f/current/raft-meta
2023-08-28 07:17:53,495 [nioEventLoopGroup-91-3] TRACE util.FileUtils (LogUtils.java:runAndLog(49)) - Successfully ran Files.delete /home/runner/work/ratis/ratis/ratis-test/target/test/data/c5bbf9cd/MiniRaftClusterWithNetty9d0d4a8/s3/5e606870-d977-484e-8788-b3a6f468776f/current
2023-08-28 07:17:53,495 [nioEventLoopGroup-91-3] TRACE util.FileUtils (LogUtils.java:runAndLog(49)) - Successfully ran Files.delete /home/runner/work/ratis/ratis/ratis-test/target/test/data/c5bbf9cd/MiniRaftClusterWithNetty9d0d4a8/s3/5e606870-d977-484e-8788-b3a6f468776f/sm
2023-08-28 07:17:53,495 [nioEventLoopGroup-91-3] TRACE util.FileUtils (LogUtils.java:runAndLog(49)) - Successfully ran Files.delete /home/runner/work/ratis/ratis/ratis-test/target/test/data/c5bbf9cd/MiniRaftClusterWithNetty9d0d4a8/s3/5e606870-d977-484e-8788-b3a6f468776f
2023-08-28 07:17:53,495 [nioEventLoopGroup-91-3] INFO  server.RaftServer$Division (RaftServerImpl.java:groupRemove(478)) - s3@group-B3A6F468776F: Succeed to remove RaftStorageDirectory Storage Directory /home/runner/work/ratis/ratis/ratis-test/target/test/data/c5bbf9cd/MiniRaftClusterWithNetty9d0d4a8/s3/5e606870-d977-484e-8788-b3a6f468776f
2023-08-28 07:17:53,498 [Time-limited test] DEBUG client.RaftClient (ConfUtils.java:logGet(46)) - raft.rpc.type = NETTY (custom)
2023-08-28 07:17:53,500 [nioEventLoopGroup-93-1] INFO  logging.LoggingHandler (AbstractInternalLogger.java:log(148)) - [id: 0x3e2faf44, L:/0.0.0.0:45719] READ: [id: 0x47d46b2d, L:/10.1.0.28:45719 - R:/10.1.0.28:40306]
2023-08-28 07:17:53,500 [nioEventLoopGroup-93-1] INFO  logging.LoggingHandler (AbstractInternalLogger.java:log(148)) - [id: 0x3e2faf44, L:/0.0.0.0:45719] READ COMPLETE
2023-08-28 07:17:53,506 [nioEventLoopGroup-94-3] INFO  server.RaftServer (RaftServerProxy.java:remove(110)) - s4: remove  FOLLOWER s4@group-B3A6F468776F:t1, leader=s2, voted=s2, raftlog=Memoized:s4@group-B3A6F468776F-SegmentedRaftLog:OPENED:c0, conf=0: peers:[s3|rpc:0.0.0.0:36829|dataStream:|priority:0|startupRole:FOLLOWER, s4|rpc:0.0.0.0:45719|dataStream:|priority:0|startupRole:FOLLOWER, s0|rpc:0.0.0.0:46813|dataStream:|priority:0|startupRole:FOLLOWER, s1|rpc:0.0.0.0:37301|dataStream:|priority:0|startupRole:FOLLOWER, s2|rpc:0.0.0.0:46017|dataStream:|priority:0|startupRole:FOLLOWER]|listeners:[], old=null RUNNING
2023-08-28 07:17:53,507 [nioEventLoopGroup-94-3] INFO  server.RaftServer$Division (RaftServerImpl.java:lambda$close$3(508)) - s4@group-B3A6F468776F: shutdown
2023-08-28 07:17:53,507 [nioEventLoopGroup-94-3] INFO  util.JmxRegister (JmxRegister.java:unregister(73)) - Successfully un-registered JMX Bean with object name Ratis:service=RaftServer,group=group-B3A6F468776F,id=s4
2023-08-28 07:17:53,507 [nioEventLoopGroup-94-3] INFO  impl.RoleInfo (RoleInfo.java:shutdownFollowerState(109)) - s4: shutdown s4@group-B3A6F468776F-FollowerState
2023-08-28 07:17:53,507 [nioEventLoopGroup-94-3] INFO  impl.StateMachineUpdater (StateMachineUpdater.java:stopAndJoin(157)) - s4@group-B3A6F468776F-StateMachineUpdater: set stopIndex = 0
2023-08-28 07:17:53,507 [nioEventLoopGroup-94-3] INFO  server.RaftServer$Division (ServerState.java:close(415)) - s4@group-B3A6F468776F: applyIndex: 0
2023-08-28 07:17:53,507 [s4@group-B3A6F468776F-FollowerState] INFO  impl.FollowerState (FollowerState.java:run(152)) - s4@group-B3A6F468776F-FollowerState was interrupted
2023-08-28 07:17:53,790 [s2@group-B3A6F468776F->s3-LogAppenderDefault-LogAppenderDaemon] WARN  leader.LogAppender (LogAppenderDefault.java:sendAppendEntriesWithRetries(87)) - s2@group-B3A6F468776F->s3-LogAppenderDefault: Failed to appendEntries (retry=1): {}
org.apache.ratis.protocol.exceptions.GroupMismatchException: s3: group-B3A6F468776F not found.
	at org.apache.ratis.server.impl.RaftServerProxy$ImplMap.get(RaftServerProxy.java:153)
	at org.apache.ratis.server.impl.RaftServerProxy.getImplFuture(RaftServerProxy.java:362)
	at org.apache.ratis.server.impl.RaftServerProxy.getImpl(RaftServerProxy.java:371)
	at org.apache.ratis.server.impl.RaftServerProxy.getImpl(RaftServerProxy.java:366)
	at org.apache.ratis.server.impl.RaftServerProxy.appendEntries(RaftServerProxy.java:654)
	at org.apache.ratis.netty.server.NettyRpcService.handle(NettyRpcService.java:231)
	at org.apache.ratis.netty.server.NettyRpcService$InboundHandler.channelRead0(NettyRpcService.java:95)
	at org.apache.ratis.netty.server.NettyRpcService$InboundHandler.channelRead0(NettyRpcService.java:91)
	at org.apache.ratis.thirdparty.io.netty.channel.SimpleChannelInboundHandler.channelRead(SimpleChannelInboundHandler.java:99)
	at org.apache.ratis.thirdparty.io.netty.channel.AbstractChannelHandlerContext.invokeChannelRead(AbstractChannelHandlerContext.java:444)
	at org.apache.ratis.thirdparty.io.netty.channel.AbstractChannelHandlerContext.invokeChannelRead(AbstractChannelHandlerContext.java:420)
	at org.apache.ratis.thirdparty.io.netty.channel.AbstractChannelHandlerContext.fireChannelRead(AbstractChannelHandlerContext.java:412)
	at org.apache.ratis.thirdparty.io.netty.handler.codec.MessageToMessageDecoder.channelRead(MessageToMessageDecoder.java:103)
	at org.apache.ratis.thirdparty.io.netty.channel.AbstractChannelHandlerContext.invokeChannelRead(AbstractChannelHandlerContext.java:444)
	at org.apache.ratis.thirdparty.io.netty.channel.AbstractChannelHandlerContext.invokeChannelRead(AbstractChannelHandlerContext.java:420)
	at org.apache.ratis.thirdparty.io.netty.channel.AbstractChannelHandlerContext.fireChannelRead(AbstractChannelHandlerContext.java:412)
	at org.apache.ratis.thirdparty.io.netty.handler.codec.ByteToMessageDecoder.fireChannelRead(ByteToMessageDecoder.java:346)
	at org.apache.ratis.thirdparty.io.netty.handler.codec.ByteToMessageDecoder.channelRead(ByteToMessageDecoder.java:318)
	at org.apache.ratis.thirdparty.io.netty.channel.AbstractChannelHandlerContext.invokeChannelRead(AbstractChannelHandlerContext.java:444)
	at org.apache.ratis.thirdparty.io.netty.channel.AbstractChannelHandlerContext.invokeChannelRead(AbstractChannelHandlerContext.java:420)
	at org.apache.ratis.thirdparty.io.netty.channel.AbstractChannelHandlerContext.fireChannelRead(AbstractChannelHandlerContext.java:412)
	at org.apache.ratis.thirdparty.io.netty.channel.DefaultChannelPipeline$HeadContext.channelRead(DefaultChannelPipeline.java:1410)
	at org.apache.ratis.thirdparty.io.netty.channel.AbstractChannelHandlerContext.invokeChannelRead(AbstractChannelHandlerContext.java:440)
	at org.apache.ratis.thirdparty.io.netty.channel.AbstractChannelHandlerContext.invokeChannelRead(AbstractChannelHandlerContext.java:420)
	at org.apache.ratis.thirdparty.io.netty.channel.DefaultChannelPipeline.fireChannelRead(DefaultChannelPipeline.java:919)
	at org.apache.ratis.thirdparty.io.netty.channel.nio.AbstractNioByteChannel$NioByteUnsafe.read(AbstractNioByteChannel.java:166)
	at org.apache.ratis.thirdparty.io.netty.channel.nio.NioEventLoop.processSelectedKey(NioEventLoop.java:788)
	at org.apache.ratis.thirdparty.io.netty.channel.nio.NioEventLoop.processSelectedKeysOptimized(NioEventLoop.java:724)
	at org.apache.ratis.thirdparty.io.netty.channel.nio.NioEventLoop.processSelectedKeys(NioEventLoop.java:650)
	at org.apache.ratis.thirdparty.io.netty.channel.nio.NioEventLoop.run(NioEventLoop.java:562)
	at org.apache.ratis.thirdparty.io.netty.util.concurrent.SingleThreadEventExecutor$4.run(SingleThreadEventExecutor.java:997)
	at org.apache.ratis.thirdparty.io.netty.util.internal.ThreadExecutorMap$2.run(ThreadExecutorMap.java:74)
	at org.apache.ratis.thirdparty.io.netty.util.concurrent.FastThreadLocalRunnable.run(FastThreadLocalRunnable.java:30)
	at java.base/java.lang.Thread.run(Thread.java:829)
2023-08-28 07:17:53,796 [s2@group-B3A6F468776F->s4-LogAppenderDefault-LogAppenderDaemon] WARN  leader.LogAppender (LogAppenderDefault.java:sendAppendEntriesWithRetries(87)) - s2@group-B3A6F468776F->s4-LogAppenderDefault: Failed to appendEntries (retry=1): {}
org.apache.ratis.protocol.exceptions.GroupMismatchException: s4: group-B3A6F468776F not found.
	at org.apache.ratis.server.impl.RaftServerProxy$ImplMap.get(RaftServerProxy.java:153)
	at org.apache.ratis.server.impl.RaftServerProxy.getImplFuture(RaftServerProxy.java:362)
	at org.apache.ratis.server.impl.RaftServerProxy.getImpl(RaftServerProxy.java:371)
	at org.apache.ratis.server.impl.RaftServerProxy.getImpl(RaftServerProxy.java:366)
	at org.apache.ratis.server.impl.RaftServerProxy.appendEntries(RaftServerProxy.java:654)
	at org.apache.ratis.netty.server.NettyRpcService.handle(NettyRpcService.java:231)
	at org.apache.ratis.netty.server.NettyRpcService$InboundHandler.channelRead0(NettyRpcService.java:95)
	at org.apache.ratis.netty.server.NettyRpcService$InboundHandler.channelRead0(NettyRpcService.java:91)
	at org.apache.ratis.thirdparty.io.netty.channel.SimpleChannelInboundHandler.channelRead(SimpleChannelInboundHandler.java:99)
	at org.apache.ratis.thirdparty.io.netty.channel.AbstractChannelHandlerContext.invokeChannelRead(AbstractChannelHandlerContext.java:444)
	at org.apache.ratis.thirdparty.io.netty.channel.AbstractChannelHandlerContext.invokeChannelRead(AbstractChannelHandlerContext.java:420)
	at org.apache.ratis.thirdparty.io.netty.channel.AbstractChannelHandlerContext.fireChannelRead(AbstractChannelHandlerContext.java:412)
	at org.apache.ratis.thirdparty.io.netty.handler.codec.MessageToMessageDecoder.channelRead(MessageToMessageDecoder.java:103)
	at org.apache.ratis.thirdparty.io.netty.channel.AbstractChannelHandlerContext.invokeChannelRead(AbstractChannelHandlerContext.java:444)
	at org.apache.ratis.thirdparty.io.netty.channel.AbstractChannelHandlerContext.invokeChannelRead(AbstractChannelHandlerContext.java:420)
	at org.apache.ratis.thirdparty.io.netty.channel.AbstractChannelHandlerContext.fireChannelRead(AbstractChannelHandlerContext.java:412)
	at org.apache.ratis.thirdparty.io.netty.handler.codec.ByteToMessageDecoder.fireChannelRead(ByteToMessageDecoder.java:346)
	at org.apache.ratis.thirdparty.io.netty.handler.codec.ByteToMessageDecoder.channelRead(ByteToMessageDecoder.java:318)
	at org.apache.ratis.thirdparty.io.netty.channel.AbstractChannelHandlerContext.invokeChannelRead(AbstractChannelHandlerContext.java:444)
	at org.apache.ratis.thirdparty.io.netty.channel.AbstractChannelHandlerContext.invokeChannelRead(AbstractChannelHandlerContext.java:420)
	at org.apache.ratis.thirdparty.io.netty.channel.AbstractChannelHandlerContext.fireChannelRead(AbstractChannelHandlerContext.java:412)
	at org.apache.ratis.thirdparty.io.netty.channel.DefaultChannelPipeline$HeadContext.channelRead(DefaultChannelPipeline.java:1410)
	at org.apache.ratis.thirdparty.io.netty.channel.AbstractChannelHandlerContext.invokeChannelRead(AbstractChannelHandlerContext.java:440)
	at org.apache.ratis.thirdparty.io.netty.channel.AbstractChannelHandlerContext.invokeChannelRead(AbstractChannelHandlerContext.java:420)
	at org.apache.ratis.thirdparty.io.netty.channel.DefaultChannelPipeline.fireChannelRead(DefaultChannelPipeline.java:919)
	at org.apache.ratis.thirdparty.io.netty.channel.nio.AbstractNioByteChannel$NioByteUnsafe.read(AbstractNioByteChannel.java:166)
	at org.apache.ratis.thirdparty.io.netty.channel.nio.NioEventLoop.processSelectedKey(NioEventLoop.java:788)
	at org.apache.ratis.thirdparty.io.netty.channel.nio.NioEventLoop.processSelectedKeysOptimized(NioEventLoop.java:724)
	at org.apache.ratis.thirdparty.io.netty.channel.nio.NioEventLoop.processSelectedKeys(NioEventLoop.java:650)
	at org.apache.ratis.thirdparty.io.netty.channel.nio.NioEventLoop.run(NioEventLoop.java:562)
	at org.apache.ratis.thirdparty.io.netty.util.concurrent.SingleThreadEventExecutor$4.run(SingleThreadEventExecutor.java:997)
	at org.apache.ratis.thirdparty.io.netty.util.internal.ThreadExecutorMap$2.run(ThreadExecutorMap.java:74)
	at org.apache.ratis.thirdparty.io.netty.util.concurrent.FastThreadLocalRunnable.run(FastThreadLocalRunnable.java:30)
	at java.base/java.lang.Thread.run(Thread.java:829)
2023-08-28 07:17:54,147 [s2@group-B3A6F468776F->s4-LogAppenderDefault-LogAppenderDaemon] WARN  leader.LogAppender (LogAppenderDefault.java:sendAppendEntriesWithRetries(87)) - s2@group-B3A6F468776F->s4-LogAppenderDefault: Failed to appendEntries (retry=1): {}
org.apache.ratis.protocol.exceptions.GroupMismatchException: s4: group-B3A6F468776F not found.
	at org.apache.ratis.server.impl.RaftServerProxy$ImplMap.get(RaftServerProxy.java:153)
	at org.apache.ratis.server.impl.RaftServerProxy.getImplFuture(RaftServerProxy.java:362)
	at org.apache.ratis.server.impl.RaftServerProxy.getImpl(RaftServerProxy.java:371)
	at org.apache.ratis.server.impl.RaftServerProxy.getImpl(RaftServerProxy.java:366)
	at org.apache.ratis.server.impl.RaftServerProxy.appendEntries(RaftServerProxy.java:654)
	at org.apache.ratis.netty.server.NettyRpcService.handle(NettyRpcService.java:231)
	at org.apache.ratis.netty.server.NettyRpcService$InboundHandler.channelRead0(NettyRpcService.java:95)
	at org.apache.ratis.netty.server.NettyRpcService$InboundHandler.channelRead0(NettyRpcService.java:91)
	at org.apache.ratis.thirdparty.io.netty.channel.SimpleChannelInboundHandler.channelRead(SimpleChannelInboundHandler.java:99)
	at org.apache.ratis.thirdparty.io.netty.channel.AbstractChannelHandlerContext.invokeChannelRead(AbstractChannelHandlerContext.java:444)
	at org.apache.ratis.thirdparty.io.netty.channel.AbstractChannelHandlerContext.invokeChannelRead(AbstractChannelHandlerContext.java:420)
	at org.apache.ratis.thirdparty.io.netty.channel.AbstractChannelHandlerContext.fireChannelRead(AbstractChannelHandlerContext.java:412)
	at org.apache.ratis.thirdparty.io.netty.handler.codec.MessageToMessageDecoder.channelRead(MessageToMessageDecoder.java:103)
	at org.apache.ratis.thirdparty.io.netty.channel.AbstractChannelHandlerContext.invokeChannelRead(AbstractChannelHandlerContext.java:444)
	at org.apache.ratis.thirdparty.io.netty.channel.AbstractChannelHandlerContext.invokeChannelRead(AbstractChannelHandlerContext.java:420)
	at org.apache.ratis.thirdparty.io.netty.channel.AbstractChannelHandlerContext.fireChannelRead(AbstractChannelHandlerContext.java:412)
	at org.apache.ratis.thirdparty.io.netty.handler.codec.ByteToMessageDecoder.fireChannelRead(ByteToMessageDecoder.java:346)
	at org.apache.ratis.thirdparty.io.netty.handler.codec.ByteToMessageDecoder.channelRead(ByteToMessageDecoder.java:318)
	at org.apache.ratis.thirdparty.io.netty.channel.AbstractChannelHandlerContext.invokeChannelRead(AbstractChannelHandlerContext.java:444)
	at org.apache.ratis.thirdparty.io.netty.channel.AbstractChannelHandlerContext.invokeChannelRead(AbstractChannelHandlerContext.java:420)
	at org.apache.ratis.thirdparty.io.netty.channel.AbstractChannelHandlerContext.fireChannelRead(AbstractChannelHandlerContext.java:412)
	at org.apache.ratis.thirdparty.io.netty.channel.DefaultChannelPipeline$HeadContext.channelRead(DefaultChannelPipeline.java:1410)
	at org.apache.ratis.thirdparty.io.netty.channel.AbstractChannelHandlerContext.invokeChannelRead(AbstractChannelHandlerContext.java:440)
	at org.apache.ratis.thirdparty.io.netty.channel.AbstractChannelHandlerContext.invokeChannelRead(AbstractChannelHandlerContext.java:420)
	at org.apache.ratis.thirdparty.io.netty.channel.DefaultChannelPipeline.fireChannelRead(DefaultChannelPipeline.java:919)
	at org.apache.ratis.thirdparty.io.netty.channel.nio.AbstractNioByteChannel$NioByteUnsafe.read(AbstractNioByteChannel.java:166)
	at org.apache.ratis.thirdparty.io.netty.channel.nio.NioEventLoop.processSelectedKey(NioEventLoop.java:788)
	at org.apache.ratis.thirdparty.io.netty.channel.nio.NioEventLoop.processSelectedKeysOptimized(NioEventLoop.java:724)
	at org.apache.ratis.thirdparty.io.netty.channel.nio.NioEventLoop.processSelectedKeys(NioEventLoop.java:650)
	at org.apache.ratis.thirdparty.io.netty.channel.nio.NioEventLoop.run(NioEventLoop.java:562)
	at org.apache.ratis.thirdparty.io.netty.util.concurrent.SingleThreadEventExecutor$4.run(SingleThreadEventExecutor.java:997)
	at org.apache.ratis.thirdparty.io.netty.util.internal.ThreadExecutorMap$2.run(ThreadExecutorMap.java:74)
	at org.apache.ratis.thirdparty.io.netty.util.concurrent.FastThreadLocalRunnable.run(FastThreadLocalRunnable.java:30)
	at java.base/java.lang.Thread.run(Thread.java:829)
2023-08-28 07:17:54,147 [s2@group-B3A6F468776F->s3-LogAppenderDefault-LogAppenderDaemon] WARN  leader.LogAppender (LogAppenderDefault.java:sendAppendEntriesWithRetries(87)) - s2@group-B3A6F468776F->s3-LogAppenderDefault: Failed to appendEntries (retry=1): {}
org.apache.ratis.protocol.exceptions.GroupMismatchException: s3: group-B3A6F468776F not found.
	at org.apache.ratis.server.impl.RaftServerProxy$ImplMap.get(RaftServerProxy.java:153)
	at org.apache.ratis.server.impl.RaftServerProxy.getImplFuture(RaftServerProxy.java:362)
	at org.apache.ratis.server.impl.RaftServerProxy.getImpl(RaftServerProxy.java:371)
	at org.apache.ratis.server.impl.RaftServerProxy.getImpl(RaftServerProxy.java:366)
	at org.apache.ratis.server.impl.RaftServerProxy.appendEntries(RaftServerProxy.java:654)
	at org.apache.ratis.netty.server.NettyRpcService.handle(NettyRpcService.java:231)
	at org.apache.ratis.netty.server.NettyRpcService$InboundHandler.channelRead0(NettyRpcService.java:95)
	at org.apache.ratis.netty.server.NettyRpcService$InboundHandler.channelRead0(NettyRpcService.java:91)
	at org.apache.ratis.thirdparty.io.netty.channel.SimpleChannelInboundHandler.channelRead(SimpleChannelInboundHandler.java:99)
	at org.apache.ratis.thirdparty.io.netty.channel.AbstractChannelHandlerContext.invokeChannelRead(AbstractChannelHandlerContext.java:444)
	at org.apache.ratis.thirdparty.io.netty.channel.AbstractChannelHandlerContext.invokeChannelRead(AbstractChannelHandlerContext.java:420)
	at org.apache.ratis.thirdparty.io.netty.channel.AbstractChannelHandlerContext.fireChannelRead(AbstractChannelHandlerContext.java:412)
	at org.apache.ratis.thirdparty.io.netty.handler.codec.MessageToMessageDecoder.channelRead(MessageToMessageDecoder.java:103)
	at org.apache.ratis.thirdparty.io.netty.channel.AbstractChannelHandlerContext.invokeChannelRead(AbstractChannelHandlerContext.java:444)
	at org.apache.ratis.thirdparty.io.netty.channel.AbstractChannelHandlerContext.invokeChannelRead(AbstractChannelHandlerContext.java:420)
	at org.apache.ratis.thirdparty.io.netty.channel.AbstractChannelHandlerContext.fireChannelRead(AbstractChannelHandlerContext.java:412)
	at org.apache.ratis.thirdparty.io.netty.handler.codec.ByteToMessageDecoder.fireChannelRead(ByteToMessageDecoder.java:346)
	at org.apache.ratis.thirdparty.io.netty.handler.codec.ByteToMessageDecoder.channelRead(ByteToMessageDecoder.java:318)
	at org.apache.ratis.thirdparty.io.netty.channel.AbstractChannelHandlerContext.invokeChannelRead(AbstractChannelHandlerContext.java:444)
	at org.apache.ratis.thirdparty.io.netty.channel.AbstractChannelHandlerContext.invokeChannelRead(AbstractChannelHandlerContext.java:420)
	at org.apache.ratis.thirdparty.io.netty.channel.AbstractChannelHandlerContext.fireChannelRead(AbstractChannelHandlerContext.java:412)
	at org.apache.ratis.thirdparty.io.netty.channel.DefaultChannelPipeline$HeadContext.channelRead(DefaultChannelPipeline.java:1410)
	at org.apache.ratis.thirdparty.io.netty.channel.AbstractChannelHandlerContext.invokeChannelRead(AbstractChannelHandlerContext.java:440)
	at org.apache.ratis.thirdparty.io.netty.channel.AbstractChannelHandlerContext.invokeChannelRead(AbstractChannelHandlerContext.java:420)
	at org.apache.ratis.thirdparty.io.netty.channel.DefaultChannelPipeline.fireChannelRead(DefaultChannelPipeline.java:919)
	at org.apache.ratis.thirdparty.io.netty.channel.nio.AbstractNioByteChannel$NioByteUnsafe.read(AbstractNioByteChannel.java:166)
	at org.apache.ratis.thirdparty.io.netty.channel.nio.NioEventLoop.processSelectedKey(NioEventLoop.java:788)
	at org.apache.ratis.thirdparty.io.netty.channel.nio.NioEventLoop.processSelectedKeysOptimized(NioEventLoop.java:724)
	at org.apache.ratis.thirdparty.io.netty.channel.nio.NioEventLoop.processSelectedKeys(NioEventLoop.java:650)
	at org.apache.ratis.thirdparty.io.netty.channel.nio.NioEventLoop.run(NioEventLoop.java:562)
	at org.apache.ratis.thirdparty.io.netty.util.concurrent.SingleThreadEventExecutor$4.run(SingleThreadEventExecutor.java:997)
	at org.apache.ratis.thirdparty.io.netty.util.internal.ThreadExecutorMap$2.run(ThreadExecutorMap.java:74)
	at org.apache.ratis.thirdparty.io.netty.util.concurrent.FastThreadLocalRunnable.run(FastThreadLocalRunnable.java:30)
	at java.base/java.lang.Thread.run(Thread.java:829)
2023-08-28 07:17:54,494 [nioEventLoopGroup-94-3] INFO  segmented.SegmentedRaftLogWorker (SegmentedRaftLogWorker.java:close(242)) - s4@group-B3A6F468776F-SegmentedRaftLogWorker close()
2023-08-28 07:17:54,495 [nioEventLoopGroup-94-3] TRACE util.FileUtils (FileUtils.java:deleteFully(201)) - deleteFully /home/runner/work/ratis/ratis/ratis-test/target/test/data/c5bbf9cd/MiniRaftClusterWithNetty9d0d4a8/s4/5e606870-d977-484e-8788-b3a6f468776f
2023-08-28 07:17:54,496 [nioEventLoopGroup-94-3] TRACE util.FileUtils (LogUtils.java:runAndLog(49)) - Successfully ran Files.delete /home/runner/work/ratis/ratis/ratis-test/target/test/data/c5bbf9cd/MiniRaftClusterWithNetty9d0d4a8/s4/5e606870-d977-484e-8788-b3a6f468776f/in_use.lock
2023-08-28 07:17:54,496 [nioEventLoopGroup-94-3] TRACE util.FileUtils (LogUtils.java:runAndLog(49)) - Successfully ran Files.delete /home/runner/work/ratis/ratis/ratis-test/target/test/data/c5bbf9cd/MiniRaftClusterWithNetty9d0d4a8/s4/5e606870-d977-484e-8788-b3a6f468776f/current/raft-meta.conf
2023-08-28 07:17:54,496 [nioEventLoopGroup-94-3] TRACE util.FileUtils (LogUtils.java:runAndLog(49)) - Successfully ran Files.delete /home/runner/work/ratis/ratis/ratis-test/target/test/data/c5bbf9cd/MiniRaftClusterWithNetty9d0d4a8/s4/5e606870-d977-484e-8788-b3a6f468776f/current/log_inprogress_0
2023-08-28 07:17:54,496 [nioEventLoopGroup-94-3] TRACE util.FileUtils (LogUtils.java:runAndLog(49)) - Successfully ran Files.delete /home/runner/work/ratis/ratis/ratis-test/target/test/data/c5bbf9cd/MiniRaftClusterWithNetty9d0d4a8/s4/5e606870-d977-484e-8788-b3a6f468776f/current/raft-meta
2023-08-28 07:17:54,496 [nioEventLoopGroup-94-3] TRACE util.FileUtils (LogUtils.java:runAndLog(49)) - Successfully ran Files.delete /home/runner/work/ratis/ratis/ratis-test/target/test/data/c5bbf9cd/MiniRaftClusterWithNetty9d0d4a8/s4/5e606870-d977-484e-8788-b3a6f468776f/current
2023-08-28 07:17:54,496 [nioEventLoopGroup-94-3] TRACE util.FileUtils (LogUtils.java:runAndLog(49)) - Successfully ran Files.delete /home/runner/work/ratis/ratis/ratis-test/target/test/data/c5bbf9cd/MiniRaftClusterWithNetty9d0d4a8/s4/5e606870-d977-484e-8788-b3a6f468776f/sm
2023-08-28 07:17:54,496 [nioEventLoopGroup-94-3] TRACE util.FileUtils (LogUtils.java:runAndLog(49)) - Successfully ran Files.delete /home/runner/work/ratis/ratis/ratis-test/target/test/data/c5bbf9cd/MiniRaftClusterWithNetty9d0d4a8/s4/5e606870-d977-484e-8788-b3a6f468776f
2023-08-28 07:17:54,496 [nioEventLoopGroup-94-3] INFO  server.RaftServer$Division (RaftServerImpl.java:groupRemove(478)) - s4@group-B3A6F468776F: Succeed to remove RaftStorageDirectory Storage Directory /home/runner/work/ratis/ratis/ratis-test/target/test/data/c5bbf9cd/MiniRaftClusterWithNetty9d0d4a8/s4/5e606870-d977-484e-8788-b3a6f468776f
2023-08-28 07:17:54,501 [Time-limited test] DEBUG client.RaftClient (ConfUtils.java:logGet(46)) - raft.rpc.type = NETTY (custom)
2023-08-28 07:17:54,502 [nioEventLoopGroup-81-1] INFO  logging.LoggingHandler (AbstractInternalLogger.java:log(148)) - [id: 0xe8e7051e, L:/0.0.0.0:46813] READ: [id: 0xffb00480, L:/10.1.0.28:46813 - R:/10.1.0.28:36210]
2023-08-28 07:17:54,506 [nioEventLoopGroup-81-1] INFO  logging.LoggingHandler (AbstractInternalLogger.java:log(148)) - [id: 0xe8e7051e, L:/0.0.0.0:46813] READ COMPLETE
2023-08-28 07:17:54,506 [nioEventLoopGroup-82-3] INFO  server.RaftServer (RaftServerProxy.java:remove(110)) - s0: remove  FOLLOWER s0@group-B3A6F468776F:t1, leader=s2, voted=s2, raftlog=Memoized:s0@group-B3A6F468776F-SegmentedRaftLog:OPENED:c0, conf=0: peers:[s3|rpc:0.0.0.0:36829|dataStream:|priority:0|startupRole:FOLLOWER, s4|rpc:0.0.0.0:45719|dataStream:|priority:0|startupRole:FOLLOWER, s0|rpc:0.0.0.0:46813|dataStream:|priority:0|startupRole:FOLLOWER, s1|rpc:0.0.0.0:37301|dataStream:|priority:0|startupRole:FOLLOWER, s2|rpc:0.0.0.0:46017|dataStream:|priority:0|startupRole:FOLLOWER]|listeners:[], old=null RUNNING
2023-08-28 07:17:54,507 [nioEventLoopGroup-82-3] INFO  server.RaftServer$Division (RaftServerImpl.java:lambda$close$3(508)) - s0@group-B3A6F468776F: shutdown
2023-08-28 07:17:54,507 [nioEventLoopGroup-82-3] INFO  util.JmxRegister (JmxRegister.java:unregister(73)) - Successfully un-registered JMX Bean with object name Ratis:service=RaftServer,group=group-B3A6F468776F,id=s0
2023-08-28 07:17:54,507 [nioEventLoopGroup-82-3] INFO  impl.RoleInfo (RoleInfo.java:shutdownFollowerState(109)) - s0: shutdown s0@group-B3A6F468776F-FollowerState
2023-08-28 07:17:54,507 [s0@group-B3A6F468776F-FollowerState] INFO  impl.FollowerState (FollowerState.java:run(152)) - s0@group-B3A6F468776F-FollowerState was interrupted
2023-08-28 07:17:54,507 [nioEventLoopGroup-82-3] INFO  impl.StateMachineUpdater (StateMachineUpdater.java:stopAndJoin(157)) - s0@group-B3A6F468776F-StateMachineUpdater: set stopIndex = 0
2023-08-28 07:17:54,507 [nioEventLoopGroup-82-3] INFO  server.RaftServer$Division (ServerState.java:close(415)) - s0@group-B3A6F468776F: applyIndex: 0
2023-08-28 07:17:54,522 [s2@group-B3A6F468776F->s4-LogAppenderDefault-LogAppenderDaemon] WARN  leader.LogAppender (LogAppenderDefault.java:sendAppendEntriesWithRetries(87)) - s2@group-B3A6F468776F->s4-LogAppenderDefault: Failed to appendEntries (retry=1): {}
org.apache.ratis.protocol.exceptions.GroupMismatchException: s4: group-B3A6F468776F not found.
	at org.apache.ratis.server.impl.RaftServerProxy$ImplMap.get(RaftServerProxy.java:153)
	at org.apache.ratis.server.impl.RaftServerProxy.getImplFuture(RaftServerProxy.java:362)
	at org.apache.ratis.server.impl.RaftServerProxy.getImpl(RaftServerProxy.java:371)
	at org.apache.ratis.server.impl.RaftServerProxy.getImpl(RaftServerProxy.java:366)
	at org.apache.ratis.server.impl.RaftServerProxy.appendEntries(RaftServerProxy.java:654)
	at org.apache.ratis.netty.server.NettyRpcService.handle(NettyRpcService.java:231)
	at org.apache.ratis.netty.server.NettyRpcService$InboundHandler.channelRead0(NettyRpcService.java:95)
	at org.apache.ratis.netty.server.NettyRpcService$InboundHandler.channelRead0(NettyRpcService.java:91)
	at org.apache.ratis.thirdparty.io.netty.channel.SimpleChannelInboundHandler.channelRead(SimpleChannelInboundHandler.java:99)
	at org.apache.ratis.thirdparty.io.netty.channel.AbstractChannelHandlerContext.invokeChannelRead(AbstractChannelHandlerContext.java:444)
	at org.apache.ratis.thirdparty.io.netty.channel.AbstractChannelHandlerContext.invokeChannelRead(AbstractChannelHandlerContext.java:420)
	at org.apache.ratis.thirdparty.io.netty.channel.AbstractChannelHandlerContext.fireChannelRead(AbstractChannelHandlerContext.java:412)
	at org.apache.ratis.thirdparty.io.netty.handler.codec.MessageToMessageDecoder.channelRead(MessageToMessageDecoder.java:103)
	at org.apache.ratis.thirdparty.io.netty.channel.AbstractChannelHandlerContext.invokeChannelRead(AbstractChannelHandlerContext.java:444)
	at org.apache.ratis.thirdparty.io.netty.channel.AbstractChannelHandlerContext.invokeChannelRead(AbstractChannelHandlerContext.java:420)
	at org.apache.ratis.thirdparty.io.netty.channel.AbstractChannelHandlerContext.fireChannelRead(AbstractChannelHandlerContext.java:412)
	at org.apache.ratis.thirdparty.io.netty.handler.codec.ByteToMessageDecoder.fireChannelRead(ByteToMessageDecoder.java:346)
	at org.apache.ratis.thirdparty.io.netty.handler.codec.ByteToMessageDecoder.channelRead(ByteToMessageDecoder.java:318)
	at org.apache.ratis.thirdparty.io.netty.channel.AbstractChannelHandlerContext.invokeChannelRead(AbstractChannelHandlerContext.java:444)
	at org.apache.ratis.thirdparty.io.netty.channel.AbstractChannelHandlerContext.invokeChannelRead(AbstractChannelHandlerContext.java:420)
	at org.apache.ratis.thirdparty.io.netty.channel.AbstractChannelHandlerContext.fireChannelRead(AbstractChannelHandlerContext.java:412)
	at org.apache.ratis.thirdparty.io.netty.channel.DefaultChannelPipeline$HeadContext.channelRead(DefaultChannelPipeline.java:1410)
	at org.apache.ratis.thirdparty.io.netty.channel.AbstractChannelHandlerContext.invokeChannelRead(AbstractChannelHandlerContext.java:440)
	at org.apache.ratis.thirdparty.io.netty.channel.AbstractChannelHandlerContext.invokeChannelRead(AbstractChannelHandlerContext.java:420)
	at org.apache.ratis.thirdparty.io.netty.channel.DefaultChannelPipeline.fireChannelRead(DefaultChannelPipeline.java:919)
	at org.apache.ratis.thirdparty.io.netty.channel.nio.AbstractNioByteChannel$NioByteUnsafe.read(AbstractNioByteChannel.java:166)
	at org.apache.ratis.thirdparty.io.netty.channel.nio.NioEventLoop.processSelectedKey(NioEventLoop.java:788)
	at org.apache.ratis.thirdparty.io.netty.channel.nio.NioEventLoop.processSelectedKeysOptimized(NioEventLoop.java:724)
	at org.apache.ratis.thirdparty.io.netty.channel.nio.NioEventLoop.processSelectedKeys(NioEventLoop.java:650)
	at org.apache.ratis.thirdparty.io.netty.channel.nio.NioEventLoop.run(NioEventLoop.java:562)
	at org.apache.ratis.thirdparty.io.netty.util.concurrent.SingleThreadEventExecutor$4.run(SingleThreadEventExecutor.java:997)
	at org.apache.ratis.thirdparty.io.netty.util.internal.ThreadExecutorMap$2.run(ThreadExecutorMap.java:74)
	at org.apache.ratis.thirdparty.io.netty.util.concurrent.FastThreadLocalRunnable.run(FastThreadLocalRunnable.java:30)
	at java.base/java.lang.Thread.run(Thread.java:829)
2023-08-28 07:17:54,524 [s2@group-B3A6F468776F->s3-LogAppenderDefault-LogAppenderDaemon] WARN  leader.LogAppender (LogAppenderDefault.java:sendAppendEntriesWithRetries(87)) - s2@group-B3A6F468776F->s3-LogAppenderDefault: Failed to appendEntries (retry=1): {}
org.apache.ratis.protocol.exceptions.GroupMismatchException: s3: group-B3A6F468776F not found.
	at org.apache.ratis.server.impl.RaftServerProxy$ImplMap.get(RaftServerProxy.java:153)
	at org.apache.ratis.server.impl.RaftServerProxy.getImplFuture(RaftServerProxy.java:362)
	at org.apache.ratis.server.impl.RaftServerProxy.getImpl(RaftServerProxy.java:371)
	at org.apache.ratis.server.impl.RaftServerProxy.getImpl(RaftServerProxy.java:366)
	at org.apache.ratis.server.impl.RaftServerProxy.appendEntries(RaftServerProxy.java:654)
	at org.apache.ratis.netty.server.NettyRpcService.handle(NettyRpcService.java:231)
	at org.apache.ratis.netty.server.NettyRpcService$InboundHandler.channelRead0(NettyRpcService.java:95)
	at org.apache.ratis.netty.server.NettyRpcService$InboundHandler.channelRead0(NettyRpcService.java:91)
	at org.apache.ratis.thirdparty.io.netty.channel.SimpleChannelInboundHandler.channelRead(SimpleChannelInboundHandler.java:99)
	at org.apache.ratis.thirdparty.io.netty.channel.AbstractChannelHandlerContext.invokeChannelRead(AbstractChannelHandlerContext.java:444)
	at org.apache.ratis.thirdparty.io.netty.channel.AbstractChannelHandlerContext.invokeChannelRead(AbstractChannelHandlerContext.java:420)
	at org.apache.ratis.thirdparty.io.netty.channel.AbstractChannelHandlerContext.fireChannelRead(AbstractChannelHandlerContext.java:412)
	at org.apache.ratis.thirdparty.io.netty.handler.codec.MessageToMessageDecoder.channelRead(MessageToMessageDecoder.java:103)
	at org.apache.ratis.thirdparty.io.netty.channel.AbstractChannelHandlerContext.invokeChannelRead(AbstractChannelHandlerContext.java:444)
	at org.apache.ratis.thirdparty.io.netty.channel.AbstractChannelHandlerContext.invokeChannelRead(AbstractChannelHandlerContext.java:420)
	at org.apache.ratis.thirdparty.io.netty.channel.AbstractChannelHandlerContext.fireChannelRead(AbstractChannelHandlerContext.java:412)
	at org.apache.ratis.thirdparty.io.netty.handler.codec.ByteToMessageDecoder.fireChannelRead(ByteToMessageDecoder.java:346)
	at org.apache.ratis.thirdparty.io.netty.handler.codec.ByteToMessageDecoder.channelRead(ByteToMessageDecoder.java:318)
	at org.apache.ratis.thirdparty.io.netty.channel.AbstractChannelHandlerContext.invokeChannelRead(AbstractChannelHandlerContext.java:444)
	at org.apache.ratis.thirdparty.io.netty.channel.AbstractChannelHandlerContext.invokeChannelRead(AbstractChannelHandlerContext.java:420)
	at org.apache.ratis.thirdparty.io.netty.channel.AbstractChannelHandlerContext.fireChannelRead(AbstractChannelHandlerContext.java:412)
	at org.apache.ratis.thirdparty.io.netty.channel.DefaultChannelPipeline$HeadContext.channelRead(DefaultChannelPipeline.java:1410)
	at org.apache.ratis.thirdparty.io.netty.channel.AbstractChannelHandlerContext.invokeChannelRead(AbstractChannelHandlerContext.java:440)
	at org.apache.ratis.thirdparty.io.netty.channel.AbstractChannelHandlerContext.invokeChannelRead(AbstractChannelHandlerContext.java:420)
	at org.apache.ratis.thirdparty.io.netty.channel.DefaultChannelPipeline.fireChannelRead(DefaultChannelPipeline.java:919)
	at org.apache.ratis.thirdparty.io.netty.channel.nio.AbstractNioByteChannel$NioByteUnsafe.read(AbstractNioByteChannel.java:166)
	at org.apache.ratis.thirdparty.io.netty.channel.nio.NioEventLoop.processSelectedKey(NioEventLoop.java:788)
	at org.apache.ratis.thirdparty.io.netty.channel.nio.NioEventLoop.processSelectedKeysOptimized(NioEventLoop.java:724)
	at org.apache.ratis.thirdparty.io.netty.channel.nio.NioEventLoop.processSelectedKeys(NioEventLoop.java:650)
	at org.apache.ratis.thirdparty.io.netty.channel.nio.NioEventLoop.run(NioEventLoop.java:562)
	at org.apache.ratis.thirdparty.io.netty.util.concurrent.SingleThreadEventExecutor$4.run(SingleThreadEventExecutor.java:997)
	at org.apache.ratis.thirdparty.io.netty.util.internal.ThreadExecutorMap$2.run(ThreadExecutorMap.java:74)
	at org.apache.ratis.thirdparty.io.netty.util.concurrent.FastThreadLocalRunnable.run(FastThreadLocalRunnable.java:30)
	at java.base/java.lang.Thread.run(Thread.java:829)
2023-08-28 07:17:54,527 [s2@group-B3A6F468776F->s0-LogAppenderDefault-LogAppenderDaemon] WARN  leader.LogAppender (LogAppenderDefault.java:sendAppendEntriesWithRetries(87)) - s2@group-B3A6F468776F->s0-LogAppenderDefault: Failed to appendEntries (retry=1): {}
org.apache.ratis.protocol.exceptions.GroupMismatchException: s0: group-B3A6F468776F not found.
	at org.apache.ratis.server.impl.RaftServerProxy$ImplMap.get(RaftServerProxy.java:153)
	at org.apache.ratis.server.impl.RaftServerProxy.getImplFuture(RaftServerProxy.java:362)
	at org.apache.ratis.server.impl.RaftServerProxy.getImpl(RaftServerProxy.java:371)
	at org.apache.ratis.server.impl.RaftServerProxy.getImpl(RaftServerProxy.java:366)
	at org.apache.ratis.server.impl.RaftServerProxy.appendEntries(RaftServerProxy.java:654)
	at org.apache.ratis.netty.server.NettyRpcService.handle(NettyRpcService.java:231)
	at org.apache.ratis.netty.server.NettyRpcService$InboundHandler.channelRead0(NettyRpcService.java:95)
	at org.apache.ratis.netty.server.NettyRpcService$InboundHandler.channelRead0(NettyRpcService.java:91)
	at org.apache.ratis.thirdparty.io.netty.channel.SimpleChannelInboundHandler.channelRead(SimpleChannelInboundHandler.java:99)
	at org.apache.ratis.thirdparty.io.netty.channel.AbstractChannelHandlerContext.invokeChannelRead(AbstractChannelHandlerContext.java:444)
	at org.apache.ratis.thirdparty.io.netty.channel.AbstractChannelHandlerContext.invokeChannelRead(AbstractChannelHandlerContext.java:420)
	at org.apache.ratis.thirdparty.io.netty.channel.AbstractChannelHandlerContext.fireChannelRead(AbstractChannelHandlerContext.java:412)
	at org.apache.ratis.thirdparty.io.netty.handler.codec.MessageToMessageDecoder.channelRead(MessageToMessageDecoder.java:103)
	at org.apache.ratis.thirdparty.io.netty.channel.AbstractChannelHandlerContext.invokeChannelRead(AbstractChannelHandlerContext.java:444)
	at org.apache.ratis.thirdparty.io.netty.channel.AbstractChannelHandlerContext.invokeChannelRead(AbstractChannelHandlerContext.java:420)
	at org.apache.ratis.thirdparty.io.netty.channel.AbstractChannelHandlerContext.fireChannelRead(AbstractChannelHandlerContext.java:412)
	at org.apache.ratis.thirdparty.io.netty.handler.codec.ByteToMessageDecoder.fireChannelRead(ByteToMessageDecoder.java:346)
	at org.apache.ratis.thirdparty.io.netty.handler.codec.ByteToMessageDecoder.channelRead(ByteToMessageDecoder.java:318)
	at org.apache.ratis.thirdparty.io.netty.channel.AbstractChannelHandlerContext.invokeChannelRead(AbstractChannelHandlerContext.java:444)
	at org.apache.ratis.thirdparty.io.netty.channel.AbstractChannelHandlerContext.invokeChannelRead(AbstractChannelHandlerContext.java:420)
	at org.apache.ratis.thirdparty.io.netty.channel.AbstractChannelHandlerContext.fireChannelRead(AbstractChannelHandlerContext.java:412)
	at org.apache.ratis.thirdparty.io.netty.channel.DefaultChannelPipeline$HeadContext.channelRead(DefaultChannelPipeline.java:1410)
	at org.apache.ratis.thirdparty.io.netty.channel.AbstractChannelHandlerContext.invokeChannelRead(AbstractChannelHandlerContext.java:440)
	at org.apache.ratis.thirdparty.io.netty.channel.AbstractChannelHandlerContext.invokeChannelRead(AbstractChannelHandlerContext.java:420)
	at org.apache.ratis.thirdparty.io.netty.channel.DefaultChannelPipeline.fireChannelRead(DefaultChannelPipeline.java:919)
	at org.apache.ratis.thirdparty.io.netty.channel.nio.AbstractNioByteChannel$NioByteUnsafe.read(AbstractNioByteChannel.java:166)
	at org.apache.ratis.thirdparty.io.netty.channel.nio.NioEventLoop.processSelectedKey(NioEventLoop.java:788)
	at org.apache.ratis.thirdparty.io.netty.channel.nio.NioEventLoop.processSelectedKeysOptimized(NioEventLoop.java:724)
	at org.apache.ratis.thirdparty.io.netty.channel.nio.NioEventLoop.processSelectedKeys(NioEventLoop.java:650)
	at org.apache.ratis.thirdparty.io.netty.channel.nio.NioEventLoop.run(NioEventLoop.java:562)
	at org.apache.ratis.thirdparty.io.netty.util.concurrent.SingleThreadEventExecutor$4.run(SingleThreadEventExecutor.java:997)
	at org.apache.ratis.thirdparty.io.netty.util.internal.ThreadExecutorMap$2.run(ThreadExecutorMap.java:74)
	at org.apache.ratis.thirdparty.io.netty.util.concurrent.FastThreadLocalRunnable.run(FastThreadLocalRunnable.java:30)
	at java.base/java.lang.Thread.run(Thread.java:829)
2023-08-28 07:17:54,897 [s2@group-B3A6F468776F->s4-LogAppenderDefault-LogAppenderDaemon] WARN  leader.LogAppender (LogAppenderDefault.java:sendAppendEntriesWithRetries(87)) - s2@group-B3A6F468776F->s4-LogAppenderDefault: Failed to appendEntries (retry=1): {}
org.apache.ratis.protocol.exceptions.GroupMismatchException: s4: group-B3A6F468776F not found.
	at org.apache.ratis.server.impl.RaftServerProxy$ImplMap.get(RaftServerProxy.java:153)
	at org.apache.ratis.server.impl.RaftServerProxy.getImplFuture(RaftServerProxy.java:362)
	at org.apache.ratis.server.impl.RaftServerProxy.getImpl(RaftServerProxy.java:371)
	at org.apache.ratis.server.impl.RaftServerProxy.getImpl(RaftServerProxy.java:366)
	at org.apache.ratis.server.impl.RaftServerProxy.appendEntries(RaftServerProxy.java:654)
	at org.apache.ratis.netty.server.NettyRpcService.handle(NettyRpcService.java:231)
	at org.apache.ratis.netty.server.NettyRpcService$InboundHandler.channelRead0(NettyRpcService.java:95)
	at org.apache.ratis.netty.server.NettyRpcService$InboundHandler.channelRead0(NettyRpcService.java:91)
	at org.apache.ratis.thirdparty.io.netty.channel.SimpleChannelInboundHandler.channelRead(SimpleChannelInboundHandler.java:99)
	at org.apache.ratis.thirdparty.io.netty.channel.AbstractChannelHandlerContext.invokeChannelRead(AbstractChannelHandlerContext.java:444)
	at org.apache.ratis.thirdparty.io.netty.channel.AbstractChannelHandlerContext.invokeChannelRead(AbstractChannelHandlerContext.java:420)
	at org.apache.ratis.thirdparty.io.netty.channel.AbstractChannelHandlerContext.fireChannelRead(AbstractChannelHandlerContext.java:412)
	at org.apache.ratis.thirdparty.io.netty.handler.codec.MessageToMessageDecoder.channelRead(MessageToMessageDecoder.java:103)
	at org.apache.ratis.thirdparty.io.netty.channel.AbstractChannelHandlerContext.invokeChannelRead(AbstractChannelHandlerContext.java:444)
	at org.apache.ratis.thirdparty.io.netty.channel.AbstractChannelHandlerContext.invokeChannelRead(AbstractChannelHandlerContext.java:420)
	at org.apache.ratis.thirdparty.io.netty.channel.AbstractChannelHandlerContext.fireChannelRead(AbstractChannelHandlerContext.java:412)
	at org.apache.ratis.thirdparty.io.netty.handler.codec.ByteToMessageDecoder.fireChannelRead(ByteToMessageDecoder.java:346)
	at org.apache.ratis.thirdparty.io.netty.handler.codec.ByteToMessageDecoder.channelRead(ByteToMessageDecoder.java:318)
	at org.apache.ratis.thirdparty.io.netty.channel.AbstractChannelHandlerContext.invokeChannelRead(AbstractChannelHandlerContext.java:444)
	at org.apache.ratis.thirdparty.io.netty.channel.AbstractChannelHandlerContext.invokeChannelRead(AbstractChannelHandlerContext.java:420)
	at org.apache.ratis.thirdparty.io.netty.channel.AbstractChannelHandlerContext.fireChannelRead(AbstractChannelHandlerContext.java:412)
	at org.apache.ratis.thirdparty.io.netty.channel.DefaultChannelPipeline$HeadContext.channelRead(DefaultChannelPipeline.java:1410)
	at org.apache.ratis.thirdparty.io.netty.channel.AbstractChannelHandlerContext.invokeChannelRead(AbstractChannelHandlerContext.java:440)
	at org.apache.ratis.thirdparty.io.netty.channel.AbstractChannelHandlerContext.invokeChannelRead(AbstractChannelHandlerContext.java:420)
	at org.apache.ratis.thirdparty.io.netty.channel.DefaultChannelPipeline.fireChannelRead(DefaultChannelPipeline.java:919)
	at org.apache.ratis.thirdparty.io.netty.channel.nio.AbstractNioByteChannel$NioByteUnsafe.read(AbstractNioByteChannel.java:166)
	at org.apache.ratis.thirdparty.io.netty.channel.nio.NioEventLoop.processSelectedKey(NioEventLoop.java:788)
	at org.apache.ratis.thirdparty.io.netty.channel.nio.NioEventLoop.processSelectedKeysOptimized(NioEventLoop.java:724)
	at org.apache.ratis.thirdparty.io.netty.channel.nio.NioEventLoop.processSelectedKeys(NioEventLoop.java:650)
	at org.apache.ratis.thirdparty.io.netty.channel.nio.NioEventLoop.run(NioEventLoop.java:562)
	at org.apache.ratis.thirdparty.io.netty.util.concurrent.SingleThreadEventExecutor$4.run(SingleThreadEventExecutor.java:997)
	at org.apache.ratis.thirdparty.io.netty.util.internal.ThreadExecutorMap$2.run(ThreadExecutorMap.java:74)
	at org.apache.ratis.thirdparty.io.netty.util.concurrent.FastThreadLocalRunnable.run(FastThreadLocalRunnable.java:30)
	at java.base/java.lang.Thread.run(Thread.java:829)
2023-08-28 07:17:54,899 [s2@group-B3A6F468776F->s3-LogAppenderDefault-LogAppenderDaemon] WARN  leader.LogAppender (LogAppenderDefault.java:sendAppendEntriesWithRetries(87)) - s2@group-B3A6F468776F->s3-LogAppenderDefault: Failed to appendEntries (retry=1): {}
org.apache.ratis.protocol.exceptions.GroupMismatchException: s3: group-B3A6F468776F not found.
	at org.apache.ratis.server.impl.RaftServerProxy$ImplMap.get(RaftServerProxy.java:153)
	at org.apache.ratis.server.impl.RaftServerProxy.getImplFuture(RaftServerProxy.java:362)
	at org.apache.ratis.server.impl.RaftServerProxy.getImpl(RaftServerProxy.java:371)
	at org.apache.ratis.server.impl.RaftServerProxy.getImpl(RaftServerProxy.java:366)
	at org.apache.ratis.server.impl.RaftServerProxy.appendEntries(RaftServerProxy.java:654)
	at org.apache.ratis.netty.server.NettyRpcService.handle(NettyRpcService.java:231)
	at org.apache.ratis.netty.server.NettyRpcService$InboundHandler.channelRead0(NettyRpcService.java:95)
	at org.apache.ratis.netty.server.NettyRpcService$InboundHandler.channelRead0(NettyRpcService.java:91)
	at org.apache.ratis.thirdparty.io.netty.channel.SimpleChannelInboundHandler.channelRead(SimpleChannelInboundHandler.java:99)
	at org.apache.ratis.thirdparty.io.netty.channel.AbstractChannelHandlerContext.invokeChannelRead(AbstractChannelHandlerContext.java:444)
	at org.apache.ratis.thirdparty.io.netty.channel.AbstractChannelHandlerContext.invokeChannelRead(AbstractChannelHandlerContext.java:420)
	at org.apache.ratis.thirdparty.io.netty.channel.AbstractChannelHandlerContext.fireChannelRead(AbstractChannelHandlerContext.java:412)
	at org.apache.ratis.thirdparty.io.netty.handler.codec.MessageToMessageDecoder.channelRead(MessageToMessageDecoder.java:103)
	at org.apache.ratis.thirdparty.io.netty.channel.AbstractChannelHandlerContext.invokeChannelRead(AbstractChannelHandlerContext.java:444)
	at org.apache.ratis.thirdparty.io.netty.channel.AbstractChannelHandlerContext.invokeChannelRead(AbstractChannelHandlerContext.java:420)
	at org.apache.ratis.thirdparty.io.netty.channel.AbstractChannelHandlerContext.fireChannelRead(AbstractChannelHandlerContext.java:412)
	at org.apache.ratis.thirdparty.io.netty.handler.codec.ByteToMessageDecoder.fireChannelRead(ByteToMessageDecoder.java:346)
	at org.apache.ratis.thirdparty.io.netty.handler.codec.ByteToMessageDecoder.channelRead(ByteToMessageDecoder.java:318)
	at org.apache.ratis.thirdparty.io.netty.channel.AbstractChannelHandlerContext.invokeChannelRead(AbstractChannelHandlerContext.java:444)
	at org.apache.ratis.thirdparty.io.netty.channel.AbstractChannelHandlerContext.invokeChannelRead(AbstractChannelHandlerContext.java:420)
	at org.apache.ratis.thirdparty.io.netty.channel.AbstractChannelHandlerContext.fireChannelRead(AbstractChannelHandlerContext.java:412)
	at org.apache.ratis.thirdparty.io.netty.channel.DefaultChannelPipeline$HeadContext.channelRead(DefaultChannelPipeline.java:1410)
	at org.apache.ratis.thirdparty.io.netty.channel.AbstractChannelHandlerContext.invokeChannelRead(AbstractChannelHandlerContext.java:440)
	at org.apache.ratis.thirdparty.io.netty.channel.AbstractChannelHandlerContext.invokeChannelRead(AbstractChannelHandlerContext.java:420)
	at org.apache.ratis.thirdparty.io.netty.channel.DefaultChannelPipeline.fireChannelRead(DefaultChannelPipeline.java:919)
	at org.apache.ratis.thirdparty.io.netty.channel.nio.AbstractNioByteChannel$NioByteUnsafe.read(AbstractNioByteChannel.java:166)
	at org.apache.ratis.thirdparty.io.netty.channel.nio.NioEventLoop.processSelectedKey(NioEventLoop.java:788)
	at org.apache.ratis.thirdparty.io.netty.channel.nio.NioEventLoop.processSelectedKeysOptimized(NioEventLoop.java:724)
	at org.apache.ratis.thirdparty.io.netty.channel.nio.NioEventLoop.processSelectedKeys(NioEventLoop.java:650)
	at org.apache.ratis.thirdparty.io.netty.channel.nio.NioEventLoop.run(NioEventLoop.java:562)
	at org.apache.ratis.thirdparty.io.netty.util.concurrent.SingleThreadEventExecutor$4.run(SingleThreadEventExecutor.java:997)
	at org.apache.ratis.thirdparty.io.netty.util.internal.ThreadExecutorMap$2.run(ThreadExecutorMap.java:74)
	at org.apache.ratis.thirdparty.io.netty.util.concurrent.FastThreadLocalRunnable.run(FastThreadLocalRunnable.java:30)
	at java.base/java.lang.Thread.run(Thread.java:829)
2023-08-28 07:17:54,903 [s2@group-B3A6F468776F->s0-LogAppenderDefault-LogAppenderDaemon] WARN  leader.LogAppender (LogAppenderDefault.java:sendAppendEntriesWithRetries(87)) - s2@group-B3A6F468776F->s0-LogAppenderDefault: Failed to appendEntries (retry=1): {}
org.apache.ratis.protocol.exceptions.GroupMismatchException: s0: group-B3A6F468776F not found.
	at org.apache.ratis.server.impl.RaftServerProxy$ImplMap.get(RaftServerProxy.java:153)
	at org.apache.ratis.server.impl.RaftServerProxy.getImplFuture(RaftServerProxy.java:362)
	at org.apache.ratis.server.impl.RaftServerProxy.getImpl(RaftServerProxy.java:371)
	at org.apache.ratis.server.impl.RaftServerProxy.getImpl(RaftServerProxy.java:366)
	at org.apache.ratis.server.impl.RaftServerProxy.appendEntries(RaftServerProxy.java:654)
	at org.apache.ratis.netty.server.NettyRpcService.handle(NettyRpcService.java:231)
	at org.apache.ratis.netty.server.NettyRpcService$InboundHandler.channelRead0(NettyRpcService.java:95)
	at org.apache.ratis.netty.server.NettyRpcService$InboundHandler.channelRead0(NettyRpcService.java:91)
	at org.apache.ratis.thirdparty.io.netty.channel.SimpleChannelInboundHandler.channelRead(SimpleChannelInboundHandler.java:99)
	at org.apache.ratis.thirdparty.io.netty.channel.AbstractChannelHandlerContext.invokeChannelRead(AbstractChannelHandlerContext.java:444)
	at org.apache.ratis.thirdparty.io.netty.channel.AbstractChannelHandlerContext.invokeChannelRead(AbstractChannelHandlerContext.java:420)
	at org.apache.ratis.thirdparty.io.netty.channel.AbstractChannelHandlerContext.fireChannelRead(AbstractChannelHandlerContext.java:412)
	at org.apache.ratis.thirdparty.io.netty.handler.codec.MessageToMessageDecoder.channelRead(MessageToMessageDecoder.java:103)
	at org.apache.ratis.thirdparty.io.netty.channel.AbstractChannelHandlerContext.invokeChannelRead(AbstractChannelHandlerContext.java:444)
	at org.apache.ratis.thirdparty.io.netty.channel.AbstractChannelHandlerContext.invokeChannelRead(AbstractChannelHandlerContext.java:420)
	at org.apache.ratis.thirdparty.io.netty.channel.AbstractChannelHandlerContext.fireChannelRead(AbstractChannelHandlerContext.java:412)
	at org.apache.ratis.thirdparty.io.netty.handler.codec.ByteToMessageDecoder.fireChannelRead(ByteToMessageDecoder.java:346)
	at org.apache.ratis.thirdparty.io.netty.handler.codec.ByteToMessageDecoder.channelRead(ByteToMessageDecoder.java:318)
	at org.apache.ratis.thirdparty.io.netty.channel.AbstractChannelHandlerContext.invokeChannelRead(AbstractChannelHandlerContext.java:444)
	at org.apache.ratis.thirdparty.io.netty.channel.AbstractChannelHandlerContext.invokeChannelRead(AbstractChannelHandlerContext.java:420)
	at org.apache.ratis.thirdparty.io.netty.channel.AbstractChannelHandlerContext.fireChannelRead(AbstractChannelHandlerContext.java:412)
	at org.apache.ratis.thirdparty.io.netty.channel.DefaultChannelPipeline$HeadContext.channelRead(DefaultChannelPipeline.java:1410)
	at org.apache.ratis.thirdparty.io.netty.channel.AbstractChannelHandlerContext.invokeChannelRead(AbstractChannelHandlerContext.java:440)
	at org.apache.ratis.thirdparty.io.netty.channel.AbstractChannelHandlerContext.invokeChannelRead(AbstractChannelHandlerContext.java:420)
	at org.apache.ratis.thirdparty.io.netty.channel.DefaultChannelPipeline.fireChannelRead(DefaultChannelPipeline.java:919)
	at org.apache.ratis.thirdparty.io.netty.channel.nio.AbstractNioByteChannel$NioByteUnsafe.read(AbstractNioByteChannel.java:166)
	at org.apache.ratis.thirdparty.io.netty.channel.nio.NioEventLoop.processSelectedKey(NioEventLoop.java:788)
	at org.apache.ratis.thirdparty.io.netty.channel.nio.NioEventLoop.processSelectedKeysOptimized(NioEventLoop.java:724)
	at org.apache.ratis.thirdparty.io.netty.channel.nio.NioEventLoop.processSelectedKeys(NioEventLoop.java:650)
	at org.apache.ratis.thirdparty.io.netty.channel.nio.NioEventLoop.run(NioEventLoop.java:562)
	at org.apache.ratis.thirdparty.io.netty.util.concurrent.SingleThreadEventExecutor$4.run(SingleThreadEventExecutor.java:997)
	at org.apache.ratis.thirdparty.io.netty.util.internal.ThreadExecutorMap$2.run(ThreadExecutorMap.java:74)
	at org.apache.ratis.thirdparty.io.netty.util.concurrent.FastThreadLocalRunnable.run(FastThreadLocalRunnable.java:30)
	at java.base/java.lang.Thread.run(Thread.java:829)
2023-08-28 07:17:55,273 [s2@group-B3A6F468776F->s4-LogAppenderDefault-LogAppenderDaemon] WARN  leader.LogAppender (LogAppenderDefault.java:sendAppendEntriesWithRetries(87)) - s2@group-B3A6F468776F->s4-LogAppenderDefault: Failed to appendEntries (retry=1): {}
org.apache.ratis.protocol.exceptions.GroupMismatchException: s4: group-B3A6F468776F not found.
	at org.apache.ratis.server.impl.RaftServerProxy$ImplMap.get(RaftServerProxy.java:153)
	at org.apache.ratis.server.impl.RaftServerProxy.getImplFuture(RaftServerProxy.java:362)
	at org.apache.ratis.server.impl.RaftServerProxy.getImpl(RaftServerProxy.java:371)
	at org.apache.ratis.server.impl.RaftServerProxy.getImpl(RaftServerProxy.java:366)
	at org.apache.ratis.server.impl.RaftServerProxy.appendEntries(RaftServerProxy.java:654)
	at org.apache.ratis.netty.server.NettyRpcService.handle(NettyRpcService.java:231)
	at org.apache.ratis.netty.server.NettyRpcService$InboundHandler.channelRead0(NettyRpcService.java:95)
	at org.apache.ratis.netty.server.NettyRpcService$InboundHandler.channelRead0(NettyRpcService.java:91)
	at org.apache.ratis.thirdparty.io.netty.channel.SimpleChannelInboundHandler.channelRead(SimpleChannelInboundHandler.java:99)
	at org.apache.ratis.thirdparty.io.netty.channel.AbstractChannelHandlerContext.invokeChannelRead(AbstractChannelHandlerContext.java:444)
	at org.apache.ratis.thirdparty.io.netty.channel.AbstractChannelHandlerContext.invokeChannelRead(AbstractChannelHandlerContext.java:420)
	at org.apache.ratis.thirdparty.io.netty.channel.AbstractChannelHandlerContext.fireChannelRead(AbstractChannelHandlerContext.java:412)
	at org.apache.ratis.thirdparty.io.netty.handler.codec.MessageToMessageDecoder.channelRead(MessageToMessageDecoder.java:103)
	at org.apache.ratis.thirdparty.io.netty.channel.AbstractChannelHandlerContext.invokeChannelRead(AbstractChannelHandlerContext.java:444)
	at org.apache.ratis.thirdparty.io.netty.channel.AbstractChannelHandlerContext.invokeChannelRead(AbstractChannelHandlerContext.java:420)
	at org.apache.ratis.thirdparty.io.netty.channel.AbstractChannelHandlerContext.fireChannelRead(AbstractChannelHandlerContext.java:412)
	at org.apache.ratis.thirdparty.io.netty.handler.codec.ByteToMessageDecoder.fireChannelRead(ByteToMessageDecoder.java:346)
	at org.apache.ratis.thirdparty.io.netty.handler.codec.ByteToMessageDecoder.channelRead(ByteToMessageDecoder.java:318)
	at org.apache.ratis.thirdparty.io.netty.channel.AbstractChannelHandlerContext.invokeChannelRead(AbstractChannelHandlerContext.java:444)
	at org.apache.ratis.thirdparty.io.netty.channel.AbstractChannelHandlerContext.invokeChannelRead(AbstractChannelHandlerContext.java:420)
	at org.apache.ratis.thirdparty.io.netty.channel.AbstractChannelHandlerContext.fireChannelRead(AbstractChannelHandlerContext.java:412)
	at org.apache.ratis.thirdparty.io.netty.channel.DefaultChannelPipeline$HeadContext.channelRead(DefaultChannelPipeline.java:1410)
	at org.apache.ratis.thirdparty.io.netty.channel.AbstractChannelHandlerContext.invokeChannelRead(AbstractChannelHandlerContext.java:440)
	at org.apache.ratis.thirdparty.io.netty.channel.AbstractChannelHandlerContext.invokeChannelRead(AbstractChannelHandlerContext.java:420)
	at org.apache.ratis.thirdparty.io.netty.channel.DefaultChannelPipeline.fireChannelRead(DefaultChannelPipeline.java:919)
	at org.apache.ratis.thirdparty.io.netty.channel.nio.AbstractNioByteChannel$NioByteUnsafe.read(AbstractNioByteChannel.java:166)
	at org.apache.ratis.thirdparty.io.netty.channel.nio.NioEventLoop.processSelectedKey(NioEventLoop.java:788)
	at org.apache.ratis.thirdparty.io.netty.channel.nio.NioEventLoop.processSelectedKeysOptimized(NioEventLoop.java:724)
	at org.apache.ratis.thirdparty.io.netty.channel.nio.NioEventLoop.processSelectedKeys(NioEventLoop.java:650)
	at org.apache.ratis.thirdparty.io.netty.channel.nio.NioEventLoop.run(NioEventLoop.java:562)
	at org.apache.ratis.thirdparty.io.netty.util.concurrent.SingleThreadEventExecutor$4.run(SingleThreadEventExecutor.java:997)
	at org.apache.ratis.thirdparty.io.netty.util.internal.ThreadExecutorMap$2.run(ThreadExecutorMap.java:74)
	at org.apache.ratis.thirdparty.io.netty.util.concurrent.FastThreadLocalRunnable.run(FastThreadLocalRunnable.java:30)
	at java.base/java.lang.Thread.run(Thread.java:829)
2023-08-28 07:17:55,274 [s2@group-B3A6F468776F->s3-LogAppenderDefault-LogAppenderDaemon] WARN  leader.LogAppender (LogAppenderDefault.java:sendAppendEntriesWithRetries(87)) - s2@group-B3A6F468776F->s3-LogAppenderDefault: Failed to appendEntries (retry=1): {}
org.apache.ratis.protocol.exceptions.GroupMismatchException: s3: group-B3A6F468776F not found.
	at org.apache.ratis.server.impl.RaftServerProxy$ImplMap.get(RaftServerProxy.java:153)
	at org.apache.ratis.server.impl.RaftServerProxy.getImplFuture(RaftServerProxy.java:362)
	at org.apache.ratis.server.impl.RaftServerProxy.getImpl(RaftServerProxy.java:371)
	at org.apache.ratis.server.impl.RaftServerProxy.getImpl(RaftServerProxy.java:366)
	at org.apache.ratis.server.impl.RaftServerProxy.appendEntries(RaftServerProxy.java:654)
	at org.apache.ratis.netty.server.NettyRpcService.handle(NettyRpcService.java:231)
	at org.apache.ratis.netty.server.NettyRpcService$InboundHandler.channelRead0(NettyRpcService.java:95)
	at org.apache.ratis.netty.server.NettyRpcService$InboundHandler.channelRead0(NettyRpcService.java:91)
	at org.apache.ratis.thirdparty.io.netty.channel.SimpleChannelInboundHandler.channelRead(SimpleChannelInboundHandler.java:99)
	at org.apache.ratis.thirdparty.io.netty.channel.AbstractChannelHandlerContext.invokeChannelRead(AbstractChannelHandlerContext.java:444)
	at org.apache.ratis.thirdparty.io.netty.channel.AbstractChannelHandlerContext.invokeChannelRead(AbstractChannelHandlerContext.java:420)
	at org.apache.ratis.thirdparty.io.netty.channel.AbstractChannelHandlerContext.fireChannelRead(AbstractChannelHandlerContext.java:412)
	at org.apache.ratis.thirdparty.io.netty.handler.codec.MessageToMessageDecoder.channelRead(MessageToMessageDecoder.java:103)
	at org.apache.ratis.thirdparty.io.netty.channel.AbstractChannelHandlerContext.invokeChannelRead(AbstractChannelHandlerContext.java:444)
	at org.apache.ratis.thirdparty.io.netty.channel.AbstractChannelHandlerContext.invokeChannelRead(AbstractChannelHandlerContext.java:420)
	at org.apache.ratis.thirdparty.io.netty.channel.AbstractChannelHandlerContext.fireChannelRead(AbstractChannelHandlerContext.java:412)
	at org.apache.ratis.thirdparty.io.netty.handler.codec.ByteToMessageDecoder.fireChannelRead(ByteToMessageDecoder.java:346)
	at org.apache.ratis.thirdparty.io.netty.handler.codec.ByteToMessageDecoder.channelRead(ByteToMessageDecoder.java:318)
	at org.apache.ratis.thirdparty.io.netty.channel.AbstractChannelHandlerContext.invokeChannelRead(AbstractChannelHandlerContext.java:444)
	at org.apache.ratis.thirdparty.io.netty.channel.AbstractChannelHandlerContext.invokeChannelRead(AbstractChannelHandlerContext.java:420)
	at org.apache.ratis.thirdparty.io.netty.channel.AbstractChannelHandlerContext.fireChannelRead(AbstractChannelHandlerContext.java:412)
	at org.apache.ratis.thirdparty.io.netty.channel.DefaultChannelPipeline$HeadContext.channelRead(DefaultChannelPipeline.java:1410)
	at org.apache.ratis.thirdparty.io.netty.channel.AbstractChannelHandlerContext.invokeChannelRead(AbstractChannelHandlerContext.java:440)
	at org.apache.ratis.thirdparty.io.netty.channel.AbstractChannelHandlerContext.invokeChannelRead(AbstractChannelHandlerContext.java:420)
	at org.apache.ratis.thirdparty.io.netty.channel.DefaultChannelPipeline.fireChannelRead(DefaultChannelPipeline.java:919)
	at org.apache.ratis.thirdparty.io.netty.channel.nio.AbstractNioByteChannel$NioByteUnsafe.read(AbstractNioByteChannel.java:166)
	at org.apache.ratis.thirdparty.io.netty.channel.nio.NioEventLoop.processSelectedKey(NioEventLoop.java:788)
	at org.apache.ratis.thirdparty.io.netty.channel.nio.NioEventLoop.processSelectedKeysOptimized(NioEventLoop.java:724)
	at org.apache.ratis.thirdparty.io.netty.channel.nio.NioEventLoop.processSelectedKeys(NioEventLoop.java:650)
	at org.apache.ratis.thirdparty.io.netty.channel.nio.NioEventLoop.run(NioEventLoop.java:562)
	at org.apache.ratis.thirdparty.io.netty.util.concurrent.SingleThreadEventExecutor$4.run(SingleThreadEventExecutor.java:997)
	at org.apache.ratis.thirdparty.io.netty.util.internal.ThreadExecutorMap$2.run(ThreadExecutorMap.java:74)
	at org.apache.ratis.thirdparty.io.netty.util.concurrent.FastThreadLocalRunnable.run(FastThreadLocalRunnable.java:30)
	at java.base/java.lang.Thread.run(Thread.java:829)
2023-08-28 07:17:55,278 [s2@group-B3A6F468776F->s0-LogAppenderDefault-LogAppenderDaemon] WARN  leader.LogAppender (LogAppenderDefault.java:sendAppendEntriesWithRetries(87)) - s2@group-B3A6F468776F->s0-LogAppenderDefault: Failed to appendEntries (retry=1): {}
org.apache.ratis.protocol.exceptions.GroupMismatchException: s0: group-B3A6F468776F not found.
	at org.apache.ratis.server.impl.RaftServerProxy$ImplMap.get(RaftServerProxy.java:153)
	at org.apache.ratis.server.impl.RaftServerProxy.getImplFuture(RaftServerProxy.java:362)
	at org.apache.ratis.server.impl.RaftServerProxy.getImpl(RaftServerProxy.java:371)
	at org.apache.ratis.server.impl.RaftServerProxy.getImpl(RaftServerProxy.java:366)
	at org.apache.ratis.server.impl.RaftServerProxy.appendEntries(RaftServerProxy.java:654)
	at org.apache.ratis.netty.server.NettyRpcService.handle(NettyRpcService.java:231)
	at org.apache.ratis.netty.server.NettyRpcService$InboundHandler.channelRead0(NettyRpcService.java:95)
	at org.apache.ratis.netty.server.NettyRpcService$InboundHandler.channelRead0(NettyRpcService.java:91)
	at org.apache.ratis.thirdparty.io.netty.channel.SimpleChannelInboundHandler.channelRead(SimpleChannelInboundHandler.java:99)
	at org.apache.ratis.thirdparty.io.netty.channel.AbstractChannelHandlerContext.invokeChannelRead(AbstractChannelHandlerContext.java:444)
	at org.apache.ratis.thirdparty.io.netty.channel.AbstractChannelHandlerContext.invokeChannelRead(AbstractChannelHandlerContext.java:420)
	at org.apache.ratis.thirdparty.io.netty.channel.AbstractChannelHandlerContext.fireChannelRead(AbstractChannelHandlerContext.java:412)
	at org.apache.ratis.thirdparty.io.netty.handler.codec.MessageToMessageDecoder.channelRead(MessageToMessageDecoder.java:103)
	at org.apache.ratis.thirdparty.io.netty.channel.AbstractChannelHandlerContext.invokeChannelRead(AbstractChannelHandlerContext.java:444)
	at org.apache.ratis.thirdparty.io.netty.channel.AbstractChannelHandlerContext.invokeChannelRead(AbstractChannelHandlerContext.java:420)
	at org.apache.ratis.thirdparty.io.netty.channel.AbstractChannelHandlerContext.fireChannelRead(AbstractChannelHandlerContext.java:412)
	at org.apache.ratis.thirdparty.io.netty.handler.codec.ByteToMessageDecoder.fireChannelRead(ByteToMessageDecoder.java:346)
	at org.apache.ratis.thirdparty.io.netty.handler.codec.ByteToMessageDecoder.channelRead(ByteToMessageDecoder.java:318)
	at org.apache.ratis.thirdparty.io.netty.channel.AbstractChannelHandlerContext.invokeChannelRead(AbstractChannelHandlerContext.java:444)
	at org.apache.ratis.thirdparty.io.netty.channel.AbstractChannelHandlerContext.invokeChannelRead(AbstractChannelHandlerContext.java:420)
	at org.apache.ratis.thirdparty.io.netty.channel.AbstractChannelHandlerContext.fireChannelRead(AbstractChannelHandlerContext.java:412)
	at org.apache.ratis.thirdparty.io.netty.channel.DefaultChannelPipeline$HeadContext.channelRead(DefaultChannelPipeline.java:1410)
	at org.apache.ratis.thirdparty.io.netty.channel.AbstractChannelHandlerContext.invokeChannelRead(AbstractChannelHandlerContext.java:440)
	at org.apache.ratis.thirdparty.io.netty.channel.AbstractChannelHandlerContext.invokeChannelRead(AbstractChannelHandlerContext.java:420)
	at org.apache.ratis.thirdparty.io.netty.channel.DefaultChannelPipeline.fireChannelRead(DefaultChannelPipeline.java:919)
	at org.apache.ratis.thirdparty.io.netty.channel.nio.AbstractNioByteChannel$NioByteUnsafe.read(AbstractNioByteChannel.java:166)
	at org.apache.ratis.thirdparty.io.netty.channel.nio.NioEventLoop.processSelectedKey(NioEventLoop.java:788)
	at org.apache.ratis.thirdparty.io.netty.channel.nio.NioEventLoop.processSelectedKeysOptimized(NioEventLoop.java:724)
	at org.apache.ratis.thirdparty.io.netty.channel.nio.NioEventLoop.processSelectedKeys(NioEventLoop.java:650)
	at org.apache.ratis.thirdparty.io.netty.channel.nio.NioEventLoop.run(NioEventLoop.java:562)
	at org.apache.ratis.thirdparty.io.netty.util.concurrent.SingleThreadEventExecutor$4.run(SingleThreadEventExecutor.java:997)
	at org.apache.ratis.thirdparty.io.netty.util.internal.ThreadExecutorMap$2.run(ThreadExecutorMap.java:74)
	at org.apache.ratis.thirdparty.io.netty.util.concurrent.FastThreadLocalRunnable.run(FastThreadLocalRunnable.java:30)
	at java.base/java.lang.Thread.run(Thread.java:829)
2023-08-28 07:17:55,492 [nioEventLoopGroup-82-3] INFO  segmented.SegmentedRaftLogWorker (SegmentedRaftLogWorker.java:close(242)) - s0@group-B3A6F468776F-SegmentedRaftLogWorker close()
2023-08-28 07:17:55,494 [nioEventLoopGroup-82-3] TRACE util.FileUtils (FileUtils.java:deleteFully(201)) - deleteFully /home/runner/work/ratis/ratis/ratis-test/target/test/data/c5bbf9cd/MiniRaftClusterWithNetty9d0d4a8/s0/5e606870-d977-484e-8788-b3a6f468776f
2023-08-28 07:17:55,494 [nioEventLoopGroup-82-3] TRACE util.FileUtils (LogUtils.java:runAndLog(49)) - Successfully ran Files.delete /home/runner/work/ratis/ratis/ratis-test/target/test/data/c5bbf9cd/MiniRaftClusterWithNetty9d0d4a8/s0/5e606870-d977-484e-8788-b3a6f468776f/in_use.lock
2023-08-28 07:17:55,494 [nioEventLoopGroup-82-3] TRACE util.FileUtils (LogUtils.java:runAndLog(49)) - Successfully ran Files.delete /home/runner/work/ratis/ratis/ratis-test/target/test/data/c5bbf9cd/MiniRaftClusterWithNetty9d0d4a8/s0/5e606870-d977-484e-8788-b3a6f468776f/current/raft-meta.conf
2023-08-28 07:17:55,494 [nioEventLoopGroup-82-3] TRACE util.FileUtils (LogUtils.java:runAndLog(49)) - Successfully ran Files.delete /home/runner/work/ratis/ratis/ratis-test/target/test/data/c5bbf9cd/MiniRaftClusterWithNetty9d0d4a8/s0/5e606870-d977-484e-8788-b3a6f468776f/current/log_inprogress_0
2023-08-28 07:17:55,494 [nioEventLoopGroup-82-3] TRACE util.FileUtils (LogUtils.java:runAndLog(49)) - Successfully ran Files.delete /home/runner/work/ratis/ratis/ratis-test/target/test/data/c5bbf9cd/MiniRaftClusterWithNetty9d0d4a8/s0/5e606870-d977-484e-8788-b3a6f468776f/current/raft-meta
2023-08-28 07:17:55,494 [nioEventLoopGroup-82-3] TRACE util.FileUtils (LogUtils.java:runAndLog(49)) - Successfully ran Files.delete /home/runner/work/ratis/ratis/ratis-test/target/test/data/c5bbf9cd/MiniRaftClusterWithNetty9d0d4a8/s0/5e606870-d977-484e-8788-b3a6f468776f/current
2023-08-28 07:17:55,495 [nioEventLoopGroup-82-3] TRACE util.FileUtils (LogUtils.java:runAndLog(49)) - Successfully ran Files.delete /home/runner/work/ratis/ratis/ratis-test/target/test/data/c5bbf9cd/MiniRaftClusterWithNetty9d0d4a8/s0/5e606870-d977-484e-8788-b3a6f468776f/sm
2023-08-28 07:17:55,495 [nioEventLoopGroup-82-3] TRACE util.FileUtils (LogUtils.java:runAndLog(49)) - Successfully ran Files.delete /home/runner/work/ratis/ratis/ratis-test/target/test/data/c5bbf9cd/MiniRaftClusterWithNetty9d0d4a8/s0/5e606870-d977-484e-8788-b3a6f468776f
2023-08-28 07:17:55,495 [nioEventLoopGroup-82-3] INFO  server.RaftServer$Division (RaftServerImpl.java:groupRemove(478)) - s0@group-B3A6F468776F: Succeed to remove RaftStorageDirectory Storage Directory /home/runner/work/ratis/ratis/ratis-test/target/test/data/c5bbf9cd/MiniRaftClusterWithNetty9d0d4a8/s0/5e606870-d977-484e-8788-b3a6f468776f
2023-08-28 07:17:55,502 [Time-limited test] DEBUG client.RaftClient (ConfUtils.java:logGet(46)) - raft.rpc.type = NETTY (custom)
2023-08-28 07:17:55,503 [nioEventLoopGroup-84-1] INFO  logging.LoggingHandler (AbstractInternalLogger.java:log(148)) - [id: 0x3cfb2e48, L:/0.0.0.0:37301] READ: [id: 0x258e8be8, L:/10.1.0.28:37301 - R:/10.1.0.28:48132]
2023-08-28 07:17:55,503 [nioEventLoopGroup-84-1] INFO  logging.LoggingHandler (AbstractInternalLogger.java:log(148)) - [id: 0x3cfb2e48, L:/0.0.0.0:37301] READ COMPLETE
2023-08-28 07:17:55,504 [nioEventLoopGroup-85-3] INFO  server.RaftServer (RaftServerProxy.java:remove(110)) - s1: remove  FOLLOWER s1@group-B3A6F468776F:t1, leader=s2, voted=s2, raftlog=Memoized:s1@group-B3A6F468776F-SegmentedRaftLog:OPENED:c0, conf=0: peers:[s3|rpc:0.0.0.0:36829|dataStream:|priority:0|startupRole:FOLLOWER, s4|rpc:0.0.0.0:45719|dataStream:|priority:0|startupRole:FOLLOWER, s0|rpc:0.0.0.0:46813|dataStream:|priority:0|startupRole:FOLLOWER, s1|rpc:0.0.0.0:37301|dataStream:|priority:0|startupRole:FOLLOWER, s2|rpc:0.0.0.0:46017|dataStream:|priority:0|startupRole:FOLLOWER]|listeners:[], old=null RUNNING
2023-08-28 07:17:55,504 [nioEventLoopGroup-85-3] INFO  server.RaftServer$Division (RaftServerImpl.java:lambda$close$3(508)) - s1@group-B3A6F468776F: shutdown
2023-08-28 07:17:55,504 [nioEventLoopGroup-85-3] INFO  util.JmxRegister (JmxRegister.java:unregister(73)) - Successfully un-registered JMX Bean with object name Ratis:service=RaftServer,group=group-B3A6F468776F,id=s1
2023-08-28 07:17:55,504 [nioEventLoopGroup-85-3] INFO  impl.RoleInfo (RoleInfo.java:shutdownFollowerState(109)) - s1: shutdown s1@group-B3A6F468776F-FollowerState
2023-08-28 07:17:55,504 [s1@group-B3A6F468776F-FollowerState] INFO  impl.FollowerState (FollowerState.java:run(152)) - s1@group-B3A6F468776F-FollowerState was interrupted
2023-08-28 07:17:55,504 [nioEventLoopGroup-85-3] INFO  impl.StateMachineUpdater (StateMachineUpdater.java:stopAndJoin(157)) - s1@group-B3A6F468776F-StateMachineUpdater: set stopIndex = 0
2023-08-28 07:17:55,505 [nioEventLoopGroup-85-3] INFO  server.RaftServer$Division (ServerState.java:close(415)) - s1@group-B3A6F468776F: applyIndex: 0
2023-08-28 07:17:55,652 [s2@group-B3A6F468776F->s4-LogAppenderDefault-LogAppenderDaemon] WARN  leader.LogAppender (LogAppenderDefault.java:sendAppendEntriesWithRetries(87)) - s2@group-B3A6F468776F->s4-LogAppenderDefault: Failed to appendEntries (retry=1): {}
org.apache.ratis.protocol.exceptions.GroupMismatchException: s4: group-B3A6F468776F not found.
	at org.apache.ratis.server.impl.RaftServerProxy$ImplMap.get(RaftServerProxy.java:153)
	at org.apache.ratis.server.impl.RaftServerProxy.getImplFuture(RaftServerProxy.java:362)
	at org.apache.ratis.server.impl.RaftServerProxy.getImpl(RaftServerProxy.java:371)
	at org.apache.ratis.server.impl.RaftServerProxy.getImpl(RaftServerProxy.java:366)
	at org.apache.ratis.server.impl.RaftServerProxy.appendEntries(RaftServerProxy.java:654)
	at org.apache.ratis.netty.server.NettyRpcService.handle(NettyRpcService.java:231)
	at org.apache.ratis.netty.server.NettyRpcService$InboundHandler.channelRead0(NettyRpcService.java:95)
	at org.apache.ratis.netty.server.NettyRpcService$InboundHandler.channelRead0(NettyRpcService.java:91)
	at org.apache.ratis.thirdparty.io.netty.channel.SimpleChannelInboundHandler.channelRead(SimpleChannelInboundHandler.java:99)
	at org.apache.ratis.thirdparty.io.netty.channel.AbstractChannelHandlerContext.invokeChannelRead(AbstractChannelHandlerContext.java:444)
	at org.apache.ratis.thirdparty.io.netty.channel.AbstractChannelHandlerContext.invokeChannelRead(AbstractChannelHandlerContext.java:420)
	at org.apache.ratis.thirdparty.io.netty.channel.AbstractChannelHandlerContext.fireChannelRead(AbstractChannelHandlerContext.java:412)
	at org.apache.ratis.thirdparty.io.netty.handler.codec.MessageToMessageDecoder.channelRead(MessageToMessageDecoder.java:103)
	at org.apache.ratis.thirdparty.io.netty.channel.AbstractChannelHandlerContext.invokeChannelRead(AbstractChannelHandlerContext.java:444)
	at org.apache.ratis.thirdparty.io.netty.channel.AbstractChannelHandlerContext.invokeChannelRead(AbstractChannelHandlerContext.java:420)
	at org.apache.ratis.thirdparty.io.netty.channel.AbstractChannelHandlerContext.fireChannelRead(AbstractChannelHandlerContext.java:412)
	at org.apache.ratis.thirdparty.io.netty.handler.codec.ByteToMessageDecoder.fireChannelRead(ByteToMessageDecoder.java:346)
	at org.apache.ratis.thirdparty.io.netty.handler.codec.ByteToMessageDecoder.channelRead(ByteToMessageDecoder.java:318)
	at org.apache.ratis.thirdparty.io.netty.channel.AbstractChannelHandlerContext.invokeChannelRead(AbstractChannelHandlerContext.java:444)
	at org.apache.ratis.thirdparty.io.netty.channel.AbstractChannelHandlerContext.invokeChannelRead(AbstractChannelHandlerContext.java:420)
	at org.apache.ratis.thirdparty.io.netty.channel.AbstractChannelHandlerContext.fireChannelRead(AbstractChannelHandlerContext.java:412)
	at org.apache.ratis.thirdparty.io.netty.channel.DefaultChannelPipeline$HeadContext.channelRead(DefaultChannelPipeline.java:1410)
	at org.apache.ratis.thirdparty.io.netty.channel.AbstractChannelHandlerContext.invokeChannelRead(AbstractChannelHandlerContext.java:440)
	at org.apache.ratis.thirdparty.io.netty.channel.AbstractChannelHandlerContext.invokeChannelRead(AbstractChannelHandlerContext.java:420)
	at org.apache.ratis.thirdparty.io.netty.channel.DefaultChannelPipeline.fireChannelRead(DefaultChannelPipeline.java:919)
	at org.apache.ratis.thirdparty.io.netty.channel.nio.AbstractNioByteChannel$NioByteUnsafe.read(AbstractNioByteChannel.java:166)
	at org.apache.ratis.thirdparty.io.netty.channel.nio.NioEventLoop.processSelectedKey(NioEventLoop.java:788)
	at org.apache.ratis.thirdparty.io.netty.channel.nio.NioEventLoop.processSelectedKeysOptimized(NioEventLoop.java:724)
	at org.apache.ratis.thirdparty.io.netty.channel.nio.NioEventLoop.processSelectedKeys(NioEventLoop.java:650)
	at org.apache.ratis.thirdparty.io.netty.channel.nio.NioEventLoop.run(NioEventLoop.java:562)
	at org.apache.ratis.thirdparty.io.netty.util.concurrent.SingleThreadEventExecutor$4.run(SingleThreadEventExecutor.java:997)
	at org.apache.ratis.thirdparty.io.netty.util.internal.ThreadExecutorMap$2.run(ThreadExecutorMap.java:74)
	at org.apache.ratis.thirdparty.io.netty.util.concurrent.FastThreadLocalRunnable.run(FastThreadLocalRunnable.java:30)
	at java.base/java.lang.Thread.run(Thread.java:829)
2023-08-28 07:17:55,655 [s2@group-B3A6F468776F->s0-LogAppenderDefault-LogAppenderDaemon] WARN  leader.LogAppender (LogAppenderDefault.java:sendAppendEntriesWithRetries(87)) - s2@group-B3A6F468776F->s0-LogAppenderDefault: Failed to appendEntries (retry=1): {}
org.apache.ratis.protocol.exceptions.GroupMismatchException: s0: group-B3A6F468776F not found.
	at org.apache.ratis.server.impl.RaftServerProxy$ImplMap.get(RaftServerProxy.java:153)
	at org.apache.ratis.server.impl.RaftServerProxy.getImplFuture(RaftServerProxy.java:362)
	at org.apache.ratis.server.impl.RaftServerProxy.getImpl(RaftServerProxy.java:371)
	at org.apache.ratis.server.impl.RaftServerProxy.getImpl(RaftServerProxy.java:366)
	at org.apache.ratis.server.impl.RaftServerProxy.appendEntries(RaftServerProxy.java:654)
	at org.apache.ratis.netty.server.NettyRpcService.handle(NettyRpcService.java:231)
	at org.apache.ratis.netty.server.NettyRpcService$InboundHandler.channelRead0(NettyRpcService.java:95)
	at org.apache.ratis.netty.server.NettyRpcService$InboundHandler.channelRead0(NettyRpcService.java:91)
	at org.apache.ratis.thirdparty.io.netty.channel.SimpleChannelInboundHandler.channelRead(SimpleChannelInboundHandler.java:99)
	at org.apache.ratis.thirdparty.io.netty.channel.AbstractChannelHandlerContext.invokeChannelRead(AbstractChannelHandlerContext.java:444)
	at org.apache.ratis.thirdparty.io.netty.channel.AbstractChannelHandlerContext.invokeChannelRead(AbstractChannelHandlerContext.java:420)
	at org.apache.ratis.thirdparty.io.netty.channel.AbstractChannelHandlerContext.fireChannelRead(AbstractChannelHandlerContext.java:412)
	at org.apache.ratis.thirdparty.io.netty.handler.codec.MessageToMessageDecoder.channelRead(MessageToMessageDecoder.java:103)
	at org.apache.ratis.thirdparty.io.netty.channel.AbstractChannelHandlerContext.invokeChannelRead(AbstractChannelHandlerContext.java:444)
	at org.apache.ratis.thirdparty.io.netty.channel.AbstractChannelHandlerContext.invokeChannelRead(AbstractChannelHandlerContext.java:420)
	at org.apache.ratis.thirdparty.io.netty.channel.AbstractChannelHandlerContext.fireChannelRead(AbstractChannelHandlerContext.java:412)
	at org.apache.ratis.thirdparty.io.netty.handler.codec.ByteToMessageDecoder.fireChannelRead(ByteToMessageDecoder.java:346)
	at org.apache.ratis.thirdparty.io.netty.handler.codec.ByteToMessageDecoder.channelRead(ByteToMessageDecoder.java:318)
	at org.apache.ratis.thirdparty.io.netty.channel.AbstractChannelHandlerContext.invokeChannelRead(AbstractChannelHandlerContext.java:444)
	at org.apache.ratis.thirdparty.io.netty.channel.AbstractChannelHandlerContext.invokeChannelRead(AbstractChannelHandlerContext.java:420)
	at org.apache.ratis.thirdparty.io.netty.channel.AbstractChannelHandlerContext.fireChannelRead(AbstractChannelHandlerContext.java:412)
	at org.apache.ratis.thirdparty.io.netty.channel.DefaultChannelPipeline$HeadContext.channelRead(DefaultChannelPipeline.java:1410)
	at org.apache.ratis.thirdparty.io.netty.channel.AbstractChannelHandlerContext.invokeChannelRead(AbstractChannelHandlerContext.java:440)
	at org.apache.ratis.thirdparty.io.netty.channel.AbstractChannelHandlerContext.invokeChannelRead(AbstractChannelHandlerContext.java:420)
	at org.apache.ratis.thirdparty.io.netty.channel.DefaultChannelPipeline.fireChannelRead(DefaultChannelPipeline.java:919)
	at org.apache.ratis.thirdparty.io.netty.channel.nio.AbstractNioByteChannel$NioByteUnsafe.read(AbstractNioByteChannel.java:166)
	at org.apache.ratis.thirdparty.io.netty.channel.nio.NioEventLoop.processSelectedKey(NioEventLoop.java:788)
	at org.apache.ratis.thirdparty.io.netty.channel.nio.NioEventLoop.processSelectedKeysOptimized(NioEventLoop.java:724)
	at org.apache.ratis.thirdparty.io.netty.channel.nio.NioEventLoop.processSelectedKeys(NioEventLoop.java:650)
	at org.apache.ratis.thirdparty.io.netty.channel.nio.NioEventLoop.run(NioEventLoop.java:562)
	at org.apache.ratis.thirdparty.io.netty.util.concurrent.SingleThreadEventExecutor$4.run(SingleThreadEventExecutor.java:997)
	at org.apache.ratis.thirdparty.io.netty.util.internal.ThreadExecutorMap$2.run(ThreadExecutorMap.java:74)
	at org.apache.ratis.thirdparty.io.netty.util.concurrent.FastThreadLocalRunnable.run(FastThreadLocalRunnable.java:30)
	at java.base/java.lang.Thread.run(Thread.java:829)
2023-08-28 07:17:55,656 [s2@group-B3A6F468776F->s3-LogAppenderDefault-LogAppenderDaemon] WARN  leader.LogAppender (LogAppenderDefault.java:sendAppendEntriesWithRetries(87)) - s2@group-B3A6F468776F->s3-LogAppenderDefault: Failed to appendEntries (retry=1): {}
org.apache.ratis.protocol.exceptions.GroupMismatchException: s3: group-B3A6F468776F not found.
	at org.apache.ratis.server.impl.RaftServerProxy$ImplMap.get(RaftServerProxy.java:153)
	at org.apache.ratis.server.impl.RaftServerProxy.getImplFuture(RaftServerProxy.java:362)
	at org.apache.ratis.server.impl.RaftServerProxy.getImpl(RaftServerProxy.java:371)
	at org.apache.ratis.server.impl.RaftServerProxy.getImpl(RaftServerProxy.java:366)
	at org.apache.ratis.server.impl.RaftServerProxy.appendEntries(RaftServerProxy.java:654)
	at org.apache.ratis.netty.server.NettyRpcService.handle(NettyRpcService.java:231)
	at org.apache.ratis.netty.server.NettyRpcService$InboundHandler.channelRead0(NettyRpcService.java:95)
	at org.apache.ratis.netty.server.NettyRpcService$InboundHandler.channelRead0(NettyRpcService.java:91)
	at org.apache.ratis.thirdparty.io.netty.channel.SimpleChannelInboundHandler.channelRead(SimpleChannelInboundHandler.java:99)
	at org.apache.ratis.thirdparty.io.netty.channel.AbstractChannelHandlerContext.invokeChannelRead(AbstractChannelHandlerContext.java:444)
	at org.apache.ratis.thirdparty.io.netty.channel.AbstractChannelHandlerContext.invokeChannelRead(AbstractChannelHandlerContext.java:420)
	at org.apache.ratis.thirdparty.io.netty.channel.AbstractChannelHandlerContext.fireChannelRead(AbstractChannelHandlerContext.java:412)
	at org.apache.ratis.thirdparty.io.netty.handler.codec.MessageToMessageDecoder.channelRead(MessageToMessageDecoder.java:103)
	at org.apache.ratis.thirdparty.io.netty.channel.AbstractChannelHandlerContext.invokeChannelRead(AbstractChannelHandlerContext.java:444)
	at org.apache.ratis.thirdparty.io.netty.channel.AbstractChannelHandlerContext.invokeChannelRead(AbstractChannelHandlerContext.java:420)
	at org.apache.ratis.thirdparty.io.netty.channel.AbstractChannelHandlerContext.fireChannelRead(AbstractChannelHandlerContext.java:412)
	at org.apache.ratis.thirdparty.io.netty.handler.codec.ByteToMessageDecoder.fireChannelRead(ByteToMessageDecoder.java:346)
	at org.apache.ratis.thirdparty.io.netty.handler.codec.ByteToMessageDecoder.channelRead(ByteToMessageDecoder.java:318)
	at org.apache.ratis.thirdparty.io.netty.channel.AbstractChannelHandlerContext.invokeChannelRead(AbstractChannelHandlerContext.java:444)
	at org.apache.ratis.thirdparty.io.netty.channel.AbstractChannelHandlerContext.invokeChannelRead(AbstractChannelHandlerContext.java:420)
	at org.apache.ratis.thirdparty.io.netty.channel.AbstractChannelHandlerContext.fireChannelRead(AbstractChannelHandlerContext.java:412)
	at org.apache.ratis.thirdparty.io.netty.channel.DefaultChannelPipeline$HeadContext.channelRead(DefaultChannelPipeline.java:1410)
	at org.apache.ratis.thirdparty.io.netty.channel.AbstractChannelHandlerContext.invokeChannelRead(AbstractChannelHandlerContext.java:440)
	at org.apache.ratis.thirdparty.io.netty.channel.AbstractChannelHandlerContext.invokeChannelRead(AbstractChannelHandlerContext.java:420)
	at org.apache.ratis.thirdparty.io.netty.channel.DefaultChannelPipeline.fireChannelRead(DefaultChannelPipeline.java:919)
	at org.apache.ratis.thirdparty.io.netty.channel.nio.AbstractNioByteChannel$NioByteUnsafe.read(AbstractNioByteChannel.java:166)
	at org.apache.ratis.thirdparty.io.netty.channel.nio.NioEventLoop.processSelectedKey(NioEventLoop.java:788)
	at org.apache.ratis.thirdparty.io.netty.channel.nio.NioEventLoop.processSelectedKeysOptimized(NioEventLoop.java:724)
	at org.apache.ratis.thirdparty.io.netty.channel.nio.NioEventLoop.processSelectedKeys(NioEventLoop.java:650)
	at org.apache.ratis.thirdparty.io.netty.channel.nio.NioEventLoop.run(NioEventLoop.java:562)
	at org.apache.ratis.thirdparty.io.netty.util.concurrent.SingleThreadEventExecutor$4.run(SingleThreadEventExecutor.java:997)
	at org.apache.ratis.thirdparty.io.netty.util.internal.ThreadExecutorMap$2.run(ThreadExecutorMap.java:74)
	at org.apache.ratis.thirdparty.io.netty.util.concurrent.FastThreadLocalRunnable.run(FastThreadLocalRunnable.java:30)
	at java.base/java.lang.Thread.run(Thread.java:829)
2023-08-28 07:17:56,024 [s2@group-B3A6F468776F->s4-LogAppenderDefault-LogAppenderDaemon] WARN  leader.LogAppender (LogAppenderDefault.java:sendAppendEntriesWithRetries(87)) - s2@group-B3A6F468776F->s4-LogAppenderDefault: Failed to appendEntries (retry=1): {}
org.apache.ratis.protocol.exceptions.GroupMismatchException: s4: group-B3A6F468776F not found.
	at org.apache.ratis.server.impl.RaftServerProxy$ImplMap.get(RaftServerProxy.java:153)
	at org.apache.ratis.server.impl.RaftServerProxy.getImplFuture(RaftServerProxy.java:362)
	at org.apache.ratis.server.impl.RaftServerProxy.getImpl(RaftServerProxy.java:371)
	at org.apache.ratis.server.impl.RaftServerProxy.getImpl(RaftServerProxy.java:366)
	at org.apache.ratis.server.impl.RaftServerProxy.appendEntries(RaftServerProxy.java:654)
	at org.apache.ratis.netty.server.NettyRpcService.handle(NettyRpcService.java:231)
	at org.apache.ratis.netty.server.NettyRpcService$InboundHandler.channelRead0(NettyRpcService.java:95)
	at org.apache.ratis.netty.server.NettyRpcService$InboundHandler.channelRead0(NettyRpcService.java:91)
	at org.apache.ratis.thirdparty.io.netty.channel.SimpleChannelInboundHandler.channelRead(SimpleChannelInboundHandler.java:99)
	at org.apache.ratis.thirdparty.io.netty.channel.AbstractChannelHandlerContext.invokeChannelRead(AbstractChannelHandlerContext.java:444)
	at org.apache.ratis.thirdparty.io.netty.channel.AbstractChannelHandlerContext.invokeChannelRead(AbstractChannelHandlerContext.java:420)
	at org.apache.ratis.thirdparty.io.netty.channel.AbstractChannelHandlerContext.fireChannelRead(AbstractChannelHandlerContext.java:412)
	at org.apache.ratis.thirdparty.io.netty.handler.codec.MessageToMessageDecoder.channelRead(MessageToMessageDecoder.java:103)
	at org.apache.ratis.thirdparty.io.netty.channel.AbstractChannelHandlerContext.invokeChannelRead(AbstractChannelHandlerContext.java:444)
	at org.apache.ratis.thirdparty.io.netty.channel.AbstractChannelHandlerContext.invokeChannelRead(AbstractChannelHandlerContext.java:420)
	at org.apache.ratis.thirdparty.io.netty.channel.AbstractChannelHandlerContext.fireChannelRead(AbstractChannelHandlerContext.java:412)
	at org.apache.ratis.thirdparty.io.netty.handler.codec.ByteToMessageDecoder.fireChannelRead(ByteToMessageDecoder.java:346)
	at org.apache.ratis.thirdparty.io.netty.handler.codec.ByteToMessageDecoder.channelRead(ByteToMessageDecoder.java:318)
	at org.apache.ratis.thirdparty.io.netty.channel.AbstractChannelHandlerContext.invokeChannelRead(AbstractChannelHandlerContext.java:444)
	at org.apache.ratis.thirdparty.io.netty.channel.AbstractChannelHandlerContext.invokeChannelRead(AbstractChannelHandlerContext.java:420)
	at org.apache.ratis.thirdparty.io.netty.channel.AbstractChannelHandlerContext.fireChannelRead(AbstractChannelHandlerContext.java:412)
	at org.apache.ratis.thirdparty.io.netty.channel.DefaultChannelPipeline$HeadContext.channelRead(DefaultChannelPipeline.java:1410)
	at org.apache.ratis.thirdparty.io.netty.channel.AbstractChannelHandlerContext.invokeChannelRead(AbstractChannelHandlerContext.java:440)
	at org.apache.ratis.thirdparty.io.netty.channel.AbstractChannelHandlerContext.invokeChannelRead(AbstractChannelHandlerContext.java:420)
	at org.apache.ratis.thirdparty.io.netty.channel.DefaultChannelPipeline.fireChannelRead(DefaultChannelPipeline.java:919)
	at org.apache.ratis.thirdparty.io.netty.channel.nio.AbstractNioByteChannel$NioByteUnsafe.read(AbstractNioByteChannel.java:166)
	at org.apache.ratis.thirdparty.io.netty.channel.nio.NioEventLoop.processSelectedKey(NioEventLoop.java:788)
	at org.apache.ratis.thirdparty.io.netty.channel.nio.NioEventLoop.processSelectedKeysOptimized(NioEventLoop.java:724)
	at org.apache.ratis.thirdparty.io.netty.channel.nio.NioEventLoop.processSelectedKeys(NioEventLoop.java:650)
	at org.apache.ratis.thirdparty.io.netty.channel.nio.NioEventLoop.run(NioEventLoop.java:562)
	at org.apache.ratis.thirdparty.io.netty.util.concurrent.SingleThreadEventExecutor$4.run(SingleThreadEventExecutor.java:997)
	at org.apache.ratis.thirdparty.io.netty.util.internal.ThreadExecutorMap$2.run(ThreadExecutorMap.java:74)
	at org.apache.ratis.thirdparty.io.netty.util.concurrent.FastThreadLocalRunnable.run(FastThreadLocalRunnable.java:30)
	at java.base/java.lang.Thread.run(Thread.java:829)
2023-08-28 07:17:56,027 [s2@group-B3A6F468776F->s1-LogAppenderDefault-LogAppenderDaemon] WARN  leader.LogAppender (LogAppenderDefault.java:sendAppendEntriesWithRetries(87)) - s2@group-B3A6F468776F->s1-LogAppenderDefault: Failed to appendEntries (retry=1): {}
org.apache.ratis.protocol.exceptions.GroupMismatchException: s1: group-B3A6F468776F not found.
	at org.apache.ratis.server.impl.RaftServerProxy$ImplMap.get(RaftServerProxy.java:153)
	at org.apache.ratis.server.impl.RaftServerProxy.getImplFuture(RaftServerProxy.java:362)
	at org.apache.ratis.server.impl.RaftServerProxy.getImpl(RaftServerProxy.java:371)
	at org.apache.ratis.server.impl.RaftServerProxy.getImpl(RaftServerProxy.java:366)
	at org.apache.ratis.server.impl.RaftServerProxy.appendEntries(RaftServerProxy.java:654)
	at org.apache.ratis.netty.server.NettyRpcService.handle(NettyRpcService.java:231)
	at org.apache.ratis.netty.server.NettyRpcService$InboundHandler.channelRead0(NettyRpcService.java:95)
	at org.apache.ratis.netty.server.NettyRpcService$InboundHandler.channelRead0(NettyRpcService.java:91)
	at org.apache.ratis.thirdparty.io.netty.channel.SimpleChannelInboundHandler.channelRead(SimpleChannelInboundHandler.java:99)
	at org.apache.ratis.thirdparty.io.netty.channel.AbstractChannelHandlerContext.invokeChannelRead(AbstractChannelHandlerContext.java:444)
	at org.apache.ratis.thirdparty.io.netty.channel.AbstractChannelHandlerContext.invokeChannelRead(AbstractChannelHandlerContext.java:420)
	at org.apache.ratis.thirdparty.io.netty.channel.AbstractChannelHandlerContext.fireChannelRead(AbstractChannelHandlerContext.java:412)
	at org.apache.ratis.thirdparty.io.netty.handler.codec.MessageToMessageDecoder.channelRead(MessageToMessageDecoder.java:103)
	at org.apache.ratis.thirdparty.io.netty.channel.AbstractChannelHandlerContext.invokeChannelRead(AbstractChannelHandlerContext.java:444)
	at org.apache.ratis.thirdparty.io.netty.channel.AbstractChannelHandlerContext.invokeChannelRead(AbstractChannelHandlerContext.java:420)
	at org.apache.ratis.thirdparty.io.netty.channel.AbstractChannelHandlerContext.fireChannelRead(AbstractChannelHandlerContext.java:412)
	at org.apache.ratis.thirdparty.io.netty.handler.codec.ByteToMessageDecoder.fireChannelRead(ByteToMessageDecoder.java:346)
	at org.apache.ratis.thirdparty.io.netty.handler.codec.ByteToMessageDecoder.channelRead(ByteToMessageDecoder.java:318)
	at org.apache.ratis.thirdparty.io.netty.channel.AbstractChannelHandlerContext.invokeChannelRead(AbstractChannelHandlerContext.java:444)
	at org.apache.ratis.thirdparty.io.netty.channel.AbstractChannelHandlerContext.invokeChannelRead(AbstractChannelHandlerContext.java:420)
	at org.apache.ratis.thirdparty.io.netty.channel.AbstractChannelHandlerContext.fireChannelRead(AbstractChannelHandlerContext.java:412)
	at org.apache.ratis.thirdparty.io.netty.channel.DefaultChannelPipeline$HeadContext.channelRead(DefaultChannelPipeline.java:1410)
	at org.apache.ratis.thirdparty.io.netty.channel.AbstractChannelHandlerContext.invokeChannelRead(AbstractChannelHandlerContext.java:440)
	at org.apache.ratis.thirdparty.io.netty.channel.AbstractChannelHandlerContext.invokeChannelRead(AbstractChannelHandlerContext.java:420)
	at org.apache.ratis.thirdparty.io.netty.channel.DefaultChannelPipeline.fireChannelRead(DefaultChannelPipeline.java:919)
	at org.apache.ratis.thirdparty.io.netty.channel.nio.AbstractNioByteChannel$NioByteUnsafe.read(AbstractNioByteChannel.java:166)
	at org.apache.ratis.thirdparty.io.netty.channel.nio.NioEventLoop.processSelectedKey(NioEventLoop.java:788)
	at org.apache.ratis.thirdparty.io.netty.channel.nio.NioEventLoop.processSelectedKeysOptimized(NioEventLoop.java:724)
	at org.apache.ratis.thirdparty.io.netty.channel.nio.NioEventLoop.processSelectedKeys(NioEventLoop.java:650)
	at org.apache.ratis.thirdparty.io.netty.channel.nio.NioEventLoop.run(NioEventLoop.java:562)
	at org.apache.ratis.thirdparty.io.netty.util.concurrent.SingleThreadEventExecutor$4.run(SingleThreadEventExecutor.java:997)
	at org.apache.ratis.thirdparty.io.netty.util.internal.ThreadExecutorMap$2.run(ThreadExecutorMap.java:74)
	at org.apache.ratis.thirdparty.io.netty.util.concurrent.FastThreadLocalRunnable.run(FastThreadLocalRunnable.java:30)
	at java.base/java.lang.Thread.run(Thread.java:829)
2023-08-28 07:17:56,031 [s2@group-B3A6F468776F->s3-LogAppenderDefault-LogAppenderDaemon] WARN  leader.LogAppender (LogAppenderDefault.java:sendAppendEntriesWithRetries(87)) - s2@group-B3A6F468776F->s3-LogAppenderDefault: Failed to appendEntries (retry=1): {}
org.apache.ratis.protocol.exceptions.GroupMismatchException: s3: group-B3A6F468776F not found.
	at org.apache.ratis.server.impl.RaftServerProxy$ImplMap.get(RaftServerProxy.java:153)
	at org.apache.ratis.server.impl.RaftServerProxy.getImplFuture(RaftServerProxy.java:362)
	at org.apache.ratis.server.impl.RaftServerProxy.getImpl(RaftServerProxy.java:371)
	at org.apache.ratis.server.impl.RaftServerProxy.getImpl(RaftServerProxy.java:366)
	at org.apache.ratis.server.impl.RaftServerProxy.appendEntries(RaftServerProxy.java:654)
	at org.apache.ratis.netty.server.NettyRpcService.handle(NettyRpcService.java:231)
	at org.apache.ratis.netty.server.NettyRpcService$InboundHandler.channelRead0(NettyRpcService.java:95)
	at org.apache.ratis.netty.server.NettyRpcService$InboundHandler.channelRead0(NettyRpcService.java:91)
	at org.apache.ratis.thirdparty.io.netty.channel.SimpleChannelInboundHandler.channelRead(SimpleChannelInboundHandler.java:99)
	at org.apache.ratis.thirdparty.io.netty.channel.AbstractChannelHandlerContext.invokeChannelRead(AbstractChannelHandlerContext.java:444)
	at org.apache.ratis.thirdparty.io.netty.channel.AbstractChannelHandlerContext.invokeChannelRead(AbstractChannelHandlerContext.java:420)
	at org.apache.ratis.thirdparty.io.netty.channel.AbstractChannelHandlerContext.fireChannelRead(AbstractChannelHandlerContext.java:412)
	at org.apache.ratis.thirdparty.io.netty.handler.codec.MessageToMessageDecoder.channelRead(MessageToMessageDecoder.java:103)
	at org.apache.ratis.thirdparty.io.netty.channel.AbstractChannelHandlerContext.invokeChannelRead(AbstractChannelHandlerContext.java:444)
	at org.apache.ratis.thirdparty.io.netty.channel.AbstractChannelHandlerContext.invokeChannelRead(AbstractChannelHandlerContext.java:420)
	at org.apache.ratis.thirdparty.io.netty.channel.AbstractChannelHandlerContext.fireChannelRead(AbstractChannelHandlerContext.java:412)
	at org.apache.ratis.thirdparty.io.netty.handler.codec.ByteToMessageDecoder.fireChannelRead(ByteToMessageDecoder.java:346)
	at org.apache.ratis.thirdparty.io.netty.handler.codec.ByteToMessageDecoder.channelRead(ByteToMessageDecoder.java:318)
	at org.apache.ratis.thirdparty.io.netty.channel.AbstractChannelHandlerContext.invokeChannelRead(AbstractChannelHandlerContext.java:444)
	at org.apache.ratis.thirdparty.io.netty.channel.AbstractChannelHandlerContext.invokeChannelRead(AbstractChannelHandlerContext.java:420)
	at org.apache.ratis.thirdparty.io.netty.channel.AbstractChannelHandlerContext.fireChannelRead(AbstractChannelHandlerContext.java:412)
	at org.apache.ratis.thirdparty.io.netty.channel.DefaultChannelPipeline$HeadContext.channelRead(DefaultChannelPipeline.java:1410)
	at org.apache.ratis.thirdparty.io.netty.channel.AbstractChannelHandlerContext.invokeChannelRead(AbstractChannelHandlerContext.java:440)
	at org.apache.ratis.thirdparty.io.netty.channel.AbstractChannelHandlerContext.invokeChannelRead(AbstractChannelHandlerContext.java:420)
	at org.apache.ratis.thirdparty.io.netty.channel.DefaultChannelPipeline.fireChannelRead(DefaultChannelPipeline.java:919)
	at org.apache.ratis.thirdparty.io.netty.channel.nio.AbstractNioByteChannel$NioByteUnsafe.read(AbstractNioByteChannel.java:166)
	at org.apache.ratis.thirdparty.io.netty.channel.nio.NioEventLoop.processSelectedKey(NioEventLoop.java:788)
	at org.apache.ratis.thirdparty.io.netty.channel.nio.NioEventLoop.processSelectedKeysOptimized(NioEventLoop.java:724)
	at org.apache.ratis.thirdparty.io.netty.channel.nio.NioEventLoop.processSelectedKeys(NioEventLoop.java:650)
	at org.apache.ratis.thirdparty.io.netty.channel.nio.NioEventLoop.run(NioEventLoop.java:562)
	at org.apache.ratis.thirdparty.io.netty.util.concurrent.SingleThreadEventExecutor$4.run(SingleThreadEventExecutor.java:997)
	at org.apache.ratis.thirdparty.io.netty.util.internal.ThreadExecutorMap$2.run(ThreadExecutorMap.java:74)
	at org.apache.ratis.thirdparty.io.netty.util.concurrent.FastThreadLocalRunnable.run(FastThreadLocalRunnable.java:30)
	at java.base/java.lang.Thread.run(Thread.java:829)
2023-08-28 07:17:56,031 [s2@group-B3A6F468776F->s0-LogAppenderDefault-LogAppenderDaemon] WARN  leader.LogAppender (LogAppenderDefault.java:sendAppendEntriesWithRetries(87)) - s2@group-B3A6F468776F->s0-LogAppenderDefault: Failed to appendEntries (retry=1): {}
org.apache.ratis.protocol.exceptions.GroupMismatchException: s0: group-B3A6F468776F not found.
	at org.apache.ratis.server.impl.RaftServerProxy$ImplMap.get(RaftServerProxy.java:153)
	at org.apache.ratis.server.impl.RaftServerProxy.getImplFuture(RaftServerProxy.java:362)
	at org.apache.ratis.server.impl.RaftServerProxy.getImpl(RaftServerProxy.java:371)
	at org.apache.ratis.server.impl.RaftServerProxy.getImpl(RaftServerProxy.java:366)
	at org.apache.ratis.server.impl.RaftServerProxy.appendEntries(RaftServerProxy.java:654)
	at org.apache.ratis.netty.server.NettyRpcService.handle(NettyRpcService.java:231)
	at org.apache.ratis.netty.server.NettyRpcService$InboundHandler.channelRead0(NettyRpcService.java:95)
	at org.apache.ratis.netty.server.NettyRpcService$InboundHandler.channelRead0(NettyRpcService.java:91)
	at org.apache.ratis.thirdparty.io.netty.channel.SimpleChannelInboundHandler.channelRead(SimpleChannelInboundHandler.java:99)
	at org.apache.ratis.thirdparty.io.netty.channel.AbstractChannelHandlerContext.invokeChannelRead(AbstractChannelHandlerContext.java:444)
	at org.apache.ratis.thirdparty.io.netty.channel.AbstractChannelHandlerContext.invokeChannelRead(AbstractChannelHandlerContext.java:420)
	at org.apache.ratis.thirdparty.io.netty.channel.AbstractChannelHandlerContext.fireChannelRead(AbstractChannelHandlerContext.java:412)
	at org.apache.ratis.thirdparty.io.netty.handler.codec.MessageToMessageDecoder.channelRead(MessageToMessageDecoder.java:103)
	at org.apache.ratis.thirdparty.io.netty.channel.AbstractChannelHandlerContext.invokeChannelRead(AbstractChannelHandlerContext.java:444)
	at org.apache.ratis.thirdparty.io.netty.channel.AbstractChannelHandlerContext.invokeChannelRead(AbstractChannelHandlerContext.java:420)
	at org.apache.ratis.thirdparty.io.netty.channel.AbstractChannelHandlerContext.fireChannelRead(AbstractChannelHandlerContext.java:412)
	at org.apache.ratis.thirdparty.io.netty.handler.codec.ByteToMessageDecoder.fireChannelRead(ByteToMessageDecoder.java:346)
	at org.apache.ratis.thirdparty.io.netty.handler.codec.ByteToMessageDecoder.channelRead(ByteToMessageDecoder.java:318)
	at org.apache.ratis.thirdparty.io.netty.channel.AbstractChannelHandlerContext.invokeChannelRead(AbstractChannelHandlerContext.java:444)
	at org.apache.ratis.thirdparty.io.netty.channel.AbstractChannelHandlerContext.invokeChannelRead(AbstractChannelHandlerContext.java:420)
	at org.apache.ratis.thirdparty.io.netty.channel.AbstractChannelHandlerContext.fireChannelRead(AbstractChannelHandlerContext.java:412)
	at org.apache.ratis.thirdparty.io.netty.channel.DefaultChannelPipeline$HeadContext.channelRead(DefaultChannelPipeline.java:1410)
	at org.apache.ratis.thirdparty.io.netty.channel.AbstractChannelHandlerContext.invokeChannelRead(AbstractChannelHandlerContext.java:440)
	at org.apache.ratis.thirdparty.io.netty.channel.AbstractChannelHandlerContext.invokeChannelRead(AbstractChannelHandlerContext.java:420)
	at org.apache.ratis.thirdparty.io.netty.channel.DefaultChannelPipeline.fireChannelRead(DefaultChannelPipeline.java:919)
	at org.apache.ratis.thirdparty.io.netty.channel.nio.AbstractNioByteChannel$NioByteUnsafe.read(AbstractNioByteChannel.java:166)
	at org.apache.ratis.thirdparty.io.netty.channel.nio.NioEventLoop.processSelectedKey(NioEventLoop.java:788)
	at org.apache.ratis.thirdparty.io.netty.channel.nio.NioEventLoop.processSelectedKeysOptimized(NioEventLoop.java:724)
	at org.apache.ratis.thirdparty.io.netty.channel.nio.NioEventLoop.processSelectedKeys(NioEventLoop.java:650)
	at org.apache.ratis.thirdparty.io.netty.channel.nio.NioEventLoop.run(NioEventLoop.java:562)
	at org.apache.ratis.thirdparty.io.netty.util.concurrent.SingleThreadEventExecutor$4.run(SingleThreadEventExecutor.java:997)
	at org.apache.ratis.thirdparty.io.netty.util.internal.ThreadExecutorMap$2.run(ThreadExecutorMap.java:74)
	at org.apache.ratis.thirdparty.io.netty.util.concurrent.FastThreadLocalRunnable.run(FastThreadLocalRunnable.java:30)
	at java.base/java.lang.Thread.run(Thread.java:829)
2023-08-28 07:17:56,399 [s2@group-B3A6F468776F->s4-LogAppenderDefault-LogAppenderDaemon] WARN  leader.LogAppender (LogAppenderDefault.java:sendAppendEntriesWithRetries(87)) - s2@group-B3A6F468776F->s4-LogAppenderDefault: Failed to appendEntries (retry=1): {}
org.apache.ratis.protocol.exceptions.GroupMismatchException: s4: group-B3A6F468776F not found.
	at org.apache.ratis.server.impl.RaftServerProxy$ImplMap.get(RaftServerProxy.java:153)
	at org.apache.ratis.server.impl.RaftServerProxy.getImplFuture(RaftServerProxy.java:362)
	at org.apache.ratis.server.impl.RaftServerProxy.getImpl(RaftServerProxy.java:371)
	at org.apache.ratis.server.impl.RaftServerProxy.getImpl(RaftServerProxy.java:366)
	at org.apache.ratis.server.impl.RaftServerProxy.appendEntries(RaftServerProxy.java:654)
	at org.apache.ratis.netty.server.NettyRpcService.handle(NettyRpcService.java:231)
	at org.apache.ratis.netty.server.NettyRpcService$InboundHandler.channelRead0(NettyRpcService.java:95)
	at org.apache.ratis.netty.server.NettyRpcService$InboundHandler.channelRead0(NettyRpcService.java:91)
	at org.apache.ratis.thirdparty.io.netty.channel.SimpleChannelInboundHandler.channelRead(SimpleChannelInboundHandler.java:99)
	at org.apache.ratis.thirdparty.io.netty.channel.AbstractChannelHandlerContext.invokeChannelRead(AbstractChannelHandlerContext.java:444)
	at org.apache.ratis.thirdparty.io.netty.channel.AbstractChannelHandlerContext.invokeChannelRead(AbstractChannelHandlerContext.java:420)
	at org.apache.ratis.thirdparty.io.netty.channel.AbstractChannelHandlerContext.fireChannelRead(AbstractChannelHandlerContext.java:412)
	at org.apache.ratis.thirdparty.io.netty.handler.codec.MessageToMessageDecoder.channelRead(MessageToMessageDecoder.java:103)
	at org.apache.ratis.thirdparty.io.netty.channel.AbstractChannelHandlerContext.invokeChannelRead(AbstractChannelHandlerContext.java:444)
	at org.apache.ratis.thirdparty.io.netty.channel.AbstractChannelHandlerContext.invokeChannelRead(AbstractChannelHandlerContext.java:420)
	at org.apache.ratis.thirdparty.io.netty.channel.AbstractChannelHandlerContext.fireChannelRead(AbstractChannelHandlerContext.java:412)
	at org.apache.ratis.thirdparty.io.netty.handler.codec.ByteToMessageDecoder.fireChannelRead(ByteToMessageDecoder.java:346)
	at org.apache.ratis.thirdparty.io.netty.handler.codec.ByteToMessageDecoder.channelRead(ByteToMessageDecoder.java:318)
	at org.apache.ratis.thirdparty.io.netty.channel.AbstractChannelHandlerContext.invokeChannelRead(AbstractChannelHandlerContext.java:444)
	at org.apache.ratis.thirdparty.io.netty.channel.AbstractChannelHandlerContext.invokeChannelRead(AbstractChannelHandlerContext.java:420)
	at org.apache.ratis.thirdparty.io.netty.channel.AbstractChannelHandlerContext.fireChannelRead(AbstractChannelHandlerContext.java:412)
	at org.apache.ratis.thirdparty.io.netty.channel.DefaultChannelPipeline$HeadContext.channelRead(DefaultChannelPipeline.java:1410)
	at org.apache.ratis.thirdparty.io.netty.channel.AbstractChannelHandlerContext.invokeChannelRead(AbstractChannelHandlerContext.java:440)
	at org.apache.ratis.thirdparty.io.netty.channel.AbstractChannelHandlerContext.invokeChannelRead(AbstractChannelHandlerContext.java:420)
	at org.apache.ratis.thirdparty.io.netty.channel.DefaultChannelPipeline.fireChannelRead(DefaultChannelPipeline.java:919)
	at org.apache.ratis.thirdparty.io.netty.channel.nio.AbstractNioByteChannel$NioByteUnsafe.read(AbstractNioByteChannel.java:166)
	at org.apache.ratis.thirdparty.io.netty.channel.nio.NioEventLoop.processSelectedKey(NioEventLoop.java:788)
	at org.apache.ratis.thirdparty.io.netty.channel.nio.NioEventLoop.processSelectedKeysOptimized(NioEventLoop.java:724)
	at org.apache.ratis.thirdparty.io.netty.channel.nio.NioEventLoop.processSelectedKeys(NioEventLoop.java:650)
	at org.apache.ratis.thirdparty.io.netty.channel.nio.NioEventLoop.run(NioEventLoop.java:562)
	at org.apache.ratis.thirdparty.io.netty.util.concurrent.SingleThreadEventExecutor$4.run(SingleThreadEventExecutor.java:997)
	at org.apache.ratis.thirdparty.io.netty.util.internal.ThreadExecutorMap$2.run(ThreadExecutorMap.java:74)
	at org.apache.ratis.thirdparty.io.netty.util.concurrent.FastThreadLocalRunnable.run(FastThreadLocalRunnable.java:30)
	at java.base/java.lang.Thread.run(Thread.java:829)
2023-08-28 07:17:56,403 [s2@group-B3A6F468776F->s1-LogAppenderDefault-LogAppenderDaemon] WARN  leader.LogAppender (LogAppenderDefault.java:sendAppendEntriesWithRetries(87)) - s2@group-B3A6F468776F->s1-LogAppenderDefault: Failed to appendEntries (retry=1): {}
org.apache.ratis.protocol.exceptions.GroupMismatchException: s1: group-B3A6F468776F not found.
	at org.apache.ratis.server.impl.RaftServerProxy$ImplMap.get(RaftServerProxy.java:153)
	at org.apache.ratis.server.impl.RaftServerProxy.getImplFuture(RaftServerProxy.java:362)
	at org.apache.ratis.server.impl.RaftServerProxy.getImpl(RaftServerProxy.java:371)
	at org.apache.ratis.server.impl.RaftServerProxy.getImpl(RaftServerProxy.java:366)
	at org.apache.ratis.server.impl.RaftServerProxy.appendEntries(RaftServerProxy.java:654)
	at org.apache.ratis.netty.server.NettyRpcService.handle(NettyRpcService.java:231)
	at org.apache.ratis.netty.server.NettyRpcService$InboundHandler.channelRead0(NettyRpcService.java:95)
	at org.apache.ratis.netty.server.NettyRpcService$InboundHandler.channelRead0(NettyRpcService.java:91)
	at org.apache.ratis.thirdparty.io.netty.channel.SimpleChannelInboundHandler.channelRead(SimpleChannelInboundHandler.java:99)
	at org.apache.ratis.thirdparty.io.netty.channel.AbstractChannelHandlerContext.invokeChannelRead(AbstractChannelHandlerContext.java:444)
	at org.apache.ratis.thirdparty.io.netty.channel.AbstractChannelHandlerContext.invokeChannelRead(AbstractChannelHandlerContext.java:420)
	at org.apache.ratis.thirdparty.io.netty.channel.AbstractChannelHandlerContext.fireChannelRead(AbstractChannelHandlerContext.java:412)
	at org.apache.ratis.thirdparty.io.netty.handler.codec.MessageToMessageDecoder.channelRead(MessageToMessageDecoder.java:103)
	at org.apache.ratis.thirdparty.io.netty.channel.AbstractChannelHandlerContext.invokeChannelRead(AbstractChannelHandlerContext.java:444)
	at org.apache.ratis.thirdparty.io.netty.channel.AbstractChannelHandlerContext.invokeChannelRead(AbstractChannelHandlerContext.java:420)
	at org.apache.ratis.thirdparty.io.netty.channel.AbstractChannelHandlerContext.fireChannelRead(AbstractChannelHandlerContext.java:412)
	at org.apache.ratis.thirdparty.io.netty.handler.codec.ByteToMessageDecoder.fireChannelRead(ByteToMessageDecoder.java:346)
	at org.apache.ratis.thirdparty.io.netty.handler.codec.ByteToMessageDecoder.channelRead(ByteToMessageDecoder.java:318)
	at org.apache.ratis.thirdparty.io.netty.channel.AbstractChannelHandlerContext.invokeChannelRead(AbstractChannelHandlerContext.java:444)
	at org.apache.ratis.thirdparty.io.netty.channel.AbstractChannelHandlerContext.invokeChannelRead(AbstractChannelHandlerContext.java:420)
	at org.apache.ratis.thirdparty.io.netty.channel.AbstractChannelHandlerContext.fireChannelRead(AbstractChannelHandlerContext.java:412)
	at org.apache.ratis.thirdparty.io.netty.channel.DefaultChannelPipeline$HeadContext.channelRead(DefaultChannelPipeline.java:1410)
	at org.apache.ratis.thirdparty.io.netty.channel.AbstractChannelHandlerContext.invokeChannelRead(AbstractChannelHandlerContext.java:440)
	at org.apache.ratis.thirdparty.io.netty.channel.AbstractChannelHandlerContext.invokeChannelRead(AbstractChannelHandlerContext.java:420)
	at org.apache.ratis.thirdparty.io.netty.channel.DefaultChannelPipeline.fireChannelRead(DefaultChannelPipeline.java:919)
	at org.apache.ratis.thirdparty.io.netty.channel.nio.AbstractNioByteChannel$NioByteUnsafe.read(AbstractNioByteChannel.java:166)
	at org.apache.ratis.thirdparty.io.netty.channel.nio.NioEventLoop.processSelectedKey(NioEventLoop.java:788)
	at org.apache.ratis.thirdparty.io.netty.channel.nio.NioEventLoop.processSelectedKeysOptimized(NioEventLoop.java:724)
	at org.apache.ratis.thirdparty.io.netty.channel.nio.NioEventLoop.processSelectedKeys(NioEventLoop.java:650)
	at org.apache.ratis.thirdparty.io.netty.channel.nio.NioEventLoop.run(NioEventLoop.java:562)
	at org.apache.ratis.thirdparty.io.netty.util.concurrent.SingleThreadEventExecutor$4.run(SingleThreadEventExecutor.java:997)
	at org.apache.ratis.thirdparty.io.netty.util.internal.ThreadExecutorMap$2.run(ThreadExecutorMap.java:74)
	at org.apache.ratis.thirdparty.io.netty.util.concurrent.FastThreadLocalRunnable.run(FastThreadLocalRunnable.java:30)
	at java.base/java.lang.Thread.run(Thread.java:829)
2023-08-28 07:17:56,405 [s2@group-B3A6F468776F->s3-LogAppenderDefault-LogAppenderDaemon] WARN  leader.LogAppender (LogAppenderDefault.java:sendAppendEntriesWithRetries(87)) - s2@group-B3A6F468776F->s3-LogAppenderDefault: Failed to appendEntries (retry=1): {}
org.apache.ratis.protocol.exceptions.GroupMismatchException: s3: group-B3A6F468776F not found.
	at org.apache.ratis.server.impl.RaftServerProxy$ImplMap.get(RaftServerProxy.java:153)
	at org.apache.ratis.server.impl.RaftServerProxy.getImplFuture(RaftServerProxy.java:362)
	at org.apache.ratis.server.impl.RaftServerProxy.getImpl(RaftServerProxy.java:371)
	at org.apache.ratis.server.impl.RaftServerProxy.getImpl(RaftServerProxy.java:366)
	at org.apache.ratis.server.impl.RaftServerProxy.appendEntries(RaftServerProxy.java:654)
	at org.apache.ratis.netty.server.NettyRpcService.handle(NettyRpcService.java:231)
	at org.apache.ratis.netty.server.NettyRpcService$InboundHandler.channelRead0(NettyRpcService.java:95)
	at org.apache.ratis.netty.server.NettyRpcService$InboundHandler.channelRead0(NettyRpcService.java:91)
	at org.apache.ratis.thirdparty.io.netty.channel.SimpleChannelInboundHandler.channelRead(SimpleChannelInboundHandler.java:99)
	at org.apache.ratis.thirdparty.io.netty.channel.AbstractChannelHandlerContext.invokeChannelRead(AbstractChannelHandlerContext.java:444)
	at org.apache.ratis.thirdparty.io.netty.channel.AbstractChannelHandlerContext.invokeChannelRead(AbstractChannelHandlerContext.java:420)
	at org.apache.ratis.thirdparty.io.netty.channel.AbstractChannelHandlerContext.fireChannelRead(AbstractChannelHandlerContext.java:412)
	at org.apache.ratis.thirdparty.io.netty.handler.codec.MessageToMessageDecoder.channelRead(MessageToMessageDecoder.java:103)
	at org.apache.ratis.thirdparty.io.netty.channel.AbstractChannelHandlerContext.invokeChannelRead(AbstractChannelHandlerContext.java:444)
	at org.apache.ratis.thirdparty.io.netty.channel.AbstractChannelHandlerContext.invokeChannelRead(AbstractChannelHandlerContext.java:420)
	at org.apache.ratis.thirdparty.io.netty.channel.AbstractChannelHandlerContext.fireChannelRead(AbstractChannelHandlerContext.java:412)
	at org.apache.ratis.thirdparty.io.netty.handler.codec.ByteToMessageDecoder.fireChannelRead(ByteToMessageDecoder.java:346)
	at org.apache.ratis.thirdparty.io.netty.handler.codec.ByteToMessageDecoder.channelRead(ByteToMessageDecoder.java:318)
	at org.apache.ratis.thirdparty.io.netty.channel.AbstractChannelHandlerContext.invokeChannelRead(AbstractChannelHandlerContext.java:444)
	at org.apache.ratis.thirdparty.io.netty.channel.AbstractChannelHandlerContext.invokeChannelRead(AbstractChannelHandlerContext.java:420)
	at org.apache.ratis.thirdparty.io.netty.channel.AbstractChannelHandlerContext.fireChannelRead(AbstractChannelHandlerContext.java:412)
	at org.apache.ratis.thirdparty.io.netty.channel.DefaultChannelPipeline$HeadContext.channelRead(DefaultChannelPipeline.java:1410)
	at org.apache.ratis.thirdparty.io.netty.channel.AbstractChannelHandlerContext.invokeChannelRead(AbstractChannelHandlerContext.java:440)
	at org.apache.ratis.thirdparty.io.netty.channel.AbstractChannelHandlerContext.invokeChannelRead(AbstractChannelHandlerContext.java:420)
	at org.apache.ratis.thirdparty.io.netty.channel.DefaultChannelPipeline.fireChannelRead(DefaultChannelPipeline.java:919)
	at org.apache.ratis.thirdparty.io.netty.channel.nio.AbstractNioByteChannel$NioByteUnsafe.read(AbstractNioByteChannel.java:166)
	at org.apache.ratis.thirdparty.io.netty.channel.nio.NioEventLoop.processSelectedKey(NioEventLoop.java:788)
	at org.apache.ratis.thirdparty.io.netty.channel.nio.NioEventLoop.processSelectedKeysOptimized(NioEventLoop.java:724)
	at org.apache.ratis.thirdparty.io.netty.channel.nio.NioEventLoop.processSelectedKeys(NioEventLoop.java:650)
	at org.apache.ratis.thirdparty.io.netty.channel.nio.NioEventLoop.run(NioEventLoop.java:562)
	at org.apache.ratis.thirdparty.io.netty.util.concurrent.SingleThreadEventExecutor$4.run(SingleThreadEventExecutor.java:997)
	at org.apache.ratis.thirdparty.io.netty.util.internal.ThreadExecutorMap$2.run(ThreadExecutorMap.java:74)
	at org.apache.ratis.thirdparty.io.netty.util.concurrent.FastThreadLocalRunnable.run(FastThreadLocalRunnable.java:30)
	at java.base/java.lang.Thread.run(Thread.java:829)
2023-08-28 07:17:56,406 [s2@group-B3A6F468776F->s0-LogAppenderDefault-LogAppenderDaemon] WARN  leader.LogAppender (LogAppenderDefault.java:sendAppendEntriesWithRetries(87)) - s2@group-B3A6F468776F->s0-LogAppenderDefault: Failed to appendEntries (retry=1): {}
org.apache.ratis.protocol.exceptions.GroupMismatchException: s0: group-B3A6F468776F not found.
	at org.apache.ratis.server.impl.RaftServerProxy$ImplMap.get(RaftServerProxy.java:153)
	at org.apache.ratis.server.impl.RaftServerProxy.getImplFuture(RaftServerProxy.java:362)
	at org.apache.ratis.server.impl.RaftServerProxy.getImpl(RaftServerProxy.java:371)
	at org.apache.ratis.server.impl.RaftServerProxy.getImpl(RaftServerProxy.java:366)
	at org.apache.ratis.server.impl.RaftServerProxy.appendEntries(RaftServerProxy.java:654)
	at org.apache.ratis.netty.server.NettyRpcService.handle(NettyRpcService.java:231)
	at org.apache.ratis.netty.server.NettyRpcService$InboundHandler.channelRead0(NettyRpcService.java:95)
	at org.apache.ratis.netty.server.NettyRpcService$InboundHandler.channelRead0(NettyRpcService.java:91)
	at org.apache.ratis.thirdparty.io.netty.channel.SimpleChannelInboundHandler.channelRead(SimpleChannelInboundHandler.java:99)
	at org.apache.ratis.thirdparty.io.netty.channel.AbstractChannelHandlerContext.invokeChannelRead(AbstractChannelHandlerContext.java:444)
	at org.apache.ratis.thirdparty.io.netty.channel.AbstractChannelHandlerContext.invokeChannelRead(AbstractChannelHandlerContext.java:420)
	at org.apache.ratis.thirdparty.io.netty.channel.AbstractChannelHandlerContext.fireChannelRead(AbstractChannelHandlerContext.java:412)
	at org.apache.ratis.thirdparty.io.netty.handler.codec.MessageToMessageDecoder.channelRead(MessageToMessageDecoder.java:103)
	at org.apache.ratis.thirdparty.io.netty.channel.AbstractChannelHandlerContext.invokeChannelRead(AbstractChannelHandlerContext.java:444)
	at org.apache.ratis.thirdparty.io.netty.channel.AbstractChannelHandlerContext.invokeChannelRead(AbstractChannelHandlerContext.java:420)
	at org.apache.ratis.thirdparty.io.netty.channel.AbstractChannelHandlerContext.fireChannelRead(AbstractChannelHandlerContext.java:412)
	at org.apache.ratis.thirdparty.io.netty.handler.codec.ByteToMessageDecoder.fireChannelRead(ByteToMessageDecoder.java:346)
	at org.apache.ratis.thirdparty.io.netty.handler.codec.ByteToMessageDecoder.channelRead(ByteToMessageDecoder.java:318)
	at org.apache.ratis.thirdparty.io.netty.channel.AbstractChannelHandlerContext.invokeChannelRead(AbstractChannelHandlerContext.java:444)
	at org.apache.ratis.thirdparty.io.netty.channel.AbstractChannelHandlerContext.invokeChannelRead(AbstractChannelHandlerContext.java:420)
	at org.apache.ratis.thirdparty.io.netty.channel.AbstractChannelHandlerContext.fireChannelRead(AbstractChannelHandlerContext.java:412)
	at org.apache.ratis.thirdparty.io.netty.channel.DefaultChannelPipeline$HeadContext.channelRead(DefaultChannelPipeline.java:1410)
	at org.apache.ratis.thirdparty.io.netty.channel.AbstractChannelHandlerContext.invokeChannelRead(AbstractChannelHandlerContext.java:440)
	at org.apache.ratis.thirdparty.io.netty.channel.AbstractChannelHandlerContext.invokeChannelRead(AbstractChannelHandlerContext.java:420)
	at org.apache.ratis.thirdparty.io.netty.channel.DefaultChannelPipeline.fireChannelRead(DefaultChannelPipeline.java:919)
	at org.apache.ratis.thirdparty.io.netty.channel.nio.AbstractNioByteChannel$NioByteUnsafe.read(AbstractNioByteChannel.java:166)
	at org.apache.ratis.thirdparty.io.netty.channel.nio.NioEventLoop.processSelectedKey(NioEventLoop.java:788)
	at org.apache.ratis.thirdparty.io.netty.channel.nio.NioEventLoop.processSelectedKeysOptimized(NioEventLoop.java:724)
	at org.apache.ratis.thirdparty.io.netty.channel.nio.NioEventLoop.processSelectedKeys(NioEventLoop.java:650)
	at org.apache.ratis.thirdparty.io.netty.channel.nio.NioEventLoop.run(NioEventLoop.java:562)
	at org.apache.ratis.thirdparty.io.netty.util.concurrent.SingleThreadEventExecutor$4.run(SingleThreadEventExecutor.java:997)
	at org.apache.ratis.thirdparty.io.netty.util.internal.ThreadExecutorMap$2.run(ThreadExecutorMap.java:74)
	at org.apache.ratis.thirdparty.io.netty.util.concurrent.FastThreadLocalRunnable.run(FastThreadLocalRunnable.java:30)
	at java.base/java.lang.Thread.run(Thread.java:829)
2023-08-28 07:17:56,492 [nioEventLoopGroup-85-3] INFO  segmented.SegmentedRaftLogWorker (SegmentedRaftLogWorker.java:close(242)) - s1@group-B3A6F468776F-SegmentedRaftLogWorker close()
2023-08-28 07:17:56,493 [nioEventLoopGroup-85-3] TRACE util.FileUtils (FileUtils.java:deleteFully(201)) - deleteFully /home/runner/work/ratis/ratis/ratis-test/target/test/data/c5bbf9cd/MiniRaftClusterWithNetty9d0d4a8/s1/5e606870-d977-484e-8788-b3a6f468776f
2023-08-28 07:17:56,494 [nioEventLoopGroup-85-3] TRACE util.FileUtils (LogUtils.java:runAndLog(49)) - Successfully ran Files.delete /home/runner/work/ratis/ratis/ratis-test/target/test/data/c5bbf9cd/MiniRaftClusterWithNetty9d0d4a8/s1/5e606870-d977-484e-8788-b3a6f468776f/in_use.lock
2023-08-28 07:17:56,494 [nioEventLoopGroup-85-3] TRACE util.FileUtils (LogUtils.java:runAndLog(49)) - Successfully ran Files.delete /home/runner/work/ratis/ratis/ratis-test/target/test/data/c5bbf9cd/MiniRaftClusterWithNetty9d0d4a8/s1/5e606870-d977-484e-8788-b3a6f468776f/current/raft-meta.conf
2023-08-28 07:17:56,494 [nioEventLoopGroup-85-3] TRACE util.FileUtils (LogUtils.java:runAndLog(49)) - Successfully ran Files.delete /home/runner/work/ratis/ratis/ratis-test/target/test/data/c5bbf9cd/MiniRaftClusterWithNetty9d0d4a8/s1/5e606870-d977-484e-8788-b3a6f468776f/current/log_inprogress_0
2023-08-28 07:17:56,494 [nioEventLoopGroup-85-3] TRACE util.FileUtils (LogUtils.java:runAndLog(49)) - Successfully ran Files.delete /home/runner/work/ratis/ratis/ratis-test/target/test/data/c5bbf9cd/MiniRaftClusterWithNetty9d0d4a8/s1/5e606870-d977-484e-8788-b3a6f468776f/current/raft-meta
2023-08-28 07:17:56,494 [nioEventLoopGroup-85-3] TRACE util.FileUtils (LogUtils.java:runAndLog(49)) - Successfully ran Files.delete /home/runner/work/ratis/ratis/ratis-test/target/test/data/c5bbf9cd/MiniRaftClusterWithNetty9d0d4a8/s1/5e606870-d977-484e-8788-b3a6f468776f/current
2023-08-28 07:17:56,494 [nioEventLoopGroup-85-3] TRACE util.FileUtils (LogUtils.java:runAndLog(49)) - Successfully ran Files.delete /home/runner/work/ratis/ratis/ratis-test/target/test/data/c5bbf9cd/MiniRaftClusterWithNetty9d0d4a8/s1/5e606870-d977-484e-8788-b3a6f468776f/sm
2023-08-28 07:17:56,494 [nioEventLoopGroup-85-3] TRACE util.FileUtils (LogUtils.java:runAndLog(49)) - Successfully ran Files.delete /home/runner/work/ratis/ratis/ratis-test/target/test/data/c5bbf9cd/MiniRaftClusterWithNetty9d0d4a8/s1/5e606870-d977-484e-8788-b3a6f468776f
2023-08-28 07:17:56,494 [nioEventLoopGroup-85-3] INFO  server.RaftServer$Division (RaftServerImpl.java:groupRemove(478)) - s1@group-B3A6F468776F: Succeed to remove RaftStorageDirectory Storage Directory /home/runner/work/ratis/ratis/ratis-test/target/test/data/c5bbf9cd/MiniRaftClusterWithNetty9d0d4a8/s1/5e606870-d977-484e-8788-b3a6f468776f
2023-08-28 07:17:56,503 [Time-limited test] DEBUG client.RaftClient (ConfUtils.java:logGet(46)) - raft.rpc.type = NETTY (custom)
2023-08-28 07:17:56,506 [nioEventLoopGroup-86-1] INFO  logging.LoggingHandler (AbstractInternalLogger.java:log(148)) - [id: 0xdebe14a1, L:/0.0.0.0:46017] READ: [id: 0xb0ce3644, L:/10.1.0.28:46017 - R:/10.1.0.28:56094]
2023-08-28 07:17:56,508 [nioEventLoopGroup-86-1] INFO  logging.LoggingHandler (AbstractInternalLogger.java:log(148)) - [id: 0xdebe14a1, L:/0.0.0.0:46017] READ COMPLETE
2023-08-28 07:17:56,509 [nioEventLoopGroup-87-2] INFO  server.RaftServer (RaftServerProxy.java:remove(110)) - s2: remove    LEADER s2@group-B3A6F468776F:t1, leader=s2, voted=s2, raftlog=Memoized:s2@group-B3A6F468776F-SegmentedRaftLog:OPENED:c0, conf=0: peers:[s3|rpc:0.0.0.0:36829|dataStream:|priority:0|startupRole:FOLLOWER, s4|rpc:0.0.0.0:45719|dataStream:|priority:0|startupRole:FOLLOWER, s0|rpc:0.0.0.0:46813|dataStream:|priority:0|startupRole:FOLLOWER, s1|rpc:0.0.0.0:37301|dataStream:|priority:0|startupRole:FOLLOWER, s2|rpc:0.0.0.0:46017|dataStream:|priority:0|startupRole:FOLLOWER]|listeners:[], old=null RUNNING
2023-08-28 07:17:56,509 [nioEventLoopGroup-87-2] INFO  server.RaftServer$Division (RaftServerImpl.java:lambda$close$3(508)) - s2@group-B3A6F468776F: shutdown
2023-08-28 07:17:56,509 [nioEventLoopGroup-87-2] INFO  util.JmxRegister (JmxRegister.java:unregister(73)) - Successfully un-registered JMX Bean with object name Ratis:service=RaftServer,group=group-B3A6F468776F,id=s2
2023-08-28 07:17:56,509 [nioEventLoopGroup-87-2] INFO  impl.RoleInfo (RoleInfo.java:shutdownLeaderState(92)) - s2: shutdown s2@group-B3A6F468776F-LeaderStateImpl
2023-08-28 07:17:56,509 [s2@group-B3A6F468776F->s3-LogAppenderDefault-LogAppenderDaemon] INFO  leader.LogAppenderDaemon (LogAppenderDaemon.java:run(83)) - s2@group-B3A6F468776F->s3-LogAppenderDefault-LogAppenderDaemon was interrupted: java.lang.InterruptedException
2023-08-28 07:17:56,509 [s2@group-B3A6F468776F->s4-LogAppenderDefault-LogAppenderDaemon] INFO  leader.LogAppenderDaemon (LogAppenderDaemon.java:run(83)) - s2@group-B3A6F468776F->s4-LogAppenderDefault-LogAppenderDaemon was interrupted: java.lang.InterruptedException
2023-08-28 07:17:56,509 [s2@group-B3A6F468776F->s0-LogAppenderDefault-LogAppenderDaemon] INFO  leader.LogAppenderDaemon (LogAppenderDaemon.java:run(83)) - s2@group-B3A6F468776F->s0-LogAppenderDefault-LogAppenderDaemon was interrupted: java.lang.InterruptedException
2023-08-28 07:17:56,510 [s2@group-B3A6F468776F->s1-LogAppenderDefault-LogAppenderDaemon] INFO  leader.LogAppenderDaemon (LogAppenderDaemon.java:run(83)) - s2@group-B3A6F468776F->s1-LogAppenderDefault-LogAppenderDaemon was interrupted: java.lang.InterruptedException
2023-08-28 07:17:56,510 [nioEventLoopGroup-87-2] INFO  impl.PendingRequests (PendingRequests.java:sendNotLeaderResponses(289)) - s2@group-B3A6F468776F-PendingRequests: sendNotLeaderResponses
2023-08-28 07:17:56,510 [nioEventLoopGroup-87-2] INFO  impl.StateMachineUpdater (StateMachineUpdater.java:stopAndJoin(157)) - s2@group-B3A6F468776F-StateMachineUpdater: set stopIndex = 0
2023-08-28 07:17:56,510 [nioEventLoopGroup-87-2] INFO  server.RaftServer$Division (ServerState.java:close(415)) - s2@group-B3A6F468776F: applyIndex: 0
2023-08-28 07:17:57,457 [nioEventLoopGroup-87-2] INFO  segmented.SegmentedRaftLogWorker (SegmentedRaftLogWorker.java:close(242)) - s2@group-B3A6F468776F-SegmentedRaftLogWorker close()
2023-08-28 07:17:57,458 [nioEventLoopGroup-87-2] TRACE util.FileUtils (FileUtils.java:deleteFully(201)) - deleteFully /home/runner/work/ratis/ratis/ratis-test/target/test/data/c5bbf9cd/MiniRaftClusterWithNetty9d0d4a8/s2/5e606870-d977-484e-8788-b3a6f468776f
2023-08-28 07:17:57,458 [nioEventLoopGroup-87-2] TRACE util.FileUtils (LogUtils.java:runAndLog(49)) - Successfully ran Files.delete /home/runner/work/ratis/ratis/ratis-test/target/test/data/c5bbf9cd/MiniRaftClusterWithNetty9d0d4a8/s2/5e606870-d977-484e-8788-b3a6f468776f/in_use.lock
2023-08-28 07:17:57,458 [nioEventLoopGroup-87-2] TRACE util.FileUtils (LogUtils.java:runAndLog(49)) - Successfully ran Files.delete /home/runner/work/ratis/ratis/ratis-test/target/test/data/c5bbf9cd/MiniRaftClusterWithNetty9d0d4a8/s2/5e606870-d977-484e-8788-b3a6f468776f/current/raft-meta.conf
2023-08-28 07:17:57,458 [nioEventLoopGroup-87-2] TRACE util.FileUtils (LogUtils.java:runAndLog(49)) - Successfully ran Files.delete /home/runner/work/ratis/ratis/ratis-test/target/test/data/c5bbf9cd/MiniRaftClusterWithNetty9d0d4a8/s2/5e606870-d977-484e-8788-b3a6f468776f/current/log_inprogress_0
2023-08-28 07:17:57,458 [nioEventLoopGroup-87-2] TRACE util.FileUtils (LogUtils.java:runAndLog(49)) - Successfully ran Files.delete /home/runner/work/ratis/ratis/ratis-test/target/test/data/c5bbf9cd/MiniRaftClusterWithNetty9d0d4a8/s2/5e606870-d977-484e-8788-b3a6f468776f/current/raft-meta
2023-08-28 07:17:57,458 [nioEventLoopGroup-87-2] TRACE util.FileUtils (LogUtils.java:runAndLog(49)) - Successfully ran Files.delete /home/runner/work/ratis/ratis/ratis-test/target/test/data/c5bbf9cd/MiniRaftClusterWithNetty9d0d4a8/s2/5e606870-d977-484e-8788-b3a6f468776f/current
2023-08-28 07:17:57,459 [nioEventLoopGroup-87-2] TRACE util.FileUtils (LogUtils.java:runAndLog(49)) - Successfully ran Files.delete /home/runner/work/ratis/ratis/ratis-test/target/test/data/c5bbf9cd/MiniRaftClusterWithNetty9d0d4a8/s2/5e606870-d977-484e-8788-b3a6f468776f/sm
2023-08-28 07:17:57,459 [nioEventLoopGroup-87-2] TRACE util.FileUtils (LogUtils.java:runAndLog(49)) - Successfully ran Files.delete /home/runner/work/ratis/ratis/ratis-test/target/test/data/c5bbf9cd/MiniRaftClusterWithNetty9d0d4a8/s2/5e606870-d977-484e-8788-b3a6f468776f
2023-08-28 07:17:57,459 [nioEventLoopGroup-87-2] INFO  server.RaftServer$Division (RaftServerImpl.java:groupRemove(478)) - s2@group-B3A6F468776F: Succeed to remove RaftStorageDirectory Storage Directory /home/runner/work/ratis/ratis/ratis-test/target/test/data/c5bbf9cd/MiniRaftClusterWithNetty9d0d4a8/s2/5e606870-d977-484e-8788-b3a6f468776f
2023-08-28 07:17:57,462 [Time-limited test] INFO  impl.GroupManagementBaseTest (GroupManagementBaseTest.java:runMultiGroupTest(299)) - 1) close printing group-C45DAFA80DA3
  s5:  RUNNING [
   FOLLOWER s5@group-75AB5BF27CAD:t0, leader=null, voted=, raftlog=Memoized:s5@group-75AB5BF27CAD-SegmentedRaftLog:OPENED:c-1, conf=-1: peers:[]|listeners:[], old=null STARTING
   FOLLOWER s5@group-C45DAFA80DA3:t1, leader=s7, voted=s7, raftlog=Memoized:s5@group-C45DAFA80DA3-SegmentedRaftLog:OPENED:c0, conf=0: peers:[s5|rpc:0.0.0.0:35717|dataStream:|priority:0|startupRole:FOLLOWER, s6|rpc:0.0.0.0:46025|dataStream:|priority:0|startupRole:FOLLOWER, s7|rpc:0.0.0.0:34047|dataStream:|priority:0|startupRole:FOLLOWER]|listeners:[], old=null RUNNING] size=2
  s6:  RUNNING [
   FOLLOWER s6@group-75AB5BF27CAD:t0, leader=null, voted=, raftlog=Memoized:s6@group-75AB5BF27CAD-SegmentedRaftLog:OPENED:c-1, conf=-1: peers:[]|listeners:[], old=null STARTING
   FOLLOWER s6@group-C45DAFA80DA3:t1, leader=s7, voted=s7, raftlog=Memoized:s6@group-C45DAFA80DA3-SegmentedRaftLog:OPENED:c0, conf=0: peers:[s5|rpc:0.0.0.0:35717|dataStream:|priority:0|startupRole:FOLLOWER, s6|rpc:0.0.0.0:46025|dataStream:|priority:0|startupRole:FOLLOWER, s7|rpc:0.0.0.0:34047|dataStream:|priority:0|startupRole:FOLLOWER]|listeners:[], old=null RUNNING] size=2
  s7:  RUNNING [
   FOLLOWER s7@group-75AB5BF27CAD:t0, leader=null, voted=, raftlog=Memoized:s7@group-75AB5BF27CAD-SegmentedRaftLog:OPENED:c-1, conf=-1: peers:[]|listeners:[], old=null STARTING
     LEADER s7@group-C45DAFA80DA3:t1, leader=s7, voted=s7, raftlog=Memoized:s7@group-C45DAFA80DA3-SegmentedRaftLog:OPENED:c0, conf=0: peers:[s5|rpc:0.0.0.0:35717|dataStream:|priority:0|startupRole:FOLLOWER, s6|rpc:0.0.0.0:46025|dataStream:|priority:0|startupRole:FOLLOWER, s7|rpc:0.0.0.0:34047|dataStream:|priority:0|startupRole:FOLLOWER]|listeners:[], old=null RUNNING] size=2
2023-08-28 07:17:57,462 [Time-limited test] DEBUG client.RaftClient (ConfUtils.java:logGet(46)) - raft.rpc.type = NETTY (custom)
2023-08-28 07:17:57,464 [nioEventLoopGroup-96-1] INFO  logging.LoggingHandler (AbstractInternalLogger.java:log(148)) - [id: 0x34e461c6, L:/0.0.0.0:35717] READ: [id: 0x0a66c3d5, L:/10.1.0.28:35717 - R:/10.1.0.28:48702]
2023-08-28 07:17:57,464 [nioEventLoopGroup-96-1] INFO  logging.LoggingHandler (AbstractInternalLogger.java:log(148)) - [id: 0x34e461c6, L:/0.0.0.0:35717] READ COMPLETE
2023-08-28 07:17:57,465 [nioEventLoopGroup-97-3] INFO  server.RaftServer (RaftServerProxy.java:remove(110)) - s5: remove  FOLLOWER s5@group-C45DAFA80DA3:t1, leader=s7, voted=s7, raftlog=Memoized:s5@group-C45DAFA80DA3-SegmentedRaftLog:OPENED:c0, conf=0: peers:[s5|rpc:0.0.0.0:35717|dataStream:|priority:0|startupRole:FOLLOWER, s6|rpc:0.0.0.0:46025|dataStream:|priority:0|startupRole:FOLLOWER, s7|rpc:0.0.0.0:34047|dataStream:|priority:0|startupRole:FOLLOWER]|listeners:[], old=null RUNNING
2023-08-28 07:17:57,465 [nioEventLoopGroup-97-3] INFO  server.RaftServer$Division (RaftServerImpl.java:lambda$close$3(508)) - s5@group-C45DAFA80DA3: shutdown
2023-08-28 07:17:57,465 [nioEventLoopGroup-97-3] INFO  util.JmxRegister (JmxRegister.java:unregister(73)) - Successfully un-registered JMX Bean with object name Ratis:service=RaftServer,group=group-C45DAFA80DA3,id=s5
2023-08-28 07:17:57,465 [nioEventLoopGroup-97-3] INFO  impl.RoleInfo (RoleInfo.java:shutdownFollowerState(109)) - s5: shutdown s5@group-C45DAFA80DA3-FollowerState
2023-08-28 07:17:57,465 [nioEventLoopGroup-97-3] INFO  impl.StateMachineUpdater (StateMachineUpdater.java:stopAndJoin(157)) - s5@group-C45DAFA80DA3-StateMachineUpdater: set stopIndex = 0
2023-08-28 07:17:57,465 [s5@group-C45DAFA80DA3-FollowerState] INFO  impl.FollowerState (FollowerState.java:run(152)) - s5@group-C45DAFA80DA3-FollowerState was interrupted
2023-08-28 07:17:57,465 [nioEventLoopGroup-97-3] INFO  server.RaftServer$Division (ServerState.java:close(415)) - s5@group-C45DAFA80DA3: applyIndex: 0
2023-08-28 07:17:57,610 [nioEventLoopGroup-97-3] INFO  segmented.SegmentedRaftLogWorker (SegmentedRaftLogWorker.java:close(242)) - s5@group-C45DAFA80DA3-SegmentedRaftLogWorker close()
2023-08-28 07:17:57,611 [nioEventLoopGroup-97-3] TRACE util.FileUtils (FileUtils.java:deleteFully(201)) - deleteFully /home/runner/work/ratis/ratis/ratis-test/target/test/data/c5bbf9cd/MiniRaftClusterWithNetty9d0d4a8/s5/3dd27d85-9dff-436e-ab57-c45dafa80da3
2023-08-28 07:17:57,611 [nioEventLoopGroup-97-3] TRACE util.FileUtils (LogUtils.java:runAndLog(49)) - Successfully ran Files.delete /home/runner/work/ratis/ratis/ratis-test/target/test/data/c5bbf9cd/MiniRaftClusterWithNetty9d0d4a8/s5/3dd27d85-9dff-436e-ab57-c45dafa80da3/in_use.lock
2023-08-28 07:17:57,611 [nioEventLoopGroup-97-3] TRACE util.FileUtils (LogUtils.java:runAndLog(49)) - Successfully ran Files.delete /home/runner/work/ratis/ratis/ratis-test/target/test/data/c5bbf9cd/MiniRaftClusterWithNetty9d0d4a8/s5/3dd27d85-9dff-436e-ab57-c45dafa80da3/current/raft-meta.conf
2023-08-28 07:17:57,611 [nioEventLoopGroup-97-3] TRACE util.FileUtils (LogUtils.java:runAndLog(49)) - Successfully ran Files.delete /home/runner/work/ratis/ratis/ratis-test/target/test/data/c5bbf9cd/MiniRaftClusterWithNetty9d0d4a8/s5/3dd27d85-9dff-436e-ab57-c45dafa80da3/current/log_inprogress_0
2023-08-28 07:17:57,611 [nioEventLoopGroup-97-3] TRACE util.FileUtils (LogUtils.java:runAndLog(49)) - Successfully ran Files.delete /home/runner/work/ratis/ratis/ratis-test/target/test/data/c5bbf9cd/MiniRaftClusterWithNetty9d0d4a8/s5/3dd27d85-9dff-436e-ab57-c45dafa80da3/current/raft-meta
2023-08-28 07:17:57,611 [nioEventLoopGroup-97-3] TRACE util.FileUtils (LogUtils.java:runAndLog(49)) - Successfully ran Files.delete /home/runner/work/ratis/ratis/ratis-test/target/test/data/c5bbf9cd/MiniRaftClusterWithNetty9d0d4a8/s5/3dd27d85-9dff-436e-ab57-c45dafa80da3/current
2023-08-28 07:17:57,612 [nioEventLoopGroup-97-3] TRACE util.FileUtils (LogUtils.java:runAndLog(49)) - Successfully ran Files.delete /home/runner/work/ratis/ratis/ratis-test/target/test/data/c5bbf9cd/MiniRaftClusterWithNetty9d0d4a8/s5/3dd27d85-9dff-436e-ab57-c45dafa80da3/sm
2023-08-28 07:17:57,612 [nioEventLoopGroup-97-3] TRACE util.FileUtils (LogUtils.java:runAndLog(49)) - Successfully ran Files.delete /home/runner/work/ratis/ratis/ratis-test/target/test/data/c5bbf9cd/MiniRaftClusterWithNetty9d0d4a8/s5/3dd27d85-9dff-436e-ab57-c45dafa80da3
2023-08-28 07:17:57,612 [nioEventLoopGroup-97-3] INFO  server.RaftServer$Division (RaftServerImpl.java:groupRemove(478)) - s5@group-C45DAFA80DA3: Succeed to remove RaftStorageDirectory Storage Directory /home/runner/work/ratis/ratis/ratis-test/target/test/data/c5bbf9cd/MiniRaftClusterWithNetty9d0d4a8/s5/3dd27d85-9dff-436e-ab57-c45dafa80da3
2023-08-28 07:17:57,620 [Time-limited test] DEBUG client.RaftClient (ConfUtils.java:logGet(46)) - raft.rpc.type = NETTY (custom)
2023-08-28 07:17:57,621 [nioEventLoopGroup-99-1] INFO  logging.LoggingHandler (AbstractInternalLogger.java:log(148)) - [id: 0x4c645ac6, L:/0.0.0.0:46025] READ: [id: 0x10e4f6fa, L:/10.1.0.28:46025 - R:/10.1.0.28:54908]
2023-08-28 07:17:57,621 [nioEventLoopGroup-99-1] INFO  logging.LoggingHandler (AbstractInternalLogger.java:log(148)) - [id: 0x4c645ac6, L:/0.0.0.0:46025] READ COMPLETE
2023-08-28 07:17:57,622 [nioEventLoopGroup-100-3] INFO  server.RaftServer (RaftServerProxy.java:remove(110)) - s6: remove  FOLLOWER s6@group-C45DAFA80DA3:t1, leader=s7, voted=s7, raftlog=Memoized:s6@group-C45DAFA80DA3-SegmentedRaftLog:OPENED:c0, conf=0: peers:[s5|rpc:0.0.0.0:35717|dataStream:|priority:0|startupRole:FOLLOWER, s6|rpc:0.0.0.0:46025|dataStream:|priority:0|startupRole:FOLLOWER, s7|rpc:0.0.0.0:34047|dataStream:|priority:0|startupRole:FOLLOWER]|listeners:[], old=null RUNNING
2023-08-28 07:17:57,622 [nioEventLoopGroup-100-3] INFO  server.RaftServer$Division (RaftServerImpl.java:lambda$close$3(508)) - s6@group-C45DAFA80DA3: shutdown
2023-08-28 07:17:57,622 [nioEventLoopGroup-100-3] INFO  util.JmxRegister (JmxRegister.java:unregister(73)) - Successfully un-registered JMX Bean with object name Ratis:service=RaftServer,group=group-C45DAFA80DA3,id=s6
2023-08-28 07:17:57,622 [nioEventLoopGroup-100-3] INFO  impl.RoleInfo (RoleInfo.java:shutdownFollowerState(109)) - s6: shutdown s6@group-C45DAFA80DA3-FollowerState
2023-08-28 07:17:57,622 [nioEventLoopGroup-100-3] INFO  impl.StateMachineUpdater (StateMachineUpdater.java:stopAndJoin(157)) - s6@group-C45DAFA80DA3-StateMachineUpdater: set stopIndex = 0
2023-08-28 07:17:57,622 [s6@group-C45DAFA80DA3-FollowerState] INFO  impl.FollowerState (FollowerState.java:run(152)) - s6@group-C45DAFA80DA3-FollowerState was interrupted
2023-08-28 07:17:57,623 [nioEventLoopGroup-100-3] INFO  server.RaftServer$Division (ServerState.java:close(415)) - s6@group-C45DAFA80DA3: applyIndex: 0
2023-08-28 07:17:57,629 [s7@group-C45DAFA80DA3->s5-LogAppenderDefault-LogAppenderDaemon] WARN  leader.LogAppender (LogAppenderDefault.java:sendAppendEntriesWithRetries(87)) - s7@group-C45DAFA80DA3->s5-LogAppenderDefault: Failed to appendEntries (retry=1): {}
org.apache.ratis.protocol.exceptions.GroupMismatchException: s5: group-C45DAFA80DA3 not found.
	at org.apache.ratis.server.impl.RaftServerProxy$ImplMap.get(RaftServerProxy.java:153)
	at org.apache.ratis.server.impl.RaftServerProxy.getImplFuture(RaftServerProxy.java:362)
	at org.apache.ratis.server.impl.RaftServerProxy.getImpl(RaftServerProxy.java:371)
	at org.apache.ratis.server.impl.RaftServerProxy.getImpl(RaftServerProxy.java:366)
	at org.apache.ratis.server.impl.RaftServerProxy.appendEntries(RaftServerProxy.java:654)
	at org.apache.ratis.netty.server.NettyRpcService.handle(NettyRpcService.java:231)
	at org.apache.ratis.netty.server.NettyRpcService$InboundHandler.channelRead0(NettyRpcService.java:95)
	at org.apache.ratis.netty.server.NettyRpcService$InboundHandler.channelRead0(NettyRpcService.java:91)
	at org.apache.ratis.thirdparty.io.netty.channel.SimpleChannelInboundHandler.channelRead(SimpleChannelInboundHandler.java:99)
	at org.apache.ratis.thirdparty.io.netty.channel.AbstractChannelHandlerContext.invokeChannelRead(AbstractChannelHandlerContext.java:444)
	at org.apache.ratis.thirdparty.io.netty.channel.AbstractChannelHandlerContext.invokeChannelRead(AbstractChannelHandlerContext.java:420)
	at org.apache.ratis.thirdparty.io.netty.channel.AbstractChannelHandlerContext.fireChannelRead(AbstractChannelHandlerContext.java:412)
	at org.apache.ratis.thirdparty.io.netty.handler.codec.MessageToMessageDecoder.channelRead(MessageToMessageDecoder.java:103)
	at org.apache.ratis.thirdparty.io.netty.channel.AbstractChannelHandlerContext.invokeChannelRead(AbstractChannelHandlerContext.java:444)
	at org.apache.ratis.thirdparty.io.netty.channel.AbstractChannelHandlerContext.invokeChannelRead(AbstractChannelHandlerContext.java:420)
	at org.apache.ratis.thirdparty.io.netty.channel.AbstractChannelHandlerContext.fireChannelRead(AbstractChannelHandlerContext.java:412)
	at org.apache.ratis.thirdparty.io.netty.handler.codec.ByteToMessageDecoder.fireChannelRead(ByteToMessageDecoder.java:346)
	at org.apache.ratis.thirdparty.io.netty.handler.codec.ByteToMessageDecoder.channelRead(ByteToMessageDecoder.java:318)
	at org.apache.ratis.thirdparty.io.netty.channel.AbstractChannelHandlerContext.invokeChannelRead(AbstractChannelHandlerContext.java:444)
	at org.apache.ratis.thirdparty.io.netty.channel.AbstractChannelHandlerContext.invokeChannelRead(AbstractChannelHandlerContext.java:420)
	at org.apache.ratis.thirdparty.io.netty.channel.AbstractChannelHandlerContext.fireChannelRead(AbstractChannelHandlerContext.java:412)
	at org.apache.ratis.thirdparty.io.netty.channel.DefaultChannelPipeline$HeadContext.channelRead(DefaultChannelPipeline.java:1410)
	at org.apache.ratis.thirdparty.io.netty.channel.AbstractChannelHandlerContext.invokeChannelRead(AbstractChannelHandlerContext.java:440)
	at org.apache.ratis.thirdparty.io.netty.channel.AbstractChannelHandlerContext.invokeChannelRead(AbstractChannelHandlerContext.java:420)
	at org.apache.ratis.thirdparty.io.netty.channel.DefaultChannelPipeline.fireChannelRead(DefaultChannelPipeline.java:919)
	at org.apache.ratis.thirdparty.io.netty.channel.nio.AbstractNioByteChannel$NioByteUnsafe.read(AbstractNioByteChannel.java:166)
	at org.apache.ratis.thirdparty.io.netty.channel.nio.NioEventLoop.processSelectedKey(NioEventLoop.java:788)
	at org.apache.ratis.thirdparty.io.netty.channel.nio.NioEventLoop.processSelectedKeysOptimized(NioEventLoop.java:724)
	at org.apache.ratis.thirdparty.io.netty.channel.nio.NioEventLoop.processSelectedKeys(NioEventLoop.java:650)
	at org.apache.ratis.thirdparty.io.netty.channel.nio.NioEventLoop.run(NioEventLoop.java:562)
	at org.apache.ratis.thirdparty.io.netty.util.concurrent.SingleThreadEventExecutor$4.run(SingleThreadEventExecutor.java:997)
	at org.apache.ratis.thirdparty.io.netty.util.internal.ThreadExecutorMap$2.run(ThreadExecutorMap.java:74)
	at org.apache.ratis.thirdparty.io.netty.util.concurrent.FastThreadLocalRunnable.run(FastThreadLocalRunnable.java:30)
	at java.base/java.lang.Thread.run(Thread.java:829)
2023-08-28 07:17:57,630 [s7@group-C45DAFA80DA3->s6-LogAppenderDefault-LogAppenderDaemon] WARN  leader.LogAppender (LogAppenderDefault.java:sendAppendEntriesWithRetries(87)) - s7@group-C45DAFA80DA3->s6-LogAppenderDefault: Failed to appendEntries (retry=1): {}
org.apache.ratis.protocol.exceptions.GroupMismatchException: s6: group-C45DAFA80DA3 not found.
	at org.apache.ratis.server.impl.RaftServerProxy$ImplMap.get(RaftServerProxy.java:153)
	at org.apache.ratis.server.impl.RaftServerProxy.getImplFuture(RaftServerProxy.java:362)
	at org.apache.ratis.server.impl.RaftServerProxy.getImpl(RaftServerProxy.java:371)
	at org.apache.ratis.server.impl.RaftServerProxy.getImpl(RaftServerProxy.java:366)
	at org.apache.ratis.server.impl.RaftServerProxy.appendEntries(RaftServerProxy.java:654)
	at org.apache.ratis.netty.server.NettyRpcService.handle(NettyRpcService.java:231)
	at org.apache.ratis.netty.server.NettyRpcService$InboundHandler.channelRead0(NettyRpcService.java:95)
	at org.apache.ratis.netty.server.NettyRpcService$InboundHandler.channelRead0(NettyRpcService.java:91)
	at org.apache.ratis.thirdparty.io.netty.channel.SimpleChannelInboundHandler.channelRead(SimpleChannelInboundHandler.java:99)
	at org.apache.ratis.thirdparty.io.netty.channel.AbstractChannelHandlerContext.invokeChannelRead(AbstractChannelHandlerContext.java:444)
	at org.apache.ratis.thirdparty.io.netty.channel.AbstractChannelHandlerContext.invokeChannelRead(AbstractChannelHandlerContext.java:420)
	at org.apache.ratis.thirdparty.io.netty.channel.AbstractChannelHandlerContext.fireChannelRead(AbstractChannelHandlerContext.java:412)
	at org.apache.ratis.thirdparty.io.netty.handler.codec.MessageToMessageDecoder.channelRead(MessageToMessageDecoder.java:103)
	at org.apache.ratis.thirdparty.io.netty.channel.AbstractChannelHandlerContext.invokeChannelRead(AbstractChannelHandlerContext.java:444)
	at org.apache.ratis.thirdparty.io.netty.channel.AbstractChannelHandlerContext.invokeChannelRead(AbstractChannelHandlerContext.java:420)
	at org.apache.ratis.thirdparty.io.netty.channel.AbstractChannelHandlerContext.fireChannelRead(AbstractChannelHandlerContext.java:412)
	at org.apache.ratis.thirdparty.io.netty.handler.codec.ByteToMessageDecoder.fireChannelRead(ByteToMessageDecoder.java:346)
	at org.apache.ratis.thirdparty.io.netty.handler.codec.ByteToMessageDecoder.channelRead(ByteToMessageDecoder.java:318)
	at org.apache.ratis.thirdparty.io.netty.channel.AbstractChannelHandlerContext.invokeChannelRead(AbstractChannelHandlerContext.java:444)
	at org.apache.ratis.thirdparty.io.netty.channel.AbstractChannelHandlerContext.invokeChannelRead(AbstractChannelHandlerContext.java:420)
	at org.apache.ratis.thirdparty.io.netty.channel.AbstractChannelHandlerContext.fireChannelRead(AbstractChannelHandlerContext.java:412)
	at org.apache.ratis.thirdparty.io.netty.channel.DefaultChannelPipeline$HeadContext.channelRead(DefaultChannelPipeline.java:1410)
	at org.apache.ratis.thirdparty.io.netty.channel.AbstractChannelHandlerContext.invokeChannelRead(AbstractChannelHandlerContext.java:440)
	at org.apache.ratis.thirdparty.io.netty.channel.AbstractChannelHandlerContext.invokeChannelRead(AbstractChannelHandlerContext.java:420)
	at org.apache.ratis.thirdparty.io.netty.channel.DefaultChannelPipeline.fireChannelRead(DefaultChannelPipeline.java:919)
	at org.apache.ratis.thirdparty.io.netty.channel.nio.AbstractNioByteChannel$NioByteUnsafe.read(AbstractNioByteChannel.java:166)
	at org.apache.ratis.thirdparty.io.netty.channel.nio.NioEventLoop.processSelectedKey(NioEventLoop.java:788)
	at org.apache.ratis.thirdparty.io.netty.channel.nio.NioEventLoop.processSelectedKeysOptimized(NioEventLoop.java:724)
	at org.apache.ratis.thirdparty.io.netty.channel.nio.NioEventLoop.processSelectedKeys(NioEventLoop.java:650)
	at org.apache.ratis.thirdparty.io.netty.channel.nio.NioEventLoop.run(NioEventLoop.java:562)
	at org.apache.ratis.thirdparty.io.netty.util.concurrent.SingleThreadEventExecutor$4.run(SingleThreadEventExecutor.java:997)
	at org.apache.ratis.thirdparty.io.netty.util.internal.ThreadExecutorMap$2.run(ThreadExecutorMap.java:74)
	at org.apache.ratis.thirdparty.io.netty.util.concurrent.FastThreadLocalRunnable.run(FastThreadLocalRunnable.java:30)
	at java.base/java.lang.Thread.run(Thread.java:829)
2023-08-28 07:17:58,007 [s7@group-C45DAFA80DA3->s5-LogAppenderDefault-LogAppenderDaemon] WARN  leader.LogAppender (LogAppenderDefault.java:sendAppendEntriesWithRetries(87)) - s7@group-C45DAFA80DA3->s5-LogAppenderDefault: Failed to appendEntries (retry=1): {}
org.apache.ratis.protocol.exceptions.GroupMismatchException: s5: group-C45DAFA80DA3 not found.
	at org.apache.ratis.server.impl.RaftServerProxy$ImplMap.get(RaftServerProxy.java:153)
	at org.apache.ratis.server.impl.RaftServerProxy.getImplFuture(RaftServerProxy.java:362)
	at org.apache.ratis.server.impl.RaftServerProxy.getImpl(RaftServerProxy.java:371)
	at org.apache.ratis.server.impl.RaftServerProxy.getImpl(RaftServerProxy.java:366)
	at org.apache.ratis.server.impl.RaftServerProxy.appendEntries(RaftServerProxy.java:654)
	at org.apache.ratis.netty.server.NettyRpcService.handle(NettyRpcService.java:231)
	at org.apache.ratis.netty.server.NettyRpcService$InboundHandler.channelRead0(NettyRpcService.java:95)
	at org.apache.ratis.netty.server.NettyRpcService$InboundHandler.channelRead0(NettyRpcService.java:91)
	at org.apache.ratis.thirdparty.io.netty.channel.SimpleChannelInboundHandler.channelRead(SimpleChannelInboundHandler.java:99)
	at org.apache.ratis.thirdparty.io.netty.channel.AbstractChannelHandlerContext.invokeChannelRead(AbstractChannelHandlerContext.java:444)
	at org.apache.ratis.thirdparty.io.netty.channel.AbstractChannelHandlerContext.invokeChannelRead(AbstractChannelHandlerContext.java:420)
	at org.apache.ratis.thirdparty.io.netty.channel.AbstractChannelHandlerContext.fireChannelRead(AbstractChannelHandlerContext.java:412)
	at org.apache.ratis.thirdparty.io.netty.handler.codec.MessageToMessageDecoder.channelRead(MessageToMessageDecoder.java:103)
	at org.apache.ratis.thirdparty.io.netty.channel.AbstractChannelHandlerContext.invokeChannelRead(AbstractChannelHandlerContext.java:444)
	at org.apache.ratis.thirdparty.io.netty.channel.AbstractChannelHandlerContext.invokeChannelRead(AbstractChannelHandlerContext.java:420)
	at org.apache.ratis.thirdparty.io.netty.channel.AbstractChannelHandlerContext.fireChannelRead(AbstractChannelHandlerContext.java:412)
	at org.apache.ratis.thirdparty.io.netty.handler.codec.ByteToMessageDecoder.fireChannelRead(ByteToMessageDecoder.java:346)
	at org.apache.ratis.thirdparty.io.netty.handler.codec.ByteToMessageDecoder.channelRead(ByteToMessageDecoder.java:318)
	at org.apache.ratis.thirdparty.io.netty.channel.AbstractChannelHandlerContext.invokeChannelRead(AbstractChannelHandlerContext.java:444)
	at org.apache.ratis.thirdparty.io.netty.channel.AbstractChannelHandlerContext.invokeChannelRead(AbstractChannelHandlerContext.java:420)
	at org.apache.ratis.thirdparty.io.netty.channel.AbstractChannelHandlerContext.fireChannelRead(AbstractChannelHandlerContext.java:412)
	at org.apache.ratis.thirdparty.io.netty.channel.DefaultChannelPipeline$HeadContext.channelRead(DefaultChannelPipeline.java:1410)
	at org.apache.ratis.thirdparty.io.netty.channel.AbstractChannelHandlerContext.invokeChannelRead(AbstractChannelHandlerContext.java:440)
	at org.apache.ratis.thirdparty.io.netty.channel.AbstractChannelHandlerContext.invokeChannelRead(AbstractChannelHandlerContext.java:420)
	at org.apache.ratis.thirdparty.io.netty.channel.DefaultChannelPipeline.fireChannelRead(DefaultChannelPipeline.java:919)
	at org.apache.ratis.thirdparty.io.netty.channel.nio.AbstractNioByteChannel$NioByteUnsafe.read(AbstractNioByteChannel.java:166)
	at org.apache.ratis.thirdparty.io.netty.channel.nio.NioEventLoop.processSelectedKey(NioEventLoop.java:788)
	at org.apache.ratis.thirdparty.io.netty.channel.nio.NioEventLoop.processSelectedKeysOptimized(NioEventLoop.java:724)
	at org.apache.ratis.thirdparty.io.netty.channel.nio.NioEventLoop.processSelectedKeys(NioEventLoop.java:650)
	at org.apache.ratis.thirdparty.io.netty.channel.nio.NioEventLoop.run(NioEventLoop.java:562)
	at org.apache.ratis.thirdparty.io.netty.util.concurrent.SingleThreadEventExecutor$4.run(SingleThreadEventExecutor.java:997)
	at org.apache.ratis.thirdparty.io.netty.util.internal.ThreadExecutorMap$2.run(ThreadExecutorMap.java:74)
	at org.apache.ratis.thirdparty.io.netty.util.concurrent.FastThreadLocalRunnable.run(FastThreadLocalRunnable.java:30)
	at java.base/java.lang.Thread.run(Thread.java:829)
2023-08-28 07:17:58,007 [s7@group-C45DAFA80DA3->s6-LogAppenderDefault-LogAppenderDaemon] WARN  leader.LogAppender (LogAppenderDefault.java:sendAppendEntriesWithRetries(87)) - s7@group-C45DAFA80DA3->s6-LogAppenderDefault: Failed to appendEntries (retry=1): {}
org.apache.ratis.protocol.exceptions.GroupMismatchException: s6: group-C45DAFA80DA3 not found.
	at org.apache.ratis.server.impl.RaftServerProxy$ImplMap.get(RaftServerProxy.java:153)
	at org.apache.ratis.server.impl.RaftServerProxy.getImplFuture(RaftServerProxy.java:362)
	at org.apache.ratis.server.impl.RaftServerProxy.getImpl(RaftServerProxy.java:371)
	at org.apache.ratis.server.impl.RaftServerProxy.getImpl(RaftServerProxy.java:366)
	at org.apache.ratis.server.impl.RaftServerProxy.appendEntries(RaftServerProxy.java:654)
	at org.apache.ratis.netty.server.NettyRpcService.handle(NettyRpcService.java:231)
	at org.apache.ratis.netty.server.NettyRpcService$InboundHandler.channelRead0(NettyRpcService.java:95)
	at org.apache.ratis.netty.server.NettyRpcService$InboundHandler.channelRead0(NettyRpcService.java:91)
	at org.apache.ratis.thirdparty.io.netty.channel.SimpleChannelInboundHandler.channelRead(SimpleChannelInboundHandler.java:99)
	at org.apache.ratis.thirdparty.io.netty.channel.AbstractChannelHandlerContext.invokeChannelRead(AbstractChannelHandlerContext.java:444)
	at org.apache.ratis.thirdparty.io.netty.channel.AbstractChannelHandlerContext.invokeChannelRead(AbstractChannelHandlerContext.java:420)
	at org.apache.ratis.thirdparty.io.netty.channel.AbstractChannelHandlerContext.fireChannelRead(AbstractChannelHandlerContext.java:412)
	at org.apache.ratis.thirdparty.io.netty.handler.codec.MessageToMessageDecoder.channelRead(MessageToMessageDecoder.java:103)
	at org.apache.ratis.thirdparty.io.netty.channel.AbstractChannelHandlerContext.invokeChannelRead(AbstractChannelHandlerContext.java:444)
	at org.apache.ratis.thirdparty.io.netty.channel.AbstractChannelHandlerContext.invokeChannelRead(AbstractChannelHandlerContext.java:420)
	at org.apache.ratis.thirdparty.io.netty.channel.AbstractChannelHandlerContext.fireChannelRead(AbstractChannelHandlerContext.java:412)
	at org.apache.ratis.thirdparty.io.netty.handler.codec.ByteToMessageDecoder.fireChannelRead(ByteToMessageDecoder.java:346)
	at org.apache.ratis.thirdparty.io.netty.handler.codec.ByteToMessageDecoder.channelRead(ByteToMessageDecoder.java:318)
	at org.apache.ratis.thirdparty.io.netty.channel.AbstractChannelHandlerContext.invokeChannelRead(AbstractChannelHandlerContext.java:444)
	at org.apache.ratis.thirdparty.io.netty.channel.AbstractChannelHandlerContext.invokeChannelRead(AbstractChannelHandlerContext.java:420)
	at org.apache.ratis.thirdparty.io.netty.channel.AbstractChannelHandlerContext.fireChannelRead(AbstractChannelHandlerContext.java:412)
	at org.apache.ratis.thirdparty.io.netty.channel.DefaultChannelPipeline$HeadContext.channelRead(DefaultChannelPipeline.java:1410)
	at org.apache.ratis.thirdparty.io.netty.channel.AbstractChannelHandlerContext.invokeChannelRead(AbstractChannelHandlerContext.java:440)
	at org.apache.ratis.thirdparty.io.netty.channel.AbstractChannelHandlerContext.invokeChannelRead(AbstractChannelHandlerContext.java:420)
	at org.apache.ratis.thirdparty.io.netty.channel.DefaultChannelPipeline.fireChannelRead(DefaultChannelPipeline.java:919)
	at org.apache.ratis.thirdparty.io.netty.channel.nio.AbstractNioByteChannel$NioByteUnsafe.read(AbstractNioByteChannel.java:166)
	at org.apache.ratis.thirdparty.io.netty.channel.nio.NioEventLoop.processSelectedKey(NioEventLoop.java:788)
	at org.apache.ratis.thirdparty.io.netty.channel.nio.NioEventLoop.processSelectedKeysOptimized(NioEventLoop.java:724)
	at org.apache.ratis.thirdparty.io.netty.channel.nio.NioEventLoop.processSelectedKeys(NioEventLoop.java:650)
	at org.apache.ratis.thirdparty.io.netty.channel.nio.NioEventLoop.run(NioEventLoop.java:562)
	at org.apache.ratis.thirdparty.io.netty.util.concurrent.SingleThreadEventExecutor$4.run(SingleThreadEventExecutor.java:997)
	at org.apache.ratis.thirdparty.io.netty.util.internal.ThreadExecutorMap$2.run(ThreadExecutorMap.java:74)
	at org.apache.ratis.thirdparty.io.netty.util.concurrent.FastThreadLocalRunnable.run(FastThreadLocalRunnable.java:30)
	at java.base/java.lang.Thread.run(Thread.java:829)
2023-08-28 07:17:58,380 [s7@group-C45DAFA80DA3->s6-LogAppenderDefault-LogAppenderDaemon] WARN  leader.LogAppender (LogAppenderDefault.java:sendAppendEntriesWithRetries(87)) - s7@group-C45DAFA80DA3->s6-LogAppenderDefault: Failed to appendEntries (retry=1): {}
org.apache.ratis.protocol.exceptions.GroupMismatchException: s6: group-C45DAFA80DA3 not found.
	at org.apache.ratis.server.impl.RaftServerProxy$ImplMap.get(RaftServerProxy.java:153)
	at org.apache.ratis.server.impl.RaftServerProxy.getImplFuture(RaftServerProxy.java:362)
	at org.apache.ratis.server.impl.RaftServerProxy.getImpl(RaftServerProxy.java:371)
	at org.apache.ratis.server.impl.RaftServerProxy.getImpl(RaftServerProxy.java:366)
	at org.apache.ratis.server.impl.RaftServerProxy.appendEntries(RaftServerProxy.java:654)
	at org.apache.ratis.netty.server.NettyRpcService.handle(NettyRpcService.java:231)
	at org.apache.ratis.netty.server.NettyRpcService$InboundHandler.channelRead0(NettyRpcService.java:95)
	at org.apache.ratis.netty.server.NettyRpcService$InboundHandler.channelRead0(NettyRpcService.java:91)
	at org.apache.ratis.thirdparty.io.netty.channel.SimpleChannelInboundHandler.channelRead(SimpleChannelInboundHandler.java:99)
	at org.apache.ratis.thirdparty.io.netty.channel.AbstractChannelHandlerContext.invokeChannelRead(AbstractChannelHandlerContext.java:444)
	at org.apache.ratis.thirdparty.io.netty.channel.AbstractChannelHandlerContext.invokeChannelRead(AbstractChannelHandlerContext.java:420)
	at org.apache.ratis.thirdparty.io.netty.channel.AbstractChannelHandlerContext.fireChannelRead(AbstractChannelHandlerContext.java:412)
	at org.apache.ratis.thirdparty.io.netty.handler.codec.MessageToMessageDecoder.channelRead(MessageToMessageDecoder.java:103)
	at org.apache.ratis.thirdparty.io.netty.channel.AbstractChannelHandlerContext.invokeChannelRead(AbstractChannelHandlerContext.java:444)
	at org.apache.ratis.thirdparty.io.netty.channel.AbstractChannelHandlerContext.invokeChannelRead(AbstractChannelHandlerContext.java:420)
	at org.apache.ratis.thirdparty.io.netty.channel.AbstractChannelHandlerContext.fireChannelRead(AbstractChannelHandlerContext.java:412)
	at org.apache.ratis.thirdparty.io.netty.handler.codec.ByteToMessageDecoder.fireChannelRead(ByteToMessageDecoder.java:346)
	at org.apache.ratis.thirdparty.io.netty.handler.codec.ByteToMessageDecoder.channelRead(ByteToMessageDecoder.java:318)
	at org.apache.ratis.thirdparty.io.netty.channel.AbstractChannelHandlerContext.invokeChannelRead(AbstractChannelHandlerContext.java:444)
	at org.apache.ratis.thirdparty.io.netty.channel.AbstractChannelHandlerContext.invokeChannelRead(AbstractChannelHandlerContext.java:420)
	at org.apache.ratis.thirdparty.io.netty.channel.AbstractChannelHandlerContext.fireChannelRead(AbstractChannelHandlerContext.java:412)
	at org.apache.ratis.thirdparty.io.netty.channel.DefaultChannelPipeline$HeadContext.channelRead(DefaultChannelPipeline.java:1410)
	at org.apache.ratis.thirdparty.io.netty.channel.AbstractChannelHandlerContext.invokeChannelRead(AbstractChannelHandlerContext.java:440)
	at org.apache.ratis.thirdparty.io.netty.channel.AbstractChannelHandlerContext.invokeChannelRead(AbstractChannelHandlerContext.java:420)
	at org.apache.ratis.thirdparty.io.netty.channel.DefaultChannelPipeline.fireChannelRead(DefaultChannelPipeline.java:919)
	at org.apache.ratis.thirdparty.io.netty.channel.nio.AbstractNioByteChannel$NioByteUnsafe.read(AbstractNioByteChannel.java:166)
	at org.apache.ratis.thirdparty.io.netty.channel.nio.NioEventLoop.processSelectedKey(NioEventLoop.java:788)
	at org.apache.ratis.thirdparty.io.netty.channel.nio.NioEventLoop.processSelectedKeysOptimized(NioEventLoop.java:724)
	at org.apache.ratis.thirdparty.io.netty.channel.nio.NioEventLoop.processSelectedKeys(NioEventLoop.java:650)
	at org.apache.ratis.thirdparty.io.netty.channel.nio.NioEventLoop.run(NioEventLoop.java:562)
	at org.apache.ratis.thirdparty.io.netty.util.concurrent.SingleThreadEventExecutor$4.run(SingleThreadEventExecutor.java:997)
	at org.apache.ratis.thirdparty.io.netty.util.internal.ThreadExecutorMap$2.run(ThreadExecutorMap.java:74)
	at org.apache.ratis.thirdparty.io.netty.util.concurrent.FastThreadLocalRunnable.run(FastThreadLocalRunnable.java:30)
	at java.base/java.lang.Thread.run(Thread.java:829)
2023-08-28 07:17:58,380 [s7@group-C45DAFA80DA3->s5-LogAppenderDefault-LogAppenderDaemon] WARN  leader.LogAppender (LogAppenderDefault.java:sendAppendEntriesWithRetries(87)) - s7@group-C45DAFA80DA3->s5-LogAppenderDefault: Failed to appendEntries (retry=1): {}
org.apache.ratis.protocol.exceptions.GroupMismatchException: s5: group-C45DAFA80DA3 not found.
	at org.apache.ratis.server.impl.RaftServerProxy$ImplMap.get(RaftServerProxy.java:153)
	at org.apache.ratis.server.impl.RaftServerProxy.getImplFuture(RaftServerProxy.java:362)
	at org.apache.ratis.server.impl.RaftServerProxy.getImpl(RaftServerProxy.java:371)
	at org.apache.ratis.server.impl.RaftServerProxy.getImpl(RaftServerProxy.java:366)
	at org.apache.ratis.server.impl.RaftServerProxy.appendEntries(RaftServerProxy.java:654)
	at org.apache.ratis.netty.server.NettyRpcService.handle(NettyRpcService.java:231)
	at org.apache.ratis.netty.server.NettyRpcService$InboundHandler.channelRead0(NettyRpcService.java:95)
	at org.apache.ratis.netty.server.NettyRpcService$InboundHandler.channelRead0(NettyRpcService.java:91)
	at org.apache.ratis.thirdparty.io.netty.channel.SimpleChannelInboundHandler.channelRead(SimpleChannelInboundHandler.java:99)
	at org.apache.ratis.thirdparty.io.netty.channel.AbstractChannelHandlerContext.invokeChannelRead(AbstractChannelHandlerContext.java:444)
	at org.apache.ratis.thirdparty.io.netty.channel.AbstractChannelHandlerContext.invokeChannelRead(AbstractChannelHandlerContext.java:420)
	at org.apache.ratis.thirdparty.io.netty.channel.AbstractChannelHandlerContext.fireChannelRead(AbstractChannelHandlerContext.java:412)
	at org.apache.ratis.thirdparty.io.netty.handler.codec.MessageToMessageDecoder.channelRead(MessageToMessageDecoder.java:103)
	at org.apache.ratis.thirdparty.io.netty.channel.AbstractChannelHandlerContext.invokeChannelRead(AbstractChannelHandlerContext.java:444)
	at org.apache.ratis.thirdparty.io.netty.channel.AbstractChannelHandlerContext.invokeChannelRead(AbstractChannelHandlerContext.java:420)
	at org.apache.ratis.thirdparty.io.netty.channel.AbstractChannelHandlerContext.fireChannelRead(AbstractChannelHandlerContext.java:412)
	at org.apache.ratis.thirdparty.io.netty.handler.codec.ByteToMessageDecoder.fireChannelRead(ByteToMessageDecoder.java:346)
	at org.apache.ratis.thirdparty.io.netty.handler.codec.ByteToMessageDecoder.channelRead(ByteToMessageDecoder.java:318)
	at org.apache.ratis.thirdparty.io.netty.channel.AbstractChannelHandlerContext.invokeChannelRead(AbstractChannelHandlerContext.java:444)
	at org.apache.ratis.thirdparty.io.netty.channel.AbstractChannelHandlerContext.invokeChannelRead(AbstractChannelHandlerContext.java:420)
	at org.apache.ratis.thirdparty.io.netty.channel.AbstractChannelHandlerContext.fireChannelRead(AbstractChannelHandlerContext.java:412)
	at org.apache.ratis.thirdparty.io.netty.channel.DefaultChannelPipeline$HeadContext.channelRead(DefaultChannelPipeline.java:1410)
	at org.apache.ratis.thirdparty.io.netty.channel.AbstractChannelHandlerContext.invokeChannelRead(AbstractChannelHandlerContext.java:440)
	at org.apache.ratis.thirdparty.io.netty.channel.AbstractChannelHandlerContext.invokeChannelRead(AbstractChannelHandlerContext.java:420)
	at org.apache.ratis.thirdparty.io.netty.channel.DefaultChannelPipeline.fireChannelRead(DefaultChannelPipeline.java:919)
	at org.apache.ratis.thirdparty.io.netty.channel.nio.AbstractNioByteChannel$NioByteUnsafe.read(AbstractNioByteChannel.java:166)
	at org.apache.ratis.thirdparty.io.netty.channel.nio.NioEventLoop.processSelectedKey(NioEventLoop.java:788)
	at org.apache.ratis.thirdparty.io.netty.channel.nio.NioEventLoop.processSelectedKeysOptimized(NioEventLoop.java:724)
	at org.apache.ratis.thirdparty.io.netty.channel.nio.NioEventLoop.processSelectedKeys(NioEventLoop.java:650)
	at org.apache.ratis.thirdparty.io.netty.channel.nio.NioEventLoop.run(NioEventLoop.java:562)
	at org.apache.ratis.thirdparty.io.netty.util.concurrent.SingleThreadEventExecutor$4.run(SingleThreadEventExecutor.java:997)
	at org.apache.ratis.thirdparty.io.netty.util.internal.ThreadExecutorMap$2.run(ThreadExecutorMap.java:74)
	at org.apache.ratis.thirdparty.io.netty.util.concurrent.FastThreadLocalRunnable.run(FastThreadLocalRunnable.java:30)
	at java.base/java.lang.Thread.run(Thread.java:829)
2023-08-28 07:17:58,619 [nioEventLoopGroup-100-3] INFO  segmented.SegmentedRaftLogWorker (SegmentedRaftLogWorker.java:close(242)) - s6@group-C45DAFA80DA3-SegmentedRaftLogWorker close()
2023-08-28 07:17:58,620 [nioEventLoopGroup-100-3] TRACE util.FileUtils (FileUtils.java:deleteFully(201)) - deleteFully /home/runner/work/ratis/ratis/ratis-test/target/test/data/c5bbf9cd/MiniRaftClusterWithNetty9d0d4a8/s6/3dd27d85-9dff-436e-ab57-c45dafa80da3
2023-08-28 07:17:58,620 [nioEventLoopGroup-100-3] TRACE util.FileUtils (LogUtils.java:runAndLog(49)) - Successfully ran Files.delete /home/runner/work/ratis/ratis/ratis-test/target/test/data/c5bbf9cd/MiniRaftClusterWithNetty9d0d4a8/s6/3dd27d85-9dff-436e-ab57-c45dafa80da3/in_use.lock
2023-08-28 07:17:58,620 [nioEventLoopGroup-100-3] TRACE util.FileUtils (LogUtils.java:runAndLog(49)) - Successfully ran Files.delete /home/runner/work/ratis/ratis/ratis-test/target/test/data/c5bbf9cd/MiniRaftClusterWithNetty9d0d4a8/s6/3dd27d85-9dff-436e-ab57-c45dafa80da3/current/raft-meta.conf
2023-08-28 07:17:58,620 [nioEventLoopGroup-100-3] TRACE util.FileUtils (LogUtils.java:runAndLog(49)) - Successfully ran Files.delete /home/runner/work/ratis/ratis/ratis-test/target/test/data/c5bbf9cd/MiniRaftClusterWithNetty9d0d4a8/s6/3dd27d85-9dff-436e-ab57-c45dafa80da3/current/log_inprogress_0
2023-08-28 07:17:58,621 [nioEventLoopGroup-100-3] TRACE util.FileUtils (LogUtils.java:runAndLog(49)) - Successfully ran Files.delete /home/runner/work/ratis/ratis/ratis-test/target/test/data/c5bbf9cd/MiniRaftClusterWithNetty9d0d4a8/s6/3dd27d85-9dff-436e-ab57-c45dafa80da3/current/raft-meta
2023-08-28 07:17:58,621 [nioEventLoopGroup-100-3] TRACE util.FileUtils (LogUtils.java:runAndLog(49)) - Successfully ran Files.delete /home/runner/work/ratis/ratis/ratis-test/target/test/data/c5bbf9cd/MiniRaftClusterWithNetty9d0d4a8/s6/3dd27d85-9dff-436e-ab57-c45dafa80da3/current
2023-08-28 07:17:58,621 [nioEventLoopGroup-100-3] TRACE util.FileUtils (LogUtils.java:runAndLog(49)) - Successfully ran Files.delete /home/runner/work/ratis/ratis/ratis-test/target/test/data/c5bbf9cd/MiniRaftClusterWithNetty9d0d4a8/s6/3dd27d85-9dff-436e-ab57-c45dafa80da3/sm
2023-08-28 07:17:58,621 [nioEventLoopGroup-100-3] TRACE util.FileUtils (LogUtils.java:runAndLog(49)) - Successfully ran Files.delete /home/runner/work/ratis/ratis/ratis-test/target/test/data/c5bbf9cd/MiniRaftClusterWithNetty9d0d4a8/s6/3dd27d85-9dff-436e-ab57-c45dafa80da3
2023-08-28 07:17:58,621 [nioEventLoopGroup-100-3] INFO  server.RaftServer$Division (RaftServerImpl.java:groupRemove(478)) - s6@group-C45DAFA80DA3: Succeed to remove RaftStorageDirectory Storage Directory /home/runner/work/ratis/ratis/ratis-test/target/test/data/c5bbf9cd/MiniRaftClusterWithNetty9d0d4a8/s6/3dd27d85-9dff-436e-ab57-c45dafa80da3
2023-08-28 07:17:58,624 [Time-limited test] DEBUG client.RaftClient (ConfUtils.java:logGet(46)) - raft.rpc.type = NETTY (custom)
2023-08-28 07:17:58,625 [nioEventLoopGroup-101-1] INFO  logging.LoggingHandler (AbstractInternalLogger.java:log(148)) - [id: 0xaba520f8, L:/0.0.0.0:34047] READ: [id: 0xdc70612a, L:/10.1.0.28:34047 - R:/10.1.0.28:34180]
2023-08-28 07:17:58,626 [nioEventLoopGroup-101-1] INFO  logging.LoggingHandler (AbstractInternalLogger.java:log(148)) - [id: 0xaba520f8, L:/0.0.0.0:34047] READ COMPLETE
2023-08-28 07:17:58,628 [nioEventLoopGroup-102-2] INFO  server.RaftServer (RaftServerProxy.java:remove(110)) - s7: remove    LEADER s7@group-C45DAFA80DA3:t1, leader=s7, voted=s7, raftlog=Memoized:s7@group-C45DAFA80DA3-SegmentedRaftLog:OPENED:c0, conf=0: peers:[s5|rpc:0.0.0.0:35717|dataStream:|priority:0|startupRole:FOLLOWER, s6|rpc:0.0.0.0:46025|dataStream:|priority:0|startupRole:FOLLOWER, s7|rpc:0.0.0.0:34047|dataStream:|priority:0|startupRole:FOLLOWER]|listeners:[], old=null RUNNING
2023-08-28 07:17:58,628 [nioEventLoopGroup-102-2] INFO  server.RaftServer$Division (RaftServerImpl.java:lambda$close$3(508)) - s7@group-C45DAFA80DA3: shutdown
2023-08-28 07:17:58,628 [nioEventLoopGroup-102-2] INFO  util.JmxRegister (JmxRegister.java:unregister(73)) - Successfully un-registered JMX Bean with object name Ratis:service=RaftServer,group=group-C45DAFA80DA3,id=s7
2023-08-28 07:17:58,628 [nioEventLoopGroup-102-2] INFO  impl.RoleInfo (RoleInfo.java:shutdownLeaderState(92)) - s7: shutdown s7@group-C45DAFA80DA3-LeaderStateImpl
2023-08-28 07:17:58,628 [s7@group-C45DAFA80DA3->s5-LogAppenderDefault-LogAppenderDaemon] INFO  leader.LogAppenderDaemon (LogAppenderDaemon.java:run(83)) - s7@group-C45DAFA80DA3->s5-LogAppenderDefault-LogAppenderDaemon was interrupted: java.lang.InterruptedException
2023-08-28 07:17:58,628 [nioEventLoopGroup-102-2] INFO  impl.PendingRequests (PendingRequests.java:sendNotLeaderResponses(289)) - s7@group-C45DAFA80DA3-PendingRequests: sendNotLeaderResponses
2023-08-28 07:17:58,628 [s7@group-C45DAFA80DA3->s6-LogAppenderDefault-LogAppenderDaemon] INFO  leader.LogAppenderDaemon (LogAppenderDaemon.java:run(83)) - s7@group-C45DAFA80DA3->s6-LogAppenderDefault-LogAppenderDaemon was interrupted: java.lang.InterruptedException
2023-08-28 07:17:58,628 [nioEventLoopGroup-102-2] INFO  impl.StateMachineUpdater (StateMachineUpdater.java:stopAndJoin(157)) - s7@group-C45DAFA80DA3-StateMachineUpdater: set stopIndex = 0
2023-08-28 07:17:58,628 [nioEventLoopGroup-102-2] INFO  server.RaftServer$Division (ServerState.java:close(415)) - s7@group-C45DAFA80DA3: applyIndex: 0
2023-08-28 07:17:59,585 [nioEventLoopGroup-102-2] INFO  segmented.SegmentedRaftLogWorker (SegmentedRaftLogWorker.java:close(242)) - s7@group-C45DAFA80DA3-SegmentedRaftLogWorker close()
2023-08-28 07:17:59,586 [nioEventLoopGroup-102-2] TRACE util.FileUtils (FileUtils.java:deleteFully(201)) - deleteFully /home/runner/work/ratis/ratis/ratis-test/target/test/data/c5bbf9cd/MiniRaftClusterWithNetty9d0d4a8/s7/3dd27d85-9dff-436e-ab57-c45dafa80da3
2023-08-28 07:17:59,586 [nioEventLoopGroup-102-2] TRACE util.FileUtils (LogUtils.java:runAndLog(49)) - Successfully ran Files.delete /home/runner/work/ratis/ratis/ratis-test/target/test/data/c5bbf9cd/MiniRaftClusterWithNetty9d0d4a8/s7/3dd27d85-9dff-436e-ab57-c45dafa80da3/in_use.lock
2023-08-28 07:17:59,587 [nioEventLoopGroup-102-2] TRACE util.FileUtils (LogUtils.java:runAndLog(49)) - Successfully ran Files.delete /home/runner/work/ratis/ratis/ratis-test/target/test/data/c5bbf9cd/MiniRaftClusterWithNetty9d0d4a8/s7/3dd27d85-9dff-436e-ab57-c45dafa80da3/current/raft-meta.conf
2023-08-28 07:17:59,587 [nioEventLoopGroup-102-2] TRACE util.FileUtils (LogUtils.java:runAndLog(49)) - Successfully ran Files.delete /home/runner/work/ratis/ratis/ratis-test/target/test/data/c5bbf9cd/MiniRaftClusterWithNetty9d0d4a8/s7/3dd27d85-9dff-436e-ab57-c45dafa80da3/current/log_inprogress_0
2023-08-28 07:17:59,587 [nioEventLoopGroup-102-2] TRACE util.FileUtils (LogUtils.java:runAndLog(49)) - Successfully ran Files.delete /home/runner/work/ratis/ratis/ratis-test/target/test/data/c5bbf9cd/MiniRaftClusterWithNetty9d0d4a8/s7/3dd27d85-9dff-436e-ab57-c45dafa80da3/current/raft-meta
2023-08-28 07:17:59,587 [nioEventLoopGroup-102-2] TRACE util.FileUtils (LogUtils.java:runAndLog(49)) - Successfully ran Files.delete /home/runner/work/ratis/ratis/ratis-test/target/test/data/c5bbf9cd/MiniRaftClusterWithNetty9d0d4a8/s7/3dd27d85-9dff-436e-ab57-c45dafa80da3/current
2023-08-28 07:17:59,587 [nioEventLoopGroup-102-2] TRACE util.FileUtils (LogUtils.java:runAndLog(49)) - Successfully ran Files.delete /home/runner/work/ratis/ratis/ratis-test/target/test/data/c5bbf9cd/MiniRaftClusterWithNetty9d0d4a8/s7/3dd27d85-9dff-436e-ab57-c45dafa80da3/sm
2023-08-28 07:17:59,587 [nioEventLoopGroup-102-2] TRACE util.FileUtils (LogUtils.java:runAndLog(49)) - Successfully ran Files.delete /home/runner/work/ratis/ratis/ratis-test/target/test/data/c5bbf9cd/MiniRaftClusterWithNetty9d0d4a8/s7/3dd27d85-9dff-436e-ab57-c45dafa80da3
2023-08-28 07:17:59,587 [nioEventLoopGroup-102-2] INFO  server.RaftServer$Division (RaftServerImpl.java:groupRemove(478)) - s7@group-C45DAFA80DA3: Succeed to remove RaftStorageDirectory Storage Directory /home/runner/work/ratis/ratis/ratis-test/target/test/data/c5bbf9cd/MiniRaftClusterWithNetty9d0d4a8/s7/3dd27d85-9dff-436e-ab57-c45dafa80da3
| MiniRaftClusterWithNetty[5, 8, 9]chosen=2 | close groups | 145 |
2023-08-28 07:17:59,590 [Time-limited test] INFO  impl.GroupManagementBaseTest (GroupManagementBaseTest.java:runMultiGroupTest(316)) - close groups: printing ALL groups
  s3:  RUNNING  FOLLOWER s3@group-75AB5BF27CAD:t0, leader=null, voted=, raftlog=Memoized:s3@group-75AB5BF27CAD-SegmentedRaftLog:OPENED:c-1, conf=-1: peers:[]|listeners:[], old=null STARTING
  s4:  RUNNING  FOLLOWER s4@group-75AB5BF27CAD:t0, leader=null, voted=, raftlog=Memoized:s4@group-75AB5BF27CAD-SegmentedRaftLog:OPENED:c-1, conf=-1: peers:[]|listeners:[], old=null STARTING
  s5:  RUNNING  FOLLOWER s5@group-75AB5BF27CAD:t0, leader=null, voted=, raftlog=Memoized:s5@group-75AB5BF27CAD-SegmentedRaftLog:OPENED:c-1, conf=-1: peers:[]|listeners:[], old=null STARTING
  s6:  RUNNING  FOLLOWER s6@group-75AB5BF27CAD:t0, leader=null, voted=, raftlog=Memoized:s6@group-75AB5BF27CAD-SegmentedRaftLog:OPENED:c-1, conf=-1: peers:[]|listeners:[], old=null STARTING
  s7:  RUNNING  FOLLOWER s7@group-75AB5BF27CAD:t0, leader=null, voted=, raftlog=Memoized:s7@group-75AB5BF27CAD-SegmentedRaftLog:OPENED:c-1, conf=-1: peers:[]|listeners:[], old=null STARTING
  s8:  RUNNING [
   FOLLOWER s8@group-75AB5BF27CAD:t0, leader=null, voted=, raftlog=Memoized:s8@group-75AB5BF27CAD-SegmentedRaftLog:OPENED:c-1, conf=-1: peers:[]|listeners:[], old=null STARTING
     LEADER s8@group-6B83B4D95946:t1, leader=s8, voted=s8, raftlog=Memoized:s8@group-6B83B4D95946-SegmentedRaftLog:OPENED:c0, conf=0: peers:[s8|rpc:0.0.0.0:35321|dataStream:|priority:0|startupRole:FOLLOWER]|listeners:[], old=null RUNNING] size=2
  s0:  RUNNING  FOLLOWER s0@group-75AB5BF27CAD:t0, leader=null, voted=, raftlog=Memoized:s0@group-75AB5BF27CAD-SegmentedRaftLog:OPENED:c-1, conf=-1: peers:[]|listeners:[], old=null STARTING
  s1:  RUNNING  FOLLOWER s1@group-75AB5BF27CAD:t0, leader=null, voted=, raftlog=Memoized:s1@group-75AB5BF27CAD-SegmentedRaftLog:OPENED:c-1, conf=-1: peers:[]|listeners:[], old=null STARTING
  s2:  RUNNING  FOLLOWER s2@group-75AB5BF27CAD:t0, leader=null, voted=, raftlog=Memoized:s2@group-75AB5BF27CAD-SegmentedRaftLog:OPENED:c-1, conf=-1: peers:[]|listeners:[], old=null STARTING
2023-08-28 07:17:59,590 [Time-limited test] INFO  impl.GroupManagementBaseTest (GroupManagementBaseTest.java:runMultiGroupTest(322)) - 0) groupAdd: printing group-B3A6F468776F
2023-08-28 07:17:59,590 [Time-limited test] DEBUG client.RaftClient (ConfUtils.java:logGet(46)) - raft.rpc.type = NETTY (custom)
2023-08-28 07:17:59,592 [nioEventLoopGroup-90-1] INFO  logging.LoggingHandler (AbstractInternalLogger.java:log(148)) - [id: 0xad34dad4, L:/0.0.0.0:36829] READ: [id: 0xda066af8, L:/10.1.0.28:36829 - R:/10.1.0.28:59384]
2023-08-28 07:17:59,594 [nioEventLoopGroup-90-1] INFO  logging.LoggingHandler (AbstractInternalLogger.java:log(148)) - [id: 0xad34dad4, L:/0.0.0.0:36829] READ COMPLETE
2023-08-28 07:17:59,595 [s3-groupManagement] INFO  server.RaftServer$Division (RaftServerImpl.java:<init>(250)) - s3: new RaftServerImpl for group-6B83B4D95946:[] with BaseStateMachine:uninitialized
2023-08-28 07:17:59,595 [s3-groupManagement] INFO  server.RaftServerConfigKeys (ConfUtils.java:logGet(46)) - raft.server.rpc.timeout.min = 1500ms (custom)
2023-08-28 07:17:59,595 [s3-groupManagement] INFO  server.RaftServerConfigKeys (ConfUtils.java:logGet(46)) - raft.server.rpc.timeout.max = 2000ms (custom)
2023-08-28 07:17:59,595 [s3-groupManagement] INFO  server.RaftServerConfigKeys (ConfUtils.java:logGet(46)) - raft.server.rpc.sleep.time = 25ms (default)
2023-08-28 07:17:59,595 [s3-groupManagement] INFO  server.RaftServerConfigKeys (ConfUtils.java:logGet(46)) - raft.server.rpc.slowness.timeout = 60s (default)
2023-08-28 07:17:59,595 [s3-groupManagement] INFO  server.RaftServerConfigKeys (ConfUtils.java:logGet(46)) - raft.server.leaderelection.leader.step-down.wait-time = 10s (default)
2023-08-28 07:17:59,595 [s3-groupManagement] INFO  server.RaftServerConfigKeys (ConfUtils.java:logGet(46)) - raft.server.sleep.deviation.threshold = 300ms (default)
2023-08-28 07:17:59,595 [s3-groupManagement] INFO  server.RaftServer$Division (ServerState.java:<init>(113)) - s3@group-6B83B4D95946: ConfigurationManager, init=-1: peers:[]|listeners:[], old=null, confs=<EMPTY_MAP>
2023-08-28 07:17:59,595 [s3-groupManagement] INFO  server.RaftServerConfigKeys (ConfUtils.java:logGet(46)) - raft.server.notification.no-leader.timeout = 60s (default)
2023-08-28 07:17:59,595 [s3-groupManagement] INFO  server.RaftServerConfigKeys (ConfUtils.java:logGet(46)) - raft.server.read.timeout = 10s (default)
2023-08-28 07:17:59,595 [s3-groupManagement] INFO  server.RaftServerConfigKeys (ConfUtils.java:logGet(46)) - raft.server.retrycache.expirytime = 60s (default)
2023-08-28 07:17:59,596 [s3-groupManagement] INFO  server.RaftServerConfigKeys (ConfUtils.java:logGet(46)) - raft.server.retrycache.statistics.expirytime = 100μs (default)
2023-08-28 07:17:59,596 [s3-groupManagement] INFO  server.RaftServerConfigKeys (ConfUtils.java:logGet(46)) - raft.server.read.option = DEFAULT (default)
2023-08-28 07:17:59,596 [s3-groupManagement] INFO  server.RaftServerConfigKeys (ConfUtils.java:logGet(46)) - raft.server.rpc.request.timeout = 3000ms (default)
2023-08-28 07:17:59,596 [s3-groupManagement] INFO  server.RaftServerConfigKeys (ConfUtils.java:logGet(46)) - raft.server.log.appender.install.snapshot.enabled = true (default)
2023-08-28 07:17:59,596 [s3-groupManagement] INFO  server.RaftServerConfigKeys (ConfUtils.java:logGet(46)) - raft.server.threadpool.server.cached = true (default)
2023-08-28 07:17:59,596 [s3-groupManagement] INFO  server.RaftServerConfigKeys (ConfUtils.java:logGet(46)) - raft.server.threadpool.server.size = 0 (default)
2023-08-28 07:17:59,596 [s3-groupManagement] INFO  server.RaftServerConfigKeys (ConfUtils.java:logGet(46)) - raft.server.threadpool.client.cached = true (default)
2023-08-28 07:17:59,596 [s3-groupManagement] INFO  server.RaftServerConfigKeys (ConfUtils.java:logGet(46)) - raft.server.threadpool.client.size = 0 (default)
2023-08-28 07:17:59,596 [nioEventLoopGroup-91-4] INFO  server.RaftServer (RaftServerProxy.java:addNew(99)) - s3: addNew group-6B83B4D95946:[] returns      null s3@group-6B83B4D95946:t0, leader=null, voted=null, raftlog=UNINITIALIZED, conf=-1: peers:[]|listeners:[], old=null NEW
2023-08-28 07:17:59,596 [s3-groupManagement] DEBUG server.RaftServer (RaftServerProxy.java:lambda$groupAddAsync$11(505)) - s3: newImpl =      null s3@group-6B83B4D95946:t0, leader=null, voted=null, raftlog=UNINITIALIZED, conf=-1: peers:[]|listeners:[], old=null NEW
2023-08-28 07:17:59,596 [s3-groupManagement] INFO  server.RaftServerConfigKeys (ConfUtils.java:logGet(46)) - raft.server.storage.free-space.min = 0MB (=0) (default)
2023-08-28 07:17:59,596 [s3-groupManagement] INFO  server.RaftServerConfigKeys (ConfUtils.java:logGet(46)) - raft.server.log.corruption.policy = EXCEPTION (default)
2023-08-28 07:17:59,597 [s3-groupManagement] INFO  server.RaftServerConfigKeys (ConfUtils.java:logGet(46)) - raft.server.storage.dir = [/home/runner/work/ratis/ratis/ratis-test/target/test/data/c5bbf9cd/MiniRaftClusterWithNetty9d0d4a8/s3] (custom)
2023-08-28 07:17:59,597 [s3-groupManagement] INFO  storage.RaftStorageDirectory (RaftStorageDirectoryImpl.java:analyzeStorage(138)) - The storage directory /home/runner/work/ratis/ratis/ratis-test/target/test/data/c5bbf9cd/MiniRaftClusterWithNetty9d0d4a8/s3/a97969aa-6f2f-49fd-9492-6b83b4d95946 does not exist. Creating ...
2023-08-28 07:17:59,597 [s3-groupManagement] TRACE util.FileUtils (LogUtils.java:runAndLog(49)) - Successfully ran Files.createDirectories /home/runner/work/ratis/ratis/ratis-test/target/test/data/c5bbf9cd/MiniRaftClusterWithNetty9d0d4a8/s3/a97969aa-6f2f-49fd-9492-6b83b4d95946
2023-08-28 07:17:59,598 [s3-groupManagement] INFO  storage.RaftStorageDirectory (RaftStorageDirectoryImpl.java:tryLock(232)) - Lock on /home/runner/work/ratis/ratis/ratis-test/target/test/data/c5bbf9cd/MiniRaftClusterWithNetty9d0d4a8/s3/a97969aa-6f2f-49fd-9492-6b83b4d95946/in_use.lock acquired by nodename 7908@fv-az1033-516
2023-08-28 07:17:59,598 [s3-groupManagement] TRACE util.FileUtils (LogUtils.java:runAndLog(49)) - Successfully ran Files.createDirectories /home/runner/work/ratis/ratis/ratis-test/target/test/data/c5bbf9cd/MiniRaftClusterWithNetty9d0d4a8/s3/a97969aa-6f2f-49fd-9492-6b83b4d95946/current
2023-08-28 07:17:59,598 [s3-groupManagement] TRACE util.FileUtils (LogUtils.java:runAndLog(49)) - Successfully ran Files.createDirectories /home/runner/work/ratis/ratis/ratis-test/target/test/data/c5bbf9cd/MiniRaftClusterWithNetty9d0d4a8/s3/a97969aa-6f2f-49fd-9492-6b83b4d95946/sm
2023-08-28 07:17:59,599 [s3-groupManagement] INFO  storage.RaftStorage (RaftStorageImpl.java:format(97)) - Storage directory /home/runner/work/ratis/ratis/ratis-test/target/test/data/c5bbf9cd/MiniRaftClusterWithNetty9d0d4a8/s3/a97969aa-6f2f-49fd-9492-6b83b4d95946 has been successfully formatted.
2023-08-28 07:17:59,599 [s3-groupManagement] INFO  server.RaftServerConfigKeys (ConfUtils.java:logGet(46)) - raft.server.log.use.memory = false (default)
2023-08-28 07:17:59,599 [s3-groupManagement] INFO  server.RaftServerConfigKeys (ConfUtils.java:logGet(46)) - raft.server.log.purge.gap = 1024 (default)
2023-08-28 07:17:59,599 [s3-groupManagement] INFO  server.RaftServerConfigKeys (ConfUtils.java:logGet(46)) - raft.server.log.appender.buffer.byte-limit = 4MB (=4194304) (default)
2023-08-28 07:17:59,599 [s3-groupManagement] INFO  server.RaftServerConfigKeys (ConfUtils.java:logGet(46)) - raft.server.log.statemachine.data.read.timeout = 1000ms (default)
2023-08-28 07:17:59,599 [s3-groupManagement] INFO  server.RaftServerConfigKeys (ConfUtils.java:logGet(46)) - raft.server.log.purge.preservation.log.num = 0 (default)
2023-08-28 07:17:59,600 [s3-groupManagement] INFO  server.RaftServerConfigKeys (ConfUtils.java:logGet(46)) - raft.server.log.segment.size.max = 8MB (=8388608) (default)
2023-08-28 07:17:59,600 [s3-groupManagement] INFO  server.RaftServerConfigKeys (ConfUtils.java:logGet(46)) - raft.server.log.segment.cache.num.max = 6 (default)
2023-08-28 07:17:59,600 [s3-groupManagement] INFO  server.RaftServerConfigKeys (ConfUtils.java:logGet(46)) - raft.server.log.segment.cache.size.max = 200MB (=209715200) (default)
2023-08-28 07:17:59,600 [s3-groupManagement] INFO  server.RaftServerConfigKeys (ConfUtils.java:logGet(46)) - raft.server.log.appender.buffer.byte-limit = 4MB (=4194304) (default)
2023-08-28 07:17:59,600 [s3-groupManagement] INFO  segmented.SegmentedRaftLogWorker (SegmentedRaftLogWorker.java:<init>(183)) - new s3@group-6B83B4D95946-SegmentedRaftLogWorker for RaftStorageImpl:Storage Directory /home/runner/work/ratis/ratis/ratis-test/target/test/data/c5bbf9cd/MiniRaftClusterWithNetty9d0d4a8/s3/a97969aa-6f2f-49fd-9492-6b83b4d95946
2023-08-28 07:17:59,600 [s3-groupManagement] INFO  server.RaftServerConfigKeys (ConfUtils.java:logGet(46)) - raft.server.log.queue.byte-limit = 64MB (=67108864) (default)
2023-08-28 07:17:59,600 [s3-groupManagement] INFO  server.RaftServerConfigKeys (ConfUtils.java:logGet(46)) - raft.server.log.queue.element-limit = 4096 (default)
2023-08-28 07:17:59,600 [s3-groupManagement] INFO  server.RaftServerConfigKeys (ConfUtils.java:logGet(46)) - raft.server.log.segment.size.max = 8MB (=8388608) (default)
2023-08-28 07:17:59,600 [s3-groupManagement] INFO  server.RaftServerConfigKeys (ConfUtils.java:logGet(46)) - raft.server.log.preallocated.size = 4MB (=4194304) (default)
2023-08-28 07:17:59,600 [s3-groupManagement] INFO  server.RaftServerConfigKeys (ConfUtils.java:logGet(46)) - raft.server.log.force.sync.num = 128 (default)
2023-08-28 07:17:59,600 [s3-groupManagement] INFO  server.RaftServerConfigKeys (ConfUtils.java:logGet(46)) - raft.server.log.statemachine.data.sync = true (default)
2023-08-28 07:17:59,600 [s3-groupManagement] INFO  server.RaftServerConfigKeys (ConfUtils.java:logGet(46)) - raft.server.log.statemachine.data.sync.timeout = 10s (default)
2023-08-28 07:17:59,600 [s3-groupManagement] INFO  server.RaftServerConfigKeys (ConfUtils.java:logGet(46)) - raft.server.log.statemachine.data.sync.timeout.retry = -1 (default)
2023-08-28 07:17:59,600 [s3-groupManagement] INFO  server.RaftServerConfigKeys (ConfUtils.java:logGet(46)) - raft.server.log.write.buffer.size = 64KB (=65536) (default)
2023-08-28 07:17:59,600 [s3-groupManagement] INFO  server.RaftServerConfigKeys (ConfUtils.java:logGet(46)) - raft.server.log.appender.buffer.byte-limit = 4MB (=4194304) (default)
2023-08-28 07:17:59,604 [s3-groupManagement] INFO  server.RaftServerConfigKeys (ConfUtils.java:logGet(46)) - raft.server.log.unsafe-flush.enabled = false (default)
2023-08-28 07:17:59,604 [s3-groupManagement] INFO  server.RaftServerConfigKeys (ConfUtils.java:logGet(46)) - raft.server.log.async-flush.enabled = false (default)
2023-08-28 07:17:59,605 [s3-groupManagement] INFO  server.RaftServerConfigKeys (ConfUtils.java:logGet(46)) - raft.server.log.statemachine.data.caching.enabled = false (default)
2023-08-28 07:17:59,605 [s3-groupManagement] INFO  segmented.SegmentedRaftLogWorker (SegmentedRaftLogWorker.java:lambda$new$0(134)) - s3@group-6B83B4D95946-SegmentedRaftLogWorker: flushIndex: setUnconditionally 0 -> -1
2023-08-28 07:17:59,605 [s3-groupManagement] INFO  segmented.SegmentedRaftLogWorker (SegmentedRaftLogWorker.java:lambda$new$0(134)) - s3@group-6B83B4D95946-SegmentedRaftLogWorker: safeCacheEvictIndex: setUnconditionally 0 -> -1
2023-08-28 07:17:59,605 [s3-groupManagement] INFO  server.RaftServer$Division (RaftServerImpl.java:start(390)) - s3@group-6B83B4D95946: start with initializing state, conf=-1: peers:[]|listeners:[], old=null
2023-08-28 07:17:59,605 [s3-groupManagement] INFO  server.RaftServer$Division (RaftServerImpl.java:setRole(371)) - s3@group-6B83B4D95946: changes role from      null to FOLLOWER at term 0 for startInitializing
2023-08-28 07:17:59,605 [s3-groupManagement] INFO  util.JmxRegister (JmxRegister.java:tryRegister(44)) - Successfully registered JMX Bean with object name Ratis:service=RaftServer,group=group-6B83B4D95946,id=s3
2023-08-28 07:17:59,605 [s3-groupManagement] INFO  server.RaftServerConfigKeys (ConfUtils.java:logGet(46)) - raft.server.snapshot.trigger-when-stop.enabled = true (default)
2023-08-28 07:17:59,605 [s3-groupManagement] INFO  server.RaftServerConfigKeys (ConfUtils.java:logGet(46)) - raft.server.snapshot.auto.trigger.enabled = false (default)
2023-08-28 07:17:59,605 [s3-groupManagement] INFO  server.RaftServerConfigKeys (ConfUtils.java:logGet(46)) - raft.server.snapshot.retention.file.num = -1 (default)
2023-08-28 07:17:59,605 [s3-groupManagement] INFO  server.RaftServerConfigKeys (ConfUtils.java:logGet(46)) - raft.server.log.purge.upto.snapshot.index = false (default)
2023-08-28 07:17:59,619 [Time-limited test] DEBUG client.RaftClient (ConfUtils.java:logGet(46)) - raft.rpc.type = NETTY (custom)
2023-08-28 07:17:59,622 [nioEventLoopGroup-93-1] INFO  logging.LoggingHandler (AbstractInternalLogger.java:log(148)) - [id: 0x3e2faf44, L:/0.0.0.0:45719] READ: [id: 0xc7354696, L:/10.1.0.28:45719 - R:/10.1.0.28:35048]
2023-08-28 07:17:59,631 [nioEventLoopGroup-93-1] INFO  logging.LoggingHandler (AbstractInternalLogger.java:log(148)) - [id: 0x3e2faf44, L:/0.0.0.0:45719] READ COMPLETE
2023-08-28 07:17:59,632 [s4-groupManagement] INFO  server.RaftServer$Division (RaftServerImpl.java:<init>(250)) - s4: new RaftServerImpl for group-6B83B4D95946:[] with BaseStateMachine:uninitialized
2023-08-28 07:17:59,632 [s4-groupManagement] INFO  server.RaftServerConfigKeys (ConfUtils.java:logGet(46)) - raft.server.rpc.timeout.min = 1500ms (custom)
2023-08-28 07:17:59,632 [s4-groupManagement] INFO  server.RaftServerConfigKeys (ConfUtils.java:logGet(46)) - raft.server.rpc.timeout.max = 2000ms (custom)
2023-08-28 07:17:59,632 [s4-groupManagement] INFO  server.RaftServerConfigKeys (ConfUtils.java:logGet(46)) - raft.server.rpc.sleep.time = 25ms (default)
2023-08-28 07:17:59,632 [s4-groupManagement] INFO  server.RaftServerConfigKeys (ConfUtils.java:logGet(46)) - raft.server.rpc.slowness.timeout = 60s (default)
2023-08-28 07:17:59,632 [s4-groupManagement] INFO  server.RaftServerConfigKeys (ConfUtils.java:logGet(46)) - raft.server.leaderelection.leader.step-down.wait-time = 10s (default)
2023-08-28 07:17:59,632 [s4-groupManagement] INFO  server.RaftServerConfigKeys (ConfUtils.java:logGet(46)) - raft.server.sleep.deviation.threshold = 300ms (default)
2023-08-28 07:17:59,632 [s4-groupManagement] INFO  server.RaftServer$Division (ServerState.java:<init>(113)) - s4@group-6B83B4D95946: ConfigurationManager, init=-1: peers:[]|listeners:[], old=null, confs=<EMPTY_MAP>
2023-08-28 07:17:59,632 [s4-groupManagement] INFO  server.RaftServerConfigKeys (ConfUtils.java:logGet(46)) - raft.server.notification.no-leader.timeout = 60s (default)
2023-08-28 07:17:59,632 [s4-groupManagement] INFO  server.RaftServerConfigKeys (ConfUtils.java:logGet(46)) - raft.server.read.timeout = 10s (default)
2023-08-28 07:17:59,632 [s4-groupManagement] INFO  server.RaftServerConfigKeys (ConfUtils.java:logGet(46)) - raft.server.retrycache.expirytime = 60s (default)
2023-08-28 07:17:59,632 [s4-groupManagement] INFO  server.RaftServerConfigKeys (ConfUtils.java:logGet(46)) - raft.server.retrycache.statistics.expirytime = 100μs (default)
2023-08-28 07:17:59,632 [s4-groupManagement] INFO  server.RaftServerConfigKeys (ConfUtils.java:logGet(46)) - raft.server.read.option = DEFAULT (default)
2023-08-28 07:17:59,633 [s4-groupManagement] INFO  server.RaftServerConfigKeys (ConfUtils.java:logGet(46)) - raft.server.rpc.request.timeout = 3000ms (default)
2023-08-28 07:17:59,633 [s4-groupManagement] INFO  server.RaftServerConfigKeys (ConfUtils.java:logGet(46)) - raft.server.log.appender.install.snapshot.enabled = true (default)
2023-08-28 07:17:59,633 [s4-groupManagement] INFO  server.RaftServerConfigKeys (ConfUtils.java:logGet(46)) - raft.server.threadpool.server.cached = true (default)
2023-08-28 07:17:59,633 [s4-groupManagement] INFO  server.RaftServerConfigKeys (ConfUtils.java:logGet(46)) - raft.server.threadpool.server.size = 0 (default)
2023-08-28 07:17:59,633 [s4-groupManagement] INFO  server.RaftServerConfigKeys (ConfUtils.java:logGet(46)) - raft.server.threadpool.client.cached = true (default)
2023-08-28 07:17:59,633 [s4-groupManagement] INFO  server.RaftServerConfigKeys (ConfUtils.java:logGet(46)) - raft.server.threadpool.client.size = 0 (default)
2023-08-28 07:17:59,640 [nioEventLoopGroup-94-4] INFO  server.RaftServer (RaftServerProxy.java:addNew(99)) - s4: addNew group-6B83B4D95946:[] returns      null s4@group-6B83B4D95946:t0, leader=null, voted=null, raftlog=UNINITIALIZED, conf=-1: peers:[]|listeners:[], old=null NEW
2023-08-28 07:17:59,640 [s4-groupManagement] DEBUG server.RaftServer (RaftServerProxy.java:lambda$groupAddAsync$11(505)) - s4: newImpl =      null s4@group-6B83B4D95946:t0, leader=null, voted=null, raftlog=UNINITIALIZED, conf=-1: peers:[]|listeners:[], old=null NEW
2023-08-28 07:17:59,640 [s4-groupManagement] INFO  server.RaftServerConfigKeys (ConfUtils.java:logGet(46)) - raft.server.storage.free-space.min = 0MB (=0) (default)
2023-08-28 07:17:59,640 [s4-groupManagement] INFO  server.RaftServerConfigKeys (ConfUtils.java:logGet(46)) - raft.server.log.corruption.policy = EXCEPTION (default)
2023-08-28 07:17:59,641 [s4-groupManagement] INFO  server.RaftServerConfigKeys (ConfUtils.java:logGet(46)) - raft.server.storage.dir = [/home/runner/work/ratis/ratis/ratis-test/target/test/data/c5bbf9cd/MiniRaftClusterWithNetty9d0d4a8/s4] (custom)
2023-08-28 07:17:59,641 [s4-groupManagement] INFO  storage.RaftStorageDirectory (RaftStorageDirectoryImpl.java:analyzeStorage(138)) - The storage directory /home/runner/work/ratis/ratis/ratis-test/target/test/data/c5bbf9cd/MiniRaftClusterWithNetty9d0d4a8/s4/a97969aa-6f2f-49fd-9492-6b83b4d95946 does not exist. Creating ...
2023-08-28 07:17:59,641 [s4-groupManagement] TRACE util.FileUtils (LogUtils.java:runAndLog(49)) - Successfully ran Files.createDirectories /home/runner/work/ratis/ratis/ratis-test/target/test/data/c5bbf9cd/MiniRaftClusterWithNetty9d0d4a8/s4/a97969aa-6f2f-49fd-9492-6b83b4d95946
2023-08-28 07:17:59,642 [s4-groupManagement] INFO  storage.RaftStorageDirectory (RaftStorageDirectoryImpl.java:tryLock(232)) - Lock on /home/runner/work/ratis/ratis/ratis-test/target/test/data/c5bbf9cd/MiniRaftClusterWithNetty9d0d4a8/s4/a97969aa-6f2f-49fd-9492-6b83b4d95946/in_use.lock acquired by nodename 7908@fv-az1033-516
2023-08-28 07:17:59,642 [s4-groupManagement] TRACE util.FileUtils (LogUtils.java:runAndLog(49)) - Successfully ran Files.createDirectories /home/runner/work/ratis/ratis/ratis-test/target/test/data/c5bbf9cd/MiniRaftClusterWithNetty9d0d4a8/s4/a97969aa-6f2f-49fd-9492-6b83b4d95946/current
2023-08-28 07:17:59,642 [s4-groupManagement] TRACE util.FileUtils (LogUtils.java:runAndLog(49)) - Successfully ran Files.createDirectories /home/runner/work/ratis/ratis/ratis-test/target/test/data/c5bbf9cd/MiniRaftClusterWithNetty9d0d4a8/s4/a97969aa-6f2f-49fd-9492-6b83b4d95946/sm
2023-08-28 07:17:59,644 [s4-groupManagement] INFO  storage.RaftStorage (RaftStorageImpl.java:format(97)) - Storage directory /home/runner/work/ratis/ratis/ratis-test/target/test/data/c5bbf9cd/MiniRaftClusterWithNetty9d0d4a8/s4/a97969aa-6f2f-49fd-9492-6b83b4d95946 has been successfully formatted.
2023-08-28 07:17:59,644 [s4-groupManagement] INFO  server.RaftServerConfigKeys (ConfUtils.java:logGet(46)) - raft.server.log.use.memory = false (default)
2023-08-28 07:17:59,644 [s4-groupManagement] INFO  server.RaftServerConfigKeys (ConfUtils.java:logGet(46)) - raft.server.log.purge.gap = 1024 (default)
2023-08-28 07:17:59,644 [s4-groupManagement] INFO  server.RaftServerConfigKeys (ConfUtils.java:logGet(46)) - raft.server.log.appender.buffer.byte-limit = 4MB (=4194304) (default)
2023-08-28 07:17:59,644 [s4-groupManagement] INFO  server.RaftServerConfigKeys (ConfUtils.java:logGet(46)) - raft.server.log.statemachine.data.read.timeout = 1000ms (default)
2023-08-28 07:17:59,645 [s4-groupManagement] INFO  server.RaftServerConfigKeys (ConfUtils.java:logGet(46)) - raft.server.log.purge.preservation.log.num = 0 (default)
2023-08-28 07:17:59,645 [s4-groupManagement] INFO  server.RaftServerConfigKeys (ConfUtils.java:logGet(46)) - raft.server.log.segment.size.max = 8MB (=8388608) (default)
2023-08-28 07:17:59,645 [s4-groupManagement] INFO  server.RaftServerConfigKeys (ConfUtils.java:logGet(46)) - raft.server.log.segment.cache.num.max = 6 (default)
2023-08-28 07:17:59,645 [s4-groupManagement] INFO  server.RaftServerConfigKeys (ConfUtils.java:logGet(46)) - raft.server.log.segment.cache.size.max = 200MB (=209715200) (default)
2023-08-28 07:17:59,645 [s4-groupManagement] INFO  server.RaftServerConfigKeys (ConfUtils.java:logGet(46)) - raft.server.log.appender.buffer.byte-limit = 4MB (=4194304) (default)
2023-08-28 07:17:59,645 [s4-groupManagement] INFO  segmented.SegmentedRaftLogWorker (SegmentedRaftLogWorker.java:<init>(183)) - new s4@group-6B83B4D95946-SegmentedRaftLogWorker for RaftStorageImpl:Storage Directory /home/runner/work/ratis/ratis/ratis-test/target/test/data/c5bbf9cd/MiniRaftClusterWithNetty9d0d4a8/s4/a97969aa-6f2f-49fd-9492-6b83b4d95946
2023-08-28 07:17:59,645 [s4-groupManagement] INFO  server.RaftServerConfigKeys (ConfUtils.java:logGet(46)) - raft.server.log.queue.byte-limit = 64MB (=67108864) (default)
2023-08-28 07:17:59,645 [s4-groupManagement] INFO  server.RaftServerConfigKeys (ConfUtils.java:logGet(46)) - raft.server.log.queue.element-limit = 4096 (default)
2023-08-28 07:17:59,645 [s4-groupManagement] INFO  server.RaftServerConfigKeys (ConfUtils.java:logGet(46)) - raft.server.log.segment.size.max = 8MB (=8388608) (default)
2023-08-28 07:17:59,645 [s4-groupManagement] INFO  server.RaftServerConfigKeys (ConfUtils.java:logGet(46)) - raft.server.log.preallocated.size = 4MB (=4194304) (default)
2023-08-28 07:17:59,645 [s4-groupManagement] INFO  server.RaftServerConfigKeys (ConfUtils.java:logGet(46)) - raft.server.log.force.sync.num = 128 (default)
2023-08-28 07:17:59,645 [s4-groupManagement] INFO  server.RaftServerConfigKeys (ConfUtils.java:logGet(46)) - raft.server.log.statemachine.data.sync = true (default)
2023-08-28 07:17:59,645 [s4-groupManagement] INFO  server.RaftServerConfigKeys (ConfUtils.java:logGet(46)) - raft.server.log.statemachine.data.sync.timeout = 10s (default)
2023-08-28 07:17:59,645 [s4-groupManagement] INFO  server.RaftServerConfigKeys (ConfUtils.java:logGet(46)) - raft.server.log.statemachine.data.sync.timeout.retry = -1 (default)
2023-08-28 07:17:59,645 [s4-groupManagement] INFO  server.RaftServerConfigKeys (ConfUtils.java:logGet(46)) - raft.server.log.write.buffer.size = 64KB (=65536) (default)
2023-08-28 07:17:59,645 [s4-groupManagement] INFO  server.RaftServerConfigKeys (ConfUtils.java:logGet(46)) - raft.server.log.appender.buffer.byte-limit = 4MB (=4194304) (default)
2023-08-28 07:17:59,646 [s4-groupManagement] INFO  server.RaftServerConfigKeys (ConfUtils.java:logGet(46)) - raft.server.log.unsafe-flush.enabled = false (default)
2023-08-28 07:17:59,646 [s4-groupManagement] INFO  server.RaftServerConfigKeys (ConfUtils.java:logGet(46)) - raft.server.log.async-flush.enabled = false (default)
2023-08-28 07:17:59,646 [s4-groupManagement] INFO  server.RaftServerConfigKeys (ConfUtils.java:logGet(46)) - raft.server.log.statemachine.data.caching.enabled = false (default)
2023-08-28 07:17:59,646 [s4-groupManagement] INFO  segmented.SegmentedRaftLogWorker (SegmentedRaftLogWorker.java:lambda$new$0(134)) - s4@group-6B83B4D95946-SegmentedRaftLogWorker: flushIndex: setUnconditionally 0 -> -1
2023-08-28 07:17:59,646 [s4-groupManagement] INFO  segmented.SegmentedRaftLogWorker (SegmentedRaftLogWorker.java:lambda$new$0(134)) - s4@group-6B83B4D95946-SegmentedRaftLogWorker: safeCacheEvictIndex: setUnconditionally 0 -> -1
2023-08-28 07:17:59,646 [s4-groupManagement] INFO  server.RaftServer$Division (RaftServerImpl.java:start(390)) - s4@group-6B83B4D95946: start with initializing state, conf=-1: peers:[]|listeners:[], old=null
2023-08-28 07:17:59,646 [s4-groupManagement] INFO  server.RaftServer$Division (RaftServerImpl.java:setRole(371)) - s4@group-6B83B4D95946: changes role from      null to FOLLOWER at term 0 for startInitializing
2023-08-28 07:17:59,646 [s4-groupManagement] INFO  util.JmxRegister (JmxRegister.java:tryRegister(44)) - Successfully registered JMX Bean with object name Ratis:service=RaftServer,group=group-6B83B4D95946,id=s4
2023-08-28 07:17:59,646 [s4-groupManagement] INFO  server.RaftServerConfigKeys (ConfUtils.java:logGet(46)) - raft.server.snapshot.trigger-when-stop.enabled = true (default)
2023-08-28 07:17:59,646 [s4-groupManagement] INFO  server.RaftServerConfigKeys (ConfUtils.java:logGet(46)) - raft.server.snapshot.auto.trigger.enabled = false (default)
2023-08-28 07:17:59,646 [s4-groupManagement] INFO  server.RaftServerConfigKeys (ConfUtils.java:logGet(46)) - raft.server.snapshot.retention.file.num = -1 (default)
2023-08-28 07:17:59,646 [s4-groupManagement] INFO  server.RaftServerConfigKeys (ConfUtils.java:logGet(46)) - raft.server.log.purge.upto.snapshot.index = false (default)
2023-08-28 07:17:59,648 [Time-limited test] DEBUG client.RaftClient (ConfUtils.java:logGet(46)) - raft.rpc.type = NETTY (custom)
2023-08-28 07:17:59,649 [nioEventLoopGroup-81-1] INFO  logging.LoggingHandler (AbstractInternalLogger.java:log(148)) - [id: 0xe8e7051e, L:/0.0.0.0:46813] READ: [id: 0xc2e27a3f, L:/10.1.0.28:46813 - R:/10.1.0.28:39724]
2023-08-28 07:17:59,650 [nioEventLoopGroup-81-1] INFO  logging.LoggingHandler (AbstractInternalLogger.java:log(148)) - [id: 0xe8e7051e, L:/0.0.0.0:46813] READ COMPLETE
2023-08-28 07:17:59,651 [nioEventLoopGroup-82-4] INFO  server.RaftServer (RaftServerProxy.java:addNew(99)) - s0: addNew group-6B83B4D95946:[] returns group-6B83B4D95946:java.util.concurrent.CompletableFuture@7b42cb90[Not completed]
2023-08-28 07:17:59,651 [s0-groupManagement] INFO  server.RaftServer$Division (RaftServerImpl.java:<init>(250)) - s0: new RaftServerImpl for group-6B83B4D95946:[] with BaseStateMachine:uninitialized
2023-08-28 07:17:59,651 [s0-groupManagement] INFO  server.RaftServerConfigKeys (ConfUtils.java:logGet(46)) - raft.server.rpc.timeout.min = 1500ms (custom)
2023-08-28 07:17:59,651 [s0-groupManagement] INFO  server.RaftServerConfigKeys (ConfUtils.java:logGet(46)) - raft.server.rpc.timeout.max = 2000ms (custom)
2023-08-28 07:17:59,651 [s0-groupManagement] INFO  server.RaftServerConfigKeys (ConfUtils.java:logGet(46)) - raft.server.rpc.sleep.time = 25ms (default)
2023-08-28 07:17:59,651 [s0-groupManagement] INFO  server.RaftServerConfigKeys (ConfUtils.java:logGet(46)) - raft.server.rpc.slowness.timeout = 60s (default)
2023-08-28 07:17:59,651 [s0-groupManagement] INFO  server.RaftServerConfigKeys (ConfUtils.java:logGet(46)) - raft.server.leaderelection.leader.step-down.wait-time = 10s (default)
2023-08-28 07:17:59,651 [s0-groupManagement] INFO  server.RaftServerConfigKeys (ConfUtils.java:logGet(46)) - raft.server.sleep.deviation.threshold = 300ms (default)
2023-08-28 07:17:59,651 [s0-groupManagement] INFO  server.RaftServer$Division (ServerState.java:<init>(113)) - s0@group-6B83B4D95946: ConfigurationManager, init=-1: peers:[]|listeners:[], old=null, confs=<EMPTY_MAP>
2023-08-28 07:17:59,651 [s0-groupManagement] INFO  server.RaftServerConfigKeys (ConfUtils.java:logGet(46)) - raft.server.notification.no-leader.timeout = 60s (default)
2023-08-28 07:17:59,651 [s0-groupManagement] INFO  server.RaftServerConfigKeys (ConfUtils.java:logGet(46)) - raft.server.read.timeout = 10s (default)
2023-08-28 07:17:59,651 [s0-groupManagement] INFO  server.RaftServerConfigKeys (ConfUtils.java:logGet(46)) - raft.server.retrycache.expirytime = 60s (default)
2023-08-28 07:17:59,651 [s0-groupManagement] INFO  server.RaftServerConfigKeys (ConfUtils.java:logGet(46)) - raft.server.retrycache.statistics.expirytime = 100μs (default)
2023-08-28 07:17:59,651 [s0-groupManagement] INFO  server.RaftServerConfigKeys (ConfUtils.java:logGet(46)) - raft.server.read.option = DEFAULT (default)
2023-08-28 07:17:59,652 [s0-groupManagement] INFO  server.RaftServerConfigKeys (ConfUtils.java:logGet(46)) - raft.server.rpc.request.timeout = 3000ms (default)
2023-08-28 07:17:59,652 [s0-groupManagement] INFO  server.RaftServerConfigKeys (ConfUtils.java:logGet(46)) - raft.server.log.appender.install.snapshot.enabled = true (default)
2023-08-28 07:17:59,652 [s0-groupManagement] INFO  server.RaftServerConfigKeys (ConfUtils.java:logGet(46)) - raft.server.threadpool.server.cached = true (default)
2023-08-28 07:17:59,652 [s0-groupManagement] INFO  server.RaftServerConfigKeys (ConfUtils.java:logGet(46)) - raft.server.threadpool.server.size = 0 (default)
2023-08-28 07:17:59,652 [s0-groupManagement] INFO  server.RaftServerConfigKeys (ConfUtils.java:logGet(46)) - raft.server.threadpool.client.cached = true (default)
2023-08-28 07:17:59,652 [s0-groupManagement] INFO  server.RaftServerConfigKeys (ConfUtils.java:logGet(46)) - raft.server.threadpool.client.size = 0 (default)
2023-08-28 07:17:59,652 [s0-groupManagement] DEBUG server.RaftServer (RaftServerProxy.java:lambda$groupAddAsync$11(505)) - s0: newImpl =      null s0@group-6B83B4D95946:t0, leader=null, voted=null, raftlog=UNINITIALIZED, conf=-1: peers:[]|listeners:[], old=null NEW
2023-08-28 07:17:59,652 [s0-groupManagement] INFO  server.RaftServerConfigKeys (ConfUtils.java:logGet(46)) - raft.server.storage.free-space.min = 0MB (=0) (default)
2023-08-28 07:17:59,652 [s0-groupManagement] INFO  server.RaftServerConfigKeys (ConfUtils.java:logGet(46)) - raft.server.log.corruption.policy = EXCEPTION (default)
2023-08-28 07:17:59,652 [s0-groupManagement] INFO  server.RaftServerConfigKeys (ConfUtils.java:logGet(46)) - raft.server.storage.dir = [/home/runner/work/ratis/ratis/ratis-test/target/test/data/c5bbf9cd/MiniRaftClusterWithNetty9d0d4a8/s0] (custom)
2023-08-28 07:17:59,652 [s0-groupManagement] INFO  storage.RaftStorageDirectory (RaftStorageDirectoryImpl.java:analyzeStorage(138)) - The storage directory /home/runner/work/ratis/ratis/ratis-test/target/test/data/c5bbf9cd/MiniRaftClusterWithNetty9d0d4a8/s0/a97969aa-6f2f-49fd-9492-6b83b4d95946 does not exist. Creating ...
2023-08-28 07:17:59,652 [s0-groupManagement] TRACE util.FileUtils (LogUtils.java:runAndLog(49)) - Successfully ran Files.createDirectories /home/runner/work/ratis/ratis/ratis-test/target/test/data/c5bbf9cd/MiniRaftClusterWithNetty9d0d4a8/s0/a97969aa-6f2f-49fd-9492-6b83b4d95946
2023-08-28 07:17:59,657 [s0-groupManagement] INFO  storage.RaftStorageDirectory (RaftStorageDirectoryImpl.java:tryLock(232)) - Lock on /home/runner/work/ratis/ratis/ratis-test/target/test/data/c5bbf9cd/MiniRaftClusterWithNetty9d0d4a8/s0/a97969aa-6f2f-49fd-9492-6b83b4d95946/in_use.lock acquired by nodename 7908@fv-az1033-516
2023-08-28 07:17:59,657 [s0-groupManagement] TRACE util.FileUtils (LogUtils.java:runAndLog(49)) - Successfully ran Files.createDirectories /home/runner/work/ratis/ratis/ratis-test/target/test/data/c5bbf9cd/MiniRaftClusterWithNetty9d0d4a8/s0/a97969aa-6f2f-49fd-9492-6b83b4d95946/current
2023-08-28 07:17:59,657 [s0-groupManagement] TRACE util.FileUtils (LogUtils.java:runAndLog(49)) - Successfully ran Files.createDirectories /home/runner/work/ratis/ratis/ratis-test/target/test/data/c5bbf9cd/MiniRaftClusterWithNetty9d0d4a8/s0/a97969aa-6f2f-49fd-9492-6b83b4d95946/sm
2023-08-28 07:17:59,660 [s0-groupManagement] INFO  storage.RaftStorage (RaftStorageImpl.java:format(97)) - Storage directory /home/runner/work/ratis/ratis/ratis-test/target/test/data/c5bbf9cd/MiniRaftClusterWithNetty9d0d4a8/s0/a97969aa-6f2f-49fd-9492-6b83b4d95946 has been successfully formatted.
2023-08-28 07:17:59,660 [s0-groupManagement] INFO  server.RaftServerConfigKeys (ConfUtils.java:logGet(46)) - raft.server.log.use.memory = false (default)
2023-08-28 07:17:59,660 [s0-groupManagement] INFO  server.RaftServerConfigKeys (ConfUtils.java:logGet(46)) - raft.server.log.purge.gap = 1024 (default)
2023-08-28 07:17:59,660 [s0-groupManagement] INFO  server.RaftServerConfigKeys (ConfUtils.java:logGet(46)) - raft.server.log.appender.buffer.byte-limit = 4MB (=4194304) (default)
2023-08-28 07:17:59,660 [s0-groupManagement] INFO  server.RaftServerConfigKeys (ConfUtils.java:logGet(46)) - raft.server.log.statemachine.data.read.timeout = 1000ms (default)
2023-08-28 07:17:59,660 [s0-groupManagement] INFO  server.RaftServerConfigKeys (ConfUtils.java:logGet(46)) - raft.server.log.purge.preservation.log.num = 0 (default)
2023-08-28 07:17:59,660 [s0-groupManagement] INFO  server.RaftServerConfigKeys (ConfUtils.java:logGet(46)) - raft.server.log.segment.size.max = 8MB (=8388608) (default)
2023-08-28 07:17:59,660 [s0-groupManagement] INFO  server.RaftServerConfigKeys (ConfUtils.java:logGet(46)) - raft.server.log.segment.cache.num.max = 6 (default)
2023-08-28 07:17:59,660 [s0-groupManagement] INFO  server.RaftServerConfigKeys (ConfUtils.java:logGet(46)) - raft.server.log.segment.cache.size.max = 200MB (=209715200) (default)
2023-08-28 07:17:59,660 [s0-groupManagement] INFO  server.RaftServerConfigKeys (ConfUtils.java:logGet(46)) - raft.server.log.appender.buffer.byte-limit = 4MB (=4194304) (default)
2023-08-28 07:17:59,660 [s0-groupManagement] INFO  segmented.SegmentedRaftLogWorker (SegmentedRaftLogWorker.java:<init>(183)) - new s0@group-6B83B4D95946-SegmentedRaftLogWorker for RaftStorageImpl:Storage Directory /home/runner/work/ratis/ratis/ratis-test/target/test/data/c5bbf9cd/MiniRaftClusterWithNetty9d0d4a8/s0/a97969aa-6f2f-49fd-9492-6b83b4d95946
2023-08-28 07:17:59,660 [s0-groupManagement] INFO  server.RaftServerConfigKeys (ConfUtils.java:logGet(46)) - raft.server.log.queue.byte-limit = 64MB (=67108864) (default)
2023-08-28 07:17:59,660 [s0-groupManagement] INFO  server.RaftServerConfigKeys (ConfUtils.java:logGet(46)) - raft.server.log.queue.element-limit = 4096 (default)
2023-08-28 07:17:59,660 [s0-groupManagement] INFO  server.RaftServerConfigKeys (ConfUtils.java:logGet(46)) - raft.server.log.segment.size.max = 8MB (=8388608) (default)
2023-08-28 07:17:59,660 [s0-groupManagement] INFO  server.RaftServerConfigKeys (ConfUtils.java:logGet(46)) - raft.server.log.preallocated.size = 4MB (=4194304) (default)
2023-08-28 07:17:59,660 [s0-groupManagement] INFO  server.RaftServerConfigKeys (ConfUtils.java:logGet(46)) - raft.server.log.force.sync.num = 128 (default)
2023-08-28 07:17:59,661 [s0-groupManagement] INFO  server.RaftServerConfigKeys (ConfUtils.java:logGet(46)) - raft.server.log.statemachine.data.sync = true (default)
2023-08-28 07:17:59,661 [s0-groupManagement] INFO  server.RaftServerConfigKeys (ConfUtils.java:logGet(46)) - raft.server.log.statemachine.data.sync.timeout = 10s (default)
2023-08-28 07:17:59,661 [s0-groupManagement] INFO  server.RaftServerConfigKeys (ConfUtils.java:logGet(46)) - raft.server.log.statemachine.data.sync.timeout.retry = -1 (default)
2023-08-28 07:17:59,661 [s0-groupManagement] INFO  server.RaftServerConfigKeys (ConfUtils.java:logGet(46)) - raft.server.log.write.buffer.size = 64KB (=65536) (default)
2023-08-28 07:17:59,661 [s0-groupManagement] INFO  server.RaftServerConfigKeys (ConfUtils.java:logGet(46)) - raft.server.log.appender.buffer.byte-limit = 4MB (=4194304) (default)
2023-08-28 07:17:59,665 [s0-groupManagement] INFO  server.RaftServerConfigKeys (ConfUtils.java:logGet(46)) - raft.server.log.unsafe-flush.enabled = false (default)
2023-08-28 07:17:59,665 [s0-groupManagement] INFO  server.RaftServerConfigKeys (ConfUtils.java:logGet(46)) - raft.server.log.async-flush.enabled = false (default)
2023-08-28 07:17:59,665 [s0-groupManagement] INFO  server.RaftServerConfigKeys (ConfUtils.java:logGet(46)) - raft.server.log.statemachine.data.caching.enabled = false (default)
2023-08-28 07:17:59,666 [s0-groupManagement] INFO  segmented.SegmentedRaftLogWorker (SegmentedRaftLogWorker.java:lambda$new$0(134)) - s0@group-6B83B4D95946-SegmentedRaftLogWorker: flushIndex: setUnconditionally 0 -> -1
2023-08-28 07:17:59,666 [s0-groupManagement] INFO  segmented.SegmentedRaftLogWorker (SegmentedRaftLogWorker.java:lambda$new$0(134)) - s0@group-6B83B4D95946-SegmentedRaftLogWorker: safeCacheEvictIndex: setUnconditionally 0 -> -1
2023-08-28 07:17:59,666 [s0-groupManagement] INFO  server.RaftServer$Division (RaftServerImpl.java:start(390)) - s0@group-6B83B4D95946: start with initializing state, conf=-1: peers:[]|listeners:[], old=null
2023-08-28 07:17:59,666 [s0-groupManagement] INFO  server.RaftServer$Division (RaftServerImpl.java:setRole(371)) - s0@group-6B83B4D95946: changes role from      null to FOLLOWER at term 0 for startInitializing
2023-08-28 07:17:59,666 [s0-groupManagement] INFO  util.JmxRegister (JmxRegister.java:tryRegister(44)) - Successfully registered JMX Bean with object name Ratis:service=RaftServer,group=group-6B83B4D95946,id=s0
2023-08-28 07:17:59,666 [s0-groupManagement] INFO  server.RaftServerConfigKeys (ConfUtils.java:logGet(46)) - raft.server.snapshot.trigger-when-stop.enabled = true (default)
2023-08-28 07:17:59,666 [s0-groupManagement] INFO  server.RaftServerConfigKeys (ConfUtils.java:logGet(46)) - raft.server.snapshot.auto.trigger.enabled = false (default)
2023-08-28 07:17:59,666 [s0-groupManagement] INFO  server.RaftServerConfigKeys (ConfUtils.java:logGet(46)) - raft.server.snapshot.retention.file.num = -1 (default)
2023-08-28 07:17:59,666 [s0-groupManagement] INFO  server.RaftServerConfigKeys (ConfUtils.java:logGet(46)) - raft.server.log.purge.upto.snapshot.index = false (default)
2023-08-28 07:17:59,672 [Time-limited test] DEBUG client.RaftClient (ConfUtils.java:logGet(46)) - raft.rpc.type = NETTY (custom)
2023-08-28 07:17:59,673 [nioEventLoopGroup-84-1] INFO  logging.LoggingHandler (AbstractInternalLogger.java:log(148)) - [id: 0x3cfb2e48, L:/0.0.0.0:37301] READ: [id: 0x22002a4e, L:/10.1.0.28:37301 - R:/10.1.0.28:33460]
2023-08-28 07:17:59,674 [nioEventLoopGroup-84-1] INFO  logging.LoggingHandler (AbstractInternalLogger.java:log(148)) - [id: 0x3cfb2e48, L:/0.0.0.0:37301] READ COMPLETE
2023-08-28 07:17:59,674 [nioEventLoopGroup-85-4] INFO  server.RaftServer (RaftServerProxy.java:addNew(99)) - s1: addNew group-6B83B4D95946:[] returns group-6B83B4D95946:java.util.concurrent.CompletableFuture@7c1c365d[Not completed]
2023-08-28 07:17:59,674 [s1-groupManagement] INFO  server.RaftServer$Division (RaftServerImpl.java:<init>(250)) - s1: new RaftServerImpl for group-6B83B4D95946:[] with BaseStateMachine:uninitialized
2023-08-28 07:17:59,675 [s1-groupManagement] INFO  server.RaftServerConfigKeys (ConfUtils.java:logGet(46)) - raft.server.rpc.timeout.min = 1500ms (custom)
2023-08-28 07:17:59,675 [s1-groupManagement] INFO  server.RaftServerConfigKeys (ConfUtils.java:logGet(46)) - raft.server.rpc.timeout.max = 2000ms (custom)
2023-08-28 07:17:59,675 [s1-groupManagement] INFO  server.RaftServerConfigKeys (ConfUtils.java:logGet(46)) - raft.server.rpc.sleep.time = 25ms (default)
2023-08-28 07:17:59,675 [s1-groupManagement] INFO  server.RaftServerConfigKeys (ConfUtils.java:logGet(46)) - raft.server.rpc.slowness.timeout = 60s (default)
2023-08-28 07:17:59,675 [s1-groupManagement] INFO  server.RaftServerConfigKeys (ConfUtils.java:logGet(46)) - raft.server.leaderelection.leader.step-down.wait-time = 10s (default)
2023-08-28 07:17:59,675 [s1-groupManagement] INFO  server.RaftServerConfigKeys (ConfUtils.java:logGet(46)) - raft.server.sleep.deviation.threshold = 300ms (default)
2023-08-28 07:17:59,675 [s1-groupManagement] INFO  server.RaftServer$Division (ServerState.java:<init>(113)) - s1@group-6B83B4D95946: ConfigurationManager, init=-1: peers:[]|listeners:[], old=null, confs=<EMPTY_MAP>
2023-08-28 07:17:59,675 [s1-groupManagement] INFO  server.RaftServerConfigKeys (ConfUtils.java:logGet(46)) - raft.server.notification.no-leader.timeout = 60s (default)
2023-08-28 07:17:59,675 [s1-groupManagement] INFO  server.RaftServerConfigKeys (ConfUtils.java:logGet(46)) - raft.server.read.timeout = 10s (default)
2023-08-28 07:17:59,675 [s1-groupManagement] INFO  server.RaftServerConfigKeys (ConfUtils.java:logGet(46)) - raft.server.retrycache.expirytime = 60s (default)
2023-08-28 07:17:59,675 [s1-groupManagement] INFO  server.RaftServerConfigKeys (ConfUtils.java:logGet(46)) - raft.server.retrycache.statistics.expirytime = 100μs (default)
2023-08-28 07:17:59,675 [s1-groupManagement] INFO  server.RaftServerConfigKeys (ConfUtils.java:logGet(46)) - raft.server.read.option = DEFAULT (default)
2023-08-28 07:17:59,675 [s1-groupManagement] INFO  server.RaftServerConfigKeys (ConfUtils.java:logGet(46)) - raft.server.rpc.request.timeout = 3000ms (default)
2023-08-28 07:17:59,675 [s1-groupManagement] INFO  server.RaftServerConfigKeys (ConfUtils.java:logGet(46)) - raft.server.log.appender.install.snapshot.enabled = true (default)
2023-08-28 07:17:59,675 [s1-groupManagement] INFO  server.RaftServerConfigKeys (ConfUtils.java:logGet(46)) - raft.server.threadpool.server.cached = true (default)
2023-08-28 07:17:59,675 [s1-groupManagement] INFO  server.RaftServerConfigKeys (ConfUtils.java:logGet(46)) - raft.server.threadpool.server.size = 0 (default)
2023-08-28 07:17:59,675 [s1-groupManagement] INFO  server.RaftServerConfigKeys (ConfUtils.java:logGet(46)) - raft.server.threadpool.client.cached = true (default)
2023-08-28 07:17:59,675 [s1-groupManagement] INFO  server.RaftServerConfigKeys (ConfUtils.java:logGet(46)) - raft.server.threadpool.client.size = 0 (default)
2023-08-28 07:17:59,676 [s1-groupManagement] DEBUG server.RaftServer (RaftServerProxy.java:lambda$groupAddAsync$11(505)) - s1: newImpl =      null s1@group-6B83B4D95946:t0, leader=null, voted=null, raftlog=UNINITIALIZED, conf=-1: peers:[]|listeners:[], old=null NEW
2023-08-28 07:17:59,676 [s1-groupManagement] INFO  server.RaftServerConfigKeys (ConfUtils.java:logGet(46)) - raft.server.storage.free-space.min = 0MB (=0) (default)
2023-08-28 07:17:59,676 [s1-groupManagement] INFO  server.RaftServerConfigKeys (ConfUtils.java:logGet(46)) - raft.server.log.corruption.policy = EXCEPTION (default)
2023-08-28 07:17:59,676 [s1-groupManagement] INFO  server.RaftServerConfigKeys (ConfUtils.java:logGet(46)) - raft.server.storage.dir = [/home/runner/work/ratis/ratis/ratis-test/target/test/data/c5bbf9cd/MiniRaftClusterWithNetty9d0d4a8/s1] (custom)
2023-08-28 07:17:59,676 [s1-groupManagement] INFO  storage.RaftStorageDirectory (RaftStorageDirectoryImpl.java:analyzeStorage(138)) - The storage directory /home/runner/work/ratis/ratis/ratis-test/target/test/data/c5bbf9cd/MiniRaftClusterWithNetty9d0d4a8/s1/a97969aa-6f2f-49fd-9492-6b83b4d95946 does not exist. Creating ...
2023-08-28 07:17:59,676 [s1-groupManagement] TRACE util.FileUtils (LogUtils.java:runAndLog(49)) - Successfully ran Files.createDirectories /home/runner/work/ratis/ratis/ratis-test/target/test/data/c5bbf9cd/MiniRaftClusterWithNetty9d0d4a8/s1/a97969aa-6f2f-49fd-9492-6b83b4d95946
2023-08-28 07:17:59,677 [s1-groupManagement] INFO  storage.RaftStorageDirectory (RaftStorageDirectoryImpl.java:tryLock(232)) - Lock on /home/runner/work/ratis/ratis/ratis-test/target/test/data/c5bbf9cd/MiniRaftClusterWithNetty9d0d4a8/s1/a97969aa-6f2f-49fd-9492-6b83b4d95946/in_use.lock acquired by nodename 7908@fv-az1033-516
2023-08-28 07:17:59,677 [s1-groupManagement] TRACE util.FileUtils (LogUtils.java:runAndLog(49)) - Successfully ran Files.createDirectories /home/runner/work/ratis/ratis/ratis-test/target/test/data/c5bbf9cd/MiniRaftClusterWithNetty9d0d4a8/s1/a97969aa-6f2f-49fd-9492-6b83b4d95946/current
2023-08-28 07:17:59,677 [s1-groupManagement] TRACE util.FileUtils (LogUtils.java:runAndLog(49)) - Successfully ran Files.createDirectories /home/runner/work/ratis/ratis/ratis-test/target/test/data/c5bbf9cd/MiniRaftClusterWithNetty9d0d4a8/s1/a97969aa-6f2f-49fd-9492-6b83b4d95946/sm
2023-08-28 07:17:59,678 [s1-groupManagement] INFO  storage.RaftStorage (RaftStorageImpl.java:format(97)) - Storage directory /home/runner/work/ratis/ratis/ratis-test/target/test/data/c5bbf9cd/MiniRaftClusterWithNetty9d0d4a8/s1/a97969aa-6f2f-49fd-9492-6b83b4d95946 has been successfully formatted.
2023-08-28 07:17:59,678 [s1-groupManagement] INFO  server.RaftServerConfigKeys (ConfUtils.java:logGet(46)) - raft.server.log.use.memory = false (default)
2023-08-28 07:17:59,678 [s1-groupManagement] INFO  server.RaftServerConfigKeys (ConfUtils.java:logGet(46)) - raft.server.log.purge.gap = 1024 (default)
2023-08-28 07:17:59,679 [s1-groupManagement] INFO  server.RaftServerConfigKeys (ConfUtils.java:logGet(46)) - raft.server.log.appender.buffer.byte-limit = 4MB (=4194304) (default)
2023-08-28 07:17:59,679 [s1-groupManagement] INFO  server.RaftServerConfigKeys (ConfUtils.java:logGet(46)) - raft.server.log.statemachine.data.read.timeout = 1000ms (default)
2023-08-28 07:17:59,679 [s1-groupManagement] INFO  server.RaftServerConfigKeys (ConfUtils.java:logGet(46)) - raft.server.log.purge.preservation.log.num = 0 (default)
2023-08-28 07:17:59,679 [s1-groupManagement] INFO  server.RaftServerConfigKeys (ConfUtils.java:logGet(46)) - raft.server.log.segment.size.max = 8MB (=8388608) (default)
2023-08-28 07:17:59,679 [s1-groupManagement] INFO  server.RaftServerConfigKeys (ConfUtils.java:logGet(46)) - raft.server.log.segment.cache.num.max = 6 (default)
2023-08-28 07:17:59,679 [s1-groupManagement] INFO  server.RaftServerConfigKeys (ConfUtils.java:logGet(46)) - raft.server.log.segment.cache.size.max = 200MB (=209715200) (default)
2023-08-28 07:17:59,679 [s1-groupManagement] INFO  server.RaftServerConfigKeys (ConfUtils.java:logGet(46)) - raft.server.log.appender.buffer.byte-limit = 4MB (=4194304) (default)
2023-08-28 07:17:59,679 [s1-groupManagement] INFO  segmented.SegmentedRaftLogWorker (SegmentedRaftLogWorker.java:<init>(183)) - new s1@group-6B83B4D95946-SegmentedRaftLogWorker for RaftStorageImpl:Storage Directory /home/runner/work/ratis/ratis/ratis-test/target/test/data/c5bbf9cd/MiniRaftClusterWithNetty9d0d4a8/s1/a97969aa-6f2f-49fd-9492-6b83b4d95946
2023-08-28 07:17:59,679 [s1-groupManagement] INFO  server.RaftServerConfigKeys (ConfUtils.java:logGet(46)) - raft.server.log.queue.byte-limit = 64MB (=67108864) (default)
2023-08-28 07:17:59,679 [s1-groupManagement] INFO  server.RaftServerConfigKeys (ConfUtils.java:logGet(46)) - raft.server.log.queue.element-limit = 4096 (default)
2023-08-28 07:17:59,679 [s1-groupManagement] INFO  server.RaftServerConfigKeys (ConfUtils.java:logGet(46)) - raft.server.log.segment.size.max = 8MB (=8388608) (default)
2023-08-28 07:17:59,679 [s1-groupManagement] INFO  server.RaftServerConfigKeys (ConfUtils.java:logGet(46)) - raft.server.log.preallocated.size = 4MB (=4194304) (default)
2023-08-28 07:17:59,679 [s1-groupManagement] INFO  server.RaftServerConfigKeys (ConfUtils.java:logGet(46)) - raft.server.log.force.sync.num = 128 (default)
2023-08-28 07:17:59,679 [s1-groupManagement] INFO  server.RaftServerConfigKeys (ConfUtils.java:logGet(46)) - raft.server.log.statemachine.data.sync = true (default)
2023-08-28 07:17:59,679 [s1-groupManagement] INFO  server.RaftServerConfigKeys (ConfUtils.java:logGet(46)) - raft.server.log.statemachine.data.sync.timeout = 10s (default)
2023-08-28 07:17:59,679 [s1-groupManagement] INFO  server.RaftServerConfigKeys (ConfUtils.java:logGet(46)) - raft.server.log.statemachine.data.sync.timeout.retry = -1 (default)
2023-08-28 07:17:59,679 [s1-groupManagement] INFO  server.RaftServerConfigKeys (ConfUtils.java:logGet(46)) - raft.server.log.write.buffer.size = 64KB (=65536) (default)
2023-08-28 07:17:59,679 [s1-groupManagement] INFO  server.RaftServerConfigKeys (ConfUtils.java:logGet(46)) - raft.server.log.appender.buffer.byte-limit = 4MB (=4194304) (default)
2023-08-28 07:17:59,680 [s1-groupManagement] INFO  server.RaftServerConfigKeys (ConfUtils.java:logGet(46)) - raft.server.log.unsafe-flush.enabled = false (default)
2023-08-28 07:17:59,680 [s1-groupManagement] INFO  server.RaftServerConfigKeys (ConfUtils.java:logGet(46)) - raft.server.log.async-flush.enabled = false (default)
2023-08-28 07:17:59,680 [s1-groupManagement] INFO  server.RaftServerConfigKeys (ConfUtils.java:logGet(46)) - raft.server.log.statemachine.data.caching.enabled = false (default)
2023-08-28 07:17:59,680 [s1-groupManagement] INFO  segmented.SegmentedRaftLogWorker (SegmentedRaftLogWorker.java:lambda$new$0(134)) - s1@group-6B83B4D95946-SegmentedRaftLogWorker: flushIndex: setUnconditionally 0 -> -1
2023-08-28 07:17:59,680 [s1-groupManagement] INFO  segmented.SegmentedRaftLogWorker (SegmentedRaftLogWorker.java:lambda$new$0(134)) - s1@group-6B83B4D95946-SegmentedRaftLogWorker: safeCacheEvictIndex: setUnconditionally 0 -> -1
2023-08-28 07:17:59,684 [s1-groupManagement] INFO  server.RaftServer$Division (RaftServerImpl.java:start(390)) - s1@group-6B83B4D95946: start with initializing state, conf=-1: peers:[]|listeners:[], old=null
2023-08-28 07:17:59,684 [s1-groupManagement] INFO  server.RaftServer$Division (RaftServerImpl.java:setRole(371)) - s1@group-6B83B4D95946: changes role from      null to FOLLOWER at term 0 for startInitializing
2023-08-28 07:17:59,684 [s1-groupManagement] INFO  util.JmxRegister (JmxRegister.java:tryRegister(44)) - Successfully registered JMX Bean with object name Ratis:service=RaftServer,group=group-6B83B4D95946,id=s1
2023-08-28 07:17:59,684 [s1-groupManagement] INFO  server.RaftServerConfigKeys (ConfUtils.java:logGet(46)) - raft.server.snapshot.trigger-when-stop.enabled = true (default)
2023-08-28 07:17:59,684 [s1-groupManagement] INFO  server.RaftServerConfigKeys (ConfUtils.java:logGet(46)) - raft.server.snapshot.auto.trigger.enabled = false (default)
2023-08-28 07:17:59,684 [s1-groupManagement] INFO  server.RaftServerConfigKeys (ConfUtils.java:logGet(46)) - raft.server.snapshot.retention.file.num = -1 (default)
2023-08-28 07:17:59,684 [s1-groupManagement] INFO  server.RaftServerConfigKeys (ConfUtils.java:logGet(46)) - raft.server.log.purge.upto.snapshot.index = false (default)
2023-08-28 07:17:59,703 [Time-limited test] DEBUG client.RaftClient (ConfUtils.java:logGet(46)) - raft.rpc.type = NETTY (custom)
2023-08-28 07:17:59,709 [nioEventLoopGroup-86-1] INFO  logging.LoggingHandler (AbstractInternalLogger.java:log(148)) - [id: 0xdebe14a1, L:/0.0.0.0:46017] READ: [id: 0xd13e10d2, L:/10.1.0.28:46017 - R:/10.1.0.28:56106]
2023-08-28 07:17:59,709 [nioEventLoopGroup-86-1] INFO  logging.LoggingHandler (AbstractInternalLogger.java:log(148)) - [id: 0xdebe14a1, L:/0.0.0.0:46017] READ COMPLETE
2023-08-28 07:17:59,711 [s2-groupManagement] INFO  server.RaftServer$Division (RaftServerImpl.java:<init>(250)) - s2: new RaftServerImpl for group-6B83B4D95946:[] with BaseStateMachine:uninitialized
2023-08-28 07:17:59,711 [s2-groupManagement] INFO  server.RaftServerConfigKeys (ConfUtils.java:logGet(46)) - raft.server.rpc.timeout.min = 1500ms (custom)
2023-08-28 07:17:59,711 [s2-groupManagement] INFO  server.RaftServerConfigKeys (ConfUtils.java:logGet(46)) - raft.server.rpc.timeout.max = 2000ms (custom)
2023-08-28 07:17:59,711 [s2-groupManagement] INFO  server.RaftServerConfigKeys (ConfUtils.java:logGet(46)) - raft.server.rpc.sleep.time = 25ms (default)
2023-08-28 07:17:59,711 [s2-groupManagement] INFO  server.RaftServerConfigKeys (ConfUtils.java:logGet(46)) - raft.server.rpc.slowness.timeout = 60s (default)
2023-08-28 07:17:59,711 [s2-groupManagement] INFO  server.RaftServerConfigKeys (ConfUtils.java:logGet(46)) - raft.server.leaderelection.leader.step-down.wait-time = 10s (default)
2023-08-28 07:17:59,711 [s2-groupManagement] INFO  server.RaftServerConfigKeys (ConfUtils.java:logGet(46)) - raft.server.sleep.deviation.threshold = 300ms (default)
2023-08-28 07:17:59,711 [s2-groupManagement] INFO  server.RaftServer$Division (ServerState.java:<init>(113)) - s2@group-6B83B4D95946: ConfigurationManager, init=-1: peers:[]|listeners:[], old=null, confs=<EMPTY_MAP>
2023-08-28 07:17:59,711 [s2-groupManagement] INFO  server.RaftServerConfigKeys (ConfUtils.java:logGet(46)) - raft.server.notification.no-leader.timeout = 60s (default)
2023-08-28 07:17:59,711 [s2-groupManagement] INFO  server.RaftServerConfigKeys (ConfUtils.java:logGet(46)) - raft.server.read.timeout = 10s (default)
2023-08-28 07:17:59,711 [s2-groupManagement] INFO  server.RaftServerConfigKeys (ConfUtils.java:logGet(46)) - raft.server.retrycache.expirytime = 60s (default)
2023-08-28 07:17:59,711 [s2-groupManagement] INFO  server.RaftServerConfigKeys (ConfUtils.java:logGet(46)) - raft.server.retrycache.statistics.expirytime = 100μs (default)
2023-08-28 07:17:59,711 [s2-groupManagement] INFO  server.RaftServerConfigKeys (ConfUtils.java:logGet(46)) - raft.server.read.option = DEFAULT (default)
2023-08-28 07:17:59,712 [s2-groupManagement] INFO  server.RaftServerConfigKeys (ConfUtils.java:logGet(46)) - raft.server.rpc.request.timeout = 3000ms (default)
2023-08-28 07:17:59,712 [s2-groupManagement] INFO  server.RaftServerConfigKeys (ConfUtils.java:logGet(46)) - raft.server.log.appender.install.snapshot.enabled = true (default)
2023-08-28 07:17:59,712 [s2-groupManagement] INFO  server.RaftServerConfigKeys (ConfUtils.java:logGet(46)) - raft.server.threadpool.server.cached = true (default)
2023-08-28 07:17:59,712 [s2-groupManagement] INFO  server.RaftServerConfigKeys (ConfUtils.java:logGet(46)) - raft.server.threadpool.server.size = 0 (default)
2023-08-28 07:17:59,712 [s2-groupManagement] INFO  server.RaftServerConfigKeys (ConfUtils.java:logGet(46)) - raft.server.threadpool.client.cached = true (default)
2023-08-28 07:17:59,712 [s2-groupManagement] INFO  server.RaftServerConfigKeys (ConfUtils.java:logGet(46)) - raft.server.threadpool.client.size = 0 (default)
2023-08-28 07:17:59,712 [nioEventLoopGroup-87-3] INFO  server.RaftServer (RaftServerProxy.java:addNew(99)) - s2: addNew group-6B83B4D95946:[] returns      null s2@group-6B83B4D95946:t0, leader=null, voted=null, raftlog=UNINITIALIZED, conf=-1: peers:[]|listeners:[], old=null NEW
2023-08-28 07:17:59,712 [s2-groupManagement] DEBUG server.RaftServer (RaftServerProxy.java:lambda$groupAddAsync$11(505)) - s2: newImpl =      null s2@group-6B83B4D95946:t0, leader=null, voted=null, raftlog=UNINITIALIZED, conf=-1: peers:[]|listeners:[], old=null NEW
2023-08-28 07:17:59,712 [s2-groupManagement] INFO  server.RaftServerConfigKeys (ConfUtils.java:logGet(46)) - raft.server.storage.free-space.min = 0MB (=0) (default)
2023-08-28 07:17:59,712 [s2-groupManagement] INFO  server.RaftServerConfigKeys (ConfUtils.java:logGet(46)) - raft.server.log.corruption.policy = EXCEPTION (default)
2023-08-28 07:17:59,712 [s2-groupManagement] INFO  server.RaftServerConfigKeys (ConfUtils.java:logGet(46)) - raft.server.storage.dir = [/home/runner/work/ratis/ratis/ratis-test/target/test/data/c5bbf9cd/MiniRaftClusterWithNetty9d0d4a8/s2] (custom)
2023-08-28 07:17:59,713 [s2-groupManagement] INFO  storage.RaftStorageDirectory (RaftStorageDirectoryImpl.java:analyzeStorage(138)) - The storage directory /home/runner/work/ratis/ratis/ratis-test/target/test/data/c5bbf9cd/MiniRaftClusterWithNetty9d0d4a8/s2/a97969aa-6f2f-49fd-9492-6b83b4d95946 does not exist. Creating ...
2023-08-28 07:17:59,713 [s2-groupManagement] TRACE util.FileUtils (LogUtils.java:runAndLog(49)) - Successfully ran Files.createDirectories /home/runner/work/ratis/ratis/ratis-test/target/test/data/c5bbf9cd/MiniRaftClusterWithNetty9d0d4a8/s2/a97969aa-6f2f-49fd-9492-6b83b4d95946
2023-08-28 07:17:59,714 [s2-groupManagement] INFO  storage.RaftStorageDirectory (RaftStorageDirectoryImpl.java:tryLock(232)) - Lock on /home/runner/work/ratis/ratis/ratis-test/target/test/data/c5bbf9cd/MiniRaftClusterWithNetty9d0d4a8/s2/a97969aa-6f2f-49fd-9492-6b83b4d95946/in_use.lock acquired by nodename 7908@fv-az1033-516
2023-08-28 07:17:59,714 [s2-groupManagement] TRACE util.FileUtils (LogUtils.java:runAndLog(49)) - Successfully ran Files.createDirectories /home/runner/work/ratis/ratis/ratis-test/target/test/data/c5bbf9cd/MiniRaftClusterWithNetty9d0d4a8/s2/a97969aa-6f2f-49fd-9492-6b83b4d95946/current
2023-08-28 07:17:59,714 [s2-groupManagement] TRACE util.FileUtils (LogUtils.java:runAndLog(49)) - Successfully ran Files.createDirectories /home/runner/work/ratis/ratis/ratis-test/target/test/data/c5bbf9cd/MiniRaftClusterWithNetty9d0d4a8/s2/a97969aa-6f2f-49fd-9492-6b83b4d95946/sm
2023-08-28 07:17:59,715 [s2-groupManagement] INFO  storage.RaftStorage (RaftStorageImpl.java:format(97)) - Storage directory /home/runner/work/ratis/ratis/ratis-test/target/test/data/c5bbf9cd/MiniRaftClusterWithNetty9d0d4a8/s2/a97969aa-6f2f-49fd-9492-6b83b4d95946 has been successfully formatted.
2023-08-28 07:17:59,715 [s2-groupManagement] INFO  server.RaftServerConfigKeys (ConfUtils.java:logGet(46)) - raft.server.log.use.memory = false (default)
2023-08-28 07:17:59,715 [s2-groupManagement] INFO  server.RaftServerConfigKeys (ConfUtils.java:logGet(46)) - raft.server.log.purge.gap = 1024 (default)
2023-08-28 07:17:59,715 [s2-groupManagement] INFO  server.RaftServerConfigKeys (ConfUtils.java:logGet(46)) - raft.server.log.appender.buffer.byte-limit = 4MB (=4194304) (default)
2023-08-28 07:17:59,715 [s2-groupManagement] INFO  server.RaftServerConfigKeys (ConfUtils.java:logGet(46)) - raft.server.log.statemachine.data.read.timeout = 1000ms (default)
2023-08-28 07:17:59,716 [s2-groupManagement] INFO  server.RaftServerConfigKeys (ConfUtils.java:logGet(46)) - raft.server.log.purge.preservation.log.num = 0 (default)
2023-08-28 07:17:59,716 [s2-groupManagement] INFO  server.RaftServerConfigKeys (ConfUtils.java:logGet(46)) - raft.server.log.segment.size.max = 8MB (=8388608) (default)
2023-08-28 07:17:59,716 [s2-groupManagement] INFO  server.RaftServerConfigKeys (ConfUtils.java:logGet(46)) - raft.server.log.segment.cache.num.max = 6 (default)
2023-08-28 07:17:59,716 [s2-groupManagement] INFO  server.RaftServerConfigKeys (ConfUtils.java:logGet(46)) - raft.server.log.segment.cache.size.max = 200MB (=209715200) (default)
2023-08-28 07:17:59,716 [s2-groupManagement] INFO  server.RaftServerConfigKeys (ConfUtils.java:logGet(46)) - raft.server.log.appender.buffer.byte-limit = 4MB (=4194304) (default)
2023-08-28 07:17:59,716 [s2-groupManagement] INFO  segmented.SegmentedRaftLogWorker (SegmentedRaftLogWorker.java:<init>(183)) - new s2@group-6B83B4D95946-SegmentedRaftLogWorker for RaftStorageImpl:Storage Directory /home/runner/work/ratis/ratis/ratis-test/target/test/data/c5bbf9cd/MiniRaftClusterWithNetty9d0d4a8/s2/a97969aa-6f2f-49fd-9492-6b83b4d95946
2023-08-28 07:17:59,716 [s2-groupManagement] INFO  server.RaftServerConfigKeys (ConfUtils.java:logGet(46)) - raft.server.log.queue.byte-limit = 64MB (=67108864) (default)
2023-08-28 07:17:59,716 [s2-groupManagement] INFO  server.RaftServerConfigKeys (ConfUtils.java:logGet(46)) - raft.server.log.queue.element-limit = 4096 (default)
2023-08-28 07:17:59,716 [s2-groupManagement] INFO  server.RaftServerConfigKeys (ConfUtils.java:logGet(46)) - raft.server.log.segment.size.max = 8MB (=8388608) (default)
2023-08-28 07:17:59,716 [s2-groupManagement] INFO  server.RaftServerConfigKeys (ConfUtils.java:logGet(46)) - raft.server.log.preallocated.size = 4MB (=4194304) (default)
2023-08-28 07:17:59,716 [s2-groupManagement] INFO  server.RaftServerConfigKeys (ConfUtils.java:logGet(46)) - raft.server.log.force.sync.num = 128 (default)
2023-08-28 07:17:59,716 [s2-groupManagement] INFO  server.RaftServerConfigKeys (ConfUtils.java:logGet(46)) - raft.server.log.statemachine.data.sync = true (default)
2023-08-28 07:17:59,716 [s2-groupManagement] INFO  server.RaftServerConfigKeys (ConfUtils.java:logGet(46)) - raft.server.log.statemachine.data.sync.timeout = 10s (default)
2023-08-28 07:17:59,719 [s2-groupManagement] INFO  server.RaftServerConfigKeys (ConfUtils.java:logGet(46)) - raft.server.log.statemachine.data.sync.timeout.retry = -1 (default)
2023-08-28 07:17:59,719 [s2-groupManagement] INFO  server.RaftServerConfigKeys (ConfUtils.java:logGet(46)) - raft.server.log.write.buffer.size = 64KB (=65536) (default)
2023-08-28 07:17:59,719 [s2-groupManagement] INFO  server.RaftServerConfigKeys (ConfUtils.java:logGet(46)) - raft.server.log.appender.buffer.byte-limit = 4MB (=4194304) (default)
2023-08-28 07:17:59,722 [s2-groupManagement] INFO  server.RaftServerConfigKeys (ConfUtils.java:logGet(46)) - raft.server.log.unsafe-flush.enabled = false (default)
2023-08-28 07:17:59,722 [s2-groupManagement] INFO  server.RaftServerConfigKeys (ConfUtils.java:logGet(46)) - raft.server.log.async-flush.enabled = false (default)
2023-08-28 07:17:59,722 [s2-groupManagement] INFO  server.RaftServerConfigKeys (ConfUtils.java:logGet(46)) - raft.server.log.statemachine.data.caching.enabled = false (default)
2023-08-28 07:17:59,722 [s2-groupManagement] INFO  segmented.SegmentedRaftLogWorker (SegmentedRaftLogWorker.java:lambda$new$0(134)) - s2@group-6B83B4D95946-SegmentedRaftLogWorker: flushIndex: setUnconditionally 0 -> -1
2023-08-28 07:17:59,722 [s2-groupManagement] INFO  segmented.SegmentedRaftLogWorker (SegmentedRaftLogWorker.java:lambda$new$0(134)) - s2@group-6B83B4D95946-SegmentedRaftLogWorker: safeCacheEvictIndex: setUnconditionally 0 -> -1
2023-08-28 07:17:59,733 [s2-groupManagement] INFO  server.RaftServer$Division (RaftServerImpl.java:start(390)) - s2@group-6B83B4D95946: start with initializing state, conf=-1: peers:[]|listeners:[], old=null
2023-08-28 07:17:59,733 [s2-groupManagement] INFO  server.RaftServer$Division (RaftServerImpl.java:setRole(371)) - s2@group-6B83B4D95946: changes role from      null to FOLLOWER at term 0 for startInitializing
2023-08-28 07:17:59,733 [s2-groupManagement] INFO  util.JmxRegister (JmxRegister.java:tryRegister(44)) - Successfully registered JMX Bean with object name Ratis:service=RaftServer,group=group-6B83B4D95946,id=s2
2023-08-28 07:17:59,733 [s2-groupManagement] INFO  server.RaftServerConfigKeys (ConfUtils.java:logGet(46)) - raft.server.snapshot.trigger-when-stop.enabled = true (default)
2023-08-28 07:17:59,733 [s2-groupManagement] INFO  server.RaftServerConfigKeys (ConfUtils.java:logGet(46)) - raft.server.snapshot.auto.trigger.enabled = false (default)
2023-08-28 07:17:59,733 [s2-groupManagement] INFO  server.RaftServerConfigKeys (ConfUtils.java:logGet(46)) - raft.server.snapshot.retention.file.num = -1 (default)
2023-08-28 07:17:59,733 [s2-groupManagement] INFO  server.RaftServerConfigKeys (ConfUtils.java:logGet(46)) - raft.server.log.purge.upto.snapshot.index = false (default)
2023-08-28 07:17:59,771 [Time-limited test] INFO  impl.GroupManagementBaseTest (GroupManagementBaseTest.java:runMultiGroupTest(322)) - 1) groupAdd: printing group-C45DAFA80DA3
2023-08-28 07:17:59,771 [Time-limited test] DEBUG client.RaftClient (ConfUtils.java:logGet(46)) - raft.rpc.type = NETTY (custom)
2023-08-28 07:17:59,773 [nioEventLoopGroup-96-1] INFO  logging.LoggingHandler (AbstractInternalLogger.java:log(148)) - [id: 0x34e461c6, L:/0.0.0.0:35717] READ: [id: 0xcba668d5, L:/10.1.0.28:35717 - R:/10.1.0.28:48718]
2023-08-28 07:17:59,773 [nioEventLoopGroup-96-1] INFO  logging.LoggingHandler (AbstractInternalLogger.java:log(148)) - [id: 0x34e461c6, L:/0.0.0.0:35717] READ COMPLETE
2023-08-28 07:17:59,774 [s5-groupManagement] INFO  server.RaftServer$Division (RaftServerImpl.java:<init>(250)) - s5: new RaftServerImpl for group-6B83B4D95946:[] with BaseStateMachine:uninitialized
2023-08-28 07:17:59,774 [s5-groupManagement] INFO  server.RaftServerConfigKeys (ConfUtils.java:logGet(46)) - raft.server.rpc.timeout.min = 1500ms (custom)
2023-08-28 07:17:59,774 [s5-groupManagement] INFO  server.RaftServerConfigKeys (ConfUtils.java:logGet(46)) - raft.server.rpc.timeout.max = 2000ms (custom)
2023-08-28 07:17:59,774 [s5-groupManagement] INFO  server.RaftServerConfigKeys (ConfUtils.java:logGet(46)) - raft.server.rpc.sleep.time = 25ms (default)
2023-08-28 07:17:59,774 [s5-groupManagement] INFO  server.RaftServerConfigKeys (ConfUtils.java:logGet(46)) - raft.server.rpc.slowness.timeout = 60s (default)
2023-08-28 07:17:59,774 [s5-groupManagement] INFO  server.RaftServerConfigKeys (ConfUtils.java:logGet(46)) - raft.server.leaderelection.leader.step-down.wait-time = 10s (default)
2023-08-28 07:17:59,774 [s5-groupManagement] INFO  server.RaftServerConfigKeys (ConfUtils.java:logGet(46)) - raft.server.sleep.deviation.threshold = 300ms (default)
2023-08-28 07:17:59,774 [s5-groupManagement] INFO  server.RaftServer$Division (ServerState.java:<init>(113)) - s5@group-6B83B4D95946: ConfigurationManager, init=-1: peers:[]|listeners:[], old=null, confs=<EMPTY_MAP>
2023-08-28 07:17:59,774 [s5-groupManagement] INFO  server.RaftServerConfigKeys (ConfUtils.java:logGet(46)) - raft.server.notification.no-leader.timeout = 60s (default)
2023-08-28 07:17:59,774 [s5-groupManagement] INFO  server.RaftServerConfigKeys (ConfUtils.java:logGet(46)) - raft.server.read.timeout = 10s (default)
2023-08-28 07:17:59,774 [s5-groupManagement] INFO  server.RaftServerConfigKeys (ConfUtils.java:logGet(46)) - raft.server.retrycache.expirytime = 60s (default)
2023-08-28 07:17:59,774 [s5-groupManagement] INFO  server.RaftServerConfigKeys (ConfUtils.java:logGet(46)) - raft.server.retrycache.statistics.expirytime = 100μs (default)
2023-08-28 07:17:59,774 [s5-groupManagement] INFO  server.RaftServerConfigKeys (ConfUtils.java:logGet(46)) - raft.server.read.option = DEFAULT (default)
2023-08-28 07:17:59,774 [s5-groupManagement] INFO  server.RaftServerConfigKeys (ConfUtils.java:logGet(46)) - raft.server.rpc.request.timeout = 3000ms (default)
2023-08-28 07:17:59,774 [s5-groupManagement] INFO  server.RaftServerConfigKeys (ConfUtils.java:logGet(46)) - raft.server.log.appender.install.snapshot.enabled = true (default)
2023-08-28 07:17:59,775 [s5-groupManagement] INFO  server.RaftServerConfigKeys (ConfUtils.java:logGet(46)) - raft.server.threadpool.server.cached = true (default)
2023-08-28 07:17:59,775 [s5-groupManagement] INFO  server.RaftServerConfigKeys (ConfUtils.java:logGet(46)) - raft.server.threadpool.server.size = 0 (default)
2023-08-28 07:17:59,775 [s5-groupManagement] INFO  server.RaftServerConfigKeys (ConfUtils.java:logGet(46)) - raft.server.threadpool.client.cached = true (default)
2023-08-28 07:17:59,775 [s5-groupManagement] INFO  server.RaftServerConfigKeys (ConfUtils.java:logGet(46)) - raft.server.threadpool.client.size = 0 (default)
2023-08-28 07:17:59,775 [nioEventLoopGroup-97-4] INFO  server.RaftServer (RaftServerProxy.java:addNew(99)) - s5: addNew group-6B83B4D95946:[] returns      null s5@group-6B83B4D95946:t0, leader=null, voted=null, raftlog=UNINITIALIZED, conf=-1: peers:[]|listeners:[], old=null NEW
2023-08-28 07:17:59,775 [s5-groupManagement] DEBUG server.RaftServer (RaftServerProxy.java:lambda$groupAddAsync$11(505)) - s5: newImpl =      null s5@group-6B83B4D95946:t0, leader=null, voted=null, raftlog=UNINITIALIZED, conf=-1: peers:[]|listeners:[], old=null NEW
2023-08-28 07:17:59,775 [s5-groupManagement] INFO  server.RaftServerConfigKeys (ConfUtils.java:logGet(46)) - raft.server.storage.free-space.min = 0MB (=0) (default)
2023-08-28 07:17:59,775 [s5-groupManagement] INFO  server.RaftServerConfigKeys (ConfUtils.java:logGet(46)) - raft.server.log.corruption.policy = EXCEPTION (default)
2023-08-28 07:17:59,775 [s5-groupManagement] INFO  server.RaftServerConfigKeys (ConfUtils.java:logGet(46)) - raft.server.storage.dir = [/home/runner/work/ratis/ratis/ratis-test/target/test/data/c5bbf9cd/MiniRaftClusterWithNetty9d0d4a8/s5] (custom)
2023-08-28 07:17:59,775 [s5-groupManagement] INFO  storage.RaftStorageDirectory (RaftStorageDirectoryImpl.java:analyzeStorage(138)) - The storage directory /home/runner/work/ratis/ratis/ratis-test/target/test/data/c5bbf9cd/MiniRaftClusterWithNetty9d0d4a8/s5/a97969aa-6f2f-49fd-9492-6b83b4d95946 does not exist. Creating ...
2023-08-28 07:17:59,775 [s5-groupManagement] TRACE util.FileUtils (LogUtils.java:runAndLog(49)) - Successfully ran Files.createDirectories /home/runner/work/ratis/ratis/ratis-test/target/test/data/c5bbf9cd/MiniRaftClusterWithNetty9d0d4a8/s5/a97969aa-6f2f-49fd-9492-6b83b4d95946
2023-08-28 07:17:59,776 [s5-groupManagement] INFO  storage.RaftStorageDirectory (RaftStorageDirectoryImpl.java:tryLock(232)) - Lock on /home/runner/work/ratis/ratis/ratis-test/target/test/data/c5bbf9cd/MiniRaftClusterWithNetty9d0d4a8/s5/a97969aa-6f2f-49fd-9492-6b83b4d95946/in_use.lock acquired by nodename 7908@fv-az1033-516
2023-08-28 07:17:59,776 [s5-groupManagement] TRACE util.FileUtils (LogUtils.java:runAndLog(49)) - Successfully ran Files.createDirectories /home/runner/work/ratis/ratis/ratis-test/target/test/data/c5bbf9cd/MiniRaftClusterWithNetty9d0d4a8/s5/a97969aa-6f2f-49fd-9492-6b83b4d95946/current
2023-08-28 07:17:59,777 [s5-groupManagement] TRACE util.FileUtils (LogUtils.java:runAndLog(49)) - Successfully ran Files.createDirectories /home/runner/work/ratis/ratis/ratis-test/target/test/data/c5bbf9cd/MiniRaftClusterWithNetty9d0d4a8/s5/a97969aa-6f2f-49fd-9492-6b83b4d95946/sm
2023-08-28 07:17:59,777 [s5-groupManagement] INFO  storage.RaftStorage (RaftStorageImpl.java:format(97)) - Storage directory /home/runner/work/ratis/ratis/ratis-test/target/test/data/c5bbf9cd/MiniRaftClusterWithNetty9d0d4a8/s5/a97969aa-6f2f-49fd-9492-6b83b4d95946 has been successfully formatted.
2023-08-28 07:17:59,777 [s5-groupManagement] INFO  server.RaftServerConfigKeys (ConfUtils.java:logGet(46)) - raft.server.log.use.memory = false (default)
2023-08-28 07:17:59,777 [s5-groupManagement] INFO  server.RaftServerConfigKeys (ConfUtils.java:logGet(46)) - raft.server.log.purge.gap = 1024 (default)
2023-08-28 07:17:59,777 [s5-groupManagement] INFO  server.RaftServerConfigKeys (ConfUtils.java:logGet(46)) - raft.server.log.appender.buffer.byte-limit = 4MB (=4194304) (default)
2023-08-28 07:17:59,777 [s5-groupManagement] INFO  server.RaftServerConfigKeys (ConfUtils.java:logGet(46)) - raft.server.log.statemachine.data.read.timeout = 1000ms (default)
2023-08-28 07:17:59,778 [s5-groupManagement] INFO  server.RaftServerConfigKeys (ConfUtils.java:logGet(46)) - raft.server.log.purge.preservation.log.num = 0 (default)
2023-08-28 07:17:59,778 [s5-groupManagement] INFO  server.RaftServerConfigKeys (ConfUtils.java:logGet(46)) - raft.server.log.segment.size.max = 8MB (=8388608) (default)
2023-08-28 07:17:59,778 [s5-groupManagement] INFO  server.RaftServerConfigKeys (ConfUtils.java:logGet(46)) - raft.server.log.segment.cache.num.max = 6 (default)
2023-08-28 07:17:59,778 [s5-groupManagement] INFO  server.RaftServerConfigKeys (ConfUtils.java:logGet(46)) - raft.server.log.segment.cache.size.max = 200MB (=209715200) (default)
2023-08-28 07:17:59,778 [s5-groupManagement] INFO  server.RaftServerConfigKeys (ConfUtils.java:logGet(46)) - raft.server.log.appender.buffer.byte-limit = 4MB (=4194304) (default)
2023-08-28 07:17:59,778 [s5-groupManagement] INFO  segmented.SegmentedRaftLogWorker (SegmentedRaftLogWorker.java:<init>(183)) - new s5@group-6B83B4D95946-SegmentedRaftLogWorker for RaftStorageImpl:Storage Directory /home/runner/work/ratis/ratis/ratis-test/target/test/data/c5bbf9cd/MiniRaftClusterWithNetty9d0d4a8/s5/a97969aa-6f2f-49fd-9492-6b83b4d95946
2023-08-28 07:17:59,778 [s5-groupManagement] INFO  server.RaftServerConfigKeys (ConfUtils.java:logGet(46)) - raft.server.log.queue.byte-limit = 64MB (=67108864) (default)
2023-08-28 07:17:59,778 [s5-groupManagement] INFO  server.RaftServerConfigKeys (ConfUtils.java:logGet(46)) - raft.server.log.queue.element-limit = 4096 (default)
2023-08-28 07:17:59,778 [s5-groupManagement] INFO  server.RaftServerConfigKeys (ConfUtils.java:logGet(46)) - raft.server.log.segment.size.max = 8MB (=8388608) (default)
2023-08-28 07:17:59,778 [s5-groupManagement] INFO  server.RaftServerConfigKeys (ConfUtils.java:logGet(46)) - raft.server.log.preallocated.size = 4MB (=4194304) (default)
2023-08-28 07:17:59,778 [s5-groupManagement] INFO  server.RaftServerConfigKeys (ConfUtils.java:logGet(46)) - raft.server.log.force.sync.num = 128 (default)
2023-08-28 07:17:59,778 [s5-groupManagement] INFO  server.RaftServerConfigKeys (ConfUtils.java:logGet(46)) - raft.server.log.statemachine.data.sync = true (default)
2023-08-28 07:17:59,778 [s5-groupManagement] INFO  server.RaftServerConfigKeys (ConfUtils.java:logGet(46)) - raft.server.log.statemachine.data.sync.timeout = 10s (default)
2023-08-28 07:17:59,778 [s5-groupManagement] INFO  server.RaftServerConfigKeys (ConfUtils.java:logGet(46)) - raft.server.log.statemachine.data.sync.timeout.retry = -1 (default)
2023-08-28 07:17:59,778 [s5-groupManagement] INFO  server.RaftServerConfigKeys (ConfUtils.java:logGet(46)) - raft.server.log.write.buffer.size = 64KB (=65536) (default)
2023-08-28 07:17:59,778 [s5-groupManagement] INFO  server.RaftServerConfigKeys (ConfUtils.java:logGet(46)) - raft.server.log.appender.buffer.byte-limit = 4MB (=4194304) (default)
2023-08-28 07:17:59,784 [s5-groupManagement] INFO  server.RaftServerConfigKeys (ConfUtils.java:logGet(46)) - raft.server.log.unsafe-flush.enabled = false (default)
2023-08-28 07:17:59,784 [s5-groupManagement] INFO  server.RaftServerConfigKeys (ConfUtils.java:logGet(46)) - raft.server.log.async-flush.enabled = false (default)
2023-08-28 07:17:59,784 [s5-groupManagement] INFO  server.RaftServerConfigKeys (ConfUtils.java:logGet(46)) - raft.server.log.statemachine.data.caching.enabled = false (default)
2023-08-28 07:17:59,785 [s5-groupManagement] INFO  segmented.SegmentedRaftLogWorker (SegmentedRaftLogWorker.java:lambda$new$0(134)) - s5@group-6B83B4D95946-SegmentedRaftLogWorker: flushIndex: setUnconditionally 0 -> -1
2023-08-28 07:17:59,785 [s5-groupManagement] INFO  segmented.SegmentedRaftLogWorker (SegmentedRaftLogWorker.java:lambda$new$0(134)) - s5@group-6B83B4D95946-SegmentedRaftLogWorker: safeCacheEvictIndex: setUnconditionally 0 -> -1
2023-08-28 07:17:59,792 [s5-groupManagement] INFO  server.RaftServer$Division (RaftServerImpl.java:start(390)) - s5@group-6B83B4D95946: start with initializing state, conf=-1: peers:[]|listeners:[], old=null
2023-08-28 07:17:59,792 [s5-groupManagement] INFO  server.RaftServer$Division (RaftServerImpl.java:setRole(371)) - s5@group-6B83B4D95946: changes role from      null to FOLLOWER at term 0 for startInitializing
2023-08-28 07:17:59,792 [s5-groupManagement] INFO  util.JmxRegister (JmxRegister.java:tryRegister(44)) - Successfully registered JMX Bean with object name Ratis:service=RaftServer,group=group-6B83B4D95946,id=s5
2023-08-28 07:17:59,792 [s5-groupManagement] INFO  server.RaftServerConfigKeys (ConfUtils.java:logGet(46)) - raft.server.snapshot.trigger-when-stop.enabled = true (default)
2023-08-28 07:17:59,792 [s5-groupManagement] INFO  server.RaftServerConfigKeys (ConfUtils.java:logGet(46)) - raft.server.snapshot.auto.trigger.enabled = false (default)
2023-08-28 07:17:59,792 [s5-groupManagement] INFO  server.RaftServerConfigKeys (ConfUtils.java:logGet(46)) - raft.server.snapshot.retention.file.num = -1 (default)
2023-08-28 07:17:59,792 [s5-groupManagement] INFO  server.RaftServerConfigKeys (ConfUtils.java:logGet(46)) - raft.server.log.purge.upto.snapshot.index = false (default)
2023-08-28 07:17:59,799 [Time-limited test] DEBUG client.RaftClient (ConfUtils.java:logGet(46)) - raft.rpc.type = NETTY (custom)
2023-08-28 07:17:59,800 [nioEventLoopGroup-99-1] INFO  logging.LoggingHandler (AbstractInternalLogger.java:log(148)) - [id: 0x4c645ac6, L:/0.0.0.0:46025] READ: [id: 0xc971a62d, L:/10.1.0.28:46025 - R:/10.1.0.28:54914]
2023-08-28 07:17:59,801 [nioEventLoopGroup-99-1] INFO  logging.LoggingHandler (AbstractInternalLogger.java:log(148)) - [id: 0x4c645ac6, L:/0.0.0.0:46025] READ COMPLETE
2023-08-28 07:17:59,802 [nioEventLoopGroup-100-4] INFO  server.RaftServer (RaftServerProxy.java:addNew(99)) - s6: addNew group-6B83B4D95946:[] returns group-6B83B4D95946:java.util.concurrent.CompletableFuture@1d3de7cc[Not completed]
2023-08-28 07:17:59,802 [s6-groupManagement] INFO  server.RaftServer$Division (RaftServerImpl.java:<init>(250)) - s6: new RaftServerImpl for group-6B83B4D95946:[] with BaseStateMachine:uninitialized
2023-08-28 07:17:59,802 [s6-groupManagement] INFO  server.RaftServerConfigKeys (ConfUtils.java:logGet(46)) - raft.server.rpc.timeout.min = 1500ms (custom)
2023-08-28 07:17:59,802 [s6-groupManagement] INFO  server.RaftServerConfigKeys (ConfUtils.java:logGet(46)) - raft.server.rpc.timeout.max = 2000ms (custom)
2023-08-28 07:17:59,802 [s6-groupManagement] INFO  server.RaftServerConfigKeys (ConfUtils.java:logGet(46)) - raft.server.rpc.sleep.time = 25ms (default)
2023-08-28 07:17:59,802 [s6-groupManagement] INFO  server.RaftServerConfigKeys (ConfUtils.java:logGet(46)) - raft.server.rpc.slowness.timeout = 60s (default)
2023-08-28 07:17:59,802 [s6-groupManagement] INFO  server.RaftServerConfigKeys (ConfUtils.java:logGet(46)) - raft.server.leaderelection.leader.step-down.wait-time = 10s (default)
2023-08-28 07:17:59,802 [s6-groupManagement] INFO  server.RaftServerConfigKeys (ConfUtils.java:logGet(46)) - raft.server.sleep.deviation.threshold = 300ms (default)
2023-08-28 07:17:59,802 [s6-groupManagement] INFO  server.RaftServer$Division (ServerState.java:<init>(113)) - s6@group-6B83B4D95946: ConfigurationManager, init=-1: peers:[]|listeners:[], old=null, confs=<EMPTY_MAP>
2023-08-28 07:17:59,802 [s6-groupManagement] INFO  server.RaftServerConfigKeys (ConfUtils.java:logGet(46)) - raft.server.notification.no-leader.timeout = 60s (default)
2023-08-28 07:17:59,802 [s6-groupManagement] INFO  server.RaftServerConfigKeys (ConfUtils.java:logGet(46)) - raft.server.read.timeout = 10s (default)
2023-08-28 07:17:59,802 [s6-groupManagement] INFO  server.RaftServerConfigKeys (ConfUtils.java:logGet(46)) - raft.server.retrycache.expirytime = 60s (default)
2023-08-28 07:17:59,802 [s6-groupManagement] INFO  server.RaftServerConfigKeys (ConfUtils.java:logGet(46)) - raft.server.retrycache.statistics.expirytime = 100μs (default)
2023-08-28 07:17:59,802 [s6-groupManagement] INFO  server.RaftServerConfigKeys (ConfUtils.java:logGet(46)) - raft.server.read.option = DEFAULT (default)
2023-08-28 07:17:59,803 [s6-groupManagement] INFO  server.RaftServerConfigKeys (ConfUtils.java:logGet(46)) - raft.server.rpc.request.timeout = 3000ms (default)
2023-08-28 07:17:59,803 [s6-groupManagement] INFO  server.RaftServerConfigKeys (ConfUtils.java:logGet(46)) - raft.server.log.appender.install.snapshot.enabled = true (default)
2023-08-28 07:17:59,803 [s6-groupManagement] INFO  server.RaftServerConfigKeys (ConfUtils.java:logGet(46)) - raft.server.threadpool.server.cached = true (default)
2023-08-28 07:17:59,803 [s6-groupManagement] INFO  server.RaftServerConfigKeys (ConfUtils.java:logGet(46)) - raft.server.threadpool.server.size = 0 (default)
2023-08-28 07:17:59,803 [s6-groupManagement] INFO  server.RaftServerConfigKeys (ConfUtils.java:logGet(46)) - raft.server.threadpool.client.cached = true (default)
2023-08-28 07:17:59,803 [s6-groupManagement] INFO  server.RaftServerConfigKeys (ConfUtils.java:logGet(46)) - raft.server.threadpool.client.size = 0 (default)
2023-08-28 07:17:59,803 [s6-groupManagement] DEBUG server.RaftServer (RaftServerProxy.java:lambda$groupAddAsync$11(505)) - s6: newImpl =      null s6@group-6B83B4D95946:t0, leader=null, voted=null, raftlog=UNINITIALIZED, conf=-1: peers:[]|listeners:[], old=null NEW
2023-08-28 07:17:59,803 [s6-groupManagement] INFO  server.RaftServerConfigKeys (ConfUtils.java:logGet(46)) - raft.server.storage.free-space.min = 0MB (=0) (default)
2023-08-28 07:17:59,803 [s6-groupManagement] INFO  server.RaftServerConfigKeys (ConfUtils.java:logGet(46)) - raft.server.log.corruption.policy = EXCEPTION (default)
2023-08-28 07:17:59,803 [s6-groupManagement] INFO  server.RaftServerConfigKeys (ConfUtils.java:logGet(46)) - raft.server.storage.dir = [/home/runner/work/ratis/ratis/ratis-test/target/test/data/c5bbf9cd/MiniRaftClusterWithNetty9d0d4a8/s6] (custom)
2023-08-28 07:17:59,803 [s6-groupManagement] INFO  storage.RaftStorageDirectory (RaftStorageDirectoryImpl.java:analyzeStorage(138)) - The storage directory /home/runner/work/ratis/ratis/ratis-test/target/test/data/c5bbf9cd/MiniRaftClusterWithNetty9d0d4a8/s6/a97969aa-6f2f-49fd-9492-6b83b4d95946 does not exist. Creating ...
2023-08-28 07:17:59,804 [s6-groupManagement] TRACE util.FileUtils (LogUtils.java:runAndLog(49)) - Successfully ran Files.createDirectories /home/runner/work/ratis/ratis/ratis-test/target/test/data/c5bbf9cd/MiniRaftClusterWithNetty9d0d4a8/s6/a97969aa-6f2f-49fd-9492-6b83b4d95946
2023-08-28 07:17:59,805 [s6-groupManagement] INFO  storage.RaftStorageDirectory (RaftStorageDirectoryImpl.java:tryLock(232)) - Lock on /home/runner/work/ratis/ratis/ratis-test/target/test/data/c5bbf9cd/MiniRaftClusterWithNetty9d0d4a8/s6/a97969aa-6f2f-49fd-9492-6b83b4d95946/in_use.lock acquired by nodename 7908@fv-az1033-516
2023-08-28 07:17:59,805 [s6-groupManagement] TRACE util.FileUtils (LogUtils.java:runAndLog(49)) - Successfully ran Files.createDirectories /home/runner/work/ratis/ratis/ratis-test/target/test/data/c5bbf9cd/MiniRaftClusterWithNetty9d0d4a8/s6/a97969aa-6f2f-49fd-9492-6b83b4d95946/current
2023-08-28 07:17:59,805 [s6-groupManagement] TRACE util.FileUtils (LogUtils.java:runAndLog(49)) - Successfully ran Files.createDirectories /home/runner/work/ratis/ratis/ratis-test/target/test/data/c5bbf9cd/MiniRaftClusterWithNetty9d0d4a8/s6/a97969aa-6f2f-49fd-9492-6b83b4d95946/sm
2023-08-28 07:17:59,811 [s6-groupManagement] INFO  storage.RaftStorage (RaftStorageImpl.java:format(97)) - Storage directory /home/runner/work/ratis/ratis/ratis-test/target/test/data/c5bbf9cd/MiniRaftClusterWithNetty9d0d4a8/s6/a97969aa-6f2f-49fd-9492-6b83b4d95946 has been successfully formatted.
2023-08-28 07:17:59,811 [s6-groupManagement] INFO  server.RaftServerConfigKeys (ConfUtils.java:logGet(46)) - raft.server.log.use.memory = false (default)
2023-08-28 07:17:59,811 [s6-groupManagement] INFO  server.RaftServerConfigKeys (ConfUtils.java:logGet(46)) - raft.server.log.purge.gap = 1024 (default)
2023-08-28 07:17:59,811 [s6-groupManagement] INFO  server.RaftServerConfigKeys (ConfUtils.java:logGet(46)) - raft.server.log.appender.buffer.byte-limit = 4MB (=4194304) (default)
2023-08-28 07:17:59,811 [s6-groupManagement] INFO  server.RaftServerConfigKeys (ConfUtils.java:logGet(46)) - raft.server.log.statemachine.data.read.timeout = 1000ms (default)
2023-08-28 07:17:59,811 [s6-groupManagement] INFO  server.RaftServerConfigKeys (ConfUtils.java:logGet(46)) - raft.server.log.purge.preservation.log.num = 0 (default)
2023-08-28 07:17:59,811 [s6-groupManagement] INFO  server.RaftServerConfigKeys (ConfUtils.java:logGet(46)) - raft.server.log.segment.size.max = 8MB (=8388608) (default)
2023-08-28 07:17:59,811 [s6-groupManagement] INFO  server.RaftServerConfigKeys (ConfUtils.java:logGet(46)) - raft.server.log.segment.cache.num.max = 6 (default)
2023-08-28 07:17:59,811 [s6-groupManagement] INFO  server.RaftServerConfigKeys (ConfUtils.java:logGet(46)) - raft.server.log.segment.cache.size.max = 200MB (=209715200) (default)
2023-08-28 07:17:59,811 [s6-groupManagement] INFO  server.RaftServerConfigKeys (ConfUtils.java:logGet(46)) - raft.server.log.appender.buffer.byte-limit = 4MB (=4194304) (default)
2023-08-28 07:17:59,811 [s6-groupManagement] INFO  segmented.SegmentedRaftLogWorker (SegmentedRaftLogWorker.java:<init>(183)) - new s6@group-6B83B4D95946-SegmentedRaftLogWorker for RaftStorageImpl:Storage Directory /home/runner/work/ratis/ratis/ratis-test/target/test/data/c5bbf9cd/MiniRaftClusterWithNetty9d0d4a8/s6/a97969aa-6f2f-49fd-9492-6b83b4d95946
2023-08-28 07:17:59,811 [s6-groupManagement] INFO  server.RaftServerConfigKeys (ConfUtils.java:logGet(46)) - raft.server.log.queue.byte-limit = 64MB (=67108864) (default)
2023-08-28 07:17:59,811 [s6-groupManagement] INFO  server.RaftServerConfigKeys (ConfUtils.java:logGet(46)) - raft.server.log.queue.element-limit = 4096 (default)
2023-08-28 07:17:59,811 [s6-groupManagement] INFO  server.RaftServerConfigKeys (ConfUtils.java:logGet(46)) - raft.server.log.segment.size.max = 8MB (=8388608) (default)
2023-08-28 07:17:59,811 [s6-groupManagement] INFO  server.RaftServerConfigKeys (ConfUtils.java:logGet(46)) - raft.server.log.preallocated.size = 4MB (=4194304) (default)
2023-08-28 07:17:59,811 [s6-groupManagement] INFO  server.RaftServerConfigKeys (ConfUtils.java:logGet(46)) - raft.server.log.force.sync.num = 128 (default)
2023-08-28 07:17:59,811 [s6-groupManagement] INFO  server.RaftServerConfigKeys (ConfUtils.java:logGet(46)) - raft.server.log.statemachine.data.sync = true (default)
2023-08-28 07:17:59,811 [s6-groupManagement] INFO  server.RaftServerConfigKeys (ConfUtils.java:logGet(46)) - raft.server.log.statemachine.data.sync.timeout = 10s (default)
2023-08-28 07:17:59,811 [s6-groupManagement] INFO  server.RaftServerConfigKeys (ConfUtils.java:logGet(46)) - raft.server.log.statemachine.data.sync.timeout.retry = -1 (default)
2023-08-28 07:17:59,812 [s6-groupManagement] INFO  server.RaftServerConfigKeys (ConfUtils.java:logGet(46)) - raft.server.log.write.buffer.size = 64KB (=65536) (default)
2023-08-28 07:17:59,812 [s6-groupManagement] INFO  server.RaftServerConfigKeys (ConfUtils.java:logGet(46)) - raft.server.log.appender.buffer.byte-limit = 4MB (=4194304) (default)
2023-08-28 07:17:59,813 [s6-groupManagement] INFO  server.RaftServerConfigKeys (ConfUtils.java:logGet(46)) - raft.server.log.unsafe-flush.enabled = false (default)
2023-08-28 07:17:59,813 [s6-groupManagement] INFO  server.RaftServerConfigKeys (ConfUtils.java:logGet(46)) - raft.server.log.async-flush.enabled = false (default)
2023-08-28 07:17:59,813 [s6-groupManagement] INFO  server.RaftServerConfigKeys (ConfUtils.java:logGet(46)) - raft.server.log.statemachine.data.caching.enabled = false (default)
2023-08-28 07:17:59,814 [s6-groupManagement] INFO  segmented.SegmentedRaftLogWorker (SegmentedRaftLogWorker.java:lambda$new$0(134)) - s6@group-6B83B4D95946-SegmentedRaftLogWorker: flushIndex: setUnconditionally 0 -> -1
2023-08-28 07:17:59,814 [s6-groupManagement] INFO  segmented.SegmentedRaftLogWorker (SegmentedRaftLogWorker.java:lambda$new$0(134)) - s6@group-6B83B4D95946-SegmentedRaftLogWorker: safeCacheEvictIndex: setUnconditionally 0 -> -1
2023-08-28 07:17:59,814 [s6-groupManagement] INFO  server.RaftServer$Division (RaftServerImpl.java:start(390)) - s6@group-6B83B4D95946: start with initializing state, conf=-1: peers:[]|listeners:[], old=null
2023-08-28 07:17:59,814 [s6-groupManagement] INFO  server.RaftServer$Division (RaftServerImpl.java:setRole(371)) - s6@group-6B83B4D95946: changes role from      null to FOLLOWER at term 0 for startInitializing
2023-08-28 07:17:59,814 [s6-groupManagement] INFO  util.JmxRegister (JmxRegister.java:tryRegister(44)) - Successfully registered JMX Bean with object name Ratis:service=RaftServer,group=group-6B83B4D95946,id=s6
2023-08-28 07:17:59,814 [s6-groupManagement] INFO  server.RaftServerConfigKeys (ConfUtils.java:logGet(46)) - raft.server.snapshot.trigger-when-stop.enabled = true (default)
2023-08-28 07:17:59,814 [s6-groupManagement] INFO  server.RaftServerConfigKeys (ConfUtils.java:logGet(46)) - raft.server.snapshot.auto.trigger.enabled = false (default)
2023-08-28 07:17:59,814 [s6-groupManagement] INFO  server.RaftServerConfigKeys (ConfUtils.java:logGet(46)) - raft.server.snapshot.retention.file.num = -1 (default)
2023-08-28 07:17:59,814 [s6-groupManagement] INFO  server.RaftServerConfigKeys (ConfUtils.java:logGet(46)) - raft.server.log.purge.upto.snapshot.index = false (default)
2023-08-28 07:17:59,816 [Time-limited test] DEBUG client.RaftClient (ConfUtils.java:logGet(46)) - raft.rpc.type = NETTY (custom)
2023-08-28 07:17:59,817 [nioEventLoopGroup-101-1] INFO  logging.LoggingHandler (AbstractInternalLogger.java:log(148)) - [id: 0xaba520f8, L:/0.0.0.0:34047] READ: [id: 0xba47180c, L:/10.1.0.28:34047 - R:/10.1.0.28:34186]
2023-08-28 07:17:59,818 [nioEventLoopGroup-101-1] INFO  logging.LoggingHandler (AbstractInternalLogger.java:log(148)) - [id: 0xaba520f8, L:/0.0.0.0:34047] READ COMPLETE
2023-08-28 07:17:59,819 [nioEventLoopGroup-102-3] INFO  server.RaftServer (RaftServerProxy.java:addNew(99)) - s7: addNew group-6B83B4D95946:[] returns group-6B83B4D95946:java.util.concurrent.CompletableFuture@291aa5e3[Not completed]
2023-08-28 07:17:59,819 [s7-groupManagement] INFO  server.RaftServer$Division (RaftServerImpl.java:<init>(250)) - s7: new RaftServerImpl for group-6B83B4D95946:[] with BaseStateMachine:uninitialized
2023-08-28 07:17:59,819 [s7-groupManagement] INFO  server.RaftServerConfigKeys (ConfUtils.java:logGet(46)) - raft.server.rpc.timeout.min = 1500ms (custom)
2023-08-28 07:17:59,819 [s7-groupManagement] INFO  server.RaftServerConfigKeys (ConfUtils.java:logGet(46)) - raft.server.rpc.timeout.max = 2000ms (custom)
2023-08-28 07:17:59,819 [s7-groupManagement] INFO  server.RaftServerConfigKeys (ConfUtils.java:logGet(46)) - raft.server.rpc.sleep.time = 25ms (default)
2023-08-28 07:17:59,819 [s7-groupManagement] INFO  server.RaftServerConfigKeys (ConfUtils.java:logGet(46)) - raft.server.rpc.slowness.timeout = 60s (default)
2023-08-28 07:17:59,819 [s7-groupManagement] INFO  server.RaftServerConfigKeys (ConfUtils.java:logGet(46)) - raft.server.leaderelection.leader.step-down.wait-time = 10s (default)
2023-08-28 07:17:59,819 [s7-groupManagement] INFO  server.RaftServerConfigKeys (ConfUtils.java:logGet(46)) - raft.server.sleep.deviation.threshold = 300ms (default)
2023-08-28 07:17:59,819 [s7-groupManagement] INFO  server.RaftServer$Division (ServerState.java:<init>(113)) - s7@group-6B83B4D95946: ConfigurationManager, init=-1: peers:[]|listeners:[], old=null, confs=<EMPTY_MAP>
2023-08-28 07:17:59,819 [s7-groupManagement] INFO  server.RaftServerConfigKeys (ConfUtils.java:logGet(46)) - raft.server.notification.no-leader.timeout = 60s (default)
2023-08-28 07:17:59,819 [s7-groupManagement] INFO  server.RaftServerConfigKeys (ConfUtils.java:logGet(46)) - raft.server.read.timeout = 10s (default)
2023-08-28 07:17:59,819 [s7-groupManagement] INFO  server.RaftServerConfigKeys (ConfUtils.java:logGet(46)) - raft.server.retrycache.expirytime = 60s (default)
2023-08-28 07:17:59,819 [s7-groupManagement] INFO  server.RaftServerConfigKeys (ConfUtils.java:logGet(46)) - raft.server.retrycache.statistics.expirytime = 100μs (default)
2023-08-28 07:17:59,819 [s7-groupManagement] INFO  server.RaftServerConfigKeys (ConfUtils.java:logGet(46)) - raft.server.read.option = DEFAULT (default)
2023-08-28 07:17:59,820 [s7-groupManagement] INFO  server.RaftServerConfigKeys (ConfUtils.java:logGet(46)) - raft.server.rpc.request.timeout = 3000ms (default)
2023-08-28 07:17:59,820 [s7-groupManagement] INFO  server.RaftServerConfigKeys (ConfUtils.java:logGet(46)) - raft.server.log.appender.install.snapshot.enabled = true (default)
2023-08-28 07:17:59,820 [s7-groupManagement] INFO  server.RaftServerConfigKeys (ConfUtils.java:logGet(46)) - raft.server.threadpool.server.cached = true (default)
2023-08-28 07:17:59,820 [s7-groupManagement] INFO  server.RaftServerConfigKeys (ConfUtils.java:logGet(46)) - raft.server.threadpool.server.size = 0 (default)
2023-08-28 07:17:59,820 [s7-groupManagement] INFO  server.RaftServerConfigKeys (ConfUtils.java:logGet(46)) - raft.server.threadpool.client.cached = true (default)
2023-08-28 07:17:59,820 [s7-groupManagement] INFO  server.RaftServerConfigKeys (ConfUtils.java:logGet(46)) - raft.server.threadpool.client.size = 0 (default)
2023-08-28 07:17:59,820 [s7-groupManagement] DEBUG server.RaftServer (RaftServerProxy.java:lambda$groupAddAsync$11(505)) - s7: newImpl =      null s7@group-6B83B4D95946:t0, leader=null, voted=null, raftlog=UNINITIALIZED, conf=-1: peers:[]|listeners:[], old=null NEW
2023-08-28 07:17:59,820 [s7-groupManagement] INFO  server.RaftServerConfigKeys (ConfUtils.java:logGet(46)) - raft.server.storage.free-space.min = 0MB (=0) (default)
2023-08-28 07:17:59,820 [s7-groupManagement] INFO  server.RaftServerConfigKeys (ConfUtils.java:logGet(46)) - raft.server.log.corruption.policy = EXCEPTION (default)
2023-08-28 07:17:59,820 [s7-groupManagement] INFO  server.RaftServerConfigKeys (ConfUtils.java:logGet(46)) - raft.server.storage.dir = [/home/runner/work/ratis/ratis/ratis-test/target/test/data/c5bbf9cd/MiniRaftClusterWithNetty9d0d4a8/s7] (custom)
2023-08-28 07:17:59,820 [s7-groupManagement] INFO  storage.RaftStorageDirectory (RaftStorageDirectoryImpl.java:analyzeStorage(138)) - The storage directory /home/runner/work/ratis/ratis/ratis-test/target/test/data/c5bbf9cd/MiniRaftClusterWithNetty9d0d4a8/s7/a97969aa-6f2f-49fd-9492-6b83b4d95946 does not exist. Creating ...
2023-08-28 07:17:59,820 [s7-groupManagement] TRACE util.FileUtils (LogUtils.java:runAndLog(49)) - Successfully ran Files.createDirectories /home/runner/work/ratis/ratis/ratis-test/target/test/data/c5bbf9cd/MiniRaftClusterWithNetty9d0d4a8/s7/a97969aa-6f2f-49fd-9492-6b83b4d95946
2023-08-28 07:17:59,822 [s7-groupManagement] INFO  storage.RaftStorageDirectory (RaftStorageDirectoryImpl.java:tryLock(232)) - Lock on /home/runner/work/ratis/ratis/ratis-test/target/test/data/c5bbf9cd/MiniRaftClusterWithNetty9d0d4a8/s7/a97969aa-6f2f-49fd-9492-6b83b4d95946/in_use.lock acquired by nodename 7908@fv-az1033-516
2023-08-28 07:17:59,822 [s7-groupManagement] TRACE util.FileUtils (LogUtils.java:runAndLog(49)) - Successfully ran Files.createDirectories /home/runner/work/ratis/ratis/ratis-test/target/test/data/c5bbf9cd/MiniRaftClusterWithNetty9d0d4a8/s7/a97969aa-6f2f-49fd-9492-6b83b4d95946/current
2023-08-28 07:17:59,822 [s7-groupManagement] TRACE util.FileUtils (LogUtils.java:runAndLog(49)) - Successfully ran Files.createDirectories /home/runner/work/ratis/ratis/ratis-test/target/test/data/c5bbf9cd/MiniRaftClusterWithNetty9d0d4a8/s7/a97969aa-6f2f-49fd-9492-6b83b4d95946/sm
2023-08-28 07:17:59,825 [s7-groupManagement] INFO  storage.RaftStorage (RaftStorageImpl.java:format(97)) - Storage directory /home/runner/work/ratis/ratis/ratis-test/target/test/data/c5bbf9cd/MiniRaftClusterWithNetty9d0d4a8/s7/a97969aa-6f2f-49fd-9492-6b83b4d95946 has been successfully formatted.
2023-08-28 07:17:59,825 [s7-groupManagement] INFO  server.RaftServerConfigKeys (ConfUtils.java:logGet(46)) - raft.server.log.use.memory = false (default)
2023-08-28 07:17:59,825 [s7-groupManagement] INFO  server.RaftServerConfigKeys (ConfUtils.java:logGet(46)) - raft.server.log.purge.gap = 1024 (default)
2023-08-28 07:17:59,825 [s7-groupManagement] INFO  server.RaftServerConfigKeys (ConfUtils.java:logGet(46)) - raft.server.log.appender.buffer.byte-limit = 4MB (=4194304) (default)
2023-08-28 07:17:59,825 [s7-groupManagement] INFO  server.RaftServerConfigKeys (ConfUtils.java:logGet(46)) - raft.server.log.statemachine.data.read.timeout = 1000ms (default)
2023-08-28 07:17:59,825 [s7-groupManagement] INFO  server.RaftServerConfigKeys (ConfUtils.java:logGet(46)) - raft.server.log.purge.preservation.log.num = 0 (default)
2023-08-28 07:17:59,825 [s7-groupManagement] INFO  server.RaftServerConfigKeys (ConfUtils.java:logGet(46)) - raft.server.log.segment.size.max = 8MB (=8388608) (default)
2023-08-28 07:17:59,825 [s7-groupManagement] INFO  server.RaftServerConfigKeys (ConfUtils.java:logGet(46)) - raft.server.log.segment.cache.num.max = 6 (default)
2023-08-28 07:17:59,825 [s7-groupManagement] INFO  server.RaftServerConfigKeys (ConfUtils.java:logGet(46)) - raft.server.log.segment.cache.size.max = 200MB (=209715200) (default)
2023-08-28 07:17:59,826 [s7-groupManagement] INFO  server.RaftServerConfigKeys (ConfUtils.java:logGet(46)) - raft.server.log.appender.buffer.byte-limit = 4MB (=4194304) (default)
2023-08-28 07:17:59,826 [s7-groupManagement] INFO  segmented.SegmentedRaftLogWorker (SegmentedRaftLogWorker.java:<init>(183)) - new s7@group-6B83B4D95946-SegmentedRaftLogWorker for RaftStorageImpl:Storage Directory /home/runner/work/ratis/ratis/ratis-test/target/test/data/c5bbf9cd/MiniRaftClusterWithNetty9d0d4a8/s7/a97969aa-6f2f-49fd-9492-6b83b4d95946
2023-08-28 07:17:59,826 [s7-groupManagement] INFO  server.RaftServerConfigKeys (ConfUtils.java:logGet(46)) - raft.server.log.queue.byte-limit = 64MB (=67108864) (default)
2023-08-28 07:17:59,826 [s7-groupManagement] INFO  server.RaftServerConfigKeys (ConfUtils.java:logGet(46)) - raft.server.log.queue.element-limit = 4096 (default)
2023-08-28 07:17:59,826 [s7-groupManagement] INFO  server.RaftServerConfigKeys (ConfUtils.java:logGet(46)) - raft.server.log.segment.size.max = 8MB (=8388608) (default)
2023-08-28 07:17:59,826 [s7-groupManagement] INFO  server.RaftServerConfigKeys (ConfUtils.java:logGet(46)) - raft.server.log.preallocated.size = 4MB (=4194304) (default)
2023-08-28 07:17:59,826 [s7-groupManagement] INFO  server.RaftServerConfigKeys (ConfUtils.java:logGet(46)) - raft.server.log.force.sync.num = 128 (default)
2023-08-28 07:17:59,826 [s7-groupManagement] INFO  server.RaftServerConfigKeys (ConfUtils.java:logGet(46)) - raft.server.log.statemachine.data.sync = true (default)
2023-08-28 07:17:59,826 [s7-groupManagement] INFO  server.RaftServerConfigKeys (ConfUtils.java:logGet(46)) - raft.server.log.statemachine.data.sync.timeout = 10s (default)
2023-08-28 07:17:59,826 [s7-groupManagement] INFO  server.RaftServerConfigKeys (ConfUtils.java:logGet(46)) - raft.server.log.statemachine.data.sync.timeout.retry = -1 (default)
2023-08-28 07:17:59,826 [s7-groupManagement] INFO  server.RaftServerConfigKeys (ConfUtils.java:logGet(46)) - raft.server.log.write.buffer.size = 64KB (=65536) (default)
2023-08-28 07:17:59,826 [s7-groupManagement] INFO  server.RaftServerConfigKeys (ConfUtils.java:logGet(46)) - raft.server.log.appender.buffer.byte-limit = 4MB (=4194304) (default)
2023-08-28 07:17:59,827 [s7-groupManagement] INFO  server.RaftServerConfigKeys (ConfUtils.java:logGet(46)) - raft.server.log.unsafe-flush.enabled = false (default)
2023-08-28 07:17:59,827 [s7-groupManagement] INFO  server.RaftServerConfigKeys (ConfUtils.java:logGet(46)) - raft.server.log.async-flush.enabled = false (default)
2023-08-28 07:17:59,827 [s7-groupManagement] INFO  server.RaftServerConfigKeys (ConfUtils.java:logGet(46)) - raft.server.log.statemachine.data.caching.enabled = false (default)
2023-08-28 07:17:59,828 [s7-groupManagement] INFO  segmented.SegmentedRaftLogWorker (SegmentedRaftLogWorker.java:lambda$new$0(134)) - s7@group-6B83B4D95946-SegmentedRaftLogWorker: flushIndex: setUnconditionally 0 -> -1
2023-08-28 07:17:59,828 [s7-groupManagement] INFO  segmented.SegmentedRaftLogWorker (SegmentedRaftLogWorker.java:lambda$new$0(134)) - s7@group-6B83B4D95946-SegmentedRaftLogWorker: safeCacheEvictIndex: setUnconditionally 0 -> -1
2023-08-28 07:17:59,833 [s7-groupManagement] INFO  server.RaftServer$Division (RaftServerImpl.java:start(390)) - s7@group-6B83B4D95946: start with initializing state, conf=-1: peers:[]|listeners:[], old=null
2023-08-28 07:17:59,833 [s7-groupManagement] INFO  server.RaftServer$Division (RaftServerImpl.java:setRole(371)) - s7@group-6B83B4D95946: changes role from      null to FOLLOWER at term 0 for startInitializing
2023-08-28 07:17:59,833 [s7-groupManagement] INFO  util.JmxRegister (JmxRegister.java:tryRegister(44)) - Successfully registered JMX Bean with object name Ratis:service=RaftServer,group=group-6B83B4D95946,id=s7
2023-08-28 07:17:59,833 [s7-groupManagement] INFO  server.RaftServerConfigKeys (ConfUtils.java:logGet(46)) - raft.server.snapshot.trigger-when-stop.enabled = true (default)
2023-08-28 07:17:59,833 [s7-groupManagement] INFO  server.RaftServerConfigKeys (ConfUtils.java:logGet(46)) - raft.server.snapshot.auto.trigger.enabled = false (default)
2023-08-28 07:17:59,833 [s7-groupManagement] INFO  server.RaftServerConfigKeys (ConfUtils.java:logGet(46)) - raft.server.snapshot.retention.file.num = -1 (default)
2023-08-28 07:17:59,833 [s7-groupManagement] INFO  server.RaftServerConfigKeys (ConfUtils.java:logGet(46)) - raft.server.log.purge.upto.snapshot.index = false (default)
2023-08-28 07:17:59,847 [Time-limited test] INFO  impl.GroupManagementBaseTest (GroupManagementBaseTest.java:runMultiGroupTest(330)) - 2) setConfiguration: printing group-6B83B4D95946
  s3:  RUNNING [
   FOLLOWER s3@group-75AB5BF27CAD:t0, leader=null, voted=, raftlog=Memoized:s3@group-75AB5BF27CAD-SegmentedRaftLog:OPENED:c-1, conf=-1: peers:[]|listeners:[], old=null STARTING
   FOLLOWER s3@group-6B83B4D95946:t0, leader=null, voted=, raftlog=Memoized:s3@group-6B83B4D95946-SegmentedRaftLog:OPENED:c-1, conf=-1: peers:[]|listeners:[], old=null STARTING] size=2
  s4:  RUNNING [
   FOLLOWER s4@group-75AB5BF27CAD:t0, leader=null, voted=, raftlog=Memoized:s4@group-75AB5BF27CAD-SegmentedRaftLog:OPENED:c-1, conf=-1: peers:[]|listeners:[], old=null STARTING
   FOLLOWER s4@group-6B83B4D95946:t0, leader=null, voted=, raftlog=Memoized:s4@group-6B83B4D95946-SegmentedRaftLog:OPENED:c-1, conf=-1: peers:[]|listeners:[], old=null STARTING] size=2
  s5:  RUNNING [
   FOLLOWER s5@group-75AB5BF27CAD:t0, leader=null, voted=, raftlog=Memoized:s5@group-75AB5BF27CAD-SegmentedRaftLog:OPENED:c-1, conf=-1: peers:[]|listeners:[], old=null STARTING
   FOLLOWER s5@group-6B83B4D95946:t0, leader=null, voted=, raftlog=Memoized:s5@group-6B83B4D95946-SegmentedRaftLog:OPENED:c-1, conf=-1: peers:[]|listeners:[], old=null STARTING] size=2
  s6:  RUNNING [
   FOLLOWER s6@group-75AB5BF27CAD:t0, leader=null, voted=, raftlog=Memoized:s6@group-75AB5BF27CAD-SegmentedRaftLog:OPENED:c-1, conf=-1: peers:[]|listeners:[], old=null STARTING
   FOLLOWER s6@group-6B83B4D95946:t0, leader=null, voted=, raftlog=Memoized:s6@group-6B83B4D95946-SegmentedRaftLog:OPENED:c-1, conf=-1: peers:[]|listeners:[], old=null STARTING] size=2
  s7:  RUNNING [
   FOLLOWER s7@group-75AB5BF27CAD:t0, leader=null, voted=, raftlog=Memoized:s7@group-75AB5BF27CAD-SegmentedRaftLog:OPENED:c-1, conf=-1: peers:[]|listeners:[], old=null STARTING
   FOLLOWER s7@group-6B83B4D95946:t0, leader=null, voted=, raftlog=Memoized:s7@group-6B83B4D95946-SegmentedRaftLog:OPENED:c-1, conf=-1: peers:[]|listeners:[], old=null STARTING] size=2
  s8:  RUNNING [
   FOLLOWER s8@group-75AB5BF27CAD:t0, leader=null, voted=, raftlog=Memoized:s8@group-75AB5BF27CAD-SegmentedRaftLog:OPENED:c-1, conf=-1: peers:[]|listeners:[], old=null STARTING
     LEADER s8@group-6B83B4D95946:t1, leader=s8, voted=s8, raftlog=Memoized:s8@group-6B83B4D95946-SegmentedRaftLog:OPENED:c0, conf=0: peers:[s8|rpc:0.0.0.0:35321|dataStream:|priority:0|startupRole:FOLLOWER]|listeners:[], old=null RUNNING] size=2
  s0:  RUNNING [
   FOLLOWER s0@group-75AB5BF27CAD:t0, leader=null, voted=, raftlog=Memoized:s0@group-75AB5BF27CAD-SegmentedRaftLog:OPENED:c-1, conf=-1: peers:[]|listeners:[], old=null STARTING
   FOLLOWER s0@group-6B83B4D95946:t0, leader=null, voted=, raftlog=Memoized:s0@group-6B83B4D95946-SegmentedRaftLog:OPENED:c-1, conf=-1: peers:[]|listeners:[], old=null STARTING] size=2
  s1:  RUNNING [
   FOLLOWER s1@group-75AB5BF27CAD:t0, leader=null, voted=, raftlog=Memoized:s1@group-75AB5BF27CAD-SegmentedRaftLog:OPENED:c-1, conf=-1: peers:[]|listeners:[], old=null STARTING
   FOLLOWER s1@group-6B83B4D95946:t0, leader=null, voted=, raftlog=Memoized:s1@group-6B83B4D95946-SegmentedRaftLog:OPENED:c-1, conf=-1: peers:[]|listeners:[], old=null STARTING] size=2
  s2:  RUNNING [
   FOLLOWER s2@group-75AB5BF27CAD:t0, leader=null, voted=, raftlog=Memoized:s2@group-75AB5BF27CAD-SegmentedRaftLog:OPENED:c-1, conf=-1: peers:[]|listeners:[], old=null STARTING
   FOLLOWER s2@group-6B83B4D95946:t0, leader=null, voted=, raftlog=Memoized:s2@group-6B83B4D95946-SegmentedRaftLog:OPENED:c-1, conf=-1: peers:[]|listeners:[], old=null STARTING] size=2
2023-08-28 07:17:59,848 [Time-limited test] DEBUG client.RaftClient (ConfUtils.java:logGet(46)) - raft.rpc.type = NETTY (custom)
2023-08-28 07:17:59,849 [nioEventLoopGroup-104-1] INFO  logging.LoggingHandler (AbstractInternalLogger.java:log(148)) - [id: 0x9cee3e91, L:/0.0.0.0:35321] READ: [id: 0x57af0b03, L:/10.1.0.28:35321 - R:/10.1.0.28:45558]
2023-08-28 07:17:59,849 [nioEventLoopGroup-104-1] INFO  logging.LoggingHandler (AbstractInternalLogger.java:log(148)) - [id: 0x9cee3e91, L:/0.0.0.0:35321] READ COMPLETE
2023-08-28 07:17:59,851 [nioEventLoopGroup-105-2] INFO  server.RaftServer$Division (RaftServerImpl.java:setConfigurationAsync(1238)) - s8@group-6B83B4D95946: receive setConfiguration SetConfigurationRequest:client-C5AEBC17E1BF->s8@group-6B83B4D95946, cid=390, seq=0, RW, null, SET_UNCONDITIONALLY, servers:[s0|rpc:0.0.0.0:46813|dataStream:|priority:0|startupRole:FOLLOWER, s1|rpc:0.0.0.0:37301|dataStream:|priority:0|startupRole:FOLLOWER, s2|rpc:0.0.0.0:46017|dataStream:|priority:0|startupRole:FOLLOWER, s3|rpc:0.0.0.0:36829|dataStream:|priority:0|startupRole:FOLLOWER, s4|rpc:0.0.0.0:45719|dataStream:|priority:0|startupRole:FOLLOWER, s5|rpc:0.0.0.0:35717|dataStream:|priority:0|startupRole:FOLLOWER, s6|rpc:0.0.0.0:46025|dataStream:|priority:0|startupRole:FOLLOWER, s7|rpc:0.0.0.0:34047|dataStream:|priority:0|startupRole:FOLLOWER, s8|rpc:0.0.0.0:35321|dataStream:|priority:0|startupRole:FOLLOWER], listeners:[]
2023-08-28 07:17:59,851 [nioEventLoopGroup-105-2] INFO  server.RaftServer$Division (LeaderStateImpl.java:startSetConfiguration(450)) - s8@group-6B83B4D95946-LeaderStateImpl: startSetConfiguration SetConfigurationRequest:client-C5AEBC17E1BF->s8@group-6B83B4D95946, cid=390, seq=0, RW, null, SET_UNCONDITIONALLY, servers:[s0|rpc:0.0.0.0:46813|dataStream:|priority:0|startupRole:FOLLOWER, s1|rpc:0.0.0.0:37301|dataStream:|priority:0|startupRole:FOLLOWER, s2|rpc:0.0.0.0:46017|dataStream:|priority:0|startupRole:FOLLOWER, s3|rpc:0.0.0.0:36829|dataStream:|priority:0|startupRole:FOLLOWER, s4|rpc:0.0.0.0:45719|dataStream:|priority:0|startupRole:FOLLOWER, s5|rpc:0.0.0.0:35717|dataStream:|priority:0|startupRole:FOLLOWER, s6|rpc:0.0.0.0:46025|dataStream:|priority:0|startupRole:FOLLOWER, s7|rpc:0.0.0.0:34047|dataStream:|priority:0|startupRole:FOLLOWER, s8|rpc:0.0.0.0:35321|dataStream:|priority:0|startupRole:FOLLOWER], listeners:[]
2023-08-28 07:17:59,851 [nioEventLoopGroup-105-2] INFO  server.RaftServerConfigKeys (ConfUtils.java:logGet(46)) - raft.server.log.appender.snapshot.chunk.size.max = 16MB (=16777216) (default)
2023-08-28 07:17:59,852 [nioEventLoopGroup-105-2] INFO  server.RaftServerConfigKeys (ConfUtils.java:logGet(46)) - raft.server.log.appender.buffer.byte-limit = 4MB (=4194304) (default)
2023-08-28 07:17:59,852 [nioEventLoopGroup-105-2] INFO  server.RaftServerConfigKeys (ConfUtils.java:logGet(46)) - raft.server.log.appender.buffer.element-limit = 0 (default)
2023-08-28 07:17:59,852 [nioEventLoopGroup-105-2] INFO  server.RaftServerConfigKeys (ConfUtils.java:logGet(46)) - raft.server.log.appender.wait-time.min = 10ms (default)
2023-08-28 07:17:59,852 [nioEventLoopGroup-105-2] INFO  server.RaftServerConfigKeys (ConfUtils.java:logGet(46)) - raft.server.log.appender.snapshot.chunk.size.max = 16MB (=16777216) (default)
2023-08-28 07:17:59,852 [nioEventLoopGroup-105-2] INFO  server.RaftServerConfigKeys (ConfUtils.java:logGet(46)) - raft.server.log.appender.buffer.byte-limit = 4MB (=4194304) (default)
2023-08-28 07:17:59,852 [nioEventLoopGroup-105-2] INFO  server.RaftServerConfigKeys (ConfUtils.java:logGet(46)) - raft.server.log.appender.buffer.element-limit = 0 (default)
2023-08-28 07:17:59,853 [nioEventLoopGroup-105-2] INFO  server.RaftServerConfigKeys (ConfUtils.java:logGet(46)) - raft.server.log.appender.wait-time.min = 10ms (default)
2023-08-28 07:17:59,853 [nioEventLoopGroup-105-2] INFO  server.RaftServerConfigKeys (ConfUtils.java:logGet(46)) - raft.server.log.appender.snapshot.chunk.size.max = 16MB (=16777216) (default)
2023-08-28 07:17:59,853 [nioEventLoopGroup-105-2] INFO  server.RaftServerConfigKeys (ConfUtils.java:logGet(46)) - raft.server.log.appender.buffer.byte-limit = 4MB (=4194304) (default)
2023-08-28 07:17:59,853 [nioEventLoopGroup-105-2] INFO  server.RaftServerConfigKeys (ConfUtils.java:logGet(46)) - raft.server.log.appender.buffer.element-limit = 0 (default)
2023-08-28 07:17:59,853 [nioEventLoopGroup-105-2] INFO  server.RaftServerConfigKeys (ConfUtils.java:logGet(46)) - raft.server.log.appender.wait-time.min = 10ms (default)
2023-08-28 07:17:59,853 [nioEventLoopGroup-105-2] INFO  server.RaftServerConfigKeys (ConfUtils.java:logGet(46)) - raft.server.log.appender.snapshot.chunk.size.max = 16MB (=16777216) (default)
2023-08-28 07:17:59,853 [nioEventLoopGroup-105-2] INFO  server.RaftServerConfigKeys (ConfUtils.java:logGet(46)) - raft.server.log.appender.buffer.byte-limit = 4MB (=4194304) (default)
2023-08-28 07:17:59,853 [nioEventLoopGroup-105-2] INFO  server.RaftServerConfigKeys (ConfUtils.java:logGet(46)) - raft.server.log.appender.buffer.element-limit = 0 (default)
2023-08-28 07:17:59,853 [nioEventLoopGroup-105-2] INFO  server.RaftServerConfigKeys (ConfUtils.java:logGet(46)) - raft.server.log.appender.wait-time.min = 10ms (default)
2023-08-28 07:17:59,853 [nioEventLoopGroup-105-2] INFO  server.RaftServerConfigKeys (ConfUtils.java:logGet(46)) - raft.server.log.appender.snapshot.chunk.size.max = 16MB (=16777216) (default)
2023-08-28 07:17:59,853 [nioEventLoopGroup-105-2] INFO  server.RaftServerConfigKeys (ConfUtils.java:logGet(46)) - raft.server.log.appender.buffer.byte-limit = 4MB (=4194304) (default)
2023-08-28 07:17:59,853 [nioEventLoopGroup-105-2] INFO  server.RaftServerConfigKeys (ConfUtils.java:logGet(46)) - raft.server.log.appender.buffer.element-limit = 0 (default)
2023-08-28 07:17:59,854 [nioEventLoopGroup-105-2] INFO  server.RaftServerConfigKeys (ConfUtils.java:logGet(46)) - raft.server.log.appender.wait-time.min = 10ms (default)
2023-08-28 07:17:59,854 [nioEventLoopGroup-105-2] INFO  server.RaftServerConfigKeys (ConfUtils.java:logGet(46)) - raft.server.log.appender.snapshot.chunk.size.max = 16MB (=16777216) (default)
2023-08-28 07:17:59,854 [nioEventLoopGroup-105-2] INFO  server.RaftServerConfigKeys (ConfUtils.java:logGet(46)) - raft.server.log.appender.buffer.byte-limit = 4MB (=4194304) (default)
2023-08-28 07:17:59,854 [nioEventLoopGroup-105-2] INFO  server.RaftServerConfigKeys (ConfUtils.java:logGet(46)) - raft.server.log.appender.buffer.element-limit = 0 (default)
2023-08-28 07:17:59,854 [nioEventLoopGroup-105-2] INFO  server.RaftServerConfigKeys (ConfUtils.java:logGet(46)) - raft.server.log.appender.wait-time.min = 10ms (default)
2023-08-28 07:17:59,854 [nioEventLoopGroup-105-2] INFO  server.RaftServerConfigKeys (ConfUtils.java:logGet(46)) - raft.server.log.appender.snapshot.chunk.size.max = 16MB (=16777216) (default)
2023-08-28 07:17:59,854 [nioEventLoopGroup-105-2] INFO  server.RaftServerConfigKeys (ConfUtils.java:logGet(46)) - raft.server.log.appender.buffer.byte-limit = 4MB (=4194304) (default)
2023-08-28 07:17:59,854 [nioEventLoopGroup-105-2] INFO  server.RaftServerConfigKeys (ConfUtils.java:logGet(46)) - raft.server.log.appender.buffer.element-limit = 0 (default)
2023-08-28 07:17:59,854 [nioEventLoopGroup-105-2] INFO  server.RaftServerConfigKeys (ConfUtils.java:logGet(46)) - raft.server.log.appender.wait-time.min = 10ms (default)
2023-08-28 07:17:59,854 [nioEventLoopGroup-105-2] INFO  server.RaftServerConfigKeys (ConfUtils.java:logGet(46)) - raft.server.log.appender.snapshot.chunk.size.max = 16MB (=16777216) (default)
2023-08-28 07:17:59,854 [nioEventLoopGroup-105-2] INFO  server.RaftServerConfigKeys (ConfUtils.java:logGet(46)) - raft.server.log.appender.buffer.byte-limit = 4MB (=4194304) (default)
2023-08-28 07:17:59,854 [nioEventLoopGroup-105-2] INFO  server.RaftServerConfigKeys (ConfUtils.java:logGet(46)) - raft.server.log.appender.buffer.element-limit = 0 (default)
2023-08-28 07:17:59,854 [nioEventLoopGroup-105-2] INFO  server.RaftServerConfigKeys (ConfUtils.java:logGet(46)) - raft.server.log.appender.wait-time.min = 10ms (default)
2023-08-28 07:17:59,855 [s8@group-6B83B4D95946->s3-LogAppenderDefault-LogAppenderDaemon] INFO  leader.FollowerInfo (FollowerInfoImpl.java:setAttemptedToInstallSnapshot(126)) - Follower s8@group-6B83B4D95946->s3 acknowledged installing snapshot
2023-08-28 07:17:59,855 [s8@group-6B83B4D95946->s4-LogAppenderDefault-LogAppenderDaemon] INFO  leader.FollowerInfo (FollowerInfoImpl.java:setAttemptedToInstallSnapshot(126)) - Follower s8@group-6B83B4D95946->s4 acknowledged installing snapshot
2023-08-28 07:17:59,856 [s8@group-6B83B4D95946->s5-LogAppenderDefault-LogAppenderDaemon] INFO  leader.FollowerInfo (FollowerInfoImpl.java:setAttemptedToInstallSnapshot(126)) - Follower s8@group-6B83B4D95946->s5 acknowledged installing snapshot
2023-08-28 07:17:59,856 [s8@group-6B83B4D95946->s6-LogAppenderDefault-LogAppenderDaemon] INFO  leader.FollowerInfo (FollowerInfoImpl.java:setAttemptedToInstallSnapshot(126)) - Follower s8@group-6B83B4D95946->s6 acknowledged installing snapshot
2023-08-28 07:17:59,856 [s8@group-6B83B4D95946->s7-LogAppenderDefault-LogAppenderDaemon] INFO  leader.FollowerInfo (FollowerInfoImpl.java:setAttemptedToInstallSnapshot(126)) - Follower s8@group-6B83B4D95946->s7 acknowledged installing snapshot
2023-08-28 07:17:59,857 [s8@group-6B83B4D95946->s0-LogAppenderDefault-LogAppenderDaemon] INFO  leader.FollowerInfo (FollowerInfoImpl.java:setAttemptedToInstallSnapshot(126)) - Follower s8@group-6B83B4D95946->s0 acknowledged installing snapshot
2023-08-28 07:17:59,858 [s8@group-6B83B4D95946->s1-LogAppenderDefault-LogAppenderDaemon] INFO  leader.FollowerInfo (FollowerInfoImpl.java:setAttemptedToInstallSnapshot(126)) - Follower s8@group-6B83B4D95946->s1 acknowledged installing snapshot
2023-08-28 07:17:59,858 [s8@group-6B83B4D95946->s2-LogAppenderDefault-LogAppenderDaemon] INFO  leader.FollowerInfo (FollowerInfoImpl.java:setAttemptedToInstallSnapshot(126)) - Follower s8@group-6B83B4D95946->s2 acknowledged installing snapshot
2023-08-28 07:17:59,859 [nioEventLoopGroup-90-1] INFO  logging.LoggingHandler (AbstractInternalLogger.java:log(148)) - [id: 0xad34dad4, L:/0.0.0.0:36829] READ: [id: 0xecfa8113, L:/10.1.0.28:36829 - R:/10.1.0.28:59386]
2023-08-28 07:17:59,859 [nioEventLoopGroup-90-1] INFO  logging.LoggingHandler (AbstractInternalLogger.java:log(148)) - [id: 0xad34dad4, L:/0.0.0.0:36829] READ COMPLETE
2023-08-28 07:17:59,860 [nioEventLoopGroup-101-1] INFO  logging.LoggingHandler (AbstractInternalLogger.java:log(148)) - [id: 0xaba520f8, L:/0.0.0.0:34047] READ: [id: 0x996e5bf9, L:/10.1.0.28:34047 - R:/10.1.0.28:34192]
2023-08-28 07:17:59,861 [nioEventLoopGroup-99-1] INFO  logging.LoggingHandler (AbstractInternalLogger.java:log(148)) - [id: 0x4c645ac6, L:/0.0.0.0:46025] READ: [id: 0xee886887, L:/10.1.0.28:46025 - R:/10.1.0.28:54918]
2023-08-28 07:17:59,861 [nioEventLoopGroup-99-1] INFO  logging.LoggingHandler (AbstractInternalLogger.java:log(148)) - [id: 0x4c645ac6, L:/0.0.0.0:46025] READ COMPLETE
2023-08-28 07:17:59,862 [nioEventLoopGroup-91-1] INFO  server.RaftServer$Division (RaftServerImpl.java:setFirstElection(556)) - s3@group-6B83B4D95946: set firstElectionSinceStartup to false for appendEntries
2023-08-28 07:17:59,862 [nioEventLoopGroup-91-1] INFO  server.RaftServer$Division (ServerState.java:setLeader(260)) - s3@group-6B83B4D95946: change Leader from null to s8 at term 1 for appendEntries, leader elected after 266ms
2023-08-28 07:17:59,862 [nioEventLoopGroup-91-1] INFO  impl.RoleInfo (RoleInfo.java:updateAndGet(138)) - s3: start s3@group-6B83B4D95946-FollowerState
2023-08-28 07:17:59,862 [nioEventLoopGroup-86-1] INFO  logging.LoggingHandler (AbstractInternalLogger.java:log(148)) - [id: 0xdebe14a1, L:/0.0.0.0:46017] READ: [id: 0xfd6c2f82, L:/10.1.0.28:46017 - R:/10.1.0.28:56118]
2023-08-28 07:17:59,864 [nioEventLoopGroup-100-1] INFO  server.RaftServer$Division (RaftServerImpl.java:setFirstElection(556)) - s6@group-6B83B4D95946: set firstElectionSinceStartup to false for appendEntries
2023-08-28 07:17:59,864 [nioEventLoopGroup-100-1] INFO  server.RaftServer$Division (ServerState.java:setLeader(260)) - s6@group-6B83B4D95946: change Leader from null to s8 at term 1 for appendEntries, leader elected after 61ms
2023-08-28 07:17:59,864 [nioEventLoopGroup-100-1] INFO  impl.RoleInfo (RoleInfo.java:updateAndGet(138)) - s6: start s6@group-6B83B4D95946-FollowerState
2023-08-28 07:17:59,864 [nioEventLoopGroup-96-1] INFO  logging.LoggingHandler (AbstractInternalLogger.java:log(148)) - [id: 0x34e461c6, L:/0.0.0.0:35717] READ: [id: 0x0c9e8ee1, L:/10.1.0.28:35717 - R:/10.1.0.28:48724]
2023-08-28 07:17:59,864 [nioEventLoopGroup-96-1] INFO  logging.LoggingHandler (AbstractInternalLogger.java:log(148)) - [id: 0x34e461c6, L:/0.0.0.0:35717] READ COMPLETE
2023-08-28 07:17:59,864 [nioEventLoopGroup-84-1] INFO  logging.LoggingHandler (AbstractInternalLogger.java:log(148)) - [id: 0x3cfb2e48, L:/0.0.0.0:37301] READ: [id: 0x2e66a529, L:/10.1.0.28:37301 - R:/10.1.0.28:33468]
2023-08-28 07:17:59,865 [nioEventLoopGroup-84-1] INFO  logging.LoggingHandler (AbstractInternalLogger.java:log(148)) - [id: 0x3cfb2e48, L:/0.0.0.0:37301] READ COMPLETE
2023-08-28 07:17:59,866 [nioEventLoopGroup-93-1] INFO  logging.LoggingHandler (AbstractInternalLogger.java:log(148)) - [id: 0x3e2faf44, L:/0.0.0.0:45719] READ: [id: 0xfcfc4717, L:/10.1.0.28:45719 - R:/10.1.0.28:35056]
2023-08-28 07:17:59,866 [nioEventLoopGroup-93-1] INFO  logging.LoggingHandler (AbstractInternalLogger.java:log(148)) - [id: 0x3e2faf44, L:/0.0.0.0:45719] READ COMPLETE
2023-08-28 07:17:59,866 [nioEventLoopGroup-81-1] INFO  logging.LoggingHandler (AbstractInternalLogger.java:log(148)) - [id: 0xe8e7051e, L:/0.0.0.0:46813] READ: [id: 0xab643681, L:/10.1.0.28:46813 - R:/10.1.0.28:39732]
2023-08-28 07:17:59,866 [nioEventLoopGroup-81-1] INFO  logging.LoggingHandler (AbstractInternalLogger.java:log(148)) - [id: 0xe8e7051e, L:/0.0.0.0:46813] READ COMPLETE
2023-08-28 07:17:59,867 [nioEventLoopGroup-97-1] INFO  server.RaftServer$Division (RaftServerImpl.java:setFirstElection(556)) - s5@group-6B83B4D95946: set firstElectionSinceStartup to false for appendEntries
2023-08-28 07:17:59,867 [nioEventLoopGroup-97-1] INFO  server.RaftServer$Division (ServerState.java:setLeader(260)) - s5@group-6B83B4D95946: change Leader from null to s8 at term 1 for appendEntries, leader elected after 93ms
2023-08-28 07:17:59,867 [nioEventLoopGroup-97-1] INFO  impl.RoleInfo (RoleInfo.java:updateAndGet(138)) - s5: start s5@group-6B83B4D95946-FollowerState
2023-08-28 07:17:59,867 [nioEventLoopGroup-86-1] INFO  logging.LoggingHandler (AbstractInternalLogger.java:log(148)) - [id: 0xdebe14a1, L:/0.0.0.0:46017] READ COMPLETE
2023-08-28 07:17:59,868 [nioEventLoopGroup-85-1] INFO  server.RaftServer$Division (RaftServerImpl.java:setFirstElection(556)) - s1@group-6B83B4D95946: set firstElectionSinceStartup to false for appendEntries
2023-08-28 07:17:59,868 [nioEventLoopGroup-85-1] INFO  server.RaftServer$Division (ServerState.java:setLeader(260)) - s1@group-6B83B4D95946: change Leader from null to s8 at term 1 for appendEntries, leader elected after 193ms
2023-08-28 07:17:59,868 [nioEventLoopGroup-85-1] INFO  impl.RoleInfo (RoleInfo.java:updateAndGet(138)) - s1: start s1@group-6B83B4D95946-FollowerState
2023-08-28 07:17:59,868 [nioEventLoopGroup-94-1] INFO  server.RaftServer$Division (RaftServerImpl.java:setFirstElection(556)) - s4@group-6B83B4D95946: set firstElectionSinceStartup to false for appendEntries
2023-08-28 07:17:59,868 [nioEventLoopGroup-82-1] INFO  server.RaftServer$Division (RaftServerImpl.java:setFirstElection(556)) - s0@group-6B83B4D95946: set firstElectionSinceStartup to false for appendEntries
2023-08-28 07:17:59,868 [nioEventLoopGroup-82-1] INFO  server.RaftServer$Division (ServerState.java:setLeader(260)) - s0@group-6B83B4D95946: change Leader from null to s8 at term 1 for appendEntries, leader elected after 216ms
2023-08-28 07:17:59,868 [nioEventLoopGroup-82-1] INFO  impl.RoleInfo (RoleInfo.java:updateAndGet(138)) - s0: start s0@group-6B83B4D95946-FollowerState
2023-08-28 07:17:59,868 [nioEventLoopGroup-94-1] INFO  server.RaftServer$Division (ServerState.java:setLeader(260)) - s4@group-6B83B4D95946: change Leader from null to s8 at term 1 for appendEntries, leader elected after 235ms
2023-08-28 07:17:59,868 [nioEventLoopGroup-94-1] INFO  impl.RoleInfo (RoleInfo.java:updateAndGet(138)) - s4: start s4@group-6B83B4D95946-FollowerState
2023-08-28 07:17:59,871 [nioEventLoopGroup-87-4] INFO  server.RaftServer$Division (RaftServerImpl.java:setFirstElection(556)) - s2@group-6B83B4D95946: set firstElectionSinceStartup to false for appendEntries
2023-08-28 07:17:59,871 [nioEventLoopGroup-87-4] INFO  server.RaftServer$Division (ServerState.java:setLeader(260)) - s2@group-6B83B4D95946: change Leader from null to s8 at term 1 for appendEntries, leader elected after 159ms
2023-08-28 07:17:59,871 [nioEventLoopGroup-87-4] INFO  impl.RoleInfo (RoleInfo.java:updateAndGet(138)) - s2: start s2@group-6B83B4D95946-FollowerState
2023-08-28 07:17:59,871 [nioEventLoopGroup-101-1] INFO  logging.LoggingHandler (AbstractInternalLogger.java:log(148)) - [id: 0xaba520f8, L:/0.0.0.0:34047] READ COMPLETE
2023-08-28 07:17:59,878 [nioEventLoopGroup-91-1] DEBUG server.RaftServer$Division (RaftServerImpl.java:logAppendEntries(1471)) - s3@group-6B83B4D95946: receive appendEntries(s8, 1, null, 0, false, commits:[s8:c0, s3:c-1, s4:c-1, s5:c-1, s6:c-1, s7:c-1, s0:c-1, s1:c-1, s2:c-1], cId:407, entries: [(t:1, i:0), CONFIGURATIONENTRY(current:id: "s8"
address: "0.0.0.0:35321"
clientAddress: "0.0.0.0:35321"
adminAddress: "0.0.0.0:35321"
startupRole: FOLLOWER
, old:)]
2023-08-28 07:17:59,884 [nioEventLoopGroup-102-4] INFO  server.RaftServer$Division (RaftServerImpl.java:setFirstElection(556)) - s7@group-6B83B4D95946: set firstElectionSinceStartup to false for appendEntries
2023-08-28 07:17:59,886 [nioEventLoopGroup-102-4] INFO  server.RaftServer$Division (ServerState.java:setLeader(260)) - s7@group-6B83B4D95946: change Leader from null to s8 at term 1 for appendEntries, leader elected after 64ms
2023-08-28 07:17:59,886 [nioEventLoopGroup-102-4] INFO  impl.RoleInfo (RoleInfo.java:updateAndGet(138)) - s7: start s7@group-6B83B4D95946-FollowerState
2023-08-28 07:17:59,886 [nioEventLoopGroup-91-1] INFO  server.RaftServer$Division (ServerState.java:setRaftConf(377)) - s3@group-6B83B4D95946: set configuration 0: peers:[s8|rpc:0.0.0.0:35321|dataStream:|priority:0|startupRole:FOLLOWER]|listeners:[], old=null
2023-08-28 07:17:59,886 [nioEventLoopGroup-91-1] INFO  segmented.SegmentedRaftLogWorker (SegmentedRaftLogWorker.java:startLogSegment(427)) - s3@group-6B83B4D95946-SegmentedRaftLogWorker: Starting segment from index:0
2023-08-28 07:17:59,896 [nioEventLoopGroup-82-1] DEBUG server.RaftServer$Division (RaftServerImpl.java:logAppendEntries(1471)) - s0@group-6B83B4D95946: receive appendEntries(s8, 1, null, 0, false, commits:[s8:c0, s3:c-1, s4:c-1, s5:c-1, s6:c-1, s7:c-1, s0:c-1, s1:c-1, s2:c-1], cId:408, entries: [(t:1, i:0), CONFIGURATIONENTRY(current:id: "s8"
address: "0.0.0.0:35321"
clientAddress: "0.0.0.0:35321"
adminAddress: "0.0.0.0:35321"
startupRole: FOLLOWER
, old:)]
2023-08-28 07:17:59,897 [nioEventLoopGroup-100-1] DEBUG server.RaftServer$Division (RaftServerImpl.java:logAppendEntries(1471)) - s6@group-6B83B4D95946: receive appendEntries(s8, 1, null, 0, false, commits:[s8:c0, s3:c-1, s4:c-1, s5:c-1, s6:c-1, s7:c-1, s0:c-1, s1:c-1, s2:c-1], cId:410, entries: [(t:1, i:0), CONFIGURATIONENTRY(current:id: "s8"
address: "0.0.0.0:35321"
clientAddress: "0.0.0.0:35321"
adminAddress: "0.0.0.0:35321"
startupRole: FOLLOWER
, old:)]
2023-08-28 07:17:59,898 [nioEventLoopGroup-94-1] DEBUG server.RaftServer$Division (RaftServerImpl.java:logAppendEntries(1471)) - s4@group-6B83B4D95946: receive appendEntries(s8, 1, null, 0, false, commits:[s8:c0, s3:c-1, s4:c-1, s5:c-1, s6:c-1, s7:c-1, s0:c-1, s1:c-1, s2:c-1], cId:409, entries: [(t:1, i:0), CONFIGURATIONENTRY(current:id: "s8"
address: "0.0.0.0:35321"
clientAddress: "0.0.0.0:35321"
adminAddress: "0.0.0.0:35321"
startupRole: FOLLOWER
, old:)]
2023-08-28 07:17:59,898 [nioEventLoopGroup-97-1] DEBUG server.RaftServer$Division (RaftServerImpl.java:logAppendEntries(1471)) - s5@group-6B83B4D95946: receive appendEntries(s8, 1, null, 0, false, commits:[s8:c0, s3:c-1, s4:c-1, s5:c-1, s6:c-1, s7:c-1, s0:c-1, s1:c-1, s2:c-1], cId:412, entries: [(t:1, i:0), CONFIGURATIONENTRY(current:id: "s8"
address: "0.0.0.0:35321"
clientAddress: "0.0.0.0:35321"
adminAddress: "0.0.0.0:35321"
startupRole: FOLLOWER
, old:)]
2023-08-28 07:17:59,898 [nioEventLoopGroup-85-1] DEBUG server.RaftServer$Division (RaftServerImpl.java:logAppendEntries(1471)) - s1@group-6B83B4D95946: receive appendEntries(s8, 1, null, 0, false, commits:[s8:c0, s3:c-1, s4:c-1, s5:c-1, s6:c-1, s7:c-1, s0:c-1, s1:c-1, s2:c-1], cId:411, entries: [(t:1, i:0), CONFIGURATIONENTRY(current:id: "s8"
address: "0.0.0.0:35321"
clientAddress: "0.0.0.0:35321"
adminAddress: "0.0.0.0:35321"
startupRole: FOLLOWER
, old:)]
2023-08-28 07:17:59,902 [nioEventLoopGroup-82-1] INFO  server.RaftServer$Division (ServerState.java:setRaftConf(377)) - s0@group-6B83B4D95946: set configuration 0: peers:[s8|rpc:0.0.0.0:35321|dataStream:|priority:0|startupRole:FOLLOWER]|listeners:[], old=null
2023-08-28 07:17:59,902 [nioEventLoopGroup-82-1] INFO  segmented.SegmentedRaftLogWorker (SegmentedRaftLogWorker.java:startLogSegment(427)) - s0@group-6B83B4D95946-SegmentedRaftLogWorker: Starting segment from index:0
2023-08-28 07:17:59,903 [nioEventLoopGroup-87-4] DEBUG server.RaftServer$Division (RaftServerImpl.java:logAppendEntries(1471)) - s2@group-6B83B4D95946: receive appendEntries(s8, 1, null, 0, false, commits:[s8:c0, s3:c-1, s4:c-1, s5:c-1, s6:c-1, s7:c-1, s0:c-1, s1:c-1, s2:c-1], cId:413, entries: [(t:1, i:0), CONFIGURATIONENTRY(current:id: "s8"
address: "0.0.0.0:35321"
clientAddress: "0.0.0.0:35321"
adminAddress: "0.0.0.0:35321"
startupRole: FOLLOWER
, old:)]
2023-08-28 07:17:59,903 [nioEventLoopGroup-100-1] INFO  server.RaftServer$Division (ServerState.java:setRaftConf(377)) - s6@group-6B83B4D95946: set configuration 0: peers:[s8|rpc:0.0.0.0:35321|dataStream:|priority:0|startupRole:FOLLOWER]|listeners:[], old=null
2023-08-28 07:17:59,903 [nioEventLoopGroup-100-1] INFO  segmented.SegmentedRaftLogWorker (SegmentedRaftLogWorker.java:startLogSegment(427)) - s6@group-6B83B4D95946-SegmentedRaftLogWorker: Starting segment from index:0
2023-08-28 07:17:59,906 [nioEventLoopGroup-94-1] INFO  server.RaftServer$Division (ServerState.java:setRaftConf(377)) - s4@group-6B83B4D95946: set configuration 0: peers:[s8|rpc:0.0.0.0:35321|dataStream:|priority:0|startupRole:FOLLOWER]|listeners:[], old=null
2023-08-28 07:17:59,906 [nioEventLoopGroup-94-1] INFO  segmented.SegmentedRaftLogWorker (SegmentedRaftLogWorker.java:startLogSegment(427)) - s4@group-6B83B4D95946-SegmentedRaftLogWorker: Starting segment from index:0
2023-08-28 07:17:59,909 [nioEventLoopGroup-97-1] INFO  server.RaftServer$Division (ServerState.java:setRaftConf(377)) - s5@group-6B83B4D95946: set configuration 0: peers:[s8|rpc:0.0.0.0:35321|dataStream:|priority:0|startupRole:FOLLOWER]|listeners:[], old=null
2023-08-28 07:17:59,910 [nioEventLoopGroup-97-1] INFO  segmented.SegmentedRaftLogWorker (SegmentedRaftLogWorker.java:startLogSegment(427)) - s5@group-6B83B4D95946-SegmentedRaftLogWorker: Starting segment from index:0
2023-08-28 07:17:59,910 [nioEventLoopGroup-85-1] INFO  server.RaftServer$Division (ServerState.java:setRaftConf(377)) - s1@group-6B83B4D95946: set configuration 0: peers:[s8|rpc:0.0.0.0:35321|dataStream:|priority:0|startupRole:FOLLOWER]|listeners:[], old=null
2023-08-28 07:17:59,910 [nioEventLoopGroup-85-1] INFO  segmented.SegmentedRaftLogWorker (SegmentedRaftLogWorker.java:startLogSegment(427)) - s1@group-6B83B4D95946-SegmentedRaftLogWorker: Starting segment from index:0
2023-08-28 07:17:59,917 [s0@group-6B83B4D95946-SegmentedRaftLogWorker] INFO  segmented.SegmentedRaftLogWorker (SegmentedRaftLogWorker.java:execute(631)) - s0@group-6B83B4D95946-SegmentedRaftLogWorker: created new log segment /home/runner/work/ratis/ratis/ratis-test/target/test/data/c5bbf9cd/MiniRaftClusterWithNetty9d0d4a8/s0/a97969aa-6f2f-49fd-9492-6b83b4d95946/current/log_inprogress_0
2023-08-28 07:17:59,918 [nioEventLoopGroup-87-4] INFO  server.RaftServer$Division (ServerState.java:setRaftConf(377)) - s2@group-6B83B4D95946: set configuration 0: peers:[s8|rpc:0.0.0.0:35321|dataStream:|priority:0|startupRole:FOLLOWER]|listeners:[], old=null
2023-08-28 07:17:59,918 [nioEventLoopGroup-87-4] INFO  segmented.SegmentedRaftLogWorker (SegmentedRaftLogWorker.java:startLogSegment(427)) - s2@group-6B83B4D95946-SegmentedRaftLogWorker: Starting segment from index:0
2023-08-28 07:17:59,918 [s3@group-6B83B4D95946-SegmentedRaftLogWorker] INFO  segmented.SegmentedRaftLogWorker (SegmentedRaftLogWorker.java:execute(631)) - s3@group-6B83B4D95946-SegmentedRaftLogWorker: created new log segment /home/runner/work/ratis/ratis/ratis-test/target/test/data/c5bbf9cd/MiniRaftClusterWithNetty9d0d4a8/s3/a97969aa-6f2f-49fd-9492-6b83b4d95946/current/log_inprogress_0
2023-08-28 07:17:59,923 [s0-server-thread1] DEBUG server.RaftServer$Division (RaftServerImpl.java:logAppendEntries(1471)) - s0@group-6B83B4D95946: succeeded to handle AppendEntries. Reply: s8<-s0#408:OK-t1,SUCCESS,nextIndex=1,followerCommit=0,matchIndex=0
2023-08-28 07:17:59,923 [s4@group-6B83B4D95946-SegmentedRaftLogWorker] INFO  segmented.SegmentedRaftLogWorker (SegmentedRaftLogWorker.java:execute(631)) - s4@group-6B83B4D95946-SegmentedRaftLogWorker: created new log segment /home/runner/work/ratis/ratis/ratis-test/target/test/data/c5bbf9cd/MiniRaftClusterWithNetty9d0d4a8/s4/a97969aa-6f2f-49fd-9492-6b83b4d95946/current/log_inprogress_0
2023-08-28 07:17:59,924 [nioEventLoopGroup-102-4] DEBUG server.RaftServer$Division (RaftServerImpl.java:logAppendEntries(1471)) - s7@group-6B83B4D95946: receive appendEntries(s8, 1, null, 0, false, commits:[s8:c0, s3:c-1, s4:c-1, s5:c-1, s6:c-1, s7:c-1, s0:c-1, s1:c-1, s2:c-1], cId:414, entries: [(t:1, i:0), CONFIGURATIONENTRY(current:id: "s8"
address: "0.0.0.0:35321"
clientAddress: "0.0.0.0:35321"
adminAddress: "0.0.0.0:35321"
startupRole: FOLLOWER
, old:)]
2023-08-28 07:17:59,924 [s8@group-6B83B4D95946-LeaderStateImpl] INFO  server.RaftServer$Division (ServerState.java:setRaftConf(377)) - s8@group-6B83B4D95946: set configuration 1: peers:[s3|rpc:0.0.0.0:36829|dataStream:|priority:0|startupRole:FOLLOWER, s4|rpc:0.0.0.0:45719|dataStream:|priority:0|startupRole:FOLLOWER, s5|rpc:0.0.0.0:35717|dataStream:|priority:0|startupRole:FOLLOWER, s6|rpc:0.0.0.0:46025|dataStream:|priority:0|startupRole:FOLLOWER, s7|rpc:0.0.0.0:34047|dataStream:|priority:0|startupRole:FOLLOWER, s8|rpc:0.0.0.0:35321|dataStream:|priority:0|startupRole:FOLLOWER, s0|rpc:0.0.0.0:46813|dataStream:|priority:0|startupRole:FOLLOWER, s1|rpc:0.0.0.0:37301|dataStream:|priority:0|startupRole:FOLLOWER, s2|rpc:0.0.0.0:46017|dataStream:|priority:0|startupRole:FOLLOWER]|listeners:[], old=peers:[s8|rpc:0.0.0.0:35321|dataStream:|priority:0|startupRole:FOLLOWER]|listeners:[]
2023-08-28 07:17:59,926 [nioEventLoopGroup-82-1] DEBUG server.RaftServer$Division (RaftServerImpl.java:logAppendEntries(1471)) - s0@group-6B83B4D95946: receive appendEntries(s8, 1, (t:1, i:0), 0, true, commits:[s8:c0, s3:c-1, s4:c-1, s5:c-1, s6:c-1, s7:c-1, s0:c0, s1:c-1, s2:c-1], cId:415, entries: [(t:1, i:1), CONFIGURATIONENTRY(current:id: "s3"
address: "0.0.0.0:36829"
clientAddress: "0.0.0.0:36829"
adminAddress: "0.0.0.0:36829"
startupRole: FOLLOWER
,id: "s4"
address: "0.0.0.0:45719"
clientAddress: "0.0.0.0:45719"
adminAddress: "0.0.0.0:45719"
startupRole: FOLLOWER
,id: "s5"
address: "0.0.0.0:35717"
clientAddress: "0.0.0.0:35717"
adminAddress: "0.0.0.0:35717"
startupRole: FOLLOWER
,id: "s6"
address: "0.0.0.0:46025"
clientAddress: "0.0.0.0:46025"
adminAddress: "0.0.0.0:46025"
startupRole: FOLLOWER
,id: "s7"
address: "0.0.0.0:34047"
clientAddress: "0.0.0.0:34047"
adminAddress: "0.0.0.0:34047"
startupRole: FOLLOWER
,id: "s8"
address: "0.0.0.0:35321"
clientAddress: "0.0.0.0:35321"
adminAddress: "0.0.0.0:35321"
startupRole: FOLLOWER
,id: "s0"
address: "0.0.0.0:46813"
clientAddress: "0.0.0.0:46813"
adminAddress: "0.0.0.0:46813"
startupRole: FOLLOWER
,id: "s1"
address: "0.0.0.0:37301"
clientAddress: "0.0.0.0:37301"
adminAddress: "0.0.0.0:37301"
startupRole: FOLLOWER
,id: "s2"
address: "0.0.0.0:46017"
clientAddress: "0.0.0.0:46017"
adminAddress: "0.0.0.0:46017"
startupRole: FOLLOWER
, old:id: "s8"
address: "0.0.0.0:35321"
clientAddress: "0.0.0.0:35321"
adminAddress: "0.0.0.0:35321"
startupRole: FOLLOWER
)]
2023-08-28 07:17:59,926 [nioEventLoopGroup-82-1] INFO  server.RaftServer$Division (ServerState.java:setRaftConf(377)) - s0@group-6B83B4D95946: set configuration 1: peers:[s3|rpc:0.0.0.0:36829|dataStream:|priority:0|startupRole:FOLLOWER, s4|rpc:0.0.0.0:45719|dataStream:|priority:0|startupRole:FOLLOWER, s5|rpc:0.0.0.0:35717|dataStream:|priority:0|startupRole:FOLLOWER, s6|rpc:0.0.0.0:46025|dataStream:|priority:0|startupRole:FOLLOWER, s7|rpc:0.0.0.0:34047|dataStream:|priority:0|startupRole:FOLLOWER, s8|rpc:0.0.0.0:35321|dataStream:|priority:0|startupRole:FOLLOWER, s0|rpc:0.0.0.0:46813|dataStream:|priority:0|startupRole:FOLLOWER, s1|rpc:0.0.0.0:37301|dataStream:|priority:0|startupRole:FOLLOWER, s2|rpc:0.0.0.0:46017|dataStream:|priority:0|startupRole:FOLLOWER]|listeners:[], old=peers:[s8|rpc:0.0.0.0:35321|dataStream:|priority:0|startupRole:FOLLOWER]|listeners:[]
2023-08-28 07:17:59,926 [nioEventLoopGroup-102-4] INFO  server.RaftServer$Division (ServerState.java:setRaftConf(377)) - s7@group-6B83B4D95946: set configuration 0: peers:[s8|rpc:0.0.0.0:35321|dataStream:|priority:0|startupRole:FOLLOWER]|listeners:[], old=null
2023-08-28 07:17:59,927 [nioEventLoopGroup-102-4] INFO  segmented.SegmentedRaftLogWorker (SegmentedRaftLogWorker.java:startLogSegment(427)) - s7@group-6B83B4D95946-SegmentedRaftLogWorker: Starting segment from index:0
2023-08-28 07:17:59,927 [s3-server-thread1] DEBUG server.RaftServer$Division (RaftServerImpl.java:logAppendEntries(1471)) - s3@group-6B83B4D95946: succeeded to handle AppendEntries. Reply: s8<-s3#407:OK-t1,SUCCESS,nextIndex=1,followerCommit=0,matchIndex=0
2023-08-28 07:17:59,928 [nioEventLoopGroup-91-1] DEBUG server.RaftServer$Division (RaftServerImpl.java:logAppendEntries(1471)) - s3@group-6B83B4D95946: receive appendEntries(s8, 1, (t:1, i:0), 0, true, commits:[s8:c0, s3:c0, s4:c-1, s5:c-1, s6:c-1, s7:c-1, s0:c0, s1:c-1, s2:c-1], cId:416, entries: [(t:1, i:1), CONFIGURATIONENTRY(current:id: "s3"
address: "0.0.0.0:36829"
clientAddress: "0.0.0.0:36829"
adminAddress: "0.0.0.0:36829"
startupRole: FOLLOWER
,id: "s4"
address: "0.0.0.0:45719"
clientAddress: "0.0.0.0:45719"
adminAddress: "0.0.0.0:45719"
startupRole: FOLLOWER
,id: "s5"
address: "0.0.0.0:35717"
clientAddress: "0.0.0.0:35717"
adminAddress: "0.0.0.0:35717"
startupRole: FOLLOWER
,id: "s6"
address: "0.0.0.0:46025"
clientAddress: "0.0.0.0:46025"
adminAddress: "0.0.0.0:46025"
startupRole: FOLLOWER
,id: "s7"
address: "0.0.0.0:34047"
clientAddress: "0.0.0.0:34047"
adminAddress: "0.0.0.0:34047"
startupRole: FOLLOWER
,id: "s8"
address: "0.0.0.0:35321"
clientAddress: "0.0.0.0:35321"
adminAddress: "0.0.0.0:35321"
startupRole: FOLLOWER
,id: "s0"
address: "0.0.0.0:46813"
clientAddress: "0.0.0.0:46813"
adminAddress: "0.0.0.0:46813"
startupRole: FOLLOWER
,id: "s1"
address: "0.0.0.0:37301"
clientAddress: "0.0.0.0:37301"
adminAddress: "0.0.0.0:37301"
startupRole: FOLLOWER
,id: "s2"
address: "0.0.0.0:46017"
clientAddress: "0.0.0.0:46017"
adminAddress: "0.0.0.0:46017"
startupRole: FOLLOWER
, old:id: "s8"
address: "0.0.0.0:35321"
clientAddress: "0.0.0.0:35321"
adminAddress: "0.0.0.0:35321"
startupRole: FOLLOWER
)]
2023-08-28 07:17:59,928 [nioEventLoopGroup-91-1] INFO  server.RaftServer$Division (ServerState.java:setRaftConf(377)) - s3@group-6B83B4D95946: set configuration 1: peers:[s3|rpc:0.0.0.0:36829|dataStream:|priority:0|startupRole:FOLLOWER, s4|rpc:0.0.0.0:45719|dataStream:|priority:0|startupRole:FOLLOWER, s5|rpc:0.0.0.0:35717|dataStream:|priority:0|startupRole:FOLLOWER, s6|rpc:0.0.0.0:46025|dataStream:|priority:0|startupRole:FOLLOWER, s7|rpc:0.0.0.0:34047|dataStream:|priority:0|startupRole:FOLLOWER, s8|rpc:0.0.0.0:35321|dataStream:|priority:0|startupRole:FOLLOWER, s0|rpc:0.0.0.0:46813|dataStream:|priority:0|startupRole:FOLLOWER, s1|rpc:0.0.0.0:37301|dataStream:|priority:0|startupRole:FOLLOWER, s2|rpc:0.0.0.0:46017|dataStream:|priority:0|startupRole:FOLLOWER]|listeners:[], old=peers:[s8|rpc:0.0.0.0:35321|dataStream:|priority:0|startupRole:FOLLOWER]|listeners:[]
2023-08-28 07:17:59,929 [s4-server-thread1] DEBUG server.RaftServer$Division (RaftServerImpl.java:logAppendEntries(1471)) - s4@group-6B83B4D95946: succeeded to handle AppendEntries. Reply: s8<-s4#409:OK-t1,SUCCESS,nextIndex=1,followerCommit=0,matchIndex=0
2023-08-28 07:17:59,930 [s5@group-6B83B4D95946-SegmentedRaftLogWorker] INFO  segmented.SegmentedRaftLogWorker (SegmentedRaftLogWorker.java:execute(631)) - s5@group-6B83B4D95946-SegmentedRaftLogWorker: created new log segment /home/runner/work/ratis/ratis/ratis-test/target/test/data/c5bbf9cd/MiniRaftClusterWithNetty9d0d4a8/s5/a97969aa-6f2f-49fd-9492-6b83b4d95946/current/log_inprogress_0
2023-08-28 07:17:59,930 [s0-server-thread1] DEBUG server.RaftServer$Division (RaftServerImpl.java:logAppendEntries(1471)) - s0@group-6B83B4D95946: succeeded to handle AppendEntries. Reply: s8<-s0#415:OK-t1,SUCCESS,nextIndex=2,followerCommit=0,matchIndex=1
2023-08-28 07:17:59,930 [s3-server-thread1] DEBUG server.RaftServer$Division (RaftServerImpl.java:logAppendEntries(1471)) - s3@group-6B83B4D95946: succeeded to handle AppendEntries. Reply: s8<-s3#416:OK-t1,SUCCESS,nextIndex=2,followerCommit=0,matchIndex=1
2023-08-28 07:17:59,932 [nioEventLoopGroup-94-1] DEBUG server.RaftServer$Division (RaftServerImpl.java:logAppendEntries(1471)) - s4@group-6B83B4D95946: receive appendEntries(s8, 1, (t:1, i:0), 0, true, commits:[s8:c0, s3:c0, s4:c0, s5:c-1, s6:c-1, s7:c-1, s0:c0, s1:c-1, s2:c-1], cId:417, entries: [(t:1, i:1), CONFIGURATIONENTRY(current:id: "s3"
address: "0.0.0.0:36829"
clientAddress: "0.0.0.0:36829"
adminAddress: "0.0.0.0:36829"
startupRole: FOLLOWER
,id: "s4"
address: "0.0.0.0:45719"
clientAddress: "0.0.0.0:45719"
adminAddress: "0.0.0.0:45719"
startupRole: FOLLOWER
,id: "s5"
address: "0.0.0.0:35717"
clientAddress: "0.0.0.0:35717"
adminAddress: "0.0.0.0:35717"
startupRole: FOLLOWER
,id: "s6"
address: "0.0.0.0:46025"
clientAddress: "0.0.0.0:46025"
adminAddress: "0.0.0.0:46025"
startupRole: FOLLOWER
,id: "s7"
address: "0.0.0.0:34047"
clientAddress: "0.0.0.0:34047"
adminAddress: "0.0.0.0:34047"
startupRole: FOLLOWER
,id: "s8"
address: "0.0.0.0:35321"
clientAddress: "0.0.0.0:35321"
adminAddress: "0.0.0.0:35321"
startupRole: FOLLOWER
,id: "s0"
address: "0.0.0.0:46813"
clientAddress: "0.0.0.0:46813"
adminAddress: "0.0.0.0:46813"
startupRole: FOLLOWER
,id: "s1"
address: "0.0.0.0:37301"
clientAddress: "0.0.0.0:37301"
adminAddress: "0.0.0.0:37301"
startupRole: FOLLOWER
,id: "s2"
address: "0.0.0.0:46017"
clientAddress: "0.0.0.0:46017"
adminAddress: "0.0.0.0:46017"
startupRole: FOLLOWER
, old:id: "s8"
address: "0.0.0.0:35321"
clientAddress: "0.0.0.0:35321"
adminAddress: "0.0.0.0:35321"
startupRole: FOLLOWER
)]
2023-08-28 07:17:59,932 [nioEventLoopGroup-94-1] INFO  server.RaftServer$Division (ServerState.java:setRaftConf(377)) - s4@group-6B83B4D95946: set configuration 1: peers:[s3|rpc:0.0.0.0:36829|dataStream:|priority:0|startupRole:FOLLOWER, s4|rpc:0.0.0.0:45719|dataStream:|priority:0|startupRole:FOLLOWER, s5|rpc:0.0.0.0:35717|dataStream:|priority:0|startupRole:FOLLOWER, s6|rpc:0.0.0.0:46025|dataStream:|priority:0|startupRole:FOLLOWER, s7|rpc:0.0.0.0:34047|dataStream:|priority:0|startupRole:FOLLOWER, s8|rpc:0.0.0.0:35321|dataStream:|priority:0|startupRole:FOLLOWER, s0|rpc:0.0.0.0:46813|dataStream:|priority:0|startupRole:FOLLOWER, s1|rpc:0.0.0.0:37301|dataStream:|priority:0|startupRole:FOLLOWER, s2|rpc:0.0.0.0:46017|dataStream:|priority:0|startupRole:FOLLOWER]|listeners:[], old=peers:[s8|rpc:0.0.0.0:35321|dataStream:|priority:0|startupRole:FOLLOWER]|listeners:[]
2023-08-28 07:17:59,932 [s6@group-6B83B4D95946-SegmentedRaftLogWorker] INFO  segmented.SegmentedRaftLogWorker (SegmentedRaftLogWorker.java:execute(631)) - s6@group-6B83B4D95946-SegmentedRaftLogWorker: created new log segment /home/runner/work/ratis/ratis/ratis-test/target/test/data/c5bbf9cd/MiniRaftClusterWithNetty9d0d4a8/s6/a97969aa-6f2f-49fd-9492-6b83b4d95946/current/log_inprogress_0
2023-08-28 07:17:59,933 [s5-server-thread1] DEBUG server.RaftServer$Division (RaftServerImpl.java:logAppendEntries(1471)) - s5@group-6B83B4D95946: succeeded to handle AppendEntries. Reply: s8<-s5#412:OK-t1,SUCCESS,nextIndex=1,followerCommit=0,matchIndex=0
2023-08-28 07:17:59,935 [nioEventLoopGroup-97-1] DEBUG server.RaftServer$Division (RaftServerImpl.java:logAppendEntries(1471)) - s5@group-6B83B4D95946: receive appendEntries(s8, 1, (t:1, i:0), 0, true, commits:[s8:c0, s3:c0, s4:c0, s5:c0, s6:c-1, s7:c-1, s0:c0, s1:c-1, s2:c-1], cId:418, entries: [(t:1, i:1), CONFIGURATIONENTRY(current:id: "s3"
address: "0.0.0.0:36829"
clientAddress: "0.0.0.0:36829"
adminAddress: "0.0.0.0:36829"
startupRole: FOLLOWER
,id: "s4"
address: "0.0.0.0:45719"
clientAddress: "0.0.0.0:45719"
adminAddress: "0.0.0.0:45719"
startupRole: FOLLOWER
,id: "s5"
address: "0.0.0.0:35717"
clientAddress: "0.0.0.0:35717"
adminAddress: "0.0.0.0:35717"
startupRole: FOLLOWER
,id: "s6"
address: "0.0.0.0:46025"
clientAddress: "0.0.0.0:46025"
adminAddress: "0.0.0.0:46025"
startupRole: FOLLOWER
,id: "s7"
address: "0.0.0.0:34047"
clientAddress: "0.0.0.0:34047"
adminAddress: "0.0.0.0:34047"
startupRole: FOLLOWER
,id: "s8"
address: "0.0.0.0:35321"
clientAddress: "0.0.0.0:35321"
adminAddress: "0.0.0.0:35321"
startupRole: FOLLOWER
,id: "s0"
address: "0.0.0.0:46813"
clientAddress: "0.0.0.0:46813"
adminAddress: "0.0.0.0:46813"
startupRole: FOLLOWER
,id: "s1"
address: "0.0.0.0:37301"
clientAddress: "0.0.0.0:37301"
adminAddress: "0.0.0.0:37301"
startupRole: FOLLOWER
,id: "s2"
address: "0.0.0.0:46017"
clientAddress: "0.0.0.0:46017"
adminAddress: "0.0.0.0:46017"
startupRole: FOLLOWER
, old:id: "s8"
address: "0.0.0.0:35321"
clientAddress: "0.0.0.0:35321"
adminAddress: "0.0.0.0:35321"
startupRole: FOLLOWER
)]
2023-08-28 07:17:59,935 [nioEventLoopGroup-97-1] INFO  server.RaftServer$Division (ServerState.java:setRaftConf(377)) - s5@group-6B83B4D95946: set configuration 1: peers:[s3|rpc:0.0.0.0:36829|dataStream:|priority:0|startupRole:FOLLOWER, s4|rpc:0.0.0.0:45719|dataStream:|priority:0|startupRole:FOLLOWER, s5|rpc:0.0.0.0:35717|dataStream:|priority:0|startupRole:FOLLOWER, s6|rpc:0.0.0.0:46025|dataStream:|priority:0|startupRole:FOLLOWER, s7|rpc:0.0.0.0:34047|dataStream:|priority:0|startupRole:FOLLOWER, s8|rpc:0.0.0.0:35321|dataStream:|priority:0|startupRole:FOLLOWER, s0|rpc:0.0.0.0:46813|dataStream:|priority:0|startupRole:FOLLOWER, s1|rpc:0.0.0.0:37301|dataStream:|priority:0|startupRole:FOLLOWER, s2|rpc:0.0.0.0:46017|dataStream:|priority:0|startupRole:FOLLOWER]|listeners:[], old=peers:[s8|rpc:0.0.0.0:35321|dataStream:|priority:0|startupRole:FOLLOWER]|listeners:[]
2023-08-28 07:17:59,935 [s1@group-6B83B4D95946-SegmentedRaftLogWorker] INFO  segmented.SegmentedRaftLogWorker (SegmentedRaftLogWorker.java:execute(631)) - s1@group-6B83B4D95946-SegmentedRaftLogWorker: created new log segment /home/runner/work/ratis/ratis/ratis-test/target/test/data/c5bbf9cd/MiniRaftClusterWithNetty9d0d4a8/s1/a97969aa-6f2f-49fd-9492-6b83b4d95946/current/log_inprogress_0
2023-08-28 07:17:59,935 [s6-server-thread1] DEBUG server.RaftServer$Division (RaftServerImpl.java:logAppendEntries(1471)) - s6@group-6B83B4D95946: succeeded to handle AppendEntries. Reply: s8<-s6#410:OK-t1,SUCCESS,nextIndex=1,followerCommit=0,matchIndex=0
2023-08-28 07:17:59,937 [nioEventLoopGroup-100-1] DEBUG server.RaftServer$Division (RaftServerImpl.java:logAppendEntries(1471)) - s6@group-6B83B4D95946: receive appendEntries(s8, 1, (t:1, i:0), 0, true, commits:[s8:c0, s3:c0, s4:c0, s5:c0, s6:c0, s7:c-1, s0:c0, s1:c-1, s2:c-1], cId:419, entries: [(t:1, i:1), CONFIGURATIONENTRY(current:id: "s3"
address: "0.0.0.0:36829"
clientAddress: "0.0.0.0:36829"
adminAddress: "0.0.0.0:36829"
startupRole: FOLLOWER
,id: "s4"
address: "0.0.0.0:45719"
clientAddress: "0.0.0.0:45719"
adminAddress: "0.0.0.0:45719"
startupRole: FOLLOWER
,id: "s5"
address: "0.0.0.0:35717"
clientAddress: "0.0.0.0:35717"
adminAddress: "0.0.0.0:35717"
startupRole: FOLLOWER
,id: "s6"
address: "0.0.0.0:46025"
clientAddress: "0.0.0.0:46025"
adminAddress: "0.0.0.0:46025"
startupRole: FOLLOWER
,id: "s7"
address: "0.0.0.0:34047"
clientAddress: "0.0.0.0:34047"
adminAddress: "0.0.0.0:34047"
startupRole: FOLLOWER
,id: "s8"
address: "0.0.0.0:35321"
clientAddress: "0.0.0.0:35321"
adminAddress: "0.0.0.0:35321"
startupRole: FOLLOWER
,id: "s0"
address: "0.0.0.0:46813"
clientAddress: "0.0.0.0:46813"
adminAddress: "0.0.0.0:46813"
startupRole: FOLLOWER
,id: "s1"
address: "0.0.0.0:37301"
clientAddress: "0.0.0.0:37301"
adminAddress: "0.0.0.0:37301"
startupRole: FOLLOWER
,id: "s2"
address: "0.0.0.0:46017"
clientAddress: "0.0.0.0:46017"
adminAddress: "0.0.0.0:46017"
startupRole: FOLLOWER
, old:id: "s8"
address: "0.0.0.0:35321"
clientAddress: "0.0.0.0:35321"
adminAddress: "0.0.0.0:35321"
startupRole: FOLLOWER
)]
2023-08-28 07:17:59,937 [nioEventLoopGroup-100-1] INFO  server.RaftServer$Division (ServerState.java:setRaftConf(377)) - s6@group-6B83B4D95946: set configuration 1: peers:[s3|rpc:0.0.0.0:36829|dataStream:|priority:0|startupRole:FOLLOWER, s4|rpc:0.0.0.0:45719|dataStream:|priority:0|startupRole:FOLLOWER, s5|rpc:0.0.0.0:35717|dataStream:|priority:0|startupRole:FOLLOWER, s6|rpc:0.0.0.0:46025|dataStream:|priority:0|startupRole:FOLLOWER, s7|rpc:0.0.0.0:34047|dataStream:|priority:0|startupRole:FOLLOWER, s8|rpc:0.0.0.0:35321|dataStream:|priority:0|startupRole:FOLLOWER, s0|rpc:0.0.0.0:46813|dataStream:|priority:0|startupRole:FOLLOWER, s1|rpc:0.0.0.0:37301|dataStream:|priority:0|startupRole:FOLLOWER, s2|rpc:0.0.0.0:46017|dataStream:|priority:0|startupRole:FOLLOWER]|listeners:[], old=peers:[s8|rpc:0.0.0.0:35321|dataStream:|priority:0|startupRole:FOLLOWER]|listeners:[]
2023-08-28 07:17:59,937 [s6-server-thread1] DEBUG server.RaftServer$Division (RaftServerImpl.java:logAppendEntries(1471)) - s6@group-6B83B4D95946: succeeded to handle AppendEntries. Reply: s8<-s6#419:OK-t1,SUCCESS,nextIndex=2,followerCommit=0,matchIndex=1
2023-08-28 07:17:59,937 [s5-server-thread1] DEBUG server.RaftServer$Division (RaftServerImpl.java:logAppendEntries(1471)) - s5@group-6B83B4D95946: succeeded to handle AppendEntries. Reply: s8<-s5#418:OK-t1,SUCCESS,nextIndex=2,followerCommit=0,matchIndex=1
2023-08-28 07:17:59,938 [s1-server-thread1] DEBUG server.RaftServer$Division (RaftServerImpl.java:logAppendEntries(1471)) - s1@group-6B83B4D95946: succeeded to handle AppendEntries. Reply: s8<-s1#411:OK-t1,SUCCESS,nextIndex=1,followerCommit=0,matchIndex=0
2023-08-28 07:17:59,938 [s4-server-thread1] DEBUG server.RaftServer$Division (RaftServerImpl.java:logAppendEntries(1471)) - s4@group-6B83B4D95946: succeeded to handle AppendEntries. Reply: s8<-s4#417:OK-t1,SUCCESS,nextIndex=2,followerCommit=0,matchIndex=1
2023-08-28 07:17:59,938 [s2@group-6B83B4D95946-SegmentedRaftLogWorker] INFO  segmented.SegmentedRaftLogWorker (SegmentedRaftLogWorker.java:execute(631)) - s2@group-6B83B4D95946-SegmentedRaftLogWorker: created new log segment /home/runner/work/ratis/ratis/ratis-test/target/test/data/c5bbf9cd/MiniRaftClusterWithNetty9d0d4a8/s2/a97969aa-6f2f-49fd-9492-6b83b4d95946/current/log_inprogress_0
2023-08-28 07:17:59,939 [s8@group-6B83B4D95946-LeaderStateImpl] INFO  server.RaftServer$Division (ServerState.java:setRaftConf(377)) - s8@group-6B83B4D95946: set configuration 3: peers:[s3|rpc:0.0.0.0:36829|dataStream:|priority:0|startupRole:FOLLOWER, s4|rpc:0.0.0.0:45719|dataStream:|priority:0|startupRole:FOLLOWER, s5|rpc:0.0.0.0:35717|dataStream:|priority:0|startupRole:FOLLOWER, s6|rpc:0.0.0.0:46025|dataStream:|priority:0|startupRole:FOLLOWER, s7|rpc:0.0.0.0:34047|dataStream:|priority:0|startupRole:FOLLOWER, s8|rpc:0.0.0.0:35321|dataStream:|priority:0|startupRole:FOLLOWER, s0|rpc:0.0.0.0:46813|dataStream:|priority:0|startupRole:FOLLOWER, s1|rpc:0.0.0.0:37301|dataStream:|priority:0|startupRole:FOLLOWER, s2|rpc:0.0.0.0:46017|dataStream:|priority:0|startupRole:FOLLOWER]|listeners:[], old=null
2023-08-28 07:17:59,940 [nioEventLoopGroup-82-1] DEBUG server.RaftServer$Division (RaftServerImpl.java:logAppendEntries(1471)) - s0@group-6B83B4D95946: receive appendEntries(s8, 1, (t:1, i:1), 1, true, commits:[s8:c1, s3:c0, s4:c0, s5:c0, s6:c0, s7:c-1, s0:c0, s1:c-1, s2:c-1], cId:422, entries: [(t:1, i:2), METADATAENTRY(c:1), (t:1, i:3), CONFIGURATIONENTRY(current:id: "s3"
address: "0.0.0.0:36829"
clientAddress: "0.0.0.0:36829"
adminAddress: "0.0.0.0:36829"
startupRole: FOLLOWER
,id: "s4"
address: "0.0.0.0:45719"
clientAddress: "0.0.0.0:45719"
adminAddress: "0.0.0.0:45719"
startupRole: FOLLOWER
,id: "s5"
address: "0.0.0.0:35717"
clientAddress: "0.0.0.0:35717"
adminAddress: "0.0.0.0:35717"
startupRole: FOLLOWER
,id: "s6"
address: "0.0.0.0:46025"
clientAddress: "0.0.0.0:46025"
adminAddress: "0.0.0.0:46025"
startupRole: FOLLOWER
,id: "s7"
address: "0.0.0.0:34047"
clientAddress: "0.0.0.0:34047"
adminAddress: "0.0.0.0:34047"
startupRole: FOLLOWER
,id: "s8"
address: "0.0.0.0:35321"
clientAddress: "0.0.0.0:35321"
adminAddress: "0.0.0.0:35321"
startupRole: FOLLOWER
,id: "s0"
address: "0.0.0.0:46813"
clientAddress: "0.0.0.0:46813"
adminAddress: "0.0.0.0:46813"
startupRole: FOLLOWER
,id: "s1"
address: "0.0.0.0:37301"
clientAddress: "0.0.0.0:37301"
adminAddress: "0.0.0.0:37301"
startupRole: FOLLOWER
,id: "s2"
address: "0.0.0.0:46017"
clientAddress: "0.0.0.0:46017"
adminAddress: "0.0.0.0:46017"
startupRole: FOLLOWER
, old:)]
2023-08-28 07:17:59,940 [nioEventLoopGroup-94-1] DEBUG server.RaftServer$Division (RaftServerImpl.java:logAppendEntries(1471)) - s4@group-6B83B4D95946: receive appendEntries(s8, 1, (t:1, i:1), 1, true, commits:[s8:c1, s3:c0, s4:c0, s5:c0, s6:c0, s7:c-1, s0:c0, s1:c-1, s2:c-1], cId:423, entries: [(t:1, i:2), METADATAENTRY(c:1), (t:1, i:3), CONFIGURATIONENTRY(current:id: "s3"
address: "0.0.0.0:36829"
clientAddress: "0.0.0.0:36829"
adminAddress: "0.0.0.0:36829"
startupRole: FOLLOWER
,id: "s4"
address: "0.0.0.0:45719"
clientAddress: "0.0.0.0:45719"
adminAddress: "0.0.0.0:45719"
startupRole: FOLLOWER
,id: "s5"
address: "0.0.0.0:35717"
clientAddress: "0.0.0.0:35717"
adminAddress: "0.0.0.0:35717"
startupRole: FOLLOWER
,id: "s6"
address: "0.0.0.0:46025"
clientAddress: "0.0.0.0:46025"
adminAddress: "0.0.0.0:46025"
startupRole: FOLLOWER
,id: "s7"
address: "0.0.0.0:34047"
clientAddress: "0.0.0.0:34047"
adminAddress: "0.0.0.0:34047"
startupRole: FOLLOWER
,id: "s8"
address: "0.0.0.0:35321"
clientAddress: "0.0.0.0:35321"
adminAddress: "0.0.0.0:35321"
startupRole: FOLLOWER
,id: "s0"
address: "0.0.0.0:46813"
clientAddress: "0.0.0.0:46813"
adminAddress: "0.0.0.0:46813"
startupRole: FOLLOWER
,id: "s1"
address: "0.0.0.0:37301"
clientAddress: "0.0.0.0:37301"
adminAddress: "0.0.0.0:37301"
startupRole: FOLLOWER
,id: "s2"
address: "0.0.0.0:46017"
clientAddress: "0.0.0.0:46017"
adminAddress: "0.0.0.0:46017"
startupRole: FOLLOWER
, old:)]
2023-08-28 07:17:59,940 [nioEventLoopGroup-82-1] INFO  server.RaftServer$Division (ServerState.java:setRaftConf(377)) - s0@group-6B83B4D95946: set configuration 3: peers:[s3|rpc:0.0.0.0:36829|dataStream:|priority:0|startupRole:FOLLOWER, s4|rpc:0.0.0.0:45719|dataStream:|priority:0|startupRole:FOLLOWER, s5|rpc:0.0.0.0:35717|dataStream:|priority:0|startupRole:FOLLOWER, s6|rpc:0.0.0.0:46025|dataStream:|priority:0|startupRole:FOLLOWER, s7|rpc:0.0.0.0:34047|dataStream:|priority:0|startupRole:FOLLOWER, s8|rpc:0.0.0.0:35321|dataStream:|priority:0|startupRole:FOLLOWER, s0|rpc:0.0.0.0:46813|dataStream:|priority:0|startupRole:FOLLOWER, s1|rpc:0.0.0.0:37301|dataStream:|priority:0|startupRole:FOLLOWER, s2|rpc:0.0.0.0:46017|dataStream:|priority:0|startupRole:FOLLOWER]|listeners:[], old=null
2023-08-28 07:17:59,940 [nioEventLoopGroup-94-1] INFO  server.RaftServer$Division (ServerState.java:setRaftConf(377)) - s4@group-6B83B4D95946: set configuration 3: peers:[s3|rpc:0.0.0.0:36829|dataStream:|priority:0|startupRole:FOLLOWER, s4|rpc:0.0.0.0:45719|dataStream:|priority:0|startupRole:FOLLOWER, s5|rpc:0.0.0.0:35717|dataStream:|priority:0|startupRole:FOLLOWER, s6|rpc:0.0.0.0:46025|dataStream:|priority:0|startupRole:FOLLOWER, s7|rpc:0.0.0.0:34047|dataStream:|priority:0|startupRole:FOLLOWER, s8|rpc:0.0.0.0:35321|dataStream:|priority:0|startupRole:FOLLOWER, s0|rpc:0.0.0.0:46813|dataStream:|priority:0|startupRole:FOLLOWER, s1|rpc:0.0.0.0:37301|dataStream:|priority:0|startupRole:FOLLOWER, s2|rpc:0.0.0.0:46017|dataStream:|priority:0|startupRole:FOLLOWER]|listeners:[], old=null
2023-08-28 07:17:59,941 [nioEventLoopGroup-91-1] DEBUG server.RaftServer$Division (RaftServerImpl.java:logAppendEntries(1471)) - s3@group-6B83B4D95946: receive appendEntries(s8, 1, (t:1, i:1), 1, true, commits:[s8:c1, s3:c0, s4:c0, s5:c0, s6:c0, s7:c-1, s0:c0, s1:c-1, s2:c-1], cId:420, entries: [(t:1, i:2), METADATAENTRY(c:1), (t:1, i:3), CONFIGURATIONENTRY(current:id: "s3"
address: "0.0.0.0:36829"
clientAddress: "0.0.0.0:36829"
adminAddress: "0.0.0.0:36829"
startupRole: FOLLOWER
,id: "s4"
address: "0.0.0.0:45719"
clientAddress: "0.0.0.0:45719"
adminAddress: "0.0.0.0:45719"
startupRole: FOLLOWER
,id: "s5"
address: "0.0.0.0:35717"
clientAddress: "0.0.0.0:35717"
adminAddress: "0.0.0.0:35717"
startupRole: FOLLOWER
,id: "s6"
address: "0.0.0.0:46025"
clientAddress: "0.0.0.0:46025"
adminAddress: "0.0.0.0:46025"
startupRole: FOLLOWER
,id: "s7"
address: "0.0.0.0:34047"
clientAddress: "0.0.0.0:34047"
adminAddress: "0.0.0.0:34047"
startupRole: FOLLOWER
,id: "s8"
address: "0.0.0.0:35321"
clientAddress: "0.0.0.0:35321"
adminAddress: "0.0.0.0:35321"
startupRole: FOLLOWER
,id: "s0"
address: "0.0.0.0:46813"
clientAddress: "0.0.0.0:46813"
adminAddress: "0.0.0.0:46813"
startupRole: FOLLOWER
,id: "s1"
address: "0.0.0.0:37301"
clientAddress: "0.0.0.0:37301"
adminAddress: "0.0.0.0:37301"
startupRole: FOLLOWER
,id: "s2"
address: "0.0.0.0:46017"
clientAddress: "0.0.0.0:46017"
adminAddress: "0.0.0.0:46017"
startupRole: FOLLOWER
, old:)]
2023-08-28 07:17:59,941 [nioEventLoopGroup-91-1] INFO  server.RaftServer$Division (ServerState.java:setRaftConf(377)) - s3@group-6B83B4D95946: set configuration 3: peers:[s3|rpc:0.0.0.0:36829|dataStream:|priority:0|startupRole:FOLLOWER, s4|rpc:0.0.0.0:45719|dataStream:|priority:0|startupRole:FOLLOWER, s5|rpc:0.0.0.0:35717|dataStream:|priority:0|startupRole:FOLLOWER, s6|rpc:0.0.0.0:46025|dataStream:|priority:0|startupRole:FOLLOWER, s7|rpc:0.0.0.0:34047|dataStream:|priority:0|startupRole:FOLLOWER, s8|rpc:0.0.0.0:35321|dataStream:|priority:0|startupRole:FOLLOWER, s0|rpc:0.0.0.0:46813|dataStream:|priority:0|startupRole:FOLLOWER, s1|rpc:0.0.0.0:37301|dataStream:|priority:0|startupRole:FOLLOWER, s2|rpc:0.0.0.0:46017|dataStream:|priority:0|startupRole:FOLLOWER]|listeners:[], old=null
2023-08-28 07:17:59,942 [nioEventLoopGroup-100-1] DEBUG server.RaftServer$Division (RaftServerImpl.java:logAppendEntries(1471)) - s6@group-6B83B4D95946: receive appendEntries(s8, 1, (t:1, i:1), 1, true, commits:[s8:c1, s3:c0, s4:c0, s5:c0, s6:c0, s7:c-1, s0:c0, s1:c-1, s2:c-1], cId:424, entries: [(t:1, i:2), METADATAENTRY(c:1), (t:1, i:3), CONFIGURATIONENTRY(current:id: "s3"
address: "0.0.0.0:36829"
clientAddress: "0.0.0.0:36829"
adminAddress: "0.0.0.0:36829"
startupRole: FOLLOWER
,id: "s4"
address: "0.0.0.0:45719"
clientAddress: "0.0.0.0:45719"
adminAddress: "0.0.0.0:45719"
startupRole: FOLLOWER
,id: "s5"
address: "0.0.0.0:35717"
clientAddress: "0.0.0.0:35717"
adminAddress: "0.0.0.0:35717"
startupRole: FOLLOWER
,id: "s6"
address: "0.0.0.0:46025"
clientAddress: "0.0.0.0:46025"
adminAddress: "0.0.0.0:46025"
startupRole: FOLLOWER
,id: "s7"
address: "0.0.0.0:34047"
clientAddress: "0.0.0.0:34047"
adminAddress: "0.0.0.0:34047"
startupRole: FOLLOWER
,id: "s8"
address: "0.0.0.0:35321"
clientAddress: "0.0.0.0:35321"
adminAddress: "0.0.0.0:35321"
startupRole: FOLLOWER
,id: "s0"
address: "0.0.0.0:46813"
clientAddress: "0.0.0.0:46813"
adminAddress: "0.0.0.0:46813"
startupRole: FOLLOWER
,id: "s1"
address: "0.0.0.0:37301"
clientAddress: "0.0.0.0:37301"
adminAddress: "0.0.0.0:37301"
startupRole: FOLLOWER
,id: "s2"
address: "0.0.0.0:46017"
clientAddress: "0.0.0.0:46017"
adminAddress: "0.0.0.0:46017"
startupRole: FOLLOWER
, old:)]
2023-08-28 07:17:59,942 [s0-server-thread1] DEBUG server.RaftServer$Division (RaftServerImpl.java:logAppendEntries(1471)) - s0@group-6B83B4D95946: succeeded to handle AppendEntries. Reply: s8<-s0#422:OK-t1,SUCCESS,nextIndex=4,followerCommit=1,matchIndex=3
2023-08-28 07:17:59,942 [nioEventLoopGroup-100-1] INFO  server.RaftServer$Division (ServerState.java:setRaftConf(377)) - s6@group-6B83B4D95946: set configuration 3: peers:[s3|rpc:0.0.0.0:36829|dataStream:|priority:0|startupRole:FOLLOWER, s4|rpc:0.0.0.0:45719|dataStream:|priority:0|startupRole:FOLLOWER, s5|rpc:0.0.0.0:35717|dataStream:|priority:0|startupRole:FOLLOWER, s6|rpc:0.0.0.0:46025|dataStream:|priority:0|startupRole:FOLLOWER, s7|rpc:0.0.0.0:34047|dataStream:|priority:0|startupRole:FOLLOWER, s8|rpc:0.0.0.0:35321|dataStream:|priority:0|startupRole:FOLLOWER, s0|rpc:0.0.0.0:46813|dataStream:|priority:0|startupRole:FOLLOWER, s1|rpc:0.0.0.0:37301|dataStream:|priority:0|startupRole:FOLLOWER, s2|rpc:0.0.0.0:46017|dataStream:|priority:0|startupRole:FOLLOWER]|listeners:[], old=null
2023-08-28 07:17:59,942 [s3-server-thread1] DEBUG server.RaftServer$Division (RaftServerImpl.java:logAppendEntries(1471)) - s3@group-6B83B4D95946: succeeded to handle AppendEntries. Reply: s8<-s3#420:OK-t1,SUCCESS,nextIndex=4,followerCommit=1,matchIndex=3
2023-08-28 07:17:59,943 [s6-server-thread1] DEBUG server.RaftServer$Division (RaftServerImpl.java:logAppendEntries(1471)) - s6@group-6B83B4D95946: succeeded to handle AppendEntries. Reply: s8<-s6#424:OK-t1,SUCCESS,nextIndex=4,followerCommit=1,matchIndex=3
2023-08-28 07:17:59,943 [nioEventLoopGroup-85-1] DEBUG server.RaftServer$Division (RaftServerImpl.java:logAppendEntries(1471)) - s1@group-6B83B4D95946: receive appendEntries(s8, 1, (t:1, i:0), 1, true, commits:[s8:c1, s3:c0, s4:c0, s5:c0, s6:c0, s7:c-1, s0:c0, s1:c0, s2:c-1], cId:425, entries: [(t:1, i:1), CONFIGURATIONENTRY(current:id: "s3"
address: "0.0.0.0:36829"
clientAddress: "0.0.0.0:36829"
adminAddress: "0.0.0.0:36829"
startupRole: FOLLOWER
,id: "s4"
address: "0.0.0.0:45719"
clientAddress: "0.0.0.0:45719"
adminAddress: "0.0.0.0:45719"
startupRole: FOLLOWER
,id: "s5"
address: "0.0.0.0:35717"
clientAddress: "0.0.0.0:35717"
adminAddress: "0.0.0.0:35717"
startupRole: FOLLOWER
,id: "s6"
address: "0.0.0.0:46025"
clientAddress: "0.0.0.0:46025"
adminAddress: "0.0.0.0:46025"
startupRole: FOLLOWER
,id: "s7"
address: "0.0.0.0:34047"
clientAddress: "0.0.0.0:34047"
adminAddress: "0.0.0.0:34047"
startupRole: FOLLOWER
,id: "s8"
address: "0.0.0.0:35321"
clientAddress: "0.0.0.0:35321"
adminAddress: "0.0.0.0:35321"
startupRole: FOLLOWER
,id: "s0"
address: "0.0.0.0:46813"
clientAddress: "0.0.0.0:46813"
adminAddress: "0.0.0.0:46813"
startupRole: FOLLOWER
,id: "s1"
address: "0.0.0.0:37301"
clientAddress: "0.0.0.0:37301"
adminAddress: "0.0.0.0:37301"
startupRole: FOLLOWER
,id: "s2"
address: "0.0.0.0:46017"
clientAddress: "0.0.0.0:46017"
adminAddress: "0.0.0.0:46017"
startupRole: FOLLOWER
, old:id: "s8"
address: "0.0.0.0:35321"
clientAddress: "0.0.0.0:35321"
adminAddress: "0.0.0.0:35321"
startupRole: FOLLOWER
), (t:1, i:2), METADATAENTRY(c:1), (t:1, i:3), CONFIGURATIONENTRY(current:id: "s3"
address: "0.0.0.0:36829"
clientAddress: "0.0.0.0:36829"
adminAddress: "0.0.0.0:36829"
startupRole: FOLLOWER
,id: "s4"
address: "0.0.0.0:45719"
clientAddress: "0.0.0.0:45719"
adminAddress: "0.0.0.0:45719"
startupRole: FOLLOWER
,id: "s5"
address: "0.0.0.0:35717"
clientAddress: "0.0.0.0:35717"
adminAddress: "0.0.0.0:35717"
startupRole: FOLLOWER
,id: "s6"
address: "0.0.0.0:46025"
clientAddress: "0.0.0.0:46025"
adminAddress: "0.0.0.0:46025"
startupRole: FOLLOWER
,id: "s7"
address: "0.0.0.0:34047"
clientAddress: "0.0.0.0:34047"
adminAddress: "0.0.0.0:34047"
startupRole: FOLLOWER
,id: "s8"
address: "0.0.0.0:35321"
clientAddress: "0.0.0.0:35321"
adminAddress: "0.0.0.0:35321"
startupRole: FOLLOWER
,id: "s0"
address: "0.0.0.0:46813"
clientAddress: "0.0.0.0:46813"
adminAddress: "0.0.0.0:46813"
startupRole: FOLLOWER
,id: "s1"
address: "0.0.0.0:37301"
clientAddress: "0.0.0.0:37301"
adminAddress: "0.0.0.0:37301"
startupRole: FOLLOWER
,id: "s2"
address: "0.0.0.0:46017"
clientAddress: "0.0.0.0:46017"
adminAddress: "0.0.0.0:46017"
startupRole: FOLLOWER
, old:)]
2023-08-28 07:17:59,943 [nioEventLoopGroup-85-1] INFO  server.RaftServer$Division (ServerState.java:setRaftConf(377)) - s1@group-6B83B4D95946: set configuration 1: peers:[s3|rpc:0.0.0.0:36829|dataStream:|priority:0|startupRole:FOLLOWER, s4|rpc:0.0.0.0:45719|dataStream:|priority:0|startupRole:FOLLOWER, s5|rpc:0.0.0.0:35717|dataStream:|priority:0|startupRole:FOLLOWER, s6|rpc:0.0.0.0:46025|dataStream:|priority:0|startupRole:FOLLOWER, s7|rpc:0.0.0.0:34047|dataStream:|priority:0|startupRole:FOLLOWER, s8|rpc:0.0.0.0:35321|dataStream:|priority:0|startupRole:FOLLOWER, s0|rpc:0.0.0.0:46813|dataStream:|priority:0|startupRole:FOLLOWER, s1|rpc:0.0.0.0:37301|dataStream:|priority:0|startupRole:FOLLOWER, s2|rpc:0.0.0.0:46017|dataStream:|priority:0|startupRole:FOLLOWER]|listeners:[], old=peers:[s8|rpc:0.0.0.0:35321|dataStream:|priority:0|startupRole:FOLLOWER]|listeners:[]
2023-08-28 07:17:59,943 [nioEventLoopGroup-85-1] INFO  server.RaftServer$Division (ServerState.java:setRaftConf(377)) - s1@group-6B83B4D95946: set configuration 3: peers:[s3|rpc:0.0.0.0:36829|dataStream:|priority:0|startupRole:FOLLOWER, s4|rpc:0.0.0.0:45719|dataStream:|priority:0|startupRole:FOLLOWER, s5|rpc:0.0.0.0:35717|dataStream:|priority:0|startupRole:FOLLOWER, s6|rpc:0.0.0.0:46025|dataStream:|priority:0|startupRole:FOLLOWER, s7|rpc:0.0.0.0:34047|dataStream:|priority:0|startupRole:FOLLOWER, s8|rpc:0.0.0.0:35321|dataStream:|priority:0|startupRole:FOLLOWER, s0|rpc:0.0.0.0:46813|dataStream:|priority:0|startupRole:FOLLOWER, s1|rpc:0.0.0.0:37301|dataStream:|priority:0|startupRole:FOLLOWER, s2|rpc:0.0.0.0:46017|dataStream:|priority:0|startupRole:FOLLOWER]|listeners:[], old=null
2023-08-28 07:17:59,943 [nioEventLoopGroup-97-1] DEBUG server.RaftServer$Division (RaftServerImpl.java:logAppendEntries(1471)) - s5@group-6B83B4D95946: receive appendEntries(s8, 1, (t:1, i:1), 1, true, commits:[s8:c1, s3:c0, s4:c0, s5:c0, s6:c0, s7:c-1, s0:c0, s1:c-1, s2:c-1], cId:421, entries: [(t:1, i:2), METADATAENTRY(c:1), (t:1, i:3), CONFIGURATIONENTRY(current:id: "s3"
address: "0.0.0.0:36829"
clientAddress: "0.0.0.0:36829"
adminAddress: "0.0.0.0:36829"
startupRole: FOLLOWER
,id: "s4"
address: "0.0.0.0:45719"
clientAddress: "0.0.0.0:45719"
adminAddress: "0.0.0.0:45719"
startupRole: FOLLOWER
,id: "s5"
address: "0.0.0.0:35717"
clientAddress: "0.0.0.0:35717"
adminAddress: "0.0.0.0:35717"
startupRole: FOLLOWER
,id: "s6"
address: "0.0.0.0:46025"
clientAddress: "0.0.0.0:46025"
adminAddress: "0.0.0.0:46025"
startupRole: FOLLOWER
,id: "s7"
address: "0.0.0.0:34047"
clientAddress: "0.0.0.0:34047"
adminAddress: "0.0.0.0:34047"
startupRole: FOLLOWER
,id: "s8"
address: "0.0.0.0:35321"
clientAddress: "0.0.0.0:35321"
adminAddress: "0.0.0.0:35321"
startupRole: FOLLOWER
,id: "s0"
address: "0.0.0.0:46813"
clientAddress: "0.0.0.0:46813"
adminAddress: "0.0.0.0:46813"
startupRole: FOLLOWER
,id: "s1"
address: "0.0.0.0:37301"
clientAddress: "0.0.0.0:37301"
adminAddress: "0.0.0.0:37301"
startupRole: FOLLOWER
,id: "s2"
address: "0.0.0.0:46017"
clientAddress: "0.0.0.0:46017"
adminAddress: "0.0.0.0:46017"
startupRole: FOLLOWER
, old:)]
2023-08-28 07:17:59,943 [nioEventLoopGroup-97-1] INFO  server.RaftServer$Division (ServerState.java:setRaftConf(377)) - s5@group-6B83B4D95946: set configuration 3: peers:[s3|rpc:0.0.0.0:36829|dataStream:|priority:0|startupRole:FOLLOWER, s4|rpc:0.0.0.0:45719|dataStream:|priority:0|startupRole:FOLLOWER, s5|rpc:0.0.0.0:35717|dataStream:|priority:0|startupRole:FOLLOWER, s6|rpc:0.0.0.0:46025|dataStream:|priority:0|startupRole:FOLLOWER, s7|rpc:0.0.0.0:34047|dataStream:|priority:0|startupRole:FOLLOWER, s8|rpc:0.0.0.0:35321|dataStream:|priority:0|startupRole:FOLLOWER, s0|rpc:0.0.0.0:46813|dataStream:|priority:0|startupRole:FOLLOWER, s1|rpc:0.0.0.0:37301|dataStream:|priority:0|startupRole:FOLLOWER, s2|rpc:0.0.0.0:46017|dataStream:|priority:0|startupRole:FOLLOWER]|listeners:[], old=null
2023-08-28 07:17:59,944 [s2-server-thread1] DEBUG server.RaftServer$Division (RaftServerImpl.java:logAppendEntries(1471)) - s2@group-6B83B4D95946: succeeded to handle AppendEntries. Reply: s8<-s2#413:OK-t1,SUCCESS,nextIndex=1,followerCommit=0,matchIndex=0
2023-08-28 07:17:59,944 [s5-server-thread1] DEBUG server.RaftServer$Division (RaftServerImpl.java:logAppendEntries(1471)) - s5@group-6B83B4D95946: succeeded to handle AppendEntries. Reply: s8<-s5#421:OK-t1,SUCCESS,nextIndex=4,followerCommit=1,matchIndex=3
2023-08-28 07:17:59,945 [s1-server-thread1] DEBUG server.RaftServer$Division (RaftServerImpl.java:logAppendEntries(1471)) - s1@group-6B83B4D95946: succeeded to handle AppendEntries. Reply: s8<-s1#425:OK-t1,SUCCESS,nextIndex=4,followerCommit=1,matchIndex=3
2023-08-28 07:17:59,945 [s4-server-thread1] DEBUG server.RaftServer$Division (RaftServerImpl.java:logAppendEntries(1471)) - s4@group-6B83B4D95946: succeeded to handle AppendEntries. Reply: s8<-s4#423:OK-t1,SUCCESS,nextIndex=4,followerCommit=1,matchIndex=3
2023-08-28 07:17:59,946 [nioEventLoopGroup-87-4] DEBUG server.RaftServer$Division (RaftServerImpl.java:logAppendEntries(1471)) - s2@group-6B83B4D95946: receive appendEntries(s8, 1, (t:1, i:0), 1, true, commits:[s8:c1, s3:c1, s4:c0, s5:c0, s6:c1, s7:c-1, s0:c1, s1:c0, s2:c0], cId:426, entries: [(t:1, i:1), CONFIGURATIONENTRY(current:id: "s3"
address: "0.0.0.0:36829"
clientAddress: "0.0.0.0:36829"
adminAddress: "0.0.0.0:36829"
startupRole: FOLLOWER
,id: "s4"
address: "0.0.0.0:45719"
clientAddress: "0.0.0.0:45719"
adminAddress: "0.0.0.0:45719"
startupRole: FOLLOWER
,id: "s5"
address: "0.0.0.0:35717"
clientAddress: "0.0.0.0:35717"
adminAddress: "0.0.0.0:35717"
startupRole: FOLLOWER
,id: "s6"
address: "0.0.0.0:46025"
clientAddress: "0.0.0.0:46025"
adminAddress: "0.0.0.0:46025"
startupRole: FOLLOWER
,id: "s7"
address: "0.0.0.0:34047"
clientAddress: "0.0.0.0:34047"
adminAddress: "0.0.0.0:34047"
startupRole: FOLLOWER
,id: "s8"
address: "0.0.0.0:35321"
clientAddress: "0.0.0.0:35321"
adminAddress: "0.0.0.0:35321"
startupRole: FOLLOWER
,id: "s0"
address: "0.0.0.0:46813"
clientAddress: "0.0.0.0:46813"
adminAddress: "0.0.0.0:46813"
startupRole: FOLLOWER
,id: "s1"
address: "0.0.0.0:37301"
clientAddress: "0.0.0.0:37301"
adminAddress: "0.0.0.0:37301"
startupRole: FOLLOWER
,id: "s2"
address: "0.0.0.0:46017"
clientAddress: "0.0.0.0:46017"
adminAddress: "0.0.0.0:46017"
startupRole: FOLLOWER
, old:id: "s8"
address: "0.0.0.0:35321"
clientAddress: "0.0.0.0:35321"
adminAddress: "0.0.0.0:35321"
startupRole: FOLLOWER
), (t:1, i:2), METADATAENTRY(c:1), (t:1, i:3), CONFIGURATIONENTRY(current:id: "s3"
address: "0.0.0.0:36829"
clientAddress: "0.0.0.0:36829"
adminAddress: "0.0.0.0:36829"
startupRole: FOLLOWER
,id: "s4"
address: "0.0.0.0:45719"
clientAddress: "0.0.0.0:45719"
adminAddress: "0.0.0.0:45719"
startupRole: FOLLOWER
,id: "s5"
address: "0.0.0.0:35717"
clientAddress: "0.0.0.0:35717"
adminAddress: "0.0.0.0:35717"
startupRole: FOLLOWER
,id: "s6"
address: "0.0.0.0:46025"
clientAddress: "0.0.0.0:46025"
adminAddress: "0.0.0.0:46025"
startupRole: FOLLOWER
,id: "s7"
address: "0.0.0.0:34047"
clientAddress: "0.0.0.0:34047"
adminAddress: "0.0.0.0:34047"
startupRole: FOLLOWER
,id: "s8"
address: "0.0.0.0:35321"
clientAddress: "0.0.0.0:35321"
adminAddress: "0.0.0.0:35321"
startupRole: FOLLOWER
,id: "s0"
address: "0.0.0.0:46813"
clientAddress: "0.0.0.0:46813"
adminAddress: "0.0.0.0:46813"
startupRole: FOLLOWER
,id: "s1"
address: "0.0.0.0:37301"
clientAddress: "0.0.0.0:37301"
adminAddress: "0.0.0.0:37301"
startupRole: FOLLOWER
,id: "s2"
address: "0.0.0.0:46017"
clientAddress: "0.0.0.0:46017"
adminAddress: "0.0.0.0:46017"
startupRole: FOLLOWER
, old:)]
2023-08-28 07:17:59,947 [nioEventLoopGroup-87-4] INFO  server.RaftServer$Division (ServerState.java:setRaftConf(377)) - s2@group-6B83B4D95946: set configuration 1: peers:[s3|rpc:0.0.0.0:36829|dataStream:|priority:0|startupRole:FOLLOWER, s4|rpc:0.0.0.0:45719|dataStream:|priority:0|startupRole:FOLLOWER, s5|rpc:0.0.0.0:35717|dataStream:|priority:0|startupRole:FOLLOWER, s6|rpc:0.0.0.0:46025|dataStream:|priority:0|startupRole:FOLLOWER, s7|rpc:0.0.0.0:34047|dataStream:|priority:0|startupRole:FOLLOWER, s8|rpc:0.0.0.0:35321|dataStream:|priority:0|startupRole:FOLLOWER, s0|rpc:0.0.0.0:46813|dataStream:|priority:0|startupRole:FOLLOWER, s1|rpc:0.0.0.0:37301|dataStream:|priority:0|startupRole:FOLLOWER, s2|rpc:0.0.0.0:46017|dataStream:|priority:0|startupRole:FOLLOWER]|listeners:[], old=peers:[s8|rpc:0.0.0.0:35321|dataStream:|priority:0|startupRole:FOLLOWER]|listeners:[]
2023-08-28 07:17:59,947 [nioEventLoopGroup-87-4] INFO  server.RaftServer$Division (ServerState.java:setRaftConf(377)) - s2@group-6B83B4D95946: set configuration 3: peers:[s3|rpc:0.0.0.0:36829|dataStream:|priority:0|startupRole:FOLLOWER, s4|rpc:0.0.0.0:45719|dataStream:|priority:0|startupRole:FOLLOWER, s5|rpc:0.0.0.0:35717|dataStream:|priority:0|startupRole:FOLLOWER, s6|rpc:0.0.0.0:46025|dataStream:|priority:0|startupRole:FOLLOWER, s7|rpc:0.0.0.0:34047|dataStream:|priority:0|startupRole:FOLLOWER, s8|rpc:0.0.0.0:35321|dataStream:|priority:0|startupRole:FOLLOWER, s0|rpc:0.0.0.0:46813|dataStream:|priority:0|startupRole:FOLLOWER, s1|rpc:0.0.0.0:37301|dataStream:|priority:0|startupRole:FOLLOWER, s2|rpc:0.0.0.0:46017|dataStream:|priority:0|startupRole:FOLLOWER]|listeners:[], old=null
2023-08-28 07:17:59,949 [nioEventLoopGroup-91-1] DEBUG server.RaftServer$Division (RaftServerImpl.java:logAppendEntries(1471)) - s3@group-6B83B4D95946: receive appendEntries(s8, 1, (t:1, i:3), 3, true, commits:[s8:c3, s3:c1, s4:c0, s5:c1, s6:c1, s7:c-1, s0:c1, s1:c0, s2:c0], cId:429, entries: [(t:1, i:4), METADATAENTRY(c:3)]
2023-08-28 07:17:59,949 [nioEventLoopGroup-94-1] DEBUG server.RaftServer$Division (RaftServerImpl.java:logAppendEntries(1471)) - s4@group-6B83B4D95946: receive appendEntries(s8, 1, (t:1, i:3), 3, true, commits:[s8:c3, s3:c1, s4:c1, s5:c1, s6:c1, s7:c-1, s0:c1, s1:c0, s2:c0], cId:431, entries: [(t:1, i:4), METADATAENTRY(c:3)]
2023-08-28 07:17:59,949 [nioEventLoopGroup-97-1] DEBUG server.RaftServer$Division (RaftServerImpl.java:logAppendEntries(1471)) - s5@group-6B83B4D95946: receive appendEntries(s8, 1, (t:1, i:3), 3, true, commits:[s8:c3, s3:c1, s4:c0, s5:c1, s6:c1, s7:c-1, s0:c1, s1:c0, s2:c0], cId:427, entries: [(t:1, i:4), METADATAENTRY(c:3)]
2023-08-28 07:17:59,950 [nioEventLoopGroup-100-1] DEBUG server.RaftServer$Division (RaftServerImpl.java:logAppendEntries(1471)) - s6@group-6B83B4D95946: receive appendEntries(s8, 1, (t:1, i:3), 3, true, commits:[s8:c3, s3:c1, s4:c0, s5:c1, s6:c1, s7:c-1, s0:c1, s1:c0, s2:c0], cId:430, entries: [(t:1, i:4), METADATAENTRY(c:3)]
2023-08-28 07:17:59,951 [nioEventLoopGroup-82-1] DEBUG server.RaftServer$Division (RaftServerImpl.java:logAppendEntries(1471)) - s0@group-6B83B4D95946: receive appendEntries(s8, 1, (t:1, i:3), 3, true, commits:[s8:c3, s3:c1, s4:c0, s5:c1, s6:c1, s7:c-1, s0:c1, s1:c0, s2:c0], cId:428, entries: [(t:1, i:4), METADATAENTRY(c:3)]
2023-08-28 07:17:59,951 [nioEventLoopGroup-85-1] DEBUG server.RaftServer$Division (RaftServerImpl.java:logAppendEntries(1471)) - s1@group-6B83B4D95946: receive appendEntries(s8, 1, (t:1, i:3), 3, true, commits:[s8:c3, s3:c1, s4:c1, s5:c1, s6:c1, s7:c-1, s0:c1, s1:c1, s2:c0], cId:432, entries: [(t:1, i:4), METADATAENTRY(c:3)]
2023-08-28 07:17:59,950 [s3-server-thread1] DEBUG server.RaftServer$Division (RaftServerImpl.java:logAppendEntries(1471)) - s3@group-6B83B4D95946: succeeded to handle AppendEntries. Reply: s8<-s3#429:OK-t1,SUCCESS,nextIndex=5,followerCommit=3,matchIndex=4
2023-08-28 07:17:59,950 [s5-server-thread1] DEBUG server.RaftServer$Division (RaftServerImpl.java:logAppendEntries(1471)) - s5@group-6B83B4D95946: succeeded to handle AppendEntries. Reply: s8<-s5#427:OK-t1,SUCCESS,nextIndex=5,followerCommit=3,matchIndex=4
2023-08-28 07:17:59,950 [s4-server-thread1] DEBUG server.RaftServer$Division (RaftServerImpl.java:logAppendEntries(1471)) - s4@group-6B83B4D95946: succeeded to handle AppendEntries. Reply: s8<-s4#431:OK-t1,SUCCESS,nextIndex=5,followerCommit=3,matchIndex=4
2023-08-28 07:17:59,951 [s2-server-thread1] DEBUG server.RaftServer$Division (RaftServerImpl.java:logAppendEntries(1471)) - s2@group-6B83B4D95946: succeeded to handle AppendEntries. Reply: s8<-s2#426:OK-t1,SUCCESS,nextIndex=4,followerCommit=1,matchIndex=3
2023-08-28 07:17:59,951 [s0-server-thread1] DEBUG server.RaftServer$Division (RaftServerImpl.java:logAppendEntries(1471)) - s0@group-6B83B4D95946: succeeded to handle AppendEntries. Reply: s8<-s0#428:OK-t1,SUCCESS,nextIndex=5,followerCommit=3,matchIndex=4
2023-08-28 07:17:59,952 [nioEventLoopGroup-100-1] DEBUG server.RaftServer$Division (RaftServerImpl.java:logAppendEntries(1471)) - s6@group-6B83B4D95946: succeeded to handle AppendEntries. Reply: s8<-s6#430:OK-t1,SUCCESS,nextIndex=5,followerCommit=3,matchIndex=4
2023-08-28 07:17:59,952 [s1-server-thread1] DEBUG server.RaftServer$Division (RaftServerImpl.java:logAppendEntries(1471)) - s1@group-6B83B4D95946: succeeded to handle AppendEntries. Reply: s8<-s1#432:OK-t1,SUCCESS,nextIndex=5,followerCommit=3,matchIndex=4
2023-08-28 07:17:59,953 [s7@group-6B83B4D95946-SegmentedRaftLogWorker] INFO  segmented.SegmentedRaftLogWorker (SegmentedRaftLogWorker.java:execute(631)) - s7@group-6B83B4D95946-SegmentedRaftLogWorker: created new log segment /home/runner/work/ratis/ratis/ratis-test/target/test/data/c5bbf9cd/MiniRaftClusterWithNetty9d0d4a8/s7/a97969aa-6f2f-49fd-9492-6b83b4d95946/current/log_inprogress_0
2023-08-28 07:17:59,954 [s7-server-thread1] DEBUG server.RaftServer$Division (RaftServerImpl.java:logAppendEntries(1471)) - s7@group-6B83B4D95946: succeeded to handle AppendEntries. Reply: s8<-s7#414:OK-t1,SUCCESS,nextIndex=1,followerCommit=0,matchIndex=0
2023-08-28 07:17:59,959 [nioEventLoopGroup-87-4] DEBUG server.RaftServer$Division (RaftServerImpl.java:logAppendEntries(1471)) - s2@group-6B83B4D95946: receive appendEntries(s8, 1, (t:1, i:3), 3, true, commits:[s8:c3, s3:c3, s4:c3, s5:c3, s6:c3, s7:c0, s0:c3, s1:c3, s2:c1], cId:433, entries: [(t:1, i:4), METADATAENTRY(c:3)]
2023-08-28 07:17:59,960 [s2-server-thread1] DEBUG server.RaftServer$Division (RaftServerImpl.java:logAppendEntries(1471)) - s2@group-6B83B4D95946: succeeded to handle AppendEntries. Reply: s8<-s2#433:OK-t1,SUCCESS,nextIndex=5,followerCommit=3,matchIndex=4
2023-08-28 07:17:59,961 [nioEventLoopGroup-102-4] DEBUG server.RaftServer$Division (RaftServerImpl.java:logAppendEntries(1471)) - s7@group-6B83B4D95946: receive appendEntries(s8, 1, (t:1, i:0), 4, true, commits:[s8:c4, s3:c3, s4:c3, s5:c3, s6:c3, s7:c0, s0:c3, s1:c3, s2:c1], cId:434, entries: [(t:1, i:1), CONFIGURATIONENTRY(current:id: "s3"
address: "0.0.0.0:36829"
clientAddress: "0.0.0.0:36829"
adminAddress: "0.0.0.0:36829"
startupRole: FOLLOWER
,id: "s4"
address: "0.0.0.0:45719"
clientAddress: "0.0.0.0:45719"
adminAddress: "0.0.0.0:45719"
startupRole: FOLLOWER
,id: "s5"
address: "0.0.0.0:35717"
clientAddress: "0.0.0.0:35717"
adminAddress: "0.0.0.0:35717"
startupRole: FOLLOWER
,id: "s6"
address: "0.0.0.0:46025"
clientAddress: "0.0.0.0:46025"
adminAddress: "0.0.0.0:46025"
startupRole: FOLLOWER
,id: "s7"
address: "0.0.0.0:34047"
clientAddress: "0.0.0.0:34047"
adminAddress: "0.0.0.0:34047"
startupRole: FOLLOWER
,id: "s8"
address: "0.0.0.0:35321"
clientAddress: "0.0.0.0:35321"
adminAddress: "0.0.0.0:35321"
startupRole: FOLLOWER
,id: "s0"
address: "0.0.0.0:46813"
clientAddress: "0.0.0.0:46813"
adminAddress: "0.0.0.0:46813"
startupRole: FOLLOWER
,id: "s1"
address: "0.0.0.0:37301"
clientAddress: "0.0.0.0:37301"
adminAddress: "0.0.0.0:37301"
startupRole: FOLLOWER
,id: "s2"
address: "0.0.0.0:46017"
clientAddress: "0.0.0.0:46017"
adminAddress: "0.0.0.0:46017"
startupRole: FOLLOWER
, old:id: "s8"
address: "0.0.0.0:35321"
clientAddress: "0.0.0.0:35321"
adminAddress: "0.0.0.0:35321"
startupRole: FOLLOWER
), (t:1, i:2), METADATAENTRY(c:1), (t:1, i:3), CONFIGURATIONENTRY(current:id: "s3"
address: "0.0.0.0:36829"
clientAddress: "0.0.0.0:36829"
adminAddress: "0.0.0.0:36829"
startupRole: FOLLOWER
,id: "s4"
address: "0.0.0.0:45719"
clientAddress: "0.0.0.0:45719"
adminAddress: "0.0.0.0:45719"
startupRole: FOLLOWER
,id: "s5"
address: "0.0.0.0:35717"
clientAddress: "0.0.0.0:35717"
adminAddress: "0.0.0.0:35717"
startupRole: FOLLOWER
,id: "s6"
address: "0.0.0.0:46025"
clientAddress: "0.0.0.0:46025"
adminAddress: "0.0.0.0:46025"
startupRole: FOLLOWER
,id: "s7"
address: "0.0.0.0:34047"
clientAddress: "0.0.0.0:34047"
adminAddress: "0.0.0.0:34047"
startupRole: FOLLOWER
,id: "s8"
address: "0.0.0.0:35321"
clientAddress: "0.0.0.0:35321"
adminAddress: "0.0.0.0:35321"
startupRole: FOLLOWER
,id: "s0"
address: "0.0.0.0:46813"
clientAddress: "0.0.0.0:46813"
adminAddress: "0.0.0.0:46813"
startupRole: FOLLOWER
,id: "s1"
address: "0.0.0.0:37301"
clientAddress: "0.0.0.0:37301"
adminAddress: "0.0.0.0:37301"
startupRole: FOLLOWER
,id: "s2"
address: "0.0.0.0:46017"
clientAddress: "0.0.0.0:46017"
adminAddress: "0.0.0.0:46017"
startupRole: FOLLOWER
, old:), (t:1, i:4), METADATAENTRY(c:3)]
2023-08-28 07:17:59,961 [nioEventLoopGroup-102-4] INFO  server.RaftServer$Division (ServerState.java:setRaftConf(377)) - s7@group-6B83B4D95946: set configuration 1: peers:[s3|rpc:0.0.0.0:36829|dataStream:|priority:0|startupRole:FOLLOWER, s4|rpc:0.0.0.0:45719|dataStream:|priority:0|startupRole:FOLLOWER, s5|rpc:0.0.0.0:35717|dataStream:|priority:0|startupRole:FOLLOWER, s6|rpc:0.0.0.0:46025|dataStream:|priority:0|startupRole:FOLLOWER, s7|rpc:0.0.0.0:34047|dataStream:|priority:0|startupRole:FOLLOWER, s8|rpc:0.0.0.0:35321|dataStream:|priority:0|startupRole:FOLLOWER, s0|rpc:0.0.0.0:46813|dataStream:|priority:0|startupRole:FOLLOWER, s1|rpc:0.0.0.0:37301|dataStream:|priority:0|startupRole:FOLLOWER, s2|rpc:0.0.0.0:46017|dataStream:|priority:0|startupRole:FOLLOWER]|listeners:[], old=peers:[s8|rpc:0.0.0.0:35321|dataStream:|priority:0|startupRole:FOLLOWER]|listeners:[]
2023-08-28 07:17:59,961 [nioEventLoopGroup-102-4] INFO  server.RaftServer$Division (ServerState.java:setRaftConf(377)) - s7@group-6B83B4D95946: set configuration 3: peers:[s3|rpc:0.0.0.0:36829|dataStream:|priority:0|startupRole:FOLLOWER, s4|rpc:0.0.0.0:45719|dataStream:|priority:0|startupRole:FOLLOWER, s5|rpc:0.0.0.0:35717|dataStream:|priority:0|startupRole:FOLLOWER, s6|rpc:0.0.0.0:46025|dataStream:|priority:0|startupRole:FOLLOWER, s7|rpc:0.0.0.0:34047|dataStream:|priority:0|startupRole:FOLLOWER, s8|rpc:0.0.0.0:35321|dataStream:|priority:0|startupRole:FOLLOWER, s0|rpc:0.0.0.0:46813|dataStream:|priority:0|startupRole:FOLLOWER, s1|rpc:0.0.0.0:37301|dataStream:|priority:0|startupRole:FOLLOWER, s2|rpc:0.0.0.0:46017|dataStream:|priority:0|startupRole:FOLLOWER]|listeners:[], old=null
2023-08-28 07:17:59,962 [s7-server-thread1] DEBUG server.RaftServer$Division (RaftServerImpl.java:logAppendEntries(1471)) - s7@group-6B83B4D95946: succeeded to handle AppendEntries. Reply: s8<-s7#434:OK-t1,SUCCESS,nextIndex=5,followerCommit=4,matchIndex=4
2023-08-28 07:17:59,968 [Time-limited test] INFO  server.RaftServerConfigKeys (ConfUtils.java:logGet(46)) - raft.server.rpc.timeout.max = 2000ms (custom)
2023-08-28 07:17:59,970 [Time-limited test] INFO  ratis.RaftTestUtil (RaftTestUtil.java:waitForLeader(100)) - printing ALL groups
  s3:  RUNNING [
   FOLLOWER s3@group-75AB5BF27CAD:t0, leader=null, voted=, raftlog=Memoized:s3@group-75AB5BF27CAD-SegmentedRaftLog:OPENED:c-1, conf=-1: peers:[]|listeners:[], old=null STARTING
   FOLLOWER s3@group-6B83B4D95946:t1, leader=s8, voted=null, raftlog=Memoized:s3@group-6B83B4D95946-SegmentedRaftLog:OPENED:c3, conf=3: peers:[s3|rpc:0.0.0.0:36829|dataStream:|priority:0|startupRole:FOLLOWER, s4|rpc:0.0.0.0:45719|dataStream:|priority:0|startupRole:FOLLOWER, s5|rpc:0.0.0.0:35717|dataStream:|priority:0|startupRole:FOLLOWER, s6|rpc:0.0.0.0:46025|dataStream:|priority:0|startupRole:FOLLOWER, s7|rpc:0.0.0.0:34047|dataStream:|priority:0|startupRole:FOLLOWER, s8|rpc:0.0.0.0:35321|dataStream:|priority:0|startupRole:FOLLOWER, s0|rpc:0.0.0.0:46813|dataStream:|priority:0|startupRole:FOLLOWER, s1|rpc:0.0.0.0:37301|dataStream:|priority:0|startupRole:FOLLOWER, s2|rpc:0.0.0.0:46017|dataStream:|priority:0|startupRole:FOLLOWER]|listeners:[], old=null RUNNING] size=2
  s4:  RUNNING [
   FOLLOWER s4@group-75AB5BF27CAD:t0, leader=null, voted=, raftlog=Memoized:s4@group-75AB5BF27CAD-SegmentedRaftLog:OPENED:c-1, conf=-1: peers:[]|listeners:[], old=null STARTING
   FOLLOWER s4@group-6B83B4D95946:t1, leader=s8, voted=null, raftlog=Memoized:s4@group-6B83B4D95946-SegmentedRaftLog:OPENED:c3, conf=3: peers:[s3|rpc:0.0.0.0:36829|dataStream:|priority:0|startupRole:FOLLOWER, s4|rpc:0.0.0.0:45719|dataStream:|priority:0|startupRole:FOLLOWER, s5|rpc:0.0.0.0:35717|dataStream:|priority:0|startupRole:FOLLOWER, s6|rpc:0.0.0.0:46025|dataStream:|priority:0|startupRole:FOLLOWER, s7|rpc:0.0.0.0:34047|dataStream:|priority:0|startupRole:FOLLOWER, s8|rpc:0.0.0.0:35321|dataStream:|priority:0|startupRole:FOLLOWER, s0|rpc:0.0.0.0:46813|dataStream:|priority:0|startupRole:FOLLOWER, s1|rpc:0.0.0.0:37301|dataStream:|priority:0|startupRole:FOLLOWER, s2|rpc:0.0.0.0:46017|dataStream:|priority:0|startupRole:FOLLOWER]|listeners:[], old=null RUNNING] size=2
  s5:  RUNNING [
   FOLLOWER s5@group-75AB5BF27CAD:t0, leader=null, voted=, raftlog=Memoized:s5@group-75AB5BF27CAD-SegmentedRaftLog:OPENED:c-1, conf=-1: peers:[]|listeners:[], old=null STARTING
   FOLLOWER s5@group-6B83B4D95946:t1, leader=s8, voted=null, raftlog=Memoized:s5@group-6B83B4D95946-SegmentedRaftLog:OPENED:c3, conf=3: peers:[s3|rpc:0.0.0.0:36829|dataStream:|priority:0|startupRole:FOLLOWER, s4|rpc:0.0.0.0:45719|dataStream:|priority:0|startupRole:FOLLOWER, s5|rpc:0.0.0.0:35717|dataStream:|priority:0|startupRole:FOLLOWER, s6|rpc:0.0.0.0:46025|dataStream:|priority:0|startupRole:FOLLOWER, s7|rpc:0.0.0.0:34047|dataStream:|priority:0|startupRole:FOLLOWER, s8|rpc:0.0.0.0:35321|dataStream:|priority:0|startupRole:FOLLOWER, s0|rpc:0.0.0.0:46813|dataStream:|priority:0|startupRole:FOLLOWER, s1|rpc:0.0.0.0:37301|dataStream:|priority:0|startupRole:FOLLOWER, s2|rpc:0.0.0.0:46017|dataStream:|priority:0|startupRole:FOLLOWER]|listeners:[], old=null RUNNING] size=2
  s6:  RUNNING [
   FOLLOWER s6@group-75AB5BF27CAD:t0, leader=null, voted=, raftlog=Memoized:s6@group-75AB5BF27CAD-SegmentedRaftLog:OPENED:c-1, conf=-1: peers:[]|listeners:[], old=null STARTING
   FOLLOWER s6@group-6B83B4D95946:t1, leader=s8, voted=null, raftlog=Memoized:s6@group-6B83B4D95946-SegmentedRaftLog:OPENED:c3, conf=3: peers:[s3|rpc:0.0.0.0:36829|dataStream:|priority:0|startupRole:FOLLOWER, s4|rpc:0.0.0.0:45719|dataStream:|priority:0|startupRole:FOLLOWER, s5|rpc:0.0.0.0:35717|dataStream:|priority:0|startupRole:FOLLOWER, s6|rpc:0.0.0.0:46025|dataStream:|priority:0|startupRole:FOLLOWER, s7|rpc:0.0.0.0:34047|dataStream:|priority:0|startupRole:FOLLOWER, s8|rpc:0.0.0.0:35321|dataStream:|priority:0|startupRole:FOLLOWER, s0|rpc:0.0.0.0:46813|dataStream:|priority:0|startupRole:FOLLOWER, s1|rpc:0.0.0.0:37301|dataStream:|priority:0|startupRole:FOLLOWER, s2|rpc:0.0.0.0:46017|dataStream:|priority:0|startupRole:FOLLOWER]|listeners:[], old=null RUNNING] size=2
  s7:  RUNNING [
   FOLLOWER s7@group-75AB5BF27CAD:t0, leader=null, voted=, raftlog=Memoized:s7@group-75AB5BF27CAD-SegmentedRaftLog:OPENED:c-1, conf=-1: peers:[]|listeners:[], old=null STARTING
   FOLLOWER s7@group-6B83B4D95946:t1, leader=s8, voted=null, raftlog=Memoized:s7@group-6B83B4D95946-SegmentedRaftLog:OPENED:c4, conf=3: peers:[s3|rpc:0.0.0.0:36829|dataStream:|priority:0|startupRole:FOLLOWER, s4|rpc:0.0.0.0:45719|dataStream:|priority:0|startupRole:FOLLOWER, s5|rpc:0.0.0.0:35717|dataStream:|priority:0|startupRole:FOLLOWER, s6|rpc:0.0.0.0:46025|dataStream:|priority:0|startupRole:FOLLOWER, s7|rpc:0.0.0.0:34047|dataStream:|priority:0|startupRole:FOLLOWER, s8|rpc:0.0.0.0:35321|dataStream:|priority:0|startupRole:FOLLOWER, s0|rpc:0.0.0.0:46813|dataStream:|priority:0|startupRole:FOLLOWER, s1|rpc:0.0.0.0:37301|dataStream:|priority:0|startupRole:FOLLOWER, s2|rpc:0.0.0.0:46017|dataStream:|priority:0|startupRole:FOLLOWER]|listeners:[], old=null RUNNING] size=2
  s8:  RUNNING [
   FOLLOWER s8@group-75AB5BF27CAD:t0, leader=null, voted=, raftlog=Memoized:s8@group-75AB5BF27CAD-SegmentedRaftLog:OPENED:c-1, conf=-1: peers:[]|listeners:[], old=null STARTING
     LEADER s8@group-6B83B4D95946:t1, leader=s8, voted=s8, raftlog=Memoized:s8@group-6B83B4D95946-SegmentedRaftLog:OPENED:c4, conf=3: peers:[s3|rpc:0.0.0.0:36829|dataStream:|priority:0|startupRole:FOLLOWER, s4|rpc:0.0.0.0:45719|dataStream:|priority:0|startupRole:FOLLOWER, s5|rpc:0.0.0.0:35717|dataStream:|priority:0|startupRole:FOLLOWER, s6|rpc:0.0.0.0:46025|dataStream:|priority:0|startupRole:FOLLOWER, s7|rpc:0.0.0.0:34047|dataStream:|priority:0|startupRole:FOLLOWER, s8|rpc:0.0.0.0:35321|dataStream:|priority:0|startupRole:FOLLOWER, s0|rpc:0.0.0.0:46813|dataStream:|priority:0|startupRole:FOLLOWER, s1|rpc:0.0.0.0:37301|dataStream:|priority:0|startupRole:FOLLOWER, s2|rpc:0.0.0.0:46017|dataStream:|priority:0|startupRole:FOLLOWER]|listeners:[], old=null RUNNING] size=2
  s0:  RUNNING [
   FOLLOWER s0@group-75AB5BF27CAD:t0, leader=null, voted=, raftlog=Memoized:s0@group-75AB5BF27CAD-SegmentedRaftLog:OPENED:c-1, conf=-1: peers:[]|listeners:[], old=null STARTING
   FOLLOWER s0@group-6B83B4D95946:t1, leader=s8, voted=null, raftlog=Memoized:s0@group-6B83B4D95946-SegmentedRaftLog:OPENED:c3, conf=3: peers:[s3|rpc:0.0.0.0:36829|dataStream:|priority:0|startupRole:FOLLOWER, s4|rpc:0.0.0.0:45719|dataStream:|priority:0|startupRole:FOLLOWER, s5|rpc:0.0.0.0:35717|dataStream:|priority:0|startupRole:FOLLOWER, s6|rpc:0.0.0.0:46025|dataStream:|priority:0|startupRole:FOLLOWER, s7|rpc:0.0.0.0:34047|dataStream:|priority:0|startupRole:FOLLOWER, s8|rpc:0.0.0.0:35321|dataStream:|priority:0|startupRole:FOLLOWER, s0|rpc:0.0.0.0:46813|dataStream:|priority:0|startupRole:FOLLOWER, s1|rpc:0.0.0.0:37301|dataStream:|priority:0|startupRole:FOLLOWER, s2|rpc:0.0.0.0:46017|dataStream:|priority:0|startupRole:FOLLOWER]|listeners:[], old=null RUNNING] size=2
  s1:  RUNNING [
   FOLLOWER s1@group-75AB5BF27CAD:t0, leader=null, voted=, raftlog=Memoized:s1@group-75AB5BF27CAD-SegmentedRaftLog:OPENED:c-1, conf=-1: peers:[]|listeners:[], old=null STARTING
   FOLLOWER s1@group-6B83B4D95946:t1, leader=s8, voted=null, raftlog=Memoized:s1@group-6B83B4D95946-SegmentedRaftLog:OPENED:c3, conf=3: peers:[s3|rpc:0.0.0.0:36829|dataStream:|priority:0|startupRole:FOLLOWER, s4|rpc:0.0.0.0:45719|dataStream:|priority:0|startupRole:FOLLOWER, s5|rpc:0.0.0.0:35717|dataStream:|priority:0|startupRole:FOLLOWER, s6|rpc:0.0.0.0:46025|dataStream:|priority:0|startupRole:FOLLOWER, s7|rpc:0.0.0.0:34047|dataStream:|priority:0|startupRole:FOLLOWER, s8|rpc:0.0.0.0:35321|dataStream:|priority:0|startupRole:FOLLOWER, s0|rpc:0.0.0.0:46813|dataStream:|priority:0|startupRole:FOLLOWER, s1|rpc:0.0.0.0:37301|dataStream:|priority:0|startupRole:FOLLOWER, s2|rpc:0.0.0.0:46017|dataStream:|priority:0|startupRole:FOLLOWER]|listeners:[], old=null RUNNING] size=2
  s2:  RUNNING [
   FOLLOWER s2@group-75AB5BF27CAD:t0, leader=null, voted=, raftlog=Memoized:s2@group-75AB5BF27CAD-SegmentedRaftLog:OPENED:c-1, conf=-1: peers:[]|listeners:[], old=null STARTING
   FOLLOWER s2@group-6B83B4D95946:t1, leader=s8, voted=null, raftlog=Memoized:s2@group-6B83B4D95946-SegmentedRaftLog:OPENED:c3, conf=3: peers:[s3|rpc:0.0.0.0:36829|dataStream:|priority:0|startupRole:FOLLOWER, s4|rpc:0.0.0.0:45719|dataStream:|priority:0|startupRole:FOLLOWER, s5|rpc:0.0.0.0:35717|dataStream:|priority:0|startupRole:FOLLOWER, s6|rpc:0.0.0.0:46025|dataStream:|priority:0|startupRole:FOLLOWER, s7|rpc:0.0.0.0:34047|dataStream:|priority:0|startupRole:FOLLOWER, s8|rpc:0.0.0.0:35321|dataStream:|priority:0|startupRole:FOLLOWER, s0|rpc:0.0.0.0:46813|dataStream:|priority:0|startupRole:FOLLOWER, s1|rpc:0.0.0.0:37301|dataStream:|priority:0|startupRole:FOLLOWER, s2|rpc:0.0.0.0:46017|dataStream:|priority:0|startupRole:FOLLOWER]|listeners:[], old=null RUNNING] size=2
2023-08-28 07:17:59,970 [Time-limited test] INFO  ratis.RaftTestUtil (RaftTestUtil.java:waitForLeader(119)) - printing ALL groups
  s3:  RUNNING [
   FOLLOWER s3@group-75AB5BF27CAD:t0, leader=null, voted=, raftlog=Memoized:s3@group-75AB5BF27CAD-SegmentedRaftLog:OPENED:c-1, conf=-1: peers:[]|listeners:[], old=null STARTING
   FOLLOWER s3@group-6B83B4D95946:t1, leader=s8, voted=null, raftlog=Memoized:s3@group-6B83B4D95946-SegmentedRaftLog:OPENED:c3, conf=3: peers:[s3|rpc:0.0.0.0:36829|dataStream:|priority:0|startupRole:FOLLOWER, s4|rpc:0.0.0.0:45719|dataStream:|priority:0|startupRole:FOLLOWER, s5|rpc:0.0.0.0:35717|dataStream:|priority:0|startupRole:FOLLOWER, s6|rpc:0.0.0.0:46025|dataStream:|priority:0|startupRole:FOLLOWER, s7|rpc:0.0.0.0:34047|dataStream:|priority:0|startupRole:FOLLOWER, s8|rpc:0.0.0.0:35321|dataStream:|priority:0|startupRole:FOLLOWER, s0|rpc:0.0.0.0:46813|dataStream:|priority:0|startupRole:FOLLOWER, s1|rpc:0.0.0.0:37301|dataStream:|priority:0|startupRole:FOLLOWER, s2|rpc:0.0.0.0:46017|dataStream:|priority:0|startupRole:FOLLOWER]|listeners:[], old=null RUNNING] size=2
  s4:  RUNNING [
   FOLLOWER s4@group-75AB5BF27CAD:t0, leader=null, voted=, raftlog=Memoized:s4@group-75AB5BF27CAD-SegmentedRaftLog:OPENED:c-1, conf=-1: peers:[]|listeners:[], old=null STARTING
   FOLLOWER s4@group-6B83B4D95946:t1, leader=s8, voted=null, raftlog=Memoized:s4@group-6B83B4D95946-SegmentedRaftLog:OPENED:c3, conf=3: peers:[s3|rpc:0.0.0.0:36829|dataStream:|priority:0|startupRole:FOLLOWER, s4|rpc:0.0.0.0:45719|dataStream:|priority:0|startupRole:FOLLOWER, s5|rpc:0.0.0.0:35717|dataStream:|priority:0|startupRole:FOLLOWER, s6|rpc:0.0.0.0:46025|dataStream:|priority:0|startupRole:FOLLOWER, s7|rpc:0.0.0.0:34047|dataStream:|priority:0|startupRole:FOLLOWER, s8|rpc:0.0.0.0:35321|dataStream:|priority:0|startupRole:FOLLOWER, s0|rpc:0.0.0.0:46813|dataStream:|priority:0|startupRole:FOLLOWER, s1|rpc:0.0.0.0:37301|dataStream:|priority:0|startupRole:FOLLOWER, s2|rpc:0.0.0.0:46017|dataStream:|priority:0|startupRole:FOLLOWER]|listeners:[], old=null RUNNING] size=2
  s5:  RUNNING [
   FOLLOWER s5@group-75AB5BF27CAD:t0, leader=null, voted=, raftlog=Memoized:s5@group-75AB5BF27CAD-SegmentedRaftLog:OPENED:c-1, conf=-1: peers:[]|listeners:[], old=null STARTING
   FOLLOWER s5@group-6B83B4D95946:t1, leader=s8, voted=null, raftlog=Memoized:s5@group-6B83B4D95946-SegmentedRaftLog:OPENED:c3, conf=3: peers:[s3|rpc:0.0.0.0:36829|dataStream:|priority:0|startupRole:FOLLOWER, s4|rpc:0.0.0.0:45719|dataStream:|priority:0|startupRole:FOLLOWER, s5|rpc:0.0.0.0:35717|dataStream:|priority:0|startupRole:FOLLOWER, s6|rpc:0.0.0.0:46025|dataStream:|priority:0|startupRole:FOLLOWER, s7|rpc:0.0.0.0:34047|dataStream:|priority:0|startupRole:FOLLOWER, s8|rpc:0.0.0.0:35321|dataStream:|priority:0|startupRole:FOLLOWER, s0|rpc:0.0.0.0:46813|dataStream:|priority:0|startupRole:FOLLOWER, s1|rpc:0.0.0.0:37301|dataStream:|priority:0|startupRole:FOLLOWER, s2|rpc:0.0.0.0:46017|dataStream:|priority:0|startupRole:FOLLOWER]|listeners:[], old=null RUNNING] size=2
  s6:  RUNNING [
   FOLLOWER s6@group-75AB5BF27CAD:t0, leader=null, voted=, raftlog=Memoized:s6@group-75AB5BF27CAD-SegmentedRaftLog:OPENED:c-1, conf=-1: peers:[]|listeners:[], old=null STARTING
   FOLLOWER s6@group-6B83B4D95946:t1, leader=s8, voted=null, raftlog=Memoized:s6@group-6B83B4D95946-SegmentedRaftLog:OPENED:c3, conf=3: peers:[s3|rpc:0.0.0.0:36829|dataStream:|priority:0|startupRole:FOLLOWER, s4|rpc:0.0.0.0:45719|dataStream:|priority:0|startupRole:FOLLOWER, s5|rpc:0.0.0.0:35717|dataStream:|priority:0|startupRole:FOLLOWER, s6|rpc:0.0.0.0:46025|dataStream:|priority:0|startupRole:FOLLOWER, s7|rpc:0.0.0.0:34047|dataStream:|priority:0|startupRole:FOLLOWER, s8|rpc:0.0.0.0:35321|dataStream:|priority:0|startupRole:FOLLOWER, s0|rpc:0.0.0.0:46813|dataStream:|priority:0|startupRole:FOLLOWER, s1|rpc:0.0.0.0:37301|dataStream:|priority:0|startupRole:FOLLOWER, s2|rpc:0.0.0.0:46017|dataStream:|priority:0|startupRole:FOLLOWER]|listeners:[], old=null RUNNING] size=2
  s7:  RUNNING [
   FOLLOWER s7@group-75AB5BF27CAD:t0, leader=null, voted=, raftlog=Memoized:s7@group-75AB5BF27CAD-SegmentedRaftLog:OPENED:c-1, conf=-1: peers:[]|listeners:[], old=null STARTING
   FOLLOWER s7@group-6B83B4D95946:t1, leader=s8, voted=null, raftlog=Memoized:s7@group-6B83B4D95946-SegmentedRaftLog:OPENED:c4, conf=3: peers:[s3|rpc:0.0.0.0:36829|dataStream:|priority:0|startupRole:FOLLOWER, s4|rpc:0.0.0.0:45719|dataStream:|priority:0|startupRole:FOLLOWER, s5|rpc:0.0.0.0:35717|dataStream:|priority:0|startupRole:FOLLOWER, s6|rpc:0.0.0.0:46025|dataStream:|priority:0|startupRole:FOLLOWER, s7|rpc:0.0.0.0:34047|dataStream:|priority:0|startupRole:FOLLOWER, s8|rpc:0.0.0.0:35321|dataStream:|priority:0|startupRole:FOLLOWER, s0|rpc:0.0.0.0:46813|dataStream:|priority:0|startupRole:FOLLOWER, s1|rpc:0.0.0.0:37301|dataStream:|priority:0|startupRole:FOLLOWER, s2|rpc:0.0.0.0:46017|dataStream:|priority:0|startupRole:FOLLOWER]|listeners:[], old=null RUNNING] size=2
  s8:  RUNNING [
   FOLLOWER s8@group-75AB5BF27CAD:t0, leader=null, voted=, raftlog=Memoized:s8@group-75AB5BF27CAD-SegmentedRaftLog:OPENED:c-1, conf=-1: peers:[]|listeners:[], old=null STARTING
     LEADER s8@group-6B83B4D95946:t1, leader=s8, voted=s8, raftlog=Memoized:s8@group-6B83B4D95946-SegmentedRaftLog:OPENED:c4, conf=3: peers:[s3|rpc:0.0.0.0:36829|dataStream:|priority:0|startupRole:FOLLOWER, s4|rpc:0.0.0.0:45719|dataStream:|priority:0|startupRole:FOLLOWER, s5|rpc:0.0.0.0:35717|dataStream:|priority:0|startupRole:FOLLOWER, s6|rpc:0.0.0.0:46025|dataStream:|priority:0|startupRole:FOLLOWER, s7|rpc:0.0.0.0:34047|dataStream:|priority:0|startupRole:FOLLOWER, s8|rpc:0.0.0.0:35321|dataStream:|priority:0|startupRole:FOLLOWER, s0|rpc:0.0.0.0:46813|dataStream:|priority:0|startupRole:FOLLOWER, s1|rpc:0.0.0.0:37301|dataStream:|priority:0|startupRole:FOLLOWER, s2|rpc:0.0.0.0:46017|dataStream:|priority:0|startupRole:FOLLOWER]|listeners:[], old=null RUNNING] size=2
  s0:  RUNNING [
   FOLLOWER s0@group-75AB5BF27CAD:t0, leader=null, voted=, raftlog=Memoized:s0@group-75AB5BF27CAD-SegmentedRaftLog:OPENED:c-1, conf=-1: peers:[]|listeners:[], old=null STARTING
   FOLLOWER s0@group-6B83B4D95946:t1, leader=s8, voted=null, raftlog=Memoized:s0@group-6B83B4D95946-SegmentedRaftLog:OPENED:c3, conf=3: peers:[s3|rpc:0.0.0.0:36829|dataStream:|priority:0|startupRole:FOLLOWER, s4|rpc:0.0.0.0:45719|dataStream:|priority:0|startupRole:FOLLOWER, s5|rpc:0.0.0.0:35717|dataStream:|priority:0|startupRole:FOLLOWER, s6|rpc:0.0.0.0:46025|dataStream:|priority:0|startupRole:FOLLOWER, s7|rpc:0.0.0.0:34047|dataStream:|priority:0|startupRole:FOLLOWER, s8|rpc:0.0.0.0:35321|dataStream:|priority:0|startupRole:FOLLOWER, s0|rpc:0.0.0.0:46813|dataStream:|priority:0|startupRole:FOLLOWER, s1|rpc:0.0.0.0:37301|dataStream:|priority:0|startupRole:FOLLOWER, s2|rpc:0.0.0.0:46017|dataStream:|priority:0|startupRole:FOLLOWER]|listeners:[], old=null RUNNING] size=2
  s1:  RUNNING [
   FOLLOWER s1@group-75AB5BF27CAD:t0, leader=null, voted=, raftlog=Memoized:s1@group-75AB5BF27CAD-SegmentedRaftLog:OPENED:c-1, conf=-1: peers:[]|listeners:[], old=null STARTING
   FOLLOWER s1@group-6B83B4D95946:t1, leader=s8, voted=null, raftlog=Memoized:s1@group-6B83B4D95946-SegmentedRaftLog:OPENED:c3, conf=3: peers:[s3|rpc:0.0.0.0:36829|dataStream:|priority:0|startupRole:FOLLOWER, s4|rpc:0.0.0.0:45719|dataStream:|priority:0|startupRole:FOLLOWER, s5|rpc:0.0.0.0:35717|dataStream:|priority:0|startupRole:FOLLOWER, s6|rpc:0.0.0.0:46025|dataStream:|priority:0|startupRole:FOLLOWER, s7|rpc:0.0.0.0:34047|dataStream:|priority:0|startupRole:FOLLOWER, s8|rpc:0.0.0.0:35321|dataStream:|priority:0|startupRole:FOLLOWER, s0|rpc:0.0.0.0:46813|dataStream:|priority:0|startupRole:FOLLOWER, s1|rpc:0.0.0.0:37301|dataStream:|priority:0|startupRole:FOLLOWER, s2|rpc:0.0.0.0:46017|dataStream:|priority:0|startupRole:FOLLOWER]|listeners:[], old=null RUNNING] size=2
  s2:  RUNNING [
   FOLLOWER s2@group-75AB5BF27CAD:t0, leader=null, voted=, raftlog=Memoized:s2@group-75AB5BF27CAD-SegmentedRaftLog:OPENED:c-1, conf=-1: peers:[]|listeners:[], old=null STARTING
   FOLLOWER s2@group-6B83B4D95946:t1, leader=s8, voted=null, raftlog=Memoized:s2@group-6B83B4D95946-SegmentedRaftLog:OPENED:c3, conf=3: peers:[s3|rpc:0.0.0.0:36829|dataStream:|priority:0|startupRole:FOLLOWER, s4|rpc:0.0.0.0:45719|dataStream:|priority:0|startupRole:FOLLOWER, s5|rpc:0.0.0.0:35717|dataStream:|priority:0|startupRole:FOLLOWER, s6|rpc:0.0.0.0:46025|dataStream:|priority:0|startupRole:FOLLOWER, s7|rpc:0.0.0.0:34047|dataStream:|priority:0|startupRole:FOLLOWER, s8|rpc:0.0.0.0:35321|dataStream:|priority:0|startupRole:FOLLOWER, s0|rpc:0.0.0.0:46813|dataStream:|priority:0|startupRole:FOLLOWER, s1|rpc:0.0.0.0:37301|dataStream:|priority:0|startupRole:FOLLOWER, s2|rpc:0.0.0.0:46017|dataStream:|priority:0|startupRole:FOLLOWER]|listeners:[], old=null RUNNING] size=2
2023-08-28 07:17:59,971 [Time-limited test] INFO  impl.GroupManagementBaseTest (GroupManagementBaseTest.java:runMultiGroupTest(337)) - update groups: printing ALL groups
  s3:  RUNNING [
   FOLLOWER s3@group-75AB5BF27CAD:t0, leader=null, voted=, raftlog=Memoized:s3@group-75AB5BF27CAD-SegmentedRaftLog:OPENED:c-1, conf=-1: peers:[]|listeners:[], old=null STARTING
   FOLLOWER s3@group-6B83B4D95946:t1, leader=s8, voted=null, raftlog=Memoized:s3@group-6B83B4D95946-SegmentedRaftLog:OPENED:c3, conf=3: peers:[s3|rpc:0.0.0.0:36829|dataStream:|priority:0|startupRole:FOLLOWER, s4|rpc:0.0.0.0:45719|dataStream:|priority:0|startupRole:FOLLOWER, s5|rpc:0.0.0.0:35717|dataStream:|priority:0|startupRole:FOLLOWER, s6|rpc:0.0.0.0:46025|dataStream:|priority:0|startupRole:FOLLOWER, s7|rpc:0.0.0.0:34047|dataStream:|priority:0|startupRole:FOLLOWER, s8|rpc:0.0.0.0:35321|dataStream:|priority:0|startupRole:FOLLOWER, s0|rpc:0.0.0.0:46813|dataStream:|priority:0|startupRole:FOLLOWER, s1|rpc:0.0.0.0:37301|dataStream:|priority:0|startupRole:FOLLOWER, s2|rpc:0.0.0.0:46017|dataStream:|priority:0|startupRole:FOLLOWER]|listeners:[], old=null RUNNING] size=2
  s4:  RUNNING [
   FOLLOWER s4@group-75AB5BF27CAD:t0, leader=null, voted=, raftlog=Memoized:s4@group-75AB5BF27CAD-SegmentedRaftLog:OPENED:c-1, conf=-1: peers:[]|listeners:[], old=null STARTING
   FOLLOWER s4@group-6B83B4D95946:t1, leader=s8, voted=null, raftlog=Memoized:s4@group-6B83B4D95946-SegmentedRaftLog:OPENED:c3, conf=3: peers:[s3|rpc:0.0.0.0:36829|dataStream:|priority:0|startupRole:FOLLOWER, s4|rpc:0.0.0.0:45719|dataStream:|priority:0|startupRole:FOLLOWER, s5|rpc:0.0.0.0:35717|dataStream:|priority:0|startupRole:FOLLOWER, s6|rpc:0.0.0.0:46025|dataStream:|priority:0|startupRole:FOLLOWER, s7|rpc:0.0.0.0:34047|dataStream:|priority:0|startupRole:FOLLOWER, s8|rpc:0.0.0.0:35321|dataStream:|priority:0|startupRole:FOLLOWER, s0|rpc:0.0.0.0:46813|dataStream:|priority:0|startupRole:FOLLOWER, s1|rpc:0.0.0.0:37301|dataStream:|priority:0|startupRole:FOLLOWER, s2|rpc:0.0.0.0:46017|dataStream:|priority:0|startupRole:FOLLOWER]|listeners:[], old=null RUNNING] size=2
  s5:  RUNNING [
   FOLLOWER s5@group-75AB5BF27CAD:t0, leader=null, voted=, raftlog=Memoized:s5@group-75AB5BF27CAD-SegmentedRaftLog:OPENED:c-1, conf=-1: peers:[]|listeners:[], old=null STARTING
   FOLLOWER s5@group-6B83B4D95946:t1, leader=s8, voted=null, raftlog=Memoized:s5@group-6B83B4D95946-SegmentedRaftLog:OPENED:c3, conf=3: peers:[s3|rpc:0.0.0.0:36829|dataStream:|priority:0|startupRole:FOLLOWER, s4|rpc:0.0.0.0:45719|dataStream:|priority:0|startupRole:FOLLOWER, s5|rpc:0.0.0.0:35717|dataStream:|priority:0|startupRole:FOLLOWER, s6|rpc:0.0.0.0:46025|dataStream:|priority:0|startupRole:FOLLOWER, s7|rpc:0.0.0.0:34047|dataStream:|priority:0|startupRole:FOLLOWER, s8|rpc:0.0.0.0:35321|dataStream:|priority:0|startupRole:FOLLOWER, s0|rpc:0.0.0.0:46813|dataStream:|priority:0|startupRole:FOLLOWER, s1|rpc:0.0.0.0:37301|dataStream:|priority:0|startupRole:FOLLOWER, s2|rpc:0.0.0.0:46017|dataStream:|priority:0|startupRole:FOLLOWER]|listeners:[], old=null RUNNING] size=2
  s6:  RUNNING [
   FOLLOWER s6@group-75AB5BF27CAD:t0, leader=null, voted=, raftlog=Memoized:s6@group-75AB5BF27CAD-SegmentedRaftLog:OPENED:c-1, conf=-1: peers:[]|listeners:[], old=null STARTING
   FOLLOWER s6@group-6B83B4D95946:t1, leader=s8, voted=null, raftlog=Memoized:s6@group-6B83B4D95946-SegmentedRaftLog:OPENED:c3, conf=3: peers:[s3|rpc:0.0.0.0:36829|dataStream:|priority:0|startupRole:FOLLOWER, s4|rpc:0.0.0.0:45719|dataStream:|priority:0|startupRole:FOLLOWER, s5|rpc:0.0.0.0:35717|dataStream:|priority:0|startupRole:FOLLOWER, s6|rpc:0.0.0.0:46025|dataStream:|priority:0|startupRole:FOLLOWER, s7|rpc:0.0.0.0:34047|dataStream:|priority:0|startupRole:FOLLOWER, s8|rpc:0.0.0.0:35321|dataStream:|priority:0|startupRole:FOLLOWER, s0|rpc:0.0.0.0:46813|dataStream:|priority:0|startupRole:FOLLOWER, s1|rpc:0.0.0.0:37301|dataStream:|priority:0|startupRole:FOLLOWER, s2|rpc:0.0.0.0:46017|dataStream:|priority:0|startupRole:FOLLOWER]|listeners:[], old=null RUNNING] size=2
  s7:  RUNNING [
   FOLLOWER s7@group-75AB5BF27CAD:t0, leader=null, voted=, raftlog=Memoized:s7@group-75AB5BF27CAD-SegmentedRaftLog:OPENED:c-1, conf=-1: peers:[]|listeners:[], old=null STARTING
   FOLLOWER s7@group-6B83B4D95946:t1, leader=s8, voted=null, raftlog=Memoized:s7@group-6B83B4D95946-SegmentedRaftLog:OPENED:c4, conf=3: peers:[s3|rpc:0.0.0.0:36829|dataStream:|priority:0|startupRole:FOLLOWER, s4|rpc:0.0.0.0:45719|dataStream:|priority:0|startupRole:FOLLOWER, s5|rpc:0.0.0.0:35717|dataStream:|priority:0|startupRole:FOLLOWER, s6|rpc:0.0.0.0:46025|dataStream:|priority:0|startupRole:FOLLOWER, s7|rpc:0.0.0.0:34047|dataStream:|priority:0|startupRole:FOLLOWER, s8|rpc:0.0.0.0:35321|dataStream:|priority:0|startupRole:FOLLOWER, s0|rpc:0.0.0.0:46813|dataStream:|priority:0|startupRole:FOLLOWER, s1|rpc:0.0.0.0:37301|dataStream:|priority:0|startupRole:FOLLOWER, s2|rpc:0.0.0.0:46017|dataStream:|priority:0|startupRole:FOLLOWER]|listeners:[], old=null RUNNING] size=2
  s8:  RUNNING [
   FOLLOWER s8@group-75AB5BF27CAD:t0, leader=null, voted=, raftlog=Memoized:s8@group-75AB5BF27CAD-SegmentedRaftLog:OPENED:c-1, conf=-1: peers:[]|listeners:[], old=null STARTING
     LEADER s8@group-6B83B4D95946:t1, leader=s8, voted=s8, raftlog=Memoized:s8@group-6B83B4D95946-SegmentedRaftLog:OPENED:c4, conf=3: peers:[s3|rpc:0.0.0.0:36829|dataStream:|priority:0|startupRole:FOLLOWER, s4|rpc:0.0.0.0:45719|dataStream:|priority:0|startupRole:FOLLOWER, s5|rpc:0.0.0.0:35717|dataStream:|priority:0|startupRole:FOLLOWER, s6|rpc:0.0.0.0:46025|dataStream:|priority:0|startupRole:FOLLOWER, s7|rpc:0.0.0.0:34047|dataStream:|priority:0|startupRole:FOLLOWER, s8|rpc:0.0.0.0:35321|dataStream:|priority:0|startupRole:FOLLOWER, s0|rpc:0.0.0.0:46813|dataStream:|priority:0|startupRole:FOLLOWER, s1|rpc:0.0.0.0:37301|dataStream:|priority:0|startupRole:FOLLOWER, s2|rpc:0.0.0.0:46017|dataStream:|priority:0|startupRole:FOLLOWER]|listeners:[], old=null RUNNING] size=2
  s0:  RUNNING [
   FOLLOWER s0@group-75AB5BF27CAD:t0, leader=null, voted=, raftlog=Memoized:s0@group-75AB5BF27CAD-SegmentedRaftLog:OPENED:c-1, conf=-1: peers:[]|listeners:[], old=null STARTING
   FOLLOWER s0@group-6B83B4D95946:t1, leader=s8, voted=null, raftlog=Memoized:s0@group-6B83B4D95946-SegmentedRaftLog:OPENED:c3, conf=3: peers:[s3|rpc:0.0.0.0:36829|dataStream:|priority:0|startupRole:FOLLOWER, s4|rpc:0.0.0.0:45719|dataStream:|priority:0|startupRole:FOLLOWER, s5|rpc:0.0.0.0:35717|dataStream:|priority:0|startupRole:FOLLOWER, s6|rpc:0.0.0.0:46025|dataStream:|priority:0|startupRole:FOLLOWER, s7|rpc:0.0.0.0:34047|dataStream:|priority:0|startupRole:FOLLOWER, s8|rpc:0.0.0.0:35321|dataStream:|priority:0|startupRole:FOLLOWER, s0|rpc:0.0.0.0:46813|dataStream:|priority:0|startupRole:FOLLOWER, s1|rpc:0.0.0.0:37301|dataStream:|priority:0|startupRole:FOLLOWER, s2|rpc:0.0.0.0:46017|dataStream:|priority:0|startupRole:FOLLOWER]|listeners:[], old=null RUNNING] size=2
  s1:  RUNNING [
   FOLLOWER s1@group-75AB5BF27CAD:t0, leader=null, voted=, raftlog=Memoized:s1@group-75AB5BF27CAD-SegmentedRaftLog:OPENED:c-1, conf=-1: peers:[]|listeners:[], old=null STARTING
   FOLLOWER s1@group-6B83B4D95946:t1, leader=s8, voted=null, raftlog=Memoized:s1@group-6B83B4D95946-SegmentedRaftLog:OPENED:c3, conf=3: peers:[s3|rpc:0.0.0.0:36829|dataStream:|priority:0|startupRole:FOLLOWER, s4|rpc:0.0.0.0:45719|dataStream:|priority:0|startupRole:FOLLOWER, s5|rpc:0.0.0.0:35717|dataStream:|priority:0|startupRole:FOLLOWER, s6|rpc:0.0.0.0:46025|dataStream:|priority:0|startupRole:FOLLOWER, s7|rpc:0.0.0.0:34047|dataStream:|priority:0|startupRole:FOLLOWER, s8|rpc:0.0.0.0:35321|dataStream:|priority:0|startupRole:FOLLOWER, s0|rpc:0.0.0.0:46813|dataStream:|priority:0|startupRole:FOLLOWER, s1|rpc:0.0.0.0:37301|dataStream:|priority:0|startupRole:FOLLOWER, s2|rpc:0.0.0.0:46017|dataStream:|priority:0|startupRole:FOLLOWER]|listeners:[], old=null RUNNING] size=2
  s2:  RUNNING [
   FOLLOWER s2@group-75AB5BF27CAD:t0, leader=null, voted=, raftlog=Memoized:s2@group-75AB5BF27CAD-SegmentedRaftLog:OPENED:c-1, conf=-1: peers:[]|listeners:[], old=null STARTING
   FOLLOWER s2@group-6B83B4D95946:t1, leader=s8, voted=null, raftlog=Memoized:s2@group-6B83B4D95946-SegmentedRaftLog:OPENED:c3, conf=3: peers:[s3|rpc:0.0.0.0:36829|dataStream:|priority:0|startupRole:FOLLOWER, s4|rpc:0.0.0.0:45719|dataStream:|priority:0|startupRole:FOLLOWER, s5|rpc:0.0.0.0:35717|dataStream:|priority:0|startupRole:FOLLOWER, s6|rpc:0.0.0.0:46025|dataStream:|priority:0|startupRole:FOLLOWER, s7|rpc:0.0.0.0:34047|dataStream:|priority:0|startupRole:FOLLOWER, s8|rpc:0.0.0.0:35321|dataStream:|priority:0|startupRole:FOLLOWER, s0|rpc:0.0.0.0:46813|dataStream:|priority:0|startupRole:FOLLOWER, s1|rpc:0.0.0.0:37301|dataStream:|priority:0|startupRole:FOLLOWER, s2|rpc:0.0.0.0:46017|dataStream:|priority:0|startupRole:FOLLOWER]|listeners:[], old=null RUNNING] size=2
| MiniRaftClusterWithNetty[5, 8, 9]chosen=2 | update groups | 233 |
2023-08-28 07:17:59,971 [Time-limited test] INFO  impl.MiniRaftCluster (MiniRaftCluster.java:shutdown(831)) - ************************************************************** 
2023-08-28 07:17:59,971 [Time-limited test] INFO  impl.MiniRaftCluster (MiniRaftCluster.java:shutdown(832)) - *** 
2023-08-28 07:17:59,971 [Time-limited test] INFO  impl.MiniRaftCluster (MiniRaftCluster.java:shutdown(833)) - ***     Stopping MiniRaftClusterWithNetty
2023-08-28 07:17:59,971 [Time-limited test] INFO  impl.MiniRaftCluster (MiniRaftCluster.java:shutdown(834)) - *** 
2023-08-28 07:17:59,971 [Time-limited test] INFO  impl.MiniRaftCluster (MiniRaftCluster.java:shutdown(835)) - ************************************************************** 
2023-08-28 07:17:59,971 [Time-limited test] INFO  impl.MiniRaftCluster (MiniRaftCluster.java:shutdown(836)) - printing ALL groups
  s3:  RUNNING [
   FOLLOWER s3@group-75AB5BF27CAD:t0, leader=null, voted=, raftlog=Memoized:s3@group-75AB5BF27CAD-SegmentedRaftLog:OPENED:c-1, conf=-1: peers:[]|listeners:[], old=null STARTING
   FOLLOWER s3@group-6B83B4D95946:t1, leader=s8, voted=null, raftlog=Memoized:s3@group-6B83B4D95946-SegmentedRaftLog:OPENED:c3, conf=3: peers:[s3|rpc:0.0.0.0:36829|dataStream:|priority:0|startupRole:FOLLOWER, s4|rpc:0.0.0.0:45719|dataStream:|priority:0|startupRole:FOLLOWER, s5|rpc:0.0.0.0:35717|dataStream:|priority:0|startupRole:FOLLOWER, s6|rpc:0.0.0.0:46025|dataStream:|priority:0|startupRole:FOLLOWER, s7|rpc:0.0.0.0:34047|dataStream:|priority:0|startupRole:FOLLOWER, s8|rpc:0.0.0.0:35321|dataStream:|priority:0|startupRole:FOLLOWER, s0|rpc:0.0.0.0:46813|dataStream:|priority:0|startupRole:FOLLOWER, s1|rpc:0.0.0.0:37301|dataStream:|priority:0|startupRole:FOLLOWER, s2|rpc:0.0.0.0:46017|dataStream:|priority:0|startupRole:FOLLOWER]|listeners:[], old=null RUNNING] size=2
  s4:  RUNNING [
   FOLLOWER s4@group-75AB5BF27CAD:t0, leader=null, voted=, raftlog=Memoized:s4@group-75AB5BF27CAD-SegmentedRaftLog:OPENED:c-1, conf=-1: peers:[]|listeners:[], old=null STARTING
   FOLLOWER s4@group-6B83B4D95946:t1, leader=s8, voted=null, raftlog=Memoized:s4@group-6B83B4D95946-SegmentedRaftLog:OPENED:c3, conf=3: peers:[s3|rpc:0.0.0.0:36829|dataStream:|priority:0|startupRole:FOLLOWER, s4|rpc:0.0.0.0:45719|dataStream:|priority:0|startupRole:FOLLOWER, s5|rpc:0.0.0.0:35717|dataStream:|priority:0|startupRole:FOLLOWER, s6|rpc:0.0.0.0:46025|dataStream:|priority:0|startupRole:FOLLOWER, s7|rpc:0.0.0.0:34047|dataStream:|priority:0|startupRole:FOLLOWER, s8|rpc:0.0.0.0:35321|dataStream:|priority:0|startupRole:FOLLOWER, s0|rpc:0.0.0.0:46813|dataStream:|priority:0|startupRole:FOLLOWER, s1|rpc:0.0.0.0:37301|dataStream:|priority:0|startupRole:FOLLOWER, s2|rpc:0.0.0.0:46017|dataStream:|priority:0|startupRole:FOLLOWER]|listeners:[], old=null RUNNING] size=2
  s5:  RUNNING [
   FOLLOWER s5@group-75AB5BF27CAD:t0, leader=null, voted=, raftlog=Memoized:s5@group-75AB5BF27CAD-SegmentedRaftLog:OPENED:c-1, conf=-1: peers:[]|listeners:[], old=null STARTING
   FOLLOWER s5@group-6B83B4D95946:t1, leader=s8, voted=null, raftlog=Memoized:s5@group-6B83B4D95946-SegmentedRaftLog:OPENED:c3, conf=3: peers:[s3|rpc:0.0.0.0:36829|dataStream:|priority:0|startupRole:FOLLOWER, s4|rpc:0.0.0.0:45719|dataStream:|priority:0|startupRole:FOLLOWER, s5|rpc:0.0.0.0:35717|dataStream:|priority:0|startupRole:FOLLOWER, s6|rpc:0.0.0.0:46025|dataStream:|priority:0|startupRole:FOLLOWER, s7|rpc:0.0.0.0:34047|dataStream:|priority:0|startupRole:FOLLOWER, s8|rpc:0.0.0.0:35321|dataStream:|priority:0|startupRole:FOLLOWER, s0|rpc:0.0.0.0:46813|dataStream:|priority:0|startupRole:FOLLOWER, s1|rpc:0.0.0.0:37301|dataStream:|priority:0|startupRole:FOLLOWER, s2|rpc:0.0.0.0:46017|dataStream:|priority:0|startupRole:FOLLOWER]|listeners:[], old=null RUNNING] size=2
  s6:  RUNNING [
   FOLLOWER s6@group-75AB5BF27CAD:t0, leader=null, voted=, raftlog=Memoized:s6@group-75AB5BF27CAD-SegmentedRaftLog:OPENED:c-1, conf=-1: peers:[]|listeners:[], old=null STARTING
   FOLLOWER s6@group-6B83B4D95946:t1, leader=s8, voted=null, raftlog=Memoized:s6@group-6B83B4D95946-SegmentedRaftLog:OPENED:c3, conf=3: peers:[s3|rpc:0.0.0.0:36829|dataStream:|priority:0|startupRole:FOLLOWER, s4|rpc:0.0.0.0:45719|dataStream:|priority:0|startupRole:FOLLOWER, s5|rpc:0.0.0.0:35717|dataStream:|priority:0|startupRole:FOLLOWER, s6|rpc:0.0.0.0:46025|dataStream:|priority:0|startupRole:FOLLOWER, s7|rpc:0.0.0.0:34047|dataStream:|priority:0|startupRole:FOLLOWER, s8|rpc:0.0.0.0:35321|dataStream:|priority:0|startupRole:FOLLOWER, s0|rpc:0.0.0.0:46813|dataStream:|priority:0|startupRole:FOLLOWER, s1|rpc:0.0.0.0:37301|dataStream:|priority:0|startupRole:FOLLOWER, s2|rpc:0.0.0.0:46017|dataStream:|priority:0|startupRole:FOLLOWER]|listeners:[], old=null RUNNING] size=2
  s7:  RUNNING [
   FOLLOWER s7@group-75AB5BF27CAD:t0, leader=null, voted=, raftlog=Memoized:s7@group-75AB5BF27CAD-SegmentedRaftLog:OPENED:c-1, conf=-1: peers:[]|listeners:[], old=null STARTING
   FOLLOWER s7@group-6B83B4D95946:t1, leader=s8, voted=null, raftlog=Memoized:s7@group-6B83B4D95946-SegmentedRaftLog:OPENED:c4, conf=3: peers:[s3|rpc:0.0.0.0:36829|dataStream:|priority:0|startupRole:FOLLOWER, s4|rpc:0.0.0.0:45719|dataStream:|priority:0|startupRole:FOLLOWER, s5|rpc:0.0.0.0:35717|dataStream:|priority:0|startupRole:FOLLOWER, s6|rpc:0.0.0.0:46025|dataStream:|priority:0|startupRole:FOLLOWER, s7|rpc:0.0.0.0:34047|dataStream:|priority:0|startupRole:FOLLOWER, s8|rpc:0.0.0.0:35321|dataStream:|priority:0|startupRole:FOLLOWER, s0|rpc:0.0.0.0:46813|dataStream:|priority:0|startupRole:FOLLOWER, s1|rpc:0.0.0.0:37301|dataStream:|priority:0|startupRole:FOLLOWER, s2|rpc:0.0.0.0:46017|dataStream:|priority:0|startupRole:FOLLOWER]|listeners:[], old=null RUNNING] size=2
  s8:  RUNNING [
   FOLLOWER s8@group-75AB5BF27CAD:t0, leader=null, voted=, raftlog=Memoized:s8@group-75AB5BF27CAD-SegmentedRaftLog:OPENED:c-1, conf=-1: peers:[]|listeners:[], old=null STARTING
     LEADER s8@group-6B83B4D95946:t1, leader=s8, voted=s8, raftlog=Memoized:s8@group-6B83B4D95946-SegmentedRaftLog:OPENED:c4, conf=3: peers:[s3|rpc:0.0.0.0:36829|dataStream:|priority:0|startupRole:FOLLOWER, s4|rpc:0.0.0.0:45719|dataStream:|priority:0|startupRole:FOLLOWER, s5|rpc:0.0.0.0:35717|dataStream:|priority:0|startupRole:FOLLOWER, s6|rpc:0.0.0.0:46025|dataStream:|priority:0|startupRole:FOLLOWER, s7|rpc:0.0.0.0:34047|dataStream:|priority:0|startupRole:FOLLOWER, s8|rpc:0.0.0.0:35321|dataStream:|priority:0|startupRole:FOLLOWER, s0|rpc:0.0.0.0:46813|dataStream:|priority:0|startupRole:FOLLOWER, s1|rpc:0.0.0.0:37301|dataStream:|priority:0|startupRole:FOLLOWER, s2|rpc:0.0.0.0:46017|dataStream:|priority:0|startupRole:FOLLOWER]|listeners:[], old=null RUNNING] size=2
  s0:  RUNNING [
   FOLLOWER s0@group-75AB5BF27CAD:t0, leader=null, voted=, raftlog=Memoized:s0@group-75AB5BF27CAD-SegmentedRaftLog:OPENED:c-1, conf=-1: peers:[]|listeners:[], old=null STARTING
   FOLLOWER s0@group-6B83B4D95946:t1, leader=s8, voted=null, raftlog=Memoized:s0@group-6B83B4D95946-SegmentedRaftLog:OPENED:c3, conf=3: peers:[s3|rpc:0.0.0.0:36829|dataStream:|priority:0|startupRole:FOLLOWER, s4|rpc:0.0.0.0:45719|dataStream:|priority:0|startupRole:FOLLOWER, s5|rpc:0.0.0.0:35717|dataStream:|priority:0|startupRole:FOLLOWER, s6|rpc:0.0.0.0:46025|dataStream:|priority:0|startupRole:FOLLOWER, s7|rpc:0.0.0.0:34047|dataStream:|priority:0|startupRole:FOLLOWER, s8|rpc:0.0.0.0:35321|dataStream:|priority:0|startupRole:FOLLOWER, s0|rpc:0.0.0.0:46813|dataStream:|priority:0|startupRole:FOLLOWER, s1|rpc:0.0.0.0:37301|dataStream:|priority:0|startupRole:FOLLOWER, s2|rpc:0.0.0.0:46017|dataStream:|priority:0|startupRole:FOLLOWER]|listeners:[], old=null RUNNING] size=2
  s1:  RUNNING [
   FOLLOWER s1@group-75AB5BF27CAD:t0, leader=null, voted=, raftlog=Memoized:s1@group-75AB5BF27CAD-SegmentedRaftLog:OPENED:c-1, conf=-1: peers:[]|listeners:[], old=null STARTING
   FOLLOWER s1@group-6B83B4D95946:t1, leader=s8, voted=null, raftlog=Memoized:s1@group-6B83B4D95946-SegmentedRaftLog:OPENED:c3, conf=3: peers:[s3|rpc:0.0.0.0:36829|dataStream:|priority:0|startupRole:FOLLOWER, s4|rpc:0.0.0.0:45719|dataStream:|priority:0|startupRole:FOLLOWER, s5|rpc:0.0.0.0:35717|dataStream:|priority:0|startupRole:FOLLOWER, s6|rpc:0.0.0.0:46025|dataStream:|priority:0|startupRole:FOLLOWER, s7|rpc:0.0.0.0:34047|dataStream:|priority:0|startupRole:FOLLOWER, s8|rpc:0.0.0.0:35321|dataStream:|priority:0|startupRole:FOLLOWER, s0|rpc:0.0.0.0:46813|dataStream:|priority:0|startupRole:FOLLOWER, s1|rpc:0.0.0.0:37301|dataStream:|priority:0|startupRole:FOLLOWER, s2|rpc:0.0.0.0:46017|dataStream:|priority:0|startupRole:FOLLOWER]|listeners:[], old=null RUNNING] size=2
  s2:  RUNNING [
   FOLLOWER s2@group-75AB5BF27CAD:t0, leader=null, voted=, raftlog=Memoized:s2@group-75AB5BF27CAD-SegmentedRaftLog:OPENED:c-1, conf=-1: peers:[]|listeners:[], old=null STARTING
   FOLLOWER s2@group-6B83B4D95946:t1, leader=s8, voted=null, raftlog=Memoized:s2@group-6B83B4D95946-SegmentedRaftLog:OPENED:c3, conf=3: peers:[s3|rpc:0.0.0.0:36829|dataStream:|priority:0|startupRole:FOLLOWER, s4|rpc:0.0.0.0:45719|dataStream:|priority:0|startupRole:FOLLOWER, s5|rpc:0.0.0.0:35717|dataStream:|priority:0|startupRole:FOLLOWER, s6|rpc:0.0.0.0:46025|dataStream:|priority:0|startupRole:FOLLOWER, s7|rpc:0.0.0.0:34047|dataStream:|priority:0|startupRole:FOLLOWER, s8|rpc:0.0.0.0:35321|dataStream:|priority:0|startupRole:FOLLOWER, s0|rpc:0.0.0.0:46813|dataStream:|priority:0|startupRole:FOLLOWER, s1|rpc:0.0.0.0:37301|dataStream:|priority:0|startupRole:FOLLOWER, s2|rpc:0.0.0.0:46017|dataStream:|priority:0|startupRole:FOLLOWER]|listeners:[], old=null RUNNING] size=2
2023-08-28 07:17:59,974 [MiniRaftCluster-13] INFO  server.RaftServer (RaftServerProxy.java:lambda$close$7(420)) - s3: close
2023-08-28 07:17:59,974 [s3-impl-thread1] INFO  server.RaftServer$Division (RaftServerImpl.java:lambda$close$3(508)) - s3@group-75AB5BF27CAD: shutdown
2023-08-28 07:17:59,974 [s3-impl-thread1] INFO  util.JmxRegister (JmxRegister.java:unregister(73)) - Successfully un-registered JMX Bean with object name Ratis:service=RaftServer,group=group-75AB5BF27CAD,id=s3
2023-08-28 07:17:59,974 [s3-impl-thread1] INFO  impl.StateMachineUpdater (StateMachineUpdater.java:stopAndJoin(157)) - s3@group-75AB5BF27CAD-StateMachineUpdater: set stopIndex = -1
2023-08-28 07:17:59,974 [s3-impl-thread1] INFO  server.RaftServer$Division (ServerState.java:close(415)) - s3@group-75AB5BF27CAD: applyIndex: -1
2023-08-28 07:17:59,974 [nioEventLoopGroup-90-1] INFO  logging.LoggingHandler (AbstractInternalLogger.java:log(148)) - [id: 0xad34dad4, L:/0.0.0.0:36829] CLOSE
2023-08-28 07:17:59,975 [nioEventLoopGroup-90-1] INFO  logging.LoggingHandler (AbstractInternalLogger.java:log(148)) - [id: 0xad34dad4, L:/0.0.0.0:36829] INACTIVE
2023-08-28 07:17:59,975 [nioEventLoopGroup-90-1] INFO  logging.LoggingHandler (AbstractInternalLogger.java:log(148)) - [id: 0xad34dad4, L:/0.0.0.0:36829] UNREGISTERED
2023-08-28 07:17:59,975 [MiniRaftCluster-15] INFO  server.RaftServer (RaftServerProxy.java:lambda$close$7(420)) - s5: close
2023-08-28 07:17:59,975 [s5-impl-thread1] INFO  server.RaftServer$Division (RaftServerImpl.java:lambda$close$3(508)) - s5@group-75AB5BF27CAD: shutdown
2023-08-28 07:17:59,975 [s5-impl-thread1] INFO  util.JmxRegister (JmxRegister.java:unregister(73)) - Successfully un-registered JMX Bean with object name Ratis:service=RaftServer,group=group-75AB5BF27CAD,id=s5
2023-08-28 07:17:59,975 [s5-impl-thread1] INFO  impl.StateMachineUpdater (StateMachineUpdater.java:stopAndJoin(157)) - s5@group-75AB5BF27CAD-StateMachineUpdater: set stopIndex = -1
2023-08-28 07:17:59,975 [MiniRaftCluster-14] INFO  server.RaftServer (RaftServerProxy.java:lambda$close$7(420)) - s4: close
2023-08-28 07:17:59,975 [s5-impl-thread1] INFO  server.RaftServer$Division (ServerState.java:close(415)) - s5@group-75AB5BF27CAD: applyIndex: -1
2023-08-28 07:17:59,986 [s5-impl-thread2] INFO  server.RaftServer$Division (RaftServerImpl.java:lambda$close$3(508)) - s5@group-6B83B4D95946: shutdown
2023-08-28 07:17:59,986 [s3-impl-thread2] INFO  server.RaftServer$Division (RaftServerImpl.java:lambda$close$3(508)) - s3@group-6B83B4D95946: shutdown
2023-08-28 07:17:59,986 [nioEventLoopGroup-96-1] INFO  logging.LoggingHandler (AbstractInternalLogger.java:log(148)) - [id: 0x34e461c6, L:/0.0.0.0:35717] CLOSE
2023-08-28 07:17:59,986 [s3-impl-thread2] INFO  util.JmxRegister (JmxRegister.java:unregister(73)) - Successfully un-registered JMX Bean with object name Ratis:service=RaftServer,group=group-6B83B4D95946,id=s3
2023-08-28 07:17:59,986 [s3-impl-thread2] INFO  impl.RoleInfo (RoleInfo.java:shutdownFollowerState(109)) - s3: shutdown s3@group-6B83B4D95946-FollowerState
2023-08-28 07:17:59,986 [nioEventLoopGroup-96-1] INFO  logging.LoggingHandler (AbstractInternalLogger.java:log(148)) - [id: 0x34e461c6, L:/0.0.0.0:35717] INACTIVE
2023-08-28 07:17:59,986 [s3-impl-thread2] INFO  impl.StateMachineUpdater (StateMachineUpdater.java:stopAndJoin(157)) - s3@group-6B83B4D95946-StateMachineUpdater: set stopIndex = 3
2023-08-28 07:17:59,986 [nioEventLoopGroup-96-1] INFO  logging.LoggingHandler (AbstractInternalLogger.java:log(148)) - [id: 0x34e461c6, L:/0.0.0.0:35717] UNREGISTERED
2023-08-28 07:17:59,986 [s3@group-6B83B4D95946-FollowerState] INFO  impl.FollowerState (FollowerState.java:run(152)) - s3@group-6B83B4D95946-FollowerState was interrupted
2023-08-28 07:17:59,987 [s5-impl-thread2] INFO  util.JmxRegister (JmxRegister.java:unregister(73)) - Successfully un-registered JMX Bean with object name Ratis:service=RaftServer,group=group-6B83B4D95946,id=s5
2023-08-28 07:17:59,987 [s4-impl-thread1] INFO  server.RaftServer$Division (RaftServerImpl.java:lambda$close$3(508)) - s4@group-75AB5BF27CAD: shutdown
2023-08-28 07:17:59,987 [s5-impl-thread2] INFO  impl.RoleInfo (RoleInfo.java:shutdownFollowerState(109)) - s5: shutdown s5@group-6B83B4D95946-FollowerState
2023-08-28 07:17:59,987 [s4-impl-thread1] INFO  util.JmxRegister (JmxRegister.java:unregister(73)) - Successfully un-registered JMX Bean with object name Ratis:service=RaftServer,group=group-75AB5BF27CAD,id=s4
2023-08-28 07:17:59,987 [s5@group-6B83B4D95946-FollowerState] INFO  impl.FollowerState (FollowerState.java:run(152)) - s5@group-6B83B4D95946-FollowerState was interrupted
2023-08-28 07:17:59,987 [s4-impl-thread1] INFO  impl.StateMachineUpdater (StateMachineUpdater.java:stopAndJoin(157)) - s4@group-75AB5BF27CAD-StateMachineUpdater: set stopIndex = -1
2023-08-28 07:17:59,987 [s5-impl-thread2] INFO  impl.StateMachineUpdater (StateMachineUpdater.java:stopAndJoin(157)) - s5@group-6B83B4D95946-StateMachineUpdater: set stopIndex = 3
2023-08-28 07:17:59,987 [s4-impl-thread2] INFO  server.RaftServer$Division (RaftServerImpl.java:lambda$close$3(508)) - s4@group-6B83B4D95946: shutdown
2023-08-28 07:17:59,987 [s4-impl-thread2] INFO  util.JmxRegister (JmxRegister.java:unregister(73)) - Successfully un-registered JMX Bean with object name Ratis:service=RaftServer,group=group-6B83B4D95946,id=s4
2023-08-28 07:17:59,987 [s4-impl-thread2] INFO  impl.RoleInfo (RoleInfo.java:shutdownFollowerState(109)) - s4: shutdown s4@group-6B83B4D95946-FollowerState
2023-08-28 07:17:59,987 [s4-impl-thread2] INFO  impl.StateMachineUpdater (StateMachineUpdater.java:stopAndJoin(157)) - s4@group-6B83B4D95946-StateMachineUpdater: set stopIndex = 3
2023-08-28 07:17:59,987 [s4-impl-thread2] INFO  server.RaftServer$Division (ServerState.java:close(415)) - s4@group-6B83B4D95946: applyIndex: 3
2023-08-28 07:17:59,987 [s3-impl-thread2] INFO  server.RaftServer$Division (ServerState.java:close(415)) - s3@group-6B83B4D95946: applyIndex: 3
2023-08-28 07:17:59,987 [s5-impl-thread2] INFO  server.RaftServer$Division (ServerState.java:close(415)) - s5@group-6B83B4D95946: applyIndex: 3
2023-08-28 07:17:59,987 [nioEventLoopGroup-93-1] INFO  logging.LoggingHandler (AbstractInternalLogger.java:log(148)) - [id: 0x3e2faf44, L:/0.0.0.0:45719] CLOSE
2023-08-28 07:17:59,988 [nioEventLoopGroup-93-1] INFO  logging.LoggingHandler (AbstractInternalLogger.java:log(148)) - [id: 0x3e2faf44, L:/0.0.0.0:45719] INACTIVE
2023-08-28 07:17:59,988 [nioEventLoopGroup-93-1] INFO  logging.LoggingHandler (AbstractInternalLogger.java:log(148)) - [id: 0x3e2faf44, L:/0.0.0.0:45719] UNREGISTERED
2023-08-28 07:17:59,990 [MiniRaftCluster-17] INFO  server.RaftServer (RaftServerProxy.java:lambda$close$7(420)) - s7: close
2023-08-28 07:17:59,990 [s4@group-6B83B4D95946-FollowerState] INFO  impl.FollowerState (FollowerState.java:run(152)) - s4@group-6B83B4D95946-FollowerState was interrupted
2023-08-28 07:17:59,990 [s7-impl-thread1] INFO  server.RaftServer$Division (RaftServerImpl.java:lambda$close$3(508)) - s7@group-75AB5BF27CAD: shutdown
2023-08-28 07:17:59,990 [s4-impl-thread1] INFO  server.RaftServer$Division (ServerState.java:close(415)) - s4@group-75AB5BF27CAD: applyIndex: -1
2023-08-28 07:17:59,990 [s7-impl-thread1] INFO  util.JmxRegister (JmxRegister.java:unregister(73)) - Successfully un-registered JMX Bean with object name Ratis:service=RaftServer,group=group-75AB5BF27CAD,id=s7
2023-08-28 07:17:59,990 [s7-impl-thread1] INFO  impl.StateMachineUpdater (StateMachineUpdater.java:stopAndJoin(157)) - s7@group-75AB5BF27CAD-StateMachineUpdater: set stopIndex = -1
2023-08-28 07:17:59,990 [s7-impl-thread1] INFO  server.RaftServer$Division (ServerState.java:close(415)) - s7@group-75AB5BF27CAD: applyIndex: -1
2023-08-28 07:17:59,990 [MiniRaftCluster-16] INFO  server.RaftServer (RaftServerProxy.java:lambda$close$7(420)) - s6: close
2023-08-28 07:17:59,991 [s6-impl-thread1] INFO  server.RaftServer$Division (RaftServerImpl.java:lambda$close$3(508)) - s6@group-75AB5BF27CAD: shutdown
2023-08-28 07:17:59,991 [s6-impl-thread1] INFO  util.JmxRegister (JmxRegister.java:unregister(73)) - Successfully un-registered JMX Bean with object name Ratis:service=RaftServer,group=group-75AB5BF27CAD,id=s6
2023-08-28 07:17:59,991 [s6-impl-thread1] INFO  impl.StateMachineUpdater (StateMachineUpdater.java:stopAndJoin(157)) - s6@group-75AB5BF27CAD-StateMachineUpdater: set stopIndex = -1
2023-08-28 07:17:59,993 [nioEventLoopGroup-99-1] INFO  logging.LoggingHandler (AbstractInternalLogger.java:log(148)) - [id: 0x4c645ac6, L:/0.0.0.0:46025] CLOSE
2023-08-28 07:17:59,993 [nioEventLoopGroup-99-1] INFO  logging.LoggingHandler (AbstractInternalLogger.java:log(148)) - [id: 0x4c645ac6, L:/0.0.0.0:46025] INACTIVE
2023-08-28 07:17:59,993 [nioEventLoopGroup-99-1] INFO  logging.LoggingHandler (AbstractInternalLogger.java:log(148)) - [id: 0x4c645ac6, L:/0.0.0.0:46025] UNREGISTERED
2023-08-28 07:17:59,993 [s6-impl-thread2] INFO  server.RaftServer$Division (RaftServerImpl.java:lambda$close$3(508)) - s6@group-6B83B4D95946: shutdown
2023-08-28 07:17:59,993 [s6-impl-thread2] INFO  util.JmxRegister (JmxRegister.java:unregister(73)) - Successfully un-registered JMX Bean with object name Ratis:service=RaftServer,group=group-6B83B4D95946,id=s6
2023-08-28 07:17:59,993 [s6-impl-thread2] INFO  impl.RoleInfo (RoleInfo.java:shutdownFollowerState(109)) - s6: shutdown s6@group-6B83B4D95946-FollowerState
2023-08-28 07:17:59,993 [s6@group-6B83B4D95946-FollowerState] INFO  impl.FollowerState (FollowerState.java:run(152)) - s6@group-6B83B4D95946-FollowerState was interrupted
2023-08-28 07:17:59,993 [s6-impl-thread2] INFO  impl.StateMachineUpdater (StateMachineUpdater.java:stopAndJoin(157)) - s6@group-6B83B4D95946-StateMachineUpdater: set stopIndex = 3
2023-08-28 07:17:59,995 [s6-impl-thread1] INFO  server.RaftServer$Division (ServerState.java:close(415)) - s6@group-75AB5BF27CAD: applyIndex: -1
2023-08-28 07:17:59,996 [s6-impl-thread2] INFO  server.RaftServer$Division (ServerState.java:close(415)) - s6@group-6B83B4D95946: applyIndex: 3
2023-08-28 07:17:59,998 [MiniRaftCluster-18] INFO  server.RaftServer (RaftServerProxy.java:lambda$close$7(420)) - s8: close
2023-08-28 07:17:59,998 [s8-impl-thread1] INFO  server.RaftServer$Division (RaftServerImpl.java:lambda$close$3(508)) - s8@group-75AB5BF27CAD: shutdown
2023-08-28 07:17:59,998 [s8-impl-thread1] INFO  util.JmxRegister (JmxRegister.java:unregister(73)) - Successfully un-registered JMX Bean with object name Ratis:service=RaftServer,group=group-75AB5BF27CAD,id=s8
2023-08-28 07:17:59,998 [s8-impl-thread1] INFO  impl.StateMachineUpdater (StateMachineUpdater.java:stopAndJoin(157)) - s8@group-75AB5BF27CAD-StateMachineUpdater: set stopIndex = -1
2023-08-28 07:17:59,998 [MiniRaftCluster-20] INFO  server.RaftServer (RaftServerProxy.java:lambda$close$7(420)) - s1: close
2023-08-28 07:17:59,998 [s1-impl-thread1] INFO  server.RaftServer$Division (RaftServerImpl.java:lambda$close$3(508)) - s1@group-75AB5BF27CAD: shutdown
2023-08-28 07:17:59,998 [s1-impl-thread1] INFO  util.JmxRegister (JmxRegister.java:unregister(73)) - Successfully un-registered JMX Bean with object name Ratis:service=RaftServer,group=group-75AB5BF27CAD,id=s1
2023-08-28 07:17:59,999 [s1-impl-thread1] INFO  impl.StateMachineUpdater (StateMachineUpdater.java:stopAndJoin(157)) - s1@group-75AB5BF27CAD-StateMachineUpdater: set stopIndex = -1
2023-08-28 07:17:59,999 [s1-impl-thread1] INFO  server.RaftServer$Division (ServerState.java:close(415)) - s1@group-75AB5BF27CAD: applyIndex: -1
2023-08-28 07:17:59,999 [s8-impl-thread1] INFO  server.RaftServer$Division (ServerState.java:close(415)) - s8@group-75AB5BF27CAD: applyIndex: -1
2023-08-28 07:17:59,999 [MiniRaftCluster-19] INFO  server.RaftServer (RaftServerProxy.java:lambda$close$7(420)) - s0: close
2023-08-28 07:17:59,999 [s0-impl-thread1] INFO  server.RaftServer$Division (RaftServerImpl.java:lambda$close$3(508)) - s0@group-75AB5BF27CAD: shutdown
2023-08-28 07:17:59,999 [s0-impl-thread1] INFO  util.JmxRegister (JmxRegister.java:unregister(73)) - Successfully un-registered JMX Bean with object name Ratis:service=RaftServer,group=group-75AB5BF27CAD,id=s0
2023-08-28 07:17:59,999 [s0-impl-thread1] INFO  impl.StateMachineUpdater (StateMachineUpdater.java:stopAndJoin(157)) - s0@group-75AB5BF27CAD-StateMachineUpdater: set stopIndex = -1
2023-08-28 07:17:59,999 [s0-impl-thread1] INFO  server.RaftServer$Division (ServerState.java:close(415)) - s0@group-75AB5BF27CAD: applyIndex: -1
2023-08-28 07:17:59,999 [MiniRaftCluster-21] INFO  server.RaftServer (RaftServerProxy.java:lambda$close$7(420)) - s2: close
2023-08-28 07:17:59,999 [s2-impl-thread1] INFO  server.RaftServer$Division (RaftServerImpl.java:lambda$close$3(508)) - s2@group-75AB5BF27CAD: shutdown
2023-08-28 07:17:59,999 [s2-impl-thread1] INFO  util.JmxRegister (JmxRegister.java:unregister(73)) - Successfully un-registered JMX Bean with object name Ratis:service=RaftServer,group=group-75AB5BF27CAD,id=s2
2023-08-28 07:17:59,999 [s2-impl-thread1] INFO  impl.StateMachineUpdater (StateMachineUpdater.java:stopAndJoin(157)) - s2@group-75AB5BF27CAD-StateMachineUpdater: set stopIndex = -1
2023-08-28 07:17:59,999 [s2-impl-thread1] INFO  server.RaftServer$Division (ServerState.java:close(415)) - s2@group-75AB5BF27CAD: applyIndex: -1
2023-08-28 07:18:00,011 [s7-impl-thread2] INFO  server.RaftServer$Division (RaftServerImpl.java:lambda$close$3(508)) - s7@group-6B83B4D95946: shutdown
2023-08-28 07:18:00,011 [nioEventLoopGroup-101-1] INFO  logging.LoggingHandler (AbstractInternalLogger.java:log(148)) - [id: 0xaba520f8, L:/0.0.0.0:34047] CLOSE
2023-08-28 07:18:00,011 [s7-impl-thread2] INFO  util.JmxRegister (JmxRegister.java:unregister(73)) - Successfully un-registered JMX Bean with object name Ratis:service=RaftServer,group=group-6B83B4D95946,id=s7
2023-08-28 07:18:00,011 [s7-impl-thread2] INFO  impl.RoleInfo (RoleInfo.java:shutdownFollowerState(109)) - s7: shutdown s7@group-6B83B4D95946-FollowerState
2023-08-28 07:18:00,011 [nioEventLoopGroup-101-1] INFO  logging.LoggingHandler (AbstractInternalLogger.java:log(148)) - [id: 0xaba520f8, L:/0.0.0.0:34047] INACTIVE
2023-08-28 07:18:00,011 [nioEventLoopGroup-101-1] INFO  logging.LoggingHandler (AbstractInternalLogger.java:log(148)) - [id: 0xaba520f8, L:/0.0.0.0:34047] UNREGISTERED
2023-08-28 07:18:00,011 [s7-impl-thread2] INFO  impl.StateMachineUpdater (StateMachineUpdater.java:stopAndJoin(157)) - s7@group-6B83B4D95946-StateMachineUpdater: set stopIndex = 4
2023-08-28 07:18:00,011 [s7@group-6B83B4D95946-FollowerState] INFO  impl.FollowerState (FollowerState.java:run(152)) - s7@group-6B83B4D95946-FollowerState was interrupted
2023-08-28 07:18:00,011 [s7-impl-thread2] INFO  server.RaftServer$Division (ServerState.java:close(415)) - s7@group-6B83B4D95946: applyIndex: 4
2023-08-28 07:18:00,013 [nioEventLoopGroup-86-1] INFO  logging.LoggingHandler (AbstractInternalLogger.java:log(148)) - [id: 0xdebe14a1, L:/0.0.0.0:46017] CLOSE
2023-08-28 07:18:00,013 [nioEventLoopGroup-86-1] INFO  logging.LoggingHandler (AbstractInternalLogger.java:log(148)) - [id: 0xdebe14a1, L:/0.0.0.0:46017] INACTIVE
2023-08-28 07:18:00,013 [nioEventLoopGroup-86-1] INFO  logging.LoggingHandler (AbstractInternalLogger.java:log(148)) - [id: 0xdebe14a1, L:/0.0.0.0:46017] UNREGISTERED
2023-08-28 07:18:00,013 [s2-impl-thread2] INFO  server.RaftServer$Division (RaftServerImpl.java:lambda$close$3(508)) - s2@group-6B83B4D95946: shutdown
2023-08-28 07:18:00,013 [s2-impl-thread2] INFO  util.JmxRegister (JmxRegister.java:unregister(73)) - Successfully un-registered JMX Bean with object name Ratis:service=RaftServer,group=group-6B83B4D95946,id=s2
2023-08-28 07:18:00,013 [s2-impl-thread2] INFO  impl.RoleInfo (RoleInfo.java:shutdownFollowerState(109)) - s2: shutdown s2@group-6B83B4D95946-FollowerState
2023-08-28 07:18:00,013 [s2-impl-thread2] INFO  impl.StateMachineUpdater (StateMachineUpdater.java:stopAndJoin(157)) - s2@group-6B83B4D95946-StateMachineUpdater: set stopIndex = 3
2023-08-28 07:18:00,013 [s2-impl-thread2] INFO  server.RaftServer$Division (ServerState.java:close(415)) - s2@group-6B83B4D95946: applyIndex: 3
2023-08-28 07:18:00,016 [s2@group-6B83B4D95946-FollowerState] INFO  impl.FollowerState (FollowerState.java:run(152)) - s2@group-6B83B4D95946-FollowerState was interrupted
2023-08-28 07:18:00,017 [s0-impl-thread2] INFO  server.RaftServer$Division (RaftServerImpl.java:lambda$close$3(508)) - s0@group-6B83B4D95946: shutdown
2023-08-28 07:18:00,017 [s0-impl-thread2] INFO  util.JmxRegister (JmxRegister.java:unregister(73)) - Successfully un-registered JMX Bean with object name Ratis:service=RaftServer,group=group-6B83B4D95946,id=s0
2023-08-28 07:18:00,017 [s0-impl-thread2] INFO  impl.RoleInfo (RoleInfo.java:shutdownFollowerState(109)) - s0: shutdown s0@group-6B83B4D95946-FollowerState
2023-08-28 07:18:00,017 [s0@group-6B83B4D95946-FollowerState] INFO  impl.FollowerState (FollowerState.java:run(152)) - s0@group-6B83B4D95946-FollowerState was interrupted
2023-08-28 07:18:00,017 [s0-impl-thread2] INFO  impl.StateMachineUpdater (StateMachineUpdater.java:stopAndJoin(157)) - s0@group-6B83B4D95946-StateMachineUpdater: set stopIndex = 3
2023-08-28 07:18:00,017 [s0-impl-thread2] INFO  server.RaftServer$Division (ServerState.java:close(415)) - s0@group-6B83B4D95946: applyIndex: 3
2023-08-28 07:18:00,018 [nioEventLoopGroup-81-1] INFO  logging.LoggingHandler (AbstractInternalLogger.java:log(148)) - [id: 0xe8e7051e, L:/0.0.0.0:46813] CLOSE
2023-08-28 07:18:00,018 [nioEventLoopGroup-81-1] INFO  logging.LoggingHandler (AbstractInternalLogger.java:log(148)) - [id: 0xe8e7051e, L:/0.0.0.0:46813] INACTIVE
2023-08-28 07:18:00,018 [nioEventLoopGroup-81-1] INFO  logging.LoggingHandler (AbstractInternalLogger.java:log(148)) - [id: 0xe8e7051e, L:/0.0.0.0:46813] UNREGISTERED
2023-08-28 07:18:00,018 [nioEventLoopGroup-84-1] INFO  logging.LoggingHandler (AbstractInternalLogger.java:log(148)) - [id: 0x3cfb2e48, L:/0.0.0.0:37301] CLOSE
2023-08-28 07:18:00,019 [nioEventLoopGroup-84-1] INFO  logging.LoggingHandler (AbstractInternalLogger.java:log(148)) - [id: 0x3cfb2e48, L:/0.0.0.0:37301] INACTIVE
2023-08-28 07:18:00,019 [nioEventLoopGroup-84-1] INFO  logging.LoggingHandler (AbstractInternalLogger.java:log(148)) - [id: 0x3cfb2e48, L:/0.0.0.0:37301] UNREGISTERED
2023-08-28 07:18:00,019 [nioEventLoopGroup-104-1] INFO  logging.LoggingHandler (AbstractInternalLogger.java:log(148)) - [id: 0x9cee3e91, L:/0.0.0.0:35321] CLOSE
2023-08-28 07:18:00,019 [nioEventLoopGroup-104-1] INFO  logging.LoggingHandler (AbstractInternalLogger.java:log(148)) - [id: 0x9cee3e91, L:/0.0.0.0:35321] INACTIVE
2023-08-28 07:18:00,019 [nioEventLoopGroup-104-1] INFO  logging.LoggingHandler (AbstractInternalLogger.java:log(148)) - [id: 0x9cee3e91, L:/0.0.0.0:35321] UNREGISTERED
2023-08-28 07:18:00,019 [s8-impl-thread2] INFO  server.RaftServer$Division (RaftServerImpl.java:lambda$close$3(508)) - s8@group-6B83B4D95946: shutdown
2023-08-28 07:18:00,019 [s8-impl-thread2] INFO  util.JmxRegister (JmxRegister.java:unregister(73)) - Successfully un-registered JMX Bean with object name Ratis:service=RaftServer,group=group-6B83B4D95946,id=s8
2023-08-28 07:18:00,019 [s8-impl-thread2] INFO  impl.RoleInfo (RoleInfo.java:shutdownLeaderState(92)) - s8: shutdown s8@group-6B83B4D95946-LeaderStateImpl
2023-08-28 07:18:00,019 [s8@group-6B83B4D95946->s3-LogAppenderDefault-LogAppenderDaemon] INFO  leader.LogAppenderDaemon (LogAppenderDaemon.java:run(83)) - s8@group-6B83B4D95946->s3-LogAppenderDefault-LogAppenderDaemon was interrupted: java.lang.InterruptedException
2023-08-28 07:18:00,019 [s8@group-6B83B4D95946->s4-LogAppenderDefault-LogAppenderDaemon] INFO  leader.LogAppenderDaemon (LogAppenderDaemon.java:run(83)) - s8@group-6B83B4D95946->s4-LogAppenderDefault-LogAppenderDaemon was interrupted: java.lang.InterruptedException
2023-08-28 07:18:00,019 [s8@group-6B83B4D95946->s5-LogAppenderDefault-LogAppenderDaemon] INFO  leader.LogAppenderDaemon (LogAppenderDaemon.java:run(83)) - s8@group-6B83B4D95946->s5-LogAppenderDefault-LogAppenderDaemon was interrupted: java.lang.InterruptedException
2023-08-28 07:18:00,019 [s8@group-6B83B4D95946->s6-LogAppenderDefault-LogAppenderDaemon] INFO  leader.LogAppenderDaemon (LogAppenderDaemon.java:run(83)) - s8@group-6B83B4D95946->s6-LogAppenderDefault-LogAppenderDaemon was interrupted: java.lang.InterruptedException
2023-08-28 07:18:00,019 [s8@group-6B83B4D95946->s7-LogAppenderDefault-LogAppenderDaemon] INFO  leader.LogAppenderDaemon (LogAppenderDaemon.java:run(83)) - s8@group-6B83B4D95946->s7-LogAppenderDefault-LogAppenderDaemon was interrupted: java.lang.InterruptedException
2023-08-28 07:18:00,019 [s8@group-6B83B4D95946->s0-LogAppenderDefault-LogAppenderDaemon] INFO  leader.LogAppenderDaemon (LogAppenderDaemon.java:run(83)) - s8@group-6B83B4D95946->s0-LogAppenderDefault-LogAppenderDaemon was interrupted: java.lang.InterruptedException
2023-08-28 07:18:00,020 [s8@group-6B83B4D95946->s1-LogAppenderDefault-LogAppenderDaemon] INFO  leader.LogAppenderDaemon (LogAppenderDaemon.java:run(83)) - s8@group-6B83B4D95946->s1-LogAppenderDefault-LogAppenderDaemon was interrupted: java.lang.InterruptedException
2023-08-28 07:18:00,020 [s8@group-6B83B4D95946->s2-LogAppenderDefault-LogAppenderDaemon] INFO  leader.LogAppenderDaemon (LogAppenderDaemon.java:run(83)) - s8@group-6B83B4D95946->s2-LogAppenderDefault-LogAppenderDaemon was interrupted: java.lang.InterruptedException
2023-08-28 07:18:00,020 [s8-impl-thread2] INFO  impl.PendingRequests (PendingRequests.java:sendNotLeaderResponses(289)) - s8@group-6B83B4D95946-PendingRequests: sendNotLeaderResponses
2023-08-28 07:18:00,021 [s1-impl-thread2] INFO  server.RaftServer$Division (RaftServerImpl.java:lambda$close$3(508)) - s1@group-6B83B4D95946: shutdown
2023-08-28 07:18:00,024 [s1-impl-thread2] INFO  util.JmxRegister (JmxRegister.java:unregister(73)) - Successfully un-registered JMX Bean with object name Ratis:service=RaftServer,group=group-6B83B4D95946,id=s1
2023-08-28 07:18:00,024 [s1-impl-thread2] INFO  impl.RoleInfo (RoleInfo.java:shutdownFollowerState(109)) - s1: shutdown s1@group-6B83B4D95946-FollowerState
2023-08-28 07:18:00,024 [s1-impl-thread2] INFO  impl.StateMachineUpdater (StateMachineUpdater.java:stopAndJoin(157)) - s1@group-6B83B4D95946-StateMachineUpdater: set stopIndex = 3
2023-08-28 07:18:00,024 [s1@group-6B83B4D95946-FollowerState] INFO  impl.FollowerState (FollowerState.java:run(152)) - s1@group-6B83B4D95946-FollowerState was interrupted
2023-08-28 07:18:00,024 [s1-impl-thread2] INFO  server.RaftServer$Division (ServerState.java:close(415)) - s1@group-6B83B4D95946: applyIndex: 3
2023-08-28 07:18:00,035 [s8-impl-thread2] INFO  impl.StateMachineUpdater (StateMachineUpdater.java:stopAndJoin(157)) - s8@group-6B83B4D95946-StateMachineUpdater: set stopIndex = 4
2023-08-28 07:18:00,035 [s8-impl-thread2] INFO  server.RaftServer$Division (ServerState.java:close(415)) - s8@group-6B83B4D95946: applyIndex: 4
2023-08-28 07:18:00,555 [s3-impl-thread1] INFO  segmented.SegmentedRaftLogWorker (SegmentedRaftLogWorker.java:close(242)) - s3@group-75AB5BF27CAD-SegmentedRaftLogWorker close()
2023-08-28 07:18:00,563 [s4-impl-thread1] INFO  segmented.SegmentedRaftLogWorker (SegmentedRaftLogWorker.java:close(242)) - s4@group-75AB5BF27CAD-SegmentedRaftLogWorker close()
2023-08-28 07:18:00,571 [s5-impl-thread1] INFO  segmented.SegmentedRaftLogWorker (SegmentedRaftLogWorker.java:close(242)) - s5@group-75AB5BF27CAD-SegmentedRaftLogWorker close()
2023-08-28 07:18:00,574 [s6-impl-thread1] INFO  segmented.SegmentedRaftLogWorker (SegmentedRaftLogWorker.java:close(242)) - s6@group-75AB5BF27CAD-SegmentedRaftLogWorker close()
2023-08-28 07:18:00,600 [s7-impl-thread1] INFO  segmented.SegmentedRaftLogWorker (SegmentedRaftLogWorker.java:close(242)) - s7@group-75AB5BF27CAD-SegmentedRaftLogWorker close()
2023-08-28 07:18:00,604 [s8-impl-thread1] INFO  segmented.SegmentedRaftLogWorker (SegmentedRaftLogWorker.java:close(242)) - s8@group-75AB5BF27CAD-SegmentedRaftLogWorker close()
2023-08-28 07:18:00,625 [s0-impl-thread1] INFO  segmented.SegmentedRaftLogWorker (SegmentedRaftLogWorker.java:close(242)) - s0@group-75AB5BF27CAD-SegmentedRaftLogWorker close()
2023-08-28 07:18:00,640 [s1-impl-thread1] INFO  segmented.SegmentedRaftLogWorker (SegmentedRaftLogWorker.java:close(242)) - s1@group-75AB5BF27CAD-SegmentedRaftLogWorker close()
2023-08-28 07:18:00,671 [s2-impl-thread1] INFO  segmented.SegmentedRaftLogWorker (SegmentedRaftLogWorker.java:close(242)) - s2@group-75AB5BF27CAD-SegmentedRaftLogWorker close()
2023-08-28 07:18:00,950 [s8-impl-thread2] INFO  segmented.SegmentedRaftLogWorker (SegmentedRaftLogWorker.java:close(242)) - s8@group-6B83B4D95946-SegmentedRaftLogWorker close()
2023-08-28 07:18:00,954 [s4-impl-thread2] INFO  segmented.SegmentedRaftLogWorker (SegmentedRaftLogWorker.java:close(242)) - s4@group-6B83B4D95946-SegmentedRaftLogWorker close()
2023-08-28 07:18:00,955 [s5-impl-thread2] INFO  segmented.SegmentedRaftLogWorker (SegmentedRaftLogWorker.java:close(242)) - s5@group-6B83B4D95946-SegmentedRaftLogWorker close()
2023-08-28 07:18:00,955 [s0-impl-thread2] INFO  segmented.SegmentedRaftLogWorker (SegmentedRaftLogWorker.java:close(242)) - s0@group-6B83B4D95946-SegmentedRaftLogWorker close()
2023-08-28 07:18:00,955 [s6-impl-thread2] INFO  segmented.SegmentedRaftLogWorker (SegmentedRaftLogWorker.java:close(242)) - s6@group-6B83B4D95946-SegmentedRaftLogWorker close()
2023-08-28 07:18:00,955 [s3-impl-thread2] INFO  segmented.SegmentedRaftLogWorker (SegmentedRaftLogWorker.java:close(242)) - s3@group-6B83B4D95946-SegmentedRaftLogWorker close()
2023-08-28 07:18:00,956 [JvmPauseMonitor25] INFO  util.JvmPauseMonitor (JvmPauseMonitor.java:run(152)) - JvmPauseMonitor-s8: Stopped
2023-08-28 07:18:00,956 [s1-impl-thread2] INFO  segmented.SegmentedRaftLogWorker (SegmentedRaftLogWorker.java:close(242)) - s1@group-6B83B4D95946-SegmentedRaftLogWorker close()
2023-08-28 07:18:00,957 [JvmPauseMonitor21] INFO  util.JvmPauseMonitor (JvmPauseMonitor.java:run(152)) - JvmPauseMonitor-s4: Stopped
2023-08-28 07:18:00,961 [s2-impl-thread2] INFO  segmented.SegmentedRaftLogWorker (SegmentedRaftLogWorker.java:close(242)) - s2@group-6B83B4D95946-SegmentedRaftLogWorker close()
2023-08-28 07:18:00,962 [JvmPauseMonitor22] INFO  util.JvmPauseMonitor (JvmPauseMonitor.java:run(152)) - JvmPauseMonitor-s5: Stopped
2023-08-28 07:18:00,963 [s7-impl-thread2] INFO  segmented.SegmentedRaftLogWorker (SegmentedRaftLogWorker.java:close(242)) - s7@group-6B83B4D95946-SegmentedRaftLogWorker close()
2023-08-28 07:18:00,968 [JvmPauseMonitor27] INFO  util.JvmPauseMonitor (JvmPauseMonitor.java:run(152)) - JvmPauseMonitor-s1: Stopped
2023-08-28 07:18:00,968 [JvmPauseMonitor20] INFO  util.JvmPauseMonitor (JvmPauseMonitor.java:run(152)) - JvmPauseMonitor-s3: Stopped
2023-08-28 07:18:00,968 [JvmPauseMonitor23] INFO  util.JvmPauseMonitor (JvmPauseMonitor.java:run(152)) - JvmPauseMonitor-s6: Stopped
2023-08-28 07:18:00,968 [JvmPauseMonitor24] INFO  util.JvmPauseMonitor (JvmPauseMonitor.java:run(152)) - JvmPauseMonitor-s7: Stopped
2023-08-28 07:18:00,968 [JvmPauseMonitor26] INFO  util.JvmPauseMonitor (JvmPauseMonitor.java:run(152)) - JvmPauseMonitor-s0: Stopped
2023-08-28 07:18:00,969 [JvmPauseMonitor28] INFO  util.JvmPauseMonitor (JvmPauseMonitor.java:run(152)) - JvmPauseMonitor-s2: Stopped
2023-08-28 07:18:00,969 [Time-limited test] INFO  impl.MiniRaftCluster (MiniRaftCluster.java:shutdown(855)) - MiniRaftClusterWithNetty shutdown completed
| MiniRaftClusterWithNetty[5, 8, 9]chosen=2 | shutdown | 124 |
]]></system-out>
  </testcase>
  <testcase name="testGroupAlreadyExists" classname="org.apache.ratis.netty.TestGroupManagementWithNetty" time="1.018">
    <system-out><![CDATA[2023-08-28 07:18:00,969 [main] INFO  util.LogUtils (Slf4jUtils.java:setLogLevel(38)) - Successfully set org.apache.ratis.conf.ConfUtils log level to WARN
2023-08-28 07:18:00,969 [main] INFO  util.LogUtils (Slf4jUtils.java:setLogLevel(38)) - Successfully set org.apache.ratis.util.FileUtils log level to TRACE
2023-08-28 07:18:00,969 [main] INFO  util.LogUtils (Slf4jUtils.java:setLogLevel(38)) - Successfully set org.apache.ratis.server.RaftServer log level to DEBUG
2023-08-28 07:18:00,969 [main] INFO  util.LogUtils (Slf4jUtils.java:setLogLevel(38)) - Successfully set org.apache.ratis.server.RaftServer$Division log level to DEBUG
2023-08-28 07:18:00,969 [main] INFO  util.LogUtils (Slf4jUtils.java:setLogLevel(38)) - Successfully set org.apache.ratis.client.RaftClient log level to DEBUG
2023-08-28 07:18:00,972 [Time-limited test] INFO  impl.MiniRaftCluster (MiniRaftCluster.java:<init>(306)) - new MiniRaftClusterWithNetty with group-F2ABD5E412FA:[s0|rpc:localhost:39453|admin:localhost:44265|client:localhost:33787|dataStream:localhost:40969|priority:0|startupRole:FOLLOWER]
2023-08-28 07:18:00,972 [Time-limited test] INFO  impl.MiniRaftCluster (MiniRaftCluster.java:start(339)) - .............................................................. 
2023-08-28 07:18:00,972 [Time-limited test] INFO  impl.MiniRaftCluster (MiniRaftCluster.java:start(340)) - ... 
2023-08-28 07:18:00,972 [Time-limited test] INFO  impl.MiniRaftCluster (MiniRaftCluster.java:start(341)) - ...     Starting MiniRaftClusterWithNetty
2023-08-28 07:18:00,972 [Time-limited test] INFO  impl.MiniRaftCluster (MiniRaftCluster.java:start(342)) - ... 
2023-08-28 07:18:00,972 [Time-limited test] INFO  impl.MiniRaftCluster (MiniRaftCluster.java:start(343)) - .............................................................. 
2023-08-28 07:18:00,972 [Time-limited test] INFO  impl.MiniRaftCluster (MiniRaftCluster.java:initServers(318)) - servers = {}
2023-08-28 07:18:00,972 [Time-limited test] INFO  impl.MiniRaftCluster (MiniRaftCluster.java:newRaftServer(382)) - newRaftServer: s0, group-F2ABD5E412FA:[s0|rpc:localhost:39453|admin:localhost:44265|client:localhost:33787|dataStream:localhost:40969|priority:0|startupRole:FOLLOWER], format? true
2023-08-28 07:18:00,972 [Time-limited test] TRACE util.FileUtils (FileUtils.java:deleteFully(201)) - deleteFully target/test/data/c5bbf9cd/MiniRaftClusterWithNetty847d26aa/s0
2023-08-28 07:18:00,973 [Time-limited test] TRACE util.FileUtils (FileUtils.java:deleteFully(217)) - deleteFully: target/test/data/c5bbf9cd/MiniRaftClusterWithNetty847d26aa/s0 does not exist.
2023-08-28 07:18:00,973 [Time-limited test] INFO  impl.MiniRaftCluster (MiniRaftCluster.java:newRaftServer(387)) - Formatted directory target/test/data/c5bbf9cd/MiniRaftClusterWithNetty847d26aa/s0
2023-08-28 07:18:00,973 [Time-limited test] DEBUG server.RaftServer (ServerImplUtils.java:newRaftServer(51)) - newRaftServer: s0, group-F2ABD5E412FA:[s0|rpc:localhost:39453|admin:localhost:44265|client:localhost:33787|dataStream:localhost:40969|priority:0|startupRole:FOLLOWER]
2023-08-28 07:18:00,973 [Time-limited test] INFO  server.RaftServer (ConfUtils.java:logGet(46)) - raft.rpc.type = NETTY (custom)
2023-08-28 07:18:00,973 [Time-limited test] INFO  netty.NettyConfigKeys$Server (ConfUtils.java:logGet(46)) - raft.netty.server.host = null (default)
2023-08-28 07:18:00,973 [Time-limited test] INFO  netty.NettyConfigKeys$Server (ConfUtils.java:logGet(46)) - raft.netty.server.port = 39453 (custom)
2023-08-28 07:18:00,973 [Time-limited test] INFO  impl.DataStreamServerImpl (ConfUtils.java:logGet(46)) - raft.datastream.type = DISABLED (default)
2023-08-28 07:18:00,974 [Time-limited test] INFO  server.RaftServerConfigKeys (ConfUtils.java:logGet(46)) - raft.server.threadpool.proxy.cached = true (default)
2023-08-28 07:18:00,974 [Time-limited test] INFO  server.RaftServerConfigKeys (ConfUtils.java:logGet(46)) - raft.server.threadpool.proxy.size = 0 (default)
2023-08-28 07:18:00,974 [Time-limited test] INFO  server.RaftServerConfigKeys (ConfUtils.java:logGet(46)) - raft.server.sleep.deviation.threshold = 300ms (default)
2023-08-28 07:18:00,974 [Time-limited test] INFO  server.RaftServerConfigKeys (ConfUtils.java:logGet(46)) - raft.server.rpc.slowness.timeout = 60s (default)
2023-08-28 07:18:00,974 [Time-limited test] INFO  server.RaftServerConfigKeys (ConfUtils.java:logGet(46)) - raft.server.leaderelection.leader.step-down.wait-time = 10s (default)
2023-08-28 07:18:00,974 [Time-limited test] INFO  server.RaftServerConfigKeys (ConfUtils.java:logGet(46)) - raft.server.storage.dir = [/home/runner/work/ratis/ratis/ratis-test/target/test/data/c5bbf9cd/MiniRaftClusterWithNetty847d26aa/s0] (custom)
2023-08-28 07:18:00,974 [Time-limited test] INFO  server.RaftServer (RaftServerProxy.java:addNew(99)) - s0: addNew group-F2ABD5E412FA:[s0|rpc:localhost:39453|admin:localhost:44265|client:localhost:33787|dataStream:localhost:40969|priority:0|startupRole:FOLLOWER] returns group-F2ABD5E412FA:java.util.concurrent.CompletableFuture@18fd432d[Not completed]
2023-08-28 07:18:00,974 [s0-groupManagement] INFO  server.RaftServer$Division (RaftServerImpl.java:<init>(250)) - s0: new RaftServerImpl for group-F2ABD5E412FA:[s0|rpc:localhost:39453|admin:localhost:44265|client:localhost:33787|dataStream:localhost:40969|priority:0|startupRole:FOLLOWER] with BaseStateMachine:uninitialized
2023-08-28 07:18:00,975 [s0-groupManagement] INFO  server.RaftServerConfigKeys (ConfUtils.java:logGet(46)) - raft.server.rpc.timeout.min = 1500ms (custom)
2023-08-28 07:18:00,975 [s0-groupManagement] INFO  server.RaftServerConfigKeys (ConfUtils.java:logGet(46)) - raft.server.rpc.timeout.max = 2000ms (custom)
2023-08-28 07:18:00,975 [s0-groupManagement] INFO  server.RaftServerConfigKeys (ConfUtils.java:logGet(46)) - raft.server.rpc.sleep.time = 25ms (default)
2023-08-28 07:18:00,975 [s0-groupManagement] INFO  server.RaftServerConfigKeys (ConfUtils.java:logGet(46)) - raft.server.rpc.slowness.timeout = 60s (default)
2023-08-28 07:18:00,975 [s0-groupManagement] INFO  server.RaftServerConfigKeys (ConfUtils.java:logGet(46)) - raft.server.leaderelection.leader.step-down.wait-time = 10s (default)
2023-08-28 07:18:00,975 [s0-groupManagement] INFO  server.RaftServerConfigKeys (ConfUtils.java:logGet(46)) - raft.server.sleep.deviation.threshold = 300ms (default)
2023-08-28 07:18:00,975 [s0-groupManagement] INFO  server.RaftServer$Division (ServerState.java:<init>(113)) - s0@group-F2ABD5E412FA: ConfigurationManager, init=-1: peers:[s0|rpc:localhost:39453|admin:localhost:44265|client:localhost:33787|dataStream:localhost:40969|priority:0|startupRole:FOLLOWER]|listeners:[], old=null, confs=<EMPTY_MAP>
2023-08-28 07:18:00,975 [s0-groupManagement] INFO  server.RaftServerConfigKeys (ConfUtils.java:logGet(46)) - raft.server.notification.no-leader.timeout = 60s (default)
2023-08-28 07:18:00,975 [s0-groupManagement] INFO  server.RaftServerConfigKeys (ConfUtils.java:logGet(46)) - raft.server.read.timeout = 10s (default)
2023-08-28 07:18:00,975 [s0-groupManagement] INFO  server.RaftServerConfigKeys (ConfUtils.java:logGet(46)) - raft.server.retrycache.expirytime = 60s (default)
2023-08-28 07:18:00,975 [s0-groupManagement] INFO  server.RaftServerConfigKeys (ConfUtils.java:logGet(46)) - raft.server.retrycache.statistics.expirytime = 100μs (default)
2023-08-28 07:18:00,975 [s0-groupManagement] INFO  server.RaftServerConfigKeys (ConfUtils.java:logGet(46)) - raft.server.read.option = DEFAULT (default)
2023-08-28 07:18:00,975 [s0-groupManagement] INFO  server.RaftServerConfigKeys (ConfUtils.java:logGet(46)) - raft.server.rpc.request.timeout = 3000ms (default)
2023-08-28 07:18:00,975 [s0-groupManagement] INFO  server.RaftServerConfigKeys (ConfUtils.java:logGet(46)) - raft.server.log.appender.install.snapshot.enabled = true (default)
2023-08-28 07:18:00,975 [s0-groupManagement] INFO  server.RaftServerConfigKeys (ConfUtils.java:logGet(46)) - raft.server.threadpool.server.cached = true (default)
2023-08-28 07:18:00,975 [s0-groupManagement] INFO  server.RaftServerConfigKeys (ConfUtils.java:logGet(46)) - raft.server.threadpool.server.size = 0 (default)
2023-08-28 07:18:00,975 [s0-groupManagement] INFO  server.RaftServerConfigKeys (ConfUtils.java:logGet(46)) - raft.server.threadpool.client.cached = true (default)
2023-08-28 07:18:00,976 [s0-groupManagement] INFO  server.RaftServerConfigKeys (ConfUtils.java:logGet(46)) - raft.server.threadpool.client.size = 0 (default)
2023-08-28 07:18:00,976 [s0-impl-thread1] INFO  server.RaftServerConfigKeys (ConfUtils.java:logGet(46)) - raft.server.storage.free-space.min = 0MB (=0) (default)
2023-08-28 07:18:00,976 [s0-impl-thread1] INFO  server.RaftServerConfigKeys (ConfUtils.java:logGet(46)) - raft.server.log.corruption.policy = EXCEPTION (default)
2023-08-28 07:18:00,976 [s0-impl-thread1] INFO  server.RaftServerConfigKeys (ConfUtils.java:logGet(46)) - raft.server.storage.dir = [/home/runner/work/ratis/ratis/ratis-test/target/test/data/c5bbf9cd/MiniRaftClusterWithNetty847d26aa/s0] (custom)
2023-08-28 07:18:00,976 [s0-impl-thread1] INFO  storage.RaftStorageDirectory (RaftStorageDirectoryImpl.java:analyzeStorage(138)) - The storage directory /home/runner/work/ratis/ratis/ratis-test/target/test/data/c5bbf9cd/MiniRaftClusterWithNetty847d26aa/s0/ea0680a7-1bbd-4467-a983-f2abd5e412fa does not exist. Creating ...
2023-08-28 07:18:00,977 [s0-impl-thread1] TRACE util.FileUtils (LogUtils.java:runAndLog(49)) - Successfully ran Files.createDirectories /home/runner/work/ratis/ratis/ratis-test/target/test/data/c5bbf9cd/MiniRaftClusterWithNetty847d26aa/s0/ea0680a7-1bbd-4467-a983-f2abd5e412fa
2023-08-28 07:18:00,978 [s0-impl-thread1] INFO  storage.RaftStorageDirectory (RaftStorageDirectoryImpl.java:tryLock(232)) - Lock on /home/runner/work/ratis/ratis/ratis-test/target/test/data/c5bbf9cd/MiniRaftClusterWithNetty847d26aa/s0/ea0680a7-1bbd-4467-a983-f2abd5e412fa/in_use.lock acquired by nodename 7908@fv-az1033-516
2023-08-28 07:18:00,978 [s0-impl-thread1] TRACE util.FileUtils (LogUtils.java:runAndLog(49)) - Successfully ran Files.createDirectories /home/runner/work/ratis/ratis/ratis-test/target/test/data/c5bbf9cd/MiniRaftClusterWithNetty847d26aa/s0/ea0680a7-1bbd-4467-a983-f2abd5e412fa/current
2023-08-28 07:18:00,978 [s0-impl-thread1] TRACE util.FileUtils (LogUtils.java:runAndLog(49)) - Successfully ran Files.createDirectories /home/runner/work/ratis/ratis/ratis-test/target/test/data/c5bbf9cd/MiniRaftClusterWithNetty847d26aa/s0/ea0680a7-1bbd-4467-a983-f2abd5e412fa/sm
2023-08-28 07:18:00,979 [s0-impl-thread1] INFO  storage.RaftStorage (RaftStorageImpl.java:format(97)) - Storage directory /home/runner/work/ratis/ratis/ratis-test/target/test/data/c5bbf9cd/MiniRaftClusterWithNetty847d26aa/s0/ea0680a7-1bbd-4467-a983-f2abd5e412fa has been successfully formatted.
2023-08-28 07:18:00,979 [s0-impl-thread1] INFO  server.RaftServerConfigKeys (ConfUtils.java:logGet(46)) - raft.server.log.use.memory = false (default)
2023-08-28 07:18:00,979 [s0-impl-thread1] INFO  server.RaftServerConfigKeys (ConfUtils.java:logGet(46)) - raft.server.log.purge.gap = 1024 (default)
2023-08-28 07:18:00,979 [s0-impl-thread1] INFO  server.RaftServerConfigKeys (ConfUtils.java:logGet(46)) - raft.server.log.appender.buffer.byte-limit = 4MB (=4194304) (default)
2023-08-28 07:18:00,979 [s0-impl-thread1] INFO  server.RaftServerConfigKeys (ConfUtils.java:logGet(46)) - raft.server.log.statemachine.data.read.timeout = 1000ms (default)
2023-08-28 07:18:00,979 [s0-impl-thread1] INFO  server.RaftServerConfigKeys (ConfUtils.java:logGet(46)) - raft.server.log.purge.preservation.log.num = 0 (default)
2023-08-28 07:18:00,979 [s0-impl-thread1] INFO  server.RaftServerConfigKeys (ConfUtils.java:logGet(46)) - raft.server.log.segment.size.max = 8MB (=8388608) (default)
2023-08-28 07:18:00,979 [s0-impl-thread1] INFO  server.RaftServerConfigKeys (ConfUtils.java:logGet(46)) - raft.server.log.segment.cache.num.max = 6 (default)
2023-08-28 07:18:00,980 [s0-impl-thread1] INFO  server.RaftServerConfigKeys (ConfUtils.java:logGet(46)) - raft.server.log.segment.cache.size.max = 200MB (=209715200) (default)
2023-08-28 07:18:00,980 [s0-impl-thread1] INFO  server.RaftServerConfigKeys (ConfUtils.java:logGet(46)) - raft.server.log.appender.buffer.byte-limit = 4MB (=4194304) (default)
2023-08-28 07:18:00,980 [s0-impl-thread1] INFO  segmented.SegmentedRaftLogWorker (SegmentedRaftLogWorker.java:<init>(183)) - new s0@group-F2ABD5E412FA-SegmentedRaftLogWorker for RaftStorageImpl:Storage Directory /home/runner/work/ratis/ratis/ratis-test/target/test/data/c5bbf9cd/MiniRaftClusterWithNetty847d26aa/s0/ea0680a7-1bbd-4467-a983-f2abd5e412fa
2023-08-28 07:18:00,980 [s0-impl-thread1] INFO  server.RaftServerConfigKeys (ConfUtils.java:logGet(46)) - raft.server.log.queue.byte-limit = 64MB (=67108864) (default)
2023-08-28 07:18:00,980 [s0-impl-thread1] INFO  server.RaftServerConfigKeys (ConfUtils.java:logGet(46)) - raft.server.log.queue.element-limit = 4096 (default)
2023-08-28 07:18:00,980 [s0-impl-thread1] INFO  server.RaftServerConfigKeys (ConfUtils.java:logGet(46)) - raft.server.log.segment.size.max = 8MB (=8388608) (default)
2023-08-28 07:18:00,980 [s0-impl-thread1] INFO  server.RaftServerConfigKeys (ConfUtils.java:logGet(46)) - raft.server.log.preallocated.size = 4MB (=4194304) (default)
2023-08-28 07:18:00,980 [s0-impl-thread1] INFO  server.RaftServerConfigKeys (ConfUtils.java:logGet(46)) - raft.server.log.force.sync.num = 128 (default)
2023-08-28 07:18:00,980 [s0-impl-thread1] INFO  server.RaftServerConfigKeys (ConfUtils.java:logGet(46)) - raft.server.log.statemachine.data.sync = true (default)
2023-08-28 07:18:00,980 [s0-impl-thread1] INFO  server.RaftServerConfigKeys (ConfUtils.java:logGet(46)) - raft.server.log.statemachine.data.sync.timeout = 10s (default)
2023-08-28 07:18:00,980 [s0-impl-thread1] INFO  server.RaftServerConfigKeys (ConfUtils.java:logGet(46)) - raft.server.log.statemachine.data.sync.timeout.retry = -1 (default)
2023-08-28 07:18:00,980 [s0-impl-thread1] INFO  server.RaftServerConfigKeys (ConfUtils.java:logGet(46)) - raft.server.log.write.buffer.size = 64KB (=65536) (default)
2023-08-28 07:18:00,980 [s0-impl-thread1] INFO  server.RaftServerConfigKeys (ConfUtils.java:logGet(46)) - raft.server.log.appender.buffer.byte-limit = 4MB (=4194304) (default)
2023-08-28 07:18:00,985 [s0-impl-thread1] INFO  server.RaftServerConfigKeys (ConfUtils.java:logGet(46)) - raft.server.log.unsafe-flush.enabled = false (default)
2023-08-28 07:18:00,985 [s0-impl-thread1] INFO  server.RaftServerConfigKeys (ConfUtils.java:logGet(46)) - raft.server.log.async-flush.enabled = false (default)
2023-08-28 07:18:00,985 [s0-impl-thread1] INFO  server.RaftServerConfigKeys (ConfUtils.java:logGet(46)) - raft.server.log.statemachine.data.caching.enabled = false (default)
2023-08-28 07:18:00,985 [s0-impl-thread1] INFO  segmented.SegmentedRaftLogWorker (SegmentedRaftLogWorker.java:lambda$new$0(134)) - s0@group-F2ABD5E412FA-SegmentedRaftLogWorker: flushIndex: setUnconditionally 0 -> -1
2023-08-28 07:18:00,985 [s0-impl-thread1] INFO  segmented.SegmentedRaftLogWorker (SegmentedRaftLogWorker.java:lambda$new$0(134)) - s0@group-F2ABD5E412FA-SegmentedRaftLogWorker: safeCacheEvictIndex: setUnconditionally 0 -> -1
2023-08-28 07:18:00,985 [s0-impl-thread1] INFO  server.RaftServer$Division (RaftServerImpl.java:start(384)) - s0@group-F2ABD5E412FA: start as a follower, conf=-1: peers:[s0|rpc:localhost:39453|admin:localhost:44265|client:localhost:33787|dataStream:localhost:40969|priority:0|startupRole:FOLLOWER]|listeners:[], old=null
2023-08-28 07:18:00,985 [s0-impl-thread1] INFO  server.RaftServer$Division (RaftServerImpl.java:setRole(371)) - s0@group-F2ABD5E412FA: changes role from      null to FOLLOWER at term 0 for startAsFollower
2023-08-28 07:18:00,985 [s0-impl-thread1] INFO  impl.RoleInfo (RoleInfo.java:updateAndGet(138)) - s0: start s0@group-F2ABD5E412FA-FollowerState
2023-08-28 07:18:00,986 [s0-impl-thread1] INFO  util.JmxRegister (JmxRegister.java:tryRegister(44)) - Successfully registered JMX Bean with object name Ratis:service=RaftServer,group=group-F2ABD5E412FA,id=s0
2023-08-28 07:18:00,986 [s0-impl-thread1] INFO  server.RaftServerConfigKeys (ConfUtils.java:logGet(46)) - raft.server.snapshot.trigger-when-stop.enabled = true (default)
2023-08-28 07:18:00,986 [s0-impl-thread1] INFO  server.RaftServerConfigKeys (ConfUtils.java:logGet(46)) - raft.server.snapshot.auto.trigger.enabled = false (default)
2023-08-28 07:18:00,986 [s0-impl-thread1] INFO  server.RaftServerConfigKeys (ConfUtils.java:logGet(46)) - raft.server.snapshot.retention.file.num = -1 (default)
2023-08-28 07:18:00,986 [s0-impl-thread1] INFO  server.RaftServerConfigKeys (ConfUtils.java:logGet(46)) - raft.server.log.purge.upto.snapshot.index = false (default)
2023-08-28 07:18:00,986 [s0@group-F2ABD5E412FA-FollowerState] INFO  server.RaftServerConfigKeys (ConfUtils.java:logFallback(53)) - raft.server.rpc.first-election.timeout.min = 1500ms (fallback to raft.server.rpc.timeout.min)
2023-08-28 07:18:00,986 [s0@group-F2ABD5E412FA-FollowerState] INFO  server.RaftServerConfigKeys (ConfUtils.java:logFallback(53)) - raft.server.rpc.first-election.timeout.max = 2000ms (fallback to raft.server.rpc.timeout.max)
2023-08-28 07:18:00,991 [Time-limited test] INFO  server.RaftServer (RaftServerProxy.java:startImpl(404)) - s0: start RPC server
2023-08-28 07:18:00,992 [nioEventLoopGroup-134-1] INFO  logging.LoggingHandler (AbstractInternalLogger.java:log(148)) - [id: 0x5180b62d] REGISTERED
2023-08-28 07:18:00,992 [nioEventLoopGroup-134-1] INFO  logging.LoggingHandler (AbstractInternalLogger.java:log(148)) - [id: 0x5180b62d] BIND: 0.0.0.0/0.0.0.0:39453
2023-08-28 07:18:00,992 [nioEventLoopGroup-134-1] INFO  logging.LoggingHandler (AbstractInternalLogger.java:log(148)) - [id: 0x5180b62d, L:/0.0.0.0:39453] ACTIVE
2023-08-28 07:18:00,992 [JvmPauseMonitor29] INFO  util.JvmPauseMonitor (JvmPauseMonitor.java:run(146)) - JvmPauseMonitor-s0: Started
2023-08-28 07:18:00,992 [Time-limited test] DEBUG client.RaftClient (ConfUtils.java:logGet(46)) - raft.rpc.type = NETTY (custom)
2023-08-28 07:18:00,993 [nioEventLoopGroup-134-1] INFO  logging.LoggingHandler (AbstractInternalLogger.java:log(148)) - [id: 0x5180b62d, L:/0.0.0.0:39453] READ: [id: 0xd164f899, L:/127.0.0.1:39453 - R:/127.0.0.1:44202]
2023-08-28 07:18:00,994 [nioEventLoopGroup-134-1] INFO  logging.LoggingHandler (AbstractInternalLogger.java:log(148)) - [id: 0x5180b62d, L:/0.0.0.0:39453] READ COMPLETE
2023-08-28 07:18:00,996 [nioEventLoopGroup-135-1] DEBUG server.RaftServer (RaftServerProxy.java:lambda$groupAddAsync$12(521)) - s0: Failed groupAdd* GroupManagementRequest:client-DC18CA305C14->s0@group-F2ABD5E412FA, cid=435, seq=0, RW, null, Add:group-F2ABD5E412FA:[s0|rpc:0.0.0.0:39453|dataStream:|priority:0|startupRole:FOLLOWER]
java.util.concurrent.CompletionException: org.apache.ratis.protocol.exceptions.AlreadyExistsException: s0: Failed to add group-F2ABD5E412FA:[s0|rpc:0.0.0.0:39453|dataStream:|priority:0|startupRole:FOLLOWER] since the group already exists in the map.
	at java.base/java.util.concurrent.CompletableFuture.encodeThrowable(CompletableFuture.java:331)
	at java.base/java.util.concurrent.CompletableFuture.uniApplyNow(CompletableFuture.java:670)
	at java.base/java.util.concurrent.CompletableFuture.uniApplyStage(CompletableFuture.java:658)
	at java.base/java.util.concurrent.CompletableFuture.thenApplyAsync(CompletableFuture.java:2104)
	at org.apache.ratis.server.impl.RaftServerProxy.groupAddAsync(RaftServerProxy.java:504)
	at org.apache.ratis.server.impl.RaftServerProxy.groupManagementAsync(RaftServerProxy.java:486)
	at org.apache.ratis.server.impl.RaftServerProxy.groupManagement(RaftServerProxy.java:470)
	at org.apache.ratis.netty.server.NettyRpcService.handle(NettyRpcService.java:265)
	at org.apache.ratis.netty.server.NettyRpcService$InboundHandler.channelRead0(NettyRpcService.java:95)
	at org.apache.ratis.netty.server.NettyRpcService$InboundHandler.channelRead0(NettyRpcService.java:91)
	at org.apache.ratis.thirdparty.io.netty.channel.SimpleChannelInboundHandler.channelRead(SimpleChannelInboundHandler.java:99)
	at org.apache.ratis.thirdparty.io.netty.channel.AbstractChannelHandlerContext.invokeChannelRead(AbstractChannelHandlerContext.java:444)
	at org.apache.ratis.thirdparty.io.netty.channel.AbstractChannelHandlerContext.invokeChannelRead(AbstractChannelHandlerContext.java:420)
	at org.apache.ratis.thirdparty.io.netty.channel.AbstractChannelHandlerContext.fireChannelRead(AbstractChannelHandlerContext.java:412)
	at org.apache.ratis.thirdparty.io.netty.handler.codec.MessageToMessageDecoder.channelRead(MessageToMessageDecoder.java:103)
	at org.apache.ratis.thirdparty.io.netty.channel.AbstractChannelHandlerContext.invokeChannelRead(AbstractChannelHandlerContext.java:444)
	at org.apache.ratis.thirdparty.io.netty.channel.AbstractChannelHandlerContext.invokeChannelRead(AbstractChannelHandlerContext.java:420)
	at org.apache.ratis.thirdparty.io.netty.channel.AbstractChannelHandlerContext.fireChannelRead(AbstractChannelHandlerContext.java:412)
	at org.apache.ratis.thirdparty.io.netty.handler.codec.ByteToMessageDecoder.fireChannelRead(ByteToMessageDecoder.java:346)
	at org.apache.ratis.thirdparty.io.netty.handler.codec.ByteToMessageDecoder.channelRead(ByteToMessageDecoder.java:318)
	at org.apache.ratis.thirdparty.io.netty.channel.AbstractChannelHandlerContext.invokeChannelRead(AbstractChannelHandlerContext.java:444)
	at org.apache.ratis.thirdparty.io.netty.channel.AbstractChannelHandlerContext.invokeChannelRead(AbstractChannelHandlerContext.java:420)
	at org.apache.ratis.thirdparty.io.netty.channel.AbstractChannelHandlerContext.fireChannelRead(AbstractChannelHandlerContext.java:412)
	at org.apache.ratis.thirdparty.io.netty.channel.DefaultChannelPipeline$HeadContext.channelRead(DefaultChannelPipeline.java:1410)
	at org.apache.ratis.thirdparty.io.netty.channel.AbstractChannelHandlerContext.invokeChannelRead(AbstractChannelHandlerContext.java:440)
	at org.apache.ratis.thirdparty.io.netty.channel.AbstractChannelHandlerContext.invokeChannelRead(AbstractChannelHandlerContext.java:420)
	at org.apache.ratis.thirdparty.io.netty.channel.DefaultChannelPipeline.fireChannelRead(DefaultChannelPipeline.java:919)
	at org.apache.ratis.thirdparty.io.netty.channel.nio.AbstractNioByteChannel$NioByteUnsafe.read(AbstractNioByteChannel.java:166)
	at org.apache.ratis.thirdparty.io.netty.channel.nio.NioEventLoop.processSelectedKey(NioEventLoop.java:788)
	at org.apache.ratis.thirdparty.io.netty.channel.nio.NioEventLoop.processSelectedKeysOptimized(NioEventLoop.java:724)
	at org.apache.ratis.thirdparty.io.netty.channel.nio.NioEventLoop.processSelectedKeys(NioEventLoop.java:650)
	at org.apache.ratis.thirdparty.io.netty.channel.nio.NioEventLoop.run(NioEventLoop.java:562)
	at org.apache.ratis.thirdparty.io.netty.util.concurrent.SingleThreadEventExecutor$4.run(SingleThreadEventExecutor.java:997)
	at org.apache.ratis.thirdparty.io.netty.util.internal.ThreadExecutorMap$2.run(ThreadExecutorMap.java:74)
	at org.apache.ratis.thirdparty.io.netty.util.concurrent.FastThreadLocalRunnable.run(FastThreadLocalRunnable.java:30)
	at java.base/java.lang.Thread.run(Thread.java:829)
Caused by: org.apache.ratis.protocol.exceptions.AlreadyExistsException: s0: Failed to add group-F2ABD5E412FA:[s0|rpc:0.0.0.0:39453|dataStream:|priority:0|startupRole:FOLLOWER] since the group already exists in the map.
	at org.apache.ratis.server.impl.RaftServerProxy$ImplMap.addNew(RaftServerProxy.java:93)
	at org.apache.ratis.server.impl.RaftServerProxy.groupAddAsync(RaftServerProxy.java:503)
	... 31 more
2023-08-28 07:18:01,016 [Time-limited test] DEBUG client.RaftClient (RaftClientImpl.java:handleIOException(366)) - client-DC18CA305C14: suggested new leader: null. Failed GroupManagementRequest:client-DC18CA305C14->s0@group-F2ABD5E412FA, cid=435, seq=0, RW, null, Add:group-F2ABD5E412FA:[s0|rpc:0.0.0.0:39453|priority:0|startupRole:FOLLOWER] with {}
org.apache.ratis.protocol.exceptions.AlreadyExistsException: s0: Failed to add group-F2ABD5E412FA:[s0|rpc:0.0.0.0:39453|dataStream:|priority:0|startupRole:FOLLOWER] since the group already exists in the map.
	at org.apache.ratis.server.impl.RaftServerProxy$ImplMap.addNew(RaftServerProxy.java:93)
	at org.apache.ratis.server.impl.RaftServerProxy.groupAddAsync(RaftServerProxy.java:503)
	at org.apache.ratis.server.impl.RaftServerProxy.groupManagementAsync(RaftServerProxy.java:486)
	at org.apache.ratis.server.impl.RaftServerProxy.groupManagement(RaftServerProxy.java:470)
	at org.apache.ratis.netty.server.NettyRpcService.handle(NettyRpcService.java:265)
	at org.apache.ratis.netty.server.NettyRpcService$InboundHandler.channelRead0(NettyRpcService.java:95)
	at org.apache.ratis.netty.server.NettyRpcService$InboundHandler.channelRead0(NettyRpcService.java:91)
	at org.apache.ratis.thirdparty.io.netty.channel.SimpleChannelInboundHandler.channelRead(SimpleChannelInboundHandler.java:99)
	at org.apache.ratis.thirdparty.io.netty.channel.AbstractChannelHandlerContext.invokeChannelRead(AbstractChannelHandlerContext.java:444)
	at org.apache.ratis.thirdparty.io.netty.channel.AbstractChannelHandlerContext.invokeChannelRead(AbstractChannelHandlerContext.java:420)
	at org.apache.ratis.thirdparty.io.netty.channel.AbstractChannelHandlerContext.fireChannelRead(AbstractChannelHandlerContext.java:412)
	at org.apache.ratis.thirdparty.io.netty.handler.codec.MessageToMessageDecoder.channelRead(MessageToMessageDecoder.java:103)
	at org.apache.ratis.thirdparty.io.netty.channel.AbstractChannelHandlerContext.invokeChannelRead(AbstractChannelHandlerContext.java:444)
	at org.apache.ratis.thirdparty.io.netty.channel.AbstractChannelHandlerContext.invokeChannelRead(AbstractChannelHandlerContext.java:420)
	at org.apache.ratis.thirdparty.io.netty.channel.AbstractChannelHandlerContext.fireChannelRead(AbstractChannelHandlerContext.java:412)
	at org.apache.ratis.thirdparty.io.netty.handler.codec.ByteToMessageDecoder.fireChannelRead(ByteToMessageDecoder.java:346)
	at org.apache.ratis.thirdparty.io.netty.handler.codec.ByteToMessageDecoder.channelRead(ByteToMessageDecoder.java:318)
	at org.apache.ratis.thirdparty.io.netty.channel.AbstractChannelHandlerContext.invokeChannelRead(AbstractChannelHandlerContext.java:444)
	at org.apache.ratis.thirdparty.io.netty.channel.AbstractChannelHandlerContext.invokeChannelRead(AbstractChannelHandlerContext.java:420)
	at org.apache.ratis.thirdparty.io.netty.channel.AbstractChannelHandlerContext.fireChannelRead(AbstractChannelHandlerContext.java:412)
	at org.apache.ratis.thirdparty.io.netty.channel.DefaultChannelPipeline$HeadContext.channelRead(DefaultChannelPipeline.java:1410)
	at org.apache.ratis.thirdparty.io.netty.channel.AbstractChannelHandlerContext.invokeChannelRead(AbstractChannelHandlerContext.java:440)
	at org.apache.ratis.thirdparty.io.netty.channel.AbstractChannelHandlerContext.invokeChannelRead(AbstractChannelHandlerContext.java:420)
	at org.apache.ratis.thirdparty.io.netty.channel.DefaultChannelPipeline.fireChannelRead(DefaultChannelPipeline.java:919)
	at org.apache.ratis.thirdparty.io.netty.channel.nio.AbstractNioByteChannel$NioByteUnsafe.read(AbstractNioByteChannel.java:166)
	at org.apache.ratis.thirdparty.io.netty.channel.nio.NioEventLoop.processSelectedKey(NioEventLoop.java:788)
	at org.apache.ratis.thirdparty.io.netty.channel.nio.NioEventLoop.processSelectedKeysOptimized(NioEventLoop.java:724)
	at org.apache.ratis.thirdparty.io.netty.channel.nio.NioEventLoop.processSelectedKeys(NioEventLoop.java:650)
	at org.apache.ratis.thirdparty.io.netty.channel.nio.NioEventLoop.run(NioEventLoop.java:562)
	at org.apache.ratis.thirdparty.io.netty.util.concurrent.SingleThreadEventExecutor$4.run(SingleThreadEventExecutor.java:997)
	at org.apache.ratis.thirdparty.io.netty.util.internal.ThreadExecutorMap$2.run(ThreadExecutorMap.java:74)
	at org.apache.ratis.thirdparty.io.netty.util.concurrent.FastThreadLocalRunnable.run(FastThreadLocalRunnable.java:30)
	at java.base/java.lang.Thread.run(Thread.java:829)
2023-08-28 07:18:01,017 [Time-limited test] DEBUG client.RaftClient (RaftClientImpl.java:handleIOException(385)) - client-DC18CA305C14: oldLeader=s0,  curLeader=s0, newLeader=null
2023-08-28 07:18:01,017 [Time-limited test] INFO  impl.MiniRaftCluster (MiniRaftCluster.java:shutdown(831)) - ************************************************************** 
2023-08-28 07:18:01,017 [Time-limited test] INFO  impl.MiniRaftCluster (MiniRaftCluster.java:shutdown(832)) - *** 
2023-08-28 07:18:01,017 [Time-limited test] INFO  impl.MiniRaftCluster (MiniRaftCluster.java:shutdown(833)) - ***     Stopping MiniRaftClusterWithNetty
2023-08-28 07:18:01,017 [Time-limited test] INFO  impl.MiniRaftCluster (MiniRaftCluster.java:shutdown(834)) - *** 
2023-08-28 07:18:01,017 [Time-limited test] INFO  impl.MiniRaftCluster (MiniRaftCluster.java:shutdown(835)) - ************************************************************** 
2023-08-28 07:18:01,017 [Time-limited test] INFO  impl.MiniRaftCluster (MiniRaftCluster.java:shutdown(836)) - printing ALL groups
  s0:  RUNNING  FOLLOWER s0@group-F2ABD5E412FA:t0, leader=null, voted=, raftlog=Memoized:s0@group-F2ABD5E412FA-SegmentedRaftLog:OPENED:c-1, conf=-1: peers:[s0|rpc:localhost:39453|admin:localhost:44265|client:localhost:33787|dataStream:localhost:40969|priority:0|startupRole:FOLLOWER]|listeners:[], old=null RUNNING
2023-08-28 07:18:01,023 [MiniRaftCluster-22] INFO  server.RaftServer (RaftServerProxy.java:lambda$close$7(420)) - s0: close
2023-08-28 07:18:01,023 [s0-impl-thread1] INFO  server.RaftServer$Division (RaftServerImpl.java:lambda$close$3(508)) - s0@group-F2ABD5E412FA: shutdown
2023-08-28 07:18:01,023 [s0-impl-thread1] INFO  util.JmxRegister (JmxRegister.java:unregister(73)) - Successfully un-registered JMX Bean with object name Ratis:service=RaftServer,group=group-F2ABD5E412FA,id=s0
2023-08-28 07:18:01,023 [s0-impl-thread1] INFO  impl.RoleInfo (RoleInfo.java:shutdownFollowerState(109)) - s0: shutdown s0@group-F2ABD5E412FA-FollowerState
2023-08-28 07:18:01,023 [s0-impl-thread1] INFO  impl.StateMachineUpdater (StateMachineUpdater.java:stopAndJoin(157)) - s0@group-F2ABD5E412FA-StateMachineUpdater: set stopIndex = -1
2023-08-28 07:18:01,023 [s0@group-F2ABD5E412FA-FollowerState] INFO  impl.FollowerState (FollowerState.java:run(152)) - s0@group-F2ABD5E412FA-FollowerState was interrupted
2023-08-28 07:18:01,023 [s0-impl-thread1] INFO  server.RaftServer$Division (ServerState.java:close(415)) - s0@group-F2ABD5E412FA: applyIndex: -1
2023-08-28 07:18:01,024 [nioEventLoopGroup-134-1] INFO  logging.LoggingHandler (AbstractInternalLogger.java:log(148)) - [id: 0x5180b62d, L:/0.0.0.0:39453] CLOSE
2023-08-28 07:18:01,024 [nioEventLoopGroup-134-1] INFO  logging.LoggingHandler (AbstractInternalLogger.java:log(148)) - [id: 0x5180b62d, L:/0.0.0.0:39453] INACTIVE
2023-08-28 07:18:01,024 [nioEventLoopGroup-134-1] INFO  logging.LoggingHandler (AbstractInternalLogger.java:log(148)) - [id: 0x5180b62d, L:/0.0.0.0:39453] UNREGISTERED
2023-08-28 07:18:01,986 [s0-impl-thread1] INFO  segmented.SegmentedRaftLogWorker (SegmentedRaftLogWorker.java:close(242)) - s0@group-F2ABD5E412FA-SegmentedRaftLogWorker close()
2023-08-28 07:18:01,986 [JvmPauseMonitor29] INFO  util.JvmPauseMonitor (JvmPauseMonitor.java:run(152)) - JvmPauseMonitor-s0: Stopped
2023-08-28 07:18:01,986 [Time-limited test] INFO  impl.MiniRaftCluster (MiniRaftCluster.java:shutdown(855)) - MiniRaftClusterWithNetty shutdown completed
]]></system-out>
  </testcase>
  <testcase name="testGroupWithPriority" classname="org.apache.ratis.netty.TestGroupManagementWithNetty" time="19.64">
    <system-out><![CDATA[2023-08-28 07:18:01,987 [main] INFO  util.LogUtils (Slf4jUtils.java:setLogLevel(38)) - Successfully set org.apache.ratis.conf.ConfUtils log level to WARN
2023-08-28 07:18:01,987 [main] INFO  util.LogUtils (Slf4jUtils.java:setLogLevel(38)) - Successfully set org.apache.ratis.util.FileUtils log level to TRACE
2023-08-28 07:18:01,987 [main] INFO  util.LogUtils (Slf4jUtils.java:setLogLevel(38)) - Successfully set org.apache.ratis.server.RaftServer log level to DEBUG
2023-08-28 07:18:01,987 [main] INFO  util.LogUtils (Slf4jUtils.java:setLogLevel(38)) - Successfully set org.apache.ratis.server.RaftServer$Division log level to DEBUG
2023-08-28 07:18:01,987 [main] INFO  util.LogUtils (Slf4jUtils.java:setLogLevel(38)) - Successfully set org.apache.ratis.client.RaftClient log level to DEBUG
2023-08-28 07:18:01,988 [Time-limited test] INFO  impl.MiniRaftCluster (MiniRaftCluster.java:<init>(306)) - new MiniRaftClusterWithNetty with group-B7125284B082:[]
2023-08-28 07:18:01,988 [Time-limited test] INFO  impl.GroupManagementBaseTest (GroupManagementBaseTest.java:testGroupWithPriority(85)) - Start testMultiGroupprinting ALL groups
2023-08-28 07:18:01,989 [Time-limited test] INFO  impl.MiniRaftCluster (MiniRaftCluster.java:newRaftServer(382)) - newRaftServer: s0, null, format? true
2023-08-28 07:18:01,989 [Time-limited test] TRACE util.FileUtils (FileUtils.java:deleteFully(201)) - deleteFully target/test/data/c5bbf9cd/MiniRaftClusterWithNetty2c80e70f/s0
2023-08-28 07:18:01,989 [Time-limited test] TRACE util.FileUtils (FileUtils.java:deleteFully(217)) - deleteFully: target/test/data/c5bbf9cd/MiniRaftClusterWithNetty2c80e70f/s0 does not exist.
2023-08-28 07:18:01,989 [Time-limited test] INFO  impl.MiniRaftCluster (MiniRaftCluster.java:newRaftServer(387)) - Formatted directory target/test/data/c5bbf9cd/MiniRaftClusterWithNetty2c80e70f/s0
2023-08-28 07:18:01,989 [Time-limited test] DEBUG server.RaftServer (ServerImplUtils.java:newRaftServer(51)) - newRaftServer: s0, null
2023-08-28 07:18:01,989 [Time-limited test] INFO  server.RaftServer (ConfUtils.java:logGet(46)) - raft.rpc.type = NETTY (custom)
2023-08-28 07:18:01,990 [Time-limited test] INFO  netty.NettyConfigKeys$Server (ConfUtils.java:logGet(46)) - raft.netty.server.host = null (default)
2023-08-28 07:18:01,990 [Time-limited test] INFO  netty.NettyConfigKeys$Server (ConfUtils.java:logGet(46)) - raft.netty.server.port = 45655 (custom)
2023-08-28 07:18:01,990 [Time-limited test] INFO  impl.DataStreamServerImpl (ConfUtils.java:logGet(46)) - raft.datastream.type = DISABLED (default)
2023-08-28 07:18:01,990 [Time-limited test] INFO  server.RaftServerConfigKeys (ConfUtils.java:logGet(46)) - raft.server.threadpool.proxy.cached = true (default)
2023-08-28 07:18:01,990 [Time-limited test] INFO  server.RaftServerConfigKeys (ConfUtils.java:logGet(46)) - raft.server.threadpool.proxy.size = 0 (default)
2023-08-28 07:18:01,990 [Time-limited test] INFO  server.RaftServerConfigKeys (ConfUtils.java:logGet(46)) - raft.server.sleep.deviation.threshold = 300ms (default)
2023-08-28 07:18:01,990 [Time-limited test] INFO  server.RaftServerConfigKeys (ConfUtils.java:logGet(46)) - raft.server.rpc.slowness.timeout = 60s (default)
2023-08-28 07:18:01,990 [Time-limited test] INFO  server.RaftServerConfigKeys (ConfUtils.java:logGet(46)) - raft.server.leaderelection.leader.step-down.wait-time = 10s (default)
2023-08-28 07:18:01,990 [Time-limited test] INFO  server.RaftServerConfigKeys (ConfUtils.java:logGet(46)) - raft.server.storage.dir = [/home/runner/work/ratis/ratis/ratis-test/target/test/data/c5bbf9cd/MiniRaftClusterWithNetty2c80e70f/s0] (custom)
2023-08-28 07:18:01,990 [Time-limited test] INFO  impl.MiniRaftCluster (MiniRaftCluster.java:newRaftServer(382)) - newRaftServer: s1, null, format? true
2023-08-28 07:18:01,990 [Time-limited test] TRACE util.FileUtils (FileUtils.java:deleteFully(201)) - deleteFully target/test/data/c5bbf9cd/MiniRaftClusterWithNetty2c80e70f/s1
2023-08-28 07:18:01,990 [Time-limited test] TRACE util.FileUtils (FileUtils.java:deleteFully(217)) - deleteFully: target/test/data/c5bbf9cd/MiniRaftClusterWithNetty2c80e70f/s1 does not exist.
2023-08-28 07:18:01,990 [Time-limited test] INFO  impl.MiniRaftCluster (MiniRaftCluster.java:newRaftServer(387)) - Formatted directory target/test/data/c5bbf9cd/MiniRaftClusterWithNetty2c80e70f/s1
2023-08-28 07:18:01,991 [Time-limited test] DEBUG server.RaftServer (ServerImplUtils.java:newRaftServer(51)) - newRaftServer: s1, null
2023-08-28 07:18:01,991 [Time-limited test] INFO  server.RaftServer (ConfUtils.java:logGet(46)) - raft.rpc.type = NETTY (custom)
2023-08-28 07:18:01,991 [Time-limited test] INFO  netty.NettyConfigKeys$Server (ConfUtils.java:logGet(46)) - raft.netty.server.host = null (default)
2023-08-28 07:18:01,991 [Time-limited test] INFO  netty.NettyConfigKeys$Server (ConfUtils.java:logGet(46)) - raft.netty.server.port = 38437 (custom)
2023-08-28 07:18:01,991 [Time-limited test] INFO  impl.DataStreamServerImpl (ConfUtils.java:logGet(46)) - raft.datastream.type = DISABLED (default)
2023-08-28 07:18:01,991 [Time-limited test] INFO  server.RaftServerConfigKeys (ConfUtils.java:logGet(46)) - raft.server.threadpool.proxy.cached = true (default)
2023-08-28 07:18:01,991 [Time-limited test] INFO  server.RaftServerConfigKeys (ConfUtils.java:logGet(46)) - raft.server.threadpool.proxy.size = 0 (default)
2023-08-28 07:18:01,991 [Time-limited test] INFO  server.RaftServerConfigKeys (ConfUtils.java:logGet(46)) - raft.server.sleep.deviation.threshold = 300ms (default)
2023-08-28 07:18:01,991 [Time-limited test] INFO  server.RaftServerConfigKeys (ConfUtils.java:logGet(46)) - raft.server.rpc.slowness.timeout = 60s (default)
2023-08-28 07:18:01,991 [Time-limited test] INFO  server.RaftServerConfigKeys (ConfUtils.java:logGet(46)) - raft.server.leaderelection.leader.step-down.wait-time = 10s (default)
2023-08-28 07:18:01,991 [Time-limited test] INFO  server.RaftServerConfigKeys (ConfUtils.java:logGet(46)) - raft.server.storage.dir = [/home/runner/work/ratis/ratis/ratis-test/target/test/data/c5bbf9cd/MiniRaftClusterWithNetty2c80e70f/s1] (custom)
2023-08-28 07:18:01,992 [Time-limited test] INFO  impl.MiniRaftCluster (MiniRaftCluster.java:newRaftServer(382)) - newRaftServer: s2, null, format? true
2023-08-28 07:18:01,992 [Time-limited test] TRACE util.FileUtils (FileUtils.java:deleteFully(201)) - deleteFully target/test/data/c5bbf9cd/MiniRaftClusterWithNetty2c80e70f/s2
2023-08-28 07:18:01,992 [Time-limited test] TRACE util.FileUtils (FileUtils.java:deleteFully(217)) - deleteFully: target/test/data/c5bbf9cd/MiniRaftClusterWithNetty2c80e70f/s2 does not exist.
2023-08-28 07:18:01,992 [Time-limited test] INFO  impl.MiniRaftCluster (MiniRaftCluster.java:newRaftServer(387)) - Formatted directory target/test/data/c5bbf9cd/MiniRaftClusterWithNetty2c80e70f/s2
2023-08-28 07:18:01,994 [Time-limited test] DEBUG server.RaftServer (ServerImplUtils.java:newRaftServer(51)) - newRaftServer: s2, null
2023-08-28 07:18:01,994 [Time-limited test] INFO  server.RaftServer (ConfUtils.java:logGet(46)) - raft.rpc.type = NETTY (custom)
2023-08-28 07:18:01,994 [Time-limited test] INFO  netty.NettyConfigKeys$Server (ConfUtils.java:logGet(46)) - raft.netty.server.host = null (default)
2023-08-28 07:18:01,994 [Time-limited test] INFO  netty.NettyConfigKeys$Server (ConfUtils.java:logGet(46)) - raft.netty.server.port = 45769 (custom)
2023-08-28 07:18:01,994 [Time-limited test] INFO  impl.DataStreamServerImpl (ConfUtils.java:logGet(46)) - raft.datastream.type = DISABLED (default)
2023-08-28 07:18:01,994 [Time-limited test] INFO  server.RaftServerConfigKeys (ConfUtils.java:logGet(46)) - raft.server.threadpool.proxy.cached = true (default)
2023-08-28 07:18:01,994 [Time-limited test] INFO  server.RaftServerConfigKeys (ConfUtils.java:logGet(46)) - raft.server.threadpool.proxy.size = 0 (default)
2023-08-28 07:18:01,994 [Time-limited test] INFO  server.RaftServerConfigKeys (ConfUtils.java:logGet(46)) - raft.server.sleep.deviation.threshold = 300ms (default)
2023-08-28 07:18:01,994 [Time-limited test] INFO  server.RaftServerConfigKeys (ConfUtils.java:logGet(46)) - raft.server.rpc.slowness.timeout = 60s (default)
2023-08-28 07:18:01,994 [Time-limited test] INFO  server.RaftServerConfigKeys (ConfUtils.java:logGet(46)) - raft.server.leaderelection.leader.step-down.wait-time = 10s (default)
2023-08-28 07:18:01,995 [Time-limited test] INFO  server.RaftServerConfigKeys (ConfUtils.java:logGet(46)) - raft.server.storage.dir = [/home/runner/work/ratis/ratis/ratis-test/target/test/data/c5bbf9cd/MiniRaftClusterWithNetty2c80e70f/s2] (custom)
2023-08-28 07:18:01,995 [Time-limited test] INFO  impl.GroupManagementBaseTest (GroupManagementBaseTest.java:testGroupWithPriority(91)) - putNewServer: printing ALL groups
  s0:      NEW <EMPTY>
  s1:      NEW <EMPTY>
  s2:      NEW <EMPTY>
2023-08-28 07:18:01,995 [Time-limited test] INFO  impl.MiniRaftCluster (MiniRaftCluster.java:start(339)) - .............................................................. 
2023-08-28 07:18:01,995 [Time-limited test] INFO  impl.MiniRaftCluster (MiniRaftCluster.java:start(340)) - ... 
2023-08-28 07:18:01,995 [Time-limited test] INFO  impl.MiniRaftCluster (MiniRaftCluster.java:start(341)) - ...     Starting MiniRaftClusterWithNetty
2023-08-28 07:18:01,995 [Time-limited test] INFO  impl.MiniRaftCluster (MiniRaftCluster.java:start(342)) - ... 
2023-08-28 07:18:01,995 [Time-limited test] INFO  impl.MiniRaftCluster (MiniRaftCluster.java:start(343)) - .............................................................. 
2023-08-28 07:18:01,995 [Time-limited test] INFO  impl.MiniRaftCluster (MiniRaftCluster.java:initServers(318)) - servers = {s0=s0:      NEW <EMPTY>, s1=s1:      NEW <EMPTY>, s2=s2:      NEW <EMPTY>}
2023-08-28 07:18:01,995 [Time-limited test] INFO  server.RaftServer (RaftServerProxy.java:startImpl(404)) - s0: start RPC server
2023-08-28 07:18:01,995 [nioEventLoopGroup-138-1] INFO  logging.LoggingHandler (AbstractInternalLogger.java:log(148)) - [id: 0x7f450946] REGISTERED
2023-08-28 07:18:01,996 [nioEventLoopGroup-138-1] INFO  logging.LoggingHandler (AbstractInternalLogger.java:log(148)) - [id: 0x7f450946] BIND: 0.0.0.0/0.0.0.0:45655
2023-08-28 07:18:01,996 [nioEventLoopGroup-138-1] INFO  logging.LoggingHandler (AbstractInternalLogger.java:log(148)) - [id: 0x7f450946, L:/0.0.0.0:45655] ACTIVE
2023-08-28 07:18:01,996 [Time-limited test] INFO  server.RaftServer (RaftServerProxy.java:startImpl(404)) - s1: start RPC server
2023-08-28 07:18:01,996 [JvmPauseMonitor30] INFO  util.JvmPauseMonitor (JvmPauseMonitor.java:run(146)) - JvmPauseMonitor-s0: Started
2023-08-28 07:18:01,996 [nioEventLoopGroup-140-1] INFO  logging.LoggingHandler (AbstractInternalLogger.java:log(148)) - [id: 0x3397894e] REGISTERED
2023-08-28 07:18:01,996 [nioEventLoopGroup-140-1] INFO  logging.LoggingHandler (AbstractInternalLogger.java:log(148)) - [id: 0x3397894e] BIND: 0.0.0.0/0.0.0.0:38437
2023-08-28 07:18:01,996 [nioEventLoopGroup-140-1] INFO  logging.LoggingHandler (AbstractInternalLogger.java:log(148)) - [id: 0x3397894e, L:/0.0.0.0:38437] ACTIVE
2023-08-28 07:18:01,996 [Time-limited test] INFO  server.RaftServer (RaftServerProxy.java:startImpl(404)) - s2: start RPC server
2023-08-28 07:18:01,996 [JvmPauseMonitor31] INFO  util.JvmPauseMonitor (JvmPauseMonitor.java:run(146)) - JvmPauseMonitor-s1: Started
2023-08-28 07:18:01,997 [nioEventLoopGroup-142-1] INFO  logging.LoggingHandler (AbstractInternalLogger.java:log(148)) - [id: 0xb08e02d0] REGISTERED
2023-08-28 07:18:01,997 [nioEventLoopGroup-142-1] INFO  logging.LoggingHandler (AbstractInternalLogger.java:log(148)) - [id: 0xb08e02d0] BIND: 0.0.0.0/0.0.0.0:45769
2023-08-28 07:18:01,997 [nioEventLoopGroup-142-1] INFO  logging.LoggingHandler (AbstractInternalLogger.java:log(148)) - [id: 0xb08e02d0, L:/0.0.0.0:45769] ACTIVE
2023-08-28 07:18:01,997 [JvmPauseMonitor32] INFO  util.JvmPauseMonitor (JvmPauseMonitor.java:run(146)) - JvmPauseMonitor-s2: Started
2023-08-28 07:18:02,997 [Time-limited test] INFO  impl.GroupManagementBaseTest (GroupManagementBaseTest.java:testGroupWithPriority(97)) - start: printing ALL groups
  s0:  RUNNING <EMPTY>
  s1:  RUNNING <EMPTY>
  s2:  RUNNING <EMPTY>
2023-08-28 07:18:02,998 [Time-limited test] INFO  impl.GroupManagementBaseTest (GroupManagementBaseTest.java:testGroupWithPriority(106)) - add new group: group-FC067630C08B:[s0|rpc:0.0.0.0:45655|priority:2|startupRole:FOLLOWER, s1|rpc:0.0.0.0:38437|priority:1|startupRole:FOLLOWER, s2|rpc:0.0.0.0:45769|priority:1|startupRole:FOLLOWER]
2023-08-28 07:18:02,998 [Time-limited test] DEBUG client.RaftClient (ConfUtils.java:logGet(46)) - raft.rpc.type = NETTY (custom)
2023-08-28 07:18:02,999 [nioEventLoopGroup-138-1] INFO  logging.LoggingHandler (AbstractInternalLogger.java:log(148)) - [id: 0x7f450946, L:/0.0.0.0:45655] READ: [id: 0x9baca0ab, L:/10.1.0.28:45655 - R:/10.1.0.28:53316]
2023-08-28 07:18:02,999 [nioEventLoopGroup-138-1] INFO  logging.LoggingHandler (AbstractInternalLogger.java:log(148)) - [id: 0x7f450946, L:/0.0.0.0:45655] READ COMPLETE
2023-08-28 07:18:03,001 [nioEventLoopGroup-139-1] INFO  server.RaftServer (RaftServerProxy.java:addNew(99)) - s0: addNew group-FC067630C08B:[s0|rpc:0.0.0.0:45655|dataStream:|priority:2|startupRole:FOLLOWER, s1|rpc:0.0.0.0:38437|dataStream:|priority:1|startupRole:FOLLOWER, s2|rpc:0.0.0.0:45769|dataStream:|priority:1|startupRole:FOLLOWER] returns group-FC067630C08B:java.util.concurrent.CompletableFuture@24182c1c[Not completed]
2023-08-28 07:18:03,001 [s0-groupManagement] INFO  server.RaftServer$Division (RaftServerImpl.java:<init>(250)) - s0: new RaftServerImpl for group-FC067630C08B:[s0|rpc:0.0.0.0:45655|dataStream:|priority:2|startupRole:FOLLOWER, s1|rpc:0.0.0.0:38437|dataStream:|priority:1|startupRole:FOLLOWER, s2|rpc:0.0.0.0:45769|dataStream:|priority:1|startupRole:FOLLOWER] with BaseStateMachine:uninitialized
2023-08-28 07:18:03,001 [s0-groupManagement] INFO  server.RaftServerConfigKeys (ConfUtils.java:logGet(46)) - raft.server.rpc.timeout.min = 1500ms (custom)
2023-08-28 07:18:03,001 [s0-groupManagement] INFO  server.RaftServerConfigKeys (ConfUtils.java:logGet(46)) - raft.server.rpc.timeout.max = 2000ms (custom)
2023-08-28 07:18:03,001 [s0-groupManagement] INFO  server.RaftServerConfigKeys (ConfUtils.java:logGet(46)) - raft.server.rpc.sleep.time = 25ms (default)
2023-08-28 07:18:03,001 [s0-groupManagement] INFO  server.RaftServerConfigKeys (ConfUtils.java:logGet(46)) - raft.server.rpc.slowness.timeout = 60s (default)
2023-08-28 07:18:03,001 [s0-groupManagement] INFO  server.RaftServerConfigKeys (ConfUtils.java:logGet(46)) - raft.server.leaderelection.leader.step-down.wait-time = 10s (default)
2023-08-28 07:18:03,001 [s0-groupManagement] INFO  server.RaftServerConfigKeys (ConfUtils.java:logGet(46)) - raft.server.sleep.deviation.threshold = 300ms (default)
2023-08-28 07:18:03,001 [s0-groupManagement] INFO  server.RaftServer$Division (ServerState.java:<init>(113)) - s0@group-FC067630C08B: ConfigurationManager, init=-1: peers:[s0|rpc:0.0.0.0:45655|dataStream:|priority:2|startupRole:FOLLOWER, s1|rpc:0.0.0.0:38437|dataStream:|priority:1|startupRole:FOLLOWER, s2|rpc:0.0.0.0:45769|dataStream:|priority:1|startupRole:FOLLOWER]|listeners:[], old=null, confs=<EMPTY_MAP>
2023-08-28 07:18:03,001 [s0-groupManagement] INFO  server.RaftServerConfigKeys (ConfUtils.java:logGet(46)) - raft.server.notification.no-leader.timeout = 60s (default)
2023-08-28 07:18:03,001 [s0-groupManagement] INFO  server.RaftServerConfigKeys (ConfUtils.java:logGet(46)) - raft.server.read.timeout = 10s (default)
2023-08-28 07:18:03,001 [s0-groupManagement] INFO  server.RaftServerConfigKeys (ConfUtils.java:logGet(46)) - raft.server.retrycache.expirytime = 60s (default)
2023-08-28 07:18:03,001 [s0-groupManagement] INFO  server.RaftServerConfigKeys (ConfUtils.java:logGet(46)) - raft.server.retrycache.statistics.expirytime = 100μs (default)
2023-08-28 07:18:03,001 [s0-groupManagement] INFO  server.RaftServerConfigKeys (ConfUtils.java:logGet(46)) - raft.server.read.option = DEFAULT (default)
2023-08-28 07:18:03,002 [s0-groupManagement] INFO  server.RaftServerConfigKeys (ConfUtils.java:logGet(46)) - raft.server.rpc.request.timeout = 3000ms (default)
2023-08-28 07:18:03,002 [s0-groupManagement] INFO  server.RaftServerConfigKeys (ConfUtils.java:logGet(46)) - raft.server.log.appender.install.snapshot.enabled = true (default)
2023-08-28 07:18:03,002 [s0-groupManagement] INFO  server.RaftServerConfigKeys (ConfUtils.java:logGet(46)) - raft.server.threadpool.server.cached = true (default)
2023-08-28 07:18:03,002 [s0-groupManagement] INFO  server.RaftServerConfigKeys (ConfUtils.java:logGet(46)) - raft.server.threadpool.server.size = 0 (default)
2023-08-28 07:18:03,002 [s0-groupManagement] INFO  server.RaftServerConfigKeys (ConfUtils.java:logGet(46)) - raft.server.threadpool.client.cached = true (default)
2023-08-28 07:18:03,002 [s0-groupManagement] INFO  server.RaftServerConfigKeys (ConfUtils.java:logGet(46)) - raft.server.threadpool.client.size = 0 (default)
2023-08-28 07:18:03,002 [s0-groupManagement] DEBUG server.RaftServer (RaftServerProxy.java:lambda$groupAddAsync$11(505)) - s0: newImpl =      null s0@group-FC067630C08B:t0, leader=null, voted=null, raftlog=UNINITIALIZED, conf=-1: peers:[s0|rpc:0.0.0.0:45655|dataStream:|priority:2|startupRole:FOLLOWER, s1|rpc:0.0.0.0:38437|dataStream:|priority:1|startupRole:FOLLOWER, s2|rpc:0.0.0.0:45769|dataStream:|priority:1|startupRole:FOLLOWER]|listeners:[], old=null NEW
2023-08-28 07:18:03,002 [s0-groupManagement] INFO  server.RaftServerConfigKeys (ConfUtils.java:logGet(46)) - raft.server.storage.free-space.min = 0MB (=0) (default)
2023-08-28 07:18:03,002 [s0-groupManagement] INFO  server.RaftServerConfigKeys (ConfUtils.java:logGet(46)) - raft.server.log.corruption.policy = EXCEPTION (default)
2023-08-28 07:18:03,002 [s0-groupManagement] INFO  server.RaftServerConfigKeys (ConfUtils.java:logGet(46)) - raft.server.storage.dir = [/home/runner/work/ratis/ratis/ratis-test/target/test/data/c5bbf9cd/MiniRaftClusterWithNetty2c80e70f/s0] (custom)
2023-08-28 07:18:03,002 [s0-groupManagement] INFO  storage.RaftStorageDirectory (RaftStorageDirectoryImpl.java:analyzeStorage(138)) - The storage directory /home/runner/work/ratis/ratis/ratis-test/target/test/data/c5bbf9cd/MiniRaftClusterWithNetty2c80e70f/s0/9e315ce9-0090-40c8-ac12-fc067630c08b does not exist. Creating ...
2023-08-28 07:18:03,003 [s0-groupManagement] TRACE util.FileUtils (LogUtils.java:runAndLog(49)) - Successfully ran Files.createDirectories /home/runner/work/ratis/ratis/ratis-test/target/test/data/c5bbf9cd/MiniRaftClusterWithNetty2c80e70f/s0/9e315ce9-0090-40c8-ac12-fc067630c08b
2023-08-28 07:18:03,004 [s0-groupManagement] INFO  storage.RaftStorageDirectory (RaftStorageDirectoryImpl.java:tryLock(232)) - Lock on /home/runner/work/ratis/ratis/ratis-test/target/test/data/c5bbf9cd/MiniRaftClusterWithNetty2c80e70f/s0/9e315ce9-0090-40c8-ac12-fc067630c08b/in_use.lock acquired by nodename 7908@fv-az1033-516
2023-08-28 07:18:03,004 [s0-groupManagement] TRACE util.FileUtils (LogUtils.java:runAndLog(49)) - Successfully ran Files.createDirectories /home/runner/work/ratis/ratis/ratis-test/target/test/data/c5bbf9cd/MiniRaftClusterWithNetty2c80e70f/s0/9e315ce9-0090-40c8-ac12-fc067630c08b/current
2023-08-28 07:18:03,004 [s0-groupManagement] TRACE util.FileUtils (LogUtils.java:runAndLog(49)) - Successfully ran Files.createDirectories /home/runner/work/ratis/ratis/ratis-test/target/test/data/c5bbf9cd/MiniRaftClusterWithNetty2c80e70f/s0/9e315ce9-0090-40c8-ac12-fc067630c08b/sm
2023-08-28 07:18:03,005 [s0-groupManagement] INFO  storage.RaftStorage (RaftStorageImpl.java:format(97)) - Storage directory /home/runner/work/ratis/ratis/ratis-test/target/test/data/c5bbf9cd/MiniRaftClusterWithNetty2c80e70f/s0/9e315ce9-0090-40c8-ac12-fc067630c08b has been successfully formatted.
2023-08-28 07:18:03,005 [s0-groupManagement] INFO  server.RaftServerConfigKeys (ConfUtils.java:logGet(46)) - raft.server.log.use.memory = false (default)
2023-08-28 07:18:03,005 [s0-groupManagement] INFO  server.RaftServerConfigKeys (ConfUtils.java:logGet(46)) - raft.server.log.purge.gap = 1024 (default)
2023-08-28 07:18:03,005 [s0-groupManagement] INFO  server.RaftServerConfigKeys (ConfUtils.java:logGet(46)) - raft.server.log.appender.buffer.byte-limit = 4MB (=4194304) (default)
2023-08-28 07:18:03,005 [s0-groupManagement] INFO  server.RaftServerConfigKeys (ConfUtils.java:logGet(46)) - raft.server.log.statemachine.data.read.timeout = 1000ms (default)
2023-08-28 07:18:03,005 [s0-groupManagement] INFO  server.RaftServerConfigKeys (ConfUtils.java:logGet(46)) - raft.server.log.purge.preservation.log.num = 0 (default)
2023-08-28 07:18:03,005 [s0-groupManagement] INFO  server.RaftServerConfigKeys (ConfUtils.java:logGet(46)) - raft.server.log.segment.size.max = 8MB (=8388608) (default)
2023-08-28 07:18:03,005 [s0-groupManagement] INFO  server.RaftServerConfigKeys (ConfUtils.java:logGet(46)) - raft.server.log.segment.cache.num.max = 6 (default)
2023-08-28 07:18:03,005 [s0-groupManagement] INFO  server.RaftServerConfigKeys (ConfUtils.java:logGet(46)) - raft.server.log.segment.cache.size.max = 200MB (=209715200) (default)
2023-08-28 07:18:03,005 [s0-groupManagement] INFO  server.RaftServerConfigKeys (ConfUtils.java:logGet(46)) - raft.server.log.appender.buffer.byte-limit = 4MB (=4194304) (default)
2023-08-28 07:18:03,005 [s0-groupManagement] INFO  segmented.SegmentedRaftLogWorker (SegmentedRaftLogWorker.java:<init>(183)) - new s0@group-FC067630C08B-SegmentedRaftLogWorker for RaftStorageImpl:Storage Directory /home/runner/work/ratis/ratis/ratis-test/target/test/data/c5bbf9cd/MiniRaftClusterWithNetty2c80e70f/s0/9e315ce9-0090-40c8-ac12-fc067630c08b
2023-08-28 07:18:03,005 [s0-groupManagement] INFO  server.RaftServerConfigKeys (ConfUtils.java:logGet(46)) - raft.server.log.queue.byte-limit = 64MB (=67108864) (default)
2023-08-28 07:18:03,005 [s0-groupManagement] INFO  server.RaftServerConfigKeys (ConfUtils.java:logGet(46)) - raft.server.log.queue.element-limit = 4096 (default)
2023-08-28 07:18:03,006 [s0-groupManagement] INFO  server.RaftServerConfigKeys (ConfUtils.java:logGet(46)) - raft.server.log.segment.size.max = 8MB (=8388608) (default)
2023-08-28 07:18:03,006 [s0-groupManagement] INFO  server.RaftServerConfigKeys (ConfUtils.java:logGet(46)) - raft.server.log.preallocated.size = 4MB (=4194304) (default)
2023-08-28 07:18:03,006 [s0-groupManagement] INFO  server.RaftServerConfigKeys (ConfUtils.java:logGet(46)) - raft.server.log.force.sync.num = 128 (default)
2023-08-28 07:18:03,006 [s0-groupManagement] INFO  server.RaftServerConfigKeys (ConfUtils.java:logGet(46)) - raft.server.log.statemachine.data.sync = true (default)
2023-08-28 07:18:03,006 [s0-groupManagement] INFO  server.RaftServerConfigKeys (ConfUtils.java:logGet(46)) - raft.server.log.statemachine.data.sync.timeout = 10s (default)
2023-08-28 07:18:03,006 [s0-groupManagement] INFO  server.RaftServerConfigKeys (ConfUtils.java:logGet(46)) - raft.server.log.statemachine.data.sync.timeout.retry = -1 (default)
2023-08-28 07:18:03,006 [s0-groupManagement] INFO  server.RaftServerConfigKeys (ConfUtils.java:logGet(46)) - raft.server.log.write.buffer.size = 64KB (=65536) (default)
2023-08-28 07:18:03,006 [s0-groupManagement] INFO  server.RaftServerConfigKeys (ConfUtils.java:logGet(46)) - raft.server.log.appender.buffer.byte-limit = 4MB (=4194304) (default)
2023-08-28 07:18:03,006 [s0-groupManagement] INFO  server.RaftServerConfigKeys (ConfUtils.java:logGet(46)) - raft.server.log.unsafe-flush.enabled = false (default)
2023-08-28 07:18:03,006 [s0-groupManagement] INFO  server.RaftServerConfigKeys (ConfUtils.java:logGet(46)) - raft.server.log.async-flush.enabled = false (default)
2023-08-28 07:18:03,006 [s0-groupManagement] INFO  server.RaftServerConfigKeys (ConfUtils.java:logGet(46)) - raft.server.log.statemachine.data.caching.enabled = false (default)
2023-08-28 07:18:03,006 [s0-groupManagement] INFO  segmented.SegmentedRaftLogWorker (SegmentedRaftLogWorker.java:lambda$new$0(134)) - s0@group-FC067630C08B-SegmentedRaftLogWorker: flushIndex: setUnconditionally 0 -> -1
2023-08-28 07:18:03,006 [s0-groupManagement] INFO  segmented.SegmentedRaftLogWorker (SegmentedRaftLogWorker.java:lambda$new$0(134)) - s0@group-FC067630C08B-SegmentedRaftLogWorker: safeCacheEvictIndex: setUnconditionally 0 -> -1
2023-08-28 07:18:03,007 [s0-groupManagement] INFO  server.RaftServer$Division (RaftServerImpl.java:start(384)) - s0@group-FC067630C08B: start as a follower, conf=-1: peers:[s0|rpc:0.0.0.0:45655|dataStream:|priority:2|startupRole:FOLLOWER, s1|rpc:0.0.0.0:38437|dataStream:|priority:1|startupRole:FOLLOWER, s2|rpc:0.0.0.0:45769|dataStream:|priority:1|startupRole:FOLLOWER]|listeners:[], old=null
2023-08-28 07:18:03,007 [s0-groupManagement] INFO  server.RaftServer$Division (RaftServerImpl.java:setRole(371)) - s0@group-FC067630C08B: changes role from      null to FOLLOWER at term 0 for startAsFollower
2023-08-28 07:18:03,007 [s0-groupManagement] INFO  impl.RoleInfo (RoleInfo.java:updateAndGet(138)) - s0: start s0@group-FC067630C08B-FollowerState
2023-08-28 07:18:03,007 [s0-groupManagement] INFO  util.JmxRegister (JmxRegister.java:tryRegister(44)) - Successfully registered JMX Bean with object name Ratis:service=RaftServer,group=group-FC067630C08B,id=s0
2023-08-28 07:18:03,007 [s0@group-FC067630C08B-FollowerState] INFO  server.RaftServerConfigKeys (ConfUtils.java:logFallback(53)) - raft.server.rpc.first-election.timeout.min = 1500ms (fallback to raft.server.rpc.timeout.min)
2023-08-28 07:18:03,007 [s0-groupManagement] INFO  server.RaftServerConfigKeys (ConfUtils.java:logGet(46)) - raft.server.snapshot.trigger-when-stop.enabled = true (default)
2023-08-28 07:18:03,007 [s0@group-FC067630C08B-FollowerState] INFO  server.RaftServerConfigKeys (ConfUtils.java:logFallback(53)) - raft.server.rpc.first-election.timeout.max = 2000ms (fallback to raft.server.rpc.timeout.max)
2023-08-28 07:18:03,007 [s0-groupManagement] INFO  server.RaftServerConfigKeys (ConfUtils.java:logGet(46)) - raft.server.snapshot.auto.trigger.enabled = false (default)
2023-08-28 07:18:03,007 [s0-groupManagement] INFO  server.RaftServerConfigKeys (ConfUtils.java:logGet(46)) - raft.server.snapshot.retention.file.num = -1 (default)
2023-08-28 07:18:03,007 [s0-groupManagement] INFO  server.RaftServerConfigKeys (ConfUtils.java:logGet(46)) - raft.server.log.purge.upto.snapshot.index = false (default)
2023-08-28 07:18:03,009 [nioEventLoopGroup-140-1] INFO  logging.LoggingHandler (AbstractInternalLogger.java:log(148)) - [id: 0x3397894e, L:/0.0.0.0:38437] READ: [id: 0xf69eae6a, L:/10.1.0.28:38437 - R:/10.1.0.28:34372]
2023-08-28 07:18:03,011 [nioEventLoopGroup-140-1] INFO  logging.LoggingHandler (AbstractInternalLogger.java:log(148)) - [id: 0x3397894e, L:/0.0.0.0:38437] READ COMPLETE
2023-08-28 07:18:03,012 [nioEventLoopGroup-141-1] INFO  server.RaftServer (RaftServerProxy.java:addNew(99)) - s1: addNew group-FC067630C08B:[s0|rpc:0.0.0.0:45655|dataStream:|priority:2|startupRole:FOLLOWER, s1|rpc:0.0.0.0:38437|dataStream:|priority:1|startupRole:FOLLOWER, s2|rpc:0.0.0.0:45769|dataStream:|priority:1|startupRole:FOLLOWER] returns group-FC067630C08B:java.util.concurrent.CompletableFuture@230faf4c[Not completed]
2023-08-28 07:18:03,012 [s1-groupManagement] INFO  server.RaftServer$Division (RaftServerImpl.java:<init>(250)) - s1: new RaftServerImpl for group-FC067630C08B:[s0|rpc:0.0.0.0:45655|dataStream:|priority:2|startupRole:FOLLOWER, s1|rpc:0.0.0.0:38437|dataStream:|priority:1|startupRole:FOLLOWER, s2|rpc:0.0.0.0:45769|dataStream:|priority:1|startupRole:FOLLOWER] with BaseStateMachine:uninitialized
2023-08-28 07:18:03,012 [s1-groupManagement] INFO  server.RaftServerConfigKeys (ConfUtils.java:logGet(46)) - raft.server.rpc.timeout.min = 1500ms (custom)
2023-08-28 07:18:03,012 [s1-groupManagement] INFO  server.RaftServerConfigKeys (ConfUtils.java:logGet(46)) - raft.server.rpc.timeout.max = 2000ms (custom)
2023-08-28 07:18:03,012 [s1-groupManagement] INFO  server.RaftServerConfigKeys (ConfUtils.java:logGet(46)) - raft.server.rpc.sleep.time = 25ms (default)
2023-08-28 07:18:03,012 [s1-groupManagement] INFO  server.RaftServerConfigKeys (ConfUtils.java:logGet(46)) - raft.server.rpc.slowness.timeout = 60s (default)
2023-08-28 07:18:03,012 [s1-groupManagement] INFO  server.RaftServerConfigKeys (ConfUtils.java:logGet(46)) - raft.server.leaderelection.leader.step-down.wait-time = 10s (default)
2023-08-28 07:18:03,012 [s1-groupManagement] INFO  server.RaftServerConfigKeys (ConfUtils.java:logGet(46)) - raft.server.sleep.deviation.threshold = 300ms (default)
2023-08-28 07:18:03,012 [s1-groupManagement] INFO  server.RaftServer$Division (ServerState.java:<init>(113)) - s1@group-FC067630C08B: ConfigurationManager, init=-1: peers:[s0|rpc:0.0.0.0:45655|dataStream:|priority:2|startupRole:FOLLOWER, s1|rpc:0.0.0.0:38437|dataStream:|priority:1|startupRole:FOLLOWER, s2|rpc:0.0.0.0:45769|dataStream:|priority:1|startupRole:FOLLOWER]|listeners:[], old=null, confs=<EMPTY_MAP>
2023-08-28 07:18:03,012 [s1-groupManagement] INFO  server.RaftServerConfigKeys (ConfUtils.java:logGet(46)) - raft.server.notification.no-leader.timeout = 60s (default)
2023-08-28 07:18:03,012 [s1-groupManagement] INFO  server.RaftServerConfigKeys (ConfUtils.java:logGet(46)) - raft.server.read.timeout = 10s (default)
2023-08-28 07:18:03,012 [s1-groupManagement] INFO  server.RaftServerConfigKeys (ConfUtils.java:logGet(46)) - raft.server.retrycache.expirytime = 60s (default)
2023-08-28 07:18:03,012 [s1-groupManagement] INFO  server.RaftServerConfigKeys (ConfUtils.java:logGet(46)) - raft.server.retrycache.statistics.expirytime = 100μs (default)
2023-08-28 07:18:03,012 [s1-groupManagement] INFO  server.RaftServerConfigKeys (ConfUtils.java:logGet(46)) - raft.server.read.option = DEFAULT (default)
2023-08-28 07:18:03,013 [s1-groupManagement] INFO  server.RaftServerConfigKeys (ConfUtils.java:logGet(46)) - raft.server.rpc.request.timeout = 3000ms (default)
2023-08-28 07:18:03,013 [s1-groupManagement] INFO  server.RaftServerConfigKeys (ConfUtils.java:logGet(46)) - raft.server.log.appender.install.snapshot.enabled = true (default)
2023-08-28 07:18:03,013 [s1-groupManagement] INFO  server.RaftServerConfigKeys (ConfUtils.java:logGet(46)) - raft.server.threadpool.server.cached = true (default)
2023-08-28 07:18:03,013 [s1-groupManagement] INFO  server.RaftServerConfigKeys (ConfUtils.java:logGet(46)) - raft.server.threadpool.server.size = 0 (default)
2023-08-28 07:18:03,013 [s1-groupManagement] INFO  server.RaftServerConfigKeys (ConfUtils.java:logGet(46)) - raft.server.threadpool.client.cached = true (default)
2023-08-28 07:18:03,013 [s1-groupManagement] INFO  server.RaftServerConfigKeys (ConfUtils.java:logGet(46)) - raft.server.threadpool.client.size = 0 (default)
2023-08-28 07:18:03,013 [s1-groupManagement] DEBUG server.RaftServer (RaftServerProxy.java:lambda$groupAddAsync$11(505)) - s1: newImpl =      null s1@group-FC067630C08B:t0, leader=null, voted=null, raftlog=UNINITIALIZED, conf=-1: peers:[s0|rpc:0.0.0.0:45655|dataStream:|priority:2|startupRole:FOLLOWER, s1|rpc:0.0.0.0:38437|dataStream:|priority:1|startupRole:FOLLOWER, s2|rpc:0.0.0.0:45769|dataStream:|priority:1|startupRole:FOLLOWER]|listeners:[], old=null NEW
2023-08-28 07:18:03,013 [s1-groupManagement] INFO  server.RaftServerConfigKeys (ConfUtils.java:logGet(46)) - raft.server.storage.free-space.min = 0MB (=0) (default)
2023-08-28 07:18:03,013 [s1-groupManagement] INFO  server.RaftServerConfigKeys (ConfUtils.java:logGet(46)) - raft.server.log.corruption.policy = EXCEPTION (default)
2023-08-28 07:18:03,013 [s1-groupManagement] INFO  server.RaftServerConfigKeys (ConfUtils.java:logGet(46)) - raft.server.storage.dir = [/home/runner/work/ratis/ratis/ratis-test/target/test/data/c5bbf9cd/MiniRaftClusterWithNetty2c80e70f/s1] (custom)
2023-08-28 07:18:03,013 [s1-groupManagement] INFO  storage.RaftStorageDirectory (RaftStorageDirectoryImpl.java:analyzeStorage(138)) - The storage directory /home/runner/work/ratis/ratis/ratis-test/target/test/data/c5bbf9cd/MiniRaftClusterWithNetty2c80e70f/s1/9e315ce9-0090-40c8-ac12-fc067630c08b does not exist. Creating ...
2023-08-28 07:18:03,013 [s1-groupManagement] TRACE util.FileUtils (LogUtils.java:runAndLog(49)) - Successfully ran Files.createDirectories /home/runner/work/ratis/ratis/ratis-test/target/test/data/c5bbf9cd/MiniRaftClusterWithNetty2c80e70f/s1/9e315ce9-0090-40c8-ac12-fc067630c08b
2023-08-28 07:18:03,014 [s1-groupManagement] INFO  storage.RaftStorageDirectory (RaftStorageDirectoryImpl.java:tryLock(232)) - Lock on /home/runner/work/ratis/ratis/ratis-test/target/test/data/c5bbf9cd/MiniRaftClusterWithNetty2c80e70f/s1/9e315ce9-0090-40c8-ac12-fc067630c08b/in_use.lock acquired by nodename 7908@fv-az1033-516
2023-08-28 07:18:03,014 [s1-groupManagement] TRACE util.FileUtils (LogUtils.java:runAndLog(49)) - Successfully ran Files.createDirectories /home/runner/work/ratis/ratis/ratis-test/target/test/data/c5bbf9cd/MiniRaftClusterWithNetty2c80e70f/s1/9e315ce9-0090-40c8-ac12-fc067630c08b/current
2023-08-28 07:18:03,014 [s1-groupManagement] TRACE util.FileUtils (LogUtils.java:runAndLog(49)) - Successfully ran Files.createDirectories /home/runner/work/ratis/ratis/ratis-test/target/test/data/c5bbf9cd/MiniRaftClusterWithNetty2c80e70f/s1/9e315ce9-0090-40c8-ac12-fc067630c08b/sm
2023-08-28 07:18:03,015 [s1-groupManagement] INFO  storage.RaftStorage (RaftStorageImpl.java:format(97)) - Storage directory /home/runner/work/ratis/ratis/ratis-test/target/test/data/c5bbf9cd/MiniRaftClusterWithNetty2c80e70f/s1/9e315ce9-0090-40c8-ac12-fc067630c08b has been successfully formatted.
2023-08-28 07:18:03,015 [s1-groupManagement] INFO  server.RaftServerConfigKeys (ConfUtils.java:logGet(46)) - raft.server.log.use.memory = false (default)
2023-08-28 07:18:03,015 [s1-groupManagement] INFO  server.RaftServerConfigKeys (ConfUtils.java:logGet(46)) - raft.server.log.purge.gap = 1024 (default)
2023-08-28 07:18:03,015 [s1-groupManagement] INFO  server.RaftServerConfigKeys (ConfUtils.java:logGet(46)) - raft.server.log.appender.buffer.byte-limit = 4MB (=4194304) (default)
2023-08-28 07:18:03,015 [s1-groupManagement] INFO  server.RaftServerConfigKeys (ConfUtils.java:logGet(46)) - raft.server.log.statemachine.data.read.timeout = 1000ms (default)
2023-08-28 07:18:03,015 [s1-groupManagement] INFO  server.RaftServerConfigKeys (ConfUtils.java:logGet(46)) - raft.server.log.purge.preservation.log.num = 0 (default)
2023-08-28 07:18:03,015 [s1-groupManagement] INFO  server.RaftServerConfigKeys (ConfUtils.java:logGet(46)) - raft.server.log.segment.size.max = 8MB (=8388608) (default)
2023-08-28 07:18:03,015 [s1-groupManagement] INFO  server.RaftServerConfigKeys (ConfUtils.java:logGet(46)) - raft.server.log.segment.cache.num.max = 6 (default)
2023-08-28 07:18:03,015 [s1-groupManagement] INFO  server.RaftServerConfigKeys (ConfUtils.java:logGet(46)) - raft.server.log.segment.cache.size.max = 200MB (=209715200) (default)
2023-08-28 07:18:03,015 [s1-groupManagement] INFO  server.RaftServerConfigKeys (ConfUtils.java:logGet(46)) - raft.server.log.appender.buffer.byte-limit = 4MB (=4194304) (default)
2023-08-28 07:18:03,015 [s1-groupManagement] INFO  segmented.SegmentedRaftLogWorker (SegmentedRaftLogWorker.java:<init>(183)) - new s1@group-FC067630C08B-SegmentedRaftLogWorker for RaftStorageImpl:Storage Directory /home/runner/work/ratis/ratis/ratis-test/target/test/data/c5bbf9cd/MiniRaftClusterWithNetty2c80e70f/s1/9e315ce9-0090-40c8-ac12-fc067630c08b
2023-08-28 07:18:03,015 [s1-groupManagement] INFO  server.RaftServerConfigKeys (ConfUtils.java:logGet(46)) - raft.server.log.queue.byte-limit = 64MB (=67108864) (default)
2023-08-28 07:18:03,015 [s1-groupManagement] INFO  server.RaftServerConfigKeys (ConfUtils.java:logGet(46)) - raft.server.log.queue.element-limit = 4096 (default)
2023-08-28 07:18:03,016 [s1-groupManagement] INFO  server.RaftServerConfigKeys (ConfUtils.java:logGet(46)) - raft.server.log.segment.size.max = 8MB (=8388608) (default)
2023-08-28 07:18:03,016 [s1-groupManagement] INFO  server.RaftServerConfigKeys (ConfUtils.java:logGet(46)) - raft.server.log.preallocated.size = 4MB (=4194304) (default)
2023-08-28 07:18:03,016 [s1-groupManagement] INFO  server.RaftServerConfigKeys (ConfUtils.java:logGet(46)) - raft.server.log.force.sync.num = 128 (default)
2023-08-28 07:18:03,016 [s1-groupManagement] INFO  server.RaftServerConfigKeys (ConfUtils.java:logGet(46)) - raft.server.log.statemachine.data.sync = true (default)
2023-08-28 07:18:03,016 [s1-groupManagement] INFO  server.RaftServerConfigKeys (ConfUtils.java:logGet(46)) - raft.server.log.statemachine.data.sync.timeout = 10s (default)
2023-08-28 07:18:03,016 [s1-groupManagement] INFO  server.RaftServerConfigKeys (ConfUtils.java:logGet(46)) - raft.server.log.statemachine.data.sync.timeout.retry = -1 (default)
2023-08-28 07:18:03,016 [s1-groupManagement] INFO  server.RaftServerConfigKeys (ConfUtils.java:logGet(46)) - raft.server.log.write.buffer.size = 64KB (=65536) (default)
2023-08-28 07:18:03,016 [s1-groupManagement] INFO  server.RaftServerConfigKeys (ConfUtils.java:logGet(46)) - raft.server.log.appender.buffer.byte-limit = 4MB (=4194304) (default)
2023-08-28 07:18:03,019 [s1-groupManagement] INFO  server.RaftServerConfigKeys (ConfUtils.java:logGet(46)) - raft.server.log.unsafe-flush.enabled = false (default)
2023-08-28 07:18:03,019 [s1-groupManagement] INFO  server.RaftServerConfigKeys (ConfUtils.java:logGet(46)) - raft.server.log.async-flush.enabled = false (default)
2023-08-28 07:18:03,019 [s1-groupManagement] INFO  server.RaftServerConfigKeys (ConfUtils.java:logGet(46)) - raft.server.log.statemachine.data.caching.enabled = false (default)
2023-08-28 07:18:03,019 [s1-groupManagement] INFO  segmented.SegmentedRaftLogWorker (SegmentedRaftLogWorker.java:lambda$new$0(134)) - s1@group-FC067630C08B-SegmentedRaftLogWorker: flushIndex: setUnconditionally 0 -> -1
2023-08-28 07:18:03,019 [s1-groupManagement] INFO  segmented.SegmentedRaftLogWorker (SegmentedRaftLogWorker.java:lambda$new$0(134)) - s1@group-FC067630C08B-SegmentedRaftLogWorker: safeCacheEvictIndex: setUnconditionally 0 -> -1
2023-08-28 07:18:03,022 [s1-groupManagement] INFO  server.RaftServer$Division (RaftServerImpl.java:start(384)) - s1@group-FC067630C08B: start as a follower, conf=-1: peers:[s0|rpc:0.0.0.0:45655|dataStream:|priority:2|startupRole:FOLLOWER, s1|rpc:0.0.0.0:38437|dataStream:|priority:1|startupRole:FOLLOWER, s2|rpc:0.0.0.0:45769|dataStream:|priority:1|startupRole:FOLLOWER]|listeners:[], old=null
2023-08-28 07:18:03,022 [s1-groupManagement] INFO  server.RaftServer$Division (RaftServerImpl.java:setRole(371)) - s1@group-FC067630C08B: changes role from      null to FOLLOWER at term 0 for startAsFollower
2023-08-28 07:18:03,022 [s1-groupManagement] INFO  impl.RoleInfo (RoleInfo.java:updateAndGet(138)) - s1: start s1@group-FC067630C08B-FollowerState
2023-08-28 07:18:03,026 [s1-groupManagement] INFO  util.JmxRegister (JmxRegister.java:tryRegister(44)) - Successfully registered JMX Bean with object name Ratis:service=RaftServer,group=group-FC067630C08B,id=s1
2023-08-28 07:18:03,026 [s1-groupManagement] INFO  server.RaftServerConfigKeys (ConfUtils.java:logGet(46)) - raft.server.snapshot.trigger-when-stop.enabled = true (default)
2023-08-28 07:18:03,026 [s1-groupManagement] INFO  server.RaftServerConfigKeys (ConfUtils.java:logGet(46)) - raft.server.snapshot.auto.trigger.enabled = false (default)
2023-08-28 07:18:03,026 [s1-groupManagement] INFO  server.RaftServerConfigKeys (ConfUtils.java:logGet(46)) - raft.server.snapshot.retention.file.num = -1 (default)
2023-08-28 07:18:03,026 [s1-groupManagement] INFO  server.RaftServerConfigKeys (ConfUtils.java:logGet(46)) - raft.server.log.purge.upto.snapshot.index = false (default)
2023-08-28 07:18:03,026 [s1@group-FC067630C08B-FollowerState] INFO  server.RaftServerConfigKeys (ConfUtils.java:logFallback(53)) - raft.server.rpc.first-election.timeout.min = 1500ms (fallback to raft.server.rpc.timeout.min)
2023-08-28 07:18:03,026 [s1@group-FC067630C08B-FollowerState] INFO  server.RaftServerConfigKeys (ConfUtils.java:logFallback(53)) - raft.server.rpc.first-election.timeout.max = 2000ms (fallback to raft.server.rpc.timeout.max)
2023-08-28 07:18:03,029 [nioEventLoopGroup-142-1] INFO  logging.LoggingHandler (AbstractInternalLogger.java:log(148)) - [id: 0xb08e02d0, L:/0.0.0.0:45769] READ: [id: 0x1c7eaeae, L:/10.1.0.28:45769 - R:/10.1.0.28:50138]
2023-08-28 07:18:03,034 [nioEventLoopGroup-142-1] INFO  logging.LoggingHandler (AbstractInternalLogger.java:log(148)) - [id: 0xb08e02d0, L:/0.0.0.0:45769] READ COMPLETE
2023-08-28 07:18:03,036 [nioEventLoopGroup-143-1] INFO  server.RaftServer (RaftServerProxy.java:addNew(99)) - s2: addNew group-FC067630C08B:[s0|rpc:0.0.0.0:45655|dataStream:|priority:2|startupRole:FOLLOWER, s1|rpc:0.0.0.0:38437|dataStream:|priority:1|startupRole:FOLLOWER, s2|rpc:0.0.0.0:45769|dataStream:|priority:1|startupRole:FOLLOWER] returns group-FC067630C08B:java.util.concurrent.CompletableFuture@cd7b67b[Not completed]
2023-08-28 07:18:03,036 [s2-groupManagement] INFO  server.RaftServer$Division (RaftServerImpl.java:<init>(250)) - s2: new RaftServerImpl for group-FC067630C08B:[s0|rpc:0.0.0.0:45655|dataStream:|priority:2|startupRole:FOLLOWER, s1|rpc:0.0.0.0:38437|dataStream:|priority:1|startupRole:FOLLOWER, s2|rpc:0.0.0.0:45769|dataStream:|priority:1|startupRole:FOLLOWER] with BaseStateMachine:uninitialized
2023-08-28 07:18:03,046 [s2-groupManagement] INFO  server.RaftServerConfigKeys (ConfUtils.java:logGet(46)) - raft.server.rpc.timeout.min = 1500ms (custom)
2023-08-28 07:18:03,046 [s2-groupManagement] INFO  server.RaftServerConfigKeys (ConfUtils.java:logGet(46)) - raft.server.rpc.timeout.max = 2000ms (custom)
2023-08-28 07:18:03,046 [s2-groupManagement] INFO  server.RaftServerConfigKeys (ConfUtils.java:logGet(46)) - raft.server.rpc.sleep.time = 25ms (default)
2023-08-28 07:18:03,046 [s2-groupManagement] INFO  server.RaftServerConfigKeys (ConfUtils.java:logGet(46)) - raft.server.rpc.slowness.timeout = 60s (default)
2023-08-28 07:18:03,046 [s2-groupManagement] INFO  server.RaftServerConfigKeys (ConfUtils.java:logGet(46)) - raft.server.leaderelection.leader.step-down.wait-time = 10s (default)
2023-08-28 07:18:03,046 [s2-groupManagement] INFO  server.RaftServerConfigKeys (ConfUtils.java:logGet(46)) - raft.server.sleep.deviation.threshold = 300ms (default)
2023-08-28 07:18:03,046 [s2-groupManagement] INFO  server.RaftServer$Division (ServerState.java:<init>(113)) - s2@group-FC067630C08B: ConfigurationManager, init=-1: peers:[s0|rpc:0.0.0.0:45655|dataStream:|priority:2|startupRole:FOLLOWER, s1|rpc:0.0.0.0:38437|dataStream:|priority:1|startupRole:FOLLOWER, s2|rpc:0.0.0.0:45769|dataStream:|priority:1|startupRole:FOLLOWER]|listeners:[], old=null, confs=<EMPTY_MAP>
2023-08-28 07:18:03,046 [s2-groupManagement] INFO  server.RaftServerConfigKeys (ConfUtils.java:logGet(46)) - raft.server.notification.no-leader.timeout = 60s (default)
2023-08-28 07:18:03,046 [s2-groupManagement] INFO  server.RaftServerConfigKeys (ConfUtils.java:logGet(46)) - raft.server.read.timeout = 10s (default)
2023-08-28 07:18:03,046 [s2-groupManagement] INFO  server.RaftServerConfigKeys (ConfUtils.java:logGet(46)) - raft.server.retrycache.expirytime = 60s (default)
2023-08-28 07:18:03,046 [s2-groupManagement] INFO  server.RaftServerConfigKeys (ConfUtils.java:logGet(46)) - raft.server.retrycache.statistics.expirytime = 100μs (default)
2023-08-28 07:18:03,046 [s2-groupManagement] INFO  server.RaftServerConfigKeys (ConfUtils.java:logGet(46)) - raft.server.read.option = DEFAULT (default)
2023-08-28 07:18:03,047 [s2-groupManagement] INFO  server.RaftServerConfigKeys (ConfUtils.java:logGet(46)) - raft.server.rpc.request.timeout = 3000ms (default)
2023-08-28 07:18:03,047 [s2-groupManagement] INFO  server.RaftServerConfigKeys (ConfUtils.java:logGet(46)) - raft.server.log.appender.install.snapshot.enabled = true (default)
2023-08-28 07:18:03,047 [s2-groupManagement] INFO  server.RaftServerConfigKeys (ConfUtils.java:logGet(46)) - raft.server.threadpool.server.cached = true (default)
2023-08-28 07:18:03,047 [s2-groupManagement] INFO  server.RaftServerConfigKeys (ConfUtils.java:logGet(46)) - raft.server.threadpool.server.size = 0 (default)
2023-08-28 07:18:03,047 [s2-groupManagement] INFO  server.RaftServerConfigKeys (ConfUtils.java:logGet(46)) - raft.server.threadpool.client.cached = true (default)
2023-08-28 07:18:03,047 [s2-groupManagement] INFO  server.RaftServerConfigKeys (ConfUtils.java:logGet(46)) - raft.server.threadpool.client.size = 0 (default)
2023-08-28 07:18:03,047 [s2-groupManagement] DEBUG server.RaftServer (RaftServerProxy.java:lambda$groupAddAsync$11(505)) - s2: newImpl =      null s2@group-FC067630C08B:t0, leader=null, voted=null, raftlog=UNINITIALIZED, conf=-1: peers:[s0|rpc:0.0.0.0:45655|dataStream:|priority:2|startupRole:FOLLOWER, s1|rpc:0.0.0.0:38437|dataStream:|priority:1|startupRole:FOLLOWER, s2|rpc:0.0.0.0:45769|dataStream:|priority:1|startupRole:FOLLOWER]|listeners:[], old=null NEW
2023-08-28 07:18:03,047 [s2-groupManagement] INFO  server.RaftServerConfigKeys (ConfUtils.java:logGet(46)) - raft.server.storage.free-space.min = 0MB (=0) (default)
2023-08-28 07:18:03,047 [s2-groupManagement] INFO  server.RaftServerConfigKeys (ConfUtils.java:logGet(46)) - raft.server.log.corruption.policy = EXCEPTION (default)
2023-08-28 07:18:03,047 [s2-groupManagement] INFO  server.RaftServerConfigKeys (ConfUtils.java:logGet(46)) - raft.server.storage.dir = [/home/runner/work/ratis/ratis/ratis-test/target/test/data/c5bbf9cd/MiniRaftClusterWithNetty2c80e70f/s2] (custom)
2023-08-28 07:18:03,047 [s2-groupManagement] INFO  storage.RaftStorageDirectory (RaftStorageDirectoryImpl.java:analyzeStorage(138)) - The storage directory /home/runner/work/ratis/ratis/ratis-test/target/test/data/c5bbf9cd/MiniRaftClusterWithNetty2c80e70f/s2/9e315ce9-0090-40c8-ac12-fc067630c08b does not exist. Creating ...
2023-08-28 07:18:03,047 [s2-groupManagement] TRACE util.FileUtils (LogUtils.java:runAndLog(49)) - Successfully ran Files.createDirectories /home/runner/work/ratis/ratis/ratis-test/target/test/data/c5bbf9cd/MiniRaftClusterWithNetty2c80e70f/s2/9e315ce9-0090-40c8-ac12-fc067630c08b
2023-08-28 07:18:03,048 [s2-groupManagement] INFO  storage.RaftStorageDirectory (RaftStorageDirectoryImpl.java:tryLock(232)) - Lock on /home/runner/work/ratis/ratis/ratis-test/target/test/data/c5bbf9cd/MiniRaftClusterWithNetty2c80e70f/s2/9e315ce9-0090-40c8-ac12-fc067630c08b/in_use.lock acquired by nodename 7908@fv-az1033-516
2023-08-28 07:18:03,048 [s2-groupManagement] TRACE util.FileUtils (LogUtils.java:runAndLog(49)) - Successfully ran Files.createDirectories /home/runner/work/ratis/ratis/ratis-test/target/test/data/c5bbf9cd/MiniRaftClusterWithNetty2c80e70f/s2/9e315ce9-0090-40c8-ac12-fc067630c08b/current
2023-08-28 07:18:03,049 [s2-groupManagement] TRACE util.FileUtils (LogUtils.java:runAndLog(49)) - Successfully ran Files.createDirectories /home/runner/work/ratis/ratis/ratis-test/target/test/data/c5bbf9cd/MiniRaftClusterWithNetty2c80e70f/s2/9e315ce9-0090-40c8-ac12-fc067630c08b/sm
2023-08-28 07:18:03,049 [s2-groupManagement] INFO  storage.RaftStorage (RaftStorageImpl.java:format(97)) - Storage directory /home/runner/work/ratis/ratis/ratis-test/target/test/data/c5bbf9cd/MiniRaftClusterWithNetty2c80e70f/s2/9e315ce9-0090-40c8-ac12-fc067630c08b has been successfully formatted.
2023-08-28 07:18:03,049 [s2-groupManagement] INFO  server.RaftServerConfigKeys (ConfUtils.java:logGet(46)) - raft.server.log.use.memory = false (default)
2023-08-28 07:18:03,049 [s2-groupManagement] INFO  server.RaftServerConfigKeys (ConfUtils.java:logGet(46)) - raft.server.log.purge.gap = 1024 (default)
2023-08-28 07:18:03,049 [s2-groupManagement] INFO  server.RaftServerConfigKeys (ConfUtils.java:logGet(46)) - raft.server.log.appender.buffer.byte-limit = 4MB (=4194304) (default)
2023-08-28 07:18:03,049 [s2-groupManagement] INFO  server.RaftServerConfigKeys (ConfUtils.java:logGet(46)) - raft.server.log.statemachine.data.read.timeout = 1000ms (default)
2023-08-28 07:18:03,050 [s2-groupManagement] INFO  server.RaftServerConfigKeys (ConfUtils.java:logGet(46)) - raft.server.log.purge.preservation.log.num = 0 (default)
2023-08-28 07:18:03,050 [s2-groupManagement] INFO  server.RaftServerConfigKeys (ConfUtils.java:logGet(46)) - raft.server.log.segment.size.max = 8MB (=8388608) (default)
2023-08-28 07:18:03,050 [s2-groupManagement] INFO  server.RaftServerConfigKeys (ConfUtils.java:logGet(46)) - raft.server.log.segment.cache.num.max = 6 (default)
2023-08-28 07:18:03,050 [s2-groupManagement] INFO  server.RaftServerConfigKeys (ConfUtils.java:logGet(46)) - raft.server.log.segment.cache.size.max = 200MB (=209715200) (default)
2023-08-28 07:18:03,050 [s2-groupManagement] INFO  server.RaftServerConfigKeys (ConfUtils.java:logGet(46)) - raft.server.log.appender.buffer.byte-limit = 4MB (=4194304) (default)
2023-08-28 07:18:03,050 [s2-groupManagement] INFO  segmented.SegmentedRaftLogWorker (SegmentedRaftLogWorker.java:<init>(183)) - new s2@group-FC067630C08B-SegmentedRaftLogWorker for RaftStorageImpl:Storage Directory /home/runner/work/ratis/ratis/ratis-test/target/test/data/c5bbf9cd/MiniRaftClusterWithNetty2c80e70f/s2/9e315ce9-0090-40c8-ac12-fc067630c08b
2023-08-28 07:18:03,050 [s2-groupManagement] INFO  server.RaftServerConfigKeys (ConfUtils.java:logGet(46)) - raft.server.log.queue.byte-limit = 64MB (=67108864) (default)
2023-08-28 07:18:03,050 [s2-groupManagement] INFO  server.RaftServerConfigKeys (ConfUtils.java:logGet(46)) - raft.server.log.queue.element-limit = 4096 (default)
2023-08-28 07:18:03,050 [s2-groupManagement] INFO  server.RaftServerConfigKeys (ConfUtils.java:logGet(46)) - raft.server.log.segment.size.max = 8MB (=8388608) (default)
2023-08-28 07:18:03,050 [s2-groupManagement] INFO  server.RaftServerConfigKeys (ConfUtils.java:logGet(46)) - raft.server.log.preallocated.size = 4MB (=4194304) (default)
2023-08-28 07:18:03,050 [s2-groupManagement] INFO  server.RaftServerConfigKeys (ConfUtils.java:logGet(46)) - raft.server.log.force.sync.num = 128 (default)
2023-08-28 07:18:03,050 [s2-groupManagement] INFO  server.RaftServerConfigKeys (ConfUtils.java:logGet(46)) - raft.server.log.statemachine.data.sync = true (default)
2023-08-28 07:18:03,050 [s2-groupManagement] INFO  server.RaftServerConfigKeys (ConfUtils.java:logGet(46)) - raft.server.log.statemachine.data.sync.timeout = 10s (default)
2023-08-28 07:18:03,050 [s2-groupManagement] INFO  server.RaftServerConfigKeys (ConfUtils.java:logGet(46)) - raft.server.log.statemachine.data.sync.timeout.retry = -1 (default)
2023-08-28 07:18:03,050 [s2-groupManagement] INFO  server.RaftServerConfigKeys (ConfUtils.java:logGet(46)) - raft.server.log.write.buffer.size = 64KB (=65536) (default)
2023-08-28 07:18:03,050 [s2-groupManagement] INFO  server.RaftServerConfigKeys (ConfUtils.java:logGet(46)) - raft.server.log.appender.buffer.byte-limit = 4MB (=4194304) (default)
2023-08-28 07:18:03,051 [s2-groupManagement] INFO  server.RaftServerConfigKeys (ConfUtils.java:logGet(46)) - raft.server.log.unsafe-flush.enabled = false (default)
2023-08-28 07:18:03,051 [s2-groupManagement] INFO  server.RaftServerConfigKeys (ConfUtils.java:logGet(46)) - raft.server.log.async-flush.enabled = false (default)
2023-08-28 07:18:03,051 [s2-groupManagement] INFO  server.RaftServerConfigKeys (ConfUtils.java:logGet(46)) - raft.server.log.statemachine.data.caching.enabled = false (default)
2023-08-28 07:18:03,051 [s2-groupManagement] INFO  segmented.SegmentedRaftLogWorker (SegmentedRaftLogWorker.java:lambda$new$0(134)) - s2@group-FC067630C08B-SegmentedRaftLogWorker: flushIndex: setUnconditionally 0 -> -1
2023-08-28 07:18:03,051 [s2-groupManagement] INFO  segmented.SegmentedRaftLogWorker (SegmentedRaftLogWorker.java:lambda$new$0(134)) - s2@group-FC067630C08B-SegmentedRaftLogWorker: safeCacheEvictIndex: setUnconditionally 0 -> -1
2023-08-28 07:18:03,054 [s2-groupManagement] INFO  server.RaftServer$Division (RaftServerImpl.java:start(384)) - s2@group-FC067630C08B: start as a follower, conf=-1: peers:[s0|rpc:0.0.0.0:45655|dataStream:|priority:2|startupRole:FOLLOWER, s1|rpc:0.0.0.0:38437|dataStream:|priority:1|startupRole:FOLLOWER, s2|rpc:0.0.0.0:45769|dataStream:|priority:1|startupRole:FOLLOWER]|listeners:[], old=null
2023-08-28 07:18:03,054 [s2-groupManagement] INFO  server.RaftServer$Division (RaftServerImpl.java:setRole(371)) - s2@group-FC067630C08B: changes role from      null to FOLLOWER at term 0 for startAsFollower
2023-08-28 07:18:03,054 [s2-groupManagement] INFO  impl.RoleInfo (RoleInfo.java:updateAndGet(138)) - s2: start s2@group-FC067630C08B-FollowerState
2023-08-28 07:18:03,058 [s2-groupManagement] INFO  util.JmxRegister (JmxRegister.java:tryRegister(44)) - Successfully registered JMX Bean with object name Ratis:service=RaftServer,group=group-FC067630C08B,id=s2
2023-08-28 07:18:03,058 [s2-groupManagement] INFO  server.RaftServerConfigKeys (ConfUtils.java:logGet(46)) - raft.server.snapshot.trigger-when-stop.enabled = true (default)
2023-08-28 07:18:03,058 [s2-groupManagement] INFO  server.RaftServerConfigKeys (ConfUtils.java:logGet(46)) - raft.server.snapshot.auto.trigger.enabled = false (default)
2023-08-28 07:18:03,058 [s2-groupManagement] INFO  server.RaftServerConfigKeys (ConfUtils.java:logGet(46)) - raft.server.snapshot.retention.file.num = -1 (default)
2023-08-28 07:18:03,058 [s2-groupManagement] INFO  server.RaftServerConfigKeys (ConfUtils.java:logGet(46)) - raft.server.log.purge.upto.snapshot.index = false (default)
2023-08-28 07:18:03,059 [s2@group-FC067630C08B-FollowerState] INFO  server.RaftServerConfigKeys (ConfUtils.java:logFallback(53)) - raft.server.rpc.first-election.timeout.min = 1500ms (fallback to raft.server.rpc.timeout.min)
2023-08-28 07:18:03,059 [s2@group-FC067630C08B-FollowerState] INFO  server.RaftServerConfigKeys (ConfUtils.java:logFallback(53)) - raft.server.rpc.first-election.timeout.max = 2000ms (fallback to raft.server.rpc.timeout.max)
2023-08-28 07:18:03,063 [Time-limited test] INFO  server.RaftServerConfigKeys (ConfUtils.java:logGet(46)) - raft.server.rpc.timeout.max = 2000ms (custom)
2023-08-28 07:18:03,063 [Time-limited test] INFO  ratis.RaftTestUtil (RaftTestUtil.java:waitForLeader(100)) - printing group-FC067630C08B
  s0:  RUNNING  FOLLOWER s0@group-FC067630C08B:t0, leader=null, voted=, raftlog=Memoized:s0@group-FC067630C08B-SegmentedRaftLog:OPENED:c-1, conf=-1: peers:[s0|rpc:0.0.0.0:45655|dataStream:|priority:2|startupRole:FOLLOWER, s1|rpc:0.0.0.0:38437|dataStream:|priority:1|startupRole:FOLLOWER, s2|rpc:0.0.0.0:45769|dataStream:|priority:1|startupRole:FOLLOWER]|listeners:[], old=null RUNNING
  s1:  RUNNING  FOLLOWER s1@group-FC067630C08B:t0, leader=null, voted=, raftlog=Memoized:s1@group-FC067630C08B-SegmentedRaftLog:OPENED:c-1, conf=-1: peers:[s0|rpc:0.0.0.0:45655|dataStream:|priority:2|startupRole:FOLLOWER, s1|rpc:0.0.0.0:38437|dataStream:|priority:1|startupRole:FOLLOWER, s2|rpc:0.0.0.0:45769|dataStream:|priority:1|startupRole:FOLLOWER]|listeners:[], old=null RUNNING
  s2:  RUNNING  FOLLOWER s2@group-FC067630C08B:t0, leader=null, voted=, raftlog=Memoized:s2@group-FC067630C08B-SegmentedRaftLog:OPENED:c-1, conf=-1: peers:[s0|rpc:0.0.0.0:45655|dataStream:|priority:2|startupRole:FOLLOWER, s1|rpc:0.0.0.0:38437|dataStream:|priority:1|startupRole:FOLLOWER, s2|rpc:0.0.0.0:45769|dataStream:|priority:1|startupRole:FOLLOWER]|listeners:[], old=null RUNNING
2023-08-28 07:18:03,063 [Time-limited test] WARN  ratis.RaftTestUtil (JavaUtils.java:attempt(217)) - FAILED "waitForLeader-group-FC067630C08B-(expectLeader? true)", attempt #1/100: java.lang.IllegalStateException: No leader yet  for group-FC067630C08B: printing group-FC067630C08B
  s0:  RUNNING  FOLLOWER s0@group-FC067630C08B:t0, leader=null, voted=, raftlog=Memoized:s0@group-FC067630C08B-SegmentedRaftLog:OPENED:c-1, conf=-1: peers:[s0|rpc:0.0.0.0:45655|dataStream:|priority:2|startupRole:FOLLOWER, s1|rpc:0.0.0.0:38437|dataStream:|priority:1|startupRole:FOLLOWER, s2|rpc:0.0.0.0:45769|dataStream:|priority:1|startupRole:FOLLOWER]|listeners:[], old=null RUNNING
  s1:  RUNNING  FOLLOWER s1@group-FC067630C08B:t0, leader=null, voted=, raftlog=Memoized:s1@group-FC067630C08B-SegmentedRaftLog:OPENED:c-1, conf=-1: peers:[s0|rpc:0.0.0.0:45655|dataStream:|priority:2|startupRole:FOLLOWER, s1|rpc:0.0.0.0:38437|dataStream:|priority:1|startupRole:FOLLOWER, s2|rpc:0.0.0.0:45769|dataStream:|priority:1|startupRole:FOLLOWER]|listeners:[], old=null RUNNING
  s2:  RUNNING  FOLLOWER s2@group-FC067630C08B:t0, leader=null, voted=, raftlog=Memoized:s2@group-FC067630C08B-SegmentedRaftLog:OPENED:c-1, conf=-1: peers:[s0|rpc:0.0.0.0:45655|dataStream:|priority:2|startupRole:FOLLOWER, s1|rpc:0.0.0.0:38437|dataStream:|priority:1|startupRole:FOLLOWER, s2|rpc:0.0.0.0:45769|dataStream:|priority:1|startupRole:FOLLOWER]|listeners:[], old=null RUNNING, sleep 3000ms and then retry.
java.lang.IllegalStateException: No leader yet  for group-FC067630C08B: printing group-FC067630C08B
  s0:  RUNNING  FOLLOWER s0@group-FC067630C08B:t0, leader=null, voted=, raftlog=Memoized:s0@group-FC067630C08B-SegmentedRaftLog:OPENED:c-1, conf=-1: peers:[s0|rpc:0.0.0.0:45655|dataStream:|priority:2|startupRole:FOLLOWER, s1|rpc:0.0.0.0:38437|dataStream:|priority:1|startupRole:FOLLOWER, s2|rpc:0.0.0.0:45769|dataStream:|priority:1|startupRole:FOLLOWER]|listeners:[], old=null RUNNING
  s1:  RUNNING  FOLLOWER s1@group-FC067630C08B:t0, leader=null, voted=, raftlog=Memoized:s1@group-FC067630C08B-SegmentedRaftLog:OPENED:c-1, conf=-1: peers:[s0|rpc:0.0.0.0:45655|dataStream:|priority:2|startupRole:FOLLOWER, s1|rpc:0.0.0.0:38437|dataStream:|priority:1|startupRole:FOLLOWER, s2|rpc:0.0.0.0:45769|dataStream:|priority:1|startupRole:FOLLOWER]|listeners:[], old=null RUNNING
  s2:  RUNNING  FOLLOWER s2@group-FC067630C08B:t0, leader=null, voted=, raftlog=Memoized:s2@group-FC067630C08B-SegmentedRaftLog:OPENED:c-1, conf=-1: peers:[s0|rpc:0.0.0.0:45655|dataStream:|priority:2|startupRole:FOLLOWER, s1|rpc:0.0.0.0:38437|dataStream:|priority:1|startupRole:FOLLOWER, s2|rpc:0.0.0.0:45769|dataStream:|priority:1|startupRole:FOLLOWER]|listeners:[], old=null RUNNING
	at org.apache.ratis.server.impl.MiniRaftCluster.newIllegalStateExceptionForNoLeaders(MiniRaftCluster.java:581)
	at org.apache.ratis.RaftTestUtil.lambda$waitForLeader$1(RaftTestUtil.java:104)
	at org.apache.ratis.server.impl.MiniRaftCluster.getLeader(MiniRaftCluster.java:615)
	at org.apache.ratis.server.impl.MiniRaftCluster.getLeader(MiniRaftCluster.java:608)
	at org.apache.ratis.RaftTestUtil.lambda$waitForLeader$3(RaftTestUtil.java:112)
	at org.apache.ratis.util.JavaUtils.attempt(JavaUtils.java:211)
	at org.apache.ratis.util.JavaUtils.attemptRepeatedly(JavaUtils.java:197)
	at org.apache.ratis.RaftTestUtil.waitForLeader(RaftTestUtil.java:111)
	at org.apache.ratis.RaftTestUtil.waitForLeader(RaftTestUtil.java:92)
	at org.apache.ratis.server.impl.GroupManagementBaseTest.lambda$testGroupWithPriority$1(GroupManagementBaseTest.java:116)
	at org.apache.ratis.util.function.CheckedRunnable.lambda$asCheckedSupplier$0(CheckedRunnable.java:32)
	at org.apache.ratis.util.JavaUtils.attempt(JavaUtils.java:211)
	at org.apache.ratis.util.JavaUtils.attemptRepeatedly(JavaUtils.java:197)
	at org.apache.ratis.util.JavaUtils.attempt(JavaUtils.java:231)
	at org.apache.ratis.server.impl.GroupManagementBaseTest.testGroupWithPriority(GroupManagementBaseTest.java:115)
	at java.base/jdk.internal.reflect.NativeMethodAccessorImpl.invoke0(Native Method)
	at java.base/jdk.internal.reflect.NativeMethodAccessorImpl.invoke(NativeMethodAccessorImpl.java:62)
	at java.base/jdk.internal.reflect.DelegatingMethodAccessorImpl.invoke(DelegatingMethodAccessorImpl.java:43)
	at java.base/java.lang.reflect.Method.invoke(Method.java:566)
	at org.junit.runners.model.FrameworkMethod$1.runReflectiveCall(FrameworkMethod.java:59)
	at org.junit.internal.runners.model.ReflectiveCallable.run(ReflectiveCallable.java:12)
	at org.junit.runners.model.FrameworkMethod.invokeExplosively(FrameworkMethod.java:56)
	at org.junit.internal.runners.statements.InvokeMethod.evaluate(InvokeMethod.java:17)
	at org.junit.internal.runners.statements.RunAfters.evaluate(RunAfters.java:27)
	at org.junit.internal.runners.statements.FailOnTimeout$CallableStatement.call(FailOnTimeout.java:299)
	at org.junit.internal.runners.statements.FailOnTimeout$CallableStatement.call(FailOnTimeout.java:293)
	at java.base/java.util.concurrent.FutureTask.run(FutureTask.java:264)
	at java.base/java.lang.Thread.run(Thread.java:829)
2023-08-28 07:18:04,603 [s2@group-FC067630C08B-FollowerState] INFO  impl.FollowerState (FollowerState.java:run(143)) - s2@group-FC067630C08B-FollowerState: change to CANDIDATE, lastRpcElapsedTime:1548793622ns, electionTimeout:1544ms
2023-08-28 07:18:04,603 [s2@group-FC067630C08B-FollowerState] INFO  impl.RoleInfo (RoleInfo.java:shutdownFollowerState(109)) - s2: shutdown s2@group-FC067630C08B-FollowerState
2023-08-28 07:18:04,603 [s2@group-FC067630C08B-FollowerState] INFO  server.RaftServer$Division (RaftServerImpl.java:setRole(371)) - s2@group-FC067630C08B: changes role from  FOLLOWER to CANDIDATE at term 0 for changeToCandidate
2023-08-28 07:18:04,603 [s2@group-FC067630C08B-FollowerState] INFO  server.RaftServerConfigKeys (ConfUtils.java:logGet(46)) - raft.server.leaderelection.pre-vote = true (default)
2023-08-28 07:18:04,603 [s2@group-FC067630C08B-FollowerState] INFO  impl.RoleInfo (RoleInfo.java:updateAndGet(138)) - s2: start s2@group-FC067630C08B-LeaderElection11
2023-08-28 07:18:04,606 [s2@group-FC067630C08B-LeaderElection11] INFO  impl.LeaderElection (LeaderElection.java:askForVotes(320)) - s2@group-FC067630C08B-LeaderElection11 PRE_VOTE round 0: submit vote requests at term 0 for -1: peers:[s0|rpc:0.0.0.0:45655|dataStream:|priority:2|startupRole:FOLLOWER, s1|rpc:0.0.0.0:38437|dataStream:|priority:1|startupRole:FOLLOWER, s2|rpc:0.0.0.0:45769|dataStream:|priority:1|startupRole:FOLLOWER]|listeners:[], old=null
2023-08-28 07:18:04,606 [s2@group-FC067630C08B-LeaderElection11] INFO  server.RaftServerConfigKeys (ConfUtils.java:logFallback(53)) - raft.server.rpc.first-election.timeout.min = 1500ms (fallback to raft.server.rpc.timeout.min)
2023-08-28 07:18:04,607 [s2@group-FC067630C08B-LeaderElection11] INFO  server.RaftServerConfigKeys (ConfUtils.java:logFallback(53)) - raft.server.rpc.first-election.timeout.max = 2000ms (fallback to raft.server.rpc.timeout.max)
2023-08-28 07:18:04,607 [nioEventLoopGroup-138-1] INFO  logging.LoggingHandler (AbstractInternalLogger.java:log(148)) - [id: 0x7f450946, L:/0.0.0.0:45655] READ: [id: 0x07281543, L:/10.1.0.28:45655 - R:/10.1.0.28:53332]
2023-08-28 07:18:04,608 [nioEventLoopGroup-138-1] INFO  logging.LoggingHandler (AbstractInternalLogger.java:log(148)) - [id: 0x7f450946, L:/0.0.0.0:45655] READ COMPLETE
2023-08-28 07:18:04,609 [nioEventLoopGroup-140-1] INFO  logging.LoggingHandler (AbstractInternalLogger.java:log(148)) - [id: 0x3397894e, L:/0.0.0.0:38437] READ: [id: 0xc35a8e47, L:/10.1.0.28:38437 - R:/10.1.0.28:34384]
2023-08-28 07:18:04,609 [nioEventLoopGroup-140-1] INFO  logging.LoggingHandler (AbstractInternalLogger.java:log(148)) - [id: 0x3397894e, L:/0.0.0.0:38437] READ COMPLETE
2023-08-28 07:18:04,614 [nioEventLoopGroup-141-2] INFO  server.RaftServer$Division (RaftServerImpl.java:requestVote(1344)) - s1@group-FC067630C08B: receive requestVote(PRE_VOTE, s2, group-FC067630C08B, 0, (t:0, i:0))
2023-08-28 07:18:04,614 [nioEventLoopGroup-141-2] INFO  impl.VoteContext (VoteContext.java:log(49)) - s1@group-FC067630C08B-FOLLOWER: accept PRE_VOTE from s2: our priority 1 <= candidate's priority 1
2023-08-28 07:18:04,615 [nioEventLoopGroup-141-2] INFO  server.RaftServer$Division (RaftServerImpl.java:requestVote(1377)) - s1@group-FC067630C08B replies to PRE_VOTE vote request: s2<-s1#0:OK-t0. Peer's state: s1@group-FC067630C08B:t0, leader=null, voted=, raftlog=Memoized:s1@group-FC067630C08B-SegmentedRaftLog:OPENED:c-1, conf=-1: peers:[s0|rpc:0.0.0.0:45655|dataStream:|priority:2|startupRole:FOLLOWER, s1|rpc:0.0.0.0:38437|dataStream:|priority:1|startupRole:FOLLOWER, s2|rpc:0.0.0.0:45769|dataStream:|priority:1|startupRole:FOLLOWER]|listeners:[], old=null
2023-08-28 07:18:04,615 [nioEventLoopGroup-139-2] INFO  server.RaftServer$Division (RaftServerImpl.java:requestVote(1344)) - s0@group-FC067630C08B: receive requestVote(PRE_VOTE, s2, group-FC067630C08B, 0, (t:0, i:0))
2023-08-28 07:18:04,615 [nioEventLoopGroup-139-2] INFO  impl.VoteContext (VoteContext.java:log(49)) - s0@group-FC067630C08B-FOLLOWER: reject PRE_VOTE from s2: our priority 2 > candidate's priority 1
2023-08-28 07:18:04,617 [nioEventLoopGroup-139-2] INFO  server.RaftServer$Division (RaftServerImpl.java:requestVote(1377)) - s0@group-FC067630C08B replies to PRE_VOTE vote request: s2<-s0#0:FAIL-t0. Peer's state: s0@group-FC067630C08B:t0, leader=null, voted=, raftlog=Memoized:s0@group-FC067630C08B-SegmentedRaftLog:OPENED:c-1, conf=-1: peers:[s0|rpc:0.0.0.0:45655|dataStream:|priority:2|startupRole:FOLLOWER, s1|rpc:0.0.0.0:38437|dataStream:|priority:1|startupRole:FOLLOWER, s2|rpc:0.0.0.0:45769|dataStream:|priority:1|startupRole:FOLLOWER]|listeners:[], old=null
2023-08-28 07:18:04,617 [s2@group-FC067630C08B-LeaderElection11] INFO  impl.LeaderElection (LeaderElection.java:logAndReturn(89)) - s2@group-FC067630C08B-LeaderElection11: PRE_VOTE REJECTED received 2 response(s) and 0 exception(s):
2023-08-28 07:18:04,617 [s2@group-FC067630C08B-LeaderElection11] INFO  impl.LeaderElection (LeaderElection.java:logAndReturn(93)) -   Response 0: s2<-s0#0:FAIL-t0
2023-08-28 07:18:04,617 [s2@group-FC067630C08B-LeaderElection11] INFO  impl.LeaderElection (LeaderElection.java:logAndReturn(93)) -   Response 1: s2<-s1#0:OK-t0
2023-08-28 07:18:04,617 [s2@group-FC067630C08B-LeaderElection11] INFO  impl.LeaderElection (LeaderElection.java:askForVotes(322)) - s2@group-FC067630C08B-LeaderElection11 PRE_VOTE round 0: result REJECTED
2023-08-28 07:18:04,617 [s2@group-FC067630C08B-LeaderElection11] INFO  server.RaftServer$Division (RaftServerImpl.java:setRole(371)) - s2@group-FC067630C08B: changes role from CANDIDATE to FOLLOWER at term 0 for REJECTED
2023-08-28 07:18:04,617 [s2@group-FC067630C08B-LeaderElection11] INFO  impl.RoleInfo (RoleInfo.java:shutdownLeaderElection(129)) - s2: shutdown s2@group-FC067630C08B-LeaderElection11
2023-08-28 07:18:04,617 [s2@group-FC067630C08B-LeaderElection11] INFO  impl.RoleInfo (RoleInfo.java:updateAndGet(138)) - s2: start s2@group-FC067630C08B-FollowerState
2023-08-28 07:18:04,618 [s2@group-FC067630C08B-LeaderElection11] INFO  server.RaftServer$Division (RaftServerImpl.java:setFirstElection(556)) - s2@group-FC067630C08B: set firstElectionSinceStartup to false for REJECTED
2023-08-28 07:18:04,628 [s0@group-FC067630C08B-FollowerState] INFO  impl.FollowerState (FollowerState.java:run(143)) - s0@group-FC067630C08B-FollowerState: change to CANDIDATE, lastRpcElapsedTime:1621603103ns, electionTimeout:1621ms
2023-08-28 07:18:04,628 [s0@group-FC067630C08B-FollowerState] INFO  impl.RoleInfo (RoleInfo.java:shutdownFollowerState(109)) - s0: shutdown s0@group-FC067630C08B-FollowerState
2023-08-28 07:18:04,628 [s0@group-FC067630C08B-FollowerState] INFO  server.RaftServer$Division (RaftServerImpl.java:setRole(371)) - s0@group-FC067630C08B: changes role from  FOLLOWER to CANDIDATE at term 0 for changeToCandidate
2023-08-28 07:18:04,628 [s0@group-FC067630C08B-FollowerState] INFO  server.RaftServerConfigKeys (ConfUtils.java:logGet(46)) - raft.server.leaderelection.pre-vote = true (default)
2023-08-28 07:18:04,628 [s0@group-FC067630C08B-FollowerState] INFO  impl.RoleInfo (RoleInfo.java:updateAndGet(138)) - s0: start s0@group-FC067630C08B-LeaderElection12
2023-08-28 07:18:04,629 [s0@group-FC067630C08B-LeaderElection12] INFO  impl.LeaderElection (LeaderElection.java:askForVotes(320)) - s0@group-FC067630C08B-LeaderElection12 PRE_VOTE round 0: submit vote requests at term 0 for -1: peers:[s0|rpc:0.0.0.0:45655|dataStream:|priority:2|startupRole:FOLLOWER, s1|rpc:0.0.0.0:38437|dataStream:|priority:1|startupRole:FOLLOWER, s2|rpc:0.0.0.0:45769|dataStream:|priority:1|startupRole:FOLLOWER]|listeners:[], old=null
2023-08-28 07:18:04,632 [s0@group-FC067630C08B-LeaderElection12] INFO  server.RaftServerConfigKeys (ConfUtils.java:logFallback(53)) - raft.server.rpc.first-election.timeout.min = 1500ms (fallback to raft.server.rpc.timeout.min)
2023-08-28 07:18:04,632 [s0@group-FC067630C08B-LeaderElection12] INFO  server.RaftServerConfigKeys (ConfUtils.java:logFallback(53)) - raft.server.rpc.first-election.timeout.max = 2000ms (fallback to raft.server.rpc.timeout.max)
2023-08-28 07:18:04,633 [nioEventLoopGroup-140-1] INFO  logging.LoggingHandler (AbstractInternalLogger.java:log(148)) - [id: 0x3397894e, L:/0.0.0.0:38437] READ: [id: 0xbbdc97df, L:/10.1.0.28:38437 - R:/10.1.0.28:34388]
2023-08-28 07:18:04,633 [nioEventLoopGroup-142-1] INFO  logging.LoggingHandler (AbstractInternalLogger.java:log(148)) - [id: 0xb08e02d0, L:/0.0.0.0:45769] READ: [id: 0x1ab55c0f, L:/10.1.0.28:45769 - R:/10.1.0.28:50144]
2023-08-28 07:18:04,634 [nioEventLoopGroup-140-1] INFO  logging.LoggingHandler (AbstractInternalLogger.java:log(148)) - [id: 0x3397894e, L:/0.0.0.0:38437] READ COMPLETE
2023-08-28 07:18:04,634 [nioEventLoopGroup-142-1] INFO  logging.LoggingHandler (AbstractInternalLogger.java:log(148)) - [id: 0xb08e02d0, L:/0.0.0.0:45769] READ COMPLETE
2023-08-28 07:18:04,635 [nioEventLoopGroup-141-3] INFO  server.RaftServer$Division (RaftServerImpl.java:requestVote(1344)) - s1@group-FC067630C08B: receive requestVote(PRE_VOTE, s0, group-FC067630C08B, 0, (t:0, i:0))
2023-08-28 07:18:04,638 [nioEventLoopGroup-141-3] INFO  impl.VoteContext (VoteContext.java:log(49)) - s1@group-FC067630C08B-FOLLOWER: accept PRE_VOTE from s0: our priority 1 <= candidate's priority 2
2023-08-28 07:18:04,638 [nioEventLoopGroup-141-3] INFO  server.RaftServer$Division (RaftServerImpl.java:requestVote(1377)) - s1@group-FC067630C08B replies to PRE_VOTE vote request: s0<-s1#0:OK-t0. Peer's state: s1@group-FC067630C08B:t0, leader=null, voted=, raftlog=Memoized:s1@group-FC067630C08B-SegmentedRaftLog:OPENED:c-1, conf=-1: peers:[s0|rpc:0.0.0.0:45655|dataStream:|priority:2|startupRole:FOLLOWER, s1|rpc:0.0.0.0:38437|dataStream:|priority:1|startupRole:FOLLOWER, s2|rpc:0.0.0.0:45769|dataStream:|priority:1|startupRole:FOLLOWER]|listeners:[], old=null
2023-08-28 07:18:04,639 [s0@group-FC067630C08B-LeaderElection12] INFO  impl.LeaderElection (LeaderElection.java:logAndReturn(89)) - s0@group-FC067630C08B-LeaderElection12: PRE_VOTE PASSED received 1 response(s) and 0 exception(s):
2023-08-28 07:18:04,639 [nioEventLoopGroup-143-2] INFO  server.RaftServer$Division (RaftServerImpl.java:requestVote(1344)) - s2@group-FC067630C08B: receive requestVote(PRE_VOTE, s0, group-FC067630C08B, 0, (t:0, i:0))
2023-08-28 07:18:04,639 [s0@group-FC067630C08B-LeaderElection12] INFO  impl.LeaderElection (LeaderElection.java:logAndReturn(93)) -   Response 0: s0<-s1#0:OK-t0
2023-08-28 07:18:04,639 [nioEventLoopGroup-143-2] INFO  impl.VoteContext (VoteContext.java:log(49)) - s2@group-FC067630C08B-FOLLOWER: accept PRE_VOTE from s0: our priority 1 <= candidate's priority 2
2023-08-28 07:18:04,639 [s0@group-FC067630C08B-LeaderElection12] INFO  impl.LeaderElection (LeaderElection.java:askForVotes(322)) - s0@group-FC067630C08B-LeaderElection12 PRE_VOTE round 0: result PASSED
2023-08-28 07:18:04,639 [nioEventLoopGroup-143-2] INFO  server.RaftServer$Division (RaftServerImpl.java:requestVote(1377)) - s2@group-FC067630C08B replies to PRE_VOTE vote request: s0<-s2#0:OK-t0. Peer's state: s2@group-FC067630C08B:t0, leader=null, voted=, raftlog=Memoized:s2@group-FC067630C08B-SegmentedRaftLog:OPENED:c-1, conf=-1: peers:[s0|rpc:0.0.0.0:45655|dataStream:|priority:2|startupRole:FOLLOWER, s1|rpc:0.0.0.0:38437|dataStream:|priority:1|startupRole:FOLLOWER, s2|rpc:0.0.0.0:45769|dataStream:|priority:1|startupRole:FOLLOWER]|listeners:[], old=null
2023-08-28 07:18:04,641 [s0@group-FC067630C08B-LeaderElection12] INFO  impl.LeaderElection (LeaderElection.java:askForVotes(320)) - s0@group-FC067630C08B-LeaderElection12 ELECTION round 0: submit vote requests at term 1 for -1: peers:[s0|rpc:0.0.0.0:45655|dataStream:|priority:2|startupRole:FOLLOWER, s1|rpc:0.0.0.0:38437|dataStream:|priority:1|startupRole:FOLLOWER, s2|rpc:0.0.0.0:45769|dataStream:|priority:1|startupRole:FOLLOWER]|listeners:[], old=null
2023-08-28 07:18:04,641 [s0@group-FC067630C08B-LeaderElection12] INFO  server.RaftServerConfigKeys (ConfUtils.java:logFallback(53)) - raft.server.rpc.first-election.timeout.min = 1500ms (fallback to raft.server.rpc.timeout.min)
2023-08-28 07:18:04,641 [s0@group-FC067630C08B-LeaderElection12] INFO  server.RaftServerConfigKeys (ConfUtils.java:logFallback(53)) - raft.server.rpc.first-election.timeout.max = 2000ms (fallback to raft.server.rpc.timeout.max)
2023-08-28 07:18:04,641 [nioEventLoopGroup-143-2] INFO  server.RaftServer$Division (RaftServerImpl.java:requestVote(1344)) - s2@group-FC067630C08B: receive requestVote(ELECTION, s0, group-FC067630C08B, 1, (t:0, i:0))
2023-08-28 07:18:04,641 [nioEventLoopGroup-143-2] INFO  impl.VoteContext (VoteContext.java:log(49)) - s2@group-FC067630C08B-FOLLOWER: accept ELECTION from s0: our priority 1 <= candidate's priority 2
2023-08-28 07:18:04,641 [nioEventLoopGroup-143-2] INFO  server.RaftServer$Division (RaftServerImpl.java:setRole(371)) - s2@group-FC067630C08B: changes role from  FOLLOWER to FOLLOWER at term 1 for candidate:s0
2023-08-28 07:18:04,641 [nioEventLoopGroup-143-2] INFO  impl.RoleInfo (RoleInfo.java:shutdownFollowerState(109)) - s2: shutdown s2@group-FC067630C08B-FollowerState
2023-08-28 07:18:04,641 [nioEventLoopGroup-143-2] INFO  impl.RoleInfo (RoleInfo.java:updateAndGet(138)) - s2: start s2@group-FC067630C08B-FollowerState
2023-08-28 07:18:04,641 [s2@group-FC067630C08B-FollowerState] INFO  impl.FollowerState (FollowerState.java:run(152)) - s2@group-FC067630C08B-FollowerState was interrupted
2023-08-28 07:18:04,642 [nioEventLoopGroup-141-3] INFO  server.RaftServer$Division (RaftServerImpl.java:requestVote(1344)) - s1@group-FC067630C08B: receive requestVote(ELECTION, s0, group-FC067630C08B, 1, (t:0, i:0))
2023-08-28 07:18:04,642 [nioEventLoopGroup-141-3] INFO  impl.VoteContext (VoteContext.java:log(49)) - s1@group-FC067630C08B-FOLLOWER: accept ELECTION from s0: our priority 1 <= candidate's priority 2
2023-08-28 07:18:04,642 [nioEventLoopGroup-141-3] INFO  server.RaftServer$Division (RaftServerImpl.java:setRole(371)) - s1@group-FC067630C08B: changes role from  FOLLOWER to FOLLOWER at term 1 for candidate:s0
2023-08-28 07:18:04,642 [nioEventLoopGroup-141-3] INFO  impl.RoleInfo (RoleInfo.java:shutdownFollowerState(109)) - s1: shutdown s1@group-FC067630C08B-FollowerState
2023-08-28 07:18:04,642 [nioEventLoopGroup-141-3] INFO  impl.RoleInfo (RoleInfo.java:updateAndGet(138)) - s1: start s1@group-FC067630C08B-FollowerState
2023-08-28 07:18:04,642 [s1@group-FC067630C08B-FollowerState] INFO  impl.FollowerState (FollowerState.java:run(152)) - s1@group-FC067630C08B-FollowerState was interrupted
2023-08-28 07:18:04,646 [nioEventLoopGroup-141-3] INFO  server.RaftServer$Division (RaftServerImpl.java:setFirstElection(556)) - s1@group-FC067630C08B: set firstElectionSinceStartup to false for candidate:s0
2023-08-28 07:18:04,646 [nioEventLoopGroup-143-2] INFO  server.RaftServer$Division (RaftServerImpl.java:requestVote(1377)) - s2@group-FC067630C08B replies to ELECTION vote request: s0<-s2#0:OK-t1. Peer's state: s2@group-FC067630C08B:t1, leader=null, voted=s0, raftlog=Memoized:s2@group-FC067630C08B-SegmentedRaftLog:OPENED:c-1, conf=-1: peers:[s0|rpc:0.0.0.0:45655|dataStream:|priority:2|startupRole:FOLLOWER, s1|rpc:0.0.0.0:38437|dataStream:|priority:1|startupRole:FOLLOWER, s2|rpc:0.0.0.0:45769|dataStream:|priority:1|startupRole:FOLLOWER]|listeners:[], old=null
2023-08-28 07:18:04,646 [s0@group-FC067630C08B-LeaderElection12] INFO  impl.LeaderElection (LeaderElection.java:logAndReturn(89)) - s0@group-FC067630C08B-LeaderElection12: ELECTION PASSED received 1 response(s) and 0 exception(s):
2023-08-28 07:18:04,646 [s0@group-FC067630C08B-LeaderElection12] INFO  impl.LeaderElection (LeaderElection.java:logAndReturn(93)) -   Response 0: s0<-s2#0:OK-t1
2023-08-28 07:18:04,646 [s0@group-FC067630C08B-LeaderElection12] INFO  impl.LeaderElection (LeaderElection.java:askForVotes(322)) - s0@group-FC067630C08B-LeaderElection12 ELECTION round 0: result PASSED
2023-08-28 07:18:04,646 [s0@group-FC067630C08B-LeaderElection12] INFO  impl.RoleInfo (RoleInfo.java:shutdownLeaderElection(129)) - s0: shutdown s0@group-FC067630C08B-LeaderElection12
2023-08-28 07:18:04,646 [s0@group-FC067630C08B-LeaderElection12] INFO  server.RaftServer$Division (RaftServerImpl.java:setRole(371)) - s0@group-FC067630C08B: changes role from CANDIDATE to LEADER at term 1 for changeToLeader
2023-08-28 07:18:04,647 [s0@group-FC067630C08B-LeaderElection12] INFO  server.RaftServerConfigKeys (ConfUtils.java:logGet(46)) - raft.server.staging.catchup.gap = 1000 (default)
2023-08-28 07:18:04,647 [s0@group-FC067630C08B-LeaderElection12] INFO  server.RaftServerConfigKeys (ConfUtils.java:logGet(46)) - raft.server.write.element-limit = 4096 (default)
2023-08-28 07:18:04,647 [s0@group-FC067630C08B-LeaderElection12] INFO  server.RaftServerConfigKeys (ConfUtils.java:logGet(46)) - raft.server.write.byte-limit = 64MB (=67108864) (default)
2023-08-28 07:18:04,647 [s0@group-FC067630C08B-LeaderElection12] INFO  server.RaftServerConfigKeys (ConfUtils.java:logGet(46)) - raft.server.watch.timeout = 10s (default)
2023-08-28 07:18:04,647 [s0@group-FC067630C08B-LeaderElection12] INFO  server.RaftServerConfigKeys (ConfUtils.java:logGet(46)) - raft.server.watch.timeout.denomination = 1s (default)
2023-08-28 07:18:04,647 [s0@group-FC067630C08B-LeaderElection12] INFO  server.RaftServerConfigKeys (ConfUtils.java:logGet(46)) - raft.server.watch.element-limit = 65536 (default)
2023-08-28 07:18:04,647 [nioEventLoopGroup-141-3] INFO  server.RaftServer$Division (RaftServerImpl.java:requestVote(1377)) - s1@group-FC067630C08B replies to ELECTION vote request: s0<-s1#0:OK-t1. Peer's state: s1@group-FC067630C08B:t1, leader=null, voted=s0, raftlog=Memoized:s1@group-FC067630C08B-SegmentedRaftLog:OPENED:c-1, conf=-1: peers:[s0|rpc:0.0.0.0:45655|dataStream:|priority:2|startupRole:FOLLOWER, s1|rpc:0.0.0.0:38437|dataStream:|priority:1|startupRole:FOLLOWER, s2|rpc:0.0.0.0:45769|dataStream:|priority:1|startupRole:FOLLOWER]|listeners:[], old=null
2023-08-28 07:18:04,647 [s0@group-FC067630C08B-LeaderElection12] INFO  server.RaftServerConfigKeys (ConfUtils.java:logGet(46)) - raft.server.write.element-limit = 4096 (default)
2023-08-28 07:18:04,647 [s0@group-FC067630C08B-LeaderElection12] INFO  server.RaftServerConfigKeys (ConfUtils.java:logGet(46)) - raft.server.write.follower.gap.ratio.max = -1.0 (default)
2023-08-28 07:18:04,647 [s0@group-FC067630C08B-LeaderElection12] INFO  server.RaftServerConfigKeys (ConfUtils.java:logGet(46)) - raft.server.log.appender.snapshot.chunk.size.max = 16MB (=16777216) (default)
2023-08-28 07:18:04,647 [s0@group-FC067630C08B-LeaderElection12] INFO  server.RaftServerConfigKeys (ConfUtils.java:logGet(46)) - raft.server.log.appender.buffer.byte-limit = 4MB (=4194304) (default)
2023-08-28 07:18:04,647 [s0@group-FC067630C08B-LeaderElection12] INFO  server.RaftServerConfigKeys (ConfUtils.java:logGet(46)) - raft.server.log.appender.buffer.element-limit = 0 (default)
2023-08-28 07:18:04,647 [s0@group-FC067630C08B-LeaderElection12] INFO  server.RaftServerConfigKeys (ConfUtils.java:logGet(46)) - raft.server.log.appender.wait-time.min = 10ms (default)
2023-08-28 07:18:04,648 [s0@group-FC067630C08B-LeaderElection12] INFO  server.RaftServerConfigKeys (ConfUtils.java:logGet(46)) - raft.server.log.appender.snapshot.chunk.size.max = 16MB (=16777216) (default)
2023-08-28 07:18:04,648 [s0@group-FC067630C08B-LeaderElection12] INFO  server.RaftServerConfigKeys (ConfUtils.java:logGet(46)) - raft.server.log.appender.buffer.byte-limit = 4MB (=4194304) (default)
2023-08-28 07:18:04,648 [s0@group-FC067630C08B-LeaderElection12] INFO  server.RaftServerConfigKeys (ConfUtils.java:logGet(46)) - raft.server.log.appender.buffer.element-limit = 0 (default)
2023-08-28 07:18:04,648 [s0@group-FC067630C08B-LeaderElection12] INFO  server.RaftServerConfigKeys (ConfUtils.java:logGet(46)) - raft.server.log.appender.wait-time.min = 10ms (default)
2023-08-28 07:18:04,648 [s0@group-FC067630C08B-LeaderElection12] INFO  impl.RoleInfo (RoleInfo.java:updateAndGet(138)) - s0: start s0@group-FC067630C08B-LeaderStateImpl
2023-08-28 07:18:04,648 [s0@group-FC067630C08B-LeaderElection12] INFO  server.RaftServer$Division (RaftServerImpl.java:setFirstElection(556)) - s0@group-FC067630C08B: set firstElectionSinceStartup to false for becomeLeader
2023-08-28 07:18:04,648 [s0@group-FC067630C08B-LeaderElection12] INFO  server.RaftServer$Division (ServerState.java:setLeader(260)) - s0@group-FC067630C08B: change Leader from null to s0 at term 1 for becomeLeader, leader elected after 1646ms
2023-08-28 07:18:04,648 [s0@group-FC067630C08B-LeaderElection12] INFO  segmented.SegmentedRaftLogWorker (SegmentedRaftLogWorker.java:startLogSegment(427)) - s0@group-FC067630C08B-SegmentedRaftLogWorker: Starting segment from index:0
2023-08-28 07:18:04,655 [s0@group-FC067630C08B-LeaderElection12] INFO  server.RaftServer$Division (ServerState.java:setRaftConf(377)) - s0@group-FC067630C08B: set configuration 0: peers:[s0|rpc:0.0.0.0:45655|dataStream:|priority:2|startupRole:FOLLOWER, s1|rpc:0.0.0.0:38437|dataStream:|priority:1|startupRole:FOLLOWER, s2|rpc:0.0.0.0:45769|dataStream:|priority:1|startupRole:FOLLOWER]|listeners:[], old=null
2023-08-28 07:18:04,656 [s0@group-FC067630C08B-SegmentedRaftLogWorker] INFO  segmented.SegmentedRaftLogWorker (SegmentedRaftLogWorker.java:execute(631)) - s0@group-FC067630C08B-SegmentedRaftLogWorker: created new log segment /home/runner/work/ratis/ratis/ratis-test/target/test/data/c5bbf9cd/MiniRaftClusterWithNetty2c80e70f/s0/9e315ce9-0090-40c8-ac12-fc067630c08b/current/log_inprogress_0
2023-08-28 07:18:04,656 [nioEventLoopGroup-141-3] INFO  server.RaftServer$Division (ServerState.java:setLeader(260)) - s1@group-FC067630C08B: change Leader from null to s0 at term 1 for appendEntries, leader elected after 1643ms
2023-08-28 07:18:04,657 [nioEventLoopGroup-143-2] INFO  server.RaftServer$Division (ServerState.java:setLeader(260)) - s2@group-FC067630C08B: change Leader from null to s0 at term 1 for appendEntries, leader elected after 1610ms
2023-08-28 07:18:04,658 [nioEventLoopGroup-141-3] DEBUG server.RaftServer$Division (RaftServerImpl.java:logAppendEntries(1471)) - s1@group-FC067630C08B: receive appendEntries(s0, 1, null, -1, true, commits:[s0:c-1, s1:c-1, s2:c-1], cId:443, entries: [(t:1, i:0), CONFIGURATIONENTRY(current:id: "s0"
address: "0.0.0.0:45655"
priority: 2
clientAddress: "0.0.0.0:45655"
adminAddress: "0.0.0.0:45655"
startupRole: FOLLOWER
,id: "s1"
address: "0.0.0.0:38437"
priority: 1
clientAddress: "0.0.0.0:38437"
adminAddress: "0.0.0.0:38437"
startupRole: FOLLOWER
,id: "s2"
address: "0.0.0.0:45769"
priority: 1
clientAddress: "0.0.0.0:45769"
adminAddress: "0.0.0.0:45769"
startupRole: FOLLOWER
, old:)]
2023-08-28 07:18:04,660 [nioEventLoopGroup-141-3] INFO  server.RaftServer$Division (ServerState.java:setRaftConf(377)) - s1@group-FC067630C08B: set configuration 0: peers:[s0|rpc:0.0.0.0:45655|dataStream:|priority:2|startupRole:FOLLOWER, s1|rpc:0.0.0.0:38437|dataStream:|priority:1|startupRole:FOLLOWER, s2|rpc:0.0.0.0:45769|dataStream:|priority:1|startupRole:FOLLOWER]|listeners:[], old=null
2023-08-28 07:18:04,660 [nioEventLoopGroup-141-3] INFO  segmented.SegmentedRaftLogWorker (SegmentedRaftLogWorker.java:startLogSegment(427)) - s1@group-FC067630C08B-SegmentedRaftLogWorker: Starting segment from index:0
2023-08-28 07:18:04,664 [nioEventLoopGroup-143-2] DEBUG server.RaftServer$Division (RaftServerImpl.java:logAppendEntries(1471)) - s2@group-FC067630C08B: receive appendEntries(s0, 1, null, -1, true, commits:[s0:c-1, s1:c-1, s2:c-1], cId:444, entries: [(t:1, i:0), CONFIGURATIONENTRY(current:id: "s0"
address: "0.0.0.0:45655"
priority: 2
clientAddress: "0.0.0.0:45655"
adminAddress: "0.0.0.0:45655"
startupRole: FOLLOWER
,id: "s1"
address: "0.0.0.0:38437"
priority: 1
clientAddress: "0.0.0.0:38437"
adminAddress: "0.0.0.0:38437"
startupRole: FOLLOWER
,id: "s2"
address: "0.0.0.0:45769"
priority: 1
clientAddress: "0.0.0.0:45769"
adminAddress: "0.0.0.0:45769"
startupRole: FOLLOWER
, old:)]
2023-08-28 07:18:04,665 [nioEventLoopGroup-143-2] INFO  server.RaftServer$Division (ServerState.java:setRaftConf(377)) - s2@group-FC067630C08B: set configuration 0: peers:[s0|rpc:0.0.0.0:45655|dataStream:|priority:2|startupRole:FOLLOWER, s1|rpc:0.0.0.0:38437|dataStream:|priority:1|startupRole:FOLLOWER, s2|rpc:0.0.0.0:45769|dataStream:|priority:1|startupRole:FOLLOWER]|listeners:[], old=null
2023-08-28 07:18:04,665 [nioEventLoopGroup-143-2] INFO  segmented.SegmentedRaftLogWorker (SegmentedRaftLogWorker.java:startLogSegment(427)) - s2@group-FC067630C08B-SegmentedRaftLogWorker: Starting segment from index:0
2023-08-28 07:18:04,668 [s1@group-FC067630C08B-SegmentedRaftLogWorker] INFO  segmented.SegmentedRaftLogWorker (SegmentedRaftLogWorker.java:execute(631)) - s1@group-FC067630C08B-SegmentedRaftLogWorker: created new log segment /home/runner/work/ratis/ratis/ratis-test/target/test/data/c5bbf9cd/MiniRaftClusterWithNetty2c80e70f/s1/9e315ce9-0090-40c8-ac12-fc067630c08b/current/log_inprogress_0
2023-08-28 07:18:04,670 [s1-server-thread1] DEBUG server.RaftServer$Division (RaftServerImpl.java:logAppendEntries(1471)) - s1@group-FC067630C08B: succeeded to handle AppendEntries. Reply: s0<-s1#443:OK-t1,SUCCESS,nextIndex=1,followerCommit=-1,matchIndex=0
2023-08-28 07:18:04,673 [s2@group-FC067630C08B-SegmentedRaftLogWorker] INFO  segmented.SegmentedRaftLogWorker (SegmentedRaftLogWorker.java:execute(631)) - s2@group-FC067630C08B-SegmentedRaftLogWorker: created new log segment /home/runner/work/ratis/ratis/ratis-test/target/test/data/c5bbf9cd/MiniRaftClusterWithNetty2c80e70f/s2/9e315ce9-0090-40c8-ac12-fc067630c08b/current/log_inprogress_0
2023-08-28 07:18:04,674 [s2-server-thread1] DEBUG server.RaftServer$Division (RaftServerImpl.java:logAppendEntries(1471)) - s2@group-FC067630C08B: succeeded to handle AppendEntries. Reply: s0<-s2#444:OK-t1,SUCCESS,nextIndex=1,followerCommit=-1,matchIndex=0
2023-08-28 07:18:06,064 [Time-limited test] INFO  ratis.RaftTestUtil (RaftTestUtil.java:waitForLeader(119)) - printing group-FC067630C08B
  s0:  RUNNING    LEADER s0@group-FC067630C08B:t1, leader=s0, voted=s0, raftlog=Memoized:s0@group-FC067630C08B-SegmentedRaftLog:OPENED:c0, conf=0: peers:[s0|rpc:0.0.0.0:45655|dataStream:|priority:2|startupRole:FOLLOWER, s1|rpc:0.0.0.0:38437|dataStream:|priority:1|startupRole:FOLLOWER, s2|rpc:0.0.0.0:45769|dataStream:|priority:1|startupRole:FOLLOWER]|listeners:[], old=null RUNNING
  s1:  RUNNING  FOLLOWER s1@group-FC067630C08B:t1, leader=s0, voted=s0, raftlog=Memoized:s1@group-FC067630C08B-SegmentedRaftLog:OPENED:c0, conf=0: peers:[s0|rpc:0.0.0.0:45655|dataStream:|priority:2|startupRole:FOLLOWER, s1|rpc:0.0.0.0:38437|dataStream:|priority:1|startupRole:FOLLOWER, s2|rpc:0.0.0.0:45769|dataStream:|priority:1|startupRole:FOLLOWER]|listeners:[], old=null RUNNING
  s2:  RUNNING  FOLLOWER s2@group-FC067630C08B:t1, leader=s0, voted=s0, raftlog=Memoized:s2@group-FC067630C08B-SegmentedRaftLog:OPENED:c0, conf=0: peers:[s0|rpc:0.0.0.0:45655|dataStream:|priority:2|startupRole:FOLLOWER, s1|rpc:0.0.0.0:38437|dataStream:|priority:1|startupRole:FOLLOWER, s2|rpc:0.0.0.0:45769|dataStream:|priority:1|startupRole:FOLLOWER]|listeners:[], old=null RUNNING
2023-08-28 07:18:06,065 [Time-limited test] INFO  util.CodeInjectionForTesting (BlockRequestHandlingInjection.java:blockRequestor(49)) - Block requestor s0
2023-08-28 07:18:06,065 [Time-limited test] INFO  util.CodeInjectionForTesting (BlockRequestHandlingInjection.java:blockRequestor(49)) - Block requestor s0
2023-08-28 07:18:06,066 [Time-limited test] INFO  server.RaftServerConfigKeys (ConfUtils.java:logGet(46)) - raft.server.rpc.timeout.max = 2000ms (custom)
2023-08-28 07:18:06,066 [Time-limited test] INFO  ratis.RaftTestUtil (RaftTestUtil.java:waitForLeader(100)) - printing group-FC067630C08B
  s0:  RUNNING    LEADER s0@group-FC067630C08B:t1, leader=s0, voted=s0, raftlog=Memoized:s0@group-FC067630C08B-SegmentedRaftLog:OPENED:c0, conf=0: peers:[s0|rpc:0.0.0.0:45655|dataStream:|priority:2|startupRole:FOLLOWER, s1|rpc:0.0.0.0:38437|dataStream:|priority:1|startupRole:FOLLOWER, s2|rpc:0.0.0.0:45769|dataStream:|priority:1|startupRole:FOLLOWER]|listeners:[], old=null RUNNING
  s1:  RUNNING  FOLLOWER s1@group-FC067630C08B:t1, leader=s0, voted=s0, raftlog=Memoized:s1@group-FC067630C08B-SegmentedRaftLog:OPENED:c0, conf=0: peers:[s0|rpc:0.0.0.0:45655|dataStream:|priority:2|startupRole:FOLLOWER, s1|rpc:0.0.0.0:38437|dataStream:|priority:1|startupRole:FOLLOWER, s2|rpc:0.0.0.0:45769|dataStream:|priority:1|startupRole:FOLLOWER]|listeners:[], old=null RUNNING
  s2:  RUNNING  FOLLOWER s2@group-FC067630C08B:t1, leader=s0, voted=s0, raftlog=Memoized:s2@group-FC067630C08B-SegmentedRaftLog:OPENED:c0, conf=0: peers:[s0|rpc:0.0.0.0:45655|dataStream:|priority:2|startupRole:FOLLOWER, s1|rpc:0.0.0.0:38437|dataStream:|priority:1|startupRole:FOLLOWER, s2|rpc:0.0.0.0:45769|dataStream:|priority:1|startupRole:FOLLOWER]|listeners:[], old=null RUNNING
2023-08-28 07:18:06,066 [Time-limited test] INFO  ratis.RaftTestUtil (RaftTestUtil.java:waitForLeader(119)) - printing group-FC067630C08B
  s0:  RUNNING    LEADER s0@group-FC067630C08B:t1, leader=s0, voted=s0, raftlog=Memoized:s0@group-FC067630C08B-SegmentedRaftLog:OPENED:c0, conf=0: peers:[s0|rpc:0.0.0.0:45655|dataStream:|priority:2|startupRole:FOLLOWER, s1|rpc:0.0.0.0:38437|dataStream:|priority:1|startupRole:FOLLOWER, s2|rpc:0.0.0.0:45769|dataStream:|priority:1|startupRole:FOLLOWER]|listeners:[], old=null RUNNING
  s1:  RUNNING  FOLLOWER s1@group-FC067630C08B:t1, leader=s0, voted=s0, raftlog=Memoized:s1@group-FC067630C08B-SegmentedRaftLog:OPENED:c0, conf=0: peers:[s0|rpc:0.0.0.0:45655|dataStream:|priority:2|startupRole:FOLLOWER, s1|rpc:0.0.0.0:38437|dataStream:|priority:1|startupRole:FOLLOWER, s2|rpc:0.0.0.0:45769|dataStream:|priority:1|startupRole:FOLLOWER]|listeners:[], old=null RUNNING
  s2:  RUNNING  FOLLOWER s2@group-FC067630C08B:t1, leader=s0, voted=s0, raftlog=Memoized:s2@group-FC067630C08B-SegmentedRaftLog:OPENED:c0, conf=0: peers:[s0|rpc:0.0.0.0:45655|dataStream:|priority:2|startupRole:FOLLOWER, s1|rpc:0.0.0.0:38437|dataStream:|priority:1|startupRole:FOLLOWER, s2|rpc:0.0.0.0:45769|dataStream:|priority:1|startupRole:FOLLOWER]|listeners:[], old=null RUNNING
2023-08-28 07:18:06,066 [Time-limited test] WARN  impl.GroupManagementBaseTest (JavaUtils.java:attempt(217)) - FAILED "testMultiGroupWithPriority", attempt #1/10: java.lang.AssertionError, sleep 1s and then retry.
java.lang.AssertionError
	at org.junit.Assert.fail(Assert.java:87)
	at org.junit.Assert.assertTrue(Assert.java:42)
	at org.junit.Assert.assertTrue(Assert.java:53)
	at org.apache.ratis.server.impl.GroupManagementBaseTest.lambda$testGroupWithPriority$2(GroupManagementBaseTest.java:131)
	at org.apache.ratis.util.function.CheckedRunnable.lambda$asCheckedSupplier$0(CheckedRunnable.java:32)
	at org.apache.ratis.util.JavaUtils.attempt(JavaUtils.java:211)
	at org.apache.ratis.util.JavaUtils.attemptRepeatedly(JavaUtils.java:197)
	at org.apache.ratis.util.JavaUtils.attempt(JavaUtils.java:231)
	at org.apache.ratis.server.impl.GroupManagementBaseTest.testGroupWithPriority(GroupManagementBaseTest.java:129)
	at java.base/jdk.internal.reflect.NativeMethodAccessorImpl.invoke0(Native Method)
	at java.base/jdk.internal.reflect.NativeMethodAccessorImpl.invoke(NativeMethodAccessorImpl.java:62)
	at java.base/jdk.internal.reflect.DelegatingMethodAccessorImpl.invoke(DelegatingMethodAccessorImpl.java:43)
	at java.base/java.lang.reflect.Method.invoke(Method.java:566)
	at org.junit.runners.model.FrameworkMethod$1.runReflectiveCall(FrameworkMethod.java:59)
	at org.junit.internal.runners.model.ReflectiveCallable.run(ReflectiveCallable.java:12)
	at org.junit.runners.model.FrameworkMethod.invokeExplosively(FrameworkMethod.java:56)
	at org.junit.internal.runners.statements.InvokeMethod.evaluate(InvokeMethod.java:17)
	at org.junit.internal.runners.statements.RunAfters.evaluate(RunAfters.java:27)
	at org.junit.internal.runners.statements.FailOnTimeout$CallableStatement.call(FailOnTimeout.java:299)
	at org.junit.internal.runners.statements.FailOnTimeout$CallableStatement.call(FailOnTimeout.java:293)
	at java.base/java.util.concurrent.FutureTask.run(FutureTask.java:264)
	at java.base/java.lang.Thread.run(Thread.java:829)
2023-08-28 07:18:06,172 [nioEventLoopGroup-141-3] INFO  util.CodeInjectionForTesting (BlockRequestHandlingInjection.java:execute(77)) - s1: Block request from s0
2023-08-28 07:18:06,176 [nioEventLoopGroup-143-2] INFO  util.CodeInjectionForTesting (BlockRequestHandlingInjection.java:execute(77)) - s2: Block request from s0
2023-08-28 07:18:07,066 [Time-limited test] INFO  server.RaftServerConfigKeys (ConfUtils.java:logGet(46)) - raft.server.rpc.timeout.max = 2000ms (custom)
2023-08-28 07:18:07,067 [Time-limited test] INFO  ratis.RaftTestUtil (RaftTestUtil.java:waitForLeader(100)) - printing group-FC067630C08B
  s0:  RUNNING    LEADER s0@group-FC067630C08B:t1, leader=s0, voted=s0, raftlog=Memoized:s0@group-FC067630C08B-SegmentedRaftLog:OPENED:c0, conf=0: peers:[s0|rpc:0.0.0.0:45655|dataStream:|priority:2|startupRole:FOLLOWER, s1|rpc:0.0.0.0:38437|dataStream:|priority:1|startupRole:FOLLOWER, s2|rpc:0.0.0.0:45769|dataStream:|priority:1|startupRole:FOLLOWER]|listeners:[], old=null RUNNING
  s1:  RUNNING  FOLLOWER s1@group-FC067630C08B:t1, leader=s0, voted=s0, raftlog=Memoized:s1@group-FC067630C08B-SegmentedRaftLog:OPENED:c0, conf=0: peers:[s0|rpc:0.0.0.0:45655|dataStream:|priority:2|startupRole:FOLLOWER, s1|rpc:0.0.0.0:38437|dataStream:|priority:1|startupRole:FOLLOWER, s2|rpc:0.0.0.0:45769|dataStream:|priority:1|startupRole:FOLLOWER]|listeners:[], old=null RUNNING
  s2:  RUNNING  FOLLOWER s2@group-FC067630C08B:t1, leader=s0, voted=s0, raftlog=Memoized:s2@group-FC067630C08B-SegmentedRaftLog:OPENED:c0, conf=0: peers:[s0|rpc:0.0.0.0:45655|dataStream:|priority:2|startupRole:FOLLOWER, s1|rpc:0.0.0.0:38437|dataStream:|priority:1|startupRole:FOLLOWER, s2|rpc:0.0.0.0:45769|dataStream:|priority:1|startupRole:FOLLOWER]|listeners:[], old=null RUNNING
2023-08-28 07:18:07,067 [Time-limited test] INFO  ratis.RaftTestUtil (RaftTestUtil.java:waitForLeader(119)) - printing group-FC067630C08B
  s0:  RUNNING    LEADER s0@group-FC067630C08B:t1, leader=s0, voted=s0, raftlog=Memoized:s0@group-FC067630C08B-SegmentedRaftLog:OPENED:c0, conf=0: peers:[s0|rpc:0.0.0.0:45655|dataStream:|priority:2|startupRole:FOLLOWER, s1|rpc:0.0.0.0:38437|dataStream:|priority:1|startupRole:FOLLOWER, s2|rpc:0.0.0.0:45769|dataStream:|priority:1|startupRole:FOLLOWER]|listeners:[], old=null RUNNING
  s1:  RUNNING  FOLLOWER s1@group-FC067630C08B:t1, leader=s0, voted=s0, raftlog=Memoized:s1@group-FC067630C08B-SegmentedRaftLog:OPENED:c0, conf=0: peers:[s0|rpc:0.0.0.0:45655|dataStream:|priority:2|startupRole:FOLLOWER, s1|rpc:0.0.0.0:38437|dataStream:|priority:1|startupRole:FOLLOWER, s2|rpc:0.0.0.0:45769|dataStream:|priority:1|startupRole:FOLLOWER]|listeners:[], old=null RUNNING
  s2:  RUNNING  FOLLOWER s2@group-FC067630C08B:t1, leader=s0, voted=s0, raftlog=Memoized:s2@group-FC067630C08B-SegmentedRaftLog:OPENED:c0, conf=0: peers:[s0|rpc:0.0.0.0:45655|dataStream:|priority:2|startupRole:FOLLOWER, s1|rpc:0.0.0.0:38437|dataStream:|priority:1|startupRole:FOLLOWER, s2|rpc:0.0.0.0:45769|dataStream:|priority:1|startupRole:FOLLOWER]|listeners:[], old=null RUNNING
2023-08-28 07:18:07,067 [Time-limited test] WARN  impl.GroupManagementBaseTest (JavaUtils.java:attempt(217)) - FAILED "testMultiGroupWithPriority", attempt #2/10: java.lang.AssertionError, sleep 1s and then retry.
java.lang.AssertionError
	at org.junit.Assert.fail(Assert.java:87)
	at org.junit.Assert.assertTrue(Assert.java:42)
	at org.junit.Assert.assertTrue(Assert.java:53)
	at org.apache.ratis.server.impl.GroupManagementBaseTest.lambda$testGroupWithPriority$2(GroupManagementBaseTest.java:131)
	at org.apache.ratis.util.function.CheckedRunnable.lambda$asCheckedSupplier$0(CheckedRunnable.java:32)
	at org.apache.ratis.util.JavaUtils.attempt(JavaUtils.java:211)
	at org.apache.ratis.util.JavaUtils.attemptRepeatedly(JavaUtils.java:197)
	at org.apache.ratis.util.JavaUtils.attempt(JavaUtils.java:231)
	at org.apache.ratis.server.impl.GroupManagementBaseTest.testGroupWithPriority(GroupManagementBaseTest.java:129)
	at java.base/jdk.internal.reflect.NativeMethodAccessorImpl.invoke0(Native Method)
	at java.base/jdk.internal.reflect.NativeMethodAccessorImpl.invoke(NativeMethodAccessorImpl.java:62)
	at java.base/jdk.internal.reflect.DelegatingMethodAccessorImpl.invoke(DelegatingMethodAccessorImpl.java:43)
	at java.base/java.lang.reflect.Method.invoke(Method.java:566)
	at org.junit.runners.model.FrameworkMethod$1.runReflectiveCall(FrameworkMethod.java:59)
	at org.junit.internal.runners.model.ReflectiveCallable.run(ReflectiveCallable.java:12)
	at org.junit.runners.model.FrameworkMethod.invokeExplosively(FrameworkMethod.java:56)
	at org.junit.internal.runners.statements.InvokeMethod.evaluate(InvokeMethod.java:17)
	at org.junit.internal.runners.statements.RunAfters.evaluate(RunAfters.java:27)
	at org.junit.internal.runners.statements.FailOnTimeout$CallableStatement.call(FailOnTimeout.java:299)
	at org.junit.internal.runners.statements.FailOnTimeout$CallableStatement.call(FailOnTimeout.java:293)
	at java.base/java.util.concurrent.FutureTask.run(FutureTask.java:264)
	at java.base/java.lang.Thread.run(Thread.java:829)
2023-08-28 07:18:08,067 [Time-limited test] INFO  server.RaftServerConfigKeys (ConfUtils.java:logGet(46)) - raft.server.rpc.timeout.max = 2000ms (custom)
2023-08-28 07:18:08,068 [Time-limited test] INFO  ratis.RaftTestUtil (RaftTestUtil.java:waitForLeader(100)) - printing group-FC067630C08B
  s0:  RUNNING    LEADER s0@group-FC067630C08B:t1, leader=s0, voted=s0, raftlog=Memoized:s0@group-FC067630C08B-SegmentedRaftLog:OPENED:c0, conf=0: peers:[s0|rpc:0.0.0.0:45655|dataStream:|priority:2|startupRole:FOLLOWER, s1|rpc:0.0.0.0:38437|dataStream:|priority:1|startupRole:FOLLOWER, s2|rpc:0.0.0.0:45769|dataStream:|priority:1|startupRole:FOLLOWER]|listeners:[], old=null RUNNING
  s1:  RUNNING  FOLLOWER s1@group-FC067630C08B:t1, leader=s0, voted=s0, raftlog=Memoized:s1@group-FC067630C08B-SegmentedRaftLog:OPENED:c0, conf=0: peers:[s0|rpc:0.0.0.0:45655|dataStream:|priority:2|startupRole:FOLLOWER, s1|rpc:0.0.0.0:38437|dataStream:|priority:1|startupRole:FOLLOWER, s2|rpc:0.0.0.0:45769|dataStream:|priority:1|startupRole:FOLLOWER]|listeners:[], old=null RUNNING
  s2:  RUNNING  FOLLOWER s2@group-FC067630C08B:t1, leader=s0, voted=s0, raftlog=Memoized:s2@group-FC067630C08B-SegmentedRaftLog:OPENED:c0, conf=0: peers:[s0|rpc:0.0.0.0:45655|dataStream:|priority:2|startupRole:FOLLOWER, s1|rpc:0.0.0.0:38437|dataStream:|priority:1|startupRole:FOLLOWER, s2|rpc:0.0.0.0:45769|dataStream:|priority:1|startupRole:FOLLOWER]|listeners:[], old=null RUNNING
2023-08-28 07:18:08,068 [Time-limited test] INFO  ratis.RaftTestUtil (RaftTestUtil.java:waitForLeader(119)) - printing group-FC067630C08B
  s0:  RUNNING    LEADER s0@group-FC067630C08B:t1, leader=s0, voted=s0, raftlog=Memoized:s0@group-FC067630C08B-SegmentedRaftLog:OPENED:c0, conf=0: peers:[s0|rpc:0.0.0.0:45655|dataStream:|priority:2|startupRole:FOLLOWER, s1|rpc:0.0.0.0:38437|dataStream:|priority:1|startupRole:FOLLOWER, s2|rpc:0.0.0.0:45769|dataStream:|priority:1|startupRole:FOLLOWER]|listeners:[], old=null RUNNING
  s1:  RUNNING  FOLLOWER s1@group-FC067630C08B:t1, leader=s0, voted=s0, raftlog=Memoized:s1@group-FC067630C08B-SegmentedRaftLog:OPENED:c0, conf=0: peers:[s0|rpc:0.0.0.0:45655|dataStream:|priority:2|startupRole:FOLLOWER, s1|rpc:0.0.0.0:38437|dataStream:|priority:1|startupRole:FOLLOWER, s2|rpc:0.0.0.0:45769|dataStream:|priority:1|startupRole:FOLLOWER]|listeners:[], old=null RUNNING
  s2:  RUNNING  FOLLOWER s2@group-FC067630C08B:t1, leader=s0, voted=s0, raftlog=Memoized:s2@group-FC067630C08B-SegmentedRaftLog:OPENED:c0, conf=0: peers:[s0|rpc:0.0.0.0:45655|dataStream:|priority:2|startupRole:FOLLOWER, s1|rpc:0.0.0.0:38437|dataStream:|priority:1|startupRole:FOLLOWER, s2|rpc:0.0.0.0:45769|dataStream:|priority:1|startupRole:FOLLOWER]|listeners:[], old=null RUNNING
2023-08-28 07:18:08,068 [Time-limited test] WARN  impl.GroupManagementBaseTest (JavaUtils.java:attempt(217)) - FAILED "testMultiGroupWithPriority", attempt #3/10: java.lang.AssertionError, sleep 1s and then retry.
java.lang.AssertionError
	at org.junit.Assert.fail(Assert.java:87)
	at org.junit.Assert.assertTrue(Assert.java:42)
	at org.junit.Assert.assertTrue(Assert.java:53)
	at org.apache.ratis.server.impl.GroupManagementBaseTest.lambda$testGroupWithPriority$2(GroupManagementBaseTest.java:131)
	at org.apache.ratis.util.function.CheckedRunnable.lambda$asCheckedSupplier$0(CheckedRunnable.java:32)
	at org.apache.ratis.util.JavaUtils.attempt(JavaUtils.java:211)
	at org.apache.ratis.util.JavaUtils.attemptRepeatedly(JavaUtils.java:197)
	at org.apache.ratis.util.JavaUtils.attempt(JavaUtils.java:231)
	at org.apache.ratis.server.impl.GroupManagementBaseTest.testGroupWithPriority(GroupManagementBaseTest.java:129)
	at java.base/jdk.internal.reflect.NativeMethodAccessorImpl.invoke0(Native Method)
	at java.base/jdk.internal.reflect.NativeMethodAccessorImpl.invoke(NativeMethodAccessorImpl.java:62)
	at java.base/jdk.internal.reflect.DelegatingMethodAccessorImpl.invoke(DelegatingMethodAccessorImpl.java:43)
	at java.base/java.lang.reflect.Method.invoke(Method.java:566)
	at org.junit.runners.model.FrameworkMethod$1.runReflectiveCall(FrameworkMethod.java:59)
	at org.junit.internal.runners.model.ReflectiveCallable.run(ReflectiveCallable.java:12)
	at org.junit.runners.model.FrameworkMethod.invokeExplosively(FrameworkMethod.java:56)
	at org.junit.internal.runners.statements.InvokeMethod.evaluate(InvokeMethod.java:17)
	at org.junit.internal.runners.statements.RunAfters.evaluate(RunAfters.java:27)
	at org.junit.internal.runners.statements.FailOnTimeout$CallableStatement.call(FailOnTimeout.java:299)
	at org.junit.internal.runners.statements.FailOnTimeout$CallableStatement.call(FailOnTimeout.java:293)
	at java.base/java.util.concurrent.FutureTask.run(FutureTask.java:264)
	at java.base/java.lang.Thread.run(Thread.java:829)
2023-08-28 07:18:08,262 [s2@group-FC067630C08B-FollowerState] INFO  impl.FollowerState (FollowerState.java:run(143)) - s2@group-FC067630C08B-FollowerState: change to CANDIDATE, lastRpcElapsedTime:2836982054ns, electionTimeout:1773ms
2023-08-28 07:18:08,263 [s2@group-FC067630C08B-FollowerState] INFO  impl.RoleInfo (RoleInfo.java:shutdownFollowerState(109)) - s2: shutdown s2@group-FC067630C08B-FollowerState
2023-08-28 07:18:08,263 [s2@group-FC067630C08B-FollowerState] INFO  server.RaftServer$Division (RaftServerImpl.java:setRole(371)) - s2@group-FC067630C08B: changes role from  FOLLOWER to CANDIDATE at term 1 for changeToCandidate
2023-08-28 07:18:08,263 [s2@group-FC067630C08B-FollowerState] INFO  server.RaftServerConfigKeys (ConfUtils.java:logGet(46)) - raft.server.leaderelection.pre-vote = true (default)
2023-08-28 07:18:08,263 [s2@group-FC067630C08B-FollowerState] INFO  impl.RoleInfo (RoleInfo.java:updateAndGet(138)) - s2: start s2@group-FC067630C08B-LeaderElection13
2023-08-28 07:18:08,263 [s2@group-FC067630C08B-LeaderElection13] INFO  server.RaftServer$Division (ServerState.java:setLeader(260)) - s2@group-FC067630C08B: change Leader from s0 to null at term 1 for PRE_VOTE
2023-08-28 07:18:08,263 [s2@group-FC067630C08B-LeaderElection13] INFO  impl.LeaderElection (LeaderElection.java:askForVotes(320)) - s2@group-FC067630C08B-LeaderElection13 PRE_VOTE round 0: submit vote requests at term 1 for 0: peers:[s0|rpc:0.0.0.0:45655|dataStream:|priority:2|startupRole:FOLLOWER, s1|rpc:0.0.0.0:38437|dataStream:|priority:1|startupRole:FOLLOWER, s2|rpc:0.0.0.0:45769|dataStream:|priority:1|startupRole:FOLLOWER]|listeners:[], old=null
2023-08-28 07:18:08,264 [nioEventLoopGroup-139-2] INFO  util.CodeInjectionForTesting (BlockRequestHandlingInjection.java:execute(77)) - s0: Block request from s2
2023-08-28 07:18:08,265 [nioEventLoopGroup-141-2] INFO  server.RaftServer$Division (RaftServerImpl.java:requestVote(1344)) - s1@group-FC067630C08B: receive requestVote(PRE_VOTE, s2, group-FC067630C08B, 1, (t:1, i:0))
2023-08-28 07:18:08,265 [nioEventLoopGroup-141-2] INFO  impl.VoteContext (VoteContext.java:log(49)) - s1@group-FC067630C08B-FOLLOWER: accept PRE_VOTE from s2: our priority 1 <= candidate's priority 1
2023-08-28 07:18:08,265 [nioEventLoopGroup-141-2] INFO  server.RaftServer$Division (RaftServerImpl.java:requestVote(1377)) - s1@group-FC067630C08B replies to PRE_VOTE vote request: s2<-s1#0:OK-t1. Peer's state: s1@group-FC067630C08B:t1, leader=s0, voted=s0, raftlog=Memoized:s1@group-FC067630C08B-SegmentedRaftLog:OPENED:c0, conf=0: peers:[s0|rpc:0.0.0.0:45655|dataStream:|priority:2|startupRole:FOLLOWER, s1|rpc:0.0.0.0:38437|dataStream:|priority:1|startupRole:FOLLOWER, s2|rpc:0.0.0.0:45769|dataStream:|priority:1|startupRole:FOLLOWER]|listeners:[], old=null
2023-08-28 07:18:08,675 [s0@group-FC067630C08B-LeaderStateImpl] WARN  server.RaftServer$Division (LeaderStateImpl.java:checkLeadership(1052)) - s0@group-FC067630C08B-LeaderStateImpl: Lost leadership on term: 1. Election timeout: 2000ms. In charge for: 4028ms. Conf: 0: peers:[s0|rpc:0.0.0.0:45655|dataStream:|priority:2|startupRole:FOLLOWER, s1|rpc:0.0.0.0:38437|dataStream:|priority:1|startupRole:FOLLOWER, s2|rpc:0.0.0.0:45769|dataStream:|priority:1|startupRole:FOLLOWER]|listeners:[], old=null
2023-08-28 07:18:08,675 [s0@group-FC067630C08B-LeaderStateImpl] WARN  server.RaftServer$Division (LeaderStateImpl.java:lambda$checkLeadership$19(1056)) - Follower s0@group-FC067630C08B->s1(c0,m0,n1, caughtUp=true, lastRpcSendTime=2503, lastRpcResponseTime=3253)
2023-08-28 07:18:08,675 [s0@group-FC067630C08B-LeaderStateImpl] WARN  server.RaftServer$Division (LeaderStateImpl.java:lambda$checkLeadership$19(1056)) - Follower s0@group-FC067630C08B->s2(c0,m0,n1, caughtUp=true, lastRpcSendTime=2499, lastRpcResponseTime=3249)
2023-08-28 07:18:08,675 [s0@group-FC067630C08B-LeaderStateImpl] INFO  server.RaftServer$Division (RaftServerImpl.java:setRole(371)) - s0@group-FC067630C08B: changes role from    LEADER to FOLLOWER at term 1 for StepDownReason:LOST_MAJORITY_HEARTBEATS
2023-08-28 07:18:08,675 [s0@group-FC067630C08B-LeaderStateImpl] INFO  impl.RoleInfo (RoleInfo.java:shutdownLeaderState(92)) - s0: shutdown s0@group-FC067630C08B-LeaderStateImpl
2023-08-28 07:18:08,675 [s0@group-FC067630C08B-LeaderStateImpl] INFO  impl.PendingRequests (PendingRequests.java:sendNotLeaderResponses(289)) - s0@group-FC067630C08B-PendingRequests: sendNotLeaderResponses
2023-08-28 07:18:08,676 [s0@group-FC067630C08B-LeaderStateImpl] INFO  server.RaftServer$Division (ServerState.java:setLeader(260)) - s0@group-FC067630C08B: change Leader from s0 to null at term 1 for StepDownReason:LOST_MAJORITY_HEARTBEATS
2023-08-28 07:18:08,676 [s0@group-FC067630C08B->s1-LogAppenderDefault-LogAppenderDaemon] INFO  leader.LogAppenderDaemon (LogAppenderDaemon.java:run(85)) - s0@group-FC067630C08B->s1-LogAppenderDefault-LogAppenderDaemon I/O was interrupted: java.io.InterruptedIOException: s0->s1#450 sending from s1|rpc:0.0.0.0:38437|dataStream:|priority:1|startupRole:FOLLOWER is interrupted.
2023-08-28 07:18:08,676 [s0@group-FC067630C08B->s2-LogAppenderDefault-LogAppenderDaemon] INFO  leader.LogAppenderDaemon (LogAppenderDaemon.java:run(85)) - s0@group-FC067630C08B->s2-LogAppenderDefault-LogAppenderDaemon I/O was interrupted: java.io.InterruptedIOException: s0->s2#452 sending from s2|rpc:0.0.0.0:45769|dataStream:|priority:1|startupRole:FOLLOWER is interrupted.
2023-08-28 07:18:08,676 [s0@group-FC067630C08B-LeaderStateImpl] INFO  impl.RoleInfo (RoleInfo.java:updateAndGet(138)) - s0: start s0@group-FC067630C08B-FollowerState
2023-08-28 07:18:09,068 [Time-limited test] INFO  server.RaftServerConfigKeys (ConfUtils.java:logGet(46)) - raft.server.rpc.timeout.max = 2000ms (custom)
2023-08-28 07:18:09,068 [Time-limited test] INFO  ratis.RaftTestUtil (RaftTestUtil.java:waitForLeader(100)) - printing group-FC067630C08B
  s0:  RUNNING  FOLLOWER s0@group-FC067630C08B:t1, leader=null, voted=s0, raftlog=Memoized:s0@group-FC067630C08B-SegmentedRaftLog:OPENED:c0, conf=0: peers:[s0|rpc:0.0.0.0:45655|dataStream:|priority:2|startupRole:FOLLOWER, s1|rpc:0.0.0.0:38437|dataStream:|priority:1|startupRole:FOLLOWER, s2|rpc:0.0.0.0:45769|dataStream:|priority:1|startupRole:FOLLOWER]|listeners:[], old=null RUNNING
  s1:  RUNNING  FOLLOWER s1@group-FC067630C08B:t1, leader=s0, voted=s0, raftlog=Memoized:s1@group-FC067630C08B-SegmentedRaftLog:OPENED:c0, conf=0: peers:[s0|rpc:0.0.0.0:45655|dataStream:|priority:2|startupRole:FOLLOWER, s1|rpc:0.0.0.0:38437|dataStream:|priority:1|startupRole:FOLLOWER, s2|rpc:0.0.0.0:45769|dataStream:|priority:1|startupRole:FOLLOWER]|listeners:[], old=null RUNNING
  s2:  RUNNING CANDIDATE s2@group-FC067630C08B:t1, leader=null, voted=s0, raftlog=Memoized:s2@group-FC067630C08B-SegmentedRaftLog:OPENED:c0, conf=0: peers:[s0|rpc:0.0.0.0:45655|dataStream:|priority:2|startupRole:FOLLOWER, s1|rpc:0.0.0.0:38437|dataStream:|priority:1|startupRole:FOLLOWER, s2|rpc:0.0.0.0:45769|dataStream:|priority:1|startupRole:FOLLOWER]|listeners:[], old=null RUNNING
2023-08-28 07:18:09,069 [Time-limited test] WARN  ratis.RaftTestUtil (JavaUtils.java:attempt(217)) - FAILED "waitForLeader-group-FC067630C08B-(expectLeader? true)", attempt #1/100: java.lang.IllegalStateException: No leader yet  for group-FC067630C08B: printing group-FC067630C08B
  s0:  RUNNING  FOLLOWER s0@group-FC067630C08B:t1, leader=null, voted=s0, raftlog=Memoized:s0@group-FC067630C08B-SegmentedRaftLog:OPENED:c0, conf=0: peers:[s0|rpc:0.0.0.0:45655|dataStream:|priority:2|startupRole:FOLLOWER, s1|rpc:0.0.0.0:38437|dataStream:|priority:1|startupRole:FOLLOWER, s2|rpc:0.0.0.0:45769|dataStream:|priority:1|startupRole:FOLLOWER]|listeners:[], old=null RUNNING
  s1:  RUNNING  FOLLOWER s1@group-FC067630C08B:t1, leader=s0, voted=s0, raftlog=Memoized:s1@group-FC067630C08B-SegmentedRaftLog:OPENED:c0, conf=0: peers:[s0|rpc:0.0.0.0:45655|dataStream:|priority:2|startupRole:FOLLOWER, s1|rpc:0.0.0.0:38437|dataStream:|priority:1|startupRole:FOLLOWER, s2|rpc:0.0.0.0:45769|dataStream:|priority:1|startupRole:FOLLOWER]|listeners:[], old=null RUNNING
  s2:  RUNNING CANDIDATE s2@group-FC067630C08B:t1, leader=null, voted=s0, raftlog=Memoized:s2@group-FC067630C08B-SegmentedRaftLog:OPENED:c0, conf=0: peers:[s0|rpc:0.0.0.0:45655|dataStream:|priority:2|startupRole:FOLLOWER, s1|rpc:0.0.0.0:38437|dataStream:|priority:1|startupRole:FOLLOWER, s2|rpc:0.0.0.0:45769|dataStream:|priority:1|startupRole:FOLLOWER]|listeners:[], old=null RUNNING, sleep 3000ms and then retry.
java.lang.IllegalStateException: No leader yet  for group-FC067630C08B: printing group-FC067630C08B
  s0:  RUNNING  FOLLOWER s0@group-FC067630C08B:t1, leader=null, voted=s0, raftlog=Memoized:s0@group-FC067630C08B-SegmentedRaftLog:OPENED:c0, conf=0: peers:[s0|rpc:0.0.0.0:45655|dataStream:|priority:2|startupRole:FOLLOWER, s1|rpc:0.0.0.0:38437|dataStream:|priority:1|startupRole:FOLLOWER, s2|rpc:0.0.0.0:45769|dataStream:|priority:1|startupRole:FOLLOWER]|listeners:[], old=null RUNNING
  s1:  RUNNING  FOLLOWER s1@group-FC067630C08B:t1, leader=s0, voted=s0, raftlog=Memoized:s1@group-FC067630C08B-SegmentedRaftLog:OPENED:c0, conf=0: peers:[s0|rpc:0.0.0.0:45655|dataStream:|priority:2|startupRole:FOLLOWER, s1|rpc:0.0.0.0:38437|dataStream:|priority:1|startupRole:FOLLOWER, s2|rpc:0.0.0.0:45769|dataStream:|priority:1|startupRole:FOLLOWER]|listeners:[], old=null RUNNING
  s2:  RUNNING CANDIDATE s2@group-FC067630C08B:t1, leader=null, voted=s0, raftlog=Memoized:s2@group-FC067630C08B-SegmentedRaftLog:OPENED:c0, conf=0: peers:[s0|rpc:0.0.0.0:45655|dataStream:|priority:2|startupRole:FOLLOWER, s1|rpc:0.0.0.0:38437|dataStream:|priority:1|startupRole:FOLLOWER, s2|rpc:0.0.0.0:45769|dataStream:|priority:1|startupRole:FOLLOWER]|listeners:[], old=null RUNNING
	at org.apache.ratis.server.impl.MiniRaftCluster.newIllegalStateExceptionForNoLeaders(MiniRaftCluster.java:581)
	at org.apache.ratis.RaftTestUtil.lambda$waitForLeader$1(RaftTestUtil.java:104)
	at org.apache.ratis.server.impl.MiniRaftCluster.getLeader(MiniRaftCluster.java:615)
	at org.apache.ratis.server.impl.MiniRaftCluster.getLeader(MiniRaftCluster.java:608)
	at org.apache.ratis.RaftTestUtil.lambda$waitForLeader$3(RaftTestUtil.java:112)
	at org.apache.ratis.util.JavaUtils.attempt(JavaUtils.java:211)
	at org.apache.ratis.util.JavaUtils.attemptRepeatedly(JavaUtils.java:197)
	at org.apache.ratis.RaftTestUtil.waitForLeader(RaftTestUtil.java:111)
	at org.apache.ratis.RaftTestUtil.waitForLeader(RaftTestUtil.java:92)
	at org.apache.ratis.server.impl.GroupManagementBaseTest.lambda$testGroupWithPriority$2(GroupManagementBaseTest.java:130)
	at org.apache.ratis.util.function.CheckedRunnable.lambda$asCheckedSupplier$0(CheckedRunnable.java:32)
	at org.apache.ratis.util.JavaUtils.attempt(JavaUtils.java:211)
	at org.apache.ratis.util.JavaUtils.attemptRepeatedly(JavaUtils.java:197)
	at org.apache.ratis.util.JavaUtils.attempt(JavaUtils.java:231)
	at org.apache.ratis.server.impl.GroupManagementBaseTest.testGroupWithPriority(GroupManagementBaseTest.java:129)
	at java.base/jdk.internal.reflect.NativeMethodAccessorImpl.invoke0(Native Method)
	at java.base/jdk.internal.reflect.NativeMethodAccessorImpl.invoke(NativeMethodAccessorImpl.java:62)
	at java.base/jdk.internal.reflect.DelegatingMethodAccessorImpl.invoke(DelegatingMethodAccessorImpl.java:43)
	at java.base/java.lang.reflect.Method.invoke(Method.java:566)
	at org.junit.runners.model.FrameworkMethod$1.runReflectiveCall(FrameworkMethod.java:59)
	at org.junit.internal.runners.model.ReflectiveCallable.run(ReflectiveCallable.java:12)
	at org.junit.runners.model.FrameworkMethod.invokeExplosively(FrameworkMethod.java:56)
	at org.junit.internal.runners.statements.InvokeMethod.evaluate(InvokeMethod.java:17)
	at org.junit.internal.runners.statements.RunAfters.evaluate(RunAfters.java:27)
	at org.junit.internal.runners.statements.FailOnTimeout$CallableStatement.call(FailOnTimeout.java:299)
	at org.junit.internal.runners.statements.FailOnTimeout$CallableStatement.call(FailOnTimeout.java:293)
	at java.base/java.util.concurrent.FutureTask.run(FutureTask.java:264)
	at java.base/java.lang.Thread.run(Thread.java:829)
2023-08-28 07:18:09,905 [s1@group-FC067630C08B-FollowerState] INFO  impl.FollowerState (FollowerState.java:run(143)) - s1@group-FC067630C08B-FollowerState: change to CANDIDATE, lastRpcElapsedTime:1640181074ns, electionTimeout:1597ms
2023-08-28 07:18:09,905 [s1@group-FC067630C08B-FollowerState] INFO  impl.RoleInfo (RoleInfo.java:shutdownFollowerState(109)) - s1: shutdown s1@group-FC067630C08B-FollowerState
2023-08-28 07:18:09,905 [s1@group-FC067630C08B-FollowerState] INFO  server.RaftServer$Division (RaftServerImpl.java:setRole(371)) - s1@group-FC067630C08B: changes role from  FOLLOWER to CANDIDATE at term 1 for changeToCandidate
2023-08-28 07:18:09,905 [s1@group-FC067630C08B-FollowerState] INFO  server.RaftServerConfigKeys (ConfUtils.java:logGet(46)) - raft.server.leaderelection.pre-vote = true (default)
2023-08-28 07:18:09,905 [s1@group-FC067630C08B-FollowerState] INFO  impl.RoleInfo (RoleInfo.java:updateAndGet(138)) - s1: start s1@group-FC067630C08B-LeaderElection14
2023-08-28 07:18:09,906 [s1@group-FC067630C08B-LeaderElection14] INFO  server.RaftServer$Division (ServerState.java:setLeader(260)) - s1@group-FC067630C08B: change Leader from s0 to null at term 1 for PRE_VOTE
2023-08-28 07:18:09,906 [s1@group-FC067630C08B-LeaderElection14] INFO  impl.LeaderElection (LeaderElection.java:askForVotes(320)) - s1@group-FC067630C08B-LeaderElection14 PRE_VOTE round 0: submit vote requests at term 1 for 0: peers:[s0|rpc:0.0.0.0:45655|dataStream:|priority:2|startupRole:FOLLOWER, s1|rpc:0.0.0.0:38437|dataStream:|priority:1|startupRole:FOLLOWER, s2|rpc:0.0.0.0:45769|dataStream:|priority:1|startupRole:FOLLOWER]|listeners:[], old=null
2023-08-28 07:18:09,907 [nioEventLoopGroup-138-1] INFO  logging.LoggingHandler (AbstractInternalLogger.java:log(148)) - [id: 0x7f450946, L:/0.0.0.0:45655] READ: [id: 0xd7c5e54d, L:/10.1.0.28:45655 - R:/10.1.0.28:43322]
2023-08-28 07:18:09,907 [nioEventLoopGroup-142-1] INFO  logging.LoggingHandler (AbstractInternalLogger.java:log(148)) - [id: 0xb08e02d0, L:/0.0.0.0:45769] READ: [id: 0x43497425, L:/10.1.0.28:45769 - R:/10.1.0.28:53742]
2023-08-28 07:18:09,908 [nioEventLoopGroup-138-1] INFO  logging.LoggingHandler (AbstractInternalLogger.java:log(148)) - [id: 0x7f450946, L:/0.0.0.0:45655] READ COMPLETE
2023-08-28 07:18:09,909 [nioEventLoopGroup-139-3] INFO  util.CodeInjectionForTesting (BlockRequestHandlingInjection.java:execute(77)) - s0: Block request from s1
2023-08-28 07:18:09,909 [nioEventLoopGroup-142-1] INFO  logging.LoggingHandler (AbstractInternalLogger.java:log(148)) - [id: 0xb08e02d0, L:/0.0.0.0:45769] READ COMPLETE
2023-08-28 07:18:09,910 [nioEventLoopGroup-143-3] INFO  server.RaftServer$Division (RaftServerImpl.java:requestVote(1344)) - s2@group-FC067630C08B: receive requestVote(PRE_VOTE, s1, group-FC067630C08B, 1, (t:1, i:0))
2023-08-28 07:18:09,910 [nioEventLoopGroup-143-3] INFO  impl.VoteContext (VoteContext.java:log(49)) - s2@group-FC067630C08B-CANDIDATE: accept PRE_VOTE from s1: our priority 1 <= candidate's priority 1
2023-08-28 07:18:09,910 [nioEventLoopGroup-143-3] INFO  server.RaftServer$Division (RaftServerImpl.java:requestVote(1377)) - s2@group-FC067630C08B replies to PRE_VOTE vote request: s1<-s2#0:OK-t1. Peer's state: s2@group-FC067630C08B:t1, leader=null, voted=s0, raftlog=Memoized:s2@group-FC067630C08B-SegmentedRaftLog:OPENED:c0, conf=0: peers:[s0|rpc:0.0.0.0:45655|dataStream:|priority:2|startupRole:FOLLOWER, s1|rpc:0.0.0.0:38437|dataStream:|priority:1|startupRole:FOLLOWER, s2|rpc:0.0.0.0:45769|dataStream:|priority:1|startupRole:FOLLOWER]|listeners:[], old=null
2023-08-28 07:18:09,939 [s2@group-FC067630C08B-LeaderElection13] INFO  impl.LeaderElection (LeaderElection.java:logAndReturn(89)) - s2@group-FC067630C08B-LeaderElection13: PRE_VOTE PASSED received 1 response(s) and 0 exception(s):
2023-08-28 07:18:09,939 [s2@group-FC067630C08B-LeaderElection13] INFO  impl.LeaderElection (LeaderElection.java:logAndReturn(93)) -   Response 0: s2<-s1#0:OK-t1
2023-08-28 07:18:09,939 [s2@group-FC067630C08B-LeaderElection13] INFO  impl.LeaderElection (LeaderElection.java:askForVotes(322)) - s2@group-FC067630C08B-LeaderElection13 PRE_VOTE round 0: result PASSED
2023-08-28 07:18:09,941 [s2@group-FC067630C08B-LeaderElection13] INFO  impl.LeaderElection (LeaderElection.java:askForVotes(320)) - s2@group-FC067630C08B-LeaderElection13 ELECTION round 0: submit vote requests at term 2 for 0: peers:[s0|rpc:0.0.0.0:45655|dataStream:|priority:2|startupRole:FOLLOWER, s1|rpc:0.0.0.0:38437|dataStream:|priority:1|startupRole:FOLLOWER, s2|rpc:0.0.0.0:45769|dataStream:|priority:1|startupRole:FOLLOWER]|listeners:[], old=null
2023-08-28 07:18:09,941 [nioEventLoopGroup-141-2] INFO  server.RaftServer$Division (RaftServerImpl.java:requestVote(1344)) - s1@group-FC067630C08B: receive requestVote(ELECTION, s2, group-FC067630C08B, 2, (t:1, i:0))
2023-08-28 07:18:09,941 [nioEventLoopGroup-141-2] INFO  impl.VoteContext (VoteContext.java:log(49)) - s1@group-FC067630C08B-CANDIDATE: accept ELECTION from s2: our priority 1 <= candidate's priority 1
2023-08-28 07:18:09,941 [nioEventLoopGroup-141-2] INFO  server.RaftServer$Division (RaftServerImpl.java:setRole(371)) - s1@group-FC067630C08B: changes role from CANDIDATE to FOLLOWER at term 2 for candidate:s2
2023-08-28 07:18:09,942 [nioEventLoopGroup-141-2] INFO  impl.RoleInfo (RoleInfo.java:shutdownLeaderElection(129)) - s1: shutdown s1@group-FC067630C08B-LeaderElection14
2023-08-28 07:18:09,942 [nioEventLoopGroup-141-2] INFO  impl.RoleInfo (RoleInfo.java:updateAndGet(138)) - s1: start s1@group-FC067630C08B-FollowerState
2023-08-28 07:18:09,942 [nioEventLoopGroup-141-2] INFO  server.RaftServer$Division (RaftServerImpl.java:requestVote(1377)) - s1@group-FC067630C08B replies to ELECTION vote request: s2<-s1#0:OK-t2. Peer's state: s1@group-FC067630C08B:t2, leader=null, voted=s2, raftlog=Memoized:s1@group-FC067630C08B-SegmentedRaftLog:OPENED:c0, conf=0: peers:[s0|rpc:0.0.0.0:45655|dataStream:|priority:2|startupRole:FOLLOWER, s1|rpc:0.0.0.0:38437|dataStream:|priority:1|startupRole:FOLLOWER, s2|rpc:0.0.0.0:45769|dataStream:|priority:1|startupRole:FOLLOWER]|listeners:[], old=null
2023-08-28 07:18:10,389 [s0@group-FC067630C08B-FollowerState] INFO  impl.FollowerState (FollowerState.java:lostMajorityHeartbeatsRecently(108)) - s0@group-FC067630C08B-FollowerState: Skipping leader election since it stepped down recently (elapsed = 1713ms < waitTime = 10s)
2023-08-28 07:18:11,695 [s2@group-FC067630C08B-LeaderElection13] INFO  impl.LeaderElection (LeaderElection.java:logAndReturn(89)) - s2@group-FC067630C08B-LeaderElection13: ELECTION PASSED received 1 response(s) and 0 exception(s):
2023-08-28 07:18:11,695 [s2@group-FC067630C08B-LeaderElection13] INFO  impl.LeaderElection (LeaderElection.java:logAndReturn(93)) -   Response 0: s2<-s1#0:OK-t2
2023-08-28 07:18:11,695 [s2@group-FC067630C08B-LeaderElection13] INFO  impl.LeaderElection (LeaderElection.java:askForVotes(322)) - s2@group-FC067630C08B-LeaderElection13 ELECTION round 0: result PASSED
2023-08-28 07:18:11,695 [s2@group-FC067630C08B-LeaderElection13] INFO  impl.RoleInfo (RoleInfo.java:shutdownLeaderElection(129)) - s2: shutdown s2@group-FC067630C08B-LeaderElection13
2023-08-28 07:18:11,695 [s2@group-FC067630C08B-LeaderElection13] INFO  server.RaftServer$Division (RaftServerImpl.java:setRole(371)) - s2@group-FC067630C08B: changes role from CANDIDATE to LEADER at term 2 for changeToLeader
2023-08-28 07:18:11,695 [s2@group-FC067630C08B-LeaderElection13] INFO  server.RaftServerConfigKeys (ConfUtils.java:logGet(46)) - raft.server.staging.catchup.gap = 1000 (default)
2023-08-28 07:18:11,696 [s2@group-FC067630C08B-LeaderElection13] INFO  server.RaftServerConfigKeys (ConfUtils.java:logGet(46)) - raft.server.write.element-limit = 4096 (default)
2023-08-28 07:18:11,696 [s2@group-FC067630C08B-LeaderElection13] INFO  server.RaftServerConfigKeys (ConfUtils.java:logGet(46)) - raft.server.write.byte-limit = 64MB (=67108864) (default)
2023-08-28 07:18:11,696 [s2@group-FC067630C08B-LeaderElection13] INFO  server.RaftServerConfigKeys (ConfUtils.java:logGet(46)) - raft.server.watch.timeout = 10s (default)
2023-08-28 07:18:11,696 [s2@group-FC067630C08B-LeaderElection13] INFO  server.RaftServerConfigKeys (ConfUtils.java:logGet(46)) - raft.server.watch.timeout.denomination = 1s (default)
2023-08-28 07:18:11,696 [s2@group-FC067630C08B-LeaderElection13] INFO  server.RaftServerConfigKeys (ConfUtils.java:logGet(46)) - raft.server.watch.element-limit = 65536 (default)
2023-08-28 07:18:11,696 [s2@group-FC067630C08B-LeaderElection13] INFO  server.RaftServerConfigKeys (ConfUtils.java:logGet(46)) - raft.server.write.element-limit = 4096 (default)
2023-08-28 07:18:11,696 [s2@group-FC067630C08B-LeaderElection13] INFO  server.RaftServerConfigKeys (ConfUtils.java:logGet(46)) - raft.server.write.follower.gap.ratio.max = -1.0 (default)
2023-08-28 07:18:11,696 [s2@group-FC067630C08B-LeaderElection13] INFO  server.RaftServerConfigKeys (ConfUtils.java:logGet(46)) - raft.server.log.appender.snapshot.chunk.size.max = 16MB (=16777216) (default)
2023-08-28 07:18:11,696 [s2@group-FC067630C08B-LeaderElection13] INFO  server.RaftServerConfigKeys (ConfUtils.java:logGet(46)) - raft.server.log.appender.buffer.byte-limit = 4MB (=4194304) (default)
2023-08-28 07:18:11,696 [s2@group-FC067630C08B-LeaderElection13] INFO  server.RaftServerConfigKeys (ConfUtils.java:logGet(46)) - raft.server.log.appender.buffer.element-limit = 0 (default)
2023-08-28 07:18:11,696 [s2@group-FC067630C08B-LeaderElection13] INFO  server.RaftServerConfigKeys (ConfUtils.java:logGet(46)) - raft.server.log.appender.wait-time.min = 10ms (default)
2023-08-28 07:18:11,696 [s2@group-FC067630C08B-LeaderElection13] INFO  server.RaftServerConfigKeys (ConfUtils.java:logGet(46)) - raft.server.log.appender.snapshot.chunk.size.max = 16MB (=16777216) (default)
2023-08-28 07:18:11,696 [s2@group-FC067630C08B-LeaderElection13] INFO  server.RaftServerConfigKeys (ConfUtils.java:logGet(46)) - raft.server.log.appender.buffer.byte-limit = 4MB (=4194304) (default)
2023-08-28 07:18:11,696 [s2@group-FC067630C08B-LeaderElection13] INFO  server.RaftServerConfigKeys (ConfUtils.java:logGet(46)) - raft.server.log.appender.buffer.element-limit = 0 (default)
2023-08-28 07:18:11,696 [s2@group-FC067630C08B-LeaderElection13] INFO  server.RaftServerConfigKeys (ConfUtils.java:logGet(46)) - raft.server.log.appender.wait-time.min = 10ms (default)
2023-08-28 07:18:11,696 [s2@group-FC067630C08B-LeaderElection13] INFO  impl.RoleInfo (RoleInfo.java:updateAndGet(138)) - s2: start s2@group-FC067630C08B-LeaderStateImpl
2023-08-28 07:18:11,696 [s2@group-FC067630C08B-LeaderElection13] INFO  server.RaftServer$Division (ServerState.java:setLeader(260)) - s2@group-FC067630C08B: change Leader from null to s2 at term 2 for becomeLeader, leader elected after 3433ms
2023-08-28 07:18:11,697 [s2@group-FC067630C08B-LeaderElection13] INFO  segmented.SegmentedRaftLogWorker (SegmentedRaftLogWorker.java:rollLogSegment(432)) - s2@group-FC067630C08B-SegmentedRaftLogWorker: Rolling segment log-0_0 to index:0
2023-08-28 07:18:11,697 [s2@group-FC067630C08B-LeaderElection13] INFO  server.RaftServer$Division (ServerState.java:setRaftConf(377)) - s2@group-FC067630C08B: set configuration 1: peers:[s0|rpc:0.0.0.0:45655|dataStream:|priority:2|startupRole:FOLLOWER, s1|rpc:0.0.0.0:38437|dataStream:|priority:1|startupRole:FOLLOWER, s2|rpc:0.0.0.0:45769|dataStream:|priority:1|startupRole:FOLLOWER]|listeners:[], old=null
2023-08-28 07:18:11,698 [s2@group-FC067630C08B-SegmentedRaftLogWorker] TRACE util.FileUtils (LogUtils.java:runAndLog(49)) - Successfully ran Atomic Files.move /home/runner/work/ratis/ratis/ratis-test/target/test/data/c5bbf9cd/MiniRaftClusterWithNetty2c80e70f/s2/9e315ce9-0090-40c8-ac12-fc067630c08b/current/log_inprogress_0 to /home/runner/work/ratis/ratis/ratis-test/target/test/data/c5bbf9cd/MiniRaftClusterWithNetty2c80e70f/s2/9e315ce9-0090-40c8-ac12-fc067630c08b/current/log_0-0
2023-08-28 07:18:11,698 [s2@group-FC067630C08B-SegmentedRaftLogWorker] INFO  segmented.SegmentedRaftLogWorker (SegmentedRaftLogWorker.java:execute(588)) - s2@group-FC067630C08B-SegmentedRaftLogWorker: Rolled log segment from /home/runner/work/ratis/ratis/ratis-test/target/test/data/c5bbf9cd/MiniRaftClusterWithNetty2c80e70f/s2/9e315ce9-0090-40c8-ac12-fc067630c08b/current/log_inprogress_0 to /home/runner/work/ratis/ratis/ratis-test/target/test/data/c5bbf9cd/MiniRaftClusterWithNetty2c80e70f/s2/9e315ce9-0090-40c8-ac12-fc067630c08b/current/log_0-0
2023-08-28 07:18:11,698 [nioEventLoopGroup-141-2] INFO  server.RaftServer$Division (ServerState.java:setLeader(260)) - s1@group-FC067630C08B: change Leader from null to s2 at term 2 for appendEntries, leader elected after 1792ms
2023-08-28 07:18:11,699 [nioEventLoopGroup-141-2] DEBUG server.RaftServer$Division (RaftServerImpl.java:logAppendEntries(1471)) - s1@group-FC067630C08B: receive appendEntries(s2, 2, (t:1, i:0), 0, true, commits:[s2:c0, s0:c0, s1:c0], cId:457, entries: [(t:2, i:1), CONFIGURATIONENTRY(current:id: "s0"
address: "0.0.0.0:45655"
priority: 2
clientAddress: "0.0.0.0:45655"
adminAddress: "0.0.0.0:45655"
startupRole: FOLLOWER
,id: "s1"
address: "0.0.0.0:38437"
priority: 1
clientAddress: "0.0.0.0:38437"
adminAddress: "0.0.0.0:38437"
startupRole: FOLLOWER
,id: "s2"
address: "0.0.0.0:45769"
priority: 1
clientAddress: "0.0.0.0:45769"
adminAddress: "0.0.0.0:45769"
startupRole: FOLLOWER
, old:)]
2023-08-28 07:18:11,700 [nioEventLoopGroup-141-2] INFO  server.RaftServer$Division (ServerState.java:setRaftConf(377)) - s1@group-FC067630C08B: set configuration 1: peers:[s0|rpc:0.0.0.0:45655|dataStream:|priority:2|startupRole:FOLLOWER, s1|rpc:0.0.0.0:38437|dataStream:|priority:1|startupRole:FOLLOWER, s2|rpc:0.0.0.0:45769|dataStream:|priority:1|startupRole:FOLLOWER]|listeners:[], old=null
2023-08-28 07:18:11,700 [nioEventLoopGroup-141-2] INFO  segmented.SegmentedRaftLogWorker (SegmentedRaftLogWorker.java:rollLogSegment(432)) - s1@group-FC067630C08B-SegmentedRaftLogWorker: Rolling segment log-0_0 to index:0
2023-08-28 07:18:11,701 [s1@group-FC067630C08B-SegmentedRaftLogWorker] TRACE util.FileUtils (LogUtils.java:runAndLog(49)) - Successfully ran Atomic Files.move /home/runner/work/ratis/ratis/ratis-test/target/test/data/c5bbf9cd/MiniRaftClusterWithNetty2c80e70f/s1/9e315ce9-0090-40c8-ac12-fc067630c08b/current/log_inprogress_0 to /home/runner/work/ratis/ratis/ratis-test/target/test/data/c5bbf9cd/MiniRaftClusterWithNetty2c80e70f/s1/9e315ce9-0090-40c8-ac12-fc067630c08b/current/log_0-0
2023-08-28 07:18:11,701 [s1@group-FC067630C08B-SegmentedRaftLogWorker] INFO  segmented.SegmentedRaftLogWorker (SegmentedRaftLogWorker.java:execute(588)) - s1@group-FC067630C08B-SegmentedRaftLogWorker: Rolled log segment from /home/runner/work/ratis/ratis/ratis-test/target/test/data/c5bbf9cd/MiniRaftClusterWithNetty2c80e70f/s1/9e315ce9-0090-40c8-ac12-fc067630c08b/current/log_inprogress_0 to /home/runner/work/ratis/ratis/ratis-test/target/test/data/c5bbf9cd/MiniRaftClusterWithNetty2c80e70f/s1/9e315ce9-0090-40c8-ac12-fc067630c08b/current/log_0-0
2023-08-28 07:18:11,713 [s1@group-FC067630C08B-SegmentedRaftLogWorker] INFO  segmented.SegmentedRaftLogWorker (SegmentedRaftLogWorker.java:execute(631)) - s1@group-FC067630C08B-SegmentedRaftLogWorker: created new log segment /home/runner/work/ratis/ratis/ratis-test/target/test/data/c5bbf9cd/MiniRaftClusterWithNetty2c80e70f/s1/9e315ce9-0090-40c8-ac12-fc067630c08b/current/log_inprogress_1
2023-08-28 07:18:11,713 [s1-server-thread1] DEBUG server.RaftServer$Division (RaftServerImpl.java:logAppendEntries(1471)) - s1@group-FC067630C08B: succeeded to handle AppendEntries. Reply: s2<-s1#457:OK-t2,SUCCESS,nextIndex=2,followerCommit=0,matchIndex=1
2023-08-28 07:18:11,713 [s2@group-FC067630C08B-SegmentedRaftLogWorker] INFO  segmented.SegmentedRaftLogWorker (SegmentedRaftLogWorker.java:execute(631)) - s2@group-FC067630C08B-SegmentedRaftLogWorker: created new log segment /home/runner/work/ratis/ratis/ratis-test/target/test/data/c5bbf9cd/MiniRaftClusterWithNetty2c80e70f/s2/9e315ce9-0090-40c8-ac12-fc067630c08b/current/log_inprogress_1
2023-08-28 07:18:11,716 [nioEventLoopGroup-141-2] DEBUG server.RaftServer$Division (RaftServerImpl.java:logAppendEntries(1471)) - s1@group-FC067630C08B: receive appendEntries(s2, 2, (t:2, i:1), 1, true, commits:[s2:c1, s0:c0, s1:c0], cId:458, entries: [(t:2, i:2), METADATAENTRY(c:1)]
2023-08-28 07:18:11,717 [s1-server-thread1] DEBUG server.RaftServer$Division (RaftServerImpl.java:logAppendEntries(1471)) - s1@group-FC067630C08B: succeeded to handle AppendEntries. Reply: s2<-s1#458:OK-t2,SUCCESS,nextIndex=3,followerCommit=1,matchIndex=2
2023-08-28 07:18:11,855 [s1@group-FC067630C08B-LeaderElection14] INFO  impl.LeaderElection (LeaderElection.java:logAndReturn(89)) - s1@group-FC067630C08B-LeaderElection14: PRE_VOTE PASSED received 1 response(s) and 0 exception(s):
2023-08-28 07:18:11,855 [s1@group-FC067630C08B-LeaderElection14] INFO  impl.LeaderElection (LeaderElection.java:logAndReturn(93)) -   Response 0: s1<-s2#0:OK-t1
2023-08-28 07:18:11,855 [s1@group-FC067630C08B-LeaderElection14] INFO  impl.LeaderElection (LeaderElection.java:askForVotes(322)) - s1@group-FC067630C08B-LeaderElection14 PRE_VOTE round 0: result PASSED
2023-08-28 07:18:11,997 [Timer-6] INFO  impl.MiniRaftCluster (MiniRaftCluster.java:lambda$start$6(349)) - TIMED-PRINT: printing ALL groups
  s0:  RUNNING  FOLLOWER s0@group-FC067630C08B:t1, leader=null, voted=s0, raftlog=Memoized:s0@group-FC067630C08B-SegmentedRaftLog:OPENED:c0, conf=0: peers:[s0|rpc:0.0.0.0:45655|dataStream:|priority:2|startupRole:FOLLOWER, s1|rpc:0.0.0.0:38437|dataStream:|priority:1|startupRole:FOLLOWER, s2|rpc:0.0.0.0:45769|dataStream:|priority:1|startupRole:FOLLOWER]|listeners:[], old=null RUNNING
  s1:  RUNNING  FOLLOWER s1@group-FC067630C08B:t2, leader=s2, voted=s2, raftlog=Memoized:s1@group-FC067630C08B-SegmentedRaftLog:OPENED:c1, conf=1: peers:[s0|rpc:0.0.0.0:45655|dataStream:|priority:2|startupRole:FOLLOWER, s1|rpc:0.0.0.0:38437|dataStream:|priority:1|startupRole:FOLLOWER, s2|rpc:0.0.0.0:45769|dataStream:|priority:1|startupRole:FOLLOWER]|listeners:[], old=null RUNNING
  s2:  RUNNING    LEADER s2@group-FC067630C08B:t2, leader=s2, voted=s2, raftlog=Memoized:s2@group-FC067630C08B-SegmentedRaftLog:OPENED:c2, conf=1: peers:[s0|rpc:0.0.0.0:45655|dataStream:|priority:2|startupRole:FOLLOWER, s1|rpc:0.0.0.0:38437|dataStream:|priority:1|startupRole:FOLLOWER, s2|rpc:0.0.0.0:45769|dataStream:|priority:1|startupRole:FOLLOWER]|listeners:[], old=null RUNNING
2023-08-28 07:18:12,069 [Time-limited test] INFO  ratis.RaftTestUtil (RaftTestUtil.java:waitForLeader(119)) - printing group-FC067630C08B
  s0:  RUNNING  FOLLOWER s0@group-FC067630C08B:t1, leader=null, voted=s0, raftlog=Memoized:s0@group-FC067630C08B-SegmentedRaftLog:OPENED:c0, conf=0: peers:[s0|rpc:0.0.0.0:45655|dataStream:|priority:2|startupRole:FOLLOWER, s1|rpc:0.0.0.0:38437|dataStream:|priority:1|startupRole:FOLLOWER, s2|rpc:0.0.0.0:45769|dataStream:|priority:1|startupRole:FOLLOWER]|listeners:[], old=null RUNNING
  s1:  RUNNING  FOLLOWER s1@group-FC067630C08B:t2, leader=s2, voted=s2, raftlog=Memoized:s1@group-FC067630C08B-SegmentedRaftLog:OPENED:c1, conf=1: peers:[s0|rpc:0.0.0.0:45655|dataStream:|priority:2|startupRole:FOLLOWER, s1|rpc:0.0.0.0:38437|dataStream:|priority:1|startupRole:FOLLOWER, s2|rpc:0.0.0.0:45769|dataStream:|priority:1|startupRole:FOLLOWER]|listeners:[], old=null RUNNING
  s2:  RUNNING    LEADER s2@group-FC067630C08B:t2, leader=s2, voted=s2, raftlog=Memoized:s2@group-FC067630C08B-SegmentedRaftLog:OPENED:c2, conf=1: peers:[s0|rpc:0.0.0.0:45655|dataStream:|priority:2|startupRole:FOLLOWER, s1|rpc:0.0.0.0:38437|dataStream:|priority:1|startupRole:FOLLOWER, s2|rpc:0.0.0.0:45769|dataStream:|priority:1|startupRole:FOLLOWER]|listeners:[], old=null RUNNING
2023-08-28 07:18:12,069 [Time-limited test] DEBUG client.RaftClient (ConfUtils.java:logGet(46)) - raft.rpc.type = NETTY (custom)
2023-08-28 07:18:12,072 [nioEventLoopGroup-138-1] INFO  logging.LoggingHandler (AbstractInternalLogger.java:log(148)) - [id: 0x7f450946, L:/0.0.0.0:45655] READ: [id: 0x18d64773, L:/10.1.0.28:45655 - R:/10.1.0.28:43324]
2023-08-28 07:18:12,074 [nioEventLoopGroup-138-1] INFO  logging.LoggingHandler (AbstractInternalLogger.java:log(148)) - [id: 0x7f450946, L:/0.0.0.0:45655] READ COMPLETE
2023-08-28 07:18:12,078 [nioEventLoopGroup-139-4] DEBUG server.RaftServer$Division (RaftServerImpl.java:submitClientRequestAsync(880)) - s0@group-FC067630C08B: receive client request(RaftClientRequest:client-BE1F9472AE6D->s0@group-FC067630C08B, cid=459, seq=0, RW, Message:6d30)
2023-08-28 07:18:12,081 [Time-limited test] DEBUG client.RaftClient (RaftClientImpl.java:handleIOException(366)) - client-BE1F9472AE6D: suggested new leader: null. Failed RaftClientRequest:client-BE1F9472AE6D->s0@group-FC067630C08B, cid=459, seq=0, RW, m0 with {}
org.apache.ratis.protocol.exceptions.NotLeaderException: Server s0@group-FC067630C08B is not the leader
	at org.apache.ratis.client.impl.ClientProtoUtils.toRaftClientReply(ClientProtoUtils.java:431)
	at org.apache.ratis.netty.client.NettyClientRpc.sendRequest(NettyClientRpc.java:94)
	at org.apache.ratis.client.impl.BlockingImpl.sendRequest(BlockingImpl.java:139)
	at org.apache.ratis.client.impl.BlockingImpl.sendRequestWithRetry(BlockingImpl.java:104)
	at org.apache.ratis.client.impl.BlockingImpl.send(BlockingImpl.java:90)
	at org.apache.ratis.client.impl.BlockingImpl.send(BlockingImpl.java:59)
	at org.apache.ratis.server.impl.GroupManagementBaseTest.testGroupWithPriority(GroupManagementBaseTest.java:138)
	at java.base/jdk.internal.reflect.NativeMethodAccessorImpl.invoke0(Native Method)
	at java.base/jdk.internal.reflect.NativeMethodAccessorImpl.invoke(NativeMethodAccessorImpl.java:62)
	at java.base/jdk.internal.reflect.DelegatingMethodAccessorImpl.invoke(DelegatingMethodAccessorImpl.java:43)
	at java.base/java.lang.reflect.Method.invoke(Method.java:566)
	at org.junit.runners.model.FrameworkMethod$1.runReflectiveCall(FrameworkMethod.java:59)
	at org.junit.internal.runners.model.ReflectiveCallable.run(ReflectiveCallable.java:12)
	at org.junit.runners.model.FrameworkMethod.invokeExplosively(FrameworkMethod.java:56)
	at org.junit.internal.runners.statements.InvokeMethod.evaluate(InvokeMethod.java:17)
	at org.junit.internal.runners.statements.RunAfters.evaluate(RunAfters.java:27)
	at org.junit.internal.runners.statements.FailOnTimeout$CallableStatement.call(FailOnTimeout.java:299)
	at org.junit.internal.runners.statements.FailOnTimeout$CallableStatement.call(FailOnTimeout.java:293)
	at java.base/java.util.concurrent.FutureTask.run(FutureTask.java:264)
	at java.base/java.lang.Thread.run(Thread.java:829)
2023-08-28 07:18:12,081 [Time-limited test] DEBUG client.RaftClient (RaftClientImpl.java:handleIOException(385)) - client-BE1F9472AE6D: oldLeader=s0,  curLeader=s0, newLeader=s2
2023-08-28 07:18:12,081 [Time-limited test] DEBUG client.RaftClient (RaftClientImpl.java:handleIOException(391)) - group-FC067630C08B client-BE1F9472AE6D: client change Leader from s0 to s2 ex=org.apache.ratis.protocol.exceptions.NotLeaderException
2023-08-28 07:18:12,183 [nioEventLoopGroup-142-1] INFO  logging.LoggingHandler (AbstractInternalLogger.java:log(148)) - [id: 0xb08e02d0, L:/0.0.0.0:45769] READ: [id: 0xdbd6849a, L:/10.1.0.28:45769 - R:/10.1.0.28:53746]
2023-08-28 07:18:12,183 [nioEventLoopGroup-142-1] INFO  logging.LoggingHandler (AbstractInternalLogger.java:log(148)) - [id: 0xb08e02d0, L:/0.0.0.0:45769] READ COMPLETE
2023-08-28 07:18:12,185 [nioEventLoopGroup-143-4] DEBUG server.RaftServer$Division (RaftServerImpl.java:submitClientRequestAsync(880)) - s2@group-FC067630C08B: receive client request(RaftClientRequest:client-BE1F9472AE6D->s2@group-FC067630C08B, cid=459, seq=0, RW, Message:6d30)
2023-08-28 07:18:12,197 [nioEventLoopGroup-143-4] DEBUG server.RaftServer$Division (LeaderStateImpl.java:addPendingRequest(484)) - s2@group-FC067630C08B-LeaderStateImpl: addPendingRequest at RaftClientRequest:client-BE1F9472AE6D->s2@group-FC067630C08B, cid=459, seq=0, RW, Message:6d30, entry=(t:2, i:3), STATEMACHINELOGENTRY, 459@client-BE1F9472AE6D
2023-08-28 07:18:12,198 [nioEventLoopGroup-141-2] DEBUG server.RaftServer$Division (RaftServerImpl.java:logAppendEntries(1471)) - s1@group-FC067630C08B: receive appendEntries(s2, 2, (t:2, i:2), 2, true, commits:[s2:c2, s0:c0, s1:c1], cId:460, entries: [(t:2, i:3), STATEMACHINELOGENTRY, 459@client-BE1F9472AE6D]
2023-08-28 07:18:12,198 [s1-server-thread1] DEBUG server.RaftServer$Division (RaftServerImpl.java:logAppendEntries(1471)) - s1@group-FC067630C08B: succeeded to handle AppendEntries. Reply: s2<-s1#460:OK-t2,SUCCESS,nextIndex=4,followerCommit=2,matchIndex=3
2023-08-28 07:18:12,200 [nioEventLoopGroup-141-2] DEBUG server.RaftServer$Division (RaftServerImpl.java:logAppendEntries(1471)) - s1@group-FC067630C08B: receive appendEntries(s2, 2, (t:2, i:3), 3, true, commits:[s2:c3, s0:c0, s1:c2], cId:461, entries: [(t:2, i:4), METADATAENTRY(c:3)]
2023-08-28 07:18:12,201 [s2@group-FC067630C08B-StateMachineUpdater] WARN  server.RaftServer$Division (RaftServerImpl.java:replyPendingRequest(1770)) -    LEADER s2@group-FC067630C08B:t2, leader=s2, voted=s2, raftlog=Memoized:s2@group-FC067630C08B-SegmentedRaftLog:OPENED:c3, conf=1: peers:[s0|rpc:0.0.0.0:45655|dataStream:|priority:2|startupRole:FOLLOWER, s1|rpc:0.0.0.0:38437|dataStream:|priority:1|startupRole:FOLLOWER, s2|rpc:0.0.0.0:45769|dataStream:|priority:1|startupRole:FOLLOWER]|listeners:[], old=null RUNNING retry cache entry of leader should be pending: 459@client-BE1F9472AE6D:pending
2023-08-28 07:18:12,202 [s1-server-thread1] DEBUG server.RaftServer$Division (RaftServerImpl.java:logAppendEntries(1471)) - s1@group-FC067630C08B: succeeded to handle AppendEntries. Reply: s2<-s1#461:OK-t2,SUCCESS,nextIndex=5,followerCommit=3,matchIndex=4
2023-08-28 07:18:12,204 [nioEventLoopGroup-143-4] DEBUG server.RaftServer$Division (RaftServerImpl.java:submitClientRequestAsync(880)) - s2@group-FC067630C08B: receive client request(RaftClientRequest:client-BE1F9472AE6D->s2@group-FC067630C08B, cid=462, seq=0, RW, Message:6d31)
2023-08-28 07:18:12,205 [nioEventLoopGroup-143-4] DEBUG server.RaftServer$Division (LeaderStateImpl.java:addPendingRequest(484)) - s2@group-FC067630C08B-LeaderStateImpl: addPendingRequest at RaftClientRequest:client-BE1F9472AE6D->s2@group-FC067630C08B, cid=462, seq=0, RW, Message:6d31, entry=(t:2, i:5), STATEMACHINELOGENTRY, 462@client-BE1F9472AE6D
2023-08-28 07:18:12,205 [nioEventLoopGroup-141-2] DEBUG server.RaftServer$Division (RaftServerImpl.java:logAppendEntries(1471)) - s1@group-FC067630C08B: receive appendEntries(s2, 2, (t:2, i:4), 4, true, commits:[s2:c4, s0:c0, s1:c3], cId:463, entries: [(t:2, i:5), STATEMACHINELOGENTRY, 462@client-BE1F9472AE6D]
2023-08-28 07:18:12,206 [s1-server-thread1] DEBUG server.RaftServer$Division (RaftServerImpl.java:logAppendEntries(1471)) - s1@group-FC067630C08B: succeeded to handle AppendEntries. Reply: s2<-s1#463:OK-t2,SUCCESS,nextIndex=6,followerCommit=4,matchIndex=5
2023-08-28 07:18:12,207 [nioEventLoopGroup-141-2] DEBUG server.RaftServer$Division (RaftServerImpl.java:logAppendEntries(1471)) - s1@group-FC067630C08B: receive appendEntries(s2, 2, (t:2, i:5), 5, true, commits:[s2:c5, s0:c0, s1:c4], cId:464, entries: [(t:2, i:6), METADATAENTRY(c:5)]
2023-08-28 07:18:12,207 [s2@group-FC067630C08B-StateMachineUpdater] WARN  server.RaftServer$Division (RaftServerImpl.java:replyPendingRequest(1770)) -    LEADER s2@group-FC067630C08B:t2, leader=s2, voted=s2, raftlog=Memoized:s2@group-FC067630C08B-SegmentedRaftLog:OPENED:c5, conf=1: peers:[s0|rpc:0.0.0.0:45655|dataStream:|priority:2|startupRole:FOLLOWER, s1|rpc:0.0.0.0:38437|dataStream:|priority:1|startupRole:FOLLOWER, s2|rpc:0.0.0.0:45769|dataStream:|priority:1|startupRole:FOLLOWER]|listeners:[], old=null RUNNING retry cache entry of leader should be pending: 462@client-BE1F9472AE6D:pending
2023-08-28 07:18:12,208 [s1-server-thread1] DEBUG server.RaftServer$Division (RaftServerImpl.java:logAppendEntries(1471)) - s1@group-FC067630C08B: succeeded to handle AppendEntries. Reply: s2<-s1#464:OK-t2,SUCCESS,nextIndex=7,followerCommit=5,matchIndex=6
2023-08-28 07:18:12,209 [nioEventLoopGroup-143-4] DEBUG server.RaftServer$Division (RaftServerImpl.java:submitClientRequestAsync(880)) - s2@group-FC067630C08B: receive client request(RaftClientRequest:client-BE1F9472AE6D->s2@group-FC067630C08B, cid=465, seq=0, RW, Message:6d32)
2023-08-28 07:18:12,209 [nioEventLoopGroup-143-4] DEBUG server.RaftServer$Division (LeaderStateImpl.java:addPendingRequest(484)) - s2@group-FC067630C08B-LeaderStateImpl: addPendingRequest at RaftClientRequest:client-BE1F9472AE6D->s2@group-FC067630C08B, cid=465, seq=0, RW, Message:6d32, entry=(t:2, i:7), STATEMACHINELOGENTRY, 465@client-BE1F9472AE6D
2023-08-28 07:18:12,210 [nioEventLoopGroup-141-2] DEBUG server.RaftServer$Division (RaftServerImpl.java:logAppendEntries(1471)) - s1@group-FC067630C08B: receive appendEntries(s2, 2, (t:2, i:6), 6, true, commits:[s2:c6, s0:c0, s1:c5], cId:466, entries: [(t:2, i:7), STATEMACHINELOGENTRY, 465@client-BE1F9472AE6D]
2023-08-28 07:18:12,210 [s1-server-thread1] DEBUG server.RaftServer$Division (RaftServerImpl.java:logAppendEntries(1471)) - s1@group-FC067630C08B: succeeded to handle AppendEntries. Reply: s2<-s1#466:OK-t2,SUCCESS,nextIndex=8,followerCommit=6,matchIndex=7
2023-08-28 07:18:12,211 [s2@group-FC067630C08B-StateMachineUpdater] WARN  server.RaftServer$Division (RaftServerImpl.java:replyPendingRequest(1770)) -    LEADER s2@group-FC067630C08B:t2, leader=s2, voted=s2, raftlog=Memoized:s2@group-FC067630C08B-SegmentedRaftLog:OPENED:c7, conf=1: peers:[s0|rpc:0.0.0.0:45655|dataStream:|priority:2|startupRole:FOLLOWER, s1|rpc:0.0.0.0:38437|dataStream:|priority:1|startupRole:FOLLOWER, s2|rpc:0.0.0.0:45769|dataStream:|priority:1|startupRole:FOLLOWER]|listeners:[], old=null RUNNING retry cache entry of leader should be pending: 465@client-BE1F9472AE6D:pending
2023-08-28 07:18:12,212 [nioEventLoopGroup-141-2] DEBUG server.RaftServer$Division (RaftServerImpl.java:logAppendEntries(1471)) - s1@group-FC067630C08B: receive appendEntries(s2, 2, (t:2, i:7), 7, true, commits:[s2:c7, s0:c0, s1:c6], cId:467, entries: [(t:2, i:8), METADATAENTRY(c:7)]
2023-08-28 07:18:12,212 [nioEventLoopGroup-143-4] DEBUG server.RaftServer$Division (RaftServerImpl.java:submitClientRequestAsync(880)) - s2@group-FC067630C08B: receive client request(RaftClientRequest:client-BE1F9472AE6D->s2@group-FC067630C08B, cid=468, seq=0, RW, Message:6d33)
2023-08-28 07:18:12,212 [nioEventLoopGroup-143-4] DEBUG server.RaftServer$Division (LeaderStateImpl.java:addPendingRequest(484)) - s2@group-FC067630C08B-LeaderStateImpl: addPendingRequest at RaftClientRequest:client-BE1F9472AE6D->s2@group-FC067630C08B, cid=468, seq=0, RW, Message:6d33, entry=(t:2, i:9), STATEMACHINELOGENTRY, 468@client-BE1F9472AE6D
2023-08-28 07:18:12,212 [s1-server-thread1] DEBUG server.RaftServer$Division (RaftServerImpl.java:logAppendEntries(1471)) - s1@group-FC067630C08B: succeeded to handle AppendEntries. Reply: s2<-s1#467:OK-t2,SUCCESS,nextIndex=9,followerCommit=7,matchIndex=8
2023-08-28 07:18:12,213 [nioEventLoopGroup-141-2] DEBUG server.RaftServer$Division (RaftServerImpl.java:logAppendEntries(1471)) - s1@group-FC067630C08B: receive appendEntries(s2, 2, (t:2, i:8), 7, true, commits:[s2:c7, s0:c0, s1:c7], cId:469, entries: [(t:2, i:9), STATEMACHINELOGENTRY, 468@client-BE1F9472AE6D]
2023-08-28 07:18:12,214 [s1-server-thread1] DEBUG server.RaftServer$Division (RaftServerImpl.java:logAppendEntries(1471)) - s1@group-FC067630C08B: succeeded to handle AppendEntries. Reply: s2<-s1#469:OK-t2,SUCCESS,nextIndex=10,followerCommit=7,matchIndex=9
2023-08-28 07:18:12,214 [s2@group-FC067630C08B-StateMachineUpdater] WARN  server.RaftServer$Division (RaftServerImpl.java:replyPendingRequest(1770)) -    LEADER s2@group-FC067630C08B:t2, leader=s2, voted=s2, raftlog=Memoized:s2@group-FC067630C08B-SegmentedRaftLog:OPENED:c9, conf=1: peers:[s0|rpc:0.0.0.0:45655|dataStream:|priority:2|startupRole:FOLLOWER, s1|rpc:0.0.0.0:38437|dataStream:|priority:1|startupRole:FOLLOWER, s2|rpc:0.0.0.0:45769|dataStream:|priority:1|startupRole:FOLLOWER]|listeners:[], old=null RUNNING retry cache entry of leader should be pending: 468@client-BE1F9472AE6D:pending
2023-08-28 07:18:12,214 [nioEventLoopGroup-141-2] DEBUG server.RaftServer$Division (RaftServerImpl.java:logAppendEntries(1471)) - s1@group-FC067630C08B: receive appendEntries(s2, 2, (t:2, i:9), 9, true, commits:[s2:c9, s0:c0, s1:c7], cId:470, entries: [(t:2, i:10), METADATAENTRY(c:9)]
2023-08-28 07:18:12,215 [nioEventLoopGroup-143-4] DEBUG server.RaftServer$Division (RaftServerImpl.java:submitClientRequestAsync(880)) - s2@group-FC067630C08B: receive client request(RaftClientRequest:client-BE1F9472AE6D->s2@group-FC067630C08B, cid=471, seq=0, RW, Message:6d34)
2023-08-28 07:18:12,215 [nioEventLoopGroup-143-4] DEBUG server.RaftServer$Division (LeaderStateImpl.java:addPendingRequest(484)) - s2@group-FC067630C08B-LeaderStateImpl: addPendingRequest at RaftClientRequest:client-BE1F9472AE6D->s2@group-FC067630C08B, cid=471, seq=0, RW, Message:6d34, entry=(t:2, i:11), STATEMACHINELOGENTRY, 471@client-BE1F9472AE6D
2023-08-28 07:18:12,215 [s1-server-thread1] DEBUG server.RaftServer$Division (RaftServerImpl.java:logAppendEntries(1471)) - s1@group-FC067630C08B: succeeded to handle AppendEntries. Reply: s2<-s1#470:OK-t2,SUCCESS,nextIndex=11,followerCommit=9,matchIndex=10
2023-08-28 07:18:12,216 [nioEventLoopGroup-141-2] DEBUG server.RaftServer$Division (RaftServerImpl.java:logAppendEntries(1471)) - s1@group-FC067630C08B: receive appendEntries(s2, 2, (t:2, i:10), 10, true, commits:[s2:c10, s0:c0, s1:c9], cId:472, entries: [(t:2, i:11), STATEMACHINELOGENTRY, 471@client-BE1F9472AE6D]
2023-08-28 07:18:12,216 [s1-server-thread1] DEBUG server.RaftServer$Division (RaftServerImpl.java:logAppendEntries(1471)) - s1@group-FC067630C08B: succeeded to handle AppendEntries. Reply: s2<-s1#472:OK-t2,SUCCESS,nextIndex=12,followerCommit=10,matchIndex=11
2023-08-28 07:18:12,217 [s2@group-FC067630C08B-StateMachineUpdater] WARN  server.RaftServer$Division (RaftServerImpl.java:replyPendingRequest(1770)) -    LEADER s2@group-FC067630C08B:t2, leader=s2, voted=s2, raftlog=Memoized:s2@group-FC067630C08B-SegmentedRaftLog:OPENED:c11, conf=1: peers:[s0|rpc:0.0.0.0:45655|dataStream:|priority:2|startupRole:FOLLOWER, s1|rpc:0.0.0.0:38437|dataStream:|priority:1|startupRole:FOLLOWER, s2|rpc:0.0.0.0:45769|dataStream:|priority:1|startupRole:FOLLOWER]|listeners:[], old=null RUNNING retry cache entry of leader should be pending: 471@client-BE1F9472AE6D:pending
2023-08-28 07:18:12,218 [nioEventLoopGroup-141-2] DEBUG server.RaftServer$Division (RaftServerImpl.java:logAppendEntries(1471)) - s1@group-FC067630C08B: receive appendEntries(s2, 2, (t:2, i:11), 11, true, commits:[s2:c11, s0:c0, s1:c10], cId:473, entries: [(t:2, i:12), METADATAENTRY(c:11)]
2023-08-28 07:18:12,218 [nioEventLoopGroup-143-4] DEBUG server.RaftServer$Division (RaftServerImpl.java:submitClientRequestAsync(880)) - s2@group-FC067630C08B: receive client request(RaftClientRequest:client-BE1F9472AE6D->s2@group-FC067630C08B, cid=474, seq=0, RW, Message:6d35)
2023-08-28 07:18:12,218 [nioEventLoopGroup-143-4] DEBUG server.RaftServer$Division (LeaderStateImpl.java:addPendingRequest(484)) - s2@group-FC067630C08B-LeaderStateImpl: addPendingRequest at RaftClientRequest:client-BE1F9472AE6D->s2@group-FC067630C08B, cid=474, seq=0, RW, Message:6d35, entry=(t:2, i:13), STATEMACHINELOGENTRY, 474@client-BE1F9472AE6D
2023-08-28 07:18:12,219 [s1-server-thread1] DEBUG server.RaftServer$Division (RaftServerImpl.java:logAppendEntries(1471)) - s1@group-FC067630C08B: succeeded to handle AppendEntries. Reply: s2<-s1#473:OK-t2,SUCCESS,nextIndex=13,followerCommit=11,matchIndex=12
2023-08-28 07:18:12,219 [nioEventLoopGroup-141-2] DEBUG server.RaftServer$Division (RaftServerImpl.java:logAppendEntries(1471)) - s1@group-FC067630C08B: receive appendEntries(s2, 2, (t:2, i:12), 11, true, commits:[s2:c11, s0:c0, s1:c11], cId:475, entries: [(t:2, i:13), STATEMACHINELOGENTRY, 474@client-BE1F9472AE6D]
2023-08-28 07:18:12,220 [s1-server-thread1] DEBUG server.RaftServer$Division (RaftServerImpl.java:logAppendEntries(1471)) - s1@group-FC067630C08B: succeeded to handle AppendEntries. Reply: s2<-s1#475:OK-t2,SUCCESS,nextIndex=14,followerCommit=11,matchIndex=13
2023-08-28 07:18:12,222 [s2@group-FC067630C08B-StateMachineUpdater] WARN  server.RaftServer$Division (RaftServerImpl.java:replyPendingRequest(1770)) -    LEADER s2@group-FC067630C08B:t2, leader=s2, voted=s2, raftlog=Memoized:s2@group-FC067630C08B-SegmentedRaftLog:OPENED:c13, conf=1: peers:[s0|rpc:0.0.0.0:45655|dataStream:|priority:2|startupRole:FOLLOWER, s1|rpc:0.0.0.0:38437|dataStream:|priority:1|startupRole:FOLLOWER, s2|rpc:0.0.0.0:45769|dataStream:|priority:1|startupRole:FOLLOWER]|listeners:[], old=null RUNNING retry cache entry of leader should be pending: 474@client-BE1F9472AE6D:pending
2023-08-28 07:18:12,223 [nioEventLoopGroup-141-2] DEBUG server.RaftServer$Division (RaftServerImpl.java:logAppendEntries(1471)) - s1@group-FC067630C08B: receive appendEntries(s2, 2, (t:2, i:13), 13, true, commits:[s2:c13, s0:c0, s1:c11], cId:476, entries: [(t:2, i:14), METADATAENTRY(c:13)]
2023-08-28 07:18:12,223 [nioEventLoopGroup-143-4] DEBUG server.RaftServer$Division (RaftServerImpl.java:submitClientRequestAsync(880)) - s2@group-FC067630C08B: receive client request(RaftClientRequest:client-BE1F9472AE6D->s2@group-FC067630C08B, cid=477, seq=0, RW, Message:6d36)
2023-08-28 07:18:12,223 [nioEventLoopGroup-143-4] DEBUG server.RaftServer$Division (LeaderStateImpl.java:addPendingRequest(484)) - s2@group-FC067630C08B-LeaderStateImpl: addPendingRequest at RaftClientRequest:client-BE1F9472AE6D->s2@group-FC067630C08B, cid=477, seq=0, RW, Message:6d36, entry=(t:2, i:15), STATEMACHINELOGENTRY, 477@client-BE1F9472AE6D
2023-08-28 07:18:12,224 [s1-server-thread1] DEBUG server.RaftServer$Division (RaftServerImpl.java:logAppendEntries(1471)) - s1@group-FC067630C08B: succeeded to handle AppendEntries. Reply: s2<-s1#476:OK-t2,SUCCESS,nextIndex=15,followerCommit=13,matchIndex=14
2023-08-28 07:18:12,224 [nioEventLoopGroup-141-2] DEBUG server.RaftServer$Division (RaftServerImpl.java:logAppendEntries(1471)) - s1@group-FC067630C08B: receive appendEntries(s2, 2, (t:2, i:14), 13, true, commits:[s2:c13, s0:c0, s1:c13], cId:478, entries: [(t:2, i:15), STATEMACHINELOGENTRY, 477@client-BE1F9472AE6D]
2023-08-28 07:18:12,225 [s1-server-thread1] DEBUG server.RaftServer$Division (RaftServerImpl.java:logAppendEntries(1471)) - s1@group-FC067630C08B: succeeded to handle AppendEntries. Reply: s2<-s1#478:OK-t2,SUCCESS,nextIndex=16,followerCommit=13,matchIndex=15
2023-08-28 07:18:12,225 [s2@group-FC067630C08B-StateMachineUpdater] WARN  server.RaftServer$Division (RaftServerImpl.java:replyPendingRequest(1770)) -    LEADER s2@group-FC067630C08B:t2, leader=s2, voted=s2, raftlog=Memoized:s2@group-FC067630C08B-SegmentedRaftLog:OPENED:c15, conf=1: peers:[s0|rpc:0.0.0.0:45655|dataStream:|priority:2|startupRole:FOLLOWER, s1|rpc:0.0.0.0:38437|dataStream:|priority:1|startupRole:FOLLOWER, s2|rpc:0.0.0.0:45769|dataStream:|priority:1|startupRole:FOLLOWER]|listeners:[], old=null RUNNING retry cache entry of leader should be pending: 477@client-BE1F9472AE6D:pending
2023-08-28 07:18:12,226 [nioEventLoopGroup-141-2] DEBUG server.RaftServer$Division (RaftServerImpl.java:logAppendEntries(1471)) - s1@group-FC067630C08B: receive appendEntries(s2, 2, (t:2, i:15), 15, true, commits:[s2:c15, s0:c0, s1:c13], cId:479, entries: [(t:2, i:16), METADATAENTRY(c:15)]
2023-08-28 07:18:12,226 [nioEventLoopGroup-143-4] DEBUG server.RaftServer$Division (RaftServerImpl.java:submitClientRequestAsync(880)) - s2@group-FC067630C08B: receive client request(RaftClientRequest:client-BE1F9472AE6D->s2@group-FC067630C08B, cid=480, seq=0, RW, Message:6d37)
2023-08-28 07:18:12,227 [nioEventLoopGroup-143-4] DEBUG server.RaftServer$Division (LeaderStateImpl.java:addPendingRequest(484)) - s2@group-FC067630C08B-LeaderStateImpl: addPendingRequest at RaftClientRequest:client-BE1F9472AE6D->s2@group-FC067630C08B, cid=480, seq=0, RW, Message:6d37, entry=(t:2, i:17), STATEMACHINELOGENTRY, 480@client-BE1F9472AE6D
2023-08-28 07:18:12,227 [s1-server-thread1] DEBUG server.RaftServer$Division (RaftServerImpl.java:logAppendEntries(1471)) - s1@group-FC067630C08B: succeeded to handle AppendEntries. Reply: s2<-s1#479:OK-t2,SUCCESS,nextIndex=17,followerCommit=15,matchIndex=16
2023-08-28 07:18:12,228 [nioEventLoopGroup-141-2] DEBUG server.RaftServer$Division (RaftServerImpl.java:logAppendEntries(1471)) - s1@group-FC067630C08B: receive appendEntries(s2, 2, (t:2, i:16), 15, true, commits:[s2:c15, s0:c0, s1:c15], cId:481, entries: [(t:2, i:17), STATEMACHINELOGENTRY, 480@client-BE1F9472AE6D]
2023-08-28 07:18:12,229 [s1-server-thread1] DEBUG server.RaftServer$Division (RaftServerImpl.java:logAppendEntries(1471)) - s1@group-FC067630C08B: succeeded to handle AppendEntries. Reply: s2<-s1#481:OK-t2,SUCCESS,nextIndex=18,followerCommit=15,matchIndex=17
2023-08-28 07:18:12,229 [s2@group-FC067630C08B-StateMachineUpdater] WARN  server.RaftServer$Division (RaftServerImpl.java:replyPendingRequest(1770)) -    LEADER s2@group-FC067630C08B:t2, leader=s2, voted=s2, raftlog=Memoized:s2@group-FC067630C08B-SegmentedRaftLog:OPENED:c17, conf=1: peers:[s0|rpc:0.0.0.0:45655|dataStream:|priority:2|startupRole:FOLLOWER, s1|rpc:0.0.0.0:38437|dataStream:|priority:1|startupRole:FOLLOWER, s2|rpc:0.0.0.0:45769|dataStream:|priority:1|startupRole:FOLLOWER]|listeners:[], old=null RUNNING retry cache entry of leader should be pending: 480@client-BE1F9472AE6D:pending
2023-08-28 07:18:12,230 [nioEventLoopGroup-141-2] DEBUG server.RaftServer$Division (RaftServerImpl.java:logAppendEntries(1471)) - s1@group-FC067630C08B: receive appendEntries(s2, 2, (t:2, i:17), 17, true, commits:[s2:c17, s0:c0, s1:c15], cId:482, entries: [(t:2, i:18), METADATAENTRY(c:17)]
2023-08-28 07:18:12,230 [nioEventLoopGroup-143-4] DEBUG server.RaftServer$Division (RaftServerImpl.java:submitClientRequestAsync(880)) - s2@group-FC067630C08B: receive client request(RaftClientRequest:client-BE1F9472AE6D->s2@group-FC067630C08B, cid=483, seq=0, RW, Message:6d38)
2023-08-28 07:18:12,230 [nioEventLoopGroup-143-4] DEBUG server.RaftServer$Division (LeaderStateImpl.java:addPendingRequest(484)) - s2@group-FC067630C08B-LeaderStateImpl: addPendingRequest at RaftClientRequest:client-BE1F9472AE6D->s2@group-FC067630C08B, cid=483, seq=0, RW, Message:6d38, entry=(t:2, i:19), STATEMACHINELOGENTRY, 483@client-BE1F9472AE6D
2023-08-28 07:18:12,231 [s1-server-thread1] DEBUG server.RaftServer$Division (RaftServerImpl.java:logAppendEntries(1471)) - s1@group-FC067630C08B: succeeded to handle AppendEntries. Reply: s2<-s1#482:OK-t2,SUCCESS,nextIndex=19,followerCommit=17,matchIndex=18
2023-08-28 07:18:12,231 [nioEventLoopGroup-141-2] DEBUG server.RaftServer$Division (RaftServerImpl.java:logAppendEntries(1471)) - s1@group-FC067630C08B: receive appendEntries(s2, 2, (t:2, i:18), 17, true, commits:[s2:c17, s0:c0, s1:c17], cId:484, entries: [(t:2, i:19), STATEMACHINELOGENTRY, 483@client-BE1F9472AE6D]
2023-08-28 07:18:12,232 [s1-server-thread1] DEBUG server.RaftServer$Division (RaftServerImpl.java:logAppendEntries(1471)) - s1@group-FC067630C08B: succeeded to handle AppendEntries. Reply: s2<-s1#484:OK-t2,SUCCESS,nextIndex=20,followerCommit=17,matchIndex=19
2023-08-28 07:18:12,232 [s2@group-FC067630C08B-StateMachineUpdater] WARN  server.RaftServer$Division (RaftServerImpl.java:replyPendingRequest(1770)) -    LEADER s2@group-FC067630C08B:t2, leader=s2, voted=s2, raftlog=Memoized:s2@group-FC067630C08B-SegmentedRaftLog:OPENED:c19, conf=1: peers:[s0|rpc:0.0.0.0:45655|dataStream:|priority:2|startupRole:FOLLOWER, s1|rpc:0.0.0.0:38437|dataStream:|priority:1|startupRole:FOLLOWER, s2|rpc:0.0.0.0:45769|dataStream:|priority:1|startupRole:FOLLOWER]|listeners:[], old=null RUNNING retry cache entry of leader should be pending: 483@client-BE1F9472AE6D:pending
2023-08-28 07:18:12,233 [nioEventLoopGroup-141-2] DEBUG server.RaftServer$Division (RaftServerImpl.java:logAppendEntries(1471)) - s1@group-FC067630C08B: receive appendEntries(s2, 2, (t:2, i:19), 19, true, commits:[s2:c19, s0:c0, s1:c17], cId:485, entries: [(t:2, i:20), METADATAENTRY(c:19)]
2023-08-28 07:18:12,233 [nioEventLoopGroup-143-4] DEBUG server.RaftServer$Division (RaftServerImpl.java:submitClientRequestAsync(880)) - s2@group-FC067630C08B: receive client request(RaftClientRequest:client-BE1F9472AE6D->s2@group-FC067630C08B, cid=486, seq=0, RW, Message:6d39)
2023-08-28 07:18:12,233 [nioEventLoopGroup-143-4] DEBUG server.RaftServer$Division (LeaderStateImpl.java:addPendingRequest(484)) - s2@group-FC067630C08B-LeaderStateImpl: addPendingRequest at RaftClientRequest:client-BE1F9472AE6D->s2@group-FC067630C08B, cid=486, seq=0, RW, Message:6d39, entry=(t:2, i:21), STATEMACHINELOGENTRY, 486@client-BE1F9472AE6D
2023-08-28 07:18:12,234 [s1-server-thread1] DEBUG server.RaftServer$Division (RaftServerImpl.java:logAppendEntries(1471)) - s1@group-FC067630C08B: succeeded to handle AppendEntries. Reply: s2<-s1#485:OK-t2,SUCCESS,nextIndex=21,followerCommit=19,matchIndex=20
2023-08-28 07:18:12,235 [nioEventLoopGroup-141-2] DEBUG server.RaftServer$Division (RaftServerImpl.java:logAppendEntries(1471)) - s1@group-FC067630C08B: receive appendEntries(s2, 2, (t:2, i:20), 19, true, commits:[s2:c19, s0:c0, s1:c19], cId:487, entries: [(t:2, i:21), STATEMACHINELOGENTRY, 486@client-BE1F9472AE6D]
2023-08-28 07:18:12,236 [s1-server-thread1] DEBUG server.RaftServer$Division (RaftServerImpl.java:logAppendEntries(1471)) - s1@group-FC067630C08B: succeeded to handle AppendEntries. Reply: s2<-s1#487:OK-t2,SUCCESS,nextIndex=22,followerCommit=19,matchIndex=21
2023-08-28 07:18:12,236 [s2@group-FC067630C08B-StateMachineUpdater] WARN  server.RaftServer$Division (RaftServerImpl.java:replyPendingRequest(1770)) -    LEADER s2@group-FC067630C08B:t2, leader=s2, voted=s2, raftlog=Memoized:s2@group-FC067630C08B-SegmentedRaftLog:OPENED:c21, conf=1: peers:[s0|rpc:0.0.0.0:45655|dataStream:|priority:2|startupRole:FOLLOWER, s1|rpc:0.0.0.0:38437|dataStream:|priority:1|startupRole:FOLLOWER, s2|rpc:0.0.0.0:45769|dataStream:|priority:1|startupRole:FOLLOWER]|listeners:[], old=null RUNNING retry cache entry of leader should be pending: 486@client-BE1F9472AE6D:pending
2023-08-28 07:18:12,237 [nioEventLoopGroup-141-2] DEBUG server.RaftServer$Division (RaftServerImpl.java:logAppendEntries(1471)) - s1@group-FC067630C08B: receive appendEntries(s2, 2, (t:2, i:21), 21, true, commits:[s2:c21, s0:c0, s1:c19], cId:488, entries: [(t:2, i:22), METADATAENTRY(c:21)]
2023-08-28 07:18:12,237 [s1-server-thread1] DEBUG server.RaftServer$Division (RaftServerImpl.java:logAppendEntries(1471)) - s1@group-FC067630C08B: succeeded to handle AppendEntries. Reply: s2<-s1#488:OK-t2,SUCCESS,nextIndex=23,followerCommit=21,matchIndex=22
2023-08-28 07:18:12,245 [Time-limited test] INFO  util.CodeInjectionForTesting (BlockRequestHandlingInjection.java:unblockRequestor(54)) - UnBlock requestor s0
2023-08-28 07:18:12,245 [Time-limited test] INFO  util.CodeInjectionForTesting (BlockRequestHandlingInjection.java:unblockRequestor(54)) - UnBlock requestor s0
2023-08-28 07:18:12,246 [Time-limited test] INFO  server.RaftServerConfigKeys (ConfUtils.java:logGet(46)) - raft.server.rpc.timeout.max = 2000ms (custom)
2023-08-28 07:18:12,246 [Time-limited test] INFO  ratis.RaftTestUtil (RaftTestUtil.java:waitForLeader(100)) - printing group-FC067630C08B
  s0:  RUNNING  FOLLOWER s0@group-FC067630C08B:t1, leader=null, voted=s0, raftlog=Memoized:s0@group-FC067630C08B-SegmentedRaftLog:OPENED:c0, conf=0: peers:[s0|rpc:0.0.0.0:45655|dataStream:|priority:2|startupRole:FOLLOWER, s1|rpc:0.0.0.0:38437|dataStream:|priority:1|startupRole:FOLLOWER, s2|rpc:0.0.0.0:45769|dataStream:|priority:1|startupRole:FOLLOWER]|listeners:[], old=null RUNNING
  s1:  RUNNING  FOLLOWER s1@group-FC067630C08B:t2, leader=s2, voted=s2, raftlog=Memoized:s1@group-FC067630C08B-SegmentedRaftLog:OPENED:c21, conf=1: peers:[s0|rpc:0.0.0.0:45655|dataStream:|priority:2|startupRole:FOLLOWER, s1|rpc:0.0.0.0:38437|dataStream:|priority:1|startupRole:FOLLOWER, s2|rpc:0.0.0.0:45769|dataStream:|priority:1|startupRole:FOLLOWER]|listeners:[], old=null RUNNING
  s2:  RUNNING    LEADER s2@group-FC067630C08B:t2, leader=s2, voted=s2, raftlog=Memoized:s2@group-FC067630C08B-SegmentedRaftLog:OPENED:c22, conf=1: peers:[s0|rpc:0.0.0.0:45655|dataStream:|priority:2|startupRole:FOLLOWER, s1|rpc:0.0.0.0:38437|dataStream:|priority:1|startupRole:FOLLOWER, s2|rpc:0.0.0.0:45769|dataStream:|priority:1|startupRole:FOLLOWER]|listeners:[], old=null RUNNING
2023-08-28 07:18:12,246 [Time-limited test] INFO  ratis.RaftTestUtil (RaftTestUtil.java:waitForLeader(119)) - printing group-FC067630C08B
  s0:  RUNNING  FOLLOWER s0@group-FC067630C08B:t1, leader=null, voted=s0, raftlog=Memoized:s0@group-FC067630C08B-SegmentedRaftLog:OPENED:c0, conf=0: peers:[s0|rpc:0.0.0.0:45655|dataStream:|priority:2|startupRole:FOLLOWER, s1|rpc:0.0.0.0:38437|dataStream:|priority:1|startupRole:FOLLOWER, s2|rpc:0.0.0.0:45769|dataStream:|priority:1|startupRole:FOLLOWER]|listeners:[], old=null RUNNING
  s1:  RUNNING  FOLLOWER s1@group-FC067630C08B:t2, leader=s2, voted=s2, raftlog=Memoized:s1@group-FC067630C08B-SegmentedRaftLog:OPENED:c21, conf=1: peers:[s0|rpc:0.0.0.0:45655|dataStream:|priority:2|startupRole:FOLLOWER, s1|rpc:0.0.0.0:38437|dataStream:|priority:1|startupRole:FOLLOWER, s2|rpc:0.0.0.0:45769|dataStream:|priority:1|startupRole:FOLLOWER]|listeners:[], old=null RUNNING
  s2:  RUNNING    LEADER s2@group-FC067630C08B:t2, leader=s2, voted=s2, raftlog=Memoized:s2@group-FC067630C08B-SegmentedRaftLog:OPENED:c22, conf=1: peers:[s0|rpc:0.0.0.0:45655|dataStream:|priority:2|startupRole:FOLLOWER, s1|rpc:0.0.0.0:38437|dataStream:|priority:1|startupRole:FOLLOWER, s2|rpc:0.0.0.0:45769|dataStream:|priority:1|startupRole:FOLLOWER]|listeners:[], old=null RUNNING
2023-08-28 07:18:12,246 [Time-limited test] WARN  impl.GroupManagementBaseTest (JavaUtils.java:attempt(217)) - FAILED "testMultiGroupWithPriority", attempt #1/10: java.lang.AssertionError, sleep 1s and then retry.
java.lang.AssertionError
	at org.junit.Assert.fail(Assert.java:87)
	at org.junit.Assert.assertTrue(Assert.java:42)
	at org.junit.Assert.assertTrue(Assert.java:53)
	at org.apache.ratis.server.impl.GroupManagementBaseTest.lambda$testGroupWithPriority$3(GroupManagementBaseTest.java:151)
	at org.apache.ratis.util.function.CheckedRunnable.lambda$asCheckedSupplier$0(CheckedRunnable.java:32)
	at org.apache.ratis.util.JavaUtils.attempt(JavaUtils.java:211)
	at org.apache.ratis.util.JavaUtils.attemptRepeatedly(JavaUtils.java:197)
	at org.apache.ratis.util.JavaUtils.attempt(JavaUtils.java:231)
	at org.apache.ratis.server.impl.GroupManagementBaseTest.testGroupWithPriority(GroupManagementBaseTest.java:149)
	at java.base/jdk.internal.reflect.NativeMethodAccessorImpl.invoke0(Native Method)
	at java.base/jdk.internal.reflect.NativeMethodAccessorImpl.invoke(NativeMethodAccessorImpl.java:62)
	at java.base/jdk.internal.reflect.DelegatingMethodAccessorImpl.invoke(DelegatingMethodAccessorImpl.java:43)
	at java.base/java.lang.reflect.Method.invoke(Method.java:566)
	at org.junit.runners.model.FrameworkMethod$1.runReflectiveCall(FrameworkMethod.java:59)
	at org.junit.internal.runners.model.ReflectiveCallable.run(ReflectiveCallable.java:12)
	at org.junit.runners.model.FrameworkMethod.invokeExplosively(FrameworkMethod.java:56)
	at org.junit.internal.runners.statements.InvokeMethod.evaluate(InvokeMethod.java:17)
	at org.junit.internal.runners.statements.RunAfters.evaluate(RunAfters.java:27)
	at org.junit.internal.runners.statements.FailOnTimeout$CallableStatement.call(FailOnTimeout.java:299)
	at org.junit.internal.runners.statements.FailOnTimeout$CallableStatement.call(FailOnTimeout.java:293)
	at java.base/java.util.concurrent.FutureTask.run(FutureTask.java:264)
	at java.base/java.lang.Thread.run(Thread.java:829)
2023-08-28 07:18:12,256 [s0@group-FC067630C08B-FollowerState] INFO  impl.FollowerState (FollowerState.java:lostMajorityHeartbeatsRecently(108)) - s0@group-FC067630C08B-FollowerState: Skipping leader election since it stepped down recently (elapsed = 3580ms < waitTime = 10s)
2023-08-28 07:18:12,310 [nioEventLoopGroup-139-3] INFO  util.CodeInjectionForTesting (BlockRequestHandlingInjection.java:execute(84)) - s0: unBlock request from s1
2023-08-28 07:18:12,310 [nioEventLoopGroup-139-3] INFO  server.RaftServer$Division (RaftServerImpl.java:requestVote(1344)) - s0@group-FC067630C08B: receive requestVote(PRE_VOTE, s1, group-FC067630C08B, 1, (t:1, i:0))
2023-08-28 07:18:12,310 [nioEventLoopGroup-139-3] INFO  impl.VoteContext (VoteContext.java:log(49)) - s0@group-FC067630C08B-FOLLOWER: reject PRE_VOTE from s1: our priority 2 > candidate's priority 1
2023-08-28 07:18:12,310 [nioEventLoopGroup-139-3] INFO  server.RaftServer$Division (RaftServerImpl.java:requestVote(1377)) - s0@group-FC067630C08B replies to PRE_VOTE vote request: s1<-s0#0:FAIL-t1. Peer's state: s0@group-FC067630C08B:t1, leader=null, voted=s0, raftlog=Memoized:s0@group-FC067630C08B-SegmentedRaftLog:OPENED:c0, conf=0: peers:[s0|rpc:0.0.0.0:45655|dataStream:|priority:2|startupRole:FOLLOWER, s1|rpc:0.0.0.0:38437|dataStream:|priority:1|startupRole:FOLLOWER, s2|rpc:0.0.0.0:45769|dataStream:|priority:1|startupRole:FOLLOWER]|listeners:[], old=null
2023-08-28 07:18:12,465 [nioEventLoopGroup-139-2] INFO  util.CodeInjectionForTesting (BlockRequestHandlingInjection.java:execute(84)) - s0: unBlock request from s2
2023-08-28 07:18:12,465 [nioEventLoopGroup-139-2] INFO  server.RaftServer$Division (RaftServerImpl.java:requestVote(1344)) - s0@group-FC067630C08B: receive requestVote(PRE_VOTE, s2, group-FC067630C08B, 1, (t:1, i:0))
2023-08-28 07:18:12,466 [nioEventLoopGroup-139-2] INFO  impl.VoteContext (VoteContext.java:log(49)) - s0@group-FC067630C08B-FOLLOWER: reject PRE_VOTE from s2: our priority 2 > candidate's priority 1
2023-08-28 07:18:12,466 [nioEventLoopGroup-139-2] INFO  server.RaftServer$Division (RaftServerImpl.java:requestVote(1377)) - s0@group-FC067630C08B replies to PRE_VOTE vote request: s2<-s0#0:FAIL-t1. Peer's state: s0@group-FC067630C08B:t1, leader=null, voted=s0, raftlog=Memoized:s0@group-FC067630C08B-SegmentedRaftLog:OPENED:c0, conf=0: peers:[s0|rpc:0.0.0.0:45655|dataStream:|priority:2|startupRole:FOLLOWER, s1|rpc:0.0.0.0:38437|dataStream:|priority:1|startupRole:FOLLOWER, s2|rpc:0.0.0.0:45769|dataStream:|priority:1|startupRole:FOLLOWER]|listeners:[], old=null
2023-08-28 07:18:12,466 [nioEventLoopGroup-139-2] INFO  server.RaftServer$Division (RaftServerImpl.java:requestVote(1344)) - s0@group-FC067630C08B: receive requestVote(ELECTION, s2, group-FC067630C08B, 2, (t:1, i:0))
2023-08-28 07:18:12,466 [nioEventLoopGroup-139-2] INFO  impl.VoteContext (VoteContext.java:log(49)) - s0@group-FC067630C08B-FOLLOWER: reject ELECTION from s2: our priority 2 > candidate's priority 1
2023-08-28 07:18:12,466 [nioEventLoopGroup-139-2] INFO  server.RaftServer$Division (RaftServerImpl.java:setRole(371)) - s0@group-FC067630C08B: changes role from  FOLLOWER to FOLLOWER at term 2 for candidate:s2
2023-08-28 07:18:12,466 [nioEventLoopGroup-139-2] INFO  impl.RoleInfo (RoleInfo.java:shutdownFollowerState(109)) - s0: shutdown s0@group-FC067630C08B-FollowerState
2023-08-28 07:18:12,466 [nioEventLoopGroup-139-2] INFO  impl.RoleInfo (RoleInfo.java:updateAndGet(138)) - s0: start s0@group-FC067630C08B-FollowerState
2023-08-28 07:18:12,467 [s0@group-FC067630C08B-FollowerState] INFO  impl.FollowerState (FollowerState.java:run(152)) - s0@group-FC067630C08B-FollowerState was interrupted
2023-08-28 07:18:12,468 [nioEventLoopGroup-139-2] INFO  server.RaftServer$Division (RaftServerImpl.java:requestVote(1377)) - s0@group-FC067630C08B replies to ELECTION vote request: s2<-s0#0:FAIL-t2. Peer's state: s0@group-FC067630C08B:t2, leader=null, voted=null, raftlog=Memoized:s0@group-FC067630C08B-SegmentedRaftLog:OPENED:c0, conf=0: peers:[s0|rpc:0.0.0.0:45655|dataStream:|priority:2|startupRole:FOLLOWER, s1|rpc:0.0.0.0:38437|dataStream:|priority:1|startupRole:FOLLOWER, s2|rpc:0.0.0.0:45769|dataStream:|priority:1|startupRole:FOLLOWER]|listeners:[], old=null
2023-08-28 07:18:12,469 [nioEventLoopGroup-139-2] INFO  server.RaftServer$Division (ServerState.java:setLeader(260)) - s0@group-FC067630C08B: change Leader from null to s2 at term 2 for appendEntries, leader elected after 3792ms
2023-08-28 07:18:12,471 [nioEventLoopGroup-139-2] DEBUG server.RaftServer$Division (RaftServerImpl.java:logAppendEntries(1471)) - s0@group-FC067630C08B: receive appendEntries(s2, 2, (t:1, i:0), 22, true, commits:[s2:c22, s0:c0, s1:c21], cId:489, entries: [(t:2, i:1), CONFIGURATIONENTRY(current:id: "s0"
address: "0.0.0.0:45655"
priority: 2
clientAddress: "0.0.0.0:45655"
adminAddress: "0.0.0.0:45655"
startupRole: FOLLOWER
,id: "s1"
address: "0.0.0.0:38437"
priority: 1
clientAddress: "0.0.0.0:38437"
adminAddress: "0.0.0.0:38437"
startupRole: FOLLOWER
,id: "s2"
address: "0.0.0.0:45769"
priority: 1
clientAddress: "0.0.0.0:45769"
adminAddress: "0.0.0.0:45769"
startupRole: FOLLOWER
, old:), (t:2, i:2), METADATAENTRY(c:1), (t:2, i:3), STATEMACHINELOGENTRY, 459@client-BE1F9472AE6D, (t:2, i:4), METADATAENTRY(c:3), (t:2, i:5), STATEMACHINELOGENTRY, 462@client-BE1F9472AE6D, (t:2, i:6), METADATAENTRY(c:5), (t:2, i:7), STATEMACHINELOGENTRY, 465@client-BE1F9472AE6D, (t:2, i:8), METADATAENTRY(c:7), (t:2, i:9), STATEMACHINELOGENTRY, 468@client-BE1F9472AE6D, (t:2, i:10), METADATAENTRY(c:9), (t:2, i:11), STATEMACHINELOGENTRY, 471@client-BE1F9472AE6D, (t:2, i:12), METADATAENTRY(c:11), (t:2, i:13), STATEMACHINELOGENTRY, 474@client-BE1F9472AE6D, (t:2, i:14), METADATAENTRY(c:13), (t:2, i:15), STATEMACHINELOGENTRY, 477@client-BE1F9472AE6D, (t:2, i:16), METADATAENTRY(c:15), (t:2, i:17), STATEMACHINELOGENTRY, 480@client-BE1F9472AE6D, (t:2, i:18), METADATAENTRY(c:17), (t:2, i:19), STATEMACHINELOGENTRY, 483@client-BE1F9472AE6D, (t:2, i:20), METADATAENTRY(c:19), (t:2, i:21), STATEMACHINELOGENTRY, 486@client-BE1F9472AE6D, (t:2, i:22), METADATAENTRY(c:21)]
2023-08-28 07:18:12,471 [nioEventLoopGroup-139-2] INFO  server.RaftServer$Division (ServerState.java:setRaftConf(377)) - s0@group-FC067630C08B: set configuration 1: peers:[s0|rpc:0.0.0.0:45655|dataStream:|priority:2|startupRole:FOLLOWER, s1|rpc:0.0.0.0:38437|dataStream:|priority:1|startupRole:FOLLOWER, s2|rpc:0.0.0.0:45769|dataStream:|priority:1|startupRole:FOLLOWER]|listeners:[], old=null
2023-08-28 07:18:12,471 [nioEventLoopGroup-139-2] INFO  segmented.SegmentedRaftLogWorker (SegmentedRaftLogWorker.java:rollLogSegment(432)) - s0@group-FC067630C08B-SegmentedRaftLogWorker: Rolling segment log-0_0 to index:0
2023-08-28 07:18:12,472 [s0@group-FC067630C08B-SegmentedRaftLogWorker] TRACE util.FileUtils (LogUtils.java:runAndLog(49)) - Successfully ran Atomic Files.move /home/runner/work/ratis/ratis/ratis-test/target/test/data/c5bbf9cd/MiniRaftClusterWithNetty2c80e70f/s0/9e315ce9-0090-40c8-ac12-fc067630c08b/current/log_inprogress_0 to /home/runner/work/ratis/ratis/ratis-test/target/test/data/c5bbf9cd/MiniRaftClusterWithNetty2c80e70f/s0/9e315ce9-0090-40c8-ac12-fc067630c08b/current/log_0-0
2023-08-28 07:18:12,472 [s0@group-FC067630C08B-SegmentedRaftLogWorker] INFO  segmented.SegmentedRaftLogWorker (SegmentedRaftLogWorker.java:execute(588)) - s0@group-FC067630C08B-SegmentedRaftLogWorker: Rolled log segment from /home/runner/work/ratis/ratis/ratis-test/target/test/data/c5bbf9cd/MiniRaftClusterWithNetty2c80e70f/s0/9e315ce9-0090-40c8-ac12-fc067630c08b/current/log_inprogress_0 to /home/runner/work/ratis/ratis/ratis-test/target/test/data/c5bbf9cd/MiniRaftClusterWithNetty2c80e70f/s0/9e315ce9-0090-40c8-ac12-fc067630c08b/current/log_0-0
2023-08-28 07:18:12,475 [nioEventLoopGroup-141-3] INFO  util.CodeInjectionForTesting (BlockRequestHandlingInjection.java:execute(84)) - s1: unBlock request from s0
2023-08-28 07:18:12,475 [nioEventLoopGroup-141-3] DEBUG server.RaftServer$Division (RaftServerImpl.java:appendEntriesAsync(1538)) - s1@group-FC067630C08B: Not recognize s0 (term=1) as leader, state: s1@group-FC067630C08B:t2, leader=s2, voted=s2, raftlog=Memoized:s1@group-FC067630C08B-SegmentedRaftLog:OPENED:c21, conf=1: peers:[s0|rpc:0.0.0.0:45655|dataStream:|priority:2|startupRole:FOLLOWER, s1|rpc:0.0.0.0:38437|dataStream:|priority:1|startupRole:FOLLOWER, s2|rpc:0.0.0.0:45769|dataStream:|priority:1|startupRole:FOLLOWER]|listeners:[], old=null reply: s0<-s1#450:FAIL-t2,NOT_LEADER,nextIndex=23,followerCommit=21,matchIndex=-1
2023-08-28 07:18:12,478 [nioEventLoopGroup-143-2] INFO  util.CodeInjectionForTesting (BlockRequestHandlingInjection.java:execute(84)) - s2: unBlock request from s0
2023-08-28 07:18:12,478 [nioEventLoopGroup-143-2] DEBUG server.RaftServer$Division (RaftServerImpl.java:appendEntriesAsync(1538)) - s2@group-FC067630C08B: Not recognize s0 (term=1) as leader, state: s2@group-FC067630C08B:t2, leader=s2, voted=s2, raftlog=Memoized:s2@group-FC067630C08B-SegmentedRaftLog:OPENED:c22, conf=1: peers:[s0|rpc:0.0.0.0:45655|dataStream:|priority:2|startupRole:FOLLOWER, s1|rpc:0.0.0.0:38437|dataStream:|priority:1|startupRole:FOLLOWER, s2|rpc:0.0.0.0:45769|dataStream:|priority:1|startupRole:FOLLOWER]|listeners:[], old=null reply: s0<-s2#452:FAIL-t2,NOT_LEADER,nextIndex=23,followerCommit=22,matchIndex=-1
2023-08-28 07:18:12,480 [s0@group-FC067630C08B-SegmentedRaftLogWorker] INFO  segmented.SegmentedRaftLogWorker (SegmentedRaftLogWorker.java:execute(631)) - s0@group-FC067630C08B-SegmentedRaftLogWorker: created new log segment /home/runner/work/ratis/ratis/ratis-test/target/test/data/c5bbf9cd/MiniRaftClusterWithNetty2c80e70f/s0/9e315ce9-0090-40c8-ac12-fc067630c08b/current/log_inprogress_1
2023-08-28 07:18:12,481 [s0-server-thread1] DEBUG server.RaftServer$Division (RaftServerImpl.java:logAppendEntries(1471)) - s0@group-FC067630C08B: succeeded to handle AppendEntries. Reply: s2<-s0#489:OK-t2,SUCCESS,nextIndex=23,followerCommit=22,matchIndex=22
2023-08-28 07:18:13,247 [Time-limited test] INFO  server.RaftServerConfigKeys (ConfUtils.java:logGet(46)) - raft.server.rpc.timeout.max = 2000ms (custom)
2023-08-28 07:18:13,247 [Time-limited test] INFO  ratis.RaftTestUtil (RaftTestUtil.java:waitForLeader(100)) - printing group-FC067630C08B
  s0:  RUNNING  FOLLOWER s0@group-FC067630C08B:t2, leader=s2, voted=null, raftlog=Memoized:s0@group-FC067630C08B-SegmentedRaftLog:OPENED:c22, conf=1: peers:[s0|rpc:0.0.0.0:45655|dataStream:|priority:2|startupRole:FOLLOWER, s1|rpc:0.0.0.0:38437|dataStream:|priority:1|startupRole:FOLLOWER, s2|rpc:0.0.0.0:45769|dataStream:|priority:1|startupRole:FOLLOWER]|listeners:[], old=null RUNNING
  s1:  RUNNING  FOLLOWER s1@group-FC067630C08B:t2, leader=s2, voted=s2, raftlog=Memoized:s1@group-FC067630C08B-SegmentedRaftLog:OPENED:c22, conf=1: peers:[s0|rpc:0.0.0.0:45655|dataStream:|priority:2|startupRole:FOLLOWER, s1|rpc:0.0.0.0:38437|dataStream:|priority:1|startupRole:FOLLOWER, s2|rpc:0.0.0.0:45769|dataStream:|priority:1|startupRole:FOLLOWER]|listeners:[], old=null RUNNING
  s2:  RUNNING    LEADER s2@group-FC067630C08B:t2, leader=s2, voted=s2, raftlog=Memoized:s2@group-FC067630C08B-SegmentedRaftLog:OPENED:c22, conf=1: peers:[s0|rpc:0.0.0.0:45655|dataStream:|priority:2|startupRole:FOLLOWER, s1|rpc:0.0.0.0:38437|dataStream:|priority:1|startupRole:FOLLOWER, s2|rpc:0.0.0.0:45769|dataStream:|priority:1|startupRole:FOLLOWER]|listeners:[], old=null RUNNING
2023-08-28 07:18:13,247 [Time-limited test] INFO  ratis.RaftTestUtil (RaftTestUtil.java:waitForLeader(119)) - printing group-FC067630C08B
  s0:  RUNNING  FOLLOWER s0@group-FC067630C08B:t2, leader=s2, voted=null, raftlog=Memoized:s0@group-FC067630C08B-SegmentedRaftLog:OPENED:c22, conf=1: peers:[s0|rpc:0.0.0.0:45655|dataStream:|priority:2|startupRole:FOLLOWER, s1|rpc:0.0.0.0:38437|dataStream:|priority:1|startupRole:FOLLOWER, s2|rpc:0.0.0.0:45769|dataStream:|priority:1|startupRole:FOLLOWER]|listeners:[], old=null RUNNING
  s1:  RUNNING  FOLLOWER s1@group-FC067630C08B:t2, leader=s2, voted=s2, raftlog=Memoized:s1@group-FC067630C08B-SegmentedRaftLog:OPENED:c22, conf=1: peers:[s0|rpc:0.0.0.0:45655|dataStream:|priority:2|startupRole:FOLLOWER, s1|rpc:0.0.0.0:38437|dataStream:|priority:1|startupRole:FOLLOWER, s2|rpc:0.0.0.0:45769|dataStream:|priority:1|startupRole:FOLLOWER]|listeners:[], old=null RUNNING
  s2:  RUNNING    LEADER s2@group-FC067630C08B:t2, leader=s2, voted=s2, raftlog=Memoized:s2@group-FC067630C08B-SegmentedRaftLog:OPENED:c22, conf=1: peers:[s0|rpc:0.0.0.0:45655|dataStream:|priority:2|startupRole:FOLLOWER, s1|rpc:0.0.0.0:38437|dataStream:|priority:1|startupRole:FOLLOWER, s2|rpc:0.0.0.0:45769|dataStream:|priority:1|startupRole:FOLLOWER]|listeners:[], old=null RUNNING
2023-08-28 07:18:13,247 [Time-limited test] WARN  impl.GroupManagementBaseTest (JavaUtils.java:attempt(217)) - FAILED "testMultiGroupWithPriority", attempt #2/10: java.lang.AssertionError, sleep 1s and then retry.
java.lang.AssertionError
	at org.junit.Assert.fail(Assert.java:87)
	at org.junit.Assert.assertTrue(Assert.java:42)
	at org.junit.Assert.assertTrue(Assert.java:53)
	at org.apache.ratis.server.impl.GroupManagementBaseTest.lambda$testGroupWithPriority$3(GroupManagementBaseTest.java:151)
	at org.apache.ratis.util.function.CheckedRunnable.lambda$asCheckedSupplier$0(CheckedRunnable.java:32)
	at org.apache.ratis.util.JavaUtils.attempt(JavaUtils.java:211)
	at org.apache.ratis.util.JavaUtils.attemptRepeatedly(JavaUtils.java:197)
	at org.apache.ratis.util.JavaUtils.attempt(JavaUtils.java:231)
	at org.apache.ratis.server.impl.GroupManagementBaseTest.testGroupWithPriority(GroupManagementBaseTest.java:149)
	at java.base/jdk.internal.reflect.NativeMethodAccessorImpl.invoke0(Native Method)
	at java.base/jdk.internal.reflect.NativeMethodAccessorImpl.invoke(NativeMethodAccessorImpl.java:62)
	at java.base/jdk.internal.reflect.DelegatingMethodAccessorImpl.invoke(DelegatingMethodAccessorImpl.java:43)
	at java.base/java.lang.reflect.Method.invoke(Method.java:566)
	at org.junit.runners.model.FrameworkMethod$1.runReflectiveCall(FrameworkMethod.java:59)
	at org.junit.internal.runners.model.ReflectiveCallable.run(ReflectiveCallable.java:12)
	at org.junit.runners.model.FrameworkMethod.invokeExplosively(FrameworkMethod.java:56)
	at org.junit.internal.runners.statements.InvokeMethod.evaluate(InvokeMethod.java:17)
	at org.junit.internal.runners.statements.RunAfters.evaluate(RunAfters.java:27)
	at org.junit.internal.runners.statements.FailOnTimeout$CallableStatement.call(FailOnTimeout.java:299)
	at org.junit.internal.runners.statements.FailOnTimeout$CallableStatement.call(FailOnTimeout.java:293)
	at java.base/java.util.concurrent.FutureTask.run(FutureTask.java:264)
	at java.base/java.lang.Thread.run(Thread.java:829)
2023-08-28 07:18:14,247 [Time-limited test] INFO  server.RaftServerConfigKeys (ConfUtils.java:logGet(46)) - raft.server.rpc.timeout.max = 2000ms (custom)
2023-08-28 07:18:14,247 [Time-limited test] INFO  ratis.RaftTestUtil (RaftTestUtil.java:waitForLeader(100)) - printing group-FC067630C08B
  s0:  RUNNING  FOLLOWER s0@group-FC067630C08B:t2, leader=s2, voted=null, raftlog=Memoized:s0@group-FC067630C08B-SegmentedRaftLog:OPENED:c22, conf=1: peers:[s0|rpc:0.0.0.0:45655|dataStream:|priority:2|startupRole:FOLLOWER, s1|rpc:0.0.0.0:38437|dataStream:|priority:1|startupRole:FOLLOWER, s2|rpc:0.0.0.0:45769|dataStream:|priority:1|startupRole:FOLLOWER]|listeners:[], old=null RUNNING
  s1:  RUNNING  FOLLOWER s1@group-FC067630C08B:t2, leader=s2, voted=s2, raftlog=Memoized:s1@group-FC067630C08B-SegmentedRaftLog:OPENED:c22, conf=1: peers:[s0|rpc:0.0.0.0:45655|dataStream:|priority:2|startupRole:FOLLOWER, s1|rpc:0.0.0.0:38437|dataStream:|priority:1|startupRole:FOLLOWER, s2|rpc:0.0.0.0:45769|dataStream:|priority:1|startupRole:FOLLOWER]|listeners:[], old=null RUNNING
  s2:  RUNNING    LEADER s2@group-FC067630C08B:t2, leader=s2, voted=s2, raftlog=Memoized:s2@group-FC067630C08B-SegmentedRaftLog:OPENED:c22, conf=1: peers:[s0|rpc:0.0.0.0:45655|dataStream:|priority:2|startupRole:FOLLOWER, s1|rpc:0.0.0.0:38437|dataStream:|priority:1|startupRole:FOLLOWER, s2|rpc:0.0.0.0:45769|dataStream:|priority:1|startupRole:FOLLOWER]|listeners:[], old=null RUNNING
2023-08-28 07:18:14,248 [Time-limited test] INFO  ratis.RaftTestUtil (RaftTestUtil.java:waitForLeader(119)) - printing group-FC067630C08B
  s0:  RUNNING  FOLLOWER s0@group-FC067630C08B:t2, leader=s2, voted=null, raftlog=Memoized:s0@group-FC067630C08B-SegmentedRaftLog:OPENED:c22, conf=1: peers:[s0|rpc:0.0.0.0:45655|dataStream:|priority:2|startupRole:FOLLOWER, s1|rpc:0.0.0.0:38437|dataStream:|priority:1|startupRole:FOLLOWER, s2|rpc:0.0.0.0:45769|dataStream:|priority:1|startupRole:FOLLOWER]|listeners:[], old=null RUNNING
  s1:  RUNNING  FOLLOWER s1@group-FC067630C08B:t2, leader=s2, voted=s2, raftlog=Memoized:s1@group-FC067630C08B-SegmentedRaftLog:OPENED:c22, conf=1: peers:[s0|rpc:0.0.0.0:45655|dataStream:|priority:2|startupRole:FOLLOWER, s1|rpc:0.0.0.0:38437|dataStream:|priority:1|startupRole:FOLLOWER, s2|rpc:0.0.0.0:45769|dataStream:|priority:1|startupRole:FOLLOWER]|listeners:[], old=null RUNNING
  s2:  RUNNING    LEADER s2@group-FC067630C08B:t2, leader=s2, voted=s2, raftlog=Memoized:s2@group-FC067630C08B-SegmentedRaftLog:OPENED:c22, conf=1: peers:[s0|rpc:0.0.0.0:45655|dataStream:|priority:2|startupRole:FOLLOWER, s1|rpc:0.0.0.0:38437|dataStream:|priority:1|startupRole:FOLLOWER, s2|rpc:0.0.0.0:45769|dataStream:|priority:1|startupRole:FOLLOWER]|listeners:[], old=null RUNNING
2023-08-28 07:18:14,248 [Time-limited test] WARN  impl.GroupManagementBaseTest (JavaUtils.java:attempt(217)) - FAILED "testMultiGroupWithPriority", attempt #3/10: java.lang.AssertionError, sleep 1s and then retry.
java.lang.AssertionError
	at org.junit.Assert.fail(Assert.java:87)
	at org.junit.Assert.assertTrue(Assert.java:42)
	at org.junit.Assert.assertTrue(Assert.java:53)
	at org.apache.ratis.server.impl.GroupManagementBaseTest.lambda$testGroupWithPriority$3(GroupManagementBaseTest.java:151)
	at org.apache.ratis.util.function.CheckedRunnable.lambda$asCheckedSupplier$0(CheckedRunnable.java:32)
	at org.apache.ratis.util.JavaUtils.attempt(JavaUtils.java:211)
	at org.apache.ratis.util.JavaUtils.attemptRepeatedly(JavaUtils.java:197)
	at org.apache.ratis.util.JavaUtils.attempt(JavaUtils.java:231)
	at org.apache.ratis.server.impl.GroupManagementBaseTest.testGroupWithPriority(GroupManagementBaseTest.java:149)
	at java.base/jdk.internal.reflect.NativeMethodAccessorImpl.invoke0(Native Method)
	at java.base/jdk.internal.reflect.NativeMethodAccessorImpl.invoke(NativeMethodAccessorImpl.java:62)
	at java.base/jdk.internal.reflect.DelegatingMethodAccessorImpl.invoke(DelegatingMethodAccessorImpl.java:43)
	at java.base/java.lang.reflect.Method.invoke(Method.java:566)
	at org.junit.runners.model.FrameworkMethod$1.runReflectiveCall(FrameworkMethod.java:59)
	at org.junit.internal.runners.model.ReflectiveCallable.run(ReflectiveCallable.java:12)
	at org.junit.runners.model.FrameworkMethod.invokeExplosively(FrameworkMethod.java:56)
	at org.junit.internal.runners.statements.InvokeMethod.evaluate(InvokeMethod.java:17)
	at org.junit.internal.runners.statements.RunAfters.evaluate(RunAfters.java:27)
	at org.junit.internal.runners.statements.FailOnTimeout$CallableStatement.call(FailOnTimeout.java:299)
	at org.junit.internal.runners.statements.FailOnTimeout$CallableStatement.call(FailOnTimeout.java:293)
	at java.base/java.util.concurrent.FutureTask.run(FutureTask.java:264)
	at java.base/java.lang.Thread.run(Thread.java:829)
2023-08-28 07:18:14,484 [s2@group-FC067630C08B-LeaderStateImpl] INFO  impl.TransferLeadership (TransferLeadership.java:tryTransferLeadership(258)) - s2@group-FC067630C08B: start transferring leadership to s0
2023-08-28 07:18:14,485 [s2@group-FC067630C08B-LeaderStateImpl] INFO  impl.TransferLeadership (TransferLeadership.java:sendStartLeaderElection(210)) - s2@group-FC067630C08B: sendStartLeaderElection to follower s0, lastEntry=(t:2, i:22)
2023-08-28 07:18:14,486 [s2@group-FC067630C08B-LeaderStateImpl] INFO  impl.TransferLeadership (TransferLeadership.java:tryTransferLeadership(266)) - s2@group-FC067630C08B: SUCCESS sent StartLeaderElection to transferee s0 immediately as it already has up-to-date log
2023-08-28 07:18:14,487 [nioEventLoopGroup-139-2] DEBUG server.RaftServer$Division (RaftServerImpl.java:startLeaderElection(1711)) - s0@group-FC067630C08B: receive startLeaderElection from:s2, leaderLastEntry:term: 2
index: 22
,
2023-08-28 07:18:14,487 [nioEventLoopGroup-139-2] INFO  impl.RoleInfo (RoleInfo.java:shutdownFollowerState(109)) - s0: shutdown s0@group-FC067630C08B-FollowerState
2023-08-28 07:18:14,487 [nioEventLoopGroup-139-2] INFO  server.RaftServer$Division (RaftServerImpl.java:setRole(371)) - s0@group-FC067630C08B: changes role from  FOLLOWER to CANDIDATE at term 2 for changeToCandidate
2023-08-28 07:18:14,487 [nioEventLoopGroup-139-2] INFO  server.RaftServer$Division (ServerState.java:setLeader(260)) - s0@group-FC067630C08B: change Leader from s2 to null at term 2 for ELECTION
2023-08-28 07:18:14,488 [s0@group-FC067630C08B-FollowerState] INFO  impl.FollowerState (FollowerState.java:run(152)) - s0@group-FC067630C08B-FollowerState was interrupted
2023-08-28 07:18:14,489 [nioEventLoopGroup-139-2] INFO  impl.RoleInfo (RoleInfo.java:updateAndGet(138)) - s0: start s0@group-FC067630C08B-LeaderElection15
2023-08-28 07:18:14,490 [s0@group-FC067630C08B-LeaderElection15] INFO  impl.LeaderElection (LeaderElection.java:askForVotes(320)) - s0@group-FC067630C08B-LeaderElection15 ELECTION round 0: submit vote requests at term 3 for 1: peers:[s0|rpc:0.0.0.0:45655|dataStream:|priority:2|startupRole:FOLLOWER, s1|rpc:0.0.0.0:38437|dataStream:|priority:1|startupRole:FOLLOWER, s2|rpc:0.0.0.0:45769|dataStream:|priority:1|startupRole:FOLLOWER]|listeners:[], old=null
2023-08-28 07:18:14,491 [nioEventLoopGroup-141-3] INFO  server.RaftServer$Division (RaftServerImpl.java:requestVote(1344)) - s1@group-FC067630C08B: receive requestVote(ELECTION, s0, group-FC067630C08B, 3, (t:2, i:22))
2023-08-28 07:18:14,491 [nioEventLoopGroup-143-2] INFO  server.RaftServer$Division (RaftServerImpl.java:requestVote(1344)) - s2@group-FC067630C08B: receive requestVote(ELECTION, s0, group-FC067630C08B, 3, (t:2, i:22))
2023-08-28 07:18:14,491 [nioEventLoopGroup-143-2] INFO  impl.VoteContext (VoteContext.java:log(49)) - s2@group-FC067630C08B-LEADER: accept ELECTION from s0: our priority 1 <= candidate's priority 2
2023-08-28 07:18:14,491 [nioEventLoopGroup-143-2] INFO  server.RaftServer$Division (ServerState.java:setLeader(260)) - s2@group-FC067630C08B: change Leader from s2 to null at term 3 for updateCurrentTerm
2023-08-28 07:18:14,491 [nioEventLoopGroup-143-2] INFO  server.RaftServer$Division (RaftServerImpl.java:setRole(371)) - s2@group-FC067630C08B: changes role from    LEADER to FOLLOWER at term 3 for candidate:s0
2023-08-28 07:18:14,491 [nioEventLoopGroup-143-2] INFO  impl.RoleInfo (RoleInfo.java:shutdownLeaderState(92)) - s2: shutdown s2@group-FC067630C08B-LeaderStateImpl
2023-08-28 07:18:14,491 [nioEventLoopGroup-143-2] INFO  impl.PendingRequests (PendingRequests.java:sendNotLeaderResponses(289)) - s2@group-FC067630C08B-PendingRequests: sendNotLeaderResponses
2023-08-28 07:18:14,492 [s2@group-FC067630C08B->s0-LogAppenderDefault-LogAppenderDaemon] INFO  leader.LogAppenderDaemon (LogAppenderDaemon.java:run(83)) - s2@group-FC067630C08B->s0-LogAppenderDefault-LogAppenderDaemon was interrupted: java.lang.InterruptedException
2023-08-28 07:18:14,491 [nioEventLoopGroup-141-3] INFO  impl.VoteContext (VoteContext.java:log(49)) - s1@group-FC067630C08B-FOLLOWER: accept ELECTION from s0: our priority 1 <= candidate's priority 2
2023-08-28 07:18:14,494 [nioEventLoopGroup-141-3] INFO  server.RaftServer$Division (ServerState.java:setLeader(260)) - s1@group-FC067630C08B: change Leader from s2 to null at term 3 for updateCurrentTerm
2023-08-28 07:18:14,492 [nioEventLoopGroup-143-2] INFO  impl.RoleInfo (RoleInfo.java:updateAndGet(138)) - s2: start s2@group-FC067630C08B-FollowerState
2023-08-28 07:18:14,494 [nioEventLoopGroup-141-3] INFO  server.RaftServer$Division (RaftServerImpl.java:setRole(371)) - s1@group-FC067630C08B: changes role from  FOLLOWER to FOLLOWER at term 3 for candidate:s0
2023-08-28 07:18:14,494 [nioEventLoopGroup-141-3] INFO  impl.RoleInfo (RoleInfo.java:shutdownFollowerState(109)) - s1: shutdown s1@group-FC067630C08B-FollowerState
2023-08-28 07:18:14,494 [nioEventLoopGroup-141-3] INFO  impl.RoleInfo (RoleInfo.java:updateAndGet(138)) - s1: start s1@group-FC067630C08B-FollowerState
2023-08-28 07:18:14,494 [s1@group-FC067630C08B-FollowerState] INFO  impl.FollowerState (FollowerState.java:run(152)) - s1@group-FC067630C08B-FollowerState was interrupted
2023-08-28 07:18:14,492 [s2@group-FC067630C08B->s1-LogAppenderDefault-LogAppenderDaemon] INFO  leader.LogAppenderDaemon (LogAppenderDaemon.java:run(85)) - s2@group-FC067630C08B->s1-LogAppenderDefault-LogAppenderDaemon I/O was interrupted: java.io.InterruptedIOException: s2->s1#499 sending from s1|rpc:0.0.0.0:38437|dataStream:|priority:1|startupRole:FOLLOWER is interrupted.
2023-08-28 07:18:14,490 [s2-server-thread1] INFO  impl.TransferLeadership (TransferLeadership.java:lambda$sendStartLeaderElection$2(224)) - s2@group-FC067630C08B: Received startLeaderElection reply from s0: success? true
2023-08-28 07:18:14,495 [nioEventLoopGroup-143-2] INFO  server.RaftServer$Division (RaftServerImpl.java:requestVote(1377)) - s2@group-FC067630C08B replies to ELECTION vote request: s0<-s2#0:OK-t3. Peer's state: s2@group-FC067630C08B:t3, leader=null, voted=s0, raftlog=Memoized:s2@group-FC067630C08B-SegmentedRaftLog:OPENED:c22, conf=1: peers:[s0|rpc:0.0.0.0:45655|dataStream:|priority:2|startupRole:FOLLOWER, s1|rpc:0.0.0.0:38437|dataStream:|priority:1|startupRole:FOLLOWER, s2|rpc:0.0.0.0:45769|dataStream:|priority:1|startupRole:FOLLOWER]|listeners:[], old=null
2023-08-28 07:18:14,496 [s0@group-FC067630C08B-LeaderElection15] INFO  impl.LeaderElection (LeaderElection.java:logAndReturn(89)) - s0@group-FC067630C08B-LeaderElection15: ELECTION PASSED received 1 response(s) and 0 exception(s):
2023-08-28 07:18:14,496 [s0@group-FC067630C08B-LeaderElection15] INFO  impl.LeaderElection (LeaderElection.java:logAndReturn(93)) -   Response 0: s0<-s2#0:OK-t3
2023-08-28 07:18:14,496 [s0@group-FC067630C08B-LeaderElection15] INFO  impl.LeaderElection (LeaderElection.java:askForVotes(322)) - s0@group-FC067630C08B-LeaderElection15 ELECTION round 0: result PASSED
2023-08-28 07:18:14,496 [s0@group-FC067630C08B-LeaderElection15] INFO  impl.RoleInfo (RoleInfo.java:shutdownLeaderElection(129)) - s0: shutdown s0@group-FC067630C08B-LeaderElection15
2023-08-28 07:18:14,496 [s0@group-FC067630C08B-LeaderElection15] INFO  server.RaftServer$Division (RaftServerImpl.java:setRole(371)) - s0@group-FC067630C08B: changes role from CANDIDATE to LEADER at term 3 for changeToLeader
2023-08-28 07:18:14,496 [s0@group-FC067630C08B-LeaderElection15] INFO  server.RaftServerConfigKeys (ConfUtils.java:logGet(46)) - raft.server.staging.catchup.gap = 1000 (default)
2023-08-28 07:18:14,496 [s0@group-FC067630C08B-LeaderElection15] INFO  server.RaftServerConfigKeys (ConfUtils.java:logGet(46)) - raft.server.write.element-limit = 4096 (default)
2023-08-28 07:18:14,496 [s0@group-FC067630C08B-LeaderElection15] INFO  server.RaftServerConfigKeys (ConfUtils.java:logGet(46)) - raft.server.write.byte-limit = 64MB (=67108864) (default)
2023-08-28 07:18:14,496 [s0@group-FC067630C08B-LeaderElection15] INFO  server.RaftServerConfigKeys (ConfUtils.java:logGet(46)) - raft.server.watch.timeout = 10s (default)
2023-08-28 07:18:14,496 [s0@group-FC067630C08B-LeaderElection15] INFO  server.RaftServerConfigKeys (ConfUtils.java:logGet(46)) - raft.server.watch.timeout.denomination = 1s (default)
2023-08-28 07:18:14,496 [s0@group-FC067630C08B-LeaderElection15] INFO  server.RaftServerConfigKeys (ConfUtils.java:logGet(46)) - raft.server.watch.element-limit = 65536 (default)
2023-08-28 07:18:14,496 [s0@group-FC067630C08B-LeaderElection15] INFO  server.RaftServerConfigKeys (ConfUtils.java:logGet(46)) - raft.server.write.element-limit = 4096 (default)
2023-08-28 07:18:14,496 [s0@group-FC067630C08B-LeaderElection15] INFO  server.RaftServerConfigKeys (ConfUtils.java:logGet(46)) - raft.server.write.follower.gap.ratio.max = -1.0 (default)
2023-08-28 07:18:14,496 [nioEventLoopGroup-141-3] INFO  server.RaftServer$Division (RaftServerImpl.java:requestVote(1377)) - s1@group-FC067630C08B replies to ELECTION vote request: s0<-s1#0:OK-t3. Peer's state: s1@group-FC067630C08B:t3, leader=null, voted=s0, raftlog=Memoized:s1@group-FC067630C08B-SegmentedRaftLog:OPENED:c22, conf=1: peers:[s0|rpc:0.0.0.0:45655|dataStream:|priority:2|startupRole:FOLLOWER, s1|rpc:0.0.0.0:38437|dataStream:|priority:1|startupRole:FOLLOWER, s2|rpc:0.0.0.0:45769|dataStream:|priority:1|startupRole:FOLLOWER]|listeners:[], old=null
2023-08-28 07:18:14,496 [s0@group-FC067630C08B-LeaderElection15] INFO  server.RaftServerConfigKeys (ConfUtils.java:logGet(46)) - raft.server.log.appender.snapshot.chunk.size.max = 16MB (=16777216) (default)
2023-08-28 07:18:14,496 [s0@group-FC067630C08B-LeaderElection15] INFO  server.RaftServerConfigKeys (ConfUtils.java:logGet(46)) - raft.server.log.appender.buffer.byte-limit = 4MB (=4194304) (default)
2023-08-28 07:18:14,496 [s0@group-FC067630C08B-LeaderElection15] INFO  server.RaftServerConfigKeys (ConfUtils.java:logGet(46)) - raft.server.log.appender.buffer.element-limit = 0 (default)
2023-08-28 07:18:14,496 [s0@group-FC067630C08B-LeaderElection15] INFO  server.RaftServerConfigKeys (ConfUtils.java:logGet(46)) - raft.server.log.appender.wait-time.min = 10ms (default)
2023-08-28 07:18:14,496 [nioEventLoopGroup-141-2] DEBUG server.RaftServer$Division (RaftServerImpl.java:appendEntriesAsync(1538)) - s1@group-FC067630C08B: Not recognize s2 (term=2) as leader, state: s1@group-FC067630C08B:t3, leader=null, voted=s0, raftlog=Memoized:s1@group-FC067630C08B-SegmentedRaftLog:OPENED:c22, conf=1: peers:[s0|rpc:0.0.0.0:45655|dataStream:|priority:2|startupRole:FOLLOWER, s1|rpc:0.0.0.0:38437|dataStream:|priority:1|startupRole:FOLLOWER, s2|rpc:0.0.0.0:45769|dataStream:|priority:1|startupRole:FOLLOWER]|listeners:[], old=null reply: s2<-s1#499:FAIL-t3,NOT_LEADER,nextIndex=23,followerCommit=22,matchIndex=-1
2023-08-28 07:18:14,497 [s0@group-FC067630C08B-LeaderElection15] INFO  server.RaftServerConfigKeys (ConfUtils.java:logGet(46)) - raft.server.log.appender.snapshot.chunk.size.max = 16MB (=16777216) (default)
2023-08-28 07:18:14,497 [s0@group-FC067630C08B-LeaderElection15] INFO  server.RaftServerConfigKeys (ConfUtils.java:logGet(46)) - raft.server.log.appender.buffer.byte-limit = 4MB (=4194304) (default)
2023-08-28 07:18:14,497 [s0@group-FC067630C08B-LeaderElection15] INFO  server.RaftServerConfigKeys (ConfUtils.java:logGet(46)) - raft.server.log.appender.buffer.element-limit = 0 (default)
2023-08-28 07:18:14,497 [s0@group-FC067630C08B-LeaderElection15] INFO  server.RaftServerConfigKeys (ConfUtils.java:logGet(46)) - raft.server.log.appender.wait-time.min = 10ms (default)
2023-08-28 07:18:14,497 [s0@group-FC067630C08B-LeaderElection15] INFO  impl.RoleInfo (RoleInfo.java:updateAndGet(138)) - s0: start s0@group-FC067630C08B-LeaderStateImpl
2023-08-28 07:18:14,497 [s0@group-FC067630C08B-LeaderElection15] INFO  server.RaftServer$Division (ServerState.java:setLeader(260)) - s0@group-FC067630C08B: change Leader from null to s0 at term 3 for becomeLeader, leader elected after 9ms
2023-08-28 07:18:14,497 [s0@group-FC067630C08B-LeaderElection15] INFO  segmented.SegmentedRaftLogWorker (SegmentedRaftLogWorker.java:rollLogSegment(432)) - s0@group-FC067630C08B-SegmentedRaftLogWorker: Rolling segment log-1_22 to index:22
2023-08-28 07:18:14,498 [s0@group-FC067630C08B-SegmentedRaftLogWorker] TRACE util.FileUtils (LogUtils.java:runAndLog(49)) - Successfully ran Atomic Files.move /home/runner/work/ratis/ratis/ratis-test/target/test/data/c5bbf9cd/MiniRaftClusterWithNetty2c80e70f/s0/9e315ce9-0090-40c8-ac12-fc067630c08b/current/log_inprogress_1 to /home/runner/work/ratis/ratis/ratis-test/target/test/data/c5bbf9cd/MiniRaftClusterWithNetty2c80e70f/s0/9e315ce9-0090-40c8-ac12-fc067630c08b/current/log_1-22
2023-08-28 07:18:14,498 [s0@group-FC067630C08B-SegmentedRaftLogWorker] INFO  segmented.SegmentedRaftLogWorker (SegmentedRaftLogWorker.java:execute(588)) - s0@group-FC067630C08B-SegmentedRaftLogWorker: Rolled log segment from /home/runner/work/ratis/ratis/ratis-test/target/test/data/c5bbf9cd/MiniRaftClusterWithNetty2c80e70f/s0/9e315ce9-0090-40c8-ac12-fc067630c08b/current/log_inprogress_1 to /home/runner/work/ratis/ratis/ratis-test/target/test/data/c5bbf9cd/MiniRaftClusterWithNetty2c80e70f/s0/9e315ce9-0090-40c8-ac12-fc067630c08b/current/log_1-22
2023-08-28 07:18:14,502 [s0@group-FC067630C08B-LeaderElection15] INFO  server.RaftServer$Division (ServerState.java:setRaftConf(377)) - s0@group-FC067630C08B: set configuration 23: peers:[s0|rpc:0.0.0.0:45655|dataStream:|priority:2|startupRole:FOLLOWER, s1|rpc:0.0.0.0:38437|dataStream:|priority:1|startupRole:FOLLOWER, s2|rpc:0.0.0.0:45769|dataStream:|priority:1|startupRole:FOLLOWER]|listeners:[], old=null
2023-08-28 07:18:14,503 [nioEventLoopGroup-143-2] INFO  server.RaftServer$Division (ServerState.java:setLeader(260)) - s2@group-FC067630C08B: change Leader from null to s0 at term 3 for appendEntries, leader elected after 12ms
2023-08-28 07:18:14,503 [nioEventLoopGroup-141-3] INFO  server.RaftServer$Division (ServerState.java:setLeader(260)) - s1@group-FC067630C08B: change Leader from null to s0 at term 3 for appendEntries, leader elected after 9ms
2023-08-28 07:18:14,505 [nioEventLoopGroup-143-2] DEBUG server.RaftServer$Division (RaftServerImpl.java:logAppendEntries(1471)) - s2@group-FC067630C08B: receive appendEntries(s0, 3, (t:2, i:22), 22, true, commits:[s0:c22, s1:c22, s2:c22], cId:504, entries: [(t:3, i:23), CONFIGURATIONENTRY(current:id: "s0"
address: "0.0.0.0:45655"
priority: 2
clientAddress: "0.0.0.0:45655"
adminAddress: "0.0.0.0:45655"
startupRole: FOLLOWER
,id: "s1"
address: "0.0.0.0:38437"
priority: 1
clientAddress: "0.0.0.0:38437"
adminAddress: "0.0.0.0:38437"
startupRole: FOLLOWER
,id: "s2"
address: "0.0.0.0:45769"
priority: 1
clientAddress: "0.0.0.0:45769"
adminAddress: "0.0.0.0:45769"
startupRole: FOLLOWER
, old:)]
2023-08-28 07:18:14,505 [nioEventLoopGroup-143-2] INFO  server.RaftServer$Division (ServerState.java:setRaftConf(377)) - s2@group-FC067630C08B: set configuration 23: peers:[s0|rpc:0.0.0.0:45655|dataStream:|priority:2|startupRole:FOLLOWER, s1|rpc:0.0.0.0:38437|dataStream:|priority:1|startupRole:FOLLOWER, s2|rpc:0.0.0.0:45769|dataStream:|priority:1|startupRole:FOLLOWER]|listeners:[], old=null
2023-08-28 07:18:14,505 [nioEventLoopGroup-143-2] INFO  segmented.SegmentedRaftLogWorker (SegmentedRaftLogWorker.java:rollLogSegment(432)) - s2@group-FC067630C08B-SegmentedRaftLogWorker: Rolling segment log-1_22 to index:22
2023-08-28 07:18:14,506 [s2@group-FC067630C08B-SegmentedRaftLogWorker] TRACE util.FileUtils (LogUtils.java:runAndLog(49)) - Successfully ran Atomic Files.move /home/runner/work/ratis/ratis/ratis-test/target/test/data/c5bbf9cd/MiniRaftClusterWithNetty2c80e70f/s2/9e315ce9-0090-40c8-ac12-fc067630c08b/current/log_inprogress_1 to /home/runner/work/ratis/ratis/ratis-test/target/test/data/c5bbf9cd/MiniRaftClusterWithNetty2c80e70f/s2/9e315ce9-0090-40c8-ac12-fc067630c08b/current/log_1-22
2023-08-28 07:18:14,506 [s2@group-FC067630C08B-SegmentedRaftLogWorker] INFO  segmented.SegmentedRaftLogWorker (SegmentedRaftLogWorker.java:execute(588)) - s2@group-FC067630C08B-SegmentedRaftLogWorker: Rolled log segment from /home/runner/work/ratis/ratis/ratis-test/target/test/data/c5bbf9cd/MiniRaftClusterWithNetty2c80e70f/s2/9e315ce9-0090-40c8-ac12-fc067630c08b/current/log_inprogress_1 to /home/runner/work/ratis/ratis/ratis-test/target/test/data/c5bbf9cd/MiniRaftClusterWithNetty2c80e70f/s2/9e315ce9-0090-40c8-ac12-fc067630c08b/current/log_1-22
2023-08-28 07:18:14,510 [nioEventLoopGroup-141-3] DEBUG server.RaftServer$Division (RaftServerImpl.java:logAppendEntries(1471)) - s1@group-FC067630C08B: receive appendEntries(s0, 3, (t:2, i:22), 22, true, commits:[s0:c22, s1:c22, s2:c22], cId:505, entries: [(t:3, i:23), CONFIGURATIONENTRY(current:id: "s0"
address: "0.0.0.0:45655"
priority: 2
clientAddress: "0.0.0.0:45655"
adminAddress: "0.0.0.0:45655"
startupRole: FOLLOWER
,id: "s1"
address: "0.0.0.0:38437"
priority: 1
clientAddress: "0.0.0.0:38437"
adminAddress: "0.0.0.0:38437"
startupRole: FOLLOWER
,id: "s2"
address: "0.0.0.0:45769"
priority: 1
clientAddress: "0.0.0.0:45769"
adminAddress: "0.0.0.0:45769"
startupRole: FOLLOWER
, old:)]
2023-08-28 07:18:14,510 [nioEventLoopGroup-141-3] INFO  server.RaftServer$Division (ServerState.java:setRaftConf(377)) - s1@group-FC067630C08B: set configuration 23: peers:[s0|rpc:0.0.0.0:45655|dataStream:|priority:2|startupRole:FOLLOWER, s1|rpc:0.0.0.0:38437|dataStream:|priority:1|startupRole:FOLLOWER, s2|rpc:0.0.0.0:45769|dataStream:|priority:1|startupRole:FOLLOWER]|listeners:[], old=null
2023-08-28 07:18:14,510 [nioEventLoopGroup-141-3] INFO  segmented.SegmentedRaftLogWorker (SegmentedRaftLogWorker.java:rollLogSegment(432)) - s1@group-FC067630C08B-SegmentedRaftLogWorker: Rolling segment log-1_22 to index:22
2023-08-28 07:18:14,512 [s1@group-FC067630C08B-SegmentedRaftLogWorker] TRACE util.FileUtils (LogUtils.java:runAndLog(49)) - Successfully ran Atomic Files.move /home/runner/work/ratis/ratis/ratis-test/target/test/data/c5bbf9cd/MiniRaftClusterWithNetty2c80e70f/s1/9e315ce9-0090-40c8-ac12-fc067630c08b/current/log_inprogress_1 to /home/runner/work/ratis/ratis/ratis-test/target/test/data/c5bbf9cd/MiniRaftClusterWithNetty2c80e70f/s1/9e315ce9-0090-40c8-ac12-fc067630c08b/current/log_1-22
2023-08-28 07:18:14,512 [s1@group-FC067630C08B-SegmentedRaftLogWorker] INFO  segmented.SegmentedRaftLogWorker (SegmentedRaftLogWorker.java:execute(588)) - s1@group-FC067630C08B-SegmentedRaftLogWorker: Rolled log segment from /home/runner/work/ratis/ratis/ratis-test/target/test/data/c5bbf9cd/MiniRaftClusterWithNetty2c80e70f/s1/9e315ce9-0090-40c8-ac12-fc067630c08b/current/log_inprogress_1 to /home/runner/work/ratis/ratis/ratis-test/target/test/data/c5bbf9cd/MiniRaftClusterWithNetty2c80e70f/s1/9e315ce9-0090-40c8-ac12-fc067630c08b/current/log_1-22
2023-08-28 07:18:14,513 [s0@group-FC067630C08B-SegmentedRaftLogWorker] INFO  segmented.SegmentedRaftLogWorker (SegmentedRaftLogWorker.java:execute(631)) - s0@group-FC067630C08B-SegmentedRaftLogWorker: created new log segment /home/runner/work/ratis/ratis/ratis-test/target/test/data/c5bbf9cd/MiniRaftClusterWithNetty2c80e70f/s0/9e315ce9-0090-40c8-ac12-fc067630c08b/current/log_inprogress_23
2023-08-28 07:18:14,515 [s2@group-FC067630C08B-SegmentedRaftLogWorker] INFO  segmented.SegmentedRaftLogWorker (SegmentedRaftLogWorker.java:execute(631)) - s2@group-FC067630C08B-SegmentedRaftLogWorker: created new log segment /home/runner/work/ratis/ratis/ratis-test/target/test/data/c5bbf9cd/MiniRaftClusterWithNetty2c80e70f/s2/9e315ce9-0090-40c8-ac12-fc067630c08b/current/log_inprogress_23
2023-08-28 07:18:14,516 [s2-server-thread1] DEBUG server.RaftServer$Division (RaftServerImpl.java:logAppendEntries(1471)) - s2@group-FC067630C08B: succeeded to handle AppendEntries. Reply: s0<-s2#504:OK-t3,SUCCESS,nextIndex=24,followerCommit=22,matchIndex=23
2023-08-28 07:18:14,517 [nioEventLoopGroup-143-2] DEBUG server.RaftServer$Division (RaftServerImpl.java:logAppendEntries(1471)) - s2@group-FC067630C08B: receive appendEntries(s0, 3, (t:3, i:23), 23, true, commits:[s0:c23, s1:c22, s2:c22], cId:506, entries: [(t:3, i:24), METADATAENTRY(c:23)]
2023-08-28 07:18:14,520 [s2-server-thread1] DEBUG server.RaftServer$Division (RaftServerImpl.java:logAppendEntries(1471)) - s2@group-FC067630C08B: succeeded to handle AppendEntries. Reply: s0<-s2#506:OK-t3,SUCCESS,nextIndex=25,followerCommit=23,matchIndex=24
2023-08-28 07:18:14,520 [s1@group-FC067630C08B-SegmentedRaftLogWorker] INFO  segmented.SegmentedRaftLogWorker (SegmentedRaftLogWorker.java:execute(631)) - s1@group-FC067630C08B-SegmentedRaftLogWorker: created new log segment /home/runner/work/ratis/ratis/ratis-test/target/test/data/c5bbf9cd/MiniRaftClusterWithNetty2c80e70f/s1/9e315ce9-0090-40c8-ac12-fc067630c08b/current/log_inprogress_23
2023-08-28 07:18:14,520 [s1-server-thread1] DEBUG server.RaftServer$Division (RaftServerImpl.java:logAppendEntries(1471)) - s1@group-FC067630C08B: succeeded to handle AppendEntries. Reply: s0<-s1#505:OK-t3,SUCCESS,nextIndex=24,followerCommit=22,matchIndex=23
2023-08-28 07:18:14,521 [nioEventLoopGroup-141-3] DEBUG server.RaftServer$Division (RaftServerImpl.java:logAppendEntries(1471)) - s1@group-FC067630C08B: receive appendEntries(s0, 3, (t:3, i:23), 24, true, commits:[s0:c24, s1:c22, s2:c23], cId:507, entries: [(t:3, i:24), METADATAENTRY(c:23)]
2023-08-28 07:18:14,522 [s1-server-thread1] DEBUG server.RaftServer$Division (RaftServerImpl.java:logAppendEntries(1471)) - s1@group-FC067630C08B: succeeded to handle AppendEntries. Reply: s0<-s1#507:OK-t3,SUCCESS,nextIndex=25,followerCommit=24,matchIndex=24
2023-08-28 07:18:15,248 [Time-limited test] INFO  server.RaftServerConfigKeys (ConfUtils.java:logGet(46)) - raft.server.rpc.timeout.max = 2000ms (custom)
2023-08-28 07:18:15,248 [Time-limited test] INFO  ratis.RaftTestUtil (RaftTestUtil.java:waitForLeader(100)) - printing group-FC067630C08B
  s0:  RUNNING    LEADER s0@group-FC067630C08B:t3, leader=s0, voted=s0, raftlog=Memoized:s0@group-FC067630C08B-SegmentedRaftLog:OPENED:c24, conf=23: peers:[s0|rpc:0.0.0.0:45655|dataStream:|priority:2|startupRole:FOLLOWER, s1|rpc:0.0.0.0:38437|dataStream:|priority:1|startupRole:FOLLOWER, s2|rpc:0.0.0.0:45769|dataStream:|priority:1|startupRole:FOLLOWER]|listeners:[], old=null RUNNING
  s1:  RUNNING  FOLLOWER s1@group-FC067630C08B:t3, leader=s0, voted=s0, raftlog=Memoized:s1@group-FC067630C08B-SegmentedRaftLog:OPENED:c24, conf=23: peers:[s0|rpc:0.0.0.0:45655|dataStream:|priority:2|startupRole:FOLLOWER, s1|rpc:0.0.0.0:38437|dataStream:|priority:1|startupRole:FOLLOWER, s2|rpc:0.0.0.0:45769|dataStream:|priority:1|startupRole:FOLLOWER]|listeners:[], old=null RUNNING
  s2:  RUNNING  FOLLOWER s2@group-FC067630C08B:t3, leader=s0, voted=s0, raftlog=Memoized:s2@group-FC067630C08B-SegmentedRaftLog:OPENED:c23, conf=23: peers:[s0|rpc:0.0.0.0:45655|dataStream:|priority:2|startupRole:FOLLOWER, s1|rpc:0.0.0.0:38437|dataStream:|priority:1|startupRole:FOLLOWER, s2|rpc:0.0.0.0:45769|dataStream:|priority:1|startupRole:FOLLOWER]|listeners:[], old=null RUNNING
2023-08-28 07:18:15,248 [Time-limited test] INFO  ratis.RaftTestUtil (RaftTestUtil.java:waitForLeader(119)) - printing group-FC067630C08B
  s0:  RUNNING    LEADER s0@group-FC067630C08B:t3, leader=s0, voted=s0, raftlog=Memoized:s0@group-FC067630C08B-SegmentedRaftLog:OPENED:c24, conf=23: peers:[s0|rpc:0.0.0.0:45655|dataStream:|priority:2|startupRole:FOLLOWER, s1|rpc:0.0.0.0:38437|dataStream:|priority:1|startupRole:FOLLOWER, s2|rpc:0.0.0.0:45769|dataStream:|priority:1|startupRole:FOLLOWER]|listeners:[], old=null RUNNING
  s1:  RUNNING  FOLLOWER s1@group-FC067630C08B:t3, leader=s0, voted=s0, raftlog=Memoized:s1@group-FC067630C08B-SegmentedRaftLog:OPENED:c24, conf=23: peers:[s0|rpc:0.0.0.0:45655|dataStream:|priority:2|startupRole:FOLLOWER, s1|rpc:0.0.0.0:38437|dataStream:|priority:1|startupRole:FOLLOWER, s2|rpc:0.0.0.0:45769|dataStream:|priority:1|startupRole:FOLLOWER]|listeners:[], old=null RUNNING
  s2:  RUNNING  FOLLOWER s2@group-FC067630C08B:t3, leader=s0, voted=s0, raftlog=Memoized:s2@group-FC067630C08B-SegmentedRaftLog:OPENED:c23, conf=23: peers:[s0|rpc:0.0.0.0:45655|dataStream:|priority:2|startupRole:FOLLOWER, s1|rpc:0.0.0.0:38437|dataStream:|priority:1|startupRole:FOLLOWER, s2|rpc:0.0.0.0:45769|dataStream:|priority:1|startupRole:FOLLOWER]|listeners:[], old=null RUNNING
2023-08-28 07:18:15,249 [Time-limited test] DEBUG client.RaftClient (ConfUtils.java:logGet(46)) - raft.rpc.type = NETTY (custom)
2023-08-28 07:18:15,250 [nioEventLoopGroup-142-1] INFO  logging.LoggingHandler (AbstractInternalLogger.java:log(148)) - [id: 0xb08e02d0, L:/0.0.0.0:45769] READ: [id: 0xe7244a79, L:/10.1.0.28:45769 - R:/10.1.0.28:53756]
2023-08-28 07:18:15,250 [nioEventLoopGroup-142-1] INFO  logging.LoggingHandler (AbstractInternalLogger.java:log(148)) - [id: 0xb08e02d0, L:/0.0.0.0:45769] READ COMPLETE
2023-08-28 07:18:15,251 [nioEventLoopGroup-143-1] INFO  server.RaftServer$Division (RaftServerImpl.java:setConfigurationAsync(1238)) - s2@group-FC067630C08B: receive setConfiguration SetConfigurationRequest:client-C94F27CBFF03->s2@group-FC067630C08B, cid=508, seq=0, RW, null, SET_UNCONDITIONALLY, servers:[s0|rpc:0.0.0.0:45655|dataStream:|priority:1|startupRole:FOLLOWER, s1|rpc:0.0.0.0:38437|dataStream:|priority:2|startupRole:FOLLOWER, s2|rpc:0.0.0.0:45769|dataStream:|priority:1|startupRole:FOLLOWER], listeners:[]
2023-08-28 07:18:15,251 [Time-limited test] DEBUG client.RaftClient (RaftClientImpl.java:handleIOException(366)) - client-C94F27CBFF03: suggested new leader: s0. Failed SetConfigurationRequest:client-C94F27CBFF03->s2@group-FC067630C08B, cid=508, seq=0, RW, null, SET_UNCONDITIONALLY, servers:[s0|rpc:0.0.0.0:45655|priority:1|startupRole:FOLLOWER, s1|rpc:0.0.0.0:38437|priority:2|startupRole:FOLLOWER, s2|rpc:0.0.0.0:45769|priority:1|startupRole:FOLLOWER], listeners:[] with {}
org.apache.ratis.protocol.exceptions.NotLeaderException: Server s2@group-FC067630C08B is not the leader s0|rpc:0.0.0.0:45655|dataStream:|priority:2|startupRole:FOLLOWER
	at org.apache.ratis.client.impl.ClientProtoUtils.toRaftClientReply(ClientProtoUtils.java:431)
	at org.apache.ratis.netty.client.NettyClientRpc.sendRequest(NettyClientRpc.java:94)
	at org.apache.ratis.client.impl.BlockingImpl.sendRequest(BlockingImpl.java:139)
	at org.apache.ratis.client.impl.BlockingImpl.sendRequestWithRetry(BlockingImpl.java:104)
	at org.apache.ratis.client.impl.AdminImpl.setConfiguration(AdminImpl.java:46)
	at org.apache.ratis.client.api.AdminApi.setConfiguration(AdminApi.java:51)
	at org.apache.ratis.client.api.AdminApi.setConfiguration(AdminApi.java:45)
	at org.apache.ratis.server.impl.GroupManagementBaseTest.testGroupWithPriority(GroupManagementBaseTest.java:158)
	at java.base/jdk.internal.reflect.NativeMethodAccessorImpl.invoke0(Native Method)
	at java.base/jdk.internal.reflect.NativeMethodAccessorImpl.invoke(NativeMethodAccessorImpl.java:62)
	at java.base/jdk.internal.reflect.DelegatingMethodAccessorImpl.invoke(DelegatingMethodAccessorImpl.java:43)
	at java.base/java.lang.reflect.Method.invoke(Method.java:566)
	at org.junit.runners.model.FrameworkMethod$1.runReflectiveCall(FrameworkMethod.java:59)
	at org.junit.internal.runners.model.ReflectiveCallable.run(ReflectiveCallable.java:12)
	at org.junit.runners.model.FrameworkMethod.invokeExplosively(FrameworkMethod.java:56)
	at org.junit.internal.runners.statements.InvokeMethod.evaluate(InvokeMethod.java:17)
	at org.junit.internal.runners.statements.RunAfters.evaluate(RunAfters.java:27)
	at org.junit.internal.runners.statements.FailOnTimeout$CallableStatement.call(FailOnTimeout.java:299)
	at org.junit.internal.runners.statements.FailOnTimeout$CallableStatement.call(FailOnTimeout.java:293)
	at java.base/java.util.concurrent.FutureTask.run(FutureTask.java:264)
	at java.base/java.lang.Thread.run(Thread.java:829)
2023-08-28 07:18:15,252 [Time-limited test] DEBUG client.RaftClient (RaftClientImpl.java:handleIOException(385)) - client-C94F27CBFF03: oldLeader=s2,  curLeader=s2, newLeader=s0
2023-08-28 07:18:15,252 [Time-limited test] DEBUG client.RaftClient (RaftClientImpl.java:handleIOException(391)) - group-FC067630C08B client-C94F27CBFF03: client change Leader from s2 to s0 ex=org.apache.ratis.protocol.exceptions.NotLeaderException
2023-08-28 07:18:15,353 [nioEventLoopGroup-138-1] INFO  logging.LoggingHandler (AbstractInternalLogger.java:log(148)) - [id: 0x7f450946, L:/0.0.0.0:45655] READ: [id: 0x57b5ca6d, L:/10.1.0.28:45655 - R:/10.1.0.28:43328]
2023-08-28 07:18:15,353 [nioEventLoopGroup-138-1] INFO  logging.LoggingHandler (AbstractInternalLogger.java:log(148)) - [id: 0x7f450946, L:/0.0.0.0:45655] READ COMPLETE
2023-08-28 07:18:15,354 [nioEventLoopGroup-139-1] INFO  server.RaftServer$Division (RaftServerImpl.java:setConfigurationAsync(1238)) - s0@group-FC067630C08B: receive setConfiguration SetConfigurationRequest:client-C94F27CBFF03->s0@group-FC067630C08B, cid=508, seq=0, RW, null, SET_UNCONDITIONALLY, servers:[s0|rpc:0.0.0.0:45655|dataStream:|priority:1|startupRole:FOLLOWER, s1|rpc:0.0.0.0:38437|dataStream:|priority:2|startupRole:FOLLOWER, s2|rpc:0.0.0.0:45769|dataStream:|priority:1|startupRole:FOLLOWER], listeners:[]
2023-08-28 07:18:15,354 [nioEventLoopGroup-139-1] INFO  server.RaftServer$Division (LeaderStateImpl.java:startSetConfiguration(450)) - s0@group-FC067630C08B-LeaderStateImpl: startSetConfiguration SetConfigurationRequest:client-C94F27CBFF03->s0@group-FC067630C08B, cid=508, seq=0, RW, null, SET_UNCONDITIONALLY, servers:[s0|rpc:0.0.0.0:45655|dataStream:|priority:1|startupRole:FOLLOWER, s1|rpc:0.0.0.0:38437|dataStream:|priority:2|startupRole:FOLLOWER, s2|rpc:0.0.0.0:45769|dataStream:|priority:1|startupRole:FOLLOWER], listeners:[]
2023-08-28 07:18:15,355 [nioEventLoopGroup-139-1] INFO  server.RaftServer$Division (ServerState.java:setRaftConf(377)) - s0@group-FC067630C08B: set configuration 25: peers:[s0|rpc:0.0.0.0:45655|dataStream:|priority:1|startupRole:FOLLOWER, s1|rpc:0.0.0.0:38437|dataStream:|priority:2|startupRole:FOLLOWER, s2|rpc:0.0.0.0:45769|dataStream:|priority:1|startupRole:FOLLOWER]|listeners:[], old=peers:[s0|rpc:0.0.0.0:45655|dataStream:|priority:2|startupRole:FOLLOWER, s1|rpc:0.0.0.0:38437|dataStream:|priority:1|startupRole:FOLLOWER, s2|rpc:0.0.0.0:45769|dataStream:|priority:1|startupRole:FOLLOWER]|listeners:[]
2023-08-28 07:18:15,356 [nioEventLoopGroup-143-2] DEBUG server.RaftServer$Division (RaftServerImpl.java:logAppendEntries(1471)) - s2@group-FC067630C08B: receive appendEntries(s0, 3, (t:3, i:24), 24, true, commits:[s0:c24, s1:c24, s2:c24], cId:513, entries: [(t:3, i:25), CONFIGURATIONENTRY(current:id: "s0"
address: "0.0.0.0:45655"
priority: 1
clientAddress: "0.0.0.0:45655"
adminAddress: "0.0.0.0:45655"
startupRole: FOLLOWER
,id: "s1"
address: "0.0.0.0:38437"
priority: 2
clientAddress: "0.0.0.0:38437"
adminAddress: "0.0.0.0:38437"
startupRole: FOLLOWER
,id: "s2"
address: "0.0.0.0:45769"
priority: 1
clientAddress: "0.0.0.0:45769"
adminAddress: "0.0.0.0:45769"
startupRole: FOLLOWER
, old:id: "s0"
address: "0.0.0.0:45655"
priority: 2
clientAddress: "0.0.0.0:45655"
adminAddress: "0.0.0.0:45655"
startupRole: FOLLOWER
,id: "s1"
address: "0.0.0.0:38437"
priority: 1
clientAddress: "0.0.0.0:38437"
adminAddress: "0.0.0.0:38437"
startupRole: FOLLOWER
,id: "s2"
address: "0.0.0.0:45769"
priority: 1
clientAddress: "0.0.0.0:45769"
adminAddress: "0.0.0.0:45769"
startupRole: FOLLOWER
)]
2023-08-28 07:18:15,356 [nioEventLoopGroup-143-2] INFO  server.RaftServer$Division (ServerState.java:setRaftConf(377)) - s2@group-FC067630C08B: set configuration 25: peers:[s0|rpc:0.0.0.0:45655|dataStream:|priority:1|startupRole:FOLLOWER, s1|rpc:0.0.0.0:38437|dataStream:|priority:2|startupRole:FOLLOWER, s2|rpc:0.0.0.0:45769|dataStream:|priority:1|startupRole:FOLLOWER]|listeners:[], old=peers:[s0|rpc:0.0.0.0:45655|dataStream:|priority:2|startupRole:FOLLOWER, s1|rpc:0.0.0.0:38437|dataStream:|priority:1|startupRole:FOLLOWER, s2|rpc:0.0.0.0:45769|dataStream:|priority:1|startupRole:FOLLOWER]|listeners:[]
2023-08-28 07:18:15,356 [nioEventLoopGroup-141-3] DEBUG server.RaftServer$Division (RaftServerImpl.java:logAppendEntries(1471)) - s1@group-FC067630C08B: receive appendEntries(s0, 3, (t:3, i:24), 24, true, commits:[s0:c24, s1:c24, s2:c24], cId:514, entries: [(t:3, i:25), CONFIGURATIONENTRY(current:id: "s0"
address: "0.0.0.0:45655"
priority: 1
clientAddress: "0.0.0.0:45655"
adminAddress: "0.0.0.0:45655"
startupRole: FOLLOWER
,id: "s1"
address: "0.0.0.0:38437"
priority: 2
clientAddress: "0.0.0.0:38437"
adminAddress: "0.0.0.0:38437"
startupRole: FOLLOWER
,id: "s2"
address: "0.0.0.0:45769"
priority: 1
clientAddress: "0.0.0.0:45769"
adminAddress: "0.0.0.0:45769"
startupRole: FOLLOWER
, old:id: "s0"
address: "0.0.0.0:45655"
priority: 2
clientAddress: "0.0.0.0:45655"
adminAddress: "0.0.0.0:45655"
startupRole: FOLLOWER
,id: "s1"
address: "0.0.0.0:38437"
priority: 1
clientAddress: "0.0.0.0:38437"
adminAddress: "0.0.0.0:38437"
startupRole: FOLLOWER
,id: "s2"
address: "0.0.0.0:45769"
priority: 1
clientAddress: "0.0.0.0:45769"
adminAddress: "0.0.0.0:45769"
startupRole: FOLLOWER
)]
2023-08-28 07:18:15,356 [nioEventLoopGroup-141-3] INFO  server.RaftServer$Division (ServerState.java:setRaftConf(377)) - s1@group-FC067630C08B: set configuration 25: peers:[s0|rpc:0.0.0.0:45655|dataStream:|priority:1|startupRole:FOLLOWER, s1|rpc:0.0.0.0:38437|dataStream:|priority:2|startupRole:FOLLOWER, s2|rpc:0.0.0.0:45769|dataStream:|priority:1|startupRole:FOLLOWER]|listeners:[], old=peers:[s0|rpc:0.0.0.0:45655|dataStream:|priority:2|startupRole:FOLLOWER, s1|rpc:0.0.0.0:38437|dataStream:|priority:1|startupRole:FOLLOWER, s2|rpc:0.0.0.0:45769|dataStream:|priority:1|startupRole:FOLLOWER]|listeners:[]
2023-08-28 07:18:15,357 [s2-server-thread1] DEBUG server.RaftServer$Division (RaftServerImpl.java:logAppendEntries(1471)) - s2@group-FC067630C08B: succeeded to handle AppendEntries. Reply: s0<-s2#513:OK-t3,SUCCESS,nextIndex=26,followerCommit=24,matchIndex=25
2023-08-28 07:18:15,357 [s1-server-thread1] DEBUG server.RaftServer$Division (RaftServerImpl.java:logAppendEntries(1471)) - s1@group-FC067630C08B: succeeded to handle AppendEntries. Reply: s0<-s1#514:OK-t3,SUCCESS,nextIndex=26,followerCommit=24,matchIndex=25
2023-08-28 07:18:15,358 [s0@group-FC067630C08B-LeaderStateImpl] INFO  server.RaftServer$Division (ServerState.java:setRaftConf(377)) - s0@group-FC067630C08B: set configuration 27: peers:[s0|rpc:0.0.0.0:45655|dataStream:|priority:1|startupRole:FOLLOWER, s1|rpc:0.0.0.0:38437|dataStream:|priority:2|startupRole:FOLLOWER, s2|rpc:0.0.0.0:45769|dataStream:|priority:1|startupRole:FOLLOWER]|listeners:[], old=null
2023-08-28 07:18:15,359 [nioEventLoopGroup-141-3] DEBUG server.RaftServer$Division (RaftServerImpl.java:logAppendEntries(1471)) - s1@group-FC067630C08B: receive appendEntries(s0, 3, (t:3, i:25), 25, true, commits:[s0:c25, s1:c24, s2:c24], cId:515, entries: [(t:3, i:26), METADATAENTRY(c:25), (t:3, i:27), CONFIGURATIONENTRY(current:id: "s0"
address: "0.0.0.0:45655"
priority: 1
clientAddress: "0.0.0.0:45655"
adminAddress: "0.0.0.0:45655"
startupRole: FOLLOWER
,id: "s1"
address: "0.0.0.0:38437"
priority: 2
clientAddress: "0.0.0.0:38437"
adminAddress: "0.0.0.0:38437"
startupRole: FOLLOWER
,id: "s2"
address: "0.0.0.0:45769"
priority: 1
clientAddress: "0.0.0.0:45769"
adminAddress: "0.0.0.0:45769"
startupRole: FOLLOWER
, old:)]
2023-08-28 07:18:15,359 [nioEventLoopGroup-141-3] INFO  server.RaftServer$Division (ServerState.java:setRaftConf(377)) - s1@group-FC067630C08B: set configuration 27: peers:[s0|rpc:0.0.0.0:45655|dataStream:|priority:1|startupRole:FOLLOWER, s1|rpc:0.0.0.0:38437|dataStream:|priority:2|startupRole:FOLLOWER, s2|rpc:0.0.0.0:45769|dataStream:|priority:1|startupRole:FOLLOWER]|listeners:[], old=null
2023-08-28 07:18:15,359 [nioEventLoopGroup-143-2] DEBUG server.RaftServer$Division (RaftServerImpl.java:logAppendEntries(1471)) - s2@group-FC067630C08B: receive appendEntries(s0, 3, (t:3, i:25), 25, true, commits:[s0:c25, s1:c24, s2:c24], cId:516, entries: [(t:3, i:26), METADATAENTRY(c:25), (t:3, i:27), CONFIGURATIONENTRY(current:id: "s0"
address: "0.0.0.0:45655"
priority: 1
clientAddress: "0.0.0.0:45655"
adminAddress: "0.0.0.0:45655"
startupRole: FOLLOWER
,id: "s1"
address: "0.0.0.0:38437"
priority: 2
clientAddress: "0.0.0.0:38437"
adminAddress: "0.0.0.0:38437"
startupRole: FOLLOWER
,id: "s2"
address: "0.0.0.0:45769"
priority: 1
clientAddress: "0.0.0.0:45769"
adminAddress: "0.0.0.0:45769"
startupRole: FOLLOWER
, old:)]
2023-08-28 07:18:15,360 [nioEventLoopGroup-143-2] INFO  server.RaftServer$Division (ServerState.java:setRaftConf(377)) - s2@group-FC067630C08B: set configuration 27: peers:[s0|rpc:0.0.0.0:45655|dataStream:|priority:1|startupRole:FOLLOWER, s1|rpc:0.0.0.0:38437|dataStream:|priority:2|startupRole:FOLLOWER, s2|rpc:0.0.0.0:45769|dataStream:|priority:1|startupRole:FOLLOWER]|listeners:[], old=null
2023-08-28 07:18:15,360 [s1-server-thread1] DEBUG server.RaftServer$Division (RaftServerImpl.java:logAppendEntries(1471)) - s1@group-FC067630C08B: succeeded to handle AppendEntries. Reply: s0<-s1#515:OK-t3,SUCCESS,nextIndex=28,followerCommit=25,matchIndex=27
2023-08-28 07:18:15,360 [s2-server-thread1] DEBUG server.RaftServer$Division (RaftServerImpl.java:logAppendEntries(1471)) - s2@group-FC067630C08B: succeeded to handle AppendEntries. Reply: s0<-s2#516:OK-t3,SUCCESS,nextIndex=28,followerCommit=25,matchIndex=27
2023-08-28 07:18:15,362 [nioEventLoopGroup-143-2] DEBUG server.RaftServer$Division (RaftServerImpl.java:logAppendEntries(1471)) - s2@group-FC067630C08B: receive appendEntries(s0, 3, (t:3, i:27), 27, true, commits:[s0:c27, s1:c24, s2:c25], cId:517, entries: [(t:3, i:28), METADATAENTRY(c:27)]
2023-08-28 07:18:15,362 [nioEventLoopGroup-141-3] DEBUG server.RaftServer$Division (RaftServerImpl.java:logAppendEntries(1471)) - s1@group-FC067630C08B: receive appendEntries(s0, 3, (t:3, i:27), 27, true, commits:[s0:c27, s1:c25, s2:c25], cId:518, entries: [(t:3, i:28), METADATAENTRY(c:27)]
2023-08-28 07:18:15,363 [s2-server-thread1] DEBUG server.RaftServer$Division (RaftServerImpl.java:logAppendEntries(1471)) - s2@group-FC067630C08B: succeeded to handle AppendEntries. Reply: s0<-s2#517:OK-t3,SUCCESS,nextIndex=29,followerCommit=27,matchIndex=28
2023-08-28 07:18:15,363 [s1-server-thread1] DEBUG server.RaftServer$Division (RaftServerImpl.java:logAppendEntries(1471)) - s1@group-FC067630C08B: succeeded to handle AppendEntries. Reply: s0<-s1#518:OK-t3,SUCCESS,nextIndex=29,followerCommit=27,matchIndex=28
2023-08-28 07:18:15,366 [Time-limited test] INFO  server.RaftServerConfigKeys (ConfUtils.java:logGet(46)) - raft.server.rpc.timeout.max = 2000ms (custom)
2023-08-28 07:18:15,366 [Time-limited test] INFO  ratis.RaftTestUtil (RaftTestUtil.java:waitForLeader(100)) - printing group-FC067630C08B
  s0:  RUNNING    LEADER s0@group-FC067630C08B:t3, leader=s0, voted=s0, raftlog=Memoized:s0@group-FC067630C08B-SegmentedRaftLog:OPENED:c28, conf=27: peers:[s0|rpc:0.0.0.0:45655|dataStream:|priority:1|startupRole:FOLLOWER, s1|rpc:0.0.0.0:38437|dataStream:|priority:2|startupRole:FOLLOWER, s2|rpc:0.0.0.0:45769|dataStream:|priority:1|startupRole:FOLLOWER]|listeners:[], old=null RUNNING
  s1:  RUNNING  FOLLOWER s1@group-FC067630C08B:t3, leader=s0, voted=s0, raftlog=Memoized:s1@group-FC067630C08B-SegmentedRaftLog:OPENED:c27, conf=27: peers:[s0|rpc:0.0.0.0:45655|dataStream:|priority:1|startupRole:FOLLOWER, s1|rpc:0.0.0.0:38437|dataStream:|priority:2|startupRole:FOLLOWER, s2|rpc:0.0.0.0:45769|dataStream:|priority:1|startupRole:FOLLOWER]|listeners:[], old=null RUNNING
  s2:  RUNNING  FOLLOWER s2@group-FC067630C08B:t3, leader=s0, voted=s0, raftlog=Memoized:s2@group-FC067630C08B-SegmentedRaftLog:OPENED:c27, conf=27: peers:[s0|rpc:0.0.0.0:45655|dataStream:|priority:1|startupRole:FOLLOWER, s1|rpc:0.0.0.0:38437|dataStream:|priority:2|startupRole:FOLLOWER, s2|rpc:0.0.0.0:45769|dataStream:|priority:1|startupRole:FOLLOWER]|listeners:[], old=null RUNNING
2023-08-28 07:18:15,366 [Time-limited test] INFO  ratis.RaftTestUtil (RaftTestUtil.java:waitForLeader(119)) - printing group-FC067630C08B
  s0:  RUNNING    LEADER s0@group-FC067630C08B:t3, leader=s0, voted=s0, raftlog=Memoized:s0@group-FC067630C08B-SegmentedRaftLog:OPENED:c28, conf=27: peers:[s0|rpc:0.0.0.0:45655|dataStream:|priority:1|startupRole:FOLLOWER, s1|rpc:0.0.0.0:38437|dataStream:|priority:2|startupRole:FOLLOWER, s2|rpc:0.0.0.0:45769|dataStream:|priority:1|startupRole:FOLLOWER]|listeners:[], old=null RUNNING
  s1:  RUNNING  FOLLOWER s1@group-FC067630C08B:t3, leader=s0, voted=s0, raftlog=Memoized:s1@group-FC067630C08B-SegmentedRaftLog:OPENED:c27, conf=27: peers:[s0|rpc:0.0.0.0:45655|dataStream:|priority:1|startupRole:FOLLOWER, s1|rpc:0.0.0.0:38437|dataStream:|priority:2|startupRole:FOLLOWER, s2|rpc:0.0.0.0:45769|dataStream:|priority:1|startupRole:FOLLOWER]|listeners:[], old=null RUNNING
  s2:  RUNNING  FOLLOWER s2@group-FC067630C08B:t3, leader=s0, voted=s0, raftlog=Memoized:s2@group-FC067630C08B-SegmentedRaftLog:OPENED:c27, conf=27: peers:[s0|rpc:0.0.0.0:45655|dataStream:|priority:1|startupRole:FOLLOWER, s1|rpc:0.0.0.0:38437|dataStream:|priority:2|startupRole:FOLLOWER, s2|rpc:0.0.0.0:45769|dataStream:|priority:1|startupRole:FOLLOWER]|listeners:[], old=null RUNNING
2023-08-28 07:18:15,366 [Time-limited test] WARN  impl.GroupManagementBaseTest (JavaUtils.java:attempt(217)) - FAILED "testMultiGroupWithPriority", attempt #1/10: java.lang.AssertionError, sleep 1s and then retry.
java.lang.AssertionError
	at org.junit.Assert.fail(Assert.java:87)
	at org.junit.Assert.assertTrue(Assert.java:42)
	at org.junit.Assert.assertTrue(Assert.java:53)
	at org.apache.ratis.server.impl.GroupManagementBaseTest.lambda$testGroupWithPriority$4(GroupManagementBaseTest.java:164)
	at org.apache.ratis.util.function.CheckedRunnable.lambda$asCheckedSupplier$0(CheckedRunnable.java:32)
	at org.apache.ratis.util.JavaUtils.attempt(JavaUtils.java:211)
	at org.apache.ratis.util.JavaUtils.attemptRepeatedly(JavaUtils.java:197)
	at org.apache.ratis.util.JavaUtils.attempt(JavaUtils.java:231)
	at org.apache.ratis.server.impl.GroupManagementBaseTest.testGroupWithPriority(GroupManagementBaseTest.java:162)
	at java.base/jdk.internal.reflect.NativeMethodAccessorImpl.invoke0(Native Method)
	at java.base/jdk.internal.reflect.NativeMethodAccessorImpl.invoke(NativeMethodAccessorImpl.java:62)
	at java.base/jdk.internal.reflect.DelegatingMethodAccessorImpl.invoke(DelegatingMethodAccessorImpl.java:43)
	at java.base/java.lang.reflect.Method.invoke(Method.java:566)
	at org.junit.runners.model.FrameworkMethod$1.runReflectiveCall(FrameworkMethod.java:59)
	at org.junit.internal.runners.model.ReflectiveCallable.run(ReflectiveCallable.java:12)
	at org.junit.runners.model.FrameworkMethod.invokeExplosively(FrameworkMethod.java:56)
	at org.junit.internal.runners.statements.InvokeMethod.evaluate(InvokeMethod.java:17)
	at org.junit.internal.runners.statements.RunAfters.evaluate(RunAfters.java:27)
	at org.junit.internal.runners.statements.FailOnTimeout$CallableStatement.call(FailOnTimeout.java:299)
	at org.junit.internal.runners.statements.FailOnTimeout$CallableStatement.call(FailOnTimeout.java:293)
	at java.base/java.util.concurrent.FutureTask.run(FutureTask.java:264)
	at java.base/java.lang.Thread.run(Thread.java:829)
2023-08-28 07:18:16,367 [Time-limited test] INFO  server.RaftServerConfigKeys (ConfUtils.java:logGet(46)) - raft.server.rpc.timeout.max = 2000ms (custom)
2023-08-28 07:18:16,367 [Time-limited test] INFO  ratis.RaftTestUtil (RaftTestUtil.java:waitForLeader(100)) - printing group-FC067630C08B
  s0:  RUNNING    LEADER s0@group-FC067630C08B:t3, leader=s0, voted=s0, raftlog=Memoized:s0@group-FC067630C08B-SegmentedRaftLog:OPENED:c28, conf=27: peers:[s0|rpc:0.0.0.0:45655|dataStream:|priority:1|startupRole:FOLLOWER, s1|rpc:0.0.0.0:38437|dataStream:|priority:2|startupRole:FOLLOWER, s2|rpc:0.0.0.0:45769|dataStream:|priority:1|startupRole:FOLLOWER]|listeners:[], old=null RUNNING
  s1:  RUNNING  FOLLOWER s1@group-FC067630C08B:t3, leader=s0, voted=s0, raftlog=Memoized:s1@group-FC067630C08B-SegmentedRaftLog:OPENED:c28, conf=27: peers:[s0|rpc:0.0.0.0:45655|dataStream:|priority:1|startupRole:FOLLOWER, s1|rpc:0.0.0.0:38437|dataStream:|priority:2|startupRole:FOLLOWER, s2|rpc:0.0.0.0:45769|dataStream:|priority:1|startupRole:FOLLOWER]|listeners:[], old=null RUNNING
  s2:  RUNNING  FOLLOWER s2@group-FC067630C08B:t3, leader=s0, voted=s0, raftlog=Memoized:s2@group-FC067630C08B-SegmentedRaftLog:OPENED:c28, conf=27: peers:[s0|rpc:0.0.0.0:45655|dataStream:|priority:1|startupRole:FOLLOWER, s1|rpc:0.0.0.0:38437|dataStream:|priority:2|startupRole:FOLLOWER, s2|rpc:0.0.0.0:45769|dataStream:|priority:1|startupRole:FOLLOWER]|listeners:[], old=null RUNNING
2023-08-28 07:18:16,367 [Time-limited test] INFO  ratis.RaftTestUtil (RaftTestUtil.java:waitForLeader(119)) - printing group-FC067630C08B
  s0:  RUNNING    LEADER s0@group-FC067630C08B:t3, leader=s0, voted=s0, raftlog=Memoized:s0@group-FC067630C08B-SegmentedRaftLog:OPENED:c28, conf=27: peers:[s0|rpc:0.0.0.0:45655|dataStream:|priority:1|startupRole:FOLLOWER, s1|rpc:0.0.0.0:38437|dataStream:|priority:2|startupRole:FOLLOWER, s2|rpc:0.0.0.0:45769|dataStream:|priority:1|startupRole:FOLLOWER]|listeners:[], old=null RUNNING
  s1:  RUNNING  FOLLOWER s1@group-FC067630C08B:t3, leader=s0, voted=s0, raftlog=Memoized:s1@group-FC067630C08B-SegmentedRaftLog:OPENED:c28, conf=27: peers:[s0|rpc:0.0.0.0:45655|dataStream:|priority:1|startupRole:FOLLOWER, s1|rpc:0.0.0.0:38437|dataStream:|priority:2|startupRole:FOLLOWER, s2|rpc:0.0.0.0:45769|dataStream:|priority:1|startupRole:FOLLOWER]|listeners:[], old=null RUNNING
  s2:  RUNNING  FOLLOWER s2@group-FC067630C08B:t3, leader=s0, voted=s0, raftlog=Memoized:s2@group-FC067630C08B-SegmentedRaftLog:OPENED:c28, conf=27: peers:[s0|rpc:0.0.0.0:45655|dataStream:|priority:1|startupRole:FOLLOWER, s1|rpc:0.0.0.0:38437|dataStream:|priority:2|startupRole:FOLLOWER, s2|rpc:0.0.0.0:45769|dataStream:|priority:1|startupRole:FOLLOWER]|listeners:[], old=null RUNNING
2023-08-28 07:18:16,367 [Time-limited test] WARN  impl.GroupManagementBaseTest (JavaUtils.java:attempt(217)) - FAILED "testMultiGroupWithPriority", attempt #2/10: java.lang.AssertionError, sleep 1s and then retry.
java.lang.AssertionError
	at org.junit.Assert.fail(Assert.java:87)
	at org.junit.Assert.assertTrue(Assert.java:42)
	at org.junit.Assert.assertTrue(Assert.java:53)
	at org.apache.ratis.server.impl.GroupManagementBaseTest.lambda$testGroupWithPriority$4(GroupManagementBaseTest.java:164)
	at org.apache.ratis.util.function.CheckedRunnable.lambda$asCheckedSupplier$0(CheckedRunnable.java:32)
	at org.apache.ratis.util.JavaUtils.attempt(JavaUtils.java:211)
	at org.apache.ratis.util.JavaUtils.attemptRepeatedly(JavaUtils.java:197)
	at org.apache.ratis.util.JavaUtils.attempt(JavaUtils.java:231)
	at org.apache.ratis.server.impl.GroupManagementBaseTest.testGroupWithPriority(GroupManagementBaseTest.java:162)
	at java.base/jdk.internal.reflect.NativeMethodAccessorImpl.invoke0(Native Method)
	at java.base/jdk.internal.reflect.NativeMethodAccessorImpl.invoke(NativeMethodAccessorImpl.java:62)
	at java.base/jdk.internal.reflect.DelegatingMethodAccessorImpl.invoke(DelegatingMethodAccessorImpl.java:43)
	at java.base/java.lang.reflect.Method.invoke(Method.java:566)
	at org.junit.runners.model.FrameworkMethod$1.runReflectiveCall(FrameworkMethod.java:59)
	at org.junit.internal.runners.model.ReflectiveCallable.run(ReflectiveCallable.java:12)
	at org.junit.runners.model.FrameworkMethod.invokeExplosively(FrameworkMethod.java:56)
	at org.junit.internal.runners.statements.InvokeMethod.evaluate(InvokeMethod.java:17)
	at org.junit.internal.runners.statements.RunAfters.evaluate(RunAfters.java:27)
	at org.junit.internal.runners.statements.FailOnTimeout$CallableStatement.call(FailOnTimeout.java:299)
	at org.junit.internal.runners.statements.FailOnTimeout$CallableStatement.call(FailOnTimeout.java:293)
	at java.base/java.util.concurrent.FutureTask.run(FutureTask.java:264)
	at java.base/java.lang.Thread.run(Thread.java:829)
2023-08-28 07:18:17,364 [s0@group-FC067630C08B-LeaderStateImpl] INFO  impl.TransferLeadership (TransferLeadership.java:tryTransferLeadership(258)) - s0@group-FC067630C08B: start transferring leadership to s1
2023-08-28 07:18:17,364 [s0@group-FC067630C08B-LeaderStateImpl] INFO  impl.TransferLeadership (TransferLeadership.java:sendStartLeaderElection(210)) - s0@group-FC067630C08B: sendStartLeaderElection to follower s1, lastEntry=(t:3, i:28)
2023-08-28 07:18:17,364 [s0@group-FC067630C08B-LeaderStateImpl] INFO  impl.TransferLeadership (TransferLeadership.java:tryTransferLeadership(266)) - s0@group-FC067630C08B: SUCCESS sent StartLeaderElection to transferee s1 immediately as it already has up-to-date log
2023-08-28 07:18:17,365 [nioEventLoopGroup-141-3] DEBUG server.RaftServer$Division (RaftServerImpl.java:startLeaderElection(1711)) - s1@group-FC067630C08B: receive startLeaderElection from:s0, leaderLastEntry:term: 3
index: 28
,
2023-08-28 07:18:17,365 [nioEventLoopGroup-141-3] INFO  impl.RoleInfo (RoleInfo.java:shutdownFollowerState(109)) - s1: shutdown s1@group-FC067630C08B-FollowerState
2023-08-28 07:18:17,365 [nioEventLoopGroup-141-3] INFO  server.RaftServer$Division (RaftServerImpl.java:setRole(371)) - s1@group-FC067630C08B: changes role from  FOLLOWER to CANDIDATE at term 3 for changeToCandidate
2023-08-28 07:18:17,365 [s1@group-FC067630C08B-FollowerState] INFO  impl.FollowerState (FollowerState.java:run(152)) - s1@group-FC067630C08B-FollowerState was interrupted
2023-08-28 07:18:17,365 [nioEventLoopGroup-141-3] INFO  server.RaftServer$Division (ServerState.java:setLeader(260)) - s1@group-FC067630C08B: change Leader from s0 to null at term 3 for ELECTION
2023-08-28 07:18:17,367 [nioEventLoopGroup-141-3] INFO  impl.RoleInfo (RoleInfo.java:updateAndGet(138)) - s1: start s1@group-FC067630C08B-LeaderElection16
2023-08-28 07:18:17,367 [s1@group-FC067630C08B-LeaderElection16] INFO  impl.LeaderElection (LeaderElection.java:askForVotes(320)) - s1@group-FC067630C08B-LeaderElection16 ELECTION round 0: submit vote requests at term 4 for 27: peers:[s0|rpc:0.0.0.0:45655|dataStream:|priority:1|startupRole:FOLLOWER, s1|rpc:0.0.0.0:38437|dataStream:|priority:2|startupRole:FOLLOWER, s2|rpc:0.0.0.0:45769|dataStream:|priority:1|startupRole:FOLLOWER]|listeners:[], old=null
2023-08-28 07:18:17,367 [s0-server-thread1] INFO  impl.TransferLeadership (TransferLeadership.java:lambda$sendStartLeaderElection$2(224)) - s0@group-FC067630C08B: Received startLeaderElection reply from s1: success? true
2023-08-28 07:18:17,368 [Time-limited test] INFO  server.RaftServerConfigKeys (ConfUtils.java:logGet(46)) - raft.server.rpc.timeout.max = 2000ms (custom)
2023-08-28 07:18:17,368 [Time-limited test] INFO  ratis.RaftTestUtil (RaftTestUtil.java:waitForLeader(100)) - printing group-FC067630C08B
  s0:  RUNNING    LEADER s0@group-FC067630C08B:t3, leader=s0, voted=s0, raftlog=Memoized:s0@group-FC067630C08B-SegmentedRaftLog:OPENED:c28, conf=27: peers:[s0|rpc:0.0.0.0:45655|dataStream:|priority:1|startupRole:FOLLOWER, s1|rpc:0.0.0.0:38437|dataStream:|priority:2|startupRole:FOLLOWER, s2|rpc:0.0.0.0:45769|dataStream:|priority:1|startupRole:FOLLOWER]|listeners:[], old=null RUNNING
  s1:  RUNNING CANDIDATE s1@group-FC067630C08B:t4, leader=null, voted=s1, raftlog=Memoized:s1@group-FC067630C08B-SegmentedRaftLog:OPENED:c28, conf=27: peers:[s0|rpc:0.0.0.0:45655|dataStream:|priority:1|startupRole:FOLLOWER, s1|rpc:0.0.0.0:38437|dataStream:|priority:2|startupRole:FOLLOWER, s2|rpc:0.0.0.0:45769|dataStream:|priority:1|startupRole:FOLLOWER]|listeners:[], old=null RUNNING
  s2:  RUNNING  FOLLOWER s2@group-FC067630C08B:t3, leader=s0, voted=s0, raftlog=Memoized:s2@group-FC067630C08B-SegmentedRaftLog:OPENED:c28, conf=27: peers:[s0|rpc:0.0.0.0:45655|dataStream:|priority:1|startupRole:FOLLOWER, s1|rpc:0.0.0.0:38437|dataStream:|priority:2|startupRole:FOLLOWER, s2|rpc:0.0.0.0:45769|dataStream:|priority:1|startupRole:FOLLOWER]|listeners:[], old=null RUNNING
2023-08-28 07:18:17,368 [nioEventLoopGroup-143-3] INFO  server.RaftServer$Division (RaftServerImpl.java:requestVote(1344)) - s2@group-FC067630C08B: receive requestVote(ELECTION, s1, group-FC067630C08B, 4, (t:3, i:28))
2023-08-28 07:18:17,368 [Time-limited test] INFO  ratis.RaftTestUtil (RaftTestUtil.java:waitForLeader(119)) - printing group-FC067630C08B
  s0:  RUNNING    LEADER s0@group-FC067630C08B:t3, leader=s0, voted=s0, raftlog=Memoized:s0@group-FC067630C08B-SegmentedRaftLog:OPENED:c28, conf=27: peers:[s0|rpc:0.0.0.0:45655|dataStream:|priority:1|startupRole:FOLLOWER, s1|rpc:0.0.0.0:38437|dataStream:|priority:2|startupRole:FOLLOWER, s2|rpc:0.0.0.0:45769|dataStream:|priority:1|startupRole:FOLLOWER]|listeners:[], old=null RUNNING
  s1:  RUNNING CANDIDATE s1@group-FC067630C08B:t4, leader=null, voted=s1, raftlog=Memoized:s1@group-FC067630C08B-SegmentedRaftLog:OPENED:c28, conf=27: peers:[s0|rpc:0.0.0.0:45655|dataStream:|priority:1|startupRole:FOLLOWER, s1|rpc:0.0.0.0:38437|dataStream:|priority:2|startupRole:FOLLOWER, s2|rpc:0.0.0.0:45769|dataStream:|priority:1|startupRole:FOLLOWER]|listeners:[], old=null RUNNING
  s2:  RUNNING  FOLLOWER s2@group-FC067630C08B:t3, leader=s0, voted=s0, raftlog=Memoized:s2@group-FC067630C08B-SegmentedRaftLog:OPENED:c28, conf=27: peers:[s0|rpc:0.0.0.0:45655|dataStream:|priority:1|startupRole:FOLLOWER, s1|rpc:0.0.0.0:38437|dataStream:|priority:2|startupRole:FOLLOWER, s2|rpc:0.0.0.0:45769|dataStream:|priority:1|startupRole:FOLLOWER]|listeners:[], old=null RUNNING
2023-08-28 07:18:17,368 [nioEventLoopGroup-143-3] INFO  impl.VoteContext (VoteContext.java:log(49)) - s2@group-FC067630C08B-FOLLOWER: accept ELECTION from s1: our priority 1 <= candidate's priority 2
2023-08-28 07:18:17,368 [Time-limited test] WARN  impl.GroupManagementBaseTest (JavaUtils.java:attempt(217)) - FAILED "testMultiGroupWithPriority", attempt #3/10: java.lang.AssertionError, sleep 1s and then retry.
java.lang.AssertionError
	at org.junit.Assert.fail(Assert.java:87)
	at org.junit.Assert.assertTrue(Assert.java:42)
	at org.junit.Assert.assertTrue(Assert.java:53)
	at org.apache.ratis.server.impl.GroupManagementBaseTest.lambda$testGroupWithPriority$4(GroupManagementBaseTest.java:164)
	at org.apache.ratis.util.function.CheckedRunnable.lambda$asCheckedSupplier$0(CheckedRunnable.java:32)
	at org.apache.ratis.util.JavaUtils.attempt(JavaUtils.java:211)
	at org.apache.ratis.util.JavaUtils.attemptRepeatedly(JavaUtils.java:197)
	at org.apache.ratis.util.JavaUtils.attempt(JavaUtils.java:231)
	at org.apache.ratis.server.impl.GroupManagementBaseTest.testGroupWithPriority(GroupManagementBaseTest.java:162)
	at java.base/jdk.internal.reflect.NativeMethodAccessorImpl.invoke0(Native Method)
	at java.base/jdk.internal.reflect.NativeMethodAccessorImpl.invoke(NativeMethodAccessorImpl.java:62)
	at java.base/jdk.internal.reflect.DelegatingMethodAccessorImpl.invoke(DelegatingMethodAccessorImpl.java:43)
	at java.base/java.lang.reflect.Method.invoke(Method.java:566)
	at org.junit.runners.model.FrameworkMethod$1.runReflectiveCall(FrameworkMethod.java:59)
	at org.junit.internal.runners.model.ReflectiveCallable.run(ReflectiveCallable.java:12)
	at org.junit.runners.model.FrameworkMethod.invokeExplosively(FrameworkMethod.java:56)
	at org.junit.internal.runners.statements.InvokeMethod.evaluate(InvokeMethod.java:17)
	at org.junit.internal.runners.statements.RunAfters.evaluate(RunAfters.java:27)
	at org.junit.internal.runners.statements.FailOnTimeout$CallableStatement.call(FailOnTimeout.java:299)
	at org.junit.internal.runners.statements.FailOnTimeout$CallableStatement.call(FailOnTimeout.java:293)
	at java.base/java.util.concurrent.FutureTask.run(FutureTask.java:264)
	at java.base/java.lang.Thread.run(Thread.java:829)
2023-08-28 07:18:17,368 [nioEventLoopGroup-143-3] INFO  server.RaftServer$Division (ServerState.java:setLeader(260)) - s2@group-FC067630C08B: change Leader from s0 to null at term 4 for updateCurrentTerm
2023-08-28 07:18:17,368 [nioEventLoopGroup-143-3] INFO  server.RaftServer$Division (RaftServerImpl.java:setRole(371)) - s2@group-FC067630C08B: changes role from  FOLLOWER to FOLLOWER at term 4 for candidate:s1
2023-08-28 07:18:17,368 [nioEventLoopGroup-143-3] INFO  impl.RoleInfo (RoleInfo.java:shutdownFollowerState(109)) - s2: shutdown s2@group-FC067630C08B-FollowerState
2023-08-28 07:18:17,368 [nioEventLoopGroup-139-3] INFO  server.RaftServer$Division (RaftServerImpl.java:requestVote(1344)) - s0@group-FC067630C08B: receive requestVote(ELECTION, s1, group-FC067630C08B, 4, (t:3, i:28))
2023-08-28 07:18:17,368 [nioEventLoopGroup-143-3] INFO  impl.RoleInfo (RoleInfo.java:updateAndGet(138)) - s2: start s2@group-FC067630C08B-FollowerState
2023-08-28 07:18:17,368 [nioEventLoopGroup-139-3] INFO  impl.VoteContext (VoteContext.java:log(49)) - s0@group-FC067630C08B-LEADER: accept ELECTION from s1: our priority 1 <= candidate's priority 2
2023-08-28 07:18:17,368 [nioEventLoopGroup-139-3] INFO  server.RaftServer$Division (ServerState.java:setLeader(260)) - s0@group-FC067630C08B: change Leader from s0 to null at term 4 for updateCurrentTerm
2023-08-28 07:18:17,368 [s2@group-FC067630C08B-FollowerState] INFO  impl.FollowerState (FollowerState.java:run(152)) - s2@group-FC067630C08B-FollowerState was interrupted
2023-08-28 07:18:17,368 [nioEventLoopGroup-139-3] INFO  server.RaftServer$Division (RaftServerImpl.java:setRole(371)) - s0@group-FC067630C08B: changes role from    LEADER to FOLLOWER at term 4 for candidate:s1
2023-08-28 07:18:17,368 [nioEventLoopGroup-139-3] INFO  impl.RoleInfo (RoleInfo.java:shutdownLeaderState(92)) - s0: shutdown s0@group-FC067630C08B-LeaderStateImpl
2023-08-28 07:18:17,368 [s0@group-FC067630C08B->s1-LogAppenderDefault-LogAppenderDaemon] INFO  leader.LogAppenderDaemon (LogAppenderDaemon.java:run(83)) - s0@group-FC067630C08B->s1-LogAppenderDefault-LogAppenderDaemon was interrupted: java.lang.InterruptedException
2023-08-28 07:18:17,368 [nioEventLoopGroup-139-3] INFO  impl.PendingRequests (PendingRequests.java:sendNotLeaderResponses(289)) - s0@group-FC067630C08B-PendingRequests: sendNotLeaderResponses
2023-08-28 07:18:17,369 [s0@group-FC067630C08B->s2-LogAppenderDefault-LogAppenderDaemon] INFO  leader.LogAppenderDaemon (LogAppenderDaemon.java:run(83)) - s0@group-FC067630C08B->s2-LogAppenderDefault-LogAppenderDaemon was interrupted: java.lang.InterruptedException
2023-08-28 07:18:17,370 [nioEventLoopGroup-139-3] INFO  impl.RoleInfo (RoleInfo.java:updateAndGet(138)) - s0: start s0@group-FC067630C08B-FollowerState
2023-08-28 07:18:17,371 [nioEventLoopGroup-143-3] INFO  server.RaftServer$Division (RaftServerImpl.java:requestVote(1377)) - s2@group-FC067630C08B replies to ELECTION vote request: s1<-s2#0:OK-t4. Peer's state: s2@group-FC067630C08B:t4, leader=null, voted=s1, raftlog=Memoized:s2@group-FC067630C08B-SegmentedRaftLog:OPENED:c28, conf=27: peers:[s0|rpc:0.0.0.0:45655|dataStream:|priority:1|startupRole:FOLLOWER, s1|rpc:0.0.0.0:38437|dataStream:|priority:2|startupRole:FOLLOWER, s2|rpc:0.0.0.0:45769|dataStream:|priority:1|startupRole:FOLLOWER]|listeners:[], old=null
2023-08-28 07:18:17,371 [s1@group-FC067630C08B-LeaderElection16] INFO  impl.LeaderElection (LeaderElection.java:logAndReturn(89)) - s1@group-FC067630C08B-LeaderElection16: ELECTION PASSED received 1 response(s) and 0 exception(s):
2023-08-28 07:18:17,371 [s1@group-FC067630C08B-LeaderElection16] INFO  impl.LeaderElection (LeaderElection.java:logAndReturn(93)) -   Response 0: s1<-s2#0:OK-t4
2023-08-28 07:18:17,371 [s1@group-FC067630C08B-LeaderElection16] INFO  impl.LeaderElection (LeaderElection.java:askForVotes(322)) - s1@group-FC067630C08B-LeaderElection16 ELECTION round 0: result PASSED
2023-08-28 07:18:17,371 [s1@group-FC067630C08B-LeaderElection16] INFO  impl.RoleInfo (RoleInfo.java:shutdownLeaderElection(129)) - s1: shutdown s1@group-FC067630C08B-LeaderElection16
2023-08-28 07:18:17,371 [s1@group-FC067630C08B-LeaderElection16] INFO  server.RaftServer$Division (RaftServerImpl.java:setRole(371)) - s1@group-FC067630C08B: changes role from CANDIDATE to LEADER at term 4 for changeToLeader
2023-08-28 07:18:17,371 [s1@group-FC067630C08B-LeaderElection16] INFO  server.RaftServerConfigKeys (ConfUtils.java:logGet(46)) - raft.server.staging.catchup.gap = 1000 (default)
2023-08-28 07:18:17,371 [s1@group-FC067630C08B-LeaderElection16] INFO  server.RaftServerConfigKeys (ConfUtils.java:logGet(46)) - raft.server.write.element-limit = 4096 (default)
2023-08-28 07:18:17,371 [s1@group-FC067630C08B-LeaderElection16] INFO  server.RaftServerConfigKeys (ConfUtils.java:logGet(46)) - raft.server.write.byte-limit = 64MB (=67108864) (default)
2023-08-28 07:18:17,371 [s1@group-FC067630C08B-LeaderElection16] INFO  server.RaftServerConfigKeys (ConfUtils.java:logGet(46)) - raft.server.watch.timeout = 10s (default)
2023-08-28 07:18:17,371 [s1@group-FC067630C08B-LeaderElection16] INFO  server.RaftServerConfigKeys (ConfUtils.java:logGet(46)) - raft.server.watch.timeout.denomination = 1s (default)
2023-08-28 07:18:17,371 [s1@group-FC067630C08B-LeaderElection16] INFO  server.RaftServerConfigKeys (ConfUtils.java:logGet(46)) - raft.server.watch.element-limit = 65536 (default)
2023-08-28 07:18:17,371 [s1@group-FC067630C08B-LeaderElection16] INFO  server.RaftServerConfigKeys (ConfUtils.java:logGet(46)) - raft.server.write.element-limit = 4096 (default)
2023-08-28 07:18:17,371 [s1@group-FC067630C08B-LeaderElection16] INFO  server.RaftServerConfigKeys (ConfUtils.java:logGet(46)) - raft.server.write.follower.gap.ratio.max = -1.0 (default)
2023-08-28 07:18:17,372 [s1@group-FC067630C08B-LeaderElection16] INFO  server.RaftServerConfigKeys (ConfUtils.java:logGet(46)) - raft.server.log.appender.snapshot.chunk.size.max = 16MB (=16777216) (default)
2023-08-28 07:18:17,372 [s1@group-FC067630C08B-LeaderElection16] INFO  server.RaftServerConfigKeys (ConfUtils.java:logGet(46)) - raft.server.log.appender.buffer.byte-limit = 4MB (=4194304) (default)
2023-08-28 07:18:17,372 [s1@group-FC067630C08B-LeaderElection16] INFO  server.RaftServerConfigKeys (ConfUtils.java:logGet(46)) - raft.server.log.appender.buffer.element-limit = 0 (default)
2023-08-28 07:18:17,372 [s1@group-FC067630C08B-LeaderElection16] INFO  server.RaftServerConfigKeys (ConfUtils.java:logGet(46)) - raft.server.log.appender.wait-time.min = 10ms (default)
2023-08-28 07:18:17,372 [s1@group-FC067630C08B-LeaderElection16] INFO  server.RaftServerConfigKeys (ConfUtils.java:logGet(46)) - raft.server.log.appender.snapshot.chunk.size.max = 16MB (=16777216) (default)
2023-08-28 07:18:17,372 [s1@group-FC067630C08B-LeaderElection16] INFO  server.RaftServerConfigKeys (ConfUtils.java:logGet(46)) - raft.server.log.appender.buffer.byte-limit = 4MB (=4194304) (default)
2023-08-28 07:18:17,372 [s1@group-FC067630C08B-LeaderElection16] INFO  server.RaftServerConfigKeys (ConfUtils.java:logGet(46)) - raft.server.log.appender.buffer.element-limit = 0 (default)
2023-08-28 07:18:17,372 [s1@group-FC067630C08B-LeaderElection16] INFO  server.RaftServerConfigKeys (ConfUtils.java:logGet(46)) - raft.server.log.appender.wait-time.min = 10ms (default)
2023-08-28 07:18:17,372 [s1@group-FC067630C08B-LeaderElection16] INFO  impl.RoleInfo (RoleInfo.java:updateAndGet(138)) - s1: start s1@group-FC067630C08B-LeaderStateImpl
2023-08-28 07:18:17,372 [s1@group-FC067630C08B-LeaderElection16] INFO  server.RaftServer$Division (ServerState.java:setLeader(260)) - s1@group-FC067630C08B: change Leader from null to s1 at term 4 for becomeLeader, leader elected after 7ms
2023-08-28 07:18:17,372 [s1@group-FC067630C08B-LeaderElection16] INFO  segmented.SegmentedRaftLogWorker (SegmentedRaftLogWorker.java:rollLogSegment(432)) - s1@group-FC067630C08B-SegmentedRaftLogWorker: Rolling segment log-23_28 to index:28
2023-08-28 07:18:17,373 [s1@group-FC067630C08B-SegmentedRaftLogWorker] TRACE util.FileUtils (LogUtils.java:runAndLog(49)) - Successfully ran Atomic Files.move /home/runner/work/ratis/ratis/ratis-test/target/test/data/c5bbf9cd/MiniRaftClusterWithNetty2c80e70f/s1/9e315ce9-0090-40c8-ac12-fc067630c08b/current/log_inprogress_23 to /home/runner/work/ratis/ratis/ratis-test/target/test/data/c5bbf9cd/MiniRaftClusterWithNetty2c80e70f/s1/9e315ce9-0090-40c8-ac12-fc067630c08b/current/log_23-28
2023-08-28 07:18:17,373 [s1@group-FC067630C08B-SegmentedRaftLogWorker] INFO  segmented.SegmentedRaftLogWorker (SegmentedRaftLogWorker.java:execute(588)) - s1@group-FC067630C08B-SegmentedRaftLogWorker: Rolled log segment from /home/runner/work/ratis/ratis/ratis-test/target/test/data/c5bbf9cd/MiniRaftClusterWithNetty2c80e70f/s1/9e315ce9-0090-40c8-ac12-fc067630c08b/current/log_inprogress_23 to /home/runner/work/ratis/ratis/ratis-test/target/test/data/c5bbf9cd/MiniRaftClusterWithNetty2c80e70f/s1/9e315ce9-0090-40c8-ac12-fc067630c08b/current/log_23-28
2023-08-28 07:18:17,373 [nioEventLoopGroup-139-3] INFO  server.RaftServer$Division (RaftServerImpl.java:requestVote(1377)) - s0@group-FC067630C08B replies to ELECTION vote request: s1<-s0#0:OK-t4. Peer's state: s0@group-FC067630C08B:t4, leader=null, voted=s1, raftlog=Memoized:s0@group-FC067630C08B-SegmentedRaftLog:OPENED:c28, conf=27: peers:[s0|rpc:0.0.0.0:45655|dataStream:|priority:1|startupRole:FOLLOWER, s1|rpc:0.0.0.0:38437|dataStream:|priority:2|startupRole:FOLLOWER, s2|rpc:0.0.0.0:45769|dataStream:|priority:1|startupRole:FOLLOWER]|listeners:[], old=null
2023-08-28 07:18:17,377 [s1@group-FC067630C08B-LeaderElection16] INFO  server.RaftServer$Division (ServerState.java:setRaftConf(377)) - s1@group-FC067630C08B: set configuration 29: peers:[s0|rpc:0.0.0.0:45655|dataStream:|priority:1|startupRole:FOLLOWER, s1|rpc:0.0.0.0:38437|dataStream:|priority:2|startupRole:FOLLOWER, s2|rpc:0.0.0.0:45769|dataStream:|priority:1|startupRole:FOLLOWER]|listeners:[], old=null
2023-08-28 07:18:17,377 [nioEventLoopGroup-139-3] INFO  server.RaftServer$Division (ServerState.java:setLeader(260)) - s0@group-FC067630C08B: change Leader from null to s1 at term 4 for appendEntries, leader elected after 9ms
2023-08-28 07:18:17,379 [nioEventLoopGroup-139-3] DEBUG server.RaftServer$Division (RaftServerImpl.java:logAppendEntries(1471)) - s0@group-FC067630C08B: receive appendEntries(s1, 4, (t:3, i:28), 28, true, commits:[s1:c28, s0:c28, s2:c28], cId:529, entries: [(t:4, i:29), CONFIGURATIONENTRY(current:id: "s0"
address: "0.0.0.0:45655"
priority: 1
clientAddress: "0.0.0.0:45655"
adminAddress: "0.0.0.0:45655"
startupRole: FOLLOWER
,id: "s1"
address: "0.0.0.0:38437"
priority: 2
clientAddress: "0.0.0.0:38437"
adminAddress: "0.0.0.0:38437"
startupRole: FOLLOWER
,id: "s2"
address: "0.0.0.0:45769"
priority: 1
clientAddress: "0.0.0.0:45769"
adminAddress: "0.0.0.0:45769"
startupRole: FOLLOWER
, old:)]
2023-08-28 07:18:17,379 [nioEventLoopGroup-139-3] INFO  server.RaftServer$Division (ServerState.java:setRaftConf(377)) - s0@group-FC067630C08B: set configuration 29: peers:[s0|rpc:0.0.0.0:45655|dataStream:|priority:1|startupRole:FOLLOWER, s1|rpc:0.0.0.0:38437|dataStream:|priority:2|startupRole:FOLLOWER, s2|rpc:0.0.0.0:45769|dataStream:|priority:1|startupRole:FOLLOWER]|listeners:[], old=null
2023-08-28 07:18:17,379 [nioEventLoopGroup-139-3] INFO  segmented.SegmentedRaftLogWorker (SegmentedRaftLogWorker.java:rollLogSegment(432)) - s0@group-FC067630C08B-SegmentedRaftLogWorker: Rolling segment log-23_28 to index:28
2023-08-28 07:18:17,382 [s1@group-FC067630C08B-SegmentedRaftLogWorker] INFO  segmented.SegmentedRaftLogWorker (SegmentedRaftLogWorker.java:execute(631)) - s1@group-FC067630C08B-SegmentedRaftLogWorker: created new log segment /home/runner/work/ratis/ratis/ratis-test/target/test/data/c5bbf9cd/MiniRaftClusterWithNetty2c80e70f/s1/9e315ce9-0090-40c8-ac12-fc067630c08b/current/log_inprogress_29
2023-08-28 07:18:17,382 [s0@group-FC067630C08B-SegmentedRaftLogWorker] TRACE util.FileUtils (LogUtils.java:runAndLog(49)) - Successfully ran Atomic Files.move /home/runner/work/ratis/ratis/ratis-test/target/test/data/c5bbf9cd/MiniRaftClusterWithNetty2c80e70f/s0/9e315ce9-0090-40c8-ac12-fc067630c08b/current/log_inprogress_23 to /home/runner/work/ratis/ratis/ratis-test/target/test/data/c5bbf9cd/MiniRaftClusterWithNetty2c80e70f/s0/9e315ce9-0090-40c8-ac12-fc067630c08b/current/log_23-28
2023-08-28 07:18:17,382 [s0@group-FC067630C08B-SegmentedRaftLogWorker] INFO  segmented.SegmentedRaftLogWorker (SegmentedRaftLogWorker.java:execute(588)) - s0@group-FC067630C08B-SegmentedRaftLogWorker: Rolled log segment from /home/runner/work/ratis/ratis/ratis-test/target/test/data/c5bbf9cd/MiniRaftClusterWithNetty2c80e70f/s0/9e315ce9-0090-40c8-ac12-fc067630c08b/current/log_inprogress_23 to /home/runner/work/ratis/ratis/ratis-test/target/test/data/c5bbf9cd/MiniRaftClusterWithNetty2c80e70f/s0/9e315ce9-0090-40c8-ac12-fc067630c08b/current/log_23-28
2023-08-28 07:18:17,386 [nioEventLoopGroup-143-3] INFO  server.RaftServer$Division (ServerState.java:setLeader(260)) - s2@group-FC067630C08B: change Leader from null to s1 at term 4 for appendEntries, leader elected after 17ms
2023-08-28 07:18:17,387 [nioEventLoopGroup-143-3] DEBUG server.RaftServer$Division (RaftServerImpl.java:logAppendEntries(1471)) - s2@group-FC067630C08B: receive appendEntries(s1, 4, (t:3, i:28), 28, true, commits:[s1:c28, s0:c28, s2:c28], cId:532, entries: [(t:4, i:29), CONFIGURATIONENTRY(current:id: "s0"
address: "0.0.0.0:45655"
priority: 1
clientAddress: "0.0.0.0:45655"
adminAddress: "0.0.0.0:45655"
startupRole: FOLLOWER
,id: "s1"
address: "0.0.0.0:38437"
priority: 2
clientAddress: "0.0.0.0:38437"
adminAddress: "0.0.0.0:38437"
startupRole: FOLLOWER
,id: "s2"
address: "0.0.0.0:45769"
priority: 1
clientAddress: "0.0.0.0:45769"
adminAddress: "0.0.0.0:45769"
startupRole: FOLLOWER
, old:)]
2023-08-28 07:18:17,387 [nioEventLoopGroup-143-3] INFO  server.RaftServer$Division (ServerState.java:setRaftConf(377)) - s2@group-FC067630C08B: set configuration 29: peers:[s0|rpc:0.0.0.0:45655|dataStream:|priority:1|startupRole:FOLLOWER, s1|rpc:0.0.0.0:38437|dataStream:|priority:2|startupRole:FOLLOWER, s2|rpc:0.0.0.0:45769|dataStream:|priority:1|startupRole:FOLLOWER]|listeners:[], old=null
2023-08-28 07:18:17,387 [nioEventLoopGroup-143-3] INFO  segmented.SegmentedRaftLogWorker (SegmentedRaftLogWorker.java:rollLogSegment(432)) - s2@group-FC067630C08B-SegmentedRaftLogWorker: Rolling segment log-23_28 to index:28
2023-08-28 07:18:17,388 [s2@group-FC067630C08B-SegmentedRaftLogWorker] TRACE util.FileUtils (LogUtils.java:runAndLog(49)) - Successfully ran Atomic Files.move /home/runner/work/ratis/ratis/ratis-test/target/test/data/c5bbf9cd/MiniRaftClusterWithNetty2c80e70f/s2/9e315ce9-0090-40c8-ac12-fc067630c08b/current/log_inprogress_23 to /home/runner/work/ratis/ratis/ratis-test/target/test/data/c5bbf9cd/MiniRaftClusterWithNetty2c80e70f/s2/9e315ce9-0090-40c8-ac12-fc067630c08b/current/log_23-28
2023-08-28 07:18:17,388 [s2@group-FC067630C08B-SegmentedRaftLogWorker] INFO  segmented.SegmentedRaftLogWorker (SegmentedRaftLogWorker.java:execute(588)) - s2@group-FC067630C08B-SegmentedRaftLogWorker: Rolled log segment from /home/runner/work/ratis/ratis/ratis-test/target/test/data/c5bbf9cd/MiniRaftClusterWithNetty2c80e70f/s2/9e315ce9-0090-40c8-ac12-fc067630c08b/current/log_inprogress_23 to /home/runner/work/ratis/ratis/ratis-test/target/test/data/c5bbf9cd/MiniRaftClusterWithNetty2c80e70f/s2/9e315ce9-0090-40c8-ac12-fc067630c08b/current/log_23-28
2023-08-28 07:18:17,391 [s0@group-FC067630C08B-SegmentedRaftLogWorker] INFO  segmented.SegmentedRaftLogWorker (SegmentedRaftLogWorker.java:execute(631)) - s0@group-FC067630C08B-SegmentedRaftLogWorker: created new log segment /home/runner/work/ratis/ratis/ratis-test/target/test/data/c5bbf9cd/MiniRaftClusterWithNetty2c80e70f/s0/9e315ce9-0090-40c8-ac12-fc067630c08b/current/log_inprogress_29
2023-08-28 07:18:17,392 [s0-server-thread1] DEBUG server.RaftServer$Division (RaftServerImpl.java:logAppendEntries(1471)) - s0@group-FC067630C08B: succeeded to handle AppendEntries. Reply: s1<-s0#529:OK-t4,SUCCESS,nextIndex=30,followerCommit=28,matchIndex=29
2023-08-28 07:18:17,394 [nioEventLoopGroup-139-3] DEBUG server.RaftServer$Division (RaftServerImpl.java:logAppendEntries(1471)) - s0@group-FC067630C08B: receive appendEntries(s1, 4, (t:4, i:29), 29, true, commits:[s1:c29, s0:c28, s2:c28], cId:533, entries: [(t:4, i:30), METADATAENTRY(c:29)]
2023-08-28 07:18:17,396 [s0-server-thread1] DEBUG server.RaftServer$Division (RaftServerImpl.java:logAppendEntries(1471)) - s0@group-FC067630C08B: succeeded to handle AppendEntries. Reply: s1<-s0#533:OK-t4,SUCCESS,nextIndex=31,followerCommit=29,matchIndex=30
2023-08-28 07:18:17,397 [s2@group-FC067630C08B-SegmentedRaftLogWorker] INFO  segmented.SegmentedRaftLogWorker (SegmentedRaftLogWorker.java:execute(631)) - s2@group-FC067630C08B-SegmentedRaftLogWorker: created new log segment /home/runner/work/ratis/ratis/ratis-test/target/test/data/c5bbf9cd/MiniRaftClusterWithNetty2c80e70f/s2/9e315ce9-0090-40c8-ac12-fc067630c08b/current/log_inprogress_29
2023-08-28 07:18:17,397 [s2-server-thread1] DEBUG server.RaftServer$Division (RaftServerImpl.java:logAppendEntries(1471)) - s2@group-FC067630C08B: succeeded to handle AppendEntries. Reply: s1<-s2#532:OK-t4,SUCCESS,nextIndex=30,followerCommit=28,matchIndex=29
2023-08-28 07:18:17,398 [nioEventLoopGroup-143-3] DEBUG server.RaftServer$Division (RaftServerImpl.java:logAppendEntries(1471)) - s2@group-FC067630C08B: receive appendEntries(s1, 4, (t:4, i:29), 30, true, commits:[s1:c30, s0:c29, s2:c28], cId:534, entries: [(t:4, i:30), METADATAENTRY(c:29)]
2023-08-28 07:18:17,399 [s2-server-thread1] DEBUG server.RaftServer$Division (RaftServerImpl.java:logAppendEntries(1471)) - s2@group-FC067630C08B: succeeded to handle AppendEntries. Reply: s1<-s2#534:OK-t4,SUCCESS,nextIndex=31,followerCommit=30,matchIndex=30
2023-08-28 07:18:18,368 [Time-limited test] INFO  server.RaftServerConfigKeys (ConfUtils.java:logGet(46)) - raft.server.rpc.timeout.max = 2000ms (custom)
2023-08-28 07:18:18,368 [Time-limited test] INFO  ratis.RaftTestUtil (RaftTestUtil.java:waitForLeader(100)) - printing group-FC067630C08B
  s0:  RUNNING  FOLLOWER s0@group-FC067630C08B:t4, leader=s1, voted=s1, raftlog=Memoized:s0@group-FC067630C08B-SegmentedRaftLog:OPENED:c30, conf=29: peers:[s0|rpc:0.0.0.0:45655|dataStream:|priority:1|startupRole:FOLLOWER, s1|rpc:0.0.0.0:38437|dataStream:|priority:2|startupRole:FOLLOWER, s2|rpc:0.0.0.0:45769|dataStream:|priority:1|startupRole:FOLLOWER]|listeners:[], old=null RUNNING
  s1:  RUNNING    LEADER s1@group-FC067630C08B:t4, leader=s1, voted=s1, raftlog=Memoized:s1@group-FC067630C08B-SegmentedRaftLog:OPENED:c30, conf=29: peers:[s0|rpc:0.0.0.0:45655|dataStream:|priority:1|startupRole:FOLLOWER, s1|rpc:0.0.0.0:38437|dataStream:|priority:2|startupRole:FOLLOWER, s2|rpc:0.0.0.0:45769|dataStream:|priority:1|startupRole:FOLLOWER]|listeners:[], old=null RUNNING
  s2:  RUNNING  FOLLOWER s2@group-FC067630C08B:t4, leader=s1, voted=s1, raftlog=Memoized:s2@group-FC067630C08B-SegmentedRaftLog:OPENED:c30, conf=29: peers:[s0|rpc:0.0.0.0:45655|dataStream:|priority:1|startupRole:FOLLOWER, s1|rpc:0.0.0.0:38437|dataStream:|priority:2|startupRole:FOLLOWER, s2|rpc:0.0.0.0:45769|dataStream:|priority:1|startupRole:FOLLOWER]|listeners:[], old=null RUNNING
2023-08-28 07:18:18,369 [Time-limited test] INFO  ratis.RaftTestUtil (RaftTestUtil.java:waitForLeader(119)) - printing group-FC067630C08B
  s0:  RUNNING  FOLLOWER s0@group-FC067630C08B:t4, leader=s1, voted=s1, raftlog=Memoized:s0@group-FC067630C08B-SegmentedRaftLog:OPENED:c30, conf=29: peers:[s0|rpc:0.0.0.0:45655|dataStream:|priority:1|startupRole:FOLLOWER, s1|rpc:0.0.0.0:38437|dataStream:|priority:2|startupRole:FOLLOWER, s2|rpc:0.0.0.0:45769|dataStream:|priority:1|startupRole:FOLLOWER]|listeners:[], old=null RUNNING
  s1:  RUNNING    LEADER s1@group-FC067630C08B:t4, leader=s1, voted=s1, raftlog=Memoized:s1@group-FC067630C08B-SegmentedRaftLog:OPENED:c30, conf=29: peers:[s0|rpc:0.0.0.0:45655|dataStream:|priority:1|startupRole:FOLLOWER, s1|rpc:0.0.0.0:38437|dataStream:|priority:2|startupRole:FOLLOWER, s2|rpc:0.0.0.0:45769|dataStream:|priority:1|startupRole:FOLLOWER]|listeners:[], old=null RUNNING
  s2:  RUNNING  FOLLOWER s2@group-FC067630C08B:t4, leader=s1, voted=s1, raftlog=Memoized:s2@group-FC067630C08B-SegmentedRaftLog:OPENED:c30, conf=29: peers:[s0|rpc:0.0.0.0:45655|dataStream:|priority:1|startupRole:FOLLOWER, s1|rpc:0.0.0.0:38437|dataStream:|priority:2|startupRole:FOLLOWER, s2|rpc:0.0.0.0:45769|dataStream:|priority:1|startupRole:FOLLOWER]|listeners:[], old=null RUNNING
2023-08-28 07:18:18,369 [Time-limited test] INFO  impl.MiniRaftCluster (MiniRaftCluster.java:killServer(533)) - killServer s1
2023-08-28 07:18:18,369 [Time-limited test] INFO  server.RaftServer (RaftServerProxy.java:lambda$close$7(420)) - s1: close
2023-08-28 07:18:18,369 [nioEventLoopGroup-140-1] INFO  logging.LoggingHandler (AbstractInternalLogger.java:log(148)) - [id: 0x3397894e, L:/0.0.0.0:38437] CLOSE
2023-08-28 07:18:18,369 [nioEventLoopGroup-140-1] INFO  logging.LoggingHandler (AbstractInternalLogger.java:log(148)) - [id: 0x3397894e, L:/0.0.0.0:38437] INACTIVE
2023-08-28 07:18:18,369 [nioEventLoopGroup-140-1] INFO  logging.LoggingHandler (AbstractInternalLogger.java:log(148)) - [id: 0x3397894e, L:/0.0.0.0:38437] UNREGISTERED
2023-08-28 07:18:18,369 [s1-impl-thread1] INFO  server.RaftServer$Division (RaftServerImpl.java:lambda$close$3(508)) - s1@group-FC067630C08B: shutdown
2023-08-28 07:18:18,369 [s1-impl-thread1] INFO  util.JmxRegister (JmxRegister.java:unregister(73)) - Successfully un-registered JMX Bean with object name Ratis:service=RaftServer,group=group-FC067630C08B,id=s1
2023-08-28 07:18:18,369 [s1-impl-thread1] INFO  impl.RoleInfo (RoleInfo.java:shutdownLeaderState(92)) - s1: shutdown s1@group-FC067630C08B-LeaderStateImpl
2023-08-28 07:18:18,370 [s1-impl-thread1] INFO  impl.PendingRequests (PendingRequests.java:sendNotLeaderResponses(289)) - s1@group-FC067630C08B-PendingRequests: sendNotLeaderResponses
2023-08-28 07:18:18,370 [s1@group-FC067630C08B->s2-LogAppenderDefault-LogAppenderDaemon] INFO  leader.LogAppenderDaemon (LogAppenderDaemon.java:run(83)) - s1@group-FC067630C08B->s2-LogAppenderDefault-LogAppenderDaemon was interrupted: java.lang.InterruptedException
2023-08-28 07:18:18,372 [s1@group-FC067630C08B->s0-LogAppenderDefault-LogAppenderDaemon] INFO  leader.LogAppenderDaemon (LogAppenderDaemon.java:run(83)) - s1@group-FC067630C08B->s0-LogAppenderDefault-LogAppenderDaemon was interrupted: java.lang.InterruptedException
2023-08-28 07:18:18,375 [s1-impl-thread1] INFO  impl.StateMachineUpdater (StateMachineUpdater.java:stopAndJoin(157)) - s1@group-FC067630C08B-StateMachineUpdater: set stopIndex = 30
2023-08-28 07:18:18,376 [s1-impl-thread1] INFO  server.RaftServer$Division (ServerState.java:close(415)) - s1@group-FC067630C08B: applyIndex: 30
2023-08-28 07:18:18,395 [s1-impl-thread1] INFO  segmented.SegmentedRaftLogWorker (SegmentedRaftLogWorker.java:close(242)) - s1@group-FC067630C08B-SegmentedRaftLogWorker close()
2023-08-28 07:18:18,396 [JvmPauseMonitor31] INFO  util.JvmPauseMonitor (JvmPauseMonitor.java:run(152)) - JvmPauseMonitor-s1: Stopped
2023-08-28 07:18:18,396 [Time-limited test] INFO  server.RaftServerConfigKeys (ConfUtils.java:logGet(46)) - raft.server.rpc.timeout.max = 2000ms (custom)
2023-08-28 07:18:18,396 [Time-limited test] INFO  ratis.RaftTestUtil (RaftTestUtil.java:waitForLeader(100)) - printing group-FC067630C08B
  s0:  RUNNING  FOLLOWER s0@group-FC067630C08B:t4, leader=s1, voted=s1, raftlog=Memoized:s0@group-FC067630C08B-SegmentedRaftLog:OPENED:c30, conf=29: peers:[s0|rpc:0.0.0.0:45655|dataStream:|priority:1|startupRole:FOLLOWER, s1|rpc:0.0.0.0:38437|dataStream:|priority:2|startupRole:FOLLOWER, s2|rpc:0.0.0.0:45769|dataStream:|priority:1|startupRole:FOLLOWER]|listeners:[], old=null RUNNING
  s1:   CLOSED    LEADER s1@group-FC067630C08B:t4, leader=s1, voted=s1, raftlog=Memoized:s1@group-FC067630C08B-SegmentedRaftLog:CLOSED:c30, conf=29: peers:[s0|rpc:0.0.0.0:45655|dataStream:|priority:1|startupRole:FOLLOWER, s1|rpc:0.0.0.0:38437|dataStream:|priority:2|startupRole:FOLLOWER, s2|rpc:0.0.0.0:45769|dataStream:|priority:1|startupRole:FOLLOWER]|listeners:[], old=null CLOSED
  s2:  RUNNING  FOLLOWER s2@group-FC067630C08B:t4, leader=s1, voted=s1, raftlog=Memoized:s2@group-FC067630C08B-SegmentedRaftLog:OPENED:c30, conf=29: peers:[s0|rpc:0.0.0.0:45655|dataStream:|priority:1|startupRole:FOLLOWER, s1|rpc:0.0.0.0:38437|dataStream:|priority:2|startupRole:FOLLOWER, s2|rpc:0.0.0.0:45769|dataStream:|priority:1|startupRole:FOLLOWER]|listeners:[], old=null RUNNING
2023-08-28 07:18:18,396 [Time-limited test] WARN  ratis.RaftTestUtil (JavaUtils.java:attempt(217)) - FAILED "waitForLeader-group-FC067630C08B-(expectLeader? true)", attempt #1/100: java.lang.IllegalStateException: No leader yet  for group-FC067630C08B: printing group-FC067630C08B
  s0:  RUNNING  FOLLOWER s0@group-FC067630C08B:t4, leader=s1, voted=s1, raftlog=Memoized:s0@group-FC067630C08B-SegmentedRaftLog:OPENED:c30, conf=29: peers:[s0|rpc:0.0.0.0:45655|dataStream:|priority:1|startupRole:FOLLOWER, s1|rpc:0.0.0.0:38437|dataStream:|priority:2|startupRole:FOLLOWER, s2|rpc:0.0.0.0:45769|dataStream:|priority:1|startupRole:FOLLOWER]|listeners:[], old=null RUNNING
  s1:   CLOSED    LEADER s1@group-FC067630C08B:t4, leader=s1, voted=s1, raftlog=Memoized:s1@group-FC067630C08B-SegmentedRaftLog:CLOSED:c30, conf=29: peers:[s0|rpc:0.0.0.0:45655|dataStream:|priority:1|startupRole:FOLLOWER, s1|rpc:0.0.0.0:38437|dataStream:|priority:2|startupRole:FOLLOWER, s2|rpc:0.0.0.0:45769|dataStream:|priority:1|startupRole:FOLLOWER]|listeners:[], old=null CLOSED
  s2:  RUNNING  FOLLOWER s2@group-FC067630C08B:t4, leader=s1, voted=s1, raftlog=Memoized:s2@group-FC067630C08B-SegmentedRaftLog:OPENED:c30, conf=29: peers:[s0|rpc:0.0.0.0:45655|dataStream:|priority:1|startupRole:FOLLOWER, s1|rpc:0.0.0.0:38437|dataStream:|priority:2|startupRole:FOLLOWER, s2|rpc:0.0.0.0:45769|dataStream:|priority:1|startupRole:FOLLOWER]|listeners:[], old=null RUNNING, sleep 3000ms and then retry.
java.lang.IllegalStateException: No leader yet  for group-FC067630C08B: printing group-FC067630C08B
  s0:  RUNNING  FOLLOWER s0@group-FC067630C08B:t4, leader=s1, voted=s1, raftlog=Memoized:s0@group-FC067630C08B-SegmentedRaftLog:OPENED:c30, conf=29: peers:[s0|rpc:0.0.0.0:45655|dataStream:|priority:1|startupRole:FOLLOWER, s1|rpc:0.0.0.0:38437|dataStream:|priority:2|startupRole:FOLLOWER, s2|rpc:0.0.0.0:45769|dataStream:|priority:1|startupRole:FOLLOWER]|listeners:[], old=null RUNNING
  s1:   CLOSED    LEADER s1@group-FC067630C08B:t4, leader=s1, voted=s1, raftlog=Memoized:s1@group-FC067630C08B-SegmentedRaftLog:CLOSED:c30, conf=29: peers:[s0|rpc:0.0.0.0:45655|dataStream:|priority:1|startupRole:FOLLOWER, s1|rpc:0.0.0.0:38437|dataStream:|priority:2|startupRole:FOLLOWER, s2|rpc:0.0.0.0:45769|dataStream:|priority:1|startupRole:FOLLOWER]|listeners:[], old=null CLOSED
  s2:  RUNNING  FOLLOWER s2@group-FC067630C08B:t4, leader=s1, voted=s1, raftlog=Memoized:s2@group-FC067630C08B-SegmentedRaftLog:OPENED:c30, conf=29: peers:[s0|rpc:0.0.0.0:45655|dataStream:|priority:1|startupRole:FOLLOWER, s1|rpc:0.0.0.0:38437|dataStream:|priority:2|startupRole:FOLLOWER, s2|rpc:0.0.0.0:45769|dataStream:|priority:1|startupRole:FOLLOWER]|listeners:[], old=null RUNNING
	at org.apache.ratis.server.impl.MiniRaftCluster.newIllegalStateExceptionForNoLeaders(MiniRaftCluster.java:581)
	at org.apache.ratis.RaftTestUtil.lambda$waitForLeader$1(RaftTestUtil.java:104)
	at org.apache.ratis.server.impl.MiniRaftCluster.getLeader(MiniRaftCluster.java:615)
	at org.apache.ratis.server.impl.MiniRaftCluster.getLeader(MiniRaftCluster.java:608)
	at org.apache.ratis.RaftTestUtil.lambda$waitForLeader$3(RaftTestUtil.java:112)
	at org.apache.ratis.util.JavaUtils.attempt(JavaUtils.java:211)
	at org.apache.ratis.util.JavaUtils.attemptRepeatedly(JavaUtils.java:197)
	at org.apache.ratis.RaftTestUtil.waitForLeader(RaftTestUtil.java:111)
	at org.apache.ratis.RaftTestUtil.waitForLeader(RaftTestUtil.java:92)
	at org.apache.ratis.server.impl.GroupManagementBaseTest.lambda$testGroupWithPriority$5(GroupManagementBaseTest.java:169)
	at org.apache.ratis.util.function.CheckedRunnable.lambda$asCheckedSupplier$0(CheckedRunnable.java:32)
	at org.apache.ratis.util.JavaUtils.attempt(JavaUtils.java:211)
	at org.apache.ratis.util.JavaUtils.attemptRepeatedly(JavaUtils.java:197)
	at org.apache.ratis.util.JavaUtils.attempt(JavaUtils.java:231)
	at org.apache.ratis.server.impl.GroupManagementBaseTest.testGroupWithPriority(GroupManagementBaseTest.java:168)
	at java.base/jdk.internal.reflect.NativeMethodAccessorImpl.invoke0(Native Method)
	at java.base/jdk.internal.reflect.NativeMethodAccessorImpl.invoke(NativeMethodAccessorImpl.java:62)
	at java.base/jdk.internal.reflect.DelegatingMethodAccessorImpl.invoke(DelegatingMethodAccessorImpl.java:43)
	at java.base/java.lang.reflect.Method.invoke(Method.java:566)
	at org.junit.runners.model.FrameworkMethod$1.runReflectiveCall(FrameworkMethod.java:59)
	at org.junit.internal.runners.model.ReflectiveCallable.run(ReflectiveCallable.java:12)
	at org.junit.runners.model.FrameworkMethod.invokeExplosively(FrameworkMethod.java:56)
	at org.junit.internal.runners.statements.InvokeMethod.evaluate(InvokeMethod.java:17)
	at org.junit.internal.runners.statements.RunAfters.evaluate(RunAfters.java:27)
	at org.junit.internal.runners.statements.FailOnTimeout$CallableStatement.call(FailOnTimeout.java:299)
	at org.junit.internal.runners.statements.FailOnTimeout$CallableStatement.call(FailOnTimeout.java:293)
	at java.base/java.util.concurrent.FutureTask.run(FutureTask.java:264)
	at java.base/java.lang.Thread.run(Thread.java:829)
2023-08-28 07:18:20,587 [s2@group-FC067630C08B-FollowerState] INFO  impl.FollowerState (FollowerState.java:run(143)) - s2@group-FC067630C08B-FollowerState: change to CANDIDATE, lastRpcElapsedTime:2437218395ns, electionTimeout:1542ms
2023-08-28 07:18:20,587 [s2@group-FC067630C08B-FollowerState] INFO  impl.RoleInfo (RoleInfo.java:shutdownFollowerState(109)) - s2: shutdown s2@group-FC067630C08B-FollowerState
2023-08-28 07:18:20,587 [s2@group-FC067630C08B-FollowerState] INFO  server.RaftServer$Division (RaftServerImpl.java:setRole(371)) - s2@group-FC067630C08B: changes role from  FOLLOWER to CANDIDATE at term 4 for changeToCandidate
2023-08-28 07:18:20,587 [s2@group-FC067630C08B-FollowerState] INFO  server.RaftServerConfigKeys (ConfUtils.java:logGet(46)) - raft.server.leaderelection.pre-vote = true (default)
2023-08-28 07:18:20,587 [s2@group-FC067630C08B-FollowerState] INFO  impl.RoleInfo (RoleInfo.java:updateAndGet(138)) - s2: start s2@group-FC067630C08B-LeaderElection17
2023-08-28 07:18:20,588 [s2@group-FC067630C08B-LeaderElection17] INFO  server.RaftServer$Division (ServerState.java:setLeader(260)) - s2@group-FC067630C08B: change Leader from s1 to null at term 4 for PRE_VOTE
2023-08-28 07:18:20,588 [s2@group-FC067630C08B-LeaderElection17] INFO  impl.LeaderElection (LeaderElection.java:askForVotes(320)) - s2@group-FC067630C08B-LeaderElection17 PRE_VOTE round 0: submit vote requests at term 4 for 29: peers:[s0|rpc:0.0.0.0:45655|dataStream:|priority:1|startupRole:FOLLOWER, s1|rpc:0.0.0.0:38437|dataStream:|priority:2|startupRole:FOLLOWER, s2|rpc:0.0.0.0:45769|dataStream:|priority:1|startupRole:FOLLOWER]|listeners:[], old=null
2023-08-28 07:18:20,589 [nioEventLoopGroup-139-2] INFO  server.RaftServer$Division (RaftServerImpl.java:requestVote(1344)) - s0@group-FC067630C08B: receive requestVote(PRE_VOTE, s2, group-FC067630C08B, 4, (t:4, i:30))
2023-08-28 07:18:20,589 [nioEventLoopGroup-139-2] INFO  impl.VoteContext (VoteContext.java:log(49)) - s0@group-FC067630C08B-FOLLOWER: accept PRE_VOTE from s2: our priority 1 <= candidate's priority 1
2023-08-28 07:18:20,589 [nioEventLoopGroup-139-2] INFO  server.RaftServer$Division (RaftServerImpl.java:requestVote(1377)) - s0@group-FC067630C08B replies to PRE_VOTE vote request: s2<-s0#0:OK-t4. Peer's state: s0@group-FC067630C08B:t4, leader=s1, voted=s1, raftlog=Memoized:s0@group-FC067630C08B-SegmentedRaftLog:OPENED:c30, conf=29: peers:[s0|rpc:0.0.0.0:45655|dataStream:|priority:1|startupRole:FOLLOWER, s1|rpc:0.0.0.0:38437|dataStream:|priority:2|startupRole:FOLLOWER, s2|rpc:0.0.0.0:45769|dataStream:|priority:1|startupRole:FOLLOWER]|listeners:[], old=null
2023-08-28 07:18:20,590 [s2@group-FC067630C08B-LeaderElection17] INFO  impl.LeaderElection (LogUtils.java:infoOrTrace(137)) - s2@group-FC067630C08B-LeaderElection17 got exception when requesting votes: java.util.concurrent.ExecutionException: org.apache.ratis.thirdparty.io.netty.channel.StacklessClosedChannelException
2023-08-28 07:18:20,590 [s2@group-FC067630C08B-LeaderElection17] INFO  impl.LeaderElection (LeaderElection.java:logAndReturn(89)) - s2@group-FC067630C08B-LeaderElection17: PRE_VOTE PASSED received 1 response(s) and 1 exception(s):
2023-08-28 07:18:20,590 [s2@group-FC067630C08B-LeaderElection17] INFO  impl.LeaderElection (LeaderElection.java:logAndReturn(93)) -   Response 0: s2<-s0#0:OK-t4
2023-08-28 07:18:20,590 [s2@group-FC067630C08B-LeaderElection17] INFO  impl.LeaderElection (LogUtils.java:infoOrTrace(137)) -   Exception 1: java.util.concurrent.ExecutionException: org.apache.ratis.thirdparty.io.netty.channel.StacklessClosedChannelException
2023-08-28 07:18:20,590 [s2@group-FC067630C08B-LeaderElection17] INFO  impl.LeaderElection (LeaderElection.java:askForVotes(322)) - s2@group-FC067630C08B-LeaderElection17 PRE_VOTE round 0: result PASSED
2023-08-28 07:18:20,591 [s2@group-FC067630C08B-LeaderElection17] INFO  impl.LeaderElection (LeaderElection.java:askForVotes(320)) - s2@group-FC067630C08B-LeaderElection17 ELECTION round 0: submit vote requests at term 5 for 29: peers:[s0|rpc:0.0.0.0:45655|dataStream:|priority:1|startupRole:FOLLOWER, s1|rpc:0.0.0.0:38437|dataStream:|priority:2|startupRole:FOLLOWER, s2|rpc:0.0.0.0:45769|dataStream:|priority:1|startupRole:FOLLOWER]|listeners:[], old=null
2023-08-28 07:18:20,592 [nioEventLoopGroup-139-2] INFO  server.RaftServer$Division (RaftServerImpl.java:requestVote(1344)) - s0@group-FC067630C08B: receive requestVote(ELECTION, s2, group-FC067630C08B, 5, (t:4, i:30))
2023-08-28 07:18:20,592 [nioEventLoopGroup-139-2] INFO  impl.VoteContext (VoteContext.java:log(49)) - s0@group-FC067630C08B-FOLLOWER: accept ELECTION from s2: our priority 1 <= candidate's priority 1
2023-08-28 07:18:20,592 [nioEventLoopGroup-139-2] INFO  server.RaftServer$Division (ServerState.java:setLeader(260)) - s0@group-FC067630C08B: change Leader from s1 to null at term 5 for updateCurrentTerm
2023-08-28 07:18:20,592 [nioEventLoopGroup-139-2] INFO  server.RaftServer$Division (RaftServerImpl.java:setRole(371)) - s0@group-FC067630C08B: changes role from  FOLLOWER to FOLLOWER at term 5 for candidate:s2
2023-08-28 07:18:20,592 [nioEventLoopGroup-139-2] INFO  impl.RoleInfo (RoleInfo.java:shutdownFollowerState(109)) - s0: shutdown s0@group-FC067630C08B-FollowerState
2023-08-28 07:18:20,592 [nioEventLoopGroup-139-2] INFO  impl.RoleInfo (RoleInfo.java:updateAndGet(138)) - s0: start s0@group-FC067630C08B-FollowerState
2023-08-28 07:18:20,592 [s0@group-FC067630C08B-FollowerState] INFO  impl.FollowerState (FollowerState.java:run(152)) - s0@group-FC067630C08B-FollowerState was interrupted
2023-08-28 07:18:20,594 [s2@group-FC067630C08B-LeaderElection17] INFO  impl.LeaderElection (LogUtils.java:infoOrTrace(137)) - s2@group-FC067630C08B-LeaderElection17 got exception when requesting votes: java.util.concurrent.ExecutionException: org.apache.ratis.thirdparty.io.netty.channel.AbstractChannel$AnnotatedConnectException: Connection refused: /0.0.0.0:38437
2023-08-28 07:18:20,598 [nioEventLoopGroup-139-2] INFO  server.RaftServer$Division (RaftServerImpl.java:requestVote(1377)) - s0@group-FC067630C08B replies to ELECTION vote request: s2<-s0#0:OK-t5. Peer's state: s0@group-FC067630C08B:t5, leader=null, voted=s2, raftlog=Memoized:s0@group-FC067630C08B-SegmentedRaftLog:OPENED:c30, conf=29: peers:[s0|rpc:0.0.0.0:45655|dataStream:|priority:1|startupRole:FOLLOWER, s1|rpc:0.0.0.0:38437|dataStream:|priority:2|startupRole:FOLLOWER, s2|rpc:0.0.0.0:45769|dataStream:|priority:1|startupRole:FOLLOWER]|listeners:[], old=null
2023-08-28 07:18:20,598 [s2@group-FC067630C08B-LeaderElection17] INFO  impl.LeaderElection (LeaderElection.java:logAndReturn(89)) - s2@group-FC067630C08B-LeaderElection17: ELECTION PASSED received 1 response(s) and 1 exception(s):
2023-08-28 07:18:20,598 [s2@group-FC067630C08B-LeaderElection17] INFO  impl.LeaderElection (LeaderElection.java:logAndReturn(93)) -   Response 0: s2<-s0#0:OK-t5
2023-08-28 07:18:20,598 [s2@group-FC067630C08B-LeaderElection17] INFO  impl.LeaderElection (LogUtils.java:infoOrTrace(137)) -   Exception 1: java.util.concurrent.ExecutionException: org.apache.ratis.thirdparty.io.netty.channel.AbstractChannel$AnnotatedConnectException: Connection refused: /0.0.0.0:38437
2023-08-28 07:18:20,598 [s2@group-FC067630C08B-LeaderElection17] INFO  impl.LeaderElection (LeaderElection.java:askForVotes(322)) - s2@group-FC067630C08B-LeaderElection17 ELECTION round 0: result PASSED
2023-08-28 07:18:20,598 [s2@group-FC067630C08B-LeaderElection17] INFO  impl.RoleInfo (RoleInfo.java:shutdownLeaderElection(129)) - s2: shutdown s2@group-FC067630C08B-LeaderElection17
2023-08-28 07:18:20,598 [s2@group-FC067630C08B-LeaderElection17] INFO  server.RaftServer$Division (RaftServerImpl.java:setRole(371)) - s2@group-FC067630C08B: changes role from CANDIDATE to LEADER at term 5 for changeToLeader
2023-08-28 07:18:20,598 [s2@group-FC067630C08B-LeaderElection17] INFO  server.RaftServerConfigKeys (ConfUtils.java:logGet(46)) - raft.server.staging.catchup.gap = 1000 (default)
2023-08-28 07:18:20,599 [s2@group-FC067630C08B-LeaderElection17] INFO  server.RaftServerConfigKeys (ConfUtils.java:logGet(46)) - raft.server.write.element-limit = 4096 (default)
2023-08-28 07:18:20,599 [s2@group-FC067630C08B-LeaderElection17] INFO  server.RaftServerConfigKeys (ConfUtils.java:logGet(46)) - raft.server.write.byte-limit = 64MB (=67108864) (default)
2023-08-28 07:18:20,599 [s2@group-FC067630C08B-LeaderElection17] INFO  server.RaftServerConfigKeys (ConfUtils.java:logGet(46)) - raft.server.watch.timeout = 10s (default)
2023-08-28 07:18:20,599 [s2@group-FC067630C08B-LeaderElection17] INFO  server.RaftServerConfigKeys (ConfUtils.java:logGet(46)) - raft.server.watch.timeout.denomination = 1s (default)
2023-08-28 07:18:20,599 [s2@group-FC067630C08B-LeaderElection17] INFO  server.RaftServerConfigKeys (ConfUtils.java:logGet(46)) - raft.server.watch.element-limit = 65536 (default)
2023-08-28 07:18:20,599 [s2@group-FC067630C08B-LeaderElection17] INFO  server.RaftServerConfigKeys (ConfUtils.java:logGet(46)) - raft.server.write.element-limit = 4096 (default)
2023-08-28 07:18:20,599 [s2@group-FC067630C08B-LeaderElection17] INFO  server.RaftServerConfigKeys (ConfUtils.java:logGet(46)) - raft.server.write.follower.gap.ratio.max = -1.0 (default)
2023-08-28 07:18:20,599 [s2@group-FC067630C08B-LeaderElection17] INFO  server.RaftServerConfigKeys (ConfUtils.java:logGet(46)) - raft.server.log.appender.snapshot.chunk.size.max = 16MB (=16777216) (default)
2023-08-28 07:18:20,599 [s2@group-FC067630C08B-LeaderElection17] INFO  server.RaftServerConfigKeys (ConfUtils.java:logGet(46)) - raft.server.log.appender.buffer.byte-limit = 4MB (=4194304) (default)
2023-08-28 07:18:20,599 [s2@group-FC067630C08B-LeaderElection17] INFO  server.RaftServerConfigKeys (ConfUtils.java:logGet(46)) - raft.server.log.appender.buffer.element-limit = 0 (default)
2023-08-28 07:18:20,599 [s2@group-FC067630C08B-LeaderElection17] INFO  server.RaftServerConfigKeys (ConfUtils.java:logGet(46)) - raft.server.log.appender.wait-time.min = 10ms (default)
2023-08-28 07:18:20,599 [s2@group-FC067630C08B-LeaderElection17] INFO  server.RaftServerConfigKeys (ConfUtils.java:logGet(46)) - raft.server.log.appender.snapshot.chunk.size.max = 16MB (=16777216) (default)
2023-08-28 07:18:20,599 [s2@group-FC067630C08B-LeaderElection17] INFO  server.RaftServerConfigKeys (ConfUtils.java:logGet(46)) - raft.server.log.appender.buffer.byte-limit = 4MB (=4194304) (default)
2023-08-28 07:18:20,599 [s2@group-FC067630C08B-LeaderElection17] INFO  server.RaftServerConfigKeys (ConfUtils.java:logGet(46)) - raft.server.log.appender.buffer.element-limit = 0 (default)
2023-08-28 07:18:20,599 [s2@group-FC067630C08B-LeaderElection17] INFO  server.RaftServerConfigKeys (ConfUtils.java:logGet(46)) - raft.server.log.appender.wait-time.min = 10ms (default)
2023-08-28 07:18:20,599 [s2@group-FC067630C08B-LeaderElection17] INFO  impl.RoleInfo (RoleInfo.java:updateAndGet(138)) - s2: start s2@group-FC067630C08B-LeaderStateImpl
2023-08-28 07:18:20,599 [s2@group-FC067630C08B-LeaderElection17] INFO  server.RaftServer$Division (ServerState.java:setLeader(260)) - s2@group-FC067630C08B: change Leader from null to s2 at term 5 for becomeLeader, leader elected after 11ms
2023-08-28 07:18:20,599 [s2@group-FC067630C08B-LeaderElection17] INFO  segmented.SegmentedRaftLogWorker (SegmentedRaftLogWorker.java:rollLogSegment(432)) - s2@group-FC067630C08B-SegmentedRaftLogWorker: Rolling segment log-29_30 to index:30
2023-08-28 07:18:20,600 [s2@group-FC067630C08B-SegmentedRaftLogWorker] TRACE util.FileUtils (LogUtils.java:runAndLog(49)) - Successfully ran Atomic Files.move /home/runner/work/ratis/ratis/ratis-test/target/test/data/c5bbf9cd/MiniRaftClusterWithNetty2c80e70f/s2/9e315ce9-0090-40c8-ac12-fc067630c08b/current/log_inprogress_29 to /home/runner/work/ratis/ratis/ratis-test/target/test/data/c5bbf9cd/MiniRaftClusterWithNetty2c80e70f/s2/9e315ce9-0090-40c8-ac12-fc067630c08b/current/log_29-30
2023-08-28 07:18:20,600 [s2@group-FC067630C08B-SegmentedRaftLogWorker] INFO  segmented.SegmentedRaftLogWorker (SegmentedRaftLogWorker.java:execute(588)) - s2@group-FC067630C08B-SegmentedRaftLogWorker: Rolled log segment from /home/runner/work/ratis/ratis/ratis-test/target/test/data/c5bbf9cd/MiniRaftClusterWithNetty2c80e70f/s2/9e315ce9-0090-40c8-ac12-fc067630c08b/current/log_inprogress_29 to /home/runner/work/ratis/ratis/ratis-test/target/test/data/c5bbf9cd/MiniRaftClusterWithNetty2c80e70f/s2/9e315ce9-0090-40c8-ac12-fc067630c08b/current/log_29-30
2023-08-28 07:18:20,604 [nioEventLoopGroup-139-2] INFO  server.RaftServer$Division (ServerState.java:setLeader(260)) - s0@group-FC067630C08B: change Leader from null to s2 at term 5 for appendEntries, leader elected after 12ms
2023-08-28 07:18:20,605 [nioEventLoopGroup-139-2] DEBUG server.RaftServer$Division (RaftServerImpl.java:logAppendEntries(1471)) - s0@group-FC067630C08B: receive appendEntries(s2, 5, (t:4, i:30), 30, true, commits:[s2:c30, s0:c30, s1:c30], cId:541, entries: [(t:5, i:31), CONFIGURATIONENTRY(current:id: "s0"
address: "0.0.0.0:45655"
priority: 1
clientAddress: "0.0.0.0:45655"
adminAddress: "0.0.0.0:45655"
startupRole: FOLLOWER
,id: "s1"
address: "0.0.0.0:38437"
priority: 2
clientAddress: "0.0.0.0:38437"
adminAddress: "0.0.0.0:38437"
startupRole: FOLLOWER
,id: "s2"
address: "0.0.0.0:45769"
priority: 1
clientAddress: "0.0.0.0:45769"
adminAddress: "0.0.0.0:45769"
startupRole: FOLLOWER
, old:)]
2023-08-28 07:18:20,605 [nioEventLoopGroup-139-2] INFO  server.RaftServer$Division (ServerState.java:setRaftConf(377)) - s0@group-FC067630C08B: set configuration 31: peers:[s0|rpc:0.0.0.0:45655|dataStream:|priority:1|startupRole:FOLLOWER, s1|rpc:0.0.0.0:38437|dataStream:|priority:2|startupRole:FOLLOWER, s2|rpc:0.0.0.0:45769|dataStream:|priority:1|startupRole:FOLLOWER]|listeners:[], old=null
2023-08-28 07:18:20,606 [nioEventLoopGroup-139-2] INFO  segmented.SegmentedRaftLogWorker (SegmentedRaftLogWorker.java:rollLogSegment(432)) - s0@group-FC067630C08B-SegmentedRaftLogWorker: Rolling segment log-29_30 to index:30
2023-08-28 07:18:20,606 [s2@group-FC067630C08B-LeaderElection17] INFO  server.RaftServer$Division (ServerState.java:setRaftConf(377)) - s2@group-FC067630C08B: set configuration 31: peers:[s0|rpc:0.0.0.0:45655|dataStream:|priority:1|startupRole:FOLLOWER, s1|rpc:0.0.0.0:38437|dataStream:|priority:2|startupRole:FOLLOWER, s2|rpc:0.0.0.0:45769|dataStream:|priority:1|startupRole:FOLLOWER]|listeners:[], old=null
2023-08-28 07:18:20,607 [s0@group-FC067630C08B-SegmentedRaftLogWorker] TRACE util.FileUtils (LogUtils.java:runAndLog(49)) - Successfully ran Atomic Files.move /home/runner/work/ratis/ratis/ratis-test/target/test/data/c5bbf9cd/MiniRaftClusterWithNetty2c80e70f/s0/9e315ce9-0090-40c8-ac12-fc067630c08b/current/log_inprogress_29 to /home/runner/work/ratis/ratis/ratis-test/target/test/data/c5bbf9cd/MiniRaftClusterWithNetty2c80e70f/s0/9e315ce9-0090-40c8-ac12-fc067630c08b/current/log_29-30
2023-08-28 07:18:20,607 [s0@group-FC067630C08B-SegmentedRaftLogWorker] INFO  segmented.SegmentedRaftLogWorker (SegmentedRaftLogWorker.java:execute(588)) - s0@group-FC067630C08B-SegmentedRaftLogWorker: Rolled log segment from /home/runner/work/ratis/ratis/ratis-test/target/test/data/c5bbf9cd/MiniRaftClusterWithNetty2c80e70f/s0/9e315ce9-0090-40c8-ac12-fc067630c08b/current/log_inprogress_29 to /home/runner/work/ratis/ratis/ratis-test/target/test/data/c5bbf9cd/MiniRaftClusterWithNetty2c80e70f/s0/9e315ce9-0090-40c8-ac12-fc067630c08b/current/log_29-30
2023-08-28 07:18:20,607 [s2@group-FC067630C08B->s1-LogAppenderDefault-LogAppenderDaemon] WARN  leader.LogAppender (LogAppenderDefault.java:sendAppendEntriesWithRetries(87)) - s2@group-FC067630C08B->s1-LogAppenderDefault: Failed to appendEntries (retry=1): {}
org.apache.ratis.thirdparty.io.netty.channel.AbstractChannel$AnnotatedConnectException: Connection refused: /0.0.0.0:38437
Caused by: java.net.ConnectException: Connection refused
	at java.base/sun.nio.ch.SocketChannelImpl.checkConnect(Native Method)
	at java.base/sun.nio.ch.SocketChannelImpl.finishConnect(SocketChannelImpl.java:777)
	at org.apache.ratis.thirdparty.io.netty.channel.socket.nio.NioSocketChannel.doFinishConnect(NioSocketChannel.java:337)
	at org.apache.ratis.thirdparty.io.netty.channel.nio.AbstractNioChannel$AbstractNioUnsafe.finishConnect(AbstractNioChannel.java:334)
	at org.apache.ratis.thirdparty.io.netty.channel.nio.NioEventLoop.processSelectedKey(NioEventLoop.java:776)
	at org.apache.ratis.thirdparty.io.netty.channel.nio.NioEventLoop.processSelectedKeysOptimized(NioEventLoop.java:724)
	at org.apache.ratis.thirdparty.io.netty.channel.nio.NioEventLoop.processSelectedKeys(NioEventLoop.java:650)
	at org.apache.ratis.thirdparty.io.netty.channel.nio.NioEventLoop.run(NioEventLoop.java:562)
	at org.apache.ratis.thirdparty.io.netty.util.concurrent.SingleThreadEventExecutor$4.run(SingleThreadEventExecutor.java:997)
	at org.apache.ratis.thirdparty.io.netty.util.internal.ThreadExecutorMap$2.run(ThreadExecutorMap.java:74)
	at org.apache.ratis.thirdparty.io.netty.util.concurrent.FastThreadLocalRunnable.run(FastThreadLocalRunnable.java:30)
	at java.base/java.lang.Thread.run(Thread.java:829)
2023-08-28 07:18:20,608 [s2@group-FC067630C08B-SegmentedRaftLogWorker] INFO  segmented.SegmentedRaftLogWorker (SegmentedRaftLogWorker.java:execute(631)) - s2@group-FC067630C08B-SegmentedRaftLogWorker: created new log segment /home/runner/work/ratis/ratis/ratis-test/target/test/data/c5bbf9cd/MiniRaftClusterWithNetty2c80e70f/s2/9e315ce9-0090-40c8-ac12-fc067630c08b/current/log_inprogress_31
2023-08-28 07:18:20,617 [s0@group-FC067630C08B-SegmentedRaftLogWorker] INFO  segmented.SegmentedRaftLogWorker (SegmentedRaftLogWorker.java:execute(631)) - s0@group-FC067630C08B-SegmentedRaftLogWorker: created new log segment /home/runner/work/ratis/ratis/ratis-test/target/test/data/c5bbf9cd/MiniRaftClusterWithNetty2c80e70f/s0/9e315ce9-0090-40c8-ac12-fc067630c08b/current/log_inprogress_31
2023-08-28 07:18:20,618 [s0-server-thread1] DEBUG server.RaftServer$Division (RaftServerImpl.java:logAppendEntries(1471)) - s0@group-FC067630C08B: succeeded to handle AppendEntries. Reply: s2<-s0#541:OK-t5,SUCCESS,nextIndex=32,followerCommit=30,matchIndex=31
2023-08-28 07:18:20,625 [nioEventLoopGroup-139-2] DEBUG server.RaftServer$Division (RaftServerImpl.java:logAppendEntries(1471)) - s0@group-FC067630C08B: receive appendEntries(s2, 5, (t:5, i:31), 31, true, commits:[s2:c31, s0:c30, s1:c30], cId:544, entries: [(t:5, i:32), METADATAENTRY(c:31)]
2023-08-28 07:18:20,626 [s0-server-thread1] DEBUG server.RaftServer$Division (RaftServerImpl.java:logAppendEntries(1471)) - s0@group-FC067630C08B: succeeded to handle AppendEntries. Reply: s2<-s0#544:OK-t5,SUCCESS,nextIndex=33,followerCommit=31,matchIndex=32
2023-08-28 07:18:20,839 [s2@group-FC067630C08B->s1-LogAppenderDefault-LogAppenderDaemon] WARN  leader.LogAppender (LogAppenderDefault.java:sendAppendEntriesWithRetries(87)) - s2@group-FC067630C08B->s1-LogAppenderDefault: Failed to appendEntries (retry=11): {}
org.apache.ratis.thirdparty.io.netty.channel.AbstractChannel$AnnotatedConnectException: Connection refused: /0.0.0.0:38437
Caused by: java.net.ConnectException: Connection refused
	at java.base/sun.nio.ch.SocketChannelImpl.checkConnect(Native Method)
	at java.base/sun.nio.ch.SocketChannelImpl.finishConnect(SocketChannelImpl.java:777)
	at org.apache.ratis.thirdparty.io.netty.channel.socket.nio.NioSocketChannel.doFinishConnect(NioSocketChannel.java:337)
	at org.apache.ratis.thirdparty.io.netty.channel.nio.AbstractNioChannel$AbstractNioUnsafe.finishConnect(AbstractNioChannel.java:334)
	at org.apache.ratis.thirdparty.io.netty.channel.nio.NioEventLoop.processSelectedKey(NioEventLoop.java:776)
	at org.apache.ratis.thirdparty.io.netty.channel.nio.NioEventLoop.processSelectedKeysOptimized(NioEventLoop.java:724)
	at org.apache.ratis.thirdparty.io.netty.channel.nio.NioEventLoop.processSelectedKeys(NioEventLoop.java:650)
	at org.apache.ratis.thirdparty.io.netty.channel.nio.NioEventLoop.run(NioEventLoop.java:562)
	at org.apache.ratis.thirdparty.io.netty.util.concurrent.SingleThreadEventExecutor$4.run(SingleThreadEventExecutor.java:997)
	at org.apache.ratis.thirdparty.io.netty.util.internal.ThreadExecutorMap$2.run(ThreadExecutorMap.java:74)
	at org.apache.ratis.thirdparty.io.netty.util.concurrent.FastThreadLocalRunnable.run(FastThreadLocalRunnable.java:30)
	at java.base/java.lang.Thread.run(Thread.java:829)
2023-08-28 07:18:21,070 [s2@group-FC067630C08B->s1-LogAppenderDefault-LogAppenderDaemon] WARN  leader.LogAppender (LogAppenderDefault.java:sendAppendEntriesWithRetries(87)) - s2@group-FC067630C08B->s1-LogAppenderDefault: Failed to appendEntries (retry=21): {}
org.apache.ratis.thirdparty.io.netty.channel.AbstractChannel$AnnotatedConnectException: Connection refused: /0.0.0.0:38437
Caused by: java.net.ConnectException: Connection refused
	at java.base/sun.nio.ch.SocketChannelImpl.checkConnect(Native Method)
	at java.base/sun.nio.ch.SocketChannelImpl.finishConnect(SocketChannelImpl.java:777)
	at org.apache.ratis.thirdparty.io.netty.channel.socket.nio.NioSocketChannel.doFinishConnect(NioSocketChannel.java:337)
	at org.apache.ratis.thirdparty.io.netty.channel.nio.AbstractNioChannel$AbstractNioUnsafe.finishConnect(AbstractNioChannel.java:334)
	at org.apache.ratis.thirdparty.io.netty.channel.nio.NioEventLoop.processSelectedKey(NioEventLoop.java:776)
	at org.apache.ratis.thirdparty.io.netty.channel.nio.NioEventLoop.processSelectedKeysOptimized(NioEventLoop.java:724)
	at org.apache.ratis.thirdparty.io.netty.channel.nio.NioEventLoop.processSelectedKeys(NioEventLoop.java:650)
	at org.apache.ratis.thirdparty.io.netty.channel.nio.NioEventLoop.run(NioEventLoop.java:562)
	at org.apache.ratis.thirdparty.io.netty.util.concurrent.SingleThreadEventExecutor$4.run(SingleThreadEventExecutor.java:997)
	at org.apache.ratis.thirdparty.io.netty.util.internal.ThreadExecutorMap$2.run(ThreadExecutorMap.java:74)
	at org.apache.ratis.thirdparty.io.netty.util.concurrent.FastThreadLocalRunnable.run(FastThreadLocalRunnable.java:30)
	at java.base/java.lang.Thread.run(Thread.java:829)
2023-08-28 07:18:21,300 [s2@group-FC067630C08B->s1-LogAppenderDefault-LogAppenderDaemon] WARN  leader.LogAppender (LogAppenderDefault.java:sendAppendEntriesWithRetries(87)) - s2@group-FC067630C08B->s1-LogAppenderDefault: Failed to appendEntries (retry=31): {}
org.apache.ratis.thirdparty.io.netty.channel.AbstractChannel$AnnotatedConnectException: Connection refused: /0.0.0.0:38437
Caused by: java.net.ConnectException: Connection refused
	at java.base/sun.nio.ch.SocketChannelImpl.checkConnect(Native Method)
	at java.base/sun.nio.ch.SocketChannelImpl.finishConnect(SocketChannelImpl.java:777)
	at org.apache.ratis.thirdparty.io.netty.channel.socket.nio.NioSocketChannel.doFinishConnect(NioSocketChannel.java:337)
	at org.apache.ratis.thirdparty.io.netty.channel.nio.AbstractNioChannel$AbstractNioUnsafe.finishConnect(AbstractNioChannel.java:334)
	at org.apache.ratis.thirdparty.io.netty.channel.nio.NioEventLoop.processSelectedKey(NioEventLoop.java:776)
	at org.apache.ratis.thirdparty.io.netty.channel.nio.NioEventLoop.processSelectedKeysOptimized(NioEventLoop.java:724)
	at org.apache.ratis.thirdparty.io.netty.channel.nio.NioEventLoop.processSelectedKeys(NioEventLoop.java:650)
	at org.apache.ratis.thirdparty.io.netty.channel.nio.NioEventLoop.run(NioEventLoop.java:562)
	at org.apache.ratis.thirdparty.io.netty.util.concurrent.SingleThreadEventExecutor$4.run(SingleThreadEventExecutor.java:997)
	at org.apache.ratis.thirdparty.io.netty.util.internal.ThreadExecutorMap$2.run(ThreadExecutorMap.java:74)
	at org.apache.ratis.thirdparty.io.netty.util.concurrent.FastThreadLocalRunnable.run(FastThreadLocalRunnable.java:30)
	at java.base/java.lang.Thread.run(Thread.java:829)
2023-08-28 07:18:21,397 [Time-limited test] INFO  ratis.RaftTestUtil (RaftTestUtil.java:waitForLeader(119)) - printing group-FC067630C08B
  s0:  RUNNING  FOLLOWER s0@group-FC067630C08B:t5, leader=s2, voted=s2, raftlog=Memoized:s0@group-FC067630C08B-SegmentedRaftLog:OPENED:c32, conf=31: peers:[s0|rpc:0.0.0.0:45655|dataStream:|priority:1|startupRole:FOLLOWER, s1|rpc:0.0.0.0:38437|dataStream:|priority:2|startupRole:FOLLOWER, s2|rpc:0.0.0.0:45769|dataStream:|priority:1|startupRole:FOLLOWER]|listeners:[], old=null RUNNING
  s1:   CLOSED    LEADER s1@group-FC067630C08B:t4, leader=s1, voted=s1, raftlog=Memoized:s1@group-FC067630C08B-SegmentedRaftLog:CLOSED:c30, conf=29: peers:[s0|rpc:0.0.0.0:45655|dataStream:|priority:1|startupRole:FOLLOWER, s1|rpc:0.0.0.0:38437|dataStream:|priority:2|startupRole:FOLLOWER, s2|rpc:0.0.0.0:45769|dataStream:|priority:1|startupRole:FOLLOWER]|listeners:[], old=null CLOSED
  s2:  RUNNING    LEADER s2@group-FC067630C08B:t5, leader=s2, voted=s2, raftlog=Memoized:s2@group-FC067630C08B-SegmentedRaftLog:OPENED:c32, conf=31: peers:[s0|rpc:0.0.0.0:45655|dataStream:|priority:1|startupRole:FOLLOWER, s1|rpc:0.0.0.0:38437|dataStream:|priority:2|startupRole:FOLLOWER, s2|rpc:0.0.0.0:45769|dataStream:|priority:1|startupRole:FOLLOWER]|listeners:[], old=null RUNNING
2023-08-28 07:18:21,397 [Time-limited test] INFO  impl.MiniRaftCluster (MiniRaftCluster.java:shutdown(831)) - ************************************************************** 
2023-08-28 07:18:21,397 [Time-limited test] INFO  impl.MiniRaftCluster (MiniRaftCluster.java:shutdown(832)) - *** 
2023-08-28 07:18:21,397 [Time-limited test] INFO  impl.MiniRaftCluster (MiniRaftCluster.java:shutdown(833)) - ***     Stopping MiniRaftClusterWithNetty
2023-08-28 07:18:21,397 [Time-limited test] INFO  impl.MiniRaftCluster (MiniRaftCluster.java:shutdown(834)) - *** 
2023-08-28 07:18:21,397 [Time-limited test] INFO  impl.MiniRaftCluster (MiniRaftCluster.java:shutdown(835)) - ************************************************************** 
2023-08-28 07:18:21,397 [Time-limited test] INFO  impl.MiniRaftCluster (MiniRaftCluster.java:shutdown(836)) - printing ALL groups
  s0:  RUNNING  FOLLOWER s0@group-FC067630C08B:t5, leader=s2, voted=s2, raftlog=Memoized:s0@group-FC067630C08B-SegmentedRaftLog:OPENED:c32, conf=31: peers:[s0|rpc:0.0.0.0:45655|dataStream:|priority:1|startupRole:FOLLOWER, s1|rpc:0.0.0.0:38437|dataStream:|priority:2|startupRole:FOLLOWER, s2|rpc:0.0.0.0:45769|dataStream:|priority:1|startupRole:FOLLOWER]|listeners:[], old=null RUNNING
  s1:   CLOSED    LEADER s1@group-FC067630C08B:t4, leader=s1, voted=s1, raftlog=Memoized:s1@group-FC067630C08B-SegmentedRaftLog:CLOSED:c30, conf=29: peers:[s0|rpc:0.0.0.0:45655|dataStream:|priority:1|startupRole:FOLLOWER, s1|rpc:0.0.0.0:38437|dataStream:|priority:2|startupRole:FOLLOWER, s2|rpc:0.0.0.0:45769|dataStream:|priority:1|startupRole:FOLLOWER]|listeners:[], old=null CLOSED
  s2:  RUNNING    LEADER s2@group-FC067630C08B:t5, leader=s2, voted=s2, raftlog=Memoized:s2@group-FC067630C08B-SegmentedRaftLog:OPENED:c32, conf=31: peers:[s0|rpc:0.0.0.0:45655|dataStream:|priority:1|startupRole:FOLLOWER, s1|rpc:0.0.0.0:38437|dataStream:|priority:2|startupRole:FOLLOWER, s2|rpc:0.0.0.0:45769|dataStream:|priority:1|startupRole:FOLLOWER]|listeners:[], old=null RUNNING
2023-08-28 07:18:21,398 [MiniRaftCluster-25] INFO  server.RaftServer (RaftServerProxy.java:lambda$close$7(420)) - s2: close
2023-08-28 07:18:21,398 [s2-impl-thread1] INFO  server.RaftServer$Division (RaftServerImpl.java:lambda$close$3(508)) - s2@group-FC067630C08B: shutdown
2023-08-28 07:18:21,398 [s2-impl-thread1] INFO  util.JmxRegister (JmxRegister.java:unregister(73)) - Successfully un-registered JMX Bean with object name Ratis:service=RaftServer,group=group-FC067630C08B,id=s2
2023-08-28 07:18:21,398 [s2-impl-thread1] INFO  impl.RoleInfo (RoleInfo.java:shutdownLeaderState(92)) - s2: shutdown s2@group-FC067630C08B-LeaderStateImpl
2023-08-28 07:18:21,398 [s2-impl-thread1] INFO  impl.PendingRequests (PendingRequests.java:sendNotLeaderResponses(289)) - s2@group-FC067630C08B-PendingRequests: sendNotLeaderResponses
2023-08-28 07:18:21,398 [s2@group-FC067630C08B->s0-LogAppenderDefault-LogAppenderDaemon] INFO  leader.LogAppenderDaemon (LogAppenderDaemon.java:run(83)) - s2@group-FC067630C08B->s0-LogAppenderDefault-LogAppenderDaemon was interrupted: java.lang.InterruptedException
2023-08-28 07:18:21,398 [s2@group-FC067630C08B->s1-LogAppenderDefault-LogAppenderDaemon] INFO  leader.LogAppenderDaemon (LogAppenderDaemon.java:run(83)) - s2@group-FC067630C08B->s1-LogAppenderDefault-LogAppenderDaemon was interrupted: java.lang.InterruptedException: sleep interrupted
2023-08-28 07:18:21,398 [nioEventLoopGroup-142-1] INFO  logging.LoggingHandler (AbstractInternalLogger.java:log(148)) - [id: 0xb08e02d0, L:/0.0.0.0:45769] CLOSE
2023-08-28 07:18:21,398 [nioEventLoopGroup-142-1] INFO  logging.LoggingHandler (AbstractInternalLogger.java:log(148)) - [id: 0xb08e02d0, L:/0.0.0.0:45769] INACTIVE
2023-08-28 07:18:21,398 [nioEventLoopGroup-142-1] INFO  logging.LoggingHandler (AbstractInternalLogger.java:log(148)) - [id: 0xb08e02d0, L:/0.0.0.0:45769] UNREGISTERED
2023-08-28 07:18:21,399 [MiniRaftCluster-23] INFO  server.RaftServer (RaftServerProxy.java:lambda$close$7(420)) - s0: close
2023-08-28 07:18:21,399 [s0-impl-thread1] INFO  server.RaftServer$Division (RaftServerImpl.java:lambda$close$3(508)) - s0@group-FC067630C08B: shutdown
2023-08-28 07:18:21,399 [s0-impl-thread1] INFO  util.JmxRegister (JmxRegister.java:unregister(73)) - Successfully un-registered JMX Bean with object name Ratis:service=RaftServer,group=group-FC067630C08B,id=s0
2023-08-28 07:18:21,399 [s0-impl-thread1] INFO  impl.RoleInfo (RoleInfo.java:shutdownFollowerState(109)) - s0: shutdown s0@group-FC067630C08B-FollowerState
2023-08-28 07:18:21,399 [s0-impl-thread1] INFO  impl.StateMachineUpdater (StateMachineUpdater.java:stopAndJoin(157)) - s0@group-FC067630C08B-StateMachineUpdater: set stopIndex = 32
2023-08-28 07:18:21,399 [nioEventLoopGroup-138-1] INFO  logging.LoggingHandler (AbstractInternalLogger.java:log(148)) - [id: 0x7f450946, L:/0.0.0.0:45655] CLOSE
2023-08-28 07:18:21,399 [nioEventLoopGroup-138-1] INFO  logging.LoggingHandler (AbstractInternalLogger.java:log(148)) - [id: 0x7f450946, L:/0.0.0.0:45655] INACTIVE
2023-08-28 07:18:21,399 [nioEventLoopGroup-138-1] INFO  logging.LoggingHandler (AbstractInternalLogger.java:log(148)) - [id: 0x7f450946, L:/0.0.0.0:45655] UNREGISTERED
2023-08-28 07:18:21,399 [s0@group-FC067630C08B-FollowerState] INFO  impl.FollowerState (FollowerState.java:run(152)) - s0@group-FC067630C08B-FollowerState was interrupted
2023-08-28 07:18:21,400 [s0-impl-thread1] INFO  server.RaftServer$Division (ServerState.java:close(415)) - s0@group-FC067630C08B: applyIndex: 32
2023-08-28 07:18:21,407 [s2-impl-thread1] INFO  impl.StateMachineUpdater (StateMachineUpdater.java:stopAndJoin(157)) - s2@group-FC067630C08B-StateMachineUpdater: set stopIndex = 32
2023-08-28 07:18:21,407 [s2-impl-thread1] INFO  server.RaftServer$Division (ServerState.java:close(415)) - s2@group-FC067630C08B: applyIndex: 32
2023-08-28 07:18:21,626 [s2-impl-thread1] INFO  segmented.SegmentedRaftLogWorker (SegmentedRaftLogWorker.java:close(242)) - s2@group-FC067630C08B-SegmentedRaftLogWorker close()
2023-08-28 07:18:21,627 [JvmPauseMonitor32] INFO  util.JvmPauseMonitor (JvmPauseMonitor.java:run(152)) - JvmPauseMonitor-s2: Stopped
2023-08-28 07:18:21,627 [s0-impl-thread1] INFO  segmented.SegmentedRaftLogWorker (SegmentedRaftLogWorker.java:close(242)) - s0@group-FC067630C08B-SegmentedRaftLogWorker close()
2023-08-28 07:18:21,627 [JvmPauseMonitor30] INFO  util.JvmPauseMonitor (JvmPauseMonitor.java:run(152)) - JvmPauseMonitor-s0: Stopped
2023-08-28 07:18:21,627 [Time-limited test] INFO  impl.MiniRaftCluster (MiniRaftCluster.java:shutdown(855)) - MiniRaftClusterWithNetty shutdown completed
]]></system-out>
  </testcase>
</testsuite>