<?xml version="1.0" encoding="UTF-8"?>
<testsuite xmlns:xsi="http://www.w3.org/2001/XMLSchema-instance" xsi:noNamespaceSchemaLocation="https://maven.apache.org/surefire/maven-surefire-plugin/xsd/surefire-test-report-3.0.xsd" version="3.0" name="org.apache.ratis.server.simulation.TestRaftWithSimulatedRpc" time="70.711" tests="6" errors="0" skipped="0" failures="1">
  <properties>
    <property name="awt.toolkit" value="sun.awt.X11.XToolkit"/>
    <property name="file.encoding.pkg" value="sun.io"/>
    <property name="java.specification.version" value="1.8"/>
    <property name="sun.cpu.isalist" value=""/>
    <property name="sun.jnu.encoding" value="UTF-8"/>
    <property name="java.class.path" value="/home/runner/work/ratis/ratis/ratis-test/target/test-classes:/home/runner/work/ratis/ratis/ratis-test/target/classes:/home/runner/work/ratis/ratis/ratis-common/target/classes:/home/runner/.m2/repository/org/apache/ratis/ratis-thirdparty-misc/1.0.8/ratis-thirdparty-misc-1.0.8.jar:/home/runner/work/ratis/ratis/ratis-proto/target/classes:/home/runner/work/ratis/ratis/ratis-common/target/test-classes:/home/runner/work/ratis/ratis/ratis-client/target/classes:/home/runner/work/ratis/ratis/ratis-server/target/classes:/home/runner/work/ratis/ratis/ratis-server-api/target/classes:/home/runner/work/ratis/ratis/ratis-metrics-api/target/classes:/home/runner/work/ratis/ratis/ratis-server/target/test-classes:/home/runner/work/ratis/ratis/ratis-metrics-default/target/classes:/home/runner/work/ratis/ratis/ratis-netty/target/classes:/home/runner/work/ratis/ratis/ratis-netty/target/test-classes:/home/runner/work/ratis/ratis/ratis-grpc/target/classes:/home/runner/work/ratis/ratis/ratis-grpc/target/test-classes:/home/runner/work/ratis/ratis/ratis-shell/target/classes:/home/runner/.m2/repository/commons-cli/commons-cli/1.5.0/commons-cli-1.5.0.jar:/home/runner/.m2/repository/org/reflections/reflections/0.10.2/reflections-0.10.2.jar:/home/runner/.m2/repository/org/javassist/javassist/3.28.0-GA/javassist-3.28.0-GA.jar:/home/runner/.m2/repository/com/google/code/findbugs/jsr305/3.0.2/jsr305-3.0.2.jar:/home/runner/.m2/repository/org/bouncycastle/bcprov-jdk18on/1.78.1/bcprov-jdk18on-1.78.1.jar:/home/runner/.m2/repository/org/bouncycastle/bcpkix-jdk18on/1.78.1/bcpkix-jdk18on-1.78.1.jar:/home/runner/.m2/repository/org/bouncycastle/bcutil-jdk18on/1.78.1/bcutil-jdk18on-1.78.1.jar:/home/runner/.m2/repository/org/slf4j/slf4j-api/2.0.7/slf4j-api-2.0.7.jar:/home/runner/.m2/repository/org/slf4j/slf4j-reload4j/2.0.7/slf4j-reload4j-2.0.7.jar:/home/runner/.m2/repository/ch/qos/reload4j/reload4j/1.2.22/reload4j-1.2.22.jar:/home/runner/.m2/repository/junit/junit/4.13.2/junit-4.13.2.jar:/home/runner/.m2/repository/org/hamcrest/hamcrest-core/1.3/hamcrest-core-1.3.jar:/home/runner/.m2/repository/org/junit/jupiter/junit-jupiter-engine/5.11.2/junit-jupiter-engine-5.11.2.jar:/home/runner/.m2/repository/org/junit/platform/junit-platform-engine/1.11.2/junit-platform-engine-1.11.2.jar:/home/runner/.m2/repository/org/apiguardian/apiguardian-api/1.1.2/apiguardian-api-1.1.2.jar:/home/runner/.m2/repository/org/junit/jupiter/junit-jupiter-api/5.11.2/junit-jupiter-api-5.11.2.jar:/home/runner/.m2/repository/org/opentest4j/opentest4j/1.3.0/opentest4j-1.3.0.jar:/home/runner/.m2/repository/org/junit/platform/junit-platform-commons/1.11.2/junit-platform-commons-1.11.2.jar:/home/runner/.m2/repository/org/junit/jupiter/junit-jupiter-params/5.11.2/junit-jupiter-params-5.11.2.jar:/home/runner/.m2/repository/org/mockito/mockito-core/4.3.1/mockito-core-4.3.1.jar:/home/runner/.m2/repository/net/bytebuddy/byte-buddy/1.12.7/byte-buddy-1.12.7.jar:/home/runner/.m2/repository/net/bytebuddy/byte-buddy-agent/1.12.7/byte-buddy-agent-1.12.7.jar:/home/runner/.m2/repository/org/objenesis/objenesis/3.2/objenesis-3.2.jar:/home/runner/work/ratis/ratis/ratis-test/target/gradle-enterprise/test-listeners.jar:"/>
    <property name="java.vm.vendor" value="Temurin"/>
    <property name="sun.arch.data.model" value="64"/>
    <property name="java.vendor.url" value="https://adoptium.net/"/>
    <property name="user.timezone" value="Etc/UTC"/>
    <property name="java.vm.specification.version" value="1.8"/>
    <property name="os.name" value="Linux"/>
    <property name="sun.java.launcher" value="SUN_STANDARD"/>
    <property name="sun.boot.library.path" value="/usr/lib/jvm/temurin-8-jdk-amd64/jre/lib/amd64"/>
    <property name="sun.java.command" value="/home/runner/work/ratis/ratis/ratis-test/target/surefire/surefirebooter8874800509957029750.jar /home/runner/work/ratis/ratis/ratis-test/target/surefire 2025-02-11T20-14-56_553-jvmRun1 surefire1503492189111661185tmp surefire_103939083463685613646tmp"/>
    <property name="surefire.test.class.path" value="/home/runner/work/ratis/ratis/ratis-test/target/test-classes:/home/runner/work/ratis/ratis/ratis-test/target/classes:/home/runner/work/ratis/ratis/ratis-common/target/classes:/home/runner/.m2/repository/org/apache/ratis/ratis-thirdparty-misc/1.0.8/ratis-thirdparty-misc-1.0.8.jar:/home/runner/work/ratis/ratis/ratis-proto/target/classes:/home/runner/work/ratis/ratis/ratis-common/target/test-classes:/home/runner/work/ratis/ratis/ratis-client/target/classes:/home/runner/work/ratis/ratis/ratis-server/target/classes:/home/runner/work/ratis/ratis/ratis-server-api/target/classes:/home/runner/work/ratis/ratis/ratis-metrics-api/target/classes:/home/runner/work/ratis/ratis/ratis-server/target/test-classes:/home/runner/work/ratis/ratis/ratis-metrics-default/target/classes:/home/runner/work/ratis/ratis/ratis-netty/target/classes:/home/runner/work/ratis/ratis/ratis-netty/target/test-classes:/home/runner/work/ratis/ratis/ratis-grpc/target/classes:/home/runner/work/ratis/ratis/ratis-grpc/target/test-classes:/home/runner/work/ratis/ratis/ratis-shell/target/classes:/home/runner/.m2/repository/commons-cli/commons-cli/1.5.0/commons-cli-1.5.0.jar:/home/runner/.m2/repository/org/reflections/reflections/0.10.2/reflections-0.10.2.jar:/home/runner/.m2/repository/org/javassist/javassist/3.28.0-GA/javassist-3.28.0-GA.jar:/home/runner/.m2/repository/com/google/code/findbugs/jsr305/3.0.2/jsr305-3.0.2.jar:/home/runner/.m2/repository/org/bouncycastle/bcprov-jdk18on/1.78.1/bcprov-jdk18on-1.78.1.jar:/home/runner/.m2/repository/org/bouncycastle/bcpkix-jdk18on/1.78.1/bcpkix-jdk18on-1.78.1.jar:/home/runner/.m2/repository/org/bouncycastle/bcutil-jdk18on/1.78.1/bcutil-jdk18on-1.78.1.jar:/home/runner/.m2/repository/org/slf4j/slf4j-api/2.0.7/slf4j-api-2.0.7.jar:/home/runner/.m2/repository/org/slf4j/slf4j-reload4j/2.0.7/slf4j-reload4j-2.0.7.jar:/home/runner/.m2/repository/ch/qos/reload4j/reload4j/1.2.22/reload4j-1.2.22.jar:/home/runner/.m2/repository/junit/junit/4.13.2/junit-4.13.2.jar:/home/runner/.m2/repository/org/hamcrest/hamcrest-core/1.3/hamcrest-core-1.3.jar:/home/runner/.m2/repository/org/junit/jupiter/junit-jupiter-engine/5.11.2/junit-jupiter-engine-5.11.2.jar:/home/runner/.m2/repository/org/junit/platform/junit-platform-engine/1.11.2/junit-platform-engine-1.11.2.jar:/home/runner/.m2/repository/org/apiguardian/apiguardian-api/1.1.2/apiguardian-api-1.1.2.jar:/home/runner/.m2/repository/org/junit/jupiter/junit-jupiter-api/5.11.2/junit-jupiter-api-5.11.2.jar:/home/runner/.m2/repository/org/opentest4j/opentest4j/1.3.0/opentest4j-1.3.0.jar:/home/runner/.m2/repository/org/junit/platform/junit-platform-commons/1.11.2/junit-platform-commons-1.11.2.jar:/home/runner/.m2/repository/org/junit/jupiter/junit-jupiter-params/5.11.2/junit-jupiter-params-5.11.2.jar:/home/runner/.m2/repository/org/mockito/mockito-core/4.3.1/mockito-core-4.3.1.jar:/home/runner/.m2/repository/net/bytebuddy/byte-buddy/1.12.7/byte-buddy-1.12.7.jar:/home/runner/.m2/repository/net/bytebuddy/byte-buddy-agent/1.12.7/byte-buddy-agent-1.12.7.jar:/home/runner/.m2/repository/org/objenesis/objenesis/3.2/objenesis-3.2.jar:/home/runner/work/ratis/ratis/ratis-test/target/gradle-enterprise/test-listeners.jar:"/>
    <property name="sun.cpu.endian" value="little"/>
    <property name="user.home" value="/home/runner"/>
    <property name="user.language" value="en"/>
    <property name="java.specification.vendor" value="Oracle Corporation"/>
    <property name="java.home" value="/usr/lib/jvm/temurin-8-jdk-amd64/jre"/>
    <property name="jacoco.skip" value="true"/>
    <property name="basedir" value="/home/runner/work/ratis/ratis/ratis-test"/>
    <property name="file.separator" value="/"/>
    <property name="line.separator" value="&#10;"/>
    <property name="java.vm.specification.vendor" value="Oracle Corporation"/>
    <property name="java.specification.name" value="Java Platform API Specification"/>
    <property name="java.awt.graphicsenv" value="sun.awt.X11GraphicsEnvironment"/>
    <property name="surefire.real.class.path" value="/home/runner/work/ratis/ratis/ratis-test/target/surefire/surefirebooter8874800509957029750.jar"/>
    <property name="sun.boot.class.path" value="/usr/lib/jvm/temurin-8-jdk-amd64/jre/lib/resources.jar:/usr/lib/jvm/temurin-8-jdk-amd64/jre/lib/rt.jar:/usr/lib/jvm/temurin-8-jdk-amd64/jre/lib/sunrsasign.jar:/usr/lib/jvm/temurin-8-jdk-amd64/jre/lib/jsse.jar:/usr/lib/jvm/temurin-8-jdk-amd64/jre/lib/jce.jar:/usr/lib/jvm/temurin-8-jdk-amd64/jre/lib/charsets.jar:/usr/lib/jvm/temurin-8-jdk-amd64/jre/lib/jfr.jar:/usr/lib/jvm/temurin-8-jdk-amd64/jre/classes"/>
    <property name="sun.management.compiler" value="HotSpot 64-Bit Tiered Compilers"/>
    <property name="java.runtime.version" value="1.8.0_442-b06"/>
    <property name="java.net.preferIPv4Stack" value="true"/>
    <property name="user.name" value="runner"/>
    <property name="path.separator" value=":"/>
    <property name="os.version" value="6.8.0-1020-azure"/>
    <property name="java.endorsed.dirs" value="/usr/lib/jvm/temurin-8-jdk-amd64/jre/lib/endorsed"/>
    <property name="java.runtime.name" value="OpenJDK Runtime Environment"/>
    <property name="com.gradle.maven.scan.extension.test.listener.junitplatform.NestedExecutionSafeDelegatingTestExecutionListener" value="2d6eabae"/>
    <property name="file.encoding" value="UTF-8"/>
    <property name="java.vm.name" value="OpenJDK 64-Bit Server VM"/>
    <property name="develocity.listener.surefire.forkId" value="1"/>
    <property name="localRepository" value="/home/runner/.m2/repository"/>
    <property name="java.vendor.url.bug" value="https://github.com/adoptium/adoptium-support/issues"/>
    <property name="java.io.tmpdir" value="/tmp"/>
    <property name="java.version" value="1.8.0_442"/>
    <property name="user.dir" value="/home/runner/work/ratis/ratis/ratis-test"/>
    <property name="os.arch" value="amd64"/>
    <property name="ratis.tmp.dir" value="/home/runner/work/ratis/ratis/ratis-test/target/tmp"/>
    <property name="java.vm.specification.name" value="Java Virtual Machine Specification"/>
    <property name="java.awt.printerjob" value="sun.print.PSPrinterJob"/>
    <property name="ratis.log.dir" value="/home/runner/work/ratis/ratis/ratis-test/target/log"/>
    <property name="sun.os.patch.level" value="unknown"/>
    <property name="java.library.path" value="/usr/java/packages/lib/amd64:/usr/lib64:/lib64:/lib:/usr/lib"/>
    <property name="java.vm.info" value="mixed mode"/>
    <property name="java.vendor" value="Temurin"/>
    <property name="java.vm.version" value="25.442-b06"/>
    <property name="java.specification.maintenance.version" value="6"/>
    <property name="develocity.listener.port" value="41529"/>
    <property name="java.ext.dirs" value="/usr/lib/jvm/temurin-8-jdk-amd64/jre/lib/ext:/usr/java/packages/lib/ext"/>
    <property name="sun.io.unicode.encoding" value="UnicodeLittle"/>
    <property name="java.class.version" value="52.0"/>
  </properties>
  <testcase name="testStateMachineMetrics" classname="org.apache.ratis.server.simulation.TestRaftWithSimulatedRpc" time="2.154">
    <failure type="org.opentest4j.AssertionFailedError"><![CDATA[org.opentest4j.AssertionFailedError: StateMachine Applied Index not incremented ==> expected: <true> but was: <false>
	at org.apache.ratis.RaftBasicTests.runTestStateMachineMetrics(RaftBasicTests.java:479)
	at org.apache.ratis.RaftBasicTests.lambda$testStateMachineMetrics$13(RaftBasicTests.java:453)
	at org.apache.ratis.server.impl.MiniRaftCluster$Factory$Get.runWithNewCluster(MiniRaftCluster.java:144)
	at org.apache.ratis.server.impl.MiniRaftCluster$Factory$Get.runWithNewCluster(MiniRaftCluster.java:121)
	at org.apache.ratis.RaftBasicTests.testStateMachineMetrics(RaftBasicTests.java:453)
	at java.lang.reflect.Method.invoke(Method.java:498)
	at java.util.ArrayList.forEach(ArrayList.java:1259)
	at java.util.ArrayList.forEach(ArrayList.java:1259)
]]></failure>
    <system-out><![CDATA[2025-02-11 20:20:42,344 [main] INFO  util.LogUtils (Slf4jUtils.java:setLogLevel(38)) - Successfully set org.apache.ratis.conf.ConfUtils log level to WARN
2025-02-11 20:20:42,346 [main] INFO  util.LogUtils (Slf4jUtils.java:setLogLevel(38)) - Successfully set org.apache.ratis.util.FileUtils log level to TRACE
2025-02-11 20:20:42,364 [main] INFO  util.LeakDetector (LeakDetector.java:start(124)) - Starting leak detector thread NONE0.
2025-02-11 20:20:42,373 [main] INFO  impl.MiniRaftCluster (MiniRaftCluster.java:runWithNewCluster(137)) - Running runWithNewCluster
2025-02-11 20:20:42,377 [main] INFO  simulation.MiniRaftClusterWithSimulatedRpc (ConfUtils.java:logGet(62)) - org.apache.ratis.server.simulation.SimulatedRequestReply.simulateLatencyMs = 0 (custom)
2025-02-11 20:20:42,410 [main] INFO  impl.MiniRaftCluster (MiniRaftCluster.java:<init>(319)) - new MiniRaftClusterWithSimulatedRpc with group-9E8EDFB42C9C:[s3|localhost:15012, s4|localhost:15016, s0|localhost:15000, s1|localhost:15004, s2|localhost:15008]
2025-02-11 20:20:42,410 [main] INFO  impl.MiniRaftCluster (MiniRaftCluster.java:start(352)) - .............................................................. 
2025-02-11 20:20:42,410 [main] INFO  impl.MiniRaftCluster (MiniRaftCluster.java:start(353)) - ... 
2025-02-11 20:20:42,410 [main] INFO  impl.MiniRaftCluster (MiniRaftCluster.java:start(354)) - ...     Starting MiniRaftClusterWithSimulatedRpc
2025-02-11 20:20:42,411 [main] INFO  impl.MiniRaftCluster (MiniRaftCluster.java:start(355)) - ... 
2025-02-11 20:20:42,411 [main] INFO  impl.MiniRaftCluster (MiniRaftCluster.java:start(356)) - .............................................................. 
2025-02-11 20:20:42,411 [main] INFO  impl.MiniRaftCluster (MiniRaftCluster.java:initServers(331)) - servers = {}
2025-02-11 20:20:42,415 [main] INFO  impl.MiniRaftCluster (MiniRaftCluster.java:newRaftServer(396)) - newRaftServer: s3, group-9E8EDFB42C9C:[s3|localhost:15012, s4|localhost:15016, s0|localhost:15000, s1|localhost:15004, s2|localhost:15008], format? true
2025-02-11 20:20:42,416 [main] TRACE util.FileUtils (FileUtils.java:deleteFully(307)) - deleteFully target/test/data/bb95da49/MiniRaftClusterWithSimulatedRpc1ec06061/s3
2025-02-11 20:20:42,417 [main] TRACE util.FileUtils (FileUtils.java:deleteFully(320)) - deleteFully: target/test/data/bb95da49/MiniRaftClusterWithSimulatedRpc1ec06061/s3 does not exist.
2025-02-11 20:20:42,418 [main] INFO  impl.MiniRaftCluster (MiniRaftCluster.java:newRaftServer(401)) - Formatted directory target/test/data/bb95da49/MiniRaftClusterWithSimulatedRpc1ec06061/s3
2025-02-11 20:20:42,425 [main] INFO  server.RaftServer (ConfUtils.java:logGet(62)) - raft.rpc.type = org.apache.ratis.server.simulation.SimulatedRpc (custom)
2025-02-11 20:20:42,429 [main] INFO  impl.DataStreamServerImpl (ConfUtils.java:logGet(62)) - raft.datastream.type = DISABLED (default)
2025-02-11 20:20:42,431 [main] INFO  server.RaftServerConfigKeys (ConfUtils.java:logGet(62)) - raft.server.sleep.deviation.threshold = 300ms (default)
2025-02-11 20:20:42,432 [main] INFO  server.RaftServerConfigKeys (ConfUtils.java:logGet(62)) - raft.server.close.threshold = 60s (default)
2025-02-11 20:20:42,433 [main] INFO  server.RaftServerConfigKeys (ConfUtils.java:logGet(62)) - raft.server.leaderelection.leader.step-down.wait-time = 10s (default)
2025-02-11 20:20:42,445 [main] INFO  server.RaftServerConfigKeys (ConfUtils.java:logGet(62)) - raft.server.storage.dir = [/home/runner/work/ratis/ratis/ratis-test/target/test/data/bb95da49/MiniRaftClusterWithSimulatedRpc1ec06061/s3] (custom)
2025-02-11 20:20:42,446 [main] INFO  server.RaftServerConfigKeys (ConfUtils.java:logGet(62)) - raft.server.threadpool.proxy.cached = true (default)
2025-02-11 20:20:42,446 [main] INFO  server.RaftServerConfigKeys (ConfUtils.java:logGet(62)) - raft.server.threadpool.proxy.size = 0 (default)
2025-02-11 20:20:42,452 [main] INFO  server.RaftServer (RaftServerProxy.java:addNew(101)) - s3: addNew group-9E8EDFB42C9C:[s3|localhost:15012, s4|localhost:15016, s0|localhost:15000, s1|localhost:15004, s2|localhost:15008] returns group-9E8EDFB42C9C:java.util.concurrent.CompletableFuture@17f7cd29[Not completed]
2025-02-11 20:20:42,452 [main] INFO  impl.MiniRaftCluster (MiniRaftCluster.java:newRaftServer(396)) - newRaftServer: s4, group-9E8EDFB42C9C:[s3|localhost:15012, s4|localhost:15016, s0|localhost:15000, s1|localhost:15004, s2|localhost:15008], format? true
2025-02-11 20:20:42,452 [main] TRACE util.FileUtils (FileUtils.java:deleteFully(307)) - deleteFully target/test/data/bb95da49/MiniRaftClusterWithSimulatedRpc1ec06061/s4
2025-02-11 20:20:42,453 [main] TRACE util.FileUtils (FileUtils.java:deleteFully(320)) - deleteFully: target/test/data/bb95da49/MiniRaftClusterWithSimulatedRpc1ec06061/s4 does not exist.
2025-02-11 20:20:42,453 [main] INFO  impl.MiniRaftCluster (MiniRaftCluster.java:newRaftServer(401)) - Formatted directory target/test/data/bb95da49/MiniRaftClusterWithSimulatedRpc1ec06061/s4
2025-02-11 20:20:42,454 [main] INFO  server.RaftServerConfigKeys (ConfUtils.java:logGet(62)) - raft.server.storage.dir = [/home/runner/work/ratis/ratis/ratis-test/target/test/data/bb95da49/MiniRaftClusterWithSimulatedRpc1ec06061/s4] (custom)
2025-02-11 20:20:42,455 [main] INFO  server.RaftServer (RaftServerProxy.java:addNew(101)) - s4: addNew group-9E8EDFB42C9C:[s3|localhost:15012, s4|localhost:15016, s0|localhost:15000, s1|localhost:15004, s2|localhost:15008] returns group-9E8EDFB42C9C:java.util.concurrent.CompletableFuture@158a8276[Not completed]
2025-02-11 20:20:42,455 [main] INFO  impl.MiniRaftCluster (MiniRaftCluster.java:newRaftServer(396)) - newRaftServer: s0, group-9E8EDFB42C9C:[s3|localhost:15012, s4|localhost:15016, s0|localhost:15000, s1|localhost:15004, s2|localhost:15008], format? true
2025-02-11 20:20:42,456 [main] TRACE util.FileUtils (FileUtils.java:deleteFully(307)) - deleteFully target/test/data/bb95da49/MiniRaftClusterWithSimulatedRpc1ec06061/s0
2025-02-11 20:20:42,456 [main] TRACE util.FileUtils (FileUtils.java:deleteFully(320)) - deleteFully: target/test/data/bb95da49/MiniRaftClusterWithSimulatedRpc1ec06061/s0 does not exist.
2025-02-11 20:20:42,456 [main] INFO  impl.MiniRaftCluster (MiniRaftCluster.java:newRaftServer(401)) - Formatted directory target/test/data/bb95da49/MiniRaftClusterWithSimulatedRpc1ec06061/s0
2025-02-11 20:20:42,457 [main] INFO  server.RaftServerConfigKeys (ConfUtils.java:logGet(62)) - raft.server.storage.dir = [/home/runner/work/ratis/ratis/ratis-test/target/test/data/bb95da49/MiniRaftClusterWithSimulatedRpc1ec06061/s0] (custom)
2025-02-11 20:20:42,459 [main] INFO  server.RaftServer (RaftServerProxy.java:addNew(101)) - s0: addNew group-9E8EDFB42C9C:[s3|localhost:15012, s4|localhost:15016, s0|localhost:15000, s1|localhost:15004, s2|localhost:15008] returns group-9E8EDFB42C9C:java.util.concurrent.CompletableFuture@5fbe4146[Not completed]
2025-02-11 20:20:42,459 [main] INFO  impl.MiniRaftCluster (MiniRaftCluster.java:newRaftServer(396)) - newRaftServer: s1, group-9E8EDFB42C9C:[s3|localhost:15012, s4|localhost:15016, s0|localhost:15000, s1|localhost:15004, s2|localhost:15008], format? true
2025-02-11 20:20:42,460 [main] TRACE util.FileUtils (FileUtils.java:deleteFully(307)) - deleteFully target/test/data/bb95da49/MiniRaftClusterWithSimulatedRpc1ec06061/s1
2025-02-11 20:20:42,460 [main] TRACE util.FileUtils (FileUtils.java:deleteFully(320)) - deleteFully: target/test/data/bb95da49/MiniRaftClusterWithSimulatedRpc1ec06061/s1 does not exist.
2025-02-11 20:20:42,460 [main] INFO  impl.MiniRaftCluster (MiniRaftCluster.java:newRaftServer(401)) - Formatted directory target/test/data/bb95da49/MiniRaftClusterWithSimulatedRpc1ec06061/s1
2025-02-11 20:20:42,461 [main] INFO  server.RaftServerConfigKeys (ConfUtils.java:logGet(62)) - raft.server.storage.dir = [/home/runner/work/ratis/ratis/ratis-test/target/test/data/bb95da49/MiniRaftClusterWithSimulatedRpc1ec06061/s1] (custom)
2025-02-11 20:20:42,463 [s0-groupManagement] INFO  server.RaftServer$Division (RaftServerImpl.java:<init>(267)) - s0: new RaftServerImpl for group-9E8EDFB42C9C:[s3|localhost:15012, s4|localhost:15016, s0|localhost:15000, s1|localhost:15004, s2|localhost:15008] with BaseStateMachine:uninitialized
2025-02-11 20:20:42,464 [s4-groupManagement] INFO  server.RaftServer$Division (RaftServerImpl.java:<init>(267)) - s4: new RaftServerImpl for group-9E8EDFB42C9C:[s3|localhost:15012, s4|localhost:15016, s0|localhost:15000, s1|localhost:15004, s2|localhost:15008] with BaseStateMachine:uninitialized
2025-02-11 20:20:42,464 [s3-groupManagement] INFO  server.RaftServer$Division (RaftServerImpl.java:<init>(267)) - s3: new RaftServerImpl for group-9E8EDFB42C9C:[s3|localhost:15012, s4|localhost:15016, s0|localhost:15000, s1|localhost:15004, s2|localhost:15008] with BaseStateMachine:uninitialized
2025-02-11 20:20:42,464 [s1-groupManagement] INFO  server.RaftServer$Division (RaftServerImpl.java:<init>(267)) - s1: new RaftServerImpl for group-9E8EDFB42C9C:[s3|localhost:15012, s4|localhost:15016, s0|localhost:15000, s1|localhost:15004, s2|localhost:15008] with BaseStateMachine:uninitialized
2025-02-11 20:20:42,463 [main] INFO  server.RaftServer (RaftServerProxy.java:addNew(101)) - s1: addNew group-9E8EDFB42C9C:[s3|localhost:15012, s4|localhost:15016, s0|localhost:15000, s1|localhost:15004, s2|localhost:15008] returns group-9E8EDFB42C9C:java.util.concurrent.CompletableFuture@7530ad9c[Not completed]
2025-02-11 20:20:42,465 [main] INFO  impl.MiniRaftCluster (MiniRaftCluster.java:newRaftServer(396)) - newRaftServer: s2, group-9E8EDFB42C9C:[s3|localhost:15012, s4|localhost:15016, s0|localhost:15000, s1|localhost:15004, s2|localhost:15008], format? true
2025-02-11 20:20:42,465 [main] TRACE util.FileUtils (FileUtils.java:deleteFully(307)) - deleteFully target/test/data/bb95da49/MiniRaftClusterWithSimulatedRpc1ec06061/s2
2025-02-11 20:20:42,466 [s0-groupManagement] INFO  server.RaftServerConfigKeys (ConfUtils.java:logGet(62)) - raft.server.rpc.timeout.max = 300ms (default)
2025-02-11 20:20:42,466 [s0-groupManagement] INFO  server.RaftServerConfigKeys (ConfUtils.java:logGet(62)) - raft.server.rpc.sleep.time = 25ms (default)
2025-02-11 20:20:42,466 [s1-groupManagement] INFO  server.RaftServerConfigKeys (ConfUtils.java:logGet(62)) - raft.server.rpc.slowness.timeout = 60s (default)
2025-02-11 20:20:42,467 [s0-groupManagement] INFO  server.RaftServerConfigKeys (ConfUtils.java:logGet(62)) - raft.server.leaderelection.member.majority-add = false (default)
2025-02-11 20:20:42,465 [s4-groupManagement] INFO  server.RaftServerConfigKeys (ConfUtils.java:logGet(62)) - raft.server.rpc.timeout.min = 150ms (default)
2025-02-11 20:20:42,466 [main] TRACE util.FileUtils (FileUtils.java:deleteFully(320)) - deleteFully: target/test/data/bb95da49/MiniRaftClusterWithSimulatedRpc1ec06061/s2 does not exist.
2025-02-11 20:20:42,467 [main] INFO  impl.MiniRaftCluster (MiniRaftCluster.java:newRaftServer(401)) - Formatted directory target/test/data/bb95da49/MiniRaftClusterWithSimulatedRpc1ec06061/s2
2025-02-11 20:20:42,468 [main] INFO  server.RaftServerConfigKeys (ConfUtils.java:logGet(62)) - raft.server.storage.dir = [/home/runner/work/ratis/ratis/ratis-test/target/test/data/bb95da49/MiniRaftClusterWithSimulatedRpc1ec06061/s2] (custom)
2025-02-11 20:20:42,471 [main] INFO  server.RaftServer (RaftServerProxy.java:addNew(101)) - s2: addNew group-9E8EDFB42C9C:[s3|localhost:15012, s4|localhost:15016, s0|localhost:15000, s1|localhost:15004, s2|localhost:15008] returns group-9E8EDFB42C9C:java.util.concurrent.CompletableFuture@394df057[Not completed]
2025-02-11 20:20:42,472 [s1-groupManagement] INFO  server.RaftServer$Division (ServerState.java:<init>(114)) - s1@group-9E8EDFB42C9C: ConfigurationManager, init=conf: {index: -1, cur=peers:[s3|localhost:15012, s4|localhost:15016, s0|localhost:15000, s1|localhost:15004, s2|localhost:15008]|listeners:[], old=null}, confs=<EMPTY_MAP>
2025-02-11 20:20:42,473 [s2-groupManagement] INFO  server.RaftServer$Division (RaftServerImpl.java:<init>(267)) - s2: new RaftServerImpl for group-9E8EDFB42C9C:[s3|localhost:15012, s4|localhost:15016, s0|localhost:15000, s1|localhost:15004, s2|localhost:15008] with BaseStateMachine:uninitialized
2025-02-11 20:20:42,473 [s0-groupManagement] INFO  server.RaftServer$Division (ServerState.java:<init>(114)) - s0@group-9E8EDFB42C9C: ConfigurationManager, init=conf: {index: -1, cur=peers:[s3|localhost:15012, s4|localhost:15016, s0|localhost:15000, s1|localhost:15004, s2|localhost:15008]|listeners:[], old=null}, confs=<EMPTY_MAP>
2025-02-11 20:20:42,473 [s2-groupManagement] INFO  server.RaftServer$Division (ServerState.java:<init>(114)) - s2@group-9E8EDFB42C9C: ConfigurationManager, init=conf: {index: -1, cur=peers:[s3|localhost:15012, s4|localhost:15016, s0|localhost:15000, s1|localhost:15004, s2|localhost:15008]|listeners:[], old=null}, confs=<EMPTY_MAP>
2025-02-11 20:20:42,473 [s4-groupManagement] INFO  server.RaftServer$Division (ServerState.java:<init>(114)) - s4@group-9E8EDFB42C9C: ConfigurationManager, init=conf: {index: -1, cur=peers:[s3|localhost:15012, s4|localhost:15016, s0|localhost:15000, s1|localhost:15004, s2|localhost:15008]|listeners:[], old=null}, confs=<EMPTY_MAP>
2025-02-11 20:20:42,473 [s3-groupManagement] INFO  server.RaftServer$Division (ServerState.java:<init>(114)) - s3@group-9E8EDFB42C9C: ConfigurationManager, init=conf: {index: -1, cur=peers:[s3|localhost:15012, s4|localhost:15016, s0|localhost:15000, s1|localhost:15004, s2|localhost:15008]|listeners:[], old=null}, confs=<EMPTY_MAP>
2025-02-11 20:20:42,477 [s1-groupManagement] INFO  server.RaftServerConfigKeys (ConfUtils.java:logGet(62)) - raft.server.notification.no-leader.timeout = 60s (default)
2025-02-11 20:20:42,481 [s2-groupManagement] INFO  server.RaftServerConfigKeys (ConfUtils.java:logGet(62)) - raft.server.read.timeout = 10s (default)
2025-02-11 20:20:42,484 [s0-groupManagement] INFO  server.RaftServerConfigKeys (ConfUtils.java:logGet(62)) - raft.server.retrycache.expirytime = 5s (custom)
2025-02-11 20:20:42,484 [s1-groupManagement] INFO  server.RaftServerConfigKeys (ConfUtils.java:logGet(62)) - raft.server.retrycache.statistics.expirytime = 100ms (default)
2025-02-11 20:20:42,487 [s0-groupManagement] INFO  server.RaftServerConfigKeys (ConfUtils.java:logGet(62)) - raft.server.read.option = DEFAULT (default)
2025-02-11 20:20:42,488 [s0-groupManagement] INFO  server.RaftServerConfigKeys (ConfUtils.java:logGet(62)) - raft.server.read.read-after-write-consistent.write-index-cache.expiry-time = 60s (default)
2025-02-11 20:20:42,562 [s3-groupManagement] INFO  server.RaftServerConfigKeys (ConfUtils.java:logGet(62)) - raft.server.rpc.request.timeout = 3000ms (default)
2025-02-11 20:20:42,565 [s1-groupManagement] INFO  server.RaftServerConfigKeys (ConfUtils.java:logGet(62)) - raft.server.log.appender.install.snapshot.enabled = true (default)
2025-02-11 20:20:42,565 [s3-groupManagement] INFO  server.RaftServerConfigKeys (ConfUtils.java:logGet(62)) - raft.server.threadpool.server.size = 0 (default)
2025-02-11 20:20:42,565 [s0-groupManagement] INFO  server.RaftServerConfigKeys (ConfUtils.java:logGet(62)) - raft.server.threadpool.server.cached = true (default)
2025-02-11 20:20:42,565 [s3-groupManagement] INFO  server.RaftServerConfigKeys (ConfUtils.java:logGet(62)) - raft.server.threadpool.client.size = 0 (default)
2025-02-11 20:20:42,565 [s2-groupManagement] INFO  server.RaftServerConfigKeys (ConfUtils.java:logGet(62)) - raft.server.threadpool.client.cached = true (default)
2025-02-11 20:20:42,568 [s3-impl-thread1] INFO  server.RaftServerConfigKeys (ConfUtils.java:logGet(62)) - raft.server.storage.free-space.min = 0MB (=0) (default)
2025-02-11 20:20:42,569 [s3-impl-thread1] INFO  server.RaftServerConfigKeys (ConfUtils.java:logGet(62)) - raft.server.log.corruption.policy = EXCEPTION (default)
2025-02-11 20:20:42,569 [s3-impl-thread1] INFO  server.RaftServerConfigKeys (ConfUtils.java:logGet(62)) - raft.server.storage.dir = [/home/runner/work/ratis/ratis/ratis-test/target/test/data/bb95da49/MiniRaftClusterWithSimulatedRpc1ec06061/s3] (custom)
2025-02-11 20:20:42,573 [s3-impl-thread1] INFO  storage.RaftStorageDirectory (RaftStorageDirectoryImpl.java:analyzeStorage(138)) - The storage directory /home/runner/work/ratis/ratis/ratis-test/target/test/data/bb95da49/MiniRaftClusterWithSimulatedRpc1ec06061/s3/ee7776b0-010a-451f-ab02-9e8edfb42c9c does not exist. Creating ...
2025-02-11 20:20:42,575 [s3-impl-thread1] TRACE util.FileUtils (LogUtils.java:runAndLog(49)) - Successfully ran Files.createDirectories /home/runner/work/ratis/ratis/ratis-test/target/test/data/bb95da49/MiniRaftClusterWithSimulatedRpc1ec06061/s3/ee7776b0-010a-451f-ab02-9e8edfb42c9c
2025-02-11 20:20:42,577 [s3-impl-thread1] INFO  storage.RaftStorageDirectory (RaftStorageDirectoryImpl.java:tryLock(229)) - Lock on /home/runner/work/ratis/ratis/ratis-test/target/test/data/bb95da49/MiniRaftClusterWithSimulatedRpc1ec06061/s3/ee7776b0-010a-451f-ab02-9e8edfb42c9c/in_use.lock acquired by nodename 8517@fv-az1308-518.goeqwkruhmdevjehdg1fxxpbzh.bx.internal.cloudapp.net
2025-02-11 20:20:42,577 [s3-impl-thread1] TRACE util.FileUtils (LogUtils.java:runAndLog(49)) - Successfully ran Files.createDirectories /home/runner/work/ratis/ratis/ratis-test/target/test/data/bb95da49/MiniRaftClusterWithSimulatedRpc1ec06061/s3/ee7776b0-010a-451f-ab02-9e8edfb42c9c/current
2025-02-11 20:20:42,578 [s3-impl-thread1] TRACE util.FileUtils (LogUtils.java:runAndLog(49)) - Successfully ran Files.createDirectories /home/runner/work/ratis/ratis/ratis-test/target/test/data/bb95da49/MiniRaftClusterWithSimulatedRpc1ec06061/s3/ee7776b0-010a-451f-ab02-9e8edfb42c9c/sm
2025-02-11 20:20:42,590 [s3-impl-thread1] TRACE util.FileUtils (LogUtils.java:supplyAndLog(69)) - Successfully supplied FileChannel.open /home/runner/work/ratis/ratis/ratis-test/target/test/data/bb95da49/MiniRaftClusterWithSimulatedRpc1ec06061/s3/ee7776b0-010a-451f-ab02-9e8edfb42c9c/current/raft-meta.tmp with options [CREATE, WRITE]: sun.nio.ch.FileChannelImpl@28171abf
2025-02-11 20:20:42,595 [s3-impl-thread1] TRACE util.FileUtils (LogUtils.java:runAndLog(49)) - Successfully ran Atomic Files.move /home/runner/work/ratis/ratis/ratis-test/target/test/data/bb95da49/MiniRaftClusterWithSimulatedRpc1ec06061/s3/ee7776b0-010a-451f-ab02-9e8edfb42c9c/current/raft-meta.tmp to /home/runner/work/ratis/ratis/ratis-test/target/test/data/bb95da49/MiniRaftClusterWithSimulatedRpc1ec06061/s3/ee7776b0-010a-451f-ab02-9e8edfb42c9c/current/raft-meta with options [REPLACE_EXISTING]
2025-02-11 20:20:42,595 [s3-impl-thread1] INFO  storage.RaftStorage (RaftStorageImpl.java:format(98)) - Storage directory /home/runner/work/ratis/ratis/ratis-test/target/test/data/bb95da49/MiniRaftClusterWithSimulatedRpc1ec06061/s3/ee7776b0-010a-451f-ab02-9e8edfb42c9c has been successfully formatted.
2025-02-11 20:20:42,596 [s3-impl-thread1] INFO  server.RaftServerConfigKeys (ConfUtils.java:logGet(62)) - raft.server.log.use.memory = false (default)
2025-02-11 20:20:42,601 [s3-impl-thread1] INFO  server.RaftServerConfigKeys (ConfUtils.java:logGet(62)) - raft.server.log.purge.gap = 1024 (default)
2025-02-11 20:20:42,602 [s3-impl-thread1] INFO  server.RaftServerConfigKeys (ConfUtils.java:logGet(62)) - raft.server.log.appender.buffer.byte-limit = 4MB (=4194304) (default)
2025-02-11 20:20:42,602 [s3-impl-thread1] INFO  server.RaftServerConfigKeys (ConfUtils.java:logGet(62)) - raft.server.log.statemachine.data.read.timeout = 1000ms (default)
2025-02-11 20:20:42,603 [s3-impl-thread1] INFO  server.RaftServerConfigKeys (ConfUtils.java:logGet(62)) - raft.server.log.purge.preservation.log.num = 0 (default)
2025-02-11 20:20:42,605 [s3-impl-thread1] INFO  server.RaftServerConfigKeys (ConfUtils.java:logGet(62)) - raft.server.log.segment.size.max = 32MB (=33554432) (default)
2025-02-11 20:20:42,608 [s3-impl-thread1] INFO  server.RaftServerConfigKeys (ConfUtils.java:logGet(62)) - raft.server.log.segment.cache.num.max = 6 (default)
2025-02-11 20:20:42,609 [s3-impl-thread1] INFO  server.RaftServerConfigKeys (ConfUtils.java:logGet(62)) - raft.server.log.segment.cache.size.max = 200MB (=209715200) (default)
2025-02-11 20:20:42,610 [s3-impl-thread1] INFO  util.AwaitToRun (AwaitToRun.java:start(81)) - Thread[s3@group-9E8EDFB42C9C-cacheEviction-AwaitToRun,5,main] started
2025-02-11 20:20:42,613 [s3-impl-thread1] INFO  segmented.SegmentedRaftLogWorker (SegmentedRaftLogWorker.java:<init>(189)) - new s3@group-9E8EDFB42C9C-SegmentedRaftLogWorker for RaftStorageImpl:Storage Directory /home/runner/work/ratis/ratis/ratis-test/target/test/data/bb95da49/MiniRaftClusterWithSimulatedRpc1ec06061/s3/ee7776b0-010a-451f-ab02-9e8edfb42c9c
2025-02-11 20:20:42,613 [s3-impl-thread1] INFO  server.RaftServerConfigKeys (ConfUtils.java:logGet(62)) - raft.server.log.queue.byte-limit = 64MB (=67108864) (default)
2025-02-11 20:20:42,613 [s3-impl-thread1] INFO  server.RaftServerConfigKeys (ConfUtils.java:logGet(62)) - raft.server.log.queue.element-limit = 4096 (default)
2025-02-11 20:20:42,615 [s3-impl-thread1] INFO  server.RaftServerConfigKeys (ConfUtils.java:logGet(62)) - raft.server.log.preallocated.size = 4MB (=4194304) (default)
2025-02-11 20:20:42,615 [s3-impl-thread1] INFO  server.RaftServerConfigKeys (ConfUtils.java:logGet(62)) - raft.server.log.force.sync.num = 128 (default)
2025-02-11 20:20:42,619 [s3-impl-thread1] INFO  server.RaftServerConfigKeys (ConfUtils.java:logGet(62)) - raft.server.log.statemachine.data.sync = true (default)
2025-02-11 20:20:42,619 [s3-impl-thread1] INFO  server.RaftServerConfigKeys (ConfUtils.java:logGet(62)) - raft.server.log.statemachine.data.sync.timeout = 10s (default)
2025-02-11 20:20:42,619 [s3-impl-thread1] INFO  server.RaftServerConfigKeys (ConfUtils.java:logGet(62)) - raft.server.log.statemachine.data.sync.timeout.retry = -1 (default)
2025-02-11 20:20:42,621 [s3-impl-thread1] INFO  server.RaftServerConfigKeys (ConfUtils.java:logGet(62)) - raft.server.log.write.buffer.size = 8MB (=8388608) (default)
2025-02-11 20:20:42,623 [s3-impl-thread1] INFO  server.RaftServerConfigKeys (ConfUtils.java:logGet(62)) - raft.server.log.unsafe-flush.enabled = false (default)
2025-02-11 20:20:42,623 [s3-impl-thread1] INFO  server.RaftServerConfigKeys (ConfUtils.java:logGet(62)) - raft.server.log.async-flush.enabled = false (default)
2025-02-11 20:20:42,624 [s3-impl-thread1] INFO  server.RaftServerConfigKeys (ConfUtils.java:logGet(62)) - raft.server.log.statemachine.data.caching.enabled = false (default)
2025-02-11 20:20:42,630 [s3-impl-thread1] INFO  segmented.SegmentedRaftLogWorker (SegmentedRaftLogWorker.java:lambda$new$0(140)) - s3@group-9E8EDFB42C9C-SegmentedRaftLogWorker: flushIndex: setUnconditionally 0 -> -1
2025-02-11 20:20:42,630 [s3-impl-thread1] INFO  segmented.SegmentedRaftLogWorker (SegmentedRaftLogWorker.java:lambda$new$0(140)) - s3@group-9E8EDFB42C9C-SegmentedRaftLogWorker: safeCacheEvictIndex: setUnconditionally 0 -> -1
2025-02-11 20:20:42,632 [s3-impl-thread1] INFO  server.RaftServer$Division (RaftServerImpl.java:start(404)) - s3@group-9E8EDFB42C9C: start as a follower, conf=conf: {index: -1, cur=peers:[s3|localhost:15012, s4|localhost:15016, s0|localhost:15000, s1|localhost:15004, s2|localhost:15008]|listeners:[], old=null}
2025-02-11 20:20:42,632 [s3-impl-thread1] INFO  server.RaftServer$Division (RaftServerImpl.java:setRole(391)) - s3@group-9E8EDFB42C9C: changes role from      null to FOLLOWER at term 0 for startAsFollower
2025-02-11 20:20:42,633 [s3-impl-thread1] INFO  impl.RoleInfo (RoleInfo.java:updateAndGet(148)) - s3: start s3@group-9E8EDFB42C9C-FollowerState
2025-02-11 20:20:42,635 [s3-impl-thread1] INFO  util.JmxRegister (JmxRegister.java:tryRegister(44)) - Successfully registered JMX Bean with object name Ratis:service=RaftServer,group=group-9E8EDFB42C9C,id=s3
2025-02-11 20:20:42,635 [s3-impl-thread1] INFO  util.JmxRegister (JmxRegister.java:register(58)) - register mxBean class org.apache.ratis.server.impl.RaftServerJmxAdapter as Ratis:service=RaftServer,group=group-9E8EDFB42C9C,id=s3
2025-02-11 20:20:42,635 [s3@group-9E8EDFB42C9C-FollowerState] INFO  server.RaftServerConfigKeys (ConfUtils.java:logFallback(69)) - raft.server.rpc.first-election.timeout.min = 150ms (fallback to raft.server.rpc.timeout.min)
2025-02-11 20:20:42,636 [s3@group-9E8EDFB42C9C-FollowerState] INFO  server.RaftServerConfigKeys (ConfUtils.java:logFallback(69)) - raft.server.rpc.first-election.timeout.max = 300ms (fallback to raft.server.rpc.timeout.max)
2025-02-11 20:20:42,637 [s3-impl-thread1] INFO  server.RaftServerConfigKeys (ConfUtils.java:logGet(62)) - raft.server.snapshot.trigger-when-stop.enabled = true (default)
2025-02-11 20:20:42,638 [s3-impl-thread1] INFO  server.RaftServerConfigKeys (ConfUtils.java:logGet(62)) - raft.server.snapshot.trigger-when-remove.enabled = true (default)
2025-02-11 20:20:42,638 [s3-impl-thread1] INFO  server.RaftServerConfigKeys (ConfUtils.java:logGet(62)) - raft.server.snapshot.auto.trigger.enabled = false (default)
2025-02-11 20:20:42,639 [s3-impl-thread1] INFO  server.RaftServerConfigKeys (ConfUtils.java:logGet(62)) - raft.server.snapshot.retention.file.num = -1 (default)
2025-02-11 20:20:42,639 [s3-impl-thread1] INFO  server.RaftServerConfigKeys (ConfUtils.java:logGet(62)) - raft.server.log.purge.upto.snapshot.index = false (default)
2025-02-11 20:20:42,644 [s3-impl-thread1] INFO  server.RaftServer$Division (RaftServerImpl.java:start(418)) - s3@group-9E8EDFB42C9C: Successfully started.
2025-02-11 20:20:42,644 [main] INFO  server.RaftServer (RaftServerProxy.java:startImpl(408)) - s3: start RPC server
2025-02-11 20:20:42,647 [JvmPauseMonitor0] INFO  util.JvmPauseMonitor (JvmPauseMonitor.java:run(146)) - JvmPauseMonitor-s3: Started
2025-02-11 20:20:42,647 [s4-impl-thread1] INFO  server.RaftServerConfigKeys (ConfUtils.java:logGet(62)) - raft.server.storage.dir = [/home/runner/work/ratis/ratis/ratis-test/target/test/data/bb95da49/MiniRaftClusterWithSimulatedRpc1ec06061/s4] (custom)
2025-02-11 20:20:42,647 [s4-impl-thread1] INFO  storage.RaftStorageDirectory (RaftStorageDirectoryImpl.java:analyzeStorage(138)) - The storage directory /home/runner/work/ratis/ratis/ratis-test/target/test/data/bb95da49/MiniRaftClusterWithSimulatedRpc1ec06061/s4/ee7776b0-010a-451f-ab02-9e8edfb42c9c does not exist. Creating ...
2025-02-11 20:20:42,648 [s4-impl-thread1] TRACE util.FileUtils (LogUtils.java:runAndLog(49)) - Successfully ran Files.createDirectories /home/runner/work/ratis/ratis/ratis-test/target/test/data/bb95da49/MiniRaftClusterWithSimulatedRpc1ec06061/s4/ee7776b0-010a-451f-ab02-9e8edfb42c9c
2025-02-11 20:20:42,649 [s4-impl-thread1] INFO  storage.RaftStorageDirectory (RaftStorageDirectoryImpl.java:tryLock(229)) - Lock on /home/runner/work/ratis/ratis/ratis-test/target/test/data/bb95da49/MiniRaftClusterWithSimulatedRpc1ec06061/s4/ee7776b0-010a-451f-ab02-9e8edfb42c9c/in_use.lock acquired by nodename 8517@fv-az1308-518.goeqwkruhmdevjehdg1fxxpbzh.bx.internal.cloudapp.net
2025-02-11 20:20:42,650 [s4-impl-thread1] TRACE util.FileUtils (LogUtils.java:runAndLog(49)) - Successfully ran Files.createDirectories /home/runner/work/ratis/ratis/ratis-test/target/test/data/bb95da49/MiniRaftClusterWithSimulatedRpc1ec06061/s4/ee7776b0-010a-451f-ab02-9e8edfb42c9c/current
2025-02-11 20:20:42,650 [s4-impl-thread1] TRACE util.FileUtils (LogUtils.java:runAndLog(49)) - Successfully ran Files.createDirectories /home/runner/work/ratis/ratis/ratis-test/target/test/data/bb95da49/MiniRaftClusterWithSimulatedRpc1ec06061/s4/ee7776b0-010a-451f-ab02-9e8edfb42c9c/sm
2025-02-11 20:20:42,650 [s4-impl-thread1] TRACE util.FileUtils (LogUtils.java:supplyAndLog(69)) - Successfully supplied FileChannel.open /home/runner/work/ratis/ratis/ratis-test/target/test/data/bb95da49/MiniRaftClusterWithSimulatedRpc1ec06061/s4/ee7776b0-010a-451f-ab02-9e8edfb42c9c/current/raft-meta.tmp with options [CREATE, WRITE]: sun.nio.ch.FileChannelImpl@2434e3bd
2025-02-11 20:20:42,652 [s4-impl-thread1] TRACE util.FileUtils (LogUtils.java:runAndLog(49)) - Successfully ran Atomic Files.move /home/runner/work/ratis/ratis/ratis-test/target/test/data/bb95da49/MiniRaftClusterWithSimulatedRpc1ec06061/s4/ee7776b0-010a-451f-ab02-9e8edfb42c9c/current/raft-meta.tmp to /home/runner/work/ratis/ratis/ratis-test/target/test/data/bb95da49/MiniRaftClusterWithSimulatedRpc1ec06061/s4/ee7776b0-010a-451f-ab02-9e8edfb42c9c/current/raft-meta with options [REPLACE_EXISTING]
2025-02-11 20:20:42,652 [s4-impl-thread1] INFO  storage.RaftStorage (RaftStorageImpl.java:format(98)) - Storage directory /home/runner/work/ratis/ratis/ratis-test/target/test/data/bb95da49/MiniRaftClusterWithSimulatedRpc1ec06061/s4/ee7776b0-010a-451f-ab02-9e8edfb42c9c has been successfully formatted.
2025-02-11 20:20:42,653 [s4-impl-thread1] INFO  util.AwaitToRun (AwaitToRun.java:start(81)) - Thread[s4@group-9E8EDFB42C9C-cacheEviction-AwaitToRun,5,main] started
2025-02-11 20:20:42,654 [s4-impl-thread1] INFO  segmented.SegmentedRaftLogWorker (SegmentedRaftLogWorker.java:<init>(189)) - new s4@group-9E8EDFB42C9C-SegmentedRaftLogWorker for RaftStorageImpl:Storage Directory /home/runner/work/ratis/ratis/ratis-test/target/test/data/bb95da49/MiniRaftClusterWithSimulatedRpc1ec06061/s4/ee7776b0-010a-451f-ab02-9e8edfb42c9c
2025-02-11 20:20:42,656 [s4-impl-thread1] INFO  segmented.SegmentedRaftLogWorker (SegmentedRaftLogWorker.java:lambda$new$0(140)) - s4@group-9E8EDFB42C9C-SegmentedRaftLogWorker: flushIndex: setUnconditionally 0 -> -1
2025-02-11 20:20:42,656 [s4-impl-thread1] INFO  segmented.SegmentedRaftLogWorker (SegmentedRaftLogWorker.java:lambda$new$0(140)) - s4@group-9E8EDFB42C9C-SegmentedRaftLogWorker: safeCacheEvictIndex: setUnconditionally 0 -> -1
2025-02-11 20:20:42,656 [s4-impl-thread1] INFO  server.RaftServer$Division (RaftServerImpl.java:start(404)) - s4@group-9E8EDFB42C9C: start as a follower, conf=conf: {index: -1, cur=peers:[s3|localhost:15012, s4|localhost:15016, s0|localhost:15000, s1|localhost:15004, s2|localhost:15008]|listeners:[], old=null}
2025-02-11 20:20:42,656 [s4-impl-thread1] INFO  server.RaftServer$Division (RaftServerImpl.java:setRole(391)) - s4@group-9E8EDFB42C9C: changes role from      null to FOLLOWER at term 0 for startAsFollower
2025-02-11 20:20:42,657 [s4-impl-thread1] INFO  impl.RoleInfo (RoleInfo.java:updateAndGet(148)) - s4: start s4@group-9E8EDFB42C9C-FollowerState
2025-02-11 20:20:42,657 [s4@group-9E8EDFB42C9C-FollowerState] INFO  server.RaftServerConfigKeys (ConfUtils.java:logFallback(69)) - raft.server.rpc.first-election.timeout.min = 150ms (fallback to raft.server.rpc.timeout.min)
2025-02-11 20:20:42,657 [s4@group-9E8EDFB42C9C-FollowerState] INFO  server.RaftServerConfigKeys (ConfUtils.java:logFallback(69)) - raft.server.rpc.first-election.timeout.max = 300ms (fallback to raft.server.rpc.timeout.max)
2025-02-11 20:20:42,658 [s4-impl-thread1] INFO  util.JmxRegister (JmxRegister.java:tryRegister(44)) - Successfully registered JMX Bean with object name Ratis:service=RaftServer,group=group-9E8EDFB42C9C,id=s4
2025-02-11 20:20:42,658 [s4-impl-thread1] INFO  util.JmxRegister (JmxRegister.java:register(58)) - register mxBean class org.apache.ratis.server.impl.RaftServerJmxAdapter as Ratis:service=RaftServer,group=group-9E8EDFB42C9C,id=s4
2025-02-11 20:20:42,659 [s4-impl-thread1] INFO  server.RaftServer$Division (RaftServerImpl.java:start(418)) - s4@group-9E8EDFB42C9C: Successfully started.
2025-02-11 20:20:42,659 [main] INFO  server.RaftServer (RaftServerProxy.java:startImpl(408)) - s4: start RPC server
2025-02-11 20:20:42,660 [JvmPauseMonitor1] INFO  util.JvmPauseMonitor (JvmPauseMonitor.java:run(146)) - JvmPauseMonitor-s4: Started
2025-02-11 20:20:42,660 [s0-impl-thread1] INFO  server.RaftServerConfigKeys (ConfUtils.java:logGet(62)) - raft.server.storage.dir = [/home/runner/work/ratis/ratis/ratis-test/target/test/data/bb95da49/MiniRaftClusterWithSimulatedRpc1ec06061/s0] (custom)
2025-02-11 20:20:42,661 [s0-impl-thread1] INFO  storage.RaftStorageDirectory (RaftStorageDirectoryImpl.java:analyzeStorage(138)) - The storage directory /home/runner/work/ratis/ratis/ratis-test/target/test/data/bb95da49/MiniRaftClusterWithSimulatedRpc1ec06061/s0/ee7776b0-010a-451f-ab02-9e8edfb42c9c does not exist. Creating ...
2025-02-11 20:20:42,661 [s0-impl-thread1] TRACE util.FileUtils (LogUtils.java:runAndLog(49)) - Successfully ran Files.createDirectories /home/runner/work/ratis/ratis/ratis-test/target/test/data/bb95da49/MiniRaftClusterWithSimulatedRpc1ec06061/s0/ee7776b0-010a-451f-ab02-9e8edfb42c9c
2025-02-11 20:20:42,663 [s0-impl-thread1] INFO  storage.RaftStorageDirectory (RaftStorageDirectoryImpl.java:tryLock(229)) - Lock on /home/runner/work/ratis/ratis/ratis-test/target/test/data/bb95da49/MiniRaftClusterWithSimulatedRpc1ec06061/s0/ee7776b0-010a-451f-ab02-9e8edfb42c9c/in_use.lock acquired by nodename 8517@fv-az1308-518.goeqwkruhmdevjehdg1fxxpbzh.bx.internal.cloudapp.net
2025-02-11 20:20:42,663 [s0-impl-thread1] TRACE util.FileUtils (LogUtils.java:runAndLog(49)) - Successfully ran Files.createDirectories /home/runner/work/ratis/ratis/ratis-test/target/test/data/bb95da49/MiniRaftClusterWithSimulatedRpc1ec06061/s0/ee7776b0-010a-451f-ab02-9e8edfb42c9c/current
2025-02-11 20:20:42,663 [s0-impl-thread1] TRACE util.FileUtils (LogUtils.java:runAndLog(49)) - Successfully ran Files.createDirectories /home/runner/work/ratis/ratis/ratis-test/target/test/data/bb95da49/MiniRaftClusterWithSimulatedRpc1ec06061/s0/ee7776b0-010a-451f-ab02-9e8edfb42c9c/sm
2025-02-11 20:20:42,663 [s0-impl-thread1] TRACE util.FileUtils (LogUtils.java:supplyAndLog(69)) - Successfully supplied FileChannel.open /home/runner/work/ratis/ratis/ratis-test/target/test/data/bb95da49/MiniRaftClusterWithSimulatedRpc1ec06061/s0/ee7776b0-010a-451f-ab02-9e8edfb42c9c/current/raft-meta.tmp with options [CREATE, WRITE]: sun.nio.ch.FileChannelImpl@10bc541b
2025-02-11 20:20:42,665 [s0-impl-thread1] TRACE util.FileUtils (LogUtils.java:runAndLog(49)) - Successfully ran Atomic Files.move /home/runner/work/ratis/ratis/ratis-test/target/test/data/bb95da49/MiniRaftClusterWithSimulatedRpc1ec06061/s0/ee7776b0-010a-451f-ab02-9e8edfb42c9c/current/raft-meta.tmp to /home/runner/work/ratis/ratis/ratis-test/target/test/data/bb95da49/MiniRaftClusterWithSimulatedRpc1ec06061/s0/ee7776b0-010a-451f-ab02-9e8edfb42c9c/current/raft-meta with options [REPLACE_EXISTING]
2025-02-11 20:20:42,666 [s0-impl-thread1] INFO  storage.RaftStorage (RaftStorageImpl.java:format(98)) - Storage directory /home/runner/work/ratis/ratis/ratis-test/target/test/data/bb95da49/MiniRaftClusterWithSimulatedRpc1ec06061/s0/ee7776b0-010a-451f-ab02-9e8edfb42c9c has been successfully formatted.
2025-02-11 20:20:42,667 [s0-impl-thread1] INFO  util.AwaitToRun (AwaitToRun.java:start(81)) - Thread[s0@group-9E8EDFB42C9C-cacheEviction-AwaitToRun,5,main] started
2025-02-11 20:20:42,667 [s0-impl-thread1] INFO  segmented.SegmentedRaftLogWorker (SegmentedRaftLogWorker.java:<init>(189)) - new s0@group-9E8EDFB42C9C-SegmentedRaftLogWorker for RaftStorageImpl:Storage Directory /home/runner/work/ratis/ratis/ratis-test/target/test/data/bb95da49/MiniRaftClusterWithSimulatedRpc1ec06061/s0/ee7776b0-010a-451f-ab02-9e8edfb42c9c
2025-02-11 20:20:42,669 [s0-impl-thread1] INFO  segmented.SegmentedRaftLogWorker (SegmentedRaftLogWorker.java:lambda$new$0(140)) - s0@group-9E8EDFB42C9C-SegmentedRaftLogWorker: flushIndex: setUnconditionally 0 -> -1
2025-02-11 20:20:42,669 [s0-impl-thread1] INFO  segmented.SegmentedRaftLogWorker (SegmentedRaftLogWorker.java:lambda$new$0(140)) - s0@group-9E8EDFB42C9C-SegmentedRaftLogWorker: safeCacheEvictIndex: setUnconditionally 0 -> -1
2025-02-11 20:20:42,670 [s0-impl-thread1] INFO  server.RaftServer$Division (RaftServerImpl.java:start(404)) - s0@group-9E8EDFB42C9C: start as a follower, conf=conf: {index: -1, cur=peers:[s3|localhost:15012, s4|localhost:15016, s0|localhost:15000, s1|localhost:15004, s2|localhost:15008]|listeners:[], old=null}
2025-02-11 20:20:42,670 [s0-impl-thread1] INFO  server.RaftServer$Division (RaftServerImpl.java:setRole(391)) - s0@group-9E8EDFB42C9C: changes role from      null to FOLLOWER at term 0 for startAsFollower
2025-02-11 20:20:42,670 [s0-impl-thread1] INFO  impl.RoleInfo (RoleInfo.java:updateAndGet(148)) - s0: start s0@group-9E8EDFB42C9C-FollowerState
2025-02-11 20:20:42,670 [s0-impl-thread1] INFO  util.JmxRegister (JmxRegister.java:tryRegister(44)) - Successfully registered JMX Bean with object name Ratis:service=RaftServer,group=group-9E8EDFB42C9C,id=s0
2025-02-11 20:20:42,671 [s0-impl-thread1] INFO  util.JmxRegister (JmxRegister.java:register(58)) - register mxBean class org.apache.ratis.server.impl.RaftServerJmxAdapter as Ratis:service=RaftServer,group=group-9E8EDFB42C9C,id=s0
2025-02-11 20:20:42,671 [s0@group-9E8EDFB42C9C-FollowerState] INFO  server.RaftServerConfigKeys (ConfUtils.java:logFallback(69)) - raft.server.rpc.first-election.timeout.min = 150ms (fallback to raft.server.rpc.timeout.min)
2025-02-11 20:20:42,672 [s0-impl-thread1] INFO  server.RaftServer$Division (RaftServerImpl.java:start(418)) - s0@group-9E8EDFB42C9C: Successfully started.
2025-02-11 20:20:42,672 [s0@group-9E8EDFB42C9C-FollowerState] INFO  server.RaftServerConfigKeys (ConfUtils.java:logFallback(69)) - raft.server.rpc.first-election.timeout.max = 300ms (fallback to raft.server.rpc.timeout.max)
2025-02-11 20:20:42,672 [main] INFO  server.RaftServer (RaftServerProxy.java:startImpl(408)) - s0: start RPC server
2025-02-11 20:20:42,673 [JvmPauseMonitor2] INFO  util.JvmPauseMonitor (JvmPauseMonitor.java:run(146)) - JvmPauseMonitor-s0: Started
2025-02-11 20:20:42,674 [s1-impl-thread1] INFO  server.RaftServerConfigKeys (ConfUtils.java:logGet(62)) - raft.server.storage.dir = [/home/runner/work/ratis/ratis/ratis-test/target/test/data/bb95da49/MiniRaftClusterWithSimulatedRpc1ec06061/s1] (custom)
2025-02-11 20:20:42,674 [s1-impl-thread1] INFO  storage.RaftStorageDirectory (RaftStorageDirectoryImpl.java:analyzeStorage(138)) - The storage directory /home/runner/work/ratis/ratis/ratis-test/target/test/data/bb95da49/MiniRaftClusterWithSimulatedRpc1ec06061/s1/ee7776b0-010a-451f-ab02-9e8edfb42c9c does not exist. Creating ...
2025-02-11 20:20:42,675 [s1-impl-thread1] TRACE util.FileUtils (LogUtils.java:runAndLog(49)) - Successfully ran Files.createDirectories /home/runner/work/ratis/ratis/ratis-test/target/test/data/bb95da49/MiniRaftClusterWithSimulatedRpc1ec06061/s1/ee7776b0-010a-451f-ab02-9e8edfb42c9c
2025-02-11 20:20:42,676 [s1-impl-thread1] INFO  storage.RaftStorageDirectory (RaftStorageDirectoryImpl.java:tryLock(229)) - Lock on /home/runner/work/ratis/ratis/ratis-test/target/test/data/bb95da49/MiniRaftClusterWithSimulatedRpc1ec06061/s1/ee7776b0-010a-451f-ab02-9e8edfb42c9c/in_use.lock acquired by nodename 8517@fv-az1308-518.goeqwkruhmdevjehdg1fxxpbzh.bx.internal.cloudapp.net
2025-02-11 20:20:42,676 [s1-impl-thread1] TRACE util.FileUtils (LogUtils.java:runAndLog(49)) - Successfully ran Files.createDirectories /home/runner/work/ratis/ratis/ratis-test/target/test/data/bb95da49/MiniRaftClusterWithSimulatedRpc1ec06061/s1/ee7776b0-010a-451f-ab02-9e8edfb42c9c/current
2025-02-11 20:20:42,676 [s1-impl-thread1] TRACE util.FileUtils (LogUtils.java:runAndLog(49)) - Successfully ran Files.createDirectories /home/runner/work/ratis/ratis/ratis-test/target/test/data/bb95da49/MiniRaftClusterWithSimulatedRpc1ec06061/s1/ee7776b0-010a-451f-ab02-9e8edfb42c9c/sm
2025-02-11 20:20:42,676 [s1-impl-thread1] TRACE util.FileUtils (LogUtils.java:supplyAndLog(69)) - Successfully supplied FileChannel.open /home/runner/work/ratis/ratis/ratis-test/target/test/data/bb95da49/MiniRaftClusterWithSimulatedRpc1ec06061/s1/ee7776b0-010a-451f-ab02-9e8edfb42c9c/current/raft-meta.tmp with options [CREATE, WRITE]: sun.nio.ch.FileChannelImpl@7f9009a8
2025-02-11 20:20:42,678 [s1-impl-thread1] TRACE util.FileUtils (LogUtils.java:runAndLog(49)) - Successfully ran Atomic Files.move /home/runner/work/ratis/ratis/ratis-test/target/test/data/bb95da49/MiniRaftClusterWithSimulatedRpc1ec06061/s1/ee7776b0-010a-451f-ab02-9e8edfb42c9c/current/raft-meta.tmp to /home/runner/work/ratis/ratis/ratis-test/target/test/data/bb95da49/MiniRaftClusterWithSimulatedRpc1ec06061/s1/ee7776b0-010a-451f-ab02-9e8edfb42c9c/current/raft-meta with options [REPLACE_EXISTING]
2025-02-11 20:20:42,678 [s1-impl-thread1] INFO  storage.RaftStorage (RaftStorageImpl.java:format(98)) - Storage directory /home/runner/work/ratis/ratis/ratis-test/target/test/data/bb95da49/MiniRaftClusterWithSimulatedRpc1ec06061/s1/ee7776b0-010a-451f-ab02-9e8edfb42c9c has been successfully formatted.
2025-02-11 20:20:42,679 [s1-impl-thread1] INFO  util.AwaitToRun (AwaitToRun.java:start(81)) - Thread[s1@group-9E8EDFB42C9C-cacheEviction-AwaitToRun,5,main] started
2025-02-11 20:20:42,679 [s1-impl-thread1] INFO  segmented.SegmentedRaftLogWorker (SegmentedRaftLogWorker.java:<init>(189)) - new s1@group-9E8EDFB42C9C-SegmentedRaftLogWorker for RaftStorageImpl:Storage Directory /home/runner/work/ratis/ratis/ratis-test/target/test/data/bb95da49/MiniRaftClusterWithSimulatedRpc1ec06061/s1/ee7776b0-010a-451f-ab02-9e8edfb42c9c
2025-02-11 20:20:42,681 [s1-impl-thread1] INFO  segmented.SegmentedRaftLogWorker (SegmentedRaftLogWorker.java:lambda$new$0(140)) - s1@group-9E8EDFB42C9C-SegmentedRaftLogWorker: flushIndex: setUnconditionally 0 -> -1
2025-02-11 20:20:42,681 [s1-impl-thread1] INFO  segmented.SegmentedRaftLogWorker (SegmentedRaftLogWorker.java:lambda$new$0(140)) - s1@group-9E8EDFB42C9C-SegmentedRaftLogWorker: safeCacheEvictIndex: setUnconditionally 0 -> -1
2025-02-11 20:20:42,682 [s1-impl-thread1] INFO  server.RaftServer$Division (RaftServerImpl.java:start(404)) - s1@group-9E8EDFB42C9C: start as a follower, conf=conf: {index: -1, cur=peers:[s3|localhost:15012, s4|localhost:15016, s0|localhost:15000, s1|localhost:15004, s2|localhost:15008]|listeners:[], old=null}
2025-02-11 20:20:42,682 [s1-impl-thread1] INFO  server.RaftServer$Division (RaftServerImpl.java:setRole(391)) - s1@group-9E8EDFB42C9C: changes role from      null to FOLLOWER at term 0 for startAsFollower
2025-02-11 20:20:42,682 [s1-impl-thread1] INFO  impl.RoleInfo (RoleInfo.java:updateAndGet(148)) - s1: start s1@group-9E8EDFB42C9C-FollowerState
2025-02-11 20:20:42,683 [s1@group-9E8EDFB42C9C-FollowerState] INFO  server.RaftServerConfigKeys (ConfUtils.java:logFallback(69)) - raft.server.rpc.first-election.timeout.min = 150ms (fallback to raft.server.rpc.timeout.min)
2025-02-11 20:20:42,683 [s1@group-9E8EDFB42C9C-FollowerState] INFO  server.RaftServerConfigKeys (ConfUtils.java:logFallback(69)) - raft.server.rpc.first-election.timeout.max = 300ms (fallback to raft.server.rpc.timeout.max)
2025-02-11 20:20:42,683 [s1-impl-thread1] INFO  util.JmxRegister (JmxRegister.java:tryRegister(44)) - Successfully registered JMX Bean with object name Ratis:service=RaftServer,group=group-9E8EDFB42C9C,id=s1
2025-02-11 20:20:42,683 [s1-impl-thread1] INFO  util.JmxRegister (JmxRegister.java:register(58)) - register mxBean class org.apache.ratis.server.impl.RaftServerJmxAdapter as Ratis:service=RaftServer,group=group-9E8EDFB42C9C,id=s1
2025-02-11 20:20:42,685 [s1-impl-thread1] INFO  server.RaftServer$Division (RaftServerImpl.java:start(418)) - s1@group-9E8EDFB42C9C: Successfully started.
2025-02-11 20:20:42,685 [main] INFO  server.RaftServer (RaftServerProxy.java:startImpl(408)) - s1: start RPC server
2025-02-11 20:20:42,687 [JvmPauseMonitor3] INFO  util.JvmPauseMonitor (JvmPauseMonitor.java:run(146)) - JvmPauseMonitor-s1: Started
2025-02-11 20:20:42,687 [s2-impl-thread1] INFO  server.RaftServerConfigKeys (ConfUtils.java:logGet(62)) - raft.server.storage.dir = [/home/runner/work/ratis/ratis/ratis-test/target/test/data/bb95da49/MiniRaftClusterWithSimulatedRpc1ec06061/s2] (custom)
2025-02-11 20:20:42,687 [s2-impl-thread1] INFO  storage.RaftStorageDirectory (RaftStorageDirectoryImpl.java:analyzeStorage(138)) - The storage directory /home/runner/work/ratis/ratis/ratis-test/target/test/data/bb95da49/MiniRaftClusterWithSimulatedRpc1ec06061/s2/ee7776b0-010a-451f-ab02-9e8edfb42c9c does not exist. Creating ...
2025-02-11 20:20:42,688 [s2-impl-thread1] TRACE util.FileUtils (LogUtils.java:runAndLog(49)) - Successfully ran Files.createDirectories /home/runner/work/ratis/ratis/ratis-test/target/test/data/bb95da49/MiniRaftClusterWithSimulatedRpc1ec06061/s2/ee7776b0-010a-451f-ab02-9e8edfb42c9c
2025-02-11 20:20:42,689 [s2-impl-thread1] INFO  storage.RaftStorageDirectory (RaftStorageDirectoryImpl.java:tryLock(229)) - Lock on /home/runner/work/ratis/ratis/ratis-test/target/test/data/bb95da49/MiniRaftClusterWithSimulatedRpc1ec06061/s2/ee7776b0-010a-451f-ab02-9e8edfb42c9c/in_use.lock acquired by nodename 8517@fv-az1308-518.goeqwkruhmdevjehdg1fxxpbzh.bx.internal.cloudapp.net
2025-02-11 20:20:42,689 [s2-impl-thread1] TRACE util.FileUtils (LogUtils.java:runAndLog(49)) - Successfully ran Files.createDirectories /home/runner/work/ratis/ratis/ratis-test/target/test/data/bb95da49/MiniRaftClusterWithSimulatedRpc1ec06061/s2/ee7776b0-010a-451f-ab02-9e8edfb42c9c/current
2025-02-11 20:20:42,689 [s2-impl-thread1] TRACE util.FileUtils (LogUtils.java:runAndLog(49)) - Successfully ran Files.createDirectories /home/runner/work/ratis/ratis/ratis-test/target/test/data/bb95da49/MiniRaftClusterWithSimulatedRpc1ec06061/s2/ee7776b0-010a-451f-ab02-9e8edfb42c9c/sm
2025-02-11 20:20:42,689 [s2-impl-thread1] TRACE util.FileUtils (LogUtils.java:supplyAndLog(69)) - Successfully supplied FileChannel.open /home/runner/work/ratis/ratis/ratis-test/target/test/data/bb95da49/MiniRaftClusterWithSimulatedRpc1ec06061/s2/ee7776b0-010a-451f-ab02-9e8edfb42c9c/current/raft-meta.tmp with options [CREATE, WRITE]: sun.nio.ch.FileChannelImpl@1541c411
2025-02-11 20:20:42,691 [s2-impl-thread1] TRACE util.FileUtils (LogUtils.java:runAndLog(49)) - Successfully ran Atomic Files.move /home/runner/work/ratis/ratis/ratis-test/target/test/data/bb95da49/MiniRaftClusterWithSimulatedRpc1ec06061/s2/ee7776b0-010a-451f-ab02-9e8edfb42c9c/current/raft-meta.tmp to /home/runner/work/ratis/ratis/ratis-test/target/test/data/bb95da49/MiniRaftClusterWithSimulatedRpc1ec06061/s2/ee7776b0-010a-451f-ab02-9e8edfb42c9c/current/raft-meta with options [REPLACE_EXISTING]
2025-02-11 20:20:42,691 [s2-impl-thread1] INFO  storage.RaftStorage (RaftStorageImpl.java:format(98)) - Storage directory /home/runner/work/ratis/ratis/ratis-test/target/test/data/bb95da49/MiniRaftClusterWithSimulatedRpc1ec06061/s2/ee7776b0-010a-451f-ab02-9e8edfb42c9c has been successfully formatted.
2025-02-11 20:20:42,693 [s2-impl-thread1] INFO  util.AwaitToRun (AwaitToRun.java:start(81)) - Thread[s2@group-9E8EDFB42C9C-cacheEviction-AwaitToRun,5,main] started
2025-02-11 20:20:42,693 [s2-impl-thread1] INFO  segmented.SegmentedRaftLogWorker (SegmentedRaftLogWorker.java:<init>(189)) - new s2@group-9E8EDFB42C9C-SegmentedRaftLogWorker for RaftStorageImpl:Storage Directory /home/runner/work/ratis/ratis/ratis-test/target/test/data/bb95da49/MiniRaftClusterWithSimulatedRpc1ec06061/s2/ee7776b0-010a-451f-ab02-9e8edfb42c9c
2025-02-11 20:20:42,695 [s2-impl-thread1] INFO  segmented.SegmentedRaftLogWorker (SegmentedRaftLogWorker.java:lambda$new$0(140)) - s2@group-9E8EDFB42C9C-SegmentedRaftLogWorker: flushIndex: setUnconditionally 0 -> -1
2025-02-11 20:20:42,695 [s2-impl-thread1] INFO  segmented.SegmentedRaftLogWorker (SegmentedRaftLogWorker.java:lambda$new$0(140)) - s2@group-9E8EDFB42C9C-SegmentedRaftLogWorker: safeCacheEvictIndex: setUnconditionally 0 -> -1
2025-02-11 20:20:42,696 [s2-impl-thread1] INFO  server.RaftServer$Division (RaftServerImpl.java:start(404)) - s2@group-9E8EDFB42C9C: start as a follower, conf=conf: {index: -1, cur=peers:[s3|localhost:15012, s4|localhost:15016, s0|localhost:15000, s1|localhost:15004, s2|localhost:15008]|listeners:[], old=null}
2025-02-11 20:20:42,696 [s2-impl-thread1] INFO  server.RaftServer$Division (RaftServerImpl.java:setRole(391)) - s2@group-9E8EDFB42C9C: changes role from      null to FOLLOWER at term 0 for startAsFollower
2025-02-11 20:20:42,696 [s2-impl-thread1] INFO  impl.RoleInfo (RoleInfo.java:updateAndGet(148)) - s2: start s2@group-9E8EDFB42C9C-FollowerState
2025-02-11 20:20:42,697 [s2-impl-thread1] INFO  util.JmxRegister (JmxRegister.java:tryRegister(44)) - Successfully registered JMX Bean with object name Ratis:service=RaftServer,group=group-9E8EDFB42C9C,id=s2
2025-02-11 20:20:42,697 [s2-impl-thread1] INFO  util.JmxRegister (JmxRegister.java:register(58)) - register mxBean class org.apache.ratis.server.impl.RaftServerJmxAdapter as Ratis:service=RaftServer,group=group-9E8EDFB42C9C,id=s2
2025-02-11 20:20:42,697 [s2@group-9E8EDFB42C9C-FollowerState] INFO  server.RaftServerConfigKeys (ConfUtils.java:logFallback(69)) - raft.server.rpc.first-election.timeout.min = 150ms (fallback to raft.server.rpc.timeout.min)
2025-02-11 20:20:42,698 [s2@group-9E8EDFB42C9C-FollowerState] INFO  server.RaftServerConfigKeys (ConfUtils.java:logFallback(69)) - raft.server.rpc.first-election.timeout.max = 300ms (fallback to raft.server.rpc.timeout.max)
2025-02-11 20:20:42,698 [s2-impl-thread1] INFO  server.RaftServer$Division (RaftServerImpl.java:start(418)) - s2@group-9E8EDFB42C9C: Successfully started.
2025-02-11 20:20:42,698 [main] INFO  server.RaftServer (RaftServerProxy.java:startImpl(408)) - s2: start RPC server
2025-02-11 20:20:42,699 [JvmPauseMonitor4] INFO  util.JvmPauseMonitor (JvmPauseMonitor.java:run(146)) - JvmPauseMonitor-s2: Started
2025-02-11 20:20:42,703 [main] INFO  ratis.RaftTestUtil (RaftTestUtil.java:waitForLeader(107)) - printing ALL groups
  s3:  RUNNING  FOLLOWER s3@group-9E8EDFB42C9C:t0, leader=null, voted=, raftlog=Memoized:s3@group-9E8EDFB42C9C-SegmentedRaftLog:OPENED:c-1:lastnull, conf=conf: {index: -1, cur=peers:[s3|localhost:15012, s4|localhost:15016, s0|localhost:15000, s1|localhost:15004, s2|localhost:15008]|listeners:[], old=null} RUNNING
  s4:  RUNNING  FOLLOWER s4@group-9E8EDFB42C9C:t0, leader=null, voted=, raftlog=Memoized:s4@group-9E8EDFB42C9C-SegmentedRaftLog:OPENED:c-1:lastnull, conf=conf: {index: -1, cur=peers:[s3|localhost:15012, s4|localhost:15016, s0|localhost:15000, s1|localhost:15004, s2|localhost:15008]|listeners:[], old=null} RUNNING
  s0:  RUNNING  FOLLOWER s0@group-9E8EDFB42C9C:t0, leader=null, voted=, raftlog=Memoized:s0@group-9E8EDFB42C9C-SegmentedRaftLog:OPENED:c-1:lastnull, conf=conf: {index: -1, cur=peers:[s3|localhost:15012, s4|localhost:15016, s0|localhost:15000, s1|localhost:15004, s2|localhost:15008]|listeners:[], old=null} RUNNING
  s1:  RUNNING  FOLLOWER s1@group-9E8EDFB42C9C:t0, leader=null, voted=, raftlog=Memoized:s1@group-9E8EDFB42C9C-SegmentedRaftLog:OPENED:c-1:lastnull, conf=conf: {index: -1, cur=peers:[s3|localhost:15012, s4|localhost:15016, s0|localhost:15000, s1|localhost:15004, s2|localhost:15008]|listeners:[], old=null} RUNNING
  s2:  RUNNING  FOLLOWER s2@group-9E8EDFB42C9C:t0, leader=null, voted=, raftlog=Memoized:s2@group-9E8EDFB42C9C-SegmentedRaftLog:OPENED:c-1:lastnull, conf=conf: {index: -1, cur=peers:[s3|localhost:15012, s4|localhost:15016, s0|localhost:15000, s1|localhost:15004, s2|localhost:15008]|listeners:[], old=null} RUNNING
2025-02-11 20:20:42,733 [main] WARN  ratis.RaftTestUtil (RaftTestUtil.java:lambda$waitForLeader$3(126)) - Attempt #1 failed: java.lang.IllegalStateException: No leader yet : printing ALL groups
  s3:  RUNNING  FOLLOWER s3@group-9E8EDFB42C9C:t0, leader=null, voted=, raftlog=Memoized:s3@group-9E8EDFB42C9C-SegmentedRaftLog:OPENED:c-1:lastnull, conf=conf: {index: -1, cur=peers:[s3|localhost:15012, s4|localhost:15016, s0|localhost:15000, s1|localhost:15004, s2|localhost:15008]|listeners:[], old=null} RUNNING
  s4:  RUNNING  FOLLOWER s4@group-9E8EDFB42C9C:t0, leader=null, voted=, raftlog=Memoized:s4@group-9E8EDFB42C9C-SegmentedRaftLog:OPENED:c-1:lastnull, conf=conf: {index: -1, cur=peers:[s3|localhost:15012, s4|localhost:15016, s0|localhost:15000, s1|localhost:15004, s2|localhost:15008]|listeners:[], old=null} RUNNING
  s0:  RUNNING  FOLLOWER s0@group-9E8EDFB42C9C:t0, leader=null, voted=, raftlog=Memoized:s0@group-9E8EDFB42C9C-SegmentedRaftLog:OPENED:c-1:lastnull, conf=conf: {index: -1, cur=peers:[s3|localhost:15012, s4|localhost:15016, s0|localhost:15000, s1|localhost:15004, s2|localhost:15008]|listeners:[], old=null} RUNNING
  s1:  RUNNING  FOLLOWER s1@group-9E8EDFB42C9C:t0, leader=null, voted=, raftlog=Memoized:s1@group-9E8EDFB42C9C-SegmentedRaftLog:OPENED:c-1:lastnull, conf=conf: {index: -1, cur=peers:[s3|localhost:15012, s4|localhost:15016, s0|localhost:15000, s1|localhost:15004, s2|localhost:15008]|listeners:[], old=null} RUNNING
  s2:  RUNNING  FOLLOWER s2@group-9E8EDFB42C9C:t0, leader=null, voted=, raftlog=Memoized:s2@group-9E8EDFB42C9C-SegmentedRaftLog:OPENED:c-1:lastnull, conf=conf: {index: -1, cur=peers:[s3|localhost:15012, s4|localhost:15016, s0|localhost:15000, s1|localhost:15004, s2|localhost:15008]|listeners:[], old=null} RUNNING
2025-02-11 20:20:42,838 [s0@group-9E8EDFB42C9C-FollowerState] INFO  impl.FollowerState (FollowerState.java:runImpl(161)) - s0@group-9E8EDFB42C9C-FollowerState: change to CANDIDATE, lastRpcElapsedTime:167993501ns, electionTimeout:165ms
2025-02-11 20:20:42,838 [s0@group-9E8EDFB42C9C-FollowerState] INFO  impl.RoleInfo (RoleInfo.java:shutdownFollowerState(121)) - s0: shutdown s0@group-9E8EDFB42C9C-FollowerState
2025-02-11 20:20:42,839 [s0@group-9E8EDFB42C9C-FollowerState] INFO  server.RaftServer$Division (RaftServerImpl.java:setRole(391)) - s0@group-9E8EDFB42C9C: changes role from  FOLLOWER to CANDIDATE at term 0 for changeToCandidate
2025-02-11 20:20:42,839 [s4@group-9E8EDFB42C9C-FollowerState] INFO  impl.FollowerState (FollowerState.java:runImpl(161)) - s4@group-9E8EDFB42C9C-FollowerState: change to CANDIDATE, lastRpcElapsedTime:182803699ns, electionTimeout:182ms
2025-02-11 20:20:42,840 [s4@group-9E8EDFB42C9C-FollowerState] INFO  impl.RoleInfo (RoleInfo.java:shutdownFollowerState(121)) - s4: shutdown s4@group-9E8EDFB42C9C-FollowerState
2025-02-11 20:20:42,840 [s4@group-9E8EDFB42C9C-FollowerState] INFO  server.RaftServer$Division (RaftServerImpl.java:setRole(391)) - s4@group-9E8EDFB42C9C: changes role from  FOLLOWER to CANDIDATE at term 0 for changeToCandidate
2025-02-11 20:20:42,841 [s4@group-9E8EDFB42C9C-FollowerState] INFO  impl.RoleInfo (RoleInfo.java:updateAndGet(148)) - s4: start s4@group-9E8EDFB42C9C-LeaderElection2
2025-02-11 20:20:42,841 [s0@group-9E8EDFB42C9C-FollowerState] INFO  server.RaftServerConfigKeys (ConfUtils.java:logGet(62)) - raft.server.leaderelection.pre-vote = true (default)
2025-02-11 20:20:42,841 [s0@group-9E8EDFB42C9C-FollowerState] INFO  impl.RoleInfo (RoleInfo.java:updateAndGet(148)) - s0: start s0@group-9E8EDFB42C9C-LeaderElection1
2025-02-11 20:20:42,843 [s4@group-9E8EDFB42C9C-LeaderElection2] INFO  impl.LeaderElection (LeaderElection.java:askForVotes(332)) - s4@group-9E8EDFB42C9C-LeaderElection2 PRE_VOTE round 0: submit vote requests at term 0 for conf: {index: -1, cur=peers:[s3|localhost:15012, s4|localhost:15016, s0|localhost:15000, s1|localhost:15004, s2|localhost:15008]|listeners:[], old=null}
2025-02-11 20:20:42,843 [s0@group-9E8EDFB42C9C-LeaderElection1] INFO  impl.LeaderElection (LeaderElection.java:askForVotes(332)) - s0@group-9E8EDFB42C9C-LeaderElection1 PRE_VOTE round 0: submit vote requests at term 0 for conf: {index: -1, cur=peers:[s3|localhost:15012, s4|localhost:15016, s0|localhost:15000, s1|localhost:15004, s2|localhost:15008]|listeners:[], old=null}
2025-02-11 20:20:42,860 [s4@group-9E8EDFB42C9C-LeaderElection2] INFO  server.RaftServerConfigKeys (ConfUtils.java:logFallback(69)) - raft.server.rpc.first-election.timeout.min = 150ms (fallback to raft.server.rpc.timeout.min)
2025-02-11 20:20:42,861 [s4@group-9E8EDFB42C9C-LeaderElection2] INFO  server.RaftServerConfigKeys (ConfUtils.java:logFallback(69)) - raft.server.rpc.first-election.timeout.max = 300ms (fallback to raft.server.rpc.timeout.max)
2025-02-11 20:20:42,862 [s0@group-9E8EDFB42C9C-LeaderElection1] INFO  server.RaftServerConfigKeys (ConfUtils.java:logFallback(69)) - raft.server.rpc.first-election.timeout.min = 150ms (fallback to raft.server.rpc.timeout.min)
2025-02-11 20:20:42,862 [s0@group-9E8EDFB42C9C-LeaderElection1] INFO  server.RaftServerConfigKeys (ConfUtils.java:logFallback(69)) - raft.server.rpc.first-election.timeout.max = 300ms (fallback to raft.server.rpc.timeout.max)
2025-02-11 20:20:42,864 [HandlerDaemon-2] INFO  server.RaftServer$Division (RaftServerImpl.java:requestVote(1471)) - s3@group-9E8EDFB42C9C: receive requestVote(PRE_VOTE, s0, group-9E8EDFB42C9C, 0, (t:0, i:0))
2025-02-11 20:20:42,864 [HandlerDaemon-0] INFO  server.RaftServer$Division (RaftServerImpl.java:requestVote(1471)) - s2@group-9E8EDFB42C9C: receive requestVote(PRE_VOTE, s4, group-9E8EDFB42C9C, 0, (t:0, i:0))
2025-02-11 20:20:42,864 [HandlerDaemon-1] INFO  server.RaftServer$Division (RaftServerImpl.java:requestVote(1471)) - s2@group-9E8EDFB42C9C: receive requestVote(PRE_VOTE, s0, group-9E8EDFB42C9C, 0, (t:0, i:0))
2025-02-11 20:20:42,865 [HandlerDaemon-2] INFO  impl.VoteContext (VoteContext.java:log(49)) - s3@group-9E8EDFB42C9C-FOLLOWER: accept PRE_VOTE from s0: our priority 0 <= candidate's priority 0
2025-02-11 20:20:42,866 [HandlerDaemon-0] INFO  impl.VoteContext (VoteContext.java:log(49)) - s2@group-9E8EDFB42C9C-FOLLOWER: accept PRE_VOTE from s4: our priority 0 <= candidate's priority 0
2025-02-11 20:20:42,864 [HandlerDaemon-0] INFO  server.RaftServer$Division (RaftServerImpl.java:requestVote(1471)) - s1@group-9E8EDFB42C9C: receive requestVote(PRE_VOTE, s4, group-9E8EDFB42C9C, 0, (t:0, i:0))
2025-02-11 20:20:42,867 [HandlerDaemon-0] INFO  impl.VoteContext (VoteContext.java:log(49)) - s1@group-9E8EDFB42C9C-FOLLOWER: accept PRE_VOTE from s4: our priority 0 <= candidate's priority 0
2025-02-11 20:20:42,864 [HandlerDaemon-0] INFO  server.RaftServer$Division (RaftServerImpl.java:requestVote(1471)) - s3@group-9E8EDFB42C9C: receive requestVote(PRE_VOTE, s4, group-9E8EDFB42C9C, 0, (t:0, i:0))
2025-02-11 20:20:42,864 [HandlerDaemon-1] INFO  server.RaftServer$Division (RaftServerImpl.java:requestVote(1471)) - s1@group-9E8EDFB42C9C: receive requestVote(PRE_VOTE, s0, group-9E8EDFB42C9C, 0, (t:0, i:0))
2025-02-11 20:20:42,864 [HandlerDaemon-0] INFO  server.RaftServer$Division (RaftServerImpl.java:requestVote(1471)) - s0@group-9E8EDFB42C9C: receive requestVote(PRE_VOTE, s4, group-9E8EDFB42C9C, 0, (t:0, i:0))
2025-02-11 20:20:42,868 [HandlerDaemon-0] INFO  impl.VoteContext (VoteContext.java:log(49)) - s0@group-9E8EDFB42C9C-CANDIDATE: accept PRE_VOTE from s4: our priority 0 <= candidate's priority 0
2025-02-11 20:20:42,864 [HandlerDaemon-0] INFO  server.RaftServer$Division (RaftServerImpl.java:requestVote(1471)) - s4@group-9E8EDFB42C9C: receive requestVote(PRE_VOTE, s0, group-9E8EDFB42C9C, 0, (t:0, i:0))
2025-02-11 20:20:42,869 [HandlerDaemon-0] INFO  impl.VoteContext (VoteContext.java:log(49)) - s4@group-9E8EDFB42C9C-CANDIDATE: accept PRE_VOTE from s0: our priority 0 <= candidate's priority 0
2025-02-11 20:20:42,874 [HandlerDaemon-0] INFO  server.RaftServer$Division (RaftServerImpl.java:requestVote(1505)) - s0@group-9E8EDFB42C9C replies to PRE_VOTE vote request: s4<-s0#0:OK-t0. Peer's state: s0@group-9E8EDFB42C9C:t0, leader=null, voted=, raftlog=Memoized:s0@group-9E8EDFB42C9C-SegmentedRaftLog:OPENED:c-1:lastnull, conf=conf: {index: -1, cur=peers:[s3|localhost:15012, s4|localhost:15016, s0|localhost:15000, s1|localhost:15004, s2|localhost:15008]|listeners:[], old=null}
2025-02-11 20:20:42,874 [HandlerDaemon-0] INFO  server.RaftServer$Division (RaftServerImpl.java:requestVote(1505)) - s4@group-9E8EDFB42C9C replies to PRE_VOTE vote request: s0<-s4#0:OK-t0. Peer's state: s4@group-9E8EDFB42C9C:t0, leader=null, voted=, raftlog=Memoized:s4@group-9E8EDFB42C9C-SegmentedRaftLog:OPENED:c-1:lastnull, conf=conf: {index: -1, cur=peers:[s3|localhost:15012, s4|localhost:15016, s0|localhost:15000, s1|localhost:15004, s2|localhost:15008]|listeners:[], old=null}
2025-02-11 20:20:42,874 [HandlerDaemon-0] INFO  server.RaftServer$Division (RaftServerImpl.java:requestVote(1505)) - s2@group-9E8EDFB42C9C replies to PRE_VOTE vote request: s4<-s2#0:OK-t0. Peer's state: s2@group-9E8EDFB42C9C:t0, leader=null, voted=, raftlog=Memoized:s2@group-9E8EDFB42C9C-SegmentedRaftLog:OPENED:c-1:lastnull, conf=conf: {index: -1, cur=peers:[s3|localhost:15012, s4|localhost:15016, s0|localhost:15000, s1|localhost:15004, s2|localhost:15008]|listeners:[], old=null}
2025-02-11 20:20:42,874 [HandlerDaemon-0] INFO  server.RaftServer$Division (RaftServerImpl.java:requestVote(1505)) - s1@group-9E8EDFB42C9C replies to PRE_VOTE vote request: s4<-s1#0:OK-t0. Peer's state: s1@group-9E8EDFB42C9C:t0, leader=null, voted=, raftlog=Memoized:s1@group-9E8EDFB42C9C-SegmentedRaftLog:OPENED:c-1:lastnull, conf=conf: {index: -1, cur=peers:[s3|localhost:15012, s4|localhost:15016, s0|localhost:15000, s1|localhost:15004, s2|localhost:15008]|listeners:[], old=null}
2025-02-11 20:20:42,874 [HandlerDaemon-1] INFO  impl.VoteContext (VoteContext.java:log(49)) - s1@group-9E8EDFB42C9C-FOLLOWER: accept PRE_VOTE from s0: our priority 0 <= candidate's priority 0
2025-02-11 20:20:42,875 [HandlerDaemon-1] INFO  server.RaftServer$Division (RaftServerImpl.java:requestVote(1505)) - s1@group-9E8EDFB42C9C replies to PRE_VOTE vote request: s0<-s1#0:OK-t0. Peer's state: s1@group-9E8EDFB42C9C:t0, leader=null, voted=, raftlog=Memoized:s1@group-9E8EDFB42C9C-SegmentedRaftLog:OPENED:c-1:lastnull, conf=conf: {index: -1, cur=peers:[s3|localhost:15012, s4|localhost:15016, s0|localhost:15000, s1|localhost:15004, s2|localhost:15008]|listeners:[], old=null}
2025-02-11 20:20:42,875 [s2@group-9E8EDFB42C9C-FollowerState] INFO  server.RaftServerConfigKeys (ConfUtils.java:logFallback(69)) - raft.server.rpc.first-election.timeout.min = 150ms (fallback to raft.server.rpc.timeout.min)
2025-02-11 20:20:42,876 [s2@group-9E8EDFB42C9C-FollowerState] INFO  server.RaftServerConfigKeys (ConfUtils.java:logFallback(69)) - raft.server.rpc.first-election.timeout.max = 300ms (fallback to raft.server.rpc.timeout.max)
2025-02-11 20:20:42,874 [HandlerDaemon-2] INFO  server.RaftServer$Division (RaftServerImpl.java:requestVote(1505)) - s3@group-9E8EDFB42C9C replies to PRE_VOTE vote request: s0<-s3#0:OK-t0. Peer's state: s3@group-9E8EDFB42C9C:t0, leader=null, voted=, raftlog=Memoized:s3@group-9E8EDFB42C9C-SegmentedRaftLog:OPENED:c-1:lastnull, conf=conf: {index: -1, cur=peers:[s3|localhost:15012, s4|localhost:15016, s0|localhost:15000, s1|localhost:15004, s2|localhost:15008]|listeners:[], old=null}
2025-02-11 20:20:42,876 [s0@group-9E8EDFB42C9C-LeaderElection1] INFO  impl.LeaderElection (LeaderElection.java:logAndReturn(90)) - s0@group-9E8EDFB42C9C-LeaderElection1: PRE_VOTE PASSED received 2 response(s) and 0 exception(s):
2025-02-11 20:20:42,876 [s0@group-9E8EDFB42C9C-LeaderElection1] INFO  impl.LeaderElection (LeaderElection.java:logAndReturn(94)) -   Response 0: s0<-s4#0:OK-t0
2025-02-11 20:20:42,876 [s4@group-9E8EDFB42C9C-LeaderElection2] INFO  impl.LeaderElection (LeaderElection.java:logAndReturn(90)) - s4@group-9E8EDFB42C9C-LeaderElection2: PRE_VOTE PASSED received 2 response(s) and 0 exception(s):
2025-02-11 20:20:42,875 [HandlerDaemon-1] INFO  impl.VoteContext (VoteContext.java:log(49)) - s2@group-9E8EDFB42C9C-FOLLOWER: accept PRE_VOTE from s0: our priority 0 <= candidate's priority 0
2025-02-11 20:20:42,876 [s4@group-9E8EDFB42C9C-LeaderElection2] INFO  impl.LeaderElection (LeaderElection.java:logAndReturn(94)) -   Response 0: s4<-s0#0:OK-t0
2025-02-11 20:20:42,876 [s0@group-9E8EDFB42C9C-LeaderElection1] INFO  impl.LeaderElection (LeaderElection.java:logAndReturn(94)) -   Response 1: s0<-s1#0:OK-t0
2025-02-11 20:20:42,876 [HandlerDaemon-0] INFO  impl.VoteContext (VoteContext.java:log(49)) - s3@group-9E8EDFB42C9C-FOLLOWER: accept PRE_VOTE from s4: our priority 0 <= candidate's priority 0
2025-02-11 20:20:42,877 [s0@group-9E8EDFB42C9C-LeaderElection1] INFO  impl.LeaderElection (LeaderElection.java:askForVotes(334)) - s0@group-9E8EDFB42C9C-LeaderElection1 PRE_VOTE round 0: result PASSED
2025-02-11 20:20:42,877 [s4@group-9E8EDFB42C9C-LeaderElection2] INFO  impl.LeaderElection (LeaderElection.java:logAndReturn(94)) -   Response 1: s4<-s2#0:OK-t0
2025-02-11 20:20:42,878 [s0@group-9E8EDFB42C9C-LeaderElection1] TRACE util.FileUtils (LogUtils.java:supplyAndLog(69)) - Successfully supplied FileChannel.open /home/runner/work/ratis/ratis/ratis-test/target/test/data/bb95da49/MiniRaftClusterWithSimulatedRpc1ec06061/s0/ee7776b0-010a-451f-ab02-9e8edfb42c9c/current/raft-meta.tmp with options [CREATE, WRITE]: sun.nio.ch.FileChannelImpl@6a66865d
2025-02-11 20:20:42,877 [HandlerDaemon-1] INFO  server.RaftServer$Division (RaftServerImpl.java:requestVote(1505)) - s2@group-9E8EDFB42C9C replies to PRE_VOTE vote request: s0<-s2#0:OK-t0. Peer's state: s2@group-9E8EDFB42C9C:t0, leader=null, voted=, raftlog=Memoized:s2@group-9E8EDFB42C9C-SegmentedRaftLog:OPENED:c-1:lastnull, conf=conf: {index: -1, cur=peers:[s3|localhost:15012, s4|localhost:15016, s0|localhost:15000, s1|localhost:15004, s2|localhost:15008]|listeners:[], old=null}
2025-02-11 20:20:42,879 [s0@group-9E8EDFB42C9C-LeaderElection1] TRACE util.FileUtils (LogUtils.java:runAndLog(49)) - Successfully ran Atomic Files.move /home/runner/work/ratis/ratis/ratis-test/target/test/data/bb95da49/MiniRaftClusterWithSimulatedRpc1ec06061/s0/ee7776b0-010a-451f-ab02-9e8edfb42c9c/current/raft-meta.tmp to /home/runner/work/ratis/ratis/ratis-test/target/test/data/bb95da49/MiniRaftClusterWithSimulatedRpc1ec06061/s0/ee7776b0-010a-451f-ab02-9e8edfb42c9c/current/raft-meta with options [REPLACE_EXISTING]
2025-02-11 20:20:42,880 [s0@group-9E8EDFB42C9C-LeaderElection1] INFO  impl.LeaderElection (LeaderElection.java:askForVotes(332)) - s0@group-9E8EDFB42C9C-LeaderElection1 ELECTION round 0: submit vote requests at term 1 for conf: {index: -1, cur=peers:[s3|localhost:15012, s4|localhost:15016, s0|localhost:15000, s1|localhost:15004, s2|localhost:15008]|listeners:[], old=null}
2025-02-11 20:20:42,880 [HandlerDaemon-1] INFO  server.RaftServer$Division (RaftServerImpl.java:requestVote(1471)) - s3@group-9E8EDFB42C9C: receive requestVote(ELECTION, s0, group-9E8EDFB42C9C, 1, (t:0, i:0))
2025-02-11 20:20:42,878 [s4@group-9E8EDFB42C9C-LeaderElection2] INFO  impl.LeaderElection (LeaderElection.java:askForVotes(334)) - s4@group-9E8EDFB42C9C-LeaderElection2 PRE_VOTE round 0: result PASSED
2025-02-11 20:20:42,881 [HandlerDaemon-1] INFO  server.RaftServer$Division (RaftServerImpl.java:requestVote(1471)) - s4@group-9E8EDFB42C9C: receive requestVote(ELECTION, s0, group-9E8EDFB42C9C, 1, (t:0, i:0))
2025-02-11 20:20:42,881 [s4@group-9E8EDFB42C9C-LeaderElection2] TRACE util.FileUtils (LogUtils.java:supplyAndLog(69)) - Successfully supplied FileChannel.open /home/runner/work/ratis/ratis/ratis-test/target/test/data/bb95da49/MiniRaftClusterWithSimulatedRpc1ec06061/s4/ee7776b0-010a-451f-ab02-9e8edfb42c9c/current/raft-meta.tmp with options [CREATE, WRITE]: sun.nio.ch.FileChannelImpl@e9e125f
2025-02-11 20:20:42,877 [HandlerDaemon-0] INFO  server.RaftServer$Division (RaftServerImpl.java:requestVote(1505)) - s3@group-9E8EDFB42C9C replies to PRE_VOTE vote request: s4<-s3#0:OK-t0. Peer's state: s3@group-9E8EDFB42C9C:t0, leader=null, voted=, raftlog=Memoized:s3@group-9E8EDFB42C9C-SegmentedRaftLog:OPENED:c-1:lastnull, conf=conf: {index: -1, cur=peers:[s3|localhost:15012, s4|localhost:15016, s0|localhost:15000, s1|localhost:15004, s2|localhost:15008]|listeners:[], old=null}
2025-02-11 20:20:42,881 [HandlerDaemon-2] INFO  server.RaftServer$Division (RaftServerImpl.java:requestVote(1471)) - s1@group-9E8EDFB42C9C: receive requestVote(ELECTION, s0, group-9E8EDFB42C9C, 1, (t:0, i:0))
2025-02-11 20:20:42,882 [HandlerDaemon-2] INFO  impl.VoteContext (VoteContext.java:log(49)) - s1@group-9E8EDFB42C9C-FOLLOWER: accept ELECTION from s0: our priority 0 <= candidate's priority 0
2025-02-11 20:20:42,882 [HandlerDaemon-2] INFO  server.RaftServer$Division (RaftServerImpl.java:setRole(391)) - s1@group-9E8EDFB42C9C: changes role from  FOLLOWER to FOLLOWER at term 0 for candidate:s0
2025-02-11 20:20:42,880 [s0@group-9E8EDFB42C9C-LeaderElection1] INFO  server.RaftServerConfigKeys (ConfUtils.java:logFallback(69)) - raft.server.rpc.first-election.timeout.min = 150ms (fallback to raft.server.rpc.timeout.min)
2025-02-11 20:20:42,882 [HandlerDaemon-2] INFO  impl.RoleInfo (RoleInfo.java:shutdownFollowerState(121)) - s1: shutdown s1@group-9E8EDFB42C9C-FollowerState
2025-02-11 20:20:42,882 [s1@group-9E8EDFB42C9C-FollowerState] INFO  impl.FollowerState (FollowerState.java:runImpl(170)) - s1@group-9E8EDFB42C9C-FollowerState was interrupted
2025-02-11 20:20:42,882 [HandlerDaemon-2] INFO  server.RaftServer$Division (RaftServerImpl.java:requestVote(1471)) - s2@group-9E8EDFB42C9C: receive requestVote(ELECTION, s0, group-9E8EDFB42C9C, 1, (t:0, i:0))
2025-02-11 20:20:42,882 [HandlerDaemon-1] INFO  impl.VoteContext (VoteContext.java:log(49)) - s3@group-9E8EDFB42C9C-FOLLOWER: accept ELECTION from s0: our priority 0 <= candidate's priority 0
2025-02-11 20:20:42,883 [HandlerDaemon-2] INFO  impl.RoleInfo (RoleInfo.java:updateAndGet(148)) - s1: start s1@group-9E8EDFB42C9C-FollowerState
2025-02-11 20:20:42,883 [HandlerDaemon-2] INFO  impl.VoteContext (VoteContext.java:log(49)) - s2@group-9E8EDFB42C9C-FOLLOWER: accept ELECTION from s0: our priority 0 <= candidate's priority 0
2025-02-11 20:20:42,883 [HandlerDaemon-2] INFO  server.RaftServer$Division (RaftServerImpl.java:setRole(391)) - s2@group-9E8EDFB42C9C: changes role from  FOLLOWER to FOLLOWER at term 0 for candidate:s0
2025-02-11 20:20:42,883 [HandlerDaemon-2] INFO  impl.RoleInfo (RoleInfo.java:shutdownFollowerState(121)) - s2: shutdown s2@group-9E8EDFB42C9C-FollowerState
2025-02-11 20:20:42,882 [s4@group-9E8EDFB42C9C-LeaderElection2] TRACE util.FileUtils (LogUtils.java:runAndLog(49)) - Successfully ran Atomic Files.move /home/runner/work/ratis/ratis/ratis-test/target/test/data/bb95da49/MiniRaftClusterWithSimulatedRpc1ec06061/s4/ee7776b0-010a-451f-ab02-9e8edfb42c9c/current/raft-meta.tmp to /home/runner/work/ratis/ratis/ratis-test/target/test/data/bb95da49/MiniRaftClusterWithSimulatedRpc1ec06061/s4/ee7776b0-010a-451f-ab02-9e8edfb42c9c/current/raft-meta with options [REPLACE_EXISTING]
2025-02-11 20:20:42,883 [s4@group-9E8EDFB42C9C-LeaderElection2] INFO  impl.LeaderElection (LeaderElection.java:askForVotes(332)) - s4@group-9E8EDFB42C9C-LeaderElection2 ELECTION round 0: submit vote requests at term 1 for conf: {index: -1, cur=peers:[s3|localhost:15012, s4|localhost:15016, s0|localhost:15000, s1|localhost:15004, s2|localhost:15008]|listeners:[], old=null}
2025-02-11 20:20:42,882 [s0@group-9E8EDFB42C9C-LeaderElection1] INFO  server.RaftServerConfigKeys (ConfUtils.java:logFallback(69)) - raft.server.rpc.first-election.timeout.max = 300ms (fallback to raft.server.rpc.timeout.max)
2025-02-11 20:20:42,883 [HandlerDaemon-1] INFO  impl.VoteContext (VoteContext.java:log(49)) - s4@group-9E8EDFB42C9C-CANDIDATE: reject ELECTION from s0: already has voted for s4 at current term 1
2025-02-11 20:20:42,884 [HandlerDaemon-1] INFO  server.RaftServer$Division (RaftServerImpl.java:requestVote(1505)) - s4@group-9E8EDFB42C9C replies to ELECTION vote request: s0<-s4#0:FAIL-t1. Peer's state: s4@group-9E8EDFB42C9C:t1, leader=null, voted=s4, raftlog=Memoized:s4@group-9E8EDFB42C9C-SegmentedRaftLog:OPENED:c-1:lastnull, conf=conf: {index: -1, cur=peers:[s3|localhost:15012, s4|localhost:15016, s0|localhost:15000, s1|localhost:15004, s2|localhost:15008]|listeners:[], old=null}
2025-02-11 20:20:42,884 [HandlerDaemon-2] INFO  server.RaftServer$Division (RaftServerImpl.java:requestVote(1471)) - s3@group-9E8EDFB42C9C: receive requestVote(ELECTION, s4, group-9E8EDFB42C9C, 1, (t:0, i:0))
2025-02-11 20:20:42,883 [s2@group-9E8EDFB42C9C-FollowerState] INFO  impl.FollowerState (FollowerState.java:runImpl(170)) - s2@group-9E8EDFB42C9C-FollowerState was interrupted
2025-02-11 20:20:42,884 [HandlerDaemon-1] INFO  server.RaftServer$Division (RaftServerImpl.java:requestVote(1471)) - s0@group-9E8EDFB42C9C: receive requestVote(ELECTION, s4, group-9E8EDFB42C9C, 1, (t:0, i:0))
2025-02-11 20:20:42,885 [HandlerDaemon-1] INFO  impl.VoteContext (VoteContext.java:log(49)) - s0@group-9E8EDFB42C9C-CANDIDATE: reject ELECTION from s4: already has voted for s0 at current term 1
2025-02-11 20:20:42,885 [HandlerDaemon-1] INFO  server.RaftServer$Division (RaftServerImpl.java:requestVote(1505)) - s0@group-9E8EDFB42C9C replies to ELECTION vote request: s4<-s0#0:FAIL-t1. Peer's state: s0@group-9E8EDFB42C9C:t1, leader=null, voted=s0, raftlog=Memoized:s0@group-9E8EDFB42C9C-SegmentedRaftLog:OPENED:c-1:lastnull, conf=conf: {index: -1, cur=peers:[s3|localhost:15012, s4|localhost:15016, s0|localhost:15000, s1|localhost:15004, s2|localhost:15008]|listeners:[], old=null}
2025-02-11 20:20:42,885 [s4@group-9E8EDFB42C9C-LeaderElection2] INFO  server.RaftServerConfigKeys (ConfUtils.java:logFallback(69)) - raft.server.rpc.first-election.timeout.min = 150ms (fallback to raft.server.rpc.timeout.min)
2025-02-11 20:20:42,885 [s4@group-9E8EDFB42C9C-LeaderElection2] INFO  server.RaftServerConfigKeys (ConfUtils.java:logFallback(69)) - raft.server.rpc.first-election.timeout.max = 300ms (fallback to raft.server.rpc.timeout.max)
2025-02-11 20:20:42,883 [HandlerDaemon-2] INFO  impl.RoleInfo (RoleInfo.java:updateAndGet(148)) - s2: start s2@group-9E8EDFB42C9C-FollowerState
2025-02-11 20:20:42,883 [HandlerDaemon-2] INFO  server.RaftServer$Division (RaftServerImpl.java:setFirstElection(575)) - s1@group-9E8EDFB42C9C: set firstElectionSinceStartup to false for candidate:s0
2025-02-11 20:20:42,883 [HandlerDaemon-1] INFO  server.RaftServer$Division (RaftServerImpl.java:setRole(391)) - s3@group-9E8EDFB42C9C: changes role from  FOLLOWER to FOLLOWER at term 0 for candidate:s0
2025-02-11 20:20:42,886 [HandlerDaemon-1] INFO  impl.RoleInfo (RoleInfo.java:shutdownFollowerState(121)) - s3: shutdown s3@group-9E8EDFB42C9C-FollowerState
2025-02-11 20:20:42,885 [HandlerDaemon-0] INFO  server.RaftServer$Division (RaftServerImpl.java:requestVote(1471)) - s2@group-9E8EDFB42C9C: receive requestVote(ELECTION, s4, group-9E8EDFB42C9C, 1, (t:0, i:0))
2025-02-11 20:20:42,884 [HandlerDaemon-0] INFO  server.RaftServer$Division (RaftServerImpl.java:requestVote(1471)) - s1@group-9E8EDFB42C9C: receive requestVote(ELECTION, s4, group-9E8EDFB42C9C, 1, (t:0, i:0))
2025-02-11 20:20:42,886 [s3@group-9E8EDFB42C9C-FollowerState] INFO  impl.FollowerState (FollowerState.java:runImpl(170)) - s3@group-9E8EDFB42C9C-FollowerState was interrupted
2025-02-11 20:20:42,886 [HandlerDaemon-1] INFO  impl.RoleInfo (RoleInfo.java:updateAndGet(148)) - s3: start s3@group-9E8EDFB42C9C-FollowerState
2025-02-11 20:20:42,886 [HandlerDaemon-2] INFO  server.RaftServer$Division (RaftServerImpl.java:setFirstElection(575)) - s2@group-9E8EDFB42C9C: set firstElectionSinceStartup to false for candidate:s0
2025-02-11 20:20:42,887 [HandlerDaemon-2] TRACE util.FileUtils (LogUtils.java:supplyAndLog(69)) - Successfully supplied FileChannel.open /home/runner/work/ratis/ratis/ratis-test/target/test/data/bb95da49/MiniRaftClusterWithSimulatedRpc1ec06061/s2/ee7776b0-010a-451f-ab02-9e8edfb42c9c/current/raft-meta.tmp with options [CREATE, WRITE]: sun.nio.ch.FileChannelImpl@114f9f91
2025-02-11 20:20:42,886 [HandlerDaemon-2] TRACE util.FileUtils (LogUtils.java:supplyAndLog(69)) - Successfully supplied FileChannel.open /home/runner/work/ratis/ratis/ratis-test/target/test/data/bb95da49/MiniRaftClusterWithSimulatedRpc1ec06061/s1/ee7776b0-010a-451f-ab02-9e8edfb42c9c/current/raft-meta.tmp with options [CREATE, WRITE]: sun.nio.ch.FileChannelImpl@5210075a
2025-02-11 20:20:42,889 [s3@group-9E8EDFB42C9C-FollowerState] INFO  server.RaftServerConfigKeys (ConfUtils.java:logFallback(69)) - raft.server.rpc.first-election.timeout.min = 150ms (fallback to raft.server.rpc.timeout.min)
2025-02-11 20:20:42,889 [s3@group-9E8EDFB42C9C-FollowerState] INFO  server.RaftServerConfigKeys (ConfUtils.java:logFallback(69)) - raft.server.rpc.first-election.timeout.max = 300ms (fallback to raft.server.rpc.timeout.max)
2025-02-11 20:20:42,889 [HandlerDaemon-1] INFO  server.RaftServer$Division (RaftServerImpl.java:setFirstElection(575)) - s3@group-9E8EDFB42C9C: set firstElectionSinceStartup to false for candidate:s0
2025-02-11 20:20:42,889 [HandlerDaemon-1] TRACE util.FileUtils (LogUtils.java:supplyAndLog(69)) - Successfully supplied FileChannel.open /home/runner/work/ratis/ratis/ratis-test/target/test/data/bb95da49/MiniRaftClusterWithSimulatedRpc1ec06061/s3/ee7776b0-010a-451f-ab02-9e8edfb42c9c/current/raft-meta.tmp with options [CREATE, WRITE]: sun.nio.ch.FileChannelImpl@20d3e8f0
2025-02-11 20:20:42,891 [HandlerDaemon-1] TRACE util.FileUtils (LogUtils.java:runAndLog(49)) - Successfully ran Atomic Files.move /home/runner/work/ratis/ratis/ratis-test/target/test/data/bb95da49/MiniRaftClusterWithSimulatedRpc1ec06061/s3/ee7776b0-010a-451f-ab02-9e8edfb42c9c/current/raft-meta.tmp to /home/runner/work/ratis/ratis/ratis-test/target/test/data/bb95da49/MiniRaftClusterWithSimulatedRpc1ec06061/s3/ee7776b0-010a-451f-ab02-9e8edfb42c9c/current/raft-meta with options [REPLACE_EXISTING]
2025-02-11 20:20:42,891 [HandlerDaemon-2] TRACE util.FileUtils (LogUtils.java:runAndLog(49)) - Successfully ran Atomic Files.move /home/runner/work/ratis/ratis/ratis-test/target/test/data/bb95da49/MiniRaftClusterWithSimulatedRpc1ec06061/s1/ee7776b0-010a-451f-ab02-9e8edfb42c9c/current/raft-meta.tmp to /home/runner/work/ratis/ratis/ratis-test/target/test/data/bb95da49/MiniRaftClusterWithSimulatedRpc1ec06061/s1/ee7776b0-010a-451f-ab02-9e8edfb42c9c/current/raft-meta with options [REPLACE_EXISTING]
2025-02-11 20:20:42,891 [HandlerDaemon-2] INFO  server.RaftServer$Division (RaftServerImpl.java:requestVote(1505)) - s1@group-9E8EDFB42C9C replies to ELECTION vote request: s0<-s1#0:OK-t1. Peer's state: s1@group-9E8EDFB42C9C:t1, leader=null, voted=s0, raftlog=Memoized:s1@group-9E8EDFB42C9C-SegmentedRaftLog:OPENED:c-1:lastnull, conf=conf: {index: -1, cur=peers:[s3|localhost:15012, s4|localhost:15016, s0|localhost:15000, s1|localhost:15004, s2|localhost:15008]|listeners:[], old=null}
2025-02-11 20:20:42,891 [HandlerDaemon-2] TRACE util.FileUtils (LogUtils.java:runAndLog(49)) - Successfully ran Atomic Files.move /home/runner/work/ratis/ratis/ratis-test/target/test/data/bb95da49/MiniRaftClusterWithSimulatedRpc1ec06061/s2/ee7776b0-010a-451f-ab02-9e8edfb42c9c/current/raft-meta.tmp to /home/runner/work/ratis/ratis/ratis-test/target/test/data/bb95da49/MiniRaftClusterWithSimulatedRpc1ec06061/s2/ee7776b0-010a-451f-ab02-9e8edfb42c9c/current/raft-meta with options [REPLACE_EXISTING]
2025-02-11 20:20:42,892 [HandlerDaemon-2] INFO  server.RaftServer$Division (RaftServerImpl.java:requestVote(1505)) - s2@group-9E8EDFB42C9C replies to ELECTION vote request: s0<-s2#0:OK-t1. Peer's state: s2@group-9E8EDFB42C9C:t1, leader=null, voted=s0, raftlog=Memoized:s2@group-9E8EDFB42C9C-SegmentedRaftLog:OPENED:c-1:lastnull, conf=conf: {index: -1, cur=peers:[s3|localhost:15012, s4|localhost:15016, s0|localhost:15000, s1|localhost:15004, s2|localhost:15008]|listeners:[], old=null}
2025-02-11 20:20:42,893 [HandlerDaemon-0] INFO  impl.VoteContext (VoteContext.java:log(49)) - s1@group-9E8EDFB42C9C-FOLLOWER: reject ELECTION from s4: already has voted for s0 at current term 1
2025-02-11 20:20:42,893 [HandlerDaemon-0] INFO  server.RaftServer$Division (RaftServerImpl.java:requestVote(1505)) - s1@group-9E8EDFB42C9C replies to ELECTION vote request: s4<-s1#0:FAIL-t1. Peer's state: s1@group-9E8EDFB42C9C:t1, leader=null, voted=s0, raftlog=Memoized:s1@group-9E8EDFB42C9C-SegmentedRaftLog:OPENED:c-1:lastnull, conf=conf: {index: -1, cur=peers:[s3|localhost:15012, s4|localhost:15016, s0|localhost:15000, s1|localhost:15004, s2|localhost:15008]|listeners:[], old=null}
2025-02-11 20:20:42,891 [HandlerDaemon-1] INFO  server.RaftServer$Division (RaftServerImpl.java:requestVote(1505)) - s3@group-9E8EDFB42C9C replies to ELECTION vote request: s0<-s3#0:OK-t1. Peer's state: s3@group-9E8EDFB42C9C:t1, leader=null, voted=s0, raftlog=Memoized:s3@group-9E8EDFB42C9C-SegmentedRaftLog:OPENED:c-1:lastnull, conf=conf: {index: -1, cur=peers:[s3|localhost:15012, s4|localhost:15016, s0|localhost:15000, s1|localhost:15004, s2|localhost:15008]|listeners:[], old=null}
2025-02-11 20:20:42,893 [HandlerDaemon-2] INFO  impl.VoteContext (VoteContext.java:log(49)) - s3@group-9E8EDFB42C9C-FOLLOWER: reject ELECTION from s4: already has voted for s0 at current term 1
2025-02-11 20:20:42,893 [HandlerDaemon-2] INFO  server.RaftServer$Division (RaftServerImpl.java:requestVote(1505)) - s3@group-9E8EDFB42C9C replies to ELECTION vote request: s4<-s3#0:FAIL-t1. Peer's state: s3@group-9E8EDFB42C9C:t1, leader=null, voted=s0, raftlog=Memoized:s3@group-9E8EDFB42C9C-SegmentedRaftLog:OPENED:c-1:lastnull, conf=conf: {index: -1, cur=peers:[s3|localhost:15012, s4|localhost:15016, s0|localhost:15000, s1|localhost:15004, s2|localhost:15008]|listeners:[], old=null}
2025-02-11 20:20:42,894 [HandlerDaemon-0] INFO  impl.VoteContext (VoteContext.java:log(49)) - s2@group-9E8EDFB42C9C-FOLLOWER: reject ELECTION from s4: already has voted for s0 at current term 1
2025-02-11 20:20:42,894 [HandlerDaemon-0] INFO  server.RaftServer$Division (RaftServerImpl.java:requestVote(1505)) - s2@group-9E8EDFB42C9C replies to ELECTION vote request: s4<-s2#0:FAIL-t1. Peer's state: s2@group-9E8EDFB42C9C:t1, leader=null, voted=s0, raftlog=Memoized:s2@group-9E8EDFB42C9C-SegmentedRaftLog:OPENED:c-1:lastnull, conf=conf: {index: -1, cur=peers:[s3|localhost:15012, s4|localhost:15016, s0|localhost:15000, s1|localhost:15004, s2|localhost:15008]|listeners:[], old=null}
2025-02-11 20:20:42,894 [s4@group-9E8EDFB42C9C-LeaderElection2] INFO  impl.LeaderElection (LeaderElection.java:logAndReturn(90)) - s4@group-9E8EDFB42C9C-LeaderElection2: ELECTION REJECTED received 3 response(s) and 0 exception(s):
2025-02-11 20:20:42,894 [s4@group-9E8EDFB42C9C-LeaderElection2] INFO  impl.LeaderElection (LeaderElection.java:logAndReturn(94)) -   Response 0: s4<-s0#0:FAIL-t1
2025-02-11 20:20:42,894 [s0@group-9E8EDFB42C9C-LeaderElection1] INFO  impl.LeaderElection (LeaderElection.java:logAndReturn(90)) - s0@group-9E8EDFB42C9C-LeaderElection1: ELECTION PASSED received 3 response(s) and 0 exception(s):
2025-02-11 20:20:42,894 [s0@group-9E8EDFB42C9C-LeaderElection1] INFO  impl.LeaderElection (LeaderElection.java:logAndReturn(94)) -   Response 0: s0<-s3#0:OK-t1
2025-02-11 20:20:42,894 [s0@group-9E8EDFB42C9C-LeaderElection1] INFO  impl.LeaderElection (LeaderElection.java:logAndReturn(94)) -   Response 1: s0<-s4#0:FAIL-t1
2025-02-11 20:20:42,894 [s0@group-9E8EDFB42C9C-LeaderElection1] INFO  impl.LeaderElection (LeaderElection.java:logAndReturn(94)) -   Response 2: s0<-s1#0:OK-t1
2025-02-11 20:20:42,895 [s4@group-9E8EDFB42C9C-LeaderElection2] INFO  impl.LeaderElection (LeaderElection.java:logAndReturn(94)) -   Response 1: s4<-s1#0:FAIL-t1
2025-02-11 20:20:42,895 [s4@group-9E8EDFB42C9C-LeaderElection2] INFO  impl.LeaderElection (LeaderElection.java:logAndReturn(94)) -   Response 2: s4<-s2#0:FAIL-t1
2025-02-11 20:20:42,895 [s0@group-9E8EDFB42C9C-LeaderElection1] INFO  impl.LeaderElection (LeaderElection.java:askForVotes(334)) - s0@group-9E8EDFB42C9C-LeaderElection1 ELECTION round 0: result PASSED
2025-02-11 20:20:42,895 [s0@group-9E8EDFB42C9C-LeaderElection1] INFO  impl.RoleInfo (RoleInfo.java:shutdownLeaderElection(141)) - s0: shutdown s0@group-9E8EDFB42C9C-LeaderElection1
2025-02-11 20:20:42,896 [s4@group-9E8EDFB42C9C-LeaderElection2] INFO  impl.LeaderElection (LeaderElection.java:askForVotes(334)) - s4@group-9E8EDFB42C9C-LeaderElection2 ELECTION round 0: result REJECTED
2025-02-11 20:20:42,896 [s0@group-9E8EDFB42C9C-LeaderElection1] INFO  server.RaftServer$Division (RaftServerImpl.java:setRole(391)) - s0@group-9E8EDFB42C9C: changes role from CANDIDATE to LEADER at term 1 for changeToLeader
2025-02-11 20:20:42,896 [s4@group-9E8EDFB42C9C-LeaderElection2] INFO  server.RaftServer$Division (RaftServerImpl.java:setRole(391)) - s4@group-9E8EDFB42C9C: changes role from CANDIDATE to FOLLOWER at term 1 for REJECTED
2025-02-11 20:20:42,896 [s4@group-9E8EDFB42C9C-LeaderElection2] INFO  impl.RoleInfo (RoleInfo.java:shutdownLeaderElection(141)) - s4: shutdown s4@group-9E8EDFB42C9C-LeaderElection2
2025-02-11 20:20:42,896 [s4@group-9E8EDFB42C9C-LeaderElection2] INFO  impl.RoleInfo (RoleInfo.java:updateAndGet(148)) - s4: start s4@group-9E8EDFB42C9C-FollowerState
2025-02-11 20:20:42,897 [s4@group-9E8EDFB42C9C-LeaderElection2] INFO  server.RaftServer$Division (RaftServerImpl.java:setFirstElection(575)) - s4@group-9E8EDFB42C9C: set firstElectionSinceStartup to false for REJECTED
2025-02-11 20:20:42,901 [s0@group-9E8EDFB42C9C-LeaderElection1] INFO  server.RaftServerConfigKeys (ConfUtils.java:logGet(62)) - raft.server.staging.catchup.gap = 1000 (default)
2025-02-11 20:20:42,901 [s0@group-9E8EDFB42C9C-LeaderElection1] INFO  server.RaftServerConfigKeys (ConfUtils.java:logFallback(69)) - raft.server.staging.timeout = 900ms (fallback to raft.server.rpc.timeout.max)
2025-02-11 20:20:42,904 [s0@group-9E8EDFB42C9C-LeaderElection1] INFO  server.RaftServerConfigKeys (ConfUtils.java:logGet(62)) - raft.server.write.element-limit = 4096 (default)
2025-02-11 20:20:42,904 [s0@group-9E8EDFB42C9C-LeaderElection1] INFO  server.RaftServerConfigKeys (ConfUtils.java:logGet(62)) - raft.server.write.byte-limit = 64MB (=67108864) (default)
2025-02-11 20:20:42,907 [s0@group-9E8EDFB42C9C-LeaderElection1] INFO  server.RaftServerConfigKeys (ConfUtils.java:logGet(62)) - raft.server.watch.timeout = 10s (default)
2025-02-11 20:20:42,907 [s0@group-9E8EDFB42C9C-LeaderElection1] INFO  server.RaftServerConfigKeys (ConfUtils.java:logGet(62)) - raft.server.watch.timeout.denomination = 1s (default)
2025-02-11 20:20:42,908 [s0@group-9E8EDFB42C9C-LeaderElection1] INFO  server.RaftServerConfigKeys (ConfUtils.java:logGet(62)) - raft.server.watch.element-limit = 65536 (default)
2025-02-11 20:20:42,912 [s0@group-9E8EDFB42C9C-LeaderElection1] INFO  server.RaftServerConfigKeys (ConfUtils.java:logGet(62)) - raft.server.read.leader.lease.enabled = false (default)
2025-02-11 20:20:42,913 [s0@group-9E8EDFB42C9C-LeaderElection1] INFO  server.RaftServerConfigKeys (ConfUtils.java:logGet(62)) - raft.server.read.leader.lease.timeout.ratio = 0.9 (default)
2025-02-11 20:20:42,914 [s0@group-9E8EDFB42C9C-LeaderElection1] INFO  server.RaftServerConfigKeys (ConfUtils.java:logGet(62)) - raft.server.log.log-metadata.enabled = true (default)
2025-02-11 20:20:42,914 [s0@group-9E8EDFB42C9C-LeaderElection1] INFO  server.RaftServerConfigKeys (ConfUtils.java:logGet(62)) - raft.server.write.follower.gap.ratio.max = -1.0 (default)
2025-02-11 20:20:42,919 [s0@group-9E8EDFB42C9C-LeaderElection1] INFO  server.RaftServerConfigKeys (ConfUtils.java:logGet(62)) - raft.server.log.appender.snapshot.chunk.size.max = 16MB (=16777216) (default)
2025-02-11 20:20:42,920 [s0@group-9E8EDFB42C9C-LeaderElection1] INFO  server.RaftServerConfigKeys (ConfUtils.java:logGet(62)) - raft.server.log.appender.wait-time.min = 1ms (default)
2025-02-11 20:20:42,921 [s0@group-9E8EDFB42C9C-LeaderElection1] INFO  impl.RoleInfo (RoleInfo.java:updateAndGet(148)) - s0: start s0@group-9E8EDFB42C9C-LeaderStateImpl
2025-02-11 20:20:42,922 [s0@group-9E8EDFB42C9C-LeaderElection1] INFO  server.RaftServer$Division (RaftServerImpl.java:setFirstElection(575)) - s0@group-9E8EDFB42C9C: set firstElectionSinceStartup to false for becomeLeader
2025-02-11 20:20:42,922 [s0@group-9E8EDFB42C9C-LeaderElection1] INFO  server.RaftServer$Division (ServerState.java:setLeader(272)) - s0@group-9E8EDFB42C9C: change Leader from null to s0 at term 1 for becomeLeader, leader elected after 444ms
2025-02-11 20:20:42,935 [s0@group-9E8EDFB42C9C-LeaderElection1] INFO  segmented.SegmentedRaftLogWorker (SegmentedRaftLogWorker.java:startLogSegment(443)) - s0@group-9E8EDFB42C9C-SegmentedRaftLogWorker: Starting segment from index:0
2025-02-11 20:20:42,946 [s0@group-9E8EDFB42C9C-SegmentedRaftLogWorker] INFO  segmented.BufferedWriteChannel (BufferedWriteChannel.java:open(61)) - open log_inprogress_0 at position 0
2025-02-11 20:20:42,947 [s0@group-9E8EDFB42C9C-LeaderElection1] INFO  server.RaftServer$Division (ServerState.java:setRaftConf(386)) - s0@group-9E8EDFB42C9C: set configuration conf: {index: 0, cur=peers:[s3|localhost:15012, s4|localhost:15016, s0|localhost:15000, s1|localhost:15004, s2|localhost:15008]|listeners:[], old=null}
2025-02-11 20:20:42,956 [s0@group-9E8EDFB42C9C-SegmentedRaftLogWorker] INFO  segmented.SegmentedRaftLogWorker (SegmentedRaftLogWorker.java:execute(667)) - s0@group-9E8EDFB42C9C-SegmentedRaftLogWorker: created new log segment /home/runner/work/ratis/ratis/ratis-test/target/test/data/bb95da49/MiniRaftClusterWithSimulatedRpc1ec06061/s0/ee7776b0-010a-451f-ab02-9e8edfb42c9c/current/log_inprogress_0
2025-02-11 20:20:42,965 [HandlerDaemon-0] INFO  server.RaftServer$Division (ServerState.java:setLeader(272)) - s3@group-9E8EDFB42C9C: change Leader from null to s0 at term 1 for appendEntries, leader elected after 487ms
2025-02-11 20:20:42,965 [HandlerDaemon-1] INFO  server.RaftServer$Division (ServerState.java:setLeader(272)) - s1@group-9E8EDFB42C9C: change Leader from null to s0 at term 1 for appendEntries, leader elected after 488ms
2025-02-11 20:20:42,965 [HandlerDaemon-1] INFO  server.RaftServer$Division (ServerState.java:setLeader(272)) - s2@group-9E8EDFB42C9C: change Leader from null to s0 at term 1 for appendEntries, leader elected after 487ms
2025-02-11 20:20:42,965 [HandlerDaemon-2] INFO  server.RaftServer$Division (ServerState.java:setLeader(272)) - s4@group-9E8EDFB42C9C: change Leader from null to s0 at term 1 for appendEntries, leader elected after 488ms
2025-02-11 20:20:42,974 [s0@group-9E8EDFB42C9C->s1-LogAppenderDefault-LogAppenderDaemon] INFO  server.RaftServerConfigKeys (ConfUtils.java:logGet(62)) - raft.server.log.appender.buffer.element-limit = 0 (default)
2025-02-11 20:20:42,977 [HandlerDaemon-0] INFO  server.RaftServer$Division (ServerState.java:setRaftConf(386)) - s2@group-9E8EDFB42C9C: set configuration conf: {index: 0, cur=peers:[s3|localhost:15012, s4|localhost:15016, s0|localhost:15000, s1|localhost:15004, s2|localhost:15008]|listeners:[], old=null}
2025-02-11 20:20:42,978 [HandlerDaemon-2] INFO  server.RaftServer$Division (ServerState.java:setRaftConf(386)) - s1@group-9E8EDFB42C9C: set configuration conf: {index: 0, cur=peers:[s3|localhost:15012, s4|localhost:15016, s0|localhost:15000, s1|localhost:15004, s2|localhost:15008]|listeners:[], old=null}
2025-02-11 20:20:42,978 [HandlerDaemon-0] INFO  server.RaftServer$Division (ServerState.java:setRaftConf(386)) - s4@group-9E8EDFB42C9C: set configuration conf: {index: 0, cur=peers:[s3|localhost:15012, s4|localhost:15016, s0|localhost:15000, s1|localhost:15004, s2|localhost:15008]|listeners:[], old=null}
2025-02-11 20:20:42,977 [HandlerDaemon-1] INFO  server.RaftServer$Division (ServerState.java:setRaftConf(386)) - s3@group-9E8EDFB42C9C: set configuration conf: {index: 0, cur=peers:[s3|localhost:15012, s4|localhost:15016, s0|localhost:15000, s1|localhost:15004, s2|localhost:15008]|listeners:[], old=null}
2025-02-11 20:20:42,979 [HandlerDaemon-0] INFO  segmented.SegmentedRaftLogWorker (SegmentedRaftLogWorker.java:startLogSegment(443)) - s2@group-9E8EDFB42C9C-SegmentedRaftLogWorker: Starting segment from index:0
2025-02-11 20:20:42,979 [HandlerDaemon-1] INFO  segmented.SegmentedRaftLogWorker (SegmentedRaftLogWorker.java:startLogSegment(443)) - s3@group-9E8EDFB42C9C-SegmentedRaftLogWorker: Starting segment from index:0
2025-02-11 20:20:42,979 [HandlerDaemon-0] INFO  segmented.SegmentedRaftLogWorker (SegmentedRaftLogWorker.java:startLogSegment(443)) - s4@group-9E8EDFB42C9C-SegmentedRaftLogWorker: Starting segment from index:0
2025-02-11 20:20:42,980 [s3@group-9E8EDFB42C9C-SegmentedRaftLogWorker] INFO  segmented.BufferedWriteChannel (BufferedWriteChannel.java:open(61)) - open log_inprogress_0 at position 0
2025-02-11 20:20:42,980 [s2@group-9E8EDFB42C9C-SegmentedRaftLogWorker] INFO  segmented.BufferedWriteChannel (BufferedWriteChannel.java:open(61)) - open log_inprogress_0 at position 0
2025-02-11 20:20:42,981 [HandlerDaemon-2] INFO  segmented.SegmentedRaftLogWorker (SegmentedRaftLogWorker.java:startLogSegment(443)) - s1@group-9E8EDFB42C9C-SegmentedRaftLogWorker: Starting segment from index:0
2025-02-11 20:20:42,982 [s4@group-9E8EDFB42C9C-SegmentedRaftLogWorker] INFO  segmented.BufferedWriteChannel (BufferedWriteChannel.java:open(61)) - open log_inprogress_0 at position 0
2025-02-11 20:20:42,983 [s1@group-9E8EDFB42C9C-SegmentedRaftLogWorker] INFO  segmented.BufferedWriteChannel (BufferedWriteChannel.java:open(61)) - open log_inprogress_0 at position 0
2025-02-11 20:20:42,999 [s3@group-9E8EDFB42C9C-SegmentedRaftLogWorker] INFO  segmented.SegmentedRaftLogWorker (SegmentedRaftLogWorker.java:execute(667)) - s3@group-9E8EDFB42C9C-SegmentedRaftLogWorker: created new log segment /home/runner/work/ratis/ratis/ratis-test/target/test/data/bb95da49/MiniRaftClusterWithSimulatedRpc1ec06061/s3/ee7776b0-010a-451f-ab02-9e8edfb42c9c/current/log_inprogress_0
2025-02-11 20:20:43,000 [s4@group-9E8EDFB42C9C-SegmentedRaftLogWorker] INFO  segmented.SegmentedRaftLogWorker (SegmentedRaftLogWorker.java:execute(667)) - s4@group-9E8EDFB42C9C-SegmentedRaftLogWorker: created new log segment /home/runner/work/ratis/ratis/ratis-test/target/test/data/bb95da49/MiniRaftClusterWithSimulatedRpc1ec06061/s4/ee7776b0-010a-451f-ab02-9e8edfb42c9c/current/log_inprogress_0
2025-02-11 20:20:43,001 [s2@group-9E8EDFB42C9C-SegmentedRaftLogWorker] INFO  segmented.SegmentedRaftLogWorker (SegmentedRaftLogWorker.java:execute(667)) - s2@group-9E8EDFB42C9C-SegmentedRaftLogWorker: created new log segment /home/runner/work/ratis/ratis/ratis-test/target/test/data/bb95da49/MiniRaftClusterWithSimulatedRpc1ec06061/s2/ee7776b0-010a-451f-ab02-9e8edfb42c9c/current/log_inprogress_0
2025-02-11 20:20:43,002 [s1@group-9E8EDFB42C9C-SegmentedRaftLogWorker] INFO  segmented.SegmentedRaftLogWorker (SegmentedRaftLogWorker.java:execute(667)) - s1@group-9E8EDFB42C9C-SegmentedRaftLogWorker: created new log segment /home/runner/work/ratis/ratis/ratis-test/target/test/data/bb95da49/MiniRaftClusterWithSimulatedRpc1ec06061/s1/ee7776b0-010a-451f-ab02-9e8edfb42c9c/current/log_inprogress_0
2025-02-11 20:20:43,006 [s0@group-9E8EDFB42C9C-StateMachineUpdater] TRACE util.FileUtils (LogUtils.java:supplyAndLog(69)) - Successfully supplied FileChannel.open /home/runner/work/ratis/ratis/ratis-test/target/test/data/bb95da49/MiniRaftClusterWithSimulatedRpc1ec06061/s0/ee7776b0-010a-451f-ab02-9e8edfb42c9c/current/raft-meta.conf.tmp with options [CREATE, WRITE]: sun.nio.ch.FileChannelImpl@c3ae95a
2025-02-11 20:20:43,011 [s0@group-9E8EDFB42C9C-StateMachineUpdater] TRACE util.FileUtils (LogUtils.java:runAndLog(49)) - Successfully ran Atomic Files.move /home/runner/work/ratis/ratis/ratis-test/target/test/data/bb95da49/MiniRaftClusterWithSimulatedRpc1ec06061/s0/ee7776b0-010a-451f-ab02-9e8edfb42c9c/current/raft-meta.conf.tmp to /home/runner/work/ratis/ratis/ratis-test/target/test/data/bb95da49/MiniRaftClusterWithSimulatedRpc1ec06061/s0/ee7776b0-010a-451f-ab02-9e8edfb42c9c/current/raft-meta.conf with options [REPLACE_EXISTING]
2025-02-11 20:20:43,012 [s0@group-9E8EDFB42C9C-StateMachineUpdater] INFO  server.RaftServer$Division (LeaderStateImpl.java:checkStartIndex(314)) - Leader s0@group-9E8EDFB42C9C-LeaderStateImpl is ready since appliedIndex == startIndex == 0
2025-02-11 20:20:43,082 [s4@group-9E8EDFB42C9C-StateMachineUpdater] TRACE util.FileUtils (LogUtils.java:supplyAndLog(69)) - Successfully supplied FileChannel.open /home/runner/work/ratis/ratis/ratis-test/target/test/data/bb95da49/MiniRaftClusterWithSimulatedRpc1ec06061/s4/ee7776b0-010a-451f-ab02-9e8edfb42c9c/current/raft-meta.conf.tmp with options [CREATE, WRITE]: sun.nio.ch.FileChannelImpl@4fb77376
2025-02-11 20:20:43,083 [s1@group-9E8EDFB42C9C-StateMachineUpdater] TRACE util.FileUtils (LogUtils.java:supplyAndLog(69)) - Successfully supplied FileChannel.open /home/runner/work/ratis/ratis/ratis-test/target/test/data/bb95da49/MiniRaftClusterWithSimulatedRpc1ec06061/s1/ee7776b0-010a-451f-ab02-9e8edfb42c9c/current/raft-meta.conf.tmp with options [CREATE, WRITE]: sun.nio.ch.FileChannelImpl@795558f
2025-02-11 20:20:43,082 [s2@group-9E8EDFB42C9C-StateMachineUpdater] TRACE util.FileUtils (LogUtils.java:supplyAndLog(69)) - Successfully supplied FileChannel.open /home/runner/work/ratis/ratis/ratis-test/target/test/data/bb95da49/MiniRaftClusterWithSimulatedRpc1ec06061/s2/ee7776b0-010a-451f-ab02-9e8edfb42c9c/current/raft-meta.conf.tmp with options [CREATE, WRITE]: sun.nio.ch.FileChannelImpl@720bcb8d
2025-02-11 20:20:43,082 [s3@group-9E8EDFB42C9C-StateMachineUpdater] TRACE util.FileUtils (LogUtils.java:supplyAndLog(69)) - Successfully supplied FileChannel.open /home/runner/work/ratis/ratis/ratis-test/target/test/data/bb95da49/MiniRaftClusterWithSimulatedRpc1ec06061/s3/ee7776b0-010a-451f-ab02-9e8edfb42c9c/current/raft-meta.conf.tmp with options [CREATE, WRITE]: sun.nio.ch.FileChannelImpl@2f9856
2025-02-11 20:20:43,085 [s4@group-9E8EDFB42C9C-StateMachineUpdater] TRACE util.FileUtils (LogUtils.java:runAndLog(49)) - Successfully ran Atomic Files.move /home/runner/work/ratis/ratis/ratis-test/target/test/data/bb95da49/MiniRaftClusterWithSimulatedRpc1ec06061/s4/ee7776b0-010a-451f-ab02-9e8edfb42c9c/current/raft-meta.conf.tmp to /home/runner/work/ratis/ratis/ratis-test/target/test/data/bb95da49/MiniRaftClusterWithSimulatedRpc1ec06061/s4/ee7776b0-010a-451f-ab02-9e8edfb42c9c/current/raft-meta.conf with options [REPLACE_EXISTING]
2025-02-11 20:20:43,086 [s2@group-9E8EDFB42C9C-StateMachineUpdater] TRACE util.FileUtils (LogUtils.java:runAndLog(49)) - Successfully ran Atomic Files.move /home/runner/work/ratis/ratis/ratis-test/target/test/data/bb95da49/MiniRaftClusterWithSimulatedRpc1ec06061/s2/ee7776b0-010a-451f-ab02-9e8edfb42c9c/current/raft-meta.conf.tmp to /home/runner/work/ratis/ratis/ratis-test/target/test/data/bb95da49/MiniRaftClusterWithSimulatedRpc1ec06061/s2/ee7776b0-010a-451f-ab02-9e8edfb42c9c/current/raft-meta.conf with options [REPLACE_EXISTING]
2025-02-11 20:20:43,086 [s1@group-9E8EDFB42C9C-StateMachineUpdater] TRACE util.FileUtils (LogUtils.java:runAndLog(49)) - Successfully ran Atomic Files.move /home/runner/work/ratis/ratis/ratis-test/target/test/data/bb95da49/MiniRaftClusterWithSimulatedRpc1ec06061/s1/ee7776b0-010a-451f-ab02-9e8edfb42c9c/current/raft-meta.conf.tmp to /home/runner/work/ratis/ratis/ratis-test/target/test/data/bb95da49/MiniRaftClusterWithSimulatedRpc1ec06061/s1/ee7776b0-010a-451f-ab02-9e8edfb42c9c/current/raft-meta.conf with options [REPLACE_EXISTING]
2025-02-11 20:20:43,086 [s3@group-9E8EDFB42C9C-StateMachineUpdater] TRACE util.FileUtils (LogUtils.java:runAndLog(49)) - Successfully ran Atomic Files.move /home/runner/work/ratis/ratis/ratis-test/target/test/data/bb95da49/MiniRaftClusterWithSimulatedRpc1ec06061/s3/ee7776b0-010a-451f-ab02-9e8edfb42c9c/current/raft-meta.conf.tmp to /home/runner/work/ratis/ratis/ratis-test/target/test/data/bb95da49/MiniRaftClusterWithSimulatedRpc1ec06061/s3/ee7776b0-010a-451f-ab02-9e8edfb42c9c/current/raft-meta.conf with options [REPLACE_EXISTING]
2025-02-11 20:20:43,185 [main] INFO  ratis.RaftTestUtil (RaftTestUtil.java:waitForLeader(131)) - printing ALL groups
  s3:  RUNNING  FOLLOWER s3@group-9E8EDFB42C9C:t1, leader=s0, voted=s0, raftlog=Memoized:s3@group-9E8EDFB42C9C-SegmentedRaftLog:OPENED:c0:last(t:1, i:0), conf=conf: {index: 0, cur=peers:[s3|localhost:15012, s4|localhost:15016, s0|localhost:15000, s1|localhost:15004, s2|localhost:15008]|listeners:[], old=null} RUNNING
  s4:  RUNNING  FOLLOWER s4@group-9E8EDFB42C9C:t1, leader=s0, voted=s4, raftlog=Memoized:s4@group-9E8EDFB42C9C-SegmentedRaftLog:OPENED:c0:last(t:1, i:0), conf=conf: {index: 0, cur=peers:[s3|localhost:15012, s4|localhost:15016, s0|localhost:15000, s1|localhost:15004, s2|localhost:15008]|listeners:[], old=null} RUNNING
  s0:  RUNNING    LEADER s0@group-9E8EDFB42C9C:t1, leader=s0, voted=s0, raftlog=Memoized:s0@group-9E8EDFB42C9C-SegmentedRaftLog:OPENED:c0:last(t:1, i:0), conf=conf: {index: 0, cur=peers:[s3|localhost:15012, s4|localhost:15016, s0|localhost:15000, s1|localhost:15004, s2|localhost:15008]|listeners:[], old=null} RUNNING
  s1:  RUNNING  FOLLOWER s1@group-9E8EDFB42C9C:t1, leader=s0, voted=s0, raftlog=Memoized:s1@group-9E8EDFB42C9C-SegmentedRaftLog:OPENED:c0:last(t:1, i:0), conf=conf: {index: 0, cur=peers:[s3|localhost:15012, s4|localhost:15016, s0|localhost:15000, s1|localhost:15004, s2|localhost:15008]|listeners:[], old=null} RUNNING
  s2:  RUNNING  FOLLOWER s2@group-9E8EDFB42C9C:t1, leader=s0, voted=s0, raftlog=Memoized:s2@group-9E8EDFB42C9C-SegmentedRaftLog:OPENED:c0:last(t:1, i:0), conf=conf: {index: 0, cur=peers:[s3|localhost:15012, s4|localhost:15016, s0|localhost:15000, s1|localhost:15004, s2|localhost:15008]|listeners:[], old=null} RUNNING
0
0
0
0
0
0
0
0
0
0
0
0
0
0
0
0
2025-02-11 20:20:43,328 [main] INFO  impl.MiniRaftCluster (MiniRaftCluster.java:runWithNewCluster(146)) - printing ALL groups
  s3:  RUNNING  FOLLOWER s3@group-9E8EDFB42C9C:t1, leader=s0, voted=s0, raftlog=Memoized:s3@group-9E8EDFB42C9C-SegmentedRaftLog:OPENED:c1:last(t:1, i:2), conf=conf: {index: 0, cur=peers:[s3|localhost:15012, s4|localhost:15016, s0|localhost:15000, s1|localhost:15004, s2|localhost:15008]|listeners:[], old=null} RUNNING
  s4:  RUNNING  FOLLOWER s4@group-9E8EDFB42C9C:t1, leader=s0, voted=s4, raftlog=Memoized:s4@group-9E8EDFB42C9C-SegmentedRaftLog:OPENED:c1:last(t:1, i:2), conf=conf: {index: 0, cur=peers:[s3|localhost:15012, s4|localhost:15016, s0|localhost:15000, s1|localhost:15004, s2|localhost:15008]|listeners:[], old=null} RUNNING
  s0:  RUNNING    LEADER s0@group-9E8EDFB42C9C:t1, leader=s0, voted=s0, raftlog=Memoized:s0@group-9E8EDFB42C9C-SegmentedRaftLog:OPENED:c2:last(t:1, i:2), conf=conf: {index: 0, cur=peers:[s3|localhost:15012, s4|localhost:15016, s0|localhost:15000, s1|localhost:15004, s2|localhost:15008]|listeners:[], old=null} RUNNING
  s1:  RUNNING  FOLLOWER s1@group-9E8EDFB42C9C:t1, leader=s0, voted=s0, raftlog=Memoized:s1@group-9E8EDFB42C9C-SegmentedRaftLog:OPENED:c1:last(t:1, i:2), conf=conf: {index: 0, cur=peers:[s3|localhost:15012, s4|localhost:15016, s0|localhost:15000, s1|localhost:15004, s2|localhost:15008]|listeners:[], old=null} RUNNING
  s2:  RUNNING  FOLLOWER s2@group-9E8EDFB42C9C:t1, leader=s0, voted=s0, raftlog=Memoized:s2@group-9E8EDFB42C9C-SegmentedRaftLog:OPENED:c1:last(t:1, i:2), conf=conf: {index: 0, cur=peers:[s3|localhost:15012, s4|localhost:15016, s0|localhost:15000, s1|localhost:15004, s2|localhost:15008]|listeners:[], old=null} RUNNING
2025-02-11 20:20:43,328 [main] ERROR impl.MiniRaftCluster (MiniRaftCluster.java:runWithNewCluster(147)) - Failed org.apache.ratis.server.impl.MiniRaftCluster$Factory$Get.runWithNewCluster(MiniRaftCluster.java:121)
org.opentest4j.AssertionFailedError: StateMachine Applied Index not incremented ==> expected: <true> but was: <false>
	at org.junit.jupiter.api.AssertionFailureBuilder.build(AssertionFailureBuilder.java:151)
	at org.junit.jupiter.api.AssertionFailureBuilder.buildAndThrow(AssertionFailureBuilder.java:132)
	at org.junit.jupiter.api.AssertTrue.failNotTrue(AssertTrue.java:63)
	at org.junit.jupiter.api.AssertTrue.assertTrue(AssertTrue.java:36)
	at org.junit.jupiter.api.Assertions.assertTrue(Assertions.java:214)
	at org.apache.ratis.RaftBasicTests.runTestStateMachineMetrics(RaftBasicTests.java:479)
	at org.apache.ratis.RaftBasicTests.lambda$testStateMachineMetrics$13(RaftBasicTests.java:453)
	at org.apache.ratis.server.impl.MiniRaftCluster$Factory$Get.runWithNewCluster(MiniRaftCluster.java:144)
	at org.apache.ratis.server.impl.MiniRaftCluster$Factory$Get.runWithNewCluster(MiniRaftCluster.java:121)
	at org.apache.ratis.RaftBasicTests.testStateMachineMetrics(RaftBasicTests.java:453)
	at sun.reflect.NativeMethodAccessorImpl.invoke0(Native Method)
	at sun.reflect.NativeMethodAccessorImpl.invoke(NativeMethodAccessorImpl.java:62)
	at sun.reflect.DelegatingMethodAccessorImpl.invoke(DelegatingMethodAccessorImpl.java:43)
	at java.lang.reflect.Method.invoke(Method.java:498)
	at org.junit.platform.commons.util.ReflectionUtils.invokeMethod(ReflectionUtils.java:766)
	at org.junit.jupiter.engine.execution.MethodInvocation.proceed(MethodInvocation.java:60)
	at org.junit.jupiter.engine.execution.InvocationInterceptorChain$ValidatingInvocation.proceed(InvocationInterceptorChain.java:131)
	at org.junit.jupiter.engine.extension.SameThreadTimeoutInvocation.proceed(SameThreadTimeoutInvocation.java:45)
	at org.junit.jupiter.engine.extension.TimeoutExtension.intercept(TimeoutExtension.java:156)
	at org.junit.jupiter.engine.extension.TimeoutExtension.interceptTestableMethod(TimeoutExtension.java:147)
	at org.junit.jupiter.engine.extension.TimeoutExtension.interceptTestMethod(TimeoutExtension.java:86)
	at org.junit.jupiter.engine.execution.InterceptingExecutableInvoker$ReflectiveInterceptorCall.lambda$ofVoidMethod$0(InterceptingExecutableInvoker.java:103)
	at org.junit.jupiter.engine.execution.InterceptingExecutableInvoker.lambda$invoke$0(InterceptingExecutableInvoker.java:93)
	at org.junit.jupiter.engine.execution.InvocationInterceptorChain$InterceptedInvocation.proceed(InvocationInterceptorChain.java:106)
	at org.junit.jupiter.engine.execution.InvocationInterceptorChain.proceed(InvocationInterceptorChain.java:64)
	at org.junit.jupiter.engine.execution.InvocationInterceptorChain.chainAndInvoke(InvocationInterceptorChain.java:45)
	at org.junit.jupiter.engine.execution.InvocationInterceptorChain.invoke(InvocationInterceptorChain.java:37)
	at org.junit.jupiter.engine.execution.InterceptingExecutableInvoker.invoke(InterceptingExecutableInvoker.java:92)
	at org.junit.jupiter.engine.execution.InterceptingExecutableInvoker.invoke(InterceptingExecutableInvoker.java:86)
	at org.junit.jupiter.engine.descriptor.TestMethodTestDescriptor.lambda$invokeTestMethod$8(TestMethodTestDescriptor.java:217)
	at org.junit.platform.engine.support.hierarchical.ThrowableCollector.execute(ThrowableCollector.java:73)
	at org.junit.jupiter.engine.descriptor.TestMethodTestDescriptor.invokeTestMethod(TestMethodTestDescriptor.java:213)
	at org.junit.jupiter.engine.descriptor.TestMethodTestDescriptor.execute(TestMethodTestDescriptor.java:138)
	at org.junit.jupiter.engine.descriptor.TestMethodTestDescriptor.execute(TestMethodTestDescriptor.java:68)
	at org.junit.platform.engine.support.hierarchical.NodeTestTask.lambda$executeRecursively$6(NodeTestTask.java:156)
	at org.junit.platform.engine.support.hierarchical.ThrowableCollector.execute(ThrowableCollector.java:73)
	at org.junit.platform.engine.support.hierarchical.NodeTestTask.lambda$executeRecursively$8(NodeTestTask.java:146)
	at org.junit.platform.engine.support.hierarchical.Node.around(Node.java:137)
	at org.junit.platform.engine.support.hierarchical.NodeTestTask.lambda$executeRecursively$9(NodeTestTask.java:144)
	at org.junit.platform.engine.support.hierarchical.ThrowableCollector.execute(ThrowableCollector.java:73)
	at org.junit.platform.engine.support.hierarchical.NodeTestTask.executeRecursively(NodeTestTask.java:143)
	at org.junit.platform.engine.support.hierarchical.NodeTestTask.execute(NodeTestTask.java:100)
	at java.util.ArrayList.forEach(ArrayList.java:1259)
	at org.junit.platform.engine.support.hierarchical.SameThreadHierarchicalTestExecutorService.invokeAll(SameThreadHierarchicalTestExecutorService.java:41)
	at org.junit.platform.engine.support.hierarchical.NodeTestTask.lambda$executeRecursively$6(NodeTestTask.java:160)
	at org.junit.platform.engine.support.hierarchical.ThrowableCollector.execute(ThrowableCollector.java:73)
	at org.junit.platform.engine.support.hierarchical.NodeTestTask.lambda$executeRecursively$8(NodeTestTask.java:146)
	at org.junit.platform.engine.support.hierarchical.Node.around(Node.java:137)
	at org.junit.platform.engine.support.hierarchical.NodeTestTask.lambda$executeRecursively$9(NodeTestTask.java:144)
	at org.junit.platform.engine.support.hierarchical.ThrowableCollector.execute(ThrowableCollector.java:73)
	at org.junit.platform.engine.support.hierarchical.NodeTestTask.executeRecursively(NodeTestTask.java:143)
	at org.junit.platform.engine.support.hierarchical.NodeTestTask.execute(NodeTestTask.java:100)
	at java.util.ArrayList.forEach(ArrayList.java:1259)
	at org.junit.platform.engine.support.hierarchical.SameThreadHierarchicalTestExecutorService.invokeAll(SameThreadHierarchicalTestExecutorService.java:41)
	at org.junit.platform.engine.support.hierarchical.NodeTestTask.lambda$executeRecursively$6(NodeTestTask.java:160)
	at org.junit.platform.engine.support.hierarchical.ThrowableCollector.execute(ThrowableCollector.java:73)
	at org.junit.platform.engine.support.hierarchical.NodeTestTask.lambda$executeRecursively$8(NodeTestTask.java:146)
	at org.junit.platform.engine.support.hierarchical.Node.around(Node.java:137)
	at org.junit.platform.engine.support.hierarchical.NodeTestTask.lambda$executeRecursively$9(NodeTestTask.java:144)
	at org.junit.platform.engine.support.hierarchical.ThrowableCollector.execute(ThrowableCollector.java:73)
	at org.junit.platform.engine.support.hierarchical.NodeTestTask.executeRecursively(NodeTestTask.java:143)
	at org.junit.platform.engine.support.hierarchical.NodeTestTask.execute(NodeTestTask.java:100)
	at org.junit.platform.engine.support.hierarchical.SameThreadHierarchicalTestExecutorService.submit(SameThreadHierarchicalTestExecutorService.java:35)
	at org.junit.platform.engine.support.hierarchical.HierarchicalTestExecutor.execute(HierarchicalTestExecutor.java:57)
	at org.junit.platform.engine.support.hierarchical.HierarchicalTestEngine.execute(HierarchicalTestEngine.java:54)
	at org.junit.platform.launcher.core.EngineExecutionOrchestrator.execute(EngineExecutionOrchestrator.java:198)
	at org.junit.platform.launcher.core.EngineExecutionOrchestrator.execute(EngineExecutionOrchestrator.java:169)
	at org.junit.platform.launcher.core.EngineExecutionOrchestrator.execute(EngineExecutionOrchestrator.java:93)
	at org.junit.platform.launcher.core.EngineExecutionOrchestrator.lambda$execute$0(EngineExecutionOrchestrator.java:58)
	at org.junit.platform.launcher.core.EngineExecutionOrchestrator.withInterceptedStreams(EngineExecutionOrchestrator.java:141)
	at org.junit.platform.launcher.core.EngineExecutionOrchestrator.execute(EngineExecutionOrchestrator.java:57)
	at org.junit.platform.launcher.core.DefaultLauncher.execute(DefaultLauncher.java:103)
	at org.junit.platform.launcher.core.DefaultLauncher.execute(DefaultLauncher.java:85)
	at org.junit.platform.launcher.core.DelegatingLauncher.execute(DelegatingLauncher.java:47)
	at org.junit.platform.launcher.core.SessionPerRequestLauncher.execute(SessionPerRequestLauncher.java:63)
	at org.apache.maven.surefire.junitplatform.JUnitPlatformProvider.invokeAllTests(JUnitPlatformProvider.java:154)
	at org.apache.maven.surefire.junitplatform.JUnitPlatformProvider.invoke(JUnitPlatformProvider.java:123)
	at org.apache.maven.surefire.booter.ForkedBooter.runSuitesInProcess(ForkedBooter.java:377)
	at org.apache.maven.surefire.booter.ForkedBooter.execute(ForkedBooter.java:138)
	at org.apache.maven.surefire.booter.ForkedBooter.run(ForkedBooter.java:465)
	at org.apache.maven.surefire.booter.ForkedBooter.main(ForkedBooter.java:451)
2025-02-11 20:20:43,331 [main] INFO  impl.MiniRaftCluster (MiniRaftCluster.java:shutdown(847)) - ************************************************************** 
2025-02-11 20:20:43,331 [main] INFO  impl.MiniRaftCluster (MiniRaftCluster.java:shutdown(848)) - *** 
2025-02-11 20:20:43,331 [main] INFO  impl.MiniRaftCluster (MiniRaftCluster.java:shutdown(849)) - ***     Stopping MiniRaftClusterWithSimulatedRpc
2025-02-11 20:20:43,331 [main] INFO  impl.MiniRaftCluster (MiniRaftCluster.java:shutdown(850)) - *** 
2025-02-11 20:20:43,332 [main] INFO  impl.MiniRaftCluster (MiniRaftCluster.java:shutdown(851)) - ************************************************************** 
2025-02-11 20:20:43,335 [main] INFO  impl.MiniRaftCluster (MiniRaftCluster.java:shutdown(852)) - printing ALL groups
  s3:  RUNNING  FOLLOWER s3@group-9E8EDFB42C9C:t1, leader=s0, voted=s0, raftlog=Memoized:s3@group-9E8EDFB42C9C-SegmentedRaftLog:OPENED:c1:last(t:1, i:2), conf=conf: {index: 0, cur=peers:[s3|localhost:15012, s4|localhost:15016, s0|localhost:15000, s1|localhost:15004, s2|localhost:15008]|listeners:[], old=null} RUNNING
  s4:  RUNNING  FOLLOWER s4@group-9E8EDFB42C9C:t1, leader=s0, voted=s4, raftlog=Memoized:s4@group-9E8EDFB42C9C-SegmentedRaftLog:OPENED:c1:last(t:1, i:2), conf=conf: {index: 0, cur=peers:[s3|localhost:15012, s4|localhost:15016, s0|localhost:15000, s1|localhost:15004, s2|localhost:15008]|listeners:[], old=null} RUNNING
  s0:  RUNNING    LEADER s0@group-9E8EDFB42C9C:t1, leader=s0, voted=s0, raftlog=Memoized:s0@group-9E8EDFB42C9C-SegmentedRaftLog:OPENED:c2:last(t:1, i:2), conf=conf: {index: 0, cur=peers:[s3|localhost:15012, s4|localhost:15016, s0|localhost:15000, s1|localhost:15004, s2|localhost:15008]|listeners:[], old=null} RUNNING
  s1:  RUNNING  FOLLOWER s1@group-9E8EDFB42C9C:t1, leader=s0, voted=s0, raftlog=Memoized:s1@group-9E8EDFB42C9C-SegmentedRaftLog:OPENED:c1:last(t:1, i:2), conf=conf: {index: 0, cur=peers:[s3|localhost:15012, s4|localhost:15016, s0|localhost:15000, s1|localhost:15004, s2|localhost:15008]|listeners:[], old=null} RUNNING
  s2:  RUNNING  FOLLOWER s2@group-9E8EDFB42C9C:t1, leader=s0, voted=s0, raftlog=Memoized:s2@group-9E8EDFB42C9C-SegmentedRaftLog:OPENED:c1:last(t:1, i:2), conf=conf: {index: 0, cur=peers:[s3|localhost:15012, s4|localhost:15016, s0|localhost:15000, s1|localhost:15004, s2|localhost:15008]|listeners:[], old=null} RUNNING
2025-02-11 20:20:43,336 [MiniRaftCluster-2] INFO  server.RaftServer (RaftServerProxy.java:lambda$close$9(418)) - s4: close
2025-02-11 20:20:43,336 [MiniRaftCluster-4] INFO  server.RaftServer (RaftServerProxy.java:lambda$close$9(418)) - s1: close
2025-02-11 20:20:43,337 [MiniRaftCluster-5] INFO  server.RaftServer (RaftServerProxy.java:lambda$close$9(418)) - s2: close
2025-02-11 20:20:43,336 [MiniRaftCluster-3] INFO  server.RaftServer (RaftServerProxy.java:lambda$close$9(418)) - s0: close
2025-02-11 20:20:43,336 [MiniRaftCluster-1] INFO  server.RaftServer (RaftServerProxy.java:lambda$close$9(418)) - s3: close
2025-02-11 20:20:43,338 [HandlerDaemon-0] INFO  simulation.RequestHandler (RequestHandler.java:run(127)) - s2.clientHandler0 is interrupted by java.io.InterruptedIOException: 
2025-02-11 20:20:43,338 [s3-impl-thread1] INFO  server.RaftServer$Division (RaftServerImpl.java:lambda$close$1(526)) - s3@group-9E8EDFB42C9C: shutdown
2025-02-11 20:20:43,338 [HandlerDaemon-2] INFO  simulation.RequestHandler (RequestHandler.java:run(127)) - s3.clientHandler2 is interrupted by java.io.InterruptedIOException: 
2025-02-11 20:20:43,338 [s3-impl-thread1] INFO  util.JmxRegister (JmxRegister.java:unregister(74)) - Successfully un-registered JMX Bean with object name Ratis:service=RaftServer,group=group-9E8EDFB42C9C,id=s3
2025-02-11 20:20:43,339 [HandlerDaemon-2] INFO  simulation.RequestHandler (RequestHandler.java:run(127)) - s0.clientHandler2 is interrupted by java.io.InterruptedIOException: 
2025-02-11 20:20:43,339 [HandlerDaemon-2] INFO  simulation.RequestHandler (RequestHandler.java:run(127)) - s1.clientHandler2 is interrupted by java.io.InterruptedIOException: 
2025-02-11 20:20:43,339 [HandlerDaemon-1] INFO  simulation.RequestHandler (RequestHandler.java:run(127)) - s1.clientHandler1 is interrupted by java.io.InterruptedIOException: 
2025-02-11 20:20:43,339 [s1-impl-thread1] INFO  server.RaftServer$Division (RaftServerImpl.java:lambda$close$1(526)) - s1@group-9E8EDFB42C9C: shutdown
2025-02-11 20:20:43,339 [HandlerDaemon-1] INFO  simulation.RequestHandler (RequestHandler.java:run(127)) - s4.clientHandler1 is interrupted by java.io.InterruptedIOException: 
2025-02-11 20:20:43,338 [HandlerDaemon-1] INFO  simulation.RequestHandler (RequestHandler.java:run(127)) - s3.clientHandler1 is interrupted by java.io.InterruptedIOException: 
2025-02-11 20:20:43,339 [s4-impl-thread1] INFO  server.RaftServer$Division (RaftServerImpl.java:lambda$close$1(526)) - s4@group-9E8EDFB42C9C: shutdown
2025-02-11 20:20:43,340 [HandlerDaemon-0] INFO  simulation.RequestHandler (RequestHandler.java:run(127)) - s4.clientHandler0 is interrupted by java.io.InterruptedIOException: 
2025-02-11 20:20:43,338 [HandlerDaemon-1] INFO  simulation.RequestHandler (RequestHandler.java:run(127)) - s2.clientHandler1 is interrupted by java.io.InterruptedIOException: 
2025-02-11 20:20:43,338 [s0-impl-thread1] INFO  server.RaftServer$Division (RaftServerImpl.java:lambda$close$1(526)) - s0@group-9E8EDFB42C9C: shutdown
2025-02-11 20:20:43,340 [s0-impl-thread1] INFO  util.JmxRegister (JmxRegister.java:unregister(74)) - Successfully un-registered JMX Bean with object name Ratis:service=RaftServer,group=group-9E8EDFB42C9C,id=s0
2025-02-11 20:20:43,338 [HandlerDaemon-0] INFO  simulation.RequestHandler (RequestHandler.java:run(127)) - s3.clientHandler0 is interrupted by java.io.InterruptedIOException: 
2025-02-11 20:20:43,338 [s2-impl-thread1] INFO  server.RaftServer$Division (RaftServerImpl.java:lambda$close$1(526)) - s2@group-9E8EDFB42C9C: shutdown
2025-02-11 20:20:43,340 [HandlerDaemon-1] INFO  simulation.RequestHandler (RequestHandler.java:run(127)) - s3.serverHandler1 is interrupted by java.io.InterruptedIOException: 
2025-02-11 20:20:43,341 [HandlerDaemon-2] INFO  simulation.RequestHandler (RequestHandler.java:run(127)) - s3.serverHandler2 is interrupted by java.io.InterruptedIOException: 
2025-02-11 20:20:43,340 [s0-impl-thread1] INFO  impl.RoleInfo (RoleInfo.java:shutdownLeaderState(103)) - s0: shutdown s0@group-9E8EDFB42C9C-LeaderStateImpl
2025-02-11 20:20:43,340 [HandlerDaemon-1] INFO  simulation.RequestHandler (RequestHandler.java:run(127)) - s0.clientHandler1 is interrupted by java.io.InterruptedIOException: 
2025-02-11 20:20:43,340 [HandlerDaemon-2] INFO  simulation.RequestHandler (RequestHandler.java:run(127)) - s4.clientHandler2 is interrupted by java.io.InterruptedIOException: 
2025-02-11 20:20:43,340 [s4-impl-thread1] INFO  util.JmxRegister (JmxRegister.java:unregister(74)) - Successfully un-registered JMX Bean with object name Ratis:service=RaftServer,group=group-9E8EDFB42C9C,id=s4
2025-02-11 20:20:43,342 [HandlerDaemon-0] INFO  simulation.RequestHandler (RequestHandler.java:run(127)) - s4.serverHandler0 is interrupted by java.io.InterruptedIOException: 
2025-02-11 20:20:43,342 [HandlerDaemon-1] INFO  simulation.RequestHandler (RequestHandler.java:run(127)) - s4.serverHandler1 is interrupted by java.io.InterruptedIOException: 
2025-02-11 20:20:43,339 [s1-impl-thread1] INFO  util.JmxRegister (JmxRegister.java:unregister(74)) - Successfully un-registered JMX Bean with object name Ratis:service=RaftServer,group=group-9E8EDFB42C9C,id=s1
2025-02-11 20:20:43,342 [s1-impl-thread1] INFO  impl.RoleInfo (RoleInfo.java:shutdownFollowerState(121)) - s1: shutdown s1@group-9E8EDFB42C9C-FollowerState
2025-02-11 20:20:43,342 [s1-impl-thread1] INFO  impl.StateMachineUpdater (StateMachineUpdater.java:stopAndJoin(164)) - s1@group-9E8EDFB42C9C-StateMachineUpdater: set stopIndex = 1
2025-02-11 20:20:43,339 [HandlerDaemon-0] INFO  simulation.RequestHandler (RequestHandler.java:run(127)) - s1.clientHandler0 is interrupted by java.io.InterruptedIOException: 
2025-02-11 20:20:43,339 [s3-impl-thread1] INFO  impl.RoleInfo (RoleInfo.java:shutdownFollowerState(121)) - s3: shutdown s3@group-9E8EDFB42C9C-FollowerState
2025-02-11 20:20:43,343 [s3-impl-thread1] INFO  impl.StateMachineUpdater (StateMachineUpdater.java:stopAndJoin(164)) - s3@group-9E8EDFB42C9C-StateMachineUpdater: set stopIndex = 1
2025-02-11 20:20:43,339 [HandlerDaemon-2] INFO  simulation.RequestHandler (RequestHandler.java:run(127)) - s2.clientHandler2 is interrupted by java.io.InterruptedIOException: 
2025-02-11 20:20:43,338 [HandlerDaemon-0] INFO  simulation.RequestHandler (RequestHandler.java:run(127)) - s0.clientHandler0 is interrupted by java.io.InterruptedIOException: 
2025-02-11 20:20:43,344 [HandlerDaemon-2] INFO  simulation.RequestHandler (RequestHandler.java:run(127)) - s2.serverHandler2 is interrupted by java.io.InterruptedIOException: 
2025-02-11 20:20:43,344 [HandlerDaemon-2] INFO  simulation.RequestHandler (RequestHandler.java:run(127)) - s0.serverHandler2 is interrupted by java.io.InterruptedIOException: 
2025-02-11 20:20:43,344 [HandlerDaemon-0] INFO  simulation.RequestHandler (RequestHandler.java:run(127)) - s2.serverHandler0 is interrupted by java.io.InterruptedIOException: 
2025-02-11 20:20:43,343 [HandlerDaemon-1] INFO  simulation.RequestHandler (RequestHandler.java:run(127)) - s2.serverHandler1 is interrupted by java.io.InterruptedIOException: 
2025-02-11 20:20:43,343 [s3@group-9E8EDFB42C9C-StateMachineUpdater] INFO  impl.StateMachineUpdater (StateMachineUpdater.java:stop(141)) - s3@group-9E8EDFB42C9C-StateMachineUpdater: closing BaseStateMachine, lastApplied=(t:1, i:1)
2025-02-11 20:20:43,343 [s3@group-9E8EDFB42C9C-FollowerState] INFO  impl.FollowerState (FollowerState.java:runImpl(170)) - s3@group-9E8EDFB42C9C-FollowerState was interrupted
2025-02-11 20:20:43,343 [HandlerDaemon-2] INFO  simulation.RequestHandler (RequestHandler.java:run(127)) - s1.serverHandler2 is interrupted by java.io.InterruptedIOException: 
2025-02-11 20:20:43,343 [HandlerDaemon-1] INFO  simulation.RequestHandler (RequestHandler.java:run(127)) - s1.serverHandler1 is interrupted by java.io.InterruptedIOException: 
2025-02-11 20:20:43,343 [HandlerDaemon-0] INFO  simulation.RequestHandler (RequestHandler.java:run(127)) - s1.serverHandler0 is interrupted by java.io.InterruptedIOException: 
2025-02-11 20:20:43,343 [s0@group-9E8EDFB42C9C->s1-LogAppenderDefault-LogAppenderDaemon] INFO  leader.LogAppenderDaemon (LogAppenderDaemon.java:run(85)) - s0@group-9E8EDFB42C9C->s1-LogAppenderDefault-LogAppenderDaemon was interrupted: java.lang.InterruptedException
2025-02-11 20:20:43,345 [s3-impl-thread1] INFO  raftlog.RaftLog (SegmentedRaftLog.java:close(569)) - Start closing s3@group-9E8EDFB42C9C-SegmentedRaftLog:OPENED:c1:last(t:1, i:2)
2025-02-11 20:20:43,342 [s0@group-9E8EDFB42C9C->s3-LogAppenderDefault-LogAppenderDaemon] INFO  leader.LogAppenderDaemon (LogAppenderDaemon.java:run(85)) - s0@group-9E8EDFB42C9C->s3-LogAppenderDefault-LogAppenderDaemon was interrupted: java.lang.InterruptedException
2025-02-11 20:20:43,346 [s3@group-9E8EDFB42C9C-cacheEviction-AwaitToRun] INFO  util.AwaitToRun (AwaitToRun.java:run(49)) - s3@group-9E8EDFB42C9C-cacheEviction-AwaitToRun-AwaitForSignal is interrupted
2025-02-11 20:20:43,342 [s1@group-9E8EDFB42C9C-StateMachineUpdater] INFO  impl.StateMachineUpdater (StateMachineUpdater.java:stop(141)) - s1@group-9E8EDFB42C9C-StateMachineUpdater: closing BaseStateMachine, lastApplied=(t:1, i:1)
2025-02-11 20:20:43,346 [s3-impl-thread1] INFO  segmented.LogSegment (LogSegment.java:close(350)) - Successfully closed EntryCache-log_inprogress_0
2025-02-11 20:20:43,342 [s0@group-9E8EDFB42C9C->s4-LogAppenderDefault-LogAppenderDaemon] INFO  leader.LogAppenderDaemon (LogAppenderDaemon.java:run(85)) - s0@group-9E8EDFB42C9C->s4-LogAppenderDefault-LogAppenderDaemon was interrupted: java.lang.InterruptedException
2025-02-11 20:20:43,347 [s1-impl-thread1] INFO  raftlog.RaftLog (SegmentedRaftLog.java:close(569)) - Start closing s1@group-9E8EDFB42C9C-SegmentedRaftLog:OPENED:c1:last(t:1, i:2)
2025-02-11 20:20:43,342 [HandlerDaemon-2] INFO  simulation.RequestHandler (RequestHandler.java:run(127)) - s4.serverHandler2 is interrupted by java.io.InterruptedIOException: 
2025-02-11 20:20:43,347 [s1@group-9E8EDFB42C9C-cacheEviction-AwaitToRun] INFO  util.AwaitToRun (AwaitToRun.java:run(49)) - s1@group-9E8EDFB42C9C-cacheEviction-AwaitToRun-AwaitForSignal is interrupted
2025-02-11 20:20:43,347 [s1-impl-thread1] INFO  segmented.LogSegment (LogSegment.java:close(350)) - Successfully closed EntryCache-log_inprogress_0
2025-02-11 20:20:43,342 [s0@group-9E8EDFB42C9C->s2-LogAppenderDefault-LogAppenderDaemon] INFO  leader.LogAppenderDaemon (LogAppenderDaemon.java:run(85)) - s0@group-9E8EDFB42C9C->s2-LogAppenderDefault-LogAppenderDaemon was interrupted: java.lang.InterruptedException
2025-02-11 20:20:43,342 [s1@group-9E8EDFB42C9C-FollowerState] INFO  impl.FollowerState (FollowerState.java:runImpl(170)) - s1@group-9E8EDFB42C9C-FollowerState was interrupted
2025-02-11 20:20:43,342 [s0-impl-thread1] INFO  impl.PendingRequests (PendingRequests.java:sendNotLeaderResponses(287)) - s0@group-9E8EDFB42C9C-PendingRequests: sendNotLeaderResponses
2025-02-11 20:20:43,342 [s4-impl-thread1] INFO  impl.RoleInfo (RoleInfo.java:shutdownFollowerState(121)) - s4: shutdown s4@group-9E8EDFB42C9C-FollowerState
2025-02-11 20:20:43,340 [s2-impl-thread1] INFO  util.JmxRegister (JmxRegister.java:unregister(74)) - Successfully un-registered JMX Bean with object name Ratis:service=RaftServer,group=group-9E8EDFB42C9C,id=s2
2025-02-11 20:20:43,348 [s2-impl-thread1] INFO  impl.RoleInfo (RoleInfo.java:shutdownFollowerState(121)) - s2: shutdown s2@group-9E8EDFB42C9C-FollowerState
2025-02-11 20:20:43,348 [s2-impl-thread1] INFO  impl.StateMachineUpdater (StateMachineUpdater.java:stopAndJoin(164)) - s2@group-9E8EDFB42C9C-StateMachineUpdater: set stopIndex = 1
2025-02-11 20:20:43,349 [s4-impl-thread1] INFO  impl.StateMachineUpdater (StateMachineUpdater.java:stopAndJoin(164)) - s4@group-9E8EDFB42C9C-StateMachineUpdater: set stopIndex = 1
2025-02-11 20:20:43,340 [HandlerDaemon-0] INFO  simulation.RequestHandler (RequestHandler.java:run(127)) - s3.serverHandler0 is interrupted by java.io.InterruptedIOException: 
2025-02-11 20:20:43,349 [s2@group-9E8EDFB42C9C-FollowerState] INFO  impl.FollowerState (FollowerState.java:runImpl(170)) - s2@group-9E8EDFB42C9C-FollowerState was interrupted
2025-02-11 20:20:43,349 [s4@group-9E8EDFB42C9C-FollowerState] INFO  impl.FollowerState (FollowerState.java:runImpl(170)) - s4@group-9E8EDFB42C9C-FollowerState was interrupted
2025-02-11 20:20:43,349 [s2@group-9E8EDFB42C9C-StateMachineUpdater] INFO  impl.StateMachineUpdater (StateMachineUpdater.java:stop(141)) - s2@group-9E8EDFB42C9C-StateMachineUpdater: closing BaseStateMachine, lastApplied=(t:1, i:1)
2025-02-11 20:20:43,344 [HandlerDaemon-1] INFO  simulation.RequestHandler (RequestHandler.java:run(127)) - s0.serverHandler1 is interrupted by java.io.InterruptedIOException: 
2025-02-11 20:20:43,344 [HandlerDaemon-0] INFO  simulation.RequestHandler (RequestHandler.java:run(127)) - s0.serverHandler0 is interrupted by java.io.InterruptedIOException: 
2025-02-11 20:20:43,350 [s2-impl-thread1] INFO  raftlog.RaftLog (SegmentedRaftLog.java:close(569)) - Start closing s2@group-9E8EDFB42C9C-SegmentedRaftLog:OPENED:c1:last(t:1, i:2)
2025-02-11 20:20:43,349 [s4@group-9E8EDFB42C9C-StateMachineUpdater] INFO  impl.StateMachineUpdater (StateMachineUpdater.java:stop(141)) - s4@group-9E8EDFB42C9C-StateMachineUpdater: closing BaseStateMachine, lastApplied=(t:1, i:1)
2025-02-11 20:20:43,351 [s2@group-9E8EDFB42C9C-cacheEviction-AwaitToRun] INFO  util.AwaitToRun (AwaitToRun.java:run(49)) - s2@group-9E8EDFB42C9C-cacheEviction-AwaitToRun-AwaitForSignal is interrupted
2025-02-11 20:20:43,351 [s2-impl-thread1] INFO  segmented.LogSegment (LogSegment.java:close(350)) - Successfully closed EntryCache-log_inprogress_0
2025-02-11 20:20:43,352 [s4-impl-thread1] INFO  raftlog.RaftLog (SegmentedRaftLog.java:close(569)) - Start closing s4@group-9E8EDFB42C9C-SegmentedRaftLog:OPENED:c1:last(t:1, i:2)
2025-02-11 20:20:43,352 [s4@group-9E8EDFB42C9C-cacheEviction-AwaitToRun] INFO  util.AwaitToRun (AwaitToRun.java:run(49)) - s4@group-9E8EDFB42C9C-cacheEviction-AwaitToRun-AwaitForSignal is interrupted
2025-02-11 20:20:43,352 [s4-impl-thread1] INFO  segmented.LogSegment (LogSegment.java:close(350)) - Successfully closed EntryCache-log_inprogress_0
2025-02-11 20:20:43,353 [s0-impl-thread1] INFO  impl.StateMachineUpdater (StateMachineUpdater.java:stopAndJoin(164)) - s0@group-9E8EDFB42C9C-StateMachineUpdater: set stopIndex = 2
2025-02-11 20:20:43,353 [s0@group-9E8EDFB42C9C-StateMachineUpdater] INFO  impl.StateMachineUpdater (StateMachineUpdater.java:stop(141)) - s0@group-9E8EDFB42C9C-StateMachineUpdater: closing BaseStateMachine, lastApplied=(t:1, i:2)
2025-02-11 20:20:43,353 [s0-impl-thread1] INFO  raftlog.RaftLog (SegmentedRaftLog.java:close(569)) - Start closing s0@group-9E8EDFB42C9C-SegmentedRaftLog:OPENED:c2:last(t:1, i:2)
2025-02-11 20:20:43,353 [s0@group-9E8EDFB42C9C-cacheEviction-AwaitToRun] INFO  util.AwaitToRun (AwaitToRun.java:run(49)) - s0@group-9E8EDFB42C9C-cacheEviction-AwaitToRun-AwaitForSignal is interrupted
2025-02-11 20:20:43,354 [s0-impl-thread1] INFO  segmented.LogSegment (LogSegment.java:close(350)) - Successfully closed EntryCache-log_inprogress_0
2025-02-11 20:20:44,337 [main] WARN  impl.MiniRaftCluster (MiniRaftCluster.java:shutdown(871)) - 1/30: Not yet able to shutdown executor, will wait again ...
2025-02-11 20:20:44,347 [s0-impl-thread1] INFO  segmented.SegmentedRaftLogWorker (SegmentedRaftLogWorker.java:close(254)) - s0@group-9E8EDFB42C9C-SegmentedRaftLogWorker close()
2025-02-11 20:20:44,347 [s2-impl-thread1] INFO  segmented.SegmentedRaftLogWorker (SegmentedRaftLogWorker.java:close(254)) - s2@group-9E8EDFB42C9C-SegmentedRaftLogWorker close()
2025-02-11 20:20:44,347 [s4-impl-thread1] INFO  segmented.SegmentedRaftLogWorker (SegmentedRaftLogWorker.java:close(254)) - s4@group-9E8EDFB42C9C-SegmentedRaftLogWorker close()
2025-02-11 20:20:44,347 [s1-impl-thread1] INFO  segmented.SegmentedRaftLogWorker (SegmentedRaftLogWorker.java:close(254)) - s1@group-9E8EDFB42C9C-SegmentedRaftLogWorker close()
2025-02-11 20:20:44,348 [s3-impl-thread1] INFO  segmented.SegmentedRaftLogWorker (SegmentedRaftLogWorker.java:close(254)) - s3@group-9E8EDFB42C9C-SegmentedRaftLogWorker close()
2025-02-11 20:20:44,351 [s0-impl-thread1] INFO  raftlog.RaftLog (SegmentedRaftLog.java:close(577)) - Successfully closed s0@group-9E8EDFB42C9C-SegmentedRaftLog:CLOSED:c2
2025-02-11 20:20:44,352 [s2-impl-thread1] INFO  raftlog.RaftLog (SegmentedRaftLog.java:close(577)) - Successfully closed s2@group-9E8EDFB42C9C-SegmentedRaftLog:CLOSED:c1
2025-02-11 20:20:44,352 [s4-impl-thread1] INFO  raftlog.RaftLog (SegmentedRaftLog.java:close(577)) - Successfully closed s4@group-9E8EDFB42C9C-SegmentedRaftLog:CLOSED:c1
2025-02-11 20:20:44,352 [s1-impl-thread1] INFO  raftlog.RaftLog (SegmentedRaftLog.java:close(577)) - Successfully closed s1@group-9E8EDFB42C9C-SegmentedRaftLog:CLOSED:c1
2025-02-11 20:20:44,352 [s3-impl-thread1] INFO  raftlog.RaftLog (SegmentedRaftLog.java:close(577)) - Successfully closed s3@group-9E8EDFB42C9C-SegmentedRaftLog:CLOSED:c1
2025-02-11 20:20:44,359 [JvmPauseMonitor2] INFO  util.JvmPauseMonitor (JvmPauseMonitor.java:run(152)) - JvmPauseMonitor-s0: Stopped
2025-02-11 20:20:44,361 [JvmPauseMonitor0] INFO  util.JvmPauseMonitor (JvmPauseMonitor.java:run(152)) - JvmPauseMonitor-s3: Stopped
2025-02-11 20:20:44,362 [JvmPauseMonitor3] INFO  util.JvmPauseMonitor (JvmPauseMonitor.java:run(152)) - JvmPauseMonitor-s1: Stopped
2025-02-11 20:20:44,362 [JvmPauseMonitor4] INFO  util.JvmPauseMonitor (JvmPauseMonitor.java:run(152)) - JvmPauseMonitor-s2: Stopped
2025-02-11 20:20:44,362 [JvmPauseMonitor1] INFO  util.JvmPauseMonitor (JvmPauseMonitor.java:run(152)) - JvmPauseMonitor-s4: Stopped
2025-02-11 20:20:44,362 [main] INFO  impl.MiniRaftCluster (MiniRaftCluster.java:shutdown(883)) - MiniRaftClusterWithSimulatedRpc shutdown completed
2025-02-11 20:20:44,363 [main] INFO  ratis.RaftTestUtil (RaftTestUtil.java:gc(596)) - gc 0
]]></system-out>
  </testcase>
  <testcase name="testBasicAppendEntries" classname="org.apache.ratis.server.simulation.TestRaftWithSimulatedRpc" time="6.939"/>
  <testcase name="testBasicAppendEntriesKillLeader" classname="org.apache.ratis.server.simulation.TestRaftWithSimulatedRpc" time="11.668"/>
  <testcase name="testOldLeaderCommit" classname="org.apache.ratis.server.simulation.TestRaftWithSimulatedRpc" time="5.531"/>
  <testcase name="testWithLoad" classname="org.apache.ratis.server.simulation.TestRaftWithSimulatedRpc" time="37.555"/>
  <testcase name="testOldLeaderNotCommit" classname="org.apache.ratis.server.simulation.TestRaftWithSimulatedRpc" time="6.771"/>
</testsuite>