<?xml version="1.0" encoding="UTF-8"?>
<testsuite xmlns:xsi="http://www.w3.org/2001/XMLSchema-instance" xsi:noNamespaceSchemaLocation="https://maven.apache.org/surefire/maven-surefire-plugin/xsd/surefire-test-report-3.0.xsd" version="3.0" name="org.apache.ratis.netty.TestLeaderElectionWithNetty" time="114.065" tests="24" errors="1" skipped="0" failures="0">
  <properties>
    <property name="awt.toolkit" value="sun.awt.X11.XToolkit"/>
    <property name="file.encoding.pkg" value="sun.io"/>
    <property name="java.specification.version" value="1.8"/>
    <property name="sun.cpu.isalist" value=""/>
    <property name="sun.jnu.encoding" value="UTF-8"/>
    <property name="java.class.path" value="/home/runner/work/ratis/ratis/ratis-test/target/test-classes:/home/runner/work/ratis/ratis/ratis-test/target/classes:/home/runner/work/ratis/ratis/ratis-common/target/classes:/home/runner/.m2/repository/org/apache/ratis/ratis-thirdparty-misc/1.0.6/ratis-thirdparty-misc-1.0.6.jar:/home/runner/work/ratis/ratis/ratis-proto/target/classes:/home/runner/work/ratis/ratis/ratis-common/target/test-classes:/home/runner/work/ratis/ratis/ratis-client/target/classes:/home/runner/work/ratis/ratis/ratis-server/target/classes:/home/runner/work/ratis/ratis/ratis-server-api/target/classes:/home/runner/work/ratis/ratis/ratis-metrics-api/target/classes:/home/runner/work/ratis/ratis/ratis-server/target/test-classes:/home/runner/work/ratis/ratis/ratis-metrics-default/target/classes:/home/runner/work/ratis/ratis/ratis-netty/target/classes:/home/runner/work/ratis/ratis/ratis-netty/target/test-classes:/home/runner/work/ratis/ratis/ratis-grpc/target/classes:/home/runner/work/ratis/ratis/ratis-grpc/target/test-classes:/home/runner/work/ratis/ratis/ratis-shell/target/classes:/home/runner/.m2/repository/commons-cli/commons-cli/1.5.0/commons-cli-1.5.0.jar:/home/runner/.m2/repository/org/reflections/reflections/0.10.2/reflections-0.10.2.jar:/home/runner/.m2/repository/org/javassist/javassist/3.28.0-GA/javassist-3.28.0-GA.jar:/home/runner/.m2/repository/com/google/code/findbugs/jsr305/3.0.2/jsr305-3.0.2.jar:/home/runner/.m2/repository/org/bouncycastle/bcprov-jdk18on/1.78.1/bcprov-jdk18on-1.78.1.jar:/home/runner/.m2/repository/org/bouncycastle/bcpkix-jdk18on/1.78.1/bcpkix-jdk18on-1.78.1.jar:/home/runner/.m2/repository/org/bouncycastle/bcutil-jdk18on/1.78.1/bcutil-jdk18on-1.78.1.jar:/home/runner/.m2/repository/org/slf4j/slf4j-api/2.0.7/slf4j-api-2.0.7.jar:/home/runner/.m2/repository/org/slf4j/slf4j-reload4j/2.0.7/slf4j-reload4j-2.0.7.jar:/home/runner/.m2/repository/ch/qos/reload4j/reload4j/1.2.22/reload4j-1.2.22.jar:/home/runner/.m2/repository/junit/junit/4.13.2/junit-4.13.2.jar:/home/runner/.m2/repository/org/hamcrest/hamcrest-core/1.3/hamcrest-core-1.3.jar:/home/runner/.m2/repository/org/junit/jupiter/junit-jupiter-engine/5.11.2/junit-jupiter-engine-5.11.2.jar:/home/runner/.m2/repository/org/junit/platform/junit-platform-engine/1.11.2/junit-platform-engine-1.11.2.jar:/home/runner/.m2/repository/org/apiguardian/apiguardian-api/1.1.2/apiguardian-api-1.1.2.jar:/home/runner/.m2/repository/org/junit/jupiter/junit-jupiter-api/5.11.2/junit-jupiter-api-5.11.2.jar:/home/runner/.m2/repository/org/opentest4j/opentest4j/1.3.0/opentest4j-1.3.0.jar:/home/runner/.m2/repository/org/junit/platform/junit-platform-commons/1.11.2/junit-platform-commons-1.11.2.jar:/home/runner/.m2/repository/org/junit/jupiter/junit-jupiter-params/5.11.2/junit-jupiter-params-5.11.2.jar:/home/runner/.m2/repository/org/mockito/mockito-core/4.3.1/mockito-core-4.3.1.jar:/home/runner/.m2/repository/net/bytebuddy/byte-buddy/1.12.7/byte-buddy-1.12.7.jar:/home/runner/.m2/repository/net/bytebuddy/byte-buddy-agent/1.12.7/byte-buddy-agent-1.12.7.jar:/home/runner/.m2/repository/org/objenesis/objenesis/3.2/objenesis-3.2.jar:"/>
    <property name="java.vm.vendor" value="Temurin"/>
    <property name="sun.arch.data.model" value="64"/>
    <property name="java.vendor.url" value="https://adoptium.net/"/>
    <property name="user.timezone" value="Etc/UTC"/>
    <property name="java.vm.specification.version" value="1.8"/>
    <property name="os.name" value="Linux"/>
    <property name="sun.java.launcher" value="SUN_STANDARD"/>
    <property name="sun.boot.library.path" value="/usr/lib/jvm/temurin-8-jdk-amd64/jre/lib/amd64"/>
    <property name="sun.java.command" value="/home/runner/work/ratis/ratis/ratis-test/target/surefire/surefirebooter6140454772075417828.jar /home/runner/work/ratis/ratis/ratis-test/target/surefire 2024-10-07T19-09-49_107-jvmRun1 surefire4225594240431498232tmp surefire_87259244046332625190tmp"/>
    <property name="surefire.test.class.path" value="/home/runner/work/ratis/ratis/ratis-test/target/test-classes:/home/runner/work/ratis/ratis/ratis-test/target/classes:/home/runner/work/ratis/ratis/ratis-common/target/classes:/home/runner/.m2/repository/org/apache/ratis/ratis-thirdparty-misc/1.0.6/ratis-thirdparty-misc-1.0.6.jar:/home/runner/work/ratis/ratis/ratis-proto/target/classes:/home/runner/work/ratis/ratis/ratis-common/target/test-classes:/home/runner/work/ratis/ratis/ratis-client/target/classes:/home/runner/work/ratis/ratis/ratis-server/target/classes:/home/runner/work/ratis/ratis/ratis-server-api/target/classes:/home/runner/work/ratis/ratis/ratis-metrics-api/target/classes:/home/runner/work/ratis/ratis/ratis-server/target/test-classes:/home/runner/work/ratis/ratis/ratis-metrics-default/target/classes:/home/runner/work/ratis/ratis/ratis-netty/target/classes:/home/runner/work/ratis/ratis/ratis-netty/target/test-classes:/home/runner/work/ratis/ratis/ratis-grpc/target/classes:/home/runner/work/ratis/ratis/ratis-grpc/target/test-classes:/home/runner/work/ratis/ratis/ratis-shell/target/classes:/home/runner/.m2/repository/commons-cli/commons-cli/1.5.0/commons-cli-1.5.0.jar:/home/runner/.m2/repository/org/reflections/reflections/0.10.2/reflections-0.10.2.jar:/home/runner/.m2/repository/org/javassist/javassist/3.28.0-GA/javassist-3.28.0-GA.jar:/home/runner/.m2/repository/com/google/code/findbugs/jsr305/3.0.2/jsr305-3.0.2.jar:/home/runner/.m2/repository/org/bouncycastle/bcprov-jdk18on/1.78.1/bcprov-jdk18on-1.78.1.jar:/home/runner/.m2/repository/org/bouncycastle/bcpkix-jdk18on/1.78.1/bcpkix-jdk18on-1.78.1.jar:/home/runner/.m2/repository/org/bouncycastle/bcutil-jdk18on/1.78.1/bcutil-jdk18on-1.78.1.jar:/home/runner/.m2/repository/org/slf4j/slf4j-api/2.0.7/slf4j-api-2.0.7.jar:/home/runner/.m2/repository/org/slf4j/slf4j-reload4j/2.0.7/slf4j-reload4j-2.0.7.jar:/home/runner/.m2/repository/ch/qos/reload4j/reload4j/1.2.22/reload4j-1.2.22.jar:/home/runner/.m2/repository/junit/junit/4.13.2/junit-4.13.2.jar:/home/runner/.m2/repository/org/hamcrest/hamcrest-core/1.3/hamcrest-core-1.3.jar:/home/runner/.m2/repository/org/junit/jupiter/junit-jupiter-engine/5.11.2/junit-jupiter-engine-5.11.2.jar:/home/runner/.m2/repository/org/junit/platform/junit-platform-engine/1.11.2/junit-platform-engine-1.11.2.jar:/home/runner/.m2/repository/org/apiguardian/apiguardian-api/1.1.2/apiguardian-api-1.1.2.jar:/home/runner/.m2/repository/org/junit/jupiter/junit-jupiter-api/5.11.2/junit-jupiter-api-5.11.2.jar:/home/runner/.m2/repository/org/opentest4j/opentest4j/1.3.0/opentest4j-1.3.0.jar:/home/runner/.m2/repository/org/junit/platform/junit-platform-commons/1.11.2/junit-platform-commons-1.11.2.jar:/home/runner/.m2/repository/org/junit/jupiter/junit-jupiter-params/5.11.2/junit-jupiter-params-5.11.2.jar:/home/runner/.m2/repository/org/mockito/mockito-core/4.3.1/mockito-core-4.3.1.jar:/home/runner/.m2/repository/net/bytebuddy/byte-buddy/1.12.7/byte-buddy-1.12.7.jar:/home/runner/.m2/repository/net/bytebuddy/byte-buddy-agent/1.12.7/byte-buddy-agent-1.12.7.jar:/home/runner/.m2/repository/org/objenesis/objenesis/3.2/objenesis-3.2.jar:"/>
    <property name="sun.cpu.endian" value="little"/>
    <property name="user.home" value="/home/runner"/>
    <property name="user.language" value="en"/>
    <property name="java.specification.vendor" value="Oracle Corporation"/>
    <property name="java.home" value="/usr/lib/jvm/temurin-8-jdk-amd64/jre"/>
    <property name="basedir" value="/home/runner/work/ratis/ratis/ratis-test"/>
    <property name="file.separator" value="/"/>
    <property name="line.separator" value="&#10;"/>
    <property name="java.vm.specification.vendor" value="Oracle Corporation"/>
    <property name="java.specification.name" value="Java Platform API Specification"/>
    <property name="java.awt.graphicsenv" value="sun.awt.X11GraphicsEnvironment"/>
    <property name="surefire.real.class.path" value="/home/runner/work/ratis/ratis/ratis-test/target/surefire/surefirebooter6140454772075417828.jar:/home/runner/.m2/repository/org/jacoco/org.jacoco.agent/0.8.12/org.jacoco.agent-0.8.12-runtime.jar"/>
    <property name="sun.boot.class.path" value="/usr/lib/jvm/temurin-8-jdk-amd64/jre/lib/resources.jar:/usr/lib/jvm/temurin-8-jdk-amd64/jre/lib/rt.jar:/usr/lib/jvm/temurin-8-jdk-amd64/jre/lib/sunrsasign.jar:/usr/lib/jvm/temurin-8-jdk-amd64/jre/lib/jsse.jar:/usr/lib/jvm/temurin-8-jdk-amd64/jre/lib/jce.jar:/usr/lib/jvm/temurin-8-jdk-amd64/jre/lib/charsets.jar:/usr/lib/jvm/temurin-8-jdk-amd64/jre/lib/jfr.jar:/usr/lib/jvm/temurin-8-jdk-amd64/jre/classes"/>
    <property name="sun.management.compiler" value="HotSpot 64-Bit Tiered Compilers"/>
    <property name="java.runtime.version" value="1.8.0_422-b05"/>
    <property name="java.net.preferIPv4Stack" value="true"/>
    <property name="user.name" value="runner"/>
    <property name="path.separator" value=":"/>
    <property name="os.version" value="5.15.0-1073-azure"/>
    <property name="java.endorsed.dirs" value="/usr/lib/jvm/temurin-8-jdk-amd64/jre/lib/endorsed"/>
    <property name="java.runtime.name" value="OpenJDK Runtime Environment"/>
    <property name="file.encoding" value="UTF-8"/>
    <property name="java.vm.name" value="OpenJDK 64-Bit Server VM"/>
    <property name="localRepository" value="/home/runner/.m2/repository"/>
    <property name="java.vendor.url.bug" value="https://github.com/adoptium/adoptium-support/issues"/>
    <property name="java.io.tmpdir" value="/tmp"/>
    <property name="java.version" value="1.8.0_422"/>
    <property name="user.dir" value="/home/runner/work/ratis/ratis/ratis-test"/>
    <property name="os.arch" value="amd64"/>
    <property name="ratis.tmp.dir" value="/home/runner/work/ratis/ratis/ratis-test/target/tmp"/>
    <property name="java.vm.specification.name" value="Java Virtual Machine Specification"/>
    <property name="java.awt.printerjob" value="sun.print.PSPrinterJob"/>
    <property name="ratis.log.dir" value="/home/runner/work/ratis/ratis/ratis-test/target/log"/>
    <property name="sun.os.patch.level" value="unknown"/>
    <property name="java.library.path" value="/usr/java/packages/lib/amd64:/usr/lib64:/lib64:/lib:/usr/lib"/>
    <property name="java.vm.info" value="mixed mode"/>
    <property name="java.vendor" value="Temurin"/>
    <property name="java.vm.version" value="25.422-b05"/>
    <property name="java.specification.maintenance.version" value="5"/>
    <property name="java.ext.dirs" value="/usr/lib/jvm/temurin-8-jdk-amd64/jre/lib/ext:/usr/java/packages/lib/ext"/>
    <property name="sun.io.unicode.encoding" value="UnicodeLittle"/>
    <property name="java.class.version" value="52.0"/>
  </properties>
  <testcase name="testAddFollowerWhenExistsListener" classname="org.apache.ratis.netty.TestLeaderElectionWithNetty" time="3.422"/>
  <testcase name="testRemoveListener" classname="org.apache.ratis.netty.TestLeaderElectionWithNetty" time="1.914"/>
  <testcase name="testLostMajorityHeartbeats" classname="org.apache.ratis.netty.TestLeaderElectionWithNetty" time="1.945"/>
  <testcase name="testLateServerStart" classname="org.apache.ratis.netty.TestLeaderElectionWithNetty" time="5.385"/>
  <testcase name="testListenerNotStartLeaderElection" classname="org.apache.ratis.netty.TestLeaderElectionWithNetty" time="1.432"/>
  <testcase name="testPreVote" classname="org.apache.ratis.netty.TestLeaderElectionWithNetty" time="5.791"/>
  <testcase name="testListenerRejectRequestVote" classname="org.apache.ratis.netty.TestLeaderElectionWithNetty" time="1.506"/>
  <testcase name="testAddListener" classname="org.apache.ratis.netty.TestLeaderElectionWithNetty" time="1.837"/>
  <testcase name="testTransferLeaderTimeout" classname="org.apache.ratis.netty.TestLeaderElectionWithNetty" time="6.798"/>
  <testcase name="testBasicLeaderElection" classname="org.apache.ratis.netty.TestLeaderElectionWithNetty" time="46.303">
    <error type="java.lang.IllegalStateException"><![CDATA[java.lang.IllegalStateException: 
No leader yet : printing ALL groups
  s3:  RUNNING  FOLLOWER s3@group-F5D0649D4159:t1, leader=null, voted=null, raftlog=Memoized:s3@group-F5D0649D4159-SegmentedRaftLog:OPENED:c-1:lastnull, conf=conf: {index: -1, cur=peers:[s3|localhost:15152, s4|localhost:15156, s0|localhost:15140, s1|localhost:15144, s2|localhost:15148]|listeners:[], old=null} RUNNING
  s4:   CLOSED    LEADER s4@group-F5D0649D4159:t2, leader=s4, voted=s4, raftlog=Memoized:s4@group-F5D0649D4159-SegmentedRaftLog:CLOSED:c2, conf=conf: {index: 1, cur=peers:[s3|localhost:15152, s4|localhost:15156, s0|localhost:15140, s1|localhost:15144, s2|localhost:15148]|listeners:[], old=null} CLOSED
  s0:  RUNNING CANDIDATE s0@group-F5D0649D4159:t2, leader=null, voted=s4, raftlog=Memoized:s0@group-F5D0649D4159-SegmentedRaftLog:OPENED:c2:last(t:2, i:2), conf=conf: {index: 1, cur=peers:[s3|localhost:15152, s4|localhost:15156, s0|localhost:15140, s1|localhost:15144, s2|localhost:15148]|listeners:[], old=null} RUNNING
  s1:  RUNNING CANDIDATE s1@group-F5D0649D4159:t2, leader=null, voted=s4, raftlog=Memoized:s1@group-F5D0649D4159-SegmentedRaftLog:OPENED:c2:last(t:2, i:2), conf=conf: {index: 1, cur=peers:[s3|localhost:15152, s4|localhost:15156, s0|localhost:15140, s1|localhost:15144, s2|localhost:15148]|listeners:[], old=null} RUNNING
  s2:   CLOSED    LEADER s2@group-F5D0649D4159:t1, leader=s2, voted=s2, raftlog=Memoized:s2@group-F5D0649D4159-SegmentedRaftLog:CLOSED:c0, conf=conf: {index: 0, cur=peers:[s3|localhost:15152, s4|localhost:15156, s0|localhost:15140, s1|localhost:15144, s2|localhost:15148]|listeners:[], old=null} CLOSED
	at org.apache.ratis.server.impl.MiniRaftCluster.newIllegalStateExceptionForNoLeaders(MiniRaftCluster.java:587)
	at org.apache.ratis.RaftTestUtil.lambda$waitForLeader$1(RaftTestUtil.java:111)
	at org.apache.ratis.server.impl.MiniRaftCluster.getLeader(MiniRaftCluster.java:621)
	at org.apache.ratis.server.impl.MiniRaftCluster.getLeader(MiniRaftCluster.java:614)
	at org.apache.ratis.RaftTestUtil.lambda$waitForLeader$3(RaftTestUtil.java:120)
	at org.apache.ratis.util.JavaUtils.attempt(JavaUtils.java:225)
	at org.apache.ratis.RaftTestUtil.waitForLeader(RaftTestUtil.java:118)
	at org.apache.ratis.RaftTestUtil.waitForLeader(RaftTestUtil.java:99)
	at org.apache.ratis.RaftTestUtil.waitForLeader(RaftTestUtil.java:94)
	at org.apache.ratis.RaftTestUtil.waitAndKillLeader(RaftTestUtil.java:144)
	at org.apache.ratis.server.impl.LeaderElectionTests.testBasicLeaderElection(LeaderElectionTests.java:93)
	at java.lang.reflect.Method.invoke(Method.java:498)
	at java.util.ArrayList.forEach(ArrayList.java:1259)
	at java.util.ArrayList.forEach(ArrayList.java:1259)
]]></error>
    <system-out><![CDATA[2024-10-07 19:12:00,186 [main] INFO  util.LogUtils (Slf4jUtils.java:setLogLevel(38)) - Successfully set org.apache.ratis.conf.ConfUtils log level to WARN
2024-10-07 19:12:00,186 [main] INFO  util.LogUtils (Slf4jUtils.java:setLogLevel(38)) - Successfully set org.apache.ratis.util.FileUtils log level to TRACE
2024-10-07 19:12:00,186 [main] INFO  util.LogUtils (Slf4jUtils.java:setLogLevel(38)) - Successfully set org.apache.ratis.server.RaftServer$Division log level to DEBUG
2024-10-07 19:12:00,186 [main] INFO  util.LogUtils (Slf4jUtils.java:setLogLevel(38)) - Successfully set org.apache.ratis.client.RaftClient log level to DEBUG
2024-10-07 19:12:00,187 [main] INFO  netty.TestLeaderElectionWithNetty (LeaderElectionTests.java:testBasicLeaderElection(88)) - Running testBasicLeaderElection
2024-10-07 19:12:00,188 [main] INFO  impl.MiniRaftCluster (MiniRaftCluster.java:<init>(309)) - new MiniRaftClusterWithNetty with group-F5D0649D4159:[s3|localhost:15152, s4|localhost:15156, s0|localhost:15140, s1|localhost:15144, s2|localhost:15148]
2024-10-07 19:12:00,188 [main] INFO  impl.MiniRaftCluster (MiniRaftCluster.java:start(342)) - .............................................................. 
2024-10-07 19:12:00,189 [main] INFO  impl.MiniRaftCluster (MiniRaftCluster.java:start(343)) - ... 
2024-10-07 19:12:00,189 [main] INFO  impl.MiniRaftCluster (MiniRaftCluster.java:start(344)) - ...     Starting MiniRaftClusterWithNetty
2024-10-07 19:12:00,189 [main] INFO  impl.MiniRaftCluster (MiniRaftCluster.java:start(345)) - ... 
2024-10-07 19:12:00,189 [main] INFO  impl.MiniRaftCluster (MiniRaftCluster.java:start(346)) - .............................................................. 
2024-10-07 19:12:00,189 [main] INFO  impl.MiniRaftCluster (MiniRaftCluster.java:initServers(321)) - servers = {}
2024-10-07 19:12:00,189 [main] INFO  impl.MiniRaftCluster (MiniRaftCluster.java:newRaftServer(386)) - newRaftServer: s3, group-F5D0649D4159:[s3|localhost:15152, s4|localhost:15156, s0|localhost:15140, s1|localhost:15144, s2|localhost:15148], format? true
2024-10-07 19:12:00,189 [main] TRACE util.FileUtils (FileUtils.java:deleteFully(305)) - deleteFully target/test/data/bef150af/MiniRaftClusterWithNettya9d77aa8/s3
2024-10-07 19:12:00,189 [main] TRACE util.FileUtils (FileUtils.java:deleteFully(318)) - deleteFully: target/test/data/bef150af/MiniRaftClusterWithNettya9d77aa8/s3 does not exist.
2024-10-07 19:12:00,189 [main] INFO  impl.MiniRaftCluster (MiniRaftCluster.java:newRaftServer(391)) - Formatted directory target/test/data/bef150af/MiniRaftClusterWithNettya9d77aa8/s3
2024-10-07 19:12:00,190 [main] INFO  server.RaftServer (ConfUtils.java:logGet(46)) - raft.rpc.type = NETTY (custom)
2024-10-07 19:12:00,190 [main] INFO  netty.NettyConfigKeys$Server (ConfUtils.java:logGet(46)) - raft.netty.server.use-epoll = true (default)
2024-10-07 19:12:00,190 [main] INFO  netty.NettyUtils (NettyUtils.java:newEventLoopGroup(74)) - Create EpollEventLoopGroup for NettyRpcService-bossGroup; Thread size is 0.
2024-10-07 19:12:00,190 [main] INFO  netty.NettyUtils (NettyUtils.java:newEventLoopGroup(74)) - Create EpollEventLoopGroup for NettyRpcService-workerGroup; Thread size is 0.
2024-10-07 19:12:00,191 [main] INFO  netty.NettyConfigKeys$Server (ConfUtils.java:logGet(46)) - raft.netty.server.host = null (default)
2024-10-07 19:12:00,191 [main] INFO  netty.NettyConfigKeys$Server (ConfUtils.java:logGet(46)) - raft.netty.server.port = 15152 (custom)
2024-10-07 19:12:00,191 [main] INFO  impl.DataStreamServerImpl (ConfUtils.java:logGet(46)) - raft.datastream.type = DISABLED (default)
2024-10-07 19:12:00,191 [main] INFO  server.RaftServerConfigKeys (ConfUtils.java:logGet(46)) - raft.server.sleep.deviation.threshold = 300ms (default)
2024-10-07 19:12:00,191 [main] INFO  server.RaftServerConfigKeys (ConfUtils.java:logGet(46)) - raft.server.close.threshold = 60s (default)
2024-10-07 19:12:00,191 [main] INFO  server.RaftServerConfigKeys (ConfUtils.java:logGet(46)) - raft.server.leaderelection.leader.step-down.wait-time = 10s (default)
2024-10-07 19:12:00,191 [main] INFO  server.RaftServerConfigKeys (ConfUtils.java:logGet(46)) - raft.server.storage.dir = [/home/runner/work/ratis/ratis/ratis-test/target/test/data/bef150af/MiniRaftClusterWithNettya9d77aa8/s3] (custom)
2024-10-07 19:12:00,192 [main] INFO  server.RaftServerConfigKeys (ConfUtils.java:logGet(46)) - raft.server.threadpool.proxy.cached = true (default)
2024-10-07 19:12:00,192 [main] INFO  server.RaftServerConfigKeys (ConfUtils.java:logGet(46)) - raft.server.threadpool.proxy.size = 0 (default)
2024-10-07 19:12:00,192 [main] INFO  server.RaftServer (RaftServerProxy.java:addNew(101)) - s3: addNew group-F5D0649D4159:[s3|localhost:15152, s4|localhost:15156, s0|localhost:15140, s1|localhost:15144, s2|localhost:15148] returns group-F5D0649D4159:java.util.concurrent.CompletableFuture@4b00d59[Not completed]
2024-10-07 19:12:00,192 [s3-groupManagement] INFO  netty.NettyUtils (NettyUtils.java:newEventLoopGroup(74)) - Create EpollEventLoopGroup for s3; Thread size is 0.
2024-10-07 19:12:00,193 [main] INFO  impl.MiniRaftCluster (MiniRaftCluster.java:newRaftServer(386)) - newRaftServer: s4, group-F5D0649D4159:[s3|localhost:15152, s4|localhost:15156, s0|localhost:15140, s1|localhost:15144, s2|localhost:15148], format? true
2024-10-07 19:12:00,193 [main] TRACE util.FileUtils (FileUtils.java:deleteFully(305)) - deleteFully target/test/data/bef150af/MiniRaftClusterWithNettya9d77aa8/s4
2024-10-07 19:12:00,193 [s3-groupManagement] INFO  server.RaftServer$Division (RaftServerImpl.java:<init>(256)) - s3: new RaftServerImpl for group-F5D0649D4159:[s3|localhost:15152, s4|localhost:15156, s0|localhost:15140, s1|localhost:15144, s2|localhost:15148] with BaseStateMachine:uninitialized
2024-10-07 19:12:00,193 [main] TRACE util.FileUtils (FileUtils.java:deleteFully(318)) - deleteFully: target/test/data/bef150af/MiniRaftClusterWithNettya9d77aa8/s4 does not exist.
2024-10-07 19:12:00,193 [main] INFO  impl.MiniRaftCluster (MiniRaftCluster.java:newRaftServer(391)) - Formatted directory target/test/data/bef150af/MiniRaftClusterWithNettya9d77aa8/s4
2024-10-07 19:12:00,193 [s3-groupManagement] INFO  server.RaftServerConfigKeys (ConfUtils.java:logGet(46)) - raft.server.rpc.timeout.min = 150ms (default)
2024-10-07 19:12:00,193 [s3-groupManagement] INFO  server.RaftServerConfigKeys (ConfUtils.java:logGet(46)) - raft.server.rpc.timeout.max = 300ms (default)
2024-10-07 19:12:00,193 [s3-groupManagement] INFO  server.RaftServerConfigKeys (ConfUtils.java:logGet(46)) - raft.server.rpc.sleep.time = 25ms (default)
2024-10-07 19:12:00,193 [main] INFO  server.RaftServer (ConfUtils.java:logGet(46)) - raft.rpc.type = NETTY (custom)
2024-10-07 19:12:00,193 [s3-groupManagement] INFO  server.RaftServerConfigKeys (ConfUtils.java:logGet(46)) - raft.server.rpc.slowness.timeout = 60s (default)
2024-10-07 19:12:00,193 [main] INFO  netty.NettyConfigKeys$Server (ConfUtils.java:logGet(46)) - raft.netty.server.use-epoll = true (default)
2024-10-07 19:12:00,194 [main] INFO  netty.NettyUtils (NettyUtils.java:newEventLoopGroup(74)) - Create EpollEventLoopGroup for NettyRpcService-bossGroup; Thread size is 0.
2024-10-07 19:12:00,194 [s3-groupManagement] INFO  server.RaftServerConfigKeys (ConfUtils.java:logGet(46)) - raft.server.leaderelection.leader.step-down.wait-time = 10s (default)
2024-10-07 19:12:00,194 [s3-groupManagement] INFO  server.RaftServerConfigKeys (ConfUtils.java:logGet(46)) - raft.server.leaderelection.member.majority-add = false (default)
2024-10-07 19:12:00,194 [s3-groupManagement] INFO  server.RaftServerConfigKeys (ConfUtils.java:logGet(46)) - raft.server.sleep.deviation.threshold = 300ms (default)
2024-10-07 19:12:00,194 [main] INFO  netty.NettyUtils (NettyUtils.java:newEventLoopGroup(74)) - Create EpollEventLoopGroup for NettyRpcService-workerGroup; Thread size is 0.
2024-10-07 19:12:00,194 [s3-groupManagement] INFO  server.RaftServer$Division (ServerState.java:<init>(114)) - s3@group-F5D0649D4159: ConfigurationManager, init=conf: {index: -1, cur=peers:[s3|localhost:15152, s4|localhost:15156, s0|localhost:15140, s1|localhost:15144, s2|localhost:15148]|listeners:[], old=null}, confs=<EMPTY_MAP>
2024-10-07 19:12:00,194 [s3-groupManagement] INFO  server.RaftServerConfigKeys (ConfUtils.java:logGet(46)) - raft.server.notification.no-leader.timeout = 60s (default)
2024-10-07 19:12:00,194 [main] INFO  netty.NettyConfigKeys$Server (ConfUtils.java:logGet(46)) - raft.netty.server.host = null (default)
2024-10-07 19:12:00,194 [s3-groupManagement] INFO  server.RaftServerConfigKeys (ConfUtils.java:logGet(46)) - raft.server.read.timeout = 10s (default)
2024-10-07 19:12:00,194 [main] INFO  netty.NettyConfigKeys$Server (ConfUtils.java:logGet(46)) - raft.netty.server.port = 15156 (custom)
2024-10-07 19:12:00,194 [s3-groupManagement] INFO  server.RaftServerConfigKeys (ConfUtils.java:logGet(46)) - raft.server.retrycache.expirytime = 60s (default)
2024-10-07 19:12:00,195 [main] INFO  impl.DataStreamServerImpl (ConfUtils.java:logGet(46)) - raft.datastream.type = DISABLED (default)
2024-10-07 19:12:00,195 [s3-groupManagement] INFO  server.RaftServerConfigKeys (ConfUtils.java:logGet(46)) - raft.server.retrycache.statistics.expirytime = 100ms (default)
2024-10-07 19:12:00,195 [main] INFO  server.RaftServerConfigKeys (ConfUtils.java:logGet(46)) - raft.server.sleep.deviation.threshold = 300ms (default)
2024-10-07 19:12:00,195 [s3-groupManagement] INFO  server.RaftServerConfigKeys (ConfUtils.java:logGet(46)) - raft.server.read.option = DEFAULT (default)
2024-10-07 19:12:00,195 [main] INFO  server.RaftServerConfigKeys (ConfUtils.java:logGet(46)) - raft.server.close.threshold = 60s (default)
2024-10-07 19:12:00,195 [s3-groupManagement] INFO  server.RaftServerConfigKeys (ConfUtils.java:logGet(46)) - raft.server.read.read-after-write-consistent.write-index-cache.expiry-time = 60s (default)
2024-10-07 19:12:00,195 [main] INFO  server.RaftServerConfigKeys (ConfUtils.java:logGet(46)) - raft.server.leaderelection.leader.step-down.wait-time = 10s (default)
2024-10-07 19:12:00,195 [main] INFO  server.RaftServerConfigKeys (ConfUtils.java:logGet(46)) - raft.server.storage.dir = [/home/runner/work/ratis/ratis/ratis-test/target/test/data/bef150af/MiniRaftClusterWithNettya9d77aa8/s4] (custom)
2024-10-07 19:12:00,196 [main] INFO  server.RaftServerConfigKeys (ConfUtils.java:logGet(46)) - raft.server.threadpool.proxy.cached = true (default)
2024-10-07 19:12:00,196 [main] INFO  server.RaftServerConfigKeys (ConfUtils.java:logGet(46)) - raft.server.threadpool.proxy.size = 0 (default)
2024-10-07 19:12:00,196 [main] INFO  server.RaftServer (RaftServerProxy.java:addNew(101)) - s4: addNew group-F5D0649D4159:[s3|localhost:15152, s4|localhost:15156, s0|localhost:15140, s1|localhost:15144, s2|localhost:15148] returns group-F5D0649D4159:java.util.concurrent.CompletableFuture@2d172c7[Not completed]
2024-10-07 19:12:00,196 [s4-groupManagement] INFO  netty.NettyUtils (NettyUtils.java:newEventLoopGroup(74)) - Create EpollEventLoopGroup for s4; Thread size is 0.
2024-10-07 19:12:00,196 [main] INFO  impl.MiniRaftCluster (MiniRaftCluster.java:newRaftServer(386)) - newRaftServer: s0, group-F5D0649D4159:[s3|localhost:15152, s4|localhost:15156, s0|localhost:15140, s1|localhost:15144, s2|localhost:15148], format? true
2024-10-07 19:12:00,197 [main] TRACE util.FileUtils (FileUtils.java:deleteFully(305)) - deleteFully target/test/data/bef150af/MiniRaftClusterWithNettya9d77aa8/s0
2024-10-07 19:12:00,197 [s4-groupManagement] INFO  server.RaftServer$Division (RaftServerImpl.java:<init>(256)) - s4: new RaftServerImpl for group-F5D0649D4159:[s3|localhost:15152, s4|localhost:15156, s0|localhost:15140, s1|localhost:15144, s2|localhost:15148] with BaseStateMachine:uninitialized
2024-10-07 19:12:00,197 [s4-groupManagement] INFO  server.RaftServerConfigKeys (ConfUtils.java:logGet(46)) - raft.server.rpc.timeout.min = 150ms (default)
2024-10-07 19:12:00,197 [s4-groupManagement] INFO  server.RaftServerConfigKeys (ConfUtils.java:logGet(46)) - raft.server.rpc.timeout.max = 300ms (default)
2024-10-07 19:12:00,197 [s4-groupManagement] INFO  server.RaftServerConfigKeys (ConfUtils.java:logGet(46)) - raft.server.rpc.sleep.time = 25ms (default)
2024-10-07 19:12:00,197 [s4-groupManagement] INFO  server.RaftServerConfigKeys (ConfUtils.java:logGet(46)) - raft.server.rpc.slowness.timeout = 60s (default)
2024-10-07 19:12:00,197 [s4-groupManagement] INFO  server.RaftServerConfigKeys (ConfUtils.java:logGet(46)) - raft.server.leaderelection.leader.step-down.wait-time = 10s (default)
2024-10-07 19:12:00,197 [s4-groupManagement] INFO  server.RaftServerConfigKeys (ConfUtils.java:logGet(46)) - raft.server.leaderelection.member.majority-add = false (default)
2024-10-07 19:12:00,197 [s4-groupManagement] INFO  server.RaftServerConfigKeys (ConfUtils.java:logGet(46)) - raft.server.sleep.deviation.threshold = 300ms (default)
2024-10-07 19:12:00,197 [main] TRACE util.FileUtils (FileUtils.java:deleteFully(318)) - deleteFully: target/test/data/bef150af/MiniRaftClusterWithNettya9d77aa8/s0 does not exist.
2024-10-07 19:12:00,197 [main] INFO  impl.MiniRaftCluster (MiniRaftCluster.java:newRaftServer(391)) - Formatted directory target/test/data/bef150af/MiniRaftClusterWithNettya9d77aa8/s0
2024-10-07 19:12:00,197 [s4-groupManagement] INFO  server.RaftServer$Division (ServerState.java:<init>(114)) - s4@group-F5D0649D4159: ConfigurationManager, init=conf: {index: -1, cur=peers:[s3|localhost:15152, s4|localhost:15156, s0|localhost:15140, s1|localhost:15144, s2|localhost:15148]|listeners:[], old=null}, confs=<EMPTY_MAP>
2024-10-07 19:12:00,198 [s4-groupManagement] INFO  server.RaftServerConfigKeys (ConfUtils.java:logGet(46)) - raft.server.notification.no-leader.timeout = 60s (default)
2024-10-07 19:12:00,198 [s3-groupManagement] INFO  server.RaftServerConfigKeys (ConfUtils.java:logGet(46)) - raft.server.rpc.request.timeout = 3000ms (default)
2024-10-07 19:12:00,198 [main] INFO  server.RaftServer (ConfUtils.java:logGet(46)) - raft.rpc.type = NETTY (custom)
2024-10-07 19:12:00,198 [s3-groupManagement] INFO  server.RaftServerConfigKeys (ConfUtils.java:logGet(46)) - raft.server.log.appender.install.snapshot.enabled = true (default)
2024-10-07 19:12:00,198 [s4-groupManagement] INFO  server.RaftServerConfigKeys (ConfUtils.java:logGet(46)) - raft.server.read.timeout = 10s (default)
2024-10-07 19:12:00,198 [s3-groupManagement] INFO  server.RaftServerConfigKeys (ConfUtils.java:logGet(46)) - raft.server.threadpool.server.cached = true (default)
2024-10-07 19:12:00,198 [main] INFO  netty.NettyConfigKeys$Server (ConfUtils.java:logGet(46)) - raft.netty.server.use-epoll = true (default)
2024-10-07 19:12:00,198 [main] INFO  netty.NettyUtils (NettyUtils.java:newEventLoopGroup(74)) - Create EpollEventLoopGroup for NettyRpcService-bossGroup; Thread size is 0.
2024-10-07 19:12:00,198 [s3-groupManagement] INFO  server.RaftServerConfigKeys (ConfUtils.java:logGet(46)) - raft.server.threadpool.server.size = 0 (default)
2024-10-07 19:12:00,199 [s3-groupManagement] INFO  server.RaftServerConfigKeys (ConfUtils.java:logGet(46)) - raft.server.threadpool.client.cached = true (default)
2024-10-07 19:12:00,199 [main] INFO  netty.NettyUtils (NettyUtils.java:newEventLoopGroup(74)) - Create EpollEventLoopGroup for NettyRpcService-workerGroup; Thread size is 0.
2024-10-07 19:12:00,198 [s4-groupManagement] INFO  server.RaftServerConfigKeys (ConfUtils.java:logGet(46)) - raft.server.retrycache.expirytime = 60s (default)
2024-10-07 19:12:00,199 [s4-groupManagement] INFO  server.RaftServerConfigKeys (ConfUtils.java:logGet(46)) - raft.server.retrycache.statistics.expirytime = 100ms (default)
2024-10-07 19:12:00,199 [s3-groupManagement] INFO  server.RaftServerConfigKeys (ConfUtils.java:logGet(46)) - raft.server.threadpool.client.size = 0 (default)
2024-10-07 19:12:00,199 [main] INFO  netty.NettyConfigKeys$Server (ConfUtils.java:logGet(46)) - raft.netty.server.host = null (default)
2024-10-07 19:12:00,199 [s4-groupManagement] INFO  server.RaftServerConfigKeys (ConfUtils.java:logGet(46)) - raft.server.read.option = DEFAULT (default)
2024-10-07 19:12:00,199 [main] INFO  netty.NettyConfigKeys$Server (ConfUtils.java:logGet(46)) - raft.netty.server.port = 15140 (custom)
2024-10-07 19:12:00,199 [s4-groupManagement] INFO  server.RaftServerConfigKeys (ConfUtils.java:logGet(46)) - raft.server.read.read-after-write-consistent.write-index-cache.expiry-time = 60s (default)
2024-10-07 19:12:00,199 [main] INFO  impl.DataStreamServerImpl (ConfUtils.java:logGet(46)) - raft.datastream.type = DISABLED (default)
2024-10-07 19:12:00,200 [main] INFO  server.RaftServerConfigKeys (ConfUtils.java:logGet(46)) - raft.server.sleep.deviation.threshold = 300ms (default)
2024-10-07 19:12:00,200 [main] INFO  server.RaftServerConfigKeys (ConfUtils.java:logGet(46)) - raft.server.close.threshold = 60s (default)
2024-10-07 19:12:00,200 [main] INFO  server.RaftServerConfigKeys (ConfUtils.java:logGet(46)) - raft.server.leaderelection.leader.step-down.wait-time = 10s (default)
2024-10-07 19:12:00,200 [s4-groupManagement] INFO  server.RaftServerConfigKeys (ConfUtils.java:logGet(46)) - raft.server.rpc.request.timeout = 3000ms (default)
2024-10-07 19:12:00,200 [s4-groupManagement] INFO  server.RaftServerConfigKeys (ConfUtils.java:logGet(46)) - raft.server.log.appender.install.snapshot.enabled = true (default)
2024-10-07 19:12:00,200 [s4-groupManagement] INFO  server.RaftServerConfigKeys (ConfUtils.java:logGet(46)) - raft.server.threadpool.server.cached = true (default)
2024-10-07 19:12:00,200 [main] INFO  server.RaftServerConfigKeys (ConfUtils.java:logGet(46)) - raft.server.storage.dir = [/home/runner/work/ratis/ratis/ratis-test/target/test/data/bef150af/MiniRaftClusterWithNettya9d77aa8/s0] (custom)
2024-10-07 19:12:00,200 [s4-groupManagement] INFO  server.RaftServerConfigKeys (ConfUtils.java:logGet(46)) - raft.server.threadpool.server.size = 0 (default)
2024-10-07 19:12:00,200 [main] INFO  server.RaftServerConfigKeys (ConfUtils.java:logGet(46)) - raft.server.threadpool.proxy.cached = true (default)
2024-10-07 19:12:00,201 [s4-groupManagement] INFO  server.RaftServerConfigKeys (ConfUtils.java:logGet(46)) - raft.server.threadpool.client.cached = true (default)
2024-10-07 19:12:00,201 [main] INFO  server.RaftServerConfigKeys (ConfUtils.java:logGet(46)) - raft.server.threadpool.proxy.size = 0 (default)
2024-10-07 19:12:00,201 [s4-groupManagement] INFO  server.RaftServerConfigKeys (ConfUtils.java:logGet(46)) - raft.server.threadpool.client.size = 0 (default)
2024-10-07 19:12:00,201 [main] INFO  server.RaftServer (RaftServerProxy.java:addNew(101)) - s0: addNew group-F5D0649D4159:[s3|localhost:15152, s4|localhost:15156, s0|localhost:15140, s1|localhost:15144, s2|localhost:15148] returns group-F5D0649D4159:java.util.concurrent.CompletableFuture@74bfdd66[Not completed]
2024-10-07 19:12:00,201 [s0-groupManagement] INFO  netty.NettyUtils (NettyUtils.java:newEventLoopGroup(74)) - Create EpollEventLoopGroup for s0; Thread size is 0.
2024-10-07 19:12:00,201 [main] INFO  impl.MiniRaftCluster (MiniRaftCluster.java:newRaftServer(386)) - newRaftServer: s1, group-F5D0649D4159:[s3|localhost:15152, s4|localhost:15156, s0|localhost:15140, s1|localhost:15144, s2|localhost:15148], format? true
2024-10-07 19:12:00,202 [main] TRACE util.FileUtils (FileUtils.java:deleteFully(305)) - deleteFully target/test/data/bef150af/MiniRaftClusterWithNettya9d77aa8/s1
2024-10-07 19:12:00,202 [s0-groupManagement] INFO  server.RaftServer$Division (RaftServerImpl.java:<init>(256)) - s0: new RaftServerImpl for group-F5D0649D4159:[s3|localhost:15152, s4|localhost:15156, s0|localhost:15140, s1|localhost:15144, s2|localhost:15148] with BaseStateMachine:uninitialized
2024-10-07 19:12:00,202 [s0-groupManagement] INFO  server.RaftServerConfigKeys (ConfUtils.java:logGet(46)) - raft.server.rpc.timeout.min = 150ms (default)
2024-10-07 19:12:00,202 [s0-groupManagement] INFO  server.RaftServerConfigKeys (ConfUtils.java:logGet(46)) - raft.server.rpc.timeout.max = 300ms (default)
2024-10-07 19:12:00,202 [main] TRACE util.FileUtils (FileUtils.java:deleteFully(318)) - deleteFully: target/test/data/bef150af/MiniRaftClusterWithNettya9d77aa8/s1 does not exist.
2024-10-07 19:12:00,202 [main] INFO  impl.MiniRaftCluster (MiniRaftCluster.java:newRaftServer(391)) - Formatted directory target/test/data/bef150af/MiniRaftClusterWithNettya9d77aa8/s1
2024-10-07 19:12:00,202 [s0-groupManagement] INFO  server.RaftServerConfigKeys (ConfUtils.java:logGet(46)) - raft.server.rpc.sleep.time = 25ms (default)
2024-10-07 19:12:00,202 [s0-groupManagement] INFO  server.RaftServerConfigKeys (ConfUtils.java:logGet(46)) - raft.server.rpc.slowness.timeout = 60s (default)
2024-10-07 19:12:00,202 [main] INFO  server.RaftServer (ConfUtils.java:logGet(46)) - raft.rpc.type = NETTY (custom)
2024-10-07 19:12:00,202 [s0-groupManagement] INFO  server.RaftServerConfigKeys (ConfUtils.java:logGet(46)) - raft.server.leaderelection.leader.step-down.wait-time = 10s (default)
2024-10-07 19:12:00,202 [main] INFO  netty.NettyConfigKeys$Server (ConfUtils.java:logGet(46)) - raft.netty.server.use-epoll = true (default)
2024-10-07 19:12:00,203 [main] INFO  netty.NettyUtils (NettyUtils.java:newEventLoopGroup(74)) - Create EpollEventLoopGroup for NettyRpcService-bossGroup; Thread size is 0.
2024-10-07 19:12:00,203 [s0-groupManagement] INFO  server.RaftServerConfigKeys (ConfUtils.java:logGet(46)) - raft.server.leaderelection.member.majority-add = false (default)
2024-10-07 19:12:00,203 [s0-groupManagement] INFO  server.RaftServerConfigKeys (ConfUtils.java:logGet(46)) - raft.server.sleep.deviation.threshold = 300ms (default)
2024-10-07 19:12:00,203 [main] INFO  netty.NettyUtils (NettyUtils.java:newEventLoopGroup(74)) - Create EpollEventLoopGroup for NettyRpcService-workerGroup; Thread size is 0.
2024-10-07 19:12:00,203 [s0-groupManagement] INFO  server.RaftServer$Division (ServerState.java:<init>(114)) - s0@group-F5D0649D4159: ConfigurationManager, init=conf: {index: -1, cur=peers:[s3|localhost:15152, s4|localhost:15156, s0|localhost:15140, s1|localhost:15144, s2|localhost:15148]|listeners:[], old=null}, confs=<EMPTY_MAP>
2024-10-07 19:12:00,203 [s0-groupManagement] INFO  server.RaftServerConfigKeys (ConfUtils.java:logGet(46)) - raft.server.notification.no-leader.timeout = 60s (default)
2024-10-07 19:12:00,203 [s0-groupManagement] INFO  server.RaftServerConfigKeys (ConfUtils.java:logGet(46)) - raft.server.read.timeout = 10s (default)
2024-10-07 19:12:00,203 [s0-groupManagement] INFO  server.RaftServerConfigKeys (ConfUtils.java:logGet(46)) - raft.server.retrycache.expirytime = 60s (default)
2024-10-07 19:12:00,204 [s0-groupManagement] INFO  server.RaftServerConfigKeys (ConfUtils.java:logGet(46)) - raft.server.retrycache.statistics.expirytime = 100ms (default)
2024-10-07 19:12:00,203 [main] INFO  netty.NettyConfigKeys$Server (ConfUtils.java:logGet(46)) - raft.netty.server.host = null (default)
2024-10-07 19:12:00,204 [s0-groupManagement] INFO  server.RaftServerConfigKeys (ConfUtils.java:logGet(46)) - raft.server.read.option = DEFAULT (default)
2024-10-07 19:12:00,204 [main] INFO  netty.NettyConfigKeys$Server (ConfUtils.java:logGet(46)) - raft.netty.server.port = 15144 (custom)
2024-10-07 19:12:00,204 [s0-groupManagement] INFO  server.RaftServerConfigKeys (ConfUtils.java:logGet(46)) - raft.server.read.read-after-write-consistent.write-index-cache.expiry-time = 60s (default)
2024-10-07 19:12:00,204 [main] INFO  impl.DataStreamServerImpl (ConfUtils.java:logGet(46)) - raft.datastream.type = DISABLED (default)
2024-10-07 19:12:00,204 [main] INFO  server.RaftServerConfigKeys (ConfUtils.java:logGet(46)) - raft.server.sleep.deviation.threshold = 300ms (default)
2024-10-07 19:12:00,204 [main] INFO  server.RaftServerConfigKeys (ConfUtils.java:logGet(46)) - raft.server.close.threshold = 60s (default)
2024-10-07 19:12:00,205 [main] INFO  server.RaftServerConfigKeys (ConfUtils.java:logGet(46)) - raft.server.leaderelection.leader.step-down.wait-time = 10s (default)
2024-10-07 19:12:00,205 [s0-groupManagement] INFO  server.RaftServerConfigKeys (ConfUtils.java:logGet(46)) - raft.server.rpc.request.timeout = 3000ms (default)
2024-10-07 19:12:00,205 [main] INFO  server.RaftServerConfigKeys (ConfUtils.java:logGet(46)) - raft.server.storage.dir = [/home/runner/work/ratis/ratis/ratis-test/target/test/data/bef150af/MiniRaftClusterWithNettya9d77aa8/s1] (custom)
2024-10-07 19:12:00,205 [main] INFO  server.RaftServerConfigKeys (ConfUtils.java:logGet(46)) - raft.server.threadpool.proxy.cached = true (default)
2024-10-07 19:12:00,205 [main] INFO  server.RaftServerConfigKeys (ConfUtils.java:logGet(46)) - raft.server.threadpool.proxy.size = 0 (default)
2024-10-07 19:12:00,205 [s0-groupManagement] INFO  server.RaftServerConfigKeys (ConfUtils.java:logGet(46)) - raft.server.log.appender.install.snapshot.enabled = true (default)
2024-10-07 19:12:00,206 [s0-groupManagement] INFO  server.RaftServerConfigKeys (ConfUtils.java:logGet(46)) - raft.server.threadpool.server.cached = true (default)
2024-10-07 19:12:00,206 [s0-groupManagement] INFO  server.RaftServerConfigKeys (ConfUtils.java:logGet(46)) - raft.server.threadpool.server.size = 0 (default)
2024-10-07 19:12:00,206 [s0-groupManagement] INFO  server.RaftServerConfigKeys (ConfUtils.java:logGet(46)) - raft.server.threadpool.client.cached = true (default)
2024-10-07 19:12:00,206 [s0-groupManagement] INFO  server.RaftServerConfigKeys (ConfUtils.java:logGet(46)) - raft.server.threadpool.client.size = 0 (default)
2024-10-07 19:12:00,212 [main] INFO  server.RaftServer (RaftServerProxy.java:addNew(101)) - s1: addNew group-F5D0649D4159:[s3|localhost:15152, s4|localhost:15156, s0|localhost:15140, s1|localhost:15144, s2|localhost:15148] returns group-F5D0649D4159:java.util.concurrent.CompletableFuture@2b058bfd[Not completed]
2024-10-07 19:12:00,212 [s1-groupManagement] INFO  netty.NettyUtils (NettyUtils.java:newEventLoopGroup(74)) - Create EpollEventLoopGroup for s1; Thread size is 0.
2024-10-07 19:12:00,212 [main] INFO  impl.MiniRaftCluster (MiniRaftCluster.java:newRaftServer(386)) - newRaftServer: s2, group-F5D0649D4159:[s3|localhost:15152, s4|localhost:15156, s0|localhost:15140, s1|localhost:15144, s2|localhost:15148], format? true
2024-10-07 19:12:00,212 [main] TRACE util.FileUtils (FileUtils.java:deleteFully(305)) - deleteFully target/test/data/bef150af/MiniRaftClusterWithNettya9d77aa8/s2
2024-10-07 19:12:00,212 [s1-groupManagement] INFO  server.RaftServer$Division (RaftServerImpl.java:<init>(256)) - s1: new RaftServerImpl for group-F5D0649D4159:[s3|localhost:15152, s4|localhost:15156, s0|localhost:15140, s1|localhost:15144, s2|localhost:15148] with BaseStateMachine:uninitialized
2024-10-07 19:12:00,213 [main] TRACE util.FileUtils (FileUtils.java:deleteFully(318)) - deleteFully: target/test/data/bef150af/MiniRaftClusterWithNettya9d77aa8/s2 does not exist.
2024-10-07 19:12:00,213 [main] INFO  impl.MiniRaftCluster (MiniRaftCluster.java:newRaftServer(391)) - Formatted directory target/test/data/bef150af/MiniRaftClusterWithNettya9d77aa8/s2
2024-10-07 19:12:00,213 [s1-groupManagement] INFO  server.RaftServerConfigKeys (ConfUtils.java:logGet(46)) - raft.server.rpc.timeout.min = 150ms (default)
2024-10-07 19:12:00,213 [s1-groupManagement] INFO  server.RaftServerConfigKeys (ConfUtils.java:logGet(46)) - raft.server.rpc.timeout.max = 300ms (default)
2024-10-07 19:12:00,213 [main] INFO  server.RaftServer (ConfUtils.java:logGet(46)) - raft.rpc.type = NETTY (custom)
2024-10-07 19:12:00,213 [s1-groupManagement] INFO  server.RaftServerConfigKeys (ConfUtils.java:logGet(46)) - raft.server.rpc.sleep.time = 25ms (default)
2024-10-07 19:12:00,213 [main] INFO  netty.NettyConfigKeys$Server (ConfUtils.java:logGet(46)) - raft.netty.server.use-epoll = true (default)
2024-10-07 19:12:00,213 [main] INFO  netty.NettyUtils (NettyUtils.java:newEventLoopGroup(74)) - Create EpollEventLoopGroup for NettyRpcService-bossGroup; Thread size is 0.
2024-10-07 19:12:00,213 [s1-groupManagement] INFO  server.RaftServerConfigKeys (ConfUtils.java:logGet(46)) - raft.server.rpc.slowness.timeout = 60s (default)
2024-10-07 19:12:00,213 [s1-groupManagement] INFO  server.RaftServerConfigKeys (ConfUtils.java:logGet(46)) - raft.server.leaderelection.leader.step-down.wait-time = 10s (default)
2024-10-07 19:12:00,213 [s1-groupManagement] INFO  server.RaftServerConfigKeys (ConfUtils.java:logGet(46)) - raft.server.leaderelection.member.majority-add = false (default)
2024-10-07 19:12:00,213 [s1-groupManagement] INFO  server.RaftServerConfigKeys (ConfUtils.java:logGet(46)) - raft.server.sleep.deviation.threshold = 300ms (default)
2024-10-07 19:12:00,214 [main] INFO  netty.NettyUtils (NettyUtils.java:newEventLoopGroup(74)) - Create EpollEventLoopGroup for NettyRpcService-workerGroup; Thread size is 0.
2024-10-07 19:12:00,214 [s1-groupManagement] INFO  server.RaftServer$Division (ServerState.java:<init>(114)) - s1@group-F5D0649D4159: ConfigurationManager, init=conf: {index: -1, cur=peers:[s3|localhost:15152, s4|localhost:15156, s0|localhost:15140, s1|localhost:15144, s2|localhost:15148]|listeners:[], old=null}, confs=<EMPTY_MAP>
2024-10-07 19:12:00,214 [s1-groupManagement] INFO  server.RaftServerConfigKeys (ConfUtils.java:logGet(46)) - raft.server.notification.no-leader.timeout = 60s (default)
2024-10-07 19:12:00,214 [s1-groupManagement] INFO  server.RaftServerConfigKeys (ConfUtils.java:logGet(46)) - raft.server.read.timeout = 10s (default)
2024-10-07 19:12:00,214 [main] INFO  netty.NettyConfigKeys$Server (ConfUtils.java:logGet(46)) - raft.netty.server.host = null (default)
2024-10-07 19:12:00,214 [s1-groupManagement] INFO  server.RaftServerConfigKeys (ConfUtils.java:logGet(46)) - raft.server.retrycache.expirytime = 60s (default)
2024-10-07 19:12:00,214 [s1-groupManagement] INFO  server.RaftServerConfigKeys (ConfUtils.java:logGet(46)) - raft.server.retrycache.statistics.expirytime = 100ms (default)
2024-10-07 19:12:00,214 [s1-groupManagement] INFO  server.RaftServerConfigKeys (ConfUtils.java:logGet(46)) - raft.server.read.option = DEFAULT (default)
2024-10-07 19:12:00,214 [s1-groupManagement] INFO  server.RaftServerConfigKeys (ConfUtils.java:logGet(46)) - raft.server.read.read-after-write-consistent.write-index-cache.expiry-time = 60s (default)
2024-10-07 19:12:00,215 [s1-groupManagement] INFO  server.RaftServerConfigKeys (ConfUtils.java:logGet(46)) - raft.server.rpc.request.timeout = 3000ms (default)
2024-10-07 19:12:00,215 [s1-groupManagement] INFO  server.RaftServerConfigKeys (ConfUtils.java:logGet(46)) - raft.server.log.appender.install.snapshot.enabled = true (default)
2024-10-07 19:12:00,215 [s1-groupManagement] INFO  server.RaftServerConfigKeys (ConfUtils.java:logGet(46)) - raft.server.threadpool.server.cached = true (default)
2024-10-07 19:12:00,215 [s1-groupManagement] INFO  server.RaftServerConfigKeys (ConfUtils.java:logGet(46)) - raft.server.threadpool.server.size = 0 (default)
2024-10-07 19:12:00,215 [s1-groupManagement] INFO  server.RaftServerConfigKeys (ConfUtils.java:logGet(46)) - raft.server.threadpool.client.cached = true (default)
2024-10-07 19:12:00,215 [s1-groupManagement] INFO  server.RaftServerConfigKeys (ConfUtils.java:logGet(46)) - raft.server.threadpool.client.size = 0 (default)
2024-10-07 19:12:00,216 [main] INFO  netty.NettyConfigKeys$Server (ConfUtils.java:logGet(46)) - raft.netty.server.port = 15148 (custom)
2024-10-07 19:12:00,216 [main] INFO  impl.DataStreamServerImpl (ConfUtils.java:logGet(46)) - raft.datastream.type = DISABLED (default)
2024-10-07 19:12:00,216 [main] INFO  server.RaftServerConfigKeys (ConfUtils.java:logGet(46)) - raft.server.sleep.deviation.threshold = 300ms (default)
2024-10-07 19:12:00,216 [main] INFO  server.RaftServerConfigKeys (ConfUtils.java:logGet(46)) - raft.server.close.threshold = 60s (default)
2024-10-07 19:12:00,217 [main] INFO  server.RaftServerConfigKeys (ConfUtils.java:logGet(46)) - raft.server.leaderelection.leader.step-down.wait-time = 10s (default)
2024-10-07 19:12:00,217 [main] INFO  server.RaftServerConfigKeys (ConfUtils.java:logGet(46)) - raft.server.storage.dir = [/home/runner/work/ratis/ratis/ratis-test/target/test/data/bef150af/MiniRaftClusterWithNettya9d77aa8/s2] (custom)
2024-10-07 19:12:00,217 [main] INFO  server.RaftServerConfigKeys (ConfUtils.java:logGet(46)) - raft.server.threadpool.proxy.cached = true (default)
2024-10-07 19:12:00,217 [main] INFO  server.RaftServerConfigKeys (ConfUtils.java:logGet(46)) - raft.server.threadpool.proxy.size = 0 (default)
2024-10-07 19:12:00,218 [main] INFO  server.RaftServer (RaftServerProxy.java:addNew(101)) - s2: addNew group-F5D0649D4159:[s3|localhost:15152, s4|localhost:15156, s0|localhost:15140, s1|localhost:15144, s2|localhost:15148] returns group-F5D0649D4159:java.util.concurrent.CompletableFuture@433ae0b0[Not completed]
2024-10-07 19:12:00,218 [s2-groupManagement] INFO  netty.NettyUtils (NettyUtils.java:newEventLoopGroup(74)) - Create EpollEventLoopGroup for s2; Thread size is 0.
2024-10-07 19:12:00,218 [s3-impl-thread1] INFO  server.RaftServerConfigKeys (ConfUtils.java:logGet(46)) - raft.server.storage.free-space.min = 0MB (=0) (default)
2024-10-07 19:12:00,218 [s3-impl-thread1] INFO  server.RaftServerConfigKeys (ConfUtils.java:logGet(46)) - raft.server.log.corruption.policy = EXCEPTION (default)
2024-10-07 19:12:00,218 [s2-groupManagement] INFO  server.RaftServer$Division (RaftServerImpl.java:<init>(256)) - s2: new RaftServerImpl for group-F5D0649D4159:[s3|localhost:15152, s4|localhost:15156, s0|localhost:15140, s1|localhost:15144, s2|localhost:15148] with BaseStateMachine:uninitialized
2024-10-07 19:12:00,218 [s2-groupManagement] INFO  server.RaftServerConfigKeys (ConfUtils.java:logGet(46)) - raft.server.rpc.timeout.min = 150ms (default)
2024-10-07 19:12:00,218 [s2-groupManagement] INFO  server.RaftServerConfigKeys (ConfUtils.java:logGet(46)) - raft.server.rpc.timeout.max = 300ms (default)
2024-10-07 19:12:00,218 [s2-groupManagement] INFO  server.RaftServerConfigKeys (ConfUtils.java:logGet(46)) - raft.server.rpc.sleep.time = 25ms (default)
2024-10-07 19:12:00,218 [s2-groupManagement] INFO  server.RaftServerConfigKeys (ConfUtils.java:logGet(46)) - raft.server.rpc.slowness.timeout = 60s (default)
2024-10-07 19:12:00,218 [s2-groupManagement] INFO  server.RaftServerConfigKeys (ConfUtils.java:logGet(46)) - raft.server.leaderelection.leader.step-down.wait-time = 10s (default)
2024-10-07 19:12:00,219 [s2-groupManagement] INFO  server.RaftServerConfigKeys (ConfUtils.java:logGet(46)) - raft.server.leaderelection.member.majority-add = false (default)
2024-10-07 19:12:00,219 [s2-groupManagement] INFO  server.RaftServerConfigKeys (ConfUtils.java:logGet(46)) - raft.server.sleep.deviation.threshold = 300ms (default)
2024-10-07 19:12:00,218 [s3-impl-thread1] INFO  server.RaftServerConfigKeys (ConfUtils.java:logGet(46)) - raft.server.storage.dir = [/home/runner/work/ratis/ratis/ratis-test/target/test/data/bef150af/MiniRaftClusterWithNettya9d77aa8/s3] (custom)
2024-10-07 19:12:00,219 [s2-groupManagement] INFO  server.RaftServer$Division (ServerState.java:<init>(114)) - s2@group-F5D0649D4159: ConfigurationManager, init=conf: {index: -1, cur=peers:[s3|localhost:15152, s4|localhost:15156, s0|localhost:15140, s1|localhost:15144, s2|localhost:15148]|listeners:[], old=null}, confs=<EMPTY_MAP>
2024-10-07 19:12:00,219 [s2-groupManagement] INFO  server.RaftServerConfigKeys (ConfUtils.java:logGet(46)) - raft.server.notification.no-leader.timeout = 60s (default)
2024-10-07 19:12:00,219 [s2-groupManagement] INFO  server.RaftServerConfigKeys (ConfUtils.java:logGet(46)) - raft.server.read.timeout = 10s (default)
2024-10-07 19:12:00,219 [s2-groupManagement] INFO  server.RaftServerConfigKeys (ConfUtils.java:logGet(46)) - raft.server.retrycache.expirytime = 60s (default)
2024-10-07 19:12:00,219 [s2-groupManagement] INFO  server.RaftServerConfigKeys (ConfUtils.java:logGet(46)) - raft.server.retrycache.statistics.expirytime = 100ms (default)
2024-10-07 19:12:00,219 [s3-impl-thread1] INFO  storage.RaftStorageDirectory (RaftStorageDirectoryImpl.java:analyzeStorage(138)) - The storage directory /home/runner/work/ratis/ratis/ratis-test/target/test/data/bef150af/MiniRaftClusterWithNettya9d77aa8/s3/6a8598e3-a76b-4f25-837c-f5d0649d4159 does not exist. Creating ...
2024-10-07 19:12:00,219 [s2-groupManagement] INFO  server.RaftServerConfigKeys (ConfUtils.java:logGet(46)) - raft.server.read.option = DEFAULT (default)
2024-10-07 19:12:00,219 [s2-groupManagement] INFO  server.RaftServerConfigKeys (ConfUtils.java:logGet(46)) - raft.server.read.read-after-write-consistent.write-index-cache.expiry-time = 60s (default)
2024-10-07 19:12:00,220 [s3-impl-thread1] TRACE util.FileUtils (LogUtils.java:runAndLog(49)) - Successfully ran Files.createDirectories /home/runner/work/ratis/ratis/ratis-test/target/test/data/bef150af/MiniRaftClusterWithNettya9d77aa8/s3/6a8598e3-a76b-4f25-837c-f5d0649d4159
2024-10-07 19:12:00,220 [s2-groupManagement] INFO  server.RaftServerConfigKeys (ConfUtils.java:logGet(46)) - raft.server.rpc.request.timeout = 3000ms (default)
2024-10-07 19:12:00,220 [s2-groupManagement] INFO  server.RaftServerConfigKeys (ConfUtils.java:logGet(46)) - raft.server.log.appender.install.snapshot.enabled = true (default)
2024-10-07 19:12:00,220 [s2-groupManagement] INFO  server.RaftServerConfigKeys (ConfUtils.java:logGet(46)) - raft.server.threadpool.server.cached = true (default)
2024-10-07 19:12:00,220 [s2-groupManagement] INFO  server.RaftServerConfigKeys (ConfUtils.java:logGet(46)) - raft.server.threadpool.server.size = 0 (default)
2024-10-07 19:12:00,220 [s2-groupManagement] INFO  server.RaftServerConfigKeys (ConfUtils.java:logGet(46)) - raft.server.threadpool.client.cached = true (default)
2024-10-07 19:12:00,220 [s2-groupManagement] INFO  server.RaftServerConfigKeys (ConfUtils.java:logGet(46)) - raft.server.threadpool.client.size = 0 (default)
2024-10-07 19:12:00,221 [s3-impl-thread1] INFO  storage.RaftStorageDirectory (RaftStorageDirectoryImpl.java:tryLock(229)) - Lock on /home/runner/work/ratis/ratis/ratis-test/target/test/data/bef150af/MiniRaftClusterWithNettya9d77aa8/s3/6a8598e3-a76b-4f25-837c-f5d0649d4159/in_use.lock acquired by nodename 5374@fv-az1114-172
2024-10-07 19:12:00,221 [s3-impl-thread1] TRACE util.FileUtils (LogUtils.java:runAndLog(49)) - Successfully ran Files.createDirectories /home/runner/work/ratis/ratis/ratis-test/target/test/data/bef150af/MiniRaftClusterWithNettya9d77aa8/s3/6a8598e3-a76b-4f25-837c-f5d0649d4159/current
2024-10-07 19:12:00,221 [s3-impl-thread1] TRACE util.FileUtils (LogUtils.java:runAndLog(49)) - Successfully ran Files.createDirectories /home/runner/work/ratis/ratis/ratis-test/target/test/data/bef150af/MiniRaftClusterWithNettya9d77aa8/s3/6a8598e3-a76b-4f25-837c-f5d0649d4159/sm
2024-10-07 19:12:00,221 [s3-impl-thread1] TRACE util.FileUtils (LogUtils.java:supplyAndLog(69)) - Successfully supplied FileChannel.open /home/runner/work/ratis/ratis/ratis-test/target/test/data/bef150af/MiniRaftClusterWithNettya9d77aa8/s3/6a8598e3-a76b-4f25-837c-f5d0649d4159/current/raft-meta.tmp with options [CREATE, WRITE]: sun.nio.ch.FileChannelImpl@39244e01
2024-10-07 19:12:00,222 [s3-impl-thread1] TRACE util.FileUtils (LogUtils.java:runAndLog(49)) - Successfully ran Atomic Files.move /home/runner/work/ratis/ratis/ratis-test/target/test/data/bef150af/MiniRaftClusterWithNettya9d77aa8/s3/6a8598e3-a76b-4f25-837c-f5d0649d4159/current/raft-meta.tmp to /home/runner/work/ratis/ratis/ratis-test/target/test/data/bef150af/MiniRaftClusterWithNettya9d77aa8/s3/6a8598e3-a76b-4f25-837c-f5d0649d4159/current/raft-meta with options [REPLACE_EXISTING]
2024-10-07 19:12:00,222 [s3-impl-thread1] INFO  storage.RaftStorage (RaftStorageImpl.java:format(98)) - Storage directory /home/runner/work/ratis/ratis/ratis-test/target/test/data/bef150af/MiniRaftClusterWithNettya9d77aa8/s3/6a8598e3-a76b-4f25-837c-f5d0649d4159 has been successfully formatted.
2024-10-07 19:12:00,222 [s3-impl-thread1] INFO  server.RaftServerConfigKeys (ConfUtils.java:logGet(46)) - raft.server.log.use.memory = false (default)
2024-10-07 19:12:00,223 [s3-impl-thread1] INFO  server.RaftServerConfigKeys (ConfUtils.java:logGet(46)) - raft.server.log.purge.gap = 1024 (default)
2024-10-07 19:12:00,223 [s3-impl-thread1] INFO  server.RaftServerConfigKeys (ConfUtils.java:logGet(46)) - raft.server.log.appender.buffer.byte-limit = 4MB (=4194304) (default)
2024-10-07 19:12:00,223 [s3-impl-thread1] INFO  server.RaftServerConfigKeys (ConfUtils.java:logGet(46)) - raft.server.log.statemachine.data.read.timeout = 1000ms (default)
2024-10-07 19:12:00,223 [s3-impl-thread1] INFO  server.RaftServerConfigKeys (ConfUtils.java:logGet(46)) - raft.server.log.purge.preservation.log.num = 0 (default)
2024-10-07 19:12:00,223 [s3-impl-thread1] INFO  server.RaftServerConfigKeys (ConfUtils.java:logGet(46)) - raft.server.log.segment.size.max = 32MB (=33554432) (default)
2024-10-07 19:12:00,223 [s3-impl-thread1] INFO  server.RaftServerConfigKeys (ConfUtils.java:logGet(46)) - raft.server.log.segment.cache.num.max = 6 (default)
2024-10-07 19:12:00,223 [s3-impl-thread1] INFO  server.RaftServerConfigKeys (ConfUtils.java:logGet(46)) - raft.server.log.segment.cache.size.max = 200MB (=209715200) (default)
2024-10-07 19:12:00,223 [s3-impl-thread1] INFO  server.RaftServerConfigKeys (ConfUtils.java:logGet(46)) - raft.server.log.appender.buffer.byte-limit = 4MB (=4194304) (default)
2024-10-07 19:12:00,223 [s3-impl-thread1] INFO  util.AwaitToRun (AwaitToRun.java:start(81)) - Thread[s3@group-F5D0649D4159-cacheEviction-AwaitToRun,5,main] started
2024-10-07 19:12:00,224 [s3-impl-thread1] INFO  segmented.SegmentedRaftLogWorker (SegmentedRaftLogWorker.java:<init>(187)) - new s3@group-F5D0649D4159-SegmentedRaftLogWorker for RaftStorageImpl:Storage Directory /home/runner/work/ratis/ratis/ratis-test/target/test/data/bef150af/MiniRaftClusterWithNettya9d77aa8/s3/6a8598e3-a76b-4f25-837c-f5d0649d4159
2024-10-07 19:12:00,224 [s3-impl-thread1] INFO  server.RaftServerConfigKeys (ConfUtils.java:logGet(46)) - raft.server.log.queue.byte-limit = 64MB (=67108864) (default)
2024-10-07 19:12:00,224 [s3-impl-thread1] INFO  server.RaftServerConfigKeys (ConfUtils.java:logGet(46)) - raft.server.log.queue.element-limit = 4096 (default)
2024-10-07 19:12:00,224 [s3-impl-thread1] INFO  server.RaftServerConfigKeys (ConfUtils.java:logGet(46)) - raft.server.log.segment.size.max = 32MB (=33554432) (default)
2024-10-07 19:12:00,224 [s3-impl-thread1] INFO  server.RaftServerConfigKeys (ConfUtils.java:logGet(46)) - raft.server.log.preallocated.size = 4MB (=4194304) (default)
2024-10-07 19:12:00,224 [s3-impl-thread1] INFO  server.RaftServerConfigKeys (ConfUtils.java:logGet(46)) - raft.server.log.force.sync.num = 128 (default)
2024-10-07 19:12:00,224 [s3-impl-thread1] INFO  server.RaftServerConfigKeys (ConfUtils.java:logGet(46)) - raft.server.log.statemachine.data.sync = true (default)
2024-10-07 19:12:00,224 [s3-impl-thread1] INFO  server.RaftServerConfigKeys (ConfUtils.java:logGet(46)) - raft.server.log.statemachine.data.sync.timeout = 10s (default)
2024-10-07 19:12:00,224 [s3-impl-thread1] INFO  server.RaftServerConfigKeys (ConfUtils.java:logGet(46)) - raft.server.log.statemachine.data.sync.timeout.retry = -1 (default)
2024-10-07 19:12:00,224 [s3-impl-thread1] INFO  server.RaftServerConfigKeys (ConfUtils.java:logGet(46)) - raft.server.log.write.buffer.size = 8MB (=8388608) (default)
2024-10-07 19:12:00,226 [s3-impl-thread1] INFO  server.RaftServerConfigKeys (ConfUtils.java:logGet(46)) - raft.server.log.appender.buffer.byte-limit = 4MB (=4194304) (default)
2024-10-07 19:12:00,226 [s3-impl-thread1] INFO  server.RaftServerConfigKeys (ConfUtils.java:logGet(46)) - raft.server.log.unsafe-flush.enabled = false (default)
2024-10-07 19:12:00,226 [s3-impl-thread1] INFO  server.RaftServerConfigKeys (ConfUtils.java:logGet(46)) - raft.server.log.async-flush.enabled = false (default)
2024-10-07 19:12:00,226 [s3-impl-thread1] INFO  server.RaftServerConfigKeys (ConfUtils.java:logGet(46)) - raft.server.log.statemachine.data.caching.enabled = false (default)
2024-10-07 19:12:00,226 [s3-impl-thread1] INFO  segmented.SegmentedRaftLogWorker (SegmentedRaftLogWorker.java:lambda$new$0(138)) - s3@group-F5D0649D4159-SegmentedRaftLogWorker: flushIndex: setUnconditionally 0 -> -1
2024-10-07 19:12:00,226 [s3-impl-thread1] INFO  segmented.SegmentedRaftLogWorker (SegmentedRaftLogWorker.java:lambda$new$0(138)) - s3@group-F5D0649D4159-SegmentedRaftLogWorker: safeCacheEvictIndex: setUnconditionally 0 -> -1
2024-10-07 19:12:00,227 [s3-impl-thread1] INFO  server.RaftServer$Division (RaftServerImpl.java:start(392)) - s3@group-F5D0649D4159: start as a follower, conf=conf: {index: -1, cur=peers:[s3|localhost:15152, s4|localhost:15156, s0|localhost:15140, s1|localhost:15144, s2|localhost:15148]|listeners:[], old=null}
2024-10-07 19:12:00,227 [s3-impl-thread1] INFO  server.RaftServer$Division (RaftServerImpl.java:setRole(379)) - s3@group-F5D0649D4159: changes role from      null to FOLLOWER at term 0 for startAsFollower
2024-10-07 19:12:00,227 [s3-impl-thread1] INFO  impl.RoleInfo (RoleInfo.java:updateAndGet(148)) - s3: start s3@group-F5D0649D4159-FollowerState
2024-10-07 19:12:00,227 [s3@group-F5D0649D4159-FollowerState] INFO  server.RaftServerConfigKeys (ConfUtils.java:logFallback(53)) - raft.server.rpc.first-election.timeout.min = 150ms (fallback to raft.server.rpc.timeout.min)
2024-10-07 19:12:00,227 [s3@group-F5D0649D4159-FollowerState] INFO  server.RaftServerConfigKeys (ConfUtils.java:logFallback(53)) - raft.server.rpc.first-election.timeout.max = 300ms (fallback to raft.server.rpc.timeout.max)
2024-10-07 19:12:00,228 [s3-impl-thread1] INFO  util.JmxRegister (JmxRegister.java:tryRegister(44)) - Successfully registered JMX Bean with object name Ratis:service=RaftServer,group=group-F5D0649D4159,id=s3
2024-10-07 19:12:00,228 [s3-impl-thread1] INFO  util.JmxRegister (JmxRegister.java:register(58)) - register mxBean class org.apache.ratis.server.impl.RaftServerJmxAdapter as Ratis:service=RaftServer,group=group-F5D0649D4159,id=s3
2024-10-07 19:12:00,228 [s3-impl-thread1] INFO  server.RaftServerConfigKeys (ConfUtils.java:logGet(46)) - raft.server.snapshot.trigger-when-stop.enabled = true (default)
2024-10-07 19:12:00,228 [s3-impl-thread1] INFO  server.RaftServerConfigKeys (ConfUtils.java:logGet(46)) - raft.server.snapshot.trigger-when-remove.enabled = true (default)
2024-10-07 19:12:00,228 [s3-impl-thread1] INFO  server.RaftServerConfigKeys (ConfUtils.java:logGet(46)) - raft.server.snapshot.auto.trigger.enabled = false (default)
2024-10-07 19:12:00,228 [s3-impl-thread1] INFO  server.RaftServerConfigKeys (ConfUtils.java:logGet(46)) - raft.server.snapshot.retention.file.num = -1 (default)
2024-10-07 19:12:00,228 [s3-impl-thread1] INFO  server.RaftServerConfigKeys (ConfUtils.java:logGet(46)) - raft.server.log.purge.upto.snapshot.index = false (default)
2024-10-07 19:12:00,228 [main] INFO  server.RaftServer (RaftServerProxy.java:startImpl(408)) - s3: start RPC server
2024-10-07 19:12:00,229 [NettyRpcService-bossGroup--thread1] INFO  logging.LoggingHandler (AbstractInternalLogger.java:log(148)) - [id: 0xab37dffa] REGISTERED
2024-10-07 19:12:00,229 [NettyRpcService-bossGroup--thread1] INFO  logging.LoggingHandler (AbstractInternalLogger.java:log(148)) - [id: 0xab37dffa] BIND: 0.0.0.0/0.0.0.0:15152
2024-10-07 19:12:00,229 [NettyRpcService-bossGroup--thread1] INFO  logging.LoggingHandler (AbstractInternalLogger.java:log(148)) - [id: 0xab37dffa, L:/0.0.0.0:15152] ACTIVE
2024-10-07 19:12:00,229 [JvmPauseMonitor35] INFO  util.JvmPauseMonitor (JvmPauseMonitor.java:run(146)) - JvmPauseMonitor-s3: Started
2024-10-07 19:12:00,229 [s4-impl-thread1] INFO  server.RaftServerConfigKeys (ConfUtils.java:logGet(46)) - raft.server.storage.free-space.min = 0MB (=0) (default)
2024-10-07 19:12:00,229 [s4-impl-thread1] INFO  server.RaftServerConfigKeys (ConfUtils.java:logGet(46)) - raft.server.log.corruption.policy = EXCEPTION (default)
2024-10-07 19:12:00,230 [s4-impl-thread1] INFO  server.RaftServerConfigKeys (ConfUtils.java:logGet(46)) - raft.server.storage.dir = [/home/runner/work/ratis/ratis/ratis-test/target/test/data/bef150af/MiniRaftClusterWithNettya9d77aa8/s4] (custom)
2024-10-07 19:12:00,230 [s4-impl-thread1] INFO  storage.RaftStorageDirectory (RaftStorageDirectoryImpl.java:analyzeStorage(138)) - The storage directory /home/runner/work/ratis/ratis/ratis-test/target/test/data/bef150af/MiniRaftClusterWithNettya9d77aa8/s4/6a8598e3-a76b-4f25-837c-f5d0649d4159 does not exist. Creating ...
2024-10-07 19:12:00,230 [s4-impl-thread1] TRACE util.FileUtils (LogUtils.java:runAndLog(49)) - Successfully ran Files.createDirectories /home/runner/work/ratis/ratis/ratis-test/target/test/data/bef150af/MiniRaftClusterWithNettya9d77aa8/s4/6a8598e3-a76b-4f25-837c-f5d0649d4159
2024-10-07 19:12:00,231 [s4-impl-thread1] INFO  storage.RaftStorageDirectory (RaftStorageDirectoryImpl.java:tryLock(229)) - Lock on /home/runner/work/ratis/ratis/ratis-test/target/test/data/bef150af/MiniRaftClusterWithNettya9d77aa8/s4/6a8598e3-a76b-4f25-837c-f5d0649d4159/in_use.lock acquired by nodename 5374@fv-az1114-172
2024-10-07 19:12:00,231 [s4-impl-thread1] TRACE util.FileUtils (LogUtils.java:runAndLog(49)) - Successfully ran Files.createDirectories /home/runner/work/ratis/ratis/ratis-test/target/test/data/bef150af/MiniRaftClusterWithNettya9d77aa8/s4/6a8598e3-a76b-4f25-837c-f5d0649d4159/current
2024-10-07 19:12:00,231 [s4-impl-thread1] TRACE util.FileUtils (LogUtils.java:runAndLog(49)) - Successfully ran Files.createDirectories /home/runner/work/ratis/ratis/ratis-test/target/test/data/bef150af/MiniRaftClusterWithNettya9d77aa8/s4/6a8598e3-a76b-4f25-837c-f5d0649d4159/sm
2024-10-07 19:12:00,231 [s4-impl-thread1] TRACE util.FileUtils (LogUtils.java:supplyAndLog(69)) - Successfully supplied FileChannel.open /home/runner/work/ratis/ratis/ratis-test/target/test/data/bef150af/MiniRaftClusterWithNettya9d77aa8/s4/6a8598e3-a76b-4f25-837c-f5d0649d4159/current/raft-meta.tmp with options [CREATE, WRITE]: sun.nio.ch.FileChannelImpl@470dd422
2024-10-07 19:12:00,232 [s4-impl-thread1] TRACE util.FileUtils (LogUtils.java:runAndLog(49)) - Successfully ran Atomic Files.move /home/runner/work/ratis/ratis/ratis-test/target/test/data/bef150af/MiniRaftClusterWithNettya9d77aa8/s4/6a8598e3-a76b-4f25-837c-f5d0649d4159/current/raft-meta.tmp to /home/runner/work/ratis/ratis/ratis-test/target/test/data/bef150af/MiniRaftClusterWithNettya9d77aa8/s4/6a8598e3-a76b-4f25-837c-f5d0649d4159/current/raft-meta with options [REPLACE_EXISTING]
2024-10-07 19:12:00,232 [s4-impl-thread1] INFO  storage.RaftStorage (RaftStorageImpl.java:format(98)) - Storage directory /home/runner/work/ratis/ratis/ratis-test/target/test/data/bef150af/MiniRaftClusterWithNettya9d77aa8/s4/6a8598e3-a76b-4f25-837c-f5d0649d4159 has been successfully formatted.
2024-10-07 19:12:00,232 [s4-impl-thread1] INFO  server.RaftServerConfigKeys (ConfUtils.java:logGet(46)) - raft.server.log.use.memory = false (default)
2024-10-07 19:12:00,232 [s4-impl-thread1] INFO  server.RaftServerConfigKeys (ConfUtils.java:logGet(46)) - raft.server.log.purge.gap = 1024 (default)
2024-10-07 19:12:00,232 [s4-impl-thread1] INFO  server.RaftServerConfigKeys (ConfUtils.java:logGet(46)) - raft.server.log.appender.buffer.byte-limit = 4MB (=4194304) (default)
2024-10-07 19:12:00,232 [s4-impl-thread1] INFO  server.RaftServerConfigKeys (ConfUtils.java:logGet(46)) - raft.server.log.statemachine.data.read.timeout = 1000ms (default)
2024-10-07 19:12:00,232 [s4-impl-thread1] INFO  server.RaftServerConfigKeys (ConfUtils.java:logGet(46)) - raft.server.log.purge.preservation.log.num = 0 (default)
2024-10-07 19:12:00,233 [s4-impl-thread1] INFO  server.RaftServerConfigKeys (ConfUtils.java:logGet(46)) - raft.server.log.segment.size.max = 32MB (=33554432) (default)
2024-10-07 19:12:00,233 [s4-impl-thread1] INFO  server.RaftServerConfigKeys (ConfUtils.java:logGet(46)) - raft.server.log.segment.cache.num.max = 6 (default)
2024-10-07 19:12:00,233 [s4-impl-thread1] INFO  server.RaftServerConfigKeys (ConfUtils.java:logGet(46)) - raft.server.log.segment.cache.size.max = 200MB (=209715200) (default)
2024-10-07 19:12:00,233 [s4-impl-thread1] INFO  server.RaftServerConfigKeys (ConfUtils.java:logGet(46)) - raft.server.log.appender.buffer.byte-limit = 4MB (=4194304) (default)
2024-10-07 19:12:00,233 [s4-impl-thread1] INFO  util.AwaitToRun (AwaitToRun.java:start(81)) - Thread[s4@group-F5D0649D4159-cacheEviction-AwaitToRun,5,main] started
2024-10-07 19:12:00,233 [s4-impl-thread1] INFO  segmented.SegmentedRaftLogWorker (SegmentedRaftLogWorker.java:<init>(187)) - new s4@group-F5D0649D4159-SegmentedRaftLogWorker for RaftStorageImpl:Storage Directory /home/runner/work/ratis/ratis/ratis-test/target/test/data/bef150af/MiniRaftClusterWithNettya9d77aa8/s4/6a8598e3-a76b-4f25-837c-f5d0649d4159
2024-10-07 19:12:00,233 [s4-impl-thread1] INFO  server.RaftServerConfigKeys (ConfUtils.java:logGet(46)) - raft.server.log.queue.byte-limit = 64MB (=67108864) (default)
2024-10-07 19:12:00,233 [s4-impl-thread1] INFO  server.RaftServerConfigKeys (ConfUtils.java:logGet(46)) - raft.server.log.queue.element-limit = 4096 (default)
2024-10-07 19:12:00,233 [s4-impl-thread1] INFO  server.RaftServerConfigKeys (ConfUtils.java:logGet(46)) - raft.server.log.segment.size.max = 32MB (=33554432) (default)
2024-10-07 19:12:00,233 [s4-impl-thread1] INFO  server.RaftServerConfigKeys (ConfUtils.java:logGet(46)) - raft.server.log.preallocated.size = 4MB (=4194304) (default)
2024-10-07 19:12:00,233 [s4-impl-thread1] INFO  server.RaftServerConfigKeys (ConfUtils.java:logGet(46)) - raft.server.log.force.sync.num = 128 (default)
2024-10-07 19:12:00,233 [s4-impl-thread1] INFO  server.RaftServerConfigKeys (ConfUtils.java:logGet(46)) - raft.server.log.statemachine.data.sync = true (default)
2024-10-07 19:12:00,233 [s4-impl-thread1] INFO  server.RaftServerConfigKeys (ConfUtils.java:logGet(46)) - raft.server.log.statemachine.data.sync.timeout = 10s (default)
2024-10-07 19:12:00,233 [s4-impl-thread1] INFO  server.RaftServerConfigKeys (ConfUtils.java:logGet(46)) - raft.server.log.statemachine.data.sync.timeout.retry = -1 (default)
2024-10-07 19:12:00,233 [s4-impl-thread1] INFO  server.RaftServerConfigKeys (ConfUtils.java:logGet(46)) - raft.server.log.write.buffer.size = 8MB (=8388608) (default)
2024-10-07 19:12:00,235 [s4-impl-thread1] INFO  server.RaftServerConfigKeys (ConfUtils.java:logGet(46)) - raft.server.log.appender.buffer.byte-limit = 4MB (=4194304) (default)
2024-10-07 19:12:00,235 [s4-impl-thread1] INFO  server.RaftServerConfigKeys (ConfUtils.java:logGet(46)) - raft.server.log.unsafe-flush.enabled = false (default)
2024-10-07 19:12:00,235 [s4-impl-thread1] INFO  server.RaftServerConfigKeys (ConfUtils.java:logGet(46)) - raft.server.log.async-flush.enabled = false (default)
2024-10-07 19:12:00,235 [s4-impl-thread1] INFO  server.RaftServerConfigKeys (ConfUtils.java:logGet(46)) - raft.server.log.statemachine.data.caching.enabled = false (default)
2024-10-07 19:12:00,235 [s4-impl-thread1] INFO  segmented.SegmentedRaftLogWorker (SegmentedRaftLogWorker.java:lambda$new$0(138)) - s4@group-F5D0649D4159-SegmentedRaftLogWorker: flushIndex: setUnconditionally 0 -> -1
2024-10-07 19:12:00,235 [s4-impl-thread1] INFO  segmented.SegmentedRaftLogWorker (SegmentedRaftLogWorker.java:lambda$new$0(138)) - s4@group-F5D0649D4159-SegmentedRaftLogWorker: safeCacheEvictIndex: setUnconditionally 0 -> -1
2024-10-07 19:12:00,235 [s4-impl-thread1] INFO  server.RaftServer$Division (RaftServerImpl.java:start(392)) - s4@group-F5D0649D4159: start as a follower, conf=conf: {index: -1, cur=peers:[s3|localhost:15152, s4|localhost:15156, s0|localhost:15140, s1|localhost:15144, s2|localhost:15148]|listeners:[], old=null}
2024-10-07 19:12:00,235 [s4-impl-thread1] INFO  server.RaftServer$Division (RaftServerImpl.java:setRole(379)) - s4@group-F5D0649D4159: changes role from      null to FOLLOWER at term 0 for startAsFollower
2024-10-07 19:12:00,235 [s4-impl-thread1] INFO  impl.RoleInfo (RoleInfo.java:updateAndGet(148)) - s4: start s4@group-F5D0649D4159-FollowerState
2024-10-07 19:12:00,236 [s4@group-F5D0649D4159-FollowerState] INFO  server.RaftServerConfigKeys (ConfUtils.java:logFallback(53)) - raft.server.rpc.first-election.timeout.min = 150ms (fallback to raft.server.rpc.timeout.min)
2024-10-07 19:12:00,236 [s4-impl-thread1] INFO  util.JmxRegister (JmxRegister.java:tryRegister(44)) - Successfully registered JMX Bean with object name Ratis:service=RaftServer,group=group-F5D0649D4159,id=s4
2024-10-07 19:12:00,236 [s4-impl-thread1] INFO  util.JmxRegister (JmxRegister.java:register(58)) - register mxBean class org.apache.ratis.server.impl.RaftServerJmxAdapter as Ratis:service=RaftServer,group=group-F5D0649D4159,id=s4
2024-10-07 19:12:00,236 [s4@group-F5D0649D4159-FollowerState] INFO  server.RaftServerConfigKeys (ConfUtils.java:logFallback(53)) - raft.server.rpc.first-election.timeout.max = 300ms (fallback to raft.server.rpc.timeout.max)
2024-10-07 19:12:00,236 [s4-impl-thread1] INFO  server.RaftServerConfigKeys (ConfUtils.java:logGet(46)) - raft.server.snapshot.trigger-when-stop.enabled = true (default)
2024-10-07 19:12:00,236 [s4-impl-thread1] INFO  server.RaftServerConfigKeys (ConfUtils.java:logGet(46)) - raft.server.snapshot.trigger-when-remove.enabled = true (default)
2024-10-07 19:12:00,236 [s4-impl-thread1] INFO  server.RaftServerConfigKeys (ConfUtils.java:logGet(46)) - raft.server.snapshot.auto.trigger.enabled = false (default)
2024-10-07 19:12:00,236 [s4-impl-thread1] INFO  server.RaftServerConfigKeys (ConfUtils.java:logGet(46)) - raft.server.snapshot.retention.file.num = -1 (default)
2024-10-07 19:12:00,236 [s4-impl-thread1] INFO  server.RaftServerConfigKeys (ConfUtils.java:logGet(46)) - raft.server.log.purge.upto.snapshot.index = false (default)
2024-10-07 19:12:00,236 [main] INFO  server.RaftServer (RaftServerProxy.java:startImpl(408)) - s4: start RPC server
2024-10-07 19:12:00,237 [NettyRpcService-bossGroup--thread1] INFO  logging.LoggingHandler (AbstractInternalLogger.java:log(148)) - [id: 0xaf955636] REGISTERED
2024-10-07 19:12:00,237 [NettyRpcService-bossGroup--thread1] INFO  logging.LoggingHandler (AbstractInternalLogger.java:log(148)) - [id: 0xaf955636] BIND: 0.0.0.0/0.0.0.0:15156
2024-10-07 19:12:00,237 [NettyRpcService-bossGroup--thread1] INFO  logging.LoggingHandler (AbstractInternalLogger.java:log(148)) - [id: 0xaf955636, L:/0.0.0.0:15156] ACTIVE
2024-10-07 19:12:00,237 [JvmPauseMonitor36] INFO  util.JvmPauseMonitor (JvmPauseMonitor.java:run(146)) - JvmPauseMonitor-s4: Started
2024-10-07 19:12:00,237 [s0-impl-thread1] INFO  server.RaftServerConfigKeys (ConfUtils.java:logGet(46)) - raft.server.storage.free-space.min = 0MB (=0) (default)
2024-10-07 19:12:00,237 [s0-impl-thread1] INFO  server.RaftServerConfigKeys (ConfUtils.java:logGet(46)) - raft.server.log.corruption.policy = EXCEPTION (default)
2024-10-07 19:12:00,237 [s0-impl-thread1] INFO  server.RaftServerConfigKeys (ConfUtils.java:logGet(46)) - raft.server.storage.dir = [/home/runner/work/ratis/ratis/ratis-test/target/test/data/bef150af/MiniRaftClusterWithNettya9d77aa8/s0] (custom)
2024-10-07 19:12:00,238 [s0-impl-thread1] INFO  storage.RaftStorageDirectory (RaftStorageDirectoryImpl.java:analyzeStorage(138)) - The storage directory /home/runner/work/ratis/ratis/ratis-test/target/test/data/bef150af/MiniRaftClusterWithNettya9d77aa8/s0/6a8598e3-a76b-4f25-837c-f5d0649d4159 does not exist. Creating ...
2024-10-07 19:12:00,238 [s0-impl-thread1] TRACE util.FileUtils (LogUtils.java:runAndLog(49)) - Successfully ran Files.createDirectories /home/runner/work/ratis/ratis/ratis-test/target/test/data/bef150af/MiniRaftClusterWithNettya9d77aa8/s0/6a8598e3-a76b-4f25-837c-f5d0649d4159
2024-10-07 19:12:00,238 [s0-impl-thread1] INFO  storage.RaftStorageDirectory (RaftStorageDirectoryImpl.java:tryLock(229)) - Lock on /home/runner/work/ratis/ratis/ratis-test/target/test/data/bef150af/MiniRaftClusterWithNettya9d77aa8/s0/6a8598e3-a76b-4f25-837c-f5d0649d4159/in_use.lock acquired by nodename 5374@fv-az1114-172
2024-10-07 19:12:00,238 [s0-impl-thread1] TRACE util.FileUtils (LogUtils.java:runAndLog(49)) - Successfully ran Files.createDirectories /home/runner/work/ratis/ratis/ratis-test/target/test/data/bef150af/MiniRaftClusterWithNettya9d77aa8/s0/6a8598e3-a76b-4f25-837c-f5d0649d4159/current
2024-10-07 19:12:00,239 [s0-impl-thread1] TRACE util.FileUtils (LogUtils.java:runAndLog(49)) - Successfully ran Files.createDirectories /home/runner/work/ratis/ratis/ratis-test/target/test/data/bef150af/MiniRaftClusterWithNettya9d77aa8/s0/6a8598e3-a76b-4f25-837c-f5d0649d4159/sm
2024-10-07 19:12:00,239 [s0-impl-thread1] TRACE util.FileUtils (LogUtils.java:supplyAndLog(69)) - Successfully supplied FileChannel.open /home/runner/work/ratis/ratis/ratis-test/target/test/data/bef150af/MiniRaftClusterWithNettya9d77aa8/s0/6a8598e3-a76b-4f25-837c-f5d0649d4159/current/raft-meta.tmp with options [CREATE, WRITE]: sun.nio.ch.FileChannelImpl@5ce5493f
2024-10-07 19:12:00,239 [s0-impl-thread1] TRACE util.FileUtils (LogUtils.java:runAndLog(49)) - Successfully ran Atomic Files.move /home/runner/work/ratis/ratis/ratis-test/target/test/data/bef150af/MiniRaftClusterWithNettya9d77aa8/s0/6a8598e3-a76b-4f25-837c-f5d0649d4159/current/raft-meta.tmp to /home/runner/work/ratis/ratis/ratis-test/target/test/data/bef150af/MiniRaftClusterWithNettya9d77aa8/s0/6a8598e3-a76b-4f25-837c-f5d0649d4159/current/raft-meta with options [REPLACE_EXISTING]
2024-10-07 19:12:00,240 [s0-impl-thread1] INFO  storage.RaftStorage (RaftStorageImpl.java:format(98)) - Storage directory /home/runner/work/ratis/ratis/ratis-test/target/test/data/bef150af/MiniRaftClusterWithNettya9d77aa8/s0/6a8598e3-a76b-4f25-837c-f5d0649d4159 has been successfully formatted.
2024-10-07 19:12:00,240 [s0-impl-thread1] INFO  server.RaftServerConfigKeys (ConfUtils.java:logGet(46)) - raft.server.log.use.memory = false (default)
2024-10-07 19:12:00,240 [s0-impl-thread1] INFO  server.RaftServerConfigKeys (ConfUtils.java:logGet(46)) - raft.server.log.purge.gap = 1024 (default)
2024-10-07 19:12:00,240 [s0-impl-thread1] INFO  server.RaftServerConfigKeys (ConfUtils.java:logGet(46)) - raft.server.log.appender.buffer.byte-limit = 4MB (=4194304) (default)
2024-10-07 19:12:00,240 [s0-impl-thread1] INFO  server.RaftServerConfigKeys (ConfUtils.java:logGet(46)) - raft.server.log.statemachine.data.read.timeout = 1000ms (default)
2024-10-07 19:12:00,240 [s0-impl-thread1] INFO  server.RaftServerConfigKeys (ConfUtils.java:logGet(46)) - raft.server.log.purge.preservation.log.num = 0 (default)
2024-10-07 19:12:00,240 [s0-impl-thread1] INFO  server.RaftServerConfigKeys (ConfUtils.java:logGet(46)) - raft.server.log.segment.size.max = 32MB (=33554432) (default)
2024-10-07 19:12:00,240 [s0-impl-thread1] INFO  server.RaftServerConfigKeys (ConfUtils.java:logGet(46)) - raft.server.log.segment.cache.num.max = 6 (default)
2024-10-07 19:12:00,240 [s0-impl-thread1] INFO  server.RaftServerConfigKeys (ConfUtils.java:logGet(46)) - raft.server.log.segment.cache.size.max = 200MB (=209715200) (default)
2024-10-07 19:12:00,240 [s0-impl-thread1] INFO  server.RaftServerConfigKeys (ConfUtils.java:logGet(46)) - raft.server.log.appender.buffer.byte-limit = 4MB (=4194304) (default)
2024-10-07 19:12:00,240 [s0-impl-thread1] INFO  util.AwaitToRun (AwaitToRun.java:start(81)) - Thread[s0@group-F5D0649D4159-cacheEviction-AwaitToRun,5,main] started
2024-10-07 19:12:00,240 [s0-impl-thread1] INFO  segmented.SegmentedRaftLogWorker (SegmentedRaftLogWorker.java:<init>(187)) - new s0@group-F5D0649D4159-SegmentedRaftLogWorker for RaftStorageImpl:Storage Directory /home/runner/work/ratis/ratis/ratis-test/target/test/data/bef150af/MiniRaftClusterWithNettya9d77aa8/s0/6a8598e3-a76b-4f25-837c-f5d0649d4159
2024-10-07 19:12:00,240 [s0-impl-thread1] INFO  server.RaftServerConfigKeys (ConfUtils.java:logGet(46)) - raft.server.log.queue.byte-limit = 64MB (=67108864) (default)
2024-10-07 19:12:00,240 [s0-impl-thread1] INFO  server.RaftServerConfigKeys (ConfUtils.java:logGet(46)) - raft.server.log.queue.element-limit = 4096 (default)
2024-10-07 19:12:00,240 [s0-impl-thread1] INFO  server.RaftServerConfigKeys (ConfUtils.java:logGet(46)) - raft.server.log.segment.size.max = 32MB (=33554432) (default)
2024-10-07 19:12:00,240 [s0-impl-thread1] INFO  server.RaftServerConfigKeys (ConfUtils.java:logGet(46)) - raft.server.log.preallocated.size = 4MB (=4194304) (default)
2024-10-07 19:12:00,241 [s0-impl-thread1] INFO  server.RaftServerConfigKeys (ConfUtils.java:logGet(46)) - raft.server.log.force.sync.num = 128 (default)
2024-10-07 19:12:00,241 [s0-impl-thread1] INFO  server.RaftServerConfigKeys (ConfUtils.java:logGet(46)) - raft.server.log.statemachine.data.sync = true (default)
2024-10-07 19:12:00,241 [s0-impl-thread1] INFO  server.RaftServerConfigKeys (ConfUtils.java:logGet(46)) - raft.server.log.statemachine.data.sync.timeout = 10s (default)
2024-10-07 19:12:00,241 [s0-impl-thread1] INFO  server.RaftServerConfigKeys (ConfUtils.java:logGet(46)) - raft.server.log.statemachine.data.sync.timeout.retry = -1 (default)
2024-10-07 19:12:00,241 [s0-impl-thread1] INFO  server.RaftServerConfigKeys (ConfUtils.java:logGet(46)) - raft.server.log.write.buffer.size = 8MB (=8388608) (default)
2024-10-07 19:12:00,241 [s0-impl-thread1] INFO  server.RaftServerConfigKeys (ConfUtils.java:logGet(46)) - raft.server.log.appender.buffer.byte-limit = 4MB (=4194304) (default)
2024-10-07 19:12:00,241 [s0-impl-thread1] INFO  server.RaftServerConfigKeys (ConfUtils.java:logGet(46)) - raft.server.log.unsafe-flush.enabled = false (default)
2024-10-07 19:12:00,241 [s0-impl-thread1] INFO  server.RaftServerConfigKeys (ConfUtils.java:logGet(46)) - raft.server.log.async-flush.enabled = false (default)
2024-10-07 19:12:00,241 [s0-impl-thread1] INFO  server.RaftServerConfigKeys (ConfUtils.java:logGet(46)) - raft.server.log.statemachine.data.caching.enabled = false (default)
2024-10-07 19:12:00,241 [s0-impl-thread1] INFO  segmented.SegmentedRaftLogWorker (SegmentedRaftLogWorker.java:lambda$new$0(138)) - s0@group-F5D0649D4159-SegmentedRaftLogWorker: flushIndex: setUnconditionally 0 -> -1
2024-10-07 19:12:00,241 [s0-impl-thread1] INFO  segmented.SegmentedRaftLogWorker (SegmentedRaftLogWorker.java:lambda$new$0(138)) - s0@group-F5D0649D4159-SegmentedRaftLogWorker: safeCacheEvictIndex: setUnconditionally 0 -> -1
2024-10-07 19:12:00,242 [s0-impl-thread1] INFO  server.RaftServer$Division (RaftServerImpl.java:start(392)) - s0@group-F5D0649D4159: start as a follower, conf=conf: {index: -1, cur=peers:[s3|localhost:15152, s4|localhost:15156, s0|localhost:15140, s1|localhost:15144, s2|localhost:15148]|listeners:[], old=null}
2024-10-07 19:12:00,242 [s0-impl-thread1] INFO  server.RaftServer$Division (RaftServerImpl.java:setRole(379)) - s0@group-F5D0649D4159: changes role from      null to FOLLOWER at term 0 for startAsFollower
2024-10-07 19:12:00,242 [s0-impl-thread1] INFO  impl.RoleInfo (RoleInfo.java:updateAndGet(148)) - s0: start s0@group-F5D0649D4159-FollowerState
2024-10-07 19:12:00,242 [s0@group-F5D0649D4159-FollowerState] INFO  server.RaftServerConfigKeys (ConfUtils.java:logFallback(53)) - raft.server.rpc.first-election.timeout.min = 150ms (fallback to raft.server.rpc.timeout.min)
2024-10-07 19:12:00,242 [s0-impl-thread1] INFO  util.JmxRegister (JmxRegister.java:tryRegister(44)) - Successfully registered JMX Bean with object name Ratis:service=RaftServer,group=group-F5D0649D4159,id=s0
2024-10-07 19:12:00,242 [s0-impl-thread1] INFO  util.JmxRegister (JmxRegister.java:register(58)) - register mxBean class org.apache.ratis.server.impl.RaftServerJmxAdapter as Ratis:service=RaftServer,group=group-F5D0649D4159,id=s0
2024-10-07 19:12:00,242 [s0-impl-thread1] INFO  server.RaftServerConfigKeys (ConfUtils.java:logGet(46)) - raft.server.snapshot.trigger-when-stop.enabled = true (default)
2024-10-07 19:12:00,242 [s0-impl-thread1] INFO  server.RaftServerConfigKeys (ConfUtils.java:logGet(46)) - raft.server.snapshot.trigger-when-remove.enabled = true (default)
2024-10-07 19:12:00,242 [s0-impl-thread1] INFO  server.RaftServerConfigKeys (ConfUtils.java:logGet(46)) - raft.server.snapshot.auto.trigger.enabled = false (default)
2024-10-07 19:12:00,243 [s0-impl-thread1] INFO  server.RaftServerConfigKeys (ConfUtils.java:logGet(46)) - raft.server.snapshot.retention.file.num = -1 (default)
2024-10-07 19:12:00,243 [s0-impl-thread1] INFO  server.RaftServerConfigKeys (ConfUtils.java:logGet(46)) - raft.server.log.purge.upto.snapshot.index = false (default)
2024-10-07 19:12:00,242 [s0@group-F5D0649D4159-FollowerState] INFO  server.RaftServerConfigKeys (ConfUtils.java:logFallback(53)) - raft.server.rpc.first-election.timeout.max = 300ms (fallback to raft.server.rpc.timeout.max)
2024-10-07 19:12:00,243 [main] INFO  server.RaftServer (RaftServerProxy.java:startImpl(408)) - s0: start RPC server
2024-10-07 19:12:00,244 [NettyRpcService-bossGroup--thread1] INFO  logging.LoggingHandler (AbstractInternalLogger.java:log(148)) - [id: 0x3388f1c6] REGISTERED
2024-10-07 19:12:00,244 [NettyRpcService-bossGroup--thread1] INFO  logging.LoggingHandler (AbstractInternalLogger.java:log(148)) - [id: 0x3388f1c6] BIND: 0.0.0.0/0.0.0.0:15140
2024-10-07 19:12:00,244 [NettyRpcService-bossGroup--thread1] INFO  logging.LoggingHandler (AbstractInternalLogger.java:log(148)) - [id: 0x3388f1c6, L:/0.0.0.0:15140] ACTIVE
2024-10-07 19:12:00,244 [JvmPauseMonitor37] INFO  util.JvmPauseMonitor (JvmPauseMonitor.java:run(146)) - JvmPauseMonitor-s0: Started
2024-10-07 19:12:00,244 [s1-impl-thread1] INFO  server.RaftServerConfigKeys (ConfUtils.java:logGet(46)) - raft.server.storage.free-space.min = 0MB (=0) (default)
2024-10-07 19:12:00,244 [s1-impl-thread1] INFO  server.RaftServerConfigKeys (ConfUtils.java:logGet(46)) - raft.server.log.corruption.policy = EXCEPTION (default)
2024-10-07 19:12:00,244 [s1-impl-thread1] INFO  server.RaftServerConfigKeys (ConfUtils.java:logGet(46)) - raft.server.storage.dir = [/home/runner/work/ratis/ratis/ratis-test/target/test/data/bef150af/MiniRaftClusterWithNettya9d77aa8/s1] (custom)
2024-10-07 19:12:00,244 [s1-impl-thread1] INFO  storage.RaftStorageDirectory (RaftStorageDirectoryImpl.java:analyzeStorage(138)) - The storage directory /home/runner/work/ratis/ratis/ratis-test/target/test/data/bef150af/MiniRaftClusterWithNettya9d77aa8/s1/6a8598e3-a76b-4f25-837c-f5d0649d4159 does not exist. Creating ...
2024-10-07 19:12:00,245 [s1-impl-thread1] TRACE util.FileUtils (LogUtils.java:runAndLog(49)) - Successfully ran Files.createDirectories /home/runner/work/ratis/ratis/ratis-test/target/test/data/bef150af/MiniRaftClusterWithNettya9d77aa8/s1/6a8598e3-a76b-4f25-837c-f5d0649d4159
2024-10-07 19:12:00,245 [s1-impl-thread1] INFO  storage.RaftStorageDirectory (RaftStorageDirectoryImpl.java:tryLock(229)) - Lock on /home/runner/work/ratis/ratis/ratis-test/target/test/data/bef150af/MiniRaftClusterWithNettya9d77aa8/s1/6a8598e3-a76b-4f25-837c-f5d0649d4159/in_use.lock acquired by nodename 5374@fv-az1114-172
2024-10-07 19:12:00,245 [s1-impl-thread1] TRACE util.FileUtils (LogUtils.java:runAndLog(49)) - Successfully ran Files.createDirectories /home/runner/work/ratis/ratis/ratis-test/target/test/data/bef150af/MiniRaftClusterWithNettya9d77aa8/s1/6a8598e3-a76b-4f25-837c-f5d0649d4159/current
2024-10-07 19:12:00,246 [s1-impl-thread1] TRACE util.FileUtils (LogUtils.java:runAndLog(49)) - Successfully ran Files.createDirectories /home/runner/work/ratis/ratis/ratis-test/target/test/data/bef150af/MiniRaftClusterWithNettya9d77aa8/s1/6a8598e3-a76b-4f25-837c-f5d0649d4159/sm
2024-10-07 19:12:00,246 [s1-impl-thread1] TRACE util.FileUtils (LogUtils.java:supplyAndLog(69)) - Successfully supplied FileChannel.open /home/runner/work/ratis/ratis/ratis-test/target/test/data/bef150af/MiniRaftClusterWithNettya9d77aa8/s1/6a8598e3-a76b-4f25-837c-f5d0649d4159/current/raft-meta.tmp with options [CREATE, WRITE]: sun.nio.ch.FileChannelImpl@528ed2ba
2024-10-07 19:12:00,246 [s1-impl-thread1] TRACE util.FileUtils (LogUtils.java:runAndLog(49)) - Successfully ran Atomic Files.move /home/runner/work/ratis/ratis/ratis-test/target/test/data/bef150af/MiniRaftClusterWithNettya9d77aa8/s1/6a8598e3-a76b-4f25-837c-f5d0649d4159/current/raft-meta.tmp to /home/runner/work/ratis/ratis/ratis-test/target/test/data/bef150af/MiniRaftClusterWithNettya9d77aa8/s1/6a8598e3-a76b-4f25-837c-f5d0649d4159/current/raft-meta with options [REPLACE_EXISTING]
2024-10-07 19:12:00,247 [s1-impl-thread1] INFO  storage.RaftStorage (RaftStorageImpl.java:format(98)) - Storage directory /home/runner/work/ratis/ratis/ratis-test/target/test/data/bef150af/MiniRaftClusterWithNettya9d77aa8/s1/6a8598e3-a76b-4f25-837c-f5d0649d4159 has been successfully formatted.
2024-10-07 19:12:00,247 [s1-impl-thread1] INFO  server.RaftServerConfigKeys (ConfUtils.java:logGet(46)) - raft.server.log.use.memory = false (default)
2024-10-07 19:12:00,247 [s1-impl-thread1] INFO  server.RaftServerConfigKeys (ConfUtils.java:logGet(46)) - raft.server.log.purge.gap = 1024 (default)
2024-10-07 19:12:00,247 [s1-impl-thread1] INFO  server.RaftServerConfigKeys (ConfUtils.java:logGet(46)) - raft.server.log.appender.buffer.byte-limit = 4MB (=4194304) (default)
2024-10-07 19:12:00,247 [s1-impl-thread1] INFO  server.RaftServerConfigKeys (ConfUtils.java:logGet(46)) - raft.server.log.statemachine.data.read.timeout = 1000ms (default)
2024-10-07 19:12:00,247 [s1-impl-thread1] INFO  server.RaftServerConfigKeys (ConfUtils.java:logGet(46)) - raft.server.log.purge.preservation.log.num = 0 (default)
2024-10-07 19:12:00,247 [s1-impl-thread1] INFO  server.RaftServerConfigKeys (ConfUtils.java:logGet(46)) - raft.server.log.segment.size.max = 32MB (=33554432) (default)
2024-10-07 19:12:00,247 [s1-impl-thread1] INFO  server.RaftServerConfigKeys (ConfUtils.java:logGet(46)) - raft.server.log.segment.cache.num.max = 6 (default)
2024-10-07 19:12:00,247 [s1-impl-thread1] INFO  server.RaftServerConfigKeys (ConfUtils.java:logGet(46)) - raft.server.log.segment.cache.size.max = 200MB (=209715200) (default)
2024-10-07 19:12:00,248 [s1-impl-thread1] INFO  server.RaftServerConfigKeys (ConfUtils.java:logGet(46)) - raft.server.log.appender.buffer.byte-limit = 4MB (=4194304) (default)
2024-10-07 19:12:00,248 [s1-impl-thread1] INFO  util.AwaitToRun (AwaitToRun.java:start(81)) - Thread[s1@group-F5D0649D4159-cacheEviction-AwaitToRun,5,main] started
2024-10-07 19:12:00,248 [s1-impl-thread1] INFO  segmented.SegmentedRaftLogWorker (SegmentedRaftLogWorker.java:<init>(187)) - new s1@group-F5D0649D4159-SegmentedRaftLogWorker for RaftStorageImpl:Storage Directory /home/runner/work/ratis/ratis/ratis-test/target/test/data/bef150af/MiniRaftClusterWithNettya9d77aa8/s1/6a8598e3-a76b-4f25-837c-f5d0649d4159
2024-10-07 19:12:00,248 [s1-impl-thread1] INFO  server.RaftServerConfigKeys (ConfUtils.java:logGet(46)) - raft.server.log.queue.byte-limit = 64MB (=67108864) (default)
2024-10-07 19:12:00,248 [s1-impl-thread1] INFO  server.RaftServerConfigKeys (ConfUtils.java:logGet(46)) - raft.server.log.queue.element-limit = 4096 (default)
2024-10-07 19:12:00,248 [s1-impl-thread1] INFO  server.RaftServerConfigKeys (ConfUtils.java:logGet(46)) - raft.server.log.segment.size.max = 32MB (=33554432) (default)
2024-10-07 19:12:00,248 [s1-impl-thread1] INFO  server.RaftServerConfigKeys (ConfUtils.java:logGet(46)) - raft.server.log.preallocated.size = 4MB (=4194304) (default)
2024-10-07 19:12:00,248 [s1-impl-thread1] INFO  server.RaftServerConfigKeys (ConfUtils.java:logGet(46)) - raft.server.log.force.sync.num = 128 (default)
2024-10-07 19:12:00,248 [s1-impl-thread1] INFO  server.RaftServerConfigKeys (ConfUtils.java:logGet(46)) - raft.server.log.statemachine.data.sync = true (default)
2024-10-07 19:12:00,248 [s1-impl-thread1] INFO  server.RaftServerConfigKeys (ConfUtils.java:logGet(46)) - raft.server.log.statemachine.data.sync.timeout = 10s (default)
2024-10-07 19:12:00,248 [s1-impl-thread1] INFO  server.RaftServerConfigKeys (ConfUtils.java:logGet(46)) - raft.server.log.statemachine.data.sync.timeout.retry = -1 (default)
2024-10-07 19:12:00,248 [s1-impl-thread1] INFO  server.RaftServerConfigKeys (ConfUtils.java:logGet(46)) - raft.server.log.write.buffer.size = 8MB (=8388608) (default)
2024-10-07 19:12:00,249 [s1-impl-thread1] INFO  server.RaftServerConfigKeys (ConfUtils.java:logGet(46)) - raft.server.log.appender.buffer.byte-limit = 4MB (=4194304) (default)
2024-10-07 19:12:00,249 [s1-impl-thread1] INFO  server.RaftServerConfigKeys (ConfUtils.java:logGet(46)) - raft.server.log.unsafe-flush.enabled = false (default)
2024-10-07 19:12:00,249 [s1-impl-thread1] INFO  server.RaftServerConfigKeys (ConfUtils.java:logGet(46)) - raft.server.log.async-flush.enabled = false (default)
2024-10-07 19:12:00,249 [s1-impl-thread1] INFO  server.RaftServerConfigKeys (ConfUtils.java:logGet(46)) - raft.server.log.statemachine.data.caching.enabled = false (default)
2024-10-07 19:12:00,249 [s1-impl-thread1] INFO  segmented.SegmentedRaftLogWorker (SegmentedRaftLogWorker.java:lambda$new$0(138)) - s1@group-F5D0649D4159-SegmentedRaftLogWorker: flushIndex: setUnconditionally 0 -> -1
2024-10-07 19:12:00,250 [s1-impl-thread1] INFO  segmented.SegmentedRaftLogWorker (SegmentedRaftLogWorker.java:lambda$new$0(138)) - s1@group-F5D0649D4159-SegmentedRaftLogWorker: safeCacheEvictIndex: setUnconditionally 0 -> -1
2024-10-07 19:12:00,250 [s1-impl-thread1] INFO  server.RaftServer$Division (RaftServerImpl.java:start(392)) - s1@group-F5D0649D4159: start as a follower, conf=conf: {index: -1, cur=peers:[s3|localhost:15152, s4|localhost:15156, s0|localhost:15140, s1|localhost:15144, s2|localhost:15148]|listeners:[], old=null}
2024-10-07 19:12:00,250 [s1-impl-thread1] INFO  server.RaftServer$Division (RaftServerImpl.java:setRole(379)) - s1@group-F5D0649D4159: changes role from      null to FOLLOWER at term 0 for startAsFollower
2024-10-07 19:12:00,250 [s1-impl-thread1] INFO  impl.RoleInfo (RoleInfo.java:updateAndGet(148)) - s1: start s1@group-F5D0649D4159-FollowerState
2024-10-07 19:12:00,251 [s1@group-F5D0649D4159-FollowerState] INFO  server.RaftServerConfigKeys (ConfUtils.java:logFallback(53)) - raft.server.rpc.first-election.timeout.min = 150ms (fallback to raft.server.rpc.timeout.min)
2024-10-07 19:12:00,251 [s1@group-F5D0649D4159-FollowerState] INFO  server.RaftServerConfigKeys (ConfUtils.java:logFallback(53)) - raft.server.rpc.first-election.timeout.max = 300ms (fallback to raft.server.rpc.timeout.max)
2024-10-07 19:12:00,251 [s1-impl-thread1] INFO  util.JmxRegister (JmxRegister.java:tryRegister(44)) - Successfully registered JMX Bean with object name Ratis:service=RaftServer,group=group-F5D0649D4159,id=s1
2024-10-07 19:12:00,251 [s1-impl-thread1] INFO  util.JmxRegister (JmxRegister.java:register(58)) - register mxBean class org.apache.ratis.server.impl.RaftServerJmxAdapter as Ratis:service=RaftServer,group=group-F5D0649D4159,id=s1
2024-10-07 19:12:00,251 [s1-impl-thread1] INFO  server.RaftServerConfigKeys (ConfUtils.java:logGet(46)) - raft.server.snapshot.trigger-when-stop.enabled = true (default)
2024-10-07 19:12:00,251 [s1-impl-thread1] INFO  server.RaftServerConfigKeys (ConfUtils.java:logGet(46)) - raft.server.snapshot.trigger-when-remove.enabled = true (default)
2024-10-07 19:12:00,251 [s1-impl-thread1] INFO  server.RaftServerConfigKeys (ConfUtils.java:logGet(46)) - raft.server.snapshot.auto.trigger.enabled = false (default)
2024-10-07 19:12:00,251 [s1-impl-thread1] INFO  server.RaftServerConfigKeys (ConfUtils.java:logGet(46)) - raft.server.snapshot.retention.file.num = -1 (default)
2024-10-07 19:12:00,251 [s1-impl-thread1] INFO  server.RaftServerConfigKeys (ConfUtils.java:logGet(46)) - raft.server.log.purge.upto.snapshot.index = false (default)
2024-10-07 19:12:00,251 [main] INFO  server.RaftServer (RaftServerProxy.java:startImpl(408)) - s1: start RPC server
2024-10-07 19:12:00,252 [NettyRpcService-bossGroup--thread1] INFO  logging.LoggingHandler (AbstractInternalLogger.java:log(148)) - [id: 0x0df4760f] REGISTERED
2024-10-07 19:12:00,252 [NettyRpcService-bossGroup--thread1] INFO  logging.LoggingHandler (AbstractInternalLogger.java:log(148)) - [id: 0x0df4760f] BIND: 0.0.0.0/0.0.0.0:15144
2024-10-07 19:12:00,253 [NettyRpcService-bossGroup--thread1] INFO  logging.LoggingHandler (AbstractInternalLogger.java:log(148)) - [id: 0x0df4760f, L:/0.0.0.0:15144] ACTIVE
2024-10-07 19:12:00,253 [JvmPauseMonitor38] INFO  util.JvmPauseMonitor (JvmPauseMonitor.java:run(146)) - JvmPauseMonitor-s1: Started
2024-10-07 19:12:00,253 [s2-impl-thread1] INFO  server.RaftServerConfigKeys (ConfUtils.java:logGet(46)) - raft.server.storage.free-space.min = 0MB (=0) (default)
2024-10-07 19:12:00,253 [s2-impl-thread1] INFO  server.RaftServerConfigKeys (ConfUtils.java:logGet(46)) - raft.server.log.corruption.policy = EXCEPTION (default)
2024-10-07 19:12:00,253 [s2-impl-thread1] INFO  server.RaftServerConfigKeys (ConfUtils.java:logGet(46)) - raft.server.storage.dir = [/home/runner/work/ratis/ratis/ratis-test/target/test/data/bef150af/MiniRaftClusterWithNettya9d77aa8/s2] (custom)
2024-10-07 19:12:00,253 [s2-impl-thread1] INFO  storage.RaftStorageDirectory (RaftStorageDirectoryImpl.java:analyzeStorage(138)) - The storage directory /home/runner/work/ratis/ratis/ratis-test/target/test/data/bef150af/MiniRaftClusterWithNettya9d77aa8/s2/6a8598e3-a76b-4f25-837c-f5d0649d4159 does not exist. Creating ...
2024-10-07 19:12:00,254 [s2-impl-thread1] TRACE util.FileUtils (LogUtils.java:runAndLog(49)) - Successfully ran Files.createDirectories /home/runner/work/ratis/ratis/ratis-test/target/test/data/bef150af/MiniRaftClusterWithNettya9d77aa8/s2/6a8598e3-a76b-4f25-837c-f5d0649d4159
2024-10-07 19:12:00,254 [s2-impl-thread1] INFO  storage.RaftStorageDirectory (RaftStorageDirectoryImpl.java:tryLock(229)) - Lock on /home/runner/work/ratis/ratis/ratis-test/target/test/data/bef150af/MiniRaftClusterWithNettya9d77aa8/s2/6a8598e3-a76b-4f25-837c-f5d0649d4159/in_use.lock acquired by nodename 5374@fv-az1114-172
2024-10-07 19:12:00,254 [s2-impl-thread1] TRACE util.FileUtils (LogUtils.java:runAndLog(49)) - Successfully ran Files.createDirectories /home/runner/work/ratis/ratis/ratis-test/target/test/data/bef150af/MiniRaftClusterWithNettya9d77aa8/s2/6a8598e3-a76b-4f25-837c-f5d0649d4159/current
2024-10-07 19:12:00,254 [s2-impl-thread1] TRACE util.FileUtils (LogUtils.java:runAndLog(49)) - Successfully ran Files.createDirectories /home/runner/work/ratis/ratis/ratis-test/target/test/data/bef150af/MiniRaftClusterWithNettya9d77aa8/s2/6a8598e3-a76b-4f25-837c-f5d0649d4159/sm
2024-10-07 19:12:00,255 [s2-impl-thread1] TRACE util.FileUtils (LogUtils.java:supplyAndLog(69)) - Successfully supplied FileChannel.open /home/runner/work/ratis/ratis/ratis-test/target/test/data/bef150af/MiniRaftClusterWithNettya9d77aa8/s2/6a8598e3-a76b-4f25-837c-f5d0649d4159/current/raft-meta.tmp with options [CREATE, WRITE]: sun.nio.ch.FileChannelImpl@5fcb4662
2024-10-07 19:12:00,259 [s2-impl-thread1] TRACE util.FileUtils (LogUtils.java:runAndLog(49)) - Successfully ran Atomic Files.move /home/runner/work/ratis/ratis/ratis-test/target/test/data/bef150af/MiniRaftClusterWithNettya9d77aa8/s2/6a8598e3-a76b-4f25-837c-f5d0649d4159/current/raft-meta.tmp to /home/runner/work/ratis/ratis/ratis-test/target/test/data/bef150af/MiniRaftClusterWithNettya9d77aa8/s2/6a8598e3-a76b-4f25-837c-f5d0649d4159/current/raft-meta with options [REPLACE_EXISTING]
2024-10-07 19:12:00,260 [s2-impl-thread1] INFO  storage.RaftStorage (RaftStorageImpl.java:format(98)) - Storage directory /home/runner/work/ratis/ratis/ratis-test/target/test/data/bef150af/MiniRaftClusterWithNettya9d77aa8/s2/6a8598e3-a76b-4f25-837c-f5d0649d4159 has been successfully formatted.
2024-10-07 19:12:00,260 [s2-impl-thread1] INFO  server.RaftServerConfigKeys (ConfUtils.java:logGet(46)) - raft.server.log.use.memory = false (default)
2024-10-07 19:12:00,260 [s2-impl-thread1] INFO  server.RaftServerConfigKeys (ConfUtils.java:logGet(46)) - raft.server.log.purge.gap = 1024 (default)
2024-10-07 19:12:00,260 [s2-impl-thread1] INFO  server.RaftServerConfigKeys (ConfUtils.java:logGet(46)) - raft.server.log.appender.buffer.byte-limit = 4MB (=4194304) (default)
2024-10-07 19:12:00,260 [s2-impl-thread1] INFO  server.RaftServerConfigKeys (ConfUtils.java:logGet(46)) - raft.server.log.statemachine.data.read.timeout = 1000ms (default)
2024-10-07 19:12:00,260 [s2-impl-thread1] INFO  server.RaftServerConfigKeys (ConfUtils.java:logGet(46)) - raft.server.log.purge.preservation.log.num = 0 (default)
2024-10-07 19:12:00,260 [s2-impl-thread1] INFO  server.RaftServerConfigKeys (ConfUtils.java:logGet(46)) - raft.server.log.segment.size.max = 32MB (=33554432) (default)
2024-10-07 19:12:00,260 [s2-impl-thread1] INFO  server.RaftServerConfigKeys (ConfUtils.java:logGet(46)) - raft.server.log.segment.cache.num.max = 6 (default)
2024-10-07 19:12:00,260 [s2-impl-thread1] INFO  server.RaftServerConfigKeys (ConfUtils.java:logGet(46)) - raft.server.log.segment.cache.size.max = 200MB (=209715200) (default)
2024-10-07 19:12:00,260 [s2-impl-thread1] INFO  server.RaftServerConfigKeys (ConfUtils.java:logGet(46)) - raft.server.log.appender.buffer.byte-limit = 4MB (=4194304) (default)
2024-10-07 19:12:00,260 [s2-impl-thread1] INFO  util.AwaitToRun (AwaitToRun.java:start(81)) - Thread[s2@group-F5D0649D4159-cacheEviction-AwaitToRun,5,main] started
2024-10-07 19:12:00,261 [s2-impl-thread1] INFO  segmented.SegmentedRaftLogWorker (SegmentedRaftLogWorker.java:<init>(187)) - new s2@group-F5D0649D4159-SegmentedRaftLogWorker for RaftStorageImpl:Storage Directory /home/runner/work/ratis/ratis/ratis-test/target/test/data/bef150af/MiniRaftClusterWithNettya9d77aa8/s2/6a8598e3-a76b-4f25-837c-f5d0649d4159
2024-10-07 19:12:00,261 [s2-impl-thread1] INFO  server.RaftServerConfigKeys (ConfUtils.java:logGet(46)) - raft.server.log.queue.byte-limit = 64MB (=67108864) (default)
2024-10-07 19:12:00,261 [s2-impl-thread1] INFO  server.RaftServerConfigKeys (ConfUtils.java:logGet(46)) - raft.server.log.queue.element-limit = 4096 (default)
2024-10-07 19:12:00,261 [s2-impl-thread1] INFO  server.RaftServerConfigKeys (ConfUtils.java:logGet(46)) - raft.server.log.segment.size.max = 32MB (=33554432) (default)
2024-10-07 19:12:00,261 [s2-impl-thread1] INFO  server.RaftServerConfigKeys (ConfUtils.java:logGet(46)) - raft.server.log.preallocated.size = 4MB (=4194304) (default)
2024-10-07 19:12:00,261 [s2-impl-thread1] INFO  server.RaftServerConfigKeys (ConfUtils.java:logGet(46)) - raft.server.log.force.sync.num = 128 (default)
2024-10-07 19:12:00,261 [s2-impl-thread1] INFO  server.RaftServerConfigKeys (ConfUtils.java:logGet(46)) - raft.server.log.statemachine.data.sync = true (default)
2024-10-07 19:12:00,261 [s2-impl-thread1] INFO  server.RaftServerConfigKeys (ConfUtils.java:logGet(46)) - raft.server.log.statemachine.data.sync.timeout = 10s (default)
2024-10-07 19:12:00,261 [s2-impl-thread1] INFO  server.RaftServerConfigKeys (ConfUtils.java:logGet(46)) - raft.server.log.statemachine.data.sync.timeout.retry = -1 (default)
2024-10-07 19:12:00,261 [s2-impl-thread1] INFO  server.RaftServerConfigKeys (ConfUtils.java:logGet(46)) - raft.server.log.write.buffer.size = 8MB (=8388608) (default)
2024-10-07 19:12:00,262 [s2-impl-thread1] INFO  server.RaftServerConfigKeys (ConfUtils.java:logGet(46)) - raft.server.log.appender.buffer.byte-limit = 4MB (=4194304) (default)
2024-10-07 19:12:00,262 [s2-impl-thread1] INFO  server.RaftServerConfigKeys (ConfUtils.java:logGet(46)) - raft.server.log.unsafe-flush.enabled = false (default)
2024-10-07 19:12:00,262 [s2-impl-thread1] INFO  server.RaftServerConfigKeys (ConfUtils.java:logGet(46)) - raft.server.log.async-flush.enabled = false (default)
2024-10-07 19:12:00,262 [s2-impl-thread1] INFO  server.RaftServerConfigKeys (ConfUtils.java:logGet(46)) - raft.server.log.statemachine.data.caching.enabled = false (default)
2024-10-07 19:12:00,262 [s2-impl-thread1] INFO  segmented.SegmentedRaftLogWorker (SegmentedRaftLogWorker.java:lambda$new$0(138)) - s2@group-F5D0649D4159-SegmentedRaftLogWorker: flushIndex: setUnconditionally 0 -> -1
2024-10-07 19:12:00,262 [s2-impl-thread1] INFO  segmented.SegmentedRaftLogWorker (SegmentedRaftLogWorker.java:lambda$new$0(138)) - s2@group-F5D0649D4159-SegmentedRaftLogWorker: safeCacheEvictIndex: setUnconditionally 0 -> -1
2024-10-07 19:12:00,262 [s2-impl-thread1] INFO  server.RaftServer$Division (RaftServerImpl.java:start(392)) - s2@group-F5D0649D4159: start as a follower, conf=conf: {index: -1, cur=peers:[s3|localhost:15152, s4|localhost:15156, s0|localhost:15140, s1|localhost:15144, s2|localhost:15148]|listeners:[], old=null}
2024-10-07 19:12:00,262 [s2-impl-thread1] INFO  server.RaftServer$Division (RaftServerImpl.java:setRole(379)) - s2@group-F5D0649D4159: changes role from      null to FOLLOWER at term 0 for startAsFollower
2024-10-07 19:12:00,262 [s2-impl-thread1] INFO  impl.RoleInfo (RoleInfo.java:updateAndGet(148)) - s2: start s2@group-F5D0649D4159-FollowerState
2024-10-07 19:12:00,263 [s2@group-F5D0649D4159-FollowerState] INFO  server.RaftServerConfigKeys (ConfUtils.java:logFallback(53)) - raft.server.rpc.first-election.timeout.min = 150ms (fallback to raft.server.rpc.timeout.min)
2024-10-07 19:12:00,263 [s2-impl-thread1] INFO  util.JmxRegister (JmxRegister.java:tryRegister(44)) - Successfully registered JMX Bean with object name Ratis:service=RaftServer,group=group-F5D0649D4159,id=s2
2024-10-07 19:12:00,263 [s2-impl-thread1] INFO  util.JmxRegister (JmxRegister.java:register(58)) - register mxBean class org.apache.ratis.server.impl.RaftServerJmxAdapter as Ratis:service=RaftServer,group=group-F5D0649D4159,id=s2
2024-10-07 19:12:00,263 [s2-impl-thread1] INFO  server.RaftServerConfigKeys (ConfUtils.java:logGet(46)) - raft.server.snapshot.trigger-when-stop.enabled = true (default)
2024-10-07 19:12:00,263 [s2-impl-thread1] INFO  server.RaftServerConfigKeys (ConfUtils.java:logGet(46)) - raft.server.snapshot.trigger-when-remove.enabled = true (default)
2024-10-07 19:12:00,263 [s2-impl-thread1] INFO  server.RaftServerConfigKeys (ConfUtils.java:logGet(46)) - raft.server.snapshot.auto.trigger.enabled = false (default)
2024-10-07 19:12:00,263 [s2-impl-thread1] INFO  server.RaftServerConfigKeys (ConfUtils.java:logGet(46)) - raft.server.snapshot.retention.file.num = -1 (default)
2024-10-07 19:12:00,263 [s2-impl-thread1] INFO  server.RaftServerConfigKeys (ConfUtils.java:logGet(46)) - raft.server.log.purge.upto.snapshot.index = false (default)
2024-10-07 19:12:00,263 [s2@group-F5D0649D4159-FollowerState] INFO  server.RaftServerConfigKeys (ConfUtils.java:logFallback(53)) - raft.server.rpc.first-election.timeout.max = 300ms (fallback to raft.server.rpc.timeout.max)
2024-10-07 19:12:00,263 [main] INFO  server.RaftServer (RaftServerProxy.java:startImpl(408)) - s2: start RPC server
2024-10-07 19:12:00,264 [NettyRpcService-bossGroup--thread1] INFO  logging.LoggingHandler (AbstractInternalLogger.java:log(148)) - [id: 0xd6a7f2e5] REGISTERED
2024-10-07 19:12:00,264 [NettyRpcService-bossGroup--thread1] INFO  logging.LoggingHandler (AbstractInternalLogger.java:log(148)) - [id: 0xd6a7f2e5] BIND: 0.0.0.0/0.0.0.0:15148
2024-10-07 19:12:00,264 [NettyRpcService-bossGroup--thread1] INFO  logging.LoggingHandler (AbstractInternalLogger.java:log(148)) - [id: 0xd6a7f2e5, L:/0.0.0.0:15148] ACTIVE
2024-10-07 19:12:00,264 [JvmPauseMonitor39] INFO  util.JvmPauseMonitor (JvmPauseMonitor.java:run(146)) - JvmPauseMonitor-s2: Started
2024-10-07 19:12:00,264 [main] INFO  server.RaftServerConfigKeys (ConfUtils.java:logGet(46)) - raft.server.rpc.timeout.max = 300ms (default)
2024-10-07 19:12:00,265 [main] INFO  ratis.RaftTestUtil (RaftTestUtil.java:waitForLeader(107)) - printing ALL groups
  s3:  RUNNING  FOLLOWER s3@group-F5D0649D4159:t0, leader=null, voted=, raftlog=Memoized:s3@group-F5D0649D4159-SegmentedRaftLog:OPENED:c-1:lastnull, conf=conf: {index: -1, cur=peers:[s3|localhost:15152, s4|localhost:15156, s0|localhost:15140, s1|localhost:15144, s2|localhost:15148]|listeners:[], old=null} RUNNING
  s4:  RUNNING  FOLLOWER s4@group-F5D0649D4159:t0, leader=null, voted=, raftlog=Memoized:s4@group-F5D0649D4159-SegmentedRaftLog:OPENED:c-1:lastnull, conf=conf: {index: -1, cur=peers:[s3|localhost:15152, s4|localhost:15156, s0|localhost:15140, s1|localhost:15144, s2|localhost:15148]|listeners:[], old=null} RUNNING
  s0:  RUNNING  FOLLOWER s0@group-F5D0649D4159:t0, leader=null, voted=, raftlog=Memoized:s0@group-F5D0649D4159-SegmentedRaftLog:OPENED:c-1:lastnull, conf=conf: {index: -1, cur=peers:[s3|localhost:15152, s4|localhost:15156, s0|localhost:15140, s1|localhost:15144, s2|localhost:15148]|listeners:[], old=null} RUNNING
  s1:  RUNNING  FOLLOWER s1@group-F5D0649D4159:t0, leader=null, voted=, raftlog=Memoized:s1@group-F5D0649D4159-SegmentedRaftLog:OPENED:c-1:lastnull, conf=conf: {index: -1, cur=peers:[s3|localhost:15152, s4|localhost:15156, s0|localhost:15140, s1|localhost:15144, s2|localhost:15148]|listeners:[], old=null} RUNNING
  s2:  RUNNING  FOLLOWER s2@group-F5D0649D4159:t0, leader=null, voted=, raftlog=Memoized:s2@group-F5D0649D4159-SegmentedRaftLog:OPENED:c-1:lastnull, conf=conf: {index: -1, cur=peers:[s3|localhost:15152, s4|localhost:15156, s0|localhost:15140, s1|localhost:15144, s2|localhost:15148]|listeners:[], old=null} RUNNING
2024-10-07 19:12:00,265 [main] WARN  ratis.RaftTestUtil (RaftTestUtil.java:lambda$waitForLeader$3(126)) - Attempt #1 failed: java.lang.IllegalStateException: No leader yet : printing ALL groups
  s3:  RUNNING  FOLLOWER s3@group-F5D0649D4159:t0, leader=null, voted=, raftlog=Memoized:s3@group-F5D0649D4159-SegmentedRaftLog:OPENED:c-1:lastnull, conf=conf: {index: -1, cur=peers:[s3|localhost:15152, s4|localhost:15156, s0|localhost:15140, s1|localhost:15144, s2|localhost:15148]|listeners:[], old=null} RUNNING
  s4:  RUNNING  FOLLOWER s4@group-F5D0649D4159:t0, leader=null, voted=, raftlog=Memoized:s4@group-F5D0649D4159-SegmentedRaftLog:OPENED:c-1:lastnull, conf=conf: {index: -1, cur=peers:[s3|localhost:15152, s4|localhost:15156, s0|localhost:15140, s1|localhost:15144, s2|localhost:15148]|listeners:[], old=null} RUNNING
  s0:  RUNNING  FOLLOWER s0@group-F5D0649D4159:t0, leader=null, voted=, raftlog=Memoized:s0@group-F5D0649D4159-SegmentedRaftLog:OPENED:c-1:lastnull, conf=conf: {index: -1, cur=peers:[s3|localhost:15152, s4|localhost:15156, s0|localhost:15140, s1|localhost:15144, s2|localhost:15148]|listeners:[], old=null} RUNNING
  s1:  RUNNING  FOLLOWER s1@group-F5D0649D4159:t0, leader=null, voted=, raftlog=Memoized:s1@group-F5D0649D4159-SegmentedRaftLog:OPENED:c-1:lastnull, conf=conf: {index: -1, cur=peers:[s3|localhost:15152, s4|localhost:15156, s0|localhost:15140, s1|localhost:15144, s2|localhost:15148]|listeners:[], old=null} RUNNING
  s2:  RUNNING  FOLLOWER s2@group-F5D0649D4159:t0, leader=null, voted=, raftlog=Memoized:s2@group-F5D0649D4159-SegmentedRaftLog:OPENED:c-1:lastnull, conf=conf: {index: -1, cur=peers:[s3|localhost:15152, s4|localhost:15156, s0|localhost:15140, s1|localhost:15144, s2|localhost:15148]|listeners:[], old=null} RUNNING
2024-10-07 19:12:00,435 [s2@group-F5D0649D4159-FollowerState] INFO  impl.FollowerState (FollowerState.java:runImpl(156)) - s2@group-F5D0649D4159-FollowerState: change to CANDIDATE, lastRpcElapsedTime:172957670ns, electionTimeout:172ms
2024-10-07 19:12:00,435 [s2@group-F5D0649D4159-FollowerState] INFO  impl.RoleInfo (RoleInfo.java:shutdownFollowerState(121)) - s2: shutdown s2@group-F5D0649D4159-FollowerState
2024-10-07 19:12:00,436 [s2@group-F5D0649D4159-FollowerState] INFO  server.RaftServer$Division (RaftServerImpl.java:setRole(379)) - s2@group-F5D0649D4159: changes role from  FOLLOWER to CANDIDATE at term 0 for changeToCandidate
2024-10-07 19:12:00,436 [s2@group-F5D0649D4159-FollowerState] INFO  server.RaftServerConfigKeys (ConfUtils.java:logGet(46)) - raft.server.leaderelection.pre-vote = true (default)
2024-10-07 19:12:00,436 [s2@group-F5D0649D4159-FollowerState] INFO  impl.RoleInfo (RoleInfo.java:updateAndGet(148)) - s2: start s2@group-F5D0649D4159-LeaderElection15
2024-10-07 19:12:00,437 [s2@group-F5D0649D4159-LeaderElection15] INFO  impl.LeaderElection (LeaderElection.java:askForVotes(337)) - s2@group-F5D0649D4159-LeaderElection15 PRE_VOTE round 0: submit vote requests at term 0 for conf: {index: -1, cur=peers:[s3|localhost:15152, s4|localhost:15156, s0|localhost:15140, s1|localhost:15144, s2|localhost:15148]|listeners:[], old=null}
2024-10-07 19:12:00,438 [s2@group-F5D0649D4159-LeaderElection15] INFO  server.RaftServerConfigKeys (ConfUtils.java:logFallback(53)) - raft.server.rpc.first-election.timeout.min = 150ms (fallback to raft.server.rpc.timeout.min)
2024-10-07 19:12:00,438 [s2@group-F5D0649D4159-LeaderElection15] INFO  server.RaftServerConfigKeys (ConfUtils.java:logFallback(53)) - raft.server.rpc.first-election.timeout.max = 300ms (fallback to raft.server.rpc.timeout.max)
2024-10-07 19:12:00,439 [NettyRpcService-bossGroup--thread1] INFO  logging.LoggingHandler (AbstractInternalLogger.java:log(148)) - [id: 0x3388f1c6, L:/0.0.0.0:15140] READ: [id: 0x5af41060, L:/127.0.0.1:15140 - R:/127.0.0.1:39736]
2024-10-07 19:12:00,439 [NettyRpcService-bossGroup--thread1] INFO  logging.LoggingHandler (AbstractInternalLogger.java:log(148)) - [id: 0x0df4760f, L:/0.0.0.0:15144] READ: [id: 0xae6fd39d, L:/127.0.0.1:15144 - R:/127.0.0.1:35990]
2024-10-07 19:12:00,439 [NettyRpcService-bossGroup--thread1] INFO  logging.LoggingHandler (AbstractInternalLogger.java:log(148)) - [id: 0x3388f1c6, L:/0.0.0.0:15140] READ COMPLETE
2024-10-07 19:12:00,439 [NettyRpcService-bossGroup--thread1] INFO  logging.LoggingHandler (AbstractInternalLogger.java:log(148)) - [id: 0x0df4760f, L:/0.0.0.0:15144] READ COMPLETE
2024-10-07 19:12:00,440 [NettyRpcService-workerGroup--thread1] INFO  server.RaftServer$Division (RaftServerImpl.java:requestVote(1443)) - s0@group-F5D0649D4159: receive requestVote(PRE_VOTE, s2, group-F5D0649D4159, 0, (t:0, i:0))
2024-10-07 19:12:00,440 [NettyRpcService-workerGroup--thread1] INFO  server.RaftServer$Division (RaftServerImpl.java:requestVote(1443)) - s1@group-F5D0649D4159: receive requestVote(PRE_VOTE, s2, group-F5D0649D4159, 0, (t:0, i:0))
2024-10-07 19:12:00,440 [NettyRpcService-workerGroup--thread1] INFO  impl.VoteContext (VoteContext.java:log(49)) - s0@group-F5D0649D4159-FOLLOWER: accept PRE_VOTE from s2: our priority 0 <= candidate's priority 0
2024-10-07 19:12:00,440 [NettyRpcService-workerGroup--thread1] INFO  impl.VoteContext (VoteContext.java:log(49)) - s1@group-F5D0649D4159-FOLLOWER: accept PRE_VOTE from s2: our priority 0 <= candidate's priority 0
2024-10-07 19:12:00,441 [NettyRpcService-workerGroup--thread1] INFO  server.RaftServer$Division (RaftServerImpl.java:requestVote(1476)) - s0@group-F5D0649D4159 replies to PRE_VOTE vote request: s2<-s0#0:OK-t0. Peer's state: s0@group-F5D0649D4159:t0, leader=null, voted=, raftlog=Memoized:s0@group-F5D0649D4159-SegmentedRaftLog:OPENED:c-1:lastnull, conf=conf: {index: -1, cur=peers:[s3|localhost:15152, s4|localhost:15156, s0|localhost:15140, s1|localhost:15144, s2|localhost:15148]|listeners:[], old=null}
2024-10-07 19:12:00,441 [NettyRpcService-workerGroup--thread1] INFO  server.RaftServer$Division (RaftServerImpl.java:requestVote(1476)) - s1@group-F5D0649D4159 replies to PRE_VOTE vote request: s2<-s1#0:OK-t0. Peer's state: s1@group-F5D0649D4159:t0, leader=null, voted=, raftlog=Memoized:s1@group-F5D0649D4159-SegmentedRaftLog:OPENED:c-1:lastnull, conf=conf: {index: -1, cur=peers:[s3|localhost:15152, s4|localhost:15156, s0|localhost:15140, s1|localhost:15144, s2|localhost:15148]|listeners:[], old=null}
2024-10-07 19:12:00,441 [NettyRpcService-bossGroup--thread1] INFO  logging.LoggingHandler (AbstractInternalLogger.java:log(148)) - [id: 0xab37dffa, L:/0.0.0.0:15152] READ: [id: 0xdb39dc6d, L:/127.0.0.1:15152 - R:/127.0.0.1:40410]
2024-10-07 19:12:00,442 [NettyRpcService-bossGroup--thread1] INFO  logging.LoggingHandler (AbstractInternalLogger.java:log(148)) - [id: 0xab37dffa, L:/0.0.0.0:15152] READ COMPLETE
2024-10-07 19:12:00,445 [NettyRpcService-workerGroup--thread1] INFO  server.RaftServer$Division (RaftServerImpl.java:requestVote(1443)) - s3@group-F5D0649D4159: receive requestVote(PRE_VOTE, s2, group-F5D0649D4159, 0, (t:0, i:0))
2024-10-07 19:12:00,445 [NettyRpcService-workerGroup--thread1] INFO  impl.VoteContext (VoteContext.java:log(49)) - s3@group-F5D0649D4159-FOLLOWER: accept PRE_VOTE from s2: our priority 0 <= candidate's priority 0
2024-10-07 19:12:00,445 [NettyRpcService-workerGroup--thread1] INFO  server.RaftServer$Division (RaftServerImpl.java:requestVote(1476)) - s3@group-F5D0649D4159 replies to PRE_VOTE vote request: s2<-s3#0:OK-t0. Peer's state: s3@group-F5D0649D4159:t0, leader=null, voted=, raftlog=Memoized:s3@group-F5D0649D4159-SegmentedRaftLog:OPENED:c-1:lastnull, conf=conf: {index: -1, cur=peers:[s3|localhost:15152, s4|localhost:15156, s0|localhost:15140, s1|localhost:15144, s2|localhost:15148]|listeners:[], old=null}
2024-10-07 19:12:00,449 [s2@group-F5D0649D4159-LeaderElection15] INFO  impl.LeaderElection (LeaderElection.java:logAndReturn(90)) - s2@group-F5D0649D4159-LeaderElection15: PRE_VOTE PASSED received 2 response(s) and 0 exception(s):
2024-10-07 19:12:00,450 [s2@group-F5D0649D4159-LeaderElection15] INFO  impl.LeaderElection (LeaderElection.java:logAndReturn(94)) -   Response 0: s2<-s3#0:OK-t0
2024-10-07 19:12:00,450 [NettyRpcService-bossGroup--thread1] INFO  logging.LoggingHandler (AbstractInternalLogger.java:log(148)) - [id: 0xaf955636, L:/0.0.0.0:15156] READ: [id: 0xc29dae0d, L:/127.0.0.1:15156 - R:/127.0.0.1:48040]
2024-10-07 19:12:00,450 [s2@group-F5D0649D4159-LeaderElection15] INFO  impl.LeaderElection (LeaderElection.java:logAndReturn(94)) -   Response 1: s2<-s0#0:OK-t0
2024-10-07 19:12:00,450 [s2@group-F5D0649D4159-LeaderElection15] INFO  impl.LeaderElection (LeaderElection.java:askForVotes(339)) - s2@group-F5D0649D4159-LeaderElection15 PRE_VOTE round 0: result PASSED
2024-10-07 19:12:00,450 [s2@group-F5D0649D4159-LeaderElection15] TRACE util.FileUtils (LogUtils.java:supplyAndLog(69)) - Successfully supplied FileChannel.open /home/runner/work/ratis/ratis/ratis-test/target/test/data/bef150af/MiniRaftClusterWithNettya9d77aa8/s2/6a8598e3-a76b-4f25-837c-f5d0649d4159/current/raft-meta.tmp with options [CREATE, WRITE]: sun.nio.ch.FileChannelImpl@1eb6a040
2024-10-07 19:12:00,451 [NettyRpcService-bossGroup--thread1] INFO  logging.LoggingHandler (AbstractInternalLogger.java:log(148)) - [id: 0xaf955636, L:/0.0.0.0:15156] READ COMPLETE
2024-10-07 19:12:00,451 [s1@group-F5D0649D4159-FollowerState] INFO  server.RaftServerConfigKeys (ConfUtils.java:logFallback(53)) - raft.server.rpc.first-election.timeout.min = 150ms (fallback to raft.server.rpc.timeout.min)
2024-10-07 19:12:00,451 [s1@group-F5D0649D4159-FollowerState] INFO  server.RaftServerConfigKeys (ConfUtils.java:logFallback(53)) - raft.server.rpc.first-election.timeout.max = 300ms (fallback to raft.server.rpc.timeout.max)
2024-10-07 19:12:00,451 [s2@group-F5D0649D4159-LeaderElection15] TRACE util.FileUtils (LogUtils.java:runAndLog(49)) - Successfully ran Atomic Files.move /home/runner/work/ratis/ratis/ratis-test/target/test/data/bef150af/MiniRaftClusterWithNettya9d77aa8/s2/6a8598e3-a76b-4f25-837c-f5d0649d4159/current/raft-meta.tmp to /home/runner/work/ratis/ratis/ratis-test/target/test/data/bef150af/MiniRaftClusterWithNettya9d77aa8/s2/6a8598e3-a76b-4f25-837c-f5d0649d4159/current/raft-meta with options [REPLACE_EXISTING]
2024-10-07 19:12:00,451 [s2@group-F5D0649D4159-LeaderElection15] INFO  impl.LeaderElection (LeaderElection.java:askForVotes(337)) - s2@group-F5D0649D4159-LeaderElection15 ELECTION round 0: submit vote requests at term 1 for conf: {index: -1, cur=peers:[s3|localhost:15152, s4|localhost:15156, s0|localhost:15140, s1|localhost:15144, s2|localhost:15148]|listeners:[], old=null}
2024-10-07 19:12:00,452 [NettyRpcService-workerGroup--thread1] INFO  server.RaftServer$Division (RaftServerImpl.java:requestVote(1443)) - s4@group-F5D0649D4159: receive requestVote(PRE_VOTE, s2, group-F5D0649D4159, 0, (t:0, i:0))
2024-10-07 19:12:00,452 [NettyRpcService-workerGroup--thread1] INFO  impl.VoteContext (VoteContext.java:log(49)) - s4@group-F5D0649D4159-FOLLOWER: accept PRE_VOTE from s2: our priority 0 <= candidate's priority 0
2024-10-07 19:12:00,452 [NettyRpcService-workerGroup--thread1] INFO  server.RaftServer$Division (RaftServerImpl.java:requestVote(1443)) - s3@group-F5D0649D4159: receive requestVote(ELECTION, s2, group-F5D0649D4159, 1, (t:0, i:0))
2024-10-07 19:12:00,452 [NettyRpcService-workerGroup--thread1] INFO  impl.VoteContext (VoteContext.java:log(49)) - s3@group-F5D0649D4159-FOLLOWER: accept ELECTION from s2: our priority 0 <= candidate's priority 0
2024-10-07 19:12:00,452 [NettyRpcService-workerGroup--thread1] INFO  server.RaftServer$Division (RaftServerImpl.java:setRole(379)) - s3@group-F5D0649D4159: changes role from  FOLLOWER to FOLLOWER at term 0 for candidate:s2
2024-10-07 19:12:00,452 [NettyRpcService-workerGroup--thread1] INFO  impl.RoleInfo (RoleInfo.java:shutdownFollowerState(121)) - s3: shutdown s3@group-F5D0649D4159-FollowerState
2024-10-07 19:12:00,452 [NettyRpcService-workerGroup--thread1] INFO  server.RaftServer$Division (RaftServerImpl.java:requestVote(1476)) - s4@group-F5D0649D4159 replies to PRE_VOTE vote request: s2<-s4#0:OK-t0. Peer's state: s4@group-F5D0649D4159:t0, leader=null, voted=, raftlog=Memoized:s4@group-F5D0649D4159-SegmentedRaftLog:OPENED:c-1:lastnull, conf=conf: {index: -1, cur=peers:[s3|localhost:15152, s4|localhost:15156, s0|localhost:15140, s1|localhost:15144, s2|localhost:15148]|listeners:[], old=null}
2024-10-07 19:12:00,454 [NettyRpcService-workerGroup--thread1] INFO  server.RaftServer$Division (RaftServerImpl.java:requestVote(1443)) - s4@group-F5D0649D4159: receive requestVote(ELECTION, s2, group-F5D0649D4159, 1, (t:0, i:0))
2024-10-07 19:12:00,454 [NettyRpcService-workerGroup--thread1] INFO  impl.VoteContext (VoteContext.java:log(49)) - s4@group-F5D0649D4159-FOLLOWER: accept ELECTION from s2: our priority 0 <= candidate's priority 0
2024-10-07 19:12:00,454 [NettyRpcService-workerGroup--thread1] INFO  server.RaftServer$Division (RaftServerImpl.java:setRole(379)) - s4@group-F5D0649D4159: changes role from  FOLLOWER to FOLLOWER at term 0 for candidate:s2
2024-10-07 19:12:00,454 [NettyRpcService-workerGroup--thread1] INFO  impl.RoleInfo (RoleInfo.java:shutdownFollowerState(121)) - s4: shutdown s4@group-F5D0649D4159-FollowerState
2024-10-07 19:12:00,454 [NettyRpcService-workerGroup--thread1] INFO  server.RaftServer$Division (RaftServerImpl.java:requestVote(1443)) - s0@group-F5D0649D4159: receive requestVote(ELECTION, s2, group-F5D0649D4159, 1, (t:0, i:0))
2024-10-07 19:12:00,454 [NettyRpcService-workerGroup--thread1] INFO  impl.VoteContext (VoteContext.java:log(49)) - s0@group-F5D0649D4159-FOLLOWER: accept ELECTION from s2: our priority 0 <= candidate's priority 0
2024-10-07 19:12:00,454 [NettyRpcService-workerGroup--thread1] INFO  server.RaftServer$Division (RaftServerImpl.java:setRole(379)) - s0@group-F5D0649D4159: changes role from  FOLLOWER to FOLLOWER at term 0 for candidate:s2
2024-10-07 19:12:00,454 [NettyRpcService-workerGroup--thread1] INFO  impl.RoleInfo (RoleInfo.java:shutdownFollowerState(121)) - s0: shutdown s0@group-F5D0649D4159-FollowerState
2024-10-07 19:12:00,454 [s2@group-F5D0649D4159-LeaderElection15] INFO  server.RaftServerConfigKeys (ConfUtils.java:logFallback(53)) - raft.server.rpc.first-election.timeout.min = 150ms (fallback to raft.server.rpc.timeout.min)
2024-10-07 19:12:00,454 [s0@group-F5D0649D4159-FollowerState] INFO  impl.FollowerState (FollowerState.java:runImpl(165)) - s0@group-F5D0649D4159-FollowerState was interrupted
2024-10-07 19:12:00,455 [s2@group-F5D0649D4159-LeaderElection15] INFO  server.RaftServerConfigKeys (ConfUtils.java:logFallback(53)) - raft.server.rpc.first-election.timeout.max = 300ms (fallback to raft.server.rpc.timeout.max)
2024-10-07 19:12:00,455 [s4@group-F5D0649D4159-FollowerState] INFO  impl.FollowerState (FollowerState.java:runImpl(165)) - s4@group-F5D0649D4159-FollowerState was interrupted
2024-10-07 19:12:00,455 [NettyRpcService-workerGroup--thread1] INFO  server.RaftServer$Division (RaftServerImpl.java:requestVote(1443)) - s1@group-F5D0649D4159: receive requestVote(ELECTION, s2, group-F5D0649D4159, 1, (t:0, i:0))
2024-10-07 19:12:00,455 [NettyRpcService-workerGroup--thread1] INFO  impl.RoleInfo (RoleInfo.java:updateAndGet(148)) - s0: start s0@group-F5D0649D4159-FollowerState
2024-10-07 19:12:00,455 [NettyRpcService-workerGroup--thread1] INFO  impl.RoleInfo (RoleInfo.java:updateAndGet(148)) - s3: start s3@group-F5D0649D4159-FollowerState
2024-10-07 19:12:00,455 [NettyRpcService-workerGroup--thread1] INFO  impl.RoleInfo (RoleInfo.java:updateAndGet(148)) - s4: start s4@group-F5D0649D4159-FollowerState
2024-10-07 19:12:00,455 [NettyRpcService-workerGroup--thread1] INFO  server.RaftServer$Division (RaftServerImpl.java:setFirstElection(560)) - s0@group-F5D0649D4159: set firstElectionSinceStartup to false for candidate:s2
2024-10-07 19:12:00,455 [NettyRpcService-workerGroup--thread1] INFO  impl.VoteContext (VoteContext.java:log(49)) - s1@group-F5D0649D4159-FOLLOWER: accept ELECTION from s2: our priority 0 <= candidate's priority 0
2024-10-07 19:12:00,456 [NettyRpcService-workerGroup--thread1] INFO  server.RaftServer$Division (RaftServerImpl.java:setRole(379)) - s1@group-F5D0649D4159: changes role from  FOLLOWER to FOLLOWER at term 0 for candidate:s2
2024-10-07 19:12:00,456 [NettyRpcService-workerGroup--thread1] INFO  impl.RoleInfo (RoleInfo.java:shutdownFollowerState(121)) - s1: shutdown s1@group-F5D0649D4159-FollowerState
2024-10-07 19:12:00,456 [NettyRpcService-workerGroup--thread1] INFO  impl.RoleInfo (RoleInfo.java:updateAndGet(148)) - s1: start s1@group-F5D0649D4159-FollowerState
2024-10-07 19:12:00,456 [s1@group-F5D0649D4159-FollowerState] INFO  impl.FollowerState (FollowerState.java:runImpl(165)) - s1@group-F5D0649D4159-FollowerState was interrupted
2024-10-07 19:12:00,456 [NettyRpcService-workerGroup--thread1] INFO  server.RaftServer$Division (RaftServerImpl.java:setFirstElection(560)) - s1@group-F5D0649D4159: set firstElectionSinceStartup to false for candidate:s2
2024-10-07 19:12:00,456 [NettyRpcService-workerGroup--thread1] INFO  server.RaftServer$Division (RaftServerImpl.java:setFirstElection(560)) - s4@group-F5D0649D4159: set firstElectionSinceStartup to false for candidate:s2
2024-10-07 19:12:00,456 [NettyRpcService-workerGroup--thread1] INFO  server.RaftServer$Division (RaftServerImpl.java:setFirstElection(560)) - s3@group-F5D0649D4159: set firstElectionSinceStartup to false for candidate:s2
2024-10-07 19:12:00,456 [NettyRpcService-workerGroup--thread1] TRACE util.FileUtils (LogUtils.java:supplyAndLog(69)) - Successfully supplied FileChannel.open /home/runner/work/ratis/ratis/ratis-test/target/test/data/bef150af/MiniRaftClusterWithNettya9d77aa8/s4/6a8598e3-a76b-4f25-837c-f5d0649d4159/current/raft-meta.tmp with options [CREATE, WRITE]: sun.nio.ch.FileChannelImpl@223e553c
2024-10-07 19:12:00,456 [NettyRpcService-workerGroup--thread1] TRACE util.FileUtils (LogUtils.java:supplyAndLog(69)) - Successfully supplied FileChannel.open /home/runner/work/ratis/ratis/ratis-test/target/test/data/bef150af/MiniRaftClusterWithNettya9d77aa8/s1/6a8598e3-a76b-4f25-837c-f5d0649d4159/current/raft-meta.tmp with options [CREATE, WRITE]: sun.nio.ch.FileChannelImpl@8c5bad3
2024-10-07 19:12:00,456 [NettyRpcService-workerGroup--thread1] TRACE util.FileUtils (LogUtils.java:supplyAndLog(69)) - Successfully supplied FileChannel.open /home/runner/work/ratis/ratis/ratis-test/target/test/data/bef150af/MiniRaftClusterWithNettya9d77aa8/s0/6a8598e3-a76b-4f25-837c-f5d0649d4159/current/raft-meta.tmp with options [CREATE, WRITE]: sun.nio.ch.FileChannelImpl@350e254a
2024-10-07 19:12:00,458 [NettyRpcService-workerGroup--thread1] TRACE util.FileUtils (LogUtils.java:runAndLog(49)) - Successfully ran Atomic Files.move /home/runner/work/ratis/ratis/ratis-test/target/test/data/bef150af/MiniRaftClusterWithNettya9d77aa8/s4/6a8598e3-a76b-4f25-837c-f5d0649d4159/current/raft-meta.tmp to /home/runner/work/ratis/ratis/ratis-test/target/test/data/bef150af/MiniRaftClusterWithNettya9d77aa8/s4/6a8598e3-a76b-4f25-837c-f5d0649d4159/current/raft-meta with options [REPLACE_EXISTING]
2024-10-07 19:12:00,458 [NettyRpcService-workerGroup--thread1] TRACE util.FileUtils (LogUtils.java:runAndLog(49)) - Successfully ran Atomic Files.move /home/runner/work/ratis/ratis/ratis-test/target/test/data/bef150af/MiniRaftClusterWithNettya9d77aa8/s0/6a8598e3-a76b-4f25-837c-f5d0649d4159/current/raft-meta.tmp to /home/runner/work/ratis/ratis/ratis-test/target/test/data/bef150af/MiniRaftClusterWithNettya9d77aa8/s0/6a8598e3-a76b-4f25-837c-f5d0649d4159/current/raft-meta with options [REPLACE_EXISTING]
2024-10-07 19:12:00,458 [NettyRpcService-workerGroup--thread1] INFO  server.RaftServer$Division (RaftServerImpl.java:requestVote(1476)) - s4@group-F5D0649D4159 replies to ELECTION vote request: s2<-s4#0:OK-t1. Peer's state: s4@group-F5D0649D4159:t1, leader=null, voted=s2, raftlog=Memoized:s4@group-F5D0649D4159-SegmentedRaftLog:OPENED:c-1:lastnull, conf=conf: {index: -1, cur=peers:[s3|localhost:15152, s4|localhost:15156, s0|localhost:15140, s1|localhost:15144, s2|localhost:15148]|listeners:[], old=null}
2024-10-07 19:12:00,458 [NettyRpcService-workerGroup--thread1] TRACE util.FileUtils (LogUtils.java:runAndLog(49)) - Successfully ran Atomic Files.move /home/runner/work/ratis/ratis/ratis-test/target/test/data/bef150af/MiniRaftClusterWithNettya9d77aa8/s1/6a8598e3-a76b-4f25-837c-f5d0649d4159/current/raft-meta.tmp to /home/runner/work/ratis/ratis/ratis-test/target/test/data/bef150af/MiniRaftClusterWithNettya9d77aa8/s1/6a8598e3-a76b-4f25-837c-f5d0649d4159/current/raft-meta with options [REPLACE_EXISTING]
2024-10-07 19:12:00,458 [NettyRpcService-workerGroup--thread1] INFO  server.RaftServer$Division (RaftServerImpl.java:requestVote(1476)) - s0@group-F5D0649D4159 replies to ELECTION vote request: s2<-s0#0:OK-t1. Peer's state: s0@group-F5D0649D4159:t1, leader=null, voted=s2, raftlog=Memoized:s0@group-F5D0649D4159-SegmentedRaftLog:OPENED:c-1:lastnull, conf=conf: {index: -1, cur=peers:[s3|localhost:15152, s4|localhost:15156, s0|localhost:15140, s1|localhost:15144, s2|localhost:15148]|listeners:[], old=null}
2024-10-07 19:12:00,458 [NettyRpcService-workerGroup--thread1] INFO  server.RaftServer$Division (RaftServerImpl.java:requestVote(1476)) - s1@group-F5D0649D4159 replies to ELECTION vote request: s2<-s1#0:OK-t1. Peer's state: s1@group-F5D0649D4159:t1, leader=null, voted=s2, raftlog=Memoized:s1@group-F5D0649D4159-SegmentedRaftLog:OPENED:c-1:lastnull, conf=conf: {index: -1, cur=peers:[s3|localhost:15152, s4|localhost:15156, s0|localhost:15140, s1|localhost:15144, s2|localhost:15148]|listeners:[], old=null}
2024-10-07 19:12:00,458 [s2@group-F5D0649D4159-LeaderElection15] INFO  impl.LeaderElection (LeaderElection.java:logAndReturn(90)) - s2@group-F5D0649D4159-LeaderElection15: ELECTION PASSED received 2 response(s) and 0 exception(s):
2024-10-07 19:12:00,459 [s2@group-F5D0649D4159-LeaderElection15] INFO  impl.LeaderElection (LeaderElection.java:logAndReturn(94)) -   Response 0: s2<-s0#0:OK-t1
2024-10-07 19:12:00,459 [s2@group-F5D0649D4159-LeaderElection15] INFO  impl.LeaderElection (LeaderElection.java:logAndReturn(94)) -   Response 1: s2<-s1#0:OK-t1
2024-10-07 19:12:00,459 [s2@group-F5D0649D4159-LeaderElection15] INFO  impl.LeaderElection (LeaderElection.java:askForVotes(339)) - s2@group-F5D0649D4159-LeaderElection15 ELECTION round 0: result PASSED
2024-10-07 19:12:00,459 [s2@group-F5D0649D4159-LeaderElection15] INFO  impl.RoleInfo (RoleInfo.java:shutdownLeaderElection(141)) - s2: shutdown s2@group-F5D0649D4159-LeaderElection15
2024-10-07 19:12:00,459 [s2@group-F5D0649D4159-LeaderElection15] INFO  server.RaftServer$Division (RaftServerImpl.java:setRole(379)) - s2@group-F5D0649D4159: changes role from CANDIDATE to LEADER at term 1 for changeToLeader
2024-10-07 19:12:00,459 [s2@group-F5D0649D4159-LeaderElection15] INFO  server.RaftServerConfigKeys (ConfUtils.java:logGet(46)) - raft.server.staging.catchup.gap = 1000 (default)
2024-10-07 19:12:00,459 [s2@group-F5D0649D4159-LeaderElection15] INFO  server.RaftServerConfigKeys (ConfUtils.java:logGet(46)) - raft.server.write.element-limit = 4096 (default)
2024-10-07 19:12:00,459 [s2@group-F5D0649D4159-LeaderElection15] INFO  server.RaftServerConfigKeys (ConfUtils.java:logGet(46)) - raft.server.write.byte-limit = 64MB (=67108864) (default)
2024-10-07 19:12:00,459 [s2@group-F5D0649D4159-LeaderElection15] INFO  server.RaftServerConfigKeys (ConfUtils.java:logGet(46)) - raft.server.watch.timeout = 10s (default)
2024-10-07 19:12:00,459 [s2@group-F5D0649D4159-LeaderElection15] INFO  server.RaftServerConfigKeys (ConfUtils.java:logGet(46)) - raft.server.watch.timeout.denomination = 1s (default)
2024-10-07 19:12:00,459 [s2@group-F5D0649D4159-LeaderElection15] INFO  server.RaftServerConfigKeys (ConfUtils.java:logGet(46)) - raft.server.watch.element-limit = 65536 (default)
2024-10-07 19:12:00,459 [s2@group-F5D0649D4159-LeaderElection15] INFO  server.RaftServerConfigKeys (ConfUtils.java:logGet(46)) - raft.server.read.leader.lease.enabled = false (default)
2024-10-07 19:12:00,460 [s2@group-F5D0649D4159-LeaderElection15] INFO  server.RaftServerConfigKeys (ConfUtils.java:logGet(46)) - raft.server.read.leader.lease.timeout.ratio = 0.9 (default)
2024-10-07 19:12:00,460 [s2@group-F5D0649D4159-LeaderElection15] INFO  server.RaftServerConfigKeys (ConfUtils.java:logGet(46)) - raft.server.rpc.timeout.min = 150ms (default)
2024-10-07 19:12:00,460 [s2@group-F5D0649D4159-LeaderElection15] INFO  server.RaftServerConfigKeys (ConfUtils.java:logGet(46)) - raft.server.log.log-metadata.enabled = true (default)
2024-10-07 19:12:00,460 [s2@group-F5D0649D4159-LeaderElection15] INFO  server.RaftServerConfigKeys (ConfUtils.java:logGet(46)) - raft.server.write.element-limit = 4096 (default)
2024-10-07 19:12:00,460 [s2@group-F5D0649D4159-LeaderElection15] INFO  server.RaftServerConfigKeys (ConfUtils.java:logGet(46)) - raft.server.write.follower.gap.ratio.max = -1.0 (default)
2024-10-07 19:12:00,460 [s2@group-F5D0649D4159-LeaderElection15] INFO  server.RaftServerConfigKeys (ConfUtils.java:logGet(46)) - raft.server.log.appender.snapshot.chunk.size.max = 16MB (=16777216) (default)
2024-10-07 19:12:00,460 [s2@group-F5D0649D4159-LeaderElection15] INFO  server.RaftServerConfigKeys (ConfUtils.java:logGet(46)) - raft.server.log.appender.buffer.byte-limit = 4MB (=4194304) (default)
2024-10-07 19:12:00,460 [s2@group-F5D0649D4159-LeaderElection15] INFO  server.RaftServerConfigKeys (ConfUtils.java:logGet(46)) - raft.server.log.appender.buffer.element-limit = 0 (default)
2024-10-07 19:12:00,460 [s2@group-F5D0649D4159-LeaderElection15] INFO  server.RaftServerConfigKeys (ConfUtils.java:logGet(46)) - raft.server.log.appender.wait-time.min = 1ms (default)
2024-10-07 19:12:00,460 [s2@group-F5D0649D4159-LeaderElection15] INFO  server.RaftServerConfigKeys (ConfUtils.java:logGet(46)) - raft.server.log.appender.snapshot.chunk.size.max = 16MB (=16777216) (default)
2024-10-07 19:12:00,460 [s2@group-F5D0649D4159-LeaderElection15] INFO  server.RaftServerConfigKeys (ConfUtils.java:logGet(46)) - raft.server.log.appender.buffer.byte-limit = 4MB (=4194304) (default)
2024-10-07 19:12:00,461 [s2@group-F5D0649D4159-LeaderElection15] INFO  server.RaftServerConfigKeys (ConfUtils.java:logGet(46)) - raft.server.log.appender.buffer.element-limit = 0 (default)
2024-10-07 19:12:00,461 [s2@group-F5D0649D4159-LeaderElection15] INFO  server.RaftServerConfigKeys (ConfUtils.java:logGet(46)) - raft.server.log.appender.wait-time.min = 1ms (default)
2024-10-07 19:12:00,461 [s2@group-F5D0649D4159-LeaderElection15] INFO  server.RaftServerConfigKeys (ConfUtils.java:logGet(46)) - raft.server.log.appender.snapshot.chunk.size.max = 16MB (=16777216) (default)
2024-10-07 19:12:00,461 [s2@group-F5D0649D4159-LeaderElection15] INFO  server.RaftServerConfigKeys (ConfUtils.java:logGet(46)) - raft.server.log.appender.buffer.byte-limit = 4MB (=4194304) (default)
2024-10-07 19:12:00,461 [s2@group-F5D0649D4159-LeaderElection15] INFO  server.RaftServerConfigKeys (ConfUtils.java:logGet(46)) - raft.server.log.appender.buffer.element-limit = 0 (default)
2024-10-07 19:12:00,461 [s2@group-F5D0649D4159-LeaderElection15] INFO  server.RaftServerConfigKeys (ConfUtils.java:logGet(46)) - raft.server.log.appender.wait-time.min = 1ms (default)
2024-10-07 19:12:00,461 [s2@group-F5D0649D4159-LeaderElection15] INFO  server.RaftServerConfigKeys (ConfUtils.java:logGet(46)) - raft.server.log.appender.snapshot.chunk.size.max = 16MB (=16777216) (default)
2024-10-07 19:12:00,461 [s2@group-F5D0649D4159-LeaderElection15] INFO  server.RaftServerConfigKeys (ConfUtils.java:logGet(46)) - raft.server.log.appender.buffer.byte-limit = 4MB (=4194304) (default)
2024-10-07 19:12:00,461 [s2@group-F5D0649D4159-LeaderElection15] INFO  server.RaftServerConfigKeys (ConfUtils.java:logGet(46)) - raft.server.log.appender.buffer.element-limit = 0 (default)
2024-10-07 19:12:00,461 [s2@group-F5D0649D4159-LeaderElection15] INFO  server.RaftServerConfigKeys (ConfUtils.java:logGet(46)) - raft.server.log.appender.wait-time.min = 1ms (default)
2024-10-07 19:12:00,461 [s2@group-F5D0649D4159-LeaderElection15] INFO  impl.RoleInfo (RoleInfo.java:updateAndGet(148)) - s2: start s2@group-F5D0649D4159-LeaderStateImpl
2024-10-07 19:12:00,461 [s2@group-F5D0649D4159-LeaderElection15] INFO  server.RaftServer$Division (RaftServerImpl.java:setFirstElection(560)) - s2@group-F5D0649D4159: set firstElectionSinceStartup to false for becomeLeader
2024-10-07 19:12:00,461 [s2@group-F5D0649D4159-LeaderElection15] INFO  server.RaftServer$Division (ServerState.java:setLeader(272)) - s2@group-F5D0649D4159: change Leader from null to s2 at term 1 for becomeLeader, leader elected after 242ms
2024-10-07 19:12:00,462 [s2@group-F5D0649D4159-LeaderElection15] INFO  segmented.SegmentedRaftLogWorker (SegmentedRaftLogWorker.java:startLogSegment(438)) - s2@group-F5D0649D4159-SegmentedRaftLogWorker: Starting segment from index:0
2024-10-07 19:12:00,462 [s2@group-F5D0649D4159-LeaderElection15] INFO  server.RaftServer$Division (ServerState.java:setRaftConf(386)) - s2@group-F5D0649D4159: set configuration conf: {index: 0, cur=peers:[s3|localhost:15152, s4|localhost:15156, s0|localhost:15140, s1|localhost:15144, s2|localhost:15148]|listeners:[], old=null}
2024-10-07 19:12:00,462 [s2@group-F5D0649D4159-SegmentedRaftLogWorker] INFO  segmented.BufferedWriteChannel (BufferedWriteChannel.java:open(61)) - open log_inprogress_0 at position 0
2024-10-07 19:12:00,468 [NettyRpcService-workerGroup--thread1] INFO  server.RaftServer$Division (ServerState.java:setLeader(272)) - s0@group-F5D0649D4159: change Leader from null to s2 at term 1 for appendEntries, leader elected after 265ms
2024-10-07 19:12:00,469 [NettyRpcService-workerGroup--thread1] INFO  server.RaftServer$Division (ServerState.java:setLeader(272)) - s1@group-F5D0649D4159: change Leader from null to s2 at term 1 for appendEntries, leader elected after 254ms
2024-10-07 19:12:00,470 [NettyRpcService-workerGroup--thread1] INFO  server.RaftServer$Division (ServerState.java:setLeader(272)) - s4@group-F5D0649D4159: change Leader from null to s2 at term 1 for appendEntries, leader elected after 272ms
2024-10-07 19:12:00,471 [s2@group-F5D0649D4159-SegmentedRaftLogWorker] INFO  segmented.SegmentedRaftLogWorker (SegmentedRaftLogWorker.java:execute(660)) - s2@group-F5D0649D4159-SegmentedRaftLogWorker: created new log segment /home/runner/work/ratis/ratis/ratis-test/target/test/data/bef150af/MiniRaftClusterWithNettya9d77aa8/s2/6a8598e3-a76b-4f25-837c-f5d0649d4159/current/log_inprogress_0
2024-10-07 19:12:00,472 [NettyRpcService-workerGroup--thread1] DEBUG server.RaftServer$Division (RaftServerImpl.java:logAppendEntries(1545)) - s4@group-F5D0649D4159: appendEntries* s2->s4#749-t1,previous=(t:0, i:0),leaderCommit=-1,initializing? false,entries: size=1, first=(t:1, i:0), CONFIGURATIONENTRY(current:id:"s3"address:"localhost:15152"dataStreamAddress:"localhost:15155"clientAddress:"localhost:15154"adminAddress:"localhost:15153"startupRole:FOLLOWER, id:"s4"address:"localhost:15156"dataStreamAddress:"localhost:15159"clientAddress:"localhost:15158"adminAddress:"localhost:15157"startupRole:FOLLOWER, id:"s0"address:"localhost:15140"dataStreamAddress:"localhost:15143"clientAddress:"localhost:15142"adminAddress:"localhost:15141"startupRole:FOLLOWER, id:"s1"address:"localhost:15144"dataStreamAddress:"localhost:15147"clientAddress:"localhost:15146"adminAddress:"localhost:15145"startupRole:FOLLOWER, id:"s2"address:"localhost:15148"dataStreamAddress:"localhost:15151"clientAddress:"localhost:15150"adminAddress:"localhost:15149"startupRole:FOLLOWER, old:)
2024-10-07 19:12:00,472 [NettyRpcService-workerGroup--thread1] INFO  server.RaftServer$Division (ServerState.java:setRaftConf(386)) - s4@group-F5D0649D4159: set configuration conf: {index: 0, cur=peers:[s3|localhost:15152, s4|localhost:15156, s0|localhost:15140, s1|localhost:15144, s2|localhost:15148]|listeners:[], old=null}
2024-10-07 19:12:00,473 [NettyRpcService-workerGroup--thread1] DEBUG server.RaftServer$Division (RaftServerImpl.java:logAppendEntries(1545)) - s0@group-F5D0649D4159: appendEntries* s2->s0#750-t1,previous=(t:0, i:0),leaderCommit=-1,initializing? false,entries: size=1, first=(t:1, i:0), CONFIGURATIONENTRY(current:id:"s3"address:"localhost:15152"dataStreamAddress:"localhost:15155"clientAddress:"localhost:15154"adminAddress:"localhost:15153"startupRole:FOLLOWER, id:"s4"address:"localhost:15156"dataStreamAddress:"localhost:15159"clientAddress:"localhost:15158"adminAddress:"localhost:15157"startupRole:FOLLOWER, id:"s0"address:"localhost:15140"dataStreamAddress:"localhost:15143"clientAddress:"localhost:15142"adminAddress:"localhost:15141"startupRole:FOLLOWER, id:"s1"address:"localhost:15144"dataStreamAddress:"localhost:15147"clientAddress:"localhost:15146"adminAddress:"localhost:15145"startupRole:FOLLOWER, id:"s2"address:"localhost:15148"dataStreamAddress:"localhost:15151"clientAddress:"localhost:15150"adminAddress:"localhost:15149"startupRole:FOLLOWER, old:)
2024-10-07 19:12:00,473 [NettyRpcService-workerGroup--thread1] INFO  segmented.SegmentedRaftLogWorker (SegmentedRaftLogWorker.java:startLogSegment(438)) - s4@group-F5D0649D4159-SegmentedRaftLogWorker: Starting segment from index:0
2024-10-07 19:12:00,473 [NettyRpcService-workerGroup--thread1] INFO  server.RaftServer$Division (ServerState.java:setRaftConf(386)) - s0@group-F5D0649D4159: set configuration conf: {index: 0, cur=peers:[s3|localhost:15152, s4|localhost:15156, s0|localhost:15140, s1|localhost:15144, s2|localhost:15148]|listeners:[], old=null}
2024-10-07 19:12:00,473 [NettyRpcService-workerGroup--thread1] INFO  segmented.SegmentedRaftLogWorker (SegmentedRaftLogWorker.java:startLogSegment(438)) - s0@group-F5D0649D4159-SegmentedRaftLogWorker: Starting segment from index:0
2024-10-07 19:12:00,473 [s4@group-F5D0649D4159-SegmentedRaftLogWorker] INFO  segmented.BufferedWriteChannel (BufferedWriteChannel.java:open(61)) - open log_inprogress_0 at position 0
2024-10-07 19:12:00,477 [NettyRpcService-workerGroup--thread1] DEBUG server.RaftServer$Division (RaftServerImpl.java:logAppendEntries(1545)) - s1@group-F5D0649D4159: appendEntries* s2->s1#751-t1,previous=(t:0, i:0),leaderCommit=-1,initializing? false,entries: size=1, first=(t:1, i:0), CONFIGURATIONENTRY(current:id:"s3"address:"localhost:15152"dataStreamAddress:"localhost:15155"clientAddress:"localhost:15154"adminAddress:"localhost:15153"startupRole:FOLLOWER, id:"s4"address:"localhost:15156"dataStreamAddress:"localhost:15159"clientAddress:"localhost:15158"adminAddress:"localhost:15157"startupRole:FOLLOWER, id:"s0"address:"localhost:15140"dataStreamAddress:"localhost:15143"clientAddress:"localhost:15142"adminAddress:"localhost:15141"startupRole:FOLLOWER, id:"s1"address:"localhost:15144"dataStreamAddress:"localhost:15147"clientAddress:"localhost:15146"adminAddress:"localhost:15145"startupRole:FOLLOWER, id:"s2"address:"localhost:15148"dataStreamAddress:"localhost:15151"clientAddress:"localhost:15150"adminAddress:"localhost:15149"startupRole:FOLLOWER, old:)
2024-10-07 19:12:00,477 [NettyRpcService-workerGroup--thread1] INFO  server.RaftServer$Division (ServerState.java:setRaftConf(386)) - s1@group-F5D0649D4159: set configuration conf: {index: 0, cur=peers:[s3|localhost:15152, s4|localhost:15156, s0|localhost:15140, s1|localhost:15144, s2|localhost:15148]|listeners:[], old=null}
2024-10-07 19:12:00,477 [NettyRpcService-workerGroup--thread1] INFO  segmented.SegmentedRaftLogWorker (SegmentedRaftLogWorker.java:startLogSegment(438)) - s1@group-F5D0649D4159-SegmentedRaftLogWorker: Starting segment from index:0
2024-10-07 19:12:00,477 [s1@group-F5D0649D4159-SegmentedRaftLogWorker] INFO  segmented.BufferedWriteChannel (BufferedWriteChannel.java:open(61)) - open log_inprogress_0 at position 0
2024-10-07 19:12:00,484 [s0@group-F5D0649D4159-SegmentedRaftLogWorker] INFO  segmented.BufferedWriteChannel (BufferedWriteChannel.java:open(61)) - open log_inprogress_0 at position 0
2024-10-07 19:12:00,496 [s1@group-F5D0649D4159-SegmentedRaftLogWorker] INFO  segmented.SegmentedRaftLogWorker (SegmentedRaftLogWorker.java:execute(660)) - s1@group-F5D0649D4159-SegmentedRaftLogWorker: created new log segment /home/runner/work/ratis/ratis/ratis-test/target/test/data/bef150af/MiniRaftClusterWithNettya9d77aa8/s1/6a8598e3-a76b-4f25-837c-f5d0649d4159/current/log_inprogress_0
2024-10-07 19:12:00,496 [s1-server-thread1] DEBUG server.RaftServer$Division (RaftServerImpl.java:logAppendEntries(1545)) - s1@group-F5D0649D4159: appendEntries* reply s2<-s1#751:OK-t1,SUCCESS,nextIndex=1,followerCommit=-1,matchIndex=0
2024-10-07 19:12:00,497 [s4@group-F5D0649D4159-SegmentedRaftLogWorker] INFO  segmented.SegmentedRaftLogWorker (SegmentedRaftLogWorker.java:execute(660)) - s4@group-F5D0649D4159-SegmentedRaftLogWorker: created new log segment /home/runner/work/ratis/ratis/ratis-test/target/test/data/bef150af/MiniRaftClusterWithNettya9d77aa8/s4/6a8598e3-a76b-4f25-837c-f5d0649d4159/current/log_inprogress_0
2024-10-07 19:12:00,497 [s0@group-F5D0649D4159-SegmentedRaftLogWorker] INFO  segmented.SegmentedRaftLogWorker (SegmentedRaftLogWorker.java:execute(660)) - s0@group-F5D0649D4159-SegmentedRaftLogWorker: created new log segment /home/runner/work/ratis/ratis/ratis-test/target/test/data/bef150af/MiniRaftClusterWithNettya9d77aa8/s0/6a8598e3-a76b-4f25-837c-f5d0649d4159/current/log_inprogress_0
2024-10-07 19:12:00,498 [s4-server-thread1] DEBUG server.RaftServer$Division (RaftServerImpl.java:logAppendEntries(1545)) - s4@group-F5D0649D4159: appendEntries* reply s2<-s4#749:OK-t1,SUCCESS,nextIndex=1,followerCommit=-1,matchIndex=0
2024-10-07 19:12:00,498 [s0-server-thread1] DEBUG server.RaftServer$Division (RaftServerImpl.java:logAppendEntries(1545)) - s0@group-F5D0649D4159: appendEntries* reply s2<-s0#750:OK-t1,SUCCESS,nextIndex=1,followerCommit=-1,matchIndex=0
2024-10-07 19:12:00,498 [s2@group-F5D0649D4159-StateMachineUpdater] TRACE util.FileUtils (LogUtils.java:supplyAndLog(69)) - Successfully supplied FileChannel.open /home/runner/work/ratis/ratis/ratis-test/target/test/data/bef150af/MiniRaftClusterWithNettya9d77aa8/s2/6a8598e3-a76b-4f25-837c-f5d0649d4159/current/raft-meta.conf.tmp with options [CREATE, WRITE]: sun.nio.ch.FileChannelImpl@5c81bb37
2024-10-07 19:12:00,500 [s2@group-F5D0649D4159-StateMachineUpdater] TRACE util.FileUtils (LogUtils.java:runAndLog(49)) - Successfully ran Atomic Files.move /home/runner/work/ratis/ratis/ratis-test/target/test/data/bef150af/MiniRaftClusterWithNettya9d77aa8/s2/6a8598e3-a76b-4f25-837c-f5d0649d4159/current/raft-meta.conf.tmp to /home/runner/work/ratis/ratis/ratis-test/target/test/data/bef150af/MiniRaftClusterWithNettya9d77aa8/s2/6a8598e3-a76b-4f25-837c-f5d0649d4159/current/raft-meta.conf with options [REPLACE_EXISTING]
2024-10-07 19:12:00,500 [s2@group-F5D0649D4159-StateMachineUpdater] INFO  server.RaftServer$Division (LeaderStateImpl.java:checkStartIndex(314)) - Leader s2@group-F5D0649D4159-LeaderStateImpl is ready since appliedIndex == startIndex == 0
2024-10-07 19:12:00,573 [s1@group-F5D0649D4159-StateMachineUpdater] TRACE util.FileUtils (LogUtils.java:supplyAndLog(69)) - Successfully supplied FileChannel.open /home/runner/work/ratis/ratis/ratis-test/target/test/data/bef150af/MiniRaftClusterWithNettya9d77aa8/s1/6a8598e3-a76b-4f25-837c-f5d0649d4159/current/raft-meta.conf.tmp with options [CREATE, WRITE]: sun.nio.ch.FileChannelImpl@36433e78
2024-10-07 19:12:00,574 [s0@group-F5D0649D4159-StateMachineUpdater] TRACE util.FileUtils (LogUtils.java:supplyAndLog(69)) - Successfully supplied FileChannel.open /home/runner/work/ratis/ratis/ratis-test/target/test/data/bef150af/MiniRaftClusterWithNettya9d77aa8/s0/6a8598e3-a76b-4f25-837c-f5d0649d4159/current/raft-meta.conf.tmp with options [CREATE, WRITE]: sun.nio.ch.FileChannelImpl@6618bfdf
2024-10-07 19:12:00,574 [s4@group-F5D0649D4159-StateMachineUpdater] TRACE util.FileUtils (LogUtils.java:supplyAndLog(69)) - Successfully supplied FileChannel.open /home/runner/work/ratis/ratis/ratis-test/target/test/data/bef150af/MiniRaftClusterWithNettya9d77aa8/s4/6a8598e3-a76b-4f25-837c-f5d0649d4159/current/raft-meta.conf.tmp with options [CREATE, WRITE]: sun.nio.ch.FileChannelImpl@309631e6
2024-10-07 19:12:00,576 [s1@group-F5D0649D4159-StateMachineUpdater] TRACE util.FileUtils (LogUtils.java:runAndLog(49)) - Successfully ran Atomic Files.move /home/runner/work/ratis/ratis/ratis-test/target/test/data/bef150af/MiniRaftClusterWithNettya9d77aa8/s1/6a8598e3-a76b-4f25-837c-f5d0649d4159/current/raft-meta.conf.tmp to /home/runner/work/ratis/ratis/ratis-test/target/test/data/bef150af/MiniRaftClusterWithNettya9d77aa8/s1/6a8598e3-a76b-4f25-837c-f5d0649d4159/current/raft-meta.conf with options [REPLACE_EXISTING]
2024-10-07 19:12:00,576 [s4@group-F5D0649D4159-StateMachineUpdater] TRACE util.FileUtils (LogUtils.java:runAndLog(49)) - Successfully ran Atomic Files.move /home/runner/work/ratis/ratis/ratis-test/target/test/data/bef150af/MiniRaftClusterWithNettya9d77aa8/s4/6a8598e3-a76b-4f25-837c-f5d0649d4159/current/raft-meta.conf.tmp to /home/runner/work/ratis/ratis/ratis-test/target/test/data/bef150af/MiniRaftClusterWithNettya9d77aa8/s4/6a8598e3-a76b-4f25-837c-f5d0649d4159/current/raft-meta.conf with options [REPLACE_EXISTING]
2024-10-07 19:12:00,576 [s0@group-F5D0649D4159-StateMachineUpdater] TRACE util.FileUtils (LogUtils.java:runAndLog(49)) - Successfully ran Atomic Files.move /home/runner/work/ratis/ratis/ratis-test/target/test/data/bef150af/MiniRaftClusterWithNettya9d77aa8/s0/6a8598e3-a76b-4f25-837c-f5d0649d4159/current/raft-meta.conf.tmp to /home/runner/work/ratis/ratis/ratis-test/target/test/data/bef150af/MiniRaftClusterWithNettya9d77aa8/s0/6a8598e3-a76b-4f25-837c-f5d0649d4159/current/raft-meta.conf with options [REPLACE_EXISTING]
2024-10-07 19:12:00,715 [main] INFO  ratis.RaftTestUtil (RaftTestUtil.java:waitForLeader(131)) - printing ALL groups
  s3:  RUNNING  FOLLOWER s3@group-F5D0649D4159:t1, leader=null, voted=null, raftlog=Memoized:s3@group-F5D0649D4159-SegmentedRaftLog:OPENED:c-1:lastnull, conf=conf: {index: -1, cur=peers:[s3|localhost:15152, s4|localhost:15156, s0|localhost:15140, s1|localhost:15144, s2|localhost:15148]|listeners:[], old=null} RUNNING
  s4:  RUNNING  FOLLOWER s4@group-F5D0649D4159:t1, leader=s2, voted=s2, raftlog=Memoized:s4@group-F5D0649D4159-SegmentedRaftLog:OPENED:c0:last(t:1, i:0), conf=conf: {index: 0, cur=peers:[s3|localhost:15152, s4|localhost:15156, s0|localhost:15140, s1|localhost:15144, s2|localhost:15148]|listeners:[], old=null} RUNNING
  s0:  RUNNING  FOLLOWER s0@group-F5D0649D4159:t1, leader=s2, voted=s2, raftlog=Memoized:s0@group-F5D0649D4159-SegmentedRaftLog:OPENED:c0:last(t:1, i:0), conf=conf: {index: 0, cur=peers:[s3|localhost:15152, s4|localhost:15156, s0|localhost:15140, s1|localhost:15144, s2|localhost:15148]|listeners:[], old=null} RUNNING
  s1:  RUNNING  FOLLOWER s1@group-F5D0649D4159:t1, leader=s2, voted=s2, raftlog=Memoized:s1@group-F5D0649D4159-SegmentedRaftLog:OPENED:c0:last(t:1, i:0), conf=conf: {index: 0, cur=peers:[s3|localhost:15152, s4|localhost:15156, s0|localhost:15140, s1|localhost:15144, s2|localhost:15148]|listeners:[], old=null} RUNNING
  s2:  RUNNING    LEADER s2@group-F5D0649D4159:t1, leader=s2, voted=s2, raftlog=Memoized:s2@group-F5D0649D4159-SegmentedRaftLog:OPENED:c0:last(t:1, i:0), conf=conf: {index: 0, cur=peers:[s3|localhost:15152, s4|localhost:15156, s0|localhost:15140, s1|localhost:15144, s2|localhost:15148]|listeners:[], old=null} RUNNING
2024-10-07 19:12:00,716 [main] INFO  ratis.RaftTestUtil (RaftTestUtil.java:waitAndKillLeader(147)) - killing leader =    LEADER s2@group-F5D0649D4159:t1, leader=s2, voted=s2, raftlog=Memoized:s2@group-F5D0649D4159-SegmentedRaftLog:OPENED:c0:last(t:1, i:0), conf=conf: {index: 0, cur=peers:[s3|localhost:15152, s4|localhost:15156, s0|localhost:15140, s1|localhost:15144, s2|localhost:15148]|listeners:[], old=null} RUNNING
2024-10-07 19:12:00,716 [main] INFO  impl.MiniRaftCluster (MiniRaftCluster.java:killServer(539)) - killServer s2
2024-10-07 19:12:00,716 [main] INFO  server.RaftServer (RaftServerProxy.java:lambda$close$9(418)) - s2: close
2024-10-07 19:12:00,716 [s2-impl-thread1] INFO  server.RaftServer$Division (RaftServerImpl.java:lambda$close$1(511)) - s2@group-F5D0649D4159: shutdown
2024-10-07 19:12:00,716 [NettyRpcService-bossGroup--thread1] INFO  logging.LoggingHandler (AbstractInternalLogger.java:log(148)) - [id: 0xd6a7f2e5, L:/0.0.0.0:15148] CLOSE
2024-10-07 19:12:00,716 [s2-impl-thread1] INFO  util.JmxRegister (JmxRegister.java:unregister(74)) - Successfully un-registered JMX Bean with object name Ratis:service=RaftServer,group=group-F5D0649D4159,id=s2
2024-10-07 19:12:00,716 [s2-impl-thread1] INFO  impl.RoleInfo (RoleInfo.java:shutdownLeaderState(103)) - s2: shutdown s2@group-F5D0649D4159-LeaderStateImpl
2024-10-07 19:12:00,717 [NettyRpcService-bossGroup--thread1] INFO  logging.LoggingHandler (AbstractInternalLogger.java:log(148)) - [id: 0xd6a7f2e5, L:/0.0.0.0:15148] INACTIVE
2024-10-07 19:12:00,717 [NettyRpcService-bossGroup--thread1] INFO  logging.LoggingHandler (AbstractInternalLogger.java:log(148)) - [id: 0xd6a7f2e5, L:/0.0.0.0:15148] UNREGISTERED
2024-10-07 19:12:00,717 [s2-impl-thread1] INFO  impl.PendingRequests (PendingRequests.java:sendNotLeaderResponses(287)) - s2@group-F5D0649D4159-PendingRequests: sendNotLeaderResponses
2024-10-07 19:12:00,717 [s2@group-F5D0649D4159->s3-LogAppenderDefault-LogAppenderDaemon] INFO  leader.LogAppenderDaemon (LogAppenderDaemon.java:run(87)) - s2@group-F5D0649D4159->s3-LogAppenderDefault-LogAppenderDaemon I/O was interrupted: java.io.InterruptedIOException: s2->s3#742 sending from s3|localhost:15152 is interrupted.
2024-10-07 19:12:00,717 [s2@group-F5D0649D4159->s4-LogAppenderDefault-LogAppenderDaemon] INFO  leader.LogAppenderDaemon (LogAppenderDaemon.java:run(85)) - s2@group-F5D0649D4159->s4-LogAppenderDefault-LogAppenderDaemon was interrupted: java.lang.InterruptedException
2024-10-07 19:12:00,717 [s2@group-F5D0649D4159->s1-LogAppenderDefault-LogAppenderDaemon] INFO  leader.LogAppenderDaemon (LogAppenderDaemon.java:run(85)) - s2@group-F5D0649D4159->s1-LogAppenderDefault-LogAppenderDaemon was interrupted: java.lang.InterruptedException
2024-10-07 19:12:00,717 [s2@group-F5D0649D4159->s0-LogAppenderDefault-LogAppenderDaemon] INFO  leader.LogAppenderDaemon (LogAppenderDaemon.java:run(85)) - s2@group-F5D0649D4159->s0-LogAppenderDefault-LogAppenderDaemon was interrupted: java.lang.InterruptedException
2024-10-07 19:12:00,717 [s2-impl-thread1] INFO  impl.StateMachineUpdater (StateMachineUpdater.java:stopAndJoin(164)) - s2@group-F5D0649D4159-StateMachineUpdater: set stopIndex = 0
2024-10-07 19:12:00,717 [s2@group-F5D0649D4159-StateMachineUpdater] INFO  impl.StateMachineUpdater (StateMachineUpdater.java:stop(141)) - s2@group-F5D0649D4159-StateMachineUpdater: closing BaseStateMachine, lastApplied=(t:1, i:0)
2024-10-07 19:12:00,718 [s2@group-F5D0649D4159-cacheEviction-AwaitToRun] INFO  util.AwaitToRun (AwaitToRun.java:run(49)) - s2@group-F5D0649D4159-cacheEviction-AwaitToRun-AwaitForSignal is interrupted
2024-10-07 19:12:00,832 [s4@group-F5D0649D4159-FollowerState] INFO  impl.FollowerState (FollowerState.java:runImpl(156)) - s4@group-F5D0649D4159-FollowerState: change to CANDIDATE, lastRpcElapsedTime:181248686ns, electionTimeout:152ms
2024-10-07 19:12:00,832 [s4@group-F5D0649D4159-FollowerState] INFO  impl.RoleInfo (RoleInfo.java:shutdownFollowerState(121)) - s4: shutdown s4@group-F5D0649D4159-FollowerState
2024-10-07 19:12:00,832 [s4@group-F5D0649D4159-FollowerState] INFO  server.RaftServer$Division (RaftServerImpl.java:setRole(379)) - s4@group-F5D0649D4159: changes role from  FOLLOWER to CANDIDATE at term 1 for changeToCandidate
2024-10-07 19:12:00,832 [s4@group-F5D0649D4159-FollowerState] INFO  server.RaftServerConfigKeys (ConfUtils.java:logGet(46)) - raft.server.leaderelection.pre-vote = true (default)
2024-10-07 19:12:00,833 [s4@group-F5D0649D4159-FollowerState] INFO  impl.RoleInfo (RoleInfo.java:updateAndGet(148)) - s4: start s4@group-F5D0649D4159-LeaderElection16
2024-10-07 19:12:00,833 [s4@group-F5D0649D4159-LeaderElection16] INFO  server.RaftServer$Division (ServerState.java:setLeader(272)) - s4@group-F5D0649D4159: change Leader from s2 to null at term 1 for PRE_VOTE
2024-10-07 19:12:00,833 [s4@group-F5D0649D4159-LeaderElection16] INFO  impl.LeaderElection (LeaderElection.java:askForVotes(337)) - s4@group-F5D0649D4159-LeaderElection16 PRE_VOTE round 0: submit vote requests at term 1 for conf: {index: 0, cur=peers:[s3|localhost:15152, s4|localhost:15156, s0|localhost:15140, s1|localhost:15144, s2|localhost:15148]|listeners:[], old=null}
2024-10-07 19:12:00,834 [NettyRpcService-bossGroup--thread1] INFO  logging.LoggingHandler (AbstractInternalLogger.java:log(148)) - [id: 0xab37dffa, L:/0.0.0.0:15152] READ: [id: 0xed01512d, L:/127.0.0.1:15152 - R:/127.0.0.1:40418]
2024-10-07 19:12:00,835 [s4@group-F5D0649D4159-LeaderElection16] INFO  impl.LeaderElection (LogUtils.java:infoOrTrace(136)) - s4@group-F5D0649D4159-LeaderElection16 got exception when requesting votes: java.util.concurrent.ExecutionException: org.apache.ratis.thirdparty.io.netty.channel.AbstractChannel$AnnotatedConnectException: finishConnect(..) failed: Connection refused: localhost/127.0.0.1:15148
2024-10-07 19:12:00,835 [NettyRpcService-bossGroup--thread1] INFO  logging.LoggingHandler (AbstractInternalLogger.java:log(148)) - [id: 0x3388f1c6, L:/0.0.0.0:15140] READ: [id: 0x06ab8225, L:/127.0.0.1:15140 - R:/127.0.0.1:39752]
2024-10-07 19:12:00,836 [NettyRpcService-bossGroup--thread1] INFO  logging.LoggingHandler (AbstractInternalLogger.java:log(148)) - [id: 0xab37dffa, L:/0.0.0.0:15152] READ COMPLETE
2024-10-07 19:12:00,836 [NettyRpcService-bossGroup--thread1] INFO  logging.LoggingHandler (AbstractInternalLogger.java:log(148)) - [id: 0x3388f1c6, L:/0.0.0.0:15140] READ COMPLETE
2024-10-07 19:12:00,836 [NettyRpcService-workerGroup--thread2] INFO  server.RaftServer$Division (RaftServerImpl.java:requestVote(1443)) - s3@group-F5D0649D4159: receive requestVote(PRE_VOTE, s4, group-F5D0649D4159, 1, (t:1, i:0))
2024-10-07 19:12:00,836 [NettyRpcService-workerGroup--thread2] INFO  server.RaftServer$Division (RaftServerImpl.java:requestVote(1443)) - s0@group-F5D0649D4159: receive requestVote(PRE_VOTE, s4, group-F5D0649D4159, 1, (t:1, i:0))
2024-10-07 19:12:00,837 [NettyRpcService-bossGroup--thread1] INFO  logging.LoggingHandler (AbstractInternalLogger.java:log(148)) - [id: 0x0df4760f, L:/0.0.0.0:15144] READ: [id: 0x247cdcaa, L:/127.0.0.1:15144 - R:/127.0.0.1:36006]
2024-10-07 19:12:00,837 [NettyRpcService-workerGroup--thread2] INFO  impl.VoteContext (VoteContext.java:log(49)) - s0@group-F5D0649D4159-FOLLOWER: accept PRE_VOTE from s4: our priority 0 <= candidate's priority 0
2024-10-07 19:12:00,837 [NettyRpcService-bossGroup--thread1] INFO  logging.LoggingHandler (AbstractInternalLogger.java:log(148)) - [id: 0x0df4760f, L:/0.0.0.0:15144] READ COMPLETE
2024-10-07 19:12:00,837 [NettyRpcService-workerGroup--thread2] INFO  server.RaftServer$Division (RaftServerImpl.java:requestVote(1476)) - s0@group-F5D0649D4159 replies to PRE_VOTE vote request: s4<-s0#0:OK-t1. Peer's state: s0@group-F5D0649D4159:t1, leader=s2, voted=s2, raftlog=Memoized:s0@group-F5D0649D4159-SegmentedRaftLog:OPENED:c0:last(t:1, i:0), conf=conf: {index: 0, cur=peers:[s3|localhost:15152, s4|localhost:15156, s0|localhost:15140, s1|localhost:15144, s2|localhost:15148]|listeners:[], old=null}
2024-10-07 19:12:00,837 [NettyRpcService-workerGroup--thread2] INFO  server.RaftServer$Division (RaftServerImpl.java:requestVote(1443)) - s1@group-F5D0649D4159: receive requestVote(PRE_VOTE, s4, group-F5D0649D4159, 1, (t:1, i:0))
2024-10-07 19:12:00,837 [NettyRpcService-workerGroup--thread2] INFO  impl.VoteContext (VoteContext.java:log(49)) - s1@group-F5D0649D4159-FOLLOWER: accept PRE_VOTE from s4: our priority 0 <= candidate's priority 0
2024-10-07 19:12:00,838 [NettyRpcService-workerGroup--thread2] INFO  server.RaftServer$Division (RaftServerImpl.java:requestVote(1476)) - s1@group-F5D0649D4159 replies to PRE_VOTE vote request: s4<-s1#0:OK-t1. Peer's state: s1@group-F5D0649D4159:t1, leader=s2, voted=s2, raftlog=Memoized:s1@group-F5D0649D4159-SegmentedRaftLog:OPENED:c0:last(t:1, i:0), conf=conf: {index: 0, cur=peers:[s3|localhost:15152, s4|localhost:15156, s0|localhost:15140, s1|localhost:15144, s2|localhost:15148]|listeners:[], old=null}
2024-10-07 19:12:00,838 [s4@group-F5D0649D4159-LeaderElection16] INFO  impl.LeaderElection (LeaderElection.java:logAndReturn(90)) - s4@group-F5D0649D4159-LeaderElection16: PRE_VOTE PASSED received 2 response(s) and 1 exception(s):
2024-10-07 19:12:00,838 [s4@group-F5D0649D4159-LeaderElection16] INFO  impl.LeaderElection (LeaderElection.java:logAndReturn(94)) -   Response 0: s4<-s0#0:OK-t1
2024-10-07 19:12:00,838 [s4@group-F5D0649D4159-LeaderElection16] INFO  impl.LeaderElection (LeaderElection.java:logAndReturn(94)) -   Response 1: s4<-s1#0:OK-t1
2024-10-07 19:12:00,838 [s4@group-F5D0649D4159-LeaderElection16] INFO  impl.LeaderElection (LogUtils.java:infoOrTrace(136)) -   Exception 2: java.util.concurrent.ExecutionException: org.apache.ratis.thirdparty.io.netty.channel.AbstractChannel$AnnotatedConnectException: finishConnect(..) failed: Connection refused: localhost/127.0.0.1:15148
2024-10-07 19:12:00,838 [s4@group-F5D0649D4159-LeaderElection16] INFO  impl.LeaderElection (LeaderElection.java:askForVotes(339)) - s4@group-F5D0649D4159-LeaderElection16 PRE_VOTE round 0: result PASSED
2024-10-07 19:12:00,838 [s4@group-F5D0649D4159-LeaderElection16] TRACE util.FileUtils (LogUtils.java:supplyAndLog(69)) - Successfully supplied FileChannel.open /home/runner/work/ratis/ratis/ratis-test/target/test/data/bef150af/MiniRaftClusterWithNettya9d77aa8/s4/6a8598e3-a76b-4f25-837c-f5d0649d4159/current/raft-meta.tmp with options [CREATE, WRITE]: sun.nio.ch.FileChannelImpl@6e9756a0
2024-10-07 19:12:00,839 [s4@group-F5D0649D4159-LeaderElection16] TRACE util.FileUtils (LogUtils.java:runAndLog(49)) - Successfully ran Atomic Files.move /home/runner/work/ratis/ratis/ratis-test/target/test/data/bef150af/MiniRaftClusterWithNettya9d77aa8/s4/6a8598e3-a76b-4f25-837c-f5d0649d4159/current/raft-meta.tmp to /home/runner/work/ratis/ratis/ratis-test/target/test/data/bef150af/MiniRaftClusterWithNettya9d77aa8/s4/6a8598e3-a76b-4f25-837c-f5d0649d4159/current/raft-meta with options [REPLACE_EXISTING]
2024-10-07 19:12:00,839 [s4@group-F5D0649D4159-LeaderElection16] INFO  impl.LeaderElection (LeaderElection.java:askForVotes(337)) - s4@group-F5D0649D4159-LeaderElection16 ELECTION round 0: submit vote requests at term 2 for conf: {index: 0, cur=peers:[s3|localhost:15152, s4|localhost:15156, s0|localhost:15140, s1|localhost:15144, s2|localhost:15148]|listeners:[], old=null}
2024-10-07 19:12:00,840 [NettyRpcService-workerGroup--thread2] INFO  server.RaftServer$Division (RaftServerImpl.java:requestVote(1443)) - s0@group-F5D0649D4159: receive requestVote(ELECTION, s4, group-F5D0649D4159, 2, (t:1, i:0))
2024-10-07 19:12:00,840 [NettyRpcService-workerGroup--thread2] INFO  server.RaftServer$Division (RaftServerImpl.java:requestVote(1443)) - s1@group-F5D0649D4159: receive requestVote(ELECTION, s4, group-F5D0649D4159, 2, (t:1, i:0))
2024-10-07 19:12:00,840 [NettyRpcService-workerGroup--thread2] INFO  impl.VoteContext (VoteContext.java:log(49)) - s0@group-F5D0649D4159-FOLLOWER: accept ELECTION from s4: our priority 0 <= candidate's priority 0
2024-10-07 19:12:00,840 [NettyRpcService-workerGroup--thread2] INFO  impl.VoteContext (VoteContext.java:log(49)) - s1@group-F5D0649D4159-FOLLOWER: accept ELECTION from s4: our priority 0 <= candidate's priority 0
2024-10-07 19:12:00,840 [NettyRpcService-workerGroup--thread2] INFO  server.RaftServer$Division (RaftServerImpl.java:setRole(379)) - s0@group-F5D0649D4159: changes role from  FOLLOWER to FOLLOWER at term 1 for candidate:s4
2024-10-07 19:12:00,840 [NettyRpcService-workerGroup--thread2] INFO  impl.RoleInfo (RoleInfo.java:shutdownFollowerState(121)) - s0: shutdown s0@group-F5D0649D4159-FollowerState
2024-10-07 19:12:00,840 [NettyRpcService-workerGroup--thread2] INFO  server.RaftServer$Division (ServerState.java:setLeader(272)) - s0@group-F5D0649D4159: change Leader from s2 to null at term 2 for updateCurrentTerm
2024-10-07 19:12:00,840 [NettyRpcService-workerGroup--thread2] INFO  server.RaftServer$Division (RaftServerImpl.java:setRole(379)) - s1@group-F5D0649D4159: changes role from  FOLLOWER to FOLLOWER at term 1 for candidate:s4
2024-10-07 19:12:00,841 [NettyRpcService-workerGroup--thread2] INFO  impl.RoleInfo (RoleInfo.java:shutdownFollowerState(121)) - s1: shutdown s1@group-F5D0649D4159-FollowerState
2024-10-07 19:12:00,841 [NettyRpcService-workerGroup--thread2] INFO  impl.RoleInfo (RoleInfo.java:updateAndGet(148)) - s0: start s0@group-F5D0649D4159-FollowerState
2024-10-07 19:12:00,840 [s0@group-F5D0649D4159-FollowerState] INFO  impl.FollowerState (FollowerState.java:runImpl(165)) - s0@group-F5D0649D4159-FollowerState was interrupted
2024-10-07 19:12:00,841 [s1@group-F5D0649D4159-FollowerState] INFO  impl.FollowerState (FollowerState.java:runImpl(165)) - s1@group-F5D0649D4159-FollowerState was interrupted
2024-10-07 19:12:00,841 [NettyRpcService-workerGroup--thread2] INFO  server.RaftServer$Division (ServerState.java:setLeader(272)) - s1@group-F5D0649D4159: change Leader from s2 to null at term 2 for updateCurrentTerm
2024-10-07 19:12:00,841 [NettyRpcService-workerGroup--thread2] TRACE util.FileUtils (LogUtils.java:supplyAndLog(69)) - Successfully supplied FileChannel.open /home/runner/work/ratis/ratis/ratis-test/target/test/data/bef150af/MiniRaftClusterWithNettya9d77aa8/s0/6a8598e3-a76b-4f25-837c-f5d0649d4159/current/raft-meta.tmp with options [CREATE, WRITE]: sun.nio.ch.FileChannelImpl@4b6adb9e
2024-10-07 19:12:00,841 [NettyRpcService-workerGroup--thread2] INFO  impl.RoleInfo (RoleInfo.java:updateAndGet(148)) - s1: start s1@group-F5D0649D4159-FollowerState
2024-10-07 19:12:00,842 [NettyRpcService-workerGroup--thread2] TRACE util.FileUtils (LogUtils.java:supplyAndLog(69)) - Successfully supplied FileChannel.open /home/runner/work/ratis/ratis/ratis-test/target/test/data/bef150af/MiniRaftClusterWithNettya9d77aa8/s1/6a8598e3-a76b-4f25-837c-f5d0649d4159/current/raft-meta.tmp with options [CREATE, WRITE]: sun.nio.ch.FileChannelImpl@32c994d6
2024-10-07 19:12:00,842 [s4@group-F5D0649D4159-LeaderElection16] INFO  impl.LeaderElection (LogUtils.java:infoOrTrace(136)) - s4@group-F5D0649D4159-LeaderElection16 got exception when requesting votes: java.util.concurrent.ExecutionException: org.apache.ratis.thirdparty.io.netty.channel.AbstractChannel$AnnotatedConnectException: finishConnect(..) failed: Connection refused: localhost/127.0.0.1:15148
2024-10-07 19:12:00,842 [NettyRpcService-workerGroup--thread2] TRACE util.FileUtils (LogUtils.java:runAndLog(49)) - Successfully ran Atomic Files.move /home/runner/work/ratis/ratis/ratis-test/target/test/data/bef150af/MiniRaftClusterWithNettya9d77aa8/s0/6a8598e3-a76b-4f25-837c-f5d0649d4159/current/raft-meta.tmp to /home/runner/work/ratis/ratis/ratis-test/target/test/data/bef150af/MiniRaftClusterWithNettya9d77aa8/s0/6a8598e3-a76b-4f25-837c-f5d0649d4159/current/raft-meta with options [REPLACE_EXISTING]
2024-10-07 19:12:00,842 [NettyRpcService-workerGroup--thread2] INFO  server.RaftServer$Division (RaftServerImpl.java:requestVote(1476)) - s0@group-F5D0649D4159 replies to ELECTION vote request: s4<-s0#0:OK-t2. Peer's state: s0@group-F5D0649D4159:t2, leader=null, voted=s4, raftlog=Memoized:s0@group-F5D0649D4159-SegmentedRaftLog:OPENED:c0:last(t:1, i:0), conf=conf: {index: 0, cur=peers:[s3|localhost:15152, s4|localhost:15156, s0|localhost:15140, s1|localhost:15144, s2|localhost:15148]|listeners:[], old=null}
2024-10-07 19:12:00,843 [NettyRpcService-workerGroup--thread2] TRACE util.FileUtils (LogUtils.java:runAndLog(49)) - Successfully ran Atomic Files.move /home/runner/work/ratis/ratis/ratis-test/target/test/data/bef150af/MiniRaftClusterWithNettya9d77aa8/s1/6a8598e3-a76b-4f25-837c-f5d0649d4159/current/raft-meta.tmp to /home/runner/work/ratis/ratis/ratis-test/target/test/data/bef150af/MiniRaftClusterWithNettya9d77aa8/s1/6a8598e3-a76b-4f25-837c-f5d0649d4159/current/raft-meta with options [REPLACE_EXISTING]
2024-10-07 19:12:00,843 [NettyRpcService-workerGroup--thread2] INFO  server.RaftServer$Division (RaftServerImpl.java:requestVote(1476)) - s1@group-F5D0649D4159 replies to ELECTION vote request: s4<-s1#0:OK-t2. Peer's state: s1@group-F5D0649D4159:t2, leader=null, voted=s4, raftlog=Memoized:s1@group-F5D0649D4159-SegmentedRaftLog:OPENED:c0:last(t:1, i:0), conf=conf: {index: 0, cur=peers:[s3|localhost:15152, s4|localhost:15156, s0|localhost:15140, s1|localhost:15144, s2|localhost:15148]|listeners:[], old=null}
2024-10-07 19:12:00,843 [s4@group-F5D0649D4159-LeaderElection16] INFO  impl.LeaderElection (LeaderElection.java:logAndReturn(90)) - s4@group-F5D0649D4159-LeaderElection16: ELECTION PASSED received 2 response(s) and 1 exception(s):
2024-10-07 19:12:00,843 [s4@group-F5D0649D4159-LeaderElection16] INFO  impl.LeaderElection (LeaderElection.java:logAndReturn(94)) -   Response 0: s4<-s0#0:OK-t2
2024-10-07 19:12:00,843 [s4@group-F5D0649D4159-LeaderElection16] INFO  impl.LeaderElection (LeaderElection.java:logAndReturn(94)) -   Response 1: s4<-s1#0:OK-t2
2024-10-07 19:12:00,843 [s4@group-F5D0649D4159-LeaderElection16] INFO  impl.LeaderElection (LogUtils.java:infoOrTrace(136)) -   Exception 2: java.util.concurrent.ExecutionException: org.apache.ratis.thirdparty.io.netty.channel.AbstractChannel$AnnotatedConnectException: finishConnect(..) failed: Connection refused: localhost/127.0.0.1:15148
2024-10-07 19:12:00,843 [s4@group-F5D0649D4159-LeaderElection16] INFO  impl.LeaderElection (LeaderElection.java:askForVotes(339)) - s4@group-F5D0649D4159-LeaderElection16 ELECTION round 0: result PASSED
2024-10-07 19:12:00,843 [s4@group-F5D0649D4159-LeaderElection16] INFO  impl.RoleInfo (RoleInfo.java:shutdownLeaderElection(141)) - s4: shutdown s4@group-F5D0649D4159-LeaderElection16
2024-10-07 19:12:00,843 [s4@group-F5D0649D4159-LeaderElection16] INFO  server.RaftServer$Division (RaftServerImpl.java:setRole(379)) - s4@group-F5D0649D4159: changes role from CANDIDATE to LEADER at term 2 for changeToLeader
2024-10-07 19:12:00,843 [s4@group-F5D0649D4159-LeaderElection16] INFO  server.RaftServerConfigKeys (ConfUtils.java:logGet(46)) - raft.server.staging.catchup.gap = 1000 (default)
2024-10-07 19:12:00,844 [s4@group-F5D0649D4159-LeaderElection16] INFO  server.RaftServerConfigKeys (ConfUtils.java:logGet(46)) - raft.server.write.element-limit = 4096 (default)
2024-10-07 19:12:00,844 [s4@group-F5D0649D4159-LeaderElection16] INFO  server.RaftServerConfigKeys (ConfUtils.java:logGet(46)) - raft.server.write.byte-limit = 64MB (=67108864) (default)
2024-10-07 19:12:00,844 [s4@group-F5D0649D4159-LeaderElection16] INFO  server.RaftServerConfigKeys (ConfUtils.java:logGet(46)) - raft.server.watch.timeout = 10s (default)
2024-10-07 19:12:00,844 [s4@group-F5D0649D4159-LeaderElection16] INFO  server.RaftServerConfigKeys (ConfUtils.java:logGet(46)) - raft.server.watch.timeout.denomination = 1s (default)
2024-10-07 19:12:00,844 [s4@group-F5D0649D4159-LeaderElection16] INFO  server.RaftServerConfigKeys (ConfUtils.java:logGet(46)) - raft.server.watch.element-limit = 65536 (default)
2024-10-07 19:12:00,844 [s4@group-F5D0649D4159-LeaderElection16] INFO  server.RaftServerConfigKeys (ConfUtils.java:logGet(46)) - raft.server.read.leader.lease.enabled = false (default)
2024-10-07 19:12:00,844 [s4@group-F5D0649D4159-LeaderElection16] INFO  server.RaftServerConfigKeys (ConfUtils.java:logGet(46)) - raft.server.read.leader.lease.timeout.ratio = 0.9 (default)
2024-10-07 19:12:00,844 [s4@group-F5D0649D4159-LeaderElection16] INFO  server.RaftServerConfigKeys (ConfUtils.java:logGet(46)) - raft.server.rpc.timeout.min = 150ms (default)
2024-10-07 19:12:00,844 [s4@group-F5D0649D4159-LeaderElection16] INFO  server.RaftServerConfigKeys (ConfUtils.java:logGet(46)) - raft.server.log.log-metadata.enabled = true (default)
2024-10-07 19:12:00,845 [s4@group-F5D0649D4159-LeaderElection16] INFO  server.RaftServerConfigKeys (ConfUtils.java:logGet(46)) - raft.server.write.element-limit = 4096 (default)
2024-10-07 19:12:00,845 [s4@group-F5D0649D4159-LeaderElection16] INFO  server.RaftServerConfigKeys (ConfUtils.java:logGet(46)) - raft.server.write.follower.gap.ratio.max = -1.0 (default)
2024-10-07 19:12:00,845 [s4@group-F5D0649D4159-LeaderElection16] INFO  server.RaftServerConfigKeys (ConfUtils.java:logGet(46)) - raft.server.log.appender.snapshot.chunk.size.max = 16MB (=16777216) (default)
2024-10-07 19:12:00,845 [s4@group-F5D0649D4159-LeaderElection16] INFO  server.RaftServerConfigKeys (ConfUtils.java:logGet(46)) - raft.server.log.appender.buffer.byte-limit = 4MB (=4194304) (default)
2024-10-07 19:12:00,845 [s4@group-F5D0649D4159-LeaderElection16] INFO  server.RaftServerConfigKeys (ConfUtils.java:logGet(46)) - raft.server.log.appender.buffer.element-limit = 0 (default)
2024-10-07 19:12:00,845 [s4@group-F5D0649D4159-LeaderElection16] INFO  server.RaftServerConfigKeys (ConfUtils.java:logGet(46)) - raft.server.log.appender.wait-time.min = 1ms (default)
2024-10-07 19:12:00,845 [s4@group-F5D0649D4159-LeaderElection16] INFO  server.RaftServerConfigKeys (ConfUtils.java:logGet(46)) - raft.server.log.appender.snapshot.chunk.size.max = 16MB (=16777216) (default)
2024-10-07 19:12:00,845 [s4@group-F5D0649D4159-LeaderElection16] INFO  server.RaftServerConfigKeys (ConfUtils.java:logGet(46)) - raft.server.log.appender.buffer.byte-limit = 4MB (=4194304) (default)
2024-10-07 19:12:00,845 [s4@group-F5D0649D4159-LeaderElection16] INFO  server.RaftServerConfigKeys (ConfUtils.java:logGet(46)) - raft.server.log.appender.buffer.element-limit = 0 (default)
2024-10-07 19:12:00,845 [s4@group-F5D0649D4159-LeaderElection16] INFO  server.RaftServerConfigKeys (ConfUtils.java:logGet(46)) - raft.server.log.appender.wait-time.min = 1ms (default)
2024-10-07 19:12:00,845 [s4@group-F5D0649D4159-LeaderElection16] INFO  server.RaftServerConfigKeys (ConfUtils.java:logGet(46)) - raft.server.log.appender.snapshot.chunk.size.max = 16MB (=16777216) (default)
2024-10-07 19:12:00,845 [s4@group-F5D0649D4159-LeaderElection16] INFO  server.RaftServerConfigKeys (ConfUtils.java:logGet(46)) - raft.server.log.appender.buffer.byte-limit = 4MB (=4194304) (default)
2024-10-07 19:12:00,845 [s4@group-F5D0649D4159-LeaderElection16] INFO  server.RaftServerConfigKeys (ConfUtils.java:logGet(46)) - raft.server.log.appender.buffer.element-limit = 0 (default)
2024-10-07 19:12:00,845 [s4@group-F5D0649D4159-LeaderElection16] INFO  server.RaftServerConfigKeys (ConfUtils.java:logGet(46)) - raft.server.log.appender.wait-time.min = 1ms (default)
2024-10-07 19:12:00,846 [s4@group-F5D0649D4159-LeaderElection16] INFO  server.RaftServerConfigKeys (ConfUtils.java:logGet(46)) - raft.server.log.appender.snapshot.chunk.size.max = 16MB (=16777216) (default)
2024-10-07 19:12:00,846 [s4@group-F5D0649D4159-LeaderElection16] INFO  server.RaftServerConfigKeys (ConfUtils.java:logGet(46)) - raft.server.log.appender.buffer.byte-limit = 4MB (=4194304) (default)
2024-10-07 19:12:00,846 [s4@group-F5D0649D4159-LeaderElection16] INFO  server.RaftServerConfigKeys (ConfUtils.java:logGet(46)) - raft.server.log.appender.buffer.element-limit = 0 (default)
2024-10-07 19:12:00,846 [s4@group-F5D0649D4159-LeaderElection16] INFO  server.RaftServerConfigKeys (ConfUtils.java:logGet(46)) - raft.server.log.appender.wait-time.min = 1ms (default)
2024-10-07 19:12:00,846 [s4@group-F5D0649D4159-LeaderElection16] INFO  impl.RoleInfo (RoleInfo.java:updateAndGet(148)) - s4: start s4@group-F5D0649D4159-LeaderStateImpl
2024-10-07 19:12:00,846 [s4@group-F5D0649D4159-LeaderElection16] INFO  server.RaftServer$Division (ServerState.java:setLeader(272)) - s4@group-F5D0649D4159: change Leader from null to s4 at term 2 for becomeLeader, leader elected after 12ms
2024-10-07 19:12:00,846 [s4@group-F5D0649D4159-LeaderElection16] INFO  segmented.SegmentedRaftLogWorker (SegmentedRaftLogWorker.java:rollLogSegment(443)) - s4@group-F5D0649D4159-SegmentedRaftLogWorker: Rolling segment log-0_0 to index:0
2024-10-07 19:12:00,846 [s4@group-F5D0649D4159-LeaderElection16] INFO  server.RaftServer$Division (ServerState.java:setRaftConf(386)) - s4@group-F5D0649D4159: set configuration conf: {index: 1, cur=peers:[s3|localhost:15152, s4|localhost:15156, s0|localhost:15140, s1|localhost:15144, s2|localhost:15148]|listeners:[], old=null}
2024-10-07 19:12:00,847 [s4@group-F5D0649D4159-SegmentedRaftLogWorker] TRACE util.FileUtils (LogUtils.java:runAndLog(49)) - Successfully ran Atomic Files.move /home/runner/work/ratis/ratis/ratis-test/target/test/data/bef150af/MiniRaftClusterWithNettya9d77aa8/s4/6a8598e3-a76b-4f25-837c-f5d0649d4159/current/log_inprogress_0 to /home/runner/work/ratis/ratis/ratis-test/target/test/data/bef150af/MiniRaftClusterWithNettya9d77aa8/s4/6a8598e3-a76b-4f25-837c-f5d0649d4159/current/log_0-0
2024-10-07 19:12:00,847 [s4@group-F5D0649D4159-SegmentedRaftLogWorker] INFO  segmented.SegmentedRaftLogWorker (SegmentedRaftLogWorker.java:execute(617)) - s4@group-F5D0649D4159-SegmentedRaftLogWorker: Rolled log segment from /home/runner/work/ratis/ratis/ratis-test/target/test/data/bef150af/MiniRaftClusterWithNettya9d77aa8/s4/6a8598e3-a76b-4f25-837c-f5d0649d4159/current/log_inprogress_0 to /home/runner/work/ratis/ratis/ratis-test/target/test/data/bef150af/MiniRaftClusterWithNettya9d77aa8/s4/6a8598e3-a76b-4f25-837c-f5d0649d4159/current/log_0-0
2024-10-07 19:12:00,847 [s4@group-F5D0649D4159-SegmentedRaftLogWorker] INFO  segmented.BufferedWriteChannel (BufferedWriteChannel.java:open(61)) - open log_inprogress_1 at position 0
2024-10-07 19:12:00,852 [NettyRpcService-workerGroup--thread2] INFO  server.RaftServer$Division (ServerState.java:setLeader(272)) - s1@group-F5D0649D4159: change Leader from null to s4 at term 2 for appendEntries, leader elected after 11ms
2024-10-07 19:12:00,852 [NettyRpcService-workerGroup--thread2] INFO  server.RaftServer$Division (ServerState.java:setLeader(272)) - s0@group-F5D0649D4159: change Leader from null to s4 at term 2 for appendEntries, leader elected after 12ms
2024-10-07 19:12:00,854 [NettyRpcService-workerGroup--thread2] DEBUG server.RaftServer$Division (RaftServerImpl.java:logAppendEntries(1545)) - s0@group-F5D0649D4159: appendEntries* s4->s0#772-t2,previous=(t:1, i:0),leaderCommit=0,initializing? false,entries: size=1, first=(t:2, i:1), CONFIGURATIONENTRY(current:id:"s3"address:"localhost:15152"dataStreamAddress:"localhost:15155"clientAddress:"localhost:15154"adminAddress:"localhost:15153"startupRole:FOLLOWER, id:"s4"address:"localhost:15156"dataStreamAddress:"localhost:15159"clientAddress:"localhost:15158"adminAddress:"localhost:15157"startupRole:FOLLOWER, id:"s0"address:"localhost:15140"dataStreamAddress:"localhost:15143"clientAddress:"localhost:15142"adminAddress:"localhost:15141"startupRole:FOLLOWER, id:"s1"address:"localhost:15144"dataStreamAddress:"localhost:15147"clientAddress:"localhost:15146"adminAddress:"localhost:15145"startupRole:FOLLOWER, id:"s2"address:"localhost:15148"dataStreamAddress:"localhost:15151"clientAddress:"localhost:15150"adminAddress:"localhost:15149"startupRole:FOLLOWER, old:)
2024-10-07 19:12:00,854 [NettyRpcService-workerGroup--thread2] INFO  server.RaftServer$Division (ServerState.java:setRaftConf(386)) - s0@group-F5D0649D4159: set configuration conf: {index: 1, cur=peers:[s3|localhost:15152, s4|localhost:15156, s0|localhost:15140, s1|localhost:15144, s2|localhost:15148]|listeners:[], old=null}
2024-10-07 19:12:00,854 [NettyRpcService-workerGroup--thread2] INFO  segmented.SegmentedRaftLogWorker (SegmentedRaftLogWorker.java:rollLogSegment(443)) - s0@group-F5D0649D4159-SegmentedRaftLogWorker: Rolling segment log-0_0 to index:0
2024-10-07 19:12:00,856 [s0@group-F5D0649D4159-SegmentedRaftLogWorker] TRACE util.FileUtils (LogUtils.java:runAndLog(49)) - Successfully ran Atomic Files.move /home/runner/work/ratis/ratis/ratis-test/target/test/data/bef150af/MiniRaftClusterWithNettya9d77aa8/s0/6a8598e3-a76b-4f25-837c-f5d0649d4159/current/log_inprogress_0 to /home/runner/work/ratis/ratis/ratis-test/target/test/data/bef150af/MiniRaftClusterWithNettya9d77aa8/s0/6a8598e3-a76b-4f25-837c-f5d0649d4159/current/log_0-0
2024-10-07 19:12:00,856 [s0@group-F5D0649D4159-SegmentedRaftLogWorker] INFO  segmented.SegmentedRaftLogWorker (SegmentedRaftLogWorker.java:execute(617)) - s0@group-F5D0649D4159-SegmentedRaftLogWorker: Rolled log segment from /home/runner/work/ratis/ratis/ratis-test/target/test/data/bef150af/MiniRaftClusterWithNettya9d77aa8/s0/6a8598e3-a76b-4f25-837c-f5d0649d4159/current/log_inprogress_0 to /home/runner/work/ratis/ratis/ratis-test/target/test/data/bef150af/MiniRaftClusterWithNettya9d77aa8/s0/6a8598e3-a76b-4f25-837c-f5d0649d4159/current/log_0-0
2024-10-07 19:12:00,856 [s0@group-F5D0649D4159-SegmentedRaftLogWorker] INFO  segmented.BufferedWriteChannel (BufferedWriteChannel.java:open(61)) - open log_inprogress_1 at position 0
2024-10-07 19:12:00,856 [s4@group-F5D0649D4159->s2-LogAppenderDefault-LogAppenderDaemon] WARN  leader.LogAppender (LogAppenderDefault.java:sendAppendEntriesWithRetries(94)) - s4@group-F5D0649D4159->s2-LogAppenderDefault: Failed to appendEntries (retry=1)
org.apache.ratis.thirdparty.io.netty.channel.AbstractChannel$AnnotatedConnectException: finishConnect(..) failed: Connection refused: localhost/127.0.0.1:15148
Caused by: java.net.ConnectException: finishConnect(..) failed: Connection refused
	at org.apache.ratis.thirdparty.io.netty.channel.unix.Errors.newConnectException0(Errors.java:166)
	at org.apache.ratis.thirdparty.io.netty.channel.unix.Errors.handleConnectErrno(Errors.java:131)
	at org.apache.ratis.thirdparty.io.netty.channel.unix.Socket.finishConnect(Socket.java:359)
	at org.apache.ratis.thirdparty.io.netty.channel.epoll.AbstractEpollChannel$AbstractEpollUnsafe.doFinishConnect(AbstractEpollChannel.java:715)
	at org.apache.ratis.thirdparty.io.netty.channel.epoll.AbstractEpollChannel$AbstractEpollUnsafe.finishConnect(AbstractEpollChannel.java:692)
	at org.apache.ratis.thirdparty.io.netty.channel.epoll.AbstractEpollChannel$AbstractEpollUnsafe.epollOutReady(AbstractEpollChannel.java:567)
	at org.apache.ratis.thirdparty.io.netty.channel.epoll.EpollEventLoop.processReady(EpollEventLoop.java:491)
	at org.apache.ratis.thirdparty.io.netty.channel.epoll.EpollEventLoop.run(EpollEventLoop.java:399)
	at org.apache.ratis.thirdparty.io.netty.util.concurrent.SingleThreadEventExecutor$4.run(SingleThreadEventExecutor.java:997)
	at org.apache.ratis.thirdparty.io.netty.util.internal.ThreadExecutorMap$2.run(ThreadExecutorMap.java:74)
	at java.lang.Thread.run(Thread.java:750)
2024-10-07 19:12:00,858 [NettyRpcService-workerGroup--thread2] DEBUG server.RaftServer$Division (RaftServerImpl.java:logAppendEntries(1545)) - s1@group-F5D0649D4159: appendEntries* s4->s1#773-t2,previous=(t:1, i:0),leaderCommit=0,initializing? false,entries: size=1, first=(t:2, i:1), CONFIGURATIONENTRY(current:id:"s3"address:"localhost:15152"dataStreamAddress:"localhost:15155"clientAddress:"localhost:15154"adminAddress:"localhost:15153"startupRole:FOLLOWER, id:"s4"address:"localhost:15156"dataStreamAddress:"localhost:15159"clientAddress:"localhost:15158"adminAddress:"localhost:15157"startupRole:FOLLOWER, id:"s0"address:"localhost:15140"dataStreamAddress:"localhost:15143"clientAddress:"localhost:15142"adminAddress:"localhost:15141"startupRole:FOLLOWER, id:"s1"address:"localhost:15144"dataStreamAddress:"localhost:15147"clientAddress:"localhost:15146"adminAddress:"localhost:15145"startupRole:FOLLOWER, id:"s2"address:"localhost:15148"dataStreamAddress:"localhost:15151"clientAddress:"localhost:15150"adminAddress:"localhost:15149"startupRole:FOLLOWER, old:)
2024-10-07 19:12:00,859 [NettyRpcService-workerGroup--thread2] INFO  server.RaftServer$Division (ServerState.java:setRaftConf(386)) - s1@group-F5D0649D4159: set configuration conf: {index: 1, cur=peers:[s3|localhost:15152, s4|localhost:15156, s0|localhost:15140, s1|localhost:15144, s2|localhost:15148]|listeners:[], old=null}
2024-10-07 19:12:00,859 [NettyRpcService-workerGroup--thread2] INFO  segmented.SegmentedRaftLogWorker (SegmentedRaftLogWorker.java:rollLogSegment(443)) - s1@group-F5D0649D4159-SegmentedRaftLogWorker: Rolling segment log-0_0 to index:0
2024-10-07 19:12:00,860 [s1@group-F5D0649D4159-SegmentedRaftLogWorker] TRACE util.FileUtils (LogUtils.java:runAndLog(49)) - Successfully ran Atomic Files.move /home/runner/work/ratis/ratis/ratis-test/target/test/data/bef150af/MiniRaftClusterWithNettya9d77aa8/s1/6a8598e3-a76b-4f25-837c-f5d0649d4159/current/log_inprogress_0 to /home/runner/work/ratis/ratis/ratis-test/target/test/data/bef150af/MiniRaftClusterWithNettya9d77aa8/s1/6a8598e3-a76b-4f25-837c-f5d0649d4159/current/log_0-0
2024-10-07 19:12:00,860 [s1@group-F5D0649D4159-SegmentedRaftLogWorker] INFO  segmented.SegmentedRaftLogWorker (SegmentedRaftLogWorker.java:execute(617)) - s1@group-F5D0649D4159-SegmentedRaftLogWorker: Rolled log segment from /home/runner/work/ratis/ratis/ratis-test/target/test/data/bef150af/MiniRaftClusterWithNettya9d77aa8/s1/6a8598e3-a76b-4f25-837c-f5d0649d4159/current/log_inprogress_0 to /home/runner/work/ratis/ratis/ratis-test/target/test/data/bef150af/MiniRaftClusterWithNettya9d77aa8/s1/6a8598e3-a76b-4f25-837c-f5d0649d4159/current/log_0-0
2024-10-07 19:12:00,860 [s1@group-F5D0649D4159-SegmentedRaftLogWorker] INFO  segmented.BufferedWriteChannel (BufferedWriteChannel.java:open(61)) - open log_inprogress_1 at position 0
2024-10-07 19:12:00,857 [s4@group-F5D0649D4159-SegmentedRaftLogWorker] INFO  segmented.SegmentedRaftLogWorker (SegmentedRaftLogWorker.java:execute(660)) - s4@group-F5D0649D4159-SegmentedRaftLogWorker: created new log segment /home/runner/work/ratis/ratis/ratis-test/target/test/data/bef150af/MiniRaftClusterWithNettya9d77aa8/s4/6a8598e3-a76b-4f25-837c-f5d0649d4159/current/log_inprogress_1
2024-10-07 19:12:00,871 [s0@group-F5D0649D4159-SegmentedRaftLogWorker] INFO  segmented.SegmentedRaftLogWorker (SegmentedRaftLogWorker.java:execute(660)) - s0@group-F5D0649D4159-SegmentedRaftLogWorker: created new log segment /home/runner/work/ratis/ratis/ratis-test/target/test/data/bef150af/MiniRaftClusterWithNettya9d77aa8/s0/6a8598e3-a76b-4f25-837c-f5d0649d4159/current/log_inprogress_1
2024-10-07 19:12:00,872 [s1@group-F5D0649D4159-SegmentedRaftLogWorker] INFO  segmented.SegmentedRaftLogWorker (SegmentedRaftLogWorker.java:execute(660)) - s1@group-F5D0649D4159-SegmentedRaftLogWorker: created new log segment /home/runner/work/ratis/ratis/ratis-test/target/test/data/bef150af/MiniRaftClusterWithNettya9d77aa8/s1/6a8598e3-a76b-4f25-837c-f5d0649d4159/current/log_inprogress_1
2024-10-07 19:12:00,872 [s1-server-thread1] DEBUG server.RaftServer$Division (RaftServerImpl.java:logAppendEntries(1545)) - s1@group-F5D0649D4159: appendEntries* reply s4<-s1#773:OK-t2,SUCCESS,nextIndex=2,followerCommit=0,matchIndex=1
2024-10-07 19:12:00,872 [s0-server-thread1] DEBUG server.RaftServer$Division (RaftServerImpl.java:logAppendEntries(1545)) - s0@group-F5D0649D4159: appendEntries* reply s4<-s0#772:OK-t2,SUCCESS,nextIndex=2,followerCommit=0,matchIndex=1
2024-10-07 19:12:00,873 [s4@group-F5D0649D4159-StateMachineUpdater] TRACE util.FileUtils (LogUtils.java:supplyAndLog(69)) - Successfully supplied FileChannel.open /home/runner/work/ratis/ratis/ratis-test/target/test/data/bef150af/MiniRaftClusterWithNettya9d77aa8/s4/6a8598e3-a76b-4f25-837c-f5d0649d4159/current/raft-meta.conf.tmp with options [CREATE, WRITE]: sun.nio.ch.FileChannelImpl@3e51c984
2024-10-07 19:12:00,874 [NettyRpcService-workerGroup--thread2] DEBUG server.RaftServer$Division (RaftServerImpl.java:logAppendEntries(1545)) - s0@group-F5D0649D4159: appendEntries* s4->s0#774-t2,previous=(t:2, i:1),leaderCommit=1,initializing? false,entries: size=1, first=(t:2, i:2), METADATAENTRY(c:1)
2024-10-07 19:12:00,874 [NettyRpcService-workerGroup--thread2] DEBUG server.RaftServer$Division (RaftServerImpl.java:logAppendEntries(1545)) - s1@group-F5D0649D4159: appendEntries* s4->s1#775-t2,previous=(t:2, i:1),leaderCommit=1,initializing? false,entries: size=1, first=(t:2, i:2), METADATAENTRY(c:1)
2024-10-07 19:12:00,874 [s0-server-thread1] DEBUG server.RaftServer$Division (RaftServerImpl.java:logAppendEntries(1545)) - s0@group-F5D0649D4159: appendEntries* reply s4<-s0#774:OK-t2,SUCCESS,nextIndex=3,followerCommit=1,matchIndex=2
2024-10-07 19:12:00,874 [s0@group-F5D0649D4159-StateMachineUpdater] TRACE util.FileUtils (LogUtils.java:supplyAndLog(69)) - Successfully supplied FileChannel.open /home/runner/work/ratis/ratis/ratis-test/target/test/data/bef150af/MiniRaftClusterWithNettya9d77aa8/s0/6a8598e3-a76b-4f25-837c-f5d0649d4159/current/raft-meta.conf.tmp with options [CREATE, WRITE]: sun.nio.ch.FileChannelImpl@68df4d6c
2024-10-07 19:12:00,875 [s4@group-F5D0649D4159-StateMachineUpdater] TRACE util.FileUtils (LogUtils.java:runAndLog(49)) - Successfully ran Atomic Files.move /home/runner/work/ratis/ratis/ratis-test/target/test/data/bef150af/MiniRaftClusterWithNettya9d77aa8/s4/6a8598e3-a76b-4f25-837c-f5d0649d4159/current/raft-meta.conf.tmp to /home/runner/work/ratis/ratis/ratis-test/target/test/data/bef150af/MiniRaftClusterWithNettya9d77aa8/s4/6a8598e3-a76b-4f25-837c-f5d0649d4159/current/raft-meta.conf with options [REPLACE_EXISTING]
2024-10-07 19:12:00,875 [s4@group-F5D0649D4159-StateMachineUpdater] INFO  server.RaftServer$Division (LeaderStateImpl.java:checkStartIndex(314)) - Leader s4@group-F5D0649D4159-LeaderStateImpl is ready since appliedIndex == startIndex == 1
2024-10-07 19:12:00,876 [s1-server-thread1] DEBUG server.RaftServer$Division (RaftServerImpl.java:logAppendEntries(1545)) - s1@group-F5D0649D4159: appendEntries* reply s4<-s1#775:OK-t2,SUCCESS,nextIndex=3,followerCommit=1,matchIndex=2
2024-10-07 19:12:00,876 [s1@group-F5D0649D4159-StateMachineUpdater] TRACE util.FileUtils (LogUtils.java:supplyAndLog(69)) - Successfully supplied FileChannel.open /home/runner/work/ratis/ratis/ratis-test/target/test/data/bef150af/MiniRaftClusterWithNettya9d77aa8/s1/6a8598e3-a76b-4f25-837c-f5d0649d4159/current/raft-meta.conf.tmp with options [CREATE, WRITE]: sun.nio.ch.FileChannelImpl@3884d6c0
2024-10-07 19:12:00,877 [s0@group-F5D0649D4159-StateMachineUpdater] TRACE util.FileUtils (LogUtils.java:runAndLog(49)) - Successfully ran Atomic Files.move /home/runner/work/ratis/ratis/ratis-test/target/test/data/bef150af/MiniRaftClusterWithNettya9d77aa8/s0/6a8598e3-a76b-4f25-837c-f5d0649d4159/current/raft-meta.conf.tmp to /home/runner/work/ratis/ratis/ratis-test/target/test/data/bef150af/MiniRaftClusterWithNettya9d77aa8/s0/6a8598e3-a76b-4f25-837c-f5d0649d4159/current/raft-meta.conf with options [REPLACE_EXISTING]
2024-10-07 19:12:00,878 [s1@group-F5D0649D4159-StateMachineUpdater] TRACE util.FileUtils (LogUtils.java:runAndLog(49)) - Successfully ran Atomic Files.move /home/runner/work/ratis/ratis/ratis-test/target/test/data/bef150af/MiniRaftClusterWithNettya9d77aa8/s1/6a8598e3-a76b-4f25-837c-f5d0649d4159/current/raft-meta.conf.tmp to /home/runner/work/ratis/ratis/ratis-test/target/test/data/bef150af/MiniRaftClusterWithNettya9d77aa8/s1/6a8598e3-a76b-4f25-837c-f5d0649d4159/current/raft-meta.conf with options [REPLACE_EXISTING]
2024-10-07 19:12:01,116 [s4@group-F5D0649D4159->s2-LogAppenderDefault-LogAppenderDaemon] WARN  leader.LogAppender (LogAppenderDefault.java:sendAppendEntriesWithRetries(94)) - s4@group-F5D0649D4159->s2-LogAppenderDefault: Failed to appendEntries (retry=11)
org.apache.ratis.thirdparty.io.netty.channel.AbstractChannel$AnnotatedConnectException: finishConnect(..) failed: Connection refused: localhost/127.0.0.1:15148
Caused by: java.net.ConnectException: finishConnect(..) failed: Connection refused
	at org.apache.ratis.thirdparty.io.netty.channel.unix.Errors.newConnectException0(Errors.java:166)
	at org.apache.ratis.thirdparty.io.netty.channel.unix.Errors.handleConnectErrno(Errors.java:131)
	at org.apache.ratis.thirdparty.io.netty.channel.unix.Socket.finishConnect(Socket.java:359)
	at org.apache.ratis.thirdparty.io.netty.channel.epoll.AbstractEpollChannel$AbstractEpollUnsafe.doFinishConnect(AbstractEpollChannel.java:715)
	at org.apache.ratis.thirdparty.io.netty.channel.epoll.AbstractEpollChannel$AbstractEpollUnsafe.finishConnect(AbstractEpollChannel.java:692)
	at org.apache.ratis.thirdparty.io.netty.channel.epoll.AbstractEpollChannel$AbstractEpollUnsafe.epollOutReady(AbstractEpollChannel.java:567)
	at org.apache.ratis.thirdparty.io.netty.channel.epoll.EpollEventLoop.processReady(EpollEventLoop.java:491)
	at org.apache.ratis.thirdparty.io.netty.channel.epoll.EpollEventLoop.run(EpollEventLoop.java:399)
	at org.apache.ratis.thirdparty.io.netty.util.concurrent.SingleThreadEventExecutor$4.run(SingleThreadEventExecutor.java:997)
	at org.apache.ratis.thirdparty.io.netty.util.internal.ThreadExecutorMap$2.run(ThreadExecutorMap.java:74)
	at java.lang.Thread.run(Thread.java:750)
2024-10-07 19:12:01,373 [s4@group-F5D0649D4159->s2-LogAppenderDefault-LogAppenderDaemon] WARN  leader.LogAppender (LogAppenderDefault.java:sendAppendEntriesWithRetries(94)) - s4@group-F5D0649D4159->s2-LogAppenderDefault: Failed to appendEntries (retry=21)
org.apache.ratis.thirdparty.io.netty.channel.AbstractChannel$AnnotatedConnectException: finishConnect(..) failed: Connection refused: localhost/127.0.0.1:15148
Caused by: java.net.ConnectException: finishConnect(..) failed: Connection refused
	at org.apache.ratis.thirdparty.io.netty.channel.unix.Errors.newConnectException0(Errors.java:166)
	at org.apache.ratis.thirdparty.io.netty.channel.unix.Errors.handleConnectErrno(Errors.java:131)
	at org.apache.ratis.thirdparty.io.netty.channel.unix.Socket.finishConnect(Socket.java:359)
	at org.apache.ratis.thirdparty.io.netty.channel.epoll.AbstractEpollChannel$AbstractEpollUnsafe.doFinishConnect(AbstractEpollChannel.java:715)
	at org.apache.ratis.thirdparty.io.netty.channel.epoll.AbstractEpollChannel$AbstractEpollUnsafe.finishConnect(AbstractEpollChannel.java:692)
	at org.apache.ratis.thirdparty.io.netty.channel.epoll.AbstractEpollChannel$AbstractEpollUnsafe.epollOutReady(AbstractEpollChannel.java:567)
	at org.apache.ratis.thirdparty.io.netty.channel.epoll.EpollEventLoop.processReady(EpollEventLoop.java:491)
	at org.apache.ratis.thirdparty.io.netty.channel.epoll.EpollEventLoop.run(EpollEventLoop.java:399)
	at org.apache.ratis.thirdparty.io.netty.util.concurrent.SingleThreadEventExecutor$4.run(SingleThreadEventExecutor.java:997)
	at org.apache.ratis.thirdparty.io.netty.util.internal.ThreadExecutorMap$2.run(ThreadExecutorMap.java:74)
	at java.lang.Thread.run(Thread.java:750)
2024-10-07 19:12:01,475 [s2-impl-thread1] INFO  segmented.SegmentedRaftLogWorker (SegmentedRaftLogWorker.java:close(251)) - s2@group-F5D0649D4159-SegmentedRaftLogWorker close()
2024-10-07 19:12:01,475 [JvmPauseMonitor39] INFO  util.JvmPauseMonitor (JvmPauseMonitor.java:run(152)) - JvmPauseMonitor-s2: Stopped
2024-10-07 19:12:01,475 [main] INFO  server.RaftServerConfigKeys (ConfUtils.java:logGet(46)) - raft.server.rpc.timeout.max = 300ms (default)
2024-10-07 19:12:01,476 [main] INFO  ratis.RaftTestUtil (RaftTestUtil.java:waitForLeader(107)) - printing ALL groups
  s3:  RUNNING  FOLLOWER s3@group-F5D0649D4159:t1, leader=null, voted=null, raftlog=Memoized:s3@group-F5D0649D4159-SegmentedRaftLog:OPENED:c-1:lastnull, conf=conf: {index: -1, cur=peers:[s3|localhost:15152, s4|localhost:15156, s0|localhost:15140, s1|localhost:15144, s2|localhost:15148]|listeners:[], old=null} RUNNING
  s4:  RUNNING    LEADER s4@group-F5D0649D4159:t2, leader=s4, voted=s4, raftlog=Memoized:s4@group-F5D0649D4159-SegmentedRaftLog:OPENED:c2:last(t:2, i:2), conf=conf: {index: 1, cur=peers:[s3|localhost:15152, s4|localhost:15156, s0|localhost:15140, s1|localhost:15144, s2|localhost:15148]|listeners:[], old=null} RUNNING
  s0:  RUNNING  FOLLOWER s0@group-F5D0649D4159:t2, leader=s4, voted=s4, raftlog=Memoized:s0@group-F5D0649D4159-SegmentedRaftLog:OPENED:c2:last(t:2, i:2), conf=conf: {index: 1, cur=peers:[s3|localhost:15152, s4|localhost:15156, s0|localhost:15140, s1|localhost:15144, s2|localhost:15148]|listeners:[], old=null} RUNNING
  s1:  RUNNING  FOLLOWER s1@group-F5D0649D4159:t2, leader=s4, voted=s4, raftlog=Memoized:s1@group-F5D0649D4159-SegmentedRaftLog:OPENED:c2:last(t:2, i:2), conf=conf: {index: 1, cur=peers:[s3|localhost:15152, s4|localhost:15156, s0|localhost:15140, s1|localhost:15144, s2|localhost:15148]|listeners:[], old=null} RUNNING
  s2:   CLOSED    LEADER s2@group-F5D0649D4159:t1, leader=s2, voted=s2, raftlog=Memoized:s2@group-F5D0649D4159-SegmentedRaftLog:CLOSED:c0, conf=conf: {index: 0, cur=peers:[s3|localhost:15152, s4|localhost:15156, s0|localhost:15140, s1|localhost:15144, s2|localhost:15148]|listeners:[], old=null} CLOSED
2024-10-07 19:12:01,476 [main] INFO  ratis.RaftTestUtil (RaftTestUtil.java:waitForLeader(131)) - printing ALL groups
  s3:  RUNNING  FOLLOWER s3@group-F5D0649D4159:t1, leader=null, voted=null, raftlog=Memoized:s3@group-F5D0649D4159-SegmentedRaftLog:OPENED:c-1:lastnull, conf=conf: {index: -1, cur=peers:[s3|localhost:15152, s4|localhost:15156, s0|localhost:15140, s1|localhost:15144, s2|localhost:15148]|listeners:[], old=null} RUNNING
  s4:  RUNNING    LEADER s4@group-F5D0649D4159:t2, leader=s4, voted=s4, raftlog=Memoized:s4@group-F5D0649D4159-SegmentedRaftLog:OPENED:c2:last(t:2, i:2), conf=conf: {index: 1, cur=peers:[s3|localhost:15152, s4|localhost:15156, s0|localhost:15140, s1|localhost:15144, s2|localhost:15148]|listeners:[], old=null} RUNNING
  s0:  RUNNING  FOLLOWER s0@group-F5D0649D4159:t2, leader=s4, voted=s4, raftlog=Memoized:s0@group-F5D0649D4159-SegmentedRaftLog:OPENED:c2:last(t:2, i:2), conf=conf: {index: 1, cur=peers:[s3|localhost:15152, s4|localhost:15156, s0|localhost:15140, s1|localhost:15144, s2|localhost:15148]|listeners:[], old=null} RUNNING
  s1:  RUNNING  FOLLOWER s1@group-F5D0649D4159:t2, leader=s4, voted=s4, raftlog=Memoized:s1@group-F5D0649D4159-SegmentedRaftLog:OPENED:c2:last(t:2, i:2), conf=conf: {index: 1, cur=peers:[s3|localhost:15152, s4|localhost:15156, s0|localhost:15140, s1|localhost:15144, s2|localhost:15148]|listeners:[], old=null} RUNNING
  s2:   CLOSED    LEADER s2@group-F5D0649D4159:t1, leader=s2, voted=s2, raftlog=Memoized:s2@group-F5D0649D4159-SegmentedRaftLog:CLOSED:c0, conf=conf: {index: 0, cur=peers:[s3|localhost:15152, s4|localhost:15156, s0|localhost:15140, s1|localhost:15144, s2|localhost:15148]|listeners:[], old=null} CLOSED
2024-10-07 19:12:01,476 [main] INFO  ratis.RaftTestUtil (RaftTestUtil.java:waitAndKillLeader(147)) - killing leader =    LEADER s4@group-F5D0649D4159:t2, leader=s4, voted=s4, raftlog=Memoized:s4@group-F5D0649D4159-SegmentedRaftLog:OPENED:c2:last(t:2, i:2), conf=conf: {index: 1, cur=peers:[s3|localhost:15152, s4|localhost:15156, s0|localhost:15140, s1|localhost:15144, s2|localhost:15148]|listeners:[], old=null} RUNNING
2024-10-07 19:12:01,476 [main] INFO  impl.MiniRaftCluster (MiniRaftCluster.java:killServer(539)) - killServer s4
2024-10-07 19:12:01,476 [main] INFO  server.RaftServer (RaftServerProxy.java:lambda$close$9(418)) - s4: close
2024-10-07 19:12:01,477 [s4-impl-thread1] INFO  server.RaftServer$Division (RaftServerImpl.java:lambda$close$1(511)) - s4@group-F5D0649D4159: shutdown
2024-10-07 19:12:01,477 [NettyRpcService-bossGroup--thread1] INFO  logging.LoggingHandler (AbstractInternalLogger.java:log(148)) - [id: 0xaf955636, L:/0.0.0.0:15156] CLOSE
2024-10-07 19:12:01,477 [s4-impl-thread1] INFO  util.JmxRegister (JmxRegister.java:unregister(74)) - Successfully un-registered JMX Bean with object name Ratis:service=RaftServer,group=group-F5D0649D4159,id=s4
2024-10-07 19:12:01,477 [s4-impl-thread1] INFO  impl.RoleInfo (RoleInfo.java:shutdownLeaderState(103)) - s4: shutdown s4@group-F5D0649D4159-LeaderStateImpl
2024-10-07 19:12:01,477 [NettyRpcService-bossGroup--thread1] INFO  logging.LoggingHandler (AbstractInternalLogger.java:log(148)) - [id: 0xaf955636, L:/0.0.0.0:15156] INACTIVE
2024-10-07 19:12:01,477 [NettyRpcService-bossGroup--thread1] INFO  logging.LoggingHandler (AbstractInternalLogger.java:log(148)) - [id: 0xaf955636, L:/0.0.0.0:15156] UNREGISTERED
2024-10-07 19:12:01,477 [s4@group-F5D0649D4159->s3-LogAppenderDefault-LogAppenderDaemon] INFO  leader.LogAppenderDaemon (LogAppenderDaemon.java:run(87)) - s4@group-F5D0649D4159->s3-LogAppenderDefault-LogAppenderDaemon I/O was interrupted: java.io.InterruptedIOException: s4->s3#765 sending from s3|localhost:15152 is interrupted.
2024-10-07 19:12:01,477 [s4@group-F5D0649D4159->s0-LogAppenderDefault-LogAppenderDaemon] INFO  leader.LogAppenderDaemon (LogAppenderDaemon.java:run(85)) - s4@group-F5D0649D4159->s0-LogAppenderDefault-LogAppenderDaemon was interrupted: java.lang.InterruptedException
2024-10-07 19:12:01,478 [s4-impl-thread1] INFO  impl.PendingRequests (PendingRequests.java:sendNotLeaderResponses(287)) - s4@group-F5D0649D4159-PendingRequests: sendNotLeaderResponses
2024-10-07 19:12:01,478 [s4@group-F5D0649D4159->s2-LogAppenderDefault-LogAppenderDaemon] INFO  leader.LogAppenderDaemon (LogAppenderDaemon.java:run(85)) - s4@group-F5D0649D4159->s2-LogAppenderDefault-LogAppenderDaemon was interrupted: java.lang.InterruptedException: sleep interrupted
2024-10-07 19:12:01,480 [s4@group-F5D0649D4159->s1-LogAppenderDefault-LogAppenderDaemon] INFO  leader.LogAppenderDaemon (LogAppenderDaemon.java:run(85)) - s4@group-F5D0649D4159->s1-LogAppenderDefault-LogAppenderDaemon was interrupted: java.lang.InterruptedException
2024-10-07 19:12:01,480 [s4-impl-thread1] INFO  impl.StateMachineUpdater (StateMachineUpdater.java:stopAndJoin(164)) - s4@group-F5D0649D4159-StateMachineUpdater: set stopIndex = 2
2024-10-07 19:12:01,480 [s4@group-F5D0649D4159-StateMachineUpdater] INFO  impl.StateMachineUpdater (StateMachineUpdater.java:stop(141)) - s4@group-F5D0649D4159-StateMachineUpdater: closing BaseStateMachine, lastApplied=(t:2, i:2)
2024-10-07 19:12:01,480 [s4@group-F5D0649D4159-cacheEviction-AwaitToRun] INFO  util.AwaitToRun (AwaitToRun.java:run(49)) - s4@group-F5D0649D4159-cacheEviction-AwaitToRun-AwaitForSignal is interrupted
2024-10-07 19:12:01,617 [s1@group-F5D0649D4159-FollowerState] INFO  impl.FollowerState (FollowerState.java:runImpl(156)) - s1@group-F5D0649D4159-FollowerState: change to CANDIDATE, lastRpcElapsedTime:208818197ns, electionTimeout:172ms
2024-10-07 19:12:01,617 [s1@group-F5D0649D4159-FollowerState] INFO  impl.RoleInfo (RoleInfo.java:shutdownFollowerState(121)) - s1: shutdown s1@group-F5D0649D4159-FollowerState
2024-10-07 19:12:01,617 [s1@group-F5D0649D4159-FollowerState] INFO  server.RaftServer$Division (RaftServerImpl.java:setRole(379)) - s1@group-F5D0649D4159: changes role from  FOLLOWER to CANDIDATE at term 2 for changeToCandidate
2024-10-07 19:12:01,617 [s1@group-F5D0649D4159-FollowerState] INFO  server.RaftServerConfigKeys (ConfUtils.java:logGet(46)) - raft.server.leaderelection.pre-vote = true (default)
2024-10-07 19:12:01,617 [s1@group-F5D0649D4159-FollowerState] INFO  impl.RoleInfo (RoleInfo.java:updateAndGet(148)) - s1: start s1@group-F5D0649D4159-LeaderElection17
2024-10-07 19:12:01,618 [s1@group-F5D0649D4159-LeaderElection17] INFO  server.RaftServer$Division (ServerState.java:setLeader(272)) - s1@group-F5D0649D4159: change Leader from s4 to null at term 2 for PRE_VOTE
2024-10-07 19:12:01,618 [s1@group-F5D0649D4159-LeaderElection17] INFO  impl.LeaderElection (LeaderElection.java:askForVotes(337)) - s1@group-F5D0649D4159-LeaderElection17 PRE_VOTE round 0: submit vote requests at term 2 for conf: {index: 1, cur=peers:[s3|localhost:15152, s4|localhost:15156, s0|localhost:15140, s1|localhost:15144, s2|localhost:15148]|listeners:[], old=null}
2024-10-07 19:12:01,619 [NettyRpcService-bossGroup--thread1] INFO  logging.LoggingHandler (AbstractInternalLogger.java:log(148)) - [id: 0xab37dffa, L:/0.0.0.0:15152] READ: [id: 0x9d3c031c, L:/127.0.0.1:15152 - R:/127.0.0.1:43526]
2024-10-07 19:12:01,619 [NettyRpcService-bossGroup--thread1] INFO  logging.LoggingHandler (AbstractInternalLogger.java:log(148)) - [id: 0x3388f1c6, L:/0.0.0.0:15140] READ: [id: 0xb16dcabe, L:/127.0.0.1:15140 - R:/127.0.0.1:52254]
2024-10-07 19:12:01,620 [NettyRpcService-bossGroup--thread1] INFO  logging.LoggingHandler (AbstractInternalLogger.java:log(148)) - [id: 0x3388f1c6, L:/0.0.0.0:15140] READ COMPLETE
2024-10-07 19:12:01,620 [NettyRpcService-bossGroup--thread1] INFO  logging.LoggingHandler (AbstractInternalLogger.java:log(148)) - [id: 0xab37dffa, L:/0.0.0.0:15152] READ COMPLETE
2024-10-07 19:12:01,620 [s1@group-F5D0649D4159-LeaderElection17] INFO  impl.LeaderElection (LogUtils.java:infoOrTrace(136)) - s1@group-F5D0649D4159-LeaderElection17 got exception when requesting votes: java.util.concurrent.ExecutionException: org.apache.ratis.thirdparty.io.netty.channel.AbstractChannel$AnnotatedConnectException: finishConnect(..) failed: Connection refused: localhost/127.0.0.1:15156
2024-10-07 19:12:01,620 [NettyRpcService-workerGroup--thread3] INFO  server.RaftServer$Division (RaftServerImpl.java:requestVote(1443)) - s0@group-F5D0649D4159: receive requestVote(PRE_VOTE, s1, group-F5D0649D4159, 2, (t:2, i:2))
2024-10-07 19:12:01,621 [NettyRpcService-workerGroup--thread3] INFO  impl.VoteContext (VoteContext.java:log(49)) - s0@group-F5D0649D4159-FOLLOWER: accept PRE_VOTE from s1: our priority 0 <= candidate's priority 0
2024-10-07 19:12:01,621 [s1@group-F5D0649D4159-LeaderElection17] INFO  impl.LeaderElection (LogUtils.java:infoOrTrace(136)) - s1@group-F5D0649D4159-LeaderElection17 got exception when requesting votes: java.util.concurrent.ExecutionException: org.apache.ratis.thirdparty.io.netty.channel.AbstractChannel$AnnotatedConnectException: finishConnect(..) failed: Connection refused: localhost/127.0.0.1:15148
2024-10-07 19:12:01,621 [NettyRpcService-workerGroup--thread3] INFO  server.RaftServer$Division (RaftServerImpl.java:requestVote(1476)) - s0@group-F5D0649D4159 replies to PRE_VOTE vote request: s1<-s0#0:OK-t2. Peer's state: s0@group-F5D0649D4159:t2, leader=s4, voted=s4, raftlog=Memoized:s0@group-F5D0649D4159-SegmentedRaftLog:OPENED:c2:last(t:2, i:2), conf=conf: {index: 1, cur=peers:[s3|localhost:15152, s4|localhost:15156, s0|localhost:15140, s1|localhost:15144, s2|localhost:15148]|listeners:[], old=null}
2024-10-07 19:12:01,621 [NettyRpcService-workerGroup--thread3] INFO  server.RaftServer$Division (RaftServerImpl.java:requestVote(1443)) - s3@group-F5D0649D4159: receive requestVote(PRE_VOTE, s1, group-F5D0649D4159, 2, (t:2, i:2))
2024-10-07 19:12:01,791 [s1@group-F5D0649D4159-LeaderElection17] INFO  impl.LeaderElection (LeaderElection.java:logAndReturn(90)) - s1@group-F5D0649D4159-LeaderElection17: PRE_VOTE TIMEOUT received 1 response(s) and 2 exception(s):
2024-10-07 19:12:01,791 [s1@group-F5D0649D4159-LeaderElection17] INFO  impl.LeaderElection (LeaderElection.java:logAndReturn(94)) -   Response 0: s1<-s0#0:OK-t2
2024-10-07 19:12:01,791 [s1@group-F5D0649D4159-LeaderElection17] INFO  impl.LeaderElection (LogUtils.java:infoOrTrace(136)) -   Exception 1: java.util.concurrent.ExecutionException: org.apache.ratis.thirdparty.io.netty.channel.AbstractChannel$AnnotatedConnectException: finishConnect(..) failed: Connection refused: localhost/127.0.0.1:15156
2024-10-07 19:12:01,791 [s1@group-F5D0649D4159-LeaderElection17] INFO  impl.LeaderElection (LogUtils.java:infoOrTrace(136)) -   Exception 2: java.util.concurrent.ExecutionException: org.apache.ratis.thirdparty.io.netty.channel.AbstractChannel$AnnotatedConnectException: finishConnect(..) failed: Connection refused: localhost/127.0.0.1:15148
2024-10-07 19:12:01,791 [s1@group-F5D0649D4159-LeaderElection17] INFO  impl.LeaderElection (LeaderElection.java:askForVotes(339)) - s1@group-F5D0649D4159-LeaderElection17 PRE_VOTE round 0: result TIMEOUT
2024-10-07 19:12:01,791 [s1@group-F5D0649D4159-LeaderElection17] INFO  impl.LeaderElection (LeaderElection.java:askForVotes(337)) - s1@group-F5D0649D4159-LeaderElection17 PRE_VOTE round 1: submit vote requests at term 2 for conf: {index: 1, cur=peers:[s3|localhost:15152, s4|localhost:15156, s0|localhost:15140, s1|localhost:15144, s2|localhost:15148]|listeners:[], old=null}
2024-10-07 19:12:01,792 [NettyRpcService-workerGroup--thread3] INFO  server.RaftServer$Division (RaftServerImpl.java:requestVote(1443)) - s0@group-F5D0649D4159: receive requestVote(PRE_VOTE, s1, group-F5D0649D4159, 2, (t:2, i:2))
2024-10-07 19:12:01,793 [NettyRpcService-workerGroup--thread3] INFO  impl.VoteContext (VoteContext.java:log(49)) - s0@group-F5D0649D4159-FOLLOWER: accept PRE_VOTE from s1: our priority 0 <= candidate's priority 0
2024-10-07 19:12:01,793 [NettyRpcService-workerGroup--thread3] INFO  server.RaftServer$Division (RaftServerImpl.java:requestVote(1476)) - s0@group-F5D0649D4159 replies to PRE_VOTE vote request: s1<-s0#0:OK-t2. Peer's state: s0@group-F5D0649D4159:t2, leader=s4, voted=s4, raftlog=Memoized:s0@group-F5D0649D4159-SegmentedRaftLog:OPENED:c2:last(t:2, i:2), conf=conf: {index: 1, cur=peers:[s3|localhost:15152, s4|localhost:15156, s0|localhost:15140, s1|localhost:15144, s2|localhost:15148]|listeners:[], old=null}
2024-10-07 19:12:01,793 [s1@group-F5D0649D4159-LeaderElection17] INFO  impl.LeaderElection (LogUtils.java:infoOrTrace(136)) - s1@group-F5D0649D4159-LeaderElection17 got exception when requesting votes: java.util.concurrent.ExecutionException: org.apache.ratis.thirdparty.io.netty.channel.AbstractChannel$AnnotatedConnectException: finishConnect(..) failed: Connection refused: localhost/127.0.0.1:15148
2024-10-07 19:12:01,794 [s1@group-F5D0649D4159-LeaderElection17] INFO  impl.LeaderElection (LogUtils.java:infoOrTrace(136)) - s1@group-F5D0649D4159-LeaderElection17 got exception when requesting votes: java.util.concurrent.ExecutionException: org.apache.ratis.thirdparty.io.netty.channel.AbstractChannel$AnnotatedConnectException: finishConnect(..) failed: Connection refused: localhost/127.0.0.1:15156
2024-10-07 19:12:01,875 [s4-impl-thread1] INFO  segmented.SegmentedRaftLogWorker (SegmentedRaftLogWorker.java:close(251)) - s4@group-F5D0649D4159-SegmentedRaftLogWorker close()
2024-10-07 19:12:01,875 [JvmPauseMonitor36] INFO  util.JvmPauseMonitor (JvmPauseMonitor.java:run(152)) - JvmPauseMonitor-s4: Stopped
2024-10-07 19:12:01,875 [main] INFO  server.RaftServerConfigKeys (ConfUtils.java:logGet(46)) - raft.server.rpc.timeout.max = 300ms (default)
2024-10-07 19:12:01,876 [main] INFO  ratis.RaftTestUtil (RaftTestUtil.java:waitForLeader(107)) - printing ALL groups
  s3:  RUNNING  FOLLOWER s3@group-F5D0649D4159:t1, leader=null, voted=null, raftlog=Memoized:s3@group-F5D0649D4159-SegmentedRaftLog:OPENED:c-1:lastnull, conf=conf: {index: -1, cur=peers:[s3|localhost:15152, s4|localhost:15156, s0|localhost:15140, s1|localhost:15144, s2|localhost:15148]|listeners:[], old=null} RUNNING
  s4:   CLOSED    LEADER s4@group-F5D0649D4159:t2, leader=s4, voted=s4, raftlog=Memoized:s4@group-F5D0649D4159-SegmentedRaftLog:CLOSED:c2, conf=conf: {index: 1, cur=peers:[s3|localhost:15152, s4|localhost:15156, s0|localhost:15140, s1|localhost:15144, s2|localhost:15148]|listeners:[], old=null} CLOSED
  s0:  RUNNING  FOLLOWER s0@group-F5D0649D4159:t2, leader=s4, voted=s4, raftlog=Memoized:s0@group-F5D0649D4159-SegmentedRaftLog:OPENED:c2:last(t:2, i:2), conf=conf: {index: 1, cur=peers:[s3|localhost:15152, s4|localhost:15156, s0|localhost:15140, s1|localhost:15144, s2|localhost:15148]|listeners:[], old=null} RUNNING
  s1:  RUNNING CANDIDATE s1@group-F5D0649D4159:t2, leader=null, voted=s4, raftlog=Memoized:s1@group-F5D0649D4159-SegmentedRaftLog:OPENED:c2:last(t:2, i:2), conf=conf: {index: 1, cur=peers:[s3|localhost:15152, s4|localhost:15156, s0|localhost:15140, s1|localhost:15144, s2|localhost:15148]|listeners:[], old=null} RUNNING
  s2:   CLOSED    LEADER s2@group-F5D0649D4159:t1, leader=s2, voted=s2, raftlog=Memoized:s2@group-F5D0649D4159-SegmentedRaftLog:CLOSED:c0, conf=conf: {index: 0, cur=peers:[s3|localhost:15152, s4|localhost:15156, s0|localhost:15140, s1|localhost:15144, s2|localhost:15148]|listeners:[], old=null} CLOSED
2024-10-07 19:12:01,876 [main] WARN  ratis.RaftTestUtil (RaftTestUtil.java:lambda$waitForLeader$3(126)) - Attempt #1 failed: java.lang.IllegalStateException: No leader yet : printing ALL groups
  s3:  RUNNING  FOLLOWER s3@group-F5D0649D4159:t1, leader=null, voted=null, raftlog=Memoized:s3@group-F5D0649D4159-SegmentedRaftLog:OPENED:c-1:lastnull, conf=conf: {index: -1, cur=peers:[s3|localhost:15152, s4|localhost:15156, s0|localhost:15140, s1|localhost:15144, s2|localhost:15148]|listeners:[], old=null} RUNNING
  s4:   CLOSED    LEADER s4@group-F5D0649D4159:t2, leader=s4, voted=s4, raftlog=Memoized:s4@group-F5D0649D4159-SegmentedRaftLog:CLOSED:c2, conf=conf: {index: 1, cur=peers:[s3|localhost:15152, s4|localhost:15156, s0|localhost:15140, s1|localhost:15144, s2|localhost:15148]|listeners:[], old=null} CLOSED
  s0:  RUNNING  FOLLOWER s0@group-F5D0649D4159:t2, leader=s4, voted=s4, raftlog=Memoized:s0@group-F5D0649D4159-SegmentedRaftLog:OPENED:c2:last(t:2, i:2), conf=conf: {index: 1, cur=peers:[s3|localhost:15152, s4|localhost:15156, s0|localhost:15140, s1|localhost:15144, s2|localhost:15148]|listeners:[], old=null} RUNNING
  s1:  RUNNING CANDIDATE s1@group-F5D0649D4159:t2, leader=null, voted=s4, raftlog=Memoized:s1@group-F5D0649D4159-SegmentedRaftLog:OPENED:c2:last(t:2, i:2), conf=conf: {index: 1, cur=peers:[s3|localhost:15152, s4|localhost:15156, s0|localhost:15140, s1|localhost:15144, s2|localhost:15148]|listeners:[], old=null} RUNNING
  s2:   CLOSED    LEADER s2@group-F5D0649D4159:t1, leader=s2, voted=s2, raftlog=Memoized:s2@group-F5D0649D4159-SegmentedRaftLog:CLOSED:c0, conf=conf: {index: 0, cur=peers:[s3|localhost:15152, s4|localhost:15156, s0|localhost:15140, s1|localhost:15144, s2|localhost:15148]|listeners:[], old=null} CLOSED
2024-10-07 19:12:02,011 [s1@group-F5D0649D4159-LeaderElection17] INFO  impl.LeaderElection (LeaderElection.java:logAndReturn(90)) - s1@group-F5D0649D4159-LeaderElection17: PRE_VOTE TIMEOUT received 1 response(s) and 2 exception(s):
2024-10-07 19:12:02,011 [s1@group-F5D0649D4159-LeaderElection17] INFO  impl.LeaderElection (LeaderElection.java:logAndReturn(94)) -   Response 0: s1<-s0#0:OK-t2
2024-10-07 19:12:02,011 [s1@group-F5D0649D4159-LeaderElection17] INFO  impl.LeaderElection (LogUtils.java:infoOrTrace(136)) -   Exception 1: java.util.concurrent.ExecutionException: org.apache.ratis.thirdparty.io.netty.channel.AbstractChannel$AnnotatedConnectException: finishConnect(..) failed: Connection refused: localhost/127.0.0.1:15148
2024-10-07 19:12:02,011 [s1@group-F5D0649D4159-LeaderElection17] INFO  impl.LeaderElection (LogUtils.java:infoOrTrace(136)) -   Exception 2: java.util.concurrent.ExecutionException: org.apache.ratis.thirdparty.io.netty.channel.AbstractChannel$AnnotatedConnectException: finishConnect(..) failed: Connection refused: localhost/127.0.0.1:15156
2024-10-07 19:12:02,012 [s1@group-F5D0649D4159-LeaderElection17] INFO  impl.LeaderElection (LeaderElection.java:askForVotes(339)) - s1@group-F5D0649D4159-LeaderElection17 PRE_VOTE round 1: result TIMEOUT
2024-10-07 19:12:02,012 [s1@group-F5D0649D4159-LeaderElection17] INFO  impl.LeaderElection (LeaderElection.java:askForVotes(337)) - s1@group-F5D0649D4159-LeaderElection17 PRE_VOTE round 2: submit vote requests at term 2 for conf: {index: 1, cur=peers:[s3|localhost:15152, s4|localhost:15156, s0|localhost:15140, s1|localhost:15144, s2|localhost:15148]|listeners:[], old=null}
2024-10-07 19:12:02,013 [NettyRpcService-workerGroup--thread3] INFO  server.RaftServer$Division (RaftServerImpl.java:requestVote(1443)) - s0@group-F5D0649D4159: receive requestVote(PRE_VOTE, s1, group-F5D0649D4159, 2, (t:2, i:2))
2024-10-07 19:12:02,013 [NettyRpcService-workerGroup--thread3] INFO  impl.VoteContext (VoteContext.java:log(49)) - s0@group-F5D0649D4159-FOLLOWER: accept PRE_VOTE from s1: our priority 0 <= candidate's priority 0
2024-10-07 19:12:02,013 [NettyRpcService-workerGroup--thread3] INFO  server.RaftServer$Division (RaftServerImpl.java:requestVote(1476)) - s0@group-F5D0649D4159 replies to PRE_VOTE vote request: s1<-s0#0:OK-t2. Peer's state: s0@group-F5D0649D4159:t2, leader=s4, voted=s4, raftlog=Memoized:s0@group-F5D0649D4159-SegmentedRaftLog:OPENED:c2:last(t:2, i:2), conf=conf: {index: 1, cur=peers:[s3|localhost:15152, s4|localhost:15156, s0|localhost:15140, s1|localhost:15144, s2|localhost:15148]|listeners:[], old=null}
2024-10-07 19:12:02,014 [s1@group-F5D0649D4159-LeaderElection17] INFO  impl.LeaderElection (LogUtils.java:infoOrTrace(136)) - s1@group-F5D0649D4159-LeaderElection17 got exception when requesting votes: java.util.concurrent.ExecutionException: org.apache.ratis.thirdparty.io.netty.channel.AbstractChannel$AnnotatedConnectException: finishConnect(..) failed: Connection refused: localhost/127.0.0.1:15148
2024-10-07 19:12:02,014 [s1@group-F5D0649D4159-LeaderElection17] INFO  impl.LeaderElection (LogUtils.java:infoOrTrace(136)) - s1@group-F5D0649D4159-LeaderElection17 got exception when requesting votes: java.util.concurrent.ExecutionException: org.apache.ratis.thirdparty.io.netty.channel.AbstractChannel$AnnotatedConnectException: finishConnect(..) failed: Connection refused: localhost/127.0.0.1:15156
2024-10-07 19:12:02,229 [s1@group-F5D0649D4159-LeaderElection17] INFO  impl.LeaderElection (LeaderElection.java:logAndReturn(90)) - s1@group-F5D0649D4159-LeaderElection17: PRE_VOTE TIMEOUT received 1 response(s) and 2 exception(s):
2024-10-07 19:12:02,229 [s1@group-F5D0649D4159-LeaderElection17] INFO  impl.LeaderElection (LeaderElection.java:logAndReturn(94)) -   Response 0: s1<-s0#0:OK-t2
2024-10-07 19:12:02,229 [s1@group-F5D0649D4159-LeaderElection17] INFO  impl.LeaderElection (LogUtils.java:infoOrTrace(136)) -   Exception 1: java.util.concurrent.ExecutionException: org.apache.ratis.thirdparty.io.netty.channel.AbstractChannel$AnnotatedConnectException: finishConnect(..) failed: Connection refused: localhost/127.0.0.1:15148
2024-10-07 19:12:02,229 [s1@group-F5D0649D4159-LeaderElection17] INFO  impl.LeaderElection (LogUtils.java:infoOrTrace(136)) -   Exception 2: java.util.concurrent.ExecutionException: org.apache.ratis.thirdparty.io.netty.channel.AbstractChannel$AnnotatedConnectException: finishConnect(..) failed: Connection refused: localhost/127.0.0.1:15156
2024-10-07 19:12:02,229 [s1@group-F5D0649D4159-LeaderElection17] INFO  impl.LeaderElection (LeaderElection.java:askForVotes(339)) - s1@group-F5D0649D4159-LeaderElection17 PRE_VOTE round 2: result TIMEOUT
2024-10-07 19:12:02,229 [s1@group-F5D0649D4159-LeaderElection17] INFO  impl.LeaderElection (LeaderElection.java:askForVotes(337)) - s1@group-F5D0649D4159-LeaderElection17 PRE_VOTE round 3: submit vote requests at term 2 for conf: {index: 1, cur=peers:[s3|localhost:15152, s4|localhost:15156, s0|localhost:15140, s1|localhost:15144, s2|localhost:15148]|listeners:[], old=null}
2024-10-07 19:12:02,230 [NettyRpcService-workerGroup--thread3] INFO  server.RaftServer$Division (RaftServerImpl.java:requestVote(1443)) - s0@group-F5D0649D4159: receive requestVote(PRE_VOTE, s1, group-F5D0649D4159, 2, (t:2, i:2))
2024-10-07 19:12:02,230 [NettyRpcService-workerGroup--thread3] INFO  impl.VoteContext (VoteContext.java:log(49)) - s0@group-F5D0649D4159-FOLLOWER: accept PRE_VOTE from s1: our priority 0 <= candidate's priority 0
2024-10-07 19:12:02,230 [NettyRpcService-workerGroup--thread3] INFO  server.RaftServer$Division (RaftServerImpl.java:requestVote(1476)) - s0@group-F5D0649D4159 replies to PRE_VOTE vote request: s1<-s0#0:OK-t2. Peer's state: s0@group-F5D0649D4159:t2, leader=s4, voted=s4, raftlog=Memoized:s0@group-F5D0649D4159-SegmentedRaftLog:OPENED:c2:last(t:2, i:2), conf=conf: {index: 1, cur=peers:[s3|localhost:15152, s4|localhost:15156, s0|localhost:15140, s1|localhost:15144, s2|localhost:15148]|listeners:[], old=null}
2024-10-07 19:12:02,231 [s1@group-F5D0649D4159-LeaderElection17] INFO  impl.LeaderElection (LogUtils.java:infoOrTrace(136)) - s1@group-F5D0649D4159-LeaderElection17 got exception when requesting votes: java.util.concurrent.ExecutionException: org.apache.ratis.thirdparty.io.netty.channel.AbstractChannel$AnnotatedConnectException: finishConnect(..) failed: Connection refused: localhost/127.0.0.1:15148
2024-10-07 19:12:02,231 [s1@group-F5D0649D4159-LeaderElection17] INFO  impl.LeaderElection (LogUtils.java:infoOrTrace(136)) - s1@group-F5D0649D4159-LeaderElection17 got exception when requesting votes: java.util.concurrent.ExecutionException: org.apache.ratis.thirdparty.io.netty.channel.AbstractChannel$AnnotatedConnectException: finishConnect(..) failed: Connection refused: localhost/127.0.0.1:15156
2024-10-07 19:12:02,327 [main] WARN  ratis.RaftTestUtil (RaftTestUtil.java:lambda$waitForLeader$3(126)) - Attempt #2 failed: java.lang.IllegalStateException: No leader yet : printing ALL groups
  s3:  RUNNING  FOLLOWER s3@group-F5D0649D4159:t1, leader=null, voted=null, raftlog=Memoized:s3@group-F5D0649D4159-SegmentedRaftLog:OPENED:c-1:lastnull, conf=conf: {index: -1, cur=peers:[s3|localhost:15152, s4|localhost:15156, s0|localhost:15140, s1|localhost:15144, s2|localhost:15148]|listeners:[], old=null} RUNNING
  s4:   CLOSED    LEADER s4@group-F5D0649D4159:t2, leader=s4, voted=s4, raftlog=Memoized:s4@group-F5D0649D4159-SegmentedRaftLog:CLOSED:c2, conf=conf: {index: 1, cur=peers:[s3|localhost:15152, s4|localhost:15156, s0|localhost:15140, s1|localhost:15144, s2|localhost:15148]|listeners:[], old=null} CLOSED
  s0:  RUNNING  FOLLOWER s0@group-F5D0649D4159:t2, leader=s4, voted=s4, raftlog=Memoized:s0@group-F5D0649D4159-SegmentedRaftLog:OPENED:c2:last(t:2, i:2), conf=conf: {index: 1, cur=peers:[s3|localhost:15152, s4|localhost:15156, s0|localhost:15140, s1|localhost:15144, s2|localhost:15148]|listeners:[], old=null} RUNNING
  s1:  RUNNING CANDIDATE s1@group-F5D0649D4159:t2, leader=null, voted=s4, raftlog=Memoized:s1@group-F5D0649D4159-SegmentedRaftLog:OPENED:c2:last(t:2, i:2), conf=conf: {index: 1, cur=peers:[s3|localhost:15152, s4|localhost:15156, s0|localhost:15140, s1|localhost:15144, s2|localhost:15148]|listeners:[], old=null} RUNNING
  s2:   CLOSED    LEADER s2@group-F5D0649D4159:t1, leader=s2, voted=s2, raftlog=Memoized:s2@group-F5D0649D4159-SegmentedRaftLog:CLOSED:c0, conf=conf: {index: 0, cur=peers:[s3|localhost:15152, s4|localhost:15156, s0|localhost:15140, s1|localhost:15144, s2|localhost:15148]|listeners:[], old=null} CLOSED
2024-10-07 19:12:02,445 [s1@group-F5D0649D4159-LeaderElection17] INFO  impl.LeaderElection (LeaderElection.java:logAndReturn(90)) - s1@group-F5D0649D4159-LeaderElection17: PRE_VOTE TIMEOUT received 1 response(s) and 2 exception(s):
2024-10-07 19:12:02,445 [s1@group-F5D0649D4159-LeaderElection17] INFO  impl.LeaderElection (LeaderElection.java:logAndReturn(94)) -   Response 0: s1<-s0#0:OK-t2
2024-10-07 19:12:02,445 [s1@group-F5D0649D4159-LeaderElection17] INFO  impl.LeaderElection (LogUtils.java:infoOrTrace(136)) -   Exception 1: java.util.concurrent.ExecutionException: org.apache.ratis.thirdparty.io.netty.channel.AbstractChannel$AnnotatedConnectException: finishConnect(..) failed: Connection refused: localhost/127.0.0.1:15148
2024-10-07 19:12:02,445 [s1@group-F5D0649D4159-LeaderElection17] INFO  impl.LeaderElection (LogUtils.java:infoOrTrace(136)) -   Exception 2: java.util.concurrent.ExecutionException: org.apache.ratis.thirdparty.io.netty.channel.AbstractChannel$AnnotatedConnectException: finishConnect(..) failed: Connection refused: localhost/127.0.0.1:15156
2024-10-07 19:12:02,445 [s1@group-F5D0649D4159-LeaderElection17] INFO  impl.LeaderElection (LeaderElection.java:askForVotes(339)) - s1@group-F5D0649D4159-LeaderElection17 PRE_VOTE round 3: result TIMEOUT
2024-10-07 19:12:02,446 [s1@group-F5D0649D4159-LeaderElection17] INFO  impl.LeaderElection (LeaderElection.java:askForVotes(337)) - s1@group-F5D0649D4159-LeaderElection17 PRE_VOTE round 4: submit vote requests at term 2 for conf: {index: 1, cur=peers:[s3|localhost:15152, s4|localhost:15156, s0|localhost:15140, s1|localhost:15144, s2|localhost:15148]|listeners:[], old=null}
2024-10-07 19:12:02,446 [NettyRpcService-workerGroup--thread3] INFO  server.RaftServer$Division (RaftServerImpl.java:requestVote(1443)) - s0@group-F5D0649D4159: receive requestVote(PRE_VOTE, s1, group-F5D0649D4159, 2, (t:2, i:2))
2024-10-07 19:12:02,447 [NettyRpcService-workerGroup--thread3] INFO  impl.VoteContext (VoteContext.java:log(49)) - s0@group-F5D0649D4159-FOLLOWER: accept PRE_VOTE from s1: our priority 0 <= candidate's priority 0
2024-10-07 19:12:02,447 [NettyRpcService-workerGroup--thread3] INFO  server.RaftServer$Division (RaftServerImpl.java:requestVote(1476)) - s0@group-F5D0649D4159 replies to PRE_VOTE vote request: s1<-s0#0:OK-t2. Peer's state: s0@group-F5D0649D4159:t2, leader=s4, voted=s4, raftlog=Memoized:s0@group-F5D0649D4159-SegmentedRaftLog:OPENED:c2:last(t:2, i:2), conf=conf: {index: 1, cur=peers:[s3|localhost:15152, s4|localhost:15156, s0|localhost:15140, s1|localhost:15144, s2|localhost:15148]|listeners:[], old=null}
2024-10-07 19:12:02,447 [s1@group-F5D0649D4159-LeaderElection17] INFO  impl.LeaderElection (LogUtils.java:infoOrTrace(136)) - s1@group-F5D0649D4159-LeaderElection17 got exception when requesting votes: java.util.concurrent.ExecutionException: org.apache.ratis.thirdparty.io.netty.channel.AbstractChannel$AnnotatedConnectException: finishConnect(..) failed: Connection refused: localhost/127.0.0.1:15148
2024-10-07 19:12:02,447 [s1@group-F5D0649D4159-LeaderElection17] INFO  impl.LeaderElection (LogUtils.java:infoOrTrace(136)) - s1@group-F5D0649D4159-LeaderElection17 got exception when requesting votes: java.util.concurrent.ExecutionException: org.apache.ratis.thirdparty.io.netty.channel.AbstractChannel$AnnotatedConnectException: finishConnect(..) failed: Connection refused: localhost/127.0.0.1:15156
2024-10-07 19:12:02,649 [s1@group-F5D0649D4159-LeaderElection17] INFO  impl.LeaderElection (LeaderElection.java:logAndReturn(90)) - s1@group-F5D0649D4159-LeaderElection17: PRE_VOTE TIMEOUT received 1 response(s) and 2 exception(s):
2024-10-07 19:12:02,649 [s1@group-F5D0649D4159-LeaderElection17] INFO  impl.LeaderElection (LeaderElection.java:logAndReturn(94)) -   Response 0: s1<-s0#0:OK-t2
2024-10-07 19:12:02,649 [s1@group-F5D0649D4159-LeaderElection17] INFO  impl.LeaderElection (LogUtils.java:infoOrTrace(136)) -   Exception 1: java.util.concurrent.ExecutionException: org.apache.ratis.thirdparty.io.netty.channel.AbstractChannel$AnnotatedConnectException: finishConnect(..) failed: Connection refused: localhost/127.0.0.1:15148
2024-10-07 19:12:02,650 [s1@group-F5D0649D4159-LeaderElection17] INFO  impl.LeaderElection (LogUtils.java:infoOrTrace(136)) -   Exception 2: java.util.concurrent.ExecutionException: org.apache.ratis.thirdparty.io.netty.channel.AbstractChannel$AnnotatedConnectException: finishConnect(..) failed: Connection refused: localhost/127.0.0.1:15156
2024-10-07 19:12:02,650 [s1@group-F5D0649D4159-LeaderElection17] INFO  impl.LeaderElection (LeaderElection.java:askForVotes(339)) - s1@group-F5D0649D4159-LeaderElection17 PRE_VOTE round 4: result TIMEOUT
2024-10-07 19:12:02,650 [s1@group-F5D0649D4159-LeaderElection17] INFO  impl.LeaderElection (LeaderElection.java:askForVotes(337)) - s1@group-F5D0649D4159-LeaderElection17 PRE_VOTE round 5: submit vote requests at term 2 for conf: {index: 1, cur=peers:[s3|localhost:15152, s4|localhost:15156, s0|localhost:15140, s1|localhost:15144, s2|localhost:15148]|listeners:[], old=null}
2024-10-07 19:12:02,651 [NettyRpcService-workerGroup--thread3] INFO  server.RaftServer$Division (RaftServerImpl.java:requestVote(1443)) - s0@group-F5D0649D4159: receive requestVote(PRE_VOTE, s1, group-F5D0649D4159, 2, (t:2, i:2))
2024-10-07 19:12:02,651 [NettyRpcService-workerGroup--thread3] INFO  impl.VoteContext (VoteContext.java:log(49)) - s0@group-F5D0649D4159-FOLLOWER: accept PRE_VOTE from s1: our priority 0 <= candidate's priority 0
2024-10-07 19:12:02,651 [NettyRpcService-workerGroup--thread3] INFO  server.RaftServer$Division (RaftServerImpl.java:requestVote(1476)) - s0@group-F5D0649D4159 replies to PRE_VOTE vote request: s1<-s0#0:OK-t2. Peer's state: s0@group-F5D0649D4159:t2, leader=s4, voted=s4, raftlog=Memoized:s0@group-F5D0649D4159-SegmentedRaftLog:OPENED:c2:last(t:2, i:2), conf=conf: {index: 1, cur=peers:[s3|localhost:15152, s4|localhost:15156, s0|localhost:15140, s1|localhost:15144, s2|localhost:15148]|listeners:[], old=null}
2024-10-07 19:12:02,651 [s1@group-F5D0649D4159-LeaderElection17] INFO  impl.LeaderElection (LogUtils.java:infoOrTrace(136)) - s1@group-F5D0649D4159-LeaderElection17 got exception when requesting votes: java.util.concurrent.ExecutionException: org.apache.ratis.thirdparty.io.netty.channel.AbstractChannel$AnnotatedConnectException: finishConnect(..) failed: Connection refused: localhost/127.0.0.1:15148
2024-10-07 19:12:02,651 [s1@group-F5D0649D4159-LeaderElection17] INFO  impl.LeaderElection (LogUtils.java:infoOrTrace(136)) - s1@group-F5D0649D4159-LeaderElection17 got exception when requesting votes: java.util.concurrent.ExecutionException: org.apache.ratis.thirdparty.io.netty.channel.AbstractChannel$AnnotatedConnectException: finishConnect(..) failed: Connection refused: localhost/127.0.0.1:15156
2024-10-07 19:12:02,777 [main] WARN  ratis.RaftTestUtil (RaftTestUtil.java:lambda$waitForLeader$3(126)) - Attempt #3 failed: java.lang.IllegalStateException: No leader yet : printing ALL groups
  s3:  RUNNING  FOLLOWER s3@group-F5D0649D4159:t1, leader=null, voted=null, raftlog=Memoized:s3@group-F5D0649D4159-SegmentedRaftLog:OPENED:c-1:lastnull, conf=conf: {index: -1, cur=peers:[s3|localhost:15152, s4|localhost:15156, s0|localhost:15140, s1|localhost:15144, s2|localhost:15148]|listeners:[], old=null} RUNNING
  s4:   CLOSED    LEADER s4@group-F5D0649D4159:t2, leader=s4, voted=s4, raftlog=Memoized:s4@group-F5D0649D4159-SegmentedRaftLog:CLOSED:c2, conf=conf: {index: 1, cur=peers:[s3|localhost:15152, s4|localhost:15156, s0|localhost:15140, s1|localhost:15144, s2|localhost:15148]|listeners:[], old=null} CLOSED
  s0:  RUNNING  FOLLOWER s0@group-F5D0649D4159:t2, leader=s4, voted=s4, raftlog=Memoized:s0@group-F5D0649D4159-SegmentedRaftLog:OPENED:c2:last(t:2, i:2), conf=conf: {index: 1, cur=peers:[s3|localhost:15152, s4|localhost:15156, s0|localhost:15140, s1|localhost:15144, s2|localhost:15148]|listeners:[], old=null} RUNNING
  s1:  RUNNING CANDIDATE s1@group-F5D0649D4159:t2, leader=null, voted=s4, raftlog=Memoized:s1@group-F5D0649D4159-SegmentedRaftLog:OPENED:c2:last(t:2, i:2), conf=conf: {index: 1, cur=peers:[s3|localhost:15152, s4|localhost:15156, s0|localhost:15140, s1|localhost:15144, s2|localhost:15148]|listeners:[], old=null} RUNNING
  s2:   CLOSED    LEADER s2@group-F5D0649D4159:t1, leader=s2, voted=s2, raftlog=Memoized:s2@group-F5D0649D4159-SegmentedRaftLog:CLOSED:c0, conf=conf: {index: 0, cur=peers:[s3|localhost:15152, s4|localhost:15156, s0|localhost:15140, s1|localhost:15144, s2|localhost:15148]|listeners:[], old=null} CLOSED
2024-10-07 19:12:02,877 [s1@group-F5D0649D4159-LeaderElection17] INFO  impl.LeaderElection (LeaderElection.java:logAndReturn(90)) - s1@group-F5D0649D4159-LeaderElection17: PRE_VOTE TIMEOUT received 1 response(s) and 2 exception(s):
2024-10-07 19:12:02,878 [s1@group-F5D0649D4159-LeaderElection17] INFO  impl.LeaderElection (LeaderElection.java:logAndReturn(94)) -   Response 0: s1<-s0#0:OK-t2
2024-10-07 19:12:02,878 [s1@group-F5D0649D4159-LeaderElection17] INFO  impl.LeaderElection (LogUtils.java:infoOrTrace(136)) -   Exception 1: java.util.concurrent.ExecutionException: org.apache.ratis.thirdparty.io.netty.channel.AbstractChannel$AnnotatedConnectException: finishConnect(..) failed: Connection refused: localhost/127.0.0.1:15148
2024-10-07 19:12:02,878 [s1@group-F5D0649D4159-LeaderElection17] INFO  impl.LeaderElection (LogUtils.java:infoOrTrace(136)) -   Exception 2: java.util.concurrent.ExecutionException: org.apache.ratis.thirdparty.io.netty.channel.AbstractChannel$AnnotatedConnectException: finishConnect(..) failed: Connection refused: localhost/127.0.0.1:15156
2024-10-07 19:12:02,878 [s1@group-F5D0649D4159-LeaderElection17] INFO  impl.LeaderElection (LeaderElection.java:askForVotes(339)) - s1@group-F5D0649D4159-LeaderElection17 PRE_VOTE round 5: result TIMEOUT
2024-10-07 19:12:02,878 [s1@group-F5D0649D4159-LeaderElection17] INFO  impl.LeaderElection (LeaderElection.java:askForVotes(337)) - s1@group-F5D0649D4159-LeaderElection17 PRE_VOTE round 6: submit vote requests at term 2 for conf: {index: 1, cur=peers:[s3|localhost:15152, s4|localhost:15156, s0|localhost:15140, s1|localhost:15144, s2|localhost:15148]|listeners:[], old=null}
2024-10-07 19:12:02,879 [NettyRpcService-workerGroup--thread3] INFO  server.RaftServer$Division (RaftServerImpl.java:requestVote(1443)) - s0@group-F5D0649D4159: receive requestVote(PRE_VOTE, s1, group-F5D0649D4159, 2, (t:2, i:2))
2024-10-07 19:12:02,879 [NettyRpcService-workerGroup--thread3] INFO  impl.VoteContext (VoteContext.java:log(49)) - s0@group-F5D0649D4159-FOLLOWER: accept PRE_VOTE from s1: our priority 0 <= candidate's priority 0
2024-10-07 19:12:02,879 [NettyRpcService-workerGroup--thread3] INFO  server.RaftServer$Division (RaftServerImpl.java:requestVote(1476)) - s0@group-F5D0649D4159 replies to PRE_VOTE vote request: s1<-s0#0:OK-t2. Peer's state: s0@group-F5D0649D4159:t2, leader=s4, voted=s4, raftlog=Memoized:s0@group-F5D0649D4159-SegmentedRaftLog:OPENED:c2:last(t:2, i:2), conf=conf: {index: 1, cur=peers:[s3|localhost:15152, s4|localhost:15156, s0|localhost:15140, s1|localhost:15144, s2|localhost:15148]|listeners:[], old=null}
2024-10-07 19:12:02,880 [s1@group-F5D0649D4159-LeaderElection17] INFO  impl.LeaderElection (LogUtils.java:infoOrTrace(136)) - s1@group-F5D0649D4159-LeaderElection17 got exception when requesting votes: java.util.concurrent.ExecutionException: org.apache.ratis.thirdparty.io.netty.channel.AbstractChannel$AnnotatedConnectException: finishConnect(..) failed: Connection refused: localhost/127.0.0.1:15148
2024-10-07 19:12:02,880 [s1@group-F5D0649D4159-LeaderElection17] INFO  impl.LeaderElection (LogUtils.java:infoOrTrace(136)) - s1@group-F5D0649D4159-LeaderElection17 got exception when requesting votes: java.util.concurrent.ExecutionException: org.apache.ratis.thirdparty.io.netty.channel.AbstractChannel$AnnotatedConnectException: finishConnect(..) failed: Connection refused: localhost/127.0.0.1:15156
2024-10-07 19:12:03,033 [s1@group-F5D0649D4159-LeaderElection17] INFO  impl.LeaderElection (LeaderElection.java:logAndReturn(90)) - s1@group-F5D0649D4159-LeaderElection17: PRE_VOTE TIMEOUT received 1 response(s) and 2 exception(s):
2024-10-07 19:12:03,033 [s1@group-F5D0649D4159-LeaderElection17] INFO  impl.LeaderElection (LeaderElection.java:logAndReturn(94)) -   Response 0: s1<-s0#0:OK-t2
2024-10-07 19:12:03,033 [s1@group-F5D0649D4159-LeaderElection17] INFO  impl.LeaderElection (LogUtils.java:infoOrTrace(136)) -   Exception 1: java.util.concurrent.ExecutionException: org.apache.ratis.thirdparty.io.netty.channel.AbstractChannel$AnnotatedConnectException: finishConnect(..) failed: Connection refused: localhost/127.0.0.1:15148
2024-10-07 19:12:03,033 [s1@group-F5D0649D4159-LeaderElection17] INFO  impl.LeaderElection (LogUtils.java:infoOrTrace(136)) -   Exception 2: java.util.concurrent.ExecutionException: org.apache.ratis.thirdparty.io.netty.channel.AbstractChannel$AnnotatedConnectException: finishConnect(..) failed: Connection refused: localhost/127.0.0.1:15156
2024-10-07 19:12:03,033 [s1@group-F5D0649D4159-LeaderElection17] INFO  impl.LeaderElection (LeaderElection.java:askForVotes(339)) - s1@group-F5D0649D4159-LeaderElection17 PRE_VOTE round 6: result TIMEOUT
2024-10-07 19:12:03,033 [s1@group-F5D0649D4159-LeaderElection17] INFO  impl.LeaderElection (LeaderElection.java:askForVotes(337)) - s1@group-F5D0649D4159-LeaderElection17 PRE_VOTE round 7: submit vote requests at term 2 for conf: {index: 1, cur=peers:[s3|localhost:15152, s4|localhost:15156, s0|localhost:15140, s1|localhost:15144, s2|localhost:15148]|listeners:[], old=null}
2024-10-07 19:12:03,034 [NettyRpcService-workerGroup--thread3] INFO  server.RaftServer$Division (RaftServerImpl.java:requestVote(1443)) - s0@group-F5D0649D4159: receive requestVote(PRE_VOTE, s1, group-F5D0649D4159, 2, (t:2, i:2))
2024-10-07 19:12:03,034 [NettyRpcService-workerGroup--thread3] INFO  impl.VoteContext (VoteContext.java:log(49)) - s0@group-F5D0649D4159-FOLLOWER: accept PRE_VOTE from s1: our priority 0 <= candidate's priority 0
2024-10-07 19:12:03,035 [s1@group-F5D0649D4159-LeaderElection17] INFO  impl.LeaderElection (LogUtils.java:infoOrTrace(136)) - s1@group-F5D0649D4159-LeaderElection17 got exception when requesting votes: java.util.concurrent.ExecutionException: org.apache.ratis.thirdparty.io.netty.channel.AbstractChannel$AnnotatedConnectException: finishConnect(..) failed: Connection refused: localhost/127.0.0.1:15156
2024-10-07 19:12:03,035 [NettyRpcService-workerGroup--thread3] INFO  server.RaftServer$Division (RaftServerImpl.java:requestVote(1476)) - s0@group-F5D0649D4159 replies to PRE_VOTE vote request: s1<-s0#0:OK-t2. Peer's state: s0@group-F5D0649D4159:t2, leader=s4, voted=s4, raftlog=Memoized:s0@group-F5D0649D4159-SegmentedRaftLog:OPENED:c2:last(t:2, i:2), conf=conf: {index: 1, cur=peers:[s3|localhost:15152, s4|localhost:15156, s0|localhost:15140, s1|localhost:15144, s2|localhost:15148]|listeners:[], old=null}
2024-10-07 19:12:03,035 [s1@group-F5D0649D4159-LeaderElection17] INFO  impl.LeaderElection (LogUtils.java:infoOrTrace(136)) - s1@group-F5D0649D4159-LeaderElection17 got exception when requesting votes: java.util.concurrent.ExecutionException: org.apache.ratis.thirdparty.io.netty.channel.AbstractChannel$AnnotatedConnectException: finishConnect(..) failed: Connection refused: localhost/127.0.0.1:15148
2024-10-07 19:12:03,228 [main] WARN  ratis.RaftTestUtil (RaftTestUtil.java:lambda$waitForLeader$3(126)) - Attempt #4 failed: java.lang.IllegalStateException: No leader yet : printing ALL groups
  s3:  RUNNING  FOLLOWER s3@group-F5D0649D4159:t1, leader=null, voted=null, raftlog=Memoized:s3@group-F5D0649D4159-SegmentedRaftLog:OPENED:c-1:lastnull, conf=conf: {index: -1, cur=peers:[s3|localhost:15152, s4|localhost:15156, s0|localhost:15140, s1|localhost:15144, s2|localhost:15148]|listeners:[], old=null} RUNNING
  s4:   CLOSED    LEADER s4@group-F5D0649D4159:t2, leader=s4, voted=s4, raftlog=Memoized:s4@group-F5D0649D4159-SegmentedRaftLog:CLOSED:c2, conf=conf: {index: 1, cur=peers:[s3|localhost:15152, s4|localhost:15156, s0|localhost:15140, s1|localhost:15144, s2|localhost:15148]|listeners:[], old=null} CLOSED
  s0:  RUNNING  FOLLOWER s0@group-F5D0649D4159:t2, leader=s4, voted=s4, raftlog=Memoized:s0@group-F5D0649D4159-SegmentedRaftLog:OPENED:c2:last(t:2, i:2), conf=conf: {index: 1, cur=peers:[s3|localhost:15152, s4|localhost:15156, s0|localhost:15140, s1|localhost:15144, s2|localhost:15148]|listeners:[], old=null} RUNNING
  s1:  RUNNING CANDIDATE s1@group-F5D0649D4159:t2, leader=null, voted=s4, raftlog=Memoized:s1@group-F5D0649D4159-SegmentedRaftLog:OPENED:c2:last(t:2, i:2), conf=conf: {index: 1, cur=peers:[s3|localhost:15152, s4|localhost:15156, s0|localhost:15140, s1|localhost:15144, s2|localhost:15148]|listeners:[], old=null} RUNNING
  s2:   CLOSED    LEADER s2@group-F5D0649D4159:t1, leader=s2, voted=s2, raftlog=Memoized:s2@group-F5D0649D4159-SegmentedRaftLog:CLOSED:c0, conf=conf: {index: 0, cur=peers:[s3|localhost:15152, s4|localhost:15156, s0|localhost:15140, s1|localhost:15144, s2|localhost:15148]|listeners:[], old=null} CLOSED
2024-10-07 19:12:03,326 [s1@group-F5D0649D4159-LeaderElection17] INFO  impl.LeaderElection (LeaderElection.java:logAndReturn(90)) - s1@group-F5D0649D4159-LeaderElection17: PRE_VOTE TIMEOUT received 1 response(s) and 2 exception(s):
2024-10-07 19:12:03,326 [s1@group-F5D0649D4159-LeaderElection17] INFO  impl.LeaderElection (LeaderElection.java:logAndReturn(94)) -   Response 0: s1<-s0#0:OK-t2
2024-10-07 19:12:03,326 [s1@group-F5D0649D4159-LeaderElection17] INFO  impl.LeaderElection (LogUtils.java:infoOrTrace(136)) -   Exception 1: java.util.concurrent.ExecutionException: org.apache.ratis.thirdparty.io.netty.channel.AbstractChannel$AnnotatedConnectException: finishConnect(..) failed: Connection refused: localhost/127.0.0.1:15156
2024-10-07 19:12:03,326 [s1@group-F5D0649D4159-LeaderElection17] INFO  impl.LeaderElection (LogUtils.java:infoOrTrace(136)) -   Exception 2: java.util.concurrent.ExecutionException: org.apache.ratis.thirdparty.io.netty.channel.AbstractChannel$AnnotatedConnectException: finishConnect(..) failed: Connection refused: localhost/127.0.0.1:15148
2024-10-07 19:12:03,327 [s1@group-F5D0649D4159-LeaderElection17] INFO  impl.LeaderElection (LeaderElection.java:askForVotes(339)) - s1@group-F5D0649D4159-LeaderElection17 PRE_VOTE round 7: result TIMEOUT
2024-10-07 19:12:03,327 [s1@group-F5D0649D4159-LeaderElection17] INFO  impl.LeaderElection (LeaderElection.java:askForVotes(337)) - s1@group-F5D0649D4159-LeaderElection17 PRE_VOTE round 8: submit vote requests at term 2 for conf: {index: 1, cur=peers:[s3|localhost:15152, s4|localhost:15156, s0|localhost:15140, s1|localhost:15144, s2|localhost:15148]|listeners:[], old=null}
2024-10-07 19:12:03,328 [NettyRpcService-workerGroup--thread3] INFO  server.RaftServer$Division (RaftServerImpl.java:requestVote(1443)) - s0@group-F5D0649D4159: receive requestVote(PRE_VOTE, s1, group-F5D0649D4159, 2, (t:2, i:2))
2024-10-07 19:12:03,328 [NettyRpcService-workerGroup--thread3] INFO  impl.VoteContext (VoteContext.java:log(49)) - s0@group-F5D0649D4159-FOLLOWER: accept PRE_VOTE from s1: our priority 0 <= candidate's priority 0
2024-10-07 19:12:03,328 [NettyRpcService-workerGroup--thread3] INFO  server.RaftServer$Division (RaftServerImpl.java:requestVote(1476)) - s0@group-F5D0649D4159 replies to PRE_VOTE vote request: s1<-s0#0:OK-t2. Peer's state: s0@group-F5D0649D4159:t2, leader=s4, voted=s4, raftlog=Memoized:s0@group-F5D0649D4159-SegmentedRaftLog:OPENED:c2:last(t:2, i:2), conf=conf: {index: 1, cur=peers:[s3|localhost:15152, s4|localhost:15156, s0|localhost:15140, s1|localhost:15144, s2|localhost:15148]|listeners:[], old=null}
2024-10-07 19:12:03,328 [s1@group-F5D0649D4159-LeaderElection17] INFO  impl.LeaderElection (LogUtils.java:infoOrTrace(136)) - s1@group-F5D0649D4159-LeaderElection17 got exception when requesting votes: java.util.concurrent.ExecutionException: org.apache.ratis.thirdparty.io.netty.channel.AbstractChannel$AnnotatedConnectException: finishConnect(..) failed: Connection refused: localhost/127.0.0.1:15148
2024-10-07 19:12:03,328 [s1@group-F5D0649D4159-LeaderElection17] INFO  impl.LeaderElection (LogUtils.java:infoOrTrace(136)) - s1@group-F5D0649D4159-LeaderElection17 got exception when requesting votes: java.util.concurrent.ExecutionException: org.apache.ratis.thirdparty.io.netty.channel.AbstractChannel$AnnotatedConnectException: finishConnect(..) failed: Connection refused: localhost/127.0.0.1:15156
2024-10-07 19:12:03,613 [s1@group-F5D0649D4159-LeaderElection17] INFO  impl.LeaderElection (LeaderElection.java:logAndReturn(90)) - s1@group-F5D0649D4159-LeaderElection17: PRE_VOTE TIMEOUT received 1 response(s) and 2 exception(s):
2024-10-07 19:12:03,613 [s1@group-F5D0649D4159-LeaderElection17] INFO  impl.LeaderElection (LeaderElection.java:logAndReturn(94)) -   Response 0: s1<-s0#0:OK-t2
2024-10-07 19:12:03,613 [s1@group-F5D0649D4159-LeaderElection17] INFO  impl.LeaderElection (LogUtils.java:infoOrTrace(136)) -   Exception 1: java.util.concurrent.ExecutionException: org.apache.ratis.thirdparty.io.netty.channel.AbstractChannel$AnnotatedConnectException: finishConnect(..) failed: Connection refused: localhost/127.0.0.1:15148
2024-10-07 19:12:03,613 [s1@group-F5D0649D4159-LeaderElection17] INFO  impl.LeaderElection (LogUtils.java:infoOrTrace(136)) -   Exception 2: java.util.concurrent.ExecutionException: org.apache.ratis.thirdparty.io.netty.channel.AbstractChannel$AnnotatedConnectException: finishConnect(..) failed: Connection refused: localhost/127.0.0.1:15156
2024-10-07 19:12:03,613 [s1@group-F5D0649D4159-LeaderElection17] INFO  impl.LeaderElection (LeaderElection.java:askForVotes(339)) - s1@group-F5D0649D4159-LeaderElection17 PRE_VOTE round 8: result TIMEOUT
2024-10-07 19:12:03,613 [s1@group-F5D0649D4159-LeaderElection17] INFO  impl.LeaderElection (LeaderElection.java:askForVotes(337)) - s1@group-F5D0649D4159-LeaderElection17 PRE_VOTE round 9: submit vote requests at term 2 for conf: {index: 1, cur=peers:[s3|localhost:15152, s4|localhost:15156, s0|localhost:15140, s1|localhost:15144, s2|localhost:15148]|listeners:[], old=null}
2024-10-07 19:12:03,614 [NettyRpcService-workerGroup--thread3] INFO  server.RaftServer$Division (RaftServerImpl.java:requestVote(1443)) - s0@group-F5D0649D4159: receive requestVote(PRE_VOTE, s1, group-F5D0649D4159, 2, (t:2, i:2))
2024-10-07 19:12:03,614 [NettyRpcService-workerGroup--thread3] INFO  impl.VoteContext (VoteContext.java:log(49)) - s0@group-F5D0649D4159-FOLLOWER: accept PRE_VOTE from s1: our priority 0 <= candidate's priority 0
2024-10-07 19:12:03,614 [s1@group-F5D0649D4159-LeaderElection17] INFO  impl.LeaderElection (LogUtils.java:infoOrTrace(136)) - s1@group-F5D0649D4159-LeaderElection17 got exception when requesting votes: java.util.concurrent.ExecutionException: org.apache.ratis.thirdparty.io.netty.channel.AbstractChannel$AnnotatedConnectException: finishConnect(..) failed: Connection refused: localhost/127.0.0.1:15156
2024-10-07 19:12:03,614 [NettyRpcService-workerGroup--thread3] INFO  server.RaftServer$Division (RaftServerImpl.java:requestVote(1476)) - s0@group-F5D0649D4159 replies to PRE_VOTE vote request: s1<-s0#0:OK-t2. Peer's state: s0@group-F5D0649D4159:t2, leader=s4, voted=s4, raftlog=Memoized:s0@group-F5D0649D4159-SegmentedRaftLog:OPENED:c2:last(t:2, i:2), conf=conf: {index: 1, cur=peers:[s3|localhost:15152, s4|localhost:15156, s0|localhost:15140, s1|localhost:15144, s2|localhost:15148]|listeners:[], old=null}
2024-10-07 19:12:03,614 [s1@group-F5D0649D4159-LeaderElection17] INFO  impl.LeaderElection (LogUtils.java:infoOrTrace(136)) - s1@group-F5D0649D4159-LeaderElection17 got exception when requesting votes: java.util.concurrent.ExecutionException: org.apache.ratis.thirdparty.io.netty.channel.AbstractChannel$AnnotatedConnectException: finishConnect(..) failed: Connection refused: localhost/127.0.0.1:15148
2024-10-07 19:12:03,679 [main] WARN  ratis.RaftTestUtil (RaftTestUtil.java:lambda$waitForLeader$3(126)) - Attempt #5 failed: java.lang.IllegalStateException: No leader yet : printing ALL groups
  s3:  RUNNING  FOLLOWER s3@group-F5D0649D4159:t1, leader=null, voted=null, raftlog=Memoized:s3@group-F5D0649D4159-SegmentedRaftLog:OPENED:c-1:lastnull, conf=conf: {index: -1, cur=peers:[s3|localhost:15152, s4|localhost:15156, s0|localhost:15140, s1|localhost:15144, s2|localhost:15148]|listeners:[], old=null} RUNNING
  s4:   CLOSED    LEADER s4@group-F5D0649D4159:t2, leader=s4, voted=s4, raftlog=Memoized:s4@group-F5D0649D4159-SegmentedRaftLog:CLOSED:c2, conf=conf: {index: 1, cur=peers:[s3|localhost:15152, s4|localhost:15156, s0|localhost:15140, s1|localhost:15144, s2|localhost:15148]|listeners:[], old=null} CLOSED
  s0:  RUNNING  FOLLOWER s0@group-F5D0649D4159:t2, leader=s4, voted=s4, raftlog=Memoized:s0@group-F5D0649D4159-SegmentedRaftLog:OPENED:c2:last(t:2, i:2), conf=conf: {index: 1, cur=peers:[s3|localhost:15152, s4|localhost:15156, s0|localhost:15140, s1|localhost:15144, s2|localhost:15148]|listeners:[], old=null} RUNNING
  s1:  RUNNING CANDIDATE s1@group-F5D0649D4159:t2, leader=null, voted=s4, raftlog=Memoized:s1@group-F5D0649D4159-SegmentedRaftLog:OPENED:c2:last(t:2, i:2), conf=conf: {index: 1, cur=peers:[s3|localhost:15152, s4|localhost:15156, s0|localhost:15140, s1|localhost:15144, s2|localhost:15148]|listeners:[], old=null} RUNNING
  s2:   CLOSED    LEADER s2@group-F5D0649D4159:t1, leader=s2, voted=s2, raftlog=Memoized:s2@group-F5D0649D4159-SegmentedRaftLog:CLOSED:c0, conf=conf: {index: 0, cur=peers:[s3|localhost:15152, s4|localhost:15156, s0|localhost:15140, s1|localhost:15144, s2|localhost:15148]|listeners:[], old=null} CLOSED
2024-10-07 19:12:03,790 [s1@group-F5D0649D4159-LeaderElection17] INFO  impl.LeaderElection (LeaderElection.java:logAndReturn(90)) - s1@group-F5D0649D4159-LeaderElection17: PRE_VOTE TIMEOUT received 1 response(s) and 2 exception(s):
2024-10-07 19:12:03,790 [s1@group-F5D0649D4159-LeaderElection17] INFO  impl.LeaderElection (LeaderElection.java:logAndReturn(94)) -   Response 0: s1<-s0#0:OK-t2
2024-10-07 19:12:03,790 [s1@group-F5D0649D4159-LeaderElection17] INFO  impl.LeaderElection (LogUtils.java:infoOrTrace(136)) -   Exception 1: java.util.concurrent.ExecutionException: org.apache.ratis.thirdparty.io.netty.channel.AbstractChannel$AnnotatedConnectException: finishConnect(..) failed: Connection refused: localhost/127.0.0.1:15156
2024-10-07 19:12:03,790 [s1@group-F5D0649D4159-LeaderElection17] INFO  impl.LeaderElection (LogUtils.java:infoOrTrace(136)) -   Exception 2: java.util.concurrent.ExecutionException: org.apache.ratis.thirdparty.io.netty.channel.AbstractChannel$AnnotatedConnectException: finishConnect(..) failed: Connection refused: localhost/127.0.0.1:15148
2024-10-07 19:12:03,790 [s1@group-F5D0649D4159-LeaderElection17] INFO  impl.LeaderElection (LeaderElection.java:askForVotes(339)) - s1@group-F5D0649D4159-LeaderElection17 PRE_VOTE round 9: result TIMEOUT
2024-10-07 19:12:03,790 [s1@group-F5D0649D4159-LeaderElection17] INFO  impl.LeaderElection (LeaderElection.java:askForVotes(337)) - s1@group-F5D0649D4159-LeaderElection17 PRE_VOTE round 10: submit vote requests at term 2 for conf: {index: 1, cur=peers:[s3|localhost:15152, s4|localhost:15156, s0|localhost:15140, s1|localhost:15144, s2|localhost:15148]|listeners:[], old=null}
2024-10-07 19:12:03,791 [NettyRpcService-workerGroup--thread3] INFO  server.RaftServer$Division (RaftServerImpl.java:requestVote(1443)) - s0@group-F5D0649D4159: receive requestVote(PRE_VOTE, s1, group-F5D0649D4159, 2, (t:2, i:2))
2024-10-07 19:12:03,792 [NettyRpcService-workerGroup--thread3] INFO  impl.VoteContext (VoteContext.java:log(49)) - s0@group-F5D0649D4159-FOLLOWER: accept PRE_VOTE from s1: our priority 0 <= candidate's priority 0
2024-10-07 19:12:03,792 [NettyRpcService-workerGroup--thread3] INFO  server.RaftServer$Division (RaftServerImpl.java:requestVote(1476)) - s0@group-F5D0649D4159 replies to PRE_VOTE vote request: s1<-s0#0:OK-t2. Peer's state: s0@group-F5D0649D4159:t2, leader=s4, voted=s4, raftlog=Memoized:s0@group-F5D0649D4159-SegmentedRaftLog:OPENED:c2:last(t:2, i:2), conf=conf: {index: 1, cur=peers:[s3|localhost:15152, s4|localhost:15156, s0|localhost:15140, s1|localhost:15144, s2|localhost:15148]|listeners:[], old=null}
2024-10-07 19:12:03,792 [s1@group-F5D0649D4159-LeaderElection17] INFO  impl.LeaderElection (LogUtils.java:infoOrTrace(136)) - s1@group-F5D0649D4159-LeaderElection17 got exception when requesting votes: java.util.concurrent.ExecutionException: org.apache.ratis.thirdparty.io.netty.channel.AbstractChannel$AnnotatedConnectException: finishConnect(..) failed: Connection refused: localhost/127.0.0.1:15156
2024-10-07 19:12:03,792 [s1@group-F5D0649D4159-LeaderElection17] INFO  impl.LeaderElection (LogUtils.java:infoOrTrace(136)) - s1@group-F5D0649D4159-LeaderElection17 got exception when requesting votes: java.util.concurrent.ExecutionException: org.apache.ratis.thirdparty.io.netty.channel.AbstractChannel$AnnotatedConnectException: finishConnect(..) failed: Connection refused: localhost/127.0.0.1:15148
2024-10-07 19:12:04,011 [s1@group-F5D0649D4159-LeaderElection17] INFO  impl.LeaderElection (LeaderElection.java:logAndReturn(90)) - s1@group-F5D0649D4159-LeaderElection17: PRE_VOTE TIMEOUT received 1 response(s) and 2 exception(s):
2024-10-07 19:12:04,011 [s1@group-F5D0649D4159-LeaderElection17] INFO  impl.LeaderElection (LeaderElection.java:logAndReturn(94)) -   Response 0: s1<-s0#0:OK-t2
2024-10-07 19:12:04,011 [s1@group-F5D0649D4159-LeaderElection17] INFO  impl.LeaderElection (LogUtils.java:infoOrTrace(136)) -   Exception 1: java.util.concurrent.ExecutionException: org.apache.ratis.thirdparty.io.netty.channel.AbstractChannel$AnnotatedConnectException: finishConnect(..) failed: Connection refused: localhost/127.0.0.1:15156
2024-10-07 19:12:04,012 [s1@group-F5D0649D4159-LeaderElection17] INFO  impl.LeaderElection (LogUtils.java:infoOrTrace(136)) -   Exception 2: java.util.concurrent.ExecutionException: org.apache.ratis.thirdparty.io.netty.channel.AbstractChannel$AnnotatedConnectException: finishConnect(..) failed: Connection refused: localhost/127.0.0.1:15148
2024-10-07 19:12:04,012 [s1@group-F5D0649D4159-LeaderElection17] INFO  impl.LeaderElection (LeaderElection.java:askForVotes(339)) - s1@group-F5D0649D4159-LeaderElection17 PRE_VOTE round 10: result TIMEOUT
2024-10-07 19:12:04,012 [s1@group-F5D0649D4159-LeaderElection17] INFO  impl.LeaderElection (LeaderElection.java:askForVotes(337)) - s1@group-F5D0649D4159-LeaderElection17 PRE_VOTE round 11: submit vote requests at term 2 for conf: {index: 1, cur=peers:[s3|localhost:15152, s4|localhost:15156, s0|localhost:15140, s1|localhost:15144, s2|localhost:15148]|listeners:[], old=null}
2024-10-07 19:12:04,013 [NettyRpcService-workerGroup--thread3] INFO  server.RaftServer$Division (RaftServerImpl.java:requestVote(1443)) - s0@group-F5D0649D4159: receive requestVote(PRE_VOTE, s1, group-F5D0649D4159, 2, (t:2, i:2))
2024-10-07 19:12:04,013 [NettyRpcService-workerGroup--thread3] INFO  impl.VoteContext (VoteContext.java:log(49)) - s0@group-F5D0649D4159-FOLLOWER: accept PRE_VOTE from s1: our priority 0 <= candidate's priority 0
2024-10-07 19:12:04,013 [NettyRpcService-workerGroup--thread3] INFO  server.RaftServer$Division (RaftServerImpl.java:requestVote(1476)) - s0@group-F5D0649D4159 replies to PRE_VOTE vote request: s1<-s0#0:OK-t2. Peer's state: s0@group-F5D0649D4159:t2, leader=s4, voted=s4, raftlog=Memoized:s0@group-F5D0649D4159-SegmentedRaftLog:OPENED:c2:last(t:2, i:2), conf=conf: {index: 1, cur=peers:[s3|localhost:15152, s4|localhost:15156, s0|localhost:15140, s1|localhost:15144, s2|localhost:15148]|listeners:[], old=null}
2024-10-07 19:12:04,013 [s1@group-F5D0649D4159-LeaderElection17] INFO  impl.LeaderElection (LogUtils.java:infoOrTrace(136)) - s1@group-F5D0649D4159-LeaderElection17 got exception when requesting votes: java.util.concurrent.ExecutionException: org.apache.ratis.thirdparty.io.netty.channel.AbstractChannel$AnnotatedConnectException: finishConnect(..) failed: Connection refused: localhost/127.0.0.1:15156
2024-10-07 19:12:04,013 [s1@group-F5D0649D4159-LeaderElection17] INFO  impl.LeaderElection (LogUtils.java:infoOrTrace(136)) - s1@group-F5D0649D4159-LeaderElection17 got exception when requesting votes: java.util.concurrent.ExecutionException: org.apache.ratis.thirdparty.io.netty.channel.AbstractChannel$AnnotatedConnectException: finishConnect(..) failed: Connection refused: localhost/127.0.0.1:15148
2024-10-07 19:12:04,130 [main] WARN  ratis.RaftTestUtil (RaftTestUtil.java:lambda$waitForLeader$3(126)) - Attempt #6 failed: java.lang.IllegalStateException: No leader yet : printing ALL groups
  s3:  RUNNING  FOLLOWER s3@group-F5D0649D4159:t1, leader=null, voted=null, raftlog=Memoized:s3@group-F5D0649D4159-SegmentedRaftLog:OPENED:c-1:lastnull, conf=conf: {index: -1, cur=peers:[s3|localhost:15152, s4|localhost:15156, s0|localhost:15140, s1|localhost:15144, s2|localhost:15148]|listeners:[], old=null} RUNNING
  s4:   CLOSED    LEADER s4@group-F5D0649D4159:t2, leader=s4, voted=s4, raftlog=Memoized:s4@group-F5D0649D4159-SegmentedRaftLog:CLOSED:c2, conf=conf: {index: 1, cur=peers:[s3|localhost:15152, s4|localhost:15156, s0|localhost:15140, s1|localhost:15144, s2|localhost:15148]|listeners:[], old=null} CLOSED
  s0:  RUNNING  FOLLOWER s0@group-F5D0649D4159:t2, leader=s4, voted=s4, raftlog=Memoized:s0@group-F5D0649D4159-SegmentedRaftLog:OPENED:c2:last(t:2, i:2), conf=conf: {index: 1, cur=peers:[s3|localhost:15152, s4|localhost:15156, s0|localhost:15140, s1|localhost:15144, s2|localhost:15148]|listeners:[], old=null} RUNNING
  s1:  RUNNING CANDIDATE s1@group-F5D0649D4159:t2, leader=null, voted=s4, raftlog=Memoized:s1@group-F5D0649D4159-SegmentedRaftLog:OPENED:c2:last(t:2, i:2), conf=conf: {index: 1, cur=peers:[s3|localhost:15152, s4|localhost:15156, s0|localhost:15140, s1|localhost:15144, s2|localhost:15148]|listeners:[], old=null} RUNNING
  s2:   CLOSED    LEADER s2@group-F5D0649D4159:t1, leader=s2, voted=s2, raftlog=Memoized:s2@group-F5D0649D4159-SegmentedRaftLog:CLOSED:c0, conf=conf: {index: 0, cur=peers:[s3|localhost:15152, s4|localhost:15156, s0|localhost:15140, s1|localhost:15144, s2|localhost:15148]|listeners:[], old=null} CLOSED
2024-10-07 19:12:04,194 [s1@group-F5D0649D4159-LeaderElection17] INFO  impl.LeaderElection (LeaderElection.java:logAndReturn(90)) - s1@group-F5D0649D4159-LeaderElection17: PRE_VOTE TIMEOUT received 1 response(s) and 2 exception(s):
2024-10-07 19:12:04,194 [s1@group-F5D0649D4159-LeaderElection17] INFO  impl.LeaderElection (LeaderElection.java:logAndReturn(94)) -   Response 0: s1<-s0#0:OK-t2
2024-10-07 19:12:04,194 [s1@group-F5D0649D4159-LeaderElection17] INFO  impl.LeaderElection (LogUtils.java:infoOrTrace(136)) -   Exception 1: java.util.concurrent.ExecutionException: org.apache.ratis.thirdparty.io.netty.channel.AbstractChannel$AnnotatedConnectException: finishConnect(..) failed: Connection refused: localhost/127.0.0.1:15156
2024-10-07 19:12:04,194 [s1@group-F5D0649D4159-LeaderElection17] INFO  impl.LeaderElection (LogUtils.java:infoOrTrace(136)) -   Exception 2: java.util.concurrent.ExecutionException: org.apache.ratis.thirdparty.io.netty.channel.AbstractChannel$AnnotatedConnectException: finishConnect(..) failed: Connection refused: localhost/127.0.0.1:15148
2024-10-07 19:12:04,194 [s1@group-F5D0649D4159-LeaderElection17] INFO  impl.LeaderElection (LeaderElection.java:askForVotes(339)) - s1@group-F5D0649D4159-LeaderElection17 PRE_VOTE round 11: result TIMEOUT
2024-10-07 19:12:04,194 [s1@group-F5D0649D4159-LeaderElection17] INFO  impl.LeaderElection (LeaderElection.java:askForVotes(337)) - s1@group-F5D0649D4159-LeaderElection17 PRE_VOTE round 12: submit vote requests at term 2 for conf: {index: 1, cur=peers:[s3|localhost:15152, s4|localhost:15156, s0|localhost:15140, s1|localhost:15144, s2|localhost:15148]|listeners:[], old=null}
2024-10-07 19:12:04,195 [NettyRpcService-workerGroup--thread3] INFO  server.RaftServer$Division (RaftServerImpl.java:requestVote(1443)) - s0@group-F5D0649D4159: receive requestVote(PRE_VOTE, s1, group-F5D0649D4159, 2, (t:2, i:2))
2024-10-07 19:12:04,195 [NettyRpcService-workerGroup--thread3] INFO  impl.VoteContext (VoteContext.java:log(49)) - s0@group-F5D0649D4159-FOLLOWER: accept PRE_VOTE from s1: our priority 0 <= candidate's priority 0
2024-10-07 19:12:04,195 [NettyRpcService-workerGroup--thread3] INFO  server.RaftServer$Division (RaftServerImpl.java:requestVote(1476)) - s0@group-F5D0649D4159 replies to PRE_VOTE vote request: s1<-s0#0:OK-t2. Peer's state: s0@group-F5D0649D4159:t2, leader=s4, voted=s4, raftlog=Memoized:s0@group-F5D0649D4159-SegmentedRaftLog:OPENED:c2:last(t:2, i:2), conf=conf: {index: 1, cur=peers:[s3|localhost:15152, s4|localhost:15156, s0|localhost:15140, s1|localhost:15144, s2|localhost:15148]|listeners:[], old=null}
2024-10-07 19:12:04,195 [s1@group-F5D0649D4159-LeaderElection17] INFO  impl.LeaderElection (LogUtils.java:infoOrTrace(136)) - s1@group-F5D0649D4159-LeaderElection17 got exception when requesting votes: java.util.concurrent.ExecutionException: org.apache.ratis.thirdparty.io.netty.channel.AbstractChannel$AnnotatedConnectException: finishConnect(..) failed: Connection refused: localhost/127.0.0.1:15156
2024-10-07 19:12:04,196 [s1@group-F5D0649D4159-LeaderElection17] INFO  impl.LeaderElection (LogUtils.java:infoOrTrace(136)) - s1@group-F5D0649D4159-LeaderElection17 got exception when requesting votes: java.util.concurrent.ExecutionException: org.apache.ratis.thirdparty.io.netty.channel.AbstractChannel$AnnotatedConnectException: finishConnect(..) failed: Connection refused: localhost/127.0.0.1:15148
2024-10-07 19:12:04,399 [s1@group-F5D0649D4159-LeaderElection17] INFO  impl.LeaderElection (LeaderElection.java:logAndReturn(90)) - s1@group-F5D0649D4159-LeaderElection17: PRE_VOTE TIMEOUT received 1 response(s) and 2 exception(s):
2024-10-07 19:12:04,399 [s1@group-F5D0649D4159-LeaderElection17] INFO  impl.LeaderElection (LeaderElection.java:logAndReturn(94)) -   Response 0: s1<-s0#0:OK-t2
2024-10-07 19:12:04,399 [s1@group-F5D0649D4159-LeaderElection17] INFO  impl.LeaderElection (LogUtils.java:infoOrTrace(136)) -   Exception 1: java.util.concurrent.ExecutionException: org.apache.ratis.thirdparty.io.netty.channel.AbstractChannel$AnnotatedConnectException: finishConnect(..) failed: Connection refused: localhost/127.0.0.1:15156
2024-10-07 19:12:04,399 [s1@group-F5D0649D4159-LeaderElection17] INFO  impl.LeaderElection (LogUtils.java:infoOrTrace(136)) -   Exception 2: java.util.concurrent.ExecutionException: org.apache.ratis.thirdparty.io.netty.channel.AbstractChannel$AnnotatedConnectException: finishConnect(..) failed: Connection refused: localhost/127.0.0.1:15148
2024-10-07 19:12:04,400 [s1@group-F5D0649D4159-LeaderElection17] INFO  impl.LeaderElection (LeaderElection.java:askForVotes(339)) - s1@group-F5D0649D4159-LeaderElection17 PRE_VOTE round 12: result TIMEOUT
2024-10-07 19:12:04,400 [s1@group-F5D0649D4159-LeaderElection17] INFO  impl.LeaderElection (LeaderElection.java:askForVotes(337)) - s1@group-F5D0649D4159-LeaderElection17 PRE_VOTE round 13: submit vote requests at term 2 for conf: {index: 1, cur=peers:[s3|localhost:15152, s4|localhost:15156, s0|localhost:15140, s1|localhost:15144, s2|localhost:15148]|listeners:[], old=null}
2024-10-07 19:12:04,401 [NettyRpcService-workerGroup--thread3] INFO  server.RaftServer$Division (RaftServerImpl.java:requestVote(1443)) - s0@group-F5D0649D4159: receive requestVote(PRE_VOTE, s1, group-F5D0649D4159, 2, (t:2, i:2))
2024-10-07 19:12:04,401 [NettyRpcService-workerGroup--thread3] INFO  impl.VoteContext (VoteContext.java:log(49)) - s0@group-F5D0649D4159-FOLLOWER: accept PRE_VOTE from s1: our priority 0 <= candidate's priority 0
2024-10-07 19:12:04,401 [NettyRpcService-workerGroup--thread3] INFO  server.RaftServer$Division (RaftServerImpl.java:requestVote(1476)) - s0@group-F5D0649D4159 replies to PRE_VOTE vote request: s1<-s0#0:OK-t2. Peer's state: s0@group-F5D0649D4159:t2, leader=s4, voted=s4, raftlog=Memoized:s0@group-F5D0649D4159-SegmentedRaftLog:OPENED:c2:last(t:2, i:2), conf=conf: {index: 1, cur=peers:[s3|localhost:15152, s4|localhost:15156, s0|localhost:15140, s1|localhost:15144, s2|localhost:15148]|listeners:[], old=null}
2024-10-07 19:12:04,401 [s1@group-F5D0649D4159-LeaderElection17] INFO  impl.LeaderElection (LogUtils.java:infoOrTrace(136)) - s1@group-F5D0649D4159-LeaderElection17 got exception when requesting votes: java.util.concurrent.ExecutionException: org.apache.ratis.thirdparty.io.netty.channel.AbstractChannel$AnnotatedConnectException: finishConnect(..) failed: Connection refused: localhost/127.0.0.1:15148
2024-10-07 19:12:04,401 [s1@group-F5D0649D4159-LeaderElection17] INFO  impl.LeaderElection (LogUtils.java:infoOrTrace(136)) - s1@group-F5D0649D4159-LeaderElection17 got exception when requesting votes: java.util.concurrent.ExecutionException: org.apache.ratis.thirdparty.io.netty.channel.AbstractChannel$AnnotatedConnectException: finishConnect(..) failed: Connection refused: localhost/127.0.0.1:15156
2024-10-07 19:12:04,581 [main] WARN  ratis.RaftTestUtil (RaftTestUtil.java:lambda$waitForLeader$3(126)) - Attempt #7 failed: java.lang.IllegalStateException: No leader yet : printing ALL groups
  s3:  RUNNING  FOLLOWER s3@group-F5D0649D4159:t1, leader=null, voted=null, raftlog=Memoized:s3@group-F5D0649D4159-SegmentedRaftLog:OPENED:c-1:lastnull, conf=conf: {index: -1, cur=peers:[s3|localhost:15152, s4|localhost:15156, s0|localhost:15140, s1|localhost:15144, s2|localhost:15148]|listeners:[], old=null} RUNNING
  s4:   CLOSED    LEADER s4@group-F5D0649D4159:t2, leader=s4, voted=s4, raftlog=Memoized:s4@group-F5D0649D4159-SegmentedRaftLog:CLOSED:c2, conf=conf: {index: 1, cur=peers:[s3|localhost:15152, s4|localhost:15156, s0|localhost:15140, s1|localhost:15144, s2|localhost:15148]|listeners:[], old=null} CLOSED
  s0:  RUNNING  FOLLOWER s0@group-F5D0649D4159:t2, leader=s4, voted=s4, raftlog=Memoized:s0@group-F5D0649D4159-SegmentedRaftLog:OPENED:c2:last(t:2, i:2), conf=conf: {index: 1, cur=peers:[s3|localhost:15152, s4|localhost:15156, s0|localhost:15140, s1|localhost:15144, s2|localhost:15148]|listeners:[], old=null} RUNNING
  s1:  RUNNING CANDIDATE s1@group-F5D0649D4159:t2, leader=null, voted=s4, raftlog=Memoized:s1@group-F5D0649D4159-SegmentedRaftLog:OPENED:c2:last(t:2, i:2), conf=conf: {index: 1, cur=peers:[s3|localhost:15152, s4|localhost:15156, s0|localhost:15140, s1|localhost:15144, s2|localhost:15148]|listeners:[], old=null} RUNNING
  s2:   CLOSED    LEADER s2@group-F5D0649D4159:t1, leader=s2, voted=s2, raftlog=Memoized:s2@group-F5D0649D4159-SegmentedRaftLog:CLOSED:c0, conf=conf: {index: 0, cur=peers:[s3|localhost:15152, s4|localhost:15156, s0|localhost:15140, s1|localhost:15144, s2|localhost:15148]|listeners:[], old=null} CLOSED
2024-10-07 19:12:04,625 [s1@group-F5D0649D4159-LeaderElection17] INFO  impl.LeaderElection (LeaderElection.java:logAndReturn(90)) - s1@group-F5D0649D4159-LeaderElection17: PRE_VOTE TIMEOUT received 1 response(s) and 2 exception(s):
2024-10-07 19:12:04,626 [s1@group-F5D0649D4159-LeaderElection17] INFO  impl.LeaderElection (LeaderElection.java:logAndReturn(94)) -   Response 0: s1<-s0#0:OK-t2
2024-10-07 19:12:04,626 [s1@group-F5D0649D4159-LeaderElection17] INFO  impl.LeaderElection (LogUtils.java:infoOrTrace(136)) -   Exception 1: java.util.concurrent.ExecutionException: org.apache.ratis.thirdparty.io.netty.channel.AbstractChannel$AnnotatedConnectException: finishConnect(..) failed: Connection refused: localhost/127.0.0.1:15148
2024-10-07 19:12:04,626 [s1@group-F5D0649D4159-LeaderElection17] INFO  impl.LeaderElection (LogUtils.java:infoOrTrace(136)) -   Exception 2: java.util.concurrent.ExecutionException: org.apache.ratis.thirdparty.io.netty.channel.AbstractChannel$AnnotatedConnectException: finishConnect(..) failed: Connection refused: localhost/127.0.0.1:15156
2024-10-07 19:12:04,626 [s1@group-F5D0649D4159-LeaderElection17] INFO  impl.LeaderElection (LeaderElection.java:askForVotes(339)) - s1@group-F5D0649D4159-LeaderElection17 PRE_VOTE round 13: result TIMEOUT
2024-10-07 19:12:04,626 [s1@group-F5D0649D4159-LeaderElection17] INFO  impl.LeaderElection (LeaderElection.java:askForVotes(337)) - s1@group-F5D0649D4159-LeaderElection17 PRE_VOTE round 14: submit vote requests at term 2 for conf: {index: 1, cur=peers:[s3|localhost:15152, s4|localhost:15156, s0|localhost:15140, s1|localhost:15144, s2|localhost:15148]|listeners:[], old=null}
2024-10-07 19:12:04,627 [NettyRpcService-workerGroup--thread3] INFO  server.RaftServer$Division (RaftServerImpl.java:requestVote(1443)) - s0@group-F5D0649D4159: receive requestVote(PRE_VOTE, s1, group-F5D0649D4159, 2, (t:2, i:2))
2024-10-07 19:12:04,627 [NettyRpcService-workerGroup--thread3] INFO  impl.VoteContext (VoteContext.java:log(49)) - s0@group-F5D0649D4159-FOLLOWER: accept PRE_VOTE from s1: our priority 0 <= candidate's priority 0
2024-10-07 19:12:04,627 [NettyRpcService-workerGroup--thread3] INFO  server.RaftServer$Division (RaftServerImpl.java:requestVote(1476)) - s0@group-F5D0649D4159 replies to PRE_VOTE vote request: s1<-s0#0:OK-t2. Peer's state: s0@group-F5D0649D4159:t2, leader=s4, voted=s4, raftlog=Memoized:s0@group-F5D0649D4159-SegmentedRaftLog:OPENED:c2:last(t:2, i:2), conf=conf: {index: 1, cur=peers:[s3|localhost:15152, s4|localhost:15156, s0|localhost:15140, s1|localhost:15144, s2|localhost:15148]|listeners:[], old=null}
2024-10-07 19:12:04,628 [s1@group-F5D0649D4159-LeaderElection17] INFO  impl.LeaderElection (LogUtils.java:infoOrTrace(136)) - s1@group-F5D0649D4159-LeaderElection17 got exception when requesting votes: java.util.concurrent.ExecutionException: org.apache.ratis.thirdparty.io.netty.channel.AbstractChannel$AnnotatedConnectException: finishConnect(..) failed: Connection refused: localhost/127.0.0.1:15148
2024-10-07 19:12:04,628 [s1@group-F5D0649D4159-LeaderElection17] INFO  impl.LeaderElection (LogUtils.java:infoOrTrace(136)) - s1@group-F5D0649D4159-LeaderElection17 got exception when requesting votes: java.util.concurrent.ExecutionException: org.apache.ratis.thirdparty.io.netty.channel.AbstractChannel$AnnotatedConnectException: finishConnect(..) failed: Connection refused: localhost/127.0.0.1:15156
2024-10-07 19:12:04,882 [s1@group-F5D0649D4159-LeaderElection17] INFO  impl.LeaderElection (LeaderElection.java:logAndReturn(90)) - s1@group-F5D0649D4159-LeaderElection17: PRE_VOTE TIMEOUT received 1 response(s) and 2 exception(s):
2024-10-07 19:12:04,882 [s1@group-F5D0649D4159-LeaderElection17] INFO  impl.LeaderElection (LeaderElection.java:logAndReturn(94)) -   Response 0: s1<-s0#0:OK-t2
2024-10-07 19:12:04,882 [s1@group-F5D0649D4159-LeaderElection17] INFO  impl.LeaderElection (LogUtils.java:infoOrTrace(136)) -   Exception 1: java.util.concurrent.ExecutionException: org.apache.ratis.thirdparty.io.netty.channel.AbstractChannel$AnnotatedConnectException: finishConnect(..) failed: Connection refused: localhost/127.0.0.1:15148
2024-10-07 19:12:04,882 [s1@group-F5D0649D4159-LeaderElection17] INFO  impl.LeaderElection (LogUtils.java:infoOrTrace(136)) -   Exception 2: java.util.concurrent.ExecutionException: org.apache.ratis.thirdparty.io.netty.channel.AbstractChannel$AnnotatedConnectException: finishConnect(..) failed: Connection refused: localhost/127.0.0.1:15156
2024-10-07 19:12:04,882 [s1@group-F5D0649D4159-LeaderElection17] INFO  impl.LeaderElection (LeaderElection.java:askForVotes(339)) - s1@group-F5D0649D4159-LeaderElection17 PRE_VOTE round 14: result TIMEOUT
2024-10-07 19:12:04,882 [s1@group-F5D0649D4159-LeaderElection17] INFO  impl.LeaderElection (LeaderElection.java:askForVotes(337)) - s1@group-F5D0649D4159-LeaderElection17 PRE_VOTE round 15: submit vote requests at term 2 for conf: {index: 1, cur=peers:[s3|localhost:15152, s4|localhost:15156, s0|localhost:15140, s1|localhost:15144, s2|localhost:15148]|listeners:[], old=null}
2024-10-07 19:12:04,883 [NettyRpcService-workerGroup--thread3] INFO  server.RaftServer$Division (RaftServerImpl.java:requestVote(1443)) - s0@group-F5D0649D4159: receive requestVote(PRE_VOTE, s1, group-F5D0649D4159, 2, (t:2, i:2))
2024-10-07 19:12:04,883 [NettyRpcService-workerGroup--thread3] INFO  impl.VoteContext (VoteContext.java:log(49)) - s0@group-F5D0649D4159-FOLLOWER: accept PRE_VOTE from s1: our priority 0 <= candidate's priority 0
2024-10-07 19:12:04,883 [NettyRpcService-workerGroup--thread3] INFO  server.RaftServer$Division (RaftServerImpl.java:requestVote(1476)) - s0@group-F5D0649D4159 replies to PRE_VOTE vote request: s1<-s0#0:OK-t2. Peer's state: s0@group-F5D0649D4159:t2, leader=s4, voted=s4, raftlog=Memoized:s0@group-F5D0649D4159-SegmentedRaftLog:OPENED:c2:last(t:2, i:2), conf=conf: {index: 1, cur=peers:[s3|localhost:15152, s4|localhost:15156, s0|localhost:15140, s1|localhost:15144, s2|localhost:15148]|listeners:[], old=null}
2024-10-07 19:12:04,884 [s1@group-F5D0649D4159-LeaderElection17] INFO  impl.LeaderElection (LogUtils.java:infoOrTrace(136)) - s1@group-F5D0649D4159-LeaderElection17 got exception when requesting votes: java.util.concurrent.ExecutionException: org.apache.ratis.thirdparty.io.netty.channel.AbstractChannel$AnnotatedConnectException: finishConnect(..) failed: Connection refused: localhost/127.0.0.1:15148
2024-10-07 19:12:04,884 [s1@group-F5D0649D4159-LeaderElection17] INFO  impl.LeaderElection (LogUtils.java:infoOrTrace(136)) - s1@group-F5D0649D4159-LeaderElection17 got exception when requesting votes: java.util.concurrent.ExecutionException: org.apache.ratis.thirdparty.io.netty.channel.AbstractChannel$AnnotatedConnectException: finishConnect(..) failed: Connection refused: localhost/127.0.0.1:15156
2024-10-07 19:12:05,031 [main] WARN  ratis.RaftTestUtil (RaftTestUtil.java:lambda$waitForLeader$3(126)) - Attempt #8 failed: java.lang.IllegalStateException: No leader yet : printing ALL groups
  s3:  RUNNING  FOLLOWER s3@group-F5D0649D4159:t1, leader=null, voted=null, raftlog=Memoized:s3@group-F5D0649D4159-SegmentedRaftLog:OPENED:c-1:lastnull, conf=conf: {index: -1, cur=peers:[s3|localhost:15152, s4|localhost:15156, s0|localhost:15140, s1|localhost:15144, s2|localhost:15148]|listeners:[], old=null} RUNNING
  s4:   CLOSED    LEADER s4@group-F5D0649D4159:t2, leader=s4, voted=s4, raftlog=Memoized:s4@group-F5D0649D4159-SegmentedRaftLog:CLOSED:c2, conf=conf: {index: 1, cur=peers:[s3|localhost:15152, s4|localhost:15156, s0|localhost:15140, s1|localhost:15144, s2|localhost:15148]|listeners:[], old=null} CLOSED
  s0:  RUNNING  FOLLOWER s0@group-F5D0649D4159:t2, leader=s4, voted=s4, raftlog=Memoized:s0@group-F5D0649D4159-SegmentedRaftLog:OPENED:c2:last(t:2, i:2), conf=conf: {index: 1, cur=peers:[s3|localhost:15152, s4|localhost:15156, s0|localhost:15140, s1|localhost:15144, s2|localhost:15148]|listeners:[], old=null} RUNNING
  s1:  RUNNING CANDIDATE s1@group-F5D0649D4159:t2, leader=null, voted=s4, raftlog=Memoized:s1@group-F5D0649D4159-SegmentedRaftLog:OPENED:c2:last(t:2, i:2), conf=conf: {index: 1, cur=peers:[s3|localhost:15152, s4|localhost:15156, s0|localhost:15140, s1|localhost:15144, s2|localhost:15148]|listeners:[], old=null} RUNNING
  s2:   CLOSED    LEADER s2@group-F5D0649D4159:t1, leader=s2, voted=s2, raftlog=Memoized:s2@group-F5D0649D4159-SegmentedRaftLog:CLOSED:c0, conf=conf: {index: 0, cur=peers:[s3|localhost:15152, s4|localhost:15156, s0|localhost:15140, s1|localhost:15144, s2|localhost:15148]|listeners:[], old=null} CLOSED
2024-10-07 19:12:05,106 [s1@group-F5D0649D4159-LeaderElection17] INFO  impl.LeaderElection (LeaderElection.java:logAndReturn(90)) - s1@group-F5D0649D4159-LeaderElection17: PRE_VOTE TIMEOUT received 1 response(s) and 2 exception(s):
2024-10-07 19:12:05,106 [s1@group-F5D0649D4159-LeaderElection17] INFO  impl.LeaderElection (LeaderElection.java:logAndReturn(94)) -   Response 0: s1<-s0#0:OK-t2
2024-10-07 19:12:05,106 [s1@group-F5D0649D4159-LeaderElection17] INFO  impl.LeaderElection (LogUtils.java:infoOrTrace(136)) -   Exception 1: java.util.concurrent.ExecutionException: org.apache.ratis.thirdparty.io.netty.channel.AbstractChannel$AnnotatedConnectException: finishConnect(..) failed: Connection refused: localhost/127.0.0.1:15148
2024-10-07 19:12:05,106 [s1@group-F5D0649D4159-LeaderElection17] INFO  impl.LeaderElection (LogUtils.java:infoOrTrace(136)) -   Exception 2: java.util.concurrent.ExecutionException: org.apache.ratis.thirdparty.io.netty.channel.AbstractChannel$AnnotatedConnectException: finishConnect(..) failed: Connection refused: localhost/127.0.0.1:15156
2024-10-07 19:12:05,106 [s1@group-F5D0649D4159-LeaderElection17] INFO  impl.LeaderElection (LeaderElection.java:askForVotes(339)) - s1@group-F5D0649D4159-LeaderElection17 PRE_VOTE round 15: result TIMEOUT
2024-10-07 19:12:05,107 [s1@group-F5D0649D4159-LeaderElection17] INFO  impl.LeaderElection (LeaderElection.java:askForVotes(337)) - s1@group-F5D0649D4159-LeaderElection17 PRE_VOTE round 16: submit vote requests at term 2 for conf: {index: 1, cur=peers:[s3|localhost:15152, s4|localhost:15156, s0|localhost:15140, s1|localhost:15144, s2|localhost:15148]|listeners:[], old=null}
2024-10-07 19:12:05,107 [NettyRpcService-workerGroup--thread3] INFO  server.RaftServer$Division (RaftServerImpl.java:requestVote(1443)) - s0@group-F5D0649D4159: receive requestVote(PRE_VOTE, s1, group-F5D0649D4159, 2, (t:2, i:2))
2024-10-07 19:12:05,108 [NettyRpcService-workerGroup--thread3] INFO  impl.VoteContext (VoteContext.java:log(49)) - s0@group-F5D0649D4159-FOLLOWER: accept PRE_VOTE from s1: our priority 0 <= candidate's priority 0
2024-10-07 19:12:05,108 [NettyRpcService-workerGroup--thread3] INFO  server.RaftServer$Division (RaftServerImpl.java:requestVote(1476)) - s0@group-F5D0649D4159 replies to PRE_VOTE vote request: s1<-s0#0:OK-t2. Peer's state: s0@group-F5D0649D4159:t2, leader=s4, voted=s4, raftlog=Memoized:s0@group-F5D0649D4159-SegmentedRaftLog:OPENED:c2:last(t:2, i:2), conf=conf: {index: 1, cur=peers:[s3|localhost:15152, s4|localhost:15156, s0|localhost:15140, s1|localhost:15144, s2|localhost:15148]|listeners:[], old=null}
2024-10-07 19:12:05,108 [s1@group-F5D0649D4159-LeaderElection17] INFO  impl.LeaderElection (LogUtils.java:infoOrTrace(136)) - s1@group-F5D0649D4159-LeaderElection17 got exception when requesting votes: java.util.concurrent.ExecutionException: org.apache.ratis.thirdparty.io.netty.channel.AbstractChannel$AnnotatedConnectException: finishConnect(..) failed: Connection refused: localhost/127.0.0.1:15156
2024-10-07 19:12:05,108 [s1@group-F5D0649D4159-LeaderElection17] INFO  impl.LeaderElection (LogUtils.java:infoOrTrace(136)) - s1@group-F5D0649D4159-LeaderElection17 got exception when requesting votes: java.util.concurrent.ExecutionException: org.apache.ratis.thirdparty.io.netty.channel.AbstractChannel$AnnotatedConnectException: finishConnect(..) failed: Connection refused: localhost/127.0.0.1:15148
2024-10-07 19:12:05,364 [s1@group-F5D0649D4159-LeaderElection17] INFO  impl.LeaderElection (LeaderElection.java:logAndReturn(90)) - s1@group-F5D0649D4159-LeaderElection17: PRE_VOTE TIMEOUT received 1 response(s) and 2 exception(s):
2024-10-07 19:12:05,364 [s1@group-F5D0649D4159-LeaderElection17] INFO  impl.LeaderElection (LeaderElection.java:logAndReturn(94)) -   Response 0: s1<-s0#0:OK-t2
2024-10-07 19:12:05,364 [s1@group-F5D0649D4159-LeaderElection17] INFO  impl.LeaderElection (LogUtils.java:infoOrTrace(136)) -   Exception 1: java.util.concurrent.ExecutionException: org.apache.ratis.thirdparty.io.netty.channel.AbstractChannel$AnnotatedConnectException: finishConnect(..) failed: Connection refused: localhost/127.0.0.1:15156
2024-10-07 19:12:05,364 [s1@group-F5D0649D4159-LeaderElection17] INFO  impl.LeaderElection (LogUtils.java:infoOrTrace(136)) -   Exception 2: java.util.concurrent.ExecutionException: org.apache.ratis.thirdparty.io.netty.channel.AbstractChannel$AnnotatedConnectException: finishConnect(..) failed: Connection refused: localhost/127.0.0.1:15148
2024-10-07 19:12:05,364 [s1@group-F5D0649D4159-LeaderElection17] INFO  impl.LeaderElection (LeaderElection.java:askForVotes(339)) - s1@group-F5D0649D4159-LeaderElection17 PRE_VOTE round 16: result TIMEOUT
2024-10-07 19:12:05,364 [s1@group-F5D0649D4159-LeaderElection17] INFO  impl.LeaderElection (LeaderElection.java:askForVotes(337)) - s1@group-F5D0649D4159-LeaderElection17 PRE_VOTE round 17: submit vote requests at term 2 for conf: {index: 1, cur=peers:[s3|localhost:15152, s4|localhost:15156, s0|localhost:15140, s1|localhost:15144, s2|localhost:15148]|listeners:[], old=null}
2024-10-07 19:12:05,365 [NettyRpcService-workerGroup--thread3] INFO  server.RaftServer$Division (RaftServerImpl.java:requestVote(1443)) - s0@group-F5D0649D4159: receive requestVote(PRE_VOTE, s1, group-F5D0649D4159, 2, (t:2, i:2))
2024-10-07 19:12:05,365 [NettyRpcService-workerGroup--thread3] INFO  impl.VoteContext (VoteContext.java:log(49)) - s0@group-F5D0649D4159-FOLLOWER: accept PRE_VOTE from s1: our priority 0 <= candidate's priority 0
2024-10-07 19:12:05,366 [NettyRpcService-workerGroup--thread3] INFO  server.RaftServer$Division (RaftServerImpl.java:requestVote(1476)) - s0@group-F5D0649D4159 replies to PRE_VOTE vote request: s1<-s0#0:OK-t2. Peer's state: s0@group-F5D0649D4159:t2, leader=s4, voted=s4, raftlog=Memoized:s0@group-F5D0649D4159-SegmentedRaftLog:OPENED:c2:last(t:2, i:2), conf=conf: {index: 1, cur=peers:[s3|localhost:15152, s4|localhost:15156, s0|localhost:15140, s1|localhost:15144, s2|localhost:15148]|listeners:[], old=null}
2024-10-07 19:12:05,366 [s1@group-F5D0649D4159-LeaderElection17] INFO  impl.LeaderElection (LogUtils.java:infoOrTrace(136)) - s1@group-F5D0649D4159-LeaderElection17 got exception when requesting votes: java.util.concurrent.ExecutionException: org.apache.ratis.thirdparty.io.netty.channel.AbstractChannel$AnnotatedConnectException: finishConnect(..) failed: Connection refused: localhost/127.0.0.1:15156
2024-10-07 19:12:05,366 [s1@group-F5D0649D4159-LeaderElection17] INFO  impl.LeaderElection (LogUtils.java:infoOrTrace(136)) - s1@group-F5D0649D4159-LeaderElection17 got exception when requesting votes: java.util.concurrent.ExecutionException: org.apache.ratis.thirdparty.io.netty.channel.AbstractChannel$AnnotatedConnectException: finishConnect(..) failed: Connection refused: localhost/127.0.0.1:15148
2024-10-07 19:12:05,482 [main] WARN  ratis.RaftTestUtil (RaftTestUtil.java:lambda$waitForLeader$3(126)) - Attempt #9 failed: java.lang.IllegalStateException: No leader yet : printing ALL groups
  s3:  RUNNING  FOLLOWER s3@group-F5D0649D4159:t1, leader=null, voted=null, raftlog=Memoized:s3@group-F5D0649D4159-SegmentedRaftLog:OPENED:c-1:lastnull, conf=conf: {index: -1, cur=peers:[s3|localhost:15152, s4|localhost:15156, s0|localhost:15140, s1|localhost:15144, s2|localhost:15148]|listeners:[], old=null} RUNNING
  s4:   CLOSED    LEADER s4@group-F5D0649D4159:t2, leader=s4, voted=s4, raftlog=Memoized:s4@group-F5D0649D4159-SegmentedRaftLog:CLOSED:c2, conf=conf: {index: 1, cur=peers:[s3|localhost:15152, s4|localhost:15156, s0|localhost:15140, s1|localhost:15144, s2|localhost:15148]|listeners:[], old=null} CLOSED
  s0:  RUNNING  FOLLOWER s0@group-F5D0649D4159:t2, leader=s4, voted=s4, raftlog=Memoized:s0@group-F5D0649D4159-SegmentedRaftLog:OPENED:c2:last(t:2, i:2), conf=conf: {index: 1, cur=peers:[s3|localhost:15152, s4|localhost:15156, s0|localhost:15140, s1|localhost:15144, s2|localhost:15148]|listeners:[], old=null} RUNNING
  s1:  RUNNING CANDIDATE s1@group-F5D0649D4159:t2, leader=null, voted=s4, raftlog=Memoized:s1@group-F5D0649D4159-SegmentedRaftLog:OPENED:c2:last(t:2, i:2), conf=conf: {index: 1, cur=peers:[s3|localhost:15152, s4|localhost:15156, s0|localhost:15140, s1|localhost:15144, s2|localhost:15148]|listeners:[], old=null} RUNNING
  s2:   CLOSED    LEADER s2@group-F5D0649D4159:t1, leader=s2, voted=s2, raftlog=Memoized:s2@group-F5D0649D4159-SegmentedRaftLog:CLOSED:c0, conf=conf: {index: 0, cur=peers:[s3|localhost:15152, s4|localhost:15156, s0|localhost:15140, s1|localhost:15144, s2|localhost:15148]|listeners:[], old=null} CLOSED
2024-10-07 19:12:05,579 [s0@group-F5D0649D4159-FollowerState] INFO  impl.FollowerState (FollowerState.java:runImpl(156)) - s0@group-F5D0649D4159-FollowerState: change to CANDIDATE, lastRpcElapsedTime:214021222ns, electionTimeout:197ms
2024-10-07 19:12:05,580 [s0@group-F5D0649D4159-FollowerState] INFO  impl.RoleInfo (RoleInfo.java:shutdownFollowerState(121)) - s0: shutdown s0@group-F5D0649D4159-FollowerState
2024-10-07 19:12:05,580 [s0@group-F5D0649D4159-FollowerState] INFO  server.RaftServer$Division (RaftServerImpl.java:setRole(379)) - s0@group-F5D0649D4159: changes role from  FOLLOWER to CANDIDATE at term 2 for changeToCandidate
2024-10-07 19:12:05,580 [s0@group-F5D0649D4159-FollowerState] INFO  server.RaftServerConfigKeys (ConfUtils.java:logGet(46)) - raft.server.leaderelection.pre-vote = true (default)
2024-10-07 19:12:05,580 [s0@group-F5D0649D4159-FollowerState] INFO  impl.RoleInfo (RoleInfo.java:updateAndGet(148)) - s0: start s0@group-F5D0649D4159-LeaderElection18
2024-10-07 19:12:05,580 [s0@group-F5D0649D4159-LeaderElection18] INFO  server.RaftServer$Division (ServerState.java:setLeader(272)) - s0@group-F5D0649D4159: change Leader from s4 to null at term 2 for PRE_VOTE
2024-10-07 19:12:05,580 [s0@group-F5D0649D4159-LeaderElection18] INFO  impl.LeaderElection (LeaderElection.java:askForVotes(337)) - s0@group-F5D0649D4159-LeaderElection18 PRE_VOTE round 0: submit vote requests at term 2 for conf: {index: 1, cur=peers:[s3|localhost:15152, s4|localhost:15156, s0|localhost:15140, s1|localhost:15144, s2|localhost:15148]|listeners:[], old=null}
2024-10-07 19:12:05,582 [NettyRpcService-bossGroup--thread1] INFO  logging.LoggingHandler (AbstractInternalLogger.java:log(148)) - [id: 0x0df4760f, L:/0.0.0.0:15144] READ: [id: 0x09058a29, L:/127.0.0.1:15144 - R:/127.0.0.1:60634]
2024-10-07 19:12:05,583 [NettyRpcService-bossGroup--thread1] INFO  logging.LoggingHandler (AbstractInternalLogger.java:log(148)) - [id: 0xab37dffa, L:/0.0.0.0:15152] READ: [id: 0x393dba64, L:/127.0.0.1:15152 - R:/127.0.0.1:43528]
2024-10-07 19:12:05,583 [s0@group-F5D0649D4159-LeaderElection18] INFO  impl.LeaderElection (LogUtils.java:infoOrTrace(136)) - s0@group-F5D0649D4159-LeaderElection18 got exception when requesting votes: java.util.concurrent.ExecutionException: org.apache.ratis.thirdparty.io.netty.channel.AbstractChannel$AnnotatedConnectException: finishConnect(..) failed: Connection refused: localhost/127.0.0.1:15156
2024-10-07 19:12:05,583 [s0@group-F5D0649D4159-LeaderElection18] INFO  impl.LeaderElection (LogUtils.java:infoOrTrace(136)) - s0@group-F5D0649D4159-LeaderElection18 got exception when requesting votes: java.util.concurrent.ExecutionException: org.apache.ratis.thirdparty.io.netty.channel.AbstractChannel$AnnotatedConnectException: finishConnect(..) failed: Connection refused: localhost/127.0.0.1:15148
2024-10-07 19:12:05,583 [NettyRpcService-bossGroup--thread1] INFO  logging.LoggingHandler (AbstractInternalLogger.java:log(148)) - [id: 0x0df4760f, L:/0.0.0.0:15144] READ COMPLETE
2024-10-07 19:12:05,584 [NettyRpcService-workerGroup--thread3] INFO  server.RaftServer$Division (RaftServerImpl.java:requestVote(1443)) - s1@group-F5D0649D4159: receive requestVote(PRE_VOTE, s0, group-F5D0649D4159, 2, (t:2, i:2))
2024-10-07 19:12:05,584 [NettyRpcService-workerGroup--thread3] INFO  impl.VoteContext (VoteContext.java:log(49)) - s1@group-F5D0649D4159-CANDIDATE: accept PRE_VOTE from s0: our priority 0 <= candidate's priority 0
2024-10-07 19:12:05,584 [NettyRpcService-workerGroup--thread3] INFO  server.RaftServer$Division (RaftServerImpl.java:requestVote(1476)) - s1@group-F5D0649D4159 replies to PRE_VOTE vote request: s0<-s1#0:OK-t2. Peer's state: s1@group-F5D0649D4159:t2, leader=null, voted=s4, raftlog=Memoized:s1@group-F5D0649D4159-SegmentedRaftLog:OPENED:c2:last(t:2, i:2), conf=conf: {index: 1, cur=peers:[s3|localhost:15152, s4|localhost:15156, s0|localhost:15140, s1|localhost:15144, s2|localhost:15148]|listeners:[], old=null}
2024-10-07 19:12:05,584 [NettyRpcService-bossGroup--thread1] INFO  logging.LoggingHandler (AbstractInternalLogger.java:log(148)) - [id: 0xab37dffa, L:/0.0.0.0:15152] READ COMPLETE
2024-10-07 19:12:05,584 [NettyRpcService-workerGroup--thread4] INFO  server.RaftServer$Division (RaftServerImpl.java:requestVote(1443)) - s3@group-F5D0649D4159: receive requestVote(PRE_VOTE, s0, group-F5D0649D4159, 2, (t:2, i:2))
2024-10-07 19:12:05,652 [s1@group-F5D0649D4159-LeaderElection17] INFO  impl.LeaderElection (LeaderElection.java:logAndReturn(90)) - s1@group-F5D0649D4159-LeaderElection17: PRE_VOTE TIMEOUT received 1 response(s) and 2 exception(s):
2024-10-07 19:12:05,652 [s1@group-F5D0649D4159-LeaderElection17] INFO  impl.LeaderElection (LeaderElection.java:logAndReturn(94)) -   Response 0: s1<-s0#0:OK-t2
2024-10-07 19:12:05,652 [s1@group-F5D0649D4159-LeaderElection17] INFO  impl.LeaderElection (LogUtils.java:infoOrTrace(136)) -   Exception 1: java.util.concurrent.ExecutionException: org.apache.ratis.thirdparty.io.netty.channel.AbstractChannel$AnnotatedConnectException: finishConnect(..) failed: Connection refused: localhost/127.0.0.1:15156
2024-10-07 19:12:05,652 [s1@group-F5D0649D4159-LeaderElection17] INFO  impl.LeaderElection (LogUtils.java:infoOrTrace(136)) -   Exception 2: java.util.concurrent.ExecutionException: org.apache.ratis.thirdparty.io.netty.channel.AbstractChannel$AnnotatedConnectException: finishConnect(..) failed: Connection refused: localhost/127.0.0.1:15148
2024-10-07 19:12:05,652 [s1@group-F5D0649D4159-LeaderElection17] INFO  impl.LeaderElection (LeaderElection.java:askForVotes(339)) - s1@group-F5D0649D4159-LeaderElection17 PRE_VOTE round 17: result TIMEOUT
2024-10-07 19:12:05,653 [s1@group-F5D0649D4159-LeaderElection17] INFO  impl.LeaderElection (LeaderElection.java:askForVotes(337)) - s1@group-F5D0649D4159-LeaderElection17 PRE_VOTE round 18: submit vote requests at term 2 for conf: {index: 1, cur=peers:[s3|localhost:15152, s4|localhost:15156, s0|localhost:15140, s1|localhost:15144, s2|localhost:15148]|listeners:[], old=null}
2024-10-07 19:12:05,653 [NettyRpcService-workerGroup--thread3] INFO  server.RaftServer$Division (RaftServerImpl.java:requestVote(1443)) - s0@group-F5D0649D4159: receive requestVote(PRE_VOTE, s1, group-F5D0649D4159, 2, (t:2, i:2))
2024-10-07 19:12:05,653 [NettyRpcService-workerGroup--thread3] INFO  impl.VoteContext (VoteContext.java:log(49)) - s0@group-F5D0649D4159-CANDIDATE: accept PRE_VOTE from s1: our priority 0 <= candidate's priority 0
2024-10-07 19:12:05,654 [NettyRpcService-workerGroup--thread3] INFO  server.RaftServer$Division (RaftServerImpl.java:requestVote(1476)) - s0@group-F5D0649D4159 replies to PRE_VOTE vote request: s1<-s0#0:OK-t2. Peer's state: s0@group-F5D0649D4159:t2, leader=null, voted=s4, raftlog=Memoized:s0@group-F5D0649D4159-SegmentedRaftLog:OPENED:c2:last(t:2, i:2), conf=conf: {index: 1, cur=peers:[s3|localhost:15152, s4|localhost:15156, s0|localhost:15140, s1|localhost:15144, s2|localhost:15148]|listeners:[], old=null}
2024-10-07 19:12:05,654 [s1@group-F5D0649D4159-LeaderElection17] INFO  impl.LeaderElection (LogUtils.java:infoOrTrace(136)) - s1@group-F5D0649D4159-LeaderElection17 got exception when requesting votes: java.util.concurrent.ExecutionException: org.apache.ratis.thirdparty.io.netty.channel.AbstractChannel$AnnotatedConnectException: finishConnect(..) failed: Connection refused: localhost/127.0.0.1:15156
2024-10-07 19:12:05,654 [s1@group-F5D0649D4159-LeaderElection17] INFO  impl.LeaderElection (LogUtils.java:infoOrTrace(136)) - s1@group-F5D0649D4159-LeaderElection17 got exception when requesting votes: java.util.concurrent.ExecutionException: org.apache.ratis.thirdparty.io.netty.channel.AbstractChannel$AnnotatedConnectException: finishConnect(..) failed: Connection refused: localhost/127.0.0.1:15148
2024-10-07 19:12:05,763 [s0@group-F5D0649D4159-LeaderElection18] INFO  impl.LeaderElection (LeaderElection.java:logAndReturn(90)) - s0@group-F5D0649D4159-LeaderElection18: PRE_VOTE TIMEOUT received 1 response(s) and 2 exception(s):
2024-10-07 19:12:05,763 [s0@group-F5D0649D4159-LeaderElection18] INFO  impl.LeaderElection (LeaderElection.java:logAndReturn(94)) -   Response 0: s0<-s1#0:OK-t2
2024-10-07 19:12:05,763 [s0@group-F5D0649D4159-LeaderElection18] INFO  impl.LeaderElection (LogUtils.java:infoOrTrace(136)) -   Exception 1: java.util.concurrent.ExecutionException: org.apache.ratis.thirdparty.io.netty.channel.AbstractChannel$AnnotatedConnectException: finishConnect(..) failed: Connection refused: localhost/127.0.0.1:15156
2024-10-07 19:12:05,763 [s0@group-F5D0649D4159-LeaderElection18] INFO  impl.LeaderElection (LogUtils.java:infoOrTrace(136)) -   Exception 2: java.util.concurrent.ExecutionException: org.apache.ratis.thirdparty.io.netty.channel.AbstractChannel$AnnotatedConnectException: finishConnect(..) failed: Connection refused: localhost/127.0.0.1:15148
2024-10-07 19:12:05,763 [s0@group-F5D0649D4159-LeaderElection18] INFO  impl.LeaderElection (LeaderElection.java:askForVotes(339)) - s0@group-F5D0649D4159-LeaderElection18 PRE_VOTE round 0: result TIMEOUT
2024-10-07 19:12:05,764 [s0@group-F5D0649D4159-LeaderElection18] INFO  impl.LeaderElection (LeaderElection.java:askForVotes(337)) - s0@group-F5D0649D4159-LeaderElection18 PRE_VOTE round 1: submit vote requests at term 2 for conf: {index: 1, cur=peers:[s3|localhost:15152, s4|localhost:15156, s0|localhost:15140, s1|localhost:15144, s2|localhost:15148]|listeners:[], old=null}
2024-10-07 19:12:05,765 [NettyRpcService-workerGroup--thread3] INFO  server.RaftServer$Division (RaftServerImpl.java:requestVote(1443)) - s1@group-F5D0649D4159: receive requestVote(PRE_VOTE, s0, group-F5D0649D4159, 2, (t:2, i:2))
2024-10-07 19:12:05,765 [NettyRpcService-workerGroup--thread3] INFO  impl.VoteContext (VoteContext.java:log(49)) - s1@group-F5D0649D4159-CANDIDATE: accept PRE_VOTE from s0: our priority 0 <= candidate's priority 0
2024-10-07 19:12:05,765 [NettyRpcService-workerGroup--thread3] INFO  server.RaftServer$Division (RaftServerImpl.java:requestVote(1476)) - s1@group-F5D0649D4159 replies to PRE_VOTE vote request: s0<-s1#0:OK-t2. Peer's state: s1@group-F5D0649D4159:t2, leader=null, voted=s4, raftlog=Memoized:s1@group-F5D0649D4159-SegmentedRaftLog:OPENED:c2:last(t:2, i:2), conf=conf: {index: 1, cur=peers:[s3|localhost:15152, s4|localhost:15156, s0|localhost:15140, s1|localhost:15144, s2|localhost:15148]|listeners:[], old=null}
2024-10-07 19:12:05,765 [s0@group-F5D0649D4159-LeaderElection18] INFO  impl.LeaderElection (LogUtils.java:infoOrTrace(136)) - s0@group-F5D0649D4159-LeaderElection18 got exception when requesting votes: java.util.concurrent.ExecutionException: org.apache.ratis.thirdparty.io.netty.channel.AbstractChannel$AnnotatedConnectException: finishConnect(..) failed: Connection refused: localhost/127.0.0.1:15156
2024-10-07 19:12:05,765 [s0@group-F5D0649D4159-LeaderElection18] INFO  impl.LeaderElection (LogUtils.java:infoOrTrace(136)) - s0@group-F5D0649D4159-LeaderElection18 got exception when requesting votes: java.util.concurrent.ExecutionException: org.apache.ratis.thirdparty.io.netty.channel.AbstractChannel$AnnotatedConnectException: finishConnect(..) failed: Connection refused: localhost/127.0.0.1:15148
2024-10-07 19:12:05,814 [s1@group-F5D0649D4159-LeaderElection17] INFO  impl.LeaderElection (LeaderElection.java:logAndReturn(90)) - s1@group-F5D0649D4159-LeaderElection17: PRE_VOTE TIMEOUT received 1 response(s) and 2 exception(s):
2024-10-07 19:12:05,814 [s1@group-F5D0649D4159-LeaderElection17] INFO  impl.LeaderElection (LeaderElection.java:logAndReturn(94)) -   Response 0: s1<-s0#0:OK-t2
2024-10-07 19:12:05,814 [s1@group-F5D0649D4159-LeaderElection17] INFO  impl.LeaderElection (LogUtils.java:infoOrTrace(136)) -   Exception 1: java.util.concurrent.ExecutionException: org.apache.ratis.thirdparty.io.netty.channel.AbstractChannel$AnnotatedConnectException: finishConnect(..) failed: Connection refused: localhost/127.0.0.1:15156
2024-10-07 19:12:05,814 [s1@group-F5D0649D4159-LeaderElection17] INFO  impl.LeaderElection (LogUtils.java:infoOrTrace(136)) -   Exception 2: java.util.concurrent.ExecutionException: org.apache.ratis.thirdparty.io.netty.channel.AbstractChannel$AnnotatedConnectException: finishConnect(..) failed: Connection refused: localhost/127.0.0.1:15148
2024-10-07 19:12:05,815 [s1@group-F5D0649D4159-LeaderElection17] INFO  impl.LeaderElection (LeaderElection.java:askForVotes(339)) - s1@group-F5D0649D4159-LeaderElection17 PRE_VOTE round 18: result TIMEOUT
2024-10-07 19:12:05,815 [s1@group-F5D0649D4159-LeaderElection17] INFO  impl.LeaderElection (LeaderElection.java:askForVotes(337)) - s1@group-F5D0649D4159-LeaderElection17 PRE_VOTE round 19: submit vote requests at term 2 for conf: {index: 1, cur=peers:[s3|localhost:15152, s4|localhost:15156, s0|localhost:15140, s1|localhost:15144, s2|localhost:15148]|listeners:[], old=null}
2024-10-07 19:12:05,816 [NettyRpcService-workerGroup--thread3] INFO  server.RaftServer$Division (RaftServerImpl.java:requestVote(1443)) - s0@group-F5D0649D4159: receive requestVote(PRE_VOTE, s1, group-F5D0649D4159, 2, (t:2, i:2))
2024-10-07 19:12:05,816 [NettyRpcService-workerGroup--thread3] INFO  impl.VoteContext (VoteContext.java:log(49)) - s0@group-F5D0649D4159-CANDIDATE: accept PRE_VOTE from s1: our priority 0 <= candidate's priority 0
2024-10-07 19:12:05,816 [NettyRpcService-workerGroup--thread3] INFO  server.RaftServer$Division (RaftServerImpl.java:requestVote(1476)) - s0@group-F5D0649D4159 replies to PRE_VOTE vote request: s1<-s0#0:OK-t2. Peer's state: s0@group-F5D0649D4159:t2, leader=null, voted=s4, raftlog=Memoized:s0@group-F5D0649D4159-SegmentedRaftLog:OPENED:c2:last(t:2, i:2), conf=conf: {index: 1, cur=peers:[s3|localhost:15152, s4|localhost:15156, s0|localhost:15140, s1|localhost:15144, s2|localhost:15148]|listeners:[], old=null}
2024-10-07 19:12:05,816 [s1@group-F5D0649D4159-LeaderElection17] INFO  impl.LeaderElection (LogUtils.java:infoOrTrace(136)) - s1@group-F5D0649D4159-LeaderElection17 got exception when requesting votes: java.util.concurrent.ExecutionException: org.apache.ratis.thirdparty.io.netty.channel.AbstractChannel$AnnotatedConnectException: finishConnect(..) failed: Connection refused: localhost/127.0.0.1:15148
2024-10-07 19:12:05,817 [s1@group-F5D0649D4159-LeaderElection17] INFO  impl.LeaderElection (LogUtils.java:infoOrTrace(136)) - s1@group-F5D0649D4159-LeaderElection17 got exception when requesting votes: java.util.concurrent.ExecutionException: org.apache.ratis.thirdparty.io.netty.channel.AbstractChannel$AnnotatedConnectException: finishConnect(..) failed: Connection refused: localhost/127.0.0.1:15156
2024-10-07 19:12:05,933 [main] WARN  ratis.RaftTestUtil (RaftTestUtil.java:lambda$waitForLeader$3(126)) - Attempt #10 failed: java.lang.IllegalStateException: No leader yet : printing ALL groups
  s3:  RUNNING  FOLLOWER s3@group-F5D0649D4159:t1, leader=null, voted=null, raftlog=Memoized:s3@group-F5D0649D4159-SegmentedRaftLog:OPENED:c-1:lastnull, conf=conf: {index: -1, cur=peers:[s3|localhost:15152, s4|localhost:15156, s0|localhost:15140, s1|localhost:15144, s2|localhost:15148]|listeners:[], old=null} RUNNING
  s4:   CLOSED    LEADER s4@group-F5D0649D4159:t2, leader=s4, voted=s4, raftlog=Memoized:s4@group-F5D0649D4159-SegmentedRaftLog:CLOSED:c2, conf=conf: {index: 1, cur=peers:[s3|localhost:15152, s4|localhost:15156, s0|localhost:15140, s1|localhost:15144, s2|localhost:15148]|listeners:[], old=null} CLOSED
  s0:  RUNNING CANDIDATE s0@group-F5D0649D4159:t2, leader=null, voted=s4, raftlog=Memoized:s0@group-F5D0649D4159-SegmentedRaftLog:OPENED:c2:last(t:2, i:2), conf=conf: {index: 1, cur=peers:[s3|localhost:15152, s4|localhost:15156, s0|localhost:15140, s1|localhost:15144, s2|localhost:15148]|listeners:[], old=null} RUNNING
  s1:  RUNNING CANDIDATE s1@group-F5D0649D4159:t2, leader=null, voted=s4, raftlog=Memoized:s1@group-F5D0649D4159-SegmentedRaftLog:OPENED:c2:last(t:2, i:2), conf=conf: {index: 1, cur=peers:[s3|localhost:15152, s4|localhost:15156, s0|localhost:15140, s1|localhost:15144, s2|localhost:15148]|listeners:[], old=null} RUNNING
  s2:   CLOSED    LEADER s2@group-F5D0649D4159:t1, leader=s2, voted=s2, raftlog=Memoized:s2@group-F5D0649D4159-SegmentedRaftLog:CLOSED:c0, conf=conf: {index: 0, cur=peers:[s3|localhost:15152, s4|localhost:15156, s0|localhost:15140, s1|localhost:15144, s2|localhost:15148]|listeners:[], old=null} CLOSED
2024-10-07 19:12:06,018 [s1@group-F5D0649D4159-LeaderElection17] INFO  impl.LeaderElection (LeaderElection.java:logAndReturn(90)) - s1@group-F5D0649D4159-LeaderElection17: PRE_VOTE TIMEOUT received 1 response(s) and 2 exception(s):
2024-10-07 19:12:06,018 [s1@group-F5D0649D4159-LeaderElection17] INFO  impl.LeaderElection (LeaderElection.java:logAndReturn(94)) -   Response 0: s1<-s0#0:OK-t2
2024-10-07 19:12:06,018 [s1@group-F5D0649D4159-LeaderElection17] INFO  impl.LeaderElection (LogUtils.java:infoOrTrace(136)) -   Exception 1: java.util.concurrent.ExecutionException: org.apache.ratis.thirdparty.io.netty.channel.AbstractChannel$AnnotatedConnectException: finishConnect(..) failed: Connection refused: localhost/127.0.0.1:15148
2024-10-07 19:12:06,018 [s1@group-F5D0649D4159-LeaderElection17] INFO  impl.LeaderElection (LogUtils.java:infoOrTrace(136)) -   Exception 2: java.util.concurrent.ExecutionException: org.apache.ratis.thirdparty.io.netty.channel.AbstractChannel$AnnotatedConnectException: finishConnect(..) failed: Connection refused: localhost/127.0.0.1:15156
2024-10-07 19:12:06,018 [s1@group-F5D0649D4159-LeaderElection17] INFO  impl.LeaderElection (LeaderElection.java:askForVotes(339)) - s1@group-F5D0649D4159-LeaderElection17 PRE_VOTE round 19: result TIMEOUT
2024-10-07 19:12:06,018 [s1@group-F5D0649D4159-LeaderElection17] INFO  impl.LeaderElection (LeaderElection.java:askForVotes(337)) - s1@group-F5D0649D4159-LeaderElection17 PRE_VOTE round 20: submit vote requests at term 2 for conf: {index: 1, cur=peers:[s3|localhost:15152, s4|localhost:15156, s0|localhost:15140, s1|localhost:15144, s2|localhost:15148]|listeners:[], old=null}
2024-10-07 19:12:06,019 [NettyRpcService-workerGroup--thread3] INFO  server.RaftServer$Division (RaftServerImpl.java:requestVote(1443)) - s0@group-F5D0649D4159: receive requestVote(PRE_VOTE, s1, group-F5D0649D4159, 2, (t:2, i:2))
2024-10-07 19:12:06,019 [NettyRpcService-workerGroup--thread3] INFO  impl.VoteContext (VoteContext.java:log(49)) - s0@group-F5D0649D4159-CANDIDATE: accept PRE_VOTE from s1: our priority 0 <= candidate's priority 0
2024-10-07 19:12:06,019 [NettyRpcService-workerGroup--thread3] INFO  server.RaftServer$Division (RaftServerImpl.java:requestVote(1476)) - s0@group-F5D0649D4159 replies to PRE_VOTE vote request: s1<-s0#0:OK-t2. Peer's state: s0@group-F5D0649D4159:t2, leader=null, voted=s4, raftlog=Memoized:s0@group-F5D0649D4159-SegmentedRaftLog:OPENED:c2:last(t:2, i:2), conf=conf: {index: 1, cur=peers:[s3|localhost:15152, s4|localhost:15156, s0|localhost:15140, s1|localhost:15144, s2|localhost:15148]|listeners:[], old=null}
2024-10-07 19:12:06,020 [s1@group-F5D0649D4159-LeaderElection17] INFO  impl.LeaderElection (LogUtils.java:infoOrTrace(136)) - s1@group-F5D0649D4159-LeaderElection17 got exception when requesting votes: java.util.concurrent.ExecutionException: org.apache.ratis.thirdparty.io.netty.channel.AbstractChannel$AnnotatedConnectException: finishConnect(..) failed: Connection refused: localhost/127.0.0.1:15156
2024-10-07 19:12:06,020 [s1@group-F5D0649D4159-LeaderElection17] INFO  impl.LeaderElection (LogUtils.java:infoOrTrace(136)) - s1@group-F5D0649D4159-LeaderElection17 got exception when requesting votes: java.util.concurrent.ExecutionException: org.apache.ratis.thirdparty.io.netty.channel.AbstractChannel$AnnotatedConnectException: finishConnect(..) failed: Connection refused: localhost/127.0.0.1:15148
2024-10-07 19:12:06,039 [s0@group-F5D0649D4159-LeaderElection18] INFO  impl.LeaderElection (LeaderElection.java:logAndReturn(90)) - s0@group-F5D0649D4159-LeaderElection18: PRE_VOTE TIMEOUT received 1 response(s) and 2 exception(s):
2024-10-07 19:12:06,039 [s0@group-F5D0649D4159-LeaderElection18] INFO  impl.LeaderElection (LeaderElection.java:logAndReturn(94)) -   Response 0: s0<-s1#0:OK-t2
2024-10-07 19:12:06,039 [s0@group-F5D0649D4159-LeaderElection18] INFO  impl.LeaderElection (LogUtils.java:infoOrTrace(136)) -   Exception 1: java.util.concurrent.ExecutionException: org.apache.ratis.thirdparty.io.netty.channel.AbstractChannel$AnnotatedConnectException: finishConnect(..) failed: Connection refused: localhost/127.0.0.1:15156
2024-10-07 19:12:06,039 [s0@group-F5D0649D4159-LeaderElection18] INFO  impl.LeaderElection (LogUtils.java:infoOrTrace(136)) -   Exception 2: java.util.concurrent.ExecutionException: org.apache.ratis.thirdparty.io.netty.channel.AbstractChannel$AnnotatedConnectException: finishConnect(..) failed: Connection refused: localhost/127.0.0.1:15148
2024-10-07 19:12:06,040 [s0@group-F5D0649D4159-LeaderElection18] INFO  impl.LeaderElection (LeaderElection.java:askForVotes(339)) - s0@group-F5D0649D4159-LeaderElection18 PRE_VOTE round 1: result TIMEOUT
2024-10-07 19:12:06,040 [s0@group-F5D0649D4159-LeaderElection18] INFO  impl.LeaderElection (LeaderElection.java:askForVotes(337)) - s0@group-F5D0649D4159-LeaderElection18 PRE_VOTE round 2: submit vote requests at term 2 for conf: {index: 1, cur=peers:[s3|localhost:15152, s4|localhost:15156, s0|localhost:15140, s1|localhost:15144, s2|localhost:15148]|listeners:[], old=null}
2024-10-07 19:12:06,040 [NettyRpcService-workerGroup--thread3] INFO  server.RaftServer$Division (RaftServerImpl.java:requestVote(1443)) - s1@group-F5D0649D4159: receive requestVote(PRE_VOTE, s0, group-F5D0649D4159, 2, (t:2, i:2))
2024-10-07 19:12:06,041 [NettyRpcService-workerGroup--thread3] INFO  impl.VoteContext (VoteContext.java:log(49)) - s1@group-F5D0649D4159-CANDIDATE: accept PRE_VOTE from s0: our priority 0 <= candidate's priority 0
2024-10-07 19:12:06,041 [NettyRpcService-workerGroup--thread3] INFO  server.RaftServer$Division (RaftServerImpl.java:requestVote(1476)) - s1@group-F5D0649D4159 replies to PRE_VOTE vote request: s0<-s1#0:OK-t2. Peer's state: s1@group-F5D0649D4159:t2, leader=null, voted=s4, raftlog=Memoized:s1@group-F5D0649D4159-SegmentedRaftLog:OPENED:c2:last(t:2, i:2), conf=conf: {index: 1, cur=peers:[s3|localhost:15152, s4|localhost:15156, s0|localhost:15140, s1|localhost:15144, s2|localhost:15148]|listeners:[], old=null}
2024-10-07 19:12:06,041 [s0@group-F5D0649D4159-LeaderElection18] INFO  impl.LeaderElection (LogUtils.java:infoOrTrace(136)) - s0@group-F5D0649D4159-LeaderElection18 got exception when requesting votes: java.util.concurrent.ExecutionException: org.apache.ratis.thirdparty.io.netty.channel.AbstractChannel$AnnotatedConnectException: finishConnect(..) failed: Connection refused: localhost/127.0.0.1:15156
2024-10-07 19:12:06,042 [s0@group-F5D0649D4159-LeaderElection18] INFO  impl.LeaderElection (LogUtils.java:infoOrTrace(136)) - s0@group-F5D0649D4159-LeaderElection18 got exception when requesting votes: java.util.concurrent.ExecutionException: org.apache.ratis.thirdparty.io.netty.channel.AbstractChannel$AnnotatedConnectException: finishConnect(..) failed: Connection refused: localhost/127.0.0.1:15148
2024-10-07 19:12:06,201 [s0@group-F5D0649D4159-LeaderElection18] INFO  impl.LeaderElection (LeaderElection.java:logAndReturn(90)) - s0@group-F5D0649D4159-LeaderElection18: PRE_VOTE TIMEOUT received 1 response(s) and 2 exception(s):
2024-10-07 19:12:06,202 [s0@group-F5D0649D4159-LeaderElection18] INFO  impl.LeaderElection (LeaderElection.java:logAndReturn(94)) -   Response 0: s0<-s1#0:OK-t2
2024-10-07 19:12:06,202 [s0@group-F5D0649D4159-LeaderElection18] INFO  impl.LeaderElection (LogUtils.java:infoOrTrace(136)) -   Exception 1: java.util.concurrent.ExecutionException: org.apache.ratis.thirdparty.io.netty.channel.AbstractChannel$AnnotatedConnectException: finishConnect(..) failed: Connection refused: localhost/127.0.0.1:15156
2024-10-07 19:12:06,202 [s0@group-F5D0649D4159-LeaderElection18] INFO  impl.LeaderElection (LogUtils.java:infoOrTrace(136)) -   Exception 2: java.util.concurrent.ExecutionException: org.apache.ratis.thirdparty.io.netty.channel.AbstractChannel$AnnotatedConnectException: finishConnect(..) failed: Connection refused: localhost/127.0.0.1:15148
2024-10-07 19:12:06,202 [s0@group-F5D0649D4159-LeaderElection18] INFO  impl.LeaderElection (LeaderElection.java:askForVotes(339)) - s0@group-F5D0649D4159-LeaderElection18 PRE_VOTE round 2: result TIMEOUT
2024-10-07 19:12:06,202 [s0@group-F5D0649D4159-LeaderElection18] INFO  impl.LeaderElection (LeaderElection.java:askForVotes(337)) - s0@group-F5D0649D4159-LeaderElection18 PRE_VOTE round 3: submit vote requests at term 2 for conf: {index: 1, cur=peers:[s3|localhost:15152, s4|localhost:15156, s0|localhost:15140, s1|localhost:15144, s2|localhost:15148]|listeners:[], old=null}
2024-10-07 19:12:06,203 [NettyRpcService-workerGroup--thread3] INFO  server.RaftServer$Division (RaftServerImpl.java:requestVote(1443)) - s1@group-F5D0649D4159: receive requestVote(PRE_VOTE, s0, group-F5D0649D4159, 2, (t:2, i:2))
2024-10-07 19:12:06,203 [NettyRpcService-workerGroup--thread3] INFO  impl.VoteContext (VoteContext.java:log(49)) - s1@group-F5D0649D4159-CANDIDATE: accept PRE_VOTE from s0: our priority 0 <= candidate's priority 0
2024-10-07 19:12:06,203 [NettyRpcService-workerGroup--thread3] INFO  server.RaftServer$Division (RaftServerImpl.java:requestVote(1476)) - s1@group-F5D0649D4159 replies to PRE_VOTE vote request: s0<-s1#0:OK-t2. Peer's state: s1@group-F5D0649D4159:t2, leader=null, voted=s4, raftlog=Memoized:s1@group-F5D0649D4159-SegmentedRaftLog:OPENED:c2:last(t:2, i:2), conf=conf: {index: 1, cur=peers:[s3|localhost:15152, s4|localhost:15156, s0|localhost:15140, s1|localhost:15144, s2|localhost:15148]|listeners:[], old=null}
2024-10-07 19:12:06,204 [s0@group-F5D0649D4159-LeaderElection18] INFO  impl.LeaderElection (LogUtils.java:infoOrTrace(136)) - s0@group-F5D0649D4159-LeaderElection18 got exception when requesting votes: java.util.concurrent.ExecutionException: org.apache.ratis.thirdparty.io.netty.channel.AbstractChannel$AnnotatedConnectException: finishConnect(..) failed: Connection refused: localhost/127.0.0.1:15156
2024-10-07 19:12:06,204 [s0@group-F5D0649D4159-LeaderElection18] INFO  impl.LeaderElection (LogUtils.java:infoOrTrace(136)) - s0@group-F5D0649D4159-LeaderElection18 got exception when requesting votes: java.util.concurrent.ExecutionException: org.apache.ratis.thirdparty.io.netty.channel.AbstractChannel$AnnotatedConnectException: finishConnect(..) failed: Connection refused: localhost/127.0.0.1:15148
2024-10-07 19:12:06,308 [s1@group-F5D0649D4159-LeaderElection17] INFO  impl.LeaderElection (LeaderElection.java:logAndReturn(90)) - s1@group-F5D0649D4159-LeaderElection17: PRE_VOTE TIMEOUT received 1 response(s) and 2 exception(s):
2024-10-07 19:12:06,308 [s1@group-F5D0649D4159-LeaderElection17] INFO  impl.LeaderElection (LeaderElection.java:logAndReturn(94)) -   Response 0: s1<-s0#0:OK-t2
2024-10-07 19:12:06,308 [s1@group-F5D0649D4159-LeaderElection17] INFO  impl.LeaderElection (LogUtils.java:infoOrTrace(136)) -   Exception 1: java.util.concurrent.ExecutionException: org.apache.ratis.thirdparty.io.netty.channel.AbstractChannel$AnnotatedConnectException: finishConnect(..) failed: Connection refused: localhost/127.0.0.1:15156
2024-10-07 19:12:06,308 [s1@group-F5D0649D4159-LeaderElection17] INFO  impl.LeaderElection (LogUtils.java:infoOrTrace(136)) -   Exception 2: java.util.concurrent.ExecutionException: org.apache.ratis.thirdparty.io.netty.channel.AbstractChannel$AnnotatedConnectException: finishConnect(..) failed: Connection refused: localhost/127.0.0.1:15148
2024-10-07 19:12:06,308 [s1@group-F5D0649D4159-LeaderElection17] INFO  impl.LeaderElection (LeaderElection.java:askForVotes(339)) - s1@group-F5D0649D4159-LeaderElection17 PRE_VOTE round 20: result TIMEOUT
2024-10-07 19:12:06,308 [s1@group-F5D0649D4159-LeaderElection17] INFO  impl.LeaderElection (LeaderElection.java:askForVotes(337)) - s1@group-F5D0649D4159-LeaderElection17 PRE_VOTE round 21: submit vote requests at term 2 for conf: {index: 1, cur=peers:[s3|localhost:15152, s4|localhost:15156, s0|localhost:15140, s1|localhost:15144, s2|localhost:15148]|listeners:[], old=null}
2024-10-07 19:12:06,309 [NettyRpcService-workerGroup--thread3] INFO  server.RaftServer$Division (RaftServerImpl.java:requestVote(1443)) - s0@group-F5D0649D4159: receive requestVote(PRE_VOTE, s1, group-F5D0649D4159, 2, (t:2, i:2))
2024-10-07 19:12:06,310 [NettyRpcService-workerGroup--thread3] INFO  impl.VoteContext (VoteContext.java:log(49)) - s0@group-F5D0649D4159-CANDIDATE: accept PRE_VOTE from s1: our priority 0 <= candidate's priority 0
2024-10-07 19:12:06,310 [NettyRpcService-workerGroup--thread3] INFO  server.RaftServer$Division (RaftServerImpl.java:requestVote(1476)) - s0@group-F5D0649D4159 replies to PRE_VOTE vote request: s1<-s0#0:OK-t2. Peer's state: s0@group-F5D0649D4159:t2, leader=null, voted=s4, raftlog=Memoized:s0@group-F5D0649D4159-SegmentedRaftLog:OPENED:c2:last(t:2, i:2), conf=conf: {index: 1, cur=peers:[s3|localhost:15152, s4|localhost:15156, s0|localhost:15140, s1|localhost:15144, s2|localhost:15148]|listeners:[], old=null}
2024-10-07 19:12:06,310 [s1@group-F5D0649D4159-LeaderElection17] INFO  impl.LeaderElection (LogUtils.java:infoOrTrace(136)) - s1@group-F5D0649D4159-LeaderElection17 got exception when requesting votes: java.util.concurrent.ExecutionException: org.apache.ratis.thirdparty.io.netty.channel.AbstractChannel$AnnotatedConnectException: finishConnect(..) failed: Connection refused: localhost/127.0.0.1:15148
2024-10-07 19:12:06,310 [s1@group-F5D0649D4159-LeaderElection17] INFO  impl.LeaderElection (LogUtils.java:infoOrTrace(136)) - s1@group-F5D0649D4159-LeaderElection17 got exception when requesting votes: java.util.concurrent.ExecutionException: org.apache.ratis.thirdparty.io.netty.channel.AbstractChannel$AnnotatedConnectException: finishConnect(..) failed: Connection refused: localhost/127.0.0.1:15156
2024-10-07 19:12:06,383 [main] WARN  ratis.RaftTestUtil (RaftTestUtil.java:lambda$waitForLeader$3(126)) - Attempt #11 failed: java.lang.IllegalStateException: No leader yet : printing ALL groups
  s3:  RUNNING  FOLLOWER s3@group-F5D0649D4159:t1, leader=null, voted=null, raftlog=Memoized:s3@group-F5D0649D4159-SegmentedRaftLog:OPENED:c-1:lastnull, conf=conf: {index: -1, cur=peers:[s3|localhost:15152, s4|localhost:15156, s0|localhost:15140, s1|localhost:15144, s2|localhost:15148]|listeners:[], old=null} RUNNING
  s4:   CLOSED    LEADER s4@group-F5D0649D4159:t2, leader=s4, voted=s4, raftlog=Memoized:s4@group-F5D0649D4159-SegmentedRaftLog:CLOSED:c2, conf=conf: {index: 1, cur=peers:[s3|localhost:15152, s4|localhost:15156, s0|localhost:15140, s1|localhost:15144, s2|localhost:15148]|listeners:[], old=null} CLOSED
  s0:  RUNNING CANDIDATE s0@group-F5D0649D4159:t2, leader=null, voted=s4, raftlog=Memoized:s0@group-F5D0649D4159-SegmentedRaftLog:OPENED:c2:last(t:2, i:2), conf=conf: {index: 1, cur=peers:[s3|localhost:15152, s4|localhost:15156, s0|localhost:15140, s1|localhost:15144, s2|localhost:15148]|listeners:[], old=null} RUNNING
  s1:  RUNNING CANDIDATE s1@group-F5D0649D4159:t2, leader=null, voted=s4, raftlog=Memoized:s1@group-F5D0649D4159-SegmentedRaftLog:OPENED:c2:last(t:2, i:2), conf=conf: {index: 1, cur=peers:[s3|localhost:15152, s4|localhost:15156, s0|localhost:15140, s1|localhost:15144, s2|localhost:15148]|listeners:[], old=null} RUNNING
  s2:   CLOSED    LEADER s2@group-F5D0649D4159:t1, leader=s2, voted=s2, raftlog=Memoized:s2@group-F5D0649D4159-SegmentedRaftLog:CLOSED:c0, conf=conf: {index: 0, cur=peers:[s3|localhost:15152, s4|localhost:15156, s0|localhost:15140, s1|localhost:15144, s2|localhost:15148]|listeners:[], old=null} CLOSED
2024-10-07 19:12:06,443 [s0@group-F5D0649D4159-LeaderElection18] INFO  impl.LeaderElection (LeaderElection.java:logAndReturn(90)) - s0@group-F5D0649D4159-LeaderElection18: PRE_VOTE TIMEOUT received 1 response(s) and 2 exception(s):
2024-10-07 19:12:06,443 [s0@group-F5D0649D4159-LeaderElection18] INFO  impl.LeaderElection (LeaderElection.java:logAndReturn(94)) -   Response 0: s0<-s1#0:OK-t2
2024-10-07 19:12:06,443 [s0@group-F5D0649D4159-LeaderElection18] INFO  impl.LeaderElection (LogUtils.java:infoOrTrace(136)) -   Exception 1: java.util.concurrent.ExecutionException: org.apache.ratis.thirdparty.io.netty.channel.AbstractChannel$AnnotatedConnectException: finishConnect(..) failed: Connection refused: localhost/127.0.0.1:15156
2024-10-07 19:12:06,443 [s0@group-F5D0649D4159-LeaderElection18] INFO  impl.LeaderElection (LogUtils.java:infoOrTrace(136)) -   Exception 2: java.util.concurrent.ExecutionException: org.apache.ratis.thirdparty.io.netty.channel.AbstractChannel$AnnotatedConnectException: finishConnect(..) failed: Connection refused: localhost/127.0.0.1:15148
2024-10-07 19:12:06,443 [s0@group-F5D0649D4159-LeaderElection18] INFO  impl.LeaderElection (LeaderElection.java:askForVotes(339)) - s0@group-F5D0649D4159-LeaderElection18 PRE_VOTE round 3: result TIMEOUT
2024-10-07 19:12:06,443 [s0@group-F5D0649D4159-LeaderElection18] INFO  impl.LeaderElection (LeaderElection.java:askForVotes(337)) - s0@group-F5D0649D4159-LeaderElection18 PRE_VOTE round 4: submit vote requests at term 2 for conf: {index: 1, cur=peers:[s3|localhost:15152, s4|localhost:15156, s0|localhost:15140, s1|localhost:15144, s2|localhost:15148]|listeners:[], old=null}
2024-10-07 19:12:06,444 [NettyRpcService-workerGroup--thread3] INFO  server.RaftServer$Division (RaftServerImpl.java:requestVote(1443)) - s1@group-F5D0649D4159: receive requestVote(PRE_VOTE, s0, group-F5D0649D4159, 2, (t:2, i:2))
2024-10-07 19:12:06,445 [NettyRpcService-workerGroup--thread3] INFO  impl.VoteContext (VoteContext.java:log(49)) - s1@group-F5D0649D4159-CANDIDATE: accept PRE_VOTE from s0: our priority 0 <= candidate's priority 0
2024-10-07 19:12:06,445 [NettyRpcService-workerGroup--thread3] INFO  server.RaftServer$Division (RaftServerImpl.java:requestVote(1476)) - s1@group-F5D0649D4159 replies to PRE_VOTE vote request: s0<-s1#0:OK-t2. Peer's state: s1@group-F5D0649D4159:t2, leader=null, voted=s4, raftlog=Memoized:s1@group-F5D0649D4159-SegmentedRaftLog:OPENED:c2:last(t:2, i:2), conf=conf: {index: 1, cur=peers:[s3|localhost:15152, s4|localhost:15156, s0|localhost:15140, s1|localhost:15144, s2|localhost:15148]|listeners:[], old=null}
2024-10-07 19:12:06,445 [s0@group-F5D0649D4159-LeaderElection18] INFO  impl.LeaderElection (LogUtils.java:infoOrTrace(136)) - s0@group-F5D0649D4159-LeaderElection18 got exception when requesting votes: java.util.concurrent.ExecutionException: org.apache.ratis.thirdparty.io.netty.channel.AbstractChannel$AnnotatedConnectException: finishConnect(..) failed: Connection refused: localhost/127.0.0.1:15148
2024-10-07 19:12:06,445 [s0@group-F5D0649D4159-LeaderElection18] INFO  impl.LeaderElection (LogUtils.java:infoOrTrace(136)) - s0@group-F5D0649D4159-LeaderElection18 got exception when requesting votes: java.util.concurrent.ExecutionException: org.apache.ratis.thirdparty.io.netty.channel.AbstractChannel$AnnotatedConnectException: finishConnect(..) failed: Connection refused: localhost/127.0.0.1:15156
2024-10-07 19:12:06,557 [s1@group-F5D0649D4159-LeaderElection17] INFO  impl.LeaderElection (LeaderElection.java:logAndReturn(90)) - s1@group-F5D0649D4159-LeaderElection17: PRE_VOTE TIMEOUT received 1 response(s) and 2 exception(s):
2024-10-07 19:12:06,557 [s1@group-F5D0649D4159-LeaderElection17] INFO  impl.LeaderElection (LeaderElection.java:logAndReturn(94)) -   Response 0: s1<-s0#0:OK-t2
2024-10-07 19:12:06,557 [s1@group-F5D0649D4159-LeaderElection17] INFO  impl.LeaderElection (LogUtils.java:infoOrTrace(136)) -   Exception 1: java.util.concurrent.ExecutionException: org.apache.ratis.thirdparty.io.netty.channel.AbstractChannel$AnnotatedConnectException: finishConnect(..) failed: Connection refused: localhost/127.0.0.1:15148
2024-10-07 19:12:06,557 [s1@group-F5D0649D4159-LeaderElection17] INFO  impl.LeaderElection (LogUtils.java:infoOrTrace(136)) -   Exception 2: java.util.concurrent.ExecutionException: org.apache.ratis.thirdparty.io.netty.channel.AbstractChannel$AnnotatedConnectException: finishConnect(..) failed: Connection refused: localhost/127.0.0.1:15156
2024-10-07 19:12:06,558 [s1@group-F5D0649D4159-LeaderElection17] INFO  impl.LeaderElection (LeaderElection.java:askForVotes(339)) - s1@group-F5D0649D4159-LeaderElection17 PRE_VOTE round 21: result TIMEOUT
2024-10-07 19:12:06,558 [s1@group-F5D0649D4159-LeaderElection17] INFO  impl.LeaderElection (LeaderElection.java:askForVotes(337)) - s1@group-F5D0649D4159-LeaderElection17 PRE_VOTE round 22: submit vote requests at term 2 for conf: {index: 1, cur=peers:[s3|localhost:15152, s4|localhost:15156, s0|localhost:15140, s1|localhost:15144, s2|localhost:15148]|listeners:[], old=null}
2024-10-07 19:12:06,559 [NettyRpcService-workerGroup--thread3] INFO  server.RaftServer$Division (RaftServerImpl.java:requestVote(1443)) - s0@group-F5D0649D4159: receive requestVote(PRE_VOTE, s1, group-F5D0649D4159, 2, (t:2, i:2))
2024-10-07 19:12:06,559 [NettyRpcService-workerGroup--thread3] INFO  impl.VoteContext (VoteContext.java:log(49)) - s0@group-F5D0649D4159-CANDIDATE: accept PRE_VOTE from s1: our priority 0 <= candidate's priority 0
2024-10-07 19:12:06,559 [s1@group-F5D0649D4159-LeaderElection17] INFO  impl.LeaderElection (LogUtils.java:infoOrTrace(136)) - s1@group-F5D0649D4159-LeaderElection17 got exception when requesting votes: java.util.concurrent.ExecutionException: org.apache.ratis.thirdparty.io.netty.channel.AbstractChannel$AnnotatedConnectException: finishConnect(..) failed: Connection refused: localhost/127.0.0.1:15156
2024-10-07 19:12:06,559 [NettyRpcService-workerGroup--thread3] INFO  server.RaftServer$Division (RaftServerImpl.java:requestVote(1476)) - s0@group-F5D0649D4159 replies to PRE_VOTE vote request: s1<-s0#0:OK-t2. Peer's state: s0@group-F5D0649D4159:t2, leader=null, voted=s4, raftlog=Memoized:s0@group-F5D0649D4159-SegmentedRaftLog:OPENED:c2:last(t:2, i:2), conf=conf: {index: 1, cur=peers:[s3|localhost:15152, s4|localhost:15156, s0|localhost:15140, s1|localhost:15144, s2|localhost:15148]|listeners:[], old=null}
2024-10-07 19:12:06,560 [s1@group-F5D0649D4159-LeaderElection17] INFO  impl.LeaderElection (LogUtils.java:infoOrTrace(136)) - s1@group-F5D0649D4159-LeaderElection17 got exception when requesting votes: java.util.concurrent.ExecutionException: org.apache.ratis.thirdparty.io.netty.channel.AbstractChannel$AnnotatedConnectException: finishConnect(..) failed: Connection refused: localhost/127.0.0.1:15148
2024-10-07 19:12:06,691 [s0@group-F5D0649D4159-LeaderElection18] INFO  impl.LeaderElection (LeaderElection.java:logAndReturn(90)) - s0@group-F5D0649D4159-LeaderElection18: PRE_VOTE TIMEOUT received 1 response(s) and 2 exception(s):
2024-10-07 19:12:06,691 [s0@group-F5D0649D4159-LeaderElection18] INFO  impl.LeaderElection (LeaderElection.java:logAndReturn(94)) -   Response 0: s0<-s1#0:OK-t2
2024-10-07 19:12:06,691 [s0@group-F5D0649D4159-LeaderElection18] INFO  impl.LeaderElection (LogUtils.java:infoOrTrace(136)) -   Exception 1: java.util.concurrent.ExecutionException: org.apache.ratis.thirdparty.io.netty.channel.AbstractChannel$AnnotatedConnectException: finishConnect(..) failed: Connection refused: localhost/127.0.0.1:15148
2024-10-07 19:12:06,691 [s0@group-F5D0649D4159-LeaderElection18] INFO  impl.LeaderElection (LogUtils.java:infoOrTrace(136)) -   Exception 2: java.util.concurrent.ExecutionException: org.apache.ratis.thirdparty.io.netty.channel.AbstractChannel$AnnotatedConnectException: finishConnect(..) failed: Connection refused: localhost/127.0.0.1:15156
2024-10-07 19:12:06,692 [s0@group-F5D0649D4159-LeaderElection18] INFO  impl.LeaderElection (LeaderElection.java:askForVotes(339)) - s0@group-F5D0649D4159-LeaderElection18 PRE_VOTE round 4: result TIMEOUT
2024-10-07 19:12:06,692 [s0@group-F5D0649D4159-LeaderElection18] INFO  impl.LeaderElection (LeaderElection.java:askForVotes(337)) - s0@group-F5D0649D4159-LeaderElection18 PRE_VOTE round 5: submit vote requests at term 2 for conf: {index: 1, cur=peers:[s3|localhost:15152, s4|localhost:15156, s0|localhost:15140, s1|localhost:15144, s2|localhost:15148]|listeners:[], old=null}
2024-10-07 19:12:06,693 [NettyRpcService-workerGroup--thread3] INFO  server.RaftServer$Division (RaftServerImpl.java:requestVote(1443)) - s1@group-F5D0649D4159: receive requestVote(PRE_VOTE, s0, group-F5D0649D4159, 2, (t:2, i:2))
2024-10-07 19:12:06,693 [NettyRpcService-workerGroup--thread3] INFO  impl.VoteContext (VoteContext.java:log(49)) - s1@group-F5D0649D4159-CANDIDATE: accept PRE_VOTE from s0: our priority 0 <= candidate's priority 0
2024-10-07 19:12:06,693 [NettyRpcService-workerGroup--thread3] INFO  server.RaftServer$Division (RaftServerImpl.java:requestVote(1476)) - s1@group-F5D0649D4159 replies to PRE_VOTE vote request: s0<-s1#0:OK-t2. Peer's state: s1@group-F5D0649D4159:t2, leader=null, voted=s4, raftlog=Memoized:s1@group-F5D0649D4159-SegmentedRaftLog:OPENED:c2:last(t:2, i:2), conf=conf: {index: 1, cur=peers:[s3|localhost:15152, s4|localhost:15156, s0|localhost:15140, s1|localhost:15144, s2|localhost:15148]|listeners:[], old=null}
2024-10-07 19:12:06,693 [s0@group-F5D0649D4159-LeaderElection18] INFO  impl.LeaderElection (LogUtils.java:infoOrTrace(136)) - s0@group-F5D0649D4159-LeaderElection18 got exception when requesting votes: java.util.concurrent.ExecutionException: org.apache.ratis.thirdparty.io.netty.channel.AbstractChannel$AnnotatedConnectException: finishConnect(..) failed: Connection refused: localhost/127.0.0.1:15156
2024-10-07 19:12:06,693 [s0@group-F5D0649D4159-LeaderElection18] INFO  impl.LeaderElection (LogUtils.java:infoOrTrace(136)) - s0@group-F5D0649D4159-LeaderElection18 got exception when requesting votes: java.util.concurrent.ExecutionException: org.apache.ratis.thirdparty.io.netty.channel.AbstractChannel$AnnotatedConnectException: finishConnect(..) failed: Connection refused: localhost/127.0.0.1:15148
2024-10-07 19:12:06,792 [s1@group-F5D0649D4159-LeaderElection17] INFO  impl.LeaderElection (LeaderElection.java:logAndReturn(90)) - s1@group-F5D0649D4159-LeaderElection17: PRE_VOTE TIMEOUT received 1 response(s) and 2 exception(s):
2024-10-07 19:12:06,792 [s1@group-F5D0649D4159-LeaderElection17] INFO  impl.LeaderElection (LeaderElection.java:logAndReturn(94)) -   Response 0: s1<-s0#0:OK-t2
2024-10-07 19:12:06,792 [s1@group-F5D0649D4159-LeaderElection17] INFO  impl.LeaderElection (LogUtils.java:infoOrTrace(136)) -   Exception 1: java.util.concurrent.ExecutionException: org.apache.ratis.thirdparty.io.netty.channel.AbstractChannel$AnnotatedConnectException: finishConnect(..) failed: Connection refused: localhost/127.0.0.1:15156
2024-10-07 19:12:06,792 [s1@group-F5D0649D4159-LeaderElection17] INFO  impl.LeaderElection (LogUtils.java:infoOrTrace(136)) -   Exception 2: java.util.concurrent.ExecutionException: org.apache.ratis.thirdparty.io.netty.channel.AbstractChannel$AnnotatedConnectException: finishConnect(..) failed: Connection refused: localhost/127.0.0.1:15148
2024-10-07 19:12:06,792 [s1@group-F5D0649D4159-LeaderElection17] INFO  impl.LeaderElection (LeaderElection.java:askForVotes(339)) - s1@group-F5D0649D4159-LeaderElection17 PRE_VOTE round 22: result TIMEOUT
2024-10-07 19:12:06,792 [s1@group-F5D0649D4159-LeaderElection17] INFO  impl.LeaderElection (LeaderElection.java:askForVotes(337)) - s1@group-F5D0649D4159-LeaderElection17 PRE_VOTE round 23: submit vote requests at term 2 for conf: {index: 1, cur=peers:[s3|localhost:15152, s4|localhost:15156, s0|localhost:15140, s1|localhost:15144, s2|localhost:15148]|listeners:[], old=null}
2024-10-07 19:12:06,793 [NettyRpcService-workerGroup--thread3] INFO  server.RaftServer$Division (RaftServerImpl.java:requestVote(1443)) - s0@group-F5D0649D4159: receive requestVote(PRE_VOTE, s1, group-F5D0649D4159, 2, (t:2, i:2))
2024-10-07 19:12:06,793 [NettyRpcService-workerGroup--thread3] INFO  impl.VoteContext (VoteContext.java:log(49)) - s0@group-F5D0649D4159-CANDIDATE: accept PRE_VOTE from s1: our priority 0 <= candidate's priority 0
2024-10-07 19:12:06,793 [NettyRpcService-workerGroup--thread3] INFO  server.RaftServer$Division (RaftServerImpl.java:requestVote(1476)) - s0@group-F5D0649D4159 replies to PRE_VOTE vote request: s1<-s0#0:OK-t2. Peer's state: s0@group-F5D0649D4159:t2, leader=null, voted=s4, raftlog=Memoized:s0@group-F5D0649D4159-SegmentedRaftLog:OPENED:c2:last(t:2, i:2), conf=conf: {index: 1, cur=peers:[s3|localhost:15152, s4|localhost:15156, s0|localhost:15140, s1|localhost:15144, s2|localhost:15148]|listeners:[], old=null}
2024-10-07 19:12:06,793 [s1@group-F5D0649D4159-LeaderElection17] INFO  impl.LeaderElection (LogUtils.java:infoOrTrace(136)) - s1@group-F5D0649D4159-LeaderElection17 got exception when requesting votes: java.util.concurrent.ExecutionException: org.apache.ratis.thirdparty.io.netty.channel.AbstractChannel$AnnotatedConnectException: finishConnect(..) failed: Connection refused: localhost/127.0.0.1:15156
2024-10-07 19:12:06,795 [s1@group-F5D0649D4159-LeaderElection17] INFO  impl.LeaderElection (LogUtils.java:infoOrTrace(136)) - s1@group-F5D0649D4159-LeaderElection17 got exception when requesting votes: java.util.concurrent.ExecutionException: org.apache.ratis.thirdparty.io.netty.channel.AbstractChannel$AnnotatedConnectException: finishConnect(..) failed: Connection refused: localhost/127.0.0.1:15148
2024-10-07 19:12:06,834 [main] WARN  ratis.RaftTestUtil (RaftTestUtil.java:lambda$waitForLeader$3(126)) - Attempt #12 failed: java.lang.IllegalStateException: No leader yet : printing ALL groups
  s3:  RUNNING  FOLLOWER s3@group-F5D0649D4159:t1, leader=null, voted=null, raftlog=Memoized:s3@group-F5D0649D4159-SegmentedRaftLog:OPENED:c-1:lastnull, conf=conf: {index: -1, cur=peers:[s3|localhost:15152, s4|localhost:15156, s0|localhost:15140, s1|localhost:15144, s2|localhost:15148]|listeners:[], old=null} RUNNING
  s4:   CLOSED    LEADER s4@group-F5D0649D4159:t2, leader=s4, voted=s4, raftlog=Memoized:s4@group-F5D0649D4159-SegmentedRaftLog:CLOSED:c2, conf=conf: {index: 1, cur=peers:[s3|localhost:15152, s4|localhost:15156, s0|localhost:15140, s1|localhost:15144, s2|localhost:15148]|listeners:[], old=null} CLOSED
  s0:  RUNNING CANDIDATE s0@group-F5D0649D4159:t2, leader=null, voted=s4, raftlog=Memoized:s0@group-F5D0649D4159-SegmentedRaftLog:OPENED:c2:last(t:2, i:2), conf=conf: {index: 1, cur=peers:[s3|localhost:15152, s4|localhost:15156, s0|localhost:15140, s1|localhost:15144, s2|localhost:15148]|listeners:[], old=null} RUNNING
  s1:  RUNNING CANDIDATE s1@group-F5D0649D4159:t2, leader=null, voted=s4, raftlog=Memoized:s1@group-F5D0649D4159-SegmentedRaftLog:OPENED:c2:last(t:2, i:2), conf=conf: {index: 1, cur=peers:[s3|localhost:15152, s4|localhost:15156, s0|localhost:15140, s1|localhost:15144, s2|localhost:15148]|listeners:[], old=null} RUNNING
  s2:   CLOSED    LEADER s2@group-F5D0649D4159:t1, leader=s2, voted=s2, raftlog=Memoized:s2@group-F5D0649D4159-SegmentedRaftLog:CLOSED:c0, conf=conf: {index: 0, cur=peers:[s3|localhost:15152, s4|localhost:15156, s0|localhost:15140, s1|localhost:15144, s2|localhost:15148]|listeners:[], old=null} CLOSED
2024-10-07 19:12:06,843 [s0@group-F5D0649D4159-LeaderElection18] INFO  impl.LeaderElection (LeaderElection.java:logAndReturn(90)) - s0@group-F5D0649D4159-LeaderElection18: PRE_VOTE TIMEOUT received 1 response(s) and 2 exception(s):
2024-10-07 19:12:06,843 [s0@group-F5D0649D4159-LeaderElection18] INFO  impl.LeaderElection (LeaderElection.java:logAndReturn(94)) -   Response 0: s0<-s1#0:OK-t2
2024-10-07 19:12:06,843 [s0@group-F5D0649D4159-LeaderElection18] INFO  impl.LeaderElection (LogUtils.java:infoOrTrace(136)) -   Exception 1: java.util.concurrent.ExecutionException: org.apache.ratis.thirdparty.io.netty.channel.AbstractChannel$AnnotatedConnectException: finishConnect(..) failed: Connection refused: localhost/127.0.0.1:15156
2024-10-07 19:12:06,844 [s0@group-F5D0649D4159-LeaderElection18] INFO  impl.LeaderElection (LogUtils.java:infoOrTrace(136)) -   Exception 2: java.util.concurrent.ExecutionException: org.apache.ratis.thirdparty.io.netty.channel.AbstractChannel$AnnotatedConnectException: finishConnect(..) failed: Connection refused: localhost/127.0.0.1:15148
2024-10-07 19:12:06,844 [s0@group-F5D0649D4159-LeaderElection18] INFO  impl.LeaderElection (LeaderElection.java:askForVotes(339)) - s0@group-F5D0649D4159-LeaderElection18 PRE_VOTE round 5: result TIMEOUT
2024-10-07 19:12:06,844 [s0@group-F5D0649D4159-LeaderElection18] INFO  impl.LeaderElection (LeaderElection.java:askForVotes(337)) - s0@group-F5D0649D4159-LeaderElection18 PRE_VOTE round 6: submit vote requests at term 2 for conf: {index: 1, cur=peers:[s3|localhost:15152, s4|localhost:15156, s0|localhost:15140, s1|localhost:15144, s2|localhost:15148]|listeners:[], old=null}
2024-10-07 19:12:06,845 [NettyRpcService-workerGroup--thread3] INFO  server.RaftServer$Division (RaftServerImpl.java:requestVote(1443)) - s1@group-F5D0649D4159: receive requestVote(PRE_VOTE, s0, group-F5D0649D4159, 2, (t:2, i:2))
2024-10-07 19:12:06,845 [NettyRpcService-workerGroup--thread3] INFO  impl.VoteContext (VoteContext.java:log(49)) - s1@group-F5D0649D4159-CANDIDATE: accept PRE_VOTE from s0: our priority 0 <= candidate's priority 0
2024-10-07 19:12:06,846 [s0@group-F5D0649D4159-LeaderElection18] INFO  impl.LeaderElection (LogUtils.java:infoOrTrace(136)) - s0@group-F5D0649D4159-LeaderElection18 got exception when requesting votes: java.util.concurrent.ExecutionException: org.apache.ratis.thirdparty.io.netty.channel.AbstractChannel$AnnotatedConnectException: finishConnect(..) failed: Connection refused: localhost/127.0.0.1:15156
2024-10-07 19:12:06,846 [NettyRpcService-workerGroup--thread3] INFO  server.RaftServer$Division (RaftServerImpl.java:requestVote(1476)) - s1@group-F5D0649D4159 replies to PRE_VOTE vote request: s0<-s1#0:OK-t2. Peer's state: s1@group-F5D0649D4159:t2, leader=null, voted=s4, raftlog=Memoized:s1@group-F5D0649D4159-SegmentedRaftLog:OPENED:c2:last(t:2, i:2), conf=conf: {index: 1, cur=peers:[s3|localhost:15152, s4|localhost:15156, s0|localhost:15140, s1|localhost:15144, s2|localhost:15148]|listeners:[], old=null}
2024-10-07 19:12:06,846 [s0@group-F5D0649D4159-LeaderElection18] INFO  impl.LeaderElection (LogUtils.java:infoOrTrace(136)) - s0@group-F5D0649D4159-LeaderElection18 got exception when requesting votes: java.util.concurrent.ExecutionException: org.apache.ratis.thirdparty.io.netty.channel.AbstractChannel$AnnotatedConnectException: finishConnect(..) failed: Connection refused: localhost/127.0.0.1:15148
2024-10-07 19:12:07,059 [s1@group-F5D0649D4159-LeaderElection17] INFO  impl.LeaderElection (LeaderElection.java:logAndReturn(90)) - s1@group-F5D0649D4159-LeaderElection17: PRE_VOTE TIMEOUT received 1 response(s) and 2 exception(s):
2024-10-07 19:12:07,059 [s1@group-F5D0649D4159-LeaderElection17] INFO  impl.LeaderElection (LeaderElection.java:logAndReturn(94)) -   Response 0: s1<-s0#0:OK-t2
2024-10-07 19:12:07,059 [s1@group-F5D0649D4159-LeaderElection17] INFO  impl.LeaderElection (LogUtils.java:infoOrTrace(136)) -   Exception 1: java.util.concurrent.ExecutionException: org.apache.ratis.thirdparty.io.netty.channel.AbstractChannel$AnnotatedConnectException: finishConnect(..) failed: Connection refused: localhost/127.0.0.1:15156
2024-10-07 19:12:07,059 [s1@group-F5D0649D4159-LeaderElection17] INFO  impl.LeaderElection (LogUtils.java:infoOrTrace(136)) -   Exception 2: java.util.concurrent.ExecutionException: org.apache.ratis.thirdparty.io.netty.channel.AbstractChannel$AnnotatedConnectException: finishConnect(..) failed: Connection refused: localhost/127.0.0.1:15148
2024-10-07 19:12:07,059 [s1@group-F5D0649D4159-LeaderElection17] INFO  impl.LeaderElection (LeaderElection.java:askForVotes(339)) - s1@group-F5D0649D4159-LeaderElection17 PRE_VOTE round 23: result TIMEOUT
2024-10-07 19:12:07,059 [s1@group-F5D0649D4159-LeaderElection17] INFO  impl.LeaderElection (LeaderElection.java:askForVotes(337)) - s1@group-F5D0649D4159-LeaderElection17 PRE_VOTE round 24: submit vote requests at term 2 for conf: {index: 1, cur=peers:[s3|localhost:15152, s4|localhost:15156, s0|localhost:15140, s1|localhost:15144, s2|localhost:15148]|listeners:[], old=null}
2024-10-07 19:12:07,060 [NettyRpcService-workerGroup--thread3] INFO  server.RaftServer$Division (RaftServerImpl.java:requestVote(1443)) - s0@group-F5D0649D4159: receive requestVote(PRE_VOTE, s1, group-F5D0649D4159, 2, (t:2, i:2))
2024-10-07 19:12:07,060 [NettyRpcService-workerGroup--thread3] INFO  impl.VoteContext (VoteContext.java:log(49)) - s0@group-F5D0649D4159-CANDIDATE: accept PRE_VOTE from s1: our priority 0 <= candidate's priority 0
2024-10-07 19:12:07,060 [NettyRpcService-workerGroup--thread3] INFO  server.RaftServer$Division (RaftServerImpl.java:requestVote(1476)) - s0@group-F5D0649D4159 replies to PRE_VOTE vote request: s1<-s0#0:OK-t2. Peer's state: s0@group-F5D0649D4159:t2, leader=null, voted=s4, raftlog=Memoized:s0@group-F5D0649D4159-SegmentedRaftLog:OPENED:c2:last(t:2, i:2), conf=conf: {index: 1, cur=peers:[s3|localhost:15152, s4|localhost:15156, s0|localhost:15140, s1|localhost:15144, s2|localhost:15148]|listeners:[], old=null}
2024-10-07 19:12:07,060 [s1@group-F5D0649D4159-LeaderElection17] INFO  impl.LeaderElection (LogUtils.java:infoOrTrace(136)) - s1@group-F5D0649D4159-LeaderElection17 got exception when requesting votes: java.util.concurrent.ExecutionException: org.apache.ratis.thirdparty.io.netty.channel.AbstractChannel$AnnotatedConnectException: finishConnect(..) failed: Connection refused: localhost/127.0.0.1:15156
2024-10-07 19:12:07,061 [s1@group-F5D0649D4159-LeaderElection17] INFO  impl.LeaderElection (LogUtils.java:infoOrTrace(136)) - s1@group-F5D0649D4159-LeaderElection17 got exception when requesting votes: java.util.concurrent.ExecutionException: org.apache.ratis.thirdparty.io.netty.channel.AbstractChannel$AnnotatedConnectException: finishConnect(..) failed: Connection refused: localhost/127.0.0.1:15148
2024-10-07 19:12:07,063 [s0@group-F5D0649D4159-LeaderElection18] INFO  impl.LeaderElection (LeaderElection.java:logAndReturn(90)) - s0@group-F5D0649D4159-LeaderElection18: PRE_VOTE TIMEOUT received 1 response(s) and 2 exception(s):
2024-10-07 19:12:07,063 [s0@group-F5D0649D4159-LeaderElection18] INFO  impl.LeaderElection (LeaderElection.java:logAndReturn(94)) -   Response 0: s0<-s1#0:OK-t2
2024-10-07 19:12:07,063 [s0@group-F5D0649D4159-LeaderElection18] INFO  impl.LeaderElection (LogUtils.java:infoOrTrace(136)) -   Exception 1: java.util.concurrent.ExecutionException: org.apache.ratis.thirdparty.io.netty.channel.AbstractChannel$AnnotatedConnectException: finishConnect(..) failed: Connection refused: localhost/127.0.0.1:15156
2024-10-07 19:12:07,063 [s0@group-F5D0649D4159-LeaderElection18] INFO  impl.LeaderElection (LogUtils.java:infoOrTrace(136)) -   Exception 2: java.util.concurrent.ExecutionException: org.apache.ratis.thirdparty.io.netty.channel.AbstractChannel$AnnotatedConnectException: finishConnect(..) failed: Connection refused: localhost/127.0.0.1:15148
2024-10-07 19:12:07,063 [s0@group-F5D0649D4159-LeaderElection18] INFO  impl.LeaderElection (LeaderElection.java:askForVotes(339)) - s0@group-F5D0649D4159-LeaderElection18 PRE_VOTE round 6: result TIMEOUT
2024-10-07 19:12:07,063 [s0@group-F5D0649D4159-LeaderElection18] INFO  impl.LeaderElection (LeaderElection.java:askForVotes(337)) - s0@group-F5D0649D4159-LeaderElection18 PRE_VOTE round 7: submit vote requests at term 2 for conf: {index: 1, cur=peers:[s3|localhost:15152, s4|localhost:15156, s0|localhost:15140, s1|localhost:15144, s2|localhost:15148]|listeners:[], old=null}
2024-10-07 19:12:07,064 [NettyRpcService-workerGroup--thread3] INFO  server.RaftServer$Division (RaftServerImpl.java:requestVote(1443)) - s1@group-F5D0649D4159: receive requestVote(PRE_VOTE, s0, group-F5D0649D4159, 2, (t:2, i:2))
2024-10-07 19:12:07,064 [NettyRpcService-workerGroup--thread3] INFO  impl.VoteContext (VoteContext.java:log(49)) - s1@group-F5D0649D4159-CANDIDATE: accept PRE_VOTE from s0: our priority 0 <= candidate's priority 0
2024-10-07 19:12:07,064 [NettyRpcService-workerGroup--thread3] INFO  server.RaftServer$Division (RaftServerImpl.java:requestVote(1476)) - s1@group-F5D0649D4159 replies to PRE_VOTE vote request: s0<-s1#0:OK-t2. Peer's state: s1@group-F5D0649D4159:t2, leader=null, voted=s4, raftlog=Memoized:s1@group-F5D0649D4159-SegmentedRaftLog:OPENED:c2:last(t:2, i:2), conf=conf: {index: 1, cur=peers:[s3|localhost:15152, s4|localhost:15156, s0|localhost:15140, s1|localhost:15144, s2|localhost:15148]|listeners:[], old=null}
2024-10-07 19:12:07,064 [s0@group-F5D0649D4159-LeaderElection18] INFO  impl.LeaderElection (LogUtils.java:infoOrTrace(136)) - s0@group-F5D0649D4159-LeaderElection18 got exception when requesting votes: java.util.concurrent.ExecutionException: org.apache.ratis.thirdparty.io.netty.channel.AbstractChannel$AnnotatedConnectException: finishConnect(..) failed: Connection refused: localhost/127.0.0.1:15148
2024-10-07 19:12:07,065 [s0@group-F5D0649D4159-LeaderElection18] INFO  impl.LeaderElection (LogUtils.java:infoOrTrace(136)) - s0@group-F5D0649D4159-LeaderElection18 got exception when requesting votes: java.util.concurrent.ExecutionException: org.apache.ratis.thirdparty.io.netty.channel.AbstractChannel$AnnotatedConnectException: finishConnect(..) failed: Connection refused: localhost/127.0.0.1:15156
2024-10-07 19:12:07,227 [s0@group-F5D0649D4159-LeaderElection18] INFO  impl.LeaderElection (LeaderElection.java:logAndReturn(90)) - s0@group-F5D0649D4159-LeaderElection18: PRE_VOTE TIMEOUT received 1 response(s) and 2 exception(s):
2024-10-07 19:12:07,227 [s0@group-F5D0649D4159-LeaderElection18] INFO  impl.LeaderElection (LeaderElection.java:logAndReturn(94)) -   Response 0: s0<-s1#0:OK-t2
2024-10-07 19:12:07,227 [s0@group-F5D0649D4159-LeaderElection18] INFO  impl.LeaderElection (LogUtils.java:infoOrTrace(136)) -   Exception 1: java.util.concurrent.ExecutionException: org.apache.ratis.thirdparty.io.netty.channel.AbstractChannel$AnnotatedConnectException: finishConnect(..) failed: Connection refused: localhost/127.0.0.1:15148
2024-10-07 19:12:07,227 [s0@group-F5D0649D4159-LeaderElection18] INFO  impl.LeaderElection (LogUtils.java:infoOrTrace(136)) -   Exception 2: java.util.concurrent.ExecutionException: org.apache.ratis.thirdparty.io.netty.channel.AbstractChannel$AnnotatedConnectException: finishConnect(..) failed: Connection refused: localhost/127.0.0.1:15156
2024-10-07 19:12:07,227 [s0@group-F5D0649D4159-LeaderElection18] INFO  impl.LeaderElection (LeaderElection.java:askForVotes(339)) - s0@group-F5D0649D4159-LeaderElection18 PRE_VOTE round 7: result TIMEOUT
2024-10-07 19:12:07,228 [s0@group-F5D0649D4159-LeaderElection18] INFO  impl.LeaderElection (LeaderElection.java:askForVotes(337)) - s0@group-F5D0649D4159-LeaderElection18 PRE_VOTE round 8: submit vote requests at term 2 for conf: {index: 1, cur=peers:[s3|localhost:15152, s4|localhost:15156, s0|localhost:15140, s1|localhost:15144, s2|localhost:15148]|listeners:[], old=null}
2024-10-07 19:12:07,229 [NettyRpcService-workerGroup--thread3] INFO  server.RaftServer$Division (RaftServerImpl.java:requestVote(1443)) - s1@group-F5D0649D4159: receive requestVote(PRE_VOTE, s0, group-F5D0649D4159, 2, (t:2, i:2))
2024-10-07 19:12:07,229 [NettyRpcService-workerGroup--thread3] INFO  impl.VoteContext (VoteContext.java:log(49)) - s1@group-F5D0649D4159-CANDIDATE: accept PRE_VOTE from s0: our priority 0 <= candidate's priority 0
2024-10-07 19:12:07,229 [s0@group-F5D0649D4159-LeaderElection18] INFO  impl.LeaderElection (LogUtils.java:infoOrTrace(136)) - s0@group-F5D0649D4159-LeaderElection18 got exception when requesting votes: java.util.concurrent.ExecutionException: org.apache.ratis.thirdparty.io.netty.channel.AbstractChannel$AnnotatedConnectException: finishConnect(..) failed: Connection refused: localhost/127.0.0.1:15156
2024-10-07 19:12:07,229 [NettyRpcService-workerGroup--thread3] INFO  server.RaftServer$Division (RaftServerImpl.java:requestVote(1476)) - s1@group-F5D0649D4159 replies to PRE_VOTE vote request: s0<-s1#0:OK-t2. Peer's state: s1@group-F5D0649D4159:t2, leader=null, voted=s4, raftlog=Memoized:s1@group-F5D0649D4159-SegmentedRaftLog:OPENED:c2:last(t:2, i:2), conf=conf: {index: 1, cur=peers:[s3|localhost:15152, s4|localhost:15156, s0|localhost:15140, s1|localhost:15144, s2|localhost:15148]|listeners:[], old=null}
2024-10-07 19:12:07,229 [s0@group-F5D0649D4159-LeaderElection18] INFO  impl.LeaderElection (LogUtils.java:infoOrTrace(136)) - s0@group-F5D0649D4159-LeaderElection18 got exception when requesting votes: java.util.concurrent.ExecutionException: org.apache.ratis.thirdparty.io.netty.channel.AbstractChannel$AnnotatedConnectException: finishConnect(..) failed: Connection refused: localhost/127.0.0.1:15148
2024-10-07 19:12:07,274 [s1@group-F5D0649D4159-LeaderElection17] INFO  impl.LeaderElection (LeaderElection.java:logAndReturn(90)) - s1@group-F5D0649D4159-LeaderElection17: PRE_VOTE TIMEOUT received 1 response(s) and 2 exception(s):
2024-10-07 19:12:07,274 [s1@group-F5D0649D4159-LeaderElection17] INFO  impl.LeaderElection (LeaderElection.java:logAndReturn(94)) -   Response 0: s1<-s0#0:OK-t2
2024-10-07 19:12:07,274 [s1@group-F5D0649D4159-LeaderElection17] INFO  impl.LeaderElection (LogUtils.java:infoOrTrace(136)) -   Exception 1: java.util.concurrent.ExecutionException: org.apache.ratis.thirdparty.io.netty.channel.AbstractChannel$AnnotatedConnectException: finishConnect(..) failed: Connection refused: localhost/127.0.0.1:15156
2024-10-07 19:12:07,274 [s1@group-F5D0649D4159-LeaderElection17] INFO  impl.LeaderElection (LogUtils.java:infoOrTrace(136)) -   Exception 2: java.util.concurrent.ExecutionException: org.apache.ratis.thirdparty.io.netty.channel.AbstractChannel$AnnotatedConnectException: finishConnect(..) failed: Connection refused: localhost/127.0.0.1:15148
2024-10-07 19:12:07,274 [s1@group-F5D0649D4159-LeaderElection17] INFO  impl.LeaderElection (LeaderElection.java:askForVotes(339)) - s1@group-F5D0649D4159-LeaderElection17 PRE_VOTE round 24: result TIMEOUT
2024-10-07 19:12:07,274 [s1@group-F5D0649D4159-LeaderElection17] INFO  impl.LeaderElection (LeaderElection.java:askForVotes(337)) - s1@group-F5D0649D4159-LeaderElection17 PRE_VOTE round 25: submit vote requests at term 2 for conf: {index: 1, cur=peers:[s3|localhost:15152, s4|localhost:15156, s0|localhost:15140, s1|localhost:15144, s2|localhost:15148]|listeners:[], old=null}
2024-10-07 19:12:07,275 [NettyRpcService-workerGroup--thread3] INFO  server.RaftServer$Division (RaftServerImpl.java:requestVote(1443)) - s0@group-F5D0649D4159: receive requestVote(PRE_VOTE, s1, group-F5D0649D4159, 2, (t:2, i:2))
2024-10-07 19:12:07,275 [NettyRpcService-workerGroup--thread3] INFO  impl.VoteContext (VoteContext.java:log(49)) - s0@group-F5D0649D4159-CANDIDATE: accept PRE_VOTE from s1: our priority 0 <= candidate's priority 0
2024-10-07 19:12:07,276 [NettyRpcService-workerGroup--thread3] INFO  server.RaftServer$Division (RaftServerImpl.java:requestVote(1476)) - s0@group-F5D0649D4159 replies to PRE_VOTE vote request: s1<-s0#0:OK-t2. Peer's state: s0@group-F5D0649D4159:t2, leader=null, voted=s4, raftlog=Memoized:s0@group-F5D0649D4159-SegmentedRaftLog:OPENED:c2:last(t:2, i:2), conf=conf: {index: 1, cur=peers:[s3|localhost:15152, s4|localhost:15156, s0|localhost:15140, s1|localhost:15144, s2|localhost:15148]|listeners:[], old=null}
2024-10-07 19:12:07,276 [s1@group-F5D0649D4159-LeaderElection17] INFO  impl.LeaderElection (LogUtils.java:infoOrTrace(136)) - s1@group-F5D0649D4159-LeaderElection17 got exception when requesting votes: java.util.concurrent.ExecutionException: org.apache.ratis.thirdparty.io.netty.channel.AbstractChannel$AnnotatedConnectException: finishConnect(..) failed: Connection refused: localhost/127.0.0.1:15148
2024-10-07 19:12:07,276 [s1@group-F5D0649D4159-LeaderElection17] INFO  impl.LeaderElection (LogUtils.java:infoOrTrace(136)) - s1@group-F5D0649D4159-LeaderElection17 got exception when requesting votes: java.util.concurrent.ExecutionException: org.apache.ratis.thirdparty.io.netty.channel.AbstractChannel$AnnotatedConnectException: finishConnect(..) failed: Connection refused: localhost/127.0.0.1:15156
2024-10-07 19:12:07,285 [main] WARN  ratis.RaftTestUtil (RaftTestUtil.java:lambda$waitForLeader$3(126)) - Attempt #13 failed: java.lang.IllegalStateException: No leader yet : printing ALL groups
  s3:  RUNNING  FOLLOWER s3@group-F5D0649D4159:t1, leader=null, voted=null, raftlog=Memoized:s3@group-F5D0649D4159-SegmentedRaftLog:OPENED:c-1:lastnull, conf=conf: {index: -1, cur=peers:[s3|localhost:15152, s4|localhost:15156, s0|localhost:15140, s1|localhost:15144, s2|localhost:15148]|listeners:[], old=null} RUNNING
  s4:   CLOSED    LEADER s4@group-F5D0649D4159:t2, leader=s4, voted=s4, raftlog=Memoized:s4@group-F5D0649D4159-SegmentedRaftLog:CLOSED:c2, conf=conf: {index: 1, cur=peers:[s3|localhost:15152, s4|localhost:15156, s0|localhost:15140, s1|localhost:15144, s2|localhost:15148]|listeners:[], old=null} CLOSED
  s0:  RUNNING CANDIDATE s0@group-F5D0649D4159:t2, leader=null, voted=s4, raftlog=Memoized:s0@group-F5D0649D4159-SegmentedRaftLog:OPENED:c2:last(t:2, i:2), conf=conf: {index: 1, cur=peers:[s3|localhost:15152, s4|localhost:15156, s0|localhost:15140, s1|localhost:15144, s2|localhost:15148]|listeners:[], old=null} RUNNING
  s1:  RUNNING CANDIDATE s1@group-F5D0649D4159:t2, leader=null, voted=s4, raftlog=Memoized:s1@group-F5D0649D4159-SegmentedRaftLog:OPENED:c2:last(t:2, i:2), conf=conf: {index: 1, cur=peers:[s3|localhost:15152, s4|localhost:15156, s0|localhost:15140, s1|localhost:15144, s2|localhost:15148]|listeners:[], old=null} RUNNING
  s2:   CLOSED    LEADER s2@group-F5D0649D4159:t1, leader=s2, voted=s2, raftlog=Memoized:s2@group-F5D0649D4159-SegmentedRaftLog:CLOSED:c0, conf=conf: {index: 0, cur=peers:[s3|localhost:15152, s4|localhost:15156, s0|localhost:15140, s1|localhost:15144, s2|localhost:15148]|listeners:[], old=null} CLOSED
2024-10-07 19:12:07,383 [s0@group-F5D0649D4159-LeaderElection18] INFO  impl.LeaderElection (LeaderElection.java:logAndReturn(90)) - s0@group-F5D0649D4159-LeaderElection18: PRE_VOTE TIMEOUT received 1 response(s) and 2 exception(s):
2024-10-07 19:12:07,383 [s0@group-F5D0649D4159-LeaderElection18] INFO  impl.LeaderElection (LeaderElection.java:logAndReturn(94)) -   Response 0: s0<-s1#0:OK-t2
2024-10-07 19:12:07,383 [s0@group-F5D0649D4159-LeaderElection18] INFO  impl.LeaderElection (LogUtils.java:infoOrTrace(136)) -   Exception 1: java.util.concurrent.ExecutionException: org.apache.ratis.thirdparty.io.netty.channel.AbstractChannel$AnnotatedConnectException: finishConnect(..) failed: Connection refused: localhost/127.0.0.1:15156
2024-10-07 19:12:07,383 [s0@group-F5D0649D4159-LeaderElection18] INFO  impl.LeaderElection (LogUtils.java:infoOrTrace(136)) -   Exception 2: java.util.concurrent.ExecutionException: org.apache.ratis.thirdparty.io.netty.channel.AbstractChannel$AnnotatedConnectException: finishConnect(..) failed: Connection refused: localhost/127.0.0.1:15148
2024-10-07 19:12:07,383 [s0@group-F5D0649D4159-LeaderElection18] INFO  impl.LeaderElection (LeaderElection.java:askForVotes(339)) - s0@group-F5D0649D4159-LeaderElection18 PRE_VOTE round 8: result TIMEOUT
2024-10-07 19:12:07,383 [s0@group-F5D0649D4159-LeaderElection18] INFO  impl.LeaderElection (LeaderElection.java:askForVotes(337)) - s0@group-F5D0649D4159-LeaderElection18 PRE_VOTE round 9: submit vote requests at term 2 for conf: {index: 1, cur=peers:[s3|localhost:15152, s4|localhost:15156, s0|localhost:15140, s1|localhost:15144, s2|localhost:15148]|listeners:[], old=null}
2024-10-07 19:12:07,384 [NettyRpcService-workerGroup--thread3] INFO  server.RaftServer$Division (RaftServerImpl.java:requestVote(1443)) - s1@group-F5D0649D4159: receive requestVote(PRE_VOTE, s0, group-F5D0649D4159, 2, (t:2, i:2))
2024-10-07 19:12:07,384 [s0@group-F5D0649D4159-LeaderElection18] INFO  impl.LeaderElection (LogUtils.java:infoOrTrace(136)) - s0@group-F5D0649D4159-LeaderElection18 got exception when requesting votes: java.util.concurrent.ExecutionException: org.apache.ratis.thirdparty.io.netty.channel.AbstractChannel$AnnotatedConnectException: finishConnect(..) failed: Connection refused: localhost/127.0.0.1:15156
2024-10-07 19:12:07,385 [NettyRpcService-workerGroup--thread3] INFO  impl.VoteContext (VoteContext.java:log(49)) - s1@group-F5D0649D4159-CANDIDATE: accept PRE_VOTE from s0: our priority 0 <= candidate's priority 0
2024-10-07 19:12:07,385 [NettyRpcService-workerGroup--thread3] INFO  server.RaftServer$Division (RaftServerImpl.java:requestVote(1476)) - s1@group-F5D0649D4159 replies to PRE_VOTE vote request: s0<-s1#0:OK-t2. Peer's state: s1@group-F5D0649D4159:t2, leader=null, voted=s4, raftlog=Memoized:s1@group-F5D0649D4159-SegmentedRaftLog:OPENED:c2:last(t:2, i:2), conf=conf: {index: 1, cur=peers:[s3|localhost:15152, s4|localhost:15156, s0|localhost:15140, s1|localhost:15144, s2|localhost:15148]|listeners:[], old=null}
2024-10-07 19:12:07,385 [s0@group-F5D0649D4159-LeaderElection18] INFO  impl.LeaderElection (LogUtils.java:infoOrTrace(136)) - s0@group-F5D0649D4159-LeaderElection18 got exception when requesting votes: java.util.concurrent.ExecutionException: org.apache.ratis.thirdparty.io.netty.channel.AbstractChannel$AnnotatedConnectException: finishConnect(..) failed: Connection refused: localhost/127.0.0.1:15148
2024-10-07 19:12:07,520 [s1@group-F5D0649D4159-LeaderElection17] INFO  impl.LeaderElection (LeaderElection.java:logAndReturn(90)) - s1@group-F5D0649D4159-LeaderElection17: PRE_VOTE TIMEOUT received 1 response(s) and 2 exception(s):
2024-10-07 19:12:07,520 [s1@group-F5D0649D4159-LeaderElection17] INFO  impl.LeaderElection (LeaderElection.java:logAndReturn(94)) -   Response 0: s1<-s0#0:OK-t2
2024-10-07 19:12:07,520 [s1@group-F5D0649D4159-LeaderElection17] INFO  impl.LeaderElection (LogUtils.java:infoOrTrace(136)) -   Exception 1: java.util.concurrent.ExecutionException: org.apache.ratis.thirdparty.io.netty.channel.AbstractChannel$AnnotatedConnectException: finishConnect(..) failed: Connection refused: localhost/127.0.0.1:15148
2024-10-07 19:12:07,520 [s1@group-F5D0649D4159-LeaderElection17] INFO  impl.LeaderElection (LogUtils.java:infoOrTrace(136)) -   Exception 2: java.util.concurrent.ExecutionException: org.apache.ratis.thirdparty.io.netty.channel.AbstractChannel$AnnotatedConnectException: finishConnect(..) failed: Connection refused: localhost/127.0.0.1:15156
2024-10-07 19:12:07,520 [s1@group-F5D0649D4159-LeaderElection17] INFO  impl.LeaderElection (LeaderElection.java:askForVotes(339)) - s1@group-F5D0649D4159-LeaderElection17 PRE_VOTE round 25: result TIMEOUT
2024-10-07 19:12:07,521 [s1@group-F5D0649D4159-LeaderElection17] INFO  impl.LeaderElection (LeaderElection.java:askForVotes(337)) - s1@group-F5D0649D4159-LeaderElection17 PRE_VOTE round 26: submit vote requests at term 2 for conf: {index: 1, cur=peers:[s3|localhost:15152, s4|localhost:15156, s0|localhost:15140, s1|localhost:15144, s2|localhost:15148]|listeners:[], old=null}
2024-10-07 19:12:07,522 [NettyRpcService-workerGroup--thread3] INFO  server.RaftServer$Division (RaftServerImpl.java:requestVote(1443)) - s0@group-F5D0649D4159: receive requestVote(PRE_VOTE, s1, group-F5D0649D4159, 2, (t:2, i:2))
2024-10-07 19:12:07,522 [NettyRpcService-workerGroup--thread3] INFO  impl.VoteContext (VoteContext.java:log(49)) - s0@group-F5D0649D4159-CANDIDATE: accept PRE_VOTE from s1: our priority 0 <= candidate's priority 0
2024-10-07 19:12:07,522 [NettyRpcService-workerGroup--thread3] INFO  server.RaftServer$Division (RaftServerImpl.java:requestVote(1476)) - s0@group-F5D0649D4159 replies to PRE_VOTE vote request: s1<-s0#0:OK-t2. Peer's state: s0@group-F5D0649D4159:t2, leader=null, voted=s4, raftlog=Memoized:s0@group-F5D0649D4159-SegmentedRaftLog:OPENED:c2:last(t:2, i:2), conf=conf: {index: 1, cur=peers:[s3|localhost:15152, s4|localhost:15156, s0|localhost:15140, s1|localhost:15144, s2|localhost:15148]|listeners:[], old=null}
2024-10-07 19:12:07,522 [s1@group-F5D0649D4159-LeaderElection17] INFO  impl.LeaderElection (LogUtils.java:infoOrTrace(136)) - s1@group-F5D0649D4159-LeaderElection17 got exception when requesting votes: java.util.concurrent.ExecutionException: org.apache.ratis.thirdparty.io.netty.channel.AbstractChannel$AnnotatedConnectException: finishConnect(..) failed: Connection refused: localhost/127.0.0.1:15148
2024-10-07 19:12:07,522 [s1@group-F5D0649D4159-LeaderElection17] INFO  impl.LeaderElection (LogUtils.java:infoOrTrace(136)) - s1@group-F5D0649D4159-LeaderElection17 got exception when requesting votes: java.util.concurrent.ExecutionException: org.apache.ratis.thirdparty.io.netty.channel.AbstractChannel$AnnotatedConnectException: finishConnect(..) failed: Connection refused: localhost/127.0.0.1:15156
2024-10-07 19:12:07,675 [s0@group-F5D0649D4159-LeaderElection18] INFO  impl.LeaderElection (LeaderElection.java:logAndReturn(90)) - s0@group-F5D0649D4159-LeaderElection18: PRE_VOTE TIMEOUT received 1 response(s) and 2 exception(s):
2024-10-07 19:12:07,675 [s0@group-F5D0649D4159-LeaderElection18] INFO  impl.LeaderElection (LeaderElection.java:logAndReturn(94)) -   Response 0: s0<-s1#0:OK-t2
2024-10-07 19:12:07,675 [s0@group-F5D0649D4159-LeaderElection18] INFO  impl.LeaderElection (LogUtils.java:infoOrTrace(136)) -   Exception 1: java.util.concurrent.ExecutionException: org.apache.ratis.thirdparty.io.netty.channel.AbstractChannel$AnnotatedConnectException: finishConnect(..) failed: Connection refused: localhost/127.0.0.1:15156
2024-10-07 19:12:07,675 [s0@group-F5D0649D4159-LeaderElection18] INFO  impl.LeaderElection (LogUtils.java:infoOrTrace(136)) -   Exception 2: java.util.concurrent.ExecutionException: org.apache.ratis.thirdparty.io.netty.channel.AbstractChannel$AnnotatedConnectException: finishConnect(..) failed: Connection refused: localhost/127.0.0.1:15148
2024-10-07 19:12:07,675 [s0@group-F5D0649D4159-LeaderElection18] INFO  impl.LeaderElection (LeaderElection.java:askForVotes(339)) - s0@group-F5D0649D4159-LeaderElection18 PRE_VOTE round 9: result TIMEOUT
2024-10-07 19:12:07,675 [s0@group-F5D0649D4159-LeaderElection18] INFO  impl.LeaderElection (LeaderElection.java:askForVotes(337)) - s0@group-F5D0649D4159-LeaderElection18 PRE_VOTE round 10: submit vote requests at term 2 for conf: {index: 1, cur=peers:[s3|localhost:15152, s4|localhost:15156, s0|localhost:15140, s1|localhost:15144, s2|localhost:15148]|listeners:[], old=null}
2024-10-07 19:12:07,676 [NettyRpcService-workerGroup--thread3] INFO  server.RaftServer$Division (RaftServerImpl.java:requestVote(1443)) - s1@group-F5D0649D4159: receive requestVote(PRE_VOTE, s0, group-F5D0649D4159, 2, (t:2, i:2))
2024-10-07 19:12:07,677 [NettyRpcService-workerGroup--thread3] INFO  impl.VoteContext (VoteContext.java:log(49)) - s1@group-F5D0649D4159-CANDIDATE: accept PRE_VOTE from s0: our priority 0 <= candidate's priority 0
2024-10-07 19:12:07,677 [NettyRpcService-workerGroup--thread3] INFO  server.RaftServer$Division (RaftServerImpl.java:requestVote(1476)) - s1@group-F5D0649D4159 replies to PRE_VOTE vote request: s0<-s1#0:OK-t2. Peer's state: s1@group-F5D0649D4159:t2, leader=null, voted=s4, raftlog=Memoized:s1@group-F5D0649D4159-SegmentedRaftLog:OPENED:c2:last(t:2, i:2), conf=conf: {index: 1, cur=peers:[s3|localhost:15152, s4|localhost:15156, s0|localhost:15140, s1|localhost:15144, s2|localhost:15148]|listeners:[], old=null}
2024-10-07 19:12:07,677 [s0@group-F5D0649D4159-LeaderElection18] INFO  impl.LeaderElection (LogUtils.java:infoOrTrace(136)) - s0@group-F5D0649D4159-LeaderElection18 got exception when requesting votes: java.util.concurrent.ExecutionException: org.apache.ratis.thirdparty.io.netty.channel.AbstractChannel$AnnotatedConnectException: finishConnect(..) failed: Connection refused: localhost/127.0.0.1:15148
2024-10-07 19:12:07,677 [s0@group-F5D0649D4159-LeaderElection18] INFO  impl.LeaderElection (LogUtils.java:infoOrTrace(136)) - s0@group-F5D0649D4159-LeaderElection18 got exception when requesting votes: java.util.concurrent.ExecutionException: org.apache.ratis.thirdparty.io.netty.channel.AbstractChannel$AnnotatedConnectException: finishConnect(..) failed: Connection refused: localhost/127.0.0.1:15156
2024-10-07 19:12:07,736 [main] WARN  ratis.RaftTestUtil (RaftTestUtil.java:lambda$waitForLeader$3(126)) - Attempt #14 failed: java.lang.IllegalStateException: No leader yet : printing ALL groups
  s3:  RUNNING  FOLLOWER s3@group-F5D0649D4159:t1, leader=null, voted=null, raftlog=Memoized:s3@group-F5D0649D4159-SegmentedRaftLog:OPENED:c-1:lastnull, conf=conf: {index: -1, cur=peers:[s3|localhost:15152, s4|localhost:15156, s0|localhost:15140, s1|localhost:15144, s2|localhost:15148]|listeners:[], old=null} RUNNING
  s4:   CLOSED    LEADER s4@group-F5D0649D4159:t2, leader=s4, voted=s4, raftlog=Memoized:s4@group-F5D0649D4159-SegmentedRaftLog:CLOSED:c2, conf=conf: {index: 1, cur=peers:[s3|localhost:15152, s4|localhost:15156, s0|localhost:15140, s1|localhost:15144, s2|localhost:15148]|listeners:[], old=null} CLOSED
  s0:  RUNNING CANDIDATE s0@group-F5D0649D4159:t2, leader=null, voted=s4, raftlog=Memoized:s0@group-F5D0649D4159-SegmentedRaftLog:OPENED:c2:last(t:2, i:2), conf=conf: {index: 1, cur=peers:[s3|localhost:15152, s4|localhost:15156, s0|localhost:15140, s1|localhost:15144, s2|localhost:15148]|listeners:[], old=null} RUNNING
  s1:  RUNNING CANDIDATE s1@group-F5D0649D4159:t2, leader=null, voted=s4, raftlog=Memoized:s1@group-F5D0649D4159-SegmentedRaftLog:OPENED:c2:last(t:2, i:2), conf=conf: {index: 1, cur=peers:[s3|localhost:15152, s4|localhost:15156, s0|localhost:15140, s1|localhost:15144, s2|localhost:15148]|listeners:[], old=null} RUNNING
  s2:   CLOSED    LEADER s2@group-F5D0649D4159:t1, leader=s2, voted=s2, raftlog=Memoized:s2@group-F5D0649D4159-SegmentedRaftLog:CLOSED:c0, conf=conf: {index: 0, cur=peers:[s3|localhost:15152, s4|localhost:15156, s0|localhost:15140, s1|localhost:15144, s2|localhost:15148]|listeners:[], old=null} CLOSED
2024-10-07 19:12:07,758 [s1@group-F5D0649D4159-LeaderElection17] INFO  impl.LeaderElection (LeaderElection.java:logAndReturn(90)) - s1@group-F5D0649D4159-LeaderElection17: PRE_VOTE TIMEOUT received 1 response(s) and 2 exception(s):
2024-10-07 19:12:07,759 [s1@group-F5D0649D4159-LeaderElection17] INFO  impl.LeaderElection (LeaderElection.java:logAndReturn(94)) -   Response 0: s1<-s0#0:OK-t2
2024-10-07 19:12:07,759 [s1@group-F5D0649D4159-LeaderElection17] INFO  impl.LeaderElection (LogUtils.java:infoOrTrace(136)) -   Exception 1: java.util.concurrent.ExecutionException: org.apache.ratis.thirdparty.io.netty.channel.AbstractChannel$AnnotatedConnectException: finishConnect(..) failed: Connection refused: localhost/127.0.0.1:15148
2024-10-07 19:12:07,759 [s1@group-F5D0649D4159-LeaderElection17] INFO  impl.LeaderElection (LogUtils.java:infoOrTrace(136)) -   Exception 2: java.util.concurrent.ExecutionException: org.apache.ratis.thirdparty.io.netty.channel.AbstractChannel$AnnotatedConnectException: finishConnect(..) failed: Connection refused: localhost/127.0.0.1:15156
2024-10-07 19:12:07,759 [s1@group-F5D0649D4159-LeaderElection17] INFO  impl.LeaderElection (LeaderElection.java:askForVotes(339)) - s1@group-F5D0649D4159-LeaderElection17 PRE_VOTE round 26: result TIMEOUT
2024-10-07 19:12:07,759 [s1@group-F5D0649D4159-LeaderElection17] INFO  impl.LeaderElection (LeaderElection.java:askForVotes(337)) - s1@group-F5D0649D4159-LeaderElection17 PRE_VOTE round 27: submit vote requests at term 2 for conf: {index: 1, cur=peers:[s3|localhost:15152, s4|localhost:15156, s0|localhost:15140, s1|localhost:15144, s2|localhost:15148]|listeners:[], old=null}
2024-10-07 19:12:07,760 [NettyRpcService-workerGroup--thread3] INFO  server.RaftServer$Division (RaftServerImpl.java:requestVote(1443)) - s0@group-F5D0649D4159: receive requestVote(PRE_VOTE, s1, group-F5D0649D4159, 2, (t:2, i:2))
2024-10-07 19:12:07,760 [NettyRpcService-workerGroup--thread3] INFO  impl.VoteContext (VoteContext.java:log(49)) - s0@group-F5D0649D4159-CANDIDATE: accept PRE_VOTE from s1: our priority 0 <= candidate's priority 0
2024-10-07 19:12:07,760 [NettyRpcService-workerGroup--thread3] INFO  server.RaftServer$Division (RaftServerImpl.java:requestVote(1476)) - s0@group-F5D0649D4159 replies to PRE_VOTE vote request: s1<-s0#0:OK-t2. Peer's state: s0@group-F5D0649D4159:t2, leader=null, voted=s4, raftlog=Memoized:s0@group-F5D0649D4159-SegmentedRaftLog:OPENED:c2:last(t:2, i:2), conf=conf: {index: 1, cur=peers:[s3|localhost:15152, s4|localhost:15156, s0|localhost:15140, s1|localhost:15144, s2|localhost:15148]|listeners:[], old=null}
2024-10-07 19:12:07,760 [s1@group-F5D0649D4159-LeaderElection17] INFO  impl.LeaderElection (LogUtils.java:infoOrTrace(136)) - s1@group-F5D0649D4159-LeaderElection17 got exception when requesting votes: java.util.concurrent.ExecutionException: org.apache.ratis.thirdparty.io.netty.channel.AbstractChannel$AnnotatedConnectException: finishConnect(..) failed: Connection refused: localhost/127.0.0.1:15156
2024-10-07 19:12:07,761 [s1@group-F5D0649D4159-LeaderElection17] INFO  impl.LeaderElection (LogUtils.java:infoOrTrace(136)) - s1@group-F5D0649D4159-LeaderElection17 got exception when requesting votes: java.util.concurrent.ExecutionException: org.apache.ratis.thirdparty.io.netty.channel.AbstractChannel$AnnotatedConnectException: finishConnect(..) failed: Connection refused: localhost/127.0.0.1:15148
2024-10-07 19:12:07,969 [s0@group-F5D0649D4159-LeaderElection18] INFO  impl.LeaderElection (LeaderElection.java:logAndReturn(90)) - s0@group-F5D0649D4159-LeaderElection18: PRE_VOTE TIMEOUT received 1 response(s) and 2 exception(s):
2024-10-07 19:12:07,969 [s0@group-F5D0649D4159-LeaderElection18] INFO  impl.LeaderElection (LeaderElection.java:logAndReturn(94)) -   Response 0: s0<-s1#0:OK-t2
2024-10-07 19:12:07,969 [s0@group-F5D0649D4159-LeaderElection18] INFO  impl.LeaderElection (LogUtils.java:infoOrTrace(136)) -   Exception 1: java.util.concurrent.ExecutionException: org.apache.ratis.thirdparty.io.netty.channel.AbstractChannel$AnnotatedConnectException: finishConnect(..) failed: Connection refused: localhost/127.0.0.1:15148
2024-10-07 19:12:07,969 [s0@group-F5D0649D4159-LeaderElection18] INFO  impl.LeaderElection (LogUtils.java:infoOrTrace(136)) -   Exception 2: java.util.concurrent.ExecutionException: org.apache.ratis.thirdparty.io.netty.channel.AbstractChannel$AnnotatedConnectException: finishConnect(..) failed: Connection refused: localhost/127.0.0.1:15156
2024-10-07 19:12:07,970 [s0@group-F5D0649D4159-LeaderElection18] INFO  impl.LeaderElection (LeaderElection.java:askForVotes(339)) - s0@group-F5D0649D4159-LeaderElection18 PRE_VOTE round 10: result TIMEOUT
2024-10-07 19:12:07,970 [s0@group-F5D0649D4159-LeaderElection18] INFO  impl.LeaderElection (LeaderElection.java:askForVotes(337)) - s0@group-F5D0649D4159-LeaderElection18 PRE_VOTE round 11: submit vote requests at term 2 for conf: {index: 1, cur=peers:[s3|localhost:15152, s4|localhost:15156, s0|localhost:15140, s1|localhost:15144, s2|localhost:15148]|listeners:[], old=null}
2024-10-07 19:12:07,971 [NettyRpcService-workerGroup--thread3] INFO  server.RaftServer$Division (RaftServerImpl.java:requestVote(1443)) - s1@group-F5D0649D4159: receive requestVote(PRE_VOTE, s0, group-F5D0649D4159, 2, (t:2, i:2))
2024-10-07 19:12:07,971 [NettyRpcService-workerGroup--thread3] INFO  impl.VoteContext (VoteContext.java:log(49)) - s1@group-F5D0649D4159-CANDIDATE: accept PRE_VOTE from s0: our priority 0 <= candidate's priority 0
2024-10-07 19:12:07,971 [s0@group-F5D0649D4159-LeaderElection18] INFO  impl.LeaderElection (LogUtils.java:infoOrTrace(136)) - s0@group-F5D0649D4159-LeaderElection18 got exception when requesting votes: java.util.concurrent.ExecutionException: org.apache.ratis.thirdparty.io.netty.channel.AbstractChannel$AnnotatedConnectException: finishConnect(..) failed: Connection refused: localhost/127.0.0.1:15156
2024-10-07 19:12:07,971 [NettyRpcService-workerGroup--thread3] INFO  server.RaftServer$Division (RaftServerImpl.java:requestVote(1476)) - s1@group-F5D0649D4159 replies to PRE_VOTE vote request: s0<-s1#0:OK-t2. Peer's state: s1@group-F5D0649D4159:t2, leader=null, voted=s4, raftlog=Memoized:s1@group-F5D0649D4159-SegmentedRaftLog:OPENED:c2:last(t:2, i:2), conf=conf: {index: 1, cur=peers:[s3|localhost:15152, s4|localhost:15156, s0|localhost:15140, s1|localhost:15144, s2|localhost:15148]|listeners:[], old=null}
2024-10-07 19:12:07,971 [s0@group-F5D0649D4159-LeaderElection18] INFO  impl.LeaderElection (LogUtils.java:infoOrTrace(136)) - s0@group-F5D0649D4159-LeaderElection18 got exception when requesting votes: java.util.concurrent.ExecutionException: org.apache.ratis.thirdparty.io.netty.channel.AbstractChannel$AnnotatedConnectException: finishConnect(..) failed: Connection refused: localhost/127.0.0.1:15148
2024-10-07 19:12:08,004 [s1@group-F5D0649D4159-LeaderElection17] INFO  impl.LeaderElection (LeaderElection.java:logAndReturn(90)) - s1@group-F5D0649D4159-LeaderElection17: PRE_VOTE TIMEOUT received 1 response(s) and 2 exception(s):
2024-10-07 19:12:08,004 [s1@group-F5D0649D4159-LeaderElection17] INFO  impl.LeaderElection (LeaderElection.java:logAndReturn(94)) -   Response 0: s1<-s0#0:OK-t2
2024-10-07 19:12:08,004 [s1@group-F5D0649D4159-LeaderElection17] INFO  impl.LeaderElection (LogUtils.java:infoOrTrace(136)) -   Exception 1: java.util.concurrent.ExecutionException: org.apache.ratis.thirdparty.io.netty.channel.AbstractChannel$AnnotatedConnectException: finishConnect(..) failed: Connection refused: localhost/127.0.0.1:15156
2024-10-07 19:12:08,004 [s1@group-F5D0649D4159-LeaderElection17] INFO  impl.LeaderElection (LogUtils.java:infoOrTrace(136)) -   Exception 2: java.util.concurrent.ExecutionException: org.apache.ratis.thirdparty.io.netty.channel.AbstractChannel$AnnotatedConnectException: finishConnect(..) failed: Connection refused: localhost/127.0.0.1:15148
2024-10-07 19:12:08,004 [s1@group-F5D0649D4159-LeaderElection17] INFO  impl.LeaderElection (LeaderElection.java:askForVotes(339)) - s1@group-F5D0649D4159-LeaderElection17 PRE_VOTE round 27: result TIMEOUT
2024-10-07 19:12:08,004 [s1@group-F5D0649D4159-LeaderElection17] INFO  impl.LeaderElection (LeaderElection.java:askForVotes(337)) - s1@group-F5D0649D4159-LeaderElection17 PRE_VOTE round 28: submit vote requests at term 2 for conf: {index: 1, cur=peers:[s3|localhost:15152, s4|localhost:15156, s0|localhost:15140, s1|localhost:15144, s2|localhost:15148]|listeners:[], old=null}
2024-10-07 19:12:08,005 [NettyRpcService-workerGroup--thread3] INFO  server.RaftServer$Division (RaftServerImpl.java:requestVote(1443)) - s0@group-F5D0649D4159: receive requestVote(PRE_VOTE, s1, group-F5D0649D4159, 2, (t:2, i:2))
2024-10-07 19:12:08,005 [NettyRpcService-workerGroup--thread3] INFO  impl.VoteContext (VoteContext.java:log(49)) - s0@group-F5D0649D4159-CANDIDATE: accept PRE_VOTE from s1: our priority 0 <= candidate's priority 0
2024-10-07 19:12:08,005 [NettyRpcService-workerGroup--thread3] INFO  server.RaftServer$Division (RaftServerImpl.java:requestVote(1476)) - s0@group-F5D0649D4159 replies to PRE_VOTE vote request: s1<-s0#0:OK-t2. Peer's state: s0@group-F5D0649D4159:t2, leader=null, voted=s4, raftlog=Memoized:s0@group-F5D0649D4159-SegmentedRaftLog:OPENED:c2:last(t:2, i:2), conf=conf: {index: 1, cur=peers:[s3|localhost:15152, s4|localhost:15156, s0|localhost:15140, s1|localhost:15144, s2|localhost:15148]|listeners:[], old=null}
2024-10-07 19:12:08,005 [s1@group-F5D0649D4159-LeaderElection17] INFO  impl.LeaderElection (LogUtils.java:infoOrTrace(136)) - s1@group-F5D0649D4159-LeaderElection17 got exception when requesting votes: java.util.concurrent.ExecutionException: org.apache.ratis.thirdparty.io.netty.channel.AbstractChannel$AnnotatedConnectException: finishConnect(..) failed: Connection refused: localhost/127.0.0.1:15148
2024-10-07 19:12:08,006 [s1@group-F5D0649D4159-LeaderElection17] INFO  impl.LeaderElection (LogUtils.java:infoOrTrace(136)) - s1@group-F5D0649D4159-LeaderElection17 got exception when requesting votes: java.util.concurrent.ExecutionException: org.apache.ratis.thirdparty.io.netty.channel.AbstractChannel$AnnotatedConnectException: finishConnect(..) failed: Connection refused: localhost/127.0.0.1:15156
2024-10-07 19:12:08,179 [s0@group-F5D0649D4159-LeaderElection18] INFO  impl.LeaderElection (LeaderElection.java:logAndReturn(90)) - s0@group-F5D0649D4159-LeaderElection18: PRE_VOTE TIMEOUT received 1 response(s) and 2 exception(s):
2024-10-07 19:12:08,180 [s0@group-F5D0649D4159-LeaderElection18] INFO  impl.LeaderElection (LeaderElection.java:logAndReturn(94)) -   Response 0: s0<-s1#0:OK-t2
2024-10-07 19:12:08,180 [s0@group-F5D0649D4159-LeaderElection18] INFO  impl.LeaderElection (LogUtils.java:infoOrTrace(136)) -   Exception 1: java.util.concurrent.ExecutionException: org.apache.ratis.thirdparty.io.netty.channel.AbstractChannel$AnnotatedConnectException: finishConnect(..) failed: Connection refused: localhost/127.0.0.1:15156
2024-10-07 19:12:08,180 [s0@group-F5D0649D4159-LeaderElection18] INFO  impl.LeaderElection (LogUtils.java:infoOrTrace(136)) -   Exception 2: java.util.concurrent.ExecutionException: org.apache.ratis.thirdparty.io.netty.channel.AbstractChannel$AnnotatedConnectException: finishConnect(..) failed: Connection refused: localhost/127.0.0.1:15148
2024-10-07 19:12:08,180 [s0@group-F5D0649D4159-LeaderElection18] INFO  impl.LeaderElection (LeaderElection.java:askForVotes(339)) - s0@group-F5D0649D4159-LeaderElection18 PRE_VOTE round 11: result TIMEOUT
2024-10-07 19:12:08,180 [s0@group-F5D0649D4159-LeaderElection18] INFO  impl.LeaderElection (LeaderElection.java:askForVotes(337)) - s0@group-F5D0649D4159-LeaderElection18 PRE_VOTE round 12: submit vote requests at term 2 for conf: {index: 1, cur=peers:[s3|localhost:15152, s4|localhost:15156, s0|localhost:15140, s1|localhost:15144, s2|localhost:15148]|listeners:[], old=null}
2024-10-07 19:12:08,181 [NettyRpcService-workerGroup--thread3] INFO  server.RaftServer$Division (RaftServerImpl.java:requestVote(1443)) - s1@group-F5D0649D4159: receive requestVote(PRE_VOTE, s0, group-F5D0649D4159, 2, (t:2, i:2))
2024-10-07 19:12:08,181 [NettyRpcService-workerGroup--thread3] INFO  impl.VoteContext (VoteContext.java:log(49)) - s1@group-F5D0649D4159-CANDIDATE: accept PRE_VOTE from s0: our priority 0 <= candidate's priority 0
2024-10-07 19:12:08,181 [NettyRpcService-workerGroup--thread3] INFO  server.RaftServer$Division (RaftServerImpl.java:requestVote(1476)) - s1@group-F5D0649D4159 replies to PRE_VOTE vote request: s0<-s1#0:OK-t2. Peer's state: s1@group-F5D0649D4159:t2, leader=null, voted=s4, raftlog=Memoized:s1@group-F5D0649D4159-SegmentedRaftLog:OPENED:c2:last(t:2, i:2), conf=conf: {index: 1, cur=peers:[s3|localhost:15152, s4|localhost:15156, s0|localhost:15140, s1|localhost:15144, s2|localhost:15148]|listeners:[], old=null}
2024-10-07 19:12:08,182 [s0@group-F5D0649D4159-LeaderElection18] INFO  impl.LeaderElection (LogUtils.java:infoOrTrace(136)) - s0@group-F5D0649D4159-LeaderElection18 got exception when requesting votes: java.util.concurrent.ExecutionException: org.apache.ratis.thirdparty.io.netty.channel.AbstractChannel$AnnotatedConnectException: finishConnect(..) failed: Connection refused: localhost/127.0.0.1:15148
2024-10-07 19:12:08,182 [s0@group-F5D0649D4159-LeaderElection18] INFO  impl.LeaderElection (LogUtils.java:infoOrTrace(136)) - s0@group-F5D0649D4159-LeaderElection18 got exception when requesting votes: java.util.concurrent.ExecutionException: org.apache.ratis.thirdparty.io.netty.channel.AbstractChannel$AnnotatedConnectException: finishConnect(..) failed: Connection refused: localhost/127.0.0.1:15156
2024-10-07 19:12:08,186 [main] WARN  ratis.RaftTestUtil (RaftTestUtil.java:lambda$waitForLeader$3(126)) - Attempt #15 failed: java.lang.IllegalStateException: No leader yet : printing ALL groups
  s3:  RUNNING  FOLLOWER s3@group-F5D0649D4159:t1, leader=null, voted=null, raftlog=Memoized:s3@group-F5D0649D4159-SegmentedRaftLog:OPENED:c-1:lastnull, conf=conf: {index: -1, cur=peers:[s3|localhost:15152, s4|localhost:15156, s0|localhost:15140, s1|localhost:15144, s2|localhost:15148]|listeners:[], old=null} RUNNING
  s4:   CLOSED    LEADER s4@group-F5D0649D4159:t2, leader=s4, voted=s4, raftlog=Memoized:s4@group-F5D0649D4159-SegmentedRaftLog:CLOSED:c2, conf=conf: {index: 1, cur=peers:[s3|localhost:15152, s4|localhost:15156, s0|localhost:15140, s1|localhost:15144, s2|localhost:15148]|listeners:[], old=null} CLOSED
  s0:  RUNNING CANDIDATE s0@group-F5D0649D4159:t2, leader=null, voted=s4, raftlog=Memoized:s0@group-F5D0649D4159-SegmentedRaftLog:OPENED:c2:last(t:2, i:2), conf=conf: {index: 1, cur=peers:[s3|localhost:15152, s4|localhost:15156, s0|localhost:15140, s1|localhost:15144, s2|localhost:15148]|listeners:[], old=null} RUNNING
  s1:  RUNNING CANDIDATE s1@group-F5D0649D4159:t2, leader=null, voted=s4, raftlog=Memoized:s1@group-F5D0649D4159-SegmentedRaftLog:OPENED:c2:last(t:2, i:2), conf=conf: {index: 1, cur=peers:[s3|localhost:15152, s4|localhost:15156, s0|localhost:15140, s1|localhost:15144, s2|localhost:15148]|listeners:[], old=null} RUNNING
  s2:   CLOSED    LEADER s2@group-F5D0649D4159:t1, leader=s2, voted=s2, raftlog=Memoized:s2@group-F5D0649D4159-SegmentedRaftLog:CLOSED:c0, conf=conf: {index: 0, cur=peers:[s3|localhost:15152, s4|localhost:15156, s0|localhost:15140, s1|localhost:15144, s2|localhost:15148]|listeners:[], old=null} CLOSED
2024-10-07 19:12:08,228 [s1@group-F5D0649D4159-LeaderElection17] INFO  impl.LeaderElection (LeaderElection.java:logAndReturn(90)) - s1@group-F5D0649D4159-LeaderElection17: PRE_VOTE TIMEOUT received 1 response(s) and 2 exception(s):
2024-10-07 19:12:08,228 [s1@group-F5D0649D4159-LeaderElection17] INFO  impl.LeaderElection (LeaderElection.java:logAndReturn(94)) -   Response 0: s1<-s0#0:OK-t2
2024-10-07 19:12:08,228 [s1@group-F5D0649D4159-LeaderElection17] INFO  impl.LeaderElection (LogUtils.java:infoOrTrace(136)) -   Exception 1: java.util.concurrent.ExecutionException: org.apache.ratis.thirdparty.io.netty.channel.AbstractChannel$AnnotatedConnectException: finishConnect(..) failed: Connection refused: localhost/127.0.0.1:15148
2024-10-07 19:12:08,228 [s1@group-F5D0649D4159-LeaderElection17] INFO  impl.LeaderElection (LogUtils.java:infoOrTrace(136)) -   Exception 2: java.util.concurrent.ExecutionException: org.apache.ratis.thirdparty.io.netty.channel.AbstractChannel$AnnotatedConnectException: finishConnect(..) failed: Connection refused: localhost/127.0.0.1:15156
2024-10-07 19:12:08,228 [s1@group-F5D0649D4159-LeaderElection17] INFO  impl.LeaderElection (LeaderElection.java:askForVotes(339)) - s1@group-F5D0649D4159-LeaderElection17 PRE_VOTE round 28: result TIMEOUT
2024-10-07 19:12:08,228 [s1@group-F5D0649D4159-LeaderElection17] INFO  impl.LeaderElection (LeaderElection.java:askForVotes(337)) - s1@group-F5D0649D4159-LeaderElection17 PRE_VOTE round 29: submit vote requests at term 2 for conf: {index: 1, cur=peers:[s3|localhost:15152, s4|localhost:15156, s0|localhost:15140, s1|localhost:15144, s2|localhost:15148]|listeners:[], old=null}
2024-10-07 19:12:08,229 [NettyRpcService-workerGroup--thread3] INFO  server.RaftServer$Division (RaftServerImpl.java:requestVote(1443)) - s0@group-F5D0649D4159: receive requestVote(PRE_VOTE, s1, group-F5D0649D4159, 2, (t:2, i:2))
2024-10-07 19:12:08,229 [NettyRpcService-workerGroup--thread3] INFO  impl.VoteContext (VoteContext.java:log(49)) - s0@group-F5D0649D4159-CANDIDATE: accept PRE_VOTE from s1: our priority 0 <= candidate's priority 0
2024-10-07 19:12:08,229 [NettyRpcService-workerGroup--thread3] INFO  server.RaftServer$Division (RaftServerImpl.java:requestVote(1476)) - s0@group-F5D0649D4159 replies to PRE_VOTE vote request: s1<-s0#0:OK-t2. Peer's state: s0@group-F5D0649D4159:t2, leader=null, voted=s4, raftlog=Memoized:s0@group-F5D0649D4159-SegmentedRaftLog:OPENED:c2:last(t:2, i:2), conf=conf: {index: 1, cur=peers:[s3|localhost:15152, s4|localhost:15156, s0|localhost:15140, s1|localhost:15144, s2|localhost:15148]|listeners:[], old=null}
2024-10-07 19:12:08,229 [s1@group-F5D0649D4159-LeaderElection17] INFO  impl.LeaderElection (LogUtils.java:infoOrTrace(136)) - s1@group-F5D0649D4159-LeaderElection17 got exception when requesting votes: java.util.concurrent.ExecutionException: org.apache.ratis.thirdparty.io.netty.channel.AbstractChannel$AnnotatedConnectException: finishConnect(..) failed: Connection refused: localhost/127.0.0.1:15148
2024-10-07 19:12:08,230 [s1@group-F5D0649D4159-LeaderElection17] INFO  impl.LeaderElection (LogUtils.java:infoOrTrace(136)) - s1@group-F5D0649D4159-LeaderElection17 got exception when requesting votes: java.util.concurrent.ExecutionException: org.apache.ratis.thirdparty.io.netty.channel.AbstractChannel$AnnotatedConnectException: finishConnect(..) failed: Connection refused: localhost/127.0.0.1:15156
2024-10-07 19:12:08,422 [s1@group-F5D0649D4159-LeaderElection17] INFO  impl.LeaderElection (LeaderElection.java:logAndReturn(90)) - s1@group-F5D0649D4159-LeaderElection17: PRE_VOTE TIMEOUT received 1 response(s) and 2 exception(s):
2024-10-07 19:12:08,422 [s1@group-F5D0649D4159-LeaderElection17] INFO  impl.LeaderElection (LeaderElection.java:logAndReturn(94)) -   Response 0: s1<-s0#0:OK-t2
2024-10-07 19:12:08,422 [s1@group-F5D0649D4159-LeaderElection17] INFO  impl.LeaderElection (LogUtils.java:infoOrTrace(136)) -   Exception 1: java.util.concurrent.ExecutionException: org.apache.ratis.thirdparty.io.netty.channel.AbstractChannel$AnnotatedConnectException: finishConnect(..) failed: Connection refused: localhost/127.0.0.1:15148
2024-10-07 19:12:08,422 [s1@group-F5D0649D4159-LeaderElection17] INFO  impl.LeaderElection (LogUtils.java:infoOrTrace(136)) -   Exception 2: java.util.concurrent.ExecutionException: org.apache.ratis.thirdparty.io.netty.channel.AbstractChannel$AnnotatedConnectException: finishConnect(..) failed: Connection refused: localhost/127.0.0.1:15156
2024-10-07 19:12:08,422 [s1@group-F5D0649D4159-LeaderElection17] INFO  impl.LeaderElection (LeaderElection.java:askForVotes(339)) - s1@group-F5D0649D4159-LeaderElection17 PRE_VOTE round 29: result TIMEOUT
2024-10-07 19:12:08,422 [s1@group-F5D0649D4159-LeaderElection17] INFO  impl.LeaderElection (LeaderElection.java:askForVotes(337)) - s1@group-F5D0649D4159-LeaderElection17 PRE_VOTE round 30: submit vote requests at term 2 for conf: {index: 1, cur=peers:[s3|localhost:15152, s4|localhost:15156, s0|localhost:15140, s1|localhost:15144, s2|localhost:15148]|listeners:[], old=null}
2024-10-07 19:12:08,423 [NettyRpcService-workerGroup--thread3] INFO  server.RaftServer$Division (RaftServerImpl.java:requestVote(1443)) - s0@group-F5D0649D4159: receive requestVote(PRE_VOTE, s1, group-F5D0649D4159, 2, (t:2, i:2))
2024-10-07 19:12:08,423 [NettyRpcService-workerGroup--thread3] INFO  impl.VoteContext (VoteContext.java:log(49)) - s0@group-F5D0649D4159-CANDIDATE: accept PRE_VOTE from s1: our priority 0 <= candidate's priority 0
2024-10-07 19:12:08,424 [NettyRpcService-workerGroup--thread3] INFO  server.RaftServer$Division (RaftServerImpl.java:requestVote(1476)) - s0@group-F5D0649D4159 replies to PRE_VOTE vote request: s1<-s0#0:OK-t2. Peer's state: s0@group-F5D0649D4159:t2, leader=null, voted=s4, raftlog=Memoized:s0@group-F5D0649D4159-SegmentedRaftLog:OPENED:c2:last(t:2, i:2), conf=conf: {index: 1, cur=peers:[s3|localhost:15152, s4|localhost:15156, s0|localhost:15140, s1|localhost:15144, s2|localhost:15148]|listeners:[], old=null}
2024-10-07 19:12:08,424 [s1@group-F5D0649D4159-LeaderElection17] INFO  impl.LeaderElection (LogUtils.java:infoOrTrace(136)) - s1@group-F5D0649D4159-LeaderElection17 got exception when requesting votes: java.util.concurrent.ExecutionException: org.apache.ratis.thirdparty.io.netty.channel.AbstractChannel$AnnotatedConnectException: finishConnect(..) failed: Connection refused: localhost/127.0.0.1:15148
2024-10-07 19:12:08,424 [s1@group-F5D0649D4159-LeaderElection17] INFO  impl.LeaderElection (LogUtils.java:infoOrTrace(136)) - s1@group-F5D0649D4159-LeaderElection17 got exception when requesting votes: java.util.concurrent.ExecutionException: org.apache.ratis.thirdparty.io.netty.channel.AbstractChannel$AnnotatedConnectException: finishConnect(..) failed: Connection refused: localhost/127.0.0.1:15156
2024-10-07 19:12:08,431 [s0@group-F5D0649D4159-LeaderElection18] INFO  impl.LeaderElection (LeaderElection.java:logAndReturn(90)) - s0@group-F5D0649D4159-LeaderElection18: PRE_VOTE TIMEOUT received 1 response(s) and 2 exception(s):
2024-10-07 19:12:08,431 [s0@group-F5D0649D4159-LeaderElection18] INFO  impl.LeaderElection (LeaderElection.java:logAndReturn(94)) -   Response 0: s0<-s1#0:OK-t2
2024-10-07 19:12:08,431 [s0@group-F5D0649D4159-LeaderElection18] INFO  impl.LeaderElection (LogUtils.java:infoOrTrace(136)) -   Exception 1: java.util.concurrent.ExecutionException: org.apache.ratis.thirdparty.io.netty.channel.AbstractChannel$AnnotatedConnectException: finishConnect(..) failed: Connection refused: localhost/127.0.0.1:15148
2024-10-07 19:12:08,431 [s0@group-F5D0649D4159-LeaderElection18] INFO  impl.LeaderElection (LogUtils.java:infoOrTrace(136)) -   Exception 2: java.util.concurrent.ExecutionException: org.apache.ratis.thirdparty.io.netty.channel.AbstractChannel$AnnotatedConnectException: finishConnect(..) failed: Connection refused: localhost/127.0.0.1:15156
2024-10-07 19:12:08,431 [s0@group-F5D0649D4159-LeaderElection18] INFO  impl.LeaderElection (LeaderElection.java:askForVotes(339)) - s0@group-F5D0649D4159-LeaderElection18 PRE_VOTE round 12: result TIMEOUT
2024-10-07 19:12:08,431 [s0@group-F5D0649D4159-LeaderElection18] INFO  impl.LeaderElection (LeaderElection.java:askForVotes(337)) - s0@group-F5D0649D4159-LeaderElection18 PRE_VOTE round 13: submit vote requests at term 2 for conf: {index: 1, cur=peers:[s3|localhost:15152, s4|localhost:15156, s0|localhost:15140, s1|localhost:15144, s2|localhost:15148]|listeners:[], old=null}
2024-10-07 19:12:08,431 [NettyRpcService-workerGroup--thread3] INFO  server.RaftServer$Division (RaftServerImpl.java:requestVote(1443)) - s1@group-F5D0649D4159: receive requestVote(PRE_VOTE, s0, group-F5D0649D4159, 2, (t:2, i:2))
2024-10-07 19:12:08,432 [NettyRpcService-workerGroup--thread3] INFO  impl.VoteContext (VoteContext.java:log(49)) - s1@group-F5D0649D4159-CANDIDATE: accept PRE_VOTE from s0: our priority 0 <= candidate's priority 0
2024-10-07 19:12:08,432 [s0@group-F5D0649D4159-LeaderElection18] INFO  impl.LeaderElection (LogUtils.java:infoOrTrace(136)) - s0@group-F5D0649D4159-LeaderElection18 got exception when requesting votes: java.util.concurrent.ExecutionException: org.apache.ratis.thirdparty.io.netty.channel.AbstractChannel$AnnotatedConnectException: finishConnect(..) failed: Connection refused: localhost/127.0.0.1:15156
2024-10-07 19:12:08,432 [NettyRpcService-workerGroup--thread3] INFO  server.RaftServer$Division (RaftServerImpl.java:requestVote(1476)) - s1@group-F5D0649D4159 replies to PRE_VOTE vote request: s0<-s1#0:OK-t2. Peer's state: s1@group-F5D0649D4159:t2, leader=null, voted=s4, raftlog=Memoized:s1@group-F5D0649D4159-SegmentedRaftLog:OPENED:c2:last(t:2, i:2), conf=conf: {index: 1, cur=peers:[s3|localhost:15152, s4|localhost:15156, s0|localhost:15140, s1|localhost:15144, s2|localhost:15148]|listeners:[], old=null}
2024-10-07 19:12:08,432 [s0@group-F5D0649D4159-LeaderElection18] INFO  impl.LeaderElection (LogUtils.java:infoOrTrace(136)) - s0@group-F5D0649D4159-LeaderElection18 got exception when requesting votes: java.util.concurrent.ExecutionException: org.apache.ratis.thirdparty.io.netty.channel.AbstractChannel$AnnotatedConnectException: finishConnect(..) failed: Connection refused: localhost/127.0.0.1:15148
2024-10-07 19:12:08,637 [main] WARN  ratis.RaftTestUtil (RaftTestUtil.java:lambda$waitForLeader$3(126)) - Attempt #16 failed: java.lang.IllegalStateException: No leader yet : printing ALL groups
  s3:  RUNNING  FOLLOWER s3@group-F5D0649D4159:t1, leader=null, voted=null, raftlog=Memoized:s3@group-F5D0649D4159-SegmentedRaftLog:OPENED:c-1:lastnull, conf=conf: {index: -1, cur=peers:[s3|localhost:15152, s4|localhost:15156, s0|localhost:15140, s1|localhost:15144, s2|localhost:15148]|listeners:[], old=null} RUNNING
  s4:   CLOSED    LEADER s4@group-F5D0649D4159:t2, leader=s4, voted=s4, raftlog=Memoized:s4@group-F5D0649D4159-SegmentedRaftLog:CLOSED:c2, conf=conf: {index: 1, cur=peers:[s3|localhost:15152, s4|localhost:15156, s0|localhost:15140, s1|localhost:15144, s2|localhost:15148]|listeners:[], old=null} CLOSED
  s0:  RUNNING CANDIDATE s0@group-F5D0649D4159:t2, leader=null, voted=s4, raftlog=Memoized:s0@group-F5D0649D4159-SegmentedRaftLog:OPENED:c2:last(t:2, i:2), conf=conf: {index: 1, cur=peers:[s3|localhost:15152, s4|localhost:15156, s0|localhost:15140, s1|localhost:15144, s2|localhost:15148]|listeners:[], old=null} RUNNING
  s1:  RUNNING CANDIDATE s1@group-F5D0649D4159:t2, leader=null, voted=s4, raftlog=Memoized:s1@group-F5D0649D4159-SegmentedRaftLog:OPENED:c2:last(t:2, i:2), conf=conf: {index: 1, cur=peers:[s3|localhost:15152, s4|localhost:15156, s0|localhost:15140, s1|localhost:15144, s2|localhost:15148]|listeners:[], old=null} RUNNING
  s2:   CLOSED    LEADER s2@group-F5D0649D4159:t1, leader=s2, voted=s2, raftlog=Memoized:s2@group-F5D0649D4159-SegmentedRaftLog:CLOSED:c0, conf=conf: {index: 0, cur=peers:[s3|localhost:15152, s4|localhost:15156, s0|localhost:15140, s1|localhost:15144, s2|localhost:15148]|listeners:[], old=null} CLOSED
2024-10-07 19:12:08,640 [s1@group-F5D0649D4159-LeaderElection17] INFO  impl.LeaderElection (LeaderElection.java:logAndReturn(90)) - s1@group-F5D0649D4159-LeaderElection17: PRE_VOTE TIMEOUT received 1 response(s) and 2 exception(s):
2024-10-07 19:12:08,640 [s1@group-F5D0649D4159-LeaderElection17] INFO  impl.LeaderElection (LeaderElection.java:logAndReturn(94)) -   Response 0: s1<-s0#0:OK-t2
2024-10-07 19:12:08,640 [s1@group-F5D0649D4159-LeaderElection17] INFO  impl.LeaderElection (LogUtils.java:infoOrTrace(136)) -   Exception 1: java.util.concurrent.ExecutionException: org.apache.ratis.thirdparty.io.netty.channel.AbstractChannel$AnnotatedConnectException: finishConnect(..) failed: Connection refused: localhost/127.0.0.1:15148
2024-10-07 19:12:08,640 [s1@group-F5D0649D4159-LeaderElection17] INFO  impl.LeaderElection (LogUtils.java:infoOrTrace(136)) -   Exception 2: java.util.concurrent.ExecutionException: org.apache.ratis.thirdparty.io.netty.channel.AbstractChannel$AnnotatedConnectException: finishConnect(..) failed: Connection refused: localhost/127.0.0.1:15156
2024-10-07 19:12:08,640 [s1@group-F5D0649D4159-LeaderElection17] INFO  impl.LeaderElection (LeaderElection.java:askForVotes(339)) - s1@group-F5D0649D4159-LeaderElection17 PRE_VOTE round 30: result TIMEOUT
2024-10-07 19:12:08,640 [s1@group-F5D0649D4159-LeaderElection17] INFO  impl.LeaderElection (LeaderElection.java:askForVotes(337)) - s1@group-F5D0649D4159-LeaderElection17 PRE_VOTE round 31: submit vote requests at term 2 for conf: {index: 1, cur=peers:[s3|localhost:15152, s4|localhost:15156, s0|localhost:15140, s1|localhost:15144, s2|localhost:15148]|listeners:[], old=null}
2024-10-07 19:12:08,641 [NettyRpcService-workerGroup--thread3] INFO  server.RaftServer$Division (RaftServerImpl.java:requestVote(1443)) - s0@group-F5D0649D4159: receive requestVote(PRE_VOTE, s1, group-F5D0649D4159, 2, (t:2, i:2))
2024-10-07 19:12:08,641 [NettyRpcService-workerGroup--thread3] INFO  impl.VoteContext (VoteContext.java:log(49)) - s0@group-F5D0649D4159-CANDIDATE: accept PRE_VOTE from s1: our priority 0 <= candidate's priority 0
2024-10-07 19:12:08,642 [NettyRpcService-workerGroup--thread3] INFO  server.RaftServer$Division (RaftServerImpl.java:requestVote(1476)) - s0@group-F5D0649D4159 replies to PRE_VOTE vote request: s1<-s0#0:OK-t2. Peer's state: s0@group-F5D0649D4159:t2, leader=null, voted=s4, raftlog=Memoized:s0@group-F5D0649D4159-SegmentedRaftLog:OPENED:c2:last(t:2, i:2), conf=conf: {index: 1, cur=peers:[s3|localhost:15152, s4|localhost:15156, s0|localhost:15140, s1|localhost:15144, s2|localhost:15148]|listeners:[], old=null}
2024-10-07 19:12:08,642 [s1@group-F5D0649D4159-LeaderElection17] INFO  impl.LeaderElection (LogUtils.java:infoOrTrace(136)) - s1@group-F5D0649D4159-LeaderElection17 got exception when requesting votes: java.util.concurrent.ExecutionException: org.apache.ratis.thirdparty.io.netty.channel.AbstractChannel$AnnotatedConnectException: finishConnect(..) failed: Connection refused: localhost/127.0.0.1:15156
2024-10-07 19:12:08,642 [s1@group-F5D0649D4159-LeaderElection17] INFO  impl.LeaderElection (LogUtils.java:infoOrTrace(136)) - s1@group-F5D0649D4159-LeaderElection17 got exception when requesting votes: java.util.concurrent.ExecutionException: org.apache.ratis.thirdparty.io.netty.channel.AbstractChannel$AnnotatedConnectException: finishConnect(..) failed: Connection refused: localhost/127.0.0.1:15148
2024-10-07 19:12:08,682 [s0@group-F5D0649D4159-LeaderElection18] INFO  impl.LeaderElection (LeaderElection.java:logAndReturn(90)) - s0@group-F5D0649D4159-LeaderElection18: PRE_VOTE TIMEOUT received 1 response(s) and 2 exception(s):
2024-10-07 19:12:08,682 [s0@group-F5D0649D4159-LeaderElection18] INFO  impl.LeaderElection (LeaderElection.java:logAndReturn(94)) -   Response 0: s0<-s1#0:OK-t2
2024-10-07 19:12:08,683 [s0@group-F5D0649D4159-LeaderElection18] INFO  impl.LeaderElection (LogUtils.java:infoOrTrace(136)) -   Exception 1: java.util.concurrent.ExecutionException: org.apache.ratis.thirdparty.io.netty.channel.AbstractChannel$AnnotatedConnectException: finishConnect(..) failed: Connection refused: localhost/127.0.0.1:15156
2024-10-07 19:12:08,683 [s0@group-F5D0649D4159-LeaderElection18] INFO  impl.LeaderElection (LogUtils.java:infoOrTrace(136)) -   Exception 2: java.util.concurrent.ExecutionException: org.apache.ratis.thirdparty.io.netty.channel.AbstractChannel$AnnotatedConnectException: finishConnect(..) failed: Connection refused: localhost/127.0.0.1:15148
2024-10-07 19:12:08,683 [s0@group-F5D0649D4159-LeaderElection18] INFO  impl.LeaderElection (LeaderElection.java:askForVotes(339)) - s0@group-F5D0649D4159-LeaderElection18 PRE_VOTE round 13: result TIMEOUT
2024-10-07 19:12:08,683 [s0@group-F5D0649D4159-LeaderElection18] INFO  impl.LeaderElection (LeaderElection.java:askForVotes(337)) - s0@group-F5D0649D4159-LeaderElection18 PRE_VOTE round 14: submit vote requests at term 2 for conf: {index: 1, cur=peers:[s3|localhost:15152, s4|localhost:15156, s0|localhost:15140, s1|localhost:15144, s2|localhost:15148]|listeners:[], old=null}
2024-10-07 19:12:08,684 [NettyRpcService-workerGroup--thread3] INFO  server.RaftServer$Division (RaftServerImpl.java:requestVote(1443)) - s1@group-F5D0649D4159: receive requestVote(PRE_VOTE, s0, group-F5D0649D4159, 2, (t:2, i:2))
2024-10-07 19:12:08,684 [NettyRpcService-workerGroup--thread3] INFO  impl.VoteContext (VoteContext.java:log(49)) - s1@group-F5D0649D4159-CANDIDATE: accept PRE_VOTE from s0: our priority 0 <= candidate's priority 0
2024-10-07 19:12:08,684 [s0@group-F5D0649D4159-LeaderElection18] INFO  impl.LeaderElection (LogUtils.java:infoOrTrace(136)) - s0@group-F5D0649D4159-LeaderElection18 got exception when requesting votes: java.util.concurrent.ExecutionException: org.apache.ratis.thirdparty.io.netty.channel.AbstractChannel$AnnotatedConnectException: finishConnect(..) failed: Connection refused: localhost/127.0.0.1:15156
2024-10-07 19:12:08,684 [s0@group-F5D0649D4159-LeaderElection18] INFO  impl.LeaderElection (LogUtils.java:infoOrTrace(136)) - s0@group-F5D0649D4159-LeaderElection18 got exception when requesting votes: java.util.concurrent.ExecutionException: org.apache.ratis.thirdparty.io.netty.channel.AbstractChannel$AnnotatedConnectException: finishConnect(..) failed: Connection refused: localhost/127.0.0.1:15148
2024-10-07 19:12:08,684 [NettyRpcService-workerGroup--thread3] INFO  server.RaftServer$Division (RaftServerImpl.java:requestVote(1476)) - s1@group-F5D0649D4159 replies to PRE_VOTE vote request: s0<-s1#0:OK-t2. Peer's state: s1@group-F5D0649D4159:t2, leader=null, voted=s4, raftlog=Memoized:s1@group-F5D0649D4159-SegmentedRaftLog:OPENED:c2:last(t:2, i:2), conf=conf: {index: 1, cur=peers:[s3|localhost:15152, s4|localhost:15156, s0|localhost:15140, s1|localhost:15144, s2|localhost:15148]|listeners:[], old=null}
2024-10-07 19:12:08,916 [s0@group-F5D0649D4159-LeaderElection18] INFO  impl.LeaderElection (LeaderElection.java:logAndReturn(90)) - s0@group-F5D0649D4159-LeaderElection18: PRE_VOTE TIMEOUT received 1 response(s) and 2 exception(s):
2024-10-07 19:12:08,916 [s0@group-F5D0649D4159-LeaderElection18] INFO  impl.LeaderElection (LeaderElection.java:logAndReturn(94)) -   Response 0: s0<-s1#0:OK-t2
2024-10-07 19:12:08,916 [s0@group-F5D0649D4159-LeaderElection18] INFO  impl.LeaderElection (LogUtils.java:infoOrTrace(136)) -   Exception 1: java.util.concurrent.ExecutionException: org.apache.ratis.thirdparty.io.netty.channel.AbstractChannel$AnnotatedConnectException: finishConnect(..) failed: Connection refused: localhost/127.0.0.1:15156
2024-10-07 19:12:08,916 [s0@group-F5D0649D4159-LeaderElection18] INFO  impl.LeaderElection (LogUtils.java:infoOrTrace(136)) -   Exception 2: java.util.concurrent.ExecutionException: org.apache.ratis.thirdparty.io.netty.channel.AbstractChannel$AnnotatedConnectException: finishConnect(..) failed: Connection refused: localhost/127.0.0.1:15148
2024-10-07 19:12:08,916 [s0@group-F5D0649D4159-LeaderElection18] INFO  impl.LeaderElection (LeaderElection.java:askForVotes(339)) - s0@group-F5D0649D4159-LeaderElection18 PRE_VOTE round 14: result TIMEOUT
2024-10-07 19:12:08,916 [s0@group-F5D0649D4159-LeaderElection18] INFO  impl.LeaderElection (LeaderElection.java:askForVotes(337)) - s0@group-F5D0649D4159-LeaderElection18 PRE_VOTE round 15: submit vote requests at term 2 for conf: {index: 1, cur=peers:[s3|localhost:15152, s4|localhost:15156, s0|localhost:15140, s1|localhost:15144, s2|localhost:15148]|listeners:[], old=null}
2024-10-07 19:12:08,917 [NettyRpcService-workerGroup--thread3] INFO  server.RaftServer$Division (RaftServerImpl.java:requestVote(1443)) - s1@group-F5D0649D4159: receive requestVote(PRE_VOTE, s0, group-F5D0649D4159, 2, (t:2, i:2))
2024-10-07 19:12:08,917 [NettyRpcService-workerGroup--thread3] INFO  impl.VoteContext (VoteContext.java:log(49)) - s1@group-F5D0649D4159-CANDIDATE: accept PRE_VOTE from s0: our priority 0 <= candidate's priority 0
2024-10-07 19:12:08,917 [NettyRpcService-workerGroup--thread3] INFO  server.RaftServer$Division (RaftServerImpl.java:requestVote(1476)) - s1@group-F5D0649D4159 replies to PRE_VOTE vote request: s0<-s1#0:OK-t2. Peer's state: s1@group-F5D0649D4159:t2, leader=null, voted=s4, raftlog=Memoized:s1@group-F5D0649D4159-SegmentedRaftLog:OPENED:c2:last(t:2, i:2), conf=conf: {index: 1, cur=peers:[s3|localhost:15152, s4|localhost:15156, s0|localhost:15140, s1|localhost:15144, s2|localhost:15148]|listeners:[], old=null}
2024-10-07 19:12:08,918 [s0@group-F5D0649D4159-LeaderElection18] INFO  impl.LeaderElection (LogUtils.java:infoOrTrace(136)) - s0@group-F5D0649D4159-LeaderElection18 got exception when requesting votes: java.util.concurrent.ExecutionException: org.apache.ratis.thirdparty.io.netty.channel.AbstractChannel$AnnotatedConnectException: finishConnect(..) failed: Connection refused: localhost/127.0.0.1:15156
2024-10-07 19:12:08,918 [s0@group-F5D0649D4159-LeaderElection18] INFO  impl.LeaderElection (LogUtils.java:infoOrTrace(136)) - s0@group-F5D0649D4159-LeaderElection18 got exception when requesting votes: java.util.concurrent.ExecutionException: org.apache.ratis.thirdparty.io.netty.channel.AbstractChannel$AnnotatedConnectException: finishConnect(..) failed: Connection refused: localhost/127.0.0.1:15148
2024-10-07 19:12:08,924 [s1@group-F5D0649D4159-LeaderElection17] INFO  impl.LeaderElection (LeaderElection.java:logAndReturn(90)) - s1@group-F5D0649D4159-LeaderElection17: PRE_VOTE TIMEOUT received 1 response(s) and 2 exception(s):
2024-10-07 19:12:08,924 [s1@group-F5D0649D4159-LeaderElection17] INFO  impl.LeaderElection (LeaderElection.java:logAndReturn(94)) -   Response 0: s1<-s0#0:OK-t2
2024-10-07 19:12:08,924 [s1@group-F5D0649D4159-LeaderElection17] INFO  impl.LeaderElection (LogUtils.java:infoOrTrace(136)) -   Exception 1: java.util.concurrent.ExecutionException: org.apache.ratis.thirdparty.io.netty.channel.AbstractChannel$AnnotatedConnectException: finishConnect(..) failed: Connection refused: localhost/127.0.0.1:15156
2024-10-07 19:12:08,924 [s1@group-F5D0649D4159-LeaderElection17] INFO  impl.LeaderElection (LogUtils.java:infoOrTrace(136)) -   Exception 2: java.util.concurrent.ExecutionException: org.apache.ratis.thirdparty.io.netty.channel.AbstractChannel$AnnotatedConnectException: finishConnect(..) failed: Connection refused: localhost/127.0.0.1:15148
2024-10-07 19:12:08,924 [s1@group-F5D0649D4159-LeaderElection17] INFO  impl.LeaderElection (LeaderElection.java:askForVotes(339)) - s1@group-F5D0649D4159-LeaderElection17 PRE_VOTE round 31: result TIMEOUT
2024-10-07 19:12:08,924 [s1@group-F5D0649D4159-LeaderElection17] INFO  impl.LeaderElection (LeaderElection.java:askForVotes(337)) - s1@group-F5D0649D4159-LeaderElection17 PRE_VOTE round 32: submit vote requests at term 2 for conf: {index: 1, cur=peers:[s3|localhost:15152, s4|localhost:15156, s0|localhost:15140, s1|localhost:15144, s2|localhost:15148]|listeners:[], old=null}
2024-10-07 19:12:08,925 [NettyRpcService-workerGroup--thread3] INFO  server.RaftServer$Division (RaftServerImpl.java:requestVote(1443)) - s0@group-F5D0649D4159: receive requestVote(PRE_VOTE, s1, group-F5D0649D4159, 2, (t:2, i:2))
2024-10-07 19:12:08,925 [NettyRpcService-workerGroup--thread3] INFO  impl.VoteContext (VoteContext.java:log(49)) - s0@group-F5D0649D4159-CANDIDATE: accept PRE_VOTE from s1: our priority 0 <= candidate's priority 0
2024-10-07 19:12:08,925 [NettyRpcService-workerGroup--thread3] INFO  server.RaftServer$Division (RaftServerImpl.java:requestVote(1476)) - s0@group-F5D0649D4159 replies to PRE_VOTE vote request: s1<-s0#0:OK-t2. Peer's state: s0@group-F5D0649D4159:t2, leader=null, voted=s4, raftlog=Memoized:s0@group-F5D0649D4159-SegmentedRaftLog:OPENED:c2:last(t:2, i:2), conf=conf: {index: 1, cur=peers:[s3|localhost:15152, s4|localhost:15156, s0|localhost:15140, s1|localhost:15144, s2|localhost:15148]|listeners:[], old=null}
2024-10-07 19:12:08,925 [s1@group-F5D0649D4159-LeaderElection17] INFO  impl.LeaderElection (LogUtils.java:infoOrTrace(136)) - s1@group-F5D0649D4159-LeaderElection17 got exception when requesting votes: java.util.concurrent.ExecutionException: org.apache.ratis.thirdparty.io.netty.channel.AbstractChannel$AnnotatedConnectException: finishConnect(..) failed: Connection refused: localhost/127.0.0.1:15156
2024-10-07 19:12:08,926 [s1@group-F5D0649D4159-LeaderElection17] INFO  impl.LeaderElection (LogUtils.java:infoOrTrace(136)) - s1@group-F5D0649D4159-LeaderElection17 got exception when requesting votes: java.util.concurrent.ExecutionException: org.apache.ratis.thirdparty.io.netty.channel.AbstractChannel$AnnotatedConnectException: finishConnect(..) failed: Connection refused: localhost/127.0.0.1:15148
2024-10-07 19:12:09,087 [main] WARN  ratis.RaftTestUtil (RaftTestUtil.java:lambda$waitForLeader$3(126)) - Attempt #17 failed: java.lang.IllegalStateException: No leader yet : printing ALL groups
  s3:  RUNNING  FOLLOWER s3@group-F5D0649D4159:t1, leader=null, voted=null, raftlog=Memoized:s3@group-F5D0649D4159-SegmentedRaftLog:OPENED:c-1:lastnull, conf=conf: {index: -1, cur=peers:[s3|localhost:15152, s4|localhost:15156, s0|localhost:15140, s1|localhost:15144, s2|localhost:15148]|listeners:[], old=null} RUNNING
  s4:   CLOSED    LEADER s4@group-F5D0649D4159:t2, leader=s4, voted=s4, raftlog=Memoized:s4@group-F5D0649D4159-SegmentedRaftLog:CLOSED:c2, conf=conf: {index: 1, cur=peers:[s3|localhost:15152, s4|localhost:15156, s0|localhost:15140, s1|localhost:15144, s2|localhost:15148]|listeners:[], old=null} CLOSED
  s0:  RUNNING CANDIDATE s0@group-F5D0649D4159:t2, leader=null, voted=s4, raftlog=Memoized:s0@group-F5D0649D4159-SegmentedRaftLog:OPENED:c2:last(t:2, i:2), conf=conf: {index: 1, cur=peers:[s3|localhost:15152, s4|localhost:15156, s0|localhost:15140, s1|localhost:15144, s2|localhost:15148]|listeners:[], old=null} RUNNING
  s1:  RUNNING CANDIDATE s1@group-F5D0649D4159:t2, leader=null, voted=s4, raftlog=Memoized:s1@group-F5D0649D4159-SegmentedRaftLog:OPENED:c2:last(t:2, i:2), conf=conf: {index: 1, cur=peers:[s3|localhost:15152, s4|localhost:15156, s0|localhost:15140, s1|localhost:15144, s2|localhost:15148]|listeners:[], old=null} RUNNING
  s2:   CLOSED    LEADER s2@group-F5D0649D4159:t1, leader=s2, voted=s2, raftlog=Memoized:s2@group-F5D0649D4159-SegmentedRaftLog:CLOSED:c0, conf=conf: {index: 0, cur=peers:[s3|localhost:15152, s4|localhost:15156, s0|localhost:15140, s1|localhost:15144, s2|localhost:15148]|listeners:[], old=null} CLOSED
2024-10-07 19:12:09,189 [s0@group-F5D0649D4159-LeaderElection18] INFO  impl.LeaderElection (LeaderElection.java:logAndReturn(90)) - s0@group-F5D0649D4159-LeaderElection18: PRE_VOTE TIMEOUT received 1 response(s) and 2 exception(s):
2024-10-07 19:12:09,189 [s0@group-F5D0649D4159-LeaderElection18] INFO  impl.LeaderElection (LeaderElection.java:logAndReturn(94)) -   Response 0: s0<-s1#0:OK-t2
2024-10-07 19:12:09,189 [s0@group-F5D0649D4159-LeaderElection18] INFO  impl.LeaderElection (LogUtils.java:infoOrTrace(136)) -   Exception 1: java.util.concurrent.ExecutionException: org.apache.ratis.thirdparty.io.netty.channel.AbstractChannel$AnnotatedConnectException: finishConnect(..) failed: Connection refused: localhost/127.0.0.1:15156
2024-10-07 19:12:09,189 [s0@group-F5D0649D4159-LeaderElection18] INFO  impl.LeaderElection (LogUtils.java:infoOrTrace(136)) -   Exception 2: java.util.concurrent.ExecutionException: org.apache.ratis.thirdparty.io.netty.channel.AbstractChannel$AnnotatedConnectException: finishConnect(..) failed: Connection refused: localhost/127.0.0.1:15148
2024-10-07 19:12:09,189 [s0@group-F5D0649D4159-LeaderElection18] INFO  impl.LeaderElection (LeaderElection.java:askForVotes(339)) - s0@group-F5D0649D4159-LeaderElection18 PRE_VOTE round 15: result TIMEOUT
2024-10-07 19:12:09,189 [s0@group-F5D0649D4159-LeaderElection18] INFO  impl.LeaderElection (LeaderElection.java:askForVotes(337)) - s0@group-F5D0649D4159-LeaderElection18 PRE_VOTE round 16: submit vote requests at term 2 for conf: {index: 1, cur=peers:[s3|localhost:15152, s4|localhost:15156, s0|localhost:15140, s1|localhost:15144, s2|localhost:15148]|listeners:[], old=null}
2024-10-07 19:12:09,191 [s0@group-F5D0649D4159-LeaderElection18] INFO  impl.LeaderElection (LogUtils.java:infoOrTrace(136)) - s0@group-F5D0649D4159-LeaderElection18 got exception when requesting votes: java.util.concurrent.ExecutionException: org.apache.ratis.thirdparty.io.netty.channel.AbstractChannel$AnnotatedConnectException: finishConnect(..) failed: Connection refused: localhost/127.0.0.1:15156
2024-10-07 19:12:09,191 [NettyRpcService-workerGroup--thread3] INFO  server.RaftServer$Division (RaftServerImpl.java:requestVote(1443)) - s1@group-F5D0649D4159: receive requestVote(PRE_VOTE, s0, group-F5D0649D4159, 2, (t:2, i:2))
2024-10-07 19:12:09,191 [NettyRpcService-workerGroup--thread3] INFO  impl.VoteContext (VoteContext.java:log(49)) - s1@group-F5D0649D4159-CANDIDATE: accept PRE_VOTE from s0: our priority 0 <= candidate's priority 0
2024-10-07 19:12:09,191 [NettyRpcService-workerGroup--thread3] INFO  server.RaftServer$Division (RaftServerImpl.java:requestVote(1476)) - s1@group-F5D0649D4159 replies to PRE_VOTE vote request: s0<-s1#0:OK-t2. Peer's state: s1@group-F5D0649D4159:t2, leader=null, voted=s4, raftlog=Memoized:s1@group-F5D0649D4159-SegmentedRaftLog:OPENED:c2:last(t:2, i:2), conf=conf: {index: 1, cur=peers:[s3|localhost:15152, s4|localhost:15156, s0|localhost:15140, s1|localhost:15144, s2|localhost:15148]|listeners:[], old=null}
2024-10-07 19:12:09,193 [s0@group-F5D0649D4159-LeaderElection18] INFO  impl.LeaderElection (LogUtils.java:infoOrTrace(136)) - s0@group-F5D0649D4159-LeaderElection18 got exception when requesting votes: java.util.concurrent.ExecutionException: org.apache.ratis.thirdparty.io.netty.channel.AbstractChannel$AnnotatedConnectException: finishConnect(..) failed: Connection refused: localhost/127.0.0.1:15148
2024-10-07 19:12:09,202 [s1@group-F5D0649D4159-LeaderElection17] INFO  impl.LeaderElection (LeaderElection.java:logAndReturn(90)) - s1@group-F5D0649D4159-LeaderElection17: PRE_VOTE TIMEOUT received 1 response(s) and 2 exception(s):
2024-10-07 19:12:09,202 [s1@group-F5D0649D4159-LeaderElection17] INFO  impl.LeaderElection (LeaderElection.java:logAndReturn(94)) -   Response 0: s1<-s0#0:OK-t2
2024-10-07 19:12:09,202 [s1@group-F5D0649D4159-LeaderElection17] INFO  impl.LeaderElection (LogUtils.java:infoOrTrace(136)) -   Exception 1: java.util.concurrent.ExecutionException: org.apache.ratis.thirdparty.io.netty.channel.AbstractChannel$AnnotatedConnectException: finishConnect(..) failed: Connection refused: localhost/127.0.0.1:15156
2024-10-07 19:12:09,202 [s1@group-F5D0649D4159-LeaderElection17] INFO  impl.LeaderElection (LogUtils.java:infoOrTrace(136)) -   Exception 2: java.util.concurrent.ExecutionException: org.apache.ratis.thirdparty.io.netty.channel.AbstractChannel$AnnotatedConnectException: finishConnect(..) failed: Connection refused: localhost/127.0.0.1:15148
2024-10-07 19:12:09,202 [s1@group-F5D0649D4159-LeaderElection17] INFO  impl.LeaderElection (LeaderElection.java:askForVotes(339)) - s1@group-F5D0649D4159-LeaderElection17 PRE_VOTE round 32: result TIMEOUT
2024-10-07 19:12:09,203 [s1@group-F5D0649D4159-LeaderElection17] INFO  impl.LeaderElection (LeaderElection.java:askForVotes(337)) - s1@group-F5D0649D4159-LeaderElection17 PRE_VOTE round 33: submit vote requests at term 2 for conf: {index: 1, cur=peers:[s3|localhost:15152, s4|localhost:15156, s0|localhost:15140, s1|localhost:15144, s2|localhost:15148]|listeners:[], old=null}
2024-10-07 19:12:09,203 [NettyRpcService-workerGroup--thread3] INFO  server.RaftServer$Division (RaftServerImpl.java:requestVote(1443)) - s0@group-F5D0649D4159: receive requestVote(PRE_VOTE, s1, group-F5D0649D4159, 2, (t:2, i:2))
2024-10-07 19:12:09,203 [NettyRpcService-workerGroup--thread3] INFO  impl.VoteContext (VoteContext.java:log(49)) - s0@group-F5D0649D4159-CANDIDATE: accept PRE_VOTE from s1: our priority 0 <= candidate's priority 0
2024-10-07 19:12:09,204 [NettyRpcService-workerGroup--thread3] INFO  server.RaftServer$Division (RaftServerImpl.java:requestVote(1476)) - s0@group-F5D0649D4159 replies to PRE_VOTE vote request: s1<-s0#0:OK-t2. Peer's state: s0@group-F5D0649D4159:t2, leader=null, voted=s4, raftlog=Memoized:s0@group-F5D0649D4159-SegmentedRaftLog:OPENED:c2:last(t:2, i:2), conf=conf: {index: 1, cur=peers:[s3|localhost:15152, s4|localhost:15156, s0|localhost:15140, s1|localhost:15144, s2|localhost:15148]|listeners:[], old=null}
2024-10-07 19:12:09,204 [s1@group-F5D0649D4159-LeaderElection17] INFO  impl.LeaderElection (LogUtils.java:infoOrTrace(136)) - s1@group-F5D0649D4159-LeaderElection17 got exception when requesting votes: java.util.concurrent.ExecutionException: org.apache.ratis.thirdparty.io.netty.channel.AbstractChannel$AnnotatedConnectException: finishConnect(..) failed: Connection refused: localhost/127.0.0.1:15148
2024-10-07 19:12:09,204 [s1@group-F5D0649D4159-LeaderElection17] INFO  impl.LeaderElection (LogUtils.java:infoOrTrace(136)) - s1@group-F5D0649D4159-LeaderElection17 got exception when requesting votes: java.util.concurrent.ExecutionException: org.apache.ratis.thirdparty.io.netty.channel.AbstractChannel$AnnotatedConnectException: finishConnect(..) failed: Connection refused: localhost/127.0.0.1:15156
2024-10-07 19:12:09,444 [s0@group-F5D0649D4159-LeaderElection18] INFO  impl.LeaderElection (LeaderElection.java:logAndReturn(90)) - s0@group-F5D0649D4159-LeaderElection18: PRE_VOTE TIMEOUT received 1 response(s) and 2 exception(s):
2024-10-07 19:12:09,444 [s0@group-F5D0649D4159-LeaderElection18] INFO  impl.LeaderElection (LeaderElection.java:logAndReturn(94)) -   Response 0: s0<-s1#0:OK-t2
2024-10-07 19:12:09,444 [s0@group-F5D0649D4159-LeaderElection18] INFO  impl.LeaderElection (LogUtils.java:infoOrTrace(136)) -   Exception 1: java.util.concurrent.ExecutionException: org.apache.ratis.thirdparty.io.netty.channel.AbstractChannel$AnnotatedConnectException: finishConnect(..) failed: Connection refused: localhost/127.0.0.1:15156
2024-10-07 19:12:09,444 [s0@group-F5D0649D4159-LeaderElection18] INFO  impl.LeaderElection (LogUtils.java:infoOrTrace(136)) -   Exception 2: java.util.concurrent.ExecutionException: org.apache.ratis.thirdparty.io.netty.channel.AbstractChannel$AnnotatedConnectException: finishConnect(..) failed: Connection refused: localhost/127.0.0.1:15148
2024-10-07 19:12:09,444 [s0@group-F5D0649D4159-LeaderElection18] INFO  impl.LeaderElection (LeaderElection.java:askForVotes(339)) - s0@group-F5D0649D4159-LeaderElection18 PRE_VOTE round 16: result TIMEOUT
2024-10-07 19:12:09,444 [s0@group-F5D0649D4159-LeaderElection18] INFO  impl.LeaderElection (LeaderElection.java:askForVotes(337)) - s0@group-F5D0649D4159-LeaderElection18 PRE_VOTE round 17: submit vote requests at term 2 for conf: {index: 1, cur=peers:[s3|localhost:15152, s4|localhost:15156, s0|localhost:15140, s1|localhost:15144, s2|localhost:15148]|listeners:[], old=null}
2024-10-07 19:12:09,445 [NettyRpcService-workerGroup--thread3] INFO  server.RaftServer$Division (RaftServerImpl.java:requestVote(1443)) - s1@group-F5D0649D4159: receive requestVote(PRE_VOTE, s0, group-F5D0649D4159, 2, (t:2, i:2))
2024-10-07 19:12:09,445 [NettyRpcService-workerGroup--thread3] INFO  impl.VoteContext (VoteContext.java:log(49)) - s1@group-F5D0649D4159-CANDIDATE: accept PRE_VOTE from s0: our priority 0 <= candidate's priority 0
2024-10-07 19:12:09,445 [NettyRpcService-workerGroup--thread3] INFO  server.RaftServer$Division (RaftServerImpl.java:requestVote(1476)) - s1@group-F5D0649D4159 replies to PRE_VOTE vote request: s0<-s1#0:OK-t2. Peer's state: s1@group-F5D0649D4159:t2, leader=null, voted=s4, raftlog=Memoized:s1@group-F5D0649D4159-SegmentedRaftLog:OPENED:c2:last(t:2, i:2), conf=conf: {index: 1, cur=peers:[s3|localhost:15152, s4|localhost:15156, s0|localhost:15140, s1|localhost:15144, s2|localhost:15148]|listeners:[], old=null}
2024-10-07 19:12:09,446 [s0@group-F5D0649D4159-LeaderElection18] INFO  impl.LeaderElection (LogUtils.java:infoOrTrace(136)) - s0@group-F5D0649D4159-LeaderElection18 got exception when requesting votes: java.util.concurrent.ExecutionException: org.apache.ratis.thirdparty.io.netty.channel.AbstractChannel$AnnotatedConnectException: finishConnect(..) failed: Connection refused: localhost/127.0.0.1:15148
2024-10-07 19:12:09,446 [s0@group-F5D0649D4159-LeaderElection18] INFO  impl.LeaderElection (LogUtils.java:infoOrTrace(136)) - s0@group-F5D0649D4159-LeaderElection18 got exception when requesting votes: java.util.concurrent.ExecutionException: org.apache.ratis.thirdparty.io.netty.channel.AbstractChannel$AnnotatedConnectException: finishConnect(..) failed: Connection refused: localhost/127.0.0.1:15156
2024-10-07 19:12:09,482 [s1@group-F5D0649D4159-LeaderElection17] INFO  impl.LeaderElection (LeaderElection.java:logAndReturn(90)) - s1@group-F5D0649D4159-LeaderElection17: PRE_VOTE TIMEOUT received 1 response(s) and 2 exception(s):
2024-10-07 19:12:09,482 [s1@group-F5D0649D4159-LeaderElection17] INFO  impl.LeaderElection (LeaderElection.java:logAndReturn(94)) -   Response 0: s1<-s0#0:OK-t2
2024-10-07 19:12:09,482 [s1@group-F5D0649D4159-LeaderElection17] INFO  impl.LeaderElection (LogUtils.java:infoOrTrace(136)) -   Exception 1: java.util.concurrent.ExecutionException: org.apache.ratis.thirdparty.io.netty.channel.AbstractChannel$AnnotatedConnectException: finishConnect(..) failed: Connection refused: localhost/127.0.0.1:15148
2024-10-07 19:12:09,482 [s1@group-F5D0649D4159-LeaderElection17] INFO  impl.LeaderElection (LogUtils.java:infoOrTrace(136)) -   Exception 2: java.util.concurrent.ExecutionException: org.apache.ratis.thirdparty.io.netty.channel.AbstractChannel$AnnotatedConnectException: finishConnect(..) failed: Connection refused: localhost/127.0.0.1:15156
2024-10-07 19:12:09,483 [s1@group-F5D0649D4159-LeaderElection17] INFO  impl.LeaderElection (LeaderElection.java:askForVotes(339)) - s1@group-F5D0649D4159-LeaderElection17 PRE_VOTE round 33: result TIMEOUT
2024-10-07 19:12:09,483 [s1@group-F5D0649D4159-LeaderElection17] INFO  impl.LeaderElection (LeaderElection.java:askForVotes(337)) - s1@group-F5D0649D4159-LeaderElection17 PRE_VOTE round 34: submit vote requests at term 2 for conf: {index: 1, cur=peers:[s3|localhost:15152, s4|localhost:15156, s0|localhost:15140, s1|localhost:15144, s2|localhost:15148]|listeners:[], old=null}
2024-10-07 19:12:09,484 [NettyRpcService-workerGroup--thread3] INFO  server.RaftServer$Division (RaftServerImpl.java:requestVote(1443)) - s0@group-F5D0649D4159: receive requestVote(PRE_VOTE, s1, group-F5D0649D4159, 2, (t:2, i:2))
2024-10-07 19:12:09,484 [NettyRpcService-workerGroup--thread3] INFO  impl.VoteContext (VoteContext.java:log(49)) - s0@group-F5D0649D4159-CANDIDATE: accept PRE_VOTE from s1: our priority 0 <= candidate's priority 0
2024-10-07 19:12:09,484 [NettyRpcService-workerGroup--thread3] INFO  server.RaftServer$Division (RaftServerImpl.java:requestVote(1476)) - s0@group-F5D0649D4159 replies to PRE_VOTE vote request: s1<-s0#0:OK-t2. Peer's state: s0@group-F5D0649D4159:t2, leader=null, voted=s4, raftlog=Memoized:s0@group-F5D0649D4159-SegmentedRaftLog:OPENED:c2:last(t:2, i:2), conf=conf: {index: 1, cur=peers:[s3|localhost:15152, s4|localhost:15156, s0|localhost:15140, s1|localhost:15144, s2|localhost:15148]|listeners:[], old=null}
2024-10-07 19:12:09,484 [s1@group-F5D0649D4159-LeaderElection17] INFO  impl.LeaderElection (LogUtils.java:infoOrTrace(136)) - s1@group-F5D0649D4159-LeaderElection17 got exception when requesting votes: java.util.concurrent.ExecutionException: org.apache.ratis.thirdparty.io.netty.channel.AbstractChannel$AnnotatedConnectException: finishConnect(..) failed: Connection refused: localhost/127.0.0.1:15148
2024-10-07 19:12:09,484 [s1@group-F5D0649D4159-LeaderElection17] INFO  impl.LeaderElection (LogUtils.java:infoOrTrace(136)) - s1@group-F5D0649D4159-LeaderElection17 got exception when requesting votes: java.util.concurrent.ExecutionException: org.apache.ratis.thirdparty.io.netty.channel.AbstractChannel$AnnotatedConnectException: finishConnect(..) failed: Connection refused: localhost/127.0.0.1:15156
2024-10-07 19:12:09,538 [main] WARN  ratis.RaftTestUtil (RaftTestUtil.java:lambda$waitForLeader$3(126)) - Attempt #18 failed: java.lang.IllegalStateException: No leader yet : printing ALL groups
  s3:  RUNNING  FOLLOWER s3@group-F5D0649D4159:t1, leader=null, voted=null, raftlog=Memoized:s3@group-F5D0649D4159-SegmentedRaftLog:OPENED:c-1:lastnull, conf=conf: {index: -1, cur=peers:[s3|localhost:15152, s4|localhost:15156, s0|localhost:15140, s1|localhost:15144, s2|localhost:15148]|listeners:[], old=null} RUNNING
  s4:   CLOSED    LEADER s4@group-F5D0649D4159:t2, leader=s4, voted=s4, raftlog=Memoized:s4@group-F5D0649D4159-SegmentedRaftLog:CLOSED:c2, conf=conf: {index: 1, cur=peers:[s3|localhost:15152, s4|localhost:15156, s0|localhost:15140, s1|localhost:15144, s2|localhost:15148]|listeners:[], old=null} CLOSED
  s0:  RUNNING CANDIDATE s0@group-F5D0649D4159:t2, leader=null, voted=s4, raftlog=Memoized:s0@group-F5D0649D4159-SegmentedRaftLog:OPENED:c2:last(t:2, i:2), conf=conf: {index: 1, cur=peers:[s3|localhost:15152, s4|localhost:15156, s0|localhost:15140, s1|localhost:15144, s2|localhost:15148]|listeners:[], old=null} RUNNING
  s1:  RUNNING CANDIDATE s1@group-F5D0649D4159:t2, leader=null, voted=s4, raftlog=Memoized:s1@group-F5D0649D4159-SegmentedRaftLog:OPENED:c2:last(t:2, i:2), conf=conf: {index: 1, cur=peers:[s3|localhost:15152, s4|localhost:15156, s0|localhost:15140, s1|localhost:15144, s2|localhost:15148]|listeners:[], old=null} RUNNING
  s2:   CLOSED    LEADER s2@group-F5D0649D4159:t1, leader=s2, voted=s2, raftlog=Memoized:s2@group-F5D0649D4159-SegmentedRaftLog:CLOSED:c0, conf=conf: {index: 0, cur=peers:[s3|localhost:15152, s4|localhost:15156, s0|localhost:15140, s1|localhost:15144, s2|localhost:15148]|listeners:[], old=null} CLOSED
2024-10-07 19:12:09,611 [s0@group-F5D0649D4159-LeaderElection18] INFO  impl.LeaderElection (LeaderElection.java:logAndReturn(90)) - s0@group-F5D0649D4159-LeaderElection18: PRE_VOTE TIMEOUT received 1 response(s) and 2 exception(s):
2024-10-07 19:12:09,611 [s0@group-F5D0649D4159-LeaderElection18] INFO  impl.LeaderElection (LeaderElection.java:logAndReturn(94)) -   Response 0: s0<-s1#0:OK-t2
2024-10-07 19:12:09,611 [s0@group-F5D0649D4159-LeaderElection18] INFO  impl.LeaderElection (LogUtils.java:infoOrTrace(136)) -   Exception 1: java.util.concurrent.ExecutionException: org.apache.ratis.thirdparty.io.netty.channel.AbstractChannel$AnnotatedConnectException: finishConnect(..) failed: Connection refused: localhost/127.0.0.1:15148
2024-10-07 19:12:09,611 [s0@group-F5D0649D4159-LeaderElection18] INFO  impl.LeaderElection (LogUtils.java:infoOrTrace(136)) -   Exception 2: java.util.concurrent.ExecutionException: org.apache.ratis.thirdparty.io.netty.channel.AbstractChannel$AnnotatedConnectException: finishConnect(..) failed: Connection refused: localhost/127.0.0.1:15156
2024-10-07 19:12:09,611 [s0@group-F5D0649D4159-LeaderElection18] INFO  impl.LeaderElection (LeaderElection.java:askForVotes(339)) - s0@group-F5D0649D4159-LeaderElection18 PRE_VOTE round 17: result TIMEOUT
2024-10-07 19:12:09,611 [s0@group-F5D0649D4159-LeaderElection18] INFO  impl.LeaderElection (LeaderElection.java:askForVotes(337)) - s0@group-F5D0649D4159-LeaderElection18 PRE_VOTE round 18: submit vote requests at term 2 for conf: {index: 1, cur=peers:[s3|localhost:15152, s4|localhost:15156, s0|localhost:15140, s1|localhost:15144, s2|localhost:15148]|listeners:[], old=null}
2024-10-07 19:12:09,612 [NettyRpcService-workerGroup--thread3] INFO  server.RaftServer$Division (RaftServerImpl.java:requestVote(1443)) - s1@group-F5D0649D4159: receive requestVote(PRE_VOTE, s0, group-F5D0649D4159, 2, (t:2, i:2))
2024-10-07 19:12:09,612 [NettyRpcService-workerGroup--thread3] INFO  impl.VoteContext (VoteContext.java:log(49)) - s1@group-F5D0649D4159-CANDIDATE: accept PRE_VOTE from s0: our priority 0 <= candidate's priority 0
2024-10-07 19:12:09,613 [NettyRpcService-workerGroup--thread3] INFO  server.RaftServer$Division (RaftServerImpl.java:requestVote(1476)) - s1@group-F5D0649D4159 replies to PRE_VOTE vote request: s0<-s1#0:OK-t2. Peer's state: s1@group-F5D0649D4159:t2, leader=null, voted=s4, raftlog=Memoized:s1@group-F5D0649D4159-SegmentedRaftLog:OPENED:c2:last(t:2, i:2), conf=conf: {index: 1, cur=peers:[s3|localhost:15152, s4|localhost:15156, s0|localhost:15140, s1|localhost:15144, s2|localhost:15148]|listeners:[], old=null}
2024-10-07 19:12:09,613 [s0@group-F5D0649D4159-LeaderElection18] INFO  impl.LeaderElection (LogUtils.java:infoOrTrace(136)) - s0@group-F5D0649D4159-LeaderElection18 got exception when requesting votes: java.util.concurrent.ExecutionException: org.apache.ratis.thirdparty.io.netty.channel.AbstractChannel$AnnotatedConnectException: finishConnect(..) failed: Connection refused: localhost/127.0.0.1:15156
2024-10-07 19:12:09,613 [s0@group-F5D0649D4159-LeaderElection18] INFO  impl.LeaderElection (LogUtils.java:infoOrTrace(136)) - s0@group-F5D0649D4159-LeaderElection18 got exception when requesting votes: java.util.concurrent.ExecutionException: org.apache.ratis.thirdparty.io.netty.channel.AbstractChannel$AnnotatedConnectException: finishConnect(..) failed: Connection refused: localhost/127.0.0.1:15148
2024-10-07 19:12:09,735 [s1@group-F5D0649D4159-LeaderElection17] INFO  impl.LeaderElection (LeaderElection.java:logAndReturn(90)) - s1@group-F5D0649D4159-LeaderElection17: PRE_VOTE TIMEOUT received 1 response(s) and 2 exception(s):
2024-10-07 19:12:09,736 [s1@group-F5D0649D4159-LeaderElection17] INFO  impl.LeaderElection (LeaderElection.java:logAndReturn(94)) -   Response 0: s1<-s0#0:OK-t2
2024-10-07 19:12:09,736 [s1@group-F5D0649D4159-LeaderElection17] INFO  impl.LeaderElection (LogUtils.java:infoOrTrace(136)) -   Exception 1: java.util.concurrent.ExecutionException: org.apache.ratis.thirdparty.io.netty.channel.AbstractChannel$AnnotatedConnectException: finishConnect(..) failed: Connection refused: localhost/127.0.0.1:15148
2024-10-07 19:12:09,736 [s1@group-F5D0649D4159-LeaderElection17] INFO  impl.LeaderElection (LogUtils.java:infoOrTrace(136)) -   Exception 2: java.util.concurrent.ExecutionException: org.apache.ratis.thirdparty.io.netty.channel.AbstractChannel$AnnotatedConnectException: finishConnect(..) failed: Connection refused: localhost/127.0.0.1:15156
2024-10-07 19:12:09,736 [s1@group-F5D0649D4159-LeaderElection17] INFO  impl.LeaderElection (LeaderElection.java:askForVotes(339)) - s1@group-F5D0649D4159-LeaderElection17 PRE_VOTE round 34: result TIMEOUT
2024-10-07 19:12:09,736 [s1@group-F5D0649D4159-LeaderElection17] INFO  impl.LeaderElection (LeaderElection.java:askForVotes(337)) - s1@group-F5D0649D4159-LeaderElection17 PRE_VOTE round 35: submit vote requests at term 2 for conf: {index: 1, cur=peers:[s3|localhost:15152, s4|localhost:15156, s0|localhost:15140, s1|localhost:15144, s2|localhost:15148]|listeners:[], old=null}
2024-10-07 19:12:09,737 [NettyRpcService-workerGroup--thread3] INFO  server.RaftServer$Division (RaftServerImpl.java:requestVote(1443)) - s0@group-F5D0649D4159: receive requestVote(PRE_VOTE, s1, group-F5D0649D4159, 2, (t:2, i:2))
2024-10-07 19:12:09,737 [NettyRpcService-workerGroup--thread3] INFO  impl.VoteContext (VoteContext.java:log(49)) - s0@group-F5D0649D4159-CANDIDATE: accept PRE_VOTE from s1: our priority 0 <= candidate's priority 0
2024-10-07 19:12:09,737 [s1@group-F5D0649D4159-LeaderElection17] INFO  impl.LeaderElection (LogUtils.java:infoOrTrace(136)) - s1@group-F5D0649D4159-LeaderElection17 got exception when requesting votes: java.util.concurrent.ExecutionException: org.apache.ratis.thirdparty.io.netty.channel.AbstractChannel$AnnotatedConnectException: finishConnect(..) failed: Connection refused: localhost/127.0.0.1:15148
2024-10-07 19:12:09,737 [NettyRpcService-workerGroup--thread3] INFO  server.RaftServer$Division (RaftServerImpl.java:requestVote(1476)) - s0@group-F5D0649D4159 replies to PRE_VOTE vote request: s1<-s0#0:OK-t2. Peer's state: s0@group-F5D0649D4159:t2, leader=null, voted=s4, raftlog=Memoized:s0@group-F5D0649D4159-SegmentedRaftLog:OPENED:c2:last(t:2, i:2), conf=conf: {index: 1, cur=peers:[s3|localhost:15152, s4|localhost:15156, s0|localhost:15140, s1|localhost:15144, s2|localhost:15148]|listeners:[], old=null}
2024-10-07 19:12:09,737 [s1@group-F5D0649D4159-LeaderElection17] INFO  impl.LeaderElection (LogUtils.java:infoOrTrace(136)) - s1@group-F5D0649D4159-LeaderElection17 got exception when requesting votes: java.util.concurrent.ExecutionException: org.apache.ratis.thirdparty.io.netty.channel.AbstractChannel$AnnotatedConnectException: finishConnect(..) failed: Connection refused: localhost/127.0.0.1:15156
2024-10-07 19:12:09,806 [s0@group-F5D0649D4159-LeaderElection18] INFO  impl.LeaderElection (LeaderElection.java:logAndReturn(90)) - s0@group-F5D0649D4159-LeaderElection18: PRE_VOTE TIMEOUT received 1 response(s) and 2 exception(s):
2024-10-07 19:12:09,806 [s0@group-F5D0649D4159-LeaderElection18] INFO  impl.LeaderElection (LeaderElection.java:logAndReturn(94)) -   Response 0: s0<-s1#0:OK-t2
2024-10-07 19:12:09,806 [s0@group-F5D0649D4159-LeaderElection18] INFO  impl.LeaderElection (LogUtils.java:infoOrTrace(136)) -   Exception 1: java.util.concurrent.ExecutionException: org.apache.ratis.thirdparty.io.netty.channel.AbstractChannel$AnnotatedConnectException: finishConnect(..) failed: Connection refused: localhost/127.0.0.1:15156
2024-10-07 19:12:09,806 [s0@group-F5D0649D4159-LeaderElection18] INFO  impl.LeaderElection (LogUtils.java:infoOrTrace(136)) -   Exception 2: java.util.concurrent.ExecutionException: org.apache.ratis.thirdparty.io.netty.channel.AbstractChannel$AnnotatedConnectException: finishConnect(..) failed: Connection refused: localhost/127.0.0.1:15148
2024-10-07 19:12:09,806 [s0@group-F5D0649D4159-LeaderElection18] INFO  impl.LeaderElection (LeaderElection.java:askForVotes(339)) - s0@group-F5D0649D4159-LeaderElection18 PRE_VOTE round 18: result TIMEOUT
2024-10-07 19:12:09,806 [s0@group-F5D0649D4159-LeaderElection18] INFO  impl.LeaderElection (LeaderElection.java:askForVotes(337)) - s0@group-F5D0649D4159-LeaderElection18 PRE_VOTE round 19: submit vote requests at term 2 for conf: {index: 1, cur=peers:[s3|localhost:15152, s4|localhost:15156, s0|localhost:15140, s1|localhost:15144, s2|localhost:15148]|listeners:[], old=null}
2024-10-07 19:12:09,807 [NettyRpcService-workerGroup--thread3] INFO  server.RaftServer$Division (RaftServerImpl.java:requestVote(1443)) - s1@group-F5D0649D4159: receive requestVote(PRE_VOTE, s0, group-F5D0649D4159, 2, (t:2, i:2))
2024-10-07 19:12:09,807 [NettyRpcService-workerGroup--thread3] INFO  impl.VoteContext (VoteContext.java:log(49)) - s1@group-F5D0649D4159-CANDIDATE: accept PRE_VOTE from s0: our priority 0 <= candidate's priority 0
2024-10-07 19:12:09,808 [NettyRpcService-workerGroup--thread3] INFO  server.RaftServer$Division (RaftServerImpl.java:requestVote(1476)) - s1@group-F5D0649D4159 replies to PRE_VOTE vote request: s0<-s1#0:OK-t2. Peer's state: s1@group-F5D0649D4159:t2, leader=null, voted=s4, raftlog=Memoized:s1@group-F5D0649D4159-SegmentedRaftLog:OPENED:c2:last(t:2, i:2), conf=conf: {index: 1, cur=peers:[s3|localhost:15152, s4|localhost:15156, s0|localhost:15140, s1|localhost:15144, s2|localhost:15148]|listeners:[], old=null}
2024-10-07 19:12:09,808 [s0@group-F5D0649D4159-LeaderElection18] INFO  impl.LeaderElection (LogUtils.java:infoOrTrace(136)) - s0@group-F5D0649D4159-LeaderElection18 got exception when requesting votes: java.util.concurrent.ExecutionException: org.apache.ratis.thirdparty.io.netty.channel.AbstractChannel$AnnotatedConnectException: finishConnect(..) failed: Connection refused: localhost/127.0.0.1:15156
2024-10-07 19:12:09,808 [s0@group-F5D0649D4159-LeaderElection18] INFO  impl.LeaderElection (LogUtils.java:infoOrTrace(136)) - s0@group-F5D0649D4159-LeaderElection18 got exception when requesting votes: java.util.concurrent.ExecutionException: org.apache.ratis.thirdparty.io.netty.channel.AbstractChannel$AnnotatedConnectException: finishConnect(..) failed: Connection refused: localhost/127.0.0.1:15148
2024-10-07 19:12:09,930 [s1@group-F5D0649D4159-LeaderElection17] INFO  impl.LeaderElection (LeaderElection.java:logAndReturn(90)) - s1@group-F5D0649D4159-LeaderElection17: PRE_VOTE TIMEOUT received 1 response(s) and 2 exception(s):
2024-10-07 19:12:09,930 [s1@group-F5D0649D4159-LeaderElection17] INFO  impl.LeaderElection (LeaderElection.java:logAndReturn(94)) -   Response 0: s1<-s0#0:OK-t2
2024-10-07 19:12:09,930 [s1@group-F5D0649D4159-LeaderElection17] INFO  impl.LeaderElection (LogUtils.java:infoOrTrace(136)) -   Exception 1: java.util.concurrent.ExecutionException: org.apache.ratis.thirdparty.io.netty.channel.AbstractChannel$AnnotatedConnectException: finishConnect(..) failed: Connection refused: localhost/127.0.0.1:15148
2024-10-07 19:12:09,930 [s1@group-F5D0649D4159-LeaderElection17] INFO  impl.LeaderElection (LogUtils.java:infoOrTrace(136)) -   Exception 2: java.util.concurrent.ExecutionException: org.apache.ratis.thirdparty.io.netty.channel.AbstractChannel$AnnotatedConnectException: finishConnect(..) failed: Connection refused: localhost/127.0.0.1:15156
2024-10-07 19:12:09,930 [s1@group-F5D0649D4159-LeaderElection17] INFO  impl.LeaderElection (LeaderElection.java:askForVotes(339)) - s1@group-F5D0649D4159-LeaderElection17 PRE_VOTE round 35: result TIMEOUT
2024-10-07 19:12:09,930 [s1@group-F5D0649D4159-LeaderElection17] INFO  impl.LeaderElection (LeaderElection.java:askForVotes(337)) - s1@group-F5D0649D4159-LeaderElection17 PRE_VOTE round 36: submit vote requests at term 2 for conf: {index: 1, cur=peers:[s3|localhost:15152, s4|localhost:15156, s0|localhost:15140, s1|localhost:15144, s2|localhost:15148]|listeners:[], old=null}
2024-10-07 19:12:09,931 [NettyRpcService-workerGroup--thread3] INFO  server.RaftServer$Division (RaftServerImpl.java:requestVote(1443)) - s0@group-F5D0649D4159: receive requestVote(PRE_VOTE, s1, group-F5D0649D4159, 2, (t:2, i:2))
2024-10-07 19:12:09,931 [NettyRpcService-workerGroup--thread3] INFO  impl.VoteContext (VoteContext.java:log(49)) - s0@group-F5D0649D4159-CANDIDATE: accept PRE_VOTE from s1: our priority 0 <= candidate's priority 0
2024-10-07 19:12:09,931 [NettyRpcService-workerGroup--thread3] INFO  server.RaftServer$Division (RaftServerImpl.java:requestVote(1476)) - s0@group-F5D0649D4159 replies to PRE_VOTE vote request: s1<-s0#0:OK-t2. Peer's state: s0@group-F5D0649D4159:t2, leader=null, voted=s4, raftlog=Memoized:s0@group-F5D0649D4159-SegmentedRaftLog:OPENED:c2:last(t:2, i:2), conf=conf: {index: 1, cur=peers:[s3|localhost:15152, s4|localhost:15156, s0|localhost:15140, s1|localhost:15144, s2|localhost:15148]|listeners:[], old=null}
2024-10-07 19:12:09,931 [s1@group-F5D0649D4159-LeaderElection17] INFO  impl.LeaderElection (LogUtils.java:infoOrTrace(136)) - s1@group-F5D0649D4159-LeaderElection17 got exception when requesting votes: java.util.concurrent.ExecutionException: org.apache.ratis.thirdparty.io.netty.channel.AbstractChannel$AnnotatedConnectException: finishConnect(..) failed: Connection refused: localhost/127.0.0.1:15156
2024-10-07 19:12:09,931 [s1@group-F5D0649D4159-LeaderElection17] INFO  impl.LeaderElection (LogUtils.java:infoOrTrace(136)) - s1@group-F5D0649D4159-LeaderElection17 got exception when requesting votes: java.util.concurrent.ExecutionException: org.apache.ratis.thirdparty.io.netty.channel.AbstractChannel$AnnotatedConnectException: finishConnect(..) failed: Connection refused: localhost/127.0.0.1:15148
2024-10-07 19:12:09,989 [main] WARN  ratis.RaftTestUtil (RaftTestUtil.java:lambda$waitForLeader$3(126)) - Attempt #19 failed: java.lang.IllegalStateException: No leader yet : printing ALL groups
  s3:  RUNNING  FOLLOWER s3@group-F5D0649D4159:t1, leader=null, voted=null, raftlog=Memoized:s3@group-F5D0649D4159-SegmentedRaftLog:OPENED:c-1:lastnull, conf=conf: {index: -1, cur=peers:[s3|localhost:15152, s4|localhost:15156, s0|localhost:15140, s1|localhost:15144, s2|localhost:15148]|listeners:[], old=null} RUNNING
  s4:   CLOSED    LEADER s4@group-F5D0649D4159:t2, leader=s4, voted=s4, raftlog=Memoized:s4@group-F5D0649D4159-SegmentedRaftLog:CLOSED:c2, conf=conf: {index: 1, cur=peers:[s3|localhost:15152, s4|localhost:15156, s0|localhost:15140, s1|localhost:15144, s2|localhost:15148]|listeners:[], old=null} CLOSED
  s0:  RUNNING CANDIDATE s0@group-F5D0649D4159:t2, leader=null, voted=s4, raftlog=Memoized:s0@group-F5D0649D4159-SegmentedRaftLog:OPENED:c2:last(t:2, i:2), conf=conf: {index: 1, cur=peers:[s3|localhost:15152, s4|localhost:15156, s0|localhost:15140, s1|localhost:15144, s2|localhost:15148]|listeners:[], old=null} RUNNING
  s1:  RUNNING CANDIDATE s1@group-F5D0649D4159:t2, leader=null, voted=s4, raftlog=Memoized:s1@group-F5D0649D4159-SegmentedRaftLog:OPENED:c2:last(t:2, i:2), conf=conf: {index: 1, cur=peers:[s3|localhost:15152, s4|localhost:15156, s0|localhost:15140, s1|localhost:15144, s2|localhost:15148]|listeners:[], old=null} RUNNING
  s2:   CLOSED    LEADER s2@group-F5D0649D4159:t1, leader=s2, voted=s2, raftlog=Memoized:s2@group-F5D0649D4159-SegmentedRaftLog:CLOSED:c0, conf=conf: {index: 0, cur=peers:[s3|localhost:15152, s4|localhost:15156, s0|localhost:15140, s1|localhost:15144, s2|localhost:15148]|listeners:[], old=null} CLOSED
2024-10-07 19:12:10,045 [s0@group-F5D0649D4159-LeaderElection18] INFO  impl.LeaderElection (LeaderElection.java:logAndReturn(90)) - s0@group-F5D0649D4159-LeaderElection18: PRE_VOTE TIMEOUT received 1 response(s) and 2 exception(s):
2024-10-07 19:12:10,045 [s0@group-F5D0649D4159-LeaderElection18] INFO  impl.LeaderElection (LeaderElection.java:logAndReturn(94)) -   Response 0: s0<-s1#0:OK-t2
2024-10-07 19:12:10,045 [s0@group-F5D0649D4159-LeaderElection18] INFO  impl.LeaderElection (LogUtils.java:infoOrTrace(136)) -   Exception 1: java.util.concurrent.ExecutionException: org.apache.ratis.thirdparty.io.netty.channel.AbstractChannel$AnnotatedConnectException: finishConnect(..) failed: Connection refused: localhost/127.0.0.1:15156
2024-10-07 19:12:10,045 [s0@group-F5D0649D4159-LeaderElection18] INFO  impl.LeaderElection (LogUtils.java:infoOrTrace(136)) -   Exception 2: java.util.concurrent.ExecutionException: org.apache.ratis.thirdparty.io.netty.channel.AbstractChannel$AnnotatedConnectException: finishConnect(..) failed: Connection refused: localhost/127.0.0.1:15148
2024-10-07 19:12:10,045 [s0@group-F5D0649D4159-LeaderElection18] INFO  impl.LeaderElection (LeaderElection.java:askForVotes(339)) - s0@group-F5D0649D4159-LeaderElection18 PRE_VOTE round 19: result TIMEOUT
2024-10-07 19:12:10,046 [s0@group-F5D0649D4159-LeaderElection18] INFO  impl.LeaderElection (LeaderElection.java:askForVotes(337)) - s0@group-F5D0649D4159-LeaderElection18 PRE_VOTE round 20: submit vote requests at term 2 for conf: {index: 1, cur=peers:[s3|localhost:15152, s4|localhost:15156, s0|localhost:15140, s1|localhost:15144, s2|localhost:15148]|listeners:[], old=null}
2024-10-07 19:12:10,046 [NettyRpcService-workerGroup--thread3] INFO  server.RaftServer$Division (RaftServerImpl.java:requestVote(1443)) - s1@group-F5D0649D4159: receive requestVote(PRE_VOTE, s0, group-F5D0649D4159, 2, (t:2, i:2))
2024-10-07 19:12:10,047 [NettyRpcService-workerGroup--thread3] INFO  impl.VoteContext (VoteContext.java:log(49)) - s1@group-F5D0649D4159-CANDIDATE: accept PRE_VOTE from s0: our priority 0 <= candidate's priority 0
2024-10-07 19:12:10,047 [s0@group-F5D0649D4159-LeaderElection18] INFO  impl.LeaderElection (LogUtils.java:infoOrTrace(136)) - s0@group-F5D0649D4159-LeaderElection18 got exception when requesting votes: java.util.concurrent.ExecutionException: org.apache.ratis.thirdparty.io.netty.channel.AbstractChannel$AnnotatedConnectException: finishConnect(..) failed: Connection refused: localhost/127.0.0.1:15156
2024-10-07 19:12:10,047 [NettyRpcService-workerGroup--thread3] INFO  server.RaftServer$Division (RaftServerImpl.java:requestVote(1476)) - s1@group-F5D0649D4159 replies to PRE_VOTE vote request: s0<-s1#0:OK-t2. Peer's state: s1@group-F5D0649D4159:t2, leader=null, voted=s4, raftlog=Memoized:s1@group-F5D0649D4159-SegmentedRaftLog:OPENED:c2:last(t:2, i:2), conf=conf: {index: 1, cur=peers:[s3|localhost:15152, s4|localhost:15156, s0|localhost:15140, s1|localhost:15144, s2|localhost:15148]|listeners:[], old=null}
2024-10-07 19:12:10,047 [s0@group-F5D0649D4159-LeaderElection18] INFO  impl.LeaderElection (LogUtils.java:infoOrTrace(136)) - s0@group-F5D0649D4159-LeaderElection18 got exception when requesting votes: java.util.concurrent.ExecutionException: org.apache.ratis.thirdparty.io.netty.channel.AbstractChannel$AnnotatedConnectException: finishConnect(..) failed: Connection refused: localhost/127.0.0.1:15148
2024-10-07 19:12:10,151 [s1@group-F5D0649D4159-LeaderElection17] INFO  impl.LeaderElection (LeaderElection.java:logAndReturn(90)) - s1@group-F5D0649D4159-LeaderElection17: PRE_VOTE TIMEOUT received 1 response(s) and 2 exception(s):
2024-10-07 19:12:10,151 [s1@group-F5D0649D4159-LeaderElection17] INFO  impl.LeaderElection (LeaderElection.java:logAndReturn(94)) -   Response 0: s1<-s0#0:OK-t2
2024-10-07 19:12:10,151 [s1@group-F5D0649D4159-LeaderElection17] INFO  impl.LeaderElection (LogUtils.java:infoOrTrace(136)) -   Exception 1: java.util.concurrent.ExecutionException: org.apache.ratis.thirdparty.io.netty.channel.AbstractChannel$AnnotatedConnectException: finishConnect(..) failed: Connection refused: localhost/127.0.0.1:15156
2024-10-07 19:12:10,151 [s1@group-F5D0649D4159-LeaderElection17] INFO  impl.LeaderElection (LogUtils.java:infoOrTrace(136)) -   Exception 2: java.util.concurrent.ExecutionException: org.apache.ratis.thirdparty.io.netty.channel.AbstractChannel$AnnotatedConnectException: finishConnect(..) failed: Connection refused: localhost/127.0.0.1:15148
2024-10-07 19:12:10,151 [s1@group-F5D0649D4159-LeaderElection17] INFO  impl.LeaderElection (LeaderElection.java:askForVotes(339)) - s1@group-F5D0649D4159-LeaderElection17 PRE_VOTE round 36: result TIMEOUT
2024-10-07 19:12:10,151 [s1@group-F5D0649D4159-LeaderElection17] INFO  impl.LeaderElection (LeaderElection.java:askForVotes(337)) - s1@group-F5D0649D4159-LeaderElection17 PRE_VOTE round 37: submit vote requests at term 2 for conf: {index: 1, cur=peers:[s3|localhost:15152, s4|localhost:15156, s0|localhost:15140, s1|localhost:15144, s2|localhost:15148]|listeners:[], old=null}
2024-10-07 19:12:10,152 [NettyRpcService-workerGroup--thread3] INFO  server.RaftServer$Division (RaftServerImpl.java:requestVote(1443)) - s0@group-F5D0649D4159: receive requestVote(PRE_VOTE, s1, group-F5D0649D4159, 2, (t:2, i:2))
2024-10-07 19:12:10,152 [s1@group-F5D0649D4159-LeaderElection17] INFO  impl.LeaderElection (LogUtils.java:infoOrTrace(136)) - s1@group-F5D0649D4159-LeaderElection17 got exception when requesting votes: java.util.concurrent.ExecutionException: org.apache.ratis.thirdparty.io.netty.channel.AbstractChannel$AnnotatedConnectException: finishConnect(..) failed: Connection refused: localhost/127.0.0.1:15156
2024-10-07 19:12:10,152 [NettyRpcService-workerGroup--thread3] INFO  impl.VoteContext (VoteContext.java:log(49)) - s0@group-F5D0649D4159-CANDIDATE: accept PRE_VOTE from s1: our priority 0 <= candidate's priority 0
2024-10-07 19:12:10,152 [NettyRpcService-workerGroup--thread3] INFO  server.RaftServer$Division (RaftServerImpl.java:requestVote(1476)) - s0@group-F5D0649D4159 replies to PRE_VOTE vote request: s1<-s0#0:OK-t2. Peer's state: s0@group-F5D0649D4159:t2, leader=null, voted=s4, raftlog=Memoized:s0@group-F5D0649D4159-SegmentedRaftLog:OPENED:c2:last(t:2, i:2), conf=conf: {index: 1, cur=peers:[s3|localhost:15152, s4|localhost:15156, s0|localhost:15140, s1|localhost:15144, s2|localhost:15148]|listeners:[], old=null}
2024-10-07 19:12:10,153 [s1@group-F5D0649D4159-LeaderElection17] INFO  impl.LeaderElection (LogUtils.java:infoOrTrace(136)) - s1@group-F5D0649D4159-LeaderElection17 got exception when requesting votes: java.util.concurrent.ExecutionException: org.apache.ratis.thirdparty.io.netty.channel.AbstractChannel$AnnotatedConnectException: finishConnect(..) failed: Connection refused: localhost/127.0.0.1:15148
2024-10-07 19:12:10,199 [s0@group-F5D0649D4159-LeaderElection18] INFO  impl.LeaderElection (LeaderElection.java:logAndReturn(90)) - s0@group-F5D0649D4159-LeaderElection18: PRE_VOTE TIMEOUT received 1 response(s) and 2 exception(s):
2024-10-07 19:12:10,199 [s0@group-F5D0649D4159-LeaderElection18] INFO  impl.LeaderElection (LeaderElection.java:logAndReturn(94)) -   Response 0: s0<-s1#0:OK-t2
2024-10-07 19:12:10,199 [s0@group-F5D0649D4159-LeaderElection18] INFO  impl.LeaderElection (LogUtils.java:infoOrTrace(136)) -   Exception 1: java.util.concurrent.ExecutionException: org.apache.ratis.thirdparty.io.netty.channel.AbstractChannel$AnnotatedConnectException: finishConnect(..) failed: Connection refused: localhost/127.0.0.1:15156
2024-10-07 19:12:10,199 [s0@group-F5D0649D4159-LeaderElection18] INFO  impl.LeaderElection (LogUtils.java:infoOrTrace(136)) -   Exception 2: java.util.concurrent.ExecutionException: org.apache.ratis.thirdparty.io.netty.channel.AbstractChannel$AnnotatedConnectException: finishConnect(..) failed: Connection refused: localhost/127.0.0.1:15148
2024-10-07 19:12:10,200 [s0@group-F5D0649D4159-LeaderElection18] INFO  impl.LeaderElection (LeaderElection.java:askForVotes(339)) - s0@group-F5D0649D4159-LeaderElection18 PRE_VOTE round 20: result TIMEOUT
2024-10-07 19:12:10,200 [s0@group-F5D0649D4159-LeaderElection18] INFO  impl.LeaderElection (LeaderElection.java:askForVotes(337)) - s0@group-F5D0649D4159-LeaderElection18 PRE_VOTE round 21: submit vote requests at term 2 for conf: {index: 1, cur=peers:[s3|localhost:15152, s4|localhost:15156, s0|localhost:15140, s1|localhost:15144, s2|localhost:15148]|listeners:[], old=null}
2024-10-07 19:12:10,200 [NettyRpcService-workerGroup--thread3] INFO  server.RaftServer$Division (RaftServerImpl.java:requestVote(1443)) - s1@group-F5D0649D4159: receive requestVote(PRE_VOTE, s0, group-F5D0649D4159, 2, (t:2, i:2))
2024-10-07 19:12:10,201 [s0@group-F5D0649D4159-LeaderElection18] INFO  impl.LeaderElection (LogUtils.java:infoOrTrace(136)) - s0@group-F5D0649D4159-LeaderElection18 got exception when requesting votes: java.util.concurrent.ExecutionException: org.apache.ratis.thirdparty.io.netty.channel.AbstractChannel$AnnotatedConnectException: finishConnect(..) failed: Connection refused: localhost/127.0.0.1:15156
2024-10-07 19:12:10,201 [NettyRpcService-workerGroup--thread3] INFO  impl.VoteContext (VoteContext.java:log(49)) - s1@group-F5D0649D4159-CANDIDATE: accept PRE_VOTE from s0: our priority 0 <= candidate's priority 0
2024-10-07 19:12:10,201 [s0@group-F5D0649D4159-LeaderElection18] INFO  impl.LeaderElection (LogUtils.java:infoOrTrace(136)) - s0@group-F5D0649D4159-LeaderElection18 got exception when requesting votes: java.util.concurrent.ExecutionException: org.apache.ratis.thirdparty.io.netty.channel.AbstractChannel$AnnotatedConnectException: finishConnect(..) failed: Connection refused: localhost/127.0.0.1:15148
2024-10-07 19:12:10,201 [NettyRpcService-workerGroup--thread3] INFO  server.RaftServer$Division (RaftServerImpl.java:requestVote(1476)) - s1@group-F5D0649D4159 replies to PRE_VOTE vote request: s0<-s1#0:OK-t2. Peer's state: s1@group-F5D0649D4159:t2, leader=null, voted=s4, raftlog=Memoized:s1@group-F5D0649D4159-SegmentedRaftLog:OPENED:c2:last(t:2, i:2), conf=conf: {index: 1, cur=peers:[s3|localhost:15152, s4|localhost:15156, s0|localhost:15140, s1|localhost:15144, s2|localhost:15148]|listeners:[], old=null}
2024-10-07 19:12:10,266 [Timer-8] INFO  impl.MiniRaftCluster (MiniRaftCluster.java:lambda$null$7(352)) - TIMED-PRINT: printing ALL groups
  s3:  RUNNING  FOLLOWER s3@group-F5D0649D4159:t1, leader=null, voted=null, raftlog=Memoized:s3@group-F5D0649D4159-SegmentedRaftLog:OPENED:c-1:lastnull, conf=conf: {index: -1, cur=peers:[s3|localhost:15152, s4|localhost:15156, s0|localhost:15140, s1|localhost:15144, s2|localhost:15148]|listeners:[], old=null} RUNNING
  s4:   CLOSED    LEADER s4@group-F5D0649D4159:t2, leader=s4, voted=s4, raftlog=Memoized:s4@group-F5D0649D4159-SegmentedRaftLog:CLOSED:c2, conf=conf: {index: 1, cur=peers:[s3|localhost:15152, s4|localhost:15156, s0|localhost:15140, s1|localhost:15144, s2|localhost:15148]|listeners:[], old=null} CLOSED
  s0:  RUNNING CANDIDATE s0@group-F5D0649D4159:t2, leader=null, voted=s4, raftlog=Memoized:s0@group-F5D0649D4159-SegmentedRaftLog:OPENED:c2:last(t:2, i:2), conf=conf: {index: 1, cur=peers:[s3|localhost:15152, s4|localhost:15156, s0|localhost:15140, s1|localhost:15144, s2|localhost:15148]|listeners:[], old=null} RUNNING
  s1:  RUNNING CANDIDATE s1@group-F5D0649D4159:t2, leader=null, voted=s4, raftlog=Memoized:s1@group-F5D0649D4159-SegmentedRaftLog:OPENED:c2:last(t:2, i:2), conf=conf: {index: 1, cur=peers:[s3|localhost:15152, s4|localhost:15156, s0|localhost:15140, s1|localhost:15144, s2|localhost:15148]|listeners:[], old=null} RUNNING
  s2:   CLOSED    LEADER s2@group-F5D0649D4159:t1, leader=s2, voted=s2, raftlog=Memoized:s2@group-F5D0649D4159-SegmentedRaftLog:CLOSED:c0, conf=conf: {index: 0, cur=peers:[s3|localhost:15152, s4|localhost:15156, s0|localhost:15140, s1|localhost:15144, s2|localhost:15148]|listeners:[], old=null} CLOSED
2024-10-07 19:12:10,417 [s0@group-F5D0649D4159-LeaderElection18] INFO  impl.LeaderElection (LeaderElection.java:logAndReturn(90)) - s0@group-F5D0649D4159-LeaderElection18: PRE_VOTE TIMEOUT received 1 response(s) and 2 exception(s):
2024-10-07 19:12:10,417 [s0@group-F5D0649D4159-LeaderElection18] INFO  impl.LeaderElection (LeaderElection.java:logAndReturn(94)) -   Response 0: s0<-s1#0:OK-t2
2024-10-07 19:12:10,417 [s0@group-F5D0649D4159-LeaderElection18] INFO  impl.LeaderElection (LogUtils.java:infoOrTrace(136)) -   Exception 1: java.util.concurrent.ExecutionException: org.apache.ratis.thirdparty.io.netty.channel.AbstractChannel$AnnotatedConnectException: finishConnect(..) failed: Connection refused: localhost/127.0.0.1:15156
2024-10-07 19:12:10,418 [s0@group-F5D0649D4159-LeaderElection18] INFO  impl.LeaderElection (LogUtils.java:infoOrTrace(136)) -   Exception 2: java.util.concurrent.ExecutionException: org.apache.ratis.thirdparty.io.netty.channel.AbstractChannel$AnnotatedConnectException: finishConnect(..) failed: Connection refused: localhost/127.0.0.1:15148
2024-10-07 19:12:10,418 [s0@group-F5D0649D4159-LeaderElection18] INFO  impl.LeaderElection (LeaderElection.java:askForVotes(339)) - s0@group-F5D0649D4159-LeaderElection18 PRE_VOTE round 21: result TIMEOUT
2024-10-07 19:12:10,418 [s0@group-F5D0649D4159-LeaderElection18] INFO  impl.LeaderElection (LeaderElection.java:askForVotes(337)) - s0@group-F5D0649D4159-LeaderElection18 PRE_VOTE round 22: submit vote requests at term 2 for conf: {index: 1, cur=peers:[s3|localhost:15152, s4|localhost:15156, s0|localhost:15140, s1|localhost:15144, s2|localhost:15148]|listeners:[], old=null}
2024-10-07 19:12:10,419 [NettyRpcService-workerGroup--thread3] INFO  server.RaftServer$Division (RaftServerImpl.java:requestVote(1443)) - s1@group-F5D0649D4159: receive requestVote(PRE_VOTE, s0, group-F5D0649D4159, 2, (t:2, i:2))
2024-10-07 19:12:10,419 [NettyRpcService-workerGroup--thread3] INFO  impl.VoteContext (VoteContext.java:log(49)) - s1@group-F5D0649D4159-CANDIDATE: accept PRE_VOTE from s0: our priority 0 <= candidate's priority 0
2024-10-07 19:12:10,419 [s0@group-F5D0649D4159-LeaderElection18] INFO  impl.LeaderElection (LogUtils.java:infoOrTrace(136)) - s0@group-F5D0649D4159-LeaderElection18 got exception when requesting votes: java.util.concurrent.ExecutionException: org.apache.ratis.thirdparty.io.netty.channel.AbstractChannel$AnnotatedConnectException: finishConnect(..) failed: Connection refused: localhost/127.0.0.1:15148
2024-10-07 19:12:10,419 [NettyRpcService-workerGroup--thread3] INFO  server.RaftServer$Division (RaftServerImpl.java:requestVote(1476)) - s1@group-F5D0649D4159 replies to PRE_VOTE vote request: s0<-s1#0:OK-t2. Peer's state: s1@group-F5D0649D4159:t2, leader=null, voted=s4, raftlog=Memoized:s1@group-F5D0649D4159-SegmentedRaftLog:OPENED:c2:last(t:2, i:2), conf=conf: {index: 1, cur=peers:[s3|localhost:15152, s4|localhost:15156, s0|localhost:15140, s1|localhost:15144, s2|localhost:15148]|listeners:[], old=null}
2024-10-07 19:12:10,420 [s0@group-F5D0649D4159-LeaderElection18] INFO  impl.LeaderElection (LogUtils.java:infoOrTrace(136)) - s0@group-F5D0649D4159-LeaderElection18 got exception when requesting votes: java.util.concurrent.ExecutionException: org.apache.ratis.thirdparty.io.netty.channel.AbstractChannel$AnnotatedConnectException: finishConnect(..) failed: Connection refused: localhost/127.0.0.1:15156
2024-10-07 19:12:10,431 [s1@group-F5D0649D4159-LeaderElection17] INFO  impl.LeaderElection (LeaderElection.java:logAndReturn(90)) - s1@group-F5D0649D4159-LeaderElection17: PRE_VOTE TIMEOUT received 1 response(s) and 2 exception(s):
2024-10-07 19:12:10,431 [s1@group-F5D0649D4159-LeaderElection17] INFO  impl.LeaderElection (LeaderElection.java:logAndReturn(94)) -   Response 0: s1<-s0#0:OK-t2
2024-10-07 19:12:10,431 [s1@group-F5D0649D4159-LeaderElection17] INFO  impl.LeaderElection (LogUtils.java:infoOrTrace(136)) -   Exception 1: java.util.concurrent.ExecutionException: org.apache.ratis.thirdparty.io.netty.channel.AbstractChannel$AnnotatedConnectException: finishConnect(..) failed: Connection refused: localhost/127.0.0.1:15156
2024-10-07 19:12:10,431 [s1@group-F5D0649D4159-LeaderElection17] INFO  impl.LeaderElection (LogUtils.java:infoOrTrace(136)) -   Exception 2: java.util.concurrent.ExecutionException: org.apache.ratis.thirdparty.io.netty.channel.AbstractChannel$AnnotatedConnectException: finishConnect(..) failed: Connection refused: localhost/127.0.0.1:15148
2024-10-07 19:12:10,431 [s1@group-F5D0649D4159-LeaderElection17] INFO  impl.LeaderElection (LeaderElection.java:askForVotes(339)) - s1@group-F5D0649D4159-LeaderElection17 PRE_VOTE round 37: result TIMEOUT
2024-10-07 19:12:10,431 [s1@group-F5D0649D4159-LeaderElection17] INFO  impl.LeaderElection (LeaderElection.java:askForVotes(337)) - s1@group-F5D0649D4159-LeaderElection17 PRE_VOTE round 38: submit vote requests at term 2 for conf: {index: 1, cur=peers:[s3|localhost:15152, s4|localhost:15156, s0|localhost:15140, s1|localhost:15144, s2|localhost:15148]|listeners:[], old=null}
2024-10-07 19:12:10,432 [NettyRpcService-workerGroup--thread3] INFO  server.RaftServer$Division (RaftServerImpl.java:requestVote(1443)) - s0@group-F5D0649D4159: receive requestVote(PRE_VOTE, s1, group-F5D0649D4159, 2, (t:2, i:2))
2024-10-07 19:12:10,432 [NettyRpcService-workerGroup--thread3] INFO  impl.VoteContext (VoteContext.java:log(49)) - s0@group-F5D0649D4159-CANDIDATE: accept PRE_VOTE from s1: our priority 0 <= candidate's priority 0
2024-10-07 19:12:10,433 [s1@group-F5D0649D4159-LeaderElection17] INFO  impl.LeaderElection (LogUtils.java:infoOrTrace(136)) - s1@group-F5D0649D4159-LeaderElection17 got exception when requesting votes: java.util.concurrent.ExecutionException: org.apache.ratis.thirdparty.io.netty.channel.AbstractChannel$AnnotatedConnectException: finishConnect(..) failed: Connection refused: localhost/127.0.0.1:15156
2024-10-07 19:12:10,433 [NettyRpcService-workerGroup--thread3] INFO  server.RaftServer$Division (RaftServerImpl.java:requestVote(1476)) - s0@group-F5D0649D4159 replies to PRE_VOTE vote request: s1<-s0#0:OK-t2. Peer's state: s0@group-F5D0649D4159:t2, leader=null, voted=s4, raftlog=Memoized:s0@group-F5D0649D4159-SegmentedRaftLog:OPENED:c2:last(t:2, i:2), conf=conf: {index: 1, cur=peers:[s3|localhost:15152, s4|localhost:15156, s0|localhost:15140, s1|localhost:15144, s2|localhost:15148]|listeners:[], old=null}
2024-10-07 19:12:10,433 [s1@group-F5D0649D4159-LeaderElection17] INFO  impl.LeaderElection (LogUtils.java:infoOrTrace(136)) - s1@group-F5D0649D4159-LeaderElection17 got exception when requesting votes: java.util.concurrent.ExecutionException: org.apache.ratis.thirdparty.io.netty.channel.AbstractChannel$AnnotatedConnectException: finishConnect(..) failed: Connection refused: localhost/127.0.0.1:15148
2024-10-07 19:12:10,439 [main] WARN  ratis.RaftTestUtil (RaftTestUtil.java:lambda$waitForLeader$3(126)) - Attempt #20 failed: java.lang.IllegalStateException: No leader yet : printing ALL groups
  s3:  RUNNING  FOLLOWER s3@group-F5D0649D4159:t1, leader=null, voted=null, raftlog=Memoized:s3@group-F5D0649D4159-SegmentedRaftLog:OPENED:c-1:lastnull, conf=conf: {index: -1, cur=peers:[s3|localhost:15152, s4|localhost:15156, s0|localhost:15140, s1|localhost:15144, s2|localhost:15148]|listeners:[], old=null} RUNNING
  s4:   CLOSED    LEADER s4@group-F5D0649D4159:t2, leader=s4, voted=s4, raftlog=Memoized:s4@group-F5D0649D4159-SegmentedRaftLog:CLOSED:c2, conf=conf: {index: 1, cur=peers:[s3|localhost:15152, s4|localhost:15156, s0|localhost:15140, s1|localhost:15144, s2|localhost:15148]|listeners:[], old=null} CLOSED
  s0:  RUNNING CANDIDATE s0@group-F5D0649D4159:t2, leader=null, voted=s4, raftlog=Memoized:s0@group-F5D0649D4159-SegmentedRaftLog:OPENED:c2:last(t:2, i:2), conf=conf: {index: 1, cur=peers:[s3|localhost:15152, s4|localhost:15156, s0|localhost:15140, s1|localhost:15144, s2|localhost:15148]|listeners:[], old=null} RUNNING
  s1:  RUNNING CANDIDATE s1@group-F5D0649D4159:t2, leader=null, voted=s4, raftlog=Memoized:s1@group-F5D0649D4159-SegmentedRaftLog:OPENED:c2:last(t:2, i:2), conf=conf: {index: 1, cur=peers:[s3|localhost:15152, s4|localhost:15156, s0|localhost:15140, s1|localhost:15144, s2|localhost:15148]|listeners:[], old=null} RUNNING
  s2:   CLOSED    LEADER s2@group-F5D0649D4159:t1, leader=s2, voted=s2, raftlog=Memoized:s2@group-F5D0649D4159-SegmentedRaftLog:CLOSED:c0, conf=conf: {index: 0, cur=peers:[s3|localhost:15152, s4|localhost:15156, s0|localhost:15140, s1|localhost:15144, s2|localhost:15148]|listeners:[], old=null} CLOSED
2024-10-07 19:12:10,632 [s0@group-F5D0649D4159-LeaderElection18] INFO  impl.LeaderElection (LeaderElection.java:logAndReturn(90)) - s0@group-F5D0649D4159-LeaderElection18: PRE_VOTE TIMEOUT received 1 response(s) and 2 exception(s):
2024-10-07 19:12:10,633 [s0@group-F5D0649D4159-LeaderElection18] INFO  impl.LeaderElection (LeaderElection.java:logAndReturn(94)) -   Response 0: s0<-s1#0:OK-t2
2024-10-07 19:12:10,633 [s0@group-F5D0649D4159-LeaderElection18] INFO  impl.LeaderElection (LogUtils.java:infoOrTrace(136)) -   Exception 1: java.util.concurrent.ExecutionException: org.apache.ratis.thirdparty.io.netty.channel.AbstractChannel$AnnotatedConnectException: finishConnect(..) failed: Connection refused: localhost/127.0.0.1:15148
2024-10-07 19:12:10,633 [s0@group-F5D0649D4159-LeaderElection18] INFO  impl.LeaderElection (LogUtils.java:infoOrTrace(136)) -   Exception 2: java.util.concurrent.ExecutionException: org.apache.ratis.thirdparty.io.netty.channel.AbstractChannel$AnnotatedConnectException: finishConnect(..) failed: Connection refused: localhost/127.0.0.1:15156
2024-10-07 19:12:10,633 [s0@group-F5D0649D4159-LeaderElection18] INFO  impl.LeaderElection (LeaderElection.java:askForVotes(339)) - s0@group-F5D0649D4159-LeaderElection18 PRE_VOTE round 22: result TIMEOUT
2024-10-07 19:12:10,633 [s0@group-F5D0649D4159-LeaderElection18] INFO  impl.LeaderElection (LeaderElection.java:askForVotes(337)) - s0@group-F5D0649D4159-LeaderElection18 PRE_VOTE round 23: submit vote requests at term 2 for conf: {index: 1, cur=peers:[s3|localhost:15152, s4|localhost:15156, s0|localhost:15140, s1|localhost:15144, s2|localhost:15148]|listeners:[], old=null}
2024-10-07 19:12:10,634 [NettyRpcService-workerGroup--thread3] INFO  server.RaftServer$Division (RaftServerImpl.java:requestVote(1443)) - s1@group-F5D0649D4159: receive requestVote(PRE_VOTE, s0, group-F5D0649D4159, 2, (t:2, i:2))
2024-10-07 19:12:10,634 [s0@group-F5D0649D4159-LeaderElection18] INFO  impl.LeaderElection (LogUtils.java:infoOrTrace(136)) - s0@group-F5D0649D4159-LeaderElection18 got exception when requesting votes: java.util.concurrent.ExecutionException: org.apache.ratis.thirdparty.io.netty.channel.AbstractChannel$AnnotatedConnectException: finishConnect(..) failed: Connection refused: localhost/127.0.0.1:15148
2024-10-07 19:12:10,634 [NettyRpcService-workerGroup--thread3] INFO  impl.VoteContext (VoteContext.java:log(49)) - s1@group-F5D0649D4159-CANDIDATE: accept PRE_VOTE from s0: our priority 0 <= candidate's priority 0
2024-10-07 19:12:10,634 [s0@group-F5D0649D4159-LeaderElection18] INFO  impl.LeaderElection (LogUtils.java:infoOrTrace(136)) - s0@group-F5D0649D4159-LeaderElection18 got exception when requesting votes: java.util.concurrent.ExecutionException: org.apache.ratis.thirdparty.io.netty.channel.AbstractChannel$AnnotatedConnectException: finishConnect(..) failed: Connection refused: localhost/127.0.0.1:15156
2024-10-07 19:12:10,634 [NettyRpcService-workerGroup--thread3] INFO  server.RaftServer$Division (RaftServerImpl.java:requestVote(1476)) - s1@group-F5D0649D4159 replies to PRE_VOTE vote request: s0<-s1#0:OK-t2. Peer's state: s1@group-F5D0649D4159:t2, leader=null, voted=s4, raftlog=Memoized:s1@group-F5D0649D4159-SegmentedRaftLog:OPENED:c2:last(t:2, i:2), conf=conf: {index: 1, cur=peers:[s3|localhost:15152, s4|localhost:15156, s0|localhost:15140, s1|localhost:15144, s2|localhost:15148]|listeners:[], old=null}
2024-10-07 19:12:10,717 [s1@group-F5D0649D4159-LeaderElection17] INFO  impl.LeaderElection (LeaderElection.java:logAndReturn(90)) - s1@group-F5D0649D4159-LeaderElection17: PRE_VOTE TIMEOUT received 1 response(s) and 2 exception(s):
2024-10-07 19:12:10,717 [s1@group-F5D0649D4159-LeaderElection17] INFO  impl.LeaderElection (LeaderElection.java:logAndReturn(94)) -   Response 0: s1<-s0#0:OK-t2
2024-10-07 19:12:10,717 [s1@group-F5D0649D4159-LeaderElection17] INFO  impl.LeaderElection (LogUtils.java:infoOrTrace(136)) -   Exception 1: java.util.concurrent.ExecutionException: org.apache.ratis.thirdparty.io.netty.channel.AbstractChannel$AnnotatedConnectException: finishConnect(..) failed: Connection refused: localhost/127.0.0.1:15156
2024-10-07 19:12:10,717 [s1@group-F5D0649D4159-LeaderElection17] INFO  impl.LeaderElection (LogUtils.java:infoOrTrace(136)) -   Exception 2: java.util.concurrent.ExecutionException: org.apache.ratis.thirdparty.io.netty.channel.AbstractChannel$AnnotatedConnectException: finishConnect(..) failed: Connection refused: localhost/127.0.0.1:15148
2024-10-07 19:12:10,718 [s1@group-F5D0649D4159-LeaderElection17] INFO  impl.LeaderElection (LeaderElection.java:askForVotes(339)) - s1@group-F5D0649D4159-LeaderElection17 PRE_VOTE round 38: result TIMEOUT
2024-10-07 19:12:10,718 [s1@group-F5D0649D4159-LeaderElection17] INFO  impl.LeaderElection (LeaderElection.java:askForVotes(337)) - s1@group-F5D0649D4159-LeaderElection17 PRE_VOTE round 39: submit vote requests at term 2 for conf: {index: 1, cur=peers:[s3|localhost:15152, s4|localhost:15156, s0|localhost:15140, s1|localhost:15144, s2|localhost:15148]|listeners:[], old=null}
2024-10-07 19:12:10,719 [NettyRpcService-workerGroup--thread3] INFO  server.RaftServer$Division (RaftServerImpl.java:requestVote(1443)) - s0@group-F5D0649D4159: receive requestVote(PRE_VOTE, s1, group-F5D0649D4159, 2, (t:2, i:2))
2024-10-07 19:12:10,719 [NettyRpcService-workerGroup--thread3] INFO  impl.VoteContext (VoteContext.java:log(49)) - s0@group-F5D0649D4159-CANDIDATE: accept PRE_VOTE from s1: our priority 0 <= candidate's priority 0
2024-10-07 19:12:10,719 [NettyRpcService-workerGroup--thread3] INFO  server.RaftServer$Division (RaftServerImpl.java:requestVote(1476)) - s0@group-F5D0649D4159 replies to PRE_VOTE vote request: s1<-s0#0:OK-t2. Peer's state: s0@group-F5D0649D4159:t2, leader=null, voted=s4, raftlog=Memoized:s0@group-F5D0649D4159-SegmentedRaftLog:OPENED:c2:last(t:2, i:2), conf=conf: {index: 1, cur=peers:[s3|localhost:15152, s4|localhost:15156, s0|localhost:15140, s1|localhost:15144, s2|localhost:15148]|listeners:[], old=null}
2024-10-07 19:12:10,720 [s1@group-F5D0649D4159-LeaderElection17] INFO  impl.LeaderElection (LogUtils.java:infoOrTrace(136)) - s1@group-F5D0649D4159-LeaderElection17 got exception when requesting votes: java.util.concurrent.ExecutionException: org.apache.ratis.thirdparty.io.netty.channel.AbstractChannel$AnnotatedConnectException: finishConnect(..) failed: Connection refused: localhost/127.0.0.1:15156
2024-10-07 19:12:10,720 [s1@group-F5D0649D4159-LeaderElection17] INFO  impl.LeaderElection (LogUtils.java:infoOrTrace(136)) - s1@group-F5D0649D4159-LeaderElection17 got exception when requesting votes: java.util.concurrent.ExecutionException: org.apache.ratis.thirdparty.io.netty.channel.AbstractChannel$AnnotatedConnectException: finishConnect(..) failed: Connection refused: localhost/127.0.0.1:15148
2024-10-07 19:12:10,880 [s0@group-F5D0649D4159-LeaderElection18] INFO  impl.LeaderElection (LeaderElection.java:logAndReturn(90)) - s0@group-F5D0649D4159-LeaderElection18: PRE_VOTE TIMEOUT received 1 response(s) and 2 exception(s):
2024-10-07 19:12:10,880 [s0@group-F5D0649D4159-LeaderElection18] INFO  impl.LeaderElection (LeaderElection.java:logAndReturn(94)) -   Response 0: s0<-s1#0:OK-t2
2024-10-07 19:12:10,880 [s0@group-F5D0649D4159-LeaderElection18] INFO  impl.LeaderElection (LogUtils.java:infoOrTrace(136)) -   Exception 1: java.util.concurrent.ExecutionException: org.apache.ratis.thirdparty.io.netty.channel.AbstractChannel$AnnotatedConnectException: finishConnect(..) failed: Connection refused: localhost/127.0.0.1:15148
2024-10-07 19:12:10,880 [s0@group-F5D0649D4159-LeaderElection18] INFO  impl.LeaderElection (LogUtils.java:infoOrTrace(136)) -   Exception 2: java.util.concurrent.ExecutionException: org.apache.ratis.thirdparty.io.netty.channel.AbstractChannel$AnnotatedConnectException: finishConnect(..) failed: Connection refused: localhost/127.0.0.1:15156
2024-10-07 19:12:10,880 [s0@group-F5D0649D4159-LeaderElection18] INFO  impl.LeaderElection (LeaderElection.java:askForVotes(339)) - s0@group-F5D0649D4159-LeaderElection18 PRE_VOTE round 23: result TIMEOUT
2024-10-07 19:12:10,880 [s0@group-F5D0649D4159-LeaderElection18] INFO  impl.LeaderElection (LeaderElection.java:askForVotes(337)) - s0@group-F5D0649D4159-LeaderElection18 PRE_VOTE round 24: submit vote requests at term 2 for conf: {index: 1, cur=peers:[s3|localhost:15152, s4|localhost:15156, s0|localhost:15140, s1|localhost:15144, s2|localhost:15148]|listeners:[], old=null}
2024-10-07 19:12:10,882 [NettyRpcService-workerGroup--thread3] INFO  server.RaftServer$Division (RaftServerImpl.java:requestVote(1443)) - s1@group-F5D0649D4159: receive requestVote(PRE_VOTE, s0, group-F5D0649D4159, 2, (t:2, i:2))
2024-10-07 19:12:10,882 [s0@group-F5D0649D4159-LeaderElection18] INFO  impl.LeaderElection (LogUtils.java:infoOrTrace(136)) - s0@group-F5D0649D4159-LeaderElection18 got exception when requesting votes: java.util.concurrent.ExecutionException: org.apache.ratis.thirdparty.io.netty.channel.AbstractChannel$AnnotatedConnectException: finishConnect(..) failed: Connection refused: localhost/127.0.0.1:15156
2024-10-07 19:12:10,882 [s0@group-F5D0649D4159-LeaderElection18] INFO  impl.LeaderElection (LogUtils.java:infoOrTrace(136)) - s0@group-F5D0649D4159-LeaderElection18 got exception when requesting votes: java.util.concurrent.ExecutionException: org.apache.ratis.thirdparty.io.netty.channel.AbstractChannel$AnnotatedConnectException: finishConnect(..) failed: Connection refused: localhost/127.0.0.1:15148
2024-10-07 19:12:10,882 [NettyRpcService-workerGroup--thread3] INFO  impl.VoteContext (VoteContext.java:log(49)) - s1@group-F5D0649D4159-CANDIDATE: accept PRE_VOTE from s0: our priority 0 <= candidate's priority 0
2024-10-07 19:12:10,882 [NettyRpcService-workerGroup--thread3] INFO  server.RaftServer$Division (RaftServerImpl.java:requestVote(1476)) - s1@group-F5D0649D4159 replies to PRE_VOTE vote request: s0<-s1#0:OK-t2. Peer's state: s1@group-F5D0649D4159:t2, leader=null, voted=s4, raftlog=Memoized:s1@group-F5D0649D4159-SegmentedRaftLog:OPENED:c2:last(t:2, i:2), conf=conf: {index: 1, cur=peers:[s3|localhost:15152, s4|localhost:15156, s0|localhost:15140, s1|localhost:15144, s2|localhost:15148]|listeners:[], old=null}
2024-10-07 19:12:10,890 [main] WARN  ratis.RaftTestUtil (RaftTestUtil.java:lambda$waitForLeader$3(126)) - Attempt #21 failed: java.lang.IllegalStateException: No leader yet : printing ALL groups
  s3:  RUNNING  FOLLOWER s3@group-F5D0649D4159:t1, leader=null, voted=null, raftlog=Memoized:s3@group-F5D0649D4159-SegmentedRaftLog:OPENED:c-1:lastnull, conf=conf: {index: -1, cur=peers:[s3|localhost:15152, s4|localhost:15156, s0|localhost:15140, s1|localhost:15144, s2|localhost:15148]|listeners:[], old=null} RUNNING
  s4:   CLOSED    LEADER s4@group-F5D0649D4159:t2, leader=s4, voted=s4, raftlog=Memoized:s4@group-F5D0649D4159-SegmentedRaftLog:CLOSED:c2, conf=conf: {index: 1, cur=peers:[s3|localhost:15152, s4|localhost:15156, s0|localhost:15140, s1|localhost:15144, s2|localhost:15148]|listeners:[], old=null} CLOSED
  s0:  RUNNING CANDIDATE s0@group-F5D0649D4159:t2, leader=null, voted=s4, raftlog=Memoized:s0@group-F5D0649D4159-SegmentedRaftLog:OPENED:c2:last(t:2, i:2), conf=conf: {index: 1, cur=peers:[s3|localhost:15152, s4|localhost:15156, s0|localhost:15140, s1|localhost:15144, s2|localhost:15148]|listeners:[], old=null} RUNNING
  s1:  RUNNING CANDIDATE s1@group-F5D0649D4159:t2, leader=null, voted=s4, raftlog=Memoized:s1@group-F5D0649D4159-SegmentedRaftLog:OPENED:c2:last(t:2, i:2), conf=conf: {index: 1, cur=peers:[s3|localhost:15152, s4|localhost:15156, s0|localhost:15140, s1|localhost:15144, s2|localhost:15148]|listeners:[], old=null} RUNNING
  s2:   CLOSED    LEADER s2@group-F5D0649D4159:t1, leader=s2, voted=s2, raftlog=Memoized:s2@group-F5D0649D4159-SegmentedRaftLog:CLOSED:c0, conf=conf: {index: 0, cur=peers:[s3|localhost:15152, s4|localhost:15156, s0|localhost:15140, s1|localhost:15144, s2|localhost:15148]|listeners:[], old=null} CLOSED
2024-10-07 19:12:10,949 [s1@group-F5D0649D4159-LeaderElection17] INFO  impl.LeaderElection (LeaderElection.java:logAndReturn(90)) - s1@group-F5D0649D4159-LeaderElection17: PRE_VOTE TIMEOUT received 1 response(s) and 2 exception(s):
2024-10-07 19:12:10,949 [s1@group-F5D0649D4159-LeaderElection17] INFO  impl.LeaderElection (LeaderElection.java:logAndReturn(94)) -   Response 0: s1<-s0#0:OK-t2
2024-10-07 19:12:10,950 [s1@group-F5D0649D4159-LeaderElection17] INFO  impl.LeaderElection (LogUtils.java:infoOrTrace(136)) -   Exception 1: java.util.concurrent.ExecutionException: org.apache.ratis.thirdparty.io.netty.channel.AbstractChannel$AnnotatedConnectException: finishConnect(..) failed: Connection refused: localhost/127.0.0.1:15156
2024-10-07 19:12:10,950 [s1@group-F5D0649D4159-LeaderElection17] INFO  impl.LeaderElection (LogUtils.java:infoOrTrace(136)) -   Exception 2: java.util.concurrent.ExecutionException: org.apache.ratis.thirdparty.io.netty.channel.AbstractChannel$AnnotatedConnectException: finishConnect(..) failed: Connection refused: localhost/127.0.0.1:15148
2024-10-07 19:12:10,950 [s1@group-F5D0649D4159-LeaderElection17] INFO  impl.LeaderElection (LeaderElection.java:askForVotes(339)) - s1@group-F5D0649D4159-LeaderElection17 PRE_VOTE round 39: result TIMEOUT
2024-10-07 19:12:10,950 [s1@group-F5D0649D4159-LeaderElection17] INFO  impl.LeaderElection (LeaderElection.java:askForVotes(337)) - s1@group-F5D0649D4159-LeaderElection17 PRE_VOTE round 40: submit vote requests at term 2 for conf: {index: 1, cur=peers:[s3|localhost:15152, s4|localhost:15156, s0|localhost:15140, s1|localhost:15144, s2|localhost:15148]|listeners:[], old=null}
2024-10-07 19:12:10,951 [NettyRpcService-workerGroup--thread3] INFO  server.RaftServer$Division (RaftServerImpl.java:requestVote(1443)) - s0@group-F5D0649D4159: receive requestVote(PRE_VOTE, s1, group-F5D0649D4159, 2, (t:2, i:2))
2024-10-07 19:12:10,951 [NettyRpcService-workerGroup--thread3] INFO  impl.VoteContext (VoteContext.java:log(49)) - s0@group-F5D0649D4159-CANDIDATE: accept PRE_VOTE from s1: our priority 0 <= candidate's priority 0
2024-10-07 19:12:10,951 [NettyRpcService-workerGroup--thread3] INFO  server.RaftServer$Division (RaftServerImpl.java:requestVote(1476)) - s0@group-F5D0649D4159 replies to PRE_VOTE vote request: s1<-s0#0:OK-t2. Peer's state: s0@group-F5D0649D4159:t2, leader=null, voted=s4, raftlog=Memoized:s0@group-F5D0649D4159-SegmentedRaftLog:OPENED:c2:last(t:2, i:2), conf=conf: {index: 1, cur=peers:[s3|localhost:15152, s4|localhost:15156, s0|localhost:15140, s1|localhost:15144, s2|localhost:15148]|listeners:[], old=null}
2024-10-07 19:12:10,952 [s1@group-F5D0649D4159-LeaderElection17] INFO  impl.LeaderElection (LogUtils.java:infoOrTrace(136)) - s1@group-F5D0649D4159-LeaderElection17 got exception when requesting votes: java.util.concurrent.ExecutionException: org.apache.ratis.thirdparty.io.netty.channel.AbstractChannel$AnnotatedConnectException: finishConnect(..) failed: Connection refused: localhost/127.0.0.1:15148
2024-10-07 19:12:10,952 [s1@group-F5D0649D4159-LeaderElection17] INFO  impl.LeaderElection (LogUtils.java:infoOrTrace(136)) - s1@group-F5D0649D4159-LeaderElection17 got exception when requesting votes: java.util.concurrent.ExecutionException: org.apache.ratis.thirdparty.io.netty.channel.AbstractChannel$AnnotatedConnectException: finishConnect(..) failed: Connection refused: localhost/127.0.0.1:15156
2024-10-07 19:12:11,076 [s0@group-F5D0649D4159-LeaderElection18] INFO  impl.LeaderElection (LeaderElection.java:logAndReturn(90)) - s0@group-F5D0649D4159-LeaderElection18: PRE_VOTE TIMEOUT received 1 response(s) and 2 exception(s):
2024-10-07 19:12:11,076 [s0@group-F5D0649D4159-LeaderElection18] INFO  impl.LeaderElection (LeaderElection.java:logAndReturn(94)) -   Response 0: s0<-s1#0:OK-t2
2024-10-07 19:12:11,076 [s0@group-F5D0649D4159-LeaderElection18] INFO  impl.LeaderElection (LogUtils.java:infoOrTrace(136)) -   Exception 1: java.util.concurrent.ExecutionException: org.apache.ratis.thirdparty.io.netty.channel.AbstractChannel$AnnotatedConnectException: finishConnect(..) failed: Connection refused: localhost/127.0.0.1:15156
2024-10-07 19:12:11,076 [s0@group-F5D0649D4159-LeaderElection18] INFO  impl.LeaderElection (LogUtils.java:infoOrTrace(136)) -   Exception 2: java.util.concurrent.ExecutionException: org.apache.ratis.thirdparty.io.netty.channel.AbstractChannel$AnnotatedConnectException: finishConnect(..) failed: Connection refused: localhost/127.0.0.1:15148
2024-10-07 19:12:11,076 [s0@group-F5D0649D4159-LeaderElection18] INFO  impl.LeaderElection (LeaderElection.java:askForVotes(339)) - s0@group-F5D0649D4159-LeaderElection18 PRE_VOTE round 24: result TIMEOUT
2024-10-07 19:12:11,077 [s0@group-F5D0649D4159-LeaderElection18] INFO  impl.LeaderElection (LeaderElection.java:askForVotes(337)) - s0@group-F5D0649D4159-LeaderElection18 PRE_VOTE round 25: submit vote requests at term 2 for conf: {index: 1, cur=peers:[s3|localhost:15152, s4|localhost:15156, s0|localhost:15140, s1|localhost:15144, s2|localhost:15148]|listeners:[], old=null}
2024-10-07 19:12:11,078 [NettyRpcService-workerGroup--thread3] INFO  server.RaftServer$Division (RaftServerImpl.java:requestVote(1443)) - s1@group-F5D0649D4159: receive requestVote(PRE_VOTE, s0, group-F5D0649D4159, 2, (t:2, i:2))
2024-10-07 19:12:11,078 [NettyRpcService-workerGroup--thread3] INFO  impl.VoteContext (VoteContext.java:log(49)) - s1@group-F5D0649D4159-CANDIDATE: accept PRE_VOTE from s0: our priority 0 <= candidate's priority 0
2024-10-07 19:12:11,078 [NettyRpcService-workerGroup--thread3] INFO  server.RaftServer$Division (RaftServerImpl.java:requestVote(1476)) - s1@group-F5D0649D4159 replies to PRE_VOTE vote request: s0<-s1#0:OK-t2. Peer's state: s1@group-F5D0649D4159:t2, leader=null, voted=s4, raftlog=Memoized:s1@group-F5D0649D4159-SegmentedRaftLog:OPENED:c2:last(t:2, i:2), conf=conf: {index: 1, cur=peers:[s3|localhost:15152, s4|localhost:15156, s0|localhost:15140, s1|localhost:15144, s2|localhost:15148]|listeners:[], old=null}
2024-10-07 19:12:11,078 [s0@group-F5D0649D4159-LeaderElection18] INFO  impl.LeaderElection (LogUtils.java:infoOrTrace(136)) - s0@group-F5D0649D4159-LeaderElection18 got exception when requesting votes: java.util.concurrent.ExecutionException: org.apache.ratis.thirdparty.io.netty.channel.AbstractChannel$AnnotatedConnectException: finishConnect(..) failed: Connection refused: localhost/127.0.0.1:15156
2024-10-07 19:12:11,078 [s0@group-F5D0649D4159-LeaderElection18] INFO  impl.LeaderElection (LogUtils.java:infoOrTrace(136)) - s0@group-F5D0649D4159-LeaderElection18 got exception when requesting votes: java.util.concurrent.ExecutionException: org.apache.ratis.thirdparty.io.netty.channel.AbstractChannel$AnnotatedConnectException: finishConnect(..) failed: Connection refused: localhost/127.0.0.1:15148
2024-10-07 19:12:11,230 [s1@group-F5D0649D4159-LeaderElection17] INFO  impl.LeaderElection (LeaderElection.java:logAndReturn(90)) - s1@group-F5D0649D4159-LeaderElection17: PRE_VOTE TIMEOUT received 1 response(s) and 2 exception(s):
2024-10-07 19:12:11,230 [s1@group-F5D0649D4159-LeaderElection17] INFO  impl.LeaderElection (LeaderElection.java:logAndReturn(94)) -   Response 0: s1<-s0#0:OK-t2
2024-10-07 19:12:11,230 [s1@group-F5D0649D4159-LeaderElection17] INFO  impl.LeaderElection (LogUtils.java:infoOrTrace(136)) -   Exception 1: java.util.concurrent.ExecutionException: org.apache.ratis.thirdparty.io.netty.channel.AbstractChannel$AnnotatedConnectException: finishConnect(..) failed: Connection refused: localhost/127.0.0.1:15148
2024-10-07 19:12:11,230 [s1@group-F5D0649D4159-LeaderElection17] INFO  impl.LeaderElection (LogUtils.java:infoOrTrace(136)) -   Exception 2: java.util.concurrent.ExecutionException: org.apache.ratis.thirdparty.io.netty.channel.AbstractChannel$AnnotatedConnectException: finishConnect(..) failed: Connection refused: localhost/127.0.0.1:15156
2024-10-07 19:12:11,230 [s1@group-F5D0649D4159-LeaderElection17] INFO  impl.LeaderElection (LeaderElection.java:askForVotes(339)) - s1@group-F5D0649D4159-LeaderElection17 PRE_VOTE round 40: result TIMEOUT
2024-10-07 19:12:11,230 [s1@group-F5D0649D4159-LeaderElection17] INFO  impl.LeaderElection (LeaderElection.java:askForVotes(337)) - s1@group-F5D0649D4159-LeaderElection17 PRE_VOTE round 41: submit vote requests at term 2 for conf: {index: 1, cur=peers:[s3|localhost:15152, s4|localhost:15156, s0|localhost:15140, s1|localhost:15144, s2|localhost:15148]|listeners:[], old=null}
2024-10-07 19:12:11,232 [NettyRpcService-workerGroup--thread3] INFO  server.RaftServer$Division (RaftServerImpl.java:requestVote(1443)) - s0@group-F5D0649D4159: receive requestVote(PRE_VOTE, s1, group-F5D0649D4159, 2, (t:2, i:2))
2024-10-07 19:12:11,232 [NettyRpcService-workerGroup--thread3] INFO  impl.VoteContext (VoteContext.java:log(49)) - s0@group-F5D0649D4159-CANDIDATE: accept PRE_VOTE from s1: our priority 0 <= candidate's priority 0
2024-10-07 19:12:11,232 [s1@group-F5D0649D4159-LeaderElection17] INFO  impl.LeaderElection (LogUtils.java:infoOrTrace(136)) - s1@group-F5D0649D4159-LeaderElection17 got exception when requesting votes: java.util.concurrent.ExecutionException: org.apache.ratis.thirdparty.io.netty.channel.AbstractChannel$AnnotatedConnectException: finishConnect(..) failed: Connection refused: localhost/127.0.0.1:15156
2024-10-07 19:12:11,232 [NettyRpcService-workerGroup--thread3] INFO  server.RaftServer$Division (RaftServerImpl.java:requestVote(1476)) - s0@group-F5D0649D4159 replies to PRE_VOTE vote request: s1<-s0#0:OK-t2. Peer's state: s0@group-F5D0649D4159:t2, leader=null, voted=s4, raftlog=Memoized:s0@group-F5D0649D4159-SegmentedRaftLog:OPENED:c2:last(t:2, i:2), conf=conf: {index: 1, cur=peers:[s3|localhost:15152, s4|localhost:15156, s0|localhost:15140, s1|localhost:15144, s2|localhost:15148]|listeners:[], old=null}
2024-10-07 19:12:11,232 [s1@group-F5D0649D4159-LeaderElection17] INFO  impl.LeaderElection (LogUtils.java:infoOrTrace(136)) - s1@group-F5D0649D4159-LeaderElection17 got exception when requesting votes: java.util.concurrent.ExecutionException: org.apache.ratis.thirdparty.io.netty.channel.AbstractChannel$AnnotatedConnectException: finishConnect(..) failed: Connection refused: localhost/127.0.0.1:15148
2024-10-07 19:12:11,302 [s0@group-F5D0649D4159-LeaderElection18] INFO  impl.LeaderElection (LeaderElection.java:logAndReturn(90)) - s0@group-F5D0649D4159-LeaderElection18: PRE_VOTE TIMEOUT received 1 response(s) and 2 exception(s):
2024-10-07 19:12:11,302 [s0@group-F5D0649D4159-LeaderElection18] INFO  impl.LeaderElection (LeaderElection.java:logAndReturn(94)) -   Response 0: s0<-s1#0:OK-t2
2024-10-07 19:12:11,302 [s0@group-F5D0649D4159-LeaderElection18] INFO  impl.LeaderElection (LogUtils.java:infoOrTrace(136)) -   Exception 1: java.util.concurrent.ExecutionException: org.apache.ratis.thirdparty.io.netty.channel.AbstractChannel$AnnotatedConnectException: finishConnect(..) failed: Connection refused: localhost/127.0.0.1:15156
2024-10-07 19:12:11,303 [s0@group-F5D0649D4159-LeaderElection18] INFO  impl.LeaderElection (LogUtils.java:infoOrTrace(136)) -   Exception 2: java.util.concurrent.ExecutionException: org.apache.ratis.thirdparty.io.netty.channel.AbstractChannel$AnnotatedConnectException: finishConnect(..) failed: Connection refused: localhost/127.0.0.1:15148
2024-10-07 19:12:11,303 [s0@group-F5D0649D4159-LeaderElection18] INFO  impl.LeaderElection (LeaderElection.java:askForVotes(339)) - s0@group-F5D0649D4159-LeaderElection18 PRE_VOTE round 25: result TIMEOUT
2024-10-07 19:12:11,303 [s0@group-F5D0649D4159-LeaderElection18] INFO  impl.LeaderElection (LeaderElection.java:askForVotes(337)) - s0@group-F5D0649D4159-LeaderElection18 PRE_VOTE round 26: submit vote requests at term 2 for conf: {index: 1, cur=peers:[s3|localhost:15152, s4|localhost:15156, s0|localhost:15140, s1|localhost:15144, s2|localhost:15148]|listeners:[], old=null}
2024-10-07 19:12:11,304 [NettyRpcService-workerGroup--thread3] INFO  server.RaftServer$Division (RaftServerImpl.java:requestVote(1443)) - s1@group-F5D0649D4159: receive requestVote(PRE_VOTE, s0, group-F5D0649D4159, 2, (t:2, i:2))
2024-10-07 19:12:11,304 [NettyRpcService-workerGroup--thread3] INFO  impl.VoteContext (VoteContext.java:log(49)) - s1@group-F5D0649D4159-CANDIDATE: accept PRE_VOTE from s0: our priority 0 <= candidate's priority 0
2024-10-07 19:12:11,304 [NettyRpcService-workerGroup--thread3] INFO  server.RaftServer$Division (RaftServerImpl.java:requestVote(1476)) - s1@group-F5D0649D4159 replies to PRE_VOTE vote request: s0<-s1#0:OK-t2. Peer's state: s1@group-F5D0649D4159:t2, leader=null, voted=s4, raftlog=Memoized:s1@group-F5D0649D4159-SegmentedRaftLog:OPENED:c2:last(t:2, i:2), conf=conf: {index: 1, cur=peers:[s3|localhost:15152, s4|localhost:15156, s0|localhost:15140, s1|localhost:15144, s2|localhost:15148]|listeners:[], old=null}
2024-10-07 19:12:11,305 [s0@group-F5D0649D4159-LeaderElection18] INFO  impl.LeaderElection (LogUtils.java:infoOrTrace(136)) - s0@group-F5D0649D4159-LeaderElection18 got exception when requesting votes: java.util.concurrent.ExecutionException: org.apache.ratis.thirdparty.io.netty.channel.AbstractChannel$AnnotatedConnectException: finishConnect(..) failed: Connection refused: localhost/127.0.0.1:15148
2024-10-07 19:12:11,307 [s0@group-F5D0649D4159-LeaderElection18] INFO  impl.LeaderElection (LogUtils.java:infoOrTrace(136)) - s0@group-F5D0649D4159-LeaderElection18 got exception when requesting votes: java.util.concurrent.ExecutionException: org.apache.ratis.thirdparty.io.netty.channel.AbstractChannel$AnnotatedConnectException: finishConnect(..) failed: Connection refused: localhost/127.0.0.1:15156
2024-10-07 19:12:11,340 [main] WARN  ratis.RaftTestUtil (RaftTestUtil.java:lambda$waitForLeader$3(126)) - Attempt #22 failed: java.lang.IllegalStateException: No leader yet : printing ALL groups
  s3:  RUNNING  FOLLOWER s3@group-F5D0649D4159:t1, leader=null, voted=null, raftlog=Memoized:s3@group-F5D0649D4159-SegmentedRaftLog:OPENED:c-1:lastnull, conf=conf: {index: -1, cur=peers:[s3|localhost:15152, s4|localhost:15156, s0|localhost:15140, s1|localhost:15144, s2|localhost:15148]|listeners:[], old=null} RUNNING
  s4:   CLOSED    LEADER s4@group-F5D0649D4159:t2, leader=s4, voted=s4, raftlog=Memoized:s4@group-F5D0649D4159-SegmentedRaftLog:CLOSED:c2, conf=conf: {index: 1, cur=peers:[s3|localhost:15152, s4|localhost:15156, s0|localhost:15140, s1|localhost:15144, s2|localhost:15148]|listeners:[], old=null} CLOSED
  s0:  RUNNING CANDIDATE s0@group-F5D0649D4159:t2, leader=null, voted=s4, raftlog=Memoized:s0@group-F5D0649D4159-SegmentedRaftLog:OPENED:c2:last(t:2, i:2), conf=conf: {index: 1, cur=peers:[s3|localhost:15152, s4|localhost:15156, s0|localhost:15140, s1|localhost:15144, s2|localhost:15148]|listeners:[], old=null} RUNNING
  s1:  RUNNING CANDIDATE s1@group-F5D0649D4159:t2, leader=null, voted=s4, raftlog=Memoized:s1@group-F5D0649D4159-SegmentedRaftLog:OPENED:c2:last(t:2, i:2), conf=conf: {index: 1, cur=peers:[s3|localhost:15152, s4|localhost:15156, s0|localhost:15140, s1|localhost:15144, s2|localhost:15148]|listeners:[], old=null} RUNNING
  s2:   CLOSED    LEADER s2@group-F5D0649D4159:t1, leader=s2, voted=s2, raftlog=Memoized:s2@group-F5D0649D4159-SegmentedRaftLog:CLOSED:c0, conf=conf: {index: 0, cur=peers:[s3|localhost:15152, s4|localhost:15156, s0|localhost:15140, s1|localhost:15144, s2|localhost:15148]|listeners:[], old=null} CLOSED
2024-10-07 19:12:11,499 [s1@group-F5D0649D4159-LeaderElection17] INFO  impl.LeaderElection (LeaderElection.java:logAndReturn(90)) - s1@group-F5D0649D4159-LeaderElection17: PRE_VOTE TIMEOUT received 1 response(s) and 2 exception(s):
2024-10-07 19:12:11,499 [s1@group-F5D0649D4159-LeaderElection17] INFO  impl.LeaderElection (LeaderElection.java:logAndReturn(94)) -   Response 0: s1<-s0#0:OK-t2
2024-10-07 19:12:11,499 [s1@group-F5D0649D4159-LeaderElection17] INFO  impl.LeaderElection (LogUtils.java:infoOrTrace(136)) -   Exception 1: java.util.concurrent.ExecutionException: org.apache.ratis.thirdparty.io.netty.channel.AbstractChannel$AnnotatedConnectException: finishConnect(..) failed: Connection refused: localhost/127.0.0.1:15156
2024-10-07 19:12:11,499 [s1@group-F5D0649D4159-LeaderElection17] INFO  impl.LeaderElection (LogUtils.java:infoOrTrace(136)) -   Exception 2: java.util.concurrent.ExecutionException: org.apache.ratis.thirdparty.io.netty.channel.AbstractChannel$AnnotatedConnectException: finishConnect(..) failed: Connection refused: localhost/127.0.0.1:15148
2024-10-07 19:12:11,499 [s1@group-F5D0649D4159-LeaderElection17] INFO  impl.LeaderElection (LeaderElection.java:askForVotes(339)) - s1@group-F5D0649D4159-LeaderElection17 PRE_VOTE round 41: result TIMEOUT
2024-10-07 19:12:11,500 [s1@group-F5D0649D4159-LeaderElection17] INFO  impl.LeaderElection (LeaderElection.java:askForVotes(337)) - s1@group-F5D0649D4159-LeaderElection17 PRE_VOTE round 42: submit vote requests at term 2 for conf: {index: 1, cur=peers:[s3|localhost:15152, s4|localhost:15156, s0|localhost:15140, s1|localhost:15144, s2|localhost:15148]|listeners:[], old=null}
2024-10-07 19:12:11,500 [NettyRpcService-workerGroup--thread3] INFO  server.RaftServer$Division (RaftServerImpl.java:requestVote(1443)) - s0@group-F5D0649D4159: receive requestVote(PRE_VOTE, s1, group-F5D0649D4159, 2, (t:2, i:2))
2024-10-07 19:12:11,501 [NettyRpcService-workerGroup--thread3] INFO  impl.VoteContext (VoteContext.java:log(49)) - s0@group-F5D0649D4159-CANDIDATE: accept PRE_VOTE from s1: our priority 0 <= candidate's priority 0
2024-10-07 19:12:11,501 [NettyRpcService-workerGroup--thread3] INFO  server.RaftServer$Division (RaftServerImpl.java:requestVote(1476)) - s0@group-F5D0649D4159 replies to PRE_VOTE vote request: s1<-s0#0:OK-t2. Peer's state: s0@group-F5D0649D4159:t2, leader=null, voted=s4, raftlog=Memoized:s0@group-F5D0649D4159-SegmentedRaftLog:OPENED:c2:last(t:2, i:2), conf=conf: {index: 1, cur=peers:[s3|localhost:15152, s4|localhost:15156, s0|localhost:15140, s1|localhost:15144, s2|localhost:15148]|listeners:[], old=null}
2024-10-07 19:12:11,501 [s1@group-F5D0649D4159-LeaderElection17] INFO  impl.LeaderElection (LogUtils.java:infoOrTrace(136)) - s1@group-F5D0649D4159-LeaderElection17 got exception when requesting votes: java.util.concurrent.ExecutionException: org.apache.ratis.thirdparty.io.netty.channel.AbstractChannel$AnnotatedConnectException: finishConnect(..) failed: Connection refused: localhost/127.0.0.1:15156
2024-10-07 19:12:11,501 [s1@group-F5D0649D4159-LeaderElection17] INFO  impl.LeaderElection (LogUtils.java:infoOrTrace(136)) - s1@group-F5D0649D4159-LeaderElection17 got exception when requesting votes: java.util.concurrent.ExecutionException: org.apache.ratis.thirdparty.io.netty.channel.AbstractChannel$AnnotatedConnectException: finishConnect(..) failed: Connection refused: localhost/127.0.0.1:15148
2024-10-07 19:12:11,528 [s0@group-F5D0649D4159-LeaderElection18] INFO  impl.LeaderElection (LeaderElection.java:logAndReturn(90)) - s0@group-F5D0649D4159-LeaderElection18: PRE_VOTE TIMEOUT received 1 response(s) and 2 exception(s):
2024-10-07 19:12:11,528 [s0@group-F5D0649D4159-LeaderElection18] INFO  impl.LeaderElection (LeaderElection.java:logAndReturn(94)) -   Response 0: s0<-s1#0:OK-t2
2024-10-07 19:12:11,528 [s0@group-F5D0649D4159-LeaderElection18] INFO  impl.LeaderElection (LogUtils.java:infoOrTrace(136)) -   Exception 1: java.util.concurrent.ExecutionException: org.apache.ratis.thirdparty.io.netty.channel.AbstractChannel$AnnotatedConnectException: finishConnect(..) failed: Connection refused: localhost/127.0.0.1:15148
2024-10-07 19:12:11,528 [s0@group-F5D0649D4159-LeaderElection18] INFO  impl.LeaderElection (LogUtils.java:infoOrTrace(136)) -   Exception 2: java.util.concurrent.ExecutionException: org.apache.ratis.thirdparty.io.netty.channel.AbstractChannel$AnnotatedConnectException: finishConnect(..) failed: Connection refused: localhost/127.0.0.1:15156
2024-10-07 19:12:11,528 [s0@group-F5D0649D4159-LeaderElection18] INFO  impl.LeaderElection (LeaderElection.java:askForVotes(339)) - s0@group-F5D0649D4159-LeaderElection18 PRE_VOTE round 26: result TIMEOUT
2024-10-07 19:12:11,528 [s0@group-F5D0649D4159-LeaderElection18] INFO  impl.LeaderElection (LeaderElection.java:askForVotes(337)) - s0@group-F5D0649D4159-LeaderElection18 PRE_VOTE round 27: submit vote requests at term 2 for conf: {index: 1, cur=peers:[s3|localhost:15152, s4|localhost:15156, s0|localhost:15140, s1|localhost:15144, s2|localhost:15148]|listeners:[], old=null}
2024-10-07 19:12:11,529 [NettyRpcService-workerGroup--thread3] INFO  server.RaftServer$Division (RaftServerImpl.java:requestVote(1443)) - s1@group-F5D0649D4159: receive requestVote(PRE_VOTE, s0, group-F5D0649D4159, 2, (t:2, i:2))
2024-10-07 19:12:11,529 [NettyRpcService-workerGroup--thread3] INFO  impl.VoteContext (VoteContext.java:log(49)) - s1@group-F5D0649D4159-CANDIDATE: accept PRE_VOTE from s0: our priority 0 <= candidate's priority 0
2024-10-07 19:12:11,529 [NettyRpcService-workerGroup--thread3] INFO  server.RaftServer$Division (RaftServerImpl.java:requestVote(1476)) - s1@group-F5D0649D4159 replies to PRE_VOTE vote request: s0<-s1#0:OK-t2. Peer's state: s1@group-F5D0649D4159:t2, leader=null, voted=s4, raftlog=Memoized:s1@group-F5D0649D4159-SegmentedRaftLog:OPENED:c2:last(t:2, i:2), conf=conf: {index: 1, cur=peers:[s3|localhost:15152, s4|localhost:15156, s0|localhost:15140, s1|localhost:15144, s2|localhost:15148]|listeners:[], old=null}
2024-10-07 19:12:11,529 [s0@group-F5D0649D4159-LeaderElection18] INFO  impl.LeaderElection (LogUtils.java:infoOrTrace(136)) - s0@group-F5D0649D4159-LeaderElection18 got exception when requesting votes: java.util.concurrent.ExecutionException: org.apache.ratis.thirdparty.io.netty.channel.AbstractChannel$AnnotatedConnectException: finishConnect(..) failed: Connection refused: localhost/127.0.0.1:15156
2024-10-07 19:12:11,530 [s0@group-F5D0649D4159-LeaderElection18] INFO  impl.LeaderElection (LogUtils.java:infoOrTrace(136)) - s0@group-F5D0649D4159-LeaderElection18 got exception when requesting votes: java.util.concurrent.ExecutionException: org.apache.ratis.thirdparty.io.netty.channel.AbstractChannel$AnnotatedConnectException: finishConnect(..) failed: Connection refused: localhost/127.0.0.1:15148
2024-10-07 19:12:11,759 [s0@group-F5D0649D4159-LeaderElection18] INFO  impl.LeaderElection (LeaderElection.java:logAndReturn(90)) - s0@group-F5D0649D4159-LeaderElection18: PRE_VOTE TIMEOUT received 1 response(s) and 2 exception(s):
2024-10-07 19:12:11,759 [s0@group-F5D0649D4159-LeaderElection18] INFO  impl.LeaderElection (LeaderElection.java:logAndReturn(94)) -   Response 0: s0<-s1#0:OK-t2
2024-10-07 19:12:11,759 [s0@group-F5D0649D4159-LeaderElection18] INFO  impl.LeaderElection (LogUtils.java:infoOrTrace(136)) -   Exception 1: java.util.concurrent.ExecutionException: org.apache.ratis.thirdparty.io.netty.channel.AbstractChannel$AnnotatedConnectException: finishConnect(..) failed: Connection refused: localhost/127.0.0.1:15156
2024-10-07 19:12:11,759 [s0@group-F5D0649D4159-LeaderElection18] INFO  impl.LeaderElection (LogUtils.java:infoOrTrace(136)) -   Exception 2: java.util.concurrent.ExecutionException: org.apache.ratis.thirdparty.io.netty.channel.AbstractChannel$AnnotatedConnectException: finishConnect(..) failed: Connection refused: localhost/127.0.0.1:15148
2024-10-07 19:12:11,760 [s0@group-F5D0649D4159-LeaderElection18] INFO  impl.LeaderElection (LeaderElection.java:askForVotes(339)) - s0@group-F5D0649D4159-LeaderElection18 PRE_VOTE round 27: result TIMEOUT
2024-10-07 19:12:11,760 [s0@group-F5D0649D4159-LeaderElection18] INFO  impl.LeaderElection (LeaderElection.java:askForVotes(337)) - s0@group-F5D0649D4159-LeaderElection18 PRE_VOTE round 28: submit vote requests at term 2 for conf: {index: 1, cur=peers:[s3|localhost:15152, s4|localhost:15156, s0|localhost:15140, s1|localhost:15144, s2|localhost:15148]|listeners:[], old=null}
2024-10-07 19:12:11,761 [NettyRpcService-workerGroup--thread3] INFO  server.RaftServer$Division (RaftServerImpl.java:requestVote(1443)) - s1@group-F5D0649D4159: receive requestVote(PRE_VOTE, s0, group-F5D0649D4159, 2, (t:2, i:2))
2024-10-07 19:12:11,761 [NettyRpcService-workerGroup--thread3] INFO  impl.VoteContext (VoteContext.java:log(49)) - s1@group-F5D0649D4159-CANDIDATE: accept PRE_VOTE from s0: our priority 0 <= candidate's priority 0
2024-10-07 19:12:11,761 [s0@group-F5D0649D4159-LeaderElection18] INFO  impl.LeaderElection (LogUtils.java:infoOrTrace(136)) - s0@group-F5D0649D4159-LeaderElection18 got exception when requesting votes: java.util.concurrent.ExecutionException: org.apache.ratis.thirdparty.io.netty.channel.AbstractChannel$AnnotatedConnectException: finishConnect(..) failed: Connection refused: localhost/127.0.0.1:15148
2024-10-07 19:12:11,761 [NettyRpcService-workerGroup--thread3] INFO  server.RaftServer$Division (RaftServerImpl.java:requestVote(1476)) - s1@group-F5D0649D4159 replies to PRE_VOTE vote request: s0<-s1#0:OK-t2. Peer's state: s1@group-F5D0649D4159:t2, leader=null, voted=s4, raftlog=Memoized:s1@group-F5D0649D4159-SegmentedRaftLog:OPENED:c2:last(t:2, i:2), conf=conf: {index: 1, cur=peers:[s3|localhost:15152, s4|localhost:15156, s0|localhost:15140, s1|localhost:15144, s2|localhost:15148]|listeners:[], old=null}
2024-10-07 19:12:11,762 [s0@group-F5D0649D4159-LeaderElection18] INFO  impl.LeaderElection (LogUtils.java:infoOrTrace(136)) - s0@group-F5D0649D4159-LeaderElection18 got exception when requesting votes: java.util.concurrent.ExecutionException: org.apache.ratis.thirdparty.io.netty.channel.AbstractChannel$AnnotatedConnectException: finishConnect(..) failed: Connection refused: localhost/127.0.0.1:15156
2024-10-07 19:12:11,791 [main] WARN  ratis.RaftTestUtil (RaftTestUtil.java:lambda$waitForLeader$3(126)) - Attempt #23 failed: java.lang.IllegalStateException: No leader yet : printing ALL groups
  s3:  RUNNING  FOLLOWER s3@group-F5D0649D4159:t1, leader=null, voted=null, raftlog=Memoized:s3@group-F5D0649D4159-SegmentedRaftLog:OPENED:c-1:lastnull, conf=conf: {index: -1, cur=peers:[s3|localhost:15152, s4|localhost:15156, s0|localhost:15140, s1|localhost:15144, s2|localhost:15148]|listeners:[], old=null} RUNNING
  s4:   CLOSED    LEADER s4@group-F5D0649D4159:t2, leader=s4, voted=s4, raftlog=Memoized:s4@group-F5D0649D4159-SegmentedRaftLog:CLOSED:c2, conf=conf: {index: 1, cur=peers:[s3|localhost:15152, s4|localhost:15156, s0|localhost:15140, s1|localhost:15144, s2|localhost:15148]|listeners:[], old=null} CLOSED
  s0:  RUNNING CANDIDATE s0@group-F5D0649D4159:t2, leader=null, voted=s4, raftlog=Memoized:s0@group-F5D0649D4159-SegmentedRaftLog:OPENED:c2:last(t:2, i:2), conf=conf: {index: 1, cur=peers:[s3|localhost:15152, s4|localhost:15156, s0|localhost:15140, s1|localhost:15144, s2|localhost:15148]|listeners:[], old=null} RUNNING
  s1:  RUNNING CANDIDATE s1@group-F5D0649D4159:t2, leader=null, voted=s4, raftlog=Memoized:s1@group-F5D0649D4159-SegmentedRaftLog:OPENED:c2:last(t:2, i:2), conf=conf: {index: 1, cur=peers:[s3|localhost:15152, s4|localhost:15156, s0|localhost:15140, s1|localhost:15144, s2|localhost:15148]|listeners:[], old=null} RUNNING
  s2:   CLOSED    LEADER s2@group-F5D0649D4159:t1, leader=s2, voted=s2, raftlog=Memoized:s2@group-F5D0649D4159-SegmentedRaftLog:CLOSED:c0, conf=conf: {index: 0, cur=peers:[s3|localhost:15152, s4|localhost:15156, s0|localhost:15140, s1|localhost:15144, s2|localhost:15148]|listeners:[], old=null} CLOSED
2024-10-07 19:12:11,796 [s1@group-F5D0649D4159-LeaderElection17] INFO  impl.LeaderElection (LeaderElection.java:logAndReturn(90)) - s1@group-F5D0649D4159-LeaderElection17: PRE_VOTE TIMEOUT received 1 response(s) and 2 exception(s):
2024-10-07 19:12:11,796 [s1@group-F5D0649D4159-LeaderElection17] INFO  impl.LeaderElection (LeaderElection.java:logAndReturn(94)) -   Response 0: s1<-s0#0:OK-t2
2024-10-07 19:12:11,796 [s1@group-F5D0649D4159-LeaderElection17] INFO  impl.LeaderElection (LogUtils.java:infoOrTrace(136)) -   Exception 1: java.util.concurrent.ExecutionException: org.apache.ratis.thirdparty.io.netty.channel.AbstractChannel$AnnotatedConnectException: finishConnect(..) failed: Connection refused: localhost/127.0.0.1:15156
2024-10-07 19:12:11,796 [s1@group-F5D0649D4159-LeaderElection17] INFO  impl.LeaderElection (LogUtils.java:infoOrTrace(136)) -   Exception 2: java.util.concurrent.ExecutionException: org.apache.ratis.thirdparty.io.netty.channel.AbstractChannel$AnnotatedConnectException: finishConnect(..) failed: Connection refused: localhost/127.0.0.1:15148
2024-10-07 19:12:11,797 [s1@group-F5D0649D4159-LeaderElection17] INFO  impl.LeaderElection (LeaderElection.java:askForVotes(339)) - s1@group-F5D0649D4159-LeaderElection17 PRE_VOTE round 42: result TIMEOUT
2024-10-07 19:12:11,797 [s1@group-F5D0649D4159-LeaderElection17] INFO  impl.LeaderElection (LeaderElection.java:askForVotes(337)) - s1@group-F5D0649D4159-LeaderElection17 PRE_VOTE round 43: submit vote requests at term 2 for conf: {index: 1, cur=peers:[s3|localhost:15152, s4|localhost:15156, s0|localhost:15140, s1|localhost:15144, s2|localhost:15148]|listeners:[], old=null}
2024-10-07 19:12:11,798 [NettyRpcService-workerGroup--thread3] INFO  server.RaftServer$Division (RaftServerImpl.java:requestVote(1443)) - s0@group-F5D0649D4159: receive requestVote(PRE_VOTE, s1, group-F5D0649D4159, 2, (t:2, i:2))
2024-10-07 19:12:11,798 [NettyRpcService-workerGroup--thread3] INFO  impl.VoteContext (VoteContext.java:log(49)) - s0@group-F5D0649D4159-CANDIDATE: accept PRE_VOTE from s1: our priority 0 <= candidate's priority 0
2024-10-07 19:12:11,798 [NettyRpcService-workerGroup--thread3] INFO  server.RaftServer$Division (RaftServerImpl.java:requestVote(1476)) - s0@group-F5D0649D4159 replies to PRE_VOTE vote request: s1<-s0#0:OK-t2. Peer's state: s0@group-F5D0649D4159:t2, leader=null, voted=s4, raftlog=Memoized:s0@group-F5D0649D4159-SegmentedRaftLog:OPENED:c2:last(t:2, i:2), conf=conf: {index: 1, cur=peers:[s3|localhost:15152, s4|localhost:15156, s0|localhost:15140, s1|localhost:15144, s2|localhost:15148]|listeners:[], old=null}
2024-10-07 19:12:11,798 [s1@group-F5D0649D4159-LeaderElection17] INFO  impl.LeaderElection (LogUtils.java:infoOrTrace(136)) - s1@group-F5D0649D4159-LeaderElection17 got exception when requesting votes: java.util.concurrent.ExecutionException: org.apache.ratis.thirdparty.io.netty.channel.AbstractChannel$AnnotatedConnectException: finishConnect(..) failed: Connection refused: localhost/127.0.0.1:15148
2024-10-07 19:12:11,798 [s1@group-F5D0649D4159-LeaderElection17] INFO  impl.LeaderElection (LogUtils.java:infoOrTrace(136)) - s1@group-F5D0649D4159-LeaderElection17 got exception when requesting votes: java.util.concurrent.ExecutionException: org.apache.ratis.thirdparty.io.netty.channel.AbstractChannel$AnnotatedConnectException: finishConnect(..) failed: Connection refused: localhost/127.0.0.1:15156
2024-10-07 19:12:11,978 [s1@group-F5D0649D4159-LeaderElection17] INFO  impl.LeaderElection (LeaderElection.java:logAndReturn(90)) - s1@group-F5D0649D4159-LeaderElection17: PRE_VOTE TIMEOUT received 1 response(s) and 2 exception(s):
2024-10-07 19:12:11,978 [s1@group-F5D0649D4159-LeaderElection17] INFO  impl.LeaderElection (LeaderElection.java:logAndReturn(94)) -   Response 0: s1<-s0#0:OK-t2
2024-10-07 19:12:11,979 [s1@group-F5D0649D4159-LeaderElection17] INFO  impl.LeaderElection (LogUtils.java:infoOrTrace(136)) -   Exception 1: java.util.concurrent.ExecutionException: org.apache.ratis.thirdparty.io.netty.channel.AbstractChannel$AnnotatedConnectException: finishConnect(..) failed: Connection refused: localhost/127.0.0.1:15148
2024-10-07 19:12:11,979 [s1@group-F5D0649D4159-LeaderElection17] INFO  impl.LeaderElection (LogUtils.java:infoOrTrace(136)) -   Exception 2: java.util.concurrent.ExecutionException: org.apache.ratis.thirdparty.io.netty.channel.AbstractChannel$AnnotatedConnectException: finishConnect(..) failed: Connection refused: localhost/127.0.0.1:15156
2024-10-07 19:12:11,979 [s1@group-F5D0649D4159-LeaderElection17] INFO  impl.LeaderElection (LeaderElection.java:askForVotes(339)) - s1@group-F5D0649D4159-LeaderElection17 PRE_VOTE round 43: result TIMEOUT
2024-10-07 19:12:11,979 [s1@group-F5D0649D4159-LeaderElection17] INFO  impl.LeaderElection (LeaderElection.java:askForVotes(337)) - s1@group-F5D0649D4159-LeaderElection17 PRE_VOTE round 44: submit vote requests at term 2 for conf: {index: 1, cur=peers:[s3|localhost:15152, s4|localhost:15156, s0|localhost:15140, s1|localhost:15144, s2|localhost:15148]|listeners:[], old=null}
2024-10-07 19:12:11,980 [NettyRpcService-workerGroup--thread3] INFO  server.RaftServer$Division (RaftServerImpl.java:requestVote(1443)) - s0@group-F5D0649D4159: receive requestVote(PRE_VOTE, s1, group-F5D0649D4159, 2, (t:2, i:2))
2024-10-07 19:12:11,980 [NettyRpcService-workerGroup--thread3] INFO  impl.VoteContext (VoteContext.java:log(49)) - s0@group-F5D0649D4159-CANDIDATE: accept PRE_VOTE from s1: our priority 0 <= candidate's priority 0
2024-10-07 19:12:11,980 [s1@group-F5D0649D4159-LeaderElection17] INFO  impl.LeaderElection (LogUtils.java:infoOrTrace(136)) - s1@group-F5D0649D4159-LeaderElection17 got exception when requesting votes: java.util.concurrent.ExecutionException: org.apache.ratis.thirdparty.io.netty.channel.AbstractChannel$AnnotatedConnectException: finishConnect(..) failed: Connection refused: localhost/127.0.0.1:15148
2024-10-07 19:12:11,980 [NettyRpcService-workerGroup--thread3] INFO  server.RaftServer$Division (RaftServerImpl.java:requestVote(1476)) - s0@group-F5D0649D4159 replies to PRE_VOTE vote request: s1<-s0#0:OK-t2. Peer's state: s0@group-F5D0649D4159:t2, leader=null, voted=s4, raftlog=Memoized:s0@group-F5D0649D4159-SegmentedRaftLog:OPENED:c2:last(t:2, i:2), conf=conf: {index: 1, cur=peers:[s3|localhost:15152, s4|localhost:15156, s0|localhost:15140, s1|localhost:15144, s2|localhost:15148]|listeners:[], old=null}
2024-10-07 19:12:11,980 [s1@group-F5D0649D4159-LeaderElection17] INFO  impl.LeaderElection (LogUtils.java:infoOrTrace(136)) - s1@group-F5D0649D4159-LeaderElection17 got exception when requesting votes: java.util.concurrent.ExecutionException: org.apache.ratis.thirdparty.io.netty.channel.AbstractChannel$AnnotatedConnectException: finishConnect(..) failed: Connection refused: localhost/127.0.0.1:15156
2024-10-07 19:12:12,052 [s0@group-F5D0649D4159-LeaderElection18] INFO  impl.LeaderElection (LeaderElection.java:logAndReturn(90)) - s0@group-F5D0649D4159-LeaderElection18: PRE_VOTE TIMEOUT received 1 response(s) and 2 exception(s):
2024-10-07 19:12:12,053 [s0@group-F5D0649D4159-LeaderElection18] INFO  impl.LeaderElection (LeaderElection.java:logAndReturn(94)) -   Response 0: s0<-s1#0:OK-t2
2024-10-07 19:12:12,053 [s0@group-F5D0649D4159-LeaderElection18] INFO  impl.LeaderElection (LogUtils.java:infoOrTrace(136)) -   Exception 1: java.util.concurrent.ExecutionException: org.apache.ratis.thirdparty.io.netty.channel.AbstractChannel$AnnotatedConnectException: finishConnect(..) failed: Connection refused: localhost/127.0.0.1:15148
2024-10-07 19:12:12,053 [s0@group-F5D0649D4159-LeaderElection18] INFO  impl.LeaderElection (LogUtils.java:infoOrTrace(136)) -   Exception 2: java.util.concurrent.ExecutionException: org.apache.ratis.thirdparty.io.netty.channel.AbstractChannel$AnnotatedConnectException: finishConnect(..) failed: Connection refused: localhost/127.0.0.1:15156
2024-10-07 19:12:12,053 [s0@group-F5D0649D4159-LeaderElection18] INFO  impl.LeaderElection (LeaderElection.java:askForVotes(339)) - s0@group-F5D0649D4159-LeaderElection18 PRE_VOTE round 28: result TIMEOUT
2024-10-07 19:12:12,053 [s0@group-F5D0649D4159-LeaderElection18] INFO  impl.LeaderElection (LeaderElection.java:askForVotes(337)) - s0@group-F5D0649D4159-LeaderElection18 PRE_VOTE round 29: submit vote requests at term 2 for conf: {index: 1, cur=peers:[s3|localhost:15152, s4|localhost:15156, s0|localhost:15140, s1|localhost:15144, s2|localhost:15148]|listeners:[], old=null}
2024-10-07 19:12:12,054 [NettyRpcService-workerGroup--thread3] INFO  server.RaftServer$Division (RaftServerImpl.java:requestVote(1443)) - s1@group-F5D0649D4159: receive requestVote(PRE_VOTE, s0, group-F5D0649D4159, 2, (t:2, i:2))
2024-10-07 19:12:12,054 [NettyRpcService-workerGroup--thread3] INFO  impl.VoteContext (VoteContext.java:log(49)) - s1@group-F5D0649D4159-CANDIDATE: accept PRE_VOTE from s0: our priority 0 <= candidate's priority 0
2024-10-07 19:12:12,054 [s0@group-F5D0649D4159-LeaderElection18] INFO  impl.LeaderElection (LogUtils.java:infoOrTrace(136)) - s0@group-F5D0649D4159-LeaderElection18 got exception when requesting votes: java.util.concurrent.ExecutionException: org.apache.ratis.thirdparty.io.netty.channel.AbstractChannel$AnnotatedConnectException: finishConnect(..) failed: Connection refused: localhost/127.0.0.1:15156
2024-10-07 19:12:12,054 [NettyRpcService-workerGroup--thread3] INFO  server.RaftServer$Division (RaftServerImpl.java:requestVote(1476)) - s1@group-F5D0649D4159 replies to PRE_VOTE vote request: s0<-s1#0:OK-t2. Peer's state: s1@group-F5D0649D4159:t2, leader=null, voted=s4, raftlog=Memoized:s1@group-F5D0649D4159-SegmentedRaftLog:OPENED:c2:last(t:2, i:2), conf=conf: {index: 1, cur=peers:[s3|localhost:15152, s4|localhost:15156, s0|localhost:15140, s1|localhost:15144, s2|localhost:15148]|listeners:[], old=null}
2024-10-07 19:12:12,054 [s0@group-F5D0649D4159-LeaderElection18] INFO  impl.LeaderElection (LogUtils.java:infoOrTrace(136)) - s0@group-F5D0649D4159-LeaderElection18 got exception when requesting votes: java.util.concurrent.ExecutionException: org.apache.ratis.thirdparty.io.netty.channel.AbstractChannel$AnnotatedConnectException: finishConnect(..) failed: Connection refused: localhost/127.0.0.1:15148
2024-10-07 19:12:12,165 [s1@group-F5D0649D4159-LeaderElection17] INFO  impl.LeaderElection (LeaderElection.java:logAndReturn(90)) - s1@group-F5D0649D4159-LeaderElection17: PRE_VOTE TIMEOUT received 1 response(s) and 2 exception(s):
2024-10-07 19:12:12,166 [s1@group-F5D0649D4159-LeaderElection17] INFO  impl.LeaderElection (LeaderElection.java:logAndReturn(94)) -   Response 0: s1<-s0#0:OK-t2
2024-10-07 19:12:12,166 [s1@group-F5D0649D4159-LeaderElection17] INFO  impl.LeaderElection (LogUtils.java:infoOrTrace(136)) -   Exception 1: java.util.concurrent.ExecutionException: org.apache.ratis.thirdparty.io.netty.channel.AbstractChannel$AnnotatedConnectException: finishConnect(..) failed: Connection refused: localhost/127.0.0.1:15148
2024-10-07 19:12:12,166 [s1@group-F5D0649D4159-LeaderElection17] INFO  impl.LeaderElection (LogUtils.java:infoOrTrace(136)) -   Exception 2: java.util.concurrent.ExecutionException: org.apache.ratis.thirdparty.io.netty.channel.AbstractChannel$AnnotatedConnectException: finishConnect(..) failed: Connection refused: localhost/127.0.0.1:15156
2024-10-07 19:12:12,166 [s1@group-F5D0649D4159-LeaderElection17] INFO  impl.LeaderElection (LeaderElection.java:askForVotes(339)) - s1@group-F5D0649D4159-LeaderElection17 PRE_VOTE round 44: result TIMEOUT
2024-10-07 19:12:12,166 [s1@group-F5D0649D4159-LeaderElection17] INFO  impl.LeaderElection (LeaderElection.java:askForVotes(337)) - s1@group-F5D0649D4159-LeaderElection17 PRE_VOTE round 45: submit vote requests at term 2 for conf: {index: 1, cur=peers:[s3|localhost:15152, s4|localhost:15156, s0|localhost:15140, s1|localhost:15144, s2|localhost:15148]|listeners:[], old=null}
2024-10-07 19:12:12,167 [NettyRpcService-workerGroup--thread3] INFO  server.RaftServer$Division (RaftServerImpl.java:requestVote(1443)) - s0@group-F5D0649D4159: receive requestVote(PRE_VOTE, s1, group-F5D0649D4159, 2, (t:2, i:2))
2024-10-07 19:12:12,167 [NettyRpcService-workerGroup--thread3] INFO  impl.VoteContext (VoteContext.java:log(49)) - s0@group-F5D0649D4159-CANDIDATE: accept PRE_VOTE from s1: our priority 0 <= candidate's priority 0
2024-10-07 19:12:12,167 [s1@group-F5D0649D4159-LeaderElection17] INFO  impl.LeaderElection (LogUtils.java:infoOrTrace(136)) - s1@group-F5D0649D4159-LeaderElection17 got exception when requesting votes: java.util.concurrent.ExecutionException: org.apache.ratis.thirdparty.io.netty.channel.AbstractChannel$AnnotatedConnectException: finishConnect(..) failed: Connection refused: localhost/127.0.0.1:15156
2024-10-07 19:12:12,167 [NettyRpcService-workerGroup--thread3] INFO  server.RaftServer$Division (RaftServerImpl.java:requestVote(1476)) - s0@group-F5D0649D4159 replies to PRE_VOTE vote request: s1<-s0#0:OK-t2. Peer's state: s0@group-F5D0649D4159:t2, leader=null, voted=s4, raftlog=Memoized:s0@group-F5D0649D4159-SegmentedRaftLog:OPENED:c2:last(t:2, i:2), conf=conf: {index: 1, cur=peers:[s3|localhost:15152, s4|localhost:15156, s0|localhost:15140, s1|localhost:15144, s2|localhost:15148]|listeners:[], old=null}
2024-10-07 19:12:12,168 [s1@group-F5D0649D4159-LeaderElection17] INFO  impl.LeaderElection (LogUtils.java:infoOrTrace(136)) - s1@group-F5D0649D4159-LeaderElection17 got exception when requesting votes: java.util.concurrent.ExecutionException: org.apache.ratis.thirdparty.io.netty.channel.AbstractChannel$AnnotatedConnectException: finishConnect(..) failed: Connection refused: localhost/127.0.0.1:15148
2024-10-07 19:12:12,242 [main] WARN  ratis.RaftTestUtil (RaftTestUtil.java:lambda$waitForLeader$3(126)) - Attempt #24 failed: java.lang.IllegalStateException: No leader yet : printing ALL groups
  s3:  RUNNING  FOLLOWER s3@group-F5D0649D4159:t1, leader=null, voted=null, raftlog=Memoized:s3@group-F5D0649D4159-SegmentedRaftLog:OPENED:c-1:lastnull, conf=conf: {index: -1, cur=peers:[s3|localhost:15152, s4|localhost:15156, s0|localhost:15140, s1|localhost:15144, s2|localhost:15148]|listeners:[], old=null} RUNNING
  s4:   CLOSED    LEADER s4@group-F5D0649D4159:t2, leader=s4, voted=s4, raftlog=Memoized:s4@group-F5D0649D4159-SegmentedRaftLog:CLOSED:c2, conf=conf: {index: 1, cur=peers:[s3|localhost:15152, s4|localhost:15156, s0|localhost:15140, s1|localhost:15144, s2|localhost:15148]|listeners:[], old=null} CLOSED
  s0:  RUNNING CANDIDATE s0@group-F5D0649D4159:t2, leader=null, voted=s4, raftlog=Memoized:s0@group-F5D0649D4159-SegmentedRaftLog:OPENED:c2:last(t:2, i:2), conf=conf: {index: 1, cur=peers:[s3|localhost:15152, s4|localhost:15156, s0|localhost:15140, s1|localhost:15144, s2|localhost:15148]|listeners:[], old=null} RUNNING
  s1:  RUNNING CANDIDATE s1@group-F5D0649D4159:t2, leader=null, voted=s4, raftlog=Memoized:s1@group-F5D0649D4159-SegmentedRaftLog:OPENED:c2:last(t:2, i:2), conf=conf: {index: 1, cur=peers:[s3|localhost:15152, s4|localhost:15156, s0|localhost:15140, s1|localhost:15144, s2|localhost:15148]|listeners:[], old=null} RUNNING
  s2:   CLOSED    LEADER s2@group-F5D0649D4159:t1, leader=s2, voted=s2, raftlog=Memoized:s2@group-F5D0649D4159-SegmentedRaftLog:CLOSED:c0, conf=conf: {index: 0, cur=peers:[s3|localhost:15152, s4|localhost:15156, s0|localhost:15140, s1|localhost:15144, s2|localhost:15148]|listeners:[], old=null} CLOSED
2024-10-07 19:12:12,244 [s0@group-F5D0649D4159-LeaderElection18] INFO  impl.LeaderElection (LeaderElection.java:logAndReturn(90)) - s0@group-F5D0649D4159-LeaderElection18: PRE_VOTE TIMEOUT received 1 response(s) and 2 exception(s):
2024-10-07 19:12:12,244 [s0@group-F5D0649D4159-LeaderElection18] INFO  impl.LeaderElection (LeaderElection.java:logAndReturn(94)) -   Response 0: s0<-s1#0:OK-t2
2024-10-07 19:12:12,244 [s0@group-F5D0649D4159-LeaderElection18] INFO  impl.LeaderElection (LogUtils.java:infoOrTrace(136)) -   Exception 1: java.util.concurrent.ExecutionException: org.apache.ratis.thirdparty.io.netty.channel.AbstractChannel$AnnotatedConnectException: finishConnect(..) failed: Connection refused: localhost/127.0.0.1:15156
2024-10-07 19:12:12,244 [s0@group-F5D0649D4159-LeaderElection18] INFO  impl.LeaderElection (LogUtils.java:infoOrTrace(136)) -   Exception 2: java.util.concurrent.ExecutionException: org.apache.ratis.thirdparty.io.netty.channel.AbstractChannel$AnnotatedConnectException: finishConnect(..) failed: Connection refused: localhost/127.0.0.1:15148
2024-10-07 19:12:12,244 [s0@group-F5D0649D4159-LeaderElection18] INFO  impl.LeaderElection (LeaderElection.java:askForVotes(339)) - s0@group-F5D0649D4159-LeaderElection18 PRE_VOTE round 29: result TIMEOUT
2024-10-07 19:12:12,244 [s0@group-F5D0649D4159-LeaderElection18] INFO  impl.LeaderElection (LeaderElection.java:askForVotes(337)) - s0@group-F5D0649D4159-LeaderElection18 PRE_VOTE round 30: submit vote requests at term 2 for conf: {index: 1, cur=peers:[s3|localhost:15152, s4|localhost:15156, s0|localhost:15140, s1|localhost:15144, s2|localhost:15148]|listeners:[], old=null}
2024-10-07 19:12:12,245 [NettyRpcService-workerGroup--thread3] INFO  server.RaftServer$Division (RaftServerImpl.java:requestVote(1443)) - s1@group-F5D0649D4159: receive requestVote(PRE_VOTE, s0, group-F5D0649D4159, 2, (t:2, i:2))
2024-10-07 19:12:12,245 [NettyRpcService-workerGroup--thread3] INFO  impl.VoteContext (VoteContext.java:log(49)) - s1@group-F5D0649D4159-CANDIDATE: accept PRE_VOTE from s0: our priority 0 <= candidate's priority 0
2024-10-07 19:12:12,245 [s0@group-F5D0649D4159-LeaderElection18] INFO  impl.LeaderElection (LogUtils.java:infoOrTrace(136)) - s0@group-F5D0649D4159-LeaderElection18 got exception when requesting votes: java.util.concurrent.ExecutionException: org.apache.ratis.thirdparty.io.netty.channel.AbstractChannel$AnnotatedConnectException: finishConnect(..) failed: Connection refused: localhost/127.0.0.1:15156
2024-10-07 19:12:12,245 [NettyRpcService-workerGroup--thread3] INFO  server.RaftServer$Division (RaftServerImpl.java:requestVote(1476)) - s1@group-F5D0649D4159 replies to PRE_VOTE vote request: s0<-s1#0:OK-t2. Peer's state: s1@group-F5D0649D4159:t2, leader=null, voted=s4, raftlog=Memoized:s1@group-F5D0649D4159-SegmentedRaftLog:OPENED:c2:last(t:2, i:2), conf=conf: {index: 1, cur=peers:[s3|localhost:15152, s4|localhost:15156, s0|localhost:15140, s1|localhost:15144, s2|localhost:15148]|listeners:[], old=null}
2024-10-07 19:12:12,245 [s0@group-F5D0649D4159-LeaderElection18] INFO  impl.LeaderElection (LogUtils.java:infoOrTrace(136)) - s0@group-F5D0649D4159-LeaderElection18 got exception when requesting votes: java.util.concurrent.ExecutionException: org.apache.ratis.thirdparty.io.netty.channel.AbstractChannel$AnnotatedConnectException: finishConnect(..) failed: Connection refused: localhost/127.0.0.1:15148
2024-10-07 19:12:12,325 [s1@group-F5D0649D4159-LeaderElection17] INFO  impl.LeaderElection (LeaderElection.java:logAndReturn(90)) - s1@group-F5D0649D4159-LeaderElection17: PRE_VOTE TIMEOUT received 1 response(s) and 2 exception(s):
2024-10-07 19:12:12,325 [s1@group-F5D0649D4159-LeaderElection17] INFO  impl.LeaderElection (LeaderElection.java:logAndReturn(94)) -   Response 0: s1<-s0#0:OK-t2
2024-10-07 19:12:12,325 [s1@group-F5D0649D4159-LeaderElection17] INFO  impl.LeaderElection (LogUtils.java:infoOrTrace(136)) -   Exception 1: java.util.concurrent.ExecutionException: org.apache.ratis.thirdparty.io.netty.channel.AbstractChannel$AnnotatedConnectException: finishConnect(..) failed: Connection refused: localhost/127.0.0.1:15156
2024-10-07 19:12:12,325 [s1@group-F5D0649D4159-LeaderElection17] INFO  impl.LeaderElection (LogUtils.java:infoOrTrace(136)) -   Exception 2: java.util.concurrent.ExecutionException: org.apache.ratis.thirdparty.io.netty.channel.AbstractChannel$AnnotatedConnectException: finishConnect(..) failed: Connection refused: localhost/127.0.0.1:15148
2024-10-07 19:12:12,325 [s1@group-F5D0649D4159-LeaderElection17] INFO  impl.LeaderElection (LeaderElection.java:askForVotes(339)) - s1@group-F5D0649D4159-LeaderElection17 PRE_VOTE round 45: result TIMEOUT
2024-10-07 19:12:12,325 [s1@group-F5D0649D4159-LeaderElection17] INFO  impl.LeaderElection (LeaderElection.java:askForVotes(337)) - s1@group-F5D0649D4159-LeaderElection17 PRE_VOTE round 46: submit vote requests at term 2 for conf: {index: 1, cur=peers:[s3|localhost:15152, s4|localhost:15156, s0|localhost:15140, s1|localhost:15144, s2|localhost:15148]|listeners:[], old=null}
2024-10-07 19:12:12,326 [NettyRpcService-workerGroup--thread3] INFO  server.RaftServer$Division (RaftServerImpl.java:requestVote(1443)) - s0@group-F5D0649D4159: receive requestVote(PRE_VOTE, s1, group-F5D0649D4159, 2, (t:2, i:2))
2024-10-07 19:12:12,326 [NettyRpcService-workerGroup--thread3] INFO  impl.VoteContext (VoteContext.java:log(49)) - s0@group-F5D0649D4159-CANDIDATE: accept PRE_VOTE from s1: our priority 0 <= candidate's priority 0
2024-10-07 19:12:12,326 [NettyRpcService-workerGroup--thread3] INFO  server.RaftServer$Division (RaftServerImpl.java:requestVote(1476)) - s0@group-F5D0649D4159 replies to PRE_VOTE vote request: s1<-s0#0:OK-t2. Peer's state: s0@group-F5D0649D4159:t2, leader=null, voted=s4, raftlog=Memoized:s0@group-F5D0649D4159-SegmentedRaftLog:OPENED:c2:last(t:2, i:2), conf=conf: {index: 1, cur=peers:[s3|localhost:15152, s4|localhost:15156, s0|localhost:15140, s1|localhost:15144, s2|localhost:15148]|listeners:[], old=null}
2024-10-07 19:12:12,326 [s1@group-F5D0649D4159-LeaderElection17] INFO  impl.LeaderElection (LogUtils.java:infoOrTrace(136)) - s1@group-F5D0649D4159-LeaderElection17 got exception when requesting votes: java.util.concurrent.ExecutionException: org.apache.ratis.thirdparty.io.netty.channel.AbstractChannel$AnnotatedConnectException: finishConnect(..) failed: Connection refused: localhost/127.0.0.1:15156
2024-10-07 19:12:12,326 [s1@group-F5D0649D4159-LeaderElection17] INFO  impl.LeaderElection (LogUtils.java:infoOrTrace(136)) - s1@group-F5D0649D4159-LeaderElection17 got exception when requesting votes: java.util.concurrent.ExecutionException: org.apache.ratis.thirdparty.io.netty.channel.AbstractChannel$AnnotatedConnectException: finishConnect(..) failed: Connection refused: localhost/127.0.0.1:15148
2024-10-07 19:12:12,488 [s0@group-F5D0649D4159-LeaderElection18] INFO  impl.LeaderElection (LeaderElection.java:logAndReturn(90)) - s0@group-F5D0649D4159-LeaderElection18: PRE_VOTE TIMEOUT received 1 response(s) and 2 exception(s):
2024-10-07 19:12:12,488 [s0@group-F5D0649D4159-LeaderElection18] INFO  impl.LeaderElection (LeaderElection.java:logAndReturn(94)) -   Response 0: s0<-s1#0:OK-t2
2024-10-07 19:12:12,488 [s0@group-F5D0649D4159-LeaderElection18] INFO  impl.LeaderElection (LogUtils.java:infoOrTrace(136)) -   Exception 1: java.util.concurrent.ExecutionException: org.apache.ratis.thirdparty.io.netty.channel.AbstractChannel$AnnotatedConnectException: finishConnect(..) failed: Connection refused: localhost/127.0.0.1:15156
2024-10-07 19:12:12,488 [s0@group-F5D0649D4159-LeaderElection18] INFO  impl.LeaderElection (LogUtils.java:infoOrTrace(136)) -   Exception 2: java.util.concurrent.ExecutionException: org.apache.ratis.thirdparty.io.netty.channel.AbstractChannel$AnnotatedConnectException: finishConnect(..) failed: Connection refused: localhost/127.0.0.1:15148
2024-10-07 19:12:12,488 [s0@group-F5D0649D4159-LeaderElection18] INFO  impl.LeaderElection (LeaderElection.java:askForVotes(339)) - s0@group-F5D0649D4159-LeaderElection18 PRE_VOTE round 30: result TIMEOUT
2024-10-07 19:12:12,488 [s0@group-F5D0649D4159-LeaderElection18] INFO  impl.LeaderElection (LeaderElection.java:askForVotes(337)) - s0@group-F5D0649D4159-LeaderElection18 PRE_VOTE round 31: submit vote requests at term 2 for conf: {index: 1, cur=peers:[s3|localhost:15152, s4|localhost:15156, s0|localhost:15140, s1|localhost:15144, s2|localhost:15148]|listeners:[], old=null}
2024-10-07 19:12:12,489 [NettyRpcService-workerGroup--thread3] INFO  server.RaftServer$Division (RaftServerImpl.java:requestVote(1443)) - s1@group-F5D0649D4159: receive requestVote(PRE_VOTE, s0, group-F5D0649D4159, 2, (t:2, i:2))
2024-10-07 19:12:12,489 [NettyRpcService-workerGroup--thread3] INFO  impl.VoteContext (VoteContext.java:log(49)) - s1@group-F5D0649D4159-CANDIDATE: accept PRE_VOTE from s0: our priority 0 <= candidate's priority 0
2024-10-07 19:12:12,490 [NettyRpcService-workerGroup--thread3] INFO  server.RaftServer$Division (RaftServerImpl.java:requestVote(1476)) - s1@group-F5D0649D4159 replies to PRE_VOTE vote request: s0<-s1#0:OK-t2. Peer's state: s1@group-F5D0649D4159:t2, leader=null, voted=s4, raftlog=Memoized:s1@group-F5D0649D4159-SegmentedRaftLog:OPENED:c2:last(t:2, i:2), conf=conf: {index: 1, cur=peers:[s3|localhost:15152, s4|localhost:15156, s0|localhost:15140, s1|localhost:15144, s2|localhost:15148]|listeners:[], old=null}
2024-10-07 19:12:12,490 [s0@group-F5D0649D4159-LeaderElection18] INFO  impl.LeaderElection (LogUtils.java:infoOrTrace(136)) - s0@group-F5D0649D4159-LeaderElection18 got exception when requesting votes: java.util.concurrent.ExecutionException: org.apache.ratis.thirdparty.io.netty.channel.AbstractChannel$AnnotatedConnectException: finishConnect(..) failed: Connection refused: localhost/127.0.0.1:15156
2024-10-07 19:12:12,490 [s0@group-F5D0649D4159-LeaderElection18] INFO  impl.LeaderElection (LogUtils.java:infoOrTrace(136)) - s0@group-F5D0649D4159-LeaderElection18 got exception when requesting votes: java.util.concurrent.ExecutionException: org.apache.ratis.thirdparty.io.netty.channel.AbstractChannel$AnnotatedConnectException: finishConnect(..) failed: Connection refused: localhost/127.0.0.1:15148
2024-10-07 19:12:12,559 [s1@group-F5D0649D4159-LeaderElection17] INFO  impl.LeaderElection (LeaderElection.java:logAndReturn(90)) - s1@group-F5D0649D4159-LeaderElection17: PRE_VOTE TIMEOUT received 1 response(s) and 2 exception(s):
2024-10-07 19:12:12,559 [s1@group-F5D0649D4159-LeaderElection17] INFO  impl.LeaderElection (LeaderElection.java:logAndReturn(94)) -   Response 0: s1<-s0#0:OK-t2
2024-10-07 19:12:12,559 [s1@group-F5D0649D4159-LeaderElection17] INFO  impl.LeaderElection (LogUtils.java:infoOrTrace(136)) -   Exception 1: java.util.concurrent.ExecutionException: org.apache.ratis.thirdparty.io.netty.channel.AbstractChannel$AnnotatedConnectException: finishConnect(..) failed: Connection refused: localhost/127.0.0.1:15156
2024-10-07 19:12:12,559 [s1@group-F5D0649D4159-LeaderElection17] INFO  impl.LeaderElection (LogUtils.java:infoOrTrace(136)) -   Exception 2: java.util.concurrent.ExecutionException: org.apache.ratis.thirdparty.io.netty.channel.AbstractChannel$AnnotatedConnectException: finishConnect(..) failed: Connection refused: localhost/127.0.0.1:15148
2024-10-07 19:12:12,559 [s1@group-F5D0649D4159-LeaderElection17] INFO  impl.LeaderElection (LeaderElection.java:askForVotes(339)) - s1@group-F5D0649D4159-LeaderElection17 PRE_VOTE round 46: result TIMEOUT
2024-10-07 19:12:12,559 [s1@group-F5D0649D4159-LeaderElection17] INFO  impl.LeaderElection (LeaderElection.java:askForVotes(337)) - s1@group-F5D0649D4159-LeaderElection17 PRE_VOTE round 47: submit vote requests at term 2 for conf: {index: 1, cur=peers:[s3|localhost:15152, s4|localhost:15156, s0|localhost:15140, s1|localhost:15144, s2|localhost:15148]|listeners:[], old=null}
2024-10-07 19:12:12,560 [NettyRpcService-workerGroup--thread3] INFO  server.RaftServer$Division (RaftServerImpl.java:requestVote(1443)) - s0@group-F5D0649D4159: receive requestVote(PRE_VOTE, s1, group-F5D0649D4159, 2, (t:2, i:2))
2024-10-07 19:12:12,560 [NettyRpcService-workerGroup--thread3] INFO  impl.VoteContext (VoteContext.java:log(49)) - s0@group-F5D0649D4159-CANDIDATE: accept PRE_VOTE from s1: our priority 0 <= candidate's priority 0
2024-10-07 19:12:12,560 [NettyRpcService-workerGroup--thread3] INFO  server.RaftServer$Division (RaftServerImpl.java:requestVote(1476)) - s0@group-F5D0649D4159 replies to PRE_VOTE vote request: s1<-s0#0:OK-t2. Peer's state: s0@group-F5D0649D4159:t2, leader=null, voted=s4, raftlog=Memoized:s0@group-F5D0649D4159-SegmentedRaftLog:OPENED:c2:last(t:2, i:2), conf=conf: {index: 1, cur=peers:[s3|localhost:15152, s4|localhost:15156, s0|localhost:15140, s1|localhost:15144, s2|localhost:15148]|listeners:[], old=null}
2024-10-07 19:12:12,560 [s1@group-F5D0649D4159-LeaderElection17] INFO  impl.LeaderElection (LogUtils.java:infoOrTrace(136)) - s1@group-F5D0649D4159-LeaderElection17 got exception when requesting votes: java.util.concurrent.ExecutionException: org.apache.ratis.thirdparty.io.netty.channel.AbstractChannel$AnnotatedConnectException: finishConnect(..) failed: Connection refused: localhost/127.0.0.1:15148
2024-10-07 19:12:12,560 [s1@group-F5D0649D4159-LeaderElection17] INFO  impl.LeaderElection (LogUtils.java:infoOrTrace(136)) - s1@group-F5D0649D4159-LeaderElection17 got exception when requesting votes: java.util.concurrent.ExecutionException: org.apache.ratis.thirdparty.io.netty.channel.AbstractChannel$AnnotatedConnectException: finishConnect(..) failed: Connection refused: localhost/127.0.0.1:15156
2024-10-07 19:12:12,683 [s0@group-F5D0649D4159-LeaderElection18] INFO  impl.LeaderElection (LeaderElection.java:logAndReturn(90)) - s0@group-F5D0649D4159-LeaderElection18: PRE_VOTE TIMEOUT received 1 response(s) and 2 exception(s):
2024-10-07 19:12:12,683 [s0@group-F5D0649D4159-LeaderElection18] INFO  impl.LeaderElection (LeaderElection.java:logAndReturn(94)) -   Response 0: s0<-s1#0:OK-t2
2024-10-07 19:12:12,683 [s0@group-F5D0649D4159-LeaderElection18] INFO  impl.LeaderElection (LogUtils.java:infoOrTrace(136)) -   Exception 1: java.util.concurrent.ExecutionException: org.apache.ratis.thirdparty.io.netty.channel.AbstractChannel$AnnotatedConnectException: finishConnect(..) failed: Connection refused: localhost/127.0.0.1:15156
2024-10-07 19:12:12,683 [s0@group-F5D0649D4159-LeaderElection18] INFO  impl.LeaderElection (LogUtils.java:infoOrTrace(136)) -   Exception 2: java.util.concurrent.ExecutionException: org.apache.ratis.thirdparty.io.netty.channel.AbstractChannel$AnnotatedConnectException: finishConnect(..) failed: Connection refused: localhost/127.0.0.1:15148
2024-10-07 19:12:12,683 [s0@group-F5D0649D4159-LeaderElection18] INFO  impl.LeaderElection (LeaderElection.java:askForVotes(339)) - s0@group-F5D0649D4159-LeaderElection18 PRE_VOTE round 31: result TIMEOUT
2024-10-07 19:12:12,684 [s0@group-F5D0649D4159-LeaderElection18] INFO  impl.LeaderElection (LeaderElection.java:askForVotes(337)) - s0@group-F5D0649D4159-LeaderElection18 PRE_VOTE round 32: submit vote requests at term 2 for conf: {index: 1, cur=peers:[s3|localhost:15152, s4|localhost:15156, s0|localhost:15140, s1|localhost:15144, s2|localhost:15148]|listeners:[], old=null}
2024-10-07 19:12:12,685 [NettyRpcService-workerGroup--thread3] INFO  server.RaftServer$Division (RaftServerImpl.java:requestVote(1443)) - s1@group-F5D0649D4159: receive requestVote(PRE_VOTE, s0, group-F5D0649D4159, 2, (t:2, i:2))
2024-10-07 19:12:12,685 [NettyRpcService-workerGroup--thread3] INFO  impl.VoteContext (VoteContext.java:log(49)) - s1@group-F5D0649D4159-CANDIDATE: accept PRE_VOTE from s0: our priority 0 <= candidate's priority 0
2024-10-07 19:12:12,685 [s0@group-F5D0649D4159-LeaderElection18] INFO  impl.LeaderElection (LogUtils.java:infoOrTrace(136)) - s0@group-F5D0649D4159-LeaderElection18 got exception when requesting votes: java.util.concurrent.ExecutionException: org.apache.ratis.thirdparty.io.netty.channel.AbstractChannel$AnnotatedConnectException: finishConnect(..) failed: Connection refused: localhost/127.0.0.1:15148
2024-10-07 19:12:12,685 [NettyRpcService-workerGroup--thread3] INFO  server.RaftServer$Division (RaftServerImpl.java:requestVote(1476)) - s1@group-F5D0649D4159 replies to PRE_VOTE vote request: s0<-s1#0:OK-t2. Peer's state: s1@group-F5D0649D4159:t2, leader=null, voted=s4, raftlog=Memoized:s1@group-F5D0649D4159-SegmentedRaftLog:OPENED:c2:last(t:2, i:2), conf=conf: {index: 1, cur=peers:[s3|localhost:15152, s4|localhost:15156, s0|localhost:15140, s1|localhost:15144, s2|localhost:15148]|listeners:[], old=null}
2024-10-07 19:12:12,685 [s0@group-F5D0649D4159-LeaderElection18] INFO  impl.LeaderElection (LogUtils.java:infoOrTrace(136)) - s0@group-F5D0649D4159-LeaderElection18 got exception when requesting votes: java.util.concurrent.ExecutionException: org.apache.ratis.thirdparty.io.netty.channel.AbstractChannel$AnnotatedConnectException: finishConnect(..) failed: Connection refused: localhost/127.0.0.1:15156
2024-10-07 19:12:12,692 [main] WARN  ratis.RaftTestUtil (RaftTestUtil.java:lambda$waitForLeader$3(126)) - Attempt #25 failed: java.lang.IllegalStateException: No leader yet : printing ALL groups
  s3:  RUNNING  FOLLOWER s3@group-F5D0649D4159:t1, leader=null, voted=null, raftlog=Memoized:s3@group-F5D0649D4159-SegmentedRaftLog:OPENED:c-1:lastnull, conf=conf: {index: -1, cur=peers:[s3|localhost:15152, s4|localhost:15156, s0|localhost:15140, s1|localhost:15144, s2|localhost:15148]|listeners:[], old=null} RUNNING
  s4:   CLOSED    LEADER s4@group-F5D0649D4159:t2, leader=s4, voted=s4, raftlog=Memoized:s4@group-F5D0649D4159-SegmentedRaftLog:CLOSED:c2, conf=conf: {index: 1, cur=peers:[s3|localhost:15152, s4|localhost:15156, s0|localhost:15140, s1|localhost:15144, s2|localhost:15148]|listeners:[], old=null} CLOSED
  s0:  RUNNING CANDIDATE s0@group-F5D0649D4159:t2, leader=null, voted=s4, raftlog=Memoized:s0@group-F5D0649D4159-SegmentedRaftLog:OPENED:c2:last(t:2, i:2), conf=conf: {index: 1, cur=peers:[s3|localhost:15152, s4|localhost:15156, s0|localhost:15140, s1|localhost:15144, s2|localhost:15148]|listeners:[], old=null} RUNNING
  s1:  RUNNING CANDIDATE s1@group-F5D0649D4159:t2, leader=null, voted=s4, raftlog=Memoized:s1@group-F5D0649D4159-SegmentedRaftLog:OPENED:c2:last(t:2, i:2), conf=conf: {index: 1, cur=peers:[s3|localhost:15152, s4|localhost:15156, s0|localhost:15140, s1|localhost:15144, s2|localhost:15148]|listeners:[], old=null} RUNNING
  s2:   CLOSED    LEADER s2@group-F5D0649D4159:t1, leader=s2, voted=s2, raftlog=Memoized:s2@group-F5D0649D4159-SegmentedRaftLog:CLOSED:c0, conf=conf: {index: 0, cur=peers:[s3|localhost:15152, s4|localhost:15156, s0|localhost:15140, s1|localhost:15144, s2|localhost:15148]|listeners:[], old=null} CLOSED
2024-10-07 19:12:12,735 [s1@group-F5D0649D4159-LeaderElection17] INFO  impl.LeaderElection (LeaderElection.java:logAndReturn(90)) - s1@group-F5D0649D4159-LeaderElection17: PRE_VOTE TIMEOUT received 1 response(s) and 2 exception(s):
2024-10-07 19:12:12,735 [s1@group-F5D0649D4159-LeaderElection17] INFO  impl.LeaderElection (LeaderElection.java:logAndReturn(94)) -   Response 0: s1<-s0#0:OK-t2
2024-10-07 19:12:12,735 [s1@group-F5D0649D4159-LeaderElection17] INFO  impl.LeaderElection (LogUtils.java:infoOrTrace(136)) -   Exception 1: java.util.concurrent.ExecutionException: org.apache.ratis.thirdparty.io.netty.channel.AbstractChannel$AnnotatedConnectException: finishConnect(..) failed: Connection refused: localhost/127.0.0.1:15148
2024-10-07 19:12:12,735 [s1@group-F5D0649D4159-LeaderElection17] INFO  impl.LeaderElection (LogUtils.java:infoOrTrace(136)) -   Exception 2: java.util.concurrent.ExecutionException: org.apache.ratis.thirdparty.io.netty.channel.AbstractChannel$AnnotatedConnectException: finishConnect(..) failed: Connection refused: localhost/127.0.0.1:15156
2024-10-07 19:12:12,735 [s1@group-F5D0649D4159-LeaderElection17] INFO  impl.LeaderElection (LeaderElection.java:askForVotes(339)) - s1@group-F5D0649D4159-LeaderElection17 PRE_VOTE round 47: result TIMEOUT
2024-10-07 19:12:12,735 [s1@group-F5D0649D4159-LeaderElection17] INFO  impl.LeaderElection (LeaderElection.java:askForVotes(337)) - s1@group-F5D0649D4159-LeaderElection17 PRE_VOTE round 48: submit vote requests at term 2 for conf: {index: 1, cur=peers:[s3|localhost:15152, s4|localhost:15156, s0|localhost:15140, s1|localhost:15144, s2|localhost:15148]|listeners:[], old=null}
2024-10-07 19:12:12,736 [NettyRpcService-workerGroup--thread3] INFO  server.RaftServer$Division (RaftServerImpl.java:requestVote(1443)) - s0@group-F5D0649D4159: receive requestVote(PRE_VOTE, s1, group-F5D0649D4159, 2, (t:2, i:2))
2024-10-07 19:12:12,736 [NettyRpcService-workerGroup--thread3] INFO  impl.VoteContext (VoteContext.java:log(49)) - s0@group-F5D0649D4159-CANDIDATE: accept PRE_VOTE from s1: our priority 0 <= candidate's priority 0
2024-10-07 19:12:12,737 [NettyRpcService-workerGroup--thread3] INFO  server.RaftServer$Division (RaftServerImpl.java:requestVote(1476)) - s0@group-F5D0649D4159 replies to PRE_VOTE vote request: s1<-s0#0:OK-t2. Peer's state: s0@group-F5D0649D4159:t2, leader=null, voted=s4, raftlog=Memoized:s0@group-F5D0649D4159-SegmentedRaftLog:OPENED:c2:last(t:2, i:2), conf=conf: {index: 1, cur=peers:[s3|localhost:15152, s4|localhost:15156, s0|localhost:15140, s1|localhost:15144, s2|localhost:15148]|listeners:[], old=null}
2024-10-07 19:12:12,737 [s1@group-F5D0649D4159-LeaderElection17] INFO  impl.LeaderElection (LogUtils.java:infoOrTrace(136)) - s1@group-F5D0649D4159-LeaderElection17 got exception when requesting votes: java.util.concurrent.ExecutionException: org.apache.ratis.thirdparty.io.netty.channel.AbstractChannel$AnnotatedConnectException: finishConnect(..) failed: Connection refused: localhost/127.0.0.1:15156
2024-10-07 19:12:12,737 [s1@group-F5D0649D4159-LeaderElection17] INFO  impl.LeaderElection (LogUtils.java:infoOrTrace(136)) - s1@group-F5D0649D4159-LeaderElection17 got exception when requesting votes: java.util.concurrent.ExecutionException: org.apache.ratis.thirdparty.io.netty.channel.AbstractChannel$AnnotatedConnectException: finishConnect(..) failed: Connection refused: localhost/127.0.0.1:15148
2024-10-07 19:12:12,887 [s1@group-F5D0649D4159-LeaderElection17] INFO  impl.LeaderElection (LeaderElection.java:logAndReturn(90)) - s1@group-F5D0649D4159-LeaderElection17: PRE_VOTE TIMEOUT received 1 response(s) and 2 exception(s):
2024-10-07 19:12:12,887 [s1@group-F5D0649D4159-LeaderElection17] INFO  impl.LeaderElection (LeaderElection.java:logAndReturn(94)) -   Response 0: s1<-s0#0:OK-t2
2024-10-07 19:12:12,887 [s1@group-F5D0649D4159-LeaderElection17] INFO  impl.LeaderElection (LogUtils.java:infoOrTrace(136)) -   Exception 1: java.util.concurrent.ExecutionException: org.apache.ratis.thirdparty.io.netty.channel.AbstractChannel$AnnotatedConnectException: finishConnect(..) failed: Connection refused: localhost/127.0.0.1:15156
2024-10-07 19:12:12,887 [s1@group-F5D0649D4159-LeaderElection17] INFO  impl.LeaderElection (LogUtils.java:infoOrTrace(136)) -   Exception 2: java.util.concurrent.ExecutionException: org.apache.ratis.thirdparty.io.netty.channel.AbstractChannel$AnnotatedConnectException: finishConnect(..) failed: Connection refused: localhost/127.0.0.1:15148
2024-10-07 19:12:12,887 [s1@group-F5D0649D4159-LeaderElection17] INFO  impl.LeaderElection (LeaderElection.java:askForVotes(339)) - s1@group-F5D0649D4159-LeaderElection17 PRE_VOTE round 48: result TIMEOUT
2024-10-07 19:12:12,887 [s1@group-F5D0649D4159-LeaderElection17] INFO  impl.LeaderElection (LeaderElection.java:askForVotes(337)) - s1@group-F5D0649D4159-LeaderElection17 PRE_VOTE round 49: submit vote requests at term 2 for conf: {index: 1, cur=peers:[s3|localhost:15152, s4|localhost:15156, s0|localhost:15140, s1|localhost:15144, s2|localhost:15148]|listeners:[], old=null}
2024-10-07 19:12:12,889 [NettyRpcService-workerGroup--thread3] INFO  server.RaftServer$Division (RaftServerImpl.java:requestVote(1443)) - s0@group-F5D0649D4159: receive requestVote(PRE_VOTE, s1, group-F5D0649D4159, 2, (t:2, i:2))
2024-10-07 19:12:12,889 [NettyRpcService-workerGroup--thread3] INFO  impl.VoteContext (VoteContext.java:log(49)) - s0@group-F5D0649D4159-CANDIDATE: accept PRE_VOTE from s1: our priority 0 <= candidate's priority 0
2024-10-07 19:12:12,889 [NettyRpcService-workerGroup--thread3] INFO  server.RaftServer$Division (RaftServerImpl.java:requestVote(1476)) - s0@group-F5D0649D4159 replies to PRE_VOTE vote request: s1<-s0#0:OK-t2. Peer's state: s0@group-F5D0649D4159:t2, leader=null, voted=s4, raftlog=Memoized:s0@group-F5D0649D4159-SegmentedRaftLog:OPENED:c2:last(t:2, i:2), conf=conf: {index: 1, cur=peers:[s3|localhost:15152, s4|localhost:15156, s0|localhost:15140, s1|localhost:15144, s2|localhost:15148]|listeners:[], old=null}
2024-10-07 19:12:12,889 [s1@group-F5D0649D4159-LeaderElection17] INFO  impl.LeaderElection (LogUtils.java:infoOrTrace(136)) - s1@group-F5D0649D4159-LeaderElection17 got exception when requesting votes: java.util.concurrent.ExecutionException: org.apache.ratis.thirdparty.io.netty.channel.AbstractChannel$AnnotatedConnectException: finishConnect(..) failed: Connection refused: localhost/127.0.0.1:15156
2024-10-07 19:12:12,889 [s1@group-F5D0649D4159-LeaderElection17] INFO  impl.LeaderElection (LogUtils.java:infoOrTrace(136)) - s1@group-F5D0649D4159-LeaderElection17 got exception when requesting votes: java.util.concurrent.ExecutionException: org.apache.ratis.thirdparty.io.netty.channel.AbstractChannel$AnnotatedConnectException: finishConnect(..) failed: Connection refused: localhost/127.0.0.1:15148
2024-10-07 19:12:12,969 [s0@group-F5D0649D4159-LeaderElection18] INFO  impl.LeaderElection (LeaderElection.java:logAndReturn(90)) - s0@group-F5D0649D4159-LeaderElection18: PRE_VOTE TIMEOUT received 1 response(s) and 2 exception(s):
2024-10-07 19:12:12,970 [s0@group-F5D0649D4159-LeaderElection18] INFO  impl.LeaderElection (LeaderElection.java:logAndReturn(94)) -   Response 0: s0<-s1#0:OK-t2
2024-10-07 19:12:12,970 [s0@group-F5D0649D4159-LeaderElection18] INFO  impl.LeaderElection (LogUtils.java:infoOrTrace(136)) -   Exception 1: java.util.concurrent.ExecutionException: org.apache.ratis.thirdparty.io.netty.channel.AbstractChannel$AnnotatedConnectException: finishConnect(..) failed: Connection refused: localhost/127.0.0.1:15148
2024-10-07 19:12:12,970 [s0@group-F5D0649D4159-LeaderElection18] INFO  impl.LeaderElection (LogUtils.java:infoOrTrace(136)) -   Exception 2: java.util.concurrent.ExecutionException: org.apache.ratis.thirdparty.io.netty.channel.AbstractChannel$AnnotatedConnectException: finishConnect(..) failed: Connection refused: localhost/127.0.0.1:15156
2024-10-07 19:12:12,970 [s0@group-F5D0649D4159-LeaderElection18] INFO  impl.LeaderElection (LeaderElection.java:askForVotes(339)) - s0@group-F5D0649D4159-LeaderElection18 PRE_VOTE round 32: result TIMEOUT
2024-10-07 19:12:12,970 [s0@group-F5D0649D4159-LeaderElection18] INFO  impl.LeaderElection (LeaderElection.java:askForVotes(337)) - s0@group-F5D0649D4159-LeaderElection18 PRE_VOTE round 33: submit vote requests at term 2 for conf: {index: 1, cur=peers:[s3|localhost:15152, s4|localhost:15156, s0|localhost:15140, s1|localhost:15144, s2|localhost:15148]|listeners:[], old=null}
2024-10-07 19:12:12,971 [NettyRpcService-workerGroup--thread3] INFO  server.RaftServer$Division (RaftServerImpl.java:requestVote(1443)) - s1@group-F5D0649D4159: receive requestVote(PRE_VOTE, s0, group-F5D0649D4159, 2, (t:2, i:2))
2024-10-07 19:12:12,971 [NettyRpcService-workerGroup--thread3] INFO  impl.VoteContext (VoteContext.java:log(49)) - s1@group-F5D0649D4159-CANDIDATE: accept PRE_VOTE from s0: our priority 0 <= candidate's priority 0
2024-10-07 19:12:12,971 [NettyRpcService-workerGroup--thread3] INFO  server.RaftServer$Division (RaftServerImpl.java:requestVote(1476)) - s1@group-F5D0649D4159 replies to PRE_VOTE vote request: s0<-s1#0:OK-t2. Peer's state: s1@group-F5D0649D4159:t2, leader=null, voted=s4, raftlog=Memoized:s1@group-F5D0649D4159-SegmentedRaftLog:OPENED:c2:last(t:2, i:2), conf=conf: {index: 1, cur=peers:[s3|localhost:15152, s4|localhost:15156, s0|localhost:15140, s1|localhost:15144, s2|localhost:15148]|listeners:[], old=null}
2024-10-07 19:12:12,971 [s0@group-F5D0649D4159-LeaderElection18] INFO  impl.LeaderElection (LogUtils.java:infoOrTrace(136)) - s0@group-F5D0649D4159-LeaderElection18 got exception when requesting votes: java.util.concurrent.ExecutionException: org.apache.ratis.thirdparty.io.netty.channel.AbstractChannel$AnnotatedConnectException: finishConnect(..) failed: Connection refused: localhost/127.0.0.1:15156
2024-10-07 19:12:12,971 [s0@group-F5D0649D4159-LeaderElection18] INFO  impl.LeaderElection (LogUtils.java:infoOrTrace(136)) - s0@group-F5D0649D4159-LeaderElection18 got exception when requesting votes: java.util.concurrent.ExecutionException: org.apache.ratis.thirdparty.io.netty.channel.AbstractChannel$AnnotatedConnectException: finishConnect(..) failed: Connection refused: localhost/127.0.0.1:15148
2024-10-07 19:12:13,143 [main] WARN  ratis.RaftTestUtil (RaftTestUtil.java:lambda$waitForLeader$3(126)) - Attempt #26 failed: java.lang.IllegalStateException: No leader yet : printing ALL groups
  s3:  RUNNING  FOLLOWER s3@group-F5D0649D4159:t1, leader=null, voted=null, raftlog=Memoized:s3@group-F5D0649D4159-SegmentedRaftLog:OPENED:c-1:lastnull, conf=conf: {index: -1, cur=peers:[s3|localhost:15152, s4|localhost:15156, s0|localhost:15140, s1|localhost:15144, s2|localhost:15148]|listeners:[], old=null} RUNNING
  s4:   CLOSED    LEADER s4@group-F5D0649D4159:t2, leader=s4, voted=s4, raftlog=Memoized:s4@group-F5D0649D4159-SegmentedRaftLog:CLOSED:c2, conf=conf: {index: 1, cur=peers:[s3|localhost:15152, s4|localhost:15156, s0|localhost:15140, s1|localhost:15144, s2|localhost:15148]|listeners:[], old=null} CLOSED
  s0:  RUNNING CANDIDATE s0@group-F5D0649D4159:t2, leader=null, voted=s4, raftlog=Memoized:s0@group-F5D0649D4159-SegmentedRaftLog:OPENED:c2:last(t:2, i:2), conf=conf: {index: 1, cur=peers:[s3|localhost:15152, s4|localhost:15156, s0|localhost:15140, s1|localhost:15144, s2|localhost:15148]|listeners:[], old=null} RUNNING
  s1:  RUNNING CANDIDATE s1@group-F5D0649D4159:t2, leader=null, voted=s4, raftlog=Memoized:s1@group-F5D0649D4159-SegmentedRaftLog:OPENED:c2:last(t:2, i:2), conf=conf: {index: 1, cur=peers:[s3|localhost:15152, s4|localhost:15156, s0|localhost:15140, s1|localhost:15144, s2|localhost:15148]|listeners:[], old=null} RUNNING
  s2:   CLOSED    LEADER s2@group-F5D0649D4159:t1, leader=s2, voted=s2, raftlog=Memoized:s2@group-F5D0649D4159-SegmentedRaftLog:CLOSED:c0, conf=conf: {index: 0, cur=peers:[s3|localhost:15152, s4|localhost:15156, s0|localhost:15140, s1|localhost:15144, s2|localhost:15148]|listeners:[], old=null} CLOSED
2024-10-07 19:12:13,147 [s0@group-F5D0649D4159-LeaderElection18] INFO  impl.LeaderElection (LeaderElection.java:logAndReturn(90)) - s0@group-F5D0649D4159-LeaderElection18: PRE_VOTE TIMEOUT received 1 response(s) and 2 exception(s):
2024-10-07 19:12:13,147 [s0@group-F5D0649D4159-LeaderElection18] INFO  impl.LeaderElection (LeaderElection.java:logAndReturn(94)) -   Response 0: s0<-s1#0:OK-t2
2024-10-07 19:12:13,147 [s0@group-F5D0649D4159-LeaderElection18] INFO  impl.LeaderElection (LogUtils.java:infoOrTrace(136)) -   Exception 1: java.util.concurrent.ExecutionException: org.apache.ratis.thirdparty.io.netty.channel.AbstractChannel$AnnotatedConnectException: finishConnect(..) failed: Connection refused: localhost/127.0.0.1:15156
2024-10-07 19:12:13,147 [s0@group-F5D0649D4159-LeaderElection18] INFO  impl.LeaderElection (LogUtils.java:infoOrTrace(136)) -   Exception 2: java.util.concurrent.ExecutionException: org.apache.ratis.thirdparty.io.netty.channel.AbstractChannel$AnnotatedConnectException: finishConnect(..) failed: Connection refused: localhost/127.0.0.1:15148
2024-10-07 19:12:13,147 [s0@group-F5D0649D4159-LeaderElection18] INFO  impl.LeaderElection (LeaderElection.java:askForVotes(339)) - s0@group-F5D0649D4159-LeaderElection18 PRE_VOTE round 33: result TIMEOUT
2024-10-07 19:12:13,147 [s0@group-F5D0649D4159-LeaderElection18] INFO  impl.LeaderElection (LeaderElection.java:askForVotes(337)) - s0@group-F5D0649D4159-LeaderElection18 PRE_VOTE round 34: submit vote requests at term 2 for conf: {index: 1, cur=peers:[s3|localhost:15152, s4|localhost:15156, s0|localhost:15140, s1|localhost:15144, s2|localhost:15148]|listeners:[], old=null}
2024-10-07 19:12:13,148 [NettyRpcService-workerGroup--thread3] INFO  server.RaftServer$Division (RaftServerImpl.java:requestVote(1443)) - s1@group-F5D0649D4159: receive requestVote(PRE_VOTE, s0, group-F5D0649D4159, 2, (t:2, i:2))
2024-10-07 19:12:13,148 [NettyRpcService-workerGroup--thread3] INFO  impl.VoteContext (VoteContext.java:log(49)) - s1@group-F5D0649D4159-CANDIDATE: accept PRE_VOTE from s0: our priority 0 <= candidate's priority 0
2024-10-07 19:12:13,148 [s0@group-F5D0649D4159-LeaderElection18] INFO  impl.LeaderElection (LogUtils.java:infoOrTrace(136)) - s0@group-F5D0649D4159-LeaderElection18 got exception when requesting votes: java.util.concurrent.ExecutionException: org.apache.ratis.thirdparty.io.netty.channel.AbstractChannel$AnnotatedConnectException: finishConnect(..) failed: Connection refused: localhost/127.0.0.1:15156
2024-10-07 19:12:13,148 [NettyRpcService-workerGroup--thread3] INFO  server.RaftServer$Division (RaftServerImpl.java:requestVote(1476)) - s1@group-F5D0649D4159 replies to PRE_VOTE vote request: s0<-s1#0:OK-t2. Peer's state: s1@group-F5D0649D4159:t2, leader=null, voted=s4, raftlog=Memoized:s1@group-F5D0649D4159-SegmentedRaftLog:OPENED:c2:last(t:2, i:2), conf=conf: {index: 1, cur=peers:[s3|localhost:15152, s4|localhost:15156, s0|localhost:15140, s1|localhost:15144, s2|localhost:15148]|listeners:[], old=null}
2024-10-07 19:12:13,149 [s0@group-F5D0649D4159-LeaderElection18] INFO  impl.LeaderElection (LogUtils.java:infoOrTrace(136)) - s0@group-F5D0649D4159-LeaderElection18 got exception when requesting votes: java.util.concurrent.ExecutionException: org.apache.ratis.thirdparty.io.netty.channel.AbstractChannel$AnnotatedConnectException: finishConnect(..) failed: Connection refused: localhost/127.0.0.1:15148
2024-10-07 19:12:13,159 [s1@group-F5D0649D4159-LeaderElection17] INFO  impl.LeaderElection (LeaderElection.java:logAndReturn(90)) - s1@group-F5D0649D4159-LeaderElection17: PRE_VOTE TIMEOUT received 1 response(s) and 2 exception(s):
2024-10-07 19:12:13,159 [s1@group-F5D0649D4159-LeaderElection17] INFO  impl.LeaderElection (LeaderElection.java:logAndReturn(94)) -   Response 0: s1<-s0#0:OK-t2
2024-10-07 19:12:13,159 [s1@group-F5D0649D4159-LeaderElection17] INFO  impl.LeaderElection (LogUtils.java:infoOrTrace(136)) -   Exception 1: java.util.concurrent.ExecutionException: org.apache.ratis.thirdparty.io.netty.channel.AbstractChannel$AnnotatedConnectException: finishConnect(..) failed: Connection refused: localhost/127.0.0.1:15156
2024-10-07 19:12:13,160 [s1@group-F5D0649D4159-LeaderElection17] INFO  impl.LeaderElection (LogUtils.java:infoOrTrace(136)) -   Exception 2: java.util.concurrent.ExecutionException: org.apache.ratis.thirdparty.io.netty.channel.AbstractChannel$AnnotatedConnectException: finishConnect(..) failed: Connection refused: localhost/127.0.0.1:15148
2024-10-07 19:12:13,160 [s1@group-F5D0649D4159-LeaderElection17] INFO  impl.LeaderElection (LeaderElection.java:askForVotes(339)) - s1@group-F5D0649D4159-LeaderElection17 PRE_VOTE round 49: result TIMEOUT
2024-10-07 19:12:13,160 [s1@group-F5D0649D4159-LeaderElection17] INFO  impl.LeaderElection (LeaderElection.java:askForVotes(337)) - s1@group-F5D0649D4159-LeaderElection17 PRE_VOTE round 50: submit vote requests at term 2 for conf: {index: 1, cur=peers:[s3|localhost:15152, s4|localhost:15156, s0|localhost:15140, s1|localhost:15144, s2|localhost:15148]|listeners:[], old=null}
2024-10-07 19:12:13,160 [NettyRpcService-workerGroup--thread3] INFO  server.RaftServer$Division (RaftServerImpl.java:requestVote(1443)) - s0@group-F5D0649D4159: receive requestVote(PRE_VOTE, s1, group-F5D0649D4159, 2, (t:2, i:2))
2024-10-07 19:12:13,161 [NettyRpcService-workerGroup--thread3] INFO  impl.VoteContext (VoteContext.java:log(49)) - s0@group-F5D0649D4159-CANDIDATE: accept PRE_VOTE from s1: our priority 0 <= candidate's priority 0
2024-10-07 19:12:13,161 [s1@group-F5D0649D4159-LeaderElection17] INFO  impl.LeaderElection (LogUtils.java:infoOrTrace(136)) - s1@group-F5D0649D4159-LeaderElection17 got exception when requesting votes: java.util.concurrent.ExecutionException: org.apache.ratis.thirdparty.io.netty.channel.AbstractChannel$AnnotatedConnectException: finishConnect(..) failed: Connection refused: localhost/127.0.0.1:15156
2024-10-07 19:12:13,161 [NettyRpcService-workerGroup--thread3] INFO  server.RaftServer$Division (RaftServerImpl.java:requestVote(1476)) - s0@group-F5D0649D4159 replies to PRE_VOTE vote request: s1<-s0#0:OK-t2. Peer's state: s0@group-F5D0649D4159:t2, leader=null, voted=s4, raftlog=Memoized:s0@group-F5D0649D4159-SegmentedRaftLog:OPENED:c2:last(t:2, i:2), conf=conf: {index: 1, cur=peers:[s3|localhost:15152, s4|localhost:15156, s0|localhost:15140, s1|localhost:15144, s2|localhost:15148]|listeners:[], old=null}
2024-10-07 19:12:13,161 [s1@group-F5D0649D4159-LeaderElection17] INFO  impl.LeaderElection (LogUtils.java:infoOrTrace(136)) - s1@group-F5D0649D4159-LeaderElection17 got exception when requesting votes: java.util.concurrent.ExecutionException: org.apache.ratis.thirdparty.io.netty.channel.AbstractChannel$AnnotatedConnectException: finishConnect(..) failed: Connection refused: localhost/127.0.0.1:15148
2024-10-07 19:12:13,359 [s0@group-F5D0649D4159-LeaderElection18] INFO  impl.LeaderElection (LeaderElection.java:logAndReturn(90)) - s0@group-F5D0649D4159-LeaderElection18: PRE_VOTE TIMEOUT received 1 response(s) and 2 exception(s):
2024-10-07 19:12:13,359 [s0@group-F5D0649D4159-LeaderElection18] INFO  impl.LeaderElection (LeaderElection.java:logAndReturn(94)) -   Response 0: s0<-s1#0:OK-t2
2024-10-07 19:12:13,359 [s0@group-F5D0649D4159-LeaderElection18] INFO  impl.LeaderElection (LogUtils.java:infoOrTrace(136)) -   Exception 1: java.util.concurrent.ExecutionException: org.apache.ratis.thirdparty.io.netty.channel.AbstractChannel$AnnotatedConnectException: finishConnect(..) failed: Connection refused: localhost/127.0.0.1:15156
2024-10-07 19:12:13,359 [s0@group-F5D0649D4159-LeaderElection18] INFO  impl.LeaderElection (LogUtils.java:infoOrTrace(136)) -   Exception 2: java.util.concurrent.ExecutionException: org.apache.ratis.thirdparty.io.netty.channel.AbstractChannel$AnnotatedConnectException: finishConnect(..) failed: Connection refused: localhost/127.0.0.1:15148
2024-10-07 19:12:13,359 [s0@group-F5D0649D4159-LeaderElection18] INFO  impl.LeaderElection (LeaderElection.java:askForVotes(339)) - s0@group-F5D0649D4159-LeaderElection18 PRE_VOTE round 34: result TIMEOUT
2024-10-07 19:12:13,359 [s0@group-F5D0649D4159-LeaderElection18] INFO  impl.LeaderElection (LeaderElection.java:askForVotes(337)) - s0@group-F5D0649D4159-LeaderElection18 PRE_VOTE round 35: submit vote requests at term 2 for conf: {index: 1, cur=peers:[s3|localhost:15152, s4|localhost:15156, s0|localhost:15140, s1|localhost:15144, s2|localhost:15148]|listeners:[], old=null}
2024-10-07 19:12:13,360 [s0@group-F5D0649D4159-LeaderElection18] INFO  impl.LeaderElection (LogUtils.java:infoOrTrace(136)) - s0@group-F5D0649D4159-LeaderElection18 got exception when requesting votes: java.util.concurrent.ExecutionException: org.apache.ratis.thirdparty.io.netty.channel.AbstractChannel$AnnotatedConnectException: finishConnect(..) failed: Connection refused: localhost/127.0.0.1:15156
2024-10-07 19:12:13,361 [NettyRpcService-workerGroup--thread3] INFO  server.RaftServer$Division (RaftServerImpl.java:requestVote(1443)) - s1@group-F5D0649D4159: receive requestVote(PRE_VOTE, s0, group-F5D0649D4159, 2, (t:2, i:2))
2024-10-07 19:12:13,361 [s0@group-F5D0649D4159-LeaderElection18] INFO  impl.LeaderElection (LogUtils.java:infoOrTrace(136)) - s0@group-F5D0649D4159-LeaderElection18 got exception when requesting votes: java.util.concurrent.ExecutionException: org.apache.ratis.thirdparty.io.netty.channel.AbstractChannel$AnnotatedConnectException: finishConnect(..) failed: Connection refused: localhost/127.0.0.1:15148
2024-10-07 19:12:13,361 [NettyRpcService-workerGroup--thread3] INFO  impl.VoteContext (VoteContext.java:log(49)) - s1@group-F5D0649D4159-CANDIDATE: accept PRE_VOTE from s0: our priority 0 <= candidate's priority 0
2024-10-07 19:12:13,361 [NettyRpcService-workerGroup--thread3] INFO  server.RaftServer$Division (RaftServerImpl.java:requestVote(1476)) - s1@group-F5D0649D4159 replies to PRE_VOTE vote request: s0<-s1#0:OK-t2. Peer's state: s1@group-F5D0649D4159:t2, leader=null, voted=s4, raftlog=Memoized:s1@group-F5D0649D4159-SegmentedRaftLog:OPENED:c2:last(t:2, i:2), conf=conf: {index: 1, cur=peers:[s3|localhost:15152, s4|localhost:15156, s0|localhost:15140, s1|localhost:15144, s2|localhost:15148]|listeners:[], old=null}
2024-10-07 19:12:13,456 [s1@group-F5D0649D4159-LeaderElection17] INFO  impl.LeaderElection (LeaderElection.java:logAndReturn(90)) - s1@group-F5D0649D4159-LeaderElection17: PRE_VOTE TIMEOUT received 1 response(s) and 2 exception(s):
2024-10-07 19:12:13,456 [s1@group-F5D0649D4159-LeaderElection17] INFO  impl.LeaderElection (LeaderElection.java:logAndReturn(94)) -   Response 0: s1<-s0#0:OK-t2
2024-10-07 19:12:13,457 [s1@group-F5D0649D4159-LeaderElection17] INFO  impl.LeaderElection (LogUtils.java:infoOrTrace(136)) -   Exception 1: java.util.concurrent.ExecutionException: org.apache.ratis.thirdparty.io.netty.channel.AbstractChannel$AnnotatedConnectException: finishConnect(..) failed: Connection refused: localhost/127.0.0.1:15156
2024-10-07 19:12:13,457 [s1@group-F5D0649D4159-LeaderElection17] INFO  impl.LeaderElection (LogUtils.java:infoOrTrace(136)) -   Exception 2: java.util.concurrent.ExecutionException: org.apache.ratis.thirdparty.io.netty.channel.AbstractChannel$AnnotatedConnectException: finishConnect(..) failed: Connection refused: localhost/127.0.0.1:15148
2024-10-07 19:12:13,457 [s1@group-F5D0649D4159-LeaderElection17] INFO  impl.LeaderElection (LeaderElection.java:askForVotes(339)) - s1@group-F5D0649D4159-LeaderElection17 PRE_VOTE round 50: result TIMEOUT
2024-10-07 19:12:13,457 [s1@group-F5D0649D4159-LeaderElection17] INFO  impl.LeaderElection (LeaderElection.java:askForVotes(337)) - s1@group-F5D0649D4159-LeaderElection17 PRE_VOTE round 51: submit vote requests at term 2 for conf: {index: 1, cur=peers:[s3|localhost:15152, s4|localhost:15156, s0|localhost:15140, s1|localhost:15144, s2|localhost:15148]|listeners:[], old=null}
2024-10-07 19:12:13,458 [NettyRpcService-workerGroup--thread3] INFO  server.RaftServer$Division (RaftServerImpl.java:requestVote(1443)) - s0@group-F5D0649D4159: receive requestVote(PRE_VOTE, s1, group-F5D0649D4159, 2, (t:2, i:2))
2024-10-07 19:12:13,458 [NettyRpcService-workerGroup--thread3] INFO  impl.VoteContext (VoteContext.java:log(49)) - s0@group-F5D0649D4159-CANDIDATE: accept PRE_VOTE from s1: our priority 0 <= candidate's priority 0
2024-10-07 19:12:13,458 [NettyRpcService-workerGroup--thread3] INFO  server.RaftServer$Division (RaftServerImpl.java:requestVote(1476)) - s0@group-F5D0649D4159 replies to PRE_VOTE vote request: s1<-s0#0:OK-t2. Peer's state: s0@group-F5D0649D4159:t2, leader=null, voted=s4, raftlog=Memoized:s0@group-F5D0649D4159-SegmentedRaftLog:OPENED:c2:last(t:2, i:2), conf=conf: {index: 1, cur=peers:[s3|localhost:15152, s4|localhost:15156, s0|localhost:15140, s1|localhost:15144, s2|localhost:15148]|listeners:[], old=null}
2024-10-07 19:12:13,458 [s1@group-F5D0649D4159-LeaderElection17] INFO  impl.LeaderElection (LogUtils.java:infoOrTrace(136)) - s1@group-F5D0649D4159-LeaderElection17 got exception when requesting votes: java.util.concurrent.ExecutionException: org.apache.ratis.thirdparty.io.netty.channel.AbstractChannel$AnnotatedConnectException: finishConnect(..) failed: Connection refused: localhost/127.0.0.1:15156
2024-10-07 19:12:13,459 [s1@group-F5D0649D4159-LeaderElection17] INFO  impl.LeaderElection (LogUtils.java:infoOrTrace(136)) - s1@group-F5D0649D4159-LeaderElection17 got exception when requesting votes: java.util.concurrent.ExecutionException: org.apache.ratis.thirdparty.io.netty.channel.AbstractChannel$AnnotatedConnectException: finishConnect(..) failed: Connection refused: localhost/127.0.0.1:15148
2024-10-07 19:12:13,566 [s0@group-F5D0649D4159-LeaderElection18] INFO  impl.LeaderElection (LeaderElection.java:logAndReturn(90)) - s0@group-F5D0649D4159-LeaderElection18: PRE_VOTE TIMEOUT received 1 response(s) and 2 exception(s):
2024-10-07 19:12:13,566 [s0@group-F5D0649D4159-LeaderElection18] INFO  impl.LeaderElection (LeaderElection.java:logAndReturn(94)) -   Response 0: s0<-s1#0:OK-t2
2024-10-07 19:12:13,566 [s0@group-F5D0649D4159-LeaderElection18] INFO  impl.LeaderElection (LogUtils.java:infoOrTrace(136)) -   Exception 1: java.util.concurrent.ExecutionException: org.apache.ratis.thirdparty.io.netty.channel.AbstractChannel$AnnotatedConnectException: finishConnect(..) failed: Connection refused: localhost/127.0.0.1:15156
2024-10-07 19:12:13,566 [s0@group-F5D0649D4159-LeaderElection18] INFO  impl.LeaderElection (LogUtils.java:infoOrTrace(136)) -   Exception 2: java.util.concurrent.ExecutionException: org.apache.ratis.thirdparty.io.netty.channel.AbstractChannel$AnnotatedConnectException: finishConnect(..) failed: Connection refused: localhost/127.0.0.1:15148
2024-10-07 19:12:13,567 [s0@group-F5D0649D4159-LeaderElection18] INFO  impl.LeaderElection (LeaderElection.java:askForVotes(339)) - s0@group-F5D0649D4159-LeaderElection18 PRE_VOTE round 35: result TIMEOUT
2024-10-07 19:12:13,567 [s0@group-F5D0649D4159-LeaderElection18] INFO  impl.LeaderElection (LeaderElection.java:askForVotes(337)) - s0@group-F5D0649D4159-LeaderElection18 PRE_VOTE round 36: submit vote requests at term 2 for conf: {index: 1, cur=peers:[s3|localhost:15152, s4|localhost:15156, s0|localhost:15140, s1|localhost:15144, s2|localhost:15148]|listeners:[], old=null}
2024-10-07 19:12:13,568 [NettyRpcService-workerGroup--thread3] INFO  server.RaftServer$Division (RaftServerImpl.java:requestVote(1443)) - s1@group-F5D0649D4159: receive requestVote(PRE_VOTE, s0, group-F5D0649D4159, 2, (t:2, i:2))
2024-10-07 19:12:13,568 [s0@group-F5D0649D4159-LeaderElection18] INFO  impl.LeaderElection (LogUtils.java:infoOrTrace(136)) - s0@group-F5D0649D4159-LeaderElection18 got exception when requesting votes: java.util.concurrent.ExecutionException: org.apache.ratis.thirdparty.io.netty.channel.AbstractChannel$AnnotatedConnectException: finishConnect(..) failed: Connection refused: localhost/127.0.0.1:15156
2024-10-07 19:12:13,568 [NettyRpcService-workerGroup--thread3] INFO  impl.VoteContext (VoteContext.java:log(49)) - s1@group-F5D0649D4159-CANDIDATE: accept PRE_VOTE from s0: our priority 0 <= candidate's priority 0
2024-10-07 19:12:13,568 [s0@group-F5D0649D4159-LeaderElection18] INFO  impl.LeaderElection (LogUtils.java:infoOrTrace(136)) - s0@group-F5D0649D4159-LeaderElection18 got exception when requesting votes: java.util.concurrent.ExecutionException: org.apache.ratis.thirdparty.io.netty.channel.AbstractChannel$AnnotatedConnectException: finishConnect(..) failed: Connection refused: localhost/127.0.0.1:15148
2024-10-07 19:12:13,568 [NettyRpcService-workerGroup--thread3] INFO  server.RaftServer$Division (RaftServerImpl.java:requestVote(1476)) - s1@group-F5D0649D4159 replies to PRE_VOTE vote request: s0<-s1#0:OK-t2. Peer's state: s1@group-F5D0649D4159:t2, leader=null, voted=s4, raftlog=Memoized:s1@group-F5D0649D4159-SegmentedRaftLog:OPENED:c2:last(t:2, i:2), conf=conf: {index: 1, cur=peers:[s3|localhost:15152, s4|localhost:15156, s0|localhost:15140, s1|localhost:15144, s2|localhost:15148]|listeners:[], old=null}
2024-10-07 19:12:13,594 [main] WARN  ratis.RaftTestUtil (RaftTestUtil.java:lambda$waitForLeader$3(126)) - Attempt #27 failed: java.lang.IllegalStateException: No leader yet : printing ALL groups
  s3:  RUNNING  FOLLOWER s3@group-F5D0649D4159:t1, leader=null, voted=null, raftlog=Memoized:s3@group-F5D0649D4159-SegmentedRaftLog:OPENED:c-1:lastnull, conf=conf: {index: -1, cur=peers:[s3|localhost:15152, s4|localhost:15156, s0|localhost:15140, s1|localhost:15144, s2|localhost:15148]|listeners:[], old=null} RUNNING
  s4:   CLOSED    LEADER s4@group-F5D0649D4159:t2, leader=s4, voted=s4, raftlog=Memoized:s4@group-F5D0649D4159-SegmentedRaftLog:CLOSED:c2, conf=conf: {index: 1, cur=peers:[s3|localhost:15152, s4|localhost:15156, s0|localhost:15140, s1|localhost:15144, s2|localhost:15148]|listeners:[], old=null} CLOSED
  s0:  RUNNING CANDIDATE s0@group-F5D0649D4159:t2, leader=null, voted=s4, raftlog=Memoized:s0@group-F5D0649D4159-SegmentedRaftLog:OPENED:c2:last(t:2, i:2), conf=conf: {index: 1, cur=peers:[s3|localhost:15152, s4|localhost:15156, s0|localhost:15140, s1|localhost:15144, s2|localhost:15148]|listeners:[], old=null} RUNNING
  s1:  RUNNING CANDIDATE s1@group-F5D0649D4159:t2, leader=null, voted=s4, raftlog=Memoized:s1@group-F5D0649D4159-SegmentedRaftLog:OPENED:c2:last(t:2, i:2), conf=conf: {index: 1, cur=peers:[s3|localhost:15152, s4|localhost:15156, s0|localhost:15140, s1|localhost:15144, s2|localhost:15148]|listeners:[], old=null} RUNNING
  s2:   CLOSED    LEADER s2@group-F5D0649D4159:t1, leader=s2, voted=s2, raftlog=Memoized:s2@group-F5D0649D4159-SegmentedRaftLog:CLOSED:c0, conf=conf: {index: 0, cur=peers:[s3|localhost:15152, s4|localhost:15156, s0|localhost:15140, s1|localhost:15144, s2|localhost:15148]|listeners:[], old=null} CLOSED
2024-10-07 19:12:13,741 [s1@group-F5D0649D4159-LeaderElection17] INFO  impl.LeaderElection (LeaderElection.java:logAndReturn(90)) - s1@group-F5D0649D4159-LeaderElection17: PRE_VOTE TIMEOUT received 1 response(s) and 2 exception(s):
2024-10-07 19:12:13,742 [s1@group-F5D0649D4159-LeaderElection17] INFO  impl.LeaderElection (LeaderElection.java:logAndReturn(94)) -   Response 0: s1<-s0#0:OK-t2
2024-10-07 19:12:13,742 [s1@group-F5D0649D4159-LeaderElection17] INFO  impl.LeaderElection (LogUtils.java:infoOrTrace(136)) -   Exception 1: java.util.concurrent.ExecutionException: org.apache.ratis.thirdparty.io.netty.channel.AbstractChannel$AnnotatedConnectException: finishConnect(..) failed: Connection refused: localhost/127.0.0.1:15156
2024-10-07 19:12:13,742 [s1@group-F5D0649D4159-LeaderElection17] INFO  impl.LeaderElection (LogUtils.java:infoOrTrace(136)) -   Exception 2: java.util.concurrent.ExecutionException: org.apache.ratis.thirdparty.io.netty.channel.AbstractChannel$AnnotatedConnectException: finishConnect(..) failed: Connection refused: localhost/127.0.0.1:15148
2024-10-07 19:12:13,742 [s1@group-F5D0649D4159-LeaderElection17] INFO  impl.LeaderElection (LeaderElection.java:askForVotes(339)) - s1@group-F5D0649D4159-LeaderElection17 PRE_VOTE round 51: result TIMEOUT
2024-10-07 19:12:13,742 [s1@group-F5D0649D4159-LeaderElection17] INFO  impl.LeaderElection (LeaderElection.java:askForVotes(337)) - s1@group-F5D0649D4159-LeaderElection17 PRE_VOTE round 52: submit vote requests at term 2 for conf: {index: 1, cur=peers:[s3|localhost:15152, s4|localhost:15156, s0|localhost:15140, s1|localhost:15144, s2|localhost:15148]|listeners:[], old=null}
2024-10-07 19:12:13,743 [NettyRpcService-workerGroup--thread3] INFO  server.RaftServer$Division (RaftServerImpl.java:requestVote(1443)) - s0@group-F5D0649D4159: receive requestVote(PRE_VOTE, s1, group-F5D0649D4159, 2, (t:2, i:2))
2024-10-07 19:12:13,743 [NettyRpcService-workerGroup--thread3] INFO  impl.VoteContext (VoteContext.java:log(49)) - s0@group-F5D0649D4159-CANDIDATE: accept PRE_VOTE from s1: our priority 0 <= candidate's priority 0
2024-10-07 19:12:13,743 [NettyRpcService-workerGroup--thread3] INFO  server.RaftServer$Division (RaftServerImpl.java:requestVote(1476)) - s0@group-F5D0649D4159 replies to PRE_VOTE vote request: s1<-s0#0:OK-t2. Peer's state: s0@group-F5D0649D4159:t2, leader=null, voted=s4, raftlog=Memoized:s0@group-F5D0649D4159-SegmentedRaftLog:OPENED:c2:last(t:2, i:2), conf=conf: {index: 1, cur=peers:[s3|localhost:15152, s4|localhost:15156, s0|localhost:15140, s1|localhost:15144, s2|localhost:15148]|listeners:[], old=null}
2024-10-07 19:12:13,744 [s1@group-F5D0649D4159-LeaderElection17] INFO  impl.LeaderElection (LogUtils.java:infoOrTrace(136)) - s1@group-F5D0649D4159-LeaderElection17 got exception when requesting votes: java.util.concurrent.ExecutionException: org.apache.ratis.thirdparty.io.netty.channel.AbstractChannel$AnnotatedConnectException: finishConnect(..) failed: Connection refused: localhost/127.0.0.1:15148
2024-10-07 19:12:13,744 [s1@group-F5D0649D4159-LeaderElection17] INFO  impl.LeaderElection (LogUtils.java:infoOrTrace(136)) - s1@group-F5D0649D4159-LeaderElection17 got exception when requesting votes: java.util.concurrent.ExecutionException: org.apache.ratis.thirdparty.io.netty.channel.AbstractChannel$AnnotatedConnectException: finishConnect(..) failed: Connection refused: localhost/127.0.0.1:15156
2024-10-07 19:12:13,848 [s0@group-F5D0649D4159-LeaderElection18] INFO  impl.LeaderElection (LeaderElection.java:logAndReturn(90)) - s0@group-F5D0649D4159-LeaderElection18: PRE_VOTE TIMEOUT received 1 response(s) and 2 exception(s):
2024-10-07 19:12:13,848 [s0@group-F5D0649D4159-LeaderElection18] INFO  impl.LeaderElection (LeaderElection.java:logAndReturn(94)) -   Response 0: s0<-s1#0:OK-t2
2024-10-07 19:12:13,848 [s0@group-F5D0649D4159-LeaderElection18] INFO  impl.LeaderElection (LogUtils.java:infoOrTrace(136)) -   Exception 1: java.util.concurrent.ExecutionException: org.apache.ratis.thirdparty.io.netty.channel.AbstractChannel$AnnotatedConnectException: finishConnect(..) failed: Connection refused: localhost/127.0.0.1:15156
2024-10-07 19:12:13,848 [s0@group-F5D0649D4159-LeaderElection18] INFO  impl.LeaderElection (LogUtils.java:infoOrTrace(136)) -   Exception 2: java.util.concurrent.ExecutionException: org.apache.ratis.thirdparty.io.netty.channel.AbstractChannel$AnnotatedConnectException: finishConnect(..) failed: Connection refused: localhost/127.0.0.1:15148
2024-10-07 19:12:13,848 [s0@group-F5D0649D4159-LeaderElection18] INFO  impl.LeaderElection (LeaderElection.java:askForVotes(339)) - s0@group-F5D0649D4159-LeaderElection18 PRE_VOTE round 36: result TIMEOUT
2024-10-07 19:12:13,848 [s0@group-F5D0649D4159-LeaderElection18] INFO  impl.LeaderElection (LeaderElection.java:askForVotes(337)) - s0@group-F5D0649D4159-LeaderElection18 PRE_VOTE round 37: submit vote requests at term 2 for conf: {index: 1, cur=peers:[s3|localhost:15152, s4|localhost:15156, s0|localhost:15140, s1|localhost:15144, s2|localhost:15148]|listeners:[], old=null}
2024-10-07 19:12:13,849 [NettyRpcService-workerGroup--thread3] INFO  server.RaftServer$Division (RaftServerImpl.java:requestVote(1443)) - s1@group-F5D0649D4159: receive requestVote(PRE_VOTE, s0, group-F5D0649D4159, 2, (t:2, i:2))
2024-10-07 19:12:13,849 [NettyRpcService-workerGroup--thread3] INFO  impl.VoteContext (VoteContext.java:log(49)) - s1@group-F5D0649D4159-CANDIDATE: accept PRE_VOTE from s0: our priority 0 <= candidate's priority 0
2024-10-07 19:12:13,849 [NettyRpcService-workerGroup--thread3] INFO  server.RaftServer$Division (RaftServerImpl.java:requestVote(1476)) - s1@group-F5D0649D4159 replies to PRE_VOTE vote request: s0<-s1#0:OK-t2. Peer's state: s1@group-F5D0649D4159:t2, leader=null, voted=s4, raftlog=Memoized:s1@group-F5D0649D4159-SegmentedRaftLog:OPENED:c2:last(t:2, i:2), conf=conf: {index: 1, cur=peers:[s3|localhost:15152, s4|localhost:15156, s0|localhost:15140, s1|localhost:15144, s2|localhost:15148]|listeners:[], old=null}
2024-10-07 19:12:13,849 [s0@group-F5D0649D4159-LeaderElection18] INFO  impl.LeaderElection (LogUtils.java:infoOrTrace(136)) - s0@group-F5D0649D4159-LeaderElection18 got exception when requesting votes: java.util.concurrent.ExecutionException: org.apache.ratis.thirdparty.io.netty.channel.AbstractChannel$AnnotatedConnectException: finishConnect(..) failed: Connection refused: localhost/127.0.0.1:15156
2024-10-07 19:12:13,849 [s0@group-F5D0649D4159-LeaderElection18] INFO  impl.LeaderElection (LogUtils.java:infoOrTrace(136)) - s0@group-F5D0649D4159-LeaderElection18 got exception when requesting votes: java.util.concurrent.ExecutionException: org.apache.ratis.thirdparty.io.netty.channel.AbstractChannel$AnnotatedConnectException: finishConnect(..) failed: Connection refused: localhost/127.0.0.1:15148
2024-10-07 19:12:13,895 [s1@group-F5D0649D4159-LeaderElection17] INFO  impl.LeaderElection (LeaderElection.java:logAndReturn(90)) - s1@group-F5D0649D4159-LeaderElection17: PRE_VOTE TIMEOUT received 1 response(s) and 2 exception(s):
2024-10-07 19:12:13,895 [s1@group-F5D0649D4159-LeaderElection17] INFO  impl.LeaderElection (LeaderElection.java:logAndReturn(94)) -   Response 0: s1<-s0#0:OK-t2
2024-10-07 19:12:13,895 [s1@group-F5D0649D4159-LeaderElection17] INFO  impl.LeaderElection (LogUtils.java:infoOrTrace(136)) -   Exception 1: java.util.concurrent.ExecutionException: org.apache.ratis.thirdparty.io.netty.channel.AbstractChannel$AnnotatedConnectException: finishConnect(..) failed: Connection refused: localhost/127.0.0.1:15148
2024-10-07 19:12:13,895 [s1@group-F5D0649D4159-LeaderElection17] INFO  impl.LeaderElection (LogUtils.java:infoOrTrace(136)) -   Exception 2: java.util.concurrent.ExecutionException: org.apache.ratis.thirdparty.io.netty.channel.AbstractChannel$AnnotatedConnectException: finishConnect(..) failed: Connection refused: localhost/127.0.0.1:15156
2024-10-07 19:12:13,895 [s1@group-F5D0649D4159-LeaderElection17] INFO  impl.LeaderElection (LeaderElection.java:askForVotes(339)) - s1@group-F5D0649D4159-LeaderElection17 PRE_VOTE round 52: result TIMEOUT
2024-10-07 19:12:13,895 [s1@group-F5D0649D4159-LeaderElection17] INFO  impl.LeaderElection (LeaderElection.java:askForVotes(337)) - s1@group-F5D0649D4159-LeaderElection17 PRE_VOTE round 53: submit vote requests at term 2 for conf: {index: 1, cur=peers:[s3|localhost:15152, s4|localhost:15156, s0|localhost:15140, s1|localhost:15144, s2|localhost:15148]|listeners:[], old=null}
2024-10-07 19:12:13,896 [NettyRpcService-workerGroup--thread3] INFO  server.RaftServer$Division (RaftServerImpl.java:requestVote(1443)) - s0@group-F5D0649D4159: receive requestVote(PRE_VOTE, s1, group-F5D0649D4159, 2, (t:2, i:2))
2024-10-07 19:12:13,896 [NettyRpcService-workerGroup--thread3] INFO  impl.VoteContext (VoteContext.java:log(49)) - s0@group-F5D0649D4159-CANDIDATE: accept PRE_VOTE from s1: our priority 0 <= candidate's priority 0
2024-10-07 19:12:13,896 [s1@group-F5D0649D4159-LeaderElection17] INFO  impl.LeaderElection (LogUtils.java:infoOrTrace(136)) - s1@group-F5D0649D4159-LeaderElection17 got exception when requesting votes: java.util.concurrent.ExecutionException: org.apache.ratis.thirdparty.io.netty.channel.AbstractChannel$AnnotatedConnectException: finishConnect(..) failed: Connection refused: localhost/127.0.0.1:15156
2024-10-07 19:12:13,896 [NettyRpcService-workerGroup--thread3] INFO  server.RaftServer$Division (RaftServerImpl.java:requestVote(1476)) - s0@group-F5D0649D4159 replies to PRE_VOTE vote request: s1<-s0#0:OK-t2. Peer's state: s0@group-F5D0649D4159:t2, leader=null, voted=s4, raftlog=Memoized:s0@group-F5D0649D4159-SegmentedRaftLog:OPENED:c2:last(t:2, i:2), conf=conf: {index: 1, cur=peers:[s3|localhost:15152, s4|localhost:15156, s0|localhost:15140, s1|localhost:15144, s2|localhost:15148]|listeners:[], old=null}
2024-10-07 19:12:13,897 [s1@group-F5D0649D4159-LeaderElection17] INFO  impl.LeaderElection (LogUtils.java:infoOrTrace(136)) - s1@group-F5D0649D4159-LeaderElection17 got exception when requesting votes: java.util.concurrent.ExecutionException: org.apache.ratis.thirdparty.io.netty.channel.AbstractChannel$AnnotatedConnectException: finishConnect(..) failed: Connection refused: localhost/127.0.0.1:15148
2024-10-07 19:12:14,044 [main] WARN  ratis.RaftTestUtil (RaftTestUtil.java:lambda$waitForLeader$3(126)) - Attempt #28 failed: java.lang.IllegalStateException: No leader yet : printing ALL groups
  s3:  RUNNING  FOLLOWER s3@group-F5D0649D4159:t1, leader=null, voted=null, raftlog=Memoized:s3@group-F5D0649D4159-SegmentedRaftLog:OPENED:c-1:lastnull, conf=conf: {index: -1, cur=peers:[s3|localhost:15152, s4|localhost:15156, s0|localhost:15140, s1|localhost:15144, s2|localhost:15148]|listeners:[], old=null} RUNNING
  s4:   CLOSED    LEADER s4@group-F5D0649D4159:t2, leader=s4, voted=s4, raftlog=Memoized:s4@group-F5D0649D4159-SegmentedRaftLog:CLOSED:c2, conf=conf: {index: 1, cur=peers:[s3|localhost:15152, s4|localhost:15156, s0|localhost:15140, s1|localhost:15144, s2|localhost:15148]|listeners:[], old=null} CLOSED
  s0:  RUNNING CANDIDATE s0@group-F5D0649D4159:t2, leader=null, voted=s4, raftlog=Memoized:s0@group-F5D0649D4159-SegmentedRaftLog:OPENED:c2:last(t:2, i:2), conf=conf: {index: 1, cur=peers:[s3|localhost:15152, s4|localhost:15156, s0|localhost:15140, s1|localhost:15144, s2|localhost:15148]|listeners:[], old=null} RUNNING
  s1:  RUNNING CANDIDATE s1@group-F5D0649D4159:t2, leader=null, voted=s4, raftlog=Memoized:s1@group-F5D0649D4159-SegmentedRaftLog:OPENED:c2:last(t:2, i:2), conf=conf: {index: 1, cur=peers:[s3|localhost:15152, s4|localhost:15156, s0|localhost:15140, s1|localhost:15144, s2|localhost:15148]|listeners:[], old=null} RUNNING
  s2:   CLOSED    LEADER s2@group-F5D0649D4159:t1, leader=s2, voted=s2, raftlog=Memoized:s2@group-F5D0649D4159-SegmentedRaftLog:CLOSED:c0, conf=conf: {index: 0, cur=peers:[s3|localhost:15152, s4|localhost:15156, s0|localhost:15140, s1|localhost:15144, s2|localhost:15148]|listeners:[], old=null} CLOSED
2024-10-07 19:12:14,129 [s1@group-F5D0649D4159-LeaderElection17] INFO  impl.LeaderElection (LeaderElection.java:logAndReturn(90)) - s1@group-F5D0649D4159-LeaderElection17: PRE_VOTE TIMEOUT received 1 response(s) and 2 exception(s):
2024-10-07 19:12:14,129 [s1@group-F5D0649D4159-LeaderElection17] INFO  impl.LeaderElection (LeaderElection.java:logAndReturn(94)) -   Response 0: s1<-s0#0:OK-t2
2024-10-07 19:12:14,129 [s1@group-F5D0649D4159-LeaderElection17] INFO  impl.LeaderElection (LogUtils.java:infoOrTrace(136)) -   Exception 1: java.util.concurrent.ExecutionException: org.apache.ratis.thirdparty.io.netty.channel.AbstractChannel$AnnotatedConnectException: finishConnect(..) failed: Connection refused: localhost/127.0.0.1:15156
2024-10-07 19:12:14,129 [s1@group-F5D0649D4159-LeaderElection17] INFO  impl.LeaderElection (LogUtils.java:infoOrTrace(136)) -   Exception 2: java.util.concurrent.ExecutionException: org.apache.ratis.thirdparty.io.netty.channel.AbstractChannel$AnnotatedConnectException: finishConnect(..) failed: Connection refused: localhost/127.0.0.1:15148
2024-10-07 19:12:14,129 [s1@group-F5D0649D4159-LeaderElection17] INFO  impl.LeaderElection (LeaderElection.java:askForVotes(339)) - s1@group-F5D0649D4159-LeaderElection17 PRE_VOTE round 53: result TIMEOUT
2024-10-07 19:12:14,129 [s1@group-F5D0649D4159-LeaderElection17] INFO  impl.LeaderElection (LeaderElection.java:askForVotes(337)) - s1@group-F5D0649D4159-LeaderElection17 PRE_VOTE round 54: submit vote requests at term 2 for conf: {index: 1, cur=peers:[s3|localhost:15152, s4|localhost:15156, s0|localhost:15140, s1|localhost:15144, s2|localhost:15148]|listeners:[], old=null}
2024-10-07 19:12:14,130 [NettyRpcService-workerGroup--thread3] INFO  server.RaftServer$Division (RaftServerImpl.java:requestVote(1443)) - s0@group-F5D0649D4159: receive requestVote(PRE_VOTE, s1, group-F5D0649D4159, 2, (t:2, i:2))
2024-10-07 19:12:14,130 [NettyRpcService-workerGroup--thread3] INFO  impl.VoteContext (VoteContext.java:log(49)) - s0@group-F5D0649D4159-CANDIDATE: accept PRE_VOTE from s1: our priority 0 <= candidate's priority 0
2024-10-07 19:12:14,130 [NettyRpcService-workerGroup--thread3] INFO  server.RaftServer$Division (RaftServerImpl.java:requestVote(1476)) - s0@group-F5D0649D4159 replies to PRE_VOTE vote request: s1<-s0#0:OK-t2. Peer's state: s0@group-F5D0649D4159:t2, leader=null, voted=s4, raftlog=Memoized:s0@group-F5D0649D4159-SegmentedRaftLog:OPENED:c2:last(t:2, i:2), conf=conf: {index: 1, cur=peers:[s3|localhost:15152, s4|localhost:15156, s0|localhost:15140, s1|localhost:15144, s2|localhost:15148]|listeners:[], old=null}
2024-10-07 19:12:14,130 [s1@group-F5D0649D4159-LeaderElection17] INFO  impl.LeaderElection (LogUtils.java:infoOrTrace(136)) - s1@group-F5D0649D4159-LeaderElection17 got exception when requesting votes: java.util.concurrent.ExecutionException: org.apache.ratis.thirdparty.io.netty.channel.AbstractChannel$AnnotatedConnectException: finishConnect(..) failed: Connection refused: localhost/127.0.0.1:15156
2024-10-07 19:12:14,130 [s1@group-F5D0649D4159-LeaderElection17] INFO  impl.LeaderElection (LogUtils.java:infoOrTrace(136)) - s1@group-F5D0649D4159-LeaderElection17 got exception when requesting votes: java.util.concurrent.ExecutionException: org.apache.ratis.thirdparty.io.netty.channel.AbstractChannel$AnnotatedConnectException: finishConnect(..) failed: Connection refused: localhost/127.0.0.1:15148
2024-10-07 19:12:14,135 [s0@group-F5D0649D4159-LeaderElection18] INFO  impl.LeaderElection (LeaderElection.java:logAndReturn(90)) - s0@group-F5D0649D4159-LeaderElection18: PRE_VOTE TIMEOUT received 1 response(s) and 2 exception(s):
2024-10-07 19:12:14,135 [s0@group-F5D0649D4159-LeaderElection18] INFO  impl.LeaderElection (LeaderElection.java:logAndReturn(94)) -   Response 0: s0<-s1#0:OK-t2
2024-10-07 19:12:14,135 [s0@group-F5D0649D4159-LeaderElection18] INFO  impl.LeaderElection (LogUtils.java:infoOrTrace(136)) -   Exception 1: java.util.concurrent.ExecutionException: org.apache.ratis.thirdparty.io.netty.channel.AbstractChannel$AnnotatedConnectException: finishConnect(..) failed: Connection refused: localhost/127.0.0.1:15156
2024-10-07 19:12:14,135 [s0@group-F5D0649D4159-LeaderElection18] INFO  impl.LeaderElection (LogUtils.java:infoOrTrace(136)) -   Exception 2: java.util.concurrent.ExecutionException: org.apache.ratis.thirdparty.io.netty.channel.AbstractChannel$AnnotatedConnectException: finishConnect(..) failed: Connection refused: localhost/127.0.0.1:15148
2024-10-07 19:12:14,135 [s0@group-F5D0649D4159-LeaderElection18] INFO  impl.LeaderElection (LeaderElection.java:askForVotes(339)) - s0@group-F5D0649D4159-LeaderElection18 PRE_VOTE round 37: result TIMEOUT
2024-10-07 19:12:14,135 [s0@group-F5D0649D4159-LeaderElection18] INFO  impl.LeaderElection (LeaderElection.java:askForVotes(337)) - s0@group-F5D0649D4159-LeaderElection18 PRE_VOTE round 38: submit vote requests at term 2 for conf: {index: 1, cur=peers:[s3|localhost:15152, s4|localhost:15156, s0|localhost:15140, s1|localhost:15144, s2|localhost:15148]|listeners:[], old=null}
2024-10-07 19:12:14,136 [NettyRpcService-workerGroup--thread3] INFO  server.RaftServer$Division (RaftServerImpl.java:requestVote(1443)) - s1@group-F5D0649D4159: receive requestVote(PRE_VOTE, s0, group-F5D0649D4159, 2, (t:2, i:2))
2024-10-07 19:12:14,136 [NettyRpcService-workerGroup--thread3] INFO  impl.VoteContext (VoteContext.java:log(49)) - s1@group-F5D0649D4159-CANDIDATE: accept PRE_VOTE from s0: our priority 0 <= candidate's priority 0
2024-10-07 19:12:14,136 [NettyRpcService-workerGroup--thread3] INFO  server.RaftServer$Division (RaftServerImpl.java:requestVote(1476)) - s1@group-F5D0649D4159 replies to PRE_VOTE vote request: s0<-s1#0:OK-t2. Peer's state: s1@group-F5D0649D4159:t2, leader=null, voted=s4, raftlog=Memoized:s1@group-F5D0649D4159-SegmentedRaftLog:OPENED:c2:last(t:2, i:2), conf=conf: {index: 1, cur=peers:[s3|localhost:15152, s4|localhost:15156, s0|localhost:15140, s1|localhost:15144, s2|localhost:15148]|listeners:[], old=null}
2024-10-07 19:12:14,136 [s0@group-F5D0649D4159-LeaderElection18] INFO  impl.LeaderElection (LogUtils.java:infoOrTrace(136)) - s0@group-F5D0649D4159-LeaderElection18 got exception when requesting votes: java.util.concurrent.ExecutionException: org.apache.ratis.thirdparty.io.netty.channel.AbstractChannel$AnnotatedConnectException: finishConnect(..) failed: Connection refused: localhost/127.0.0.1:15156
2024-10-07 19:12:14,136 [s0@group-F5D0649D4159-LeaderElection18] INFO  impl.LeaderElection (LogUtils.java:infoOrTrace(136)) - s0@group-F5D0649D4159-LeaderElection18 got exception when requesting votes: java.util.concurrent.ExecutionException: org.apache.ratis.thirdparty.io.netty.channel.AbstractChannel$AnnotatedConnectException: finishConnect(..) failed: Connection refused: localhost/127.0.0.1:15148
2024-10-07 19:12:14,314 [s0@group-F5D0649D4159-LeaderElection18] INFO  impl.LeaderElection (LeaderElection.java:logAndReturn(90)) - s0@group-F5D0649D4159-LeaderElection18: PRE_VOTE TIMEOUT received 1 response(s) and 2 exception(s):
2024-10-07 19:12:14,314 [s0@group-F5D0649D4159-LeaderElection18] INFO  impl.LeaderElection (LeaderElection.java:logAndReturn(94)) -   Response 0: s0<-s1#0:OK-t2
2024-10-07 19:12:14,314 [s0@group-F5D0649D4159-LeaderElection18] INFO  impl.LeaderElection (LogUtils.java:infoOrTrace(136)) -   Exception 1: java.util.concurrent.ExecutionException: org.apache.ratis.thirdparty.io.netty.channel.AbstractChannel$AnnotatedConnectException: finishConnect(..) failed: Connection refused: localhost/127.0.0.1:15156
2024-10-07 19:12:14,314 [s0@group-F5D0649D4159-LeaderElection18] INFO  impl.LeaderElection (LogUtils.java:infoOrTrace(136)) -   Exception 2: java.util.concurrent.ExecutionException: org.apache.ratis.thirdparty.io.netty.channel.AbstractChannel$AnnotatedConnectException: finishConnect(..) failed: Connection refused: localhost/127.0.0.1:15148
2024-10-07 19:12:14,314 [s0@group-F5D0649D4159-LeaderElection18] INFO  impl.LeaderElection (LeaderElection.java:askForVotes(339)) - s0@group-F5D0649D4159-LeaderElection18 PRE_VOTE round 38: result TIMEOUT
2024-10-07 19:12:14,314 [s0@group-F5D0649D4159-LeaderElection18] INFO  impl.LeaderElection (LeaderElection.java:askForVotes(337)) - s0@group-F5D0649D4159-LeaderElection18 PRE_VOTE round 39: submit vote requests at term 2 for conf: {index: 1, cur=peers:[s3|localhost:15152, s4|localhost:15156, s0|localhost:15140, s1|localhost:15144, s2|localhost:15148]|listeners:[], old=null}
2024-10-07 19:12:14,315 [NettyRpcService-workerGroup--thread3] INFO  server.RaftServer$Division (RaftServerImpl.java:requestVote(1443)) - s1@group-F5D0649D4159: receive requestVote(PRE_VOTE, s0, group-F5D0649D4159, 2, (t:2, i:2))
2024-10-07 19:12:14,315 [NettyRpcService-workerGroup--thread3] INFO  impl.VoteContext (VoteContext.java:log(49)) - s1@group-F5D0649D4159-CANDIDATE: accept PRE_VOTE from s0: our priority 0 <= candidate's priority 0
2024-10-07 19:12:14,315 [s0@group-F5D0649D4159-LeaderElection18] INFO  impl.LeaderElection (LogUtils.java:infoOrTrace(136)) - s0@group-F5D0649D4159-LeaderElection18 got exception when requesting votes: java.util.concurrent.ExecutionException: org.apache.ratis.thirdparty.io.netty.channel.AbstractChannel$AnnotatedConnectException: finishConnect(..) failed: Connection refused: localhost/127.0.0.1:15156
2024-10-07 19:12:14,315 [NettyRpcService-workerGroup--thread3] INFO  server.RaftServer$Division (RaftServerImpl.java:requestVote(1476)) - s1@group-F5D0649D4159 replies to PRE_VOTE vote request: s0<-s1#0:OK-t2. Peer's state: s1@group-F5D0649D4159:t2, leader=null, voted=s4, raftlog=Memoized:s1@group-F5D0649D4159-SegmentedRaftLog:OPENED:c2:last(t:2, i:2), conf=conf: {index: 1, cur=peers:[s3|localhost:15152, s4|localhost:15156, s0|localhost:15140, s1|localhost:15144, s2|localhost:15148]|listeners:[], old=null}
2024-10-07 19:12:14,315 [s0@group-F5D0649D4159-LeaderElection18] INFO  impl.LeaderElection (LogUtils.java:infoOrTrace(136)) - s0@group-F5D0649D4159-LeaderElection18 got exception when requesting votes: java.util.concurrent.ExecutionException: org.apache.ratis.thirdparty.io.netty.channel.AbstractChannel$AnnotatedConnectException: finishConnect(..) failed: Connection refused: localhost/127.0.0.1:15148
2024-10-07 19:12:14,328 [s1@group-F5D0649D4159-LeaderElection17] INFO  impl.LeaderElection (LeaderElection.java:logAndReturn(90)) - s1@group-F5D0649D4159-LeaderElection17: PRE_VOTE TIMEOUT received 1 response(s) and 2 exception(s):
2024-10-07 19:12:14,328 [s1@group-F5D0649D4159-LeaderElection17] INFO  impl.LeaderElection (LeaderElection.java:logAndReturn(94)) -   Response 0: s1<-s0#0:OK-t2
2024-10-07 19:12:14,328 [s1@group-F5D0649D4159-LeaderElection17] INFO  impl.LeaderElection (LogUtils.java:infoOrTrace(136)) -   Exception 1: java.util.concurrent.ExecutionException: org.apache.ratis.thirdparty.io.netty.channel.AbstractChannel$AnnotatedConnectException: finishConnect(..) failed: Connection refused: localhost/127.0.0.1:15156
2024-10-07 19:12:14,328 [s1@group-F5D0649D4159-LeaderElection17] INFO  impl.LeaderElection (LogUtils.java:infoOrTrace(136)) -   Exception 2: java.util.concurrent.ExecutionException: org.apache.ratis.thirdparty.io.netty.channel.AbstractChannel$AnnotatedConnectException: finishConnect(..) failed: Connection refused: localhost/127.0.0.1:15148
2024-10-07 19:12:14,328 [s1@group-F5D0649D4159-LeaderElection17] INFO  impl.LeaderElection (LeaderElection.java:askForVotes(339)) - s1@group-F5D0649D4159-LeaderElection17 PRE_VOTE round 54: result TIMEOUT
2024-10-07 19:12:14,328 [s1@group-F5D0649D4159-LeaderElection17] INFO  impl.LeaderElection (LeaderElection.java:askForVotes(337)) - s1@group-F5D0649D4159-LeaderElection17 PRE_VOTE round 55: submit vote requests at term 2 for conf: {index: 1, cur=peers:[s3|localhost:15152, s4|localhost:15156, s0|localhost:15140, s1|localhost:15144, s2|localhost:15148]|listeners:[], old=null}
2024-10-07 19:12:14,329 [NettyRpcService-workerGroup--thread3] INFO  server.RaftServer$Division (RaftServerImpl.java:requestVote(1443)) - s0@group-F5D0649D4159: receive requestVote(PRE_VOTE, s1, group-F5D0649D4159, 2, (t:2, i:2))
2024-10-07 19:12:14,329 [NettyRpcService-workerGroup--thread3] INFO  impl.VoteContext (VoteContext.java:log(49)) - s0@group-F5D0649D4159-CANDIDATE: accept PRE_VOTE from s1: our priority 0 <= candidate's priority 0
2024-10-07 19:12:14,329 [s1@group-F5D0649D4159-LeaderElection17] INFO  impl.LeaderElection (LogUtils.java:infoOrTrace(136)) - s1@group-F5D0649D4159-LeaderElection17 got exception when requesting votes: java.util.concurrent.ExecutionException: org.apache.ratis.thirdparty.io.netty.channel.AbstractChannel$AnnotatedConnectException: finishConnect(..) failed: Connection refused: localhost/127.0.0.1:15148
2024-10-07 19:12:14,329 [NettyRpcService-workerGroup--thread3] INFO  server.RaftServer$Division (RaftServerImpl.java:requestVote(1476)) - s0@group-F5D0649D4159 replies to PRE_VOTE vote request: s1<-s0#0:OK-t2. Peer's state: s0@group-F5D0649D4159:t2, leader=null, voted=s4, raftlog=Memoized:s0@group-F5D0649D4159-SegmentedRaftLog:OPENED:c2:last(t:2, i:2), conf=conf: {index: 1, cur=peers:[s3|localhost:15152, s4|localhost:15156, s0|localhost:15140, s1|localhost:15144, s2|localhost:15148]|listeners:[], old=null}
2024-10-07 19:12:14,329 [s1@group-F5D0649D4159-LeaderElection17] INFO  impl.LeaderElection (LogUtils.java:infoOrTrace(136)) - s1@group-F5D0649D4159-LeaderElection17 got exception when requesting votes: java.util.concurrent.ExecutionException: org.apache.ratis.thirdparty.io.netty.channel.AbstractChannel$AnnotatedConnectException: finishConnect(..) failed: Connection refused: localhost/127.0.0.1:15156
2024-10-07 19:12:14,494 [s0@group-F5D0649D4159-LeaderElection18] INFO  impl.LeaderElection (LeaderElection.java:logAndReturn(90)) - s0@group-F5D0649D4159-LeaderElection18: PRE_VOTE TIMEOUT received 1 response(s) and 2 exception(s):
2024-10-07 19:12:14,494 [s0@group-F5D0649D4159-LeaderElection18] INFO  impl.LeaderElection (LeaderElection.java:logAndReturn(94)) -   Response 0: s0<-s1#0:OK-t2
2024-10-07 19:12:14,494 [s0@group-F5D0649D4159-LeaderElection18] INFO  impl.LeaderElection (LogUtils.java:infoOrTrace(136)) -   Exception 1: java.util.concurrent.ExecutionException: org.apache.ratis.thirdparty.io.netty.channel.AbstractChannel$AnnotatedConnectException: finishConnect(..) failed: Connection refused: localhost/127.0.0.1:15156
2024-10-07 19:12:14,494 [s0@group-F5D0649D4159-LeaderElection18] INFO  impl.LeaderElection (LogUtils.java:infoOrTrace(136)) -   Exception 2: java.util.concurrent.ExecutionException: org.apache.ratis.thirdparty.io.netty.channel.AbstractChannel$AnnotatedConnectException: finishConnect(..) failed: Connection refused: localhost/127.0.0.1:15148
2024-10-07 19:12:14,494 [s0@group-F5D0649D4159-LeaderElection18] INFO  impl.LeaderElection (LeaderElection.java:askForVotes(339)) - s0@group-F5D0649D4159-LeaderElection18 PRE_VOTE round 39: result TIMEOUT
2024-10-07 19:12:14,494 [s0@group-F5D0649D4159-LeaderElection18] INFO  impl.LeaderElection (LeaderElection.java:askForVotes(337)) - s0@group-F5D0649D4159-LeaderElection18 PRE_VOTE round 40: submit vote requests at term 2 for conf: {index: 1, cur=peers:[s3|localhost:15152, s4|localhost:15156, s0|localhost:15140, s1|localhost:15144, s2|localhost:15148]|listeners:[], old=null}
2024-10-07 19:12:14,495 [main] WARN  ratis.RaftTestUtil (RaftTestUtil.java:lambda$waitForLeader$3(126)) - Attempt #29 failed: java.lang.IllegalStateException: No leader yet : printing ALL groups
  s3:  RUNNING  FOLLOWER s3@group-F5D0649D4159:t1, leader=null, voted=null, raftlog=Memoized:s3@group-F5D0649D4159-SegmentedRaftLog:OPENED:c-1:lastnull, conf=conf: {index: -1, cur=peers:[s3|localhost:15152, s4|localhost:15156, s0|localhost:15140, s1|localhost:15144, s2|localhost:15148]|listeners:[], old=null} RUNNING
  s4:   CLOSED    LEADER s4@group-F5D0649D4159:t2, leader=s4, voted=s4, raftlog=Memoized:s4@group-F5D0649D4159-SegmentedRaftLog:CLOSED:c2, conf=conf: {index: 1, cur=peers:[s3|localhost:15152, s4|localhost:15156, s0|localhost:15140, s1|localhost:15144, s2|localhost:15148]|listeners:[], old=null} CLOSED
  s0:  RUNNING CANDIDATE s0@group-F5D0649D4159:t2, leader=null, voted=s4, raftlog=Memoized:s0@group-F5D0649D4159-SegmentedRaftLog:OPENED:c2:last(t:2, i:2), conf=conf: {index: 1, cur=peers:[s3|localhost:15152, s4|localhost:15156, s0|localhost:15140, s1|localhost:15144, s2|localhost:15148]|listeners:[], old=null} RUNNING
  s1:  RUNNING CANDIDATE s1@group-F5D0649D4159:t2, leader=null, voted=s4, raftlog=Memoized:s1@group-F5D0649D4159-SegmentedRaftLog:OPENED:c2:last(t:2, i:2), conf=conf: {index: 1, cur=peers:[s3|localhost:15152, s4|localhost:15156, s0|localhost:15140, s1|localhost:15144, s2|localhost:15148]|listeners:[], old=null} RUNNING
  s2:   CLOSED    LEADER s2@group-F5D0649D4159:t1, leader=s2, voted=s2, raftlog=Memoized:s2@group-F5D0649D4159-SegmentedRaftLog:CLOSED:c0, conf=conf: {index: 0, cur=peers:[s3|localhost:15152, s4|localhost:15156, s0|localhost:15140, s1|localhost:15144, s2|localhost:15148]|listeners:[], old=null} CLOSED
2024-10-07 19:12:14,495 [NettyRpcService-workerGroup--thread3] INFO  server.RaftServer$Division (RaftServerImpl.java:requestVote(1443)) - s1@group-F5D0649D4159: receive requestVote(PRE_VOTE, s0, group-F5D0649D4159, 2, (t:2, i:2))
2024-10-07 19:12:14,496 [NettyRpcService-workerGroup--thread3] INFO  impl.VoteContext (VoteContext.java:log(49)) - s1@group-F5D0649D4159-CANDIDATE: accept PRE_VOTE from s0: our priority 0 <= candidate's priority 0
2024-10-07 19:12:14,496 [s0@group-F5D0649D4159-LeaderElection18] INFO  impl.LeaderElection (LogUtils.java:infoOrTrace(136)) - s0@group-F5D0649D4159-LeaderElection18 got exception when requesting votes: java.util.concurrent.ExecutionException: org.apache.ratis.thirdparty.io.netty.channel.AbstractChannel$AnnotatedConnectException: finishConnect(..) failed: Connection refused: localhost/127.0.0.1:15148
2024-10-07 19:12:14,496 [s0@group-F5D0649D4159-LeaderElection18] INFO  impl.LeaderElection (LogUtils.java:infoOrTrace(136)) - s0@group-F5D0649D4159-LeaderElection18 got exception when requesting votes: java.util.concurrent.ExecutionException: org.apache.ratis.thirdparty.io.netty.channel.AbstractChannel$AnnotatedConnectException: finishConnect(..) failed: Connection refused: localhost/127.0.0.1:15156
2024-10-07 19:12:14,496 [NettyRpcService-workerGroup--thread3] INFO  server.RaftServer$Division (RaftServerImpl.java:requestVote(1476)) - s1@group-F5D0649D4159 replies to PRE_VOTE vote request: s0<-s1#0:OK-t2. Peer's state: s1@group-F5D0649D4159:t2, leader=null, voted=s4, raftlog=Memoized:s1@group-F5D0649D4159-SegmentedRaftLog:OPENED:c2:last(t:2, i:2), conf=conf: {index: 1, cur=peers:[s3|localhost:15152, s4|localhost:15156, s0|localhost:15140, s1|localhost:15144, s2|localhost:15148]|listeners:[], old=null}
2024-10-07 19:12:14,582 [s1@group-F5D0649D4159-LeaderElection17] INFO  impl.LeaderElection (LeaderElection.java:logAndReturn(90)) - s1@group-F5D0649D4159-LeaderElection17: PRE_VOTE TIMEOUT received 1 response(s) and 2 exception(s):
2024-10-07 19:12:14,582 [s1@group-F5D0649D4159-LeaderElection17] INFO  impl.LeaderElection (LeaderElection.java:logAndReturn(94)) -   Response 0: s1<-s0#0:OK-t2
2024-10-07 19:12:14,582 [s1@group-F5D0649D4159-LeaderElection17] INFO  impl.LeaderElection (LogUtils.java:infoOrTrace(136)) -   Exception 1: java.util.concurrent.ExecutionException: org.apache.ratis.thirdparty.io.netty.channel.AbstractChannel$AnnotatedConnectException: finishConnect(..) failed: Connection refused: localhost/127.0.0.1:15148
2024-10-07 19:12:14,582 [s1@group-F5D0649D4159-LeaderElection17] INFO  impl.LeaderElection (LogUtils.java:infoOrTrace(136)) -   Exception 2: java.util.concurrent.ExecutionException: org.apache.ratis.thirdparty.io.netty.channel.AbstractChannel$AnnotatedConnectException: finishConnect(..) failed: Connection refused: localhost/127.0.0.1:15156
2024-10-07 19:12:14,582 [s1@group-F5D0649D4159-LeaderElection17] INFO  impl.LeaderElection (LeaderElection.java:askForVotes(339)) - s1@group-F5D0649D4159-LeaderElection17 PRE_VOTE round 55: result TIMEOUT
2024-10-07 19:12:14,582 [s1@group-F5D0649D4159-LeaderElection17] INFO  impl.LeaderElection (LeaderElection.java:askForVotes(337)) - s1@group-F5D0649D4159-LeaderElection17 PRE_VOTE round 56: submit vote requests at term 2 for conf: {index: 1, cur=peers:[s3|localhost:15152, s4|localhost:15156, s0|localhost:15140, s1|localhost:15144, s2|localhost:15148]|listeners:[], old=null}
2024-10-07 19:12:14,583 [NettyRpcService-workerGroup--thread3] INFO  server.RaftServer$Division (RaftServerImpl.java:requestVote(1443)) - s0@group-F5D0649D4159: receive requestVote(PRE_VOTE, s1, group-F5D0649D4159, 2, (t:2, i:2))
2024-10-07 19:12:14,583 [s1@group-F5D0649D4159-LeaderElection17] INFO  impl.LeaderElection (LogUtils.java:infoOrTrace(136)) - s1@group-F5D0649D4159-LeaderElection17 got exception when requesting votes: java.util.concurrent.ExecutionException: org.apache.ratis.thirdparty.io.netty.channel.AbstractChannel$AnnotatedConnectException: finishConnect(..) failed: Connection refused: localhost/127.0.0.1:15156
2024-10-07 19:12:14,584 [NettyRpcService-workerGroup--thread3] INFO  impl.VoteContext (VoteContext.java:log(49)) - s0@group-F5D0649D4159-CANDIDATE: accept PRE_VOTE from s1: our priority 0 <= candidate's priority 0
2024-10-07 19:12:14,584 [s1@group-F5D0649D4159-LeaderElection17] INFO  impl.LeaderElection (LogUtils.java:infoOrTrace(136)) - s1@group-F5D0649D4159-LeaderElection17 got exception when requesting votes: java.util.concurrent.ExecutionException: org.apache.ratis.thirdparty.io.netty.channel.AbstractChannel$AnnotatedConnectException: finishConnect(..) failed: Connection refused: localhost/127.0.0.1:15148
2024-10-07 19:12:14,584 [NettyRpcService-workerGroup--thread3] INFO  server.RaftServer$Division (RaftServerImpl.java:requestVote(1476)) - s0@group-F5D0649D4159 replies to PRE_VOTE vote request: s1<-s0#0:OK-t2. Peer's state: s0@group-F5D0649D4159:t2, leader=null, voted=s4, raftlog=Memoized:s0@group-F5D0649D4159-SegmentedRaftLog:OPENED:c2:last(t:2, i:2), conf=conf: {index: 1, cur=peers:[s3|localhost:15152, s4|localhost:15156, s0|localhost:15140, s1|localhost:15144, s2|localhost:15148]|listeners:[], old=null}
2024-10-07 19:12:14,727 [s0@group-F5D0649D4159-LeaderElection18] INFO  impl.LeaderElection (LeaderElection.java:logAndReturn(90)) - s0@group-F5D0649D4159-LeaderElection18: PRE_VOTE TIMEOUT received 1 response(s) and 2 exception(s):
2024-10-07 19:12:14,727 [s0@group-F5D0649D4159-LeaderElection18] INFO  impl.LeaderElection (LeaderElection.java:logAndReturn(94)) -   Response 0: s0<-s1#0:OK-t2
2024-10-07 19:12:14,727 [s0@group-F5D0649D4159-LeaderElection18] INFO  impl.LeaderElection (LogUtils.java:infoOrTrace(136)) -   Exception 1: java.util.concurrent.ExecutionException: org.apache.ratis.thirdparty.io.netty.channel.AbstractChannel$AnnotatedConnectException: finishConnect(..) failed: Connection refused: localhost/127.0.0.1:15148
2024-10-07 19:12:14,727 [s0@group-F5D0649D4159-LeaderElection18] INFO  impl.LeaderElection (LogUtils.java:infoOrTrace(136)) -   Exception 2: java.util.concurrent.ExecutionException: org.apache.ratis.thirdparty.io.netty.channel.AbstractChannel$AnnotatedConnectException: finishConnect(..) failed: Connection refused: localhost/127.0.0.1:15156
2024-10-07 19:12:14,727 [s0@group-F5D0649D4159-LeaderElection18] INFO  impl.LeaderElection (LeaderElection.java:askForVotes(339)) - s0@group-F5D0649D4159-LeaderElection18 PRE_VOTE round 40: result TIMEOUT
2024-10-07 19:12:14,728 [s0@group-F5D0649D4159-LeaderElection18] INFO  impl.LeaderElection (LeaderElection.java:askForVotes(337)) - s0@group-F5D0649D4159-LeaderElection18 PRE_VOTE round 41: submit vote requests at term 2 for conf: {index: 1, cur=peers:[s3|localhost:15152, s4|localhost:15156, s0|localhost:15140, s1|localhost:15144, s2|localhost:15148]|listeners:[], old=null}
2024-10-07 19:12:14,729 [NettyRpcService-workerGroup--thread3] INFO  server.RaftServer$Division (RaftServerImpl.java:requestVote(1443)) - s1@group-F5D0649D4159: receive requestVote(PRE_VOTE, s0, group-F5D0649D4159, 2, (t:2, i:2))
2024-10-07 19:12:14,729 [s0@group-F5D0649D4159-LeaderElection18] INFO  impl.LeaderElection (LogUtils.java:infoOrTrace(136)) - s0@group-F5D0649D4159-LeaderElection18 got exception when requesting votes: java.util.concurrent.ExecutionException: org.apache.ratis.thirdparty.io.netty.channel.AbstractChannel$AnnotatedConnectException: finishConnect(..) failed: Connection refused: localhost/127.0.0.1:15156
2024-10-07 19:12:14,729 [NettyRpcService-workerGroup--thread3] INFO  impl.VoteContext (VoteContext.java:log(49)) - s1@group-F5D0649D4159-CANDIDATE: accept PRE_VOTE from s0: our priority 0 <= candidate's priority 0
2024-10-07 19:12:14,729 [s0@group-F5D0649D4159-LeaderElection18] INFO  impl.LeaderElection (LogUtils.java:infoOrTrace(136)) - s0@group-F5D0649D4159-LeaderElection18 got exception when requesting votes: java.util.concurrent.ExecutionException: org.apache.ratis.thirdparty.io.netty.channel.AbstractChannel$AnnotatedConnectException: finishConnect(..) failed: Connection refused: localhost/127.0.0.1:15148
2024-10-07 19:12:14,729 [NettyRpcService-workerGroup--thread3] INFO  server.RaftServer$Division (RaftServerImpl.java:requestVote(1476)) - s1@group-F5D0649D4159 replies to PRE_VOTE vote request: s0<-s1#0:OK-t2. Peer's state: s1@group-F5D0649D4159:t2, leader=null, voted=s4, raftlog=Memoized:s1@group-F5D0649D4159-SegmentedRaftLog:OPENED:c2:last(t:2, i:2), conf=conf: {index: 1, cur=peers:[s3|localhost:15152, s4|localhost:15156, s0|localhost:15140, s1|localhost:15144, s2|localhost:15148]|listeners:[], old=null}
2024-10-07 19:12:14,821 [s1@group-F5D0649D4159-LeaderElection17] INFO  impl.LeaderElection (LeaderElection.java:logAndReturn(90)) - s1@group-F5D0649D4159-LeaderElection17: PRE_VOTE TIMEOUT received 1 response(s) and 2 exception(s):
2024-10-07 19:12:14,821 [s1@group-F5D0649D4159-LeaderElection17] INFO  impl.LeaderElection (LeaderElection.java:logAndReturn(94)) -   Response 0: s1<-s0#0:OK-t2
2024-10-07 19:12:14,821 [s1@group-F5D0649D4159-LeaderElection17] INFO  impl.LeaderElection (LogUtils.java:infoOrTrace(136)) -   Exception 1: java.util.concurrent.ExecutionException: org.apache.ratis.thirdparty.io.netty.channel.AbstractChannel$AnnotatedConnectException: finishConnect(..) failed: Connection refused: localhost/127.0.0.1:15156
2024-10-07 19:12:14,821 [s1@group-F5D0649D4159-LeaderElection17] INFO  impl.LeaderElection (LogUtils.java:infoOrTrace(136)) -   Exception 2: java.util.concurrent.ExecutionException: org.apache.ratis.thirdparty.io.netty.channel.AbstractChannel$AnnotatedConnectException: finishConnect(..) failed: Connection refused: localhost/127.0.0.1:15148
2024-10-07 19:12:14,822 [s1@group-F5D0649D4159-LeaderElection17] INFO  impl.LeaderElection (LeaderElection.java:askForVotes(339)) - s1@group-F5D0649D4159-LeaderElection17 PRE_VOTE round 56: result TIMEOUT
2024-10-07 19:12:14,822 [s1@group-F5D0649D4159-LeaderElection17] INFO  impl.LeaderElection (LeaderElection.java:askForVotes(337)) - s1@group-F5D0649D4159-LeaderElection17 PRE_VOTE round 57: submit vote requests at term 2 for conf: {index: 1, cur=peers:[s3|localhost:15152, s4|localhost:15156, s0|localhost:15140, s1|localhost:15144, s2|localhost:15148]|listeners:[], old=null}
2024-10-07 19:12:14,823 [NettyRpcService-workerGroup--thread3] INFO  server.RaftServer$Division (RaftServerImpl.java:requestVote(1443)) - s0@group-F5D0649D4159: receive requestVote(PRE_VOTE, s1, group-F5D0649D4159, 2, (t:2, i:2))
2024-10-07 19:12:14,823 [s1@group-F5D0649D4159-LeaderElection17] INFO  impl.LeaderElection (LogUtils.java:infoOrTrace(136)) - s1@group-F5D0649D4159-LeaderElection17 got exception when requesting votes: java.util.concurrent.ExecutionException: org.apache.ratis.thirdparty.io.netty.channel.AbstractChannel$AnnotatedConnectException: finishConnect(..) failed: Connection refused: localhost/127.0.0.1:15156
2024-10-07 19:12:14,823 [NettyRpcService-workerGroup--thread3] INFO  impl.VoteContext (VoteContext.java:log(49)) - s0@group-F5D0649D4159-CANDIDATE: accept PRE_VOTE from s1: our priority 0 <= candidate's priority 0
2024-10-07 19:12:14,823 [s1@group-F5D0649D4159-LeaderElection17] INFO  impl.LeaderElection (LogUtils.java:infoOrTrace(136)) - s1@group-F5D0649D4159-LeaderElection17 got exception when requesting votes: java.util.concurrent.ExecutionException: org.apache.ratis.thirdparty.io.netty.channel.AbstractChannel$AnnotatedConnectException: finishConnect(..) failed: Connection refused: localhost/127.0.0.1:15148
2024-10-07 19:12:14,823 [NettyRpcService-workerGroup--thread3] INFO  server.RaftServer$Division (RaftServerImpl.java:requestVote(1476)) - s0@group-F5D0649D4159 replies to PRE_VOTE vote request: s1<-s0#0:OK-t2. Peer's state: s0@group-F5D0649D4159:t2, leader=null, voted=s4, raftlog=Memoized:s0@group-F5D0649D4159-SegmentedRaftLog:OPENED:c2:last(t:2, i:2), conf=conf: {index: 1, cur=peers:[s3|localhost:15152, s4|localhost:15156, s0|localhost:15140, s1|localhost:15144, s2|localhost:15148]|listeners:[], old=null}
2024-10-07 19:12:14,905 [s0@group-F5D0649D4159-LeaderElection18] INFO  impl.LeaderElection (LeaderElection.java:logAndReturn(90)) - s0@group-F5D0649D4159-LeaderElection18: PRE_VOTE TIMEOUT received 1 response(s) and 2 exception(s):
2024-10-07 19:12:14,905 [s0@group-F5D0649D4159-LeaderElection18] INFO  impl.LeaderElection (LeaderElection.java:logAndReturn(94)) -   Response 0: s0<-s1#0:OK-t2
2024-10-07 19:12:14,905 [s0@group-F5D0649D4159-LeaderElection18] INFO  impl.LeaderElection (LogUtils.java:infoOrTrace(136)) -   Exception 1: java.util.concurrent.ExecutionException: org.apache.ratis.thirdparty.io.netty.channel.AbstractChannel$AnnotatedConnectException: finishConnect(..) failed: Connection refused: localhost/127.0.0.1:15156
2024-10-07 19:12:14,905 [s0@group-F5D0649D4159-LeaderElection18] INFO  impl.LeaderElection (LogUtils.java:infoOrTrace(136)) -   Exception 2: java.util.concurrent.ExecutionException: org.apache.ratis.thirdparty.io.netty.channel.AbstractChannel$AnnotatedConnectException: finishConnect(..) failed: Connection refused: localhost/127.0.0.1:15148
2024-10-07 19:12:14,906 [s0@group-F5D0649D4159-LeaderElection18] INFO  impl.LeaderElection (LeaderElection.java:askForVotes(339)) - s0@group-F5D0649D4159-LeaderElection18 PRE_VOTE round 41: result TIMEOUT
2024-10-07 19:12:14,906 [s0@group-F5D0649D4159-LeaderElection18] INFO  impl.LeaderElection (LeaderElection.java:askForVotes(337)) - s0@group-F5D0649D4159-LeaderElection18 PRE_VOTE round 42: submit vote requests at term 2 for conf: {index: 1, cur=peers:[s3|localhost:15152, s4|localhost:15156, s0|localhost:15140, s1|localhost:15144, s2|localhost:15148]|listeners:[], old=null}
2024-10-07 19:12:14,907 [NettyRpcService-workerGroup--thread3] INFO  server.RaftServer$Division (RaftServerImpl.java:requestVote(1443)) - s1@group-F5D0649D4159: receive requestVote(PRE_VOTE, s0, group-F5D0649D4159, 2, (t:2, i:2))
2024-10-07 19:12:14,907 [NettyRpcService-workerGroup--thread3] INFO  impl.VoteContext (VoteContext.java:log(49)) - s1@group-F5D0649D4159-CANDIDATE: accept PRE_VOTE from s0: our priority 0 <= candidate's priority 0
2024-10-07 19:12:14,907 [s0@group-F5D0649D4159-LeaderElection18] INFO  impl.LeaderElection (LogUtils.java:infoOrTrace(136)) - s0@group-F5D0649D4159-LeaderElection18 got exception when requesting votes: java.util.concurrent.ExecutionException: org.apache.ratis.thirdparty.io.netty.channel.AbstractChannel$AnnotatedConnectException: finishConnect(..) failed: Connection refused: localhost/127.0.0.1:15148
2024-10-07 19:12:14,907 [NettyRpcService-workerGroup--thread3] INFO  server.RaftServer$Division (RaftServerImpl.java:requestVote(1476)) - s1@group-F5D0649D4159 replies to PRE_VOTE vote request: s0<-s1#0:OK-t2. Peer's state: s1@group-F5D0649D4159:t2, leader=null, voted=s4, raftlog=Memoized:s1@group-F5D0649D4159-SegmentedRaftLog:OPENED:c2:last(t:2, i:2), conf=conf: {index: 1, cur=peers:[s3|localhost:15152, s4|localhost:15156, s0|localhost:15140, s1|localhost:15144, s2|localhost:15148]|listeners:[], old=null}
2024-10-07 19:12:14,907 [s0@group-F5D0649D4159-LeaderElection18] INFO  impl.LeaderElection (LogUtils.java:infoOrTrace(136)) - s0@group-F5D0649D4159-LeaderElection18 got exception when requesting votes: java.util.concurrent.ExecutionException: org.apache.ratis.thirdparty.io.netty.channel.AbstractChannel$AnnotatedConnectException: finishConnect(..) failed: Connection refused: localhost/127.0.0.1:15156
2024-10-07 19:12:14,946 [main] WARN  ratis.RaftTestUtil (RaftTestUtil.java:lambda$waitForLeader$3(126)) - Attempt #30 failed: java.lang.IllegalStateException: No leader yet : printing ALL groups
  s3:  RUNNING  FOLLOWER s3@group-F5D0649D4159:t1, leader=null, voted=null, raftlog=Memoized:s3@group-F5D0649D4159-SegmentedRaftLog:OPENED:c-1:lastnull, conf=conf: {index: -1, cur=peers:[s3|localhost:15152, s4|localhost:15156, s0|localhost:15140, s1|localhost:15144, s2|localhost:15148]|listeners:[], old=null} RUNNING
  s4:   CLOSED    LEADER s4@group-F5D0649D4159:t2, leader=s4, voted=s4, raftlog=Memoized:s4@group-F5D0649D4159-SegmentedRaftLog:CLOSED:c2, conf=conf: {index: 1, cur=peers:[s3|localhost:15152, s4|localhost:15156, s0|localhost:15140, s1|localhost:15144, s2|localhost:15148]|listeners:[], old=null} CLOSED
  s0:  RUNNING CANDIDATE s0@group-F5D0649D4159:t2, leader=null, voted=s4, raftlog=Memoized:s0@group-F5D0649D4159-SegmentedRaftLog:OPENED:c2:last(t:2, i:2), conf=conf: {index: 1, cur=peers:[s3|localhost:15152, s4|localhost:15156, s0|localhost:15140, s1|localhost:15144, s2|localhost:15148]|listeners:[], old=null} RUNNING
  s1:  RUNNING CANDIDATE s1@group-F5D0649D4159:t2, leader=null, voted=s4, raftlog=Memoized:s1@group-F5D0649D4159-SegmentedRaftLog:OPENED:c2:last(t:2, i:2), conf=conf: {index: 1, cur=peers:[s3|localhost:15152, s4|localhost:15156, s0|localhost:15140, s1|localhost:15144, s2|localhost:15148]|listeners:[], old=null} RUNNING
  s2:   CLOSED    LEADER s2@group-F5D0649D4159:t1, leader=s2, voted=s2, raftlog=Memoized:s2@group-F5D0649D4159-SegmentedRaftLog:CLOSED:c0, conf=conf: {index: 0, cur=peers:[s3|localhost:15152, s4|localhost:15156, s0|localhost:15140, s1|localhost:15144, s2|localhost:15148]|listeners:[], old=null} CLOSED
2024-10-07 19:12:14,989 [s1@group-F5D0649D4159-LeaderElection17] INFO  impl.LeaderElection (LeaderElection.java:logAndReturn(90)) - s1@group-F5D0649D4159-LeaderElection17: PRE_VOTE TIMEOUT received 1 response(s) and 2 exception(s):
2024-10-07 19:12:14,989 [s1@group-F5D0649D4159-LeaderElection17] INFO  impl.LeaderElection (LeaderElection.java:logAndReturn(94)) -   Response 0: s1<-s0#0:OK-t2
2024-10-07 19:12:14,989 [s1@group-F5D0649D4159-LeaderElection17] INFO  impl.LeaderElection (LogUtils.java:infoOrTrace(136)) -   Exception 1: java.util.concurrent.ExecutionException: org.apache.ratis.thirdparty.io.netty.channel.AbstractChannel$AnnotatedConnectException: finishConnect(..) failed: Connection refused: localhost/127.0.0.1:15156
2024-10-07 19:12:14,989 [s1@group-F5D0649D4159-LeaderElection17] INFO  impl.LeaderElection (LogUtils.java:infoOrTrace(136)) -   Exception 2: java.util.concurrent.ExecutionException: org.apache.ratis.thirdparty.io.netty.channel.AbstractChannel$AnnotatedConnectException: finishConnect(..) failed: Connection refused: localhost/127.0.0.1:15148
2024-10-07 19:12:14,989 [s1@group-F5D0649D4159-LeaderElection17] INFO  impl.LeaderElection (LeaderElection.java:askForVotes(339)) - s1@group-F5D0649D4159-LeaderElection17 PRE_VOTE round 57: result TIMEOUT
2024-10-07 19:12:14,989 [s1@group-F5D0649D4159-LeaderElection17] INFO  impl.LeaderElection (LeaderElection.java:askForVotes(337)) - s1@group-F5D0649D4159-LeaderElection17 PRE_VOTE round 58: submit vote requests at term 2 for conf: {index: 1, cur=peers:[s3|localhost:15152, s4|localhost:15156, s0|localhost:15140, s1|localhost:15144, s2|localhost:15148]|listeners:[], old=null}
2024-10-07 19:12:14,990 [NettyRpcService-workerGroup--thread3] INFO  server.RaftServer$Division (RaftServerImpl.java:requestVote(1443)) - s0@group-F5D0649D4159: receive requestVote(PRE_VOTE, s1, group-F5D0649D4159, 2, (t:2, i:2))
2024-10-07 19:12:14,990 [NettyRpcService-workerGroup--thread3] INFO  impl.VoteContext (VoteContext.java:log(49)) - s0@group-F5D0649D4159-CANDIDATE: accept PRE_VOTE from s1: our priority 0 <= candidate's priority 0
2024-10-07 19:12:14,990 [NettyRpcService-workerGroup--thread3] INFO  server.RaftServer$Division (RaftServerImpl.java:requestVote(1476)) - s0@group-F5D0649D4159 replies to PRE_VOTE vote request: s1<-s0#0:OK-t2. Peer's state: s0@group-F5D0649D4159:t2, leader=null, voted=s4, raftlog=Memoized:s0@group-F5D0649D4159-SegmentedRaftLog:OPENED:c2:last(t:2, i:2), conf=conf: {index: 1, cur=peers:[s3|localhost:15152, s4|localhost:15156, s0|localhost:15140, s1|localhost:15144, s2|localhost:15148]|listeners:[], old=null}
2024-10-07 19:12:14,990 [s1@group-F5D0649D4159-LeaderElection17] INFO  impl.LeaderElection (LogUtils.java:infoOrTrace(136)) - s1@group-F5D0649D4159-LeaderElection17 got exception when requesting votes: java.util.concurrent.ExecutionException: org.apache.ratis.thirdparty.io.netty.channel.AbstractChannel$AnnotatedConnectException: finishConnect(..) failed: Connection refused: localhost/127.0.0.1:15148
2024-10-07 19:12:14,990 [s1@group-F5D0649D4159-LeaderElection17] INFO  impl.LeaderElection (LogUtils.java:infoOrTrace(136)) - s1@group-F5D0649D4159-LeaderElection17 got exception when requesting votes: java.util.concurrent.ExecutionException: org.apache.ratis.thirdparty.io.netty.channel.AbstractChannel$AnnotatedConnectException: finishConnect(..) failed: Connection refused: localhost/127.0.0.1:15156
2024-10-07 19:12:15,157 [s0@group-F5D0649D4159-LeaderElection18] INFO  impl.LeaderElection (LeaderElection.java:logAndReturn(90)) - s0@group-F5D0649D4159-LeaderElection18: PRE_VOTE TIMEOUT received 1 response(s) and 2 exception(s):
2024-10-07 19:12:15,158 [s0@group-F5D0649D4159-LeaderElection18] INFO  impl.LeaderElection (LeaderElection.java:logAndReturn(94)) -   Response 0: s0<-s1#0:OK-t2
2024-10-07 19:12:15,158 [s0@group-F5D0649D4159-LeaderElection18] INFO  impl.LeaderElection (LogUtils.java:infoOrTrace(136)) -   Exception 1: java.util.concurrent.ExecutionException: org.apache.ratis.thirdparty.io.netty.channel.AbstractChannel$AnnotatedConnectException: finishConnect(..) failed: Connection refused: localhost/127.0.0.1:15148
2024-10-07 19:12:15,158 [s0@group-F5D0649D4159-LeaderElection18] INFO  impl.LeaderElection (LogUtils.java:infoOrTrace(136)) -   Exception 2: java.util.concurrent.ExecutionException: org.apache.ratis.thirdparty.io.netty.channel.AbstractChannel$AnnotatedConnectException: finishConnect(..) failed: Connection refused: localhost/127.0.0.1:15156
2024-10-07 19:12:15,158 [s0@group-F5D0649D4159-LeaderElection18] INFO  impl.LeaderElection (LeaderElection.java:askForVotes(339)) - s0@group-F5D0649D4159-LeaderElection18 PRE_VOTE round 42: result TIMEOUT
2024-10-07 19:12:15,158 [s0@group-F5D0649D4159-LeaderElection18] INFO  impl.LeaderElection (LeaderElection.java:askForVotes(337)) - s0@group-F5D0649D4159-LeaderElection18 PRE_VOTE round 43: submit vote requests at term 2 for conf: {index: 1, cur=peers:[s3|localhost:15152, s4|localhost:15156, s0|localhost:15140, s1|localhost:15144, s2|localhost:15148]|listeners:[], old=null}
2024-10-07 19:12:15,159 [NettyRpcService-workerGroup--thread3] INFO  server.RaftServer$Division (RaftServerImpl.java:requestVote(1443)) - s1@group-F5D0649D4159: receive requestVote(PRE_VOTE, s0, group-F5D0649D4159, 2, (t:2, i:2))
2024-10-07 19:12:15,159 [NettyRpcService-workerGroup--thread3] INFO  impl.VoteContext (VoteContext.java:log(49)) - s1@group-F5D0649D4159-CANDIDATE: accept PRE_VOTE from s0: our priority 0 <= candidate's priority 0
2024-10-07 19:12:15,159 [NettyRpcService-workerGroup--thread3] INFO  server.RaftServer$Division (RaftServerImpl.java:requestVote(1476)) - s1@group-F5D0649D4159 replies to PRE_VOTE vote request: s0<-s1#0:OK-t2. Peer's state: s1@group-F5D0649D4159:t2, leader=null, voted=s4, raftlog=Memoized:s1@group-F5D0649D4159-SegmentedRaftLog:OPENED:c2:last(t:2, i:2), conf=conf: {index: 1, cur=peers:[s3|localhost:15152, s4|localhost:15156, s0|localhost:15140, s1|localhost:15144, s2|localhost:15148]|listeners:[], old=null}
2024-10-07 19:12:15,160 [s0@group-F5D0649D4159-LeaderElection18] INFO  impl.LeaderElection (LogUtils.java:infoOrTrace(136)) - s0@group-F5D0649D4159-LeaderElection18 got exception when requesting votes: java.util.concurrent.ExecutionException: org.apache.ratis.thirdparty.io.netty.channel.AbstractChannel$AnnotatedConnectException: finishConnect(..) failed: Connection refused: localhost/127.0.0.1:15148
2024-10-07 19:12:15,160 [s0@group-F5D0649D4159-LeaderElection18] INFO  impl.LeaderElection (LogUtils.java:infoOrTrace(136)) - s0@group-F5D0649D4159-LeaderElection18 got exception when requesting votes: java.util.concurrent.ExecutionException: org.apache.ratis.thirdparty.io.netty.channel.AbstractChannel$AnnotatedConnectException: finishConnect(..) failed: Connection refused: localhost/127.0.0.1:15156
2024-10-07 19:12:15,271 [s1@group-F5D0649D4159-LeaderElection17] INFO  impl.LeaderElection (LeaderElection.java:logAndReturn(90)) - s1@group-F5D0649D4159-LeaderElection17: PRE_VOTE TIMEOUT received 1 response(s) and 2 exception(s):
2024-10-07 19:12:15,271 [s1@group-F5D0649D4159-LeaderElection17] INFO  impl.LeaderElection (LeaderElection.java:logAndReturn(94)) -   Response 0: s1<-s0#0:OK-t2
2024-10-07 19:12:15,271 [s1@group-F5D0649D4159-LeaderElection17] INFO  impl.LeaderElection (LogUtils.java:infoOrTrace(136)) -   Exception 1: java.util.concurrent.ExecutionException: org.apache.ratis.thirdparty.io.netty.channel.AbstractChannel$AnnotatedConnectException: finishConnect(..) failed: Connection refused: localhost/127.0.0.1:15148
2024-10-07 19:12:15,271 [s1@group-F5D0649D4159-LeaderElection17] INFO  impl.LeaderElection (LogUtils.java:infoOrTrace(136)) -   Exception 2: java.util.concurrent.ExecutionException: org.apache.ratis.thirdparty.io.netty.channel.AbstractChannel$AnnotatedConnectException: finishConnect(..) failed: Connection refused: localhost/127.0.0.1:15156
2024-10-07 19:12:15,271 [s1@group-F5D0649D4159-LeaderElection17] INFO  impl.LeaderElection (LeaderElection.java:askForVotes(339)) - s1@group-F5D0649D4159-LeaderElection17 PRE_VOTE round 58: result TIMEOUT
2024-10-07 19:12:15,271 [s1@group-F5D0649D4159-LeaderElection17] INFO  impl.LeaderElection (LeaderElection.java:askForVotes(337)) - s1@group-F5D0649D4159-LeaderElection17 PRE_VOTE round 59: submit vote requests at term 2 for conf: {index: 1, cur=peers:[s3|localhost:15152, s4|localhost:15156, s0|localhost:15140, s1|localhost:15144, s2|localhost:15148]|listeners:[], old=null}
2024-10-07 19:12:15,272 [NettyRpcService-workerGroup--thread3] INFO  server.RaftServer$Division (RaftServerImpl.java:requestVote(1443)) - s0@group-F5D0649D4159: receive requestVote(PRE_VOTE, s1, group-F5D0649D4159, 2, (t:2, i:2))
2024-10-07 19:12:15,272 [s1@group-F5D0649D4159-LeaderElection17] INFO  impl.LeaderElection (LogUtils.java:infoOrTrace(136)) - s1@group-F5D0649D4159-LeaderElection17 got exception when requesting votes: java.util.concurrent.ExecutionException: org.apache.ratis.thirdparty.io.netty.channel.AbstractChannel$AnnotatedConnectException: finishConnect(..) failed: Connection refused: localhost/127.0.0.1:15156
2024-10-07 19:12:15,272 [NettyRpcService-workerGroup--thread3] INFO  impl.VoteContext (VoteContext.java:log(49)) - s0@group-F5D0649D4159-CANDIDATE: accept PRE_VOTE from s1: our priority 0 <= candidate's priority 0
2024-10-07 19:12:15,272 [s1@group-F5D0649D4159-LeaderElection17] INFO  impl.LeaderElection (LogUtils.java:infoOrTrace(136)) - s1@group-F5D0649D4159-LeaderElection17 got exception when requesting votes: java.util.concurrent.ExecutionException: org.apache.ratis.thirdparty.io.netty.channel.AbstractChannel$AnnotatedConnectException: finishConnect(..) failed: Connection refused: localhost/127.0.0.1:15148
2024-10-07 19:12:15,273 [NettyRpcService-workerGroup--thread3] INFO  server.RaftServer$Division (RaftServerImpl.java:requestVote(1476)) - s0@group-F5D0649D4159 replies to PRE_VOTE vote request: s1<-s0#0:OK-t2. Peer's state: s0@group-F5D0649D4159:t2, leader=null, voted=s4, raftlog=Memoized:s0@group-F5D0649D4159-SegmentedRaftLog:OPENED:c2:last(t:2, i:2), conf=conf: {index: 1, cur=peers:[s3|localhost:15152, s4|localhost:15156, s0|localhost:15140, s1|localhost:15144, s2|localhost:15148]|listeners:[], old=null}
2024-10-07 19:12:15,350 [s0@group-F5D0649D4159-LeaderElection18] INFO  impl.LeaderElection (LeaderElection.java:logAndReturn(90)) - s0@group-F5D0649D4159-LeaderElection18: PRE_VOTE TIMEOUT received 1 response(s) and 2 exception(s):
2024-10-07 19:12:15,350 [s0@group-F5D0649D4159-LeaderElection18] INFO  impl.LeaderElection (LeaderElection.java:logAndReturn(94)) -   Response 0: s0<-s1#0:OK-t2
2024-10-07 19:12:15,350 [s0@group-F5D0649D4159-LeaderElection18] INFO  impl.LeaderElection (LogUtils.java:infoOrTrace(136)) -   Exception 1: java.util.concurrent.ExecutionException: org.apache.ratis.thirdparty.io.netty.channel.AbstractChannel$AnnotatedConnectException: finishConnect(..) failed: Connection refused: localhost/127.0.0.1:15148
2024-10-07 19:12:15,350 [s0@group-F5D0649D4159-LeaderElection18] INFO  impl.LeaderElection (LogUtils.java:infoOrTrace(136)) -   Exception 2: java.util.concurrent.ExecutionException: org.apache.ratis.thirdparty.io.netty.channel.AbstractChannel$AnnotatedConnectException: finishConnect(..) failed: Connection refused: localhost/127.0.0.1:15156
2024-10-07 19:12:15,350 [s0@group-F5D0649D4159-LeaderElection18] INFO  impl.LeaderElection (LeaderElection.java:askForVotes(339)) - s0@group-F5D0649D4159-LeaderElection18 PRE_VOTE round 43: result TIMEOUT
2024-10-07 19:12:15,350 [s0@group-F5D0649D4159-LeaderElection18] INFO  impl.LeaderElection (LeaderElection.java:askForVotes(337)) - s0@group-F5D0649D4159-LeaderElection18 PRE_VOTE round 44: submit vote requests at term 2 for conf: {index: 1, cur=peers:[s3|localhost:15152, s4|localhost:15156, s0|localhost:15140, s1|localhost:15144, s2|localhost:15148]|listeners:[], old=null}
2024-10-07 19:12:15,351 [NettyRpcService-workerGroup--thread3] INFO  server.RaftServer$Division (RaftServerImpl.java:requestVote(1443)) - s1@group-F5D0649D4159: receive requestVote(PRE_VOTE, s0, group-F5D0649D4159, 2, (t:2, i:2))
2024-10-07 19:12:15,351 [NettyRpcService-workerGroup--thread3] INFO  impl.VoteContext (VoteContext.java:log(49)) - s1@group-F5D0649D4159-CANDIDATE: accept PRE_VOTE from s0: our priority 0 <= candidate's priority 0
2024-10-07 19:12:15,351 [NettyRpcService-workerGroup--thread3] INFO  server.RaftServer$Division (RaftServerImpl.java:requestVote(1476)) - s1@group-F5D0649D4159 replies to PRE_VOTE vote request: s0<-s1#0:OK-t2. Peer's state: s1@group-F5D0649D4159:t2, leader=null, voted=s4, raftlog=Memoized:s1@group-F5D0649D4159-SegmentedRaftLog:OPENED:c2:last(t:2, i:2), conf=conf: {index: 1, cur=peers:[s3|localhost:15152, s4|localhost:15156, s0|localhost:15140, s1|localhost:15144, s2|localhost:15148]|listeners:[], old=null}
2024-10-07 19:12:15,351 [s0@group-F5D0649D4159-LeaderElection18] INFO  impl.LeaderElection (LogUtils.java:infoOrTrace(136)) - s0@group-F5D0649D4159-LeaderElection18 got exception when requesting votes: java.util.concurrent.ExecutionException: org.apache.ratis.thirdparty.io.netty.channel.AbstractChannel$AnnotatedConnectException: finishConnect(..) failed: Connection refused: localhost/127.0.0.1:15148
2024-10-07 19:12:15,352 [s0@group-F5D0649D4159-LeaderElection18] INFO  impl.LeaderElection (LogUtils.java:infoOrTrace(136)) - s0@group-F5D0649D4159-LeaderElection18 got exception when requesting votes: java.util.concurrent.ExecutionException: org.apache.ratis.thirdparty.io.netty.channel.AbstractChannel$AnnotatedConnectException: finishConnect(..) failed: Connection refused: localhost/127.0.0.1:15156
2024-10-07 19:12:15,396 [main] WARN  ratis.RaftTestUtil (RaftTestUtil.java:lambda$waitForLeader$3(126)) - Attempt #31 failed: java.lang.IllegalStateException: No leader yet : printing ALL groups
  s3:  RUNNING  FOLLOWER s3@group-F5D0649D4159:t1, leader=null, voted=null, raftlog=Memoized:s3@group-F5D0649D4159-SegmentedRaftLog:OPENED:c-1:lastnull, conf=conf: {index: -1, cur=peers:[s3|localhost:15152, s4|localhost:15156, s0|localhost:15140, s1|localhost:15144, s2|localhost:15148]|listeners:[], old=null} RUNNING
  s4:   CLOSED    LEADER s4@group-F5D0649D4159:t2, leader=s4, voted=s4, raftlog=Memoized:s4@group-F5D0649D4159-SegmentedRaftLog:CLOSED:c2, conf=conf: {index: 1, cur=peers:[s3|localhost:15152, s4|localhost:15156, s0|localhost:15140, s1|localhost:15144, s2|localhost:15148]|listeners:[], old=null} CLOSED
  s0:  RUNNING CANDIDATE s0@group-F5D0649D4159:t2, leader=null, voted=s4, raftlog=Memoized:s0@group-F5D0649D4159-SegmentedRaftLog:OPENED:c2:last(t:2, i:2), conf=conf: {index: 1, cur=peers:[s3|localhost:15152, s4|localhost:15156, s0|localhost:15140, s1|localhost:15144, s2|localhost:15148]|listeners:[], old=null} RUNNING
  s1:  RUNNING CANDIDATE s1@group-F5D0649D4159:t2, leader=null, voted=s4, raftlog=Memoized:s1@group-F5D0649D4159-SegmentedRaftLog:OPENED:c2:last(t:2, i:2), conf=conf: {index: 1, cur=peers:[s3|localhost:15152, s4|localhost:15156, s0|localhost:15140, s1|localhost:15144, s2|localhost:15148]|listeners:[], old=null} RUNNING
  s2:   CLOSED    LEADER s2@group-F5D0649D4159:t1, leader=s2, voted=s2, raftlog=Memoized:s2@group-F5D0649D4159-SegmentedRaftLog:CLOSED:c0, conf=conf: {index: 0, cur=peers:[s3|localhost:15152, s4|localhost:15156, s0|localhost:15140, s1|localhost:15144, s2|localhost:15148]|listeners:[], old=null} CLOSED
2024-10-07 19:12:15,510 [s0@group-F5D0649D4159-LeaderElection18] INFO  impl.LeaderElection (LeaderElection.java:logAndReturn(90)) - s0@group-F5D0649D4159-LeaderElection18: PRE_VOTE TIMEOUT received 1 response(s) and 2 exception(s):
2024-10-07 19:12:15,510 [s0@group-F5D0649D4159-LeaderElection18] INFO  impl.LeaderElection (LeaderElection.java:logAndReturn(94)) -   Response 0: s0<-s1#0:OK-t2
2024-10-07 19:12:15,510 [s0@group-F5D0649D4159-LeaderElection18] INFO  impl.LeaderElection (LogUtils.java:infoOrTrace(136)) -   Exception 1: java.util.concurrent.ExecutionException: org.apache.ratis.thirdparty.io.netty.channel.AbstractChannel$AnnotatedConnectException: finishConnect(..) failed: Connection refused: localhost/127.0.0.1:15148
2024-10-07 19:12:15,510 [s0@group-F5D0649D4159-LeaderElection18] INFO  impl.LeaderElection (LogUtils.java:infoOrTrace(136)) -   Exception 2: java.util.concurrent.ExecutionException: org.apache.ratis.thirdparty.io.netty.channel.AbstractChannel$AnnotatedConnectException: finishConnect(..) failed: Connection refused: localhost/127.0.0.1:15156
2024-10-07 19:12:15,510 [s0@group-F5D0649D4159-LeaderElection18] INFO  impl.LeaderElection (LeaderElection.java:askForVotes(339)) - s0@group-F5D0649D4159-LeaderElection18 PRE_VOTE round 44: result TIMEOUT
2024-10-07 19:12:15,510 [s0@group-F5D0649D4159-LeaderElection18] INFO  impl.LeaderElection (LeaderElection.java:askForVotes(337)) - s0@group-F5D0649D4159-LeaderElection18 PRE_VOTE round 45: submit vote requests at term 2 for conf: {index: 1, cur=peers:[s3|localhost:15152, s4|localhost:15156, s0|localhost:15140, s1|localhost:15144, s2|localhost:15148]|listeners:[], old=null}
2024-10-07 19:12:15,511 [NettyRpcService-workerGroup--thread3] INFO  server.RaftServer$Division (RaftServerImpl.java:requestVote(1443)) - s1@group-F5D0649D4159: receive requestVote(PRE_VOTE, s0, group-F5D0649D4159, 2, (t:2, i:2))
2024-10-07 19:12:15,511 [NettyRpcService-workerGroup--thread3] INFO  impl.VoteContext (VoteContext.java:log(49)) - s1@group-F5D0649D4159-CANDIDATE: accept PRE_VOTE from s0: our priority 0 <= candidate's priority 0
2024-10-07 19:12:15,511 [s0@group-F5D0649D4159-LeaderElection18] INFO  impl.LeaderElection (LogUtils.java:infoOrTrace(136)) - s0@group-F5D0649D4159-LeaderElection18 got exception when requesting votes: java.util.concurrent.ExecutionException: org.apache.ratis.thirdparty.io.netty.channel.AbstractChannel$AnnotatedConnectException: finishConnect(..) failed: Connection refused: localhost/127.0.0.1:15156
2024-10-07 19:12:15,511 [NettyRpcService-workerGroup--thread3] INFO  server.RaftServer$Division (RaftServerImpl.java:requestVote(1476)) - s1@group-F5D0649D4159 replies to PRE_VOTE vote request: s0<-s1#0:OK-t2. Peer's state: s1@group-F5D0649D4159:t2, leader=null, voted=s4, raftlog=Memoized:s1@group-F5D0649D4159-SegmentedRaftLog:OPENED:c2:last(t:2, i:2), conf=conf: {index: 1, cur=peers:[s3|localhost:15152, s4|localhost:15156, s0|localhost:15140, s1|localhost:15144, s2|localhost:15148]|listeners:[], old=null}
2024-10-07 19:12:15,512 [s0@group-F5D0649D4159-LeaderElection18] INFO  impl.LeaderElection (LogUtils.java:infoOrTrace(136)) - s0@group-F5D0649D4159-LeaderElection18 got exception when requesting votes: java.util.concurrent.ExecutionException: org.apache.ratis.thirdparty.io.netty.channel.AbstractChannel$AnnotatedConnectException: finishConnect(..) failed: Connection refused: localhost/127.0.0.1:15148
2024-10-07 19:12:15,545 [s1@group-F5D0649D4159-LeaderElection17] INFO  impl.LeaderElection (LeaderElection.java:logAndReturn(90)) - s1@group-F5D0649D4159-LeaderElection17: PRE_VOTE TIMEOUT received 1 response(s) and 2 exception(s):
2024-10-07 19:12:15,545 [s1@group-F5D0649D4159-LeaderElection17] INFO  impl.LeaderElection (LeaderElection.java:logAndReturn(94)) -   Response 0: s1<-s0#0:OK-t2
2024-10-07 19:12:15,545 [s1@group-F5D0649D4159-LeaderElection17] INFO  impl.LeaderElection (LogUtils.java:infoOrTrace(136)) -   Exception 1: java.util.concurrent.ExecutionException: org.apache.ratis.thirdparty.io.netty.channel.AbstractChannel$AnnotatedConnectException: finishConnect(..) failed: Connection refused: localhost/127.0.0.1:15156
2024-10-07 19:12:15,545 [s1@group-F5D0649D4159-LeaderElection17] INFO  impl.LeaderElection (LogUtils.java:infoOrTrace(136)) -   Exception 2: java.util.concurrent.ExecutionException: org.apache.ratis.thirdparty.io.netty.channel.AbstractChannel$AnnotatedConnectException: finishConnect(..) failed: Connection refused: localhost/127.0.0.1:15148
2024-10-07 19:12:15,545 [s1@group-F5D0649D4159-LeaderElection17] INFO  impl.LeaderElection (LeaderElection.java:askForVotes(339)) - s1@group-F5D0649D4159-LeaderElection17 PRE_VOTE round 59: result TIMEOUT
2024-10-07 19:12:15,545 [s1@group-F5D0649D4159-LeaderElection17] INFO  impl.LeaderElection (LeaderElection.java:askForVotes(337)) - s1@group-F5D0649D4159-LeaderElection17 PRE_VOTE round 60: submit vote requests at term 2 for conf: {index: 1, cur=peers:[s3|localhost:15152, s4|localhost:15156, s0|localhost:15140, s1|localhost:15144, s2|localhost:15148]|listeners:[], old=null}
2024-10-07 19:12:15,546 [NettyRpcService-workerGroup--thread3] INFO  server.RaftServer$Division (RaftServerImpl.java:requestVote(1443)) - s0@group-F5D0649D4159: receive requestVote(PRE_VOTE, s1, group-F5D0649D4159, 2, (t:2, i:2))
2024-10-07 19:12:15,546 [s1@group-F5D0649D4159-LeaderElection17] INFO  impl.LeaderElection (LogUtils.java:infoOrTrace(136)) - s1@group-F5D0649D4159-LeaderElection17 got exception when requesting votes: java.util.concurrent.ExecutionException: org.apache.ratis.thirdparty.io.netty.channel.AbstractChannel$AnnotatedConnectException: finishConnect(..) failed: Connection refused: localhost/127.0.0.1:15156
2024-10-07 19:12:15,546 [NettyRpcService-workerGroup--thread3] INFO  impl.VoteContext (VoteContext.java:log(49)) - s0@group-F5D0649D4159-CANDIDATE: accept PRE_VOTE from s1: our priority 0 <= candidate's priority 0
2024-10-07 19:12:15,546 [s1@group-F5D0649D4159-LeaderElection17] INFO  impl.LeaderElection (LogUtils.java:infoOrTrace(136)) - s1@group-F5D0649D4159-LeaderElection17 got exception when requesting votes: java.util.concurrent.ExecutionException: org.apache.ratis.thirdparty.io.netty.channel.AbstractChannel$AnnotatedConnectException: finishConnect(..) failed: Connection refused: localhost/127.0.0.1:15148
2024-10-07 19:12:15,546 [NettyRpcService-workerGroup--thread3] INFO  server.RaftServer$Division (RaftServerImpl.java:requestVote(1476)) - s0@group-F5D0649D4159 replies to PRE_VOTE vote request: s1<-s0#0:OK-t2. Peer's state: s0@group-F5D0649D4159:t2, leader=null, voted=s4, raftlog=Memoized:s0@group-F5D0649D4159-SegmentedRaftLog:OPENED:c2:last(t:2, i:2), conf=conf: {index: 1, cur=peers:[s3|localhost:15152, s4|localhost:15156, s0|localhost:15140, s1|localhost:15144, s2|localhost:15148]|listeners:[], old=null}
2024-10-07 19:12:15,766 [s0@group-F5D0649D4159-LeaderElection18] INFO  impl.LeaderElection (LeaderElection.java:logAndReturn(90)) - s0@group-F5D0649D4159-LeaderElection18: PRE_VOTE TIMEOUT received 1 response(s) and 2 exception(s):
2024-10-07 19:12:15,766 [s0@group-F5D0649D4159-LeaderElection18] INFO  impl.LeaderElection (LeaderElection.java:logAndReturn(94)) -   Response 0: s0<-s1#0:OK-t2
2024-10-07 19:12:15,766 [s0@group-F5D0649D4159-LeaderElection18] INFO  impl.LeaderElection (LogUtils.java:infoOrTrace(136)) -   Exception 1: java.util.concurrent.ExecutionException: org.apache.ratis.thirdparty.io.netty.channel.AbstractChannel$AnnotatedConnectException: finishConnect(..) failed: Connection refused: localhost/127.0.0.1:15156
2024-10-07 19:12:15,766 [s0@group-F5D0649D4159-LeaderElection18] INFO  impl.LeaderElection (LogUtils.java:infoOrTrace(136)) -   Exception 2: java.util.concurrent.ExecutionException: org.apache.ratis.thirdparty.io.netty.channel.AbstractChannel$AnnotatedConnectException: finishConnect(..) failed: Connection refused: localhost/127.0.0.1:15148
2024-10-07 19:12:15,766 [s0@group-F5D0649D4159-LeaderElection18] INFO  impl.LeaderElection (LeaderElection.java:askForVotes(339)) - s0@group-F5D0649D4159-LeaderElection18 PRE_VOTE round 45: result TIMEOUT
2024-10-07 19:12:15,766 [s0@group-F5D0649D4159-LeaderElection18] INFO  impl.LeaderElection (LeaderElection.java:askForVotes(337)) - s0@group-F5D0649D4159-LeaderElection18 PRE_VOTE round 46: submit vote requests at term 2 for conf: {index: 1, cur=peers:[s3|localhost:15152, s4|localhost:15156, s0|localhost:15140, s1|localhost:15144, s2|localhost:15148]|listeners:[], old=null}
2024-10-07 19:12:15,767 [NettyRpcService-workerGroup--thread3] INFO  server.RaftServer$Division (RaftServerImpl.java:requestVote(1443)) - s1@group-F5D0649D4159: receive requestVote(PRE_VOTE, s0, group-F5D0649D4159, 2, (t:2, i:2))
2024-10-07 19:12:15,767 [NettyRpcService-workerGroup--thread3] INFO  impl.VoteContext (VoteContext.java:log(49)) - s1@group-F5D0649D4159-CANDIDATE: accept PRE_VOTE from s0: our priority 0 <= candidate's priority 0
2024-10-07 19:12:15,767 [s0@group-F5D0649D4159-LeaderElection18] INFO  impl.LeaderElection (LogUtils.java:infoOrTrace(136)) - s0@group-F5D0649D4159-LeaderElection18 got exception when requesting votes: java.util.concurrent.ExecutionException: org.apache.ratis.thirdparty.io.netty.channel.AbstractChannel$AnnotatedConnectException: finishConnect(..) failed: Connection refused: localhost/127.0.0.1:15156
2024-10-07 19:12:15,767 [NettyRpcService-workerGroup--thread3] INFO  server.RaftServer$Division (RaftServerImpl.java:requestVote(1476)) - s1@group-F5D0649D4159 replies to PRE_VOTE vote request: s0<-s1#0:OK-t2. Peer's state: s1@group-F5D0649D4159:t2, leader=null, voted=s4, raftlog=Memoized:s1@group-F5D0649D4159-SegmentedRaftLog:OPENED:c2:last(t:2, i:2), conf=conf: {index: 1, cur=peers:[s3|localhost:15152, s4|localhost:15156, s0|localhost:15140, s1|localhost:15144, s2|localhost:15148]|listeners:[], old=null}
2024-10-07 19:12:15,767 [s0@group-F5D0649D4159-LeaderElection18] INFO  impl.LeaderElection (LogUtils.java:infoOrTrace(136)) - s0@group-F5D0649D4159-LeaderElection18 got exception when requesting votes: java.util.concurrent.ExecutionException: org.apache.ratis.thirdparty.io.netty.channel.AbstractChannel$AnnotatedConnectException: finishConnect(..) failed: Connection refused: localhost/127.0.0.1:15148
2024-10-07 19:12:15,830 [s1@group-F5D0649D4159-LeaderElection17] INFO  impl.LeaderElection (LeaderElection.java:logAndReturn(90)) - s1@group-F5D0649D4159-LeaderElection17: PRE_VOTE TIMEOUT received 1 response(s) and 2 exception(s):
2024-10-07 19:12:15,830 [s1@group-F5D0649D4159-LeaderElection17] INFO  impl.LeaderElection (LeaderElection.java:logAndReturn(94)) -   Response 0: s1<-s0#0:OK-t2
2024-10-07 19:12:15,830 [s1@group-F5D0649D4159-LeaderElection17] INFO  impl.LeaderElection (LogUtils.java:infoOrTrace(136)) -   Exception 1: java.util.concurrent.ExecutionException: org.apache.ratis.thirdparty.io.netty.channel.AbstractChannel$AnnotatedConnectException: finishConnect(..) failed: Connection refused: localhost/127.0.0.1:15156
2024-10-07 19:12:15,830 [s1@group-F5D0649D4159-LeaderElection17] INFO  impl.LeaderElection (LogUtils.java:infoOrTrace(136)) -   Exception 2: java.util.concurrent.ExecutionException: org.apache.ratis.thirdparty.io.netty.channel.AbstractChannel$AnnotatedConnectException: finishConnect(..) failed: Connection refused: localhost/127.0.0.1:15148
2024-10-07 19:12:15,830 [s1@group-F5D0649D4159-LeaderElection17] INFO  impl.LeaderElection (LeaderElection.java:askForVotes(339)) - s1@group-F5D0649D4159-LeaderElection17 PRE_VOTE round 60: result TIMEOUT
2024-10-07 19:12:15,830 [s1@group-F5D0649D4159-LeaderElection17] INFO  impl.LeaderElection (LeaderElection.java:askForVotes(337)) - s1@group-F5D0649D4159-LeaderElection17 PRE_VOTE round 61: submit vote requests at term 2 for conf: {index: 1, cur=peers:[s3|localhost:15152, s4|localhost:15156, s0|localhost:15140, s1|localhost:15144, s2|localhost:15148]|listeners:[], old=null}
2024-10-07 19:12:15,831 [NettyRpcService-workerGroup--thread3] INFO  server.RaftServer$Division (RaftServerImpl.java:requestVote(1443)) - s0@group-F5D0649D4159: receive requestVote(PRE_VOTE, s1, group-F5D0649D4159, 2, (t:2, i:2))
2024-10-07 19:12:15,831 [NettyRpcService-workerGroup--thread3] INFO  impl.VoteContext (VoteContext.java:log(49)) - s0@group-F5D0649D4159-CANDIDATE: accept PRE_VOTE from s1: our priority 0 <= candidate's priority 0
2024-10-07 19:12:15,832 [s1@group-F5D0649D4159-LeaderElection17] INFO  impl.LeaderElection (LogUtils.java:infoOrTrace(136)) - s1@group-F5D0649D4159-LeaderElection17 got exception when requesting votes: java.util.concurrent.ExecutionException: org.apache.ratis.thirdparty.io.netty.channel.AbstractChannel$AnnotatedConnectException: finishConnect(..) failed: Connection refused: localhost/127.0.0.1:15156
2024-10-07 19:12:15,832 [NettyRpcService-workerGroup--thread3] INFO  server.RaftServer$Division (RaftServerImpl.java:requestVote(1476)) - s0@group-F5D0649D4159 replies to PRE_VOTE vote request: s1<-s0#0:OK-t2. Peer's state: s0@group-F5D0649D4159:t2, leader=null, voted=s4, raftlog=Memoized:s0@group-F5D0649D4159-SegmentedRaftLog:OPENED:c2:last(t:2, i:2), conf=conf: {index: 1, cur=peers:[s3|localhost:15152, s4|localhost:15156, s0|localhost:15140, s1|localhost:15144, s2|localhost:15148]|listeners:[], old=null}
2024-10-07 19:12:15,832 [s1@group-F5D0649D4159-LeaderElection17] INFO  impl.LeaderElection (LogUtils.java:infoOrTrace(136)) - s1@group-F5D0649D4159-LeaderElection17 got exception when requesting votes: java.util.concurrent.ExecutionException: org.apache.ratis.thirdparty.io.netty.channel.AbstractChannel$AnnotatedConnectException: finishConnect(..) failed: Connection refused: localhost/127.0.0.1:15148
2024-10-07 19:12:15,847 [main] WARN  ratis.RaftTestUtil (RaftTestUtil.java:lambda$waitForLeader$3(126)) - Attempt #32 failed: java.lang.IllegalStateException: No leader yet : printing ALL groups
  s3:  RUNNING  FOLLOWER s3@group-F5D0649D4159:t1, leader=null, voted=null, raftlog=Memoized:s3@group-F5D0649D4159-SegmentedRaftLog:OPENED:c-1:lastnull, conf=conf: {index: -1, cur=peers:[s3|localhost:15152, s4|localhost:15156, s0|localhost:15140, s1|localhost:15144, s2|localhost:15148]|listeners:[], old=null} RUNNING
  s4:   CLOSED    LEADER s4@group-F5D0649D4159:t2, leader=s4, voted=s4, raftlog=Memoized:s4@group-F5D0649D4159-SegmentedRaftLog:CLOSED:c2, conf=conf: {index: 1, cur=peers:[s3|localhost:15152, s4|localhost:15156, s0|localhost:15140, s1|localhost:15144, s2|localhost:15148]|listeners:[], old=null} CLOSED
  s0:  RUNNING CANDIDATE s0@group-F5D0649D4159:t2, leader=null, voted=s4, raftlog=Memoized:s0@group-F5D0649D4159-SegmentedRaftLog:OPENED:c2:last(t:2, i:2), conf=conf: {index: 1, cur=peers:[s3|localhost:15152, s4|localhost:15156, s0|localhost:15140, s1|localhost:15144, s2|localhost:15148]|listeners:[], old=null} RUNNING
  s1:  RUNNING CANDIDATE s1@group-F5D0649D4159:t2, leader=null, voted=s4, raftlog=Memoized:s1@group-F5D0649D4159-SegmentedRaftLog:OPENED:c2:last(t:2, i:2), conf=conf: {index: 1, cur=peers:[s3|localhost:15152, s4|localhost:15156, s0|localhost:15140, s1|localhost:15144, s2|localhost:15148]|listeners:[], old=null} RUNNING
  s2:   CLOSED    LEADER s2@group-F5D0649D4159:t1, leader=s2, voted=s2, raftlog=Memoized:s2@group-F5D0649D4159-SegmentedRaftLog:CLOSED:c0, conf=conf: {index: 0, cur=peers:[s3|localhost:15152, s4|localhost:15156, s0|localhost:15140, s1|localhost:15144, s2|localhost:15148]|listeners:[], old=null} CLOSED
2024-10-07 19:12:16,012 [s1@group-F5D0649D4159-LeaderElection17] INFO  impl.LeaderElection (LeaderElection.java:logAndReturn(90)) - s1@group-F5D0649D4159-LeaderElection17: PRE_VOTE TIMEOUT received 1 response(s) and 2 exception(s):
2024-10-07 19:12:16,012 [s1@group-F5D0649D4159-LeaderElection17] INFO  impl.LeaderElection (LeaderElection.java:logAndReturn(94)) -   Response 0: s1<-s0#0:OK-t2
2024-10-07 19:12:16,012 [s1@group-F5D0649D4159-LeaderElection17] INFO  impl.LeaderElection (LogUtils.java:infoOrTrace(136)) -   Exception 1: java.util.concurrent.ExecutionException: org.apache.ratis.thirdparty.io.netty.channel.AbstractChannel$AnnotatedConnectException: finishConnect(..) failed: Connection refused: localhost/127.0.0.1:15156
2024-10-07 19:12:16,012 [s1@group-F5D0649D4159-LeaderElection17] INFO  impl.LeaderElection (LogUtils.java:infoOrTrace(136)) -   Exception 2: java.util.concurrent.ExecutionException: org.apache.ratis.thirdparty.io.netty.channel.AbstractChannel$AnnotatedConnectException: finishConnect(..) failed: Connection refused: localhost/127.0.0.1:15148
2024-10-07 19:12:16,013 [s1@group-F5D0649D4159-LeaderElection17] INFO  impl.LeaderElection (LeaderElection.java:askForVotes(339)) - s1@group-F5D0649D4159-LeaderElection17 PRE_VOTE round 61: result TIMEOUT
2024-10-07 19:12:16,013 [s1@group-F5D0649D4159-LeaderElection17] INFO  impl.LeaderElection (LeaderElection.java:askForVotes(337)) - s1@group-F5D0649D4159-LeaderElection17 PRE_VOTE round 62: submit vote requests at term 2 for conf: {index: 1, cur=peers:[s3|localhost:15152, s4|localhost:15156, s0|localhost:15140, s1|localhost:15144, s2|localhost:15148]|listeners:[], old=null}
2024-10-07 19:12:16,014 [NettyRpcService-workerGroup--thread3] INFO  server.RaftServer$Division (RaftServerImpl.java:requestVote(1443)) - s0@group-F5D0649D4159: receive requestVote(PRE_VOTE, s1, group-F5D0649D4159, 2, (t:2, i:2))
2024-10-07 19:12:16,014 [s1@group-F5D0649D4159-LeaderElection17] INFO  impl.LeaderElection (LogUtils.java:infoOrTrace(136)) - s1@group-F5D0649D4159-LeaderElection17 got exception when requesting votes: java.util.concurrent.ExecutionException: org.apache.ratis.thirdparty.io.netty.channel.AbstractChannel$AnnotatedConnectException: finishConnect(..) failed: Connection refused: localhost/127.0.0.1:15156
2024-10-07 19:12:16,014 [NettyRpcService-workerGroup--thread3] INFO  impl.VoteContext (VoteContext.java:log(49)) - s0@group-F5D0649D4159-CANDIDATE: accept PRE_VOTE from s1: our priority 0 <= candidate's priority 0
2024-10-07 19:12:16,014 [NettyRpcService-workerGroup--thread3] INFO  server.RaftServer$Division (RaftServerImpl.java:requestVote(1476)) - s0@group-F5D0649D4159 replies to PRE_VOTE vote request: s1<-s0#0:OK-t2. Peer's state: s0@group-F5D0649D4159:t2, leader=null, voted=s4, raftlog=Memoized:s0@group-F5D0649D4159-SegmentedRaftLog:OPENED:c2:last(t:2, i:2), conf=conf: {index: 1, cur=peers:[s3|localhost:15152, s4|localhost:15156, s0|localhost:15140, s1|localhost:15144, s2|localhost:15148]|listeners:[], old=null}
2024-10-07 19:12:16,014 [s1@group-F5D0649D4159-LeaderElection17] INFO  impl.LeaderElection (LogUtils.java:infoOrTrace(136)) - s1@group-F5D0649D4159-LeaderElection17 got exception when requesting votes: java.util.concurrent.ExecutionException: org.apache.ratis.thirdparty.io.netty.channel.AbstractChannel$AnnotatedConnectException: finishConnect(..) failed: Connection refused: localhost/127.0.0.1:15148
2024-10-07 19:12:16,017 [s0@group-F5D0649D4159-LeaderElection18] INFO  impl.LeaderElection (LeaderElection.java:logAndReturn(90)) - s0@group-F5D0649D4159-LeaderElection18: PRE_VOTE TIMEOUT received 1 response(s) and 2 exception(s):
2024-10-07 19:12:16,017 [s0@group-F5D0649D4159-LeaderElection18] INFO  impl.LeaderElection (LeaderElection.java:logAndReturn(94)) -   Response 0: s0<-s1#0:OK-t2
2024-10-07 19:12:16,017 [s0@group-F5D0649D4159-LeaderElection18] INFO  impl.LeaderElection (LogUtils.java:infoOrTrace(136)) -   Exception 1: java.util.concurrent.ExecutionException: org.apache.ratis.thirdparty.io.netty.channel.AbstractChannel$AnnotatedConnectException: finishConnect(..) failed: Connection refused: localhost/127.0.0.1:15156
2024-10-07 19:12:16,017 [s0@group-F5D0649D4159-LeaderElection18] INFO  impl.LeaderElection (LogUtils.java:infoOrTrace(136)) -   Exception 2: java.util.concurrent.ExecutionException: org.apache.ratis.thirdparty.io.netty.channel.AbstractChannel$AnnotatedConnectException: finishConnect(..) failed: Connection refused: localhost/127.0.0.1:15148
2024-10-07 19:12:16,017 [s0@group-F5D0649D4159-LeaderElection18] INFO  impl.LeaderElection (LeaderElection.java:askForVotes(339)) - s0@group-F5D0649D4159-LeaderElection18 PRE_VOTE round 46: result TIMEOUT
2024-10-07 19:12:16,017 [s0@group-F5D0649D4159-LeaderElection18] INFO  impl.LeaderElection (LeaderElection.java:askForVotes(337)) - s0@group-F5D0649D4159-LeaderElection18 PRE_VOTE round 47: submit vote requests at term 2 for conf: {index: 1, cur=peers:[s3|localhost:15152, s4|localhost:15156, s0|localhost:15140, s1|localhost:15144, s2|localhost:15148]|listeners:[], old=null}
2024-10-07 19:12:16,018 [NettyRpcService-workerGroup--thread3] INFO  server.RaftServer$Division (RaftServerImpl.java:requestVote(1443)) - s1@group-F5D0649D4159: receive requestVote(PRE_VOTE, s0, group-F5D0649D4159, 2, (t:2, i:2))
2024-10-07 19:12:16,018 [s0@group-F5D0649D4159-LeaderElection18] INFO  impl.LeaderElection (LogUtils.java:infoOrTrace(136)) - s0@group-F5D0649D4159-LeaderElection18 got exception when requesting votes: java.util.concurrent.ExecutionException: org.apache.ratis.thirdparty.io.netty.channel.AbstractChannel$AnnotatedConnectException: finishConnect(..) failed: Connection refused: localhost/127.0.0.1:15156
2024-10-07 19:12:16,018 [NettyRpcService-workerGroup--thread3] INFO  impl.VoteContext (VoteContext.java:log(49)) - s1@group-F5D0649D4159-CANDIDATE: accept PRE_VOTE from s0: our priority 0 <= candidate's priority 0
2024-10-07 19:12:16,018 [s0@group-F5D0649D4159-LeaderElection18] INFO  impl.LeaderElection (LogUtils.java:infoOrTrace(136)) - s0@group-F5D0649D4159-LeaderElection18 got exception when requesting votes: java.util.concurrent.ExecutionException: org.apache.ratis.thirdparty.io.netty.channel.AbstractChannel$AnnotatedConnectException: finishConnect(..) failed: Connection refused: localhost/127.0.0.1:15148
2024-10-07 19:12:16,018 [NettyRpcService-workerGroup--thread3] INFO  server.RaftServer$Division (RaftServerImpl.java:requestVote(1476)) - s1@group-F5D0649D4159 replies to PRE_VOTE vote request: s0<-s1#0:OK-t2. Peer's state: s1@group-F5D0649D4159:t2, leader=null, voted=s4, raftlog=Memoized:s1@group-F5D0649D4159-SegmentedRaftLog:OPENED:c2:last(t:2, i:2), conf=conf: {index: 1, cur=peers:[s3|localhost:15152, s4|localhost:15156, s0|localhost:15140, s1|localhost:15144, s2|localhost:15148]|listeners:[], old=null}
2024-10-07 19:12:16,248 [s0@group-F5D0649D4159-LeaderElection18] INFO  impl.LeaderElection (LeaderElection.java:logAndReturn(90)) - s0@group-F5D0649D4159-LeaderElection18: PRE_VOTE TIMEOUT received 1 response(s) and 2 exception(s):
2024-10-07 19:12:16,248 [s0@group-F5D0649D4159-LeaderElection18] INFO  impl.LeaderElection (LeaderElection.java:logAndReturn(94)) -   Response 0: s0<-s1#0:OK-t2
2024-10-07 19:12:16,248 [s0@group-F5D0649D4159-LeaderElection18] INFO  impl.LeaderElection (LogUtils.java:infoOrTrace(136)) -   Exception 1: java.util.concurrent.ExecutionException: org.apache.ratis.thirdparty.io.netty.channel.AbstractChannel$AnnotatedConnectException: finishConnect(..) failed: Connection refused: localhost/127.0.0.1:15156
2024-10-07 19:12:16,248 [s0@group-F5D0649D4159-LeaderElection18] INFO  impl.LeaderElection (LogUtils.java:infoOrTrace(136)) -   Exception 2: java.util.concurrent.ExecutionException: org.apache.ratis.thirdparty.io.netty.channel.AbstractChannel$AnnotatedConnectException: finishConnect(..) failed: Connection refused: localhost/127.0.0.1:15148
2024-10-07 19:12:16,248 [s0@group-F5D0649D4159-LeaderElection18] INFO  impl.LeaderElection (LeaderElection.java:askForVotes(339)) - s0@group-F5D0649D4159-LeaderElection18 PRE_VOTE round 47: result TIMEOUT
2024-10-07 19:12:16,248 [s0@group-F5D0649D4159-LeaderElection18] INFO  impl.LeaderElection (LeaderElection.java:askForVotes(337)) - s0@group-F5D0649D4159-LeaderElection18 PRE_VOTE round 48: submit vote requests at term 2 for conf: {index: 1, cur=peers:[s3|localhost:15152, s4|localhost:15156, s0|localhost:15140, s1|localhost:15144, s2|localhost:15148]|listeners:[], old=null}
2024-10-07 19:12:16,249 [NettyRpcService-workerGroup--thread3] INFO  server.RaftServer$Division (RaftServerImpl.java:requestVote(1443)) - s1@group-F5D0649D4159: receive requestVote(PRE_VOTE, s0, group-F5D0649D4159, 2, (t:2, i:2))
2024-10-07 19:12:16,249 [s0@group-F5D0649D4159-LeaderElection18] INFO  impl.LeaderElection (LogUtils.java:infoOrTrace(136)) - s0@group-F5D0649D4159-LeaderElection18 got exception when requesting votes: java.util.concurrent.ExecutionException: org.apache.ratis.thirdparty.io.netty.channel.AbstractChannel$AnnotatedConnectException: finishConnect(..) failed: Connection refused: localhost/127.0.0.1:15156
2024-10-07 19:12:16,249 [s0@group-F5D0649D4159-LeaderElection18] INFO  impl.LeaderElection (LogUtils.java:infoOrTrace(136)) - s0@group-F5D0649D4159-LeaderElection18 got exception when requesting votes: java.util.concurrent.ExecutionException: org.apache.ratis.thirdparty.io.netty.channel.AbstractChannel$AnnotatedConnectException: finishConnect(..) failed: Connection refused: localhost/127.0.0.1:15148
2024-10-07 19:12:16,249 [NettyRpcService-workerGroup--thread3] INFO  impl.VoteContext (VoteContext.java:log(49)) - s1@group-F5D0649D4159-CANDIDATE: accept PRE_VOTE from s0: our priority 0 <= candidate's priority 0
2024-10-07 19:12:16,250 [NettyRpcService-workerGroup--thread3] INFO  server.RaftServer$Division (RaftServerImpl.java:requestVote(1476)) - s1@group-F5D0649D4159 replies to PRE_VOTE vote request: s0<-s1#0:OK-t2. Peer's state: s1@group-F5D0649D4159:t2, leader=null, voted=s4, raftlog=Memoized:s1@group-F5D0649D4159-SegmentedRaftLog:OPENED:c2:last(t:2, i:2), conf=conf: {index: 1, cur=peers:[s3|localhost:15152, s4|localhost:15156, s0|localhost:15140, s1|localhost:15144, s2|localhost:15148]|listeners:[], old=null}
2024-10-07 19:12:16,269 [s1@group-F5D0649D4159-LeaderElection17] INFO  impl.LeaderElection (LeaderElection.java:logAndReturn(90)) - s1@group-F5D0649D4159-LeaderElection17: PRE_VOTE TIMEOUT received 1 response(s) and 2 exception(s):
2024-10-07 19:12:16,269 [s1@group-F5D0649D4159-LeaderElection17] INFO  impl.LeaderElection (LeaderElection.java:logAndReturn(94)) -   Response 0: s1<-s0#0:OK-t2
2024-10-07 19:12:16,269 [s1@group-F5D0649D4159-LeaderElection17] INFO  impl.LeaderElection (LogUtils.java:infoOrTrace(136)) -   Exception 1: java.util.concurrent.ExecutionException: org.apache.ratis.thirdparty.io.netty.channel.AbstractChannel$AnnotatedConnectException: finishConnect(..) failed: Connection refused: localhost/127.0.0.1:15156
2024-10-07 19:12:16,270 [s1@group-F5D0649D4159-LeaderElection17] INFO  impl.LeaderElection (LogUtils.java:infoOrTrace(136)) -   Exception 2: java.util.concurrent.ExecutionException: org.apache.ratis.thirdparty.io.netty.channel.AbstractChannel$AnnotatedConnectException: finishConnect(..) failed: Connection refused: localhost/127.0.0.1:15148
2024-10-07 19:12:16,270 [s1@group-F5D0649D4159-LeaderElection17] INFO  impl.LeaderElection (LeaderElection.java:askForVotes(339)) - s1@group-F5D0649D4159-LeaderElection17 PRE_VOTE round 62: result TIMEOUT
2024-10-07 19:12:16,270 [s1@group-F5D0649D4159-LeaderElection17] INFO  impl.LeaderElection (LeaderElection.java:askForVotes(337)) - s1@group-F5D0649D4159-LeaderElection17 PRE_VOTE round 63: submit vote requests at term 2 for conf: {index: 1, cur=peers:[s3|localhost:15152, s4|localhost:15156, s0|localhost:15140, s1|localhost:15144, s2|localhost:15148]|listeners:[], old=null}
2024-10-07 19:12:16,271 [NettyRpcService-workerGroup--thread3] INFO  server.RaftServer$Division (RaftServerImpl.java:requestVote(1443)) - s0@group-F5D0649D4159: receive requestVote(PRE_VOTE, s1, group-F5D0649D4159, 2, (t:2, i:2))
2024-10-07 19:12:16,271 [NettyRpcService-workerGroup--thread3] INFO  impl.VoteContext (VoteContext.java:log(49)) - s0@group-F5D0649D4159-CANDIDATE: accept PRE_VOTE from s1: our priority 0 <= candidate's priority 0
2024-10-07 19:12:16,271 [s1@group-F5D0649D4159-LeaderElection17] INFO  impl.LeaderElection (LogUtils.java:infoOrTrace(136)) - s1@group-F5D0649D4159-LeaderElection17 got exception when requesting votes: java.util.concurrent.ExecutionException: org.apache.ratis.thirdparty.io.netty.channel.AbstractChannel$AnnotatedConnectException: finishConnect(..) failed: Connection refused: localhost/127.0.0.1:15148
2024-10-07 19:12:16,271 [NettyRpcService-workerGroup--thread3] INFO  server.RaftServer$Division (RaftServerImpl.java:requestVote(1476)) - s0@group-F5D0649D4159 replies to PRE_VOTE vote request: s1<-s0#0:OK-t2. Peer's state: s0@group-F5D0649D4159:t2, leader=null, voted=s4, raftlog=Memoized:s0@group-F5D0649D4159-SegmentedRaftLog:OPENED:c2:last(t:2, i:2), conf=conf: {index: 1, cur=peers:[s3|localhost:15152, s4|localhost:15156, s0|localhost:15140, s1|localhost:15144, s2|localhost:15148]|listeners:[], old=null}
2024-10-07 19:12:16,271 [s1@group-F5D0649D4159-LeaderElection17] INFO  impl.LeaderElection (LogUtils.java:infoOrTrace(136)) - s1@group-F5D0649D4159-LeaderElection17 got exception when requesting votes: java.util.concurrent.ExecutionException: org.apache.ratis.thirdparty.io.netty.channel.AbstractChannel$AnnotatedConnectException: finishConnect(..) failed: Connection refused: localhost/127.0.0.1:15156
2024-10-07 19:12:16,297 [main] WARN  ratis.RaftTestUtil (RaftTestUtil.java:lambda$waitForLeader$3(126)) - Attempt #33 failed: java.lang.IllegalStateException: No leader yet : printing ALL groups
  s3:  RUNNING  FOLLOWER s3@group-F5D0649D4159:t1, leader=null, voted=null, raftlog=Memoized:s3@group-F5D0649D4159-SegmentedRaftLog:OPENED:c-1:lastnull, conf=conf: {index: -1, cur=peers:[s3|localhost:15152, s4|localhost:15156, s0|localhost:15140, s1|localhost:15144, s2|localhost:15148]|listeners:[], old=null} RUNNING
  s4:   CLOSED    LEADER s4@group-F5D0649D4159:t2, leader=s4, voted=s4, raftlog=Memoized:s4@group-F5D0649D4159-SegmentedRaftLog:CLOSED:c2, conf=conf: {index: 1, cur=peers:[s3|localhost:15152, s4|localhost:15156, s0|localhost:15140, s1|localhost:15144, s2|localhost:15148]|listeners:[], old=null} CLOSED
  s0:  RUNNING CANDIDATE s0@group-F5D0649D4159:t2, leader=null, voted=s4, raftlog=Memoized:s0@group-F5D0649D4159-SegmentedRaftLog:OPENED:c2:last(t:2, i:2), conf=conf: {index: 1, cur=peers:[s3|localhost:15152, s4|localhost:15156, s0|localhost:15140, s1|localhost:15144, s2|localhost:15148]|listeners:[], old=null} RUNNING
  s1:  RUNNING CANDIDATE s1@group-F5D0649D4159:t2, leader=null, voted=s4, raftlog=Memoized:s1@group-F5D0649D4159-SegmentedRaftLog:OPENED:c2:last(t:2, i:2), conf=conf: {index: 1, cur=peers:[s3|localhost:15152, s4|localhost:15156, s0|localhost:15140, s1|localhost:15144, s2|localhost:15148]|listeners:[], old=null} RUNNING
  s2:   CLOSED    LEADER s2@group-F5D0649D4159:t1, leader=s2, voted=s2, raftlog=Memoized:s2@group-F5D0649D4159-SegmentedRaftLog:CLOSED:c0, conf=conf: {index: 0, cur=peers:[s3|localhost:15152, s4|localhost:15156, s0|localhost:15140, s1|localhost:15144, s2|localhost:15148]|listeners:[], old=null} CLOSED
2024-10-07 19:12:16,436 [s0@group-F5D0649D4159-LeaderElection18] INFO  impl.LeaderElection (LeaderElection.java:logAndReturn(90)) - s0@group-F5D0649D4159-LeaderElection18: PRE_VOTE TIMEOUT received 1 response(s) and 2 exception(s):
2024-10-07 19:12:16,436 [s0@group-F5D0649D4159-LeaderElection18] INFO  impl.LeaderElection (LeaderElection.java:logAndReturn(94)) -   Response 0: s0<-s1#0:OK-t2
2024-10-07 19:12:16,436 [s0@group-F5D0649D4159-LeaderElection18] INFO  impl.LeaderElection (LogUtils.java:infoOrTrace(136)) -   Exception 1: java.util.concurrent.ExecutionException: org.apache.ratis.thirdparty.io.netty.channel.AbstractChannel$AnnotatedConnectException: finishConnect(..) failed: Connection refused: localhost/127.0.0.1:15156
2024-10-07 19:12:16,436 [s0@group-F5D0649D4159-LeaderElection18] INFO  impl.LeaderElection (LogUtils.java:infoOrTrace(136)) -   Exception 2: java.util.concurrent.ExecutionException: org.apache.ratis.thirdparty.io.netty.channel.AbstractChannel$AnnotatedConnectException: finishConnect(..) failed: Connection refused: localhost/127.0.0.1:15148
2024-10-07 19:12:16,436 [s0@group-F5D0649D4159-LeaderElection18] INFO  impl.LeaderElection (LeaderElection.java:askForVotes(339)) - s0@group-F5D0649D4159-LeaderElection18 PRE_VOTE round 48: result TIMEOUT
2024-10-07 19:12:16,436 [s0@group-F5D0649D4159-LeaderElection18] INFO  impl.LeaderElection (LeaderElection.java:askForVotes(337)) - s0@group-F5D0649D4159-LeaderElection18 PRE_VOTE round 49: submit vote requests at term 2 for conf: {index: 1, cur=peers:[s3|localhost:15152, s4|localhost:15156, s0|localhost:15140, s1|localhost:15144, s2|localhost:15148]|listeners:[], old=null}
2024-10-07 19:12:16,437 [NettyRpcService-workerGroup--thread3] INFO  server.RaftServer$Division (RaftServerImpl.java:requestVote(1443)) - s1@group-F5D0649D4159: receive requestVote(PRE_VOTE, s0, group-F5D0649D4159, 2, (t:2, i:2))
2024-10-07 19:12:16,438 [NettyRpcService-workerGroup--thread3] INFO  impl.VoteContext (VoteContext.java:log(49)) - s1@group-F5D0649D4159-CANDIDATE: accept PRE_VOTE from s0: our priority 0 <= candidate's priority 0
2024-10-07 19:12:16,438 [s0@group-F5D0649D4159-LeaderElection18] INFO  impl.LeaderElection (LogUtils.java:infoOrTrace(136)) - s0@group-F5D0649D4159-LeaderElection18 got exception when requesting votes: java.util.concurrent.ExecutionException: org.apache.ratis.thirdparty.io.netty.channel.AbstractChannel$AnnotatedConnectException: finishConnect(..) failed: Connection refused: localhost/127.0.0.1:15148
2024-10-07 19:12:16,438 [NettyRpcService-workerGroup--thread3] INFO  server.RaftServer$Division (RaftServerImpl.java:requestVote(1476)) - s1@group-F5D0649D4159 replies to PRE_VOTE vote request: s0<-s1#0:OK-t2. Peer's state: s1@group-F5D0649D4159:t2, leader=null, voted=s4, raftlog=Memoized:s1@group-F5D0649D4159-SegmentedRaftLog:OPENED:c2:last(t:2, i:2), conf=conf: {index: 1, cur=peers:[s3|localhost:15152, s4|localhost:15156, s0|localhost:15140, s1|localhost:15144, s2|localhost:15148]|listeners:[], old=null}
2024-10-07 19:12:16,438 [s0@group-F5D0649D4159-LeaderElection18] INFO  impl.LeaderElection (LogUtils.java:infoOrTrace(136)) - s0@group-F5D0649D4159-LeaderElection18 got exception when requesting votes: java.util.concurrent.ExecutionException: org.apache.ratis.thirdparty.io.netty.channel.AbstractChannel$AnnotatedConnectException: finishConnect(..) failed: Connection refused: localhost/127.0.0.1:15156
2024-10-07 19:12:16,549 [s1@group-F5D0649D4159-LeaderElection17] INFO  impl.LeaderElection (LeaderElection.java:logAndReturn(90)) - s1@group-F5D0649D4159-LeaderElection17: PRE_VOTE TIMEOUT received 1 response(s) and 2 exception(s):
2024-10-07 19:12:16,549 [s1@group-F5D0649D4159-LeaderElection17] INFO  impl.LeaderElection (LeaderElection.java:logAndReturn(94)) -   Response 0: s1<-s0#0:OK-t2
2024-10-07 19:12:16,550 [s1@group-F5D0649D4159-LeaderElection17] INFO  impl.LeaderElection (LogUtils.java:infoOrTrace(136)) -   Exception 1: java.util.concurrent.ExecutionException: org.apache.ratis.thirdparty.io.netty.channel.AbstractChannel$AnnotatedConnectException: finishConnect(..) failed: Connection refused: localhost/127.0.0.1:15148
2024-10-07 19:12:16,550 [s1@group-F5D0649D4159-LeaderElection17] INFO  impl.LeaderElection (LogUtils.java:infoOrTrace(136)) -   Exception 2: java.util.concurrent.ExecutionException: org.apache.ratis.thirdparty.io.netty.channel.AbstractChannel$AnnotatedConnectException: finishConnect(..) failed: Connection refused: localhost/127.0.0.1:15156
2024-10-07 19:12:16,550 [s1@group-F5D0649D4159-LeaderElection17] INFO  impl.LeaderElection (LeaderElection.java:askForVotes(339)) - s1@group-F5D0649D4159-LeaderElection17 PRE_VOTE round 63: result TIMEOUT
2024-10-07 19:12:16,550 [s1@group-F5D0649D4159-LeaderElection17] INFO  impl.LeaderElection (LeaderElection.java:askForVotes(337)) - s1@group-F5D0649D4159-LeaderElection17 PRE_VOTE round 64: submit vote requests at term 2 for conf: {index: 1, cur=peers:[s3|localhost:15152, s4|localhost:15156, s0|localhost:15140, s1|localhost:15144, s2|localhost:15148]|listeners:[], old=null}
2024-10-07 19:12:16,551 [NettyRpcService-workerGroup--thread3] INFO  server.RaftServer$Division (RaftServerImpl.java:requestVote(1443)) - s0@group-F5D0649D4159: receive requestVote(PRE_VOTE, s1, group-F5D0649D4159, 2, (t:2, i:2))
2024-10-07 19:12:16,551 [NettyRpcService-workerGroup--thread3] INFO  impl.VoteContext (VoteContext.java:log(49)) - s0@group-F5D0649D4159-CANDIDATE: accept PRE_VOTE from s1: our priority 0 <= candidate's priority 0
2024-10-07 19:12:16,551 [NettyRpcService-workerGroup--thread3] INFO  server.RaftServer$Division (RaftServerImpl.java:requestVote(1476)) - s0@group-F5D0649D4159 replies to PRE_VOTE vote request: s1<-s0#0:OK-t2. Peer's state: s0@group-F5D0649D4159:t2, leader=null, voted=s4, raftlog=Memoized:s0@group-F5D0649D4159-SegmentedRaftLog:OPENED:c2:last(t:2, i:2), conf=conf: {index: 1, cur=peers:[s3|localhost:15152, s4|localhost:15156, s0|localhost:15140, s1|localhost:15144, s2|localhost:15148]|listeners:[], old=null}
2024-10-07 19:12:16,551 [s1@group-F5D0649D4159-LeaderElection17] INFO  impl.LeaderElection (LogUtils.java:infoOrTrace(136)) - s1@group-F5D0649D4159-LeaderElection17 got exception when requesting votes: java.util.concurrent.ExecutionException: org.apache.ratis.thirdparty.io.netty.channel.AbstractChannel$AnnotatedConnectException: finishConnect(..) failed: Connection refused: localhost/127.0.0.1:15156
2024-10-07 19:12:16,551 [s1@group-F5D0649D4159-LeaderElection17] INFO  impl.LeaderElection (LogUtils.java:infoOrTrace(136)) - s1@group-F5D0649D4159-LeaderElection17 got exception when requesting votes: java.util.concurrent.ExecutionException: org.apache.ratis.thirdparty.io.netty.channel.AbstractChannel$AnnotatedConnectException: finishConnect(..) failed: Connection refused: localhost/127.0.0.1:15148
2024-10-07 19:12:16,676 [s0@group-F5D0649D4159-LeaderElection18] INFO  impl.LeaderElection (LeaderElection.java:logAndReturn(90)) - s0@group-F5D0649D4159-LeaderElection18: PRE_VOTE TIMEOUT received 1 response(s) and 2 exception(s):
2024-10-07 19:12:16,676 [s0@group-F5D0649D4159-LeaderElection18] INFO  impl.LeaderElection (LeaderElection.java:logAndReturn(94)) -   Response 0: s0<-s1#0:OK-t2
2024-10-07 19:12:16,676 [s0@group-F5D0649D4159-LeaderElection18] INFO  impl.LeaderElection (LogUtils.java:infoOrTrace(136)) -   Exception 1: java.util.concurrent.ExecutionException: org.apache.ratis.thirdparty.io.netty.channel.AbstractChannel$AnnotatedConnectException: finishConnect(..) failed: Connection refused: localhost/127.0.0.1:15148
2024-10-07 19:12:16,676 [s0@group-F5D0649D4159-LeaderElection18] INFO  impl.LeaderElection (LogUtils.java:infoOrTrace(136)) -   Exception 2: java.util.concurrent.ExecutionException: org.apache.ratis.thirdparty.io.netty.channel.AbstractChannel$AnnotatedConnectException: finishConnect(..) failed: Connection refused: localhost/127.0.0.1:15156
2024-10-07 19:12:16,677 [s0@group-F5D0649D4159-LeaderElection18] INFO  impl.LeaderElection (LeaderElection.java:askForVotes(339)) - s0@group-F5D0649D4159-LeaderElection18 PRE_VOTE round 49: result TIMEOUT
2024-10-07 19:12:16,677 [s0@group-F5D0649D4159-LeaderElection18] INFO  impl.LeaderElection (LeaderElection.java:askForVotes(337)) - s0@group-F5D0649D4159-LeaderElection18 PRE_VOTE round 50: submit vote requests at term 2 for conf: {index: 1, cur=peers:[s3|localhost:15152, s4|localhost:15156, s0|localhost:15140, s1|localhost:15144, s2|localhost:15148]|listeners:[], old=null}
2024-10-07 19:12:16,677 [NettyRpcService-workerGroup--thread3] INFO  server.RaftServer$Division (RaftServerImpl.java:requestVote(1443)) - s1@group-F5D0649D4159: receive requestVote(PRE_VOTE, s0, group-F5D0649D4159, 2, (t:2, i:2))
2024-10-07 19:12:16,678 [NettyRpcService-workerGroup--thread3] INFO  impl.VoteContext (VoteContext.java:log(49)) - s1@group-F5D0649D4159-CANDIDATE: accept PRE_VOTE from s0: our priority 0 <= candidate's priority 0
2024-10-07 19:12:16,678 [NettyRpcService-workerGroup--thread3] INFO  server.RaftServer$Division (RaftServerImpl.java:requestVote(1476)) - s1@group-F5D0649D4159 replies to PRE_VOTE vote request: s0<-s1#0:OK-t2. Peer's state: s1@group-F5D0649D4159:t2, leader=null, voted=s4, raftlog=Memoized:s1@group-F5D0649D4159-SegmentedRaftLog:OPENED:c2:last(t:2, i:2), conf=conf: {index: 1, cur=peers:[s3|localhost:15152, s4|localhost:15156, s0|localhost:15140, s1|localhost:15144, s2|localhost:15148]|listeners:[], old=null}
2024-10-07 19:12:16,678 [s0@group-F5D0649D4159-LeaderElection18] INFO  impl.LeaderElection (LogUtils.java:infoOrTrace(136)) - s0@group-F5D0649D4159-LeaderElection18 got exception when requesting votes: java.util.concurrent.ExecutionException: org.apache.ratis.thirdparty.io.netty.channel.AbstractChannel$AnnotatedConnectException: finishConnect(..) failed: Connection refused: localhost/127.0.0.1:15148
2024-10-07 19:12:16,678 [s0@group-F5D0649D4159-LeaderElection18] INFO  impl.LeaderElection (LogUtils.java:infoOrTrace(136)) - s0@group-F5D0649D4159-LeaderElection18 got exception when requesting votes: java.util.concurrent.ExecutionException: org.apache.ratis.thirdparty.io.netty.channel.AbstractChannel$AnnotatedConnectException: finishConnect(..) failed: Connection refused: localhost/127.0.0.1:15156
2024-10-07 19:12:16,748 [main] WARN  ratis.RaftTestUtil (RaftTestUtil.java:lambda$waitForLeader$3(126)) - Attempt #34 failed: java.lang.IllegalStateException: No leader yet : printing ALL groups
  s3:  RUNNING  FOLLOWER s3@group-F5D0649D4159:t1, leader=null, voted=null, raftlog=Memoized:s3@group-F5D0649D4159-SegmentedRaftLog:OPENED:c-1:lastnull, conf=conf: {index: -1, cur=peers:[s3|localhost:15152, s4|localhost:15156, s0|localhost:15140, s1|localhost:15144, s2|localhost:15148]|listeners:[], old=null} RUNNING
  s4:   CLOSED    LEADER s4@group-F5D0649D4159:t2, leader=s4, voted=s4, raftlog=Memoized:s4@group-F5D0649D4159-SegmentedRaftLog:CLOSED:c2, conf=conf: {index: 1, cur=peers:[s3|localhost:15152, s4|localhost:15156, s0|localhost:15140, s1|localhost:15144, s2|localhost:15148]|listeners:[], old=null} CLOSED
  s0:  RUNNING CANDIDATE s0@group-F5D0649D4159:t2, leader=null, voted=s4, raftlog=Memoized:s0@group-F5D0649D4159-SegmentedRaftLog:OPENED:c2:last(t:2, i:2), conf=conf: {index: 1, cur=peers:[s3|localhost:15152, s4|localhost:15156, s0|localhost:15140, s1|localhost:15144, s2|localhost:15148]|listeners:[], old=null} RUNNING
  s1:  RUNNING CANDIDATE s1@group-F5D0649D4159:t2, leader=null, voted=s4, raftlog=Memoized:s1@group-F5D0649D4159-SegmentedRaftLog:OPENED:c2:last(t:2, i:2), conf=conf: {index: 1, cur=peers:[s3|localhost:15152, s4|localhost:15156, s0|localhost:15140, s1|localhost:15144, s2|localhost:15148]|listeners:[], old=null} RUNNING
  s2:   CLOSED    LEADER s2@group-F5D0649D4159:t1, leader=s2, voted=s2, raftlog=Memoized:s2@group-F5D0649D4159-SegmentedRaftLog:CLOSED:c0, conf=conf: {index: 0, cur=peers:[s3|localhost:15152, s4|localhost:15156, s0|localhost:15140, s1|localhost:15144, s2|localhost:15148]|listeners:[], old=null} CLOSED
2024-10-07 19:12:16,824 [s1@group-F5D0649D4159-LeaderElection17] INFO  impl.LeaderElection (LeaderElection.java:logAndReturn(90)) - s1@group-F5D0649D4159-LeaderElection17: PRE_VOTE TIMEOUT received 1 response(s) and 2 exception(s):
2024-10-07 19:12:16,825 [s1@group-F5D0649D4159-LeaderElection17] INFO  impl.LeaderElection (LeaderElection.java:logAndReturn(94)) -   Response 0: s1<-s0#0:OK-t2
2024-10-07 19:12:16,825 [s1@group-F5D0649D4159-LeaderElection17] INFO  impl.LeaderElection (LogUtils.java:infoOrTrace(136)) -   Exception 1: java.util.concurrent.ExecutionException: org.apache.ratis.thirdparty.io.netty.channel.AbstractChannel$AnnotatedConnectException: finishConnect(..) failed: Connection refused: localhost/127.0.0.1:15156
2024-10-07 19:12:16,825 [s1@group-F5D0649D4159-LeaderElection17] INFO  impl.LeaderElection (LogUtils.java:infoOrTrace(136)) -   Exception 2: java.util.concurrent.ExecutionException: org.apache.ratis.thirdparty.io.netty.channel.AbstractChannel$AnnotatedConnectException: finishConnect(..) failed: Connection refused: localhost/127.0.0.1:15148
2024-10-07 19:12:16,825 [s1@group-F5D0649D4159-LeaderElection17] INFO  impl.LeaderElection (LeaderElection.java:askForVotes(339)) - s1@group-F5D0649D4159-LeaderElection17 PRE_VOTE round 64: result TIMEOUT
2024-10-07 19:12:16,825 [s1@group-F5D0649D4159-LeaderElection17] INFO  impl.LeaderElection (LeaderElection.java:askForVotes(337)) - s1@group-F5D0649D4159-LeaderElection17 PRE_VOTE round 65: submit vote requests at term 2 for conf: {index: 1, cur=peers:[s3|localhost:15152, s4|localhost:15156, s0|localhost:15140, s1|localhost:15144, s2|localhost:15148]|listeners:[], old=null}
2024-10-07 19:12:16,826 [NettyRpcService-workerGroup--thread3] INFO  server.RaftServer$Division (RaftServerImpl.java:requestVote(1443)) - s0@group-F5D0649D4159: receive requestVote(PRE_VOTE, s1, group-F5D0649D4159, 2, (t:2, i:2))
2024-10-07 19:12:16,826 [NettyRpcService-workerGroup--thread3] INFO  impl.VoteContext (VoteContext.java:log(49)) - s0@group-F5D0649D4159-CANDIDATE: accept PRE_VOTE from s1: our priority 0 <= candidate's priority 0
2024-10-07 19:12:16,826 [s1@group-F5D0649D4159-LeaderElection17] INFO  impl.LeaderElection (LogUtils.java:infoOrTrace(136)) - s1@group-F5D0649D4159-LeaderElection17 got exception when requesting votes: java.util.concurrent.ExecutionException: org.apache.ratis.thirdparty.io.netty.channel.AbstractChannel$AnnotatedConnectException: finishConnect(..) failed: Connection refused: localhost/127.0.0.1:15156
2024-10-07 19:12:16,826 [NettyRpcService-workerGroup--thread3] INFO  server.RaftServer$Division (RaftServerImpl.java:requestVote(1476)) - s0@group-F5D0649D4159 replies to PRE_VOTE vote request: s1<-s0#0:OK-t2. Peer's state: s0@group-F5D0649D4159:t2, leader=null, voted=s4, raftlog=Memoized:s0@group-F5D0649D4159-SegmentedRaftLog:OPENED:c2:last(t:2, i:2), conf=conf: {index: 1, cur=peers:[s3|localhost:15152, s4|localhost:15156, s0|localhost:15140, s1|localhost:15144, s2|localhost:15148]|listeners:[], old=null}
2024-10-07 19:12:16,826 [s1@group-F5D0649D4159-LeaderElection17] INFO  impl.LeaderElection (LogUtils.java:infoOrTrace(136)) - s1@group-F5D0649D4159-LeaderElection17 got exception when requesting votes: java.util.concurrent.ExecutionException: org.apache.ratis.thirdparty.io.netty.channel.AbstractChannel$AnnotatedConnectException: finishConnect(..) failed: Connection refused: localhost/127.0.0.1:15148
2024-10-07 19:12:16,972 [s0@group-F5D0649D4159-LeaderElection18] INFO  impl.LeaderElection (LeaderElection.java:logAndReturn(90)) - s0@group-F5D0649D4159-LeaderElection18: PRE_VOTE TIMEOUT received 1 response(s) and 2 exception(s):
2024-10-07 19:12:16,972 [s0@group-F5D0649D4159-LeaderElection18] INFO  impl.LeaderElection (LeaderElection.java:logAndReturn(94)) -   Response 0: s0<-s1#0:OK-t2
2024-10-07 19:12:16,973 [s0@group-F5D0649D4159-LeaderElection18] INFO  impl.LeaderElection (LogUtils.java:infoOrTrace(136)) -   Exception 1: java.util.concurrent.ExecutionException: org.apache.ratis.thirdparty.io.netty.channel.AbstractChannel$AnnotatedConnectException: finishConnect(..) failed: Connection refused: localhost/127.0.0.1:15148
2024-10-07 19:12:16,973 [s0@group-F5D0649D4159-LeaderElection18] INFO  impl.LeaderElection (LogUtils.java:infoOrTrace(136)) -   Exception 2: java.util.concurrent.ExecutionException: org.apache.ratis.thirdparty.io.netty.channel.AbstractChannel$AnnotatedConnectException: finishConnect(..) failed: Connection refused: localhost/127.0.0.1:15156
2024-10-07 19:12:16,973 [s0@group-F5D0649D4159-LeaderElection18] INFO  impl.LeaderElection (LeaderElection.java:askForVotes(339)) - s0@group-F5D0649D4159-LeaderElection18 PRE_VOTE round 50: result TIMEOUT
2024-10-07 19:12:16,973 [s0@group-F5D0649D4159-LeaderElection18] INFO  impl.LeaderElection (LeaderElection.java:askForVotes(337)) - s0@group-F5D0649D4159-LeaderElection18 PRE_VOTE round 51: submit vote requests at term 2 for conf: {index: 1, cur=peers:[s3|localhost:15152, s4|localhost:15156, s0|localhost:15140, s1|localhost:15144, s2|localhost:15148]|listeners:[], old=null}
2024-10-07 19:12:16,974 [s0@group-F5D0649D4159-LeaderElection18] INFO  impl.LeaderElection (LogUtils.java:infoOrTrace(136)) - s0@group-F5D0649D4159-LeaderElection18 got exception when requesting votes: java.util.concurrent.ExecutionException: org.apache.ratis.thirdparty.io.netty.channel.AbstractChannel$AnnotatedConnectException: finishConnect(..) failed: Connection refused: localhost/127.0.0.1:15156
2024-10-07 19:12:16,974 [NettyRpcService-workerGroup--thread3] INFO  server.RaftServer$Division (RaftServerImpl.java:requestVote(1443)) - s1@group-F5D0649D4159: receive requestVote(PRE_VOTE, s0, group-F5D0649D4159, 2, (t:2, i:2))
2024-10-07 19:12:16,974 [NettyRpcService-workerGroup--thread3] INFO  impl.VoteContext (VoteContext.java:log(49)) - s1@group-F5D0649D4159-CANDIDATE: accept PRE_VOTE from s0: our priority 0 <= candidate's priority 0
2024-10-07 19:12:16,975 [NettyRpcService-workerGroup--thread3] INFO  server.RaftServer$Division (RaftServerImpl.java:requestVote(1476)) - s1@group-F5D0649D4159 replies to PRE_VOTE vote request: s0<-s1#0:OK-t2. Peer's state: s1@group-F5D0649D4159:t2, leader=null, voted=s4, raftlog=Memoized:s1@group-F5D0649D4159-SegmentedRaftLog:OPENED:c2:last(t:2, i:2), conf=conf: {index: 1, cur=peers:[s3|localhost:15152, s4|localhost:15156, s0|localhost:15140, s1|localhost:15144, s2|localhost:15148]|listeners:[], old=null}
2024-10-07 19:12:16,975 [s0@group-F5D0649D4159-LeaderElection18] INFO  impl.LeaderElection (LogUtils.java:infoOrTrace(136)) - s0@group-F5D0649D4159-LeaderElection18 got exception when requesting votes: java.util.concurrent.ExecutionException: org.apache.ratis.thirdparty.io.netty.channel.AbstractChannel$AnnotatedConnectException: finishConnect(..) failed: Connection refused: localhost/127.0.0.1:15148
2024-10-07 19:12:16,976 [s1@group-F5D0649D4159-LeaderElection17] INFO  impl.LeaderElection (LeaderElection.java:logAndReturn(90)) - s1@group-F5D0649D4159-LeaderElection17: PRE_VOTE TIMEOUT received 1 response(s) and 2 exception(s):
2024-10-07 19:12:16,976 [s1@group-F5D0649D4159-LeaderElection17] INFO  impl.LeaderElection (LeaderElection.java:logAndReturn(94)) -   Response 0: s1<-s0#0:OK-t2
2024-10-07 19:12:16,977 [s1@group-F5D0649D4159-LeaderElection17] INFO  impl.LeaderElection (LogUtils.java:infoOrTrace(136)) -   Exception 1: java.util.concurrent.ExecutionException: org.apache.ratis.thirdparty.io.netty.channel.AbstractChannel$AnnotatedConnectException: finishConnect(..) failed: Connection refused: localhost/127.0.0.1:15156
2024-10-07 19:12:16,977 [s1@group-F5D0649D4159-LeaderElection17] INFO  impl.LeaderElection (LogUtils.java:infoOrTrace(136)) -   Exception 2: java.util.concurrent.ExecutionException: org.apache.ratis.thirdparty.io.netty.channel.AbstractChannel$AnnotatedConnectException: finishConnect(..) failed: Connection refused: localhost/127.0.0.1:15148
2024-10-07 19:12:16,977 [s1@group-F5D0649D4159-LeaderElection17] INFO  impl.LeaderElection (LeaderElection.java:askForVotes(339)) - s1@group-F5D0649D4159-LeaderElection17 PRE_VOTE round 65: result TIMEOUT
2024-10-07 19:12:16,977 [s1@group-F5D0649D4159-LeaderElection17] INFO  impl.LeaderElection (LeaderElection.java:askForVotes(337)) - s1@group-F5D0649D4159-LeaderElection17 PRE_VOTE round 66: submit vote requests at term 2 for conf: {index: 1, cur=peers:[s3|localhost:15152, s4|localhost:15156, s0|localhost:15140, s1|localhost:15144, s2|localhost:15148]|listeners:[], old=null}
2024-10-07 19:12:16,977 [NettyRpcService-workerGroup--thread3] INFO  server.RaftServer$Division (RaftServerImpl.java:requestVote(1443)) - s0@group-F5D0649D4159: receive requestVote(PRE_VOTE, s1, group-F5D0649D4159, 2, (t:2, i:2))
2024-10-07 19:12:16,977 [NettyRpcService-workerGroup--thread3] INFO  impl.VoteContext (VoteContext.java:log(49)) - s0@group-F5D0649D4159-CANDIDATE: accept PRE_VOTE from s1: our priority 0 <= candidate's priority 0
2024-10-07 19:12:16,978 [NettyRpcService-workerGroup--thread3] INFO  server.RaftServer$Division (RaftServerImpl.java:requestVote(1476)) - s0@group-F5D0649D4159 replies to PRE_VOTE vote request: s1<-s0#0:OK-t2. Peer's state: s0@group-F5D0649D4159:t2, leader=null, voted=s4, raftlog=Memoized:s0@group-F5D0649D4159-SegmentedRaftLog:OPENED:c2:last(t:2, i:2), conf=conf: {index: 1, cur=peers:[s3|localhost:15152, s4|localhost:15156, s0|localhost:15140, s1|localhost:15144, s2|localhost:15148]|listeners:[], old=null}
2024-10-07 19:12:16,978 [s1@group-F5D0649D4159-LeaderElection17] INFO  impl.LeaderElection (LogUtils.java:infoOrTrace(136)) - s1@group-F5D0649D4159-LeaderElection17 got exception when requesting votes: java.util.concurrent.ExecutionException: org.apache.ratis.thirdparty.io.netty.channel.AbstractChannel$AnnotatedConnectException: finishConnect(..) failed: Connection refused: localhost/127.0.0.1:15148
2024-10-07 19:12:16,978 [s1@group-F5D0649D4159-LeaderElection17] INFO  impl.LeaderElection (LogUtils.java:infoOrTrace(136)) - s1@group-F5D0649D4159-LeaderElection17 got exception when requesting votes: java.util.concurrent.ExecutionException: org.apache.ratis.thirdparty.io.netty.channel.AbstractChannel$AnnotatedConnectException: finishConnect(..) failed: Connection refused: localhost/127.0.0.1:15156
2024-10-07 19:12:17,167 [s0@group-F5D0649D4159-LeaderElection18] INFO  impl.LeaderElection (LeaderElection.java:logAndReturn(90)) - s0@group-F5D0649D4159-LeaderElection18: PRE_VOTE TIMEOUT received 1 response(s) and 2 exception(s):
2024-10-07 19:12:17,167 [s0@group-F5D0649D4159-LeaderElection18] INFO  impl.LeaderElection (LeaderElection.java:logAndReturn(94)) -   Response 0: s0<-s1#0:OK-t2
2024-10-07 19:12:17,167 [s0@group-F5D0649D4159-LeaderElection18] INFO  impl.LeaderElection (LogUtils.java:infoOrTrace(136)) -   Exception 1: java.util.concurrent.ExecutionException: org.apache.ratis.thirdparty.io.netty.channel.AbstractChannel$AnnotatedConnectException: finishConnect(..) failed: Connection refused: localhost/127.0.0.1:15156
2024-10-07 19:12:17,167 [s0@group-F5D0649D4159-LeaderElection18] INFO  impl.LeaderElection (LogUtils.java:infoOrTrace(136)) -   Exception 2: java.util.concurrent.ExecutionException: org.apache.ratis.thirdparty.io.netty.channel.AbstractChannel$AnnotatedConnectException: finishConnect(..) failed: Connection refused: localhost/127.0.0.1:15148
2024-10-07 19:12:17,167 [s0@group-F5D0649D4159-LeaderElection18] INFO  impl.LeaderElection (LeaderElection.java:askForVotes(339)) - s0@group-F5D0649D4159-LeaderElection18 PRE_VOTE round 51: result TIMEOUT
2024-10-07 19:12:17,167 [s0@group-F5D0649D4159-LeaderElection18] INFO  impl.LeaderElection (LeaderElection.java:askForVotes(337)) - s0@group-F5D0649D4159-LeaderElection18 PRE_VOTE round 52: submit vote requests at term 2 for conf: {index: 1, cur=peers:[s3|localhost:15152, s4|localhost:15156, s0|localhost:15140, s1|localhost:15144, s2|localhost:15148]|listeners:[], old=null}
2024-10-07 19:12:17,168 [NettyRpcService-workerGroup--thread3] INFO  server.RaftServer$Division (RaftServerImpl.java:requestVote(1443)) - s1@group-F5D0649D4159: receive requestVote(PRE_VOTE, s0, group-F5D0649D4159, 2, (t:2, i:2))
2024-10-07 19:12:17,168 [NettyRpcService-workerGroup--thread3] INFO  impl.VoteContext (VoteContext.java:log(49)) - s1@group-F5D0649D4159-CANDIDATE: accept PRE_VOTE from s0: our priority 0 <= candidate's priority 0
2024-10-07 19:12:17,168 [s0@group-F5D0649D4159-LeaderElection18] INFO  impl.LeaderElection (LogUtils.java:infoOrTrace(136)) - s0@group-F5D0649D4159-LeaderElection18 got exception when requesting votes: java.util.concurrent.ExecutionException: org.apache.ratis.thirdparty.io.netty.channel.AbstractChannel$AnnotatedConnectException: finishConnect(..) failed: Connection refused: localhost/127.0.0.1:15148
2024-10-07 19:12:17,168 [NettyRpcService-workerGroup--thread3] INFO  server.RaftServer$Division (RaftServerImpl.java:requestVote(1476)) - s1@group-F5D0649D4159 replies to PRE_VOTE vote request: s0<-s1#0:OK-t2. Peer's state: s1@group-F5D0649D4159:t2, leader=null, voted=s4, raftlog=Memoized:s1@group-F5D0649D4159-SegmentedRaftLog:OPENED:c2:last(t:2, i:2), conf=conf: {index: 1, cur=peers:[s3|localhost:15152, s4|localhost:15156, s0|localhost:15140, s1|localhost:15144, s2|localhost:15148]|listeners:[], old=null}
2024-10-07 19:12:17,168 [s0@group-F5D0649D4159-LeaderElection18] INFO  impl.LeaderElection (LogUtils.java:infoOrTrace(136)) - s0@group-F5D0649D4159-LeaderElection18 got exception when requesting votes: java.util.concurrent.ExecutionException: org.apache.ratis.thirdparty.io.netty.channel.AbstractChannel$AnnotatedConnectException: finishConnect(..) failed: Connection refused: localhost/127.0.0.1:15156
2024-10-07 19:12:17,199 [main] WARN  ratis.RaftTestUtil (RaftTestUtil.java:lambda$waitForLeader$3(126)) - Attempt #35 failed: java.lang.IllegalStateException: No leader yet : printing ALL groups
  s3:  RUNNING  FOLLOWER s3@group-F5D0649D4159:t1, leader=null, voted=null, raftlog=Memoized:s3@group-F5D0649D4159-SegmentedRaftLog:OPENED:c-1:lastnull, conf=conf: {index: -1, cur=peers:[s3|localhost:15152, s4|localhost:15156, s0|localhost:15140, s1|localhost:15144, s2|localhost:15148]|listeners:[], old=null} RUNNING
  s4:   CLOSED    LEADER s4@group-F5D0649D4159:t2, leader=s4, voted=s4, raftlog=Memoized:s4@group-F5D0649D4159-SegmentedRaftLog:CLOSED:c2, conf=conf: {index: 1, cur=peers:[s3|localhost:15152, s4|localhost:15156, s0|localhost:15140, s1|localhost:15144, s2|localhost:15148]|listeners:[], old=null} CLOSED
  s0:  RUNNING CANDIDATE s0@group-F5D0649D4159:t2, leader=null, voted=s4, raftlog=Memoized:s0@group-F5D0649D4159-SegmentedRaftLog:OPENED:c2:last(t:2, i:2), conf=conf: {index: 1, cur=peers:[s3|localhost:15152, s4|localhost:15156, s0|localhost:15140, s1|localhost:15144, s2|localhost:15148]|listeners:[], old=null} RUNNING
  s1:  RUNNING CANDIDATE s1@group-F5D0649D4159:t2, leader=null, voted=s4, raftlog=Memoized:s1@group-F5D0649D4159-SegmentedRaftLog:OPENED:c2:last(t:2, i:2), conf=conf: {index: 1, cur=peers:[s3|localhost:15152, s4|localhost:15156, s0|localhost:15140, s1|localhost:15144, s2|localhost:15148]|listeners:[], old=null} RUNNING
  s2:   CLOSED    LEADER s2@group-F5D0649D4159:t1, leader=s2, voted=s2, raftlog=Memoized:s2@group-F5D0649D4159-SegmentedRaftLog:CLOSED:c0, conf=conf: {index: 0, cur=peers:[s3|localhost:15152, s4|localhost:15156, s0|localhost:15140, s1|localhost:15144, s2|localhost:15148]|listeners:[], old=null} CLOSED
2024-10-07 19:12:17,264 [s1@group-F5D0649D4159-LeaderElection17] INFO  impl.LeaderElection (LeaderElection.java:logAndReturn(90)) - s1@group-F5D0649D4159-LeaderElection17: PRE_VOTE TIMEOUT received 1 response(s) and 2 exception(s):
2024-10-07 19:12:17,264 [s1@group-F5D0649D4159-LeaderElection17] INFO  impl.LeaderElection (LeaderElection.java:logAndReturn(94)) -   Response 0: s1<-s0#0:OK-t2
2024-10-07 19:12:17,264 [s1@group-F5D0649D4159-LeaderElection17] INFO  impl.LeaderElection (LogUtils.java:infoOrTrace(136)) -   Exception 1: java.util.concurrent.ExecutionException: org.apache.ratis.thirdparty.io.netty.channel.AbstractChannel$AnnotatedConnectException: finishConnect(..) failed: Connection refused: localhost/127.0.0.1:15148
2024-10-07 19:12:17,265 [s1@group-F5D0649D4159-LeaderElection17] INFO  impl.LeaderElection (LogUtils.java:infoOrTrace(136)) -   Exception 2: java.util.concurrent.ExecutionException: org.apache.ratis.thirdparty.io.netty.channel.AbstractChannel$AnnotatedConnectException: finishConnect(..) failed: Connection refused: localhost/127.0.0.1:15156
2024-10-07 19:12:17,265 [s1@group-F5D0649D4159-LeaderElection17] INFO  impl.LeaderElection (LeaderElection.java:askForVotes(339)) - s1@group-F5D0649D4159-LeaderElection17 PRE_VOTE round 66: result TIMEOUT
2024-10-07 19:12:17,265 [s1@group-F5D0649D4159-LeaderElection17] INFO  impl.LeaderElection (LeaderElection.java:askForVotes(337)) - s1@group-F5D0649D4159-LeaderElection17 PRE_VOTE round 67: submit vote requests at term 2 for conf: {index: 1, cur=peers:[s3|localhost:15152, s4|localhost:15156, s0|localhost:15140, s1|localhost:15144, s2|localhost:15148]|listeners:[], old=null}
2024-10-07 19:12:17,266 [NettyRpcService-workerGroup--thread3] INFO  server.RaftServer$Division (RaftServerImpl.java:requestVote(1443)) - s0@group-F5D0649D4159: receive requestVote(PRE_VOTE, s1, group-F5D0649D4159, 2, (t:2, i:2))
2024-10-07 19:12:17,266 [NettyRpcService-workerGroup--thread3] INFO  impl.VoteContext (VoteContext.java:log(49)) - s0@group-F5D0649D4159-CANDIDATE: accept PRE_VOTE from s1: our priority 0 <= candidate's priority 0
2024-10-07 19:12:17,266 [s1@group-F5D0649D4159-LeaderElection17] INFO  impl.LeaderElection (LogUtils.java:infoOrTrace(136)) - s1@group-F5D0649D4159-LeaderElection17 got exception when requesting votes: java.util.concurrent.ExecutionException: org.apache.ratis.thirdparty.io.netty.channel.AbstractChannel$AnnotatedConnectException: finishConnect(..) failed: Connection refused: localhost/127.0.0.1:15156
2024-10-07 19:12:17,266 [NettyRpcService-workerGroup--thread3] INFO  server.RaftServer$Division (RaftServerImpl.java:requestVote(1476)) - s0@group-F5D0649D4159 replies to PRE_VOTE vote request: s1<-s0#0:OK-t2. Peer's state: s0@group-F5D0649D4159:t2, leader=null, voted=s4, raftlog=Memoized:s0@group-F5D0649D4159-SegmentedRaftLog:OPENED:c2:last(t:2, i:2), conf=conf: {index: 1, cur=peers:[s3|localhost:15152, s4|localhost:15156, s0|localhost:15140, s1|localhost:15144, s2|localhost:15148]|listeners:[], old=null}
2024-10-07 19:12:17,266 [s1@group-F5D0649D4159-LeaderElection17] INFO  impl.LeaderElection (LogUtils.java:infoOrTrace(136)) - s1@group-F5D0649D4159-LeaderElection17 got exception when requesting votes: java.util.concurrent.ExecutionException: org.apache.ratis.thirdparty.io.netty.channel.AbstractChannel$AnnotatedConnectException: finishConnect(..) failed: Connection refused: localhost/127.0.0.1:15148
2024-10-07 19:12:17,460 [s0@group-F5D0649D4159-LeaderElection18] INFO  impl.LeaderElection (LeaderElection.java:logAndReturn(90)) - s0@group-F5D0649D4159-LeaderElection18: PRE_VOTE TIMEOUT received 1 response(s) and 2 exception(s):
2024-10-07 19:12:17,460 [s0@group-F5D0649D4159-LeaderElection18] INFO  impl.LeaderElection (LeaderElection.java:logAndReturn(94)) -   Response 0: s0<-s1#0:OK-t2
2024-10-07 19:12:17,460 [s0@group-F5D0649D4159-LeaderElection18] INFO  impl.LeaderElection (LogUtils.java:infoOrTrace(136)) -   Exception 1: java.util.concurrent.ExecutionException: org.apache.ratis.thirdparty.io.netty.channel.AbstractChannel$AnnotatedConnectException: finishConnect(..) failed: Connection refused: localhost/127.0.0.1:15148
2024-10-07 19:12:17,460 [s0@group-F5D0649D4159-LeaderElection18] INFO  impl.LeaderElection (LogUtils.java:infoOrTrace(136)) -   Exception 2: java.util.concurrent.ExecutionException: org.apache.ratis.thirdparty.io.netty.channel.AbstractChannel$AnnotatedConnectException: finishConnect(..) failed: Connection refused: localhost/127.0.0.1:15156
2024-10-07 19:12:17,460 [s0@group-F5D0649D4159-LeaderElection18] INFO  impl.LeaderElection (LeaderElection.java:askForVotes(339)) - s0@group-F5D0649D4159-LeaderElection18 PRE_VOTE round 52: result TIMEOUT
2024-10-07 19:12:17,460 [s0@group-F5D0649D4159-LeaderElection18] INFO  impl.LeaderElection (LeaderElection.java:askForVotes(337)) - s0@group-F5D0649D4159-LeaderElection18 PRE_VOTE round 53: submit vote requests at term 2 for conf: {index: 1, cur=peers:[s3|localhost:15152, s4|localhost:15156, s0|localhost:15140, s1|localhost:15144, s2|localhost:15148]|listeners:[], old=null}
2024-10-07 19:12:17,461 [NettyRpcService-workerGroup--thread3] INFO  server.RaftServer$Division (RaftServerImpl.java:requestVote(1443)) - s1@group-F5D0649D4159: receive requestVote(PRE_VOTE, s0, group-F5D0649D4159, 2, (t:2, i:2))
2024-10-07 19:12:17,461 [s0@group-F5D0649D4159-LeaderElection18] INFO  impl.LeaderElection (LogUtils.java:infoOrTrace(136)) - s0@group-F5D0649D4159-LeaderElection18 got exception when requesting votes: java.util.concurrent.ExecutionException: org.apache.ratis.thirdparty.io.netty.channel.AbstractChannel$AnnotatedConnectException: finishConnect(..) failed: Connection refused: localhost/127.0.0.1:15156
2024-10-07 19:12:17,461 [NettyRpcService-workerGroup--thread3] INFO  impl.VoteContext (VoteContext.java:log(49)) - s1@group-F5D0649D4159-CANDIDATE: accept PRE_VOTE from s0: our priority 0 <= candidate's priority 0
2024-10-07 19:12:17,461 [NettyRpcService-workerGroup--thread3] INFO  server.RaftServer$Division (RaftServerImpl.java:requestVote(1476)) - s1@group-F5D0649D4159 replies to PRE_VOTE vote request: s0<-s1#0:OK-t2. Peer's state: s1@group-F5D0649D4159:t2, leader=null, voted=s4, raftlog=Memoized:s1@group-F5D0649D4159-SegmentedRaftLog:OPENED:c2:last(t:2, i:2), conf=conf: {index: 1, cur=peers:[s3|localhost:15152, s4|localhost:15156, s0|localhost:15140, s1|localhost:15144, s2|localhost:15148]|listeners:[], old=null}
2024-10-07 19:12:17,462 [s0@group-F5D0649D4159-LeaderElection18] INFO  impl.LeaderElection (LogUtils.java:infoOrTrace(136)) - s0@group-F5D0649D4159-LeaderElection18 got exception when requesting votes: java.util.concurrent.ExecutionException: org.apache.ratis.thirdparty.io.netty.channel.AbstractChannel$AnnotatedConnectException: finishConnect(..) failed: Connection refused: localhost/127.0.0.1:15148
2024-10-07 19:12:17,539 [s1@group-F5D0649D4159-LeaderElection17] INFO  impl.LeaderElection (LeaderElection.java:logAndReturn(90)) - s1@group-F5D0649D4159-LeaderElection17: PRE_VOTE TIMEOUT received 1 response(s) and 2 exception(s):
2024-10-07 19:12:17,540 [s1@group-F5D0649D4159-LeaderElection17] INFO  impl.LeaderElection (LeaderElection.java:logAndReturn(94)) -   Response 0: s1<-s0#0:OK-t2
2024-10-07 19:12:17,540 [s1@group-F5D0649D4159-LeaderElection17] INFO  impl.LeaderElection (LogUtils.java:infoOrTrace(136)) -   Exception 1: java.util.concurrent.ExecutionException: org.apache.ratis.thirdparty.io.netty.channel.AbstractChannel$AnnotatedConnectException: finishConnect(..) failed: Connection refused: localhost/127.0.0.1:15156
2024-10-07 19:12:17,540 [s1@group-F5D0649D4159-LeaderElection17] INFO  impl.LeaderElection (LogUtils.java:infoOrTrace(136)) -   Exception 2: java.util.concurrent.ExecutionException: org.apache.ratis.thirdparty.io.netty.channel.AbstractChannel$AnnotatedConnectException: finishConnect(..) failed: Connection refused: localhost/127.0.0.1:15148
2024-10-07 19:12:17,540 [s1@group-F5D0649D4159-LeaderElection17] INFO  impl.LeaderElection (LeaderElection.java:askForVotes(339)) - s1@group-F5D0649D4159-LeaderElection17 PRE_VOTE round 67: result TIMEOUT
2024-10-07 19:12:17,540 [s1@group-F5D0649D4159-LeaderElection17] INFO  impl.LeaderElection (LeaderElection.java:askForVotes(337)) - s1@group-F5D0649D4159-LeaderElection17 PRE_VOTE round 68: submit vote requests at term 2 for conf: {index: 1, cur=peers:[s3|localhost:15152, s4|localhost:15156, s0|localhost:15140, s1|localhost:15144, s2|localhost:15148]|listeners:[], old=null}
2024-10-07 19:12:17,541 [NettyRpcService-workerGroup--thread3] INFO  server.RaftServer$Division (RaftServerImpl.java:requestVote(1443)) - s0@group-F5D0649D4159: receive requestVote(PRE_VOTE, s1, group-F5D0649D4159, 2, (t:2, i:2))
2024-10-07 19:12:17,541 [NettyRpcService-workerGroup--thread3] INFO  impl.VoteContext (VoteContext.java:log(49)) - s0@group-F5D0649D4159-CANDIDATE: accept PRE_VOTE from s1: our priority 0 <= candidate's priority 0
2024-10-07 19:12:17,541 [s1@group-F5D0649D4159-LeaderElection17] INFO  impl.LeaderElection (LogUtils.java:infoOrTrace(136)) - s1@group-F5D0649D4159-LeaderElection17 got exception when requesting votes: java.util.concurrent.ExecutionException: org.apache.ratis.thirdparty.io.netty.channel.AbstractChannel$AnnotatedConnectException: finishConnect(..) failed: Connection refused: localhost/127.0.0.1:15148
2024-10-07 19:12:17,541 [s1@group-F5D0649D4159-LeaderElection17] INFO  impl.LeaderElection (LogUtils.java:infoOrTrace(136)) - s1@group-F5D0649D4159-LeaderElection17 got exception when requesting votes: java.util.concurrent.ExecutionException: org.apache.ratis.thirdparty.io.netty.channel.AbstractChannel$AnnotatedConnectException: finishConnect(..) failed: Connection refused: localhost/127.0.0.1:15156
2024-10-07 19:12:17,541 [NettyRpcService-workerGroup--thread3] INFO  server.RaftServer$Division (RaftServerImpl.java:requestVote(1476)) - s0@group-F5D0649D4159 replies to PRE_VOTE vote request: s1<-s0#0:OK-t2. Peer's state: s0@group-F5D0649D4159:t2, leader=null, voted=s4, raftlog=Memoized:s0@group-F5D0649D4159-SegmentedRaftLog:OPENED:c2:last(t:2, i:2), conf=conf: {index: 1, cur=peers:[s3|localhost:15152, s4|localhost:15156, s0|localhost:15140, s1|localhost:15144, s2|localhost:15148]|listeners:[], old=null}
2024-10-07 19:12:17,649 [main] WARN  ratis.RaftTestUtil (RaftTestUtil.java:lambda$waitForLeader$3(126)) - Attempt #36 failed: java.lang.IllegalStateException: No leader yet : printing ALL groups
  s3:  RUNNING  FOLLOWER s3@group-F5D0649D4159:t1, leader=null, voted=null, raftlog=Memoized:s3@group-F5D0649D4159-SegmentedRaftLog:OPENED:c-1:lastnull, conf=conf: {index: -1, cur=peers:[s3|localhost:15152, s4|localhost:15156, s0|localhost:15140, s1|localhost:15144, s2|localhost:15148]|listeners:[], old=null} RUNNING
  s4:   CLOSED    LEADER s4@group-F5D0649D4159:t2, leader=s4, voted=s4, raftlog=Memoized:s4@group-F5D0649D4159-SegmentedRaftLog:CLOSED:c2, conf=conf: {index: 1, cur=peers:[s3|localhost:15152, s4|localhost:15156, s0|localhost:15140, s1|localhost:15144, s2|localhost:15148]|listeners:[], old=null} CLOSED
  s0:  RUNNING CANDIDATE s0@group-F5D0649D4159:t2, leader=null, voted=s4, raftlog=Memoized:s0@group-F5D0649D4159-SegmentedRaftLog:OPENED:c2:last(t:2, i:2), conf=conf: {index: 1, cur=peers:[s3|localhost:15152, s4|localhost:15156, s0|localhost:15140, s1|localhost:15144, s2|localhost:15148]|listeners:[], old=null} RUNNING
  s1:  RUNNING CANDIDATE s1@group-F5D0649D4159:t2, leader=null, voted=s4, raftlog=Memoized:s1@group-F5D0649D4159-SegmentedRaftLog:OPENED:c2:last(t:2, i:2), conf=conf: {index: 1, cur=peers:[s3|localhost:15152, s4|localhost:15156, s0|localhost:15140, s1|localhost:15144, s2|localhost:15148]|listeners:[], old=null} RUNNING
  s2:   CLOSED    LEADER s2@group-F5D0649D4159:t1, leader=s2, voted=s2, raftlog=Memoized:s2@group-F5D0649D4159-SegmentedRaftLog:CLOSED:c0, conf=conf: {index: 0, cur=peers:[s3|localhost:15152, s4|localhost:15156, s0|localhost:15140, s1|localhost:15144, s2|localhost:15148]|listeners:[], old=null} CLOSED
2024-10-07 19:12:17,680 [s0@group-F5D0649D4159-LeaderElection18] INFO  impl.LeaderElection (LeaderElection.java:logAndReturn(90)) - s0@group-F5D0649D4159-LeaderElection18: PRE_VOTE TIMEOUT received 1 response(s) and 2 exception(s):
2024-10-07 19:12:17,680 [s0@group-F5D0649D4159-LeaderElection18] INFO  impl.LeaderElection (LeaderElection.java:logAndReturn(94)) -   Response 0: s0<-s1#0:OK-t2
2024-10-07 19:12:17,680 [s0@group-F5D0649D4159-LeaderElection18] INFO  impl.LeaderElection (LogUtils.java:infoOrTrace(136)) -   Exception 1: java.util.concurrent.ExecutionException: org.apache.ratis.thirdparty.io.netty.channel.AbstractChannel$AnnotatedConnectException: finishConnect(..) failed: Connection refused: localhost/127.0.0.1:15156
2024-10-07 19:12:17,681 [s0@group-F5D0649D4159-LeaderElection18] INFO  impl.LeaderElection (LogUtils.java:infoOrTrace(136)) -   Exception 2: java.util.concurrent.ExecutionException: org.apache.ratis.thirdparty.io.netty.channel.AbstractChannel$AnnotatedConnectException: finishConnect(..) failed: Connection refused: localhost/127.0.0.1:15148
2024-10-07 19:12:17,681 [s0@group-F5D0649D4159-LeaderElection18] INFO  impl.LeaderElection (LeaderElection.java:askForVotes(339)) - s0@group-F5D0649D4159-LeaderElection18 PRE_VOTE round 53: result TIMEOUT
2024-10-07 19:12:17,681 [s0@group-F5D0649D4159-LeaderElection18] INFO  impl.LeaderElection (LeaderElection.java:askForVotes(337)) - s0@group-F5D0649D4159-LeaderElection18 PRE_VOTE round 54: submit vote requests at term 2 for conf: {index: 1, cur=peers:[s3|localhost:15152, s4|localhost:15156, s0|localhost:15140, s1|localhost:15144, s2|localhost:15148]|listeners:[], old=null}
2024-10-07 19:12:17,682 [NettyRpcService-workerGroup--thread3] INFO  server.RaftServer$Division (RaftServerImpl.java:requestVote(1443)) - s1@group-F5D0649D4159: receive requestVote(PRE_VOTE, s0, group-F5D0649D4159, 2, (t:2, i:2))
2024-10-07 19:12:17,682 [NettyRpcService-workerGroup--thread3] INFO  impl.VoteContext (VoteContext.java:log(49)) - s1@group-F5D0649D4159-CANDIDATE: accept PRE_VOTE from s0: our priority 0 <= candidate's priority 0
2024-10-07 19:12:17,682 [NettyRpcService-workerGroup--thread3] INFO  server.RaftServer$Division (RaftServerImpl.java:requestVote(1476)) - s1@group-F5D0649D4159 replies to PRE_VOTE vote request: s0<-s1#0:OK-t2. Peer's state: s1@group-F5D0649D4159:t2, leader=null, voted=s4, raftlog=Memoized:s1@group-F5D0649D4159-SegmentedRaftLog:OPENED:c2:last(t:2, i:2), conf=conf: {index: 1, cur=peers:[s3|localhost:15152, s4|localhost:15156, s0|localhost:15140, s1|localhost:15144, s2|localhost:15148]|listeners:[], old=null}
2024-10-07 19:12:17,682 [s0@group-F5D0649D4159-LeaderElection18] INFO  impl.LeaderElection (LogUtils.java:infoOrTrace(136)) - s0@group-F5D0649D4159-LeaderElection18 got exception when requesting votes: java.util.concurrent.ExecutionException: org.apache.ratis.thirdparty.io.netty.channel.AbstractChannel$AnnotatedConnectException: finishConnect(..) failed: Connection refused: localhost/127.0.0.1:15156
2024-10-07 19:12:17,682 [s0@group-F5D0649D4159-LeaderElection18] INFO  impl.LeaderElection (LogUtils.java:infoOrTrace(136)) - s0@group-F5D0649D4159-LeaderElection18 got exception when requesting votes: java.util.concurrent.ExecutionException: org.apache.ratis.thirdparty.io.netty.channel.AbstractChannel$AnnotatedConnectException: finishConnect(..) failed: Connection refused: localhost/127.0.0.1:15148
2024-10-07 19:12:17,834 [s1@group-F5D0649D4159-LeaderElection17] INFO  impl.LeaderElection (LeaderElection.java:logAndReturn(90)) - s1@group-F5D0649D4159-LeaderElection17: PRE_VOTE TIMEOUT received 1 response(s) and 2 exception(s):
2024-10-07 19:12:17,834 [s1@group-F5D0649D4159-LeaderElection17] INFO  impl.LeaderElection (LeaderElection.java:logAndReturn(94)) -   Response 0: s1<-s0#0:OK-t2
2024-10-07 19:12:17,834 [s1@group-F5D0649D4159-LeaderElection17] INFO  impl.LeaderElection (LogUtils.java:infoOrTrace(136)) -   Exception 1: java.util.concurrent.ExecutionException: org.apache.ratis.thirdparty.io.netty.channel.AbstractChannel$AnnotatedConnectException: finishConnect(..) failed: Connection refused: localhost/127.0.0.1:15148
2024-10-07 19:12:17,834 [s1@group-F5D0649D4159-LeaderElection17] INFO  impl.LeaderElection (LogUtils.java:infoOrTrace(136)) -   Exception 2: java.util.concurrent.ExecutionException: org.apache.ratis.thirdparty.io.netty.channel.AbstractChannel$AnnotatedConnectException: finishConnect(..) failed: Connection refused: localhost/127.0.0.1:15156
2024-10-07 19:12:17,834 [s1@group-F5D0649D4159-LeaderElection17] INFO  impl.LeaderElection (LeaderElection.java:askForVotes(339)) - s1@group-F5D0649D4159-LeaderElection17 PRE_VOTE round 68: result TIMEOUT
2024-10-07 19:12:17,834 [s1@group-F5D0649D4159-LeaderElection17] INFO  impl.LeaderElection (LeaderElection.java:askForVotes(337)) - s1@group-F5D0649D4159-LeaderElection17 PRE_VOTE round 69: submit vote requests at term 2 for conf: {index: 1, cur=peers:[s3|localhost:15152, s4|localhost:15156, s0|localhost:15140, s1|localhost:15144, s2|localhost:15148]|listeners:[], old=null}
2024-10-07 19:12:17,835 [NettyRpcService-workerGroup--thread3] INFO  server.RaftServer$Division (RaftServerImpl.java:requestVote(1443)) - s0@group-F5D0649D4159: receive requestVote(PRE_VOTE, s1, group-F5D0649D4159, 2, (t:2, i:2))
2024-10-07 19:12:17,835 [NettyRpcService-workerGroup--thread3] INFO  impl.VoteContext (VoteContext.java:log(49)) - s0@group-F5D0649D4159-CANDIDATE: accept PRE_VOTE from s1: our priority 0 <= candidate's priority 0
2024-10-07 19:12:17,835 [NettyRpcService-workerGroup--thread3] INFO  server.RaftServer$Division (RaftServerImpl.java:requestVote(1476)) - s0@group-F5D0649D4159 replies to PRE_VOTE vote request: s1<-s0#0:OK-t2. Peer's state: s0@group-F5D0649D4159:t2, leader=null, voted=s4, raftlog=Memoized:s0@group-F5D0649D4159-SegmentedRaftLog:OPENED:c2:last(t:2, i:2), conf=conf: {index: 1, cur=peers:[s3|localhost:15152, s4|localhost:15156, s0|localhost:15140, s1|localhost:15144, s2|localhost:15148]|listeners:[], old=null}
2024-10-07 19:12:17,835 [s1@group-F5D0649D4159-LeaderElection17] INFO  impl.LeaderElection (LogUtils.java:infoOrTrace(136)) - s1@group-F5D0649D4159-LeaderElection17 got exception when requesting votes: java.util.concurrent.ExecutionException: org.apache.ratis.thirdparty.io.netty.channel.AbstractChannel$AnnotatedConnectException: finishConnect(..) failed: Connection refused: localhost/127.0.0.1:15148
2024-10-07 19:12:17,835 [s1@group-F5D0649D4159-LeaderElection17] INFO  impl.LeaderElection (LogUtils.java:infoOrTrace(136)) - s1@group-F5D0649D4159-LeaderElection17 got exception when requesting votes: java.util.concurrent.ExecutionException: org.apache.ratis.thirdparty.io.netty.channel.AbstractChannel$AnnotatedConnectException: finishConnect(..) failed: Connection refused: localhost/127.0.0.1:15156
2024-10-07 19:12:17,933 [s0@group-F5D0649D4159-LeaderElection18] INFO  impl.LeaderElection (LeaderElection.java:logAndReturn(90)) - s0@group-F5D0649D4159-LeaderElection18: PRE_VOTE TIMEOUT received 1 response(s) and 2 exception(s):
2024-10-07 19:12:17,933 [s0@group-F5D0649D4159-LeaderElection18] INFO  impl.LeaderElection (LeaderElection.java:logAndReturn(94)) -   Response 0: s0<-s1#0:OK-t2
2024-10-07 19:12:17,933 [s0@group-F5D0649D4159-LeaderElection18] INFO  impl.LeaderElection (LogUtils.java:infoOrTrace(136)) -   Exception 1: java.util.concurrent.ExecutionException: org.apache.ratis.thirdparty.io.netty.channel.AbstractChannel$AnnotatedConnectException: finishConnect(..) failed: Connection refused: localhost/127.0.0.1:15156
2024-10-07 19:12:17,933 [s0@group-F5D0649D4159-LeaderElection18] INFO  impl.LeaderElection (LogUtils.java:infoOrTrace(136)) -   Exception 2: java.util.concurrent.ExecutionException: org.apache.ratis.thirdparty.io.netty.channel.AbstractChannel$AnnotatedConnectException: finishConnect(..) failed: Connection refused: localhost/127.0.0.1:15148
2024-10-07 19:12:17,933 [s0@group-F5D0649D4159-LeaderElection18] INFO  impl.LeaderElection (LeaderElection.java:askForVotes(339)) - s0@group-F5D0649D4159-LeaderElection18 PRE_VOTE round 54: result TIMEOUT
2024-10-07 19:12:17,933 [s0@group-F5D0649D4159-LeaderElection18] INFO  impl.LeaderElection (LeaderElection.java:askForVotes(337)) - s0@group-F5D0649D4159-LeaderElection18 PRE_VOTE round 55: submit vote requests at term 2 for conf: {index: 1, cur=peers:[s3|localhost:15152, s4|localhost:15156, s0|localhost:15140, s1|localhost:15144, s2|localhost:15148]|listeners:[], old=null}
2024-10-07 19:12:17,934 [NettyRpcService-workerGroup--thread3] INFO  server.RaftServer$Division (RaftServerImpl.java:requestVote(1443)) - s1@group-F5D0649D4159: receive requestVote(PRE_VOTE, s0, group-F5D0649D4159, 2, (t:2, i:2))
2024-10-07 19:12:17,934 [s0@group-F5D0649D4159-LeaderElection18] INFO  impl.LeaderElection (LogUtils.java:infoOrTrace(136)) - s0@group-F5D0649D4159-LeaderElection18 got exception when requesting votes: java.util.concurrent.ExecutionException: org.apache.ratis.thirdparty.io.netty.channel.AbstractChannel$AnnotatedConnectException: finishConnect(..) failed: Connection refused: localhost/127.0.0.1:15148
2024-10-07 19:12:17,934 [NettyRpcService-workerGroup--thread3] INFO  impl.VoteContext (VoteContext.java:log(49)) - s1@group-F5D0649D4159-CANDIDATE: accept PRE_VOTE from s0: our priority 0 <= candidate's priority 0
2024-10-07 19:12:17,935 [NettyRpcService-workerGroup--thread3] INFO  server.RaftServer$Division (RaftServerImpl.java:requestVote(1476)) - s1@group-F5D0649D4159 replies to PRE_VOTE vote request: s0<-s1#0:OK-t2. Peer's state: s1@group-F5D0649D4159:t2, leader=null, voted=s4, raftlog=Memoized:s1@group-F5D0649D4159-SegmentedRaftLog:OPENED:c2:last(t:2, i:2), conf=conf: {index: 1, cur=peers:[s3|localhost:15152, s4|localhost:15156, s0|localhost:15140, s1|localhost:15144, s2|localhost:15148]|listeners:[], old=null}
2024-10-07 19:12:17,935 [s0@group-F5D0649D4159-LeaderElection18] INFO  impl.LeaderElection (LogUtils.java:infoOrTrace(136)) - s0@group-F5D0649D4159-LeaderElection18 got exception when requesting votes: java.util.concurrent.ExecutionException: org.apache.ratis.thirdparty.io.netty.channel.AbstractChannel$AnnotatedConnectException: finishConnect(..) failed: Connection refused: localhost/127.0.0.1:15156
2024-10-07 19:12:18,012 [s1@group-F5D0649D4159-LeaderElection17] INFO  impl.LeaderElection (LeaderElection.java:logAndReturn(90)) - s1@group-F5D0649D4159-LeaderElection17: PRE_VOTE TIMEOUT received 1 response(s) and 2 exception(s):
2024-10-07 19:12:18,012 [s1@group-F5D0649D4159-LeaderElection17] INFO  impl.LeaderElection (LeaderElection.java:logAndReturn(94)) -   Response 0: s1<-s0#0:OK-t2
2024-10-07 19:12:18,012 [s1@group-F5D0649D4159-LeaderElection17] INFO  impl.LeaderElection (LogUtils.java:infoOrTrace(136)) -   Exception 1: java.util.concurrent.ExecutionException: org.apache.ratis.thirdparty.io.netty.channel.AbstractChannel$AnnotatedConnectException: finishConnect(..) failed: Connection refused: localhost/127.0.0.1:15148
2024-10-07 19:12:18,012 [s1@group-F5D0649D4159-LeaderElection17] INFO  impl.LeaderElection (LogUtils.java:infoOrTrace(136)) -   Exception 2: java.util.concurrent.ExecutionException: org.apache.ratis.thirdparty.io.netty.channel.AbstractChannel$AnnotatedConnectException: finishConnect(..) failed: Connection refused: localhost/127.0.0.1:15156
2024-10-07 19:12:18,012 [s1@group-F5D0649D4159-LeaderElection17] INFO  impl.LeaderElection (LeaderElection.java:askForVotes(339)) - s1@group-F5D0649D4159-LeaderElection17 PRE_VOTE round 69: result TIMEOUT
2024-10-07 19:12:18,012 [s1@group-F5D0649D4159-LeaderElection17] INFO  impl.LeaderElection (LeaderElection.java:askForVotes(337)) - s1@group-F5D0649D4159-LeaderElection17 PRE_VOTE round 70: submit vote requests at term 2 for conf: {index: 1, cur=peers:[s3|localhost:15152, s4|localhost:15156, s0|localhost:15140, s1|localhost:15144, s2|localhost:15148]|listeners:[], old=null}
2024-10-07 19:12:18,013 [NettyRpcService-workerGroup--thread3] INFO  server.RaftServer$Division (RaftServerImpl.java:requestVote(1443)) - s0@group-F5D0649D4159: receive requestVote(PRE_VOTE, s1, group-F5D0649D4159, 2, (t:2, i:2))
2024-10-07 19:12:18,013 [s1@group-F5D0649D4159-LeaderElection17] INFO  impl.LeaderElection (LogUtils.java:infoOrTrace(136)) - s1@group-F5D0649D4159-LeaderElection17 got exception when requesting votes: java.util.concurrent.ExecutionException: org.apache.ratis.thirdparty.io.netty.channel.AbstractChannel$AnnotatedConnectException: finishConnect(..) failed: Connection refused: localhost/127.0.0.1:15156
2024-10-07 19:12:18,013 [NettyRpcService-workerGroup--thread3] INFO  impl.VoteContext (VoteContext.java:log(49)) - s0@group-F5D0649D4159-CANDIDATE: accept PRE_VOTE from s1: our priority 0 <= candidate's priority 0
2024-10-07 19:12:18,013 [s1@group-F5D0649D4159-LeaderElection17] INFO  impl.LeaderElection (LogUtils.java:infoOrTrace(136)) - s1@group-F5D0649D4159-LeaderElection17 got exception when requesting votes: java.util.concurrent.ExecutionException: org.apache.ratis.thirdparty.io.netty.channel.AbstractChannel$AnnotatedConnectException: finishConnect(..) failed: Connection refused: localhost/127.0.0.1:15148
2024-10-07 19:12:18,013 [NettyRpcService-workerGroup--thread3] INFO  server.RaftServer$Division (RaftServerImpl.java:requestVote(1476)) - s0@group-F5D0649D4159 replies to PRE_VOTE vote request: s1<-s0#0:OK-t2. Peer's state: s0@group-F5D0649D4159:t2, leader=null, voted=s4, raftlog=Memoized:s0@group-F5D0649D4159-SegmentedRaftLog:OPENED:c2:last(t:2, i:2), conf=conf: {index: 1, cur=peers:[s3|localhost:15152, s4|localhost:15156, s0|localhost:15140, s1|localhost:15144, s2|localhost:15148]|listeners:[], old=null}
2024-10-07 19:12:18,100 [main] WARN  ratis.RaftTestUtil (RaftTestUtil.java:lambda$waitForLeader$3(126)) - Attempt #37 failed: java.lang.IllegalStateException: No leader yet : printing ALL groups
  s3:  RUNNING  FOLLOWER s3@group-F5D0649D4159:t1, leader=null, voted=null, raftlog=Memoized:s3@group-F5D0649D4159-SegmentedRaftLog:OPENED:c-1:lastnull, conf=conf: {index: -1, cur=peers:[s3|localhost:15152, s4|localhost:15156, s0|localhost:15140, s1|localhost:15144, s2|localhost:15148]|listeners:[], old=null} RUNNING
  s4:   CLOSED    LEADER s4@group-F5D0649D4159:t2, leader=s4, voted=s4, raftlog=Memoized:s4@group-F5D0649D4159-SegmentedRaftLog:CLOSED:c2, conf=conf: {index: 1, cur=peers:[s3|localhost:15152, s4|localhost:15156, s0|localhost:15140, s1|localhost:15144, s2|localhost:15148]|listeners:[], old=null} CLOSED
  s0:  RUNNING CANDIDATE s0@group-F5D0649D4159:t2, leader=null, voted=s4, raftlog=Memoized:s0@group-F5D0649D4159-SegmentedRaftLog:OPENED:c2:last(t:2, i:2), conf=conf: {index: 1, cur=peers:[s3|localhost:15152, s4|localhost:15156, s0|localhost:15140, s1|localhost:15144, s2|localhost:15148]|listeners:[], old=null} RUNNING
  s1:  RUNNING CANDIDATE s1@group-F5D0649D4159:t2, leader=null, voted=s4, raftlog=Memoized:s1@group-F5D0649D4159-SegmentedRaftLog:OPENED:c2:last(t:2, i:2), conf=conf: {index: 1, cur=peers:[s3|localhost:15152, s4|localhost:15156, s0|localhost:15140, s1|localhost:15144, s2|localhost:15148]|listeners:[], old=null} RUNNING
  s2:   CLOSED    LEADER s2@group-F5D0649D4159:t1, leader=s2, voted=s2, raftlog=Memoized:s2@group-F5D0649D4159-SegmentedRaftLog:CLOSED:c0, conf=conf: {index: 0, cur=peers:[s3|localhost:15152, s4|localhost:15156, s0|localhost:15140, s1|localhost:15144, s2|localhost:15148]|listeners:[], old=null} CLOSED
2024-10-07 19:12:18,165 [s1@group-F5D0649D4159-LeaderElection17] INFO  impl.LeaderElection (LeaderElection.java:logAndReturn(90)) - s1@group-F5D0649D4159-LeaderElection17: PRE_VOTE TIMEOUT received 1 response(s) and 2 exception(s):
2024-10-07 19:12:18,165 [s1@group-F5D0649D4159-LeaderElection17] INFO  impl.LeaderElection (LeaderElection.java:logAndReturn(94)) -   Response 0: s1<-s0#0:OK-t2
2024-10-07 19:12:18,165 [s1@group-F5D0649D4159-LeaderElection17] INFO  impl.LeaderElection (LogUtils.java:infoOrTrace(136)) -   Exception 1: java.util.concurrent.ExecutionException: org.apache.ratis.thirdparty.io.netty.channel.AbstractChannel$AnnotatedConnectException: finishConnect(..) failed: Connection refused: localhost/127.0.0.1:15156
2024-10-07 19:12:18,165 [s1@group-F5D0649D4159-LeaderElection17] INFO  impl.LeaderElection (LogUtils.java:infoOrTrace(136)) -   Exception 2: java.util.concurrent.ExecutionException: org.apache.ratis.thirdparty.io.netty.channel.AbstractChannel$AnnotatedConnectException: finishConnect(..) failed: Connection refused: localhost/127.0.0.1:15148
2024-10-07 19:12:18,165 [s1@group-F5D0649D4159-LeaderElection17] INFO  impl.LeaderElection (LeaderElection.java:askForVotes(339)) - s1@group-F5D0649D4159-LeaderElection17 PRE_VOTE round 70: result TIMEOUT
2024-10-07 19:12:18,165 [s1@group-F5D0649D4159-LeaderElection17] INFO  impl.LeaderElection (LeaderElection.java:askForVotes(337)) - s1@group-F5D0649D4159-LeaderElection17 PRE_VOTE round 71: submit vote requests at term 2 for conf: {index: 1, cur=peers:[s3|localhost:15152, s4|localhost:15156, s0|localhost:15140, s1|localhost:15144, s2|localhost:15148]|listeners:[], old=null}
2024-10-07 19:12:18,166 [NettyRpcService-workerGroup--thread3] INFO  server.RaftServer$Division (RaftServerImpl.java:requestVote(1443)) - s0@group-F5D0649D4159: receive requestVote(PRE_VOTE, s1, group-F5D0649D4159, 2, (t:2, i:2))
2024-10-07 19:12:18,166 [s1@group-F5D0649D4159-LeaderElection17] INFO  impl.LeaderElection (LogUtils.java:infoOrTrace(136)) - s1@group-F5D0649D4159-LeaderElection17 got exception when requesting votes: java.util.concurrent.ExecutionException: org.apache.ratis.thirdparty.io.netty.channel.AbstractChannel$AnnotatedConnectException: finishConnect(..) failed: Connection refused: localhost/127.0.0.1:15148
2024-10-07 19:12:18,166 [NettyRpcService-workerGroup--thread3] INFO  impl.VoteContext (VoteContext.java:log(49)) - s0@group-F5D0649D4159-CANDIDATE: accept PRE_VOTE from s1: our priority 0 <= candidate's priority 0
2024-10-07 19:12:18,166 [s1@group-F5D0649D4159-LeaderElection17] INFO  impl.LeaderElection (LogUtils.java:infoOrTrace(136)) - s1@group-F5D0649D4159-LeaderElection17 got exception when requesting votes: java.util.concurrent.ExecutionException: org.apache.ratis.thirdparty.io.netty.channel.AbstractChannel$AnnotatedConnectException: finishConnect(..) failed: Connection refused: localhost/127.0.0.1:15156
2024-10-07 19:12:18,166 [NettyRpcService-workerGroup--thread3] INFO  server.RaftServer$Division (RaftServerImpl.java:requestVote(1476)) - s0@group-F5D0649D4159 replies to PRE_VOTE vote request: s1<-s0#0:OK-t2. Peer's state: s0@group-F5D0649D4159:t2, leader=null, voted=s4, raftlog=Memoized:s0@group-F5D0649D4159-SegmentedRaftLog:OPENED:c2:last(t:2, i:2), conf=conf: {index: 1, cur=peers:[s3|localhost:15152, s4|localhost:15156, s0|localhost:15140, s1|localhost:15144, s2|localhost:15148]|listeners:[], old=null}
2024-10-07 19:12:18,167 [s0@group-F5D0649D4159-LeaderElection18] INFO  impl.LeaderElection (LeaderElection.java:logAndReturn(90)) - s0@group-F5D0649D4159-LeaderElection18: PRE_VOTE TIMEOUT received 1 response(s) and 2 exception(s):
2024-10-07 19:12:18,168 [s0@group-F5D0649D4159-LeaderElection18] INFO  impl.LeaderElection (LeaderElection.java:logAndReturn(94)) -   Response 0: s0<-s1#0:OK-t2
2024-10-07 19:12:18,168 [s0@group-F5D0649D4159-LeaderElection18] INFO  impl.LeaderElection (LogUtils.java:infoOrTrace(136)) -   Exception 1: java.util.concurrent.ExecutionException: org.apache.ratis.thirdparty.io.netty.channel.AbstractChannel$AnnotatedConnectException: finishConnect(..) failed: Connection refused: localhost/127.0.0.1:15148
2024-10-07 19:12:18,168 [s0@group-F5D0649D4159-LeaderElection18] INFO  impl.LeaderElection (LogUtils.java:infoOrTrace(136)) -   Exception 2: java.util.concurrent.ExecutionException: org.apache.ratis.thirdparty.io.netty.channel.AbstractChannel$AnnotatedConnectException: finishConnect(..) failed: Connection refused: localhost/127.0.0.1:15156
2024-10-07 19:12:18,168 [s0@group-F5D0649D4159-LeaderElection18] INFO  impl.LeaderElection (LeaderElection.java:askForVotes(339)) - s0@group-F5D0649D4159-LeaderElection18 PRE_VOTE round 55: result TIMEOUT
2024-10-07 19:12:18,168 [s0@group-F5D0649D4159-LeaderElection18] INFO  impl.LeaderElection (LeaderElection.java:askForVotes(337)) - s0@group-F5D0649D4159-LeaderElection18 PRE_VOTE round 56: submit vote requests at term 2 for conf: {index: 1, cur=peers:[s3|localhost:15152, s4|localhost:15156, s0|localhost:15140, s1|localhost:15144, s2|localhost:15148]|listeners:[], old=null}
2024-10-07 19:12:18,168 [s0@group-F5D0649D4159-LeaderElection18] INFO  impl.LeaderElection (LogUtils.java:infoOrTrace(136)) - s0@group-F5D0649D4159-LeaderElection18 got exception when requesting votes: java.util.concurrent.ExecutionException: org.apache.ratis.thirdparty.io.netty.channel.AbstractChannel$AnnotatedConnectException: finishConnect(..) failed: Connection refused: localhost/127.0.0.1:15156
2024-10-07 19:12:18,169 [s0@group-F5D0649D4159-LeaderElection18] INFO  impl.LeaderElection (LogUtils.java:infoOrTrace(136)) - s0@group-F5D0649D4159-LeaderElection18 got exception when requesting votes: java.util.concurrent.ExecutionException: org.apache.ratis.thirdparty.io.netty.channel.AbstractChannel$AnnotatedConnectException: finishConnect(..) failed: Connection refused: localhost/127.0.0.1:15148
2024-10-07 19:12:18,172 [NettyRpcService-workerGroup--thread3] INFO  server.RaftServer$Division (RaftServerImpl.java:requestVote(1443)) - s1@group-F5D0649D4159: receive requestVote(PRE_VOTE, s0, group-F5D0649D4159, 2, (t:2, i:2))
2024-10-07 19:12:18,172 [NettyRpcService-workerGroup--thread3] INFO  impl.VoteContext (VoteContext.java:log(49)) - s1@group-F5D0649D4159-CANDIDATE: accept PRE_VOTE from s0: our priority 0 <= candidate's priority 0
2024-10-07 19:12:18,172 [NettyRpcService-workerGroup--thread3] INFO  server.RaftServer$Division (RaftServerImpl.java:requestVote(1476)) - s1@group-F5D0649D4159 replies to PRE_VOTE vote request: s0<-s1#0:OK-t2. Peer's state: s1@group-F5D0649D4159:t2, leader=null, voted=s4, raftlog=Memoized:s1@group-F5D0649D4159-SegmentedRaftLog:OPENED:c2:last(t:2, i:2), conf=conf: {index: 1, cur=peers:[s3|localhost:15152, s4|localhost:15156, s0|localhost:15140, s1|localhost:15144, s2|localhost:15148]|listeners:[], old=null}
2024-10-07 19:12:18,320 [s0@group-F5D0649D4159-LeaderElection18] INFO  impl.LeaderElection (LeaderElection.java:logAndReturn(90)) - s0@group-F5D0649D4159-LeaderElection18: PRE_VOTE TIMEOUT received 1 response(s) and 2 exception(s):
2024-10-07 19:12:18,321 [s0@group-F5D0649D4159-LeaderElection18] INFO  impl.LeaderElection (LeaderElection.java:logAndReturn(94)) -   Response 0: s0<-s1#0:OK-t2
2024-10-07 19:12:18,321 [s0@group-F5D0649D4159-LeaderElection18] INFO  impl.LeaderElection (LogUtils.java:infoOrTrace(136)) -   Exception 1: java.util.concurrent.ExecutionException: org.apache.ratis.thirdparty.io.netty.channel.AbstractChannel$AnnotatedConnectException: finishConnect(..) failed: Connection refused: localhost/127.0.0.1:15156
2024-10-07 19:12:18,321 [s0@group-F5D0649D4159-LeaderElection18] INFO  impl.LeaderElection (LogUtils.java:infoOrTrace(136)) -   Exception 2: java.util.concurrent.ExecutionException: org.apache.ratis.thirdparty.io.netty.channel.AbstractChannel$AnnotatedConnectException: finishConnect(..) failed: Connection refused: localhost/127.0.0.1:15148
2024-10-07 19:12:18,321 [s0@group-F5D0649D4159-LeaderElection18] INFO  impl.LeaderElection (LeaderElection.java:askForVotes(339)) - s0@group-F5D0649D4159-LeaderElection18 PRE_VOTE round 56: result TIMEOUT
2024-10-07 19:12:18,321 [s0@group-F5D0649D4159-LeaderElection18] INFO  impl.LeaderElection (LeaderElection.java:askForVotes(337)) - s0@group-F5D0649D4159-LeaderElection18 PRE_VOTE round 57: submit vote requests at term 2 for conf: {index: 1, cur=peers:[s3|localhost:15152, s4|localhost:15156, s0|localhost:15140, s1|localhost:15144, s2|localhost:15148]|listeners:[], old=null}
2024-10-07 19:12:18,322 [NettyRpcService-workerGroup--thread3] INFO  server.RaftServer$Division (RaftServerImpl.java:requestVote(1443)) - s1@group-F5D0649D4159: receive requestVote(PRE_VOTE, s0, group-F5D0649D4159, 2, (t:2, i:2))
2024-10-07 19:12:18,322 [NettyRpcService-workerGroup--thread3] INFO  impl.VoteContext (VoteContext.java:log(49)) - s1@group-F5D0649D4159-CANDIDATE: accept PRE_VOTE from s0: our priority 0 <= candidate's priority 0
2024-10-07 19:12:18,322 [NettyRpcService-workerGroup--thread3] INFO  server.RaftServer$Division (RaftServerImpl.java:requestVote(1476)) - s1@group-F5D0649D4159 replies to PRE_VOTE vote request: s0<-s1#0:OK-t2. Peer's state: s1@group-F5D0649D4159:t2, leader=null, voted=s4, raftlog=Memoized:s1@group-F5D0649D4159-SegmentedRaftLog:OPENED:c2:last(t:2, i:2), conf=conf: {index: 1, cur=peers:[s3|localhost:15152, s4|localhost:15156, s0|localhost:15140, s1|localhost:15144, s2|localhost:15148]|listeners:[], old=null}
2024-10-07 19:12:18,322 [s0@group-F5D0649D4159-LeaderElection18] INFO  impl.LeaderElection (LogUtils.java:infoOrTrace(136)) - s0@group-F5D0649D4159-LeaderElection18 got exception when requesting votes: java.util.concurrent.ExecutionException: org.apache.ratis.thirdparty.io.netty.channel.AbstractChannel$AnnotatedConnectException: finishConnect(..) failed: Connection refused: localhost/127.0.0.1:15156
2024-10-07 19:12:18,322 [s0@group-F5D0649D4159-LeaderElection18] INFO  impl.LeaderElection (LogUtils.java:infoOrTrace(136)) - s0@group-F5D0649D4159-LeaderElection18 got exception when requesting votes: java.util.concurrent.ExecutionException: org.apache.ratis.thirdparty.io.netty.channel.AbstractChannel$AnnotatedConnectException: finishConnect(..) failed: Connection refused: localhost/127.0.0.1:15148
2024-10-07 19:12:18,448 [s1@group-F5D0649D4159-LeaderElection17] INFO  impl.LeaderElection (LeaderElection.java:logAndReturn(90)) - s1@group-F5D0649D4159-LeaderElection17: PRE_VOTE TIMEOUT received 1 response(s) and 2 exception(s):
2024-10-07 19:12:18,448 [s1@group-F5D0649D4159-LeaderElection17] INFO  impl.LeaderElection (LeaderElection.java:logAndReturn(94)) -   Response 0: s1<-s0#0:OK-t2
2024-10-07 19:12:18,448 [s1@group-F5D0649D4159-LeaderElection17] INFO  impl.LeaderElection (LogUtils.java:infoOrTrace(136)) -   Exception 1: java.util.concurrent.ExecutionException: org.apache.ratis.thirdparty.io.netty.channel.AbstractChannel$AnnotatedConnectException: finishConnect(..) failed: Connection refused: localhost/127.0.0.1:15148
2024-10-07 19:12:18,448 [s1@group-F5D0649D4159-LeaderElection17] INFO  impl.LeaderElection (LogUtils.java:infoOrTrace(136)) -   Exception 2: java.util.concurrent.ExecutionException: org.apache.ratis.thirdparty.io.netty.channel.AbstractChannel$AnnotatedConnectException: finishConnect(..) failed: Connection refused: localhost/127.0.0.1:15156
2024-10-07 19:12:18,448 [s1@group-F5D0649D4159-LeaderElection17] INFO  impl.LeaderElection (LeaderElection.java:askForVotes(339)) - s1@group-F5D0649D4159-LeaderElection17 PRE_VOTE round 71: result TIMEOUT
2024-10-07 19:12:18,448 [s1@group-F5D0649D4159-LeaderElection17] INFO  impl.LeaderElection (LeaderElection.java:askForVotes(337)) - s1@group-F5D0649D4159-LeaderElection17 PRE_VOTE round 72: submit vote requests at term 2 for conf: {index: 1, cur=peers:[s3|localhost:15152, s4|localhost:15156, s0|localhost:15140, s1|localhost:15144, s2|localhost:15148]|listeners:[], old=null}
2024-10-07 19:12:18,449 [NettyRpcService-workerGroup--thread3] INFO  server.RaftServer$Division (RaftServerImpl.java:requestVote(1443)) - s0@group-F5D0649D4159: receive requestVote(PRE_VOTE, s1, group-F5D0649D4159, 2, (t:2, i:2))
2024-10-07 19:12:18,449 [NettyRpcService-workerGroup--thread3] INFO  impl.VoteContext (VoteContext.java:log(49)) - s0@group-F5D0649D4159-CANDIDATE: accept PRE_VOTE from s1: our priority 0 <= candidate's priority 0
2024-10-07 19:12:18,449 [NettyRpcService-workerGroup--thread3] INFO  server.RaftServer$Division (RaftServerImpl.java:requestVote(1476)) - s0@group-F5D0649D4159 replies to PRE_VOTE vote request: s1<-s0#0:OK-t2. Peer's state: s0@group-F5D0649D4159:t2, leader=null, voted=s4, raftlog=Memoized:s0@group-F5D0649D4159-SegmentedRaftLog:OPENED:c2:last(t:2, i:2), conf=conf: {index: 1, cur=peers:[s3|localhost:15152, s4|localhost:15156, s0|localhost:15140, s1|localhost:15144, s2|localhost:15148]|listeners:[], old=null}
2024-10-07 19:12:18,450 [s1@group-F5D0649D4159-LeaderElection17] INFO  impl.LeaderElection (LogUtils.java:infoOrTrace(136)) - s1@group-F5D0649D4159-LeaderElection17 got exception when requesting votes: java.util.concurrent.ExecutionException: org.apache.ratis.thirdparty.io.netty.channel.AbstractChannel$AnnotatedConnectException: finishConnect(..) failed: Connection refused: localhost/127.0.0.1:15156
2024-10-07 19:12:18,450 [s1@group-F5D0649D4159-LeaderElection17] INFO  impl.LeaderElection (LogUtils.java:infoOrTrace(136)) - s1@group-F5D0649D4159-LeaderElection17 got exception when requesting votes: java.util.concurrent.ExecutionException: org.apache.ratis.thirdparty.io.netty.channel.AbstractChannel$AnnotatedConnectException: finishConnect(..) failed: Connection refused: localhost/127.0.0.1:15148
2024-10-07 19:12:18,528 [s0@group-F5D0649D4159-LeaderElection18] INFO  impl.LeaderElection (LeaderElection.java:logAndReturn(90)) - s0@group-F5D0649D4159-LeaderElection18: PRE_VOTE TIMEOUT received 1 response(s) and 2 exception(s):
2024-10-07 19:12:18,528 [s0@group-F5D0649D4159-LeaderElection18] INFO  impl.LeaderElection (LeaderElection.java:logAndReturn(94)) -   Response 0: s0<-s1#0:OK-t2
2024-10-07 19:12:18,528 [s0@group-F5D0649D4159-LeaderElection18] INFO  impl.LeaderElection (LogUtils.java:infoOrTrace(136)) -   Exception 1: java.util.concurrent.ExecutionException: org.apache.ratis.thirdparty.io.netty.channel.AbstractChannel$AnnotatedConnectException: finishConnect(..) failed: Connection refused: localhost/127.0.0.1:15156
2024-10-07 19:12:18,528 [s0@group-F5D0649D4159-LeaderElection18] INFO  impl.LeaderElection (LogUtils.java:infoOrTrace(136)) -   Exception 2: java.util.concurrent.ExecutionException: org.apache.ratis.thirdparty.io.netty.channel.AbstractChannel$AnnotatedConnectException: finishConnect(..) failed: Connection refused: localhost/127.0.0.1:15148
2024-10-07 19:12:18,528 [s0@group-F5D0649D4159-LeaderElection18] INFO  impl.LeaderElection (LeaderElection.java:askForVotes(339)) - s0@group-F5D0649D4159-LeaderElection18 PRE_VOTE round 57: result TIMEOUT
2024-10-07 19:12:18,528 [s0@group-F5D0649D4159-LeaderElection18] INFO  impl.LeaderElection (LeaderElection.java:askForVotes(337)) - s0@group-F5D0649D4159-LeaderElection18 PRE_VOTE round 58: submit vote requests at term 2 for conf: {index: 1, cur=peers:[s3|localhost:15152, s4|localhost:15156, s0|localhost:15140, s1|localhost:15144, s2|localhost:15148]|listeners:[], old=null}
2024-10-07 19:12:18,529 [NettyRpcService-workerGroup--thread3] INFO  server.RaftServer$Division (RaftServerImpl.java:requestVote(1443)) - s1@group-F5D0649D4159: receive requestVote(PRE_VOTE, s0, group-F5D0649D4159, 2, (t:2, i:2))
2024-10-07 19:12:18,529 [NettyRpcService-workerGroup--thread3] INFO  impl.VoteContext (VoteContext.java:log(49)) - s1@group-F5D0649D4159-CANDIDATE: accept PRE_VOTE from s0: our priority 0 <= candidate's priority 0
2024-10-07 19:12:18,530 [NettyRpcService-workerGroup--thread3] INFO  server.RaftServer$Division (RaftServerImpl.java:requestVote(1476)) - s1@group-F5D0649D4159 replies to PRE_VOTE vote request: s0<-s1#0:OK-t2. Peer's state: s1@group-F5D0649D4159:t2, leader=null, voted=s4, raftlog=Memoized:s1@group-F5D0649D4159-SegmentedRaftLog:OPENED:c2:last(t:2, i:2), conf=conf: {index: 1, cur=peers:[s3|localhost:15152, s4|localhost:15156, s0|localhost:15140, s1|localhost:15144, s2|localhost:15148]|listeners:[], old=null}
2024-10-07 19:12:18,530 [s0@group-F5D0649D4159-LeaderElection18] INFO  impl.LeaderElection (LogUtils.java:infoOrTrace(136)) - s0@group-F5D0649D4159-LeaderElection18 got exception when requesting votes: java.util.concurrent.ExecutionException: org.apache.ratis.thirdparty.io.netty.channel.AbstractChannel$AnnotatedConnectException: finishConnect(..) failed: Connection refused: localhost/127.0.0.1:15148
2024-10-07 19:12:18,530 [s0@group-F5D0649D4159-LeaderElection18] INFO  impl.LeaderElection (LogUtils.java:infoOrTrace(136)) - s0@group-F5D0649D4159-LeaderElection18 got exception when requesting votes: java.util.concurrent.ExecutionException: org.apache.ratis.thirdparty.io.netty.channel.AbstractChannel$AnnotatedConnectException: finishConnect(..) failed: Connection refused: localhost/127.0.0.1:15156
2024-10-07 19:12:18,550 [main] WARN  ratis.RaftTestUtil (RaftTestUtil.java:lambda$waitForLeader$3(126)) - Attempt #38 failed: java.lang.IllegalStateException: No leader yet : printing ALL groups
  s3:  RUNNING  FOLLOWER s3@group-F5D0649D4159:t1, leader=null, voted=null, raftlog=Memoized:s3@group-F5D0649D4159-SegmentedRaftLog:OPENED:c-1:lastnull, conf=conf: {index: -1, cur=peers:[s3|localhost:15152, s4|localhost:15156, s0|localhost:15140, s1|localhost:15144, s2|localhost:15148]|listeners:[], old=null} RUNNING
  s4:   CLOSED    LEADER s4@group-F5D0649D4159:t2, leader=s4, voted=s4, raftlog=Memoized:s4@group-F5D0649D4159-SegmentedRaftLog:CLOSED:c2, conf=conf: {index: 1, cur=peers:[s3|localhost:15152, s4|localhost:15156, s0|localhost:15140, s1|localhost:15144, s2|localhost:15148]|listeners:[], old=null} CLOSED
  s0:  RUNNING CANDIDATE s0@group-F5D0649D4159:t2, leader=null, voted=s4, raftlog=Memoized:s0@group-F5D0649D4159-SegmentedRaftLog:OPENED:c2:last(t:2, i:2), conf=conf: {index: 1, cur=peers:[s3|localhost:15152, s4|localhost:15156, s0|localhost:15140, s1|localhost:15144, s2|localhost:15148]|listeners:[], old=null} RUNNING
  s1:  RUNNING CANDIDATE s1@group-F5D0649D4159:t2, leader=null, voted=s4, raftlog=Memoized:s1@group-F5D0649D4159-SegmentedRaftLog:OPENED:c2:last(t:2, i:2), conf=conf: {index: 1, cur=peers:[s3|localhost:15152, s4|localhost:15156, s0|localhost:15140, s1|localhost:15144, s2|localhost:15148]|listeners:[], old=null} RUNNING
  s2:   CLOSED    LEADER s2@group-F5D0649D4159:t1, leader=s2, voted=s2, raftlog=Memoized:s2@group-F5D0649D4159-SegmentedRaftLog:CLOSED:c0, conf=conf: {index: 0, cur=peers:[s3|localhost:15152, s4|localhost:15156, s0|localhost:15140, s1|localhost:15144, s2|localhost:15148]|listeners:[], old=null} CLOSED
2024-10-07 19:12:18,695 [s1@group-F5D0649D4159-LeaderElection17] INFO  impl.LeaderElection (LeaderElection.java:logAndReturn(90)) - s1@group-F5D0649D4159-LeaderElection17: PRE_VOTE TIMEOUT received 1 response(s) and 2 exception(s):
2024-10-07 19:12:18,695 [s1@group-F5D0649D4159-LeaderElection17] INFO  impl.LeaderElection (LeaderElection.java:logAndReturn(94)) -   Response 0: s1<-s0#0:OK-t2
2024-10-07 19:12:18,695 [s1@group-F5D0649D4159-LeaderElection17] INFO  impl.LeaderElection (LogUtils.java:infoOrTrace(136)) -   Exception 1: java.util.concurrent.ExecutionException: org.apache.ratis.thirdparty.io.netty.channel.AbstractChannel$AnnotatedConnectException: finishConnect(..) failed: Connection refused: localhost/127.0.0.1:15156
2024-10-07 19:12:18,695 [s1@group-F5D0649D4159-LeaderElection17] INFO  impl.LeaderElection (LogUtils.java:infoOrTrace(136)) -   Exception 2: java.util.concurrent.ExecutionException: org.apache.ratis.thirdparty.io.netty.channel.AbstractChannel$AnnotatedConnectException: finishConnect(..) failed: Connection refused: localhost/127.0.0.1:15148
2024-10-07 19:12:18,695 [s1@group-F5D0649D4159-LeaderElection17] INFO  impl.LeaderElection (LeaderElection.java:askForVotes(339)) - s1@group-F5D0649D4159-LeaderElection17 PRE_VOTE round 72: result TIMEOUT
2024-10-07 19:12:18,695 [s1@group-F5D0649D4159-LeaderElection17] INFO  impl.LeaderElection (LeaderElection.java:askForVotes(337)) - s1@group-F5D0649D4159-LeaderElection17 PRE_VOTE round 73: submit vote requests at term 2 for conf: {index: 1, cur=peers:[s3|localhost:15152, s4|localhost:15156, s0|localhost:15140, s1|localhost:15144, s2|localhost:15148]|listeners:[], old=null}
2024-10-07 19:12:18,696 [NettyRpcService-workerGroup--thread3] INFO  server.RaftServer$Division (RaftServerImpl.java:requestVote(1443)) - s0@group-F5D0649D4159: receive requestVote(PRE_VOTE, s1, group-F5D0649D4159, 2, (t:2, i:2))
2024-10-07 19:12:18,696 [NettyRpcService-workerGroup--thread3] INFO  impl.VoteContext (VoteContext.java:log(49)) - s0@group-F5D0649D4159-CANDIDATE: accept PRE_VOTE from s1: our priority 0 <= candidate's priority 0
2024-10-07 19:12:18,697 [NettyRpcService-workerGroup--thread3] INFO  server.RaftServer$Division (RaftServerImpl.java:requestVote(1476)) - s0@group-F5D0649D4159 replies to PRE_VOTE vote request: s1<-s0#0:OK-t2. Peer's state: s0@group-F5D0649D4159:t2, leader=null, voted=s4, raftlog=Memoized:s0@group-F5D0649D4159-SegmentedRaftLog:OPENED:c2:last(t:2, i:2), conf=conf: {index: 1, cur=peers:[s3|localhost:15152, s4|localhost:15156, s0|localhost:15140, s1|localhost:15144, s2|localhost:15148]|listeners:[], old=null}
2024-10-07 19:12:18,697 [s1@group-F5D0649D4159-LeaderElection17] INFO  impl.LeaderElection (LogUtils.java:infoOrTrace(136)) - s1@group-F5D0649D4159-LeaderElection17 got exception when requesting votes: java.util.concurrent.ExecutionException: org.apache.ratis.thirdparty.io.netty.channel.AbstractChannel$AnnotatedConnectException: finishConnect(..) failed: Connection refused: localhost/127.0.0.1:15148
2024-10-07 19:12:18,697 [s1@group-F5D0649D4159-LeaderElection17] INFO  impl.LeaderElection (LogUtils.java:infoOrTrace(136)) - s1@group-F5D0649D4159-LeaderElection17 got exception when requesting votes: java.util.concurrent.ExecutionException: org.apache.ratis.thirdparty.io.netty.channel.AbstractChannel$AnnotatedConnectException: finishConnect(..) failed: Connection refused: localhost/127.0.0.1:15156
2024-10-07 19:12:18,819 [s0@group-F5D0649D4159-LeaderElection18] INFO  impl.LeaderElection (LeaderElection.java:logAndReturn(90)) - s0@group-F5D0649D4159-LeaderElection18: PRE_VOTE TIMEOUT received 1 response(s) and 2 exception(s):
2024-10-07 19:12:18,819 [s0@group-F5D0649D4159-LeaderElection18] INFO  impl.LeaderElection (LeaderElection.java:logAndReturn(94)) -   Response 0: s0<-s1#0:OK-t2
2024-10-07 19:12:18,819 [s0@group-F5D0649D4159-LeaderElection18] INFO  impl.LeaderElection (LogUtils.java:infoOrTrace(136)) -   Exception 1: java.util.concurrent.ExecutionException: org.apache.ratis.thirdparty.io.netty.channel.AbstractChannel$AnnotatedConnectException: finishConnect(..) failed: Connection refused: localhost/127.0.0.1:15148
2024-10-07 19:12:18,819 [s0@group-F5D0649D4159-LeaderElection18] INFO  impl.LeaderElection (LogUtils.java:infoOrTrace(136)) -   Exception 2: java.util.concurrent.ExecutionException: org.apache.ratis.thirdparty.io.netty.channel.AbstractChannel$AnnotatedConnectException: finishConnect(..) failed: Connection refused: localhost/127.0.0.1:15156
2024-10-07 19:12:18,819 [s0@group-F5D0649D4159-LeaderElection18] INFO  impl.LeaderElection (LeaderElection.java:askForVotes(339)) - s0@group-F5D0649D4159-LeaderElection18 PRE_VOTE round 58: result TIMEOUT
2024-10-07 19:12:18,819 [s0@group-F5D0649D4159-LeaderElection18] INFO  impl.LeaderElection (LeaderElection.java:askForVotes(337)) - s0@group-F5D0649D4159-LeaderElection18 PRE_VOTE round 59: submit vote requests at term 2 for conf: {index: 1, cur=peers:[s3|localhost:15152, s4|localhost:15156, s0|localhost:15140, s1|localhost:15144, s2|localhost:15148]|listeners:[], old=null}
2024-10-07 19:12:18,820 [NettyRpcService-workerGroup--thread3] INFO  server.RaftServer$Division (RaftServerImpl.java:requestVote(1443)) - s1@group-F5D0649D4159: receive requestVote(PRE_VOTE, s0, group-F5D0649D4159, 2, (t:2, i:2))
2024-10-07 19:12:18,820 [NettyRpcService-workerGroup--thread3] INFO  impl.VoteContext (VoteContext.java:log(49)) - s1@group-F5D0649D4159-CANDIDATE: accept PRE_VOTE from s0: our priority 0 <= candidate's priority 0
2024-10-07 19:12:18,820 [s0@group-F5D0649D4159-LeaderElection18] INFO  impl.LeaderElection (LogUtils.java:infoOrTrace(136)) - s0@group-F5D0649D4159-LeaderElection18 got exception when requesting votes: java.util.concurrent.ExecutionException: org.apache.ratis.thirdparty.io.netty.channel.AbstractChannel$AnnotatedConnectException: finishConnect(..) failed: Connection refused: localhost/127.0.0.1:15156
2024-10-07 19:12:18,820 [NettyRpcService-workerGroup--thread3] INFO  server.RaftServer$Division (RaftServerImpl.java:requestVote(1476)) - s1@group-F5D0649D4159 replies to PRE_VOTE vote request: s0<-s1#0:OK-t2. Peer's state: s1@group-F5D0649D4159:t2, leader=null, voted=s4, raftlog=Memoized:s1@group-F5D0649D4159-SegmentedRaftLog:OPENED:c2:last(t:2, i:2), conf=conf: {index: 1, cur=peers:[s3|localhost:15152, s4|localhost:15156, s0|localhost:15140, s1|localhost:15144, s2|localhost:15148]|listeners:[], old=null}
2024-10-07 19:12:18,821 [s0@group-F5D0649D4159-LeaderElection18] INFO  impl.LeaderElection (LogUtils.java:infoOrTrace(136)) - s0@group-F5D0649D4159-LeaderElection18 got exception when requesting votes: java.util.concurrent.ExecutionException: org.apache.ratis.thirdparty.io.netty.channel.AbstractChannel$AnnotatedConnectException: finishConnect(..) failed: Connection refused: localhost/127.0.0.1:15148
2024-10-07 19:12:18,893 [s1@group-F5D0649D4159-LeaderElection17] INFO  impl.LeaderElection (LeaderElection.java:logAndReturn(90)) - s1@group-F5D0649D4159-LeaderElection17: PRE_VOTE TIMEOUT received 1 response(s) and 2 exception(s):
2024-10-07 19:12:18,893 [s1@group-F5D0649D4159-LeaderElection17] INFO  impl.LeaderElection (LeaderElection.java:logAndReturn(94)) -   Response 0: s1<-s0#0:OK-t2
2024-10-07 19:12:18,893 [s1@group-F5D0649D4159-LeaderElection17] INFO  impl.LeaderElection (LogUtils.java:infoOrTrace(136)) -   Exception 1: java.util.concurrent.ExecutionException: org.apache.ratis.thirdparty.io.netty.channel.AbstractChannel$AnnotatedConnectException: finishConnect(..) failed: Connection refused: localhost/127.0.0.1:15148
2024-10-07 19:12:18,893 [s1@group-F5D0649D4159-LeaderElection17] INFO  impl.LeaderElection (LogUtils.java:infoOrTrace(136)) -   Exception 2: java.util.concurrent.ExecutionException: org.apache.ratis.thirdparty.io.netty.channel.AbstractChannel$AnnotatedConnectException: finishConnect(..) failed: Connection refused: localhost/127.0.0.1:15156
2024-10-07 19:12:18,894 [s1@group-F5D0649D4159-LeaderElection17] INFO  impl.LeaderElection (LeaderElection.java:askForVotes(339)) - s1@group-F5D0649D4159-LeaderElection17 PRE_VOTE round 73: result TIMEOUT
2024-10-07 19:12:18,894 [s1@group-F5D0649D4159-LeaderElection17] INFO  impl.LeaderElection (LeaderElection.java:askForVotes(337)) - s1@group-F5D0649D4159-LeaderElection17 PRE_VOTE round 74: submit vote requests at term 2 for conf: {index: 1, cur=peers:[s3|localhost:15152, s4|localhost:15156, s0|localhost:15140, s1|localhost:15144, s2|localhost:15148]|listeners:[], old=null}
2024-10-07 19:12:18,894 [NettyRpcService-workerGroup--thread3] INFO  server.RaftServer$Division (RaftServerImpl.java:requestVote(1443)) - s0@group-F5D0649D4159: receive requestVote(PRE_VOTE, s1, group-F5D0649D4159, 2, (t:2, i:2))
2024-10-07 19:12:18,895 [NettyRpcService-workerGroup--thread3] INFO  impl.VoteContext (VoteContext.java:log(49)) - s0@group-F5D0649D4159-CANDIDATE: accept PRE_VOTE from s1: our priority 0 <= candidate's priority 0
2024-10-07 19:12:18,895 [NettyRpcService-workerGroup--thread3] INFO  server.RaftServer$Division (RaftServerImpl.java:requestVote(1476)) - s0@group-F5D0649D4159 replies to PRE_VOTE vote request: s1<-s0#0:OK-t2. Peer's state: s0@group-F5D0649D4159:t2, leader=null, voted=s4, raftlog=Memoized:s0@group-F5D0649D4159-SegmentedRaftLog:OPENED:c2:last(t:2, i:2), conf=conf: {index: 1, cur=peers:[s3|localhost:15152, s4|localhost:15156, s0|localhost:15140, s1|localhost:15144, s2|localhost:15148]|listeners:[], old=null}
2024-10-07 19:12:18,895 [s1@group-F5D0649D4159-LeaderElection17] INFO  impl.LeaderElection (LogUtils.java:infoOrTrace(136)) - s1@group-F5D0649D4159-LeaderElection17 got exception when requesting votes: java.util.concurrent.ExecutionException: org.apache.ratis.thirdparty.io.netty.channel.AbstractChannel$AnnotatedConnectException: finishConnect(..) failed: Connection refused: localhost/127.0.0.1:15156
2024-10-07 19:12:18,895 [s1@group-F5D0649D4159-LeaderElection17] INFO  impl.LeaderElection (LogUtils.java:infoOrTrace(136)) - s1@group-F5D0649D4159-LeaderElection17 got exception when requesting votes: java.util.concurrent.ExecutionException: org.apache.ratis.thirdparty.io.netty.channel.AbstractChannel$AnnotatedConnectException: finishConnect(..) failed: Connection refused: localhost/127.0.0.1:15148
2024-10-07 19:12:19,001 [main] WARN  ratis.RaftTestUtil (RaftTestUtil.java:lambda$waitForLeader$3(126)) - Attempt #39 failed: java.lang.IllegalStateException: No leader yet : printing ALL groups
  s3:  RUNNING  FOLLOWER s3@group-F5D0649D4159:t1, leader=null, voted=null, raftlog=Memoized:s3@group-F5D0649D4159-SegmentedRaftLog:OPENED:c-1:lastnull, conf=conf: {index: -1, cur=peers:[s3|localhost:15152, s4|localhost:15156, s0|localhost:15140, s1|localhost:15144, s2|localhost:15148]|listeners:[], old=null} RUNNING
  s4:   CLOSED    LEADER s4@group-F5D0649D4159:t2, leader=s4, voted=s4, raftlog=Memoized:s4@group-F5D0649D4159-SegmentedRaftLog:CLOSED:c2, conf=conf: {index: 1, cur=peers:[s3|localhost:15152, s4|localhost:15156, s0|localhost:15140, s1|localhost:15144, s2|localhost:15148]|listeners:[], old=null} CLOSED
  s0:  RUNNING CANDIDATE s0@group-F5D0649D4159:t2, leader=null, voted=s4, raftlog=Memoized:s0@group-F5D0649D4159-SegmentedRaftLog:OPENED:c2:last(t:2, i:2), conf=conf: {index: 1, cur=peers:[s3|localhost:15152, s4|localhost:15156, s0|localhost:15140, s1|localhost:15144, s2|localhost:15148]|listeners:[], old=null} RUNNING
  s1:  RUNNING CANDIDATE s1@group-F5D0649D4159:t2, leader=null, voted=s4, raftlog=Memoized:s1@group-F5D0649D4159-SegmentedRaftLog:OPENED:c2:last(t:2, i:2), conf=conf: {index: 1, cur=peers:[s3|localhost:15152, s4|localhost:15156, s0|localhost:15140, s1|localhost:15144, s2|localhost:15148]|listeners:[], old=null} RUNNING
  s2:   CLOSED    LEADER s2@group-F5D0649D4159:t1, leader=s2, voted=s2, raftlog=Memoized:s2@group-F5D0649D4159-SegmentedRaftLog:CLOSED:c0, conf=conf: {index: 0, cur=peers:[s3|localhost:15152, s4|localhost:15156, s0|localhost:15140, s1|localhost:15144, s2|localhost:15148]|listeners:[], old=null} CLOSED
2024-10-07 19:12:19,108 [s0@group-F5D0649D4159-LeaderElection18] INFO  impl.LeaderElection (LeaderElection.java:logAndReturn(90)) - s0@group-F5D0649D4159-LeaderElection18: PRE_VOTE TIMEOUT received 1 response(s) and 2 exception(s):
2024-10-07 19:12:19,108 [s0@group-F5D0649D4159-LeaderElection18] INFO  impl.LeaderElection (LeaderElection.java:logAndReturn(94)) -   Response 0: s0<-s1#0:OK-t2
2024-10-07 19:12:19,108 [s0@group-F5D0649D4159-LeaderElection18] INFO  impl.LeaderElection (LogUtils.java:infoOrTrace(136)) -   Exception 1: java.util.concurrent.ExecutionException: org.apache.ratis.thirdparty.io.netty.channel.AbstractChannel$AnnotatedConnectException: finishConnect(..) failed: Connection refused: localhost/127.0.0.1:15156
2024-10-07 19:12:19,108 [s0@group-F5D0649D4159-LeaderElection18] INFO  impl.LeaderElection (LogUtils.java:infoOrTrace(136)) -   Exception 2: java.util.concurrent.ExecutionException: org.apache.ratis.thirdparty.io.netty.channel.AbstractChannel$AnnotatedConnectException: finishConnect(..) failed: Connection refused: localhost/127.0.0.1:15148
2024-10-07 19:12:19,108 [s0@group-F5D0649D4159-LeaderElection18] INFO  impl.LeaderElection (LeaderElection.java:askForVotes(339)) - s0@group-F5D0649D4159-LeaderElection18 PRE_VOTE round 59: result TIMEOUT
2024-10-07 19:12:19,109 [s0@group-F5D0649D4159-LeaderElection18] INFO  impl.LeaderElection (LeaderElection.java:askForVotes(337)) - s0@group-F5D0649D4159-LeaderElection18 PRE_VOTE round 60: submit vote requests at term 2 for conf: {index: 1, cur=peers:[s3|localhost:15152, s4|localhost:15156, s0|localhost:15140, s1|localhost:15144, s2|localhost:15148]|listeners:[], old=null}
2024-10-07 19:12:19,109 [NettyRpcService-workerGroup--thread3] INFO  server.RaftServer$Division (RaftServerImpl.java:requestVote(1443)) - s1@group-F5D0649D4159: receive requestVote(PRE_VOTE, s0, group-F5D0649D4159, 2, (t:2, i:2))
2024-10-07 19:12:19,110 [NettyRpcService-workerGroup--thread3] INFO  impl.VoteContext (VoteContext.java:log(49)) - s1@group-F5D0649D4159-CANDIDATE: accept PRE_VOTE from s0: our priority 0 <= candidate's priority 0
2024-10-07 19:12:19,110 [s0@group-F5D0649D4159-LeaderElection18] INFO  impl.LeaderElection (LogUtils.java:infoOrTrace(136)) - s0@group-F5D0649D4159-LeaderElection18 got exception when requesting votes: java.util.concurrent.ExecutionException: org.apache.ratis.thirdparty.io.netty.channel.AbstractChannel$AnnotatedConnectException: finishConnect(..) failed: Connection refused: localhost/127.0.0.1:15148
2024-10-07 19:12:19,110 [NettyRpcService-workerGroup--thread3] INFO  server.RaftServer$Division (RaftServerImpl.java:requestVote(1476)) - s1@group-F5D0649D4159 replies to PRE_VOTE vote request: s0<-s1#0:OK-t2. Peer's state: s1@group-F5D0649D4159:t2, leader=null, voted=s4, raftlog=Memoized:s1@group-F5D0649D4159-SegmentedRaftLog:OPENED:c2:last(t:2, i:2), conf=conf: {index: 1, cur=peers:[s3|localhost:15152, s4|localhost:15156, s0|localhost:15140, s1|localhost:15144, s2|localhost:15148]|listeners:[], old=null}
2024-10-07 19:12:19,110 [s0@group-F5D0649D4159-LeaderElection18] INFO  impl.LeaderElection (LogUtils.java:infoOrTrace(136)) - s0@group-F5D0649D4159-LeaderElection18 got exception when requesting votes: java.util.concurrent.ExecutionException: org.apache.ratis.thirdparty.io.netty.channel.AbstractChannel$AnnotatedConnectException: finishConnect(..) failed: Connection refused: localhost/127.0.0.1:15156
2024-10-07 19:12:19,193 [s1@group-F5D0649D4159-LeaderElection17] INFO  impl.LeaderElection (LeaderElection.java:logAndReturn(90)) - s1@group-F5D0649D4159-LeaderElection17: PRE_VOTE TIMEOUT received 1 response(s) and 2 exception(s):
2024-10-07 19:12:19,193 [s1@group-F5D0649D4159-LeaderElection17] INFO  impl.LeaderElection (LeaderElection.java:logAndReturn(94)) -   Response 0: s1<-s0#0:OK-t2
2024-10-07 19:12:19,193 [s1@group-F5D0649D4159-LeaderElection17] INFO  impl.LeaderElection (LogUtils.java:infoOrTrace(136)) -   Exception 1: java.util.concurrent.ExecutionException: org.apache.ratis.thirdparty.io.netty.channel.AbstractChannel$AnnotatedConnectException: finishConnect(..) failed: Connection refused: localhost/127.0.0.1:15156
2024-10-07 19:12:19,193 [s1@group-F5D0649D4159-LeaderElection17] INFO  impl.LeaderElection (LogUtils.java:infoOrTrace(136)) -   Exception 2: java.util.concurrent.ExecutionException: org.apache.ratis.thirdparty.io.netty.channel.AbstractChannel$AnnotatedConnectException: finishConnect(..) failed: Connection refused: localhost/127.0.0.1:15148
2024-10-07 19:12:19,194 [s1@group-F5D0649D4159-LeaderElection17] INFO  impl.LeaderElection (LeaderElection.java:askForVotes(339)) - s1@group-F5D0649D4159-LeaderElection17 PRE_VOTE round 74: result TIMEOUT
2024-10-07 19:12:19,194 [s1@group-F5D0649D4159-LeaderElection17] INFO  impl.LeaderElection (LeaderElection.java:askForVotes(337)) - s1@group-F5D0649D4159-LeaderElection17 PRE_VOTE round 75: submit vote requests at term 2 for conf: {index: 1, cur=peers:[s3|localhost:15152, s4|localhost:15156, s0|localhost:15140, s1|localhost:15144, s2|localhost:15148]|listeners:[], old=null}
2024-10-07 19:12:19,194 [NettyRpcService-workerGroup--thread3] INFO  server.RaftServer$Division (RaftServerImpl.java:requestVote(1443)) - s0@group-F5D0649D4159: receive requestVote(PRE_VOTE, s1, group-F5D0649D4159, 2, (t:2, i:2))
2024-10-07 19:12:19,195 [NettyRpcService-workerGroup--thread3] INFO  impl.VoteContext (VoteContext.java:log(49)) - s0@group-F5D0649D4159-CANDIDATE: accept PRE_VOTE from s1: our priority 0 <= candidate's priority 0
2024-10-07 19:12:19,195 [NettyRpcService-workerGroup--thread3] INFO  server.RaftServer$Division (RaftServerImpl.java:requestVote(1476)) - s0@group-F5D0649D4159 replies to PRE_VOTE vote request: s1<-s0#0:OK-t2. Peer's state: s0@group-F5D0649D4159:t2, leader=null, voted=s4, raftlog=Memoized:s0@group-F5D0649D4159-SegmentedRaftLog:OPENED:c2:last(t:2, i:2), conf=conf: {index: 1, cur=peers:[s3|localhost:15152, s4|localhost:15156, s0|localhost:15140, s1|localhost:15144, s2|localhost:15148]|listeners:[], old=null}
2024-10-07 19:12:19,195 [s1@group-F5D0649D4159-LeaderElection17] INFO  impl.LeaderElection (LogUtils.java:infoOrTrace(136)) - s1@group-F5D0649D4159-LeaderElection17 got exception when requesting votes: java.util.concurrent.ExecutionException: org.apache.ratis.thirdparty.io.netty.channel.AbstractChannel$AnnotatedConnectException: finishConnect(..) failed: Connection refused: localhost/127.0.0.1:15156
2024-10-07 19:12:19,195 [s1@group-F5D0649D4159-LeaderElection17] INFO  impl.LeaderElection (LogUtils.java:infoOrTrace(136)) - s1@group-F5D0649D4159-LeaderElection17 got exception when requesting votes: java.util.concurrent.ExecutionException: org.apache.ratis.thirdparty.io.netty.channel.AbstractChannel$AnnotatedConnectException: finishConnect(..) failed: Connection refused: localhost/127.0.0.1:15148
2024-10-07 19:12:19,347 [s0@group-F5D0649D4159-LeaderElection18] INFO  impl.LeaderElection (LeaderElection.java:logAndReturn(90)) - s0@group-F5D0649D4159-LeaderElection18: PRE_VOTE TIMEOUT received 1 response(s) and 2 exception(s):
2024-10-07 19:12:19,347 [s0@group-F5D0649D4159-LeaderElection18] INFO  impl.LeaderElection (LeaderElection.java:logAndReturn(94)) -   Response 0: s0<-s1#0:OK-t2
2024-10-07 19:12:19,347 [s0@group-F5D0649D4159-LeaderElection18] INFO  impl.LeaderElection (LogUtils.java:infoOrTrace(136)) -   Exception 1: java.util.concurrent.ExecutionException: org.apache.ratis.thirdparty.io.netty.channel.AbstractChannel$AnnotatedConnectException: finishConnect(..) failed: Connection refused: localhost/127.0.0.1:15148
2024-10-07 19:12:19,347 [s0@group-F5D0649D4159-LeaderElection18] INFO  impl.LeaderElection (LogUtils.java:infoOrTrace(136)) -   Exception 2: java.util.concurrent.ExecutionException: org.apache.ratis.thirdparty.io.netty.channel.AbstractChannel$AnnotatedConnectException: finishConnect(..) failed: Connection refused: localhost/127.0.0.1:15156
2024-10-07 19:12:19,347 [s0@group-F5D0649D4159-LeaderElection18] INFO  impl.LeaderElection (LeaderElection.java:askForVotes(339)) - s0@group-F5D0649D4159-LeaderElection18 PRE_VOTE round 60: result TIMEOUT
2024-10-07 19:12:19,348 [s0@group-F5D0649D4159-LeaderElection18] INFO  impl.LeaderElection (LeaderElection.java:askForVotes(337)) - s0@group-F5D0649D4159-LeaderElection18 PRE_VOTE round 61: submit vote requests at term 2 for conf: {index: 1, cur=peers:[s3|localhost:15152, s4|localhost:15156, s0|localhost:15140, s1|localhost:15144, s2|localhost:15148]|listeners:[], old=null}
2024-10-07 19:12:19,349 [NettyRpcService-workerGroup--thread3] INFO  server.RaftServer$Division (RaftServerImpl.java:requestVote(1443)) - s1@group-F5D0649D4159: receive requestVote(PRE_VOTE, s0, group-F5D0649D4159, 2, (t:2, i:2))
2024-10-07 19:12:19,349 [NettyRpcService-workerGroup--thread3] INFO  impl.VoteContext (VoteContext.java:log(49)) - s1@group-F5D0649D4159-CANDIDATE: accept PRE_VOTE from s0: our priority 0 <= candidate's priority 0
2024-10-07 19:12:19,349 [s0@group-F5D0649D4159-LeaderElection18] INFO  impl.LeaderElection (LogUtils.java:infoOrTrace(136)) - s0@group-F5D0649D4159-LeaderElection18 got exception when requesting votes: java.util.concurrent.ExecutionException: org.apache.ratis.thirdparty.io.netty.channel.AbstractChannel$AnnotatedConnectException: finishConnect(..) failed: Connection refused: localhost/127.0.0.1:15156
2024-10-07 19:12:19,349 [NettyRpcService-workerGroup--thread3] INFO  server.RaftServer$Division (RaftServerImpl.java:requestVote(1476)) - s1@group-F5D0649D4159 replies to PRE_VOTE vote request: s0<-s1#0:OK-t2. Peer's state: s1@group-F5D0649D4159:t2, leader=null, voted=s4, raftlog=Memoized:s1@group-F5D0649D4159-SegmentedRaftLog:OPENED:c2:last(t:2, i:2), conf=conf: {index: 1, cur=peers:[s3|localhost:15152, s4|localhost:15156, s0|localhost:15140, s1|localhost:15144, s2|localhost:15148]|listeners:[], old=null}
2024-10-07 19:12:19,349 [s0@group-F5D0649D4159-LeaderElection18] INFO  impl.LeaderElection (LogUtils.java:infoOrTrace(136)) - s0@group-F5D0649D4159-LeaderElection18 got exception when requesting votes: java.util.concurrent.ExecutionException: org.apache.ratis.thirdparty.io.netty.channel.AbstractChannel$AnnotatedConnectException: finishConnect(..) failed: Connection refused: localhost/127.0.0.1:15148
2024-10-07 19:12:19,398 [s1@group-F5D0649D4159-LeaderElection17] INFO  impl.LeaderElection (LeaderElection.java:logAndReturn(90)) - s1@group-F5D0649D4159-LeaderElection17: PRE_VOTE TIMEOUT received 1 response(s) and 2 exception(s):
2024-10-07 19:12:19,398 [s1@group-F5D0649D4159-LeaderElection17] INFO  impl.LeaderElection (LeaderElection.java:logAndReturn(94)) -   Response 0: s1<-s0#0:OK-t2
2024-10-07 19:12:19,399 [s1@group-F5D0649D4159-LeaderElection17] INFO  impl.LeaderElection (LogUtils.java:infoOrTrace(136)) -   Exception 1: java.util.concurrent.ExecutionException: org.apache.ratis.thirdparty.io.netty.channel.AbstractChannel$AnnotatedConnectException: finishConnect(..) failed: Connection refused: localhost/127.0.0.1:15156
2024-10-07 19:12:19,399 [s1@group-F5D0649D4159-LeaderElection17] INFO  impl.LeaderElection (LogUtils.java:infoOrTrace(136)) -   Exception 2: java.util.concurrent.ExecutionException: org.apache.ratis.thirdparty.io.netty.channel.AbstractChannel$AnnotatedConnectException: finishConnect(..) failed: Connection refused: localhost/127.0.0.1:15148
2024-10-07 19:12:19,399 [s1@group-F5D0649D4159-LeaderElection17] INFO  impl.LeaderElection (LeaderElection.java:askForVotes(339)) - s1@group-F5D0649D4159-LeaderElection17 PRE_VOTE round 75: result TIMEOUT
2024-10-07 19:12:19,399 [s1@group-F5D0649D4159-LeaderElection17] INFO  impl.LeaderElection (LeaderElection.java:askForVotes(337)) - s1@group-F5D0649D4159-LeaderElection17 PRE_VOTE round 76: submit vote requests at term 2 for conf: {index: 1, cur=peers:[s3|localhost:15152, s4|localhost:15156, s0|localhost:15140, s1|localhost:15144, s2|localhost:15148]|listeners:[], old=null}
2024-10-07 19:12:19,400 [NettyRpcService-workerGroup--thread3] INFO  server.RaftServer$Division (RaftServerImpl.java:requestVote(1443)) - s0@group-F5D0649D4159: receive requestVote(PRE_VOTE, s1, group-F5D0649D4159, 2, (t:2, i:2))
2024-10-07 19:12:19,400 [NettyRpcService-workerGroup--thread3] INFO  impl.VoteContext (VoteContext.java:log(49)) - s0@group-F5D0649D4159-CANDIDATE: accept PRE_VOTE from s1: our priority 0 <= candidate's priority 0
2024-10-07 19:12:19,400 [NettyRpcService-workerGroup--thread3] INFO  server.RaftServer$Division (RaftServerImpl.java:requestVote(1476)) - s0@group-F5D0649D4159 replies to PRE_VOTE vote request: s1<-s0#0:OK-t2. Peer's state: s0@group-F5D0649D4159:t2, leader=null, voted=s4, raftlog=Memoized:s0@group-F5D0649D4159-SegmentedRaftLog:OPENED:c2:last(t:2, i:2), conf=conf: {index: 1, cur=peers:[s3|localhost:15152, s4|localhost:15156, s0|localhost:15140, s1|localhost:15144, s2|localhost:15148]|listeners:[], old=null}
2024-10-07 19:12:19,400 [s1@group-F5D0649D4159-LeaderElection17] INFO  impl.LeaderElection (LogUtils.java:infoOrTrace(136)) - s1@group-F5D0649D4159-LeaderElection17 got exception when requesting votes: java.util.concurrent.ExecutionException: org.apache.ratis.thirdparty.io.netty.channel.AbstractChannel$AnnotatedConnectException: finishConnect(..) failed: Connection refused: localhost/127.0.0.1:15148
2024-10-07 19:12:19,400 [s1@group-F5D0649D4159-LeaderElection17] INFO  impl.LeaderElection (LogUtils.java:infoOrTrace(136)) - s1@group-F5D0649D4159-LeaderElection17 got exception when requesting votes: java.util.concurrent.ExecutionException: org.apache.ratis.thirdparty.io.netty.channel.AbstractChannel$AnnotatedConnectException: finishConnect(..) failed: Connection refused: localhost/127.0.0.1:15156
2024-10-07 19:12:19,452 [main] WARN  ratis.RaftTestUtil (RaftTestUtil.java:lambda$waitForLeader$3(126)) - Attempt #40 failed: java.lang.IllegalStateException: No leader yet : printing ALL groups
  s3:  RUNNING  FOLLOWER s3@group-F5D0649D4159:t1, leader=null, voted=null, raftlog=Memoized:s3@group-F5D0649D4159-SegmentedRaftLog:OPENED:c-1:lastnull, conf=conf: {index: -1, cur=peers:[s3|localhost:15152, s4|localhost:15156, s0|localhost:15140, s1|localhost:15144, s2|localhost:15148]|listeners:[], old=null} RUNNING
  s4:   CLOSED    LEADER s4@group-F5D0649D4159:t2, leader=s4, voted=s4, raftlog=Memoized:s4@group-F5D0649D4159-SegmentedRaftLog:CLOSED:c2, conf=conf: {index: 1, cur=peers:[s3|localhost:15152, s4|localhost:15156, s0|localhost:15140, s1|localhost:15144, s2|localhost:15148]|listeners:[], old=null} CLOSED
  s0:  RUNNING CANDIDATE s0@group-F5D0649D4159:t2, leader=null, voted=s4, raftlog=Memoized:s0@group-F5D0649D4159-SegmentedRaftLog:OPENED:c2:last(t:2, i:2), conf=conf: {index: 1, cur=peers:[s3|localhost:15152, s4|localhost:15156, s0|localhost:15140, s1|localhost:15144, s2|localhost:15148]|listeners:[], old=null} RUNNING
  s1:  RUNNING CANDIDATE s1@group-F5D0649D4159:t2, leader=null, voted=s4, raftlog=Memoized:s1@group-F5D0649D4159-SegmentedRaftLog:OPENED:c2:last(t:2, i:2), conf=conf: {index: 1, cur=peers:[s3|localhost:15152, s4|localhost:15156, s0|localhost:15140, s1|localhost:15144, s2|localhost:15148]|listeners:[], old=null} RUNNING
  s2:   CLOSED    LEADER s2@group-F5D0649D4159:t1, leader=s2, voted=s2, raftlog=Memoized:s2@group-F5D0649D4159-SegmentedRaftLog:CLOSED:c0, conf=conf: {index: 0, cur=peers:[s3|localhost:15152, s4|localhost:15156, s0|localhost:15140, s1|localhost:15144, s2|localhost:15148]|listeners:[], old=null} CLOSED
2024-10-07 19:12:19,629 [s0@group-F5D0649D4159-LeaderElection18] INFO  impl.LeaderElection (LeaderElection.java:logAndReturn(90)) - s0@group-F5D0649D4159-LeaderElection18: PRE_VOTE TIMEOUT received 1 response(s) and 2 exception(s):
2024-10-07 19:12:19,629 [s0@group-F5D0649D4159-LeaderElection18] INFO  impl.LeaderElection (LeaderElection.java:logAndReturn(94)) -   Response 0: s0<-s1#0:OK-t2
2024-10-07 19:12:19,629 [s0@group-F5D0649D4159-LeaderElection18] INFO  impl.LeaderElection (LogUtils.java:infoOrTrace(136)) -   Exception 1: java.util.concurrent.ExecutionException: org.apache.ratis.thirdparty.io.netty.channel.AbstractChannel$AnnotatedConnectException: finishConnect(..) failed: Connection refused: localhost/127.0.0.1:15156
2024-10-07 19:12:19,630 [s0@group-F5D0649D4159-LeaderElection18] INFO  impl.LeaderElection (LogUtils.java:infoOrTrace(136)) -   Exception 2: java.util.concurrent.ExecutionException: org.apache.ratis.thirdparty.io.netty.channel.AbstractChannel$AnnotatedConnectException: finishConnect(..) failed: Connection refused: localhost/127.0.0.1:15148
2024-10-07 19:12:19,630 [s0@group-F5D0649D4159-LeaderElection18] INFO  impl.LeaderElection (LeaderElection.java:askForVotes(339)) - s0@group-F5D0649D4159-LeaderElection18 PRE_VOTE round 61: result TIMEOUT
2024-10-07 19:12:19,630 [s0@group-F5D0649D4159-LeaderElection18] INFO  impl.LeaderElection (LeaderElection.java:askForVotes(337)) - s0@group-F5D0649D4159-LeaderElection18 PRE_VOTE round 62: submit vote requests at term 2 for conf: {index: 1, cur=peers:[s3|localhost:15152, s4|localhost:15156, s0|localhost:15140, s1|localhost:15144, s2|localhost:15148]|listeners:[], old=null}
2024-10-07 19:12:19,631 [NettyRpcService-workerGroup--thread3] INFO  server.RaftServer$Division (RaftServerImpl.java:requestVote(1443)) - s1@group-F5D0649D4159: receive requestVote(PRE_VOTE, s0, group-F5D0649D4159, 2, (t:2, i:2))
2024-10-07 19:12:19,631 [NettyRpcService-workerGroup--thread3] INFO  impl.VoteContext (VoteContext.java:log(49)) - s1@group-F5D0649D4159-CANDIDATE: accept PRE_VOTE from s0: our priority 0 <= candidate's priority 0
2024-10-07 19:12:19,631 [NettyRpcService-workerGroup--thread3] INFO  server.RaftServer$Division (RaftServerImpl.java:requestVote(1476)) - s1@group-F5D0649D4159 replies to PRE_VOTE vote request: s0<-s1#0:OK-t2. Peer's state: s1@group-F5D0649D4159:t2, leader=null, voted=s4, raftlog=Memoized:s1@group-F5D0649D4159-SegmentedRaftLog:OPENED:c2:last(t:2, i:2), conf=conf: {index: 1, cur=peers:[s3|localhost:15152, s4|localhost:15156, s0|localhost:15140, s1|localhost:15144, s2|localhost:15148]|listeners:[], old=null}
2024-10-07 19:12:19,632 [s0@group-F5D0649D4159-LeaderElection18] INFO  impl.LeaderElection (LogUtils.java:infoOrTrace(136)) - s0@group-F5D0649D4159-LeaderElection18 got exception when requesting votes: java.util.concurrent.ExecutionException: org.apache.ratis.thirdparty.io.netty.channel.AbstractChannel$AnnotatedConnectException: finishConnect(..) failed: Connection refused: localhost/127.0.0.1:15148
2024-10-07 19:12:19,636 [s0@group-F5D0649D4159-LeaderElection18] INFO  impl.LeaderElection (LogUtils.java:infoOrTrace(136)) - s0@group-F5D0649D4159-LeaderElection18 got exception when requesting votes: java.util.concurrent.ExecutionException: org.apache.ratis.thirdparty.io.netty.channel.AbstractChannel$AnnotatedConnectException: finishConnect(..) failed: Connection refused: localhost/127.0.0.1:15156
2024-10-07 19:12:19,652 [s1@group-F5D0649D4159-LeaderElection17] INFO  impl.LeaderElection (LeaderElection.java:logAndReturn(90)) - s1@group-F5D0649D4159-LeaderElection17: PRE_VOTE TIMEOUT received 1 response(s) and 2 exception(s):
2024-10-07 19:12:19,652 [s1@group-F5D0649D4159-LeaderElection17] INFO  impl.LeaderElection (LeaderElection.java:logAndReturn(94)) -   Response 0: s1<-s0#0:OK-t2
2024-10-07 19:12:19,653 [s1@group-F5D0649D4159-LeaderElection17] INFO  impl.LeaderElection (LogUtils.java:infoOrTrace(136)) -   Exception 1: java.util.concurrent.ExecutionException: org.apache.ratis.thirdparty.io.netty.channel.AbstractChannel$AnnotatedConnectException: finishConnect(..) failed: Connection refused: localhost/127.0.0.1:15148
2024-10-07 19:12:19,653 [s1@group-F5D0649D4159-LeaderElection17] INFO  impl.LeaderElection (LogUtils.java:infoOrTrace(136)) -   Exception 2: java.util.concurrent.ExecutionException: org.apache.ratis.thirdparty.io.netty.channel.AbstractChannel$AnnotatedConnectException: finishConnect(..) failed: Connection refused: localhost/127.0.0.1:15156
2024-10-07 19:12:19,653 [s1@group-F5D0649D4159-LeaderElection17] INFO  impl.LeaderElection (LeaderElection.java:askForVotes(339)) - s1@group-F5D0649D4159-LeaderElection17 PRE_VOTE round 76: result TIMEOUT
2024-10-07 19:12:19,653 [s1@group-F5D0649D4159-LeaderElection17] INFO  impl.LeaderElection (LeaderElection.java:askForVotes(337)) - s1@group-F5D0649D4159-LeaderElection17 PRE_VOTE round 77: submit vote requests at term 2 for conf: {index: 1, cur=peers:[s3|localhost:15152, s4|localhost:15156, s0|localhost:15140, s1|localhost:15144, s2|localhost:15148]|listeners:[], old=null}
2024-10-07 19:12:19,654 [NettyRpcService-workerGroup--thread3] INFO  server.RaftServer$Division (RaftServerImpl.java:requestVote(1443)) - s0@group-F5D0649D4159: receive requestVote(PRE_VOTE, s1, group-F5D0649D4159, 2, (t:2, i:2))
2024-10-07 19:12:19,654 [NettyRpcService-workerGroup--thread3] INFO  impl.VoteContext (VoteContext.java:log(49)) - s0@group-F5D0649D4159-CANDIDATE: accept PRE_VOTE from s1: our priority 0 <= candidate's priority 0
2024-10-07 19:12:19,654 [s1@group-F5D0649D4159-LeaderElection17] INFO  impl.LeaderElection (LogUtils.java:infoOrTrace(136)) - s1@group-F5D0649D4159-LeaderElection17 got exception when requesting votes: java.util.concurrent.ExecutionException: org.apache.ratis.thirdparty.io.netty.channel.AbstractChannel$AnnotatedConnectException: finishConnect(..) failed: Connection refused: localhost/127.0.0.1:15148
2024-10-07 19:12:19,654 [NettyRpcService-workerGroup--thread3] INFO  server.RaftServer$Division (RaftServerImpl.java:requestVote(1476)) - s0@group-F5D0649D4159 replies to PRE_VOTE vote request: s1<-s0#0:OK-t2. Peer's state: s0@group-F5D0649D4159:t2, leader=null, voted=s4, raftlog=Memoized:s0@group-F5D0649D4159-SegmentedRaftLog:OPENED:c2:last(t:2, i:2), conf=conf: {index: 1, cur=peers:[s3|localhost:15152, s4|localhost:15156, s0|localhost:15140, s1|localhost:15144, s2|localhost:15148]|listeners:[], old=null}
2024-10-07 19:12:19,654 [s1@group-F5D0649D4159-LeaderElection17] INFO  impl.LeaderElection (LogUtils.java:infoOrTrace(136)) - s1@group-F5D0649D4159-LeaderElection17 got exception when requesting votes: java.util.concurrent.ExecutionException: org.apache.ratis.thirdparty.io.netty.channel.AbstractChannel$AnnotatedConnectException: finishConnect(..) failed: Connection refused: localhost/127.0.0.1:15156
2024-10-07 19:12:19,802 [s0@group-F5D0649D4159-LeaderElection18] INFO  impl.LeaderElection (LeaderElection.java:logAndReturn(90)) - s0@group-F5D0649D4159-LeaderElection18: PRE_VOTE TIMEOUT received 1 response(s) and 2 exception(s):
2024-10-07 19:12:19,803 [s0@group-F5D0649D4159-LeaderElection18] INFO  impl.LeaderElection (LeaderElection.java:logAndReturn(94)) -   Response 0: s0<-s1#0:OK-t2
2024-10-07 19:12:19,803 [s0@group-F5D0649D4159-LeaderElection18] INFO  impl.LeaderElection (LogUtils.java:infoOrTrace(136)) -   Exception 1: java.util.concurrent.ExecutionException: org.apache.ratis.thirdparty.io.netty.channel.AbstractChannel$AnnotatedConnectException: finishConnect(..) failed: Connection refused: localhost/127.0.0.1:15148
2024-10-07 19:12:19,803 [s0@group-F5D0649D4159-LeaderElection18] INFO  impl.LeaderElection (LogUtils.java:infoOrTrace(136)) -   Exception 2: java.util.concurrent.ExecutionException: org.apache.ratis.thirdparty.io.netty.channel.AbstractChannel$AnnotatedConnectException: finishConnect(..) failed: Connection refused: localhost/127.0.0.1:15156
2024-10-07 19:12:19,803 [s0@group-F5D0649D4159-LeaderElection18] INFO  impl.LeaderElection (LeaderElection.java:askForVotes(339)) - s0@group-F5D0649D4159-LeaderElection18 PRE_VOTE round 62: result TIMEOUT
2024-10-07 19:12:19,803 [s0@group-F5D0649D4159-LeaderElection18] INFO  impl.LeaderElection (LeaderElection.java:askForVotes(337)) - s0@group-F5D0649D4159-LeaderElection18 PRE_VOTE round 63: submit vote requests at term 2 for conf: {index: 1, cur=peers:[s3|localhost:15152, s4|localhost:15156, s0|localhost:15140, s1|localhost:15144, s2|localhost:15148]|listeners:[], old=null}
2024-10-07 19:12:19,804 [NettyRpcService-workerGroup--thread3] INFO  server.RaftServer$Division (RaftServerImpl.java:requestVote(1443)) - s1@group-F5D0649D4159: receive requestVote(PRE_VOTE, s0, group-F5D0649D4159, 2, (t:2, i:2))
2024-10-07 19:12:19,804 [NettyRpcService-workerGroup--thread3] INFO  impl.VoteContext (VoteContext.java:log(49)) - s1@group-F5D0649D4159-CANDIDATE: accept PRE_VOTE from s0: our priority 0 <= candidate's priority 0
2024-10-07 19:12:19,804 [s0@group-F5D0649D4159-LeaderElection18] INFO  impl.LeaderElection (LogUtils.java:infoOrTrace(136)) - s0@group-F5D0649D4159-LeaderElection18 got exception when requesting votes: java.util.concurrent.ExecutionException: org.apache.ratis.thirdparty.io.netty.channel.AbstractChannel$AnnotatedConnectException: finishConnect(..) failed: Connection refused: localhost/127.0.0.1:15148
2024-10-07 19:12:19,804 [NettyRpcService-workerGroup--thread3] INFO  server.RaftServer$Division (RaftServerImpl.java:requestVote(1476)) - s1@group-F5D0649D4159 replies to PRE_VOTE vote request: s0<-s1#0:OK-t2. Peer's state: s1@group-F5D0649D4159:t2, leader=null, voted=s4, raftlog=Memoized:s1@group-F5D0649D4159-SegmentedRaftLog:OPENED:c2:last(t:2, i:2), conf=conf: {index: 1, cur=peers:[s3|localhost:15152, s4|localhost:15156, s0|localhost:15140, s1|localhost:15144, s2|localhost:15148]|listeners:[], old=null}
2024-10-07 19:12:19,804 [s0@group-F5D0649D4159-LeaderElection18] INFO  impl.LeaderElection (LogUtils.java:infoOrTrace(136)) - s0@group-F5D0649D4159-LeaderElection18 got exception when requesting votes: java.util.concurrent.ExecutionException: org.apache.ratis.thirdparty.io.netty.channel.AbstractChannel$AnnotatedConnectException: finishConnect(..) failed: Connection refused: localhost/127.0.0.1:15156
2024-10-07 19:12:19,842 [s1@group-F5D0649D4159-LeaderElection17] INFO  impl.LeaderElection (LeaderElection.java:logAndReturn(90)) - s1@group-F5D0649D4159-LeaderElection17: PRE_VOTE TIMEOUT received 1 response(s) and 2 exception(s):
2024-10-07 19:12:19,842 [s1@group-F5D0649D4159-LeaderElection17] INFO  impl.LeaderElection (LeaderElection.java:logAndReturn(94)) -   Response 0: s1<-s0#0:OK-t2
2024-10-07 19:12:19,843 [s1@group-F5D0649D4159-LeaderElection17] INFO  impl.LeaderElection (LogUtils.java:infoOrTrace(136)) -   Exception 1: java.util.concurrent.ExecutionException: org.apache.ratis.thirdparty.io.netty.channel.AbstractChannel$AnnotatedConnectException: finishConnect(..) failed: Connection refused: localhost/127.0.0.1:15148
2024-10-07 19:12:19,843 [s1@group-F5D0649D4159-LeaderElection17] INFO  impl.LeaderElection (LogUtils.java:infoOrTrace(136)) -   Exception 2: java.util.concurrent.ExecutionException: org.apache.ratis.thirdparty.io.netty.channel.AbstractChannel$AnnotatedConnectException: finishConnect(..) failed: Connection refused: localhost/127.0.0.1:15156
2024-10-07 19:12:19,843 [s1@group-F5D0649D4159-LeaderElection17] INFO  impl.LeaderElection (LeaderElection.java:askForVotes(339)) - s1@group-F5D0649D4159-LeaderElection17 PRE_VOTE round 77: result TIMEOUT
2024-10-07 19:12:19,843 [s1@group-F5D0649D4159-LeaderElection17] INFO  impl.LeaderElection (LeaderElection.java:askForVotes(337)) - s1@group-F5D0649D4159-LeaderElection17 PRE_VOTE round 78: submit vote requests at term 2 for conf: {index: 1, cur=peers:[s3|localhost:15152, s4|localhost:15156, s0|localhost:15140, s1|localhost:15144, s2|localhost:15148]|listeners:[], old=null}
2024-10-07 19:12:19,844 [NettyRpcService-workerGroup--thread3] INFO  server.RaftServer$Division (RaftServerImpl.java:requestVote(1443)) - s0@group-F5D0649D4159: receive requestVote(PRE_VOTE, s1, group-F5D0649D4159, 2, (t:2, i:2))
2024-10-07 19:12:19,844 [NettyRpcService-workerGroup--thread3] INFO  impl.VoteContext (VoteContext.java:log(49)) - s0@group-F5D0649D4159-CANDIDATE: accept PRE_VOTE from s1: our priority 0 <= candidate's priority 0
2024-10-07 19:12:19,844 [NettyRpcService-workerGroup--thread3] INFO  server.RaftServer$Division (RaftServerImpl.java:requestVote(1476)) - s0@group-F5D0649D4159 replies to PRE_VOTE vote request: s1<-s0#0:OK-t2. Peer's state: s0@group-F5D0649D4159:t2, leader=null, voted=s4, raftlog=Memoized:s0@group-F5D0649D4159-SegmentedRaftLog:OPENED:c2:last(t:2, i:2), conf=conf: {index: 1, cur=peers:[s3|localhost:15152, s4|localhost:15156, s0|localhost:15140, s1|localhost:15144, s2|localhost:15148]|listeners:[], old=null}
2024-10-07 19:12:19,845 [s1@group-F5D0649D4159-LeaderElection17] INFO  impl.LeaderElection (LogUtils.java:infoOrTrace(136)) - s1@group-F5D0649D4159-LeaderElection17 got exception when requesting votes: java.util.concurrent.ExecutionException: org.apache.ratis.thirdparty.io.netty.channel.AbstractChannel$AnnotatedConnectException: finishConnect(..) failed: Connection refused: localhost/127.0.0.1:15156
2024-10-07 19:12:19,845 [s1@group-F5D0649D4159-LeaderElection17] INFO  impl.LeaderElection (LogUtils.java:infoOrTrace(136)) - s1@group-F5D0649D4159-LeaderElection17 got exception when requesting votes: java.util.concurrent.ExecutionException: org.apache.ratis.thirdparty.io.netty.channel.AbstractChannel$AnnotatedConnectException: finishConnect(..) failed: Connection refused: localhost/127.0.0.1:15148
2024-10-07 19:12:19,902 [main] WARN  ratis.RaftTestUtil (RaftTestUtil.java:lambda$waitForLeader$3(126)) - Attempt #41 failed: java.lang.IllegalStateException: No leader yet : printing ALL groups
  s3:  RUNNING  FOLLOWER s3@group-F5D0649D4159:t1, leader=null, voted=null, raftlog=Memoized:s3@group-F5D0649D4159-SegmentedRaftLog:OPENED:c-1:lastnull, conf=conf: {index: -1, cur=peers:[s3|localhost:15152, s4|localhost:15156, s0|localhost:15140, s1|localhost:15144, s2|localhost:15148]|listeners:[], old=null} RUNNING
  s4:   CLOSED    LEADER s4@group-F5D0649D4159:t2, leader=s4, voted=s4, raftlog=Memoized:s4@group-F5D0649D4159-SegmentedRaftLog:CLOSED:c2, conf=conf: {index: 1, cur=peers:[s3|localhost:15152, s4|localhost:15156, s0|localhost:15140, s1|localhost:15144, s2|localhost:15148]|listeners:[], old=null} CLOSED
  s0:  RUNNING CANDIDATE s0@group-F5D0649D4159:t2, leader=null, voted=s4, raftlog=Memoized:s0@group-F5D0649D4159-SegmentedRaftLog:OPENED:c2:last(t:2, i:2), conf=conf: {index: 1, cur=peers:[s3|localhost:15152, s4|localhost:15156, s0|localhost:15140, s1|localhost:15144, s2|localhost:15148]|listeners:[], old=null} RUNNING
  s1:  RUNNING CANDIDATE s1@group-F5D0649D4159:t2, leader=null, voted=s4, raftlog=Memoized:s1@group-F5D0649D4159-SegmentedRaftLog:OPENED:c2:last(t:2, i:2), conf=conf: {index: 1, cur=peers:[s3|localhost:15152, s4|localhost:15156, s0|localhost:15140, s1|localhost:15144, s2|localhost:15148]|listeners:[], old=null} RUNNING
  s2:   CLOSED    LEADER s2@group-F5D0649D4159:t1, leader=s2, voted=s2, raftlog=Memoized:s2@group-F5D0649D4159-SegmentedRaftLog:CLOSED:c0, conf=conf: {index: 0, cur=peers:[s3|localhost:15152, s4|localhost:15156, s0|localhost:15140, s1|localhost:15144, s2|localhost:15148]|listeners:[], old=null} CLOSED
2024-10-07 19:12:19,999 [s0@group-F5D0649D4159-LeaderElection18] INFO  impl.LeaderElection (LeaderElection.java:logAndReturn(90)) - s0@group-F5D0649D4159-LeaderElection18: PRE_VOTE TIMEOUT received 1 response(s) and 2 exception(s):
2024-10-07 19:12:19,999 [s0@group-F5D0649D4159-LeaderElection18] INFO  impl.LeaderElection (LeaderElection.java:logAndReturn(94)) -   Response 0: s0<-s1#0:OK-t2
2024-10-07 19:12:19,999 [s0@group-F5D0649D4159-LeaderElection18] INFO  impl.LeaderElection (LogUtils.java:infoOrTrace(136)) -   Exception 1: java.util.concurrent.ExecutionException: org.apache.ratis.thirdparty.io.netty.channel.AbstractChannel$AnnotatedConnectException: finishConnect(..) failed: Connection refused: localhost/127.0.0.1:15148
2024-10-07 19:12:19,999 [s0@group-F5D0649D4159-LeaderElection18] INFO  impl.LeaderElection (LogUtils.java:infoOrTrace(136)) -   Exception 2: java.util.concurrent.ExecutionException: org.apache.ratis.thirdparty.io.netty.channel.AbstractChannel$AnnotatedConnectException: finishConnect(..) failed: Connection refused: localhost/127.0.0.1:15156
2024-10-07 19:12:19,999 [s0@group-F5D0649D4159-LeaderElection18] INFO  impl.LeaderElection (LeaderElection.java:askForVotes(339)) - s0@group-F5D0649D4159-LeaderElection18 PRE_VOTE round 63: result TIMEOUT
2024-10-07 19:12:19,999 [s0@group-F5D0649D4159-LeaderElection18] INFO  impl.LeaderElection (LeaderElection.java:askForVotes(337)) - s0@group-F5D0649D4159-LeaderElection18 PRE_VOTE round 64: submit vote requests at term 2 for conf: {index: 1, cur=peers:[s3|localhost:15152, s4|localhost:15156, s0|localhost:15140, s1|localhost:15144, s2|localhost:15148]|listeners:[], old=null}
2024-10-07 19:12:20,000 [NettyRpcService-workerGroup--thread3] INFO  server.RaftServer$Division (RaftServerImpl.java:requestVote(1443)) - s1@group-F5D0649D4159: receive requestVote(PRE_VOTE, s0, group-F5D0649D4159, 2, (t:2, i:2))
2024-10-07 19:12:20,001 [NettyRpcService-workerGroup--thread3] INFO  impl.VoteContext (VoteContext.java:log(49)) - s1@group-F5D0649D4159-CANDIDATE: accept PRE_VOTE from s0: our priority 0 <= candidate's priority 0
2024-10-07 19:12:20,001 [s0@group-F5D0649D4159-LeaderElection18] INFO  impl.LeaderElection (LogUtils.java:infoOrTrace(136)) - s0@group-F5D0649D4159-LeaderElection18 got exception when requesting votes: java.util.concurrent.ExecutionException: org.apache.ratis.thirdparty.io.netty.channel.AbstractChannel$AnnotatedConnectException: finishConnect(..) failed: Connection refused: localhost/127.0.0.1:15148
2024-10-07 19:12:20,001 [NettyRpcService-workerGroup--thread3] INFO  server.RaftServer$Division (RaftServerImpl.java:requestVote(1476)) - s1@group-F5D0649D4159 replies to PRE_VOTE vote request: s0<-s1#0:OK-t2. Peer's state: s1@group-F5D0649D4159:t2, leader=null, voted=s4, raftlog=Memoized:s1@group-F5D0649D4159-SegmentedRaftLog:OPENED:c2:last(t:2, i:2), conf=conf: {index: 1, cur=peers:[s3|localhost:15152, s4|localhost:15156, s0|localhost:15140, s1|localhost:15144, s2|localhost:15148]|listeners:[], old=null}
2024-10-07 19:12:20,001 [s0@group-F5D0649D4159-LeaderElection18] INFO  impl.LeaderElection (LogUtils.java:infoOrTrace(136)) - s0@group-F5D0649D4159-LeaderElection18 got exception when requesting votes: java.util.concurrent.ExecutionException: org.apache.ratis.thirdparty.io.netty.channel.AbstractChannel$AnnotatedConnectException: finishConnect(..) failed: Connection refused: localhost/127.0.0.1:15156
2024-10-07 19:12:20,037 [s1@group-F5D0649D4159-LeaderElection17] INFO  impl.LeaderElection (LeaderElection.java:logAndReturn(90)) - s1@group-F5D0649D4159-LeaderElection17: PRE_VOTE TIMEOUT received 1 response(s) and 2 exception(s):
2024-10-07 19:12:20,038 [s1@group-F5D0649D4159-LeaderElection17] INFO  impl.LeaderElection (LeaderElection.java:logAndReturn(94)) -   Response 0: s1<-s0#0:OK-t2
2024-10-07 19:12:20,038 [s1@group-F5D0649D4159-LeaderElection17] INFO  impl.LeaderElection (LogUtils.java:infoOrTrace(136)) -   Exception 1: java.util.concurrent.ExecutionException: org.apache.ratis.thirdparty.io.netty.channel.AbstractChannel$AnnotatedConnectException: finishConnect(..) failed: Connection refused: localhost/127.0.0.1:15156
2024-10-07 19:12:20,038 [s1@group-F5D0649D4159-LeaderElection17] INFO  impl.LeaderElection (LogUtils.java:infoOrTrace(136)) -   Exception 2: java.util.concurrent.ExecutionException: org.apache.ratis.thirdparty.io.netty.channel.AbstractChannel$AnnotatedConnectException: finishConnect(..) failed: Connection refused: localhost/127.0.0.1:15148
2024-10-07 19:12:20,038 [s1@group-F5D0649D4159-LeaderElection17] INFO  impl.LeaderElection (LeaderElection.java:askForVotes(339)) - s1@group-F5D0649D4159-LeaderElection17 PRE_VOTE round 78: result TIMEOUT
2024-10-07 19:12:20,038 [s1@group-F5D0649D4159-LeaderElection17] INFO  impl.LeaderElection (LeaderElection.java:askForVotes(337)) - s1@group-F5D0649D4159-LeaderElection17 PRE_VOTE round 79: submit vote requests at term 2 for conf: {index: 1, cur=peers:[s3|localhost:15152, s4|localhost:15156, s0|localhost:15140, s1|localhost:15144, s2|localhost:15148]|listeners:[], old=null}
2024-10-07 19:12:20,039 [NettyRpcService-workerGroup--thread3] INFO  server.RaftServer$Division (RaftServerImpl.java:requestVote(1443)) - s0@group-F5D0649D4159: receive requestVote(PRE_VOTE, s1, group-F5D0649D4159, 2, (t:2, i:2))
2024-10-07 19:12:20,039 [NettyRpcService-workerGroup--thread3] INFO  impl.VoteContext (VoteContext.java:log(49)) - s0@group-F5D0649D4159-CANDIDATE: accept PRE_VOTE from s1: our priority 0 <= candidate's priority 0
2024-10-07 19:12:20,039 [s1@group-F5D0649D4159-LeaderElection17] INFO  impl.LeaderElection (LogUtils.java:infoOrTrace(136)) - s1@group-F5D0649D4159-LeaderElection17 got exception when requesting votes: java.util.concurrent.ExecutionException: org.apache.ratis.thirdparty.io.netty.channel.AbstractChannel$AnnotatedConnectException: finishConnect(..) failed: Connection refused: localhost/127.0.0.1:15156
2024-10-07 19:12:20,039 [NettyRpcService-workerGroup--thread3] INFO  server.RaftServer$Division (RaftServerImpl.java:requestVote(1476)) - s0@group-F5D0649D4159 replies to PRE_VOTE vote request: s1<-s0#0:OK-t2. Peer's state: s0@group-F5D0649D4159:t2, leader=null, voted=s4, raftlog=Memoized:s0@group-F5D0649D4159-SegmentedRaftLog:OPENED:c2:last(t:2, i:2), conf=conf: {index: 1, cur=peers:[s3|localhost:15152, s4|localhost:15156, s0|localhost:15140, s1|localhost:15144, s2|localhost:15148]|listeners:[], old=null}
2024-10-07 19:12:20,039 [s1@group-F5D0649D4159-LeaderElection17] INFO  impl.LeaderElection (LogUtils.java:infoOrTrace(136)) - s1@group-F5D0649D4159-LeaderElection17 got exception when requesting votes: java.util.concurrent.ExecutionException: org.apache.ratis.thirdparty.io.netty.channel.AbstractChannel$AnnotatedConnectException: finishConnect(..) failed: Connection refused: localhost/127.0.0.1:15148
2024-10-07 19:12:20,183 [s0@group-F5D0649D4159-LeaderElection18] INFO  impl.LeaderElection (LeaderElection.java:logAndReturn(90)) - s0@group-F5D0649D4159-LeaderElection18: PRE_VOTE TIMEOUT received 1 response(s) and 2 exception(s):
2024-10-07 19:12:20,183 [s0@group-F5D0649D4159-LeaderElection18] INFO  impl.LeaderElection (LeaderElection.java:logAndReturn(94)) -   Response 0: s0<-s1#0:OK-t2
2024-10-07 19:12:20,183 [s0@group-F5D0649D4159-LeaderElection18] INFO  impl.LeaderElection (LogUtils.java:infoOrTrace(136)) -   Exception 1: java.util.concurrent.ExecutionException: org.apache.ratis.thirdparty.io.netty.channel.AbstractChannel$AnnotatedConnectException: finishConnect(..) failed: Connection refused: localhost/127.0.0.1:15148
2024-10-07 19:12:20,183 [s0@group-F5D0649D4159-LeaderElection18] INFO  impl.LeaderElection (LogUtils.java:infoOrTrace(136)) -   Exception 2: java.util.concurrent.ExecutionException: org.apache.ratis.thirdparty.io.netty.channel.AbstractChannel$AnnotatedConnectException: finishConnect(..) failed: Connection refused: localhost/127.0.0.1:15156
2024-10-07 19:12:20,183 [s0@group-F5D0649D4159-LeaderElection18] INFO  impl.LeaderElection (LeaderElection.java:askForVotes(339)) - s0@group-F5D0649D4159-LeaderElection18 PRE_VOTE round 64: result TIMEOUT
2024-10-07 19:12:20,183 [s0@group-F5D0649D4159-LeaderElection18] INFO  impl.LeaderElection (LeaderElection.java:askForVotes(337)) - s0@group-F5D0649D4159-LeaderElection18 PRE_VOTE round 65: submit vote requests at term 2 for conf: {index: 1, cur=peers:[s3|localhost:15152, s4|localhost:15156, s0|localhost:15140, s1|localhost:15144, s2|localhost:15148]|listeners:[], old=null}
2024-10-07 19:12:20,184 [NettyRpcService-workerGroup--thread3] INFO  server.RaftServer$Division (RaftServerImpl.java:requestVote(1443)) - s1@group-F5D0649D4159: receive requestVote(PRE_VOTE, s0, group-F5D0649D4159, 2, (t:2, i:2))
2024-10-07 19:12:20,184 [NettyRpcService-workerGroup--thread3] INFO  impl.VoteContext (VoteContext.java:log(49)) - s1@group-F5D0649D4159-CANDIDATE: accept PRE_VOTE from s0: our priority 0 <= candidate's priority 0
2024-10-07 19:12:20,185 [NettyRpcService-workerGroup--thread3] INFO  server.RaftServer$Division (RaftServerImpl.java:requestVote(1476)) - s1@group-F5D0649D4159 replies to PRE_VOTE vote request: s0<-s1#0:OK-t2. Peer's state: s1@group-F5D0649D4159:t2, leader=null, voted=s4, raftlog=Memoized:s1@group-F5D0649D4159-SegmentedRaftLog:OPENED:c2:last(t:2, i:2), conf=conf: {index: 1, cur=peers:[s3|localhost:15152, s4|localhost:15156, s0|localhost:15140, s1|localhost:15144, s2|localhost:15148]|listeners:[], old=null}
2024-10-07 19:12:20,185 [s0@group-F5D0649D4159-LeaderElection18] INFO  impl.LeaderElection (LogUtils.java:infoOrTrace(136)) - s0@group-F5D0649D4159-LeaderElection18 got exception when requesting votes: java.util.concurrent.ExecutionException: org.apache.ratis.thirdparty.io.netty.channel.AbstractChannel$AnnotatedConnectException: finishConnect(..) failed: Connection refused: localhost/127.0.0.1:15156
2024-10-07 19:12:20,185 [s0@group-F5D0649D4159-LeaderElection18] INFO  impl.LeaderElection (LogUtils.java:infoOrTrace(136)) - s0@group-F5D0649D4159-LeaderElection18 got exception when requesting votes: java.util.concurrent.ExecutionException: org.apache.ratis.thirdparty.io.netty.channel.AbstractChannel$AnnotatedConnectException: finishConnect(..) failed: Connection refused: localhost/127.0.0.1:15148
2024-10-07 19:12:20,264 [Timer-8] INFO  impl.MiniRaftCluster (MiniRaftCluster.java:lambda$null$7(352)) - TIMED-PRINT: printing ALL groups
  s3:  RUNNING  FOLLOWER s3@group-F5D0649D4159:t1, leader=null, voted=null, raftlog=Memoized:s3@group-F5D0649D4159-SegmentedRaftLog:OPENED:c-1:lastnull, conf=conf: {index: -1, cur=peers:[s3|localhost:15152, s4|localhost:15156, s0|localhost:15140, s1|localhost:15144, s2|localhost:15148]|listeners:[], old=null} RUNNING
  s4:   CLOSED    LEADER s4@group-F5D0649D4159:t2, leader=s4, voted=s4, raftlog=Memoized:s4@group-F5D0649D4159-SegmentedRaftLog:CLOSED:c2, conf=conf: {index: 1, cur=peers:[s3|localhost:15152, s4|localhost:15156, s0|localhost:15140, s1|localhost:15144, s2|localhost:15148]|listeners:[], old=null} CLOSED
  s0:  RUNNING CANDIDATE s0@group-F5D0649D4159:t2, leader=null, voted=s4, raftlog=Memoized:s0@group-F5D0649D4159-SegmentedRaftLog:OPENED:c2:last(t:2, i:2), conf=conf: {index: 1, cur=peers:[s3|localhost:15152, s4|localhost:15156, s0|localhost:15140, s1|localhost:15144, s2|localhost:15148]|listeners:[], old=null} RUNNING
  s1:  RUNNING CANDIDATE s1@group-F5D0649D4159:t2, leader=null, voted=s4, raftlog=Memoized:s1@group-F5D0649D4159-SegmentedRaftLog:OPENED:c2:last(t:2, i:2), conf=conf: {index: 1, cur=peers:[s3|localhost:15152, s4|localhost:15156, s0|localhost:15140, s1|localhost:15144, s2|localhost:15148]|listeners:[], old=null} RUNNING
  s2:   CLOSED    LEADER s2@group-F5D0649D4159:t1, leader=s2, voted=s2, raftlog=Memoized:s2@group-F5D0649D4159-SegmentedRaftLog:CLOSED:c0, conf=conf: {index: 0, cur=peers:[s3|localhost:15152, s4|localhost:15156, s0|localhost:15140, s1|localhost:15144, s2|localhost:15148]|listeners:[], old=null} CLOSED
2024-10-07 19:12:20,330 [s1@group-F5D0649D4159-LeaderElection17] INFO  impl.LeaderElection (LeaderElection.java:logAndReturn(90)) - s1@group-F5D0649D4159-LeaderElection17: PRE_VOTE TIMEOUT received 1 response(s) and 2 exception(s):
2024-10-07 19:12:20,330 [s1@group-F5D0649D4159-LeaderElection17] INFO  impl.LeaderElection (LeaderElection.java:logAndReturn(94)) -   Response 0: s1<-s0#0:OK-t2
2024-10-07 19:12:20,330 [s1@group-F5D0649D4159-LeaderElection17] INFO  impl.LeaderElection (LogUtils.java:infoOrTrace(136)) -   Exception 1: java.util.concurrent.ExecutionException: org.apache.ratis.thirdparty.io.netty.channel.AbstractChannel$AnnotatedConnectException: finishConnect(..) failed: Connection refused: localhost/127.0.0.1:15156
2024-10-07 19:12:20,330 [s1@group-F5D0649D4159-LeaderElection17] INFO  impl.LeaderElection (LogUtils.java:infoOrTrace(136)) -   Exception 2: java.util.concurrent.ExecutionException: org.apache.ratis.thirdparty.io.netty.channel.AbstractChannel$AnnotatedConnectException: finishConnect(..) failed: Connection refused: localhost/127.0.0.1:15148
2024-10-07 19:12:20,330 [s1@group-F5D0649D4159-LeaderElection17] INFO  impl.LeaderElection (LeaderElection.java:askForVotes(339)) - s1@group-F5D0649D4159-LeaderElection17 PRE_VOTE round 79: result TIMEOUT
2024-10-07 19:12:20,330 [s1@group-F5D0649D4159-LeaderElection17] INFO  impl.LeaderElection (LeaderElection.java:askForVotes(337)) - s1@group-F5D0649D4159-LeaderElection17 PRE_VOTE round 80: submit vote requests at term 2 for conf: {index: 1, cur=peers:[s3|localhost:15152, s4|localhost:15156, s0|localhost:15140, s1|localhost:15144, s2|localhost:15148]|listeners:[], old=null}
2024-10-07 19:12:20,331 [NettyRpcService-workerGroup--thread3] INFO  server.RaftServer$Division (RaftServerImpl.java:requestVote(1443)) - s0@group-F5D0649D4159: receive requestVote(PRE_VOTE, s1, group-F5D0649D4159, 2, (t:2, i:2))
2024-10-07 19:12:20,331 [NettyRpcService-workerGroup--thread3] INFO  impl.VoteContext (VoteContext.java:log(49)) - s0@group-F5D0649D4159-CANDIDATE: accept PRE_VOTE from s1: our priority 0 <= candidate's priority 0
2024-10-07 19:12:20,331 [NettyRpcService-workerGroup--thread3] INFO  server.RaftServer$Division (RaftServerImpl.java:requestVote(1476)) - s0@group-F5D0649D4159 replies to PRE_VOTE vote request: s1<-s0#0:OK-t2. Peer's state: s0@group-F5D0649D4159:t2, leader=null, voted=s4, raftlog=Memoized:s0@group-F5D0649D4159-SegmentedRaftLog:OPENED:c2:last(t:2, i:2), conf=conf: {index: 1, cur=peers:[s3|localhost:15152, s4|localhost:15156, s0|localhost:15140, s1|localhost:15144, s2|localhost:15148]|listeners:[], old=null}
2024-10-07 19:12:20,331 [s1@group-F5D0649D4159-LeaderElection17] INFO  impl.LeaderElection (LogUtils.java:infoOrTrace(136)) - s1@group-F5D0649D4159-LeaderElection17 got exception when requesting votes: java.util.concurrent.ExecutionException: org.apache.ratis.thirdparty.io.netty.channel.AbstractChannel$AnnotatedConnectException: finishConnect(..) failed: Connection refused: localhost/127.0.0.1:15148
2024-10-07 19:12:20,331 [s1@group-F5D0649D4159-LeaderElection17] INFO  impl.LeaderElection (LogUtils.java:infoOrTrace(136)) - s1@group-F5D0649D4159-LeaderElection17 got exception when requesting votes: java.util.concurrent.ExecutionException: org.apache.ratis.thirdparty.io.netty.channel.AbstractChannel$AnnotatedConnectException: finishConnect(..) failed: Connection refused: localhost/127.0.0.1:15156
2024-10-07 19:12:20,336 [s0@group-F5D0649D4159-LeaderElection18] INFO  impl.LeaderElection (LeaderElection.java:logAndReturn(90)) - s0@group-F5D0649D4159-LeaderElection18: PRE_VOTE TIMEOUT received 1 response(s) and 2 exception(s):
2024-10-07 19:12:20,336 [s0@group-F5D0649D4159-LeaderElection18] INFO  impl.LeaderElection (LeaderElection.java:logAndReturn(94)) -   Response 0: s0<-s1#0:OK-t2
2024-10-07 19:12:20,336 [s0@group-F5D0649D4159-LeaderElection18] INFO  impl.LeaderElection (LogUtils.java:infoOrTrace(136)) -   Exception 1: java.util.concurrent.ExecutionException: org.apache.ratis.thirdparty.io.netty.channel.AbstractChannel$AnnotatedConnectException: finishConnect(..) failed: Connection refused: localhost/127.0.0.1:15156
2024-10-07 19:12:20,336 [s0@group-F5D0649D4159-LeaderElection18] INFO  impl.LeaderElection (LogUtils.java:infoOrTrace(136)) -   Exception 2: java.util.concurrent.ExecutionException: org.apache.ratis.thirdparty.io.netty.channel.AbstractChannel$AnnotatedConnectException: finishConnect(..) failed: Connection refused: localhost/127.0.0.1:15148
2024-10-07 19:12:20,336 [s0@group-F5D0649D4159-LeaderElection18] INFO  impl.LeaderElection (LeaderElection.java:askForVotes(339)) - s0@group-F5D0649D4159-LeaderElection18 PRE_VOTE round 65: result TIMEOUT
2024-10-07 19:12:20,336 [s0@group-F5D0649D4159-LeaderElection18] INFO  impl.LeaderElection (LeaderElection.java:askForVotes(337)) - s0@group-F5D0649D4159-LeaderElection18 PRE_VOTE round 66: submit vote requests at term 2 for conf: {index: 1, cur=peers:[s3|localhost:15152, s4|localhost:15156, s0|localhost:15140, s1|localhost:15144, s2|localhost:15148]|listeners:[], old=null}
2024-10-07 19:12:20,337 [NettyRpcService-workerGroup--thread3] INFO  server.RaftServer$Division (RaftServerImpl.java:requestVote(1443)) - s1@group-F5D0649D4159: receive requestVote(PRE_VOTE, s0, group-F5D0649D4159, 2, (t:2, i:2))
2024-10-07 19:12:20,337 [NettyRpcService-workerGroup--thread3] INFO  impl.VoteContext (VoteContext.java:log(49)) - s1@group-F5D0649D4159-CANDIDATE: accept PRE_VOTE from s0: our priority 0 <= candidate's priority 0
2024-10-07 19:12:20,337 [s0@group-F5D0649D4159-LeaderElection18] INFO  impl.LeaderElection (LogUtils.java:infoOrTrace(136)) - s0@group-F5D0649D4159-LeaderElection18 got exception when requesting votes: java.util.concurrent.ExecutionException: org.apache.ratis.thirdparty.io.netty.channel.AbstractChannel$AnnotatedConnectException: finishConnect(..) failed: Connection refused: localhost/127.0.0.1:15148
2024-10-07 19:12:20,337 [NettyRpcService-workerGroup--thread3] INFO  server.RaftServer$Division (RaftServerImpl.java:requestVote(1476)) - s1@group-F5D0649D4159 replies to PRE_VOTE vote request: s0<-s1#0:OK-t2. Peer's state: s1@group-F5D0649D4159:t2, leader=null, voted=s4, raftlog=Memoized:s1@group-F5D0649D4159-SegmentedRaftLog:OPENED:c2:last(t:2, i:2), conf=conf: {index: 1, cur=peers:[s3|localhost:15152, s4|localhost:15156, s0|localhost:15140, s1|localhost:15144, s2|localhost:15148]|listeners:[], old=null}
2024-10-07 19:12:20,337 [s0@group-F5D0649D4159-LeaderElection18] INFO  impl.LeaderElection (LogUtils.java:infoOrTrace(136)) - s0@group-F5D0649D4159-LeaderElection18 got exception when requesting votes: java.util.concurrent.ExecutionException: org.apache.ratis.thirdparty.io.netty.channel.AbstractChannel$AnnotatedConnectException: finishConnect(..) failed: Connection refused: localhost/127.0.0.1:15156
2024-10-07 19:12:20,353 [main] WARN  ratis.RaftTestUtil (RaftTestUtil.java:lambda$waitForLeader$3(126)) - Attempt #42 failed: java.lang.IllegalStateException: No leader yet : printing ALL groups
  s3:  RUNNING  FOLLOWER s3@group-F5D0649D4159:t1, leader=null, voted=null, raftlog=Memoized:s3@group-F5D0649D4159-SegmentedRaftLog:OPENED:c-1:lastnull, conf=conf: {index: -1, cur=peers:[s3|localhost:15152, s4|localhost:15156, s0|localhost:15140, s1|localhost:15144, s2|localhost:15148]|listeners:[], old=null} RUNNING
  s4:   CLOSED    LEADER s4@group-F5D0649D4159:t2, leader=s4, voted=s4, raftlog=Memoized:s4@group-F5D0649D4159-SegmentedRaftLog:CLOSED:c2, conf=conf: {index: 1, cur=peers:[s3|localhost:15152, s4|localhost:15156, s0|localhost:15140, s1|localhost:15144, s2|localhost:15148]|listeners:[], old=null} CLOSED
  s0:  RUNNING CANDIDATE s0@group-F5D0649D4159:t2, leader=null, voted=s4, raftlog=Memoized:s0@group-F5D0649D4159-SegmentedRaftLog:OPENED:c2:last(t:2, i:2), conf=conf: {index: 1, cur=peers:[s3|localhost:15152, s4|localhost:15156, s0|localhost:15140, s1|localhost:15144, s2|localhost:15148]|listeners:[], old=null} RUNNING
  s1:  RUNNING CANDIDATE s1@group-F5D0649D4159:t2, leader=null, voted=s4, raftlog=Memoized:s1@group-F5D0649D4159-SegmentedRaftLog:OPENED:c2:last(t:2, i:2), conf=conf: {index: 1, cur=peers:[s3|localhost:15152, s4|localhost:15156, s0|localhost:15140, s1|localhost:15144, s2|localhost:15148]|listeners:[], old=null} RUNNING
  s2:   CLOSED    LEADER s2@group-F5D0649D4159:t1, leader=s2, voted=s2, raftlog=Memoized:s2@group-F5D0649D4159-SegmentedRaftLog:CLOSED:c0, conf=conf: {index: 0, cur=peers:[s3|localhost:15152, s4|localhost:15156, s0|localhost:15140, s1|localhost:15144, s2|localhost:15148]|listeners:[], old=null} CLOSED
2024-10-07 19:12:20,518 [s1@group-F5D0649D4159-LeaderElection17] INFO  impl.LeaderElection (LeaderElection.java:logAndReturn(90)) - s1@group-F5D0649D4159-LeaderElection17: PRE_VOTE TIMEOUT received 1 response(s) and 2 exception(s):
2024-10-07 19:12:20,518 [s1@group-F5D0649D4159-LeaderElection17] INFO  impl.LeaderElection (LeaderElection.java:logAndReturn(94)) -   Response 0: s1<-s0#0:OK-t2
2024-10-07 19:12:20,518 [s1@group-F5D0649D4159-LeaderElection17] INFO  impl.LeaderElection (LogUtils.java:infoOrTrace(136)) -   Exception 1: java.util.concurrent.ExecutionException: org.apache.ratis.thirdparty.io.netty.channel.AbstractChannel$AnnotatedConnectException: finishConnect(..) failed: Connection refused: localhost/127.0.0.1:15148
2024-10-07 19:12:20,518 [s1@group-F5D0649D4159-LeaderElection17] INFO  impl.LeaderElection (LogUtils.java:infoOrTrace(136)) -   Exception 2: java.util.concurrent.ExecutionException: org.apache.ratis.thirdparty.io.netty.channel.AbstractChannel$AnnotatedConnectException: finishConnect(..) failed: Connection refused: localhost/127.0.0.1:15156
2024-10-07 19:12:20,518 [s1@group-F5D0649D4159-LeaderElection17] INFO  impl.LeaderElection (LeaderElection.java:askForVotes(339)) - s1@group-F5D0649D4159-LeaderElection17 PRE_VOTE round 80: result TIMEOUT
2024-10-07 19:12:20,518 [s1@group-F5D0649D4159-LeaderElection17] INFO  impl.LeaderElection (LeaderElection.java:askForVotes(337)) - s1@group-F5D0649D4159-LeaderElection17 PRE_VOTE round 81: submit vote requests at term 2 for conf: {index: 1, cur=peers:[s3|localhost:15152, s4|localhost:15156, s0|localhost:15140, s1|localhost:15144, s2|localhost:15148]|listeners:[], old=null}
2024-10-07 19:12:20,519 [NettyRpcService-workerGroup--thread3] INFO  server.RaftServer$Division (RaftServerImpl.java:requestVote(1443)) - s0@group-F5D0649D4159: receive requestVote(PRE_VOTE, s1, group-F5D0649D4159, 2, (t:2, i:2))
2024-10-07 19:12:20,519 [s1@group-F5D0649D4159-LeaderElection17] INFO  impl.LeaderElection (LogUtils.java:infoOrTrace(136)) - s1@group-F5D0649D4159-LeaderElection17 got exception when requesting votes: java.util.concurrent.ExecutionException: org.apache.ratis.thirdparty.io.netty.channel.AbstractChannel$AnnotatedConnectException: finishConnect(..) failed: Connection refused: localhost/127.0.0.1:15148
2024-10-07 19:12:20,519 [NettyRpcService-workerGroup--thread3] INFO  impl.VoteContext (VoteContext.java:log(49)) - s0@group-F5D0649D4159-CANDIDATE: accept PRE_VOTE from s1: our priority 0 <= candidate's priority 0
2024-10-07 19:12:20,519 [s1@group-F5D0649D4159-LeaderElection17] INFO  impl.LeaderElection (LogUtils.java:infoOrTrace(136)) - s1@group-F5D0649D4159-LeaderElection17 got exception when requesting votes: java.util.concurrent.ExecutionException: org.apache.ratis.thirdparty.io.netty.channel.AbstractChannel$AnnotatedConnectException: finishConnect(..) failed: Connection refused: localhost/127.0.0.1:15156
2024-10-07 19:12:20,519 [NettyRpcService-workerGroup--thread3] INFO  server.RaftServer$Division (RaftServerImpl.java:requestVote(1476)) - s0@group-F5D0649D4159 replies to PRE_VOTE vote request: s1<-s0#0:OK-t2. Peer's state: s0@group-F5D0649D4159:t2, leader=null, voted=s4, raftlog=Memoized:s0@group-F5D0649D4159-SegmentedRaftLog:OPENED:c2:last(t:2, i:2), conf=conf: {index: 1, cur=peers:[s3|localhost:15152, s4|localhost:15156, s0|localhost:15140, s1|localhost:15144, s2|localhost:15148]|listeners:[], old=null}
2024-10-07 19:12:20,629 [s0@group-F5D0649D4159-LeaderElection18] INFO  impl.LeaderElection (LeaderElection.java:logAndReturn(90)) - s0@group-F5D0649D4159-LeaderElection18: PRE_VOTE TIMEOUT received 1 response(s) and 2 exception(s):
2024-10-07 19:12:20,629 [s0@group-F5D0649D4159-LeaderElection18] INFO  impl.LeaderElection (LeaderElection.java:logAndReturn(94)) -   Response 0: s0<-s1#0:OK-t2
2024-10-07 19:12:20,629 [s0@group-F5D0649D4159-LeaderElection18] INFO  impl.LeaderElection (LogUtils.java:infoOrTrace(136)) -   Exception 1: java.util.concurrent.ExecutionException: org.apache.ratis.thirdparty.io.netty.channel.AbstractChannel$AnnotatedConnectException: finishConnect(..) failed: Connection refused: localhost/127.0.0.1:15148
2024-10-07 19:12:20,629 [s0@group-F5D0649D4159-LeaderElection18] INFO  impl.LeaderElection (LogUtils.java:infoOrTrace(136)) -   Exception 2: java.util.concurrent.ExecutionException: org.apache.ratis.thirdparty.io.netty.channel.AbstractChannel$AnnotatedConnectException: finishConnect(..) failed: Connection refused: localhost/127.0.0.1:15156
2024-10-07 19:12:20,630 [s0@group-F5D0649D4159-LeaderElection18] INFO  impl.LeaderElection (LeaderElection.java:askForVotes(339)) - s0@group-F5D0649D4159-LeaderElection18 PRE_VOTE round 66: result TIMEOUT
2024-10-07 19:12:20,630 [s0@group-F5D0649D4159-LeaderElection18] INFO  impl.LeaderElection (LeaderElection.java:askForVotes(337)) - s0@group-F5D0649D4159-LeaderElection18 PRE_VOTE round 67: submit vote requests at term 2 for conf: {index: 1, cur=peers:[s3|localhost:15152, s4|localhost:15156, s0|localhost:15140, s1|localhost:15144, s2|localhost:15148]|listeners:[], old=null}
2024-10-07 19:12:20,630 [NettyRpcService-workerGroup--thread3] INFO  server.RaftServer$Division (RaftServerImpl.java:requestVote(1443)) - s1@group-F5D0649D4159: receive requestVote(PRE_VOTE, s0, group-F5D0649D4159, 2, (t:2, i:2))
2024-10-07 19:12:20,631 [NettyRpcService-workerGroup--thread3] INFO  impl.VoteContext (VoteContext.java:log(49)) - s1@group-F5D0649D4159-CANDIDATE: accept PRE_VOTE from s0: our priority 0 <= candidate's priority 0
2024-10-07 19:12:20,631 [NettyRpcService-workerGroup--thread3] INFO  server.RaftServer$Division (RaftServerImpl.java:requestVote(1476)) - s1@group-F5D0649D4159 replies to PRE_VOTE vote request: s0<-s1#0:OK-t2. Peer's state: s1@group-F5D0649D4159:t2, leader=null, voted=s4, raftlog=Memoized:s1@group-F5D0649D4159-SegmentedRaftLog:OPENED:c2:last(t:2, i:2), conf=conf: {index: 1, cur=peers:[s3|localhost:15152, s4|localhost:15156, s0|localhost:15140, s1|localhost:15144, s2|localhost:15148]|listeners:[], old=null}
2024-10-07 19:12:20,631 [s0@group-F5D0649D4159-LeaderElection18] INFO  impl.LeaderElection (LogUtils.java:infoOrTrace(136)) - s0@group-F5D0649D4159-LeaderElection18 got exception when requesting votes: java.util.concurrent.ExecutionException: org.apache.ratis.thirdparty.io.netty.channel.AbstractChannel$AnnotatedConnectException: finishConnect(..) failed: Connection refused: localhost/127.0.0.1:15148
2024-10-07 19:12:20,631 [s0@group-F5D0649D4159-LeaderElection18] INFO  impl.LeaderElection (LogUtils.java:infoOrTrace(136)) - s0@group-F5D0649D4159-LeaderElection18 got exception when requesting votes: java.util.concurrent.ExecutionException: org.apache.ratis.thirdparty.io.netty.channel.AbstractChannel$AnnotatedConnectException: finishConnect(..) failed: Connection refused: localhost/127.0.0.1:15156
2024-10-07 19:12:20,777 [s1@group-F5D0649D4159-LeaderElection17] INFO  impl.LeaderElection (LeaderElection.java:logAndReturn(90)) - s1@group-F5D0649D4159-LeaderElection17: PRE_VOTE TIMEOUT received 1 response(s) and 2 exception(s):
2024-10-07 19:12:20,777 [s1@group-F5D0649D4159-LeaderElection17] INFO  impl.LeaderElection (LeaderElection.java:logAndReturn(94)) -   Response 0: s1<-s0#0:OK-t2
2024-10-07 19:12:20,777 [s1@group-F5D0649D4159-LeaderElection17] INFO  impl.LeaderElection (LogUtils.java:infoOrTrace(136)) -   Exception 1: java.util.concurrent.ExecutionException: org.apache.ratis.thirdparty.io.netty.channel.AbstractChannel$AnnotatedConnectException: finishConnect(..) failed: Connection refused: localhost/127.0.0.1:15148
2024-10-07 19:12:20,777 [s1@group-F5D0649D4159-LeaderElection17] INFO  impl.LeaderElection (LogUtils.java:infoOrTrace(136)) -   Exception 2: java.util.concurrent.ExecutionException: org.apache.ratis.thirdparty.io.netty.channel.AbstractChannel$AnnotatedConnectException: finishConnect(..) failed: Connection refused: localhost/127.0.0.1:15156
2024-10-07 19:12:20,777 [s1@group-F5D0649D4159-LeaderElection17] INFO  impl.LeaderElection (LeaderElection.java:askForVotes(339)) - s1@group-F5D0649D4159-LeaderElection17 PRE_VOTE round 81: result TIMEOUT
2024-10-07 19:12:20,777 [s1@group-F5D0649D4159-LeaderElection17] INFO  impl.LeaderElection (LeaderElection.java:askForVotes(337)) - s1@group-F5D0649D4159-LeaderElection17 PRE_VOTE round 82: submit vote requests at term 2 for conf: {index: 1, cur=peers:[s3|localhost:15152, s4|localhost:15156, s0|localhost:15140, s1|localhost:15144, s2|localhost:15148]|listeners:[], old=null}
2024-10-07 19:12:20,778 [NettyRpcService-workerGroup--thread3] INFO  server.RaftServer$Division (RaftServerImpl.java:requestVote(1443)) - s0@group-F5D0649D4159: receive requestVote(PRE_VOTE, s1, group-F5D0649D4159, 2, (t:2, i:2))
2024-10-07 19:12:20,778 [NettyRpcService-workerGroup--thread3] INFO  impl.VoteContext (VoteContext.java:log(49)) - s0@group-F5D0649D4159-CANDIDATE: accept PRE_VOTE from s1: our priority 0 <= candidate's priority 0
2024-10-07 19:12:20,779 [NettyRpcService-workerGroup--thread3] INFO  server.RaftServer$Division (RaftServerImpl.java:requestVote(1476)) - s0@group-F5D0649D4159 replies to PRE_VOTE vote request: s1<-s0#0:OK-t2. Peer's state: s0@group-F5D0649D4159:t2, leader=null, voted=s4, raftlog=Memoized:s0@group-F5D0649D4159-SegmentedRaftLog:OPENED:c2:last(t:2, i:2), conf=conf: {index: 1, cur=peers:[s3|localhost:15152, s4|localhost:15156, s0|localhost:15140, s1|localhost:15144, s2|localhost:15148]|listeners:[], old=null}
2024-10-07 19:12:20,779 [s1@group-F5D0649D4159-LeaderElection17] INFO  impl.LeaderElection (LogUtils.java:infoOrTrace(136)) - s1@group-F5D0649D4159-LeaderElection17 got exception when requesting votes: java.util.concurrent.ExecutionException: org.apache.ratis.thirdparty.io.netty.channel.AbstractChannel$AnnotatedConnectException: finishConnect(..) failed: Connection refused: localhost/127.0.0.1:15156
2024-10-07 19:12:20,780 [s1@group-F5D0649D4159-LeaderElection17] INFO  impl.LeaderElection (LogUtils.java:infoOrTrace(136)) - s1@group-F5D0649D4159-LeaderElection17 got exception when requesting votes: java.util.concurrent.ExecutionException: org.apache.ratis.thirdparty.io.netty.channel.AbstractChannel$AnnotatedConnectException: finishConnect(..) failed: Connection refused: localhost/127.0.0.1:15148
2024-10-07 19:12:20,799 [s0@group-F5D0649D4159-LeaderElection18] INFO  impl.LeaderElection (LeaderElection.java:logAndReturn(90)) - s0@group-F5D0649D4159-LeaderElection18: PRE_VOTE TIMEOUT received 1 response(s) and 2 exception(s):
2024-10-07 19:12:20,799 [s0@group-F5D0649D4159-LeaderElection18] INFO  impl.LeaderElection (LeaderElection.java:logAndReturn(94)) -   Response 0: s0<-s1#0:OK-t2
2024-10-07 19:12:20,799 [s0@group-F5D0649D4159-LeaderElection18] INFO  impl.LeaderElection (LogUtils.java:infoOrTrace(136)) -   Exception 1: java.util.concurrent.ExecutionException: org.apache.ratis.thirdparty.io.netty.channel.AbstractChannel$AnnotatedConnectException: finishConnect(..) failed: Connection refused: localhost/127.0.0.1:15148
2024-10-07 19:12:20,799 [s0@group-F5D0649D4159-LeaderElection18] INFO  impl.LeaderElection (LogUtils.java:infoOrTrace(136)) -   Exception 2: java.util.concurrent.ExecutionException: org.apache.ratis.thirdparty.io.netty.channel.AbstractChannel$AnnotatedConnectException: finishConnect(..) failed: Connection refused: localhost/127.0.0.1:15156
2024-10-07 19:12:20,800 [s0@group-F5D0649D4159-LeaderElection18] INFO  impl.LeaderElection (LeaderElection.java:askForVotes(339)) - s0@group-F5D0649D4159-LeaderElection18 PRE_VOTE round 67: result TIMEOUT
2024-10-07 19:12:20,800 [s0@group-F5D0649D4159-LeaderElection18] INFO  impl.LeaderElection (LeaderElection.java:askForVotes(337)) - s0@group-F5D0649D4159-LeaderElection18 PRE_VOTE round 68: submit vote requests at term 2 for conf: {index: 1, cur=peers:[s3|localhost:15152, s4|localhost:15156, s0|localhost:15140, s1|localhost:15144, s2|localhost:15148]|listeners:[], old=null}
2024-10-07 19:12:20,801 [NettyRpcService-workerGroup--thread3] INFO  server.RaftServer$Division (RaftServerImpl.java:requestVote(1443)) - s1@group-F5D0649D4159: receive requestVote(PRE_VOTE, s0, group-F5D0649D4159, 2, (t:2, i:2))
2024-10-07 19:12:20,801 [s0@group-F5D0649D4159-LeaderElection18] INFO  impl.LeaderElection (LogUtils.java:infoOrTrace(136)) - s0@group-F5D0649D4159-LeaderElection18 got exception when requesting votes: java.util.concurrent.ExecutionException: org.apache.ratis.thirdparty.io.netty.channel.AbstractChannel$AnnotatedConnectException: finishConnect(..) failed: Connection refused: localhost/127.0.0.1:15156
2024-10-07 19:12:20,801 [NettyRpcService-workerGroup--thread3] INFO  impl.VoteContext (VoteContext.java:log(49)) - s1@group-F5D0649D4159-CANDIDATE: accept PRE_VOTE from s0: our priority 0 <= candidate's priority 0
2024-10-07 19:12:20,801 [s0@group-F5D0649D4159-LeaderElection18] INFO  impl.LeaderElection (LogUtils.java:infoOrTrace(136)) - s0@group-F5D0649D4159-LeaderElection18 got exception when requesting votes: java.util.concurrent.ExecutionException: org.apache.ratis.thirdparty.io.netty.channel.AbstractChannel$AnnotatedConnectException: finishConnect(..) failed: Connection refused: localhost/127.0.0.1:15148
2024-10-07 19:12:20,801 [NettyRpcService-workerGroup--thread3] INFO  server.RaftServer$Division (RaftServerImpl.java:requestVote(1476)) - s1@group-F5D0649D4159 replies to PRE_VOTE vote request: s0<-s1#0:OK-t2. Peer's state: s1@group-F5D0649D4159:t2, leader=null, voted=s4, raftlog=Memoized:s1@group-F5D0649D4159-SegmentedRaftLog:OPENED:c2:last(t:2, i:2), conf=conf: {index: 1, cur=peers:[s3|localhost:15152, s4|localhost:15156, s0|localhost:15140, s1|localhost:15144, s2|localhost:15148]|listeners:[], old=null}
2024-10-07 19:12:20,803 [main] WARN  ratis.RaftTestUtil (RaftTestUtil.java:lambda$waitForLeader$3(126)) - Attempt #43 failed: java.lang.IllegalStateException: No leader yet : printing ALL groups
  s3:  RUNNING  FOLLOWER s3@group-F5D0649D4159:t1, leader=null, voted=null, raftlog=Memoized:s3@group-F5D0649D4159-SegmentedRaftLog:OPENED:c-1:lastnull, conf=conf: {index: -1, cur=peers:[s3|localhost:15152, s4|localhost:15156, s0|localhost:15140, s1|localhost:15144, s2|localhost:15148]|listeners:[], old=null} RUNNING
  s4:   CLOSED    LEADER s4@group-F5D0649D4159:t2, leader=s4, voted=s4, raftlog=Memoized:s4@group-F5D0649D4159-SegmentedRaftLog:CLOSED:c2, conf=conf: {index: 1, cur=peers:[s3|localhost:15152, s4|localhost:15156, s0|localhost:15140, s1|localhost:15144, s2|localhost:15148]|listeners:[], old=null} CLOSED
  s0:  RUNNING CANDIDATE s0@group-F5D0649D4159:t2, leader=null, voted=s4, raftlog=Memoized:s0@group-F5D0649D4159-SegmentedRaftLog:OPENED:c2:last(t:2, i:2), conf=conf: {index: 1, cur=peers:[s3|localhost:15152, s4|localhost:15156, s0|localhost:15140, s1|localhost:15144, s2|localhost:15148]|listeners:[], old=null} RUNNING
  s1:  RUNNING CANDIDATE s1@group-F5D0649D4159:t2, leader=null, voted=s4, raftlog=Memoized:s1@group-F5D0649D4159-SegmentedRaftLog:OPENED:c2:last(t:2, i:2), conf=conf: {index: 1, cur=peers:[s3|localhost:15152, s4|localhost:15156, s0|localhost:15140, s1|localhost:15144, s2|localhost:15148]|listeners:[], old=null} RUNNING
  s2:   CLOSED    LEADER s2@group-F5D0649D4159:t1, leader=s2, voted=s2, raftlog=Memoized:s2@group-F5D0649D4159-SegmentedRaftLog:CLOSED:c0, conf=conf: {index: 0, cur=peers:[s3|localhost:15152, s4|localhost:15156, s0|localhost:15140, s1|localhost:15144, s2|localhost:15148]|listeners:[], old=null} CLOSED
2024-10-07 19:12:20,990 [s0@group-F5D0649D4159-LeaderElection18] INFO  impl.LeaderElection (LeaderElection.java:logAndReturn(90)) - s0@group-F5D0649D4159-LeaderElection18: PRE_VOTE TIMEOUT received 1 response(s) and 2 exception(s):
2024-10-07 19:12:20,990 [s0@group-F5D0649D4159-LeaderElection18] INFO  impl.LeaderElection (LeaderElection.java:logAndReturn(94)) -   Response 0: s0<-s1#0:OK-t2
2024-10-07 19:12:20,991 [s0@group-F5D0649D4159-LeaderElection18] INFO  impl.LeaderElection (LogUtils.java:infoOrTrace(136)) -   Exception 1: java.util.concurrent.ExecutionException: org.apache.ratis.thirdparty.io.netty.channel.AbstractChannel$AnnotatedConnectException: finishConnect(..) failed: Connection refused: localhost/127.0.0.1:15156
2024-10-07 19:12:20,991 [s0@group-F5D0649D4159-LeaderElection18] INFO  impl.LeaderElection (LogUtils.java:infoOrTrace(136)) -   Exception 2: java.util.concurrent.ExecutionException: org.apache.ratis.thirdparty.io.netty.channel.AbstractChannel$AnnotatedConnectException: finishConnect(..) failed: Connection refused: localhost/127.0.0.1:15148
2024-10-07 19:12:20,991 [s0@group-F5D0649D4159-LeaderElection18] INFO  impl.LeaderElection (LeaderElection.java:askForVotes(339)) - s0@group-F5D0649D4159-LeaderElection18 PRE_VOTE round 68: result TIMEOUT
2024-10-07 19:12:20,991 [s0@group-F5D0649D4159-LeaderElection18] INFO  impl.LeaderElection (LeaderElection.java:askForVotes(337)) - s0@group-F5D0649D4159-LeaderElection18 PRE_VOTE round 69: submit vote requests at term 2 for conf: {index: 1, cur=peers:[s3|localhost:15152, s4|localhost:15156, s0|localhost:15140, s1|localhost:15144, s2|localhost:15148]|listeners:[], old=null}
2024-10-07 19:12:20,992 [NettyRpcService-workerGroup--thread3] INFO  server.RaftServer$Division (RaftServerImpl.java:requestVote(1443)) - s1@group-F5D0649D4159: receive requestVote(PRE_VOTE, s0, group-F5D0649D4159, 2, (t:2, i:2))
2024-10-07 19:12:20,992 [NettyRpcService-workerGroup--thread3] INFO  impl.VoteContext (VoteContext.java:log(49)) - s1@group-F5D0649D4159-CANDIDATE: accept PRE_VOTE from s0: our priority 0 <= candidate's priority 0
2024-10-07 19:12:20,992 [s0@group-F5D0649D4159-LeaderElection18] INFO  impl.LeaderElection (LogUtils.java:infoOrTrace(136)) - s0@group-F5D0649D4159-LeaderElection18 got exception when requesting votes: java.util.concurrent.ExecutionException: org.apache.ratis.thirdparty.io.netty.channel.AbstractChannel$AnnotatedConnectException: finishConnect(..) failed: Connection refused: localhost/127.0.0.1:15148
2024-10-07 19:12:20,992 [NettyRpcService-workerGroup--thread3] INFO  server.RaftServer$Division (RaftServerImpl.java:requestVote(1476)) - s1@group-F5D0649D4159 replies to PRE_VOTE vote request: s0<-s1#0:OK-t2. Peer's state: s1@group-F5D0649D4159:t2, leader=null, voted=s4, raftlog=Memoized:s1@group-F5D0649D4159-SegmentedRaftLog:OPENED:c2:last(t:2, i:2), conf=conf: {index: 1, cur=peers:[s3|localhost:15152, s4|localhost:15156, s0|localhost:15140, s1|localhost:15144, s2|localhost:15148]|listeners:[], old=null}
2024-10-07 19:12:20,992 [s0@group-F5D0649D4159-LeaderElection18] INFO  impl.LeaderElection (LogUtils.java:infoOrTrace(136)) - s0@group-F5D0649D4159-LeaderElection18 got exception when requesting votes: java.util.concurrent.ExecutionException: org.apache.ratis.thirdparty.io.netty.channel.AbstractChannel$AnnotatedConnectException: finishConnect(..) failed: Connection refused: localhost/127.0.0.1:15156
2024-10-07 19:12:21,059 [s1@group-F5D0649D4159-LeaderElection17] INFO  impl.LeaderElection (LeaderElection.java:logAndReturn(90)) - s1@group-F5D0649D4159-LeaderElection17: PRE_VOTE TIMEOUT received 1 response(s) and 2 exception(s):
2024-10-07 19:12:21,059 [s1@group-F5D0649D4159-LeaderElection17] INFO  impl.LeaderElection (LeaderElection.java:logAndReturn(94)) -   Response 0: s1<-s0#0:OK-t2
2024-10-07 19:12:21,059 [s1@group-F5D0649D4159-LeaderElection17] INFO  impl.LeaderElection (LogUtils.java:infoOrTrace(136)) -   Exception 1: java.util.concurrent.ExecutionException: org.apache.ratis.thirdparty.io.netty.channel.AbstractChannel$AnnotatedConnectException: finishConnect(..) failed: Connection refused: localhost/127.0.0.1:15156
2024-10-07 19:12:21,059 [s1@group-F5D0649D4159-LeaderElection17] INFO  impl.LeaderElection (LogUtils.java:infoOrTrace(136)) -   Exception 2: java.util.concurrent.ExecutionException: org.apache.ratis.thirdparty.io.netty.channel.AbstractChannel$AnnotatedConnectException: finishConnect(..) failed: Connection refused: localhost/127.0.0.1:15148
2024-10-07 19:12:21,059 [s1@group-F5D0649D4159-LeaderElection17] INFO  impl.LeaderElection (LeaderElection.java:askForVotes(339)) - s1@group-F5D0649D4159-LeaderElection17 PRE_VOTE round 82: result TIMEOUT
2024-10-07 19:12:21,060 [s1@group-F5D0649D4159-LeaderElection17] INFO  impl.LeaderElection (LeaderElection.java:askForVotes(337)) - s1@group-F5D0649D4159-LeaderElection17 PRE_VOTE round 83: submit vote requests at term 2 for conf: {index: 1, cur=peers:[s3|localhost:15152, s4|localhost:15156, s0|localhost:15140, s1|localhost:15144, s2|localhost:15148]|listeners:[], old=null}
2024-10-07 19:12:21,060 [NettyRpcService-workerGroup--thread3] INFO  server.RaftServer$Division (RaftServerImpl.java:requestVote(1443)) - s0@group-F5D0649D4159: receive requestVote(PRE_VOTE, s1, group-F5D0649D4159, 2, (t:2, i:2))
2024-10-07 19:12:21,060 [NettyRpcService-workerGroup--thread3] INFO  impl.VoteContext (VoteContext.java:log(49)) - s0@group-F5D0649D4159-CANDIDATE: accept PRE_VOTE from s1: our priority 0 <= candidate's priority 0
2024-10-07 19:12:21,061 [NettyRpcService-workerGroup--thread3] INFO  server.RaftServer$Division (RaftServerImpl.java:requestVote(1476)) - s0@group-F5D0649D4159 replies to PRE_VOTE vote request: s1<-s0#0:OK-t2. Peer's state: s0@group-F5D0649D4159:t2, leader=null, voted=s4, raftlog=Memoized:s0@group-F5D0649D4159-SegmentedRaftLog:OPENED:c2:last(t:2, i:2), conf=conf: {index: 1, cur=peers:[s3|localhost:15152, s4|localhost:15156, s0|localhost:15140, s1|localhost:15144, s2|localhost:15148]|listeners:[], old=null}
2024-10-07 19:12:21,061 [s1@group-F5D0649D4159-LeaderElection17] INFO  impl.LeaderElection (LogUtils.java:infoOrTrace(136)) - s1@group-F5D0649D4159-LeaderElection17 got exception when requesting votes: java.util.concurrent.ExecutionException: org.apache.ratis.thirdparty.io.netty.channel.AbstractChannel$AnnotatedConnectException: finishConnect(..) failed: Connection refused: localhost/127.0.0.1:15156
2024-10-07 19:12:21,062 [s1@group-F5D0649D4159-LeaderElection17] INFO  impl.LeaderElection (LogUtils.java:infoOrTrace(136)) - s1@group-F5D0649D4159-LeaderElection17 got exception when requesting votes: java.util.concurrent.ExecutionException: org.apache.ratis.thirdparty.io.netty.channel.AbstractChannel$AnnotatedConnectException: finishConnect(..) failed: Connection refused: localhost/127.0.0.1:15148
2024-10-07 19:12:21,170 [s0@group-F5D0649D4159-LeaderElection18] INFO  impl.LeaderElection (LeaderElection.java:logAndReturn(90)) - s0@group-F5D0649D4159-LeaderElection18: PRE_VOTE TIMEOUT received 1 response(s) and 2 exception(s):
2024-10-07 19:12:21,171 [s0@group-F5D0649D4159-LeaderElection18] INFO  impl.LeaderElection (LeaderElection.java:logAndReturn(94)) -   Response 0: s0<-s1#0:OK-t2
2024-10-07 19:12:21,171 [s0@group-F5D0649D4159-LeaderElection18] INFO  impl.LeaderElection (LogUtils.java:infoOrTrace(136)) -   Exception 1: java.util.concurrent.ExecutionException: org.apache.ratis.thirdparty.io.netty.channel.AbstractChannel$AnnotatedConnectException: finishConnect(..) failed: Connection refused: localhost/127.0.0.1:15148
2024-10-07 19:12:21,171 [s0@group-F5D0649D4159-LeaderElection18] INFO  impl.LeaderElection (LogUtils.java:infoOrTrace(136)) -   Exception 2: java.util.concurrent.ExecutionException: org.apache.ratis.thirdparty.io.netty.channel.AbstractChannel$AnnotatedConnectException: finishConnect(..) failed: Connection refused: localhost/127.0.0.1:15156
2024-10-07 19:12:21,171 [s0@group-F5D0649D4159-LeaderElection18] INFO  impl.LeaderElection (LeaderElection.java:askForVotes(339)) - s0@group-F5D0649D4159-LeaderElection18 PRE_VOTE round 69: result TIMEOUT
2024-10-07 19:12:21,171 [s0@group-F5D0649D4159-LeaderElection18] INFO  impl.LeaderElection (LeaderElection.java:askForVotes(337)) - s0@group-F5D0649D4159-LeaderElection18 PRE_VOTE round 70: submit vote requests at term 2 for conf: {index: 1, cur=peers:[s3|localhost:15152, s4|localhost:15156, s0|localhost:15140, s1|localhost:15144, s2|localhost:15148]|listeners:[], old=null}
2024-10-07 19:12:21,172 [NettyRpcService-workerGroup--thread3] INFO  server.RaftServer$Division (RaftServerImpl.java:requestVote(1443)) - s1@group-F5D0649D4159: receive requestVote(PRE_VOTE, s0, group-F5D0649D4159, 2, (t:2, i:2))
2024-10-07 19:12:21,172 [NettyRpcService-workerGroup--thread3] INFO  impl.VoteContext (VoteContext.java:log(49)) - s1@group-F5D0649D4159-CANDIDATE: accept PRE_VOTE from s0: our priority 0 <= candidate's priority 0
2024-10-07 19:12:21,172 [NettyRpcService-workerGroup--thread3] INFO  server.RaftServer$Division (RaftServerImpl.java:requestVote(1476)) - s1@group-F5D0649D4159 replies to PRE_VOTE vote request: s0<-s1#0:OK-t2. Peer's state: s1@group-F5D0649D4159:t2, leader=null, voted=s4, raftlog=Memoized:s1@group-F5D0649D4159-SegmentedRaftLog:OPENED:c2:last(t:2, i:2), conf=conf: {index: 1, cur=peers:[s3|localhost:15152, s4|localhost:15156, s0|localhost:15140, s1|localhost:15144, s2|localhost:15148]|listeners:[], old=null}
2024-10-07 19:12:21,172 [s0@group-F5D0649D4159-LeaderElection18] INFO  impl.LeaderElection (LogUtils.java:infoOrTrace(136)) - s0@group-F5D0649D4159-LeaderElection18 got exception when requesting votes: java.util.concurrent.ExecutionException: org.apache.ratis.thirdparty.io.netty.channel.AbstractChannel$AnnotatedConnectException: finishConnect(..) failed: Connection refused: localhost/127.0.0.1:15156
2024-10-07 19:12:21,172 [s0@group-F5D0649D4159-LeaderElection18] INFO  impl.LeaderElection (LogUtils.java:infoOrTrace(136)) - s0@group-F5D0649D4159-LeaderElection18 got exception when requesting votes: java.util.concurrent.ExecutionException: org.apache.ratis.thirdparty.io.netty.channel.AbstractChannel$AnnotatedConnectException: finishConnect(..) failed: Connection refused: localhost/127.0.0.1:15148
2024-10-07 19:12:21,233 [s1@group-F5D0649D4159-LeaderElection17] INFO  impl.LeaderElection (LeaderElection.java:logAndReturn(90)) - s1@group-F5D0649D4159-LeaderElection17: PRE_VOTE TIMEOUT received 1 response(s) and 2 exception(s):
2024-10-07 19:12:21,233 [s1@group-F5D0649D4159-LeaderElection17] INFO  impl.LeaderElection (LeaderElection.java:logAndReturn(94)) -   Response 0: s1<-s0#0:OK-t2
2024-10-07 19:12:21,233 [s1@group-F5D0649D4159-LeaderElection17] INFO  impl.LeaderElection (LogUtils.java:infoOrTrace(136)) -   Exception 1: java.util.concurrent.ExecutionException: org.apache.ratis.thirdparty.io.netty.channel.AbstractChannel$AnnotatedConnectException: finishConnect(..) failed: Connection refused: localhost/127.0.0.1:15156
2024-10-07 19:12:21,233 [s1@group-F5D0649D4159-LeaderElection17] INFO  impl.LeaderElection (LogUtils.java:infoOrTrace(136)) -   Exception 2: java.util.concurrent.ExecutionException: org.apache.ratis.thirdparty.io.netty.channel.AbstractChannel$AnnotatedConnectException: finishConnect(..) failed: Connection refused: localhost/127.0.0.1:15148
2024-10-07 19:12:21,234 [s1@group-F5D0649D4159-LeaderElection17] INFO  impl.LeaderElection (LeaderElection.java:askForVotes(339)) - s1@group-F5D0649D4159-LeaderElection17 PRE_VOTE round 83: result TIMEOUT
2024-10-07 19:12:21,234 [s1@group-F5D0649D4159-LeaderElection17] INFO  impl.LeaderElection (LeaderElection.java:askForVotes(337)) - s1@group-F5D0649D4159-LeaderElection17 PRE_VOTE round 84: submit vote requests at term 2 for conf: {index: 1, cur=peers:[s3|localhost:15152, s4|localhost:15156, s0|localhost:15140, s1|localhost:15144, s2|localhost:15148]|listeners:[], old=null}
2024-10-07 19:12:21,234 [NettyRpcService-workerGroup--thread3] INFO  server.RaftServer$Division (RaftServerImpl.java:requestVote(1443)) - s0@group-F5D0649D4159: receive requestVote(PRE_VOTE, s1, group-F5D0649D4159, 2, (t:2, i:2))
2024-10-07 19:12:21,235 [NettyRpcService-workerGroup--thread3] INFO  impl.VoteContext (VoteContext.java:log(49)) - s0@group-F5D0649D4159-CANDIDATE: accept PRE_VOTE from s1: our priority 0 <= candidate's priority 0
2024-10-07 19:12:21,235 [NettyRpcService-workerGroup--thread3] INFO  server.RaftServer$Division (RaftServerImpl.java:requestVote(1476)) - s0@group-F5D0649D4159 replies to PRE_VOTE vote request: s1<-s0#0:OK-t2. Peer's state: s0@group-F5D0649D4159:t2, leader=null, voted=s4, raftlog=Memoized:s0@group-F5D0649D4159-SegmentedRaftLog:OPENED:c2:last(t:2, i:2), conf=conf: {index: 1, cur=peers:[s3|localhost:15152, s4|localhost:15156, s0|localhost:15140, s1|localhost:15144, s2|localhost:15148]|listeners:[], old=null}
2024-10-07 19:12:21,235 [s1@group-F5D0649D4159-LeaderElection17] INFO  impl.LeaderElection (LogUtils.java:infoOrTrace(136)) - s1@group-F5D0649D4159-LeaderElection17 got exception when requesting votes: java.util.concurrent.ExecutionException: org.apache.ratis.thirdparty.io.netty.channel.AbstractChannel$AnnotatedConnectException: finishConnect(..) failed: Connection refused: localhost/127.0.0.1:15156
2024-10-07 19:12:21,235 [s1@group-F5D0649D4159-LeaderElection17] INFO  impl.LeaderElection (LogUtils.java:infoOrTrace(136)) - s1@group-F5D0649D4159-LeaderElection17 got exception when requesting votes: java.util.concurrent.ExecutionException: org.apache.ratis.thirdparty.io.netty.channel.AbstractChannel$AnnotatedConnectException: finishConnect(..) failed: Connection refused: localhost/127.0.0.1:15148
2024-10-07 19:12:21,254 [main] WARN  ratis.RaftTestUtil (RaftTestUtil.java:lambda$waitForLeader$3(126)) - Attempt #44 failed: java.lang.IllegalStateException: No leader yet : printing ALL groups
  s3:  RUNNING  FOLLOWER s3@group-F5D0649D4159:t1, leader=null, voted=null, raftlog=Memoized:s3@group-F5D0649D4159-SegmentedRaftLog:OPENED:c-1:lastnull, conf=conf: {index: -1, cur=peers:[s3|localhost:15152, s4|localhost:15156, s0|localhost:15140, s1|localhost:15144, s2|localhost:15148]|listeners:[], old=null} RUNNING
  s4:   CLOSED    LEADER s4@group-F5D0649D4159:t2, leader=s4, voted=s4, raftlog=Memoized:s4@group-F5D0649D4159-SegmentedRaftLog:CLOSED:c2, conf=conf: {index: 1, cur=peers:[s3|localhost:15152, s4|localhost:15156, s0|localhost:15140, s1|localhost:15144, s2|localhost:15148]|listeners:[], old=null} CLOSED
  s0:  RUNNING CANDIDATE s0@group-F5D0649D4159:t2, leader=null, voted=s4, raftlog=Memoized:s0@group-F5D0649D4159-SegmentedRaftLog:OPENED:c2:last(t:2, i:2), conf=conf: {index: 1, cur=peers:[s3|localhost:15152, s4|localhost:15156, s0|localhost:15140, s1|localhost:15144, s2|localhost:15148]|listeners:[], old=null} RUNNING
  s1:  RUNNING CANDIDATE s1@group-F5D0649D4159:t2, leader=null, voted=s4, raftlog=Memoized:s1@group-F5D0649D4159-SegmentedRaftLog:OPENED:c2:last(t:2, i:2), conf=conf: {index: 1, cur=peers:[s3|localhost:15152, s4|localhost:15156, s0|localhost:15140, s1|localhost:15144, s2|localhost:15148]|listeners:[], old=null} RUNNING
  s2:   CLOSED    LEADER s2@group-F5D0649D4159:t1, leader=s2, voted=s2, raftlog=Memoized:s2@group-F5D0649D4159-SegmentedRaftLog:CLOSED:c0, conf=conf: {index: 0, cur=peers:[s3|localhost:15152, s4|localhost:15156, s0|localhost:15140, s1|localhost:15144, s2|localhost:15148]|listeners:[], old=null} CLOSED
2024-10-07 19:12:21,324 [s0@group-F5D0649D4159-LeaderElection18] INFO  impl.LeaderElection (LeaderElection.java:logAndReturn(90)) - s0@group-F5D0649D4159-LeaderElection18: PRE_VOTE TIMEOUT received 1 response(s) and 2 exception(s):
2024-10-07 19:12:21,324 [s0@group-F5D0649D4159-LeaderElection18] INFO  impl.LeaderElection (LeaderElection.java:logAndReturn(94)) -   Response 0: s0<-s1#0:OK-t2
2024-10-07 19:12:21,324 [s0@group-F5D0649D4159-LeaderElection18] INFO  impl.LeaderElection (LogUtils.java:infoOrTrace(136)) -   Exception 1: java.util.concurrent.ExecutionException: org.apache.ratis.thirdparty.io.netty.channel.AbstractChannel$AnnotatedConnectException: finishConnect(..) failed: Connection refused: localhost/127.0.0.1:15156
2024-10-07 19:12:21,324 [s0@group-F5D0649D4159-LeaderElection18] INFO  impl.LeaderElection (LogUtils.java:infoOrTrace(136)) -   Exception 2: java.util.concurrent.ExecutionException: org.apache.ratis.thirdparty.io.netty.channel.AbstractChannel$AnnotatedConnectException: finishConnect(..) failed: Connection refused: localhost/127.0.0.1:15148
2024-10-07 19:12:21,324 [s0@group-F5D0649D4159-LeaderElection18] INFO  impl.LeaderElection (LeaderElection.java:askForVotes(339)) - s0@group-F5D0649D4159-LeaderElection18 PRE_VOTE round 70: result TIMEOUT
2024-10-07 19:12:21,324 [s0@group-F5D0649D4159-LeaderElection18] INFO  impl.LeaderElection (LeaderElection.java:askForVotes(337)) - s0@group-F5D0649D4159-LeaderElection18 PRE_VOTE round 71: submit vote requests at term 2 for conf: {index: 1, cur=peers:[s3|localhost:15152, s4|localhost:15156, s0|localhost:15140, s1|localhost:15144, s2|localhost:15148]|listeners:[], old=null}
2024-10-07 19:12:21,325 [NettyRpcService-workerGroup--thread3] INFO  server.RaftServer$Division (RaftServerImpl.java:requestVote(1443)) - s1@group-F5D0649D4159: receive requestVote(PRE_VOTE, s0, group-F5D0649D4159, 2, (t:2, i:2))
2024-10-07 19:12:21,325 [NettyRpcService-workerGroup--thread3] INFO  impl.VoteContext (VoteContext.java:log(49)) - s1@group-F5D0649D4159-CANDIDATE: accept PRE_VOTE from s0: our priority 0 <= candidate's priority 0
2024-10-07 19:12:21,325 [s0@group-F5D0649D4159-LeaderElection18] INFO  impl.LeaderElection (LogUtils.java:infoOrTrace(136)) - s0@group-F5D0649D4159-LeaderElection18 got exception when requesting votes: java.util.concurrent.ExecutionException: org.apache.ratis.thirdparty.io.netty.channel.AbstractChannel$AnnotatedConnectException: finishConnect(..) failed: Connection refused: localhost/127.0.0.1:15156
2024-10-07 19:12:21,325 [NettyRpcService-workerGroup--thread3] INFO  server.RaftServer$Division (RaftServerImpl.java:requestVote(1476)) - s1@group-F5D0649D4159 replies to PRE_VOTE vote request: s0<-s1#0:OK-t2. Peer's state: s1@group-F5D0649D4159:t2, leader=null, voted=s4, raftlog=Memoized:s1@group-F5D0649D4159-SegmentedRaftLog:OPENED:c2:last(t:2, i:2), conf=conf: {index: 1, cur=peers:[s3|localhost:15152, s4|localhost:15156, s0|localhost:15140, s1|localhost:15144, s2|localhost:15148]|listeners:[], old=null}
2024-10-07 19:12:21,325 [s0@group-F5D0649D4159-LeaderElection18] INFO  impl.LeaderElection (LogUtils.java:infoOrTrace(136)) - s0@group-F5D0649D4159-LeaderElection18 got exception when requesting votes: java.util.concurrent.ExecutionException: org.apache.ratis.thirdparty.io.netty.channel.AbstractChannel$AnnotatedConnectException: finishConnect(..) failed: Connection refused: localhost/127.0.0.1:15148
2024-10-07 19:12:21,424 [s1@group-F5D0649D4159-LeaderElection17] INFO  impl.LeaderElection (LeaderElection.java:logAndReturn(90)) - s1@group-F5D0649D4159-LeaderElection17: PRE_VOTE TIMEOUT received 1 response(s) and 2 exception(s):
2024-10-07 19:12:21,424 [s1@group-F5D0649D4159-LeaderElection17] INFO  impl.LeaderElection (LeaderElection.java:logAndReturn(94)) -   Response 0: s1<-s0#0:OK-t2
2024-10-07 19:12:21,424 [s1@group-F5D0649D4159-LeaderElection17] INFO  impl.LeaderElection (LogUtils.java:infoOrTrace(136)) -   Exception 1: java.util.concurrent.ExecutionException: org.apache.ratis.thirdparty.io.netty.channel.AbstractChannel$AnnotatedConnectException: finishConnect(..) failed: Connection refused: localhost/127.0.0.1:15156
2024-10-07 19:12:21,424 [s1@group-F5D0649D4159-LeaderElection17] INFO  impl.LeaderElection (LogUtils.java:infoOrTrace(136)) -   Exception 2: java.util.concurrent.ExecutionException: org.apache.ratis.thirdparty.io.netty.channel.AbstractChannel$AnnotatedConnectException: finishConnect(..) failed: Connection refused: localhost/127.0.0.1:15148
2024-10-07 19:12:21,425 [s1@group-F5D0649D4159-LeaderElection17] INFO  impl.LeaderElection (LeaderElection.java:askForVotes(339)) - s1@group-F5D0649D4159-LeaderElection17 PRE_VOTE round 84: result TIMEOUT
2024-10-07 19:12:21,425 [s1@group-F5D0649D4159-LeaderElection17] INFO  impl.LeaderElection (LeaderElection.java:askForVotes(337)) - s1@group-F5D0649D4159-LeaderElection17 PRE_VOTE round 85: submit vote requests at term 2 for conf: {index: 1, cur=peers:[s3|localhost:15152, s4|localhost:15156, s0|localhost:15140, s1|localhost:15144, s2|localhost:15148]|listeners:[], old=null}
2024-10-07 19:12:21,425 [NettyRpcService-workerGroup--thread3] INFO  server.RaftServer$Division (RaftServerImpl.java:requestVote(1443)) - s0@group-F5D0649D4159: receive requestVote(PRE_VOTE, s1, group-F5D0649D4159, 2, (t:2, i:2))
2024-10-07 19:12:21,426 [NettyRpcService-workerGroup--thread3] INFO  impl.VoteContext (VoteContext.java:log(49)) - s0@group-F5D0649D4159-CANDIDATE: accept PRE_VOTE from s1: our priority 0 <= candidate's priority 0
2024-10-07 19:12:21,426 [s1@group-F5D0649D4159-LeaderElection17] INFO  impl.LeaderElection (LogUtils.java:infoOrTrace(136)) - s1@group-F5D0649D4159-LeaderElection17 got exception when requesting votes: java.util.concurrent.ExecutionException: org.apache.ratis.thirdparty.io.netty.channel.AbstractChannel$AnnotatedConnectException: finishConnect(..) failed: Connection refused: localhost/127.0.0.1:15156
2024-10-07 19:12:21,426 [NettyRpcService-workerGroup--thread3] INFO  server.RaftServer$Division (RaftServerImpl.java:requestVote(1476)) - s0@group-F5D0649D4159 replies to PRE_VOTE vote request: s1<-s0#0:OK-t2. Peer's state: s0@group-F5D0649D4159:t2, leader=null, voted=s4, raftlog=Memoized:s0@group-F5D0649D4159-SegmentedRaftLog:OPENED:c2:last(t:2, i:2), conf=conf: {index: 1, cur=peers:[s3|localhost:15152, s4|localhost:15156, s0|localhost:15140, s1|localhost:15144, s2|localhost:15148]|listeners:[], old=null}
2024-10-07 19:12:21,426 [s1@group-F5D0649D4159-LeaderElection17] INFO  impl.LeaderElection (LogUtils.java:infoOrTrace(136)) - s1@group-F5D0649D4159-LeaderElection17 got exception when requesting votes: java.util.concurrent.ExecutionException: org.apache.ratis.thirdparty.io.netty.channel.AbstractChannel$AnnotatedConnectException: finishConnect(..) failed: Connection refused: localhost/127.0.0.1:15148
2024-10-07 19:12:21,581 [s0@group-F5D0649D4159-LeaderElection18] INFO  impl.LeaderElection (LeaderElection.java:logAndReturn(90)) - s0@group-F5D0649D4159-LeaderElection18: PRE_VOTE TIMEOUT received 1 response(s) and 2 exception(s):
2024-10-07 19:12:21,581 [s0@group-F5D0649D4159-LeaderElection18] INFO  impl.LeaderElection (LeaderElection.java:logAndReturn(94)) -   Response 0: s0<-s1#0:OK-t2
2024-10-07 19:12:21,581 [s0@group-F5D0649D4159-LeaderElection18] INFO  impl.LeaderElection (LogUtils.java:infoOrTrace(136)) -   Exception 1: java.util.concurrent.ExecutionException: org.apache.ratis.thirdparty.io.netty.channel.AbstractChannel$AnnotatedConnectException: finishConnect(..) failed: Connection refused: localhost/127.0.0.1:15156
2024-10-07 19:12:21,581 [s0@group-F5D0649D4159-LeaderElection18] INFO  impl.LeaderElection (LogUtils.java:infoOrTrace(136)) -   Exception 2: java.util.concurrent.ExecutionException: org.apache.ratis.thirdparty.io.netty.channel.AbstractChannel$AnnotatedConnectException: finishConnect(..) failed: Connection refused: localhost/127.0.0.1:15148
2024-10-07 19:12:21,581 [s0@group-F5D0649D4159-LeaderElection18] INFO  impl.LeaderElection (LeaderElection.java:askForVotes(339)) - s0@group-F5D0649D4159-LeaderElection18 PRE_VOTE round 71: result TIMEOUT
2024-10-07 19:12:21,581 [s0@group-F5D0649D4159-LeaderElection18] INFO  impl.LeaderElection (LeaderElection.java:askForVotes(337)) - s0@group-F5D0649D4159-LeaderElection18 PRE_VOTE round 72: submit vote requests at term 2 for conf: {index: 1, cur=peers:[s3|localhost:15152, s4|localhost:15156, s0|localhost:15140, s1|localhost:15144, s2|localhost:15148]|listeners:[], old=null}
2024-10-07 19:12:21,582 [NettyRpcService-workerGroup--thread3] INFO  server.RaftServer$Division (RaftServerImpl.java:requestVote(1443)) - s1@group-F5D0649D4159: receive requestVote(PRE_VOTE, s0, group-F5D0649D4159, 2, (t:2, i:2))
2024-10-07 19:12:21,582 [NettyRpcService-workerGroup--thread3] INFO  impl.VoteContext (VoteContext.java:log(49)) - s1@group-F5D0649D4159-CANDIDATE: accept PRE_VOTE from s0: our priority 0 <= candidate's priority 0
2024-10-07 19:12:21,582 [NettyRpcService-workerGroup--thread3] INFO  server.RaftServer$Division (RaftServerImpl.java:requestVote(1476)) - s1@group-F5D0649D4159 replies to PRE_VOTE vote request: s0<-s1#0:OK-t2. Peer's state: s1@group-F5D0649D4159:t2, leader=null, voted=s4, raftlog=Memoized:s1@group-F5D0649D4159-SegmentedRaftLog:OPENED:c2:last(t:2, i:2), conf=conf: {index: 1, cur=peers:[s3|localhost:15152, s4|localhost:15156, s0|localhost:15140, s1|localhost:15144, s2|localhost:15148]|listeners:[], old=null}
2024-10-07 19:12:21,583 [s0@group-F5D0649D4159-LeaderElection18] INFO  impl.LeaderElection (LogUtils.java:infoOrTrace(136)) - s0@group-F5D0649D4159-LeaderElection18 got exception when requesting votes: java.util.concurrent.ExecutionException: org.apache.ratis.thirdparty.io.netty.channel.AbstractChannel$AnnotatedConnectException: finishConnect(..) failed: Connection refused: localhost/127.0.0.1:15148
2024-10-07 19:12:21,583 [s0@group-F5D0649D4159-LeaderElection18] INFO  impl.LeaderElection (LogUtils.java:infoOrTrace(136)) - s0@group-F5D0649D4159-LeaderElection18 got exception when requesting votes: java.util.concurrent.ExecutionException: org.apache.ratis.thirdparty.io.netty.channel.AbstractChannel$AnnotatedConnectException: finishConnect(..) failed: Connection refused: localhost/127.0.0.1:15156
2024-10-07 19:12:21,651 [s1@group-F5D0649D4159-LeaderElection17] INFO  impl.LeaderElection (LeaderElection.java:logAndReturn(90)) - s1@group-F5D0649D4159-LeaderElection17: PRE_VOTE TIMEOUT received 1 response(s) and 2 exception(s):
2024-10-07 19:12:21,652 [s1@group-F5D0649D4159-LeaderElection17] INFO  impl.LeaderElection (LeaderElection.java:logAndReturn(94)) -   Response 0: s1<-s0#0:OK-t2
2024-10-07 19:12:21,652 [s1@group-F5D0649D4159-LeaderElection17] INFO  impl.LeaderElection (LogUtils.java:infoOrTrace(136)) -   Exception 1: java.util.concurrent.ExecutionException: org.apache.ratis.thirdparty.io.netty.channel.AbstractChannel$AnnotatedConnectException: finishConnect(..) failed: Connection refused: localhost/127.0.0.1:15156
2024-10-07 19:12:21,652 [s1@group-F5D0649D4159-LeaderElection17] INFO  impl.LeaderElection (LogUtils.java:infoOrTrace(136)) -   Exception 2: java.util.concurrent.ExecutionException: org.apache.ratis.thirdparty.io.netty.channel.AbstractChannel$AnnotatedConnectException: finishConnect(..) failed: Connection refused: localhost/127.0.0.1:15148
2024-10-07 19:12:21,652 [s1@group-F5D0649D4159-LeaderElection17] INFO  impl.LeaderElection (LeaderElection.java:askForVotes(339)) - s1@group-F5D0649D4159-LeaderElection17 PRE_VOTE round 85: result TIMEOUT
2024-10-07 19:12:21,652 [s1@group-F5D0649D4159-LeaderElection17] INFO  impl.LeaderElection (LeaderElection.java:askForVotes(337)) - s1@group-F5D0649D4159-LeaderElection17 PRE_VOTE round 86: submit vote requests at term 2 for conf: {index: 1, cur=peers:[s3|localhost:15152, s4|localhost:15156, s0|localhost:15140, s1|localhost:15144, s2|localhost:15148]|listeners:[], old=null}
2024-10-07 19:12:21,653 [NettyRpcService-workerGroup--thread3] INFO  server.RaftServer$Division (RaftServerImpl.java:requestVote(1443)) - s0@group-F5D0649D4159: receive requestVote(PRE_VOTE, s1, group-F5D0649D4159, 2, (t:2, i:2))
2024-10-07 19:12:21,653 [NettyRpcService-workerGroup--thread3] INFO  impl.VoteContext (VoteContext.java:log(49)) - s0@group-F5D0649D4159-CANDIDATE: accept PRE_VOTE from s1: our priority 0 <= candidate's priority 0
2024-10-07 19:12:21,653 [NettyRpcService-workerGroup--thread3] INFO  server.RaftServer$Division (RaftServerImpl.java:requestVote(1476)) - s0@group-F5D0649D4159 replies to PRE_VOTE vote request: s1<-s0#0:OK-t2. Peer's state: s0@group-F5D0649D4159:t2, leader=null, voted=s4, raftlog=Memoized:s0@group-F5D0649D4159-SegmentedRaftLog:OPENED:c2:last(t:2, i:2), conf=conf: {index: 1, cur=peers:[s3|localhost:15152, s4|localhost:15156, s0|localhost:15140, s1|localhost:15144, s2|localhost:15148]|listeners:[], old=null}
2024-10-07 19:12:21,653 [s1@group-F5D0649D4159-LeaderElection17] INFO  impl.LeaderElection (LogUtils.java:infoOrTrace(136)) - s1@group-F5D0649D4159-LeaderElection17 got exception when requesting votes: java.util.concurrent.ExecutionException: org.apache.ratis.thirdparty.io.netty.channel.AbstractChannel$AnnotatedConnectException: finishConnect(..) failed: Connection refused: localhost/127.0.0.1:15148
2024-10-07 19:12:21,653 [s1@group-F5D0649D4159-LeaderElection17] INFO  impl.LeaderElection (LogUtils.java:infoOrTrace(136)) - s1@group-F5D0649D4159-LeaderElection17 got exception when requesting votes: java.util.concurrent.ExecutionException: org.apache.ratis.thirdparty.io.netty.channel.AbstractChannel$AnnotatedConnectException: finishConnect(..) failed: Connection refused: localhost/127.0.0.1:15156
2024-10-07 19:12:21,705 [main] WARN  ratis.RaftTestUtil (RaftTestUtil.java:lambda$waitForLeader$3(126)) - Attempt #45 failed: java.lang.IllegalStateException: No leader yet : printing ALL groups
  s3:  RUNNING  FOLLOWER s3@group-F5D0649D4159:t1, leader=null, voted=null, raftlog=Memoized:s3@group-F5D0649D4159-SegmentedRaftLog:OPENED:c-1:lastnull, conf=conf: {index: -1, cur=peers:[s3|localhost:15152, s4|localhost:15156, s0|localhost:15140, s1|localhost:15144, s2|localhost:15148]|listeners:[], old=null} RUNNING
  s4:   CLOSED    LEADER s4@group-F5D0649D4159:t2, leader=s4, voted=s4, raftlog=Memoized:s4@group-F5D0649D4159-SegmentedRaftLog:CLOSED:c2, conf=conf: {index: 1, cur=peers:[s3|localhost:15152, s4|localhost:15156, s0|localhost:15140, s1|localhost:15144, s2|localhost:15148]|listeners:[], old=null} CLOSED
  s0:  RUNNING CANDIDATE s0@group-F5D0649D4159:t2, leader=null, voted=s4, raftlog=Memoized:s0@group-F5D0649D4159-SegmentedRaftLog:OPENED:c2:last(t:2, i:2), conf=conf: {index: 1, cur=peers:[s3|localhost:15152, s4|localhost:15156, s0|localhost:15140, s1|localhost:15144, s2|localhost:15148]|listeners:[], old=null} RUNNING
  s1:  RUNNING CANDIDATE s1@group-F5D0649D4159:t2, leader=null, voted=s4, raftlog=Memoized:s1@group-F5D0649D4159-SegmentedRaftLog:OPENED:c2:last(t:2, i:2), conf=conf: {index: 1, cur=peers:[s3|localhost:15152, s4|localhost:15156, s0|localhost:15140, s1|localhost:15144, s2|localhost:15148]|listeners:[], old=null} RUNNING
  s2:   CLOSED    LEADER s2@group-F5D0649D4159:t1, leader=s2, voted=s2, raftlog=Memoized:s2@group-F5D0649D4159-SegmentedRaftLog:CLOSED:c0, conf=conf: {index: 0, cur=peers:[s3|localhost:15152, s4|localhost:15156, s0|localhost:15140, s1|localhost:15144, s2|localhost:15148]|listeners:[], old=null} CLOSED
2024-10-07 19:12:21,819 [s0@group-F5D0649D4159-LeaderElection18] INFO  impl.LeaderElection (LeaderElection.java:logAndReturn(90)) - s0@group-F5D0649D4159-LeaderElection18: PRE_VOTE TIMEOUT received 1 response(s) and 2 exception(s):
2024-10-07 19:12:21,819 [s0@group-F5D0649D4159-LeaderElection18] INFO  impl.LeaderElection (LeaderElection.java:logAndReturn(94)) -   Response 0: s0<-s1#0:OK-t2
2024-10-07 19:12:21,819 [s0@group-F5D0649D4159-LeaderElection18] INFO  impl.LeaderElection (LogUtils.java:infoOrTrace(136)) -   Exception 1: java.util.concurrent.ExecutionException: org.apache.ratis.thirdparty.io.netty.channel.AbstractChannel$AnnotatedConnectException: finishConnect(..) failed: Connection refused: localhost/127.0.0.1:15148
2024-10-07 19:12:21,819 [s0@group-F5D0649D4159-LeaderElection18] INFO  impl.LeaderElection (LogUtils.java:infoOrTrace(136)) -   Exception 2: java.util.concurrent.ExecutionException: org.apache.ratis.thirdparty.io.netty.channel.AbstractChannel$AnnotatedConnectException: finishConnect(..) failed: Connection refused: localhost/127.0.0.1:15156
2024-10-07 19:12:21,819 [s0@group-F5D0649D4159-LeaderElection18] INFO  impl.LeaderElection (LeaderElection.java:askForVotes(339)) - s0@group-F5D0649D4159-LeaderElection18 PRE_VOTE round 72: result TIMEOUT
2024-10-07 19:12:21,819 [s0@group-F5D0649D4159-LeaderElection18] INFO  impl.LeaderElection (LeaderElection.java:askForVotes(337)) - s0@group-F5D0649D4159-LeaderElection18 PRE_VOTE round 73: submit vote requests at term 2 for conf: {index: 1, cur=peers:[s3|localhost:15152, s4|localhost:15156, s0|localhost:15140, s1|localhost:15144, s2|localhost:15148]|listeners:[], old=null}
2024-10-07 19:12:21,820 [NettyRpcService-workerGroup--thread3] INFO  server.RaftServer$Division (RaftServerImpl.java:requestVote(1443)) - s1@group-F5D0649D4159: receive requestVote(PRE_VOTE, s0, group-F5D0649D4159, 2, (t:2, i:2))
2024-10-07 19:12:21,821 [NettyRpcService-workerGroup--thread3] INFO  impl.VoteContext (VoteContext.java:log(49)) - s1@group-F5D0649D4159-CANDIDATE: accept PRE_VOTE from s0: our priority 0 <= candidate's priority 0
2024-10-07 19:12:21,821 [NettyRpcService-workerGroup--thread3] INFO  server.RaftServer$Division (RaftServerImpl.java:requestVote(1476)) - s1@group-F5D0649D4159 replies to PRE_VOTE vote request: s0<-s1#0:OK-t2. Peer's state: s1@group-F5D0649D4159:t2, leader=null, voted=s4, raftlog=Memoized:s1@group-F5D0649D4159-SegmentedRaftLog:OPENED:c2:last(t:2, i:2), conf=conf: {index: 1, cur=peers:[s3|localhost:15152, s4|localhost:15156, s0|localhost:15140, s1|localhost:15144, s2|localhost:15148]|listeners:[], old=null}
2024-10-07 19:12:21,821 [s0@group-F5D0649D4159-LeaderElection18] INFO  impl.LeaderElection (LogUtils.java:infoOrTrace(136)) - s0@group-F5D0649D4159-LeaderElection18 got exception when requesting votes: java.util.concurrent.ExecutionException: org.apache.ratis.thirdparty.io.netty.channel.AbstractChannel$AnnotatedConnectException: finishConnect(..) failed: Connection refused: localhost/127.0.0.1:15148
2024-10-07 19:12:21,821 [s0@group-F5D0649D4159-LeaderElection18] INFO  impl.LeaderElection (LogUtils.java:infoOrTrace(136)) - s0@group-F5D0649D4159-LeaderElection18 got exception when requesting votes: java.util.concurrent.ExecutionException: org.apache.ratis.thirdparty.io.netty.channel.AbstractChannel$AnnotatedConnectException: finishConnect(..) failed: Connection refused: localhost/127.0.0.1:15156
2024-10-07 19:12:21,867 [s1@group-F5D0649D4159-LeaderElection17] INFO  impl.LeaderElection (LeaderElection.java:logAndReturn(90)) - s1@group-F5D0649D4159-LeaderElection17: PRE_VOTE TIMEOUT received 1 response(s) and 2 exception(s):
2024-10-07 19:12:21,867 [s1@group-F5D0649D4159-LeaderElection17] INFO  impl.LeaderElection (LeaderElection.java:logAndReturn(94)) -   Response 0: s1<-s0#0:OK-t2
2024-10-07 19:12:21,867 [s1@group-F5D0649D4159-LeaderElection17] INFO  impl.LeaderElection (LogUtils.java:infoOrTrace(136)) -   Exception 1: java.util.concurrent.ExecutionException: org.apache.ratis.thirdparty.io.netty.channel.AbstractChannel$AnnotatedConnectException: finishConnect(..) failed: Connection refused: localhost/127.0.0.1:15148
2024-10-07 19:12:21,867 [s1@group-F5D0649D4159-LeaderElection17] INFO  impl.LeaderElection (LogUtils.java:infoOrTrace(136)) -   Exception 2: java.util.concurrent.ExecutionException: org.apache.ratis.thirdparty.io.netty.channel.AbstractChannel$AnnotatedConnectException: finishConnect(..) failed: Connection refused: localhost/127.0.0.1:15156
2024-10-07 19:12:21,867 [s1@group-F5D0649D4159-LeaderElection17] INFO  impl.LeaderElection (LeaderElection.java:askForVotes(339)) - s1@group-F5D0649D4159-LeaderElection17 PRE_VOTE round 86: result TIMEOUT
2024-10-07 19:12:21,867 [s1@group-F5D0649D4159-LeaderElection17] INFO  impl.LeaderElection (LeaderElection.java:askForVotes(337)) - s1@group-F5D0649D4159-LeaderElection17 PRE_VOTE round 87: submit vote requests at term 2 for conf: {index: 1, cur=peers:[s3|localhost:15152, s4|localhost:15156, s0|localhost:15140, s1|localhost:15144, s2|localhost:15148]|listeners:[], old=null}
2024-10-07 19:12:21,868 [NettyRpcService-workerGroup--thread3] INFO  server.RaftServer$Division (RaftServerImpl.java:requestVote(1443)) - s0@group-F5D0649D4159: receive requestVote(PRE_VOTE, s1, group-F5D0649D4159, 2, (t:2, i:2))
2024-10-07 19:12:21,868 [s1@group-F5D0649D4159-LeaderElection17] INFO  impl.LeaderElection (LogUtils.java:infoOrTrace(136)) - s1@group-F5D0649D4159-LeaderElection17 got exception when requesting votes: java.util.concurrent.ExecutionException: org.apache.ratis.thirdparty.io.netty.channel.AbstractChannel$AnnotatedConnectException: finishConnect(..) failed: Connection refused: localhost/127.0.0.1:15156
2024-10-07 19:12:21,868 [NettyRpcService-workerGroup--thread3] INFO  impl.VoteContext (VoteContext.java:log(49)) - s0@group-F5D0649D4159-CANDIDATE: accept PRE_VOTE from s1: our priority 0 <= candidate's priority 0
2024-10-07 19:12:21,868 [s1@group-F5D0649D4159-LeaderElection17] INFO  impl.LeaderElection (LogUtils.java:infoOrTrace(136)) - s1@group-F5D0649D4159-LeaderElection17 got exception when requesting votes: java.util.concurrent.ExecutionException: org.apache.ratis.thirdparty.io.netty.channel.AbstractChannel$AnnotatedConnectException: finishConnect(..) failed: Connection refused: localhost/127.0.0.1:15148
2024-10-07 19:12:21,868 [NettyRpcService-workerGroup--thread3] INFO  server.RaftServer$Division (RaftServerImpl.java:requestVote(1476)) - s0@group-F5D0649D4159 replies to PRE_VOTE vote request: s1<-s0#0:OK-t2. Peer's state: s0@group-F5D0649D4159:t2, leader=null, voted=s4, raftlog=Memoized:s0@group-F5D0649D4159-SegmentedRaftLog:OPENED:c2:last(t:2, i:2), conf=conf: {index: 1, cur=peers:[s3|localhost:15152, s4|localhost:15156, s0|localhost:15140, s1|localhost:15144, s2|localhost:15148]|listeners:[], old=null}
2024-10-07 19:12:22,073 [s1@group-F5D0649D4159-LeaderElection17] INFO  impl.LeaderElection (LeaderElection.java:logAndReturn(90)) - s1@group-F5D0649D4159-LeaderElection17: PRE_VOTE TIMEOUT received 1 response(s) and 2 exception(s):
2024-10-07 19:12:22,073 [s1@group-F5D0649D4159-LeaderElection17] INFO  impl.LeaderElection (LeaderElection.java:logAndReturn(94)) -   Response 0: s1<-s0#0:OK-t2
2024-10-07 19:12:22,073 [s1@group-F5D0649D4159-LeaderElection17] INFO  impl.LeaderElection (LogUtils.java:infoOrTrace(136)) -   Exception 1: java.util.concurrent.ExecutionException: org.apache.ratis.thirdparty.io.netty.channel.AbstractChannel$AnnotatedConnectException: finishConnect(..) failed: Connection refused: localhost/127.0.0.1:15156
2024-10-07 19:12:22,073 [s1@group-F5D0649D4159-LeaderElection17] INFO  impl.LeaderElection (LogUtils.java:infoOrTrace(136)) -   Exception 2: java.util.concurrent.ExecutionException: org.apache.ratis.thirdparty.io.netty.channel.AbstractChannel$AnnotatedConnectException: finishConnect(..) failed: Connection refused: localhost/127.0.0.1:15148
2024-10-07 19:12:22,073 [s1@group-F5D0649D4159-LeaderElection17] INFO  impl.LeaderElection (LeaderElection.java:askForVotes(339)) - s1@group-F5D0649D4159-LeaderElection17 PRE_VOTE round 87: result TIMEOUT
2024-10-07 19:12:22,073 [s1@group-F5D0649D4159-LeaderElection17] INFO  impl.LeaderElection (LeaderElection.java:askForVotes(337)) - s1@group-F5D0649D4159-LeaderElection17 PRE_VOTE round 88: submit vote requests at term 2 for conf: {index: 1, cur=peers:[s3|localhost:15152, s4|localhost:15156, s0|localhost:15140, s1|localhost:15144, s2|localhost:15148]|listeners:[], old=null}
2024-10-07 19:12:22,074 [NettyRpcService-workerGroup--thread3] INFO  server.RaftServer$Division (RaftServerImpl.java:requestVote(1443)) - s0@group-F5D0649D4159: receive requestVote(PRE_VOTE, s1, group-F5D0649D4159, 2, (t:2, i:2))
2024-10-07 19:12:22,074 [NettyRpcService-workerGroup--thread3] INFO  impl.VoteContext (VoteContext.java:log(49)) - s0@group-F5D0649D4159-CANDIDATE: accept PRE_VOTE from s1: our priority 0 <= candidate's priority 0
2024-10-07 19:12:22,074 [NettyRpcService-workerGroup--thread3] INFO  server.RaftServer$Division (RaftServerImpl.java:requestVote(1476)) - s0@group-F5D0649D4159 replies to PRE_VOTE vote request: s1<-s0#0:OK-t2. Peer's state: s0@group-F5D0649D4159:t2, leader=null, voted=s4, raftlog=Memoized:s0@group-F5D0649D4159-SegmentedRaftLog:OPENED:c2:last(t:2, i:2), conf=conf: {index: 1, cur=peers:[s3|localhost:15152, s4|localhost:15156, s0|localhost:15140, s1|localhost:15144, s2|localhost:15148]|listeners:[], old=null}
2024-10-07 19:12:22,074 [s1@group-F5D0649D4159-LeaderElection17] INFO  impl.LeaderElection (LogUtils.java:infoOrTrace(136)) - s1@group-F5D0649D4159-LeaderElection17 got exception when requesting votes: java.util.concurrent.ExecutionException: org.apache.ratis.thirdparty.io.netty.channel.AbstractChannel$AnnotatedConnectException: finishConnect(..) failed: Connection refused: localhost/127.0.0.1:15156
2024-10-07 19:12:22,074 [s1@group-F5D0649D4159-LeaderElection17] INFO  impl.LeaderElection (LogUtils.java:infoOrTrace(136)) - s1@group-F5D0649D4159-LeaderElection17 got exception when requesting votes: java.util.concurrent.ExecutionException: org.apache.ratis.thirdparty.io.netty.channel.AbstractChannel$AnnotatedConnectException: finishConnect(..) failed: Connection refused: localhost/127.0.0.1:15148
2024-10-07 19:12:22,110 [s0@group-F5D0649D4159-LeaderElection18] INFO  impl.LeaderElection (LeaderElection.java:logAndReturn(90)) - s0@group-F5D0649D4159-LeaderElection18: PRE_VOTE TIMEOUT received 1 response(s) and 2 exception(s):
2024-10-07 19:12:22,110 [s0@group-F5D0649D4159-LeaderElection18] INFO  impl.LeaderElection (LeaderElection.java:logAndReturn(94)) -   Response 0: s0<-s1#0:OK-t2
2024-10-07 19:12:22,110 [s0@group-F5D0649D4159-LeaderElection18] INFO  impl.LeaderElection (LogUtils.java:infoOrTrace(136)) -   Exception 1: java.util.concurrent.ExecutionException: org.apache.ratis.thirdparty.io.netty.channel.AbstractChannel$AnnotatedConnectException: finishConnect(..) failed: Connection refused: localhost/127.0.0.1:15148
2024-10-07 19:12:22,110 [s0@group-F5D0649D4159-LeaderElection18] INFO  impl.LeaderElection (LogUtils.java:infoOrTrace(136)) -   Exception 2: java.util.concurrent.ExecutionException: org.apache.ratis.thirdparty.io.netty.channel.AbstractChannel$AnnotatedConnectException: finishConnect(..) failed: Connection refused: localhost/127.0.0.1:15156
2024-10-07 19:12:22,111 [s0@group-F5D0649D4159-LeaderElection18] INFO  impl.LeaderElection (LeaderElection.java:askForVotes(339)) - s0@group-F5D0649D4159-LeaderElection18 PRE_VOTE round 73: result TIMEOUT
2024-10-07 19:12:22,111 [s0@group-F5D0649D4159-LeaderElection18] INFO  impl.LeaderElection (LeaderElection.java:askForVotes(337)) - s0@group-F5D0649D4159-LeaderElection18 PRE_VOTE round 74: submit vote requests at term 2 for conf: {index: 1, cur=peers:[s3|localhost:15152, s4|localhost:15156, s0|localhost:15140, s1|localhost:15144, s2|localhost:15148]|listeners:[], old=null}
2024-10-07 19:12:22,111 [NettyRpcService-workerGroup--thread3] INFO  server.RaftServer$Division (RaftServerImpl.java:requestVote(1443)) - s1@group-F5D0649D4159: receive requestVote(PRE_VOTE, s0, group-F5D0649D4159, 2, (t:2, i:2))
2024-10-07 19:12:22,111 [s0@group-F5D0649D4159-LeaderElection18] INFO  impl.LeaderElection (LogUtils.java:infoOrTrace(136)) - s0@group-F5D0649D4159-LeaderElection18 got exception when requesting votes: java.util.concurrent.ExecutionException: org.apache.ratis.thirdparty.io.netty.channel.AbstractChannel$AnnotatedConnectException: finishConnect(..) failed: Connection refused: localhost/127.0.0.1:15156
2024-10-07 19:12:22,111 [NettyRpcService-workerGroup--thread3] INFO  impl.VoteContext (VoteContext.java:log(49)) - s1@group-F5D0649D4159-CANDIDATE: accept PRE_VOTE from s0: our priority 0 <= candidate's priority 0
2024-10-07 19:12:22,112 [s0@group-F5D0649D4159-LeaderElection18] INFO  impl.LeaderElection (LogUtils.java:infoOrTrace(136)) - s0@group-F5D0649D4159-LeaderElection18 got exception when requesting votes: java.util.concurrent.ExecutionException: org.apache.ratis.thirdparty.io.netty.channel.AbstractChannel$AnnotatedConnectException: finishConnect(..) failed: Connection refused: localhost/127.0.0.1:15148
2024-10-07 19:12:22,112 [NettyRpcService-workerGroup--thread3] INFO  server.RaftServer$Division (RaftServerImpl.java:requestVote(1476)) - s1@group-F5D0649D4159 replies to PRE_VOTE vote request: s0<-s1#0:OK-t2. Peer's state: s1@group-F5D0649D4159:t2, leader=null, voted=s4, raftlog=Memoized:s1@group-F5D0649D4159-SegmentedRaftLog:OPENED:c2:last(t:2, i:2), conf=conf: {index: 1, cur=peers:[s3|localhost:15152, s4|localhost:15156, s0|localhost:15140, s1|localhost:15144, s2|localhost:15148]|listeners:[], old=null}
2024-10-07 19:12:22,155 [main] WARN  ratis.RaftTestUtil (RaftTestUtil.java:lambda$waitForLeader$3(126)) - Attempt #46 failed: java.lang.IllegalStateException: No leader yet : printing ALL groups
  s3:  RUNNING  FOLLOWER s3@group-F5D0649D4159:t1, leader=null, voted=null, raftlog=Memoized:s3@group-F5D0649D4159-SegmentedRaftLog:OPENED:c-1:lastnull, conf=conf: {index: -1, cur=peers:[s3|localhost:15152, s4|localhost:15156, s0|localhost:15140, s1|localhost:15144, s2|localhost:15148]|listeners:[], old=null} RUNNING
  s4:   CLOSED    LEADER s4@group-F5D0649D4159:t2, leader=s4, voted=s4, raftlog=Memoized:s4@group-F5D0649D4159-SegmentedRaftLog:CLOSED:c2, conf=conf: {index: 1, cur=peers:[s3|localhost:15152, s4|localhost:15156, s0|localhost:15140, s1|localhost:15144, s2|localhost:15148]|listeners:[], old=null} CLOSED
  s0:  RUNNING CANDIDATE s0@group-F5D0649D4159:t2, leader=null, voted=s4, raftlog=Memoized:s0@group-F5D0649D4159-SegmentedRaftLog:OPENED:c2:last(t:2, i:2), conf=conf: {index: 1, cur=peers:[s3|localhost:15152, s4|localhost:15156, s0|localhost:15140, s1|localhost:15144, s2|localhost:15148]|listeners:[], old=null} RUNNING
  s1:  RUNNING CANDIDATE s1@group-F5D0649D4159:t2, leader=null, voted=s4, raftlog=Memoized:s1@group-F5D0649D4159-SegmentedRaftLog:OPENED:c2:last(t:2, i:2), conf=conf: {index: 1, cur=peers:[s3|localhost:15152, s4|localhost:15156, s0|localhost:15140, s1|localhost:15144, s2|localhost:15148]|listeners:[], old=null} RUNNING
  s2:   CLOSED    LEADER s2@group-F5D0649D4159:t1, leader=s2, voted=s2, raftlog=Memoized:s2@group-F5D0649D4159-SegmentedRaftLog:CLOSED:c0, conf=conf: {index: 0, cur=peers:[s3|localhost:15152, s4|localhost:15156, s0|localhost:15140, s1|localhost:15144, s2|localhost:15148]|listeners:[], old=null} CLOSED
2024-10-07 19:12:22,227 [s1@group-F5D0649D4159-LeaderElection17] INFO  impl.LeaderElection (LeaderElection.java:logAndReturn(90)) - s1@group-F5D0649D4159-LeaderElection17: PRE_VOTE TIMEOUT received 1 response(s) and 2 exception(s):
2024-10-07 19:12:22,227 [s1@group-F5D0649D4159-LeaderElection17] INFO  impl.LeaderElection (LeaderElection.java:logAndReturn(94)) -   Response 0: s1<-s0#0:OK-t2
2024-10-07 19:12:22,227 [s1@group-F5D0649D4159-LeaderElection17] INFO  impl.LeaderElection (LogUtils.java:infoOrTrace(136)) -   Exception 1: java.util.concurrent.ExecutionException: org.apache.ratis.thirdparty.io.netty.channel.AbstractChannel$AnnotatedConnectException: finishConnect(..) failed: Connection refused: localhost/127.0.0.1:15156
2024-10-07 19:12:22,227 [s1@group-F5D0649D4159-LeaderElection17] INFO  impl.LeaderElection (LogUtils.java:infoOrTrace(136)) -   Exception 2: java.util.concurrent.ExecutionException: org.apache.ratis.thirdparty.io.netty.channel.AbstractChannel$AnnotatedConnectException: finishConnect(..) failed: Connection refused: localhost/127.0.0.1:15148
2024-10-07 19:12:22,227 [s1@group-F5D0649D4159-LeaderElection17] INFO  impl.LeaderElection (LeaderElection.java:askForVotes(339)) - s1@group-F5D0649D4159-LeaderElection17 PRE_VOTE round 88: result TIMEOUT
2024-10-07 19:12:22,227 [s1@group-F5D0649D4159-LeaderElection17] INFO  impl.LeaderElection (LeaderElection.java:askForVotes(337)) - s1@group-F5D0649D4159-LeaderElection17 PRE_VOTE round 89: submit vote requests at term 2 for conf: {index: 1, cur=peers:[s3|localhost:15152, s4|localhost:15156, s0|localhost:15140, s1|localhost:15144, s2|localhost:15148]|listeners:[], old=null}
2024-10-07 19:12:22,228 [NettyRpcService-workerGroup--thread3] INFO  server.RaftServer$Division (RaftServerImpl.java:requestVote(1443)) - s0@group-F5D0649D4159: receive requestVote(PRE_VOTE, s1, group-F5D0649D4159, 2, (t:2, i:2))
2024-10-07 19:12:22,228 [NettyRpcService-workerGroup--thread3] INFO  impl.VoteContext (VoteContext.java:log(49)) - s0@group-F5D0649D4159-CANDIDATE: accept PRE_VOTE from s1: our priority 0 <= candidate's priority 0
2024-10-07 19:12:22,228 [NettyRpcService-workerGroup--thread3] INFO  server.RaftServer$Division (RaftServerImpl.java:requestVote(1476)) - s0@group-F5D0649D4159 replies to PRE_VOTE vote request: s1<-s0#0:OK-t2. Peer's state: s0@group-F5D0649D4159:t2, leader=null, voted=s4, raftlog=Memoized:s0@group-F5D0649D4159-SegmentedRaftLog:OPENED:c2:last(t:2, i:2), conf=conf: {index: 1, cur=peers:[s3|localhost:15152, s4|localhost:15156, s0|localhost:15140, s1|localhost:15144, s2|localhost:15148]|listeners:[], old=null}
2024-10-07 19:12:22,228 [s1@group-F5D0649D4159-LeaderElection17] INFO  impl.LeaderElection (LogUtils.java:infoOrTrace(136)) - s1@group-F5D0649D4159-LeaderElection17 got exception when requesting votes: java.util.concurrent.ExecutionException: org.apache.ratis.thirdparty.io.netty.channel.AbstractChannel$AnnotatedConnectException: finishConnect(..) failed: Connection refused: localhost/127.0.0.1:15156
2024-10-07 19:12:22,229 [s1@group-F5D0649D4159-LeaderElection17] INFO  impl.LeaderElection (LogUtils.java:infoOrTrace(136)) - s1@group-F5D0649D4159-LeaderElection17 got exception when requesting votes: java.util.concurrent.ExecutionException: org.apache.ratis.thirdparty.io.netty.channel.AbstractChannel$AnnotatedConnectException: finishConnect(..) failed: Connection refused: localhost/127.0.0.1:15148
2024-10-07 19:12:22,375 [s0@group-F5D0649D4159-LeaderElection18] INFO  impl.LeaderElection (LeaderElection.java:logAndReturn(90)) - s0@group-F5D0649D4159-LeaderElection18: PRE_VOTE TIMEOUT received 1 response(s) and 2 exception(s):
2024-10-07 19:12:22,375 [s0@group-F5D0649D4159-LeaderElection18] INFO  impl.LeaderElection (LeaderElection.java:logAndReturn(94)) -   Response 0: s0<-s1#0:OK-t2
2024-10-07 19:12:22,375 [s0@group-F5D0649D4159-LeaderElection18] INFO  impl.LeaderElection (LogUtils.java:infoOrTrace(136)) -   Exception 1: java.util.concurrent.ExecutionException: org.apache.ratis.thirdparty.io.netty.channel.AbstractChannel$AnnotatedConnectException: finishConnect(..) failed: Connection refused: localhost/127.0.0.1:15156
2024-10-07 19:12:22,376 [s0@group-F5D0649D4159-LeaderElection18] INFO  impl.LeaderElection (LogUtils.java:infoOrTrace(136)) -   Exception 2: java.util.concurrent.ExecutionException: org.apache.ratis.thirdparty.io.netty.channel.AbstractChannel$AnnotatedConnectException: finishConnect(..) failed: Connection refused: localhost/127.0.0.1:15148
2024-10-07 19:12:22,376 [s0@group-F5D0649D4159-LeaderElection18] INFO  impl.LeaderElection (LeaderElection.java:askForVotes(339)) - s0@group-F5D0649D4159-LeaderElection18 PRE_VOTE round 74: result TIMEOUT
2024-10-07 19:12:22,376 [s0@group-F5D0649D4159-LeaderElection18] INFO  impl.LeaderElection (LeaderElection.java:askForVotes(337)) - s0@group-F5D0649D4159-LeaderElection18 PRE_VOTE round 75: submit vote requests at term 2 for conf: {index: 1, cur=peers:[s3|localhost:15152, s4|localhost:15156, s0|localhost:15140, s1|localhost:15144, s2|localhost:15148]|listeners:[], old=null}
2024-10-07 19:12:22,377 [NettyRpcService-workerGroup--thread3] INFO  server.RaftServer$Division (RaftServerImpl.java:requestVote(1443)) - s1@group-F5D0649D4159: receive requestVote(PRE_VOTE, s0, group-F5D0649D4159, 2, (t:2, i:2))
2024-10-07 19:12:22,377 [s0@group-F5D0649D4159-LeaderElection18] INFO  impl.LeaderElection (LogUtils.java:infoOrTrace(136)) - s0@group-F5D0649D4159-LeaderElection18 got exception when requesting votes: java.util.concurrent.ExecutionException: org.apache.ratis.thirdparty.io.netty.channel.AbstractChannel$AnnotatedConnectException: finishConnect(..) failed: Connection refused: localhost/127.0.0.1:15156
2024-10-07 19:12:22,377 [NettyRpcService-workerGroup--thread3] INFO  impl.VoteContext (VoteContext.java:log(49)) - s1@group-F5D0649D4159-CANDIDATE: accept PRE_VOTE from s0: our priority 0 <= candidate's priority 0
2024-10-07 19:12:22,377 [NettyRpcService-workerGroup--thread3] INFO  server.RaftServer$Division (RaftServerImpl.java:requestVote(1476)) - s1@group-F5D0649D4159 replies to PRE_VOTE vote request: s0<-s1#0:OK-t2. Peer's state: s1@group-F5D0649D4159:t2, leader=null, voted=s4, raftlog=Memoized:s1@group-F5D0649D4159-SegmentedRaftLog:OPENED:c2:last(t:2, i:2), conf=conf: {index: 1, cur=peers:[s3|localhost:15152, s4|localhost:15156, s0|localhost:15140, s1|localhost:15144, s2|localhost:15148]|listeners:[], old=null}
2024-10-07 19:12:22,377 [s0@group-F5D0649D4159-LeaderElection18] INFO  impl.LeaderElection (LogUtils.java:infoOrTrace(136)) - s0@group-F5D0649D4159-LeaderElection18 got exception when requesting votes: java.util.concurrent.ExecutionException: org.apache.ratis.thirdparty.io.netty.channel.AbstractChannel$AnnotatedConnectException: finishConnect(..) failed: Connection refused: localhost/127.0.0.1:15148
2024-10-07 19:12:22,380 [s1@group-F5D0649D4159-LeaderElection17] INFO  impl.LeaderElection (LeaderElection.java:logAndReturn(90)) - s1@group-F5D0649D4159-LeaderElection17: PRE_VOTE TIMEOUT received 1 response(s) and 2 exception(s):
2024-10-07 19:12:22,380 [s1@group-F5D0649D4159-LeaderElection17] INFO  impl.LeaderElection (LeaderElection.java:logAndReturn(94)) -   Response 0: s1<-s0#0:OK-t2
2024-10-07 19:12:22,380 [s1@group-F5D0649D4159-LeaderElection17] INFO  impl.LeaderElection (LogUtils.java:infoOrTrace(136)) -   Exception 1: java.util.concurrent.ExecutionException: org.apache.ratis.thirdparty.io.netty.channel.AbstractChannel$AnnotatedConnectException: finishConnect(..) failed: Connection refused: localhost/127.0.0.1:15156
2024-10-07 19:12:22,380 [s1@group-F5D0649D4159-LeaderElection17] INFO  impl.LeaderElection (LogUtils.java:infoOrTrace(136)) -   Exception 2: java.util.concurrent.ExecutionException: org.apache.ratis.thirdparty.io.netty.channel.AbstractChannel$AnnotatedConnectException: finishConnect(..) failed: Connection refused: localhost/127.0.0.1:15148
2024-10-07 19:12:22,380 [s1@group-F5D0649D4159-LeaderElection17] INFO  impl.LeaderElection (LeaderElection.java:askForVotes(339)) - s1@group-F5D0649D4159-LeaderElection17 PRE_VOTE round 89: result TIMEOUT
2024-10-07 19:12:22,380 [s1@group-F5D0649D4159-LeaderElection17] INFO  impl.LeaderElection (LeaderElection.java:askForVotes(337)) - s1@group-F5D0649D4159-LeaderElection17 PRE_VOTE round 90: submit vote requests at term 2 for conf: {index: 1, cur=peers:[s3|localhost:15152, s4|localhost:15156, s0|localhost:15140, s1|localhost:15144, s2|localhost:15148]|listeners:[], old=null}
2024-10-07 19:12:22,381 [NettyRpcService-workerGroup--thread3] INFO  server.RaftServer$Division (RaftServerImpl.java:requestVote(1443)) - s0@group-F5D0649D4159: receive requestVote(PRE_VOTE, s1, group-F5D0649D4159, 2, (t:2, i:2))
2024-10-07 19:12:22,381 [NettyRpcService-workerGroup--thread3] INFO  impl.VoteContext (VoteContext.java:log(49)) - s0@group-F5D0649D4159-CANDIDATE: accept PRE_VOTE from s1: our priority 0 <= candidate's priority 0
2024-10-07 19:12:22,381 [s1@group-F5D0649D4159-LeaderElection17] INFO  impl.LeaderElection (LogUtils.java:infoOrTrace(136)) - s1@group-F5D0649D4159-LeaderElection17 got exception when requesting votes: java.util.concurrent.ExecutionException: org.apache.ratis.thirdparty.io.netty.channel.AbstractChannel$AnnotatedConnectException: finishConnect(..) failed: Connection refused: localhost/127.0.0.1:15148
2024-10-07 19:12:22,381 [NettyRpcService-workerGroup--thread3] INFO  server.RaftServer$Division (RaftServerImpl.java:requestVote(1476)) - s0@group-F5D0649D4159 replies to PRE_VOTE vote request: s1<-s0#0:OK-t2. Peer's state: s0@group-F5D0649D4159:t2, leader=null, voted=s4, raftlog=Memoized:s0@group-F5D0649D4159-SegmentedRaftLog:OPENED:c2:last(t:2, i:2), conf=conf: {index: 1, cur=peers:[s3|localhost:15152, s4|localhost:15156, s0|localhost:15140, s1|localhost:15144, s2|localhost:15148]|listeners:[], old=null}
2024-10-07 19:12:22,381 [s1@group-F5D0649D4159-LeaderElection17] INFO  impl.LeaderElection (LogUtils.java:infoOrTrace(136)) - s1@group-F5D0649D4159-LeaderElection17 got exception when requesting votes: java.util.concurrent.ExecutionException: org.apache.ratis.thirdparty.io.netty.channel.AbstractChannel$AnnotatedConnectException: finishConnect(..) failed: Connection refused: localhost/127.0.0.1:15156
2024-10-07 19:12:22,531 [s0@group-F5D0649D4159-LeaderElection18] INFO  impl.LeaderElection (LeaderElection.java:logAndReturn(90)) - s0@group-F5D0649D4159-LeaderElection18: PRE_VOTE TIMEOUT received 1 response(s) and 2 exception(s):
2024-10-07 19:12:22,531 [s0@group-F5D0649D4159-LeaderElection18] INFO  impl.LeaderElection (LeaderElection.java:logAndReturn(94)) -   Response 0: s0<-s1#0:OK-t2
2024-10-07 19:12:22,531 [s0@group-F5D0649D4159-LeaderElection18] INFO  impl.LeaderElection (LogUtils.java:infoOrTrace(136)) -   Exception 1: java.util.concurrent.ExecutionException: org.apache.ratis.thirdparty.io.netty.channel.AbstractChannel$AnnotatedConnectException: finishConnect(..) failed: Connection refused: localhost/127.0.0.1:15156
2024-10-07 19:12:22,531 [s0@group-F5D0649D4159-LeaderElection18] INFO  impl.LeaderElection (LogUtils.java:infoOrTrace(136)) -   Exception 2: java.util.concurrent.ExecutionException: org.apache.ratis.thirdparty.io.netty.channel.AbstractChannel$AnnotatedConnectException: finishConnect(..) failed: Connection refused: localhost/127.0.0.1:15148
2024-10-07 19:12:22,531 [s0@group-F5D0649D4159-LeaderElection18] INFO  impl.LeaderElection (LeaderElection.java:askForVotes(339)) - s0@group-F5D0649D4159-LeaderElection18 PRE_VOTE round 75: result TIMEOUT
2024-10-07 19:12:22,531 [s0@group-F5D0649D4159-LeaderElection18] INFO  impl.LeaderElection (LeaderElection.java:askForVotes(337)) - s0@group-F5D0649D4159-LeaderElection18 PRE_VOTE round 76: submit vote requests at term 2 for conf: {index: 1, cur=peers:[s3|localhost:15152, s4|localhost:15156, s0|localhost:15140, s1|localhost:15144, s2|localhost:15148]|listeners:[], old=null}
2024-10-07 19:12:22,532 [NettyRpcService-workerGroup--thread3] INFO  server.RaftServer$Division (RaftServerImpl.java:requestVote(1443)) - s1@group-F5D0649D4159: receive requestVote(PRE_VOTE, s0, group-F5D0649D4159, 2, (t:2, i:2))
2024-10-07 19:12:22,532 [NettyRpcService-workerGroup--thread3] INFO  impl.VoteContext (VoteContext.java:log(49)) - s1@group-F5D0649D4159-CANDIDATE: accept PRE_VOTE from s0: our priority 0 <= candidate's priority 0
2024-10-07 19:12:22,532 [NettyRpcService-workerGroup--thread3] INFO  server.RaftServer$Division (RaftServerImpl.java:requestVote(1476)) - s1@group-F5D0649D4159 replies to PRE_VOTE vote request: s0<-s1#0:OK-t2. Peer's state: s1@group-F5D0649D4159:t2, leader=null, voted=s4, raftlog=Memoized:s1@group-F5D0649D4159-SegmentedRaftLog:OPENED:c2:last(t:2, i:2), conf=conf: {index: 1, cur=peers:[s3|localhost:15152, s4|localhost:15156, s0|localhost:15140, s1|localhost:15144, s2|localhost:15148]|listeners:[], old=null}
2024-10-07 19:12:22,532 [s0@group-F5D0649D4159-LeaderElection18] INFO  impl.LeaderElection (LogUtils.java:infoOrTrace(136)) - s0@group-F5D0649D4159-LeaderElection18 got exception when requesting votes: java.util.concurrent.ExecutionException: org.apache.ratis.thirdparty.io.netty.channel.AbstractChannel$AnnotatedConnectException: finishConnect(..) failed: Connection refused: localhost/127.0.0.1:15148
2024-10-07 19:12:22,533 [s0@group-F5D0649D4159-LeaderElection18] INFO  impl.LeaderElection (LogUtils.java:infoOrTrace(136)) - s0@group-F5D0649D4159-LeaderElection18 got exception when requesting votes: java.util.concurrent.ExecutionException: org.apache.ratis.thirdparty.io.netty.channel.AbstractChannel$AnnotatedConnectException: finishConnect(..) failed: Connection refused: localhost/127.0.0.1:15156
2024-10-07 19:12:22,599 [s1@group-F5D0649D4159-LeaderElection17] INFO  impl.LeaderElection (LeaderElection.java:logAndReturn(90)) - s1@group-F5D0649D4159-LeaderElection17: PRE_VOTE TIMEOUT received 1 response(s) and 2 exception(s):
2024-10-07 19:12:22,599 [s1@group-F5D0649D4159-LeaderElection17] INFO  impl.LeaderElection (LeaderElection.java:logAndReturn(94)) -   Response 0: s1<-s0#0:OK-t2
2024-10-07 19:12:22,599 [s1@group-F5D0649D4159-LeaderElection17] INFO  impl.LeaderElection (LogUtils.java:infoOrTrace(136)) -   Exception 1: java.util.concurrent.ExecutionException: org.apache.ratis.thirdparty.io.netty.channel.AbstractChannel$AnnotatedConnectException: finishConnect(..) failed: Connection refused: localhost/127.0.0.1:15148
2024-10-07 19:12:22,599 [s1@group-F5D0649D4159-LeaderElection17] INFO  impl.LeaderElection (LogUtils.java:infoOrTrace(136)) -   Exception 2: java.util.concurrent.ExecutionException: org.apache.ratis.thirdparty.io.netty.channel.AbstractChannel$AnnotatedConnectException: finishConnect(..) failed: Connection refused: localhost/127.0.0.1:15156
2024-10-07 19:12:22,599 [s1@group-F5D0649D4159-LeaderElection17] INFO  impl.LeaderElection (LeaderElection.java:askForVotes(339)) - s1@group-F5D0649D4159-LeaderElection17 PRE_VOTE round 90: result TIMEOUT
2024-10-07 19:12:22,599 [s1@group-F5D0649D4159-LeaderElection17] INFO  impl.LeaderElection (LeaderElection.java:askForVotes(337)) - s1@group-F5D0649D4159-LeaderElection17 PRE_VOTE round 91: submit vote requests at term 2 for conf: {index: 1, cur=peers:[s3|localhost:15152, s4|localhost:15156, s0|localhost:15140, s1|localhost:15144, s2|localhost:15148]|listeners:[], old=null}
2024-10-07 19:12:22,600 [NettyRpcService-workerGroup--thread3] INFO  server.RaftServer$Division (RaftServerImpl.java:requestVote(1443)) - s0@group-F5D0649D4159: receive requestVote(PRE_VOTE, s1, group-F5D0649D4159, 2, (t:2, i:2))
2024-10-07 19:12:22,600 [NettyRpcService-workerGroup--thread3] INFO  impl.VoteContext (VoteContext.java:log(49)) - s0@group-F5D0649D4159-CANDIDATE: accept PRE_VOTE from s1: our priority 0 <= candidate's priority 0
2024-10-07 19:12:22,600 [NettyRpcService-workerGroup--thread3] INFO  server.RaftServer$Division (RaftServerImpl.java:requestVote(1476)) - s0@group-F5D0649D4159 replies to PRE_VOTE vote request: s1<-s0#0:OK-t2. Peer's state: s0@group-F5D0649D4159:t2, leader=null, voted=s4, raftlog=Memoized:s0@group-F5D0649D4159-SegmentedRaftLog:OPENED:c2:last(t:2, i:2), conf=conf: {index: 1, cur=peers:[s3|localhost:15152, s4|localhost:15156, s0|localhost:15140, s1|localhost:15144, s2|localhost:15148]|listeners:[], old=null}
2024-10-07 19:12:22,600 [s1@group-F5D0649D4159-LeaderElection17] INFO  impl.LeaderElection (LogUtils.java:infoOrTrace(136)) - s1@group-F5D0649D4159-LeaderElection17 got exception when requesting votes: java.util.concurrent.ExecutionException: org.apache.ratis.thirdparty.io.netty.channel.AbstractChannel$AnnotatedConnectException: finishConnect(..) failed: Connection refused: localhost/127.0.0.1:15156
2024-10-07 19:12:22,601 [s1@group-F5D0649D4159-LeaderElection17] INFO  impl.LeaderElection (LogUtils.java:infoOrTrace(136)) - s1@group-F5D0649D4159-LeaderElection17 got exception when requesting votes: java.util.concurrent.ExecutionException: org.apache.ratis.thirdparty.io.netty.channel.AbstractChannel$AnnotatedConnectException: finishConnect(..) failed: Connection refused: localhost/127.0.0.1:15148
2024-10-07 19:12:22,606 [main] WARN  ratis.RaftTestUtil (RaftTestUtil.java:lambda$waitForLeader$3(126)) - Attempt #47 failed: java.lang.IllegalStateException: No leader yet : printing ALL groups
  s3:  RUNNING  FOLLOWER s3@group-F5D0649D4159:t1, leader=null, voted=null, raftlog=Memoized:s3@group-F5D0649D4159-SegmentedRaftLog:OPENED:c-1:lastnull, conf=conf: {index: -1, cur=peers:[s3|localhost:15152, s4|localhost:15156, s0|localhost:15140, s1|localhost:15144, s2|localhost:15148]|listeners:[], old=null} RUNNING
  s4:   CLOSED    LEADER s4@group-F5D0649D4159:t2, leader=s4, voted=s4, raftlog=Memoized:s4@group-F5D0649D4159-SegmentedRaftLog:CLOSED:c2, conf=conf: {index: 1, cur=peers:[s3|localhost:15152, s4|localhost:15156, s0|localhost:15140, s1|localhost:15144, s2|localhost:15148]|listeners:[], old=null} CLOSED
  s0:  RUNNING CANDIDATE s0@group-F5D0649D4159:t2, leader=null, voted=s4, raftlog=Memoized:s0@group-F5D0649D4159-SegmentedRaftLog:OPENED:c2:last(t:2, i:2), conf=conf: {index: 1, cur=peers:[s3|localhost:15152, s4|localhost:15156, s0|localhost:15140, s1|localhost:15144, s2|localhost:15148]|listeners:[], old=null} RUNNING
  s1:  RUNNING CANDIDATE s1@group-F5D0649D4159:t2, leader=null, voted=s4, raftlog=Memoized:s1@group-F5D0649D4159-SegmentedRaftLog:OPENED:c2:last(t:2, i:2), conf=conf: {index: 1, cur=peers:[s3|localhost:15152, s4|localhost:15156, s0|localhost:15140, s1|localhost:15144, s2|localhost:15148]|listeners:[], old=null} RUNNING
  s2:   CLOSED    LEADER s2@group-F5D0649D4159:t1, leader=s2, voted=s2, raftlog=Memoized:s2@group-F5D0649D4159-SegmentedRaftLog:CLOSED:c0, conf=conf: {index: 0, cur=peers:[s3|localhost:15152, s4|localhost:15156, s0|localhost:15140, s1|localhost:15144, s2|localhost:15148]|listeners:[], old=null} CLOSED
2024-10-07 19:12:22,732 [s0@group-F5D0649D4159-LeaderElection18] INFO  impl.LeaderElection (LeaderElection.java:logAndReturn(90)) - s0@group-F5D0649D4159-LeaderElection18: PRE_VOTE TIMEOUT received 1 response(s) and 2 exception(s):
2024-10-07 19:12:22,732 [s0@group-F5D0649D4159-LeaderElection18] INFO  impl.LeaderElection (LeaderElection.java:logAndReturn(94)) -   Response 0: s0<-s1#0:OK-t2
2024-10-07 19:12:22,732 [s0@group-F5D0649D4159-LeaderElection18] INFO  impl.LeaderElection (LogUtils.java:infoOrTrace(136)) -   Exception 1: java.util.concurrent.ExecutionException: org.apache.ratis.thirdparty.io.netty.channel.AbstractChannel$AnnotatedConnectException: finishConnect(..) failed: Connection refused: localhost/127.0.0.1:15148
2024-10-07 19:12:22,732 [s0@group-F5D0649D4159-LeaderElection18] INFO  impl.LeaderElection (LogUtils.java:infoOrTrace(136)) -   Exception 2: java.util.concurrent.ExecutionException: org.apache.ratis.thirdparty.io.netty.channel.AbstractChannel$AnnotatedConnectException: finishConnect(..) failed: Connection refused: localhost/127.0.0.1:15156
2024-10-07 19:12:22,732 [s0@group-F5D0649D4159-LeaderElection18] INFO  impl.LeaderElection (LeaderElection.java:askForVotes(339)) - s0@group-F5D0649D4159-LeaderElection18 PRE_VOTE round 76: result TIMEOUT
2024-10-07 19:12:22,733 [s0@group-F5D0649D4159-LeaderElection18] INFO  impl.LeaderElection (LeaderElection.java:askForVotes(337)) - s0@group-F5D0649D4159-LeaderElection18 PRE_VOTE round 77: submit vote requests at term 2 for conf: {index: 1, cur=peers:[s3|localhost:15152, s4|localhost:15156, s0|localhost:15140, s1|localhost:15144, s2|localhost:15148]|listeners:[], old=null}
2024-10-07 19:12:22,733 [NettyRpcService-workerGroup--thread3] INFO  server.RaftServer$Division (RaftServerImpl.java:requestVote(1443)) - s1@group-F5D0649D4159: receive requestVote(PRE_VOTE, s0, group-F5D0649D4159, 2, (t:2, i:2))
2024-10-07 19:12:22,734 [NettyRpcService-workerGroup--thread3] INFO  impl.VoteContext (VoteContext.java:log(49)) - s1@group-F5D0649D4159-CANDIDATE: accept PRE_VOTE from s0: our priority 0 <= candidate's priority 0
2024-10-07 19:12:22,734 [s0@group-F5D0649D4159-LeaderElection18] INFO  impl.LeaderElection (LogUtils.java:infoOrTrace(136)) - s0@group-F5D0649D4159-LeaderElection18 got exception when requesting votes: java.util.concurrent.ExecutionException: org.apache.ratis.thirdparty.io.netty.channel.AbstractChannel$AnnotatedConnectException: finishConnect(..) failed: Connection refused: localhost/127.0.0.1:15156
2024-10-07 19:12:22,734 [s0@group-F5D0649D4159-LeaderElection18] INFO  impl.LeaderElection (LogUtils.java:infoOrTrace(136)) - s0@group-F5D0649D4159-LeaderElection18 got exception when requesting votes: java.util.concurrent.ExecutionException: org.apache.ratis.thirdparty.io.netty.channel.AbstractChannel$AnnotatedConnectException: finishConnect(..) failed: Connection refused: localhost/127.0.0.1:15148
2024-10-07 19:12:22,734 [NettyRpcService-workerGroup--thread3] INFO  server.RaftServer$Division (RaftServerImpl.java:requestVote(1476)) - s1@group-F5D0649D4159 replies to PRE_VOTE vote request: s0<-s1#0:OK-t2. Peer's state: s1@group-F5D0649D4159:t2, leader=null, voted=s4, raftlog=Memoized:s1@group-F5D0649D4159-SegmentedRaftLog:OPENED:c2:last(t:2, i:2), conf=conf: {index: 1, cur=peers:[s3|localhost:15152, s4|localhost:15156, s0|localhost:15140, s1|localhost:15144, s2|localhost:15148]|listeners:[], old=null}
2024-10-07 19:12:22,829 [s1@group-F5D0649D4159-LeaderElection17] INFO  impl.LeaderElection (LeaderElection.java:logAndReturn(90)) - s1@group-F5D0649D4159-LeaderElection17: PRE_VOTE TIMEOUT received 1 response(s) and 2 exception(s):
2024-10-07 19:12:22,829 [s1@group-F5D0649D4159-LeaderElection17] INFO  impl.LeaderElection (LeaderElection.java:logAndReturn(94)) -   Response 0: s1<-s0#0:OK-t2
2024-10-07 19:12:22,829 [s1@group-F5D0649D4159-LeaderElection17] INFO  impl.LeaderElection (LogUtils.java:infoOrTrace(136)) -   Exception 1: java.util.concurrent.ExecutionException: org.apache.ratis.thirdparty.io.netty.channel.AbstractChannel$AnnotatedConnectException: finishConnect(..) failed: Connection refused: localhost/127.0.0.1:15156
2024-10-07 19:12:22,829 [s1@group-F5D0649D4159-LeaderElection17] INFO  impl.LeaderElection (LogUtils.java:infoOrTrace(136)) -   Exception 2: java.util.concurrent.ExecutionException: org.apache.ratis.thirdparty.io.netty.channel.AbstractChannel$AnnotatedConnectException: finishConnect(..) failed: Connection refused: localhost/127.0.0.1:15148
2024-10-07 19:12:22,829 [s1@group-F5D0649D4159-LeaderElection17] INFO  impl.LeaderElection (LeaderElection.java:askForVotes(339)) - s1@group-F5D0649D4159-LeaderElection17 PRE_VOTE round 91: result TIMEOUT
2024-10-07 19:12:22,829 [s1@group-F5D0649D4159-LeaderElection17] INFO  impl.LeaderElection (LeaderElection.java:askForVotes(337)) - s1@group-F5D0649D4159-LeaderElection17 PRE_VOTE round 92: submit vote requests at term 2 for conf: {index: 1, cur=peers:[s3|localhost:15152, s4|localhost:15156, s0|localhost:15140, s1|localhost:15144, s2|localhost:15148]|listeners:[], old=null}
2024-10-07 19:12:22,830 [NettyRpcService-workerGroup--thread3] INFO  server.RaftServer$Division (RaftServerImpl.java:requestVote(1443)) - s0@group-F5D0649D4159: receive requestVote(PRE_VOTE, s1, group-F5D0649D4159, 2, (t:2, i:2))
2024-10-07 19:12:22,830 [NettyRpcService-workerGroup--thread3] INFO  impl.VoteContext (VoteContext.java:log(49)) - s0@group-F5D0649D4159-CANDIDATE: accept PRE_VOTE from s1: our priority 0 <= candidate's priority 0
2024-10-07 19:12:22,831 [NettyRpcService-workerGroup--thread3] INFO  server.RaftServer$Division (RaftServerImpl.java:requestVote(1476)) - s0@group-F5D0649D4159 replies to PRE_VOTE vote request: s1<-s0#0:OK-t2. Peer's state: s0@group-F5D0649D4159:t2, leader=null, voted=s4, raftlog=Memoized:s0@group-F5D0649D4159-SegmentedRaftLog:OPENED:c2:last(t:2, i:2), conf=conf: {index: 1, cur=peers:[s3|localhost:15152, s4|localhost:15156, s0|localhost:15140, s1|localhost:15144, s2|localhost:15148]|listeners:[], old=null}
2024-10-07 19:12:22,831 [s1@group-F5D0649D4159-LeaderElection17] INFO  impl.LeaderElection (LogUtils.java:infoOrTrace(136)) - s1@group-F5D0649D4159-LeaderElection17 got exception when requesting votes: java.util.concurrent.ExecutionException: org.apache.ratis.thirdparty.io.netty.channel.AbstractChannel$AnnotatedConnectException: finishConnect(..) failed: Connection refused: localhost/127.0.0.1:15148
2024-10-07 19:12:22,831 [s1@group-F5D0649D4159-LeaderElection17] INFO  impl.LeaderElection (LogUtils.java:infoOrTrace(136)) - s1@group-F5D0649D4159-LeaderElection17 got exception when requesting votes: java.util.concurrent.ExecutionException: org.apache.ratis.thirdparty.io.netty.channel.AbstractChannel$AnnotatedConnectException: finishConnect(..) failed: Connection refused: localhost/127.0.0.1:15156
2024-10-07 19:12:22,980 [s1@group-F5D0649D4159-LeaderElection17] INFO  impl.LeaderElection (LeaderElection.java:logAndReturn(90)) - s1@group-F5D0649D4159-LeaderElection17: PRE_VOTE TIMEOUT received 1 response(s) and 2 exception(s):
2024-10-07 19:12:22,980 [s1@group-F5D0649D4159-LeaderElection17] INFO  impl.LeaderElection (LeaderElection.java:logAndReturn(94)) -   Response 0: s1<-s0#0:OK-t2
2024-10-07 19:12:22,980 [s1@group-F5D0649D4159-LeaderElection17] INFO  impl.LeaderElection (LogUtils.java:infoOrTrace(136)) -   Exception 1: java.util.concurrent.ExecutionException: org.apache.ratis.thirdparty.io.netty.channel.AbstractChannel$AnnotatedConnectException: finishConnect(..) failed: Connection refused: localhost/127.0.0.1:15148
2024-10-07 19:12:22,980 [s1@group-F5D0649D4159-LeaderElection17] INFO  impl.LeaderElection (LogUtils.java:infoOrTrace(136)) -   Exception 2: java.util.concurrent.ExecutionException: org.apache.ratis.thirdparty.io.netty.channel.AbstractChannel$AnnotatedConnectException: finishConnect(..) failed: Connection refused: localhost/127.0.0.1:15156
2024-10-07 19:12:22,981 [s1@group-F5D0649D4159-LeaderElection17] INFO  impl.LeaderElection (LeaderElection.java:askForVotes(339)) - s1@group-F5D0649D4159-LeaderElection17 PRE_VOTE round 92: result TIMEOUT
2024-10-07 19:12:22,981 [s1@group-F5D0649D4159-LeaderElection17] INFO  impl.LeaderElection (LeaderElection.java:askForVotes(337)) - s1@group-F5D0649D4159-LeaderElection17 PRE_VOTE round 93: submit vote requests at term 2 for conf: {index: 1, cur=peers:[s3|localhost:15152, s4|localhost:15156, s0|localhost:15140, s1|localhost:15144, s2|localhost:15148]|listeners:[], old=null}
2024-10-07 19:12:22,981 [NettyRpcService-workerGroup--thread3] INFO  server.RaftServer$Division (RaftServerImpl.java:requestVote(1443)) - s0@group-F5D0649D4159: receive requestVote(PRE_VOTE, s1, group-F5D0649D4159, 2, (t:2, i:2))
2024-10-07 19:12:22,982 [NettyRpcService-workerGroup--thread3] INFO  impl.VoteContext (VoteContext.java:log(49)) - s0@group-F5D0649D4159-CANDIDATE: accept PRE_VOTE from s1: our priority 0 <= candidate's priority 0
2024-10-07 19:12:22,982 [NettyRpcService-workerGroup--thread3] INFO  server.RaftServer$Division (RaftServerImpl.java:requestVote(1476)) - s0@group-F5D0649D4159 replies to PRE_VOTE vote request: s1<-s0#0:OK-t2. Peer's state: s0@group-F5D0649D4159:t2, leader=null, voted=s4, raftlog=Memoized:s0@group-F5D0649D4159-SegmentedRaftLog:OPENED:c2:last(t:2, i:2), conf=conf: {index: 1, cur=peers:[s3|localhost:15152, s4|localhost:15156, s0|localhost:15140, s1|localhost:15144, s2|localhost:15148]|listeners:[], old=null}
2024-10-07 19:12:22,982 [s1@group-F5D0649D4159-LeaderElection17] INFO  impl.LeaderElection (LogUtils.java:infoOrTrace(136)) - s1@group-F5D0649D4159-LeaderElection17 got exception when requesting votes: java.util.concurrent.ExecutionException: org.apache.ratis.thirdparty.io.netty.channel.AbstractChannel$AnnotatedConnectException: finishConnect(..) failed: Connection refused: localhost/127.0.0.1:15156
2024-10-07 19:12:22,982 [s1@group-F5D0649D4159-LeaderElection17] INFO  impl.LeaderElection (LogUtils.java:infoOrTrace(136)) - s1@group-F5D0649D4159-LeaderElection17 got exception when requesting votes: java.util.concurrent.ExecutionException: org.apache.ratis.thirdparty.io.netty.channel.AbstractChannel$AnnotatedConnectException: finishConnect(..) failed: Connection refused: localhost/127.0.0.1:15148
2024-10-07 19:12:22,993 [s0@group-F5D0649D4159-LeaderElection18] INFO  impl.LeaderElection (LeaderElection.java:logAndReturn(90)) - s0@group-F5D0649D4159-LeaderElection18: PRE_VOTE TIMEOUT received 1 response(s) and 2 exception(s):
2024-10-07 19:12:22,993 [s0@group-F5D0649D4159-LeaderElection18] INFO  impl.LeaderElection (LeaderElection.java:logAndReturn(94)) -   Response 0: s0<-s1#0:OK-t2
2024-10-07 19:12:22,993 [s0@group-F5D0649D4159-LeaderElection18] INFO  impl.LeaderElection (LogUtils.java:infoOrTrace(136)) -   Exception 1: java.util.concurrent.ExecutionException: org.apache.ratis.thirdparty.io.netty.channel.AbstractChannel$AnnotatedConnectException: finishConnect(..) failed: Connection refused: localhost/127.0.0.1:15156
2024-10-07 19:12:22,993 [s0@group-F5D0649D4159-LeaderElection18] INFO  impl.LeaderElection (LogUtils.java:infoOrTrace(136)) -   Exception 2: java.util.concurrent.ExecutionException: org.apache.ratis.thirdparty.io.netty.channel.AbstractChannel$AnnotatedConnectException: finishConnect(..) failed: Connection refused: localhost/127.0.0.1:15148
2024-10-07 19:12:22,994 [s0@group-F5D0649D4159-LeaderElection18] INFO  impl.LeaderElection (LeaderElection.java:askForVotes(339)) - s0@group-F5D0649D4159-LeaderElection18 PRE_VOTE round 77: result TIMEOUT
2024-10-07 19:12:22,994 [s0@group-F5D0649D4159-LeaderElection18] INFO  impl.LeaderElection (LeaderElection.java:askForVotes(337)) - s0@group-F5D0649D4159-LeaderElection18 PRE_VOTE round 78: submit vote requests at term 2 for conf: {index: 1, cur=peers:[s3|localhost:15152, s4|localhost:15156, s0|localhost:15140, s1|localhost:15144, s2|localhost:15148]|listeners:[], old=null}
2024-10-07 19:12:22,996 [NettyRpcService-workerGroup--thread3] INFO  server.RaftServer$Division (RaftServerImpl.java:requestVote(1443)) - s1@group-F5D0649D4159: receive requestVote(PRE_VOTE, s0, group-F5D0649D4159, 2, (t:2, i:2))
2024-10-07 19:12:22,996 [NettyRpcService-workerGroup--thread3] INFO  impl.VoteContext (VoteContext.java:log(49)) - s1@group-F5D0649D4159-CANDIDATE: accept PRE_VOTE from s0: our priority 0 <= candidate's priority 0
2024-10-07 19:12:22,997 [s0@group-F5D0649D4159-LeaderElection18] INFO  impl.LeaderElection (LogUtils.java:infoOrTrace(136)) - s0@group-F5D0649D4159-LeaderElection18 got exception when requesting votes: java.util.concurrent.ExecutionException: org.apache.ratis.thirdparty.io.netty.channel.AbstractChannel$AnnotatedConnectException: finishConnect(..) failed: Connection refused: localhost/127.0.0.1:15148
2024-10-07 19:12:22,997 [s0@group-F5D0649D4159-LeaderElection18] INFO  impl.LeaderElection (LogUtils.java:infoOrTrace(136)) - s0@group-F5D0649D4159-LeaderElection18 got exception when requesting votes: java.util.concurrent.ExecutionException: org.apache.ratis.thirdparty.io.netty.channel.AbstractChannel$AnnotatedConnectException: finishConnect(..) failed: Connection refused: localhost/127.0.0.1:15156
2024-10-07 19:12:22,997 [NettyRpcService-workerGroup--thread3] INFO  server.RaftServer$Division (RaftServerImpl.java:requestVote(1476)) - s1@group-F5D0649D4159 replies to PRE_VOTE vote request: s0<-s1#0:OK-t2. Peer's state: s1@group-F5D0649D4159:t2, leader=null, voted=s4, raftlog=Memoized:s1@group-F5D0649D4159-SegmentedRaftLog:OPENED:c2:last(t:2, i:2), conf=conf: {index: 1, cur=peers:[s3|localhost:15152, s4|localhost:15156, s0|localhost:15140, s1|localhost:15144, s2|localhost:15148]|listeners:[], old=null}
2024-10-07 19:12:23,056 [main] WARN  ratis.RaftTestUtil (RaftTestUtil.java:lambda$waitForLeader$3(126)) - Attempt #48 failed: java.lang.IllegalStateException: No leader yet : printing ALL groups
  s3:  RUNNING  FOLLOWER s3@group-F5D0649D4159:t1, leader=null, voted=null, raftlog=Memoized:s3@group-F5D0649D4159-SegmentedRaftLog:OPENED:c-1:lastnull, conf=conf: {index: -1, cur=peers:[s3|localhost:15152, s4|localhost:15156, s0|localhost:15140, s1|localhost:15144, s2|localhost:15148]|listeners:[], old=null} RUNNING
  s4:   CLOSED    LEADER s4@group-F5D0649D4159:t2, leader=s4, voted=s4, raftlog=Memoized:s4@group-F5D0649D4159-SegmentedRaftLog:CLOSED:c2, conf=conf: {index: 1, cur=peers:[s3|localhost:15152, s4|localhost:15156, s0|localhost:15140, s1|localhost:15144, s2|localhost:15148]|listeners:[], old=null} CLOSED
  s0:  RUNNING CANDIDATE s0@group-F5D0649D4159:t2, leader=null, voted=s4, raftlog=Memoized:s0@group-F5D0649D4159-SegmentedRaftLog:OPENED:c2:last(t:2, i:2), conf=conf: {index: 1, cur=peers:[s3|localhost:15152, s4|localhost:15156, s0|localhost:15140, s1|localhost:15144, s2|localhost:15148]|listeners:[], old=null} RUNNING
  s1:  RUNNING CANDIDATE s1@group-F5D0649D4159:t2, leader=null, voted=s4, raftlog=Memoized:s1@group-F5D0649D4159-SegmentedRaftLog:OPENED:c2:last(t:2, i:2), conf=conf: {index: 1, cur=peers:[s3|localhost:15152, s4|localhost:15156, s0|localhost:15140, s1|localhost:15144, s2|localhost:15148]|listeners:[], old=null} RUNNING
  s2:   CLOSED    LEADER s2@group-F5D0649D4159:t1, leader=s2, voted=s2, raftlog=Memoized:s2@group-F5D0649D4159-SegmentedRaftLog:CLOSED:c0, conf=conf: {index: 0, cur=peers:[s3|localhost:15152, s4|localhost:15156, s0|localhost:15140, s1|localhost:15144, s2|localhost:15148]|listeners:[], old=null} CLOSED
2024-10-07 19:12:23,236 [s0@group-F5D0649D4159-LeaderElection18] INFO  impl.LeaderElection (LeaderElection.java:logAndReturn(90)) - s0@group-F5D0649D4159-LeaderElection18: PRE_VOTE TIMEOUT received 1 response(s) and 2 exception(s):
2024-10-07 19:12:23,236 [s0@group-F5D0649D4159-LeaderElection18] INFO  impl.LeaderElection (LeaderElection.java:logAndReturn(94)) -   Response 0: s0<-s1#0:OK-t2
2024-10-07 19:12:23,236 [s0@group-F5D0649D4159-LeaderElection18] INFO  impl.LeaderElection (LogUtils.java:infoOrTrace(136)) -   Exception 1: java.util.concurrent.ExecutionException: org.apache.ratis.thirdparty.io.netty.channel.AbstractChannel$AnnotatedConnectException: finishConnect(..) failed: Connection refused: localhost/127.0.0.1:15148
2024-10-07 19:12:23,237 [s0@group-F5D0649D4159-LeaderElection18] INFO  impl.LeaderElection (LogUtils.java:infoOrTrace(136)) -   Exception 2: java.util.concurrent.ExecutionException: org.apache.ratis.thirdparty.io.netty.channel.AbstractChannel$AnnotatedConnectException: finishConnect(..) failed: Connection refused: localhost/127.0.0.1:15156
2024-10-07 19:12:23,237 [s0@group-F5D0649D4159-LeaderElection18] INFO  impl.LeaderElection (LeaderElection.java:askForVotes(339)) - s0@group-F5D0649D4159-LeaderElection18 PRE_VOTE round 78: result TIMEOUT
2024-10-07 19:12:23,237 [s0@group-F5D0649D4159-LeaderElection18] INFO  impl.LeaderElection (LeaderElection.java:askForVotes(337)) - s0@group-F5D0649D4159-LeaderElection18 PRE_VOTE round 79: submit vote requests at term 2 for conf: {index: 1, cur=peers:[s3|localhost:15152, s4|localhost:15156, s0|localhost:15140, s1|localhost:15144, s2|localhost:15148]|listeners:[], old=null}
2024-10-07 19:12:23,238 [NettyRpcService-workerGroup--thread3] INFO  server.RaftServer$Division (RaftServerImpl.java:requestVote(1443)) - s1@group-F5D0649D4159: receive requestVote(PRE_VOTE, s0, group-F5D0649D4159, 2, (t:2, i:2))
2024-10-07 19:12:23,238 [NettyRpcService-workerGroup--thread3] INFO  impl.VoteContext (VoteContext.java:log(49)) - s1@group-F5D0649D4159-CANDIDATE: accept PRE_VOTE from s0: our priority 0 <= candidate's priority 0
2024-10-07 19:12:23,238 [s0@group-F5D0649D4159-LeaderElection18] INFO  impl.LeaderElection (LogUtils.java:infoOrTrace(136)) - s0@group-F5D0649D4159-LeaderElection18 got exception when requesting votes: java.util.concurrent.ExecutionException: org.apache.ratis.thirdparty.io.netty.channel.AbstractChannel$AnnotatedConnectException: finishConnect(..) failed: Connection refused: localhost/127.0.0.1:15156
2024-10-07 19:12:23,238 [NettyRpcService-workerGroup--thread3] INFO  server.RaftServer$Division (RaftServerImpl.java:requestVote(1476)) - s1@group-F5D0649D4159 replies to PRE_VOTE vote request: s0<-s1#0:OK-t2. Peer's state: s1@group-F5D0649D4159:t2, leader=null, voted=s4, raftlog=Memoized:s1@group-F5D0649D4159-SegmentedRaftLog:OPENED:c2:last(t:2, i:2), conf=conf: {index: 1, cur=peers:[s3|localhost:15152, s4|localhost:15156, s0|localhost:15140, s1|localhost:15144, s2|localhost:15148]|listeners:[], old=null}
2024-10-07 19:12:23,238 [s0@group-F5D0649D4159-LeaderElection18] INFO  impl.LeaderElection (LogUtils.java:infoOrTrace(136)) - s0@group-F5D0649D4159-LeaderElection18 got exception when requesting votes: java.util.concurrent.ExecutionException: org.apache.ratis.thirdparty.io.netty.channel.AbstractChannel$AnnotatedConnectException: finishConnect(..) failed: Connection refused: localhost/127.0.0.1:15148
2024-10-07 19:12:23,277 [s1@group-F5D0649D4159-LeaderElection17] INFO  impl.LeaderElection (LeaderElection.java:logAndReturn(90)) - s1@group-F5D0649D4159-LeaderElection17: PRE_VOTE TIMEOUT received 1 response(s) and 2 exception(s):
2024-10-07 19:12:23,277 [s1@group-F5D0649D4159-LeaderElection17] INFO  impl.LeaderElection (LeaderElection.java:logAndReturn(94)) -   Response 0: s1<-s0#0:OK-t2
2024-10-07 19:12:23,277 [s1@group-F5D0649D4159-LeaderElection17] INFO  impl.LeaderElection (LogUtils.java:infoOrTrace(136)) -   Exception 1: java.util.concurrent.ExecutionException: org.apache.ratis.thirdparty.io.netty.channel.AbstractChannel$AnnotatedConnectException: finishConnect(..) failed: Connection refused: localhost/127.0.0.1:15156
2024-10-07 19:12:23,277 [s1@group-F5D0649D4159-LeaderElection17] INFO  impl.LeaderElection (LogUtils.java:infoOrTrace(136)) -   Exception 2: java.util.concurrent.ExecutionException: org.apache.ratis.thirdparty.io.netty.channel.AbstractChannel$AnnotatedConnectException: finishConnect(..) failed: Connection refused: localhost/127.0.0.1:15148
2024-10-07 19:12:23,278 [s1@group-F5D0649D4159-LeaderElection17] INFO  impl.LeaderElection (LeaderElection.java:askForVotes(339)) - s1@group-F5D0649D4159-LeaderElection17 PRE_VOTE round 93: result TIMEOUT
2024-10-07 19:12:23,278 [s1@group-F5D0649D4159-LeaderElection17] INFO  impl.LeaderElection (LeaderElection.java:askForVotes(337)) - s1@group-F5D0649D4159-LeaderElection17 PRE_VOTE round 94: submit vote requests at term 2 for conf: {index: 1, cur=peers:[s3|localhost:15152, s4|localhost:15156, s0|localhost:15140, s1|localhost:15144, s2|localhost:15148]|listeners:[], old=null}
2024-10-07 19:12:23,278 [NettyRpcService-workerGroup--thread3] INFO  server.RaftServer$Division (RaftServerImpl.java:requestVote(1443)) - s0@group-F5D0649D4159: receive requestVote(PRE_VOTE, s1, group-F5D0649D4159, 2, (t:2, i:2))
2024-10-07 19:12:23,279 [NettyRpcService-workerGroup--thread3] INFO  impl.VoteContext (VoteContext.java:log(49)) - s0@group-F5D0649D4159-CANDIDATE: accept PRE_VOTE from s1: our priority 0 <= candidate's priority 0
2024-10-07 19:12:23,279 [NettyRpcService-workerGroup--thread3] INFO  server.RaftServer$Division (RaftServerImpl.java:requestVote(1476)) - s0@group-F5D0649D4159 replies to PRE_VOTE vote request: s1<-s0#0:OK-t2. Peer's state: s0@group-F5D0649D4159:t2, leader=null, voted=s4, raftlog=Memoized:s0@group-F5D0649D4159-SegmentedRaftLog:OPENED:c2:last(t:2, i:2), conf=conf: {index: 1, cur=peers:[s3|localhost:15152, s4|localhost:15156, s0|localhost:15140, s1|localhost:15144, s2|localhost:15148]|listeners:[], old=null}
2024-10-07 19:12:23,279 [s1@group-F5D0649D4159-LeaderElection17] INFO  impl.LeaderElection (LogUtils.java:infoOrTrace(136)) - s1@group-F5D0649D4159-LeaderElection17 got exception when requesting votes: java.util.concurrent.ExecutionException: org.apache.ratis.thirdparty.io.netty.channel.AbstractChannel$AnnotatedConnectException: finishConnect(..) failed: Connection refused: localhost/127.0.0.1:15156
2024-10-07 19:12:23,279 [s1@group-F5D0649D4159-LeaderElection17] INFO  impl.LeaderElection (LogUtils.java:infoOrTrace(136)) - s1@group-F5D0649D4159-LeaderElection17 got exception when requesting votes: java.util.concurrent.ExecutionException: org.apache.ratis.thirdparty.io.netty.channel.AbstractChannel$AnnotatedConnectException: finishConnect(..) failed: Connection refused: localhost/127.0.0.1:15148
2024-10-07 19:12:23,430 [s1@group-F5D0649D4159-LeaderElection17] INFO  impl.LeaderElection (LeaderElection.java:logAndReturn(90)) - s1@group-F5D0649D4159-LeaderElection17: PRE_VOTE TIMEOUT received 1 response(s) and 2 exception(s):
2024-10-07 19:12:23,430 [s1@group-F5D0649D4159-LeaderElection17] INFO  impl.LeaderElection (LeaderElection.java:logAndReturn(94)) -   Response 0: s1<-s0#0:OK-t2
2024-10-07 19:12:23,431 [s1@group-F5D0649D4159-LeaderElection17] INFO  impl.LeaderElection (LogUtils.java:infoOrTrace(136)) -   Exception 1: java.util.concurrent.ExecutionException: org.apache.ratis.thirdparty.io.netty.channel.AbstractChannel$AnnotatedConnectException: finishConnect(..) failed: Connection refused: localhost/127.0.0.1:15156
2024-10-07 19:12:23,431 [s1@group-F5D0649D4159-LeaderElection17] INFO  impl.LeaderElection (LogUtils.java:infoOrTrace(136)) -   Exception 2: java.util.concurrent.ExecutionException: org.apache.ratis.thirdparty.io.netty.channel.AbstractChannel$AnnotatedConnectException: finishConnect(..) failed: Connection refused: localhost/127.0.0.1:15148
2024-10-07 19:12:23,431 [s1@group-F5D0649D4159-LeaderElection17] INFO  impl.LeaderElection (LeaderElection.java:askForVotes(339)) - s1@group-F5D0649D4159-LeaderElection17 PRE_VOTE round 94: result TIMEOUT
2024-10-07 19:12:23,431 [s1@group-F5D0649D4159-LeaderElection17] INFO  impl.LeaderElection (LeaderElection.java:askForVotes(337)) - s1@group-F5D0649D4159-LeaderElection17 PRE_VOTE round 95: submit vote requests at term 2 for conf: {index: 1, cur=peers:[s3|localhost:15152, s4|localhost:15156, s0|localhost:15140, s1|localhost:15144, s2|localhost:15148]|listeners:[], old=null}
2024-10-07 19:12:23,432 [NettyRpcService-workerGroup--thread3] INFO  server.RaftServer$Division (RaftServerImpl.java:requestVote(1443)) - s0@group-F5D0649D4159: receive requestVote(PRE_VOTE, s1, group-F5D0649D4159, 2, (t:2, i:2))
2024-10-07 19:12:23,432 [NettyRpcService-workerGroup--thread3] INFO  impl.VoteContext (VoteContext.java:log(49)) - s0@group-F5D0649D4159-CANDIDATE: accept PRE_VOTE from s1: our priority 0 <= candidate's priority 0
2024-10-07 19:12:23,432 [s1@group-F5D0649D4159-LeaderElection17] INFO  impl.LeaderElection (LogUtils.java:infoOrTrace(136)) - s1@group-F5D0649D4159-LeaderElection17 got exception when requesting votes: java.util.concurrent.ExecutionException: org.apache.ratis.thirdparty.io.netty.channel.AbstractChannel$AnnotatedConnectException: finishConnect(..) failed: Connection refused: localhost/127.0.0.1:15156
2024-10-07 19:12:23,432 [NettyRpcService-workerGroup--thread3] INFO  server.RaftServer$Division (RaftServerImpl.java:requestVote(1476)) - s0@group-F5D0649D4159 replies to PRE_VOTE vote request: s1<-s0#0:OK-t2. Peer's state: s0@group-F5D0649D4159:t2, leader=null, voted=s4, raftlog=Memoized:s0@group-F5D0649D4159-SegmentedRaftLog:OPENED:c2:last(t:2, i:2), conf=conf: {index: 1, cur=peers:[s3|localhost:15152, s4|localhost:15156, s0|localhost:15140, s1|localhost:15144, s2|localhost:15148]|listeners:[], old=null}
2024-10-07 19:12:23,432 [s1@group-F5D0649D4159-LeaderElection17] INFO  impl.LeaderElection (LogUtils.java:infoOrTrace(136)) - s1@group-F5D0649D4159-LeaderElection17 got exception when requesting votes: java.util.concurrent.ExecutionException: org.apache.ratis.thirdparty.io.netty.channel.AbstractChannel$AnnotatedConnectException: finishConnect(..) failed: Connection refused: localhost/127.0.0.1:15148
2024-10-07 19:12:23,477 [s0@group-F5D0649D4159-LeaderElection18] INFO  impl.LeaderElection (LeaderElection.java:logAndReturn(90)) - s0@group-F5D0649D4159-LeaderElection18: PRE_VOTE TIMEOUT received 1 response(s) and 2 exception(s):
2024-10-07 19:12:23,477 [s0@group-F5D0649D4159-LeaderElection18] INFO  impl.LeaderElection (LeaderElection.java:logAndReturn(94)) -   Response 0: s0<-s1#0:OK-t2
2024-10-07 19:12:23,477 [s0@group-F5D0649D4159-LeaderElection18] INFO  impl.LeaderElection (LogUtils.java:infoOrTrace(136)) -   Exception 1: java.util.concurrent.ExecutionException: org.apache.ratis.thirdparty.io.netty.channel.AbstractChannel$AnnotatedConnectException: finishConnect(..) failed: Connection refused: localhost/127.0.0.1:15156
2024-10-07 19:12:23,477 [s0@group-F5D0649D4159-LeaderElection18] INFO  impl.LeaderElection (LogUtils.java:infoOrTrace(136)) -   Exception 2: java.util.concurrent.ExecutionException: org.apache.ratis.thirdparty.io.netty.channel.AbstractChannel$AnnotatedConnectException: finishConnect(..) failed: Connection refused: localhost/127.0.0.1:15148
2024-10-07 19:12:23,477 [s0@group-F5D0649D4159-LeaderElection18] INFO  impl.LeaderElection (LeaderElection.java:askForVotes(339)) - s0@group-F5D0649D4159-LeaderElection18 PRE_VOTE round 79: result TIMEOUT
2024-10-07 19:12:23,477 [s0@group-F5D0649D4159-LeaderElection18] INFO  impl.LeaderElection (LeaderElection.java:askForVotes(337)) - s0@group-F5D0649D4159-LeaderElection18 PRE_VOTE round 80: submit vote requests at term 2 for conf: {index: 1, cur=peers:[s3|localhost:15152, s4|localhost:15156, s0|localhost:15140, s1|localhost:15144, s2|localhost:15148]|listeners:[], old=null}
2024-10-07 19:12:23,478 [NettyRpcService-workerGroup--thread3] INFO  server.RaftServer$Division (RaftServerImpl.java:requestVote(1443)) - s1@group-F5D0649D4159: receive requestVote(PRE_VOTE, s0, group-F5D0649D4159, 2, (t:2, i:2))
2024-10-07 19:12:23,478 [s0@group-F5D0649D4159-LeaderElection18] INFO  impl.LeaderElection (LogUtils.java:infoOrTrace(136)) - s0@group-F5D0649D4159-LeaderElection18 got exception when requesting votes: java.util.concurrent.ExecutionException: org.apache.ratis.thirdparty.io.netty.channel.AbstractChannel$AnnotatedConnectException: finishConnect(..) failed: Connection refused: localhost/127.0.0.1:15156
2024-10-07 19:12:23,478 [NettyRpcService-workerGroup--thread3] INFO  impl.VoteContext (VoteContext.java:log(49)) - s1@group-F5D0649D4159-CANDIDATE: accept PRE_VOTE from s0: our priority 0 <= candidate's priority 0
2024-10-07 19:12:23,478 [s0@group-F5D0649D4159-LeaderElection18] INFO  impl.LeaderElection (LogUtils.java:infoOrTrace(136)) - s0@group-F5D0649D4159-LeaderElection18 got exception when requesting votes: java.util.concurrent.ExecutionException: org.apache.ratis.thirdparty.io.netty.channel.AbstractChannel$AnnotatedConnectException: finishConnect(..) failed: Connection refused: localhost/127.0.0.1:15148
2024-10-07 19:12:23,478 [NettyRpcService-workerGroup--thread3] INFO  server.RaftServer$Division (RaftServerImpl.java:requestVote(1476)) - s1@group-F5D0649D4159 replies to PRE_VOTE vote request: s0<-s1#0:OK-t2. Peer's state: s1@group-F5D0649D4159:t2, leader=null, voted=s4, raftlog=Memoized:s1@group-F5D0649D4159-SegmentedRaftLog:OPENED:c2:last(t:2, i:2), conf=conf: {index: 1, cur=peers:[s3|localhost:15152, s4|localhost:15156, s0|localhost:15140, s1|localhost:15144, s2|localhost:15148]|listeners:[], old=null}
2024-10-07 19:12:23,507 [main] WARN  ratis.RaftTestUtil (RaftTestUtil.java:lambda$waitForLeader$3(126)) - Attempt #49 failed: java.lang.IllegalStateException: No leader yet : printing ALL groups
  s3:  RUNNING  FOLLOWER s3@group-F5D0649D4159:t1, leader=null, voted=null, raftlog=Memoized:s3@group-F5D0649D4159-SegmentedRaftLog:OPENED:c-1:lastnull, conf=conf: {index: -1, cur=peers:[s3|localhost:15152, s4|localhost:15156, s0|localhost:15140, s1|localhost:15144, s2|localhost:15148]|listeners:[], old=null} RUNNING
  s4:   CLOSED    LEADER s4@group-F5D0649D4159:t2, leader=s4, voted=s4, raftlog=Memoized:s4@group-F5D0649D4159-SegmentedRaftLog:CLOSED:c2, conf=conf: {index: 1, cur=peers:[s3|localhost:15152, s4|localhost:15156, s0|localhost:15140, s1|localhost:15144, s2|localhost:15148]|listeners:[], old=null} CLOSED
  s0:  RUNNING CANDIDATE s0@group-F5D0649D4159:t2, leader=null, voted=s4, raftlog=Memoized:s0@group-F5D0649D4159-SegmentedRaftLog:OPENED:c2:last(t:2, i:2), conf=conf: {index: 1, cur=peers:[s3|localhost:15152, s4|localhost:15156, s0|localhost:15140, s1|localhost:15144, s2|localhost:15148]|listeners:[], old=null} RUNNING
  s1:  RUNNING CANDIDATE s1@group-F5D0649D4159:t2, leader=null, voted=s4, raftlog=Memoized:s1@group-F5D0649D4159-SegmentedRaftLog:OPENED:c2:last(t:2, i:2), conf=conf: {index: 1, cur=peers:[s3|localhost:15152, s4|localhost:15156, s0|localhost:15140, s1|localhost:15144, s2|localhost:15148]|listeners:[], old=null} RUNNING
  s2:   CLOSED    LEADER s2@group-F5D0649D4159:t1, leader=s2, voted=s2, raftlog=Memoized:s2@group-F5D0649D4159-SegmentedRaftLog:CLOSED:c0, conf=conf: {index: 0, cur=peers:[s3|localhost:15152, s4|localhost:15156, s0|localhost:15140, s1|localhost:15144, s2|localhost:15148]|listeners:[], old=null} CLOSED
2024-10-07 19:12:23,687 [s1@group-F5D0649D4159-LeaderElection17] INFO  impl.LeaderElection (LeaderElection.java:logAndReturn(90)) - s1@group-F5D0649D4159-LeaderElection17: PRE_VOTE TIMEOUT received 1 response(s) and 2 exception(s):
2024-10-07 19:12:23,688 [s1@group-F5D0649D4159-LeaderElection17] INFO  impl.LeaderElection (LeaderElection.java:logAndReturn(94)) -   Response 0: s1<-s0#0:OK-t2
2024-10-07 19:12:23,688 [s1@group-F5D0649D4159-LeaderElection17] INFO  impl.LeaderElection (LogUtils.java:infoOrTrace(136)) -   Exception 1: java.util.concurrent.ExecutionException: org.apache.ratis.thirdparty.io.netty.channel.AbstractChannel$AnnotatedConnectException: finishConnect(..) failed: Connection refused: localhost/127.0.0.1:15156
2024-10-07 19:12:23,688 [s1@group-F5D0649D4159-LeaderElection17] INFO  impl.LeaderElection (LogUtils.java:infoOrTrace(136)) -   Exception 2: java.util.concurrent.ExecutionException: org.apache.ratis.thirdparty.io.netty.channel.AbstractChannel$AnnotatedConnectException: finishConnect(..) failed: Connection refused: localhost/127.0.0.1:15148
2024-10-07 19:12:23,688 [s1@group-F5D0649D4159-LeaderElection17] INFO  impl.LeaderElection (LeaderElection.java:askForVotes(339)) - s1@group-F5D0649D4159-LeaderElection17 PRE_VOTE round 95: result TIMEOUT
2024-10-07 19:12:23,688 [s1@group-F5D0649D4159-LeaderElection17] INFO  impl.LeaderElection (LeaderElection.java:askForVotes(337)) - s1@group-F5D0649D4159-LeaderElection17 PRE_VOTE round 96: submit vote requests at term 2 for conf: {index: 1, cur=peers:[s3|localhost:15152, s4|localhost:15156, s0|localhost:15140, s1|localhost:15144, s2|localhost:15148]|listeners:[], old=null}
2024-10-07 19:12:23,689 [NettyRpcService-workerGroup--thread3] INFO  server.RaftServer$Division (RaftServerImpl.java:requestVote(1443)) - s0@group-F5D0649D4159: receive requestVote(PRE_VOTE, s1, group-F5D0649D4159, 2, (t:2, i:2))
2024-10-07 19:12:23,689 [NettyRpcService-workerGroup--thread3] INFO  impl.VoteContext (VoteContext.java:log(49)) - s0@group-F5D0649D4159-CANDIDATE: accept PRE_VOTE from s1: our priority 0 <= candidate's priority 0
2024-10-07 19:12:23,689 [NettyRpcService-workerGroup--thread3] INFO  server.RaftServer$Division (RaftServerImpl.java:requestVote(1476)) - s0@group-F5D0649D4159 replies to PRE_VOTE vote request: s1<-s0#0:OK-t2. Peer's state: s0@group-F5D0649D4159:t2, leader=null, voted=s4, raftlog=Memoized:s0@group-F5D0649D4159-SegmentedRaftLog:OPENED:c2:last(t:2, i:2), conf=conf: {index: 1, cur=peers:[s3|localhost:15152, s4|localhost:15156, s0|localhost:15140, s1|localhost:15144, s2|localhost:15148]|listeners:[], old=null}
2024-10-07 19:12:23,689 [s1@group-F5D0649D4159-LeaderElection17] INFO  impl.LeaderElection (LogUtils.java:infoOrTrace(136)) - s1@group-F5D0649D4159-LeaderElection17 got exception when requesting votes: java.util.concurrent.ExecutionException: org.apache.ratis.thirdparty.io.netty.channel.AbstractChannel$AnnotatedConnectException: finishConnect(..) failed: Connection refused: localhost/127.0.0.1:15156
2024-10-07 19:12:23,689 [s1@group-F5D0649D4159-LeaderElection17] INFO  impl.LeaderElection (LogUtils.java:infoOrTrace(136)) - s1@group-F5D0649D4159-LeaderElection17 got exception when requesting votes: java.util.concurrent.ExecutionException: org.apache.ratis.thirdparty.io.netty.channel.AbstractChannel$AnnotatedConnectException: finishConnect(..) failed: Connection refused: localhost/127.0.0.1:15148
2024-10-07 19:12:23,768 [s0@group-F5D0649D4159-LeaderElection18] INFO  impl.LeaderElection (LeaderElection.java:logAndReturn(90)) - s0@group-F5D0649D4159-LeaderElection18: PRE_VOTE TIMEOUT received 1 response(s) and 2 exception(s):
2024-10-07 19:12:23,768 [s0@group-F5D0649D4159-LeaderElection18] INFO  impl.LeaderElection (LeaderElection.java:logAndReturn(94)) -   Response 0: s0<-s1#0:OK-t2
2024-10-07 19:12:23,768 [s0@group-F5D0649D4159-LeaderElection18] INFO  impl.LeaderElection (LogUtils.java:infoOrTrace(136)) -   Exception 1: java.util.concurrent.ExecutionException: org.apache.ratis.thirdparty.io.netty.channel.AbstractChannel$AnnotatedConnectException: finishConnect(..) failed: Connection refused: localhost/127.0.0.1:15156
2024-10-07 19:12:23,768 [s0@group-F5D0649D4159-LeaderElection18] INFO  impl.LeaderElection (LogUtils.java:infoOrTrace(136)) -   Exception 2: java.util.concurrent.ExecutionException: org.apache.ratis.thirdparty.io.netty.channel.AbstractChannel$AnnotatedConnectException: finishConnect(..) failed: Connection refused: localhost/127.0.0.1:15148
2024-10-07 19:12:23,768 [s0@group-F5D0649D4159-LeaderElection18] INFO  impl.LeaderElection (LeaderElection.java:askForVotes(339)) - s0@group-F5D0649D4159-LeaderElection18 PRE_VOTE round 80: result TIMEOUT
2024-10-07 19:12:23,768 [s0@group-F5D0649D4159-LeaderElection18] INFO  impl.LeaderElection (LeaderElection.java:askForVotes(337)) - s0@group-F5D0649D4159-LeaderElection18 PRE_VOTE round 81: submit vote requests at term 2 for conf: {index: 1, cur=peers:[s3|localhost:15152, s4|localhost:15156, s0|localhost:15140, s1|localhost:15144, s2|localhost:15148]|listeners:[], old=null}
2024-10-07 19:12:23,769 [NettyRpcService-workerGroup--thread3] INFO  server.RaftServer$Division (RaftServerImpl.java:requestVote(1443)) - s1@group-F5D0649D4159: receive requestVote(PRE_VOTE, s0, group-F5D0649D4159, 2, (t:2, i:2))
2024-10-07 19:12:23,769 [NettyRpcService-workerGroup--thread3] INFO  impl.VoteContext (VoteContext.java:log(49)) - s1@group-F5D0649D4159-CANDIDATE: accept PRE_VOTE from s0: our priority 0 <= candidate's priority 0
2024-10-07 19:12:23,769 [s0@group-F5D0649D4159-LeaderElection18] INFO  impl.LeaderElection (LogUtils.java:infoOrTrace(136)) - s0@group-F5D0649D4159-LeaderElection18 got exception when requesting votes: java.util.concurrent.ExecutionException: org.apache.ratis.thirdparty.io.netty.channel.AbstractChannel$AnnotatedConnectException: finishConnect(..) failed: Connection refused: localhost/127.0.0.1:15156
2024-10-07 19:12:23,769 [NettyRpcService-workerGroup--thread3] INFO  server.RaftServer$Division (RaftServerImpl.java:requestVote(1476)) - s1@group-F5D0649D4159 replies to PRE_VOTE vote request: s0<-s1#0:OK-t2. Peer's state: s1@group-F5D0649D4159:t2, leader=null, voted=s4, raftlog=Memoized:s1@group-F5D0649D4159-SegmentedRaftLog:OPENED:c2:last(t:2, i:2), conf=conf: {index: 1, cur=peers:[s3|localhost:15152, s4|localhost:15156, s0|localhost:15140, s1|localhost:15144, s2|localhost:15148]|listeners:[], old=null}
2024-10-07 19:12:23,769 [s0@group-F5D0649D4159-LeaderElection18] INFO  impl.LeaderElection (LogUtils.java:infoOrTrace(136)) - s0@group-F5D0649D4159-LeaderElection18 got exception when requesting votes: java.util.concurrent.ExecutionException: org.apache.ratis.thirdparty.io.netty.channel.AbstractChannel$AnnotatedConnectException: finishConnect(..) failed: Connection refused: localhost/127.0.0.1:15148
2024-10-07 19:12:23,928 [s0@group-F5D0649D4159-LeaderElection18] INFO  impl.LeaderElection (LeaderElection.java:logAndReturn(90)) - s0@group-F5D0649D4159-LeaderElection18: PRE_VOTE TIMEOUT received 1 response(s) and 2 exception(s):
2024-10-07 19:12:23,928 [s0@group-F5D0649D4159-LeaderElection18] INFO  impl.LeaderElection (LeaderElection.java:logAndReturn(94)) -   Response 0: s0<-s1#0:OK-t2
2024-10-07 19:12:23,928 [s0@group-F5D0649D4159-LeaderElection18] INFO  impl.LeaderElection (LogUtils.java:infoOrTrace(136)) -   Exception 1: java.util.concurrent.ExecutionException: org.apache.ratis.thirdparty.io.netty.channel.AbstractChannel$AnnotatedConnectException: finishConnect(..) failed: Connection refused: localhost/127.0.0.1:15156
2024-10-07 19:12:23,928 [s0@group-F5D0649D4159-LeaderElection18] INFO  impl.LeaderElection (LogUtils.java:infoOrTrace(136)) -   Exception 2: java.util.concurrent.ExecutionException: org.apache.ratis.thirdparty.io.netty.channel.AbstractChannel$AnnotatedConnectException: finishConnect(..) failed: Connection refused: localhost/127.0.0.1:15148
2024-10-07 19:12:23,928 [s0@group-F5D0649D4159-LeaderElection18] INFO  impl.LeaderElection (LeaderElection.java:askForVotes(339)) - s0@group-F5D0649D4159-LeaderElection18 PRE_VOTE round 81: result TIMEOUT
2024-10-07 19:12:23,928 [s0@group-F5D0649D4159-LeaderElection18] INFO  impl.LeaderElection (LeaderElection.java:askForVotes(337)) - s0@group-F5D0649D4159-LeaderElection18 PRE_VOTE round 82: submit vote requests at term 2 for conf: {index: 1, cur=peers:[s3|localhost:15152, s4|localhost:15156, s0|localhost:15140, s1|localhost:15144, s2|localhost:15148]|listeners:[], old=null}
2024-10-07 19:12:23,929 [NettyRpcService-workerGroup--thread3] INFO  server.RaftServer$Division (RaftServerImpl.java:requestVote(1443)) - s1@group-F5D0649D4159: receive requestVote(PRE_VOTE, s0, group-F5D0649D4159, 2, (t:2, i:2))
2024-10-07 19:12:23,929 [NettyRpcService-workerGroup--thread3] INFO  impl.VoteContext (VoteContext.java:log(49)) - s1@group-F5D0649D4159-CANDIDATE: accept PRE_VOTE from s0: our priority 0 <= candidate's priority 0
2024-10-07 19:12:23,929 [s0@group-F5D0649D4159-LeaderElection18] INFO  impl.LeaderElection (LogUtils.java:infoOrTrace(136)) - s0@group-F5D0649D4159-LeaderElection18 got exception when requesting votes: java.util.concurrent.ExecutionException: org.apache.ratis.thirdparty.io.netty.channel.AbstractChannel$AnnotatedConnectException: finishConnect(..) failed: Connection refused: localhost/127.0.0.1:15148
2024-10-07 19:12:23,929 [NettyRpcService-workerGroup--thread3] INFO  server.RaftServer$Division (RaftServerImpl.java:requestVote(1476)) - s1@group-F5D0649D4159 replies to PRE_VOTE vote request: s0<-s1#0:OK-t2. Peer's state: s1@group-F5D0649D4159:t2, leader=null, voted=s4, raftlog=Memoized:s1@group-F5D0649D4159-SegmentedRaftLog:OPENED:c2:last(t:2, i:2), conf=conf: {index: 1, cur=peers:[s3|localhost:15152, s4|localhost:15156, s0|localhost:15140, s1|localhost:15144, s2|localhost:15148]|listeners:[], old=null}
2024-10-07 19:12:23,929 [s0@group-F5D0649D4159-LeaderElection18] INFO  impl.LeaderElection (LogUtils.java:infoOrTrace(136)) - s0@group-F5D0649D4159-LeaderElection18 got exception when requesting votes: java.util.concurrent.ExecutionException: org.apache.ratis.thirdparty.io.netty.channel.AbstractChannel$AnnotatedConnectException: finishConnect(..) failed: Connection refused: localhost/127.0.0.1:15156
2024-10-07 19:12:23,957 [main] WARN  ratis.RaftTestUtil (RaftTestUtil.java:lambda$waitForLeader$3(126)) - Attempt #50 failed: java.lang.IllegalStateException: No leader yet : printing ALL groups
  s3:  RUNNING  FOLLOWER s3@group-F5D0649D4159:t1, leader=null, voted=null, raftlog=Memoized:s3@group-F5D0649D4159-SegmentedRaftLog:OPENED:c-1:lastnull, conf=conf: {index: -1, cur=peers:[s3|localhost:15152, s4|localhost:15156, s0|localhost:15140, s1|localhost:15144, s2|localhost:15148]|listeners:[], old=null} RUNNING
  s4:   CLOSED    LEADER s4@group-F5D0649D4159:t2, leader=s4, voted=s4, raftlog=Memoized:s4@group-F5D0649D4159-SegmentedRaftLog:CLOSED:c2, conf=conf: {index: 1, cur=peers:[s3|localhost:15152, s4|localhost:15156, s0|localhost:15140, s1|localhost:15144, s2|localhost:15148]|listeners:[], old=null} CLOSED
  s0:  RUNNING CANDIDATE s0@group-F5D0649D4159:t2, leader=null, voted=s4, raftlog=Memoized:s0@group-F5D0649D4159-SegmentedRaftLog:OPENED:c2:last(t:2, i:2), conf=conf: {index: 1, cur=peers:[s3|localhost:15152, s4|localhost:15156, s0|localhost:15140, s1|localhost:15144, s2|localhost:15148]|listeners:[], old=null} RUNNING
  s1:  RUNNING CANDIDATE s1@group-F5D0649D4159:t2, leader=null, voted=s4, raftlog=Memoized:s1@group-F5D0649D4159-SegmentedRaftLog:OPENED:c2:last(t:2, i:2), conf=conf: {index: 1, cur=peers:[s3|localhost:15152, s4|localhost:15156, s0|localhost:15140, s1|localhost:15144, s2|localhost:15148]|listeners:[], old=null} RUNNING
  s2:   CLOSED    LEADER s2@group-F5D0649D4159:t1, leader=s2, voted=s2, raftlog=Memoized:s2@group-F5D0649D4159-SegmentedRaftLog:CLOSED:c0, conf=conf: {index: 0, cur=peers:[s3|localhost:15152, s4|localhost:15156, s0|localhost:15140, s1|localhost:15144, s2|localhost:15148]|listeners:[], old=null} CLOSED
2024-10-07 19:12:23,979 [s1@group-F5D0649D4159-LeaderElection17] INFO  impl.LeaderElection (LeaderElection.java:logAndReturn(90)) - s1@group-F5D0649D4159-LeaderElection17: PRE_VOTE TIMEOUT received 1 response(s) and 2 exception(s):
2024-10-07 19:12:23,979 [s1@group-F5D0649D4159-LeaderElection17] INFO  impl.LeaderElection (LeaderElection.java:logAndReturn(94)) -   Response 0: s1<-s0#0:OK-t2
2024-10-07 19:12:23,979 [s1@group-F5D0649D4159-LeaderElection17] INFO  impl.LeaderElection (LogUtils.java:infoOrTrace(136)) -   Exception 1: java.util.concurrent.ExecutionException: org.apache.ratis.thirdparty.io.netty.channel.AbstractChannel$AnnotatedConnectException: finishConnect(..) failed: Connection refused: localhost/127.0.0.1:15156
2024-10-07 19:12:23,979 [s1@group-F5D0649D4159-LeaderElection17] INFO  impl.LeaderElection (LogUtils.java:infoOrTrace(136)) -   Exception 2: java.util.concurrent.ExecutionException: org.apache.ratis.thirdparty.io.netty.channel.AbstractChannel$AnnotatedConnectException: finishConnect(..) failed: Connection refused: localhost/127.0.0.1:15148
2024-10-07 19:12:23,979 [s1@group-F5D0649D4159-LeaderElection17] INFO  impl.LeaderElection (LeaderElection.java:askForVotes(339)) - s1@group-F5D0649D4159-LeaderElection17 PRE_VOTE round 96: result TIMEOUT
2024-10-07 19:12:23,979 [s1@group-F5D0649D4159-LeaderElection17] INFO  impl.LeaderElection (LeaderElection.java:askForVotes(337)) - s1@group-F5D0649D4159-LeaderElection17 PRE_VOTE round 97: submit vote requests at term 2 for conf: {index: 1, cur=peers:[s3|localhost:15152, s4|localhost:15156, s0|localhost:15140, s1|localhost:15144, s2|localhost:15148]|listeners:[], old=null}
2024-10-07 19:12:23,980 [NettyRpcService-workerGroup--thread3] INFO  server.RaftServer$Division (RaftServerImpl.java:requestVote(1443)) - s0@group-F5D0649D4159: receive requestVote(PRE_VOTE, s1, group-F5D0649D4159, 2, (t:2, i:2))
2024-10-07 19:12:23,980 [NettyRpcService-workerGroup--thread3] INFO  impl.VoteContext (VoteContext.java:log(49)) - s0@group-F5D0649D4159-CANDIDATE: accept PRE_VOTE from s1: our priority 0 <= candidate's priority 0
2024-10-07 19:12:23,980 [NettyRpcService-workerGroup--thread3] INFO  server.RaftServer$Division (RaftServerImpl.java:requestVote(1476)) - s0@group-F5D0649D4159 replies to PRE_VOTE vote request: s1<-s0#0:OK-t2. Peer's state: s0@group-F5D0649D4159:t2, leader=null, voted=s4, raftlog=Memoized:s0@group-F5D0649D4159-SegmentedRaftLog:OPENED:c2:last(t:2, i:2), conf=conf: {index: 1, cur=peers:[s3|localhost:15152, s4|localhost:15156, s0|localhost:15140, s1|localhost:15144, s2|localhost:15148]|listeners:[], old=null}
2024-10-07 19:12:23,980 [s1@group-F5D0649D4159-LeaderElection17] INFO  impl.LeaderElection (LogUtils.java:infoOrTrace(136)) - s1@group-F5D0649D4159-LeaderElection17 got exception when requesting votes: java.util.concurrent.ExecutionException: org.apache.ratis.thirdparty.io.netty.channel.AbstractChannel$AnnotatedConnectException: finishConnect(..) failed: Connection refused: localhost/127.0.0.1:15156
2024-10-07 19:12:23,980 [s1@group-F5D0649D4159-LeaderElection17] INFO  impl.LeaderElection (LogUtils.java:infoOrTrace(136)) - s1@group-F5D0649D4159-LeaderElection17 got exception when requesting votes: java.util.concurrent.ExecutionException: org.apache.ratis.thirdparty.io.netty.channel.AbstractChannel$AnnotatedConnectException: finishConnect(..) failed: Connection refused: localhost/127.0.0.1:15148
2024-10-07 19:12:24,175 [s1@group-F5D0649D4159-LeaderElection17] INFO  impl.LeaderElection (LeaderElection.java:logAndReturn(90)) - s1@group-F5D0649D4159-LeaderElection17: PRE_VOTE TIMEOUT received 1 response(s) and 2 exception(s):
2024-10-07 19:12:24,175 [s1@group-F5D0649D4159-LeaderElection17] INFO  impl.LeaderElection (LeaderElection.java:logAndReturn(94)) -   Response 0: s1<-s0#0:OK-t2
2024-10-07 19:12:24,175 [s1@group-F5D0649D4159-LeaderElection17] INFO  impl.LeaderElection (LogUtils.java:infoOrTrace(136)) -   Exception 1: java.util.concurrent.ExecutionException: org.apache.ratis.thirdparty.io.netty.channel.AbstractChannel$AnnotatedConnectException: finishConnect(..) failed: Connection refused: localhost/127.0.0.1:15156
2024-10-07 19:12:24,175 [s1@group-F5D0649D4159-LeaderElection17] INFO  impl.LeaderElection (LogUtils.java:infoOrTrace(136)) -   Exception 2: java.util.concurrent.ExecutionException: org.apache.ratis.thirdparty.io.netty.channel.AbstractChannel$AnnotatedConnectException: finishConnect(..) failed: Connection refused: localhost/127.0.0.1:15148
2024-10-07 19:12:24,175 [s1@group-F5D0649D4159-LeaderElection17] INFO  impl.LeaderElection (LeaderElection.java:askForVotes(339)) - s1@group-F5D0649D4159-LeaderElection17 PRE_VOTE round 97: result TIMEOUT
2024-10-07 19:12:24,175 [s1@group-F5D0649D4159-LeaderElection17] INFO  impl.LeaderElection (LeaderElection.java:askForVotes(337)) - s1@group-F5D0649D4159-LeaderElection17 PRE_VOTE round 98: submit vote requests at term 2 for conf: {index: 1, cur=peers:[s3|localhost:15152, s4|localhost:15156, s0|localhost:15140, s1|localhost:15144, s2|localhost:15148]|listeners:[], old=null}
2024-10-07 19:12:24,176 [NettyRpcService-workerGroup--thread3] INFO  server.RaftServer$Division (RaftServerImpl.java:requestVote(1443)) - s0@group-F5D0649D4159: receive requestVote(PRE_VOTE, s1, group-F5D0649D4159, 2, (t:2, i:2))
2024-10-07 19:12:24,176 [NettyRpcService-workerGroup--thread3] INFO  impl.VoteContext (VoteContext.java:log(49)) - s0@group-F5D0649D4159-CANDIDATE: accept PRE_VOTE from s1: our priority 0 <= candidate's priority 0
2024-10-07 19:12:24,176 [NettyRpcService-workerGroup--thread3] INFO  server.RaftServer$Division (RaftServerImpl.java:requestVote(1476)) - s0@group-F5D0649D4159 replies to PRE_VOTE vote request: s1<-s0#0:OK-t2. Peer's state: s0@group-F5D0649D4159:t2, leader=null, voted=s4, raftlog=Memoized:s0@group-F5D0649D4159-SegmentedRaftLog:OPENED:c2:last(t:2, i:2), conf=conf: {index: 1, cur=peers:[s3|localhost:15152, s4|localhost:15156, s0|localhost:15140, s1|localhost:15144, s2|localhost:15148]|listeners:[], old=null}
2024-10-07 19:12:24,176 [s1@group-F5D0649D4159-LeaderElection17] INFO  impl.LeaderElection (LogUtils.java:infoOrTrace(136)) - s1@group-F5D0649D4159-LeaderElection17 got exception when requesting votes: java.util.concurrent.ExecutionException: org.apache.ratis.thirdparty.io.netty.channel.AbstractChannel$AnnotatedConnectException: finishConnect(..) failed: Connection refused: localhost/127.0.0.1:15156
2024-10-07 19:12:24,177 [s1@group-F5D0649D4159-LeaderElection17] INFO  impl.LeaderElection (LogUtils.java:infoOrTrace(136)) - s1@group-F5D0649D4159-LeaderElection17 got exception when requesting votes: java.util.concurrent.ExecutionException: org.apache.ratis.thirdparty.io.netty.channel.AbstractChannel$AnnotatedConnectException: finishConnect(..) failed: Connection refused: localhost/127.0.0.1:15148
2024-10-07 19:12:24,227 [s0@group-F5D0649D4159-LeaderElection18] INFO  impl.LeaderElection (LeaderElection.java:logAndReturn(90)) - s0@group-F5D0649D4159-LeaderElection18: PRE_VOTE TIMEOUT received 1 response(s) and 2 exception(s):
2024-10-07 19:12:24,227 [s0@group-F5D0649D4159-LeaderElection18] INFO  impl.LeaderElection (LeaderElection.java:logAndReturn(94)) -   Response 0: s0<-s1#0:OK-t2
2024-10-07 19:12:24,227 [s0@group-F5D0649D4159-LeaderElection18] INFO  impl.LeaderElection (LogUtils.java:infoOrTrace(136)) -   Exception 1: java.util.concurrent.ExecutionException: org.apache.ratis.thirdparty.io.netty.channel.AbstractChannel$AnnotatedConnectException: finishConnect(..) failed: Connection refused: localhost/127.0.0.1:15148
2024-10-07 19:12:24,227 [s0@group-F5D0649D4159-LeaderElection18] INFO  impl.LeaderElection (LogUtils.java:infoOrTrace(136)) -   Exception 2: java.util.concurrent.ExecutionException: org.apache.ratis.thirdparty.io.netty.channel.AbstractChannel$AnnotatedConnectException: finishConnect(..) failed: Connection refused: localhost/127.0.0.1:15156
2024-10-07 19:12:24,227 [s0@group-F5D0649D4159-LeaderElection18] INFO  impl.LeaderElection (LeaderElection.java:askForVotes(339)) - s0@group-F5D0649D4159-LeaderElection18 PRE_VOTE round 82: result TIMEOUT
2024-10-07 19:12:24,227 [s0@group-F5D0649D4159-LeaderElection18] INFO  impl.LeaderElection (LeaderElection.java:askForVotes(337)) - s0@group-F5D0649D4159-LeaderElection18 PRE_VOTE round 83: submit vote requests at term 2 for conf: {index: 1, cur=peers:[s3|localhost:15152, s4|localhost:15156, s0|localhost:15140, s1|localhost:15144, s2|localhost:15148]|listeners:[], old=null}
2024-10-07 19:12:24,228 [NettyRpcService-workerGroup--thread3] INFO  server.RaftServer$Division (RaftServerImpl.java:requestVote(1443)) - s1@group-F5D0649D4159: receive requestVote(PRE_VOTE, s0, group-F5D0649D4159, 2, (t:2, i:2))
2024-10-07 19:12:24,228 [s0@group-F5D0649D4159-LeaderElection18] INFO  impl.LeaderElection (LogUtils.java:infoOrTrace(136)) - s0@group-F5D0649D4159-LeaderElection18 got exception when requesting votes: java.util.concurrent.ExecutionException: org.apache.ratis.thirdparty.io.netty.channel.AbstractChannel$AnnotatedConnectException: finishConnect(..) failed: Connection refused: localhost/127.0.0.1:15156
2024-10-07 19:12:24,228 [NettyRpcService-workerGroup--thread3] INFO  impl.VoteContext (VoteContext.java:log(49)) - s1@group-F5D0649D4159-CANDIDATE: accept PRE_VOTE from s0: our priority 0 <= candidate's priority 0
2024-10-07 19:12:24,228 [s0@group-F5D0649D4159-LeaderElection18] INFO  impl.LeaderElection (LogUtils.java:infoOrTrace(136)) - s0@group-F5D0649D4159-LeaderElection18 got exception when requesting votes: java.util.concurrent.ExecutionException: org.apache.ratis.thirdparty.io.netty.channel.AbstractChannel$AnnotatedConnectException: finishConnect(..) failed: Connection refused: localhost/127.0.0.1:15148
2024-10-07 19:12:24,228 [NettyRpcService-workerGroup--thread3] INFO  server.RaftServer$Division (RaftServerImpl.java:requestVote(1476)) - s1@group-F5D0649D4159 replies to PRE_VOTE vote request: s0<-s1#0:OK-t2. Peer's state: s1@group-F5D0649D4159:t2, leader=null, voted=s4, raftlog=Memoized:s1@group-F5D0649D4159-SegmentedRaftLog:OPENED:c2:last(t:2, i:2), conf=conf: {index: 1, cur=peers:[s3|localhost:15152, s4|localhost:15156, s0|localhost:15140, s1|localhost:15144, s2|localhost:15148]|listeners:[], old=null}
2024-10-07 19:12:24,408 [main] WARN  ratis.RaftTestUtil (RaftTestUtil.java:lambda$waitForLeader$3(126)) - Attempt #51 failed: java.lang.IllegalStateException: No leader yet : printing ALL groups
  s3:  RUNNING  FOLLOWER s3@group-F5D0649D4159:t1, leader=null, voted=null, raftlog=Memoized:s3@group-F5D0649D4159-SegmentedRaftLog:OPENED:c-1:lastnull, conf=conf: {index: -1, cur=peers:[s3|localhost:15152, s4|localhost:15156, s0|localhost:15140, s1|localhost:15144, s2|localhost:15148]|listeners:[], old=null} RUNNING
  s4:   CLOSED    LEADER s4@group-F5D0649D4159:t2, leader=s4, voted=s4, raftlog=Memoized:s4@group-F5D0649D4159-SegmentedRaftLog:CLOSED:c2, conf=conf: {index: 1, cur=peers:[s3|localhost:15152, s4|localhost:15156, s0|localhost:15140, s1|localhost:15144, s2|localhost:15148]|listeners:[], old=null} CLOSED
  s0:  RUNNING CANDIDATE s0@group-F5D0649D4159:t2, leader=null, voted=s4, raftlog=Memoized:s0@group-F5D0649D4159-SegmentedRaftLog:OPENED:c2:last(t:2, i:2), conf=conf: {index: 1, cur=peers:[s3|localhost:15152, s4|localhost:15156, s0|localhost:15140, s1|localhost:15144, s2|localhost:15148]|listeners:[], old=null} RUNNING
  s1:  RUNNING CANDIDATE s1@group-F5D0649D4159:t2, leader=null, voted=s4, raftlog=Memoized:s1@group-F5D0649D4159-SegmentedRaftLog:OPENED:c2:last(t:2, i:2), conf=conf: {index: 1, cur=peers:[s3|localhost:15152, s4|localhost:15156, s0|localhost:15140, s1|localhost:15144, s2|localhost:15148]|listeners:[], old=null} RUNNING
  s2:   CLOSED    LEADER s2@group-F5D0649D4159:t1, leader=s2, voted=s2, raftlog=Memoized:s2@group-F5D0649D4159-SegmentedRaftLog:CLOSED:c0, conf=conf: {index: 0, cur=peers:[s3|localhost:15152, s4|localhost:15156, s0|localhost:15140, s1|localhost:15144, s2|localhost:15148]|listeners:[], old=null} CLOSED
2024-10-07 19:12:24,425 [s1@group-F5D0649D4159-LeaderElection17] INFO  impl.LeaderElection (LeaderElection.java:logAndReturn(90)) - s1@group-F5D0649D4159-LeaderElection17: PRE_VOTE TIMEOUT received 1 response(s) and 2 exception(s):
2024-10-07 19:12:24,426 [s1@group-F5D0649D4159-LeaderElection17] INFO  impl.LeaderElection (LeaderElection.java:logAndReturn(94)) -   Response 0: s1<-s0#0:OK-t2
2024-10-07 19:12:24,426 [s1@group-F5D0649D4159-LeaderElection17] INFO  impl.LeaderElection (LogUtils.java:infoOrTrace(136)) -   Exception 1: java.util.concurrent.ExecutionException: org.apache.ratis.thirdparty.io.netty.channel.AbstractChannel$AnnotatedConnectException: finishConnect(..) failed: Connection refused: localhost/127.0.0.1:15156
2024-10-07 19:12:24,426 [s1@group-F5D0649D4159-LeaderElection17] INFO  impl.LeaderElection (LogUtils.java:infoOrTrace(136)) -   Exception 2: java.util.concurrent.ExecutionException: org.apache.ratis.thirdparty.io.netty.channel.AbstractChannel$AnnotatedConnectException: finishConnect(..) failed: Connection refused: localhost/127.0.0.1:15148
2024-10-07 19:12:24,426 [s1@group-F5D0649D4159-LeaderElection17] INFO  impl.LeaderElection (LeaderElection.java:askForVotes(339)) - s1@group-F5D0649D4159-LeaderElection17 PRE_VOTE round 98: result TIMEOUT
2024-10-07 19:12:24,426 [s1@group-F5D0649D4159-LeaderElection17] INFO  impl.LeaderElection (LeaderElection.java:askForVotes(337)) - s1@group-F5D0649D4159-LeaderElection17 PRE_VOTE round 99: submit vote requests at term 2 for conf: {index: 1, cur=peers:[s3|localhost:15152, s4|localhost:15156, s0|localhost:15140, s1|localhost:15144, s2|localhost:15148]|listeners:[], old=null}
2024-10-07 19:12:24,427 [NettyRpcService-workerGroup--thread3] INFO  server.RaftServer$Division (RaftServerImpl.java:requestVote(1443)) - s0@group-F5D0649D4159: receive requestVote(PRE_VOTE, s1, group-F5D0649D4159, 2, (t:2, i:2))
2024-10-07 19:12:24,427 [NettyRpcService-workerGroup--thread3] INFO  impl.VoteContext (VoteContext.java:log(49)) - s0@group-F5D0649D4159-CANDIDATE: accept PRE_VOTE from s1: our priority 0 <= candidate's priority 0
2024-10-07 19:12:24,427 [s1@group-F5D0649D4159-LeaderElection17] INFO  impl.LeaderElection (LogUtils.java:infoOrTrace(136)) - s1@group-F5D0649D4159-LeaderElection17 got exception when requesting votes: java.util.concurrent.ExecutionException: org.apache.ratis.thirdparty.io.netty.channel.AbstractChannel$AnnotatedConnectException: finishConnect(..) failed: Connection refused: localhost/127.0.0.1:15148
2024-10-07 19:12:24,427 [NettyRpcService-workerGroup--thread3] INFO  server.RaftServer$Division (RaftServerImpl.java:requestVote(1476)) - s0@group-F5D0649D4159 replies to PRE_VOTE vote request: s1<-s0#0:OK-t2. Peer's state: s0@group-F5D0649D4159:t2, leader=null, voted=s4, raftlog=Memoized:s0@group-F5D0649D4159-SegmentedRaftLog:OPENED:c2:last(t:2, i:2), conf=conf: {index: 1, cur=peers:[s3|localhost:15152, s4|localhost:15156, s0|localhost:15140, s1|localhost:15144, s2|localhost:15148]|listeners:[], old=null}
2024-10-07 19:12:24,427 [s1@group-F5D0649D4159-LeaderElection17] INFO  impl.LeaderElection (LogUtils.java:infoOrTrace(136)) - s1@group-F5D0649D4159-LeaderElection17 got exception when requesting votes: java.util.concurrent.ExecutionException: org.apache.ratis.thirdparty.io.netty.channel.AbstractChannel$AnnotatedConnectException: finishConnect(..) failed: Connection refused: localhost/127.0.0.1:15156
2024-10-07 19:12:24,440 [s0@group-F5D0649D4159-LeaderElection18] INFO  impl.LeaderElection (LeaderElection.java:logAndReturn(90)) - s0@group-F5D0649D4159-LeaderElection18: PRE_VOTE TIMEOUT received 1 response(s) and 2 exception(s):
2024-10-07 19:12:24,440 [s0@group-F5D0649D4159-LeaderElection18] INFO  impl.LeaderElection (LeaderElection.java:logAndReturn(94)) -   Response 0: s0<-s1#0:OK-t2
2024-10-07 19:12:24,440 [s0@group-F5D0649D4159-LeaderElection18] INFO  impl.LeaderElection (LogUtils.java:infoOrTrace(136)) -   Exception 1: java.util.concurrent.ExecutionException: org.apache.ratis.thirdparty.io.netty.channel.AbstractChannel$AnnotatedConnectException: finishConnect(..) failed: Connection refused: localhost/127.0.0.1:15156
2024-10-07 19:12:24,440 [s0@group-F5D0649D4159-LeaderElection18] INFO  impl.LeaderElection (LogUtils.java:infoOrTrace(136)) -   Exception 2: java.util.concurrent.ExecutionException: org.apache.ratis.thirdparty.io.netty.channel.AbstractChannel$AnnotatedConnectException: finishConnect(..) failed: Connection refused: localhost/127.0.0.1:15148
2024-10-07 19:12:24,440 [s0@group-F5D0649D4159-LeaderElection18] INFO  impl.LeaderElection (LeaderElection.java:askForVotes(339)) - s0@group-F5D0649D4159-LeaderElection18 PRE_VOTE round 83: result TIMEOUT
2024-10-07 19:12:24,440 [s0@group-F5D0649D4159-LeaderElection18] INFO  impl.LeaderElection (LeaderElection.java:askForVotes(337)) - s0@group-F5D0649D4159-LeaderElection18 PRE_VOTE round 84: submit vote requests at term 2 for conf: {index: 1, cur=peers:[s3|localhost:15152, s4|localhost:15156, s0|localhost:15140, s1|localhost:15144, s2|localhost:15148]|listeners:[], old=null}
2024-10-07 19:12:24,441 [NettyRpcService-workerGroup--thread3] INFO  server.RaftServer$Division (RaftServerImpl.java:requestVote(1443)) - s1@group-F5D0649D4159: receive requestVote(PRE_VOTE, s0, group-F5D0649D4159, 2, (t:2, i:2))
2024-10-07 19:12:24,441 [NettyRpcService-workerGroup--thread3] INFO  impl.VoteContext (VoteContext.java:log(49)) - s1@group-F5D0649D4159-CANDIDATE: accept PRE_VOTE from s0: our priority 0 <= candidate's priority 0
2024-10-07 19:12:24,442 [s0@group-F5D0649D4159-LeaderElection18] INFO  impl.LeaderElection (LogUtils.java:infoOrTrace(136)) - s0@group-F5D0649D4159-LeaderElection18 got exception when requesting votes: java.util.concurrent.ExecutionException: org.apache.ratis.thirdparty.io.netty.channel.AbstractChannel$AnnotatedConnectException: finishConnect(..) failed: Connection refused: localhost/127.0.0.1:15148
2024-10-07 19:12:24,442 [NettyRpcService-workerGroup--thread3] INFO  server.RaftServer$Division (RaftServerImpl.java:requestVote(1476)) - s1@group-F5D0649D4159 replies to PRE_VOTE vote request: s0<-s1#0:OK-t2. Peer's state: s1@group-F5D0649D4159:t2, leader=null, voted=s4, raftlog=Memoized:s1@group-F5D0649D4159-SegmentedRaftLog:OPENED:c2:last(t:2, i:2), conf=conf: {index: 1, cur=peers:[s3|localhost:15152, s4|localhost:15156, s0|localhost:15140, s1|localhost:15144, s2|localhost:15148]|listeners:[], old=null}
2024-10-07 19:12:24,442 [s0@group-F5D0649D4159-LeaderElection18] INFO  impl.LeaderElection (LogUtils.java:infoOrTrace(136)) - s0@group-F5D0649D4159-LeaderElection18 got exception when requesting votes: java.util.concurrent.ExecutionException: org.apache.ratis.thirdparty.io.netty.channel.AbstractChannel$AnnotatedConnectException: finishConnect(..) failed: Connection refused: localhost/127.0.0.1:15156
2024-10-07 19:12:24,687 [s0@group-F5D0649D4159-LeaderElection18] INFO  impl.LeaderElection (LeaderElection.java:logAndReturn(90)) - s0@group-F5D0649D4159-LeaderElection18: PRE_VOTE TIMEOUT received 1 response(s) and 2 exception(s):
2024-10-07 19:12:24,687 [s0@group-F5D0649D4159-LeaderElection18] INFO  impl.LeaderElection (LeaderElection.java:logAndReturn(94)) -   Response 0: s0<-s1#0:OK-t2
2024-10-07 19:12:24,687 [s0@group-F5D0649D4159-LeaderElection18] INFO  impl.LeaderElection (LogUtils.java:infoOrTrace(136)) -   Exception 1: java.util.concurrent.ExecutionException: org.apache.ratis.thirdparty.io.netty.channel.AbstractChannel$AnnotatedConnectException: finishConnect(..) failed: Connection refused: localhost/127.0.0.1:15148
2024-10-07 19:12:24,687 [s0@group-F5D0649D4159-LeaderElection18] INFO  impl.LeaderElection (LogUtils.java:infoOrTrace(136)) -   Exception 2: java.util.concurrent.ExecutionException: org.apache.ratis.thirdparty.io.netty.channel.AbstractChannel$AnnotatedConnectException: finishConnect(..) failed: Connection refused: localhost/127.0.0.1:15156
2024-10-07 19:12:24,687 [s0@group-F5D0649D4159-LeaderElection18] INFO  impl.LeaderElection (LeaderElection.java:askForVotes(339)) - s0@group-F5D0649D4159-LeaderElection18 PRE_VOTE round 84: result TIMEOUT
2024-10-07 19:12:24,687 [s0@group-F5D0649D4159-LeaderElection18] INFO  impl.LeaderElection (LeaderElection.java:askForVotes(337)) - s0@group-F5D0649D4159-LeaderElection18 PRE_VOTE round 85: submit vote requests at term 2 for conf: {index: 1, cur=peers:[s3|localhost:15152, s4|localhost:15156, s0|localhost:15140, s1|localhost:15144, s2|localhost:15148]|listeners:[], old=null}
2024-10-07 19:12:24,689 [NettyRpcService-workerGroup--thread3] INFO  server.RaftServer$Division (RaftServerImpl.java:requestVote(1443)) - s1@group-F5D0649D4159: receive requestVote(PRE_VOTE, s0, group-F5D0649D4159, 2, (t:2, i:2))
2024-10-07 19:12:24,689 [s0@group-F5D0649D4159-LeaderElection18] INFO  impl.LeaderElection (LogUtils.java:infoOrTrace(136)) - s0@group-F5D0649D4159-LeaderElection18 got exception when requesting votes: java.util.concurrent.ExecutionException: org.apache.ratis.thirdparty.io.netty.channel.AbstractChannel$AnnotatedConnectException: finishConnect(..) failed: Connection refused: localhost/127.0.0.1:15156
2024-10-07 19:12:24,689 [NettyRpcService-workerGroup--thread3] INFO  impl.VoteContext (VoteContext.java:log(49)) - s1@group-F5D0649D4159-CANDIDATE: accept PRE_VOTE from s0: our priority 0 <= candidate's priority 0
2024-10-07 19:12:24,689 [s0@group-F5D0649D4159-LeaderElection18] INFO  impl.LeaderElection (LogUtils.java:infoOrTrace(136)) - s0@group-F5D0649D4159-LeaderElection18 got exception when requesting votes: java.util.concurrent.ExecutionException: org.apache.ratis.thirdparty.io.netty.channel.AbstractChannel$AnnotatedConnectException: finishConnect(..) failed: Connection refused: localhost/127.0.0.1:15148
2024-10-07 19:12:24,689 [NettyRpcService-workerGroup--thread3] INFO  server.RaftServer$Division (RaftServerImpl.java:requestVote(1476)) - s1@group-F5D0649D4159 replies to PRE_VOTE vote request: s0<-s1#0:OK-t2. Peer's state: s1@group-F5D0649D4159:t2, leader=null, voted=s4, raftlog=Memoized:s1@group-F5D0649D4159-SegmentedRaftLog:OPENED:c2:last(t:2, i:2), conf=conf: {index: 1, cur=peers:[s3|localhost:15152, s4|localhost:15156, s0|localhost:15140, s1|localhost:15144, s2|localhost:15148]|listeners:[], old=null}
2024-10-07 19:12:24,720 [s1@group-F5D0649D4159-LeaderElection17] INFO  impl.LeaderElection (LeaderElection.java:logAndReturn(90)) - s1@group-F5D0649D4159-LeaderElection17: PRE_VOTE TIMEOUT received 1 response(s) and 2 exception(s):
2024-10-07 19:12:24,720 [s1@group-F5D0649D4159-LeaderElection17] INFO  impl.LeaderElection (LeaderElection.java:logAndReturn(94)) -   Response 0: s1<-s0#0:OK-t2
2024-10-07 19:12:24,720 [s1@group-F5D0649D4159-LeaderElection17] INFO  impl.LeaderElection (LogUtils.java:infoOrTrace(136)) -   Exception 1: java.util.concurrent.ExecutionException: org.apache.ratis.thirdparty.io.netty.channel.AbstractChannel$AnnotatedConnectException: finishConnect(..) failed: Connection refused: localhost/127.0.0.1:15148
2024-10-07 19:12:24,720 [s1@group-F5D0649D4159-LeaderElection17] INFO  impl.LeaderElection (LogUtils.java:infoOrTrace(136)) -   Exception 2: java.util.concurrent.ExecutionException: org.apache.ratis.thirdparty.io.netty.channel.AbstractChannel$AnnotatedConnectException: finishConnect(..) failed: Connection refused: localhost/127.0.0.1:15156
2024-10-07 19:12:24,720 [s1@group-F5D0649D4159-LeaderElection17] INFO  impl.LeaderElection (LeaderElection.java:askForVotes(339)) - s1@group-F5D0649D4159-LeaderElection17 PRE_VOTE round 99: result TIMEOUT
2024-10-07 19:12:24,720 [s1@group-F5D0649D4159-LeaderElection17] INFO  impl.LeaderElection (LeaderElection.java:askForVotes(337)) - s1@group-F5D0649D4159-LeaderElection17 PRE_VOTE round 100: submit vote requests at term 2 for conf: {index: 1, cur=peers:[s3|localhost:15152, s4|localhost:15156, s0|localhost:15140, s1|localhost:15144, s2|localhost:15148]|listeners:[], old=null}
2024-10-07 19:12:24,721 [NettyRpcService-workerGroup--thread3] INFO  server.RaftServer$Division (RaftServerImpl.java:requestVote(1443)) - s0@group-F5D0649D4159: receive requestVote(PRE_VOTE, s1, group-F5D0649D4159, 2, (t:2, i:2))
2024-10-07 19:12:24,721 [NettyRpcService-workerGroup--thread3] INFO  impl.VoteContext (VoteContext.java:log(49)) - s0@group-F5D0649D4159-CANDIDATE: accept PRE_VOTE from s1: our priority 0 <= candidate's priority 0
2024-10-07 19:12:24,721 [s1@group-F5D0649D4159-LeaderElection17] INFO  impl.LeaderElection (LogUtils.java:infoOrTrace(136)) - s1@group-F5D0649D4159-LeaderElection17 got exception when requesting votes: java.util.concurrent.ExecutionException: org.apache.ratis.thirdparty.io.netty.channel.AbstractChannel$AnnotatedConnectException: finishConnect(..) failed: Connection refused: localhost/127.0.0.1:15156
2024-10-07 19:12:24,721 [s1@group-F5D0649D4159-LeaderElection17] INFO  impl.LeaderElection (LogUtils.java:infoOrTrace(136)) - s1@group-F5D0649D4159-LeaderElection17 got exception when requesting votes: java.util.concurrent.ExecutionException: org.apache.ratis.thirdparty.io.netty.channel.AbstractChannel$AnnotatedConnectException: finishConnect(..) failed: Connection refused: localhost/127.0.0.1:15148
2024-10-07 19:12:24,721 [NettyRpcService-workerGroup--thread3] INFO  server.RaftServer$Division (RaftServerImpl.java:requestVote(1476)) - s0@group-F5D0649D4159 replies to PRE_VOTE vote request: s1<-s0#0:OK-t2. Peer's state: s0@group-F5D0649D4159:t2, leader=null, voted=s4, raftlog=Memoized:s0@group-F5D0649D4159-SegmentedRaftLog:OPENED:c2:last(t:2, i:2), conf=conf: {index: 1, cur=peers:[s3|localhost:15152, s4|localhost:15156, s0|localhost:15140, s1|localhost:15144, s2|localhost:15148]|listeners:[], old=null}
2024-10-07 19:12:24,858 [main] WARN  ratis.RaftTestUtil (RaftTestUtil.java:lambda$waitForLeader$3(126)) - Attempt #52 failed: java.lang.IllegalStateException: No leader yet : printing ALL groups
  s3:  RUNNING  FOLLOWER s3@group-F5D0649D4159:t1, leader=null, voted=null, raftlog=Memoized:s3@group-F5D0649D4159-SegmentedRaftLog:OPENED:c-1:lastnull, conf=conf: {index: -1, cur=peers:[s3|localhost:15152, s4|localhost:15156, s0|localhost:15140, s1|localhost:15144, s2|localhost:15148]|listeners:[], old=null} RUNNING
  s4:   CLOSED    LEADER s4@group-F5D0649D4159:t2, leader=s4, voted=s4, raftlog=Memoized:s4@group-F5D0649D4159-SegmentedRaftLog:CLOSED:c2, conf=conf: {index: 1, cur=peers:[s3|localhost:15152, s4|localhost:15156, s0|localhost:15140, s1|localhost:15144, s2|localhost:15148]|listeners:[], old=null} CLOSED
  s0:  RUNNING CANDIDATE s0@group-F5D0649D4159:t2, leader=null, voted=s4, raftlog=Memoized:s0@group-F5D0649D4159-SegmentedRaftLog:OPENED:c2:last(t:2, i:2), conf=conf: {index: 1, cur=peers:[s3|localhost:15152, s4|localhost:15156, s0|localhost:15140, s1|localhost:15144, s2|localhost:15148]|listeners:[], old=null} RUNNING
  s1:  RUNNING CANDIDATE s1@group-F5D0649D4159:t2, leader=null, voted=s4, raftlog=Memoized:s1@group-F5D0649D4159-SegmentedRaftLog:OPENED:c2:last(t:2, i:2), conf=conf: {index: 1, cur=peers:[s3|localhost:15152, s4|localhost:15156, s0|localhost:15140, s1|localhost:15144, s2|localhost:15148]|listeners:[], old=null} RUNNING
  s2:   CLOSED    LEADER s2@group-F5D0649D4159:t1, leader=s2, voted=s2, raftlog=Memoized:s2@group-F5D0649D4159-SegmentedRaftLog:CLOSED:c0, conf=conf: {index: 0, cur=peers:[s3|localhost:15152, s4|localhost:15156, s0|localhost:15140, s1|localhost:15144, s2|localhost:15148]|listeners:[], old=null} CLOSED
2024-10-07 19:12:24,881 [s0@group-F5D0649D4159-LeaderElection18] INFO  impl.LeaderElection (LeaderElection.java:logAndReturn(90)) - s0@group-F5D0649D4159-LeaderElection18: PRE_VOTE TIMEOUT received 1 response(s) and 2 exception(s):
2024-10-07 19:12:24,881 [s0@group-F5D0649D4159-LeaderElection18] INFO  impl.LeaderElection (LeaderElection.java:logAndReturn(94)) -   Response 0: s0<-s1#0:OK-t2
2024-10-07 19:12:24,881 [s0@group-F5D0649D4159-LeaderElection18] INFO  impl.LeaderElection (LogUtils.java:infoOrTrace(136)) -   Exception 1: java.util.concurrent.ExecutionException: org.apache.ratis.thirdparty.io.netty.channel.AbstractChannel$AnnotatedConnectException: finishConnect(..) failed: Connection refused: localhost/127.0.0.1:15156
2024-10-07 19:12:24,881 [s0@group-F5D0649D4159-LeaderElection18] INFO  impl.LeaderElection (LogUtils.java:infoOrTrace(136)) -   Exception 2: java.util.concurrent.ExecutionException: org.apache.ratis.thirdparty.io.netty.channel.AbstractChannel$AnnotatedConnectException: finishConnect(..) failed: Connection refused: localhost/127.0.0.1:15148
2024-10-07 19:12:24,882 [s0@group-F5D0649D4159-LeaderElection18] INFO  impl.LeaderElection (LeaderElection.java:askForVotes(339)) - s0@group-F5D0649D4159-LeaderElection18 PRE_VOTE round 85: result TIMEOUT
2024-10-07 19:12:24,882 [s0@group-F5D0649D4159-LeaderElection18] INFO  impl.LeaderElection (LeaderElection.java:askForVotes(337)) - s0@group-F5D0649D4159-LeaderElection18 PRE_VOTE round 86: submit vote requests at term 2 for conf: {index: 1, cur=peers:[s3|localhost:15152, s4|localhost:15156, s0|localhost:15140, s1|localhost:15144, s2|localhost:15148]|listeners:[], old=null}
2024-10-07 19:12:24,882 [NettyRpcService-workerGroup--thread3] INFO  server.RaftServer$Division (RaftServerImpl.java:requestVote(1443)) - s1@group-F5D0649D4159: receive requestVote(PRE_VOTE, s0, group-F5D0649D4159, 2, (t:2, i:2))
2024-10-07 19:12:24,883 [NettyRpcService-workerGroup--thread3] INFO  impl.VoteContext (VoteContext.java:log(49)) - s1@group-F5D0649D4159-CANDIDATE: accept PRE_VOTE from s0: our priority 0 <= candidate's priority 0
2024-10-07 19:12:24,883 [s0@group-F5D0649D4159-LeaderElection18] INFO  impl.LeaderElection (LogUtils.java:infoOrTrace(136)) - s0@group-F5D0649D4159-LeaderElection18 got exception when requesting votes: java.util.concurrent.ExecutionException: org.apache.ratis.thirdparty.io.netty.channel.AbstractChannel$AnnotatedConnectException: finishConnect(..) failed: Connection refused: localhost/127.0.0.1:15148
2024-10-07 19:12:24,883 [NettyRpcService-workerGroup--thread3] INFO  server.RaftServer$Division (RaftServerImpl.java:requestVote(1476)) - s1@group-F5D0649D4159 replies to PRE_VOTE vote request: s0<-s1#0:OK-t2. Peer's state: s1@group-F5D0649D4159:t2, leader=null, voted=s4, raftlog=Memoized:s1@group-F5D0649D4159-SegmentedRaftLog:OPENED:c2:last(t:2, i:2), conf=conf: {index: 1, cur=peers:[s3|localhost:15152, s4|localhost:15156, s0|localhost:15140, s1|localhost:15144, s2|localhost:15148]|listeners:[], old=null}
2024-10-07 19:12:24,883 [s0@group-F5D0649D4159-LeaderElection18] INFO  impl.LeaderElection (LogUtils.java:infoOrTrace(136)) - s0@group-F5D0649D4159-LeaderElection18 got exception when requesting votes: java.util.concurrent.ExecutionException: org.apache.ratis.thirdparty.io.netty.channel.AbstractChannel$AnnotatedConnectException: finishConnect(..) failed: Connection refused: localhost/127.0.0.1:15156
2024-10-07 19:12:24,935 [s1@group-F5D0649D4159-LeaderElection17] INFO  impl.LeaderElection (LeaderElection.java:logAndReturn(90)) - s1@group-F5D0649D4159-LeaderElection17: PRE_VOTE TIMEOUT received 1 response(s) and 2 exception(s):
2024-10-07 19:12:24,935 [s1@group-F5D0649D4159-LeaderElection17] INFO  impl.LeaderElection (LeaderElection.java:logAndReturn(94)) -   Response 0: s1<-s0#0:OK-t2
2024-10-07 19:12:24,935 [s1@group-F5D0649D4159-LeaderElection17] INFO  impl.LeaderElection (LogUtils.java:infoOrTrace(136)) -   Exception 1: java.util.concurrent.ExecutionException: org.apache.ratis.thirdparty.io.netty.channel.AbstractChannel$AnnotatedConnectException: finishConnect(..) failed: Connection refused: localhost/127.0.0.1:15156
2024-10-07 19:12:24,935 [s1@group-F5D0649D4159-LeaderElection17] INFO  impl.LeaderElection (LogUtils.java:infoOrTrace(136)) -   Exception 2: java.util.concurrent.ExecutionException: org.apache.ratis.thirdparty.io.netty.channel.AbstractChannel$AnnotatedConnectException: finishConnect(..) failed: Connection refused: localhost/127.0.0.1:15148
2024-10-07 19:12:24,935 [s1@group-F5D0649D4159-LeaderElection17] INFO  impl.LeaderElection (LeaderElection.java:askForVotes(339)) - s1@group-F5D0649D4159-LeaderElection17 PRE_VOTE round 100: result TIMEOUT
2024-10-07 19:12:24,935 [s1@group-F5D0649D4159-LeaderElection17] INFO  impl.LeaderElection (LeaderElection.java:askForVotes(337)) - s1@group-F5D0649D4159-LeaderElection17 PRE_VOTE round 101: submit vote requests at term 2 for conf: {index: 1, cur=peers:[s3|localhost:15152, s4|localhost:15156, s0|localhost:15140, s1|localhost:15144, s2|localhost:15148]|listeners:[], old=null}
2024-10-07 19:12:24,936 [NettyRpcService-workerGroup--thread3] INFO  server.RaftServer$Division (RaftServerImpl.java:requestVote(1443)) - s0@group-F5D0649D4159: receive requestVote(PRE_VOTE, s1, group-F5D0649D4159, 2, (t:2, i:2))
2024-10-07 19:12:24,936 [NettyRpcService-workerGroup--thread3] INFO  impl.VoteContext (VoteContext.java:log(49)) - s0@group-F5D0649D4159-CANDIDATE: accept PRE_VOTE from s1: our priority 0 <= candidate's priority 0
2024-10-07 19:12:24,936 [s1@group-F5D0649D4159-LeaderElection17] INFO  impl.LeaderElection (LogUtils.java:infoOrTrace(136)) - s1@group-F5D0649D4159-LeaderElection17 got exception when requesting votes: java.util.concurrent.ExecutionException: org.apache.ratis.thirdparty.io.netty.channel.AbstractChannel$AnnotatedConnectException: finishConnect(..) failed: Connection refused: localhost/127.0.0.1:15156
2024-10-07 19:12:24,936 [NettyRpcService-workerGroup--thread3] INFO  server.RaftServer$Division (RaftServerImpl.java:requestVote(1476)) - s0@group-F5D0649D4159 replies to PRE_VOTE vote request: s1<-s0#0:OK-t2. Peer's state: s0@group-F5D0649D4159:t2, leader=null, voted=s4, raftlog=Memoized:s0@group-F5D0649D4159-SegmentedRaftLog:OPENED:c2:last(t:2, i:2), conf=conf: {index: 1, cur=peers:[s3|localhost:15152, s4|localhost:15156, s0|localhost:15140, s1|localhost:15144, s2|localhost:15148]|listeners:[], old=null}
2024-10-07 19:12:24,936 [s1@group-F5D0649D4159-LeaderElection17] INFO  impl.LeaderElection (LogUtils.java:infoOrTrace(136)) - s1@group-F5D0649D4159-LeaderElection17 got exception when requesting votes: java.util.concurrent.ExecutionException: org.apache.ratis.thirdparty.io.netty.channel.AbstractChannel$AnnotatedConnectException: finishConnect(..) failed: Connection refused: localhost/127.0.0.1:15148
2024-10-07 19:12:25,091 [s1@group-F5D0649D4159-LeaderElection17] INFO  impl.LeaderElection (LeaderElection.java:logAndReturn(90)) - s1@group-F5D0649D4159-LeaderElection17: PRE_VOTE TIMEOUT received 1 response(s) and 2 exception(s):
2024-10-07 19:12:25,091 [s1@group-F5D0649D4159-LeaderElection17] INFO  impl.LeaderElection (LeaderElection.java:logAndReturn(94)) -   Response 0: s1<-s0#0:OK-t2
2024-10-07 19:12:25,091 [s1@group-F5D0649D4159-LeaderElection17] INFO  impl.LeaderElection (LogUtils.java:infoOrTrace(136)) -   Exception 1: java.util.concurrent.ExecutionException: org.apache.ratis.thirdparty.io.netty.channel.AbstractChannel$AnnotatedConnectException: finishConnect(..) failed: Connection refused: localhost/127.0.0.1:15156
2024-10-07 19:12:25,091 [s1@group-F5D0649D4159-LeaderElection17] INFO  impl.LeaderElection (LogUtils.java:infoOrTrace(136)) -   Exception 2: java.util.concurrent.ExecutionException: org.apache.ratis.thirdparty.io.netty.channel.AbstractChannel$AnnotatedConnectException: finishConnect(..) failed: Connection refused: localhost/127.0.0.1:15148
2024-10-07 19:12:25,091 [s1@group-F5D0649D4159-LeaderElection17] INFO  impl.LeaderElection (LeaderElection.java:askForVotes(339)) - s1@group-F5D0649D4159-LeaderElection17 PRE_VOTE round 101: result TIMEOUT
2024-10-07 19:12:25,091 [s1@group-F5D0649D4159-LeaderElection17] INFO  impl.LeaderElection (LeaderElection.java:askForVotes(337)) - s1@group-F5D0649D4159-LeaderElection17 PRE_VOTE round 102: submit vote requests at term 2 for conf: {index: 1, cur=peers:[s3|localhost:15152, s4|localhost:15156, s0|localhost:15140, s1|localhost:15144, s2|localhost:15148]|listeners:[], old=null}
2024-10-07 19:12:25,092 [NettyRpcService-workerGroup--thread3] INFO  server.RaftServer$Division (RaftServerImpl.java:requestVote(1443)) - s0@group-F5D0649D4159: receive requestVote(PRE_VOTE, s1, group-F5D0649D4159, 2, (t:2, i:2))
2024-10-07 19:12:25,092 [NettyRpcService-workerGroup--thread3] INFO  impl.VoteContext (VoteContext.java:log(49)) - s0@group-F5D0649D4159-CANDIDATE: accept PRE_VOTE from s1: our priority 0 <= candidate's priority 0
2024-10-07 19:12:25,092 [NettyRpcService-workerGroup--thread3] INFO  server.RaftServer$Division (RaftServerImpl.java:requestVote(1476)) - s0@group-F5D0649D4159 replies to PRE_VOTE vote request: s1<-s0#0:OK-t2. Peer's state: s0@group-F5D0649D4159:t2, leader=null, voted=s4, raftlog=Memoized:s0@group-F5D0649D4159-SegmentedRaftLog:OPENED:c2:last(t:2, i:2), conf=conf: {index: 1, cur=peers:[s3|localhost:15152, s4|localhost:15156, s0|localhost:15140, s1|localhost:15144, s2|localhost:15148]|listeners:[], old=null}
2024-10-07 19:12:25,092 [s1@group-F5D0649D4159-LeaderElection17] INFO  impl.LeaderElection (LogUtils.java:infoOrTrace(136)) - s1@group-F5D0649D4159-LeaderElection17 got exception when requesting votes: java.util.concurrent.ExecutionException: org.apache.ratis.thirdparty.io.netty.channel.AbstractChannel$AnnotatedConnectException: finishConnect(..) failed: Connection refused: localhost/127.0.0.1:15156
2024-10-07 19:12:25,092 [s1@group-F5D0649D4159-LeaderElection17] INFO  impl.LeaderElection (LogUtils.java:infoOrTrace(136)) - s1@group-F5D0649D4159-LeaderElection17 got exception when requesting votes: java.util.concurrent.ExecutionException: org.apache.ratis.thirdparty.io.netty.channel.AbstractChannel$AnnotatedConnectException: finishConnect(..) failed: Connection refused: localhost/127.0.0.1:15148
2024-10-07 19:12:25,100 [s0@group-F5D0649D4159-LeaderElection18] INFO  impl.LeaderElection (LeaderElection.java:logAndReturn(90)) - s0@group-F5D0649D4159-LeaderElection18: PRE_VOTE TIMEOUT received 1 response(s) and 2 exception(s):
2024-10-07 19:12:25,100 [s0@group-F5D0649D4159-LeaderElection18] INFO  impl.LeaderElection (LeaderElection.java:logAndReturn(94)) -   Response 0: s0<-s1#0:OK-t2
2024-10-07 19:12:25,100 [s0@group-F5D0649D4159-LeaderElection18] INFO  impl.LeaderElection (LogUtils.java:infoOrTrace(136)) -   Exception 1: java.util.concurrent.ExecutionException: org.apache.ratis.thirdparty.io.netty.channel.AbstractChannel$AnnotatedConnectException: finishConnect(..) failed: Connection refused: localhost/127.0.0.1:15148
2024-10-07 19:12:25,100 [s0@group-F5D0649D4159-LeaderElection18] INFO  impl.LeaderElection (LogUtils.java:infoOrTrace(136)) -   Exception 2: java.util.concurrent.ExecutionException: org.apache.ratis.thirdparty.io.netty.channel.AbstractChannel$AnnotatedConnectException: finishConnect(..) failed: Connection refused: localhost/127.0.0.1:15156
2024-10-07 19:12:25,100 [s0@group-F5D0649D4159-LeaderElection18] INFO  impl.LeaderElection (LeaderElection.java:askForVotes(339)) - s0@group-F5D0649D4159-LeaderElection18 PRE_VOTE round 86: result TIMEOUT
2024-10-07 19:12:25,100 [s0@group-F5D0649D4159-LeaderElection18] INFO  impl.LeaderElection (LeaderElection.java:askForVotes(337)) - s0@group-F5D0649D4159-LeaderElection18 PRE_VOTE round 87: submit vote requests at term 2 for conf: {index: 1, cur=peers:[s3|localhost:15152, s4|localhost:15156, s0|localhost:15140, s1|localhost:15144, s2|localhost:15148]|listeners:[], old=null}
2024-10-07 19:12:25,101 [NettyRpcService-workerGroup--thread3] INFO  server.RaftServer$Division (RaftServerImpl.java:requestVote(1443)) - s1@group-F5D0649D4159: receive requestVote(PRE_VOTE, s0, group-F5D0649D4159, 2, (t:2, i:2))
2024-10-07 19:12:25,101 [s0@group-F5D0649D4159-LeaderElection18] INFO  impl.LeaderElection (LogUtils.java:infoOrTrace(136)) - s0@group-F5D0649D4159-LeaderElection18 got exception when requesting votes: java.util.concurrent.ExecutionException: org.apache.ratis.thirdparty.io.netty.channel.AbstractChannel$AnnotatedConnectException: finishConnect(..) failed: Connection refused: localhost/127.0.0.1:15156
2024-10-07 19:12:25,101 [NettyRpcService-workerGroup--thread3] INFO  impl.VoteContext (VoteContext.java:log(49)) - s1@group-F5D0649D4159-CANDIDATE: accept PRE_VOTE from s0: our priority 0 <= candidate's priority 0
2024-10-07 19:12:25,101 [NettyRpcService-workerGroup--thread3] INFO  server.RaftServer$Division (RaftServerImpl.java:requestVote(1476)) - s1@group-F5D0649D4159 replies to PRE_VOTE vote request: s0<-s1#0:OK-t2. Peer's state: s1@group-F5D0649D4159:t2, leader=null, voted=s4, raftlog=Memoized:s1@group-F5D0649D4159-SegmentedRaftLog:OPENED:c2:last(t:2, i:2), conf=conf: {index: 1, cur=peers:[s3|localhost:15152, s4|localhost:15156, s0|localhost:15140, s1|localhost:15144, s2|localhost:15148]|listeners:[], old=null}
2024-10-07 19:12:25,101 [s0@group-F5D0649D4159-LeaderElection18] INFO  impl.LeaderElection (LogUtils.java:infoOrTrace(136)) - s0@group-F5D0649D4159-LeaderElection18 got exception when requesting votes: java.util.concurrent.ExecutionException: org.apache.ratis.thirdparty.io.netty.channel.AbstractChannel$AnnotatedConnectException: finishConnect(..) failed: Connection refused: localhost/127.0.0.1:15148
2024-10-07 19:12:25,285 [s0@group-F5D0649D4159-LeaderElection18] INFO  impl.LeaderElection (LeaderElection.java:logAndReturn(90)) - s0@group-F5D0649D4159-LeaderElection18: PRE_VOTE TIMEOUT received 1 response(s) and 2 exception(s):
2024-10-07 19:12:25,285 [s0@group-F5D0649D4159-LeaderElection18] INFO  impl.LeaderElection (LeaderElection.java:logAndReturn(94)) -   Response 0: s0<-s1#0:OK-t2
2024-10-07 19:12:25,285 [s0@group-F5D0649D4159-LeaderElection18] INFO  impl.LeaderElection (LogUtils.java:infoOrTrace(136)) -   Exception 1: java.util.concurrent.ExecutionException: org.apache.ratis.thirdparty.io.netty.channel.AbstractChannel$AnnotatedConnectException: finishConnect(..) failed: Connection refused: localhost/127.0.0.1:15156
2024-10-07 19:12:25,285 [s0@group-F5D0649D4159-LeaderElection18] INFO  impl.LeaderElection (LogUtils.java:infoOrTrace(136)) -   Exception 2: java.util.concurrent.ExecutionException: org.apache.ratis.thirdparty.io.netty.channel.AbstractChannel$AnnotatedConnectException: finishConnect(..) failed: Connection refused: localhost/127.0.0.1:15148
2024-10-07 19:12:25,285 [s0@group-F5D0649D4159-LeaderElection18] INFO  impl.LeaderElection (LeaderElection.java:askForVotes(339)) - s0@group-F5D0649D4159-LeaderElection18 PRE_VOTE round 87: result TIMEOUT
2024-10-07 19:12:25,286 [s0@group-F5D0649D4159-LeaderElection18] INFO  impl.LeaderElection (LeaderElection.java:askForVotes(337)) - s0@group-F5D0649D4159-LeaderElection18 PRE_VOTE round 88: submit vote requests at term 2 for conf: {index: 1, cur=peers:[s3|localhost:15152, s4|localhost:15156, s0|localhost:15140, s1|localhost:15144, s2|localhost:15148]|listeners:[], old=null}
2024-10-07 19:12:25,286 [NettyRpcService-workerGroup--thread3] INFO  server.RaftServer$Division (RaftServerImpl.java:requestVote(1443)) - s1@group-F5D0649D4159: receive requestVote(PRE_VOTE, s0, group-F5D0649D4159, 2, (t:2, i:2))
2024-10-07 19:12:25,287 [s0@group-F5D0649D4159-LeaderElection18] INFO  impl.LeaderElection (LogUtils.java:infoOrTrace(136)) - s0@group-F5D0649D4159-LeaderElection18 got exception when requesting votes: java.util.concurrent.ExecutionException: org.apache.ratis.thirdparty.io.netty.channel.AbstractChannel$AnnotatedConnectException: finishConnect(..) failed: Connection refused: localhost/127.0.0.1:15156
2024-10-07 19:12:25,287 [NettyRpcService-workerGroup--thread3] INFO  impl.VoteContext (VoteContext.java:log(49)) - s1@group-F5D0649D4159-CANDIDATE: accept PRE_VOTE from s0: our priority 0 <= candidate's priority 0
2024-10-07 19:12:25,287 [s0@group-F5D0649D4159-LeaderElection18] INFO  impl.LeaderElection (LogUtils.java:infoOrTrace(136)) - s0@group-F5D0649D4159-LeaderElection18 got exception when requesting votes: java.util.concurrent.ExecutionException: org.apache.ratis.thirdparty.io.netty.channel.AbstractChannel$AnnotatedConnectException: finishConnect(..) failed: Connection refused: localhost/127.0.0.1:15148
2024-10-07 19:12:25,287 [NettyRpcService-workerGroup--thread3] INFO  server.RaftServer$Division (RaftServerImpl.java:requestVote(1476)) - s1@group-F5D0649D4159 replies to PRE_VOTE vote request: s0<-s1#0:OK-t2. Peer's state: s1@group-F5D0649D4159:t2, leader=null, voted=s4, raftlog=Memoized:s1@group-F5D0649D4159-SegmentedRaftLog:OPENED:c2:last(t:2, i:2), conf=conf: {index: 1, cur=peers:[s3|localhost:15152, s4|localhost:15156, s0|localhost:15140, s1|localhost:15144, s2|localhost:15148]|listeners:[], old=null}
2024-10-07 19:12:25,290 [s1@group-F5D0649D4159-LeaderElection17] INFO  impl.LeaderElection (LeaderElection.java:logAndReturn(90)) - s1@group-F5D0649D4159-LeaderElection17: PRE_VOTE TIMEOUT received 1 response(s) and 2 exception(s):
2024-10-07 19:12:25,290 [s1@group-F5D0649D4159-LeaderElection17] INFO  impl.LeaderElection (LeaderElection.java:logAndReturn(94)) -   Response 0: s1<-s0#0:OK-t2
2024-10-07 19:12:25,290 [s1@group-F5D0649D4159-LeaderElection17] INFO  impl.LeaderElection (LogUtils.java:infoOrTrace(136)) -   Exception 1: java.util.concurrent.ExecutionException: org.apache.ratis.thirdparty.io.netty.channel.AbstractChannel$AnnotatedConnectException: finishConnect(..) failed: Connection refused: localhost/127.0.0.1:15156
2024-10-07 19:12:25,290 [s1@group-F5D0649D4159-LeaderElection17] INFO  impl.LeaderElection (LogUtils.java:infoOrTrace(136)) -   Exception 2: java.util.concurrent.ExecutionException: org.apache.ratis.thirdparty.io.netty.channel.AbstractChannel$AnnotatedConnectException: finishConnect(..) failed: Connection refused: localhost/127.0.0.1:15148
2024-10-07 19:12:25,290 [s1@group-F5D0649D4159-LeaderElection17] INFO  impl.LeaderElection (LeaderElection.java:askForVotes(339)) - s1@group-F5D0649D4159-LeaderElection17 PRE_VOTE round 102: result TIMEOUT
2024-10-07 19:12:25,290 [s1@group-F5D0649D4159-LeaderElection17] INFO  impl.LeaderElection (LeaderElection.java:askForVotes(337)) - s1@group-F5D0649D4159-LeaderElection17 PRE_VOTE round 103: submit vote requests at term 2 for conf: {index: 1, cur=peers:[s3|localhost:15152, s4|localhost:15156, s0|localhost:15140, s1|localhost:15144, s2|localhost:15148]|listeners:[], old=null}
2024-10-07 19:12:25,291 [s1@group-F5D0649D4159-LeaderElection17] INFO  impl.LeaderElection (LogUtils.java:infoOrTrace(136)) - s1@group-F5D0649D4159-LeaderElection17 got exception when requesting votes: java.util.concurrent.ExecutionException: org.apache.ratis.thirdparty.io.netty.channel.AbstractChannel$AnnotatedConnectException: finishConnect(..) failed: Connection refused: localhost/127.0.0.1:15156
2024-10-07 19:12:25,291 [NettyRpcService-workerGroup--thread3] INFO  server.RaftServer$Division (RaftServerImpl.java:requestVote(1443)) - s0@group-F5D0649D4159: receive requestVote(PRE_VOTE, s1, group-F5D0649D4159, 2, (t:2, i:2))
2024-10-07 19:12:25,291 [NettyRpcService-workerGroup--thread3] INFO  impl.VoteContext (VoteContext.java:log(49)) - s0@group-F5D0649D4159-CANDIDATE: accept PRE_VOTE from s1: our priority 0 <= candidate's priority 0
2024-10-07 19:12:25,291 [s1@group-F5D0649D4159-LeaderElection17] INFO  impl.LeaderElection (LogUtils.java:infoOrTrace(136)) - s1@group-F5D0649D4159-LeaderElection17 got exception when requesting votes: java.util.concurrent.ExecutionException: org.apache.ratis.thirdparty.io.netty.channel.AbstractChannel$AnnotatedConnectException: finishConnect(..) failed: Connection refused: localhost/127.0.0.1:15148
2024-10-07 19:12:25,291 [NettyRpcService-workerGroup--thread3] INFO  server.RaftServer$Division (RaftServerImpl.java:requestVote(1476)) - s0@group-F5D0649D4159 replies to PRE_VOTE vote request: s1<-s0#0:OK-t2. Peer's state: s0@group-F5D0649D4159:t2, leader=null, voted=s4, raftlog=Memoized:s0@group-F5D0649D4159-SegmentedRaftLog:OPENED:c2:last(t:2, i:2), conf=conf: {index: 1, cur=peers:[s3|localhost:15152, s4|localhost:15156, s0|localhost:15140, s1|localhost:15144, s2|localhost:15148]|listeners:[], old=null}
2024-10-07 19:12:25,309 [main] WARN  ratis.RaftTestUtil (RaftTestUtil.java:lambda$waitForLeader$3(126)) - Attempt #53 failed: java.lang.IllegalStateException: No leader yet : printing ALL groups
  s3:  RUNNING  FOLLOWER s3@group-F5D0649D4159:t1, leader=null, voted=null, raftlog=Memoized:s3@group-F5D0649D4159-SegmentedRaftLog:OPENED:c-1:lastnull, conf=conf: {index: -1, cur=peers:[s3|localhost:15152, s4|localhost:15156, s0|localhost:15140, s1|localhost:15144, s2|localhost:15148]|listeners:[], old=null} RUNNING
  s4:   CLOSED    LEADER s4@group-F5D0649D4159:t2, leader=s4, voted=s4, raftlog=Memoized:s4@group-F5D0649D4159-SegmentedRaftLog:CLOSED:c2, conf=conf: {index: 1, cur=peers:[s3|localhost:15152, s4|localhost:15156, s0|localhost:15140, s1|localhost:15144, s2|localhost:15148]|listeners:[], old=null} CLOSED
  s0:  RUNNING CANDIDATE s0@group-F5D0649D4159:t2, leader=null, voted=s4, raftlog=Memoized:s0@group-F5D0649D4159-SegmentedRaftLog:OPENED:c2:last(t:2, i:2), conf=conf: {index: 1, cur=peers:[s3|localhost:15152, s4|localhost:15156, s0|localhost:15140, s1|localhost:15144, s2|localhost:15148]|listeners:[], old=null} RUNNING
  s1:  RUNNING CANDIDATE s1@group-F5D0649D4159:t2, leader=null, voted=s4, raftlog=Memoized:s1@group-F5D0649D4159-SegmentedRaftLog:OPENED:c2:last(t:2, i:2), conf=conf: {index: 1, cur=peers:[s3|localhost:15152, s4|localhost:15156, s0|localhost:15140, s1|localhost:15144, s2|localhost:15148]|listeners:[], old=null} RUNNING
  s2:   CLOSED    LEADER s2@group-F5D0649D4159:t1, leader=s2, voted=s2, raftlog=Memoized:s2@group-F5D0649D4159-SegmentedRaftLog:CLOSED:c0, conf=conf: {index: 0, cur=peers:[s3|localhost:15152, s4|localhost:15156, s0|localhost:15140, s1|localhost:15144, s2|localhost:15148]|listeners:[], old=null} CLOSED
2024-10-07 19:12:25,469 [s0@group-F5D0649D4159-LeaderElection18] INFO  impl.LeaderElection (LeaderElection.java:logAndReturn(90)) - s0@group-F5D0649D4159-LeaderElection18: PRE_VOTE TIMEOUT received 1 response(s) and 2 exception(s):
2024-10-07 19:12:25,469 [s0@group-F5D0649D4159-LeaderElection18] INFO  impl.LeaderElection (LeaderElection.java:logAndReturn(94)) -   Response 0: s0<-s1#0:OK-t2
2024-10-07 19:12:25,470 [s0@group-F5D0649D4159-LeaderElection18] INFO  impl.LeaderElection (LogUtils.java:infoOrTrace(136)) -   Exception 1: java.util.concurrent.ExecutionException: org.apache.ratis.thirdparty.io.netty.channel.AbstractChannel$AnnotatedConnectException: finishConnect(..) failed: Connection refused: localhost/127.0.0.1:15156
2024-10-07 19:12:25,470 [s0@group-F5D0649D4159-LeaderElection18] INFO  impl.LeaderElection (LogUtils.java:infoOrTrace(136)) -   Exception 2: java.util.concurrent.ExecutionException: org.apache.ratis.thirdparty.io.netty.channel.AbstractChannel$AnnotatedConnectException: finishConnect(..) failed: Connection refused: localhost/127.0.0.1:15148
2024-10-07 19:12:25,470 [s0@group-F5D0649D4159-LeaderElection18] INFO  impl.LeaderElection (LeaderElection.java:askForVotes(339)) - s0@group-F5D0649D4159-LeaderElection18 PRE_VOTE round 88: result TIMEOUT
2024-10-07 19:12:25,470 [s0@group-F5D0649D4159-LeaderElection18] INFO  impl.LeaderElection (LeaderElection.java:askForVotes(337)) - s0@group-F5D0649D4159-LeaderElection18 PRE_VOTE round 89: submit vote requests at term 2 for conf: {index: 1, cur=peers:[s3|localhost:15152, s4|localhost:15156, s0|localhost:15140, s1|localhost:15144, s2|localhost:15148]|listeners:[], old=null}
2024-10-07 19:12:25,471 [NettyRpcService-workerGroup--thread3] INFO  server.RaftServer$Division (RaftServerImpl.java:requestVote(1443)) - s1@group-F5D0649D4159: receive requestVote(PRE_VOTE, s0, group-F5D0649D4159, 2, (t:2, i:2))
2024-10-07 19:12:25,471 [NettyRpcService-workerGroup--thread3] INFO  impl.VoteContext (VoteContext.java:log(49)) - s1@group-F5D0649D4159-CANDIDATE: accept PRE_VOTE from s0: our priority 0 <= candidate's priority 0
2024-10-07 19:12:25,471 [s0@group-F5D0649D4159-LeaderElection18] INFO  impl.LeaderElection (LogUtils.java:infoOrTrace(136)) - s0@group-F5D0649D4159-LeaderElection18 got exception when requesting votes: java.util.concurrent.ExecutionException: org.apache.ratis.thirdparty.io.netty.channel.AbstractChannel$AnnotatedConnectException: finishConnect(..) failed: Connection refused: localhost/127.0.0.1:15156
2024-10-07 19:12:25,471 [NettyRpcService-workerGroup--thread3] INFO  server.RaftServer$Division (RaftServerImpl.java:requestVote(1476)) - s1@group-F5D0649D4159 replies to PRE_VOTE vote request: s0<-s1#0:OK-t2. Peer's state: s1@group-F5D0649D4159:t2, leader=null, voted=s4, raftlog=Memoized:s1@group-F5D0649D4159-SegmentedRaftLog:OPENED:c2:last(t:2, i:2), conf=conf: {index: 1, cur=peers:[s3|localhost:15152, s4|localhost:15156, s0|localhost:15140, s1|localhost:15144, s2|localhost:15148]|listeners:[], old=null}
2024-10-07 19:12:25,472 [s0@group-F5D0649D4159-LeaderElection18] INFO  impl.LeaderElection (LogUtils.java:infoOrTrace(136)) - s0@group-F5D0649D4159-LeaderElection18 got exception when requesting votes: java.util.concurrent.ExecutionException: org.apache.ratis.thirdparty.io.netty.channel.AbstractChannel$AnnotatedConnectException: finishConnect(..) failed: Connection refused: localhost/127.0.0.1:15148
2024-10-07 19:12:25,494 [s1@group-F5D0649D4159-LeaderElection17] INFO  impl.LeaderElection (LeaderElection.java:logAndReturn(90)) - s1@group-F5D0649D4159-LeaderElection17: PRE_VOTE TIMEOUT received 1 response(s) and 2 exception(s):
2024-10-07 19:12:25,494 [s1@group-F5D0649D4159-LeaderElection17] INFO  impl.LeaderElection (LeaderElection.java:logAndReturn(94)) -   Response 0: s1<-s0#0:OK-t2
2024-10-07 19:12:25,494 [s1@group-F5D0649D4159-LeaderElection17] INFO  impl.LeaderElection (LogUtils.java:infoOrTrace(136)) -   Exception 1: java.util.concurrent.ExecutionException: org.apache.ratis.thirdparty.io.netty.channel.AbstractChannel$AnnotatedConnectException: finishConnect(..) failed: Connection refused: localhost/127.0.0.1:15156
2024-10-07 19:12:25,494 [s1@group-F5D0649D4159-LeaderElection17] INFO  impl.LeaderElection (LogUtils.java:infoOrTrace(136)) -   Exception 2: java.util.concurrent.ExecutionException: org.apache.ratis.thirdparty.io.netty.channel.AbstractChannel$AnnotatedConnectException: finishConnect(..) failed: Connection refused: localhost/127.0.0.1:15148
2024-10-07 19:12:25,494 [s1@group-F5D0649D4159-LeaderElection17] INFO  impl.LeaderElection (LeaderElection.java:askForVotes(339)) - s1@group-F5D0649D4159-LeaderElection17 PRE_VOTE round 103: result TIMEOUT
2024-10-07 19:12:25,494 [s1@group-F5D0649D4159-LeaderElection17] INFO  impl.LeaderElection (LeaderElection.java:askForVotes(337)) - s1@group-F5D0649D4159-LeaderElection17 PRE_VOTE round 104: submit vote requests at term 2 for conf: {index: 1, cur=peers:[s3|localhost:15152, s4|localhost:15156, s0|localhost:15140, s1|localhost:15144, s2|localhost:15148]|listeners:[], old=null}
2024-10-07 19:12:25,495 [NettyRpcService-workerGroup--thread3] INFO  server.RaftServer$Division (RaftServerImpl.java:requestVote(1443)) - s0@group-F5D0649D4159: receive requestVote(PRE_VOTE, s1, group-F5D0649D4159, 2, (t:2, i:2))
2024-10-07 19:12:25,495 [NettyRpcService-workerGroup--thread3] INFO  impl.VoteContext (VoteContext.java:log(49)) - s0@group-F5D0649D4159-CANDIDATE: accept PRE_VOTE from s1: our priority 0 <= candidate's priority 0
2024-10-07 19:12:25,495 [s1@group-F5D0649D4159-LeaderElection17] INFO  impl.LeaderElection (LogUtils.java:infoOrTrace(136)) - s1@group-F5D0649D4159-LeaderElection17 got exception when requesting votes: java.util.concurrent.ExecutionException: org.apache.ratis.thirdparty.io.netty.channel.AbstractChannel$AnnotatedConnectException: finishConnect(..) failed: Connection refused: localhost/127.0.0.1:15156
2024-10-07 19:12:25,495 [NettyRpcService-workerGroup--thread3] INFO  server.RaftServer$Division (RaftServerImpl.java:requestVote(1476)) - s0@group-F5D0649D4159 replies to PRE_VOTE vote request: s1<-s0#0:OK-t2. Peer's state: s0@group-F5D0649D4159:t2, leader=null, voted=s4, raftlog=Memoized:s0@group-F5D0649D4159-SegmentedRaftLog:OPENED:c2:last(t:2, i:2), conf=conf: {index: 1, cur=peers:[s3|localhost:15152, s4|localhost:15156, s0|localhost:15140, s1|localhost:15144, s2|localhost:15148]|listeners:[], old=null}
2024-10-07 19:12:25,495 [s1@group-F5D0649D4159-LeaderElection17] INFO  impl.LeaderElection (LogUtils.java:infoOrTrace(136)) - s1@group-F5D0649D4159-LeaderElection17 got exception when requesting votes: java.util.concurrent.ExecutionException: org.apache.ratis.thirdparty.io.netty.channel.AbstractChannel$AnnotatedConnectException: finishConnect(..) failed: Connection refused: localhost/127.0.0.1:15148
2024-10-07 19:12:25,669 [s0@group-F5D0649D4159-LeaderElection18] INFO  impl.LeaderElection (LeaderElection.java:logAndReturn(90)) - s0@group-F5D0649D4159-LeaderElection18: PRE_VOTE TIMEOUT received 1 response(s) and 2 exception(s):
2024-10-07 19:12:25,669 [s0@group-F5D0649D4159-LeaderElection18] INFO  impl.LeaderElection (LeaderElection.java:logAndReturn(94)) -   Response 0: s0<-s1#0:OK-t2
2024-10-07 19:12:25,669 [s0@group-F5D0649D4159-LeaderElection18] INFO  impl.LeaderElection (LogUtils.java:infoOrTrace(136)) -   Exception 1: java.util.concurrent.ExecutionException: org.apache.ratis.thirdparty.io.netty.channel.AbstractChannel$AnnotatedConnectException: finishConnect(..) failed: Connection refused: localhost/127.0.0.1:15156
2024-10-07 19:12:25,669 [s0@group-F5D0649D4159-LeaderElection18] INFO  impl.LeaderElection (LogUtils.java:infoOrTrace(136)) -   Exception 2: java.util.concurrent.ExecutionException: org.apache.ratis.thirdparty.io.netty.channel.AbstractChannel$AnnotatedConnectException: finishConnect(..) failed: Connection refused: localhost/127.0.0.1:15148
2024-10-07 19:12:25,669 [s0@group-F5D0649D4159-LeaderElection18] INFO  impl.LeaderElection (LeaderElection.java:askForVotes(339)) - s0@group-F5D0649D4159-LeaderElection18 PRE_VOTE round 89: result TIMEOUT
2024-10-07 19:12:25,669 [s0@group-F5D0649D4159-LeaderElection18] INFO  impl.LeaderElection (LeaderElection.java:askForVotes(337)) - s0@group-F5D0649D4159-LeaderElection18 PRE_VOTE round 90: submit vote requests at term 2 for conf: {index: 1, cur=peers:[s3|localhost:15152, s4|localhost:15156, s0|localhost:15140, s1|localhost:15144, s2|localhost:15148]|listeners:[], old=null}
2024-10-07 19:12:25,670 [NettyRpcService-workerGroup--thread3] INFO  server.RaftServer$Division (RaftServerImpl.java:requestVote(1443)) - s1@group-F5D0649D4159: receive requestVote(PRE_VOTE, s0, group-F5D0649D4159, 2, (t:2, i:2))
2024-10-07 19:12:25,670 [s0@group-F5D0649D4159-LeaderElection18] INFO  impl.LeaderElection (LogUtils.java:infoOrTrace(136)) - s0@group-F5D0649D4159-LeaderElection18 got exception when requesting votes: java.util.concurrent.ExecutionException: org.apache.ratis.thirdparty.io.netty.channel.AbstractChannel$AnnotatedConnectException: finishConnect(..) failed: Connection refused: localhost/127.0.0.1:15148
2024-10-07 19:12:25,670 [NettyRpcService-workerGroup--thread3] INFO  impl.VoteContext (VoteContext.java:log(49)) - s1@group-F5D0649D4159-CANDIDATE: accept PRE_VOTE from s0: our priority 0 <= candidate's priority 0
2024-10-07 19:12:25,671 [s0@group-F5D0649D4159-LeaderElection18] INFO  impl.LeaderElection (LogUtils.java:infoOrTrace(136)) - s0@group-F5D0649D4159-LeaderElection18 got exception when requesting votes: java.util.concurrent.ExecutionException: org.apache.ratis.thirdparty.io.netty.channel.AbstractChannel$AnnotatedConnectException: finishConnect(..) failed: Connection refused: localhost/127.0.0.1:15156
2024-10-07 19:12:25,671 [NettyRpcService-workerGroup--thread3] INFO  server.RaftServer$Division (RaftServerImpl.java:requestVote(1476)) - s1@group-F5D0649D4159 replies to PRE_VOTE vote request: s0<-s1#0:OK-t2. Peer's state: s1@group-F5D0649D4159:t2, leader=null, voted=s4, raftlog=Memoized:s1@group-F5D0649D4159-SegmentedRaftLog:OPENED:c2:last(t:2, i:2), conf=conf: {index: 1, cur=peers:[s3|localhost:15152, s4|localhost:15156, s0|localhost:15140, s1|localhost:15144, s2|localhost:15148]|listeners:[], old=null}
2024-10-07 19:12:25,760 [main] WARN  ratis.RaftTestUtil (RaftTestUtil.java:lambda$waitForLeader$3(126)) - Attempt #54 failed: java.lang.IllegalStateException: No leader yet : printing ALL groups
  s3:  RUNNING  FOLLOWER s3@group-F5D0649D4159:t1, leader=null, voted=null, raftlog=Memoized:s3@group-F5D0649D4159-SegmentedRaftLog:OPENED:c-1:lastnull, conf=conf: {index: -1, cur=peers:[s3|localhost:15152, s4|localhost:15156, s0|localhost:15140, s1|localhost:15144, s2|localhost:15148]|listeners:[], old=null} RUNNING
  s4:   CLOSED    LEADER s4@group-F5D0649D4159:t2, leader=s4, voted=s4, raftlog=Memoized:s4@group-F5D0649D4159-SegmentedRaftLog:CLOSED:c2, conf=conf: {index: 1, cur=peers:[s3|localhost:15152, s4|localhost:15156, s0|localhost:15140, s1|localhost:15144, s2|localhost:15148]|listeners:[], old=null} CLOSED
  s0:  RUNNING CANDIDATE s0@group-F5D0649D4159:t2, leader=null, voted=s4, raftlog=Memoized:s0@group-F5D0649D4159-SegmentedRaftLog:OPENED:c2:last(t:2, i:2), conf=conf: {index: 1, cur=peers:[s3|localhost:15152, s4|localhost:15156, s0|localhost:15140, s1|localhost:15144, s2|localhost:15148]|listeners:[], old=null} RUNNING
  s1:  RUNNING CANDIDATE s1@group-F5D0649D4159:t2, leader=null, voted=s4, raftlog=Memoized:s1@group-F5D0649D4159-SegmentedRaftLog:OPENED:c2:last(t:2, i:2), conf=conf: {index: 1, cur=peers:[s3|localhost:15152, s4|localhost:15156, s0|localhost:15140, s1|localhost:15144, s2|localhost:15148]|listeners:[], old=null} RUNNING
  s2:   CLOSED    LEADER s2@group-F5D0649D4159:t1, leader=s2, voted=s2, raftlog=Memoized:s2@group-F5D0649D4159-SegmentedRaftLog:CLOSED:c0, conf=conf: {index: 0, cur=peers:[s3|localhost:15152, s4|localhost:15156, s0|localhost:15140, s1|localhost:15144, s2|localhost:15148]|listeners:[], old=null} CLOSED
2024-10-07 19:12:25,777 [s1@group-F5D0649D4159-LeaderElection17] INFO  impl.LeaderElection (LeaderElection.java:logAndReturn(90)) - s1@group-F5D0649D4159-LeaderElection17: PRE_VOTE TIMEOUT received 1 response(s) and 2 exception(s):
2024-10-07 19:12:25,781 [s1@group-F5D0649D4159-LeaderElection17] INFO  impl.LeaderElection (LeaderElection.java:logAndReturn(94)) -   Response 0: s1<-s0#0:OK-t2
2024-10-07 19:12:25,781 [s1@group-F5D0649D4159-LeaderElection17] INFO  impl.LeaderElection (LogUtils.java:infoOrTrace(136)) -   Exception 1: java.util.concurrent.ExecutionException: org.apache.ratis.thirdparty.io.netty.channel.AbstractChannel$AnnotatedConnectException: finishConnect(..) failed: Connection refused: localhost/127.0.0.1:15156
2024-10-07 19:12:25,781 [s1@group-F5D0649D4159-LeaderElection17] INFO  impl.LeaderElection (LogUtils.java:infoOrTrace(136)) -   Exception 2: java.util.concurrent.ExecutionException: org.apache.ratis.thirdparty.io.netty.channel.AbstractChannel$AnnotatedConnectException: finishConnect(..) failed: Connection refused: localhost/127.0.0.1:15148
2024-10-07 19:12:25,781 [s1@group-F5D0649D4159-LeaderElection17] INFO  impl.LeaderElection (LeaderElection.java:askForVotes(339)) - s1@group-F5D0649D4159-LeaderElection17 PRE_VOTE round 104: result TIMEOUT
2024-10-07 19:12:25,781 [s1@group-F5D0649D4159-LeaderElection17] INFO  impl.LeaderElection (LeaderElection.java:askForVotes(337)) - s1@group-F5D0649D4159-LeaderElection17 PRE_VOTE round 105: submit vote requests at term 2 for conf: {index: 1, cur=peers:[s3|localhost:15152, s4|localhost:15156, s0|localhost:15140, s1|localhost:15144, s2|localhost:15148]|listeners:[], old=null}
2024-10-07 19:12:25,783 [NettyRpcService-workerGroup--thread3] INFO  server.RaftServer$Division (RaftServerImpl.java:requestVote(1443)) - s0@group-F5D0649D4159: receive requestVote(PRE_VOTE, s1, group-F5D0649D4159, 2, (t:2, i:2))
2024-10-07 19:12:25,783 [s1@group-F5D0649D4159-LeaderElection17] INFO  impl.LeaderElection (LogUtils.java:infoOrTrace(136)) - s1@group-F5D0649D4159-LeaderElection17 got exception when requesting votes: java.util.concurrent.ExecutionException: org.apache.ratis.thirdparty.io.netty.channel.AbstractChannel$AnnotatedConnectException: finishConnect(..) failed: Connection refused: localhost/127.0.0.1:15156
2024-10-07 19:12:25,783 [NettyRpcService-workerGroup--thread3] INFO  impl.VoteContext (VoteContext.java:log(49)) - s0@group-F5D0649D4159-CANDIDATE: accept PRE_VOTE from s1: our priority 0 <= candidate's priority 0
2024-10-07 19:12:25,783 [s1@group-F5D0649D4159-LeaderElection17] INFO  impl.LeaderElection (LogUtils.java:infoOrTrace(136)) - s1@group-F5D0649D4159-LeaderElection17 got exception when requesting votes: java.util.concurrent.ExecutionException: org.apache.ratis.thirdparty.io.netty.channel.AbstractChannel$AnnotatedConnectException: finishConnect(..) failed: Connection refused: localhost/127.0.0.1:15148
2024-10-07 19:12:25,783 [NettyRpcService-workerGroup--thread3] INFO  server.RaftServer$Division (RaftServerImpl.java:requestVote(1476)) - s0@group-F5D0649D4159 replies to PRE_VOTE vote request: s1<-s0#0:OK-t2. Peer's state: s0@group-F5D0649D4159:t2, leader=null, voted=s4, raftlog=Memoized:s0@group-F5D0649D4159-SegmentedRaftLog:OPENED:c2:last(t:2, i:2), conf=conf: {index: 1, cur=peers:[s3|localhost:15152, s4|localhost:15156, s0|localhost:15140, s1|localhost:15144, s2|localhost:15148]|listeners:[], old=null}
2024-10-07 19:12:25,966 [s0@group-F5D0649D4159-LeaderElection18] INFO  impl.LeaderElection (LeaderElection.java:logAndReturn(90)) - s0@group-F5D0649D4159-LeaderElection18: PRE_VOTE TIMEOUT received 1 response(s) and 2 exception(s):
2024-10-07 19:12:25,966 [s0@group-F5D0649D4159-LeaderElection18] INFO  impl.LeaderElection (LeaderElection.java:logAndReturn(94)) -   Response 0: s0<-s1#0:OK-t2
2024-10-07 19:12:25,966 [s0@group-F5D0649D4159-LeaderElection18] INFO  impl.LeaderElection (LogUtils.java:infoOrTrace(136)) -   Exception 1: java.util.concurrent.ExecutionException: org.apache.ratis.thirdparty.io.netty.channel.AbstractChannel$AnnotatedConnectException: finishConnect(..) failed: Connection refused: localhost/127.0.0.1:15148
2024-10-07 19:12:25,966 [s0@group-F5D0649D4159-LeaderElection18] INFO  impl.LeaderElection (LogUtils.java:infoOrTrace(136)) -   Exception 2: java.util.concurrent.ExecutionException: org.apache.ratis.thirdparty.io.netty.channel.AbstractChannel$AnnotatedConnectException: finishConnect(..) failed: Connection refused: localhost/127.0.0.1:15156
2024-10-07 19:12:25,966 [s0@group-F5D0649D4159-LeaderElection18] INFO  impl.LeaderElection (LeaderElection.java:askForVotes(339)) - s0@group-F5D0649D4159-LeaderElection18 PRE_VOTE round 90: result TIMEOUT
2024-10-07 19:12:25,966 [s0@group-F5D0649D4159-LeaderElection18] INFO  impl.LeaderElection (LeaderElection.java:askForVotes(337)) - s0@group-F5D0649D4159-LeaderElection18 PRE_VOTE round 91: submit vote requests at term 2 for conf: {index: 1, cur=peers:[s3|localhost:15152, s4|localhost:15156, s0|localhost:15140, s1|localhost:15144, s2|localhost:15148]|listeners:[], old=null}
2024-10-07 19:12:25,967 [NettyRpcService-workerGroup--thread3] INFO  server.RaftServer$Division (RaftServerImpl.java:requestVote(1443)) - s1@group-F5D0649D4159: receive requestVote(PRE_VOTE, s0, group-F5D0649D4159, 2, (t:2, i:2))
2024-10-07 19:12:25,967 [s0@group-F5D0649D4159-LeaderElection18] INFO  impl.LeaderElection (LogUtils.java:infoOrTrace(136)) - s0@group-F5D0649D4159-LeaderElection18 got exception when requesting votes: java.util.concurrent.ExecutionException: org.apache.ratis.thirdparty.io.netty.channel.AbstractChannel$AnnotatedConnectException: finishConnect(..) failed: Connection refused: localhost/127.0.0.1:15156
2024-10-07 19:12:25,967 [NettyRpcService-workerGroup--thread3] INFO  impl.VoteContext (VoteContext.java:log(49)) - s1@group-F5D0649D4159-CANDIDATE: accept PRE_VOTE from s0: our priority 0 <= candidate's priority 0
2024-10-07 19:12:25,967 [s0@group-F5D0649D4159-LeaderElection18] INFO  impl.LeaderElection (LogUtils.java:infoOrTrace(136)) - s0@group-F5D0649D4159-LeaderElection18 got exception when requesting votes: java.util.concurrent.ExecutionException: org.apache.ratis.thirdparty.io.netty.channel.AbstractChannel$AnnotatedConnectException: finishConnect(..) failed: Connection refused: localhost/127.0.0.1:15148
2024-10-07 19:12:25,968 [NettyRpcService-workerGroup--thread3] INFO  server.RaftServer$Division (RaftServerImpl.java:requestVote(1476)) - s1@group-F5D0649D4159 replies to PRE_VOTE vote request: s0<-s1#0:OK-t2. Peer's state: s1@group-F5D0649D4159:t2, leader=null, voted=s4, raftlog=Memoized:s1@group-F5D0649D4159-SegmentedRaftLog:OPENED:c2:last(t:2, i:2), conf=conf: {index: 1, cur=peers:[s3|localhost:15152, s4|localhost:15156, s0|localhost:15140, s1|localhost:15144, s2|localhost:15148]|listeners:[], old=null}
2024-10-07 19:12:25,975 [s1@group-F5D0649D4159-LeaderElection17] INFO  impl.LeaderElection (LeaderElection.java:logAndReturn(90)) - s1@group-F5D0649D4159-LeaderElection17: PRE_VOTE TIMEOUT received 1 response(s) and 2 exception(s):
2024-10-07 19:12:25,975 [s1@group-F5D0649D4159-LeaderElection17] INFO  impl.LeaderElection (LeaderElection.java:logAndReturn(94)) -   Response 0: s1<-s0#0:OK-t2
2024-10-07 19:12:25,975 [s1@group-F5D0649D4159-LeaderElection17] INFO  impl.LeaderElection (LogUtils.java:infoOrTrace(136)) -   Exception 1: java.util.concurrent.ExecutionException: org.apache.ratis.thirdparty.io.netty.channel.AbstractChannel$AnnotatedConnectException: finishConnect(..) failed: Connection refused: localhost/127.0.0.1:15156
2024-10-07 19:12:25,975 [s1@group-F5D0649D4159-LeaderElection17] INFO  impl.LeaderElection (LogUtils.java:infoOrTrace(136)) -   Exception 2: java.util.concurrent.ExecutionException: org.apache.ratis.thirdparty.io.netty.channel.AbstractChannel$AnnotatedConnectException: finishConnect(..) failed: Connection refused: localhost/127.0.0.1:15148
2024-10-07 19:12:25,976 [s1@group-F5D0649D4159-LeaderElection17] INFO  impl.LeaderElection (LeaderElection.java:askForVotes(339)) - s1@group-F5D0649D4159-LeaderElection17 PRE_VOTE round 105: result TIMEOUT
2024-10-07 19:12:25,976 [s1@group-F5D0649D4159-LeaderElection17] INFO  impl.LeaderElection (LeaderElection.java:askForVotes(337)) - s1@group-F5D0649D4159-LeaderElection17 PRE_VOTE round 106: submit vote requests at term 2 for conf: {index: 1, cur=peers:[s3|localhost:15152, s4|localhost:15156, s0|localhost:15140, s1|localhost:15144, s2|localhost:15148]|listeners:[], old=null}
2024-10-07 19:12:25,976 [NettyRpcService-workerGroup--thread3] INFO  server.RaftServer$Division (RaftServerImpl.java:requestVote(1443)) - s0@group-F5D0649D4159: receive requestVote(PRE_VOTE, s1, group-F5D0649D4159, 2, (t:2, i:2))
2024-10-07 19:12:25,977 [NettyRpcService-workerGroup--thread3] INFO  impl.VoteContext (VoteContext.java:log(49)) - s0@group-F5D0649D4159-CANDIDATE: accept PRE_VOTE from s1: our priority 0 <= candidate's priority 0
2024-10-07 19:12:25,977 [NettyRpcService-workerGroup--thread3] INFO  server.RaftServer$Division (RaftServerImpl.java:requestVote(1476)) - s0@group-F5D0649D4159 replies to PRE_VOTE vote request: s1<-s0#0:OK-t2. Peer's state: s0@group-F5D0649D4159:t2, leader=null, voted=s4, raftlog=Memoized:s0@group-F5D0649D4159-SegmentedRaftLog:OPENED:c2:last(t:2, i:2), conf=conf: {index: 1, cur=peers:[s3|localhost:15152, s4|localhost:15156, s0|localhost:15140, s1|localhost:15144, s2|localhost:15148]|listeners:[], old=null}
2024-10-07 19:12:25,977 [s1@group-F5D0649D4159-LeaderElection17] INFO  impl.LeaderElection (LogUtils.java:infoOrTrace(136)) - s1@group-F5D0649D4159-LeaderElection17 got exception when requesting votes: java.util.concurrent.ExecutionException: org.apache.ratis.thirdparty.io.netty.channel.AbstractChannel$AnnotatedConnectException: finishConnect(..) failed: Connection refused: localhost/127.0.0.1:15148
2024-10-07 19:12:25,977 [s1@group-F5D0649D4159-LeaderElection17] INFO  impl.LeaderElection (LogUtils.java:infoOrTrace(136)) - s1@group-F5D0649D4159-LeaderElection17 got exception when requesting votes: java.util.concurrent.ExecutionException: org.apache.ratis.thirdparty.io.netty.channel.AbstractChannel$AnnotatedConnectException: finishConnect(..) failed: Connection refused: localhost/127.0.0.1:15156
2024-10-07 19:12:26,209 [s1@group-F5D0649D4159-LeaderElection17] INFO  impl.LeaderElection (LeaderElection.java:logAndReturn(90)) - s1@group-F5D0649D4159-LeaderElection17: PRE_VOTE TIMEOUT received 1 response(s) and 2 exception(s):
2024-10-07 19:12:26,210 [s1@group-F5D0649D4159-LeaderElection17] INFO  impl.LeaderElection (LeaderElection.java:logAndReturn(94)) -   Response 0: s1<-s0#0:OK-t2
2024-10-07 19:12:26,210 [s1@group-F5D0649D4159-LeaderElection17] INFO  impl.LeaderElection (LogUtils.java:infoOrTrace(136)) -   Exception 1: java.util.concurrent.ExecutionException: org.apache.ratis.thirdparty.io.netty.channel.AbstractChannel$AnnotatedConnectException: finishConnect(..) failed: Connection refused: localhost/127.0.0.1:15148
2024-10-07 19:12:26,210 [s1@group-F5D0649D4159-LeaderElection17] INFO  impl.LeaderElection (LogUtils.java:infoOrTrace(136)) -   Exception 2: java.util.concurrent.ExecutionException: org.apache.ratis.thirdparty.io.netty.channel.AbstractChannel$AnnotatedConnectException: finishConnect(..) failed: Connection refused: localhost/127.0.0.1:15156
2024-10-07 19:12:26,210 [s1@group-F5D0649D4159-LeaderElection17] INFO  impl.LeaderElection (LeaderElection.java:askForVotes(339)) - s1@group-F5D0649D4159-LeaderElection17 PRE_VOTE round 106: result TIMEOUT
2024-10-07 19:12:26,210 [s1@group-F5D0649D4159-LeaderElection17] INFO  impl.LeaderElection (LeaderElection.java:askForVotes(337)) - s1@group-F5D0649D4159-LeaderElection17 PRE_VOTE round 107: submit vote requests at term 2 for conf: {index: 1, cur=peers:[s3|localhost:15152, s4|localhost:15156, s0|localhost:15140, s1|localhost:15144, s2|localhost:15148]|listeners:[], old=null}
2024-10-07 19:12:26,211 [main] WARN  ratis.RaftTestUtil (RaftTestUtil.java:lambda$waitForLeader$3(126)) - Attempt #55 failed: java.lang.IllegalStateException: No leader yet : printing ALL groups
  s3:  RUNNING  FOLLOWER s3@group-F5D0649D4159:t1, leader=null, voted=null, raftlog=Memoized:s3@group-F5D0649D4159-SegmentedRaftLog:OPENED:c-1:lastnull, conf=conf: {index: -1, cur=peers:[s3|localhost:15152, s4|localhost:15156, s0|localhost:15140, s1|localhost:15144, s2|localhost:15148]|listeners:[], old=null} RUNNING
  s4:   CLOSED    LEADER s4@group-F5D0649D4159:t2, leader=s4, voted=s4, raftlog=Memoized:s4@group-F5D0649D4159-SegmentedRaftLog:CLOSED:c2, conf=conf: {index: 1, cur=peers:[s3|localhost:15152, s4|localhost:15156, s0|localhost:15140, s1|localhost:15144, s2|localhost:15148]|listeners:[], old=null} CLOSED
  s0:  RUNNING CANDIDATE s0@group-F5D0649D4159:t2, leader=null, voted=s4, raftlog=Memoized:s0@group-F5D0649D4159-SegmentedRaftLog:OPENED:c2:last(t:2, i:2), conf=conf: {index: 1, cur=peers:[s3|localhost:15152, s4|localhost:15156, s0|localhost:15140, s1|localhost:15144, s2|localhost:15148]|listeners:[], old=null} RUNNING
  s1:  RUNNING CANDIDATE s1@group-F5D0649D4159:t2, leader=null, voted=s4, raftlog=Memoized:s1@group-F5D0649D4159-SegmentedRaftLog:OPENED:c2:last(t:2, i:2), conf=conf: {index: 1, cur=peers:[s3|localhost:15152, s4|localhost:15156, s0|localhost:15140, s1|localhost:15144, s2|localhost:15148]|listeners:[], old=null} RUNNING
  s2:   CLOSED    LEADER s2@group-F5D0649D4159:t1, leader=s2, voted=s2, raftlog=Memoized:s2@group-F5D0649D4159-SegmentedRaftLog:CLOSED:c0, conf=conf: {index: 0, cur=peers:[s3|localhost:15152, s4|localhost:15156, s0|localhost:15140, s1|localhost:15144, s2|localhost:15148]|listeners:[], old=null} CLOSED
2024-10-07 19:12:26,211 [s1@group-F5D0649D4159-LeaderElection17] INFO  impl.LeaderElection (LogUtils.java:infoOrTrace(136)) - s1@group-F5D0649D4159-LeaderElection17 got exception when requesting votes: java.util.concurrent.ExecutionException: org.apache.ratis.thirdparty.io.netty.channel.AbstractChannel$AnnotatedConnectException: finishConnect(..) failed: Connection refused: localhost/127.0.0.1:15156
2024-10-07 19:12:26,211 [NettyRpcService-workerGroup--thread3] INFO  server.RaftServer$Division (RaftServerImpl.java:requestVote(1443)) - s0@group-F5D0649D4159: receive requestVote(PRE_VOTE, s1, group-F5D0649D4159, 2, (t:2, i:2))
2024-10-07 19:12:26,211 [s1@group-F5D0649D4159-LeaderElection17] INFO  impl.LeaderElection (LogUtils.java:infoOrTrace(136)) - s1@group-F5D0649D4159-LeaderElection17 got exception when requesting votes: java.util.concurrent.ExecutionException: org.apache.ratis.thirdparty.io.netty.channel.AbstractChannel$AnnotatedConnectException: finishConnect(..) failed: Connection refused: localhost/127.0.0.1:15148
2024-10-07 19:12:26,211 [NettyRpcService-workerGroup--thread3] INFO  impl.VoteContext (VoteContext.java:log(49)) - s0@group-F5D0649D4159-CANDIDATE: accept PRE_VOTE from s1: our priority 0 <= candidate's priority 0
2024-10-07 19:12:26,212 [NettyRpcService-workerGroup--thread3] INFO  server.RaftServer$Division (RaftServerImpl.java:requestVote(1476)) - s0@group-F5D0649D4159 replies to PRE_VOTE vote request: s1<-s0#0:OK-t2. Peer's state: s0@group-F5D0649D4159:t2, leader=null, voted=s4, raftlog=Memoized:s0@group-F5D0649D4159-SegmentedRaftLog:OPENED:c2:last(t:2, i:2), conf=conf: {index: 1, cur=peers:[s3|localhost:15152, s4|localhost:15156, s0|localhost:15140, s1|localhost:15144, s2|localhost:15148]|listeners:[], old=null}
2024-10-07 19:12:26,256 [s0@group-F5D0649D4159-LeaderElection18] INFO  impl.LeaderElection (LeaderElection.java:logAndReturn(90)) - s0@group-F5D0649D4159-LeaderElection18: PRE_VOTE TIMEOUT received 1 response(s) and 2 exception(s):
2024-10-07 19:12:26,256 [s0@group-F5D0649D4159-LeaderElection18] INFO  impl.LeaderElection (LeaderElection.java:logAndReturn(94)) -   Response 0: s0<-s1#0:OK-t2
2024-10-07 19:12:26,256 [s0@group-F5D0649D4159-LeaderElection18] INFO  impl.LeaderElection (LogUtils.java:infoOrTrace(136)) -   Exception 1: java.util.concurrent.ExecutionException: org.apache.ratis.thirdparty.io.netty.channel.AbstractChannel$AnnotatedConnectException: finishConnect(..) failed: Connection refused: localhost/127.0.0.1:15156
2024-10-07 19:12:26,256 [s0@group-F5D0649D4159-LeaderElection18] INFO  impl.LeaderElection (LogUtils.java:infoOrTrace(136)) -   Exception 2: java.util.concurrent.ExecutionException: org.apache.ratis.thirdparty.io.netty.channel.AbstractChannel$AnnotatedConnectException: finishConnect(..) failed: Connection refused: localhost/127.0.0.1:15148
2024-10-07 19:12:26,256 [s0@group-F5D0649D4159-LeaderElection18] INFO  impl.LeaderElection (LeaderElection.java:askForVotes(339)) - s0@group-F5D0649D4159-LeaderElection18 PRE_VOTE round 91: result TIMEOUT
2024-10-07 19:12:26,256 [s0@group-F5D0649D4159-LeaderElection18] INFO  impl.LeaderElection (LeaderElection.java:askForVotes(337)) - s0@group-F5D0649D4159-LeaderElection18 PRE_VOTE round 92: submit vote requests at term 2 for conf: {index: 1, cur=peers:[s3|localhost:15152, s4|localhost:15156, s0|localhost:15140, s1|localhost:15144, s2|localhost:15148]|listeners:[], old=null}
2024-10-07 19:12:26,257 [NettyRpcService-workerGroup--thread3] INFO  server.RaftServer$Division (RaftServerImpl.java:requestVote(1443)) - s1@group-F5D0649D4159: receive requestVote(PRE_VOTE, s0, group-F5D0649D4159, 2, (t:2, i:2))
2024-10-07 19:12:26,257 [NettyRpcService-workerGroup--thread3] INFO  impl.VoteContext (VoteContext.java:log(49)) - s1@group-F5D0649D4159-CANDIDATE: accept PRE_VOTE from s0: our priority 0 <= candidate's priority 0
2024-10-07 19:12:26,257 [NettyRpcService-workerGroup--thread3] INFO  server.RaftServer$Division (RaftServerImpl.java:requestVote(1476)) - s1@group-F5D0649D4159 replies to PRE_VOTE vote request: s0<-s1#0:OK-t2. Peer's state: s1@group-F5D0649D4159:t2, leader=null, voted=s4, raftlog=Memoized:s1@group-F5D0649D4159-SegmentedRaftLog:OPENED:c2:last(t:2, i:2), conf=conf: {index: 1, cur=peers:[s3|localhost:15152, s4|localhost:15156, s0|localhost:15140, s1|localhost:15144, s2|localhost:15148]|listeners:[], old=null}
2024-10-07 19:12:26,258 [s0@group-F5D0649D4159-LeaderElection18] INFO  impl.LeaderElection (LogUtils.java:infoOrTrace(136)) - s0@group-F5D0649D4159-LeaderElection18 got exception when requesting votes: java.util.concurrent.ExecutionException: org.apache.ratis.thirdparty.io.netty.channel.AbstractChannel$AnnotatedConnectException: finishConnect(..) failed: Connection refused: localhost/127.0.0.1:15156
2024-10-07 19:12:26,258 [s0@group-F5D0649D4159-LeaderElection18] INFO  impl.LeaderElection (LogUtils.java:infoOrTrace(136)) - s0@group-F5D0649D4159-LeaderElection18 got exception when requesting votes: java.util.concurrent.ExecutionException: org.apache.ratis.thirdparty.io.netty.channel.AbstractChannel$AnnotatedConnectException: finishConnect(..) failed: Connection refused: localhost/127.0.0.1:15148
2024-10-07 19:12:26,452 [s1@group-F5D0649D4159-LeaderElection17] INFO  impl.LeaderElection (LeaderElection.java:logAndReturn(90)) - s1@group-F5D0649D4159-LeaderElection17: PRE_VOTE TIMEOUT received 1 response(s) and 2 exception(s):
2024-10-07 19:12:26,452 [s1@group-F5D0649D4159-LeaderElection17] INFO  impl.LeaderElection (LeaderElection.java:logAndReturn(94)) -   Response 0: s1<-s0#0:OK-t2
2024-10-07 19:12:26,452 [s1@group-F5D0649D4159-LeaderElection17] INFO  impl.LeaderElection (LogUtils.java:infoOrTrace(136)) -   Exception 1: java.util.concurrent.ExecutionException: org.apache.ratis.thirdparty.io.netty.channel.AbstractChannel$AnnotatedConnectException: finishConnect(..) failed: Connection refused: localhost/127.0.0.1:15156
2024-10-07 19:12:26,452 [s1@group-F5D0649D4159-LeaderElection17] INFO  impl.LeaderElection (LogUtils.java:infoOrTrace(136)) -   Exception 2: java.util.concurrent.ExecutionException: org.apache.ratis.thirdparty.io.netty.channel.AbstractChannel$AnnotatedConnectException: finishConnect(..) failed: Connection refused: localhost/127.0.0.1:15148
2024-10-07 19:12:26,452 [s1@group-F5D0649D4159-LeaderElection17] INFO  impl.LeaderElection (LeaderElection.java:askForVotes(339)) - s1@group-F5D0649D4159-LeaderElection17 PRE_VOTE round 107: result TIMEOUT
2024-10-07 19:12:26,452 [s1@group-F5D0649D4159-LeaderElection17] INFO  impl.LeaderElection (LeaderElection.java:askForVotes(337)) - s1@group-F5D0649D4159-LeaderElection17 PRE_VOTE round 108: submit vote requests at term 2 for conf: {index: 1, cur=peers:[s3|localhost:15152, s4|localhost:15156, s0|localhost:15140, s1|localhost:15144, s2|localhost:15148]|listeners:[], old=null}
2024-10-07 19:12:26,453 [NettyRpcService-workerGroup--thread3] INFO  server.RaftServer$Division (RaftServerImpl.java:requestVote(1443)) - s0@group-F5D0649D4159: receive requestVote(PRE_VOTE, s1, group-F5D0649D4159, 2, (t:2, i:2))
2024-10-07 19:12:26,453 [NettyRpcService-workerGroup--thread3] INFO  impl.VoteContext (VoteContext.java:log(49)) - s0@group-F5D0649D4159-CANDIDATE: accept PRE_VOTE from s1: our priority 0 <= candidate's priority 0
2024-10-07 19:12:26,453 [s1@group-F5D0649D4159-LeaderElection17] INFO  impl.LeaderElection (LogUtils.java:infoOrTrace(136)) - s1@group-F5D0649D4159-LeaderElection17 got exception when requesting votes: java.util.concurrent.ExecutionException: org.apache.ratis.thirdparty.io.netty.channel.AbstractChannel$AnnotatedConnectException: finishConnect(..) failed: Connection refused: localhost/127.0.0.1:15156
2024-10-07 19:12:26,453 [NettyRpcService-workerGroup--thread3] INFO  server.RaftServer$Division (RaftServerImpl.java:requestVote(1476)) - s0@group-F5D0649D4159 replies to PRE_VOTE vote request: s1<-s0#0:OK-t2. Peer's state: s0@group-F5D0649D4159:t2, leader=null, voted=s4, raftlog=Memoized:s0@group-F5D0649D4159-SegmentedRaftLog:OPENED:c2:last(t:2, i:2), conf=conf: {index: 1, cur=peers:[s3|localhost:15152, s4|localhost:15156, s0|localhost:15140, s1|localhost:15144, s2|localhost:15148]|listeners:[], old=null}
2024-10-07 19:12:26,454 [s1@group-F5D0649D4159-LeaderElection17] INFO  impl.LeaderElection (LogUtils.java:infoOrTrace(136)) - s1@group-F5D0649D4159-LeaderElection17 got exception when requesting votes: java.util.concurrent.ExecutionException: org.apache.ratis.thirdparty.io.netty.channel.AbstractChannel$AnnotatedConnectException: finishConnect(..) failed: Connection refused: localhost/127.0.0.1:15148
2024-10-07 19:12:26,552 [s0@group-F5D0649D4159-LeaderElection18] INFO  impl.LeaderElection (LeaderElection.java:logAndReturn(90)) - s0@group-F5D0649D4159-LeaderElection18: PRE_VOTE TIMEOUT received 1 response(s) and 2 exception(s):
2024-10-07 19:12:26,552 [s0@group-F5D0649D4159-LeaderElection18] INFO  impl.LeaderElection (LeaderElection.java:logAndReturn(94)) -   Response 0: s0<-s1#0:OK-t2
2024-10-07 19:12:26,552 [s0@group-F5D0649D4159-LeaderElection18] INFO  impl.LeaderElection (LogUtils.java:infoOrTrace(136)) -   Exception 1: java.util.concurrent.ExecutionException: org.apache.ratis.thirdparty.io.netty.channel.AbstractChannel$AnnotatedConnectException: finishConnect(..) failed: Connection refused: localhost/127.0.0.1:15156
2024-10-07 19:12:26,552 [s0@group-F5D0649D4159-LeaderElection18] INFO  impl.LeaderElection (LogUtils.java:infoOrTrace(136)) -   Exception 2: java.util.concurrent.ExecutionException: org.apache.ratis.thirdparty.io.netty.channel.AbstractChannel$AnnotatedConnectException: finishConnect(..) failed: Connection refused: localhost/127.0.0.1:15148
2024-10-07 19:12:26,552 [s0@group-F5D0649D4159-LeaderElection18] INFO  impl.LeaderElection (LeaderElection.java:askForVotes(339)) - s0@group-F5D0649D4159-LeaderElection18 PRE_VOTE round 92: result TIMEOUT
2024-10-07 19:12:26,552 [s0@group-F5D0649D4159-LeaderElection18] INFO  impl.LeaderElection (LeaderElection.java:askForVotes(337)) - s0@group-F5D0649D4159-LeaderElection18 PRE_VOTE round 93: submit vote requests at term 2 for conf: {index: 1, cur=peers:[s3|localhost:15152, s4|localhost:15156, s0|localhost:15140, s1|localhost:15144, s2|localhost:15148]|listeners:[], old=null}
2024-10-07 19:12:26,553 [NettyRpcService-workerGroup--thread3] INFO  server.RaftServer$Division (RaftServerImpl.java:requestVote(1443)) - s1@group-F5D0649D4159: receive requestVote(PRE_VOTE, s0, group-F5D0649D4159, 2, (t:2, i:2))
2024-10-07 19:12:26,553 [NettyRpcService-workerGroup--thread3] INFO  impl.VoteContext (VoteContext.java:log(49)) - s1@group-F5D0649D4159-CANDIDATE: accept PRE_VOTE from s0: our priority 0 <= candidate's priority 0
2024-10-07 19:12:26,553 [s0@group-F5D0649D4159-LeaderElection18] INFO  impl.LeaderElection (LogUtils.java:infoOrTrace(136)) - s0@group-F5D0649D4159-LeaderElection18 got exception when requesting votes: java.util.concurrent.ExecutionException: org.apache.ratis.thirdparty.io.netty.channel.AbstractChannel$AnnotatedConnectException: finishConnect(..) failed: Connection refused: localhost/127.0.0.1:15148
2024-10-07 19:12:26,553 [s0@group-F5D0649D4159-LeaderElection18] INFO  impl.LeaderElection (LogUtils.java:infoOrTrace(136)) - s0@group-F5D0649D4159-LeaderElection18 got exception when requesting votes: java.util.concurrent.ExecutionException: org.apache.ratis.thirdparty.io.netty.channel.AbstractChannel$AnnotatedConnectException: finishConnect(..) failed: Connection refused: localhost/127.0.0.1:15156
2024-10-07 19:12:26,553 [NettyRpcService-workerGroup--thread3] INFO  server.RaftServer$Division (RaftServerImpl.java:requestVote(1476)) - s1@group-F5D0649D4159 replies to PRE_VOTE vote request: s0<-s1#0:OK-t2. Peer's state: s1@group-F5D0649D4159:t2, leader=null, voted=s4, raftlog=Memoized:s1@group-F5D0649D4159-SegmentedRaftLog:OPENED:c2:last(t:2, i:2), conf=conf: {index: 1, cur=peers:[s3|localhost:15152, s4|localhost:15156, s0|localhost:15140, s1|localhost:15144, s2|localhost:15148]|listeners:[], old=null}
2024-10-07 19:12:26,612 [s1@group-F5D0649D4159-LeaderElection17] INFO  impl.LeaderElection (LeaderElection.java:logAndReturn(90)) - s1@group-F5D0649D4159-LeaderElection17: PRE_VOTE TIMEOUT received 1 response(s) and 2 exception(s):
2024-10-07 19:12:26,612 [s1@group-F5D0649D4159-LeaderElection17] INFO  impl.LeaderElection (LeaderElection.java:logAndReturn(94)) -   Response 0: s1<-s0#0:OK-t2
2024-10-07 19:12:26,612 [s1@group-F5D0649D4159-LeaderElection17] INFO  impl.LeaderElection (LogUtils.java:infoOrTrace(136)) -   Exception 1: java.util.concurrent.ExecutionException: org.apache.ratis.thirdparty.io.netty.channel.AbstractChannel$AnnotatedConnectException: finishConnect(..) failed: Connection refused: localhost/127.0.0.1:15156
2024-10-07 19:12:26,612 [s1@group-F5D0649D4159-LeaderElection17] INFO  impl.LeaderElection (LogUtils.java:infoOrTrace(136)) -   Exception 2: java.util.concurrent.ExecutionException: org.apache.ratis.thirdparty.io.netty.channel.AbstractChannel$AnnotatedConnectException: finishConnect(..) failed: Connection refused: localhost/127.0.0.1:15148
2024-10-07 19:12:26,612 [s1@group-F5D0649D4159-LeaderElection17] INFO  impl.LeaderElection (LeaderElection.java:askForVotes(339)) - s1@group-F5D0649D4159-LeaderElection17 PRE_VOTE round 108: result TIMEOUT
2024-10-07 19:12:26,612 [s1@group-F5D0649D4159-LeaderElection17] INFO  impl.LeaderElection (LeaderElection.java:askForVotes(337)) - s1@group-F5D0649D4159-LeaderElection17 PRE_VOTE round 109: submit vote requests at term 2 for conf: {index: 1, cur=peers:[s3|localhost:15152, s4|localhost:15156, s0|localhost:15140, s1|localhost:15144, s2|localhost:15148]|listeners:[], old=null}
2024-10-07 19:12:26,613 [NettyRpcService-workerGroup--thread3] INFO  server.RaftServer$Division (RaftServerImpl.java:requestVote(1443)) - s0@group-F5D0649D4159: receive requestVote(PRE_VOTE, s1, group-F5D0649D4159, 2, (t:2, i:2))
2024-10-07 19:12:26,613 [NettyRpcService-workerGroup--thread3] INFO  impl.VoteContext (VoteContext.java:log(49)) - s0@group-F5D0649D4159-CANDIDATE: accept PRE_VOTE from s1: our priority 0 <= candidate's priority 0
2024-10-07 19:12:26,614 [NettyRpcService-workerGroup--thread3] INFO  server.RaftServer$Division (RaftServerImpl.java:requestVote(1476)) - s0@group-F5D0649D4159 replies to PRE_VOTE vote request: s1<-s0#0:OK-t2. Peer's state: s0@group-F5D0649D4159:t2, leader=null, voted=s4, raftlog=Memoized:s0@group-F5D0649D4159-SegmentedRaftLog:OPENED:c2:last(t:2, i:2), conf=conf: {index: 1, cur=peers:[s3|localhost:15152, s4|localhost:15156, s0|localhost:15140, s1|localhost:15144, s2|localhost:15148]|listeners:[], old=null}
2024-10-07 19:12:26,614 [s1@group-F5D0649D4159-LeaderElection17] INFO  impl.LeaderElection (LogUtils.java:infoOrTrace(136)) - s1@group-F5D0649D4159-LeaderElection17 got exception when requesting votes: java.util.concurrent.ExecutionException: org.apache.ratis.thirdparty.io.netty.channel.AbstractChannel$AnnotatedConnectException: finishConnect(..) failed: Connection refused: localhost/127.0.0.1:15148
2024-10-07 19:12:26,614 [s1@group-F5D0649D4159-LeaderElection17] INFO  impl.LeaderElection (LogUtils.java:infoOrTrace(136)) - s1@group-F5D0649D4159-LeaderElection17 got exception when requesting votes: java.util.concurrent.ExecutionException: org.apache.ratis.thirdparty.io.netty.channel.AbstractChannel$AnnotatedConnectException: finishConnect(..) failed: Connection refused: localhost/127.0.0.1:15156
2024-10-07 19:12:26,661 [main] WARN  ratis.RaftTestUtil (RaftTestUtil.java:lambda$waitForLeader$3(126)) - Attempt #56 failed: java.lang.IllegalStateException: No leader yet : printing ALL groups
  s3:  RUNNING  FOLLOWER s3@group-F5D0649D4159:t1, leader=null, voted=null, raftlog=Memoized:s3@group-F5D0649D4159-SegmentedRaftLog:OPENED:c-1:lastnull, conf=conf: {index: -1, cur=peers:[s3|localhost:15152, s4|localhost:15156, s0|localhost:15140, s1|localhost:15144, s2|localhost:15148]|listeners:[], old=null} RUNNING
  s4:   CLOSED    LEADER s4@group-F5D0649D4159:t2, leader=s4, voted=s4, raftlog=Memoized:s4@group-F5D0649D4159-SegmentedRaftLog:CLOSED:c2, conf=conf: {index: 1, cur=peers:[s3|localhost:15152, s4|localhost:15156, s0|localhost:15140, s1|localhost:15144, s2|localhost:15148]|listeners:[], old=null} CLOSED
  s0:  RUNNING CANDIDATE s0@group-F5D0649D4159:t2, leader=null, voted=s4, raftlog=Memoized:s0@group-F5D0649D4159-SegmentedRaftLog:OPENED:c2:last(t:2, i:2), conf=conf: {index: 1, cur=peers:[s3|localhost:15152, s4|localhost:15156, s0|localhost:15140, s1|localhost:15144, s2|localhost:15148]|listeners:[], old=null} RUNNING
  s1:  RUNNING CANDIDATE s1@group-F5D0649D4159:t2, leader=null, voted=s4, raftlog=Memoized:s1@group-F5D0649D4159-SegmentedRaftLog:OPENED:c2:last(t:2, i:2), conf=conf: {index: 1, cur=peers:[s3|localhost:15152, s4|localhost:15156, s0|localhost:15140, s1|localhost:15144, s2|localhost:15148]|listeners:[], old=null} RUNNING
  s2:   CLOSED    LEADER s2@group-F5D0649D4159:t1, leader=s2, voted=s2, raftlog=Memoized:s2@group-F5D0649D4159-SegmentedRaftLog:CLOSED:c0, conf=conf: {index: 0, cur=peers:[s3|localhost:15152, s4|localhost:15156, s0|localhost:15140, s1|localhost:15144, s2|localhost:15148]|listeners:[], old=null} CLOSED
2024-10-07 19:12:26,755 [s0@group-F5D0649D4159-LeaderElection18] INFO  impl.LeaderElection (LeaderElection.java:logAndReturn(90)) - s0@group-F5D0649D4159-LeaderElection18: PRE_VOTE TIMEOUT received 1 response(s) and 2 exception(s):
2024-10-07 19:12:26,755 [s0@group-F5D0649D4159-LeaderElection18] INFO  impl.LeaderElection (LeaderElection.java:logAndReturn(94)) -   Response 0: s0<-s1#0:OK-t2
2024-10-07 19:12:26,755 [s0@group-F5D0649D4159-LeaderElection18] INFO  impl.LeaderElection (LogUtils.java:infoOrTrace(136)) -   Exception 1: java.util.concurrent.ExecutionException: org.apache.ratis.thirdparty.io.netty.channel.AbstractChannel$AnnotatedConnectException: finishConnect(..) failed: Connection refused: localhost/127.0.0.1:15148
2024-10-07 19:12:26,755 [s0@group-F5D0649D4159-LeaderElection18] INFO  impl.LeaderElection (LogUtils.java:infoOrTrace(136)) -   Exception 2: java.util.concurrent.ExecutionException: org.apache.ratis.thirdparty.io.netty.channel.AbstractChannel$AnnotatedConnectException: finishConnect(..) failed: Connection refused: localhost/127.0.0.1:15156
2024-10-07 19:12:26,755 [s0@group-F5D0649D4159-LeaderElection18] INFO  impl.LeaderElection (LeaderElection.java:askForVotes(339)) - s0@group-F5D0649D4159-LeaderElection18 PRE_VOTE round 93: result TIMEOUT
2024-10-07 19:12:26,755 [s0@group-F5D0649D4159-LeaderElection18] INFO  impl.LeaderElection (LeaderElection.java:askForVotes(337)) - s0@group-F5D0649D4159-LeaderElection18 PRE_VOTE round 94: submit vote requests at term 2 for conf: {index: 1, cur=peers:[s3|localhost:15152, s4|localhost:15156, s0|localhost:15140, s1|localhost:15144, s2|localhost:15148]|listeners:[], old=null}
2024-10-07 19:12:26,756 [NettyRpcService-workerGroup--thread3] INFO  server.RaftServer$Division (RaftServerImpl.java:requestVote(1443)) - s1@group-F5D0649D4159: receive requestVote(PRE_VOTE, s0, group-F5D0649D4159, 2, (t:2, i:2))
2024-10-07 19:12:26,756 [NettyRpcService-workerGroup--thread3] INFO  impl.VoteContext (VoteContext.java:log(49)) - s1@group-F5D0649D4159-CANDIDATE: accept PRE_VOTE from s0: our priority 0 <= candidate's priority 0
2024-10-07 19:12:26,756 [s0@group-F5D0649D4159-LeaderElection18] INFO  impl.LeaderElection (LogUtils.java:infoOrTrace(136)) - s0@group-F5D0649D4159-LeaderElection18 got exception when requesting votes: java.util.concurrent.ExecutionException: org.apache.ratis.thirdparty.io.netty.channel.AbstractChannel$AnnotatedConnectException: finishConnect(..) failed: Connection refused: localhost/127.0.0.1:15148
2024-10-07 19:12:26,757 [NettyRpcService-workerGroup--thread3] INFO  server.RaftServer$Division (RaftServerImpl.java:requestVote(1476)) - s1@group-F5D0649D4159 replies to PRE_VOTE vote request: s0<-s1#0:OK-t2. Peer's state: s1@group-F5D0649D4159:t2, leader=null, voted=s4, raftlog=Memoized:s1@group-F5D0649D4159-SegmentedRaftLog:OPENED:c2:last(t:2, i:2), conf=conf: {index: 1, cur=peers:[s3|localhost:15152, s4|localhost:15156, s0|localhost:15140, s1|localhost:15144, s2|localhost:15148]|listeners:[], old=null}
2024-10-07 19:12:26,757 [s0@group-F5D0649D4159-LeaderElection18] INFO  impl.LeaderElection (LogUtils.java:infoOrTrace(136)) - s0@group-F5D0649D4159-LeaderElection18 got exception when requesting votes: java.util.concurrent.ExecutionException: org.apache.ratis.thirdparty.io.netty.channel.AbstractChannel$AnnotatedConnectException: finishConnect(..) failed: Connection refused: localhost/127.0.0.1:15156
2024-10-07 19:12:26,828 [s1@group-F5D0649D4159-LeaderElection17] INFO  impl.LeaderElection (LeaderElection.java:logAndReturn(90)) - s1@group-F5D0649D4159-LeaderElection17: PRE_VOTE TIMEOUT received 1 response(s) and 2 exception(s):
2024-10-07 19:12:26,828 [s1@group-F5D0649D4159-LeaderElection17] INFO  impl.LeaderElection (LeaderElection.java:logAndReturn(94)) -   Response 0: s1<-s0#0:OK-t2
2024-10-07 19:12:26,828 [s1@group-F5D0649D4159-LeaderElection17] INFO  impl.LeaderElection (LogUtils.java:infoOrTrace(136)) -   Exception 1: java.util.concurrent.ExecutionException: org.apache.ratis.thirdparty.io.netty.channel.AbstractChannel$AnnotatedConnectException: finishConnect(..) failed: Connection refused: localhost/127.0.0.1:15148
2024-10-07 19:12:26,828 [s1@group-F5D0649D4159-LeaderElection17] INFO  impl.LeaderElection (LogUtils.java:infoOrTrace(136)) -   Exception 2: java.util.concurrent.ExecutionException: org.apache.ratis.thirdparty.io.netty.channel.AbstractChannel$AnnotatedConnectException: finishConnect(..) failed: Connection refused: localhost/127.0.0.1:15156
2024-10-07 19:12:26,828 [s1@group-F5D0649D4159-LeaderElection17] INFO  impl.LeaderElection (LeaderElection.java:askForVotes(339)) - s1@group-F5D0649D4159-LeaderElection17 PRE_VOTE round 109: result TIMEOUT
2024-10-07 19:12:26,829 [s1@group-F5D0649D4159-LeaderElection17] INFO  impl.LeaderElection (LeaderElection.java:askForVotes(337)) - s1@group-F5D0649D4159-LeaderElection17 PRE_VOTE round 110: submit vote requests at term 2 for conf: {index: 1, cur=peers:[s3|localhost:15152, s4|localhost:15156, s0|localhost:15140, s1|localhost:15144, s2|localhost:15148]|listeners:[], old=null}
2024-10-07 19:12:26,829 [NettyRpcService-workerGroup--thread3] INFO  server.RaftServer$Division (RaftServerImpl.java:requestVote(1443)) - s0@group-F5D0649D4159: receive requestVote(PRE_VOTE, s1, group-F5D0649D4159, 2, (t:2, i:2))
2024-10-07 19:12:26,830 [s1@group-F5D0649D4159-LeaderElection17] INFO  impl.LeaderElection (LogUtils.java:infoOrTrace(136)) - s1@group-F5D0649D4159-LeaderElection17 got exception when requesting votes: java.util.concurrent.ExecutionException: org.apache.ratis.thirdparty.io.netty.channel.AbstractChannel$AnnotatedConnectException: finishConnect(..) failed: Connection refused: localhost/127.0.0.1:15148
2024-10-07 19:12:26,830 [NettyRpcService-workerGroup--thread3] INFO  impl.VoteContext (VoteContext.java:log(49)) - s0@group-F5D0649D4159-CANDIDATE: accept PRE_VOTE from s1: our priority 0 <= candidate's priority 0
2024-10-07 19:12:26,830 [s1@group-F5D0649D4159-LeaderElection17] INFO  impl.LeaderElection (LogUtils.java:infoOrTrace(136)) - s1@group-F5D0649D4159-LeaderElection17 got exception when requesting votes: java.util.concurrent.ExecutionException: org.apache.ratis.thirdparty.io.netty.channel.AbstractChannel$AnnotatedConnectException: finishConnect(..) failed: Connection refused: localhost/127.0.0.1:15156
2024-10-07 19:12:26,830 [NettyRpcService-workerGroup--thread3] INFO  server.RaftServer$Division (RaftServerImpl.java:requestVote(1476)) - s0@group-F5D0649D4159 replies to PRE_VOTE vote request: s1<-s0#0:OK-t2. Peer's state: s0@group-F5D0649D4159:t2, leader=null, voted=s4, raftlog=Memoized:s0@group-F5D0649D4159-SegmentedRaftLog:OPENED:c2:last(t:2, i:2), conf=conf: {index: 1, cur=peers:[s3|localhost:15152, s4|localhost:15156, s0|localhost:15140, s1|localhost:15144, s2|localhost:15148]|listeners:[], old=null}
2024-10-07 19:12:27,020 [s0@group-F5D0649D4159-LeaderElection18] INFO  impl.LeaderElection (LeaderElection.java:logAndReturn(90)) - s0@group-F5D0649D4159-LeaderElection18: PRE_VOTE TIMEOUT received 1 response(s) and 2 exception(s):
2024-10-07 19:12:27,020 [s0@group-F5D0649D4159-LeaderElection18] INFO  impl.LeaderElection (LeaderElection.java:logAndReturn(94)) -   Response 0: s0<-s1#0:OK-t2
2024-10-07 19:12:27,020 [s0@group-F5D0649D4159-LeaderElection18] INFO  impl.LeaderElection (LogUtils.java:infoOrTrace(136)) -   Exception 1: java.util.concurrent.ExecutionException: org.apache.ratis.thirdparty.io.netty.channel.AbstractChannel$AnnotatedConnectException: finishConnect(..) failed: Connection refused: localhost/127.0.0.1:15148
2024-10-07 19:12:27,020 [s0@group-F5D0649D4159-LeaderElection18] INFO  impl.LeaderElection (LogUtils.java:infoOrTrace(136)) -   Exception 2: java.util.concurrent.ExecutionException: org.apache.ratis.thirdparty.io.netty.channel.AbstractChannel$AnnotatedConnectException: finishConnect(..) failed: Connection refused: localhost/127.0.0.1:15156
2024-10-07 19:12:27,020 [s0@group-F5D0649D4159-LeaderElection18] INFO  impl.LeaderElection (LeaderElection.java:askForVotes(339)) - s0@group-F5D0649D4159-LeaderElection18 PRE_VOTE round 94: result TIMEOUT
2024-10-07 19:12:27,020 [s0@group-F5D0649D4159-LeaderElection18] INFO  impl.LeaderElection (LeaderElection.java:askForVotes(337)) - s0@group-F5D0649D4159-LeaderElection18 PRE_VOTE round 95: submit vote requests at term 2 for conf: {index: 1, cur=peers:[s3|localhost:15152, s4|localhost:15156, s0|localhost:15140, s1|localhost:15144, s2|localhost:15148]|listeners:[], old=null}
2024-10-07 19:12:27,021 [NettyRpcService-workerGroup--thread3] INFO  server.RaftServer$Division (RaftServerImpl.java:requestVote(1443)) - s1@group-F5D0649D4159: receive requestVote(PRE_VOTE, s0, group-F5D0649D4159, 2, (t:2, i:2))
2024-10-07 19:12:27,022 [s0@group-F5D0649D4159-LeaderElection18] INFO  impl.LeaderElection (LogUtils.java:infoOrTrace(136)) - s0@group-F5D0649D4159-LeaderElection18 got exception when requesting votes: java.util.concurrent.ExecutionException: org.apache.ratis.thirdparty.io.netty.channel.AbstractChannel$AnnotatedConnectException: finishConnect(..) failed: Connection refused: localhost/127.0.0.1:15148
2024-10-07 19:12:27,022 [NettyRpcService-workerGroup--thread3] INFO  impl.VoteContext (VoteContext.java:log(49)) - s1@group-F5D0649D4159-CANDIDATE: accept PRE_VOTE from s0: our priority 0 <= candidate's priority 0
2024-10-07 19:12:27,022 [s0@group-F5D0649D4159-LeaderElection18] INFO  impl.LeaderElection (LogUtils.java:infoOrTrace(136)) - s0@group-F5D0649D4159-LeaderElection18 got exception when requesting votes: java.util.concurrent.ExecutionException: org.apache.ratis.thirdparty.io.netty.channel.AbstractChannel$AnnotatedConnectException: finishConnect(..) failed: Connection refused: localhost/127.0.0.1:15156
2024-10-07 19:12:27,022 [NettyRpcService-workerGroup--thread3] INFO  server.RaftServer$Division (RaftServerImpl.java:requestVote(1476)) - s1@group-F5D0649D4159 replies to PRE_VOTE vote request: s0<-s1#0:OK-t2. Peer's state: s1@group-F5D0649D4159:t2, leader=null, voted=s4, raftlog=Memoized:s1@group-F5D0649D4159-SegmentedRaftLog:OPENED:c2:last(t:2, i:2), conf=conf: {index: 1, cur=peers:[s3|localhost:15152, s4|localhost:15156, s0|localhost:15140, s1|localhost:15144, s2|localhost:15148]|listeners:[], old=null}
2024-10-07 19:12:27,066 [s1@group-F5D0649D4159-LeaderElection17] INFO  impl.LeaderElection (LeaderElection.java:logAndReturn(90)) - s1@group-F5D0649D4159-LeaderElection17: PRE_VOTE TIMEOUT received 1 response(s) and 2 exception(s):
2024-10-07 19:12:27,066 [s1@group-F5D0649D4159-LeaderElection17] INFO  impl.LeaderElection (LeaderElection.java:logAndReturn(94)) -   Response 0: s1<-s0#0:OK-t2
2024-10-07 19:12:27,066 [s1@group-F5D0649D4159-LeaderElection17] INFO  impl.LeaderElection (LogUtils.java:infoOrTrace(136)) -   Exception 1: java.util.concurrent.ExecutionException: org.apache.ratis.thirdparty.io.netty.channel.AbstractChannel$AnnotatedConnectException: finishConnect(..) failed: Connection refused: localhost/127.0.0.1:15148
2024-10-07 19:12:27,066 [s1@group-F5D0649D4159-LeaderElection17] INFO  impl.LeaderElection (LogUtils.java:infoOrTrace(136)) -   Exception 2: java.util.concurrent.ExecutionException: org.apache.ratis.thirdparty.io.netty.channel.AbstractChannel$AnnotatedConnectException: finishConnect(..) failed: Connection refused: localhost/127.0.0.1:15156
2024-10-07 19:12:27,067 [s1@group-F5D0649D4159-LeaderElection17] INFO  impl.LeaderElection (LeaderElection.java:askForVotes(339)) - s1@group-F5D0649D4159-LeaderElection17 PRE_VOTE round 110: result TIMEOUT
2024-10-07 19:12:27,067 [s1@group-F5D0649D4159-LeaderElection17] INFO  impl.LeaderElection (LeaderElection.java:askForVotes(337)) - s1@group-F5D0649D4159-LeaderElection17 PRE_VOTE round 111: submit vote requests at term 2 for conf: {index: 1, cur=peers:[s3|localhost:15152, s4|localhost:15156, s0|localhost:15140, s1|localhost:15144, s2|localhost:15148]|listeners:[], old=null}
2024-10-07 19:12:27,067 [NettyRpcService-workerGroup--thread3] INFO  server.RaftServer$Division (RaftServerImpl.java:requestVote(1443)) - s0@group-F5D0649D4159: receive requestVote(PRE_VOTE, s1, group-F5D0649D4159, 2, (t:2, i:2))
2024-10-07 19:12:27,068 [NettyRpcService-workerGroup--thread3] INFO  impl.VoteContext (VoteContext.java:log(49)) - s0@group-F5D0649D4159-CANDIDATE: accept PRE_VOTE from s1: our priority 0 <= candidate's priority 0
2024-10-07 19:12:27,068 [NettyRpcService-workerGroup--thread3] INFO  server.RaftServer$Division (RaftServerImpl.java:requestVote(1476)) - s0@group-F5D0649D4159 replies to PRE_VOTE vote request: s1<-s0#0:OK-t2. Peer's state: s0@group-F5D0649D4159:t2, leader=null, voted=s4, raftlog=Memoized:s0@group-F5D0649D4159-SegmentedRaftLog:OPENED:c2:last(t:2, i:2), conf=conf: {index: 1, cur=peers:[s3|localhost:15152, s4|localhost:15156, s0|localhost:15140, s1|localhost:15144, s2|localhost:15148]|listeners:[], old=null}
2024-10-07 19:12:27,068 [s1@group-F5D0649D4159-LeaderElection17] INFO  impl.LeaderElection (LogUtils.java:infoOrTrace(136)) - s1@group-F5D0649D4159-LeaderElection17 got exception when requesting votes: java.util.concurrent.ExecutionException: org.apache.ratis.thirdparty.io.netty.channel.AbstractChannel$AnnotatedConnectException: finishConnect(..) failed: Connection refused: localhost/127.0.0.1:15148
2024-10-07 19:12:27,068 [s1@group-F5D0649D4159-LeaderElection17] INFO  impl.LeaderElection (LogUtils.java:infoOrTrace(136)) - s1@group-F5D0649D4159-LeaderElection17 got exception when requesting votes: java.util.concurrent.ExecutionException: org.apache.ratis.thirdparty.io.netty.channel.AbstractChannel$AnnotatedConnectException: finishConnect(..) failed: Connection refused: localhost/127.0.0.1:15156
2024-10-07 19:12:27,112 [main] WARN  ratis.RaftTestUtil (RaftTestUtil.java:lambda$waitForLeader$3(126)) - Attempt #57 failed: java.lang.IllegalStateException: No leader yet : printing ALL groups
  s3:  RUNNING  FOLLOWER s3@group-F5D0649D4159:t1, leader=null, voted=null, raftlog=Memoized:s3@group-F5D0649D4159-SegmentedRaftLog:OPENED:c-1:lastnull, conf=conf: {index: -1, cur=peers:[s3|localhost:15152, s4|localhost:15156, s0|localhost:15140, s1|localhost:15144, s2|localhost:15148]|listeners:[], old=null} RUNNING
  s4:   CLOSED    LEADER s4@group-F5D0649D4159:t2, leader=s4, voted=s4, raftlog=Memoized:s4@group-F5D0649D4159-SegmentedRaftLog:CLOSED:c2, conf=conf: {index: 1, cur=peers:[s3|localhost:15152, s4|localhost:15156, s0|localhost:15140, s1|localhost:15144, s2|localhost:15148]|listeners:[], old=null} CLOSED
  s0:  RUNNING CANDIDATE s0@group-F5D0649D4159:t2, leader=null, voted=s4, raftlog=Memoized:s0@group-F5D0649D4159-SegmentedRaftLog:OPENED:c2:last(t:2, i:2), conf=conf: {index: 1, cur=peers:[s3|localhost:15152, s4|localhost:15156, s0|localhost:15140, s1|localhost:15144, s2|localhost:15148]|listeners:[], old=null} RUNNING
  s1:  RUNNING CANDIDATE s1@group-F5D0649D4159:t2, leader=null, voted=s4, raftlog=Memoized:s1@group-F5D0649D4159-SegmentedRaftLog:OPENED:c2:last(t:2, i:2), conf=conf: {index: 1, cur=peers:[s3|localhost:15152, s4|localhost:15156, s0|localhost:15140, s1|localhost:15144, s2|localhost:15148]|listeners:[], old=null} RUNNING
  s2:   CLOSED    LEADER s2@group-F5D0649D4159:t1, leader=s2, voted=s2, raftlog=Memoized:s2@group-F5D0649D4159-SegmentedRaftLog:CLOSED:c0, conf=conf: {index: 0, cur=peers:[s3|localhost:15152, s4|localhost:15156, s0|localhost:15140, s1|localhost:15144, s2|localhost:15148]|listeners:[], old=null} CLOSED
2024-10-07 19:12:27,258 [s0@group-F5D0649D4159-LeaderElection18] INFO  impl.LeaderElection (LeaderElection.java:logAndReturn(90)) - s0@group-F5D0649D4159-LeaderElection18: PRE_VOTE TIMEOUT received 1 response(s) and 2 exception(s):
2024-10-07 19:12:27,258 [s0@group-F5D0649D4159-LeaderElection18] INFO  impl.LeaderElection (LeaderElection.java:logAndReturn(94)) -   Response 0: s0<-s1#0:OK-t2
2024-10-07 19:12:27,258 [s0@group-F5D0649D4159-LeaderElection18] INFO  impl.LeaderElection (LogUtils.java:infoOrTrace(136)) -   Exception 1: java.util.concurrent.ExecutionException: org.apache.ratis.thirdparty.io.netty.channel.AbstractChannel$AnnotatedConnectException: finishConnect(..) failed: Connection refused: localhost/127.0.0.1:15148
2024-10-07 19:12:27,258 [s0@group-F5D0649D4159-LeaderElection18] INFO  impl.LeaderElection (LogUtils.java:infoOrTrace(136)) -   Exception 2: java.util.concurrent.ExecutionException: org.apache.ratis.thirdparty.io.netty.channel.AbstractChannel$AnnotatedConnectException: finishConnect(..) failed: Connection refused: localhost/127.0.0.1:15156
2024-10-07 19:12:27,258 [s0@group-F5D0649D4159-LeaderElection18] INFO  impl.LeaderElection (LeaderElection.java:askForVotes(339)) - s0@group-F5D0649D4159-LeaderElection18 PRE_VOTE round 95: result TIMEOUT
2024-10-07 19:12:27,259 [s0@group-F5D0649D4159-LeaderElection18] INFO  impl.LeaderElection (LeaderElection.java:askForVotes(337)) - s0@group-F5D0649D4159-LeaderElection18 PRE_VOTE round 96: submit vote requests at term 2 for conf: {index: 1, cur=peers:[s3|localhost:15152, s4|localhost:15156, s0|localhost:15140, s1|localhost:15144, s2|localhost:15148]|listeners:[], old=null}
2024-10-07 19:12:27,259 [NettyRpcService-workerGroup--thread3] INFO  server.RaftServer$Division (RaftServerImpl.java:requestVote(1443)) - s1@group-F5D0649D4159: receive requestVote(PRE_VOTE, s0, group-F5D0649D4159, 2, (t:2, i:2))
2024-10-07 19:12:27,260 [NettyRpcService-workerGroup--thread3] INFO  impl.VoteContext (VoteContext.java:log(49)) - s1@group-F5D0649D4159-CANDIDATE: accept PRE_VOTE from s0: our priority 0 <= candidate's priority 0
2024-10-07 19:12:27,260 [s0@group-F5D0649D4159-LeaderElection18] INFO  impl.LeaderElection (LogUtils.java:infoOrTrace(136)) - s0@group-F5D0649D4159-LeaderElection18 got exception when requesting votes: java.util.concurrent.ExecutionException: org.apache.ratis.thirdparty.io.netty.channel.AbstractChannel$AnnotatedConnectException: finishConnect(..) failed: Connection refused: localhost/127.0.0.1:15148
2024-10-07 19:12:27,260 [NettyRpcService-workerGroup--thread3] INFO  server.RaftServer$Division (RaftServerImpl.java:requestVote(1476)) - s1@group-F5D0649D4159 replies to PRE_VOTE vote request: s0<-s1#0:OK-t2. Peer's state: s1@group-F5D0649D4159:t2, leader=null, voted=s4, raftlog=Memoized:s1@group-F5D0649D4159-SegmentedRaftLog:OPENED:c2:last(t:2, i:2), conf=conf: {index: 1, cur=peers:[s3|localhost:15152, s4|localhost:15156, s0|localhost:15140, s1|localhost:15144, s2|localhost:15148]|listeners:[], old=null}
2024-10-07 19:12:27,260 [s0@group-F5D0649D4159-LeaderElection18] INFO  impl.LeaderElection (LogUtils.java:infoOrTrace(136)) - s0@group-F5D0649D4159-LeaderElection18 got exception when requesting votes: java.util.concurrent.ExecutionException: org.apache.ratis.thirdparty.io.netty.channel.AbstractChannel$AnnotatedConnectException: finishConnect(..) failed: Connection refused: localhost/127.0.0.1:15156
2024-10-07 19:12:27,278 [s1@group-F5D0649D4159-LeaderElection17] INFO  impl.LeaderElection (LeaderElection.java:logAndReturn(90)) - s1@group-F5D0649D4159-LeaderElection17: PRE_VOTE TIMEOUT received 1 response(s) and 2 exception(s):
2024-10-07 19:12:27,278 [s1@group-F5D0649D4159-LeaderElection17] INFO  impl.LeaderElection (LeaderElection.java:logAndReturn(94)) -   Response 0: s1<-s0#0:OK-t2
2024-10-07 19:12:27,278 [s1@group-F5D0649D4159-LeaderElection17] INFO  impl.LeaderElection (LogUtils.java:infoOrTrace(136)) -   Exception 1: java.util.concurrent.ExecutionException: org.apache.ratis.thirdparty.io.netty.channel.AbstractChannel$AnnotatedConnectException: finishConnect(..) failed: Connection refused: localhost/127.0.0.1:15148
2024-10-07 19:12:27,279 [s1@group-F5D0649D4159-LeaderElection17] INFO  impl.LeaderElection (LogUtils.java:infoOrTrace(136)) -   Exception 2: java.util.concurrent.ExecutionException: org.apache.ratis.thirdparty.io.netty.channel.AbstractChannel$AnnotatedConnectException: finishConnect(..) failed: Connection refused: localhost/127.0.0.1:15156
2024-10-07 19:12:27,279 [s1@group-F5D0649D4159-LeaderElection17] INFO  impl.LeaderElection (LeaderElection.java:askForVotes(339)) - s1@group-F5D0649D4159-LeaderElection17 PRE_VOTE round 111: result TIMEOUT
2024-10-07 19:12:27,279 [s1@group-F5D0649D4159-LeaderElection17] INFO  impl.LeaderElection (LeaderElection.java:askForVotes(337)) - s1@group-F5D0649D4159-LeaderElection17 PRE_VOTE round 112: submit vote requests at term 2 for conf: {index: 1, cur=peers:[s3|localhost:15152, s4|localhost:15156, s0|localhost:15140, s1|localhost:15144, s2|localhost:15148]|listeners:[], old=null}
2024-10-07 19:12:27,279 [NettyRpcService-workerGroup--thread3] INFO  server.RaftServer$Division (RaftServerImpl.java:requestVote(1443)) - s0@group-F5D0649D4159: receive requestVote(PRE_VOTE, s1, group-F5D0649D4159, 2, (t:2, i:2))
2024-10-07 19:12:27,279 [s1@group-F5D0649D4159-LeaderElection17] INFO  impl.LeaderElection (LogUtils.java:infoOrTrace(136)) - s1@group-F5D0649D4159-LeaderElection17 got exception when requesting votes: java.util.concurrent.ExecutionException: org.apache.ratis.thirdparty.io.netty.channel.AbstractChannel$AnnotatedConnectException: finishConnect(..) failed: Connection refused: localhost/127.0.0.1:15156
2024-10-07 19:12:27,280 [s1@group-F5D0649D4159-LeaderElection17] INFO  impl.LeaderElection (LogUtils.java:infoOrTrace(136)) - s1@group-F5D0649D4159-LeaderElection17 got exception when requesting votes: java.util.concurrent.ExecutionException: org.apache.ratis.thirdparty.io.netty.channel.AbstractChannel$AnnotatedConnectException: finishConnect(..) failed: Connection refused: localhost/127.0.0.1:15148
2024-10-07 19:12:27,280 [NettyRpcService-workerGroup--thread3] INFO  impl.VoteContext (VoteContext.java:log(49)) - s0@group-F5D0649D4159-CANDIDATE: accept PRE_VOTE from s1: our priority 0 <= candidate's priority 0
2024-10-07 19:12:27,280 [NettyRpcService-workerGroup--thread3] INFO  server.RaftServer$Division (RaftServerImpl.java:requestVote(1476)) - s0@group-F5D0649D4159 replies to PRE_VOTE vote request: s1<-s0#0:OK-t2. Peer's state: s0@group-F5D0649D4159:t2, leader=null, voted=s4, raftlog=Memoized:s0@group-F5D0649D4159-SegmentedRaftLog:OPENED:c2:last(t:2, i:2), conf=conf: {index: 1, cur=peers:[s3|localhost:15152, s4|localhost:15156, s0|localhost:15140, s1|localhost:15144, s2|localhost:15148]|listeners:[], old=null}
2024-10-07 19:12:27,481 [s1@group-F5D0649D4159-LeaderElection17] INFO  impl.LeaderElection (LeaderElection.java:logAndReturn(90)) - s1@group-F5D0649D4159-LeaderElection17: PRE_VOTE TIMEOUT received 1 response(s) and 2 exception(s):
2024-10-07 19:12:27,481 [s1@group-F5D0649D4159-LeaderElection17] INFO  impl.LeaderElection (LeaderElection.java:logAndReturn(94)) -   Response 0: s1<-s0#0:OK-t2
2024-10-07 19:12:27,482 [s1@group-F5D0649D4159-LeaderElection17] INFO  impl.LeaderElection (LogUtils.java:infoOrTrace(136)) -   Exception 1: java.util.concurrent.ExecutionException: org.apache.ratis.thirdparty.io.netty.channel.AbstractChannel$AnnotatedConnectException: finishConnect(..) failed: Connection refused: localhost/127.0.0.1:15156
2024-10-07 19:12:27,482 [s1@group-F5D0649D4159-LeaderElection17] INFO  impl.LeaderElection (LogUtils.java:infoOrTrace(136)) -   Exception 2: java.util.concurrent.ExecutionException: org.apache.ratis.thirdparty.io.netty.channel.AbstractChannel$AnnotatedConnectException: finishConnect(..) failed: Connection refused: localhost/127.0.0.1:15148
2024-10-07 19:12:27,482 [s1@group-F5D0649D4159-LeaderElection17] INFO  impl.LeaderElection (LeaderElection.java:askForVotes(339)) - s1@group-F5D0649D4159-LeaderElection17 PRE_VOTE round 112: result TIMEOUT
2024-10-07 19:12:27,482 [s1@group-F5D0649D4159-LeaderElection17] INFO  impl.LeaderElection (LeaderElection.java:askForVotes(337)) - s1@group-F5D0649D4159-LeaderElection17 PRE_VOTE round 113: submit vote requests at term 2 for conf: {index: 1, cur=peers:[s3|localhost:15152, s4|localhost:15156, s0|localhost:15140, s1|localhost:15144, s2|localhost:15148]|listeners:[], old=null}
2024-10-07 19:12:27,483 [NettyRpcService-workerGroup--thread3] INFO  server.RaftServer$Division (RaftServerImpl.java:requestVote(1443)) - s0@group-F5D0649D4159: receive requestVote(PRE_VOTE, s1, group-F5D0649D4159, 2, (t:2, i:2))
2024-10-07 19:12:27,483 [NettyRpcService-workerGroup--thread3] INFO  impl.VoteContext (VoteContext.java:log(49)) - s0@group-F5D0649D4159-CANDIDATE: accept PRE_VOTE from s1: our priority 0 <= candidate's priority 0
2024-10-07 19:12:27,483 [s1@group-F5D0649D4159-LeaderElection17] INFO  impl.LeaderElection (LogUtils.java:infoOrTrace(136)) - s1@group-F5D0649D4159-LeaderElection17 got exception when requesting votes: java.util.concurrent.ExecutionException: org.apache.ratis.thirdparty.io.netty.channel.AbstractChannel$AnnotatedConnectException: finishConnect(..) failed: Connection refused: localhost/127.0.0.1:15156
2024-10-07 19:12:27,483 [NettyRpcService-workerGroup--thread3] INFO  server.RaftServer$Division (RaftServerImpl.java:requestVote(1476)) - s0@group-F5D0649D4159 replies to PRE_VOTE vote request: s1<-s0#0:OK-t2. Peer's state: s0@group-F5D0649D4159:t2, leader=null, voted=s4, raftlog=Memoized:s0@group-F5D0649D4159-SegmentedRaftLog:OPENED:c2:last(t:2, i:2), conf=conf: {index: 1, cur=peers:[s3|localhost:15152, s4|localhost:15156, s0|localhost:15140, s1|localhost:15144, s2|localhost:15148]|listeners:[], old=null}
2024-10-07 19:12:27,483 [s1@group-F5D0649D4159-LeaderElection17] INFO  impl.LeaderElection (LogUtils.java:infoOrTrace(136)) - s1@group-F5D0649D4159-LeaderElection17 got exception when requesting votes: java.util.concurrent.ExecutionException: org.apache.ratis.thirdparty.io.netty.channel.AbstractChannel$AnnotatedConnectException: finishConnect(..) failed: Connection refused: localhost/127.0.0.1:15148
2024-10-07 19:12:27,543 [s0@group-F5D0649D4159-LeaderElection18] INFO  impl.LeaderElection (LeaderElection.java:logAndReturn(90)) - s0@group-F5D0649D4159-LeaderElection18: PRE_VOTE TIMEOUT received 1 response(s) and 2 exception(s):
2024-10-07 19:12:27,543 [s0@group-F5D0649D4159-LeaderElection18] INFO  impl.LeaderElection (LeaderElection.java:logAndReturn(94)) -   Response 0: s0<-s1#0:OK-t2
2024-10-07 19:12:27,543 [s0@group-F5D0649D4159-LeaderElection18] INFO  impl.LeaderElection (LogUtils.java:infoOrTrace(136)) -   Exception 1: java.util.concurrent.ExecutionException: org.apache.ratis.thirdparty.io.netty.channel.AbstractChannel$AnnotatedConnectException: finishConnect(..) failed: Connection refused: localhost/127.0.0.1:15148
2024-10-07 19:12:27,543 [s0@group-F5D0649D4159-LeaderElection18] INFO  impl.LeaderElection (LogUtils.java:infoOrTrace(136)) -   Exception 2: java.util.concurrent.ExecutionException: org.apache.ratis.thirdparty.io.netty.channel.AbstractChannel$AnnotatedConnectException: finishConnect(..) failed: Connection refused: localhost/127.0.0.1:15156
2024-10-07 19:12:27,544 [s0@group-F5D0649D4159-LeaderElection18] INFO  impl.LeaderElection (LeaderElection.java:askForVotes(339)) - s0@group-F5D0649D4159-LeaderElection18 PRE_VOTE round 96: result TIMEOUT
2024-10-07 19:12:27,544 [s0@group-F5D0649D4159-LeaderElection18] INFO  impl.LeaderElection (LeaderElection.java:askForVotes(337)) - s0@group-F5D0649D4159-LeaderElection18 PRE_VOTE round 97: submit vote requests at term 2 for conf: {index: 1, cur=peers:[s3|localhost:15152, s4|localhost:15156, s0|localhost:15140, s1|localhost:15144, s2|localhost:15148]|listeners:[], old=null}
2024-10-07 19:12:27,545 [NettyRpcService-workerGroup--thread3] INFO  server.RaftServer$Division (RaftServerImpl.java:requestVote(1443)) - s1@group-F5D0649D4159: receive requestVote(PRE_VOTE, s0, group-F5D0649D4159, 2, (t:2, i:2))
2024-10-07 19:12:27,545 [s0@group-F5D0649D4159-LeaderElection18] INFO  impl.LeaderElection (LogUtils.java:infoOrTrace(136)) - s0@group-F5D0649D4159-LeaderElection18 got exception when requesting votes: java.util.concurrent.ExecutionException: org.apache.ratis.thirdparty.io.netty.channel.AbstractChannel$AnnotatedConnectException: finishConnect(..) failed: Connection refused: localhost/127.0.0.1:15156
2024-10-07 19:12:27,545 [NettyRpcService-workerGroup--thread3] INFO  impl.VoteContext (VoteContext.java:log(49)) - s1@group-F5D0649D4159-CANDIDATE: accept PRE_VOTE from s0: our priority 0 <= candidate's priority 0
2024-10-07 19:12:27,545 [s0@group-F5D0649D4159-LeaderElection18] INFO  impl.LeaderElection (LogUtils.java:infoOrTrace(136)) - s0@group-F5D0649D4159-LeaderElection18 got exception when requesting votes: java.util.concurrent.ExecutionException: org.apache.ratis.thirdparty.io.netty.channel.AbstractChannel$AnnotatedConnectException: finishConnect(..) failed: Connection refused: localhost/127.0.0.1:15148
2024-10-07 19:12:27,545 [NettyRpcService-workerGroup--thread3] INFO  server.RaftServer$Division (RaftServerImpl.java:requestVote(1476)) - s1@group-F5D0649D4159 replies to PRE_VOTE vote request: s0<-s1#0:OK-t2. Peer's state: s1@group-F5D0649D4159:t2, leader=null, voted=s4, raftlog=Memoized:s1@group-F5D0649D4159-SegmentedRaftLog:OPENED:c2:last(t:2, i:2), conf=conf: {index: 1, cur=peers:[s3|localhost:15152, s4|localhost:15156, s0|localhost:15140, s1|localhost:15144, s2|localhost:15148]|listeners:[], old=null}
2024-10-07 19:12:27,562 [main] WARN  ratis.RaftTestUtil (RaftTestUtil.java:lambda$waitForLeader$3(126)) - Attempt #58 failed: java.lang.IllegalStateException: No leader yet : printing ALL groups
  s3:  RUNNING  FOLLOWER s3@group-F5D0649D4159:t1, leader=null, voted=null, raftlog=Memoized:s3@group-F5D0649D4159-SegmentedRaftLog:OPENED:c-1:lastnull, conf=conf: {index: -1, cur=peers:[s3|localhost:15152, s4|localhost:15156, s0|localhost:15140, s1|localhost:15144, s2|localhost:15148]|listeners:[], old=null} RUNNING
  s4:   CLOSED    LEADER s4@group-F5D0649D4159:t2, leader=s4, voted=s4, raftlog=Memoized:s4@group-F5D0649D4159-SegmentedRaftLog:CLOSED:c2, conf=conf: {index: 1, cur=peers:[s3|localhost:15152, s4|localhost:15156, s0|localhost:15140, s1|localhost:15144, s2|localhost:15148]|listeners:[], old=null} CLOSED
  s0:  RUNNING CANDIDATE s0@group-F5D0649D4159:t2, leader=null, voted=s4, raftlog=Memoized:s0@group-F5D0649D4159-SegmentedRaftLog:OPENED:c2:last(t:2, i:2), conf=conf: {index: 1, cur=peers:[s3|localhost:15152, s4|localhost:15156, s0|localhost:15140, s1|localhost:15144, s2|localhost:15148]|listeners:[], old=null} RUNNING
  s1:  RUNNING CANDIDATE s1@group-F5D0649D4159:t2, leader=null, voted=s4, raftlog=Memoized:s1@group-F5D0649D4159-SegmentedRaftLog:OPENED:c2:last(t:2, i:2), conf=conf: {index: 1, cur=peers:[s3|localhost:15152, s4|localhost:15156, s0|localhost:15140, s1|localhost:15144, s2|localhost:15148]|listeners:[], old=null} RUNNING
  s2:   CLOSED    LEADER s2@group-F5D0649D4159:t1, leader=s2, voted=s2, raftlog=Memoized:s2@group-F5D0649D4159-SegmentedRaftLog:CLOSED:c0, conf=conf: {index: 0, cur=peers:[s3|localhost:15152, s4|localhost:15156, s0|localhost:15140, s1|localhost:15144, s2|localhost:15148]|listeners:[], old=null} CLOSED
2024-10-07 19:12:27,690 [s1@group-F5D0649D4159-LeaderElection17] INFO  impl.LeaderElection (LeaderElection.java:logAndReturn(90)) - s1@group-F5D0649D4159-LeaderElection17: PRE_VOTE TIMEOUT received 1 response(s) and 2 exception(s):
2024-10-07 19:12:27,690 [s1@group-F5D0649D4159-LeaderElection17] INFO  impl.LeaderElection (LeaderElection.java:logAndReturn(94)) -   Response 0: s1<-s0#0:OK-t2
2024-10-07 19:12:27,690 [s1@group-F5D0649D4159-LeaderElection17] INFO  impl.LeaderElection (LogUtils.java:infoOrTrace(136)) -   Exception 1: java.util.concurrent.ExecutionException: org.apache.ratis.thirdparty.io.netty.channel.AbstractChannel$AnnotatedConnectException: finishConnect(..) failed: Connection refused: localhost/127.0.0.1:15156
2024-10-07 19:12:27,691 [s1@group-F5D0649D4159-LeaderElection17] INFO  impl.LeaderElection (LogUtils.java:infoOrTrace(136)) -   Exception 2: java.util.concurrent.ExecutionException: org.apache.ratis.thirdparty.io.netty.channel.AbstractChannel$AnnotatedConnectException: finishConnect(..) failed: Connection refused: localhost/127.0.0.1:15148
2024-10-07 19:12:27,691 [s1@group-F5D0649D4159-LeaderElection17] INFO  impl.LeaderElection (LeaderElection.java:askForVotes(339)) - s1@group-F5D0649D4159-LeaderElection17 PRE_VOTE round 113: result TIMEOUT
2024-10-07 19:12:27,691 [s1@group-F5D0649D4159-LeaderElection17] INFO  impl.LeaderElection (LeaderElection.java:askForVotes(337)) - s1@group-F5D0649D4159-LeaderElection17 PRE_VOTE round 114: submit vote requests at term 2 for conf: {index: 1, cur=peers:[s3|localhost:15152, s4|localhost:15156, s0|localhost:15140, s1|localhost:15144, s2|localhost:15148]|listeners:[], old=null}
2024-10-07 19:12:27,691 [NettyRpcService-workerGroup--thread3] INFO  server.RaftServer$Division (RaftServerImpl.java:requestVote(1443)) - s0@group-F5D0649D4159: receive requestVote(PRE_VOTE, s1, group-F5D0649D4159, 2, (t:2, i:2))
2024-10-07 19:12:27,691 [NettyRpcService-workerGroup--thread3] INFO  impl.VoteContext (VoteContext.java:log(49)) - s0@group-F5D0649D4159-CANDIDATE: accept PRE_VOTE from s1: our priority 0 <= candidate's priority 0
2024-10-07 19:12:27,692 [NettyRpcService-workerGroup--thread3] INFO  server.RaftServer$Division (RaftServerImpl.java:requestVote(1476)) - s0@group-F5D0649D4159 replies to PRE_VOTE vote request: s1<-s0#0:OK-t2. Peer's state: s0@group-F5D0649D4159:t2, leader=null, voted=s4, raftlog=Memoized:s0@group-F5D0649D4159-SegmentedRaftLog:OPENED:c2:last(t:2, i:2), conf=conf: {index: 1, cur=peers:[s3|localhost:15152, s4|localhost:15156, s0|localhost:15140, s1|localhost:15144, s2|localhost:15148]|listeners:[], old=null}
2024-10-07 19:12:27,692 [s1@group-F5D0649D4159-LeaderElection17] INFO  impl.LeaderElection (LogUtils.java:infoOrTrace(136)) - s1@group-F5D0649D4159-LeaderElection17 got exception when requesting votes: java.util.concurrent.ExecutionException: org.apache.ratis.thirdparty.io.netty.channel.AbstractChannel$AnnotatedConnectException: finishConnect(..) failed: Connection refused: localhost/127.0.0.1:15156
2024-10-07 19:12:27,692 [s1@group-F5D0649D4159-LeaderElection17] INFO  impl.LeaderElection (LogUtils.java:infoOrTrace(136)) - s1@group-F5D0649D4159-LeaderElection17 got exception when requesting votes: java.util.concurrent.ExecutionException: org.apache.ratis.thirdparty.io.netty.channel.AbstractChannel$AnnotatedConnectException: finishConnect(..) failed: Connection refused: localhost/127.0.0.1:15148
2024-10-07 19:12:27,706 [s0@group-F5D0649D4159-LeaderElection18] INFO  impl.LeaderElection (LeaderElection.java:logAndReturn(90)) - s0@group-F5D0649D4159-LeaderElection18: PRE_VOTE TIMEOUT received 1 response(s) and 2 exception(s):
2024-10-07 19:12:27,706 [s0@group-F5D0649D4159-LeaderElection18] INFO  impl.LeaderElection (LeaderElection.java:logAndReturn(94)) -   Response 0: s0<-s1#0:OK-t2
2024-10-07 19:12:27,707 [s0@group-F5D0649D4159-LeaderElection18] INFO  impl.LeaderElection (LogUtils.java:infoOrTrace(136)) -   Exception 1: java.util.concurrent.ExecutionException: org.apache.ratis.thirdparty.io.netty.channel.AbstractChannel$AnnotatedConnectException: finishConnect(..) failed: Connection refused: localhost/127.0.0.1:15156
2024-10-07 19:12:27,707 [s0@group-F5D0649D4159-LeaderElection18] INFO  impl.LeaderElection (LogUtils.java:infoOrTrace(136)) -   Exception 2: java.util.concurrent.ExecutionException: org.apache.ratis.thirdparty.io.netty.channel.AbstractChannel$AnnotatedConnectException: finishConnect(..) failed: Connection refused: localhost/127.0.0.1:15148
2024-10-07 19:12:27,707 [s0@group-F5D0649D4159-LeaderElection18] INFO  impl.LeaderElection (LeaderElection.java:askForVotes(339)) - s0@group-F5D0649D4159-LeaderElection18 PRE_VOTE round 97: result TIMEOUT
2024-10-07 19:12:27,707 [s0@group-F5D0649D4159-LeaderElection18] INFO  impl.LeaderElection (LeaderElection.java:askForVotes(337)) - s0@group-F5D0649D4159-LeaderElection18 PRE_VOTE round 98: submit vote requests at term 2 for conf: {index: 1, cur=peers:[s3|localhost:15152, s4|localhost:15156, s0|localhost:15140, s1|localhost:15144, s2|localhost:15148]|listeners:[], old=null}
2024-10-07 19:12:27,707 [NettyRpcService-workerGroup--thread3] INFO  server.RaftServer$Division (RaftServerImpl.java:requestVote(1443)) - s1@group-F5D0649D4159: receive requestVote(PRE_VOTE, s0, group-F5D0649D4159, 2, (t:2, i:2))
2024-10-07 19:12:27,708 [NettyRpcService-workerGroup--thread3] INFO  impl.VoteContext (VoteContext.java:log(49)) - s1@group-F5D0649D4159-CANDIDATE: accept PRE_VOTE from s0: our priority 0 <= candidate's priority 0
2024-10-07 19:12:27,708 [s0@group-F5D0649D4159-LeaderElection18] INFO  impl.LeaderElection (LogUtils.java:infoOrTrace(136)) - s0@group-F5D0649D4159-LeaderElection18 got exception when requesting votes: java.util.concurrent.ExecutionException: org.apache.ratis.thirdparty.io.netty.channel.AbstractChannel$AnnotatedConnectException: finishConnect(..) failed: Connection refused: localhost/127.0.0.1:15156
2024-10-07 19:12:27,708 [NettyRpcService-workerGroup--thread3] INFO  server.RaftServer$Division (RaftServerImpl.java:requestVote(1476)) - s1@group-F5D0649D4159 replies to PRE_VOTE vote request: s0<-s1#0:OK-t2. Peer's state: s1@group-F5D0649D4159:t2, leader=null, voted=s4, raftlog=Memoized:s1@group-F5D0649D4159-SegmentedRaftLog:OPENED:c2:last(t:2, i:2), conf=conf: {index: 1, cur=peers:[s3|localhost:15152, s4|localhost:15156, s0|localhost:15140, s1|localhost:15144, s2|localhost:15148]|listeners:[], old=null}
2024-10-07 19:12:27,708 [s0@group-F5D0649D4159-LeaderElection18] INFO  impl.LeaderElection (LogUtils.java:infoOrTrace(136)) - s0@group-F5D0649D4159-LeaderElection18 got exception when requesting votes: java.util.concurrent.ExecutionException: org.apache.ratis.thirdparty.io.netty.channel.AbstractChannel$AnnotatedConnectException: finishConnect(..) failed: Connection refused: localhost/127.0.0.1:15148
2024-10-07 19:12:27,870 [s1@group-F5D0649D4159-LeaderElection17] INFO  impl.LeaderElection (LeaderElection.java:logAndReturn(90)) - s1@group-F5D0649D4159-LeaderElection17: PRE_VOTE TIMEOUT received 1 response(s) and 2 exception(s):
2024-10-07 19:12:27,870 [s1@group-F5D0649D4159-LeaderElection17] INFO  impl.LeaderElection (LeaderElection.java:logAndReturn(94)) -   Response 0: s1<-s0#0:OK-t2
2024-10-07 19:12:27,870 [s1@group-F5D0649D4159-LeaderElection17] INFO  impl.LeaderElection (LogUtils.java:infoOrTrace(136)) -   Exception 1: java.util.concurrent.ExecutionException: org.apache.ratis.thirdparty.io.netty.channel.AbstractChannel$AnnotatedConnectException: finishConnect(..) failed: Connection refused: localhost/127.0.0.1:15156
2024-10-07 19:12:27,870 [s1@group-F5D0649D4159-LeaderElection17] INFO  impl.LeaderElection (LogUtils.java:infoOrTrace(136)) -   Exception 2: java.util.concurrent.ExecutionException: org.apache.ratis.thirdparty.io.netty.channel.AbstractChannel$AnnotatedConnectException: finishConnect(..) failed: Connection refused: localhost/127.0.0.1:15148
2024-10-07 19:12:27,871 [s1@group-F5D0649D4159-LeaderElection17] INFO  impl.LeaderElection (LeaderElection.java:askForVotes(339)) - s1@group-F5D0649D4159-LeaderElection17 PRE_VOTE round 114: result TIMEOUT
2024-10-07 19:12:27,871 [s1@group-F5D0649D4159-LeaderElection17] INFO  impl.LeaderElection (LeaderElection.java:askForVotes(337)) - s1@group-F5D0649D4159-LeaderElection17 PRE_VOTE round 115: submit vote requests at term 2 for conf: {index: 1, cur=peers:[s3|localhost:15152, s4|localhost:15156, s0|localhost:15140, s1|localhost:15144, s2|localhost:15148]|listeners:[], old=null}
2024-10-07 19:12:27,871 [NettyRpcService-workerGroup--thread3] INFO  server.RaftServer$Division (RaftServerImpl.java:requestVote(1443)) - s0@group-F5D0649D4159: receive requestVote(PRE_VOTE, s1, group-F5D0649D4159, 2, (t:2, i:2))
2024-10-07 19:12:27,872 [NettyRpcService-workerGroup--thread3] INFO  impl.VoteContext (VoteContext.java:log(49)) - s0@group-F5D0649D4159-CANDIDATE: accept PRE_VOTE from s1: our priority 0 <= candidate's priority 0
2024-10-07 19:12:27,872 [s1@group-F5D0649D4159-LeaderElection17] INFO  impl.LeaderElection (LogUtils.java:infoOrTrace(136)) - s1@group-F5D0649D4159-LeaderElection17 got exception when requesting votes: java.util.concurrent.ExecutionException: org.apache.ratis.thirdparty.io.netty.channel.AbstractChannel$AnnotatedConnectException: finishConnect(..) failed: Connection refused: localhost/127.0.0.1:15148
2024-10-07 19:12:27,872 [NettyRpcService-workerGroup--thread3] INFO  server.RaftServer$Division (RaftServerImpl.java:requestVote(1476)) - s0@group-F5D0649D4159 replies to PRE_VOTE vote request: s1<-s0#0:OK-t2. Peer's state: s0@group-F5D0649D4159:t2, leader=null, voted=s4, raftlog=Memoized:s0@group-F5D0649D4159-SegmentedRaftLog:OPENED:c2:last(t:2, i:2), conf=conf: {index: 1, cur=peers:[s3|localhost:15152, s4|localhost:15156, s0|localhost:15140, s1|localhost:15144, s2|localhost:15148]|listeners:[], old=null}
2024-10-07 19:12:27,872 [s1@group-F5D0649D4159-LeaderElection17] INFO  impl.LeaderElection (LogUtils.java:infoOrTrace(136)) - s1@group-F5D0649D4159-LeaderElection17 got exception when requesting votes: java.util.concurrent.ExecutionException: org.apache.ratis.thirdparty.io.netty.channel.AbstractChannel$AnnotatedConnectException: finishConnect(..) failed: Connection refused: localhost/127.0.0.1:15156
2024-10-07 19:12:27,961 [s0@group-F5D0649D4159-LeaderElection18] INFO  impl.LeaderElection (LeaderElection.java:logAndReturn(90)) - s0@group-F5D0649D4159-LeaderElection18: PRE_VOTE TIMEOUT received 1 response(s) and 2 exception(s):
2024-10-07 19:12:27,962 [s0@group-F5D0649D4159-LeaderElection18] INFO  impl.LeaderElection (LeaderElection.java:logAndReturn(94)) -   Response 0: s0<-s1#0:OK-t2
2024-10-07 19:12:27,962 [s0@group-F5D0649D4159-LeaderElection18] INFO  impl.LeaderElection (LogUtils.java:infoOrTrace(136)) -   Exception 1: java.util.concurrent.ExecutionException: org.apache.ratis.thirdparty.io.netty.channel.AbstractChannel$AnnotatedConnectException: finishConnect(..) failed: Connection refused: localhost/127.0.0.1:15156
2024-10-07 19:12:27,962 [s0@group-F5D0649D4159-LeaderElection18] INFO  impl.LeaderElection (LogUtils.java:infoOrTrace(136)) -   Exception 2: java.util.concurrent.ExecutionException: org.apache.ratis.thirdparty.io.netty.channel.AbstractChannel$AnnotatedConnectException: finishConnect(..) failed: Connection refused: localhost/127.0.0.1:15148
2024-10-07 19:12:27,962 [s0@group-F5D0649D4159-LeaderElection18] INFO  impl.LeaderElection (LeaderElection.java:askForVotes(339)) - s0@group-F5D0649D4159-LeaderElection18 PRE_VOTE round 98: result TIMEOUT
2024-10-07 19:12:27,962 [s0@group-F5D0649D4159-LeaderElection18] INFO  impl.LeaderElection (LeaderElection.java:askForVotes(337)) - s0@group-F5D0649D4159-LeaderElection18 PRE_VOTE round 99: submit vote requests at term 2 for conf: {index: 1, cur=peers:[s3|localhost:15152, s4|localhost:15156, s0|localhost:15140, s1|localhost:15144, s2|localhost:15148]|listeners:[], old=null}
2024-10-07 19:12:27,963 [NettyRpcService-workerGroup--thread3] INFO  server.RaftServer$Division (RaftServerImpl.java:requestVote(1443)) - s1@group-F5D0649D4159: receive requestVote(PRE_VOTE, s0, group-F5D0649D4159, 2, (t:2, i:2))
2024-10-07 19:12:27,963 [NettyRpcService-workerGroup--thread3] INFO  impl.VoteContext (VoteContext.java:log(49)) - s1@group-F5D0649D4159-CANDIDATE: accept PRE_VOTE from s0: our priority 0 <= candidate's priority 0
2024-10-07 19:12:27,963 [s0@group-F5D0649D4159-LeaderElection18] INFO  impl.LeaderElection (LogUtils.java:infoOrTrace(136)) - s0@group-F5D0649D4159-LeaderElection18 got exception when requesting votes: java.util.concurrent.ExecutionException: org.apache.ratis.thirdparty.io.netty.channel.AbstractChannel$AnnotatedConnectException: finishConnect(..) failed: Connection refused: localhost/127.0.0.1:15156
2024-10-07 19:12:27,963 [NettyRpcService-workerGroup--thread3] INFO  server.RaftServer$Division (RaftServerImpl.java:requestVote(1476)) - s1@group-F5D0649D4159 replies to PRE_VOTE vote request: s0<-s1#0:OK-t2. Peer's state: s1@group-F5D0649D4159:t2, leader=null, voted=s4, raftlog=Memoized:s1@group-F5D0649D4159-SegmentedRaftLog:OPENED:c2:last(t:2, i:2), conf=conf: {index: 1, cur=peers:[s3|localhost:15152, s4|localhost:15156, s0|localhost:15140, s1|localhost:15144, s2|localhost:15148]|listeners:[], old=null}
2024-10-07 19:12:27,963 [s0@group-F5D0649D4159-LeaderElection18] INFO  impl.LeaderElection (LogUtils.java:infoOrTrace(136)) - s0@group-F5D0649D4159-LeaderElection18 got exception when requesting votes: java.util.concurrent.ExecutionException: org.apache.ratis.thirdparty.io.netty.channel.AbstractChannel$AnnotatedConnectException: finishConnect(..) failed: Connection refused: localhost/127.0.0.1:15148
2024-10-07 19:12:28,013 [main] WARN  ratis.RaftTestUtil (RaftTestUtil.java:lambda$waitForLeader$3(126)) - Attempt #59 failed: java.lang.IllegalStateException: No leader yet : printing ALL groups
  s3:  RUNNING  FOLLOWER s3@group-F5D0649D4159:t1, leader=null, voted=null, raftlog=Memoized:s3@group-F5D0649D4159-SegmentedRaftLog:OPENED:c-1:lastnull, conf=conf: {index: -1, cur=peers:[s3|localhost:15152, s4|localhost:15156, s0|localhost:15140, s1|localhost:15144, s2|localhost:15148]|listeners:[], old=null} RUNNING
  s4:   CLOSED    LEADER s4@group-F5D0649D4159:t2, leader=s4, voted=s4, raftlog=Memoized:s4@group-F5D0649D4159-SegmentedRaftLog:CLOSED:c2, conf=conf: {index: 1, cur=peers:[s3|localhost:15152, s4|localhost:15156, s0|localhost:15140, s1|localhost:15144, s2|localhost:15148]|listeners:[], old=null} CLOSED
  s0:  RUNNING CANDIDATE s0@group-F5D0649D4159:t2, leader=null, voted=s4, raftlog=Memoized:s0@group-F5D0649D4159-SegmentedRaftLog:OPENED:c2:last(t:2, i:2), conf=conf: {index: 1, cur=peers:[s3|localhost:15152, s4|localhost:15156, s0|localhost:15140, s1|localhost:15144, s2|localhost:15148]|listeners:[], old=null} RUNNING
  s1:  RUNNING CANDIDATE s1@group-F5D0649D4159:t2, leader=null, voted=s4, raftlog=Memoized:s1@group-F5D0649D4159-SegmentedRaftLog:OPENED:c2:last(t:2, i:2), conf=conf: {index: 1, cur=peers:[s3|localhost:15152, s4|localhost:15156, s0|localhost:15140, s1|localhost:15144, s2|localhost:15148]|listeners:[], old=null} RUNNING
  s2:   CLOSED    LEADER s2@group-F5D0649D4159:t1, leader=s2, voted=s2, raftlog=Memoized:s2@group-F5D0649D4159-SegmentedRaftLog:CLOSED:c0, conf=conf: {index: 0, cur=peers:[s3|localhost:15152, s4|localhost:15156, s0|localhost:15140, s1|localhost:15144, s2|localhost:15148]|listeners:[], old=null} CLOSED
2024-10-07 19:12:28,138 [s1@group-F5D0649D4159-LeaderElection17] INFO  impl.LeaderElection (LeaderElection.java:logAndReturn(90)) - s1@group-F5D0649D4159-LeaderElection17: PRE_VOTE TIMEOUT received 1 response(s) and 2 exception(s):
2024-10-07 19:12:28,138 [s1@group-F5D0649D4159-LeaderElection17] INFO  impl.LeaderElection (LeaderElection.java:logAndReturn(94)) -   Response 0: s1<-s0#0:OK-t2
2024-10-07 19:12:28,138 [s1@group-F5D0649D4159-LeaderElection17] INFO  impl.LeaderElection (LogUtils.java:infoOrTrace(136)) -   Exception 1: java.util.concurrent.ExecutionException: org.apache.ratis.thirdparty.io.netty.channel.AbstractChannel$AnnotatedConnectException: finishConnect(..) failed: Connection refused: localhost/127.0.0.1:15148
2024-10-07 19:12:28,138 [s1@group-F5D0649D4159-LeaderElection17] INFO  impl.LeaderElection (LogUtils.java:infoOrTrace(136)) -   Exception 2: java.util.concurrent.ExecutionException: org.apache.ratis.thirdparty.io.netty.channel.AbstractChannel$AnnotatedConnectException: finishConnect(..) failed: Connection refused: localhost/127.0.0.1:15156
2024-10-07 19:12:28,139 [s1@group-F5D0649D4159-LeaderElection17] INFO  impl.LeaderElection (LeaderElection.java:askForVotes(339)) - s1@group-F5D0649D4159-LeaderElection17 PRE_VOTE round 115: result TIMEOUT
2024-10-07 19:12:28,139 [s1@group-F5D0649D4159-LeaderElection17] INFO  impl.LeaderElection (LeaderElection.java:askForVotes(337)) - s1@group-F5D0649D4159-LeaderElection17 PRE_VOTE round 116: submit vote requests at term 2 for conf: {index: 1, cur=peers:[s3|localhost:15152, s4|localhost:15156, s0|localhost:15140, s1|localhost:15144, s2|localhost:15148]|listeners:[], old=null}
2024-10-07 19:12:28,139 [NettyRpcService-workerGroup--thread3] INFO  server.RaftServer$Division (RaftServerImpl.java:requestVote(1443)) - s0@group-F5D0649D4159: receive requestVote(PRE_VOTE, s1, group-F5D0649D4159, 2, (t:2, i:2))
2024-10-07 19:12:28,140 [NettyRpcService-workerGroup--thread3] INFO  impl.VoteContext (VoteContext.java:log(49)) - s0@group-F5D0649D4159-CANDIDATE: accept PRE_VOTE from s1: our priority 0 <= candidate's priority 0
2024-10-07 19:12:28,140 [NettyRpcService-workerGroup--thread3] INFO  server.RaftServer$Division (RaftServerImpl.java:requestVote(1476)) - s0@group-F5D0649D4159 replies to PRE_VOTE vote request: s1<-s0#0:OK-t2. Peer's state: s0@group-F5D0649D4159:t2, leader=null, voted=s4, raftlog=Memoized:s0@group-F5D0649D4159-SegmentedRaftLog:OPENED:c2:last(t:2, i:2), conf=conf: {index: 1, cur=peers:[s3|localhost:15152, s4|localhost:15156, s0|localhost:15140, s1|localhost:15144, s2|localhost:15148]|listeners:[], old=null}
2024-10-07 19:12:28,140 [s1@group-F5D0649D4159-LeaderElection17] INFO  impl.LeaderElection (LogUtils.java:infoOrTrace(136)) - s1@group-F5D0649D4159-LeaderElection17 got exception when requesting votes: java.util.concurrent.ExecutionException: org.apache.ratis.thirdparty.io.netty.channel.AbstractChannel$AnnotatedConnectException: finishConnect(..) failed: Connection refused: localhost/127.0.0.1:15156
2024-10-07 19:12:28,140 [s1@group-F5D0649D4159-LeaderElection17] INFO  impl.LeaderElection (LogUtils.java:infoOrTrace(136)) - s1@group-F5D0649D4159-LeaderElection17 got exception when requesting votes: java.util.concurrent.ExecutionException: org.apache.ratis.thirdparty.io.netty.channel.AbstractChannel$AnnotatedConnectException: finishConnect(..) failed: Connection refused: localhost/127.0.0.1:15148
2024-10-07 19:12:28,240 [s0@group-F5D0649D4159-LeaderElection18] INFO  impl.LeaderElection (LeaderElection.java:logAndReturn(90)) - s0@group-F5D0649D4159-LeaderElection18: PRE_VOTE TIMEOUT received 1 response(s) and 2 exception(s):
2024-10-07 19:12:28,240 [s0@group-F5D0649D4159-LeaderElection18] INFO  impl.LeaderElection (LeaderElection.java:logAndReturn(94)) -   Response 0: s0<-s1#0:OK-t2
2024-10-07 19:12:28,240 [s0@group-F5D0649D4159-LeaderElection18] INFO  impl.LeaderElection (LogUtils.java:infoOrTrace(136)) -   Exception 1: java.util.concurrent.ExecutionException: org.apache.ratis.thirdparty.io.netty.channel.AbstractChannel$AnnotatedConnectException: finishConnect(..) failed: Connection refused: localhost/127.0.0.1:15156
2024-10-07 19:12:28,240 [s0@group-F5D0649D4159-LeaderElection18] INFO  impl.LeaderElection (LogUtils.java:infoOrTrace(136)) -   Exception 2: java.util.concurrent.ExecutionException: org.apache.ratis.thirdparty.io.netty.channel.AbstractChannel$AnnotatedConnectException: finishConnect(..) failed: Connection refused: localhost/127.0.0.1:15148
2024-10-07 19:12:28,240 [s0@group-F5D0649D4159-LeaderElection18] INFO  impl.LeaderElection (LeaderElection.java:askForVotes(339)) - s0@group-F5D0649D4159-LeaderElection18 PRE_VOTE round 99: result TIMEOUT
2024-10-07 19:12:28,240 [s0@group-F5D0649D4159-LeaderElection18] INFO  impl.LeaderElection (LeaderElection.java:askForVotes(337)) - s0@group-F5D0649D4159-LeaderElection18 PRE_VOTE round 100: submit vote requests at term 2 for conf: {index: 1, cur=peers:[s3|localhost:15152, s4|localhost:15156, s0|localhost:15140, s1|localhost:15144, s2|localhost:15148]|listeners:[], old=null}
2024-10-07 19:12:28,241 [NettyRpcService-workerGroup--thread3] INFO  server.RaftServer$Division (RaftServerImpl.java:requestVote(1443)) - s1@group-F5D0649D4159: receive requestVote(PRE_VOTE, s0, group-F5D0649D4159, 2, (t:2, i:2))
2024-10-07 19:12:28,241 [NettyRpcService-workerGroup--thread3] INFO  impl.VoteContext (VoteContext.java:log(49)) - s1@group-F5D0649D4159-CANDIDATE: accept PRE_VOTE from s0: our priority 0 <= candidate's priority 0
2024-10-07 19:12:28,241 [NettyRpcService-workerGroup--thread3] INFO  server.RaftServer$Division (RaftServerImpl.java:requestVote(1476)) - s1@group-F5D0649D4159 replies to PRE_VOTE vote request: s0<-s1#0:OK-t2. Peer's state: s1@group-F5D0649D4159:t2, leader=null, voted=s4, raftlog=Memoized:s1@group-F5D0649D4159-SegmentedRaftLog:OPENED:c2:last(t:2, i:2), conf=conf: {index: 1, cur=peers:[s3|localhost:15152, s4|localhost:15156, s0|localhost:15140, s1|localhost:15144, s2|localhost:15148]|listeners:[], old=null}
2024-10-07 19:12:28,241 [s0@group-F5D0649D4159-LeaderElection18] INFO  impl.LeaderElection (LogUtils.java:infoOrTrace(136)) - s0@group-F5D0649D4159-LeaderElection18 got exception when requesting votes: java.util.concurrent.ExecutionException: org.apache.ratis.thirdparty.io.netty.channel.AbstractChannel$AnnotatedConnectException: finishConnect(..) failed: Connection refused: localhost/127.0.0.1:15156
2024-10-07 19:12:28,242 [s0@group-F5D0649D4159-LeaderElection18] INFO  impl.LeaderElection (LogUtils.java:infoOrTrace(136)) - s0@group-F5D0649D4159-LeaderElection18 got exception when requesting votes: java.util.concurrent.ExecutionException: org.apache.ratis.thirdparty.io.netty.channel.AbstractChannel$AnnotatedConnectException: finishConnect(..) failed: Connection refused: localhost/127.0.0.1:15148
2024-10-07 19:12:28,316 [s1@group-F5D0649D4159-LeaderElection17] INFO  impl.LeaderElection (LeaderElection.java:logAndReturn(90)) - s1@group-F5D0649D4159-LeaderElection17: PRE_VOTE TIMEOUT received 1 response(s) and 2 exception(s):
2024-10-07 19:12:28,316 [s1@group-F5D0649D4159-LeaderElection17] INFO  impl.LeaderElection (LeaderElection.java:logAndReturn(94)) -   Response 0: s1<-s0#0:OK-t2
2024-10-07 19:12:28,316 [s1@group-F5D0649D4159-LeaderElection17] INFO  impl.LeaderElection (LogUtils.java:infoOrTrace(136)) -   Exception 1: java.util.concurrent.ExecutionException: org.apache.ratis.thirdparty.io.netty.channel.AbstractChannel$AnnotatedConnectException: finishConnect(..) failed: Connection refused: localhost/127.0.0.1:15156
2024-10-07 19:12:28,317 [s1@group-F5D0649D4159-LeaderElection17] INFO  impl.LeaderElection (LogUtils.java:infoOrTrace(136)) -   Exception 2: java.util.concurrent.ExecutionException: org.apache.ratis.thirdparty.io.netty.channel.AbstractChannel$AnnotatedConnectException: finishConnect(..) failed: Connection refused: localhost/127.0.0.1:15148
2024-10-07 19:12:28,317 [s1@group-F5D0649D4159-LeaderElection17] INFO  impl.LeaderElection (LeaderElection.java:askForVotes(339)) - s1@group-F5D0649D4159-LeaderElection17 PRE_VOTE round 116: result TIMEOUT
2024-10-07 19:12:28,317 [s1@group-F5D0649D4159-LeaderElection17] INFO  impl.LeaderElection (LeaderElection.java:askForVotes(337)) - s1@group-F5D0649D4159-LeaderElection17 PRE_VOTE round 117: submit vote requests at term 2 for conf: {index: 1, cur=peers:[s3|localhost:15152, s4|localhost:15156, s0|localhost:15140, s1|localhost:15144, s2|localhost:15148]|listeners:[], old=null}
2024-10-07 19:12:28,318 [NettyRpcService-workerGroup--thread3] INFO  server.RaftServer$Division (RaftServerImpl.java:requestVote(1443)) - s0@group-F5D0649D4159: receive requestVote(PRE_VOTE, s1, group-F5D0649D4159, 2, (t:2, i:2))
2024-10-07 19:12:28,318 [s1@group-F5D0649D4159-LeaderElection17] INFO  impl.LeaderElection (LogUtils.java:infoOrTrace(136)) - s1@group-F5D0649D4159-LeaderElection17 got exception when requesting votes: java.util.concurrent.ExecutionException: org.apache.ratis.thirdparty.io.netty.channel.AbstractChannel$AnnotatedConnectException: finishConnect(..) failed: Connection refused: localhost/127.0.0.1:15156
2024-10-07 19:12:28,318 [NettyRpcService-workerGroup--thread3] INFO  impl.VoteContext (VoteContext.java:log(49)) - s0@group-F5D0649D4159-CANDIDATE: accept PRE_VOTE from s1: our priority 0 <= candidate's priority 0
2024-10-07 19:12:28,318 [s1@group-F5D0649D4159-LeaderElection17] INFO  impl.LeaderElection (LogUtils.java:infoOrTrace(136)) - s1@group-F5D0649D4159-LeaderElection17 got exception when requesting votes: java.util.concurrent.ExecutionException: org.apache.ratis.thirdparty.io.netty.channel.AbstractChannel$AnnotatedConnectException: finishConnect(..) failed: Connection refused: localhost/127.0.0.1:15148
2024-10-07 19:12:28,318 [NettyRpcService-workerGroup--thread3] INFO  server.RaftServer$Division (RaftServerImpl.java:requestVote(1476)) - s0@group-F5D0649D4159 replies to PRE_VOTE vote request: s1<-s0#0:OK-t2. Peer's state: s0@group-F5D0649D4159:t2, leader=null, voted=s4, raftlog=Memoized:s0@group-F5D0649D4159-SegmentedRaftLog:OPENED:c2:last(t:2, i:2), conf=conf: {index: 1, cur=peers:[s3|localhost:15152, s4|localhost:15156, s0|localhost:15140, s1|localhost:15144, s2|localhost:15148]|listeners:[], old=null}
2024-10-07 19:12:28,464 [main] WARN  ratis.RaftTestUtil (RaftTestUtil.java:lambda$waitForLeader$3(126)) - Attempt #60 failed: java.lang.IllegalStateException: No leader yet : printing ALL groups
  s3:  RUNNING  FOLLOWER s3@group-F5D0649D4159:t1, leader=null, voted=null, raftlog=Memoized:s3@group-F5D0649D4159-SegmentedRaftLog:OPENED:c-1:lastnull, conf=conf: {index: -1, cur=peers:[s3|localhost:15152, s4|localhost:15156, s0|localhost:15140, s1|localhost:15144, s2|localhost:15148]|listeners:[], old=null} RUNNING
  s4:   CLOSED    LEADER s4@group-F5D0649D4159:t2, leader=s4, voted=s4, raftlog=Memoized:s4@group-F5D0649D4159-SegmentedRaftLog:CLOSED:c2, conf=conf: {index: 1, cur=peers:[s3|localhost:15152, s4|localhost:15156, s0|localhost:15140, s1|localhost:15144, s2|localhost:15148]|listeners:[], old=null} CLOSED
  s0:  RUNNING CANDIDATE s0@group-F5D0649D4159:t2, leader=null, voted=s4, raftlog=Memoized:s0@group-F5D0649D4159-SegmentedRaftLog:OPENED:c2:last(t:2, i:2), conf=conf: {index: 1, cur=peers:[s3|localhost:15152, s4|localhost:15156, s0|localhost:15140, s1|localhost:15144, s2|localhost:15148]|listeners:[], old=null} RUNNING
  s1:  RUNNING CANDIDATE s1@group-F5D0649D4159:t2, leader=null, voted=s4, raftlog=Memoized:s1@group-F5D0649D4159-SegmentedRaftLog:OPENED:c2:last(t:2, i:2), conf=conf: {index: 1, cur=peers:[s3|localhost:15152, s4|localhost:15156, s0|localhost:15140, s1|localhost:15144, s2|localhost:15148]|listeners:[], old=null} RUNNING
  s2:   CLOSED    LEADER s2@group-F5D0649D4159:t1, leader=s2, voted=s2, raftlog=Memoized:s2@group-F5D0649D4159-SegmentedRaftLog:CLOSED:c0, conf=conf: {index: 0, cur=peers:[s3|localhost:15152, s4|localhost:15156, s0|localhost:15140, s1|localhost:15144, s2|localhost:15148]|listeners:[], old=null} CLOSED
2024-10-07 19:12:28,473 [s0@group-F5D0649D4159-LeaderElection18] INFO  impl.LeaderElection (LeaderElection.java:logAndReturn(90)) - s0@group-F5D0649D4159-LeaderElection18: PRE_VOTE TIMEOUT received 1 response(s) and 2 exception(s):
2024-10-07 19:12:28,473 [s0@group-F5D0649D4159-LeaderElection18] INFO  impl.LeaderElection (LeaderElection.java:logAndReturn(94)) -   Response 0: s0<-s1#0:OK-t2
2024-10-07 19:12:28,473 [s0@group-F5D0649D4159-LeaderElection18] INFO  impl.LeaderElection (LogUtils.java:infoOrTrace(136)) -   Exception 1: java.util.concurrent.ExecutionException: org.apache.ratis.thirdparty.io.netty.channel.AbstractChannel$AnnotatedConnectException: finishConnect(..) failed: Connection refused: localhost/127.0.0.1:15156
2024-10-07 19:12:28,473 [s0@group-F5D0649D4159-LeaderElection18] INFO  impl.LeaderElection (LogUtils.java:infoOrTrace(136)) -   Exception 2: java.util.concurrent.ExecutionException: org.apache.ratis.thirdparty.io.netty.channel.AbstractChannel$AnnotatedConnectException: finishConnect(..) failed: Connection refused: localhost/127.0.0.1:15148
2024-10-07 19:12:28,473 [s0@group-F5D0649D4159-LeaderElection18] INFO  impl.LeaderElection (LeaderElection.java:askForVotes(339)) - s0@group-F5D0649D4159-LeaderElection18 PRE_VOTE round 100: result TIMEOUT
2024-10-07 19:12:28,473 [s0@group-F5D0649D4159-LeaderElection18] INFO  impl.LeaderElection (LeaderElection.java:askForVotes(337)) - s0@group-F5D0649D4159-LeaderElection18 PRE_VOTE round 101: submit vote requests at term 2 for conf: {index: 1, cur=peers:[s3|localhost:15152, s4|localhost:15156, s0|localhost:15140, s1|localhost:15144, s2|localhost:15148]|listeners:[], old=null}
2024-10-07 19:12:28,474 [NettyRpcService-workerGroup--thread3] INFO  server.RaftServer$Division (RaftServerImpl.java:requestVote(1443)) - s1@group-F5D0649D4159: receive requestVote(PRE_VOTE, s0, group-F5D0649D4159, 2, (t:2, i:2))
2024-10-07 19:12:28,474 [NettyRpcService-workerGroup--thread3] INFO  impl.VoteContext (VoteContext.java:log(49)) - s1@group-F5D0649D4159-CANDIDATE: accept PRE_VOTE from s0: our priority 0 <= candidate's priority 0
2024-10-07 19:12:28,474 [s0@group-F5D0649D4159-LeaderElection18] INFO  impl.LeaderElection (LogUtils.java:infoOrTrace(136)) - s0@group-F5D0649D4159-LeaderElection18 got exception when requesting votes: java.util.concurrent.ExecutionException: org.apache.ratis.thirdparty.io.netty.channel.AbstractChannel$AnnotatedConnectException: finishConnect(..) failed: Connection refused: localhost/127.0.0.1:15148
2024-10-07 19:12:28,474 [NettyRpcService-workerGroup--thread3] INFO  server.RaftServer$Division (RaftServerImpl.java:requestVote(1476)) - s1@group-F5D0649D4159 replies to PRE_VOTE vote request: s0<-s1#0:OK-t2. Peer's state: s1@group-F5D0649D4159:t2, leader=null, voted=s4, raftlog=Memoized:s1@group-F5D0649D4159-SegmentedRaftLog:OPENED:c2:last(t:2, i:2), conf=conf: {index: 1, cur=peers:[s3|localhost:15152, s4|localhost:15156, s0|localhost:15140, s1|localhost:15144, s2|localhost:15148]|listeners:[], old=null}
2024-10-07 19:12:28,474 [s0@group-F5D0649D4159-LeaderElection18] INFO  impl.LeaderElection (LogUtils.java:infoOrTrace(136)) - s0@group-F5D0649D4159-LeaderElection18 got exception when requesting votes: java.util.concurrent.ExecutionException: org.apache.ratis.thirdparty.io.netty.channel.AbstractChannel$AnnotatedConnectException: finishConnect(..) failed: Connection refused: localhost/127.0.0.1:15156
2024-10-07 19:12:28,478 [s1@group-F5D0649D4159-LeaderElection17] INFO  impl.LeaderElection (LeaderElection.java:logAndReturn(90)) - s1@group-F5D0649D4159-LeaderElection17: PRE_VOTE TIMEOUT received 1 response(s) and 2 exception(s):
2024-10-07 19:12:28,479 [s1@group-F5D0649D4159-LeaderElection17] INFO  impl.LeaderElection (LeaderElection.java:logAndReturn(94)) -   Response 0: s1<-s0#0:OK-t2
2024-10-07 19:12:28,479 [s1@group-F5D0649D4159-LeaderElection17] INFO  impl.LeaderElection (LogUtils.java:infoOrTrace(136)) -   Exception 1: java.util.concurrent.ExecutionException: org.apache.ratis.thirdparty.io.netty.channel.AbstractChannel$AnnotatedConnectException: finishConnect(..) failed: Connection refused: localhost/127.0.0.1:15156
2024-10-07 19:12:28,479 [s1@group-F5D0649D4159-LeaderElection17] INFO  impl.LeaderElection (LogUtils.java:infoOrTrace(136)) -   Exception 2: java.util.concurrent.ExecutionException: org.apache.ratis.thirdparty.io.netty.channel.AbstractChannel$AnnotatedConnectException: finishConnect(..) failed: Connection refused: localhost/127.0.0.1:15148
2024-10-07 19:12:28,479 [s1@group-F5D0649D4159-LeaderElection17] INFO  impl.LeaderElection (LeaderElection.java:askForVotes(339)) - s1@group-F5D0649D4159-LeaderElection17 PRE_VOTE round 117: result TIMEOUT
2024-10-07 19:12:28,479 [s1@group-F5D0649D4159-LeaderElection17] INFO  impl.LeaderElection (LeaderElection.java:askForVotes(337)) - s1@group-F5D0649D4159-LeaderElection17 PRE_VOTE round 118: submit vote requests at term 2 for conf: {index: 1, cur=peers:[s3|localhost:15152, s4|localhost:15156, s0|localhost:15140, s1|localhost:15144, s2|localhost:15148]|listeners:[], old=null}
2024-10-07 19:12:28,479 [NettyRpcService-workerGroup--thread3] INFO  server.RaftServer$Division (RaftServerImpl.java:requestVote(1443)) - s0@group-F5D0649D4159: receive requestVote(PRE_VOTE, s1, group-F5D0649D4159, 2, (t:2, i:2))
2024-10-07 19:12:28,479 [NettyRpcService-workerGroup--thread3] INFO  impl.VoteContext (VoteContext.java:log(49)) - s0@group-F5D0649D4159-CANDIDATE: accept PRE_VOTE from s1: our priority 0 <= candidate's priority 0
2024-10-07 19:12:28,480 [NettyRpcService-workerGroup--thread3] INFO  server.RaftServer$Division (RaftServerImpl.java:requestVote(1476)) - s0@group-F5D0649D4159 replies to PRE_VOTE vote request: s1<-s0#0:OK-t2. Peer's state: s0@group-F5D0649D4159:t2, leader=null, voted=s4, raftlog=Memoized:s0@group-F5D0649D4159-SegmentedRaftLog:OPENED:c2:last(t:2, i:2), conf=conf: {index: 1, cur=peers:[s3|localhost:15152, s4|localhost:15156, s0|localhost:15140, s1|localhost:15144, s2|localhost:15148]|listeners:[], old=null}
2024-10-07 19:12:28,480 [s1@group-F5D0649D4159-LeaderElection17] INFO  impl.LeaderElection (LogUtils.java:infoOrTrace(136)) - s1@group-F5D0649D4159-LeaderElection17 got exception when requesting votes: java.util.concurrent.ExecutionException: org.apache.ratis.thirdparty.io.netty.channel.AbstractChannel$AnnotatedConnectException: finishConnect(..) failed: Connection refused: localhost/127.0.0.1:15156
2024-10-07 19:12:28,480 [s1@group-F5D0649D4159-LeaderElection17] INFO  impl.LeaderElection (LogUtils.java:infoOrTrace(136)) - s1@group-F5D0649D4159-LeaderElection17 got exception when requesting votes: java.util.concurrent.ExecutionException: org.apache.ratis.thirdparty.io.netty.channel.AbstractChannel$AnnotatedConnectException: finishConnect(..) failed: Connection refused: localhost/127.0.0.1:15148
2024-10-07 19:12:28,660 [s0@group-F5D0649D4159-LeaderElection18] INFO  impl.LeaderElection (LeaderElection.java:logAndReturn(90)) - s0@group-F5D0649D4159-LeaderElection18: PRE_VOTE TIMEOUT received 1 response(s) and 2 exception(s):
2024-10-07 19:12:28,660 [s0@group-F5D0649D4159-LeaderElection18] INFO  impl.LeaderElection (LeaderElection.java:logAndReturn(94)) -   Response 0: s0<-s1#0:OK-t2
2024-10-07 19:12:28,660 [s0@group-F5D0649D4159-LeaderElection18] INFO  impl.LeaderElection (LogUtils.java:infoOrTrace(136)) -   Exception 1: java.util.concurrent.ExecutionException: org.apache.ratis.thirdparty.io.netty.channel.AbstractChannel$AnnotatedConnectException: finishConnect(..) failed: Connection refused: localhost/127.0.0.1:15148
2024-10-07 19:12:28,660 [s0@group-F5D0649D4159-LeaderElection18] INFO  impl.LeaderElection (LogUtils.java:infoOrTrace(136)) -   Exception 2: java.util.concurrent.ExecutionException: org.apache.ratis.thirdparty.io.netty.channel.AbstractChannel$AnnotatedConnectException: finishConnect(..) failed: Connection refused: localhost/127.0.0.1:15156
2024-10-07 19:12:28,660 [s0@group-F5D0649D4159-LeaderElection18] INFO  impl.LeaderElection (LeaderElection.java:askForVotes(339)) - s0@group-F5D0649D4159-LeaderElection18 PRE_VOTE round 101: result TIMEOUT
2024-10-07 19:12:28,660 [s0@group-F5D0649D4159-LeaderElection18] INFO  impl.LeaderElection (LeaderElection.java:askForVotes(337)) - s0@group-F5D0649D4159-LeaderElection18 PRE_VOTE round 102: submit vote requests at term 2 for conf: {index: 1, cur=peers:[s3|localhost:15152, s4|localhost:15156, s0|localhost:15140, s1|localhost:15144, s2|localhost:15148]|listeners:[], old=null}
2024-10-07 19:12:28,661 [NettyRpcService-workerGroup--thread3] INFO  server.RaftServer$Division (RaftServerImpl.java:requestVote(1443)) - s1@group-F5D0649D4159: receive requestVote(PRE_VOTE, s0, group-F5D0649D4159, 2, (t:2, i:2))
2024-10-07 19:12:28,661 [s0@group-F5D0649D4159-LeaderElection18] INFO  impl.LeaderElection (LogUtils.java:infoOrTrace(136)) - s0@group-F5D0649D4159-LeaderElection18 got exception when requesting votes: java.util.concurrent.ExecutionException: org.apache.ratis.thirdparty.io.netty.channel.AbstractChannel$AnnotatedConnectException: finishConnect(..) failed: Connection refused: localhost/127.0.0.1:15156
2024-10-07 19:12:28,661 [NettyRpcService-workerGroup--thread3] INFO  impl.VoteContext (VoteContext.java:log(49)) - s1@group-F5D0649D4159-CANDIDATE: accept PRE_VOTE from s0: our priority 0 <= candidate's priority 0
2024-10-07 19:12:28,661 [s0@group-F5D0649D4159-LeaderElection18] INFO  impl.LeaderElection (LogUtils.java:infoOrTrace(136)) - s0@group-F5D0649D4159-LeaderElection18 got exception when requesting votes: java.util.concurrent.ExecutionException: org.apache.ratis.thirdparty.io.netty.channel.AbstractChannel$AnnotatedConnectException: finishConnect(..) failed: Connection refused: localhost/127.0.0.1:15148
2024-10-07 19:12:28,661 [NettyRpcService-workerGroup--thread3] INFO  server.RaftServer$Division (RaftServerImpl.java:requestVote(1476)) - s1@group-F5D0649D4159 replies to PRE_VOTE vote request: s0<-s1#0:OK-t2. Peer's state: s1@group-F5D0649D4159:t2, leader=null, voted=s4, raftlog=Memoized:s1@group-F5D0649D4159-SegmentedRaftLog:OPENED:c2:last(t:2, i:2), conf=conf: {index: 1, cur=peers:[s3|localhost:15152, s4|localhost:15156, s0|localhost:15140, s1|localhost:15144, s2|localhost:15148]|listeners:[], old=null}
2024-10-07 19:12:28,699 [s1@group-F5D0649D4159-LeaderElection17] INFO  impl.LeaderElection (LeaderElection.java:logAndReturn(90)) - s1@group-F5D0649D4159-LeaderElection17: PRE_VOTE TIMEOUT received 1 response(s) and 2 exception(s):
2024-10-07 19:12:28,699 [s1@group-F5D0649D4159-LeaderElection17] INFO  impl.LeaderElection (LeaderElection.java:logAndReturn(94)) -   Response 0: s1<-s0#0:OK-t2
2024-10-07 19:12:28,700 [s1@group-F5D0649D4159-LeaderElection17] INFO  impl.LeaderElection (LogUtils.java:infoOrTrace(136)) -   Exception 1: java.util.concurrent.ExecutionException: org.apache.ratis.thirdparty.io.netty.channel.AbstractChannel$AnnotatedConnectException: finishConnect(..) failed: Connection refused: localhost/127.0.0.1:15156
2024-10-07 19:12:28,700 [s1@group-F5D0649D4159-LeaderElection17] INFO  impl.LeaderElection (LogUtils.java:infoOrTrace(136)) -   Exception 2: java.util.concurrent.ExecutionException: org.apache.ratis.thirdparty.io.netty.channel.AbstractChannel$AnnotatedConnectException: finishConnect(..) failed: Connection refused: localhost/127.0.0.1:15148
2024-10-07 19:12:28,700 [s1@group-F5D0649D4159-LeaderElection17] INFO  impl.LeaderElection (LeaderElection.java:askForVotes(339)) - s1@group-F5D0649D4159-LeaderElection17 PRE_VOTE round 118: result TIMEOUT
2024-10-07 19:12:28,700 [s1@group-F5D0649D4159-LeaderElection17] INFO  impl.LeaderElection (LeaderElection.java:askForVotes(337)) - s1@group-F5D0649D4159-LeaderElection17 PRE_VOTE round 119: submit vote requests at term 2 for conf: {index: 1, cur=peers:[s3|localhost:15152, s4|localhost:15156, s0|localhost:15140, s1|localhost:15144, s2|localhost:15148]|listeners:[], old=null}
2024-10-07 19:12:28,701 [NettyRpcService-workerGroup--thread3] INFO  server.RaftServer$Division (RaftServerImpl.java:requestVote(1443)) - s0@group-F5D0649D4159: receive requestVote(PRE_VOTE, s1, group-F5D0649D4159, 2, (t:2, i:2))
2024-10-07 19:12:28,701 [NettyRpcService-workerGroup--thread3] INFO  impl.VoteContext (VoteContext.java:log(49)) - s0@group-F5D0649D4159-CANDIDATE: accept PRE_VOTE from s1: our priority 0 <= candidate's priority 0
2024-10-07 19:12:28,701 [NettyRpcService-workerGroup--thread3] INFO  server.RaftServer$Division (RaftServerImpl.java:requestVote(1476)) - s0@group-F5D0649D4159 replies to PRE_VOTE vote request: s1<-s0#0:OK-t2. Peer's state: s0@group-F5D0649D4159:t2, leader=null, voted=s4, raftlog=Memoized:s0@group-F5D0649D4159-SegmentedRaftLog:OPENED:c2:last(t:2, i:2), conf=conf: {index: 1, cur=peers:[s3|localhost:15152, s4|localhost:15156, s0|localhost:15140, s1|localhost:15144, s2|localhost:15148]|listeners:[], old=null}
2024-10-07 19:12:28,701 [s1@group-F5D0649D4159-LeaderElection17] INFO  impl.LeaderElection (LogUtils.java:infoOrTrace(136)) - s1@group-F5D0649D4159-LeaderElection17 got exception when requesting votes: java.util.concurrent.ExecutionException: org.apache.ratis.thirdparty.io.netty.channel.AbstractChannel$AnnotatedConnectException: finishConnect(..) failed: Connection refused: localhost/127.0.0.1:15148
2024-10-07 19:12:28,701 [s1@group-F5D0649D4159-LeaderElection17] INFO  impl.LeaderElection (LogUtils.java:infoOrTrace(136)) - s1@group-F5D0649D4159-LeaderElection17 got exception when requesting votes: java.util.concurrent.ExecutionException: org.apache.ratis.thirdparty.io.netty.channel.AbstractChannel$AnnotatedConnectException: finishConnect(..) failed: Connection refused: localhost/127.0.0.1:15156
2024-10-07 19:12:28,905 [s1@group-F5D0649D4159-LeaderElection17] INFO  impl.LeaderElection (LeaderElection.java:logAndReturn(90)) - s1@group-F5D0649D4159-LeaderElection17: PRE_VOTE TIMEOUT received 1 response(s) and 2 exception(s):
2024-10-07 19:12:28,905 [s1@group-F5D0649D4159-LeaderElection17] INFO  impl.LeaderElection (LeaderElection.java:logAndReturn(94)) -   Response 0: s1<-s0#0:OK-t2
2024-10-07 19:12:28,905 [s1@group-F5D0649D4159-LeaderElection17] INFO  impl.LeaderElection (LogUtils.java:infoOrTrace(136)) -   Exception 1: java.util.concurrent.ExecutionException: org.apache.ratis.thirdparty.io.netty.channel.AbstractChannel$AnnotatedConnectException: finishConnect(..) failed: Connection refused: localhost/127.0.0.1:15148
2024-10-07 19:12:28,905 [s1@group-F5D0649D4159-LeaderElection17] INFO  impl.LeaderElection (LogUtils.java:infoOrTrace(136)) -   Exception 2: java.util.concurrent.ExecutionException: org.apache.ratis.thirdparty.io.netty.channel.AbstractChannel$AnnotatedConnectException: finishConnect(..) failed: Connection refused: localhost/127.0.0.1:15156
2024-10-07 19:12:28,905 [s1@group-F5D0649D4159-LeaderElection17] INFO  impl.LeaderElection (LeaderElection.java:askForVotes(339)) - s1@group-F5D0649D4159-LeaderElection17 PRE_VOTE round 119: result TIMEOUT
2024-10-07 19:12:28,905 [s1@group-F5D0649D4159-LeaderElection17] INFO  impl.LeaderElection (LeaderElection.java:askForVotes(337)) - s1@group-F5D0649D4159-LeaderElection17 PRE_VOTE round 120: submit vote requests at term 2 for conf: {index: 1, cur=peers:[s3|localhost:15152, s4|localhost:15156, s0|localhost:15140, s1|localhost:15144, s2|localhost:15148]|listeners:[], old=null}
2024-10-07 19:12:28,906 [NettyRpcService-workerGroup--thread3] INFO  server.RaftServer$Division (RaftServerImpl.java:requestVote(1443)) - s0@group-F5D0649D4159: receive requestVote(PRE_VOTE, s1, group-F5D0649D4159, 2, (t:2, i:2))
2024-10-07 19:12:28,906 [NettyRpcService-workerGroup--thread3] INFO  impl.VoteContext (VoteContext.java:log(49)) - s0@group-F5D0649D4159-CANDIDATE: accept PRE_VOTE from s1: our priority 0 <= candidate's priority 0
2024-10-07 19:12:28,906 [NettyRpcService-workerGroup--thread3] INFO  server.RaftServer$Division (RaftServerImpl.java:requestVote(1476)) - s0@group-F5D0649D4159 replies to PRE_VOTE vote request: s1<-s0#0:OK-t2. Peer's state: s0@group-F5D0649D4159:t2, leader=null, voted=s4, raftlog=Memoized:s0@group-F5D0649D4159-SegmentedRaftLog:OPENED:c2:last(t:2, i:2), conf=conf: {index: 1, cur=peers:[s3|localhost:15152, s4|localhost:15156, s0|localhost:15140, s1|localhost:15144, s2|localhost:15148]|listeners:[], old=null}
2024-10-07 19:12:28,906 [s1@group-F5D0649D4159-LeaderElection17] INFO  impl.LeaderElection (LogUtils.java:infoOrTrace(136)) - s1@group-F5D0649D4159-LeaderElection17 got exception when requesting votes: java.util.concurrent.ExecutionException: org.apache.ratis.thirdparty.io.netty.channel.AbstractChannel$AnnotatedConnectException: finishConnect(..) failed: Connection refused: localhost/127.0.0.1:15156
2024-10-07 19:12:28,906 [s1@group-F5D0649D4159-LeaderElection17] INFO  impl.LeaderElection (LogUtils.java:infoOrTrace(136)) - s1@group-F5D0649D4159-LeaderElection17 got exception when requesting votes: java.util.concurrent.ExecutionException: org.apache.ratis.thirdparty.io.netty.channel.AbstractChannel$AnnotatedConnectException: finishConnect(..) failed: Connection refused: localhost/127.0.0.1:15148
2024-10-07 19:12:28,914 [main] WARN  ratis.RaftTestUtil (RaftTestUtil.java:lambda$waitForLeader$3(126)) - Attempt #61 failed: java.lang.IllegalStateException: No leader yet : printing ALL groups
  s3:  RUNNING  FOLLOWER s3@group-F5D0649D4159:t1, leader=null, voted=null, raftlog=Memoized:s3@group-F5D0649D4159-SegmentedRaftLog:OPENED:c-1:lastnull, conf=conf: {index: -1, cur=peers:[s3|localhost:15152, s4|localhost:15156, s0|localhost:15140, s1|localhost:15144, s2|localhost:15148]|listeners:[], old=null} RUNNING
  s4:   CLOSED    LEADER s4@group-F5D0649D4159:t2, leader=s4, voted=s4, raftlog=Memoized:s4@group-F5D0649D4159-SegmentedRaftLog:CLOSED:c2, conf=conf: {index: 1, cur=peers:[s3|localhost:15152, s4|localhost:15156, s0|localhost:15140, s1|localhost:15144, s2|localhost:15148]|listeners:[], old=null} CLOSED
  s0:  RUNNING CANDIDATE s0@group-F5D0649D4159:t2, leader=null, voted=s4, raftlog=Memoized:s0@group-F5D0649D4159-SegmentedRaftLog:OPENED:c2:last(t:2, i:2), conf=conf: {index: 1, cur=peers:[s3|localhost:15152, s4|localhost:15156, s0|localhost:15140, s1|localhost:15144, s2|localhost:15148]|listeners:[], old=null} RUNNING
  s1:  RUNNING CANDIDATE s1@group-F5D0649D4159:t2, leader=null, voted=s4, raftlog=Memoized:s1@group-F5D0649D4159-SegmentedRaftLog:OPENED:c2:last(t:2, i:2), conf=conf: {index: 1, cur=peers:[s3|localhost:15152, s4|localhost:15156, s0|localhost:15140, s1|localhost:15144, s2|localhost:15148]|listeners:[], old=null} RUNNING
  s2:   CLOSED    LEADER s2@group-F5D0649D4159:t1, leader=s2, voted=s2, raftlog=Memoized:s2@group-F5D0649D4159-SegmentedRaftLog:CLOSED:c0, conf=conf: {index: 0, cur=peers:[s3|localhost:15152, s4|localhost:15156, s0|localhost:15140, s1|localhost:15144, s2|localhost:15148]|listeners:[], old=null} CLOSED
2024-10-07 19:12:28,928 [s0@group-F5D0649D4159-LeaderElection18] INFO  impl.LeaderElection (LeaderElection.java:logAndReturn(90)) - s0@group-F5D0649D4159-LeaderElection18: PRE_VOTE TIMEOUT received 1 response(s) and 2 exception(s):
2024-10-07 19:12:28,928 [s0@group-F5D0649D4159-LeaderElection18] INFO  impl.LeaderElection (LeaderElection.java:logAndReturn(94)) -   Response 0: s0<-s1#0:OK-t2
2024-10-07 19:12:28,928 [s0@group-F5D0649D4159-LeaderElection18] INFO  impl.LeaderElection (LogUtils.java:infoOrTrace(136)) -   Exception 1: java.util.concurrent.ExecutionException: org.apache.ratis.thirdparty.io.netty.channel.AbstractChannel$AnnotatedConnectException: finishConnect(..) failed: Connection refused: localhost/127.0.0.1:15156
2024-10-07 19:12:28,928 [s0@group-F5D0649D4159-LeaderElection18] INFO  impl.LeaderElection (LogUtils.java:infoOrTrace(136)) -   Exception 2: java.util.concurrent.ExecutionException: org.apache.ratis.thirdparty.io.netty.channel.AbstractChannel$AnnotatedConnectException: finishConnect(..) failed: Connection refused: localhost/127.0.0.1:15148
2024-10-07 19:12:28,928 [s0@group-F5D0649D4159-LeaderElection18] INFO  impl.LeaderElection (LeaderElection.java:askForVotes(339)) - s0@group-F5D0649D4159-LeaderElection18 PRE_VOTE round 102: result TIMEOUT
2024-10-07 19:12:28,928 [s0@group-F5D0649D4159-LeaderElection18] INFO  impl.LeaderElection (LeaderElection.java:askForVotes(337)) - s0@group-F5D0649D4159-LeaderElection18 PRE_VOTE round 103: submit vote requests at term 2 for conf: {index: 1, cur=peers:[s3|localhost:15152, s4|localhost:15156, s0|localhost:15140, s1|localhost:15144, s2|localhost:15148]|listeners:[], old=null}
2024-10-07 19:12:28,929 [NettyRpcService-workerGroup--thread3] INFO  server.RaftServer$Division (RaftServerImpl.java:requestVote(1443)) - s1@group-F5D0649D4159: receive requestVote(PRE_VOTE, s0, group-F5D0649D4159, 2, (t:2, i:2))
2024-10-07 19:12:28,929 [NettyRpcService-workerGroup--thread3] INFO  impl.VoteContext (VoteContext.java:log(49)) - s1@group-F5D0649D4159-CANDIDATE: accept PRE_VOTE from s0: our priority 0 <= candidate's priority 0
2024-10-07 19:12:28,929 [s0@group-F5D0649D4159-LeaderElection18] INFO  impl.LeaderElection (LogUtils.java:infoOrTrace(136)) - s0@group-F5D0649D4159-LeaderElection18 got exception when requesting votes: java.util.concurrent.ExecutionException: org.apache.ratis.thirdparty.io.netty.channel.AbstractChannel$AnnotatedConnectException: finishConnect(..) failed: Connection refused: localhost/127.0.0.1:15156
2024-10-07 19:12:28,929 [NettyRpcService-workerGroup--thread3] INFO  server.RaftServer$Division (RaftServerImpl.java:requestVote(1476)) - s1@group-F5D0649D4159 replies to PRE_VOTE vote request: s0<-s1#0:OK-t2. Peer's state: s1@group-F5D0649D4159:t2, leader=null, voted=s4, raftlog=Memoized:s1@group-F5D0649D4159-SegmentedRaftLog:OPENED:c2:last(t:2, i:2), conf=conf: {index: 1, cur=peers:[s3|localhost:15152, s4|localhost:15156, s0|localhost:15140, s1|localhost:15144, s2|localhost:15148]|listeners:[], old=null}
2024-10-07 19:12:28,929 [s0@group-F5D0649D4159-LeaderElection18] INFO  impl.LeaderElection (LogUtils.java:infoOrTrace(136)) - s0@group-F5D0649D4159-LeaderElection18 got exception when requesting votes: java.util.concurrent.ExecutionException: org.apache.ratis.thirdparty.io.netty.channel.AbstractChannel$AnnotatedConnectException: finishConnect(..) failed: Connection refused: localhost/127.0.0.1:15148
2024-10-07 19:12:29,096 [s1@group-F5D0649D4159-LeaderElection17] INFO  impl.LeaderElection (LeaderElection.java:logAndReturn(90)) - s1@group-F5D0649D4159-LeaderElection17: PRE_VOTE TIMEOUT received 1 response(s) and 2 exception(s):
2024-10-07 19:12:29,096 [s1@group-F5D0649D4159-LeaderElection17] INFO  impl.LeaderElection (LeaderElection.java:logAndReturn(94)) -   Response 0: s1<-s0#0:OK-t2
2024-10-07 19:12:29,096 [s1@group-F5D0649D4159-LeaderElection17] INFO  impl.LeaderElection (LogUtils.java:infoOrTrace(136)) -   Exception 1: java.util.concurrent.ExecutionException: org.apache.ratis.thirdparty.io.netty.channel.AbstractChannel$AnnotatedConnectException: finishConnect(..) failed: Connection refused: localhost/127.0.0.1:15156
2024-10-07 19:12:29,096 [s1@group-F5D0649D4159-LeaderElection17] INFO  impl.LeaderElection (LogUtils.java:infoOrTrace(136)) -   Exception 2: java.util.concurrent.ExecutionException: org.apache.ratis.thirdparty.io.netty.channel.AbstractChannel$AnnotatedConnectException: finishConnect(..) failed: Connection refused: localhost/127.0.0.1:15148
2024-10-07 19:12:29,096 [s1@group-F5D0649D4159-LeaderElection17] INFO  impl.LeaderElection (LeaderElection.java:askForVotes(339)) - s1@group-F5D0649D4159-LeaderElection17 PRE_VOTE round 120: result TIMEOUT
2024-10-07 19:12:29,096 [s1@group-F5D0649D4159-LeaderElection17] INFO  impl.LeaderElection (LeaderElection.java:askForVotes(337)) - s1@group-F5D0649D4159-LeaderElection17 PRE_VOTE round 121: submit vote requests at term 2 for conf: {index: 1, cur=peers:[s3|localhost:15152, s4|localhost:15156, s0|localhost:15140, s1|localhost:15144, s2|localhost:15148]|listeners:[], old=null}
2024-10-07 19:12:29,097 [NettyRpcService-workerGroup--thread3] INFO  server.RaftServer$Division (RaftServerImpl.java:requestVote(1443)) - s0@group-F5D0649D4159: receive requestVote(PRE_VOTE, s1, group-F5D0649D4159, 2, (t:2, i:2))
2024-10-07 19:12:29,097 [NettyRpcService-workerGroup--thread3] INFO  impl.VoteContext (VoteContext.java:log(49)) - s0@group-F5D0649D4159-CANDIDATE: accept PRE_VOTE from s1: our priority 0 <= candidate's priority 0
2024-10-07 19:12:29,097 [NettyRpcService-workerGroup--thread3] INFO  server.RaftServer$Division (RaftServerImpl.java:requestVote(1476)) - s0@group-F5D0649D4159 replies to PRE_VOTE vote request: s1<-s0#0:OK-t2. Peer's state: s0@group-F5D0649D4159:t2, leader=null, voted=s4, raftlog=Memoized:s0@group-F5D0649D4159-SegmentedRaftLog:OPENED:c2:last(t:2, i:2), conf=conf: {index: 1, cur=peers:[s3|localhost:15152, s4|localhost:15156, s0|localhost:15140, s1|localhost:15144, s2|localhost:15148]|listeners:[], old=null}
2024-10-07 19:12:29,097 [s1@group-F5D0649D4159-LeaderElection17] INFO  impl.LeaderElection (LogUtils.java:infoOrTrace(136)) - s1@group-F5D0649D4159-LeaderElection17 got exception when requesting votes: java.util.concurrent.ExecutionException: org.apache.ratis.thirdparty.io.netty.channel.AbstractChannel$AnnotatedConnectException: finishConnect(..) failed: Connection refused: localhost/127.0.0.1:15148
2024-10-07 19:12:29,098 [s1@group-F5D0649D4159-LeaderElection17] INFO  impl.LeaderElection (LogUtils.java:infoOrTrace(136)) - s1@group-F5D0649D4159-LeaderElection17 got exception when requesting votes: java.util.concurrent.ExecutionException: org.apache.ratis.thirdparty.io.netty.channel.AbstractChannel$AnnotatedConnectException: finishConnect(..) failed: Connection refused: localhost/127.0.0.1:15156
2024-10-07 19:12:29,218 [s0@group-F5D0649D4159-LeaderElection18] INFO  impl.LeaderElection (LeaderElection.java:logAndReturn(90)) - s0@group-F5D0649D4159-LeaderElection18: PRE_VOTE TIMEOUT received 1 response(s) and 2 exception(s):
2024-10-07 19:12:29,218 [s0@group-F5D0649D4159-LeaderElection18] INFO  impl.LeaderElection (LeaderElection.java:logAndReturn(94)) -   Response 0: s0<-s1#0:OK-t2
2024-10-07 19:12:29,218 [s0@group-F5D0649D4159-LeaderElection18] INFO  impl.LeaderElection (LogUtils.java:infoOrTrace(136)) -   Exception 1: java.util.concurrent.ExecutionException: org.apache.ratis.thirdparty.io.netty.channel.AbstractChannel$AnnotatedConnectException: finishConnect(..) failed: Connection refused: localhost/127.0.0.1:15156
2024-10-07 19:12:29,218 [s0@group-F5D0649D4159-LeaderElection18] INFO  impl.LeaderElection (LogUtils.java:infoOrTrace(136)) -   Exception 2: java.util.concurrent.ExecutionException: org.apache.ratis.thirdparty.io.netty.channel.AbstractChannel$AnnotatedConnectException: finishConnect(..) failed: Connection refused: localhost/127.0.0.1:15148
2024-10-07 19:12:29,218 [s0@group-F5D0649D4159-LeaderElection18] INFO  impl.LeaderElection (LeaderElection.java:askForVotes(339)) - s0@group-F5D0649D4159-LeaderElection18 PRE_VOTE round 103: result TIMEOUT
2024-10-07 19:12:29,218 [s0@group-F5D0649D4159-LeaderElection18] INFO  impl.LeaderElection (LeaderElection.java:askForVotes(337)) - s0@group-F5D0649D4159-LeaderElection18 PRE_VOTE round 104: submit vote requests at term 2 for conf: {index: 1, cur=peers:[s3|localhost:15152, s4|localhost:15156, s0|localhost:15140, s1|localhost:15144, s2|localhost:15148]|listeners:[], old=null}
2024-10-07 19:12:29,219 [NettyRpcService-workerGroup--thread3] INFO  server.RaftServer$Division (RaftServerImpl.java:requestVote(1443)) - s1@group-F5D0649D4159: receive requestVote(PRE_VOTE, s0, group-F5D0649D4159, 2, (t:2, i:2))
2024-10-07 19:12:29,219 [s0@group-F5D0649D4159-LeaderElection18] INFO  impl.LeaderElection (LogUtils.java:infoOrTrace(136)) - s0@group-F5D0649D4159-LeaderElection18 got exception when requesting votes: java.util.concurrent.ExecutionException: org.apache.ratis.thirdparty.io.netty.channel.AbstractChannel$AnnotatedConnectException: finishConnect(..) failed: Connection refused: localhost/127.0.0.1:15148
2024-10-07 19:12:29,219 [NettyRpcService-workerGroup--thread3] INFO  impl.VoteContext (VoteContext.java:log(49)) - s1@group-F5D0649D4159-CANDIDATE: accept PRE_VOTE from s0: our priority 0 <= candidate's priority 0
2024-10-07 19:12:29,219 [s0@group-F5D0649D4159-LeaderElection18] INFO  impl.LeaderElection (LogUtils.java:infoOrTrace(136)) - s0@group-F5D0649D4159-LeaderElection18 got exception when requesting votes: java.util.concurrent.ExecutionException: org.apache.ratis.thirdparty.io.netty.channel.AbstractChannel$AnnotatedConnectException: finishConnect(..) failed: Connection refused: localhost/127.0.0.1:15156
2024-10-07 19:12:29,219 [NettyRpcService-workerGroup--thread3] INFO  server.RaftServer$Division (RaftServerImpl.java:requestVote(1476)) - s1@group-F5D0649D4159 replies to PRE_VOTE vote request: s0<-s1#0:OK-t2. Peer's state: s1@group-F5D0649D4159:t2, leader=null, voted=s4, raftlog=Memoized:s1@group-F5D0649D4159-SegmentedRaftLog:OPENED:c2:last(t:2, i:2), conf=conf: {index: 1, cur=peers:[s3|localhost:15152, s4|localhost:15156, s0|localhost:15140, s1|localhost:15144, s2|localhost:15148]|listeners:[], old=null}
2024-10-07 19:12:29,296 [s1@group-F5D0649D4159-LeaderElection17] INFO  impl.LeaderElection (LeaderElection.java:logAndReturn(90)) - s1@group-F5D0649D4159-LeaderElection17: PRE_VOTE TIMEOUT received 1 response(s) and 2 exception(s):
2024-10-07 19:12:29,296 [s1@group-F5D0649D4159-LeaderElection17] INFO  impl.LeaderElection (LeaderElection.java:logAndReturn(94)) -   Response 0: s1<-s0#0:OK-t2
2024-10-07 19:12:29,296 [s1@group-F5D0649D4159-LeaderElection17] INFO  impl.LeaderElection (LogUtils.java:infoOrTrace(136)) -   Exception 1: java.util.concurrent.ExecutionException: org.apache.ratis.thirdparty.io.netty.channel.AbstractChannel$AnnotatedConnectException: finishConnect(..) failed: Connection refused: localhost/127.0.0.1:15148
2024-10-07 19:12:29,296 [s1@group-F5D0649D4159-LeaderElection17] INFO  impl.LeaderElection (LogUtils.java:infoOrTrace(136)) -   Exception 2: java.util.concurrent.ExecutionException: org.apache.ratis.thirdparty.io.netty.channel.AbstractChannel$AnnotatedConnectException: finishConnect(..) failed: Connection refused: localhost/127.0.0.1:15156
2024-10-07 19:12:29,296 [s1@group-F5D0649D4159-LeaderElection17] INFO  impl.LeaderElection (LeaderElection.java:askForVotes(339)) - s1@group-F5D0649D4159-LeaderElection17 PRE_VOTE round 121: result TIMEOUT
2024-10-07 19:12:29,296 [s1@group-F5D0649D4159-LeaderElection17] INFO  impl.LeaderElection (LeaderElection.java:askForVotes(337)) - s1@group-F5D0649D4159-LeaderElection17 PRE_VOTE round 122: submit vote requests at term 2 for conf: {index: 1, cur=peers:[s3|localhost:15152, s4|localhost:15156, s0|localhost:15140, s1|localhost:15144, s2|localhost:15148]|listeners:[], old=null}
2024-10-07 19:12:29,297 [NettyRpcService-workerGroup--thread3] INFO  server.RaftServer$Division (RaftServerImpl.java:requestVote(1443)) - s0@group-F5D0649D4159: receive requestVote(PRE_VOTE, s1, group-F5D0649D4159, 2, (t:2, i:2))
2024-10-07 19:12:29,297 [NettyRpcService-workerGroup--thread3] INFO  impl.VoteContext (VoteContext.java:log(49)) - s0@group-F5D0649D4159-CANDIDATE: accept PRE_VOTE from s1: our priority 0 <= candidate's priority 0
2024-10-07 19:12:29,297 [s1@group-F5D0649D4159-LeaderElection17] INFO  impl.LeaderElection (LogUtils.java:infoOrTrace(136)) - s1@group-F5D0649D4159-LeaderElection17 got exception when requesting votes: java.util.concurrent.ExecutionException: org.apache.ratis.thirdparty.io.netty.channel.AbstractChannel$AnnotatedConnectException: finishConnect(..) failed: Connection refused: localhost/127.0.0.1:15148
2024-10-07 19:12:29,297 [NettyRpcService-workerGroup--thread3] INFO  server.RaftServer$Division (RaftServerImpl.java:requestVote(1476)) - s0@group-F5D0649D4159 replies to PRE_VOTE vote request: s1<-s0#0:OK-t2. Peer's state: s0@group-F5D0649D4159:t2, leader=null, voted=s4, raftlog=Memoized:s0@group-F5D0649D4159-SegmentedRaftLog:OPENED:c2:last(t:2, i:2), conf=conf: {index: 1, cur=peers:[s3|localhost:15152, s4|localhost:15156, s0|localhost:15140, s1|localhost:15144, s2|localhost:15148]|listeners:[], old=null}
2024-10-07 19:12:29,297 [s1@group-F5D0649D4159-LeaderElection17] INFO  impl.LeaderElection (LogUtils.java:infoOrTrace(136)) - s1@group-F5D0649D4159-LeaderElection17 got exception when requesting votes: java.util.concurrent.ExecutionException: org.apache.ratis.thirdparty.io.netty.channel.AbstractChannel$AnnotatedConnectException: finishConnect(..) failed: Connection refused: localhost/127.0.0.1:15156
2024-10-07 19:12:29,365 [main] WARN  ratis.RaftTestUtil (RaftTestUtil.java:lambda$waitForLeader$3(126)) - Attempt #62 failed: java.lang.IllegalStateException: No leader yet : printing ALL groups
  s3:  RUNNING  FOLLOWER s3@group-F5D0649D4159:t1, leader=null, voted=null, raftlog=Memoized:s3@group-F5D0649D4159-SegmentedRaftLog:OPENED:c-1:lastnull, conf=conf: {index: -1, cur=peers:[s3|localhost:15152, s4|localhost:15156, s0|localhost:15140, s1|localhost:15144, s2|localhost:15148]|listeners:[], old=null} RUNNING
  s4:   CLOSED    LEADER s4@group-F5D0649D4159:t2, leader=s4, voted=s4, raftlog=Memoized:s4@group-F5D0649D4159-SegmentedRaftLog:CLOSED:c2, conf=conf: {index: 1, cur=peers:[s3|localhost:15152, s4|localhost:15156, s0|localhost:15140, s1|localhost:15144, s2|localhost:15148]|listeners:[], old=null} CLOSED
  s0:  RUNNING CANDIDATE s0@group-F5D0649D4159:t2, leader=null, voted=s4, raftlog=Memoized:s0@group-F5D0649D4159-SegmentedRaftLog:OPENED:c2:last(t:2, i:2), conf=conf: {index: 1, cur=peers:[s3|localhost:15152, s4|localhost:15156, s0|localhost:15140, s1|localhost:15144, s2|localhost:15148]|listeners:[], old=null} RUNNING
  s1:  RUNNING CANDIDATE s1@group-F5D0649D4159:t2, leader=null, voted=s4, raftlog=Memoized:s1@group-F5D0649D4159-SegmentedRaftLog:OPENED:c2:last(t:2, i:2), conf=conf: {index: 1, cur=peers:[s3|localhost:15152, s4|localhost:15156, s0|localhost:15140, s1|localhost:15144, s2|localhost:15148]|listeners:[], old=null} RUNNING
  s2:   CLOSED    LEADER s2@group-F5D0649D4159:t1, leader=s2, voted=s2, raftlog=Memoized:s2@group-F5D0649D4159-SegmentedRaftLog:CLOSED:c0, conf=conf: {index: 0, cur=peers:[s3|localhost:15152, s4|localhost:15156, s0|localhost:15140, s1|localhost:15144, s2|localhost:15148]|listeners:[], old=null} CLOSED
2024-10-07 19:12:29,397 [s0@group-F5D0649D4159-LeaderElection18] INFO  impl.LeaderElection (LeaderElection.java:logAndReturn(90)) - s0@group-F5D0649D4159-LeaderElection18: PRE_VOTE TIMEOUT received 1 response(s) and 2 exception(s):
2024-10-07 19:12:29,397 [s0@group-F5D0649D4159-LeaderElection18] INFO  impl.LeaderElection (LeaderElection.java:logAndReturn(94)) -   Response 0: s0<-s1#0:OK-t2
2024-10-07 19:12:29,397 [s0@group-F5D0649D4159-LeaderElection18] INFO  impl.LeaderElection (LogUtils.java:infoOrTrace(136)) -   Exception 1: java.util.concurrent.ExecutionException: org.apache.ratis.thirdparty.io.netty.channel.AbstractChannel$AnnotatedConnectException: finishConnect(..) failed: Connection refused: localhost/127.0.0.1:15148
2024-10-07 19:12:29,397 [s0@group-F5D0649D4159-LeaderElection18] INFO  impl.LeaderElection (LogUtils.java:infoOrTrace(136)) -   Exception 2: java.util.concurrent.ExecutionException: org.apache.ratis.thirdparty.io.netty.channel.AbstractChannel$AnnotatedConnectException: finishConnect(..) failed: Connection refused: localhost/127.0.0.1:15156
2024-10-07 19:12:29,397 [s0@group-F5D0649D4159-LeaderElection18] INFO  impl.LeaderElection (LeaderElection.java:askForVotes(339)) - s0@group-F5D0649D4159-LeaderElection18 PRE_VOTE round 104: result TIMEOUT
2024-10-07 19:12:29,397 [s0@group-F5D0649D4159-LeaderElection18] INFO  impl.LeaderElection (LeaderElection.java:askForVotes(337)) - s0@group-F5D0649D4159-LeaderElection18 PRE_VOTE round 105: submit vote requests at term 2 for conf: {index: 1, cur=peers:[s3|localhost:15152, s4|localhost:15156, s0|localhost:15140, s1|localhost:15144, s2|localhost:15148]|listeners:[], old=null}
2024-10-07 19:12:29,398 [NettyRpcService-workerGroup--thread3] INFO  server.RaftServer$Division (RaftServerImpl.java:requestVote(1443)) - s1@group-F5D0649D4159: receive requestVote(PRE_VOTE, s0, group-F5D0649D4159, 2, (t:2, i:2))
2024-10-07 19:12:29,398 [NettyRpcService-workerGroup--thread3] INFO  impl.VoteContext (VoteContext.java:log(49)) - s1@group-F5D0649D4159-CANDIDATE: accept PRE_VOTE from s0: our priority 0 <= candidate's priority 0
2024-10-07 19:12:29,398 [s0@group-F5D0649D4159-LeaderElection18] INFO  impl.LeaderElection (LogUtils.java:infoOrTrace(136)) - s0@group-F5D0649D4159-LeaderElection18 got exception when requesting votes: java.util.concurrent.ExecutionException: org.apache.ratis.thirdparty.io.netty.channel.AbstractChannel$AnnotatedConnectException: finishConnect(..) failed: Connection refused: localhost/127.0.0.1:15156
2024-10-07 19:12:29,398 [NettyRpcService-workerGroup--thread3] INFO  server.RaftServer$Division (RaftServerImpl.java:requestVote(1476)) - s1@group-F5D0649D4159 replies to PRE_VOTE vote request: s0<-s1#0:OK-t2. Peer's state: s1@group-F5D0649D4159:t2, leader=null, voted=s4, raftlog=Memoized:s1@group-F5D0649D4159-SegmentedRaftLog:OPENED:c2:last(t:2, i:2), conf=conf: {index: 1, cur=peers:[s3|localhost:15152, s4|localhost:15156, s0|localhost:15140, s1|localhost:15144, s2|localhost:15148]|listeners:[], old=null}
2024-10-07 19:12:29,398 [s0@group-F5D0649D4159-LeaderElection18] INFO  impl.LeaderElection (LogUtils.java:infoOrTrace(136)) - s0@group-F5D0649D4159-LeaderElection18 got exception when requesting votes: java.util.concurrent.ExecutionException: org.apache.ratis.thirdparty.io.netty.channel.AbstractChannel$AnnotatedConnectException: finishConnect(..) failed: Connection refused: localhost/127.0.0.1:15148
2024-10-07 19:12:29,480 [s1@group-F5D0649D4159-LeaderElection17] INFO  impl.LeaderElection (LeaderElection.java:logAndReturn(90)) - s1@group-F5D0649D4159-LeaderElection17: PRE_VOTE TIMEOUT received 1 response(s) and 2 exception(s):
2024-10-07 19:12:29,480 [s1@group-F5D0649D4159-LeaderElection17] INFO  impl.LeaderElection (LeaderElection.java:logAndReturn(94)) -   Response 0: s1<-s0#0:OK-t2
2024-10-07 19:12:29,480 [s1@group-F5D0649D4159-LeaderElection17] INFO  impl.LeaderElection (LogUtils.java:infoOrTrace(136)) -   Exception 1: java.util.concurrent.ExecutionException: org.apache.ratis.thirdparty.io.netty.channel.AbstractChannel$AnnotatedConnectException: finishConnect(..) failed: Connection refused: localhost/127.0.0.1:15148
2024-10-07 19:12:29,480 [s1@group-F5D0649D4159-LeaderElection17] INFO  impl.LeaderElection (LogUtils.java:infoOrTrace(136)) -   Exception 2: java.util.concurrent.ExecutionException: org.apache.ratis.thirdparty.io.netty.channel.AbstractChannel$AnnotatedConnectException: finishConnect(..) failed: Connection refused: localhost/127.0.0.1:15156
2024-10-07 19:12:29,480 [s1@group-F5D0649D4159-LeaderElection17] INFO  impl.LeaderElection (LeaderElection.java:askForVotes(339)) - s1@group-F5D0649D4159-LeaderElection17 PRE_VOTE round 122: result TIMEOUT
2024-10-07 19:12:29,480 [s1@group-F5D0649D4159-LeaderElection17] INFO  impl.LeaderElection (LeaderElection.java:askForVotes(337)) - s1@group-F5D0649D4159-LeaderElection17 PRE_VOTE round 123: submit vote requests at term 2 for conf: {index: 1, cur=peers:[s3|localhost:15152, s4|localhost:15156, s0|localhost:15140, s1|localhost:15144, s2|localhost:15148]|listeners:[], old=null}
2024-10-07 19:12:29,481 [NettyRpcService-workerGroup--thread3] INFO  server.RaftServer$Division (RaftServerImpl.java:requestVote(1443)) - s0@group-F5D0649D4159: receive requestVote(PRE_VOTE, s1, group-F5D0649D4159, 2, (t:2, i:2))
2024-10-07 19:12:29,481 [NettyRpcService-workerGroup--thread3] INFO  impl.VoteContext (VoteContext.java:log(49)) - s0@group-F5D0649D4159-CANDIDATE: accept PRE_VOTE from s1: our priority 0 <= candidate's priority 0
2024-10-07 19:12:29,481 [s1@group-F5D0649D4159-LeaderElection17] INFO  impl.LeaderElection (LogUtils.java:infoOrTrace(136)) - s1@group-F5D0649D4159-LeaderElection17 got exception when requesting votes: java.util.concurrent.ExecutionException: org.apache.ratis.thirdparty.io.netty.channel.AbstractChannel$AnnotatedConnectException: finishConnect(..) failed: Connection refused: localhost/127.0.0.1:15156
2024-10-07 19:12:29,481 [NettyRpcService-workerGroup--thread3] INFO  server.RaftServer$Division (RaftServerImpl.java:requestVote(1476)) - s0@group-F5D0649D4159 replies to PRE_VOTE vote request: s1<-s0#0:OK-t2. Peer's state: s0@group-F5D0649D4159:t2, leader=null, voted=s4, raftlog=Memoized:s0@group-F5D0649D4159-SegmentedRaftLog:OPENED:c2:last(t:2, i:2), conf=conf: {index: 1, cur=peers:[s3|localhost:15152, s4|localhost:15156, s0|localhost:15140, s1|localhost:15144, s2|localhost:15148]|listeners:[], old=null}
2024-10-07 19:12:29,481 [s1@group-F5D0649D4159-LeaderElection17] INFO  impl.LeaderElection (LogUtils.java:infoOrTrace(136)) - s1@group-F5D0649D4159-LeaderElection17 got exception when requesting votes: java.util.concurrent.ExecutionException: org.apache.ratis.thirdparty.io.netty.channel.AbstractChannel$AnnotatedConnectException: finishConnect(..) failed: Connection refused: localhost/127.0.0.1:15148
2024-10-07 19:12:29,676 [s0@group-F5D0649D4159-LeaderElection18] INFO  impl.LeaderElection (LeaderElection.java:logAndReturn(90)) - s0@group-F5D0649D4159-LeaderElection18: PRE_VOTE TIMEOUT received 1 response(s) and 2 exception(s):
2024-10-07 19:12:29,676 [s0@group-F5D0649D4159-LeaderElection18] INFO  impl.LeaderElection (LeaderElection.java:logAndReturn(94)) -   Response 0: s0<-s1#0:OK-t2
2024-10-07 19:12:29,676 [s0@group-F5D0649D4159-LeaderElection18] INFO  impl.LeaderElection (LogUtils.java:infoOrTrace(136)) -   Exception 1: java.util.concurrent.ExecutionException: org.apache.ratis.thirdparty.io.netty.channel.AbstractChannel$AnnotatedConnectException: finishConnect(..) failed: Connection refused: localhost/127.0.0.1:15156
2024-10-07 19:12:29,676 [s0@group-F5D0649D4159-LeaderElection18] INFO  impl.LeaderElection (LogUtils.java:infoOrTrace(136)) -   Exception 2: java.util.concurrent.ExecutionException: org.apache.ratis.thirdparty.io.netty.channel.AbstractChannel$AnnotatedConnectException: finishConnect(..) failed: Connection refused: localhost/127.0.0.1:15148
2024-10-07 19:12:29,676 [s0@group-F5D0649D4159-LeaderElection18] INFO  impl.LeaderElection (LeaderElection.java:askForVotes(339)) - s0@group-F5D0649D4159-LeaderElection18 PRE_VOTE round 105: result TIMEOUT
2024-10-07 19:12:29,676 [s0@group-F5D0649D4159-LeaderElection18] INFO  impl.LeaderElection (LeaderElection.java:askForVotes(337)) - s0@group-F5D0649D4159-LeaderElection18 PRE_VOTE round 106: submit vote requests at term 2 for conf: {index: 1, cur=peers:[s3|localhost:15152, s4|localhost:15156, s0|localhost:15140, s1|localhost:15144, s2|localhost:15148]|listeners:[], old=null}
2024-10-07 19:12:29,677 [NettyRpcService-workerGroup--thread3] INFO  server.RaftServer$Division (RaftServerImpl.java:requestVote(1443)) - s1@group-F5D0649D4159: receive requestVote(PRE_VOTE, s0, group-F5D0649D4159, 2, (t:2, i:2))
2024-10-07 19:12:29,677 [NettyRpcService-workerGroup--thread3] INFO  impl.VoteContext (VoteContext.java:log(49)) - s1@group-F5D0649D4159-CANDIDATE: accept PRE_VOTE from s0: our priority 0 <= candidate's priority 0
2024-10-07 19:12:29,677 [s0@group-F5D0649D4159-LeaderElection18] INFO  impl.LeaderElection (LogUtils.java:infoOrTrace(136)) - s0@group-F5D0649D4159-LeaderElection18 got exception when requesting votes: java.util.concurrent.ExecutionException: org.apache.ratis.thirdparty.io.netty.channel.AbstractChannel$AnnotatedConnectException: finishConnect(..) failed: Connection refused: localhost/127.0.0.1:15156
2024-10-07 19:12:29,677 [NettyRpcService-workerGroup--thread3] INFO  server.RaftServer$Division (RaftServerImpl.java:requestVote(1476)) - s1@group-F5D0649D4159 replies to PRE_VOTE vote request: s0<-s1#0:OK-t2. Peer's state: s1@group-F5D0649D4159:t2, leader=null, voted=s4, raftlog=Memoized:s1@group-F5D0649D4159-SegmentedRaftLog:OPENED:c2:last(t:2, i:2), conf=conf: {index: 1, cur=peers:[s3|localhost:15152, s4|localhost:15156, s0|localhost:15140, s1|localhost:15144, s2|localhost:15148]|listeners:[], old=null}
2024-10-07 19:12:29,678 [s0@group-F5D0649D4159-LeaderElection18] INFO  impl.LeaderElection (LogUtils.java:infoOrTrace(136)) - s0@group-F5D0649D4159-LeaderElection18 got exception when requesting votes: java.util.concurrent.ExecutionException: org.apache.ratis.thirdparty.io.netty.channel.AbstractChannel$AnnotatedConnectException: finishConnect(..) failed: Connection refused: localhost/127.0.0.1:15148
2024-10-07 19:12:29,731 [s1@group-F5D0649D4159-LeaderElection17] INFO  impl.LeaderElection (LeaderElection.java:logAndReturn(90)) - s1@group-F5D0649D4159-LeaderElection17: PRE_VOTE TIMEOUT received 1 response(s) and 2 exception(s):
2024-10-07 19:12:29,731 [s1@group-F5D0649D4159-LeaderElection17] INFO  impl.LeaderElection (LeaderElection.java:logAndReturn(94)) -   Response 0: s1<-s0#0:OK-t2
2024-10-07 19:12:29,731 [s1@group-F5D0649D4159-LeaderElection17] INFO  impl.LeaderElection (LogUtils.java:infoOrTrace(136)) -   Exception 1: java.util.concurrent.ExecutionException: org.apache.ratis.thirdparty.io.netty.channel.AbstractChannel$AnnotatedConnectException: finishConnect(..) failed: Connection refused: localhost/127.0.0.1:15156
2024-10-07 19:12:29,731 [s1@group-F5D0649D4159-LeaderElection17] INFO  impl.LeaderElection (LogUtils.java:infoOrTrace(136)) -   Exception 2: java.util.concurrent.ExecutionException: org.apache.ratis.thirdparty.io.netty.channel.AbstractChannel$AnnotatedConnectException: finishConnect(..) failed: Connection refused: localhost/127.0.0.1:15148
2024-10-07 19:12:29,731 [s1@group-F5D0649D4159-LeaderElection17] INFO  impl.LeaderElection (LeaderElection.java:askForVotes(339)) - s1@group-F5D0649D4159-LeaderElection17 PRE_VOTE round 123: result TIMEOUT
2024-10-07 19:12:29,731 [s1@group-F5D0649D4159-LeaderElection17] INFO  impl.LeaderElection (LeaderElection.java:askForVotes(337)) - s1@group-F5D0649D4159-LeaderElection17 PRE_VOTE round 124: submit vote requests at term 2 for conf: {index: 1, cur=peers:[s3|localhost:15152, s4|localhost:15156, s0|localhost:15140, s1|localhost:15144, s2|localhost:15148]|listeners:[], old=null}
2024-10-07 19:12:29,733 [s1@group-F5D0649D4159-LeaderElection17] INFO  impl.LeaderElection (LogUtils.java:infoOrTrace(136)) - s1@group-F5D0649D4159-LeaderElection17 got exception when requesting votes: java.util.concurrent.ExecutionException: org.apache.ratis.thirdparty.io.netty.channel.AbstractChannel$AnnotatedConnectException: finishConnect(..) failed: Connection refused: localhost/127.0.0.1:15156
2024-10-07 19:12:29,733 [s1@group-F5D0649D4159-LeaderElection17] INFO  impl.LeaderElection (LogUtils.java:infoOrTrace(136)) - s1@group-F5D0649D4159-LeaderElection17 got exception when requesting votes: java.util.concurrent.ExecutionException: org.apache.ratis.thirdparty.io.netty.channel.AbstractChannel$AnnotatedConnectException: finishConnect(..) failed: Connection refused: localhost/127.0.0.1:15148
2024-10-07 19:12:29,733 [NettyRpcService-workerGroup--thread3] INFO  server.RaftServer$Division (RaftServerImpl.java:requestVote(1443)) - s0@group-F5D0649D4159: receive requestVote(PRE_VOTE, s1, group-F5D0649D4159, 2, (t:2, i:2))
2024-10-07 19:12:29,733 [NettyRpcService-workerGroup--thread3] INFO  impl.VoteContext (VoteContext.java:log(49)) - s0@group-F5D0649D4159-CANDIDATE: accept PRE_VOTE from s1: our priority 0 <= candidate's priority 0
2024-10-07 19:12:29,733 [NettyRpcService-workerGroup--thread3] INFO  server.RaftServer$Division (RaftServerImpl.java:requestVote(1476)) - s0@group-F5D0649D4159 replies to PRE_VOTE vote request: s1<-s0#0:OK-t2. Peer's state: s0@group-F5D0649D4159:t2, leader=null, voted=s4, raftlog=Memoized:s0@group-F5D0649D4159-SegmentedRaftLog:OPENED:c2:last(t:2, i:2), conf=conf: {index: 1, cur=peers:[s3|localhost:15152, s4|localhost:15156, s0|localhost:15140, s1|localhost:15144, s2|localhost:15148]|listeners:[], old=null}
2024-10-07 19:12:29,815 [main] WARN  ratis.RaftTestUtil (RaftTestUtil.java:lambda$waitForLeader$3(126)) - Attempt #63 failed: java.lang.IllegalStateException: No leader yet : printing ALL groups
  s3:  RUNNING  FOLLOWER s3@group-F5D0649D4159:t1, leader=null, voted=null, raftlog=Memoized:s3@group-F5D0649D4159-SegmentedRaftLog:OPENED:c-1:lastnull, conf=conf: {index: -1, cur=peers:[s3|localhost:15152, s4|localhost:15156, s0|localhost:15140, s1|localhost:15144, s2|localhost:15148]|listeners:[], old=null} RUNNING
  s4:   CLOSED    LEADER s4@group-F5D0649D4159:t2, leader=s4, voted=s4, raftlog=Memoized:s4@group-F5D0649D4159-SegmentedRaftLog:CLOSED:c2, conf=conf: {index: 1, cur=peers:[s3|localhost:15152, s4|localhost:15156, s0|localhost:15140, s1|localhost:15144, s2|localhost:15148]|listeners:[], old=null} CLOSED
  s0:  RUNNING CANDIDATE s0@group-F5D0649D4159:t2, leader=null, voted=s4, raftlog=Memoized:s0@group-F5D0649D4159-SegmentedRaftLog:OPENED:c2:last(t:2, i:2), conf=conf: {index: 1, cur=peers:[s3|localhost:15152, s4|localhost:15156, s0|localhost:15140, s1|localhost:15144, s2|localhost:15148]|listeners:[], old=null} RUNNING
  s1:  RUNNING CANDIDATE s1@group-F5D0649D4159:t2, leader=null, voted=s4, raftlog=Memoized:s1@group-F5D0649D4159-SegmentedRaftLog:OPENED:c2:last(t:2, i:2), conf=conf: {index: 1, cur=peers:[s3|localhost:15152, s4|localhost:15156, s0|localhost:15140, s1|localhost:15144, s2|localhost:15148]|listeners:[], old=null} RUNNING
  s2:   CLOSED    LEADER s2@group-F5D0649D4159:t1, leader=s2, voted=s2, raftlog=Memoized:s2@group-F5D0649D4159-SegmentedRaftLog:CLOSED:c0, conf=conf: {index: 0, cur=peers:[s3|localhost:15152, s4|localhost:15156, s0|localhost:15140, s1|localhost:15144, s2|localhost:15148]|listeners:[], old=null} CLOSED
2024-10-07 19:12:29,930 [s0@group-F5D0649D4159-LeaderElection18] INFO  impl.LeaderElection (LeaderElection.java:logAndReturn(90)) - s0@group-F5D0649D4159-LeaderElection18: PRE_VOTE TIMEOUT received 1 response(s) and 2 exception(s):
2024-10-07 19:12:29,930 [s0@group-F5D0649D4159-LeaderElection18] INFO  impl.LeaderElection (LeaderElection.java:logAndReturn(94)) -   Response 0: s0<-s1#0:OK-t2
2024-10-07 19:12:29,930 [s0@group-F5D0649D4159-LeaderElection18] INFO  impl.LeaderElection (LogUtils.java:infoOrTrace(136)) -   Exception 1: java.util.concurrent.ExecutionException: org.apache.ratis.thirdparty.io.netty.channel.AbstractChannel$AnnotatedConnectException: finishConnect(..) failed: Connection refused: localhost/127.0.0.1:15156
2024-10-07 19:12:29,930 [s0@group-F5D0649D4159-LeaderElection18] INFO  impl.LeaderElection (LogUtils.java:infoOrTrace(136)) -   Exception 2: java.util.concurrent.ExecutionException: org.apache.ratis.thirdparty.io.netty.channel.AbstractChannel$AnnotatedConnectException: finishConnect(..) failed: Connection refused: localhost/127.0.0.1:15148
2024-10-07 19:12:29,930 [s0@group-F5D0649D4159-LeaderElection18] INFO  impl.LeaderElection (LeaderElection.java:askForVotes(339)) - s0@group-F5D0649D4159-LeaderElection18 PRE_VOTE round 106: result TIMEOUT
2024-10-07 19:12:29,931 [s0@group-F5D0649D4159-LeaderElection18] INFO  impl.LeaderElection (LeaderElection.java:askForVotes(337)) - s0@group-F5D0649D4159-LeaderElection18 PRE_VOTE round 107: submit vote requests at term 2 for conf: {index: 1, cur=peers:[s3|localhost:15152, s4|localhost:15156, s0|localhost:15140, s1|localhost:15144, s2|localhost:15148]|listeners:[], old=null}
2024-10-07 19:12:29,931 [NettyRpcService-workerGroup--thread3] INFO  server.RaftServer$Division (RaftServerImpl.java:requestVote(1443)) - s1@group-F5D0649D4159: receive requestVote(PRE_VOTE, s0, group-F5D0649D4159, 2, (t:2, i:2))
2024-10-07 19:12:29,931 [NettyRpcService-workerGroup--thread3] INFO  impl.VoteContext (VoteContext.java:log(49)) - s1@group-F5D0649D4159-CANDIDATE: accept PRE_VOTE from s0: our priority 0 <= candidate's priority 0
2024-10-07 19:12:29,932 [s0@group-F5D0649D4159-LeaderElection18] INFO  impl.LeaderElection (LogUtils.java:infoOrTrace(136)) - s0@group-F5D0649D4159-LeaderElection18 got exception when requesting votes: java.util.concurrent.ExecutionException: org.apache.ratis.thirdparty.io.netty.channel.AbstractChannel$AnnotatedConnectException: finishConnect(..) failed: Connection refused: localhost/127.0.0.1:15148
2024-10-07 19:12:29,932 [NettyRpcService-workerGroup--thread3] INFO  server.RaftServer$Division (RaftServerImpl.java:requestVote(1476)) - s1@group-F5D0649D4159 replies to PRE_VOTE vote request: s0<-s1#0:OK-t2. Peer's state: s1@group-F5D0649D4159:t2, leader=null, voted=s4, raftlog=Memoized:s1@group-F5D0649D4159-SegmentedRaftLog:OPENED:c2:last(t:2, i:2), conf=conf: {index: 1, cur=peers:[s3|localhost:15152, s4|localhost:15156, s0|localhost:15140, s1|localhost:15144, s2|localhost:15148]|listeners:[], old=null}
2024-10-07 19:12:29,932 [s0@group-F5D0649D4159-LeaderElection18] INFO  impl.LeaderElection (LogUtils.java:infoOrTrace(136)) - s0@group-F5D0649D4159-LeaderElection18 got exception when requesting votes: java.util.concurrent.ExecutionException: org.apache.ratis.thirdparty.io.netty.channel.AbstractChannel$AnnotatedConnectException: finishConnect(..) failed: Connection refused: localhost/127.0.0.1:15156
2024-10-07 19:12:30,005 [s1@group-F5D0649D4159-LeaderElection17] INFO  impl.LeaderElection (LeaderElection.java:logAndReturn(90)) - s1@group-F5D0649D4159-LeaderElection17: PRE_VOTE TIMEOUT received 1 response(s) and 2 exception(s):
2024-10-07 19:12:30,005 [s1@group-F5D0649D4159-LeaderElection17] INFO  impl.LeaderElection (LeaderElection.java:logAndReturn(94)) -   Response 0: s1<-s0#0:OK-t2
2024-10-07 19:12:30,005 [s1@group-F5D0649D4159-LeaderElection17] INFO  impl.LeaderElection (LogUtils.java:infoOrTrace(136)) -   Exception 1: java.util.concurrent.ExecutionException: org.apache.ratis.thirdparty.io.netty.channel.AbstractChannel$AnnotatedConnectException: finishConnect(..) failed: Connection refused: localhost/127.0.0.1:15156
2024-10-07 19:12:30,005 [s1@group-F5D0649D4159-LeaderElection17] INFO  impl.LeaderElection (LogUtils.java:infoOrTrace(136)) -   Exception 2: java.util.concurrent.ExecutionException: org.apache.ratis.thirdparty.io.netty.channel.AbstractChannel$AnnotatedConnectException: finishConnect(..) failed: Connection refused: localhost/127.0.0.1:15148
2024-10-07 19:12:30,006 [s1@group-F5D0649D4159-LeaderElection17] INFO  impl.LeaderElection (LeaderElection.java:askForVotes(339)) - s1@group-F5D0649D4159-LeaderElection17 PRE_VOTE round 124: result TIMEOUT
2024-10-07 19:12:30,006 [s1@group-F5D0649D4159-LeaderElection17] INFO  impl.LeaderElection (LeaderElection.java:askForVotes(337)) - s1@group-F5D0649D4159-LeaderElection17 PRE_VOTE round 125: submit vote requests at term 2 for conf: {index: 1, cur=peers:[s3|localhost:15152, s4|localhost:15156, s0|localhost:15140, s1|localhost:15144, s2|localhost:15148]|listeners:[], old=null}
2024-10-07 19:12:30,006 [NettyRpcService-workerGroup--thread3] INFO  server.RaftServer$Division (RaftServerImpl.java:requestVote(1443)) - s0@group-F5D0649D4159: receive requestVote(PRE_VOTE, s1, group-F5D0649D4159, 2, (t:2, i:2))
2024-10-07 19:12:30,007 [NettyRpcService-workerGroup--thread3] INFO  impl.VoteContext (VoteContext.java:log(49)) - s0@group-F5D0649D4159-CANDIDATE: accept PRE_VOTE from s1: our priority 0 <= candidate's priority 0
2024-10-07 19:12:30,007 [s1@group-F5D0649D4159-LeaderElection17] INFO  impl.LeaderElection (LogUtils.java:infoOrTrace(136)) - s1@group-F5D0649D4159-LeaderElection17 got exception when requesting votes: java.util.concurrent.ExecutionException: org.apache.ratis.thirdparty.io.netty.channel.AbstractChannel$AnnotatedConnectException: finishConnect(..) failed: Connection refused: localhost/127.0.0.1:15156
2024-10-07 19:12:30,007 [NettyRpcService-workerGroup--thread3] INFO  server.RaftServer$Division (RaftServerImpl.java:requestVote(1476)) - s0@group-F5D0649D4159 replies to PRE_VOTE vote request: s1<-s0#0:OK-t2. Peer's state: s0@group-F5D0649D4159:t2, leader=null, voted=s4, raftlog=Memoized:s0@group-F5D0649D4159-SegmentedRaftLog:OPENED:c2:last(t:2, i:2), conf=conf: {index: 1, cur=peers:[s3|localhost:15152, s4|localhost:15156, s0|localhost:15140, s1|localhost:15144, s2|localhost:15148]|listeners:[], old=null}
2024-10-07 19:12:30,007 [s1@group-F5D0649D4159-LeaderElection17] INFO  impl.LeaderElection (LogUtils.java:infoOrTrace(136)) - s1@group-F5D0649D4159-LeaderElection17 got exception when requesting votes: java.util.concurrent.ExecutionException: org.apache.ratis.thirdparty.io.netty.channel.AbstractChannel$AnnotatedConnectException: finishConnect(..) failed: Connection refused: localhost/127.0.0.1:15148
2024-10-07 19:12:30,140 [s0@group-F5D0649D4159-LeaderElection18] INFO  impl.LeaderElection (LeaderElection.java:logAndReturn(90)) - s0@group-F5D0649D4159-LeaderElection18: PRE_VOTE TIMEOUT received 1 response(s) and 2 exception(s):
2024-10-07 19:12:30,140 [s0@group-F5D0649D4159-LeaderElection18] INFO  impl.LeaderElection (LeaderElection.java:logAndReturn(94)) -   Response 0: s0<-s1#0:OK-t2
2024-10-07 19:12:30,140 [s0@group-F5D0649D4159-LeaderElection18] INFO  impl.LeaderElection (LogUtils.java:infoOrTrace(136)) -   Exception 1: java.util.concurrent.ExecutionException: org.apache.ratis.thirdparty.io.netty.channel.AbstractChannel$AnnotatedConnectException: finishConnect(..) failed: Connection refused: localhost/127.0.0.1:15148
2024-10-07 19:12:30,140 [s0@group-F5D0649D4159-LeaderElection18] INFO  impl.LeaderElection (LogUtils.java:infoOrTrace(136)) -   Exception 2: java.util.concurrent.ExecutionException: org.apache.ratis.thirdparty.io.netty.channel.AbstractChannel$AnnotatedConnectException: finishConnect(..) failed: Connection refused: localhost/127.0.0.1:15156
2024-10-07 19:12:30,141 [s0@group-F5D0649D4159-LeaderElection18] INFO  impl.LeaderElection (LeaderElection.java:askForVotes(339)) - s0@group-F5D0649D4159-LeaderElection18 PRE_VOTE round 107: result TIMEOUT
2024-10-07 19:12:30,141 [s0@group-F5D0649D4159-LeaderElection18] INFO  impl.LeaderElection (LeaderElection.java:askForVotes(337)) - s0@group-F5D0649D4159-LeaderElection18 PRE_VOTE round 108: submit vote requests at term 2 for conf: {index: 1, cur=peers:[s3|localhost:15152, s4|localhost:15156, s0|localhost:15140, s1|localhost:15144, s2|localhost:15148]|listeners:[], old=null}
2024-10-07 19:12:30,142 [NettyRpcService-workerGroup--thread3] INFO  server.RaftServer$Division (RaftServerImpl.java:requestVote(1443)) - s1@group-F5D0649D4159: receive requestVote(PRE_VOTE, s0, group-F5D0649D4159, 2, (t:2, i:2))
2024-10-07 19:12:30,142 [NettyRpcService-workerGroup--thread3] INFO  impl.VoteContext (VoteContext.java:log(49)) - s1@group-F5D0649D4159-CANDIDATE: accept PRE_VOTE from s0: our priority 0 <= candidate's priority 0
2024-10-07 19:12:30,142 [NettyRpcService-workerGroup--thread3] INFO  server.RaftServer$Division (RaftServerImpl.java:requestVote(1476)) - s1@group-F5D0649D4159 replies to PRE_VOTE vote request: s0<-s1#0:OK-t2. Peer's state: s1@group-F5D0649D4159:t2, leader=null, voted=s4, raftlog=Memoized:s1@group-F5D0649D4159-SegmentedRaftLog:OPENED:c2:last(t:2, i:2), conf=conf: {index: 1, cur=peers:[s3|localhost:15152, s4|localhost:15156, s0|localhost:15140, s1|localhost:15144, s2|localhost:15148]|listeners:[], old=null}
2024-10-07 19:12:30,142 [s0@group-F5D0649D4159-LeaderElection18] INFO  impl.LeaderElection (LogUtils.java:infoOrTrace(136)) - s0@group-F5D0649D4159-LeaderElection18 got exception when requesting votes: java.util.concurrent.ExecutionException: org.apache.ratis.thirdparty.io.netty.channel.AbstractChannel$AnnotatedConnectException: finishConnect(..) failed: Connection refused: localhost/127.0.0.1:15148
2024-10-07 19:12:30,142 [s0@group-F5D0649D4159-LeaderElection18] INFO  impl.LeaderElection (LogUtils.java:infoOrTrace(136)) - s0@group-F5D0649D4159-LeaderElection18 got exception when requesting votes: java.util.concurrent.ExecutionException: org.apache.ratis.thirdparty.io.netty.channel.AbstractChannel$AnnotatedConnectException: finishConnect(..) failed: Connection refused: localhost/127.0.0.1:15156
2024-10-07 19:12:30,265 [Timer-8] INFO  impl.MiniRaftCluster (MiniRaftCluster.java:lambda$null$7(352)) - TIMED-PRINT: printing ALL groups
  s3:  RUNNING  FOLLOWER s3@group-F5D0649D4159:t1, leader=null, voted=null, raftlog=Memoized:s3@group-F5D0649D4159-SegmentedRaftLog:OPENED:c-1:lastnull, conf=conf: {index: -1, cur=peers:[s3|localhost:15152, s4|localhost:15156, s0|localhost:15140, s1|localhost:15144, s2|localhost:15148]|listeners:[], old=null} RUNNING
  s4:   CLOSED    LEADER s4@group-F5D0649D4159:t2, leader=s4, voted=s4, raftlog=Memoized:s4@group-F5D0649D4159-SegmentedRaftLog:CLOSED:c2, conf=conf: {index: 1, cur=peers:[s3|localhost:15152, s4|localhost:15156, s0|localhost:15140, s1|localhost:15144, s2|localhost:15148]|listeners:[], old=null} CLOSED
  s0:  RUNNING CANDIDATE s0@group-F5D0649D4159:t2, leader=null, voted=s4, raftlog=Memoized:s0@group-F5D0649D4159-SegmentedRaftLog:OPENED:c2:last(t:2, i:2), conf=conf: {index: 1, cur=peers:[s3|localhost:15152, s4|localhost:15156, s0|localhost:15140, s1|localhost:15144, s2|localhost:15148]|listeners:[], old=null} RUNNING
  s1:  RUNNING CANDIDATE s1@group-F5D0649D4159:t2, leader=null, voted=s4, raftlog=Memoized:s1@group-F5D0649D4159-SegmentedRaftLog:OPENED:c2:last(t:2, i:2), conf=conf: {index: 1, cur=peers:[s3|localhost:15152, s4|localhost:15156, s0|localhost:15140, s1|localhost:15144, s2|localhost:15148]|listeners:[], old=null} RUNNING
  s2:   CLOSED    LEADER s2@group-F5D0649D4159:t1, leader=s2, voted=s2, raftlog=Memoized:s2@group-F5D0649D4159-SegmentedRaftLog:CLOSED:c0, conf=conf: {index: 0, cur=peers:[s3|localhost:15152, s4|localhost:15156, s0|localhost:15140, s1|localhost:15144, s2|localhost:15148]|listeners:[], old=null} CLOSED
2024-10-07 19:12:30,266 [main] WARN  ratis.RaftTestUtil (RaftTestUtil.java:lambda$waitForLeader$3(126)) - Attempt #64 failed: java.lang.IllegalStateException: No leader yet : printing ALL groups
  s3:  RUNNING  FOLLOWER s3@group-F5D0649D4159:t1, leader=null, voted=null, raftlog=Memoized:s3@group-F5D0649D4159-SegmentedRaftLog:OPENED:c-1:lastnull, conf=conf: {index: -1, cur=peers:[s3|localhost:15152, s4|localhost:15156, s0|localhost:15140, s1|localhost:15144, s2|localhost:15148]|listeners:[], old=null} RUNNING
  s4:   CLOSED    LEADER s4@group-F5D0649D4159:t2, leader=s4, voted=s4, raftlog=Memoized:s4@group-F5D0649D4159-SegmentedRaftLog:CLOSED:c2, conf=conf: {index: 1, cur=peers:[s3|localhost:15152, s4|localhost:15156, s0|localhost:15140, s1|localhost:15144, s2|localhost:15148]|listeners:[], old=null} CLOSED
  s0:  RUNNING CANDIDATE s0@group-F5D0649D4159:t2, leader=null, voted=s4, raftlog=Memoized:s0@group-F5D0649D4159-SegmentedRaftLog:OPENED:c2:last(t:2, i:2), conf=conf: {index: 1, cur=peers:[s3|localhost:15152, s4|localhost:15156, s0|localhost:15140, s1|localhost:15144, s2|localhost:15148]|listeners:[], old=null} RUNNING
  s1:  RUNNING CANDIDATE s1@group-F5D0649D4159:t2, leader=null, voted=s4, raftlog=Memoized:s1@group-F5D0649D4159-SegmentedRaftLog:OPENED:c2:last(t:2, i:2), conf=conf: {index: 1, cur=peers:[s3|localhost:15152, s4|localhost:15156, s0|localhost:15140, s1|localhost:15144, s2|localhost:15148]|listeners:[], old=null} RUNNING
  s2:   CLOSED    LEADER s2@group-F5D0649D4159:t1, leader=s2, voted=s2, raftlog=Memoized:s2@group-F5D0649D4159-SegmentedRaftLog:CLOSED:c0, conf=conf: {index: 0, cur=peers:[s3|localhost:15152, s4|localhost:15156, s0|localhost:15140, s1|localhost:15144, s2|localhost:15148]|listeners:[], old=null} CLOSED
2024-10-07 19:12:30,284 [s1@group-F5D0649D4159-LeaderElection17] INFO  impl.LeaderElection (LeaderElection.java:logAndReturn(90)) - s1@group-F5D0649D4159-LeaderElection17: PRE_VOTE TIMEOUT received 1 response(s) and 2 exception(s):
2024-10-07 19:12:30,284 [s1@group-F5D0649D4159-LeaderElection17] INFO  impl.LeaderElection (LeaderElection.java:logAndReturn(94)) -   Response 0: s1<-s0#0:OK-t2
2024-10-07 19:12:30,285 [s1@group-F5D0649D4159-LeaderElection17] INFO  impl.LeaderElection (LogUtils.java:infoOrTrace(136)) -   Exception 1: java.util.concurrent.ExecutionException: org.apache.ratis.thirdparty.io.netty.channel.AbstractChannel$AnnotatedConnectException: finishConnect(..) failed: Connection refused: localhost/127.0.0.1:15156
2024-10-07 19:12:30,285 [s1@group-F5D0649D4159-LeaderElection17] INFO  impl.LeaderElection (LogUtils.java:infoOrTrace(136)) -   Exception 2: java.util.concurrent.ExecutionException: org.apache.ratis.thirdparty.io.netty.channel.AbstractChannel$AnnotatedConnectException: finishConnect(..) failed: Connection refused: localhost/127.0.0.1:15148
2024-10-07 19:12:30,285 [s1@group-F5D0649D4159-LeaderElection17] INFO  impl.LeaderElection (LeaderElection.java:askForVotes(339)) - s1@group-F5D0649D4159-LeaderElection17 PRE_VOTE round 125: result TIMEOUT
2024-10-07 19:12:30,285 [s1@group-F5D0649D4159-LeaderElection17] INFO  impl.LeaderElection (LeaderElection.java:askForVotes(337)) - s1@group-F5D0649D4159-LeaderElection17 PRE_VOTE round 126: submit vote requests at term 2 for conf: {index: 1, cur=peers:[s3|localhost:15152, s4|localhost:15156, s0|localhost:15140, s1|localhost:15144, s2|localhost:15148]|listeners:[], old=null}
2024-10-07 19:12:30,286 [NettyRpcService-workerGroup--thread3] INFO  server.RaftServer$Division (RaftServerImpl.java:requestVote(1443)) - s0@group-F5D0649D4159: receive requestVote(PRE_VOTE, s1, group-F5D0649D4159, 2, (t:2, i:2))
2024-10-07 19:12:30,286 [NettyRpcService-workerGroup--thread3] INFO  impl.VoteContext (VoteContext.java:log(49)) - s0@group-F5D0649D4159-CANDIDATE: accept PRE_VOTE from s1: our priority 0 <= candidate's priority 0
2024-10-07 19:12:30,286 [s1@group-F5D0649D4159-LeaderElection17] INFO  impl.LeaderElection (LogUtils.java:infoOrTrace(136)) - s1@group-F5D0649D4159-LeaderElection17 got exception when requesting votes: java.util.concurrent.ExecutionException: org.apache.ratis.thirdparty.io.netty.channel.AbstractChannel$AnnotatedConnectException: finishConnect(..) failed: Connection refused: localhost/127.0.0.1:15156
2024-10-07 19:12:30,286 [NettyRpcService-workerGroup--thread3] INFO  server.RaftServer$Division (RaftServerImpl.java:requestVote(1476)) - s0@group-F5D0649D4159 replies to PRE_VOTE vote request: s1<-s0#0:OK-t2. Peer's state: s0@group-F5D0649D4159:t2, leader=null, voted=s4, raftlog=Memoized:s0@group-F5D0649D4159-SegmentedRaftLog:OPENED:c2:last(t:2, i:2), conf=conf: {index: 1, cur=peers:[s3|localhost:15152, s4|localhost:15156, s0|localhost:15140, s1|localhost:15144, s2|localhost:15148]|listeners:[], old=null}
2024-10-07 19:12:30,286 [s1@group-F5D0649D4159-LeaderElection17] INFO  impl.LeaderElection (LogUtils.java:infoOrTrace(136)) - s1@group-F5D0649D4159-LeaderElection17 got exception when requesting votes: java.util.concurrent.ExecutionException: org.apache.ratis.thirdparty.io.netty.channel.AbstractChannel$AnnotatedConnectException: finishConnect(..) failed: Connection refused: localhost/127.0.0.1:15148
2024-10-07 19:12:30,320 [s0@group-F5D0649D4159-LeaderElection18] INFO  impl.LeaderElection (LeaderElection.java:logAndReturn(90)) - s0@group-F5D0649D4159-LeaderElection18: PRE_VOTE TIMEOUT received 1 response(s) and 2 exception(s):
2024-10-07 19:12:30,320 [s0@group-F5D0649D4159-LeaderElection18] INFO  impl.LeaderElection (LeaderElection.java:logAndReturn(94)) -   Response 0: s0<-s1#0:OK-t2
2024-10-07 19:12:30,320 [s0@group-F5D0649D4159-LeaderElection18] INFO  impl.LeaderElection (LogUtils.java:infoOrTrace(136)) -   Exception 1: java.util.concurrent.ExecutionException: org.apache.ratis.thirdparty.io.netty.channel.AbstractChannel$AnnotatedConnectException: finishConnect(..) failed: Connection refused: localhost/127.0.0.1:15148
2024-10-07 19:12:30,320 [s0@group-F5D0649D4159-LeaderElection18] INFO  impl.LeaderElection (LogUtils.java:infoOrTrace(136)) -   Exception 2: java.util.concurrent.ExecutionException: org.apache.ratis.thirdparty.io.netty.channel.AbstractChannel$AnnotatedConnectException: finishConnect(..) failed: Connection refused: localhost/127.0.0.1:15156
2024-10-07 19:12:30,320 [s0@group-F5D0649D4159-LeaderElection18] INFO  impl.LeaderElection (LeaderElection.java:askForVotes(339)) - s0@group-F5D0649D4159-LeaderElection18 PRE_VOTE round 108: result TIMEOUT
2024-10-07 19:12:30,320 [s0@group-F5D0649D4159-LeaderElection18] INFO  impl.LeaderElection (LeaderElection.java:askForVotes(337)) - s0@group-F5D0649D4159-LeaderElection18 PRE_VOTE round 109: submit vote requests at term 2 for conf: {index: 1, cur=peers:[s3|localhost:15152, s4|localhost:15156, s0|localhost:15140, s1|localhost:15144, s2|localhost:15148]|listeners:[], old=null}
2024-10-07 19:12:30,321 [NettyRpcService-workerGroup--thread3] INFO  server.RaftServer$Division (RaftServerImpl.java:requestVote(1443)) - s1@group-F5D0649D4159: receive requestVote(PRE_VOTE, s0, group-F5D0649D4159, 2, (t:2, i:2))
2024-10-07 19:12:30,321 [NettyRpcService-workerGroup--thread3] INFO  impl.VoteContext (VoteContext.java:log(49)) - s1@group-F5D0649D4159-CANDIDATE: accept PRE_VOTE from s0: our priority 0 <= candidate's priority 0
2024-10-07 19:12:30,321 [s0@group-F5D0649D4159-LeaderElection18] INFO  impl.LeaderElection (LogUtils.java:infoOrTrace(136)) - s0@group-F5D0649D4159-LeaderElection18 got exception when requesting votes: java.util.concurrent.ExecutionException: org.apache.ratis.thirdparty.io.netty.channel.AbstractChannel$AnnotatedConnectException: finishConnect(..) failed: Connection refused: localhost/127.0.0.1:15156
2024-10-07 19:12:30,321 [NettyRpcService-workerGroup--thread3] INFO  server.RaftServer$Division (RaftServerImpl.java:requestVote(1476)) - s1@group-F5D0649D4159 replies to PRE_VOTE vote request: s0<-s1#0:OK-t2. Peer's state: s1@group-F5D0649D4159:t2, leader=null, voted=s4, raftlog=Memoized:s1@group-F5D0649D4159-SegmentedRaftLog:OPENED:c2:last(t:2, i:2), conf=conf: {index: 1, cur=peers:[s3|localhost:15152, s4|localhost:15156, s0|localhost:15140, s1|localhost:15144, s2|localhost:15148]|listeners:[], old=null}
2024-10-07 19:12:30,321 [s0@group-F5D0649D4159-LeaderElection18] INFO  impl.LeaderElection (LogUtils.java:infoOrTrace(136)) - s0@group-F5D0649D4159-LeaderElection18 got exception when requesting votes: java.util.concurrent.ExecutionException: org.apache.ratis.thirdparty.io.netty.channel.AbstractChannel$AnnotatedConnectException: finishConnect(..) failed: Connection refused: localhost/127.0.0.1:15148
2024-10-07 19:12:30,510 [s0@group-F5D0649D4159-LeaderElection18] INFO  impl.LeaderElection (LeaderElection.java:logAndReturn(90)) - s0@group-F5D0649D4159-LeaderElection18: PRE_VOTE TIMEOUT received 1 response(s) and 2 exception(s):
2024-10-07 19:12:30,510 [s0@group-F5D0649D4159-LeaderElection18] INFO  impl.LeaderElection (LeaderElection.java:logAndReturn(94)) -   Response 0: s0<-s1#0:OK-t2
2024-10-07 19:12:30,510 [s0@group-F5D0649D4159-LeaderElection18] INFO  impl.LeaderElection (LogUtils.java:infoOrTrace(136)) -   Exception 1: java.util.concurrent.ExecutionException: org.apache.ratis.thirdparty.io.netty.channel.AbstractChannel$AnnotatedConnectException: finishConnect(..) failed: Connection refused: localhost/127.0.0.1:15156
2024-10-07 19:12:30,510 [s0@group-F5D0649D4159-LeaderElection18] INFO  impl.LeaderElection (LogUtils.java:infoOrTrace(136)) -   Exception 2: java.util.concurrent.ExecutionException: org.apache.ratis.thirdparty.io.netty.channel.AbstractChannel$AnnotatedConnectException: finishConnect(..) failed: Connection refused: localhost/127.0.0.1:15148
2024-10-07 19:12:30,510 [s0@group-F5D0649D4159-LeaderElection18] INFO  impl.LeaderElection (LeaderElection.java:askForVotes(339)) - s0@group-F5D0649D4159-LeaderElection18 PRE_VOTE round 109: result TIMEOUT
2024-10-07 19:12:30,510 [s0@group-F5D0649D4159-LeaderElection18] INFO  impl.LeaderElection (LeaderElection.java:askForVotes(337)) - s0@group-F5D0649D4159-LeaderElection18 PRE_VOTE round 110: submit vote requests at term 2 for conf: {index: 1, cur=peers:[s3|localhost:15152, s4|localhost:15156, s0|localhost:15140, s1|localhost:15144, s2|localhost:15148]|listeners:[], old=null}
2024-10-07 19:12:30,511 [NettyRpcService-workerGroup--thread3] INFO  server.RaftServer$Division (RaftServerImpl.java:requestVote(1443)) - s1@group-F5D0649D4159: receive requestVote(PRE_VOTE, s0, group-F5D0649D4159, 2, (t:2, i:2))
2024-10-07 19:12:30,511 [NettyRpcService-workerGroup--thread3] INFO  impl.VoteContext (VoteContext.java:log(49)) - s1@group-F5D0649D4159-CANDIDATE: accept PRE_VOTE from s0: our priority 0 <= candidate's priority 0
2024-10-07 19:12:30,511 [NettyRpcService-workerGroup--thread3] INFO  server.RaftServer$Division (RaftServerImpl.java:requestVote(1476)) - s1@group-F5D0649D4159 replies to PRE_VOTE vote request: s0<-s1#0:OK-t2. Peer's state: s1@group-F5D0649D4159:t2, leader=null, voted=s4, raftlog=Memoized:s1@group-F5D0649D4159-SegmentedRaftLog:OPENED:c2:last(t:2, i:2), conf=conf: {index: 1, cur=peers:[s3|localhost:15152, s4|localhost:15156, s0|localhost:15140, s1|localhost:15144, s2|localhost:15148]|listeners:[], old=null}
2024-10-07 19:12:30,512 [s0@group-F5D0649D4159-LeaderElection18] INFO  impl.LeaderElection (LogUtils.java:infoOrTrace(136)) - s0@group-F5D0649D4159-LeaderElection18 got exception when requesting votes: java.util.concurrent.ExecutionException: org.apache.ratis.thirdparty.io.netty.channel.AbstractChannel$AnnotatedConnectException: finishConnect(..) failed: Connection refused: localhost/127.0.0.1:15156
2024-10-07 19:12:30,512 [s0@group-F5D0649D4159-LeaderElection18] INFO  impl.LeaderElection (LogUtils.java:infoOrTrace(136)) - s0@group-F5D0649D4159-LeaderElection18 got exception when requesting votes: java.util.concurrent.ExecutionException: org.apache.ratis.thirdparty.io.netty.channel.AbstractChannel$AnnotatedConnectException: finishConnect(..) failed: Connection refused: localhost/127.0.0.1:15148
2024-10-07 19:12:30,569 [s1@group-F5D0649D4159-LeaderElection17] INFO  impl.LeaderElection (LeaderElection.java:logAndReturn(90)) - s1@group-F5D0649D4159-LeaderElection17: PRE_VOTE TIMEOUT received 1 response(s) and 2 exception(s):
2024-10-07 19:12:30,569 [s1@group-F5D0649D4159-LeaderElection17] INFO  impl.LeaderElection (LeaderElection.java:logAndReturn(94)) -   Response 0: s1<-s0#0:OK-t2
2024-10-07 19:12:30,569 [s1@group-F5D0649D4159-LeaderElection17] INFO  impl.LeaderElection (LogUtils.java:infoOrTrace(136)) -   Exception 1: java.util.concurrent.ExecutionException: org.apache.ratis.thirdparty.io.netty.channel.AbstractChannel$AnnotatedConnectException: finishConnect(..) failed: Connection refused: localhost/127.0.0.1:15156
2024-10-07 19:12:30,569 [s1@group-F5D0649D4159-LeaderElection17] INFO  impl.LeaderElection (LogUtils.java:infoOrTrace(136)) -   Exception 2: java.util.concurrent.ExecutionException: org.apache.ratis.thirdparty.io.netty.channel.AbstractChannel$AnnotatedConnectException: finishConnect(..) failed: Connection refused: localhost/127.0.0.1:15148
2024-10-07 19:12:30,569 [s1@group-F5D0649D4159-LeaderElection17] INFO  impl.LeaderElection (LeaderElection.java:askForVotes(339)) - s1@group-F5D0649D4159-LeaderElection17 PRE_VOTE round 126: result TIMEOUT
2024-10-07 19:12:30,569 [s1@group-F5D0649D4159-LeaderElection17] INFO  impl.LeaderElection (LeaderElection.java:askForVotes(337)) - s1@group-F5D0649D4159-LeaderElection17 PRE_VOTE round 127: submit vote requests at term 2 for conf: {index: 1, cur=peers:[s3|localhost:15152, s4|localhost:15156, s0|localhost:15140, s1|localhost:15144, s2|localhost:15148]|listeners:[], old=null}
2024-10-07 19:12:30,570 [NettyRpcService-workerGroup--thread3] INFO  server.RaftServer$Division (RaftServerImpl.java:requestVote(1443)) - s0@group-F5D0649D4159: receive requestVote(PRE_VOTE, s1, group-F5D0649D4159, 2, (t:2, i:2))
2024-10-07 19:12:30,570 [NettyRpcService-workerGroup--thread3] INFO  impl.VoteContext (VoteContext.java:log(49)) - s0@group-F5D0649D4159-CANDIDATE: accept PRE_VOTE from s1: our priority 0 <= candidate's priority 0
2024-10-07 19:12:30,570 [NettyRpcService-workerGroup--thread3] INFO  server.RaftServer$Division (RaftServerImpl.java:requestVote(1476)) - s0@group-F5D0649D4159 replies to PRE_VOTE vote request: s1<-s0#0:OK-t2. Peer's state: s0@group-F5D0649D4159:t2, leader=null, voted=s4, raftlog=Memoized:s0@group-F5D0649D4159-SegmentedRaftLog:OPENED:c2:last(t:2, i:2), conf=conf: {index: 1, cur=peers:[s3|localhost:15152, s4|localhost:15156, s0|localhost:15140, s1|localhost:15144, s2|localhost:15148]|listeners:[], old=null}
2024-10-07 19:12:30,570 [s1@group-F5D0649D4159-LeaderElection17] INFO  impl.LeaderElection (LogUtils.java:infoOrTrace(136)) - s1@group-F5D0649D4159-LeaderElection17 got exception when requesting votes: java.util.concurrent.ExecutionException: org.apache.ratis.thirdparty.io.netty.channel.AbstractChannel$AnnotatedConnectException: finishConnect(..) failed: Connection refused: localhost/127.0.0.1:15148
2024-10-07 19:12:30,570 [s1@group-F5D0649D4159-LeaderElection17] INFO  impl.LeaderElection (LogUtils.java:infoOrTrace(136)) - s1@group-F5D0649D4159-LeaderElection17 got exception when requesting votes: java.util.concurrent.ExecutionException: org.apache.ratis.thirdparty.io.netty.channel.AbstractChannel$AnnotatedConnectException: finishConnect(..) failed: Connection refused: localhost/127.0.0.1:15156
2024-10-07 19:12:30,702 [s0@group-F5D0649D4159-LeaderElection18] INFO  impl.LeaderElection (LeaderElection.java:logAndReturn(90)) - s0@group-F5D0649D4159-LeaderElection18: PRE_VOTE TIMEOUT received 1 response(s) and 2 exception(s):
2024-10-07 19:12:30,702 [s0@group-F5D0649D4159-LeaderElection18] INFO  impl.LeaderElection (LeaderElection.java:logAndReturn(94)) -   Response 0: s0<-s1#0:OK-t2
2024-10-07 19:12:30,702 [s0@group-F5D0649D4159-LeaderElection18] INFO  impl.LeaderElection (LogUtils.java:infoOrTrace(136)) -   Exception 1: java.util.concurrent.ExecutionException: org.apache.ratis.thirdparty.io.netty.channel.AbstractChannel$AnnotatedConnectException: finishConnect(..) failed: Connection refused: localhost/127.0.0.1:15156
2024-10-07 19:12:30,702 [s0@group-F5D0649D4159-LeaderElection18] INFO  impl.LeaderElection (LogUtils.java:infoOrTrace(136)) -   Exception 2: java.util.concurrent.ExecutionException: org.apache.ratis.thirdparty.io.netty.channel.AbstractChannel$AnnotatedConnectException: finishConnect(..) failed: Connection refused: localhost/127.0.0.1:15148
2024-10-07 19:12:30,702 [s0@group-F5D0649D4159-LeaderElection18] INFO  impl.LeaderElection (LeaderElection.java:askForVotes(339)) - s0@group-F5D0649D4159-LeaderElection18 PRE_VOTE round 110: result TIMEOUT
2024-10-07 19:12:30,702 [s0@group-F5D0649D4159-LeaderElection18] INFO  impl.LeaderElection (LeaderElection.java:askForVotes(337)) - s0@group-F5D0649D4159-LeaderElection18 PRE_VOTE round 111: submit vote requests at term 2 for conf: {index: 1, cur=peers:[s3|localhost:15152, s4|localhost:15156, s0|localhost:15140, s1|localhost:15144, s2|localhost:15148]|listeners:[], old=null}
2024-10-07 19:12:30,703 [NettyRpcService-workerGroup--thread3] INFO  server.RaftServer$Division (RaftServerImpl.java:requestVote(1443)) - s1@group-F5D0649D4159: receive requestVote(PRE_VOTE, s0, group-F5D0649D4159, 2, (t:2, i:2))
2024-10-07 19:12:30,703 [NettyRpcService-workerGroup--thread3] INFO  impl.VoteContext (VoteContext.java:log(49)) - s1@group-F5D0649D4159-CANDIDATE: accept PRE_VOTE from s0: our priority 0 <= candidate's priority 0
2024-10-07 19:12:30,703 [s0@group-F5D0649D4159-LeaderElection18] INFO  impl.LeaderElection (LogUtils.java:infoOrTrace(136)) - s0@group-F5D0649D4159-LeaderElection18 got exception when requesting votes: java.util.concurrent.ExecutionException: org.apache.ratis.thirdparty.io.netty.channel.AbstractChannel$AnnotatedConnectException: finishConnect(..) failed: Connection refused: localhost/127.0.0.1:15156
2024-10-07 19:12:30,703 [NettyRpcService-workerGroup--thread3] INFO  server.RaftServer$Division (RaftServerImpl.java:requestVote(1476)) - s1@group-F5D0649D4159 replies to PRE_VOTE vote request: s0<-s1#0:OK-t2. Peer's state: s1@group-F5D0649D4159:t2, leader=null, voted=s4, raftlog=Memoized:s1@group-F5D0649D4159-SegmentedRaftLog:OPENED:c2:last(t:2, i:2), conf=conf: {index: 1, cur=peers:[s3|localhost:15152, s4|localhost:15156, s0|localhost:15140, s1|localhost:15144, s2|localhost:15148]|listeners:[], old=null}
2024-10-07 19:12:30,704 [s0@group-F5D0649D4159-LeaderElection18] INFO  impl.LeaderElection (LogUtils.java:infoOrTrace(136)) - s0@group-F5D0649D4159-LeaderElection18 got exception when requesting votes: java.util.concurrent.ExecutionException: org.apache.ratis.thirdparty.io.netty.channel.AbstractChannel$AnnotatedConnectException: finishConnect(..) failed: Connection refused: localhost/127.0.0.1:15148
2024-10-07 19:12:30,716 [main] WARN  ratis.RaftTestUtil (RaftTestUtil.java:lambda$waitForLeader$3(126)) - Attempt #65 failed: java.lang.IllegalStateException: No leader yet : printing ALL groups
  s3:  RUNNING  FOLLOWER s3@group-F5D0649D4159:t1, leader=null, voted=null, raftlog=Memoized:s3@group-F5D0649D4159-SegmentedRaftLog:OPENED:c-1:lastnull, conf=conf: {index: -1, cur=peers:[s3|localhost:15152, s4|localhost:15156, s0|localhost:15140, s1|localhost:15144, s2|localhost:15148]|listeners:[], old=null} RUNNING
  s4:   CLOSED    LEADER s4@group-F5D0649D4159:t2, leader=s4, voted=s4, raftlog=Memoized:s4@group-F5D0649D4159-SegmentedRaftLog:CLOSED:c2, conf=conf: {index: 1, cur=peers:[s3|localhost:15152, s4|localhost:15156, s0|localhost:15140, s1|localhost:15144, s2|localhost:15148]|listeners:[], old=null} CLOSED
  s0:  RUNNING CANDIDATE s0@group-F5D0649D4159:t2, leader=null, voted=s4, raftlog=Memoized:s0@group-F5D0649D4159-SegmentedRaftLog:OPENED:c2:last(t:2, i:2), conf=conf: {index: 1, cur=peers:[s3|localhost:15152, s4|localhost:15156, s0|localhost:15140, s1|localhost:15144, s2|localhost:15148]|listeners:[], old=null} RUNNING
  s1:  RUNNING CANDIDATE s1@group-F5D0649D4159:t2, leader=null, voted=s4, raftlog=Memoized:s1@group-F5D0649D4159-SegmentedRaftLog:OPENED:c2:last(t:2, i:2), conf=conf: {index: 1, cur=peers:[s3|localhost:15152, s4|localhost:15156, s0|localhost:15140, s1|localhost:15144, s2|localhost:15148]|listeners:[], old=null} RUNNING
  s2:   CLOSED    LEADER s2@group-F5D0649D4159:t1, leader=s2, voted=s2, raftlog=Memoized:s2@group-F5D0649D4159-SegmentedRaftLog:CLOSED:c0, conf=conf: {index: 0, cur=peers:[s3|localhost:15152, s4|localhost:15156, s0|localhost:15140, s1|localhost:15144, s2|localhost:15148]|listeners:[], old=null} CLOSED
2024-10-07 19:12:30,805 [s1@group-F5D0649D4159-LeaderElection17] INFO  impl.LeaderElection (LeaderElection.java:logAndReturn(90)) - s1@group-F5D0649D4159-LeaderElection17: PRE_VOTE TIMEOUT received 1 response(s) and 2 exception(s):
2024-10-07 19:12:30,805 [s1@group-F5D0649D4159-LeaderElection17] INFO  impl.LeaderElection (LeaderElection.java:logAndReturn(94)) -   Response 0: s1<-s0#0:OK-t2
2024-10-07 19:12:30,805 [s1@group-F5D0649D4159-LeaderElection17] INFO  impl.LeaderElection (LogUtils.java:infoOrTrace(136)) -   Exception 1: java.util.concurrent.ExecutionException: org.apache.ratis.thirdparty.io.netty.channel.AbstractChannel$AnnotatedConnectException: finishConnect(..) failed: Connection refused: localhost/127.0.0.1:15148
2024-10-07 19:12:30,805 [s1@group-F5D0649D4159-LeaderElection17] INFO  impl.LeaderElection (LogUtils.java:infoOrTrace(136)) -   Exception 2: java.util.concurrent.ExecutionException: org.apache.ratis.thirdparty.io.netty.channel.AbstractChannel$AnnotatedConnectException: finishConnect(..) failed: Connection refused: localhost/127.0.0.1:15156
2024-10-07 19:12:30,805 [s1@group-F5D0649D4159-LeaderElection17] INFO  impl.LeaderElection (LeaderElection.java:askForVotes(339)) - s1@group-F5D0649D4159-LeaderElection17 PRE_VOTE round 127: result TIMEOUT
2024-10-07 19:12:30,805 [s1@group-F5D0649D4159-LeaderElection17] INFO  impl.LeaderElection (LeaderElection.java:askForVotes(337)) - s1@group-F5D0649D4159-LeaderElection17 PRE_VOTE round 128: submit vote requests at term 2 for conf: {index: 1, cur=peers:[s3|localhost:15152, s4|localhost:15156, s0|localhost:15140, s1|localhost:15144, s2|localhost:15148]|listeners:[], old=null}
2024-10-07 19:12:30,806 [NettyRpcService-workerGroup--thread3] INFO  server.RaftServer$Division (RaftServerImpl.java:requestVote(1443)) - s0@group-F5D0649D4159: receive requestVote(PRE_VOTE, s1, group-F5D0649D4159, 2, (t:2, i:2))
2024-10-07 19:12:30,806 [s1@group-F5D0649D4159-LeaderElection17] INFO  impl.LeaderElection (LogUtils.java:infoOrTrace(136)) - s1@group-F5D0649D4159-LeaderElection17 got exception when requesting votes: java.util.concurrent.ExecutionException: org.apache.ratis.thirdparty.io.netty.channel.AbstractChannel$AnnotatedConnectException: finishConnect(..) failed: Connection refused: localhost/127.0.0.1:15148
2024-10-07 19:12:30,806 [NettyRpcService-workerGroup--thread3] INFO  impl.VoteContext (VoteContext.java:log(49)) - s0@group-F5D0649D4159-CANDIDATE: accept PRE_VOTE from s1: our priority 0 <= candidate's priority 0
2024-10-07 19:12:30,806 [s1@group-F5D0649D4159-LeaderElection17] INFO  impl.LeaderElection (LogUtils.java:infoOrTrace(136)) - s1@group-F5D0649D4159-LeaderElection17 got exception when requesting votes: java.util.concurrent.ExecutionException: org.apache.ratis.thirdparty.io.netty.channel.AbstractChannel$AnnotatedConnectException: finishConnect(..) failed: Connection refused: localhost/127.0.0.1:15156
2024-10-07 19:12:30,806 [NettyRpcService-workerGroup--thread3] INFO  server.RaftServer$Division (RaftServerImpl.java:requestVote(1476)) - s0@group-F5D0649D4159 replies to PRE_VOTE vote request: s1<-s0#0:OK-t2. Peer's state: s0@group-F5D0649D4159:t2, leader=null, voted=s4, raftlog=Memoized:s0@group-F5D0649D4159-SegmentedRaftLog:OPENED:c2:last(t:2, i:2), conf=conf: {index: 1, cur=peers:[s3|localhost:15152, s4|localhost:15156, s0|localhost:15140, s1|localhost:15144, s2|localhost:15148]|listeners:[], old=null}
2024-10-07 19:12:30,959 [s0@group-F5D0649D4159-LeaderElection18] INFO  impl.LeaderElection (LeaderElection.java:logAndReturn(90)) - s0@group-F5D0649D4159-LeaderElection18: PRE_VOTE TIMEOUT received 1 response(s) and 2 exception(s):
2024-10-07 19:12:30,959 [s0@group-F5D0649D4159-LeaderElection18] INFO  impl.LeaderElection (LeaderElection.java:logAndReturn(94)) -   Response 0: s0<-s1#0:OK-t2
2024-10-07 19:12:30,959 [s0@group-F5D0649D4159-LeaderElection18] INFO  impl.LeaderElection (LogUtils.java:infoOrTrace(136)) -   Exception 1: java.util.concurrent.ExecutionException: org.apache.ratis.thirdparty.io.netty.channel.AbstractChannel$AnnotatedConnectException: finishConnect(..) failed: Connection refused: localhost/127.0.0.1:15156
2024-10-07 19:12:30,959 [s0@group-F5D0649D4159-LeaderElection18] INFO  impl.LeaderElection (LogUtils.java:infoOrTrace(136)) -   Exception 2: java.util.concurrent.ExecutionException: org.apache.ratis.thirdparty.io.netty.channel.AbstractChannel$AnnotatedConnectException: finishConnect(..) failed: Connection refused: localhost/127.0.0.1:15148
2024-10-07 19:12:30,959 [s0@group-F5D0649D4159-LeaderElection18] INFO  impl.LeaderElection (LeaderElection.java:askForVotes(339)) - s0@group-F5D0649D4159-LeaderElection18 PRE_VOTE round 111: result TIMEOUT
2024-10-07 19:12:30,959 [s0@group-F5D0649D4159-LeaderElection18] INFO  impl.LeaderElection (LeaderElection.java:askForVotes(337)) - s0@group-F5D0649D4159-LeaderElection18 PRE_VOTE round 112: submit vote requests at term 2 for conf: {index: 1, cur=peers:[s3|localhost:15152, s4|localhost:15156, s0|localhost:15140, s1|localhost:15144, s2|localhost:15148]|listeners:[], old=null}
2024-10-07 19:12:30,960 [NettyRpcService-workerGroup--thread3] INFO  server.RaftServer$Division (RaftServerImpl.java:requestVote(1443)) - s1@group-F5D0649D4159: receive requestVote(PRE_VOTE, s0, group-F5D0649D4159, 2, (t:2, i:2))
2024-10-07 19:12:30,960 [NettyRpcService-workerGroup--thread3] INFO  impl.VoteContext (VoteContext.java:log(49)) - s1@group-F5D0649D4159-CANDIDATE: accept PRE_VOTE from s0: our priority 0 <= candidate's priority 0
2024-10-07 19:12:30,960 [s0@group-F5D0649D4159-LeaderElection18] INFO  impl.LeaderElection (LogUtils.java:infoOrTrace(136)) - s0@group-F5D0649D4159-LeaderElection18 got exception when requesting votes: java.util.concurrent.ExecutionException: org.apache.ratis.thirdparty.io.netty.channel.AbstractChannel$AnnotatedConnectException: finishConnect(..) failed: Connection refused: localhost/127.0.0.1:15148
2024-10-07 19:12:30,960 [NettyRpcService-workerGroup--thread3] INFO  server.RaftServer$Division (RaftServerImpl.java:requestVote(1476)) - s1@group-F5D0649D4159 replies to PRE_VOTE vote request: s0<-s1#0:OK-t2. Peer's state: s1@group-F5D0649D4159:t2, leader=null, voted=s4, raftlog=Memoized:s1@group-F5D0649D4159-SegmentedRaftLog:OPENED:c2:last(t:2, i:2), conf=conf: {index: 1, cur=peers:[s3|localhost:15152, s4|localhost:15156, s0|localhost:15140, s1|localhost:15144, s2|localhost:15148]|listeners:[], old=null}
2024-10-07 19:12:30,960 [s0@group-F5D0649D4159-LeaderElection18] INFO  impl.LeaderElection (LogUtils.java:infoOrTrace(136)) - s0@group-F5D0649D4159-LeaderElection18 got exception when requesting votes: java.util.concurrent.ExecutionException: org.apache.ratis.thirdparty.io.netty.channel.AbstractChannel$AnnotatedConnectException: finishConnect(..) failed: Connection refused: localhost/127.0.0.1:15156
2024-10-07 19:12:30,974 [s1@group-F5D0649D4159-LeaderElection17] INFO  impl.LeaderElection (LeaderElection.java:logAndReturn(90)) - s1@group-F5D0649D4159-LeaderElection17: PRE_VOTE TIMEOUT received 1 response(s) and 2 exception(s):
2024-10-07 19:12:30,974 [s1@group-F5D0649D4159-LeaderElection17] INFO  impl.LeaderElection (LeaderElection.java:logAndReturn(94)) -   Response 0: s1<-s0#0:OK-t2
2024-10-07 19:12:30,974 [s1@group-F5D0649D4159-LeaderElection17] INFO  impl.LeaderElection (LogUtils.java:infoOrTrace(136)) -   Exception 1: java.util.concurrent.ExecutionException: org.apache.ratis.thirdparty.io.netty.channel.AbstractChannel$AnnotatedConnectException: finishConnect(..) failed: Connection refused: localhost/127.0.0.1:15148
2024-10-07 19:12:30,974 [s1@group-F5D0649D4159-LeaderElection17] INFO  impl.LeaderElection (LogUtils.java:infoOrTrace(136)) -   Exception 2: java.util.concurrent.ExecutionException: org.apache.ratis.thirdparty.io.netty.channel.AbstractChannel$AnnotatedConnectException: finishConnect(..) failed: Connection refused: localhost/127.0.0.1:15156
2024-10-07 19:12:30,974 [s1@group-F5D0649D4159-LeaderElection17] INFO  impl.LeaderElection (LeaderElection.java:askForVotes(339)) - s1@group-F5D0649D4159-LeaderElection17 PRE_VOTE round 128: result TIMEOUT
2024-10-07 19:12:30,974 [s1@group-F5D0649D4159-LeaderElection17] INFO  impl.LeaderElection (LeaderElection.java:askForVotes(337)) - s1@group-F5D0649D4159-LeaderElection17 PRE_VOTE round 129: submit vote requests at term 2 for conf: {index: 1, cur=peers:[s3|localhost:15152, s4|localhost:15156, s0|localhost:15140, s1|localhost:15144, s2|localhost:15148]|listeners:[], old=null}
2024-10-07 19:12:30,975 [NettyRpcService-workerGroup--thread3] INFO  server.RaftServer$Division (RaftServerImpl.java:requestVote(1443)) - s0@group-F5D0649D4159: receive requestVote(PRE_VOTE, s1, group-F5D0649D4159, 2, (t:2, i:2))
2024-10-07 19:12:30,975 [NettyRpcService-workerGroup--thread3] INFO  impl.VoteContext (VoteContext.java:log(49)) - s0@group-F5D0649D4159-CANDIDATE: accept PRE_VOTE from s1: our priority 0 <= candidate's priority 0
2024-10-07 19:12:30,975 [s1@group-F5D0649D4159-LeaderElection17] INFO  impl.LeaderElection (LogUtils.java:infoOrTrace(136)) - s1@group-F5D0649D4159-LeaderElection17 got exception when requesting votes: java.util.concurrent.ExecutionException: org.apache.ratis.thirdparty.io.netty.channel.AbstractChannel$AnnotatedConnectException: finishConnect(..) failed: Connection refused: localhost/127.0.0.1:15148
2024-10-07 19:12:30,975 [NettyRpcService-workerGroup--thread3] INFO  server.RaftServer$Division (RaftServerImpl.java:requestVote(1476)) - s0@group-F5D0649D4159 replies to PRE_VOTE vote request: s1<-s0#0:OK-t2. Peer's state: s0@group-F5D0649D4159:t2, leader=null, voted=s4, raftlog=Memoized:s0@group-F5D0649D4159-SegmentedRaftLog:OPENED:c2:last(t:2, i:2), conf=conf: {index: 1, cur=peers:[s3|localhost:15152, s4|localhost:15156, s0|localhost:15140, s1|localhost:15144, s2|localhost:15148]|listeners:[], old=null}
2024-10-07 19:12:30,975 [s1@group-F5D0649D4159-LeaderElection17] INFO  impl.LeaderElection (LogUtils.java:infoOrTrace(136)) - s1@group-F5D0649D4159-LeaderElection17 got exception when requesting votes: java.util.concurrent.ExecutionException: org.apache.ratis.thirdparty.io.netty.channel.AbstractChannel$AnnotatedConnectException: finishConnect(..) failed: Connection refused: localhost/127.0.0.1:15156
2024-10-07 19:12:31,167 [main] WARN  ratis.RaftTestUtil (RaftTestUtil.java:lambda$waitForLeader$3(126)) - Attempt #66 failed: java.lang.IllegalStateException: No leader yet : printing ALL groups
  s3:  RUNNING  FOLLOWER s3@group-F5D0649D4159:t1, leader=null, voted=null, raftlog=Memoized:s3@group-F5D0649D4159-SegmentedRaftLog:OPENED:c-1:lastnull, conf=conf: {index: -1, cur=peers:[s3|localhost:15152, s4|localhost:15156, s0|localhost:15140, s1|localhost:15144, s2|localhost:15148]|listeners:[], old=null} RUNNING
  s4:   CLOSED    LEADER s4@group-F5D0649D4159:t2, leader=s4, voted=s4, raftlog=Memoized:s4@group-F5D0649D4159-SegmentedRaftLog:CLOSED:c2, conf=conf: {index: 1, cur=peers:[s3|localhost:15152, s4|localhost:15156, s0|localhost:15140, s1|localhost:15144, s2|localhost:15148]|listeners:[], old=null} CLOSED
  s0:  RUNNING CANDIDATE s0@group-F5D0649D4159:t2, leader=null, voted=s4, raftlog=Memoized:s0@group-F5D0649D4159-SegmentedRaftLog:OPENED:c2:last(t:2, i:2), conf=conf: {index: 1, cur=peers:[s3|localhost:15152, s4|localhost:15156, s0|localhost:15140, s1|localhost:15144, s2|localhost:15148]|listeners:[], old=null} RUNNING
  s1:  RUNNING CANDIDATE s1@group-F5D0649D4159:t2, leader=null, voted=s4, raftlog=Memoized:s1@group-F5D0649D4159-SegmentedRaftLog:OPENED:c2:last(t:2, i:2), conf=conf: {index: 1, cur=peers:[s3|localhost:15152, s4|localhost:15156, s0|localhost:15140, s1|localhost:15144, s2|localhost:15148]|listeners:[], old=null} RUNNING
  s2:   CLOSED    LEADER s2@group-F5D0649D4159:t1, leader=s2, voted=s2, raftlog=Memoized:s2@group-F5D0649D4159-SegmentedRaftLog:CLOSED:c0, conf=conf: {index: 0, cur=peers:[s3|localhost:15152, s4|localhost:15156, s0|localhost:15140, s1|localhost:15144, s2|localhost:15148]|listeners:[], old=null} CLOSED
2024-10-07 19:12:31,198 [s0@group-F5D0649D4159-LeaderElection18] INFO  impl.LeaderElection (LeaderElection.java:logAndReturn(90)) - s0@group-F5D0649D4159-LeaderElection18: PRE_VOTE TIMEOUT received 1 response(s) and 2 exception(s):
2024-10-07 19:12:31,198 [s0@group-F5D0649D4159-LeaderElection18] INFO  impl.LeaderElection (LeaderElection.java:logAndReturn(94)) -   Response 0: s0<-s1#0:OK-t2
2024-10-07 19:12:31,198 [s0@group-F5D0649D4159-LeaderElection18] INFO  impl.LeaderElection (LogUtils.java:infoOrTrace(136)) -   Exception 1: java.util.concurrent.ExecutionException: org.apache.ratis.thirdparty.io.netty.channel.AbstractChannel$AnnotatedConnectException: finishConnect(..) failed: Connection refused: localhost/127.0.0.1:15148
2024-10-07 19:12:31,198 [s0@group-F5D0649D4159-LeaderElection18] INFO  impl.LeaderElection (LogUtils.java:infoOrTrace(136)) -   Exception 2: java.util.concurrent.ExecutionException: org.apache.ratis.thirdparty.io.netty.channel.AbstractChannel$AnnotatedConnectException: finishConnect(..) failed: Connection refused: localhost/127.0.0.1:15156
2024-10-07 19:12:31,198 [s0@group-F5D0649D4159-LeaderElection18] INFO  impl.LeaderElection (LeaderElection.java:askForVotes(339)) - s0@group-F5D0649D4159-LeaderElection18 PRE_VOTE round 112: result TIMEOUT
2024-10-07 19:12:31,198 [s0@group-F5D0649D4159-LeaderElection18] INFO  impl.LeaderElection (LeaderElection.java:askForVotes(337)) - s0@group-F5D0649D4159-LeaderElection18 PRE_VOTE round 113: submit vote requests at term 2 for conf: {index: 1, cur=peers:[s3|localhost:15152, s4|localhost:15156, s0|localhost:15140, s1|localhost:15144, s2|localhost:15148]|listeners:[], old=null}
2024-10-07 19:12:31,199 [NettyRpcService-workerGroup--thread3] INFO  server.RaftServer$Division (RaftServerImpl.java:requestVote(1443)) - s1@group-F5D0649D4159: receive requestVote(PRE_VOTE, s0, group-F5D0649D4159, 2, (t:2, i:2))
2024-10-07 19:12:31,199 [NettyRpcService-workerGroup--thread3] INFO  impl.VoteContext (VoteContext.java:log(49)) - s1@group-F5D0649D4159-CANDIDATE: accept PRE_VOTE from s0: our priority 0 <= candidate's priority 0
2024-10-07 19:12:31,199 [NettyRpcService-workerGroup--thread3] INFO  server.RaftServer$Division (RaftServerImpl.java:requestVote(1476)) - s1@group-F5D0649D4159 replies to PRE_VOTE vote request: s0<-s1#0:OK-t2. Peer's state: s1@group-F5D0649D4159:t2, leader=null, voted=s4, raftlog=Memoized:s1@group-F5D0649D4159-SegmentedRaftLog:OPENED:c2:last(t:2, i:2), conf=conf: {index: 1, cur=peers:[s3|localhost:15152, s4|localhost:15156, s0|localhost:15140, s1|localhost:15144, s2|localhost:15148]|listeners:[], old=null}
2024-10-07 19:12:31,199 [s0@group-F5D0649D4159-LeaderElection18] INFO  impl.LeaderElection (LogUtils.java:infoOrTrace(136)) - s0@group-F5D0649D4159-LeaderElection18 got exception when requesting votes: java.util.concurrent.ExecutionException: org.apache.ratis.thirdparty.io.netty.channel.AbstractChannel$AnnotatedConnectException: finishConnect(..) failed: Connection refused: localhost/127.0.0.1:15156
2024-10-07 19:12:31,200 [s0@group-F5D0649D4159-LeaderElection18] INFO  impl.LeaderElection (LogUtils.java:infoOrTrace(136)) - s0@group-F5D0649D4159-LeaderElection18 got exception when requesting votes: java.util.concurrent.ExecutionException: org.apache.ratis.thirdparty.io.netty.channel.AbstractChannel$AnnotatedConnectException: finishConnect(..) failed: Connection refused: localhost/127.0.0.1:15148
2024-10-07 19:12:31,263 [s1@group-F5D0649D4159-LeaderElection17] INFO  impl.LeaderElection (LeaderElection.java:logAndReturn(90)) - s1@group-F5D0649D4159-LeaderElection17: PRE_VOTE TIMEOUT received 1 response(s) and 2 exception(s):
2024-10-07 19:12:31,263 [s1@group-F5D0649D4159-LeaderElection17] INFO  impl.LeaderElection (LeaderElection.java:logAndReturn(94)) -   Response 0: s1<-s0#0:OK-t2
2024-10-07 19:12:31,263 [s1@group-F5D0649D4159-LeaderElection17] INFO  impl.LeaderElection (LogUtils.java:infoOrTrace(136)) -   Exception 1: java.util.concurrent.ExecutionException: org.apache.ratis.thirdparty.io.netty.channel.AbstractChannel$AnnotatedConnectException: finishConnect(..) failed: Connection refused: localhost/127.0.0.1:15148
2024-10-07 19:12:31,263 [s1@group-F5D0649D4159-LeaderElection17] INFO  impl.LeaderElection (LogUtils.java:infoOrTrace(136)) -   Exception 2: java.util.concurrent.ExecutionException: org.apache.ratis.thirdparty.io.netty.channel.AbstractChannel$AnnotatedConnectException: finishConnect(..) failed: Connection refused: localhost/127.0.0.1:15156
2024-10-07 19:12:31,263 [s1@group-F5D0649D4159-LeaderElection17] INFO  impl.LeaderElection (LeaderElection.java:askForVotes(339)) - s1@group-F5D0649D4159-LeaderElection17 PRE_VOTE round 129: result TIMEOUT
2024-10-07 19:12:31,263 [s1@group-F5D0649D4159-LeaderElection17] INFO  impl.LeaderElection (LeaderElection.java:askForVotes(337)) - s1@group-F5D0649D4159-LeaderElection17 PRE_VOTE round 130: submit vote requests at term 2 for conf: {index: 1, cur=peers:[s3|localhost:15152, s4|localhost:15156, s0|localhost:15140, s1|localhost:15144, s2|localhost:15148]|listeners:[], old=null}
2024-10-07 19:12:31,264 [NettyRpcService-workerGroup--thread3] INFO  server.RaftServer$Division (RaftServerImpl.java:requestVote(1443)) - s0@group-F5D0649D4159: receive requestVote(PRE_VOTE, s1, group-F5D0649D4159, 2, (t:2, i:2))
2024-10-07 19:12:31,264 [s1@group-F5D0649D4159-LeaderElection17] INFO  impl.LeaderElection (LogUtils.java:infoOrTrace(136)) - s1@group-F5D0649D4159-LeaderElection17 got exception when requesting votes: java.util.concurrent.ExecutionException: org.apache.ratis.thirdparty.io.netty.channel.AbstractChannel$AnnotatedConnectException: finishConnect(..) failed: Connection refused: localhost/127.0.0.1:15156
2024-10-07 19:12:31,264 [NettyRpcService-workerGroup--thread3] INFO  impl.VoteContext (VoteContext.java:log(49)) - s0@group-F5D0649D4159-CANDIDATE: accept PRE_VOTE from s1: our priority 0 <= candidate's priority 0
2024-10-07 19:12:31,264 [s1@group-F5D0649D4159-LeaderElection17] INFO  impl.LeaderElection (LogUtils.java:infoOrTrace(136)) - s1@group-F5D0649D4159-LeaderElection17 got exception when requesting votes: java.util.concurrent.ExecutionException: org.apache.ratis.thirdparty.io.netty.channel.AbstractChannel$AnnotatedConnectException: finishConnect(..) failed: Connection refused: localhost/127.0.0.1:15148
2024-10-07 19:12:31,264 [NettyRpcService-workerGroup--thread3] INFO  server.RaftServer$Division (RaftServerImpl.java:requestVote(1476)) - s0@group-F5D0649D4159 replies to PRE_VOTE vote request: s1<-s0#0:OK-t2. Peer's state: s0@group-F5D0649D4159:t2, leader=null, voted=s4, raftlog=Memoized:s0@group-F5D0649D4159-SegmentedRaftLog:OPENED:c2:last(t:2, i:2), conf=conf: {index: 1, cur=peers:[s3|localhost:15152, s4|localhost:15156, s0|localhost:15140, s1|localhost:15144, s2|localhost:15148]|listeners:[], old=null}
2024-10-07 19:12:31,475 [s0@group-F5D0649D4159-LeaderElection18] INFO  impl.LeaderElection (LeaderElection.java:logAndReturn(90)) - s0@group-F5D0649D4159-LeaderElection18: PRE_VOTE TIMEOUT received 1 response(s) and 2 exception(s):
2024-10-07 19:12:31,475 [s0@group-F5D0649D4159-LeaderElection18] INFO  impl.LeaderElection (LeaderElection.java:logAndReturn(94)) -   Response 0: s0<-s1#0:OK-t2
2024-10-07 19:12:31,475 [s0@group-F5D0649D4159-LeaderElection18] INFO  impl.LeaderElection (LogUtils.java:infoOrTrace(136)) -   Exception 1: java.util.concurrent.ExecutionException: org.apache.ratis.thirdparty.io.netty.channel.AbstractChannel$AnnotatedConnectException: finishConnect(..) failed: Connection refused: localhost/127.0.0.1:15156
2024-10-07 19:12:31,475 [s0@group-F5D0649D4159-LeaderElection18] INFO  impl.LeaderElection (LogUtils.java:infoOrTrace(136)) -   Exception 2: java.util.concurrent.ExecutionException: org.apache.ratis.thirdparty.io.netty.channel.AbstractChannel$AnnotatedConnectException: finishConnect(..) failed: Connection refused: localhost/127.0.0.1:15148
2024-10-07 19:12:31,475 [s0@group-F5D0649D4159-LeaderElection18] INFO  impl.LeaderElection (LeaderElection.java:askForVotes(339)) - s0@group-F5D0649D4159-LeaderElection18 PRE_VOTE round 113: result TIMEOUT
2024-10-07 19:12:31,475 [s0@group-F5D0649D4159-LeaderElection18] INFO  impl.LeaderElection (LeaderElection.java:askForVotes(337)) - s0@group-F5D0649D4159-LeaderElection18 PRE_VOTE round 114: submit vote requests at term 2 for conf: {index: 1, cur=peers:[s3|localhost:15152, s4|localhost:15156, s0|localhost:15140, s1|localhost:15144, s2|localhost:15148]|listeners:[], old=null}
2024-10-07 19:12:31,476 [NettyRpcService-workerGroup--thread3] INFO  server.RaftServer$Division (RaftServerImpl.java:requestVote(1443)) - s1@group-F5D0649D4159: receive requestVote(PRE_VOTE, s0, group-F5D0649D4159, 2, (t:2, i:2))
2024-10-07 19:12:31,476 [s0@group-F5D0649D4159-LeaderElection18] INFO  impl.LeaderElection (LogUtils.java:infoOrTrace(136)) - s0@group-F5D0649D4159-LeaderElection18 got exception when requesting votes: java.util.concurrent.ExecutionException: org.apache.ratis.thirdparty.io.netty.channel.AbstractChannel$AnnotatedConnectException: finishConnect(..) failed: Connection refused: localhost/127.0.0.1:15156
2024-10-07 19:12:31,476 [NettyRpcService-workerGroup--thread3] INFO  impl.VoteContext (VoteContext.java:log(49)) - s1@group-F5D0649D4159-CANDIDATE: accept PRE_VOTE from s0: our priority 0 <= candidate's priority 0
2024-10-07 19:12:31,476 [s0@group-F5D0649D4159-LeaderElection18] INFO  impl.LeaderElection (LogUtils.java:infoOrTrace(136)) - s0@group-F5D0649D4159-LeaderElection18 got exception when requesting votes: java.util.concurrent.ExecutionException: org.apache.ratis.thirdparty.io.netty.channel.AbstractChannel$AnnotatedConnectException: finishConnect(..) failed: Connection refused: localhost/127.0.0.1:15148
2024-10-07 19:12:31,477 [NettyRpcService-workerGroup--thread3] INFO  server.RaftServer$Division (RaftServerImpl.java:requestVote(1476)) - s1@group-F5D0649D4159 replies to PRE_VOTE vote request: s0<-s1#0:OK-t2. Peer's state: s1@group-F5D0649D4159:t2, leader=null, voted=s4, raftlog=Memoized:s1@group-F5D0649D4159-SegmentedRaftLog:OPENED:c2:last(t:2, i:2), conf=conf: {index: 1, cur=peers:[s3|localhost:15152, s4|localhost:15156, s0|localhost:15140, s1|localhost:15144, s2|localhost:15148]|listeners:[], old=null}
2024-10-07 19:12:31,491 [s1@group-F5D0649D4159-LeaderElection17] INFO  impl.LeaderElection (LeaderElection.java:logAndReturn(90)) - s1@group-F5D0649D4159-LeaderElection17: PRE_VOTE TIMEOUT received 1 response(s) and 2 exception(s):
2024-10-07 19:12:31,491 [s1@group-F5D0649D4159-LeaderElection17] INFO  impl.LeaderElection (LeaderElection.java:logAndReturn(94)) -   Response 0: s1<-s0#0:OK-t2
2024-10-07 19:12:31,491 [s1@group-F5D0649D4159-LeaderElection17] INFO  impl.LeaderElection (LogUtils.java:infoOrTrace(136)) -   Exception 1: java.util.concurrent.ExecutionException: org.apache.ratis.thirdparty.io.netty.channel.AbstractChannel$AnnotatedConnectException: finishConnect(..) failed: Connection refused: localhost/127.0.0.1:15156
2024-10-07 19:12:31,491 [s1@group-F5D0649D4159-LeaderElection17] INFO  impl.LeaderElection (LogUtils.java:infoOrTrace(136)) -   Exception 2: java.util.concurrent.ExecutionException: org.apache.ratis.thirdparty.io.netty.channel.AbstractChannel$AnnotatedConnectException: finishConnect(..) failed: Connection refused: localhost/127.0.0.1:15148
2024-10-07 19:12:31,491 [s1@group-F5D0649D4159-LeaderElection17] INFO  impl.LeaderElection (LeaderElection.java:askForVotes(339)) - s1@group-F5D0649D4159-LeaderElection17 PRE_VOTE round 130: result TIMEOUT
2024-10-07 19:12:31,491 [s1@group-F5D0649D4159-LeaderElection17] INFO  impl.LeaderElection (LeaderElection.java:askForVotes(337)) - s1@group-F5D0649D4159-LeaderElection17 PRE_VOTE round 131: submit vote requests at term 2 for conf: {index: 1, cur=peers:[s3|localhost:15152, s4|localhost:15156, s0|localhost:15140, s1|localhost:15144, s2|localhost:15148]|listeners:[], old=null}
2024-10-07 19:12:31,492 [NettyRpcService-workerGroup--thread3] INFO  server.RaftServer$Division (RaftServerImpl.java:requestVote(1443)) - s0@group-F5D0649D4159: receive requestVote(PRE_VOTE, s1, group-F5D0649D4159, 2, (t:2, i:2))
2024-10-07 19:12:31,492 [s1@group-F5D0649D4159-LeaderElection17] INFO  impl.LeaderElection (LogUtils.java:infoOrTrace(136)) - s1@group-F5D0649D4159-LeaderElection17 got exception when requesting votes: java.util.concurrent.ExecutionException: org.apache.ratis.thirdparty.io.netty.channel.AbstractChannel$AnnotatedConnectException: finishConnect(..) failed: Connection refused: localhost/127.0.0.1:15156
2024-10-07 19:12:31,492 [NettyRpcService-workerGroup--thread3] INFO  impl.VoteContext (VoteContext.java:log(49)) - s0@group-F5D0649D4159-CANDIDATE: accept PRE_VOTE from s1: our priority 0 <= candidate's priority 0
2024-10-07 19:12:31,492 [NettyRpcService-workerGroup--thread3] INFO  server.RaftServer$Division (RaftServerImpl.java:requestVote(1476)) - s0@group-F5D0649D4159 replies to PRE_VOTE vote request: s1<-s0#0:OK-t2. Peer's state: s0@group-F5D0649D4159:t2, leader=null, voted=s4, raftlog=Memoized:s0@group-F5D0649D4159-SegmentedRaftLog:OPENED:c2:last(t:2, i:2), conf=conf: {index: 1, cur=peers:[s3|localhost:15152, s4|localhost:15156, s0|localhost:15140, s1|localhost:15144, s2|localhost:15148]|listeners:[], old=null}
2024-10-07 19:12:31,493 [s1@group-F5D0649D4159-LeaderElection17] INFO  impl.LeaderElection (LogUtils.java:infoOrTrace(136)) - s1@group-F5D0649D4159-LeaderElection17 got exception when requesting votes: java.util.concurrent.ExecutionException: org.apache.ratis.thirdparty.io.netty.channel.AbstractChannel$AnnotatedConnectException: finishConnect(..) failed: Connection refused: localhost/127.0.0.1:15148
2024-10-07 19:12:31,617 [main] WARN  ratis.RaftTestUtil (RaftTestUtil.java:lambda$waitForLeader$3(126)) - Attempt #67 failed: java.lang.IllegalStateException: No leader yet : printing ALL groups
  s3:  RUNNING  FOLLOWER s3@group-F5D0649D4159:t1, leader=null, voted=null, raftlog=Memoized:s3@group-F5D0649D4159-SegmentedRaftLog:OPENED:c-1:lastnull, conf=conf: {index: -1, cur=peers:[s3|localhost:15152, s4|localhost:15156, s0|localhost:15140, s1|localhost:15144, s2|localhost:15148]|listeners:[], old=null} RUNNING
  s4:   CLOSED    LEADER s4@group-F5D0649D4159:t2, leader=s4, voted=s4, raftlog=Memoized:s4@group-F5D0649D4159-SegmentedRaftLog:CLOSED:c2, conf=conf: {index: 1, cur=peers:[s3|localhost:15152, s4|localhost:15156, s0|localhost:15140, s1|localhost:15144, s2|localhost:15148]|listeners:[], old=null} CLOSED
  s0:  RUNNING CANDIDATE s0@group-F5D0649D4159:t2, leader=null, voted=s4, raftlog=Memoized:s0@group-F5D0649D4159-SegmentedRaftLog:OPENED:c2:last(t:2, i:2), conf=conf: {index: 1, cur=peers:[s3|localhost:15152, s4|localhost:15156, s0|localhost:15140, s1|localhost:15144, s2|localhost:15148]|listeners:[], old=null} RUNNING
  s1:  RUNNING CANDIDATE s1@group-F5D0649D4159:t2, leader=null, voted=s4, raftlog=Memoized:s1@group-F5D0649D4159-SegmentedRaftLog:OPENED:c2:last(t:2, i:2), conf=conf: {index: 1, cur=peers:[s3|localhost:15152, s4|localhost:15156, s0|localhost:15140, s1|localhost:15144, s2|localhost:15148]|listeners:[], old=null} RUNNING
  s2:   CLOSED    LEADER s2@group-F5D0649D4159:t1, leader=s2, voted=s2, raftlog=Memoized:s2@group-F5D0649D4159-SegmentedRaftLog:CLOSED:c0, conf=conf: {index: 0, cur=peers:[s3|localhost:15152, s4|localhost:15156, s0|localhost:15140, s1|localhost:15144, s2|localhost:15148]|listeners:[], old=null} CLOSED
2024-10-07 19:12:31,655 [s1@group-F5D0649D4159-LeaderElection17] INFO  impl.LeaderElection (LeaderElection.java:logAndReturn(90)) - s1@group-F5D0649D4159-LeaderElection17: PRE_VOTE TIMEOUT received 1 response(s) and 2 exception(s):
2024-10-07 19:12:31,655 [s1@group-F5D0649D4159-LeaderElection17] INFO  impl.LeaderElection (LeaderElection.java:logAndReturn(94)) -   Response 0: s1<-s0#0:OK-t2
2024-10-07 19:12:31,655 [s1@group-F5D0649D4159-LeaderElection17] INFO  impl.LeaderElection (LogUtils.java:infoOrTrace(136)) -   Exception 1: java.util.concurrent.ExecutionException: org.apache.ratis.thirdparty.io.netty.channel.AbstractChannel$AnnotatedConnectException: finishConnect(..) failed: Connection refused: localhost/127.0.0.1:15156
2024-10-07 19:12:31,655 [s1@group-F5D0649D4159-LeaderElection17] INFO  impl.LeaderElection (LogUtils.java:infoOrTrace(136)) -   Exception 2: java.util.concurrent.ExecutionException: org.apache.ratis.thirdparty.io.netty.channel.AbstractChannel$AnnotatedConnectException: finishConnect(..) failed: Connection refused: localhost/127.0.0.1:15148
2024-10-07 19:12:31,655 [s1@group-F5D0649D4159-LeaderElection17] INFO  impl.LeaderElection (LeaderElection.java:askForVotes(339)) - s1@group-F5D0649D4159-LeaderElection17 PRE_VOTE round 131: result TIMEOUT
2024-10-07 19:12:31,655 [s1@group-F5D0649D4159-LeaderElection17] INFO  impl.LeaderElection (LeaderElection.java:askForVotes(337)) - s1@group-F5D0649D4159-LeaderElection17 PRE_VOTE round 132: submit vote requests at term 2 for conf: {index: 1, cur=peers:[s3|localhost:15152, s4|localhost:15156, s0|localhost:15140, s1|localhost:15144, s2|localhost:15148]|listeners:[], old=null}
2024-10-07 19:12:31,656 [NettyRpcService-workerGroup--thread3] INFO  server.RaftServer$Division (RaftServerImpl.java:requestVote(1443)) - s0@group-F5D0649D4159: receive requestVote(PRE_VOTE, s1, group-F5D0649D4159, 2, (t:2, i:2))
2024-10-07 19:12:31,656 [NettyRpcService-workerGroup--thread3] INFO  impl.VoteContext (VoteContext.java:log(49)) - s0@group-F5D0649D4159-CANDIDATE: accept PRE_VOTE from s1: our priority 0 <= candidate's priority 0
2024-10-07 19:12:31,656 [NettyRpcService-workerGroup--thread3] INFO  server.RaftServer$Division (RaftServerImpl.java:requestVote(1476)) - s0@group-F5D0649D4159 replies to PRE_VOTE vote request: s1<-s0#0:OK-t2. Peer's state: s0@group-F5D0649D4159:t2, leader=null, voted=s4, raftlog=Memoized:s0@group-F5D0649D4159-SegmentedRaftLog:OPENED:c2:last(t:2, i:2), conf=conf: {index: 1, cur=peers:[s3|localhost:15152, s4|localhost:15156, s0|localhost:15140, s1|localhost:15144, s2|localhost:15148]|listeners:[], old=null}
2024-10-07 19:12:31,657 [s1@group-F5D0649D4159-LeaderElection17] INFO  impl.LeaderElection (LogUtils.java:infoOrTrace(136)) - s1@group-F5D0649D4159-LeaderElection17 got exception when requesting votes: java.util.concurrent.ExecutionException: org.apache.ratis.thirdparty.io.netty.channel.AbstractChannel$AnnotatedConnectException: finishConnect(..) failed: Connection refused: localhost/127.0.0.1:15148
2024-10-07 19:12:31,657 [s1@group-F5D0649D4159-LeaderElection17] INFO  impl.LeaderElection (LogUtils.java:infoOrTrace(136)) - s1@group-F5D0649D4159-LeaderElection17 got exception when requesting votes: java.util.concurrent.ExecutionException: org.apache.ratis.thirdparty.io.netty.channel.AbstractChannel$AnnotatedConnectException: finishConnect(..) failed: Connection refused: localhost/127.0.0.1:15156
2024-10-07 19:12:31,762 [s0@group-F5D0649D4159-LeaderElection18] INFO  impl.LeaderElection (LeaderElection.java:logAndReturn(90)) - s0@group-F5D0649D4159-LeaderElection18: PRE_VOTE TIMEOUT received 1 response(s) and 2 exception(s):
2024-10-07 19:12:31,762 [s0@group-F5D0649D4159-LeaderElection18] INFO  impl.LeaderElection (LeaderElection.java:logAndReturn(94)) -   Response 0: s0<-s1#0:OK-t2
2024-10-07 19:12:31,762 [s0@group-F5D0649D4159-LeaderElection18] INFO  impl.LeaderElection (LogUtils.java:infoOrTrace(136)) -   Exception 1: java.util.concurrent.ExecutionException: org.apache.ratis.thirdparty.io.netty.channel.AbstractChannel$AnnotatedConnectException: finishConnect(..) failed: Connection refused: localhost/127.0.0.1:15156
2024-10-07 19:12:31,762 [s0@group-F5D0649D4159-LeaderElection18] INFO  impl.LeaderElection (LogUtils.java:infoOrTrace(136)) -   Exception 2: java.util.concurrent.ExecutionException: org.apache.ratis.thirdparty.io.netty.channel.AbstractChannel$AnnotatedConnectException: finishConnect(..) failed: Connection refused: localhost/127.0.0.1:15148
2024-10-07 19:12:31,762 [s0@group-F5D0649D4159-LeaderElection18] INFO  impl.LeaderElection (LeaderElection.java:askForVotes(339)) - s0@group-F5D0649D4159-LeaderElection18 PRE_VOTE round 114: result TIMEOUT
2024-10-07 19:12:31,763 [s0@group-F5D0649D4159-LeaderElection18] INFO  impl.LeaderElection (LeaderElection.java:askForVotes(337)) - s0@group-F5D0649D4159-LeaderElection18 PRE_VOTE round 115: submit vote requests at term 2 for conf: {index: 1, cur=peers:[s3|localhost:15152, s4|localhost:15156, s0|localhost:15140, s1|localhost:15144, s2|localhost:15148]|listeners:[], old=null}
2024-10-07 19:12:31,763 [NettyRpcService-workerGroup--thread3] INFO  server.RaftServer$Division (RaftServerImpl.java:requestVote(1443)) - s1@group-F5D0649D4159: receive requestVote(PRE_VOTE, s0, group-F5D0649D4159, 2, (t:2, i:2))
2024-10-07 19:12:31,763 [NettyRpcService-workerGroup--thread3] INFO  impl.VoteContext (VoteContext.java:log(49)) - s1@group-F5D0649D4159-CANDIDATE: accept PRE_VOTE from s0: our priority 0 <= candidate's priority 0
2024-10-07 19:12:31,764 [NettyRpcService-workerGroup--thread3] INFO  server.RaftServer$Division (RaftServerImpl.java:requestVote(1476)) - s1@group-F5D0649D4159 replies to PRE_VOTE vote request: s0<-s1#0:OK-t2. Peer's state: s1@group-F5D0649D4159:t2, leader=null, voted=s4, raftlog=Memoized:s1@group-F5D0649D4159-SegmentedRaftLog:OPENED:c2:last(t:2, i:2), conf=conf: {index: 1, cur=peers:[s3|localhost:15152, s4|localhost:15156, s0|localhost:15140, s1|localhost:15144, s2|localhost:15148]|listeners:[], old=null}
2024-10-07 19:12:31,764 [s0@group-F5D0649D4159-LeaderElection18] INFO  impl.LeaderElection (LogUtils.java:infoOrTrace(136)) - s0@group-F5D0649D4159-LeaderElection18 got exception when requesting votes: java.util.concurrent.ExecutionException: org.apache.ratis.thirdparty.io.netty.channel.AbstractChannel$AnnotatedConnectException: finishConnect(..) failed: Connection refused: localhost/127.0.0.1:15156
2024-10-07 19:12:31,764 [s0@group-F5D0649D4159-LeaderElection18] INFO  impl.LeaderElection (LogUtils.java:infoOrTrace(136)) - s0@group-F5D0649D4159-LeaderElection18 got exception when requesting votes: java.util.concurrent.ExecutionException: org.apache.ratis.thirdparty.io.netty.channel.AbstractChannel$AnnotatedConnectException: finishConnect(..) failed: Connection refused: localhost/127.0.0.1:15148
2024-10-07 19:12:31,914 [s1@group-F5D0649D4159-LeaderElection17] INFO  impl.LeaderElection (LeaderElection.java:logAndReturn(90)) - s1@group-F5D0649D4159-LeaderElection17: PRE_VOTE TIMEOUT received 1 response(s) and 2 exception(s):
2024-10-07 19:12:31,914 [s1@group-F5D0649D4159-LeaderElection17] INFO  impl.LeaderElection (LeaderElection.java:logAndReturn(94)) -   Response 0: s1<-s0#0:OK-t2
2024-10-07 19:12:31,914 [s1@group-F5D0649D4159-LeaderElection17] INFO  impl.LeaderElection (LogUtils.java:infoOrTrace(136)) -   Exception 1: java.util.concurrent.ExecutionException: org.apache.ratis.thirdparty.io.netty.channel.AbstractChannel$AnnotatedConnectException: finishConnect(..) failed: Connection refused: localhost/127.0.0.1:15148
2024-10-07 19:12:31,914 [s1@group-F5D0649D4159-LeaderElection17] INFO  impl.LeaderElection (LogUtils.java:infoOrTrace(136)) -   Exception 2: java.util.concurrent.ExecutionException: org.apache.ratis.thirdparty.io.netty.channel.AbstractChannel$AnnotatedConnectException: finishConnect(..) failed: Connection refused: localhost/127.0.0.1:15156
2024-10-07 19:12:31,914 [s1@group-F5D0649D4159-LeaderElection17] INFO  impl.LeaderElection (LeaderElection.java:askForVotes(339)) - s1@group-F5D0649D4159-LeaderElection17 PRE_VOTE round 132: result TIMEOUT
2024-10-07 19:12:31,915 [s1@group-F5D0649D4159-LeaderElection17] INFO  impl.LeaderElection (LeaderElection.java:askForVotes(337)) - s1@group-F5D0649D4159-LeaderElection17 PRE_VOTE round 133: submit vote requests at term 2 for conf: {index: 1, cur=peers:[s3|localhost:15152, s4|localhost:15156, s0|localhost:15140, s1|localhost:15144, s2|localhost:15148]|listeners:[], old=null}
2024-10-07 19:12:31,915 [NettyRpcService-workerGroup--thread3] INFO  server.RaftServer$Division (RaftServerImpl.java:requestVote(1443)) - s0@group-F5D0649D4159: receive requestVote(PRE_VOTE, s1, group-F5D0649D4159, 2, (t:2, i:2))
2024-10-07 19:12:31,915 [NettyRpcService-workerGroup--thread3] INFO  impl.VoteContext (VoteContext.java:log(49)) - s0@group-F5D0649D4159-CANDIDATE: accept PRE_VOTE from s1: our priority 0 <= candidate's priority 0
2024-10-07 19:12:31,916 [NettyRpcService-workerGroup--thread3] INFO  server.RaftServer$Division (RaftServerImpl.java:requestVote(1476)) - s0@group-F5D0649D4159 replies to PRE_VOTE vote request: s1<-s0#0:OK-t2. Peer's state: s0@group-F5D0649D4159:t2, leader=null, voted=s4, raftlog=Memoized:s0@group-F5D0649D4159-SegmentedRaftLog:OPENED:c2:last(t:2, i:2), conf=conf: {index: 1, cur=peers:[s3|localhost:15152, s4|localhost:15156, s0|localhost:15140, s1|localhost:15144, s2|localhost:15148]|listeners:[], old=null}
2024-10-07 19:12:31,916 [s1@group-F5D0649D4159-LeaderElection17] INFO  impl.LeaderElection (LogUtils.java:infoOrTrace(136)) - s1@group-F5D0649D4159-LeaderElection17 got exception when requesting votes: java.util.concurrent.ExecutionException: org.apache.ratis.thirdparty.io.netty.channel.AbstractChannel$AnnotatedConnectException: finishConnect(..) failed: Connection refused: localhost/127.0.0.1:15148
2024-10-07 19:12:31,916 [s1@group-F5D0649D4159-LeaderElection17] INFO  impl.LeaderElection (LogUtils.java:infoOrTrace(136)) - s1@group-F5D0649D4159-LeaderElection17 got exception when requesting votes: java.util.concurrent.ExecutionException: org.apache.ratis.thirdparty.io.netty.channel.AbstractChannel$AnnotatedConnectException: finishConnect(..) failed: Connection refused: localhost/127.0.0.1:15156
2024-10-07 19:12:31,942 [s0@group-F5D0649D4159-LeaderElection18] INFO  impl.LeaderElection (LeaderElection.java:logAndReturn(90)) - s0@group-F5D0649D4159-LeaderElection18: PRE_VOTE TIMEOUT received 1 response(s) and 2 exception(s):
2024-10-07 19:12:31,942 [s0@group-F5D0649D4159-LeaderElection18] INFO  impl.LeaderElection (LeaderElection.java:logAndReturn(94)) -   Response 0: s0<-s1#0:OK-t2
2024-10-07 19:12:31,942 [s0@group-F5D0649D4159-LeaderElection18] INFO  impl.LeaderElection (LogUtils.java:infoOrTrace(136)) -   Exception 1: java.util.concurrent.ExecutionException: org.apache.ratis.thirdparty.io.netty.channel.AbstractChannel$AnnotatedConnectException: finishConnect(..) failed: Connection refused: localhost/127.0.0.1:15156
2024-10-07 19:12:31,942 [s0@group-F5D0649D4159-LeaderElection18] INFO  impl.LeaderElection (LogUtils.java:infoOrTrace(136)) -   Exception 2: java.util.concurrent.ExecutionException: org.apache.ratis.thirdparty.io.netty.channel.AbstractChannel$AnnotatedConnectException: finishConnect(..) failed: Connection refused: localhost/127.0.0.1:15148
2024-10-07 19:12:31,942 [s0@group-F5D0649D4159-LeaderElection18] INFO  impl.LeaderElection (LeaderElection.java:askForVotes(339)) - s0@group-F5D0649D4159-LeaderElection18 PRE_VOTE round 115: result TIMEOUT
2024-10-07 19:12:31,943 [s0@group-F5D0649D4159-LeaderElection18] INFO  impl.LeaderElection (LeaderElection.java:askForVotes(337)) - s0@group-F5D0649D4159-LeaderElection18 PRE_VOTE round 116: submit vote requests at term 2 for conf: {index: 1, cur=peers:[s3|localhost:15152, s4|localhost:15156, s0|localhost:15140, s1|localhost:15144, s2|localhost:15148]|listeners:[], old=null}
2024-10-07 19:12:31,943 [NettyRpcService-workerGroup--thread3] INFO  server.RaftServer$Division (RaftServerImpl.java:requestVote(1443)) - s1@group-F5D0649D4159: receive requestVote(PRE_VOTE, s0, group-F5D0649D4159, 2, (t:2, i:2))
2024-10-07 19:12:31,943 [NettyRpcService-workerGroup--thread3] INFO  impl.VoteContext (VoteContext.java:log(49)) - s1@group-F5D0649D4159-CANDIDATE: accept PRE_VOTE from s0: our priority 0 <= candidate's priority 0
2024-10-07 19:12:31,944 [s0@group-F5D0649D4159-LeaderElection18] INFO  impl.LeaderElection (LogUtils.java:infoOrTrace(136)) - s0@group-F5D0649D4159-LeaderElection18 got exception when requesting votes: java.util.concurrent.ExecutionException: org.apache.ratis.thirdparty.io.netty.channel.AbstractChannel$AnnotatedConnectException: finishConnect(..) failed: Connection refused: localhost/127.0.0.1:15156
2024-10-07 19:12:31,944 [NettyRpcService-workerGroup--thread3] INFO  server.RaftServer$Division (RaftServerImpl.java:requestVote(1476)) - s1@group-F5D0649D4159 replies to PRE_VOTE vote request: s0<-s1#0:OK-t2. Peer's state: s1@group-F5D0649D4159:t2, leader=null, voted=s4, raftlog=Memoized:s1@group-F5D0649D4159-SegmentedRaftLog:OPENED:c2:last(t:2, i:2), conf=conf: {index: 1, cur=peers:[s3|localhost:15152, s4|localhost:15156, s0|localhost:15140, s1|localhost:15144, s2|localhost:15148]|listeners:[], old=null}
2024-10-07 19:12:31,944 [s0@group-F5D0649D4159-LeaderElection18] INFO  impl.LeaderElection (LogUtils.java:infoOrTrace(136)) - s0@group-F5D0649D4159-LeaderElection18 got exception when requesting votes: java.util.concurrent.ExecutionException: org.apache.ratis.thirdparty.io.netty.channel.AbstractChannel$AnnotatedConnectException: finishConnect(..) failed: Connection refused: localhost/127.0.0.1:15148
2024-10-07 19:12:32,068 [main] WARN  ratis.RaftTestUtil (RaftTestUtil.java:lambda$waitForLeader$3(126)) - Attempt #68 failed: java.lang.IllegalStateException: No leader yet : printing ALL groups
  s3:  RUNNING  FOLLOWER s3@group-F5D0649D4159:t1, leader=null, voted=null, raftlog=Memoized:s3@group-F5D0649D4159-SegmentedRaftLog:OPENED:c-1:lastnull, conf=conf: {index: -1, cur=peers:[s3|localhost:15152, s4|localhost:15156, s0|localhost:15140, s1|localhost:15144, s2|localhost:15148]|listeners:[], old=null} RUNNING
  s4:   CLOSED    LEADER s4@group-F5D0649D4159:t2, leader=s4, voted=s4, raftlog=Memoized:s4@group-F5D0649D4159-SegmentedRaftLog:CLOSED:c2, conf=conf: {index: 1, cur=peers:[s3|localhost:15152, s4|localhost:15156, s0|localhost:15140, s1|localhost:15144, s2|localhost:15148]|listeners:[], old=null} CLOSED
  s0:  RUNNING CANDIDATE s0@group-F5D0649D4159:t2, leader=null, voted=s4, raftlog=Memoized:s0@group-F5D0649D4159-SegmentedRaftLog:OPENED:c2:last(t:2, i:2), conf=conf: {index: 1, cur=peers:[s3|localhost:15152, s4|localhost:15156, s0|localhost:15140, s1|localhost:15144, s2|localhost:15148]|listeners:[], old=null} RUNNING
  s1:  RUNNING CANDIDATE s1@group-F5D0649D4159:t2, leader=null, voted=s4, raftlog=Memoized:s1@group-F5D0649D4159-SegmentedRaftLog:OPENED:c2:last(t:2, i:2), conf=conf: {index: 1, cur=peers:[s3|localhost:15152, s4|localhost:15156, s0|localhost:15140, s1|localhost:15144, s2|localhost:15148]|listeners:[], old=null} RUNNING
  s2:   CLOSED    LEADER s2@group-F5D0649D4159:t1, leader=s2, voted=s2, raftlog=Memoized:s2@group-F5D0649D4159-SegmentedRaftLog:CLOSED:c0, conf=conf: {index: 0, cur=peers:[s3|localhost:15152, s4|localhost:15156, s0|localhost:15140, s1|localhost:15144, s2|localhost:15148]|listeners:[], old=null} CLOSED
2024-10-07 19:12:32,082 [s1@group-F5D0649D4159-LeaderElection17] INFO  impl.LeaderElection (LeaderElection.java:logAndReturn(90)) - s1@group-F5D0649D4159-LeaderElection17: PRE_VOTE TIMEOUT received 1 response(s) and 2 exception(s):
2024-10-07 19:12:32,082 [s1@group-F5D0649D4159-LeaderElection17] INFO  impl.LeaderElection (LeaderElection.java:logAndReturn(94)) -   Response 0: s1<-s0#0:OK-t2
2024-10-07 19:12:32,082 [s1@group-F5D0649D4159-LeaderElection17] INFO  impl.LeaderElection (LogUtils.java:infoOrTrace(136)) -   Exception 1: java.util.concurrent.ExecutionException: org.apache.ratis.thirdparty.io.netty.channel.AbstractChannel$AnnotatedConnectException: finishConnect(..) failed: Connection refused: localhost/127.0.0.1:15148
2024-10-07 19:12:32,082 [s1@group-F5D0649D4159-LeaderElection17] INFO  impl.LeaderElection (LogUtils.java:infoOrTrace(136)) -   Exception 2: java.util.concurrent.ExecutionException: org.apache.ratis.thirdparty.io.netty.channel.AbstractChannel$AnnotatedConnectException: finishConnect(..) failed: Connection refused: localhost/127.0.0.1:15156
2024-10-07 19:12:32,082 [s1@group-F5D0649D4159-LeaderElection17] INFO  impl.LeaderElection (LeaderElection.java:askForVotes(339)) - s1@group-F5D0649D4159-LeaderElection17 PRE_VOTE round 133: result TIMEOUT
2024-10-07 19:12:32,083 [s1@group-F5D0649D4159-LeaderElection17] INFO  impl.LeaderElection (LeaderElection.java:askForVotes(337)) - s1@group-F5D0649D4159-LeaderElection17 PRE_VOTE round 134: submit vote requests at term 2 for conf: {index: 1, cur=peers:[s3|localhost:15152, s4|localhost:15156, s0|localhost:15140, s1|localhost:15144, s2|localhost:15148]|listeners:[], old=null}
2024-10-07 19:12:32,083 [NettyRpcService-workerGroup--thread3] INFO  server.RaftServer$Division (RaftServerImpl.java:requestVote(1443)) - s0@group-F5D0649D4159: receive requestVote(PRE_VOTE, s1, group-F5D0649D4159, 2, (t:2, i:2))
2024-10-07 19:12:32,083 [NettyRpcService-workerGroup--thread3] INFO  impl.VoteContext (VoteContext.java:log(49)) - s0@group-F5D0649D4159-CANDIDATE: accept PRE_VOTE from s1: our priority 0 <= candidate's priority 0
2024-10-07 19:12:32,083 [s1@group-F5D0649D4159-LeaderElection17] INFO  impl.LeaderElection (LogUtils.java:infoOrTrace(136)) - s1@group-F5D0649D4159-LeaderElection17 got exception when requesting votes: java.util.concurrent.ExecutionException: org.apache.ratis.thirdparty.io.netty.channel.AbstractChannel$AnnotatedConnectException: finishConnect(..) failed: Connection refused: localhost/127.0.0.1:15148
2024-10-07 19:12:32,084 [NettyRpcService-workerGroup--thread3] INFO  server.RaftServer$Division (RaftServerImpl.java:requestVote(1476)) - s0@group-F5D0649D4159 replies to PRE_VOTE vote request: s1<-s0#0:OK-t2. Peer's state: s0@group-F5D0649D4159:t2, leader=null, voted=s4, raftlog=Memoized:s0@group-F5D0649D4159-SegmentedRaftLog:OPENED:c2:last(t:2, i:2), conf=conf: {index: 1, cur=peers:[s3|localhost:15152, s4|localhost:15156, s0|localhost:15140, s1|localhost:15144, s2|localhost:15148]|listeners:[], old=null}
2024-10-07 19:12:32,084 [s1@group-F5D0649D4159-LeaderElection17] INFO  impl.LeaderElection (LogUtils.java:infoOrTrace(136)) - s1@group-F5D0649D4159-LeaderElection17 got exception when requesting votes: java.util.concurrent.ExecutionException: org.apache.ratis.thirdparty.io.netty.channel.AbstractChannel$AnnotatedConnectException: finishConnect(..) failed: Connection refused: localhost/127.0.0.1:15156
2024-10-07 19:12:32,100 [s0@group-F5D0649D4159-LeaderElection18] INFO  impl.LeaderElection (LeaderElection.java:logAndReturn(90)) - s0@group-F5D0649D4159-LeaderElection18: PRE_VOTE TIMEOUT received 1 response(s) and 2 exception(s):
2024-10-07 19:12:32,100 [s0@group-F5D0649D4159-LeaderElection18] INFO  impl.LeaderElection (LeaderElection.java:logAndReturn(94)) -   Response 0: s0<-s1#0:OK-t2
2024-10-07 19:12:32,100 [s0@group-F5D0649D4159-LeaderElection18] INFO  impl.LeaderElection (LogUtils.java:infoOrTrace(136)) -   Exception 1: java.util.concurrent.ExecutionException: org.apache.ratis.thirdparty.io.netty.channel.AbstractChannel$AnnotatedConnectException: finishConnect(..) failed: Connection refused: localhost/127.0.0.1:15156
2024-10-07 19:12:32,100 [s0@group-F5D0649D4159-LeaderElection18] INFO  impl.LeaderElection (LogUtils.java:infoOrTrace(136)) -   Exception 2: java.util.concurrent.ExecutionException: org.apache.ratis.thirdparty.io.netty.channel.AbstractChannel$AnnotatedConnectException: finishConnect(..) failed: Connection refused: localhost/127.0.0.1:15148
2024-10-07 19:12:32,100 [s0@group-F5D0649D4159-LeaderElection18] INFO  impl.LeaderElection (LeaderElection.java:askForVotes(339)) - s0@group-F5D0649D4159-LeaderElection18 PRE_VOTE round 116: result TIMEOUT
2024-10-07 19:12:32,101 [s0@group-F5D0649D4159-LeaderElection18] INFO  impl.LeaderElection (LeaderElection.java:askForVotes(337)) - s0@group-F5D0649D4159-LeaderElection18 PRE_VOTE round 117: submit vote requests at term 2 for conf: {index: 1, cur=peers:[s3|localhost:15152, s4|localhost:15156, s0|localhost:15140, s1|localhost:15144, s2|localhost:15148]|listeners:[], old=null}
2024-10-07 19:12:32,101 [NettyRpcService-workerGroup--thread3] INFO  server.RaftServer$Division (RaftServerImpl.java:requestVote(1443)) - s1@group-F5D0649D4159: receive requestVote(PRE_VOTE, s0, group-F5D0649D4159, 2, (t:2, i:2))
2024-10-07 19:12:32,101 [NettyRpcService-workerGroup--thread3] INFO  impl.VoteContext (VoteContext.java:log(49)) - s1@group-F5D0649D4159-CANDIDATE: accept PRE_VOTE from s0: our priority 0 <= candidate's priority 0
2024-10-07 19:12:32,101 [s0@group-F5D0649D4159-LeaderElection18] INFO  impl.LeaderElection (LogUtils.java:infoOrTrace(136)) - s0@group-F5D0649D4159-LeaderElection18 got exception when requesting votes: java.util.concurrent.ExecutionException: org.apache.ratis.thirdparty.io.netty.channel.AbstractChannel$AnnotatedConnectException: finishConnect(..) failed: Connection refused: localhost/127.0.0.1:15156
2024-10-07 19:12:32,101 [NettyRpcService-workerGroup--thread3] INFO  server.RaftServer$Division (RaftServerImpl.java:requestVote(1476)) - s1@group-F5D0649D4159 replies to PRE_VOTE vote request: s0<-s1#0:OK-t2. Peer's state: s1@group-F5D0649D4159:t2, leader=null, voted=s4, raftlog=Memoized:s1@group-F5D0649D4159-SegmentedRaftLog:OPENED:c2:last(t:2, i:2), conf=conf: {index: 1, cur=peers:[s3|localhost:15152, s4|localhost:15156, s0|localhost:15140, s1|localhost:15144, s2|localhost:15148]|listeners:[], old=null}
2024-10-07 19:12:32,101 [s0@group-F5D0649D4159-LeaderElection18] INFO  impl.LeaderElection (LogUtils.java:infoOrTrace(136)) - s0@group-F5D0649D4159-LeaderElection18 got exception when requesting votes: java.util.concurrent.ExecutionException: org.apache.ratis.thirdparty.io.netty.channel.AbstractChannel$AnnotatedConnectException: finishConnect(..) failed: Connection refused: localhost/127.0.0.1:15148
2024-10-07 19:12:32,265 [s1@group-F5D0649D4159-LeaderElection17] INFO  impl.LeaderElection (LeaderElection.java:logAndReturn(90)) - s1@group-F5D0649D4159-LeaderElection17: PRE_VOTE TIMEOUT received 1 response(s) and 2 exception(s):
2024-10-07 19:12:32,265 [s1@group-F5D0649D4159-LeaderElection17] INFO  impl.LeaderElection (LeaderElection.java:logAndReturn(94)) -   Response 0: s1<-s0#0:OK-t2
2024-10-07 19:12:32,265 [s1@group-F5D0649D4159-LeaderElection17] INFO  impl.LeaderElection (LogUtils.java:infoOrTrace(136)) -   Exception 1: java.util.concurrent.ExecutionException: org.apache.ratis.thirdparty.io.netty.channel.AbstractChannel$AnnotatedConnectException: finishConnect(..) failed: Connection refused: localhost/127.0.0.1:15148
2024-10-07 19:12:32,265 [s1@group-F5D0649D4159-LeaderElection17] INFO  impl.LeaderElection (LogUtils.java:infoOrTrace(136)) -   Exception 2: java.util.concurrent.ExecutionException: org.apache.ratis.thirdparty.io.netty.channel.AbstractChannel$AnnotatedConnectException: finishConnect(..) failed: Connection refused: localhost/127.0.0.1:15156
2024-10-07 19:12:32,265 [s1@group-F5D0649D4159-LeaderElection17] INFO  impl.LeaderElection (LeaderElection.java:askForVotes(339)) - s1@group-F5D0649D4159-LeaderElection17 PRE_VOTE round 134: result TIMEOUT
2024-10-07 19:12:32,265 [s1@group-F5D0649D4159-LeaderElection17] INFO  impl.LeaderElection (LeaderElection.java:askForVotes(337)) - s1@group-F5D0649D4159-LeaderElection17 PRE_VOTE round 135: submit vote requests at term 2 for conf: {index: 1, cur=peers:[s3|localhost:15152, s4|localhost:15156, s0|localhost:15140, s1|localhost:15144, s2|localhost:15148]|listeners:[], old=null}
2024-10-07 19:12:32,266 [NettyRpcService-workerGroup--thread3] INFO  server.RaftServer$Division (RaftServerImpl.java:requestVote(1443)) - s0@group-F5D0649D4159: receive requestVote(PRE_VOTE, s1, group-F5D0649D4159, 2, (t:2, i:2))
2024-10-07 19:12:32,266 [NettyRpcService-workerGroup--thread3] INFO  impl.VoteContext (VoteContext.java:log(49)) - s0@group-F5D0649D4159-CANDIDATE: accept PRE_VOTE from s1: our priority 0 <= candidate's priority 0
2024-10-07 19:12:32,266 [s1@group-F5D0649D4159-LeaderElection17] INFO  impl.LeaderElection (LogUtils.java:infoOrTrace(136)) - s1@group-F5D0649D4159-LeaderElection17 got exception when requesting votes: java.util.concurrent.ExecutionException: org.apache.ratis.thirdparty.io.netty.channel.AbstractChannel$AnnotatedConnectException: finishConnect(..) failed: Connection refused: localhost/127.0.0.1:15156
2024-10-07 19:12:32,266 [NettyRpcService-workerGroup--thread3] INFO  server.RaftServer$Division (RaftServerImpl.java:requestVote(1476)) - s0@group-F5D0649D4159 replies to PRE_VOTE vote request: s1<-s0#0:OK-t2. Peer's state: s0@group-F5D0649D4159:t2, leader=null, voted=s4, raftlog=Memoized:s0@group-F5D0649D4159-SegmentedRaftLog:OPENED:c2:last(t:2, i:2), conf=conf: {index: 1, cur=peers:[s3|localhost:15152, s4|localhost:15156, s0|localhost:15140, s1|localhost:15144, s2|localhost:15148]|listeners:[], old=null}
2024-10-07 19:12:32,267 [s1@group-F5D0649D4159-LeaderElection17] INFO  impl.LeaderElection (LogUtils.java:infoOrTrace(136)) - s1@group-F5D0649D4159-LeaderElection17 got exception when requesting votes: java.util.concurrent.ExecutionException: org.apache.ratis.thirdparty.io.netty.channel.AbstractChannel$AnnotatedConnectException: finishConnect(..) failed: Connection refused: localhost/127.0.0.1:15148
2024-10-07 19:12:32,371 [s0@group-F5D0649D4159-LeaderElection18] INFO  impl.LeaderElection (LeaderElection.java:logAndReturn(90)) - s0@group-F5D0649D4159-LeaderElection18: PRE_VOTE TIMEOUT received 1 response(s) and 2 exception(s):
2024-10-07 19:12:32,371 [s0@group-F5D0649D4159-LeaderElection18] INFO  impl.LeaderElection (LeaderElection.java:logAndReturn(94)) -   Response 0: s0<-s1#0:OK-t2
2024-10-07 19:12:32,371 [s0@group-F5D0649D4159-LeaderElection18] INFO  impl.LeaderElection (LogUtils.java:infoOrTrace(136)) -   Exception 1: java.util.concurrent.ExecutionException: org.apache.ratis.thirdparty.io.netty.channel.AbstractChannel$AnnotatedConnectException: finishConnect(..) failed: Connection refused: localhost/127.0.0.1:15156
2024-10-07 19:12:32,371 [s0@group-F5D0649D4159-LeaderElection18] INFO  impl.LeaderElection (LogUtils.java:infoOrTrace(136)) -   Exception 2: java.util.concurrent.ExecutionException: org.apache.ratis.thirdparty.io.netty.channel.AbstractChannel$AnnotatedConnectException: finishConnect(..) failed: Connection refused: localhost/127.0.0.1:15148
2024-10-07 19:12:32,371 [s0@group-F5D0649D4159-LeaderElection18] INFO  impl.LeaderElection (LeaderElection.java:askForVotes(339)) - s0@group-F5D0649D4159-LeaderElection18 PRE_VOTE round 117: result TIMEOUT
2024-10-07 19:12:32,372 [s0@group-F5D0649D4159-LeaderElection18] INFO  impl.LeaderElection (LeaderElection.java:askForVotes(337)) - s0@group-F5D0649D4159-LeaderElection18 PRE_VOTE round 118: submit vote requests at term 2 for conf: {index: 1, cur=peers:[s3|localhost:15152, s4|localhost:15156, s0|localhost:15140, s1|localhost:15144, s2|localhost:15148]|listeners:[], old=null}
2024-10-07 19:12:32,372 [NettyRpcService-workerGroup--thread3] INFO  server.RaftServer$Division (RaftServerImpl.java:requestVote(1443)) - s1@group-F5D0649D4159: receive requestVote(PRE_VOTE, s0, group-F5D0649D4159, 2, (t:2, i:2))
2024-10-07 19:12:32,373 [NettyRpcService-workerGroup--thread3] INFO  impl.VoteContext (VoteContext.java:log(49)) - s1@group-F5D0649D4159-CANDIDATE: accept PRE_VOTE from s0: our priority 0 <= candidate's priority 0
2024-10-07 19:12:32,373 [NettyRpcService-workerGroup--thread3] INFO  server.RaftServer$Division (RaftServerImpl.java:requestVote(1476)) - s1@group-F5D0649D4159 replies to PRE_VOTE vote request: s0<-s1#0:OK-t2. Peer's state: s1@group-F5D0649D4159:t2, leader=null, voted=s4, raftlog=Memoized:s1@group-F5D0649D4159-SegmentedRaftLog:OPENED:c2:last(t:2, i:2), conf=conf: {index: 1, cur=peers:[s3|localhost:15152, s4|localhost:15156, s0|localhost:15140, s1|localhost:15144, s2|localhost:15148]|listeners:[], old=null}
2024-10-07 19:12:32,373 [s0@group-F5D0649D4159-LeaderElection18] INFO  impl.LeaderElection (LogUtils.java:infoOrTrace(136)) - s0@group-F5D0649D4159-LeaderElection18 got exception when requesting votes: java.util.concurrent.ExecutionException: org.apache.ratis.thirdparty.io.netty.channel.AbstractChannel$AnnotatedConnectException: finishConnect(..) failed: Connection refused: localhost/127.0.0.1:15148
2024-10-07 19:12:32,373 [s0@group-F5D0649D4159-LeaderElection18] INFO  impl.LeaderElection (LogUtils.java:infoOrTrace(136)) - s0@group-F5D0649D4159-LeaderElection18 got exception when requesting votes: java.util.concurrent.ExecutionException: org.apache.ratis.thirdparty.io.netty.channel.AbstractChannel$AnnotatedConnectException: finishConnect(..) failed: Connection refused: localhost/127.0.0.1:15156
2024-10-07 19:12:32,435 [s1@group-F5D0649D4159-LeaderElection17] INFO  impl.LeaderElection (LeaderElection.java:logAndReturn(90)) - s1@group-F5D0649D4159-LeaderElection17: PRE_VOTE TIMEOUT received 1 response(s) and 2 exception(s):
2024-10-07 19:12:32,435 [s1@group-F5D0649D4159-LeaderElection17] INFO  impl.LeaderElection (LeaderElection.java:logAndReturn(94)) -   Response 0: s1<-s0#0:OK-t2
2024-10-07 19:12:32,435 [s1@group-F5D0649D4159-LeaderElection17] INFO  impl.LeaderElection (LogUtils.java:infoOrTrace(136)) -   Exception 1: java.util.concurrent.ExecutionException: org.apache.ratis.thirdparty.io.netty.channel.AbstractChannel$AnnotatedConnectException: finishConnect(..) failed: Connection refused: localhost/127.0.0.1:15156
2024-10-07 19:12:32,435 [s1@group-F5D0649D4159-LeaderElection17] INFO  impl.LeaderElection (LogUtils.java:infoOrTrace(136)) -   Exception 2: java.util.concurrent.ExecutionException: org.apache.ratis.thirdparty.io.netty.channel.AbstractChannel$AnnotatedConnectException: finishConnect(..) failed: Connection refused: localhost/127.0.0.1:15148
2024-10-07 19:12:32,435 [s1@group-F5D0649D4159-LeaderElection17] INFO  impl.LeaderElection (LeaderElection.java:askForVotes(339)) - s1@group-F5D0649D4159-LeaderElection17 PRE_VOTE round 135: result TIMEOUT
2024-10-07 19:12:32,435 [s1@group-F5D0649D4159-LeaderElection17] INFO  impl.LeaderElection (LeaderElection.java:askForVotes(337)) - s1@group-F5D0649D4159-LeaderElection17 PRE_VOTE round 136: submit vote requests at term 2 for conf: {index: 1, cur=peers:[s3|localhost:15152, s4|localhost:15156, s0|localhost:15140, s1|localhost:15144, s2|localhost:15148]|listeners:[], old=null}
2024-10-07 19:12:32,436 [NettyRpcService-workerGroup--thread3] INFO  server.RaftServer$Division (RaftServerImpl.java:requestVote(1443)) - s0@group-F5D0649D4159: receive requestVote(PRE_VOTE, s1, group-F5D0649D4159, 2, (t:2, i:2))
2024-10-07 19:12:32,436 [NettyRpcService-workerGroup--thread3] INFO  impl.VoteContext (VoteContext.java:log(49)) - s0@group-F5D0649D4159-CANDIDATE: accept PRE_VOTE from s1: our priority 0 <= candidate's priority 0
2024-10-07 19:12:32,436 [s1@group-F5D0649D4159-LeaderElection17] INFO  impl.LeaderElection (LogUtils.java:infoOrTrace(136)) - s1@group-F5D0649D4159-LeaderElection17 got exception when requesting votes: java.util.concurrent.ExecutionException: org.apache.ratis.thirdparty.io.netty.channel.AbstractChannel$AnnotatedConnectException: finishConnect(..) failed: Connection refused: localhost/127.0.0.1:15156
2024-10-07 19:12:32,437 [NettyRpcService-workerGroup--thread3] INFO  server.RaftServer$Division (RaftServerImpl.java:requestVote(1476)) - s0@group-F5D0649D4159 replies to PRE_VOTE vote request: s1<-s0#0:OK-t2. Peer's state: s0@group-F5D0649D4159:t2, leader=null, voted=s4, raftlog=Memoized:s0@group-F5D0649D4159-SegmentedRaftLog:OPENED:c2:last(t:2, i:2), conf=conf: {index: 1, cur=peers:[s3|localhost:15152, s4|localhost:15156, s0|localhost:15140, s1|localhost:15144, s2|localhost:15148]|listeners:[], old=null}
2024-10-07 19:12:32,437 [s1@group-F5D0649D4159-LeaderElection17] INFO  impl.LeaderElection (LogUtils.java:infoOrTrace(136)) - s1@group-F5D0649D4159-LeaderElection17 got exception when requesting votes: java.util.concurrent.ExecutionException: org.apache.ratis.thirdparty.io.netty.channel.AbstractChannel$AnnotatedConnectException: finishConnect(..) failed: Connection refused: localhost/127.0.0.1:15148
2024-10-07 19:12:32,519 [main] WARN  ratis.RaftTestUtil (RaftTestUtil.java:lambda$waitForLeader$3(126)) - Attempt #69 failed: java.lang.IllegalStateException: No leader yet : printing ALL groups
  s3:  RUNNING  FOLLOWER s3@group-F5D0649D4159:t1, leader=null, voted=null, raftlog=Memoized:s3@group-F5D0649D4159-SegmentedRaftLog:OPENED:c-1:lastnull, conf=conf: {index: -1, cur=peers:[s3|localhost:15152, s4|localhost:15156, s0|localhost:15140, s1|localhost:15144, s2|localhost:15148]|listeners:[], old=null} RUNNING
  s4:   CLOSED    LEADER s4@group-F5D0649D4159:t2, leader=s4, voted=s4, raftlog=Memoized:s4@group-F5D0649D4159-SegmentedRaftLog:CLOSED:c2, conf=conf: {index: 1, cur=peers:[s3|localhost:15152, s4|localhost:15156, s0|localhost:15140, s1|localhost:15144, s2|localhost:15148]|listeners:[], old=null} CLOSED
  s0:  RUNNING CANDIDATE s0@group-F5D0649D4159:t2, leader=null, voted=s4, raftlog=Memoized:s0@group-F5D0649D4159-SegmentedRaftLog:OPENED:c2:last(t:2, i:2), conf=conf: {index: 1, cur=peers:[s3|localhost:15152, s4|localhost:15156, s0|localhost:15140, s1|localhost:15144, s2|localhost:15148]|listeners:[], old=null} RUNNING
  s1:  RUNNING CANDIDATE s1@group-F5D0649D4159:t2, leader=null, voted=s4, raftlog=Memoized:s1@group-F5D0649D4159-SegmentedRaftLog:OPENED:c2:last(t:2, i:2), conf=conf: {index: 1, cur=peers:[s3|localhost:15152, s4|localhost:15156, s0|localhost:15140, s1|localhost:15144, s2|localhost:15148]|listeners:[], old=null} RUNNING
  s2:   CLOSED    LEADER s2@group-F5D0649D4159:t1, leader=s2, voted=s2, raftlog=Memoized:s2@group-F5D0649D4159-SegmentedRaftLog:CLOSED:c0, conf=conf: {index: 0, cur=peers:[s3|localhost:15152, s4|localhost:15156, s0|localhost:15140, s1|localhost:15144, s2|localhost:15148]|listeners:[], old=null} CLOSED
2024-10-07 19:12:32,634 [s0@group-F5D0649D4159-LeaderElection18] INFO  impl.LeaderElection (LeaderElection.java:logAndReturn(90)) - s0@group-F5D0649D4159-LeaderElection18: PRE_VOTE TIMEOUT received 1 response(s) and 2 exception(s):
2024-10-07 19:12:32,634 [s0@group-F5D0649D4159-LeaderElection18] INFO  impl.LeaderElection (LeaderElection.java:logAndReturn(94)) -   Response 0: s0<-s1#0:OK-t2
2024-10-07 19:12:32,634 [s0@group-F5D0649D4159-LeaderElection18] INFO  impl.LeaderElection (LogUtils.java:infoOrTrace(136)) -   Exception 1: java.util.concurrent.ExecutionException: org.apache.ratis.thirdparty.io.netty.channel.AbstractChannel$AnnotatedConnectException: finishConnect(..) failed: Connection refused: localhost/127.0.0.1:15148
2024-10-07 19:12:32,634 [s0@group-F5D0649D4159-LeaderElection18] INFO  impl.LeaderElection (LogUtils.java:infoOrTrace(136)) -   Exception 2: java.util.concurrent.ExecutionException: org.apache.ratis.thirdparty.io.netty.channel.AbstractChannel$AnnotatedConnectException: finishConnect(..) failed: Connection refused: localhost/127.0.0.1:15156
2024-10-07 19:12:32,635 [s0@group-F5D0649D4159-LeaderElection18] INFO  impl.LeaderElection (LeaderElection.java:askForVotes(339)) - s0@group-F5D0649D4159-LeaderElection18 PRE_VOTE round 118: result TIMEOUT
2024-10-07 19:12:32,635 [s0@group-F5D0649D4159-LeaderElection18] INFO  impl.LeaderElection (LeaderElection.java:askForVotes(337)) - s0@group-F5D0649D4159-LeaderElection18 PRE_VOTE round 119: submit vote requests at term 2 for conf: {index: 1, cur=peers:[s3|localhost:15152, s4|localhost:15156, s0|localhost:15140, s1|localhost:15144, s2|localhost:15148]|listeners:[], old=null}
2024-10-07 19:12:32,635 [NettyRpcService-workerGroup--thread3] INFO  server.RaftServer$Division (RaftServerImpl.java:requestVote(1443)) - s1@group-F5D0649D4159: receive requestVote(PRE_VOTE, s0, group-F5D0649D4159, 2, (t:2, i:2))
2024-10-07 19:12:32,636 [NettyRpcService-workerGroup--thread3] INFO  impl.VoteContext (VoteContext.java:log(49)) - s1@group-F5D0649D4159-CANDIDATE: accept PRE_VOTE from s0: our priority 0 <= candidate's priority 0
2024-10-07 19:12:32,636 [s0@group-F5D0649D4159-LeaderElection18] INFO  impl.LeaderElection (LogUtils.java:infoOrTrace(136)) - s0@group-F5D0649D4159-LeaderElection18 got exception when requesting votes: java.util.concurrent.ExecutionException: org.apache.ratis.thirdparty.io.netty.channel.AbstractChannel$AnnotatedConnectException: finishConnect(..) failed: Connection refused: localhost/127.0.0.1:15148
2024-10-07 19:12:32,636 [NettyRpcService-workerGroup--thread3] INFO  server.RaftServer$Division (RaftServerImpl.java:requestVote(1476)) - s1@group-F5D0649D4159 replies to PRE_VOTE vote request: s0<-s1#0:OK-t2. Peer's state: s1@group-F5D0649D4159:t2, leader=null, voted=s4, raftlog=Memoized:s1@group-F5D0649D4159-SegmentedRaftLog:OPENED:c2:last(t:2, i:2), conf=conf: {index: 1, cur=peers:[s3|localhost:15152, s4|localhost:15156, s0|localhost:15140, s1|localhost:15144, s2|localhost:15148]|listeners:[], old=null}
2024-10-07 19:12:32,636 [s0@group-F5D0649D4159-LeaderElection18] INFO  impl.LeaderElection (LogUtils.java:infoOrTrace(136)) - s0@group-F5D0649D4159-LeaderElection18 got exception when requesting votes: java.util.concurrent.ExecutionException: org.apache.ratis.thirdparty.io.netty.channel.AbstractChannel$AnnotatedConnectException: finishConnect(..) failed: Connection refused: localhost/127.0.0.1:15156
2024-10-07 19:12:32,642 [s1@group-F5D0649D4159-LeaderElection17] INFO  impl.LeaderElection (LeaderElection.java:logAndReturn(90)) - s1@group-F5D0649D4159-LeaderElection17: PRE_VOTE TIMEOUT received 1 response(s) and 2 exception(s):
2024-10-07 19:12:32,642 [s1@group-F5D0649D4159-LeaderElection17] INFO  impl.LeaderElection (LeaderElection.java:logAndReturn(94)) -   Response 0: s1<-s0#0:OK-t2
2024-10-07 19:12:32,642 [s1@group-F5D0649D4159-LeaderElection17] INFO  impl.LeaderElection (LogUtils.java:infoOrTrace(136)) -   Exception 1: java.util.concurrent.ExecutionException: org.apache.ratis.thirdparty.io.netty.channel.AbstractChannel$AnnotatedConnectException: finishConnect(..) failed: Connection refused: localhost/127.0.0.1:15156
2024-10-07 19:12:32,642 [s1@group-F5D0649D4159-LeaderElection17] INFO  impl.LeaderElection (LogUtils.java:infoOrTrace(136)) -   Exception 2: java.util.concurrent.ExecutionException: org.apache.ratis.thirdparty.io.netty.channel.AbstractChannel$AnnotatedConnectException: finishConnect(..) failed: Connection refused: localhost/127.0.0.1:15148
2024-10-07 19:12:32,643 [s1@group-F5D0649D4159-LeaderElection17] INFO  impl.LeaderElection (LeaderElection.java:askForVotes(339)) - s1@group-F5D0649D4159-LeaderElection17 PRE_VOTE round 136: result TIMEOUT
2024-10-07 19:12:32,643 [s1@group-F5D0649D4159-LeaderElection17] INFO  impl.LeaderElection (LeaderElection.java:askForVotes(337)) - s1@group-F5D0649D4159-LeaderElection17 PRE_VOTE round 137: submit vote requests at term 2 for conf: {index: 1, cur=peers:[s3|localhost:15152, s4|localhost:15156, s0|localhost:15140, s1|localhost:15144, s2|localhost:15148]|listeners:[], old=null}
2024-10-07 19:12:32,643 [s1@group-F5D0649D4159-LeaderElection17] INFO  impl.LeaderElection (LogUtils.java:infoOrTrace(136)) - s1@group-F5D0649D4159-LeaderElection17 got exception when requesting votes: java.util.concurrent.ExecutionException: org.apache.ratis.thirdparty.io.netty.channel.AbstractChannel$AnnotatedConnectException: finishConnect(..) failed: Connection refused: localhost/127.0.0.1:15156
2024-10-07 19:12:32,644 [NettyRpcService-workerGroup--thread3] INFO  server.RaftServer$Division (RaftServerImpl.java:requestVote(1443)) - s0@group-F5D0649D4159: receive requestVote(PRE_VOTE, s1, group-F5D0649D4159, 2, (t:2, i:2))
2024-10-07 19:12:32,644 [NettyRpcService-workerGroup--thread3] INFO  impl.VoteContext (VoteContext.java:log(49)) - s0@group-F5D0649D4159-CANDIDATE: accept PRE_VOTE from s1: our priority 0 <= candidate's priority 0
2024-10-07 19:12:32,644 [NettyRpcService-workerGroup--thread3] INFO  server.RaftServer$Division (RaftServerImpl.java:requestVote(1476)) - s0@group-F5D0649D4159 replies to PRE_VOTE vote request: s1<-s0#0:OK-t2. Peer's state: s0@group-F5D0649D4159:t2, leader=null, voted=s4, raftlog=Memoized:s0@group-F5D0649D4159-SegmentedRaftLog:OPENED:c2:last(t:2, i:2), conf=conf: {index: 1, cur=peers:[s3|localhost:15152, s4|localhost:15156, s0|localhost:15140, s1|localhost:15144, s2|localhost:15148]|listeners:[], old=null}
2024-10-07 19:12:32,644 [s1@group-F5D0649D4159-LeaderElection17] INFO  impl.LeaderElection (LogUtils.java:infoOrTrace(136)) - s1@group-F5D0649D4159-LeaderElection17 got exception when requesting votes: java.util.concurrent.ExecutionException: org.apache.ratis.thirdparty.io.netty.channel.AbstractChannel$AnnotatedConnectException: finishConnect(..) failed: Connection refused: localhost/127.0.0.1:15148
2024-10-07 19:12:32,840 [s0@group-F5D0649D4159-LeaderElection18] INFO  impl.LeaderElection (LeaderElection.java:logAndReturn(90)) - s0@group-F5D0649D4159-LeaderElection18: PRE_VOTE TIMEOUT received 1 response(s) and 2 exception(s):
2024-10-07 19:12:32,841 [s0@group-F5D0649D4159-LeaderElection18] INFO  impl.LeaderElection (LeaderElection.java:logAndReturn(94)) -   Response 0: s0<-s1#0:OK-t2
2024-10-07 19:12:32,841 [s0@group-F5D0649D4159-LeaderElection18] INFO  impl.LeaderElection (LogUtils.java:infoOrTrace(136)) -   Exception 1: java.util.concurrent.ExecutionException: org.apache.ratis.thirdparty.io.netty.channel.AbstractChannel$AnnotatedConnectException: finishConnect(..) failed: Connection refused: localhost/127.0.0.1:15148
2024-10-07 19:12:32,841 [s0@group-F5D0649D4159-LeaderElection18] INFO  impl.LeaderElection (LogUtils.java:infoOrTrace(136)) -   Exception 2: java.util.concurrent.ExecutionException: org.apache.ratis.thirdparty.io.netty.channel.AbstractChannel$AnnotatedConnectException: finishConnect(..) failed: Connection refused: localhost/127.0.0.1:15156
2024-10-07 19:12:32,841 [s0@group-F5D0649D4159-LeaderElection18] INFO  impl.LeaderElection (LeaderElection.java:askForVotes(339)) - s0@group-F5D0649D4159-LeaderElection18 PRE_VOTE round 119: result TIMEOUT
2024-10-07 19:12:32,841 [s0@group-F5D0649D4159-LeaderElection18] INFO  impl.LeaderElection (LeaderElection.java:askForVotes(337)) - s0@group-F5D0649D4159-LeaderElection18 PRE_VOTE round 120: submit vote requests at term 2 for conf: {index: 1, cur=peers:[s3|localhost:15152, s4|localhost:15156, s0|localhost:15140, s1|localhost:15144, s2|localhost:15148]|listeners:[], old=null}
2024-10-07 19:12:32,842 [NettyRpcService-workerGroup--thread3] INFO  server.RaftServer$Division (RaftServerImpl.java:requestVote(1443)) - s1@group-F5D0649D4159: receive requestVote(PRE_VOTE, s0, group-F5D0649D4159, 2, (t:2, i:2))
2024-10-07 19:12:32,842 [NettyRpcService-workerGroup--thread3] INFO  impl.VoteContext (VoteContext.java:log(49)) - s1@group-F5D0649D4159-CANDIDATE: accept PRE_VOTE from s0: our priority 0 <= candidate's priority 0
2024-10-07 19:12:32,842 [s0@group-F5D0649D4159-LeaderElection18] INFO  impl.LeaderElection (LogUtils.java:infoOrTrace(136)) - s0@group-F5D0649D4159-LeaderElection18 got exception when requesting votes: java.util.concurrent.ExecutionException: org.apache.ratis.thirdparty.io.netty.channel.AbstractChannel$AnnotatedConnectException: finishConnect(..) failed: Connection refused: localhost/127.0.0.1:15156
2024-10-07 19:12:32,842 [s0@group-F5D0649D4159-LeaderElection18] INFO  impl.LeaderElection (LogUtils.java:infoOrTrace(136)) - s0@group-F5D0649D4159-LeaderElection18 got exception when requesting votes: java.util.concurrent.ExecutionException: org.apache.ratis.thirdparty.io.netty.channel.AbstractChannel$AnnotatedConnectException: finishConnect(..) failed: Connection refused: localhost/127.0.0.1:15148
2024-10-07 19:12:32,842 [NettyRpcService-workerGroup--thread3] INFO  server.RaftServer$Division (RaftServerImpl.java:requestVote(1476)) - s1@group-F5D0649D4159 replies to PRE_VOTE vote request: s0<-s1#0:OK-t2. Peer's state: s1@group-F5D0649D4159:t2, leader=null, voted=s4, raftlog=Memoized:s1@group-F5D0649D4159-SegmentedRaftLog:OPENED:c2:last(t:2, i:2), conf=conf: {index: 1, cur=peers:[s3|localhost:15152, s4|localhost:15156, s0|localhost:15140, s1|localhost:15144, s2|localhost:15148]|listeners:[], old=null}
2024-10-07 19:12:32,916 [s1@group-F5D0649D4159-LeaderElection17] INFO  impl.LeaderElection (LeaderElection.java:logAndReturn(90)) - s1@group-F5D0649D4159-LeaderElection17: PRE_VOTE TIMEOUT received 1 response(s) and 2 exception(s):
2024-10-07 19:12:32,916 [s1@group-F5D0649D4159-LeaderElection17] INFO  impl.LeaderElection (LeaderElection.java:logAndReturn(94)) -   Response 0: s1<-s0#0:OK-t2
2024-10-07 19:12:32,916 [s1@group-F5D0649D4159-LeaderElection17] INFO  impl.LeaderElection (LogUtils.java:infoOrTrace(136)) -   Exception 1: java.util.concurrent.ExecutionException: org.apache.ratis.thirdparty.io.netty.channel.AbstractChannel$AnnotatedConnectException: finishConnect(..) failed: Connection refused: localhost/127.0.0.1:15156
2024-10-07 19:12:32,916 [s1@group-F5D0649D4159-LeaderElection17] INFO  impl.LeaderElection (LogUtils.java:infoOrTrace(136)) -   Exception 2: java.util.concurrent.ExecutionException: org.apache.ratis.thirdparty.io.netty.channel.AbstractChannel$AnnotatedConnectException: finishConnect(..) failed: Connection refused: localhost/127.0.0.1:15148
2024-10-07 19:12:32,916 [s1@group-F5D0649D4159-LeaderElection17] INFO  impl.LeaderElection (LeaderElection.java:askForVotes(339)) - s1@group-F5D0649D4159-LeaderElection17 PRE_VOTE round 137: result TIMEOUT
2024-10-07 19:12:32,916 [s1@group-F5D0649D4159-LeaderElection17] INFO  impl.LeaderElection (LeaderElection.java:askForVotes(337)) - s1@group-F5D0649D4159-LeaderElection17 PRE_VOTE round 138: submit vote requests at term 2 for conf: {index: 1, cur=peers:[s3|localhost:15152, s4|localhost:15156, s0|localhost:15140, s1|localhost:15144, s2|localhost:15148]|listeners:[], old=null}
2024-10-07 19:12:32,917 [NettyRpcService-workerGroup--thread3] INFO  server.RaftServer$Division (RaftServerImpl.java:requestVote(1443)) - s0@group-F5D0649D4159: receive requestVote(PRE_VOTE, s1, group-F5D0649D4159, 2, (t:2, i:2))
2024-10-07 19:12:32,917 [NettyRpcService-workerGroup--thread3] INFO  impl.VoteContext (VoteContext.java:log(49)) - s0@group-F5D0649D4159-CANDIDATE: accept PRE_VOTE from s1: our priority 0 <= candidate's priority 0
2024-10-07 19:12:32,917 [NettyRpcService-workerGroup--thread3] INFO  server.RaftServer$Division (RaftServerImpl.java:requestVote(1476)) - s0@group-F5D0649D4159 replies to PRE_VOTE vote request: s1<-s0#0:OK-t2. Peer's state: s0@group-F5D0649D4159:t2, leader=null, voted=s4, raftlog=Memoized:s0@group-F5D0649D4159-SegmentedRaftLog:OPENED:c2:last(t:2, i:2), conf=conf: {index: 1, cur=peers:[s3|localhost:15152, s4|localhost:15156, s0|localhost:15140, s1|localhost:15144, s2|localhost:15148]|listeners:[], old=null}
2024-10-07 19:12:32,917 [s1@group-F5D0649D4159-LeaderElection17] INFO  impl.LeaderElection (LogUtils.java:infoOrTrace(136)) - s1@group-F5D0649D4159-LeaderElection17 got exception when requesting votes: java.util.concurrent.ExecutionException: org.apache.ratis.thirdparty.io.netty.channel.AbstractChannel$AnnotatedConnectException: finishConnect(..) failed: Connection refused: localhost/127.0.0.1:15148
2024-10-07 19:12:32,917 [s1@group-F5D0649D4159-LeaderElection17] INFO  impl.LeaderElection (LogUtils.java:infoOrTrace(136)) - s1@group-F5D0649D4159-LeaderElection17 got exception when requesting votes: java.util.concurrent.ExecutionException: org.apache.ratis.thirdparty.io.netty.channel.AbstractChannel$AnnotatedConnectException: finishConnect(..) failed: Connection refused: localhost/127.0.0.1:15156
2024-10-07 19:12:32,969 [main] WARN  ratis.RaftTestUtil (RaftTestUtil.java:lambda$waitForLeader$3(126)) - Attempt #70 failed: java.lang.IllegalStateException: No leader yet : printing ALL groups
  s3:  RUNNING  FOLLOWER s3@group-F5D0649D4159:t1, leader=null, voted=null, raftlog=Memoized:s3@group-F5D0649D4159-SegmentedRaftLog:OPENED:c-1:lastnull, conf=conf: {index: -1, cur=peers:[s3|localhost:15152, s4|localhost:15156, s0|localhost:15140, s1|localhost:15144, s2|localhost:15148]|listeners:[], old=null} RUNNING
  s4:   CLOSED    LEADER s4@group-F5D0649D4159:t2, leader=s4, voted=s4, raftlog=Memoized:s4@group-F5D0649D4159-SegmentedRaftLog:CLOSED:c2, conf=conf: {index: 1, cur=peers:[s3|localhost:15152, s4|localhost:15156, s0|localhost:15140, s1|localhost:15144, s2|localhost:15148]|listeners:[], old=null} CLOSED
  s0:  RUNNING CANDIDATE s0@group-F5D0649D4159:t2, leader=null, voted=s4, raftlog=Memoized:s0@group-F5D0649D4159-SegmentedRaftLog:OPENED:c2:last(t:2, i:2), conf=conf: {index: 1, cur=peers:[s3|localhost:15152, s4|localhost:15156, s0|localhost:15140, s1|localhost:15144, s2|localhost:15148]|listeners:[], old=null} RUNNING
  s1:  RUNNING CANDIDATE s1@group-F5D0649D4159:t2, leader=null, voted=s4, raftlog=Memoized:s1@group-F5D0649D4159-SegmentedRaftLog:OPENED:c2:last(t:2, i:2), conf=conf: {index: 1, cur=peers:[s3|localhost:15152, s4|localhost:15156, s0|localhost:15140, s1|localhost:15144, s2|localhost:15148]|listeners:[], old=null} RUNNING
  s2:   CLOSED    LEADER s2@group-F5D0649D4159:t1, leader=s2, voted=s2, raftlog=Memoized:s2@group-F5D0649D4159-SegmentedRaftLog:CLOSED:c0, conf=conf: {index: 0, cur=peers:[s3|localhost:15152, s4|localhost:15156, s0|localhost:15140, s1|localhost:15144, s2|localhost:15148]|listeners:[], old=null} CLOSED
2024-10-07 19:12:33,062 [s0@group-F5D0649D4159-LeaderElection18] INFO  impl.LeaderElection (LeaderElection.java:logAndReturn(90)) - s0@group-F5D0649D4159-LeaderElection18: PRE_VOTE TIMEOUT received 1 response(s) and 2 exception(s):
2024-10-07 19:12:33,062 [s0@group-F5D0649D4159-LeaderElection18] INFO  impl.LeaderElection (LeaderElection.java:logAndReturn(94)) -   Response 0: s0<-s1#0:OK-t2
2024-10-07 19:12:33,062 [s0@group-F5D0649D4159-LeaderElection18] INFO  impl.LeaderElection (LogUtils.java:infoOrTrace(136)) -   Exception 1: java.util.concurrent.ExecutionException: org.apache.ratis.thirdparty.io.netty.channel.AbstractChannel$AnnotatedConnectException: finishConnect(..) failed: Connection refused: localhost/127.0.0.1:15156
2024-10-07 19:12:33,062 [s0@group-F5D0649D4159-LeaderElection18] INFO  impl.LeaderElection (LogUtils.java:infoOrTrace(136)) -   Exception 2: java.util.concurrent.ExecutionException: org.apache.ratis.thirdparty.io.netty.channel.AbstractChannel$AnnotatedConnectException: finishConnect(..) failed: Connection refused: localhost/127.0.0.1:15148
2024-10-07 19:12:33,062 [s0@group-F5D0649D4159-LeaderElection18] INFO  impl.LeaderElection (LeaderElection.java:askForVotes(339)) - s0@group-F5D0649D4159-LeaderElection18 PRE_VOTE round 120: result TIMEOUT
2024-10-07 19:12:33,062 [s0@group-F5D0649D4159-LeaderElection18] INFO  impl.LeaderElection (LeaderElection.java:askForVotes(337)) - s0@group-F5D0649D4159-LeaderElection18 PRE_VOTE round 121: submit vote requests at term 2 for conf: {index: 1, cur=peers:[s3|localhost:15152, s4|localhost:15156, s0|localhost:15140, s1|localhost:15144, s2|localhost:15148]|listeners:[], old=null}
2024-10-07 19:12:33,063 [NettyRpcService-workerGroup--thread3] INFO  server.RaftServer$Division (RaftServerImpl.java:requestVote(1443)) - s1@group-F5D0649D4159: receive requestVote(PRE_VOTE, s0, group-F5D0649D4159, 2, (t:2, i:2))
2024-10-07 19:12:33,063 [NettyRpcService-workerGroup--thread3] INFO  impl.VoteContext (VoteContext.java:log(49)) - s1@group-F5D0649D4159-CANDIDATE: accept PRE_VOTE from s0: our priority 0 <= candidate's priority 0
2024-10-07 19:12:33,063 [s0@group-F5D0649D4159-LeaderElection18] INFO  impl.LeaderElection (LogUtils.java:infoOrTrace(136)) - s0@group-F5D0649D4159-LeaderElection18 got exception when requesting votes: java.util.concurrent.ExecutionException: org.apache.ratis.thirdparty.io.netty.channel.AbstractChannel$AnnotatedConnectException: finishConnect(..) failed: Connection refused: localhost/127.0.0.1:15156
2024-10-07 19:12:33,063 [s0@group-F5D0649D4159-LeaderElection18] INFO  impl.LeaderElection (LogUtils.java:infoOrTrace(136)) - s0@group-F5D0649D4159-LeaderElection18 got exception when requesting votes: java.util.concurrent.ExecutionException: org.apache.ratis.thirdparty.io.netty.channel.AbstractChannel$AnnotatedConnectException: finishConnect(..) failed: Connection refused: localhost/127.0.0.1:15148
2024-10-07 19:12:33,063 [NettyRpcService-workerGroup--thread3] INFO  server.RaftServer$Division (RaftServerImpl.java:requestVote(1476)) - s1@group-F5D0649D4159 replies to PRE_VOTE vote request: s0<-s1#0:OK-t2. Peer's state: s1@group-F5D0649D4159:t2, leader=null, voted=s4, raftlog=Memoized:s1@group-F5D0649D4159-SegmentedRaftLog:OPENED:c2:last(t:2, i:2), conf=conf: {index: 1, cur=peers:[s3|localhost:15152, s4|localhost:15156, s0|localhost:15140, s1|localhost:15144, s2|localhost:15148]|listeners:[], old=null}
2024-10-07 19:12:33,132 [s1@group-F5D0649D4159-LeaderElection17] INFO  impl.LeaderElection (LeaderElection.java:logAndReturn(90)) - s1@group-F5D0649D4159-LeaderElection17: PRE_VOTE TIMEOUT received 1 response(s) and 2 exception(s):
2024-10-07 19:12:33,132 [s1@group-F5D0649D4159-LeaderElection17] INFO  impl.LeaderElection (LeaderElection.java:logAndReturn(94)) -   Response 0: s1<-s0#0:OK-t2
2024-10-07 19:12:33,132 [s1@group-F5D0649D4159-LeaderElection17] INFO  impl.LeaderElection (LogUtils.java:infoOrTrace(136)) -   Exception 1: java.util.concurrent.ExecutionException: org.apache.ratis.thirdparty.io.netty.channel.AbstractChannel$AnnotatedConnectException: finishConnect(..) failed: Connection refused: localhost/127.0.0.1:15148
2024-10-07 19:12:33,132 [s1@group-F5D0649D4159-LeaderElection17] INFO  impl.LeaderElection (LogUtils.java:infoOrTrace(136)) -   Exception 2: java.util.concurrent.ExecutionException: org.apache.ratis.thirdparty.io.netty.channel.AbstractChannel$AnnotatedConnectException: finishConnect(..) failed: Connection refused: localhost/127.0.0.1:15156
2024-10-07 19:12:33,132 [s1@group-F5D0649D4159-LeaderElection17] INFO  impl.LeaderElection (LeaderElection.java:askForVotes(339)) - s1@group-F5D0649D4159-LeaderElection17 PRE_VOTE round 138: result TIMEOUT
2024-10-07 19:12:33,132 [s1@group-F5D0649D4159-LeaderElection17] INFO  impl.LeaderElection (LeaderElection.java:askForVotes(337)) - s1@group-F5D0649D4159-LeaderElection17 PRE_VOTE round 139: submit vote requests at term 2 for conf: {index: 1, cur=peers:[s3|localhost:15152, s4|localhost:15156, s0|localhost:15140, s1|localhost:15144, s2|localhost:15148]|listeners:[], old=null}
2024-10-07 19:12:33,133 [NettyRpcService-workerGroup--thread3] INFO  server.RaftServer$Division (RaftServerImpl.java:requestVote(1443)) - s0@group-F5D0649D4159: receive requestVote(PRE_VOTE, s1, group-F5D0649D4159, 2, (t:2, i:2))
2024-10-07 19:12:33,133 [NettyRpcService-workerGroup--thread3] INFO  impl.VoteContext (VoteContext.java:log(49)) - s0@group-F5D0649D4159-CANDIDATE: accept PRE_VOTE from s1: our priority 0 <= candidate's priority 0
2024-10-07 19:12:33,133 [s1@group-F5D0649D4159-LeaderElection17] INFO  impl.LeaderElection (LogUtils.java:infoOrTrace(136)) - s1@group-F5D0649D4159-LeaderElection17 got exception when requesting votes: java.util.concurrent.ExecutionException: org.apache.ratis.thirdparty.io.netty.channel.AbstractChannel$AnnotatedConnectException: finishConnect(..) failed: Connection refused: localhost/127.0.0.1:15148
2024-10-07 19:12:33,133 [NettyRpcService-workerGroup--thread3] INFO  server.RaftServer$Division (RaftServerImpl.java:requestVote(1476)) - s0@group-F5D0649D4159 replies to PRE_VOTE vote request: s1<-s0#0:OK-t2. Peer's state: s0@group-F5D0649D4159:t2, leader=null, voted=s4, raftlog=Memoized:s0@group-F5D0649D4159-SegmentedRaftLog:OPENED:c2:last(t:2, i:2), conf=conf: {index: 1, cur=peers:[s3|localhost:15152, s4|localhost:15156, s0|localhost:15140, s1|localhost:15144, s2|localhost:15148]|listeners:[], old=null}
2024-10-07 19:12:33,133 [s1@group-F5D0649D4159-LeaderElection17] INFO  impl.LeaderElection (LogUtils.java:infoOrTrace(136)) - s1@group-F5D0649D4159-LeaderElection17 got exception when requesting votes: java.util.concurrent.ExecutionException: org.apache.ratis.thirdparty.io.netty.channel.AbstractChannel$AnnotatedConnectException: finishConnect(..) failed: Connection refused: localhost/127.0.0.1:15156
2024-10-07 19:12:33,242 [s0@group-F5D0649D4159-LeaderElection18] INFO  impl.LeaderElection (LeaderElection.java:logAndReturn(90)) - s0@group-F5D0649D4159-LeaderElection18: PRE_VOTE TIMEOUT received 1 response(s) and 2 exception(s):
2024-10-07 19:12:33,242 [s0@group-F5D0649D4159-LeaderElection18] INFO  impl.LeaderElection (LeaderElection.java:logAndReturn(94)) -   Response 0: s0<-s1#0:OK-t2
2024-10-07 19:12:33,242 [s0@group-F5D0649D4159-LeaderElection18] INFO  impl.LeaderElection (LogUtils.java:infoOrTrace(136)) -   Exception 1: java.util.concurrent.ExecutionException: org.apache.ratis.thirdparty.io.netty.channel.AbstractChannel$AnnotatedConnectException: finishConnect(..) failed: Connection refused: localhost/127.0.0.1:15156
2024-10-07 19:12:33,242 [s0@group-F5D0649D4159-LeaderElection18] INFO  impl.LeaderElection (LogUtils.java:infoOrTrace(136)) -   Exception 2: java.util.concurrent.ExecutionException: org.apache.ratis.thirdparty.io.netty.channel.AbstractChannel$AnnotatedConnectException: finishConnect(..) failed: Connection refused: localhost/127.0.0.1:15148
2024-10-07 19:12:33,242 [s0@group-F5D0649D4159-LeaderElection18] INFO  impl.LeaderElection (LeaderElection.java:askForVotes(339)) - s0@group-F5D0649D4159-LeaderElection18 PRE_VOTE round 121: result TIMEOUT
2024-10-07 19:12:33,242 [s0@group-F5D0649D4159-LeaderElection18] INFO  impl.LeaderElection (LeaderElection.java:askForVotes(337)) - s0@group-F5D0649D4159-LeaderElection18 PRE_VOTE round 122: submit vote requests at term 2 for conf: {index: 1, cur=peers:[s3|localhost:15152, s4|localhost:15156, s0|localhost:15140, s1|localhost:15144, s2|localhost:15148]|listeners:[], old=null}
2024-10-07 19:12:33,243 [NettyRpcService-workerGroup--thread3] INFO  server.RaftServer$Division (RaftServerImpl.java:requestVote(1443)) - s1@group-F5D0649D4159: receive requestVote(PRE_VOTE, s0, group-F5D0649D4159, 2, (t:2, i:2))
2024-10-07 19:12:33,243 [NettyRpcService-workerGroup--thread3] INFO  impl.VoteContext (VoteContext.java:log(49)) - s1@group-F5D0649D4159-CANDIDATE: accept PRE_VOTE from s0: our priority 0 <= candidate's priority 0
2024-10-07 19:12:33,243 [s0@group-F5D0649D4159-LeaderElection18] INFO  impl.LeaderElection (LogUtils.java:infoOrTrace(136)) - s0@group-F5D0649D4159-LeaderElection18 got exception when requesting votes: java.util.concurrent.ExecutionException: org.apache.ratis.thirdparty.io.netty.channel.AbstractChannel$AnnotatedConnectException: finishConnect(..) failed: Connection refused: localhost/127.0.0.1:15156
2024-10-07 19:12:33,243 [NettyRpcService-workerGroup--thread3] INFO  server.RaftServer$Division (RaftServerImpl.java:requestVote(1476)) - s1@group-F5D0649D4159 replies to PRE_VOTE vote request: s0<-s1#0:OK-t2. Peer's state: s1@group-F5D0649D4159:t2, leader=null, voted=s4, raftlog=Memoized:s1@group-F5D0649D4159-SegmentedRaftLog:OPENED:c2:last(t:2, i:2), conf=conf: {index: 1, cur=peers:[s3|localhost:15152, s4|localhost:15156, s0|localhost:15140, s1|localhost:15144, s2|localhost:15148]|listeners:[], old=null}
2024-10-07 19:12:33,243 [s0@group-F5D0649D4159-LeaderElection18] INFO  impl.LeaderElection (LogUtils.java:infoOrTrace(136)) - s0@group-F5D0649D4159-LeaderElection18 got exception when requesting votes: java.util.concurrent.ExecutionException: org.apache.ratis.thirdparty.io.netty.channel.AbstractChannel$AnnotatedConnectException: finishConnect(..) failed: Connection refused: localhost/127.0.0.1:15148
2024-10-07 19:12:33,367 [s1@group-F5D0649D4159-LeaderElection17] INFO  impl.LeaderElection (LeaderElection.java:logAndReturn(90)) - s1@group-F5D0649D4159-LeaderElection17: PRE_VOTE TIMEOUT received 1 response(s) and 2 exception(s):
2024-10-07 19:12:33,367 [s1@group-F5D0649D4159-LeaderElection17] INFO  impl.LeaderElection (LeaderElection.java:logAndReturn(94)) -   Response 0: s1<-s0#0:OK-t2
2024-10-07 19:12:33,367 [s1@group-F5D0649D4159-LeaderElection17] INFO  impl.LeaderElection (LogUtils.java:infoOrTrace(136)) -   Exception 1: java.util.concurrent.ExecutionException: org.apache.ratis.thirdparty.io.netty.channel.AbstractChannel$AnnotatedConnectException: finishConnect(..) failed: Connection refused: localhost/127.0.0.1:15148
2024-10-07 19:12:33,367 [s1@group-F5D0649D4159-LeaderElection17] INFO  impl.LeaderElection (LogUtils.java:infoOrTrace(136)) -   Exception 2: java.util.concurrent.ExecutionException: org.apache.ratis.thirdparty.io.netty.channel.AbstractChannel$AnnotatedConnectException: finishConnect(..) failed: Connection refused: localhost/127.0.0.1:15156
2024-10-07 19:12:33,367 [s1@group-F5D0649D4159-LeaderElection17] INFO  impl.LeaderElection (LeaderElection.java:askForVotes(339)) - s1@group-F5D0649D4159-LeaderElection17 PRE_VOTE round 139: result TIMEOUT
2024-10-07 19:12:33,368 [s1@group-F5D0649D4159-LeaderElection17] INFO  impl.LeaderElection (LeaderElection.java:askForVotes(337)) - s1@group-F5D0649D4159-LeaderElection17 PRE_VOTE round 140: submit vote requests at term 2 for conf: {index: 1, cur=peers:[s3|localhost:15152, s4|localhost:15156, s0|localhost:15140, s1|localhost:15144, s2|localhost:15148]|listeners:[], old=null}
2024-10-07 19:12:33,368 [NettyRpcService-workerGroup--thread3] INFO  server.RaftServer$Division (RaftServerImpl.java:requestVote(1443)) - s0@group-F5D0649D4159: receive requestVote(PRE_VOTE, s1, group-F5D0649D4159, 2, (t:2, i:2))
2024-10-07 19:12:33,369 [NettyRpcService-workerGroup--thread3] INFO  impl.VoteContext (VoteContext.java:log(49)) - s0@group-F5D0649D4159-CANDIDATE: accept PRE_VOTE from s1: our priority 0 <= candidate's priority 0
2024-10-07 19:12:33,369 [s1@group-F5D0649D4159-LeaderElection17] INFO  impl.LeaderElection (LogUtils.java:infoOrTrace(136)) - s1@group-F5D0649D4159-LeaderElection17 got exception when requesting votes: java.util.concurrent.ExecutionException: org.apache.ratis.thirdparty.io.netty.channel.AbstractChannel$AnnotatedConnectException: finishConnect(..) failed: Connection refused: localhost/127.0.0.1:15148
2024-10-07 19:12:33,369 [NettyRpcService-workerGroup--thread3] INFO  server.RaftServer$Division (RaftServerImpl.java:requestVote(1476)) - s0@group-F5D0649D4159 replies to PRE_VOTE vote request: s1<-s0#0:OK-t2. Peer's state: s0@group-F5D0649D4159:t2, leader=null, voted=s4, raftlog=Memoized:s0@group-F5D0649D4159-SegmentedRaftLog:OPENED:c2:last(t:2, i:2), conf=conf: {index: 1, cur=peers:[s3|localhost:15152, s4|localhost:15156, s0|localhost:15140, s1|localhost:15144, s2|localhost:15148]|listeners:[], old=null}
2024-10-07 19:12:33,369 [s1@group-F5D0649D4159-LeaderElection17] INFO  impl.LeaderElection (LogUtils.java:infoOrTrace(136)) - s1@group-F5D0649D4159-LeaderElection17 got exception when requesting votes: java.util.concurrent.ExecutionException: org.apache.ratis.thirdparty.io.netty.channel.AbstractChannel$AnnotatedConnectException: finishConnect(..) failed: Connection refused: localhost/127.0.0.1:15156
2024-10-07 19:12:33,420 [main] WARN  ratis.RaftTestUtil (RaftTestUtil.java:lambda$waitForLeader$3(126)) - Attempt #71 failed: java.lang.IllegalStateException: No leader yet : printing ALL groups
  s3:  RUNNING  FOLLOWER s3@group-F5D0649D4159:t1, leader=null, voted=null, raftlog=Memoized:s3@group-F5D0649D4159-SegmentedRaftLog:OPENED:c-1:lastnull, conf=conf: {index: -1, cur=peers:[s3|localhost:15152, s4|localhost:15156, s0|localhost:15140, s1|localhost:15144, s2|localhost:15148]|listeners:[], old=null} RUNNING
  s4:   CLOSED    LEADER s4@group-F5D0649D4159:t2, leader=s4, voted=s4, raftlog=Memoized:s4@group-F5D0649D4159-SegmentedRaftLog:CLOSED:c2, conf=conf: {index: 1, cur=peers:[s3|localhost:15152, s4|localhost:15156, s0|localhost:15140, s1|localhost:15144, s2|localhost:15148]|listeners:[], old=null} CLOSED
  s0:  RUNNING CANDIDATE s0@group-F5D0649D4159:t2, leader=null, voted=s4, raftlog=Memoized:s0@group-F5D0649D4159-SegmentedRaftLog:OPENED:c2:last(t:2, i:2), conf=conf: {index: 1, cur=peers:[s3|localhost:15152, s4|localhost:15156, s0|localhost:15140, s1|localhost:15144, s2|localhost:15148]|listeners:[], old=null} RUNNING
  s1:  RUNNING CANDIDATE s1@group-F5D0649D4159:t2, leader=null, voted=s4, raftlog=Memoized:s1@group-F5D0649D4159-SegmentedRaftLog:OPENED:c2:last(t:2, i:2), conf=conf: {index: 1, cur=peers:[s3|localhost:15152, s4|localhost:15156, s0|localhost:15140, s1|localhost:15144, s2|localhost:15148]|listeners:[], old=null} RUNNING
  s2:   CLOSED    LEADER s2@group-F5D0649D4159:t1, leader=s2, voted=s2, raftlog=Memoized:s2@group-F5D0649D4159-SegmentedRaftLog:CLOSED:c0, conf=conf: {index: 0, cur=peers:[s3|localhost:15152, s4|localhost:15156, s0|localhost:15140, s1|localhost:15144, s2|localhost:15148]|listeners:[], old=null} CLOSED
2024-10-07 19:12:33,476 [s0@group-F5D0649D4159-LeaderElection18] INFO  impl.LeaderElection (LeaderElection.java:logAndReturn(90)) - s0@group-F5D0649D4159-LeaderElection18: PRE_VOTE TIMEOUT received 1 response(s) and 2 exception(s):
2024-10-07 19:12:33,476 [s0@group-F5D0649D4159-LeaderElection18] INFO  impl.LeaderElection (LeaderElection.java:logAndReturn(94)) -   Response 0: s0<-s1#0:OK-t2
2024-10-07 19:12:33,476 [s0@group-F5D0649D4159-LeaderElection18] INFO  impl.LeaderElection (LogUtils.java:infoOrTrace(136)) -   Exception 1: java.util.concurrent.ExecutionException: org.apache.ratis.thirdparty.io.netty.channel.AbstractChannel$AnnotatedConnectException: finishConnect(..) failed: Connection refused: localhost/127.0.0.1:15156
2024-10-07 19:12:33,476 [s0@group-F5D0649D4159-LeaderElection18] INFO  impl.LeaderElection (LogUtils.java:infoOrTrace(136)) -   Exception 2: java.util.concurrent.ExecutionException: org.apache.ratis.thirdparty.io.netty.channel.AbstractChannel$AnnotatedConnectException: finishConnect(..) failed: Connection refused: localhost/127.0.0.1:15148
2024-10-07 19:12:33,476 [s0@group-F5D0649D4159-LeaderElection18] INFO  impl.LeaderElection (LeaderElection.java:askForVotes(339)) - s0@group-F5D0649D4159-LeaderElection18 PRE_VOTE round 122: result TIMEOUT
2024-10-07 19:12:33,476 [s0@group-F5D0649D4159-LeaderElection18] INFO  impl.LeaderElection (LeaderElection.java:askForVotes(337)) - s0@group-F5D0649D4159-LeaderElection18 PRE_VOTE round 123: submit vote requests at term 2 for conf: {index: 1, cur=peers:[s3|localhost:15152, s4|localhost:15156, s0|localhost:15140, s1|localhost:15144, s2|localhost:15148]|listeners:[], old=null}
2024-10-07 19:12:33,477 [NettyRpcService-workerGroup--thread3] INFO  server.RaftServer$Division (RaftServerImpl.java:requestVote(1443)) - s1@group-F5D0649D4159: receive requestVote(PRE_VOTE, s0, group-F5D0649D4159, 2, (t:2, i:2))
2024-10-07 19:12:33,477 [NettyRpcService-workerGroup--thread3] INFO  impl.VoteContext (VoteContext.java:log(49)) - s1@group-F5D0649D4159-CANDIDATE: accept PRE_VOTE from s0: our priority 0 <= candidate's priority 0
2024-10-07 19:12:33,477 [NettyRpcService-workerGroup--thread3] INFO  server.RaftServer$Division (RaftServerImpl.java:requestVote(1476)) - s1@group-F5D0649D4159 replies to PRE_VOTE vote request: s0<-s1#0:OK-t2. Peer's state: s1@group-F5D0649D4159:t2, leader=null, voted=s4, raftlog=Memoized:s1@group-F5D0649D4159-SegmentedRaftLog:OPENED:c2:last(t:2, i:2), conf=conf: {index: 1, cur=peers:[s3|localhost:15152, s4|localhost:15156, s0|localhost:15140, s1|localhost:15144, s2|localhost:15148]|listeners:[], old=null}
2024-10-07 19:12:33,477 [s0@group-F5D0649D4159-LeaderElection18] INFO  impl.LeaderElection (LogUtils.java:infoOrTrace(136)) - s0@group-F5D0649D4159-LeaderElection18 got exception when requesting votes: java.util.concurrent.ExecutionException: org.apache.ratis.thirdparty.io.netty.channel.AbstractChannel$AnnotatedConnectException: finishConnect(..) failed: Connection refused: localhost/127.0.0.1:15156
2024-10-07 19:12:33,477 [s0@group-F5D0649D4159-LeaderElection18] INFO  impl.LeaderElection (LogUtils.java:infoOrTrace(136)) - s0@group-F5D0649D4159-LeaderElection18 got exception when requesting votes: java.util.concurrent.ExecutionException: org.apache.ratis.thirdparty.io.netty.channel.AbstractChannel$AnnotatedConnectException: finishConnect(..) failed: Connection refused: localhost/127.0.0.1:15148
2024-10-07 19:12:33,590 [s1@group-F5D0649D4159-LeaderElection17] INFO  impl.LeaderElection (LeaderElection.java:logAndReturn(90)) - s1@group-F5D0649D4159-LeaderElection17: PRE_VOTE TIMEOUT received 1 response(s) and 2 exception(s):
2024-10-07 19:12:33,590 [s1@group-F5D0649D4159-LeaderElection17] INFO  impl.LeaderElection (LeaderElection.java:logAndReturn(94)) -   Response 0: s1<-s0#0:OK-t2
2024-10-07 19:12:33,590 [s1@group-F5D0649D4159-LeaderElection17] INFO  impl.LeaderElection (LogUtils.java:infoOrTrace(136)) -   Exception 1: java.util.concurrent.ExecutionException: org.apache.ratis.thirdparty.io.netty.channel.AbstractChannel$AnnotatedConnectException: finishConnect(..) failed: Connection refused: localhost/127.0.0.1:15148
2024-10-07 19:12:33,590 [s1@group-F5D0649D4159-LeaderElection17] INFO  impl.LeaderElection (LogUtils.java:infoOrTrace(136)) -   Exception 2: java.util.concurrent.ExecutionException: org.apache.ratis.thirdparty.io.netty.channel.AbstractChannel$AnnotatedConnectException: finishConnect(..) failed: Connection refused: localhost/127.0.0.1:15156
2024-10-07 19:12:33,591 [s1@group-F5D0649D4159-LeaderElection17] INFO  impl.LeaderElection (LeaderElection.java:askForVotes(339)) - s1@group-F5D0649D4159-LeaderElection17 PRE_VOTE round 140: result TIMEOUT
2024-10-07 19:12:33,591 [s1@group-F5D0649D4159-LeaderElection17] INFO  impl.LeaderElection (LeaderElection.java:askForVotes(337)) - s1@group-F5D0649D4159-LeaderElection17 PRE_VOTE round 141: submit vote requests at term 2 for conf: {index: 1, cur=peers:[s3|localhost:15152, s4|localhost:15156, s0|localhost:15140, s1|localhost:15144, s2|localhost:15148]|listeners:[], old=null}
2024-10-07 19:12:33,591 [NettyRpcService-workerGroup--thread3] INFO  server.RaftServer$Division (RaftServerImpl.java:requestVote(1443)) - s0@group-F5D0649D4159: receive requestVote(PRE_VOTE, s1, group-F5D0649D4159, 2, (t:2, i:2))
2024-10-07 19:12:33,592 [NettyRpcService-workerGroup--thread3] INFO  impl.VoteContext (VoteContext.java:log(49)) - s0@group-F5D0649D4159-CANDIDATE: accept PRE_VOTE from s1: our priority 0 <= candidate's priority 0
2024-10-07 19:12:33,592 [s1@group-F5D0649D4159-LeaderElection17] INFO  impl.LeaderElection (LogUtils.java:infoOrTrace(136)) - s1@group-F5D0649D4159-LeaderElection17 got exception when requesting votes: java.util.concurrent.ExecutionException: org.apache.ratis.thirdparty.io.netty.channel.AbstractChannel$AnnotatedConnectException: finishConnect(..) failed: Connection refused: localhost/127.0.0.1:15156
2024-10-07 19:12:33,592 [NettyRpcService-workerGroup--thread3] INFO  server.RaftServer$Division (RaftServerImpl.java:requestVote(1476)) - s0@group-F5D0649D4159 replies to PRE_VOTE vote request: s1<-s0#0:OK-t2. Peer's state: s0@group-F5D0649D4159:t2, leader=null, voted=s4, raftlog=Memoized:s0@group-F5D0649D4159-SegmentedRaftLog:OPENED:c2:last(t:2, i:2), conf=conf: {index: 1, cur=peers:[s3|localhost:15152, s4|localhost:15156, s0|localhost:15140, s1|localhost:15144, s2|localhost:15148]|listeners:[], old=null}
2024-10-07 19:12:33,592 [s1@group-F5D0649D4159-LeaderElection17] INFO  impl.LeaderElection (LogUtils.java:infoOrTrace(136)) - s1@group-F5D0649D4159-LeaderElection17 got exception when requesting votes: java.util.concurrent.ExecutionException: org.apache.ratis.thirdparty.io.netty.channel.AbstractChannel$AnnotatedConnectException: finishConnect(..) failed: Connection refused: localhost/127.0.0.1:15148
2024-10-07 19:12:33,706 [s0@group-F5D0649D4159-LeaderElection18] INFO  impl.LeaderElection (LeaderElection.java:logAndReturn(90)) - s0@group-F5D0649D4159-LeaderElection18: PRE_VOTE TIMEOUT received 1 response(s) and 2 exception(s):
2024-10-07 19:12:33,706 [s0@group-F5D0649D4159-LeaderElection18] INFO  impl.LeaderElection (LeaderElection.java:logAndReturn(94)) -   Response 0: s0<-s1#0:OK-t2
2024-10-07 19:12:33,706 [s0@group-F5D0649D4159-LeaderElection18] INFO  impl.LeaderElection (LogUtils.java:infoOrTrace(136)) -   Exception 1: java.util.concurrent.ExecutionException: org.apache.ratis.thirdparty.io.netty.channel.AbstractChannel$AnnotatedConnectException: finishConnect(..) failed: Connection refused: localhost/127.0.0.1:15156
2024-10-07 19:12:33,706 [s0@group-F5D0649D4159-LeaderElection18] INFO  impl.LeaderElection (LogUtils.java:infoOrTrace(136)) -   Exception 2: java.util.concurrent.ExecutionException: org.apache.ratis.thirdparty.io.netty.channel.AbstractChannel$AnnotatedConnectException: finishConnect(..) failed: Connection refused: localhost/127.0.0.1:15148
2024-10-07 19:12:33,706 [s0@group-F5D0649D4159-LeaderElection18] INFO  impl.LeaderElection (LeaderElection.java:askForVotes(339)) - s0@group-F5D0649D4159-LeaderElection18 PRE_VOTE round 123: result TIMEOUT
2024-10-07 19:12:33,706 [s0@group-F5D0649D4159-LeaderElection18] INFO  impl.LeaderElection (LeaderElection.java:askForVotes(337)) - s0@group-F5D0649D4159-LeaderElection18 PRE_VOTE round 124: submit vote requests at term 2 for conf: {index: 1, cur=peers:[s3|localhost:15152, s4|localhost:15156, s0|localhost:15140, s1|localhost:15144, s2|localhost:15148]|listeners:[], old=null}
2024-10-07 19:12:33,707 [NettyRpcService-workerGroup--thread3] INFO  server.RaftServer$Division (RaftServerImpl.java:requestVote(1443)) - s1@group-F5D0649D4159: receive requestVote(PRE_VOTE, s0, group-F5D0649D4159, 2, (t:2, i:2))
2024-10-07 19:12:33,707 [s0@group-F5D0649D4159-LeaderElection18] INFO  impl.LeaderElection (LogUtils.java:infoOrTrace(136)) - s0@group-F5D0649D4159-LeaderElection18 got exception when requesting votes: java.util.concurrent.ExecutionException: org.apache.ratis.thirdparty.io.netty.channel.AbstractChannel$AnnotatedConnectException: finishConnect(..) failed: Connection refused: localhost/127.0.0.1:15148
2024-10-07 19:12:33,707 [NettyRpcService-workerGroup--thread3] INFO  impl.VoteContext (VoteContext.java:log(49)) - s1@group-F5D0649D4159-CANDIDATE: accept PRE_VOTE from s0: our priority 0 <= candidate's priority 0
2024-10-07 19:12:33,708 [s0@group-F5D0649D4159-LeaderElection18] INFO  impl.LeaderElection (LogUtils.java:infoOrTrace(136)) - s0@group-F5D0649D4159-LeaderElection18 got exception when requesting votes: java.util.concurrent.ExecutionException: org.apache.ratis.thirdparty.io.netty.channel.AbstractChannel$AnnotatedConnectException: finishConnect(..) failed: Connection refused: localhost/127.0.0.1:15156
2024-10-07 19:12:33,708 [NettyRpcService-workerGroup--thread3] INFO  server.RaftServer$Division (RaftServerImpl.java:requestVote(1476)) - s1@group-F5D0649D4159 replies to PRE_VOTE vote request: s0<-s1#0:OK-t2. Peer's state: s1@group-F5D0649D4159:t2, leader=null, voted=s4, raftlog=Memoized:s1@group-F5D0649D4159-SegmentedRaftLog:OPENED:c2:last(t:2, i:2), conf=conf: {index: 1, cur=peers:[s3|localhost:15152, s4|localhost:15156, s0|localhost:15140, s1|localhost:15144, s2|localhost:15148]|listeners:[], old=null}
2024-10-07 19:12:33,802 [s1@group-F5D0649D4159-LeaderElection17] INFO  impl.LeaderElection (LeaderElection.java:logAndReturn(90)) - s1@group-F5D0649D4159-LeaderElection17: PRE_VOTE TIMEOUT received 1 response(s) and 2 exception(s):
2024-10-07 19:12:33,802 [s1@group-F5D0649D4159-LeaderElection17] INFO  impl.LeaderElection (LeaderElection.java:logAndReturn(94)) -   Response 0: s1<-s0#0:OK-t2
2024-10-07 19:12:33,802 [s1@group-F5D0649D4159-LeaderElection17] INFO  impl.LeaderElection (LogUtils.java:infoOrTrace(136)) -   Exception 1: java.util.concurrent.ExecutionException: org.apache.ratis.thirdparty.io.netty.channel.AbstractChannel$AnnotatedConnectException: finishConnect(..) failed: Connection refused: localhost/127.0.0.1:15156
2024-10-07 19:12:33,803 [s1@group-F5D0649D4159-LeaderElection17] INFO  impl.LeaderElection (LogUtils.java:infoOrTrace(136)) -   Exception 2: java.util.concurrent.ExecutionException: org.apache.ratis.thirdparty.io.netty.channel.AbstractChannel$AnnotatedConnectException: finishConnect(..) failed: Connection refused: localhost/127.0.0.1:15148
2024-10-07 19:12:33,803 [s1@group-F5D0649D4159-LeaderElection17] INFO  impl.LeaderElection (LeaderElection.java:askForVotes(339)) - s1@group-F5D0649D4159-LeaderElection17 PRE_VOTE round 141: result TIMEOUT
2024-10-07 19:12:33,803 [s1@group-F5D0649D4159-LeaderElection17] INFO  impl.LeaderElection (LeaderElection.java:askForVotes(337)) - s1@group-F5D0649D4159-LeaderElection17 PRE_VOTE round 142: submit vote requests at term 2 for conf: {index: 1, cur=peers:[s3|localhost:15152, s4|localhost:15156, s0|localhost:15140, s1|localhost:15144, s2|localhost:15148]|listeners:[], old=null}
2024-10-07 19:12:33,804 [NettyRpcService-workerGroup--thread3] INFO  server.RaftServer$Division (RaftServerImpl.java:requestVote(1443)) - s0@group-F5D0649D4159: receive requestVote(PRE_VOTE, s1, group-F5D0649D4159, 2, (t:2, i:2))
2024-10-07 19:12:33,804 [NettyRpcService-workerGroup--thread3] INFO  impl.VoteContext (VoteContext.java:log(49)) - s0@group-F5D0649D4159-CANDIDATE: accept PRE_VOTE from s1: our priority 0 <= candidate's priority 0
2024-10-07 19:12:33,804 [s1@group-F5D0649D4159-LeaderElection17] INFO  impl.LeaderElection (LogUtils.java:infoOrTrace(136)) - s1@group-F5D0649D4159-LeaderElection17 got exception when requesting votes: java.util.concurrent.ExecutionException: org.apache.ratis.thirdparty.io.netty.channel.AbstractChannel$AnnotatedConnectException: finishConnect(..) failed: Connection refused: localhost/127.0.0.1:15156
2024-10-07 19:12:33,804 [s1@group-F5D0649D4159-LeaderElection17] INFO  impl.LeaderElection (LogUtils.java:infoOrTrace(136)) - s1@group-F5D0649D4159-LeaderElection17 got exception when requesting votes: java.util.concurrent.ExecutionException: org.apache.ratis.thirdparty.io.netty.channel.AbstractChannel$AnnotatedConnectException: finishConnect(..) failed: Connection refused: localhost/127.0.0.1:15148
2024-10-07 19:12:33,804 [NettyRpcService-workerGroup--thread3] INFO  server.RaftServer$Division (RaftServerImpl.java:requestVote(1476)) - s0@group-F5D0649D4159 replies to PRE_VOTE vote request: s1<-s0#0:OK-t2. Peer's state: s0@group-F5D0649D4159:t2, leader=null, voted=s4, raftlog=Memoized:s0@group-F5D0649D4159-SegmentedRaftLog:OPENED:c2:last(t:2, i:2), conf=conf: {index: 1, cur=peers:[s3|localhost:15152, s4|localhost:15156, s0|localhost:15140, s1|localhost:15144, s2|localhost:15148]|listeners:[], old=null}
2024-10-07 19:12:33,870 [main] WARN  ratis.RaftTestUtil (RaftTestUtil.java:lambda$waitForLeader$3(126)) - Attempt #72 failed: java.lang.IllegalStateException: No leader yet : printing ALL groups
  s3:  RUNNING  FOLLOWER s3@group-F5D0649D4159:t1, leader=null, voted=null, raftlog=Memoized:s3@group-F5D0649D4159-SegmentedRaftLog:OPENED:c-1:lastnull, conf=conf: {index: -1, cur=peers:[s3|localhost:15152, s4|localhost:15156, s0|localhost:15140, s1|localhost:15144, s2|localhost:15148]|listeners:[], old=null} RUNNING
  s4:   CLOSED    LEADER s4@group-F5D0649D4159:t2, leader=s4, voted=s4, raftlog=Memoized:s4@group-F5D0649D4159-SegmentedRaftLog:CLOSED:c2, conf=conf: {index: 1, cur=peers:[s3|localhost:15152, s4|localhost:15156, s0|localhost:15140, s1|localhost:15144, s2|localhost:15148]|listeners:[], old=null} CLOSED
  s0:  RUNNING CANDIDATE s0@group-F5D0649D4159:t2, leader=null, voted=s4, raftlog=Memoized:s0@group-F5D0649D4159-SegmentedRaftLog:OPENED:c2:last(t:2, i:2), conf=conf: {index: 1, cur=peers:[s3|localhost:15152, s4|localhost:15156, s0|localhost:15140, s1|localhost:15144, s2|localhost:15148]|listeners:[], old=null} RUNNING
  s1:  RUNNING CANDIDATE s1@group-F5D0649D4159:t2, leader=null, voted=s4, raftlog=Memoized:s1@group-F5D0649D4159-SegmentedRaftLog:OPENED:c2:last(t:2, i:2), conf=conf: {index: 1, cur=peers:[s3|localhost:15152, s4|localhost:15156, s0|localhost:15140, s1|localhost:15144, s2|localhost:15148]|listeners:[], old=null} RUNNING
  s2:   CLOSED    LEADER s2@group-F5D0649D4159:t1, leader=s2, voted=s2, raftlog=Memoized:s2@group-F5D0649D4159-SegmentedRaftLog:CLOSED:c0, conf=conf: {index: 0, cur=peers:[s3|localhost:15152, s4|localhost:15156, s0|localhost:15140, s1|localhost:15144, s2|localhost:15148]|listeners:[], old=null} CLOSED
2024-10-07 19:12:33,952 [s0@group-F5D0649D4159-LeaderElection18] INFO  impl.LeaderElection (LeaderElection.java:logAndReturn(90)) - s0@group-F5D0649D4159-LeaderElection18: PRE_VOTE TIMEOUT received 1 response(s) and 2 exception(s):
2024-10-07 19:12:33,952 [s0@group-F5D0649D4159-LeaderElection18] INFO  impl.LeaderElection (LeaderElection.java:logAndReturn(94)) -   Response 0: s0<-s1#0:OK-t2
2024-10-07 19:12:33,952 [s0@group-F5D0649D4159-LeaderElection18] INFO  impl.LeaderElection (LogUtils.java:infoOrTrace(136)) -   Exception 1: java.util.concurrent.ExecutionException: org.apache.ratis.thirdparty.io.netty.channel.AbstractChannel$AnnotatedConnectException: finishConnect(..) failed: Connection refused: localhost/127.0.0.1:15148
2024-10-07 19:12:33,952 [s0@group-F5D0649D4159-LeaderElection18] INFO  impl.LeaderElection (LogUtils.java:infoOrTrace(136)) -   Exception 2: java.util.concurrent.ExecutionException: org.apache.ratis.thirdparty.io.netty.channel.AbstractChannel$AnnotatedConnectException: finishConnect(..) failed: Connection refused: localhost/127.0.0.1:15156
2024-10-07 19:12:33,952 [s0@group-F5D0649D4159-LeaderElection18] INFO  impl.LeaderElection (LeaderElection.java:askForVotes(339)) - s0@group-F5D0649D4159-LeaderElection18 PRE_VOTE round 124: result TIMEOUT
2024-10-07 19:12:33,952 [s0@group-F5D0649D4159-LeaderElection18] INFO  impl.LeaderElection (LeaderElection.java:askForVotes(337)) - s0@group-F5D0649D4159-LeaderElection18 PRE_VOTE round 125: submit vote requests at term 2 for conf: {index: 1, cur=peers:[s3|localhost:15152, s4|localhost:15156, s0|localhost:15140, s1|localhost:15144, s2|localhost:15148]|listeners:[], old=null}
2024-10-07 19:12:33,953 [NettyRpcService-workerGroup--thread3] INFO  server.RaftServer$Division (RaftServerImpl.java:requestVote(1443)) - s1@group-F5D0649D4159: receive requestVote(PRE_VOTE, s0, group-F5D0649D4159, 2, (t:2, i:2))
2024-10-07 19:12:33,953 [s0@group-F5D0649D4159-LeaderElection18] INFO  impl.LeaderElection (LogUtils.java:infoOrTrace(136)) - s0@group-F5D0649D4159-LeaderElection18 got exception when requesting votes: java.util.concurrent.ExecutionException: org.apache.ratis.thirdparty.io.netty.channel.AbstractChannel$AnnotatedConnectException: finishConnect(..) failed: Connection refused: localhost/127.0.0.1:15156
2024-10-07 19:12:33,954 [NettyRpcService-workerGroup--thread3] INFO  impl.VoteContext (VoteContext.java:log(49)) - s1@group-F5D0649D4159-CANDIDATE: accept PRE_VOTE from s0: our priority 0 <= candidate's priority 0
2024-10-07 19:12:33,954 [s0@group-F5D0649D4159-LeaderElection18] INFO  impl.LeaderElection (LogUtils.java:infoOrTrace(136)) - s0@group-F5D0649D4159-LeaderElection18 got exception when requesting votes: java.util.concurrent.ExecutionException: org.apache.ratis.thirdparty.io.netty.channel.AbstractChannel$AnnotatedConnectException: finishConnect(..) failed: Connection refused: localhost/127.0.0.1:15148
2024-10-07 19:12:33,954 [NettyRpcService-workerGroup--thread3] INFO  server.RaftServer$Division (RaftServerImpl.java:requestVote(1476)) - s1@group-F5D0649D4159 replies to PRE_VOTE vote request: s0<-s1#0:OK-t2. Peer's state: s1@group-F5D0649D4159:t2, leader=null, voted=s4, raftlog=Memoized:s1@group-F5D0649D4159-SegmentedRaftLog:OPENED:c2:last(t:2, i:2), conf=conf: {index: 1, cur=peers:[s3|localhost:15152, s4|localhost:15156, s0|localhost:15140, s1|localhost:15144, s2|localhost:15148]|listeners:[], old=null}
2024-10-07 19:12:34,054 [s1@group-F5D0649D4159-LeaderElection17] INFO  impl.LeaderElection (LeaderElection.java:logAndReturn(90)) - s1@group-F5D0649D4159-LeaderElection17: PRE_VOTE TIMEOUT received 1 response(s) and 2 exception(s):
2024-10-07 19:12:34,055 [s1@group-F5D0649D4159-LeaderElection17] INFO  impl.LeaderElection (LeaderElection.java:logAndReturn(94)) -   Response 0: s1<-s0#0:OK-t2
2024-10-07 19:12:34,055 [s1@group-F5D0649D4159-LeaderElection17] INFO  impl.LeaderElection (LogUtils.java:infoOrTrace(136)) -   Exception 1: java.util.concurrent.ExecutionException: org.apache.ratis.thirdparty.io.netty.channel.AbstractChannel$AnnotatedConnectException: finishConnect(..) failed: Connection refused: localhost/127.0.0.1:15156
2024-10-07 19:12:34,055 [s1@group-F5D0649D4159-LeaderElection17] INFO  impl.LeaderElection (LogUtils.java:infoOrTrace(136)) -   Exception 2: java.util.concurrent.ExecutionException: org.apache.ratis.thirdparty.io.netty.channel.AbstractChannel$AnnotatedConnectException: finishConnect(..) failed: Connection refused: localhost/127.0.0.1:15148
2024-10-07 19:12:34,055 [s1@group-F5D0649D4159-LeaderElection17] INFO  impl.LeaderElection (LeaderElection.java:askForVotes(339)) - s1@group-F5D0649D4159-LeaderElection17 PRE_VOTE round 142: result TIMEOUT
2024-10-07 19:12:34,055 [s1@group-F5D0649D4159-LeaderElection17] INFO  impl.LeaderElection (LeaderElection.java:askForVotes(337)) - s1@group-F5D0649D4159-LeaderElection17 PRE_VOTE round 143: submit vote requests at term 2 for conf: {index: 1, cur=peers:[s3|localhost:15152, s4|localhost:15156, s0|localhost:15140, s1|localhost:15144, s2|localhost:15148]|listeners:[], old=null}
2024-10-07 19:12:34,056 [s1@group-F5D0649D4159-LeaderElection17] INFO  impl.LeaderElection (LogUtils.java:infoOrTrace(136)) - s1@group-F5D0649D4159-LeaderElection17 got exception when requesting votes: java.util.concurrent.ExecutionException: org.apache.ratis.thirdparty.io.netty.channel.AbstractChannel$AnnotatedConnectException: finishConnect(..) failed: Connection refused: localhost/127.0.0.1:15156
2024-10-07 19:12:34,056 [NettyRpcService-workerGroup--thread3] INFO  server.RaftServer$Division (RaftServerImpl.java:requestVote(1443)) - s0@group-F5D0649D4159: receive requestVote(PRE_VOTE, s1, group-F5D0649D4159, 2, (t:2, i:2))
2024-10-07 19:12:34,056 [NettyRpcService-workerGroup--thread3] INFO  impl.VoteContext (VoteContext.java:log(49)) - s0@group-F5D0649D4159-CANDIDATE: accept PRE_VOTE from s1: our priority 0 <= candidate's priority 0
2024-10-07 19:12:34,056 [s1@group-F5D0649D4159-LeaderElection17] INFO  impl.LeaderElection (LogUtils.java:infoOrTrace(136)) - s1@group-F5D0649D4159-LeaderElection17 got exception when requesting votes: java.util.concurrent.ExecutionException: org.apache.ratis.thirdparty.io.netty.channel.AbstractChannel$AnnotatedConnectException: finishConnect(..) failed: Connection refused: localhost/127.0.0.1:15148
2024-10-07 19:12:34,056 [NettyRpcService-workerGroup--thread3] INFO  server.RaftServer$Division (RaftServerImpl.java:requestVote(1476)) - s0@group-F5D0649D4159 replies to PRE_VOTE vote request: s1<-s0#0:OK-t2. Peer's state: s0@group-F5D0649D4159:t2, leader=null, voted=s4, raftlog=Memoized:s0@group-F5D0649D4159-SegmentedRaftLog:OPENED:c2:last(t:2, i:2), conf=conf: {index: 1, cur=peers:[s3|localhost:15152, s4|localhost:15156, s0|localhost:15140, s1|localhost:15144, s2|localhost:15148]|listeners:[], old=null}
2024-10-07 19:12:34,116 [s0@group-F5D0649D4159-LeaderElection18] INFO  impl.LeaderElection (LeaderElection.java:logAndReturn(90)) - s0@group-F5D0649D4159-LeaderElection18: PRE_VOTE TIMEOUT received 1 response(s) and 2 exception(s):
2024-10-07 19:12:34,116 [s0@group-F5D0649D4159-LeaderElection18] INFO  impl.LeaderElection (LeaderElection.java:logAndReturn(94)) -   Response 0: s0<-s1#0:OK-t2
2024-10-07 19:12:34,116 [s0@group-F5D0649D4159-LeaderElection18] INFO  impl.LeaderElection (LogUtils.java:infoOrTrace(136)) -   Exception 1: java.util.concurrent.ExecutionException: org.apache.ratis.thirdparty.io.netty.channel.AbstractChannel$AnnotatedConnectException: finishConnect(..) failed: Connection refused: localhost/127.0.0.1:15156
2024-10-07 19:12:34,116 [s0@group-F5D0649D4159-LeaderElection18] INFO  impl.LeaderElection (LogUtils.java:infoOrTrace(136)) -   Exception 2: java.util.concurrent.ExecutionException: org.apache.ratis.thirdparty.io.netty.channel.AbstractChannel$AnnotatedConnectException: finishConnect(..) failed: Connection refused: localhost/127.0.0.1:15148
2024-10-07 19:12:34,116 [s0@group-F5D0649D4159-LeaderElection18] INFO  impl.LeaderElection (LeaderElection.java:askForVotes(339)) - s0@group-F5D0649D4159-LeaderElection18 PRE_VOTE round 125: result TIMEOUT
2024-10-07 19:12:34,116 [s0@group-F5D0649D4159-LeaderElection18] INFO  impl.LeaderElection (LeaderElection.java:askForVotes(337)) - s0@group-F5D0649D4159-LeaderElection18 PRE_VOTE round 126: submit vote requests at term 2 for conf: {index: 1, cur=peers:[s3|localhost:15152, s4|localhost:15156, s0|localhost:15140, s1|localhost:15144, s2|localhost:15148]|listeners:[], old=null}
2024-10-07 19:12:34,117 [NettyRpcService-workerGroup--thread3] INFO  server.RaftServer$Division (RaftServerImpl.java:requestVote(1443)) - s1@group-F5D0649D4159: receive requestVote(PRE_VOTE, s0, group-F5D0649D4159, 2, (t:2, i:2))
2024-10-07 19:12:34,117 [NettyRpcService-workerGroup--thread3] INFO  impl.VoteContext (VoteContext.java:log(49)) - s1@group-F5D0649D4159-CANDIDATE: accept PRE_VOTE from s0: our priority 0 <= candidate's priority 0
2024-10-07 19:12:34,117 [NettyRpcService-workerGroup--thread3] INFO  server.RaftServer$Division (RaftServerImpl.java:requestVote(1476)) - s1@group-F5D0649D4159 replies to PRE_VOTE vote request: s0<-s1#0:OK-t2. Peer's state: s1@group-F5D0649D4159:t2, leader=null, voted=s4, raftlog=Memoized:s1@group-F5D0649D4159-SegmentedRaftLog:OPENED:c2:last(t:2, i:2), conf=conf: {index: 1, cur=peers:[s3|localhost:15152, s4|localhost:15156, s0|localhost:15140, s1|localhost:15144, s2|localhost:15148]|listeners:[], old=null}
2024-10-07 19:12:34,117 [s0@group-F5D0649D4159-LeaderElection18] INFO  impl.LeaderElection (LogUtils.java:infoOrTrace(136)) - s0@group-F5D0649D4159-LeaderElection18 got exception when requesting votes: java.util.concurrent.ExecutionException: org.apache.ratis.thirdparty.io.netty.channel.AbstractChannel$AnnotatedConnectException: finishConnect(..) failed: Connection refused: localhost/127.0.0.1:15148
2024-10-07 19:12:34,118 [s0@group-F5D0649D4159-LeaderElection18] INFO  impl.LeaderElection (LogUtils.java:infoOrTrace(136)) - s0@group-F5D0649D4159-LeaderElection18 got exception when requesting votes: java.util.concurrent.ExecutionException: org.apache.ratis.thirdparty.io.netty.channel.AbstractChannel$AnnotatedConnectException: finishConnect(..) failed: Connection refused: localhost/127.0.0.1:15156
2024-10-07 19:12:34,267 [s0@group-F5D0649D4159-LeaderElection18] INFO  impl.LeaderElection (LeaderElection.java:logAndReturn(90)) - s0@group-F5D0649D4159-LeaderElection18: PRE_VOTE TIMEOUT received 1 response(s) and 2 exception(s):
2024-10-07 19:12:34,267 [s0@group-F5D0649D4159-LeaderElection18] INFO  impl.LeaderElection (LeaderElection.java:logAndReturn(94)) -   Response 0: s0<-s1#0:OK-t2
2024-10-07 19:12:34,267 [s0@group-F5D0649D4159-LeaderElection18] INFO  impl.LeaderElection (LogUtils.java:infoOrTrace(136)) -   Exception 1: java.util.concurrent.ExecutionException: org.apache.ratis.thirdparty.io.netty.channel.AbstractChannel$AnnotatedConnectException: finishConnect(..) failed: Connection refused: localhost/127.0.0.1:15148
2024-10-07 19:12:34,267 [s0@group-F5D0649D4159-LeaderElection18] INFO  impl.LeaderElection (LogUtils.java:infoOrTrace(136)) -   Exception 2: java.util.concurrent.ExecutionException: org.apache.ratis.thirdparty.io.netty.channel.AbstractChannel$AnnotatedConnectException: finishConnect(..) failed: Connection refused: localhost/127.0.0.1:15156
2024-10-07 19:12:34,267 [s0@group-F5D0649D4159-LeaderElection18] INFO  impl.LeaderElection (LeaderElection.java:askForVotes(339)) - s0@group-F5D0649D4159-LeaderElection18 PRE_VOTE round 126: result TIMEOUT
2024-10-07 19:12:34,267 [s0@group-F5D0649D4159-LeaderElection18] INFO  impl.LeaderElection (LeaderElection.java:askForVotes(337)) - s0@group-F5D0649D4159-LeaderElection18 PRE_VOTE round 127: submit vote requests at term 2 for conf: {index: 1, cur=peers:[s3|localhost:15152, s4|localhost:15156, s0|localhost:15140, s1|localhost:15144, s2|localhost:15148]|listeners:[], old=null}
2024-10-07 19:12:34,268 [NettyRpcService-workerGroup--thread3] INFO  server.RaftServer$Division (RaftServerImpl.java:requestVote(1443)) - s1@group-F5D0649D4159: receive requestVote(PRE_VOTE, s0, group-F5D0649D4159, 2, (t:2, i:2))
2024-10-07 19:12:34,268 [NettyRpcService-workerGroup--thread3] INFO  impl.VoteContext (VoteContext.java:log(49)) - s1@group-F5D0649D4159-CANDIDATE: accept PRE_VOTE from s0: our priority 0 <= candidate's priority 0
2024-10-07 19:12:34,268 [NettyRpcService-workerGroup--thread3] INFO  server.RaftServer$Division (RaftServerImpl.java:requestVote(1476)) - s1@group-F5D0649D4159 replies to PRE_VOTE vote request: s0<-s1#0:OK-t2. Peer's state: s1@group-F5D0649D4159:t2, leader=null, voted=s4, raftlog=Memoized:s1@group-F5D0649D4159-SegmentedRaftLog:OPENED:c2:last(t:2, i:2), conf=conf: {index: 1, cur=peers:[s3|localhost:15152, s4|localhost:15156, s0|localhost:15140, s1|localhost:15144, s2|localhost:15148]|listeners:[], old=null}
2024-10-07 19:12:34,268 [s0@group-F5D0649D4159-LeaderElection18] INFO  impl.LeaderElection (LogUtils.java:infoOrTrace(136)) - s0@group-F5D0649D4159-LeaderElection18 got exception when requesting votes: java.util.concurrent.ExecutionException: org.apache.ratis.thirdparty.io.netty.channel.AbstractChannel$AnnotatedConnectException: finishConnect(..) failed: Connection refused: localhost/127.0.0.1:15148
2024-10-07 19:12:34,269 [s0@group-F5D0649D4159-LeaderElection18] INFO  impl.LeaderElection (LogUtils.java:infoOrTrace(136)) - s0@group-F5D0649D4159-LeaderElection18 got exception when requesting votes: java.util.concurrent.ExecutionException: org.apache.ratis.thirdparty.io.netty.channel.AbstractChannel$AnnotatedConnectException: finishConnect(..) failed: Connection refused: localhost/127.0.0.1:15156
2024-10-07 19:12:34,321 [main] WARN  ratis.RaftTestUtil (RaftTestUtil.java:lambda$waitForLeader$3(126)) - Attempt #73 failed: java.lang.IllegalStateException: No leader yet : printing ALL groups
  s3:  RUNNING  FOLLOWER s3@group-F5D0649D4159:t1, leader=null, voted=null, raftlog=Memoized:s3@group-F5D0649D4159-SegmentedRaftLog:OPENED:c-1:lastnull, conf=conf: {index: -1, cur=peers:[s3|localhost:15152, s4|localhost:15156, s0|localhost:15140, s1|localhost:15144, s2|localhost:15148]|listeners:[], old=null} RUNNING
  s4:   CLOSED    LEADER s4@group-F5D0649D4159:t2, leader=s4, voted=s4, raftlog=Memoized:s4@group-F5D0649D4159-SegmentedRaftLog:CLOSED:c2, conf=conf: {index: 1, cur=peers:[s3|localhost:15152, s4|localhost:15156, s0|localhost:15140, s1|localhost:15144, s2|localhost:15148]|listeners:[], old=null} CLOSED
  s0:  RUNNING CANDIDATE s0@group-F5D0649D4159:t2, leader=null, voted=s4, raftlog=Memoized:s0@group-F5D0649D4159-SegmentedRaftLog:OPENED:c2:last(t:2, i:2), conf=conf: {index: 1, cur=peers:[s3|localhost:15152, s4|localhost:15156, s0|localhost:15140, s1|localhost:15144, s2|localhost:15148]|listeners:[], old=null} RUNNING
  s1:  RUNNING CANDIDATE s1@group-F5D0649D4159:t2, leader=null, voted=s4, raftlog=Memoized:s1@group-F5D0649D4159-SegmentedRaftLog:OPENED:c2:last(t:2, i:2), conf=conf: {index: 1, cur=peers:[s3|localhost:15152, s4|localhost:15156, s0|localhost:15140, s1|localhost:15144, s2|localhost:15148]|listeners:[], old=null} RUNNING
  s2:   CLOSED    LEADER s2@group-F5D0649D4159:t1, leader=s2, voted=s2, raftlog=Memoized:s2@group-F5D0649D4159-SegmentedRaftLog:CLOSED:c0, conf=conf: {index: 0, cur=peers:[s3|localhost:15152, s4|localhost:15156, s0|localhost:15140, s1|localhost:15144, s2|localhost:15148]|listeners:[], old=null} CLOSED
2024-10-07 19:12:34,351 [s1@group-F5D0649D4159-LeaderElection17] INFO  impl.LeaderElection (LeaderElection.java:logAndReturn(90)) - s1@group-F5D0649D4159-LeaderElection17: PRE_VOTE TIMEOUT received 1 response(s) and 2 exception(s):
2024-10-07 19:12:34,351 [s1@group-F5D0649D4159-LeaderElection17] INFO  impl.LeaderElection (LeaderElection.java:logAndReturn(94)) -   Response 0: s1<-s0#0:OK-t2
2024-10-07 19:12:34,351 [s1@group-F5D0649D4159-LeaderElection17] INFO  impl.LeaderElection (LogUtils.java:infoOrTrace(136)) -   Exception 1: java.util.concurrent.ExecutionException: org.apache.ratis.thirdparty.io.netty.channel.AbstractChannel$AnnotatedConnectException: finishConnect(..) failed: Connection refused: localhost/127.0.0.1:15156
2024-10-07 19:12:34,351 [s1@group-F5D0649D4159-LeaderElection17] INFO  impl.LeaderElection (LogUtils.java:infoOrTrace(136)) -   Exception 2: java.util.concurrent.ExecutionException: org.apache.ratis.thirdparty.io.netty.channel.AbstractChannel$AnnotatedConnectException: finishConnect(..) failed: Connection refused: localhost/127.0.0.1:15148
2024-10-07 19:12:34,351 [s1@group-F5D0649D4159-LeaderElection17] INFO  impl.LeaderElection (LeaderElection.java:askForVotes(339)) - s1@group-F5D0649D4159-LeaderElection17 PRE_VOTE round 143: result TIMEOUT
2024-10-07 19:12:34,351 [s1@group-F5D0649D4159-LeaderElection17] INFO  impl.LeaderElection (LeaderElection.java:askForVotes(337)) - s1@group-F5D0649D4159-LeaderElection17 PRE_VOTE round 144: submit vote requests at term 2 for conf: {index: 1, cur=peers:[s3|localhost:15152, s4|localhost:15156, s0|localhost:15140, s1|localhost:15144, s2|localhost:15148]|listeners:[], old=null}
2024-10-07 19:12:34,352 [NettyRpcService-workerGroup--thread3] INFO  server.RaftServer$Division (RaftServerImpl.java:requestVote(1443)) - s0@group-F5D0649D4159: receive requestVote(PRE_VOTE, s1, group-F5D0649D4159, 2, (t:2, i:2))
2024-10-07 19:12:34,352 [NettyRpcService-workerGroup--thread3] INFO  impl.VoteContext (VoteContext.java:log(49)) - s0@group-F5D0649D4159-CANDIDATE: accept PRE_VOTE from s1: our priority 0 <= candidate's priority 0
2024-10-07 19:12:34,352 [s1@group-F5D0649D4159-LeaderElection17] INFO  impl.LeaderElection (LogUtils.java:infoOrTrace(136)) - s1@group-F5D0649D4159-LeaderElection17 got exception when requesting votes: java.util.concurrent.ExecutionException: org.apache.ratis.thirdparty.io.netty.channel.AbstractChannel$AnnotatedConnectException: finishConnect(..) failed: Connection refused: localhost/127.0.0.1:15156
2024-10-07 19:12:34,352 [NettyRpcService-workerGroup--thread3] INFO  server.RaftServer$Division (RaftServerImpl.java:requestVote(1476)) - s0@group-F5D0649D4159 replies to PRE_VOTE vote request: s1<-s0#0:OK-t2. Peer's state: s0@group-F5D0649D4159:t2, leader=null, voted=s4, raftlog=Memoized:s0@group-F5D0649D4159-SegmentedRaftLog:OPENED:c2:last(t:2, i:2), conf=conf: {index: 1, cur=peers:[s3|localhost:15152, s4|localhost:15156, s0|localhost:15140, s1|localhost:15144, s2|localhost:15148]|listeners:[], old=null}
2024-10-07 19:12:34,352 [s1@group-F5D0649D4159-LeaderElection17] INFO  impl.LeaderElection (LogUtils.java:infoOrTrace(136)) - s1@group-F5D0649D4159-LeaderElection17 got exception when requesting votes: java.util.concurrent.ExecutionException: org.apache.ratis.thirdparty.io.netty.channel.AbstractChannel$AnnotatedConnectException: finishConnect(..) failed: Connection refused: localhost/127.0.0.1:15148
2024-10-07 19:12:34,549 [s0@group-F5D0649D4159-LeaderElection18] INFO  impl.LeaderElection (LeaderElection.java:logAndReturn(90)) - s0@group-F5D0649D4159-LeaderElection18: PRE_VOTE TIMEOUT received 1 response(s) and 2 exception(s):
2024-10-07 19:12:34,549 [s0@group-F5D0649D4159-LeaderElection18] INFO  impl.LeaderElection (LeaderElection.java:logAndReturn(94)) -   Response 0: s0<-s1#0:OK-t2
2024-10-07 19:12:34,549 [s0@group-F5D0649D4159-LeaderElection18] INFO  impl.LeaderElection (LogUtils.java:infoOrTrace(136)) -   Exception 1: java.util.concurrent.ExecutionException: org.apache.ratis.thirdparty.io.netty.channel.AbstractChannel$AnnotatedConnectException: finishConnect(..) failed: Connection refused: localhost/127.0.0.1:15148
2024-10-07 19:12:34,549 [s0@group-F5D0649D4159-LeaderElection18] INFO  impl.LeaderElection (LogUtils.java:infoOrTrace(136)) -   Exception 2: java.util.concurrent.ExecutionException: org.apache.ratis.thirdparty.io.netty.channel.AbstractChannel$AnnotatedConnectException: finishConnect(..) failed: Connection refused: localhost/127.0.0.1:15156
2024-10-07 19:12:34,549 [s0@group-F5D0649D4159-LeaderElection18] INFO  impl.LeaderElection (LeaderElection.java:askForVotes(339)) - s0@group-F5D0649D4159-LeaderElection18 PRE_VOTE round 127: result TIMEOUT
2024-10-07 19:12:34,549 [s0@group-F5D0649D4159-LeaderElection18] INFO  impl.LeaderElection (LeaderElection.java:askForVotes(337)) - s0@group-F5D0649D4159-LeaderElection18 PRE_VOTE round 128: submit vote requests at term 2 for conf: {index: 1, cur=peers:[s3|localhost:15152, s4|localhost:15156, s0|localhost:15140, s1|localhost:15144, s2|localhost:15148]|listeners:[], old=null}
2024-10-07 19:12:34,550 [NettyRpcService-workerGroup--thread3] INFO  server.RaftServer$Division (RaftServerImpl.java:requestVote(1443)) - s1@group-F5D0649D4159: receive requestVote(PRE_VOTE, s0, group-F5D0649D4159, 2, (t:2, i:2))
2024-10-07 19:12:34,550 [NettyRpcService-workerGroup--thread3] INFO  impl.VoteContext (VoteContext.java:log(49)) - s1@group-F5D0649D4159-CANDIDATE: accept PRE_VOTE from s0: our priority 0 <= candidate's priority 0
2024-10-07 19:12:34,550 [s0@group-F5D0649D4159-LeaderElection18] INFO  impl.LeaderElection (LogUtils.java:infoOrTrace(136)) - s0@group-F5D0649D4159-LeaderElection18 got exception when requesting votes: java.util.concurrent.ExecutionException: org.apache.ratis.thirdparty.io.netty.channel.AbstractChannel$AnnotatedConnectException: finishConnect(..) failed: Connection refused: localhost/127.0.0.1:15148
2024-10-07 19:12:34,550 [NettyRpcService-workerGroup--thread3] INFO  server.RaftServer$Division (RaftServerImpl.java:requestVote(1476)) - s1@group-F5D0649D4159 replies to PRE_VOTE vote request: s0<-s1#0:OK-t2. Peer's state: s1@group-F5D0649D4159:t2, leader=null, voted=s4, raftlog=Memoized:s1@group-F5D0649D4159-SegmentedRaftLog:OPENED:c2:last(t:2, i:2), conf=conf: {index: 1, cur=peers:[s3|localhost:15152, s4|localhost:15156, s0|localhost:15140, s1|localhost:15144, s2|localhost:15148]|listeners:[], old=null}
2024-10-07 19:12:34,550 [s0@group-F5D0649D4159-LeaderElection18] INFO  impl.LeaderElection (LogUtils.java:infoOrTrace(136)) - s0@group-F5D0649D4159-LeaderElection18 got exception when requesting votes: java.util.concurrent.ExecutionException: org.apache.ratis.thirdparty.io.netty.channel.AbstractChannel$AnnotatedConnectException: finishConnect(..) failed: Connection refused: localhost/127.0.0.1:15156
2024-10-07 19:12:34,560 [s1@group-F5D0649D4159-LeaderElection17] INFO  impl.LeaderElection (LeaderElection.java:logAndReturn(90)) - s1@group-F5D0649D4159-LeaderElection17: PRE_VOTE TIMEOUT received 1 response(s) and 2 exception(s):
2024-10-07 19:12:34,560 [s1@group-F5D0649D4159-LeaderElection17] INFO  impl.LeaderElection (LeaderElection.java:logAndReturn(94)) -   Response 0: s1<-s0#0:OK-t2
2024-10-07 19:12:34,560 [s1@group-F5D0649D4159-LeaderElection17] INFO  impl.LeaderElection (LogUtils.java:infoOrTrace(136)) -   Exception 1: java.util.concurrent.ExecutionException: org.apache.ratis.thirdparty.io.netty.channel.AbstractChannel$AnnotatedConnectException: finishConnect(..) failed: Connection refused: localhost/127.0.0.1:15156
2024-10-07 19:12:34,560 [s1@group-F5D0649D4159-LeaderElection17] INFO  impl.LeaderElection (LogUtils.java:infoOrTrace(136)) -   Exception 2: java.util.concurrent.ExecutionException: org.apache.ratis.thirdparty.io.netty.channel.AbstractChannel$AnnotatedConnectException: finishConnect(..) failed: Connection refused: localhost/127.0.0.1:15148
2024-10-07 19:12:34,560 [s1@group-F5D0649D4159-LeaderElection17] INFO  impl.LeaderElection (LeaderElection.java:askForVotes(339)) - s1@group-F5D0649D4159-LeaderElection17 PRE_VOTE round 144: result TIMEOUT
2024-10-07 19:12:34,560 [s1@group-F5D0649D4159-LeaderElection17] INFO  impl.LeaderElection (LeaderElection.java:askForVotes(337)) - s1@group-F5D0649D4159-LeaderElection17 PRE_VOTE round 145: submit vote requests at term 2 for conf: {index: 1, cur=peers:[s3|localhost:15152, s4|localhost:15156, s0|localhost:15140, s1|localhost:15144, s2|localhost:15148]|listeners:[], old=null}
2024-10-07 19:12:34,561 [NettyRpcService-workerGroup--thread3] INFO  server.RaftServer$Division (RaftServerImpl.java:requestVote(1443)) - s0@group-F5D0649D4159: receive requestVote(PRE_VOTE, s1, group-F5D0649D4159, 2, (t:2, i:2))
2024-10-07 19:12:34,561 [s1@group-F5D0649D4159-LeaderElection17] INFO  impl.LeaderElection (LogUtils.java:infoOrTrace(136)) - s1@group-F5D0649D4159-LeaderElection17 got exception when requesting votes: java.util.concurrent.ExecutionException: org.apache.ratis.thirdparty.io.netty.channel.AbstractChannel$AnnotatedConnectException: finishConnect(..) failed: Connection refused: localhost/127.0.0.1:15156
2024-10-07 19:12:34,561 [NettyRpcService-workerGroup--thread3] INFO  impl.VoteContext (VoteContext.java:log(49)) - s0@group-F5D0649D4159-CANDIDATE: accept PRE_VOTE from s1: our priority 0 <= candidate's priority 0
2024-10-07 19:12:34,562 [s1@group-F5D0649D4159-LeaderElection17] INFO  impl.LeaderElection (LogUtils.java:infoOrTrace(136)) - s1@group-F5D0649D4159-LeaderElection17 got exception when requesting votes: java.util.concurrent.ExecutionException: org.apache.ratis.thirdparty.io.netty.channel.AbstractChannel$AnnotatedConnectException: finishConnect(..) failed: Connection refused: localhost/127.0.0.1:15148
2024-10-07 19:12:34,562 [NettyRpcService-workerGroup--thread3] INFO  server.RaftServer$Division (RaftServerImpl.java:requestVote(1476)) - s0@group-F5D0649D4159 replies to PRE_VOTE vote request: s1<-s0#0:OK-t2. Peer's state: s0@group-F5D0649D4159:t2, leader=null, voted=s4, raftlog=Memoized:s0@group-F5D0649D4159-SegmentedRaftLog:OPENED:c2:last(t:2, i:2), conf=conf: {index: 1, cur=peers:[s3|localhost:15152, s4|localhost:15156, s0|localhost:15140, s1|localhost:15144, s2|localhost:15148]|listeners:[], old=null}
2024-10-07 19:12:34,720 [s1@group-F5D0649D4159-LeaderElection17] INFO  impl.LeaderElection (LeaderElection.java:logAndReturn(90)) - s1@group-F5D0649D4159-LeaderElection17: PRE_VOTE TIMEOUT received 1 response(s) and 2 exception(s):
2024-10-07 19:12:34,720 [s1@group-F5D0649D4159-LeaderElection17] INFO  impl.LeaderElection (LeaderElection.java:logAndReturn(94)) -   Response 0: s1<-s0#0:OK-t2
2024-10-07 19:12:34,720 [s1@group-F5D0649D4159-LeaderElection17] INFO  impl.LeaderElection (LogUtils.java:infoOrTrace(136)) -   Exception 1: java.util.concurrent.ExecutionException: org.apache.ratis.thirdparty.io.netty.channel.AbstractChannel$AnnotatedConnectException: finishConnect(..) failed: Connection refused: localhost/127.0.0.1:15156
2024-10-07 19:12:34,720 [s1@group-F5D0649D4159-LeaderElection17] INFO  impl.LeaderElection (LogUtils.java:infoOrTrace(136)) -   Exception 2: java.util.concurrent.ExecutionException: org.apache.ratis.thirdparty.io.netty.channel.AbstractChannel$AnnotatedConnectException: finishConnect(..) failed: Connection refused: localhost/127.0.0.1:15148
2024-10-07 19:12:34,720 [s1@group-F5D0649D4159-LeaderElection17] INFO  impl.LeaderElection (LeaderElection.java:askForVotes(339)) - s1@group-F5D0649D4159-LeaderElection17 PRE_VOTE round 145: result TIMEOUT
2024-10-07 19:12:34,720 [s1@group-F5D0649D4159-LeaderElection17] INFO  impl.LeaderElection (LeaderElection.java:askForVotes(337)) - s1@group-F5D0649D4159-LeaderElection17 PRE_VOTE round 146: submit vote requests at term 2 for conf: {index: 1, cur=peers:[s3|localhost:15152, s4|localhost:15156, s0|localhost:15140, s1|localhost:15144, s2|localhost:15148]|listeners:[], old=null}
2024-10-07 19:12:34,721 [NettyRpcService-workerGroup--thread3] INFO  server.RaftServer$Division (RaftServerImpl.java:requestVote(1443)) - s0@group-F5D0649D4159: receive requestVote(PRE_VOTE, s1, group-F5D0649D4159, 2, (t:2, i:2))
2024-10-07 19:12:34,721 [NettyRpcService-workerGroup--thread3] INFO  impl.VoteContext (VoteContext.java:log(49)) - s0@group-F5D0649D4159-CANDIDATE: accept PRE_VOTE from s1: our priority 0 <= candidate's priority 0
2024-10-07 19:12:34,721 [NettyRpcService-workerGroup--thread3] INFO  server.RaftServer$Division (RaftServerImpl.java:requestVote(1476)) - s0@group-F5D0649D4159 replies to PRE_VOTE vote request: s1<-s0#0:OK-t2. Peer's state: s0@group-F5D0649D4159:t2, leader=null, voted=s4, raftlog=Memoized:s0@group-F5D0649D4159-SegmentedRaftLog:OPENED:c2:last(t:2, i:2), conf=conf: {index: 1, cur=peers:[s3|localhost:15152, s4|localhost:15156, s0|localhost:15140, s1|localhost:15144, s2|localhost:15148]|listeners:[], old=null}
2024-10-07 19:12:34,721 [s1@group-F5D0649D4159-LeaderElection17] INFO  impl.LeaderElection (LogUtils.java:infoOrTrace(136)) - s1@group-F5D0649D4159-LeaderElection17 got exception when requesting votes: java.util.concurrent.ExecutionException: org.apache.ratis.thirdparty.io.netty.channel.AbstractChannel$AnnotatedConnectException: finishConnect(..) failed: Connection refused: localhost/127.0.0.1:15156
2024-10-07 19:12:34,721 [s1@group-F5D0649D4159-LeaderElection17] INFO  impl.LeaderElection (LogUtils.java:infoOrTrace(136)) - s1@group-F5D0649D4159-LeaderElection17 got exception when requesting votes: java.util.concurrent.ExecutionException: org.apache.ratis.thirdparty.io.netty.channel.AbstractChannel$AnnotatedConnectException: finishConnect(..) failed: Connection refused: localhost/127.0.0.1:15148
2024-10-07 19:12:34,772 [main] WARN  ratis.RaftTestUtil (RaftTestUtil.java:lambda$waitForLeader$3(126)) - Attempt #74 failed: java.lang.IllegalStateException: No leader yet : printing ALL groups
  s3:  RUNNING  FOLLOWER s3@group-F5D0649D4159:t1, leader=null, voted=null, raftlog=Memoized:s3@group-F5D0649D4159-SegmentedRaftLog:OPENED:c-1:lastnull, conf=conf: {index: -1, cur=peers:[s3|localhost:15152, s4|localhost:15156, s0|localhost:15140, s1|localhost:15144, s2|localhost:15148]|listeners:[], old=null} RUNNING
  s4:   CLOSED    LEADER s4@group-F5D0649D4159:t2, leader=s4, voted=s4, raftlog=Memoized:s4@group-F5D0649D4159-SegmentedRaftLog:CLOSED:c2, conf=conf: {index: 1, cur=peers:[s3|localhost:15152, s4|localhost:15156, s0|localhost:15140, s1|localhost:15144, s2|localhost:15148]|listeners:[], old=null} CLOSED
  s0:  RUNNING CANDIDATE s0@group-F5D0649D4159:t2, leader=null, voted=s4, raftlog=Memoized:s0@group-F5D0649D4159-SegmentedRaftLog:OPENED:c2:last(t:2, i:2), conf=conf: {index: 1, cur=peers:[s3|localhost:15152, s4|localhost:15156, s0|localhost:15140, s1|localhost:15144, s2|localhost:15148]|listeners:[], old=null} RUNNING
  s1:  RUNNING CANDIDATE s1@group-F5D0649D4159:t2, leader=null, voted=s4, raftlog=Memoized:s1@group-F5D0649D4159-SegmentedRaftLog:OPENED:c2:last(t:2, i:2), conf=conf: {index: 1, cur=peers:[s3|localhost:15152, s4|localhost:15156, s0|localhost:15140, s1|localhost:15144, s2|localhost:15148]|listeners:[], old=null} RUNNING
  s2:   CLOSED    LEADER s2@group-F5D0649D4159:t1, leader=s2, voted=s2, raftlog=Memoized:s2@group-F5D0649D4159-SegmentedRaftLog:CLOSED:c0, conf=conf: {index: 0, cur=peers:[s3|localhost:15152, s4|localhost:15156, s0|localhost:15140, s1|localhost:15144, s2|localhost:15148]|listeners:[], old=null} CLOSED
2024-10-07 19:12:34,806 [s0@group-F5D0649D4159-LeaderElection18] INFO  impl.LeaderElection (LeaderElection.java:logAndReturn(90)) - s0@group-F5D0649D4159-LeaderElection18: PRE_VOTE TIMEOUT received 1 response(s) and 2 exception(s):
2024-10-07 19:12:34,806 [s0@group-F5D0649D4159-LeaderElection18] INFO  impl.LeaderElection (LeaderElection.java:logAndReturn(94)) -   Response 0: s0<-s1#0:OK-t2
2024-10-07 19:12:34,806 [s0@group-F5D0649D4159-LeaderElection18] INFO  impl.LeaderElection (LogUtils.java:infoOrTrace(136)) -   Exception 1: java.util.concurrent.ExecutionException: org.apache.ratis.thirdparty.io.netty.channel.AbstractChannel$AnnotatedConnectException: finishConnect(..) failed: Connection refused: localhost/127.0.0.1:15148
2024-10-07 19:12:34,806 [s0@group-F5D0649D4159-LeaderElection18] INFO  impl.LeaderElection (LogUtils.java:infoOrTrace(136)) -   Exception 2: java.util.concurrent.ExecutionException: org.apache.ratis.thirdparty.io.netty.channel.AbstractChannel$AnnotatedConnectException: finishConnect(..) failed: Connection refused: localhost/127.0.0.1:15156
2024-10-07 19:12:34,806 [s0@group-F5D0649D4159-LeaderElection18] INFO  impl.LeaderElection (LeaderElection.java:askForVotes(339)) - s0@group-F5D0649D4159-LeaderElection18 PRE_VOTE round 128: result TIMEOUT
2024-10-07 19:12:34,806 [s0@group-F5D0649D4159-LeaderElection18] INFO  impl.LeaderElection (LeaderElection.java:askForVotes(337)) - s0@group-F5D0649D4159-LeaderElection18 PRE_VOTE round 129: submit vote requests at term 2 for conf: {index: 1, cur=peers:[s3|localhost:15152, s4|localhost:15156, s0|localhost:15140, s1|localhost:15144, s2|localhost:15148]|listeners:[], old=null}
2024-10-07 19:12:34,807 [NettyRpcService-workerGroup--thread3] INFO  server.RaftServer$Division (RaftServerImpl.java:requestVote(1443)) - s1@group-F5D0649D4159: receive requestVote(PRE_VOTE, s0, group-F5D0649D4159, 2, (t:2, i:2))
2024-10-07 19:12:34,807 [NettyRpcService-workerGroup--thread3] INFO  impl.VoteContext (VoteContext.java:log(49)) - s1@group-F5D0649D4159-CANDIDATE: accept PRE_VOTE from s0: our priority 0 <= candidate's priority 0
2024-10-07 19:12:34,807 [s0@group-F5D0649D4159-LeaderElection18] INFO  impl.LeaderElection (LogUtils.java:infoOrTrace(136)) - s0@group-F5D0649D4159-LeaderElection18 got exception when requesting votes: java.util.concurrent.ExecutionException: org.apache.ratis.thirdparty.io.netty.channel.AbstractChannel$AnnotatedConnectException: finishConnect(..) failed: Connection refused: localhost/127.0.0.1:15148
2024-10-07 19:12:34,808 [NettyRpcService-workerGroup--thread3] INFO  server.RaftServer$Division (RaftServerImpl.java:requestVote(1476)) - s1@group-F5D0649D4159 replies to PRE_VOTE vote request: s0<-s1#0:OK-t2. Peer's state: s1@group-F5D0649D4159:t2, leader=null, voted=s4, raftlog=Memoized:s1@group-F5D0649D4159-SegmentedRaftLog:OPENED:c2:last(t:2, i:2), conf=conf: {index: 1, cur=peers:[s3|localhost:15152, s4|localhost:15156, s0|localhost:15140, s1|localhost:15144, s2|localhost:15148]|listeners:[], old=null}
2024-10-07 19:12:34,808 [s0@group-F5D0649D4159-LeaderElection18] INFO  impl.LeaderElection (LogUtils.java:infoOrTrace(136)) - s0@group-F5D0649D4159-LeaderElection18 got exception when requesting votes: java.util.concurrent.ExecutionException: org.apache.ratis.thirdparty.io.netty.channel.AbstractChannel$AnnotatedConnectException: finishConnect(..) failed: Connection refused: localhost/127.0.0.1:15156
2024-10-07 19:12:34,999 [s1@group-F5D0649D4159-LeaderElection17] INFO  impl.LeaderElection (LeaderElection.java:logAndReturn(90)) - s1@group-F5D0649D4159-LeaderElection17: PRE_VOTE TIMEOUT received 1 response(s) and 2 exception(s):
2024-10-07 19:12:34,999 [s1@group-F5D0649D4159-LeaderElection17] INFO  impl.LeaderElection (LeaderElection.java:logAndReturn(94)) -   Response 0: s1<-s0#0:OK-t2
2024-10-07 19:12:34,999 [s1@group-F5D0649D4159-LeaderElection17] INFO  impl.LeaderElection (LogUtils.java:infoOrTrace(136)) -   Exception 1: java.util.concurrent.ExecutionException: org.apache.ratis.thirdparty.io.netty.channel.AbstractChannel$AnnotatedConnectException: finishConnect(..) failed: Connection refused: localhost/127.0.0.1:15156
2024-10-07 19:12:34,999 [s1@group-F5D0649D4159-LeaderElection17] INFO  impl.LeaderElection (LogUtils.java:infoOrTrace(136)) -   Exception 2: java.util.concurrent.ExecutionException: org.apache.ratis.thirdparty.io.netty.channel.AbstractChannel$AnnotatedConnectException: finishConnect(..) failed: Connection refused: localhost/127.0.0.1:15148
2024-10-07 19:12:34,999 [s1@group-F5D0649D4159-LeaderElection17] INFO  impl.LeaderElection (LeaderElection.java:askForVotes(339)) - s1@group-F5D0649D4159-LeaderElection17 PRE_VOTE round 146: result TIMEOUT
2024-10-07 19:12:34,999 [s1@group-F5D0649D4159-LeaderElection17] INFO  impl.LeaderElection (LeaderElection.java:askForVotes(337)) - s1@group-F5D0649D4159-LeaderElection17 PRE_VOTE round 147: submit vote requests at term 2 for conf: {index: 1, cur=peers:[s3|localhost:15152, s4|localhost:15156, s0|localhost:15140, s1|localhost:15144, s2|localhost:15148]|listeners:[], old=null}
2024-10-07 19:12:35,000 [NettyRpcService-workerGroup--thread3] INFO  server.RaftServer$Division (RaftServerImpl.java:requestVote(1443)) - s0@group-F5D0649D4159: receive requestVote(PRE_VOTE, s1, group-F5D0649D4159, 2, (t:2, i:2))
2024-10-07 19:12:35,000 [NettyRpcService-workerGroup--thread3] INFO  impl.VoteContext (VoteContext.java:log(49)) - s0@group-F5D0649D4159-CANDIDATE: accept PRE_VOTE from s1: our priority 0 <= candidate's priority 0
2024-10-07 19:12:35,000 [s1@group-F5D0649D4159-LeaderElection17] INFO  impl.LeaderElection (LogUtils.java:infoOrTrace(136)) - s1@group-F5D0649D4159-LeaderElection17 got exception when requesting votes: java.util.concurrent.ExecutionException: org.apache.ratis.thirdparty.io.netty.channel.AbstractChannel$AnnotatedConnectException: finishConnect(..) failed: Connection refused: localhost/127.0.0.1:15156
2024-10-07 19:12:35,000 [NettyRpcService-workerGroup--thread3] INFO  server.RaftServer$Division (RaftServerImpl.java:requestVote(1476)) - s0@group-F5D0649D4159 replies to PRE_VOTE vote request: s1<-s0#0:OK-t2. Peer's state: s0@group-F5D0649D4159:t2, leader=null, voted=s4, raftlog=Memoized:s0@group-F5D0649D4159-SegmentedRaftLog:OPENED:c2:last(t:2, i:2), conf=conf: {index: 1, cur=peers:[s3|localhost:15152, s4|localhost:15156, s0|localhost:15140, s1|localhost:15144, s2|localhost:15148]|listeners:[], old=null}
2024-10-07 19:12:35,000 [s1@group-F5D0649D4159-LeaderElection17] INFO  impl.LeaderElection (LogUtils.java:infoOrTrace(136)) - s1@group-F5D0649D4159-LeaderElection17 got exception when requesting votes: java.util.concurrent.ExecutionException: org.apache.ratis.thirdparty.io.netty.channel.AbstractChannel$AnnotatedConnectException: finishConnect(..) failed: Connection refused: localhost/127.0.0.1:15148
2024-10-07 19:12:35,090 [s0@group-F5D0649D4159-LeaderElection18] INFO  impl.LeaderElection (LeaderElection.java:logAndReturn(90)) - s0@group-F5D0649D4159-LeaderElection18: PRE_VOTE TIMEOUT received 1 response(s) and 2 exception(s):
2024-10-07 19:12:35,090 [s0@group-F5D0649D4159-LeaderElection18] INFO  impl.LeaderElection (LeaderElection.java:logAndReturn(94)) -   Response 0: s0<-s1#0:OK-t2
2024-10-07 19:12:35,090 [s0@group-F5D0649D4159-LeaderElection18] INFO  impl.LeaderElection (LogUtils.java:infoOrTrace(136)) -   Exception 1: java.util.concurrent.ExecutionException: org.apache.ratis.thirdparty.io.netty.channel.AbstractChannel$AnnotatedConnectException: finishConnect(..) failed: Connection refused: localhost/127.0.0.1:15148
2024-10-07 19:12:35,090 [s0@group-F5D0649D4159-LeaderElection18] INFO  impl.LeaderElection (LogUtils.java:infoOrTrace(136)) -   Exception 2: java.util.concurrent.ExecutionException: org.apache.ratis.thirdparty.io.netty.channel.AbstractChannel$AnnotatedConnectException: finishConnect(..) failed: Connection refused: localhost/127.0.0.1:15156
2024-10-07 19:12:35,090 [s0@group-F5D0649D4159-LeaderElection18] INFO  impl.LeaderElection (LeaderElection.java:askForVotes(339)) - s0@group-F5D0649D4159-LeaderElection18 PRE_VOTE round 129: result TIMEOUT
2024-10-07 19:12:35,091 [s0@group-F5D0649D4159-LeaderElection18] INFO  impl.LeaderElection (LeaderElection.java:askForVotes(337)) - s0@group-F5D0649D4159-LeaderElection18 PRE_VOTE round 130: submit vote requests at term 2 for conf: {index: 1, cur=peers:[s3|localhost:15152, s4|localhost:15156, s0|localhost:15140, s1|localhost:15144, s2|localhost:15148]|listeners:[], old=null}
2024-10-07 19:12:35,091 [NettyRpcService-workerGroup--thread3] INFO  server.RaftServer$Division (RaftServerImpl.java:requestVote(1443)) - s1@group-F5D0649D4159: receive requestVote(PRE_VOTE, s0, group-F5D0649D4159, 2, (t:2, i:2))
2024-10-07 19:12:35,091 [NettyRpcService-workerGroup--thread3] INFO  impl.VoteContext (VoteContext.java:log(49)) - s1@group-F5D0649D4159-CANDIDATE: accept PRE_VOTE from s0: our priority 0 <= candidate's priority 0
2024-10-07 19:12:35,092 [NettyRpcService-workerGroup--thread3] INFO  server.RaftServer$Division (RaftServerImpl.java:requestVote(1476)) - s1@group-F5D0649D4159 replies to PRE_VOTE vote request: s0<-s1#0:OK-t2. Peer's state: s1@group-F5D0649D4159:t2, leader=null, voted=s4, raftlog=Memoized:s1@group-F5D0649D4159-SegmentedRaftLog:OPENED:c2:last(t:2, i:2), conf=conf: {index: 1, cur=peers:[s3|localhost:15152, s4|localhost:15156, s0|localhost:15140, s1|localhost:15144, s2|localhost:15148]|listeners:[], old=null}
2024-10-07 19:12:35,092 [s0@group-F5D0649D4159-LeaderElection18] INFO  impl.LeaderElection (LogUtils.java:infoOrTrace(136)) - s0@group-F5D0649D4159-LeaderElection18 got exception when requesting votes: java.util.concurrent.ExecutionException: org.apache.ratis.thirdparty.io.netty.channel.AbstractChannel$AnnotatedConnectException: finishConnect(..) failed: Connection refused: localhost/127.0.0.1:15148
2024-10-07 19:12:35,092 [s0@group-F5D0649D4159-LeaderElection18] INFO  impl.LeaderElection (LogUtils.java:infoOrTrace(136)) - s0@group-F5D0649D4159-LeaderElection18 got exception when requesting votes: java.util.concurrent.ExecutionException: org.apache.ratis.thirdparty.io.netty.channel.AbstractChannel$AnnotatedConnectException: finishConnect(..) failed: Connection refused: localhost/127.0.0.1:15156
2024-10-07 19:12:35,155 [s1@group-F5D0649D4159-LeaderElection17] INFO  impl.LeaderElection (LeaderElection.java:logAndReturn(90)) - s1@group-F5D0649D4159-LeaderElection17: PRE_VOTE TIMEOUT received 1 response(s) and 2 exception(s):
2024-10-07 19:12:35,155 [s1@group-F5D0649D4159-LeaderElection17] INFO  impl.LeaderElection (LeaderElection.java:logAndReturn(94)) -   Response 0: s1<-s0#0:OK-t2
2024-10-07 19:12:35,155 [s1@group-F5D0649D4159-LeaderElection17] INFO  impl.LeaderElection (LogUtils.java:infoOrTrace(136)) -   Exception 1: java.util.concurrent.ExecutionException: org.apache.ratis.thirdparty.io.netty.channel.AbstractChannel$AnnotatedConnectException: finishConnect(..) failed: Connection refused: localhost/127.0.0.1:15156
2024-10-07 19:12:35,155 [s1@group-F5D0649D4159-LeaderElection17] INFO  impl.LeaderElection (LogUtils.java:infoOrTrace(136)) -   Exception 2: java.util.concurrent.ExecutionException: org.apache.ratis.thirdparty.io.netty.channel.AbstractChannel$AnnotatedConnectException: finishConnect(..) failed: Connection refused: localhost/127.0.0.1:15148
2024-10-07 19:12:35,155 [s1@group-F5D0649D4159-LeaderElection17] INFO  impl.LeaderElection (LeaderElection.java:askForVotes(339)) - s1@group-F5D0649D4159-LeaderElection17 PRE_VOTE round 147: result TIMEOUT
2024-10-07 19:12:35,155 [s1@group-F5D0649D4159-LeaderElection17] INFO  impl.LeaderElection (LeaderElection.java:askForVotes(337)) - s1@group-F5D0649D4159-LeaderElection17 PRE_VOTE round 148: submit vote requests at term 2 for conf: {index: 1, cur=peers:[s3|localhost:15152, s4|localhost:15156, s0|localhost:15140, s1|localhost:15144, s2|localhost:15148]|listeners:[], old=null}
2024-10-07 19:12:35,156 [NettyRpcService-workerGroup--thread3] INFO  server.RaftServer$Division (RaftServerImpl.java:requestVote(1443)) - s0@group-F5D0649D4159: receive requestVote(PRE_VOTE, s1, group-F5D0649D4159, 2, (t:2, i:2))
2024-10-07 19:12:35,156 [NettyRpcService-workerGroup--thread3] INFO  impl.VoteContext (VoteContext.java:log(49)) - s0@group-F5D0649D4159-CANDIDATE: accept PRE_VOTE from s1: our priority 0 <= candidate's priority 0
2024-10-07 19:12:35,156 [s1@group-F5D0649D4159-LeaderElection17] INFO  impl.LeaderElection (LogUtils.java:infoOrTrace(136)) - s1@group-F5D0649D4159-LeaderElection17 got exception when requesting votes: java.util.concurrent.ExecutionException: org.apache.ratis.thirdparty.io.netty.channel.AbstractChannel$AnnotatedConnectException: finishConnect(..) failed: Connection refused: localhost/127.0.0.1:15148
2024-10-07 19:12:35,156 [NettyRpcService-workerGroup--thread3] INFO  server.RaftServer$Division (RaftServerImpl.java:requestVote(1476)) - s0@group-F5D0649D4159 replies to PRE_VOTE vote request: s1<-s0#0:OK-t2. Peer's state: s0@group-F5D0649D4159:t2, leader=null, voted=s4, raftlog=Memoized:s0@group-F5D0649D4159-SegmentedRaftLog:OPENED:c2:last(t:2, i:2), conf=conf: {index: 1, cur=peers:[s3|localhost:15152, s4|localhost:15156, s0|localhost:15140, s1|localhost:15144, s2|localhost:15148]|listeners:[], old=null}
2024-10-07 19:12:35,156 [s1@group-F5D0649D4159-LeaderElection17] INFO  impl.LeaderElection (LogUtils.java:infoOrTrace(136)) - s1@group-F5D0649D4159-LeaderElection17 got exception when requesting votes: java.util.concurrent.ExecutionException: org.apache.ratis.thirdparty.io.netty.channel.AbstractChannel$AnnotatedConnectException: finishConnect(..) failed: Connection refused: localhost/127.0.0.1:15156
2024-10-07 19:12:35,222 [main] WARN  ratis.RaftTestUtil (RaftTestUtil.java:lambda$waitForLeader$3(126)) - Attempt #75 failed: java.lang.IllegalStateException: No leader yet : printing ALL groups
  s3:  RUNNING  FOLLOWER s3@group-F5D0649D4159:t1, leader=null, voted=null, raftlog=Memoized:s3@group-F5D0649D4159-SegmentedRaftLog:OPENED:c-1:lastnull, conf=conf: {index: -1, cur=peers:[s3|localhost:15152, s4|localhost:15156, s0|localhost:15140, s1|localhost:15144, s2|localhost:15148]|listeners:[], old=null} RUNNING
  s4:   CLOSED    LEADER s4@group-F5D0649D4159:t2, leader=s4, voted=s4, raftlog=Memoized:s4@group-F5D0649D4159-SegmentedRaftLog:CLOSED:c2, conf=conf: {index: 1, cur=peers:[s3|localhost:15152, s4|localhost:15156, s0|localhost:15140, s1|localhost:15144, s2|localhost:15148]|listeners:[], old=null} CLOSED
  s0:  RUNNING CANDIDATE s0@group-F5D0649D4159:t2, leader=null, voted=s4, raftlog=Memoized:s0@group-F5D0649D4159-SegmentedRaftLog:OPENED:c2:last(t:2, i:2), conf=conf: {index: 1, cur=peers:[s3|localhost:15152, s4|localhost:15156, s0|localhost:15140, s1|localhost:15144, s2|localhost:15148]|listeners:[], old=null} RUNNING
  s1:  RUNNING CANDIDATE s1@group-F5D0649D4159:t2, leader=null, voted=s4, raftlog=Memoized:s1@group-F5D0649D4159-SegmentedRaftLog:OPENED:c2:last(t:2, i:2), conf=conf: {index: 1, cur=peers:[s3|localhost:15152, s4|localhost:15156, s0|localhost:15140, s1|localhost:15144, s2|localhost:15148]|listeners:[], old=null} RUNNING
  s2:   CLOSED    LEADER s2@group-F5D0649D4159:t1, leader=s2, voted=s2, raftlog=Memoized:s2@group-F5D0649D4159-SegmentedRaftLog:CLOSED:c0, conf=conf: {index: 0, cur=peers:[s3|localhost:15152, s4|localhost:15156, s0|localhost:15140, s1|localhost:15144, s2|localhost:15148]|listeners:[], old=null} CLOSED
2024-10-07 19:12:35,308 [s0@group-F5D0649D4159-LeaderElection18] INFO  impl.LeaderElection (LeaderElection.java:logAndReturn(90)) - s0@group-F5D0649D4159-LeaderElection18: PRE_VOTE TIMEOUT received 1 response(s) and 2 exception(s):
2024-10-07 19:12:35,308 [s0@group-F5D0649D4159-LeaderElection18] INFO  impl.LeaderElection (LeaderElection.java:logAndReturn(94)) -   Response 0: s0<-s1#0:OK-t2
2024-10-07 19:12:35,308 [s0@group-F5D0649D4159-LeaderElection18] INFO  impl.LeaderElection (LogUtils.java:infoOrTrace(136)) -   Exception 1: java.util.concurrent.ExecutionException: org.apache.ratis.thirdparty.io.netty.channel.AbstractChannel$AnnotatedConnectException: finishConnect(..) failed: Connection refused: localhost/127.0.0.1:15148
2024-10-07 19:12:35,308 [s0@group-F5D0649D4159-LeaderElection18] INFO  impl.LeaderElection (LogUtils.java:infoOrTrace(136)) -   Exception 2: java.util.concurrent.ExecutionException: org.apache.ratis.thirdparty.io.netty.channel.AbstractChannel$AnnotatedConnectException: finishConnect(..) failed: Connection refused: localhost/127.0.0.1:15156
2024-10-07 19:12:35,308 [s0@group-F5D0649D4159-LeaderElection18] INFO  impl.LeaderElection (LeaderElection.java:askForVotes(339)) - s0@group-F5D0649D4159-LeaderElection18 PRE_VOTE round 130: result TIMEOUT
2024-10-07 19:12:35,308 [s0@group-F5D0649D4159-LeaderElection18] INFO  impl.LeaderElection (LeaderElection.java:askForVotes(337)) - s0@group-F5D0649D4159-LeaderElection18 PRE_VOTE round 131: submit vote requests at term 2 for conf: {index: 1, cur=peers:[s3|localhost:15152, s4|localhost:15156, s0|localhost:15140, s1|localhost:15144, s2|localhost:15148]|listeners:[], old=null}
2024-10-07 19:12:35,309 [NettyRpcService-workerGroup--thread3] INFO  server.RaftServer$Division (RaftServerImpl.java:requestVote(1443)) - s1@group-F5D0649D4159: receive requestVote(PRE_VOTE, s0, group-F5D0649D4159, 2, (t:2, i:2))
2024-10-07 19:12:35,309 [NettyRpcService-workerGroup--thread3] INFO  impl.VoteContext (VoteContext.java:log(49)) - s1@group-F5D0649D4159-CANDIDATE: accept PRE_VOTE from s0: our priority 0 <= candidate's priority 0
2024-10-07 19:12:35,309 [NettyRpcService-workerGroup--thread3] INFO  server.RaftServer$Division (RaftServerImpl.java:requestVote(1476)) - s1@group-F5D0649D4159 replies to PRE_VOTE vote request: s0<-s1#0:OK-t2. Peer's state: s1@group-F5D0649D4159:t2, leader=null, voted=s4, raftlog=Memoized:s1@group-F5D0649D4159-SegmentedRaftLog:OPENED:c2:last(t:2, i:2), conf=conf: {index: 1, cur=peers:[s3|localhost:15152, s4|localhost:15156, s0|localhost:15140, s1|localhost:15144, s2|localhost:15148]|listeners:[], old=null}
2024-10-07 19:12:35,310 [s0@group-F5D0649D4159-LeaderElection18] INFO  impl.LeaderElection (LogUtils.java:infoOrTrace(136)) - s0@group-F5D0649D4159-LeaderElection18 got exception when requesting votes: java.util.concurrent.ExecutionException: org.apache.ratis.thirdparty.io.netty.channel.AbstractChannel$AnnotatedConnectException: finishConnect(..) failed: Connection refused: localhost/127.0.0.1:15156
2024-10-07 19:12:35,310 [s0@group-F5D0649D4159-LeaderElection18] INFO  impl.LeaderElection (LogUtils.java:infoOrTrace(136)) - s0@group-F5D0649D4159-LeaderElection18 got exception when requesting votes: java.util.concurrent.ExecutionException: org.apache.ratis.thirdparty.io.netty.channel.AbstractChannel$AnnotatedConnectException: finishConnect(..) failed: Connection refused: localhost/127.0.0.1:15148
2024-10-07 19:12:35,436 [s1@group-F5D0649D4159-LeaderElection17] INFO  impl.LeaderElection (LeaderElection.java:logAndReturn(90)) - s1@group-F5D0649D4159-LeaderElection17: PRE_VOTE TIMEOUT received 1 response(s) and 2 exception(s):
2024-10-07 19:12:35,436 [s1@group-F5D0649D4159-LeaderElection17] INFO  impl.LeaderElection (LeaderElection.java:logAndReturn(94)) -   Response 0: s1<-s0#0:OK-t2
2024-10-07 19:12:35,436 [s1@group-F5D0649D4159-LeaderElection17] INFO  impl.LeaderElection (LogUtils.java:infoOrTrace(136)) -   Exception 1: java.util.concurrent.ExecutionException: org.apache.ratis.thirdparty.io.netty.channel.AbstractChannel$AnnotatedConnectException: finishConnect(..) failed: Connection refused: localhost/127.0.0.1:15148
2024-10-07 19:12:35,436 [s1@group-F5D0649D4159-LeaderElection17] INFO  impl.LeaderElection (LogUtils.java:infoOrTrace(136)) -   Exception 2: java.util.concurrent.ExecutionException: org.apache.ratis.thirdparty.io.netty.channel.AbstractChannel$AnnotatedConnectException: finishConnect(..) failed: Connection refused: localhost/127.0.0.1:15156
2024-10-07 19:12:35,436 [s1@group-F5D0649D4159-LeaderElection17] INFO  impl.LeaderElection (LeaderElection.java:askForVotes(339)) - s1@group-F5D0649D4159-LeaderElection17 PRE_VOTE round 148: result TIMEOUT
2024-10-07 19:12:35,436 [s1@group-F5D0649D4159-LeaderElection17] INFO  impl.LeaderElection (LeaderElection.java:askForVotes(337)) - s1@group-F5D0649D4159-LeaderElection17 PRE_VOTE round 149: submit vote requests at term 2 for conf: {index: 1, cur=peers:[s3|localhost:15152, s4|localhost:15156, s0|localhost:15140, s1|localhost:15144, s2|localhost:15148]|listeners:[], old=null}
2024-10-07 19:12:35,437 [s1@group-F5D0649D4159-LeaderElection17] INFO  impl.LeaderElection (LogUtils.java:infoOrTrace(136)) - s1@group-F5D0649D4159-LeaderElection17 got exception when requesting votes: java.util.concurrent.ExecutionException: org.apache.ratis.thirdparty.io.netty.channel.AbstractChannel$AnnotatedConnectException: finishConnect(..) failed: Connection refused: localhost/127.0.0.1:15148
2024-10-07 19:12:35,437 [NettyRpcService-workerGroup--thread3] INFO  server.RaftServer$Division (RaftServerImpl.java:requestVote(1443)) - s0@group-F5D0649D4159: receive requestVote(PRE_VOTE, s1, group-F5D0649D4159, 2, (t:2, i:2))
2024-10-07 19:12:35,438 [NettyRpcService-workerGroup--thread3] INFO  impl.VoteContext (VoteContext.java:log(49)) - s0@group-F5D0649D4159-CANDIDATE: accept PRE_VOTE from s1: our priority 0 <= candidate's priority 0
2024-10-07 19:12:35,438 [NettyRpcService-workerGroup--thread3] INFO  server.RaftServer$Division (RaftServerImpl.java:requestVote(1476)) - s0@group-F5D0649D4159 replies to PRE_VOTE vote request: s1<-s0#0:OK-t2. Peer's state: s0@group-F5D0649D4159:t2, leader=null, voted=s4, raftlog=Memoized:s0@group-F5D0649D4159-SegmentedRaftLog:OPENED:c2:last(t:2, i:2), conf=conf: {index: 1, cur=peers:[s3|localhost:15152, s4|localhost:15156, s0|localhost:15140, s1|localhost:15144, s2|localhost:15148]|listeners:[], old=null}
2024-10-07 19:12:35,438 [s1@group-F5D0649D4159-LeaderElection17] INFO  impl.LeaderElection (LogUtils.java:infoOrTrace(136)) - s1@group-F5D0649D4159-LeaderElection17 got exception when requesting votes: java.util.concurrent.ExecutionException: org.apache.ratis.thirdparty.io.netty.channel.AbstractChannel$AnnotatedConnectException: finishConnect(..) failed: Connection refused: localhost/127.0.0.1:15156
2024-10-07 19:12:35,548 [s0@group-F5D0649D4159-LeaderElection18] INFO  impl.LeaderElection (LeaderElection.java:logAndReturn(90)) - s0@group-F5D0649D4159-LeaderElection18: PRE_VOTE TIMEOUT received 1 response(s) and 2 exception(s):
2024-10-07 19:12:35,548 [s0@group-F5D0649D4159-LeaderElection18] INFO  impl.LeaderElection (LeaderElection.java:logAndReturn(94)) -   Response 0: s0<-s1#0:OK-t2
2024-10-07 19:12:35,548 [s0@group-F5D0649D4159-LeaderElection18] INFO  impl.LeaderElection (LogUtils.java:infoOrTrace(136)) -   Exception 1: java.util.concurrent.ExecutionException: org.apache.ratis.thirdparty.io.netty.channel.AbstractChannel$AnnotatedConnectException: finishConnect(..) failed: Connection refused: localhost/127.0.0.1:15156
2024-10-07 19:12:35,548 [s0@group-F5D0649D4159-LeaderElection18] INFO  impl.LeaderElection (LogUtils.java:infoOrTrace(136)) -   Exception 2: java.util.concurrent.ExecutionException: org.apache.ratis.thirdparty.io.netty.channel.AbstractChannel$AnnotatedConnectException: finishConnect(..) failed: Connection refused: localhost/127.0.0.1:15148
2024-10-07 19:12:35,549 [s0@group-F5D0649D4159-LeaderElection18] INFO  impl.LeaderElection (LeaderElection.java:askForVotes(339)) - s0@group-F5D0649D4159-LeaderElection18 PRE_VOTE round 131: result TIMEOUT
2024-10-07 19:12:35,549 [s0@group-F5D0649D4159-LeaderElection18] INFO  impl.LeaderElection (LeaderElection.java:askForVotes(337)) - s0@group-F5D0649D4159-LeaderElection18 PRE_VOTE round 132: submit vote requests at term 2 for conf: {index: 1, cur=peers:[s3|localhost:15152, s4|localhost:15156, s0|localhost:15140, s1|localhost:15144, s2|localhost:15148]|listeners:[], old=null}
2024-10-07 19:12:35,549 [NettyRpcService-workerGroup--thread3] INFO  server.RaftServer$Division (RaftServerImpl.java:requestVote(1443)) - s1@group-F5D0649D4159: receive requestVote(PRE_VOTE, s0, group-F5D0649D4159, 2, (t:2, i:2))
2024-10-07 19:12:35,550 [NettyRpcService-workerGroup--thread3] INFO  impl.VoteContext (VoteContext.java:log(49)) - s1@group-F5D0649D4159-CANDIDATE: accept PRE_VOTE from s0: our priority 0 <= candidate's priority 0
2024-10-07 19:12:35,550 [s0@group-F5D0649D4159-LeaderElection18] INFO  impl.LeaderElection (LogUtils.java:infoOrTrace(136)) - s0@group-F5D0649D4159-LeaderElection18 got exception when requesting votes: java.util.concurrent.ExecutionException: org.apache.ratis.thirdparty.io.netty.channel.AbstractChannel$AnnotatedConnectException: finishConnect(..) failed: Connection refused: localhost/127.0.0.1:15156
2024-10-07 19:12:35,550 [NettyRpcService-workerGroup--thread3] INFO  server.RaftServer$Division (RaftServerImpl.java:requestVote(1476)) - s1@group-F5D0649D4159 replies to PRE_VOTE vote request: s0<-s1#0:OK-t2. Peer's state: s1@group-F5D0649D4159:t2, leader=null, voted=s4, raftlog=Memoized:s1@group-F5D0649D4159-SegmentedRaftLog:OPENED:c2:last(t:2, i:2), conf=conf: {index: 1, cur=peers:[s3|localhost:15152, s4|localhost:15156, s0|localhost:15140, s1|localhost:15144, s2|localhost:15148]|listeners:[], old=null}
2024-10-07 19:12:35,550 [s0@group-F5D0649D4159-LeaderElection18] INFO  impl.LeaderElection (LogUtils.java:infoOrTrace(136)) - s0@group-F5D0649D4159-LeaderElection18 got exception when requesting votes: java.util.concurrent.ExecutionException: org.apache.ratis.thirdparty.io.netty.channel.AbstractChannel$AnnotatedConnectException: finishConnect(..) failed: Connection refused: localhost/127.0.0.1:15148
2024-10-07 19:12:35,673 [main] WARN  ratis.RaftTestUtil (RaftTestUtil.java:lambda$waitForLeader$3(126)) - Attempt #76 failed: java.lang.IllegalStateException: No leader yet : printing ALL groups
  s3:  RUNNING  FOLLOWER s3@group-F5D0649D4159:t1, leader=null, voted=null, raftlog=Memoized:s3@group-F5D0649D4159-SegmentedRaftLog:OPENED:c-1:lastnull, conf=conf: {index: -1, cur=peers:[s3|localhost:15152, s4|localhost:15156, s0|localhost:15140, s1|localhost:15144, s2|localhost:15148]|listeners:[], old=null} RUNNING
  s4:   CLOSED    LEADER s4@group-F5D0649D4159:t2, leader=s4, voted=s4, raftlog=Memoized:s4@group-F5D0649D4159-SegmentedRaftLog:CLOSED:c2, conf=conf: {index: 1, cur=peers:[s3|localhost:15152, s4|localhost:15156, s0|localhost:15140, s1|localhost:15144, s2|localhost:15148]|listeners:[], old=null} CLOSED
  s0:  RUNNING CANDIDATE s0@group-F5D0649D4159:t2, leader=null, voted=s4, raftlog=Memoized:s0@group-F5D0649D4159-SegmentedRaftLog:OPENED:c2:last(t:2, i:2), conf=conf: {index: 1, cur=peers:[s3|localhost:15152, s4|localhost:15156, s0|localhost:15140, s1|localhost:15144, s2|localhost:15148]|listeners:[], old=null} RUNNING
  s1:  RUNNING CANDIDATE s1@group-F5D0649D4159:t2, leader=null, voted=s4, raftlog=Memoized:s1@group-F5D0649D4159-SegmentedRaftLog:OPENED:c2:last(t:2, i:2), conf=conf: {index: 1, cur=peers:[s3|localhost:15152, s4|localhost:15156, s0|localhost:15140, s1|localhost:15144, s2|localhost:15148]|listeners:[], old=null} RUNNING
  s2:   CLOSED    LEADER s2@group-F5D0649D4159:t1, leader=s2, voted=s2, raftlog=Memoized:s2@group-F5D0649D4159-SegmentedRaftLog:CLOSED:c0, conf=conf: {index: 0, cur=peers:[s3|localhost:15152, s4|localhost:15156, s0|localhost:15140, s1|localhost:15144, s2|localhost:15148]|listeners:[], old=null} CLOSED
2024-10-07 19:12:35,724 [s1@group-F5D0649D4159-LeaderElection17] INFO  impl.LeaderElection (LeaderElection.java:logAndReturn(90)) - s1@group-F5D0649D4159-LeaderElection17: PRE_VOTE TIMEOUT received 1 response(s) and 2 exception(s):
2024-10-07 19:12:35,724 [s1@group-F5D0649D4159-LeaderElection17] INFO  impl.LeaderElection (LeaderElection.java:logAndReturn(94)) -   Response 0: s1<-s0#0:OK-t2
2024-10-07 19:12:35,724 [s1@group-F5D0649D4159-LeaderElection17] INFO  impl.LeaderElection (LogUtils.java:infoOrTrace(136)) -   Exception 1: java.util.concurrent.ExecutionException: org.apache.ratis.thirdparty.io.netty.channel.AbstractChannel$AnnotatedConnectException: finishConnect(..) failed: Connection refused: localhost/127.0.0.1:15148
2024-10-07 19:12:35,724 [s1@group-F5D0649D4159-LeaderElection17] INFO  impl.LeaderElection (LogUtils.java:infoOrTrace(136)) -   Exception 2: java.util.concurrent.ExecutionException: org.apache.ratis.thirdparty.io.netty.channel.AbstractChannel$AnnotatedConnectException: finishConnect(..) failed: Connection refused: localhost/127.0.0.1:15156
2024-10-07 19:12:35,724 [s1@group-F5D0649D4159-LeaderElection17] INFO  impl.LeaderElection (LeaderElection.java:askForVotes(339)) - s1@group-F5D0649D4159-LeaderElection17 PRE_VOTE round 149: result TIMEOUT
2024-10-07 19:12:35,724 [s1@group-F5D0649D4159-LeaderElection17] INFO  impl.LeaderElection (LeaderElection.java:askForVotes(337)) - s1@group-F5D0649D4159-LeaderElection17 PRE_VOTE round 150: submit vote requests at term 2 for conf: {index: 1, cur=peers:[s3|localhost:15152, s4|localhost:15156, s0|localhost:15140, s1|localhost:15144, s2|localhost:15148]|listeners:[], old=null}
2024-10-07 19:12:35,725 [NettyRpcService-workerGroup--thread3] INFO  server.RaftServer$Division (RaftServerImpl.java:requestVote(1443)) - s0@group-F5D0649D4159: receive requestVote(PRE_VOTE, s1, group-F5D0649D4159, 2, (t:2, i:2))
2024-10-07 19:12:35,725 [NettyRpcService-workerGroup--thread3] INFO  impl.VoteContext (VoteContext.java:log(49)) - s0@group-F5D0649D4159-CANDIDATE: accept PRE_VOTE from s1: our priority 0 <= candidate's priority 0
2024-10-07 19:12:35,725 [s1@group-F5D0649D4159-LeaderElection17] INFO  impl.LeaderElection (LogUtils.java:infoOrTrace(136)) - s1@group-F5D0649D4159-LeaderElection17 got exception when requesting votes: java.util.concurrent.ExecutionException: org.apache.ratis.thirdparty.io.netty.channel.AbstractChannel$AnnotatedConnectException: finishConnect(..) failed: Connection refused: localhost/127.0.0.1:15148
2024-10-07 19:12:35,725 [NettyRpcService-workerGroup--thread3] INFO  server.RaftServer$Division (RaftServerImpl.java:requestVote(1476)) - s0@group-F5D0649D4159 replies to PRE_VOTE vote request: s1<-s0#0:OK-t2. Peer's state: s0@group-F5D0649D4159:t2, leader=null, voted=s4, raftlog=Memoized:s0@group-F5D0649D4159-SegmentedRaftLog:OPENED:c2:last(t:2, i:2), conf=conf: {index: 1, cur=peers:[s3|localhost:15152, s4|localhost:15156, s0|localhost:15140, s1|localhost:15144, s2|localhost:15148]|listeners:[], old=null}
2024-10-07 19:12:35,725 [s1@group-F5D0649D4159-LeaderElection17] INFO  impl.LeaderElection (LogUtils.java:infoOrTrace(136)) - s1@group-F5D0649D4159-LeaderElection17 got exception when requesting votes: java.util.concurrent.ExecutionException: org.apache.ratis.thirdparty.io.netty.channel.AbstractChannel$AnnotatedConnectException: finishConnect(..) failed: Connection refused: localhost/127.0.0.1:15156
2024-10-07 19:12:35,816 [s0@group-F5D0649D4159-LeaderElection18] INFO  impl.LeaderElection (LeaderElection.java:logAndReturn(90)) - s0@group-F5D0649D4159-LeaderElection18: PRE_VOTE TIMEOUT received 1 response(s) and 2 exception(s):
2024-10-07 19:12:35,816 [s0@group-F5D0649D4159-LeaderElection18] INFO  impl.LeaderElection (LeaderElection.java:logAndReturn(94)) -   Response 0: s0<-s1#0:OK-t2
2024-10-07 19:12:35,816 [s0@group-F5D0649D4159-LeaderElection18] INFO  impl.LeaderElection (LogUtils.java:infoOrTrace(136)) -   Exception 1: java.util.concurrent.ExecutionException: org.apache.ratis.thirdparty.io.netty.channel.AbstractChannel$AnnotatedConnectException: finishConnect(..) failed: Connection refused: localhost/127.0.0.1:15156
2024-10-07 19:12:35,816 [s0@group-F5D0649D4159-LeaderElection18] INFO  impl.LeaderElection (LogUtils.java:infoOrTrace(136)) -   Exception 2: java.util.concurrent.ExecutionException: org.apache.ratis.thirdparty.io.netty.channel.AbstractChannel$AnnotatedConnectException: finishConnect(..) failed: Connection refused: localhost/127.0.0.1:15148
2024-10-07 19:12:35,817 [s0@group-F5D0649D4159-LeaderElection18] INFO  impl.LeaderElection (LeaderElection.java:askForVotes(339)) - s0@group-F5D0649D4159-LeaderElection18 PRE_VOTE round 132: result TIMEOUT
2024-10-07 19:12:35,817 [s0@group-F5D0649D4159-LeaderElection18] INFO  impl.LeaderElection (LeaderElection.java:askForVotes(337)) - s0@group-F5D0649D4159-LeaderElection18 PRE_VOTE round 133: submit vote requests at term 2 for conf: {index: 1, cur=peers:[s3|localhost:15152, s4|localhost:15156, s0|localhost:15140, s1|localhost:15144, s2|localhost:15148]|listeners:[], old=null}
2024-10-07 19:12:35,817 [NettyRpcService-workerGroup--thread3] INFO  server.RaftServer$Division (RaftServerImpl.java:requestVote(1443)) - s1@group-F5D0649D4159: receive requestVote(PRE_VOTE, s0, group-F5D0649D4159, 2, (t:2, i:2))
2024-10-07 19:12:35,818 [s0@group-F5D0649D4159-LeaderElection18] INFO  impl.LeaderElection (LogUtils.java:infoOrTrace(136)) - s0@group-F5D0649D4159-LeaderElection18 got exception when requesting votes: java.util.concurrent.ExecutionException: org.apache.ratis.thirdparty.io.netty.channel.AbstractChannel$AnnotatedConnectException: finishConnect(..) failed: Connection refused: localhost/127.0.0.1:15156
2024-10-07 19:12:35,818 [NettyRpcService-workerGroup--thread3] INFO  impl.VoteContext (VoteContext.java:log(49)) - s1@group-F5D0649D4159-CANDIDATE: accept PRE_VOTE from s0: our priority 0 <= candidate's priority 0
2024-10-07 19:12:35,818 [s0@group-F5D0649D4159-LeaderElection18] INFO  impl.LeaderElection (LogUtils.java:infoOrTrace(136)) - s0@group-F5D0649D4159-LeaderElection18 got exception when requesting votes: java.util.concurrent.ExecutionException: org.apache.ratis.thirdparty.io.netty.channel.AbstractChannel$AnnotatedConnectException: finishConnect(..) failed: Connection refused: localhost/127.0.0.1:15148
2024-10-07 19:12:35,818 [NettyRpcService-workerGroup--thread3] INFO  server.RaftServer$Division (RaftServerImpl.java:requestVote(1476)) - s1@group-F5D0649D4159 replies to PRE_VOTE vote request: s0<-s1#0:OK-t2. Peer's state: s1@group-F5D0649D4159:t2, leader=null, voted=s4, raftlog=Memoized:s1@group-F5D0649D4159-SegmentedRaftLog:OPENED:c2:last(t:2, i:2), conf=conf: {index: 1, cur=peers:[s3|localhost:15152, s4|localhost:15156, s0|localhost:15140, s1|localhost:15144, s2|localhost:15148]|listeners:[], old=null}
2024-10-07 19:12:35,935 [s1@group-F5D0649D4159-LeaderElection17] INFO  impl.LeaderElection (LeaderElection.java:logAndReturn(90)) - s1@group-F5D0649D4159-LeaderElection17: PRE_VOTE TIMEOUT received 1 response(s) and 2 exception(s):
2024-10-07 19:12:35,935 [s1@group-F5D0649D4159-LeaderElection17] INFO  impl.LeaderElection (LeaderElection.java:logAndReturn(94)) -   Response 0: s1<-s0#0:OK-t2
2024-10-07 19:12:35,935 [s1@group-F5D0649D4159-LeaderElection17] INFO  impl.LeaderElection (LogUtils.java:infoOrTrace(136)) -   Exception 1: java.util.concurrent.ExecutionException: org.apache.ratis.thirdparty.io.netty.channel.AbstractChannel$AnnotatedConnectException: finishConnect(..) failed: Connection refused: localhost/127.0.0.1:15148
2024-10-07 19:12:35,935 [s1@group-F5D0649D4159-LeaderElection17] INFO  impl.LeaderElection (LogUtils.java:infoOrTrace(136)) -   Exception 2: java.util.concurrent.ExecutionException: org.apache.ratis.thirdparty.io.netty.channel.AbstractChannel$AnnotatedConnectException: finishConnect(..) failed: Connection refused: localhost/127.0.0.1:15156
2024-10-07 19:12:35,935 [s1@group-F5D0649D4159-LeaderElection17] INFO  impl.LeaderElection (LeaderElection.java:askForVotes(339)) - s1@group-F5D0649D4159-LeaderElection17 PRE_VOTE round 150: result TIMEOUT
2024-10-07 19:12:35,935 [s1@group-F5D0649D4159-LeaderElection17] INFO  impl.LeaderElection (LeaderElection.java:askForVotes(337)) - s1@group-F5D0649D4159-LeaderElection17 PRE_VOTE round 151: submit vote requests at term 2 for conf: {index: 1, cur=peers:[s3|localhost:15152, s4|localhost:15156, s0|localhost:15140, s1|localhost:15144, s2|localhost:15148]|listeners:[], old=null}
2024-10-07 19:12:35,936 [NettyRpcService-workerGroup--thread3] INFO  server.RaftServer$Division (RaftServerImpl.java:requestVote(1443)) - s0@group-F5D0649D4159: receive requestVote(PRE_VOTE, s1, group-F5D0649D4159, 2, (t:2, i:2))
2024-10-07 19:12:35,936 [NettyRpcService-workerGroup--thread3] INFO  impl.VoteContext (VoteContext.java:log(49)) - s0@group-F5D0649D4159-CANDIDATE: accept PRE_VOTE from s1: our priority 0 <= candidate's priority 0
2024-10-07 19:12:35,936 [NettyRpcService-workerGroup--thread3] INFO  server.RaftServer$Division (RaftServerImpl.java:requestVote(1476)) - s0@group-F5D0649D4159 replies to PRE_VOTE vote request: s1<-s0#0:OK-t2. Peer's state: s0@group-F5D0649D4159:t2, leader=null, voted=s4, raftlog=Memoized:s0@group-F5D0649D4159-SegmentedRaftLog:OPENED:c2:last(t:2, i:2), conf=conf: {index: 1, cur=peers:[s3|localhost:15152, s4|localhost:15156, s0|localhost:15140, s1|localhost:15144, s2|localhost:15148]|listeners:[], old=null}
2024-10-07 19:12:35,936 [s1@group-F5D0649D4159-LeaderElection17] INFO  impl.LeaderElection (LogUtils.java:infoOrTrace(136)) - s1@group-F5D0649D4159-LeaderElection17 got exception when requesting votes: java.util.concurrent.ExecutionException: org.apache.ratis.thirdparty.io.netty.channel.AbstractChannel$AnnotatedConnectException: finishConnect(..) failed: Connection refused: localhost/127.0.0.1:15148
2024-10-07 19:12:35,937 [s1@group-F5D0649D4159-LeaderElection17] INFO  impl.LeaderElection (LogUtils.java:infoOrTrace(136)) - s1@group-F5D0649D4159-LeaderElection17 got exception when requesting votes: java.util.concurrent.ExecutionException: org.apache.ratis.thirdparty.io.netty.channel.AbstractChannel$AnnotatedConnectException: finishConnect(..) failed: Connection refused: localhost/127.0.0.1:15156
2024-10-07 19:12:36,105 [s0@group-F5D0649D4159-LeaderElection18] INFO  impl.LeaderElection (LeaderElection.java:logAndReturn(90)) - s0@group-F5D0649D4159-LeaderElection18: PRE_VOTE TIMEOUT received 1 response(s) and 2 exception(s):
2024-10-07 19:12:36,105 [s0@group-F5D0649D4159-LeaderElection18] INFO  impl.LeaderElection (LeaderElection.java:logAndReturn(94)) -   Response 0: s0<-s1#0:OK-t2
2024-10-07 19:12:36,106 [s0@group-F5D0649D4159-LeaderElection18] INFO  impl.LeaderElection (LogUtils.java:infoOrTrace(136)) -   Exception 1: java.util.concurrent.ExecutionException: org.apache.ratis.thirdparty.io.netty.channel.AbstractChannel$AnnotatedConnectException: finishConnect(..) failed: Connection refused: localhost/127.0.0.1:15156
2024-10-07 19:12:36,106 [s0@group-F5D0649D4159-LeaderElection18] INFO  impl.LeaderElection (LogUtils.java:infoOrTrace(136)) -   Exception 2: java.util.concurrent.ExecutionException: org.apache.ratis.thirdparty.io.netty.channel.AbstractChannel$AnnotatedConnectException: finishConnect(..) failed: Connection refused: localhost/127.0.0.1:15148
2024-10-07 19:12:36,106 [s0@group-F5D0649D4159-LeaderElection18] INFO  impl.LeaderElection (LeaderElection.java:askForVotes(339)) - s0@group-F5D0649D4159-LeaderElection18 PRE_VOTE round 133: result TIMEOUT
2024-10-07 19:12:36,106 [s0@group-F5D0649D4159-LeaderElection18] INFO  impl.LeaderElection (LeaderElection.java:askForVotes(337)) - s0@group-F5D0649D4159-LeaderElection18 PRE_VOTE round 134: submit vote requests at term 2 for conf: {index: 1, cur=peers:[s3|localhost:15152, s4|localhost:15156, s0|localhost:15140, s1|localhost:15144, s2|localhost:15148]|listeners:[], old=null}
2024-10-07 19:12:36,107 [NettyRpcService-workerGroup--thread3] INFO  server.RaftServer$Division (RaftServerImpl.java:requestVote(1443)) - s1@group-F5D0649D4159: receive requestVote(PRE_VOTE, s0, group-F5D0649D4159, 2, (t:2, i:2))
2024-10-07 19:12:36,107 [NettyRpcService-workerGroup--thread3] INFO  impl.VoteContext (VoteContext.java:log(49)) - s1@group-F5D0649D4159-CANDIDATE: accept PRE_VOTE from s0: our priority 0 <= candidate's priority 0
2024-10-07 19:12:36,107 [s0@group-F5D0649D4159-LeaderElection18] INFO  impl.LeaderElection (LogUtils.java:infoOrTrace(136)) - s0@group-F5D0649D4159-LeaderElection18 got exception when requesting votes: java.util.concurrent.ExecutionException: org.apache.ratis.thirdparty.io.netty.channel.AbstractChannel$AnnotatedConnectException: finishConnect(..) failed: Connection refused: localhost/127.0.0.1:15148
2024-10-07 19:12:36,107 [NettyRpcService-workerGroup--thread3] INFO  server.RaftServer$Division (RaftServerImpl.java:requestVote(1476)) - s1@group-F5D0649D4159 replies to PRE_VOTE vote request: s0<-s1#0:OK-t2. Peer's state: s1@group-F5D0649D4159:t2, leader=null, voted=s4, raftlog=Memoized:s1@group-F5D0649D4159-SegmentedRaftLog:OPENED:c2:last(t:2, i:2), conf=conf: {index: 1, cur=peers:[s3|localhost:15152, s4|localhost:15156, s0|localhost:15140, s1|localhost:15144, s2|localhost:15148]|listeners:[], old=null}
2024-10-07 19:12:36,107 [s0@group-F5D0649D4159-LeaderElection18] INFO  impl.LeaderElection (LogUtils.java:infoOrTrace(136)) - s0@group-F5D0649D4159-LeaderElection18 got exception when requesting votes: java.util.concurrent.ExecutionException: org.apache.ratis.thirdparty.io.netty.channel.AbstractChannel$AnnotatedConnectException: finishConnect(..) failed: Connection refused: localhost/127.0.0.1:15156
2024-10-07 19:12:36,123 [main] WARN  ratis.RaftTestUtil (RaftTestUtil.java:lambda$waitForLeader$3(126)) - Attempt #77 failed: java.lang.IllegalStateException: No leader yet : printing ALL groups
  s3:  RUNNING  FOLLOWER s3@group-F5D0649D4159:t1, leader=null, voted=null, raftlog=Memoized:s3@group-F5D0649D4159-SegmentedRaftLog:OPENED:c-1:lastnull, conf=conf: {index: -1, cur=peers:[s3|localhost:15152, s4|localhost:15156, s0|localhost:15140, s1|localhost:15144, s2|localhost:15148]|listeners:[], old=null} RUNNING
  s4:   CLOSED    LEADER s4@group-F5D0649D4159:t2, leader=s4, voted=s4, raftlog=Memoized:s4@group-F5D0649D4159-SegmentedRaftLog:CLOSED:c2, conf=conf: {index: 1, cur=peers:[s3|localhost:15152, s4|localhost:15156, s0|localhost:15140, s1|localhost:15144, s2|localhost:15148]|listeners:[], old=null} CLOSED
  s0:  RUNNING CANDIDATE s0@group-F5D0649D4159:t2, leader=null, voted=s4, raftlog=Memoized:s0@group-F5D0649D4159-SegmentedRaftLog:OPENED:c2:last(t:2, i:2), conf=conf: {index: 1, cur=peers:[s3|localhost:15152, s4|localhost:15156, s0|localhost:15140, s1|localhost:15144, s2|localhost:15148]|listeners:[], old=null} RUNNING
  s1:  RUNNING CANDIDATE s1@group-F5D0649D4159:t2, leader=null, voted=s4, raftlog=Memoized:s1@group-F5D0649D4159-SegmentedRaftLog:OPENED:c2:last(t:2, i:2), conf=conf: {index: 1, cur=peers:[s3|localhost:15152, s4|localhost:15156, s0|localhost:15140, s1|localhost:15144, s2|localhost:15148]|listeners:[], old=null} RUNNING
  s2:   CLOSED    LEADER s2@group-F5D0649D4159:t1, leader=s2, voted=s2, raftlog=Memoized:s2@group-F5D0649D4159-SegmentedRaftLog:CLOSED:c0, conf=conf: {index: 0, cur=peers:[s3|localhost:15152, s4|localhost:15156, s0|localhost:15140, s1|localhost:15144, s2|localhost:15148]|listeners:[], old=null} CLOSED
2024-10-07 19:12:36,143 [s1@group-F5D0649D4159-LeaderElection17] INFO  impl.LeaderElection (LeaderElection.java:logAndReturn(90)) - s1@group-F5D0649D4159-LeaderElection17: PRE_VOTE TIMEOUT received 1 response(s) and 2 exception(s):
2024-10-07 19:12:36,143 [s1@group-F5D0649D4159-LeaderElection17] INFO  impl.LeaderElection (LeaderElection.java:logAndReturn(94)) -   Response 0: s1<-s0#0:OK-t2
2024-10-07 19:12:36,143 [s1@group-F5D0649D4159-LeaderElection17] INFO  impl.LeaderElection (LogUtils.java:infoOrTrace(136)) -   Exception 1: java.util.concurrent.ExecutionException: org.apache.ratis.thirdparty.io.netty.channel.AbstractChannel$AnnotatedConnectException: finishConnect(..) failed: Connection refused: localhost/127.0.0.1:15148
2024-10-07 19:12:36,143 [s1@group-F5D0649D4159-LeaderElection17] INFO  impl.LeaderElection (LogUtils.java:infoOrTrace(136)) -   Exception 2: java.util.concurrent.ExecutionException: org.apache.ratis.thirdparty.io.netty.channel.AbstractChannel$AnnotatedConnectException: finishConnect(..) failed: Connection refused: localhost/127.0.0.1:15156
2024-10-07 19:12:36,143 [s1@group-F5D0649D4159-LeaderElection17] INFO  impl.LeaderElection (LeaderElection.java:askForVotes(339)) - s1@group-F5D0649D4159-LeaderElection17 PRE_VOTE round 151: result TIMEOUT
2024-10-07 19:12:36,143 [s1@group-F5D0649D4159-LeaderElection17] INFO  impl.LeaderElection (LeaderElection.java:askForVotes(337)) - s1@group-F5D0649D4159-LeaderElection17 PRE_VOTE round 152: submit vote requests at term 2 for conf: {index: 1, cur=peers:[s3|localhost:15152, s4|localhost:15156, s0|localhost:15140, s1|localhost:15144, s2|localhost:15148]|listeners:[], old=null}
2024-10-07 19:12:36,144 [NettyRpcService-workerGroup--thread3] INFO  server.RaftServer$Division (RaftServerImpl.java:requestVote(1443)) - s0@group-F5D0649D4159: receive requestVote(PRE_VOTE, s1, group-F5D0649D4159, 2, (t:2, i:2))
2024-10-07 19:12:36,144 [NettyRpcService-workerGroup--thread3] INFO  impl.VoteContext (VoteContext.java:log(49)) - s0@group-F5D0649D4159-CANDIDATE: accept PRE_VOTE from s1: our priority 0 <= candidate's priority 0
2024-10-07 19:12:36,144 [s1@group-F5D0649D4159-LeaderElection17] INFO  impl.LeaderElection (LogUtils.java:infoOrTrace(136)) - s1@group-F5D0649D4159-LeaderElection17 got exception when requesting votes: java.util.concurrent.ExecutionException: org.apache.ratis.thirdparty.io.netty.channel.AbstractChannel$AnnotatedConnectException: finishConnect(..) failed: Connection refused: localhost/127.0.0.1:15156
2024-10-07 19:12:36,144 [NettyRpcService-workerGroup--thread3] INFO  server.RaftServer$Division (RaftServerImpl.java:requestVote(1476)) - s0@group-F5D0649D4159 replies to PRE_VOTE vote request: s1<-s0#0:OK-t2. Peer's state: s0@group-F5D0649D4159:t2, leader=null, voted=s4, raftlog=Memoized:s0@group-F5D0649D4159-SegmentedRaftLog:OPENED:c2:last(t:2, i:2), conf=conf: {index: 1, cur=peers:[s3|localhost:15152, s4|localhost:15156, s0|localhost:15140, s1|localhost:15144, s2|localhost:15148]|listeners:[], old=null}
2024-10-07 19:12:36,144 [s1@group-F5D0649D4159-LeaderElection17] INFO  impl.LeaderElection (LogUtils.java:infoOrTrace(136)) - s1@group-F5D0649D4159-LeaderElection17 got exception when requesting votes: java.util.concurrent.ExecutionException: org.apache.ratis.thirdparty.io.netty.channel.AbstractChannel$AnnotatedConnectException: finishConnect(..) failed: Connection refused: localhost/127.0.0.1:15148
2024-10-07 19:12:36,311 [s1@group-F5D0649D4159-LeaderElection17] INFO  impl.LeaderElection (LeaderElection.java:logAndReturn(90)) - s1@group-F5D0649D4159-LeaderElection17: PRE_VOTE TIMEOUT received 1 response(s) and 2 exception(s):
2024-10-07 19:12:36,311 [s1@group-F5D0649D4159-LeaderElection17] INFO  impl.LeaderElection (LeaderElection.java:logAndReturn(94)) -   Response 0: s1<-s0#0:OK-t2
2024-10-07 19:12:36,311 [s1@group-F5D0649D4159-LeaderElection17] INFO  impl.LeaderElection (LogUtils.java:infoOrTrace(136)) -   Exception 1: java.util.concurrent.ExecutionException: org.apache.ratis.thirdparty.io.netty.channel.AbstractChannel$AnnotatedConnectException: finishConnect(..) failed: Connection refused: localhost/127.0.0.1:15156
2024-10-07 19:12:36,311 [s1@group-F5D0649D4159-LeaderElection17] INFO  impl.LeaderElection (LogUtils.java:infoOrTrace(136)) -   Exception 2: java.util.concurrent.ExecutionException: org.apache.ratis.thirdparty.io.netty.channel.AbstractChannel$AnnotatedConnectException: finishConnect(..) failed: Connection refused: localhost/127.0.0.1:15148
2024-10-07 19:12:36,311 [s1@group-F5D0649D4159-LeaderElection17] INFO  impl.LeaderElection (LeaderElection.java:askForVotes(339)) - s1@group-F5D0649D4159-LeaderElection17 PRE_VOTE round 152: result TIMEOUT
2024-10-07 19:12:36,311 [s1@group-F5D0649D4159-LeaderElection17] INFO  impl.LeaderElection (LeaderElection.java:askForVotes(337)) - s1@group-F5D0649D4159-LeaderElection17 PRE_VOTE round 153: submit vote requests at term 2 for conf: {index: 1, cur=peers:[s3|localhost:15152, s4|localhost:15156, s0|localhost:15140, s1|localhost:15144, s2|localhost:15148]|listeners:[], old=null}
2024-10-07 19:12:36,312 [NettyRpcService-workerGroup--thread3] INFO  server.RaftServer$Division (RaftServerImpl.java:requestVote(1443)) - s0@group-F5D0649D4159: receive requestVote(PRE_VOTE, s1, group-F5D0649D4159, 2, (t:2, i:2))
2024-10-07 19:12:36,312 [NettyRpcService-workerGroup--thread3] INFO  impl.VoteContext (VoteContext.java:log(49)) - s0@group-F5D0649D4159-CANDIDATE: accept PRE_VOTE from s1: our priority 0 <= candidate's priority 0
2024-10-07 19:12:36,312 [s1@group-F5D0649D4159-LeaderElection17] INFO  impl.LeaderElection (LogUtils.java:infoOrTrace(136)) - s1@group-F5D0649D4159-LeaderElection17 got exception when requesting votes: java.util.concurrent.ExecutionException: org.apache.ratis.thirdparty.io.netty.channel.AbstractChannel$AnnotatedConnectException: finishConnect(..) failed: Connection refused: localhost/127.0.0.1:15148
2024-10-07 19:12:36,312 [NettyRpcService-workerGroup--thread3] INFO  server.RaftServer$Division (RaftServerImpl.java:requestVote(1476)) - s0@group-F5D0649D4159 replies to PRE_VOTE vote request: s1<-s0#0:OK-t2. Peer's state: s0@group-F5D0649D4159:t2, leader=null, voted=s4, raftlog=Memoized:s0@group-F5D0649D4159-SegmentedRaftLog:OPENED:c2:last(t:2, i:2), conf=conf: {index: 1, cur=peers:[s3|localhost:15152, s4|localhost:15156, s0|localhost:15140, s1|localhost:15144, s2|localhost:15148]|listeners:[], old=null}
2024-10-07 19:12:36,313 [s1@group-F5D0649D4159-LeaderElection17] INFO  impl.LeaderElection (LogUtils.java:infoOrTrace(136)) - s1@group-F5D0649D4159-LeaderElection17 got exception when requesting votes: java.util.concurrent.ExecutionException: org.apache.ratis.thirdparty.io.netty.channel.AbstractChannel$AnnotatedConnectException: finishConnect(..) failed: Connection refused: localhost/127.0.0.1:15156
2024-10-07 19:12:36,345 [s0@group-F5D0649D4159-LeaderElection18] INFO  impl.LeaderElection (LeaderElection.java:logAndReturn(90)) - s0@group-F5D0649D4159-LeaderElection18: PRE_VOTE TIMEOUT received 1 response(s) and 2 exception(s):
2024-10-07 19:12:36,345 [s0@group-F5D0649D4159-LeaderElection18] INFO  impl.LeaderElection (LeaderElection.java:logAndReturn(94)) -   Response 0: s0<-s1#0:OK-t2
2024-10-07 19:12:36,345 [s0@group-F5D0649D4159-LeaderElection18] INFO  impl.LeaderElection (LogUtils.java:infoOrTrace(136)) -   Exception 1: java.util.concurrent.ExecutionException: org.apache.ratis.thirdparty.io.netty.channel.AbstractChannel$AnnotatedConnectException: finishConnect(..) failed: Connection refused: localhost/127.0.0.1:15148
2024-10-07 19:12:36,345 [s0@group-F5D0649D4159-LeaderElection18] INFO  impl.LeaderElection (LogUtils.java:infoOrTrace(136)) -   Exception 2: java.util.concurrent.ExecutionException: org.apache.ratis.thirdparty.io.netty.channel.AbstractChannel$AnnotatedConnectException: finishConnect(..) failed: Connection refused: localhost/127.0.0.1:15156
2024-10-07 19:12:36,345 [s0@group-F5D0649D4159-LeaderElection18] INFO  impl.LeaderElection (LeaderElection.java:askForVotes(339)) - s0@group-F5D0649D4159-LeaderElection18 PRE_VOTE round 134: result TIMEOUT
2024-10-07 19:12:36,345 [s0@group-F5D0649D4159-LeaderElection18] INFO  impl.LeaderElection (LeaderElection.java:askForVotes(337)) - s0@group-F5D0649D4159-LeaderElection18 PRE_VOTE round 135: submit vote requests at term 2 for conf: {index: 1, cur=peers:[s3|localhost:15152, s4|localhost:15156, s0|localhost:15140, s1|localhost:15144, s2|localhost:15148]|listeners:[], old=null}
2024-10-07 19:12:36,346 [NettyRpcService-workerGroup--thread3] INFO  server.RaftServer$Division (RaftServerImpl.java:requestVote(1443)) - s1@group-F5D0649D4159: receive requestVote(PRE_VOTE, s0, group-F5D0649D4159, 2, (t:2, i:2))
2024-10-07 19:12:36,346 [NettyRpcService-workerGroup--thread3] INFO  impl.VoteContext (VoteContext.java:log(49)) - s1@group-F5D0649D4159-CANDIDATE: accept PRE_VOTE from s0: our priority 0 <= candidate's priority 0
2024-10-07 19:12:36,346 [s0@group-F5D0649D4159-LeaderElection18] INFO  impl.LeaderElection (LogUtils.java:infoOrTrace(136)) - s0@group-F5D0649D4159-LeaderElection18 got exception when requesting votes: java.util.concurrent.ExecutionException: org.apache.ratis.thirdparty.io.netty.channel.AbstractChannel$AnnotatedConnectException: finishConnect(..) failed: Connection refused: localhost/127.0.0.1:15156
2024-10-07 19:12:36,346 [NettyRpcService-workerGroup--thread3] INFO  server.RaftServer$Division (RaftServerImpl.java:requestVote(1476)) - s1@group-F5D0649D4159 replies to PRE_VOTE vote request: s0<-s1#0:OK-t2. Peer's state: s1@group-F5D0649D4159:t2, leader=null, voted=s4, raftlog=Memoized:s1@group-F5D0649D4159-SegmentedRaftLog:OPENED:c2:last(t:2, i:2), conf=conf: {index: 1, cur=peers:[s3|localhost:15152, s4|localhost:15156, s0|localhost:15140, s1|localhost:15144, s2|localhost:15148]|listeners:[], old=null}
2024-10-07 19:12:36,346 [s0@group-F5D0649D4159-LeaderElection18] INFO  impl.LeaderElection (LogUtils.java:infoOrTrace(136)) - s0@group-F5D0649D4159-LeaderElection18 got exception when requesting votes: java.util.concurrent.ExecutionException: org.apache.ratis.thirdparty.io.netty.channel.AbstractChannel$AnnotatedConnectException: finishConnect(..) failed: Connection refused: localhost/127.0.0.1:15148
2024-10-07 19:12:36,546 [s1@group-F5D0649D4159-LeaderElection17] INFO  impl.LeaderElection (LeaderElection.java:logAndReturn(90)) - s1@group-F5D0649D4159-LeaderElection17: PRE_VOTE TIMEOUT received 1 response(s) and 2 exception(s):
2024-10-07 19:12:36,546 [s1@group-F5D0649D4159-LeaderElection17] INFO  impl.LeaderElection (LeaderElection.java:logAndReturn(94)) -   Response 0: s1<-s0#0:OK-t2
2024-10-07 19:12:36,546 [s1@group-F5D0649D4159-LeaderElection17] INFO  impl.LeaderElection (LogUtils.java:infoOrTrace(136)) -   Exception 1: java.util.concurrent.ExecutionException: org.apache.ratis.thirdparty.io.netty.channel.AbstractChannel$AnnotatedConnectException: finishConnect(..) failed: Connection refused: localhost/127.0.0.1:15148
2024-10-07 19:12:36,546 [s1@group-F5D0649D4159-LeaderElection17] INFO  impl.LeaderElection (LogUtils.java:infoOrTrace(136)) -   Exception 2: java.util.concurrent.ExecutionException: org.apache.ratis.thirdparty.io.netty.channel.AbstractChannel$AnnotatedConnectException: finishConnect(..) failed: Connection refused: localhost/127.0.0.1:15156
2024-10-07 19:12:36,546 [s1@group-F5D0649D4159-LeaderElection17] INFO  impl.LeaderElection (LeaderElection.java:askForVotes(339)) - s1@group-F5D0649D4159-LeaderElection17 PRE_VOTE round 153: result TIMEOUT
2024-10-07 19:12:36,547 [s1@group-F5D0649D4159-LeaderElection17] INFO  impl.LeaderElection (LeaderElection.java:askForVotes(337)) - s1@group-F5D0649D4159-LeaderElection17 PRE_VOTE round 154: submit vote requests at term 2 for conf: {index: 1, cur=peers:[s3|localhost:15152, s4|localhost:15156, s0|localhost:15140, s1|localhost:15144, s2|localhost:15148]|listeners:[], old=null}
2024-10-07 19:12:36,547 [NettyRpcService-workerGroup--thread3] INFO  server.RaftServer$Division (RaftServerImpl.java:requestVote(1443)) - s0@group-F5D0649D4159: receive requestVote(PRE_VOTE, s1, group-F5D0649D4159, 2, (t:2, i:2))
2024-10-07 19:12:36,547 [NettyRpcService-workerGroup--thread3] INFO  impl.VoteContext (VoteContext.java:log(49)) - s0@group-F5D0649D4159-CANDIDATE: accept PRE_VOTE from s1: our priority 0 <= candidate's priority 0
2024-10-07 19:12:36,547 [s1@group-F5D0649D4159-LeaderElection17] INFO  impl.LeaderElection (LogUtils.java:infoOrTrace(136)) - s1@group-F5D0649D4159-LeaderElection17 got exception when requesting votes: java.util.concurrent.ExecutionException: org.apache.ratis.thirdparty.io.netty.channel.AbstractChannel$AnnotatedConnectException: finishConnect(..) failed: Connection refused: localhost/127.0.0.1:15148
2024-10-07 19:12:36,548 [NettyRpcService-workerGroup--thread3] INFO  server.RaftServer$Division (RaftServerImpl.java:requestVote(1476)) - s0@group-F5D0649D4159 replies to PRE_VOTE vote request: s1<-s0#0:OK-t2. Peer's state: s0@group-F5D0649D4159:t2, leader=null, voted=s4, raftlog=Memoized:s0@group-F5D0649D4159-SegmentedRaftLog:OPENED:c2:last(t:2, i:2), conf=conf: {index: 1, cur=peers:[s3|localhost:15152, s4|localhost:15156, s0|localhost:15140, s1|localhost:15144, s2|localhost:15148]|listeners:[], old=null}
2024-10-07 19:12:36,548 [s1@group-F5D0649D4159-LeaderElection17] INFO  impl.LeaderElection (LogUtils.java:infoOrTrace(136)) - s1@group-F5D0649D4159-LeaderElection17 got exception when requesting votes: java.util.concurrent.ExecutionException: org.apache.ratis.thirdparty.io.netty.channel.AbstractChannel$AnnotatedConnectException: finishConnect(..) failed: Connection refused: localhost/127.0.0.1:15156
2024-10-07 19:12:36,571 [s0@group-F5D0649D4159-LeaderElection18] INFO  impl.LeaderElection (LeaderElection.java:logAndReturn(90)) - s0@group-F5D0649D4159-LeaderElection18: PRE_VOTE TIMEOUT received 1 response(s) and 2 exception(s):
2024-10-07 19:12:36,571 [s0@group-F5D0649D4159-LeaderElection18] INFO  impl.LeaderElection (LeaderElection.java:logAndReturn(94)) -   Response 0: s0<-s1#0:OK-t2
2024-10-07 19:12:36,571 [s0@group-F5D0649D4159-LeaderElection18] INFO  impl.LeaderElection (LogUtils.java:infoOrTrace(136)) -   Exception 1: java.util.concurrent.ExecutionException: org.apache.ratis.thirdparty.io.netty.channel.AbstractChannel$AnnotatedConnectException: finishConnect(..) failed: Connection refused: localhost/127.0.0.1:15156
2024-10-07 19:12:36,571 [s0@group-F5D0649D4159-LeaderElection18] INFO  impl.LeaderElection (LogUtils.java:infoOrTrace(136)) -   Exception 2: java.util.concurrent.ExecutionException: org.apache.ratis.thirdparty.io.netty.channel.AbstractChannel$AnnotatedConnectException: finishConnect(..) failed: Connection refused: localhost/127.0.0.1:15148
2024-10-07 19:12:36,571 [s0@group-F5D0649D4159-LeaderElection18] INFO  impl.LeaderElection (LeaderElection.java:askForVotes(339)) - s0@group-F5D0649D4159-LeaderElection18 PRE_VOTE round 135: result TIMEOUT
2024-10-07 19:12:36,571 [s0@group-F5D0649D4159-LeaderElection18] INFO  impl.LeaderElection (LeaderElection.java:askForVotes(337)) - s0@group-F5D0649D4159-LeaderElection18 PRE_VOTE round 136: submit vote requests at term 2 for conf: {index: 1, cur=peers:[s3|localhost:15152, s4|localhost:15156, s0|localhost:15140, s1|localhost:15144, s2|localhost:15148]|listeners:[], old=null}
2024-10-07 19:12:36,572 [NettyRpcService-workerGroup--thread3] INFO  server.RaftServer$Division (RaftServerImpl.java:requestVote(1443)) - s1@group-F5D0649D4159: receive requestVote(PRE_VOTE, s0, group-F5D0649D4159, 2, (t:2, i:2))
2024-10-07 19:12:36,572 [s0@group-F5D0649D4159-LeaderElection18] INFO  impl.LeaderElection (LogUtils.java:infoOrTrace(136)) - s0@group-F5D0649D4159-LeaderElection18 got exception when requesting votes: java.util.concurrent.ExecutionException: org.apache.ratis.thirdparty.io.netty.channel.AbstractChannel$AnnotatedConnectException: finishConnect(..) failed: Connection refused: localhost/127.0.0.1:15156
2024-10-07 19:12:36,572 [NettyRpcService-workerGroup--thread3] INFO  impl.VoteContext (VoteContext.java:log(49)) - s1@group-F5D0649D4159-CANDIDATE: accept PRE_VOTE from s0: our priority 0 <= candidate's priority 0
2024-10-07 19:12:36,572 [s0@group-F5D0649D4159-LeaderElection18] INFO  impl.LeaderElection (LogUtils.java:infoOrTrace(136)) - s0@group-F5D0649D4159-LeaderElection18 got exception when requesting votes: java.util.concurrent.ExecutionException: org.apache.ratis.thirdparty.io.netty.channel.AbstractChannel$AnnotatedConnectException: finishConnect(..) failed: Connection refused: localhost/127.0.0.1:15148
2024-10-07 19:12:36,572 [NettyRpcService-workerGroup--thread3] INFO  server.RaftServer$Division (RaftServerImpl.java:requestVote(1476)) - s1@group-F5D0649D4159 replies to PRE_VOTE vote request: s0<-s1#0:OK-t2. Peer's state: s1@group-F5D0649D4159:t2, leader=null, voted=s4, raftlog=Memoized:s1@group-F5D0649D4159-SegmentedRaftLog:OPENED:c2:last(t:2, i:2), conf=conf: {index: 1, cur=peers:[s3|localhost:15152, s4|localhost:15156, s0|localhost:15140, s1|localhost:15144, s2|localhost:15148]|listeners:[], old=null}
2024-10-07 19:12:36,574 [main] WARN  ratis.RaftTestUtil (RaftTestUtil.java:lambda$waitForLeader$3(126)) - Attempt #78 failed: java.lang.IllegalStateException: No leader yet : printing ALL groups
  s3:  RUNNING  FOLLOWER s3@group-F5D0649D4159:t1, leader=null, voted=null, raftlog=Memoized:s3@group-F5D0649D4159-SegmentedRaftLog:OPENED:c-1:lastnull, conf=conf: {index: -1, cur=peers:[s3|localhost:15152, s4|localhost:15156, s0|localhost:15140, s1|localhost:15144, s2|localhost:15148]|listeners:[], old=null} RUNNING
  s4:   CLOSED    LEADER s4@group-F5D0649D4159:t2, leader=s4, voted=s4, raftlog=Memoized:s4@group-F5D0649D4159-SegmentedRaftLog:CLOSED:c2, conf=conf: {index: 1, cur=peers:[s3|localhost:15152, s4|localhost:15156, s0|localhost:15140, s1|localhost:15144, s2|localhost:15148]|listeners:[], old=null} CLOSED
  s0:  RUNNING CANDIDATE s0@group-F5D0649D4159:t2, leader=null, voted=s4, raftlog=Memoized:s0@group-F5D0649D4159-SegmentedRaftLog:OPENED:c2:last(t:2, i:2), conf=conf: {index: 1, cur=peers:[s3|localhost:15152, s4|localhost:15156, s0|localhost:15140, s1|localhost:15144, s2|localhost:15148]|listeners:[], old=null} RUNNING
  s1:  RUNNING CANDIDATE s1@group-F5D0649D4159:t2, leader=null, voted=s4, raftlog=Memoized:s1@group-F5D0649D4159-SegmentedRaftLog:OPENED:c2:last(t:2, i:2), conf=conf: {index: 1, cur=peers:[s3|localhost:15152, s4|localhost:15156, s0|localhost:15140, s1|localhost:15144, s2|localhost:15148]|listeners:[], old=null} RUNNING
  s2:   CLOSED    LEADER s2@group-F5D0649D4159:t1, leader=s2, voted=s2, raftlog=Memoized:s2@group-F5D0649D4159-SegmentedRaftLog:CLOSED:c0, conf=conf: {index: 0, cur=peers:[s3|localhost:15152, s4|localhost:15156, s0|localhost:15140, s1|localhost:15144, s2|localhost:15148]|listeners:[], old=null} CLOSED
2024-10-07 19:12:36,724 [s0@group-F5D0649D4159-LeaderElection18] INFO  impl.LeaderElection (LeaderElection.java:logAndReturn(90)) - s0@group-F5D0649D4159-LeaderElection18: PRE_VOTE TIMEOUT received 1 response(s) and 2 exception(s):
2024-10-07 19:12:36,724 [s0@group-F5D0649D4159-LeaderElection18] INFO  impl.LeaderElection (LeaderElection.java:logAndReturn(94)) -   Response 0: s0<-s1#0:OK-t2
2024-10-07 19:12:36,724 [s0@group-F5D0649D4159-LeaderElection18] INFO  impl.LeaderElection (LogUtils.java:infoOrTrace(136)) -   Exception 1: java.util.concurrent.ExecutionException: org.apache.ratis.thirdparty.io.netty.channel.AbstractChannel$AnnotatedConnectException: finishConnect(..) failed: Connection refused: localhost/127.0.0.1:15156
2024-10-07 19:12:36,724 [s0@group-F5D0649D4159-LeaderElection18] INFO  impl.LeaderElection (LogUtils.java:infoOrTrace(136)) -   Exception 2: java.util.concurrent.ExecutionException: org.apache.ratis.thirdparty.io.netty.channel.AbstractChannel$AnnotatedConnectException: finishConnect(..) failed: Connection refused: localhost/127.0.0.1:15148
2024-10-07 19:12:36,724 [s0@group-F5D0649D4159-LeaderElection18] INFO  impl.LeaderElection (LeaderElection.java:askForVotes(339)) - s0@group-F5D0649D4159-LeaderElection18 PRE_VOTE round 136: result TIMEOUT
2024-10-07 19:12:36,724 [s0@group-F5D0649D4159-LeaderElection18] INFO  impl.LeaderElection (LeaderElection.java:askForVotes(337)) - s0@group-F5D0649D4159-LeaderElection18 PRE_VOTE round 137: submit vote requests at term 2 for conf: {index: 1, cur=peers:[s3|localhost:15152, s4|localhost:15156, s0|localhost:15140, s1|localhost:15144, s2|localhost:15148]|listeners:[], old=null}
2024-10-07 19:12:36,725 [NettyRpcService-workerGroup--thread3] INFO  server.RaftServer$Division (RaftServerImpl.java:requestVote(1443)) - s1@group-F5D0649D4159: receive requestVote(PRE_VOTE, s0, group-F5D0649D4159, 2, (t:2, i:2))
2024-10-07 19:12:36,725 [s0@group-F5D0649D4159-LeaderElection18] INFO  impl.LeaderElection (LogUtils.java:infoOrTrace(136)) - s0@group-F5D0649D4159-LeaderElection18 got exception when requesting votes: java.util.concurrent.ExecutionException: org.apache.ratis.thirdparty.io.netty.channel.AbstractChannel$AnnotatedConnectException: finishConnect(..) failed: Connection refused: localhost/127.0.0.1:15156
2024-10-07 19:12:36,725 [NettyRpcService-workerGroup--thread3] INFO  impl.VoteContext (VoteContext.java:log(49)) - s1@group-F5D0649D4159-CANDIDATE: accept PRE_VOTE from s0: our priority 0 <= candidate's priority 0
2024-10-07 19:12:36,725 [s0@group-F5D0649D4159-LeaderElection18] INFO  impl.LeaderElection (LogUtils.java:infoOrTrace(136)) - s0@group-F5D0649D4159-LeaderElection18 got exception when requesting votes: java.util.concurrent.ExecutionException: org.apache.ratis.thirdparty.io.netty.channel.AbstractChannel$AnnotatedConnectException: finishConnect(..) failed: Connection refused: localhost/127.0.0.1:15148
2024-10-07 19:12:36,725 [NettyRpcService-workerGroup--thread3] INFO  server.RaftServer$Division (RaftServerImpl.java:requestVote(1476)) - s1@group-F5D0649D4159 replies to PRE_VOTE vote request: s0<-s1#0:OK-t2. Peer's state: s1@group-F5D0649D4159:t2, leader=null, voted=s4, raftlog=Memoized:s1@group-F5D0649D4159-SegmentedRaftLog:OPENED:c2:last(t:2, i:2), conf=conf: {index: 1, cur=peers:[s3|localhost:15152, s4|localhost:15156, s0|localhost:15140, s1|localhost:15144, s2|localhost:15148]|listeners:[], old=null}
2024-10-07 19:12:36,817 [s1@group-F5D0649D4159-LeaderElection17] INFO  impl.LeaderElection (LeaderElection.java:logAndReturn(90)) - s1@group-F5D0649D4159-LeaderElection17: PRE_VOTE TIMEOUT received 1 response(s) and 2 exception(s):
2024-10-07 19:12:36,817 [s1@group-F5D0649D4159-LeaderElection17] INFO  impl.LeaderElection (LeaderElection.java:logAndReturn(94)) -   Response 0: s1<-s0#0:OK-t2
2024-10-07 19:12:36,817 [s1@group-F5D0649D4159-LeaderElection17] INFO  impl.LeaderElection (LogUtils.java:infoOrTrace(136)) -   Exception 1: java.util.concurrent.ExecutionException: org.apache.ratis.thirdparty.io.netty.channel.AbstractChannel$AnnotatedConnectException: finishConnect(..) failed: Connection refused: localhost/127.0.0.1:15148
2024-10-07 19:12:36,817 [s1@group-F5D0649D4159-LeaderElection17] INFO  impl.LeaderElection (LogUtils.java:infoOrTrace(136)) -   Exception 2: java.util.concurrent.ExecutionException: org.apache.ratis.thirdparty.io.netty.channel.AbstractChannel$AnnotatedConnectException: finishConnect(..) failed: Connection refused: localhost/127.0.0.1:15156
2024-10-07 19:12:36,818 [s1@group-F5D0649D4159-LeaderElection17] INFO  impl.LeaderElection (LeaderElection.java:askForVotes(339)) - s1@group-F5D0649D4159-LeaderElection17 PRE_VOTE round 154: result TIMEOUT
2024-10-07 19:12:36,818 [s1@group-F5D0649D4159-LeaderElection17] INFO  impl.LeaderElection (LeaderElection.java:askForVotes(337)) - s1@group-F5D0649D4159-LeaderElection17 PRE_VOTE round 155: submit vote requests at term 2 for conf: {index: 1, cur=peers:[s3|localhost:15152, s4|localhost:15156, s0|localhost:15140, s1|localhost:15144, s2|localhost:15148]|listeners:[], old=null}
2024-10-07 19:12:36,818 [NettyRpcService-workerGroup--thread3] INFO  server.RaftServer$Division (RaftServerImpl.java:requestVote(1443)) - s0@group-F5D0649D4159: receive requestVote(PRE_VOTE, s1, group-F5D0649D4159, 2, (t:2, i:2))
2024-10-07 19:12:36,819 [NettyRpcService-workerGroup--thread3] INFO  impl.VoteContext (VoteContext.java:log(49)) - s0@group-F5D0649D4159-CANDIDATE: accept PRE_VOTE from s1: our priority 0 <= candidate's priority 0
2024-10-07 19:12:36,819 [NettyRpcService-workerGroup--thread3] INFO  server.RaftServer$Division (RaftServerImpl.java:requestVote(1476)) - s0@group-F5D0649D4159 replies to PRE_VOTE vote request: s1<-s0#0:OK-t2. Peer's state: s0@group-F5D0649D4159:t2, leader=null, voted=s4, raftlog=Memoized:s0@group-F5D0649D4159-SegmentedRaftLog:OPENED:c2:last(t:2, i:2), conf=conf: {index: 1, cur=peers:[s3|localhost:15152, s4|localhost:15156, s0|localhost:15140, s1|localhost:15144, s2|localhost:15148]|listeners:[], old=null}
2024-10-07 19:12:36,819 [s1@group-F5D0649D4159-LeaderElection17] INFO  impl.LeaderElection (LogUtils.java:infoOrTrace(136)) - s1@group-F5D0649D4159-LeaderElection17 got exception when requesting votes: java.util.concurrent.ExecutionException: org.apache.ratis.thirdparty.io.netty.channel.AbstractChannel$AnnotatedConnectException: finishConnect(..) failed: Connection refused: localhost/127.0.0.1:15156
2024-10-07 19:12:36,819 [s1@group-F5D0649D4159-LeaderElection17] INFO  impl.LeaderElection (LogUtils.java:infoOrTrace(136)) - s1@group-F5D0649D4159-LeaderElection17 got exception when requesting votes: java.util.concurrent.ExecutionException: org.apache.ratis.thirdparty.io.netty.channel.AbstractChannel$AnnotatedConnectException: finishConnect(..) failed: Connection refused: localhost/127.0.0.1:15148
2024-10-07 19:12:37,014 [s0@group-F5D0649D4159-LeaderElection18] INFO  impl.LeaderElection (LeaderElection.java:logAndReturn(90)) - s0@group-F5D0649D4159-LeaderElection18: PRE_VOTE TIMEOUT received 1 response(s) and 2 exception(s):
2024-10-07 19:12:37,014 [s0@group-F5D0649D4159-LeaderElection18] INFO  impl.LeaderElection (LeaderElection.java:logAndReturn(94)) -   Response 0: s0<-s1#0:OK-t2
2024-10-07 19:12:37,014 [s0@group-F5D0649D4159-LeaderElection18] INFO  impl.LeaderElection (LogUtils.java:infoOrTrace(136)) -   Exception 1: java.util.concurrent.ExecutionException: org.apache.ratis.thirdparty.io.netty.channel.AbstractChannel$AnnotatedConnectException: finishConnect(..) failed: Connection refused: localhost/127.0.0.1:15156
2024-10-07 19:12:37,014 [s0@group-F5D0649D4159-LeaderElection18] INFO  impl.LeaderElection (LogUtils.java:infoOrTrace(136)) -   Exception 2: java.util.concurrent.ExecutionException: org.apache.ratis.thirdparty.io.netty.channel.AbstractChannel$AnnotatedConnectException: finishConnect(..) failed: Connection refused: localhost/127.0.0.1:15148
2024-10-07 19:12:37,014 [s0@group-F5D0649D4159-LeaderElection18] INFO  impl.LeaderElection (LeaderElection.java:askForVotes(339)) - s0@group-F5D0649D4159-LeaderElection18 PRE_VOTE round 137: result TIMEOUT
2024-10-07 19:12:37,014 [s0@group-F5D0649D4159-LeaderElection18] INFO  impl.LeaderElection (LeaderElection.java:askForVotes(337)) - s0@group-F5D0649D4159-LeaderElection18 PRE_VOTE round 138: submit vote requests at term 2 for conf: {index: 1, cur=peers:[s3|localhost:15152, s4|localhost:15156, s0|localhost:15140, s1|localhost:15144, s2|localhost:15148]|listeners:[], old=null}
2024-10-07 19:12:37,015 [NettyRpcService-workerGroup--thread3] INFO  server.RaftServer$Division (RaftServerImpl.java:requestVote(1443)) - s1@group-F5D0649D4159: receive requestVote(PRE_VOTE, s0, group-F5D0649D4159, 2, (t:2, i:2))
2024-10-07 19:12:37,015 [NettyRpcService-workerGroup--thread3] INFO  impl.VoteContext (VoteContext.java:log(49)) - s1@group-F5D0649D4159-CANDIDATE: accept PRE_VOTE from s0: our priority 0 <= candidate's priority 0
2024-10-07 19:12:37,015 [s0@group-F5D0649D4159-LeaderElection18] INFO  impl.LeaderElection (LogUtils.java:infoOrTrace(136)) - s0@group-F5D0649D4159-LeaderElection18 got exception when requesting votes: java.util.concurrent.ExecutionException: org.apache.ratis.thirdparty.io.netty.channel.AbstractChannel$AnnotatedConnectException: finishConnect(..) failed: Connection refused: localhost/127.0.0.1:15148
2024-10-07 19:12:37,015 [NettyRpcService-workerGroup--thread3] INFO  server.RaftServer$Division (RaftServerImpl.java:requestVote(1476)) - s1@group-F5D0649D4159 replies to PRE_VOTE vote request: s0<-s1#0:OK-t2. Peer's state: s1@group-F5D0649D4159:t2, leader=null, voted=s4, raftlog=Memoized:s1@group-F5D0649D4159-SegmentedRaftLog:OPENED:c2:last(t:2, i:2), conf=conf: {index: 1, cur=peers:[s3|localhost:15152, s4|localhost:15156, s0|localhost:15140, s1|localhost:15144, s2|localhost:15148]|listeners:[], old=null}
2024-10-07 19:12:37,015 [s0@group-F5D0649D4159-LeaderElection18] INFO  impl.LeaderElection (LogUtils.java:infoOrTrace(136)) - s0@group-F5D0649D4159-LeaderElection18 got exception when requesting votes: java.util.concurrent.ExecutionException: org.apache.ratis.thirdparty.io.netty.channel.AbstractChannel$AnnotatedConnectException: finishConnect(..) failed: Connection refused: localhost/127.0.0.1:15156
2024-10-07 19:12:37,024 [main] WARN  ratis.RaftTestUtil (RaftTestUtil.java:lambda$waitForLeader$3(126)) - Attempt #79 failed: java.lang.IllegalStateException: No leader yet : printing ALL groups
  s3:  RUNNING  FOLLOWER s3@group-F5D0649D4159:t1, leader=null, voted=null, raftlog=Memoized:s3@group-F5D0649D4159-SegmentedRaftLog:OPENED:c-1:lastnull, conf=conf: {index: -1, cur=peers:[s3|localhost:15152, s4|localhost:15156, s0|localhost:15140, s1|localhost:15144, s2|localhost:15148]|listeners:[], old=null} RUNNING
  s4:   CLOSED    LEADER s4@group-F5D0649D4159:t2, leader=s4, voted=s4, raftlog=Memoized:s4@group-F5D0649D4159-SegmentedRaftLog:CLOSED:c2, conf=conf: {index: 1, cur=peers:[s3|localhost:15152, s4|localhost:15156, s0|localhost:15140, s1|localhost:15144, s2|localhost:15148]|listeners:[], old=null} CLOSED
  s0:  RUNNING CANDIDATE s0@group-F5D0649D4159:t2, leader=null, voted=s4, raftlog=Memoized:s0@group-F5D0649D4159-SegmentedRaftLog:OPENED:c2:last(t:2, i:2), conf=conf: {index: 1, cur=peers:[s3|localhost:15152, s4|localhost:15156, s0|localhost:15140, s1|localhost:15144, s2|localhost:15148]|listeners:[], old=null} RUNNING
  s1:  RUNNING CANDIDATE s1@group-F5D0649D4159:t2, leader=null, voted=s4, raftlog=Memoized:s1@group-F5D0649D4159-SegmentedRaftLog:OPENED:c2:last(t:2, i:2), conf=conf: {index: 1, cur=peers:[s3|localhost:15152, s4|localhost:15156, s0|localhost:15140, s1|localhost:15144, s2|localhost:15148]|listeners:[], old=null} RUNNING
  s2:   CLOSED    LEADER s2@group-F5D0649D4159:t1, leader=s2, voted=s2, raftlog=Memoized:s2@group-F5D0649D4159-SegmentedRaftLog:CLOSED:c0, conf=conf: {index: 0, cur=peers:[s3|localhost:15152, s4|localhost:15156, s0|localhost:15140, s1|localhost:15144, s2|localhost:15148]|listeners:[], old=null} CLOSED
2024-10-07 19:12:37,086 [s1@group-F5D0649D4159-LeaderElection17] INFO  impl.LeaderElection (LeaderElection.java:logAndReturn(90)) - s1@group-F5D0649D4159-LeaderElection17: PRE_VOTE TIMEOUT received 1 response(s) and 2 exception(s):
2024-10-07 19:12:37,086 [s1@group-F5D0649D4159-LeaderElection17] INFO  impl.LeaderElection (LeaderElection.java:logAndReturn(94)) -   Response 0: s1<-s0#0:OK-t2
2024-10-07 19:12:37,086 [s1@group-F5D0649D4159-LeaderElection17] INFO  impl.LeaderElection (LogUtils.java:infoOrTrace(136)) -   Exception 1: java.util.concurrent.ExecutionException: org.apache.ratis.thirdparty.io.netty.channel.AbstractChannel$AnnotatedConnectException: finishConnect(..) failed: Connection refused: localhost/127.0.0.1:15156
2024-10-07 19:12:37,086 [s1@group-F5D0649D4159-LeaderElection17] INFO  impl.LeaderElection (LogUtils.java:infoOrTrace(136)) -   Exception 2: java.util.concurrent.ExecutionException: org.apache.ratis.thirdparty.io.netty.channel.AbstractChannel$AnnotatedConnectException: finishConnect(..) failed: Connection refused: localhost/127.0.0.1:15148
2024-10-07 19:12:37,087 [s1@group-F5D0649D4159-LeaderElection17] INFO  impl.LeaderElection (LeaderElection.java:askForVotes(339)) - s1@group-F5D0649D4159-LeaderElection17 PRE_VOTE round 155: result TIMEOUT
2024-10-07 19:12:37,087 [s1@group-F5D0649D4159-LeaderElection17] INFO  impl.LeaderElection (LeaderElection.java:askForVotes(337)) - s1@group-F5D0649D4159-LeaderElection17 PRE_VOTE round 156: submit vote requests at term 2 for conf: {index: 1, cur=peers:[s3|localhost:15152, s4|localhost:15156, s0|localhost:15140, s1|localhost:15144, s2|localhost:15148]|listeners:[], old=null}
2024-10-07 19:12:37,088 [NettyRpcService-workerGroup--thread3] INFO  server.RaftServer$Division (RaftServerImpl.java:requestVote(1443)) - s0@group-F5D0649D4159: receive requestVote(PRE_VOTE, s1, group-F5D0649D4159, 2, (t:2, i:2))
2024-10-07 19:12:37,088 [NettyRpcService-workerGroup--thread3] INFO  impl.VoteContext (VoteContext.java:log(49)) - s0@group-F5D0649D4159-CANDIDATE: accept PRE_VOTE from s1: our priority 0 <= candidate's priority 0
2024-10-07 19:12:37,088 [s1@group-F5D0649D4159-LeaderElection17] INFO  impl.LeaderElection (LogUtils.java:infoOrTrace(136)) - s1@group-F5D0649D4159-LeaderElection17 got exception when requesting votes: java.util.concurrent.ExecutionException: org.apache.ratis.thirdparty.io.netty.channel.AbstractChannel$AnnotatedConnectException: finishConnect(..) failed: Connection refused: localhost/127.0.0.1:15148
2024-10-07 19:12:37,088 [NettyRpcService-workerGroup--thread3] INFO  server.RaftServer$Division (RaftServerImpl.java:requestVote(1476)) - s0@group-F5D0649D4159 replies to PRE_VOTE vote request: s1<-s0#0:OK-t2. Peer's state: s0@group-F5D0649D4159:t2, leader=null, voted=s4, raftlog=Memoized:s0@group-F5D0649D4159-SegmentedRaftLog:OPENED:c2:last(t:2, i:2), conf=conf: {index: 1, cur=peers:[s3|localhost:15152, s4|localhost:15156, s0|localhost:15140, s1|localhost:15144, s2|localhost:15148]|listeners:[], old=null}
2024-10-07 19:12:37,088 [s1@group-F5D0649D4159-LeaderElection17] INFO  impl.LeaderElection (LogUtils.java:infoOrTrace(136)) - s1@group-F5D0649D4159-LeaderElection17 got exception when requesting votes: java.util.concurrent.ExecutionException: org.apache.ratis.thirdparty.io.netty.channel.AbstractChannel$AnnotatedConnectException: finishConnect(..) failed: Connection refused: localhost/127.0.0.1:15156
2024-10-07 19:12:37,228 [s0@group-F5D0649D4159-LeaderElection18] INFO  impl.LeaderElection (LeaderElection.java:logAndReturn(90)) - s0@group-F5D0649D4159-LeaderElection18: PRE_VOTE TIMEOUT received 1 response(s) and 2 exception(s):
2024-10-07 19:12:37,228 [s0@group-F5D0649D4159-LeaderElection18] INFO  impl.LeaderElection (LeaderElection.java:logAndReturn(94)) -   Response 0: s0<-s1#0:OK-t2
2024-10-07 19:12:37,228 [s0@group-F5D0649D4159-LeaderElection18] INFO  impl.LeaderElection (LogUtils.java:infoOrTrace(136)) -   Exception 1: java.util.concurrent.ExecutionException: org.apache.ratis.thirdparty.io.netty.channel.AbstractChannel$AnnotatedConnectException: finishConnect(..) failed: Connection refused: localhost/127.0.0.1:15148
2024-10-07 19:12:37,228 [s0@group-F5D0649D4159-LeaderElection18] INFO  impl.LeaderElection (LogUtils.java:infoOrTrace(136)) -   Exception 2: java.util.concurrent.ExecutionException: org.apache.ratis.thirdparty.io.netty.channel.AbstractChannel$AnnotatedConnectException: finishConnect(..) failed: Connection refused: localhost/127.0.0.1:15156
2024-10-07 19:12:37,228 [s0@group-F5D0649D4159-LeaderElection18] INFO  impl.LeaderElection (LeaderElection.java:askForVotes(339)) - s0@group-F5D0649D4159-LeaderElection18 PRE_VOTE round 138: result TIMEOUT
2024-10-07 19:12:37,228 [s0@group-F5D0649D4159-LeaderElection18] INFO  impl.LeaderElection (LeaderElection.java:askForVotes(337)) - s0@group-F5D0649D4159-LeaderElection18 PRE_VOTE round 139: submit vote requests at term 2 for conf: {index: 1, cur=peers:[s3|localhost:15152, s4|localhost:15156, s0|localhost:15140, s1|localhost:15144, s2|localhost:15148]|listeners:[], old=null}
2024-10-07 19:12:37,229 [NettyRpcService-workerGroup--thread3] INFO  server.RaftServer$Division (RaftServerImpl.java:requestVote(1443)) - s1@group-F5D0649D4159: receive requestVote(PRE_VOTE, s0, group-F5D0649D4159, 2, (t:2, i:2))
2024-10-07 19:12:37,229 [NettyRpcService-workerGroup--thread3] INFO  impl.VoteContext (VoteContext.java:log(49)) - s1@group-F5D0649D4159-CANDIDATE: accept PRE_VOTE from s0: our priority 0 <= candidate's priority 0
2024-10-07 19:12:37,229 [NettyRpcService-workerGroup--thread3] INFO  server.RaftServer$Division (RaftServerImpl.java:requestVote(1476)) - s1@group-F5D0649D4159 replies to PRE_VOTE vote request: s0<-s1#0:OK-t2. Peer's state: s1@group-F5D0649D4159:t2, leader=null, voted=s4, raftlog=Memoized:s1@group-F5D0649D4159-SegmentedRaftLog:OPENED:c2:last(t:2, i:2), conf=conf: {index: 1, cur=peers:[s3|localhost:15152, s4|localhost:15156, s0|localhost:15140, s1|localhost:15144, s2|localhost:15148]|listeners:[], old=null}
2024-10-07 19:12:37,230 [s0@group-F5D0649D4159-LeaderElection18] INFO  impl.LeaderElection (LogUtils.java:infoOrTrace(136)) - s0@group-F5D0649D4159-LeaderElection18 got exception when requesting votes: java.util.concurrent.ExecutionException: org.apache.ratis.thirdparty.io.netty.channel.AbstractChannel$AnnotatedConnectException: finishConnect(..) failed: Connection refused: localhost/127.0.0.1:15148
2024-10-07 19:12:37,230 [s0@group-F5D0649D4159-LeaderElection18] INFO  impl.LeaderElection (LogUtils.java:infoOrTrace(136)) - s0@group-F5D0649D4159-LeaderElection18 got exception when requesting votes: java.util.concurrent.ExecutionException: org.apache.ratis.thirdparty.io.netty.channel.AbstractChannel$AnnotatedConnectException: finishConnect(..) failed: Connection refused: localhost/127.0.0.1:15156
2024-10-07 19:12:37,330 [s1@group-F5D0649D4159-LeaderElection17] INFO  impl.LeaderElection (LeaderElection.java:logAndReturn(90)) - s1@group-F5D0649D4159-LeaderElection17: PRE_VOTE TIMEOUT received 1 response(s) and 2 exception(s):
2024-10-07 19:12:37,330 [s1@group-F5D0649D4159-LeaderElection17] INFO  impl.LeaderElection (LeaderElection.java:logAndReturn(94)) -   Response 0: s1<-s0#0:OK-t2
2024-10-07 19:12:37,330 [s1@group-F5D0649D4159-LeaderElection17] INFO  impl.LeaderElection (LogUtils.java:infoOrTrace(136)) -   Exception 1: java.util.concurrent.ExecutionException: org.apache.ratis.thirdparty.io.netty.channel.AbstractChannel$AnnotatedConnectException: finishConnect(..) failed: Connection refused: localhost/127.0.0.1:15148
2024-10-07 19:12:37,330 [s1@group-F5D0649D4159-LeaderElection17] INFO  impl.LeaderElection (LogUtils.java:infoOrTrace(136)) -   Exception 2: java.util.concurrent.ExecutionException: org.apache.ratis.thirdparty.io.netty.channel.AbstractChannel$AnnotatedConnectException: finishConnect(..) failed: Connection refused: localhost/127.0.0.1:15156
2024-10-07 19:12:37,330 [s1@group-F5D0649D4159-LeaderElection17] INFO  impl.LeaderElection (LeaderElection.java:askForVotes(339)) - s1@group-F5D0649D4159-LeaderElection17 PRE_VOTE round 156: result TIMEOUT
2024-10-07 19:12:37,330 [s1@group-F5D0649D4159-LeaderElection17] INFO  impl.LeaderElection (LeaderElection.java:askForVotes(337)) - s1@group-F5D0649D4159-LeaderElection17 PRE_VOTE round 157: submit vote requests at term 2 for conf: {index: 1, cur=peers:[s3|localhost:15152, s4|localhost:15156, s0|localhost:15140, s1|localhost:15144, s2|localhost:15148]|listeners:[], old=null}
2024-10-07 19:12:37,331 [NettyRpcService-workerGroup--thread3] INFO  server.RaftServer$Division (RaftServerImpl.java:requestVote(1443)) - s0@group-F5D0649D4159: receive requestVote(PRE_VOTE, s1, group-F5D0649D4159, 2, (t:2, i:2))
2024-10-07 19:12:37,331 [NettyRpcService-workerGroup--thread3] INFO  impl.VoteContext (VoteContext.java:log(49)) - s0@group-F5D0649D4159-CANDIDATE: accept PRE_VOTE from s1: our priority 0 <= candidate's priority 0
2024-10-07 19:12:37,331 [s1@group-F5D0649D4159-LeaderElection17] INFO  impl.LeaderElection (LogUtils.java:infoOrTrace(136)) - s1@group-F5D0649D4159-LeaderElection17 got exception when requesting votes: java.util.concurrent.ExecutionException: org.apache.ratis.thirdparty.io.netty.channel.AbstractChannel$AnnotatedConnectException: finishConnect(..) failed: Connection refused: localhost/127.0.0.1:15148
2024-10-07 19:12:37,331 [NettyRpcService-workerGroup--thread3] INFO  server.RaftServer$Division (RaftServerImpl.java:requestVote(1476)) - s0@group-F5D0649D4159 replies to PRE_VOTE vote request: s1<-s0#0:OK-t2. Peer's state: s0@group-F5D0649D4159:t2, leader=null, voted=s4, raftlog=Memoized:s0@group-F5D0649D4159-SegmentedRaftLog:OPENED:c2:last(t:2, i:2), conf=conf: {index: 1, cur=peers:[s3|localhost:15152, s4|localhost:15156, s0|localhost:15140, s1|localhost:15144, s2|localhost:15148]|listeners:[], old=null}
2024-10-07 19:12:37,331 [s1@group-F5D0649D4159-LeaderElection17] INFO  impl.LeaderElection (LogUtils.java:infoOrTrace(136)) - s1@group-F5D0649D4159-LeaderElection17 got exception when requesting votes: java.util.concurrent.ExecutionException: org.apache.ratis.thirdparty.io.netty.channel.AbstractChannel$AnnotatedConnectException: finishConnect(..) failed: Connection refused: localhost/127.0.0.1:15156
2024-10-07 19:12:37,475 [main] WARN  ratis.RaftTestUtil (RaftTestUtil.java:lambda$waitForLeader$3(126)) - Attempt #80 failed: java.lang.IllegalStateException: No leader yet : printing ALL groups
  s3:  RUNNING  FOLLOWER s3@group-F5D0649D4159:t1, leader=null, voted=null, raftlog=Memoized:s3@group-F5D0649D4159-SegmentedRaftLog:OPENED:c-1:lastnull, conf=conf: {index: -1, cur=peers:[s3|localhost:15152, s4|localhost:15156, s0|localhost:15140, s1|localhost:15144, s2|localhost:15148]|listeners:[], old=null} RUNNING
  s4:   CLOSED    LEADER s4@group-F5D0649D4159:t2, leader=s4, voted=s4, raftlog=Memoized:s4@group-F5D0649D4159-SegmentedRaftLog:CLOSED:c2, conf=conf: {index: 1, cur=peers:[s3|localhost:15152, s4|localhost:15156, s0|localhost:15140, s1|localhost:15144, s2|localhost:15148]|listeners:[], old=null} CLOSED
  s0:  RUNNING CANDIDATE s0@group-F5D0649D4159:t2, leader=null, voted=s4, raftlog=Memoized:s0@group-F5D0649D4159-SegmentedRaftLog:OPENED:c2:last(t:2, i:2), conf=conf: {index: 1, cur=peers:[s3|localhost:15152, s4|localhost:15156, s0|localhost:15140, s1|localhost:15144, s2|localhost:15148]|listeners:[], old=null} RUNNING
  s1:  RUNNING CANDIDATE s1@group-F5D0649D4159:t2, leader=null, voted=s4, raftlog=Memoized:s1@group-F5D0649D4159-SegmentedRaftLog:OPENED:c2:last(t:2, i:2), conf=conf: {index: 1, cur=peers:[s3|localhost:15152, s4|localhost:15156, s0|localhost:15140, s1|localhost:15144, s2|localhost:15148]|listeners:[], old=null} RUNNING
  s2:   CLOSED    LEADER s2@group-F5D0649D4159:t1, leader=s2, voted=s2, raftlog=Memoized:s2@group-F5D0649D4159-SegmentedRaftLog:CLOSED:c0, conf=conf: {index: 0, cur=peers:[s3|localhost:15152, s4|localhost:15156, s0|localhost:15140, s1|localhost:15144, s2|localhost:15148]|listeners:[], old=null} CLOSED
2024-10-07 19:12:37,529 [s0@group-F5D0649D4159-LeaderElection18] INFO  impl.LeaderElection (LeaderElection.java:logAndReturn(90)) - s0@group-F5D0649D4159-LeaderElection18: PRE_VOTE TIMEOUT received 1 response(s) and 2 exception(s):
2024-10-07 19:12:37,529 [s0@group-F5D0649D4159-LeaderElection18] INFO  impl.LeaderElection (LeaderElection.java:logAndReturn(94)) -   Response 0: s0<-s1#0:OK-t2
2024-10-07 19:12:37,529 [s0@group-F5D0649D4159-LeaderElection18] INFO  impl.LeaderElection (LogUtils.java:infoOrTrace(136)) -   Exception 1: java.util.concurrent.ExecutionException: org.apache.ratis.thirdparty.io.netty.channel.AbstractChannel$AnnotatedConnectException: finishConnect(..) failed: Connection refused: localhost/127.0.0.1:15148
2024-10-07 19:12:37,529 [s0@group-F5D0649D4159-LeaderElection18] INFO  impl.LeaderElection (LogUtils.java:infoOrTrace(136)) -   Exception 2: java.util.concurrent.ExecutionException: org.apache.ratis.thirdparty.io.netty.channel.AbstractChannel$AnnotatedConnectException: finishConnect(..) failed: Connection refused: localhost/127.0.0.1:15156
2024-10-07 19:12:37,529 [s0@group-F5D0649D4159-LeaderElection18] INFO  impl.LeaderElection (LeaderElection.java:askForVotes(339)) - s0@group-F5D0649D4159-LeaderElection18 PRE_VOTE round 139: result TIMEOUT
2024-10-07 19:12:37,529 [s0@group-F5D0649D4159-LeaderElection18] INFO  impl.LeaderElection (LeaderElection.java:askForVotes(337)) - s0@group-F5D0649D4159-LeaderElection18 PRE_VOTE round 140: submit vote requests at term 2 for conf: {index: 1, cur=peers:[s3|localhost:15152, s4|localhost:15156, s0|localhost:15140, s1|localhost:15144, s2|localhost:15148]|listeners:[], old=null}
2024-10-07 19:12:37,530 [NettyRpcService-workerGroup--thread3] INFO  server.RaftServer$Division (RaftServerImpl.java:requestVote(1443)) - s1@group-F5D0649D4159: receive requestVote(PRE_VOTE, s0, group-F5D0649D4159, 2, (t:2, i:2))
2024-10-07 19:12:37,530 [NettyRpcService-workerGroup--thread3] INFO  impl.VoteContext (VoteContext.java:log(49)) - s1@group-F5D0649D4159-CANDIDATE: accept PRE_VOTE from s0: our priority 0 <= candidate's priority 0
2024-10-07 19:12:37,531 [NettyRpcService-workerGroup--thread3] INFO  server.RaftServer$Division (RaftServerImpl.java:requestVote(1476)) - s1@group-F5D0649D4159 replies to PRE_VOTE vote request: s0<-s1#0:OK-t2. Peer's state: s1@group-F5D0649D4159:t2, leader=null, voted=s4, raftlog=Memoized:s1@group-F5D0649D4159-SegmentedRaftLog:OPENED:c2:last(t:2, i:2), conf=conf: {index: 1, cur=peers:[s3|localhost:15152, s4|localhost:15156, s0|localhost:15140, s1|localhost:15144, s2|localhost:15148]|listeners:[], old=null}
2024-10-07 19:12:37,531 [s0@group-F5D0649D4159-LeaderElection18] INFO  impl.LeaderElection (LogUtils.java:infoOrTrace(136)) - s0@group-F5D0649D4159-LeaderElection18 got exception when requesting votes: java.util.concurrent.ExecutionException: org.apache.ratis.thirdparty.io.netty.channel.AbstractChannel$AnnotatedConnectException: finishConnect(..) failed: Connection refused: localhost/127.0.0.1:15156
2024-10-07 19:12:37,531 [s0@group-F5D0649D4159-LeaderElection18] INFO  impl.LeaderElection (LogUtils.java:infoOrTrace(136)) - s0@group-F5D0649D4159-LeaderElection18 got exception when requesting votes: java.util.concurrent.ExecutionException: org.apache.ratis.thirdparty.io.netty.channel.AbstractChannel$AnnotatedConnectException: finishConnect(..) failed: Connection refused: localhost/127.0.0.1:15148
2024-10-07 19:12:37,612 [s1@group-F5D0649D4159-LeaderElection17] INFO  impl.LeaderElection (LeaderElection.java:logAndReturn(90)) - s1@group-F5D0649D4159-LeaderElection17: PRE_VOTE TIMEOUT received 1 response(s) and 2 exception(s):
2024-10-07 19:12:37,612 [s1@group-F5D0649D4159-LeaderElection17] INFO  impl.LeaderElection (LeaderElection.java:logAndReturn(94)) -   Response 0: s1<-s0#0:OK-t2
2024-10-07 19:12:37,612 [s1@group-F5D0649D4159-LeaderElection17] INFO  impl.LeaderElection (LogUtils.java:infoOrTrace(136)) -   Exception 1: java.util.concurrent.ExecutionException: org.apache.ratis.thirdparty.io.netty.channel.AbstractChannel$AnnotatedConnectException: finishConnect(..) failed: Connection refused: localhost/127.0.0.1:15148
2024-10-07 19:12:37,612 [s1@group-F5D0649D4159-LeaderElection17] INFO  impl.LeaderElection (LogUtils.java:infoOrTrace(136)) -   Exception 2: java.util.concurrent.ExecutionException: org.apache.ratis.thirdparty.io.netty.channel.AbstractChannel$AnnotatedConnectException: finishConnect(..) failed: Connection refused: localhost/127.0.0.1:15156
2024-10-07 19:12:37,612 [s1@group-F5D0649D4159-LeaderElection17] INFO  impl.LeaderElection (LeaderElection.java:askForVotes(339)) - s1@group-F5D0649D4159-LeaderElection17 PRE_VOTE round 157: result TIMEOUT
2024-10-07 19:12:37,612 [s1@group-F5D0649D4159-LeaderElection17] INFO  impl.LeaderElection (LeaderElection.java:askForVotes(337)) - s1@group-F5D0649D4159-LeaderElection17 PRE_VOTE round 158: submit vote requests at term 2 for conf: {index: 1, cur=peers:[s3|localhost:15152, s4|localhost:15156, s0|localhost:15140, s1|localhost:15144, s2|localhost:15148]|listeners:[], old=null}
2024-10-07 19:12:37,613 [s1@group-F5D0649D4159-LeaderElection17] INFO  impl.LeaderElection (LogUtils.java:infoOrTrace(136)) - s1@group-F5D0649D4159-LeaderElection17 got exception when requesting votes: java.util.concurrent.ExecutionException: org.apache.ratis.thirdparty.io.netty.channel.AbstractChannel$AnnotatedConnectException: finishConnect(..) failed: Connection refused: localhost/127.0.0.1:15156
2024-10-07 19:12:37,613 [NettyRpcService-workerGroup--thread3] INFO  server.RaftServer$Division (RaftServerImpl.java:requestVote(1443)) - s0@group-F5D0649D4159: receive requestVote(PRE_VOTE, s1, group-F5D0649D4159, 2, (t:2, i:2))
2024-10-07 19:12:37,613 [s1@group-F5D0649D4159-LeaderElection17] INFO  impl.LeaderElection (LogUtils.java:infoOrTrace(136)) - s1@group-F5D0649D4159-LeaderElection17 got exception when requesting votes: java.util.concurrent.ExecutionException: org.apache.ratis.thirdparty.io.netty.channel.AbstractChannel$AnnotatedConnectException: finishConnect(..) failed: Connection refused: localhost/127.0.0.1:15148
2024-10-07 19:12:37,613 [NettyRpcService-workerGroup--thread3] INFO  impl.VoteContext (VoteContext.java:log(49)) - s0@group-F5D0649D4159-CANDIDATE: accept PRE_VOTE from s1: our priority 0 <= candidate's priority 0
2024-10-07 19:12:37,613 [NettyRpcService-workerGroup--thread3] INFO  server.RaftServer$Division (RaftServerImpl.java:requestVote(1476)) - s0@group-F5D0649D4159 replies to PRE_VOTE vote request: s1<-s0#0:OK-t2. Peer's state: s0@group-F5D0649D4159:t2, leader=null, voted=s4, raftlog=Memoized:s0@group-F5D0649D4159-SegmentedRaftLog:OPENED:c2:last(t:2, i:2), conf=conf: {index: 1, cur=peers:[s3|localhost:15152, s4|localhost:15156, s0|localhost:15140, s1|localhost:15144, s2|localhost:15148]|listeners:[], old=null}
2024-10-07 19:12:37,810 [s0@group-F5D0649D4159-LeaderElection18] INFO  impl.LeaderElection (LeaderElection.java:logAndReturn(90)) - s0@group-F5D0649D4159-LeaderElection18: PRE_VOTE TIMEOUT received 1 response(s) and 2 exception(s):
2024-10-07 19:12:37,810 [s0@group-F5D0649D4159-LeaderElection18] INFO  impl.LeaderElection (LeaderElection.java:logAndReturn(94)) -   Response 0: s0<-s1#0:OK-t2
2024-10-07 19:12:37,810 [s0@group-F5D0649D4159-LeaderElection18] INFO  impl.LeaderElection (LogUtils.java:infoOrTrace(136)) -   Exception 1: java.util.concurrent.ExecutionException: org.apache.ratis.thirdparty.io.netty.channel.AbstractChannel$AnnotatedConnectException: finishConnect(..) failed: Connection refused: localhost/127.0.0.1:15156
2024-10-07 19:12:37,810 [s0@group-F5D0649D4159-LeaderElection18] INFO  impl.LeaderElection (LogUtils.java:infoOrTrace(136)) -   Exception 2: java.util.concurrent.ExecutionException: org.apache.ratis.thirdparty.io.netty.channel.AbstractChannel$AnnotatedConnectException: finishConnect(..) failed: Connection refused: localhost/127.0.0.1:15148
2024-10-07 19:12:37,810 [s0@group-F5D0649D4159-LeaderElection18] INFO  impl.LeaderElection (LeaderElection.java:askForVotes(339)) - s0@group-F5D0649D4159-LeaderElection18 PRE_VOTE round 140: result TIMEOUT
2024-10-07 19:12:37,811 [s0@group-F5D0649D4159-LeaderElection18] INFO  impl.LeaderElection (LeaderElection.java:askForVotes(337)) - s0@group-F5D0649D4159-LeaderElection18 PRE_VOTE round 141: submit vote requests at term 2 for conf: {index: 1, cur=peers:[s3|localhost:15152, s4|localhost:15156, s0|localhost:15140, s1|localhost:15144, s2|localhost:15148]|listeners:[], old=null}
2024-10-07 19:12:37,811 [NettyRpcService-workerGroup--thread3] INFO  server.RaftServer$Division (RaftServerImpl.java:requestVote(1443)) - s1@group-F5D0649D4159: receive requestVote(PRE_VOTE, s0, group-F5D0649D4159, 2, (t:2, i:2))
2024-10-07 19:12:37,811 [NettyRpcService-workerGroup--thread3] INFO  impl.VoteContext (VoteContext.java:log(49)) - s1@group-F5D0649D4159-CANDIDATE: accept PRE_VOTE from s0: our priority 0 <= candidate's priority 0
2024-10-07 19:12:37,812 [s0@group-F5D0649D4159-LeaderElection18] INFO  impl.LeaderElection (LogUtils.java:infoOrTrace(136)) - s0@group-F5D0649D4159-LeaderElection18 got exception when requesting votes: java.util.concurrent.ExecutionException: org.apache.ratis.thirdparty.io.netty.channel.AbstractChannel$AnnotatedConnectException: finishConnect(..) failed: Connection refused: localhost/127.0.0.1:15156
2024-10-07 19:12:37,812 [NettyRpcService-workerGroup--thread3] INFO  server.RaftServer$Division (RaftServerImpl.java:requestVote(1476)) - s1@group-F5D0649D4159 replies to PRE_VOTE vote request: s0<-s1#0:OK-t2. Peer's state: s1@group-F5D0649D4159:t2, leader=null, voted=s4, raftlog=Memoized:s1@group-F5D0649D4159-SegmentedRaftLog:OPENED:c2:last(t:2, i:2), conf=conf: {index: 1, cur=peers:[s3|localhost:15152, s4|localhost:15156, s0|localhost:15140, s1|localhost:15144, s2|localhost:15148]|listeners:[], old=null}
2024-10-07 19:12:37,812 [s0@group-F5D0649D4159-LeaderElection18] INFO  impl.LeaderElection (LogUtils.java:infoOrTrace(136)) - s0@group-F5D0649D4159-LeaderElection18 got exception when requesting votes: java.util.concurrent.ExecutionException: org.apache.ratis.thirdparty.io.netty.channel.AbstractChannel$AnnotatedConnectException: finishConnect(..) failed: Connection refused: localhost/127.0.0.1:15148
2024-10-07 19:12:37,893 [s1@group-F5D0649D4159-LeaderElection17] INFO  impl.LeaderElection (LeaderElection.java:logAndReturn(90)) - s1@group-F5D0649D4159-LeaderElection17: PRE_VOTE TIMEOUT received 1 response(s) and 2 exception(s):
2024-10-07 19:12:37,893 [s1@group-F5D0649D4159-LeaderElection17] INFO  impl.LeaderElection (LeaderElection.java:logAndReturn(94)) -   Response 0: s1<-s0#0:OK-t2
2024-10-07 19:12:37,893 [s1@group-F5D0649D4159-LeaderElection17] INFO  impl.LeaderElection (LogUtils.java:infoOrTrace(136)) -   Exception 1: java.util.concurrent.ExecutionException: org.apache.ratis.thirdparty.io.netty.channel.AbstractChannel$AnnotatedConnectException: finishConnect(..) failed: Connection refused: localhost/127.0.0.1:15156
2024-10-07 19:12:37,893 [s1@group-F5D0649D4159-LeaderElection17] INFO  impl.LeaderElection (LogUtils.java:infoOrTrace(136)) -   Exception 2: java.util.concurrent.ExecutionException: org.apache.ratis.thirdparty.io.netty.channel.AbstractChannel$AnnotatedConnectException: finishConnect(..) failed: Connection refused: localhost/127.0.0.1:15148
2024-10-07 19:12:37,893 [s1@group-F5D0649D4159-LeaderElection17] INFO  impl.LeaderElection (LeaderElection.java:askForVotes(339)) - s1@group-F5D0649D4159-LeaderElection17 PRE_VOTE round 158: result TIMEOUT
2024-10-07 19:12:37,893 [s1@group-F5D0649D4159-LeaderElection17] INFO  impl.LeaderElection (LeaderElection.java:askForVotes(337)) - s1@group-F5D0649D4159-LeaderElection17 PRE_VOTE round 159: submit vote requests at term 2 for conf: {index: 1, cur=peers:[s3|localhost:15152, s4|localhost:15156, s0|localhost:15140, s1|localhost:15144, s2|localhost:15148]|listeners:[], old=null}
2024-10-07 19:12:37,894 [NettyRpcService-workerGroup--thread3] INFO  server.RaftServer$Division (RaftServerImpl.java:requestVote(1443)) - s0@group-F5D0649D4159: receive requestVote(PRE_VOTE, s1, group-F5D0649D4159, 2, (t:2, i:2))
2024-10-07 19:12:37,894 [NettyRpcService-workerGroup--thread3] INFO  impl.VoteContext (VoteContext.java:log(49)) - s0@group-F5D0649D4159-CANDIDATE: accept PRE_VOTE from s1: our priority 0 <= candidate's priority 0
2024-10-07 19:12:37,894 [s1@group-F5D0649D4159-LeaderElection17] INFO  impl.LeaderElection (LogUtils.java:infoOrTrace(136)) - s1@group-F5D0649D4159-LeaderElection17 got exception when requesting votes: java.util.concurrent.ExecutionException: org.apache.ratis.thirdparty.io.netty.channel.AbstractChannel$AnnotatedConnectException: finishConnect(..) failed: Connection refused: localhost/127.0.0.1:15156
2024-10-07 19:12:37,894 [NettyRpcService-workerGroup--thread3] INFO  server.RaftServer$Division (RaftServerImpl.java:requestVote(1476)) - s0@group-F5D0649D4159 replies to PRE_VOTE vote request: s1<-s0#0:OK-t2. Peer's state: s0@group-F5D0649D4159:t2, leader=null, voted=s4, raftlog=Memoized:s0@group-F5D0649D4159-SegmentedRaftLog:OPENED:c2:last(t:2, i:2), conf=conf: {index: 1, cur=peers:[s3|localhost:15152, s4|localhost:15156, s0|localhost:15140, s1|localhost:15144, s2|localhost:15148]|listeners:[], old=null}
2024-10-07 19:12:37,894 [s1@group-F5D0649D4159-LeaderElection17] INFO  impl.LeaderElection (LogUtils.java:infoOrTrace(136)) - s1@group-F5D0649D4159-LeaderElection17 got exception when requesting votes: java.util.concurrent.ExecutionException: org.apache.ratis.thirdparty.io.netty.channel.AbstractChannel$AnnotatedConnectException: finishConnect(..) failed: Connection refused: localhost/127.0.0.1:15148
2024-10-07 19:12:37,925 [main] WARN  ratis.RaftTestUtil (RaftTestUtil.java:lambda$waitForLeader$3(126)) - Attempt #81 failed: java.lang.IllegalStateException: No leader yet : printing ALL groups
  s3:  RUNNING  FOLLOWER s3@group-F5D0649D4159:t1, leader=null, voted=null, raftlog=Memoized:s3@group-F5D0649D4159-SegmentedRaftLog:OPENED:c-1:lastnull, conf=conf: {index: -1, cur=peers:[s3|localhost:15152, s4|localhost:15156, s0|localhost:15140, s1|localhost:15144, s2|localhost:15148]|listeners:[], old=null} RUNNING
  s4:   CLOSED    LEADER s4@group-F5D0649D4159:t2, leader=s4, voted=s4, raftlog=Memoized:s4@group-F5D0649D4159-SegmentedRaftLog:CLOSED:c2, conf=conf: {index: 1, cur=peers:[s3|localhost:15152, s4|localhost:15156, s0|localhost:15140, s1|localhost:15144, s2|localhost:15148]|listeners:[], old=null} CLOSED
  s0:  RUNNING CANDIDATE s0@group-F5D0649D4159:t2, leader=null, voted=s4, raftlog=Memoized:s0@group-F5D0649D4159-SegmentedRaftLog:OPENED:c2:last(t:2, i:2), conf=conf: {index: 1, cur=peers:[s3|localhost:15152, s4|localhost:15156, s0|localhost:15140, s1|localhost:15144, s2|localhost:15148]|listeners:[], old=null} RUNNING
  s1:  RUNNING CANDIDATE s1@group-F5D0649D4159:t2, leader=null, voted=s4, raftlog=Memoized:s1@group-F5D0649D4159-SegmentedRaftLog:OPENED:c2:last(t:2, i:2), conf=conf: {index: 1, cur=peers:[s3|localhost:15152, s4|localhost:15156, s0|localhost:15140, s1|localhost:15144, s2|localhost:15148]|listeners:[], old=null} RUNNING
  s2:   CLOSED    LEADER s2@group-F5D0649D4159:t1, leader=s2, voted=s2, raftlog=Memoized:s2@group-F5D0649D4159-SegmentedRaftLog:CLOSED:c0, conf=conf: {index: 0, cur=peers:[s3|localhost:15152, s4|localhost:15156, s0|localhost:15140, s1|localhost:15144, s2|localhost:15148]|listeners:[], old=null} CLOSED
2024-10-07 19:12:38,090 [s0@group-F5D0649D4159-LeaderElection18] INFO  impl.LeaderElection (LeaderElection.java:logAndReturn(90)) - s0@group-F5D0649D4159-LeaderElection18: PRE_VOTE TIMEOUT received 1 response(s) and 2 exception(s):
2024-10-07 19:12:38,090 [s0@group-F5D0649D4159-LeaderElection18] INFO  impl.LeaderElection (LeaderElection.java:logAndReturn(94)) -   Response 0: s0<-s1#0:OK-t2
2024-10-07 19:12:38,090 [s0@group-F5D0649D4159-LeaderElection18] INFO  impl.LeaderElection (LogUtils.java:infoOrTrace(136)) -   Exception 1: java.util.concurrent.ExecutionException: org.apache.ratis.thirdparty.io.netty.channel.AbstractChannel$AnnotatedConnectException: finishConnect(..) failed: Connection refused: localhost/127.0.0.1:15156
2024-10-07 19:12:38,090 [s0@group-F5D0649D4159-LeaderElection18] INFO  impl.LeaderElection (LogUtils.java:infoOrTrace(136)) -   Exception 2: java.util.concurrent.ExecutionException: org.apache.ratis.thirdparty.io.netty.channel.AbstractChannel$AnnotatedConnectException: finishConnect(..) failed: Connection refused: localhost/127.0.0.1:15148
2024-10-07 19:12:38,091 [s0@group-F5D0649D4159-LeaderElection18] INFO  impl.LeaderElection (LeaderElection.java:askForVotes(339)) - s0@group-F5D0649D4159-LeaderElection18 PRE_VOTE round 141: result TIMEOUT
2024-10-07 19:12:38,091 [s0@group-F5D0649D4159-LeaderElection18] INFO  impl.LeaderElection (LeaderElection.java:askForVotes(337)) - s0@group-F5D0649D4159-LeaderElection18 PRE_VOTE round 142: submit vote requests at term 2 for conf: {index: 1, cur=peers:[s3|localhost:15152, s4|localhost:15156, s0|localhost:15140, s1|localhost:15144, s2|localhost:15148]|listeners:[], old=null}
2024-10-07 19:12:38,091 [NettyRpcService-workerGroup--thread3] INFO  server.RaftServer$Division (RaftServerImpl.java:requestVote(1443)) - s1@group-F5D0649D4159: receive requestVote(PRE_VOTE, s0, group-F5D0649D4159, 2, (t:2, i:2))
2024-10-07 19:12:38,091 [NettyRpcService-workerGroup--thread3] INFO  impl.VoteContext (VoteContext.java:log(49)) - s1@group-F5D0649D4159-CANDIDATE: accept PRE_VOTE from s0: our priority 0 <= candidate's priority 0
2024-10-07 19:12:38,092 [s0@group-F5D0649D4159-LeaderElection18] INFO  impl.LeaderElection (LogUtils.java:infoOrTrace(136)) - s0@group-F5D0649D4159-LeaderElection18 got exception when requesting votes: java.util.concurrent.ExecutionException: org.apache.ratis.thirdparty.io.netty.channel.AbstractChannel$AnnotatedConnectException: finishConnect(..) failed: Connection refused: localhost/127.0.0.1:15148
2024-10-07 19:12:38,092 [NettyRpcService-workerGroup--thread3] INFO  server.RaftServer$Division (RaftServerImpl.java:requestVote(1476)) - s1@group-F5D0649D4159 replies to PRE_VOTE vote request: s0<-s1#0:OK-t2. Peer's state: s1@group-F5D0649D4159:t2, leader=null, voted=s4, raftlog=Memoized:s1@group-F5D0649D4159-SegmentedRaftLog:OPENED:c2:last(t:2, i:2), conf=conf: {index: 1, cur=peers:[s3|localhost:15152, s4|localhost:15156, s0|localhost:15140, s1|localhost:15144, s2|localhost:15148]|listeners:[], old=null}
2024-10-07 19:12:38,092 [s0@group-F5D0649D4159-LeaderElection18] INFO  impl.LeaderElection (LogUtils.java:infoOrTrace(136)) - s0@group-F5D0649D4159-LeaderElection18 got exception when requesting votes: java.util.concurrent.ExecutionException: org.apache.ratis.thirdparty.io.netty.channel.AbstractChannel$AnnotatedConnectException: finishConnect(..) failed: Connection refused: localhost/127.0.0.1:15156
2024-10-07 19:12:38,131 [s1@group-F5D0649D4159-LeaderElection17] INFO  impl.LeaderElection (LeaderElection.java:logAndReturn(90)) - s1@group-F5D0649D4159-LeaderElection17: PRE_VOTE TIMEOUT received 1 response(s) and 2 exception(s):
2024-10-07 19:12:38,131 [s1@group-F5D0649D4159-LeaderElection17] INFO  impl.LeaderElection (LeaderElection.java:logAndReturn(94)) -   Response 0: s1<-s0#0:OK-t2
2024-10-07 19:12:38,131 [s1@group-F5D0649D4159-LeaderElection17] INFO  impl.LeaderElection (LogUtils.java:infoOrTrace(136)) -   Exception 1: java.util.concurrent.ExecutionException: org.apache.ratis.thirdparty.io.netty.channel.AbstractChannel$AnnotatedConnectException: finishConnect(..) failed: Connection refused: localhost/127.0.0.1:15156
2024-10-07 19:12:38,131 [s1@group-F5D0649D4159-LeaderElection17] INFO  impl.LeaderElection (LogUtils.java:infoOrTrace(136)) -   Exception 2: java.util.concurrent.ExecutionException: org.apache.ratis.thirdparty.io.netty.channel.AbstractChannel$AnnotatedConnectException: finishConnect(..) failed: Connection refused: localhost/127.0.0.1:15148
2024-10-07 19:12:38,131 [s1@group-F5D0649D4159-LeaderElection17] INFO  impl.LeaderElection (LeaderElection.java:askForVotes(339)) - s1@group-F5D0649D4159-LeaderElection17 PRE_VOTE round 159: result TIMEOUT
2024-10-07 19:12:38,131 [s1@group-F5D0649D4159-LeaderElection17] INFO  impl.LeaderElection (LeaderElection.java:askForVotes(337)) - s1@group-F5D0649D4159-LeaderElection17 PRE_VOTE round 160: submit vote requests at term 2 for conf: {index: 1, cur=peers:[s3|localhost:15152, s4|localhost:15156, s0|localhost:15140, s1|localhost:15144, s2|localhost:15148]|listeners:[], old=null}
2024-10-07 19:12:38,132 [NettyRpcService-workerGroup--thread3] INFO  server.RaftServer$Division (RaftServerImpl.java:requestVote(1443)) - s0@group-F5D0649D4159: receive requestVote(PRE_VOTE, s1, group-F5D0649D4159, 2, (t:2, i:2))
2024-10-07 19:12:38,132 [NettyRpcService-workerGroup--thread3] INFO  impl.VoteContext (VoteContext.java:log(49)) - s0@group-F5D0649D4159-CANDIDATE: accept PRE_VOTE from s1: our priority 0 <= candidate's priority 0
2024-10-07 19:12:38,132 [s1@group-F5D0649D4159-LeaderElection17] INFO  impl.LeaderElection (LogUtils.java:infoOrTrace(136)) - s1@group-F5D0649D4159-LeaderElection17 got exception when requesting votes: java.util.concurrent.ExecutionException: org.apache.ratis.thirdparty.io.netty.channel.AbstractChannel$AnnotatedConnectException: finishConnect(..) failed: Connection refused: localhost/127.0.0.1:15156
2024-10-07 19:12:38,132 [NettyRpcService-workerGroup--thread3] INFO  server.RaftServer$Division (RaftServerImpl.java:requestVote(1476)) - s0@group-F5D0649D4159 replies to PRE_VOTE vote request: s1<-s0#0:OK-t2. Peer's state: s0@group-F5D0649D4159:t2, leader=null, voted=s4, raftlog=Memoized:s0@group-F5D0649D4159-SegmentedRaftLog:OPENED:c2:last(t:2, i:2), conf=conf: {index: 1, cur=peers:[s3|localhost:15152, s4|localhost:15156, s0|localhost:15140, s1|localhost:15144, s2|localhost:15148]|listeners:[], old=null}
2024-10-07 19:12:38,132 [s1@group-F5D0649D4159-LeaderElection17] INFO  impl.LeaderElection (LogUtils.java:infoOrTrace(136)) - s1@group-F5D0649D4159-LeaderElection17 got exception when requesting votes: java.util.concurrent.ExecutionException: org.apache.ratis.thirdparty.io.netty.channel.AbstractChannel$AnnotatedConnectException: finishConnect(..) failed: Connection refused: localhost/127.0.0.1:15148
2024-10-07 19:12:38,289 [s1@group-F5D0649D4159-LeaderElection17] INFO  impl.LeaderElection (LeaderElection.java:logAndReturn(90)) - s1@group-F5D0649D4159-LeaderElection17: PRE_VOTE TIMEOUT received 1 response(s) and 2 exception(s):
2024-10-07 19:12:38,289 [s1@group-F5D0649D4159-LeaderElection17] INFO  impl.LeaderElection (LeaderElection.java:logAndReturn(94)) -   Response 0: s1<-s0#0:OK-t2
2024-10-07 19:12:38,289 [s1@group-F5D0649D4159-LeaderElection17] INFO  impl.LeaderElection (LogUtils.java:infoOrTrace(136)) -   Exception 1: java.util.concurrent.ExecutionException: org.apache.ratis.thirdparty.io.netty.channel.AbstractChannel$AnnotatedConnectException: finishConnect(..) failed: Connection refused: localhost/127.0.0.1:15156
2024-10-07 19:12:38,289 [s1@group-F5D0649D4159-LeaderElection17] INFO  impl.LeaderElection (LogUtils.java:infoOrTrace(136)) -   Exception 2: java.util.concurrent.ExecutionException: org.apache.ratis.thirdparty.io.netty.channel.AbstractChannel$AnnotatedConnectException: finishConnect(..) failed: Connection refused: localhost/127.0.0.1:15148
2024-10-07 19:12:38,289 [s1@group-F5D0649D4159-LeaderElection17] INFO  impl.LeaderElection (LeaderElection.java:askForVotes(339)) - s1@group-F5D0649D4159-LeaderElection17 PRE_VOTE round 160: result TIMEOUT
2024-10-07 19:12:38,289 [s1@group-F5D0649D4159-LeaderElection17] INFO  impl.LeaderElection (LeaderElection.java:askForVotes(337)) - s1@group-F5D0649D4159-LeaderElection17 PRE_VOTE round 161: submit vote requests at term 2 for conf: {index: 1, cur=peers:[s3|localhost:15152, s4|localhost:15156, s0|localhost:15140, s1|localhost:15144, s2|localhost:15148]|listeners:[], old=null}
2024-10-07 19:12:38,290 [NettyRpcService-workerGroup--thread3] INFO  server.RaftServer$Division (RaftServerImpl.java:requestVote(1443)) - s0@group-F5D0649D4159: receive requestVote(PRE_VOTE, s1, group-F5D0649D4159, 2, (t:2, i:2))
2024-10-07 19:12:38,290 [s1@group-F5D0649D4159-LeaderElection17] INFO  impl.LeaderElection (LogUtils.java:infoOrTrace(136)) - s1@group-F5D0649D4159-LeaderElection17 got exception when requesting votes: java.util.concurrent.ExecutionException: org.apache.ratis.thirdparty.io.netty.channel.AbstractChannel$AnnotatedConnectException: finishConnect(..) failed: Connection refused: localhost/127.0.0.1:15148
2024-10-07 19:12:38,290 [NettyRpcService-workerGroup--thread3] INFO  impl.VoteContext (VoteContext.java:log(49)) - s0@group-F5D0649D4159-CANDIDATE: accept PRE_VOTE from s1: our priority 0 <= candidate's priority 0
2024-10-07 19:12:38,290 [s1@group-F5D0649D4159-LeaderElection17] INFO  impl.LeaderElection (LogUtils.java:infoOrTrace(136)) - s1@group-F5D0649D4159-LeaderElection17 got exception when requesting votes: java.util.concurrent.ExecutionException: org.apache.ratis.thirdparty.io.netty.channel.AbstractChannel$AnnotatedConnectException: finishConnect(..) failed: Connection refused: localhost/127.0.0.1:15156
2024-10-07 19:12:38,290 [NettyRpcService-workerGroup--thread3] INFO  server.RaftServer$Division (RaftServerImpl.java:requestVote(1476)) - s0@group-F5D0649D4159 replies to PRE_VOTE vote request: s1<-s0#0:OK-t2. Peer's state: s0@group-F5D0649D4159:t2, leader=null, voted=s4, raftlog=Memoized:s0@group-F5D0649D4159-SegmentedRaftLog:OPENED:c2:last(t:2, i:2), conf=conf: {index: 1, cur=peers:[s3|localhost:15152, s4|localhost:15156, s0|localhost:15140, s1|localhost:15144, s2|localhost:15148]|listeners:[], old=null}
2024-10-07 19:12:38,358 [s0@group-F5D0649D4159-LeaderElection18] INFO  impl.LeaderElection (LeaderElection.java:logAndReturn(90)) - s0@group-F5D0649D4159-LeaderElection18: PRE_VOTE TIMEOUT received 1 response(s) and 2 exception(s):
2024-10-07 19:12:38,358 [s0@group-F5D0649D4159-LeaderElection18] INFO  impl.LeaderElection (LeaderElection.java:logAndReturn(94)) -   Response 0: s0<-s1#0:OK-t2
2024-10-07 19:12:38,358 [s0@group-F5D0649D4159-LeaderElection18] INFO  impl.LeaderElection (LogUtils.java:infoOrTrace(136)) -   Exception 1: java.util.concurrent.ExecutionException: org.apache.ratis.thirdparty.io.netty.channel.AbstractChannel$AnnotatedConnectException: finishConnect(..) failed: Connection refused: localhost/127.0.0.1:15148
2024-10-07 19:12:38,358 [s0@group-F5D0649D4159-LeaderElection18] INFO  impl.LeaderElection (LogUtils.java:infoOrTrace(136)) -   Exception 2: java.util.concurrent.ExecutionException: org.apache.ratis.thirdparty.io.netty.channel.AbstractChannel$AnnotatedConnectException: finishConnect(..) failed: Connection refused: localhost/127.0.0.1:15156
2024-10-07 19:12:38,359 [s0@group-F5D0649D4159-LeaderElection18] INFO  impl.LeaderElection (LeaderElection.java:askForVotes(339)) - s0@group-F5D0649D4159-LeaderElection18 PRE_VOTE round 142: result TIMEOUT
2024-10-07 19:12:38,359 [s0@group-F5D0649D4159-LeaderElection18] INFO  impl.LeaderElection (LeaderElection.java:askForVotes(337)) - s0@group-F5D0649D4159-LeaderElection18 PRE_VOTE round 143: submit vote requests at term 2 for conf: {index: 1, cur=peers:[s3|localhost:15152, s4|localhost:15156, s0|localhost:15140, s1|localhost:15144, s2|localhost:15148]|listeners:[], old=null}
2024-10-07 19:12:38,360 [NettyRpcService-workerGroup--thread3] INFO  server.RaftServer$Division (RaftServerImpl.java:requestVote(1443)) - s1@group-F5D0649D4159: receive requestVote(PRE_VOTE, s0, group-F5D0649D4159, 2, (t:2, i:2))
2024-10-07 19:12:38,360 [s0@group-F5D0649D4159-LeaderElection18] INFO  impl.LeaderElection (LogUtils.java:infoOrTrace(136)) - s0@group-F5D0649D4159-LeaderElection18 got exception when requesting votes: java.util.concurrent.ExecutionException: org.apache.ratis.thirdparty.io.netty.channel.AbstractChannel$AnnotatedConnectException: finishConnect(..) failed: Connection refused: localhost/127.0.0.1:15156
2024-10-07 19:12:38,360 [NettyRpcService-workerGroup--thread3] INFO  impl.VoteContext (VoteContext.java:log(49)) - s1@group-F5D0649D4159-CANDIDATE: accept PRE_VOTE from s0: our priority 0 <= candidate's priority 0
2024-10-07 19:12:38,360 [NettyRpcService-workerGroup--thread3] INFO  server.RaftServer$Division (RaftServerImpl.java:requestVote(1476)) - s1@group-F5D0649D4159 replies to PRE_VOTE vote request: s0<-s1#0:OK-t2. Peer's state: s1@group-F5D0649D4159:t2, leader=null, voted=s4, raftlog=Memoized:s1@group-F5D0649D4159-SegmentedRaftLog:OPENED:c2:last(t:2, i:2), conf=conf: {index: 1, cur=peers:[s3|localhost:15152, s4|localhost:15156, s0|localhost:15140, s1|localhost:15144, s2|localhost:15148]|listeners:[], old=null}
2024-10-07 19:12:38,360 [s0@group-F5D0649D4159-LeaderElection18] INFO  impl.LeaderElection (LogUtils.java:infoOrTrace(136)) - s0@group-F5D0649D4159-LeaderElection18 got exception when requesting votes: java.util.concurrent.ExecutionException: org.apache.ratis.thirdparty.io.netty.channel.AbstractChannel$AnnotatedConnectException: finishConnect(..) failed: Connection refused: localhost/127.0.0.1:15148
2024-10-07 19:12:38,376 [main] WARN  ratis.RaftTestUtil (RaftTestUtil.java:lambda$waitForLeader$3(126)) - Attempt #82 failed: java.lang.IllegalStateException: No leader yet : printing ALL groups
  s3:  RUNNING  FOLLOWER s3@group-F5D0649D4159:t1, leader=null, voted=null, raftlog=Memoized:s3@group-F5D0649D4159-SegmentedRaftLog:OPENED:c-1:lastnull, conf=conf: {index: -1, cur=peers:[s3|localhost:15152, s4|localhost:15156, s0|localhost:15140, s1|localhost:15144, s2|localhost:15148]|listeners:[], old=null} RUNNING
  s4:   CLOSED    LEADER s4@group-F5D0649D4159:t2, leader=s4, voted=s4, raftlog=Memoized:s4@group-F5D0649D4159-SegmentedRaftLog:CLOSED:c2, conf=conf: {index: 1, cur=peers:[s3|localhost:15152, s4|localhost:15156, s0|localhost:15140, s1|localhost:15144, s2|localhost:15148]|listeners:[], old=null} CLOSED
  s0:  RUNNING CANDIDATE s0@group-F5D0649D4159:t2, leader=null, voted=s4, raftlog=Memoized:s0@group-F5D0649D4159-SegmentedRaftLog:OPENED:c2:last(t:2, i:2), conf=conf: {index: 1, cur=peers:[s3|localhost:15152, s4|localhost:15156, s0|localhost:15140, s1|localhost:15144, s2|localhost:15148]|listeners:[], old=null} RUNNING
  s1:  RUNNING CANDIDATE s1@group-F5D0649D4159:t2, leader=null, voted=s4, raftlog=Memoized:s1@group-F5D0649D4159-SegmentedRaftLog:OPENED:c2:last(t:2, i:2), conf=conf: {index: 1, cur=peers:[s3|localhost:15152, s4|localhost:15156, s0|localhost:15140, s1|localhost:15144, s2|localhost:15148]|listeners:[], old=null} RUNNING
  s2:   CLOSED    LEADER s2@group-F5D0649D4159:t1, leader=s2, voted=s2, raftlog=Memoized:s2@group-F5D0649D4159-SegmentedRaftLog:CLOSED:c0, conf=conf: {index: 0, cur=peers:[s3|localhost:15152, s4|localhost:15156, s0|localhost:15140, s1|localhost:15144, s2|localhost:15148]|listeners:[], old=null} CLOSED
2024-10-07 19:12:38,456 [s1@group-F5D0649D4159-LeaderElection17] INFO  impl.LeaderElection (LeaderElection.java:logAndReturn(90)) - s1@group-F5D0649D4159-LeaderElection17: PRE_VOTE TIMEOUT received 1 response(s) and 2 exception(s):
2024-10-07 19:12:38,456 [s1@group-F5D0649D4159-LeaderElection17] INFO  impl.LeaderElection (LeaderElection.java:logAndReturn(94)) -   Response 0: s1<-s0#0:OK-t2
2024-10-07 19:12:38,456 [s1@group-F5D0649D4159-LeaderElection17] INFO  impl.LeaderElection (LogUtils.java:infoOrTrace(136)) -   Exception 1: java.util.concurrent.ExecutionException: org.apache.ratis.thirdparty.io.netty.channel.AbstractChannel$AnnotatedConnectException: finishConnect(..) failed: Connection refused: localhost/127.0.0.1:15148
2024-10-07 19:12:38,456 [s1@group-F5D0649D4159-LeaderElection17] INFO  impl.LeaderElection (LogUtils.java:infoOrTrace(136)) -   Exception 2: java.util.concurrent.ExecutionException: org.apache.ratis.thirdparty.io.netty.channel.AbstractChannel$AnnotatedConnectException: finishConnect(..) failed: Connection refused: localhost/127.0.0.1:15156
2024-10-07 19:12:38,456 [s1@group-F5D0649D4159-LeaderElection17] INFO  impl.LeaderElection (LeaderElection.java:askForVotes(339)) - s1@group-F5D0649D4159-LeaderElection17 PRE_VOTE round 161: result TIMEOUT
2024-10-07 19:12:38,456 [s1@group-F5D0649D4159-LeaderElection17] INFO  impl.LeaderElection (LeaderElection.java:askForVotes(337)) - s1@group-F5D0649D4159-LeaderElection17 PRE_VOTE round 162: submit vote requests at term 2 for conf: {index: 1, cur=peers:[s3|localhost:15152, s4|localhost:15156, s0|localhost:15140, s1|localhost:15144, s2|localhost:15148]|listeners:[], old=null}
2024-10-07 19:12:38,457 [NettyRpcService-workerGroup--thread3] INFO  server.RaftServer$Division (RaftServerImpl.java:requestVote(1443)) - s0@group-F5D0649D4159: receive requestVote(PRE_VOTE, s1, group-F5D0649D4159, 2, (t:2, i:2))
2024-10-07 19:12:38,457 [NettyRpcService-workerGroup--thread3] INFO  impl.VoteContext (VoteContext.java:log(49)) - s0@group-F5D0649D4159-CANDIDATE: accept PRE_VOTE from s1: our priority 0 <= candidate's priority 0
2024-10-07 19:12:38,457 [s1@group-F5D0649D4159-LeaderElection17] INFO  impl.LeaderElection (LogUtils.java:infoOrTrace(136)) - s1@group-F5D0649D4159-LeaderElection17 got exception when requesting votes: java.util.concurrent.ExecutionException: org.apache.ratis.thirdparty.io.netty.channel.AbstractChannel$AnnotatedConnectException: finishConnect(..) failed: Connection refused: localhost/127.0.0.1:15148
2024-10-07 19:12:38,457 [NettyRpcService-workerGroup--thread3] INFO  server.RaftServer$Division (RaftServerImpl.java:requestVote(1476)) - s0@group-F5D0649D4159 replies to PRE_VOTE vote request: s1<-s0#0:OK-t2. Peer's state: s0@group-F5D0649D4159:t2, leader=null, voted=s4, raftlog=Memoized:s0@group-F5D0649D4159-SegmentedRaftLog:OPENED:c2:last(t:2, i:2), conf=conf: {index: 1, cur=peers:[s3|localhost:15152, s4|localhost:15156, s0|localhost:15140, s1|localhost:15144, s2|localhost:15148]|listeners:[], old=null}
2024-10-07 19:12:38,457 [s1@group-F5D0649D4159-LeaderElection17] INFO  impl.LeaderElection (LogUtils.java:infoOrTrace(136)) - s1@group-F5D0649D4159-LeaderElection17 got exception when requesting votes: java.util.concurrent.ExecutionException: org.apache.ratis.thirdparty.io.netty.channel.AbstractChannel$AnnotatedConnectException: finishConnect(..) failed: Connection refused: localhost/127.0.0.1:15156
2024-10-07 19:12:38,555 [s0@group-F5D0649D4159-LeaderElection18] INFO  impl.LeaderElection (LeaderElection.java:logAndReturn(90)) - s0@group-F5D0649D4159-LeaderElection18: PRE_VOTE TIMEOUT received 1 response(s) and 2 exception(s):
2024-10-07 19:12:38,556 [s0@group-F5D0649D4159-LeaderElection18] INFO  impl.LeaderElection (LeaderElection.java:logAndReturn(94)) -   Response 0: s0<-s1#0:OK-t2
2024-10-07 19:12:38,556 [s0@group-F5D0649D4159-LeaderElection18] INFO  impl.LeaderElection (LogUtils.java:infoOrTrace(136)) -   Exception 1: java.util.concurrent.ExecutionException: org.apache.ratis.thirdparty.io.netty.channel.AbstractChannel$AnnotatedConnectException: finishConnect(..) failed: Connection refused: localhost/127.0.0.1:15156
2024-10-07 19:12:38,556 [s0@group-F5D0649D4159-LeaderElection18] INFO  impl.LeaderElection (LogUtils.java:infoOrTrace(136)) -   Exception 2: java.util.concurrent.ExecutionException: org.apache.ratis.thirdparty.io.netty.channel.AbstractChannel$AnnotatedConnectException: finishConnect(..) failed: Connection refused: localhost/127.0.0.1:15148
2024-10-07 19:12:38,556 [s0@group-F5D0649D4159-LeaderElection18] INFO  impl.LeaderElection (LeaderElection.java:askForVotes(339)) - s0@group-F5D0649D4159-LeaderElection18 PRE_VOTE round 143: result TIMEOUT
2024-10-07 19:12:38,556 [s0@group-F5D0649D4159-LeaderElection18] INFO  impl.LeaderElection (LeaderElection.java:askForVotes(337)) - s0@group-F5D0649D4159-LeaderElection18 PRE_VOTE round 144: submit vote requests at term 2 for conf: {index: 1, cur=peers:[s3|localhost:15152, s4|localhost:15156, s0|localhost:15140, s1|localhost:15144, s2|localhost:15148]|listeners:[], old=null}
2024-10-07 19:12:38,557 [NettyRpcService-workerGroup--thread3] INFO  server.RaftServer$Division (RaftServerImpl.java:requestVote(1443)) - s1@group-F5D0649D4159: receive requestVote(PRE_VOTE, s0, group-F5D0649D4159, 2, (t:2, i:2))
2024-10-07 19:12:38,557 [s0@group-F5D0649D4159-LeaderElection18] INFO  impl.LeaderElection (LogUtils.java:infoOrTrace(136)) - s0@group-F5D0649D4159-LeaderElection18 got exception when requesting votes: java.util.concurrent.ExecutionException: org.apache.ratis.thirdparty.io.netty.channel.AbstractChannel$AnnotatedConnectException: finishConnect(..) failed: Connection refused: localhost/127.0.0.1:15148
2024-10-07 19:12:38,557 [NettyRpcService-workerGroup--thread3] INFO  impl.VoteContext (VoteContext.java:log(49)) - s1@group-F5D0649D4159-CANDIDATE: accept PRE_VOTE from s0: our priority 0 <= candidate's priority 0
2024-10-07 19:12:38,557 [s0@group-F5D0649D4159-LeaderElection18] INFO  impl.LeaderElection (LogUtils.java:infoOrTrace(136)) - s0@group-F5D0649D4159-LeaderElection18 got exception when requesting votes: java.util.concurrent.ExecutionException: org.apache.ratis.thirdparty.io.netty.channel.AbstractChannel$AnnotatedConnectException: finishConnect(..) failed: Connection refused: localhost/127.0.0.1:15156
2024-10-07 19:12:38,557 [NettyRpcService-workerGroup--thread3] INFO  server.RaftServer$Division (RaftServerImpl.java:requestVote(1476)) - s1@group-F5D0649D4159 replies to PRE_VOTE vote request: s0<-s1#0:OK-t2. Peer's state: s1@group-F5D0649D4159:t2, leader=null, voted=s4, raftlog=Memoized:s1@group-F5D0649D4159-SegmentedRaftLog:OPENED:c2:last(t:2, i:2), conf=conf: {index: 1, cur=peers:[s3|localhost:15152, s4|localhost:15156, s0|localhost:15140, s1|localhost:15144, s2|localhost:15148]|listeners:[], old=null}
2024-10-07 19:12:38,755 [s1@group-F5D0649D4159-LeaderElection17] INFO  impl.LeaderElection (LeaderElection.java:logAndReturn(90)) - s1@group-F5D0649D4159-LeaderElection17: PRE_VOTE TIMEOUT received 1 response(s) and 2 exception(s):
2024-10-07 19:12:38,755 [s1@group-F5D0649D4159-LeaderElection17] INFO  impl.LeaderElection (LeaderElection.java:logAndReturn(94)) -   Response 0: s1<-s0#0:OK-t2
2024-10-07 19:12:38,755 [s1@group-F5D0649D4159-LeaderElection17] INFO  impl.LeaderElection (LogUtils.java:infoOrTrace(136)) -   Exception 1: java.util.concurrent.ExecutionException: org.apache.ratis.thirdparty.io.netty.channel.AbstractChannel$AnnotatedConnectException: finishConnect(..) failed: Connection refused: localhost/127.0.0.1:15148
2024-10-07 19:12:38,755 [s1@group-F5D0649D4159-LeaderElection17] INFO  impl.LeaderElection (LogUtils.java:infoOrTrace(136)) -   Exception 2: java.util.concurrent.ExecutionException: org.apache.ratis.thirdparty.io.netty.channel.AbstractChannel$AnnotatedConnectException: finishConnect(..) failed: Connection refused: localhost/127.0.0.1:15156
2024-10-07 19:12:38,755 [s1@group-F5D0649D4159-LeaderElection17] INFO  impl.LeaderElection (LeaderElection.java:askForVotes(339)) - s1@group-F5D0649D4159-LeaderElection17 PRE_VOTE round 162: result TIMEOUT
2024-10-07 19:12:38,755 [s1@group-F5D0649D4159-LeaderElection17] INFO  impl.LeaderElection (LeaderElection.java:askForVotes(337)) - s1@group-F5D0649D4159-LeaderElection17 PRE_VOTE round 163: submit vote requests at term 2 for conf: {index: 1, cur=peers:[s3|localhost:15152, s4|localhost:15156, s0|localhost:15140, s1|localhost:15144, s2|localhost:15148]|listeners:[], old=null}
2024-10-07 19:12:38,756 [NettyRpcService-workerGroup--thread3] INFO  server.RaftServer$Division (RaftServerImpl.java:requestVote(1443)) - s0@group-F5D0649D4159: receive requestVote(PRE_VOTE, s1, group-F5D0649D4159, 2, (t:2, i:2))
2024-10-07 19:12:38,756 [NettyRpcService-workerGroup--thread3] INFO  impl.VoteContext (VoteContext.java:log(49)) - s0@group-F5D0649D4159-CANDIDATE: accept PRE_VOTE from s1: our priority 0 <= candidate's priority 0
2024-10-07 19:12:38,756 [s1@group-F5D0649D4159-LeaderElection17] INFO  impl.LeaderElection (LogUtils.java:infoOrTrace(136)) - s1@group-F5D0649D4159-LeaderElection17 got exception when requesting votes: java.util.concurrent.ExecutionException: org.apache.ratis.thirdparty.io.netty.channel.AbstractChannel$AnnotatedConnectException: finishConnect(..) failed: Connection refused: localhost/127.0.0.1:15148
2024-10-07 19:12:38,756 [NettyRpcService-workerGroup--thread3] INFO  server.RaftServer$Division (RaftServerImpl.java:requestVote(1476)) - s0@group-F5D0649D4159 replies to PRE_VOTE vote request: s1<-s0#0:OK-t2. Peer's state: s0@group-F5D0649D4159:t2, leader=null, voted=s4, raftlog=Memoized:s0@group-F5D0649D4159-SegmentedRaftLog:OPENED:c2:last(t:2, i:2), conf=conf: {index: 1, cur=peers:[s3|localhost:15152, s4|localhost:15156, s0|localhost:15140, s1|localhost:15144, s2|localhost:15148]|listeners:[], old=null}
2024-10-07 19:12:38,756 [s1@group-F5D0649D4159-LeaderElection17] INFO  impl.LeaderElection (LogUtils.java:infoOrTrace(136)) - s1@group-F5D0649D4159-LeaderElection17 got exception when requesting votes: java.util.concurrent.ExecutionException: org.apache.ratis.thirdparty.io.netty.channel.AbstractChannel$AnnotatedConnectException: finishConnect(..) failed: Connection refused: localhost/127.0.0.1:15156
2024-10-07 19:12:38,784 [s0@group-F5D0649D4159-LeaderElection18] INFO  impl.LeaderElection (LeaderElection.java:logAndReturn(90)) - s0@group-F5D0649D4159-LeaderElection18: PRE_VOTE TIMEOUT received 1 response(s) and 2 exception(s):
2024-10-07 19:12:38,784 [s0@group-F5D0649D4159-LeaderElection18] INFO  impl.LeaderElection (LeaderElection.java:logAndReturn(94)) -   Response 0: s0<-s1#0:OK-t2
2024-10-07 19:12:38,784 [s0@group-F5D0649D4159-LeaderElection18] INFO  impl.LeaderElection (LogUtils.java:infoOrTrace(136)) -   Exception 1: java.util.concurrent.ExecutionException: org.apache.ratis.thirdparty.io.netty.channel.AbstractChannel$AnnotatedConnectException: finishConnect(..) failed: Connection refused: localhost/127.0.0.1:15148
2024-10-07 19:12:38,784 [s0@group-F5D0649D4159-LeaderElection18] INFO  impl.LeaderElection (LogUtils.java:infoOrTrace(136)) -   Exception 2: java.util.concurrent.ExecutionException: org.apache.ratis.thirdparty.io.netty.channel.AbstractChannel$AnnotatedConnectException: finishConnect(..) failed: Connection refused: localhost/127.0.0.1:15156
2024-10-07 19:12:38,784 [s0@group-F5D0649D4159-LeaderElection18] INFO  impl.LeaderElection (LeaderElection.java:askForVotes(339)) - s0@group-F5D0649D4159-LeaderElection18 PRE_VOTE round 144: result TIMEOUT
2024-10-07 19:12:38,784 [s0@group-F5D0649D4159-LeaderElection18] INFO  impl.LeaderElection (LeaderElection.java:askForVotes(337)) - s0@group-F5D0649D4159-LeaderElection18 PRE_VOTE round 145: submit vote requests at term 2 for conf: {index: 1, cur=peers:[s3|localhost:15152, s4|localhost:15156, s0|localhost:15140, s1|localhost:15144, s2|localhost:15148]|listeners:[], old=null}
2024-10-07 19:12:38,785 [NettyRpcService-workerGroup--thread3] INFO  server.RaftServer$Division (RaftServerImpl.java:requestVote(1443)) - s1@group-F5D0649D4159: receive requestVote(PRE_VOTE, s0, group-F5D0649D4159, 2, (t:2, i:2))
2024-10-07 19:12:38,785 [NettyRpcService-workerGroup--thread3] INFO  impl.VoteContext (VoteContext.java:log(49)) - s1@group-F5D0649D4159-CANDIDATE: accept PRE_VOTE from s0: our priority 0 <= candidate's priority 0
2024-10-07 19:12:38,785 [NettyRpcService-workerGroup--thread3] INFO  server.RaftServer$Division (RaftServerImpl.java:requestVote(1476)) - s1@group-F5D0649D4159 replies to PRE_VOTE vote request: s0<-s1#0:OK-t2. Peer's state: s1@group-F5D0649D4159:t2, leader=null, voted=s4, raftlog=Memoized:s1@group-F5D0649D4159-SegmentedRaftLog:OPENED:c2:last(t:2, i:2), conf=conf: {index: 1, cur=peers:[s3|localhost:15152, s4|localhost:15156, s0|localhost:15140, s1|localhost:15144, s2|localhost:15148]|listeners:[], old=null}
2024-10-07 19:12:38,785 [s0@group-F5D0649D4159-LeaderElection18] INFO  impl.LeaderElection (LogUtils.java:infoOrTrace(136)) - s0@group-F5D0649D4159-LeaderElection18 got exception when requesting votes: java.util.concurrent.ExecutionException: org.apache.ratis.thirdparty.io.netty.channel.AbstractChannel$AnnotatedConnectException: finishConnect(..) failed: Connection refused: localhost/127.0.0.1:15148
2024-10-07 19:12:38,785 [s0@group-F5D0649D4159-LeaderElection18] INFO  impl.LeaderElection (LogUtils.java:infoOrTrace(136)) - s0@group-F5D0649D4159-LeaderElection18 got exception when requesting votes: java.util.concurrent.ExecutionException: org.apache.ratis.thirdparty.io.netty.channel.AbstractChannel$AnnotatedConnectException: finishConnect(..) failed: Connection refused: localhost/127.0.0.1:15156
2024-10-07 19:12:38,826 [main] WARN  ratis.RaftTestUtil (RaftTestUtil.java:lambda$waitForLeader$3(126)) - Attempt #83 failed: java.lang.IllegalStateException: No leader yet : printing ALL groups
  s3:  RUNNING  FOLLOWER s3@group-F5D0649D4159:t1, leader=null, voted=null, raftlog=Memoized:s3@group-F5D0649D4159-SegmentedRaftLog:OPENED:c-1:lastnull, conf=conf: {index: -1, cur=peers:[s3|localhost:15152, s4|localhost:15156, s0|localhost:15140, s1|localhost:15144, s2|localhost:15148]|listeners:[], old=null} RUNNING
  s4:   CLOSED    LEADER s4@group-F5D0649D4159:t2, leader=s4, voted=s4, raftlog=Memoized:s4@group-F5D0649D4159-SegmentedRaftLog:CLOSED:c2, conf=conf: {index: 1, cur=peers:[s3|localhost:15152, s4|localhost:15156, s0|localhost:15140, s1|localhost:15144, s2|localhost:15148]|listeners:[], old=null} CLOSED
  s0:  RUNNING CANDIDATE s0@group-F5D0649D4159:t2, leader=null, voted=s4, raftlog=Memoized:s0@group-F5D0649D4159-SegmentedRaftLog:OPENED:c2:last(t:2, i:2), conf=conf: {index: 1, cur=peers:[s3|localhost:15152, s4|localhost:15156, s0|localhost:15140, s1|localhost:15144, s2|localhost:15148]|listeners:[], old=null} RUNNING
  s1:  RUNNING CANDIDATE s1@group-F5D0649D4159:t2, leader=null, voted=s4, raftlog=Memoized:s1@group-F5D0649D4159-SegmentedRaftLog:OPENED:c2:last(t:2, i:2), conf=conf: {index: 1, cur=peers:[s3|localhost:15152, s4|localhost:15156, s0|localhost:15140, s1|localhost:15144, s2|localhost:15148]|listeners:[], old=null} RUNNING
  s2:   CLOSED    LEADER s2@group-F5D0649D4159:t1, leader=s2, voted=s2, raftlog=Memoized:s2@group-F5D0649D4159-SegmentedRaftLog:CLOSED:c0, conf=conf: {index: 0, cur=peers:[s3|localhost:15152, s4|localhost:15156, s0|localhost:15140, s1|localhost:15144, s2|localhost:15148]|listeners:[], old=null} CLOSED
2024-10-07 19:12:39,028 [s0@group-F5D0649D4159-LeaderElection18] INFO  impl.LeaderElection (LeaderElection.java:logAndReturn(90)) - s0@group-F5D0649D4159-LeaderElection18: PRE_VOTE TIMEOUT received 1 response(s) and 2 exception(s):
2024-10-07 19:12:39,028 [s0@group-F5D0649D4159-LeaderElection18] INFO  impl.LeaderElection (LeaderElection.java:logAndReturn(94)) -   Response 0: s0<-s1#0:OK-t2
2024-10-07 19:12:39,028 [s0@group-F5D0649D4159-LeaderElection18] INFO  impl.LeaderElection (LogUtils.java:infoOrTrace(136)) -   Exception 1: java.util.concurrent.ExecutionException: org.apache.ratis.thirdparty.io.netty.channel.AbstractChannel$AnnotatedConnectException: finishConnect(..) failed: Connection refused: localhost/127.0.0.1:15148
2024-10-07 19:12:39,028 [s0@group-F5D0649D4159-LeaderElection18] INFO  impl.LeaderElection (LogUtils.java:infoOrTrace(136)) -   Exception 2: java.util.concurrent.ExecutionException: org.apache.ratis.thirdparty.io.netty.channel.AbstractChannel$AnnotatedConnectException: finishConnect(..) failed: Connection refused: localhost/127.0.0.1:15156
2024-10-07 19:12:39,028 [s0@group-F5D0649D4159-LeaderElection18] INFO  impl.LeaderElection (LeaderElection.java:askForVotes(339)) - s0@group-F5D0649D4159-LeaderElection18 PRE_VOTE round 145: result TIMEOUT
2024-10-07 19:12:39,028 [s0@group-F5D0649D4159-LeaderElection18] INFO  impl.LeaderElection (LeaderElection.java:askForVotes(337)) - s0@group-F5D0649D4159-LeaderElection18 PRE_VOTE round 146: submit vote requests at term 2 for conf: {index: 1, cur=peers:[s3|localhost:15152, s4|localhost:15156, s0|localhost:15140, s1|localhost:15144, s2|localhost:15148]|listeners:[], old=null}
2024-10-07 19:12:39,029 [NettyRpcService-workerGroup--thread3] INFO  server.RaftServer$Division (RaftServerImpl.java:requestVote(1443)) - s1@group-F5D0649D4159: receive requestVote(PRE_VOTE, s0, group-F5D0649D4159, 2, (t:2, i:2))
2024-10-07 19:12:39,029 [NettyRpcService-workerGroup--thread3] INFO  impl.VoteContext (VoteContext.java:log(49)) - s1@group-F5D0649D4159-CANDIDATE: accept PRE_VOTE from s0: our priority 0 <= candidate's priority 0
2024-10-07 19:12:39,029 [s0@group-F5D0649D4159-LeaderElection18] INFO  impl.LeaderElection (LogUtils.java:infoOrTrace(136)) - s0@group-F5D0649D4159-LeaderElection18 got exception when requesting votes: java.util.concurrent.ExecutionException: org.apache.ratis.thirdparty.io.netty.channel.AbstractChannel$AnnotatedConnectException: finishConnect(..) failed: Connection refused: localhost/127.0.0.1:15148
2024-10-07 19:12:39,029 [s0@group-F5D0649D4159-LeaderElection18] INFO  impl.LeaderElection (LogUtils.java:infoOrTrace(136)) - s0@group-F5D0649D4159-LeaderElection18 got exception when requesting votes: java.util.concurrent.ExecutionException: org.apache.ratis.thirdparty.io.netty.channel.AbstractChannel$AnnotatedConnectException: finishConnect(..) failed: Connection refused: localhost/127.0.0.1:15156
2024-10-07 19:12:39,029 [NettyRpcService-workerGroup--thread3] INFO  server.RaftServer$Division (RaftServerImpl.java:requestVote(1476)) - s1@group-F5D0649D4159 replies to PRE_VOTE vote request: s0<-s1#0:OK-t2. Peer's state: s1@group-F5D0649D4159:t2, leader=null, voted=s4, raftlog=Memoized:s1@group-F5D0649D4159-SegmentedRaftLog:OPENED:c2:last(t:2, i:2), conf=conf: {index: 1, cur=peers:[s3|localhost:15152, s4|localhost:15156, s0|localhost:15140, s1|localhost:15144, s2|localhost:15148]|listeners:[], old=null}
2024-10-07 19:12:39,046 [s1@group-F5D0649D4159-LeaderElection17] INFO  impl.LeaderElection (LeaderElection.java:logAndReturn(90)) - s1@group-F5D0649D4159-LeaderElection17: PRE_VOTE TIMEOUT received 1 response(s) and 2 exception(s):
2024-10-07 19:12:39,046 [s1@group-F5D0649D4159-LeaderElection17] INFO  impl.LeaderElection (LeaderElection.java:logAndReturn(94)) -   Response 0: s1<-s0#0:OK-t2
2024-10-07 19:12:39,046 [s1@group-F5D0649D4159-LeaderElection17] INFO  impl.LeaderElection (LogUtils.java:infoOrTrace(136)) -   Exception 1: java.util.concurrent.ExecutionException: org.apache.ratis.thirdparty.io.netty.channel.AbstractChannel$AnnotatedConnectException: finishConnect(..) failed: Connection refused: localhost/127.0.0.1:15148
2024-10-07 19:12:39,046 [s1@group-F5D0649D4159-LeaderElection17] INFO  impl.LeaderElection (LogUtils.java:infoOrTrace(136)) -   Exception 2: java.util.concurrent.ExecutionException: org.apache.ratis.thirdparty.io.netty.channel.AbstractChannel$AnnotatedConnectException: finishConnect(..) failed: Connection refused: localhost/127.0.0.1:15156
2024-10-07 19:12:39,046 [s1@group-F5D0649D4159-LeaderElection17] INFO  impl.LeaderElection (LeaderElection.java:askForVotes(339)) - s1@group-F5D0649D4159-LeaderElection17 PRE_VOTE round 163: result TIMEOUT
2024-10-07 19:12:39,046 [s1@group-F5D0649D4159-LeaderElection17] INFO  impl.LeaderElection (LeaderElection.java:askForVotes(337)) - s1@group-F5D0649D4159-LeaderElection17 PRE_VOTE round 164: submit vote requests at term 2 for conf: {index: 1, cur=peers:[s3|localhost:15152, s4|localhost:15156, s0|localhost:15140, s1|localhost:15144, s2|localhost:15148]|listeners:[], old=null}
2024-10-07 19:12:39,047 [NettyRpcService-workerGroup--thread3] INFO  server.RaftServer$Division (RaftServerImpl.java:requestVote(1443)) - s0@group-F5D0649D4159: receive requestVote(PRE_VOTE, s1, group-F5D0649D4159, 2, (t:2, i:2))
2024-10-07 19:12:39,047 [s1@group-F5D0649D4159-LeaderElection17] INFO  impl.LeaderElection (LogUtils.java:infoOrTrace(136)) - s1@group-F5D0649D4159-LeaderElection17 got exception when requesting votes: java.util.concurrent.ExecutionException: org.apache.ratis.thirdparty.io.netty.channel.AbstractChannel$AnnotatedConnectException: finishConnect(..) failed: Connection refused: localhost/127.0.0.1:15156
2024-10-07 19:12:39,047 [NettyRpcService-workerGroup--thread3] INFO  impl.VoteContext (VoteContext.java:log(49)) - s0@group-F5D0649D4159-CANDIDATE: accept PRE_VOTE from s1: our priority 0 <= candidate's priority 0
2024-10-07 19:12:39,047 [s1@group-F5D0649D4159-LeaderElection17] INFO  impl.LeaderElection (LogUtils.java:infoOrTrace(136)) - s1@group-F5D0649D4159-LeaderElection17 got exception when requesting votes: java.util.concurrent.ExecutionException: org.apache.ratis.thirdparty.io.netty.channel.AbstractChannel$AnnotatedConnectException: finishConnect(..) failed: Connection refused: localhost/127.0.0.1:15148
2024-10-07 19:12:39,047 [NettyRpcService-workerGroup--thread3] INFO  server.RaftServer$Division (RaftServerImpl.java:requestVote(1476)) - s0@group-F5D0649D4159 replies to PRE_VOTE vote request: s1<-s0#0:OK-t2. Peer's state: s0@group-F5D0649D4159:t2, leader=null, voted=s4, raftlog=Memoized:s0@group-F5D0649D4159-SegmentedRaftLog:OPENED:c2:last(t:2, i:2), conf=conf: {index: 1, cur=peers:[s3|localhost:15152, s4|localhost:15156, s0|localhost:15140, s1|localhost:15144, s2|localhost:15148]|listeners:[], old=null}
2024-10-07 19:12:39,218 [s0@group-F5D0649D4159-LeaderElection18] INFO  impl.LeaderElection (LeaderElection.java:logAndReturn(90)) - s0@group-F5D0649D4159-LeaderElection18: PRE_VOTE TIMEOUT received 1 response(s) and 2 exception(s):
2024-10-07 19:12:39,218 [s0@group-F5D0649D4159-LeaderElection18] INFO  impl.LeaderElection (LeaderElection.java:logAndReturn(94)) -   Response 0: s0<-s1#0:OK-t2
2024-10-07 19:12:39,218 [s0@group-F5D0649D4159-LeaderElection18] INFO  impl.LeaderElection (LogUtils.java:infoOrTrace(136)) -   Exception 1: java.util.concurrent.ExecutionException: org.apache.ratis.thirdparty.io.netty.channel.AbstractChannel$AnnotatedConnectException: finishConnect(..) failed: Connection refused: localhost/127.0.0.1:15148
2024-10-07 19:12:39,218 [s0@group-F5D0649D4159-LeaderElection18] INFO  impl.LeaderElection (LogUtils.java:infoOrTrace(136)) -   Exception 2: java.util.concurrent.ExecutionException: org.apache.ratis.thirdparty.io.netty.channel.AbstractChannel$AnnotatedConnectException: finishConnect(..) failed: Connection refused: localhost/127.0.0.1:15156
2024-10-07 19:12:39,218 [s0@group-F5D0649D4159-LeaderElection18] INFO  impl.LeaderElection (LeaderElection.java:askForVotes(339)) - s0@group-F5D0649D4159-LeaderElection18 PRE_VOTE round 146: result TIMEOUT
2024-10-07 19:12:39,218 [s0@group-F5D0649D4159-LeaderElection18] INFO  impl.LeaderElection (LeaderElection.java:askForVotes(337)) - s0@group-F5D0649D4159-LeaderElection18 PRE_VOTE round 147: submit vote requests at term 2 for conf: {index: 1, cur=peers:[s3|localhost:15152, s4|localhost:15156, s0|localhost:15140, s1|localhost:15144, s2|localhost:15148]|listeners:[], old=null}
2024-10-07 19:12:39,219 [NettyRpcService-workerGroup--thread3] INFO  server.RaftServer$Division (RaftServerImpl.java:requestVote(1443)) - s1@group-F5D0649D4159: receive requestVote(PRE_VOTE, s0, group-F5D0649D4159, 2, (t:2, i:2))
2024-10-07 19:12:39,219 [s0@group-F5D0649D4159-LeaderElection18] INFO  impl.LeaderElection (LogUtils.java:infoOrTrace(136)) - s0@group-F5D0649D4159-LeaderElection18 got exception when requesting votes: java.util.concurrent.ExecutionException: org.apache.ratis.thirdparty.io.netty.channel.AbstractChannel$AnnotatedConnectException: finishConnect(..) failed: Connection refused: localhost/127.0.0.1:15148
2024-10-07 19:12:39,219 [NettyRpcService-workerGroup--thread3] INFO  impl.VoteContext (VoteContext.java:log(49)) - s1@group-F5D0649D4159-CANDIDATE: accept PRE_VOTE from s0: our priority 0 <= candidate's priority 0
2024-10-07 19:12:39,219 [s0@group-F5D0649D4159-LeaderElection18] INFO  impl.LeaderElection (LogUtils.java:infoOrTrace(136)) - s0@group-F5D0649D4159-LeaderElection18 got exception when requesting votes: java.util.concurrent.ExecutionException: org.apache.ratis.thirdparty.io.netty.channel.AbstractChannel$AnnotatedConnectException: finishConnect(..) failed: Connection refused: localhost/127.0.0.1:15156
2024-10-07 19:12:39,219 [NettyRpcService-workerGroup--thread3] INFO  server.RaftServer$Division (RaftServerImpl.java:requestVote(1476)) - s1@group-F5D0649D4159 replies to PRE_VOTE vote request: s0<-s1#0:OK-t2. Peer's state: s1@group-F5D0649D4159:t2, leader=null, voted=s4, raftlog=Memoized:s1@group-F5D0649D4159-SegmentedRaftLog:OPENED:c2:last(t:2, i:2), conf=conf: {index: 1, cur=peers:[s3|localhost:15152, s4|localhost:15156, s0|localhost:15140, s1|localhost:15144, s2|localhost:15148]|listeners:[], old=null}
2024-10-07 19:12:39,256 [s1@group-F5D0649D4159-LeaderElection17] INFO  impl.LeaderElection (LeaderElection.java:logAndReturn(90)) - s1@group-F5D0649D4159-LeaderElection17: PRE_VOTE TIMEOUT received 1 response(s) and 2 exception(s):
2024-10-07 19:12:39,256 [s1@group-F5D0649D4159-LeaderElection17] INFO  impl.LeaderElection (LeaderElection.java:logAndReturn(94)) -   Response 0: s1<-s0#0:OK-t2
2024-10-07 19:12:39,256 [s1@group-F5D0649D4159-LeaderElection17] INFO  impl.LeaderElection (LogUtils.java:infoOrTrace(136)) -   Exception 1: java.util.concurrent.ExecutionException: org.apache.ratis.thirdparty.io.netty.channel.AbstractChannel$AnnotatedConnectException: finishConnect(..) failed: Connection refused: localhost/127.0.0.1:15156
2024-10-07 19:12:39,256 [s1@group-F5D0649D4159-LeaderElection17] INFO  impl.LeaderElection (LogUtils.java:infoOrTrace(136)) -   Exception 2: java.util.concurrent.ExecutionException: org.apache.ratis.thirdparty.io.netty.channel.AbstractChannel$AnnotatedConnectException: finishConnect(..) failed: Connection refused: localhost/127.0.0.1:15148
2024-10-07 19:12:39,256 [s1@group-F5D0649D4159-LeaderElection17] INFO  impl.LeaderElection (LeaderElection.java:askForVotes(339)) - s1@group-F5D0649D4159-LeaderElection17 PRE_VOTE round 164: result TIMEOUT
2024-10-07 19:12:39,256 [s1@group-F5D0649D4159-LeaderElection17] INFO  impl.LeaderElection (LeaderElection.java:askForVotes(337)) - s1@group-F5D0649D4159-LeaderElection17 PRE_VOTE round 165: submit vote requests at term 2 for conf: {index: 1, cur=peers:[s3|localhost:15152, s4|localhost:15156, s0|localhost:15140, s1|localhost:15144, s2|localhost:15148]|listeners:[], old=null}
2024-10-07 19:12:39,257 [NettyRpcService-workerGroup--thread3] INFO  server.RaftServer$Division (RaftServerImpl.java:requestVote(1443)) - s0@group-F5D0649D4159: receive requestVote(PRE_VOTE, s1, group-F5D0649D4159, 2, (t:2, i:2))
2024-10-07 19:12:39,257 [s1@group-F5D0649D4159-LeaderElection17] INFO  impl.LeaderElection (LogUtils.java:infoOrTrace(136)) - s1@group-F5D0649D4159-LeaderElection17 got exception when requesting votes: java.util.concurrent.ExecutionException: org.apache.ratis.thirdparty.io.netty.channel.AbstractChannel$AnnotatedConnectException: finishConnect(..) failed: Connection refused: localhost/127.0.0.1:15156
2024-10-07 19:12:39,257 [NettyRpcService-workerGroup--thread3] INFO  impl.VoteContext (VoteContext.java:log(49)) - s0@group-F5D0649D4159-CANDIDATE: accept PRE_VOTE from s1: our priority 0 <= candidate's priority 0
2024-10-07 19:12:39,257 [s1@group-F5D0649D4159-LeaderElection17] INFO  impl.LeaderElection (LogUtils.java:infoOrTrace(136)) - s1@group-F5D0649D4159-LeaderElection17 got exception when requesting votes: java.util.concurrent.ExecutionException: org.apache.ratis.thirdparty.io.netty.channel.AbstractChannel$AnnotatedConnectException: finishConnect(..) failed: Connection refused: localhost/127.0.0.1:15148
2024-10-07 19:12:39,257 [NettyRpcService-workerGroup--thread3] INFO  server.RaftServer$Division (RaftServerImpl.java:requestVote(1476)) - s0@group-F5D0649D4159 replies to PRE_VOTE vote request: s1<-s0#0:OK-t2. Peer's state: s0@group-F5D0649D4159:t2, leader=null, voted=s4, raftlog=Memoized:s0@group-F5D0649D4159-SegmentedRaftLog:OPENED:c2:last(t:2, i:2), conf=conf: {index: 1, cur=peers:[s3|localhost:15152, s4|localhost:15156, s0|localhost:15140, s1|localhost:15144, s2|localhost:15148]|listeners:[], old=null}
2024-10-07 19:12:39,277 [main] WARN  ratis.RaftTestUtil (RaftTestUtil.java:lambda$waitForLeader$3(126)) - Attempt #84 failed: java.lang.IllegalStateException: No leader yet : printing ALL groups
  s3:  RUNNING  FOLLOWER s3@group-F5D0649D4159:t1, leader=null, voted=null, raftlog=Memoized:s3@group-F5D0649D4159-SegmentedRaftLog:OPENED:c-1:lastnull, conf=conf: {index: -1, cur=peers:[s3|localhost:15152, s4|localhost:15156, s0|localhost:15140, s1|localhost:15144, s2|localhost:15148]|listeners:[], old=null} RUNNING
  s4:   CLOSED    LEADER s4@group-F5D0649D4159:t2, leader=s4, voted=s4, raftlog=Memoized:s4@group-F5D0649D4159-SegmentedRaftLog:CLOSED:c2, conf=conf: {index: 1, cur=peers:[s3|localhost:15152, s4|localhost:15156, s0|localhost:15140, s1|localhost:15144, s2|localhost:15148]|listeners:[], old=null} CLOSED
  s0:  RUNNING CANDIDATE s0@group-F5D0649D4159:t2, leader=null, voted=s4, raftlog=Memoized:s0@group-F5D0649D4159-SegmentedRaftLog:OPENED:c2:last(t:2, i:2), conf=conf: {index: 1, cur=peers:[s3|localhost:15152, s4|localhost:15156, s0|localhost:15140, s1|localhost:15144, s2|localhost:15148]|listeners:[], old=null} RUNNING
  s1:  RUNNING CANDIDATE s1@group-F5D0649D4159:t2, leader=null, voted=s4, raftlog=Memoized:s1@group-F5D0649D4159-SegmentedRaftLog:OPENED:c2:last(t:2, i:2), conf=conf: {index: 1, cur=peers:[s3|localhost:15152, s4|localhost:15156, s0|localhost:15140, s1|localhost:15144, s2|localhost:15148]|listeners:[], old=null} RUNNING
  s2:   CLOSED    LEADER s2@group-F5D0649D4159:t1, leader=s2, voted=s2, raftlog=Memoized:s2@group-F5D0649D4159-SegmentedRaftLog:CLOSED:c0, conf=conf: {index: 0, cur=peers:[s3|localhost:15152, s4|localhost:15156, s0|localhost:15140, s1|localhost:15144, s2|localhost:15148]|listeners:[], old=null} CLOSED
2024-10-07 19:12:39,370 [s0@group-F5D0649D4159-LeaderElection18] INFO  impl.LeaderElection (LeaderElection.java:logAndReturn(90)) - s0@group-F5D0649D4159-LeaderElection18: PRE_VOTE TIMEOUT received 1 response(s) and 2 exception(s):
2024-10-07 19:12:39,370 [s0@group-F5D0649D4159-LeaderElection18] INFO  impl.LeaderElection (LeaderElection.java:logAndReturn(94)) -   Response 0: s0<-s1#0:OK-t2
2024-10-07 19:12:39,370 [s0@group-F5D0649D4159-LeaderElection18] INFO  impl.LeaderElection (LogUtils.java:infoOrTrace(136)) -   Exception 1: java.util.concurrent.ExecutionException: org.apache.ratis.thirdparty.io.netty.channel.AbstractChannel$AnnotatedConnectException: finishConnect(..) failed: Connection refused: localhost/127.0.0.1:15148
2024-10-07 19:12:39,370 [s0@group-F5D0649D4159-LeaderElection18] INFO  impl.LeaderElection (LogUtils.java:infoOrTrace(136)) -   Exception 2: java.util.concurrent.ExecutionException: org.apache.ratis.thirdparty.io.netty.channel.AbstractChannel$AnnotatedConnectException: finishConnect(..) failed: Connection refused: localhost/127.0.0.1:15156
2024-10-07 19:12:39,370 [s0@group-F5D0649D4159-LeaderElection18] INFO  impl.LeaderElection (LeaderElection.java:askForVotes(339)) - s0@group-F5D0649D4159-LeaderElection18 PRE_VOTE round 147: result TIMEOUT
2024-10-07 19:12:39,370 [s0@group-F5D0649D4159-LeaderElection18] INFO  impl.LeaderElection (LeaderElection.java:askForVotes(337)) - s0@group-F5D0649D4159-LeaderElection18 PRE_VOTE round 148: submit vote requests at term 2 for conf: {index: 1, cur=peers:[s3|localhost:15152, s4|localhost:15156, s0|localhost:15140, s1|localhost:15144, s2|localhost:15148]|listeners:[], old=null}
2024-10-07 19:12:39,371 [NettyRpcService-workerGroup--thread3] INFO  server.RaftServer$Division (RaftServerImpl.java:requestVote(1443)) - s1@group-F5D0649D4159: receive requestVote(PRE_VOTE, s0, group-F5D0649D4159, 2, (t:2, i:2))
2024-10-07 19:12:39,371 [NettyRpcService-workerGroup--thread3] INFO  impl.VoteContext (VoteContext.java:log(49)) - s1@group-F5D0649D4159-CANDIDATE: accept PRE_VOTE from s0: our priority 0 <= candidate's priority 0
2024-10-07 19:12:39,371 [NettyRpcService-workerGroup--thread3] INFO  server.RaftServer$Division (RaftServerImpl.java:requestVote(1476)) - s1@group-F5D0649D4159 replies to PRE_VOTE vote request: s0<-s1#0:OK-t2. Peer's state: s1@group-F5D0649D4159:t2, leader=null, voted=s4, raftlog=Memoized:s1@group-F5D0649D4159-SegmentedRaftLog:OPENED:c2:last(t:2, i:2), conf=conf: {index: 1, cur=peers:[s3|localhost:15152, s4|localhost:15156, s0|localhost:15140, s1|localhost:15144, s2|localhost:15148]|listeners:[], old=null}
2024-10-07 19:12:39,371 [s0@group-F5D0649D4159-LeaderElection18] INFO  impl.LeaderElection (LogUtils.java:infoOrTrace(136)) - s0@group-F5D0649D4159-LeaderElection18 got exception when requesting votes: java.util.concurrent.ExecutionException: org.apache.ratis.thirdparty.io.netty.channel.AbstractChannel$AnnotatedConnectException: finishConnect(..) failed: Connection refused: localhost/127.0.0.1:15156
2024-10-07 19:12:39,371 [s0@group-F5D0649D4159-LeaderElection18] INFO  impl.LeaderElection (LogUtils.java:infoOrTrace(136)) - s0@group-F5D0649D4159-LeaderElection18 got exception when requesting votes: java.util.concurrent.ExecutionException: org.apache.ratis.thirdparty.io.netty.channel.AbstractChannel$AnnotatedConnectException: finishConnect(..) failed: Connection refused: localhost/127.0.0.1:15148
2024-10-07 19:12:39,435 [s1@group-F5D0649D4159-LeaderElection17] INFO  impl.LeaderElection (LeaderElection.java:logAndReturn(90)) - s1@group-F5D0649D4159-LeaderElection17: PRE_VOTE TIMEOUT received 1 response(s) and 2 exception(s):
2024-10-07 19:12:39,435 [s1@group-F5D0649D4159-LeaderElection17] INFO  impl.LeaderElection (LeaderElection.java:logAndReturn(94)) -   Response 0: s1<-s0#0:OK-t2
2024-10-07 19:12:39,435 [s1@group-F5D0649D4159-LeaderElection17] INFO  impl.LeaderElection (LogUtils.java:infoOrTrace(136)) -   Exception 1: java.util.concurrent.ExecutionException: org.apache.ratis.thirdparty.io.netty.channel.AbstractChannel$AnnotatedConnectException: finishConnect(..) failed: Connection refused: localhost/127.0.0.1:15156
2024-10-07 19:12:39,435 [s1@group-F5D0649D4159-LeaderElection17] INFO  impl.LeaderElection (LogUtils.java:infoOrTrace(136)) -   Exception 2: java.util.concurrent.ExecutionException: org.apache.ratis.thirdparty.io.netty.channel.AbstractChannel$AnnotatedConnectException: finishConnect(..) failed: Connection refused: localhost/127.0.0.1:15148
2024-10-07 19:12:39,435 [s1@group-F5D0649D4159-LeaderElection17] INFO  impl.LeaderElection (LeaderElection.java:askForVotes(339)) - s1@group-F5D0649D4159-LeaderElection17 PRE_VOTE round 165: result TIMEOUT
2024-10-07 19:12:39,435 [s1@group-F5D0649D4159-LeaderElection17] INFO  impl.LeaderElection (LeaderElection.java:askForVotes(337)) - s1@group-F5D0649D4159-LeaderElection17 PRE_VOTE round 166: submit vote requests at term 2 for conf: {index: 1, cur=peers:[s3|localhost:15152, s4|localhost:15156, s0|localhost:15140, s1|localhost:15144, s2|localhost:15148]|listeners:[], old=null}
2024-10-07 19:12:39,436 [NettyRpcService-workerGroup--thread3] INFO  server.RaftServer$Division (RaftServerImpl.java:requestVote(1443)) - s0@group-F5D0649D4159: receive requestVote(PRE_VOTE, s1, group-F5D0649D4159, 2, (t:2, i:2))
2024-10-07 19:12:39,436 [NettyRpcService-workerGroup--thread3] INFO  impl.VoteContext (VoteContext.java:log(49)) - s0@group-F5D0649D4159-CANDIDATE: accept PRE_VOTE from s1: our priority 0 <= candidate's priority 0
2024-10-07 19:12:39,436 [s1@group-F5D0649D4159-LeaderElection17] INFO  impl.LeaderElection (LogUtils.java:infoOrTrace(136)) - s1@group-F5D0649D4159-LeaderElection17 got exception when requesting votes: java.util.concurrent.ExecutionException: org.apache.ratis.thirdparty.io.netty.channel.AbstractChannel$AnnotatedConnectException: finishConnect(..) failed: Connection refused: localhost/127.0.0.1:15148
2024-10-07 19:12:39,436 [NettyRpcService-workerGroup--thread3] INFO  server.RaftServer$Division (RaftServerImpl.java:requestVote(1476)) - s0@group-F5D0649D4159 replies to PRE_VOTE vote request: s1<-s0#0:OK-t2. Peer's state: s0@group-F5D0649D4159:t2, leader=null, voted=s4, raftlog=Memoized:s0@group-F5D0649D4159-SegmentedRaftLog:OPENED:c2:last(t:2, i:2), conf=conf: {index: 1, cur=peers:[s3|localhost:15152, s4|localhost:15156, s0|localhost:15140, s1|localhost:15144, s2|localhost:15148]|listeners:[], old=null}
2024-10-07 19:12:39,436 [s1@group-F5D0649D4159-LeaderElection17] INFO  impl.LeaderElection (LogUtils.java:infoOrTrace(136)) - s1@group-F5D0649D4159-LeaderElection17 got exception when requesting votes: java.util.concurrent.ExecutionException: org.apache.ratis.thirdparty.io.netty.channel.AbstractChannel$AnnotatedConnectException: finishConnect(..) failed: Connection refused: localhost/127.0.0.1:15156
2024-10-07 19:12:39,586 [s0@group-F5D0649D4159-LeaderElection18] INFO  impl.LeaderElection (LeaderElection.java:logAndReturn(90)) - s0@group-F5D0649D4159-LeaderElection18: PRE_VOTE TIMEOUT received 1 response(s) and 2 exception(s):
2024-10-07 19:12:39,586 [s0@group-F5D0649D4159-LeaderElection18] INFO  impl.LeaderElection (LeaderElection.java:logAndReturn(94)) -   Response 0: s0<-s1#0:OK-t2
2024-10-07 19:12:39,586 [s0@group-F5D0649D4159-LeaderElection18] INFO  impl.LeaderElection (LogUtils.java:infoOrTrace(136)) -   Exception 1: java.util.concurrent.ExecutionException: org.apache.ratis.thirdparty.io.netty.channel.AbstractChannel$AnnotatedConnectException: finishConnect(..) failed: Connection refused: localhost/127.0.0.1:15156
2024-10-07 19:12:39,586 [s0@group-F5D0649D4159-LeaderElection18] INFO  impl.LeaderElection (LogUtils.java:infoOrTrace(136)) -   Exception 2: java.util.concurrent.ExecutionException: org.apache.ratis.thirdparty.io.netty.channel.AbstractChannel$AnnotatedConnectException: finishConnect(..) failed: Connection refused: localhost/127.0.0.1:15148
2024-10-07 19:12:39,586 [s0@group-F5D0649D4159-LeaderElection18] INFO  impl.LeaderElection (LeaderElection.java:askForVotes(339)) - s0@group-F5D0649D4159-LeaderElection18 PRE_VOTE round 148: result TIMEOUT
2024-10-07 19:12:39,586 [s0@group-F5D0649D4159-LeaderElection18] INFO  impl.LeaderElection (LeaderElection.java:askForVotes(337)) - s0@group-F5D0649D4159-LeaderElection18 PRE_VOTE round 149: submit vote requests at term 2 for conf: {index: 1, cur=peers:[s3|localhost:15152, s4|localhost:15156, s0|localhost:15140, s1|localhost:15144, s2|localhost:15148]|listeners:[], old=null}
2024-10-07 19:12:39,587 [NettyRpcService-workerGroup--thread3] INFO  server.RaftServer$Division (RaftServerImpl.java:requestVote(1443)) - s1@group-F5D0649D4159: receive requestVote(PRE_VOTE, s0, group-F5D0649D4159, 2, (t:2, i:2))
2024-10-07 19:12:39,587 [NettyRpcService-workerGroup--thread3] INFO  impl.VoteContext (VoteContext.java:log(49)) - s1@group-F5D0649D4159-CANDIDATE: accept PRE_VOTE from s0: our priority 0 <= candidate's priority 0
2024-10-07 19:12:39,587 [s0@group-F5D0649D4159-LeaderElection18] INFO  impl.LeaderElection (LogUtils.java:infoOrTrace(136)) - s0@group-F5D0649D4159-LeaderElection18 got exception when requesting votes: java.util.concurrent.ExecutionException: org.apache.ratis.thirdparty.io.netty.channel.AbstractChannel$AnnotatedConnectException: finishConnect(..) failed: Connection refused: localhost/127.0.0.1:15148
2024-10-07 19:12:39,587 [NettyRpcService-workerGroup--thread3] INFO  server.RaftServer$Division (RaftServerImpl.java:requestVote(1476)) - s1@group-F5D0649D4159 replies to PRE_VOTE vote request: s0<-s1#0:OK-t2. Peer's state: s1@group-F5D0649D4159:t2, leader=null, voted=s4, raftlog=Memoized:s1@group-F5D0649D4159-SegmentedRaftLog:OPENED:c2:last(t:2, i:2), conf=conf: {index: 1, cur=peers:[s3|localhost:15152, s4|localhost:15156, s0|localhost:15140, s1|localhost:15144, s2|localhost:15148]|listeners:[], old=null}
2024-10-07 19:12:39,587 [s0@group-F5D0649D4159-LeaderElection18] INFO  impl.LeaderElection (LogUtils.java:infoOrTrace(136)) - s0@group-F5D0649D4159-LeaderElection18 got exception when requesting votes: java.util.concurrent.ExecutionException: org.apache.ratis.thirdparty.io.netty.channel.AbstractChannel$AnnotatedConnectException: finishConnect(..) failed: Connection refused: localhost/127.0.0.1:15156
2024-10-07 19:12:39,663 [s1@group-F5D0649D4159-LeaderElection17] INFO  impl.LeaderElection (LeaderElection.java:logAndReturn(90)) - s1@group-F5D0649D4159-LeaderElection17: PRE_VOTE TIMEOUT received 1 response(s) and 2 exception(s):
2024-10-07 19:12:39,663 [s1@group-F5D0649D4159-LeaderElection17] INFO  impl.LeaderElection (LeaderElection.java:logAndReturn(94)) -   Response 0: s1<-s0#0:OK-t2
2024-10-07 19:12:39,663 [s1@group-F5D0649D4159-LeaderElection17] INFO  impl.LeaderElection (LogUtils.java:infoOrTrace(136)) -   Exception 1: java.util.concurrent.ExecutionException: org.apache.ratis.thirdparty.io.netty.channel.AbstractChannel$AnnotatedConnectException: finishConnect(..) failed: Connection refused: localhost/127.0.0.1:15148
2024-10-07 19:12:39,663 [s1@group-F5D0649D4159-LeaderElection17] INFO  impl.LeaderElection (LogUtils.java:infoOrTrace(136)) -   Exception 2: java.util.concurrent.ExecutionException: org.apache.ratis.thirdparty.io.netty.channel.AbstractChannel$AnnotatedConnectException: finishConnect(..) failed: Connection refused: localhost/127.0.0.1:15156
2024-10-07 19:12:39,663 [s1@group-F5D0649D4159-LeaderElection17] INFO  impl.LeaderElection (LeaderElection.java:askForVotes(339)) - s1@group-F5D0649D4159-LeaderElection17 PRE_VOTE round 166: result TIMEOUT
2024-10-07 19:12:39,663 [s1@group-F5D0649D4159-LeaderElection17] INFO  impl.LeaderElection (LeaderElection.java:askForVotes(337)) - s1@group-F5D0649D4159-LeaderElection17 PRE_VOTE round 167: submit vote requests at term 2 for conf: {index: 1, cur=peers:[s3|localhost:15152, s4|localhost:15156, s0|localhost:15140, s1|localhost:15144, s2|localhost:15148]|listeners:[], old=null}
2024-10-07 19:12:39,664 [NettyRpcService-workerGroup--thread3] INFO  server.RaftServer$Division (RaftServerImpl.java:requestVote(1443)) - s0@group-F5D0649D4159: receive requestVote(PRE_VOTE, s1, group-F5D0649D4159, 2, (t:2, i:2))
2024-10-07 19:12:39,664 [NettyRpcService-workerGroup--thread3] INFO  impl.VoteContext (VoteContext.java:log(49)) - s0@group-F5D0649D4159-CANDIDATE: accept PRE_VOTE from s1: our priority 0 <= candidate's priority 0
2024-10-07 19:12:39,664 [NettyRpcService-workerGroup--thread3] INFO  server.RaftServer$Division (RaftServerImpl.java:requestVote(1476)) - s0@group-F5D0649D4159 replies to PRE_VOTE vote request: s1<-s0#0:OK-t2. Peer's state: s0@group-F5D0649D4159:t2, leader=null, voted=s4, raftlog=Memoized:s0@group-F5D0649D4159-SegmentedRaftLog:OPENED:c2:last(t:2, i:2), conf=conf: {index: 1, cur=peers:[s3|localhost:15152, s4|localhost:15156, s0|localhost:15140, s1|localhost:15144, s2|localhost:15148]|listeners:[], old=null}
2024-10-07 19:12:39,665 [s1@group-F5D0649D4159-LeaderElection17] INFO  impl.LeaderElection (LogUtils.java:infoOrTrace(136)) - s1@group-F5D0649D4159-LeaderElection17 got exception when requesting votes: java.util.concurrent.ExecutionException: org.apache.ratis.thirdparty.io.netty.channel.AbstractChannel$AnnotatedConnectException: finishConnect(..) failed: Connection refused: localhost/127.0.0.1:15156
2024-10-07 19:12:39,665 [s1@group-F5D0649D4159-LeaderElection17] INFO  impl.LeaderElection (LogUtils.java:infoOrTrace(136)) - s1@group-F5D0649D4159-LeaderElection17 got exception when requesting votes: java.util.concurrent.ExecutionException: org.apache.ratis.thirdparty.io.netty.channel.AbstractChannel$AnnotatedConnectException: finishConnect(..) failed: Connection refused: localhost/127.0.0.1:15148
2024-10-07 19:12:39,727 [main] WARN  ratis.RaftTestUtil (RaftTestUtil.java:lambda$waitForLeader$3(126)) - Attempt #85 failed: java.lang.IllegalStateException: No leader yet : printing ALL groups
  s3:  RUNNING  FOLLOWER s3@group-F5D0649D4159:t1, leader=null, voted=null, raftlog=Memoized:s3@group-F5D0649D4159-SegmentedRaftLog:OPENED:c-1:lastnull, conf=conf: {index: -1, cur=peers:[s3|localhost:15152, s4|localhost:15156, s0|localhost:15140, s1|localhost:15144, s2|localhost:15148]|listeners:[], old=null} RUNNING
  s4:   CLOSED    LEADER s4@group-F5D0649D4159:t2, leader=s4, voted=s4, raftlog=Memoized:s4@group-F5D0649D4159-SegmentedRaftLog:CLOSED:c2, conf=conf: {index: 1, cur=peers:[s3|localhost:15152, s4|localhost:15156, s0|localhost:15140, s1|localhost:15144, s2|localhost:15148]|listeners:[], old=null} CLOSED
  s0:  RUNNING CANDIDATE s0@group-F5D0649D4159:t2, leader=null, voted=s4, raftlog=Memoized:s0@group-F5D0649D4159-SegmentedRaftLog:OPENED:c2:last(t:2, i:2), conf=conf: {index: 1, cur=peers:[s3|localhost:15152, s4|localhost:15156, s0|localhost:15140, s1|localhost:15144, s2|localhost:15148]|listeners:[], old=null} RUNNING
  s1:  RUNNING CANDIDATE s1@group-F5D0649D4159:t2, leader=null, voted=s4, raftlog=Memoized:s1@group-F5D0649D4159-SegmentedRaftLog:OPENED:c2:last(t:2, i:2), conf=conf: {index: 1, cur=peers:[s3|localhost:15152, s4|localhost:15156, s0|localhost:15140, s1|localhost:15144, s2|localhost:15148]|listeners:[], old=null} RUNNING
  s2:   CLOSED    LEADER s2@group-F5D0649D4159:t1, leader=s2, voted=s2, raftlog=Memoized:s2@group-F5D0649D4159-SegmentedRaftLog:CLOSED:c0, conf=conf: {index: 0, cur=peers:[s3|localhost:15152, s4|localhost:15156, s0|localhost:15140, s1|localhost:15144, s2|localhost:15148]|listeners:[], old=null} CLOSED
2024-10-07 19:12:39,771 [s0@group-F5D0649D4159-LeaderElection18] INFO  impl.LeaderElection (LeaderElection.java:logAndReturn(90)) - s0@group-F5D0649D4159-LeaderElection18: PRE_VOTE TIMEOUT received 1 response(s) and 2 exception(s):
2024-10-07 19:12:39,771 [s0@group-F5D0649D4159-LeaderElection18] INFO  impl.LeaderElection (LeaderElection.java:logAndReturn(94)) -   Response 0: s0<-s1#0:OK-t2
2024-10-07 19:12:39,771 [s0@group-F5D0649D4159-LeaderElection18] INFO  impl.LeaderElection (LogUtils.java:infoOrTrace(136)) -   Exception 1: java.util.concurrent.ExecutionException: org.apache.ratis.thirdparty.io.netty.channel.AbstractChannel$AnnotatedConnectException: finishConnect(..) failed: Connection refused: localhost/127.0.0.1:15148
2024-10-07 19:12:39,771 [s0@group-F5D0649D4159-LeaderElection18] INFO  impl.LeaderElection (LogUtils.java:infoOrTrace(136)) -   Exception 2: java.util.concurrent.ExecutionException: org.apache.ratis.thirdparty.io.netty.channel.AbstractChannel$AnnotatedConnectException: finishConnect(..) failed: Connection refused: localhost/127.0.0.1:15156
2024-10-07 19:12:39,771 [s0@group-F5D0649D4159-LeaderElection18] INFO  impl.LeaderElection (LeaderElection.java:askForVotes(339)) - s0@group-F5D0649D4159-LeaderElection18 PRE_VOTE round 149: result TIMEOUT
2024-10-07 19:12:39,771 [s0@group-F5D0649D4159-LeaderElection18] INFO  impl.LeaderElection (LeaderElection.java:askForVotes(337)) - s0@group-F5D0649D4159-LeaderElection18 PRE_VOTE round 150: submit vote requests at term 2 for conf: {index: 1, cur=peers:[s3|localhost:15152, s4|localhost:15156, s0|localhost:15140, s1|localhost:15144, s2|localhost:15148]|listeners:[], old=null}
2024-10-07 19:12:39,772 [NettyRpcService-workerGroup--thread3] INFO  server.RaftServer$Division (RaftServerImpl.java:requestVote(1443)) - s1@group-F5D0649D4159: receive requestVote(PRE_VOTE, s0, group-F5D0649D4159, 2, (t:2, i:2))
2024-10-07 19:12:39,773 [NettyRpcService-workerGroup--thread3] INFO  impl.VoteContext (VoteContext.java:log(49)) - s1@group-F5D0649D4159-CANDIDATE: accept PRE_VOTE from s0: our priority 0 <= candidate's priority 0
2024-10-07 19:12:39,773 [s0@group-F5D0649D4159-LeaderElection18] INFO  impl.LeaderElection (LogUtils.java:infoOrTrace(136)) - s0@group-F5D0649D4159-LeaderElection18 got exception when requesting votes: java.util.concurrent.ExecutionException: org.apache.ratis.thirdparty.io.netty.channel.AbstractChannel$AnnotatedConnectException: finishConnect(..) failed: Connection refused: localhost/127.0.0.1:15156
2024-10-07 19:12:39,773 [NettyRpcService-workerGroup--thread3] INFO  server.RaftServer$Division (RaftServerImpl.java:requestVote(1476)) - s1@group-F5D0649D4159 replies to PRE_VOTE vote request: s0<-s1#0:OK-t2. Peer's state: s1@group-F5D0649D4159:t2, leader=null, voted=s4, raftlog=Memoized:s1@group-F5D0649D4159-SegmentedRaftLog:OPENED:c2:last(t:2, i:2), conf=conf: {index: 1, cur=peers:[s3|localhost:15152, s4|localhost:15156, s0|localhost:15140, s1|localhost:15144, s2|localhost:15148]|listeners:[], old=null}
2024-10-07 19:12:39,773 [s0@group-F5D0649D4159-LeaderElection18] INFO  impl.LeaderElection (LogUtils.java:infoOrTrace(136)) - s0@group-F5D0649D4159-LeaderElection18 got exception when requesting votes: java.util.concurrent.ExecutionException: org.apache.ratis.thirdparty.io.netty.channel.AbstractChannel$AnnotatedConnectException: finishConnect(..) failed: Connection refused: localhost/127.0.0.1:15148
2024-10-07 19:12:39,923 [s0@group-F5D0649D4159-LeaderElection18] INFO  impl.LeaderElection (LeaderElection.java:logAndReturn(90)) - s0@group-F5D0649D4159-LeaderElection18: PRE_VOTE TIMEOUT received 1 response(s) and 2 exception(s):
2024-10-07 19:12:39,923 [s0@group-F5D0649D4159-LeaderElection18] INFO  impl.LeaderElection (LeaderElection.java:logAndReturn(94)) -   Response 0: s0<-s1#0:OK-t2
2024-10-07 19:12:39,923 [s0@group-F5D0649D4159-LeaderElection18] INFO  impl.LeaderElection (LogUtils.java:infoOrTrace(136)) -   Exception 1: java.util.concurrent.ExecutionException: org.apache.ratis.thirdparty.io.netty.channel.AbstractChannel$AnnotatedConnectException: finishConnect(..) failed: Connection refused: localhost/127.0.0.1:15156
2024-10-07 19:12:39,923 [s0@group-F5D0649D4159-LeaderElection18] INFO  impl.LeaderElection (LogUtils.java:infoOrTrace(136)) -   Exception 2: java.util.concurrent.ExecutionException: org.apache.ratis.thirdparty.io.netty.channel.AbstractChannel$AnnotatedConnectException: finishConnect(..) failed: Connection refused: localhost/127.0.0.1:15148
2024-10-07 19:12:39,923 [s0@group-F5D0649D4159-LeaderElection18] INFO  impl.LeaderElection (LeaderElection.java:askForVotes(339)) - s0@group-F5D0649D4159-LeaderElection18 PRE_VOTE round 150: result TIMEOUT
2024-10-07 19:12:39,923 [s0@group-F5D0649D4159-LeaderElection18] INFO  impl.LeaderElection (LeaderElection.java:askForVotes(337)) - s0@group-F5D0649D4159-LeaderElection18 PRE_VOTE round 151: submit vote requests at term 2 for conf: {index: 1, cur=peers:[s3|localhost:15152, s4|localhost:15156, s0|localhost:15140, s1|localhost:15144, s2|localhost:15148]|listeners:[], old=null}
2024-10-07 19:12:39,924 [NettyRpcService-workerGroup--thread3] INFO  server.RaftServer$Division (RaftServerImpl.java:requestVote(1443)) - s1@group-F5D0649D4159: receive requestVote(PRE_VOTE, s0, group-F5D0649D4159, 2, (t:2, i:2))
2024-10-07 19:12:39,924 [NettyRpcService-workerGroup--thread3] INFO  impl.VoteContext (VoteContext.java:log(49)) - s1@group-F5D0649D4159-CANDIDATE: accept PRE_VOTE from s0: our priority 0 <= candidate's priority 0
2024-10-07 19:12:39,925 [NettyRpcService-workerGroup--thread3] INFO  server.RaftServer$Division (RaftServerImpl.java:requestVote(1476)) - s1@group-F5D0649D4159 replies to PRE_VOTE vote request: s0<-s1#0:OK-t2. Peer's state: s1@group-F5D0649D4159:t2, leader=null, voted=s4, raftlog=Memoized:s1@group-F5D0649D4159-SegmentedRaftLog:OPENED:c2:last(t:2, i:2), conf=conf: {index: 1, cur=peers:[s3|localhost:15152, s4|localhost:15156, s0|localhost:15140, s1|localhost:15144, s2|localhost:15148]|listeners:[], old=null}
2024-10-07 19:12:39,925 [s0@group-F5D0649D4159-LeaderElection18] INFO  impl.LeaderElection (LogUtils.java:infoOrTrace(136)) - s0@group-F5D0649D4159-LeaderElection18 got exception when requesting votes: java.util.concurrent.ExecutionException: org.apache.ratis.thirdparty.io.netty.channel.AbstractChannel$AnnotatedConnectException: finishConnect(..) failed: Connection refused: localhost/127.0.0.1:15156
2024-10-07 19:12:39,925 [s0@group-F5D0649D4159-LeaderElection18] INFO  impl.LeaderElection (LogUtils.java:infoOrTrace(136)) - s0@group-F5D0649D4159-LeaderElection18 got exception when requesting votes: java.util.concurrent.ExecutionException: org.apache.ratis.thirdparty.io.netty.channel.AbstractChannel$AnnotatedConnectException: finishConnect(..) failed: Connection refused: localhost/127.0.0.1:15148
2024-10-07 19:12:39,964 [s1@group-F5D0649D4159-LeaderElection17] INFO  impl.LeaderElection (LeaderElection.java:logAndReturn(90)) - s1@group-F5D0649D4159-LeaderElection17: PRE_VOTE TIMEOUT received 1 response(s) and 2 exception(s):
2024-10-07 19:12:39,964 [s1@group-F5D0649D4159-LeaderElection17] INFO  impl.LeaderElection (LeaderElection.java:logAndReturn(94)) -   Response 0: s1<-s0#0:OK-t2
2024-10-07 19:12:39,964 [s1@group-F5D0649D4159-LeaderElection17] INFO  impl.LeaderElection (LogUtils.java:infoOrTrace(136)) -   Exception 1: java.util.concurrent.ExecutionException: org.apache.ratis.thirdparty.io.netty.channel.AbstractChannel$AnnotatedConnectException: finishConnect(..) failed: Connection refused: localhost/127.0.0.1:15156
2024-10-07 19:12:39,964 [s1@group-F5D0649D4159-LeaderElection17] INFO  impl.LeaderElection (LogUtils.java:infoOrTrace(136)) -   Exception 2: java.util.concurrent.ExecutionException: org.apache.ratis.thirdparty.io.netty.channel.AbstractChannel$AnnotatedConnectException: finishConnect(..) failed: Connection refused: localhost/127.0.0.1:15148
2024-10-07 19:12:39,964 [s1@group-F5D0649D4159-LeaderElection17] INFO  impl.LeaderElection (LeaderElection.java:askForVotes(339)) - s1@group-F5D0649D4159-LeaderElection17 PRE_VOTE round 167: result TIMEOUT
2024-10-07 19:12:39,964 [s1@group-F5D0649D4159-LeaderElection17] INFO  impl.LeaderElection (LeaderElection.java:askForVotes(337)) - s1@group-F5D0649D4159-LeaderElection17 PRE_VOTE round 168: submit vote requests at term 2 for conf: {index: 1, cur=peers:[s3|localhost:15152, s4|localhost:15156, s0|localhost:15140, s1|localhost:15144, s2|localhost:15148]|listeners:[], old=null}
2024-10-07 19:12:39,965 [NettyRpcService-workerGroup--thread3] INFO  server.RaftServer$Division (RaftServerImpl.java:requestVote(1443)) - s0@group-F5D0649D4159: receive requestVote(PRE_VOTE, s1, group-F5D0649D4159, 2, (t:2, i:2))
2024-10-07 19:12:39,965 [NettyRpcService-workerGroup--thread3] INFO  impl.VoteContext (VoteContext.java:log(49)) - s0@group-F5D0649D4159-CANDIDATE: accept PRE_VOTE from s1: our priority 0 <= candidate's priority 0
2024-10-07 19:12:39,965 [s1@group-F5D0649D4159-LeaderElection17] INFO  impl.LeaderElection (LogUtils.java:infoOrTrace(136)) - s1@group-F5D0649D4159-LeaderElection17 got exception when requesting votes: java.util.concurrent.ExecutionException: org.apache.ratis.thirdparty.io.netty.channel.AbstractChannel$AnnotatedConnectException: finishConnect(..) failed: Connection refused: localhost/127.0.0.1:15156
2024-10-07 19:12:39,965 [NettyRpcService-workerGroup--thread3] INFO  server.RaftServer$Division (RaftServerImpl.java:requestVote(1476)) - s0@group-F5D0649D4159 replies to PRE_VOTE vote request: s1<-s0#0:OK-t2. Peer's state: s0@group-F5D0649D4159:t2, leader=null, voted=s4, raftlog=Memoized:s0@group-F5D0649D4159-SegmentedRaftLog:OPENED:c2:last(t:2, i:2), conf=conf: {index: 1, cur=peers:[s3|localhost:15152, s4|localhost:15156, s0|localhost:15140, s1|localhost:15144, s2|localhost:15148]|listeners:[], old=null}
2024-10-07 19:12:39,965 [s1@group-F5D0649D4159-LeaderElection17] INFO  impl.LeaderElection (LogUtils.java:infoOrTrace(136)) - s1@group-F5D0649D4159-LeaderElection17 got exception when requesting votes: java.util.concurrent.ExecutionException: org.apache.ratis.thirdparty.io.netty.channel.AbstractChannel$AnnotatedConnectException: finishConnect(..) failed: Connection refused: localhost/127.0.0.1:15148
2024-10-07 19:12:40,178 [main] WARN  ratis.RaftTestUtil (RaftTestUtil.java:lambda$waitForLeader$3(126)) - Attempt #86 failed: java.lang.IllegalStateException: No leader yet : printing ALL groups
  s3:  RUNNING  FOLLOWER s3@group-F5D0649D4159:t1, leader=null, voted=null, raftlog=Memoized:s3@group-F5D0649D4159-SegmentedRaftLog:OPENED:c-1:lastnull, conf=conf: {index: -1, cur=peers:[s3|localhost:15152, s4|localhost:15156, s0|localhost:15140, s1|localhost:15144, s2|localhost:15148]|listeners:[], old=null} RUNNING
  s4:   CLOSED    LEADER s4@group-F5D0649D4159:t2, leader=s4, voted=s4, raftlog=Memoized:s4@group-F5D0649D4159-SegmentedRaftLog:CLOSED:c2, conf=conf: {index: 1, cur=peers:[s3|localhost:15152, s4|localhost:15156, s0|localhost:15140, s1|localhost:15144, s2|localhost:15148]|listeners:[], old=null} CLOSED
  s0:  RUNNING CANDIDATE s0@group-F5D0649D4159:t2, leader=null, voted=s4, raftlog=Memoized:s0@group-F5D0649D4159-SegmentedRaftLog:OPENED:c2:last(t:2, i:2), conf=conf: {index: 1, cur=peers:[s3|localhost:15152, s4|localhost:15156, s0|localhost:15140, s1|localhost:15144, s2|localhost:15148]|listeners:[], old=null} RUNNING
  s1:  RUNNING CANDIDATE s1@group-F5D0649D4159:t2, leader=null, voted=s4, raftlog=Memoized:s1@group-F5D0649D4159-SegmentedRaftLog:OPENED:c2:last(t:2, i:2), conf=conf: {index: 1, cur=peers:[s3|localhost:15152, s4|localhost:15156, s0|localhost:15140, s1|localhost:15144, s2|localhost:15148]|listeners:[], old=null} RUNNING
  s2:   CLOSED    LEADER s2@group-F5D0649D4159:t1, leader=s2, voted=s2, raftlog=Memoized:s2@group-F5D0649D4159-SegmentedRaftLog:CLOSED:c0, conf=conf: {index: 0, cur=peers:[s3|localhost:15152, s4|localhost:15156, s0|localhost:15140, s1|localhost:15144, s2|localhost:15148]|listeners:[], old=null} CLOSED
2024-10-07 19:12:40,195 [s1@group-F5D0649D4159-LeaderElection17] INFO  impl.LeaderElection (LeaderElection.java:logAndReturn(90)) - s1@group-F5D0649D4159-LeaderElection17: PRE_VOTE TIMEOUT received 1 response(s) and 2 exception(s):
2024-10-07 19:12:40,195 [s1@group-F5D0649D4159-LeaderElection17] INFO  impl.LeaderElection (LeaderElection.java:logAndReturn(94)) -   Response 0: s1<-s0#0:OK-t2
2024-10-07 19:12:40,195 [s1@group-F5D0649D4159-LeaderElection17] INFO  impl.LeaderElection (LogUtils.java:infoOrTrace(136)) -   Exception 1: java.util.concurrent.ExecutionException: org.apache.ratis.thirdparty.io.netty.channel.AbstractChannel$AnnotatedConnectException: finishConnect(..) failed: Connection refused: localhost/127.0.0.1:15156
2024-10-07 19:12:40,195 [s1@group-F5D0649D4159-LeaderElection17] INFO  impl.LeaderElection (LogUtils.java:infoOrTrace(136)) -   Exception 2: java.util.concurrent.ExecutionException: org.apache.ratis.thirdparty.io.netty.channel.AbstractChannel$AnnotatedConnectException: finishConnect(..) failed: Connection refused: localhost/127.0.0.1:15148
2024-10-07 19:12:40,195 [s1@group-F5D0649D4159-LeaderElection17] INFO  impl.LeaderElection (LeaderElection.java:askForVotes(339)) - s1@group-F5D0649D4159-LeaderElection17 PRE_VOTE round 168: result TIMEOUT
2024-10-07 19:12:40,195 [s1@group-F5D0649D4159-LeaderElection17] INFO  impl.LeaderElection (LeaderElection.java:askForVotes(337)) - s1@group-F5D0649D4159-LeaderElection17 PRE_VOTE round 169: submit vote requests at term 2 for conf: {index: 1, cur=peers:[s3|localhost:15152, s4|localhost:15156, s0|localhost:15140, s1|localhost:15144, s2|localhost:15148]|listeners:[], old=null}
2024-10-07 19:12:40,196 [NettyRpcService-workerGroup--thread3] INFO  server.RaftServer$Division (RaftServerImpl.java:requestVote(1443)) - s0@group-F5D0649D4159: receive requestVote(PRE_VOTE, s1, group-F5D0649D4159, 2, (t:2, i:2))
2024-10-07 19:12:40,196 [NettyRpcService-workerGroup--thread3] INFO  impl.VoteContext (VoteContext.java:log(49)) - s0@group-F5D0649D4159-CANDIDATE: accept PRE_VOTE from s1: our priority 0 <= candidate's priority 0
2024-10-07 19:12:40,197 [NettyRpcService-workerGroup--thread3] INFO  server.RaftServer$Division (RaftServerImpl.java:requestVote(1476)) - s0@group-F5D0649D4159 replies to PRE_VOTE vote request: s1<-s0#0:OK-t2. Peer's state: s0@group-F5D0649D4159:t2, leader=null, voted=s4, raftlog=Memoized:s0@group-F5D0649D4159-SegmentedRaftLog:OPENED:c2:last(t:2, i:2), conf=conf: {index: 1, cur=peers:[s3|localhost:15152, s4|localhost:15156, s0|localhost:15140, s1|localhost:15144, s2|localhost:15148]|listeners:[], old=null}
2024-10-07 19:12:40,197 [s1@group-F5D0649D4159-LeaderElection17] INFO  impl.LeaderElection (LogUtils.java:infoOrTrace(136)) - s1@group-F5D0649D4159-LeaderElection17 got exception when requesting votes: java.util.concurrent.ExecutionException: org.apache.ratis.thirdparty.io.netty.channel.AbstractChannel$AnnotatedConnectException: finishConnect(..) failed: Connection refused: localhost/127.0.0.1:15148
2024-10-07 19:12:40,197 [s1@group-F5D0649D4159-LeaderElection17] INFO  impl.LeaderElection (LogUtils.java:infoOrTrace(136)) - s1@group-F5D0649D4159-LeaderElection17 got exception when requesting votes: java.util.concurrent.ExecutionException: org.apache.ratis.thirdparty.io.netty.channel.AbstractChannel$AnnotatedConnectException: finishConnect(..) failed: Connection refused: localhost/127.0.0.1:15156
2024-10-07 19:12:40,205 [s0@group-F5D0649D4159-LeaderElection18] INFO  impl.LeaderElection (LeaderElection.java:logAndReturn(90)) - s0@group-F5D0649D4159-LeaderElection18: PRE_VOTE TIMEOUT received 1 response(s) and 2 exception(s):
2024-10-07 19:12:40,205 [s0@group-F5D0649D4159-LeaderElection18] INFO  impl.LeaderElection (LeaderElection.java:logAndReturn(94)) -   Response 0: s0<-s1#0:OK-t2
2024-10-07 19:12:40,205 [s0@group-F5D0649D4159-LeaderElection18] INFO  impl.LeaderElection (LogUtils.java:infoOrTrace(136)) -   Exception 1: java.util.concurrent.ExecutionException: org.apache.ratis.thirdparty.io.netty.channel.AbstractChannel$AnnotatedConnectException: finishConnect(..) failed: Connection refused: localhost/127.0.0.1:15156
2024-10-07 19:12:40,205 [s0@group-F5D0649D4159-LeaderElection18] INFO  impl.LeaderElection (LogUtils.java:infoOrTrace(136)) -   Exception 2: java.util.concurrent.ExecutionException: org.apache.ratis.thirdparty.io.netty.channel.AbstractChannel$AnnotatedConnectException: finishConnect(..) failed: Connection refused: localhost/127.0.0.1:15148
2024-10-07 19:12:40,205 [s0@group-F5D0649D4159-LeaderElection18] INFO  impl.LeaderElection (LeaderElection.java:askForVotes(339)) - s0@group-F5D0649D4159-LeaderElection18 PRE_VOTE round 151: result TIMEOUT
2024-10-07 19:12:40,205 [s0@group-F5D0649D4159-LeaderElection18] INFO  impl.LeaderElection (LeaderElection.java:askForVotes(337)) - s0@group-F5D0649D4159-LeaderElection18 PRE_VOTE round 152: submit vote requests at term 2 for conf: {index: 1, cur=peers:[s3|localhost:15152, s4|localhost:15156, s0|localhost:15140, s1|localhost:15144, s2|localhost:15148]|listeners:[], old=null}
2024-10-07 19:12:40,206 [NettyRpcService-workerGroup--thread3] INFO  server.RaftServer$Division (RaftServerImpl.java:requestVote(1443)) - s1@group-F5D0649D4159: receive requestVote(PRE_VOTE, s0, group-F5D0649D4159, 2, (t:2, i:2))
2024-10-07 19:12:40,206 [NettyRpcService-workerGroup--thread3] INFO  impl.VoteContext (VoteContext.java:log(49)) - s1@group-F5D0649D4159-CANDIDATE: accept PRE_VOTE from s0: our priority 0 <= candidate's priority 0
2024-10-07 19:12:40,206 [s0@group-F5D0649D4159-LeaderElection18] INFO  impl.LeaderElection (LogUtils.java:infoOrTrace(136)) - s0@group-F5D0649D4159-LeaderElection18 got exception when requesting votes: java.util.concurrent.ExecutionException: org.apache.ratis.thirdparty.io.netty.channel.AbstractChannel$AnnotatedConnectException: finishConnect(..) failed: Connection refused: localhost/127.0.0.1:15156
2024-10-07 19:12:40,206 [NettyRpcService-workerGroup--thread3] INFO  server.RaftServer$Division (RaftServerImpl.java:requestVote(1476)) - s1@group-F5D0649D4159 replies to PRE_VOTE vote request: s0<-s1#0:OK-t2. Peer's state: s1@group-F5D0649D4159:t2, leader=null, voted=s4, raftlog=Memoized:s1@group-F5D0649D4159-SegmentedRaftLog:OPENED:c2:last(t:2, i:2), conf=conf: {index: 1, cur=peers:[s3|localhost:15152, s4|localhost:15156, s0|localhost:15140, s1|localhost:15144, s2|localhost:15148]|listeners:[], old=null}
2024-10-07 19:12:40,206 [s0@group-F5D0649D4159-LeaderElection18] INFO  impl.LeaderElection (LogUtils.java:infoOrTrace(136)) - s0@group-F5D0649D4159-LeaderElection18 got exception when requesting votes: java.util.concurrent.ExecutionException: org.apache.ratis.thirdparty.io.netty.channel.AbstractChannel$AnnotatedConnectException: finishConnect(..) failed: Connection refused: localhost/127.0.0.1:15148
2024-10-07 19:12:40,265 [Timer-8] INFO  impl.MiniRaftCluster (MiniRaftCluster.java:lambda$null$7(352)) - TIMED-PRINT: printing ALL groups
  s3:  RUNNING  FOLLOWER s3@group-F5D0649D4159:t1, leader=null, voted=null, raftlog=Memoized:s3@group-F5D0649D4159-SegmentedRaftLog:OPENED:c-1:lastnull, conf=conf: {index: -1, cur=peers:[s3|localhost:15152, s4|localhost:15156, s0|localhost:15140, s1|localhost:15144, s2|localhost:15148]|listeners:[], old=null} RUNNING
  s4:   CLOSED    LEADER s4@group-F5D0649D4159:t2, leader=s4, voted=s4, raftlog=Memoized:s4@group-F5D0649D4159-SegmentedRaftLog:CLOSED:c2, conf=conf: {index: 1, cur=peers:[s3|localhost:15152, s4|localhost:15156, s0|localhost:15140, s1|localhost:15144, s2|localhost:15148]|listeners:[], old=null} CLOSED
  s0:  RUNNING CANDIDATE s0@group-F5D0649D4159:t2, leader=null, voted=s4, raftlog=Memoized:s0@group-F5D0649D4159-SegmentedRaftLog:OPENED:c2:last(t:2, i:2), conf=conf: {index: 1, cur=peers:[s3|localhost:15152, s4|localhost:15156, s0|localhost:15140, s1|localhost:15144, s2|localhost:15148]|listeners:[], old=null} RUNNING
  s1:  RUNNING CANDIDATE s1@group-F5D0649D4159:t2, leader=null, voted=s4, raftlog=Memoized:s1@group-F5D0649D4159-SegmentedRaftLog:OPENED:c2:last(t:2, i:2), conf=conf: {index: 1, cur=peers:[s3|localhost:15152, s4|localhost:15156, s0|localhost:15140, s1|localhost:15144, s2|localhost:15148]|listeners:[], old=null} RUNNING
  s2:   CLOSED    LEADER s2@group-F5D0649D4159:t1, leader=s2, voted=s2, raftlog=Memoized:s2@group-F5D0649D4159-SegmentedRaftLog:CLOSED:c0, conf=conf: {index: 0, cur=peers:[s3|localhost:15152, s4|localhost:15156, s0|localhost:15140, s1|localhost:15144, s2|localhost:15148]|listeners:[], old=null} CLOSED
2024-10-07 19:12:40,403 [s0@group-F5D0649D4159-LeaderElection18] INFO  impl.LeaderElection (LeaderElection.java:logAndReturn(90)) - s0@group-F5D0649D4159-LeaderElection18: PRE_VOTE TIMEOUT received 1 response(s) and 2 exception(s):
2024-10-07 19:12:40,403 [s0@group-F5D0649D4159-LeaderElection18] INFO  impl.LeaderElection (LeaderElection.java:logAndReturn(94)) -   Response 0: s0<-s1#0:OK-t2
2024-10-07 19:12:40,403 [s0@group-F5D0649D4159-LeaderElection18] INFO  impl.LeaderElection (LogUtils.java:infoOrTrace(136)) -   Exception 1: java.util.concurrent.ExecutionException: org.apache.ratis.thirdparty.io.netty.channel.AbstractChannel$AnnotatedConnectException: finishConnect(..) failed: Connection refused: localhost/127.0.0.1:15156
2024-10-07 19:12:40,403 [s0@group-F5D0649D4159-LeaderElection18] INFO  impl.LeaderElection (LogUtils.java:infoOrTrace(136)) -   Exception 2: java.util.concurrent.ExecutionException: org.apache.ratis.thirdparty.io.netty.channel.AbstractChannel$AnnotatedConnectException: finishConnect(..) failed: Connection refused: localhost/127.0.0.1:15148
2024-10-07 19:12:40,403 [s0@group-F5D0649D4159-LeaderElection18] INFO  impl.LeaderElection (LeaderElection.java:askForVotes(339)) - s0@group-F5D0649D4159-LeaderElection18 PRE_VOTE round 152: result TIMEOUT
2024-10-07 19:12:40,403 [s0@group-F5D0649D4159-LeaderElection18] INFO  impl.LeaderElection (LeaderElection.java:askForVotes(337)) - s0@group-F5D0649D4159-LeaderElection18 PRE_VOTE round 153: submit vote requests at term 2 for conf: {index: 1, cur=peers:[s3|localhost:15152, s4|localhost:15156, s0|localhost:15140, s1|localhost:15144, s2|localhost:15148]|listeners:[], old=null}
2024-10-07 19:12:40,404 [NettyRpcService-workerGroup--thread3] INFO  server.RaftServer$Division (RaftServerImpl.java:requestVote(1443)) - s1@group-F5D0649D4159: receive requestVote(PRE_VOTE, s0, group-F5D0649D4159, 2, (t:2, i:2))
2024-10-07 19:12:40,404 [NettyRpcService-workerGroup--thread3] INFO  impl.VoteContext (VoteContext.java:log(49)) - s1@group-F5D0649D4159-CANDIDATE: accept PRE_VOTE from s0: our priority 0 <= candidate's priority 0
2024-10-07 19:12:40,404 [s0@group-F5D0649D4159-LeaderElection18] INFO  impl.LeaderElection (LogUtils.java:infoOrTrace(136)) - s0@group-F5D0649D4159-LeaderElection18 got exception when requesting votes: java.util.concurrent.ExecutionException: org.apache.ratis.thirdparty.io.netty.channel.AbstractChannel$AnnotatedConnectException: finishConnect(..) failed: Connection refused: localhost/127.0.0.1:15156
2024-10-07 19:12:40,404 [NettyRpcService-workerGroup--thread3] INFO  server.RaftServer$Division (RaftServerImpl.java:requestVote(1476)) - s1@group-F5D0649D4159 replies to PRE_VOTE vote request: s0<-s1#0:OK-t2. Peer's state: s1@group-F5D0649D4159:t2, leader=null, voted=s4, raftlog=Memoized:s1@group-F5D0649D4159-SegmentedRaftLog:OPENED:c2:last(t:2, i:2), conf=conf: {index: 1, cur=peers:[s3|localhost:15152, s4|localhost:15156, s0|localhost:15140, s1|localhost:15144, s2|localhost:15148]|listeners:[], old=null}
2024-10-07 19:12:40,404 [s0@group-F5D0649D4159-LeaderElection18] INFO  impl.LeaderElection (LogUtils.java:infoOrTrace(136)) - s0@group-F5D0649D4159-LeaderElection18 got exception when requesting votes: java.util.concurrent.ExecutionException: org.apache.ratis.thirdparty.io.netty.channel.AbstractChannel$AnnotatedConnectException: finishConnect(..) failed: Connection refused: localhost/127.0.0.1:15148
2024-10-07 19:12:40,487 [s1@group-F5D0649D4159-LeaderElection17] INFO  impl.LeaderElection (LeaderElection.java:logAndReturn(90)) - s1@group-F5D0649D4159-LeaderElection17: PRE_VOTE TIMEOUT received 1 response(s) and 2 exception(s):
2024-10-07 19:12:40,487 [s1@group-F5D0649D4159-LeaderElection17] INFO  impl.LeaderElection (LeaderElection.java:logAndReturn(94)) -   Response 0: s1<-s0#0:OK-t2
2024-10-07 19:12:40,487 [s1@group-F5D0649D4159-LeaderElection17] INFO  impl.LeaderElection (LogUtils.java:infoOrTrace(136)) -   Exception 1: java.util.concurrent.ExecutionException: org.apache.ratis.thirdparty.io.netty.channel.AbstractChannel$AnnotatedConnectException: finishConnect(..) failed: Connection refused: localhost/127.0.0.1:15148
2024-10-07 19:12:40,487 [s1@group-F5D0649D4159-LeaderElection17] INFO  impl.LeaderElection (LogUtils.java:infoOrTrace(136)) -   Exception 2: java.util.concurrent.ExecutionException: org.apache.ratis.thirdparty.io.netty.channel.AbstractChannel$AnnotatedConnectException: finishConnect(..) failed: Connection refused: localhost/127.0.0.1:15156
2024-10-07 19:12:40,487 [s1@group-F5D0649D4159-LeaderElection17] INFO  impl.LeaderElection (LeaderElection.java:askForVotes(339)) - s1@group-F5D0649D4159-LeaderElection17 PRE_VOTE round 169: result TIMEOUT
2024-10-07 19:12:40,488 [s1@group-F5D0649D4159-LeaderElection17] INFO  impl.LeaderElection (LeaderElection.java:askForVotes(337)) - s1@group-F5D0649D4159-LeaderElection17 PRE_VOTE round 170: submit vote requests at term 2 for conf: {index: 1, cur=peers:[s3|localhost:15152, s4|localhost:15156, s0|localhost:15140, s1|localhost:15144, s2|localhost:15148]|listeners:[], old=null}
2024-10-07 19:12:40,488 [NettyRpcService-workerGroup--thread3] INFO  server.RaftServer$Division (RaftServerImpl.java:requestVote(1443)) - s0@group-F5D0649D4159: receive requestVote(PRE_VOTE, s1, group-F5D0649D4159, 2, (t:2, i:2))
2024-10-07 19:12:40,488 [NettyRpcService-workerGroup--thread3] INFO  impl.VoteContext (VoteContext.java:log(49)) - s0@group-F5D0649D4159-CANDIDATE: accept PRE_VOTE from s1: our priority 0 <= candidate's priority 0
2024-10-07 19:12:40,489 [NettyRpcService-workerGroup--thread3] INFO  server.RaftServer$Division (RaftServerImpl.java:requestVote(1476)) - s0@group-F5D0649D4159 replies to PRE_VOTE vote request: s1<-s0#0:OK-t2. Peer's state: s0@group-F5D0649D4159:t2, leader=null, voted=s4, raftlog=Memoized:s0@group-F5D0649D4159-SegmentedRaftLog:OPENED:c2:last(t:2, i:2), conf=conf: {index: 1, cur=peers:[s3|localhost:15152, s4|localhost:15156, s0|localhost:15140, s1|localhost:15144, s2|localhost:15148]|listeners:[], old=null}
2024-10-07 19:12:40,489 [s1@group-F5D0649D4159-LeaderElection17] INFO  impl.LeaderElection (LogUtils.java:infoOrTrace(136)) - s1@group-F5D0649D4159-LeaderElection17 got exception when requesting votes: java.util.concurrent.ExecutionException: org.apache.ratis.thirdparty.io.netty.channel.AbstractChannel$AnnotatedConnectException: finishConnect(..) failed: Connection refused: localhost/127.0.0.1:15156
2024-10-07 19:12:40,491 [s1@group-F5D0649D4159-LeaderElection17] INFO  impl.LeaderElection (LogUtils.java:infoOrTrace(136)) - s1@group-F5D0649D4159-LeaderElection17 got exception when requesting votes: java.util.concurrent.ExecutionException: org.apache.ratis.thirdparty.io.netty.channel.AbstractChannel$AnnotatedConnectException: finishConnect(..) failed: Connection refused: localhost/127.0.0.1:15148
2024-10-07 19:12:40,627 [s0@group-F5D0649D4159-LeaderElection18] INFO  impl.LeaderElection (LeaderElection.java:logAndReturn(90)) - s0@group-F5D0649D4159-LeaderElection18: PRE_VOTE TIMEOUT received 1 response(s) and 2 exception(s):
2024-10-07 19:12:40,627 [s0@group-F5D0649D4159-LeaderElection18] INFO  impl.LeaderElection (LeaderElection.java:logAndReturn(94)) -   Response 0: s0<-s1#0:OK-t2
2024-10-07 19:12:40,627 [s0@group-F5D0649D4159-LeaderElection18] INFO  impl.LeaderElection (LogUtils.java:infoOrTrace(136)) -   Exception 1: java.util.concurrent.ExecutionException: org.apache.ratis.thirdparty.io.netty.channel.AbstractChannel$AnnotatedConnectException: finishConnect(..) failed: Connection refused: localhost/127.0.0.1:15156
2024-10-07 19:12:40,627 [s0@group-F5D0649D4159-LeaderElection18] INFO  impl.LeaderElection (LogUtils.java:infoOrTrace(136)) -   Exception 2: java.util.concurrent.ExecutionException: org.apache.ratis.thirdparty.io.netty.channel.AbstractChannel$AnnotatedConnectException: finishConnect(..) failed: Connection refused: localhost/127.0.0.1:15148
2024-10-07 19:12:40,627 [s0@group-F5D0649D4159-LeaderElection18] INFO  impl.LeaderElection (LeaderElection.java:askForVotes(339)) - s0@group-F5D0649D4159-LeaderElection18 PRE_VOTE round 153: result TIMEOUT
2024-10-07 19:12:40,627 [s0@group-F5D0649D4159-LeaderElection18] INFO  impl.LeaderElection (LeaderElection.java:askForVotes(337)) - s0@group-F5D0649D4159-LeaderElection18 PRE_VOTE round 154: submit vote requests at term 2 for conf: {index: 1, cur=peers:[s3|localhost:15152, s4|localhost:15156, s0|localhost:15140, s1|localhost:15144, s2|localhost:15148]|listeners:[], old=null}
2024-10-07 19:12:40,628 [NettyRpcService-workerGroup--thread3] INFO  server.RaftServer$Division (RaftServerImpl.java:requestVote(1443)) - s1@group-F5D0649D4159: receive requestVote(PRE_VOTE, s0, group-F5D0649D4159, 2, (t:2, i:2))
2024-10-07 19:12:40,629 [NettyRpcService-workerGroup--thread3] INFO  impl.VoteContext (VoteContext.java:log(49)) - s1@group-F5D0649D4159-CANDIDATE: accept PRE_VOTE from s0: our priority 0 <= candidate's priority 0
2024-10-07 19:12:40,629 [NettyRpcService-workerGroup--thread3] INFO  server.RaftServer$Division (RaftServerImpl.java:requestVote(1476)) - s1@group-F5D0649D4159 replies to PRE_VOTE vote request: s0<-s1#0:OK-t2. Peer's state: s1@group-F5D0649D4159:t2, leader=null, voted=s4, raftlog=Memoized:s1@group-F5D0649D4159-SegmentedRaftLog:OPENED:c2:last(t:2, i:2), conf=conf: {index: 1, cur=peers:[s3|localhost:15152, s4|localhost:15156, s0|localhost:15140, s1|localhost:15144, s2|localhost:15148]|listeners:[], old=null}
2024-10-07 19:12:40,628 [main] WARN  ratis.RaftTestUtil (RaftTestUtil.java:lambda$waitForLeader$3(126)) - Attempt #87 failed: java.lang.IllegalStateException: No leader yet : printing ALL groups
  s3:  RUNNING  FOLLOWER s3@group-F5D0649D4159:t1, leader=null, voted=null, raftlog=Memoized:s3@group-F5D0649D4159-SegmentedRaftLog:OPENED:c-1:lastnull, conf=conf: {index: -1, cur=peers:[s3|localhost:15152, s4|localhost:15156, s0|localhost:15140, s1|localhost:15144, s2|localhost:15148]|listeners:[], old=null} RUNNING
  s4:   CLOSED    LEADER s4@group-F5D0649D4159:t2, leader=s4, voted=s4, raftlog=Memoized:s4@group-F5D0649D4159-SegmentedRaftLog:CLOSED:c2, conf=conf: {index: 1, cur=peers:[s3|localhost:15152, s4|localhost:15156, s0|localhost:15140, s1|localhost:15144, s2|localhost:15148]|listeners:[], old=null} CLOSED
  s0:  RUNNING CANDIDATE s0@group-F5D0649D4159:t2, leader=null, voted=s4, raftlog=Memoized:s0@group-F5D0649D4159-SegmentedRaftLog:OPENED:c2:last(t:2, i:2), conf=conf: {index: 1, cur=peers:[s3|localhost:15152, s4|localhost:15156, s0|localhost:15140, s1|localhost:15144, s2|localhost:15148]|listeners:[], old=null} RUNNING
  s1:  RUNNING CANDIDATE s1@group-F5D0649D4159:t2, leader=null, voted=s4, raftlog=Memoized:s1@group-F5D0649D4159-SegmentedRaftLog:OPENED:c2:last(t:2, i:2), conf=conf: {index: 1, cur=peers:[s3|localhost:15152, s4|localhost:15156, s0|localhost:15140, s1|localhost:15144, s2|localhost:15148]|listeners:[], old=null} RUNNING
  s2:   CLOSED    LEADER s2@group-F5D0649D4159:t1, leader=s2, voted=s2, raftlog=Memoized:s2@group-F5D0649D4159-SegmentedRaftLog:CLOSED:c0, conf=conf: {index: 0, cur=peers:[s3|localhost:15152, s4|localhost:15156, s0|localhost:15140, s1|localhost:15144, s2|localhost:15148]|listeners:[], old=null} CLOSED
2024-10-07 19:12:40,629 [s0@group-F5D0649D4159-LeaderElection18] INFO  impl.LeaderElection (LogUtils.java:infoOrTrace(136)) - s0@group-F5D0649D4159-LeaderElection18 got exception when requesting votes: java.util.concurrent.ExecutionException: org.apache.ratis.thirdparty.io.netty.channel.AbstractChannel$AnnotatedConnectException: finishConnect(..) failed: Connection refused: localhost/127.0.0.1:15148
2024-10-07 19:12:40,629 [s0@group-F5D0649D4159-LeaderElection18] INFO  impl.LeaderElection (LogUtils.java:infoOrTrace(136)) - s0@group-F5D0649D4159-LeaderElection18 got exception when requesting votes: java.util.concurrent.ExecutionException: org.apache.ratis.thirdparty.io.netty.channel.AbstractChannel$AnnotatedConnectException: finishConnect(..) failed: Connection refused: localhost/127.0.0.1:15156
2024-10-07 19:12:40,730 [s1@group-F5D0649D4159-LeaderElection17] INFO  impl.LeaderElection (LeaderElection.java:logAndReturn(90)) - s1@group-F5D0649D4159-LeaderElection17: PRE_VOTE TIMEOUT received 1 response(s) and 2 exception(s):
2024-10-07 19:12:40,730 [s1@group-F5D0649D4159-LeaderElection17] INFO  impl.LeaderElection (LeaderElection.java:logAndReturn(94)) -   Response 0: s1<-s0#0:OK-t2
2024-10-07 19:12:40,730 [s1@group-F5D0649D4159-LeaderElection17] INFO  impl.LeaderElection (LogUtils.java:infoOrTrace(136)) -   Exception 1: java.util.concurrent.ExecutionException: org.apache.ratis.thirdparty.io.netty.channel.AbstractChannel$AnnotatedConnectException: finishConnect(..) failed: Connection refused: localhost/127.0.0.1:15156
2024-10-07 19:12:40,730 [s1@group-F5D0649D4159-LeaderElection17] INFO  impl.LeaderElection (LogUtils.java:infoOrTrace(136)) -   Exception 2: java.util.concurrent.ExecutionException: org.apache.ratis.thirdparty.io.netty.channel.AbstractChannel$AnnotatedConnectException: finishConnect(..) failed: Connection refused: localhost/127.0.0.1:15148
2024-10-07 19:12:40,731 [s1@group-F5D0649D4159-LeaderElection17] INFO  impl.LeaderElection (LeaderElection.java:askForVotes(339)) - s1@group-F5D0649D4159-LeaderElection17 PRE_VOTE round 170: result TIMEOUT
2024-10-07 19:12:40,731 [s1@group-F5D0649D4159-LeaderElection17] INFO  impl.LeaderElection (LeaderElection.java:askForVotes(337)) - s1@group-F5D0649D4159-LeaderElection17 PRE_VOTE round 171: submit vote requests at term 2 for conf: {index: 1, cur=peers:[s3|localhost:15152, s4|localhost:15156, s0|localhost:15140, s1|localhost:15144, s2|localhost:15148]|listeners:[], old=null}
2024-10-07 19:12:40,731 [NettyRpcService-workerGroup--thread3] INFO  server.RaftServer$Division (RaftServerImpl.java:requestVote(1443)) - s0@group-F5D0649D4159: receive requestVote(PRE_VOTE, s1, group-F5D0649D4159, 2, (t:2, i:2))
2024-10-07 19:12:40,732 [NettyRpcService-workerGroup--thread3] INFO  impl.VoteContext (VoteContext.java:log(49)) - s0@group-F5D0649D4159-CANDIDATE: accept PRE_VOTE from s1: our priority 0 <= candidate's priority 0
2024-10-07 19:12:40,732 [NettyRpcService-workerGroup--thread3] INFO  server.RaftServer$Division (RaftServerImpl.java:requestVote(1476)) - s0@group-F5D0649D4159 replies to PRE_VOTE vote request: s1<-s0#0:OK-t2. Peer's state: s0@group-F5D0649D4159:t2, leader=null, voted=s4, raftlog=Memoized:s0@group-F5D0649D4159-SegmentedRaftLog:OPENED:c2:last(t:2, i:2), conf=conf: {index: 1, cur=peers:[s3|localhost:15152, s4|localhost:15156, s0|localhost:15140, s1|localhost:15144, s2|localhost:15148]|listeners:[], old=null}
2024-10-07 19:12:40,732 [s1@group-F5D0649D4159-LeaderElection17] INFO  impl.LeaderElection (LogUtils.java:infoOrTrace(136)) - s1@group-F5D0649D4159-LeaderElection17 got exception when requesting votes: java.util.concurrent.ExecutionException: org.apache.ratis.thirdparty.io.netty.channel.AbstractChannel$AnnotatedConnectException: finishConnect(..) failed: Connection refused: localhost/127.0.0.1:15148
2024-10-07 19:12:40,732 [s1@group-F5D0649D4159-LeaderElection17] INFO  impl.LeaderElection (LogUtils.java:infoOrTrace(136)) - s1@group-F5D0649D4159-LeaderElection17 got exception when requesting votes: java.util.concurrent.ExecutionException: org.apache.ratis.thirdparty.io.netty.channel.AbstractChannel$AnnotatedConnectException: finishConnect(..) failed: Connection refused: localhost/127.0.0.1:15156
2024-10-07 19:12:40,836 [s0@group-F5D0649D4159-LeaderElection18] INFO  impl.LeaderElection (LeaderElection.java:logAndReturn(90)) - s0@group-F5D0649D4159-LeaderElection18: PRE_VOTE TIMEOUT received 1 response(s) and 2 exception(s):
2024-10-07 19:12:40,836 [s0@group-F5D0649D4159-LeaderElection18] INFO  impl.LeaderElection (LeaderElection.java:logAndReturn(94)) -   Response 0: s0<-s1#0:OK-t2
2024-10-07 19:12:40,836 [s0@group-F5D0649D4159-LeaderElection18] INFO  impl.LeaderElection (LogUtils.java:infoOrTrace(136)) -   Exception 1: java.util.concurrent.ExecutionException: org.apache.ratis.thirdparty.io.netty.channel.AbstractChannel$AnnotatedConnectException: finishConnect(..) failed: Connection refused: localhost/127.0.0.1:15148
2024-10-07 19:12:40,836 [s0@group-F5D0649D4159-LeaderElection18] INFO  impl.LeaderElection (LogUtils.java:infoOrTrace(136)) -   Exception 2: java.util.concurrent.ExecutionException: org.apache.ratis.thirdparty.io.netty.channel.AbstractChannel$AnnotatedConnectException: finishConnect(..) failed: Connection refused: localhost/127.0.0.1:15156
2024-10-07 19:12:40,837 [s0@group-F5D0649D4159-LeaderElection18] INFO  impl.LeaderElection (LeaderElection.java:askForVotes(339)) - s0@group-F5D0649D4159-LeaderElection18 PRE_VOTE round 154: result TIMEOUT
2024-10-07 19:12:40,837 [s0@group-F5D0649D4159-LeaderElection18] INFO  impl.LeaderElection (LeaderElection.java:askForVotes(337)) - s0@group-F5D0649D4159-LeaderElection18 PRE_VOTE round 155: submit vote requests at term 2 for conf: {index: 1, cur=peers:[s3|localhost:15152, s4|localhost:15156, s0|localhost:15140, s1|localhost:15144, s2|localhost:15148]|listeners:[], old=null}
2024-10-07 19:12:40,838 [NettyRpcService-workerGroup--thread3] INFO  server.RaftServer$Division (RaftServerImpl.java:requestVote(1443)) - s1@group-F5D0649D4159: receive requestVote(PRE_VOTE, s0, group-F5D0649D4159, 2, (t:2, i:2))
2024-10-07 19:12:40,838 [NettyRpcService-workerGroup--thread3] INFO  impl.VoteContext (VoteContext.java:log(49)) - s1@group-F5D0649D4159-CANDIDATE: accept PRE_VOTE from s0: our priority 0 <= candidate's priority 0
2024-10-07 19:12:40,838 [NettyRpcService-workerGroup--thread3] INFO  server.RaftServer$Division (RaftServerImpl.java:requestVote(1476)) - s1@group-F5D0649D4159 replies to PRE_VOTE vote request: s0<-s1#0:OK-t2. Peer's state: s1@group-F5D0649D4159:t2, leader=null, voted=s4, raftlog=Memoized:s1@group-F5D0649D4159-SegmentedRaftLog:OPENED:c2:last(t:2, i:2), conf=conf: {index: 1, cur=peers:[s3|localhost:15152, s4|localhost:15156, s0|localhost:15140, s1|localhost:15144, s2|localhost:15148]|listeners:[], old=null}
2024-10-07 19:12:40,838 [s0@group-F5D0649D4159-LeaderElection18] INFO  impl.LeaderElection (LogUtils.java:infoOrTrace(136)) - s0@group-F5D0649D4159-LeaderElection18 got exception when requesting votes: java.util.concurrent.ExecutionException: org.apache.ratis.thirdparty.io.netty.channel.AbstractChannel$AnnotatedConnectException: finishConnect(..) failed: Connection refused: localhost/127.0.0.1:15156
2024-10-07 19:12:40,838 [s0@group-F5D0649D4159-LeaderElection18] INFO  impl.LeaderElection (LogUtils.java:infoOrTrace(136)) - s0@group-F5D0649D4159-LeaderElection18 got exception when requesting votes: java.util.concurrent.ExecutionException: org.apache.ratis.thirdparty.io.netty.channel.AbstractChannel$AnnotatedConnectException: finishConnect(..) failed: Connection refused: localhost/127.0.0.1:15148
2024-10-07 19:12:40,917 [s1@group-F5D0649D4159-LeaderElection17] INFO  impl.LeaderElection (LeaderElection.java:logAndReturn(90)) - s1@group-F5D0649D4159-LeaderElection17: PRE_VOTE TIMEOUT received 1 response(s) and 2 exception(s):
2024-10-07 19:12:40,917 [s1@group-F5D0649D4159-LeaderElection17] INFO  impl.LeaderElection (LeaderElection.java:logAndReturn(94)) -   Response 0: s1<-s0#0:OK-t2
2024-10-07 19:12:40,918 [s1@group-F5D0649D4159-LeaderElection17] INFO  impl.LeaderElection (LogUtils.java:infoOrTrace(136)) -   Exception 1: java.util.concurrent.ExecutionException: org.apache.ratis.thirdparty.io.netty.channel.AbstractChannel$AnnotatedConnectException: finishConnect(..) failed: Connection refused: localhost/127.0.0.1:15148
2024-10-07 19:12:40,918 [s1@group-F5D0649D4159-LeaderElection17] INFO  impl.LeaderElection (LogUtils.java:infoOrTrace(136)) -   Exception 2: java.util.concurrent.ExecutionException: org.apache.ratis.thirdparty.io.netty.channel.AbstractChannel$AnnotatedConnectException: finishConnect(..) failed: Connection refused: localhost/127.0.0.1:15156
2024-10-07 19:12:40,918 [s1@group-F5D0649D4159-LeaderElection17] INFO  impl.LeaderElection (LeaderElection.java:askForVotes(339)) - s1@group-F5D0649D4159-LeaderElection17 PRE_VOTE round 171: result TIMEOUT
2024-10-07 19:12:40,918 [s1@group-F5D0649D4159-LeaderElection17] INFO  impl.LeaderElection (LeaderElection.java:askForVotes(337)) - s1@group-F5D0649D4159-LeaderElection17 PRE_VOTE round 172: submit vote requests at term 2 for conf: {index: 1, cur=peers:[s3|localhost:15152, s4|localhost:15156, s0|localhost:15140, s1|localhost:15144, s2|localhost:15148]|listeners:[], old=null}
2024-10-07 19:12:40,919 [NettyRpcService-workerGroup--thread3] INFO  server.RaftServer$Division (RaftServerImpl.java:requestVote(1443)) - s0@group-F5D0649D4159: receive requestVote(PRE_VOTE, s1, group-F5D0649D4159, 2, (t:2, i:2))
2024-10-07 19:12:40,919 [NettyRpcService-workerGroup--thread3] INFO  impl.VoteContext (VoteContext.java:log(49)) - s0@group-F5D0649D4159-CANDIDATE: accept PRE_VOTE from s1: our priority 0 <= candidate's priority 0
2024-10-07 19:12:40,919 [NettyRpcService-workerGroup--thread3] INFO  server.RaftServer$Division (RaftServerImpl.java:requestVote(1476)) - s0@group-F5D0649D4159 replies to PRE_VOTE vote request: s1<-s0#0:OK-t2. Peer's state: s0@group-F5D0649D4159:t2, leader=null, voted=s4, raftlog=Memoized:s0@group-F5D0649D4159-SegmentedRaftLog:OPENED:c2:last(t:2, i:2), conf=conf: {index: 1, cur=peers:[s3|localhost:15152, s4|localhost:15156, s0|localhost:15140, s1|localhost:15144, s2|localhost:15148]|listeners:[], old=null}
2024-10-07 19:12:40,919 [s1@group-F5D0649D4159-LeaderElection17] INFO  impl.LeaderElection (LogUtils.java:infoOrTrace(136)) - s1@group-F5D0649D4159-LeaderElection17 got exception when requesting votes: java.util.concurrent.ExecutionException: org.apache.ratis.thirdparty.io.netty.channel.AbstractChannel$AnnotatedConnectException: finishConnect(..) failed: Connection refused: localhost/127.0.0.1:15148
2024-10-07 19:12:40,919 [s1@group-F5D0649D4159-LeaderElection17] INFO  impl.LeaderElection (LogUtils.java:infoOrTrace(136)) - s1@group-F5D0649D4159-LeaderElection17 got exception when requesting votes: java.util.concurrent.ExecutionException: org.apache.ratis.thirdparty.io.netty.channel.AbstractChannel$AnnotatedConnectException: finishConnect(..) failed: Connection refused: localhost/127.0.0.1:15156
2024-10-07 19:12:41,079 [main] WARN  ratis.RaftTestUtil (RaftTestUtil.java:lambda$waitForLeader$3(126)) - Attempt #88 failed: java.lang.IllegalStateException: No leader yet : printing ALL groups
  s3:  RUNNING  FOLLOWER s3@group-F5D0649D4159:t1, leader=null, voted=null, raftlog=Memoized:s3@group-F5D0649D4159-SegmentedRaftLog:OPENED:c-1:lastnull, conf=conf: {index: -1, cur=peers:[s3|localhost:15152, s4|localhost:15156, s0|localhost:15140, s1|localhost:15144, s2|localhost:15148]|listeners:[], old=null} RUNNING
  s4:   CLOSED    LEADER s4@group-F5D0649D4159:t2, leader=s4, voted=s4, raftlog=Memoized:s4@group-F5D0649D4159-SegmentedRaftLog:CLOSED:c2, conf=conf: {index: 1, cur=peers:[s3|localhost:15152, s4|localhost:15156, s0|localhost:15140, s1|localhost:15144, s2|localhost:15148]|listeners:[], old=null} CLOSED
  s0:  RUNNING CANDIDATE s0@group-F5D0649D4159:t2, leader=null, voted=s4, raftlog=Memoized:s0@group-F5D0649D4159-SegmentedRaftLog:OPENED:c2:last(t:2, i:2), conf=conf: {index: 1, cur=peers:[s3|localhost:15152, s4|localhost:15156, s0|localhost:15140, s1|localhost:15144, s2|localhost:15148]|listeners:[], old=null} RUNNING
  s1:  RUNNING CANDIDATE s1@group-F5D0649D4159:t2, leader=null, voted=s4, raftlog=Memoized:s1@group-F5D0649D4159-SegmentedRaftLog:OPENED:c2:last(t:2, i:2), conf=conf: {index: 1, cur=peers:[s3|localhost:15152, s4|localhost:15156, s0|localhost:15140, s1|localhost:15144, s2|localhost:15148]|listeners:[], old=null} RUNNING
  s2:   CLOSED    LEADER s2@group-F5D0649D4159:t1, leader=s2, voted=s2, raftlog=Memoized:s2@group-F5D0649D4159-SegmentedRaftLog:CLOSED:c0, conf=conf: {index: 0, cur=peers:[s3|localhost:15152, s4|localhost:15156, s0|localhost:15140, s1|localhost:15144, s2|localhost:15148]|listeners:[], old=null} CLOSED
2024-10-07 19:12:41,083 [s0@group-F5D0649D4159-LeaderElection18] INFO  impl.LeaderElection (LeaderElection.java:logAndReturn(90)) - s0@group-F5D0649D4159-LeaderElection18: PRE_VOTE TIMEOUT received 1 response(s) and 2 exception(s):
2024-10-07 19:12:41,084 [s0@group-F5D0649D4159-LeaderElection18] INFO  impl.LeaderElection (LeaderElection.java:logAndReturn(94)) -   Response 0: s0<-s1#0:OK-t2
2024-10-07 19:12:41,084 [s0@group-F5D0649D4159-LeaderElection18] INFO  impl.LeaderElection (LogUtils.java:infoOrTrace(136)) -   Exception 1: java.util.concurrent.ExecutionException: org.apache.ratis.thirdparty.io.netty.channel.AbstractChannel$AnnotatedConnectException: finishConnect(..) failed: Connection refused: localhost/127.0.0.1:15156
2024-10-07 19:12:41,084 [s0@group-F5D0649D4159-LeaderElection18] INFO  impl.LeaderElection (LogUtils.java:infoOrTrace(136)) -   Exception 2: java.util.concurrent.ExecutionException: org.apache.ratis.thirdparty.io.netty.channel.AbstractChannel$AnnotatedConnectException: finishConnect(..) failed: Connection refused: localhost/127.0.0.1:15148
2024-10-07 19:12:41,084 [s0@group-F5D0649D4159-LeaderElection18] INFO  impl.LeaderElection (LeaderElection.java:askForVotes(339)) - s0@group-F5D0649D4159-LeaderElection18 PRE_VOTE round 155: result TIMEOUT
2024-10-07 19:12:41,084 [s0@group-F5D0649D4159-LeaderElection18] INFO  impl.LeaderElection (LeaderElection.java:askForVotes(337)) - s0@group-F5D0649D4159-LeaderElection18 PRE_VOTE round 156: submit vote requests at term 2 for conf: {index: 1, cur=peers:[s3|localhost:15152, s4|localhost:15156, s0|localhost:15140, s1|localhost:15144, s2|localhost:15148]|listeners:[], old=null}
2024-10-07 19:12:41,085 [NettyRpcService-workerGroup--thread3] INFO  server.RaftServer$Division (RaftServerImpl.java:requestVote(1443)) - s1@group-F5D0649D4159: receive requestVote(PRE_VOTE, s0, group-F5D0649D4159, 2, (t:2, i:2))
2024-10-07 19:12:41,085 [NettyRpcService-workerGroup--thread3] INFO  impl.VoteContext (VoteContext.java:log(49)) - s1@group-F5D0649D4159-CANDIDATE: accept PRE_VOTE from s0: our priority 0 <= candidate's priority 0
2024-10-07 19:12:41,085 [s0@group-F5D0649D4159-LeaderElection18] INFO  impl.LeaderElection (LogUtils.java:infoOrTrace(136)) - s0@group-F5D0649D4159-LeaderElection18 got exception when requesting votes: java.util.concurrent.ExecutionException: org.apache.ratis.thirdparty.io.netty.channel.AbstractChannel$AnnotatedConnectException: finishConnect(..) failed: Connection refused: localhost/127.0.0.1:15148
2024-10-07 19:12:41,085 [NettyRpcService-workerGroup--thread3] INFO  server.RaftServer$Division (RaftServerImpl.java:requestVote(1476)) - s1@group-F5D0649D4159 replies to PRE_VOTE vote request: s0<-s1#0:OK-t2. Peer's state: s1@group-F5D0649D4159:t2, leader=null, voted=s4, raftlog=Memoized:s1@group-F5D0649D4159-SegmentedRaftLog:OPENED:c2:last(t:2, i:2), conf=conf: {index: 1, cur=peers:[s3|localhost:15152, s4|localhost:15156, s0|localhost:15140, s1|localhost:15144, s2|localhost:15148]|listeners:[], old=null}
2024-10-07 19:12:41,085 [s0@group-F5D0649D4159-LeaderElection18] INFO  impl.LeaderElection (LogUtils.java:infoOrTrace(136)) - s0@group-F5D0649D4159-LeaderElection18 got exception when requesting votes: java.util.concurrent.ExecutionException: org.apache.ratis.thirdparty.io.netty.channel.AbstractChannel$AnnotatedConnectException: finishConnect(..) failed: Connection refused: localhost/127.0.0.1:15156
2024-10-07 19:12:41,190 [s1@group-F5D0649D4159-LeaderElection17] INFO  impl.LeaderElection (LeaderElection.java:logAndReturn(90)) - s1@group-F5D0649D4159-LeaderElection17: PRE_VOTE TIMEOUT received 1 response(s) and 2 exception(s):
2024-10-07 19:12:41,191 [s1@group-F5D0649D4159-LeaderElection17] INFO  impl.LeaderElection (LeaderElection.java:logAndReturn(94)) -   Response 0: s1<-s0#0:OK-t2
2024-10-07 19:12:41,191 [s1@group-F5D0649D4159-LeaderElection17] INFO  impl.LeaderElection (LogUtils.java:infoOrTrace(136)) -   Exception 1: java.util.concurrent.ExecutionException: org.apache.ratis.thirdparty.io.netty.channel.AbstractChannel$AnnotatedConnectException: finishConnect(..) failed: Connection refused: localhost/127.0.0.1:15148
2024-10-07 19:12:41,191 [s1@group-F5D0649D4159-LeaderElection17] INFO  impl.LeaderElection (LogUtils.java:infoOrTrace(136)) -   Exception 2: java.util.concurrent.ExecutionException: org.apache.ratis.thirdparty.io.netty.channel.AbstractChannel$AnnotatedConnectException: finishConnect(..) failed: Connection refused: localhost/127.0.0.1:15156
2024-10-07 19:12:41,191 [s1@group-F5D0649D4159-LeaderElection17] INFO  impl.LeaderElection (LeaderElection.java:askForVotes(339)) - s1@group-F5D0649D4159-LeaderElection17 PRE_VOTE round 172: result TIMEOUT
2024-10-07 19:12:41,191 [s1@group-F5D0649D4159-LeaderElection17] INFO  impl.LeaderElection (LeaderElection.java:askForVotes(337)) - s1@group-F5D0649D4159-LeaderElection17 PRE_VOTE round 173: submit vote requests at term 2 for conf: {index: 1, cur=peers:[s3|localhost:15152, s4|localhost:15156, s0|localhost:15140, s1|localhost:15144, s2|localhost:15148]|listeners:[], old=null}
2024-10-07 19:12:41,192 [NettyRpcService-workerGroup--thread3] INFO  server.RaftServer$Division (RaftServerImpl.java:requestVote(1443)) - s0@group-F5D0649D4159: receive requestVote(PRE_VOTE, s1, group-F5D0649D4159, 2, (t:2, i:2))
2024-10-07 19:12:41,192 [s1@group-F5D0649D4159-LeaderElection17] INFO  impl.LeaderElection (LogUtils.java:infoOrTrace(136)) - s1@group-F5D0649D4159-LeaderElection17 got exception when requesting votes: java.util.concurrent.ExecutionException: org.apache.ratis.thirdparty.io.netty.channel.AbstractChannel$AnnotatedConnectException: finishConnect(..) failed: Connection refused: localhost/127.0.0.1:15156
2024-10-07 19:12:41,192 [NettyRpcService-workerGroup--thread3] INFO  impl.VoteContext (VoteContext.java:log(49)) - s0@group-F5D0649D4159-CANDIDATE: accept PRE_VOTE from s1: our priority 0 <= candidate's priority 0
2024-10-07 19:12:41,192 [s1@group-F5D0649D4159-LeaderElection17] INFO  impl.LeaderElection (LogUtils.java:infoOrTrace(136)) - s1@group-F5D0649D4159-LeaderElection17 got exception when requesting votes: java.util.concurrent.ExecutionException: org.apache.ratis.thirdparty.io.netty.channel.AbstractChannel$AnnotatedConnectException: finishConnect(..) failed: Connection refused: localhost/127.0.0.1:15148
2024-10-07 19:12:41,192 [NettyRpcService-workerGroup--thread3] INFO  server.RaftServer$Division (RaftServerImpl.java:requestVote(1476)) - s0@group-F5D0649D4159 replies to PRE_VOTE vote request: s1<-s0#0:OK-t2. Peer's state: s0@group-F5D0649D4159:t2, leader=null, voted=s4, raftlog=Memoized:s0@group-F5D0649D4159-SegmentedRaftLog:OPENED:c2:last(t:2, i:2), conf=conf: {index: 1, cur=peers:[s3|localhost:15152, s4|localhost:15156, s0|localhost:15140, s1|localhost:15144, s2|localhost:15148]|listeners:[], old=null}
2024-10-07 19:12:41,290 [s0@group-F5D0649D4159-LeaderElection18] INFO  impl.LeaderElection (LeaderElection.java:logAndReturn(90)) - s0@group-F5D0649D4159-LeaderElection18: PRE_VOTE TIMEOUT received 1 response(s) and 2 exception(s):
2024-10-07 19:12:41,291 [s0@group-F5D0649D4159-LeaderElection18] INFO  impl.LeaderElection (LeaderElection.java:logAndReturn(94)) -   Response 0: s0<-s1#0:OK-t2
2024-10-07 19:12:41,291 [s0@group-F5D0649D4159-LeaderElection18] INFO  impl.LeaderElection (LogUtils.java:infoOrTrace(136)) -   Exception 1: java.util.concurrent.ExecutionException: org.apache.ratis.thirdparty.io.netty.channel.AbstractChannel$AnnotatedConnectException: finishConnect(..) failed: Connection refused: localhost/127.0.0.1:15148
2024-10-07 19:12:41,291 [s0@group-F5D0649D4159-LeaderElection18] INFO  impl.LeaderElection (LogUtils.java:infoOrTrace(136)) -   Exception 2: java.util.concurrent.ExecutionException: org.apache.ratis.thirdparty.io.netty.channel.AbstractChannel$AnnotatedConnectException: finishConnect(..) failed: Connection refused: localhost/127.0.0.1:15156
2024-10-07 19:12:41,291 [s0@group-F5D0649D4159-LeaderElection18] INFO  impl.LeaderElection (LeaderElection.java:askForVotes(339)) - s0@group-F5D0649D4159-LeaderElection18 PRE_VOTE round 156: result TIMEOUT
2024-10-07 19:12:41,291 [s0@group-F5D0649D4159-LeaderElection18] INFO  impl.LeaderElection (LeaderElection.java:askForVotes(337)) - s0@group-F5D0649D4159-LeaderElection18 PRE_VOTE round 157: submit vote requests at term 2 for conf: {index: 1, cur=peers:[s3|localhost:15152, s4|localhost:15156, s0|localhost:15140, s1|localhost:15144, s2|localhost:15148]|listeners:[], old=null}
2024-10-07 19:12:41,292 [NettyRpcService-workerGroup--thread3] INFO  server.RaftServer$Division (RaftServerImpl.java:requestVote(1443)) - s1@group-F5D0649D4159: receive requestVote(PRE_VOTE, s0, group-F5D0649D4159, 2, (t:2, i:2))
2024-10-07 19:12:41,292 [NettyRpcService-workerGroup--thread3] INFO  impl.VoteContext (VoteContext.java:log(49)) - s1@group-F5D0649D4159-CANDIDATE: accept PRE_VOTE from s0: our priority 0 <= candidate's priority 0
2024-10-07 19:12:41,292 [s0@group-F5D0649D4159-LeaderElection18] INFO  impl.LeaderElection (LogUtils.java:infoOrTrace(136)) - s0@group-F5D0649D4159-LeaderElection18 got exception when requesting votes: java.util.concurrent.ExecutionException: org.apache.ratis.thirdparty.io.netty.channel.AbstractChannel$AnnotatedConnectException: finishConnect(..) failed: Connection refused: localhost/127.0.0.1:15148
2024-10-07 19:12:41,292 [NettyRpcService-workerGroup--thread3] INFO  server.RaftServer$Division (RaftServerImpl.java:requestVote(1476)) - s1@group-F5D0649D4159 replies to PRE_VOTE vote request: s0<-s1#0:OK-t2. Peer's state: s1@group-F5D0649D4159:t2, leader=null, voted=s4, raftlog=Memoized:s1@group-F5D0649D4159-SegmentedRaftLog:OPENED:c2:last(t:2, i:2), conf=conf: {index: 1, cur=peers:[s3|localhost:15152, s4|localhost:15156, s0|localhost:15140, s1|localhost:15144, s2|localhost:15148]|listeners:[], old=null}
2024-10-07 19:12:41,292 [s0@group-F5D0649D4159-LeaderElection18] INFO  impl.LeaderElection (LogUtils.java:infoOrTrace(136)) - s0@group-F5D0649D4159-LeaderElection18 got exception when requesting votes: java.util.concurrent.ExecutionException: org.apache.ratis.thirdparty.io.netty.channel.AbstractChannel$AnnotatedConnectException: finishConnect(..) failed: Connection refused: localhost/127.0.0.1:15156
2024-10-07 19:12:41,459 [s1@group-F5D0649D4159-LeaderElection17] INFO  impl.LeaderElection (LeaderElection.java:logAndReturn(90)) - s1@group-F5D0649D4159-LeaderElection17: PRE_VOTE TIMEOUT received 1 response(s) and 2 exception(s):
2024-10-07 19:12:41,460 [s1@group-F5D0649D4159-LeaderElection17] INFO  impl.LeaderElection (LeaderElection.java:logAndReturn(94)) -   Response 0: s1<-s0#0:OK-t2
2024-10-07 19:12:41,460 [s1@group-F5D0649D4159-LeaderElection17] INFO  impl.LeaderElection (LogUtils.java:infoOrTrace(136)) -   Exception 1: java.util.concurrent.ExecutionException: org.apache.ratis.thirdparty.io.netty.channel.AbstractChannel$AnnotatedConnectException: finishConnect(..) failed: Connection refused: localhost/127.0.0.1:15156
2024-10-07 19:12:41,460 [s1@group-F5D0649D4159-LeaderElection17] INFO  impl.LeaderElection (LogUtils.java:infoOrTrace(136)) -   Exception 2: java.util.concurrent.ExecutionException: org.apache.ratis.thirdparty.io.netty.channel.AbstractChannel$AnnotatedConnectException: finishConnect(..) failed: Connection refused: localhost/127.0.0.1:15148
2024-10-07 19:12:41,460 [s1@group-F5D0649D4159-LeaderElection17] INFO  impl.LeaderElection (LeaderElection.java:askForVotes(339)) - s1@group-F5D0649D4159-LeaderElection17 PRE_VOTE round 173: result TIMEOUT
2024-10-07 19:12:41,460 [s1@group-F5D0649D4159-LeaderElection17] INFO  impl.LeaderElection (LeaderElection.java:askForVotes(337)) - s1@group-F5D0649D4159-LeaderElection17 PRE_VOTE round 174: submit vote requests at term 2 for conf: {index: 1, cur=peers:[s3|localhost:15152, s4|localhost:15156, s0|localhost:15140, s1|localhost:15144, s2|localhost:15148]|listeners:[], old=null}
2024-10-07 19:12:41,461 [NettyRpcService-workerGroup--thread3] INFO  server.RaftServer$Division (RaftServerImpl.java:requestVote(1443)) - s0@group-F5D0649D4159: receive requestVote(PRE_VOTE, s1, group-F5D0649D4159, 2, (t:2, i:2))
2024-10-07 19:12:41,461 [NettyRpcService-workerGroup--thread3] INFO  impl.VoteContext (VoteContext.java:log(49)) - s0@group-F5D0649D4159-CANDIDATE: accept PRE_VOTE from s1: our priority 0 <= candidate's priority 0
2024-10-07 19:12:41,461 [s1@group-F5D0649D4159-LeaderElection17] INFO  impl.LeaderElection (LogUtils.java:infoOrTrace(136)) - s1@group-F5D0649D4159-LeaderElection17 got exception when requesting votes: java.util.concurrent.ExecutionException: org.apache.ratis.thirdparty.io.netty.channel.AbstractChannel$AnnotatedConnectException: finishConnect(..) failed: Connection refused: localhost/127.0.0.1:15148
2024-10-07 19:12:41,461 [NettyRpcService-workerGroup--thread3] INFO  server.RaftServer$Division (RaftServerImpl.java:requestVote(1476)) - s0@group-F5D0649D4159 replies to PRE_VOTE vote request: s1<-s0#0:OK-t2. Peer's state: s0@group-F5D0649D4159:t2, leader=null, voted=s4, raftlog=Memoized:s0@group-F5D0649D4159-SegmentedRaftLog:OPENED:c2:last(t:2, i:2), conf=conf: {index: 1, cur=peers:[s3|localhost:15152, s4|localhost:15156, s0|localhost:15140, s1|localhost:15144, s2|localhost:15148]|listeners:[], old=null}
2024-10-07 19:12:41,461 [s1@group-F5D0649D4159-LeaderElection17] INFO  impl.LeaderElection (LogUtils.java:infoOrTrace(136)) - s1@group-F5D0649D4159-LeaderElection17 got exception when requesting votes: java.util.concurrent.ExecutionException: org.apache.ratis.thirdparty.io.netty.channel.AbstractChannel$AnnotatedConnectException: finishConnect(..) failed: Connection refused: localhost/127.0.0.1:15156
2024-10-07 19:12:41,510 [s0@group-F5D0649D4159-LeaderElection18] INFO  impl.LeaderElection (LeaderElection.java:logAndReturn(90)) - s0@group-F5D0649D4159-LeaderElection18: PRE_VOTE TIMEOUT received 1 response(s) and 2 exception(s):
2024-10-07 19:12:41,511 [s0@group-F5D0649D4159-LeaderElection18] INFO  impl.LeaderElection (LeaderElection.java:logAndReturn(94)) -   Response 0: s0<-s1#0:OK-t2
2024-10-07 19:12:41,511 [s0@group-F5D0649D4159-LeaderElection18] INFO  impl.LeaderElection (LogUtils.java:infoOrTrace(136)) -   Exception 1: java.util.concurrent.ExecutionException: org.apache.ratis.thirdparty.io.netty.channel.AbstractChannel$AnnotatedConnectException: finishConnect(..) failed: Connection refused: localhost/127.0.0.1:15148
2024-10-07 19:12:41,511 [s0@group-F5D0649D4159-LeaderElection18] INFO  impl.LeaderElection (LogUtils.java:infoOrTrace(136)) -   Exception 2: java.util.concurrent.ExecutionException: org.apache.ratis.thirdparty.io.netty.channel.AbstractChannel$AnnotatedConnectException: finishConnect(..) failed: Connection refused: localhost/127.0.0.1:15156
2024-10-07 19:12:41,511 [s0@group-F5D0649D4159-LeaderElection18] INFO  impl.LeaderElection (LeaderElection.java:askForVotes(339)) - s0@group-F5D0649D4159-LeaderElection18 PRE_VOTE round 157: result TIMEOUT
2024-10-07 19:12:41,511 [s0@group-F5D0649D4159-LeaderElection18] INFO  impl.LeaderElection (LeaderElection.java:askForVotes(337)) - s0@group-F5D0649D4159-LeaderElection18 PRE_VOTE round 158: submit vote requests at term 2 for conf: {index: 1, cur=peers:[s3|localhost:15152, s4|localhost:15156, s0|localhost:15140, s1|localhost:15144, s2|localhost:15148]|listeners:[], old=null}
2024-10-07 19:12:41,512 [NettyRpcService-workerGroup--thread3] INFO  server.RaftServer$Division (RaftServerImpl.java:requestVote(1443)) - s1@group-F5D0649D4159: receive requestVote(PRE_VOTE, s0, group-F5D0649D4159, 2, (t:2, i:2))
2024-10-07 19:12:41,512 [NettyRpcService-workerGroup--thread3] INFO  impl.VoteContext (VoteContext.java:log(49)) - s1@group-F5D0649D4159-CANDIDATE: accept PRE_VOTE from s0: our priority 0 <= candidate's priority 0
2024-10-07 19:12:41,512 [s0@group-F5D0649D4159-LeaderElection18] INFO  impl.LeaderElection (LogUtils.java:infoOrTrace(136)) - s0@group-F5D0649D4159-LeaderElection18 got exception when requesting votes: java.util.concurrent.ExecutionException: org.apache.ratis.thirdparty.io.netty.channel.AbstractChannel$AnnotatedConnectException: finishConnect(..) failed: Connection refused: localhost/127.0.0.1:15156
2024-10-07 19:12:41,512 [NettyRpcService-workerGroup--thread3] INFO  server.RaftServer$Division (RaftServerImpl.java:requestVote(1476)) - s1@group-F5D0649D4159 replies to PRE_VOTE vote request: s0<-s1#0:OK-t2. Peer's state: s1@group-F5D0649D4159:t2, leader=null, voted=s4, raftlog=Memoized:s1@group-F5D0649D4159-SegmentedRaftLog:OPENED:c2:last(t:2, i:2), conf=conf: {index: 1, cur=peers:[s3|localhost:15152, s4|localhost:15156, s0|localhost:15140, s1|localhost:15144, s2|localhost:15148]|listeners:[], old=null}
2024-10-07 19:12:41,512 [s0@group-F5D0649D4159-LeaderElection18] INFO  impl.LeaderElection (LogUtils.java:infoOrTrace(136)) - s0@group-F5D0649D4159-LeaderElection18 got exception when requesting votes: java.util.concurrent.ExecutionException: org.apache.ratis.thirdparty.io.netty.channel.AbstractChannel$AnnotatedConnectException: finishConnect(..) failed: Connection refused: localhost/127.0.0.1:15148
2024-10-07 19:12:41,530 [main] WARN  ratis.RaftTestUtil (RaftTestUtil.java:lambda$waitForLeader$3(126)) - Attempt #89 failed: java.lang.IllegalStateException: No leader yet : printing ALL groups
  s3:  RUNNING  FOLLOWER s3@group-F5D0649D4159:t1, leader=null, voted=null, raftlog=Memoized:s3@group-F5D0649D4159-SegmentedRaftLog:OPENED:c-1:lastnull, conf=conf: {index: -1, cur=peers:[s3|localhost:15152, s4|localhost:15156, s0|localhost:15140, s1|localhost:15144, s2|localhost:15148]|listeners:[], old=null} RUNNING
  s4:   CLOSED    LEADER s4@group-F5D0649D4159:t2, leader=s4, voted=s4, raftlog=Memoized:s4@group-F5D0649D4159-SegmentedRaftLog:CLOSED:c2, conf=conf: {index: 1, cur=peers:[s3|localhost:15152, s4|localhost:15156, s0|localhost:15140, s1|localhost:15144, s2|localhost:15148]|listeners:[], old=null} CLOSED
  s0:  RUNNING CANDIDATE s0@group-F5D0649D4159:t2, leader=null, voted=s4, raftlog=Memoized:s0@group-F5D0649D4159-SegmentedRaftLog:OPENED:c2:last(t:2, i:2), conf=conf: {index: 1, cur=peers:[s3|localhost:15152, s4|localhost:15156, s0|localhost:15140, s1|localhost:15144, s2|localhost:15148]|listeners:[], old=null} RUNNING
  s1:  RUNNING CANDIDATE s1@group-F5D0649D4159:t2, leader=null, voted=s4, raftlog=Memoized:s1@group-F5D0649D4159-SegmentedRaftLog:OPENED:c2:last(t:2, i:2), conf=conf: {index: 1, cur=peers:[s3|localhost:15152, s4|localhost:15156, s0|localhost:15140, s1|localhost:15144, s2|localhost:15148]|listeners:[], old=null} RUNNING
  s2:   CLOSED    LEADER s2@group-F5D0649D4159:t1, leader=s2, voted=s2, raftlog=Memoized:s2@group-F5D0649D4159-SegmentedRaftLog:CLOSED:c0, conf=conf: {index: 0, cur=peers:[s3|localhost:15152, s4|localhost:15156, s0|localhost:15140, s1|localhost:15144, s2|localhost:15148]|listeners:[], old=null} CLOSED
2024-10-07 19:12:41,684 [s1@group-F5D0649D4159-LeaderElection17] INFO  impl.LeaderElection (LeaderElection.java:logAndReturn(90)) - s1@group-F5D0649D4159-LeaderElection17: PRE_VOTE TIMEOUT received 1 response(s) and 2 exception(s):
2024-10-07 19:12:41,685 [s1@group-F5D0649D4159-LeaderElection17] INFO  impl.LeaderElection (LeaderElection.java:logAndReturn(94)) -   Response 0: s1<-s0#0:OK-t2
2024-10-07 19:12:41,685 [s1@group-F5D0649D4159-LeaderElection17] INFO  impl.LeaderElection (LogUtils.java:infoOrTrace(136)) -   Exception 1: java.util.concurrent.ExecutionException: org.apache.ratis.thirdparty.io.netty.channel.AbstractChannel$AnnotatedConnectException: finishConnect(..) failed: Connection refused: localhost/127.0.0.1:15148
2024-10-07 19:12:41,685 [s1@group-F5D0649D4159-LeaderElection17] INFO  impl.LeaderElection (LogUtils.java:infoOrTrace(136)) -   Exception 2: java.util.concurrent.ExecutionException: org.apache.ratis.thirdparty.io.netty.channel.AbstractChannel$AnnotatedConnectException: finishConnect(..) failed: Connection refused: localhost/127.0.0.1:15156
2024-10-07 19:12:41,685 [s1@group-F5D0649D4159-LeaderElection17] INFO  impl.LeaderElection (LeaderElection.java:askForVotes(339)) - s1@group-F5D0649D4159-LeaderElection17 PRE_VOTE round 174: result TIMEOUT
2024-10-07 19:12:41,685 [s1@group-F5D0649D4159-LeaderElection17] INFO  impl.LeaderElection (LeaderElection.java:askForVotes(337)) - s1@group-F5D0649D4159-LeaderElection17 PRE_VOTE round 175: submit vote requests at term 2 for conf: {index: 1, cur=peers:[s3|localhost:15152, s4|localhost:15156, s0|localhost:15140, s1|localhost:15144, s2|localhost:15148]|listeners:[], old=null}
2024-10-07 19:12:41,686 [NettyRpcService-workerGroup--thread3] INFO  server.RaftServer$Division (RaftServerImpl.java:requestVote(1443)) - s0@group-F5D0649D4159: receive requestVote(PRE_VOTE, s1, group-F5D0649D4159, 2, (t:2, i:2))
2024-10-07 19:12:41,686 [NettyRpcService-workerGroup--thread3] INFO  impl.VoteContext (VoteContext.java:log(49)) - s0@group-F5D0649D4159-CANDIDATE: accept PRE_VOTE from s1: our priority 0 <= candidate's priority 0
2024-10-07 19:12:41,686 [s1@group-F5D0649D4159-LeaderElection17] INFO  impl.LeaderElection (LogUtils.java:infoOrTrace(136)) - s1@group-F5D0649D4159-LeaderElection17 got exception when requesting votes: java.util.concurrent.ExecutionException: org.apache.ratis.thirdparty.io.netty.channel.AbstractChannel$AnnotatedConnectException: finishConnect(..) failed: Connection refused: localhost/127.0.0.1:15148
2024-10-07 19:12:41,686 [NettyRpcService-workerGroup--thread3] INFO  server.RaftServer$Division (RaftServerImpl.java:requestVote(1476)) - s0@group-F5D0649D4159 replies to PRE_VOTE vote request: s1<-s0#0:OK-t2. Peer's state: s0@group-F5D0649D4159:t2, leader=null, voted=s4, raftlog=Memoized:s0@group-F5D0649D4159-SegmentedRaftLog:OPENED:c2:last(t:2, i:2), conf=conf: {index: 1, cur=peers:[s3|localhost:15152, s4|localhost:15156, s0|localhost:15140, s1|localhost:15144, s2|localhost:15148]|listeners:[], old=null}
2024-10-07 19:12:41,686 [s1@group-F5D0649D4159-LeaderElection17] INFO  impl.LeaderElection (LogUtils.java:infoOrTrace(136)) - s1@group-F5D0649D4159-LeaderElection17 got exception when requesting votes: java.util.concurrent.ExecutionException: org.apache.ratis.thirdparty.io.netty.channel.AbstractChannel$AnnotatedConnectException: finishConnect(..) failed: Connection refused: localhost/127.0.0.1:15156
2024-10-07 19:12:41,786 [s0@group-F5D0649D4159-LeaderElection18] INFO  impl.LeaderElection (LeaderElection.java:logAndReturn(90)) - s0@group-F5D0649D4159-LeaderElection18: PRE_VOTE TIMEOUT received 1 response(s) and 2 exception(s):
2024-10-07 19:12:41,786 [s0@group-F5D0649D4159-LeaderElection18] INFO  impl.LeaderElection (LeaderElection.java:logAndReturn(94)) -   Response 0: s0<-s1#0:OK-t2
2024-10-07 19:12:41,786 [s0@group-F5D0649D4159-LeaderElection18] INFO  impl.LeaderElection (LogUtils.java:infoOrTrace(136)) -   Exception 1: java.util.concurrent.ExecutionException: org.apache.ratis.thirdparty.io.netty.channel.AbstractChannel$AnnotatedConnectException: finishConnect(..) failed: Connection refused: localhost/127.0.0.1:15156
2024-10-07 19:12:41,786 [s0@group-F5D0649D4159-LeaderElection18] INFO  impl.LeaderElection (LogUtils.java:infoOrTrace(136)) -   Exception 2: java.util.concurrent.ExecutionException: org.apache.ratis.thirdparty.io.netty.channel.AbstractChannel$AnnotatedConnectException: finishConnect(..) failed: Connection refused: localhost/127.0.0.1:15148
2024-10-07 19:12:41,786 [s0@group-F5D0649D4159-LeaderElection18] INFO  impl.LeaderElection (LeaderElection.java:askForVotes(339)) - s0@group-F5D0649D4159-LeaderElection18 PRE_VOTE round 158: result TIMEOUT
2024-10-07 19:12:41,786 [s0@group-F5D0649D4159-LeaderElection18] INFO  impl.LeaderElection (LeaderElection.java:askForVotes(337)) - s0@group-F5D0649D4159-LeaderElection18 PRE_VOTE round 159: submit vote requests at term 2 for conf: {index: 1, cur=peers:[s3|localhost:15152, s4|localhost:15156, s0|localhost:15140, s1|localhost:15144, s2|localhost:15148]|listeners:[], old=null}
2024-10-07 19:12:41,788 [NettyRpcService-workerGroup--thread3] INFO  server.RaftServer$Division (RaftServerImpl.java:requestVote(1443)) - s1@group-F5D0649D4159: receive requestVote(PRE_VOTE, s0, group-F5D0649D4159, 2, (t:2, i:2))
2024-10-07 19:12:41,788 [NettyRpcService-workerGroup--thread3] INFO  impl.VoteContext (VoteContext.java:log(49)) - s1@group-F5D0649D4159-CANDIDATE: accept PRE_VOTE from s0: our priority 0 <= candidate's priority 0
2024-10-07 19:12:41,788 [s0@group-F5D0649D4159-LeaderElection18] INFO  impl.LeaderElection (LogUtils.java:infoOrTrace(136)) - s0@group-F5D0649D4159-LeaderElection18 got exception when requesting votes: java.util.concurrent.ExecutionException: org.apache.ratis.thirdparty.io.netty.channel.AbstractChannel$AnnotatedConnectException: finishConnect(..) failed: Connection refused: localhost/127.0.0.1:15148
2024-10-07 19:12:41,788 [NettyRpcService-workerGroup--thread3] INFO  server.RaftServer$Division (RaftServerImpl.java:requestVote(1476)) - s1@group-F5D0649D4159 replies to PRE_VOTE vote request: s0<-s1#0:OK-t2. Peer's state: s1@group-F5D0649D4159:t2, leader=null, voted=s4, raftlog=Memoized:s1@group-F5D0649D4159-SegmentedRaftLog:OPENED:c2:last(t:2, i:2), conf=conf: {index: 1, cur=peers:[s3|localhost:15152, s4|localhost:15156, s0|localhost:15140, s1|localhost:15144, s2|localhost:15148]|listeners:[], old=null}
2024-10-07 19:12:41,788 [s0@group-F5D0649D4159-LeaderElection18] INFO  impl.LeaderElection (LogUtils.java:infoOrTrace(136)) - s0@group-F5D0649D4159-LeaderElection18 got exception when requesting votes: java.util.concurrent.ExecutionException: org.apache.ratis.thirdparty.io.netty.channel.AbstractChannel$AnnotatedConnectException: finishConnect(..) failed: Connection refused: localhost/127.0.0.1:15156
2024-10-07 19:12:41,839 [s1@group-F5D0649D4159-LeaderElection17] INFO  impl.LeaderElection (LeaderElection.java:logAndReturn(90)) - s1@group-F5D0649D4159-LeaderElection17: PRE_VOTE TIMEOUT received 1 response(s) and 2 exception(s):
2024-10-07 19:12:41,840 [s1@group-F5D0649D4159-LeaderElection17] INFO  impl.LeaderElection (LeaderElection.java:logAndReturn(94)) -   Response 0: s1<-s0#0:OK-t2
2024-10-07 19:12:41,840 [s1@group-F5D0649D4159-LeaderElection17] INFO  impl.LeaderElection (LogUtils.java:infoOrTrace(136)) -   Exception 1: java.util.concurrent.ExecutionException: org.apache.ratis.thirdparty.io.netty.channel.AbstractChannel$AnnotatedConnectException: finishConnect(..) failed: Connection refused: localhost/127.0.0.1:15148
2024-10-07 19:12:41,840 [s1@group-F5D0649D4159-LeaderElection17] INFO  impl.LeaderElection (LogUtils.java:infoOrTrace(136)) -   Exception 2: java.util.concurrent.ExecutionException: org.apache.ratis.thirdparty.io.netty.channel.AbstractChannel$AnnotatedConnectException: finishConnect(..) failed: Connection refused: localhost/127.0.0.1:15156
2024-10-07 19:12:41,840 [s1@group-F5D0649D4159-LeaderElection17] INFO  impl.LeaderElection (LeaderElection.java:askForVotes(339)) - s1@group-F5D0649D4159-LeaderElection17 PRE_VOTE round 175: result TIMEOUT
2024-10-07 19:12:41,840 [s1@group-F5D0649D4159-LeaderElection17] INFO  impl.LeaderElection (LeaderElection.java:askForVotes(337)) - s1@group-F5D0649D4159-LeaderElection17 PRE_VOTE round 176: submit vote requests at term 2 for conf: {index: 1, cur=peers:[s3|localhost:15152, s4|localhost:15156, s0|localhost:15140, s1|localhost:15144, s2|localhost:15148]|listeners:[], old=null}
2024-10-07 19:12:41,841 [NettyRpcService-workerGroup--thread3] INFO  server.RaftServer$Division (RaftServerImpl.java:requestVote(1443)) - s0@group-F5D0649D4159: receive requestVote(PRE_VOTE, s1, group-F5D0649D4159, 2, (t:2, i:2))
2024-10-07 19:12:41,841 [NettyRpcService-workerGroup--thread3] INFO  impl.VoteContext (VoteContext.java:log(49)) - s0@group-F5D0649D4159-CANDIDATE: accept PRE_VOTE from s1: our priority 0 <= candidate's priority 0
2024-10-07 19:12:41,841 [s1@group-F5D0649D4159-LeaderElection17] INFO  impl.LeaderElection (LogUtils.java:infoOrTrace(136)) - s1@group-F5D0649D4159-LeaderElection17 got exception when requesting votes: java.util.concurrent.ExecutionException: org.apache.ratis.thirdparty.io.netty.channel.AbstractChannel$AnnotatedConnectException: finishConnect(..) failed: Connection refused: localhost/127.0.0.1:15156
2024-10-07 19:12:41,841 [NettyRpcService-workerGroup--thread3] INFO  server.RaftServer$Division (RaftServerImpl.java:requestVote(1476)) - s0@group-F5D0649D4159 replies to PRE_VOTE vote request: s1<-s0#0:OK-t2. Peer's state: s0@group-F5D0649D4159:t2, leader=null, voted=s4, raftlog=Memoized:s0@group-F5D0649D4159-SegmentedRaftLog:OPENED:c2:last(t:2, i:2), conf=conf: {index: 1, cur=peers:[s3|localhost:15152, s4|localhost:15156, s0|localhost:15140, s1|localhost:15144, s2|localhost:15148]|listeners:[], old=null}
2024-10-07 19:12:41,841 [s1@group-F5D0649D4159-LeaderElection17] INFO  impl.LeaderElection (LogUtils.java:infoOrTrace(136)) - s1@group-F5D0649D4159-LeaderElection17 got exception when requesting votes: java.util.concurrent.ExecutionException: org.apache.ratis.thirdparty.io.netty.channel.AbstractChannel$AnnotatedConnectException: finishConnect(..) failed: Connection refused: localhost/127.0.0.1:15148
2024-10-07 19:12:41,981 [main] WARN  ratis.RaftTestUtil (RaftTestUtil.java:lambda$waitForLeader$3(126)) - Attempt #90 failed: java.lang.IllegalStateException: No leader yet : printing ALL groups
  s3:  RUNNING  FOLLOWER s3@group-F5D0649D4159:t1, leader=null, voted=null, raftlog=Memoized:s3@group-F5D0649D4159-SegmentedRaftLog:OPENED:c-1:lastnull, conf=conf: {index: -1, cur=peers:[s3|localhost:15152, s4|localhost:15156, s0|localhost:15140, s1|localhost:15144, s2|localhost:15148]|listeners:[], old=null} RUNNING
  s4:   CLOSED    LEADER s4@group-F5D0649D4159:t2, leader=s4, voted=s4, raftlog=Memoized:s4@group-F5D0649D4159-SegmentedRaftLog:CLOSED:c2, conf=conf: {index: 1, cur=peers:[s3|localhost:15152, s4|localhost:15156, s0|localhost:15140, s1|localhost:15144, s2|localhost:15148]|listeners:[], old=null} CLOSED
  s0:  RUNNING CANDIDATE s0@group-F5D0649D4159:t2, leader=null, voted=s4, raftlog=Memoized:s0@group-F5D0649D4159-SegmentedRaftLog:OPENED:c2:last(t:2, i:2), conf=conf: {index: 1, cur=peers:[s3|localhost:15152, s4|localhost:15156, s0|localhost:15140, s1|localhost:15144, s2|localhost:15148]|listeners:[], old=null} RUNNING
  s1:  RUNNING CANDIDATE s1@group-F5D0649D4159:t2, leader=null, voted=s4, raftlog=Memoized:s1@group-F5D0649D4159-SegmentedRaftLog:OPENED:c2:last(t:2, i:2), conf=conf: {index: 1, cur=peers:[s3|localhost:15152, s4|localhost:15156, s0|localhost:15140, s1|localhost:15144, s2|localhost:15148]|listeners:[], old=null} RUNNING
  s2:   CLOSED    LEADER s2@group-F5D0649D4159:t1, leader=s2, voted=s2, raftlog=Memoized:s2@group-F5D0649D4159-SegmentedRaftLog:CLOSED:c0, conf=conf: {index: 0, cur=peers:[s3|localhost:15152, s4|localhost:15156, s0|localhost:15140, s1|localhost:15144, s2|localhost:15148]|listeners:[], old=null} CLOSED
2024-10-07 19:12:42,087 [s0@group-F5D0649D4159-LeaderElection18] INFO  impl.LeaderElection (LeaderElection.java:logAndReturn(90)) - s0@group-F5D0649D4159-LeaderElection18: PRE_VOTE TIMEOUT received 1 response(s) and 2 exception(s):
2024-10-07 19:12:42,087 [s0@group-F5D0649D4159-LeaderElection18] INFO  impl.LeaderElection (LeaderElection.java:logAndReturn(94)) -   Response 0: s0<-s1#0:OK-t2
2024-10-07 19:12:42,087 [s0@group-F5D0649D4159-LeaderElection18] INFO  impl.LeaderElection (LogUtils.java:infoOrTrace(136)) -   Exception 1: java.util.concurrent.ExecutionException: org.apache.ratis.thirdparty.io.netty.channel.AbstractChannel$AnnotatedConnectException: finishConnect(..) failed: Connection refused: localhost/127.0.0.1:15148
2024-10-07 19:12:42,087 [s0@group-F5D0649D4159-LeaderElection18] INFO  impl.LeaderElection (LogUtils.java:infoOrTrace(136)) -   Exception 2: java.util.concurrent.ExecutionException: org.apache.ratis.thirdparty.io.netty.channel.AbstractChannel$AnnotatedConnectException: finishConnect(..) failed: Connection refused: localhost/127.0.0.1:15156
2024-10-07 19:12:42,087 [s0@group-F5D0649D4159-LeaderElection18] INFO  impl.LeaderElection (LeaderElection.java:askForVotes(339)) - s0@group-F5D0649D4159-LeaderElection18 PRE_VOTE round 159: result TIMEOUT
2024-10-07 19:12:42,087 [s0@group-F5D0649D4159-LeaderElection18] INFO  impl.LeaderElection (LeaderElection.java:askForVotes(337)) - s0@group-F5D0649D4159-LeaderElection18 PRE_VOTE round 160: submit vote requests at term 2 for conf: {index: 1, cur=peers:[s3|localhost:15152, s4|localhost:15156, s0|localhost:15140, s1|localhost:15144, s2|localhost:15148]|listeners:[], old=null}
2024-10-07 19:12:42,088 [NettyRpcService-workerGroup--thread3] INFO  server.RaftServer$Division (RaftServerImpl.java:requestVote(1443)) - s1@group-F5D0649D4159: receive requestVote(PRE_VOTE, s0, group-F5D0649D4159, 2, (t:2, i:2))
2024-10-07 19:12:42,088 [NettyRpcService-workerGroup--thread3] INFO  impl.VoteContext (VoteContext.java:log(49)) - s1@group-F5D0649D4159-CANDIDATE: accept PRE_VOTE from s0: our priority 0 <= candidate's priority 0
2024-10-07 19:12:42,088 [s0@group-F5D0649D4159-LeaderElection18] INFO  impl.LeaderElection (LogUtils.java:infoOrTrace(136)) - s0@group-F5D0649D4159-LeaderElection18 got exception when requesting votes: java.util.concurrent.ExecutionException: org.apache.ratis.thirdparty.io.netty.channel.AbstractChannel$AnnotatedConnectException: finishConnect(..) failed: Connection refused: localhost/127.0.0.1:15148
2024-10-07 19:12:42,088 [NettyRpcService-workerGroup--thread3] INFO  server.RaftServer$Division (RaftServerImpl.java:requestVote(1476)) - s1@group-F5D0649D4159 replies to PRE_VOTE vote request: s0<-s1#0:OK-t2. Peer's state: s1@group-F5D0649D4159:t2, leader=null, voted=s4, raftlog=Memoized:s1@group-F5D0649D4159-SegmentedRaftLog:OPENED:c2:last(t:2, i:2), conf=conf: {index: 1, cur=peers:[s3|localhost:15152, s4|localhost:15156, s0|localhost:15140, s1|localhost:15144, s2|localhost:15148]|listeners:[], old=null}
2024-10-07 19:12:42,088 [s0@group-F5D0649D4159-LeaderElection18] INFO  impl.LeaderElection (LogUtils.java:infoOrTrace(136)) - s0@group-F5D0649D4159-LeaderElection18 got exception when requesting votes: java.util.concurrent.ExecutionException: org.apache.ratis.thirdparty.io.netty.channel.AbstractChannel$AnnotatedConnectException: finishConnect(..) failed: Connection refused: localhost/127.0.0.1:15156
2024-10-07 19:12:42,139 [s1@group-F5D0649D4159-LeaderElection17] INFO  impl.LeaderElection (LeaderElection.java:logAndReturn(90)) - s1@group-F5D0649D4159-LeaderElection17: PRE_VOTE TIMEOUT received 1 response(s) and 2 exception(s):
2024-10-07 19:12:42,139 [s1@group-F5D0649D4159-LeaderElection17] INFO  impl.LeaderElection (LeaderElection.java:logAndReturn(94)) -   Response 0: s1<-s0#0:OK-t2
2024-10-07 19:12:42,139 [s1@group-F5D0649D4159-LeaderElection17] INFO  impl.LeaderElection (LogUtils.java:infoOrTrace(136)) -   Exception 1: java.util.concurrent.ExecutionException: org.apache.ratis.thirdparty.io.netty.channel.AbstractChannel$AnnotatedConnectException: finishConnect(..) failed: Connection refused: localhost/127.0.0.1:15156
2024-10-07 19:12:42,139 [s1@group-F5D0649D4159-LeaderElection17] INFO  impl.LeaderElection (LogUtils.java:infoOrTrace(136)) -   Exception 2: java.util.concurrent.ExecutionException: org.apache.ratis.thirdparty.io.netty.channel.AbstractChannel$AnnotatedConnectException: finishConnect(..) failed: Connection refused: localhost/127.0.0.1:15148
2024-10-07 19:12:42,139 [s1@group-F5D0649D4159-LeaderElection17] INFO  impl.LeaderElection (LeaderElection.java:askForVotes(339)) - s1@group-F5D0649D4159-LeaderElection17 PRE_VOTE round 176: result TIMEOUT
2024-10-07 19:12:42,139 [s1@group-F5D0649D4159-LeaderElection17] INFO  impl.LeaderElection (LeaderElection.java:askForVotes(337)) - s1@group-F5D0649D4159-LeaderElection17 PRE_VOTE round 177: submit vote requests at term 2 for conf: {index: 1, cur=peers:[s3|localhost:15152, s4|localhost:15156, s0|localhost:15140, s1|localhost:15144, s2|localhost:15148]|listeners:[], old=null}
2024-10-07 19:12:42,140 [NettyRpcService-workerGroup--thread3] INFO  server.RaftServer$Division (RaftServerImpl.java:requestVote(1443)) - s0@group-F5D0649D4159: receive requestVote(PRE_VOTE, s1, group-F5D0649D4159, 2, (t:2, i:2))
2024-10-07 19:12:42,140 [NettyRpcService-workerGroup--thread3] INFO  impl.VoteContext (VoteContext.java:log(49)) - s0@group-F5D0649D4159-CANDIDATE: accept PRE_VOTE from s1: our priority 0 <= candidate's priority 0
2024-10-07 19:12:42,140 [s1@group-F5D0649D4159-LeaderElection17] INFO  impl.LeaderElection (LogUtils.java:infoOrTrace(136)) - s1@group-F5D0649D4159-LeaderElection17 got exception when requesting votes: java.util.concurrent.ExecutionException: org.apache.ratis.thirdparty.io.netty.channel.AbstractChannel$AnnotatedConnectException: finishConnect(..) failed: Connection refused: localhost/127.0.0.1:15156
2024-10-07 19:12:42,140 [s1@group-F5D0649D4159-LeaderElection17] INFO  impl.LeaderElection (LogUtils.java:infoOrTrace(136)) - s1@group-F5D0649D4159-LeaderElection17 got exception when requesting votes: java.util.concurrent.ExecutionException: org.apache.ratis.thirdparty.io.netty.channel.AbstractChannel$AnnotatedConnectException: finishConnect(..) failed: Connection refused: localhost/127.0.0.1:15148
2024-10-07 19:12:42,140 [NettyRpcService-workerGroup--thread3] INFO  server.RaftServer$Division (RaftServerImpl.java:requestVote(1476)) - s0@group-F5D0649D4159 replies to PRE_VOTE vote request: s1<-s0#0:OK-t2. Peer's state: s0@group-F5D0649D4159:t2, leader=null, voted=s4, raftlog=Memoized:s0@group-F5D0649D4159-SegmentedRaftLog:OPENED:c2:last(t:2, i:2), conf=conf: {index: 1, cur=peers:[s3|localhost:15152, s4|localhost:15156, s0|localhost:15140, s1|localhost:15144, s2|localhost:15148]|listeners:[], old=null}
2024-10-07 19:12:42,350 [s0@group-F5D0649D4159-LeaderElection18] INFO  impl.LeaderElection (LeaderElection.java:logAndReturn(90)) - s0@group-F5D0649D4159-LeaderElection18: PRE_VOTE TIMEOUT received 1 response(s) and 2 exception(s):
2024-10-07 19:12:42,350 [s0@group-F5D0649D4159-LeaderElection18] INFO  impl.LeaderElection (LeaderElection.java:logAndReturn(94)) -   Response 0: s0<-s1#0:OK-t2
2024-10-07 19:12:42,350 [s0@group-F5D0649D4159-LeaderElection18] INFO  impl.LeaderElection (LogUtils.java:infoOrTrace(136)) -   Exception 1: java.util.concurrent.ExecutionException: org.apache.ratis.thirdparty.io.netty.channel.AbstractChannel$AnnotatedConnectException: finishConnect(..) failed: Connection refused: localhost/127.0.0.1:15148
2024-10-07 19:12:42,350 [s0@group-F5D0649D4159-LeaderElection18] INFO  impl.LeaderElection (LogUtils.java:infoOrTrace(136)) -   Exception 2: java.util.concurrent.ExecutionException: org.apache.ratis.thirdparty.io.netty.channel.AbstractChannel$AnnotatedConnectException: finishConnect(..) failed: Connection refused: localhost/127.0.0.1:15156
2024-10-07 19:12:42,350 [s1@group-F5D0649D4159-LeaderElection17] INFO  impl.LeaderElection (LeaderElection.java:logAndReturn(90)) - s1@group-F5D0649D4159-LeaderElection17: PRE_VOTE TIMEOUT received 1 response(s) and 2 exception(s):
2024-10-07 19:12:42,350 [s1@group-F5D0649D4159-LeaderElection17] INFO  impl.LeaderElection (LeaderElection.java:logAndReturn(94)) -   Response 0: s1<-s0#0:OK-t2
2024-10-07 19:12:42,350 [s1@group-F5D0649D4159-LeaderElection17] INFO  impl.LeaderElection (LogUtils.java:infoOrTrace(136)) -   Exception 1: java.util.concurrent.ExecutionException: org.apache.ratis.thirdparty.io.netty.channel.AbstractChannel$AnnotatedConnectException: finishConnect(..) failed: Connection refused: localhost/127.0.0.1:15156
2024-10-07 19:12:42,350 [s1@group-F5D0649D4159-LeaderElection17] INFO  impl.LeaderElection (LogUtils.java:infoOrTrace(136)) -   Exception 2: java.util.concurrent.ExecutionException: org.apache.ratis.thirdparty.io.netty.channel.AbstractChannel$AnnotatedConnectException: finishConnect(..) failed: Connection refused: localhost/127.0.0.1:15148
2024-10-07 19:12:42,350 [s0@group-F5D0649D4159-LeaderElection18] INFO  impl.LeaderElection (LeaderElection.java:askForVotes(339)) - s0@group-F5D0649D4159-LeaderElection18 PRE_VOTE round 160: result TIMEOUT
2024-10-07 19:12:42,350 [s0@group-F5D0649D4159-LeaderElection18] INFO  impl.LeaderElection (LeaderElection.java:askForVotes(337)) - s0@group-F5D0649D4159-LeaderElection18 PRE_VOTE round 161: submit vote requests at term 2 for conf: {index: 1, cur=peers:[s3|localhost:15152, s4|localhost:15156, s0|localhost:15140, s1|localhost:15144, s2|localhost:15148]|listeners:[], old=null}
2024-10-07 19:12:42,350 [s1@group-F5D0649D4159-LeaderElection17] INFO  impl.LeaderElection (LeaderElection.java:askForVotes(339)) - s1@group-F5D0649D4159-LeaderElection17 PRE_VOTE round 177: result TIMEOUT
2024-10-07 19:12:42,350 [s1@group-F5D0649D4159-LeaderElection17] INFO  impl.LeaderElection (LeaderElection.java:askForVotes(337)) - s1@group-F5D0649D4159-LeaderElection17 PRE_VOTE round 178: submit vote requests at term 2 for conf: {index: 1, cur=peers:[s3|localhost:15152, s4|localhost:15156, s0|localhost:15140, s1|localhost:15144, s2|localhost:15148]|listeners:[], old=null}
2024-10-07 19:12:42,351 [NettyRpcService-workerGroup--thread3] INFO  server.RaftServer$Division (RaftServerImpl.java:requestVote(1443)) - s1@group-F5D0649D4159: receive requestVote(PRE_VOTE, s0, group-F5D0649D4159, 2, (t:2, i:2))
2024-10-07 19:12:42,351 [NettyRpcService-workerGroup--thread3] INFO  impl.VoteContext (VoteContext.java:log(49)) - s1@group-F5D0649D4159-CANDIDATE: accept PRE_VOTE from s0: our priority 0 <= candidate's priority 0
2024-10-07 19:12:42,351 [NettyRpcService-workerGroup--thread3] INFO  server.RaftServer$Division (RaftServerImpl.java:requestVote(1476)) - s1@group-F5D0649D4159 replies to PRE_VOTE vote request: s0<-s1#0:OK-t2. Peer's state: s1@group-F5D0649D4159:t2, leader=null, voted=s4, raftlog=Memoized:s1@group-F5D0649D4159-SegmentedRaftLog:OPENED:c2:last(t:2, i:2), conf=conf: {index: 1, cur=peers:[s3|localhost:15152, s4|localhost:15156, s0|localhost:15140, s1|localhost:15144, s2|localhost:15148]|listeners:[], old=null}
2024-10-07 19:12:42,351 [s0@group-F5D0649D4159-LeaderElection18] INFO  impl.LeaderElection (LogUtils.java:infoOrTrace(136)) - s0@group-F5D0649D4159-LeaderElection18 got exception when requesting votes: java.util.concurrent.ExecutionException: org.apache.ratis.thirdparty.io.netty.channel.AbstractChannel$AnnotatedConnectException: finishConnect(..) failed: Connection refused: localhost/127.0.0.1:15156
2024-10-07 19:12:42,351 [s0@group-F5D0649D4159-LeaderElection18] INFO  impl.LeaderElection (LogUtils.java:infoOrTrace(136)) - s0@group-F5D0649D4159-LeaderElection18 got exception when requesting votes: java.util.concurrent.ExecutionException: org.apache.ratis.thirdparty.io.netty.channel.AbstractChannel$AnnotatedConnectException: finishConnect(..) failed: Connection refused: localhost/127.0.0.1:15148
2024-10-07 19:12:42,351 [s1@group-F5D0649D4159-LeaderElection17] INFO  impl.LeaderElection (LogUtils.java:infoOrTrace(136)) - s1@group-F5D0649D4159-LeaderElection17 got exception when requesting votes: java.util.concurrent.ExecutionException: org.apache.ratis.thirdparty.io.netty.channel.AbstractChannel$AnnotatedConnectException: finishConnect(..) failed: Connection refused: localhost/127.0.0.1:15156
2024-10-07 19:12:42,351 [NettyRpcService-workerGroup--thread3] INFO  server.RaftServer$Division (RaftServerImpl.java:requestVote(1443)) - s0@group-F5D0649D4159: receive requestVote(PRE_VOTE, s1, group-F5D0649D4159, 2, (t:2, i:2))
2024-10-07 19:12:42,352 [NettyRpcService-workerGroup--thread3] INFO  impl.VoteContext (VoteContext.java:log(49)) - s0@group-F5D0649D4159-CANDIDATE: accept PRE_VOTE from s1: our priority 0 <= candidate's priority 0
2024-10-07 19:12:42,352 [NettyRpcService-workerGroup--thread3] INFO  server.RaftServer$Division (RaftServerImpl.java:requestVote(1476)) - s0@group-F5D0649D4159 replies to PRE_VOTE vote request: s1<-s0#0:OK-t2. Peer's state: s0@group-F5D0649D4159:t2, leader=null, voted=s4, raftlog=Memoized:s0@group-F5D0649D4159-SegmentedRaftLog:OPENED:c2:last(t:2, i:2), conf=conf: {index: 1, cur=peers:[s3|localhost:15152, s4|localhost:15156, s0|localhost:15140, s1|localhost:15144, s2|localhost:15148]|listeners:[], old=null}
2024-10-07 19:12:42,352 [s1@group-F5D0649D4159-LeaderElection17] INFO  impl.LeaderElection (LogUtils.java:infoOrTrace(136)) - s1@group-F5D0649D4159-LeaderElection17 got exception when requesting votes: java.util.concurrent.ExecutionException: org.apache.ratis.thirdparty.io.netty.channel.AbstractChannel$AnnotatedConnectException: finishConnect(..) failed: Connection refused: localhost/127.0.0.1:15148
2024-10-07 19:12:42,431 [main] WARN  ratis.RaftTestUtil (RaftTestUtil.java:lambda$waitForLeader$3(126)) - Attempt #91 failed: java.lang.IllegalStateException: No leader yet : printing ALL groups
  s3:  RUNNING  FOLLOWER s3@group-F5D0649D4159:t1, leader=null, voted=null, raftlog=Memoized:s3@group-F5D0649D4159-SegmentedRaftLog:OPENED:c-1:lastnull, conf=conf: {index: -1, cur=peers:[s3|localhost:15152, s4|localhost:15156, s0|localhost:15140, s1|localhost:15144, s2|localhost:15148]|listeners:[], old=null} RUNNING
  s4:   CLOSED    LEADER s4@group-F5D0649D4159:t2, leader=s4, voted=s4, raftlog=Memoized:s4@group-F5D0649D4159-SegmentedRaftLog:CLOSED:c2, conf=conf: {index: 1, cur=peers:[s3|localhost:15152, s4|localhost:15156, s0|localhost:15140, s1|localhost:15144, s2|localhost:15148]|listeners:[], old=null} CLOSED
  s0:  RUNNING CANDIDATE s0@group-F5D0649D4159:t2, leader=null, voted=s4, raftlog=Memoized:s0@group-F5D0649D4159-SegmentedRaftLog:OPENED:c2:last(t:2, i:2), conf=conf: {index: 1, cur=peers:[s3|localhost:15152, s4|localhost:15156, s0|localhost:15140, s1|localhost:15144, s2|localhost:15148]|listeners:[], old=null} RUNNING
  s1:  RUNNING CANDIDATE s1@group-F5D0649D4159:t2, leader=null, voted=s4, raftlog=Memoized:s1@group-F5D0649D4159-SegmentedRaftLog:OPENED:c2:last(t:2, i:2), conf=conf: {index: 1, cur=peers:[s3|localhost:15152, s4|localhost:15156, s0|localhost:15140, s1|localhost:15144, s2|localhost:15148]|listeners:[], old=null} RUNNING
  s2:   CLOSED    LEADER s2@group-F5D0649D4159:t1, leader=s2, voted=s2, raftlog=Memoized:s2@group-F5D0649D4159-SegmentedRaftLog:CLOSED:c0, conf=conf: {index: 0, cur=peers:[s3|localhost:15152, s4|localhost:15156, s0|localhost:15140, s1|localhost:15144, s2|localhost:15148]|listeners:[], old=null} CLOSED
2024-10-07 19:12:42,563 [s0@group-F5D0649D4159-LeaderElection18] INFO  impl.LeaderElection (LeaderElection.java:logAndReturn(90)) - s0@group-F5D0649D4159-LeaderElection18: PRE_VOTE TIMEOUT received 1 response(s) and 2 exception(s):
2024-10-07 19:12:42,563 [s0@group-F5D0649D4159-LeaderElection18] INFO  impl.LeaderElection (LeaderElection.java:logAndReturn(94)) -   Response 0: s0<-s1#0:OK-t2
2024-10-07 19:12:42,563 [s0@group-F5D0649D4159-LeaderElection18] INFO  impl.LeaderElection (LogUtils.java:infoOrTrace(136)) -   Exception 1: java.util.concurrent.ExecutionException: org.apache.ratis.thirdparty.io.netty.channel.AbstractChannel$AnnotatedConnectException: finishConnect(..) failed: Connection refused: localhost/127.0.0.1:15156
2024-10-07 19:12:42,563 [s0@group-F5D0649D4159-LeaderElection18] INFO  impl.LeaderElection (LogUtils.java:infoOrTrace(136)) -   Exception 2: java.util.concurrent.ExecutionException: org.apache.ratis.thirdparty.io.netty.channel.AbstractChannel$AnnotatedConnectException: finishConnect(..) failed: Connection refused: localhost/127.0.0.1:15148
2024-10-07 19:12:42,563 [s0@group-F5D0649D4159-LeaderElection18] INFO  impl.LeaderElection (LeaderElection.java:askForVotes(339)) - s0@group-F5D0649D4159-LeaderElection18 PRE_VOTE round 161: result TIMEOUT
2024-10-07 19:12:42,563 [s0@group-F5D0649D4159-LeaderElection18] INFO  impl.LeaderElection (LeaderElection.java:askForVotes(337)) - s0@group-F5D0649D4159-LeaderElection18 PRE_VOTE round 162: submit vote requests at term 2 for conf: {index: 1, cur=peers:[s3|localhost:15152, s4|localhost:15156, s0|localhost:15140, s1|localhost:15144, s2|localhost:15148]|listeners:[], old=null}
2024-10-07 19:12:42,564 [s0@group-F5D0649D4159-LeaderElection18] INFO  impl.LeaderElection (LogUtils.java:infoOrTrace(136)) - s0@group-F5D0649D4159-LeaderElection18 got exception when requesting votes: java.util.concurrent.ExecutionException: org.apache.ratis.thirdparty.io.netty.channel.AbstractChannel$AnnotatedConnectException: finishConnect(..) failed: Connection refused: localhost/127.0.0.1:15148
2024-10-07 19:12:42,564 [s0@group-F5D0649D4159-LeaderElection18] INFO  impl.LeaderElection (LogUtils.java:infoOrTrace(136)) - s0@group-F5D0649D4159-LeaderElection18 got exception when requesting votes: java.util.concurrent.ExecutionException: org.apache.ratis.thirdparty.io.netty.channel.AbstractChannel$AnnotatedConnectException: finishConnect(..) failed: Connection refused: localhost/127.0.0.1:15156
2024-10-07 19:12:42,564 [NettyRpcService-workerGroup--thread3] INFO  server.RaftServer$Division (RaftServerImpl.java:requestVote(1443)) - s1@group-F5D0649D4159: receive requestVote(PRE_VOTE, s0, group-F5D0649D4159, 2, (t:2, i:2))
2024-10-07 19:12:42,565 [NettyRpcService-workerGroup--thread3] INFO  impl.VoteContext (VoteContext.java:log(49)) - s1@group-F5D0649D4159-CANDIDATE: accept PRE_VOTE from s0: our priority 0 <= candidate's priority 0
2024-10-07 19:12:42,565 [NettyRpcService-workerGroup--thread3] INFO  server.RaftServer$Division (RaftServerImpl.java:requestVote(1476)) - s1@group-F5D0649D4159 replies to PRE_VOTE vote request: s0<-s1#0:OK-t2. Peer's state: s1@group-F5D0649D4159:t2, leader=null, voted=s4, raftlog=Memoized:s1@group-F5D0649D4159-SegmentedRaftLog:OPENED:c2:last(t:2, i:2), conf=conf: {index: 1, cur=peers:[s3|localhost:15152, s4|localhost:15156, s0|localhost:15140, s1|localhost:15144, s2|localhost:15148]|listeners:[], old=null}
2024-10-07 19:12:42,587 [s1@group-F5D0649D4159-LeaderElection17] INFO  impl.LeaderElection (LeaderElection.java:logAndReturn(90)) - s1@group-F5D0649D4159-LeaderElection17: PRE_VOTE TIMEOUT received 1 response(s) and 2 exception(s):
2024-10-07 19:12:42,587 [s1@group-F5D0649D4159-LeaderElection17] INFO  impl.LeaderElection (LeaderElection.java:logAndReturn(94)) -   Response 0: s1<-s0#0:OK-t2
2024-10-07 19:12:42,587 [s1@group-F5D0649D4159-LeaderElection17] INFO  impl.LeaderElection (LogUtils.java:infoOrTrace(136)) -   Exception 1: java.util.concurrent.ExecutionException: org.apache.ratis.thirdparty.io.netty.channel.AbstractChannel$AnnotatedConnectException: finishConnect(..) failed: Connection refused: localhost/127.0.0.1:15156
2024-10-07 19:12:42,588 [s1@group-F5D0649D4159-LeaderElection17] INFO  impl.LeaderElection (LogUtils.java:infoOrTrace(136)) -   Exception 2: java.util.concurrent.ExecutionException: org.apache.ratis.thirdparty.io.netty.channel.AbstractChannel$AnnotatedConnectException: finishConnect(..) failed: Connection refused: localhost/127.0.0.1:15148
2024-10-07 19:12:42,588 [s1@group-F5D0649D4159-LeaderElection17] INFO  impl.LeaderElection (LeaderElection.java:askForVotes(339)) - s1@group-F5D0649D4159-LeaderElection17 PRE_VOTE round 178: result TIMEOUT
2024-10-07 19:12:42,588 [s1@group-F5D0649D4159-LeaderElection17] INFO  impl.LeaderElection (LeaderElection.java:askForVotes(337)) - s1@group-F5D0649D4159-LeaderElection17 PRE_VOTE round 179: submit vote requests at term 2 for conf: {index: 1, cur=peers:[s3|localhost:15152, s4|localhost:15156, s0|localhost:15140, s1|localhost:15144, s2|localhost:15148]|listeners:[], old=null}
2024-10-07 19:12:42,589 [NettyRpcService-workerGroup--thread3] INFO  server.RaftServer$Division (RaftServerImpl.java:requestVote(1443)) - s0@group-F5D0649D4159: receive requestVote(PRE_VOTE, s1, group-F5D0649D4159, 2, (t:2, i:2))
2024-10-07 19:12:42,589 [s1@group-F5D0649D4159-LeaderElection17] INFO  impl.LeaderElection (LogUtils.java:infoOrTrace(136)) - s1@group-F5D0649D4159-LeaderElection17 got exception when requesting votes: java.util.concurrent.ExecutionException: org.apache.ratis.thirdparty.io.netty.channel.AbstractChannel$AnnotatedConnectException: finishConnect(..) failed: Connection refused: localhost/127.0.0.1:15156
2024-10-07 19:12:42,589 [NettyRpcService-workerGroup--thread3] INFO  impl.VoteContext (VoteContext.java:log(49)) - s0@group-F5D0649D4159-CANDIDATE: accept PRE_VOTE from s1: our priority 0 <= candidate's priority 0
2024-10-07 19:12:42,589 [s1@group-F5D0649D4159-LeaderElection17] INFO  impl.LeaderElection (LogUtils.java:infoOrTrace(136)) - s1@group-F5D0649D4159-LeaderElection17 got exception when requesting votes: java.util.concurrent.ExecutionException: org.apache.ratis.thirdparty.io.netty.channel.AbstractChannel$AnnotatedConnectException: finishConnect(..) failed: Connection refused: localhost/127.0.0.1:15148
2024-10-07 19:12:42,589 [NettyRpcService-workerGroup--thread3] INFO  server.RaftServer$Division (RaftServerImpl.java:requestVote(1476)) - s0@group-F5D0649D4159 replies to PRE_VOTE vote request: s1<-s0#0:OK-t2. Peer's state: s0@group-F5D0649D4159:t2, leader=null, voted=s4, raftlog=Memoized:s0@group-F5D0649D4159-SegmentedRaftLog:OPENED:c2:last(t:2, i:2), conf=conf: {index: 1, cur=peers:[s3|localhost:15152, s4|localhost:15156, s0|localhost:15140, s1|localhost:15144, s2|localhost:15148]|listeners:[], old=null}
2024-10-07 19:12:42,764 [s1@group-F5D0649D4159-LeaderElection17] INFO  impl.LeaderElection (LeaderElection.java:logAndReturn(90)) - s1@group-F5D0649D4159-LeaderElection17: PRE_VOTE TIMEOUT received 1 response(s) and 2 exception(s):
2024-10-07 19:12:42,764 [s1@group-F5D0649D4159-LeaderElection17] INFO  impl.LeaderElection (LeaderElection.java:logAndReturn(94)) -   Response 0: s1<-s0#0:OK-t2
2024-10-07 19:12:42,765 [s1@group-F5D0649D4159-LeaderElection17] INFO  impl.LeaderElection (LogUtils.java:infoOrTrace(136)) -   Exception 1: java.util.concurrent.ExecutionException: org.apache.ratis.thirdparty.io.netty.channel.AbstractChannel$AnnotatedConnectException: finishConnect(..) failed: Connection refused: localhost/127.0.0.1:15156
2024-10-07 19:12:42,765 [s1@group-F5D0649D4159-LeaderElection17] INFO  impl.LeaderElection (LogUtils.java:infoOrTrace(136)) -   Exception 2: java.util.concurrent.ExecutionException: org.apache.ratis.thirdparty.io.netty.channel.AbstractChannel$AnnotatedConnectException: finishConnect(..) failed: Connection refused: localhost/127.0.0.1:15148
2024-10-07 19:12:42,765 [s1@group-F5D0649D4159-LeaderElection17] INFO  impl.LeaderElection (LeaderElection.java:askForVotes(339)) - s1@group-F5D0649D4159-LeaderElection17 PRE_VOTE round 179: result TIMEOUT
2024-10-07 19:12:42,765 [s1@group-F5D0649D4159-LeaderElection17] INFO  impl.LeaderElection (LeaderElection.java:askForVotes(337)) - s1@group-F5D0649D4159-LeaderElection17 PRE_VOTE round 180: submit vote requests at term 2 for conf: {index: 1, cur=peers:[s3|localhost:15152, s4|localhost:15156, s0|localhost:15140, s1|localhost:15144, s2|localhost:15148]|listeners:[], old=null}
2024-10-07 19:12:42,766 [NettyRpcService-workerGroup--thread3] INFO  server.RaftServer$Division (RaftServerImpl.java:requestVote(1443)) - s0@group-F5D0649D4159: receive requestVote(PRE_VOTE, s1, group-F5D0649D4159, 2, (t:2, i:2))
2024-10-07 19:12:42,766 [NettyRpcService-workerGroup--thread3] INFO  impl.VoteContext (VoteContext.java:log(49)) - s0@group-F5D0649D4159-CANDIDATE: accept PRE_VOTE from s1: our priority 0 <= candidate's priority 0
2024-10-07 19:12:42,766 [NettyRpcService-workerGroup--thread3] INFO  server.RaftServer$Division (RaftServerImpl.java:requestVote(1476)) - s0@group-F5D0649D4159 replies to PRE_VOTE vote request: s1<-s0#0:OK-t2. Peer's state: s0@group-F5D0649D4159:t2, leader=null, voted=s4, raftlog=Memoized:s0@group-F5D0649D4159-SegmentedRaftLog:OPENED:c2:last(t:2, i:2), conf=conf: {index: 1, cur=peers:[s3|localhost:15152, s4|localhost:15156, s0|localhost:15140, s1|localhost:15144, s2|localhost:15148]|listeners:[], old=null}
2024-10-07 19:12:42,766 [s1@group-F5D0649D4159-LeaderElection17] INFO  impl.LeaderElection (LogUtils.java:infoOrTrace(136)) - s1@group-F5D0649D4159-LeaderElection17 got exception when requesting votes: java.util.concurrent.ExecutionException: org.apache.ratis.thirdparty.io.netty.channel.AbstractChannel$AnnotatedConnectException: finishConnect(..) failed: Connection refused: localhost/127.0.0.1:15156
2024-10-07 19:12:42,766 [s1@group-F5D0649D4159-LeaderElection17] INFO  impl.LeaderElection (LogUtils.java:infoOrTrace(136)) - s1@group-F5D0649D4159-LeaderElection17 got exception when requesting votes: java.util.concurrent.ExecutionException: org.apache.ratis.thirdparty.io.netty.channel.AbstractChannel$AnnotatedConnectException: finishConnect(..) failed: Connection refused: localhost/127.0.0.1:15148
2024-10-07 19:12:42,816 [s0@group-F5D0649D4159-LeaderElection18] INFO  impl.LeaderElection (LeaderElection.java:logAndReturn(90)) - s0@group-F5D0649D4159-LeaderElection18: PRE_VOTE TIMEOUT received 1 response(s) and 2 exception(s):
2024-10-07 19:12:42,816 [s0@group-F5D0649D4159-LeaderElection18] INFO  impl.LeaderElection (LeaderElection.java:logAndReturn(94)) -   Response 0: s0<-s1#0:OK-t2
2024-10-07 19:12:42,816 [s0@group-F5D0649D4159-LeaderElection18] INFO  impl.LeaderElection (LogUtils.java:infoOrTrace(136)) -   Exception 1: java.util.concurrent.ExecutionException: org.apache.ratis.thirdparty.io.netty.channel.AbstractChannel$AnnotatedConnectException: finishConnect(..) failed: Connection refused: localhost/127.0.0.1:15148
2024-10-07 19:12:42,816 [s0@group-F5D0649D4159-LeaderElection18] INFO  impl.LeaderElection (LogUtils.java:infoOrTrace(136)) -   Exception 2: java.util.concurrent.ExecutionException: org.apache.ratis.thirdparty.io.netty.channel.AbstractChannel$AnnotatedConnectException: finishConnect(..) failed: Connection refused: localhost/127.0.0.1:15156
2024-10-07 19:12:42,816 [s0@group-F5D0649D4159-LeaderElection18] INFO  impl.LeaderElection (LeaderElection.java:askForVotes(339)) - s0@group-F5D0649D4159-LeaderElection18 PRE_VOTE round 162: result TIMEOUT
2024-10-07 19:12:42,816 [s0@group-F5D0649D4159-LeaderElection18] INFO  impl.LeaderElection (LeaderElection.java:askForVotes(337)) - s0@group-F5D0649D4159-LeaderElection18 PRE_VOTE round 163: submit vote requests at term 2 for conf: {index: 1, cur=peers:[s3|localhost:15152, s4|localhost:15156, s0|localhost:15140, s1|localhost:15144, s2|localhost:15148]|listeners:[], old=null}
2024-10-07 19:12:42,817 [NettyRpcService-workerGroup--thread3] INFO  server.RaftServer$Division (RaftServerImpl.java:requestVote(1443)) - s1@group-F5D0649D4159: receive requestVote(PRE_VOTE, s0, group-F5D0649D4159, 2, (t:2, i:2))
2024-10-07 19:12:42,817 [s0@group-F5D0649D4159-LeaderElection18] INFO  impl.LeaderElection (LogUtils.java:infoOrTrace(136)) - s0@group-F5D0649D4159-LeaderElection18 got exception when requesting votes: java.util.concurrent.ExecutionException: org.apache.ratis.thirdparty.io.netty.channel.AbstractChannel$AnnotatedConnectException: finishConnect(..) failed: Connection refused: localhost/127.0.0.1:15156
2024-10-07 19:12:42,817 [NettyRpcService-workerGroup--thread3] INFO  impl.VoteContext (VoteContext.java:log(49)) - s1@group-F5D0649D4159-CANDIDATE: accept PRE_VOTE from s0: our priority 0 <= candidate's priority 0
2024-10-07 19:12:42,817 [s0@group-F5D0649D4159-LeaderElection18] INFO  impl.LeaderElection (LogUtils.java:infoOrTrace(136)) - s0@group-F5D0649D4159-LeaderElection18 got exception when requesting votes: java.util.concurrent.ExecutionException: org.apache.ratis.thirdparty.io.netty.channel.AbstractChannel$AnnotatedConnectException: finishConnect(..) failed: Connection refused: localhost/127.0.0.1:15148
2024-10-07 19:12:42,818 [NettyRpcService-workerGroup--thread3] INFO  server.RaftServer$Division (RaftServerImpl.java:requestVote(1476)) - s1@group-F5D0649D4159 replies to PRE_VOTE vote request: s0<-s1#0:OK-t2. Peer's state: s1@group-F5D0649D4159:t2, leader=null, voted=s4, raftlog=Memoized:s1@group-F5D0649D4159-SegmentedRaftLog:OPENED:c2:last(t:2, i:2), conf=conf: {index: 1, cur=peers:[s3|localhost:15152, s4|localhost:15156, s0|localhost:15140, s1|localhost:15144, s2|localhost:15148]|listeners:[], old=null}
2024-10-07 19:12:42,882 [main] WARN  ratis.RaftTestUtil (RaftTestUtil.java:lambda$waitForLeader$3(126)) - Attempt #92 failed: java.lang.IllegalStateException: No leader yet : printing ALL groups
  s3:  RUNNING  FOLLOWER s3@group-F5D0649D4159:t1, leader=null, voted=null, raftlog=Memoized:s3@group-F5D0649D4159-SegmentedRaftLog:OPENED:c-1:lastnull, conf=conf: {index: -1, cur=peers:[s3|localhost:15152, s4|localhost:15156, s0|localhost:15140, s1|localhost:15144, s2|localhost:15148]|listeners:[], old=null} RUNNING
  s4:   CLOSED    LEADER s4@group-F5D0649D4159:t2, leader=s4, voted=s4, raftlog=Memoized:s4@group-F5D0649D4159-SegmentedRaftLog:CLOSED:c2, conf=conf: {index: 1, cur=peers:[s3|localhost:15152, s4|localhost:15156, s0|localhost:15140, s1|localhost:15144, s2|localhost:15148]|listeners:[], old=null} CLOSED
  s0:  RUNNING CANDIDATE s0@group-F5D0649D4159:t2, leader=null, voted=s4, raftlog=Memoized:s0@group-F5D0649D4159-SegmentedRaftLog:OPENED:c2:last(t:2, i:2), conf=conf: {index: 1, cur=peers:[s3|localhost:15152, s4|localhost:15156, s0|localhost:15140, s1|localhost:15144, s2|localhost:15148]|listeners:[], old=null} RUNNING
  s1:  RUNNING CANDIDATE s1@group-F5D0649D4159:t2, leader=null, voted=s4, raftlog=Memoized:s1@group-F5D0649D4159-SegmentedRaftLog:OPENED:c2:last(t:2, i:2), conf=conf: {index: 1, cur=peers:[s3|localhost:15152, s4|localhost:15156, s0|localhost:15140, s1|localhost:15144, s2|localhost:15148]|listeners:[], old=null} RUNNING
  s2:   CLOSED    LEADER s2@group-F5D0649D4159:t1, leader=s2, voted=s2, raftlog=Memoized:s2@group-F5D0649D4159-SegmentedRaftLog:CLOSED:c0, conf=conf: {index: 0, cur=peers:[s3|localhost:15152, s4|localhost:15156, s0|localhost:15140, s1|localhost:15144, s2|localhost:15148]|listeners:[], old=null} CLOSED
2024-10-07 19:12:43,058 [s1@group-F5D0649D4159-LeaderElection17] INFO  impl.LeaderElection (LeaderElection.java:logAndReturn(90)) - s1@group-F5D0649D4159-LeaderElection17: PRE_VOTE TIMEOUT received 1 response(s) and 2 exception(s):
2024-10-07 19:12:43,058 [s1@group-F5D0649D4159-LeaderElection17] INFO  impl.LeaderElection (LeaderElection.java:logAndReturn(94)) -   Response 0: s1<-s0#0:OK-t2
2024-10-07 19:12:43,058 [s1@group-F5D0649D4159-LeaderElection17] INFO  impl.LeaderElection (LogUtils.java:infoOrTrace(136)) -   Exception 1: java.util.concurrent.ExecutionException: org.apache.ratis.thirdparty.io.netty.channel.AbstractChannel$AnnotatedConnectException: finishConnect(..) failed: Connection refused: localhost/127.0.0.1:15156
2024-10-07 19:12:43,058 [s1@group-F5D0649D4159-LeaderElection17] INFO  impl.LeaderElection (LogUtils.java:infoOrTrace(136)) -   Exception 2: java.util.concurrent.ExecutionException: org.apache.ratis.thirdparty.io.netty.channel.AbstractChannel$AnnotatedConnectException: finishConnect(..) failed: Connection refused: localhost/127.0.0.1:15148
2024-10-07 19:12:43,058 [s1@group-F5D0649D4159-LeaderElection17] INFO  impl.LeaderElection (LeaderElection.java:askForVotes(339)) - s1@group-F5D0649D4159-LeaderElection17 PRE_VOTE round 180: result TIMEOUT
2024-10-07 19:12:43,058 [s1@group-F5D0649D4159-LeaderElection17] INFO  impl.LeaderElection (LeaderElection.java:askForVotes(337)) - s1@group-F5D0649D4159-LeaderElection17 PRE_VOTE round 181: submit vote requests at term 2 for conf: {index: 1, cur=peers:[s3|localhost:15152, s4|localhost:15156, s0|localhost:15140, s1|localhost:15144, s2|localhost:15148]|listeners:[], old=null}
2024-10-07 19:12:43,059 [NettyRpcService-workerGroup--thread3] INFO  server.RaftServer$Division (RaftServerImpl.java:requestVote(1443)) - s0@group-F5D0649D4159: receive requestVote(PRE_VOTE, s1, group-F5D0649D4159, 2, (t:2, i:2))
2024-10-07 19:12:43,059 [s1@group-F5D0649D4159-LeaderElection17] INFO  impl.LeaderElection (LogUtils.java:infoOrTrace(136)) - s1@group-F5D0649D4159-LeaderElection17 got exception when requesting votes: java.util.concurrent.ExecutionException: org.apache.ratis.thirdparty.io.netty.channel.AbstractChannel$AnnotatedConnectException: finishConnect(..) failed: Connection refused: localhost/127.0.0.1:15148
2024-10-07 19:12:43,059 [NettyRpcService-workerGroup--thread3] INFO  impl.VoteContext (VoteContext.java:log(49)) - s0@group-F5D0649D4159-CANDIDATE: accept PRE_VOTE from s1: our priority 0 <= candidate's priority 0
2024-10-07 19:12:43,059 [s1@group-F5D0649D4159-LeaderElection17] INFO  impl.LeaderElection (LogUtils.java:infoOrTrace(136)) - s1@group-F5D0649D4159-LeaderElection17 got exception when requesting votes: java.util.concurrent.ExecutionException: org.apache.ratis.thirdparty.io.netty.channel.AbstractChannel$AnnotatedConnectException: finishConnect(..) failed: Connection refused: localhost/127.0.0.1:15156
2024-10-07 19:12:43,059 [NettyRpcService-workerGroup--thread3] INFO  server.RaftServer$Division (RaftServerImpl.java:requestVote(1476)) - s0@group-F5D0649D4159 replies to PRE_VOTE vote request: s1<-s0#0:OK-t2. Peer's state: s0@group-F5D0649D4159:t2, leader=null, voted=s4, raftlog=Memoized:s0@group-F5D0649D4159-SegmentedRaftLog:OPENED:c2:last(t:2, i:2), conf=conf: {index: 1, cur=peers:[s3|localhost:15152, s4|localhost:15156, s0|localhost:15140, s1|localhost:15144, s2|localhost:15148]|listeners:[], old=null}
2024-10-07 19:12:43,075 [s0@group-F5D0649D4159-LeaderElection18] INFO  impl.LeaderElection (LeaderElection.java:logAndReturn(90)) - s0@group-F5D0649D4159-LeaderElection18: PRE_VOTE TIMEOUT received 1 response(s) and 2 exception(s):
2024-10-07 19:12:43,075 [s0@group-F5D0649D4159-LeaderElection18] INFO  impl.LeaderElection (LeaderElection.java:logAndReturn(94)) -   Response 0: s0<-s1#0:OK-t2
2024-10-07 19:12:43,075 [s0@group-F5D0649D4159-LeaderElection18] INFO  impl.LeaderElection (LogUtils.java:infoOrTrace(136)) -   Exception 1: java.util.concurrent.ExecutionException: org.apache.ratis.thirdparty.io.netty.channel.AbstractChannel$AnnotatedConnectException: finishConnect(..) failed: Connection refused: localhost/127.0.0.1:15156
2024-10-07 19:12:43,075 [s0@group-F5D0649D4159-LeaderElection18] INFO  impl.LeaderElection (LogUtils.java:infoOrTrace(136)) -   Exception 2: java.util.concurrent.ExecutionException: org.apache.ratis.thirdparty.io.netty.channel.AbstractChannel$AnnotatedConnectException: finishConnect(..) failed: Connection refused: localhost/127.0.0.1:15148
2024-10-07 19:12:43,075 [s0@group-F5D0649D4159-LeaderElection18] INFO  impl.LeaderElection (LeaderElection.java:askForVotes(339)) - s0@group-F5D0649D4159-LeaderElection18 PRE_VOTE round 163: result TIMEOUT
2024-10-07 19:12:43,075 [s0@group-F5D0649D4159-LeaderElection18] INFO  impl.LeaderElection (LeaderElection.java:askForVotes(337)) - s0@group-F5D0649D4159-LeaderElection18 PRE_VOTE round 164: submit vote requests at term 2 for conf: {index: 1, cur=peers:[s3|localhost:15152, s4|localhost:15156, s0|localhost:15140, s1|localhost:15144, s2|localhost:15148]|listeners:[], old=null}
2024-10-07 19:12:43,076 [NettyRpcService-workerGroup--thread3] INFO  server.RaftServer$Division (RaftServerImpl.java:requestVote(1443)) - s1@group-F5D0649D4159: receive requestVote(PRE_VOTE, s0, group-F5D0649D4159, 2, (t:2, i:2))
2024-10-07 19:12:43,076 [s0@group-F5D0649D4159-LeaderElection18] INFO  impl.LeaderElection (LogUtils.java:infoOrTrace(136)) - s0@group-F5D0649D4159-LeaderElection18 got exception when requesting votes: java.util.concurrent.ExecutionException: org.apache.ratis.thirdparty.io.netty.channel.AbstractChannel$AnnotatedConnectException: finishConnect(..) failed: Connection refused: localhost/127.0.0.1:15156
2024-10-07 19:12:43,076 [NettyRpcService-workerGroup--thread3] INFO  impl.VoteContext (VoteContext.java:log(49)) - s1@group-F5D0649D4159-CANDIDATE: accept PRE_VOTE from s0: our priority 0 <= candidate's priority 0
2024-10-07 19:12:43,076 [s0@group-F5D0649D4159-LeaderElection18] INFO  impl.LeaderElection (LogUtils.java:infoOrTrace(136)) - s0@group-F5D0649D4159-LeaderElection18 got exception when requesting votes: java.util.concurrent.ExecutionException: org.apache.ratis.thirdparty.io.netty.channel.AbstractChannel$AnnotatedConnectException: finishConnect(..) failed: Connection refused: localhost/127.0.0.1:15148
2024-10-07 19:12:43,076 [NettyRpcService-workerGroup--thread3] INFO  server.RaftServer$Division (RaftServerImpl.java:requestVote(1476)) - s1@group-F5D0649D4159 replies to PRE_VOTE vote request: s0<-s1#0:OK-t2. Peer's state: s1@group-F5D0649D4159:t2, leader=null, voted=s4, raftlog=Memoized:s1@group-F5D0649D4159-SegmentedRaftLog:OPENED:c2:last(t:2, i:2), conf=conf: {index: 1, cur=peers:[s3|localhost:15152, s4|localhost:15156, s0|localhost:15140, s1|localhost:15144, s2|localhost:15148]|listeners:[], old=null}
2024-10-07 19:12:43,240 [s1@group-F5D0649D4159-LeaderElection17] INFO  impl.LeaderElection (LeaderElection.java:logAndReturn(90)) - s1@group-F5D0649D4159-LeaderElection17: PRE_VOTE TIMEOUT received 1 response(s) and 2 exception(s):
2024-10-07 19:12:43,240 [s1@group-F5D0649D4159-LeaderElection17] INFO  impl.LeaderElection (LeaderElection.java:logAndReturn(94)) -   Response 0: s1<-s0#0:OK-t2
2024-10-07 19:12:43,240 [s1@group-F5D0649D4159-LeaderElection17] INFO  impl.LeaderElection (LogUtils.java:infoOrTrace(136)) -   Exception 1: java.util.concurrent.ExecutionException: org.apache.ratis.thirdparty.io.netty.channel.AbstractChannel$AnnotatedConnectException: finishConnect(..) failed: Connection refused: localhost/127.0.0.1:15148
2024-10-07 19:12:43,240 [s1@group-F5D0649D4159-LeaderElection17] INFO  impl.LeaderElection (LogUtils.java:infoOrTrace(136)) -   Exception 2: java.util.concurrent.ExecutionException: org.apache.ratis.thirdparty.io.netty.channel.AbstractChannel$AnnotatedConnectException: finishConnect(..) failed: Connection refused: localhost/127.0.0.1:15156
2024-10-07 19:12:43,240 [s1@group-F5D0649D4159-LeaderElection17] INFO  impl.LeaderElection (LeaderElection.java:askForVotes(339)) - s1@group-F5D0649D4159-LeaderElection17 PRE_VOTE round 181: result TIMEOUT
2024-10-07 19:12:43,240 [s1@group-F5D0649D4159-LeaderElection17] INFO  impl.LeaderElection (LeaderElection.java:askForVotes(337)) - s1@group-F5D0649D4159-LeaderElection17 PRE_VOTE round 182: submit vote requests at term 2 for conf: {index: 1, cur=peers:[s3|localhost:15152, s4|localhost:15156, s0|localhost:15140, s1|localhost:15144, s2|localhost:15148]|listeners:[], old=null}
2024-10-07 19:12:43,241 [NettyRpcService-workerGroup--thread3] INFO  server.RaftServer$Division (RaftServerImpl.java:requestVote(1443)) - s0@group-F5D0649D4159: receive requestVote(PRE_VOTE, s1, group-F5D0649D4159, 2, (t:2, i:2))
2024-10-07 19:12:43,241 [NettyRpcService-workerGroup--thread3] INFO  impl.VoteContext (VoteContext.java:log(49)) - s0@group-F5D0649D4159-CANDIDATE: accept PRE_VOTE from s1: our priority 0 <= candidate's priority 0
2024-10-07 19:12:43,241 [NettyRpcService-workerGroup--thread3] INFO  server.RaftServer$Division (RaftServerImpl.java:requestVote(1476)) - s0@group-F5D0649D4159 replies to PRE_VOTE vote request: s1<-s0#0:OK-t2. Peer's state: s0@group-F5D0649D4159:t2, leader=null, voted=s4, raftlog=Memoized:s0@group-F5D0649D4159-SegmentedRaftLog:OPENED:c2:last(t:2, i:2), conf=conf: {index: 1, cur=peers:[s3|localhost:15152, s4|localhost:15156, s0|localhost:15140, s1|localhost:15144, s2|localhost:15148]|listeners:[], old=null}
2024-10-07 19:12:43,241 [s1@group-F5D0649D4159-LeaderElection17] INFO  impl.LeaderElection (LogUtils.java:infoOrTrace(136)) - s1@group-F5D0649D4159-LeaderElection17 got exception when requesting votes: java.util.concurrent.ExecutionException: org.apache.ratis.thirdparty.io.netty.channel.AbstractChannel$AnnotatedConnectException: finishConnect(..) failed: Connection refused: localhost/127.0.0.1:15156
2024-10-07 19:12:43,241 [s1@group-F5D0649D4159-LeaderElection17] INFO  impl.LeaderElection (LogUtils.java:infoOrTrace(136)) - s1@group-F5D0649D4159-LeaderElection17 got exception when requesting votes: java.util.concurrent.ExecutionException: org.apache.ratis.thirdparty.io.netty.channel.AbstractChannel$AnnotatedConnectException: finishConnect(..) failed: Connection refused: localhost/127.0.0.1:15148
2024-10-07 19:12:43,309 [s0@group-F5D0649D4159-LeaderElection18] INFO  impl.LeaderElection (LeaderElection.java:logAndReturn(90)) - s0@group-F5D0649D4159-LeaderElection18: PRE_VOTE TIMEOUT received 1 response(s) and 2 exception(s):
2024-10-07 19:12:43,309 [s0@group-F5D0649D4159-LeaderElection18] INFO  impl.LeaderElection (LeaderElection.java:logAndReturn(94)) -   Response 0: s0<-s1#0:OK-t2
2024-10-07 19:12:43,309 [s0@group-F5D0649D4159-LeaderElection18] INFO  impl.LeaderElection (LogUtils.java:infoOrTrace(136)) -   Exception 1: java.util.concurrent.ExecutionException: org.apache.ratis.thirdparty.io.netty.channel.AbstractChannel$AnnotatedConnectException: finishConnect(..) failed: Connection refused: localhost/127.0.0.1:15156
2024-10-07 19:12:43,309 [s0@group-F5D0649D4159-LeaderElection18] INFO  impl.LeaderElection (LogUtils.java:infoOrTrace(136)) -   Exception 2: java.util.concurrent.ExecutionException: org.apache.ratis.thirdparty.io.netty.channel.AbstractChannel$AnnotatedConnectException: finishConnect(..) failed: Connection refused: localhost/127.0.0.1:15148
2024-10-07 19:12:43,309 [s0@group-F5D0649D4159-LeaderElection18] INFO  impl.LeaderElection (LeaderElection.java:askForVotes(339)) - s0@group-F5D0649D4159-LeaderElection18 PRE_VOTE round 164: result TIMEOUT
2024-10-07 19:12:43,309 [s0@group-F5D0649D4159-LeaderElection18] INFO  impl.LeaderElection (LeaderElection.java:askForVotes(337)) - s0@group-F5D0649D4159-LeaderElection18 PRE_VOTE round 165: submit vote requests at term 2 for conf: {index: 1, cur=peers:[s3|localhost:15152, s4|localhost:15156, s0|localhost:15140, s1|localhost:15144, s2|localhost:15148]|listeners:[], old=null}
2024-10-07 19:12:43,310 [NettyRpcService-workerGroup--thread3] INFO  server.RaftServer$Division (RaftServerImpl.java:requestVote(1443)) - s1@group-F5D0649D4159: receive requestVote(PRE_VOTE, s0, group-F5D0649D4159, 2, (t:2, i:2))
2024-10-07 19:12:43,310 [NettyRpcService-workerGroup--thread3] INFO  impl.VoteContext (VoteContext.java:log(49)) - s1@group-F5D0649D4159-CANDIDATE: accept PRE_VOTE from s0: our priority 0 <= candidate's priority 0
2024-10-07 19:12:43,310 [NettyRpcService-workerGroup--thread3] INFO  server.RaftServer$Division (RaftServerImpl.java:requestVote(1476)) - s1@group-F5D0649D4159 replies to PRE_VOTE vote request: s0<-s1#0:OK-t2. Peer's state: s1@group-F5D0649D4159:t2, leader=null, voted=s4, raftlog=Memoized:s1@group-F5D0649D4159-SegmentedRaftLog:OPENED:c2:last(t:2, i:2), conf=conf: {index: 1, cur=peers:[s3|localhost:15152, s4|localhost:15156, s0|localhost:15140, s1|localhost:15144, s2|localhost:15148]|listeners:[], old=null}
2024-10-07 19:12:43,310 [s0@group-F5D0649D4159-LeaderElection18] INFO  impl.LeaderElection (LogUtils.java:infoOrTrace(136)) - s0@group-F5D0649D4159-LeaderElection18 got exception when requesting votes: java.util.concurrent.ExecutionException: org.apache.ratis.thirdparty.io.netty.channel.AbstractChannel$AnnotatedConnectException: finishConnect(..) failed: Connection refused: localhost/127.0.0.1:15156
2024-10-07 19:12:43,310 [s0@group-F5D0649D4159-LeaderElection18] INFO  impl.LeaderElection (LogUtils.java:infoOrTrace(136)) - s0@group-F5D0649D4159-LeaderElection18 got exception when requesting votes: java.util.concurrent.ExecutionException: org.apache.ratis.thirdparty.io.netty.channel.AbstractChannel$AnnotatedConnectException: finishConnect(..) failed: Connection refused: localhost/127.0.0.1:15148
2024-10-07 19:12:43,333 [main] WARN  ratis.RaftTestUtil (RaftTestUtil.java:lambda$waitForLeader$3(126)) - Attempt #93 failed: java.lang.IllegalStateException: No leader yet : printing ALL groups
  s3:  RUNNING  FOLLOWER s3@group-F5D0649D4159:t1, leader=null, voted=null, raftlog=Memoized:s3@group-F5D0649D4159-SegmentedRaftLog:OPENED:c-1:lastnull, conf=conf: {index: -1, cur=peers:[s3|localhost:15152, s4|localhost:15156, s0|localhost:15140, s1|localhost:15144, s2|localhost:15148]|listeners:[], old=null} RUNNING
  s4:   CLOSED    LEADER s4@group-F5D0649D4159:t2, leader=s4, voted=s4, raftlog=Memoized:s4@group-F5D0649D4159-SegmentedRaftLog:CLOSED:c2, conf=conf: {index: 1, cur=peers:[s3|localhost:15152, s4|localhost:15156, s0|localhost:15140, s1|localhost:15144, s2|localhost:15148]|listeners:[], old=null} CLOSED
  s0:  RUNNING CANDIDATE s0@group-F5D0649D4159:t2, leader=null, voted=s4, raftlog=Memoized:s0@group-F5D0649D4159-SegmentedRaftLog:OPENED:c2:last(t:2, i:2), conf=conf: {index: 1, cur=peers:[s3|localhost:15152, s4|localhost:15156, s0|localhost:15140, s1|localhost:15144, s2|localhost:15148]|listeners:[], old=null} RUNNING
  s1:  RUNNING CANDIDATE s1@group-F5D0649D4159:t2, leader=null, voted=s4, raftlog=Memoized:s1@group-F5D0649D4159-SegmentedRaftLog:OPENED:c2:last(t:2, i:2), conf=conf: {index: 1, cur=peers:[s3|localhost:15152, s4|localhost:15156, s0|localhost:15140, s1|localhost:15144, s2|localhost:15148]|listeners:[], old=null} RUNNING
  s2:   CLOSED    LEADER s2@group-F5D0649D4159:t1, leader=s2, voted=s2, raftlog=Memoized:s2@group-F5D0649D4159-SegmentedRaftLog:CLOSED:c0, conf=conf: {index: 0, cur=peers:[s3|localhost:15152, s4|localhost:15156, s0|localhost:15140, s1|localhost:15144, s2|localhost:15148]|listeners:[], old=null} CLOSED
2024-10-07 19:12:43,399 [s1@group-F5D0649D4159-LeaderElection17] INFO  impl.LeaderElection (LeaderElection.java:logAndReturn(90)) - s1@group-F5D0649D4159-LeaderElection17: PRE_VOTE TIMEOUT received 1 response(s) and 2 exception(s):
2024-10-07 19:12:43,399 [s1@group-F5D0649D4159-LeaderElection17] INFO  impl.LeaderElection (LeaderElection.java:logAndReturn(94)) -   Response 0: s1<-s0#0:OK-t2
2024-10-07 19:12:43,399 [s1@group-F5D0649D4159-LeaderElection17] INFO  impl.LeaderElection (LogUtils.java:infoOrTrace(136)) -   Exception 1: java.util.concurrent.ExecutionException: org.apache.ratis.thirdparty.io.netty.channel.AbstractChannel$AnnotatedConnectException: finishConnect(..) failed: Connection refused: localhost/127.0.0.1:15156
2024-10-07 19:12:43,399 [s1@group-F5D0649D4159-LeaderElection17] INFO  impl.LeaderElection (LogUtils.java:infoOrTrace(136)) -   Exception 2: java.util.concurrent.ExecutionException: org.apache.ratis.thirdparty.io.netty.channel.AbstractChannel$AnnotatedConnectException: finishConnect(..) failed: Connection refused: localhost/127.0.0.1:15148
2024-10-07 19:12:43,399 [s1@group-F5D0649D4159-LeaderElection17] INFO  impl.LeaderElection (LeaderElection.java:askForVotes(339)) - s1@group-F5D0649D4159-LeaderElection17 PRE_VOTE round 182: result TIMEOUT
2024-10-07 19:12:43,399 [s1@group-F5D0649D4159-LeaderElection17] INFO  impl.LeaderElection (LeaderElection.java:askForVotes(337)) - s1@group-F5D0649D4159-LeaderElection17 PRE_VOTE round 183: submit vote requests at term 2 for conf: {index: 1, cur=peers:[s3|localhost:15152, s4|localhost:15156, s0|localhost:15140, s1|localhost:15144, s2|localhost:15148]|listeners:[], old=null}
2024-10-07 19:12:43,400 [s1@group-F5D0649D4159-LeaderElection17] INFO  impl.LeaderElection (LogUtils.java:infoOrTrace(136)) - s1@group-F5D0649D4159-LeaderElection17 got exception when requesting votes: java.util.concurrent.ExecutionException: org.apache.ratis.thirdparty.io.netty.channel.AbstractChannel$AnnotatedConnectException: finishConnect(..) failed: Connection refused: localhost/127.0.0.1:15156
2024-10-07 19:12:43,400 [NettyRpcService-workerGroup--thread3] INFO  server.RaftServer$Division (RaftServerImpl.java:requestVote(1443)) - s0@group-F5D0649D4159: receive requestVote(PRE_VOTE, s1, group-F5D0649D4159, 2, (t:2, i:2))
2024-10-07 19:12:43,400 [NettyRpcService-workerGroup--thread3] INFO  impl.VoteContext (VoteContext.java:log(49)) - s0@group-F5D0649D4159-CANDIDATE: accept PRE_VOTE from s1: our priority 0 <= candidate's priority 0
2024-10-07 19:12:43,400 [NettyRpcService-workerGroup--thread3] INFO  server.RaftServer$Division (RaftServerImpl.java:requestVote(1476)) - s0@group-F5D0649D4159 replies to PRE_VOTE vote request: s1<-s0#0:OK-t2. Peer's state: s0@group-F5D0649D4159:t2, leader=null, voted=s4, raftlog=Memoized:s0@group-F5D0649D4159-SegmentedRaftLog:OPENED:c2:last(t:2, i:2), conf=conf: {index: 1, cur=peers:[s3|localhost:15152, s4|localhost:15156, s0|localhost:15140, s1|localhost:15144, s2|localhost:15148]|listeners:[], old=null}
2024-10-07 19:12:43,401 [s1@group-F5D0649D4159-LeaderElection17] INFO  impl.LeaderElection (LogUtils.java:infoOrTrace(136)) - s1@group-F5D0649D4159-LeaderElection17 got exception when requesting votes: java.util.concurrent.ExecutionException: org.apache.ratis.thirdparty.io.netty.channel.AbstractChannel$AnnotatedConnectException: finishConnect(..) failed: Connection refused: localhost/127.0.0.1:15148
2024-10-07 19:12:43,589 [s0@group-F5D0649D4159-LeaderElection18] INFO  impl.LeaderElection (LeaderElection.java:logAndReturn(90)) - s0@group-F5D0649D4159-LeaderElection18: PRE_VOTE TIMEOUT received 1 response(s) and 2 exception(s):
2024-10-07 19:12:43,589 [s0@group-F5D0649D4159-LeaderElection18] INFO  impl.LeaderElection (LeaderElection.java:logAndReturn(94)) -   Response 0: s0<-s1#0:OK-t2
2024-10-07 19:12:43,589 [s0@group-F5D0649D4159-LeaderElection18] INFO  impl.LeaderElection (LogUtils.java:infoOrTrace(136)) -   Exception 1: java.util.concurrent.ExecutionException: org.apache.ratis.thirdparty.io.netty.channel.AbstractChannel$AnnotatedConnectException: finishConnect(..) failed: Connection refused: localhost/127.0.0.1:15156
2024-10-07 19:12:43,589 [s0@group-F5D0649D4159-LeaderElection18] INFO  impl.LeaderElection (LogUtils.java:infoOrTrace(136)) -   Exception 2: java.util.concurrent.ExecutionException: org.apache.ratis.thirdparty.io.netty.channel.AbstractChannel$AnnotatedConnectException: finishConnect(..) failed: Connection refused: localhost/127.0.0.1:15148
2024-10-07 19:12:43,589 [s0@group-F5D0649D4159-LeaderElection18] INFO  impl.LeaderElection (LeaderElection.java:askForVotes(339)) - s0@group-F5D0649D4159-LeaderElection18 PRE_VOTE round 165: result TIMEOUT
2024-10-07 19:12:43,589 [s0@group-F5D0649D4159-LeaderElection18] INFO  impl.LeaderElection (LeaderElection.java:askForVotes(337)) - s0@group-F5D0649D4159-LeaderElection18 PRE_VOTE round 166: submit vote requests at term 2 for conf: {index: 1, cur=peers:[s3|localhost:15152, s4|localhost:15156, s0|localhost:15140, s1|localhost:15144, s2|localhost:15148]|listeners:[], old=null}
2024-10-07 19:12:43,590 [NettyRpcService-workerGroup--thread3] INFO  server.RaftServer$Division (RaftServerImpl.java:requestVote(1443)) - s1@group-F5D0649D4159: receive requestVote(PRE_VOTE, s0, group-F5D0649D4159, 2, (t:2, i:2))
2024-10-07 19:12:43,590 [NettyRpcService-workerGroup--thread3] INFO  impl.VoteContext (VoteContext.java:log(49)) - s1@group-F5D0649D4159-CANDIDATE: accept PRE_VOTE from s0: our priority 0 <= candidate's priority 0
2024-10-07 19:12:43,590 [s0@group-F5D0649D4159-LeaderElection18] INFO  impl.LeaderElection (LogUtils.java:infoOrTrace(136)) - s0@group-F5D0649D4159-LeaderElection18 got exception when requesting votes: java.util.concurrent.ExecutionException: org.apache.ratis.thirdparty.io.netty.channel.AbstractChannel$AnnotatedConnectException: finishConnect(..) failed: Connection refused: localhost/127.0.0.1:15148
2024-10-07 19:12:43,590 [NettyRpcService-workerGroup--thread3] INFO  server.RaftServer$Division (RaftServerImpl.java:requestVote(1476)) - s1@group-F5D0649D4159 replies to PRE_VOTE vote request: s0<-s1#0:OK-t2. Peer's state: s1@group-F5D0649D4159:t2, leader=null, voted=s4, raftlog=Memoized:s1@group-F5D0649D4159-SegmentedRaftLog:OPENED:c2:last(t:2, i:2), conf=conf: {index: 1, cur=peers:[s3|localhost:15152, s4|localhost:15156, s0|localhost:15140, s1|localhost:15144, s2|localhost:15148]|listeners:[], old=null}
2024-10-07 19:12:43,590 [s0@group-F5D0649D4159-LeaderElection18] INFO  impl.LeaderElection (LogUtils.java:infoOrTrace(136)) - s0@group-F5D0649D4159-LeaderElection18 got exception when requesting votes: java.util.concurrent.ExecutionException: org.apache.ratis.thirdparty.io.netty.channel.AbstractChannel$AnnotatedConnectException: finishConnect(..) failed: Connection refused: localhost/127.0.0.1:15156
2024-10-07 19:12:43,594 [s1@group-F5D0649D4159-LeaderElection17] INFO  impl.LeaderElection (LeaderElection.java:logAndReturn(90)) - s1@group-F5D0649D4159-LeaderElection17: PRE_VOTE TIMEOUT received 1 response(s) and 2 exception(s):
2024-10-07 19:12:43,594 [s1@group-F5D0649D4159-LeaderElection17] INFO  impl.LeaderElection (LeaderElection.java:logAndReturn(94)) -   Response 0: s1<-s0#0:OK-t2
2024-10-07 19:12:43,594 [s1@group-F5D0649D4159-LeaderElection17] INFO  impl.LeaderElection (LogUtils.java:infoOrTrace(136)) -   Exception 1: java.util.concurrent.ExecutionException: org.apache.ratis.thirdparty.io.netty.channel.AbstractChannel$AnnotatedConnectException: finishConnect(..) failed: Connection refused: localhost/127.0.0.1:15156
2024-10-07 19:12:43,594 [s1@group-F5D0649D4159-LeaderElection17] INFO  impl.LeaderElection (LogUtils.java:infoOrTrace(136)) -   Exception 2: java.util.concurrent.ExecutionException: org.apache.ratis.thirdparty.io.netty.channel.AbstractChannel$AnnotatedConnectException: finishConnect(..) failed: Connection refused: localhost/127.0.0.1:15148
2024-10-07 19:12:43,594 [s1@group-F5D0649D4159-LeaderElection17] INFO  impl.LeaderElection (LeaderElection.java:askForVotes(339)) - s1@group-F5D0649D4159-LeaderElection17 PRE_VOTE round 183: result TIMEOUT
2024-10-07 19:12:43,594 [s1@group-F5D0649D4159-LeaderElection17] INFO  impl.LeaderElection (LeaderElection.java:askForVotes(337)) - s1@group-F5D0649D4159-LeaderElection17 PRE_VOTE round 184: submit vote requests at term 2 for conf: {index: 1, cur=peers:[s3|localhost:15152, s4|localhost:15156, s0|localhost:15140, s1|localhost:15144, s2|localhost:15148]|listeners:[], old=null}
2024-10-07 19:12:43,595 [NettyRpcService-workerGroup--thread3] INFO  server.RaftServer$Division (RaftServerImpl.java:requestVote(1443)) - s0@group-F5D0649D4159: receive requestVote(PRE_VOTE, s1, group-F5D0649D4159, 2, (t:2, i:2))
2024-10-07 19:12:43,595 [NettyRpcService-workerGroup--thread3] INFO  impl.VoteContext (VoteContext.java:log(49)) - s0@group-F5D0649D4159-CANDIDATE: accept PRE_VOTE from s1: our priority 0 <= candidate's priority 0
2024-10-07 19:12:43,595 [NettyRpcService-workerGroup--thread3] INFO  server.RaftServer$Division (RaftServerImpl.java:requestVote(1476)) - s0@group-F5D0649D4159 replies to PRE_VOTE vote request: s1<-s0#0:OK-t2. Peer's state: s0@group-F5D0649D4159:t2, leader=null, voted=s4, raftlog=Memoized:s0@group-F5D0649D4159-SegmentedRaftLog:OPENED:c2:last(t:2, i:2), conf=conf: {index: 1, cur=peers:[s3|localhost:15152, s4|localhost:15156, s0|localhost:15140, s1|localhost:15144, s2|localhost:15148]|listeners:[], old=null}
2024-10-07 19:12:43,595 [s1@group-F5D0649D4159-LeaderElection17] INFO  impl.LeaderElection (LogUtils.java:infoOrTrace(136)) - s1@group-F5D0649D4159-LeaderElection17 got exception when requesting votes: java.util.concurrent.ExecutionException: org.apache.ratis.thirdparty.io.netty.channel.AbstractChannel$AnnotatedConnectException: finishConnect(..) failed: Connection refused: localhost/127.0.0.1:15156
2024-10-07 19:12:43,595 [s1@group-F5D0649D4159-LeaderElection17] INFO  impl.LeaderElection (LogUtils.java:infoOrTrace(136)) - s1@group-F5D0649D4159-LeaderElection17 got exception when requesting votes: java.util.concurrent.ExecutionException: org.apache.ratis.thirdparty.io.netty.channel.AbstractChannel$AnnotatedConnectException: finishConnect(..) failed: Connection refused: localhost/127.0.0.1:15148
2024-10-07 19:12:43,778 [s0@group-F5D0649D4159-LeaderElection18] INFO  impl.LeaderElection (LeaderElection.java:logAndReturn(90)) - s0@group-F5D0649D4159-LeaderElection18: PRE_VOTE TIMEOUT received 1 response(s) and 2 exception(s):
2024-10-07 19:12:43,778 [s0@group-F5D0649D4159-LeaderElection18] INFO  impl.LeaderElection (LeaderElection.java:logAndReturn(94)) -   Response 0: s0<-s1#0:OK-t2
2024-10-07 19:12:43,778 [s0@group-F5D0649D4159-LeaderElection18] INFO  impl.LeaderElection (LogUtils.java:infoOrTrace(136)) -   Exception 1: java.util.concurrent.ExecutionException: org.apache.ratis.thirdparty.io.netty.channel.AbstractChannel$AnnotatedConnectException: finishConnect(..) failed: Connection refused: localhost/127.0.0.1:15148
2024-10-07 19:12:43,778 [s0@group-F5D0649D4159-LeaderElection18] INFO  impl.LeaderElection (LogUtils.java:infoOrTrace(136)) -   Exception 2: java.util.concurrent.ExecutionException: org.apache.ratis.thirdparty.io.netty.channel.AbstractChannel$AnnotatedConnectException: finishConnect(..) failed: Connection refused: localhost/127.0.0.1:15156
2024-10-07 19:12:43,778 [s0@group-F5D0649D4159-LeaderElection18] INFO  impl.LeaderElection (LeaderElection.java:askForVotes(339)) - s0@group-F5D0649D4159-LeaderElection18 PRE_VOTE round 166: result TIMEOUT
2024-10-07 19:12:43,778 [s0@group-F5D0649D4159-LeaderElection18] INFO  impl.LeaderElection (LeaderElection.java:askForVotes(337)) - s0@group-F5D0649D4159-LeaderElection18 PRE_VOTE round 167: submit vote requests at term 2 for conf: {index: 1, cur=peers:[s3|localhost:15152, s4|localhost:15156, s0|localhost:15140, s1|localhost:15144, s2|localhost:15148]|listeners:[], old=null}
2024-10-07 19:12:43,779 [NettyRpcService-workerGroup--thread3] INFO  server.RaftServer$Division (RaftServerImpl.java:requestVote(1443)) - s1@group-F5D0649D4159: receive requestVote(PRE_VOTE, s0, group-F5D0649D4159, 2, (t:2, i:2))
2024-10-07 19:12:43,779 [NettyRpcService-workerGroup--thread3] INFO  impl.VoteContext (VoteContext.java:log(49)) - s1@group-F5D0649D4159-CANDIDATE: accept PRE_VOTE from s0: our priority 0 <= candidate's priority 0
2024-10-07 19:12:43,779 [NettyRpcService-workerGroup--thread3] INFO  server.RaftServer$Division (RaftServerImpl.java:requestVote(1476)) - s1@group-F5D0649D4159 replies to PRE_VOTE vote request: s0<-s1#0:OK-t2. Peer's state: s1@group-F5D0649D4159:t2, leader=null, voted=s4, raftlog=Memoized:s1@group-F5D0649D4159-SegmentedRaftLog:OPENED:c2:last(t:2, i:2), conf=conf: {index: 1, cur=peers:[s3|localhost:15152, s4|localhost:15156, s0|localhost:15140, s1|localhost:15144, s2|localhost:15148]|listeners:[], old=null}
2024-10-07 19:12:43,779 [s0@group-F5D0649D4159-LeaderElection18] INFO  impl.LeaderElection (LogUtils.java:infoOrTrace(136)) - s0@group-F5D0649D4159-LeaderElection18 got exception when requesting votes: java.util.concurrent.ExecutionException: org.apache.ratis.thirdparty.io.netty.channel.AbstractChannel$AnnotatedConnectException: finishConnect(..) failed: Connection refused: localhost/127.0.0.1:15148
2024-10-07 19:12:43,780 [s0@group-F5D0649D4159-LeaderElection18] INFO  impl.LeaderElection (LogUtils.java:infoOrTrace(136)) - s0@group-F5D0649D4159-LeaderElection18 got exception when requesting votes: java.util.concurrent.ExecutionException: org.apache.ratis.thirdparty.io.netty.channel.AbstractChannel$AnnotatedConnectException: finishConnect(..) failed: Connection refused: localhost/127.0.0.1:15156
2024-10-07 19:12:43,783 [main] WARN  ratis.RaftTestUtil (RaftTestUtil.java:lambda$waitForLeader$3(126)) - Attempt #94 failed: java.lang.IllegalStateException: No leader yet : printing ALL groups
  s3:  RUNNING  FOLLOWER s3@group-F5D0649D4159:t1, leader=null, voted=null, raftlog=Memoized:s3@group-F5D0649D4159-SegmentedRaftLog:OPENED:c-1:lastnull, conf=conf: {index: -1, cur=peers:[s3|localhost:15152, s4|localhost:15156, s0|localhost:15140, s1|localhost:15144, s2|localhost:15148]|listeners:[], old=null} RUNNING
  s4:   CLOSED    LEADER s4@group-F5D0649D4159:t2, leader=s4, voted=s4, raftlog=Memoized:s4@group-F5D0649D4159-SegmentedRaftLog:CLOSED:c2, conf=conf: {index: 1, cur=peers:[s3|localhost:15152, s4|localhost:15156, s0|localhost:15140, s1|localhost:15144, s2|localhost:15148]|listeners:[], old=null} CLOSED
  s0:  RUNNING CANDIDATE s0@group-F5D0649D4159:t2, leader=null, voted=s4, raftlog=Memoized:s0@group-F5D0649D4159-SegmentedRaftLog:OPENED:c2:last(t:2, i:2), conf=conf: {index: 1, cur=peers:[s3|localhost:15152, s4|localhost:15156, s0|localhost:15140, s1|localhost:15144, s2|localhost:15148]|listeners:[], old=null} RUNNING
  s1:  RUNNING CANDIDATE s1@group-F5D0649D4159:t2, leader=null, voted=s4, raftlog=Memoized:s1@group-F5D0649D4159-SegmentedRaftLog:OPENED:c2:last(t:2, i:2), conf=conf: {index: 1, cur=peers:[s3|localhost:15152, s4|localhost:15156, s0|localhost:15140, s1|localhost:15144, s2|localhost:15148]|listeners:[], old=null} RUNNING
  s2:   CLOSED    LEADER s2@group-F5D0649D4159:t1, leader=s2, voted=s2, raftlog=Memoized:s2@group-F5D0649D4159-SegmentedRaftLog:CLOSED:c0, conf=conf: {index: 0, cur=peers:[s3|localhost:15152, s4|localhost:15156, s0|localhost:15140, s1|localhost:15144, s2|localhost:15148]|listeners:[], old=null} CLOSED
2024-10-07 19:12:43,804 [s1@group-F5D0649D4159-LeaderElection17] INFO  impl.LeaderElection (LeaderElection.java:logAndReturn(90)) - s1@group-F5D0649D4159-LeaderElection17: PRE_VOTE TIMEOUT received 1 response(s) and 2 exception(s):
2024-10-07 19:12:43,804 [s1@group-F5D0649D4159-LeaderElection17] INFO  impl.LeaderElection (LeaderElection.java:logAndReturn(94)) -   Response 0: s1<-s0#0:OK-t2
2024-10-07 19:12:43,804 [s1@group-F5D0649D4159-LeaderElection17] INFO  impl.LeaderElection (LogUtils.java:infoOrTrace(136)) -   Exception 1: java.util.concurrent.ExecutionException: org.apache.ratis.thirdparty.io.netty.channel.AbstractChannel$AnnotatedConnectException: finishConnect(..) failed: Connection refused: localhost/127.0.0.1:15156
2024-10-07 19:12:43,804 [s1@group-F5D0649D4159-LeaderElection17] INFO  impl.LeaderElection (LogUtils.java:infoOrTrace(136)) -   Exception 2: java.util.concurrent.ExecutionException: org.apache.ratis.thirdparty.io.netty.channel.AbstractChannel$AnnotatedConnectException: finishConnect(..) failed: Connection refused: localhost/127.0.0.1:15148
2024-10-07 19:12:43,804 [s1@group-F5D0649D4159-LeaderElection17] INFO  impl.LeaderElection (LeaderElection.java:askForVotes(339)) - s1@group-F5D0649D4159-LeaderElection17 PRE_VOTE round 184: result TIMEOUT
2024-10-07 19:12:43,804 [s1@group-F5D0649D4159-LeaderElection17] INFO  impl.LeaderElection (LeaderElection.java:askForVotes(337)) - s1@group-F5D0649D4159-LeaderElection17 PRE_VOTE round 185: submit vote requests at term 2 for conf: {index: 1, cur=peers:[s3|localhost:15152, s4|localhost:15156, s0|localhost:15140, s1|localhost:15144, s2|localhost:15148]|listeners:[], old=null}
2024-10-07 19:12:43,805 [NettyRpcService-workerGroup--thread3] INFO  server.RaftServer$Division (RaftServerImpl.java:requestVote(1443)) - s0@group-F5D0649D4159: receive requestVote(PRE_VOTE, s1, group-F5D0649D4159, 2, (t:2, i:2))
2024-10-07 19:12:43,805 [NettyRpcService-workerGroup--thread3] INFO  impl.VoteContext (VoteContext.java:log(49)) - s0@group-F5D0649D4159-CANDIDATE: accept PRE_VOTE from s1: our priority 0 <= candidate's priority 0
2024-10-07 19:12:43,805 [s1@group-F5D0649D4159-LeaderElection17] INFO  impl.LeaderElection (LogUtils.java:infoOrTrace(136)) - s1@group-F5D0649D4159-LeaderElection17 got exception when requesting votes: java.util.concurrent.ExecutionException: org.apache.ratis.thirdparty.io.netty.channel.AbstractChannel$AnnotatedConnectException: finishConnect(..) failed: Connection refused: localhost/127.0.0.1:15148
2024-10-07 19:12:43,805 [NettyRpcService-workerGroup--thread3] INFO  server.RaftServer$Division (RaftServerImpl.java:requestVote(1476)) - s0@group-F5D0649D4159 replies to PRE_VOTE vote request: s1<-s0#0:OK-t2. Peer's state: s0@group-F5D0649D4159:t2, leader=null, voted=s4, raftlog=Memoized:s0@group-F5D0649D4159-SegmentedRaftLog:OPENED:c2:last(t:2, i:2), conf=conf: {index: 1, cur=peers:[s3|localhost:15152, s4|localhost:15156, s0|localhost:15140, s1|localhost:15144, s2|localhost:15148]|listeners:[], old=null}
2024-10-07 19:12:43,805 [s1@group-F5D0649D4159-LeaderElection17] INFO  impl.LeaderElection (LogUtils.java:infoOrTrace(136)) - s1@group-F5D0649D4159-LeaderElection17 got exception when requesting votes: java.util.concurrent.ExecutionException: org.apache.ratis.thirdparty.io.netty.channel.AbstractChannel$AnnotatedConnectException: finishConnect(..) failed: Connection refused: localhost/127.0.0.1:15156
2024-10-07 19:12:44,010 [s0@group-F5D0649D4159-LeaderElection18] INFO  impl.LeaderElection (LeaderElection.java:logAndReturn(90)) - s0@group-F5D0649D4159-LeaderElection18: PRE_VOTE TIMEOUT received 1 response(s) and 2 exception(s):
2024-10-07 19:12:44,010 [s0@group-F5D0649D4159-LeaderElection18] INFO  impl.LeaderElection (LeaderElection.java:logAndReturn(94)) -   Response 0: s0<-s1#0:OK-t2
2024-10-07 19:12:44,010 [s0@group-F5D0649D4159-LeaderElection18] INFO  impl.LeaderElection (LogUtils.java:infoOrTrace(136)) -   Exception 1: java.util.concurrent.ExecutionException: org.apache.ratis.thirdparty.io.netty.channel.AbstractChannel$AnnotatedConnectException: finishConnect(..) failed: Connection refused: localhost/127.0.0.1:15148
2024-10-07 19:12:44,010 [s0@group-F5D0649D4159-LeaderElection18] INFO  impl.LeaderElection (LogUtils.java:infoOrTrace(136)) -   Exception 2: java.util.concurrent.ExecutionException: org.apache.ratis.thirdparty.io.netty.channel.AbstractChannel$AnnotatedConnectException: finishConnect(..) failed: Connection refused: localhost/127.0.0.1:15156
2024-10-07 19:12:44,010 [s0@group-F5D0649D4159-LeaderElection18] INFO  impl.LeaderElection (LeaderElection.java:askForVotes(339)) - s0@group-F5D0649D4159-LeaderElection18 PRE_VOTE round 167: result TIMEOUT
2024-10-07 19:12:44,010 [s0@group-F5D0649D4159-LeaderElection18] INFO  impl.LeaderElection (LeaderElection.java:askForVotes(337)) - s0@group-F5D0649D4159-LeaderElection18 PRE_VOTE round 168: submit vote requests at term 2 for conf: {index: 1, cur=peers:[s3|localhost:15152, s4|localhost:15156, s0|localhost:15140, s1|localhost:15144, s2|localhost:15148]|listeners:[], old=null}
2024-10-07 19:12:44,011 [NettyRpcService-workerGroup--thread3] INFO  server.RaftServer$Division (RaftServerImpl.java:requestVote(1443)) - s1@group-F5D0649D4159: receive requestVote(PRE_VOTE, s0, group-F5D0649D4159, 2, (t:2, i:2))
2024-10-07 19:12:44,011 [NettyRpcService-workerGroup--thread3] INFO  impl.VoteContext (VoteContext.java:log(49)) - s1@group-F5D0649D4159-CANDIDATE: accept PRE_VOTE from s0: our priority 0 <= candidate's priority 0
2024-10-07 19:12:44,011 [s0@group-F5D0649D4159-LeaderElection18] INFO  impl.LeaderElection (LogUtils.java:infoOrTrace(136)) - s0@group-F5D0649D4159-LeaderElection18 got exception when requesting votes: java.util.concurrent.ExecutionException: org.apache.ratis.thirdparty.io.netty.channel.AbstractChannel$AnnotatedConnectException: finishConnect(..) failed: Connection refused: localhost/127.0.0.1:15156
2024-10-07 19:12:44,011 [NettyRpcService-workerGroup--thread3] INFO  server.RaftServer$Division (RaftServerImpl.java:requestVote(1476)) - s1@group-F5D0649D4159 replies to PRE_VOTE vote request: s0<-s1#0:OK-t2. Peer's state: s1@group-F5D0649D4159:t2, leader=null, voted=s4, raftlog=Memoized:s1@group-F5D0649D4159-SegmentedRaftLog:OPENED:c2:last(t:2, i:2), conf=conf: {index: 1, cur=peers:[s3|localhost:15152, s4|localhost:15156, s0|localhost:15140, s1|localhost:15144, s2|localhost:15148]|listeners:[], old=null}
2024-10-07 19:12:44,011 [s0@group-F5D0649D4159-LeaderElection18] INFO  impl.LeaderElection (LogUtils.java:infoOrTrace(136)) - s0@group-F5D0649D4159-LeaderElection18 got exception when requesting votes: java.util.concurrent.ExecutionException: org.apache.ratis.thirdparty.io.netty.channel.AbstractChannel$AnnotatedConnectException: finishConnect(..) failed: Connection refused: localhost/127.0.0.1:15148
2024-10-07 19:12:44,034 [s1@group-F5D0649D4159-LeaderElection17] INFO  impl.LeaderElection (LeaderElection.java:logAndReturn(90)) - s1@group-F5D0649D4159-LeaderElection17: PRE_VOTE TIMEOUT received 1 response(s) and 2 exception(s):
2024-10-07 19:12:44,034 [s1@group-F5D0649D4159-LeaderElection17] INFO  impl.LeaderElection (LeaderElection.java:logAndReturn(94)) -   Response 0: s1<-s0#0:OK-t2
2024-10-07 19:12:44,034 [s1@group-F5D0649D4159-LeaderElection17] INFO  impl.LeaderElection (LogUtils.java:infoOrTrace(136)) -   Exception 1: java.util.concurrent.ExecutionException: org.apache.ratis.thirdparty.io.netty.channel.AbstractChannel$AnnotatedConnectException: finishConnect(..) failed: Connection refused: localhost/127.0.0.1:15148
2024-10-07 19:12:44,034 [s1@group-F5D0649D4159-LeaderElection17] INFO  impl.LeaderElection (LogUtils.java:infoOrTrace(136)) -   Exception 2: java.util.concurrent.ExecutionException: org.apache.ratis.thirdparty.io.netty.channel.AbstractChannel$AnnotatedConnectException: finishConnect(..) failed: Connection refused: localhost/127.0.0.1:15156
2024-10-07 19:12:44,034 [s1@group-F5D0649D4159-LeaderElection17] INFO  impl.LeaderElection (LeaderElection.java:askForVotes(339)) - s1@group-F5D0649D4159-LeaderElection17 PRE_VOTE round 185: result TIMEOUT
2024-10-07 19:12:44,034 [s1@group-F5D0649D4159-LeaderElection17] INFO  impl.LeaderElection (LeaderElection.java:askForVotes(337)) - s1@group-F5D0649D4159-LeaderElection17 PRE_VOTE round 186: submit vote requests at term 2 for conf: {index: 1, cur=peers:[s3|localhost:15152, s4|localhost:15156, s0|localhost:15140, s1|localhost:15144, s2|localhost:15148]|listeners:[], old=null}
2024-10-07 19:12:44,035 [NettyRpcService-workerGroup--thread3] INFO  server.RaftServer$Division (RaftServerImpl.java:requestVote(1443)) - s0@group-F5D0649D4159: receive requestVote(PRE_VOTE, s1, group-F5D0649D4159, 2, (t:2, i:2))
2024-10-07 19:12:44,035 [s1@group-F5D0649D4159-LeaderElection17] INFO  impl.LeaderElection (LogUtils.java:infoOrTrace(136)) - s1@group-F5D0649D4159-LeaderElection17 got exception when requesting votes: java.util.concurrent.ExecutionException: org.apache.ratis.thirdparty.io.netty.channel.AbstractChannel$AnnotatedConnectException: finishConnect(..) failed: Connection refused: localhost/127.0.0.1:15156
2024-10-07 19:12:44,035 [NettyRpcService-workerGroup--thread3] INFO  impl.VoteContext (VoteContext.java:log(49)) - s0@group-F5D0649D4159-CANDIDATE: accept PRE_VOTE from s1: our priority 0 <= candidate's priority 0
2024-10-07 19:12:44,035 [s1@group-F5D0649D4159-LeaderElection17] INFO  impl.LeaderElection (LogUtils.java:infoOrTrace(136)) - s1@group-F5D0649D4159-LeaderElection17 got exception when requesting votes: java.util.concurrent.ExecutionException: org.apache.ratis.thirdparty.io.netty.channel.AbstractChannel$AnnotatedConnectException: finishConnect(..) failed: Connection refused: localhost/127.0.0.1:15148
2024-10-07 19:12:44,035 [NettyRpcService-workerGroup--thread3] INFO  server.RaftServer$Division (RaftServerImpl.java:requestVote(1476)) - s0@group-F5D0649D4159 replies to PRE_VOTE vote request: s1<-s0#0:OK-t2. Peer's state: s0@group-F5D0649D4159:t2, leader=null, voted=s4, raftlog=Memoized:s0@group-F5D0649D4159-SegmentedRaftLog:OPENED:c2:last(t:2, i:2), conf=conf: {index: 1, cur=peers:[s3|localhost:15152, s4|localhost:15156, s0|localhost:15140, s1|localhost:15144, s2|localhost:15148]|listeners:[], old=null}
2024-10-07 19:12:44,217 [s1@group-F5D0649D4159-LeaderElection17] INFO  impl.LeaderElection (LeaderElection.java:logAndReturn(90)) - s1@group-F5D0649D4159-LeaderElection17: PRE_VOTE TIMEOUT received 1 response(s) and 2 exception(s):
2024-10-07 19:12:44,217 [s1@group-F5D0649D4159-LeaderElection17] INFO  impl.LeaderElection (LeaderElection.java:logAndReturn(94)) -   Response 0: s1<-s0#0:OK-t2
2024-10-07 19:12:44,217 [s1@group-F5D0649D4159-LeaderElection17] INFO  impl.LeaderElection (LogUtils.java:infoOrTrace(136)) -   Exception 1: java.util.concurrent.ExecutionException: org.apache.ratis.thirdparty.io.netty.channel.AbstractChannel$AnnotatedConnectException: finishConnect(..) failed: Connection refused: localhost/127.0.0.1:15156
2024-10-07 19:12:44,217 [s1@group-F5D0649D4159-LeaderElection17] INFO  impl.LeaderElection (LogUtils.java:infoOrTrace(136)) -   Exception 2: java.util.concurrent.ExecutionException: org.apache.ratis.thirdparty.io.netty.channel.AbstractChannel$AnnotatedConnectException: finishConnect(..) failed: Connection refused: localhost/127.0.0.1:15148
2024-10-07 19:12:44,217 [s1@group-F5D0649D4159-LeaderElection17] INFO  impl.LeaderElection (LeaderElection.java:askForVotes(339)) - s1@group-F5D0649D4159-LeaderElection17 PRE_VOTE round 186: result TIMEOUT
2024-10-07 19:12:44,217 [s1@group-F5D0649D4159-LeaderElection17] INFO  impl.LeaderElection (LeaderElection.java:askForVotes(337)) - s1@group-F5D0649D4159-LeaderElection17 PRE_VOTE round 187: submit vote requests at term 2 for conf: {index: 1, cur=peers:[s3|localhost:15152, s4|localhost:15156, s0|localhost:15140, s1|localhost:15144, s2|localhost:15148]|listeners:[], old=null}
2024-10-07 19:12:44,218 [NettyRpcService-workerGroup--thread3] INFO  server.RaftServer$Division (RaftServerImpl.java:requestVote(1443)) - s0@group-F5D0649D4159: receive requestVote(PRE_VOTE, s1, group-F5D0649D4159, 2, (t:2, i:2))
2024-10-07 19:12:44,218 [NettyRpcService-workerGroup--thread3] INFO  impl.VoteContext (VoteContext.java:log(49)) - s0@group-F5D0649D4159-CANDIDATE: accept PRE_VOTE from s1: our priority 0 <= candidate's priority 0
2024-10-07 19:12:44,218 [NettyRpcService-workerGroup--thread3] INFO  server.RaftServer$Division (RaftServerImpl.java:requestVote(1476)) - s0@group-F5D0649D4159 replies to PRE_VOTE vote request: s1<-s0#0:OK-t2. Peer's state: s0@group-F5D0649D4159:t2, leader=null, voted=s4, raftlog=Memoized:s0@group-F5D0649D4159-SegmentedRaftLog:OPENED:c2:last(t:2, i:2), conf=conf: {index: 1, cur=peers:[s3|localhost:15152, s4|localhost:15156, s0|localhost:15140, s1|localhost:15144, s2|localhost:15148]|listeners:[], old=null}
2024-10-07 19:12:44,218 [s1@group-F5D0649D4159-LeaderElection17] INFO  impl.LeaderElection (LogUtils.java:infoOrTrace(136)) - s1@group-F5D0649D4159-LeaderElection17 got exception when requesting votes: java.util.concurrent.ExecutionException: org.apache.ratis.thirdparty.io.netty.channel.AbstractChannel$AnnotatedConnectException: finishConnect(..) failed: Connection refused: localhost/127.0.0.1:15156
2024-10-07 19:12:44,218 [s1@group-F5D0649D4159-LeaderElection17] INFO  impl.LeaderElection (LogUtils.java:infoOrTrace(136)) - s1@group-F5D0649D4159-LeaderElection17 got exception when requesting votes: java.util.concurrent.ExecutionException: org.apache.ratis.thirdparty.io.netty.channel.AbstractChannel$AnnotatedConnectException: finishConnect(..) failed: Connection refused: localhost/127.0.0.1:15148
2024-10-07 19:12:44,233 [main] WARN  ratis.RaftTestUtil (RaftTestUtil.java:lambda$waitForLeader$3(126)) - Attempt #95 failed: java.lang.IllegalStateException: No leader yet : printing ALL groups
  s3:  RUNNING  FOLLOWER s3@group-F5D0649D4159:t1, leader=null, voted=null, raftlog=Memoized:s3@group-F5D0649D4159-SegmentedRaftLog:OPENED:c-1:lastnull, conf=conf: {index: -1, cur=peers:[s3|localhost:15152, s4|localhost:15156, s0|localhost:15140, s1|localhost:15144, s2|localhost:15148]|listeners:[], old=null} RUNNING
  s4:   CLOSED    LEADER s4@group-F5D0649D4159:t2, leader=s4, voted=s4, raftlog=Memoized:s4@group-F5D0649D4159-SegmentedRaftLog:CLOSED:c2, conf=conf: {index: 1, cur=peers:[s3|localhost:15152, s4|localhost:15156, s0|localhost:15140, s1|localhost:15144, s2|localhost:15148]|listeners:[], old=null} CLOSED
  s0:  RUNNING CANDIDATE s0@group-F5D0649D4159:t2, leader=null, voted=s4, raftlog=Memoized:s0@group-F5D0649D4159-SegmentedRaftLog:OPENED:c2:last(t:2, i:2), conf=conf: {index: 1, cur=peers:[s3|localhost:15152, s4|localhost:15156, s0|localhost:15140, s1|localhost:15144, s2|localhost:15148]|listeners:[], old=null} RUNNING
  s1:  RUNNING CANDIDATE s1@group-F5D0649D4159:t2, leader=null, voted=s4, raftlog=Memoized:s1@group-F5D0649D4159-SegmentedRaftLog:OPENED:c2:last(t:2, i:2), conf=conf: {index: 1, cur=peers:[s3|localhost:15152, s4|localhost:15156, s0|localhost:15140, s1|localhost:15144, s2|localhost:15148]|listeners:[], old=null} RUNNING
  s2:   CLOSED    LEADER s2@group-F5D0649D4159:t1, leader=s2, voted=s2, raftlog=Memoized:s2@group-F5D0649D4159-SegmentedRaftLog:CLOSED:c0, conf=conf: {index: 0, cur=peers:[s3|localhost:15152, s4|localhost:15156, s0|localhost:15140, s1|localhost:15144, s2|localhost:15148]|listeners:[], old=null} CLOSED
2024-10-07 19:12:44,290 [s0@group-F5D0649D4159-LeaderElection18] INFO  impl.LeaderElection (LeaderElection.java:logAndReturn(90)) - s0@group-F5D0649D4159-LeaderElection18: PRE_VOTE TIMEOUT received 1 response(s) and 2 exception(s):
2024-10-07 19:12:44,290 [s0@group-F5D0649D4159-LeaderElection18] INFO  impl.LeaderElection (LeaderElection.java:logAndReturn(94)) -   Response 0: s0<-s1#0:OK-t2
2024-10-07 19:12:44,290 [s0@group-F5D0649D4159-LeaderElection18] INFO  impl.LeaderElection (LogUtils.java:infoOrTrace(136)) -   Exception 1: java.util.concurrent.ExecutionException: org.apache.ratis.thirdparty.io.netty.channel.AbstractChannel$AnnotatedConnectException: finishConnect(..) failed: Connection refused: localhost/127.0.0.1:15156
2024-10-07 19:12:44,290 [s0@group-F5D0649D4159-LeaderElection18] INFO  impl.LeaderElection (LogUtils.java:infoOrTrace(136)) -   Exception 2: java.util.concurrent.ExecutionException: org.apache.ratis.thirdparty.io.netty.channel.AbstractChannel$AnnotatedConnectException: finishConnect(..) failed: Connection refused: localhost/127.0.0.1:15148
2024-10-07 19:12:44,290 [s0@group-F5D0649D4159-LeaderElection18] INFO  impl.LeaderElection (LeaderElection.java:askForVotes(339)) - s0@group-F5D0649D4159-LeaderElection18 PRE_VOTE round 168: result TIMEOUT
2024-10-07 19:12:44,290 [s0@group-F5D0649D4159-LeaderElection18] INFO  impl.LeaderElection (LeaderElection.java:askForVotes(337)) - s0@group-F5D0649D4159-LeaderElection18 PRE_VOTE round 169: submit vote requests at term 2 for conf: {index: 1, cur=peers:[s3|localhost:15152, s4|localhost:15156, s0|localhost:15140, s1|localhost:15144, s2|localhost:15148]|listeners:[], old=null}
2024-10-07 19:12:44,291 [NettyRpcService-workerGroup--thread3] INFO  server.RaftServer$Division (RaftServerImpl.java:requestVote(1443)) - s1@group-F5D0649D4159: receive requestVote(PRE_VOTE, s0, group-F5D0649D4159, 2, (t:2, i:2))
2024-10-07 19:12:44,291 [NettyRpcService-workerGroup--thread3] INFO  impl.VoteContext (VoteContext.java:log(49)) - s1@group-F5D0649D4159-CANDIDATE: accept PRE_VOTE from s0: our priority 0 <= candidate's priority 0
2024-10-07 19:12:44,291 [NettyRpcService-workerGroup--thread3] INFO  server.RaftServer$Division (RaftServerImpl.java:requestVote(1476)) - s1@group-F5D0649D4159 replies to PRE_VOTE vote request: s0<-s1#0:OK-t2. Peer's state: s1@group-F5D0649D4159:t2, leader=null, voted=s4, raftlog=Memoized:s1@group-F5D0649D4159-SegmentedRaftLog:OPENED:c2:last(t:2, i:2), conf=conf: {index: 1, cur=peers:[s3|localhost:15152, s4|localhost:15156, s0|localhost:15140, s1|localhost:15144, s2|localhost:15148]|listeners:[], old=null}
2024-10-07 19:12:44,291 [s0@group-F5D0649D4159-LeaderElection18] INFO  impl.LeaderElection (LogUtils.java:infoOrTrace(136)) - s0@group-F5D0649D4159-LeaderElection18 got exception when requesting votes: java.util.concurrent.ExecutionException: org.apache.ratis.thirdparty.io.netty.channel.AbstractChannel$AnnotatedConnectException: finishConnect(..) failed: Connection refused: localhost/127.0.0.1:15156
2024-10-07 19:12:44,292 [s0@group-F5D0649D4159-LeaderElection18] INFO  impl.LeaderElection (LogUtils.java:infoOrTrace(136)) - s0@group-F5D0649D4159-LeaderElection18 got exception when requesting votes: java.util.concurrent.ExecutionException: org.apache.ratis.thirdparty.io.netty.channel.AbstractChannel$AnnotatedConnectException: finishConnect(..) failed: Connection refused: localhost/127.0.0.1:15148
2024-10-07 19:12:44,514 [s1@group-F5D0649D4159-LeaderElection17] INFO  impl.LeaderElection (LeaderElection.java:logAndReturn(90)) - s1@group-F5D0649D4159-LeaderElection17: PRE_VOTE TIMEOUT received 1 response(s) and 2 exception(s):
2024-10-07 19:12:44,515 [s1@group-F5D0649D4159-LeaderElection17] INFO  impl.LeaderElection (LeaderElection.java:logAndReturn(94)) -   Response 0: s1<-s0#0:OK-t2
2024-10-07 19:12:44,515 [s1@group-F5D0649D4159-LeaderElection17] INFO  impl.LeaderElection (LogUtils.java:infoOrTrace(136)) -   Exception 1: java.util.concurrent.ExecutionException: org.apache.ratis.thirdparty.io.netty.channel.AbstractChannel$AnnotatedConnectException: finishConnect(..) failed: Connection refused: localhost/127.0.0.1:15156
2024-10-07 19:12:44,515 [s1@group-F5D0649D4159-LeaderElection17] INFO  impl.LeaderElection (LogUtils.java:infoOrTrace(136)) -   Exception 2: java.util.concurrent.ExecutionException: org.apache.ratis.thirdparty.io.netty.channel.AbstractChannel$AnnotatedConnectException: finishConnect(..) failed: Connection refused: localhost/127.0.0.1:15148
2024-10-07 19:12:44,515 [s1@group-F5D0649D4159-LeaderElection17] INFO  impl.LeaderElection (LeaderElection.java:askForVotes(339)) - s1@group-F5D0649D4159-LeaderElection17 PRE_VOTE round 187: result TIMEOUT
2024-10-07 19:12:44,515 [s1@group-F5D0649D4159-LeaderElection17] INFO  impl.LeaderElection (LeaderElection.java:askForVotes(337)) - s1@group-F5D0649D4159-LeaderElection17 PRE_VOTE round 188: submit vote requests at term 2 for conf: {index: 1, cur=peers:[s3|localhost:15152, s4|localhost:15156, s0|localhost:15140, s1|localhost:15144, s2|localhost:15148]|listeners:[], old=null}
2024-10-07 19:12:44,516 [NettyRpcService-workerGroup--thread3] INFO  server.RaftServer$Division (RaftServerImpl.java:requestVote(1443)) - s0@group-F5D0649D4159: receive requestVote(PRE_VOTE, s1, group-F5D0649D4159, 2, (t:2, i:2))
2024-10-07 19:12:44,516 [s1@group-F5D0649D4159-LeaderElection17] INFO  impl.LeaderElection (LogUtils.java:infoOrTrace(136)) - s1@group-F5D0649D4159-LeaderElection17 got exception when requesting votes: java.util.concurrent.ExecutionException: org.apache.ratis.thirdparty.io.netty.channel.AbstractChannel$AnnotatedConnectException: finishConnect(..) failed: Connection refused: localhost/127.0.0.1:15148
2024-10-07 19:12:44,516 [NettyRpcService-workerGroup--thread3] INFO  impl.VoteContext (VoteContext.java:log(49)) - s0@group-F5D0649D4159-CANDIDATE: accept PRE_VOTE from s1: our priority 0 <= candidate's priority 0
2024-10-07 19:12:44,516 [s1@group-F5D0649D4159-LeaderElection17] INFO  impl.LeaderElection (LogUtils.java:infoOrTrace(136)) - s1@group-F5D0649D4159-LeaderElection17 got exception when requesting votes: java.util.concurrent.ExecutionException: org.apache.ratis.thirdparty.io.netty.channel.AbstractChannel$AnnotatedConnectException: finishConnect(..) failed: Connection refused: localhost/127.0.0.1:15156
2024-10-07 19:12:44,516 [NettyRpcService-workerGroup--thread3] INFO  server.RaftServer$Division (RaftServerImpl.java:requestVote(1476)) - s0@group-F5D0649D4159 replies to PRE_VOTE vote request: s1<-s0#0:OK-t2. Peer's state: s0@group-F5D0649D4159:t2, leader=null, voted=s4, raftlog=Memoized:s0@group-F5D0649D4159-SegmentedRaftLog:OPENED:c2:last(t:2, i:2), conf=conf: {index: 1, cur=peers:[s3|localhost:15152, s4|localhost:15156, s0|localhost:15140, s1|localhost:15144, s2|localhost:15148]|listeners:[], old=null}
2024-10-07 19:12:44,565 [s0@group-F5D0649D4159-LeaderElection18] INFO  impl.LeaderElection (LeaderElection.java:logAndReturn(90)) - s0@group-F5D0649D4159-LeaderElection18: PRE_VOTE TIMEOUT received 1 response(s) and 2 exception(s):
2024-10-07 19:12:44,565 [s0@group-F5D0649D4159-LeaderElection18] INFO  impl.LeaderElection (LeaderElection.java:logAndReturn(94)) -   Response 0: s0<-s1#0:OK-t2
2024-10-07 19:12:44,565 [s0@group-F5D0649D4159-LeaderElection18] INFO  impl.LeaderElection (LogUtils.java:infoOrTrace(136)) -   Exception 1: java.util.concurrent.ExecutionException: org.apache.ratis.thirdparty.io.netty.channel.AbstractChannel$AnnotatedConnectException: finishConnect(..) failed: Connection refused: localhost/127.0.0.1:15156
2024-10-07 19:12:44,565 [s0@group-F5D0649D4159-LeaderElection18] INFO  impl.LeaderElection (LogUtils.java:infoOrTrace(136)) -   Exception 2: java.util.concurrent.ExecutionException: org.apache.ratis.thirdparty.io.netty.channel.AbstractChannel$AnnotatedConnectException: finishConnect(..) failed: Connection refused: localhost/127.0.0.1:15148
2024-10-07 19:12:44,565 [s0@group-F5D0649D4159-LeaderElection18] INFO  impl.LeaderElection (LeaderElection.java:askForVotes(339)) - s0@group-F5D0649D4159-LeaderElection18 PRE_VOTE round 169: result TIMEOUT
2024-10-07 19:12:44,565 [s0@group-F5D0649D4159-LeaderElection18] INFO  impl.LeaderElection (LeaderElection.java:askForVotes(337)) - s0@group-F5D0649D4159-LeaderElection18 PRE_VOTE round 170: submit vote requests at term 2 for conf: {index: 1, cur=peers:[s3|localhost:15152, s4|localhost:15156, s0|localhost:15140, s1|localhost:15144, s2|localhost:15148]|listeners:[], old=null}
2024-10-07 19:12:44,566 [NettyRpcService-workerGroup--thread3] INFO  server.RaftServer$Division (RaftServerImpl.java:requestVote(1443)) - s1@group-F5D0649D4159: receive requestVote(PRE_VOTE, s0, group-F5D0649D4159, 2, (t:2, i:2))
2024-10-07 19:12:44,566 [s0@group-F5D0649D4159-LeaderElection18] INFO  impl.LeaderElection (LogUtils.java:infoOrTrace(136)) - s0@group-F5D0649D4159-LeaderElection18 got exception when requesting votes: java.util.concurrent.ExecutionException: org.apache.ratis.thirdparty.io.netty.channel.AbstractChannel$AnnotatedConnectException: finishConnect(..) failed: Connection refused: localhost/127.0.0.1:15156
2024-10-07 19:12:44,566 [s0@group-F5D0649D4159-LeaderElection18] INFO  impl.LeaderElection (LogUtils.java:infoOrTrace(136)) - s0@group-F5D0649D4159-LeaderElection18 got exception when requesting votes: java.util.concurrent.ExecutionException: org.apache.ratis.thirdparty.io.netty.channel.AbstractChannel$AnnotatedConnectException: finishConnect(..) failed: Connection refused: localhost/127.0.0.1:15148
2024-10-07 19:12:44,566 [NettyRpcService-workerGroup--thread3] INFO  impl.VoteContext (VoteContext.java:log(49)) - s1@group-F5D0649D4159-CANDIDATE: accept PRE_VOTE from s0: our priority 0 <= candidate's priority 0
2024-10-07 19:12:44,567 [NettyRpcService-workerGroup--thread3] INFO  server.RaftServer$Division (RaftServerImpl.java:requestVote(1476)) - s1@group-F5D0649D4159 replies to PRE_VOTE vote request: s0<-s1#0:OK-t2. Peer's state: s1@group-F5D0649D4159:t2, leader=null, voted=s4, raftlog=Memoized:s1@group-F5D0649D4159-SegmentedRaftLog:OPENED:c2:last(t:2, i:2), conf=conf: {index: 1, cur=peers:[s3|localhost:15152, s4|localhost:15156, s0|localhost:15140, s1|localhost:15144, s2|localhost:15148]|listeners:[], old=null}
2024-10-07 19:12:44,684 [main] WARN  ratis.RaftTestUtil (RaftTestUtil.java:lambda$waitForLeader$3(126)) - Attempt #96 failed: java.lang.IllegalStateException: No leader yet : printing ALL groups
  s3:  RUNNING  FOLLOWER s3@group-F5D0649D4159:t1, leader=null, voted=null, raftlog=Memoized:s3@group-F5D0649D4159-SegmentedRaftLog:OPENED:c-1:lastnull, conf=conf: {index: -1, cur=peers:[s3|localhost:15152, s4|localhost:15156, s0|localhost:15140, s1|localhost:15144, s2|localhost:15148]|listeners:[], old=null} RUNNING
  s4:   CLOSED    LEADER s4@group-F5D0649D4159:t2, leader=s4, voted=s4, raftlog=Memoized:s4@group-F5D0649D4159-SegmentedRaftLog:CLOSED:c2, conf=conf: {index: 1, cur=peers:[s3|localhost:15152, s4|localhost:15156, s0|localhost:15140, s1|localhost:15144, s2|localhost:15148]|listeners:[], old=null} CLOSED
  s0:  RUNNING CANDIDATE s0@group-F5D0649D4159:t2, leader=null, voted=s4, raftlog=Memoized:s0@group-F5D0649D4159-SegmentedRaftLog:OPENED:c2:last(t:2, i:2), conf=conf: {index: 1, cur=peers:[s3|localhost:15152, s4|localhost:15156, s0|localhost:15140, s1|localhost:15144, s2|localhost:15148]|listeners:[], old=null} RUNNING
  s1:  RUNNING CANDIDATE s1@group-F5D0649D4159:t2, leader=null, voted=s4, raftlog=Memoized:s1@group-F5D0649D4159-SegmentedRaftLog:OPENED:c2:last(t:2, i:2), conf=conf: {index: 1, cur=peers:[s3|localhost:15152, s4|localhost:15156, s0|localhost:15140, s1|localhost:15144, s2|localhost:15148]|listeners:[], old=null} RUNNING
  s2:   CLOSED    LEADER s2@group-F5D0649D4159:t1, leader=s2, voted=s2, raftlog=Memoized:s2@group-F5D0649D4159-SegmentedRaftLog:CLOSED:c0, conf=conf: {index: 0, cur=peers:[s3|localhost:15152, s4|localhost:15156, s0|localhost:15140, s1|localhost:15144, s2|localhost:15148]|listeners:[], old=null} CLOSED
2024-10-07 19:12:44,728 [s0@group-F5D0649D4159-LeaderElection18] INFO  impl.LeaderElection (LeaderElection.java:logAndReturn(90)) - s0@group-F5D0649D4159-LeaderElection18: PRE_VOTE TIMEOUT received 1 response(s) and 2 exception(s):
2024-10-07 19:12:44,728 [s0@group-F5D0649D4159-LeaderElection18] INFO  impl.LeaderElection (LeaderElection.java:logAndReturn(94)) -   Response 0: s0<-s1#0:OK-t2
2024-10-07 19:12:44,728 [s0@group-F5D0649D4159-LeaderElection18] INFO  impl.LeaderElection (LogUtils.java:infoOrTrace(136)) -   Exception 1: java.util.concurrent.ExecutionException: org.apache.ratis.thirdparty.io.netty.channel.AbstractChannel$AnnotatedConnectException: finishConnect(..) failed: Connection refused: localhost/127.0.0.1:15156
2024-10-07 19:12:44,728 [s0@group-F5D0649D4159-LeaderElection18] INFO  impl.LeaderElection (LogUtils.java:infoOrTrace(136)) -   Exception 2: java.util.concurrent.ExecutionException: org.apache.ratis.thirdparty.io.netty.channel.AbstractChannel$AnnotatedConnectException: finishConnect(..) failed: Connection refused: localhost/127.0.0.1:15148
2024-10-07 19:12:44,728 [s0@group-F5D0649D4159-LeaderElection18] INFO  impl.LeaderElection (LeaderElection.java:askForVotes(339)) - s0@group-F5D0649D4159-LeaderElection18 PRE_VOTE round 170: result TIMEOUT
2024-10-07 19:12:44,728 [s0@group-F5D0649D4159-LeaderElection18] INFO  impl.LeaderElection (LeaderElection.java:askForVotes(337)) - s0@group-F5D0649D4159-LeaderElection18 PRE_VOTE round 171: submit vote requests at term 2 for conf: {index: 1, cur=peers:[s3|localhost:15152, s4|localhost:15156, s0|localhost:15140, s1|localhost:15144, s2|localhost:15148]|listeners:[], old=null}
2024-10-07 19:12:44,729 [NettyRpcService-workerGroup--thread3] INFO  server.RaftServer$Division (RaftServerImpl.java:requestVote(1443)) - s1@group-F5D0649D4159: receive requestVote(PRE_VOTE, s0, group-F5D0649D4159, 2, (t:2, i:2))
2024-10-07 19:12:44,729 [NettyRpcService-workerGroup--thread3] INFO  impl.VoteContext (VoteContext.java:log(49)) - s1@group-F5D0649D4159-CANDIDATE: accept PRE_VOTE from s0: our priority 0 <= candidate's priority 0
2024-10-07 19:12:44,729 [NettyRpcService-workerGroup--thread3] INFO  server.RaftServer$Division (RaftServerImpl.java:requestVote(1476)) - s1@group-F5D0649D4159 replies to PRE_VOTE vote request: s0<-s1#0:OK-t2. Peer's state: s1@group-F5D0649D4159:t2, leader=null, voted=s4, raftlog=Memoized:s1@group-F5D0649D4159-SegmentedRaftLog:OPENED:c2:last(t:2, i:2), conf=conf: {index: 1, cur=peers:[s3|localhost:15152, s4|localhost:15156, s0|localhost:15140, s1|localhost:15144, s2|localhost:15148]|listeners:[], old=null}
2024-10-07 19:12:44,729 [s0@group-F5D0649D4159-LeaderElection18] INFO  impl.LeaderElection (LogUtils.java:infoOrTrace(136)) - s0@group-F5D0649D4159-LeaderElection18 got exception when requesting votes: java.util.concurrent.ExecutionException: org.apache.ratis.thirdparty.io.netty.channel.AbstractChannel$AnnotatedConnectException: finishConnect(..) failed: Connection refused: localhost/127.0.0.1:15148
2024-10-07 19:12:44,729 [s0@group-F5D0649D4159-LeaderElection18] INFO  impl.LeaderElection (LogUtils.java:infoOrTrace(136)) - s0@group-F5D0649D4159-LeaderElection18 got exception when requesting votes: java.util.concurrent.ExecutionException: org.apache.ratis.thirdparty.io.netty.channel.AbstractChannel$AnnotatedConnectException: finishConnect(..) failed: Connection refused: localhost/127.0.0.1:15156
2024-10-07 19:12:44,742 [s1@group-F5D0649D4159-LeaderElection17] INFO  impl.LeaderElection (LeaderElection.java:logAndReturn(90)) - s1@group-F5D0649D4159-LeaderElection17: PRE_VOTE TIMEOUT received 1 response(s) and 2 exception(s):
2024-10-07 19:12:44,742 [s1@group-F5D0649D4159-LeaderElection17] INFO  impl.LeaderElection (LeaderElection.java:logAndReturn(94)) -   Response 0: s1<-s0#0:OK-t2
2024-10-07 19:12:44,742 [s1@group-F5D0649D4159-LeaderElection17] INFO  impl.LeaderElection (LogUtils.java:infoOrTrace(136)) -   Exception 1: java.util.concurrent.ExecutionException: org.apache.ratis.thirdparty.io.netty.channel.AbstractChannel$AnnotatedConnectException: finishConnect(..) failed: Connection refused: localhost/127.0.0.1:15148
2024-10-07 19:12:44,742 [s1@group-F5D0649D4159-LeaderElection17] INFO  impl.LeaderElection (LogUtils.java:infoOrTrace(136)) -   Exception 2: java.util.concurrent.ExecutionException: org.apache.ratis.thirdparty.io.netty.channel.AbstractChannel$AnnotatedConnectException: finishConnect(..) failed: Connection refused: localhost/127.0.0.1:15156
2024-10-07 19:12:44,742 [s1@group-F5D0649D4159-LeaderElection17] INFO  impl.LeaderElection (LeaderElection.java:askForVotes(339)) - s1@group-F5D0649D4159-LeaderElection17 PRE_VOTE round 188: result TIMEOUT
2024-10-07 19:12:44,742 [s1@group-F5D0649D4159-LeaderElection17] INFO  impl.LeaderElection (LeaderElection.java:askForVotes(337)) - s1@group-F5D0649D4159-LeaderElection17 PRE_VOTE round 189: submit vote requests at term 2 for conf: {index: 1, cur=peers:[s3|localhost:15152, s4|localhost:15156, s0|localhost:15140, s1|localhost:15144, s2|localhost:15148]|listeners:[], old=null}
2024-10-07 19:12:44,743 [NettyRpcService-workerGroup--thread3] INFO  server.RaftServer$Division (RaftServerImpl.java:requestVote(1443)) - s0@group-F5D0649D4159: receive requestVote(PRE_VOTE, s1, group-F5D0649D4159, 2, (t:2, i:2))
2024-10-07 19:12:44,743 [NettyRpcService-workerGroup--thread3] INFO  impl.VoteContext (VoteContext.java:log(49)) - s0@group-F5D0649D4159-CANDIDATE: accept PRE_VOTE from s1: our priority 0 <= candidate's priority 0
2024-10-07 19:12:44,743 [s1@group-F5D0649D4159-LeaderElection17] INFO  impl.LeaderElection (LogUtils.java:infoOrTrace(136)) - s1@group-F5D0649D4159-LeaderElection17 got exception when requesting votes: java.util.concurrent.ExecutionException: org.apache.ratis.thirdparty.io.netty.channel.AbstractChannel$AnnotatedConnectException: finishConnect(..) failed: Connection refused: localhost/127.0.0.1:15148
2024-10-07 19:12:44,743 [NettyRpcService-workerGroup--thread3] INFO  server.RaftServer$Division (RaftServerImpl.java:requestVote(1476)) - s0@group-F5D0649D4159 replies to PRE_VOTE vote request: s1<-s0#0:OK-t2. Peer's state: s0@group-F5D0649D4159:t2, leader=null, voted=s4, raftlog=Memoized:s0@group-F5D0649D4159-SegmentedRaftLog:OPENED:c2:last(t:2, i:2), conf=conf: {index: 1, cur=peers:[s3|localhost:15152, s4|localhost:15156, s0|localhost:15140, s1|localhost:15144, s2|localhost:15148]|listeners:[], old=null}
2024-10-07 19:12:44,743 [s1@group-F5D0649D4159-LeaderElection17] INFO  impl.LeaderElection (LogUtils.java:infoOrTrace(136)) - s1@group-F5D0649D4159-LeaderElection17 got exception when requesting votes: java.util.concurrent.ExecutionException: org.apache.ratis.thirdparty.io.netty.channel.AbstractChannel$AnnotatedConnectException: finishConnect(..) failed: Connection refused: localhost/127.0.0.1:15156
2024-10-07 19:12:44,897 [s0@group-F5D0649D4159-LeaderElection18] INFO  impl.LeaderElection (LeaderElection.java:logAndReturn(90)) - s0@group-F5D0649D4159-LeaderElection18: PRE_VOTE TIMEOUT received 1 response(s) and 2 exception(s):
2024-10-07 19:12:44,897 [s0@group-F5D0649D4159-LeaderElection18] INFO  impl.LeaderElection (LeaderElection.java:logAndReturn(94)) -   Response 0: s0<-s1#0:OK-t2
2024-10-07 19:12:44,897 [s0@group-F5D0649D4159-LeaderElection18] INFO  impl.LeaderElection (LogUtils.java:infoOrTrace(136)) -   Exception 1: java.util.concurrent.ExecutionException: org.apache.ratis.thirdparty.io.netty.channel.AbstractChannel$AnnotatedConnectException: finishConnect(..) failed: Connection refused: localhost/127.0.0.1:15148
2024-10-07 19:12:44,897 [s0@group-F5D0649D4159-LeaderElection18] INFO  impl.LeaderElection (LogUtils.java:infoOrTrace(136)) -   Exception 2: java.util.concurrent.ExecutionException: org.apache.ratis.thirdparty.io.netty.channel.AbstractChannel$AnnotatedConnectException: finishConnect(..) failed: Connection refused: localhost/127.0.0.1:15156
2024-10-07 19:12:44,897 [s0@group-F5D0649D4159-LeaderElection18] INFO  impl.LeaderElection (LeaderElection.java:askForVotes(339)) - s0@group-F5D0649D4159-LeaderElection18 PRE_VOTE round 171: result TIMEOUT
2024-10-07 19:12:44,897 [s0@group-F5D0649D4159-LeaderElection18] INFO  impl.LeaderElection (LeaderElection.java:askForVotes(337)) - s0@group-F5D0649D4159-LeaderElection18 PRE_VOTE round 172: submit vote requests at term 2 for conf: {index: 1, cur=peers:[s3|localhost:15152, s4|localhost:15156, s0|localhost:15140, s1|localhost:15144, s2|localhost:15148]|listeners:[], old=null}
2024-10-07 19:12:44,898 [NettyRpcService-workerGroup--thread3] INFO  server.RaftServer$Division (RaftServerImpl.java:requestVote(1443)) - s1@group-F5D0649D4159: receive requestVote(PRE_VOTE, s0, group-F5D0649D4159, 2, (t:2, i:2))
2024-10-07 19:12:44,898 [s0@group-F5D0649D4159-LeaderElection18] INFO  impl.LeaderElection (LogUtils.java:infoOrTrace(136)) - s0@group-F5D0649D4159-LeaderElection18 got exception when requesting votes: java.util.concurrent.ExecutionException: org.apache.ratis.thirdparty.io.netty.channel.AbstractChannel$AnnotatedConnectException: finishConnect(..) failed: Connection refused: localhost/127.0.0.1:15156
2024-10-07 19:12:44,898 [NettyRpcService-workerGroup--thread3] INFO  impl.VoteContext (VoteContext.java:log(49)) - s1@group-F5D0649D4159-CANDIDATE: accept PRE_VOTE from s0: our priority 0 <= candidate's priority 0
2024-10-07 19:12:44,898 [s0@group-F5D0649D4159-LeaderElection18] INFO  impl.LeaderElection (LogUtils.java:infoOrTrace(136)) - s0@group-F5D0649D4159-LeaderElection18 got exception when requesting votes: java.util.concurrent.ExecutionException: org.apache.ratis.thirdparty.io.netty.channel.AbstractChannel$AnnotatedConnectException: finishConnect(..) failed: Connection refused: localhost/127.0.0.1:15148
2024-10-07 19:12:44,898 [NettyRpcService-workerGroup--thread3] INFO  server.RaftServer$Division (RaftServerImpl.java:requestVote(1476)) - s1@group-F5D0649D4159 replies to PRE_VOTE vote request: s0<-s1#0:OK-t2. Peer's state: s1@group-F5D0649D4159:t2, leader=null, voted=s4, raftlog=Memoized:s1@group-F5D0649D4159-SegmentedRaftLog:OPENED:c2:last(t:2, i:2), conf=conf: {index: 1, cur=peers:[s3|localhost:15152, s4|localhost:15156, s0|localhost:15140, s1|localhost:15144, s2|localhost:15148]|listeners:[], old=null}
2024-10-07 19:12:45,014 [s1@group-F5D0649D4159-LeaderElection17] INFO  impl.LeaderElection (LeaderElection.java:logAndReturn(90)) - s1@group-F5D0649D4159-LeaderElection17: PRE_VOTE TIMEOUT received 1 response(s) and 2 exception(s):
2024-10-07 19:12:45,014 [s1@group-F5D0649D4159-LeaderElection17] INFO  impl.LeaderElection (LeaderElection.java:logAndReturn(94)) -   Response 0: s1<-s0#0:OK-t2
2024-10-07 19:12:45,014 [s1@group-F5D0649D4159-LeaderElection17] INFO  impl.LeaderElection (LogUtils.java:infoOrTrace(136)) -   Exception 1: java.util.concurrent.ExecutionException: org.apache.ratis.thirdparty.io.netty.channel.AbstractChannel$AnnotatedConnectException: finishConnect(..) failed: Connection refused: localhost/127.0.0.1:15148
2024-10-07 19:12:45,014 [s1@group-F5D0649D4159-LeaderElection17] INFO  impl.LeaderElection (LogUtils.java:infoOrTrace(136)) -   Exception 2: java.util.concurrent.ExecutionException: org.apache.ratis.thirdparty.io.netty.channel.AbstractChannel$AnnotatedConnectException: finishConnect(..) failed: Connection refused: localhost/127.0.0.1:15156
2024-10-07 19:12:45,014 [s1@group-F5D0649D4159-LeaderElection17] INFO  impl.LeaderElection (LeaderElection.java:askForVotes(339)) - s1@group-F5D0649D4159-LeaderElection17 PRE_VOTE round 189: result TIMEOUT
2024-10-07 19:12:45,014 [s1@group-F5D0649D4159-LeaderElection17] INFO  impl.LeaderElection (LeaderElection.java:askForVotes(337)) - s1@group-F5D0649D4159-LeaderElection17 PRE_VOTE round 190: submit vote requests at term 2 for conf: {index: 1, cur=peers:[s3|localhost:15152, s4|localhost:15156, s0|localhost:15140, s1|localhost:15144, s2|localhost:15148]|listeners:[], old=null}
2024-10-07 19:12:45,015 [s1@group-F5D0649D4159-LeaderElection17] INFO  impl.LeaderElection (LogUtils.java:infoOrTrace(136)) - s1@group-F5D0649D4159-LeaderElection17 got exception when requesting votes: java.util.concurrent.ExecutionException: org.apache.ratis.thirdparty.io.netty.channel.AbstractChannel$AnnotatedConnectException: finishConnect(..) failed: Connection refused: localhost/127.0.0.1:15156
2024-10-07 19:12:45,015 [NettyRpcService-workerGroup--thread3] INFO  server.RaftServer$Division (RaftServerImpl.java:requestVote(1443)) - s0@group-F5D0649D4159: receive requestVote(PRE_VOTE, s1, group-F5D0649D4159, 2, (t:2, i:2))
2024-10-07 19:12:45,015 [NettyRpcService-workerGroup--thread3] INFO  impl.VoteContext (VoteContext.java:log(49)) - s0@group-F5D0649D4159-CANDIDATE: accept PRE_VOTE from s1: our priority 0 <= candidate's priority 0
2024-10-07 19:12:45,015 [NettyRpcService-workerGroup--thread3] INFO  server.RaftServer$Division (RaftServerImpl.java:requestVote(1476)) - s0@group-F5D0649D4159 replies to PRE_VOTE vote request: s1<-s0#0:OK-t2. Peer's state: s0@group-F5D0649D4159:t2, leader=null, voted=s4, raftlog=Memoized:s0@group-F5D0649D4159-SegmentedRaftLog:OPENED:c2:last(t:2, i:2), conf=conf: {index: 1, cur=peers:[s3|localhost:15152, s4|localhost:15156, s0|localhost:15140, s1|localhost:15144, s2|localhost:15148]|listeners:[], old=null}
2024-10-07 19:12:45,016 [s1@group-F5D0649D4159-LeaderElection17] INFO  impl.LeaderElection (LogUtils.java:infoOrTrace(136)) - s1@group-F5D0649D4159-LeaderElection17 got exception when requesting votes: java.util.concurrent.ExecutionException: org.apache.ratis.thirdparty.io.netty.channel.AbstractChannel$AnnotatedConnectException: finishConnect(..) failed: Connection refused: localhost/127.0.0.1:15148
2024-10-07 19:12:45,089 [s0@group-F5D0649D4159-LeaderElection18] INFO  impl.LeaderElection (LeaderElection.java:logAndReturn(90)) - s0@group-F5D0649D4159-LeaderElection18: PRE_VOTE TIMEOUT received 1 response(s) and 2 exception(s):
2024-10-07 19:12:45,089 [s0@group-F5D0649D4159-LeaderElection18] INFO  impl.LeaderElection (LeaderElection.java:logAndReturn(94)) -   Response 0: s0<-s1#0:OK-t2
2024-10-07 19:12:45,089 [s0@group-F5D0649D4159-LeaderElection18] INFO  impl.LeaderElection (LogUtils.java:infoOrTrace(136)) -   Exception 1: java.util.concurrent.ExecutionException: org.apache.ratis.thirdparty.io.netty.channel.AbstractChannel$AnnotatedConnectException: finishConnect(..) failed: Connection refused: localhost/127.0.0.1:15156
2024-10-07 19:12:45,089 [s0@group-F5D0649D4159-LeaderElection18] INFO  impl.LeaderElection (LogUtils.java:infoOrTrace(136)) -   Exception 2: java.util.concurrent.ExecutionException: org.apache.ratis.thirdparty.io.netty.channel.AbstractChannel$AnnotatedConnectException: finishConnect(..) failed: Connection refused: localhost/127.0.0.1:15148
2024-10-07 19:12:45,089 [s0@group-F5D0649D4159-LeaderElection18] INFO  impl.LeaderElection (LeaderElection.java:askForVotes(339)) - s0@group-F5D0649D4159-LeaderElection18 PRE_VOTE round 172: result TIMEOUT
2024-10-07 19:12:45,089 [s0@group-F5D0649D4159-LeaderElection18] INFO  impl.LeaderElection (LeaderElection.java:askForVotes(337)) - s0@group-F5D0649D4159-LeaderElection18 PRE_VOTE round 173: submit vote requests at term 2 for conf: {index: 1, cur=peers:[s3|localhost:15152, s4|localhost:15156, s0|localhost:15140, s1|localhost:15144, s2|localhost:15148]|listeners:[], old=null}
2024-10-07 19:12:45,090 [NettyRpcService-workerGroup--thread3] INFO  server.RaftServer$Division (RaftServerImpl.java:requestVote(1443)) - s1@group-F5D0649D4159: receive requestVote(PRE_VOTE, s0, group-F5D0649D4159, 2, (t:2, i:2))
2024-10-07 19:12:45,090 [s0@group-F5D0649D4159-LeaderElection18] INFO  impl.LeaderElection (LogUtils.java:infoOrTrace(136)) - s0@group-F5D0649D4159-LeaderElection18 got exception when requesting votes: java.util.concurrent.ExecutionException: org.apache.ratis.thirdparty.io.netty.channel.AbstractChannel$AnnotatedConnectException: finishConnect(..) failed: Connection refused: localhost/127.0.0.1:15148
2024-10-07 19:12:45,090 [NettyRpcService-workerGroup--thread3] INFO  impl.VoteContext (VoteContext.java:log(49)) - s1@group-F5D0649D4159-CANDIDATE: accept PRE_VOTE from s0: our priority 0 <= candidate's priority 0
2024-10-07 19:12:45,090 [s0@group-F5D0649D4159-LeaderElection18] INFO  impl.LeaderElection (LogUtils.java:infoOrTrace(136)) - s0@group-F5D0649D4159-LeaderElection18 got exception when requesting votes: java.util.concurrent.ExecutionException: org.apache.ratis.thirdparty.io.netty.channel.AbstractChannel$AnnotatedConnectException: finishConnect(..) failed: Connection refused: localhost/127.0.0.1:15156
2024-10-07 19:12:45,090 [NettyRpcService-workerGroup--thread3] INFO  server.RaftServer$Division (RaftServerImpl.java:requestVote(1476)) - s1@group-F5D0649D4159 replies to PRE_VOTE vote request: s0<-s1#0:OK-t2. Peer's state: s1@group-F5D0649D4159:t2, leader=null, voted=s4, raftlog=Memoized:s1@group-F5D0649D4159-SegmentedRaftLog:OPENED:c2:last(t:2, i:2), conf=conf: {index: 1, cur=peers:[s3|localhost:15152, s4|localhost:15156, s0|localhost:15140, s1|localhost:15144, s2|localhost:15148]|listeners:[], old=null}
2024-10-07 19:12:45,135 [main] WARN  ratis.RaftTestUtil (RaftTestUtil.java:lambda$waitForLeader$3(126)) - Attempt #97 failed: java.lang.IllegalStateException: No leader yet : printing ALL groups
  s3:  RUNNING  FOLLOWER s3@group-F5D0649D4159:t1, leader=null, voted=null, raftlog=Memoized:s3@group-F5D0649D4159-SegmentedRaftLog:OPENED:c-1:lastnull, conf=conf: {index: -1, cur=peers:[s3|localhost:15152, s4|localhost:15156, s0|localhost:15140, s1|localhost:15144, s2|localhost:15148]|listeners:[], old=null} RUNNING
  s4:   CLOSED    LEADER s4@group-F5D0649D4159:t2, leader=s4, voted=s4, raftlog=Memoized:s4@group-F5D0649D4159-SegmentedRaftLog:CLOSED:c2, conf=conf: {index: 1, cur=peers:[s3|localhost:15152, s4|localhost:15156, s0|localhost:15140, s1|localhost:15144, s2|localhost:15148]|listeners:[], old=null} CLOSED
  s0:  RUNNING CANDIDATE s0@group-F5D0649D4159:t2, leader=null, voted=s4, raftlog=Memoized:s0@group-F5D0649D4159-SegmentedRaftLog:OPENED:c2:last(t:2, i:2), conf=conf: {index: 1, cur=peers:[s3|localhost:15152, s4|localhost:15156, s0|localhost:15140, s1|localhost:15144, s2|localhost:15148]|listeners:[], old=null} RUNNING
  s1:  RUNNING CANDIDATE s1@group-F5D0649D4159:t2, leader=null, voted=s4, raftlog=Memoized:s1@group-F5D0649D4159-SegmentedRaftLog:OPENED:c2:last(t:2, i:2), conf=conf: {index: 1, cur=peers:[s3|localhost:15152, s4|localhost:15156, s0|localhost:15140, s1|localhost:15144, s2|localhost:15148]|listeners:[], old=null} RUNNING
  s2:   CLOSED    LEADER s2@group-F5D0649D4159:t1, leader=s2, voted=s2, raftlog=Memoized:s2@group-F5D0649D4159-SegmentedRaftLog:CLOSED:c0, conf=conf: {index: 0, cur=peers:[s3|localhost:15152, s4|localhost:15156, s0|localhost:15140, s1|localhost:15144, s2|localhost:15148]|listeners:[], old=null} CLOSED
2024-10-07 19:12:45,201 [s1@group-F5D0649D4159-LeaderElection17] INFO  impl.LeaderElection (LeaderElection.java:logAndReturn(90)) - s1@group-F5D0649D4159-LeaderElection17: PRE_VOTE TIMEOUT received 1 response(s) and 2 exception(s):
2024-10-07 19:12:45,201 [s1@group-F5D0649D4159-LeaderElection17] INFO  impl.LeaderElection (LeaderElection.java:logAndReturn(94)) -   Response 0: s1<-s0#0:OK-t2
2024-10-07 19:12:45,201 [s1@group-F5D0649D4159-LeaderElection17] INFO  impl.LeaderElection (LogUtils.java:infoOrTrace(136)) -   Exception 1: java.util.concurrent.ExecutionException: org.apache.ratis.thirdparty.io.netty.channel.AbstractChannel$AnnotatedConnectException: finishConnect(..) failed: Connection refused: localhost/127.0.0.1:15156
2024-10-07 19:12:45,201 [s1@group-F5D0649D4159-LeaderElection17] INFO  impl.LeaderElection (LogUtils.java:infoOrTrace(136)) -   Exception 2: java.util.concurrent.ExecutionException: org.apache.ratis.thirdparty.io.netty.channel.AbstractChannel$AnnotatedConnectException: finishConnect(..) failed: Connection refused: localhost/127.0.0.1:15148
2024-10-07 19:12:45,201 [s1@group-F5D0649D4159-LeaderElection17] INFO  impl.LeaderElection (LeaderElection.java:askForVotes(339)) - s1@group-F5D0649D4159-LeaderElection17 PRE_VOTE round 190: result TIMEOUT
2024-10-07 19:12:45,201 [s1@group-F5D0649D4159-LeaderElection17] INFO  impl.LeaderElection (LeaderElection.java:askForVotes(337)) - s1@group-F5D0649D4159-LeaderElection17 PRE_VOTE round 191: submit vote requests at term 2 for conf: {index: 1, cur=peers:[s3|localhost:15152, s4|localhost:15156, s0|localhost:15140, s1|localhost:15144, s2|localhost:15148]|listeners:[], old=null}
2024-10-07 19:12:45,202 [NettyRpcService-workerGroup--thread3] INFO  server.RaftServer$Division (RaftServerImpl.java:requestVote(1443)) - s0@group-F5D0649D4159: receive requestVote(PRE_VOTE, s1, group-F5D0649D4159, 2, (t:2, i:2))
2024-10-07 19:12:45,202 [NettyRpcService-workerGroup--thread3] INFO  impl.VoteContext (VoteContext.java:log(49)) - s0@group-F5D0649D4159-CANDIDATE: accept PRE_VOTE from s1: our priority 0 <= candidate's priority 0
2024-10-07 19:12:45,202 [s1@group-F5D0649D4159-LeaderElection17] INFO  impl.LeaderElection (LogUtils.java:infoOrTrace(136)) - s1@group-F5D0649D4159-LeaderElection17 got exception when requesting votes: java.util.concurrent.ExecutionException: org.apache.ratis.thirdparty.io.netty.channel.AbstractChannel$AnnotatedConnectException: finishConnect(..) failed: Connection refused: localhost/127.0.0.1:15156
2024-10-07 19:12:45,202 [NettyRpcService-workerGroup--thread3] INFO  server.RaftServer$Division (RaftServerImpl.java:requestVote(1476)) - s0@group-F5D0649D4159 replies to PRE_VOTE vote request: s1<-s0#0:OK-t2. Peer's state: s0@group-F5D0649D4159:t2, leader=null, voted=s4, raftlog=Memoized:s0@group-F5D0649D4159-SegmentedRaftLog:OPENED:c2:last(t:2, i:2), conf=conf: {index: 1, cur=peers:[s3|localhost:15152, s4|localhost:15156, s0|localhost:15140, s1|localhost:15144, s2|localhost:15148]|listeners:[], old=null}
2024-10-07 19:12:45,202 [s1@group-F5D0649D4159-LeaderElection17] INFO  impl.LeaderElection (LogUtils.java:infoOrTrace(136)) - s1@group-F5D0649D4159-LeaderElection17 got exception when requesting votes: java.util.concurrent.ExecutionException: org.apache.ratis.thirdparty.io.netty.channel.AbstractChannel$AnnotatedConnectException: finishConnect(..) failed: Connection refused: localhost/127.0.0.1:15148
2024-10-07 19:12:45,365 [s0@group-F5D0649D4159-LeaderElection18] INFO  impl.LeaderElection (LeaderElection.java:logAndReturn(90)) - s0@group-F5D0649D4159-LeaderElection18: PRE_VOTE TIMEOUT received 1 response(s) and 2 exception(s):
2024-10-07 19:12:45,365 [s0@group-F5D0649D4159-LeaderElection18] INFO  impl.LeaderElection (LeaderElection.java:logAndReturn(94)) -   Response 0: s0<-s1#0:OK-t2
2024-10-07 19:12:45,365 [s0@group-F5D0649D4159-LeaderElection18] INFO  impl.LeaderElection (LogUtils.java:infoOrTrace(136)) -   Exception 1: java.util.concurrent.ExecutionException: org.apache.ratis.thirdparty.io.netty.channel.AbstractChannel$AnnotatedConnectException: finishConnect(..) failed: Connection refused: localhost/127.0.0.1:15148
2024-10-07 19:12:45,365 [s0@group-F5D0649D4159-LeaderElection18] INFO  impl.LeaderElection (LogUtils.java:infoOrTrace(136)) -   Exception 2: java.util.concurrent.ExecutionException: org.apache.ratis.thirdparty.io.netty.channel.AbstractChannel$AnnotatedConnectException: finishConnect(..) failed: Connection refused: localhost/127.0.0.1:15156
2024-10-07 19:12:45,365 [s0@group-F5D0649D4159-LeaderElection18] INFO  impl.LeaderElection (LeaderElection.java:askForVotes(339)) - s0@group-F5D0649D4159-LeaderElection18 PRE_VOTE round 173: result TIMEOUT
2024-10-07 19:12:45,365 [s0@group-F5D0649D4159-LeaderElection18] INFO  impl.LeaderElection (LeaderElection.java:askForVotes(337)) - s0@group-F5D0649D4159-LeaderElection18 PRE_VOTE round 174: submit vote requests at term 2 for conf: {index: 1, cur=peers:[s3|localhost:15152, s4|localhost:15156, s0|localhost:15140, s1|localhost:15144, s2|localhost:15148]|listeners:[], old=null}
2024-10-07 19:12:45,366 [NettyRpcService-workerGroup--thread3] INFO  server.RaftServer$Division (RaftServerImpl.java:requestVote(1443)) - s1@group-F5D0649D4159: receive requestVote(PRE_VOTE, s0, group-F5D0649D4159, 2, (t:2, i:2))
2024-10-07 19:12:45,366 [NettyRpcService-workerGroup--thread3] INFO  impl.VoteContext (VoteContext.java:log(49)) - s1@group-F5D0649D4159-CANDIDATE: accept PRE_VOTE from s0: our priority 0 <= candidate's priority 0
2024-10-07 19:12:45,366 [s0@group-F5D0649D4159-LeaderElection18] INFO  impl.LeaderElection (LogUtils.java:infoOrTrace(136)) - s0@group-F5D0649D4159-LeaderElection18 got exception when requesting votes: java.util.concurrent.ExecutionException: org.apache.ratis.thirdparty.io.netty.channel.AbstractChannel$AnnotatedConnectException: finishConnect(..) failed: Connection refused: localhost/127.0.0.1:15148
2024-10-07 19:12:45,366 [NettyRpcService-workerGroup--thread3] INFO  server.RaftServer$Division (RaftServerImpl.java:requestVote(1476)) - s1@group-F5D0649D4159 replies to PRE_VOTE vote request: s0<-s1#0:OK-t2. Peer's state: s1@group-F5D0649D4159:t2, leader=null, voted=s4, raftlog=Memoized:s1@group-F5D0649D4159-SegmentedRaftLog:OPENED:c2:last(t:2, i:2), conf=conf: {index: 1, cur=peers:[s3|localhost:15152, s4|localhost:15156, s0|localhost:15140, s1|localhost:15144, s2|localhost:15148]|listeners:[], old=null}
2024-10-07 19:12:45,366 [s0@group-F5D0649D4159-LeaderElection18] INFO  impl.LeaderElection (LogUtils.java:infoOrTrace(136)) - s0@group-F5D0649D4159-LeaderElection18 got exception when requesting votes: java.util.concurrent.ExecutionException: org.apache.ratis.thirdparty.io.netty.channel.AbstractChannel$AnnotatedConnectException: finishConnect(..) failed: Connection refused: localhost/127.0.0.1:15156
2024-10-07 19:12:45,440 [s1@group-F5D0649D4159-LeaderElection17] INFO  impl.LeaderElection (LeaderElection.java:logAndReturn(90)) - s1@group-F5D0649D4159-LeaderElection17: PRE_VOTE TIMEOUT received 1 response(s) and 2 exception(s):
2024-10-07 19:12:45,440 [s1@group-F5D0649D4159-LeaderElection17] INFO  impl.LeaderElection (LeaderElection.java:logAndReturn(94)) -   Response 0: s1<-s0#0:OK-t2
2024-10-07 19:12:45,440 [s1@group-F5D0649D4159-LeaderElection17] INFO  impl.LeaderElection (LogUtils.java:infoOrTrace(136)) -   Exception 1: java.util.concurrent.ExecutionException: org.apache.ratis.thirdparty.io.netty.channel.AbstractChannel$AnnotatedConnectException: finishConnect(..) failed: Connection refused: localhost/127.0.0.1:15156
2024-10-07 19:12:45,440 [s1@group-F5D0649D4159-LeaderElection17] INFO  impl.LeaderElection (LogUtils.java:infoOrTrace(136)) -   Exception 2: java.util.concurrent.ExecutionException: org.apache.ratis.thirdparty.io.netty.channel.AbstractChannel$AnnotatedConnectException: finishConnect(..) failed: Connection refused: localhost/127.0.0.1:15148
2024-10-07 19:12:45,440 [s1@group-F5D0649D4159-LeaderElection17] INFO  impl.LeaderElection (LeaderElection.java:askForVotes(339)) - s1@group-F5D0649D4159-LeaderElection17 PRE_VOTE round 191: result TIMEOUT
2024-10-07 19:12:45,440 [s1@group-F5D0649D4159-LeaderElection17] INFO  impl.LeaderElection (LeaderElection.java:askForVotes(337)) - s1@group-F5D0649D4159-LeaderElection17 PRE_VOTE round 192: submit vote requests at term 2 for conf: {index: 1, cur=peers:[s3|localhost:15152, s4|localhost:15156, s0|localhost:15140, s1|localhost:15144, s2|localhost:15148]|listeners:[], old=null}
2024-10-07 19:12:45,441 [NettyRpcService-workerGroup--thread3] INFO  server.RaftServer$Division (RaftServerImpl.java:requestVote(1443)) - s0@group-F5D0649D4159: receive requestVote(PRE_VOTE, s1, group-F5D0649D4159, 2, (t:2, i:2))
2024-10-07 19:12:45,441 [NettyRpcService-workerGroup--thread3] INFO  impl.VoteContext (VoteContext.java:log(49)) - s0@group-F5D0649D4159-CANDIDATE: accept PRE_VOTE from s1: our priority 0 <= candidate's priority 0
2024-10-07 19:12:45,441 [NettyRpcService-workerGroup--thread3] INFO  server.RaftServer$Division (RaftServerImpl.java:requestVote(1476)) - s0@group-F5D0649D4159 replies to PRE_VOTE vote request: s1<-s0#0:OK-t2. Peer's state: s0@group-F5D0649D4159:t2, leader=null, voted=s4, raftlog=Memoized:s0@group-F5D0649D4159-SegmentedRaftLog:OPENED:c2:last(t:2, i:2), conf=conf: {index: 1, cur=peers:[s3|localhost:15152, s4|localhost:15156, s0|localhost:15140, s1|localhost:15144, s2|localhost:15148]|listeners:[], old=null}
2024-10-07 19:12:45,442 [s1@group-F5D0649D4159-LeaderElection17] INFO  impl.LeaderElection (LogUtils.java:infoOrTrace(136)) - s1@group-F5D0649D4159-LeaderElection17 got exception when requesting votes: java.util.concurrent.ExecutionException: org.apache.ratis.thirdparty.io.netty.channel.AbstractChannel$AnnotatedConnectException: finishConnect(..) failed: Connection refused: localhost/127.0.0.1:15148
2024-10-07 19:12:45,442 [s1@group-F5D0649D4159-LeaderElection17] INFO  impl.LeaderElection (LogUtils.java:infoOrTrace(136)) - s1@group-F5D0649D4159-LeaderElection17 got exception when requesting votes: java.util.concurrent.ExecutionException: org.apache.ratis.thirdparty.io.netty.channel.AbstractChannel$AnnotatedConnectException: finishConnect(..) failed: Connection refused: localhost/127.0.0.1:15156
2024-10-07 19:12:45,583 [s0@group-F5D0649D4159-LeaderElection18] INFO  impl.LeaderElection (LeaderElection.java:logAndReturn(90)) - s0@group-F5D0649D4159-LeaderElection18: PRE_VOTE TIMEOUT received 1 response(s) and 2 exception(s):
2024-10-07 19:12:45,583 [s0@group-F5D0649D4159-LeaderElection18] INFO  impl.LeaderElection (LeaderElection.java:logAndReturn(94)) -   Response 0: s0<-s1#0:OK-t2
2024-10-07 19:12:45,583 [s0@group-F5D0649D4159-LeaderElection18] INFO  impl.LeaderElection (LogUtils.java:infoOrTrace(136)) -   Exception 1: java.util.concurrent.ExecutionException: org.apache.ratis.thirdparty.io.netty.channel.AbstractChannel$AnnotatedConnectException: finishConnect(..) failed: Connection refused: localhost/127.0.0.1:15148
2024-10-07 19:12:45,583 [s0@group-F5D0649D4159-LeaderElection18] INFO  impl.LeaderElection (LogUtils.java:infoOrTrace(136)) -   Exception 2: java.util.concurrent.ExecutionException: org.apache.ratis.thirdparty.io.netty.channel.AbstractChannel$AnnotatedConnectException: finishConnect(..) failed: Connection refused: localhost/127.0.0.1:15156
2024-10-07 19:12:45,583 [s0@group-F5D0649D4159-LeaderElection18] INFO  impl.LeaderElection (LeaderElection.java:askForVotes(339)) - s0@group-F5D0649D4159-LeaderElection18 PRE_VOTE round 174: result TIMEOUT
2024-10-07 19:12:45,583 [s0@group-F5D0649D4159-LeaderElection18] INFO  impl.LeaderElection (LeaderElection.java:askForVotes(337)) - s0@group-F5D0649D4159-LeaderElection18 PRE_VOTE round 175: submit vote requests at term 2 for conf: {index: 1, cur=peers:[s3|localhost:15152, s4|localhost:15156, s0|localhost:15140, s1|localhost:15144, s2|localhost:15148]|listeners:[], old=null}
2024-10-07 19:12:45,584 [NettyRpcService-workerGroup--thread3] INFO  server.RaftServer$Division (RaftServerImpl.java:requestVote(1443)) - s1@group-F5D0649D4159: receive requestVote(PRE_VOTE, s0, group-F5D0649D4159, 2, (t:2, i:2))
2024-10-07 19:12:45,584 [NettyRpcService-workerGroup--thread3] INFO  impl.VoteContext (VoteContext.java:log(49)) - s1@group-F5D0649D4159-CANDIDATE: accept PRE_VOTE from s0: our priority 0 <= candidate's priority 0
2024-10-07 19:12:45,585 [s0@group-F5D0649D4159-LeaderElection18] INFO  impl.LeaderElection (LogUtils.java:infoOrTrace(136)) - s0@group-F5D0649D4159-LeaderElection18 got exception when requesting votes: java.util.concurrent.ExecutionException: org.apache.ratis.thirdparty.io.netty.channel.AbstractChannel$AnnotatedConnectException: finishConnect(..) failed: Connection refused: localhost/127.0.0.1:15148
2024-10-07 19:12:45,585 [s0@group-F5D0649D4159-LeaderElection18] INFO  impl.LeaderElection (LogUtils.java:infoOrTrace(136)) - s0@group-F5D0649D4159-LeaderElection18 got exception when requesting votes: java.util.concurrent.ExecutionException: org.apache.ratis.thirdparty.io.netty.channel.AbstractChannel$AnnotatedConnectException: finishConnect(..) failed: Connection refused: localhost/127.0.0.1:15156
2024-10-07 19:12:45,585 [NettyRpcService-workerGroup--thread3] INFO  server.RaftServer$Division (RaftServerImpl.java:requestVote(1476)) - s1@group-F5D0649D4159 replies to PRE_VOTE vote request: s0<-s1#0:OK-t2. Peer's state: s1@group-F5D0649D4159:t2, leader=null, voted=s4, raftlog=Memoized:s1@group-F5D0649D4159-SegmentedRaftLog:OPENED:c2:last(t:2, i:2), conf=conf: {index: 1, cur=peers:[s3|localhost:15152, s4|localhost:15156, s0|localhost:15140, s1|localhost:15144, s2|localhost:15148]|listeners:[], old=null}
2024-10-07 19:12:45,585 [main] WARN  ratis.RaftTestUtil (RaftTestUtil.java:lambda$waitForLeader$3(126)) - Attempt #98 failed: java.lang.IllegalStateException: No leader yet : printing ALL groups
  s3:  RUNNING  FOLLOWER s3@group-F5D0649D4159:t1, leader=null, voted=null, raftlog=Memoized:s3@group-F5D0649D4159-SegmentedRaftLog:OPENED:c-1:lastnull, conf=conf: {index: -1, cur=peers:[s3|localhost:15152, s4|localhost:15156, s0|localhost:15140, s1|localhost:15144, s2|localhost:15148]|listeners:[], old=null} RUNNING
  s4:   CLOSED    LEADER s4@group-F5D0649D4159:t2, leader=s4, voted=s4, raftlog=Memoized:s4@group-F5D0649D4159-SegmentedRaftLog:CLOSED:c2, conf=conf: {index: 1, cur=peers:[s3|localhost:15152, s4|localhost:15156, s0|localhost:15140, s1|localhost:15144, s2|localhost:15148]|listeners:[], old=null} CLOSED
  s0:  RUNNING CANDIDATE s0@group-F5D0649D4159:t2, leader=null, voted=s4, raftlog=Memoized:s0@group-F5D0649D4159-SegmentedRaftLog:OPENED:c2:last(t:2, i:2), conf=conf: {index: 1, cur=peers:[s3|localhost:15152, s4|localhost:15156, s0|localhost:15140, s1|localhost:15144, s2|localhost:15148]|listeners:[], old=null} RUNNING
  s1:  RUNNING CANDIDATE s1@group-F5D0649D4159:t2, leader=null, voted=s4, raftlog=Memoized:s1@group-F5D0649D4159-SegmentedRaftLog:OPENED:c2:last(t:2, i:2), conf=conf: {index: 1, cur=peers:[s3|localhost:15152, s4|localhost:15156, s0|localhost:15140, s1|localhost:15144, s2|localhost:15148]|listeners:[], old=null} RUNNING
  s2:   CLOSED    LEADER s2@group-F5D0649D4159:t1, leader=s2, voted=s2, raftlog=Memoized:s2@group-F5D0649D4159-SegmentedRaftLog:CLOSED:c0, conf=conf: {index: 0, cur=peers:[s3|localhost:15152, s4|localhost:15156, s0|localhost:15140, s1|localhost:15144, s2|localhost:15148]|listeners:[], old=null} CLOSED
2024-10-07 19:12:45,664 [s1@group-F5D0649D4159-LeaderElection17] INFO  impl.LeaderElection (LeaderElection.java:logAndReturn(90)) - s1@group-F5D0649D4159-LeaderElection17: PRE_VOTE TIMEOUT received 1 response(s) and 2 exception(s):
2024-10-07 19:12:45,664 [s1@group-F5D0649D4159-LeaderElection17] INFO  impl.LeaderElection (LeaderElection.java:logAndReturn(94)) -   Response 0: s1<-s0#0:OK-t2
2024-10-07 19:12:45,664 [s1@group-F5D0649D4159-LeaderElection17] INFO  impl.LeaderElection (LogUtils.java:infoOrTrace(136)) -   Exception 1: java.util.concurrent.ExecutionException: org.apache.ratis.thirdparty.io.netty.channel.AbstractChannel$AnnotatedConnectException: finishConnect(..) failed: Connection refused: localhost/127.0.0.1:15148
2024-10-07 19:12:45,664 [s1@group-F5D0649D4159-LeaderElection17] INFO  impl.LeaderElection (LogUtils.java:infoOrTrace(136)) -   Exception 2: java.util.concurrent.ExecutionException: org.apache.ratis.thirdparty.io.netty.channel.AbstractChannel$AnnotatedConnectException: finishConnect(..) failed: Connection refused: localhost/127.0.0.1:15156
2024-10-07 19:12:45,664 [s1@group-F5D0649D4159-LeaderElection17] INFO  impl.LeaderElection (LeaderElection.java:askForVotes(339)) - s1@group-F5D0649D4159-LeaderElection17 PRE_VOTE round 192: result TIMEOUT
2024-10-07 19:12:45,664 [s1@group-F5D0649D4159-LeaderElection17] INFO  impl.LeaderElection (LeaderElection.java:askForVotes(337)) - s1@group-F5D0649D4159-LeaderElection17 PRE_VOTE round 193: submit vote requests at term 2 for conf: {index: 1, cur=peers:[s3|localhost:15152, s4|localhost:15156, s0|localhost:15140, s1|localhost:15144, s2|localhost:15148]|listeners:[], old=null}
2024-10-07 19:12:45,665 [NettyRpcService-workerGroup--thread3] INFO  server.RaftServer$Division (RaftServerImpl.java:requestVote(1443)) - s0@group-F5D0649D4159: receive requestVote(PRE_VOTE, s1, group-F5D0649D4159, 2, (t:2, i:2))
2024-10-07 19:12:45,665 [NettyRpcService-workerGroup--thread3] INFO  impl.VoteContext (VoteContext.java:log(49)) - s0@group-F5D0649D4159-CANDIDATE: accept PRE_VOTE from s1: our priority 0 <= candidate's priority 0
2024-10-07 19:12:45,665 [s1@group-F5D0649D4159-LeaderElection17] INFO  impl.LeaderElection (LogUtils.java:infoOrTrace(136)) - s1@group-F5D0649D4159-LeaderElection17 got exception when requesting votes: java.util.concurrent.ExecutionException: org.apache.ratis.thirdparty.io.netty.channel.AbstractChannel$AnnotatedConnectException: finishConnect(..) failed: Connection refused: localhost/127.0.0.1:15156
2024-10-07 19:12:45,665 [NettyRpcService-workerGroup--thread3] INFO  server.RaftServer$Division (RaftServerImpl.java:requestVote(1476)) - s0@group-F5D0649D4159 replies to PRE_VOTE vote request: s1<-s0#0:OK-t2. Peer's state: s0@group-F5D0649D4159:t2, leader=null, voted=s4, raftlog=Memoized:s0@group-F5D0649D4159-SegmentedRaftLog:OPENED:c2:last(t:2, i:2), conf=conf: {index: 1, cur=peers:[s3|localhost:15152, s4|localhost:15156, s0|localhost:15140, s1|localhost:15144, s2|localhost:15148]|listeners:[], old=null}
2024-10-07 19:12:45,665 [s1@group-F5D0649D4159-LeaderElection17] INFO  impl.LeaderElection (LogUtils.java:infoOrTrace(136)) - s1@group-F5D0649D4159-LeaderElection17 got exception when requesting votes: java.util.concurrent.ExecutionException: org.apache.ratis.thirdparty.io.netty.channel.AbstractChannel$AnnotatedConnectException: finishConnect(..) failed: Connection refused: localhost/127.0.0.1:15148
2024-10-07 19:12:45,870 [s1@group-F5D0649D4159-LeaderElection17] INFO  impl.LeaderElection (LeaderElection.java:logAndReturn(90)) - s1@group-F5D0649D4159-LeaderElection17: PRE_VOTE TIMEOUT received 1 response(s) and 2 exception(s):
2024-10-07 19:12:45,870 [s1@group-F5D0649D4159-LeaderElection17] INFO  impl.LeaderElection (LeaderElection.java:logAndReturn(94)) -   Response 0: s1<-s0#0:OK-t2
2024-10-07 19:12:45,870 [s1@group-F5D0649D4159-LeaderElection17] INFO  impl.LeaderElection (LogUtils.java:infoOrTrace(136)) -   Exception 1: java.util.concurrent.ExecutionException: org.apache.ratis.thirdparty.io.netty.channel.AbstractChannel$AnnotatedConnectException: finishConnect(..) failed: Connection refused: localhost/127.0.0.1:15156
2024-10-07 19:12:45,870 [s1@group-F5D0649D4159-LeaderElection17] INFO  impl.LeaderElection (LogUtils.java:infoOrTrace(136)) -   Exception 2: java.util.concurrent.ExecutionException: org.apache.ratis.thirdparty.io.netty.channel.AbstractChannel$AnnotatedConnectException: finishConnect(..) failed: Connection refused: localhost/127.0.0.1:15148
2024-10-07 19:12:45,870 [s1@group-F5D0649D4159-LeaderElection17] INFO  impl.LeaderElection (LeaderElection.java:askForVotes(339)) - s1@group-F5D0649D4159-LeaderElection17 PRE_VOTE round 193: result TIMEOUT
2024-10-07 19:12:45,870 [s1@group-F5D0649D4159-LeaderElection17] INFO  impl.LeaderElection (LeaderElection.java:askForVotes(337)) - s1@group-F5D0649D4159-LeaderElection17 PRE_VOTE round 194: submit vote requests at term 2 for conf: {index: 1, cur=peers:[s3|localhost:15152, s4|localhost:15156, s0|localhost:15140, s1|localhost:15144, s2|localhost:15148]|listeners:[], old=null}
2024-10-07 19:12:45,871 [NettyRpcService-workerGroup--thread3] INFO  server.RaftServer$Division (RaftServerImpl.java:requestVote(1443)) - s0@group-F5D0649D4159: receive requestVote(PRE_VOTE, s1, group-F5D0649D4159, 2, (t:2, i:2))
2024-10-07 19:12:45,871 [NettyRpcService-workerGroup--thread3] INFO  impl.VoteContext (VoteContext.java:log(49)) - s0@group-F5D0649D4159-CANDIDATE: accept PRE_VOTE from s1: our priority 0 <= candidate's priority 0
2024-10-07 19:12:45,871 [s1@group-F5D0649D4159-LeaderElection17] INFO  impl.LeaderElection (LogUtils.java:infoOrTrace(136)) - s1@group-F5D0649D4159-LeaderElection17 got exception when requesting votes: java.util.concurrent.ExecutionException: org.apache.ratis.thirdparty.io.netty.channel.AbstractChannel$AnnotatedConnectException: finishConnect(..) failed: Connection refused: localhost/127.0.0.1:15148
2024-10-07 19:12:45,871 [s1@group-F5D0649D4159-LeaderElection17] INFO  impl.LeaderElection (LogUtils.java:infoOrTrace(136)) - s1@group-F5D0649D4159-LeaderElection17 got exception when requesting votes: java.util.concurrent.ExecutionException: org.apache.ratis.thirdparty.io.netty.channel.AbstractChannel$AnnotatedConnectException: finishConnect(..) failed: Connection refused: localhost/127.0.0.1:15156
2024-10-07 19:12:45,871 [NettyRpcService-workerGroup--thread3] INFO  server.RaftServer$Division (RaftServerImpl.java:requestVote(1476)) - s0@group-F5D0649D4159 replies to PRE_VOTE vote request: s1<-s0#0:OK-t2. Peer's state: s0@group-F5D0649D4159:t2, leader=null, voted=s4, raftlog=Memoized:s0@group-F5D0649D4159-SegmentedRaftLog:OPENED:c2:last(t:2, i:2), conf=conf: {index: 1, cur=peers:[s3|localhost:15152, s4|localhost:15156, s0|localhost:15140, s1|localhost:15144, s2|localhost:15148]|listeners:[], old=null}
2024-10-07 19:12:45,882 [s0@group-F5D0649D4159-LeaderElection18] INFO  impl.LeaderElection (LeaderElection.java:logAndReturn(90)) - s0@group-F5D0649D4159-LeaderElection18: PRE_VOTE TIMEOUT received 1 response(s) and 2 exception(s):
2024-10-07 19:12:45,882 [s0@group-F5D0649D4159-LeaderElection18] INFO  impl.LeaderElection (LeaderElection.java:logAndReturn(94)) -   Response 0: s0<-s1#0:OK-t2
2024-10-07 19:12:45,882 [s0@group-F5D0649D4159-LeaderElection18] INFO  impl.LeaderElection (LogUtils.java:infoOrTrace(136)) -   Exception 1: java.util.concurrent.ExecutionException: org.apache.ratis.thirdparty.io.netty.channel.AbstractChannel$AnnotatedConnectException: finishConnect(..) failed: Connection refused: localhost/127.0.0.1:15148
2024-10-07 19:12:45,882 [s0@group-F5D0649D4159-LeaderElection18] INFO  impl.LeaderElection (LogUtils.java:infoOrTrace(136)) -   Exception 2: java.util.concurrent.ExecutionException: org.apache.ratis.thirdparty.io.netty.channel.AbstractChannel$AnnotatedConnectException: finishConnect(..) failed: Connection refused: localhost/127.0.0.1:15156
2024-10-07 19:12:45,882 [s0@group-F5D0649D4159-LeaderElection18] INFO  impl.LeaderElection (LeaderElection.java:askForVotes(339)) - s0@group-F5D0649D4159-LeaderElection18 PRE_VOTE round 175: result TIMEOUT
2024-10-07 19:12:45,882 [s0@group-F5D0649D4159-LeaderElection18] INFO  impl.LeaderElection (LeaderElection.java:askForVotes(337)) - s0@group-F5D0649D4159-LeaderElection18 PRE_VOTE round 176: submit vote requests at term 2 for conf: {index: 1, cur=peers:[s3|localhost:15152, s4|localhost:15156, s0|localhost:15140, s1|localhost:15144, s2|localhost:15148]|listeners:[], old=null}
2024-10-07 19:12:45,883 [NettyRpcService-workerGroup--thread3] INFO  server.RaftServer$Division (RaftServerImpl.java:requestVote(1443)) - s1@group-F5D0649D4159: receive requestVote(PRE_VOTE, s0, group-F5D0649D4159, 2, (t:2, i:2))
2024-10-07 19:12:45,883 [s0@group-F5D0649D4159-LeaderElection18] INFO  impl.LeaderElection (LogUtils.java:infoOrTrace(136)) - s0@group-F5D0649D4159-LeaderElection18 got exception when requesting votes: java.util.concurrent.ExecutionException: org.apache.ratis.thirdparty.io.netty.channel.AbstractChannel$AnnotatedConnectException: finishConnect(..) failed: Connection refused: localhost/127.0.0.1:15156
2024-10-07 19:12:45,883 [s0@group-F5D0649D4159-LeaderElection18] INFO  impl.LeaderElection (LogUtils.java:infoOrTrace(136)) - s0@group-F5D0649D4159-LeaderElection18 got exception when requesting votes: java.util.concurrent.ExecutionException: org.apache.ratis.thirdparty.io.netty.channel.AbstractChannel$AnnotatedConnectException: finishConnect(..) failed: Connection refused: localhost/127.0.0.1:15148
2024-10-07 19:12:45,883 [NettyRpcService-workerGroup--thread3] INFO  impl.VoteContext (VoteContext.java:log(49)) - s1@group-F5D0649D4159-CANDIDATE: accept PRE_VOTE from s0: our priority 0 <= candidate's priority 0
2024-10-07 19:12:45,883 [NettyRpcService-workerGroup--thread3] INFO  server.RaftServer$Division (RaftServerImpl.java:requestVote(1476)) - s1@group-F5D0649D4159 replies to PRE_VOTE vote request: s0<-s1#0:OK-t2. Peer's state: s1@group-F5D0649D4159:t2, leader=null, voted=s4, raftlog=Memoized:s1@group-F5D0649D4159-SegmentedRaftLog:OPENED:c2:last(t:2, i:2), conf=conf: {index: 1, cur=peers:[s3|localhost:15152, s4|localhost:15156, s0|localhost:15140, s1|localhost:15144, s2|localhost:15148]|listeners:[], old=null}
2024-10-07 19:12:46,036 [main] WARN  ratis.RaftTestUtil (RaftTestUtil.java:lambda$waitForLeader$3(126)) - Attempt #99 failed: java.lang.IllegalStateException: No leader yet : printing ALL groups
  s3:  RUNNING  FOLLOWER s3@group-F5D0649D4159:t1, leader=null, voted=null, raftlog=Memoized:s3@group-F5D0649D4159-SegmentedRaftLog:OPENED:c-1:lastnull, conf=conf: {index: -1, cur=peers:[s3|localhost:15152, s4|localhost:15156, s0|localhost:15140, s1|localhost:15144, s2|localhost:15148]|listeners:[], old=null} RUNNING
  s4:   CLOSED    LEADER s4@group-F5D0649D4159:t2, leader=s4, voted=s4, raftlog=Memoized:s4@group-F5D0649D4159-SegmentedRaftLog:CLOSED:c2, conf=conf: {index: 1, cur=peers:[s3|localhost:15152, s4|localhost:15156, s0|localhost:15140, s1|localhost:15144, s2|localhost:15148]|listeners:[], old=null} CLOSED
  s0:  RUNNING CANDIDATE s0@group-F5D0649D4159:t2, leader=null, voted=s4, raftlog=Memoized:s0@group-F5D0649D4159-SegmentedRaftLog:OPENED:c2:last(t:2, i:2), conf=conf: {index: 1, cur=peers:[s3|localhost:15152, s4|localhost:15156, s0|localhost:15140, s1|localhost:15144, s2|localhost:15148]|listeners:[], old=null} RUNNING
  s1:  RUNNING CANDIDATE s1@group-F5D0649D4159:t2, leader=null, voted=s4, raftlog=Memoized:s1@group-F5D0649D4159-SegmentedRaftLog:OPENED:c2:last(t:2, i:2), conf=conf: {index: 1, cur=peers:[s3|localhost:15152, s4|localhost:15156, s0|localhost:15140, s1|localhost:15144, s2|localhost:15148]|listeners:[], old=null} RUNNING
  s2:   CLOSED    LEADER s2@group-F5D0649D4159:t1, leader=s2, voted=s2, raftlog=Memoized:s2@group-F5D0649D4159-SegmentedRaftLog:CLOSED:c0, conf=conf: {index: 0, cur=peers:[s3|localhost:15152, s4|localhost:15156, s0|localhost:15140, s1|localhost:15144, s2|localhost:15148]|listeners:[], old=null} CLOSED
2024-10-07 19:12:46,045 [s0@group-F5D0649D4159-LeaderElection18] INFO  impl.LeaderElection (LeaderElection.java:logAndReturn(90)) - s0@group-F5D0649D4159-LeaderElection18: PRE_VOTE TIMEOUT received 1 response(s) and 2 exception(s):
2024-10-07 19:12:46,045 [s0@group-F5D0649D4159-LeaderElection18] INFO  impl.LeaderElection (LeaderElection.java:logAndReturn(94)) -   Response 0: s0<-s1#0:OK-t2
2024-10-07 19:12:46,045 [s0@group-F5D0649D4159-LeaderElection18] INFO  impl.LeaderElection (LogUtils.java:infoOrTrace(136)) -   Exception 1: java.util.concurrent.ExecutionException: org.apache.ratis.thirdparty.io.netty.channel.AbstractChannel$AnnotatedConnectException: finishConnect(..) failed: Connection refused: localhost/127.0.0.1:15156
2024-10-07 19:12:46,045 [s0@group-F5D0649D4159-LeaderElection18] INFO  impl.LeaderElection (LogUtils.java:infoOrTrace(136)) -   Exception 2: java.util.concurrent.ExecutionException: org.apache.ratis.thirdparty.io.netty.channel.AbstractChannel$AnnotatedConnectException: finishConnect(..) failed: Connection refused: localhost/127.0.0.1:15148
2024-10-07 19:12:46,045 [s0@group-F5D0649D4159-LeaderElection18] INFO  impl.LeaderElection (LeaderElection.java:askForVotes(339)) - s0@group-F5D0649D4159-LeaderElection18 PRE_VOTE round 176: result TIMEOUT
2024-10-07 19:12:46,045 [s0@group-F5D0649D4159-LeaderElection18] INFO  impl.LeaderElection (LeaderElection.java:askForVotes(337)) - s0@group-F5D0649D4159-LeaderElection18 PRE_VOTE round 177: submit vote requests at term 2 for conf: {index: 1, cur=peers:[s3|localhost:15152, s4|localhost:15156, s0|localhost:15140, s1|localhost:15144, s2|localhost:15148]|listeners:[], old=null}
2024-10-07 19:12:46,046 [NettyRpcService-workerGroup--thread3] INFO  server.RaftServer$Division (RaftServerImpl.java:requestVote(1443)) - s1@group-F5D0649D4159: receive requestVote(PRE_VOTE, s0, group-F5D0649D4159, 2, (t:2, i:2))
2024-10-07 19:12:46,046 [NettyRpcService-workerGroup--thread3] INFO  impl.VoteContext (VoteContext.java:log(49)) - s1@group-F5D0649D4159-CANDIDATE: accept PRE_VOTE from s0: our priority 0 <= candidate's priority 0
2024-10-07 19:12:46,046 [s0@group-F5D0649D4159-LeaderElection18] INFO  impl.LeaderElection (LogUtils.java:infoOrTrace(136)) - s0@group-F5D0649D4159-LeaderElection18 got exception when requesting votes: java.util.concurrent.ExecutionException: org.apache.ratis.thirdparty.io.netty.channel.AbstractChannel$AnnotatedConnectException: finishConnect(..) failed: Connection refused: localhost/127.0.0.1:15156
2024-10-07 19:12:46,046 [s0@group-F5D0649D4159-LeaderElection18] INFO  impl.LeaderElection (LogUtils.java:infoOrTrace(136)) - s0@group-F5D0649D4159-LeaderElection18 got exception when requesting votes: java.util.concurrent.ExecutionException: org.apache.ratis.thirdparty.io.netty.channel.AbstractChannel$AnnotatedConnectException: finishConnect(..) failed: Connection refused: localhost/127.0.0.1:15148
2024-10-07 19:12:46,046 [NettyRpcService-workerGroup--thread3] INFO  server.RaftServer$Division (RaftServerImpl.java:requestVote(1476)) - s1@group-F5D0649D4159 replies to PRE_VOTE vote request: s0<-s1#0:OK-t2. Peer's state: s1@group-F5D0649D4159:t2, leader=null, voted=s4, raftlog=Memoized:s1@group-F5D0649D4159-SegmentedRaftLog:OPENED:c2:last(t:2, i:2), conf=conf: {index: 1, cur=peers:[s3|localhost:15152, s4|localhost:15156, s0|localhost:15140, s1|localhost:15144, s2|localhost:15148]|listeners:[], old=null}
2024-10-07 19:12:46,131 [s1@group-F5D0649D4159-LeaderElection17] INFO  impl.LeaderElection (LeaderElection.java:logAndReturn(90)) - s1@group-F5D0649D4159-LeaderElection17: PRE_VOTE TIMEOUT received 1 response(s) and 2 exception(s):
2024-10-07 19:12:46,131 [s1@group-F5D0649D4159-LeaderElection17] INFO  impl.LeaderElection (LeaderElection.java:logAndReturn(94)) -   Response 0: s1<-s0#0:OK-t2
2024-10-07 19:12:46,131 [s1@group-F5D0649D4159-LeaderElection17] INFO  impl.LeaderElection (LogUtils.java:infoOrTrace(136)) -   Exception 1: java.util.concurrent.ExecutionException: org.apache.ratis.thirdparty.io.netty.channel.AbstractChannel$AnnotatedConnectException: finishConnect(..) failed: Connection refused: localhost/127.0.0.1:15148
2024-10-07 19:12:46,131 [s1@group-F5D0649D4159-LeaderElection17] INFO  impl.LeaderElection (LogUtils.java:infoOrTrace(136)) -   Exception 2: java.util.concurrent.ExecutionException: org.apache.ratis.thirdparty.io.netty.channel.AbstractChannel$AnnotatedConnectException: finishConnect(..) failed: Connection refused: localhost/127.0.0.1:15156
2024-10-07 19:12:46,131 [s1@group-F5D0649D4159-LeaderElection17] INFO  impl.LeaderElection (LeaderElection.java:askForVotes(339)) - s1@group-F5D0649D4159-LeaderElection17 PRE_VOTE round 194: result TIMEOUT
2024-10-07 19:12:46,131 [s1@group-F5D0649D4159-LeaderElection17] INFO  impl.LeaderElection (LeaderElection.java:askForVotes(337)) - s1@group-F5D0649D4159-LeaderElection17 PRE_VOTE round 195: submit vote requests at term 2 for conf: {index: 1, cur=peers:[s3|localhost:15152, s4|localhost:15156, s0|localhost:15140, s1|localhost:15144, s2|localhost:15148]|listeners:[], old=null}
2024-10-07 19:12:46,132 [NettyRpcService-workerGroup--thread3] INFO  server.RaftServer$Division (RaftServerImpl.java:requestVote(1443)) - s0@group-F5D0649D4159: receive requestVote(PRE_VOTE, s1, group-F5D0649D4159, 2, (t:2, i:2))
2024-10-07 19:12:46,132 [NettyRpcService-workerGroup--thread3] INFO  impl.VoteContext (VoteContext.java:log(49)) - s0@group-F5D0649D4159-CANDIDATE: accept PRE_VOTE from s1: our priority 0 <= candidate's priority 0
2024-10-07 19:12:46,132 [NettyRpcService-workerGroup--thread3] INFO  server.RaftServer$Division (RaftServerImpl.java:requestVote(1476)) - s0@group-F5D0649D4159 replies to PRE_VOTE vote request: s1<-s0#0:OK-t2. Peer's state: s0@group-F5D0649D4159:t2, leader=null, voted=s4, raftlog=Memoized:s0@group-F5D0649D4159-SegmentedRaftLog:OPENED:c2:last(t:2, i:2), conf=conf: {index: 1, cur=peers:[s3|localhost:15152, s4|localhost:15156, s0|localhost:15140, s1|localhost:15144, s2|localhost:15148]|listeners:[], old=null}
2024-10-07 19:12:46,132 [s1@group-F5D0649D4159-LeaderElection17] INFO  impl.LeaderElection (LogUtils.java:infoOrTrace(136)) - s1@group-F5D0649D4159-LeaderElection17 got exception when requesting votes: java.util.concurrent.ExecutionException: org.apache.ratis.thirdparty.io.netty.channel.AbstractChannel$AnnotatedConnectException: finishConnect(..) failed: Connection refused: localhost/127.0.0.1:15148
2024-10-07 19:12:46,133 [s1@group-F5D0649D4159-LeaderElection17] INFO  impl.LeaderElection (LogUtils.java:infoOrTrace(136)) - s1@group-F5D0649D4159-LeaderElection17 got exception when requesting votes: java.util.concurrent.ExecutionException: org.apache.ratis.thirdparty.io.netty.channel.AbstractChannel$AnnotatedConnectException: finishConnect(..) failed: Connection refused: localhost/127.0.0.1:15156
2024-10-07 19:12:46,292 [s0@group-F5D0649D4159-LeaderElection18] INFO  impl.LeaderElection (LeaderElection.java:logAndReturn(90)) - s0@group-F5D0649D4159-LeaderElection18: PRE_VOTE TIMEOUT received 1 response(s) and 2 exception(s):
2024-10-07 19:12:46,292 [s0@group-F5D0649D4159-LeaderElection18] INFO  impl.LeaderElection (LeaderElection.java:logAndReturn(94)) -   Response 0: s0<-s1#0:OK-t2
2024-10-07 19:12:46,292 [s0@group-F5D0649D4159-LeaderElection18] INFO  impl.LeaderElection (LogUtils.java:infoOrTrace(136)) -   Exception 1: java.util.concurrent.ExecutionException: org.apache.ratis.thirdparty.io.netty.channel.AbstractChannel$AnnotatedConnectException: finishConnect(..) failed: Connection refused: localhost/127.0.0.1:15156
2024-10-07 19:12:46,292 [s0@group-F5D0649D4159-LeaderElection18] INFO  impl.LeaderElection (LogUtils.java:infoOrTrace(136)) -   Exception 2: java.util.concurrent.ExecutionException: org.apache.ratis.thirdparty.io.netty.channel.AbstractChannel$AnnotatedConnectException: finishConnect(..) failed: Connection refused: localhost/127.0.0.1:15148
2024-10-07 19:12:46,292 [s0@group-F5D0649D4159-LeaderElection18] INFO  impl.LeaderElection (LeaderElection.java:askForVotes(339)) - s0@group-F5D0649D4159-LeaderElection18 PRE_VOTE round 177: result TIMEOUT
2024-10-07 19:12:46,292 [s0@group-F5D0649D4159-LeaderElection18] INFO  impl.LeaderElection (LeaderElection.java:askForVotes(337)) - s0@group-F5D0649D4159-LeaderElection18 PRE_VOTE round 178: submit vote requests at term 2 for conf: {index: 1, cur=peers:[s3|localhost:15152, s4|localhost:15156, s0|localhost:15140, s1|localhost:15144, s2|localhost:15148]|listeners:[], old=null}
2024-10-07 19:12:46,293 [NettyRpcService-workerGroup--thread3] INFO  server.RaftServer$Division (RaftServerImpl.java:requestVote(1443)) - s1@group-F5D0649D4159: receive requestVote(PRE_VOTE, s0, group-F5D0649D4159, 2, (t:2, i:2))
2024-10-07 19:12:46,293 [NettyRpcService-workerGroup--thread3] INFO  impl.VoteContext (VoteContext.java:log(49)) - s1@group-F5D0649D4159-CANDIDATE: accept PRE_VOTE from s0: our priority 0 <= candidate's priority 0
2024-10-07 19:12:46,293 [NettyRpcService-workerGroup--thread3] INFO  server.RaftServer$Division (RaftServerImpl.java:requestVote(1476)) - s1@group-F5D0649D4159 replies to PRE_VOTE vote request: s0<-s1#0:OK-t2. Peer's state: s1@group-F5D0649D4159:t2, leader=null, voted=s4, raftlog=Memoized:s1@group-F5D0649D4159-SegmentedRaftLog:OPENED:c2:last(t:2, i:2), conf=conf: {index: 1, cur=peers:[s3|localhost:15152, s4|localhost:15156, s0|localhost:15140, s1|localhost:15144, s2|localhost:15148]|listeners:[], old=null}
2024-10-07 19:12:46,293 [s0@group-F5D0649D4159-LeaderElection18] INFO  impl.LeaderElection (LogUtils.java:infoOrTrace(136)) - s0@group-F5D0649D4159-LeaderElection18 got exception when requesting votes: java.util.concurrent.ExecutionException: org.apache.ratis.thirdparty.io.netty.channel.AbstractChannel$AnnotatedConnectException: finishConnect(..) failed: Connection refused: localhost/127.0.0.1:15148
2024-10-07 19:12:46,294 [s0@group-F5D0649D4159-LeaderElection18] INFO  impl.LeaderElection (LogUtils.java:infoOrTrace(136)) - s0@group-F5D0649D4159-LeaderElection18 got exception when requesting votes: java.util.concurrent.ExecutionException: org.apache.ratis.thirdparty.io.netty.channel.AbstractChannel$AnnotatedConnectException: finishConnect(..) failed: Connection refused: localhost/127.0.0.1:15156
2024-10-07 19:12:46,297 [s1@group-F5D0649D4159-LeaderElection17] INFO  impl.LeaderElection (LeaderElection.java:logAndReturn(90)) - s1@group-F5D0649D4159-LeaderElection17: PRE_VOTE TIMEOUT received 1 response(s) and 2 exception(s):
2024-10-07 19:12:46,297 [s1@group-F5D0649D4159-LeaderElection17] INFO  impl.LeaderElection (LeaderElection.java:logAndReturn(94)) -   Response 0: s1<-s0#0:OK-t2
2024-10-07 19:12:46,297 [s1@group-F5D0649D4159-LeaderElection17] INFO  impl.LeaderElection (LogUtils.java:infoOrTrace(136)) -   Exception 1: java.util.concurrent.ExecutionException: org.apache.ratis.thirdparty.io.netty.channel.AbstractChannel$AnnotatedConnectException: finishConnect(..) failed: Connection refused: localhost/127.0.0.1:15148
2024-10-07 19:12:46,297 [s1@group-F5D0649D4159-LeaderElection17] INFO  impl.LeaderElection (LogUtils.java:infoOrTrace(136)) -   Exception 2: java.util.concurrent.ExecutionException: org.apache.ratis.thirdparty.io.netty.channel.AbstractChannel$AnnotatedConnectException: finishConnect(..) failed: Connection refused: localhost/127.0.0.1:15156
2024-10-07 19:12:46,297 [s1@group-F5D0649D4159-LeaderElection17] INFO  impl.LeaderElection (LeaderElection.java:askForVotes(339)) - s1@group-F5D0649D4159-LeaderElection17 PRE_VOTE round 195: result TIMEOUT
2024-10-07 19:12:46,297 [s1@group-F5D0649D4159-LeaderElection17] INFO  impl.LeaderElection (LeaderElection.java:askForVotes(337)) - s1@group-F5D0649D4159-LeaderElection17 PRE_VOTE round 196: submit vote requests at term 2 for conf: {index: 1, cur=peers:[s3|localhost:15152, s4|localhost:15156, s0|localhost:15140, s1|localhost:15144, s2|localhost:15148]|listeners:[], old=null}
2024-10-07 19:12:46,298 [NettyRpcService-workerGroup--thread3] INFO  server.RaftServer$Division (RaftServerImpl.java:requestVote(1443)) - s0@group-F5D0649D4159: receive requestVote(PRE_VOTE, s1, group-F5D0649D4159, 2, (t:2, i:2))
2024-10-07 19:12:46,298 [NettyRpcService-workerGroup--thread3] INFO  impl.VoteContext (VoteContext.java:log(49)) - s0@group-F5D0649D4159-CANDIDATE: accept PRE_VOTE from s1: our priority 0 <= candidate's priority 0
2024-10-07 19:12:46,298 [NettyRpcService-workerGroup--thread3] INFO  server.RaftServer$Division (RaftServerImpl.java:requestVote(1476)) - s0@group-F5D0649D4159 replies to PRE_VOTE vote request: s1<-s0#0:OK-t2. Peer's state: s0@group-F5D0649D4159:t2, leader=null, voted=s4, raftlog=Memoized:s0@group-F5D0649D4159-SegmentedRaftLog:OPENED:c2:last(t:2, i:2), conf=conf: {index: 1, cur=peers:[s3|localhost:15152, s4|localhost:15156, s0|localhost:15140, s1|localhost:15144, s2|localhost:15148]|listeners:[], old=null}
2024-10-07 19:12:46,298 [s1@group-F5D0649D4159-LeaderElection17] INFO  impl.LeaderElection (LogUtils.java:infoOrTrace(136)) - s1@group-F5D0649D4159-LeaderElection17 got exception when requesting votes: java.util.concurrent.ExecutionException: org.apache.ratis.thirdparty.io.netty.channel.AbstractChannel$AnnotatedConnectException: finishConnect(..) failed: Connection refused: localhost/127.0.0.1:15148
2024-10-07 19:12:46,299 [s1@group-F5D0649D4159-LeaderElection17] INFO  impl.LeaderElection (LogUtils.java:infoOrTrace(136)) - s1@group-F5D0649D4159-LeaderElection17 got exception when requesting votes: java.util.concurrent.ExecutionException: org.apache.ratis.thirdparty.io.netty.channel.AbstractChannel$AnnotatedConnectException: finishConnect(..) failed: Connection refused: localhost/127.0.0.1:15156
2024-10-07 19:12:46,486 [s1@group-F5D0649D4159-LeaderElection17] INFO  impl.LeaderElection (LeaderElection.java:logAndReturn(90)) - s1@group-F5D0649D4159-LeaderElection17: PRE_VOTE TIMEOUT received 1 response(s) and 2 exception(s):
2024-10-07 19:12:46,486 [s1@group-F5D0649D4159-LeaderElection17] INFO  impl.LeaderElection (LeaderElection.java:logAndReturn(94)) -   Response 0: s1<-s0#0:OK-t2
2024-10-07 19:12:46,486 [s1@group-F5D0649D4159-LeaderElection17] INFO  impl.LeaderElection (LogUtils.java:infoOrTrace(136)) -   Exception 1: java.util.concurrent.ExecutionException: org.apache.ratis.thirdparty.io.netty.channel.AbstractChannel$AnnotatedConnectException: finishConnect(..) failed: Connection refused: localhost/127.0.0.1:15148
2024-10-07 19:12:46,486 [s1@group-F5D0649D4159-LeaderElection17] INFO  impl.LeaderElection (LogUtils.java:infoOrTrace(136)) -   Exception 2: java.util.concurrent.ExecutionException: org.apache.ratis.thirdparty.io.netty.channel.AbstractChannel$AnnotatedConnectException: finishConnect(..) failed: Connection refused: localhost/127.0.0.1:15156
2024-10-07 19:12:46,486 [s1@group-F5D0649D4159-LeaderElection17] INFO  impl.LeaderElection (LeaderElection.java:askForVotes(339)) - s1@group-F5D0649D4159-LeaderElection17 PRE_VOTE round 196: result TIMEOUT
2024-10-07 19:12:46,486 [s1@group-F5D0649D4159-LeaderElection17] INFO  impl.LeaderElection (LeaderElection.java:askForVotes(337)) - s1@group-F5D0649D4159-LeaderElection17 PRE_VOTE round 197: submit vote requests at term 2 for conf: {index: 1, cur=peers:[s3|localhost:15152, s4|localhost:15156, s0|localhost:15140, s1|localhost:15144, s2|localhost:15148]|listeners:[], old=null}
2024-10-07 19:12:46,486 [main] WARN  ratis.RaftTestUtil (RaftTestUtil.java:lambda$waitForLeader$3(126)) - Attempt #100 failed: java.lang.IllegalStateException: No leader yet : printing ALL groups
  s3:  RUNNING  FOLLOWER s3@group-F5D0649D4159:t1, leader=null, voted=null, raftlog=Memoized:s3@group-F5D0649D4159-SegmentedRaftLog:OPENED:c-1:lastnull, conf=conf: {index: -1, cur=peers:[s3|localhost:15152, s4|localhost:15156, s0|localhost:15140, s1|localhost:15144, s2|localhost:15148]|listeners:[], old=null} RUNNING
  s4:   CLOSED    LEADER s4@group-F5D0649D4159:t2, leader=s4, voted=s4, raftlog=Memoized:s4@group-F5D0649D4159-SegmentedRaftLog:CLOSED:c2, conf=conf: {index: 1, cur=peers:[s3|localhost:15152, s4|localhost:15156, s0|localhost:15140, s1|localhost:15144, s2|localhost:15148]|listeners:[], old=null} CLOSED
  s0:  RUNNING CANDIDATE s0@group-F5D0649D4159:t2, leader=null, voted=s4, raftlog=Memoized:s0@group-F5D0649D4159-SegmentedRaftLog:OPENED:c2:last(t:2, i:2), conf=conf: {index: 1, cur=peers:[s3|localhost:15152, s4|localhost:15156, s0|localhost:15140, s1|localhost:15144, s2|localhost:15148]|listeners:[], old=null} RUNNING
  s1:  RUNNING CANDIDATE s1@group-F5D0649D4159:t2, leader=null, voted=s4, raftlog=Memoized:s1@group-F5D0649D4159-SegmentedRaftLog:OPENED:c2:last(t:2, i:2), conf=conf: {index: 1, cur=peers:[s3|localhost:15152, s4|localhost:15156, s0|localhost:15140, s1|localhost:15144, s2|localhost:15148]|listeners:[], old=null} RUNNING
  s2:   CLOSED    LEADER s2@group-F5D0649D4159:t1, leader=s2, voted=s2, raftlog=Memoized:s2@group-F5D0649D4159-SegmentedRaftLog:CLOSED:c0, conf=conf: {index: 0, cur=peers:[s3|localhost:15152, s4|localhost:15156, s0|localhost:15140, s1|localhost:15144, s2|localhost:15148]|listeners:[], old=null} CLOSED
2024-10-07 19:12:46,487 [NettyRpcService-workerGroup--thread3] INFO  server.RaftServer$Division (RaftServerImpl.java:requestVote(1443)) - s0@group-F5D0649D4159: receive requestVote(PRE_VOTE, s1, group-F5D0649D4159, 2, (t:2, i:2))
2024-10-07 19:12:46,487 [NettyRpcService-workerGroup--thread3] INFO  impl.VoteContext (VoteContext.java:log(49)) - s0@group-F5D0649D4159-CANDIDATE: accept PRE_VOTE from s1: our priority 0 <= candidate's priority 0
2024-10-07 19:12:46,488 [NettyRpcService-workerGroup--thread3] INFO  server.RaftServer$Division (RaftServerImpl.java:requestVote(1476)) - s0@group-F5D0649D4159 replies to PRE_VOTE vote request: s1<-s0#0:OK-t2. Peer's state: s0@group-F5D0649D4159:t2, leader=null, voted=s4, raftlog=Memoized:s0@group-F5D0649D4159-SegmentedRaftLog:OPENED:c2:last(t:2, i:2), conf=conf: {index: 1, cur=peers:[s3|localhost:15152, s4|localhost:15156, s0|localhost:15140, s1|localhost:15144, s2|localhost:15148]|listeners:[], old=null}
2024-10-07 19:12:46,488 [s1@group-F5D0649D4159-LeaderElection17] INFO  impl.LeaderElection (LogUtils.java:infoOrTrace(136)) - s1@group-F5D0649D4159-LeaderElection17 got exception when requesting votes: java.util.concurrent.ExecutionException: org.apache.ratis.thirdparty.io.netty.channel.AbstractChannel$AnnotatedConnectException: finishConnect(..) failed: Connection refused: localhost/127.0.0.1:15156
2024-10-07 19:12:46,488 [s1@group-F5D0649D4159-LeaderElection17] INFO  impl.LeaderElection (LogUtils.java:infoOrTrace(136)) - s1@group-F5D0649D4159-LeaderElection17 got exception when requesting votes: java.util.concurrent.ExecutionException: org.apache.ratis.thirdparty.io.netty.channel.AbstractChannel$AnnotatedConnectException: finishConnect(..) failed: Connection refused: localhost/127.0.0.1:15148
]]></system-out>
  </testcase>
  <testcase name="testChangeFollowerToListener" classname="org.apache.ratis.netty.TestLeaderElectionWithNetty" time="1.904"/>
  <testcase name="testTransferLeader" classname="org.apache.ratis.netty.TestLeaderElectionWithNetty" time="2.369"/>
  <testcase name="testPauseResumeLeaderElection" classname="org.apache.ratis.netty.TestLeaderElectionWithNetty" time="2.004"/>
  <testcase name="testYieldLeaderToHigherPriority" classname="org.apache.ratis.netty.TestLeaderElectionWithNetty" time="2.888"/>
  <testcase name="testLeaderLeaseDuringReconfiguration" classname="org.apache.ratis.netty.TestLeaderElectionWithNetty" time="1.7"/>
  <testcase name="testChangeLeader" classname="org.apache.ratis.netty.TestLeaderElectionWithNetty" time="6.852"/>
  <testcase name="testChangeListenerToFollower" classname="org.apache.ratis.netty.TestLeaderElectionWithNetty" time="1.779"/>
  <testcase name="testShutdownBeforeStart" classname="org.apache.ratis.netty.TestLeaderElectionWithNetty" time="1.51"/>
  <testcase name="testLeaderLease" classname="org.apache.ratis.netty.TestLeaderElectionWithNetty" time="1.798"/>
  <testcase name="testLeaderNotCountListenerForMajority" classname="org.apache.ratis.netty.TestLeaderElectionWithNetty" time="1.807"/>
  <testcase name="testImmediatelyRevertedToFollower" classname="org.apache.ratis.netty.TestLeaderElectionWithNetty" time="0.006"/>
  <testcase name="testLeaderElectionMetrics" classname="org.apache.ratis.netty.TestLeaderElectionWithNetty" time="1.413"/>
  <testcase name="testEnforceLeader" classname="org.apache.ratis.netty.TestLeaderElectionWithNetty" time="8.243"/>
  <testcase name="testDisconnectLeader" classname="org.apache.ratis.netty.TestLeaderElectionWithNetty" time="3.33"/>
</testsuite>