<?xml version="1.0" encoding="UTF-8"?>
<testsuite xmlns:xsi="http://www.w3.org/2001/XMLSchema-instance" xsi:noNamespaceSchemaLocation="https://maven.apache.org/surefire/maven-surefire-plugin/xsd/surefire-test-report.xsd" name="org.apache.ratis.grpc.TestInstallSnapshotNotificationWithGrpc" time="32.079" tests="5" errors="0" skipped="0" failures="1">
  <properties>
    <property name="awt.toolkit" value="sun.awt.X11.XToolkit"/>
    <property name="java.specification.version" value="11"/>
    <property name="sun.cpu.isalist" value=""/>
    <property name="sun.jnu.encoding" value="UTF-8"/>
    <property name="java.class.path" value="/home/runner/work/ratis/ratis/ratis-test/target/test-classes:/home/runner/work/ratis/ratis/ratis-test/target/classes:/home/runner/work/ratis/ratis/ratis-common/target/classes:/home/runner/.m2/repository/org/apache/ratis/ratis-thirdparty-misc/1.0.2/ratis-thirdparty-misc-1.0.2.jar:/home/runner/work/ratis/ratis/ratis-proto/target/ratis-proto-3.0.0-SNAPSHOT.jar:/home/runner/work/ratis/ratis/ratis-common/target/test-classes:/home/runner/work/ratis/ratis/ratis-client/target/classes:/home/runner/work/ratis/ratis/ratis-server/target/classes:/home/runner/work/ratis/ratis/ratis-server-api/target/classes:/home/runner/work/ratis/ratis/ratis-metrics-api/target/classes:/home/runner/work/ratis/ratis/ratis-server/target/test-classes:/home/runner/work/ratis/ratis/ratis-metrics-default/target/classes:/home/runner/work/ratis/ratis/ratis-netty/target/classes:/home/runner/work/ratis/ratis/ratis-netty/target/test-classes:/home/runner/work/ratis/ratis/ratis-grpc/target/classes:/home/runner/work/ratis/ratis/ratis-grpc/target/test-classes:/home/runner/.m2/repository/org/slf4j/slf4j-api/1.7.29/slf4j-api-1.7.29.jar:/home/runner/.m2/repository/org/slf4j/slf4j-log4j12/1.7.29/slf4j-log4j12-1.7.29.jar:/home/runner/.m2/repository/log4j/log4j/1.2.17/log4j-1.2.17.jar:/home/runner/.m2/repository/junit/junit/4.13.2/junit-4.13.2.jar:/home/runner/.m2/repository/org/hamcrest/hamcrest-core/1.3/hamcrest-core-1.3.jar:/home/runner/.m2/repository/org/mockito/mockito-core/4.3.1/mockito-core-4.3.1.jar:/home/runner/.m2/repository/net/bytebuddy/byte-buddy/1.12.7/byte-buddy-1.12.7.jar:/home/runner/.m2/repository/net/bytebuddy/byte-buddy-agent/1.12.7/byte-buddy-agent-1.12.7.jar:/home/runner/.m2/repository/org/objenesis/objenesis/3.2/objenesis-3.2.jar:/home/runner/work/ratis/ratis/ratis-shell/target/classes:/home/runner/.m2/repository/commons-cli/commons-cli/1.5.0/commons-cli-1.5.0.jar:/home/runner/.m2/repository/org/slf4j/slf4j-simple/1.7.29/slf4j-simple-1.7.29.jar:/home/runner/.m2/repository/org/reflections/reflections/0.10.2/reflections-0.10.2.jar:/home/runner/.m2/repository/org/javassist/javassist/3.28.0-GA/javassist-3.28.0-GA.jar:/home/runner/.m2/repository/com/google/code/findbugs/jsr305/3.0.2/jsr305-3.0.2.jar:"/>
    <property name="java.vm.vendor" value="Eclipse Adoptium"/>
    <property name="sun.arch.data.model" value="64"/>
    <property name="java.vendor.url" value="https://adoptium.net/"/>
    <property name="user.timezone" value=""/>
    <property name="java.vm.specification.version" value="11"/>
    <property name="os.name" value="Linux"/>
    <property name="sun.java.launcher" value="SUN_STANDARD"/>
    <property name="sun.boot.library.path" value="/usr/lib/jvm/temurin-11-jdk-amd64/lib"/>
    <property name="sun.java.command" value="/home/runner/work/ratis/ratis/ratis-test/target/surefire/surefirebooter12719136926557112214.jar /home/runner/work/ratis/ratis/ratis-test/target/surefire 2022-10-13T10-30-08_835-jvmRun1 surefire3465876392545764469tmp surefire_298939825931768755779tmp"/>
    <property name="jdk.debug" value="release"/>
    <property name="surefire.test.class.path" value="/home/runner/work/ratis/ratis/ratis-test/target/test-classes:/home/runner/work/ratis/ratis/ratis-test/target/classes:/home/runner/work/ratis/ratis/ratis-common/target/classes:/home/runner/.m2/repository/org/apache/ratis/ratis-thirdparty-misc/1.0.2/ratis-thirdparty-misc-1.0.2.jar:/home/runner/work/ratis/ratis/ratis-proto/target/ratis-proto-3.0.0-SNAPSHOT.jar:/home/runner/work/ratis/ratis/ratis-common/target/test-classes:/home/runner/work/ratis/ratis/ratis-client/target/classes:/home/runner/work/ratis/ratis/ratis-server/target/classes:/home/runner/work/ratis/ratis/ratis-server-api/target/classes:/home/runner/work/ratis/ratis/ratis-metrics-api/target/classes:/home/runner/work/ratis/ratis/ratis-server/target/test-classes:/home/runner/work/ratis/ratis/ratis-metrics-default/target/classes:/home/runner/work/ratis/ratis/ratis-netty/target/classes:/home/runner/work/ratis/ratis/ratis-netty/target/test-classes:/home/runner/work/ratis/ratis/ratis-grpc/target/classes:/home/runner/work/ratis/ratis/ratis-grpc/target/test-classes:/home/runner/.m2/repository/org/slf4j/slf4j-api/1.7.29/slf4j-api-1.7.29.jar:/home/runner/.m2/repository/org/slf4j/slf4j-log4j12/1.7.29/slf4j-log4j12-1.7.29.jar:/home/runner/.m2/repository/log4j/log4j/1.2.17/log4j-1.2.17.jar:/home/runner/.m2/repository/junit/junit/4.13.2/junit-4.13.2.jar:/home/runner/.m2/repository/org/hamcrest/hamcrest-core/1.3/hamcrest-core-1.3.jar:/home/runner/.m2/repository/org/mockito/mockito-core/4.3.1/mockito-core-4.3.1.jar:/home/runner/.m2/repository/net/bytebuddy/byte-buddy/1.12.7/byte-buddy-1.12.7.jar:/home/runner/.m2/repository/net/bytebuddy/byte-buddy-agent/1.12.7/byte-buddy-agent-1.12.7.jar:/home/runner/.m2/repository/org/objenesis/objenesis/3.2/objenesis-3.2.jar:/home/runner/work/ratis/ratis/ratis-shell/target/classes:/home/runner/.m2/repository/commons-cli/commons-cli/1.5.0/commons-cli-1.5.0.jar:/home/runner/.m2/repository/org/slf4j/slf4j-simple/1.7.29/slf4j-simple-1.7.29.jar:/home/runner/.m2/repository/org/reflections/reflections/0.10.2/reflections-0.10.2.jar:/home/runner/.m2/repository/org/javassist/javassist/3.28.0-GA/javassist-3.28.0-GA.jar:/home/runner/.m2/repository/com/google/code/findbugs/jsr305/3.0.2/jsr305-3.0.2.jar:"/>
    <property name="sun.cpu.endian" value="little"/>
    <property name="user.home" value="/home/runner"/>
    <property name="user.language" value="en"/>
    <property name="java.specification.vendor" value="Oracle Corporation"/>
    <property name="java.version.date" value="2022-08-12"/>
    <property name="java.home" value="/usr/lib/jvm/temurin-11-jdk-amd64"/>
    <property name="file.separator" value="/"/>
    <property name="basedir" value="/home/runner/work/ratis/ratis/ratis-test"/>
    <property name="java.vm.compressedOopsMode" value="32-bit"/>
    <property name="line.separator" value="&#10;"/>
    <property name="java.specification.name" value="Java Platform API Specification"/>
    <property name="java.vm.specification.vendor" value="Oracle Corporation"/>
    <property name="java.awt.graphicsenv" value="sun.awt.X11GraphicsEnvironment"/>
    <property name="surefire.real.class.path" value="/home/runner/work/ratis/ratis/ratis-test/target/surefire/surefirebooter12719136926557112214.jar"/>
    <property name="sun.management.compiler" value="HotSpot 64-Bit Tiered Compilers"/>
    <property name="java.runtime.version" value="11.0.16.1+1"/>
    <property name="user.name" value="runner"/>
    <property name="java.net.preferIPv4Stack" value="true"/>
    <property name="path.separator" value=":"/>
    <property name="os.version" value="5.15.0-1020-azure"/>
    <property name="java.runtime.name" value="OpenJDK Runtime Environment"/>
    <property name="file.encoding" value="UTF-8"/>
    <property name="java.vm.name" value="OpenJDK 64-Bit Server VM"/>
    <property name="java.vendor.version" value="Temurin-11.0.16.1+1"/>
    <property name="localRepository" value="/home/runner/.m2/repository"/>
    <property name="java.vendor.url.bug" value="https://github.com/adoptium/adoptium-support/issues"/>
    <property name="java.io.tmpdir" value="/tmp"/>
    <property name="java.version" value="11.0.16.1"/>
    <property name="user.dir" value="/home/runner/work/ratis/ratis/ratis-test"/>
    <property name="os.arch" value="amd64"/>
    <property name="ratis.tmp.dir" value="/home/runner/work/ratis/ratis/ratis-test/target/tmp"/>
    <property name="java.vm.specification.name" value="Java Virtual Machine Specification"/>
    <property name="java.awt.printerjob" value="sun.print.PSPrinterJob"/>
    <property name="ratis.log.dir" value="/home/runner/work/ratis/ratis/ratis-test/target/log"/>
    <property name="sun.os.patch.level" value="unknown"/>
    <property name="java.library.path" value="/usr/java/packages/lib:/usr/lib64:/lib64:/lib:/usr/lib"/>
    <property name="java.vm.info" value="mixed mode"/>
    <property name="java.vendor" value="Eclipse Adoptium"/>
    <property name="java.vm.version" value="11.0.16.1+1"/>
    <property name="sun.io.unicode.encoding" value="UnicodeLittle"/>
    <property name="java.class.version" value="55.0"/>
  </properties>
  <testcase name="testInstallSnapshotInstalledEvent" classname="org.apache.ratis.grpc.TestInstallSnapshotNotificationWithGrpc" time="5.219"/>
  <testcase name="testAddNewFollowers" classname="org.apache.ratis.grpc.TestInstallSnapshotNotificationWithGrpc" time="8.174">
    <failure type="java.lang.AssertionError">java.lang.AssertionError
	at org.junit.Assert.fail(Assert.java:87)
	at org.junit.Assert.assertTrue(Assert.java:42)
	at org.junit.Assert.assertTrue(Assert.java:53)
	at org.apache.ratis.server.impl.RaftServerTestUtil.waitAndCheckNewConf(RaftServerTestUtil.java:117)
	at org.apache.ratis.server.impl.RaftServerTestUtil.lambda$waitAndCheckNewConf$3(RaftServerTestUtil.java:92)
	at org.apache.ratis.util.function.CheckedRunnable.lambda$asCheckedSupplier$0(CheckedRunnable.java:32)
	at org.apache.ratis.util.JavaUtils.attempt(JavaUtils.java:211)
	at org.apache.ratis.util.JavaUtils.attemptRepeatedly(JavaUtils.java:197)
	at org.apache.ratis.util.JavaUtils.attempt(JavaUtils.java:231)
	at org.apache.ratis.server.impl.RaftServerTestUtil.waitAndCheckNewConf(RaftServerTestUtil.java:92)
	at org.apache.ratis.InstallSnapshotNotificationTests.testAddNewFollowers(InstallSnapshotNotificationTests.java:236)
	at org.apache.ratis.server.impl.MiniRaftCluster$Factory$Get.runWithNewCluster(MiniRaftCluster.java:141)
	at org.apache.ratis.server.impl.MiniRaftCluster$Factory$Get.runWithNewCluster(MiniRaftCluster.java:121)
	at org.apache.ratis.InstallSnapshotNotificationTests.testAddNewFollowers(InstallSnapshotNotificationTests.java:173)
	at java.base/jdk.internal.reflect.NativeMethodAccessorImpl.invoke0(Native Method)
	at java.base/jdk.internal.reflect.NativeMethodAccessorImpl.invoke(NativeMethodAccessorImpl.java:62)
	at java.base/jdk.internal.reflect.DelegatingMethodAccessorImpl.invoke(DelegatingMethodAccessorImpl.java:43)
	at java.base/java.lang.reflect.Method.invoke(Method.java:566)
	at org.junit.runners.model.FrameworkMethod$1.runReflectiveCall(FrameworkMethod.java:59)
	at org.junit.internal.runners.model.ReflectiveCallable.run(ReflectiveCallable.java:12)
	at org.junit.runners.model.FrameworkMethod.invokeExplosively(FrameworkMethod.java:56)
	at org.junit.internal.runners.statements.InvokeMethod.evaluate(InvokeMethod.java:17)
	at org.junit.internal.runners.statements.RunAfters.evaluate(RunAfters.java:27)
	at org.junit.internal.runners.statements.FailOnTimeout$CallableStatement.call(FailOnTimeout.java:299)
	at org.junit.internal.runners.statements.FailOnTimeout$CallableStatement.call(FailOnTimeout.java:293)
	at java.base/java.util.concurrent.FutureTask.run(FutureTask.java:264)
	at java.base/java.lang.Thread.run(Thread.java:829)
</failure>
    <system-out><![CDATA[2022-10-13 10:40:51,776 [main] INFO  util.LogUtils (Log4jUtils.java:setLogLevel(32)) - Set org.apache.ratis.conf.ConfUtils log level to WARN
2022-10-13 10:40:51,776 [main] INFO  util.LogUtils (Log4jUtils.java:setLogLevel(32)) - Set org.apache.ratis.util.FileUtils log level to TRACE
2022-10-13 10:40:51,776 [main] INFO  util.LogUtils (Log4jUtils.java:setLogLevel(32)) - Set org.apache.ratis.server.raftlog.RaftLog log level to DEBUG
2022-10-13 10:40:51,777 [Time-limited test] INFO  impl.MiniRaftCluster (MiniRaftCluster.java:runWithNewCluster(135)) - Running runWithNewCluster
2022-10-13 10:40:51,778 [Time-limited test] INFO  impl.MiniRaftCluster (MiniRaftCluster.java:<init>(306)) - new MiniRaftClusterWithGrpc with group-6905249F38B1:[s0|rpc:localhost:46195|admin:localhost:44717|client:localhost:42765|dataStream:localhost:39399|priority:0|startupRole:FOLLOWER]
2022-10-13 10:40:51,778 [Time-limited test] INFO  impl.MiniRaftCluster (MiniRaftCluster.java:start(339)) - .............................................................. 
2022-10-13 10:40:51,778 [Time-limited test] INFO  impl.MiniRaftCluster (MiniRaftCluster.java:start(340)) - ... 
2022-10-13 10:40:51,778 [Time-limited test] INFO  impl.MiniRaftCluster (MiniRaftCluster.java:start(341)) - ...     Starting MiniRaftClusterWithGrpc
2022-10-13 10:40:51,778 [Time-limited test] INFO  impl.MiniRaftCluster (MiniRaftCluster.java:start(342)) - ... 
2022-10-13 10:40:51,778 [Time-limited test] INFO  impl.MiniRaftCluster (MiniRaftCluster.java:start(343)) - .............................................................. 
2022-10-13 10:40:51,778 [Time-limited test] INFO  impl.MiniRaftCluster (MiniRaftCluster.java:initServers(318)) - servers = {}
2022-10-13 10:40:51,778 [Time-limited test] INFO  impl.MiniRaftCluster (MiniRaftCluster.java:newRaftServer(382)) - newRaftServer: s0, group-6905249F38B1:[s0|rpc:localhost:46195|admin:localhost:44717|client:localhost:42765|dataStream:localhost:39399|priority:0|startupRole:FOLLOWER], format? true
2022-10-13 10:40:51,778 [Time-limited test] TRACE util.FileUtils (FileUtils.java:deleteFully(168)) - deleteFully target/test/data/289fef96/MiniRaftClusterWithGrpcba208ae8/s0
2022-10-13 10:40:51,778 [Time-limited test] TRACE util.FileUtils (FileUtils.java:deleteFully(184)) - deleteFully: target/test/data/289fef96/MiniRaftClusterWithGrpcba208ae8/s0 does not exist.
2022-10-13 10:40:51,778 [Time-limited test] INFO  impl.MiniRaftCluster (MiniRaftCluster.java:newRaftServer(387)) - Formatted directory target/test/data/289fef96/MiniRaftClusterWithGrpcba208ae8/s0
2022-10-13 10:40:51,778 [Time-limited test] INFO  server.RaftServer (ConfUtils.java:logGet(46)) - raft.rpc.type = GRPC (default)
2022-10-13 10:40:51,779 [Time-limited test] INFO  grpc.GrpcConfigKeys (ConfUtils.java:logFallback(53)) - raft.grpc.admin.host = null (fallback to raft.grpc.server.host)
2022-10-13 10:40:51,779 [Time-limited test] INFO  grpc.GrpcConfigKeys (ConfUtils.java:logGet(46)) - raft.grpc.admin.port = 44717 (custom)
2022-10-13 10:40:51,779 [Time-limited test] INFO  grpc.GrpcConfigKeys (ConfUtils.java:logFallback(53)) - raft.grpc.client.host = null (fallback to raft.grpc.server.host)
2022-10-13 10:40:51,779 [Time-limited test] INFO  grpc.GrpcConfigKeys (ConfUtils.java:logGet(46)) - raft.grpc.client.port = 42765 (custom)
2022-10-13 10:40:51,780 [Time-limited test] INFO  grpc.GrpcConfigKeys (ConfUtils.java:logGet(46)) - raft.grpc.server.host = null (default)
2022-10-13 10:40:51,780 [Time-limited test] INFO  grpc.GrpcConfigKeys (ConfUtils.java:logGet(46)) - raft.grpc.server.port = 46195 (custom)
2022-10-13 10:40:51,780 [Time-limited test] INFO  server.GrpcService (ConfUtils.java:logGet(46)) - raft.grpc.message.size.max = 64MB (=67108864) (default)
2022-10-13 10:40:51,780 [Time-limited test] INFO  server.RaftServerConfigKeys (ConfUtils.java:logGet(46)) - raft.server.log.appender.buffer.byte-limit = 4MB (=4194304) (default)
2022-10-13 10:40:51,780 [Time-limited test] INFO  server.GrpcService (ConfUtils.java:logGet(46)) - raft.grpc.flow.control.window = 1MB (=1048576) (default)
2022-10-13 10:40:51,780 [Time-limited test] INFO  server.RaftServerConfigKeys (ConfUtils.java:logGet(46)) - raft.server.rpc.request.timeout = 3000ms (default)
2022-10-13 10:40:51,780 [Time-limited test] INFO  grpc.GrpcConfigKeys (ConfUtils.java:logGet(46)) - raft.grpc.server.heartbeat.channel = true (default)
2022-10-13 10:40:51,780 [Time-limited test] INFO  grpc.GrpcConfigKeys (ConfUtils.java:logGet(46)) - raft.grpc.server.async.request.thread.pool.cached = true (default)
2022-10-13 10:40:51,780 [Time-limited test] INFO  grpc.GrpcConfigKeys (ConfUtils.java:logGet(46)) - raft.grpc.server.async.request.thread.pool.size = 32 (default)
2022-10-13 10:40:51,781 [Time-limited test] INFO  impl.DataStreamServerImpl (ConfUtils.java:logGet(46)) - raft.datastream.type = DISABLED (default)
2022-10-13 10:40:51,782 [Time-limited test] INFO  server.RaftServerConfigKeys (ConfUtils.java:logGet(46)) - raft.server.threadpool.proxy.cached = true (default)
2022-10-13 10:40:51,782 [Time-limited test] INFO  server.RaftServerConfigKeys (ConfUtils.java:logGet(46)) - raft.server.threadpool.proxy.size = 0 (default)
2022-10-13 10:40:51,782 [Time-limited test] INFO  server.RaftServerConfigKeys (ConfUtils.java:logGet(46)) - raft.server.rpc.slowness.timeout = 60s (default)
2022-10-13 10:40:51,782 [Time-limited test] INFO  server.RaftServerConfigKeys (ConfUtils.java:logGet(46)) - raft.server.leaderelection.leader.step-down.wait-time = 10s (default)
2022-10-13 10:40:51,782 [Time-limited test] INFO  server.RaftServerConfigKeys (ConfUtils.java:logGet(46)) - raft.server.storage.dir = [/home/runner/work/ratis/ratis/ratis-test/target/test/data/289fef96/MiniRaftClusterWithGrpcba208ae8/s0] (custom)
2022-10-13 10:40:51,782 [Time-limited test] INFO  server.RaftServer (RaftServerProxy.java:addNew(99)) - s0: addNew group-6905249F38B1:[s0|rpc:localhost:46195|admin:localhost:44717|client:localhost:42765|dataStream:localhost:39399|priority:0|startupRole:FOLLOWER] returns group-6905249F38B1:java.util.concurrent.CompletableFuture@7fcfa940[Not completed]
2022-10-13 10:40:51,783 [pool-11-thread-1] INFO  server.RaftServerConfigKeys (ConfUtils.java:logGet(46)) - raft.server.log.segment.size.max = 8MB (=8388608) (default)
2022-10-13 10:40:51,783 [pool-11-thread-1] INFO  server.RaftServerConfigKeys (ConfUtils.java:logGet(46)) - raft.server.log.preallocated.size = 4MB (=4194304) (default)
2022-10-13 10:40:51,783 [pool-11-thread-1] INFO  server.RaftServerConfigKeys (ConfUtils.java:logGet(46)) - raft.server.log.write.buffer.size = 64KB (=65536) (default)
2022-10-13 10:40:51,783 [pool-11-thread-1] INFO  server.RaftServer$Division (RaftServerImpl.java:<init>(198)) - s0: new RaftServerImpl for group-6905249F38B1:[s0|rpc:localhost:46195|admin:localhost:44717|client:localhost:42765|dataStream:localhost:39399|priority:0|startupRole:FOLLOWER] with StateMachine4InstallSnapshotNotificationTests:uninitialized
2022-10-13 10:40:51,784 [pool-11-thread-1] INFO  server.RaftServerConfigKeys (ConfUtils.java:logGet(46)) - raft.server.rpc.timeout.min = 150ms (default)
2022-10-13 10:40:51,784 [pool-11-thread-1] INFO  server.RaftServerConfigKeys (ConfUtils.java:logGet(46)) - raft.server.rpc.timeout.max = 300ms (default)
2022-10-13 10:40:51,784 [pool-11-thread-1] INFO  server.RaftServerConfigKeys (ConfUtils.java:logGet(46)) - raft.server.rpc.sleep.time = 25ms (default)
2022-10-13 10:40:51,784 [pool-11-thread-1] INFO  server.RaftServerConfigKeys (ConfUtils.java:logGet(46)) - raft.server.rpc.slowness.timeout = 60s (default)
2022-10-13 10:40:51,784 [pool-11-thread-1] INFO  server.RaftServerConfigKeys (ConfUtils.java:logGet(46)) - raft.server.leaderelection.leader.step-down.wait-time = 10s (default)
2022-10-13 10:40:51,784 [pool-11-thread-1] INFO  server.RaftServerConfigKeys (ConfUtils.java:logGet(46)) - raft.server.sleep.deviation.threshold = 300ms (default)
2022-10-13 10:40:51,784 [pool-11-thread-1] INFO  server.RaftServer$Division (ServerState.java:<init>(113)) - s0@group-6905249F38B1: ConfigurationManager, init=-1: peers:[s0|rpc:localhost:46195|admin:localhost:44717|client:localhost:42765|dataStream:localhost:39399|priority:0|startupRole:FOLLOWER]|listeners:[], old=null, confs=<EMPTY_MAP>
2022-10-13 10:40:51,784 [pool-11-thread-1] INFO  server.RaftServerConfigKeys (ConfUtils.java:logGet(46)) - raft.server.notification.no-leader.timeout = 60s (default)
2022-10-13 10:40:51,784 [pool-11-thread-1] INFO  server.RaftServerConfigKeys (ConfUtils.java:logGet(46)) - raft.server.read.timeout = 10s (default)
2022-10-13 10:40:51,784 [pool-11-thread-1] INFO  server.RaftServerConfigKeys (ConfUtils.java:logGet(46)) - raft.server.retrycache.expirytime = 60s (default)
2022-10-13 10:40:51,784 [pool-11-thread-1] INFO  server.RaftServerConfigKeys (ConfUtils.java:logGet(46)) - raft.server.retrycache.statistics.expirytime = 100μs (default)
2022-10-13 10:40:51,784 [pool-11-thread-1] INFO  server.RaftServerConfigKeys (ConfUtils.java:logGet(46)) - raft.server.read.option = DEFAULT (default)
2022-10-13 10:40:51,785 [pool-11-thread-1] INFO  server.RaftServerConfigKeys (ConfUtils.java:logGet(46)) - raft.server.log.appender.install.snapshot.enabled = false (custom)
2022-10-13 10:40:51,785 [pool-11-thread-1] INFO  server.RaftServerConfigKeys (ConfUtils.java:logGet(46)) - raft.server.threadpool.server.cached = true (default)
2022-10-13 10:40:51,785 [pool-11-thread-1] INFO  server.RaftServerConfigKeys (ConfUtils.java:logGet(46)) - raft.server.threadpool.server.size = 0 (default)
2022-10-13 10:40:51,786 [pool-11-thread-1] INFO  server.RaftServerConfigKeys (ConfUtils.java:logGet(46)) - raft.server.threadpool.client.cached = true (default)
2022-10-13 10:40:51,786 [pool-11-thread-1] INFO  server.RaftServerConfigKeys (ConfUtils.java:logGet(46)) - raft.server.threadpool.client.size = 0 (default)
2022-10-13 10:40:51,786 [s0-impl-thread1] INFO  server.RaftServerConfigKeys (ConfUtils.java:logGet(46)) - raft.server.storage.free-space.min = 0MB (=0) (default)
2022-10-13 10:40:51,786 [s0-impl-thread1] INFO  server.RaftServerConfigKeys (ConfUtils.java:logGet(46)) - raft.server.log.corruption.policy = EXCEPTION (default)
2022-10-13 10:40:51,786 [s0-impl-thread1] INFO  server.RaftServerConfigKeys (ConfUtils.java:logGet(46)) - raft.server.storage.dir = [/home/runner/work/ratis/ratis/ratis-test/target/test/data/289fef96/MiniRaftClusterWithGrpcba208ae8/s0] (custom)
2022-10-13 10:40:51,786 [s0-impl-thread1] INFO  storage.RaftStorageDirectory (RaftStorageDirectoryImpl.java:analyzeStorage(138)) - The storage directory /home/runner/work/ratis/ratis/ratis-test/target/test/data/289fef96/MiniRaftClusterWithGrpcba208ae8/s0/9857bba0-c7d0-4bab-84ff-6905249f38b1 does not exist. Creating ...
2022-10-13 10:40:51,787 [s0-impl-thread1] TRACE util.FileUtils (LogUtils.java:runAndLog(49)) - Successfully ran Files.createDirectories /home/runner/work/ratis/ratis/ratis-test/target/test/data/289fef96/MiniRaftClusterWithGrpcba208ae8/s0/9857bba0-c7d0-4bab-84ff-6905249f38b1
2022-10-13 10:40:51,788 [s0-impl-thread1] INFO  storage.RaftStorageDirectory (RaftStorageDirectoryImpl.java:tryLock(232)) - Lock on /home/runner/work/ratis/ratis/ratis-test/target/test/data/289fef96/MiniRaftClusterWithGrpcba208ae8/s0/9857bba0-c7d0-4bab-84ff-6905249f38b1/in_use.lock acquired by nodename 19781@fv-az426-632
2022-10-13 10:40:51,788 [s0-impl-thread1] TRACE util.FileUtils (LogUtils.java:runAndLog(49)) - Successfully ran Files.createDirectories /home/runner/work/ratis/ratis/ratis-test/target/test/data/289fef96/MiniRaftClusterWithGrpcba208ae8/s0/9857bba0-c7d0-4bab-84ff-6905249f38b1/current
2022-10-13 10:40:51,788 [s0-impl-thread1] TRACE util.FileUtils (LogUtils.java:runAndLog(49)) - Successfully ran Files.createDirectories /home/runner/work/ratis/ratis/ratis-test/target/test/data/289fef96/MiniRaftClusterWithGrpcba208ae8/s0/9857bba0-c7d0-4bab-84ff-6905249f38b1/sm
2022-10-13 10:40:51,790 [s0-impl-thread1] INFO  storage.RaftStorage (RaftStorageImpl.java:format(96)) - Storage directory /home/runner/work/ratis/ratis/ratis-test/target/test/data/289fef96/MiniRaftClusterWithGrpcba208ae8/s0/9857bba0-c7d0-4bab-84ff-6905249f38b1 has been successfully formatted.
2022-10-13 10:40:51,790 [s0-impl-thread1] INFO  statemachine.SimpleStateMachine4Testing (SimpleStateMachine4Testing.java:initialize(212)) - Initializing StateMachine4InstallSnapshotNotificationTests:uninitialized
2022-10-13 10:40:51,791 [s0-impl-thread1] INFO  statemachine.SimpleStateMachine4Testing (SimpleStateMachine4Testing.java:loadSnapshot(306)) - The snapshot file null does not exist
2022-10-13 10:40:51,791 [s0-impl-thread1] INFO  server.RaftServerConfigKeys (ConfUtils.java:logGet(46)) - raft.server.log.use.memory = false (default)
2022-10-13 10:40:51,791 [s0-impl-thread1] INFO  server.RaftServerConfigKeys (ConfUtils.java:logGet(46)) - raft.server.log.purge.gap = 8 (custom)
2022-10-13 10:40:51,791 [s0-impl-thread1] INFO  server.RaftServerConfigKeys (ConfUtils.java:logGet(46)) - raft.server.log.appender.buffer.byte-limit = 4MB (=4194304) (default)
2022-10-13 10:40:51,791 [s0-impl-thread1] INFO  server.RaftServerConfigKeys (ConfUtils.java:logGet(46)) - raft.server.log.statemachine.data.read.timeout = 1000ms (default)
2022-10-13 10:40:51,791 [s0-impl-thread1] INFO  server.RaftServerConfigKeys (ConfUtils.java:logGet(46)) - raft.server.log.purge.preservation.log.num = 0 (default)
2022-10-13 10:40:51,792 [s0-impl-thread1] INFO  server.RaftServerConfigKeys (ConfUtils.java:logGet(46)) - raft.server.log.segment.size.max = 1024 (custom)
2022-10-13 10:40:51,792 [s0-impl-thread1] INFO  server.RaftServerConfigKeys (ConfUtils.java:logGet(46)) - raft.server.log.segment.cache.num.max = 6 (default)
2022-10-13 10:40:51,792 [s0-impl-thread1] INFO  server.RaftServerConfigKeys (ConfUtils.java:logGet(46)) - raft.server.log.segment.cache.size.max = 200MB (=209715200) (default)
2022-10-13 10:40:51,792 [s0-impl-thread1] INFO  segmented.SegmentedRaftLogWorker (SegmentedRaftLogWorker.java:<init>(184)) - new s0@group-6905249F38B1-SegmentedRaftLogWorker for RaftStorageImpl:Storage Directory /home/runner/work/ratis/ratis/ratis-test/target/test/data/289fef96/MiniRaftClusterWithGrpcba208ae8/s0/9857bba0-c7d0-4bab-84ff-6905249f38b1
2022-10-13 10:40:51,792 [s0-impl-thread1] INFO  server.RaftServerConfigKeys (ConfUtils.java:logGet(46)) - raft.server.log.queue.byte-limit = 64MB (=67108864) (default)
2022-10-13 10:40:51,792 [s0-impl-thread1] INFO  server.RaftServerConfigKeys (ConfUtils.java:logGet(46)) - raft.server.log.queue.element-limit = 4096 (default)
2022-10-13 10:40:51,792 [s0-impl-thread1] INFO  server.RaftServerConfigKeys (ConfUtils.java:logGet(46)) - raft.server.log.segment.size.max = 1024 (custom)
2022-10-13 10:40:51,792 [s0-impl-thread1] INFO  server.RaftServerConfigKeys (ConfUtils.java:logGet(46)) - raft.server.log.preallocated.size = 4MB (=4194304) (default)
2022-10-13 10:40:51,792 [s0-impl-thread1] INFO  server.RaftServerConfigKeys (ConfUtils.java:logGet(46)) - raft.server.log.force.sync.num = 128 (default)
2022-10-13 10:40:51,792 [s0-impl-thread1] INFO  server.RaftServerConfigKeys (ConfUtils.java:logGet(46)) - raft.server.log.statemachine.data.sync = true (default)
2022-10-13 10:40:51,792 [s0-impl-thread1] INFO  server.RaftServerConfigKeys (ConfUtils.java:logGet(46)) - raft.server.log.statemachine.data.sync.timeout = 10s (default)
2022-10-13 10:40:51,792 [s0-impl-thread1] INFO  server.RaftServerConfigKeys (ConfUtils.java:logGet(46)) - raft.server.log.statemachine.data.sync.timeout.retry = -1 (default)
2022-10-13 10:40:51,793 [s0-impl-thread1] INFO  server.RaftServerConfigKeys (ConfUtils.java:logGet(46)) - raft.server.log.write.buffer.size = 64KB (=65536) (default)
2022-10-13 10:40:51,793 [s0-impl-thread1] INFO  server.RaftServerConfigKeys (ConfUtils.java:logGet(46)) - raft.server.log.appender.buffer.byte-limit = 4MB (=4194304) (default)
2022-10-13 10:40:51,793 [s0-impl-thread1] INFO  server.RaftServerConfigKeys (ConfUtils.java:logGet(46)) - raft.server.log.unsafe-flush.enabled = false (default)
2022-10-13 10:40:51,793 [s0-impl-thread1] INFO  server.RaftServerConfigKeys (ConfUtils.java:logGet(46)) - raft.server.log.async-flush.enabled = false (default)
2022-10-13 10:40:51,793 [s0-impl-thread1] INFO  server.RaftServerConfigKeys (ConfUtils.java:logGet(46)) - raft.server.log.statemachine.data.caching.enabled = false (default)
2022-10-13 10:40:51,793 [s0-impl-thread1] INFO  segmented.SegmentedRaftLogWorker (SegmentedRaftLogWorker.java:lambda$new$0(134)) - s0@group-6905249F38B1-SegmentedRaftLogWorker: flushIndex: setUnconditionally 0 -> -1
2022-10-13 10:40:51,793 [s0-impl-thread1] INFO  segmented.SegmentedRaftLogWorker (SegmentedRaftLogWorker.java:lambda$new$0(134)) - s0@group-6905249F38B1-SegmentedRaftLogWorker: safeCacheEvictIndex: setUnconditionally 0 -> -1
2022-10-13 10:40:51,793 [s0-impl-thread1] INFO  server.RaftServer$Division (RaftServerImpl.java:start(338)) - s0@group-6905249F38B1: start as a follower, conf=-1: peers:[s0|rpc:localhost:46195|admin:localhost:44717|client:localhost:42765|dataStream:localhost:39399|priority:0|startupRole:FOLLOWER]|listeners:[], old=null
2022-10-13 10:40:51,793 [s0-impl-thread1] INFO  server.RaftServer$Division (RaftServerImpl.java:setRole(325)) - s0@group-6905249F38B1: changes role from      null to FOLLOWER at term 0 for startAsFollower
2022-10-13 10:40:51,793 [s0-impl-thread1] INFO  impl.RoleInfo (RoleInfo.java:updateAndGet(139)) - s0: start s0@group-6905249F38B1-FollowerState
2022-10-13 10:40:51,795 [s0-impl-thread1] INFO  util.JmxRegister (JmxRegister.java:tryRegister(44)) - Successfully registered JMX Bean with object name Ratis:service=RaftServer,group=group-6905249F38B1,id=s0
2022-10-13 10:40:51,795 [s0-impl-thread1] INFO  server.RaftServerConfigKeys (ConfUtils.java:logGet(46)) - raft.server.snapshot.auto.trigger.enabled = true (custom)
2022-10-13 10:40:51,795 [s0-impl-thread1] INFO  server.RaftServerConfigKeys (ConfUtils.java:logGet(46)) - raft.server.snapshot.auto.trigger.threshold = 64 (custom)
2022-10-13 10:40:51,795 [s0-impl-thread1] INFO  server.RaftServerConfigKeys (ConfUtils.java:logGet(46)) - raft.server.snapshot.retention.file.num = -1 (default)
2022-10-13 10:40:51,795 [s0-impl-thread1] INFO  server.RaftServerConfigKeys (ConfUtils.java:logGet(46)) - raft.server.log.purge.upto.snapshot.index = false (default)
2022-10-13 10:40:51,796 [s0@group-6905249F38B1-FollowerState] INFO  server.RaftServerConfigKeys (ConfUtils.java:logFallback(53)) - raft.server.rpc.first-election.timeout.min = 150ms (fallback to raft.server.rpc.timeout.min)
2022-10-13 10:40:51,796 [s0@group-6905249F38B1-FollowerState] INFO  server.RaftServerConfigKeys (ConfUtils.java:logFallback(53)) - raft.server.rpc.first-election.timeout.max = 300ms (fallback to raft.server.rpc.timeout.max)
2022-10-13 10:40:51,799 [Time-limited test] INFO  server.RaftServer (RaftServerProxy.java:startImpl(396)) - s0: start RPC server
2022-10-13 10:40:51,800 [Time-limited test] INFO  server.GrpcService (GrpcService.java:startImpl(310)) - s0: GrpcService started, listening on 42765
2022-10-13 10:40:51,801 [Time-limited test] INFO  server.GrpcService (GrpcService.java:startImpl(310)) - s0: GrpcService started, listening on 46195
2022-10-13 10:40:51,801 [Time-limited test] INFO  server.GrpcService (GrpcService.java:startImpl(310)) - s0: GrpcService started, listening on 44717
2022-10-13 10:40:51,802 [JvmPauseMonitor4] INFO  util.JvmPauseMonitor (JvmPauseMonitor.java:run(105)) - JvmPauseMonitor-s0: Started
2022-10-13 10:40:51,802 [Time-limited test] INFO  server.RaftServerConfigKeys (ConfUtils.java:logGet(46)) - raft.server.rpc.timeout.max = 300ms (default)
2022-10-13 10:40:51,802 [Time-limited test] INFO  ratis.RaftTestUtil (RaftTestUtil.java:waitForLeader(100)) - printing ALL groups
  s0:  RUNNING  FOLLOWER s0@group-6905249F38B1:t0, leader=null, voted=, raftlog=Memoized:s0@group-6905249F38B1-SegmentedRaftLog:OPENED:c-1, conf=-1: peers:[s0|rpc:localhost:46195|admin:localhost:44717|client:localhost:42765|dataStream:localhost:39399|priority:0|startupRole:FOLLOWER]|listeners:[], old=null RUNNING
2022-10-13 10:40:51,803 [Time-limited test] WARN  ratis.RaftTestUtil (JavaUtils.java:attempt(217)) - FAILED "waitForLeader-null-(expectLeader? true)", attempt #1/100: java.lang.IllegalStateException: No leader yet : printing ALL groups
  s0:  RUNNING  FOLLOWER s0@group-6905249F38B1:t0, leader=null, voted=, raftlog=Memoized:s0@group-6905249F38B1-SegmentedRaftLog:OPENED:c-1, conf=-1: peers:[s0|rpc:localhost:46195|admin:localhost:44717|client:localhost:42765|dataStream:localhost:39399|priority:0|startupRole:FOLLOWER]|listeners:[], old=null RUNNING, sleep 450ms and then retry.
java.lang.IllegalStateException: No leader yet : printing ALL groups
  s0:  RUNNING  FOLLOWER s0@group-6905249F38B1:t0, leader=null, voted=, raftlog=Memoized:s0@group-6905249F38B1-SegmentedRaftLog:OPENED:c-1, conf=-1: peers:[s0|rpc:localhost:46195|admin:localhost:44717|client:localhost:42765|dataStream:localhost:39399|priority:0|startupRole:FOLLOWER]|listeners:[], old=null RUNNING
	at org.apache.ratis.server.impl.MiniRaftCluster.newIllegalStateExceptionForNoLeaders(MiniRaftCluster.java:581)
	at org.apache.ratis.RaftTestUtil.lambda$waitForLeader$1(RaftTestUtil.java:104)
	at org.apache.ratis.server.impl.MiniRaftCluster.getLeader(MiniRaftCluster.java:615)
	at org.apache.ratis.server.impl.MiniRaftCluster.getLeader(MiniRaftCluster.java:608)
	at org.apache.ratis.RaftTestUtil.lambda$waitForLeader$3(RaftTestUtil.java:112)
	at org.apache.ratis.util.JavaUtils.attempt(JavaUtils.java:211)
	at org.apache.ratis.util.JavaUtils.attemptRepeatedly(JavaUtils.java:197)
	at org.apache.ratis.RaftTestUtil.waitForLeader(RaftTestUtil.java:111)
	at org.apache.ratis.RaftTestUtil.waitForLeader(RaftTestUtil.java:92)
	at org.apache.ratis.RaftTestUtil.waitForLeader(RaftTestUtil.java:87)
	at org.apache.ratis.InstallSnapshotNotificationTests.testAddNewFollowers(InstallSnapshotNotificationTests.java:181)
	at org.apache.ratis.server.impl.MiniRaftCluster$Factory$Get.runWithNewCluster(MiniRaftCluster.java:141)
	at org.apache.ratis.server.impl.MiniRaftCluster$Factory$Get.runWithNewCluster(MiniRaftCluster.java:121)
	at org.apache.ratis.InstallSnapshotNotificationTests.testAddNewFollowers(InstallSnapshotNotificationTests.java:173)
	at java.base/jdk.internal.reflect.NativeMethodAccessorImpl.invoke0(Native Method)
	at java.base/jdk.internal.reflect.NativeMethodAccessorImpl.invoke(NativeMethodAccessorImpl.java:62)
	at java.base/jdk.internal.reflect.DelegatingMethodAccessorImpl.invoke(DelegatingMethodAccessorImpl.java:43)
	at java.base/java.lang.reflect.Method.invoke(Method.java:566)
	at org.junit.runners.model.FrameworkMethod$1.runReflectiveCall(FrameworkMethod.java:59)
	at org.junit.internal.runners.model.ReflectiveCallable.run(ReflectiveCallable.java:12)
	at org.junit.runners.model.FrameworkMethod.invokeExplosively(FrameworkMethod.java:56)
	at org.junit.internal.runners.statements.InvokeMethod.evaluate(InvokeMethod.java:17)
	at org.junit.internal.runners.statements.RunAfters.evaluate(RunAfters.java:27)
	at org.junit.internal.runners.statements.FailOnTimeout$CallableStatement.call(FailOnTimeout.java:299)
	at org.junit.internal.runners.statements.FailOnTimeout$CallableStatement.call(FailOnTimeout.java:293)
	at java.base/java.util.concurrent.FutureTask.run(FutureTask.java:264)
	at java.base/java.lang.Thread.run(Thread.java:829)
2022-10-13 10:40:51,948 [s0@group-6905249F38B1-FollowerState] INFO  impl.FollowerState (FollowerState.java:run(143)) - s0@group-6905249F38B1-FollowerState: change to CANDIDATE, lastRpcElapsedTime:154740227ns, electionTimeout:152ms
2022-10-13 10:40:51,948 [s0@group-6905249F38B1-FollowerState] INFO  impl.RoleInfo (RoleInfo.java:shutdownFollowerState(110)) - s0: shutdown s0@group-6905249F38B1-FollowerState
2022-10-13 10:40:51,949 [s0@group-6905249F38B1-FollowerState] INFO  server.RaftServer$Division (RaftServerImpl.java:setRole(325)) - s0@group-6905249F38B1: changes role from  FOLLOWER to CANDIDATE at term 0 for changeToCandidate
2022-10-13 10:40:51,949 [s0@group-6905249F38B1-FollowerState] INFO  server.RaftServerConfigKeys (ConfUtils.java:logGet(46)) - raft.server.leaderelection.pre-vote = true (default)
2022-10-13 10:40:51,949 [s0@group-6905249F38B1-FollowerState] INFO  impl.RoleInfo (RoleInfo.java:updateAndGet(139)) - s0: start s0@group-6905249F38B1-LeaderElection4
2022-10-13 10:40:51,951 [s0@group-6905249F38B1-LeaderElection4] INFO  impl.LeaderElection (LeaderElection.java:askForVotes(309)) - s0@group-6905249F38B1-LeaderElection4 PRE_VOTE round 0: submit vote requests at term 0 for -1: peers:[s0|rpc:localhost:46195|admin:localhost:44717|client:localhost:42765|dataStream:localhost:39399|priority:0|startupRole:FOLLOWER]|listeners:[], old=null
2022-10-13 10:40:51,952 [s0@group-6905249F38B1-LeaderElection4] INFO  impl.LeaderElection (LeaderElection.java:askForVotes(311)) - s0@group-6905249F38B1-LeaderElection4 PRE_VOTE round 0: result PASSED (term=0)
2022-10-13 10:40:51,955 [s0@group-6905249F38B1-LeaderElection4] INFO  impl.LeaderElection (LeaderElection.java:askForVotes(309)) - s0@group-6905249F38B1-LeaderElection4 ELECTION round 0: submit vote requests at term 1 for -1: peers:[s0|rpc:localhost:46195|admin:localhost:44717|client:localhost:42765|dataStream:localhost:39399|priority:0|startupRole:FOLLOWER]|listeners:[], old=null
2022-10-13 10:40:51,955 [s0@group-6905249F38B1-LeaderElection4] INFO  impl.LeaderElection (LeaderElection.java:askForVotes(311)) - s0@group-6905249F38B1-LeaderElection4 ELECTION round 0: result PASSED (term=1)
2022-10-13 10:40:51,955 [s0@group-6905249F38B1-LeaderElection4] INFO  impl.RoleInfo (RoleInfo.java:shutdownLeaderElection(130)) - s0: shutdown s0@group-6905249F38B1-LeaderElection4
2022-10-13 10:40:51,955 [s0@group-6905249F38B1-LeaderElection4] INFO  server.RaftServer$Division (RaftServerImpl.java:setRole(325)) - s0@group-6905249F38B1: changes role from CANDIDATE to LEADER at term 1 for changeToLeader
2022-10-13 10:40:51,955 [s0@group-6905249F38B1-LeaderElection4] INFO  server.RaftServer$Division (ServerState.java:setLeader(259)) - s0@group-6905249F38B1: change Leader from null to s0 at term 1 for becomeLeader, leader elected after 171ms
2022-10-13 10:40:51,955 [s0@group-6905249F38B1-LeaderElection4] INFO  server.RaftServerConfigKeys (ConfUtils.java:logGet(46)) - raft.server.staging.catchup.gap = 1000 (default)
2022-10-13 10:40:51,955 [s0@group-6905249F38B1-LeaderElection4] INFO  server.RaftServerConfigKeys (ConfUtils.java:logGet(46)) - raft.server.write.element-limit = 4096 (default)
2022-10-13 10:40:51,955 [s0@group-6905249F38B1-LeaderElection4] INFO  server.RaftServerConfigKeys (ConfUtils.java:logGet(46)) - raft.server.write.byte-limit = 64MB (=67108864) (default)
2022-10-13 10:40:51,956 [s0@group-6905249F38B1-LeaderElection4] INFO  server.RaftServerConfigKeys (ConfUtils.java:logGet(46)) - raft.server.watch.timeout = 10s (default)
2022-10-13 10:40:51,956 [s0@group-6905249F38B1-LeaderElection4] INFO  server.RaftServerConfigKeys (ConfUtils.java:logGet(46)) - raft.server.watch.timeout.denomination = 1s (default)
2022-10-13 10:40:51,956 [s0@group-6905249F38B1-LeaderElection4] INFO  server.RaftServerConfigKeys (ConfUtils.java:logGet(46)) - raft.server.watch.element-limit = 65536 (default)
2022-10-13 10:40:51,957 [s0@group-6905249F38B1-LeaderElection4] INFO  server.RaftServerConfigKeys (ConfUtils.java:logGet(46)) - raft.server.write.element-limit = 4096 (default)
2022-10-13 10:40:51,957 [s0@group-6905249F38B1-LeaderElection4] INFO  server.RaftServerConfigKeys (ConfUtils.java:logGet(46)) - raft.server.write.follower.gap.ratio.max = -1.0 (default)
2022-10-13 10:40:51,957 [s0@group-6905249F38B1-LeaderElection4] INFO  impl.RoleInfo (RoleInfo.java:updateAndGet(139)) - s0: start s0@group-6905249F38B1-LeaderStateImpl
2022-10-13 10:40:51,957 [s0@group-6905249F38B1-LeaderElection4] DEBUG raftlog.RaftLog (SegmentedRaftLog.java:appendImpl(446)) - truncateIndex=-1, arrayIndex=0
2022-10-13 10:40:51,957 [s0@group-6905249F38B1-LeaderElection4] INFO  segmented.SegmentedRaftLogWorker (SegmentedRaftLogWorker.java:startLogSegment(431)) - s0@group-6905249F38B1-SegmentedRaftLogWorker: Starting segment from index:0
2022-10-13 10:40:51,959 [s0@group-6905249F38B1-SegmentedRaftLogWorker] INFO  segmented.SegmentedRaftLogWorker (SegmentedRaftLogWorker.java:execute(635)) - s0@group-6905249F38B1-SegmentedRaftLogWorker: created new log segment /home/runner/work/ratis/ratis/ratis-test/target/test/data/289fef96/MiniRaftClusterWithGrpcba208ae8/s0/9857bba0-c7d0-4bab-84ff-6905249f38b1/current/log_inprogress_0
2022-10-13 10:40:51,959 [s0@group-6905249F38B1-LeaderElection4] INFO  server.RaftServer$Division (ServerState.java:setRaftConf(376)) - s0@group-6905249F38B1: set configuration 0: peers:[s0|rpc:localhost:46195|admin:localhost:44717|client:localhost:42765|dataStream:localhost:39399|priority:0|startupRole:FOLLOWER]|listeners:[], old=null
2022-10-13 10:40:52,253 [Time-limited test] INFO  ratis.RaftTestUtil (RaftTestUtil.java:waitForLeader(119)) - printing ALL groups
  s0:  RUNNING    LEADER s0@group-6905249F38B1:t1, leader=s0, voted=s0, raftlog=Memoized:s0@group-6905249F38B1-SegmentedRaftLog:OPENED:c0, conf=0: peers:[s0|rpc:localhost:46195|admin:localhost:44717|client:localhost:42765|dataStream:localhost:39399|priority:0|startupRole:FOLLOWER]|listeners:[], old=null RUNNING
2022-10-13 10:40:52,265 [s0@group-6905249F38B1-StateMachineUpdater] INFO  statemachine.SimpleStateMachine4Testing (SimpleStateMachine4Testing.java:put(204)) - s0: put 1, m0 -> (t:1, i:1), STATEMACHINELOGENTRY, 129@client-647DCE251987
2022-10-13 10:40:52,273 [s0@group-6905249F38B1-StateMachineUpdater] INFO  statemachine.SimpleStateMachine4Testing (SimpleStateMachine4Testing.java:put(204)) - s0: put 3, m1 -> (t:1, i:3), STATEMACHINELOGENTRY, 130@client-647DCE251987
2022-10-13 10:40:52,277 [s0@group-6905249F38B1-StateMachineUpdater] INFO  statemachine.SimpleStateMachine4Testing (SimpleStateMachine4Testing.java:put(204)) - s0: put 5, m2 -> (t:1, i:5), STATEMACHINELOGENTRY, 131@client-647DCE251987
2022-10-13 10:40:52,280 [s0@group-6905249F38B1-StateMachineUpdater] INFO  statemachine.SimpleStateMachine4Testing (SimpleStateMachine4Testing.java:put(204)) - s0: put 7, m3 -> (t:1, i:7), STATEMACHINELOGENTRY, 132@client-647DCE251987
2022-10-13 10:40:52,290 [s0@group-6905249F38B1-StateMachineUpdater] INFO  statemachine.SimpleStateMachine4Testing (SimpleStateMachine4Testing.java:put(204)) - s0: put 9, m4 -> (t:1, i:9), STATEMACHINELOGENTRY, 133@client-647DCE251987
2022-10-13 10:40:52,294 [s0@group-6905249F38B1-StateMachineUpdater] INFO  statemachine.SimpleStateMachine4Testing (SimpleStateMachine4Testing.java:put(204)) - s0: put 11, m5 -> (t:1, i:11), STATEMACHINELOGENTRY, 134@client-647DCE251987
2022-10-13 10:40:52,297 [s0@group-6905249F38B1-StateMachineUpdater] INFO  statemachine.SimpleStateMachine4Testing (SimpleStateMachine4Testing.java:put(204)) - s0: put 13, m6 -> (t:1, i:13), STATEMACHINELOGENTRY, 135@client-647DCE251987
2022-10-13 10:40:52,300 [s0@group-6905249F38B1-StateMachineUpdater] INFO  statemachine.SimpleStateMachine4Testing (SimpleStateMachine4Testing.java:put(204)) - s0: put 15, m7 -> (t:1, i:15), STATEMACHINELOGENTRY, 136@client-647DCE251987
2022-10-13 10:40:52,303 [s0@group-6905249F38B1-StateMachineUpdater] INFO  statemachine.SimpleStateMachine4Testing (SimpleStateMachine4Testing.java:put(204)) - s0: put 17, m8 -> (t:1, i:17), STATEMACHINELOGENTRY, 137@client-647DCE251987
2022-10-13 10:40:52,306 [s0@group-6905249F38B1-StateMachineUpdater] INFO  statemachine.SimpleStateMachine4Testing (SimpleStateMachine4Testing.java:put(204)) - s0: put 19, m9 -> (t:1, i:19), STATEMACHINELOGENTRY, 138@client-647DCE251987
2022-10-13 10:40:52,308 [s0@group-6905249F38B1-StateMachineUpdater] INFO  statemachine.SimpleStateMachine4Testing (SimpleStateMachine4Testing.java:put(204)) - s0: put 21, m10 -> (t:1, i:21), STATEMACHINELOGENTRY, 139@client-647DCE251987
2022-10-13 10:40:52,311 [s0@group-6905249F38B1-StateMachineUpdater] INFO  statemachine.SimpleStateMachine4Testing (SimpleStateMachine4Testing.java:put(204)) - s0: put 23, m11 -> (t:1, i:23), STATEMACHINELOGENTRY, 140@client-647DCE251987
2022-10-13 10:40:52,313 [s0@group-6905249F38B1-StateMachineUpdater] INFO  statemachine.SimpleStateMachine4Testing (SimpleStateMachine4Testing.java:put(204)) - s0: put 25, m12 -> (t:1, i:25), STATEMACHINELOGENTRY, 141@client-647DCE251987
2022-10-13 10:40:52,315 [s0-client-thread1] INFO  segmented.SegmentedRaftLogWorker (SegmentedRaftLogWorker.java:rollLogSegment(436)) - s0@group-6905249F38B1-SegmentedRaftLogWorker: Rolling segment log-0_26 to index:26
2022-10-13 10:40:52,316 [s0@group-6905249F38B1-SegmentedRaftLogWorker] TRACE util.FileUtils (LogUtils.java:runAndLog(49)) - Successfully ran Atomic Files.move /home/runner/work/ratis/ratis/ratis-test/target/test/data/289fef96/MiniRaftClusterWithGrpcba208ae8/s0/9857bba0-c7d0-4bab-84ff-6905249f38b1/current/log_inprogress_0 to /home/runner/work/ratis/ratis/ratis-test/target/test/data/289fef96/MiniRaftClusterWithGrpcba208ae8/s0/9857bba0-c7d0-4bab-84ff-6905249f38b1/current/log_0-26
2022-10-13 10:40:52,316 [s0@group-6905249F38B1-SegmentedRaftLogWorker] INFO  segmented.SegmentedRaftLogWorker (SegmentedRaftLogWorker.java:execute(592)) - s0@group-6905249F38B1-SegmentedRaftLogWorker: Rolled log segment from /home/runner/work/ratis/ratis/ratis-test/target/test/data/289fef96/MiniRaftClusterWithGrpcba208ae8/s0/9857bba0-c7d0-4bab-84ff-6905249f38b1/current/log_inprogress_0 to /home/runner/work/ratis/ratis/ratis-test/target/test/data/289fef96/MiniRaftClusterWithGrpcba208ae8/s0/9857bba0-c7d0-4bab-84ff-6905249f38b1/current/log_0-26
2022-10-13 10:40:52,317 [s0@group-6905249F38B1-SegmentedRaftLogWorker] INFO  segmented.SegmentedRaftLogWorker (SegmentedRaftLogWorker.java:execute(635)) - s0@group-6905249F38B1-SegmentedRaftLogWorker: created new log segment /home/runner/work/ratis/ratis/ratis-test/target/test/data/289fef96/MiniRaftClusterWithGrpcba208ae8/s0/9857bba0-c7d0-4bab-84ff-6905249f38b1/current/log_inprogress_27
2022-10-13 10:40:52,318 [s0@group-6905249F38B1-StateMachineUpdater] INFO  statemachine.SimpleStateMachine4Testing (SimpleStateMachine4Testing.java:put(204)) - s0: put 27, m13 -> (t:1, i:27), STATEMACHINELOGENTRY, 142@client-647DCE251987
2022-10-13 10:40:52,321 [s0@group-6905249F38B1-StateMachineUpdater] INFO  statemachine.SimpleStateMachine4Testing (SimpleStateMachine4Testing.java:put(204)) - s0: put 29, m14 -> (t:1, i:29), STATEMACHINELOGENTRY, 143@client-647DCE251987
2022-10-13 10:40:52,323 [s0@group-6905249F38B1-StateMachineUpdater] INFO  statemachine.SimpleStateMachine4Testing (SimpleStateMachine4Testing.java:put(204)) - s0: put 31, m15 -> (t:1, i:31), STATEMACHINELOGENTRY, 144@client-647DCE251987
2022-10-13 10:40:52,326 [s0@group-6905249F38B1-StateMachineUpdater] INFO  statemachine.SimpleStateMachine4Testing (SimpleStateMachine4Testing.java:put(204)) - s0: put 33, m16 -> (t:1, i:33), STATEMACHINELOGENTRY, 145@client-647DCE251987
2022-10-13 10:40:52,328 [s0@group-6905249F38B1-StateMachineUpdater] INFO  statemachine.SimpleStateMachine4Testing (SimpleStateMachine4Testing.java:put(204)) - s0: put 35, m17 -> (t:1, i:35), STATEMACHINELOGENTRY, 146@client-647DCE251987
2022-10-13 10:40:52,331 [s0@group-6905249F38B1-StateMachineUpdater] INFO  statemachine.SimpleStateMachine4Testing (SimpleStateMachine4Testing.java:put(204)) - s0: put 37, m18 -> (t:1, i:37), STATEMACHINELOGENTRY, 147@client-647DCE251987
2022-10-13 10:40:52,333 [s0@group-6905249F38B1-StateMachineUpdater] INFO  statemachine.SimpleStateMachine4Testing (SimpleStateMachine4Testing.java:put(204)) - s0: put 39, m19 -> (t:1, i:39), STATEMACHINELOGENTRY, 148@client-647DCE251987
2022-10-13 10:40:52,336 [s0@group-6905249F38B1-StateMachineUpdater] INFO  statemachine.SimpleStateMachine4Testing (SimpleStateMachine4Testing.java:put(204)) - s0: put 41, m20 -> (t:1, i:41), STATEMACHINELOGENTRY, 149@client-647DCE251987
2022-10-13 10:40:52,338 [s0@group-6905249F38B1-StateMachineUpdater] INFO  statemachine.SimpleStateMachine4Testing (SimpleStateMachine4Testing.java:put(204)) - s0: put 43, m21 -> (t:1, i:43), STATEMACHINELOGENTRY, 150@client-647DCE251987
2022-10-13 10:40:52,341 [s0@group-6905249F38B1-StateMachineUpdater] INFO  statemachine.SimpleStateMachine4Testing (SimpleStateMachine4Testing.java:put(204)) - s0: put 45, m22 -> (t:1, i:45), STATEMACHINELOGENTRY, 151@client-647DCE251987
2022-10-13 10:40:52,343 [s0@group-6905249F38B1-StateMachineUpdater] INFO  statemachine.SimpleStateMachine4Testing (SimpleStateMachine4Testing.java:put(204)) - s0: put 47, m23 -> (t:1, i:47), STATEMACHINELOGENTRY, 152@client-647DCE251987
2022-10-13 10:40:52,345 [s0@group-6905249F38B1-StateMachineUpdater] INFO  statemachine.SimpleStateMachine4Testing (SimpleStateMachine4Testing.java:put(204)) - s0: put 49, m24 -> (t:1, i:49), STATEMACHINELOGENTRY, 153@client-647DCE251987
2022-10-13 10:40:52,348 [s0@group-6905249F38B1-StateMachineUpdater] INFO  statemachine.SimpleStateMachine4Testing (SimpleStateMachine4Testing.java:put(204)) - s0: put 51, m25 -> (t:1, i:51), STATEMACHINELOGENTRY, 154@client-647DCE251987
2022-10-13 10:40:52,351 [s0@group-6905249F38B1-StateMachineUpdater] INFO  statemachine.SimpleStateMachine4Testing (SimpleStateMachine4Testing.java:put(204)) - s0: put 53, m26 -> (t:1, i:53), STATEMACHINELOGENTRY, 155@client-647DCE251987
2022-10-13 10:40:52,353 [s0-client-thread1] INFO  segmented.SegmentedRaftLogWorker (SegmentedRaftLogWorker.java:rollLogSegment(436)) - s0@group-6905249F38B1-SegmentedRaftLogWorker: Rolling segment log-27_54 to index:54
2022-10-13 10:40:52,353 [s0@group-6905249F38B1-SegmentedRaftLogWorker] TRACE util.FileUtils (LogUtils.java:runAndLog(49)) - Successfully ran Atomic Files.move /home/runner/work/ratis/ratis/ratis-test/target/test/data/289fef96/MiniRaftClusterWithGrpcba208ae8/s0/9857bba0-c7d0-4bab-84ff-6905249f38b1/current/log_inprogress_27 to /home/runner/work/ratis/ratis/ratis-test/target/test/data/289fef96/MiniRaftClusterWithGrpcba208ae8/s0/9857bba0-c7d0-4bab-84ff-6905249f38b1/current/log_27-54
2022-10-13 10:40:52,353 [s0@group-6905249F38B1-SegmentedRaftLogWorker] INFO  segmented.SegmentedRaftLogWorker (SegmentedRaftLogWorker.java:execute(592)) - s0@group-6905249F38B1-SegmentedRaftLogWorker: Rolled log segment from /home/runner/work/ratis/ratis/ratis-test/target/test/data/289fef96/MiniRaftClusterWithGrpcba208ae8/s0/9857bba0-c7d0-4bab-84ff-6905249f38b1/current/log_inprogress_27 to /home/runner/work/ratis/ratis/ratis-test/target/test/data/289fef96/MiniRaftClusterWithGrpcba208ae8/s0/9857bba0-c7d0-4bab-84ff-6905249f38b1/current/log_27-54
2022-10-13 10:40:52,354 [s0@group-6905249F38B1-SegmentedRaftLogWorker] INFO  segmented.SegmentedRaftLogWorker (SegmentedRaftLogWorker.java:execute(635)) - s0@group-6905249F38B1-SegmentedRaftLogWorker: created new log segment /home/runner/work/ratis/ratis/ratis-test/target/test/data/289fef96/MiniRaftClusterWithGrpcba208ae8/s0/9857bba0-c7d0-4bab-84ff-6905249f38b1/current/log_inprogress_55
2022-10-13 10:40:52,355 [s0@group-6905249F38B1-StateMachineUpdater] INFO  statemachine.SimpleStateMachine4Testing (SimpleStateMachine4Testing.java:put(204)) - s0: put 55, m27 -> (t:1, i:55), STATEMACHINELOGENTRY, 156@client-647DCE251987
2022-10-13 10:40:52,358 [s0@group-6905249F38B1-StateMachineUpdater] INFO  statemachine.SimpleStateMachine4Testing (SimpleStateMachine4Testing.java:put(204)) - s0: put 57, m28 -> (t:1, i:57), STATEMACHINELOGENTRY, 157@client-647DCE251987
2022-10-13 10:40:52,362 [s0@group-6905249F38B1-StateMachineUpdater] INFO  statemachine.SimpleStateMachine4Testing (SimpleStateMachine4Testing.java:put(204)) - s0: put 59, m29 -> (t:1, i:59), STATEMACHINELOGENTRY, 158@client-647DCE251987
2022-10-13 10:40:52,364 [s0@group-6905249F38B1-StateMachineUpdater] INFO  statemachine.SimpleStateMachine4Testing (SimpleStateMachine4Testing.java:put(204)) - s0: put 61, m30 -> (t:1, i:61), STATEMACHINELOGENTRY, 159@client-647DCE251987
2022-10-13 10:40:52,366 [s0@group-6905249F38B1-StateMachineUpdater] INFO  statemachine.SimpleStateMachine4Testing (SimpleStateMachine4Testing.java:put(204)) - s0: put 63, m31 -> (t:1, i:63), STATEMACHINELOGENTRY, 160@client-647DCE251987
2022-10-13 10:40:52,383 [s0@group-6905249F38B1-StateMachineUpdater] INFO  impl.StateMachineUpdater (StateMachineUpdater.java:takeSnapshot(290)) - s0@group-6905249F38B1-StateMachineUpdater: Took a snapshot at index 63
2022-10-13 10:40:52,383 [s0@group-6905249F38B1-StateMachineUpdater] INFO  impl.StateMachineUpdater (StateMachineUpdater.java:lambda$new$0(96)) - s0@group-6905249F38B1-StateMachineUpdater: snapshotIndex: updateIncreasingly -1 -> 63
2022-10-13 10:40:52,383 [s0@group-6905249F38B1-StateMachineUpdater] INFO  raftlog.RaftLog (RaftLogBase.java:purge(314)) - s0@group-6905249F38B1-SegmentedRaftLog: purge 63
2022-10-13 10:40:52,383 [s0@group-6905249F38B1-StateMachineUpdater] INFO  raftlog.RaftLog (RaftLogBase.java:lambda$new$0(53)) - s0@group-6905249F38B1-SegmentedRaftLog: snapshotIndex: updateIncreasingly -1 -> 63
2022-10-13 10:40:52,383 [s0@group-6905249F38B1-StateMachineUpdater] DEBUG raftlog.RaftLog (SegmentedRaftLog.java:purgeImpl(366)) - purging segments:toTruncate: null
  toDelete: [(0, 26) isOpen? false, length=0, newEndIndex=0, (27, 54) isOpen? false, length=0, newEndIndex=0]
2022-10-13 10:40:52,383 [s0@group-6905249F38B1-StateMachineUpdater] INFO  statemachine.SimpleStateMachine4Testing (SimpleStateMachine4Testing.java:put(204)) - s0: put 65, m32 -> (t:1, i:65), STATEMACHINELOGENTRY, 161@client-647DCE251987
2022-10-13 10:40:52,384 [s0@group-6905249F38B1-SegmentedRaftLogWorker] TRACE util.FileUtils (LogUtils.java:runAndLog(49)) - Successfully ran Files.delete /home/runner/work/ratis/ratis/ratis-test/target/test/data/289fef96/MiniRaftClusterWithGrpcba208ae8/s0/9857bba0-c7d0-4bab-84ff-6905249f38b1/current/log_0-26
2022-10-13 10:40:52,384 [s0@group-6905249F38B1-SegmentedRaftLogWorker] TRACE util.FileUtils (LogUtils.java:runAndLog(49)) - Successfully ran Files.delete /home/runner/work/ratis/ratis/ratis-test/target/test/data/289fef96/MiniRaftClusterWithGrpcba208ae8/s0/9857bba0-c7d0-4bab-84ff-6905249f38b1/current/log_27-54
2022-10-13 10:40:52,384 [s0@group-6905249F38B1-SegmentedRaftLogWorker] INFO  raftlog.RaftLog (RaftLogBase.java:lambda$new$0(53)) - s0@group-6905249F38B1-SegmentedRaftLog: purgeIndex: updateToMax old=-1, new=54, updated? true
2022-10-13 10:40:52,387 [s0@group-6905249F38B1-StateMachineUpdater] INFO  statemachine.SimpleStateMachine4Testing (SimpleStateMachine4Testing.java:put(204)) - s0: put 67, m33 -> (t:1, i:67), STATEMACHINELOGENTRY, 162@client-647DCE251987
2022-10-13 10:40:52,390 [s0@group-6905249F38B1-StateMachineUpdater] INFO  statemachine.SimpleStateMachine4Testing (SimpleStateMachine4Testing.java:put(204)) - s0: put 69, m34 -> (t:1, i:69), STATEMACHINELOGENTRY, 163@client-647DCE251987
2022-10-13 10:40:52,393 [s0@group-6905249F38B1-StateMachineUpdater] INFO  statemachine.SimpleStateMachine4Testing (SimpleStateMachine4Testing.java:put(204)) - s0: put 71, m35 -> (t:1, i:71), STATEMACHINELOGENTRY, 164@client-647DCE251987
2022-10-13 10:40:52,396 [s0@group-6905249F38B1-StateMachineUpdater] INFO  statemachine.SimpleStateMachine4Testing (SimpleStateMachine4Testing.java:put(204)) - s0: put 73, m36 -> (t:1, i:73), STATEMACHINELOGENTRY, 165@client-647DCE251987
2022-10-13 10:40:52,398 [s0@group-6905249F38B1-StateMachineUpdater] INFO  statemachine.SimpleStateMachine4Testing (SimpleStateMachine4Testing.java:put(204)) - s0: put 75, m37 -> (t:1, i:75), STATEMACHINELOGENTRY, 166@client-647DCE251987
2022-10-13 10:40:52,401 [s0@group-6905249F38B1-StateMachineUpdater] INFO  statemachine.SimpleStateMachine4Testing (SimpleStateMachine4Testing.java:put(204)) - s0: put 77, m38 -> (t:1, i:77), STATEMACHINELOGENTRY, 167@client-647DCE251987
2022-10-13 10:40:52,403 [s0@group-6905249F38B1-StateMachineUpdater] INFO  statemachine.SimpleStateMachine4Testing (SimpleStateMachine4Testing.java:put(204)) - s0: put 79, m39 -> (t:1, i:79), STATEMACHINELOGENTRY, 168@client-647DCE251987
2022-10-13 10:40:52,406 [s0@group-6905249F38B1-StateMachineUpdater] INFO  statemachine.SimpleStateMachine4Testing (SimpleStateMachine4Testing.java:put(204)) - s0: put 81, m40 -> (t:1, i:81), STATEMACHINELOGENTRY, 169@client-647DCE251987
2022-10-13 10:40:52,408 [s0-client-thread1] INFO  segmented.SegmentedRaftLogWorker (SegmentedRaftLogWorker.java:rollLogSegment(436)) - s0@group-6905249F38B1-SegmentedRaftLogWorker: Rolling segment log-55_82 to index:82
2022-10-13 10:40:52,408 [s0@group-6905249F38B1-SegmentedRaftLogWorker] TRACE util.FileUtils (LogUtils.java:runAndLog(49)) - Successfully ran Atomic Files.move /home/runner/work/ratis/ratis/ratis-test/target/test/data/289fef96/MiniRaftClusterWithGrpcba208ae8/s0/9857bba0-c7d0-4bab-84ff-6905249f38b1/current/log_inprogress_55 to /home/runner/work/ratis/ratis/ratis-test/target/test/data/289fef96/MiniRaftClusterWithGrpcba208ae8/s0/9857bba0-c7d0-4bab-84ff-6905249f38b1/current/log_55-82
2022-10-13 10:40:52,408 [s0@group-6905249F38B1-SegmentedRaftLogWorker] INFO  segmented.SegmentedRaftLogWorker (SegmentedRaftLogWorker.java:execute(592)) - s0@group-6905249F38B1-SegmentedRaftLogWorker: Rolled log segment from /home/runner/work/ratis/ratis/ratis-test/target/test/data/289fef96/MiniRaftClusterWithGrpcba208ae8/s0/9857bba0-c7d0-4bab-84ff-6905249f38b1/current/log_inprogress_55 to /home/runner/work/ratis/ratis/ratis-test/target/test/data/289fef96/MiniRaftClusterWithGrpcba208ae8/s0/9857bba0-c7d0-4bab-84ff-6905249f38b1/current/log_55-82
2022-10-13 10:40:52,409 [s0@group-6905249F38B1-SegmentedRaftLogWorker] INFO  segmented.SegmentedRaftLogWorker (SegmentedRaftLogWorker.java:execute(635)) - s0@group-6905249F38B1-SegmentedRaftLogWorker: created new log segment /home/runner/work/ratis/ratis/ratis-test/target/test/data/289fef96/MiniRaftClusterWithGrpcba208ae8/s0/9857bba0-c7d0-4bab-84ff-6905249f38b1/current/log_inprogress_83
2022-10-13 10:40:52,410 [s0@group-6905249F38B1-StateMachineUpdater] INFO  statemachine.SimpleStateMachine4Testing (SimpleStateMachine4Testing.java:put(204)) - s0: put 83, m41 -> (t:1, i:83), STATEMACHINELOGENTRY, 170@client-647DCE251987
2022-10-13 10:40:52,413 [s0@group-6905249F38B1-StateMachineUpdater] INFO  statemachine.SimpleStateMachine4Testing (SimpleStateMachine4Testing.java:put(204)) - s0: put 85, m42 -> (t:1, i:85), STATEMACHINELOGENTRY, 171@client-647DCE251987
2022-10-13 10:40:52,415 [s0@group-6905249F38B1-StateMachineUpdater] INFO  statemachine.SimpleStateMachine4Testing (SimpleStateMachine4Testing.java:put(204)) - s0: put 87, m43 -> (t:1, i:87), STATEMACHINELOGENTRY, 172@client-647DCE251987
2022-10-13 10:40:52,418 [s0@group-6905249F38B1-StateMachineUpdater] INFO  statemachine.SimpleStateMachine4Testing (SimpleStateMachine4Testing.java:put(204)) - s0: put 89, m44 -> (t:1, i:89), STATEMACHINELOGENTRY, 173@client-647DCE251987
2022-10-13 10:40:52,420 [s0@group-6905249F38B1-StateMachineUpdater] INFO  statemachine.SimpleStateMachine4Testing (SimpleStateMachine4Testing.java:put(204)) - s0: put 91, m45 -> (t:1, i:91), STATEMACHINELOGENTRY, 174@client-647DCE251987
2022-10-13 10:40:52,423 [s0@group-6905249F38B1-StateMachineUpdater] INFO  statemachine.SimpleStateMachine4Testing (SimpleStateMachine4Testing.java:put(204)) - s0: put 93, m46 -> (t:1, i:93), STATEMACHINELOGENTRY, 175@client-647DCE251987
2022-10-13 10:40:52,426 [s0@group-6905249F38B1-StateMachineUpdater] INFO  statemachine.SimpleStateMachine4Testing (SimpleStateMachine4Testing.java:put(204)) - s0: put 95, m47 -> (t:1, i:95), STATEMACHINELOGENTRY, 176@client-647DCE251987
2022-10-13 10:40:52,429 [s0@group-6905249F38B1-StateMachineUpdater] INFO  statemachine.SimpleStateMachine4Testing (SimpleStateMachine4Testing.java:put(204)) - s0: put 97, m48 -> (t:1, i:97), STATEMACHINELOGENTRY, 177@client-647DCE251987
2022-10-13 10:40:52,431 [s0@group-6905249F38B1-StateMachineUpdater] INFO  statemachine.SimpleStateMachine4Testing (SimpleStateMachine4Testing.java:put(204)) - s0: put 99, m49 -> (t:1, i:99), STATEMACHINELOGENTRY, 178@client-647DCE251987
2022-10-13 10:40:52,434 [s0@group-6905249F38B1-StateMachineUpdater] INFO  statemachine.SimpleStateMachine4Testing (SimpleStateMachine4Testing.java:put(204)) - s0: put 101, m50 -> (t:1, i:101), STATEMACHINELOGENTRY, 179@client-647DCE251987
2022-10-13 10:40:52,436 [s0@group-6905249F38B1-StateMachineUpdater] INFO  statemachine.SimpleStateMachine4Testing (SimpleStateMachine4Testing.java:put(204)) - s0: put 103, m51 -> (t:1, i:103), STATEMACHINELOGENTRY, 180@client-647DCE251987
2022-10-13 10:40:52,439 [s0@group-6905249F38B1-StateMachineUpdater] INFO  statemachine.SimpleStateMachine4Testing (SimpleStateMachine4Testing.java:put(204)) - s0: put 105, m52 -> (t:1, i:105), STATEMACHINELOGENTRY, 181@client-647DCE251987
2022-10-13 10:40:52,441 [s0@group-6905249F38B1-StateMachineUpdater] INFO  statemachine.SimpleStateMachine4Testing (SimpleStateMachine4Testing.java:put(204)) - s0: put 107, m53 -> (t:1, i:107), STATEMACHINELOGENTRY, 182@client-647DCE251987
2022-10-13 10:40:52,444 [s0@group-6905249F38B1-StateMachineUpdater] INFO  statemachine.SimpleStateMachine4Testing (SimpleStateMachine4Testing.java:put(204)) - s0: put 109, m54 -> (t:1, i:109), STATEMACHINELOGENTRY, 183@client-647DCE251987
2022-10-13 10:40:52,446 [s0-client-thread1] INFO  segmented.SegmentedRaftLogWorker (SegmentedRaftLogWorker.java:rollLogSegment(436)) - s0@group-6905249F38B1-SegmentedRaftLogWorker: Rolling segment log-83_110 to index:110
2022-10-13 10:40:52,446 [s0@group-6905249F38B1-SegmentedRaftLogWorker] TRACE util.FileUtils (LogUtils.java:runAndLog(49)) - Successfully ran Atomic Files.move /home/runner/work/ratis/ratis/ratis-test/target/test/data/289fef96/MiniRaftClusterWithGrpcba208ae8/s0/9857bba0-c7d0-4bab-84ff-6905249f38b1/current/log_inprogress_83 to /home/runner/work/ratis/ratis/ratis-test/target/test/data/289fef96/MiniRaftClusterWithGrpcba208ae8/s0/9857bba0-c7d0-4bab-84ff-6905249f38b1/current/log_83-110
2022-10-13 10:40:52,446 [s0@group-6905249F38B1-SegmentedRaftLogWorker] INFO  segmented.SegmentedRaftLogWorker (SegmentedRaftLogWorker.java:execute(592)) - s0@group-6905249F38B1-SegmentedRaftLogWorker: Rolled log segment from /home/runner/work/ratis/ratis/ratis-test/target/test/data/289fef96/MiniRaftClusterWithGrpcba208ae8/s0/9857bba0-c7d0-4bab-84ff-6905249f38b1/current/log_inprogress_83 to /home/runner/work/ratis/ratis/ratis-test/target/test/data/289fef96/MiniRaftClusterWithGrpcba208ae8/s0/9857bba0-c7d0-4bab-84ff-6905249f38b1/current/log_83-110
2022-10-13 10:40:52,447 [s0@group-6905249F38B1-SegmentedRaftLogWorker] INFO  segmented.SegmentedRaftLogWorker (SegmentedRaftLogWorker.java:execute(635)) - s0@group-6905249F38B1-SegmentedRaftLogWorker: created new log segment /home/runner/work/ratis/ratis/ratis-test/target/test/data/289fef96/MiniRaftClusterWithGrpcba208ae8/s0/9857bba0-c7d0-4bab-84ff-6905249f38b1/current/log_inprogress_111
2022-10-13 10:40:52,448 [s0@group-6905249F38B1-StateMachineUpdater] INFO  statemachine.SimpleStateMachine4Testing (SimpleStateMachine4Testing.java:put(204)) - s0: put 111, m55 -> (t:1, i:111), STATEMACHINELOGENTRY, 184@client-647DCE251987
2022-10-13 10:40:52,452 [s0@group-6905249F38B1-StateMachineUpdater] INFO  statemachine.SimpleStateMachine4Testing (SimpleStateMachine4Testing.java:put(204)) - s0: put 113, m56 -> (t:1, i:113), STATEMACHINELOGENTRY, 185@client-647DCE251987
2022-10-13 10:40:52,454 [s0@group-6905249F38B1-StateMachineUpdater] INFO  statemachine.SimpleStateMachine4Testing (SimpleStateMachine4Testing.java:put(204)) - s0: put 115, m57 -> (t:1, i:115), STATEMACHINELOGENTRY, 186@client-647DCE251987
2022-10-13 10:40:52,457 [s0@group-6905249F38B1-StateMachineUpdater] INFO  statemachine.SimpleStateMachine4Testing (SimpleStateMachine4Testing.java:put(204)) - s0: put 117, m58 -> (t:1, i:117), STATEMACHINELOGENTRY, 187@client-647DCE251987
2022-10-13 10:40:52,459 [s0@group-6905249F38B1-StateMachineUpdater] INFO  statemachine.SimpleStateMachine4Testing (SimpleStateMachine4Testing.java:put(204)) - s0: put 119, m59 -> (t:1, i:119), STATEMACHINELOGENTRY, 188@client-647DCE251987
2022-10-13 10:40:52,462 [s0@group-6905249F38B1-StateMachineUpdater] INFO  statemachine.SimpleStateMachine4Testing (SimpleStateMachine4Testing.java:put(204)) - s0: put 121, m60 -> (t:1, i:121), STATEMACHINELOGENTRY, 189@client-647DCE251987
2022-10-13 10:40:52,464 [s0@group-6905249F38B1-StateMachineUpdater] INFO  statemachine.SimpleStateMachine4Testing (SimpleStateMachine4Testing.java:put(204)) - s0: put 123, m61 -> (t:1, i:123), STATEMACHINELOGENTRY, 190@client-647DCE251987
2022-10-13 10:40:52,466 [s0@group-6905249F38B1-StateMachineUpdater] INFO  statemachine.SimpleStateMachine4Testing (SimpleStateMachine4Testing.java:put(204)) - s0: put 125, m62 -> (t:1, i:125), STATEMACHINELOGENTRY, 191@client-647DCE251987
2022-10-13 10:40:52,469 [s0@group-6905249F38B1-StateMachineUpdater] INFO  statemachine.SimpleStateMachine4Testing (SimpleStateMachine4Testing.java:put(204)) - s0: put 127, m63 -> (t:1, i:127), STATEMACHINELOGENTRY, 192@client-647DCE251987
2022-10-13 10:40:52,483 [s0@group-6905249F38B1-StateMachineUpdater] INFO  impl.StateMachineUpdater (StateMachineUpdater.java:takeSnapshot(290)) - s0@group-6905249F38B1-StateMachineUpdater: Took a snapshot at index 127
2022-10-13 10:40:52,483 [s0@group-6905249F38B1-StateMachineUpdater] INFO  impl.StateMachineUpdater (StateMachineUpdater.java:lambda$new$0(96)) - s0@group-6905249F38B1-StateMachineUpdater: snapshotIndex: updateIncreasingly 63 -> 127
2022-10-13 10:40:52,483 [s0@group-6905249F38B1-StateMachineUpdater] INFO  raftlog.RaftLog (RaftLogBase.java:purge(314)) - s0@group-6905249F38B1-SegmentedRaftLog: purge 127
2022-10-13 10:40:52,483 [s0@group-6905249F38B1-StateMachineUpdater] INFO  raftlog.RaftLog (RaftLogBase.java:lambda$new$0(53)) - s0@group-6905249F38B1-SegmentedRaftLog: snapshotIndex: updateIncreasingly 63 -> 127
2022-10-13 10:40:52,483 [s0@group-6905249F38B1-StateMachineUpdater] DEBUG raftlog.RaftLog (SegmentedRaftLog.java:purgeImpl(366)) - purging segments:toTruncate: null
  toDelete: [(55, 82) isOpen? false, length=0, newEndIndex=0, (83, 110) isOpen? false, length=0, newEndIndex=0]
2022-10-13 10:40:52,483 [s0@group-6905249F38B1-StateMachineUpdater] INFO  statemachine.SimpleStateMachine4Testing (SimpleStateMachine4Testing.java:put(204)) - s0: put 129, m64 -> (t:1, i:129), STATEMACHINELOGENTRY, 193@client-647DCE251987
2022-10-13 10:40:52,484 [s0@group-6905249F38B1-SegmentedRaftLogWorker] TRACE util.FileUtils (LogUtils.java:runAndLog(49)) - Successfully ran Files.delete /home/runner/work/ratis/ratis/ratis-test/target/test/data/289fef96/MiniRaftClusterWithGrpcba208ae8/s0/9857bba0-c7d0-4bab-84ff-6905249f38b1/current/log_55-82
2022-10-13 10:40:52,484 [s0@group-6905249F38B1-SegmentedRaftLogWorker] TRACE util.FileUtils (LogUtils.java:runAndLog(49)) - Successfully ran Files.delete /home/runner/work/ratis/ratis/ratis-test/target/test/data/289fef96/MiniRaftClusterWithGrpcba208ae8/s0/9857bba0-c7d0-4bab-84ff-6905249f38b1/current/log_83-110
2022-10-13 10:40:52,484 [s0@group-6905249F38B1-SegmentedRaftLogWorker] INFO  raftlog.RaftLog (RaftLogBase.java:lambda$new$0(53)) - s0@group-6905249F38B1-SegmentedRaftLog: purgeIndex: updateToMax old=54, new=110, updated? true
2022-10-13 10:40:52,486 [s0@group-6905249F38B1-StateMachineUpdater] INFO  statemachine.SimpleStateMachine4Testing (SimpleStateMachine4Testing.java:put(204)) - s0: put 131, m65 -> (t:1, i:131), STATEMACHINELOGENTRY, 194@client-647DCE251987
2022-10-13 10:40:52,489 [s0@group-6905249F38B1-StateMachineUpdater] INFO  statemachine.SimpleStateMachine4Testing (SimpleStateMachine4Testing.java:put(204)) - s0: put 133, m66 -> (t:1, i:133), STATEMACHINELOGENTRY, 195@client-647DCE251987
2022-10-13 10:40:52,491 [s0@group-6905249F38B1-StateMachineUpdater] INFO  statemachine.SimpleStateMachine4Testing (SimpleStateMachine4Testing.java:put(204)) - s0: put 135, m67 -> (t:1, i:135), STATEMACHINELOGENTRY, 196@client-647DCE251987
2022-10-13 10:40:52,494 [s0@group-6905249F38B1-StateMachineUpdater] INFO  statemachine.SimpleStateMachine4Testing (SimpleStateMachine4Testing.java:put(204)) - s0: put 137, m68 -> (t:1, i:137), STATEMACHINELOGENTRY, 197@client-647DCE251987
2022-10-13 10:40:52,496 [s0-client-thread1] INFO  segmented.SegmentedRaftLogWorker (SegmentedRaftLogWorker.java:rollLogSegment(436)) - s0@group-6905249F38B1-SegmentedRaftLogWorker: Rolling segment log-111_138 to index:138
2022-10-13 10:40:52,496 [s0@group-6905249F38B1-SegmentedRaftLogWorker] TRACE util.FileUtils (LogUtils.java:runAndLog(49)) - Successfully ran Atomic Files.move /home/runner/work/ratis/ratis/ratis-test/target/test/data/289fef96/MiniRaftClusterWithGrpcba208ae8/s0/9857bba0-c7d0-4bab-84ff-6905249f38b1/current/log_inprogress_111 to /home/runner/work/ratis/ratis/ratis-test/target/test/data/289fef96/MiniRaftClusterWithGrpcba208ae8/s0/9857bba0-c7d0-4bab-84ff-6905249f38b1/current/log_111-138
2022-10-13 10:40:52,496 [s0@group-6905249F38B1-SegmentedRaftLogWorker] INFO  segmented.SegmentedRaftLogWorker (SegmentedRaftLogWorker.java:execute(592)) - s0@group-6905249F38B1-SegmentedRaftLogWorker: Rolled log segment from /home/runner/work/ratis/ratis/ratis-test/target/test/data/289fef96/MiniRaftClusterWithGrpcba208ae8/s0/9857bba0-c7d0-4bab-84ff-6905249f38b1/current/log_inprogress_111 to /home/runner/work/ratis/ratis/ratis-test/target/test/data/289fef96/MiniRaftClusterWithGrpcba208ae8/s0/9857bba0-c7d0-4bab-84ff-6905249f38b1/current/log_111-138
2022-10-13 10:40:52,498 [s0@group-6905249F38B1-SegmentedRaftLogWorker] INFO  segmented.SegmentedRaftLogWorker (SegmentedRaftLogWorker.java:execute(635)) - s0@group-6905249F38B1-SegmentedRaftLogWorker: created new log segment /home/runner/work/ratis/ratis/ratis-test/target/test/data/289fef96/MiniRaftClusterWithGrpcba208ae8/s0/9857bba0-c7d0-4bab-84ff-6905249f38b1/current/log_inprogress_139
2022-10-13 10:40:52,498 [s0@group-6905249F38B1-StateMachineUpdater] INFO  statemachine.SimpleStateMachine4Testing (SimpleStateMachine4Testing.java:put(204)) - s0: put 139, m69 -> (t:1, i:139), STATEMACHINELOGENTRY, 198@client-647DCE251987
2022-10-13 10:40:52,501 [s0@group-6905249F38B1-StateMachineUpdater] INFO  statemachine.SimpleStateMachine4Testing (SimpleStateMachine4Testing.java:put(204)) - s0: put 141, m70 -> (t:1, i:141), STATEMACHINELOGENTRY, 199@client-647DCE251987
2022-10-13 10:40:52,504 [s0@group-6905249F38B1-StateMachineUpdater] INFO  statemachine.SimpleStateMachine4Testing (SimpleStateMachine4Testing.java:put(204)) - s0: put 143, m71 -> (t:1, i:143), STATEMACHINELOGENTRY, 200@client-647DCE251987
2022-10-13 10:40:52,507 [s0@group-6905249F38B1-StateMachineUpdater] INFO  statemachine.SimpleStateMachine4Testing (SimpleStateMachine4Testing.java:put(204)) - s0: put 145, m72 -> (t:1, i:145), STATEMACHINELOGENTRY, 201@client-647DCE251987
2022-10-13 10:40:52,509 [s0@group-6905249F38B1-StateMachineUpdater] INFO  statemachine.SimpleStateMachine4Testing (SimpleStateMachine4Testing.java:put(204)) - s0: put 147, m73 -> (t:1, i:147), STATEMACHINELOGENTRY, 202@client-647DCE251987
2022-10-13 10:40:52,512 [s0@group-6905249F38B1-StateMachineUpdater] INFO  statemachine.SimpleStateMachine4Testing (SimpleStateMachine4Testing.java:put(204)) - s0: put 149, m74 -> (t:1, i:149), STATEMACHINELOGENTRY, 203@client-647DCE251987
2022-10-13 10:40:52,515 [s0@group-6905249F38B1-StateMachineUpdater] INFO  statemachine.SimpleStateMachine4Testing (SimpleStateMachine4Testing.java:put(204)) - s0: put 151, m75 -> (t:1, i:151), STATEMACHINELOGENTRY, 204@client-647DCE251987
2022-10-13 10:40:52,517 [s0@group-6905249F38B1-StateMachineUpdater] INFO  statemachine.SimpleStateMachine4Testing (SimpleStateMachine4Testing.java:put(204)) - s0: put 153, m76 -> (t:1, i:153), STATEMACHINELOGENTRY, 205@client-647DCE251987
2022-10-13 10:40:52,520 [s0@group-6905249F38B1-StateMachineUpdater] INFO  statemachine.SimpleStateMachine4Testing (SimpleStateMachine4Testing.java:put(204)) - s0: put 155, m77 -> (t:1, i:155), STATEMACHINELOGENTRY, 206@client-647DCE251987
2022-10-13 10:40:52,523 [s0@group-6905249F38B1-StateMachineUpdater] INFO  statemachine.SimpleStateMachine4Testing (SimpleStateMachine4Testing.java:put(204)) - s0: put 157, m78 -> (t:1, i:157), STATEMACHINELOGENTRY, 207@client-647DCE251987
2022-10-13 10:40:52,525 [s0@group-6905249F38B1-StateMachineUpdater] INFO  statemachine.SimpleStateMachine4Testing (SimpleStateMachine4Testing.java:put(204)) - s0: put 159, m79 -> (t:1, i:159), STATEMACHINELOGENTRY, 208@client-647DCE251987
2022-10-13 10:40:52,528 [s0@group-6905249F38B1-StateMachineUpdater] INFO  statemachine.SimpleStateMachine4Testing (SimpleStateMachine4Testing.java:put(204)) - s0: put 161, m80 -> (t:1, i:161), STATEMACHINELOGENTRY, 209@client-647DCE251987
2022-10-13 10:40:52,531 [s0@group-6905249F38B1-StateMachineUpdater] INFO  statemachine.SimpleStateMachine4Testing (SimpleStateMachine4Testing.java:put(204)) - s0: put 163, m81 -> (t:1, i:163), STATEMACHINELOGENTRY, 210@client-647DCE251987
2022-10-13 10:40:52,534 [s0@group-6905249F38B1-LeaderStateImpl] INFO  segmented.SegmentedRaftLogWorker (SegmentedRaftLogWorker.java:rollLogSegment(436)) - s0@group-6905249F38B1-SegmentedRaftLogWorker: Rolling segment log-139_165 to index:165
2022-10-13 10:40:52,534 [s0@group-6905249F38B1-StateMachineUpdater] INFO  statemachine.SimpleStateMachine4Testing (SimpleStateMachine4Testing.java:put(204)) - s0: put 165, m82 -> (t:1, i:165), STATEMACHINELOGENTRY, 211@client-647DCE251987
2022-10-13 10:40:52,534 [s0@group-6905249F38B1-SegmentedRaftLogWorker] TRACE util.FileUtils (LogUtils.java:runAndLog(49)) - Successfully ran Atomic Files.move /home/runner/work/ratis/ratis/ratis-test/target/test/data/289fef96/MiniRaftClusterWithGrpcba208ae8/s0/9857bba0-c7d0-4bab-84ff-6905249f38b1/current/log_inprogress_139 to /home/runner/work/ratis/ratis/ratis-test/target/test/data/289fef96/MiniRaftClusterWithGrpcba208ae8/s0/9857bba0-c7d0-4bab-84ff-6905249f38b1/current/log_139-165
2022-10-13 10:40:52,534 [s0@group-6905249F38B1-SegmentedRaftLogWorker] INFO  segmented.SegmentedRaftLogWorker (SegmentedRaftLogWorker.java:execute(592)) - s0@group-6905249F38B1-SegmentedRaftLogWorker: Rolled log segment from /home/runner/work/ratis/ratis/ratis-test/target/test/data/289fef96/MiniRaftClusterWithGrpcba208ae8/s0/9857bba0-c7d0-4bab-84ff-6905249f38b1/current/log_inprogress_139 to /home/runner/work/ratis/ratis/ratis-test/target/test/data/289fef96/MiniRaftClusterWithGrpcba208ae8/s0/9857bba0-c7d0-4bab-84ff-6905249f38b1/current/log_139-165
2022-10-13 10:40:52,536 [s0@group-6905249F38B1-SegmentedRaftLogWorker] INFO  segmented.SegmentedRaftLogWorker (SegmentedRaftLogWorker.java:execute(635)) - s0@group-6905249F38B1-SegmentedRaftLogWorker: created new log segment /home/runner/work/ratis/ratis/ratis-test/target/test/data/289fef96/MiniRaftClusterWithGrpcba208ae8/s0/9857bba0-c7d0-4bab-84ff-6905249f38b1/current/log_inprogress_166
2022-10-13 10:40:52,537 [s0@group-6905249F38B1-StateMachineUpdater] INFO  statemachine.SimpleStateMachine4Testing (SimpleStateMachine4Testing.java:put(204)) - s0: put 167, m83 -> (t:1, i:167), STATEMACHINELOGENTRY, 212@client-647DCE251987
2022-10-13 10:40:52,546 [s0@group-6905249F38B1-StateMachineUpdater] INFO  statemachine.SimpleStateMachine4Testing (SimpleStateMachine4Testing.java:put(204)) - s0: put 169, m84 -> (t:1, i:169), STATEMACHINELOGENTRY, 213@client-647DCE251987
2022-10-13 10:40:52,549 [s0@group-6905249F38B1-StateMachineUpdater] INFO  statemachine.SimpleStateMachine4Testing (SimpleStateMachine4Testing.java:put(204)) - s0: put 171, m85 -> (t:1, i:171), STATEMACHINELOGENTRY, 214@client-647DCE251987
2022-10-13 10:40:52,551 [s0@group-6905249F38B1-StateMachineUpdater] INFO  statemachine.SimpleStateMachine4Testing (SimpleStateMachine4Testing.java:put(204)) - s0: put 173, m86 -> (t:1, i:173), STATEMACHINELOGENTRY, 215@client-647DCE251987
2022-10-13 10:40:52,554 [s0@group-6905249F38B1-StateMachineUpdater] INFO  statemachine.SimpleStateMachine4Testing (SimpleStateMachine4Testing.java:put(204)) - s0: put 175, m87 -> (t:1, i:175), STATEMACHINELOGENTRY, 216@client-647DCE251987
2022-10-13 10:40:52,557 [s0@group-6905249F38B1-StateMachineUpdater] INFO  statemachine.SimpleStateMachine4Testing (SimpleStateMachine4Testing.java:put(204)) - s0: put 177, m88 -> (t:1, i:177), STATEMACHINELOGENTRY, 217@client-647DCE251987
2022-10-13 10:40:52,559 [s0@group-6905249F38B1-StateMachineUpdater] INFO  statemachine.SimpleStateMachine4Testing (SimpleStateMachine4Testing.java:put(204)) - s0: put 179, m89 -> (t:1, i:179), STATEMACHINELOGENTRY, 218@client-647DCE251987
2022-10-13 10:40:52,562 [s0@group-6905249F38B1-StateMachineUpdater] INFO  statemachine.SimpleStateMachine4Testing (SimpleStateMachine4Testing.java:put(204)) - s0: put 181, m90 -> (t:1, i:181), STATEMACHINELOGENTRY, 219@client-647DCE251987
2022-10-13 10:40:52,565 [s0@group-6905249F38B1-StateMachineUpdater] INFO  statemachine.SimpleStateMachine4Testing (SimpleStateMachine4Testing.java:put(204)) - s0: put 183, m91 -> (t:1, i:183), STATEMACHINELOGENTRY, 220@client-647DCE251987
2022-10-13 10:40:52,567 [s0@group-6905249F38B1-StateMachineUpdater] INFO  statemachine.SimpleStateMachine4Testing (SimpleStateMachine4Testing.java:put(204)) - s0: put 185, m92 -> (t:1, i:185), STATEMACHINELOGENTRY, 221@client-647DCE251987
2022-10-13 10:40:52,575 [s0@group-6905249F38B1-StateMachineUpdater] INFO  statemachine.SimpleStateMachine4Testing (SimpleStateMachine4Testing.java:put(204)) - s0: put 187, m93 -> (t:1, i:187), STATEMACHINELOGENTRY, 222@client-647DCE251987
2022-10-13 10:40:52,578 [s0@group-6905249F38B1-StateMachineUpdater] INFO  statemachine.SimpleStateMachine4Testing (SimpleStateMachine4Testing.java:put(204)) - s0: put 189, m94 -> (t:1, i:189), STATEMACHINELOGENTRY, 223@client-647DCE251987
2022-10-13 10:40:52,581 [s0@group-6905249F38B1-StateMachineUpdater] INFO  statemachine.SimpleStateMachine4Testing (SimpleStateMachine4Testing.java:put(204)) - s0: put 191, m95 -> (t:1, i:191), STATEMACHINELOGENTRY, 224@client-647DCE251987
2022-10-13 10:40:52,585 [s0-client-thread1] INFO  segmented.SegmentedRaftLogWorker (SegmentedRaftLogWorker.java:rollLogSegment(436)) - s0@group-6905249F38B1-SegmentedRaftLogWorker: Rolling segment log-166_192 to index:192
2022-10-13 10:40:52,585 [s0@group-6905249F38B1-SegmentedRaftLogWorker] TRACE util.FileUtils (LogUtils.java:runAndLog(49)) - Successfully ran Atomic Files.move /home/runner/work/ratis/ratis/ratis-test/target/test/data/289fef96/MiniRaftClusterWithGrpcba208ae8/s0/9857bba0-c7d0-4bab-84ff-6905249f38b1/current/log_inprogress_166 to /home/runner/work/ratis/ratis/ratis-test/target/test/data/289fef96/MiniRaftClusterWithGrpcba208ae8/s0/9857bba0-c7d0-4bab-84ff-6905249f38b1/current/log_166-192
2022-10-13 10:40:52,585 [s0@group-6905249F38B1-SegmentedRaftLogWorker] INFO  segmented.SegmentedRaftLogWorker (SegmentedRaftLogWorker.java:execute(592)) - s0@group-6905249F38B1-SegmentedRaftLogWorker: Rolled log segment from /home/runner/work/ratis/ratis/ratis-test/target/test/data/289fef96/MiniRaftClusterWithGrpcba208ae8/s0/9857bba0-c7d0-4bab-84ff-6905249f38b1/current/log_inprogress_166 to /home/runner/work/ratis/ratis/ratis-test/target/test/data/289fef96/MiniRaftClusterWithGrpcba208ae8/s0/9857bba0-c7d0-4bab-84ff-6905249f38b1/current/log_166-192
2022-10-13 10:40:52,587 [s0@group-6905249F38B1-SegmentedRaftLogWorker] INFO  segmented.SegmentedRaftLogWorker (SegmentedRaftLogWorker.java:execute(635)) - s0@group-6905249F38B1-SegmentedRaftLogWorker: created new log segment /home/runner/work/ratis/ratis/ratis-test/target/test/data/289fef96/MiniRaftClusterWithGrpcba208ae8/s0/9857bba0-c7d0-4bab-84ff-6905249f38b1/current/log_inprogress_193
2022-10-13 10:40:52,599 [s0@group-6905249F38B1-StateMachineUpdater] INFO  impl.StateMachineUpdater (StateMachineUpdater.java:takeSnapshot(290)) - s0@group-6905249F38B1-StateMachineUpdater: Took a snapshot at index 191
2022-10-13 10:40:52,599 [s0@group-6905249F38B1-StateMachineUpdater] INFO  impl.StateMachineUpdater (StateMachineUpdater.java:lambda$new$0(96)) - s0@group-6905249F38B1-StateMachineUpdater: snapshotIndex: updateIncreasingly 127 -> 191
2022-10-13 10:40:52,599 [s0@group-6905249F38B1-StateMachineUpdater] INFO  raftlog.RaftLog (RaftLogBase.java:purge(314)) - s0@group-6905249F38B1-SegmentedRaftLog: purge 191
2022-10-13 10:40:52,600 [s0@group-6905249F38B1-StateMachineUpdater] INFO  raftlog.RaftLog (RaftLogBase.java:lambda$new$0(53)) - s0@group-6905249F38B1-SegmentedRaftLog: snapshotIndex: updateIncreasingly 127 -> 191
2022-10-13 10:40:52,600 [s0@group-6905249F38B1-StateMachineUpdater] DEBUG raftlog.RaftLog (SegmentedRaftLog.java:purgeImpl(366)) - purging segments:toTruncate: null
  toDelete: [(139, 165) isOpen? false, length=0, newEndIndex=0, (111, 138) isOpen? false, length=0, newEndIndex=0]
2022-10-13 10:40:52,600 [s0@group-6905249F38B1-SegmentedRaftLogWorker] TRACE util.FileUtils (LogUtils.java:runAndLog(49)) - Successfully ran Files.delete /home/runner/work/ratis/ratis/ratis-test/target/test/data/289fef96/MiniRaftClusterWithGrpcba208ae8/s0/9857bba0-c7d0-4bab-84ff-6905249f38b1/current/log_139-165
2022-10-13 10:40:52,600 [s0@group-6905249F38B1-SegmentedRaftLogWorker] TRACE util.FileUtils (LogUtils.java:runAndLog(49)) - Successfully ran Files.delete /home/runner/work/ratis/ratis/ratis-test/target/test/data/289fef96/MiniRaftClusterWithGrpcba208ae8/s0/9857bba0-c7d0-4bab-84ff-6905249f38b1/current/log_111-138
2022-10-13 10:40:52,600 [s0@group-6905249F38B1-StateMachineUpdater] INFO  raftlog.RaftLog (RaftLogBase.java:lambda$new$0(53)) - s0@group-6905249F38B1-SegmentedRaftLog: purgeIndex: updateToMax old=110, new=165, updated? true
2022-10-13 10:40:52,600 [s0@group-6905249F38B1-StateMachineUpdater] INFO  statemachine.SimpleStateMachine4Testing (SimpleStateMachine4Testing.java:put(204)) - s0: put 193, m96 -> (t:1, i:193), STATEMACHINELOGENTRY, 225@client-647DCE251987
2022-10-13 10:40:52,603 [s0@group-6905249F38B1-StateMachineUpdater] INFO  statemachine.SimpleStateMachine4Testing (SimpleStateMachine4Testing.java:put(204)) - s0: put 195, m97 -> (t:1, i:195), STATEMACHINELOGENTRY, 226@client-647DCE251987
2022-10-13 10:40:52,606 [s0@group-6905249F38B1-StateMachineUpdater] INFO  statemachine.SimpleStateMachine4Testing (SimpleStateMachine4Testing.java:put(204)) - s0: put 197, m98 -> (t:1, i:197), STATEMACHINELOGENTRY, 227@client-647DCE251987
2022-10-13 10:40:52,608 [s0@group-6905249F38B1-StateMachineUpdater] INFO  statemachine.SimpleStateMachine4Testing (SimpleStateMachine4Testing.java:put(204)) - s0: put 199, m99 -> (t:1, i:199), STATEMACHINELOGENTRY, 228@client-647DCE251987
2022-10-13 10:40:52,611 [s0@group-6905249F38B1-StateMachineUpdater] INFO  statemachine.SimpleStateMachine4Testing (SimpleStateMachine4Testing.java:put(204)) - s0: put 201, m100 -> (t:1, i:201), STATEMACHINELOGENTRY, 229@client-647DCE251987
2022-10-13 10:40:52,614 [s0@group-6905249F38B1-StateMachineUpdater] INFO  statemachine.SimpleStateMachine4Testing (SimpleStateMachine4Testing.java:put(204)) - s0: put 203, m101 -> (t:1, i:203), STATEMACHINELOGENTRY, 230@client-647DCE251987
2022-10-13 10:40:52,616 [s0@group-6905249F38B1-StateMachineUpdater] INFO  statemachine.SimpleStateMachine4Testing (SimpleStateMachine4Testing.java:put(204)) - s0: put 205, m102 -> (t:1, i:205), STATEMACHINELOGENTRY, 231@client-647DCE251987
2022-10-13 10:40:52,619 [s0@group-6905249F38B1-StateMachineUpdater] INFO  statemachine.SimpleStateMachine4Testing (SimpleStateMachine4Testing.java:put(204)) - s0: put 207, m103 -> (t:1, i:207), STATEMACHINELOGENTRY, 232@client-647DCE251987
2022-10-13 10:40:52,621 [s0@group-6905249F38B1-StateMachineUpdater] INFO  statemachine.SimpleStateMachine4Testing (SimpleStateMachine4Testing.java:put(204)) - s0: put 209, m104 -> (t:1, i:209), STATEMACHINELOGENTRY, 233@client-647DCE251987
2022-10-13 10:40:52,624 [s0@group-6905249F38B1-StateMachineUpdater] INFO  statemachine.SimpleStateMachine4Testing (SimpleStateMachine4Testing.java:put(204)) - s0: put 211, m105 -> (t:1, i:211), STATEMACHINELOGENTRY, 234@client-647DCE251987
2022-10-13 10:40:52,626 [s0@group-6905249F38B1-StateMachineUpdater] INFO  statemachine.SimpleStateMachine4Testing (SimpleStateMachine4Testing.java:put(204)) - s0: put 213, m106 -> (t:1, i:213), STATEMACHINELOGENTRY, 235@client-647DCE251987
2022-10-13 10:40:52,629 [s0@group-6905249F38B1-StateMachineUpdater] INFO  statemachine.SimpleStateMachine4Testing (SimpleStateMachine4Testing.java:put(204)) - s0: put 215, m107 -> (t:1, i:215), STATEMACHINELOGENTRY, 236@client-647DCE251987
2022-10-13 10:40:52,631 [s0@group-6905249F38B1-StateMachineUpdater] INFO  statemachine.SimpleStateMachine4Testing (SimpleStateMachine4Testing.java:put(204)) - s0: put 217, m108 -> (t:1, i:217), STATEMACHINELOGENTRY, 237@client-647DCE251987
2022-10-13 10:40:52,634 [s0@group-6905249F38B1-LeaderStateImpl] INFO  segmented.SegmentedRaftLogWorker (SegmentedRaftLogWorker.java:rollLogSegment(436)) - s0@group-6905249F38B1-SegmentedRaftLogWorker: Rolling segment log-193_219 to index:219
2022-10-13 10:40:52,634 [s0@group-6905249F38B1-StateMachineUpdater] INFO  statemachine.SimpleStateMachine4Testing (SimpleStateMachine4Testing.java:put(204)) - s0: put 219, m109 -> (t:1, i:219), STATEMACHINELOGENTRY, 238@client-647DCE251987
2022-10-13 10:40:52,634 [s0@group-6905249F38B1-SegmentedRaftLogWorker] TRACE util.FileUtils (LogUtils.java:runAndLog(49)) - Successfully ran Atomic Files.move /home/runner/work/ratis/ratis/ratis-test/target/test/data/289fef96/MiniRaftClusterWithGrpcba208ae8/s0/9857bba0-c7d0-4bab-84ff-6905249f38b1/current/log_inprogress_193 to /home/runner/work/ratis/ratis/ratis-test/target/test/data/289fef96/MiniRaftClusterWithGrpcba208ae8/s0/9857bba0-c7d0-4bab-84ff-6905249f38b1/current/log_193-219
2022-10-13 10:40:52,634 [s0@group-6905249F38B1-SegmentedRaftLogWorker] INFO  segmented.SegmentedRaftLogWorker (SegmentedRaftLogWorker.java:execute(592)) - s0@group-6905249F38B1-SegmentedRaftLogWorker: Rolled log segment from /home/runner/work/ratis/ratis/ratis-test/target/test/data/289fef96/MiniRaftClusterWithGrpcba208ae8/s0/9857bba0-c7d0-4bab-84ff-6905249f38b1/current/log_inprogress_193 to /home/runner/work/ratis/ratis/ratis-test/target/test/data/289fef96/MiniRaftClusterWithGrpcba208ae8/s0/9857bba0-c7d0-4bab-84ff-6905249f38b1/current/log_193-219
2022-10-13 10:40:52,635 [s0@group-6905249F38B1-SegmentedRaftLogWorker] INFO  segmented.SegmentedRaftLogWorker (SegmentedRaftLogWorker.java:execute(635)) - s0@group-6905249F38B1-SegmentedRaftLogWorker: created new log segment /home/runner/work/ratis/ratis/ratis-test/target/test/data/289fef96/MiniRaftClusterWithGrpcba208ae8/s0/9857bba0-c7d0-4bab-84ff-6905249f38b1/current/log_inprogress_220
2022-10-13 10:40:52,637 [s0@group-6905249F38B1-StateMachineUpdater] INFO  statemachine.SimpleStateMachine4Testing (SimpleStateMachine4Testing.java:put(204)) - s0: put 221, m110 -> (t:1, i:221), STATEMACHINELOGENTRY, 239@client-647DCE251987
2022-10-13 10:40:52,640 [s0@group-6905249F38B1-StateMachineUpdater] INFO  statemachine.SimpleStateMachine4Testing (SimpleStateMachine4Testing.java:put(204)) - s0: put 223, m111 -> (t:1, i:223), STATEMACHINELOGENTRY, 240@client-647DCE251987
2022-10-13 10:40:52,642 [s0@group-6905249F38B1-StateMachineUpdater] INFO  statemachine.SimpleStateMachine4Testing (SimpleStateMachine4Testing.java:put(204)) - s0: put 225, m112 -> (t:1, i:225), STATEMACHINELOGENTRY, 241@client-647DCE251987
2022-10-13 10:40:52,645 [s0@group-6905249F38B1-StateMachineUpdater] INFO  statemachine.SimpleStateMachine4Testing (SimpleStateMachine4Testing.java:put(204)) - s0: put 227, m113 -> (t:1, i:227), STATEMACHINELOGENTRY, 242@client-647DCE251987
2022-10-13 10:40:52,647 [s0@group-6905249F38B1-StateMachineUpdater] INFO  statemachine.SimpleStateMachine4Testing (SimpleStateMachine4Testing.java:put(204)) - s0: put 229, m114 -> (t:1, i:229), STATEMACHINELOGENTRY, 243@client-647DCE251987
2022-10-13 10:40:52,650 [s0@group-6905249F38B1-StateMachineUpdater] INFO  statemachine.SimpleStateMachine4Testing (SimpleStateMachine4Testing.java:put(204)) - s0: put 231, m115 -> (t:1, i:231), STATEMACHINELOGENTRY, 244@client-647DCE251987
2022-10-13 10:40:52,652 [s0@group-6905249F38B1-StateMachineUpdater] INFO  statemachine.SimpleStateMachine4Testing (SimpleStateMachine4Testing.java:put(204)) - s0: put 233, m116 -> (t:1, i:233), STATEMACHINELOGENTRY, 245@client-647DCE251987
2022-10-13 10:40:52,654 [s0@group-6905249F38B1-StateMachineUpdater] INFO  statemachine.SimpleStateMachine4Testing (SimpleStateMachine4Testing.java:put(204)) - s0: put 235, m117 -> (t:1, i:235), STATEMACHINELOGENTRY, 246@client-647DCE251987
2022-10-13 10:40:52,657 [s0@group-6905249F38B1-StateMachineUpdater] INFO  statemachine.SimpleStateMachine4Testing (SimpleStateMachine4Testing.java:put(204)) - s0: put 237, m118 -> (t:1, i:237), STATEMACHINELOGENTRY, 247@client-647DCE251987
2022-10-13 10:40:52,660 [s0@group-6905249F38B1-StateMachineUpdater] INFO  statemachine.SimpleStateMachine4Testing (SimpleStateMachine4Testing.java:put(204)) - s0: put 239, m119 -> (t:1, i:239), STATEMACHINELOGENTRY, 248@client-647DCE251987
2022-10-13 10:40:52,662 [s0@group-6905249F38B1-StateMachineUpdater] INFO  statemachine.SimpleStateMachine4Testing (SimpleStateMachine4Testing.java:put(204)) - s0: put 241, m120 -> (t:1, i:241), STATEMACHINELOGENTRY, 249@client-647DCE251987
2022-10-13 10:40:52,665 [s0@group-6905249F38B1-StateMachineUpdater] INFO  statemachine.SimpleStateMachine4Testing (SimpleStateMachine4Testing.java:put(204)) - s0: put 243, m121 -> (t:1, i:243), STATEMACHINELOGENTRY, 250@client-647DCE251987
2022-10-13 10:40:52,668 [s0@group-6905249F38B1-StateMachineUpdater] INFO  statemachine.SimpleStateMachine4Testing (SimpleStateMachine4Testing.java:put(204)) - s0: put 245, m122 -> (t:1, i:245), STATEMACHINELOGENTRY, 251@client-647DCE251987
2022-10-13 10:40:52,670 [s0-client-thread1] INFO  segmented.SegmentedRaftLogWorker (SegmentedRaftLogWorker.java:rollLogSegment(436)) - s0@group-6905249F38B1-SegmentedRaftLogWorker: Rolling segment log-220_246 to index:246
2022-10-13 10:40:52,670 [s0@group-6905249F38B1-SegmentedRaftLogWorker] TRACE util.FileUtils (LogUtils.java:runAndLog(49)) - Successfully ran Atomic Files.move /home/runner/work/ratis/ratis/ratis-test/target/test/data/289fef96/MiniRaftClusterWithGrpcba208ae8/s0/9857bba0-c7d0-4bab-84ff-6905249f38b1/current/log_inprogress_220 to /home/runner/work/ratis/ratis/ratis-test/target/test/data/289fef96/MiniRaftClusterWithGrpcba208ae8/s0/9857bba0-c7d0-4bab-84ff-6905249f38b1/current/log_220-246
2022-10-13 10:40:52,670 [s0@group-6905249F38B1-SegmentedRaftLogWorker] INFO  segmented.SegmentedRaftLogWorker (SegmentedRaftLogWorker.java:execute(592)) - s0@group-6905249F38B1-SegmentedRaftLogWorker: Rolled log segment from /home/runner/work/ratis/ratis/ratis-test/target/test/data/289fef96/MiniRaftClusterWithGrpcba208ae8/s0/9857bba0-c7d0-4bab-84ff-6905249f38b1/current/log_inprogress_220 to /home/runner/work/ratis/ratis/ratis-test/target/test/data/289fef96/MiniRaftClusterWithGrpcba208ae8/s0/9857bba0-c7d0-4bab-84ff-6905249f38b1/current/log_220-246
2022-10-13 10:40:52,671 [s0@group-6905249F38B1-SegmentedRaftLogWorker] INFO  segmented.SegmentedRaftLogWorker (SegmentedRaftLogWorker.java:execute(635)) - s0@group-6905249F38B1-SegmentedRaftLogWorker: created new log segment /home/runner/work/ratis/ratis/ratis-test/target/test/data/289fef96/MiniRaftClusterWithGrpcba208ae8/s0/9857bba0-c7d0-4bab-84ff-6905249f38b1/current/log_inprogress_247
2022-10-13 10:40:52,672 [s0@group-6905249F38B1-StateMachineUpdater] INFO  statemachine.SimpleStateMachine4Testing (SimpleStateMachine4Testing.java:put(204)) - s0: put 247, m123 -> (t:1, i:247), STATEMACHINELOGENTRY, 252@client-647DCE251987
2022-10-13 10:40:52,674 [s0@group-6905249F38B1-StateMachineUpdater] INFO  statemachine.SimpleStateMachine4Testing (SimpleStateMachine4Testing.java:put(204)) - s0: put 249, m124 -> (t:1, i:249), STATEMACHINELOGENTRY, 253@client-647DCE251987
2022-10-13 10:40:52,677 [s0@group-6905249F38B1-StateMachineUpdater] INFO  statemachine.SimpleStateMachine4Testing (SimpleStateMachine4Testing.java:put(204)) - s0: put 251, m125 -> (t:1, i:251), STATEMACHINELOGENTRY, 254@client-647DCE251987
2022-10-13 10:40:52,679 [s0@group-6905249F38B1-StateMachineUpdater] INFO  statemachine.SimpleStateMachine4Testing (SimpleStateMachine4Testing.java:put(204)) - s0: put 253, m126 -> (t:1, i:253), STATEMACHINELOGENTRY, 255@client-647DCE251987
2022-10-13 10:40:52,681 [Time-limited test] INFO  ratis.InstallSnapshotNotificationTests (InstallSnapshotNotificationTests.java:testAddNewFollowers(195)) - nextIndex = 255
2022-10-13 10:40:52,682 [Time-limited test] INFO  statemachine.RaftSnapshotBaseTest (RaftSnapshotBaseTest.java:exists(174)) - File exists: /home/runner/work/ratis/ratis/ratis-test/target/test/data/289fef96/MiniRaftClusterWithGrpcba208ae8/s0/9857bba0-c7d0-4bab-84ff-6905249f38b1/sm/snapshot.1_191
2022-10-13 10:40:52,682 [Time-limited test] INFO  impl.MiniRaftCluster (MiniRaftCluster.java:shutdown(831)) - ************************************************************** 
2022-10-13 10:40:52,682 [Time-limited test] INFO  impl.MiniRaftCluster (MiniRaftCluster.java:shutdown(832)) - *** 
2022-10-13 10:40:52,682 [Time-limited test] INFO  impl.MiniRaftCluster (MiniRaftCluster.java:shutdown(833)) - ***     Stopping MiniRaftClusterWithGrpc
2022-10-13 10:40:52,683 [Time-limited test] INFO  impl.MiniRaftCluster (MiniRaftCluster.java:shutdown(834)) - *** 
2022-10-13 10:40:52,683 [Time-limited test] INFO  impl.MiniRaftCluster (MiniRaftCluster.java:shutdown(835)) - ************************************************************** 
2022-10-13 10:40:52,683 [Time-limited test] INFO  impl.MiniRaftCluster (MiniRaftCluster.java:shutdown(836)) - printing ALL groups
  s0:  RUNNING    LEADER s0@group-6905249F38B1:t1, leader=s0, voted=s0, raftlog=Memoized:s0@group-6905249F38B1-SegmentedRaftLog:OPENED:c254, conf=0: peers:[s0|rpc:localhost:46195|admin:localhost:44717|client:localhost:42765|dataStream:localhost:39399|priority:0|startupRole:FOLLOWER]|listeners:[], old=null RUNNING
2022-10-13 10:40:52,688 [MiniRaftCluster-7] INFO  server.RaftServer (RaftServerProxy.java:lambda$close$7(412)) - s0: close
2022-10-13 10:40:52,688 [MiniRaftCluster-7] INFO  server.GrpcService (GrpcService.java:closeImpl(319)) - s0: shutdown server org.apache.ratis.grpc.server.GrpcClientProtocolService now
2022-10-13 10:40:52,688 [s0-impl-thread1] INFO  server.RaftServer$Division (RaftServerImpl.java:lambda$close$4(462)) - s0@group-6905249F38B1: shutdown
2022-10-13 10:40:52,688 [s0-impl-thread1] INFO  util.JmxRegister (JmxRegister.java:unregister(73)) - Successfully un-registered JMX Bean with object name Ratis:service=RaftServer,group=group-6905249F38B1,id=s0
2022-10-13 10:40:52,688 [s0-impl-thread1] INFO  impl.RoleInfo (RoleInfo.java:shutdownLeaderState(93)) - s0: shutdown s0@group-6905249F38B1-LeaderStateImpl
2022-10-13 10:40:52,688 [s0-impl-thread1] INFO  impl.PendingRequests (PendingRequests.java:sendNotLeaderResponses(282)) - s0@group-6905249F38B1-PendingRequests: sendNotLeaderResponses
2022-10-13 10:40:52,689 [s0-impl-thread1] INFO  impl.StateMachineUpdater (StateMachineUpdater.java:stopAndJoin(154)) - s0@group-6905249F38B1-StateMachineUpdater: set stopIndex = 254
2022-10-13 10:40:52,695 [MiniRaftCluster-7] INFO  server.GrpcService (GrpcService.java:closeImpl(328)) - s0: shutdown server org.apache.ratis.grpc.server.GrpcClientProtocolService successfully
2022-10-13 10:40:52,695 [MiniRaftCluster-7] INFO  server.GrpcService (GrpcService.java:closeImpl(319)) - s0: shutdown server GrpcServerProtocolService now
2022-10-13 10:40:52,696 [MiniRaftCluster-7] INFO  server.GrpcService (GrpcService.java:closeImpl(328)) - s0: shutdown server GrpcServerProtocolService successfully
2022-10-13 10:40:52,696 [MiniRaftCluster-7] INFO  server.GrpcService (GrpcService.java:closeImpl(319)) - s0: shutdown server org.apache.ratis.grpc.server.GrpcAdminProtocolService now
2022-10-13 10:40:52,696 [MiniRaftCluster-7] INFO  server.GrpcService (GrpcService.java:closeImpl(328)) - s0: shutdown server org.apache.ratis.grpc.server.GrpcAdminProtocolService successfully
2022-10-13 10:40:52,705 [s0@group-6905249F38B1-StateMachineUpdater] INFO  impl.StateMachineUpdater (StateMachineUpdater.java:takeSnapshot(290)) - s0@group-6905249F38B1-StateMachineUpdater: Took a snapshot at index 254
2022-10-13 10:40:52,705 [s0@group-6905249F38B1-StateMachineUpdater] INFO  impl.StateMachineUpdater (StateMachineUpdater.java:lambda$new$0(96)) - s0@group-6905249F38B1-StateMachineUpdater: snapshotIndex: updateIncreasingly 191 -> 254
2022-10-13 10:40:52,706 [s0@group-6905249F38B1-StateMachineUpdater] INFO  raftlog.RaftLog (RaftLogBase.java:purge(314)) - s0@group-6905249F38B1-SegmentedRaftLog: purge 254
2022-10-13 10:40:52,706 [s0@group-6905249F38B1-StateMachineUpdater] INFO  raftlog.RaftLog (RaftLogBase.java:lambda$new$0(53)) - s0@group-6905249F38B1-SegmentedRaftLog: snapshotIndex: updateIncreasingly 191 -> 254
2022-10-13 10:40:52,706 [s0@group-6905249F38B1-StateMachineUpdater] DEBUG raftlog.RaftLog (SegmentedRaftLog.java:purgeImpl(366)) - purging segments:toTruncate: null
  toDelete: [(166, 192) isOpen? false, length=0, newEndIndex=0, (193, 219) isOpen? false, length=0, newEndIndex=0, (220, 246) isOpen? false, length=0, newEndIndex=0]
2022-10-13 10:40:52,706 [s0@group-6905249F38B1-SegmentedRaftLogWorker] TRACE util.FileUtils (LogUtils.java:runAndLog(49)) - Successfully ran Files.delete /home/runner/work/ratis/ratis/ratis-test/target/test/data/289fef96/MiniRaftClusterWithGrpcba208ae8/s0/9857bba0-c7d0-4bab-84ff-6905249f38b1/current/log_166-192
2022-10-13 10:40:52,706 [s0@group-6905249F38B1-SegmentedRaftLogWorker] TRACE util.FileUtils (LogUtils.java:runAndLog(49)) - Successfully ran Files.delete /home/runner/work/ratis/ratis/ratis-test/target/test/data/289fef96/MiniRaftClusterWithGrpcba208ae8/s0/9857bba0-c7d0-4bab-84ff-6905249f38b1/current/log_193-219
2022-10-13 10:40:52,706 [s0@group-6905249F38B1-SegmentedRaftLogWorker] TRACE util.FileUtils (LogUtils.java:runAndLog(49)) - Successfully ran Files.delete /home/runner/work/ratis/ratis/ratis-test/target/test/data/289fef96/MiniRaftClusterWithGrpcba208ae8/s0/9857bba0-c7d0-4bab-84ff-6905249f38b1/current/log_220-246
2022-10-13 10:40:52,706 [s0@group-6905249F38B1-StateMachineUpdater] INFO  raftlog.RaftLog (RaftLogBase.java:lambda$new$0(53)) - s0@group-6905249F38B1-SegmentedRaftLog: purgeIndex: updateToMax old=165, new=246, updated? true
2022-10-13 10:40:52,706 [s0-impl-thread1] INFO  server.RaftServer$Division (ServerState.java:close(412)) - s0@group-6905249F38B1: applyIndex: 254
2022-10-13 10:40:52,706 [s0@group-6905249F38B1-SegmentedRaftLogWorker] INFO  segmented.SegmentedRaftLogWorker (SegmentedRaftLogWorker.java:run(333)) - s0@group-6905249F38B1-SegmentedRaftLogWorker was interrupted, exiting. There are 0 tasks remaining in the queue.
2022-10-13 10:40:52,707 [s0-impl-thread1] INFO  segmented.SegmentedRaftLogWorker (SegmentedRaftLogWorker.java:close(246)) - s0@group-6905249F38B1-SegmentedRaftLogWorker close()
2022-10-13 10:40:52,708 [JvmPauseMonitor4] INFO  util.JvmPauseMonitor (JvmPauseMonitor.java:run(111)) - JvmPauseMonitor-s0: Stopped
2022-10-13 10:40:52,708 [Time-limited test] INFO  impl.MiniRaftCluster (MiniRaftCluster.java:shutdown(855)) - MiniRaftClusterWithGrpc shutdown completed
2022-10-13 10:40:52,708 [Time-limited test] INFO  ratis.InstallSnapshotNotificationTests (InstallSnapshotNotificationTests.java:testAddNewFollowers(208)) - Delete logs [/home/runner/work/ratis/ratis/ratis-test/target/test/data/289fef96/MiniRaftClusterWithGrpcba208ae8/s0/9857bba0-c7d0-4bab-84ff-6905249f38b1/current/log_166-192(166-192), /home/runner/work/ratis/ratis/ratis-test/target/test/data/289fef96/MiniRaftClusterWithGrpcba208ae8/s0/9857bba0-c7d0-4bab-84ff-6905249f38b1/current/log_193-219(193-219), /home/runner/work/ratis/ratis/ratis-test/target/test/data/289fef96/MiniRaftClusterWithGrpcba208ae8/s0/9857bba0-c7d0-4bab-84ff-6905249f38b1/current/log_220-246(220-246), /home/runner/work/ratis/ratis/ratis-test/target/test/data/289fef96/MiniRaftClusterWithGrpcba208ae8/s0/9857bba0-c7d0-4bab-84ff-6905249f38b1/current/log_inprogress_247(247-)]
2022-10-13 10:40:52,708 [Time-limited test] TRACE util.FileUtils (FileUtils.java:deleteFully(184)) - deleteFully: /home/runner/work/ratis/ratis/ratis-test/target/test/data/289fef96/MiniRaftClusterWithGrpcba208ae8/s0/9857bba0-c7d0-4bab-84ff-6905249f38b1/current/log_166-192 does not exist.
2022-10-13 10:40:52,708 [Time-limited test] TRACE util.FileUtils (FileUtils.java:deleteFully(184)) - deleteFully: /home/runner/work/ratis/ratis/ratis-test/target/test/data/289fef96/MiniRaftClusterWithGrpcba208ae8/s0/9857bba0-c7d0-4bab-84ff-6905249f38b1/current/log_193-219 does not exist.
2022-10-13 10:40:52,708 [Time-limited test] TRACE util.FileUtils (FileUtils.java:deleteFully(184)) - deleteFully: /home/runner/work/ratis/ratis/ratis-test/target/test/data/289fef96/MiniRaftClusterWithGrpcba208ae8/s0/9857bba0-c7d0-4bab-84ff-6905249f38b1/current/log_220-246 does not exist.
2022-10-13 10:40:52,709 [Time-limited test] TRACE util.FileUtils (LogUtils.java:runAndLog(49)) - Successfully ran Files.delete /home/runner/work/ratis/ratis/ratis-test/target/test/data/289fef96/MiniRaftClusterWithGrpcba208ae8/s0/9857bba0-c7d0-4bab-84ff-6905249f38b1/current/log_inprogress_247
2022-10-13 10:40:52,709 [Time-limited test] INFO  ratis.InstallSnapshotNotificationTests (InstallSnapshotNotificationTests.java:testAddNewFollowers(214)) - Restarting the cluster
2022-10-13 10:40:52,709 [Time-limited test] INFO  impl.MiniRaftCluster (MiniRaftCluster.java:shutdown(831)) - ************************************************************** 
2022-10-13 10:40:52,709 [Time-limited test] INFO  impl.MiniRaftCluster (MiniRaftCluster.java:shutdown(832)) - *** 
2022-10-13 10:40:52,709 [Time-limited test] INFO  impl.MiniRaftCluster (MiniRaftCluster.java:shutdown(833)) - ***     Stopping MiniRaftClusterWithGrpc
2022-10-13 10:40:52,709 [Time-limited test] INFO  impl.MiniRaftCluster (MiniRaftCluster.java:shutdown(834)) - *** 
2022-10-13 10:40:52,709 [Time-limited test] INFO  impl.MiniRaftCluster (MiniRaftCluster.java:shutdown(835)) - ************************************************************** 
2022-10-13 10:40:52,709 [Time-limited test] INFO  impl.MiniRaftCluster (MiniRaftCluster.java:shutdown(836)) - printing ALL groups
  s0:   CLOSED    LEADER s0@group-6905249F38B1:t1, leader=s0, voted=s0, raftlog=Memoized:s0@group-6905249F38B1-SegmentedRaftLog:CLOSED:c254, conf=0: peers:[s0|rpc:localhost:46195|admin:localhost:44717|client:localhost:42765|dataStream:localhost:39399|priority:0|startupRole:FOLLOWER]|listeners:[], old=null CLOSED
2022-10-13 10:40:52,712 [Time-limited test] INFO  impl.MiniRaftCluster (MiniRaftCluster.java:shutdown(855)) - MiniRaftClusterWithGrpc shutdown completed
2022-10-13 10:40:52,712 [Time-limited test] INFO  impl.MiniRaftCluster (MiniRaftCluster.java:newRaftServer(382)) - newRaftServer: s0, group-6905249F38B1:[s0|rpc:localhost:46195|admin:localhost:44717|client:localhost:42765|dataStream:localhost:39399|priority:0|startupRole:FOLLOWER], format? false
2022-10-13 10:40:52,712 [Time-limited test] INFO  server.RaftServer (ConfUtils.java:logGet(46)) - raft.rpc.type = GRPC (default)
2022-10-13 10:40:52,712 [Time-limited test] INFO  grpc.GrpcConfigKeys (ConfUtils.java:logFallback(53)) - raft.grpc.admin.host = null (fallback to raft.grpc.server.host)
2022-10-13 10:40:52,712 [Time-limited test] INFO  grpc.GrpcConfigKeys (ConfUtils.java:logGet(46)) - raft.grpc.admin.port = 44717 (custom)
2022-10-13 10:40:52,712 [Time-limited test] INFO  grpc.GrpcConfigKeys (ConfUtils.java:logFallback(53)) - raft.grpc.client.host = null (fallback to raft.grpc.server.host)
2022-10-13 10:40:52,712 [Time-limited test] INFO  grpc.GrpcConfigKeys (ConfUtils.java:logGet(46)) - raft.grpc.client.port = 42765 (custom)
2022-10-13 10:40:52,712 [Time-limited test] INFO  grpc.GrpcConfigKeys (ConfUtils.java:logGet(46)) - raft.grpc.server.host = null (default)
2022-10-13 10:40:52,713 [Time-limited test] INFO  grpc.GrpcConfigKeys (ConfUtils.java:logGet(46)) - raft.grpc.server.port = 46195 (custom)
2022-10-13 10:40:52,713 [Time-limited test] INFO  server.GrpcService (ConfUtils.java:logGet(46)) - raft.grpc.message.size.max = 64MB (=67108864) (default)
2022-10-13 10:40:52,713 [Time-limited test] INFO  server.RaftServerConfigKeys (ConfUtils.java:logGet(46)) - raft.server.log.appender.buffer.byte-limit = 4MB (=4194304) (default)
2022-10-13 10:40:52,713 [Time-limited test] INFO  server.GrpcService (ConfUtils.java:logGet(46)) - raft.grpc.flow.control.window = 1MB (=1048576) (default)
2022-10-13 10:40:52,713 [Time-limited test] INFO  server.RaftServerConfigKeys (ConfUtils.java:logGet(46)) - raft.server.rpc.request.timeout = 3000ms (default)
2022-10-13 10:40:52,713 [Time-limited test] INFO  grpc.GrpcConfigKeys (ConfUtils.java:logGet(46)) - raft.grpc.server.heartbeat.channel = true (default)
2022-10-13 10:40:52,713 [Time-limited test] INFO  grpc.GrpcConfigKeys (ConfUtils.java:logGet(46)) - raft.grpc.server.async.request.thread.pool.cached = true (default)
2022-10-13 10:40:52,713 [Time-limited test] INFO  grpc.GrpcConfigKeys (ConfUtils.java:logGet(46)) - raft.grpc.server.async.request.thread.pool.size = 32 (default)
2022-10-13 10:40:52,714 [Time-limited test] INFO  impl.DataStreamServerImpl (ConfUtils.java:logGet(46)) - raft.datastream.type = DISABLED (default)
2022-10-13 10:40:52,714 [Time-limited test] INFO  server.RaftServerConfigKeys (ConfUtils.java:logGet(46)) - raft.server.threadpool.proxy.cached = true (default)
2022-10-13 10:40:52,714 [Time-limited test] INFO  server.RaftServerConfigKeys (ConfUtils.java:logGet(46)) - raft.server.threadpool.proxy.size = 0 (default)
2022-10-13 10:40:52,714 [Time-limited test] INFO  server.RaftServerConfigKeys (ConfUtils.java:logGet(46)) - raft.server.rpc.slowness.timeout = 60s (default)
2022-10-13 10:40:52,715 [Time-limited test] INFO  server.RaftServerConfigKeys (ConfUtils.java:logGet(46)) - raft.server.leaderelection.leader.step-down.wait-time = 10s (default)
2022-10-13 10:40:52,715 [Time-limited test] INFO  server.RaftServerConfigKeys (ConfUtils.java:logGet(46)) - raft.server.storage.dir = [/home/runner/work/ratis/ratis/ratis-test/target/test/data/289fef96/MiniRaftClusterWithGrpcba208ae8/s0] (custom)
2022-10-13 10:40:52,718 [s0-impl-thread1] INFO  server.RaftServer (RaftServerProxy.java:initGroupDir(254)) - s0: found a subdirectory /home/runner/work/ratis/ratis/ratis-test/target/test/data/289fef96/MiniRaftClusterWithGrpcba208ae8/s0/9857bba0-c7d0-4bab-84ff-6905249f38b1
2022-10-13 10:40:52,718 [Time-limited test] INFO  server.RaftServer (RaftServerProxy.java:addNew(99)) - s0: addNew group-6905249F38B1:[s0|rpc:localhost:46195|admin:localhost:44717|client:localhost:42765|dataStream:localhost:39399|priority:0|startupRole:FOLLOWER] returns group-6905249F38B1:java.util.concurrent.CompletableFuture@1d9cdbfc[Not completed]
2022-10-13 10:40:52,719 [Time-limited test] INFO  impl.MiniRaftCluster (MiniRaftCluster.java:start(339)) - .............................................................. 
2022-10-13 10:40:52,719 [Time-limited test] INFO  impl.MiniRaftCluster (MiniRaftCluster.java:start(340)) - ... 
2022-10-13 10:40:52,719 [Time-limited test] INFO  impl.MiniRaftCluster (MiniRaftCluster.java:start(341)) - ...     Starting MiniRaftClusterWithGrpc
2022-10-13 10:40:52,719 [Time-limited test] INFO  impl.MiniRaftCluster (MiniRaftCluster.java:start(342)) - ... 
2022-10-13 10:40:52,719 [Time-limited test] INFO  impl.MiniRaftCluster (MiniRaftCluster.java:start(343)) - .............................................................. 
2022-10-13 10:40:52,719 [Time-limited test] INFO  impl.MiniRaftCluster (MiniRaftCluster.java:initServers(318)) - servers = {s0=s0:      NEW group-6905249F38B1:java.util.concurrent.CompletableFuture@1d9cdbfc[Not completed]}
2022-10-13 10:40:52,719 [pool-13-thread-1] INFO  server.RaftServerConfigKeys (ConfUtils.java:logGet(46)) - raft.server.log.segment.size.max = 8MB (=8388608) (default)
2022-10-13 10:40:52,719 [pool-13-thread-1] INFO  server.RaftServerConfigKeys (ConfUtils.java:logGet(46)) - raft.server.log.preallocated.size = 4MB (=4194304) (default)
2022-10-13 10:40:52,719 [pool-13-thread-1] INFO  server.RaftServerConfigKeys (ConfUtils.java:logGet(46)) - raft.server.log.write.buffer.size = 64KB (=65536) (default)
2022-10-13 10:40:52,719 [pool-13-thread-1] INFO  server.RaftServer$Division (RaftServerImpl.java:<init>(198)) - s0: new RaftServerImpl for group-6905249F38B1:[s0|rpc:localhost:46195|admin:localhost:44717|client:localhost:42765|dataStream:localhost:39399|priority:0|startupRole:FOLLOWER] with StateMachine4InstallSnapshotNotificationTests:uninitialized
2022-10-13 10:40:52,719 [pool-13-thread-1] INFO  server.RaftServerConfigKeys (ConfUtils.java:logGet(46)) - raft.server.rpc.timeout.min = 150ms (default)
2022-10-13 10:40:52,719 [pool-13-thread-1] INFO  server.RaftServerConfigKeys (ConfUtils.java:logGet(46)) - raft.server.rpc.timeout.max = 300ms (default)
2022-10-13 10:40:52,719 [pool-13-thread-1] INFO  server.RaftServerConfigKeys (ConfUtils.java:logGet(46)) - raft.server.rpc.sleep.time = 25ms (default)
2022-10-13 10:40:52,719 [pool-13-thread-1] INFO  server.RaftServerConfigKeys (ConfUtils.java:logGet(46)) - raft.server.rpc.slowness.timeout = 60s (default)
2022-10-13 10:40:52,719 [pool-13-thread-1] INFO  server.RaftServerConfigKeys (ConfUtils.java:logGet(46)) - raft.server.leaderelection.leader.step-down.wait-time = 10s (default)
2022-10-13 10:40:52,719 [pool-13-thread-1] INFO  server.RaftServerConfigKeys (ConfUtils.java:logGet(46)) - raft.server.sleep.deviation.threshold = 300ms (default)
2022-10-13 10:40:52,720 [pool-13-thread-1] INFO  server.RaftServer$Division (ServerState.java:<init>(113)) - s0@group-6905249F38B1: ConfigurationManager, init=-1: peers:[s0|rpc:localhost:46195|admin:localhost:44717|client:localhost:42765|dataStream:localhost:39399|priority:0|startupRole:FOLLOWER]|listeners:[], old=null, confs=<EMPTY_MAP>
2022-10-13 10:40:52,720 [pool-13-thread-1] INFO  server.RaftServerConfigKeys (ConfUtils.java:logGet(46)) - raft.server.notification.no-leader.timeout = 60s (default)
2022-10-13 10:40:52,720 [pool-13-thread-1] INFO  server.RaftServerConfigKeys (ConfUtils.java:logGet(46)) - raft.server.read.timeout = 10s (default)
2022-10-13 10:40:52,720 [pool-13-thread-1] INFO  server.RaftServerConfigKeys (ConfUtils.java:logGet(46)) - raft.server.retrycache.expirytime = 60s (default)
2022-10-13 10:40:52,720 [pool-13-thread-1] INFO  server.RaftServerConfigKeys (ConfUtils.java:logGet(46)) - raft.server.retrycache.statistics.expirytime = 100μs (default)
2022-10-13 10:40:52,720 [pool-13-thread-1] INFO  server.RaftServerConfigKeys (ConfUtils.java:logGet(46)) - raft.server.read.option = DEFAULT (default)
2022-10-13 10:40:52,727 [pool-13-thread-1] INFO  server.RaftServerConfigKeys (ConfUtils.java:logGet(46)) - raft.server.log.appender.install.snapshot.enabled = false (custom)
2022-10-13 10:40:52,727 [pool-13-thread-1] INFO  server.RaftServerConfigKeys (ConfUtils.java:logGet(46)) - raft.server.threadpool.server.cached = true (default)
2022-10-13 10:40:52,727 [pool-13-thread-1] INFO  server.RaftServerConfigKeys (ConfUtils.java:logGet(46)) - raft.server.threadpool.server.size = 0 (default)
2022-10-13 10:40:52,727 [pool-13-thread-1] INFO  server.RaftServerConfigKeys (ConfUtils.java:logGet(46)) - raft.server.threadpool.client.cached = true (default)
2022-10-13 10:40:52,727 [pool-13-thread-1] INFO  server.RaftServerConfigKeys (ConfUtils.java:logGet(46)) - raft.server.threadpool.client.size = 0 (default)
2022-10-13 10:40:52,727 [s0-impl-thread1] INFO  server.RaftServerConfigKeys (ConfUtils.java:logGet(46)) - raft.server.storage.free-space.min = 0MB (=0) (default)
2022-10-13 10:40:52,728 [s0-impl-thread1] INFO  server.RaftServerConfigKeys (ConfUtils.java:logGet(46)) - raft.server.log.corruption.policy = EXCEPTION (default)
2022-10-13 10:40:52,728 [s0-impl-thread1] INFO  server.RaftServerConfigKeys (ConfUtils.java:logGet(46)) - raft.server.storage.dir = [/home/runner/work/ratis/ratis/ratis-test/target/test/data/289fef96/MiniRaftClusterWithGrpcba208ae8/s0] (custom)
2022-10-13 10:40:52,729 [s0-impl-thread1] INFO  storage.RaftStorageDirectory (RaftStorageDirectoryImpl.java:tryLock(232)) - Lock on /home/runner/work/ratis/ratis/ratis-test/target/test/data/289fef96/MiniRaftClusterWithGrpcba208ae8/s0/9857bba0-c7d0-4bab-84ff-6905249f38b1/in_use.lock acquired by nodename 19781@fv-az426-632
2022-10-13 10:40:52,729 [s0-impl-thread1] INFO  storage.RaftStorage (RaftStorageImpl.java:analyzeAndRecoverStorage(117)) - Read RaftStorageMetadata{term=1, votedFor=s0} from /home/runner/work/ratis/ratis/ratis-test/target/test/data/289fef96/MiniRaftClusterWithGrpcba208ae8/s0/9857bba0-c7d0-4bab-84ff-6905249f38b1/current/raft-meta
2022-10-13 10:40:52,730 [s0-impl-thread1] INFO  server.RaftServer$Division (ServerState.java:setRaftConf(376)) - s0@group-6905249F38B1: set configuration 0: peers:[s0|rpc:localhost:46195|admin:localhost:44717|client:localhost:42765|dataStream:localhost:39399|priority:0|startupRole:FOLLOWER]|listeners:[], old=null
2022-10-13 10:40:52,730 [s0-impl-thread1] INFO  statemachine.SimpleStateMachine4Testing (SimpleStateMachine4Testing.java:initialize(212)) - Initializing StateMachine4InstallSnapshotNotificationTests:uninitialized
2022-10-13 10:40:52,736 [s0-impl-thread1] INFO  statemachine.SimpleStateMachine4Testing (SimpleStateMachine4Testing.java:loadSnapshot(310)) - Loading snapshot SingleFileSnapshotInfo(t:1, i:254):[/home/runner/work/ratis/ratis/ratis-test/target/test/data/289fef96/MiniRaftClusterWithGrpcba208ae8/s0/9857bba0-c7d0-4bab-84ff-6905249f38b1/sm/snapshot.1_254]
2022-10-13 10:40:52,736 [s0-impl-thread1] INFO  statemachine.SimpleStateMachine4Testing (SimpleStateMachine4Testing.java:put(204)) - s0: put 1, m0 -> (t:1, i:1), STATEMACHINELOGENTRY, 129@client-647DCE251987
2022-10-13 10:40:52,737 [s0-impl-thread1] INFO  statemachine.SimpleStateMachine4Testing (SimpleStateMachine4Testing.java:put(204)) - s0: put 3, m1 -> (t:1, i:3), STATEMACHINELOGENTRY, 130@client-647DCE251987
2022-10-13 10:40:52,737 [s0-impl-thread1] INFO  statemachine.SimpleStateMachine4Testing (SimpleStateMachine4Testing.java:put(204)) - s0: put 5, m2 -> (t:1, i:5), STATEMACHINELOGENTRY, 131@client-647DCE251987
2022-10-13 10:40:52,737 [s0-impl-thread1] INFO  statemachine.SimpleStateMachine4Testing (SimpleStateMachine4Testing.java:put(204)) - s0: put 7, m3 -> (t:1, i:7), STATEMACHINELOGENTRY, 132@client-647DCE251987
2022-10-13 10:40:52,737 [s0-impl-thread1] INFO  statemachine.SimpleStateMachine4Testing (SimpleStateMachine4Testing.java:put(204)) - s0: put 9, m4 -> (t:1, i:9), STATEMACHINELOGENTRY, 133@client-647DCE251987
2022-10-13 10:40:52,737 [s0-impl-thread1] INFO  statemachine.SimpleStateMachine4Testing (SimpleStateMachine4Testing.java:put(204)) - s0: put 11, m5 -> (t:1, i:11), STATEMACHINELOGENTRY, 134@client-647DCE251987
2022-10-13 10:40:52,737 [s0-impl-thread1] INFO  statemachine.SimpleStateMachine4Testing (SimpleStateMachine4Testing.java:put(204)) - s0: put 13, m6 -> (t:1, i:13), STATEMACHINELOGENTRY, 135@client-647DCE251987
2022-10-13 10:40:52,737 [s0-impl-thread1] INFO  statemachine.SimpleStateMachine4Testing (SimpleStateMachine4Testing.java:put(204)) - s0: put 15, m7 -> (t:1, i:15), STATEMACHINELOGENTRY, 136@client-647DCE251987
2022-10-13 10:40:52,737 [s0-impl-thread1] INFO  statemachine.SimpleStateMachine4Testing (SimpleStateMachine4Testing.java:put(204)) - s0: put 17, m8 -> (t:1, i:17), STATEMACHINELOGENTRY, 137@client-647DCE251987
2022-10-13 10:40:52,737 [s0-impl-thread1] INFO  statemachine.SimpleStateMachine4Testing (SimpleStateMachine4Testing.java:put(204)) - s0: put 19, m9 -> (t:1, i:19), STATEMACHINELOGENTRY, 138@client-647DCE251987
2022-10-13 10:40:52,737 [s0-impl-thread1] INFO  statemachine.SimpleStateMachine4Testing (SimpleStateMachine4Testing.java:put(204)) - s0: put 21, m10 -> (t:1, i:21), STATEMACHINELOGENTRY, 139@client-647DCE251987
2022-10-13 10:40:52,737 [s0-impl-thread1] INFO  statemachine.SimpleStateMachine4Testing (SimpleStateMachine4Testing.java:put(204)) - s0: put 23, m11 -> (t:1, i:23), STATEMACHINELOGENTRY, 140@client-647DCE251987
2022-10-13 10:40:52,737 [s0-impl-thread1] INFO  statemachine.SimpleStateMachine4Testing (SimpleStateMachine4Testing.java:put(204)) - s0: put 25, m12 -> (t:1, i:25), STATEMACHINELOGENTRY, 141@client-647DCE251987
2022-10-13 10:40:52,737 [s0-impl-thread1] INFO  statemachine.SimpleStateMachine4Testing (SimpleStateMachine4Testing.java:put(204)) - s0: put 27, m13 -> (t:1, i:27), STATEMACHINELOGENTRY, 142@client-647DCE251987
2022-10-13 10:40:52,737 [s0-impl-thread1] INFO  statemachine.SimpleStateMachine4Testing (SimpleStateMachine4Testing.java:put(204)) - s0: put 29, m14 -> (t:1, i:29), STATEMACHINELOGENTRY, 143@client-647DCE251987
2022-10-13 10:40:52,737 [s0-impl-thread1] INFO  statemachine.SimpleStateMachine4Testing (SimpleStateMachine4Testing.java:put(204)) - s0: put 31, m15 -> (t:1, i:31), STATEMACHINELOGENTRY, 144@client-647DCE251987
2022-10-13 10:40:52,737 [s0-impl-thread1] INFO  statemachine.SimpleStateMachine4Testing (SimpleStateMachine4Testing.java:put(204)) - s0: put 33, m16 -> (t:1, i:33), STATEMACHINELOGENTRY, 145@client-647DCE251987
2022-10-13 10:40:52,737 [s0-impl-thread1] INFO  statemachine.SimpleStateMachine4Testing (SimpleStateMachine4Testing.java:put(204)) - s0: put 35, m17 -> (t:1, i:35), STATEMACHINELOGENTRY, 146@client-647DCE251987
2022-10-13 10:40:52,738 [s0-impl-thread1] INFO  statemachine.SimpleStateMachine4Testing (SimpleStateMachine4Testing.java:put(204)) - s0: put 37, m18 -> (t:1, i:37), STATEMACHINELOGENTRY, 147@client-647DCE251987
2022-10-13 10:40:52,738 [s0-impl-thread1] INFO  statemachine.SimpleStateMachine4Testing (SimpleStateMachine4Testing.java:put(204)) - s0: put 39, m19 -> (t:1, i:39), STATEMACHINELOGENTRY, 148@client-647DCE251987
2022-10-13 10:40:52,738 [s0-impl-thread1] INFO  statemachine.SimpleStateMachine4Testing (SimpleStateMachine4Testing.java:put(204)) - s0: put 41, m20 -> (t:1, i:41), STATEMACHINELOGENTRY, 149@client-647DCE251987
2022-10-13 10:40:52,738 [s0-impl-thread1] INFO  statemachine.SimpleStateMachine4Testing (SimpleStateMachine4Testing.java:put(204)) - s0: put 43, m21 -> (t:1, i:43), STATEMACHINELOGENTRY, 150@client-647DCE251987
2022-10-13 10:40:52,738 [s0-impl-thread1] INFO  statemachine.SimpleStateMachine4Testing (SimpleStateMachine4Testing.java:put(204)) - s0: put 45, m22 -> (t:1, i:45), STATEMACHINELOGENTRY, 151@client-647DCE251987
2022-10-13 10:40:52,738 [s0-impl-thread1] INFO  statemachine.SimpleStateMachine4Testing (SimpleStateMachine4Testing.java:put(204)) - s0: put 47, m23 -> (t:1, i:47), STATEMACHINELOGENTRY, 152@client-647DCE251987
2022-10-13 10:40:52,738 [s0-impl-thread1] INFO  statemachine.SimpleStateMachine4Testing (SimpleStateMachine4Testing.java:put(204)) - s0: put 49, m24 -> (t:1, i:49), STATEMACHINELOGENTRY, 153@client-647DCE251987
2022-10-13 10:40:52,738 [s0-impl-thread1] INFO  statemachine.SimpleStateMachine4Testing (SimpleStateMachine4Testing.java:put(204)) - s0: put 51, m25 -> (t:1, i:51), STATEMACHINELOGENTRY, 154@client-647DCE251987
2022-10-13 10:40:52,738 [s0-impl-thread1] INFO  statemachine.SimpleStateMachine4Testing (SimpleStateMachine4Testing.java:put(204)) - s0: put 53, m26 -> (t:1, i:53), STATEMACHINELOGENTRY, 155@client-647DCE251987
2022-10-13 10:40:52,738 [s0-impl-thread1] INFO  statemachine.SimpleStateMachine4Testing (SimpleStateMachine4Testing.java:put(204)) - s0: put 55, m27 -> (t:1, i:55), STATEMACHINELOGENTRY, 156@client-647DCE251987
2022-10-13 10:40:52,738 [s0-impl-thread1] INFO  statemachine.SimpleStateMachine4Testing (SimpleStateMachine4Testing.java:put(204)) - s0: put 57, m28 -> (t:1, i:57), STATEMACHINELOGENTRY, 157@client-647DCE251987
2022-10-13 10:40:52,738 [s0-impl-thread1] INFO  statemachine.SimpleStateMachine4Testing (SimpleStateMachine4Testing.java:put(204)) - s0: put 59, m29 -> (t:1, i:59), STATEMACHINELOGENTRY, 158@client-647DCE251987
2022-10-13 10:40:52,738 [s0-impl-thread1] INFO  statemachine.SimpleStateMachine4Testing (SimpleStateMachine4Testing.java:put(204)) - s0: put 61, m30 -> (t:1, i:61), STATEMACHINELOGENTRY, 159@client-647DCE251987
2022-10-13 10:40:52,738 [s0-impl-thread1] INFO  statemachine.SimpleStateMachine4Testing (SimpleStateMachine4Testing.java:put(204)) - s0: put 63, m31 -> (t:1, i:63), STATEMACHINELOGENTRY, 160@client-647DCE251987
2022-10-13 10:40:52,738 [s0-impl-thread1] INFO  statemachine.SimpleStateMachine4Testing (SimpleStateMachine4Testing.java:put(204)) - s0: put 65, m32 -> (t:1, i:65), STATEMACHINELOGENTRY, 161@client-647DCE251987
2022-10-13 10:40:52,738 [s0-impl-thread1] INFO  statemachine.SimpleStateMachine4Testing (SimpleStateMachine4Testing.java:put(204)) - s0: put 67, m33 -> (t:1, i:67), STATEMACHINELOGENTRY, 162@client-647DCE251987
2022-10-13 10:40:52,738 [s0-impl-thread1] INFO  statemachine.SimpleStateMachine4Testing (SimpleStateMachine4Testing.java:put(204)) - s0: put 69, m34 -> (t:1, i:69), STATEMACHINELOGENTRY, 163@client-647DCE251987
2022-10-13 10:40:52,738 [s0-impl-thread1] INFO  statemachine.SimpleStateMachine4Testing (SimpleStateMachine4Testing.java:put(204)) - s0: put 71, m35 -> (t:1, i:71), STATEMACHINELOGENTRY, 164@client-647DCE251987
2022-10-13 10:40:52,739 [s0-impl-thread1] INFO  statemachine.SimpleStateMachine4Testing (SimpleStateMachine4Testing.java:put(204)) - s0: put 73, m36 -> (t:1, i:73), STATEMACHINELOGENTRY, 165@client-647DCE251987
2022-10-13 10:40:52,739 [s0-impl-thread1] INFO  statemachine.SimpleStateMachine4Testing (SimpleStateMachine4Testing.java:put(204)) - s0: put 75, m37 -> (t:1, i:75), STATEMACHINELOGENTRY, 166@client-647DCE251987
2022-10-13 10:40:52,739 [s0-impl-thread1] INFO  statemachine.SimpleStateMachine4Testing (SimpleStateMachine4Testing.java:put(204)) - s0: put 77, m38 -> (t:1, i:77), STATEMACHINELOGENTRY, 167@client-647DCE251987
2022-10-13 10:40:52,739 [s0-impl-thread1] INFO  statemachine.SimpleStateMachine4Testing (SimpleStateMachine4Testing.java:put(204)) - s0: put 79, m39 -> (t:1, i:79), STATEMACHINELOGENTRY, 168@client-647DCE251987
2022-10-13 10:40:52,739 [s0-impl-thread1] INFO  statemachine.SimpleStateMachine4Testing (SimpleStateMachine4Testing.java:put(204)) - s0: put 81, m40 -> (t:1, i:81), STATEMACHINELOGENTRY, 169@client-647DCE251987
2022-10-13 10:40:52,739 [s0-impl-thread1] INFO  statemachine.SimpleStateMachine4Testing (SimpleStateMachine4Testing.java:put(204)) - s0: put 83, m41 -> (t:1, i:83), STATEMACHINELOGENTRY, 170@client-647DCE251987
2022-10-13 10:40:52,742 [s0-impl-thread1] INFO  statemachine.SimpleStateMachine4Testing (SimpleStateMachine4Testing.java:put(204)) - s0: put 85, m42 -> (t:1, i:85), STATEMACHINELOGENTRY, 171@client-647DCE251987
2022-10-13 10:40:52,742 [s0-impl-thread1] INFO  statemachine.SimpleStateMachine4Testing (SimpleStateMachine4Testing.java:put(204)) - s0: put 87, m43 -> (t:1, i:87), STATEMACHINELOGENTRY, 172@client-647DCE251987
2022-10-13 10:40:52,742 [s0-impl-thread1] INFO  statemachine.SimpleStateMachine4Testing (SimpleStateMachine4Testing.java:put(204)) - s0: put 89, m44 -> (t:1, i:89), STATEMACHINELOGENTRY, 173@client-647DCE251987
2022-10-13 10:40:52,742 [s0-impl-thread1] INFO  statemachine.SimpleStateMachine4Testing (SimpleStateMachine4Testing.java:put(204)) - s0: put 91, m45 -> (t:1, i:91), STATEMACHINELOGENTRY, 174@client-647DCE251987
2022-10-13 10:40:52,742 [s0-impl-thread1] INFO  statemachine.SimpleStateMachine4Testing (SimpleStateMachine4Testing.java:put(204)) - s0: put 93, m46 -> (t:1, i:93), STATEMACHINELOGENTRY, 175@client-647DCE251987
2022-10-13 10:40:52,742 [s0-impl-thread1] INFO  statemachine.SimpleStateMachine4Testing (SimpleStateMachine4Testing.java:put(204)) - s0: put 95, m47 -> (t:1, i:95), STATEMACHINELOGENTRY, 176@client-647DCE251987
2022-10-13 10:40:52,742 [s0-impl-thread1] INFO  statemachine.SimpleStateMachine4Testing (SimpleStateMachine4Testing.java:put(204)) - s0: put 97, m48 -> (t:1, i:97), STATEMACHINELOGENTRY, 177@client-647DCE251987
2022-10-13 10:40:52,742 [s0-impl-thread1] INFO  statemachine.SimpleStateMachine4Testing (SimpleStateMachine4Testing.java:put(204)) - s0: put 99, m49 -> (t:1, i:99), STATEMACHINELOGENTRY, 178@client-647DCE251987
2022-10-13 10:40:52,743 [s0-impl-thread1] INFO  statemachine.SimpleStateMachine4Testing (SimpleStateMachine4Testing.java:put(204)) - s0: put 101, m50 -> (t:1, i:101), STATEMACHINELOGENTRY, 179@client-647DCE251987
2022-10-13 10:40:52,743 [s0-impl-thread1] INFO  statemachine.SimpleStateMachine4Testing (SimpleStateMachine4Testing.java:put(204)) - s0: put 103, m51 -> (t:1, i:103), STATEMACHINELOGENTRY, 180@client-647DCE251987
2022-10-13 10:40:52,743 [s0-impl-thread1] INFO  statemachine.SimpleStateMachine4Testing (SimpleStateMachine4Testing.java:put(204)) - s0: put 105, m52 -> (t:1, i:105), STATEMACHINELOGENTRY, 181@client-647DCE251987
2022-10-13 10:40:52,743 [s0-impl-thread1] INFO  statemachine.SimpleStateMachine4Testing (SimpleStateMachine4Testing.java:put(204)) - s0: put 107, m53 -> (t:1, i:107), STATEMACHINELOGENTRY, 182@client-647DCE251987
2022-10-13 10:40:52,743 [s0-impl-thread1] INFO  statemachine.SimpleStateMachine4Testing (SimpleStateMachine4Testing.java:put(204)) - s0: put 109, m54 -> (t:1, i:109), STATEMACHINELOGENTRY, 183@client-647DCE251987
2022-10-13 10:40:52,743 [s0-impl-thread1] INFO  statemachine.SimpleStateMachine4Testing (SimpleStateMachine4Testing.java:put(204)) - s0: put 111, m55 -> (t:1, i:111), STATEMACHINELOGENTRY, 184@client-647DCE251987
2022-10-13 10:40:52,743 [s0-impl-thread1] INFO  statemachine.SimpleStateMachine4Testing (SimpleStateMachine4Testing.java:put(204)) - s0: put 113, m56 -> (t:1, i:113), STATEMACHINELOGENTRY, 185@client-647DCE251987
2022-10-13 10:40:52,743 [s0-impl-thread1] INFO  statemachine.SimpleStateMachine4Testing (SimpleStateMachine4Testing.java:put(204)) - s0: put 115, m57 -> (t:1, i:115), STATEMACHINELOGENTRY, 186@client-647DCE251987
2022-10-13 10:40:52,743 [s0-impl-thread1] INFO  statemachine.SimpleStateMachine4Testing (SimpleStateMachine4Testing.java:put(204)) - s0: put 117, m58 -> (t:1, i:117), STATEMACHINELOGENTRY, 187@client-647DCE251987
2022-10-13 10:40:52,743 [s0-impl-thread1] INFO  statemachine.SimpleStateMachine4Testing (SimpleStateMachine4Testing.java:put(204)) - s0: put 119, m59 -> (t:1, i:119), STATEMACHINELOGENTRY, 188@client-647DCE251987
2022-10-13 10:40:52,743 [s0-impl-thread1] INFO  statemachine.SimpleStateMachine4Testing (SimpleStateMachine4Testing.java:put(204)) - s0: put 121, m60 -> (t:1, i:121), STATEMACHINELOGENTRY, 189@client-647DCE251987
2022-10-13 10:40:52,743 [s0-impl-thread1] INFO  statemachine.SimpleStateMachine4Testing (SimpleStateMachine4Testing.java:put(204)) - s0: put 123, m61 -> (t:1, i:123), STATEMACHINELOGENTRY, 190@client-647DCE251987
2022-10-13 10:40:52,743 [s0-impl-thread1] INFO  statemachine.SimpleStateMachine4Testing (SimpleStateMachine4Testing.java:put(204)) - s0: put 125, m62 -> (t:1, i:125), STATEMACHINELOGENTRY, 191@client-647DCE251987
2022-10-13 10:40:52,743 [s0-impl-thread1] INFO  statemachine.SimpleStateMachine4Testing (SimpleStateMachine4Testing.java:put(204)) - s0: put 127, m63 -> (t:1, i:127), STATEMACHINELOGENTRY, 192@client-647DCE251987
2022-10-13 10:40:52,743 [s0-impl-thread1] INFO  statemachine.SimpleStateMachine4Testing (SimpleStateMachine4Testing.java:put(204)) - s0: put 129, m64 -> (t:1, i:129), STATEMACHINELOGENTRY, 193@client-647DCE251987
2022-10-13 10:40:52,743 [s0-impl-thread1] INFO  statemachine.SimpleStateMachine4Testing (SimpleStateMachine4Testing.java:put(204)) - s0: put 131, m65 -> (t:1, i:131), STATEMACHINELOGENTRY, 194@client-647DCE251987
2022-10-13 10:40:52,743 [s0-impl-thread1] INFO  statemachine.SimpleStateMachine4Testing (SimpleStateMachine4Testing.java:put(204)) - s0: put 133, m66 -> (t:1, i:133), STATEMACHINELOGENTRY, 195@client-647DCE251987
2022-10-13 10:40:52,743 [s0-impl-thread1] INFO  statemachine.SimpleStateMachine4Testing (SimpleStateMachine4Testing.java:put(204)) - s0: put 135, m67 -> (t:1, i:135), STATEMACHINELOGENTRY, 196@client-647DCE251987
2022-10-13 10:40:52,743 [s0-impl-thread1] INFO  statemachine.SimpleStateMachine4Testing (SimpleStateMachine4Testing.java:put(204)) - s0: put 137, m68 -> (t:1, i:137), STATEMACHINELOGENTRY, 197@client-647DCE251987
2022-10-13 10:40:52,744 [s0-impl-thread1] INFO  statemachine.SimpleStateMachine4Testing (SimpleStateMachine4Testing.java:put(204)) - s0: put 139, m69 -> (t:1, i:139), STATEMACHINELOGENTRY, 198@client-647DCE251987
2022-10-13 10:40:52,744 [s0-impl-thread1] INFO  statemachine.SimpleStateMachine4Testing (SimpleStateMachine4Testing.java:put(204)) - s0: put 141, m70 -> (t:1, i:141), STATEMACHINELOGENTRY, 199@client-647DCE251987
2022-10-13 10:40:52,744 [s0-impl-thread1] INFO  statemachine.SimpleStateMachine4Testing (SimpleStateMachine4Testing.java:put(204)) - s0: put 143, m71 -> (t:1, i:143), STATEMACHINELOGENTRY, 200@client-647DCE251987
2022-10-13 10:40:52,744 [s0-impl-thread1] INFO  statemachine.SimpleStateMachine4Testing (SimpleStateMachine4Testing.java:put(204)) - s0: put 145, m72 -> (t:1, i:145), STATEMACHINELOGENTRY, 201@client-647DCE251987
2022-10-13 10:40:52,744 [s0-impl-thread1] INFO  statemachine.SimpleStateMachine4Testing (SimpleStateMachine4Testing.java:put(204)) - s0: put 147, m73 -> (t:1, i:147), STATEMACHINELOGENTRY, 202@client-647DCE251987
2022-10-13 10:40:52,744 [s0-impl-thread1] INFO  statemachine.SimpleStateMachine4Testing (SimpleStateMachine4Testing.java:put(204)) - s0: put 149, m74 -> (t:1, i:149), STATEMACHINELOGENTRY, 203@client-647DCE251987
2022-10-13 10:40:52,744 [s0-impl-thread1] INFO  statemachine.SimpleStateMachine4Testing (SimpleStateMachine4Testing.java:put(204)) - s0: put 151, m75 -> (t:1, i:151), STATEMACHINELOGENTRY, 204@client-647DCE251987
2022-10-13 10:40:52,744 [s0-impl-thread1] INFO  statemachine.SimpleStateMachine4Testing (SimpleStateMachine4Testing.java:put(204)) - s0: put 153, m76 -> (t:1, i:153), STATEMACHINELOGENTRY, 205@client-647DCE251987
2022-10-13 10:40:52,744 [s0-impl-thread1] INFO  statemachine.SimpleStateMachine4Testing (SimpleStateMachine4Testing.java:put(204)) - s0: put 155, m77 -> (t:1, i:155), STATEMACHINELOGENTRY, 206@client-647DCE251987
2022-10-13 10:40:52,744 [s0-impl-thread1] INFO  statemachine.SimpleStateMachine4Testing (SimpleStateMachine4Testing.java:put(204)) - s0: put 157, m78 -> (t:1, i:157), STATEMACHINELOGENTRY, 207@client-647DCE251987
2022-10-13 10:40:52,744 [s0-impl-thread1] INFO  statemachine.SimpleStateMachine4Testing (SimpleStateMachine4Testing.java:put(204)) - s0: put 159, m79 -> (t:1, i:159), STATEMACHINELOGENTRY, 208@client-647DCE251987
2022-10-13 10:40:52,744 [s0-impl-thread1] INFO  statemachine.SimpleStateMachine4Testing (SimpleStateMachine4Testing.java:put(204)) - s0: put 161, m80 -> (t:1, i:161), STATEMACHINELOGENTRY, 209@client-647DCE251987
2022-10-13 10:40:52,744 [s0-impl-thread1] INFO  statemachine.SimpleStateMachine4Testing (SimpleStateMachine4Testing.java:put(204)) - s0: put 163, m81 -> (t:1, i:163), STATEMACHINELOGENTRY, 210@client-647DCE251987
2022-10-13 10:40:52,744 [s0-impl-thread1] INFO  statemachine.SimpleStateMachine4Testing (SimpleStateMachine4Testing.java:put(204)) - s0: put 165, m82 -> (t:1, i:165), STATEMACHINELOGENTRY, 211@client-647DCE251987
2022-10-13 10:40:52,744 [s0-impl-thread1] INFO  statemachine.SimpleStateMachine4Testing (SimpleStateMachine4Testing.java:put(204)) - s0: put 167, m83 -> (t:1, i:167), STATEMACHINELOGENTRY, 212@client-647DCE251987
2022-10-13 10:40:52,744 [s0-impl-thread1] INFO  statemachine.SimpleStateMachine4Testing (SimpleStateMachine4Testing.java:put(204)) - s0: put 169, m84 -> (t:1, i:169), STATEMACHINELOGENTRY, 213@client-647DCE251987
2022-10-13 10:40:52,744 [s0-impl-thread1] INFO  statemachine.SimpleStateMachine4Testing (SimpleStateMachine4Testing.java:put(204)) - s0: put 171, m85 -> (t:1, i:171), STATEMACHINELOGENTRY, 214@client-647DCE251987
2022-10-13 10:40:52,744 [s0-impl-thread1] INFO  statemachine.SimpleStateMachine4Testing (SimpleStateMachine4Testing.java:put(204)) - s0: put 173, m86 -> (t:1, i:173), STATEMACHINELOGENTRY, 215@client-647DCE251987
2022-10-13 10:40:52,744 [s0-impl-thread1] INFO  statemachine.SimpleStateMachine4Testing (SimpleStateMachine4Testing.java:put(204)) - s0: put 175, m87 -> (t:1, i:175), STATEMACHINELOGENTRY, 216@client-647DCE251987
2022-10-13 10:40:52,744 [s0-impl-thread1] INFO  statemachine.SimpleStateMachine4Testing (SimpleStateMachine4Testing.java:put(204)) - s0: put 177, m88 -> (t:1, i:177), STATEMACHINELOGENTRY, 217@client-647DCE251987
2022-10-13 10:40:52,745 [s0-impl-thread1] INFO  statemachine.SimpleStateMachine4Testing (SimpleStateMachine4Testing.java:put(204)) - s0: put 179, m89 -> (t:1, i:179), STATEMACHINELOGENTRY, 218@client-647DCE251987
2022-10-13 10:40:52,745 [s0-impl-thread1] INFO  statemachine.SimpleStateMachine4Testing (SimpleStateMachine4Testing.java:put(204)) - s0: put 181, m90 -> (t:1, i:181), STATEMACHINELOGENTRY, 219@client-647DCE251987
2022-10-13 10:40:52,745 [s0-impl-thread1] INFO  statemachine.SimpleStateMachine4Testing (SimpleStateMachine4Testing.java:put(204)) - s0: put 183, m91 -> (t:1, i:183), STATEMACHINELOGENTRY, 220@client-647DCE251987
2022-10-13 10:40:52,745 [s0-impl-thread1] INFO  statemachine.SimpleStateMachine4Testing (SimpleStateMachine4Testing.java:put(204)) - s0: put 185, m92 -> (t:1, i:185), STATEMACHINELOGENTRY, 221@client-647DCE251987
2022-10-13 10:40:52,745 [s0-impl-thread1] INFO  statemachine.SimpleStateMachine4Testing (SimpleStateMachine4Testing.java:put(204)) - s0: put 187, m93 -> (t:1, i:187), STATEMACHINELOGENTRY, 222@client-647DCE251987
2022-10-13 10:40:52,745 [s0-impl-thread1] INFO  statemachine.SimpleStateMachine4Testing (SimpleStateMachine4Testing.java:put(204)) - s0: put 189, m94 -> (t:1, i:189), STATEMACHINELOGENTRY, 223@client-647DCE251987
2022-10-13 10:40:52,745 [s0-impl-thread1] INFO  statemachine.SimpleStateMachine4Testing (SimpleStateMachine4Testing.java:put(204)) - s0: put 191, m95 -> (t:1, i:191), STATEMACHINELOGENTRY, 224@client-647DCE251987
2022-10-13 10:40:52,745 [s0-impl-thread1] INFO  statemachine.SimpleStateMachine4Testing (SimpleStateMachine4Testing.java:put(204)) - s0: put 193, m96 -> (t:1, i:193), STATEMACHINELOGENTRY, 225@client-647DCE251987
2022-10-13 10:40:52,745 [s0-impl-thread1] INFO  statemachine.SimpleStateMachine4Testing (SimpleStateMachine4Testing.java:put(204)) - s0: put 195, m97 -> (t:1, i:195), STATEMACHINELOGENTRY, 226@client-647DCE251987
2022-10-13 10:40:52,745 [s0-impl-thread1] INFO  statemachine.SimpleStateMachine4Testing (SimpleStateMachine4Testing.java:put(204)) - s0: put 197, m98 -> (t:1, i:197), STATEMACHINELOGENTRY, 227@client-647DCE251987
2022-10-13 10:40:52,745 [s0-impl-thread1] INFO  statemachine.SimpleStateMachine4Testing (SimpleStateMachine4Testing.java:put(204)) - s0: put 199, m99 -> (t:1, i:199), STATEMACHINELOGENTRY, 228@client-647DCE251987
2022-10-13 10:40:52,745 [s0-impl-thread1] INFO  statemachine.SimpleStateMachine4Testing (SimpleStateMachine4Testing.java:put(204)) - s0: put 201, m100 -> (t:1, i:201), STATEMACHINELOGENTRY, 229@client-647DCE251987
2022-10-13 10:40:52,745 [s0-impl-thread1] INFO  statemachine.SimpleStateMachine4Testing (SimpleStateMachine4Testing.java:put(204)) - s0: put 203, m101 -> (t:1, i:203), STATEMACHINELOGENTRY, 230@client-647DCE251987
2022-10-13 10:40:52,745 [s0-impl-thread1] INFO  statemachine.SimpleStateMachine4Testing (SimpleStateMachine4Testing.java:put(204)) - s0: put 205, m102 -> (t:1, i:205), STATEMACHINELOGENTRY, 231@client-647DCE251987
2022-10-13 10:40:52,745 [s0-impl-thread1] INFO  statemachine.SimpleStateMachine4Testing (SimpleStateMachine4Testing.java:put(204)) - s0: put 207, m103 -> (t:1, i:207), STATEMACHINELOGENTRY, 232@client-647DCE251987
2022-10-13 10:40:52,745 [s0-impl-thread1] INFO  statemachine.SimpleStateMachine4Testing (SimpleStateMachine4Testing.java:put(204)) - s0: put 209, m104 -> (t:1, i:209), STATEMACHINELOGENTRY, 233@client-647DCE251987
2022-10-13 10:40:52,745 [s0-impl-thread1] INFO  statemachine.SimpleStateMachine4Testing (SimpleStateMachine4Testing.java:put(204)) - s0: put 211, m105 -> (t:1, i:211), STATEMACHINELOGENTRY, 234@client-647DCE251987
2022-10-13 10:40:52,745 [s0-impl-thread1] INFO  statemachine.SimpleStateMachine4Testing (SimpleStateMachine4Testing.java:put(204)) - s0: put 213, m106 -> (t:1, i:213), STATEMACHINELOGENTRY, 235@client-647DCE251987
2022-10-13 10:40:52,745 [s0-impl-thread1] INFO  statemachine.SimpleStateMachine4Testing (SimpleStateMachine4Testing.java:put(204)) - s0: put 215, m107 -> (t:1, i:215), STATEMACHINELOGENTRY, 236@client-647DCE251987
2022-10-13 10:40:52,746 [s0-impl-thread1] INFO  statemachine.SimpleStateMachine4Testing (SimpleStateMachine4Testing.java:put(204)) - s0: put 217, m108 -> (t:1, i:217), STATEMACHINELOGENTRY, 237@client-647DCE251987
2022-10-13 10:40:52,746 [s0-impl-thread1] INFO  statemachine.SimpleStateMachine4Testing (SimpleStateMachine4Testing.java:put(204)) - s0: put 219, m109 -> (t:1, i:219), STATEMACHINELOGENTRY, 238@client-647DCE251987
2022-10-13 10:40:52,746 [s0-impl-thread1] INFO  statemachine.SimpleStateMachine4Testing (SimpleStateMachine4Testing.java:put(204)) - s0: put 221, m110 -> (t:1, i:221), STATEMACHINELOGENTRY, 239@client-647DCE251987
2022-10-13 10:40:52,746 [s0-impl-thread1] INFO  statemachine.SimpleStateMachine4Testing (SimpleStateMachine4Testing.java:put(204)) - s0: put 223, m111 -> (t:1, i:223), STATEMACHINELOGENTRY, 240@client-647DCE251987
2022-10-13 10:40:52,746 [s0-impl-thread1] INFO  statemachine.SimpleStateMachine4Testing (SimpleStateMachine4Testing.java:put(204)) - s0: put 225, m112 -> (t:1, i:225), STATEMACHINELOGENTRY, 241@client-647DCE251987
2022-10-13 10:40:52,746 [s0-impl-thread1] INFO  statemachine.SimpleStateMachine4Testing (SimpleStateMachine4Testing.java:put(204)) - s0: put 227, m113 -> (t:1, i:227), STATEMACHINELOGENTRY, 242@client-647DCE251987
2022-10-13 10:40:52,746 [s0-impl-thread1] INFO  statemachine.SimpleStateMachine4Testing (SimpleStateMachine4Testing.java:put(204)) - s0: put 229, m114 -> (t:1, i:229), STATEMACHINELOGENTRY, 243@client-647DCE251987
2022-10-13 10:40:52,746 [s0-impl-thread1] INFO  statemachine.SimpleStateMachine4Testing (SimpleStateMachine4Testing.java:put(204)) - s0: put 231, m115 -> (t:1, i:231), STATEMACHINELOGENTRY, 244@client-647DCE251987
2022-10-13 10:40:52,746 [s0-impl-thread1] INFO  statemachine.SimpleStateMachine4Testing (SimpleStateMachine4Testing.java:put(204)) - s0: put 233, m116 -> (t:1, i:233), STATEMACHINELOGENTRY, 245@client-647DCE251987
2022-10-13 10:40:52,746 [s0-impl-thread1] INFO  statemachine.SimpleStateMachine4Testing (SimpleStateMachine4Testing.java:put(204)) - s0: put 235, m117 -> (t:1, i:235), STATEMACHINELOGENTRY, 246@client-647DCE251987
2022-10-13 10:40:52,746 [s0-impl-thread1] INFO  statemachine.SimpleStateMachine4Testing (SimpleStateMachine4Testing.java:put(204)) - s0: put 237, m118 -> (t:1, i:237), STATEMACHINELOGENTRY, 247@client-647DCE251987
2022-10-13 10:40:52,746 [s0-impl-thread1] INFO  statemachine.SimpleStateMachine4Testing (SimpleStateMachine4Testing.java:put(204)) - s0: put 239, m119 -> (t:1, i:239), STATEMACHINELOGENTRY, 248@client-647DCE251987
2022-10-13 10:40:52,746 [s0-impl-thread1] INFO  statemachine.SimpleStateMachine4Testing (SimpleStateMachine4Testing.java:put(204)) - s0: put 241, m120 -> (t:1, i:241), STATEMACHINELOGENTRY, 249@client-647DCE251987
2022-10-13 10:40:52,746 [s0-impl-thread1] INFO  statemachine.SimpleStateMachine4Testing (SimpleStateMachine4Testing.java:put(204)) - s0: put 243, m121 -> (t:1, i:243), STATEMACHINELOGENTRY, 250@client-647DCE251987
2022-10-13 10:40:52,746 [s0-impl-thread1] INFO  statemachine.SimpleStateMachine4Testing (SimpleStateMachine4Testing.java:put(204)) - s0: put 245, m122 -> (t:1, i:245), STATEMACHINELOGENTRY, 251@client-647DCE251987
2022-10-13 10:40:52,746 [s0-impl-thread1] INFO  statemachine.SimpleStateMachine4Testing (SimpleStateMachine4Testing.java:put(204)) - s0: put 247, m123 -> (t:1, i:247), STATEMACHINELOGENTRY, 252@client-647DCE251987
2022-10-13 10:40:52,747 [s0-impl-thread1] INFO  statemachine.SimpleStateMachine4Testing (SimpleStateMachine4Testing.java:put(204)) - s0: put 249, m124 -> (t:1, i:249), STATEMACHINELOGENTRY, 253@client-647DCE251987
2022-10-13 10:40:52,747 [s0-impl-thread1] INFO  statemachine.SimpleStateMachine4Testing (SimpleStateMachine4Testing.java:put(204)) - s0: put 251, m125 -> (t:1, i:251), STATEMACHINELOGENTRY, 254@client-647DCE251987
2022-10-13 10:40:52,747 [s0-impl-thread1] INFO  statemachine.SimpleStateMachine4Testing (SimpleStateMachine4Testing.java:put(204)) - s0: put 253, m126 -> (t:1, i:253), STATEMACHINELOGENTRY, 255@client-647DCE251987
2022-10-13 10:40:52,755 [s0-impl-thread1] INFO  server.RaftServerConfigKeys (ConfUtils.java:logGet(46)) - raft.server.log.use.memory = false (default)
2022-10-13 10:40:52,755 [s0-impl-thread1] INFO  server.RaftServerConfigKeys (ConfUtils.java:logGet(46)) - raft.server.log.purge.gap = 8 (custom)
2022-10-13 10:40:52,755 [s0-impl-thread1] INFO  server.RaftServerConfigKeys (ConfUtils.java:logGet(46)) - raft.server.log.appender.buffer.byte-limit = 4MB (=4194304) (default)
2022-10-13 10:40:52,755 [s0-impl-thread1] INFO  server.RaftServerConfigKeys (ConfUtils.java:logGet(46)) - raft.server.log.statemachine.data.read.timeout = 1000ms (default)
2022-10-13 10:40:52,756 [s0-impl-thread1] INFO  server.RaftServerConfigKeys (ConfUtils.java:logGet(46)) - raft.server.log.purge.preservation.log.num = 0 (default)
2022-10-13 10:40:52,756 [s0-impl-thread1] INFO  server.RaftServerConfigKeys (ConfUtils.java:logGet(46)) - raft.server.log.segment.size.max = 1024 (custom)
2022-10-13 10:40:52,756 [s0-impl-thread1] INFO  server.RaftServerConfigKeys (ConfUtils.java:logGet(46)) - raft.server.log.segment.cache.num.max = 6 (default)
2022-10-13 10:40:52,756 [s0-impl-thread1] INFO  server.RaftServerConfigKeys (ConfUtils.java:logGet(46)) - raft.server.log.segment.cache.size.max = 200MB (=209715200) (default)
2022-10-13 10:40:52,756 [s0-impl-thread1] INFO  segmented.SegmentedRaftLogWorker (SegmentedRaftLogWorker.java:<init>(184)) - new s0@group-6905249F38B1-SegmentedRaftLogWorker for RaftStorageImpl:Storage Directory /home/runner/work/ratis/ratis/ratis-test/target/test/data/289fef96/MiniRaftClusterWithGrpcba208ae8/s0/9857bba0-c7d0-4bab-84ff-6905249f38b1
2022-10-13 10:40:52,756 [s0-impl-thread1] INFO  server.RaftServerConfigKeys (ConfUtils.java:logGet(46)) - raft.server.log.queue.byte-limit = 64MB (=67108864) (default)
2022-10-13 10:40:52,756 [s0-impl-thread1] INFO  server.RaftServerConfigKeys (ConfUtils.java:logGet(46)) - raft.server.log.queue.element-limit = 4096 (default)
2022-10-13 10:40:52,756 [s0-impl-thread1] INFO  server.RaftServerConfigKeys (ConfUtils.java:logGet(46)) - raft.server.log.segment.size.max = 1024 (custom)
2022-10-13 10:40:52,756 [s0-impl-thread1] INFO  server.RaftServerConfigKeys (ConfUtils.java:logGet(46)) - raft.server.log.preallocated.size = 4MB (=4194304) (default)
2022-10-13 10:40:52,757 [s0-impl-thread1] INFO  server.RaftServerConfigKeys (ConfUtils.java:logGet(46)) - raft.server.log.force.sync.num = 128 (default)
2022-10-13 10:40:52,757 [s0-impl-thread1] INFO  server.RaftServerConfigKeys (ConfUtils.java:logGet(46)) - raft.server.log.statemachine.data.sync = true (default)
2022-10-13 10:40:52,757 [s0-impl-thread1] INFO  server.RaftServerConfigKeys (ConfUtils.java:logGet(46)) - raft.server.log.statemachine.data.sync.timeout = 10s (default)
2022-10-13 10:40:52,757 [s0-impl-thread1] INFO  server.RaftServerConfigKeys (ConfUtils.java:logGet(46)) - raft.server.log.statemachine.data.sync.timeout.retry = -1 (default)
2022-10-13 10:40:52,757 [s0-impl-thread1] INFO  server.RaftServerConfigKeys (ConfUtils.java:logGet(46)) - raft.server.log.write.buffer.size = 64KB (=65536) (default)
2022-10-13 10:40:52,757 [s0-impl-thread1] INFO  server.RaftServerConfigKeys (ConfUtils.java:logGet(46)) - raft.server.log.appender.buffer.byte-limit = 4MB (=4194304) (default)
2022-10-13 10:40:52,757 [s0-impl-thread1] INFO  server.RaftServerConfigKeys (ConfUtils.java:logGet(46)) - raft.server.log.unsafe-flush.enabled = false (default)
2022-10-13 10:40:52,757 [s0-impl-thread1] INFO  server.RaftServerConfigKeys (ConfUtils.java:logGet(46)) - raft.server.log.async-flush.enabled = false (default)
2022-10-13 10:40:52,757 [s0-impl-thread1] INFO  server.RaftServerConfigKeys (ConfUtils.java:logGet(46)) - raft.server.log.statemachine.data.caching.enabled = false (default)
2022-10-13 10:40:52,757 [s0-impl-thread1] INFO  segmented.SegmentedRaftLogWorker (SegmentedRaftLogWorker.java:lambda$new$0(134)) - s0@group-6905249F38B1-SegmentedRaftLogWorker: flushIndex: setUnconditionally 0 -> 254
2022-10-13 10:40:52,757 [s0-impl-thread1] INFO  segmented.SegmentedRaftLogWorker (SegmentedRaftLogWorker.java:lambda$new$0(134)) - s0@group-6905249F38B1-SegmentedRaftLogWorker: safeCacheEvictIndex: setUnconditionally 0 -> -1
2022-10-13 10:40:52,759 [s0-impl-thread1] INFO  server.RaftServer$Division (RaftServerImpl.java:start(338)) - s0@group-6905249F38B1: start as a follower, conf=0: peers:[s0|rpc:localhost:46195|admin:localhost:44717|client:localhost:42765|dataStream:localhost:39399|priority:0|startupRole:FOLLOWER]|listeners:[], old=null
2022-10-13 10:40:52,759 [s0-impl-thread1] INFO  server.RaftServer$Division (RaftServerImpl.java:setRole(325)) - s0@group-6905249F38B1: changes role from      null to FOLLOWER at term 1 for startAsFollower
2022-10-13 10:40:52,759 [s0-impl-thread1] INFO  impl.RoleInfo (RoleInfo.java:updateAndGet(139)) - s0: start s0@group-6905249F38B1-FollowerState
2022-10-13 10:40:52,759 [s0-impl-thread1] INFO  util.JmxRegister (JmxRegister.java:tryRegister(44)) - Successfully registered JMX Bean with object name Ratis:service=RaftServer,group=group-6905249F38B1,id=s0
2022-10-13 10:40:52,759 [s0-impl-thread1] INFO  server.RaftServerConfigKeys (ConfUtils.java:logGet(46)) - raft.server.snapshot.auto.trigger.enabled = true (custom)
2022-10-13 10:40:52,759 [s0-impl-thread1] INFO  server.RaftServerConfigKeys (ConfUtils.java:logGet(46)) - raft.server.snapshot.auto.trigger.threshold = 64 (custom)
2022-10-13 10:40:52,759 [s0-impl-thread1] INFO  server.RaftServerConfigKeys (ConfUtils.java:logGet(46)) - raft.server.snapshot.retention.file.num = -1 (default)
2022-10-13 10:40:52,759 [s0-impl-thread1] INFO  server.RaftServerConfigKeys (ConfUtils.java:logGet(46)) - raft.server.log.purge.upto.snapshot.index = false (default)
2022-10-13 10:40:52,760 [s0@group-6905249F38B1-FollowerState] INFO  server.RaftServerConfigKeys (ConfUtils.java:logFallback(53)) - raft.server.rpc.first-election.timeout.min = 150ms (fallback to raft.server.rpc.timeout.min)
2022-10-13 10:40:52,760 [s0@group-6905249F38B1-FollowerState] INFO  server.RaftServerConfigKeys (ConfUtils.java:logFallback(53)) - raft.server.rpc.first-election.timeout.max = 300ms (fallback to raft.server.rpc.timeout.max)
2022-10-13 10:40:52,760 [Time-limited test] INFO  server.RaftServer (RaftServerProxy.java:startImpl(396)) - s0: start RPC server
2022-10-13 10:40:52,761 [Time-limited test] INFO  server.GrpcService (GrpcService.java:startImpl(310)) - s0: GrpcService started, listening on 42765
2022-10-13 10:40:52,762 [Time-limited test] INFO  server.GrpcService (GrpcService.java:startImpl(310)) - s0: GrpcService started, listening on 46195
2022-10-13 10:40:52,763 [Time-limited test] INFO  server.GrpcService (GrpcService.java:startImpl(310)) - s0: GrpcService started, listening on 44717
2022-10-13 10:40:52,767 [Time-limited test] INFO  server.RaftServerConfigKeys (ConfUtils.java:logGet(46)) - raft.server.rpc.timeout.max = 300ms (default)
2022-10-13 10:40:52,767 [Time-limited test] INFO  ratis.RaftTestUtil (RaftTestUtil.java:waitForLeader(100)) - printing ALL groups
  s0:  RUNNING  FOLLOWER s0@group-6905249F38B1:t1, leader=null, voted=s0, raftlog=Memoized:s0@group-6905249F38B1-SegmentedRaftLog:OPENED:c254, conf=0: peers:[s0|rpc:localhost:46195|admin:localhost:44717|client:localhost:42765|dataStream:localhost:39399|priority:0|startupRole:FOLLOWER]|listeners:[], old=null RUNNING
2022-10-13 10:40:52,767 [Time-limited test] WARN  ratis.RaftTestUtil (JavaUtils.java:attempt(217)) - FAILED "waitForLeader-null-(expectLeader? true)", attempt #1/100: java.lang.IllegalStateException: No leader yet : printing ALL groups
  s0:  RUNNING  FOLLOWER s0@group-6905249F38B1:t1, leader=null, voted=s0, raftlog=Memoized:s0@group-6905249F38B1-SegmentedRaftLog:OPENED:c254, conf=0: peers:[s0|rpc:localhost:46195|admin:localhost:44717|client:localhost:42765|dataStream:localhost:39399|priority:0|startupRole:FOLLOWER]|listeners:[], old=null RUNNING, sleep 450ms and then retry.
java.lang.IllegalStateException: No leader yet : printing ALL groups
  s0:  RUNNING  FOLLOWER s0@group-6905249F38B1:t1, leader=null, voted=s0, raftlog=Memoized:s0@group-6905249F38B1-SegmentedRaftLog:OPENED:c254, conf=0: peers:[s0|rpc:localhost:46195|admin:localhost:44717|client:localhost:42765|dataStream:localhost:39399|priority:0|startupRole:FOLLOWER]|listeners:[], old=null RUNNING
	at org.apache.ratis.server.impl.MiniRaftCluster.newIllegalStateExceptionForNoLeaders(MiniRaftCluster.java:581)
	at org.apache.ratis.RaftTestUtil.lambda$waitForLeader$1(RaftTestUtil.java:104)
	at org.apache.ratis.server.impl.MiniRaftCluster.getLeader(MiniRaftCluster.java:615)
	at org.apache.ratis.server.impl.MiniRaftCluster.getLeader(MiniRaftCluster.java:608)
	at org.apache.ratis.RaftTestUtil.lambda$waitForLeader$3(RaftTestUtil.java:112)
	at org.apache.ratis.util.JavaUtils.attempt(JavaUtils.java:211)
	at org.apache.ratis.util.JavaUtils.attemptRepeatedly(JavaUtils.java:197)
	at org.apache.ratis.RaftTestUtil.waitForLeader(RaftTestUtil.java:111)
	at org.apache.ratis.RaftTestUtil.waitForLeader(RaftTestUtil.java:92)
	at org.apache.ratis.RaftTestUtil.waitForLeader(RaftTestUtil.java:87)
	at org.apache.ratis.statemachine.RaftSnapshotBaseTest.assertLeaderContent(RaftSnapshotBaseTest.java:88)
	at org.apache.ratis.InstallSnapshotNotificationTests.testAddNewFollowers(InstallSnapshotNotificationTests.java:217)
	at org.apache.ratis.server.impl.MiniRaftCluster$Factory$Get.runWithNewCluster(MiniRaftCluster.java:141)
	at org.apache.ratis.server.impl.MiniRaftCluster$Factory$Get.runWithNewCluster(MiniRaftCluster.java:121)
	at org.apache.ratis.InstallSnapshotNotificationTests.testAddNewFollowers(InstallSnapshotNotificationTests.java:173)
	at java.base/jdk.internal.reflect.NativeMethodAccessorImpl.invoke0(Native Method)
	at java.base/jdk.internal.reflect.NativeMethodAccessorImpl.invoke(NativeMethodAccessorImpl.java:62)
	at java.base/jdk.internal.reflect.DelegatingMethodAccessorImpl.invoke(DelegatingMethodAccessorImpl.java:43)
	at java.base/java.lang.reflect.Method.invoke(Method.java:566)
	at org.junit.runners.model.FrameworkMethod$1.runReflectiveCall(FrameworkMethod.java:59)
	at org.junit.internal.runners.model.ReflectiveCallable.run(ReflectiveCallable.java:12)
	at org.junit.runners.model.FrameworkMethod.invokeExplosively(FrameworkMethod.java:56)
	at org.junit.internal.runners.statements.InvokeMethod.evaluate(InvokeMethod.java:17)
	at org.junit.internal.runners.statements.RunAfters.evaluate(RunAfters.java:27)
	at org.junit.internal.runners.statements.FailOnTimeout$CallableStatement.call(FailOnTimeout.java:299)
	at org.junit.internal.runners.statements.FailOnTimeout$CallableStatement.call(FailOnTimeout.java:293)
	at java.base/java.util.concurrent.FutureTask.run(FutureTask.java:264)
	at java.base/java.lang.Thread.run(Thread.java:829)
2022-10-13 10:40:52,768 [JvmPauseMonitor5] INFO  util.JvmPauseMonitor (JvmPauseMonitor.java:run(105)) - JvmPauseMonitor-s0: Started
2022-10-13 10:40:52,985 [s0@group-6905249F38B1-FollowerState] INFO  impl.FollowerState (FollowerState.java:run(143)) - s0@group-6905249F38B1-FollowerState: change to CANDIDATE, lastRpcElapsedTime:226367038ns, electionTimeout:225ms
2022-10-13 10:40:52,986 [s0@group-6905249F38B1-FollowerState] INFO  impl.RoleInfo (RoleInfo.java:shutdownFollowerState(110)) - s0: shutdown s0@group-6905249F38B1-FollowerState
2022-10-13 10:40:52,986 [s0@group-6905249F38B1-FollowerState] INFO  server.RaftServer$Division (RaftServerImpl.java:setRole(325)) - s0@group-6905249F38B1: changes role from  FOLLOWER to CANDIDATE at term 1 for changeToCandidate
2022-10-13 10:40:52,986 [s0@group-6905249F38B1-FollowerState] INFO  server.RaftServerConfigKeys (ConfUtils.java:logGet(46)) - raft.server.leaderelection.pre-vote = true (default)
2022-10-13 10:40:52,986 [s0@group-6905249F38B1-FollowerState] INFO  impl.RoleInfo (RoleInfo.java:updateAndGet(139)) - s0: start s0@group-6905249F38B1-LeaderElection5
2022-10-13 10:40:52,988 [s0@group-6905249F38B1-LeaderElection5] INFO  impl.LeaderElection (LeaderElection.java:askForVotes(309)) - s0@group-6905249F38B1-LeaderElection5 PRE_VOTE round 0: submit vote requests at term 1 for 0: peers:[s0|rpc:localhost:46195|admin:localhost:44717|client:localhost:42765|dataStream:localhost:39399|priority:0|startupRole:FOLLOWER]|listeners:[], old=null
2022-10-13 10:40:52,988 [s0@group-6905249F38B1-LeaderElection5] INFO  impl.LeaderElection (LeaderElection.java:askForVotes(311)) - s0@group-6905249F38B1-LeaderElection5 PRE_VOTE round 0: result PASSED (term=1)
2022-10-13 10:40:52,989 [s0@group-6905249F38B1-LeaderElection5] INFO  impl.LeaderElection (LeaderElection.java:askForVotes(309)) - s0@group-6905249F38B1-LeaderElection5 ELECTION round 0: submit vote requests at term 2 for 0: peers:[s0|rpc:localhost:46195|admin:localhost:44717|client:localhost:42765|dataStream:localhost:39399|priority:0|startupRole:FOLLOWER]|listeners:[], old=null
2022-10-13 10:40:52,989 [s0@group-6905249F38B1-LeaderElection5] INFO  impl.LeaderElection (LeaderElection.java:askForVotes(311)) - s0@group-6905249F38B1-LeaderElection5 ELECTION round 0: result PASSED (term=2)
2022-10-13 10:40:52,989 [s0@group-6905249F38B1-LeaderElection5] INFO  impl.RoleInfo (RoleInfo.java:shutdownLeaderElection(130)) - s0: shutdown s0@group-6905249F38B1-LeaderElection5
2022-10-13 10:40:52,989 [s0@group-6905249F38B1-LeaderElection5] INFO  server.RaftServer$Division (RaftServerImpl.java:setRole(325)) - s0@group-6905249F38B1: changes role from CANDIDATE to LEADER at term 2 for changeToLeader
2022-10-13 10:40:52,989 [s0@group-6905249F38B1-LeaderElection5] INFO  server.RaftServer$Division (ServerState.java:setLeader(259)) - s0@group-6905249F38B1: change Leader from null to s0 at term 2 for becomeLeader, leader elected after 269ms
2022-10-13 10:40:52,989 [s0@group-6905249F38B1-LeaderElection5] INFO  server.RaftServerConfigKeys (ConfUtils.java:logGet(46)) - raft.server.staging.catchup.gap = 1000 (default)
2022-10-13 10:40:52,990 [s0@group-6905249F38B1-LeaderElection5] INFO  server.RaftServerConfigKeys (ConfUtils.java:logGet(46)) - raft.server.write.element-limit = 4096 (default)
2022-10-13 10:40:52,990 [s0@group-6905249F38B1-LeaderElection5] INFO  server.RaftServerConfigKeys (ConfUtils.java:logGet(46)) - raft.server.write.byte-limit = 64MB (=67108864) (default)
2022-10-13 10:40:52,990 [s0@group-6905249F38B1-LeaderElection5] INFO  server.RaftServerConfigKeys (ConfUtils.java:logGet(46)) - raft.server.watch.timeout = 10s (default)
2022-10-13 10:40:52,990 [s0@group-6905249F38B1-LeaderElection5] INFO  server.RaftServerConfigKeys (ConfUtils.java:logGet(46)) - raft.server.watch.timeout.denomination = 1s (default)
2022-10-13 10:40:52,990 [s0@group-6905249F38B1-LeaderElection5] INFO  server.RaftServerConfigKeys (ConfUtils.java:logGet(46)) - raft.server.watch.element-limit = 65536 (default)
2022-10-13 10:40:52,990 [s0@group-6905249F38B1-LeaderElection5] INFO  server.RaftServerConfigKeys (ConfUtils.java:logGet(46)) - raft.server.write.element-limit = 4096 (default)
2022-10-13 10:40:52,990 [s0@group-6905249F38B1-LeaderElection5] INFO  server.RaftServerConfigKeys (ConfUtils.java:logGet(46)) - raft.server.write.follower.gap.ratio.max = -1.0 (default)
2022-10-13 10:40:52,990 [s0@group-6905249F38B1-LeaderElection5] INFO  impl.RoleInfo (RoleInfo.java:updateAndGet(139)) - s0: start s0@group-6905249F38B1-LeaderStateImpl
2022-10-13 10:40:52,990 [s0@group-6905249F38B1-LeaderElection5] DEBUG raftlog.RaftLog (SegmentedRaftLog.java:appendImpl(446)) - truncateIndex=-1, arrayIndex=0
2022-10-13 10:40:52,990 [s0@group-6905249F38B1-LeaderElection5] INFO  segmented.SegmentedRaftLogWorker (SegmentedRaftLogWorker.java:startLogSegment(431)) - s0@group-6905249F38B1-SegmentedRaftLogWorker: Starting segment from index:255
2022-10-13 10:40:52,991 [s0@group-6905249F38B1-LeaderElection5] INFO  server.RaftServer$Division (ServerState.java:setRaftConf(376)) - s0@group-6905249F38B1: set configuration 255: peers:[s0|rpc:localhost:46195|admin:localhost:44717|client:localhost:42765|dataStream:localhost:39399|priority:0|startupRole:FOLLOWER]|listeners:[], old=null
2022-10-13 10:40:52,992 [s0@group-6905249F38B1-SegmentedRaftLogWorker] INFO  segmented.SegmentedRaftLogWorker (SegmentedRaftLogWorker.java:execute(635)) - s0@group-6905249F38B1-SegmentedRaftLogWorker: created new log segment /home/runner/work/ratis/ratis/ratis-test/target/test/data/289fef96/MiniRaftClusterWithGrpcba208ae8/s0/9857bba0-c7d0-4bab-84ff-6905249f38b1/current/log_inprogress_255
2022-10-13 10:40:53,218 [Time-limited test] INFO  ratis.RaftTestUtil (RaftTestUtil.java:waitForLeader(119)) - printing ALL groups
  s0:  RUNNING    LEADER s0@group-6905249F38B1:t2, leader=s0, voted=s0, raftlog=Memoized:s0@group-6905249F38B1-SegmentedRaftLog:OPENED:c256, conf=255: peers:[s0|rpc:localhost:46195|admin:localhost:44717|client:localhost:42765|dataStream:localhost:39399|priority:0|startupRole:FOLLOWER]|listeners:[], old=null RUNNING
2022-10-13 10:40:53,219 [Time-limited test] INFO  statemachine.RaftSnapshotBaseTest (RaftSnapshotBaseTest.java:assertLeaderContent(104)) - 0) 0 term: 1
index: 1
stateMachineLogEntry {
  logData: "m0"
  stateMachineEntry {
    stateMachineData: "StateMachine Data"
  }
  clientId: "\363H\"z\335eFx\217\244d}\316%\031\207"
  callId: 129
}

2022-10-13 10:40:53,220 [Time-limited test] INFO  statemachine.RaftSnapshotBaseTest (RaftSnapshotBaseTest.java:assertLeaderContent(104)) - 1) 1 term: 1
index: 3
stateMachineLogEntry {
  logData: "m1"
  stateMachineEntry {
    stateMachineData: "StateMachine Data"
  }
  clientId: "\363H\"z\335eFx\217\244d}\316%\031\207"
  callId: 130
}

2022-10-13 10:40:53,220 [Time-limited test] INFO  statemachine.RaftSnapshotBaseTest (RaftSnapshotBaseTest.java:assertLeaderContent(104)) - 2) 2 term: 1
index: 5
stateMachineLogEntry {
  logData: "m2"
  stateMachineEntry {
    stateMachineData: "StateMachine Data"
  }
  clientId: "\363H\"z\335eFx\217\244d}\316%\031\207"
  callId: 131
}

2022-10-13 10:40:53,220 [Time-limited test] INFO  statemachine.RaftSnapshotBaseTest (RaftSnapshotBaseTest.java:assertLeaderContent(104)) - 3) 3 term: 1
index: 7
stateMachineLogEntry {
  logData: "m3"
  stateMachineEntry {
    stateMachineData: "StateMachine Data"
  }
  clientId: "\363H\"z\335eFx\217\244d}\316%\031\207"
  callId: 132
}

2022-10-13 10:40:53,220 [Time-limited test] INFO  statemachine.RaftSnapshotBaseTest (RaftSnapshotBaseTest.java:assertLeaderContent(104)) - 4) 4 term: 1
index: 9
stateMachineLogEntry {
  logData: "m4"
  stateMachineEntry {
    stateMachineData: "StateMachine Data"
  }
  clientId: "\363H\"z\335eFx\217\244d}\316%\031\207"
  callId: 133
}

2022-10-13 10:40:53,220 [Time-limited test] INFO  statemachine.RaftSnapshotBaseTest (RaftSnapshotBaseTest.java:assertLeaderContent(104)) - 5) 5 term: 1
index: 11
stateMachineLogEntry {
  logData: "m5"
  stateMachineEntry {
    stateMachineData: "StateMachine Data"
  }
  clientId: "\363H\"z\335eFx\217\244d}\316%\031\207"
  callId: 134
}

2022-10-13 10:40:53,220 [Time-limited test] INFO  statemachine.RaftSnapshotBaseTest (RaftSnapshotBaseTest.java:assertLeaderContent(104)) - 6) 6 term: 1
index: 13
stateMachineLogEntry {
  logData: "m6"
  stateMachineEntry {
    stateMachineData: "StateMachine Data"
  }
  clientId: "\363H\"z\335eFx\217\244d}\316%\031\207"
  callId: 135
}

2022-10-13 10:40:53,220 [Time-limited test] INFO  statemachine.RaftSnapshotBaseTest (RaftSnapshotBaseTest.java:assertLeaderContent(104)) - 7) 7 term: 1
index: 15
stateMachineLogEntry {
  logData: "m7"
  stateMachineEntry {
    stateMachineData: "StateMachine Data"
  }
  clientId: "\363H\"z\335eFx\217\244d}\316%\031\207"
  callId: 136
}

2022-10-13 10:40:53,220 [Time-limited test] INFO  statemachine.RaftSnapshotBaseTest (RaftSnapshotBaseTest.java:assertLeaderContent(104)) - 8) 8 term: 1
index: 17
stateMachineLogEntry {
  logData: "m8"
  stateMachineEntry {
    stateMachineData: "StateMachine Data"
  }
  clientId: "\363H\"z\335eFx\217\244d}\316%\031\207"
  callId: 137
}

2022-10-13 10:40:53,221 [Time-limited test] INFO  statemachine.RaftSnapshotBaseTest (RaftSnapshotBaseTest.java:assertLeaderContent(104)) - 9) 9 term: 1
index: 19
stateMachineLogEntry {
  logData: "m9"
  stateMachineEntry {
    stateMachineData: "StateMachine Data"
  }
  clientId: "\363H\"z\335eFx\217\244d}\316%\031\207"
  callId: 138
}

2022-10-13 10:40:53,221 [Time-limited test] INFO  statemachine.RaftSnapshotBaseTest (RaftSnapshotBaseTest.java:assertLeaderContent(104)) - 10) 10 term: 1
index: 21
stateMachineLogEntry {
  logData: "m10"
  stateMachineEntry {
    stateMachineData: "StateMachine Data"
  }
  clientId: "\363H\"z\335eFx\217\244d}\316%\031\207"
  callId: 139
}

2022-10-13 10:40:53,221 [Time-limited test] INFO  statemachine.RaftSnapshotBaseTest (RaftSnapshotBaseTest.java:assertLeaderContent(104)) - 11) 11 term: 1
index: 23
stateMachineLogEntry {
  logData: "m11"
  stateMachineEntry {
    stateMachineData: "StateMachine Data"
  }
  clientId: "\363H\"z\335eFx\217\244d}\316%\031\207"
  callId: 140
}

2022-10-13 10:40:53,221 [Time-limited test] INFO  statemachine.RaftSnapshotBaseTest (RaftSnapshotBaseTest.java:assertLeaderContent(104)) - 12) 12 term: 1
index: 25
stateMachineLogEntry {
  logData: "m12"
  stateMachineEntry {
    stateMachineData: "StateMachine Data"
  }
  clientId: "\363H\"z\335eFx\217\244d}\316%\031\207"
  callId: 141
}

2022-10-13 10:40:53,221 [Time-limited test] INFO  statemachine.RaftSnapshotBaseTest (RaftSnapshotBaseTest.java:assertLeaderContent(104)) - 13) 13 term: 1
index: 27
stateMachineLogEntry {
  logData: "m13"
  stateMachineEntry {
    stateMachineData: "StateMachine Data"
  }
  clientId: "\363H\"z\335eFx\217\244d}\316%\031\207"
  callId: 142
}

2022-10-13 10:40:53,221 [Time-limited test] INFO  statemachine.RaftSnapshotBaseTest (RaftSnapshotBaseTest.java:assertLeaderContent(104)) - 14) 14 term: 1
index: 29
stateMachineLogEntry {
  logData: "m14"
  stateMachineEntry {
    stateMachineData: "StateMachine Data"
  }
  clientId: "\363H\"z\335eFx\217\244d}\316%\031\207"
  callId: 143
}

2022-10-13 10:40:53,221 [Time-limited test] INFO  statemachine.RaftSnapshotBaseTest (RaftSnapshotBaseTest.java:assertLeaderContent(104)) - 15) 15 term: 1
index: 31
stateMachineLogEntry {
  logData: "m15"
  stateMachineEntry {
    stateMachineData: "StateMachine Data"
  }
  clientId: "\363H\"z\335eFx\217\244d}\316%\031\207"
  callId: 144
}

2022-10-13 10:40:53,221 [Time-limited test] INFO  statemachine.RaftSnapshotBaseTest (RaftSnapshotBaseTest.java:assertLeaderContent(104)) - 16) 16 term: 1
index: 33
stateMachineLogEntry {
  logData: "m16"
  stateMachineEntry {
    stateMachineData: "StateMachine Data"
  }
  clientId: "\363H\"z\335eFx\217\244d}\316%\031\207"
  callId: 145
}

2022-10-13 10:40:53,221 [Time-limited test] INFO  statemachine.RaftSnapshotBaseTest (RaftSnapshotBaseTest.java:assertLeaderContent(104)) - 17) 17 term: 1
index: 35
stateMachineLogEntry {
  logData: "m17"
  stateMachineEntry {
    stateMachineData: "StateMachine Data"
  }
  clientId: "\363H\"z\335eFx\217\244d}\316%\031\207"
  callId: 146
}

2022-10-13 10:40:53,221 [Time-limited test] INFO  statemachine.RaftSnapshotBaseTest (RaftSnapshotBaseTest.java:assertLeaderContent(104)) - 18) 18 term: 1
index: 37
stateMachineLogEntry {
  logData: "m18"
  stateMachineEntry {
    stateMachineData: "StateMachine Data"
  }
  clientId: "\363H\"z\335eFx\217\244d}\316%\031\207"
  callId: 147
}

2022-10-13 10:40:53,221 [Time-limited test] INFO  statemachine.RaftSnapshotBaseTest (RaftSnapshotBaseTest.java:assertLeaderContent(104)) - 19) 19 term: 1
index: 39
stateMachineLogEntry {
  logData: "m19"
  stateMachineEntry {
    stateMachineData: "StateMachine Data"
  }
  clientId: "\363H\"z\335eFx\217\244d}\316%\031\207"
  callId: 148
}

2022-10-13 10:40:53,222 [Time-limited test] INFO  statemachine.RaftSnapshotBaseTest (RaftSnapshotBaseTest.java:assertLeaderContent(104)) - 20) 20 term: 1
index: 41
stateMachineLogEntry {
  logData: "m20"
  stateMachineEntry {
    stateMachineData: "StateMachine Data"
  }
  clientId: "\363H\"z\335eFx\217\244d}\316%\031\207"
  callId: 149
}

2022-10-13 10:40:53,222 [Time-limited test] INFO  statemachine.RaftSnapshotBaseTest (RaftSnapshotBaseTest.java:assertLeaderContent(104)) - 21) 21 term: 1
index: 43
stateMachineLogEntry {
  logData: "m21"
  stateMachineEntry {
    stateMachineData: "StateMachine Data"
  }
  clientId: "\363H\"z\335eFx\217\244d}\316%\031\207"
  callId: 150
}

2022-10-13 10:40:53,222 [Time-limited test] INFO  statemachine.RaftSnapshotBaseTest (RaftSnapshotBaseTest.java:assertLeaderContent(104)) - 22) 22 term: 1
index: 45
stateMachineLogEntry {
  logData: "m22"
  stateMachineEntry {
    stateMachineData: "StateMachine Data"
  }
  clientId: "\363H\"z\335eFx\217\244d}\316%\031\207"
  callId: 151
}

2022-10-13 10:40:53,222 [Time-limited test] INFO  statemachine.RaftSnapshotBaseTest (RaftSnapshotBaseTest.java:assertLeaderContent(104)) - 23) 23 term: 1
index: 47
stateMachineLogEntry {
  logData: "m23"
  stateMachineEntry {
    stateMachineData: "StateMachine Data"
  }
  clientId: "\363H\"z\335eFx\217\244d}\316%\031\207"
  callId: 152
}

2022-10-13 10:40:53,222 [Time-limited test] INFO  statemachine.RaftSnapshotBaseTest (RaftSnapshotBaseTest.java:assertLeaderContent(104)) - 24) 24 term: 1
index: 49
stateMachineLogEntry {
  logData: "m24"
  stateMachineEntry {
    stateMachineData: "StateMachine Data"
  }
  clientId: "\363H\"z\335eFx\217\244d}\316%\031\207"
  callId: 153
}

2022-10-13 10:40:53,222 [Time-limited test] INFO  statemachine.RaftSnapshotBaseTest (RaftSnapshotBaseTest.java:assertLeaderContent(104)) - 25) 25 term: 1
index: 51
stateMachineLogEntry {
  logData: "m25"
  stateMachineEntry {
    stateMachineData: "StateMachine Data"
  }
  clientId: "\363H\"z\335eFx\217\244d}\316%\031\207"
  callId: 154
}

2022-10-13 10:40:53,222 [Time-limited test] INFO  statemachine.RaftSnapshotBaseTest (RaftSnapshotBaseTest.java:assertLeaderContent(104)) - 26) 26 term: 1
index: 53
stateMachineLogEntry {
  logData: "m26"
  stateMachineEntry {
    stateMachineData: "StateMachine Data"
  }
  clientId: "\363H\"z\335eFx\217\244d}\316%\031\207"
  callId: 155
}

2022-10-13 10:40:53,222 [Time-limited test] INFO  statemachine.RaftSnapshotBaseTest (RaftSnapshotBaseTest.java:assertLeaderContent(104)) - 27) 27 term: 1
index: 55
stateMachineLogEntry {
  logData: "m27"
  stateMachineEntry {
    stateMachineData: "StateMachine Data"
  }
  clientId: "\363H\"z\335eFx\217\244d}\316%\031\207"
  callId: 156
}

2022-10-13 10:40:53,222 [Time-limited test] INFO  statemachine.RaftSnapshotBaseTest (RaftSnapshotBaseTest.java:assertLeaderContent(104)) - 28) 28 term: 1
index: 57
stateMachineLogEntry {
  logData: "m28"
  stateMachineEntry {
    stateMachineData: "StateMachine Data"
  }
  clientId: "\363H\"z\335eFx\217\244d}\316%\031\207"
  callId: 157
}

2022-10-13 10:40:53,222 [Time-limited test] INFO  statemachine.RaftSnapshotBaseTest (RaftSnapshotBaseTest.java:assertLeaderContent(104)) - 29) 29 term: 1
index: 59
stateMachineLogEntry {
  logData: "m29"
  stateMachineEntry {
    stateMachineData: "StateMachine Data"
  }
  clientId: "\363H\"z\335eFx\217\244d}\316%\031\207"
  callId: 158
}

2022-10-13 10:40:53,222 [Time-limited test] INFO  statemachine.RaftSnapshotBaseTest (RaftSnapshotBaseTest.java:assertLeaderContent(104)) - 30) 30 term: 1
index: 61
stateMachineLogEntry {
  logData: "m30"
  stateMachineEntry {
    stateMachineData: "StateMachine Data"
  }
  clientId: "\363H\"z\335eFx\217\244d}\316%\031\207"
  callId: 159
}

2022-10-13 10:40:53,222 [Time-limited test] INFO  statemachine.RaftSnapshotBaseTest (RaftSnapshotBaseTest.java:assertLeaderContent(104)) - 31) 31 term: 1
index: 63
stateMachineLogEntry {
  logData: "m31"
  stateMachineEntry {
    stateMachineData: "StateMachine Data"
  }
  clientId: "\363H\"z\335eFx\217\244d}\316%\031\207"
  callId: 160
}

2022-10-13 10:40:53,223 [Time-limited test] INFO  statemachine.RaftSnapshotBaseTest (RaftSnapshotBaseTest.java:assertLeaderContent(104)) - 32) 32 term: 1
index: 65
stateMachineLogEntry {
  logData: "m32"
  stateMachineEntry {
    stateMachineData: "StateMachine Data"
  }
  clientId: "\363H\"z\335eFx\217\244d}\316%\031\207"
  callId: 161
}

2022-10-13 10:40:53,223 [Time-limited test] INFO  statemachine.RaftSnapshotBaseTest (RaftSnapshotBaseTest.java:assertLeaderContent(104)) - 33) 33 term: 1
index: 67
stateMachineLogEntry {
  logData: "m33"
  stateMachineEntry {
    stateMachineData: "StateMachine Data"
  }
  clientId: "\363H\"z\335eFx\217\244d}\316%\031\207"
  callId: 162
}

2022-10-13 10:40:53,223 [Time-limited test] INFO  statemachine.RaftSnapshotBaseTest (RaftSnapshotBaseTest.java:assertLeaderContent(104)) - 34) 34 term: 1
index: 69
stateMachineLogEntry {
  logData: "m34"
  stateMachineEntry {
    stateMachineData: "StateMachine Data"
  }
  clientId: "\363H\"z\335eFx\217\244d}\316%\031\207"
  callId: 163
}

2022-10-13 10:40:53,223 [Time-limited test] INFO  statemachine.RaftSnapshotBaseTest (RaftSnapshotBaseTest.java:assertLeaderContent(104)) - 35) 35 term: 1
index: 71
stateMachineLogEntry {
  logData: "m35"
  stateMachineEntry {
    stateMachineData: "StateMachine Data"
  }
  clientId: "\363H\"z\335eFx\217\244d}\316%\031\207"
  callId: 164
}

2022-10-13 10:40:53,223 [Time-limited test] INFO  statemachine.RaftSnapshotBaseTest (RaftSnapshotBaseTest.java:assertLeaderContent(104)) - 36) 36 term: 1
index: 73
stateMachineLogEntry {
  logData: "m36"
  stateMachineEntry {
    stateMachineData: "StateMachine Data"
  }
  clientId: "\363H\"z\335eFx\217\244d}\316%\031\207"
  callId: 165
}

2022-10-13 10:40:53,223 [Time-limited test] INFO  statemachine.RaftSnapshotBaseTest (RaftSnapshotBaseTest.java:assertLeaderContent(104)) - 37) 37 term: 1
index: 75
stateMachineLogEntry {
  logData: "m37"
  stateMachineEntry {
    stateMachineData: "StateMachine Data"
  }
  clientId: "\363H\"z\335eFx\217\244d}\316%\031\207"
  callId: 166
}

2022-10-13 10:40:53,223 [Time-limited test] INFO  statemachine.RaftSnapshotBaseTest (RaftSnapshotBaseTest.java:assertLeaderContent(104)) - 38) 38 term: 1
index: 77
stateMachineLogEntry {
  logData: "m38"
  stateMachineEntry {
    stateMachineData: "StateMachine Data"
  }
  clientId: "\363H\"z\335eFx\217\244d}\316%\031\207"
  callId: 167
}

2022-10-13 10:40:53,223 [Time-limited test] INFO  statemachine.RaftSnapshotBaseTest (RaftSnapshotBaseTest.java:assertLeaderContent(104)) - 39) 39 term: 1
index: 79
stateMachineLogEntry {
  logData: "m39"
  stateMachineEntry {
    stateMachineData: "StateMachine Data"
  }
  clientId: "\363H\"z\335eFx\217\244d}\316%\031\207"
  callId: 168
}

2022-10-13 10:40:53,223 [Time-limited test] INFO  statemachine.RaftSnapshotBaseTest (RaftSnapshotBaseTest.java:assertLeaderContent(104)) - 40) 40 term: 1
index: 81
stateMachineLogEntry {
  logData: "m40"
  stateMachineEntry {
    stateMachineData: "StateMachine Data"
  }
  clientId: "\363H\"z\335eFx\217\244d}\316%\031\207"
  callId: 169
}

2022-10-13 10:40:53,223 [Time-limited test] INFO  statemachine.RaftSnapshotBaseTest (RaftSnapshotBaseTest.java:assertLeaderContent(104)) - 41) 41 term: 1
index: 83
stateMachineLogEntry {
  logData: "m41"
  stateMachineEntry {
    stateMachineData: "StateMachine Data"
  }
  clientId: "\363H\"z\335eFx\217\244d}\316%\031\207"
  callId: 170
}

2022-10-13 10:40:53,223 [Time-limited test] INFO  statemachine.RaftSnapshotBaseTest (RaftSnapshotBaseTest.java:assertLeaderContent(104)) - 42) 42 term: 1
index: 85
stateMachineLogEntry {
  logData: "m42"
  stateMachineEntry {
    stateMachineData: "StateMachine Data"
  }
  clientId: "\363H\"z\335eFx\217\244d}\316%\031\207"
  callId: 171
}

2022-10-13 10:40:53,223 [Time-limited test] INFO  statemachine.RaftSnapshotBaseTest (RaftSnapshotBaseTest.java:assertLeaderContent(104)) - 43) 43 term: 1
index: 87
stateMachineLogEntry {
  logData: "m43"
  stateMachineEntry {
    stateMachineData: "StateMachine Data"
  }
  clientId: "\363H\"z\335eFx\217\244d}\316%\031\207"
  callId: 172
}

2022-10-13 10:40:53,224 [Time-limited test] INFO  statemachine.RaftSnapshotBaseTest (RaftSnapshotBaseTest.java:assertLeaderContent(104)) - 44) 44 term: 1
index: 89
stateMachineLogEntry {
  logData: "m44"
  stateMachineEntry {
    stateMachineData: "StateMachine Data"
  }
  clientId: "\363H\"z\335eFx\217\244d}\316%\031\207"
  callId: 173
}

2022-10-13 10:40:53,224 [Time-limited test] INFO  statemachine.RaftSnapshotBaseTest (RaftSnapshotBaseTest.java:assertLeaderContent(104)) - 45) 45 term: 1
index: 91
stateMachineLogEntry {
  logData: "m45"
  stateMachineEntry {
    stateMachineData: "StateMachine Data"
  }
  clientId: "\363H\"z\335eFx\217\244d}\316%\031\207"
  callId: 174
}

2022-10-13 10:40:53,224 [Time-limited test] INFO  statemachine.RaftSnapshotBaseTest (RaftSnapshotBaseTest.java:assertLeaderContent(104)) - 46) 46 term: 1
index: 93
stateMachineLogEntry {
  logData: "m46"
  stateMachineEntry {
    stateMachineData: "StateMachine Data"
  }
  clientId: "\363H\"z\335eFx\217\244d}\316%\031\207"
  callId: 175
}

2022-10-13 10:40:53,224 [Time-limited test] INFO  statemachine.RaftSnapshotBaseTest (RaftSnapshotBaseTest.java:assertLeaderContent(104)) - 47) 47 term: 1
index: 95
stateMachineLogEntry {
  logData: "m47"
  stateMachineEntry {
    stateMachineData: "StateMachine Data"
  }
  clientId: "\363H\"z\335eFx\217\244d}\316%\031\207"
  callId: 176
}

2022-10-13 10:40:53,224 [Time-limited test] INFO  statemachine.RaftSnapshotBaseTest (RaftSnapshotBaseTest.java:assertLeaderContent(104)) - 48) 48 term: 1
index: 97
stateMachineLogEntry {
  logData: "m48"
  stateMachineEntry {
    stateMachineData: "StateMachine Data"
  }
  clientId: "\363H\"z\335eFx\217\244d}\316%\031\207"
  callId: 177
}

2022-10-13 10:40:53,224 [Time-limited test] INFO  statemachine.RaftSnapshotBaseTest (RaftSnapshotBaseTest.java:assertLeaderContent(104)) - 49) 49 term: 1
index: 99
stateMachineLogEntry {
  logData: "m49"
  stateMachineEntry {
    stateMachineData: "StateMachine Data"
  }
  clientId: "\363H\"z\335eFx\217\244d}\316%\031\207"
  callId: 178
}

2022-10-13 10:40:53,224 [Time-limited test] INFO  statemachine.RaftSnapshotBaseTest (RaftSnapshotBaseTest.java:assertLeaderContent(104)) - 50) 50 term: 1
index: 101
stateMachineLogEntry {
  logData: "m50"
  stateMachineEntry {
    stateMachineData: "StateMachine Data"
  }
  clientId: "\363H\"z\335eFx\217\244d}\316%\031\207"
  callId: 179
}

2022-10-13 10:40:53,224 [Time-limited test] INFO  statemachine.RaftSnapshotBaseTest (RaftSnapshotBaseTest.java:assertLeaderContent(104)) - 51) 51 term: 1
index: 103
stateMachineLogEntry {
  logData: "m51"
  stateMachineEntry {
    stateMachineData: "StateMachine Data"
  }
  clientId: "\363H\"z\335eFx\217\244d}\316%\031\207"
  callId: 180
}

2022-10-13 10:40:53,224 [Time-limited test] INFO  statemachine.RaftSnapshotBaseTest (RaftSnapshotBaseTest.java:assertLeaderContent(104)) - 52) 52 term: 1
index: 105
stateMachineLogEntry {
  logData: "m52"
  stateMachineEntry {
    stateMachineData: "StateMachine Data"
  }
  clientId: "\363H\"z\335eFx\217\244d}\316%\031\207"
  callId: 181
}

2022-10-13 10:40:53,224 [Time-limited test] INFO  statemachine.RaftSnapshotBaseTest (RaftSnapshotBaseTest.java:assertLeaderContent(104)) - 53) 53 term: 1
index: 107
stateMachineLogEntry {
  logData: "m53"
  stateMachineEntry {
    stateMachineData: "StateMachine Data"
  }
  clientId: "\363H\"z\335eFx\217\244d}\316%\031\207"
  callId: 182
}

2022-10-13 10:40:53,224 [Time-limited test] INFO  statemachine.RaftSnapshotBaseTest (RaftSnapshotBaseTest.java:assertLeaderContent(104)) - 54) 54 term: 1
index: 109
stateMachineLogEntry {
  logData: "m54"
  stateMachineEntry {
    stateMachineData: "StateMachine Data"
  }
  clientId: "\363H\"z\335eFx\217\244d}\316%\031\207"
  callId: 183
}

2022-10-13 10:40:53,224 [Time-limited test] INFO  statemachine.RaftSnapshotBaseTest (RaftSnapshotBaseTest.java:assertLeaderContent(104)) - 55) 55 term: 1
index: 111
stateMachineLogEntry {
  logData: "m55"
  stateMachineEntry {
    stateMachineData: "StateMachine Data"
  }
  clientId: "\363H\"z\335eFx\217\244d}\316%\031\207"
  callId: 184
}

2022-10-13 10:40:53,224 [Time-limited test] INFO  statemachine.RaftSnapshotBaseTest (RaftSnapshotBaseTest.java:assertLeaderContent(104)) - 56) 56 term: 1
index: 113
stateMachineLogEntry {
  logData: "m56"
  stateMachineEntry {
    stateMachineData: "StateMachine Data"
  }
  clientId: "\363H\"z\335eFx\217\244d}\316%\031\207"
  callId: 185
}

2022-10-13 10:40:53,224 [Time-limited test] INFO  statemachine.RaftSnapshotBaseTest (RaftSnapshotBaseTest.java:assertLeaderContent(104)) - 57) 57 term: 1
index: 115
stateMachineLogEntry {
  logData: "m57"
  stateMachineEntry {
    stateMachineData: "StateMachine Data"
  }
  clientId: "\363H\"z\335eFx\217\244d}\316%\031\207"
  callId: 186
}

2022-10-13 10:40:53,224 [Time-limited test] INFO  statemachine.RaftSnapshotBaseTest (RaftSnapshotBaseTest.java:assertLeaderContent(104)) - 58) 58 term: 1
index: 117
stateMachineLogEntry {
  logData: "m58"
  stateMachineEntry {
    stateMachineData: "StateMachine Data"
  }
  clientId: "\363H\"z\335eFx\217\244d}\316%\031\207"
  callId: 187
}

2022-10-13 10:40:53,224 [Time-limited test] INFO  statemachine.RaftSnapshotBaseTest (RaftSnapshotBaseTest.java:assertLeaderContent(104)) - 59) 59 term: 1
index: 119
stateMachineLogEntry {
  logData: "m59"
  stateMachineEntry {
    stateMachineData: "StateMachine Data"
  }
  clientId: "\363H\"z\335eFx\217\244d}\316%\031\207"
  callId: 188
}

2022-10-13 10:40:53,224 [Time-limited test] INFO  statemachine.RaftSnapshotBaseTest (RaftSnapshotBaseTest.java:assertLeaderContent(104)) - 60) 60 term: 1
index: 121
stateMachineLogEntry {
  logData: "m60"
  stateMachineEntry {
    stateMachineData: "StateMachine Data"
  }
  clientId: "\363H\"z\335eFx\217\244d}\316%\031\207"
  callId: 189
}

2022-10-13 10:40:53,224 [Time-limited test] INFO  statemachine.RaftSnapshotBaseTest (RaftSnapshotBaseTest.java:assertLeaderContent(104)) - 61) 61 term: 1
index: 123
stateMachineLogEntry {
  logData: "m61"
  stateMachineEntry {
    stateMachineData: "StateMachine Data"
  }
  clientId: "\363H\"z\335eFx\217\244d}\316%\031\207"
  callId: 190
}

2022-10-13 10:40:53,225 [Time-limited test] INFO  statemachine.RaftSnapshotBaseTest (RaftSnapshotBaseTest.java:assertLeaderContent(104)) - 62) 62 term: 1
index: 125
stateMachineLogEntry {
  logData: "m62"
  stateMachineEntry {
    stateMachineData: "StateMachine Data"
  }
  clientId: "\363H\"z\335eFx\217\244d}\316%\031\207"
  callId: 191
}

2022-10-13 10:40:53,225 [Time-limited test] INFO  statemachine.RaftSnapshotBaseTest (RaftSnapshotBaseTest.java:assertLeaderContent(104)) - 63) 63 term: 1
index: 127
stateMachineLogEntry {
  logData: "m63"
  stateMachineEntry {
    stateMachineData: "StateMachine Data"
  }
  clientId: "\363H\"z\335eFx\217\244d}\316%\031\207"
  callId: 192
}

2022-10-13 10:40:53,225 [Time-limited test] INFO  statemachine.RaftSnapshotBaseTest (RaftSnapshotBaseTest.java:assertLeaderContent(104)) - 64) 64 term: 1
index: 129
stateMachineLogEntry {
  logData: "m64"
  stateMachineEntry {
    stateMachineData: "StateMachine Data"
  }
  clientId: "\363H\"z\335eFx\217\244d}\316%\031\207"
  callId: 193
}

2022-10-13 10:40:53,225 [Time-limited test] INFO  statemachine.RaftSnapshotBaseTest (RaftSnapshotBaseTest.java:assertLeaderContent(104)) - 65) 65 term: 1
index: 131
stateMachineLogEntry {
  logData: "m65"
  stateMachineEntry {
    stateMachineData: "StateMachine Data"
  }
  clientId: "\363H\"z\335eFx\217\244d}\316%\031\207"
  callId: 194
}

2022-10-13 10:40:53,225 [Time-limited test] INFO  statemachine.RaftSnapshotBaseTest (RaftSnapshotBaseTest.java:assertLeaderContent(104)) - 66) 66 term: 1
index: 133
stateMachineLogEntry {
  logData: "m66"
  stateMachineEntry {
    stateMachineData: "StateMachine Data"
  }
  clientId: "\363H\"z\335eFx\217\244d}\316%\031\207"
  callId: 195
}

2022-10-13 10:40:53,225 [Time-limited test] INFO  statemachine.RaftSnapshotBaseTest (RaftSnapshotBaseTest.java:assertLeaderContent(104)) - 67) 67 term: 1
index: 135
stateMachineLogEntry {
  logData: "m67"
  stateMachineEntry {
    stateMachineData: "StateMachine Data"
  }
  clientId: "\363H\"z\335eFx\217\244d}\316%\031\207"
  callId: 196
}

2022-10-13 10:40:53,225 [Time-limited test] INFO  statemachine.RaftSnapshotBaseTest (RaftSnapshotBaseTest.java:assertLeaderContent(104)) - 68) 68 term: 1
index: 137
stateMachineLogEntry {
  logData: "m68"
  stateMachineEntry {
    stateMachineData: "StateMachine Data"
  }
  clientId: "\363H\"z\335eFx\217\244d}\316%\031\207"
  callId: 197
}

2022-10-13 10:40:53,225 [Time-limited test] INFO  statemachine.RaftSnapshotBaseTest (RaftSnapshotBaseTest.java:assertLeaderContent(104)) - 69) 69 term: 1
index: 139
stateMachineLogEntry {
  logData: "m69"
  stateMachineEntry {
    stateMachineData: "StateMachine Data"
  }
  clientId: "\363H\"z\335eFx\217\244d}\316%\031\207"
  callId: 198
}

2022-10-13 10:40:53,225 [Time-limited test] INFO  statemachine.RaftSnapshotBaseTest (RaftSnapshotBaseTest.java:assertLeaderContent(104)) - 70) 70 term: 1
index: 141
stateMachineLogEntry {
  logData: "m70"
  stateMachineEntry {
    stateMachineData: "StateMachine Data"
  }
  clientId: "\363H\"z\335eFx\217\244d}\316%\031\207"
  callId: 199
}

2022-10-13 10:40:53,225 [Time-limited test] INFO  statemachine.RaftSnapshotBaseTest (RaftSnapshotBaseTest.java:assertLeaderContent(104)) - 71) 71 term: 1
index: 143
stateMachineLogEntry {
  logData: "m71"
  stateMachineEntry {
    stateMachineData: "StateMachine Data"
  }
  clientId: "\363H\"z\335eFx\217\244d}\316%\031\207"
  callId: 200
}

2022-10-13 10:40:53,225 [Time-limited test] INFO  statemachine.RaftSnapshotBaseTest (RaftSnapshotBaseTest.java:assertLeaderContent(104)) - 72) 72 term: 1
index: 145
stateMachineLogEntry {
  logData: "m72"
  stateMachineEntry {
    stateMachineData: "StateMachine Data"
  }
  clientId: "\363H\"z\335eFx\217\244d}\316%\031\207"
  callId: 201
}

2022-10-13 10:40:53,225 [Time-limited test] INFO  statemachine.RaftSnapshotBaseTest (RaftSnapshotBaseTest.java:assertLeaderContent(104)) - 73) 73 term: 1
index: 147
stateMachineLogEntry {
  logData: "m73"
  stateMachineEntry {
    stateMachineData: "StateMachine Data"
  }
  clientId: "\363H\"z\335eFx\217\244d}\316%\031\207"
  callId: 202
}

2022-10-13 10:40:53,225 [Time-limited test] INFO  statemachine.RaftSnapshotBaseTest (RaftSnapshotBaseTest.java:assertLeaderContent(104)) - 74) 74 term: 1
index: 149
stateMachineLogEntry {
  logData: "m74"
  stateMachineEntry {
    stateMachineData: "StateMachine Data"
  }
  clientId: "\363H\"z\335eFx\217\244d}\316%\031\207"
  callId: 203
}

2022-10-13 10:40:53,225 [Time-limited test] INFO  statemachine.RaftSnapshotBaseTest (RaftSnapshotBaseTest.java:assertLeaderContent(104)) - 75) 75 term: 1
index: 151
stateMachineLogEntry {
  logData: "m75"
  stateMachineEntry {
    stateMachineData: "StateMachine Data"
  }
  clientId: "\363H\"z\335eFx\217\244d}\316%\031\207"
  callId: 204
}

2022-10-13 10:40:53,226 [Time-limited test] INFO  statemachine.RaftSnapshotBaseTest (RaftSnapshotBaseTest.java:assertLeaderContent(104)) - 76) 76 term: 1
index: 153
stateMachineLogEntry {
  logData: "m76"
  stateMachineEntry {
    stateMachineData: "StateMachine Data"
  }
  clientId: "\363H\"z\335eFx\217\244d}\316%\031\207"
  callId: 205
}

2022-10-13 10:40:53,226 [Time-limited test] INFO  statemachine.RaftSnapshotBaseTest (RaftSnapshotBaseTest.java:assertLeaderContent(104)) - 77) 77 term: 1
index: 155
stateMachineLogEntry {
  logData: "m77"
  stateMachineEntry {
    stateMachineData: "StateMachine Data"
  }
  clientId: "\363H\"z\335eFx\217\244d}\316%\031\207"
  callId: 206
}

2022-10-13 10:40:53,226 [Time-limited test] INFO  statemachine.RaftSnapshotBaseTest (RaftSnapshotBaseTest.java:assertLeaderContent(104)) - 78) 78 term: 1
index: 157
stateMachineLogEntry {
  logData: "m78"
  stateMachineEntry {
    stateMachineData: "StateMachine Data"
  }
  clientId: "\363H\"z\335eFx\217\244d}\316%\031\207"
  callId: 207
}

2022-10-13 10:40:53,226 [Time-limited test] INFO  statemachine.RaftSnapshotBaseTest (RaftSnapshotBaseTest.java:assertLeaderContent(104)) - 79) 79 term: 1
index: 159
stateMachineLogEntry {
  logData: "m79"
  stateMachineEntry {
    stateMachineData: "StateMachine Data"
  }
  clientId: "\363H\"z\335eFx\217\244d}\316%\031\207"
  callId: 208
}

2022-10-13 10:40:53,226 [Time-limited test] INFO  statemachine.RaftSnapshotBaseTest (RaftSnapshotBaseTest.java:assertLeaderContent(104)) - 80) 80 term: 1
index: 161
stateMachineLogEntry {
  logData: "m80"
  stateMachineEntry {
    stateMachineData: "StateMachine Data"
  }
  clientId: "\363H\"z\335eFx\217\244d}\316%\031\207"
  callId: 209
}

2022-10-13 10:40:53,226 [Time-limited test] INFO  statemachine.RaftSnapshotBaseTest (RaftSnapshotBaseTest.java:assertLeaderContent(104)) - 81) 81 term: 1
index: 163
stateMachineLogEntry {
  logData: "m81"
  stateMachineEntry {
    stateMachineData: "StateMachine Data"
  }
  clientId: "\363H\"z\335eFx\217\244d}\316%\031\207"
  callId: 210
}

2022-10-13 10:40:53,226 [Time-limited test] INFO  statemachine.RaftSnapshotBaseTest (RaftSnapshotBaseTest.java:assertLeaderContent(104)) - 82) 82 term: 1
index: 165
stateMachineLogEntry {
  logData: "m82"
  stateMachineEntry {
    stateMachineData: "StateMachine Data"
  }
  clientId: "\363H\"z\335eFx\217\244d}\316%\031\207"
  callId: 211
}

2022-10-13 10:40:53,226 [Time-limited test] INFO  statemachine.RaftSnapshotBaseTest (RaftSnapshotBaseTest.java:assertLeaderContent(104)) - 83) 83 term: 1
index: 167
stateMachineLogEntry {
  logData: "m83"
  stateMachineEntry {
    stateMachineData: "StateMachine Data"
  }
  clientId: "\363H\"z\335eFx\217\244d}\316%\031\207"
  callId: 212
}

2022-10-13 10:40:53,226 [Time-limited test] INFO  statemachine.RaftSnapshotBaseTest (RaftSnapshotBaseTest.java:assertLeaderContent(104)) - 84) 84 term: 1
index: 169
stateMachineLogEntry {
  logData: "m84"
  stateMachineEntry {
    stateMachineData: "StateMachine Data"
  }
  clientId: "\363H\"z\335eFx\217\244d}\316%\031\207"
  callId: 213
}

2022-10-13 10:40:53,226 [Time-limited test] INFO  statemachine.RaftSnapshotBaseTest (RaftSnapshotBaseTest.java:assertLeaderContent(104)) - 85) 85 term: 1
index: 171
stateMachineLogEntry {
  logData: "m85"
  stateMachineEntry {
    stateMachineData: "StateMachine Data"
  }
  clientId: "\363H\"z\335eFx\217\244d}\316%\031\207"
  callId: 214
}

2022-10-13 10:40:53,226 [Time-limited test] INFO  statemachine.RaftSnapshotBaseTest (RaftSnapshotBaseTest.java:assertLeaderContent(104)) - 86) 86 term: 1
index: 173
stateMachineLogEntry {
  logData: "m86"
  stateMachineEntry {
    stateMachineData: "StateMachine Data"
  }
  clientId: "\363H\"z\335eFx\217\244d}\316%\031\207"
  callId: 215
}

2022-10-13 10:40:53,226 [Time-limited test] INFO  statemachine.RaftSnapshotBaseTest (RaftSnapshotBaseTest.java:assertLeaderContent(104)) - 87) 87 term: 1
index: 175
stateMachineLogEntry {
  logData: "m87"
  stateMachineEntry {
    stateMachineData: "StateMachine Data"
  }
  clientId: "\363H\"z\335eFx\217\244d}\316%\031\207"
  callId: 216
}

2022-10-13 10:40:53,226 [Time-limited test] INFO  statemachine.RaftSnapshotBaseTest (RaftSnapshotBaseTest.java:assertLeaderContent(104)) - 88) 88 term: 1
index: 177
stateMachineLogEntry {
  logData: "m88"
  stateMachineEntry {
    stateMachineData: "StateMachine Data"
  }
  clientId: "\363H\"z\335eFx\217\244d}\316%\031\207"
  callId: 217
}

2022-10-13 10:40:53,226 [Time-limited test] INFO  statemachine.RaftSnapshotBaseTest (RaftSnapshotBaseTest.java:assertLeaderContent(104)) - 89) 89 term: 1
index: 179
stateMachineLogEntry {
  logData: "m89"
  stateMachineEntry {
    stateMachineData: "StateMachine Data"
  }
  clientId: "\363H\"z\335eFx\217\244d}\316%\031\207"
  callId: 218
}

2022-10-13 10:40:53,226 [Time-limited test] INFO  statemachine.RaftSnapshotBaseTest (RaftSnapshotBaseTest.java:assertLeaderContent(104)) - 90) 90 term: 1
index: 181
stateMachineLogEntry {
  logData: "m90"
  stateMachineEntry {
    stateMachineData: "StateMachine Data"
  }
  clientId: "\363H\"z\335eFx\217\244d}\316%\031\207"
  callId: 219
}

2022-10-13 10:40:53,226 [Time-limited test] INFO  statemachine.RaftSnapshotBaseTest (RaftSnapshotBaseTest.java:assertLeaderContent(104)) - 91) 91 term: 1
index: 183
stateMachineLogEntry {
  logData: "m91"
  stateMachineEntry {
    stateMachineData: "StateMachine Data"
  }
  clientId: "\363H\"z\335eFx\217\244d}\316%\031\207"
  callId: 220
}

2022-10-13 10:40:53,226 [Time-limited test] INFO  statemachine.RaftSnapshotBaseTest (RaftSnapshotBaseTest.java:assertLeaderContent(104)) - 92) 92 term: 1
index: 185
stateMachineLogEntry {
  logData: "m92"
  stateMachineEntry {
    stateMachineData: "StateMachine Data"
  }
  clientId: "\363H\"z\335eFx\217\244d}\316%\031\207"
  callId: 221
}

2022-10-13 10:40:53,226 [Time-limited test] INFO  statemachine.RaftSnapshotBaseTest (RaftSnapshotBaseTest.java:assertLeaderContent(104)) - 93) 93 term: 1
index: 187
stateMachineLogEntry {
  logData: "m93"
  stateMachineEntry {
    stateMachineData: "StateMachine Data"
  }
  clientId: "\363H\"z\335eFx\217\244d}\316%\031\207"
  callId: 222
}

2022-10-13 10:40:53,227 [Time-limited test] INFO  statemachine.RaftSnapshotBaseTest (RaftSnapshotBaseTest.java:assertLeaderContent(104)) - 94) 94 term: 1
index: 189
stateMachineLogEntry {
  logData: "m94"
  stateMachineEntry {
    stateMachineData: "StateMachine Data"
  }
  clientId: "\363H\"z\335eFx\217\244d}\316%\031\207"
  callId: 223
}

2022-10-13 10:40:53,227 [Time-limited test] INFO  statemachine.RaftSnapshotBaseTest (RaftSnapshotBaseTest.java:assertLeaderContent(104)) - 95) 95 term: 1
index: 191
stateMachineLogEntry {
  logData: "m95"
  stateMachineEntry {
    stateMachineData: "StateMachine Data"
  }
  clientId: "\363H\"z\335eFx\217\244d}\316%\031\207"
  callId: 224
}

2022-10-13 10:40:53,227 [Time-limited test] INFO  statemachine.RaftSnapshotBaseTest (RaftSnapshotBaseTest.java:assertLeaderContent(104)) - 96) 96 term: 1
index: 193
stateMachineLogEntry {
  logData: "m96"
  stateMachineEntry {
    stateMachineData: "StateMachine Data"
  }
  clientId: "\363H\"z\335eFx\217\244d}\316%\031\207"
  callId: 225
}

2022-10-13 10:40:53,227 [Time-limited test] INFO  statemachine.RaftSnapshotBaseTest (RaftSnapshotBaseTest.java:assertLeaderContent(104)) - 97) 97 term: 1
index: 195
stateMachineLogEntry {
  logData: "m97"
  stateMachineEntry {
    stateMachineData: "StateMachine Data"
  }
  clientId: "\363H\"z\335eFx\217\244d}\316%\031\207"
  callId: 226
}

2022-10-13 10:40:53,227 [Time-limited test] INFO  statemachine.RaftSnapshotBaseTest (RaftSnapshotBaseTest.java:assertLeaderContent(104)) - 98) 98 term: 1
index: 197
stateMachineLogEntry {
  logData: "m98"
  stateMachineEntry {
    stateMachineData: "StateMachine Data"
  }
  clientId: "\363H\"z\335eFx\217\244d}\316%\031\207"
  callId: 227
}

2022-10-13 10:40:53,227 [Time-limited test] INFO  statemachine.RaftSnapshotBaseTest (RaftSnapshotBaseTest.java:assertLeaderContent(104)) - 99) 99 term: 1
index: 199
stateMachineLogEntry {
  logData: "m99"
  stateMachineEntry {
    stateMachineData: "StateMachine Data"
  }
  clientId: "\363H\"z\335eFx\217\244d}\316%\031\207"
  callId: 228
}

2022-10-13 10:40:53,227 [Time-limited test] INFO  statemachine.RaftSnapshotBaseTest (RaftSnapshotBaseTest.java:assertLeaderContent(104)) - 100) 100 term: 1
index: 201
stateMachineLogEntry {
  logData: "m100"
  stateMachineEntry {
    stateMachineData: "StateMachine Data"
  }
  clientId: "\363H\"z\335eFx\217\244d}\316%\031\207"
  callId: 229
}

2022-10-13 10:40:53,227 [Time-limited test] INFO  statemachine.RaftSnapshotBaseTest (RaftSnapshotBaseTest.java:assertLeaderContent(104)) - 101) 101 term: 1
index: 203
stateMachineLogEntry {
  logData: "m101"
  stateMachineEntry {
    stateMachineData: "StateMachine Data"
  }
  clientId: "\363H\"z\335eFx\217\244d}\316%\031\207"
  callId: 230
}

2022-10-13 10:40:53,227 [Time-limited test] INFO  statemachine.RaftSnapshotBaseTest (RaftSnapshotBaseTest.java:assertLeaderContent(104)) - 102) 102 term: 1
index: 205
stateMachineLogEntry {
  logData: "m102"
  stateMachineEntry {
    stateMachineData: "StateMachine Data"
  }
  clientId: "\363H\"z\335eFx\217\244d}\316%\031\207"
  callId: 231
}

2022-10-13 10:40:53,227 [Time-limited test] INFO  statemachine.RaftSnapshotBaseTest (RaftSnapshotBaseTest.java:assertLeaderContent(104)) - 103) 103 term: 1
index: 207
stateMachineLogEntry {
  logData: "m103"
  stateMachineEntry {
    stateMachineData: "StateMachine Data"
  }
  clientId: "\363H\"z\335eFx\217\244d}\316%\031\207"
  callId: 232
}

2022-10-13 10:40:53,227 [Time-limited test] INFO  statemachine.RaftSnapshotBaseTest (RaftSnapshotBaseTest.java:assertLeaderContent(104)) - 104) 104 term: 1
index: 209
stateMachineLogEntry {
  logData: "m104"
  stateMachineEntry {
    stateMachineData: "StateMachine Data"
  }
  clientId: "\363H\"z\335eFx\217\244d}\316%\031\207"
  callId: 233
}

2022-10-13 10:40:53,227 [Time-limited test] INFO  statemachine.RaftSnapshotBaseTest (RaftSnapshotBaseTest.java:assertLeaderContent(104)) - 105) 105 term: 1
index: 211
stateMachineLogEntry {
  logData: "m105"
  stateMachineEntry {
    stateMachineData: "StateMachine Data"
  }
  clientId: "\363H\"z\335eFx\217\244d}\316%\031\207"
  callId: 234
}

2022-10-13 10:40:53,227 [Time-limited test] INFO  statemachine.RaftSnapshotBaseTest (RaftSnapshotBaseTest.java:assertLeaderContent(104)) - 106) 106 term: 1
index: 213
stateMachineLogEntry {
  logData: "m106"
  stateMachineEntry {
    stateMachineData: "StateMachine Data"
  }
  clientId: "\363H\"z\335eFx\217\244d}\316%\031\207"
  callId: 235
}

2022-10-13 10:40:53,227 [Time-limited test] INFO  statemachine.RaftSnapshotBaseTest (RaftSnapshotBaseTest.java:assertLeaderContent(104)) - 107) 107 term: 1
index: 215
stateMachineLogEntry {
  logData: "m107"
  stateMachineEntry {
    stateMachineData: "StateMachine Data"
  }
  clientId: "\363H\"z\335eFx\217\244d}\316%\031\207"
  callId: 236
}

2022-10-13 10:40:53,227 [Time-limited test] INFO  statemachine.RaftSnapshotBaseTest (RaftSnapshotBaseTest.java:assertLeaderContent(104)) - 108) 108 term: 1
index: 217
stateMachineLogEntry {
  logData: "m108"
  stateMachineEntry {
    stateMachineData: "StateMachine Data"
  }
  clientId: "\363H\"z\335eFx\217\244d}\316%\031\207"
  callId: 237
}

2022-10-13 10:40:53,228 [Time-limited test] INFO  statemachine.RaftSnapshotBaseTest (RaftSnapshotBaseTest.java:assertLeaderContent(104)) - 109) 109 term: 1
index: 219
stateMachineLogEntry {
  logData: "m109"
  stateMachineEntry {
    stateMachineData: "StateMachine Data"
  }
  clientId: "\363H\"z\335eFx\217\244d}\316%\031\207"
  callId: 238
}

2022-10-13 10:40:53,228 [Time-limited test] INFO  statemachine.RaftSnapshotBaseTest (RaftSnapshotBaseTest.java:assertLeaderContent(104)) - 110) 110 term: 1
index: 221
stateMachineLogEntry {
  logData: "m110"
  stateMachineEntry {
    stateMachineData: "StateMachine Data"
  }
  clientId: "\363H\"z\335eFx\217\244d}\316%\031\207"
  callId: 239
}

2022-10-13 10:40:53,228 [Time-limited test] INFO  statemachine.RaftSnapshotBaseTest (RaftSnapshotBaseTest.java:assertLeaderContent(104)) - 111) 111 term: 1
index: 223
stateMachineLogEntry {
  logData: "m111"
  stateMachineEntry {
    stateMachineData: "StateMachine Data"
  }
  clientId: "\363H\"z\335eFx\217\244d}\316%\031\207"
  callId: 240
}

2022-10-13 10:40:53,228 [Time-limited test] INFO  statemachine.RaftSnapshotBaseTest (RaftSnapshotBaseTest.java:assertLeaderContent(104)) - 112) 112 term: 1
index: 225
stateMachineLogEntry {
  logData: "m112"
  stateMachineEntry {
    stateMachineData: "StateMachine Data"
  }
  clientId: "\363H\"z\335eFx\217\244d}\316%\031\207"
  callId: 241
}

2022-10-13 10:40:53,228 [Time-limited test] INFO  statemachine.RaftSnapshotBaseTest (RaftSnapshotBaseTest.java:assertLeaderContent(104)) - 113) 113 term: 1
index: 227
stateMachineLogEntry {
  logData: "m113"
  stateMachineEntry {
    stateMachineData: "StateMachine Data"
  }
  clientId: "\363H\"z\335eFx\217\244d}\316%\031\207"
  callId: 242
}

2022-10-13 10:40:53,228 [Time-limited test] INFO  statemachine.RaftSnapshotBaseTest (RaftSnapshotBaseTest.java:assertLeaderContent(104)) - 114) 114 term: 1
index: 229
stateMachineLogEntry {
  logData: "m114"
  stateMachineEntry {
    stateMachineData: "StateMachine Data"
  }
  clientId: "\363H\"z\335eFx\217\244d}\316%\031\207"
  callId: 243
}

2022-10-13 10:40:53,228 [Time-limited test] INFO  statemachine.RaftSnapshotBaseTest (RaftSnapshotBaseTest.java:assertLeaderContent(104)) - 115) 115 term: 1
index: 231
stateMachineLogEntry {
  logData: "m115"
  stateMachineEntry {
    stateMachineData: "StateMachine Data"
  }
  clientId: "\363H\"z\335eFx\217\244d}\316%\031\207"
  callId: 244
}

2022-10-13 10:40:53,228 [Time-limited test] INFO  statemachine.RaftSnapshotBaseTest (RaftSnapshotBaseTest.java:assertLeaderContent(104)) - 116) 116 term: 1
index: 233
stateMachineLogEntry {
  logData: "m116"
  stateMachineEntry {
    stateMachineData: "StateMachine Data"
  }
  clientId: "\363H\"z\335eFx\217\244d}\316%\031\207"
  callId: 245
}

2022-10-13 10:40:53,228 [Time-limited test] INFO  statemachine.RaftSnapshotBaseTest (RaftSnapshotBaseTest.java:assertLeaderContent(104)) - 117) 117 term: 1
index: 235
stateMachineLogEntry {
  logData: "m117"
  stateMachineEntry {
    stateMachineData: "StateMachine Data"
  }
  clientId: "\363H\"z\335eFx\217\244d}\316%\031\207"
  callId: 246
}

2022-10-13 10:40:53,228 [Time-limited test] INFO  statemachine.RaftSnapshotBaseTest (RaftSnapshotBaseTest.java:assertLeaderContent(104)) - 118) 118 term: 1
index: 237
stateMachineLogEntry {
  logData: "m118"
  stateMachineEntry {
    stateMachineData: "StateMachine Data"
  }
  clientId: "\363H\"z\335eFx\217\244d}\316%\031\207"
  callId: 247
}

2022-10-13 10:40:53,228 [Time-limited test] INFO  statemachine.RaftSnapshotBaseTest (RaftSnapshotBaseTest.java:assertLeaderContent(104)) - 119) 119 term: 1
index: 239
stateMachineLogEntry {
  logData: "m119"
  stateMachineEntry {
    stateMachineData: "StateMachine Data"
  }
  clientId: "\363H\"z\335eFx\217\244d}\316%\031\207"
  callId: 248
}

2022-10-13 10:40:53,228 [Time-limited test] INFO  statemachine.RaftSnapshotBaseTest (RaftSnapshotBaseTest.java:assertLeaderContent(104)) - 120) 120 term: 1
index: 241
stateMachineLogEntry {
  logData: "m120"
  stateMachineEntry {
    stateMachineData: "StateMachine Data"
  }
  clientId: "\363H\"z\335eFx\217\244d}\316%\031\207"
  callId: 249
}

2022-10-13 10:40:53,228 [Time-limited test] INFO  statemachine.RaftSnapshotBaseTest (RaftSnapshotBaseTest.java:assertLeaderContent(104)) - 121) 121 term: 1
index: 243
stateMachineLogEntry {
  logData: "m121"
  stateMachineEntry {
    stateMachineData: "StateMachine Data"
  }
  clientId: "\363H\"z\335eFx\217\244d}\316%\031\207"
  callId: 250
}

2022-10-13 10:40:53,228 [Time-limited test] INFO  statemachine.RaftSnapshotBaseTest (RaftSnapshotBaseTest.java:assertLeaderContent(104)) - 122) 122 term: 1
index: 245
stateMachineLogEntry {
  logData: "m122"
  stateMachineEntry {
    stateMachineData: "StateMachine Data"
  }
  clientId: "\363H\"z\335eFx\217\244d}\316%\031\207"
  callId: 251
}

2022-10-13 10:40:53,228 [Time-limited test] INFO  statemachine.RaftSnapshotBaseTest (RaftSnapshotBaseTest.java:assertLeaderContent(104)) - 123) 123 term: 1
index: 247
stateMachineLogEntry {
  logData: "m123"
  stateMachineEntry {
    stateMachineData: "StateMachine Data"
  }
  clientId: "\363H\"z\335eFx\217\244d}\316%\031\207"
  callId: 252
}

2022-10-13 10:40:53,228 [Time-limited test] INFO  statemachine.RaftSnapshotBaseTest (RaftSnapshotBaseTest.java:assertLeaderContent(104)) - 124) 124 term: 1
index: 249
stateMachineLogEntry {
  logData: "m124"
  stateMachineEntry {
    stateMachineData: "StateMachine Data"
  }
  clientId: "\363H\"z\335eFx\217\244d}\316%\031\207"
  callId: 253
}

2022-10-13 10:40:53,229 [Time-limited test] INFO  statemachine.RaftSnapshotBaseTest (RaftSnapshotBaseTest.java:assertLeaderContent(104)) - 125) 125 term: 1
index: 251
stateMachineLogEntry {
  logData: "m125"
  stateMachineEntry {
    stateMachineData: "StateMachine Data"
  }
  clientId: "\363H\"z\335eFx\217\244d}\316%\031\207"
  callId: 254
}

2022-10-13 10:40:53,229 [Time-limited test] INFO  statemachine.RaftSnapshotBaseTest (RaftSnapshotBaseTest.java:assertLeaderContent(104)) - 126) 126 term: 1
index: 253
stateMachineLogEntry {
  logData: "m126"
  stateMachineEntry {
    stateMachineData: "StateMachine Data"
  }
  clientId: "\363H\"z\335eFx\217\244d}\316%\031\207"
  callId: 255
}

2022-10-13 10:40:53,237 [s0@group-6905249F38B1-StateMachineUpdater] INFO  statemachine.SimpleStateMachine4Testing (SimpleStateMachine4Testing.java:put(204)) - s0: put 257, m127 -> (t:2, i:257), STATEMACHINELOGENTRY, 256@client-F77991EFE7CE
2022-10-13 10:40:53,245 [Time-limited test] INFO  ratis.InstallSnapshotNotificationTests (InstallSnapshotNotificationTests.java:testAddNewFollowers(225)) - LeaderSnapshotInfo: (t:1, i:254)
2022-10-13 10:40:53,245 [Time-limited test] INFO  impl.MiniRaftCluster (MiniRaftCluster.java:addNewPeers(464)) - Add new peers [s1, s2]
2022-10-13 10:40:53,245 [Time-limited test] INFO  impl.MiniRaftCluster (MiniRaftCluster.java:newRaftServer(382)) - newRaftServer: s1, group-6905249F38B1:[], format? true
2022-10-13 10:40:53,245 [Time-limited test] TRACE util.FileUtils (FileUtils.java:deleteFully(168)) - deleteFully target/test/data/289fef96/MiniRaftClusterWithGrpcba208ae8/s1
2022-10-13 10:40:53,246 [Time-limited test] TRACE util.FileUtils (FileUtils.java:deleteFully(184)) - deleteFully: target/test/data/289fef96/MiniRaftClusterWithGrpcba208ae8/s1 does not exist.
2022-10-13 10:40:53,246 [Time-limited test] INFO  impl.MiniRaftCluster (MiniRaftCluster.java:newRaftServer(387)) - Formatted directory target/test/data/289fef96/MiniRaftClusterWithGrpcba208ae8/s1
2022-10-13 10:40:53,246 [Time-limited test] INFO  server.RaftServer (ConfUtils.java:logGet(46)) - raft.rpc.type = GRPC (default)
2022-10-13 10:40:53,246 [Time-limited test] INFO  grpc.GrpcConfigKeys (ConfUtils.java:logFallback(53)) - raft.grpc.admin.host = null (fallback to raft.grpc.server.host)
2022-10-13 10:40:53,246 [Time-limited test] INFO  grpc.GrpcConfigKeys (ConfUtils.java:logFallback(53)) - raft.grpc.admin.port = 46693 (fallback to raft.grpc.server.port)
2022-10-13 10:40:53,246 [Time-limited test] INFO  grpc.GrpcConfigKeys (ConfUtils.java:logFallback(53)) - raft.grpc.client.host = null (fallback to raft.grpc.server.host)
2022-10-13 10:40:53,246 [Time-limited test] INFO  grpc.GrpcConfigKeys (ConfUtils.java:logFallback(53)) - raft.grpc.client.port = 46693 (fallback to raft.grpc.server.port)
2022-10-13 10:40:53,246 [Time-limited test] INFO  grpc.GrpcConfigKeys (ConfUtils.java:logGet(46)) - raft.grpc.server.host = null (default)
2022-10-13 10:40:53,246 [Time-limited test] INFO  grpc.GrpcConfigKeys (ConfUtils.java:logGet(46)) - raft.grpc.server.port = 46693 (custom)
2022-10-13 10:40:53,246 [Time-limited test] INFO  server.GrpcService (ConfUtils.java:logGet(46)) - raft.grpc.message.size.max = 64MB (=67108864) (default)
2022-10-13 10:40:53,246 [Time-limited test] INFO  server.RaftServerConfigKeys (ConfUtils.java:logGet(46)) - raft.server.log.appender.buffer.byte-limit = 4MB (=4194304) (default)
2022-10-13 10:40:53,246 [Time-limited test] INFO  server.GrpcService (ConfUtils.java:logGet(46)) - raft.grpc.flow.control.window = 1MB (=1048576) (default)
2022-10-13 10:40:53,247 [Time-limited test] INFO  server.RaftServerConfigKeys (ConfUtils.java:logGet(46)) - raft.server.rpc.request.timeout = 3000ms (default)
2022-10-13 10:40:53,247 [Time-limited test] INFO  grpc.GrpcConfigKeys (ConfUtils.java:logGet(46)) - raft.grpc.server.heartbeat.channel = true (default)
2022-10-13 10:40:53,247 [Time-limited test] INFO  grpc.GrpcConfigKeys (ConfUtils.java:logGet(46)) - raft.grpc.server.async.request.thread.pool.cached = true (default)
2022-10-13 10:40:53,247 [Time-limited test] INFO  grpc.GrpcConfigKeys (ConfUtils.java:logGet(46)) - raft.grpc.server.async.request.thread.pool.size = 32 (default)
2022-10-13 10:40:53,247 [Time-limited test] INFO  impl.DataStreamServerImpl (ConfUtils.java:logGet(46)) - raft.datastream.type = DISABLED (default)
2022-10-13 10:40:53,248 [Time-limited test] INFO  server.RaftServerConfigKeys (ConfUtils.java:logGet(46)) - raft.server.threadpool.proxy.cached = true (default)
2022-10-13 10:40:53,248 [Time-limited test] INFO  server.RaftServerConfigKeys (ConfUtils.java:logGet(46)) - raft.server.threadpool.proxy.size = 0 (default)
2022-10-13 10:40:53,248 [Time-limited test] INFO  server.RaftServerConfigKeys (ConfUtils.java:logGet(46)) - raft.server.rpc.slowness.timeout = 60s (default)
2022-10-13 10:40:53,248 [Time-limited test] INFO  server.RaftServerConfigKeys (ConfUtils.java:logGet(46)) - raft.server.leaderelection.leader.step-down.wait-time = 10s (default)
2022-10-13 10:40:53,248 [Time-limited test] INFO  server.RaftServerConfigKeys (ConfUtils.java:logGet(46)) - raft.server.storage.dir = [/home/runner/work/ratis/ratis/ratis-test/target/test/data/289fef96/MiniRaftClusterWithGrpcba208ae8/s1] (custom)
2022-10-13 10:40:53,251 [Time-limited test] INFO  server.RaftServer (RaftServerProxy.java:addNew(99)) - s1: addNew group-6905249F38B1:[] returns group-6905249F38B1:java.util.concurrent.CompletableFuture@12f88054[Not completed]
2022-10-13 10:40:53,251 [Time-limited test] INFO  impl.MiniRaftCluster (MiniRaftCluster.java:newRaftServer(382)) - newRaftServer: s2, group-6905249F38B1:[], format? true
2022-10-13 10:40:53,251 [Time-limited test] TRACE util.FileUtils (FileUtils.java:deleteFully(168)) - deleteFully target/test/data/289fef96/MiniRaftClusterWithGrpcba208ae8/s2
2022-10-13 10:40:53,251 [Time-limited test] TRACE util.FileUtils (FileUtils.java:deleteFully(184)) - deleteFully: target/test/data/289fef96/MiniRaftClusterWithGrpcba208ae8/s2 does not exist.
2022-10-13 10:40:53,251 [Time-limited test] INFO  impl.MiniRaftCluster (MiniRaftCluster.java:newRaftServer(387)) - Formatted directory target/test/data/289fef96/MiniRaftClusterWithGrpcba208ae8/s2
2022-10-13 10:40:53,251 [Time-limited test] INFO  server.RaftServer (ConfUtils.java:logGet(46)) - raft.rpc.type = GRPC (default)
2022-10-13 10:40:53,251 [Time-limited test] INFO  grpc.GrpcConfigKeys (ConfUtils.java:logFallback(53)) - raft.grpc.admin.host = null (fallback to raft.grpc.server.host)
2022-10-13 10:40:53,251 [Time-limited test] INFO  grpc.GrpcConfigKeys (ConfUtils.java:logFallback(53)) - raft.grpc.admin.port = 36699 (fallback to raft.grpc.server.port)
2022-10-13 10:40:53,252 [Time-limited test] INFO  grpc.GrpcConfigKeys (ConfUtils.java:logFallback(53)) - raft.grpc.client.host = null (fallback to raft.grpc.server.host)
2022-10-13 10:40:53,252 [Time-limited test] INFO  grpc.GrpcConfigKeys (ConfUtils.java:logFallback(53)) - raft.grpc.client.port = 36699 (fallback to raft.grpc.server.port)
2022-10-13 10:40:53,252 [Time-limited test] INFO  grpc.GrpcConfigKeys (ConfUtils.java:logGet(46)) - raft.grpc.server.host = null (default)
2022-10-13 10:40:53,252 [Time-limited test] INFO  grpc.GrpcConfigKeys (ConfUtils.java:logGet(46)) - raft.grpc.server.port = 36699 (custom)
2022-10-13 10:40:53,252 [Time-limited test] INFO  server.GrpcService (ConfUtils.java:logGet(46)) - raft.grpc.message.size.max = 64MB (=67108864) (default)
2022-10-13 10:40:53,252 [Time-limited test] INFO  server.RaftServerConfigKeys (ConfUtils.java:logGet(46)) - raft.server.log.appender.buffer.byte-limit = 4MB (=4194304) (default)
2022-10-13 10:40:53,252 [Time-limited test] INFO  server.GrpcService (ConfUtils.java:logGet(46)) - raft.grpc.flow.control.window = 1MB (=1048576) (default)
2022-10-13 10:40:53,252 [Time-limited test] INFO  server.RaftServerConfigKeys (ConfUtils.java:logGet(46)) - raft.server.rpc.request.timeout = 3000ms (default)
2022-10-13 10:40:53,252 [Time-limited test] INFO  grpc.GrpcConfigKeys (ConfUtils.java:logGet(46)) - raft.grpc.server.heartbeat.channel = true (default)
2022-10-13 10:40:53,252 [Time-limited test] INFO  grpc.GrpcConfigKeys (ConfUtils.java:logGet(46)) - raft.grpc.server.async.request.thread.pool.cached = true (default)
2022-10-13 10:40:53,252 [Time-limited test] INFO  grpc.GrpcConfigKeys (ConfUtils.java:logGet(46)) - raft.grpc.server.async.request.thread.pool.size = 32 (default)
2022-10-13 10:40:53,253 [Time-limited test] INFO  impl.DataStreamServerImpl (ConfUtils.java:logGet(46)) - raft.datastream.type = DISABLED (default)
2022-10-13 10:40:53,253 [Time-limited test] INFO  server.RaftServerConfigKeys (ConfUtils.java:logGet(46)) - raft.server.threadpool.proxy.cached = true (default)
2022-10-13 10:40:53,253 [Time-limited test] INFO  server.RaftServerConfigKeys (ConfUtils.java:logGet(46)) - raft.server.threadpool.proxy.size = 0 (default)
2022-10-13 10:40:53,253 [Time-limited test] INFO  server.RaftServerConfigKeys (ConfUtils.java:logGet(46)) - raft.server.rpc.slowness.timeout = 60s (default)
2022-10-13 10:40:53,253 [Time-limited test] INFO  server.RaftServerConfigKeys (ConfUtils.java:logGet(46)) - raft.server.leaderelection.leader.step-down.wait-time = 10s (default)
2022-10-13 10:40:53,253 [Time-limited test] INFO  server.RaftServerConfigKeys (ConfUtils.java:logGet(46)) - raft.server.storage.dir = [/home/runner/work/ratis/ratis/ratis-test/target/test/data/289fef96/MiniRaftClusterWithGrpcba208ae8/s2] (custom)
2022-10-13 10:40:53,254 [pool-15-thread-1] INFO  server.RaftServerConfigKeys (ConfUtils.java:logGet(46)) - raft.server.log.segment.size.max = 8MB (=8388608) (default)
2022-10-13 10:40:53,254 [pool-15-thread-1] INFO  server.RaftServerConfigKeys (ConfUtils.java:logGet(46)) - raft.server.log.preallocated.size = 4MB (=4194304) (default)
2022-10-13 10:40:53,255 [pool-15-thread-1] INFO  server.RaftServerConfigKeys (ConfUtils.java:logGet(46)) - raft.server.log.write.buffer.size = 64KB (=65536) (default)
2022-10-13 10:40:53,255 [pool-15-thread-1] INFO  server.RaftServer$Division (RaftServerImpl.java:<init>(198)) - s1: new RaftServerImpl for group-6905249F38B1:[] with StateMachine4InstallSnapshotNotificationTests:uninitialized
2022-10-13 10:40:53,255 [pool-15-thread-1] INFO  server.RaftServerConfigKeys (ConfUtils.java:logGet(46)) - raft.server.rpc.timeout.min = 150ms (default)
2022-10-13 10:40:53,255 [pool-15-thread-1] INFO  server.RaftServerConfigKeys (ConfUtils.java:logGet(46)) - raft.server.rpc.timeout.max = 300ms (default)
2022-10-13 10:40:53,255 [pool-15-thread-1] INFO  server.RaftServerConfigKeys (ConfUtils.java:logGet(46)) - raft.server.rpc.sleep.time = 25ms (default)
2022-10-13 10:40:53,255 [pool-15-thread-1] INFO  server.RaftServerConfigKeys (ConfUtils.java:logGet(46)) - raft.server.rpc.slowness.timeout = 60s (default)
2022-10-13 10:40:53,255 [pool-15-thread-1] INFO  server.RaftServerConfigKeys (ConfUtils.java:logGet(46)) - raft.server.leaderelection.leader.step-down.wait-time = 10s (default)
2022-10-13 10:40:53,255 [pool-15-thread-1] INFO  server.RaftServerConfigKeys (ConfUtils.java:logGet(46)) - raft.server.sleep.deviation.threshold = 300ms (default)
2022-10-13 10:40:53,255 [pool-15-thread-1] INFO  server.RaftServer$Division (ServerState.java:<init>(113)) - s1@group-6905249F38B1: ConfigurationManager, init=-1: peers:[]|listeners:[], old=null, confs=<EMPTY_MAP>
2022-10-13 10:40:53,255 [pool-15-thread-1] INFO  server.RaftServerConfigKeys (ConfUtils.java:logGet(46)) - raft.server.notification.no-leader.timeout = 60s (default)
2022-10-13 10:40:53,255 [pool-15-thread-1] INFO  server.RaftServerConfigKeys (ConfUtils.java:logGet(46)) - raft.server.read.timeout = 10s (default)
2022-10-13 10:40:53,255 [pool-15-thread-1] INFO  server.RaftServerConfigKeys (ConfUtils.java:logGet(46)) - raft.server.retrycache.expirytime = 60s (default)
2022-10-13 10:40:53,255 [pool-15-thread-1] INFO  server.RaftServerConfigKeys (ConfUtils.java:logGet(46)) - raft.server.retrycache.statistics.expirytime = 100μs (default)
2022-10-13 10:40:53,256 [pool-15-thread-1] INFO  server.RaftServerConfigKeys (ConfUtils.java:logGet(46)) - raft.server.read.option = DEFAULT (default)
2022-10-13 10:40:53,256 [pool-15-thread-1] INFO  server.RaftServerConfigKeys (ConfUtils.java:logGet(46)) - raft.server.log.appender.install.snapshot.enabled = false (custom)
2022-10-13 10:40:53,257 [pool-15-thread-1] INFO  server.RaftServerConfigKeys (ConfUtils.java:logGet(46)) - raft.server.threadpool.server.cached = true (default)
2022-10-13 10:40:53,257 [pool-15-thread-1] INFO  server.RaftServerConfigKeys (ConfUtils.java:logGet(46)) - raft.server.threadpool.server.size = 0 (default)
2022-10-13 10:40:53,257 [pool-15-thread-1] INFO  server.RaftServerConfigKeys (ConfUtils.java:logGet(46)) - raft.server.threadpool.client.cached = true (default)
2022-10-13 10:40:53,257 [pool-15-thread-1] INFO  server.RaftServerConfigKeys (ConfUtils.java:logGet(46)) - raft.server.threadpool.client.size = 0 (default)
2022-10-13 10:40:53,259 [Time-limited test] INFO  server.RaftServer (RaftServerProxy.java:addNew(99)) - s2: addNew group-6905249F38B1:[] returns group-6905249F38B1:java.util.concurrent.CompletableFuture@749bbcf[Not completed]
2022-10-13 10:40:53,260 [pool-16-thread-1] INFO  server.RaftServerConfigKeys (ConfUtils.java:logGet(46)) - raft.server.log.segment.size.max = 8MB (=8388608) (default)
2022-10-13 10:40:53,260 [s1-impl-thread1] INFO  server.RaftServerConfigKeys (ConfUtils.java:logGet(46)) - raft.server.storage.free-space.min = 0MB (=0) (default)
2022-10-13 10:40:53,260 [s1-impl-thread1] INFO  server.RaftServerConfigKeys (ConfUtils.java:logGet(46)) - raft.server.log.corruption.policy = EXCEPTION (default)
2022-10-13 10:40:53,260 [pool-16-thread-1] INFO  server.RaftServerConfigKeys (ConfUtils.java:logGet(46)) - raft.server.log.preallocated.size = 4MB (=4194304) (default)
2022-10-13 10:40:53,260 [s1-impl-thread1] INFO  server.RaftServerConfigKeys (ConfUtils.java:logGet(46)) - raft.server.storage.dir = [/home/runner/work/ratis/ratis/ratis-test/target/test/data/289fef96/MiniRaftClusterWithGrpcba208ae8/s1] (custom)
2022-10-13 10:40:53,260 [pool-16-thread-1] INFO  server.RaftServerConfigKeys (ConfUtils.java:logGet(46)) - raft.server.log.write.buffer.size = 64KB (=65536) (default)
2022-10-13 10:40:53,260 [s1-impl-thread1] INFO  storage.RaftStorageDirectory (RaftStorageDirectoryImpl.java:analyzeStorage(138)) - The storage directory /home/runner/work/ratis/ratis/ratis-test/target/test/data/289fef96/MiniRaftClusterWithGrpcba208ae8/s1/9857bba0-c7d0-4bab-84ff-6905249f38b1 does not exist. Creating ...
2022-10-13 10:40:53,260 [pool-16-thread-1] INFO  server.RaftServer$Division (RaftServerImpl.java:<init>(198)) - s2: new RaftServerImpl for group-6905249F38B1:[] with StateMachine4InstallSnapshotNotificationTests:uninitialized
2022-10-13 10:40:53,261 [s1-impl-thread1] TRACE util.FileUtils (LogUtils.java:runAndLog(49)) - Successfully ran Files.createDirectories /home/runner/work/ratis/ratis/ratis-test/target/test/data/289fef96/MiniRaftClusterWithGrpcba208ae8/s1/9857bba0-c7d0-4bab-84ff-6905249f38b1
2022-10-13 10:40:53,261 [pool-16-thread-1] INFO  server.RaftServerConfigKeys (ConfUtils.java:logGet(46)) - raft.server.rpc.timeout.min = 150ms (default)
2022-10-13 10:40:53,261 [pool-16-thread-1] INFO  server.RaftServerConfigKeys (ConfUtils.java:logGet(46)) - raft.server.rpc.timeout.max = 300ms (default)
2022-10-13 10:40:53,261 [pool-16-thread-1] INFO  server.RaftServerConfigKeys (ConfUtils.java:logGet(46)) - raft.server.rpc.sleep.time = 25ms (default)
2022-10-13 10:40:53,261 [pool-16-thread-1] INFO  server.RaftServerConfigKeys (ConfUtils.java:logGet(46)) - raft.server.rpc.slowness.timeout = 60s (default)
2022-10-13 10:40:53,261 [pool-16-thread-1] INFO  server.RaftServerConfigKeys (ConfUtils.java:logGet(46)) - raft.server.leaderelection.leader.step-down.wait-time = 10s (default)
2022-10-13 10:40:53,261 [pool-16-thread-1] INFO  server.RaftServerConfigKeys (ConfUtils.java:logGet(46)) - raft.server.sleep.deviation.threshold = 300ms (default)
2022-10-13 10:40:53,261 [pool-16-thread-1] INFO  server.RaftServer$Division (ServerState.java:<init>(113)) - s2@group-6905249F38B1: ConfigurationManager, init=-1: peers:[]|listeners:[], old=null, confs=<EMPTY_MAP>
2022-10-13 10:40:53,261 [pool-16-thread-1] INFO  server.RaftServerConfigKeys (ConfUtils.java:logGet(46)) - raft.server.notification.no-leader.timeout = 60s (default)
2022-10-13 10:40:53,261 [pool-16-thread-1] INFO  server.RaftServerConfigKeys (ConfUtils.java:logGet(46)) - raft.server.read.timeout = 10s (default)
2022-10-13 10:40:53,261 [pool-16-thread-1] INFO  server.RaftServerConfigKeys (ConfUtils.java:logGet(46)) - raft.server.retrycache.expirytime = 60s (default)
2022-10-13 10:40:53,261 [pool-16-thread-1] INFO  server.RaftServerConfigKeys (ConfUtils.java:logGet(46)) - raft.server.retrycache.statistics.expirytime = 100μs (default)
2022-10-13 10:40:53,262 [pool-16-thread-1] INFO  server.RaftServerConfigKeys (ConfUtils.java:logGet(46)) - raft.server.read.option = DEFAULT (default)
2022-10-13 10:40:53,262 [s1-impl-thread1] INFO  storage.RaftStorageDirectory (RaftStorageDirectoryImpl.java:tryLock(232)) - Lock on /home/runner/work/ratis/ratis/ratis-test/target/test/data/289fef96/MiniRaftClusterWithGrpcba208ae8/s1/9857bba0-c7d0-4bab-84ff-6905249f38b1/in_use.lock acquired by nodename 19781@fv-az426-632
2022-10-13 10:40:53,262 [s1-impl-thread1] TRACE util.FileUtils (LogUtils.java:runAndLog(49)) - Successfully ran Files.createDirectories /home/runner/work/ratis/ratis/ratis-test/target/test/data/289fef96/MiniRaftClusterWithGrpcba208ae8/s1/9857bba0-c7d0-4bab-84ff-6905249f38b1/current
2022-10-13 10:40:53,262 [s1-impl-thread1] TRACE util.FileUtils (LogUtils.java:runAndLog(49)) - Successfully ran Files.createDirectories /home/runner/work/ratis/ratis/ratis-test/target/test/data/289fef96/MiniRaftClusterWithGrpcba208ae8/s1/9857bba0-c7d0-4bab-84ff-6905249f38b1/sm
2022-10-13 10:40:53,263 [s1-impl-thread1] INFO  storage.RaftStorage (RaftStorageImpl.java:format(96)) - Storage directory /home/runner/work/ratis/ratis/ratis-test/target/test/data/289fef96/MiniRaftClusterWithGrpcba208ae8/s1/9857bba0-c7d0-4bab-84ff-6905249f38b1 has been successfully formatted.
2022-10-13 10:40:53,263 [s1-impl-thread1] INFO  statemachine.SimpleStateMachine4Testing (SimpleStateMachine4Testing.java:initialize(212)) - Initializing StateMachine4InstallSnapshotNotificationTests:uninitialized
2022-10-13 10:40:53,264 [s1-impl-thread1] INFO  statemachine.SimpleStateMachine4Testing (SimpleStateMachine4Testing.java:loadSnapshot(306)) - The snapshot file null does not exist
2022-10-13 10:40:53,264 [s1-impl-thread1] INFO  server.RaftServerConfigKeys (ConfUtils.java:logGet(46)) - raft.server.log.use.memory = false (default)
2022-10-13 10:40:53,264 [s1-impl-thread1] INFO  server.RaftServerConfigKeys (ConfUtils.java:logGet(46)) - raft.server.log.purge.gap = 8 (custom)
2022-10-13 10:40:53,264 [s1-impl-thread1] INFO  server.RaftServerConfigKeys (ConfUtils.java:logGet(46)) - raft.server.log.appender.buffer.byte-limit = 4MB (=4194304) (default)
2022-10-13 10:40:53,264 [s1-impl-thread1] INFO  server.RaftServerConfigKeys (ConfUtils.java:logGet(46)) - raft.server.log.statemachine.data.read.timeout = 1000ms (default)
2022-10-13 10:40:53,264 [s1-impl-thread1] INFO  server.RaftServerConfigKeys (ConfUtils.java:logGet(46)) - raft.server.log.purge.preservation.log.num = 0 (default)
2022-10-13 10:40:53,264 [pool-16-thread-1] INFO  server.RaftServerConfigKeys (ConfUtils.java:logGet(46)) - raft.server.log.appender.install.snapshot.enabled = false (custom)
2022-10-13 10:40:53,264 [pool-16-thread-1] INFO  server.RaftServerConfigKeys (ConfUtils.java:logGet(46)) - raft.server.threadpool.server.cached = true (default)
2022-10-13 10:40:53,264 [pool-16-thread-1] INFO  server.RaftServerConfigKeys (ConfUtils.java:logGet(46)) - raft.server.threadpool.server.size = 0 (default)
2022-10-13 10:40:53,264 [pool-16-thread-1] INFO  server.RaftServerConfigKeys (ConfUtils.java:logGet(46)) - raft.server.threadpool.client.cached = true (default)
2022-10-13 10:40:53,264 [pool-16-thread-1] INFO  server.RaftServerConfigKeys (ConfUtils.java:logGet(46)) - raft.server.threadpool.client.size = 0 (default)
2022-10-13 10:40:53,264 [s1-impl-thread1] INFO  server.RaftServerConfigKeys (ConfUtils.java:logGet(46)) - raft.server.log.segment.size.max = 1024 (custom)
2022-10-13 10:40:53,267 [s1-impl-thread1] INFO  server.RaftServerConfigKeys (ConfUtils.java:logGet(46)) - raft.server.log.segment.cache.num.max = 6 (default)
2022-10-13 10:40:53,267 [s1-impl-thread1] INFO  server.RaftServerConfigKeys (ConfUtils.java:logGet(46)) - raft.server.log.segment.cache.size.max = 200MB (=209715200) (default)
2022-10-13 10:40:53,267 [s1-impl-thread1] INFO  segmented.SegmentedRaftLogWorker (SegmentedRaftLogWorker.java:<init>(184)) - new s1@group-6905249F38B1-SegmentedRaftLogWorker for RaftStorageImpl:Storage Directory /home/runner/work/ratis/ratis/ratis-test/target/test/data/289fef96/MiniRaftClusterWithGrpcba208ae8/s1/9857bba0-c7d0-4bab-84ff-6905249f38b1
2022-10-13 10:40:53,267 [s1-impl-thread1] INFO  server.RaftServerConfigKeys (ConfUtils.java:logGet(46)) - raft.server.log.queue.byte-limit = 64MB (=67108864) (default)
2022-10-13 10:40:53,267 [s1-impl-thread1] INFO  server.RaftServerConfigKeys (ConfUtils.java:logGet(46)) - raft.server.log.queue.element-limit = 4096 (default)
2022-10-13 10:40:53,267 [s1-impl-thread1] INFO  server.RaftServerConfigKeys (ConfUtils.java:logGet(46)) - raft.server.log.segment.size.max = 1024 (custom)
2022-10-13 10:40:53,267 [s1-impl-thread1] INFO  server.RaftServerConfigKeys (ConfUtils.java:logGet(46)) - raft.server.log.preallocated.size = 4MB (=4194304) (default)
2022-10-13 10:40:53,267 [s1-impl-thread1] INFO  server.RaftServerConfigKeys (ConfUtils.java:logGet(46)) - raft.server.log.force.sync.num = 128 (default)
2022-10-13 10:40:53,267 [s1-impl-thread1] INFO  server.RaftServerConfigKeys (ConfUtils.java:logGet(46)) - raft.server.log.statemachine.data.sync = true (default)
2022-10-13 10:40:53,267 [s1-impl-thread1] INFO  server.RaftServerConfigKeys (ConfUtils.java:logGet(46)) - raft.server.log.statemachine.data.sync.timeout = 10s (default)
2022-10-13 10:40:53,267 [s1-impl-thread1] INFO  server.RaftServerConfigKeys (ConfUtils.java:logGet(46)) - raft.server.log.statemachine.data.sync.timeout.retry = -1 (default)
2022-10-13 10:40:53,267 [s1-impl-thread1] INFO  server.RaftServerConfigKeys (ConfUtils.java:logGet(46)) - raft.server.log.write.buffer.size = 64KB (=65536) (default)
2022-10-13 10:40:53,267 [s1-impl-thread1] INFO  server.RaftServerConfigKeys (ConfUtils.java:logGet(46)) - raft.server.log.appender.buffer.byte-limit = 4MB (=4194304) (default)
2022-10-13 10:40:53,267 [s1-impl-thread1] INFO  server.RaftServerConfigKeys (ConfUtils.java:logGet(46)) - raft.server.log.unsafe-flush.enabled = false (default)
2022-10-13 10:40:53,267 [s1-impl-thread1] INFO  server.RaftServerConfigKeys (ConfUtils.java:logGet(46)) - raft.server.log.async-flush.enabled = false (default)
2022-10-13 10:40:53,267 [s1-impl-thread1] INFO  server.RaftServerConfigKeys (ConfUtils.java:logGet(46)) - raft.server.log.statemachine.data.caching.enabled = false (default)
2022-10-13 10:40:53,268 [s1-impl-thread1] INFO  segmented.SegmentedRaftLogWorker (SegmentedRaftLogWorker.java:lambda$new$0(134)) - s1@group-6905249F38B1-SegmentedRaftLogWorker: flushIndex: setUnconditionally 0 -> -1
2022-10-13 10:40:53,268 [s1-impl-thread1] INFO  segmented.SegmentedRaftLogWorker (SegmentedRaftLogWorker.java:lambda$new$0(134)) - s1@group-6905249F38B1-SegmentedRaftLogWorker: safeCacheEvictIndex: setUnconditionally 0 -> -1
2022-10-13 10:40:53,268 [s1-impl-thread1] INFO  server.RaftServer$Division (RaftServerImpl.java:start(344)) - s1@group-6905249F38B1: start with initializing state, conf=-1: peers:[]|listeners:[], old=null
2022-10-13 10:40:53,268 [s1-impl-thread1] INFO  server.RaftServer$Division (RaftServerImpl.java:setRole(325)) - s1@group-6905249F38B1: changes role from      null to FOLLOWER at term 0 for startInitializing
2022-10-13 10:40:53,268 [s1-impl-thread1] INFO  util.JmxRegister (JmxRegister.java:tryRegister(44)) - Successfully registered JMX Bean with object name Ratis:service=RaftServer,group=group-6905249F38B1,id=s1
2022-10-13 10:40:53,268 [s1-impl-thread1] INFO  server.RaftServerConfigKeys (ConfUtils.java:logGet(46)) - raft.server.snapshot.auto.trigger.enabled = true (custom)
2022-10-13 10:40:53,268 [s1-impl-thread1] INFO  server.RaftServerConfigKeys (ConfUtils.java:logGet(46)) - raft.server.snapshot.auto.trigger.threshold = 64 (custom)
2022-10-13 10:40:53,268 [s1-impl-thread1] INFO  server.RaftServerConfigKeys (ConfUtils.java:logGet(46)) - raft.server.snapshot.retention.file.num = -1 (default)
2022-10-13 10:40:53,268 [s1-impl-thread1] INFO  server.RaftServerConfigKeys (ConfUtils.java:logGet(46)) - raft.server.log.purge.upto.snapshot.index = false (default)
2022-10-13 10:40:53,273 [Time-limited test] INFO  server.RaftServer (RaftServerProxy.java:startImpl(396)) - s1: start RPC server
2022-10-13 10:40:53,274 [Time-limited test] INFO  server.GrpcService (GrpcService.java:startImpl(310)) - s1: GrpcService started, listening on 46693
2022-10-13 10:40:53,275 [s2-impl-thread1] INFO  server.RaftServerConfigKeys (ConfUtils.java:logGet(46)) - raft.server.storage.free-space.min = 0MB (=0) (default)
2022-10-13 10:40:53,275 [s2-impl-thread1] INFO  server.RaftServerConfigKeys (ConfUtils.java:logGet(46)) - raft.server.log.corruption.policy = EXCEPTION (default)
2022-10-13 10:40:53,275 [JvmPauseMonitor6] INFO  util.JvmPauseMonitor (JvmPauseMonitor.java:run(105)) - JvmPauseMonitor-s1: Started
2022-10-13 10:40:53,275 [s2-impl-thread1] INFO  server.RaftServerConfigKeys (ConfUtils.java:logGet(46)) - raft.server.storage.dir = [/home/runner/work/ratis/ratis/ratis-test/target/test/data/289fef96/MiniRaftClusterWithGrpcba208ae8/s2] (custom)
2022-10-13 10:40:53,276 [s2-impl-thread1] INFO  storage.RaftStorageDirectory (RaftStorageDirectoryImpl.java:analyzeStorage(138)) - The storage directory /home/runner/work/ratis/ratis/ratis-test/target/test/data/289fef96/MiniRaftClusterWithGrpcba208ae8/s2/9857bba0-c7d0-4bab-84ff-6905249f38b1 does not exist. Creating ...
2022-10-13 10:40:53,276 [s2-impl-thread1] TRACE util.FileUtils (LogUtils.java:runAndLog(49)) - Successfully ran Files.createDirectories /home/runner/work/ratis/ratis/ratis-test/target/test/data/289fef96/MiniRaftClusterWithGrpcba208ae8/s2/9857bba0-c7d0-4bab-84ff-6905249f38b1
2022-10-13 10:40:53,277 [s2-impl-thread1] INFO  storage.RaftStorageDirectory (RaftStorageDirectoryImpl.java:tryLock(232)) - Lock on /home/runner/work/ratis/ratis/ratis-test/target/test/data/289fef96/MiniRaftClusterWithGrpcba208ae8/s2/9857bba0-c7d0-4bab-84ff-6905249f38b1/in_use.lock acquired by nodename 19781@fv-az426-632
2022-10-13 10:40:53,278 [s2-impl-thread1] TRACE util.FileUtils (LogUtils.java:runAndLog(49)) - Successfully ran Files.createDirectories /home/runner/work/ratis/ratis/ratis-test/target/test/data/289fef96/MiniRaftClusterWithGrpcba208ae8/s2/9857bba0-c7d0-4bab-84ff-6905249f38b1/current
2022-10-13 10:40:53,278 [s2-impl-thread1] TRACE util.FileUtils (LogUtils.java:runAndLog(49)) - Successfully ran Files.createDirectories /home/runner/work/ratis/ratis/ratis-test/target/test/data/289fef96/MiniRaftClusterWithGrpcba208ae8/s2/9857bba0-c7d0-4bab-84ff-6905249f38b1/sm
2022-10-13 10:40:53,279 [s2-impl-thread1] INFO  storage.RaftStorage (RaftStorageImpl.java:format(96)) - Storage directory /home/runner/work/ratis/ratis/ratis-test/target/test/data/289fef96/MiniRaftClusterWithGrpcba208ae8/s2/9857bba0-c7d0-4bab-84ff-6905249f38b1 has been successfully formatted.
2022-10-13 10:40:53,279 [s2-impl-thread1] INFO  statemachine.SimpleStateMachine4Testing (SimpleStateMachine4Testing.java:initialize(212)) - Initializing StateMachine4InstallSnapshotNotificationTests:uninitialized
2022-10-13 10:40:53,279 [s2-impl-thread1] INFO  statemachine.SimpleStateMachine4Testing (SimpleStateMachine4Testing.java:loadSnapshot(306)) - The snapshot file null does not exist
2022-10-13 10:40:53,279 [s2-impl-thread1] INFO  server.RaftServerConfigKeys (ConfUtils.java:logGet(46)) - raft.server.log.use.memory = false (default)
2022-10-13 10:40:53,279 [s2-impl-thread1] INFO  server.RaftServerConfigKeys (ConfUtils.java:logGet(46)) - raft.server.log.purge.gap = 8 (custom)
2022-10-13 10:40:53,279 [s2-impl-thread1] INFO  server.RaftServerConfigKeys (ConfUtils.java:logGet(46)) - raft.server.log.appender.buffer.byte-limit = 4MB (=4194304) (default)
2022-10-13 10:40:53,279 [s2-impl-thread1] INFO  server.RaftServerConfigKeys (ConfUtils.java:logGet(46)) - raft.server.log.statemachine.data.read.timeout = 1000ms (default)
2022-10-13 10:40:53,280 [s2-impl-thread1] INFO  server.RaftServerConfigKeys (ConfUtils.java:logGet(46)) - raft.server.log.purge.preservation.log.num = 0 (default)
2022-10-13 10:40:53,280 [s2-impl-thread1] INFO  server.RaftServerConfigKeys (ConfUtils.java:logGet(46)) - raft.server.log.segment.size.max = 1024 (custom)
2022-10-13 10:40:53,280 [s2-impl-thread1] INFO  server.RaftServerConfigKeys (ConfUtils.java:logGet(46)) - raft.server.log.segment.cache.num.max = 6 (default)
2022-10-13 10:40:53,280 [s2-impl-thread1] INFO  server.RaftServerConfigKeys (ConfUtils.java:logGet(46)) - raft.server.log.segment.cache.size.max = 200MB (=209715200) (default)
2022-10-13 10:40:53,280 [s2-impl-thread1] INFO  segmented.SegmentedRaftLogWorker (SegmentedRaftLogWorker.java:<init>(184)) - new s2@group-6905249F38B1-SegmentedRaftLogWorker for RaftStorageImpl:Storage Directory /home/runner/work/ratis/ratis/ratis-test/target/test/data/289fef96/MiniRaftClusterWithGrpcba208ae8/s2/9857bba0-c7d0-4bab-84ff-6905249f38b1
2022-10-13 10:40:53,280 [s2-impl-thread1] INFO  server.RaftServerConfigKeys (ConfUtils.java:logGet(46)) - raft.server.log.queue.byte-limit = 64MB (=67108864) (default)
2022-10-13 10:40:53,280 [s2-impl-thread1] INFO  server.RaftServerConfigKeys (ConfUtils.java:logGet(46)) - raft.server.log.queue.element-limit = 4096 (default)
2022-10-13 10:40:53,280 [s2-impl-thread1] INFO  server.RaftServerConfigKeys (ConfUtils.java:logGet(46)) - raft.server.log.segment.size.max = 1024 (custom)
2022-10-13 10:40:53,280 [s2-impl-thread1] INFO  server.RaftServerConfigKeys (ConfUtils.java:logGet(46)) - raft.server.log.preallocated.size = 4MB (=4194304) (default)
2022-10-13 10:40:53,280 [s2-impl-thread1] INFO  server.RaftServerConfigKeys (ConfUtils.java:logGet(46)) - raft.server.log.force.sync.num = 128 (default)
2022-10-13 10:40:53,280 [s2-impl-thread1] INFO  server.RaftServerConfigKeys (ConfUtils.java:logGet(46)) - raft.server.log.statemachine.data.sync = true (default)
2022-10-13 10:40:53,280 [s2-impl-thread1] INFO  server.RaftServerConfigKeys (ConfUtils.java:logGet(46)) - raft.server.log.statemachine.data.sync.timeout = 10s (default)
2022-10-13 10:40:53,280 [s2-impl-thread1] INFO  server.RaftServerConfigKeys (ConfUtils.java:logGet(46)) - raft.server.log.statemachine.data.sync.timeout.retry = -1 (default)
2022-10-13 10:40:53,281 [s2-impl-thread1] INFO  server.RaftServerConfigKeys (ConfUtils.java:logGet(46)) - raft.server.log.write.buffer.size = 64KB (=65536) (default)
2022-10-13 10:40:53,281 [s2-impl-thread1] INFO  server.RaftServerConfigKeys (ConfUtils.java:logGet(46)) - raft.server.log.appender.buffer.byte-limit = 4MB (=4194304) (default)
2022-10-13 10:40:53,281 [s2-impl-thread1] INFO  server.RaftServerConfigKeys (ConfUtils.java:logGet(46)) - raft.server.log.unsafe-flush.enabled = false (default)
2022-10-13 10:40:53,281 [s2-impl-thread1] INFO  server.RaftServerConfigKeys (ConfUtils.java:logGet(46)) - raft.server.log.async-flush.enabled = false (default)
2022-10-13 10:40:53,281 [s2-impl-thread1] INFO  server.RaftServerConfigKeys (ConfUtils.java:logGet(46)) - raft.server.log.statemachine.data.caching.enabled = false (default)
2022-10-13 10:40:53,281 [s2-impl-thread1] INFO  segmented.SegmentedRaftLogWorker (SegmentedRaftLogWorker.java:lambda$new$0(134)) - s2@group-6905249F38B1-SegmentedRaftLogWorker: flushIndex: setUnconditionally 0 -> -1
2022-10-13 10:40:53,281 [s2-impl-thread1] INFO  segmented.SegmentedRaftLogWorker (SegmentedRaftLogWorker.java:lambda$new$0(134)) - s2@group-6905249F38B1-SegmentedRaftLogWorker: safeCacheEvictIndex: setUnconditionally 0 -> -1
2022-10-13 10:40:53,283 [s2-impl-thread1] INFO  server.RaftServer$Division (RaftServerImpl.java:start(344)) - s2@group-6905249F38B1: start with initializing state, conf=-1: peers:[]|listeners:[], old=null
2022-10-13 10:40:53,283 [s2-impl-thread1] INFO  server.RaftServer$Division (RaftServerImpl.java:setRole(325)) - s2@group-6905249F38B1: changes role from      null to FOLLOWER at term 0 for startInitializing
2022-10-13 10:40:53,283 [s2-impl-thread1] INFO  util.JmxRegister (JmxRegister.java:tryRegister(44)) - Successfully registered JMX Bean with object name Ratis:service=RaftServer,group=group-6905249F38B1,id=s2
2022-10-13 10:40:53,283 [s2-impl-thread1] INFO  server.RaftServerConfigKeys (ConfUtils.java:logGet(46)) - raft.server.snapshot.auto.trigger.enabled = true (custom)
2022-10-13 10:40:53,283 [s2-impl-thread1] INFO  server.RaftServerConfigKeys (ConfUtils.java:logGet(46)) - raft.server.snapshot.auto.trigger.threshold = 64 (custom)
2022-10-13 10:40:53,283 [s2-impl-thread1] INFO  server.RaftServerConfigKeys (ConfUtils.java:logGet(46)) - raft.server.snapshot.retention.file.num = -1 (default)
2022-10-13 10:40:53,283 [s2-impl-thread1] INFO  server.RaftServerConfigKeys (ConfUtils.java:logGet(46)) - raft.server.log.purge.upto.snapshot.index = false (default)
2022-10-13 10:40:53,287 [Time-limited test] INFO  server.RaftServer (RaftServerProxy.java:startImpl(396)) - s2: start RPC server
2022-10-13 10:40:53,291 [Time-limited test] INFO  server.GrpcService (GrpcService.java:startImpl(310)) - s2: GrpcService started, listening on 36699
2022-10-13 10:40:53,292 [Time-limited test] INFO  impl.MiniRaftCluster (MiniRaftCluster.java:setConfiguration(819)) - Start changing the configuration: [s1|rpc:0.0.0.0:46693|priority:0|startupRole:FOLLOWER, s2|rpc:0.0.0.0:36699|priority:0|startupRole:FOLLOWER, s0|rpc:localhost:46195|admin:localhost:44717|client:localhost:42765|dataStream:localhost:39399|priority:0|startupRole:FOLLOWER]
2022-10-13 10:40:53,294 [JvmPauseMonitor7] INFO  util.JvmPauseMonitor (JvmPauseMonitor.java:run(105)) - JvmPauseMonitor-s2: Started
2022-10-13 10:40:53,300 [s0-server-thread1] INFO  server.RaftServer$Division (RaftServerImpl.java:setConfigurationAsync(1185)) - s0@group-6905249F38B1: receive setConfiguration SetConfigurationRequest:client-9D900E846CEE->s0@group-6905249F38B1, cid=257, seq=0, RW, null, SET_UNCONDITIONALLY, servers:[s1|rpc:0.0.0.0:46693|dataStream:|priority:0|startupRole:FOLLOWER, s2|rpc:0.0.0.0:36699|dataStream:|priority:0|startupRole:FOLLOWER, s0|rpc:localhost:46195|admin:localhost:44717|client:localhost:42765|dataStream:localhost:39399|priority:0|startupRole:FOLLOWER], listeners:[]
2022-10-13 10:40:53,300 [s0-server-thread1] INFO  server.RaftServer$Division (LeaderStateImpl.java:startSetConfiguration(377)) - s0@group-6905249F38B1-LeaderStateImpl: startSetConfiguration SetConfigurationRequest:client-9D900E846CEE->s0@group-6905249F38B1, cid=257, seq=0, RW, null, SET_UNCONDITIONALLY, servers:[s1|rpc:0.0.0.0:46693|dataStream:|priority:0|startupRole:FOLLOWER, s2|rpc:0.0.0.0:36699|dataStream:|priority:0|startupRole:FOLLOWER, s0|rpc:localhost:46195|admin:localhost:44717|client:localhost:42765|dataStream:localhost:39399|priority:0|startupRole:FOLLOWER], listeners:[]
2022-10-13 10:40:53,301 [s0-server-thread1] INFO  server.RaftServerConfigKeys (ConfUtils.java:logGet(46)) - raft.server.log.appender.snapshot.chunk.size.max = 16MB (=16777216) (default)
2022-10-13 10:40:53,301 [s0-server-thread1] INFO  server.RaftServerConfigKeys (ConfUtils.java:logGet(46)) - raft.server.log.appender.buffer.byte-limit = 4MB (=4194304) (default)
2022-10-13 10:40:53,301 [s0-server-thread1] INFO  server.RaftServerConfigKeys (ConfUtils.java:logGet(46)) - raft.server.log.appender.buffer.element-limit = 0 (default)
2022-10-13 10:40:53,301 [s0-server-thread1] INFO  grpc.GrpcConfigKeys (ConfUtils.java:logGet(46)) - raft.grpc.server.leader.outstanding.appends.max = 128 (default)
2022-10-13 10:40:53,301 [s0-server-thread1] INFO  server.RaftServerConfigKeys (ConfUtils.java:logGet(46)) - raft.server.rpc.request.timeout = 3000ms (default)
2022-10-13 10:40:53,301 [s0-server-thread1] INFO  server.RaftServerConfigKeys (ConfUtils.java:logGet(46)) - raft.server.log.appender.install.snapshot.enabled = false (custom)
2022-10-13 10:40:53,301 [s0-server-thread1] INFO  grpc.GrpcConfigKeys (ConfUtils.java:logGet(46)) - raft.grpc.server.heartbeat.channel = true (default)
2022-10-13 10:40:53,301 [s0-server-thread1] INFO  server.RaftServerConfigKeys (ConfUtils.java:logGet(46)) - raft.server.log.appender.wait-time.min = 10ms (default)
2022-10-13 10:40:53,301 [s0-server-thread1] INFO  server.RaftServerConfigKeys (ConfUtils.java:logGet(46)) - raft.server.log.appender.snapshot.chunk.size.max = 16MB (=16777216) (default)
2022-10-13 10:40:53,302 [s0-server-thread1] INFO  server.RaftServerConfigKeys (ConfUtils.java:logGet(46)) - raft.server.log.appender.buffer.byte-limit = 4MB (=4194304) (default)
2022-10-13 10:40:53,302 [s0-server-thread1] INFO  server.RaftServerConfigKeys (ConfUtils.java:logGet(46)) - raft.server.log.appender.buffer.element-limit = 0 (default)
2022-10-13 10:40:53,302 [s0-server-thread1] INFO  grpc.GrpcConfigKeys (ConfUtils.java:logGet(46)) - raft.grpc.server.leader.outstanding.appends.max = 128 (default)
2022-10-13 10:40:53,302 [s0-server-thread1] INFO  server.RaftServerConfigKeys (ConfUtils.java:logGet(46)) - raft.server.rpc.request.timeout = 3000ms (default)
2022-10-13 10:40:53,302 [s0-server-thread1] INFO  server.RaftServerConfigKeys (ConfUtils.java:logGet(46)) - raft.server.log.appender.install.snapshot.enabled = false (custom)
2022-10-13 10:40:53,302 [s0-server-thread1] INFO  grpc.GrpcConfigKeys (ConfUtils.java:logGet(46)) - raft.grpc.server.heartbeat.channel = true (default)
2022-10-13 10:40:53,302 [s0-server-thread1] INFO  server.RaftServerConfigKeys (ConfUtils.java:logGet(46)) - raft.server.log.appender.wait-time.min = 10ms (default)
2022-10-13 10:40:53,302 [s0@group-6905249F38B1->s1-GrpcLogAppender-LogAppenderDaemon] INFO  server.GrpcLogAppender (GrpcLogAppender.java:installSnapshot(633)) - s0@group-6905249F38B1->s1-GrpcLogAppender: followerNextIndex = 0 but logStartIndex = 255, notify follower to install snapshot-(t:2, i:255)
2022-10-13 10:40:53,306 [s0@group-6905249F38B1->s1-GrpcLogAppender-LogAppenderDaemon] INFO  server.GrpcLogAppender (GrpcLogAppender.java:installSnapshot(641)) - s0@group-6905249F38B1->s1-GrpcLogAppender: send s0->s1#0-t2,notify:(t:2, i:255)
2022-10-13 10:40:53,306 [s0@group-6905249F38B1->s1-GrpcLogAppender-LogAppenderDaemon] INFO  server.GrpcServerProtocolClient (GrpcServerProtocolClient.java:<init>(63)) - Build channel for s1
2022-10-13 10:40:53,313 [s0@group-6905249F38B1->s2-GrpcLogAppender-LogAppenderDaemon] INFO  server.GrpcLogAppender (GrpcLogAppender.java:installSnapshot(633)) - s0@group-6905249F38B1->s2-GrpcLogAppender: followerNextIndex = 0 but logStartIndex = 255, notify follower to install snapshot-(t:2, i:255)
2022-10-13 10:40:53,313 [s0@group-6905249F38B1->s2-GrpcLogAppender-LogAppenderDaemon] INFO  server.GrpcLogAppender (GrpcLogAppender.java:installSnapshot(641)) - s0@group-6905249F38B1->s2-GrpcLogAppender: send s0->s2#0-t2,notify:(t:2, i:255)
2022-10-13 10:40:53,313 [s0@group-6905249F38B1->s2-GrpcLogAppender-LogAppenderDaemon] INFO  server.GrpcServerProtocolClient (GrpcServerProtocolClient.java:<init>(63)) - Build channel for s2
2022-10-13 10:40:53,341 [grpc-default-executor-2] INFO  impl.SnapshotInstallationHandler (SnapshotInstallationHandler.java:installSnapshot(89)) - s1@group-6905249F38B1: receive installSnapshot: s0->s1#0-t2,notify:(t:2, i:255)
2022-10-13 10:40:53,346 [grpc-default-executor-2] INFO  server.RaftServer$Division (ServerState.java:setLeader(259)) - s1@group-6905249F38B1: change Leader from null to s0 at term 2 for installSnapshot, leader elected after 91ms
2022-10-13 10:40:53,347 [grpc-default-executor-2] INFO  impl.SnapshotInstallationHandler (SnapshotInstallationHandler.java:notifyStateMachineToInstallSnapshot(220)) - s1@group-6905249F38B1: Received notification to install snapshot at index 255
2022-10-13 10:40:53,346 [grpc-default-executor-0] INFO  impl.SnapshotInstallationHandler (SnapshotInstallationHandler.java:installSnapshot(89)) - s2@group-6905249F38B1: receive installSnapshot: s0->s2#0-t2,notify:(t:2, i:255)
2022-10-13 10:40:53,347 [grpc-default-executor-2] INFO  impl.SnapshotInstallationHandler (SnapshotInstallationHandler.java:notifyStateMachineToInstallSnapshot(253)) - s1@group-6905249F38B1: notifyInstallSnapshot: nextIndex is 0 but the leader's first available index is 255.
2022-10-13 10:40:53,347 [grpc-default-executor-2] INFO  ratis.InstallSnapshotNotificationTests (InstallSnapshotNotificationTests.java:notifyInstallSnapshotFromLeader(104)) - s1: leaderSnapshotInfo = SingleFileSnapshotInfo(t:1, i:254):[/home/runner/work/ratis/ratis/ratis-test/target/test/data/289fef96/MiniRaftClusterWithGrpcba208ae8/s0/9857bba0-c7d0-4bab-84ff-6905249f38b1/sm/snapshot.1_254]
2022-10-13 10:40:53,348 [grpc-default-executor-2] INFO  impl.SnapshotInstallationHandler (SnapshotInstallationHandler.java:installSnapshotImpl(134)) - s1@group-6905249F38B1: set new configuration index: 255
configurationEntry {
  peers {
    id: "s0"
    address: "localhost:46195"
    dataStreamAddress: "localhost:39399"
    clientAddress: "localhost:42765"
    adminAddress: "localhost:44717"
    startupRole: FOLLOWER
  }
}
 from snapshot
2022-10-13 10:40:53,349 [grpc-default-executor-0] INFO  server.RaftServer$Division (ServerState.java:setLeader(259)) - s2@group-6905249F38B1: change Leader from null to s0 at term 2 for installSnapshot, leader elected after 87ms
2022-10-13 10:40:53,349 [grpc-default-executor-0] INFO  impl.SnapshotInstallationHandler (SnapshotInstallationHandler.java:notifyStateMachineToInstallSnapshot(220)) - s2@group-6905249F38B1: Received notification to install snapshot at index 255
2022-10-13 10:40:53,349 [grpc-default-executor-0] INFO  impl.SnapshotInstallationHandler (SnapshotInstallationHandler.java:notifyStateMachineToInstallSnapshot(253)) - s2@group-6905249F38B1: notifyInstallSnapshot: nextIndex is 0 but the leader's first available index is 255.
2022-10-13 10:40:53,353 [grpc-default-executor-0] INFO  ratis.InstallSnapshotNotificationTests (InstallSnapshotNotificationTests.java:notifyInstallSnapshotFromLeader(104)) - s2: leaderSnapshotInfo = SingleFileSnapshotInfo(t:1, i:254):[/home/runner/work/ratis/ratis/ratis-test/target/test/data/289fef96/MiniRaftClusterWithGrpcba208ae8/s0/9857bba0-c7d0-4bab-84ff-6905249f38b1/sm/snapshot.1_254]
2022-10-13 10:40:53,353 [grpc-default-executor-2] INFO  server.RaftServer$Division (ServerState.java:setRaftConf(376)) - s1@group-6905249F38B1: set configuration 255: peers:[s0|rpc:localhost:46195|admin:localhost:44717|client:localhost:42765|dataStream:localhost:39399|priority:0|startupRole:FOLLOWER]|listeners:[], old=null
2022-10-13 10:40:53,353 [grpc-default-executor-2] INFO  impl.SnapshotInstallationHandler (SnapshotInstallationHandler.java:installSnapshot(100)) - s1@group-6905249F38B1: reply installSnapshot: s0<-s1#0:FAIL-t0,IN_PROGRESS
2022-10-13 10:40:53,353 [grpc-default-executor-2] INFO  server.GrpcServerProtocolService (GrpcServerProtocolService.java:onCompleted(143)) - s1: Completed INSTALL_SNAPSHOT, lastRequest: s0->s1#0-t2,notify:(t:2, i:255)
2022-10-13 10:40:53,354 [grpc-default-executor-4] INFO  server.GrpcLogAppender (GrpcLogAppender.java:onNext(492)) - s0@group-6905249F38B1->s1-InstallSnapshotResponseHandler: received the first reply s0<-s1#0:FAIL-t0,IN_PROGRESS
2022-10-13 10:40:53,354 [grpc-default-executor-4] INFO  server.GrpcLogAppender (GrpcLogAppender.java:onNext(510)) - s0@group-6905249F38B1->s1-InstallSnapshotResponseHandler: InstallSnapshot in progress.
2022-10-13 10:40:53,364 [grpc-default-executor-0] INFO  impl.SnapshotInstallationHandler (SnapshotInstallationHandler.java:installSnapshotImpl(134)) - s2@group-6905249F38B1: set new configuration index: 255
configurationEntry {
  peers {
    id: "s0"
    address: "localhost:46195"
    dataStreamAddress: "localhost:39399"
    clientAddress: "localhost:42765"
    adminAddress: "localhost:44717"
    startupRole: FOLLOWER
  }
}
 from snapshot
2022-10-13 10:40:53,364 [grpc-default-executor-0] INFO  server.RaftServer$Division (ServerState.java:setRaftConf(376)) - s2@group-6905249F38B1: set configuration 255: peers:[s0|rpc:localhost:46195|admin:localhost:44717|client:localhost:42765|dataStream:localhost:39399|priority:0|startupRole:FOLLOWER]|listeners:[], old=null
2022-10-13 10:40:53,364 [grpc-default-executor-0] INFO  impl.SnapshotInstallationHandler (SnapshotInstallationHandler.java:installSnapshot(100)) - s2@group-6905249F38B1: reply installSnapshot: s0<-s2#0:FAIL-t0,IN_PROGRESS
2022-10-13 10:40:53,364 [grpc-default-executor-0] INFO  server.GrpcServerProtocolService (GrpcServerProtocolService.java:onCompleted(143)) - s2: Completed INSTALL_SNAPSHOT, lastRequest: s0->s2#0-t2,notify:(t:2, i:255)
2022-10-13 10:40:53,365 [s0@group-6905249F38B1->s1-GrpcLogAppender-LogAppenderDaemon] INFO  server.GrpcLogAppender (GrpcLogAppender.java:installSnapshot(633)) - s0@group-6905249F38B1->s1-GrpcLogAppender: followerNextIndex = 0 but logStartIndex = 255, notify follower to install snapshot-(t:2, i:255)
2022-10-13 10:40:53,365 [s0@group-6905249F38B1->s1-GrpcLogAppender-LogAppenderDaemon] INFO  server.GrpcLogAppender (GrpcLogAppender.java:installSnapshot(641)) - s0@group-6905249F38B1->s1-GrpcLogAppender: send s0->s1#0-t2,notify:(t:2, i:255)
2022-10-13 10:40:53,366 [grpc-default-executor-0] INFO  server.GrpcLogAppender (GrpcLogAppender.java:onNext(492)) - s0@group-6905249F38B1->s2-InstallSnapshotResponseHandler: received the first reply s0<-s2#0:FAIL-t0,IN_PROGRESS
2022-10-13 10:40:53,366 [grpc-default-executor-0] INFO  server.GrpcLogAppender (GrpcLogAppender.java:onNext(510)) - s0@group-6905249F38B1->s2-InstallSnapshotResponseHandler: InstallSnapshot in progress.
2022-10-13 10:40:53,369 [grpc-default-executor-2] INFO  impl.SnapshotInstallationHandler (SnapshotInstallationHandler.java:installSnapshot(89)) - s1@group-6905249F38B1: receive installSnapshot: s0->s1#0-t2,notify:(t:2, i:255)
2022-10-13 10:40:53,370 [grpc-default-executor-2] INFO  impl.SnapshotInstallationHandler (SnapshotInstallationHandler.java:installSnapshot(100)) - s1@group-6905249F38B1: reply installSnapshot: s0<-s1#0:FAIL-t2,IN_PROGRESS
2022-10-13 10:40:53,370 [grpc-default-executor-2] INFO  server.GrpcServerProtocolService (GrpcServerProtocolService.java:onCompleted(143)) - s1: Completed INSTALL_SNAPSHOT, lastRequest: s0->s1#0-t2,notify:(t:2, i:255)
2022-10-13 10:40:53,371 [grpc-default-executor-0] INFO  server.GrpcLogAppender (GrpcLogAppender.java:onNext(492)) - s0@group-6905249F38B1->s1-InstallSnapshotResponseHandler: received a reply s0<-s1#0:FAIL-t2,IN_PROGRESS
2022-10-13 10:40:53,371 [grpc-default-executor-0] INFO  server.GrpcLogAppender (GrpcLogAppender.java:onNext(510)) - s0@group-6905249F38B1->s1-InstallSnapshotResponseHandler: InstallSnapshot in progress.
2022-10-13 10:40:53,377 [s1-server-thread1] INFO  impl.RoleInfo (RoleInfo.java:updateAndGet(139)) - s1: start s1@group-6905249F38B1-FollowerState
2022-10-13 10:40:53,377 [s0@group-6905249F38B1->s2-GrpcLogAppender-LogAppenderDaemon] INFO  server.GrpcLogAppender (GrpcLogAppender.java:installSnapshot(633)) - s0@group-6905249F38B1->s2-GrpcLogAppender: followerNextIndex = 0 but logStartIndex = 255, notify follower to install snapshot-(t:2, i:255)
2022-10-13 10:40:53,377 [s0@group-6905249F38B1->s2-GrpcLogAppender-LogAppenderDaemon] INFO  server.GrpcLogAppender (GrpcLogAppender.java:installSnapshot(641)) - s0@group-6905249F38B1->s2-GrpcLogAppender: send s0->s2#0-t2,notify:(t:2, i:255)
2022-10-13 10:40:53,378 [grpc-default-executor-3] INFO  impl.SnapshotInstallationHandler (SnapshotInstallationHandler.java:installSnapshot(89)) - s2@group-6905249F38B1: receive installSnapshot: s0->s2#0-t2,notify:(t:2, i:255)
2022-10-13 10:40:53,379 [s1-server-thread1] INFO  server.RaftServer$Division (RaftServerImpl.java:checkInconsistentAppendEntries(1577)) - s1@group-6905249F38B1: Failed appendEntries as snapshot (255) installation is in progress
2022-10-13 10:40:53,379 [s2-server-thread1] INFO  impl.RoleInfo (RoleInfo.java:updateAndGet(139)) - s2: start s2@group-6905249F38B1-FollowerState
2022-10-13 10:40:53,379 [s1-server-thread1] INFO  server.RaftServer$Division (RaftServerImpl.java:checkInconsistentAppendEntries(1569)) - s1@group-6905249F38B1: inconsistency entries. Reply:s0<-s1#0:FAIL-t2,INCONSISTENCY,nextIndex=0,followerCommit=-1,matchIndex=-1
2022-10-13 10:40:53,380 [s2-server-thread1] INFO  server.RaftServer$Division (RaftServerImpl.java:checkInconsistentAppendEntries(1577)) - s2@group-6905249F38B1: Failed appendEntries as snapshot (255) installation is in progress
2022-10-13 10:40:53,380 [s2-server-thread1] INFO  server.RaftServer$Division (RaftServerImpl.java:checkInconsistentAppendEntries(1569)) - s2@group-6905249F38B1: inconsistency entries. Reply:s0<-s2#0:FAIL-t2,INCONSISTENCY,nextIndex=0,followerCommit=-1,matchIndex=-1
2022-10-13 10:40:53,380 [grpc-default-executor-4] INFO  leader.FollowerInfo (FollowerInfoImpl.java:lambda$new$0(48)) - s0@group-6905249F38B1->s1: nextIndex: updateUnconditionally 0 -> 0
2022-10-13 10:40:53,380 [s0@group-6905249F38B1->s1-GrpcLogAppender-LogAppenderDaemon] INFO  server.GrpcLogAppender (GrpcLogAppender.java:installSnapshot(633)) - s0@group-6905249F38B1->s1-GrpcLogAppender: followerNextIndex = 0 but logStartIndex = 255, notify follower to install snapshot-(t:2, i:255)
2022-10-13 10:40:53,380 [s0@group-6905249F38B1->s1-GrpcLogAppender-LogAppenderDaemon] INFO  server.GrpcLogAppender (GrpcLogAppender.java:installSnapshot(641)) - s0@group-6905249F38B1->s1-GrpcLogAppender: send s0->s1#0-t2,notify:(t:2, i:255)
2022-10-13 10:40:53,381 [grpc-default-executor-3] INFO  impl.SnapshotInstallationHandler (SnapshotInstallationHandler.java:installSnapshot(100)) - s2@group-6905249F38B1: reply installSnapshot: s0<-s2#0:FAIL-t2,IN_PROGRESS
2022-10-13 10:40:53,381 [grpc-default-executor-3] INFO  server.GrpcServerProtocolService (GrpcServerProtocolService.java:onCompleted(143)) - s2: Completed INSTALL_SNAPSHOT, lastRequest: s0->s2#0-t2,notify:(t:2, i:255)
2022-10-13 10:40:53,381 [s1-server-thread1] INFO  server.RaftServer$Division (RaftServerImpl.java:checkInconsistentAppendEntries(1577)) - s1@group-6905249F38B1: Failed appendEntries as snapshot (255) installation is in progress
2022-10-13 10:40:53,381 [s1-server-thread1] INFO  server.RaftServer$Division (RaftServerImpl.java:checkInconsistentAppendEntries(1569)) - s1@group-6905249F38B1: inconsistency entries. Reply:s0<-s1#1:FAIL-t2,INCONSISTENCY,nextIndex=0,followerCommit=-1,matchIndex=-1
2022-10-13 10:40:53,381 [grpc-default-executor-0] INFO  server.GrpcLogAppender (GrpcLogAppender.java:onNext(492)) - s0@group-6905249F38B1->s2-InstallSnapshotResponseHandler: received a reply s0<-s2#0:FAIL-t2,IN_PROGRESS
2022-10-13 10:40:53,381 [grpc-default-executor-0] INFO  server.GrpcLogAppender (GrpcLogAppender.java:onNext(510)) - s0@group-6905249F38B1->s2-InstallSnapshotResponseHandler: InstallSnapshot in progress.
2022-10-13 10:40:53,383 [grpc-default-executor-0] INFO  leader.FollowerInfo (FollowerInfoImpl.java:lambda$new$0(48)) - s0@group-6905249F38B1->s1: nextIndex: updateUnconditionally 0 -> 0
2022-10-13 10:40:53,383 [s2-server-thread1] INFO  server.RaftServer$Division (RaftServerImpl.java:checkInconsistentAppendEntries(1577)) - s2@group-6905249F38B1: Failed appendEntries as snapshot (255) installation is in progress
2022-10-13 10:40:53,383 [s2-server-thread1] INFO  server.RaftServer$Division (RaftServerImpl.java:checkInconsistentAppendEntries(1569)) - s2@group-6905249F38B1: inconsistency entries. Reply:s0<-s2#1:FAIL-t2,INCONSISTENCY,nextIndex=0,followerCommit=-1,matchIndex=-1
2022-10-13 10:40:53,384 [grpc-default-executor-3] INFO  leader.FollowerInfo (FollowerInfoImpl.java:lambda$new$0(48)) - s0@group-6905249F38B1->s2: nextIndex: updateUnconditionally 0 -> 0
2022-10-13 10:40:53,384 [s0@group-6905249F38B1->s2-GrpcLogAppender-LogAppenderDaemon] INFO  server.GrpcLogAppender (GrpcLogAppender.java:installSnapshot(633)) - s0@group-6905249F38B1->s2-GrpcLogAppender: followerNextIndex = 0 but logStartIndex = 255, notify follower to install snapshot-(t:2, i:255)
2022-10-13 10:40:53,384 [grpc-default-executor-2] INFO  impl.SnapshotInstallationHandler (SnapshotInstallationHandler.java:installSnapshot(89)) - s1@group-6905249F38B1: receive installSnapshot: s0->s1#0-t2,notify:(t:2, i:255)
2022-10-13 10:40:53,384 [s0@group-6905249F38B1->s2-GrpcLogAppender-LogAppenderDaemon] INFO  server.GrpcLogAppender (GrpcLogAppender.java:installSnapshot(641)) - s0@group-6905249F38B1->s2-GrpcLogAppender: send s0->s2#0-t2,notify:(t:2, i:255)
2022-10-13 10:40:53,384 [grpc-default-executor-2] INFO  impl.SnapshotInstallationHandler (SnapshotInstallationHandler.java:installSnapshot(100)) - s1@group-6905249F38B1: reply installSnapshot: s0<-s1#0:FAIL-t2,IN_PROGRESS
2022-10-13 10:40:53,384 [grpc-default-executor-2] INFO  server.GrpcServerProtocolService (GrpcServerProtocolService.java:onCompleted(143)) - s1: Completed INSTALL_SNAPSHOT, lastRequest: s0->s1#0-t2,notify:(t:2, i:255)
2022-10-13 10:40:53,385 [grpc-default-executor-0] INFO  server.GrpcLogAppender (GrpcLogAppender.java:onNext(492)) - s0@group-6905249F38B1->s1-InstallSnapshotResponseHandler: received a reply s0<-s1#0:FAIL-t2,IN_PROGRESS
2022-10-13 10:40:53,385 [grpc-default-executor-0] INFO  server.GrpcLogAppender (GrpcLogAppender.java:onNext(510)) - s0@group-6905249F38B1->s1-InstallSnapshotResponseHandler: InstallSnapshot in progress.
2022-10-13 10:40:53,385 [grpc-default-executor-2] INFO  leader.FollowerInfo (FollowerInfoImpl.java:lambda$new$0(48)) - s0@group-6905249F38B1->s2: nextIndex: updateUnconditionally 0 -> 0
2022-10-13 10:40:53,387 [s1-server-thread1] INFO  server.RaftServer$Division (RaftServerImpl.java:checkInconsistentAppendEntries(1577)) - s1@group-6905249F38B1: Failed appendEntries as snapshot (255) installation is in progress
2022-10-13 10:40:53,387 [s1-server-thread1] INFO  server.RaftServer$Division (RaftServerImpl.java:checkInconsistentAppendEntries(1569)) - s1@group-6905249F38B1: inconsistency entries. Reply:s0<-s1#2:FAIL-t2,INCONSISTENCY,nextIndex=0,followerCommit=-1,matchIndex=-1
2022-10-13 10:40:53,388 [grpc-default-executor-2] INFO  impl.SnapshotInstallationHandler (SnapshotInstallationHandler.java:installSnapshot(89)) - s2@group-6905249F38B1: receive installSnapshot: s0->s2#0-t2,notify:(t:2, i:255)
2022-10-13 10:40:53,388 [grpc-default-executor-2] INFO  impl.SnapshotInstallationHandler (SnapshotInstallationHandler.java:installSnapshot(100)) - s2@group-6905249F38B1: reply installSnapshot: s0<-s2#0:FAIL-t2,IN_PROGRESS
2022-10-13 10:40:53,388 [grpc-default-executor-2] INFO  server.GrpcServerProtocolService (GrpcServerProtocolService.java:onCompleted(143)) - s2: Completed INSTALL_SNAPSHOT, lastRequest: s0->s2#0-t2,notify:(t:2, i:255)
2022-10-13 10:40:53,389 [grpc-default-executor-0] INFO  server.GrpcLogAppender (GrpcLogAppender.java:onNext(492)) - s0@group-6905249F38B1->s2-InstallSnapshotResponseHandler: received a reply s0<-s2#0:FAIL-t2,IN_PROGRESS
2022-10-13 10:40:53,389 [grpc-default-executor-0] INFO  server.GrpcLogAppender (GrpcLogAppender.java:onNext(510)) - s0@group-6905249F38B1->s2-InstallSnapshotResponseHandler: InstallSnapshot in progress.
2022-10-13 10:40:53,389 [grpc-default-executor-2] INFO  leader.FollowerInfo (FollowerInfoImpl.java:lambda$new$0(48)) - s0@group-6905249F38B1->s1: nextIndex: updateUnconditionally 0 -> 0
2022-10-13 10:40:53,389 [s0@group-6905249F38B1->s1-GrpcLogAppender-LogAppenderDaemon] INFO  server.GrpcLogAppender (GrpcLogAppender.java:installSnapshot(633)) - s0@group-6905249F38B1->s1-GrpcLogAppender: followerNextIndex = 0 but logStartIndex = 255, notify follower to install snapshot-(t:2, i:255)
2022-10-13 10:40:53,389 [s0@group-6905249F38B1->s1-GrpcLogAppender-LogAppenderDaemon] INFO  server.GrpcLogAppender (GrpcLogAppender.java:installSnapshot(641)) - s0@group-6905249F38B1->s1-GrpcLogAppender: send s0->s1#0-t2,notify:(t:2, i:255)
2022-10-13 10:40:53,389 [s2-server-thread1] INFO  server.RaftServer$Division (RaftServerImpl.java:checkInconsistentAppendEntries(1577)) - s2@group-6905249F38B1: Failed appendEntries as snapshot (255) installation is in progress
2022-10-13 10:40:53,389 [s2-server-thread1] INFO  server.RaftServer$Division (RaftServerImpl.java:checkInconsistentAppendEntries(1569)) - s2@group-6905249F38B1: inconsistency entries. Reply:s0<-s2#2:FAIL-t2,INCONSISTENCY,nextIndex=0,followerCommit=-1,matchIndex=-1
2022-10-13 10:40:53,390 [grpc-default-executor-3] INFO  leader.FollowerInfo (FollowerInfoImpl.java:lambda$new$0(48)) - s0@group-6905249F38B1->s2: nextIndex: updateUnconditionally 0 -> 0
2022-10-13 10:40:53,390 [s0@group-6905249F38B1->s2-GrpcLogAppender-LogAppenderDaemon] INFO  server.GrpcLogAppender (GrpcLogAppender.java:installSnapshot(633)) - s0@group-6905249F38B1->s2-GrpcLogAppender: followerNextIndex = 0 but logStartIndex = 255, notify follower to install snapshot-(t:2, i:255)
2022-10-13 10:40:53,390 [grpc-default-executor-2] INFO  impl.SnapshotInstallationHandler (SnapshotInstallationHandler.java:installSnapshot(89)) - s1@group-6905249F38B1: receive installSnapshot: s0->s1#0-t2,notify:(t:2, i:255)
2022-10-13 10:40:53,391 [grpc-default-executor-2] INFO  impl.SnapshotInstallationHandler (SnapshotInstallationHandler.java:installSnapshot(100)) - s1@group-6905249F38B1: reply installSnapshot: s0<-s1#0:FAIL-t2,IN_PROGRESS
2022-10-13 10:40:53,391 [grpc-default-executor-2] INFO  server.GrpcServerProtocolService (GrpcServerProtocolService.java:onCompleted(143)) - s1: Completed INSTALL_SNAPSHOT, lastRequest: s0->s1#0-t2,notify:(t:2, i:255)
2022-10-13 10:40:53,391 [s0@group-6905249F38B1->s2-GrpcLogAppender-LogAppenderDaemon] INFO  server.GrpcLogAppender (GrpcLogAppender.java:installSnapshot(641)) - s0@group-6905249F38B1->s2-GrpcLogAppender: send s0->s2#0-t2,notify:(t:2, i:255)
2022-10-13 10:40:53,392 [grpc-default-executor-3] INFO  server.GrpcLogAppender (GrpcLogAppender.java:onNext(492)) - s0@group-6905249F38B1->s1-InstallSnapshotResponseHandler: received a reply s0<-s1#0:FAIL-t2,IN_PROGRESS
2022-10-13 10:40:53,392 [grpc-default-executor-3] INFO  server.GrpcLogAppender (GrpcLogAppender.java:onNext(510)) - s0@group-6905249F38B1->s1-InstallSnapshotResponseHandler: InstallSnapshot in progress.
2022-10-13 10:40:53,393 [grpc-default-executor-3] INFO  impl.SnapshotInstallationHandler (SnapshotInstallationHandler.java:installSnapshot(89)) - s2@group-6905249F38B1: receive installSnapshot: s0->s2#0-t2,notify:(t:2, i:255)
2022-10-13 10:40:53,393 [grpc-default-executor-3] INFO  impl.SnapshotInstallationHandler (SnapshotInstallationHandler.java:installSnapshot(100)) - s2@group-6905249F38B1: reply installSnapshot: s0<-s2#0:FAIL-t2,IN_PROGRESS
2022-10-13 10:40:53,393 [grpc-default-executor-3] INFO  server.GrpcServerProtocolService (GrpcServerProtocolService.java:onCompleted(143)) - s2: Completed INSTALL_SNAPSHOT, lastRequest: s0->s2#0-t2,notify:(t:2, i:255)
2022-10-13 10:40:53,393 [s1-server-thread1] INFO  server.RaftServer$Division (RaftServerImpl.java:checkInconsistentAppendEntries(1577)) - s1@group-6905249F38B1: Failed appendEntries as snapshot (255) installation is in progress
2022-10-13 10:40:53,393 [s1-server-thread1] INFO  server.RaftServer$Division (RaftServerImpl.java:checkInconsistentAppendEntries(1569)) - s1@group-6905249F38B1: inconsistency entries. Reply:s0<-s1#3:FAIL-t2,INCONSISTENCY,nextIndex=0,followerCommit=-1,matchIndex=-1
2022-10-13 10:40:53,394 [grpc-default-executor-2] INFO  server.GrpcLogAppender (GrpcLogAppender.java:onNext(492)) - s0@group-6905249F38B1->s2-InstallSnapshotResponseHandler: received a reply s0<-s2#0:FAIL-t2,IN_PROGRESS
2022-10-13 10:40:53,394 [grpc-default-executor-2] INFO  server.GrpcLogAppender (GrpcLogAppender.java:onNext(510)) - s0@group-6905249F38B1->s2-InstallSnapshotResponseHandler: InstallSnapshot in progress.
2022-10-13 10:40:53,394 [grpc-default-executor-3] INFO  leader.FollowerInfo (FollowerInfoImpl.java:lambda$new$0(48)) - s0@group-6905249F38B1->s1: nextIndex: updateUnconditionally 0 -> 0
2022-10-13 10:40:53,394 [s0@group-6905249F38B1->s1-GrpcLogAppender-LogAppenderDaemon] INFO  server.GrpcLogAppender (GrpcLogAppender.java:installSnapshot(633)) - s0@group-6905249F38B1->s1-GrpcLogAppender: followerNextIndex = 0 but logStartIndex = 255, notify follower to install snapshot-(t:2, i:255)
2022-10-13 10:40:53,394 [s0@group-6905249F38B1->s1-GrpcLogAppender-LogAppenderDaemon] INFO  server.GrpcLogAppender (GrpcLogAppender.java:installSnapshot(641)) - s0@group-6905249F38B1->s1-GrpcLogAppender: send s0->s1#0-t2,notify:(t:2, i:255)
2022-10-13 10:40:53,394 [s2-server-thread1] INFO  server.RaftServer$Division (RaftServerImpl.java:checkInconsistentAppendEntries(1577)) - s2@group-6905249F38B1: Failed appendEntries as snapshot (255) installation is in progress
2022-10-13 10:40:53,394 [s2-server-thread1] INFO  server.RaftServer$Division (RaftServerImpl.java:checkInconsistentAppendEntries(1569)) - s2@group-6905249F38B1: inconsistency entries. Reply:s0<-s2#3:FAIL-t2,INCONSISTENCY,nextIndex=0,followerCommit=-1,matchIndex=-1
2022-10-13 10:40:53,395 [grpc-default-executor-3] INFO  leader.FollowerInfo (FollowerInfoImpl.java:lambda$new$0(48)) - s0@group-6905249F38B1->s2: nextIndex: updateUnconditionally 0 -> 0
2022-10-13 10:40:53,395 [grpc-default-executor-2] INFO  impl.SnapshotInstallationHandler (SnapshotInstallationHandler.java:installSnapshot(89)) - s1@group-6905249F38B1: receive installSnapshot: s0->s1#0-t2,notify:(t:2, i:255)
2022-10-13 10:40:53,395 [s0@group-6905249F38B1->s2-GrpcLogAppender-LogAppenderDaemon] INFO  server.GrpcLogAppender (GrpcLogAppender.java:installSnapshot(633)) - s0@group-6905249F38B1->s2-GrpcLogAppender: followerNextIndex = 0 but logStartIndex = 255, notify follower to install snapshot-(t:2, i:255)
2022-10-13 10:40:53,395 [grpc-default-executor-2] INFO  impl.SnapshotInstallationHandler (SnapshotInstallationHandler.java:installSnapshot(100)) - s1@group-6905249F38B1: reply installSnapshot: s0<-s1#0:FAIL-t2,IN_PROGRESS
2022-10-13 10:40:53,395 [s0@group-6905249F38B1->s2-GrpcLogAppender-LogAppenderDaemon] INFO  server.GrpcLogAppender (GrpcLogAppender.java:installSnapshot(641)) - s0@group-6905249F38B1->s2-GrpcLogAppender: send s0->s2#0-t2,notify:(t:2, i:255)
2022-10-13 10:40:53,395 [grpc-default-executor-2] INFO  server.GrpcServerProtocolService (GrpcServerProtocolService.java:onCompleted(143)) - s1: Completed INSTALL_SNAPSHOT, lastRequest: s0->s1#0-t2,notify:(t:2, i:255)
2022-10-13 10:40:53,397 [grpc-default-executor-3] INFO  impl.SnapshotInstallationHandler (SnapshotInstallationHandler.java:installSnapshot(89)) - s2@group-6905249F38B1: receive installSnapshot: s0->s2#0-t2,notify:(t:2, i:255)
2022-10-13 10:40:53,397 [grpc-default-executor-3] INFO  impl.SnapshotInstallationHandler (SnapshotInstallationHandler.java:installSnapshot(100)) - s2@group-6905249F38B1: reply installSnapshot: s0<-s2#0:FAIL-t2,IN_PROGRESS
2022-10-13 10:40:53,397 [grpc-default-executor-3] INFO  server.GrpcServerProtocolService (GrpcServerProtocolService.java:onCompleted(143)) - s2: Completed INSTALL_SNAPSHOT, lastRequest: s0->s2#0-t2,notify:(t:2, i:255)
2022-10-13 10:40:53,397 [grpc-default-executor-2] INFO  server.GrpcLogAppender (GrpcLogAppender.java:onNext(492)) - s0@group-6905249F38B1->s1-InstallSnapshotResponseHandler: received a reply s0<-s1#0:FAIL-t2,IN_PROGRESS
2022-10-13 10:40:53,397 [grpc-default-executor-2] INFO  server.GrpcLogAppender (GrpcLogAppender.java:onNext(510)) - s0@group-6905249F38B1->s1-InstallSnapshotResponseHandler: InstallSnapshot in progress.
2022-10-13 10:40:53,397 [grpc-default-executor-3] INFO  server.GrpcLogAppender (GrpcLogAppender.java:onNext(492)) - s0@group-6905249F38B1->s2-InstallSnapshotResponseHandler: received a reply s0<-s2#0:FAIL-t2,IN_PROGRESS
2022-10-13 10:40:53,398 [grpc-default-executor-3] INFO  server.GrpcLogAppender (GrpcLogAppender.java:onNext(510)) - s0@group-6905249F38B1->s2-InstallSnapshotResponseHandler: InstallSnapshot in progress.
2022-10-13 10:40:53,398 [s1-server-thread1] INFO  server.RaftServer$Division (RaftServerImpl.java:checkInconsistentAppendEntries(1577)) - s1@group-6905249F38B1: Failed appendEntries as snapshot (255) installation is in progress
2022-10-13 10:40:53,398 [s1-server-thread1] INFO  server.RaftServer$Division (RaftServerImpl.java:checkInconsistentAppendEntries(1569)) - s1@group-6905249F38B1: inconsistency entries. Reply:s0<-s1#4:FAIL-t2,INCONSISTENCY,nextIndex=0,followerCommit=-1,matchIndex=-1
2022-10-13 10:40:53,399 [s2-server-thread1] INFO  server.RaftServer$Division (RaftServerImpl.java:checkInconsistentAppendEntries(1577)) - s2@group-6905249F38B1: Failed appendEntries as snapshot (255) installation is in progress
2022-10-13 10:40:53,399 [s2-server-thread1] INFO  server.RaftServer$Division (RaftServerImpl.java:checkInconsistentAppendEntries(1569)) - s2@group-6905249F38B1: inconsistency entries. Reply:s0<-s2#4:FAIL-t2,INCONSISTENCY,nextIndex=0,followerCommit=-1,matchIndex=-1
2022-10-13 10:40:53,399 [grpc-default-executor-3] INFO  leader.FollowerInfo (FollowerInfoImpl.java:lambda$new$0(48)) - s0@group-6905249F38B1->s1: nextIndex: updateUnconditionally 0 -> 0
2022-10-13 10:40:53,399 [s0@group-6905249F38B1->s1-GrpcLogAppender-LogAppenderDaemon] INFO  server.GrpcLogAppender (GrpcLogAppender.java:installSnapshot(633)) - s0@group-6905249F38B1->s1-GrpcLogAppender: followerNextIndex = 0 but logStartIndex = 255, notify follower to install snapshot-(t:2, i:255)
2022-10-13 10:40:53,399 [s0@group-6905249F38B1->s1-GrpcLogAppender-LogAppenderDaemon] INFO  server.GrpcLogAppender (GrpcLogAppender.java:installSnapshot(641)) - s0@group-6905249F38B1->s1-GrpcLogAppender: send s0->s1#0-t2,notify:(t:2, i:255)
2022-10-13 10:40:53,400 [grpc-default-executor-2] INFO  leader.FollowerInfo (FollowerInfoImpl.java:lambda$new$0(48)) - s0@group-6905249F38B1->s2: nextIndex: updateUnconditionally 0 -> 0
2022-10-13 10:40:53,400 [s0@group-6905249F38B1->s2-GrpcLogAppender-LogAppenderDaemon] INFO  server.GrpcLogAppender (GrpcLogAppender.java:installSnapshot(633)) - s0@group-6905249F38B1->s2-GrpcLogAppender: followerNextIndex = 0 but logStartIndex = 255, notify follower to install snapshot-(t:2, i:255)
2022-10-13 10:40:53,400 [s0@group-6905249F38B1->s2-GrpcLogAppender-LogAppenderDaemon] INFO  server.GrpcLogAppender (GrpcLogAppender.java:installSnapshot(641)) - s0@group-6905249F38B1->s2-GrpcLogAppender: send s0->s2#0-t2,notify:(t:2, i:255)
2022-10-13 10:40:53,401 [grpc-default-executor-2] INFO  impl.SnapshotInstallationHandler (SnapshotInstallationHandler.java:installSnapshot(89)) - s1@group-6905249F38B1: receive installSnapshot: s0->s1#0-t2,notify:(t:2, i:255)
2022-10-13 10:40:53,401 [grpc-default-executor-2] INFO  impl.SnapshotInstallationHandler (SnapshotInstallationHandler.java:installSnapshot(100)) - s1@group-6905249F38B1: reply installSnapshot: s0<-s1#0:FAIL-t2,IN_PROGRESS
2022-10-13 10:40:53,401 [grpc-default-executor-2] INFO  server.GrpcServerProtocolService (GrpcServerProtocolService.java:onCompleted(143)) - s1: Completed INSTALL_SNAPSHOT, lastRequest: s0->s1#0-t2,notify:(t:2, i:255)
2022-10-13 10:40:53,402 [grpc-default-executor-2] INFO  impl.SnapshotInstallationHandler (SnapshotInstallationHandler.java:installSnapshot(89)) - s2@group-6905249F38B1: receive installSnapshot: s0->s2#0-t2,notify:(t:2, i:255)
2022-10-13 10:40:53,402 [grpc-default-executor-3] INFO  server.GrpcLogAppender (GrpcLogAppender.java:onNext(492)) - s0@group-6905249F38B1->s1-InstallSnapshotResponseHandler: received a reply s0<-s1#0:FAIL-t2,IN_PROGRESS
2022-10-13 10:40:53,402 [grpc-default-executor-3] INFO  server.GrpcLogAppender (GrpcLogAppender.java:onNext(510)) - s0@group-6905249F38B1->s1-InstallSnapshotResponseHandler: InstallSnapshot in progress.
2022-10-13 10:40:53,402 [grpc-default-executor-2] INFO  impl.SnapshotInstallationHandler (SnapshotInstallationHandler.java:installSnapshot(100)) - s2@group-6905249F38B1: reply installSnapshot: s0<-s2#0:FAIL-t2,IN_PROGRESS
2022-10-13 10:40:53,402 [grpc-default-executor-2] INFO  server.GrpcServerProtocolService (GrpcServerProtocolService.java:onCompleted(143)) - s2: Completed INSTALL_SNAPSHOT, lastRequest: s0->s2#0-t2,notify:(t:2, i:255)
2022-10-13 10:40:53,403 [grpc-default-executor-3] INFO  server.GrpcLogAppender (GrpcLogAppender.java:onNext(492)) - s0@group-6905249F38B1->s2-InstallSnapshotResponseHandler: received a reply s0<-s2#0:FAIL-t2,IN_PROGRESS
2022-10-13 10:40:53,403 [grpc-default-executor-3] INFO  server.GrpcLogAppender (GrpcLogAppender.java:onNext(510)) - s0@group-6905249F38B1->s2-InstallSnapshotResponseHandler: InstallSnapshot in progress.
2022-10-13 10:40:53,403 [s1-server-thread1] INFO  server.RaftServer$Division (RaftServerImpl.java:checkInconsistentAppendEntries(1577)) - s1@group-6905249F38B1: Failed appendEntries as snapshot (255) installation is in progress
2022-10-13 10:40:53,403 [s1-server-thread1] INFO  server.RaftServer$Division (RaftServerImpl.java:checkInconsistentAppendEntries(1569)) - s1@group-6905249F38B1: inconsistency entries. Reply:s0<-s1#5:FAIL-t2,INCONSISTENCY,nextIndex=0,followerCommit=-1,matchIndex=-1
2022-10-13 10:40:53,404 [s2-server-thread1] INFO  server.RaftServer$Division (RaftServerImpl.java:checkInconsistentAppendEntries(1577)) - s2@group-6905249F38B1: Failed appendEntries as snapshot (255) installation is in progress
2022-10-13 10:40:53,404 [s2-server-thread1] INFO  server.RaftServer$Division (RaftServerImpl.java:checkInconsistentAppendEntries(1569)) - s2@group-6905249F38B1: inconsistency entries. Reply:s0<-s2#5:FAIL-t2,INCONSISTENCY,nextIndex=0,followerCommit=-1,matchIndex=-1
2022-10-13 10:40:53,404 [grpc-default-executor-3] INFO  leader.FollowerInfo (FollowerInfoImpl.java:lambda$new$0(48)) - s0@group-6905249F38B1->s1: nextIndex: updateUnconditionally 0 -> 0
2022-10-13 10:40:53,404 [s0@group-6905249F38B1->s1-GrpcLogAppender-LogAppenderDaemon] INFO  server.GrpcLogAppender (GrpcLogAppender.java:installSnapshot(633)) - s0@group-6905249F38B1->s1-GrpcLogAppender: followerNextIndex = 0 but logStartIndex = 255, notify follower to install snapshot-(t:2, i:255)
2022-10-13 10:40:53,404 [s0@group-6905249F38B1->s1-GrpcLogAppender-LogAppenderDaemon] INFO  server.GrpcLogAppender (GrpcLogAppender.java:installSnapshot(641)) - s0@group-6905249F38B1->s1-GrpcLogAppender: send s0->s1#0-t2,notify:(t:2, i:255)
2022-10-13 10:40:53,404 [grpc-default-executor-2] INFO  leader.FollowerInfo (FollowerInfoImpl.java:lambda$new$0(48)) - s0@group-6905249F38B1->s2: nextIndex: updateUnconditionally 0 -> 0
2022-10-13 10:40:53,405 [s0@group-6905249F38B1->s2-GrpcLogAppender-LogAppenderDaemon] INFO  server.GrpcLogAppender (GrpcLogAppender.java:installSnapshot(633)) - s0@group-6905249F38B1->s2-GrpcLogAppender: followerNextIndex = 0 but logStartIndex = 255, notify follower to install snapshot-(t:2, i:255)
2022-10-13 10:40:53,405 [s0@group-6905249F38B1->s2-GrpcLogAppender-LogAppenderDaemon] INFO  server.GrpcLogAppender (GrpcLogAppender.java:installSnapshot(641)) - s0@group-6905249F38B1->s2-GrpcLogAppender: send s0->s2#0-t2,notify:(t:2, i:255)
2022-10-13 10:40:53,405 [grpc-default-executor-0] INFO  impl.SnapshotInstallationHandler (SnapshotInstallationHandler.java:installSnapshot(89)) - s1@group-6905249F38B1: receive installSnapshot: s0->s1#0-t2,notify:(t:2, i:255)
2022-10-13 10:40:53,406 [grpc-default-executor-0] INFO  impl.SnapshotInstallationHandler (SnapshotInstallationHandler.java:installSnapshot(100)) - s1@group-6905249F38B1: reply installSnapshot: s0<-s1#0:FAIL-t2,IN_PROGRESS
2022-10-13 10:40:53,406 [grpc-default-executor-0] INFO  server.GrpcServerProtocolService (GrpcServerProtocolService.java:onCompleted(143)) - s1: Completed INSTALL_SNAPSHOT, lastRequest: s0->s1#0-t2,notify:(t:2, i:255)
2022-10-13 10:40:53,406 [grpc-default-executor-3] INFO  server.GrpcLogAppender (GrpcLogAppender.java:onNext(492)) - s0@group-6905249F38B1->s1-InstallSnapshotResponseHandler: received a reply s0<-s1#0:FAIL-t2,IN_PROGRESS
2022-10-13 10:40:53,407 [grpc-default-executor-3] INFO  server.GrpcLogAppender (GrpcLogAppender.java:onNext(510)) - s0@group-6905249F38B1->s1-InstallSnapshotResponseHandler: InstallSnapshot in progress.
2022-10-13 10:40:53,407 [grpc-default-executor-3] INFO  impl.SnapshotInstallationHandler (SnapshotInstallationHandler.java:installSnapshot(89)) - s2@group-6905249F38B1: receive installSnapshot: s0->s2#0-t2,notify:(t:2, i:255)
2022-10-13 10:40:53,407 [grpc-default-executor-3] INFO  impl.SnapshotInstallationHandler (SnapshotInstallationHandler.java:installSnapshot(100)) - s2@group-6905249F38B1: reply installSnapshot: s0<-s2#0:FAIL-t2,IN_PROGRESS
2022-10-13 10:40:53,408 [grpc-default-executor-3] INFO  server.GrpcServerProtocolService (GrpcServerProtocolService.java:onCompleted(143)) - s2: Completed INSTALL_SNAPSHOT, lastRequest: s0->s2#0-t2,notify:(t:2, i:255)
2022-10-13 10:40:53,408 [s1-server-thread1] INFO  server.RaftServer$Division (RaftServerImpl.java:checkInconsistentAppendEntries(1577)) - s1@group-6905249F38B1: Failed appendEntries as snapshot (255) installation is in progress
2022-10-13 10:40:53,408 [s1-server-thread1] INFO  server.RaftServer$Division (RaftServerImpl.java:checkInconsistentAppendEntries(1569)) - s1@group-6905249F38B1: inconsistency entries. Reply:s0<-s1#6:FAIL-t2,INCONSISTENCY,nextIndex=0,followerCommit=-1,matchIndex=-1
2022-10-13 10:40:53,408 [grpc-default-executor-2] INFO  server.GrpcLogAppender (GrpcLogAppender.java:onNext(492)) - s0@group-6905249F38B1->s2-InstallSnapshotResponseHandler: received a reply s0<-s2#0:FAIL-t2,IN_PROGRESS
2022-10-13 10:40:53,408 [grpc-default-executor-0] INFO  leader.FollowerInfo (FollowerInfoImpl.java:lambda$new$0(48)) - s0@group-6905249F38B1->s1: nextIndex: updateUnconditionally 0 -> 0
2022-10-13 10:40:53,408 [grpc-default-executor-2] INFO  server.GrpcLogAppender (GrpcLogAppender.java:onNext(510)) - s0@group-6905249F38B1->s2-InstallSnapshotResponseHandler: InstallSnapshot in progress.
2022-10-13 10:40:53,408 [s0@group-6905249F38B1->s1-GrpcLogAppender-LogAppenderDaemon] INFO  server.GrpcLogAppender (GrpcLogAppender.java:installSnapshot(633)) - s0@group-6905249F38B1->s1-GrpcLogAppender: followerNextIndex = 0 but logStartIndex = 255, notify follower to install snapshot-(t:2, i:255)
2022-10-13 10:40:53,408 [s0@group-6905249F38B1->s1-GrpcLogAppender-LogAppenderDaemon] INFO  server.GrpcLogAppender (GrpcLogAppender.java:installSnapshot(641)) - s0@group-6905249F38B1->s1-GrpcLogAppender: send s0->s1#0-t2,notify:(t:2, i:255)
2022-10-13 10:40:53,409 [s2-server-thread1] INFO  server.RaftServer$Division (RaftServerImpl.java:checkInconsistentAppendEntries(1577)) - s2@group-6905249F38B1: Failed appendEntries as snapshot (255) installation is in progress
2022-10-13 10:40:53,409 [s2-server-thread1] INFO  server.RaftServer$Division (RaftServerImpl.java:checkInconsistentAppendEntries(1569)) - s2@group-6905249F38B1: inconsistency entries. Reply:s0<-s2#6:FAIL-t2,INCONSISTENCY,nextIndex=0,followerCommit=-1,matchIndex=-1
2022-10-13 10:40:53,409 [grpc-default-executor-3] INFO  impl.SnapshotInstallationHandler (SnapshotInstallationHandler.java:installSnapshot(89)) - s1@group-6905249F38B1: receive installSnapshot: s0->s1#0-t2,notify:(t:2, i:255)
2022-10-13 10:40:53,409 [grpc-default-executor-3] INFO  impl.SnapshotInstallationHandler (SnapshotInstallationHandler.java:installSnapshot(100)) - s1@group-6905249F38B1: reply installSnapshot: s0<-s1#0:FAIL-t2,IN_PROGRESS
2022-10-13 10:40:53,410 [grpc-default-executor-2] INFO  server.GrpcLogAppender (GrpcLogAppender.java:onNext(492)) - s0@group-6905249F38B1->s1-InstallSnapshotResponseHandler: received a reply s0<-s1#0:FAIL-t2,IN_PROGRESS
2022-10-13 10:40:53,410 [grpc-default-executor-2] INFO  server.GrpcLogAppender (GrpcLogAppender.java:onNext(510)) - s0@group-6905249F38B1->s1-InstallSnapshotResponseHandler: InstallSnapshot in progress.
2022-10-13 10:40:53,410 [grpc-default-executor-3] INFO  server.GrpcServerProtocolService (GrpcServerProtocolService.java:onCompleted(143)) - s1: Completed INSTALL_SNAPSHOT, lastRequest: s0->s1#0-t2,notify:(t:2, i:255)
2022-10-13 10:40:53,410 [grpc-default-executor-2] INFO  leader.FollowerInfo (FollowerInfoImpl.java:lambda$new$0(48)) - s0@group-6905249F38B1->s2: nextIndex: updateUnconditionally 0 -> 0
2022-10-13 10:40:53,410 [s0@group-6905249F38B1->s2-GrpcLogAppender-LogAppenderDaemon] INFO  server.GrpcLogAppender (GrpcLogAppender.java:installSnapshot(633)) - s0@group-6905249F38B1->s2-GrpcLogAppender: followerNextIndex = 0 but logStartIndex = 255, notify follower to install snapshot-(t:2, i:255)
2022-10-13 10:40:53,410 [s0@group-6905249F38B1->s2-GrpcLogAppender-LogAppenderDaemon] INFO  server.GrpcLogAppender (GrpcLogAppender.java:installSnapshot(641)) - s0@group-6905249F38B1->s2-GrpcLogAppender: send s0->s2#0-t2,notify:(t:2, i:255)
2022-10-13 10:40:53,416 [s1-server-thread1] INFO  server.RaftServer$Division (RaftServerImpl.java:checkInconsistentAppendEntries(1577)) - s1@group-6905249F38B1: Failed appendEntries as snapshot (255) installation is in progress
2022-10-13 10:40:53,416 [s1-server-thread1] INFO  server.RaftServer$Division (RaftServerImpl.java:checkInconsistentAppendEntries(1569)) - s1@group-6905249F38B1: inconsistency entries. Reply:s0<-s1#7:FAIL-t2,INCONSISTENCY,nextIndex=0,followerCommit=-1,matchIndex=-1
2022-10-13 10:40:53,417 [grpc-default-executor-3] INFO  leader.FollowerInfo (FollowerInfoImpl.java:lambda$new$0(48)) - s0@group-6905249F38B1->s1: nextIndex: updateUnconditionally 0 -> 0
2022-10-13 10:40:53,417 [s0@group-6905249F38B1->s1-GrpcLogAppender-LogAppenderDaemon] INFO  server.GrpcLogAppender (GrpcLogAppender.java:installSnapshot(633)) - s0@group-6905249F38B1->s1-GrpcLogAppender: followerNextIndex = 0 but logStartIndex = 255, notify follower to install snapshot-(t:2, i:255)
2022-10-13 10:40:53,417 [grpc-default-executor-3] INFO  impl.SnapshotInstallationHandler (SnapshotInstallationHandler.java:installSnapshot(89)) - s2@group-6905249F38B1: receive installSnapshot: s0->s2#0-t2,notify:(t:2, i:255)
2022-10-13 10:40:53,417 [s0@group-6905249F38B1->s1-GrpcLogAppender-LogAppenderDaemon] INFO  server.GrpcLogAppender (GrpcLogAppender.java:installSnapshot(641)) - s0@group-6905249F38B1->s1-GrpcLogAppender: send s0->s1#0-t2,notify:(t:2, i:255)
2022-10-13 10:40:53,417 [grpc-default-executor-3] INFO  impl.SnapshotInstallationHandler (SnapshotInstallationHandler.java:installSnapshot(100)) - s2@group-6905249F38B1: reply installSnapshot: s0<-s2#0:FAIL-t2,IN_PROGRESS
2022-10-13 10:40:53,418 [grpc-default-executor-2] INFO  server.GrpcServerProtocolService (GrpcServerProtocolService.java:onCompleted(143)) - s2: Completed INSTALL_SNAPSHOT, lastRequest: s0->s2#0-t2,notify:(t:2, i:255)
2022-10-13 10:40:53,418 [grpc-default-executor-3] INFO  server.GrpcLogAppender (GrpcLogAppender.java:onNext(492)) - s0@group-6905249F38B1->s2-InstallSnapshotResponseHandler: received a reply s0<-s2#0:FAIL-t2,IN_PROGRESS
2022-10-13 10:40:53,418 [grpc-default-executor-3] INFO  server.GrpcLogAppender (GrpcLogAppender.java:onNext(510)) - s0@group-6905249F38B1->s2-InstallSnapshotResponseHandler: InstallSnapshot in progress.
2022-10-13 10:40:53,419 [grpc-default-executor-3] INFO  impl.SnapshotInstallationHandler (SnapshotInstallationHandler.java:installSnapshot(89)) - s1@group-6905249F38B1: receive installSnapshot: s0->s1#0-t2,notify:(t:2, i:255)
2022-10-13 10:40:53,419 [grpc-default-executor-3] INFO  impl.SnapshotInstallationHandler (SnapshotInstallationHandler.java:installSnapshot(100)) - s1@group-6905249F38B1: reply installSnapshot: s0<-s1#0:FAIL-t2,IN_PROGRESS
2022-10-13 10:40:53,419 [grpc-default-executor-3] INFO  server.GrpcServerProtocolService (GrpcServerProtocolService.java:onCompleted(143)) - s1: Completed INSTALL_SNAPSHOT, lastRequest: s0->s1#0-t2,notify:(t:2, i:255)
2022-10-13 10:40:53,419 [grpc-default-executor-0] INFO  server.GrpcLogAppender (GrpcLogAppender.java:onNext(492)) - s0@group-6905249F38B1->s1-InstallSnapshotResponseHandler: received a reply s0<-s1#0:FAIL-t2,IN_PROGRESS
2022-10-13 10:40:53,420 [grpc-default-executor-0] INFO  server.GrpcLogAppender (GrpcLogAppender.java:onNext(510)) - s0@group-6905249F38B1->s1-InstallSnapshotResponseHandler: InstallSnapshot in progress.
2022-10-13 10:40:53,420 [s2-server-thread1] INFO  server.RaftServer$Division (RaftServerImpl.java:checkInconsistentAppendEntries(1577)) - s2@group-6905249F38B1: Failed appendEntries as snapshot (255) installation is in progress
2022-10-13 10:40:53,420 [s2-server-thread1] INFO  server.RaftServer$Division (RaftServerImpl.java:checkInconsistentAppendEntries(1569)) - s2@group-6905249F38B1: inconsistency entries. Reply:s0<-s2#7:FAIL-t2,INCONSISTENCY,nextIndex=0,followerCommit=-1,matchIndex=-1
2022-10-13 10:40:53,420 [s1-server-thread1] INFO  server.RaftServer$Division (RaftServerImpl.java:checkInconsistentAppendEntries(1577)) - s1@group-6905249F38B1: Failed appendEntries as snapshot (255) installation is in progress
2022-10-13 10:40:53,420 [s1-server-thread1] INFO  server.RaftServer$Division (RaftServerImpl.java:checkInconsistentAppendEntries(1569)) - s1@group-6905249F38B1: inconsistency entries. Reply:s0<-s1#8:FAIL-t2,INCONSISTENCY,nextIndex=0,followerCommit=-1,matchIndex=-1
2022-10-13 10:40:53,420 [grpc-default-executor-3] INFO  leader.FollowerInfo (FollowerInfoImpl.java:lambda$new$0(48)) - s0@group-6905249F38B1->s2: nextIndex: updateUnconditionally 0 -> 0
2022-10-13 10:40:53,421 [s0@group-6905249F38B1->s2-GrpcLogAppender-LogAppenderDaemon] INFO  server.GrpcLogAppender (GrpcLogAppender.java:installSnapshot(633)) - s0@group-6905249F38B1->s2-GrpcLogAppender: followerNextIndex = 0 but logStartIndex = 255, notify follower to install snapshot-(t:2, i:255)
2022-10-13 10:40:53,421 [s0@group-6905249F38B1->s2-GrpcLogAppender-LogAppenderDaemon] INFO  server.GrpcLogAppender (GrpcLogAppender.java:installSnapshot(641)) - s0@group-6905249F38B1->s2-GrpcLogAppender: send s0->s2#0-t2,notify:(t:2, i:255)
2022-10-13 10:40:53,421 [grpc-default-executor-3] INFO  leader.FollowerInfo (FollowerInfoImpl.java:lambda$new$0(48)) - s0@group-6905249F38B1->s1: nextIndex: updateUnconditionally 0 -> 0
2022-10-13 10:40:53,421 [s0@group-6905249F38B1->s1-GrpcLogAppender-LogAppenderDaemon] INFO  server.GrpcLogAppender (GrpcLogAppender.java:installSnapshot(633)) - s0@group-6905249F38B1->s1-GrpcLogAppender: followerNextIndex = 0 but logStartIndex = 255, notify follower to install snapshot-(t:2, i:255)
2022-10-13 10:40:53,421 [s0@group-6905249F38B1->s1-GrpcLogAppender-LogAppenderDaemon] INFO  server.GrpcLogAppender (GrpcLogAppender.java:installSnapshot(641)) - s0@group-6905249F38B1->s1-GrpcLogAppender: send s0->s1#0-t2,notify:(t:2, i:255)
2022-10-13 10:40:53,422 [grpc-default-executor-3] INFO  impl.SnapshotInstallationHandler (SnapshotInstallationHandler.java:installSnapshot(89)) - s2@group-6905249F38B1: receive installSnapshot: s0->s2#0-t2,notify:(t:2, i:255)
2022-10-13 10:40:53,422 [grpc-default-executor-3] INFO  impl.SnapshotInstallationHandler (SnapshotInstallationHandler.java:installSnapshot(100)) - s2@group-6905249F38B1: reply installSnapshot: s0<-s2#0:FAIL-t2,IN_PROGRESS
2022-10-13 10:40:53,422 [grpc-default-executor-3] INFO  server.GrpcServerProtocolService (GrpcServerProtocolService.java:onCompleted(143)) - s2: Completed INSTALL_SNAPSHOT, lastRequest: s0->s2#0-t2,notify:(t:2, i:255)
2022-10-13 10:40:53,422 [grpc-default-executor-0] INFO  impl.SnapshotInstallationHandler (SnapshotInstallationHandler.java:installSnapshot(89)) - s1@group-6905249F38B1: receive installSnapshot: s0->s1#0-t2,notify:(t:2, i:255)
2022-10-13 10:40:53,423 [grpc-default-executor-0] INFO  impl.SnapshotInstallationHandler (SnapshotInstallationHandler.java:installSnapshot(100)) - s1@group-6905249F38B1: reply installSnapshot: s0<-s1#0:FAIL-t2,IN_PROGRESS
2022-10-13 10:40:53,424 [grpc-default-executor-0] INFO  server.GrpcServerProtocolService (GrpcServerProtocolService.java:onCompleted(143)) - s1: Completed INSTALL_SNAPSHOT, lastRequest: s0->s1#0-t2,notify:(t:2, i:255)
2022-10-13 10:40:53,424 [grpc-default-executor-0] INFO  server.GrpcLogAppender (GrpcLogAppender.java:onNext(492)) - s0@group-6905249F38B1->s1-InstallSnapshotResponseHandler: received a reply s0<-s1#0:FAIL-t2,IN_PROGRESS
2022-10-13 10:40:53,425 [grpc-default-executor-0] INFO  server.GrpcLogAppender (GrpcLogAppender.java:onNext(510)) - s0@group-6905249F38B1->s1-InstallSnapshotResponseHandler: InstallSnapshot in progress.
2022-10-13 10:40:53,426 [grpc-default-executor-0] INFO  server.GrpcLogAppender (GrpcLogAppender.java:onNext(492)) - s0@group-6905249F38B1->s2-InstallSnapshotResponseHandler: received a reply s0<-s2#0:FAIL-t2,IN_PROGRESS
2022-10-13 10:40:53,426 [grpc-default-executor-0] INFO  server.GrpcLogAppender (GrpcLogAppender.java:onNext(510)) - s0@group-6905249F38B1->s2-InstallSnapshotResponseHandler: InstallSnapshot in progress.
2022-10-13 10:40:53,426 [s1-server-thread1] INFO  server.RaftServer$Division (RaftServerImpl.java:checkInconsistentAppendEntries(1577)) - s1@group-6905249F38B1: Failed appendEntries as snapshot (255) installation is in progress
2022-10-13 10:40:53,426 [s1-server-thread1] INFO  server.RaftServer$Division (RaftServerImpl.java:checkInconsistentAppendEntries(1569)) - s1@group-6905249F38B1: inconsistency entries. Reply:s0<-s1#9:FAIL-t2,INCONSISTENCY,nextIndex=0,followerCommit=-1,matchIndex=-1
2022-10-13 10:40:53,426 [s2-server-thread1] INFO  server.RaftServer$Division (RaftServerImpl.java:checkInconsistentAppendEntries(1577)) - s2@group-6905249F38B1: Failed appendEntries as snapshot (255) installation is in progress
2022-10-13 10:40:53,427 [s2-server-thread1] INFO  server.RaftServer$Division (RaftServerImpl.java:checkInconsistentAppendEntries(1569)) - s2@group-6905249F38B1: inconsistency entries. Reply:s0<-s2#8:FAIL-t2,INCONSISTENCY,nextIndex=0,followerCommit=-1,matchIndex=-1
2022-10-13 10:40:53,427 [grpc-default-executor-0] INFO  leader.FollowerInfo (FollowerInfoImpl.java:lambda$new$0(48)) - s0@group-6905249F38B1->s2: nextIndex: updateUnconditionally 0 -> 0
2022-10-13 10:40:53,427 [s0@group-6905249F38B1->s2-GrpcLogAppender-LogAppenderDaemon] INFO  server.GrpcLogAppender (GrpcLogAppender.java:installSnapshot(633)) - s0@group-6905249F38B1->s2-GrpcLogAppender: followerNextIndex = 0 but logStartIndex = 255, notify follower to install snapshot-(t:2, i:255)
2022-10-13 10:40:53,427 [s0@group-6905249F38B1->s2-GrpcLogAppender-LogAppenderDaemon] INFO  server.GrpcLogAppender (GrpcLogAppender.java:installSnapshot(641)) - s0@group-6905249F38B1->s2-GrpcLogAppender: send s0->s2#0-t2,notify:(t:2, i:255)
2022-10-13 10:40:53,428 [grpc-default-executor-0] INFO  leader.FollowerInfo (FollowerInfoImpl.java:lambda$new$0(48)) - s0@group-6905249F38B1->s1: nextIndex: updateUnconditionally 0 -> 0
2022-10-13 10:40:53,428 [s0@group-6905249F38B1->s1-GrpcLogAppender-LogAppenderDaemon] INFO  server.GrpcLogAppender (GrpcLogAppender.java:installSnapshot(633)) - s0@group-6905249F38B1->s1-GrpcLogAppender: followerNextIndex = 0 but logStartIndex = 255, notify follower to install snapshot-(t:2, i:255)
2022-10-13 10:40:53,428 [s0@group-6905249F38B1->s1-GrpcLogAppender-LogAppenderDaemon] INFO  server.GrpcLogAppender (GrpcLogAppender.java:installSnapshot(641)) - s0@group-6905249F38B1->s1-GrpcLogAppender: send s0->s1#0-t2,notify:(t:2, i:255)
2022-10-13 10:40:53,428 [grpc-default-executor-0] INFO  impl.SnapshotInstallationHandler (SnapshotInstallationHandler.java:installSnapshot(89)) - s2@group-6905249F38B1: receive installSnapshot: s0->s2#0-t2,notify:(t:2, i:255)
2022-10-13 10:40:53,428 [grpc-default-executor-0] INFO  impl.SnapshotInstallationHandler (SnapshotInstallationHandler.java:installSnapshot(100)) - s2@group-6905249F38B1: reply installSnapshot: s0<-s2#0:FAIL-t2,IN_PROGRESS
2022-10-13 10:40:53,429 [grpc-default-executor-0] INFO  server.GrpcServerProtocolService (GrpcServerProtocolService.java:onCompleted(143)) - s2: Completed INSTALL_SNAPSHOT, lastRequest: s0->s2#0-t2,notify:(t:2, i:255)
2022-10-13 10:40:53,430 [grpc-default-executor-0] INFO  server.GrpcLogAppender (GrpcLogAppender.java:onNext(492)) - s0@group-6905249F38B1->s2-InstallSnapshotResponseHandler: received a reply s0<-s2#0:FAIL-t2,IN_PROGRESS
2022-10-13 10:40:53,430 [grpc-default-executor-0] INFO  server.GrpcLogAppender (GrpcLogAppender.java:onNext(510)) - s0@group-6905249F38B1->s2-InstallSnapshotResponseHandler: InstallSnapshot in progress.
2022-10-13 10:40:53,431 [grpc-default-executor-0] INFO  impl.SnapshotInstallationHandler (SnapshotInstallationHandler.java:installSnapshot(89)) - s1@group-6905249F38B1: receive installSnapshot: s0->s1#0-t2,notify:(t:2, i:255)
2022-10-13 10:40:53,431 [grpc-default-executor-0] INFO  impl.SnapshotInstallationHandler (SnapshotInstallationHandler.java:installSnapshot(100)) - s1@group-6905249F38B1: reply installSnapshot: s0<-s1#0:FAIL-t2,IN_PROGRESS
2022-10-13 10:40:53,431 [grpc-default-executor-0] INFO  server.GrpcServerProtocolService (GrpcServerProtocolService.java:onCompleted(143)) - s1: Completed INSTALL_SNAPSHOT, lastRequest: s0->s1#0-t2,notify:(t:2, i:255)
2022-10-13 10:40:53,432 [s2-server-thread1] INFO  server.RaftServer$Division (RaftServerImpl.java:checkInconsistentAppendEntries(1577)) - s2@group-6905249F38B1: Failed appendEntries as snapshot (255) installation is in progress
2022-10-13 10:40:53,432 [s2-server-thread1] INFO  server.RaftServer$Division (RaftServerImpl.java:checkInconsistentAppendEntries(1569)) - s2@group-6905249F38B1: inconsistency entries. Reply:s0<-s2#9:FAIL-t2,INCONSISTENCY,nextIndex=0,followerCommit=-1,matchIndex=-1
2022-10-13 10:40:53,432 [grpc-default-executor-0] INFO  server.GrpcLogAppender (GrpcLogAppender.java:onNext(492)) - s0@group-6905249F38B1->s1-InstallSnapshotResponseHandler: received a reply s0<-s1#0:FAIL-t2,IN_PROGRESS
2022-10-13 10:40:53,432 [grpc-default-executor-0] INFO  server.GrpcLogAppender (GrpcLogAppender.java:onNext(510)) - s0@group-6905249F38B1->s1-InstallSnapshotResponseHandler: InstallSnapshot in progress.
2022-10-13 10:40:53,432 [grpc-default-executor-0] INFO  leader.FollowerInfo (FollowerInfoImpl.java:lambda$new$0(48)) - s0@group-6905249F38B1->s2: nextIndex: updateUnconditionally 0 -> 0
2022-10-13 10:40:53,432 [s0@group-6905249F38B1->s2-GrpcLogAppender-LogAppenderDaemon] INFO  server.GrpcLogAppender (GrpcLogAppender.java:installSnapshot(633)) - s0@group-6905249F38B1->s2-GrpcLogAppender: followerNextIndex = 0 but logStartIndex = 255, notify follower to install snapshot-(t:2, i:255)
2022-10-13 10:40:53,433 [s0@group-6905249F38B1->s2-GrpcLogAppender-LogAppenderDaemon] INFO  server.GrpcLogAppender (GrpcLogAppender.java:installSnapshot(641)) - s0@group-6905249F38B1->s2-GrpcLogAppender: send s0->s2#0-t2,notify:(t:2, i:255)
2022-10-13 10:40:53,434 [s1-server-thread1] INFO  server.RaftServer$Division (RaftServerImpl.java:checkInconsistentAppendEntries(1577)) - s1@group-6905249F38B1: Failed appendEntries as snapshot (255) installation is in progress
2022-10-13 10:40:53,434 [s1-server-thread1] INFO  server.RaftServer$Division (RaftServerImpl.java:checkInconsistentAppendEntries(1569)) - s1@group-6905249F38B1: inconsistency entries. Reply:s0<-s1#10:FAIL-t2,INCONSISTENCY,nextIndex=0,followerCommit=-1,matchIndex=-1
2022-10-13 10:40:53,434 [grpc-default-executor-0] INFO  leader.FollowerInfo (FollowerInfoImpl.java:lambda$new$0(48)) - s0@group-6905249F38B1->s1: nextIndex: updateUnconditionally 0 -> 0
2022-10-13 10:40:53,434 [s0@group-6905249F38B1->s1-GrpcLogAppender-LogAppenderDaemon] INFO  server.GrpcLogAppender (GrpcLogAppender.java:installSnapshot(633)) - s0@group-6905249F38B1->s1-GrpcLogAppender: followerNextIndex = 0 but logStartIndex = 255, notify follower to install snapshot-(t:2, i:255)
2022-10-13 10:40:53,435 [s0@group-6905249F38B1->s1-GrpcLogAppender-LogAppenderDaemon] INFO  server.GrpcLogAppender (GrpcLogAppender.java:installSnapshot(641)) - s0@group-6905249F38B1->s1-GrpcLogAppender: send s0->s1#0-t2,notify:(t:2, i:255)
2022-10-13 10:40:53,435 [grpc-default-executor-0] INFO  impl.SnapshotInstallationHandler (SnapshotInstallationHandler.java:installSnapshot(89)) - s2@group-6905249F38B1: receive installSnapshot: s0->s2#0-t2,notify:(t:2, i:255)
2022-10-13 10:40:53,435 [grpc-default-executor-0] INFO  impl.SnapshotInstallationHandler (SnapshotInstallationHandler.java:installSnapshot(100)) - s2@group-6905249F38B1: reply installSnapshot: s0<-s2#0:FAIL-t2,IN_PROGRESS
2022-10-13 10:40:53,435 [grpc-default-executor-0] INFO  server.GrpcServerProtocolService (GrpcServerProtocolService.java:onCompleted(143)) - s2: Completed INSTALL_SNAPSHOT, lastRequest: s0->s2#0-t2,notify:(t:2, i:255)
2022-10-13 10:40:53,436 [grpc-default-executor-0] INFO  server.GrpcLogAppender (GrpcLogAppender.java:onNext(492)) - s0@group-6905249F38B1->s2-InstallSnapshotResponseHandler: received a reply s0<-s2#0:FAIL-t2,IN_PROGRESS
2022-10-13 10:40:53,436 [grpc-default-executor-0] INFO  server.GrpcLogAppender (GrpcLogAppender.java:onNext(510)) - s0@group-6905249F38B1->s2-InstallSnapshotResponseHandler: InstallSnapshot in progress.
2022-10-13 10:40:53,436 [grpc-default-executor-0] INFO  impl.SnapshotInstallationHandler (SnapshotInstallationHandler.java:installSnapshot(89)) - s1@group-6905249F38B1: receive installSnapshot: s0->s1#0-t2,notify:(t:2, i:255)
2022-10-13 10:40:53,437 [grpc-default-executor-0] INFO  impl.SnapshotInstallationHandler (SnapshotInstallationHandler.java:installSnapshot(100)) - s1@group-6905249F38B1: reply installSnapshot: s0<-s1#0:FAIL-t2,IN_PROGRESS
2022-10-13 10:40:53,437 [grpc-default-executor-0] INFO  server.GrpcServerProtocolService (GrpcServerProtocolService.java:onCompleted(143)) - s1: Completed INSTALL_SNAPSHOT, lastRequest: s0->s1#0-t2,notify:(t:2, i:255)
2022-10-13 10:40:53,437 [s2-server-thread1] INFO  server.RaftServer$Division (RaftServerImpl.java:checkInconsistentAppendEntries(1577)) - s2@group-6905249F38B1: Failed appendEntries as snapshot (255) installation is in progress
2022-10-13 10:40:53,437 [s2-server-thread1] INFO  server.RaftServer$Division (RaftServerImpl.java:checkInconsistentAppendEntries(1569)) - s2@group-6905249F38B1: inconsistency entries. Reply:s0<-s2#10:FAIL-t2,INCONSISTENCY,nextIndex=0,followerCommit=-1,matchIndex=-1
2022-10-13 10:40:53,438 [grpc-default-executor-0] INFO  server.GrpcLogAppender (GrpcLogAppender.java:onNext(492)) - s0@group-6905249F38B1->s1-InstallSnapshotResponseHandler: received a reply s0<-s1#0:FAIL-t2,IN_PROGRESS
2022-10-13 10:40:53,438 [grpc-default-executor-0] INFO  server.GrpcLogAppender (GrpcLogAppender.java:onNext(510)) - s0@group-6905249F38B1->s1-InstallSnapshotResponseHandler: InstallSnapshot in progress.
2022-10-13 10:40:53,438 [grpc-default-executor-0] INFO  leader.FollowerInfo (FollowerInfoImpl.java:lambda$new$0(48)) - s0@group-6905249F38B1->s2: nextIndex: updateUnconditionally 0 -> 0
2022-10-13 10:40:53,438 [s0@group-6905249F38B1->s2-GrpcLogAppender-LogAppenderDaemon] INFO  server.GrpcLogAppender (GrpcLogAppender.java:installSnapshot(633)) - s0@group-6905249F38B1->s2-GrpcLogAppender: followerNextIndex = 0 but logStartIndex = 255, notify follower to install snapshot-(t:2, i:255)
2022-10-13 10:40:53,438 [s0@group-6905249F38B1->s2-GrpcLogAppender-LogAppenderDaemon] INFO  server.GrpcLogAppender (GrpcLogAppender.java:installSnapshot(641)) - s0@group-6905249F38B1->s2-GrpcLogAppender: send s0->s2#0-t2,notify:(t:2, i:255)
2022-10-13 10:40:53,439 [s1-server-thread1] INFO  server.RaftServer$Division (RaftServerImpl.java:checkInconsistentAppendEntries(1577)) - s1@group-6905249F38B1: Failed appendEntries as snapshot (255) installation is in progress
2022-10-13 10:40:53,439 [s1-server-thread1] INFO  server.RaftServer$Division (RaftServerImpl.java:checkInconsistentAppendEntries(1569)) - s1@group-6905249F38B1: inconsistency entries. Reply:s0<-s1#11:FAIL-t2,INCONSISTENCY,nextIndex=0,followerCommit=-1,matchIndex=-1
2022-10-13 10:40:53,439 [grpc-default-executor-0] INFO  leader.FollowerInfo (FollowerInfoImpl.java:lambda$new$0(48)) - s0@group-6905249F38B1->s1: nextIndex: updateUnconditionally 0 -> 0
2022-10-13 10:40:53,439 [s0@group-6905249F38B1->s1-GrpcLogAppender-LogAppenderDaemon] INFO  server.GrpcLogAppender (GrpcLogAppender.java:installSnapshot(633)) - s0@group-6905249F38B1->s1-GrpcLogAppender: followerNextIndex = 0 but logStartIndex = 255, notify follower to install snapshot-(t:2, i:255)
2022-10-13 10:40:53,440 [s0@group-6905249F38B1->s1-GrpcLogAppender-LogAppenderDaemon] INFO  server.GrpcLogAppender (GrpcLogAppender.java:installSnapshot(641)) - s0@group-6905249F38B1->s1-GrpcLogAppender: send s0->s1#0-t2,notify:(t:2, i:255)
2022-10-13 10:40:53,440 [grpc-default-executor-3] INFO  impl.SnapshotInstallationHandler (SnapshotInstallationHandler.java:installSnapshot(89)) - s2@group-6905249F38B1: receive installSnapshot: s0->s2#0-t2,notify:(t:2, i:255)
2022-10-13 10:40:53,440 [grpc-default-executor-3] INFO  impl.SnapshotInstallationHandler (SnapshotInstallationHandler.java:installSnapshot(100)) - s2@group-6905249F38B1: reply installSnapshot: s0<-s2#0:FAIL-t2,IN_PROGRESS
2022-10-13 10:40:53,440 [grpc-default-executor-0] INFO  impl.SnapshotInstallationHandler (SnapshotInstallationHandler.java:installSnapshot(89)) - s1@group-6905249F38B1: receive installSnapshot: s0->s1#0-t2,notify:(t:2, i:255)
2022-10-13 10:40:53,440 [grpc-default-executor-3] INFO  server.GrpcServerProtocolService (GrpcServerProtocolService.java:onCompleted(143)) - s2: Completed INSTALL_SNAPSHOT, lastRequest: s0->s2#0-t2,notify:(t:2, i:255)
2022-10-13 10:40:53,440 [grpc-default-executor-0] INFO  impl.SnapshotInstallationHandler (SnapshotInstallationHandler.java:installSnapshot(100)) - s1@group-6905249F38B1: reply installSnapshot: s0<-s1#0:FAIL-t2,IN_PROGRESS
2022-10-13 10:40:53,441 [grpc-default-executor-0] INFO  server.GrpcServerProtocolService (GrpcServerProtocolService.java:onCompleted(143)) - s1: Completed INSTALL_SNAPSHOT, lastRequest: s0->s1#0-t2,notify:(t:2, i:255)
2022-10-13 10:40:53,441 [grpc-default-executor-0] INFO  server.GrpcLogAppender (GrpcLogAppender.java:onNext(492)) - s0@group-6905249F38B1->s1-InstallSnapshotResponseHandler: received a reply s0<-s1#0:FAIL-t2,IN_PROGRESS
2022-10-13 10:40:53,441 [grpc-default-executor-0] INFO  server.GrpcLogAppender (GrpcLogAppender.java:onNext(510)) - s0@group-6905249F38B1->s1-InstallSnapshotResponseHandler: InstallSnapshot in progress.
2022-10-13 10:40:53,444 [s1-server-thread1] INFO  server.RaftServer$Division (RaftServerImpl.java:checkInconsistentAppendEntries(1577)) - s1@group-6905249F38B1: Failed appendEntries as snapshot (255) installation is in progress
2022-10-13 10:40:53,444 [s1-server-thread1] INFO  server.RaftServer$Division (RaftServerImpl.java:checkInconsistentAppendEntries(1569)) - s1@group-6905249F38B1: inconsistency entries. Reply:s0<-s1#12:FAIL-t2,INCONSISTENCY,nextIndex=0,followerCommit=-1,matchIndex=-1
2022-10-13 10:40:53,444 [grpc-default-executor-0] INFO  server.GrpcLogAppender (GrpcLogAppender.java:onNext(492)) - s0@group-6905249F38B1->s2-InstallSnapshotResponseHandler: received a reply s0<-s2#0:FAIL-t2,IN_PROGRESS
2022-10-13 10:40:53,444 [grpc-default-executor-0] INFO  server.GrpcLogAppender (GrpcLogAppender.java:onNext(510)) - s0@group-6905249F38B1->s2-InstallSnapshotResponseHandler: InstallSnapshot in progress.
2022-10-13 10:40:53,445 [s2-server-thread1] INFO  server.RaftServer$Division (RaftServerImpl.java:checkInconsistentAppendEntries(1577)) - s2@group-6905249F38B1: Failed appendEntries as snapshot (255) installation is in progress
2022-10-13 10:40:53,445 [s2-server-thread1] INFO  server.RaftServer$Division (RaftServerImpl.java:checkInconsistentAppendEntries(1569)) - s2@group-6905249F38B1: inconsistency entries. Reply:s0<-s2#11:FAIL-t2,INCONSISTENCY,nextIndex=0,followerCommit=-1,matchIndex=-1
2022-10-13 10:40:53,445 [grpc-default-executor-0] INFO  leader.FollowerInfo (FollowerInfoImpl.java:lambda$new$0(48)) - s0@group-6905249F38B1->s1: nextIndex: updateUnconditionally 0 -> 0
2022-10-13 10:40:53,445 [s0@group-6905249F38B1->s1-GrpcLogAppender-LogAppenderDaemon] INFO  server.GrpcLogAppender (GrpcLogAppender.java:installSnapshot(633)) - s0@group-6905249F38B1->s1-GrpcLogAppender: followerNextIndex = 0 but logStartIndex = 255, notify follower to install snapshot-(t:2, i:255)
2022-10-13 10:40:53,445 [grpc-default-executor-0] INFO  leader.FollowerInfo (FollowerInfoImpl.java:lambda$new$0(48)) - s0@group-6905249F38B1->s2: nextIndex: updateUnconditionally 0 -> 0
2022-10-13 10:40:53,446 [s0@group-6905249F38B1->s1-GrpcLogAppender-LogAppenderDaemon] INFO  server.GrpcLogAppender (GrpcLogAppender.java:installSnapshot(641)) - s0@group-6905249F38B1->s1-GrpcLogAppender: send s0->s1#0-t2,notify:(t:2, i:255)
2022-10-13 10:40:53,446 [s0@group-6905249F38B1->s2-GrpcLogAppender-LogAppenderDaemon] INFO  server.GrpcLogAppender (GrpcLogAppender.java:installSnapshot(633)) - s0@group-6905249F38B1->s2-GrpcLogAppender: followerNextIndex = 0 but logStartIndex = 255, notify follower to install snapshot-(t:2, i:255)
2022-10-13 10:40:53,446 [s0@group-6905249F38B1->s2-GrpcLogAppender-LogAppenderDaemon] INFO  server.GrpcLogAppender (GrpcLogAppender.java:installSnapshot(641)) - s0@group-6905249F38B1->s2-GrpcLogAppender: send s0->s2#0-t2,notify:(t:2, i:255)
2022-10-13 10:40:53,447 [grpc-default-executor-0] INFO  impl.SnapshotInstallationHandler (SnapshotInstallationHandler.java:installSnapshot(89)) - s1@group-6905249F38B1: receive installSnapshot: s0->s1#0-t2,notify:(t:2, i:255)
2022-10-13 10:40:53,447 [grpc-default-executor-0] INFO  impl.SnapshotInstallationHandler (SnapshotInstallationHandler.java:installSnapshot(100)) - s1@group-6905249F38B1: reply installSnapshot: s0<-s1#0:FAIL-t2,IN_PROGRESS
2022-10-13 10:40:53,448 [grpc-default-executor-0] INFO  server.GrpcServerProtocolService (GrpcServerProtocolService.java:onCompleted(143)) - s1: Completed INSTALL_SNAPSHOT, lastRequest: s0->s1#0-t2,notify:(t:2, i:255)
2022-10-13 10:40:53,448 [grpc-default-executor-0] INFO  impl.SnapshotInstallationHandler (SnapshotInstallationHandler.java:installSnapshot(89)) - s2@group-6905249F38B1: receive installSnapshot: s0->s2#0-t2,notify:(t:2, i:255)
2022-10-13 10:40:53,448 [grpc-default-executor-0] INFO  impl.SnapshotInstallationHandler (SnapshotInstallationHandler.java:installSnapshot(100)) - s2@group-6905249F38B1: reply installSnapshot: s0<-s2#0:FAIL-t2,IN_PROGRESS
2022-10-13 10:40:53,448 [grpc-default-executor-0] INFO  server.GrpcServerProtocolService (GrpcServerProtocolService.java:onCompleted(143)) - s2: Completed INSTALL_SNAPSHOT, lastRequest: s0->s2#0-t2,notify:(t:2, i:255)
2022-10-13 10:40:53,449 [grpc-default-executor-0] INFO  server.GrpcLogAppender (GrpcLogAppender.java:onNext(492)) - s0@group-6905249F38B1->s1-InstallSnapshotResponseHandler: received a reply s0<-s1#0:FAIL-t2,IN_PROGRESS
2022-10-13 10:40:53,449 [grpc-default-executor-0] INFO  server.GrpcLogAppender (GrpcLogAppender.java:onNext(510)) - s0@group-6905249F38B1->s1-InstallSnapshotResponseHandler: InstallSnapshot in progress.
2022-10-13 10:40:53,449 [s1-server-thread1] INFO  server.RaftServer$Division (RaftServerImpl.java:checkInconsistentAppendEntries(1577)) - s1@group-6905249F38B1: Failed appendEntries as snapshot (255) installation is in progress
2022-10-13 10:40:53,449 [s1-server-thread1] INFO  server.RaftServer$Division (RaftServerImpl.java:checkInconsistentAppendEntries(1569)) - s1@group-6905249F38B1: inconsistency entries. Reply:s0<-s1#13:FAIL-t2,INCONSISTENCY,nextIndex=0,followerCommit=-1,matchIndex=-1
2022-10-13 10:40:53,450 [grpc-default-executor-0] INFO  server.GrpcLogAppender (GrpcLogAppender.java:onNext(492)) - s0@group-6905249F38B1->s2-InstallSnapshotResponseHandler: received a reply s0<-s2#0:FAIL-t2,IN_PROGRESS
2022-10-13 10:40:53,450 [grpc-default-executor-0] INFO  server.GrpcLogAppender (GrpcLogAppender.java:onNext(510)) - s0@group-6905249F38B1->s2-InstallSnapshotResponseHandler: InstallSnapshot in progress.
2022-10-13 10:40:53,451 [s2-server-thread1] INFO  server.RaftServer$Division (RaftServerImpl.java:checkInconsistentAppendEntries(1577)) - s2@group-6905249F38B1: Failed appendEntries as snapshot (255) installation is in progress
2022-10-13 10:40:53,451 [s2-server-thread1] INFO  server.RaftServer$Division (RaftServerImpl.java:checkInconsistentAppendEntries(1569)) - s2@group-6905249F38B1: inconsistency entries. Reply:s0<-s2#12:FAIL-t2,INCONSISTENCY,nextIndex=0,followerCommit=-1,matchIndex=-1
2022-10-13 10:40:53,451 [grpc-default-executor-0] INFO  leader.FollowerInfo (FollowerInfoImpl.java:lambda$new$0(48)) - s0@group-6905249F38B1->s1: nextIndex: updateUnconditionally 0 -> 0
2022-10-13 10:40:53,451 [s0@group-6905249F38B1->s1-GrpcLogAppender-LogAppenderDaemon] INFO  server.GrpcLogAppender (GrpcLogAppender.java:installSnapshot(633)) - s0@group-6905249F38B1->s1-GrpcLogAppender: followerNextIndex = 0 but logStartIndex = 255, notify follower to install snapshot-(t:2, i:255)
2022-10-13 10:40:53,451 [grpc-default-executor-0] INFO  leader.FollowerInfo (FollowerInfoImpl.java:lambda$new$0(48)) - s0@group-6905249F38B1->s2: nextIndex: updateUnconditionally 0 -> 0
2022-10-13 10:40:53,451 [s0@group-6905249F38B1->s1-GrpcLogAppender-LogAppenderDaemon] INFO  server.GrpcLogAppender (GrpcLogAppender.java:installSnapshot(641)) - s0@group-6905249F38B1->s1-GrpcLogAppender: send s0->s1#0-t2,notify:(t:2, i:255)
2022-10-13 10:40:53,451 [s0@group-6905249F38B1->s2-GrpcLogAppender-LogAppenderDaemon] INFO  server.GrpcLogAppender (GrpcLogAppender.java:installSnapshot(633)) - s0@group-6905249F38B1->s2-GrpcLogAppender: followerNextIndex = 0 but logStartIndex = 255, notify follower to install snapshot-(t:2, i:255)
2022-10-13 10:40:53,451 [s0@group-6905249F38B1->s2-GrpcLogAppender-LogAppenderDaemon] INFO  server.GrpcLogAppender (GrpcLogAppender.java:installSnapshot(641)) - s0@group-6905249F38B1->s2-GrpcLogAppender: send s0->s2#0-t2,notify:(t:2, i:255)
2022-10-13 10:40:53,455 [grpc-default-executor-0] INFO  impl.SnapshotInstallationHandler (SnapshotInstallationHandler.java:installSnapshot(89)) - s1@group-6905249F38B1: receive installSnapshot: s0->s1#0-t2,notify:(t:2, i:255)
2022-10-13 10:40:53,455 [grpc-default-executor-0] INFO  impl.SnapshotInstallationHandler (SnapshotInstallationHandler.java:installSnapshot(100)) - s1@group-6905249F38B1: reply installSnapshot: s0<-s1#0:FAIL-t2,IN_PROGRESS
2022-10-13 10:40:53,455 [grpc-default-executor-0] INFO  server.GrpcServerProtocolService (GrpcServerProtocolService.java:onCompleted(143)) - s1: Completed INSTALL_SNAPSHOT, lastRequest: s0->s1#0-t2,notify:(t:2, i:255)
2022-10-13 10:40:53,455 [grpc-default-executor-0] INFO  impl.SnapshotInstallationHandler (SnapshotInstallationHandler.java:installSnapshot(89)) - s2@group-6905249F38B1: receive installSnapshot: s0->s2#0-t2,notify:(t:2, i:255)
2022-10-13 10:40:53,455 [grpc-default-executor-0] INFO  impl.SnapshotInstallationHandler (SnapshotInstallationHandler.java:installSnapshot(100)) - s2@group-6905249F38B1: reply installSnapshot: s0<-s2#0:FAIL-t2,IN_PROGRESS
2022-10-13 10:40:53,455 [grpc-default-executor-0] INFO  server.GrpcServerProtocolService (GrpcServerProtocolService.java:onCompleted(143)) - s2: Completed INSTALL_SNAPSHOT, lastRequest: s0->s2#0-t2,notify:(t:2, i:255)
2022-10-13 10:40:53,456 [grpc-default-executor-0] INFO  server.GrpcLogAppender (GrpcLogAppender.java:onNext(492)) - s0@group-6905249F38B1->s1-InstallSnapshotResponseHandler: received a reply s0<-s1#0:FAIL-t2,IN_PROGRESS
2022-10-13 10:40:53,456 [grpc-default-executor-0] INFO  server.GrpcLogAppender (GrpcLogAppender.java:onNext(510)) - s0@group-6905249F38B1->s1-InstallSnapshotResponseHandler: InstallSnapshot in progress.
2022-10-13 10:40:53,456 [grpc-default-executor-0] INFO  server.GrpcLogAppender (GrpcLogAppender.java:onNext(492)) - s0@group-6905249F38B1->s2-InstallSnapshotResponseHandler: received a reply s0<-s2#0:FAIL-t2,IN_PROGRESS
2022-10-13 10:40:53,456 [grpc-default-executor-0] INFO  server.GrpcLogAppender (GrpcLogAppender.java:onNext(510)) - s0@group-6905249F38B1->s2-InstallSnapshotResponseHandler: InstallSnapshot in progress.
2022-10-13 10:40:53,457 [s1-server-thread1] INFO  server.RaftServer$Division (RaftServerImpl.java:checkInconsistentAppendEntries(1577)) - s1@group-6905249F38B1: Failed appendEntries as snapshot (255) installation is in progress
2022-10-13 10:40:53,457 [s1-server-thread1] INFO  server.RaftServer$Division (RaftServerImpl.java:checkInconsistentAppendEntries(1569)) - s1@group-6905249F38B1: inconsistency entries. Reply:s0<-s1#14:FAIL-t2,INCONSISTENCY,nextIndex=0,followerCommit=-1,matchIndex=-1
2022-10-13 10:40:53,457 [s2-server-thread1] INFO  server.RaftServer$Division (RaftServerImpl.java:checkInconsistentAppendEntries(1577)) - s2@group-6905249F38B1: Failed appendEntries as snapshot (255) installation is in progress
2022-10-13 10:40:53,457 [s2-server-thread1] INFO  server.RaftServer$Division (RaftServerImpl.java:checkInconsistentAppendEntries(1569)) - s2@group-6905249F38B1: inconsistency entries. Reply:s0<-s2#13:FAIL-t2,INCONSISTENCY,nextIndex=0,followerCommit=-1,matchIndex=-1
2022-10-13 10:40:53,458 [grpc-default-executor-0] INFO  leader.FollowerInfo (FollowerInfoImpl.java:lambda$new$0(48)) - s0@group-6905249F38B1->s2: nextIndex: updateUnconditionally 0 -> 0
2022-10-13 10:40:53,458 [s0@group-6905249F38B1->s2-GrpcLogAppender-LogAppenderDaemon] INFO  server.GrpcLogAppender (GrpcLogAppender.java:installSnapshot(633)) - s0@group-6905249F38B1->s2-GrpcLogAppender: followerNextIndex = 0 but logStartIndex = 255, notify follower to install snapshot-(t:2, i:255)
2022-10-13 10:40:53,458 [s0@group-6905249F38B1->s2-GrpcLogAppender-LogAppenderDaemon] INFO  server.GrpcLogAppender (GrpcLogAppender.java:installSnapshot(641)) - s0@group-6905249F38B1->s2-GrpcLogAppender: send s0->s2#0-t2,notify:(t:2, i:255)
2022-10-13 10:40:53,458 [grpc-default-executor-0] INFO  leader.FollowerInfo (FollowerInfoImpl.java:lambda$new$0(48)) - s0@group-6905249F38B1->s1: nextIndex: updateUnconditionally 0 -> 0
2022-10-13 10:40:53,458 [s0@group-6905249F38B1->s1-GrpcLogAppender-LogAppenderDaemon] INFO  server.GrpcLogAppender (GrpcLogAppender.java:installSnapshot(633)) - s0@group-6905249F38B1->s1-GrpcLogAppender: followerNextIndex = 0 but logStartIndex = 255, notify follower to install snapshot-(t:2, i:255)
2022-10-13 10:40:53,459 [s0@group-6905249F38B1->s1-GrpcLogAppender-LogAppenderDaemon] INFO  server.GrpcLogAppender (GrpcLogAppender.java:installSnapshot(641)) - s0@group-6905249F38B1->s1-GrpcLogAppender: send s0->s1#0-t2,notify:(t:2, i:255)
2022-10-13 10:40:53,459 [grpc-default-executor-0] INFO  impl.SnapshotInstallationHandler (SnapshotInstallationHandler.java:installSnapshot(89)) - s2@group-6905249F38B1: receive installSnapshot: s0->s2#0-t2,notify:(t:2, i:255)
2022-10-13 10:40:53,459 [grpc-default-executor-0] INFO  impl.SnapshotInstallationHandler (SnapshotInstallationHandler.java:installSnapshot(100)) - s2@group-6905249F38B1: reply installSnapshot: s0<-s2#0:FAIL-t2,IN_PROGRESS
2022-10-13 10:40:53,459 [grpc-default-executor-0] INFO  server.GrpcServerProtocolService (GrpcServerProtocolService.java:onCompleted(143)) - s2: Completed INSTALL_SNAPSHOT, lastRequest: s0->s2#0-t2,notify:(t:2, i:255)
2022-10-13 10:40:53,460 [grpc-default-executor-0] INFO  server.GrpcLogAppender (GrpcLogAppender.java:onNext(492)) - s0@group-6905249F38B1->s2-InstallSnapshotResponseHandler: received a reply s0<-s2#0:FAIL-t2,IN_PROGRESS
2022-10-13 10:40:53,460 [grpc-default-executor-0] INFO  server.GrpcLogAppender (GrpcLogAppender.java:onNext(510)) - s0@group-6905249F38B1->s2-InstallSnapshotResponseHandler: InstallSnapshot in progress.
2022-10-13 10:40:53,460 [grpc-default-executor-0] INFO  impl.SnapshotInstallationHandler (SnapshotInstallationHandler.java:installSnapshot(89)) - s1@group-6905249F38B1: receive installSnapshot: s0->s1#0-t2,notify:(t:2, i:255)
2022-10-13 10:40:53,461 [grpc-default-executor-0] INFO  impl.SnapshotInstallationHandler (SnapshotInstallationHandler.java:installSnapshot(100)) - s1@group-6905249F38B1: reply installSnapshot: s0<-s1#0:FAIL-t2,IN_PROGRESS
2022-10-13 10:40:53,461 [grpc-default-executor-0] INFO  server.GrpcServerProtocolService (GrpcServerProtocolService.java:onCompleted(143)) - s1: Completed INSTALL_SNAPSHOT, lastRequest: s0->s1#0-t2,notify:(t:2, i:255)
2022-10-13 10:40:53,461 [s2-server-thread1] INFO  server.RaftServer$Division (RaftServerImpl.java:checkInconsistentAppendEntries(1577)) - s2@group-6905249F38B1: Failed appendEntries as snapshot (255) installation is in progress
2022-10-13 10:40:53,461 [s2-server-thread1] INFO  server.RaftServer$Division (RaftServerImpl.java:checkInconsistentAppendEntries(1569)) - s2@group-6905249F38B1: inconsistency entries. Reply:s0<-s2#14:FAIL-t2,INCONSISTENCY,nextIndex=0,followerCommit=-1,matchIndex=-1
2022-10-13 10:40:53,464 [grpc-default-executor-0] INFO  server.GrpcLogAppender (GrpcLogAppender.java:onNext(492)) - s0@group-6905249F38B1->s1-InstallSnapshotResponseHandler: received a reply s0<-s1#0:FAIL-t2,IN_PROGRESS
2022-10-13 10:40:53,464 [grpc-default-executor-0] INFO  server.GrpcLogAppender (GrpcLogAppender.java:onNext(510)) - s0@group-6905249F38B1->s1-InstallSnapshotResponseHandler: InstallSnapshot in progress.
2022-10-13 10:40:53,464 [grpc-default-executor-0] INFO  leader.FollowerInfo (FollowerInfoImpl.java:lambda$new$0(48)) - s0@group-6905249F38B1->s2: nextIndex: updateUnconditionally 0 -> 0
2022-10-13 10:40:53,464 [s0@group-6905249F38B1->s2-GrpcLogAppender-LogAppenderDaemon] INFO  server.GrpcLogAppender (GrpcLogAppender.java:installSnapshot(633)) - s0@group-6905249F38B1->s2-GrpcLogAppender: followerNextIndex = 0 but logStartIndex = 255, notify follower to install snapshot-(t:2, i:255)
2022-10-13 10:40:53,464 [s0@group-6905249F38B1->s2-GrpcLogAppender-LogAppenderDaemon] INFO  server.GrpcLogAppender (GrpcLogAppender.java:installSnapshot(641)) - s0@group-6905249F38B1->s2-GrpcLogAppender: send s0->s2#0-t2,notify:(t:2, i:255)
2022-10-13 10:40:53,465 [s1-server-thread1] INFO  server.RaftServer$Division (RaftServerImpl.java:checkInconsistentAppendEntries(1577)) - s1@group-6905249F38B1: Failed appendEntries as snapshot (255) installation is in progress
2022-10-13 10:40:53,465 [s1-server-thread1] INFO  server.RaftServer$Division (RaftServerImpl.java:checkInconsistentAppendEntries(1569)) - s1@group-6905249F38B1: inconsistency entries. Reply:s0<-s1#15:FAIL-t2,INCONSISTENCY,nextIndex=0,followerCommit=-1,matchIndex=-1
2022-10-13 10:40:53,465 [grpc-default-executor-0] INFO  leader.FollowerInfo (FollowerInfoImpl.java:lambda$new$0(48)) - s0@group-6905249F38B1->s1: nextIndex: updateUnconditionally 0 -> 0
2022-10-13 10:40:53,465 [s0@group-6905249F38B1->s1-GrpcLogAppender-LogAppenderDaemon] INFO  server.GrpcLogAppender (GrpcLogAppender.java:installSnapshot(633)) - s0@group-6905249F38B1->s1-GrpcLogAppender: followerNextIndex = 0 but logStartIndex = 255, notify follower to install snapshot-(t:2, i:255)
2022-10-13 10:40:53,465 [s0@group-6905249F38B1->s1-GrpcLogAppender-LogAppenderDaemon] INFO  server.GrpcLogAppender (GrpcLogAppender.java:installSnapshot(641)) - s0@group-6905249F38B1->s1-GrpcLogAppender: send s0->s1#0-t2,notify:(t:2, i:255)
2022-10-13 10:40:53,466 [grpc-default-executor-0] INFO  impl.SnapshotInstallationHandler (SnapshotInstallationHandler.java:installSnapshot(89)) - s2@group-6905249F38B1: receive installSnapshot: s0->s2#0-t2,notify:(t:2, i:255)
2022-10-13 10:40:53,466 [grpc-default-executor-0] INFO  impl.SnapshotInstallationHandler (SnapshotInstallationHandler.java:installSnapshot(100)) - s2@group-6905249F38B1: reply installSnapshot: s0<-s2#0:FAIL-t2,IN_PROGRESS
2022-10-13 10:40:53,466 [grpc-default-executor-3] INFO  server.GrpcLogAppender (GrpcLogAppender.java:onNext(492)) - s0@group-6905249F38B1->s2-InstallSnapshotResponseHandler: received a reply s0<-s2#0:FAIL-t2,IN_PROGRESS
2022-10-13 10:40:53,466 [grpc-default-executor-0] INFO  server.GrpcServerProtocolService (GrpcServerProtocolService.java:onCompleted(143)) - s2: Completed INSTALL_SNAPSHOT, lastRequest: s0->s2#0-t2,notify:(t:2, i:255)
2022-10-13 10:40:53,466 [grpc-default-executor-2] INFO  impl.SnapshotInstallationHandler (SnapshotInstallationHandler.java:installSnapshot(89)) - s1@group-6905249F38B1: receive installSnapshot: s0->s1#0-t2,notify:(t:2, i:255)
2022-10-13 10:40:53,467 [grpc-default-executor-2] INFO  impl.SnapshotInstallationHandler (SnapshotInstallationHandler.java:installSnapshot(100)) - s1@group-6905249F38B1: reply installSnapshot: s0<-s1#0:FAIL-t2,IN_PROGRESS
2022-10-13 10:40:53,467 [grpc-default-executor-2] INFO  server.GrpcServerProtocolService (GrpcServerProtocolService.java:onCompleted(143)) - s1: Completed INSTALL_SNAPSHOT, lastRequest: s0->s1#0-t2,notify:(t:2, i:255)
2022-10-13 10:40:53,467 [grpc-default-executor-0] INFO  server.GrpcLogAppender (GrpcLogAppender.java:onNext(492)) - s0@group-6905249F38B1->s1-InstallSnapshotResponseHandler: received a reply s0<-s1#0:FAIL-t2,IN_PROGRESS
2022-10-13 10:40:53,467 [grpc-default-executor-0] INFO  server.GrpcLogAppender (GrpcLogAppender.java:onNext(510)) - s0@group-6905249F38B1->s1-InstallSnapshotResponseHandler: InstallSnapshot in progress.
2022-10-13 10:40:53,466 [grpc-default-executor-3] INFO  server.GrpcLogAppender (GrpcLogAppender.java:onNext(510)) - s0@group-6905249F38B1->s2-InstallSnapshotResponseHandler: InstallSnapshot in progress.
2022-10-13 10:40:53,468 [s1-server-thread1] INFO  server.RaftServer$Division (RaftServerImpl.java:checkInconsistentAppendEntries(1577)) - s1@group-6905249F38B1: Failed appendEntries as snapshot (255) installation is in progress
2022-10-13 10:40:53,468 [s1-server-thread1] INFO  server.RaftServer$Division (RaftServerImpl.java:checkInconsistentAppendEntries(1569)) - s1@group-6905249F38B1: inconsistency entries. Reply:s0<-s1#16:FAIL-t2,INCONSISTENCY,nextIndex=0,followerCommit=-1,matchIndex=-1
2022-10-13 10:40:53,468 [s2-server-thread1] INFO  server.RaftServer$Division (RaftServerImpl.java:checkInconsistentAppendEntries(1577)) - s2@group-6905249F38B1: Failed appendEntries as snapshot (255) installation is in progress
2022-10-13 10:40:53,468 [s2-server-thread1] INFO  server.RaftServer$Division (RaftServerImpl.java:checkInconsistentAppendEntries(1569)) - s2@group-6905249F38B1: inconsistency entries. Reply:s0<-s2#15:FAIL-t2,INCONSISTENCY,nextIndex=0,followerCommit=-1,matchIndex=-1
2022-10-13 10:40:53,468 [grpc-default-executor-0] INFO  leader.FollowerInfo (FollowerInfoImpl.java:lambda$new$0(48)) - s0@group-6905249F38B1->s2: nextIndex: updateUnconditionally 0 -> 0
2022-10-13 10:40:53,468 [s0@group-6905249F38B1->s2-GrpcLogAppender-LogAppenderDaemon] INFO  server.GrpcLogAppender (GrpcLogAppender.java:installSnapshot(633)) - s0@group-6905249F38B1->s2-GrpcLogAppender: followerNextIndex = 0 but logStartIndex = 255, notify follower to install snapshot-(t:2, i:255)
2022-10-13 10:40:53,469 [s0@group-6905249F38B1->s2-GrpcLogAppender-LogAppenderDaemon] INFO  server.GrpcLogAppender (GrpcLogAppender.java:installSnapshot(641)) - s0@group-6905249F38B1->s2-GrpcLogAppender: send s0->s2#0-t2,notify:(t:2, i:255)
2022-10-13 10:40:53,469 [grpc-default-executor-0] INFO  leader.FollowerInfo (FollowerInfoImpl.java:lambda$new$0(48)) - s0@group-6905249F38B1->s1: nextIndex: updateUnconditionally 0 -> 0
2022-10-13 10:40:53,469 [s0@group-6905249F38B1->s1-GrpcLogAppender-LogAppenderDaemon] INFO  server.GrpcLogAppender (GrpcLogAppender.java:installSnapshot(633)) - s0@group-6905249F38B1->s1-GrpcLogAppender: followerNextIndex = 0 but logStartIndex = 255, notify follower to install snapshot-(t:2, i:255)
2022-10-13 10:40:53,469 [s0@group-6905249F38B1->s1-GrpcLogAppender-LogAppenderDaemon] INFO  server.GrpcLogAppender (GrpcLogAppender.java:installSnapshot(641)) - s0@group-6905249F38B1->s1-GrpcLogAppender: send s0->s1#0-t2,notify:(t:2, i:255)
2022-10-13 10:40:53,470 [grpc-default-executor-0] INFO  impl.SnapshotInstallationHandler (SnapshotInstallationHandler.java:installSnapshot(89)) - s2@group-6905249F38B1: receive installSnapshot: s0->s2#0-t2,notify:(t:2, i:255)
2022-10-13 10:40:53,470 [grpc-default-executor-0] INFO  impl.SnapshotInstallationHandler (SnapshotInstallationHandler.java:installSnapshot(100)) - s2@group-6905249F38B1: reply installSnapshot: s0<-s2#0:FAIL-t2,IN_PROGRESS
2022-10-13 10:40:53,470 [grpc-default-executor-0] INFO  server.GrpcServerProtocolService (GrpcServerProtocolService.java:onCompleted(143)) - s2: Completed INSTALL_SNAPSHOT, lastRequest: s0->s2#0-t2,notify:(t:2, i:255)
2022-10-13 10:40:53,473 [grpc-default-executor-0] INFO  server.GrpcLogAppender (GrpcLogAppender.java:onNext(492)) - s0@group-6905249F38B1->s2-InstallSnapshotResponseHandler: received a reply s0<-s2#0:FAIL-t2,IN_PROGRESS
2022-10-13 10:40:53,473 [grpc-default-executor-0] INFO  server.GrpcLogAppender (GrpcLogAppender.java:onNext(510)) - s0@group-6905249F38B1->s2-InstallSnapshotResponseHandler: InstallSnapshot in progress.
2022-10-13 10:40:53,473 [grpc-default-executor-0] INFO  impl.SnapshotInstallationHandler (SnapshotInstallationHandler.java:installSnapshot(89)) - s1@group-6905249F38B1: receive installSnapshot: s0->s1#0-t2,notify:(t:2, i:255)
2022-10-13 10:40:53,474 [grpc-default-executor-0] INFO  impl.SnapshotInstallationHandler (SnapshotInstallationHandler.java:installSnapshot(100)) - s1@group-6905249F38B1: reply installSnapshot: s0<-s1#0:FAIL-t2,IN_PROGRESS
2022-10-13 10:40:53,474 [grpc-default-executor-0] INFO  server.GrpcServerProtocolService (GrpcServerProtocolService.java:onCompleted(143)) - s1: Completed INSTALL_SNAPSHOT, lastRequest: s0->s1#0-t2,notify:(t:2, i:255)
2022-10-13 10:40:53,474 [grpc-default-executor-2] INFO  server.GrpcLogAppender (GrpcLogAppender.java:onNext(492)) - s0@group-6905249F38B1->s1-InstallSnapshotResponseHandler: received a reply s0<-s1#0:FAIL-t2,IN_PROGRESS
2022-10-13 10:40:53,474 [s2-server-thread1] INFO  server.RaftServer$Division (RaftServerImpl.java:checkInconsistentAppendEntries(1577)) - s2@group-6905249F38B1: Failed appendEntries as snapshot (255) installation is in progress
2022-10-13 10:40:53,474 [grpc-default-executor-2] INFO  server.GrpcLogAppender (GrpcLogAppender.java:onNext(510)) - s0@group-6905249F38B1->s1-InstallSnapshotResponseHandler: InstallSnapshot in progress.
2022-10-13 10:40:53,474 [s2-server-thread1] INFO  server.RaftServer$Division (RaftServerImpl.java:checkInconsistentAppendEntries(1569)) - s2@group-6905249F38B1: inconsistency entries. Reply:s0<-s2#16:FAIL-t2,INCONSISTENCY,nextIndex=0,followerCommit=-1,matchIndex=-1
2022-10-13 10:40:53,477 [grpc-default-executor-2] INFO  leader.FollowerInfo (FollowerInfoImpl.java:lambda$new$0(48)) - s0@group-6905249F38B1->s2: nextIndex: updateUnconditionally 0 -> 0
2022-10-13 10:40:53,477 [s0@group-6905249F38B1->s2-GrpcLogAppender-LogAppenderDaemon] INFO  server.GrpcLogAppender (GrpcLogAppender.java:installSnapshot(633)) - s0@group-6905249F38B1->s2-GrpcLogAppender: followerNextIndex = 0 but logStartIndex = 255, notify follower to install snapshot-(t:2, i:255)
2022-10-13 10:40:53,477 [s0@group-6905249F38B1->s2-GrpcLogAppender-LogAppenderDaemon] INFO  server.GrpcLogAppender (GrpcLogAppender.java:installSnapshot(641)) - s0@group-6905249F38B1->s2-GrpcLogAppender: send s0->s2#0-t2,notify:(t:2, i:255)
2022-10-13 10:40:53,477 [s1-server-thread1] INFO  server.RaftServer$Division (RaftServerImpl.java:checkInconsistentAppendEntries(1577)) - s1@group-6905249F38B1: Failed appendEntries as snapshot (255) installation is in progress
2022-10-13 10:40:53,477 [s1-server-thread1] INFO  server.RaftServer$Division (RaftServerImpl.java:checkInconsistentAppendEntries(1569)) - s1@group-6905249F38B1: inconsistency entries. Reply:s0<-s1#17:FAIL-t2,INCONSISTENCY,nextIndex=0,followerCommit=-1,matchIndex=-1
2022-10-13 10:40:53,478 [grpc-default-executor-2] INFO  leader.FollowerInfo (FollowerInfoImpl.java:lambda$new$0(48)) - s0@group-6905249F38B1->s1: nextIndex: updateUnconditionally 0 -> 0
2022-10-13 10:40:53,478 [grpc-default-executor-3] INFO  impl.SnapshotInstallationHandler (SnapshotInstallationHandler.java:installSnapshot(89)) - s2@group-6905249F38B1: receive installSnapshot: s0->s2#0-t2,notify:(t:2, i:255)
2022-10-13 10:40:53,478 [grpc-default-executor-3] INFO  impl.SnapshotInstallationHandler (SnapshotInstallationHandler.java:installSnapshot(100)) - s2@group-6905249F38B1: reply installSnapshot: s0<-s2#0:FAIL-t2,IN_PROGRESS
2022-10-13 10:40:53,478 [grpc-default-executor-3] INFO  server.GrpcServerProtocolService (GrpcServerProtocolService.java:onCompleted(143)) - s2: Completed INSTALL_SNAPSHOT, lastRequest: s0->s2#0-t2,notify:(t:2, i:255)
2022-10-13 10:40:53,478 [s0@group-6905249F38B1->s1-GrpcLogAppender-LogAppenderDaemon] INFO  server.GrpcLogAppender (GrpcLogAppender.java:installSnapshot(633)) - s0@group-6905249F38B1->s1-GrpcLogAppender: followerNextIndex = 0 but logStartIndex = 255, notify follower to install snapshot-(t:2, i:255)
2022-10-13 10:40:53,478 [s0@group-6905249F38B1->s1-GrpcLogAppender-LogAppenderDaemon] INFO  server.GrpcLogAppender (GrpcLogAppender.java:installSnapshot(641)) - s0@group-6905249F38B1->s1-GrpcLogAppender: send s0->s1#0-t2,notify:(t:2, i:255)
2022-10-13 10:40:53,479 [grpc-default-executor-3] INFO  server.GrpcLogAppender (GrpcLogAppender.java:onNext(492)) - s0@group-6905249F38B1->s2-InstallSnapshotResponseHandler: received a reply s0<-s2#0:FAIL-t2,IN_PROGRESS
2022-10-13 10:40:53,479 [grpc-default-executor-3] INFO  server.GrpcLogAppender (GrpcLogAppender.java:onNext(510)) - s0@group-6905249F38B1->s2-InstallSnapshotResponseHandler: InstallSnapshot in progress.
2022-10-13 10:40:53,480 [grpc-default-executor-2] INFO  impl.SnapshotInstallationHandler (SnapshotInstallationHandler.java:installSnapshot(89)) - s1@group-6905249F38B1: receive installSnapshot: s0->s1#0-t2,notify:(t:2, i:255)
2022-10-13 10:40:53,480 [grpc-default-executor-2] INFO  impl.SnapshotInstallationHandler (SnapshotInstallationHandler.java:installSnapshot(100)) - s1@group-6905249F38B1: reply installSnapshot: s0<-s1#0:FAIL-t2,IN_PROGRESS
2022-10-13 10:40:53,480 [s2-server-thread1] INFO  server.RaftServer$Division (RaftServerImpl.java:checkInconsistentAppendEntries(1577)) - s2@group-6905249F38B1: Failed appendEntries as snapshot (255) installation is in progress
2022-10-13 10:40:53,480 [s2-server-thread1] INFO  server.RaftServer$Division (RaftServerImpl.java:checkInconsistentAppendEntries(1569)) - s2@group-6905249F38B1: inconsistency entries. Reply:s0<-s2#17:FAIL-t2,INCONSISTENCY,nextIndex=0,followerCommit=-1,matchIndex=-1
2022-10-13 10:40:53,480 [grpc-default-executor-0] INFO  server.GrpcServerProtocolService (GrpcServerProtocolService.java:onCompleted(143)) - s1: Completed INSTALL_SNAPSHOT, lastRequest: s0->s1#0-t2,notify:(t:2, i:255)
2022-10-13 10:40:53,481 [grpc-default-executor-0] INFO  server.GrpcLogAppender (GrpcLogAppender.java:onNext(492)) - s0@group-6905249F38B1->s1-InstallSnapshotResponseHandler: received a reply s0<-s1#0:FAIL-t2,IN_PROGRESS
2022-10-13 10:40:53,481 [grpc-default-executor-0] INFO  server.GrpcLogAppender (GrpcLogAppender.java:onNext(510)) - s0@group-6905249F38B1->s1-InstallSnapshotResponseHandler: InstallSnapshot in progress.
2022-10-13 10:40:53,481 [grpc-default-executor-0] INFO  leader.FollowerInfo (FollowerInfoImpl.java:lambda$new$0(48)) - s0@group-6905249F38B1->s2: nextIndex: updateUnconditionally 0 -> 0
2022-10-13 10:40:53,481 [s0@group-6905249F38B1->s2-GrpcLogAppender-LogAppenderDaemon] INFO  server.GrpcLogAppender (GrpcLogAppender.java:installSnapshot(633)) - s0@group-6905249F38B1->s2-GrpcLogAppender: followerNextIndex = 0 but logStartIndex = 255, notify follower to install snapshot-(t:2, i:255)
2022-10-13 10:40:53,481 [s0@group-6905249F38B1->s2-GrpcLogAppender-LogAppenderDaemon] INFO  server.GrpcLogAppender (GrpcLogAppender.java:installSnapshot(641)) - s0@group-6905249F38B1->s2-GrpcLogAppender: send s0->s2#0-t2,notify:(t:2, i:255)
2022-10-13 10:40:53,481 [s1-server-thread1] INFO  server.RaftServer$Division (RaftServerImpl.java:checkInconsistentAppendEntries(1577)) - s1@group-6905249F38B1: Failed appendEntries as snapshot (255) installation is in progress
2022-10-13 10:40:53,482 [s1-server-thread1] INFO  server.RaftServer$Division (RaftServerImpl.java:checkInconsistentAppendEntries(1569)) - s1@group-6905249F38B1: inconsistency entries. Reply:s0<-s1#18:FAIL-t2,INCONSISTENCY,nextIndex=0,followerCommit=-1,matchIndex=-1
2022-10-13 10:40:53,482 [grpc-default-executor-2] INFO  impl.SnapshotInstallationHandler (SnapshotInstallationHandler.java:installSnapshot(89)) - s2@group-6905249F38B1: receive installSnapshot: s0->s2#0-t2,notify:(t:2, i:255)
2022-10-13 10:40:53,482 [grpc-default-executor-2] INFO  impl.SnapshotInstallationHandler (SnapshotInstallationHandler.java:installSnapshot(100)) - s2@group-6905249F38B1: reply installSnapshot: s0<-s2#0:FAIL-t2,IN_PROGRESS
2022-10-13 10:40:53,482 [grpc-default-executor-2] INFO  server.GrpcServerProtocolService (GrpcServerProtocolService.java:onCompleted(143)) - s2: Completed INSTALL_SNAPSHOT, lastRequest: s0->s2#0-t2,notify:(t:2, i:255)
2022-10-13 10:40:53,483 [grpc-default-executor-2] INFO  leader.FollowerInfo (FollowerInfoImpl.java:lambda$new$0(48)) - s0@group-6905249F38B1->s1: nextIndex: updateUnconditionally 0 -> 0
2022-10-13 10:40:53,483 [s0@group-6905249F38B1->s1-GrpcLogAppender-LogAppenderDaemon] INFO  server.GrpcLogAppender (GrpcLogAppender.java:installSnapshot(633)) - s0@group-6905249F38B1->s1-GrpcLogAppender: followerNextIndex = 0 but logStartIndex = 255, notify follower to install snapshot-(t:2, i:255)
2022-10-13 10:40:53,483 [s0@group-6905249F38B1->s1-GrpcLogAppender-LogAppenderDaemon] INFO  server.GrpcLogAppender (GrpcLogAppender.java:installSnapshot(641)) - s0@group-6905249F38B1->s1-GrpcLogAppender: send s0->s1#0-t2,notify:(t:2, i:255)
2022-10-13 10:40:53,483 [grpc-default-executor-2] INFO  server.GrpcLogAppender (GrpcLogAppender.java:onNext(492)) - s0@group-6905249F38B1->s2-InstallSnapshotResponseHandler: received a reply s0<-s2#0:FAIL-t2,IN_PROGRESS
2022-10-13 10:40:53,484 [grpc-default-executor-2] INFO  server.GrpcLogAppender (GrpcLogAppender.java:onNext(510)) - s0@group-6905249F38B1->s2-InstallSnapshotResponseHandler: InstallSnapshot in progress.
2022-10-13 10:40:53,484 [s2-server-thread1] INFO  server.RaftServer$Division (RaftServerImpl.java:checkInconsistentAppendEntries(1577)) - s2@group-6905249F38B1: Failed appendEntries as snapshot (255) installation is in progress
2022-10-13 10:40:53,484 [s2-server-thread1] INFO  server.RaftServer$Division (RaftServerImpl.java:checkInconsistentAppendEntries(1569)) - s2@group-6905249F38B1: inconsistency entries. Reply:s0<-s2#18:FAIL-t2,INCONSISTENCY,nextIndex=0,followerCommit=-1,matchIndex=-1
2022-10-13 10:40:53,485 [grpc-default-executor-2] INFO  impl.SnapshotInstallationHandler (SnapshotInstallationHandler.java:installSnapshot(89)) - s1@group-6905249F38B1: receive installSnapshot: s0->s1#0-t2,notify:(t:2, i:255)
2022-10-13 10:40:53,485 [grpc-default-executor-2] INFO  impl.SnapshotInstallationHandler (SnapshotInstallationHandler.java:installSnapshot(100)) - s1@group-6905249F38B1: reply installSnapshot: s0<-s1#0:FAIL-t2,IN_PROGRESS
2022-10-13 10:40:53,485 [grpc-default-executor-2] INFO  server.GrpcServerProtocolService (GrpcServerProtocolService.java:onCompleted(143)) - s1: Completed INSTALL_SNAPSHOT, lastRequest: s0->s1#0-t2,notify:(t:2, i:255)
2022-10-13 10:40:53,485 [grpc-default-executor-2] INFO  server.GrpcLogAppender (GrpcLogAppender.java:onNext(492)) - s0@group-6905249F38B1->s1-InstallSnapshotResponseHandler: received a reply s0<-s1#0:FAIL-t2,IN_PROGRESS
2022-10-13 10:40:53,485 [grpc-default-executor-2] INFO  server.GrpcLogAppender (GrpcLogAppender.java:onNext(510)) - s0@group-6905249F38B1->s1-InstallSnapshotResponseHandler: InstallSnapshot in progress.
2022-10-13 10:40:53,486 [s1-server-thread1] INFO  server.RaftServer$Division (RaftServerImpl.java:checkInconsistentAppendEntries(1577)) - s1@group-6905249F38B1: Failed appendEntries as snapshot (255) installation is in progress
2022-10-13 10:40:53,486 [s1-server-thread1] INFO  server.RaftServer$Division (RaftServerImpl.java:checkInconsistentAppendEntries(1569)) - s1@group-6905249F38B1: inconsistency entries. Reply:s0<-s1#19:FAIL-t2,INCONSISTENCY,nextIndex=0,followerCommit=-1,matchIndex=-1
2022-10-13 10:40:53,486 [grpc-default-executor-0] INFO  leader.FollowerInfo (FollowerInfoImpl.java:lambda$new$0(48)) - s0@group-6905249F38B1->s2: nextIndex: updateUnconditionally 0 -> 0
2022-10-13 10:40:53,486 [s0@group-6905249F38B1->s2-GrpcLogAppender-LogAppenderDaemon] INFO  server.GrpcLogAppender (GrpcLogAppender.java:installSnapshot(633)) - s0@group-6905249F38B1->s2-GrpcLogAppender: followerNextIndex = 0 but logStartIndex = 255, notify follower to install snapshot-(t:2, i:255)
2022-10-13 10:40:53,486 [s0@group-6905249F38B1->s2-GrpcLogAppender-LogAppenderDaemon] INFO  server.GrpcLogAppender (GrpcLogAppender.java:installSnapshot(641)) - s0@group-6905249F38B1->s2-GrpcLogAppender: send s0->s2#0-t2,notify:(t:2, i:255)
2022-10-13 10:40:53,487 [grpc-default-executor-0] INFO  leader.FollowerInfo (FollowerInfoImpl.java:lambda$new$0(48)) - s0@group-6905249F38B1->s1: nextIndex: updateUnconditionally 0 -> 0
2022-10-13 10:40:53,487 [s0@group-6905249F38B1->s1-GrpcLogAppender-LogAppenderDaemon] INFO  server.GrpcLogAppender (GrpcLogAppender.java:installSnapshot(633)) - s0@group-6905249F38B1->s1-GrpcLogAppender: followerNextIndex = 0 but logStartIndex = 255, notify follower to install snapshot-(t:2, i:255)
2022-10-13 10:40:53,487 [s0@group-6905249F38B1->s1-GrpcLogAppender-LogAppenderDaemon] INFO  server.GrpcLogAppender (GrpcLogAppender.java:installSnapshot(641)) - s0@group-6905249F38B1->s1-GrpcLogAppender: send s0->s1#0-t2,notify:(t:2, i:255)
2022-10-13 10:40:53,491 [grpc-default-executor-0] INFO  impl.SnapshotInstallationHandler (SnapshotInstallationHandler.java:installSnapshot(89)) - s1@group-6905249F38B1: receive installSnapshot: s0->s1#0-t2,notify:(t:2, i:255)
2022-10-13 10:40:53,491 [grpc-default-executor-0] INFO  impl.SnapshotInstallationHandler (SnapshotInstallationHandler.java:installSnapshot(100)) - s1@group-6905249F38B1: reply installSnapshot: s0<-s1#0:FAIL-t2,IN_PROGRESS
2022-10-13 10:40:53,491 [grpc-default-executor-0] INFO  server.GrpcServerProtocolService (GrpcServerProtocolService.java:onCompleted(143)) - s1: Completed INSTALL_SNAPSHOT, lastRequest: s0->s1#0-t2,notify:(t:2, i:255)
2022-10-13 10:40:53,492 [grpc-default-executor-0] INFO  server.GrpcLogAppender (GrpcLogAppender.java:onNext(492)) - s0@group-6905249F38B1->s1-InstallSnapshotResponseHandler: received a reply s0<-s1#0:FAIL-t2,IN_PROGRESS
2022-10-13 10:40:53,492 [grpc-default-executor-0] INFO  server.GrpcLogAppender (GrpcLogAppender.java:onNext(510)) - s0@group-6905249F38B1->s1-InstallSnapshotResponseHandler: InstallSnapshot in progress.
2022-10-13 10:40:53,493 [s1-server-thread1] INFO  server.RaftServer$Division (RaftServerImpl.java:checkInconsistentAppendEntries(1577)) - s1@group-6905249F38B1: Failed appendEntries as snapshot (255) installation is in progress
2022-10-13 10:40:53,493 [s1-server-thread1] INFO  server.RaftServer$Division (RaftServerImpl.java:checkInconsistentAppendEntries(1569)) - s1@group-6905249F38B1: inconsistency entries. Reply:s0<-s1#20:FAIL-t2,INCONSISTENCY,nextIndex=0,followerCommit=-1,matchIndex=-1
2022-10-13 10:40:53,493 [grpc-default-executor-2] INFO  impl.SnapshotInstallationHandler (SnapshotInstallationHandler.java:installSnapshot(89)) - s2@group-6905249F38B1: receive installSnapshot: s0->s2#0-t2,notify:(t:2, i:255)
2022-10-13 10:40:53,493 [grpc-default-executor-2] INFO  impl.SnapshotInstallationHandler (SnapshotInstallationHandler.java:installSnapshot(100)) - s2@group-6905249F38B1: reply installSnapshot: s0<-s2#0:FAIL-t2,IN_PROGRESS
2022-10-13 10:40:53,493 [grpc-default-executor-2] INFO  server.GrpcServerProtocolService (GrpcServerProtocolService.java:onCompleted(143)) - s2: Completed INSTALL_SNAPSHOT, lastRequest: s0->s2#0-t2,notify:(t:2, i:255)
2022-10-13 10:40:53,494 [grpc-default-executor-2] INFO  leader.FollowerInfo (FollowerInfoImpl.java:lambda$new$0(48)) - s0@group-6905249F38B1->s1: nextIndex: updateUnconditionally 0 -> 0
2022-10-13 10:40:53,494 [s0@group-6905249F38B1->s1-GrpcLogAppender-LogAppenderDaemon] INFO  server.GrpcLogAppender (GrpcLogAppender.java:installSnapshot(633)) - s0@group-6905249F38B1->s1-GrpcLogAppender: followerNextIndex = 0 but logStartIndex = 255, notify follower to install snapshot-(t:2, i:255)
2022-10-13 10:40:53,494 [s0@group-6905249F38B1->s1-GrpcLogAppender-LogAppenderDaemon] INFO  server.GrpcLogAppender (GrpcLogAppender.java:installSnapshot(641)) - s0@group-6905249F38B1->s1-GrpcLogAppender: send s0->s1#0-t2,notify:(t:2, i:255)
2022-10-13 10:40:53,495 [grpc-default-executor-2] INFO  server.GrpcLogAppender (GrpcLogAppender.java:onNext(492)) - s0@group-6905249F38B1->s2-InstallSnapshotResponseHandler: received a reply s0<-s2#0:FAIL-t2,IN_PROGRESS
2022-10-13 10:40:53,495 [grpc-default-executor-2] INFO  server.GrpcLogAppender (GrpcLogAppender.java:onNext(510)) - s0@group-6905249F38B1->s2-InstallSnapshotResponseHandler: InstallSnapshot in progress.
2022-10-13 10:40:53,495 [s2-server-thread1] INFO  server.RaftServer$Division (RaftServerImpl.java:checkInconsistentAppendEntries(1577)) - s2@group-6905249F38B1: Failed appendEntries as snapshot (255) installation is in progress
2022-10-13 10:40:53,495 [s2-server-thread1] INFO  server.RaftServer$Division (RaftServerImpl.java:checkInconsistentAppendEntries(1569)) - s2@group-6905249F38B1: inconsistency entries. Reply:s0<-s2#19:FAIL-t2,INCONSISTENCY,nextIndex=0,followerCommit=-1,matchIndex=-1
2022-10-13 10:40:53,496 [grpc-default-executor-2] INFO  leader.FollowerInfo (FollowerInfoImpl.java:lambda$new$0(48)) - s0@group-6905249F38B1->s2: nextIndex: updateUnconditionally 0 -> 0
2022-10-13 10:40:53,496 [s0@group-6905249F38B1->s2-GrpcLogAppender-LogAppenderDaemon] INFO  server.GrpcLogAppender (GrpcLogAppender.java:installSnapshot(633)) - s0@group-6905249F38B1->s2-GrpcLogAppender: followerNextIndex = 0 but logStartIndex = 255, notify follower to install snapshot-(t:2, i:255)
2022-10-13 10:40:53,496 [s0@group-6905249F38B1->s2-GrpcLogAppender-LogAppenderDaemon] INFO  server.GrpcLogAppender (GrpcLogAppender.java:installSnapshot(641)) - s0@group-6905249F38B1->s2-GrpcLogAppender: send s0->s2#0-t2,notify:(t:2, i:255)
2022-10-13 10:40:53,497 [grpc-default-executor-2] INFO  impl.SnapshotInstallationHandler (SnapshotInstallationHandler.java:installSnapshot(89)) - s1@group-6905249F38B1: receive installSnapshot: s0->s1#0-t2,notify:(t:2, i:255)
2022-10-13 10:40:53,497 [grpc-default-executor-2] INFO  impl.SnapshotInstallationHandler (SnapshotInstallationHandler.java:installSnapshot(100)) - s1@group-6905249F38B1: reply installSnapshot: s0<-s1#0:FAIL-t2,IN_PROGRESS
2022-10-13 10:40:53,497 [grpc-default-executor-2] INFO  server.GrpcServerProtocolService (GrpcServerProtocolService.java:onCompleted(143)) - s1: Completed INSTALL_SNAPSHOT, lastRequest: s0->s1#0-t2,notify:(t:2, i:255)
2022-10-13 10:40:53,498 [grpc-default-executor-2] INFO  server.GrpcLogAppender (GrpcLogAppender.java:onNext(492)) - s0@group-6905249F38B1->s1-InstallSnapshotResponseHandler: received a reply s0<-s1#0:FAIL-t2,IN_PROGRESS
2022-10-13 10:40:53,498 [grpc-default-executor-2] INFO  server.GrpcLogAppender (GrpcLogAppender.java:onNext(510)) - s0@group-6905249F38B1->s1-InstallSnapshotResponseHandler: InstallSnapshot in progress.
2022-10-13 10:40:53,498 [s1-server-thread1] INFO  server.RaftServer$Division (RaftServerImpl.java:checkInconsistentAppendEntries(1577)) - s1@group-6905249F38B1: Failed appendEntries as snapshot (255) installation is in progress
2022-10-13 10:40:53,498 [s1-server-thread1] INFO  server.RaftServer$Division (RaftServerImpl.java:checkInconsistentAppendEntries(1569)) - s1@group-6905249F38B1: inconsistency entries. Reply:s0<-s1#21:FAIL-t2,INCONSISTENCY,nextIndex=0,followerCommit=-1,matchIndex=-1
2022-10-13 10:40:53,499 [grpc-default-executor-2] INFO  impl.SnapshotInstallationHandler (SnapshotInstallationHandler.java:installSnapshot(89)) - s2@group-6905249F38B1: receive installSnapshot: s0->s2#0-t2,notify:(t:2, i:255)
2022-10-13 10:40:53,499 [grpc-default-executor-2] INFO  impl.SnapshotInstallationHandler (SnapshotInstallationHandler.java:installSnapshot(100)) - s2@group-6905249F38B1: reply installSnapshot: s0<-s2#0:FAIL-t2,IN_PROGRESS
2022-10-13 10:40:53,499 [grpc-default-executor-2] INFO  server.GrpcServerProtocolService (GrpcServerProtocolService.java:onCompleted(143)) - s2: Completed INSTALL_SNAPSHOT, lastRequest: s0->s2#0-t2,notify:(t:2, i:255)
2022-10-13 10:40:53,500 [grpc-default-executor-2] INFO  leader.FollowerInfo (FollowerInfoImpl.java:lambda$new$0(48)) - s0@group-6905249F38B1->s1: nextIndex: updateUnconditionally 0 -> 0
2022-10-13 10:40:53,500 [s0@group-6905249F38B1->s1-GrpcLogAppender-LogAppenderDaemon] INFO  server.GrpcLogAppender (GrpcLogAppender.java:installSnapshot(633)) - s0@group-6905249F38B1->s1-GrpcLogAppender: followerNextIndex = 0 but logStartIndex = 255, notify follower to install snapshot-(t:2, i:255)
2022-10-13 10:40:53,500 [s0@group-6905249F38B1->s1-GrpcLogAppender-LogAppenderDaemon] INFO  server.GrpcLogAppender (GrpcLogAppender.java:installSnapshot(641)) - s0@group-6905249F38B1->s1-GrpcLogAppender: send s0->s1#0-t2,notify:(t:2, i:255)
2022-10-13 10:40:53,500 [grpc-default-executor-2] INFO  server.GrpcLogAppender (GrpcLogAppender.java:onNext(492)) - s0@group-6905249F38B1->s2-InstallSnapshotResponseHandler: received a reply s0<-s2#0:FAIL-t2,IN_PROGRESS
2022-10-13 10:40:53,501 [grpc-default-executor-2] INFO  server.GrpcLogAppender (GrpcLogAppender.java:onNext(510)) - s0@group-6905249F38B1->s2-InstallSnapshotResponseHandler: InstallSnapshot in progress.
2022-10-13 10:40:53,501 [s2-server-thread1] INFO  server.RaftServer$Division (RaftServerImpl.java:checkInconsistentAppendEntries(1577)) - s2@group-6905249F38B1: Failed appendEntries as snapshot (255) installation is in progress
2022-10-13 10:40:53,501 [s2-server-thread1] INFO  server.RaftServer$Division (RaftServerImpl.java:checkInconsistentAppendEntries(1569)) - s2@group-6905249F38B1: inconsistency entries. Reply:s0<-s2#20:FAIL-t2,INCONSISTENCY,nextIndex=0,followerCommit=-1,matchIndex=-1
2022-10-13 10:40:53,502 [grpc-default-executor-2] INFO  leader.FollowerInfo (FollowerInfoImpl.java:lambda$new$0(48)) - s0@group-6905249F38B1->s2: nextIndex: updateUnconditionally 0 -> 0
2022-10-13 10:40:53,502 [s0@group-6905249F38B1->s2-GrpcLogAppender-LogAppenderDaemon] INFO  server.GrpcLogAppender (GrpcLogAppender.java:installSnapshot(633)) - s0@group-6905249F38B1->s2-GrpcLogAppender: followerNextIndex = 0 but logStartIndex = 255, notify follower to install snapshot-(t:2, i:255)
2022-10-13 10:40:53,502 [s0@group-6905249F38B1->s2-GrpcLogAppender-LogAppenderDaemon] INFO  server.GrpcLogAppender (GrpcLogAppender.java:installSnapshot(641)) - s0@group-6905249F38B1->s2-GrpcLogAppender: send s0->s2#0-t2,notify:(t:2, i:255)
2022-10-13 10:40:53,502 [grpc-default-executor-2] INFO  impl.SnapshotInstallationHandler (SnapshotInstallationHandler.java:installSnapshot(89)) - s1@group-6905249F38B1: receive installSnapshot: s0->s1#0-t2,notify:(t:2, i:255)
2022-10-13 10:40:53,503 [grpc-default-executor-2] INFO  impl.SnapshotInstallationHandler (SnapshotInstallationHandler.java:installSnapshot(100)) - s1@group-6905249F38B1: reply installSnapshot: s0<-s1#0:FAIL-t2,IN_PROGRESS
2022-10-13 10:40:53,503 [grpc-default-executor-2] INFO  server.GrpcServerProtocolService (GrpcServerProtocolService.java:onCompleted(143)) - s1: Completed INSTALL_SNAPSHOT, lastRequest: s0->s1#0-t2,notify:(t:2, i:255)
2022-10-13 10:40:53,503 [grpc-default-executor-2] INFO  server.GrpcLogAppender (GrpcLogAppender.java:onNext(492)) - s0@group-6905249F38B1->s1-InstallSnapshotResponseHandler: received a reply s0<-s1#0:FAIL-t2,IN_PROGRESS
2022-10-13 10:40:53,503 [grpc-default-executor-2] INFO  server.GrpcLogAppender (GrpcLogAppender.java:onNext(510)) - s0@group-6905249F38B1->s1-InstallSnapshotResponseHandler: InstallSnapshot in progress.
2022-10-13 10:40:53,504 [s1-server-thread1] INFO  server.RaftServer$Division (RaftServerImpl.java:checkInconsistentAppendEntries(1577)) - s1@group-6905249F38B1: Failed appendEntries as snapshot (255) installation is in progress
2022-10-13 10:40:53,504 [s1-server-thread1] INFO  server.RaftServer$Division (RaftServerImpl.java:checkInconsistentAppendEntries(1569)) - s1@group-6905249F38B1: inconsistency entries. Reply:s0<-s1#22:FAIL-t2,INCONSISTENCY,nextIndex=0,followerCommit=-1,matchIndex=-1
2022-10-13 10:40:53,504 [grpc-default-executor-2] INFO  impl.SnapshotInstallationHandler (SnapshotInstallationHandler.java:installSnapshot(89)) - s2@group-6905249F38B1: receive installSnapshot: s0->s2#0-t2,notify:(t:2, i:255)
2022-10-13 10:40:53,505 [grpc-default-executor-2] INFO  impl.SnapshotInstallationHandler (SnapshotInstallationHandler.java:installSnapshot(100)) - s2@group-6905249F38B1: reply installSnapshot: s0<-s2#0:FAIL-t2,IN_PROGRESS
2022-10-13 10:40:53,505 [grpc-default-executor-2] INFO  server.GrpcServerProtocolService (GrpcServerProtocolService.java:onCompleted(143)) - s2: Completed INSTALL_SNAPSHOT, lastRequest: s0->s2#0-t2,notify:(t:2, i:255)
2022-10-13 10:40:53,505 [grpc-default-executor-2] INFO  leader.FollowerInfo (FollowerInfoImpl.java:lambda$new$0(48)) - s0@group-6905249F38B1->s1: nextIndex: updateUnconditionally 0 -> 0
2022-10-13 10:40:53,505 [s0@group-6905249F38B1->s1-GrpcLogAppender-LogAppenderDaemon] INFO  server.GrpcLogAppender (GrpcLogAppender.java:installSnapshot(633)) - s0@group-6905249F38B1->s1-GrpcLogAppender: followerNextIndex = 0 but logStartIndex = 255, notify follower to install snapshot-(t:2, i:255)
2022-10-13 10:40:53,505 [s0@group-6905249F38B1->s1-GrpcLogAppender-LogAppenderDaemon] INFO  server.GrpcLogAppender (GrpcLogAppender.java:installSnapshot(641)) - s0@group-6905249F38B1->s1-GrpcLogAppender: send s0->s1#0-t2,notify:(t:2, i:255)
2022-10-13 10:40:53,506 [grpc-default-executor-2] INFO  server.GrpcLogAppender (GrpcLogAppender.java:onNext(492)) - s0@group-6905249F38B1->s2-InstallSnapshotResponseHandler: received a reply s0<-s2#0:FAIL-t2,IN_PROGRESS
2022-10-13 10:40:53,506 [grpc-default-executor-2] INFO  server.GrpcLogAppender (GrpcLogAppender.java:onNext(510)) - s0@group-6905249F38B1->s2-InstallSnapshotResponseHandler: InstallSnapshot in progress.
2022-10-13 10:40:53,512 [s2-server-thread1] INFO  server.RaftServer$Division (RaftServerImpl.java:checkInconsistentAppendEntries(1577)) - s2@group-6905249F38B1: Failed appendEntries as snapshot (255) installation is in progress
2022-10-13 10:40:53,512 [s2-server-thread1] INFO  server.RaftServer$Division (RaftServerImpl.java:checkInconsistentAppendEntries(1569)) - s2@group-6905249F38B1: inconsistency entries. Reply:s0<-s2#21:FAIL-t2,INCONSISTENCY,nextIndex=0,followerCommit=-1,matchIndex=-1
2022-10-13 10:40:53,513 [grpc-default-executor-2] INFO  leader.FollowerInfo (FollowerInfoImpl.java:lambda$new$0(48)) - s0@group-6905249F38B1->s2: nextIndex: updateUnconditionally 0 -> 0
2022-10-13 10:40:53,513 [s0@group-6905249F38B1->s2-GrpcLogAppender-LogAppenderDaemon] INFO  server.GrpcLogAppender (GrpcLogAppender.java:installSnapshot(633)) - s0@group-6905249F38B1->s2-GrpcLogAppender: followerNextIndex = 0 but logStartIndex = 255, notify follower to install snapshot-(t:2, i:255)
2022-10-13 10:40:53,513 [s0@group-6905249F38B1->s2-GrpcLogAppender-LogAppenderDaemon] INFO  server.GrpcLogAppender (GrpcLogAppender.java:installSnapshot(641)) - s0@group-6905249F38B1->s2-GrpcLogAppender: send s0->s2#0-t2,notify:(t:2, i:255)
2022-10-13 10:40:53,514 [grpc-default-executor-2] INFO  impl.SnapshotInstallationHandler (SnapshotInstallationHandler.java:installSnapshot(89)) - s1@group-6905249F38B1: receive installSnapshot: s0->s1#0-t2,notify:(t:2, i:255)
2022-10-13 10:40:53,514 [grpc-default-executor-2] INFO  impl.SnapshotInstallationHandler (SnapshotInstallationHandler.java:installSnapshot(100)) - s1@group-6905249F38B1: reply installSnapshot: s0<-s1#0:FAIL-t2,IN_PROGRESS
2022-10-13 10:40:53,514 [grpc-default-executor-2] INFO  server.GrpcServerProtocolService (GrpcServerProtocolService.java:onCompleted(143)) - s1: Completed INSTALL_SNAPSHOT, lastRequest: s0->s1#0-t2,notify:(t:2, i:255)
2022-10-13 10:40:53,515 [grpc-default-executor-2] INFO  server.GrpcLogAppender (GrpcLogAppender.java:onNext(492)) - s0@group-6905249F38B1->s1-InstallSnapshotResponseHandler: received a reply s0<-s1#0:FAIL-t2,IN_PROGRESS
2022-10-13 10:40:53,515 [grpc-default-executor-2] INFO  server.GrpcLogAppender (GrpcLogAppender.java:onNext(510)) - s0@group-6905249F38B1->s1-InstallSnapshotResponseHandler: InstallSnapshot in progress.
2022-10-13 10:40:53,515 [s1-server-thread1] INFO  server.RaftServer$Division (RaftServerImpl.java:checkInconsistentAppendEntries(1577)) - s1@group-6905249F38B1: Failed appendEntries as snapshot (255) installation is in progress
2022-10-13 10:40:53,515 [s1-server-thread1] INFO  server.RaftServer$Division (RaftServerImpl.java:checkInconsistentAppendEntries(1569)) - s1@group-6905249F38B1: inconsistency entries. Reply:s0<-s1#23:FAIL-t2,INCONSISTENCY,nextIndex=0,followerCommit=-1,matchIndex=-1
2022-10-13 10:40:53,516 [grpc-default-executor-2] INFO  impl.SnapshotInstallationHandler (SnapshotInstallationHandler.java:installSnapshot(89)) - s2@group-6905249F38B1: receive installSnapshot: s0->s2#0-t2,notify:(t:2, i:255)
2022-10-13 10:40:53,516 [grpc-default-executor-2] INFO  impl.SnapshotInstallationHandler (SnapshotInstallationHandler.java:installSnapshot(100)) - s2@group-6905249F38B1: reply installSnapshot: s0<-s2#0:FAIL-t2,IN_PROGRESS
2022-10-13 10:40:53,516 [grpc-default-executor-0] INFO  leader.FollowerInfo (FollowerInfoImpl.java:lambda$new$0(48)) - s0@group-6905249F38B1->s1: nextIndex: updateUnconditionally 0 -> 0
2022-10-13 10:40:53,516 [grpc-default-executor-2] INFO  server.GrpcServerProtocolService (GrpcServerProtocolService.java:onCompleted(143)) - s2: Completed INSTALL_SNAPSHOT, lastRequest: s0->s2#0-t2,notify:(t:2, i:255)
2022-10-13 10:40:53,517 [grpc-default-executor-3] INFO  server.GrpcLogAppender (GrpcLogAppender.java:onNext(492)) - s0@group-6905249F38B1->s2-InstallSnapshotResponseHandler: received a reply s0<-s2#0:FAIL-t2,IN_PROGRESS
2022-10-13 10:40:53,517 [grpc-default-executor-3] INFO  server.GrpcLogAppender (GrpcLogAppender.java:onNext(510)) - s0@group-6905249F38B1->s2-InstallSnapshotResponseHandler: InstallSnapshot in progress.
2022-10-13 10:40:53,517 [s0@group-6905249F38B1->s1-GrpcLogAppender-LogAppenderDaemon] INFO  server.GrpcLogAppender (GrpcLogAppender.java:installSnapshot(633)) - s0@group-6905249F38B1->s1-GrpcLogAppender: followerNextIndex = 0 but logStartIndex = 255, notify follower to install snapshot-(t:2, i:255)
2022-10-13 10:40:53,517 [s0@group-6905249F38B1->s1-GrpcLogAppender-LogAppenderDaemon] INFO  server.GrpcLogAppender (GrpcLogAppender.java:installSnapshot(641)) - s0@group-6905249F38B1->s1-GrpcLogAppender: send s0->s1#0-t2,notify:(t:2, i:255)
2022-10-13 10:40:53,518 [s2-server-thread1] INFO  server.RaftServer$Division (RaftServerImpl.java:checkInconsistentAppendEntries(1577)) - s2@group-6905249F38B1: Failed appendEntries as snapshot (255) installation is in progress
2022-10-13 10:40:53,518 [s2-server-thread1] INFO  server.RaftServer$Division (RaftServerImpl.java:checkInconsistentAppendEntries(1569)) - s2@group-6905249F38B1: inconsistency entries. Reply:s0<-s2#22:FAIL-t2,INCONSISTENCY,nextIndex=0,followerCommit=-1,matchIndex=-1
2022-10-13 10:40:53,518 [grpc-default-executor-3] INFO  impl.SnapshotInstallationHandler (SnapshotInstallationHandler.java:installSnapshot(89)) - s1@group-6905249F38B1: receive installSnapshot: s0->s1#0-t2,notify:(t:2, i:255)
2022-10-13 10:40:53,518 [grpc-default-executor-2] INFO  leader.FollowerInfo (FollowerInfoImpl.java:lambda$new$0(48)) - s0@group-6905249F38B1->s2: nextIndex: updateUnconditionally 0 -> 0
2022-10-13 10:40:53,518 [grpc-default-executor-3] INFO  impl.SnapshotInstallationHandler (SnapshotInstallationHandler.java:installSnapshot(100)) - s1@group-6905249F38B1: reply installSnapshot: s0<-s1#0:FAIL-t2,IN_PROGRESS
2022-10-13 10:40:53,518 [s0@group-6905249F38B1->s2-GrpcLogAppender-LogAppenderDaemon] INFO  server.GrpcLogAppender (GrpcLogAppender.java:installSnapshot(633)) - s0@group-6905249F38B1->s2-GrpcLogAppender: followerNextIndex = 0 but logStartIndex = 255, notify follower to install snapshot-(t:2, i:255)
2022-10-13 10:40:53,518 [grpc-default-executor-3] INFO  server.GrpcServerProtocolService (GrpcServerProtocolService.java:onCompleted(143)) - s1: Completed INSTALL_SNAPSHOT, lastRequest: s0->s1#0-t2,notify:(t:2, i:255)
2022-10-13 10:40:53,518 [s0@group-6905249F38B1->s2-GrpcLogAppender-LogAppenderDaemon] INFO  server.GrpcLogAppender (GrpcLogAppender.java:installSnapshot(641)) - s0@group-6905249F38B1->s2-GrpcLogAppender: send s0->s2#0-t2,notify:(t:2, i:255)
2022-10-13 10:40:53,519 [grpc-default-executor-3] INFO  server.GrpcLogAppender (GrpcLogAppender.java:onNext(492)) - s0@group-6905249F38B1->s1-InstallSnapshotResponseHandler: received a reply s0<-s1#0:FAIL-t2,IN_PROGRESS
2022-10-13 10:40:53,519 [grpc-default-executor-3] INFO  server.GrpcLogAppender (GrpcLogAppender.java:onNext(510)) - s0@group-6905249F38B1->s1-InstallSnapshotResponseHandler: InstallSnapshot in progress.
2022-10-13 10:40:53,519 [s1-server-thread1] INFO  server.RaftServer$Division (RaftServerImpl.java:checkInconsistentAppendEntries(1577)) - s1@group-6905249F38B1: Failed appendEntries as snapshot (255) installation is in progress
2022-10-13 10:40:53,520 [s1-server-thread1] INFO  server.RaftServer$Division (RaftServerImpl.java:checkInconsistentAppendEntries(1569)) - s1@group-6905249F38B1: inconsistency entries. Reply:s0<-s1#24:FAIL-t2,INCONSISTENCY,nextIndex=0,followerCommit=-1,matchIndex=-1
2022-10-13 10:40:53,520 [grpc-default-executor-2] INFO  impl.SnapshotInstallationHandler (SnapshotInstallationHandler.java:installSnapshot(89)) - s2@group-6905249F38B1: receive installSnapshot: s0->s2#0-t2,notify:(t:2, i:255)
2022-10-13 10:40:53,520 [grpc-default-executor-2] INFO  impl.SnapshotInstallationHandler (SnapshotInstallationHandler.java:installSnapshot(100)) - s2@group-6905249F38B1: reply installSnapshot: s0<-s2#0:FAIL-t2,IN_PROGRESS
2022-10-13 10:40:53,520 [grpc-default-executor-2] INFO  server.GrpcServerProtocolService (GrpcServerProtocolService.java:onCompleted(143)) - s2: Completed INSTALL_SNAPSHOT, lastRequest: s0->s2#0-t2,notify:(t:2, i:255)
2022-10-13 10:40:53,521 [grpc-default-executor-2] INFO  leader.FollowerInfo (FollowerInfoImpl.java:lambda$new$0(48)) - s0@group-6905249F38B1->s1: nextIndex: updateUnconditionally 0 -> 0
2022-10-13 10:40:53,521 [s0@group-6905249F38B1->s1-GrpcLogAppender-LogAppenderDaemon] INFO  server.GrpcLogAppender (GrpcLogAppender.java:installSnapshot(633)) - s0@group-6905249F38B1->s1-GrpcLogAppender: followerNextIndex = 0 but logStartIndex = 255, notify follower to install snapshot-(t:2, i:255)
2022-10-13 10:40:53,521 [s0@group-6905249F38B1->s1-GrpcLogAppender-LogAppenderDaemon] INFO  server.GrpcLogAppender (GrpcLogAppender.java:installSnapshot(641)) - s0@group-6905249F38B1->s1-GrpcLogAppender: send s0->s1#0-t2,notify:(t:2, i:255)
2022-10-13 10:40:53,521 [grpc-default-executor-2] INFO  server.GrpcLogAppender (GrpcLogAppender.java:onNext(492)) - s0@group-6905249F38B1->s2-InstallSnapshotResponseHandler: received a reply s0<-s2#0:FAIL-t2,IN_PROGRESS
2022-10-13 10:40:53,521 [grpc-default-executor-2] INFO  server.GrpcLogAppender (GrpcLogAppender.java:onNext(510)) - s0@group-6905249F38B1->s2-InstallSnapshotResponseHandler: InstallSnapshot in progress.
2022-10-13 10:40:53,522 [s2-server-thread1] INFO  server.RaftServer$Division (RaftServerImpl.java:checkInconsistentAppendEntries(1577)) - s2@group-6905249F38B1: Failed appendEntries as snapshot (255) installation is in progress
2022-10-13 10:40:53,522 [s2-server-thread1] INFO  server.RaftServer$Division (RaftServerImpl.java:checkInconsistentAppendEntries(1569)) - s2@group-6905249F38B1: inconsistency entries. Reply:s0<-s2#23:FAIL-t2,INCONSISTENCY,nextIndex=0,followerCommit=-1,matchIndex=-1
2022-10-13 10:40:53,522 [grpc-default-executor-2] INFO  leader.FollowerInfo (FollowerInfoImpl.java:lambda$new$0(48)) - s0@group-6905249F38B1->s2: nextIndex: updateUnconditionally 0 -> 0
2022-10-13 10:40:53,522 [grpc-default-executor-3] INFO  impl.SnapshotInstallationHandler (SnapshotInstallationHandler.java:installSnapshot(89)) - s1@group-6905249F38B1: receive installSnapshot: s0->s1#0-t2,notify:(t:2, i:255)
2022-10-13 10:40:53,523 [s0@group-6905249F38B1->s2-GrpcLogAppender-LogAppenderDaemon] INFO  server.GrpcLogAppender (GrpcLogAppender.java:installSnapshot(633)) - s0@group-6905249F38B1->s2-GrpcLogAppender: followerNextIndex = 0 but logStartIndex = 255, notify follower to install snapshot-(t:2, i:255)
2022-10-13 10:40:53,523 [grpc-default-executor-3] INFO  impl.SnapshotInstallationHandler (SnapshotInstallationHandler.java:installSnapshot(100)) - s1@group-6905249F38B1: reply installSnapshot: s0<-s1#0:FAIL-t2,IN_PROGRESS
2022-10-13 10:40:53,523 [s0@group-6905249F38B1->s2-GrpcLogAppender-LogAppenderDaemon] INFO  server.GrpcLogAppender (GrpcLogAppender.java:installSnapshot(641)) - s0@group-6905249F38B1->s2-GrpcLogAppender: send s0->s2#0-t2,notify:(t:2, i:255)
2022-10-13 10:40:53,523 [grpc-default-executor-3] INFO  server.GrpcServerProtocolService (GrpcServerProtocolService.java:onCompleted(143)) - s1: Completed INSTALL_SNAPSHOT, lastRequest: s0->s1#0-t2,notify:(t:2, i:255)
2022-10-13 10:40:53,523 [grpc-default-executor-2] INFO  server.GrpcLogAppender (GrpcLogAppender.java:onNext(492)) - s0@group-6905249F38B1->s1-InstallSnapshotResponseHandler: received a reply s0<-s1#0:FAIL-t2,IN_PROGRESS
2022-10-13 10:40:53,523 [grpc-default-executor-2] INFO  server.GrpcLogAppender (GrpcLogAppender.java:onNext(510)) - s0@group-6905249F38B1->s1-InstallSnapshotResponseHandler: InstallSnapshot in progress.
2022-10-13 10:40:53,524 [s1-server-thread1] INFO  server.RaftServer$Division (RaftServerImpl.java:checkInconsistentAppendEntries(1577)) - s1@group-6905249F38B1: Failed appendEntries as snapshot (255) installation is in progress
2022-10-13 10:40:53,524 [s1-server-thread1] INFO  server.RaftServer$Division (RaftServerImpl.java:checkInconsistentAppendEntries(1569)) - s1@group-6905249F38B1: inconsistency entries. Reply:s0<-s1#25:FAIL-t2,INCONSISTENCY,nextIndex=0,followerCommit=-1,matchIndex=-1
2022-10-13 10:40:53,524 [grpc-default-executor-2] INFO  impl.SnapshotInstallationHandler (SnapshotInstallationHandler.java:installSnapshot(89)) - s2@group-6905249F38B1: receive installSnapshot: s0->s2#0-t2,notify:(t:2, i:255)
2022-10-13 10:40:53,525 [grpc-default-executor-2] INFO  impl.SnapshotInstallationHandler (SnapshotInstallationHandler.java:installSnapshot(100)) - s2@group-6905249F38B1: reply installSnapshot: s0<-s2#0:FAIL-t2,IN_PROGRESS
2022-10-13 10:40:53,525 [grpc-default-executor-2] INFO  server.GrpcServerProtocolService (GrpcServerProtocolService.java:onCompleted(143)) - s2: Completed INSTALL_SNAPSHOT, lastRequest: s0->s2#0-t2,notify:(t:2, i:255)
2022-10-13 10:40:53,525 [grpc-default-executor-2] INFO  leader.FollowerInfo (FollowerInfoImpl.java:lambda$new$0(48)) - s0@group-6905249F38B1->s1: nextIndex: updateUnconditionally 0 -> 0
2022-10-13 10:40:53,525 [s0@group-6905249F38B1->s1-GrpcLogAppender-LogAppenderDaemon] INFO  server.GrpcLogAppender (GrpcLogAppender.java:installSnapshot(633)) - s0@group-6905249F38B1->s1-GrpcLogAppender: followerNextIndex = 0 but logStartIndex = 255, notify follower to install snapshot-(t:2, i:255)
2022-10-13 10:40:53,525 [s0@group-6905249F38B1->s1-GrpcLogAppender-LogAppenderDaemon] INFO  server.GrpcLogAppender (GrpcLogAppender.java:installSnapshot(641)) - s0@group-6905249F38B1->s1-GrpcLogAppender: send s0->s1#0-t2,notify:(t:2, i:255)
2022-10-13 10:40:53,526 [grpc-default-executor-2] INFO  server.GrpcLogAppender (GrpcLogAppender.java:onNext(492)) - s0@group-6905249F38B1->s2-InstallSnapshotResponseHandler: received a reply s0<-s2#0:FAIL-t2,IN_PROGRESS
2022-10-13 10:40:53,526 [grpc-default-executor-2] INFO  server.GrpcLogAppender (GrpcLogAppender.java:onNext(510)) - s0@group-6905249F38B1->s2-InstallSnapshotResponseHandler: InstallSnapshot in progress.
2022-10-13 10:40:53,526 [grpc-default-executor-3] INFO  impl.SnapshotInstallationHandler (SnapshotInstallationHandler.java:installSnapshot(89)) - s1@group-6905249F38B1: receive installSnapshot: s0->s1#0-t2,notify:(t:2, i:255)
2022-10-13 10:40:53,527 [grpc-default-executor-3] INFO  impl.SnapshotInstallationHandler (SnapshotInstallationHandler.java:installSnapshot(100)) - s1@group-6905249F38B1: reply installSnapshot: s0<-s1#0:FAIL-t2,IN_PROGRESS
2022-10-13 10:40:53,527 [grpc-default-executor-3] INFO  server.GrpcServerProtocolService (GrpcServerProtocolService.java:onCompleted(143)) - s1: Completed INSTALL_SNAPSHOT, lastRequest: s0->s1#0-t2,notify:(t:2, i:255)
2022-10-13 10:40:53,527 [s2-server-thread1] INFO  server.RaftServer$Division (RaftServerImpl.java:checkInconsistentAppendEntries(1577)) - s2@group-6905249F38B1: Failed appendEntries as snapshot (255) installation is in progress
2022-10-13 10:40:53,527 [s2-server-thread1] INFO  server.RaftServer$Division (RaftServerImpl.java:checkInconsistentAppendEntries(1569)) - s2@group-6905249F38B1: inconsistency entries. Reply:s0<-s2#24:FAIL-t2,INCONSISTENCY,nextIndex=0,followerCommit=-1,matchIndex=-1
2022-10-13 10:40:53,527 [grpc-default-executor-2] INFO  server.GrpcLogAppender (GrpcLogAppender.java:onNext(492)) - s0@group-6905249F38B1->s1-InstallSnapshotResponseHandler: received a reply s0<-s1#0:FAIL-t2,IN_PROGRESS
2022-10-13 10:40:53,527 [grpc-default-executor-2] INFO  server.GrpcLogAppender (GrpcLogAppender.java:onNext(510)) - s0@group-6905249F38B1->s1-InstallSnapshotResponseHandler: InstallSnapshot in progress.
2022-10-13 10:40:53,528 [grpc-default-executor-2] INFO  leader.FollowerInfo (FollowerInfoImpl.java:lambda$new$0(48)) - s0@group-6905249F38B1->s2: nextIndex: updateUnconditionally 0 -> 0
2022-10-13 10:40:53,528 [s0@group-6905249F38B1->s2-GrpcLogAppender-LogAppenderDaemon] INFO  server.GrpcLogAppender (GrpcLogAppender.java:installSnapshot(633)) - s0@group-6905249F38B1->s2-GrpcLogAppender: followerNextIndex = 0 but logStartIndex = 255, notify follower to install snapshot-(t:2, i:255)
2022-10-13 10:40:53,528 [s0@group-6905249F38B1->s2-GrpcLogAppender-LogAppenderDaemon] INFO  server.GrpcLogAppender (GrpcLogAppender.java:installSnapshot(641)) - s0@group-6905249F38B1->s2-GrpcLogAppender: send s0->s2#0-t2,notify:(t:2, i:255)
2022-10-13 10:40:53,529 [s1-server-thread1] INFO  server.RaftServer$Division (RaftServerImpl.java:checkInconsistentAppendEntries(1577)) - s1@group-6905249F38B1: Failed appendEntries as snapshot (255) installation is in progress
2022-10-13 10:40:53,529 [s1-server-thread1] INFO  server.RaftServer$Division (RaftServerImpl.java:checkInconsistentAppendEntries(1569)) - s1@group-6905249F38B1: inconsistency entries. Reply:s0<-s1#26:FAIL-t2,INCONSISTENCY,nextIndex=0,followerCommit=-1,matchIndex=-1
2022-10-13 10:40:53,529 [grpc-default-executor-2] INFO  leader.FollowerInfo (FollowerInfoImpl.java:lambda$new$0(48)) - s0@group-6905249F38B1->s1: nextIndex: updateUnconditionally 0 -> 0
2022-10-13 10:40:53,529 [s0@group-6905249F38B1->s1-GrpcLogAppender-LogAppenderDaemon] INFO  server.GrpcLogAppender (GrpcLogAppender.java:installSnapshot(633)) - s0@group-6905249F38B1->s1-GrpcLogAppender: followerNextIndex = 0 but logStartIndex = 255, notify follower to install snapshot-(t:2, i:255)
2022-10-13 10:40:53,529 [s0@group-6905249F38B1->s1-GrpcLogAppender-LogAppenderDaemon] INFO  server.GrpcLogAppender (GrpcLogAppender.java:installSnapshot(641)) - s0@group-6905249F38B1->s1-GrpcLogAppender: send s0->s1#0-t2,notify:(t:2, i:255)
2022-10-13 10:40:53,530 [grpc-default-executor-2] INFO  impl.SnapshotInstallationHandler (SnapshotInstallationHandler.java:installSnapshot(89)) - s2@group-6905249F38B1: receive installSnapshot: s0->s2#0-t2,notify:(t:2, i:255)
2022-10-13 10:40:53,530 [grpc-default-executor-2] INFO  impl.SnapshotInstallationHandler (SnapshotInstallationHandler.java:installSnapshot(100)) - s2@group-6905249F38B1: reply installSnapshot: s0<-s2#0:FAIL-t2,IN_PROGRESS
2022-10-13 10:40:53,531 [grpc-default-executor-0] INFO  server.GrpcLogAppender (GrpcLogAppender.java:onNext(492)) - s0@group-6905249F38B1->s2-InstallSnapshotResponseHandler: received a reply s0<-s2#0:FAIL-t2,IN_PROGRESS
2022-10-13 10:40:53,531 [grpc-default-executor-0] INFO  server.GrpcLogAppender (GrpcLogAppender.java:onNext(510)) - s0@group-6905249F38B1->s2-InstallSnapshotResponseHandler: InstallSnapshot in progress.
2022-10-13 10:40:53,531 [grpc-default-executor-2] INFO  server.GrpcServerProtocolService (GrpcServerProtocolService.java:onCompleted(143)) - s2: Completed INSTALL_SNAPSHOT, lastRequest: s0->s2#0-t2,notify:(t:2, i:255)
2022-10-13 10:40:53,531 [grpc-default-executor-3] INFO  impl.SnapshotInstallationHandler (SnapshotInstallationHandler.java:installSnapshot(89)) - s1@group-6905249F38B1: receive installSnapshot: s0->s1#0-t2,notify:(t:2, i:255)
2022-10-13 10:40:53,531 [grpc-default-executor-3] INFO  impl.SnapshotInstallationHandler (SnapshotInstallationHandler.java:installSnapshot(100)) - s1@group-6905249F38B1: reply installSnapshot: s0<-s1#0:FAIL-t2,IN_PROGRESS
2022-10-13 10:40:53,531 [grpc-default-executor-3] INFO  server.GrpcServerProtocolService (GrpcServerProtocolService.java:onCompleted(143)) - s1: Completed INSTALL_SNAPSHOT, lastRequest: s0->s1#0-t2,notify:(t:2, i:255)
2022-10-13 10:40:53,531 [grpc-default-executor-2] INFO  server.GrpcLogAppender (GrpcLogAppender.java:onNext(492)) - s0@group-6905249F38B1->s1-InstallSnapshotResponseHandler: received a reply s0<-s1#0:FAIL-t2,IN_PROGRESS
2022-10-13 10:40:53,532 [grpc-default-executor-2] INFO  server.GrpcLogAppender (GrpcLogAppender.java:onNext(510)) - s0@group-6905249F38B1->s1-InstallSnapshotResponseHandler: InstallSnapshot in progress.
2022-10-13 10:40:53,536 [s2-server-thread1] INFO  server.RaftServer$Division (RaftServerImpl.java:checkInconsistentAppendEntries(1577)) - s2@group-6905249F38B1: Failed appendEntries as snapshot (255) installation is in progress
2022-10-13 10:40:53,536 [s2-server-thread1] INFO  server.RaftServer$Division (RaftServerImpl.java:checkInconsistentAppendEntries(1569)) - s2@group-6905249F38B1: inconsistency entries. Reply:s0<-s2#25:FAIL-t2,INCONSISTENCY,nextIndex=0,followerCommit=-1,matchIndex=-1
2022-10-13 10:40:53,537 [s1-server-thread1] INFO  server.RaftServer$Division (RaftServerImpl.java:checkInconsistentAppendEntries(1577)) - s1@group-6905249F38B1: Failed appendEntries as snapshot (255) installation is in progress
2022-10-13 10:40:53,537 [s1-server-thread1] INFO  server.RaftServer$Division (RaftServerImpl.java:checkInconsistentAppendEntries(1569)) - s1@group-6905249F38B1: inconsistency entries. Reply:s0<-s1#27:FAIL-t2,INCONSISTENCY,nextIndex=0,followerCommit=-1,matchIndex=-1
2022-10-13 10:40:53,537 [grpc-default-executor-3] INFO  leader.FollowerInfo (FollowerInfoImpl.java:lambda$new$0(48)) - s0@group-6905249F38B1->s2: nextIndex: updateUnconditionally 0 -> 0
2022-10-13 10:40:53,537 [s0@group-6905249F38B1->s2-GrpcLogAppender-LogAppenderDaemon] INFO  server.GrpcLogAppender (GrpcLogAppender.java:installSnapshot(633)) - s0@group-6905249F38B1->s2-GrpcLogAppender: followerNextIndex = 0 but logStartIndex = 255, notify follower to install snapshot-(t:2, i:255)
2022-10-13 10:40:53,537 [s0@group-6905249F38B1->s2-GrpcLogAppender-LogAppenderDaemon] INFO  server.GrpcLogAppender (GrpcLogAppender.java:installSnapshot(641)) - s0@group-6905249F38B1->s2-GrpcLogAppender: send s0->s2#0-t2,notify:(t:2, i:255)
2022-10-13 10:40:53,538 [grpc-default-executor-3] INFO  leader.FollowerInfo (FollowerInfoImpl.java:lambda$new$0(48)) - s0@group-6905249F38B1->s1: nextIndex: updateUnconditionally 0 -> 0
2022-10-13 10:40:53,538 [s0@group-6905249F38B1->s1-GrpcLogAppender-LogAppenderDaemon] INFO  server.GrpcLogAppender (GrpcLogAppender.java:installSnapshot(633)) - s0@group-6905249F38B1->s1-GrpcLogAppender: followerNextIndex = 0 but logStartIndex = 255, notify follower to install snapshot-(t:2, i:255)
2022-10-13 10:40:53,538 [s0@group-6905249F38B1->s1-GrpcLogAppender-LogAppenderDaemon] INFO  server.GrpcLogAppender (GrpcLogAppender.java:installSnapshot(641)) - s0@group-6905249F38B1->s1-GrpcLogAppender: send s0->s1#0-t2,notify:(t:2, i:255)
2022-10-13 10:40:53,539 [grpc-default-executor-3] INFO  impl.SnapshotInstallationHandler (SnapshotInstallationHandler.java:installSnapshot(89)) - s1@group-6905249F38B1: receive installSnapshot: s0->s1#0-t2,notify:(t:2, i:255)
2022-10-13 10:40:53,539 [grpc-default-executor-2] INFO  impl.SnapshotInstallationHandler (SnapshotInstallationHandler.java:installSnapshot(89)) - s2@group-6905249F38B1: receive installSnapshot: s0->s2#0-t2,notify:(t:2, i:255)
2022-10-13 10:40:53,539 [grpc-default-executor-3] INFO  impl.SnapshotInstallationHandler (SnapshotInstallationHandler.java:installSnapshot(100)) - s1@group-6905249F38B1: reply installSnapshot: s0<-s1#0:FAIL-t2,IN_PROGRESS
2022-10-13 10:40:53,539 [grpc-default-executor-2] INFO  impl.SnapshotInstallationHandler (SnapshotInstallationHandler.java:installSnapshot(100)) - s2@group-6905249F38B1: reply installSnapshot: s0<-s2#0:FAIL-t2,IN_PROGRESS
2022-10-13 10:40:53,539 [grpc-default-executor-3] INFO  server.GrpcServerProtocolService (GrpcServerProtocolService.java:onCompleted(143)) - s1: Completed INSTALL_SNAPSHOT, lastRequest: s0->s1#0-t2,notify:(t:2, i:255)
2022-10-13 10:40:53,539 [grpc-default-executor-2] INFO  server.GrpcServerProtocolService (GrpcServerProtocolService.java:onCompleted(143)) - s2: Completed INSTALL_SNAPSHOT, lastRequest: s0->s2#0-t2,notify:(t:2, i:255)
2022-10-13 10:40:53,540 [grpc-default-executor-2] INFO  server.GrpcLogAppender (GrpcLogAppender.java:onNext(492)) - s0@group-6905249F38B1->s1-InstallSnapshotResponseHandler: received a reply s0<-s1#0:FAIL-t2,IN_PROGRESS
2022-10-13 10:40:53,540 [grpc-default-executor-2] INFO  server.GrpcLogAppender (GrpcLogAppender.java:onNext(510)) - s0@group-6905249F38B1->s1-InstallSnapshotResponseHandler: InstallSnapshot in progress.
2022-10-13 10:40:53,540 [s1-server-thread1] INFO  server.RaftServer$Division (RaftServerImpl.java:checkInconsistentAppendEntries(1577)) - s1@group-6905249F38B1: Failed appendEntries as snapshot (255) installation is in progress
2022-10-13 10:40:53,540 [s1-server-thread1] INFO  server.RaftServer$Division (RaftServerImpl.java:checkInconsistentAppendEntries(1569)) - s1@group-6905249F38B1: inconsistency entries. Reply:s0<-s1#28:FAIL-t2,INCONSISTENCY,nextIndex=0,followerCommit=-1,matchIndex=-1
2022-10-13 10:40:53,541 [grpc-default-executor-2] INFO  server.GrpcLogAppender (GrpcLogAppender.java:onNext(492)) - s0@group-6905249F38B1->s2-InstallSnapshotResponseHandler: received a reply s0<-s2#0:FAIL-t2,IN_PROGRESS
2022-10-13 10:40:53,541 [grpc-default-executor-2] INFO  server.GrpcLogAppender (GrpcLogAppender.java:onNext(510)) - s0@group-6905249F38B1->s2-InstallSnapshotResponseHandler: InstallSnapshot in progress.
2022-10-13 10:40:53,541 [grpc-default-executor-3] INFO  leader.FollowerInfo (FollowerInfoImpl.java:lambda$new$0(48)) - s0@group-6905249F38B1->s1: nextIndex: updateUnconditionally 0 -> 0
2022-10-13 10:40:53,542 [s2-server-thread1] INFO  server.RaftServer$Division (RaftServerImpl.java:checkInconsistentAppendEntries(1577)) - s2@group-6905249F38B1: Failed appendEntries as snapshot (255) installation is in progress
2022-10-13 10:40:53,542 [s2-server-thread1] INFO  server.RaftServer$Division (RaftServerImpl.java:checkInconsistentAppendEntries(1569)) - s2@group-6905249F38B1: inconsistency entries. Reply:s0<-s2#26:FAIL-t2,INCONSISTENCY,nextIndex=0,followerCommit=-1,matchIndex=-1
2022-10-13 10:40:53,542 [s0@group-6905249F38B1->s1-GrpcLogAppender-LogAppenderDaemon] INFO  server.GrpcLogAppender (GrpcLogAppender.java:installSnapshot(633)) - s0@group-6905249F38B1->s1-GrpcLogAppender: followerNextIndex = 0 but logStartIndex = 255, notify follower to install snapshot-(t:2, i:255)
2022-10-13 10:40:53,542 [s0@group-6905249F38B1->s1-GrpcLogAppender-LogAppenderDaemon] INFO  server.GrpcLogAppender (GrpcLogAppender.java:installSnapshot(641)) - s0@group-6905249F38B1->s1-GrpcLogAppender: send s0->s1#0-t2,notify:(t:2, i:255)
2022-10-13 10:40:53,542 [grpc-default-executor-2] INFO  impl.SnapshotInstallationHandler (SnapshotInstallationHandler.java:installSnapshot(89)) - s1@group-6905249F38B1: receive installSnapshot: s0->s1#0-t2,notify:(t:2, i:255)
2022-10-13 10:40:53,543 [grpc-default-executor-2] INFO  impl.SnapshotInstallationHandler (SnapshotInstallationHandler.java:installSnapshot(100)) - s1@group-6905249F38B1: reply installSnapshot: s0<-s1#0:FAIL-t2,IN_PROGRESS
2022-10-13 10:40:53,543 [grpc-default-executor-2] INFO  server.GrpcServerProtocolService (GrpcServerProtocolService.java:onCompleted(143)) - s1: Completed INSTALL_SNAPSHOT, lastRequest: s0->s1#0-t2,notify:(t:2, i:255)
2022-10-13 10:40:53,543 [grpc-default-executor-2] INFO  server.GrpcLogAppender (GrpcLogAppender.java:onNext(492)) - s0@group-6905249F38B1->s1-InstallSnapshotResponseHandler: received a reply s0<-s1#0:FAIL-t2,IN_PROGRESS
2022-10-13 10:40:53,543 [grpc-default-executor-2] INFO  server.GrpcLogAppender (GrpcLogAppender.java:onNext(510)) - s0@group-6905249F38B1->s1-InstallSnapshotResponseHandler: InstallSnapshot in progress.
2022-10-13 10:40:53,544 [grpc-default-executor-2] INFO  leader.FollowerInfo (FollowerInfoImpl.java:lambda$new$0(48)) - s0@group-6905249F38B1->s2: nextIndex: updateUnconditionally 0 -> 0
2022-10-13 10:40:53,544 [s0@group-6905249F38B1->s2-GrpcLogAppender-LogAppenderDaemon] INFO  server.GrpcLogAppender (GrpcLogAppender.java:installSnapshot(633)) - s0@group-6905249F38B1->s2-GrpcLogAppender: followerNextIndex = 0 but logStartIndex = 255, notify follower to install snapshot-(t:2, i:255)
2022-10-13 10:40:53,544 [s0@group-6905249F38B1->s2-GrpcLogAppender-LogAppenderDaemon] INFO  server.GrpcLogAppender (GrpcLogAppender.java:installSnapshot(641)) - s0@group-6905249F38B1->s2-GrpcLogAppender: send s0->s2#0-t2,notify:(t:2, i:255)
2022-10-13 10:40:53,544 [s1-server-thread1] INFO  server.RaftServer$Division (RaftServerImpl.java:checkInconsistentAppendEntries(1577)) - s1@group-6905249F38B1: Failed appendEntries as snapshot (255) installation is in progress
2022-10-13 10:40:53,544 [s1-server-thread1] INFO  server.RaftServer$Division (RaftServerImpl.java:checkInconsistentAppendEntries(1569)) - s1@group-6905249F38B1: inconsistency entries. Reply:s0<-s1#29:FAIL-t2,INCONSISTENCY,nextIndex=0,followerCommit=-1,matchIndex=-1
2022-10-13 10:40:53,545 [grpc-default-executor-2] INFO  leader.FollowerInfo (FollowerInfoImpl.java:lambda$new$0(48)) - s0@group-6905249F38B1->s1: nextIndex: updateUnconditionally 0 -> 0
2022-10-13 10:40:53,545 [s0@group-6905249F38B1->s1-GrpcLogAppender-LogAppenderDaemon] INFO  server.GrpcLogAppender (GrpcLogAppender.java:installSnapshot(633)) - s0@group-6905249F38B1->s1-GrpcLogAppender: followerNextIndex = 0 but logStartIndex = 255, notify follower to install snapshot-(t:2, i:255)
2022-10-13 10:40:53,545 [s0@group-6905249F38B1->s1-GrpcLogAppender-LogAppenderDaemon] INFO  server.GrpcLogAppender (GrpcLogAppender.java:installSnapshot(641)) - s0@group-6905249F38B1->s1-GrpcLogAppender: send s0->s1#0-t2,notify:(t:2, i:255)
2022-10-13 10:40:53,546 [grpc-default-executor-2] INFO  impl.SnapshotInstallationHandler (SnapshotInstallationHandler.java:installSnapshot(89)) - s2@group-6905249F38B1: receive installSnapshot: s0->s2#0-t2,notify:(t:2, i:255)
2022-10-13 10:40:53,546 [grpc-default-executor-2] INFO  impl.SnapshotInstallationHandler (SnapshotInstallationHandler.java:installSnapshot(100)) - s2@group-6905249F38B1: reply installSnapshot: s0<-s2#0:FAIL-t2,IN_PROGRESS
2022-10-13 10:40:53,546 [grpc-default-executor-2] INFO  server.GrpcServerProtocolService (GrpcServerProtocolService.java:onCompleted(143)) - s2: Completed INSTALL_SNAPSHOT, lastRequest: s0->s2#0-t2,notify:(t:2, i:255)
2022-10-13 10:40:53,547 [grpc-default-executor-2] INFO  server.GrpcLogAppender (GrpcLogAppender.java:onNext(492)) - s0@group-6905249F38B1->s2-InstallSnapshotResponseHandler: received a reply s0<-s2#0:FAIL-t2,IN_PROGRESS
2022-10-13 10:40:53,547 [grpc-default-executor-2] INFO  server.GrpcLogAppender (GrpcLogAppender.java:onNext(510)) - s0@group-6905249F38B1->s2-InstallSnapshotResponseHandler: InstallSnapshot in progress.
2022-10-13 10:40:53,547 [grpc-default-executor-2] INFO  impl.SnapshotInstallationHandler (SnapshotInstallationHandler.java:installSnapshot(89)) - s1@group-6905249F38B1: receive installSnapshot: s0->s1#0-t2,notify:(t:2, i:255)
2022-10-13 10:40:53,547 [grpc-default-executor-2] INFO  impl.SnapshotInstallationHandler (SnapshotInstallationHandler.java:installSnapshot(100)) - s1@group-6905249F38B1: reply installSnapshot: s0<-s1#0:FAIL-t2,IN_PROGRESS
2022-10-13 10:40:53,548 [grpc-default-executor-2] INFO  server.GrpcServerProtocolService (GrpcServerProtocolService.java:onCompleted(143)) - s1: Completed INSTALL_SNAPSHOT, lastRequest: s0->s1#0-t2,notify:(t:2, i:255)
2022-10-13 10:40:53,548 [grpc-default-executor-0] INFO  server.GrpcLogAppender (GrpcLogAppender.java:onNext(492)) - s0@group-6905249F38B1->s1-InstallSnapshotResponseHandler: received a reply s0<-s1#0:FAIL-t2,IN_PROGRESS
2022-10-13 10:40:53,548 [grpc-default-executor-0] INFO  server.GrpcLogAppender (GrpcLogAppender.java:onNext(510)) - s0@group-6905249F38B1->s1-InstallSnapshotResponseHandler: InstallSnapshot in progress.
2022-10-13 10:40:53,548 [s2-server-thread1] INFO  server.RaftServer$Division (RaftServerImpl.java:checkInconsistentAppendEntries(1577)) - s2@group-6905249F38B1: Failed appendEntries as snapshot (255) installation is in progress
2022-10-13 10:40:53,548 [s2-server-thread1] INFO  server.RaftServer$Division (RaftServerImpl.java:checkInconsistentAppendEntries(1569)) - s2@group-6905249F38B1: inconsistency entries. Reply:s0<-s2#27:FAIL-t2,INCONSISTENCY,nextIndex=0,followerCommit=-1,matchIndex=-1
2022-10-13 10:40:53,549 [grpc-default-executor-0] INFO  leader.FollowerInfo (FollowerInfoImpl.java:lambda$new$0(48)) - s0@group-6905249F38B1->s2: nextIndex: updateUnconditionally 0 -> 0
2022-10-13 10:40:53,549 [s0@group-6905249F38B1->s2-GrpcLogAppender-LogAppenderDaemon] INFO  server.GrpcLogAppender (GrpcLogAppender.java:installSnapshot(633)) - s0@group-6905249F38B1->s2-GrpcLogAppender: followerNextIndex = 0 but logStartIndex = 255, notify follower to install snapshot-(t:2, i:255)
2022-10-13 10:40:53,549 [s0@group-6905249F38B1->s2-GrpcLogAppender-LogAppenderDaemon] INFO  server.GrpcLogAppender (GrpcLogAppender.java:installSnapshot(641)) - s0@group-6905249F38B1->s2-GrpcLogAppender: send s0->s2#0-t2,notify:(t:2, i:255)
2022-10-13 10:40:53,549 [s1-server-thread1] INFO  server.RaftServer$Division (RaftServerImpl.java:checkInconsistentAppendEntries(1577)) - s1@group-6905249F38B1: Failed appendEntries as snapshot (255) installation is in progress
2022-10-13 10:40:53,549 [s1-server-thread1] INFO  server.RaftServer$Division (RaftServerImpl.java:checkInconsistentAppendEntries(1569)) - s1@group-6905249F38B1: inconsistency entries. Reply:s0<-s1#30:FAIL-t2,INCONSISTENCY,nextIndex=0,followerCommit=-1,matchIndex=-1
2022-10-13 10:40:53,550 [grpc-default-executor-0] INFO  leader.FollowerInfo (FollowerInfoImpl.java:lambda$new$0(48)) - s0@group-6905249F38B1->s1: nextIndex: updateUnconditionally 0 -> 0
2022-10-13 10:40:53,550 [s0@group-6905249F38B1->s1-GrpcLogAppender-LogAppenderDaemon] INFO  server.GrpcLogAppender (GrpcLogAppender.java:installSnapshot(633)) - s0@group-6905249F38B1->s1-GrpcLogAppender: followerNextIndex = 0 but logStartIndex = 255, notify follower to install snapshot-(t:2, i:255)
2022-10-13 10:40:53,550 [s0@group-6905249F38B1->s1-GrpcLogAppender-LogAppenderDaemon] INFO  server.GrpcLogAppender (GrpcLogAppender.java:installSnapshot(641)) - s0@group-6905249F38B1->s1-GrpcLogAppender: send s0->s1#0-t2,notify:(t:2, i:255)
2022-10-13 10:40:53,551 [grpc-default-executor-0] INFO  impl.SnapshotInstallationHandler (SnapshotInstallationHandler.java:installSnapshot(89)) - s2@group-6905249F38B1: receive installSnapshot: s0->s2#0-t2,notify:(t:2, i:255)
2022-10-13 10:40:53,551 [grpc-default-executor-0] INFO  impl.SnapshotInstallationHandler (SnapshotInstallationHandler.java:installSnapshot(100)) - s2@group-6905249F38B1: reply installSnapshot: s0<-s2#0:FAIL-t2,IN_PROGRESS
2022-10-13 10:40:53,551 [grpc-default-executor-0] INFO  server.GrpcServerProtocolService (GrpcServerProtocolService.java:onCompleted(143)) - s2: Completed INSTALL_SNAPSHOT, lastRequest: s0->s2#0-t2,notify:(t:2, i:255)
2022-10-13 10:40:53,552 [grpc-default-executor-0] INFO  server.GrpcLogAppender (GrpcLogAppender.java:onNext(492)) - s0@group-6905249F38B1->s2-InstallSnapshotResponseHandler: received a reply s0<-s2#0:FAIL-t2,IN_PROGRESS
2022-10-13 10:40:53,552 [grpc-default-executor-0] INFO  server.GrpcLogAppender (GrpcLogAppender.java:onNext(510)) - s0@group-6905249F38B1->s2-InstallSnapshotResponseHandler: InstallSnapshot in progress.
2022-10-13 10:40:53,552 [grpc-default-executor-0] INFO  impl.SnapshotInstallationHandler (SnapshotInstallationHandler.java:installSnapshot(89)) - s1@group-6905249F38B1: receive installSnapshot: s0->s1#0-t2,notify:(t:2, i:255)
2022-10-13 10:40:53,552 [grpc-default-executor-0] INFO  impl.SnapshotInstallationHandler (SnapshotInstallationHandler.java:installSnapshot(100)) - s1@group-6905249F38B1: reply installSnapshot: s0<-s1#0:FAIL-t2,IN_PROGRESS
2022-10-13 10:40:53,552 [grpc-default-executor-0] INFO  server.GrpcServerProtocolService (GrpcServerProtocolService.java:onCompleted(143)) - s1: Completed INSTALL_SNAPSHOT, lastRequest: s0->s1#0-t2,notify:(t:2, i:255)
2022-10-13 10:40:53,553 [grpc-default-executor-0] INFO  server.GrpcLogAppender (GrpcLogAppender.java:onNext(492)) - s0@group-6905249F38B1->s1-InstallSnapshotResponseHandler: received a reply s0<-s1#0:FAIL-t2,IN_PROGRESS
2022-10-13 10:40:53,553 [grpc-default-executor-0] INFO  server.GrpcLogAppender (GrpcLogAppender.java:onNext(510)) - s0@group-6905249F38B1->s1-InstallSnapshotResponseHandler: InstallSnapshot in progress.
2022-10-13 10:40:53,554 [s2-server-thread1] INFO  server.RaftServer$Division (RaftServerImpl.java:checkInconsistentAppendEntries(1577)) - s2@group-6905249F38B1: Failed appendEntries as snapshot (255) installation is in progress
2022-10-13 10:40:53,554 [s2-server-thread1] INFO  server.RaftServer$Division (RaftServerImpl.java:checkInconsistentAppendEntries(1569)) - s2@group-6905249F38B1: inconsistency entries. Reply:s0<-s2#28:FAIL-t2,INCONSISTENCY,nextIndex=0,followerCommit=-1,matchIndex=-1
2022-10-13 10:40:53,554 [s1-server-thread1] INFO  server.RaftServer$Division (RaftServerImpl.java:checkInconsistentAppendEntries(1577)) - s1@group-6905249F38B1: Failed appendEntries as snapshot (255) installation is in progress
2022-10-13 10:40:53,554 [s1-server-thread1] INFO  server.RaftServer$Division (RaftServerImpl.java:checkInconsistentAppendEntries(1569)) - s1@group-6905249F38B1: inconsistency entries. Reply:s0<-s1#31:FAIL-t2,INCONSISTENCY,nextIndex=0,followerCommit=-1,matchIndex=-1
2022-10-13 10:40:53,555 [grpc-default-executor-3] INFO  leader.FollowerInfo (FollowerInfoImpl.java:lambda$new$0(48)) - s0@group-6905249F38B1->s2: nextIndex: updateUnconditionally 0 -> 0
2022-10-13 10:40:53,555 [s0@group-6905249F38B1->s2-GrpcLogAppender-LogAppenderDaemon] INFO  server.GrpcLogAppender (GrpcLogAppender.java:installSnapshot(633)) - s0@group-6905249F38B1->s2-GrpcLogAppender: followerNextIndex = 0 but logStartIndex = 255, notify follower to install snapshot-(t:2, i:255)
2022-10-13 10:40:53,555 [s0@group-6905249F38B1->s2-GrpcLogAppender-LogAppenderDaemon] INFO  server.GrpcLogAppender (GrpcLogAppender.java:installSnapshot(641)) - s0@group-6905249F38B1->s2-GrpcLogAppender: send s0->s2#0-t2,notify:(t:2, i:255)
2022-10-13 10:40:53,555 [grpc-default-executor-0] INFO  leader.FollowerInfo (FollowerInfoImpl.java:lambda$new$0(48)) - s0@group-6905249F38B1->s1: nextIndex: updateUnconditionally 0 -> 0
2022-10-13 10:40:53,555 [s0@group-6905249F38B1->s1-GrpcLogAppender-LogAppenderDaemon] INFO  server.GrpcLogAppender (GrpcLogAppender.java:installSnapshot(633)) - s0@group-6905249F38B1->s1-GrpcLogAppender: followerNextIndex = 0 but logStartIndex = 255, notify follower to install snapshot-(t:2, i:255)
2022-10-13 10:40:53,555 [s0@group-6905249F38B1->s1-GrpcLogAppender-LogAppenderDaemon] INFO  server.GrpcLogAppender (GrpcLogAppender.java:installSnapshot(641)) - s0@group-6905249F38B1->s1-GrpcLogAppender: send s0->s1#0-t2,notify:(t:2, i:255)
2022-10-13 10:40:53,556 [grpc-default-executor-3] INFO  impl.SnapshotInstallationHandler (SnapshotInstallationHandler.java:installSnapshot(89)) - s2@group-6905249F38B1: receive installSnapshot: s0->s2#0-t2,notify:(t:2, i:255)
2022-10-13 10:40:53,556 [grpc-default-executor-3] INFO  impl.SnapshotInstallationHandler (SnapshotInstallationHandler.java:installSnapshot(100)) - s2@group-6905249F38B1: reply installSnapshot: s0<-s2#0:FAIL-t2,IN_PROGRESS
2022-10-13 10:40:53,557 [grpc-default-executor-3] INFO  server.GrpcServerProtocolService (GrpcServerProtocolService.java:onCompleted(143)) - s2: Completed INSTALL_SNAPSHOT, lastRequest: s0->s2#0-t2,notify:(t:2, i:255)
2022-10-13 10:40:53,557 [grpc-default-executor-3] INFO  impl.SnapshotInstallationHandler (SnapshotInstallationHandler.java:installSnapshot(89)) - s1@group-6905249F38B1: receive installSnapshot: s0->s1#0-t2,notify:(t:2, i:255)
2022-10-13 10:40:53,557 [grpc-default-executor-3] INFO  impl.SnapshotInstallationHandler (SnapshotInstallationHandler.java:installSnapshot(100)) - s1@group-6905249F38B1: reply installSnapshot: s0<-s1#0:FAIL-t2,IN_PROGRESS
2022-10-13 10:40:53,557 [grpc-default-executor-3] INFO  server.GrpcServerProtocolService (GrpcServerProtocolService.java:onCompleted(143)) - s1: Completed INSTALL_SNAPSHOT, lastRequest: s0->s1#0-t2,notify:(t:2, i:255)
2022-10-13 10:40:53,558 [grpc-default-executor-3] INFO  server.GrpcLogAppender (GrpcLogAppender.java:onNext(492)) - s0@group-6905249F38B1->s1-InstallSnapshotResponseHandler: received a reply s0<-s1#0:FAIL-t2,IN_PROGRESS
2022-10-13 10:40:53,558 [grpc-default-executor-3] INFO  server.GrpcLogAppender (GrpcLogAppender.java:onNext(510)) - s0@group-6905249F38B1->s1-InstallSnapshotResponseHandler: InstallSnapshot in progress.
2022-10-13 10:40:53,558 [s1-server-thread1] INFO  server.RaftServer$Division (RaftServerImpl.java:checkInconsistentAppendEntries(1577)) - s1@group-6905249F38B1: Failed appendEntries as snapshot (255) installation is in progress
2022-10-13 10:40:53,558 [s1-server-thread1] INFO  server.RaftServer$Division (RaftServerImpl.java:checkInconsistentAppendEntries(1569)) - s1@group-6905249F38B1: inconsistency entries. Reply:s0<-s1#32:FAIL-t2,INCONSISTENCY,nextIndex=0,followerCommit=-1,matchIndex=-1
2022-10-13 10:40:53,559 [grpc-default-executor-3] INFO  server.GrpcLogAppender (GrpcLogAppender.java:onNext(492)) - s0@group-6905249F38B1->s2-InstallSnapshotResponseHandler: received a reply s0<-s2#0:FAIL-t2,IN_PROGRESS
2022-10-13 10:40:53,559 [grpc-default-executor-3] INFO  server.GrpcLogAppender (GrpcLogAppender.java:onNext(510)) - s0@group-6905249F38B1->s2-InstallSnapshotResponseHandler: InstallSnapshot in progress.
2022-10-13 10:40:53,559 [grpc-default-executor-3] INFO  leader.FollowerInfo (FollowerInfoImpl.java:lambda$new$0(48)) - s0@group-6905249F38B1->s1: nextIndex: updateUnconditionally 0 -> 0
2022-10-13 10:40:53,559 [s0@group-6905249F38B1->s1-GrpcLogAppender-LogAppenderDaemon] INFO  server.GrpcLogAppender (GrpcLogAppender.java:installSnapshot(633)) - s0@group-6905249F38B1->s1-GrpcLogAppender: followerNextIndex = 0 but logStartIndex = 255, notify follower to install snapshot-(t:2, i:255)
2022-10-13 10:40:53,559 [s0@group-6905249F38B1->s1-GrpcLogAppender-LogAppenderDaemon] INFO  server.GrpcLogAppender (GrpcLogAppender.java:installSnapshot(641)) - s0@group-6905249F38B1->s1-GrpcLogAppender: send s0->s1#0-t2,notify:(t:2, i:255)
2022-10-13 10:40:53,560 [s2-server-thread1] INFO  server.RaftServer$Division (RaftServerImpl.java:checkInconsistentAppendEntries(1577)) - s2@group-6905249F38B1: Failed appendEntries as snapshot (255) installation is in progress
2022-10-13 10:40:53,560 [s2-server-thread1] INFO  server.RaftServer$Division (RaftServerImpl.java:checkInconsistentAppendEntries(1569)) - s2@group-6905249F38B1: inconsistency entries. Reply:s0<-s2#29:FAIL-t2,INCONSISTENCY,nextIndex=0,followerCommit=-1,matchIndex=-1
2022-10-13 10:40:53,561 [grpc-default-executor-3] INFO  leader.FollowerInfo (FollowerInfoImpl.java:lambda$new$0(48)) - s0@group-6905249F38B1->s2: nextIndex: updateUnconditionally 0 -> 0
2022-10-13 10:40:53,561 [s0@group-6905249F38B1->s2-GrpcLogAppender-LogAppenderDaemon] INFO  server.GrpcLogAppender (GrpcLogAppender.java:installSnapshot(633)) - s0@group-6905249F38B1->s2-GrpcLogAppender: followerNextIndex = 0 but logStartIndex = 255, notify follower to install snapshot-(t:2, i:255)
2022-10-13 10:40:53,561 [s0@group-6905249F38B1->s2-GrpcLogAppender-LogAppenderDaemon] INFO  server.GrpcLogAppender (GrpcLogAppender.java:installSnapshot(641)) - s0@group-6905249F38B1->s2-GrpcLogAppender: send s0->s2#0-t2,notify:(t:2, i:255)
2022-10-13 10:40:53,561 [grpc-default-executor-3] INFO  impl.SnapshotInstallationHandler (SnapshotInstallationHandler.java:installSnapshot(89)) - s1@group-6905249F38B1: receive installSnapshot: s0->s1#0-t2,notify:(t:2, i:255)
2022-10-13 10:40:53,561 [grpc-default-executor-3] INFO  impl.SnapshotInstallationHandler (SnapshotInstallationHandler.java:installSnapshot(100)) - s1@group-6905249F38B1: reply installSnapshot: s0<-s1#0:FAIL-t2,IN_PROGRESS
2022-10-13 10:40:53,562 [grpc-default-executor-3] INFO  server.GrpcServerProtocolService (GrpcServerProtocolService.java:onCompleted(143)) - s1: Completed INSTALL_SNAPSHOT, lastRequest: s0->s1#0-t2,notify:(t:2, i:255)
2022-10-13 10:40:53,562 [grpc-default-executor-3] INFO  server.GrpcLogAppender (GrpcLogAppender.java:onNext(492)) - s0@group-6905249F38B1->s1-InstallSnapshotResponseHandler: received a reply s0<-s1#0:FAIL-t2,IN_PROGRESS
2022-10-13 10:40:53,562 [grpc-default-executor-3] INFO  server.GrpcLogAppender (GrpcLogAppender.java:onNext(510)) - s0@group-6905249F38B1->s1-InstallSnapshotResponseHandler: InstallSnapshot in progress.
2022-10-13 10:40:53,563 [s1-server-thread1] INFO  server.RaftServer$Division (RaftServerImpl.java:checkInconsistentAppendEntries(1577)) - s1@group-6905249F38B1: Failed appendEntries as snapshot (255) installation is in progress
2022-10-13 10:40:53,563 [s1-server-thread1] INFO  server.RaftServer$Division (RaftServerImpl.java:checkInconsistentAppendEntries(1569)) - s1@group-6905249F38B1: inconsistency entries. Reply:s0<-s1#33:FAIL-t2,INCONSISTENCY,nextIndex=0,followerCommit=-1,matchIndex=-1
2022-10-13 10:40:53,563 [grpc-default-executor-3] INFO  leader.FollowerInfo (FollowerInfoImpl.java:lambda$new$0(48)) - s0@group-6905249F38B1->s1: nextIndex: updateUnconditionally 0 -> 0
2022-10-13 10:40:53,564 [s0@group-6905249F38B1->s1-GrpcLogAppender-LogAppenderDaemon] INFO  server.GrpcLogAppender (GrpcLogAppender.java:installSnapshot(633)) - s0@group-6905249F38B1->s1-GrpcLogAppender: followerNextIndex = 0 but logStartIndex = 255, notify follower to install snapshot-(t:2, i:255)
2022-10-13 10:40:53,564 [s0@group-6905249F38B1->s1-GrpcLogAppender-LogAppenderDaemon] INFO  server.GrpcLogAppender (GrpcLogAppender.java:installSnapshot(641)) - s0@group-6905249F38B1->s1-GrpcLogAppender: send s0->s1#0-t2,notify:(t:2, i:255)
2022-10-13 10:40:53,564 [grpc-default-executor-3] INFO  impl.SnapshotInstallationHandler (SnapshotInstallationHandler.java:installSnapshot(89)) - s2@group-6905249F38B1: receive installSnapshot: s0->s2#0-t2,notify:(t:2, i:255)
2022-10-13 10:40:53,564 [grpc-default-executor-3] INFO  impl.SnapshotInstallationHandler (SnapshotInstallationHandler.java:installSnapshot(100)) - s2@group-6905249F38B1: reply installSnapshot: s0<-s2#0:FAIL-t2,IN_PROGRESS
2022-10-13 10:40:53,565 [grpc-default-executor-3] INFO  server.GrpcServerProtocolService (GrpcServerProtocolService.java:onCompleted(143)) - s2: Completed INSTALL_SNAPSHOT, lastRequest: s0->s2#0-t2,notify:(t:2, i:255)
2022-10-13 10:40:53,565 [grpc-default-executor-3] INFO  server.GrpcLogAppender (GrpcLogAppender.java:onNext(492)) - s0@group-6905249F38B1->s2-InstallSnapshotResponseHandler: received a reply s0<-s2#0:FAIL-t2,IN_PROGRESS
2022-10-13 10:40:53,565 [grpc-default-executor-3] INFO  server.GrpcLogAppender (GrpcLogAppender.java:onNext(510)) - s0@group-6905249F38B1->s2-InstallSnapshotResponseHandler: InstallSnapshot in progress.
2022-10-13 10:40:53,566 [grpc-default-executor-3] INFO  impl.SnapshotInstallationHandler (SnapshotInstallationHandler.java:installSnapshot(89)) - s1@group-6905249F38B1: receive installSnapshot: s0->s1#0-t2,notify:(t:2, i:255)
2022-10-13 10:40:53,566 [grpc-default-executor-3] INFO  impl.SnapshotInstallationHandler (SnapshotInstallationHandler.java:installSnapshot(100)) - s1@group-6905249F38B1: reply installSnapshot: s0<-s1#0:FAIL-t2,IN_PROGRESS
2022-10-13 10:40:53,566 [grpc-default-executor-3] INFO  server.GrpcServerProtocolService (GrpcServerProtocolService.java:onCompleted(143)) - s1: Completed INSTALL_SNAPSHOT, lastRequest: s0->s1#0-t2,notify:(t:2, i:255)
2022-10-13 10:40:53,566 [s2-server-thread1] INFO  server.RaftServer$Division (RaftServerImpl.java:checkInconsistentAppendEntries(1577)) - s2@group-6905249F38B1: Failed appendEntries as snapshot (255) installation is in progress
2022-10-13 10:40:53,566 [s2-server-thread1] INFO  server.RaftServer$Division (RaftServerImpl.java:checkInconsistentAppendEntries(1569)) - s2@group-6905249F38B1: inconsistency entries. Reply:s0<-s2#30:FAIL-t2,INCONSISTENCY,nextIndex=0,followerCommit=-1,matchIndex=-1
2022-10-13 10:40:53,567 [grpc-default-executor-3] INFO  server.GrpcLogAppender (GrpcLogAppender.java:onNext(492)) - s0@group-6905249F38B1->s1-InstallSnapshotResponseHandler: received a reply s0<-s1#0:FAIL-t2,IN_PROGRESS
2022-10-13 10:40:53,567 [grpc-default-executor-3] INFO  server.GrpcLogAppender (GrpcLogAppender.java:onNext(510)) - s0@group-6905249F38B1->s1-InstallSnapshotResponseHandler: InstallSnapshot in progress.
2022-10-13 10:40:53,567 [s1-server-thread1] INFO  server.RaftServer$Division (RaftServerImpl.java:checkInconsistentAppendEntries(1577)) - s1@group-6905249F38B1: Failed appendEntries as snapshot (255) installation is in progress
2022-10-13 10:40:53,568 [s1-server-thread1] INFO  server.RaftServer$Division (RaftServerImpl.java:checkInconsistentAppendEntries(1569)) - s1@group-6905249F38B1: inconsistency entries. Reply:s0<-s1#34:FAIL-t2,INCONSISTENCY,nextIndex=0,followerCommit=-1,matchIndex=-1
2022-10-13 10:40:53,568 [grpc-default-executor-3] INFO  leader.FollowerInfo (FollowerInfoImpl.java:lambda$new$0(48)) - s0@group-6905249F38B1->s2: nextIndex: updateUnconditionally 0 -> 0
2022-10-13 10:40:53,568 [s0@group-6905249F38B1->s2-GrpcLogAppender-LogAppenderDaemon] INFO  server.GrpcLogAppender (GrpcLogAppender.java:installSnapshot(633)) - s0@group-6905249F38B1->s2-GrpcLogAppender: followerNextIndex = 0 but logStartIndex = 255, notify follower to install snapshot-(t:2, i:255)
2022-10-13 10:40:53,568 [s0@group-6905249F38B1->s2-GrpcLogAppender-LogAppenderDaemon] INFO  server.GrpcLogAppender (GrpcLogAppender.java:installSnapshot(641)) - s0@group-6905249F38B1->s2-GrpcLogAppender: send s0->s2#0-t2,notify:(t:2, i:255)
2022-10-13 10:40:53,568 [grpc-default-executor-3] INFO  leader.FollowerInfo (FollowerInfoImpl.java:lambda$new$0(48)) - s0@group-6905249F38B1->s1: nextIndex: updateUnconditionally 0 -> 0
2022-10-13 10:40:53,569 [s0@group-6905249F38B1->s1-GrpcLogAppender-LogAppenderDaemon] INFO  server.GrpcLogAppender (GrpcLogAppender.java:installSnapshot(633)) - s0@group-6905249F38B1->s1-GrpcLogAppender: followerNextIndex = 0 but logStartIndex = 255, notify follower to install snapshot-(t:2, i:255)
2022-10-13 10:40:53,569 [s0@group-6905249F38B1->s1-GrpcLogAppender-LogAppenderDaemon] INFO  server.GrpcLogAppender (GrpcLogAppender.java:installSnapshot(641)) - s0@group-6905249F38B1->s1-GrpcLogAppender: send s0->s1#0-t2,notify:(t:2, i:255)
2022-10-13 10:40:53,570 [grpc-default-executor-3] INFO  impl.SnapshotInstallationHandler (SnapshotInstallationHandler.java:installSnapshot(89)) - s1@group-6905249F38B1: receive installSnapshot: s0->s1#0-t2,notify:(t:2, i:255)
2022-10-13 10:40:53,570 [grpc-default-executor-3] INFO  impl.SnapshotInstallationHandler (SnapshotInstallationHandler.java:installSnapshot(100)) - s1@group-6905249F38B1: reply installSnapshot: s0<-s1#0:FAIL-t2,IN_PROGRESS
2022-10-13 10:40:53,570 [grpc-default-executor-3] INFO  server.GrpcServerProtocolService (GrpcServerProtocolService.java:onCompleted(143)) - s1: Completed INSTALL_SNAPSHOT, lastRequest: s0->s1#0-t2,notify:(t:2, i:255)
2022-10-13 10:40:53,570 [grpc-default-executor-3] INFO  impl.SnapshotInstallationHandler (SnapshotInstallationHandler.java:installSnapshot(89)) - s2@group-6905249F38B1: receive installSnapshot: s0->s2#0-t2,notify:(t:2, i:255)
2022-10-13 10:40:53,570 [grpc-default-executor-3] INFO  impl.SnapshotInstallationHandler (SnapshotInstallationHandler.java:installSnapshot(100)) - s2@group-6905249F38B1: reply installSnapshot: s0<-s2#0:FAIL-t2,IN_PROGRESS
2022-10-13 10:40:53,571 [grpc-default-executor-3] INFO  server.GrpcServerProtocolService (GrpcServerProtocolService.java:onCompleted(143)) - s2: Completed INSTALL_SNAPSHOT, lastRequest: s0->s2#0-t2,notify:(t:2, i:255)
2022-10-13 10:40:53,571 [grpc-default-executor-3] INFO  server.GrpcLogAppender (GrpcLogAppender.java:onNext(492)) - s0@group-6905249F38B1->s1-InstallSnapshotResponseHandler: received a reply s0<-s1#0:FAIL-t2,IN_PROGRESS
2022-10-13 10:40:53,571 [grpc-default-executor-3] INFO  server.GrpcLogAppender (GrpcLogAppender.java:onNext(510)) - s0@group-6905249F38B1->s1-InstallSnapshotResponseHandler: InstallSnapshot in progress.
2022-10-13 10:40:53,572 [s1-server-thread1] INFO  server.RaftServer$Division (RaftServerImpl.java:checkInconsistentAppendEntries(1577)) - s1@group-6905249F38B1: Failed appendEntries as snapshot (255) installation is in progress
2022-10-13 10:40:53,572 [s1-server-thread1] INFO  server.RaftServer$Division (RaftServerImpl.java:checkInconsistentAppendEntries(1569)) - s1@group-6905249F38B1: inconsistency entries. Reply:s0<-s1#35:FAIL-t2,INCONSISTENCY,nextIndex=0,followerCommit=-1,matchIndex=-1
2022-10-13 10:40:53,572 [grpc-default-executor-3] INFO  server.GrpcLogAppender (GrpcLogAppender.java:onNext(492)) - s0@group-6905249F38B1->s2-InstallSnapshotResponseHandler: received a reply s0<-s2#0:FAIL-t2,IN_PROGRESS
2022-10-13 10:40:53,572 [grpc-default-executor-3] INFO  server.GrpcLogAppender (GrpcLogAppender.java:onNext(510)) - s0@group-6905249F38B1->s2-InstallSnapshotResponseHandler: InstallSnapshot in progress.
2022-10-13 10:40:53,573 [grpc-default-executor-3] INFO  leader.FollowerInfo (FollowerInfoImpl.java:lambda$new$0(48)) - s0@group-6905249F38B1->s1: nextIndex: updateUnconditionally 0 -> 0
2022-10-13 10:40:53,573 [s0@group-6905249F38B1->s1-GrpcLogAppender-LogAppenderDaemon] INFO  server.GrpcLogAppender (GrpcLogAppender.java:installSnapshot(633)) - s0@group-6905249F38B1->s1-GrpcLogAppender: followerNextIndex = 0 but logStartIndex = 255, notify follower to install snapshot-(t:2, i:255)
2022-10-13 10:40:53,573 [s0@group-6905249F38B1->s1-GrpcLogAppender-LogAppenderDaemon] INFO  server.GrpcLogAppender (GrpcLogAppender.java:installSnapshot(641)) - s0@group-6905249F38B1->s1-GrpcLogAppender: send s0->s1#0-t2,notify:(t:2, i:255)
2022-10-13 10:40:53,574 [s2-server-thread1] INFO  server.RaftServer$Division (RaftServerImpl.java:checkInconsistentAppendEntries(1577)) - s2@group-6905249F38B1: Failed appendEntries as snapshot (255) installation is in progress
2022-10-13 10:40:53,574 [s2-server-thread1] INFO  server.RaftServer$Division (RaftServerImpl.java:checkInconsistentAppendEntries(1569)) - s2@group-6905249F38B1: inconsistency entries. Reply:s0<-s2#31:FAIL-t2,INCONSISTENCY,nextIndex=0,followerCommit=-1,matchIndex=-1
2022-10-13 10:40:53,574 [grpc-default-executor-3] INFO  leader.FollowerInfo (FollowerInfoImpl.java:lambda$new$0(48)) - s0@group-6905249F38B1->s2: nextIndex: updateUnconditionally 0 -> 0
2022-10-13 10:40:53,575 [s0@group-6905249F38B1->s2-GrpcLogAppender-LogAppenderDaemon] INFO  server.GrpcLogAppender (GrpcLogAppender.java:installSnapshot(633)) - s0@group-6905249F38B1->s2-GrpcLogAppender: followerNextIndex = 0 but logStartIndex = 255, notify follower to install snapshot-(t:2, i:255)
2022-10-13 10:40:53,575 [s0@group-6905249F38B1->s2-GrpcLogAppender-LogAppenderDaemon] INFO  server.GrpcLogAppender (GrpcLogAppender.java:installSnapshot(641)) - s0@group-6905249F38B1->s2-GrpcLogAppender: send s0->s2#0-t2,notify:(t:2, i:255)
2022-10-13 10:40:53,575 [grpc-default-executor-3] INFO  impl.SnapshotInstallationHandler (SnapshotInstallationHandler.java:installSnapshot(89)) - s1@group-6905249F38B1: receive installSnapshot: s0->s1#0-t2,notify:(t:2, i:255)
2022-10-13 10:40:53,575 [grpc-default-executor-3] INFO  impl.SnapshotInstallationHandler (SnapshotInstallationHandler.java:installSnapshot(100)) - s1@group-6905249F38B1: reply installSnapshot: s0<-s1#0:FAIL-t2,IN_PROGRESS
2022-10-13 10:40:53,575 [grpc-default-executor-3] INFO  server.GrpcServerProtocolService (GrpcServerProtocolService.java:onCompleted(143)) - s1: Completed INSTALL_SNAPSHOT, lastRequest: s0->s1#0-t2,notify:(t:2, i:255)
2022-10-13 10:40:53,576 [grpc-default-executor-3] INFO  server.GrpcLogAppender (GrpcLogAppender.java:onNext(492)) - s0@group-6905249F38B1->s1-InstallSnapshotResponseHandler: received a reply s0<-s1#0:FAIL-t2,IN_PROGRESS
2022-10-13 10:40:53,576 [grpc-default-executor-3] INFO  server.GrpcLogAppender (GrpcLogAppender.java:onNext(510)) - s0@group-6905249F38B1->s1-InstallSnapshotResponseHandler: InstallSnapshot in progress.
2022-10-13 10:40:53,577 [s1-server-thread1] INFO  server.RaftServer$Division (RaftServerImpl.java:checkInconsistentAppendEntries(1577)) - s1@group-6905249F38B1: Failed appendEntries as snapshot (255) installation is in progress
2022-10-13 10:40:53,577 [s1-server-thread1] INFO  server.RaftServer$Division (RaftServerImpl.java:checkInconsistentAppendEntries(1569)) - s1@group-6905249F38B1: inconsistency entries. Reply:s0<-s1#36:FAIL-t2,INCONSISTENCY,nextIndex=0,followerCommit=-1,matchIndex=-1
2022-10-13 10:40:53,577 [grpc-default-executor-3] INFO  leader.FollowerInfo (FollowerInfoImpl.java:lambda$new$0(48)) - s0@group-6905249F38B1->s1: nextIndex: updateUnconditionally 0 -> 0
2022-10-13 10:40:53,577 [s0@group-6905249F38B1->s1-GrpcLogAppender-LogAppenderDaemon] INFO  server.GrpcLogAppender (GrpcLogAppender.java:installSnapshot(633)) - s0@group-6905249F38B1->s1-GrpcLogAppender: followerNextIndex = 0 but logStartIndex = 255, notify follower to install snapshot-(t:2, i:255)
2022-10-13 10:40:53,577 [s0@group-6905249F38B1->s1-GrpcLogAppender-LogAppenderDaemon] INFO  server.GrpcLogAppender (GrpcLogAppender.java:installSnapshot(641)) - s0@group-6905249F38B1->s1-GrpcLogAppender: send s0->s1#0-t2,notify:(t:2, i:255)
2022-10-13 10:40:53,578 [grpc-default-executor-3] INFO  impl.SnapshotInstallationHandler (SnapshotInstallationHandler.java:installSnapshot(89)) - s2@group-6905249F38B1: receive installSnapshot: s0->s2#0-t2,notify:(t:2, i:255)
2022-10-13 10:40:53,578 [grpc-default-executor-3] INFO  impl.SnapshotInstallationHandler (SnapshotInstallationHandler.java:installSnapshot(100)) - s2@group-6905249F38B1: reply installSnapshot: s0<-s2#0:FAIL-t2,IN_PROGRESS
2022-10-13 10:40:53,578 [grpc-default-executor-3] INFO  server.GrpcServerProtocolService (GrpcServerProtocolService.java:onCompleted(143)) - s2: Completed INSTALL_SNAPSHOT, lastRequest: s0->s2#0-t2,notify:(t:2, i:255)
2022-10-13 10:40:53,579 [grpc-default-executor-3] INFO  server.GrpcLogAppender (GrpcLogAppender.java:onNext(492)) - s0@group-6905249F38B1->s2-InstallSnapshotResponseHandler: received a reply s0<-s2#0:FAIL-t2,IN_PROGRESS
2022-10-13 10:40:53,579 [grpc-default-executor-3] INFO  server.GrpcLogAppender (GrpcLogAppender.java:onNext(510)) - s0@group-6905249F38B1->s2-InstallSnapshotResponseHandler: InstallSnapshot in progress.
2022-10-13 10:40:53,580 [grpc-default-executor-3] INFO  impl.SnapshotInstallationHandler (SnapshotInstallationHandler.java:installSnapshot(89)) - s1@group-6905249F38B1: receive installSnapshot: s0->s1#0-t2,notify:(t:2, i:255)
2022-10-13 10:40:53,580 [grpc-default-executor-3] INFO  impl.SnapshotInstallationHandler (SnapshotInstallationHandler.java:installSnapshot(100)) - s1@group-6905249F38B1: reply installSnapshot: s0<-s1#0:FAIL-t2,IN_PROGRESS
2022-10-13 10:40:53,580 [grpc-default-executor-3] INFO  server.GrpcServerProtocolService (GrpcServerProtocolService.java:onCompleted(143)) - s1: Completed INSTALL_SNAPSHOT, lastRequest: s0->s1#0-t2,notify:(t:2, i:255)
2022-10-13 10:40:53,580 [s2-server-thread1] INFO  server.RaftServer$Division (RaftServerImpl.java:checkInconsistentAppendEntries(1577)) - s2@group-6905249F38B1: Failed appendEntries as snapshot (255) installation is in progress
2022-10-13 10:40:53,580 [s2-server-thread1] INFO  server.RaftServer$Division (RaftServerImpl.java:checkInconsistentAppendEntries(1569)) - s2@group-6905249F38B1: inconsistency entries. Reply:s0<-s2#32:FAIL-t2,INCONSISTENCY,nextIndex=0,followerCommit=-1,matchIndex=-1
2022-10-13 10:40:53,581 [grpc-default-executor-3] INFO  server.GrpcLogAppender (GrpcLogAppender.java:onNext(492)) - s0@group-6905249F38B1->s1-InstallSnapshotResponseHandler: received a reply s0<-s1#0:FAIL-t2,IN_PROGRESS
2022-10-13 10:40:53,581 [grpc-default-executor-3] INFO  server.GrpcLogAppender (GrpcLogAppender.java:onNext(510)) - s0@group-6905249F38B1->s1-InstallSnapshotResponseHandler: InstallSnapshot in progress.
2022-10-13 10:40:53,582 [s1-server-thread1] INFO  server.RaftServer$Division (RaftServerImpl.java:checkInconsistentAppendEntries(1577)) - s1@group-6905249F38B1: Failed appendEntries as snapshot (255) installation is in progress
2022-10-13 10:40:53,582 [s1-server-thread1] INFO  server.RaftServer$Division (RaftServerImpl.java:checkInconsistentAppendEntries(1569)) - s1@group-6905249F38B1: inconsistency entries. Reply:s0<-s1#37:FAIL-t2,INCONSISTENCY,nextIndex=0,followerCommit=-1,matchIndex=-1
2022-10-13 10:40:53,582 [grpc-default-executor-3] INFO  leader.FollowerInfo (FollowerInfoImpl.java:lambda$new$0(48)) - s0@group-6905249F38B1->s2: nextIndex: updateUnconditionally 0 -> 0
2022-10-13 10:40:53,582 [s0@group-6905249F38B1->s2-GrpcLogAppender-LogAppenderDaemon] INFO  server.GrpcLogAppender (GrpcLogAppender.java:installSnapshot(633)) - s0@group-6905249F38B1->s2-GrpcLogAppender: followerNextIndex = 0 but logStartIndex = 255, notify follower to install snapshot-(t:2, i:255)
2022-10-13 10:40:53,582 [s0@group-6905249F38B1->s2-GrpcLogAppender-LogAppenderDaemon] INFO  server.GrpcLogAppender (GrpcLogAppender.java:installSnapshot(641)) - s0@group-6905249F38B1->s2-GrpcLogAppender: send s0->s2#0-t2,notify:(t:2, i:255)
2022-10-13 10:40:53,583 [grpc-default-executor-3] INFO  leader.FollowerInfo (FollowerInfoImpl.java:lambda$new$0(48)) - s0@group-6905249F38B1->s1: nextIndex: updateUnconditionally 0 -> 0
2022-10-13 10:40:53,583 [s0@group-6905249F38B1->s1-GrpcLogAppender-LogAppenderDaemon] INFO  server.GrpcLogAppender (GrpcLogAppender.java:installSnapshot(633)) - s0@group-6905249F38B1->s1-GrpcLogAppender: followerNextIndex = 0 but logStartIndex = 255, notify follower to install snapshot-(t:2, i:255)
2022-10-13 10:40:53,583 [s0@group-6905249F38B1->s1-GrpcLogAppender-LogAppenderDaemon] INFO  server.GrpcLogAppender (GrpcLogAppender.java:installSnapshot(641)) - s0@group-6905249F38B1->s1-GrpcLogAppender: send s0->s1#0-t2,notify:(t:2, i:255)
2022-10-13 10:40:53,584 [grpc-default-executor-3] INFO  impl.SnapshotInstallationHandler (SnapshotInstallationHandler.java:installSnapshot(89)) - s2@group-6905249F38B1: receive installSnapshot: s0->s2#0-t2,notify:(t:2, i:255)
2022-10-13 10:40:53,584 [grpc-default-executor-3] INFO  impl.SnapshotInstallationHandler (SnapshotInstallationHandler.java:installSnapshot(100)) - s2@group-6905249F38B1: reply installSnapshot: s0<-s2#0:FAIL-t2,IN_PROGRESS
2022-10-13 10:40:53,584 [grpc-default-executor-0] INFO  impl.SnapshotInstallationHandler (SnapshotInstallationHandler.java:installSnapshot(89)) - s1@group-6905249F38B1: receive installSnapshot: s0->s1#0-t2,notify:(t:2, i:255)
2022-10-13 10:40:53,585 [grpc-default-executor-0] INFO  impl.SnapshotInstallationHandler (SnapshotInstallationHandler.java:installSnapshot(100)) - s1@group-6905249F38B1: reply installSnapshot: s0<-s1#0:FAIL-t2,IN_PROGRESS
2022-10-13 10:40:53,585 [grpc-default-executor-3] INFO  server.GrpcServerProtocolService (GrpcServerProtocolService.java:onCompleted(143)) - s2: Completed INSTALL_SNAPSHOT, lastRequest: s0->s2#0-t2,notify:(t:2, i:255)
2022-10-13 10:40:53,585 [grpc-default-executor-3] INFO  server.GrpcServerProtocolService (GrpcServerProtocolService.java:onCompleted(143)) - s1: Completed INSTALL_SNAPSHOT, lastRequest: s0->s1#0-t2,notify:(t:2, i:255)
2022-10-13 10:40:53,585 [grpc-default-executor-3] INFO  server.GrpcLogAppender (GrpcLogAppender.java:onNext(492)) - s0@group-6905249F38B1->s1-InstallSnapshotResponseHandler: received a reply s0<-s1#0:FAIL-t2,IN_PROGRESS
2022-10-13 10:40:53,586 [grpc-default-executor-3] INFO  server.GrpcLogAppender (GrpcLogAppender.java:onNext(510)) - s0@group-6905249F38B1->s1-InstallSnapshotResponseHandler: InstallSnapshot in progress.
2022-10-13 10:40:53,586 [s1-server-thread1] INFO  server.RaftServer$Division (RaftServerImpl.java:checkInconsistentAppendEntries(1577)) - s1@group-6905249F38B1: Failed appendEntries as snapshot (255) installation is in progress
2022-10-13 10:40:53,586 [s1-server-thread1] INFO  server.RaftServer$Division (RaftServerImpl.java:checkInconsistentAppendEntries(1569)) - s1@group-6905249F38B1: inconsistency entries. Reply:s0<-s1#38:FAIL-t2,INCONSISTENCY,nextIndex=0,followerCommit=-1,matchIndex=-1
2022-10-13 10:40:53,587 [grpc-default-executor-0] INFO  leader.FollowerInfo (FollowerInfoImpl.java:lambda$new$0(48)) - s0@group-6905249F38B1->s1: nextIndex: updateUnconditionally 0 -> 0
2022-10-13 10:40:53,587 [s0@group-6905249F38B1->s1-GrpcLogAppender-LogAppenderDaemon] INFO  server.GrpcLogAppender (GrpcLogAppender.java:installSnapshot(633)) - s0@group-6905249F38B1->s1-GrpcLogAppender: followerNextIndex = 0 but logStartIndex = 255, notify follower to install snapshot-(t:2, i:255)
2022-10-13 10:40:53,587 [s0@group-6905249F38B1->s1-GrpcLogAppender-LogAppenderDaemon] INFO  server.GrpcLogAppender (GrpcLogAppender.java:installSnapshot(641)) - s0@group-6905249F38B1->s1-GrpcLogAppender: send s0->s1#0-t2,notify:(t:2, i:255)
2022-10-13 10:40:53,587 [grpc-default-executor-3] INFO  server.GrpcLogAppender (GrpcLogAppender.java:onNext(492)) - s0@group-6905249F38B1->s2-InstallSnapshotResponseHandler: received a reply s0<-s2#0:FAIL-t2,IN_PROGRESS
2022-10-13 10:40:53,588 [grpc-default-executor-3] INFO  server.GrpcLogAppender (GrpcLogAppender.java:onNext(510)) - s0@group-6905249F38B1->s2-InstallSnapshotResponseHandler: InstallSnapshot in progress.
2022-10-13 10:40:53,588 [s2-server-thread1] INFO  server.RaftServer$Division (RaftServerImpl.java:checkInconsistentAppendEntries(1577)) - s2@group-6905249F38B1: Failed appendEntries as snapshot (255) installation is in progress
2022-10-13 10:40:53,588 [s2-server-thread1] INFO  server.RaftServer$Division (RaftServerImpl.java:checkInconsistentAppendEntries(1569)) - s2@group-6905249F38B1: inconsistency entries. Reply:s0<-s2#33:FAIL-t2,INCONSISTENCY,nextIndex=0,followerCommit=-1,matchIndex=-1
2022-10-13 10:40:53,589 [grpc-default-executor-0] INFO  leader.FollowerInfo (FollowerInfoImpl.java:lambda$new$0(48)) - s0@group-6905249F38B1->s2: nextIndex: updateUnconditionally 0 -> 0
2022-10-13 10:40:53,589 [s0@group-6905249F38B1->s2-GrpcLogAppender-LogAppenderDaemon] INFO  server.GrpcLogAppender (GrpcLogAppender.java:installSnapshot(633)) - s0@group-6905249F38B1->s2-GrpcLogAppender: followerNextIndex = 0 but logStartIndex = 255, notify follower to install snapshot-(t:2, i:255)
2022-10-13 10:40:53,589 [s0@group-6905249F38B1->s2-GrpcLogAppender-LogAppenderDaemon] INFO  server.GrpcLogAppender (GrpcLogAppender.java:installSnapshot(641)) - s0@group-6905249F38B1->s2-GrpcLogAppender: send s0->s2#0-t2,notify:(t:2, i:255)
2022-10-13 10:40:53,589 [grpc-default-executor-3] INFO  impl.SnapshotInstallationHandler (SnapshotInstallationHandler.java:installSnapshot(89)) - s1@group-6905249F38B1: receive installSnapshot: s0->s1#0-t2,notify:(t:2, i:255)
2022-10-13 10:40:53,590 [grpc-default-executor-3] INFO  impl.SnapshotInstallationHandler (SnapshotInstallationHandler.java:installSnapshot(100)) - s1@group-6905249F38B1: reply installSnapshot: s0<-s1#0:FAIL-t2,IN_PROGRESS
2022-10-13 10:40:53,590 [grpc-default-executor-0] INFO  server.GrpcLogAppender (GrpcLogAppender.java:onNext(492)) - s0@group-6905249F38B1->s1-InstallSnapshotResponseHandler: received a reply s0<-s1#0:FAIL-t2,IN_PROGRESS
2022-10-13 10:40:53,590 [grpc-default-executor-0] INFO  server.GrpcLogAppender (GrpcLogAppender.java:onNext(510)) - s0@group-6905249F38B1->s1-InstallSnapshotResponseHandler: InstallSnapshot in progress.
2022-10-13 10:40:53,590 [grpc-default-executor-3] INFO  server.GrpcServerProtocolService (GrpcServerProtocolService.java:onCompleted(143)) - s1: Completed INSTALL_SNAPSHOT, lastRequest: s0->s1#0-t2,notify:(t:2, i:255)
2022-10-13 10:40:53,591 [s1-server-thread1] INFO  server.RaftServer$Division (RaftServerImpl.java:checkInconsistentAppendEntries(1577)) - s1@group-6905249F38B1: Failed appendEntries as snapshot (255) installation is in progress
2022-10-13 10:40:53,591 [s1-server-thread1] INFO  server.RaftServer$Division (RaftServerImpl.java:checkInconsistentAppendEntries(1569)) - s1@group-6905249F38B1: inconsistency entries. Reply:s0<-s1#39:FAIL-t2,INCONSISTENCY,nextIndex=0,followerCommit=-1,matchIndex=-1
2022-10-13 10:40:53,592 [grpc-default-executor-0] INFO  leader.FollowerInfo (FollowerInfoImpl.java:lambda$new$0(48)) - s0@group-6905249F38B1->s1: nextIndex: updateUnconditionally 0 -> 0
2022-10-13 10:40:53,592 [s0@group-6905249F38B1->s1-GrpcLogAppender-LogAppenderDaemon] INFO  server.GrpcLogAppender (GrpcLogAppender.java:installSnapshot(633)) - s0@group-6905249F38B1->s1-GrpcLogAppender: followerNextIndex = 0 but logStartIndex = 255, notify follower to install snapshot-(t:2, i:255)
2022-10-13 10:40:53,592 [s0@group-6905249F38B1->s1-GrpcLogAppender-LogAppenderDaemon] INFO  server.GrpcLogAppender (GrpcLogAppender.java:installSnapshot(641)) - s0@group-6905249F38B1->s1-GrpcLogAppender: send s0->s1#0-t2,notify:(t:2, i:255)
2022-10-13 10:40:53,593 [grpc-default-executor-3] INFO  impl.SnapshotInstallationHandler (SnapshotInstallationHandler.java:installSnapshot(89)) - s2@group-6905249F38B1: receive installSnapshot: s0->s2#0-t2,notify:(t:2, i:255)
2022-10-13 10:40:53,593 [grpc-default-executor-3] INFO  impl.SnapshotInstallationHandler (SnapshotInstallationHandler.java:installSnapshot(100)) - s2@group-6905249F38B1: reply installSnapshot: s0<-s2#0:FAIL-t2,IN_PROGRESS
2022-10-13 10:40:53,593 [grpc-default-executor-3] INFO  server.GrpcServerProtocolService (GrpcServerProtocolService.java:onCompleted(143)) - s2: Completed INSTALL_SNAPSHOT, lastRequest: s0->s2#0-t2,notify:(t:2, i:255)
2022-10-13 10:40:53,593 [grpc-default-executor-3] INFO  impl.SnapshotInstallationHandler (SnapshotInstallationHandler.java:installSnapshot(89)) - s1@group-6905249F38B1: receive installSnapshot: s0->s1#0-t2,notify:(t:2, i:255)
2022-10-13 10:40:53,594 [grpc-default-executor-3] INFO  impl.SnapshotInstallationHandler (SnapshotInstallationHandler.java:installSnapshot(100)) - s1@group-6905249F38B1: reply installSnapshot: s0<-s1#0:FAIL-t2,IN_PROGRESS
2022-10-13 10:40:53,594 [grpc-default-executor-3] INFO  server.GrpcServerProtocolService (GrpcServerProtocolService.java:onCompleted(143)) - s1: Completed INSTALL_SNAPSHOT, lastRequest: s0->s1#0-t2,notify:(t:2, i:255)
2022-10-13 10:40:53,594 [grpc-default-executor-0] INFO  server.GrpcLogAppender (GrpcLogAppender.java:onNext(492)) - s0@group-6905249F38B1->s1-InstallSnapshotResponseHandler: received a reply s0<-s1#0:FAIL-t2,IN_PROGRESS
2022-10-13 10:40:53,594 [grpc-default-executor-0] INFO  server.GrpcLogAppender (GrpcLogAppender.java:onNext(510)) - s0@group-6905249F38B1->s1-InstallSnapshotResponseHandler: InstallSnapshot in progress.
2022-10-13 10:40:53,595 [grpc-default-executor-3] INFO  server.GrpcLogAppender (GrpcLogAppender.java:onNext(492)) - s0@group-6905249F38B1->s2-InstallSnapshotResponseHandler: received a reply s0<-s2#0:FAIL-t2,IN_PROGRESS
2022-10-13 10:40:53,595 [grpc-default-executor-3] INFO  server.GrpcLogAppender (GrpcLogAppender.java:onNext(510)) - s0@group-6905249F38B1->s2-InstallSnapshotResponseHandler: InstallSnapshot in progress.
2022-10-13 10:40:53,595 [s1-server-thread1] INFO  server.RaftServer$Division (RaftServerImpl.java:checkInconsistentAppendEntries(1577)) - s1@group-6905249F38B1: Failed appendEntries as snapshot (255) installation is in progress
2022-10-13 10:40:53,595 [s1-server-thread1] INFO  server.RaftServer$Division (RaftServerImpl.java:checkInconsistentAppendEntries(1569)) - s1@group-6905249F38B1: inconsistency entries. Reply:s0<-s1#40:FAIL-t2,INCONSISTENCY,nextIndex=0,followerCommit=-1,matchIndex=-1
2022-10-13 10:40:53,596 [s2-server-thread1] INFO  server.RaftServer$Division (RaftServerImpl.java:checkInconsistentAppendEntries(1577)) - s2@group-6905249F38B1: Failed appendEntries as snapshot (255) installation is in progress
2022-10-13 10:40:53,596 [s2-server-thread1] INFO  server.RaftServer$Division (RaftServerImpl.java:checkInconsistentAppendEntries(1569)) - s2@group-6905249F38B1: inconsistency entries. Reply:s0<-s2#34:FAIL-t2,INCONSISTENCY,nextIndex=0,followerCommit=-1,matchIndex=-1
2022-10-13 10:40:53,596 [grpc-default-executor-0] INFO  leader.FollowerInfo (FollowerInfoImpl.java:lambda$new$0(48)) - s0@group-6905249F38B1->s2: nextIndex: updateUnconditionally 0 -> 0
2022-10-13 10:40:53,596 [s0@group-6905249F38B1->s2-GrpcLogAppender-LogAppenderDaemon] INFO  server.GrpcLogAppender (GrpcLogAppender.java:installSnapshot(633)) - s0@group-6905249F38B1->s2-GrpcLogAppender: followerNextIndex = 0 but logStartIndex = 255, notify follower to install snapshot-(t:2, i:255)
2022-10-13 10:40:53,597 [s0@group-6905249F38B1->s2-GrpcLogAppender-LogAppenderDaemon] INFO  server.GrpcLogAppender (GrpcLogAppender.java:installSnapshot(641)) - s0@group-6905249F38B1->s2-GrpcLogAppender: send s0->s2#0-t2,notify:(t:2, i:255)
2022-10-13 10:40:53,597 [grpc-default-executor-3] INFO  leader.FollowerInfo (FollowerInfoImpl.java:lambda$new$0(48)) - s0@group-6905249F38B1->s1: nextIndex: updateUnconditionally 0 -> 0
2022-10-13 10:40:53,597 [s0@group-6905249F38B1->s1-GrpcLogAppender-LogAppenderDaemon] INFO  server.GrpcLogAppender (GrpcLogAppender.java:installSnapshot(633)) - s0@group-6905249F38B1->s1-GrpcLogAppender: followerNextIndex = 0 but logStartIndex = 255, notify follower to install snapshot-(t:2, i:255)
2022-10-13 10:40:53,597 [s0@group-6905249F38B1->s1-GrpcLogAppender-LogAppenderDaemon] INFO  server.GrpcLogAppender (GrpcLogAppender.java:installSnapshot(641)) - s0@group-6905249F38B1->s1-GrpcLogAppender: send s0->s1#0-t2,notify:(t:2, i:255)
2022-10-13 10:40:53,598 [grpc-default-executor-0] INFO  impl.SnapshotInstallationHandler (SnapshotInstallationHandler.java:installSnapshot(89)) - s1@group-6905249F38B1: receive installSnapshot: s0->s1#0-t2,notify:(t:2, i:255)
2022-10-13 10:40:53,598 [grpc-default-executor-0] INFO  impl.SnapshotInstallationHandler (SnapshotInstallationHandler.java:installSnapshot(100)) - s1@group-6905249F38B1: reply installSnapshot: s0<-s1#0:FAIL-t2,IN_PROGRESS
2022-10-13 10:40:53,599 [grpc-default-executor-0] INFO  server.GrpcLogAppender (GrpcLogAppender.java:onNext(492)) - s0@group-6905249F38B1->s1-InstallSnapshotResponseHandler: received a reply s0<-s1#0:FAIL-t2,IN_PROGRESS
2022-10-13 10:40:53,599 [grpc-default-executor-0] INFO  server.GrpcLogAppender (GrpcLogAppender.java:onNext(510)) - s0@group-6905249F38B1->s1-InstallSnapshotResponseHandler: InstallSnapshot in progress.
2022-10-13 10:40:53,599 [grpc-default-executor-3] INFO  server.GrpcServerProtocolService (GrpcServerProtocolService.java:onCompleted(143)) - s1: Completed INSTALL_SNAPSHOT, lastRequest: s0->s1#0-t2,notify:(t:2, i:255)
2022-10-13 10:40:53,599 [grpc-default-executor-3] INFO  impl.SnapshotInstallationHandler (SnapshotInstallationHandler.java:installSnapshot(89)) - s2@group-6905249F38B1: receive installSnapshot: s0->s2#0-t2,notify:(t:2, i:255)
2022-10-13 10:40:53,600 [grpc-default-executor-3] INFO  impl.SnapshotInstallationHandler (SnapshotInstallationHandler.java:installSnapshot(100)) - s2@group-6905249F38B1: reply installSnapshot: s0<-s2#0:FAIL-t2,IN_PROGRESS
2022-10-13 10:40:53,600 [grpc-default-executor-3] INFO  server.GrpcServerProtocolService (GrpcServerProtocolService.java:onCompleted(143)) - s2: Completed INSTALL_SNAPSHOT, lastRequest: s0->s2#0-t2,notify:(t:2, i:255)
2022-10-13 10:40:53,600 [s1-server-thread1] INFO  server.RaftServer$Division (RaftServerImpl.java:checkInconsistentAppendEntries(1577)) - s1@group-6905249F38B1: Failed appendEntries as snapshot (255) installation is in progress
2022-10-13 10:40:53,600 [s1-server-thread1] INFO  server.RaftServer$Division (RaftServerImpl.java:checkInconsistentAppendEntries(1569)) - s1@group-6905249F38B1: inconsistency entries. Reply:s0<-s1#41:FAIL-t2,INCONSISTENCY,nextIndex=0,followerCommit=-1,matchIndex=-1
2022-10-13 10:40:53,601 [grpc-default-executor-0] INFO  leader.FollowerInfo (FollowerInfoImpl.java:lambda$new$0(48)) - s0@group-6905249F38B1->s1: nextIndex: updateUnconditionally 0 -> 0
2022-10-13 10:40:53,601 [s0@group-6905249F38B1->s1-GrpcLogAppender-LogAppenderDaemon] INFO  server.GrpcLogAppender (GrpcLogAppender.java:installSnapshot(633)) - s0@group-6905249F38B1->s1-GrpcLogAppender: followerNextIndex = 0 but logStartIndex = 255, notify follower to install snapshot-(t:2, i:255)
2022-10-13 10:40:53,601 [s0@group-6905249F38B1->s1-GrpcLogAppender-LogAppenderDaemon] INFO  server.GrpcLogAppender (GrpcLogAppender.java:installSnapshot(641)) - s0@group-6905249F38B1->s1-GrpcLogAppender: send s0->s1#0-t2,notify:(t:2, i:255)
2022-10-13 10:40:53,602 [grpc-default-executor-3] INFO  server.GrpcLogAppender (GrpcLogAppender.java:onNext(492)) - s0@group-6905249F38B1->s2-InstallSnapshotResponseHandler: received a reply s0<-s2#0:FAIL-t2,IN_PROGRESS
2022-10-13 10:40:53,602 [grpc-default-executor-3] INFO  server.GrpcLogAppender (GrpcLogAppender.java:onNext(510)) - s0@group-6905249F38B1->s2-InstallSnapshotResponseHandler: InstallSnapshot in progress.
2022-10-13 10:40:53,602 [s2-server-thread1] INFO  server.RaftServer$Division (RaftServerImpl.java:checkInconsistentAppendEntries(1577)) - s2@group-6905249F38B1: Failed appendEntries as snapshot (255) installation is in progress
2022-10-13 10:40:53,602 [s2-server-thread1] INFO  server.RaftServer$Division (RaftServerImpl.java:checkInconsistentAppendEntries(1569)) - s2@group-6905249F38B1: inconsistency entries. Reply:s0<-s2#35:FAIL-t2,INCONSISTENCY,nextIndex=0,followerCommit=-1,matchIndex=-1
2022-10-13 10:40:53,607 [grpc-default-executor-0] INFO  leader.FollowerInfo (FollowerInfoImpl.java:lambda$new$0(48)) - s0@group-6905249F38B1->s2: nextIndex: updateUnconditionally 0 -> 0
2022-10-13 10:40:53,607 [s0@group-6905249F38B1->s2-GrpcLogAppender-LogAppenderDaemon] INFO  server.GrpcLogAppender (GrpcLogAppender.java:installSnapshot(633)) - s0@group-6905249F38B1->s2-GrpcLogAppender: followerNextIndex = 0 but logStartIndex = 255, notify follower to install snapshot-(t:2, i:255)
2022-10-13 10:40:53,607 [s0@group-6905249F38B1->s2-GrpcLogAppender-LogAppenderDaemon] INFO  server.GrpcLogAppender (GrpcLogAppender.java:installSnapshot(641)) - s0@group-6905249F38B1->s2-GrpcLogAppender: send s0->s2#0-t2,notify:(t:2, i:255)
2022-10-13 10:40:53,608 [grpc-default-executor-0] INFO  impl.SnapshotInstallationHandler (SnapshotInstallationHandler.java:installSnapshot(89)) - s1@group-6905249F38B1: receive installSnapshot: s0->s1#0-t2,notify:(t:2, i:255)
2022-10-13 10:40:53,608 [grpc-default-executor-0] INFO  impl.SnapshotInstallationHandler (SnapshotInstallationHandler.java:installSnapshot(100)) - s1@group-6905249F38B1: reply installSnapshot: s0<-s1#0:FAIL-t2,IN_PROGRESS
2022-10-13 10:40:53,609 [grpc-default-executor-0] INFO  server.GrpcLogAppender (GrpcLogAppender.java:onNext(492)) - s0@group-6905249F38B1->s1-InstallSnapshotResponseHandler: received a reply s0<-s1#0:FAIL-t2,IN_PROGRESS
2022-10-13 10:40:53,609 [grpc-default-executor-0] INFO  server.GrpcLogAppender (GrpcLogAppender.java:onNext(510)) - s0@group-6905249F38B1->s1-InstallSnapshotResponseHandler: InstallSnapshot in progress.
2022-10-13 10:40:53,609 [grpc-default-executor-3] INFO  server.GrpcServerProtocolService (GrpcServerProtocolService.java:onCompleted(143)) - s1: Completed INSTALL_SNAPSHOT, lastRequest: s0->s1#0-t2,notify:(t:2, i:255)
2022-10-13 10:40:53,610 [s1-server-thread1] INFO  server.RaftServer$Division (RaftServerImpl.java:checkInconsistentAppendEntries(1577)) - s1@group-6905249F38B1: Failed appendEntries as snapshot (255) installation is in progress
2022-10-13 10:40:53,610 [s1-server-thread1] INFO  server.RaftServer$Division (RaftServerImpl.java:checkInconsistentAppendEntries(1569)) - s1@group-6905249F38B1: inconsistency entries. Reply:s0<-s1#42:FAIL-t2,INCONSISTENCY,nextIndex=0,followerCommit=-1,matchIndex=-1
2022-10-13 10:40:53,610 [grpc-default-executor-0] INFO  leader.FollowerInfo (FollowerInfoImpl.java:lambda$new$0(48)) - s0@group-6905249F38B1->s1: nextIndex: updateUnconditionally 0 -> 0
2022-10-13 10:40:53,610 [s0@group-6905249F38B1->s1-GrpcLogAppender-LogAppenderDaemon] INFO  server.GrpcLogAppender (GrpcLogAppender.java:installSnapshot(633)) - s0@group-6905249F38B1->s1-GrpcLogAppender: followerNextIndex = 0 but logStartIndex = 255, notify follower to install snapshot-(t:2, i:255)
2022-10-13 10:40:53,610 [s0@group-6905249F38B1->s1-GrpcLogAppender-LogAppenderDaemon] INFO  server.GrpcLogAppender (GrpcLogAppender.java:installSnapshot(641)) - s0@group-6905249F38B1->s1-GrpcLogAppender: send s0->s1#0-t2,notify:(t:2, i:255)
2022-10-13 10:40:53,611 [grpc-default-executor-3] INFO  impl.SnapshotInstallationHandler (SnapshotInstallationHandler.java:installSnapshot(89)) - s2@group-6905249F38B1: receive installSnapshot: s0->s2#0-t2,notify:(t:2, i:255)
2022-10-13 10:40:53,611 [grpc-default-executor-3] INFO  impl.SnapshotInstallationHandler (SnapshotInstallationHandler.java:installSnapshot(100)) - s2@group-6905249F38B1: reply installSnapshot: s0<-s2#0:FAIL-t2,IN_PROGRESS
2022-10-13 10:40:53,611 [grpc-default-executor-3] INFO  server.GrpcServerProtocolService (GrpcServerProtocolService.java:onCompleted(143)) - s2: Completed INSTALL_SNAPSHOT, lastRequest: s0->s2#0-t2,notify:(t:2, i:255)
2022-10-13 10:40:53,612 [grpc-default-executor-3] INFO  impl.SnapshotInstallationHandler (SnapshotInstallationHandler.java:installSnapshot(89)) - s1@group-6905249F38B1: receive installSnapshot: s0->s1#0-t2,notify:(t:2, i:255)
2022-10-13 10:40:53,612 [grpc-default-executor-3] INFO  impl.SnapshotInstallationHandler (SnapshotInstallationHandler.java:installSnapshot(100)) - s1@group-6905249F38B1: reply installSnapshot: s0<-s1#0:FAIL-t2,IN_PROGRESS
2022-10-13 10:40:53,612 [grpc-default-executor-3] INFO  server.GrpcServerProtocolService (GrpcServerProtocolService.java:onCompleted(143)) - s1: Completed INSTALL_SNAPSHOT, lastRequest: s0->s1#0-t2,notify:(t:2, i:255)
2022-10-13 10:40:53,613 [grpc-default-executor-0] INFO  server.GrpcLogAppender (GrpcLogAppender.java:onNext(492)) - s0@group-6905249F38B1->s1-InstallSnapshotResponseHandler: received a reply s0<-s1#0:FAIL-t2,IN_PROGRESS
2022-10-13 10:40:53,613 [grpc-default-executor-0] INFO  server.GrpcLogAppender (GrpcLogAppender.java:onNext(510)) - s0@group-6905249F38B1->s1-InstallSnapshotResponseHandler: InstallSnapshot in progress.
2022-10-13 10:40:53,613 [grpc-default-executor-3] INFO  server.GrpcLogAppender (GrpcLogAppender.java:onNext(492)) - s0@group-6905249F38B1->s2-InstallSnapshotResponseHandler: received a reply s0<-s2#0:FAIL-t2,IN_PROGRESS
2022-10-13 10:40:53,613 [grpc-default-executor-3] INFO  server.GrpcLogAppender (GrpcLogAppender.java:onNext(510)) - s0@group-6905249F38B1->s2-InstallSnapshotResponseHandler: InstallSnapshot in progress.
2022-10-13 10:40:53,614 [s1-server-thread1] INFO  server.RaftServer$Division (RaftServerImpl.java:checkInconsistentAppendEntries(1577)) - s1@group-6905249F38B1: Failed appendEntries as snapshot (255) installation is in progress
2022-10-13 10:40:53,614 [s1-server-thread1] INFO  server.RaftServer$Division (RaftServerImpl.java:checkInconsistentAppendEntries(1569)) - s1@group-6905249F38B1: inconsistency entries. Reply:s0<-s1#43:FAIL-t2,INCONSISTENCY,nextIndex=0,followerCommit=-1,matchIndex=-1
2022-10-13 10:40:53,614 [s2-server-thread1] INFO  server.RaftServer$Division (RaftServerImpl.java:checkInconsistentAppendEntries(1577)) - s2@group-6905249F38B1: Failed appendEntries as snapshot (255) installation is in progress
2022-10-13 10:40:53,614 [s2-server-thread1] INFO  server.RaftServer$Division (RaftServerImpl.java:checkInconsistentAppendEntries(1569)) - s2@group-6905249F38B1: inconsistency entries. Reply:s0<-s2#36:FAIL-t2,INCONSISTENCY,nextIndex=0,followerCommit=-1,matchIndex=-1
2022-10-13 10:40:53,615 [grpc-default-executor-0] INFO  leader.FollowerInfo (FollowerInfoImpl.java:lambda$new$0(48)) - s0@group-6905249F38B1->s2: nextIndex: updateUnconditionally 0 -> 0
2022-10-13 10:40:53,615 [s0@group-6905249F38B1->s2-GrpcLogAppender-LogAppenderDaemon] INFO  server.GrpcLogAppender (GrpcLogAppender.java:installSnapshot(633)) - s0@group-6905249F38B1->s2-GrpcLogAppender: followerNextIndex = 0 but logStartIndex = 255, notify follower to install snapshot-(t:2, i:255)
2022-10-13 10:40:53,615 [s0@group-6905249F38B1->s2-GrpcLogAppender-LogAppenderDaemon] INFO  server.GrpcLogAppender (GrpcLogAppender.java:installSnapshot(641)) - s0@group-6905249F38B1->s2-GrpcLogAppender: send s0->s2#0-t2,notify:(t:2, i:255)
2022-10-13 10:40:53,615 [grpc-default-executor-3] INFO  leader.FollowerInfo (FollowerInfoImpl.java:lambda$new$0(48)) - s0@group-6905249F38B1->s1: nextIndex: updateUnconditionally 0 -> 0
2022-10-13 10:40:53,615 [s0@group-6905249F38B1->s1-GrpcLogAppender-LogAppenderDaemon] INFO  server.GrpcLogAppender (GrpcLogAppender.java:installSnapshot(633)) - s0@group-6905249F38B1->s1-GrpcLogAppender: followerNextIndex = 0 but logStartIndex = 255, notify follower to install snapshot-(t:2, i:255)
2022-10-13 10:40:53,616 [s0@group-6905249F38B1->s1-GrpcLogAppender-LogAppenderDaemon] INFO  server.GrpcLogAppender (GrpcLogAppender.java:installSnapshot(641)) - s0@group-6905249F38B1->s1-GrpcLogAppender: send s0->s1#0-t2,notify:(t:2, i:255)
2022-10-13 10:40:53,617 [grpc-default-executor-0] INFO  impl.SnapshotInstallationHandler (SnapshotInstallationHandler.java:installSnapshot(89)) - s1@group-6905249F38B1: receive installSnapshot: s0->s1#0-t2,notify:(t:2, i:255)
2022-10-13 10:40:53,617 [grpc-default-executor-0] INFO  impl.SnapshotInstallationHandler (SnapshotInstallationHandler.java:installSnapshot(100)) - s1@group-6905249F38B1: reply installSnapshot: s0<-s1#0:FAIL-t2,IN_PROGRESS
2022-10-13 10:40:53,617 [grpc-default-executor-0] INFO  server.GrpcLogAppender (GrpcLogAppender.java:onNext(492)) - s0@group-6905249F38B1->s1-InstallSnapshotResponseHandler: received a reply s0<-s1#0:FAIL-t2,IN_PROGRESS
2022-10-13 10:40:53,617 [grpc-default-executor-0] INFO  server.GrpcLogAppender (GrpcLogAppender.java:onNext(510)) - s0@group-6905249F38B1->s1-InstallSnapshotResponseHandler: InstallSnapshot in progress.
2022-10-13 10:40:53,617 [grpc-default-executor-3] INFO  server.GrpcServerProtocolService (GrpcServerProtocolService.java:onCompleted(143)) - s1: Completed INSTALL_SNAPSHOT, lastRequest: s0->s1#0-t2,notify:(t:2, i:255)
2022-10-13 10:40:53,618 [grpc-default-executor-3] INFO  impl.SnapshotInstallationHandler (SnapshotInstallationHandler.java:installSnapshot(89)) - s2@group-6905249F38B1: receive installSnapshot: s0->s2#0-t2,notify:(t:2, i:255)
2022-10-13 10:40:53,618 [grpc-default-executor-3] INFO  impl.SnapshotInstallationHandler (SnapshotInstallationHandler.java:installSnapshot(100)) - s2@group-6905249F38B1: reply installSnapshot: s0<-s2#0:FAIL-t2,IN_PROGRESS
2022-10-13 10:40:53,618 [grpc-default-executor-3] INFO  server.GrpcServerProtocolService (GrpcServerProtocolService.java:onCompleted(143)) - s2: Completed INSTALL_SNAPSHOT, lastRequest: s0->s2#0-t2,notify:(t:2, i:255)
2022-10-13 10:40:53,619 [s1-server-thread1] INFO  server.RaftServer$Division (RaftServerImpl.java:checkInconsistentAppendEntries(1577)) - s1@group-6905249F38B1: Failed appendEntries as snapshot (255) installation is in progress
2022-10-13 10:40:53,619 [s1-server-thread1] INFO  server.RaftServer$Division (RaftServerImpl.java:checkInconsistentAppendEntries(1569)) - s1@group-6905249F38B1: inconsistency entries. Reply:s0<-s1#44:FAIL-t2,INCONSISTENCY,nextIndex=0,followerCommit=-1,matchIndex=-1
2022-10-13 10:40:53,619 [grpc-default-executor-0] INFO  leader.FollowerInfo (FollowerInfoImpl.java:lambda$new$0(48)) - s0@group-6905249F38B1->s1: nextIndex: updateUnconditionally 0 -> 0
2022-10-13 10:40:53,619 [s0@group-6905249F38B1->s1-GrpcLogAppender-LogAppenderDaemon] INFO  server.GrpcLogAppender (GrpcLogAppender.java:installSnapshot(633)) - s0@group-6905249F38B1->s1-GrpcLogAppender: followerNextIndex = 0 but logStartIndex = 255, notify follower to install snapshot-(t:2, i:255)
2022-10-13 10:40:53,620 [s0@group-6905249F38B1->s1-GrpcLogAppender-LogAppenderDaemon] INFO  server.GrpcLogAppender (GrpcLogAppender.java:installSnapshot(641)) - s0@group-6905249F38B1->s1-GrpcLogAppender: send s0->s1#0-t2,notify:(t:2, i:255)
2022-10-13 10:40:53,620 [grpc-default-executor-3] INFO  server.GrpcLogAppender (GrpcLogAppender.java:onNext(492)) - s0@group-6905249F38B1->s2-InstallSnapshotResponseHandler: received a reply s0<-s2#0:FAIL-t2,IN_PROGRESS
2022-10-13 10:40:53,620 [grpc-default-executor-3] INFO  server.GrpcLogAppender (GrpcLogAppender.java:onNext(510)) - s0@group-6905249F38B1->s2-InstallSnapshotResponseHandler: InstallSnapshot in progress.
2022-10-13 10:40:53,621 [s2-server-thread1] INFO  server.RaftServer$Division (RaftServerImpl.java:checkInconsistentAppendEntries(1577)) - s2@group-6905249F38B1: Failed appendEntries as snapshot (255) installation is in progress
2022-10-13 10:40:53,621 [s2-server-thread1] INFO  server.RaftServer$Division (RaftServerImpl.java:checkInconsistentAppendEntries(1569)) - s2@group-6905249F38B1: inconsistency entries. Reply:s0<-s2#37:FAIL-t2,INCONSISTENCY,nextIndex=0,followerCommit=-1,matchIndex=-1
2022-10-13 10:40:53,621 [grpc-default-executor-0] INFO  leader.FollowerInfo (FollowerInfoImpl.java:lambda$new$0(48)) - s0@group-6905249F38B1->s2: nextIndex: updateUnconditionally 0 -> 0
2022-10-13 10:40:53,621 [s0@group-6905249F38B1->s2-GrpcLogAppender-LogAppenderDaemon] INFO  server.GrpcLogAppender (GrpcLogAppender.java:installSnapshot(633)) - s0@group-6905249F38B1->s2-GrpcLogAppender: followerNextIndex = 0 but logStartIndex = 255, notify follower to install snapshot-(t:2, i:255)
2022-10-13 10:40:53,621 [s0@group-6905249F38B1->s2-GrpcLogAppender-LogAppenderDaemon] INFO  server.GrpcLogAppender (GrpcLogAppender.java:installSnapshot(641)) - s0@group-6905249F38B1->s2-GrpcLogAppender: send s0->s2#0-t2,notify:(t:2, i:255)
2022-10-13 10:40:53,622 [grpc-default-executor-0] INFO  impl.SnapshotInstallationHandler (SnapshotInstallationHandler.java:installSnapshot(89)) - s1@group-6905249F38B1: receive installSnapshot: s0->s1#0-t2,notify:(t:2, i:255)
2022-10-13 10:40:53,622 [grpc-default-executor-0] INFO  impl.SnapshotInstallationHandler (SnapshotInstallationHandler.java:installSnapshot(100)) - s1@group-6905249F38B1: reply installSnapshot: s0<-s1#0:FAIL-t2,IN_PROGRESS
2022-10-13 10:40:53,622 [grpc-default-executor-0] INFO  server.GrpcLogAppender (GrpcLogAppender.java:onNext(492)) - s0@group-6905249F38B1->s1-InstallSnapshotResponseHandler: received a reply s0<-s1#0:FAIL-t2,IN_PROGRESS
2022-10-13 10:40:53,623 [grpc-default-executor-0] INFO  server.GrpcLogAppender (GrpcLogAppender.java:onNext(510)) - s0@group-6905249F38B1->s1-InstallSnapshotResponseHandler: InstallSnapshot in progress.
2022-10-13 10:40:53,623 [grpc-default-executor-3] INFO  server.GrpcServerProtocolService (GrpcServerProtocolService.java:onCompleted(143)) - s1: Completed INSTALL_SNAPSHOT, lastRequest: s0->s1#0-t2,notify:(t:2, i:255)
2022-10-13 10:40:53,623 [s1-server-thread1] INFO  server.RaftServer$Division (RaftServerImpl.java:checkInconsistentAppendEntries(1577)) - s1@group-6905249F38B1: Failed appendEntries as snapshot (255) installation is in progress
2022-10-13 10:40:53,624 [s1-server-thread1] INFO  server.RaftServer$Division (RaftServerImpl.java:checkInconsistentAppendEntries(1569)) - s1@group-6905249F38B1: inconsistency entries. Reply:s0<-s1#45:FAIL-t2,INCONSISTENCY,nextIndex=0,followerCommit=-1,matchIndex=-1
2022-10-13 10:40:53,624 [grpc-default-executor-0] INFO  leader.FollowerInfo (FollowerInfoImpl.java:lambda$new$0(48)) - s0@group-6905249F38B1->s1: nextIndex: updateUnconditionally 0 -> 0
2022-10-13 10:40:53,624 [s0@group-6905249F38B1->s1-GrpcLogAppender-LogAppenderDaemon] INFO  server.GrpcLogAppender (GrpcLogAppender.java:installSnapshot(633)) - s0@group-6905249F38B1->s1-GrpcLogAppender: followerNextIndex = 0 but logStartIndex = 255, notify follower to install snapshot-(t:2, i:255)
2022-10-13 10:40:53,624 [s0@group-6905249F38B1->s1-GrpcLogAppender-LogAppenderDaemon] INFO  server.GrpcLogAppender (GrpcLogAppender.java:installSnapshot(641)) - s0@group-6905249F38B1->s1-GrpcLogAppender: send s0->s1#0-t2,notify:(t:2, i:255)
2022-10-13 10:40:53,625 [grpc-default-executor-3] INFO  impl.SnapshotInstallationHandler (SnapshotInstallationHandler.java:installSnapshot(89)) - s2@group-6905249F38B1: receive installSnapshot: s0->s2#0-t2,notify:(t:2, i:255)
2022-10-13 10:40:53,625 [grpc-default-executor-3] INFO  impl.SnapshotInstallationHandler (SnapshotInstallationHandler.java:installSnapshot(100)) - s2@group-6905249F38B1: reply installSnapshot: s0<-s2#0:FAIL-t2,IN_PROGRESS
2022-10-13 10:40:53,626 [grpc-default-executor-3] INFO  server.GrpcServerProtocolService (GrpcServerProtocolService.java:onCompleted(143)) - s2: Completed INSTALL_SNAPSHOT, lastRequest: s0->s2#0-t2,notify:(t:2, i:255)
2022-10-13 10:40:53,626 [grpc-default-executor-3] INFO  server.GrpcLogAppender (GrpcLogAppender.java:onNext(492)) - s0@group-6905249F38B1->s2-InstallSnapshotResponseHandler: received a reply s0<-s2#0:FAIL-t2,IN_PROGRESS
2022-10-13 10:40:53,626 [grpc-default-executor-3] INFO  server.GrpcLogAppender (GrpcLogAppender.java:onNext(510)) - s0@group-6905249F38B1->s2-InstallSnapshotResponseHandler: InstallSnapshot in progress.
2022-10-13 10:40:53,626 [grpc-default-executor-3] INFO  impl.SnapshotInstallationHandler (SnapshotInstallationHandler.java:installSnapshot(89)) - s1@group-6905249F38B1: receive installSnapshot: s0->s1#0-t2,notify:(t:2, i:255)
2022-10-13 10:40:53,627 [grpc-default-executor-3] INFO  impl.SnapshotInstallationHandler (SnapshotInstallationHandler.java:installSnapshot(100)) - s1@group-6905249F38B1: reply installSnapshot: s0<-s1#0:FAIL-t2,IN_PROGRESS
2022-10-13 10:40:53,627 [grpc-default-executor-3] INFO  server.GrpcServerProtocolService (GrpcServerProtocolService.java:onCompleted(143)) - s1: Completed INSTALL_SNAPSHOT, lastRequest: s0->s1#0-t2,notify:(t:2, i:255)
2022-10-13 10:40:53,628 [s2-server-thread1] INFO  server.RaftServer$Division (RaftServerImpl.java:checkInconsistentAppendEntries(1577)) - s2@group-6905249F38B1: Failed appendEntries as snapshot (255) installation is in progress
2022-10-13 10:40:53,628 [s2-server-thread1] INFO  server.RaftServer$Division (RaftServerImpl.java:checkInconsistentAppendEntries(1569)) - s2@group-6905249F38B1: inconsistency entries. Reply:s0<-s2#38:FAIL-t2,INCONSISTENCY,nextIndex=0,followerCommit=-1,matchIndex=-1
2022-10-13 10:40:53,628 [grpc-default-executor-3] INFO  server.GrpcLogAppender (GrpcLogAppender.java:onNext(492)) - s0@group-6905249F38B1->s1-InstallSnapshotResponseHandler: received a reply s0<-s1#0:FAIL-t2,IN_PROGRESS
2022-10-13 10:40:53,628 [grpc-default-executor-3] INFO  server.GrpcLogAppender (GrpcLogAppender.java:onNext(510)) - s0@group-6905249F38B1->s1-InstallSnapshotResponseHandler: InstallSnapshot in progress.
2022-10-13 10:40:53,629 [s1-server-thread1] INFO  server.RaftServer$Division (RaftServerImpl.java:checkInconsistentAppendEntries(1577)) - s1@group-6905249F38B1: Failed appendEntries as snapshot (255) installation is in progress
2022-10-13 10:40:53,629 [s1-server-thread1] INFO  server.RaftServer$Division (RaftServerImpl.java:checkInconsistentAppendEntries(1569)) - s1@group-6905249F38B1: inconsistency entries. Reply:s0<-s1#46:FAIL-t2,INCONSISTENCY,nextIndex=0,followerCommit=-1,matchIndex=-1
2022-10-13 10:40:53,629 [grpc-default-executor-0] INFO  leader.FollowerInfo (FollowerInfoImpl.java:lambda$new$0(48)) - s0@group-6905249F38B1->s1: nextIndex: updateUnconditionally 0 -> 0
2022-10-13 10:40:53,630 [s0@group-6905249F38B1->s1-GrpcLogAppender-LogAppenderDaemon] INFO  server.GrpcLogAppender (GrpcLogAppender.java:installSnapshot(633)) - s0@group-6905249F38B1->s1-GrpcLogAppender: followerNextIndex = 0 but logStartIndex = 255, notify follower to install snapshot-(t:2, i:255)
2022-10-13 10:40:53,630 [s0@group-6905249F38B1->s1-GrpcLogAppender-LogAppenderDaemon] INFO  server.GrpcLogAppender (GrpcLogAppender.java:installSnapshot(641)) - s0@group-6905249F38B1->s1-GrpcLogAppender: send s0->s1#0-t2,notify:(t:2, i:255)
2022-10-13 10:40:53,630 [grpc-default-executor-3] INFO  leader.FollowerInfo (FollowerInfoImpl.java:lambda$new$0(48)) - s0@group-6905249F38B1->s2: nextIndex: updateUnconditionally 0 -> 0
2022-10-13 10:40:53,630 [s0@group-6905249F38B1->s2-GrpcLogAppender-LogAppenderDaemon] INFO  server.GrpcLogAppender (GrpcLogAppender.java:installSnapshot(633)) - s0@group-6905249F38B1->s2-GrpcLogAppender: followerNextIndex = 0 but logStartIndex = 255, notify follower to install snapshot-(t:2, i:255)
2022-10-13 10:40:53,630 [s0@group-6905249F38B1->s2-GrpcLogAppender-LogAppenderDaemon] INFO  server.GrpcLogAppender (GrpcLogAppender.java:installSnapshot(641)) - s0@group-6905249F38B1->s2-GrpcLogAppender: send s0->s2#0-t2,notify:(t:2, i:255)
2022-10-13 10:40:53,633 [grpc-default-executor-0] INFO  impl.SnapshotInstallationHandler (SnapshotInstallationHandler.java:installSnapshot(89)) - s1@group-6905249F38B1: receive installSnapshot: s0->s1#0-t2,notify:(t:2, i:255)
2022-10-13 10:40:53,633 [grpc-default-executor-0] INFO  impl.SnapshotInstallationHandler (SnapshotInstallationHandler.java:installSnapshot(100)) - s1@group-6905249F38B1: reply installSnapshot: s0<-s1#0:FAIL-t2,IN_PROGRESS
2022-10-13 10:40:53,633 [grpc-default-executor-0] INFO  server.GrpcLogAppender (GrpcLogAppender.java:onNext(492)) - s0@group-6905249F38B1->s1-InstallSnapshotResponseHandler: received a reply s0<-s1#0:FAIL-t2,IN_PROGRESS
2022-10-13 10:40:53,633 [grpc-default-executor-0] INFO  server.GrpcLogAppender (GrpcLogAppender.java:onNext(510)) - s0@group-6905249F38B1->s1-InstallSnapshotResponseHandler: InstallSnapshot in progress.
2022-10-13 10:40:53,634 [grpc-default-executor-3] INFO  server.GrpcServerProtocolService (GrpcServerProtocolService.java:onCompleted(143)) - s1: Completed INSTALL_SNAPSHOT, lastRequest: s0->s1#0-t2,notify:(t:2, i:255)
2022-10-13 10:40:53,634 [grpc-default-executor-3] INFO  impl.SnapshotInstallationHandler (SnapshotInstallationHandler.java:installSnapshot(89)) - s2@group-6905249F38B1: receive installSnapshot: s0->s2#0-t2,notify:(t:2, i:255)
2022-10-13 10:40:53,634 [grpc-default-executor-3] INFO  impl.SnapshotInstallationHandler (SnapshotInstallationHandler.java:installSnapshot(100)) - s2@group-6905249F38B1: reply installSnapshot: s0<-s2#0:FAIL-t2,IN_PROGRESS
2022-10-13 10:40:53,635 [grpc-default-executor-3] INFO  server.GrpcServerProtocolService (GrpcServerProtocolService.java:onCompleted(143)) - s2: Completed INSTALL_SNAPSHOT, lastRequest: s0->s2#0-t2,notify:(t:2, i:255)
2022-10-13 10:40:53,635 [s1-server-thread1] INFO  server.RaftServer$Division (RaftServerImpl.java:checkInconsistentAppendEntries(1577)) - s1@group-6905249F38B1: Failed appendEntries as snapshot (255) installation is in progress
2022-10-13 10:40:53,635 [s1-server-thread1] INFO  server.RaftServer$Division (RaftServerImpl.java:checkInconsistentAppendEntries(1569)) - s1@group-6905249F38B1: inconsistency entries. Reply:s0<-s1#47:FAIL-t2,INCONSISTENCY,nextIndex=0,followerCommit=-1,matchIndex=-1
2022-10-13 10:40:53,636 [grpc-default-executor-0] INFO  leader.FollowerInfo (FollowerInfoImpl.java:lambda$new$0(48)) - s0@group-6905249F38B1->s1: nextIndex: updateUnconditionally 0 -> 0
2022-10-13 10:40:53,636 [s0@group-6905249F38B1->s1-GrpcLogAppender-LogAppenderDaemon] INFO  server.GrpcLogAppender (GrpcLogAppender.java:installSnapshot(633)) - s0@group-6905249F38B1->s1-GrpcLogAppender: followerNextIndex = 0 but logStartIndex = 255, notify follower to install snapshot-(t:2, i:255)
2022-10-13 10:40:53,636 [s0@group-6905249F38B1->s1-GrpcLogAppender-LogAppenderDaemon] INFO  server.GrpcLogAppender (GrpcLogAppender.java:installSnapshot(641)) - s0@group-6905249F38B1->s1-GrpcLogAppender: send s0->s1#0-t2,notify:(t:2, i:255)
2022-10-13 10:40:53,636 [grpc-default-executor-3] INFO  server.GrpcLogAppender (GrpcLogAppender.java:onNext(492)) - s0@group-6905249F38B1->s2-InstallSnapshotResponseHandler: received a reply s0<-s2#0:FAIL-t2,IN_PROGRESS
2022-10-13 10:40:53,637 [grpc-default-executor-3] INFO  server.GrpcLogAppender (GrpcLogAppender.java:onNext(510)) - s0@group-6905249F38B1->s2-InstallSnapshotResponseHandler: InstallSnapshot in progress.
2022-10-13 10:40:53,637 [s2-server-thread1] INFO  server.RaftServer$Division (RaftServerImpl.java:checkInconsistentAppendEntries(1577)) - s2@group-6905249F38B1: Failed appendEntries as snapshot (255) installation is in progress
2022-10-13 10:40:53,637 [s2-server-thread1] INFO  server.RaftServer$Division (RaftServerImpl.java:checkInconsistentAppendEntries(1569)) - s2@group-6905249F38B1: inconsistency entries. Reply:s0<-s2#39:FAIL-t2,INCONSISTENCY,nextIndex=0,followerCommit=-1,matchIndex=-1
2022-10-13 10:40:53,638 [grpc-default-executor-0] INFO  leader.FollowerInfo (FollowerInfoImpl.java:lambda$new$0(48)) - s0@group-6905249F38B1->s2: nextIndex: updateUnconditionally 0 -> 0
2022-10-13 10:40:53,638 [s0@group-6905249F38B1->s2-GrpcLogAppender-LogAppenderDaemon] INFO  server.GrpcLogAppender (GrpcLogAppender.java:installSnapshot(633)) - s0@group-6905249F38B1->s2-GrpcLogAppender: followerNextIndex = 0 but logStartIndex = 255, notify follower to install snapshot-(t:2, i:255)
2022-10-13 10:40:53,638 [s0@group-6905249F38B1->s2-GrpcLogAppender-LogAppenderDaemon] INFO  server.GrpcLogAppender (GrpcLogAppender.java:installSnapshot(641)) - s0@group-6905249F38B1->s2-GrpcLogAppender: send s0->s2#0-t2,notify:(t:2, i:255)
2022-10-13 10:40:53,638 [grpc-default-executor-0] INFO  impl.SnapshotInstallationHandler (SnapshotInstallationHandler.java:installSnapshot(89)) - s1@group-6905249F38B1: receive installSnapshot: s0->s1#0-t2,notify:(t:2, i:255)
2022-10-13 10:40:53,639 [grpc-default-executor-0] INFO  impl.SnapshotInstallationHandler (SnapshotInstallationHandler.java:installSnapshot(100)) - s1@group-6905249F38B1: reply installSnapshot: s0<-s1#0:FAIL-t2,IN_PROGRESS
2022-10-13 10:40:53,639 [grpc-default-executor-0] INFO  server.GrpcLogAppender (GrpcLogAppender.java:onNext(492)) - s0@group-6905249F38B1->s1-InstallSnapshotResponseHandler: received a reply s0<-s1#0:FAIL-t2,IN_PROGRESS
2022-10-13 10:40:53,639 [grpc-default-executor-0] INFO  server.GrpcLogAppender (GrpcLogAppender.java:onNext(510)) - s0@group-6905249F38B1->s1-InstallSnapshotResponseHandler: InstallSnapshot in progress.
2022-10-13 10:40:53,643 [grpc-default-executor-3] INFO  server.GrpcServerProtocolService (GrpcServerProtocolService.java:onCompleted(143)) - s1: Completed INSTALL_SNAPSHOT, lastRequest: s0->s1#0-t2,notify:(t:2, i:255)
2022-10-13 10:40:53,644 [s1-server-thread1] INFO  server.RaftServer$Division (RaftServerImpl.java:checkInconsistentAppendEntries(1577)) - s1@group-6905249F38B1: Failed appendEntries as snapshot (255) installation is in progress
2022-10-13 10:40:53,644 [s1-server-thread1] INFO  server.RaftServer$Division (RaftServerImpl.java:checkInconsistentAppendEntries(1569)) - s1@group-6905249F38B1: inconsistency entries. Reply:s0<-s1#48:FAIL-t2,INCONSISTENCY,nextIndex=0,followerCommit=-1,matchIndex=-1
2022-10-13 10:40:53,645 [grpc-default-executor-0] INFO  leader.FollowerInfo (FollowerInfoImpl.java:lambda$new$0(48)) - s0@group-6905249F38B1->s1: nextIndex: updateUnconditionally 0 -> 0
2022-10-13 10:40:53,645 [s0@group-6905249F38B1->s1-GrpcLogAppender-LogAppenderDaemon] INFO  server.GrpcLogAppender (GrpcLogAppender.java:installSnapshot(633)) - s0@group-6905249F38B1->s1-GrpcLogAppender: followerNextIndex = 0 but logStartIndex = 255, notify follower to install snapshot-(t:2, i:255)
2022-10-13 10:40:53,645 [s0@group-6905249F38B1->s1-GrpcLogAppender-LogAppenderDaemon] INFO  server.GrpcLogAppender (GrpcLogAppender.java:installSnapshot(641)) - s0@group-6905249F38B1->s1-GrpcLogAppender: send s0->s1#0-t2,notify:(t:2, i:255)
2022-10-13 10:40:53,646 [grpc-default-executor-3] INFO  impl.SnapshotInstallationHandler (SnapshotInstallationHandler.java:installSnapshot(89)) - s2@group-6905249F38B1: receive installSnapshot: s0->s2#0-t2,notify:(t:2, i:255)
2022-10-13 10:40:53,646 [grpc-default-executor-3] INFO  impl.SnapshotInstallationHandler (SnapshotInstallationHandler.java:installSnapshot(100)) - s2@group-6905249F38B1: reply installSnapshot: s0<-s2#0:FAIL-t2,IN_PROGRESS
2022-10-13 10:40:53,646 [grpc-default-executor-3] INFO  server.GrpcServerProtocolService (GrpcServerProtocolService.java:onCompleted(143)) - s2: Completed INSTALL_SNAPSHOT, lastRequest: s0->s2#0-t2,notify:(t:2, i:255)
2022-10-13 10:40:53,647 [grpc-default-executor-3] INFO  server.GrpcLogAppender (GrpcLogAppender.java:onNext(492)) - s0@group-6905249F38B1->s2-InstallSnapshotResponseHandler: received a reply s0<-s2#0:FAIL-t2,IN_PROGRESS
2022-10-13 10:40:53,647 [grpc-default-executor-3] INFO  server.GrpcLogAppender (GrpcLogAppender.java:onNext(510)) - s0@group-6905249F38B1->s2-InstallSnapshotResponseHandler: InstallSnapshot in progress.
2022-10-13 10:40:53,647 [grpc-default-executor-3] INFO  impl.SnapshotInstallationHandler (SnapshotInstallationHandler.java:installSnapshot(89)) - s1@group-6905249F38B1: receive installSnapshot: s0->s1#0-t2,notify:(t:2, i:255)
2022-10-13 10:40:53,647 [grpc-default-executor-3] INFO  impl.SnapshotInstallationHandler (SnapshotInstallationHandler.java:installSnapshot(100)) - s1@group-6905249F38B1: reply installSnapshot: s0<-s1#0:FAIL-t2,IN_PROGRESS
2022-10-13 10:40:53,648 [grpc-default-executor-3] INFO  server.GrpcServerProtocolService (GrpcServerProtocolService.java:onCompleted(143)) - s1: Completed INSTALL_SNAPSHOT, lastRequest: s0->s1#0-t2,notify:(t:2, i:255)
2022-10-13 10:40:53,648 [s2-server-thread1] INFO  server.RaftServer$Division (RaftServerImpl.java:checkInconsistentAppendEntries(1577)) - s2@group-6905249F38B1: Failed appendEntries as snapshot (255) installation is in progress
2022-10-13 10:40:53,648 [s2-server-thread1] INFO  server.RaftServer$Division (RaftServerImpl.java:checkInconsistentAppendEntries(1569)) - s2@group-6905249F38B1: inconsistency entries. Reply:s0<-s2#40:FAIL-t2,INCONSISTENCY,nextIndex=0,followerCommit=-1,matchIndex=-1
2022-10-13 10:40:53,649 [grpc-default-executor-3] INFO  server.GrpcLogAppender (GrpcLogAppender.java:onNext(492)) - s0@group-6905249F38B1->s1-InstallSnapshotResponseHandler: received a reply s0<-s1#0:FAIL-t2,IN_PROGRESS
2022-10-13 10:40:53,649 [grpc-default-executor-3] INFO  server.GrpcLogAppender (GrpcLogAppender.java:onNext(510)) - s0@group-6905249F38B1->s1-InstallSnapshotResponseHandler: InstallSnapshot in progress.
2022-10-13 10:40:53,649 [s1-server-thread1] INFO  server.RaftServer$Division (RaftServerImpl.java:checkInconsistentAppendEntries(1577)) - s1@group-6905249F38B1: Failed appendEntries as snapshot (255) installation is in progress
2022-10-13 10:40:53,649 [s1-server-thread1] INFO  server.RaftServer$Division (RaftServerImpl.java:checkInconsistentAppendEntries(1569)) - s1@group-6905249F38B1: inconsistency entries. Reply:s0<-s1#49:FAIL-t2,INCONSISTENCY,nextIndex=0,followerCommit=-1,matchIndex=-1
2022-10-13 10:40:53,650 [grpc-default-executor-0] INFO  leader.FollowerInfo (FollowerInfoImpl.java:lambda$new$0(48)) - s0@group-6905249F38B1->s1: nextIndex: updateUnconditionally 0 -> 0
2022-10-13 10:40:53,650 [s0@group-6905249F38B1->s1-GrpcLogAppender-LogAppenderDaemon] INFO  server.GrpcLogAppender (GrpcLogAppender.java:installSnapshot(633)) - s0@group-6905249F38B1->s1-GrpcLogAppender: followerNextIndex = 0 but logStartIndex = 255, notify follower to install snapshot-(t:2, i:255)
2022-10-13 10:40:53,650 [s0@group-6905249F38B1->s1-GrpcLogAppender-LogAppenderDaemon] INFO  server.GrpcLogAppender (GrpcLogAppender.java:installSnapshot(641)) - s0@group-6905249F38B1->s1-GrpcLogAppender: send s0->s1#0-t2,notify:(t:2, i:255)
2022-10-13 10:40:53,651 [grpc-default-executor-3] INFO  leader.FollowerInfo (FollowerInfoImpl.java:lambda$new$0(48)) - s0@group-6905249F38B1->s2: nextIndex: updateUnconditionally 0 -> 0
2022-10-13 10:40:53,651 [s0@group-6905249F38B1->s2-GrpcLogAppender-LogAppenderDaemon] INFO  server.GrpcLogAppender (GrpcLogAppender.java:installSnapshot(633)) - s0@group-6905249F38B1->s2-GrpcLogAppender: followerNextIndex = 0 but logStartIndex = 255, notify follower to install snapshot-(t:2, i:255)
2022-10-13 10:40:53,651 [s0@group-6905249F38B1->s2-GrpcLogAppender-LogAppenderDaemon] INFO  server.GrpcLogAppender (GrpcLogAppender.java:installSnapshot(641)) - s0@group-6905249F38B1->s2-GrpcLogAppender: send s0->s2#0-t2,notify:(t:2, i:255)
2022-10-13 10:40:53,652 [grpc-default-executor-0] INFO  impl.SnapshotInstallationHandler (SnapshotInstallationHandler.java:installSnapshot(89)) - s1@group-6905249F38B1: receive installSnapshot: s0->s1#0-t2,notify:(t:2, i:255)
2022-10-13 10:40:53,652 [grpc-default-executor-0] INFO  impl.SnapshotInstallationHandler (SnapshotInstallationHandler.java:installSnapshot(100)) - s1@group-6905249F38B1: reply installSnapshot: s0<-s1#0:FAIL-t2,IN_PROGRESS
2022-10-13 10:40:53,652 [grpc-default-executor-0] INFO  server.GrpcLogAppender (GrpcLogAppender.java:onNext(492)) - s0@group-6905249F38B1->s1-InstallSnapshotResponseHandler: received a reply s0<-s1#0:FAIL-t2,IN_PROGRESS
2022-10-13 10:40:53,652 [grpc-default-executor-0] INFO  server.GrpcLogAppender (GrpcLogAppender.java:onNext(510)) - s0@group-6905249F38B1->s1-InstallSnapshotResponseHandler: InstallSnapshot in progress.
2022-10-13 10:40:53,653 [grpc-default-executor-3] INFO  server.GrpcServerProtocolService (GrpcServerProtocolService.java:onCompleted(143)) - s1: Completed INSTALL_SNAPSHOT, lastRequest: s0->s1#0-t2,notify:(t:2, i:255)
2022-10-13 10:40:53,653 [grpc-default-executor-3] INFO  impl.SnapshotInstallationHandler (SnapshotInstallationHandler.java:installSnapshot(89)) - s2@group-6905249F38B1: receive installSnapshot: s0->s2#0-t2,notify:(t:2, i:255)
2022-10-13 10:40:53,653 [grpc-default-executor-3] INFO  impl.SnapshotInstallationHandler (SnapshotInstallationHandler.java:installSnapshot(100)) - s2@group-6905249F38B1: reply installSnapshot: s0<-s2#0:FAIL-t2,IN_PROGRESS
2022-10-13 10:40:53,654 [grpc-default-executor-3] INFO  server.GrpcServerProtocolService (GrpcServerProtocolService.java:onCompleted(143)) - s2: Completed INSTALL_SNAPSHOT, lastRequest: s0->s2#0-t2,notify:(t:2, i:255)
2022-10-13 10:40:53,654 [s1-server-thread1] INFO  server.RaftServer$Division (RaftServerImpl.java:checkInconsistentAppendEntries(1577)) - s1@group-6905249F38B1: Failed appendEntries as snapshot (255) installation is in progress
2022-10-13 10:40:53,654 [s1-server-thread1] INFO  server.RaftServer$Division (RaftServerImpl.java:checkInconsistentAppendEntries(1569)) - s1@group-6905249F38B1: inconsistency entries. Reply:s0<-s1#50:FAIL-t2,INCONSISTENCY,nextIndex=0,followerCommit=-1,matchIndex=-1
2022-10-13 10:40:53,655 [grpc-default-executor-0] INFO  leader.FollowerInfo (FollowerInfoImpl.java:lambda$new$0(48)) - s0@group-6905249F38B1->s1: nextIndex: updateUnconditionally 0 -> 0
2022-10-13 10:40:53,655 [s0@group-6905249F38B1->s1-GrpcLogAppender-LogAppenderDaemon] INFO  server.GrpcLogAppender (GrpcLogAppender.java:installSnapshot(633)) - s0@group-6905249F38B1->s1-GrpcLogAppender: followerNextIndex = 0 but logStartIndex = 255, notify follower to install snapshot-(t:2, i:255)
2022-10-13 10:40:53,655 [s0@group-6905249F38B1->s1-GrpcLogAppender-LogAppenderDaemon] INFO  server.GrpcLogAppender (GrpcLogAppender.java:installSnapshot(641)) - s0@group-6905249F38B1->s1-GrpcLogAppender: send s0->s1#0-t2,notify:(t:2, i:255)
2022-10-13 10:40:53,655 [grpc-default-executor-3] INFO  server.GrpcLogAppender (GrpcLogAppender.java:onNext(492)) - s0@group-6905249F38B1->s2-InstallSnapshotResponseHandler: received a reply s0<-s2#0:FAIL-t2,IN_PROGRESS
2022-10-13 10:40:53,656 [grpc-default-executor-3] INFO  server.GrpcLogAppender (GrpcLogAppender.java:onNext(510)) - s0@group-6905249F38B1->s2-InstallSnapshotResponseHandler: InstallSnapshot in progress.
2022-10-13 10:40:53,656 [s2-server-thread1] INFO  server.RaftServer$Division (RaftServerImpl.java:checkInconsistentAppendEntries(1577)) - s2@group-6905249F38B1: Failed appendEntries as snapshot (255) installation is in progress
2022-10-13 10:40:53,656 [s2-server-thread1] INFO  server.RaftServer$Division (RaftServerImpl.java:checkInconsistentAppendEntries(1569)) - s2@group-6905249F38B1: inconsistency entries. Reply:s0<-s2#41:FAIL-t2,INCONSISTENCY,nextIndex=0,followerCommit=-1,matchIndex=-1
2022-10-13 10:40:53,657 [grpc-default-executor-0] INFO  leader.FollowerInfo (FollowerInfoImpl.java:lambda$new$0(48)) - s0@group-6905249F38B1->s2: nextIndex: updateUnconditionally 0 -> 0
2022-10-13 10:40:53,657 [s0@group-6905249F38B1->s2-GrpcLogAppender-LogAppenderDaemon] INFO  server.GrpcLogAppender (GrpcLogAppender.java:installSnapshot(633)) - s0@group-6905249F38B1->s2-GrpcLogAppender: followerNextIndex = 0 but logStartIndex = 255, notify follower to install snapshot-(t:2, i:255)
2022-10-13 10:40:53,657 [s0@group-6905249F38B1->s2-GrpcLogAppender-LogAppenderDaemon] INFO  server.GrpcLogAppender (GrpcLogAppender.java:installSnapshot(641)) - s0@group-6905249F38B1->s2-GrpcLogAppender: send s0->s2#0-t2,notify:(t:2, i:255)
2022-10-13 10:40:53,658 [grpc-default-executor-0] INFO  impl.SnapshotInstallationHandler (SnapshotInstallationHandler.java:installSnapshot(89)) - s1@group-6905249F38B1: receive installSnapshot: s0->s1#0-t2,notify:(t:2, i:255)
2022-10-13 10:40:53,658 [grpc-default-executor-0] INFO  impl.SnapshotInstallationHandler (SnapshotInstallationHandler.java:installSnapshot(100)) - s1@group-6905249F38B1: reply installSnapshot: s0<-s1#0:FAIL-t2,IN_PROGRESS
2022-10-13 10:40:53,658 [grpc-default-executor-0] INFO  server.GrpcLogAppender (GrpcLogAppender.java:onNext(492)) - s0@group-6905249F38B1->s1-InstallSnapshotResponseHandler: received a reply s0<-s1#0:FAIL-t2,IN_PROGRESS
2022-10-13 10:40:53,658 [grpc-default-executor-0] INFO  server.GrpcLogAppender (GrpcLogAppender.java:onNext(510)) - s0@group-6905249F38B1->s1-InstallSnapshotResponseHandler: InstallSnapshot in progress.
2022-10-13 10:40:53,658 [grpc-default-executor-3] INFO  server.GrpcServerProtocolService (GrpcServerProtocolService.java:onCompleted(143)) - s1: Completed INSTALL_SNAPSHOT, lastRequest: s0->s1#0-t2,notify:(t:2, i:255)
2022-10-13 10:40:53,659 [s1-server-thread1] INFO  server.RaftServer$Division (RaftServerImpl.java:checkInconsistentAppendEntries(1577)) - s1@group-6905249F38B1: Failed appendEntries as snapshot (255) installation is in progress
2022-10-13 10:40:53,659 [s1-server-thread1] INFO  server.RaftServer$Division (RaftServerImpl.java:checkInconsistentAppendEntries(1569)) - s1@group-6905249F38B1: inconsistency entries. Reply:s0<-s1#51:FAIL-t2,INCONSISTENCY,nextIndex=0,followerCommit=-1,matchIndex=-1
2022-10-13 10:40:53,660 [grpc-default-executor-0] INFO  leader.FollowerInfo (FollowerInfoImpl.java:lambda$new$0(48)) - s0@group-6905249F38B1->s1: nextIndex: updateUnconditionally 0 -> 0
2022-10-13 10:40:53,660 [s0@group-6905249F38B1->s1-GrpcLogAppender-LogAppenderDaemon] INFO  server.GrpcLogAppender (GrpcLogAppender.java:installSnapshot(633)) - s0@group-6905249F38B1->s1-GrpcLogAppender: followerNextIndex = 0 but logStartIndex = 255, notify follower to install snapshot-(t:2, i:255)
2022-10-13 10:40:53,660 [s0@group-6905249F38B1->s1-GrpcLogAppender-LogAppenderDaemon] INFO  server.GrpcLogAppender (GrpcLogAppender.java:installSnapshot(641)) - s0@group-6905249F38B1->s1-GrpcLogAppender: send s0->s1#0-t2,notify:(t:2, i:255)
2022-10-13 10:40:53,661 [grpc-default-executor-3] INFO  impl.SnapshotInstallationHandler (SnapshotInstallationHandler.java:installSnapshot(89)) - s2@group-6905249F38B1: receive installSnapshot: s0->s2#0-t2,notify:(t:2, i:255)
2022-10-13 10:40:53,661 [grpc-default-executor-3] INFO  impl.SnapshotInstallationHandler (SnapshotInstallationHandler.java:installSnapshot(100)) - s2@group-6905249F38B1: reply installSnapshot: s0<-s2#0:FAIL-t2,IN_PROGRESS
2022-10-13 10:40:53,661 [grpc-default-executor-3] INFO  server.GrpcServerProtocolService (GrpcServerProtocolService.java:onCompleted(143)) - s2: Completed INSTALL_SNAPSHOT, lastRequest: s0->s2#0-t2,notify:(t:2, i:255)
2022-10-13 10:40:53,662 [grpc-default-executor-3] INFO  impl.SnapshotInstallationHandler (SnapshotInstallationHandler.java:installSnapshot(89)) - s1@group-6905249F38B1: receive installSnapshot: s0->s1#0-t2,notify:(t:2, i:255)
2022-10-13 10:40:53,662 [grpc-default-executor-3] INFO  impl.SnapshotInstallationHandler (SnapshotInstallationHandler.java:installSnapshot(100)) - s1@group-6905249F38B1: reply installSnapshot: s0<-s1#0:FAIL-t2,IN_PROGRESS
2022-10-13 10:40:53,662 [grpc-default-executor-3] INFO  server.GrpcServerProtocolService (GrpcServerProtocolService.java:onCompleted(143)) - s1: Completed INSTALL_SNAPSHOT, lastRequest: s0->s1#0-t2,notify:(t:2, i:255)
2022-10-13 10:40:53,663 [grpc-default-executor-0] INFO  server.GrpcLogAppender (GrpcLogAppender.java:onNext(492)) - s0@group-6905249F38B1->s1-InstallSnapshotResponseHandler: received a reply s0<-s1#0:FAIL-t2,IN_PROGRESS
2022-10-13 10:40:53,663 [grpc-default-executor-0] INFO  server.GrpcLogAppender (GrpcLogAppender.java:onNext(510)) - s0@group-6905249F38B1->s1-InstallSnapshotResponseHandler: InstallSnapshot in progress.
2022-10-13 10:40:53,663 [grpc-default-executor-3] INFO  server.GrpcLogAppender (GrpcLogAppender.java:onNext(492)) - s0@group-6905249F38B1->s2-InstallSnapshotResponseHandler: received a reply s0<-s2#0:FAIL-t2,IN_PROGRESS
2022-10-13 10:40:53,663 [grpc-default-executor-3] INFO  server.GrpcLogAppender (GrpcLogAppender.java:onNext(510)) - s0@group-6905249F38B1->s2-InstallSnapshotResponseHandler: InstallSnapshot in progress.
2022-10-13 10:40:53,664 [s1-server-thread1] INFO  server.RaftServer$Division (RaftServerImpl.java:checkInconsistentAppendEntries(1577)) - s1@group-6905249F38B1: Failed appendEntries as snapshot (255) installation is in progress
2022-10-13 10:40:53,664 [s1-server-thread1] INFO  server.RaftServer$Division (RaftServerImpl.java:checkInconsistentAppendEntries(1569)) - s1@group-6905249F38B1: inconsistency entries. Reply:s0<-s1#52:FAIL-t2,INCONSISTENCY,nextIndex=0,followerCommit=-1,matchIndex=-1
2022-10-13 10:40:53,664 [s2-server-thread1] INFO  server.RaftServer$Division (RaftServerImpl.java:checkInconsistentAppendEntries(1577)) - s2@group-6905249F38B1: Failed appendEntries as snapshot (255) installation is in progress
2022-10-13 10:40:53,664 [s2-server-thread1] INFO  server.RaftServer$Division (RaftServerImpl.java:checkInconsistentAppendEntries(1569)) - s2@group-6905249F38B1: inconsistency entries. Reply:s0<-s2#42:FAIL-t2,INCONSISTENCY,nextIndex=0,followerCommit=-1,matchIndex=-1
2022-10-13 10:40:53,665 [grpc-default-executor-0] INFO  leader.FollowerInfo (FollowerInfoImpl.java:lambda$new$0(48)) - s0@group-6905249F38B1->s2: nextIndex: updateUnconditionally 0 -> 0
2022-10-13 10:40:53,665 [s0@group-6905249F38B1->s2-GrpcLogAppender-LogAppenderDaemon] INFO  server.GrpcLogAppender (GrpcLogAppender.java:installSnapshot(633)) - s0@group-6905249F38B1->s2-GrpcLogAppender: followerNextIndex = 0 but logStartIndex = 255, notify follower to install snapshot-(t:2, i:255)
2022-10-13 10:40:53,665 [s0@group-6905249F38B1->s2-GrpcLogAppender-LogAppenderDaemon] INFO  server.GrpcLogAppender (GrpcLogAppender.java:installSnapshot(641)) - s0@group-6905249F38B1->s2-GrpcLogAppender: send s0->s2#0-t2,notify:(t:2, i:255)
2022-10-13 10:40:53,665 [grpc-default-executor-3] INFO  leader.FollowerInfo (FollowerInfoImpl.java:lambda$new$0(48)) - s0@group-6905249F38B1->s1: nextIndex: updateUnconditionally 0 -> 0
2022-10-13 10:40:53,665 [s0@group-6905249F38B1->s1-GrpcLogAppender-LogAppenderDaemon] INFO  server.GrpcLogAppender (GrpcLogAppender.java:installSnapshot(633)) - s0@group-6905249F38B1->s1-GrpcLogAppender: followerNextIndex = 0 but logStartIndex = 255, notify follower to install snapshot-(t:2, i:255)
2022-10-13 10:40:53,665 [s0@group-6905249F38B1->s1-GrpcLogAppender-LogAppenderDaemon] INFO  server.GrpcLogAppender (GrpcLogAppender.java:installSnapshot(641)) - s0@group-6905249F38B1->s1-GrpcLogAppender: send s0->s1#0-t2,notify:(t:2, i:255)
2022-10-13 10:40:53,666 [grpc-default-executor-0] INFO  impl.SnapshotInstallationHandler (SnapshotInstallationHandler.java:installSnapshot(89)) - s1@group-6905249F38B1: receive installSnapshot: s0->s1#0-t2,notify:(t:2, i:255)
2022-10-13 10:40:53,666 [grpc-default-executor-0] INFO  impl.SnapshotInstallationHandler (SnapshotInstallationHandler.java:installSnapshot(100)) - s1@group-6905249F38B1: reply installSnapshot: s0<-s1#0:FAIL-t2,IN_PROGRESS
2022-10-13 10:40:53,667 [grpc-default-executor-0] INFO  server.GrpcLogAppender (GrpcLogAppender.java:onNext(492)) - s0@group-6905249F38B1->s1-InstallSnapshotResponseHandler: received a reply s0<-s1#0:FAIL-t2,IN_PROGRESS
2022-10-13 10:40:53,667 [grpc-default-executor-0] INFO  server.GrpcLogAppender (GrpcLogAppender.java:onNext(510)) - s0@group-6905249F38B1->s1-InstallSnapshotResponseHandler: InstallSnapshot in progress.
2022-10-13 10:40:53,667 [grpc-default-executor-3] INFO  server.GrpcServerProtocolService (GrpcServerProtocolService.java:onCompleted(143)) - s1: Completed INSTALL_SNAPSHOT, lastRequest: s0->s1#0-t2,notify:(t:2, i:255)
2022-10-13 10:40:53,668 [grpc-default-executor-3] INFO  impl.SnapshotInstallationHandler (SnapshotInstallationHandler.java:installSnapshot(89)) - s2@group-6905249F38B1: receive installSnapshot: s0->s2#0-t2,notify:(t:2, i:255)
2022-10-13 10:40:53,668 [grpc-default-executor-3] INFO  impl.SnapshotInstallationHandler (SnapshotInstallationHandler.java:installSnapshot(100)) - s2@group-6905249F38B1: reply installSnapshot: s0<-s2#0:FAIL-t2,IN_PROGRESS
2022-10-13 10:40:53,668 [grpc-default-executor-3] INFO  server.GrpcServerProtocolService (GrpcServerProtocolService.java:onCompleted(143)) - s2: Completed INSTALL_SNAPSHOT, lastRequest: s0->s2#0-t2,notify:(t:2, i:255)
2022-10-13 10:40:53,669 [s1-server-thread1] INFO  server.RaftServer$Division (RaftServerImpl.java:checkInconsistentAppendEntries(1577)) - s1@group-6905249F38B1: Failed appendEntries as snapshot (255) installation is in progress
2022-10-13 10:40:53,669 [s1-server-thread1] INFO  server.RaftServer$Division (RaftServerImpl.java:checkInconsistentAppendEntries(1569)) - s1@group-6905249F38B1: inconsistency entries. Reply:s0<-s1#53:FAIL-t2,INCONSISTENCY,nextIndex=0,followerCommit=-1,matchIndex=-1
2022-10-13 10:40:53,669 [grpc-default-executor-0] INFO  leader.FollowerInfo (FollowerInfoImpl.java:lambda$new$0(48)) - s0@group-6905249F38B1->s1: nextIndex: updateUnconditionally 0 -> 0
2022-10-13 10:40:53,669 [s0@group-6905249F38B1->s1-GrpcLogAppender-LogAppenderDaemon] INFO  server.GrpcLogAppender (GrpcLogAppender.java:installSnapshot(633)) - s0@group-6905249F38B1->s1-GrpcLogAppender: followerNextIndex = 0 but logStartIndex = 255, notify follower to install snapshot-(t:2, i:255)
2022-10-13 10:40:53,669 [s0@group-6905249F38B1->s1-GrpcLogAppender-LogAppenderDaemon] INFO  server.GrpcLogAppender (GrpcLogAppender.java:installSnapshot(641)) - s0@group-6905249F38B1->s1-GrpcLogAppender: send s0->s1#0-t2,notify:(t:2, i:255)
2022-10-13 10:40:53,670 [grpc-default-executor-3] INFO  server.GrpcLogAppender (GrpcLogAppender.java:onNext(492)) - s0@group-6905249F38B1->s2-InstallSnapshotResponseHandler: received a reply s0<-s2#0:FAIL-t2,IN_PROGRESS
2022-10-13 10:40:53,670 [grpc-default-executor-3] INFO  server.GrpcLogAppender (GrpcLogAppender.java:onNext(510)) - s0@group-6905249F38B1->s2-InstallSnapshotResponseHandler: InstallSnapshot in progress.
2022-10-13 10:40:53,670 [s2-server-thread1] INFO  server.RaftServer$Division (RaftServerImpl.java:checkInconsistentAppendEntries(1577)) - s2@group-6905249F38B1: Failed appendEntries as snapshot (255) installation is in progress
2022-10-13 10:40:53,671 [s2-server-thread1] INFO  server.RaftServer$Division (RaftServerImpl.java:checkInconsistentAppendEntries(1569)) - s2@group-6905249F38B1: inconsistency entries. Reply:s0<-s2#43:FAIL-t2,INCONSISTENCY,nextIndex=0,followerCommit=-1,matchIndex=-1
2022-10-13 10:40:53,671 [grpc-default-executor-0] INFO  leader.FollowerInfo (FollowerInfoImpl.java:lambda$new$0(48)) - s0@group-6905249F38B1->s2: nextIndex: updateUnconditionally 0 -> 0
2022-10-13 10:40:53,671 [s0@group-6905249F38B1->s2-GrpcLogAppender-LogAppenderDaemon] INFO  server.GrpcLogAppender (GrpcLogAppender.java:installSnapshot(633)) - s0@group-6905249F38B1->s2-GrpcLogAppender: followerNextIndex = 0 but logStartIndex = 255, notify follower to install snapshot-(t:2, i:255)
2022-10-13 10:40:53,671 [s0@group-6905249F38B1->s2-GrpcLogAppender-LogAppenderDaemon] INFO  server.GrpcLogAppender (GrpcLogAppender.java:installSnapshot(641)) - s0@group-6905249F38B1->s2-GrpcLogAppender: send s0->s2#0-t2,notify:(t:2, i:255)
2022-10-13 10:40:53,672 [grpc-default-executor-0] INFO  impl.SnapshotInstallationHandler (SnapshotInstallationHandler.java:installSnapshot(89)) - s1@group-6905249F38B1: receive installSnapshot: s0->s1#0-t2,notify:(t:2, i:255)
2022-10-13 10:40:53,672 [grpc-default-executor-0] INFO  impl.SnapshotInstallationHandler (SnapshotInstallationHandler.java:installSnapshot(100)) - s1@group-6905249F38B1: reply installSnapshot: s0<-s1#0:FAIL-t2,IN_PROGRESS
2022-10-13 10:40:53,673 [grpc-default-executor-0] INFO  server.GrpcLogAppender (GrpcLogAppender.java:onNext(492)) - s0@group-6905249F38B1->s1-InstallSnapshotResponseHandler: received a reply s0<-s1#0:FAIL-t2,IN_PROGRESS
2022-10-13 10:40:53,673 [grpc-default-executor-0] INFO  server.GrpcLogAppender (GrpcLogAppender.java:onNext(510)) - s0@group-6905249F38B1->s1-InstallSnapshotResponseHandler: InstallSnapshot in progress.
2022-10-13 10:40:53,673 [grpc-default-executor-3] INFO  server.GrpcServerProtocolService (GrpcServerProtocolService.java:onCompleted(143)) - s1: Completed INSTALL_SNAPSHOT, lastRequest: s0->s1#0-t2,notify:(t:2, i:255)
2022-10-13 10:40:53,673 [s1-server-thread1] INFO  server.RaftServer$Division (RaftServerImpl.java:checkInconsistentAppendEntries(1577)) - s1@group-6905249F38B1: Failed appendEntries as snapshot (255) installation is in progress
2022-10-13 10:40:53,673 [s1-server-thread1] INFO  server.RaftServer$Division (RaftServerImpl.java:checkInconsistentAppendEntries(1569)) - s1@group-6905249F38B1: inconsistency entries. Reply:s0<-s1#54:FAIL-t2,INCONSISTENCY,nextIndex=0,followerCommit=-1,matchIndex=-1
2022-10-13 10:40:53,674 [grpc-default-executor-0] INFO  leader.FollowerInfo (FollowerInfoImpl.java:lambda$new$0(48)) - s0@group-6905249F38B1->s1: nextIndex: updateUnconditionally 0 -> 0
2022-10-13 10:40:53,674 [s0@group-6905249F38B1->s1-GrpcLogAppender-LogAppenderDaemon] INFO  server.GrpcLogAppender (GrpcLogAppender.java:installSnapshot(633)) - s0@group-6905249F38B1->s1-GrpcLogAppender: followerNextIndex = 0 but logStartIndex = 255, notify follower to install snapshot-(t:2, i:255)
2022-10-13 10:40:53,674 [s0@group-6905249F38B1->s1-GrpcLogAppender-LogAppenderDaemon] INFO  server.GrpcLogAppender (GrpcLogAppender.java:installSnapshot(641)) - s0@group-6905249F38B1->s1-GrpcLogAppender: send s0->s1#0-t2,notify:(t:2, i:255)
2022-10-13 10:40:53,675 [grpc-default-executor-3] INFO  impl.SnapshotInstallationHandler (SnapshotInstallationHandler.java:installSnapshot(89)) - s2@group-6905249F38B1: receive installSnapshot: s0->s2#0-t2,notify:(t:2, i:255)
2022-10-13 10:40:53,675 [grpc-default-executor-3] INFO  impl.SnapshotInstallationHandler (SnapshotInstallationHandler.java:installSnapshot(100)) - s2@group-6905249F38B1: reply installSnapshot: s0<-s2#0:FAIL-t2,IN_PROGRESS
2022-10-13 10:40:53,675 [grpc-default-executor-3] INFO  server.GrpcServerProtocolService (GrpcServerProtocolService.java:onCompleted(143)) - s2: Completed INSTALL_SNAPSHOT, lastRequest: s0->s2#0-t2,notify:(t:2, i:255)
2022-10-13 10:40:53,676 [grpc-default-executor-3] INFO  impl.SnapshotInstallationHandler (SnapshotInstallationHandler.java:installSnapshot(89)) - s1@group-6905249F38B1: receive installSnapshot: s0->s1#0-t2,notify:(t:2, i:255)
2022-10-13 10:40:53,676 [grpc-default-executor-3] INFO  impl.SnapshotInstallationHandler (SnapshotInstallationHandler.java:installSnapshot(100)) - s1@group-6905249F38B1: reply installSnapshot: s0<-s1#0:FAIL-t2,IN_PROGRESS
2022-10-13 10:40:53,676 [grpc-default-executor-3] INFO  server.GrpcServerProtocolService (GrpcServerProtocolService.java:onCompleted(143)) - s1: Completed INSTALL_SNAPSHOT, lastRequest: s0->s1#0-t2,notify:(t:2, i:255)
2022-10-13 10:40:53,677 [grpc-default-executor-0] INFO  server.GrpcLogAppender (GrpcLogAppender.java:onNext(492)) - s0@group-6905249F38B1->s1-InstallSnapshotResponseHandler: received a reply s0<-s1#0:FAIL-t2,IN_PROGRESS
2022-10-13 10:40:53,677 [grpc-default-executor-0] INFO  server.GrpcLogAppender (GrpcLogAppender.java:onNext(510)) - s0@group-6905249F38B1->s1-InstallSnapshotResponseHandler: InstallSnapshot in progress.
2022-10-13 10:40:53,677 [grpc-default-executor-3] INFO  server.GrpcLogAppender (GrpcLogAppender.java:onNext(492)) - s0@group-6905249F38B1->s2-InstallSnapshotResponseHandler: received a reply s0<-s2#0:FAIL-t2,IN_PROGRESS
2022-10-13 10:40:53,677 [grpc-default-executor-3] INFO  server.GrpcLogAppender (GrpcLogAppender.java:onNext(510)) - s0@group-6905249F38B1->s2-InstallSnapshotResponseHandler: InstallSnapshot in progress.
2022-10-13 10:40:53,678 [s1-server-thread1] INFO  server.RaftServer$Division (RaftServerImpl.java:checkInconsistentAppendEntries(1577)) - s1@group-6905249F38B1: Failed appendEntries as snapshot (255) installation is in progress
2022-10-13 10:40:53,678 [s1-server-thread1] INFO  server.RaftServer$Division (RaftServerImpl.java:checkInconsistentAppendEntries(1569)) - s1@group-6905249F38B1: inconsistency entries. Reply:s0<-s1#55:FAIL-t2,INCONSISTENCY,nextIndex=0,followerCommit=-1,matchIndex=-1
2022-10-13 10:40:53,678 [s2-server-thread1] INFO  server.RaftServer$Division (RaftServerImpl.java:checkInconsistentAppendEntries(1577)) - s2@group-6905249F38B1: Failed appendEntries as snapshot (255) installation is in progress
2022-10-13 10:40:53,679 [grpc-default-executor-0] INFO  leader.FollowerInfo (FollowerInfoImpl.java:lambda$new$0(48)) - s0@group-6905249F38B1->s1: nextIndex: updateUnconditionally 0 -> 0
2022-10-13 10:40:53,679 [s2-server-thread1] INFO  server.RaftServer$Division (RaftServerImpl.java:checkInconsistentAppendEntries(1569)) - s2@group-6905249F38B1: inconsistency entries. Reply:s0<-s2#44:FAIL-t2,INCONSISTENCY,nextIndex=0,followerCommit=-1,matchIndex=-1
2022-10-13 10:40:53,679 [s0@group-6905249F38B1->s1-GrpcLogAppender-LogAppenderDaemon] INFO  server.GrpcLogAppender (GrpcLogAppender.java:installSnapshot(633)) - s0@group-6905249F38B1->s1-GrpcLogAppender: followerNextIndex = 0 but logStartIndex = 255, notify follower to install snapshot-(t:2, i:255)
2022-10-13 10:40:53,679 [s0@group-6905249F38B1->s1-GrpcLogAppender-LogAppenderDaemon] INFO  server.GrpcLogAppender (GrpcLogAppender.java:installSnapshot(641)) - s0@group-6905249F38B1->s1-GrpcLogAppender: send s0->s1#0-t2,notify:(t:2, i:255)
2022-10-13 10:40:53,680 [grpc-default-executor-0] INFO  leader.FollowerInfo (FollowerInfoImpl.java:lambda$new$0(48)) - s0@group-6905249F38B1->s2: nextIndex: updateUnconditionally 0 -> 0
2022-10-13 10:40:53,680 [s0@group-6905249F38B1->s2-GrpcLogAppender-LogAppenderDaemon] INFO  server.GrpcLogAppender (GrpcLogAppender.java:installSnapshot(633)) - s0@group-6905249F38B1->s2-GrpcLogAppender: followerNextIndex = 0 but logStartIndex = 255, notify follower to install snapshot-(t:2, i:255)
2022-10-13 10:40:53,680 [s0@group-6905249F38B1->s2-GrpcLogAppender-LogAppenderDaemon] INFO  server.GrpcLogAppender (GrpcLogAppender.java:installSnapshot(641)) - s0@group-6905249F38B1->s2-GrpcLogAppender: send s0->s2#0-t2,notify:(t:2, i:255)
2022-10-13 10:40:53,681 [grpc-default-executor-0] INFO  impl.SnapshotInstallationHandler (SnapshotInstallationHandler.java:installSnapshot(89)) - s1@group-6905249F38B1: receive installSnapshot: s0->s1#0-t2,notify:(t:2, i:255)
2022-10-13 10:40:53,681 [grpc-default-executor-0] INFO  impl.SnapshotInstallationHandler (SnapshotInstallationHandler.java:installSnapshot(100)) - s1@group-6905249F38B1: reply installSnapshot: s0<-s1#0:FAIL-t2,IN_PROGRESS
2022-10-13 10:40:53,681 [grpc-default-executor-0] INFO  server.GrpcLogAppender (GrpcLogAppender.java:onNext(492)) - s0@group-6905249F38B1->s1-InstallSnapshotResponseHandler: received a reply s0<-s1#0:FAIL-t2,IN_PROGRESS
2022-10-13 10:40:53,681 [grpc-default-executor-0] INFO  server.GrpcLogAppender (GrpcLogAppender.java:onNext(510)) - s0@group-6905249F38B1->s1-InstallSnapshotResponseHandler: InstallSnapshot in progress.
2022-10-13 10:40:53,682 [grpc-default-executor-3] INFO  server.GrpcServerProtocolService (GrpcServerProtocolService.java:onCompleted(143)) - s1: Completed INSTALL_SNAPSHOT, lastRequest: s0->s1#0-t2,notify:(t:2, i:255)
2022-10-13 10:40:53,682 [s1-server-thread1] INFO  server.RaftServer$Division (RaftServerImpl.java:checkInconsistentAppendEntries(1577)) - s1@group-6905249F38B1: Failed appendEntries as snapshot (255) installation is in progress
2022-10-13 10:40:53,682 [s1-server-thread1] INFO  server.RaftServer$Division (RaftServerImpl.java:checkInconsistentAppendEntries(1569)) - s1@group-6905249F38B1: inconsistency entries. Reply:s0<-s1#56:FAIL-t2,INCONSISTENCY,nextIndex=0,followerCommit=-1,matchIndex=-1
2022-10-13 10:40:53,683 [grpc-default-executor-3] INFO  leader.FollowerInfo (FollowerInfoImpl.java:lambda$new$0(48)) - s0@group-6905249F38B1->s1: nextIndex: updateUnconditionally 0 -> 0
2022-10-13 10:40:53,683 [s0@group-6905249F38B1->s1-GrpcLogAppender-LogAppenderDaemon] INFO  server.GrpcLogAppender (GrpcLogAppender.java:installSnapshot(633)) - s0@group-6905249F38B1->s1-GrpcLogAppender: followerNextIndex = 0 but logStartIndex = 255, notify follower to install snapshot-(t:2, i:255)
2022-10-13 10:40:53,683 [s0@group-6905249F38B1->s1-GrpcLogAppender-LogAppenderDaemon] INFO  server.GrpcLogAppender (GrpcLogAppender.java:installSnapshot(641)) - s0@group-6905249F38B1->s1-GrpcLogAppender: send s0->s1#0-t2,notify:(t:2, i:255)
2022-10-13 10:40:53,684 [grpc-default-executor-3] INFO  impl.SnapshotInstallationHandler (SnapshotInstallationHandler.java:installSnapshot(89)) - s2@group-6905249F38B1: receive installSnapshot: s0->s2#0-t2,notify:(t:2, i:255)
2022-10-13 10:40:53,684 [grpc-default-executor-3] INFO  impl.SnapshotInstallationHandler (SnapshotInstallationHandler.java:installSnapshot(100)) - s2@group-6905249F38B1: reply installSnapshot: s0<-s2#0:FAIL-t2,IN_PROGRESS
2022-10-13 10:40:53,684 [grpc-default-executor-3] INFO  server.GrpcServerProtocolService (GrpcServerProtocolService.java:onCompleted(143)) - s2: Completed INSTALL_SNAPSHOT, lastRequest: s0->s2#0-t2,notify:(t:2, i:255)
2022-10-13 10:40:53,685 [grpc-default-executor-3] INFO  impl.SnapshotInstallationHandler (SnapshotInstallationHandler.java:installSnapshot(89)) - s1@group-6905249F38B1: receive installSnapshot: s0->s1#0-t2,notify:(t:2, i:255)
2022-10-13 10:40:53,685 [grpc-default-executor-3] INFO  impl.SnapshotInstallationHandler (SnapshotInstallationHandler.java:installSnapshot(100)) - s1@group-6905249F38B1: reply installSnapshot: s0<-s1#0:FAIL-t2,IN_PROGRESS
2022-10-13 10:40:53,685 [grpc-default-executor-3] INFO  server.GrpcServerProtocolService (GrpcServerProtocolService.java:onCompleted(143)) - s1: Completed INSTALL_SNAPSHOT, lastRequest: s0->s1#0-t2,notify:(t:2, i:255)
2022-10-13 10:40:53,686 [grpc-default-executor-0] INFO  server.GrpcLogAppender (GrpcLogAppender.java:onNext(492)) - s0@group-6905249F38B1->s1-InstallSnapshotResponseHandler: received a reply s0<-s1#0:FAIL-t2,IN_PROGRESS
2022-10-13 10:40:53,686 [grpc-default-executor-0] INFO  server.GrpcLogAppender (GrpcLogAppender.java:onNext(510)) - s0@group-6905249F38B1->s1-InstallSnapshotResponseHandler: InstallSnapshot in progress.
2022-10-13 10:40:53,686 [grpc-default-executor-3] INFO  server.GrpcLogAppender (GrpcLogAppender.java:onNext(492)) - s0@group-6905249F38B1->s2-InstallSnapshotResponseHandler: received a reply s0<-s2#0:FAIL-t2,IN_PROGRESS
2022-10-13 10:40:53,686 [grpc-default-executor-3] INFO  server.GrpcLogAppender (GrpcLogAppender.java:onNext(510)) - s0@group-6905249F38B1->s2-InstallSnapshotResponseHandler: InstallSnapshot in progress.
2022-10-13 10:40:53,687 [s1-server-thread1] INFO  server.RaftServer$Division (RaftServerImpl.java:checkInconsistentAppendEntries(1577)) - s1@group-6905249F38B1: Failed appendEntries as snapshot (255) installation is in progress
2022-10-13 10:40:53,687 [s1-server-thread1] INFO  server.RaftServer$Division (RaftServerImpl.java:checkInconsistentAppendEntries(1569)) - s1@group-6905249F38B1: inconsistency entries. Reply:s0<-s1#57:FAIL-t2,INCONSISTENCY,nextIndex=0,followerCommit=-1,matchIndex=-1
2022-10-13 10:40:53,687 [s2-server-thread1] INFO  server.RaftServer$Division (RaftServerImpl.java:checkInconsistentAppendEntries(1577)) - s2@group-6905249F38B1: Failed appendEntries as snapshot (255) installation is in progress
2022-10-13 10:40:53,687 [grpc-default-executor-0] INFO  leader.FollowerInfo (FollowerInfoImpl.java:lambda$new$0(48)) - s0@group-6905249F38B1->s1: nextIndex: updateUnconditionally 0 -> 0
2022-10-13 10:40:53,687 [s2-server-thread1] INFO  server.RaftServer$Division (RaftServerImpl.java:checkInconsistentAppendEntries(1569)) - s2@group-6905249F38B1: inconsistency entries. Reply:s0<-s2#45:FAIL-t2,INCONSISTENCY,nextIndex=0,followerCommit=-1,matchIndex=-1
2022-10-13 10:40:53,688 [s0@group-6905249F38B1->s1-GrpcLogAppender-LogAppenderDaemon] INFO  server.GrpcLogAppender (GrpcLogAppender.java:installSnapshot(633)) - s0@group-6905249F38B1->s1-GrpcLogAppender: followerNextIndex = 0 but logStartIndex = 255, notify follower to install snapshot-(t:2, i:255)
2022-10-13 10:40:53,688 [s0@group-6905249F38B1->s1-GrpcLogAppender-LogAppenderDaemon] INFO  server.GrpcLogAppender (GrpcLogAppender.java:installSnapshot(641)) - s0@group-6905249F38B1->s1-GrpcLogAppender: send s0->s1#0-t2,notify:(t:2, i:255)
2022-10-13 10:40:53,688 [grpc-default-executor-0] INFO  leader.FollowerInfo (FollowerInfoImpl.java:lambda$new$0(48)) - s0@group-6905249F38B1->s2: nextIndex: updateUnconditionally 0 -> 0
2022-10-13 10:40:53,689 [s0@group-6905249F38B1->s2-GrpcLogAppender-LogAppenderDaemon] INFO  server.GrpcLogAppender (GrpcLogAppender.java:installSnapshot(633)) - s0@group-6905249F38B1->s2-GrpcLogAppender: followerNextIndex = 0 but logStartIndex = 255, notify follower to install snapshot-(t:2, i:255)
2022-10-13 10:40:53,689 [s0@group-6905249F38B1->s2-GrpcLogAppender-LogAppenderDaemon] INFO  server.GrpcLogAppender (GrpcLogAppender.java:installSnapshot(641)) - s0@group-6905249F38B1->s2-GrpcLogAppender: send s0->s2#0-t2,notify:(t:2, i:255)
2022-10-13 10:40:53,689 [grpc-default-executor-0] INFO  impl.SnapshotInstallationHandler (SnapshotInstallationHandler.java:installSnapshot(89)) - s1@group-6905249F38B1: receive installSnapshot: s0->s1#0-t2,notify:(t:2, i:255)
2022-10-13 10:40:53,689 [grpc-default-executor-0] INFO  impl.SnapshotInstallationHandler (SnapshotInstallationHandler.java:installSnapshot(100)) - s1@group-6905249F38B1: reply installSnapshot: s0<-s1#0:FAIL-t2,IN_PROGRESS
2022-10-13 10:40:53,690 [grpc-default-executor-0] INFO  server.GrpcLogAppender (GrpcLogAppender.java:onNext(492)) - s0@group-6905249F38B1->s1-InstallSnapshotResponseHandler: received a reply s0<-s1#0:FAIL-t2,IN_PROGRESS
2022-10-13 10:40:53,690 [grpc-default-executor-0] INFO  server.GrpcLogAppender (GrpcLogAppender.java:onNext(510)) - s0@group-6905249F38B1->s1-InstallSnapshotResponseHandler: InstallSnapshot in progress.
2022-10-13 10:40:53,690 [grpc-default-executor-3] INFO  server.GrpcServerProtocolService (GrpcServerProtocolService.java:onCompleted(143)) - s1: Completed INSTALL_SNAPSHOT, lastRequest: s0->s1#0-t2,notify:(t:2, i:255)
2022-10-13 10:40:53,691 [s1-server-thread1] INFO  server.RaftServer$Division (RaftServerImpl.java:checkInconsistentAppendEntries(1577)) - s1@group-6905249F38B1: Failed appendEntries as snapshot (255) installation is in progress
2022-10-13 10:40:53,691 [s1-server-thread1] INFO  server.RaftServer$Division (RaftServerImpl.java:checkInconsistentAppendEntries(1569)) - s1@group-6905249F38B1: inconsistency entries. Reply:s0<-s1#58:FAIL-t2,INCONSISTENCY,nextIndex=0,followerCommit=-1,matchIndex=-1
2022-10-13 10:40:53,691 [grpc-default-executor-0] INFO  leader.FollowerInfo (FollowerInfoImpl.java:lambda$new$0(48)) - s0@group-6905249F38B1->s1: nextIndex: updateUnconditionally 0 -> 0
2022-10-13 10:40:53,692 [s0@group-6905249F38B1->s1-GrpcLogAppender-LogAppenderDaemon] INFO  server.GrpcLogAppender (GrpcLogAppender.java:installSnapshot(633)) - s0@group-6905249F38B1->s1-GrpcLogAppender: followerNextIndex = 0 but logStartIndex = 255, notify follower to install snapshot-(t:2, i:255)
2022-10-13 10:40:53,692 [s0@group-6905249F38B1->s1-GrpcLogAppender-LogAppenderDaemon] INFO  server.GrpcLogAppender (GrpcLogAppender.java:installSnapshot(641)) - s0@group-6905249F38B1->s1-GrpcLogAppender: send s0->s1#0-t2,notify:(t:2, i:255)
2022-10-13 10:40:53,692 [grpc-default-executor-3] INFO  impl.SnapshotInstallationHandler (SnapshotInstallationHandler.java:installSnapshot(89)) - s2@group-6905249F38B1: receive installSnapshot: s0->s2#0-t2,notify:(t:2, i:255)
2022-10-13 10:40:53,692 [grpc-default-executor-3] INFO  impl.SnapshotInstallationHandler (SnapshotInstallationHandler.java:installSnapshot(100)) - s2@group-6905249F38B1: reply installSnapshot: s0<-s2#0:FAIL-t2,IN_PROGRESS
2022-10-13 10:40:53,693 [grpc-default-executor-3] INFO  server.GrpcServerProtocolService (GrpcServerProtocolService.java:onCompleted(143)) - s2: Completed INSTALL_SNAPSHOT, lastRequest: s0->s2#0-t2,notify:(t:2, i:255)
2022-10-13 10:40:53,693 [grpc-default-executor-3] INFO  server.GrpcLogAppender (GrpcLogAppender.java:onNext(492)) - s0@group-6905249F38B1->s2-InstallSnapshotResponseHandler: received a reply s0<-s2#0:FAIL-t2,IN_PROGRESS
2022-10-13 10:40:53,693 [grpc-default-executor-3] INFO  server.GrpcLogAppender (GrpcLogAppender.java:onNext(510)) - s0@group-6905249F38B1->s2-InstallSnapshotResponseHandler: InstallSnapshot in progress.
2022-10-13 10:40:53,694 [grpc-default-executor-3] INFO  impl.SnapshotInstallationHandler (SnapshotInstallationHandler.java:installSnapshot(89)) - s1@group-6905249F38B1: receive installSnapshot: s0->s1#0-t2,notify:(t:2, i:255)
2022-10-13 10:40:53,694 [grpc-default-executor-3] INFO  impl.SnapshotInstallationHandler (SnapshotInstallationHandler.java:installSnapshot(100)) - s1@group-6905249F38B1: reply installSnapshot: s0<-s1#0:FAIL-t2,IN_PROGRESS
2022-10-13 10:40:53,694 [grpc-default-executor-3] INFO  server.GrpcServerProtocolService (GrpcServerProtocolService.java:onCompleted(143)) - s1: Completed INSTALL_SNAPSHOT, lastRequest: s0->s1#0-t2,notify:(t:2, i:255)
2022-10-13 10:40:53,695 [grpc-default-executor-0] INFO  server.GrpcLogAppender (GrpcLogAppender.java:onNext(492)) - s0@group-6905249F38B1->s1-InstallSnapshotResponseHandler: received a reply s0<-s1#0:FAIL-t2,IN_PROGRESS
2022-10-13 10:40:53,695 [grpc-default-executor-0] INFO  server.GrpcLogAppender (GrpcLogAppender.java:onNext(510)) - s0@group-6905249F38B1->s1-InstallSnapshotResponseHandler: InstallSnapshot in progress.
2022-10-13 10:40:53,695 [s1-server-thread1] INFO  server.RaftServer$Division (RaftServerImpl.java:checkInconsistentAppendEntries(1577)) - s1@group-6905249F38B1: Failed appendEntries as snapshot (255) installation is in progress
2022-10-13 10:40:53,695 [s1-server-thread1] INFO  server.RaftServer$Division (RaftServerImpl.java:checkInconsistentAppendEntries(1569)) - s1@group-6905249F38B1: inconsistency entries. Reply:s0<-s1#59:FAIL-t2,INCONSISTENCY,nextIndex=0,followerCommit=-1,matchIndex=-1
2022-10-13 10:40:53,696 [grpc-default-executor-0] INFO  leader.FollowerInfo (FollowerInfoImpl.java:lambda$new$0(48)) - s0@group-6905249F38B1->s1: nextIndex: updateUnconditionally 0 -> 0
2022-10-13 10:40:53,696 [s0@group-6905249F38B1->s1-GrpcLogAppender-LogAppenderDaemon] INFO  server.GrpcLogAppender (GrpcLogAppender.java:installSnapshot(633)) - s0@group-6905249F38B1->s1-GrpcLogAppender: followerNextIndex = 0 but logStartIndex = 255, notify follower to install snapshot-(t:2, i:255)
2022-10-13 10:40:53,696 [s0@group-6905249F38B1->s1-GrpcLogAppender-LogAppenderDaemon] INFO  server.GrpcLogAppender (GrpcLogAppender.java:installSnapshot(641)) - s0@group-6905249F38B1->s1-GrpcLogAppender: send s0->s1#0-t2,notify:(t:2, i:255)
2022-10-13 10:40:53,697 [grpc-default-executor-0] INFO  impl.SnapshotInstallationHandler (SnapshotInstallationHandler.java:installSnapshot(89)) - s1@group-6905249F38B1: receive installSnapshot: s0->s1#0-t2,notify:(t:2, i:255)
2022-10-13 10:40:53,697 [grpc-default-executor-0] INFO  impl.SnapshotInstallationHandler (SnapshotInstallationHandler.java:installSnapshot(100)) - s1@group-6905249F38B1: reply installSnapshot: s0<-s1#0:FAIL-t2,IN_PROGRESS
2022-10-13 10:40:53,697 [s2-server-thread1] INFO  server.RaftServer$Division (RaftServerImpl.java:checkInconsistentAppendEntries(1577)) - s2@group-6905249F38B1: Failed appendEntries as snapshot (255) installation is in progress
2022-10-13 10:40:53,697 [s2-server-thread1] INFO  server.RaftServer$Division (RaftServerImpl.java:checkInconsistentAppendEntries(1569)) - s2@group-6905249F38B1: inconsistency entries. Reply:s0<-s2#46:FAIL-t2,INCONSISTENCY,nextIndex=0,followerCommit=-1,matchIndex=-1
2022-10-13 10:40:53,697 [grpc-default-executor-0] INFO  server.GrpcServerProtocolService (GrpcServerProtocolService.java:onCompleted(143)) - s1: Completed INSTALL_SNAPSHOT, lastRequest: s0->s1#0-t2,notify:(t:2, i:255)
2022-10-13 10:40:53,698 [grpc-default-executor-3] INFO  server.GrpcLogAppender (GrpcLogAppender.java:onNext(492)) - s0@group-6905249F38B1->s1-InstallSnapshotResponseHandler: received a reply s0<-s1#0:FAIL-t2,IN_PROGRESS
2022-10-13 10:40:53,698 [grpc-default-executor-3] INFO  server.GrpcLogAppender (GrpcLogAppender.java:onNext(510)) - s0@group-6905249F38B1->s1-InstallSnapshotResponseHandler: InstallSnapshot in progress.
2022-10-13 10:40:53,698 [s1-server-thread1] INFO  server.RaftServer$Division (RaftServerImpl.java:checkInconsistentAppendEntries(1577)) - s1@group-6905249F38B1: Failed appendEntries as snapshot (255) installation is in progress
2022-10-13 10:40:53,699 [s1-server-thread1] INFO  server.RaftServer$Division (RaftServerImpl.java:checkInconsistentAppendEntries(1569)) - s1@group-6905249F38B1: inconsistency entries. Reply:s0<-s1#60:FAIL-t2,INCONSISTENCY,nextIndex=0,followerCommit=-1,matchIndex=-1
2022-10-13 10:40:53,699 [grpc-default-executor-0] INFO  leader.FollowerInfo (FollowerInfoImpl.java:lambda$new$0(48)) - s0@group-6905249F38B1->s1: nextIndex: updateUnconditionally 0 -> 0
2022-10-13 10:40:53,699 [s0@group-6905249F38B1->s1-GrpcLogAppender-LogAppenderDaemon] INFO  server.GrpcLogAppender (GrpcLogAppender.java:installSnapshot(633)) - s0@group-6905249F38B1->s1-GrpcLogAppender: followerNextIndex = 0 but logStartIndex = 255, notify follower to install snapshot-(t:2, i:255)
2022-10-13 10:40:53,699 [s0@group-6905249F38B1->s1-GrpcLogAppender-LogAppenderDaemon] INFO  server.GrpcLogAppender (GrpcLogAppender.java:installSnapshot(641)) - s0@group-6905249F38B1->s1-GrpcLogAppender: send s0->s1#0-t2,notify:(t:2, i:255)
2022-10-13 10:40:53,700 [grpc-default-executor-3] INFO  leader.FollowerInfo (FollowerInfoImpl.java:lambda$new$0(48)) - s0@group-6905249F38B1->s2: nextIndex: updateUnconditionally 0 -> 0
2022-10-13 10:40:53,700 [s0@group-6905249F38B1->s2-GrpcLogAppender-LogAppenderDaemon] INFO  server.GrpcLogAppender (GrpcLogAppender.java:installSnapshot(633)) - s0@group-6905249F38B1->s2-GrpcLogAppender: followerNextIndex = 0 but logStartIndex = 255, notify follower to install snapshot-(t:2, i:255)
2022-10-13 10:40:53,700 [s0@group-6905249F38B1->s2-GrpcLogAppender-LogAppenderDaemon] INFO  server.GrpcLogAppender (GrpcLogAppender.java:installSnapshot(641)) - s0@group-6905249F38B1->s2-GrpcLogAppender: send s0->s2#0-t2,notify:(t:2, i:255)
2022-10-13 10:40:53,701 [grpc-default-executor-3] INFO  impl.SnapshotInstallationHandler (SnapshotInstallationHandler.java:installSnapshot(89)) - s1@group-6905249F38B1: receive installSnapshot: s0->s1#0-t2,notify:(t:2, i:255)
2022-10-13 10:40:53,701 [grpc-default-executor-3] INFO  impl.SnapshotInstallationHandler (SnapshotInstallationHandler.java:installSnapshot(100)) - s1@group-6905249F38B1: reply installSnapshot: s0<-s1#0:FAIL-t2,IN_PROGRESS
2022-10-13 10:40:53,701 [grpc-default-executor-0] INFO  impl.SnapshotInstallationHandler (SnapshotInstallationHandler.java:installSnapshot(89)) - s2@group-6905249F38B1: receive installSnapshot: s0->s2#0-t2,notify:(t:2, i:255)
2022-10-13 10:40:53,702 [grpc-default-executor-0] INFO  impl.SnapshotInstallationHandler (SnapshotInstallationHandler.java:installSnapshot(100)) - s2@group-6905249F38B1: reply installSnapshot: s0<-s2#0:FAIL-t2,IN_PROGRESS
2022-10-13 10:40:53,702 [grpc-default-executor-0] INFO  server.GrpcServerProtocolService (GrpcServerProtocolService.java:onCompleted(143)) - s2: Completed INSTALL_SNAPSHOT, lastRequest: s0->s2#0-t2,notify:(t:2, i:255)
2022-10-13 10:40:53,701 [grpc-default-executor-3] INFO  server.GrpcServerProtocolService (GrpcServerProtocolService.java:onCompleted(143)) - s1: Completed INSTALL_SNAPSHOT, lastRequest: s0->s1#0-t2,notify:(t:2, i:255)
2022-10-13 10:40:53,702 [grpc-default-executor-3] INFO  server.GrpcLogAppender (GrpcLogAppender.java:onNext(492)) - s0@group-6905249F38B1->s1-InstallSnapshotResponseHandler: received a reply s0<-s1#0:FAIL-t2,IN_PROGRESS
2022-10-13 10:40:53,702 [grpc-default-executor-3] INFO  server.GrpcLogAppender (GrpcLogAppender.java:onNext(510)) - s0@group-6905249F38B1->s1-InstallSnapshotResponseHandler: InstallSnapshot in progress.
2022-10-13 10:40:53,703 [s1-server-thread1] INFO  server.RaftServer$Division (RaftServerImpl.java:checkInconsistentAppendEntries(1577)) - s1@group-6905249F38B1: Failed appendEntries as snapshot (255) installation is in progress
2022-10-13 10:40:53,703 [s1-server-thread1] INFO  server.RaftServer$Division (RaftServerImpl.java:checkInconsistentAppendEntries(1569)) - s1@group-6905249F38B1: inconsistency entries. Reply:s0<-s1#61:FAIL-t2,INCONSISTENCY,nextIndex=0,followerCommit=-1,matchIndex=-1
2022-10-13 10:40:53,704 [grpc-default-executor-3] INFO  server.GrpcLogAppender (GrpcLogAppender.java:onNext(492)) - s0@group-6905249F38B1->s2-InstallSnapshotResponseHandler: received a reply s0<-s2#0:FAIL-t2,IN_PROGRESS
2022-10-13 10:40:53,704 [grpc-default-executor-3] INFO  server.GrpcLogAppender (GrpcLogAppender.java:onNext(510)) - s0@group-6905249F38B1->s2-InstallSnapshotResponseHandler: InstallSnapshot in progress.
2022-10-13 10:40:53,704 [grpc-default-executor-0] INFO  leader.FollowerInfo (FollowerInfoImpl.java:lambda$new$0(48)) - s0@group-6905249F38B1->s1: nextIndex: updateUnconditionally 0 -> 0
2022-10-13 10:40:53,704 [s0@group-6905249F38B1->s1-GrpcLogAppender-LogAppenderDaemon] INFO  server.GrpcLogAppender (GrpcLogAppender.java:installSnapshot(633)) - s0@group-6905249F38B1->s1-GrpcLogAppender: followerNextIndex = 0 but logStartIndex = 255, notify follower to install snapshot-(t:2, i:255)
2022-10-13 10:40:53,704 [s0@group-6905249F38B1->s1-GrpcLogAppender-LogAppenderDaemon] INFO  server.GrpcLogAppender (GrpcLogAppender.java:installSnapshot(641)) - s0@group-6905249F38B1->s1-GrpcLogAppender: send s0->s1#0-t2,notify:(t:2, i:255)
2022-10-13 10:40:53,705 [s2-server-thread1] INFO  server.RaftServer$Division (RaftServerImpl.java:checkInconsistentAppendEntries(1577)) - s2@group-6905249F38B1: Failed appendEntries as snapshot (255) installation is in progress
2022-10-13 10:40:53,705 [s2-server-thread1] INFO  server.RaftServer$Division (RaftServerImpl.java:checkInconsistentAppendEntries(1569)) - s2@group-6905249F38B1: inconsistency entries. Reply:s0<-s2#47:FAIL-t2,INCONSISTENCY,nextIndex=0,followerCommit=-1,matchIndex=-1
2022-10-13 10:40:53,706 [grpc-default-executor-3] INFO  impl.SnapshotInstallationHandler (SnapshotInstallationHandler.java:installSnapshot(89)) - s1@group-6905249F38B1: receive installSnapshot: s0->s1#0-t2,notify:(t:2, i:255)
2022-10-13 10:40:53,706 [grpc-default-executor-3] INFO  impl.SnapshotInstallationHandler (SnapshotInstallationHandler.java:installSnapshot(100)) - s1@group-6905249F38B1: reply installSnapshot: s0<-s1#0:FAIL-t2,IN_PROGRESS
2022-10-13 10:40:53,706 [grpc-default-executor-0] INFO  server.GrpcLogAppender (GrpcLogAppender.java:onNext(492)) - s0@group-6905249F38B1->s1-InstallSnapshotResponseHandler: received a reply s0<-s1#0:FAIL-t2,IN_PROGRESS
2022-10-13 10:40:53,706 [grpc-default-executor-0] INFO  server.GrpcLogAppender (GrpcLogAppender.java:onNext(510)) - s0@group-6905249F38B1->s1-InstallSnapshotResponseHandler: InstallSnapshot in progress.
2022-10-13 10:40:53,706 [grpc-default-executor-3] INFO  server.GrpcServerProtocolService (GrpcServerProtocolService.java:onCompleted(143)) - s1: Completed INSTALL_SNAPSHOT, lastRequest: s0->s1#0-t2,notify:(t:2, i:255)
2022-10-13 10:40:53,707 [s1-server-thread1] INFO  server.RaftServer$Division (RaftServerImpl.java:checkInconsistentAppendEntries(1577)) - s1@group-6905249F38B1: Failed appendEntries as snapshot (255) installation is in progress
2022-10-13 10:40:53,707 [s1-server-thread1] INFO  server.RaftServer$Division (RaftServerImpl.java:checkInconsistentAppendEntries(1569)) - s1@group-6905249F38B1: inconsistency entries. Reply:s0<-s1#62:FAIL-t2,INCONSISTENCY,nextIndex=0,followerCommit=-1,matchIndex=-1
2022-10-13 10:40:53,708 [grpc-default-executor-0] INFO  leader.FollowerInfo (FollowerInfoImpl.java:lambda$new$0(48)) - s0@group-6905249F38B1->s1: nextIndex: updateUnconditionally 0 -> 0
2022-10-13 10:40:53,708 [s0@group-6905249F38B1->s1-GrpcLogAppender-LogAppenderDaemon] INFO  server.GrpcLogAppender (GrpcLogAppender.java:installSnapshot(633)) - s0@group-6905249F38B1->s1-GrpcLogAppender: followerNextIndex = 0 but logStartIndex = 255, notify follower to install snapshot-(t:2, i:255)
2022-10-13 10:40:53,708 [s0@group-6905249F38B1->s1-GrpcLogAppender-LogAppenderDaemon] INFO  server.GrpcLogAppender (GrpcLogAppender.java:installSnapshot(641)) - s0@group-6905249F38B1->s1-GrpcLogAppender: send s0->s1#0-t2,notify:(t:2, i:255)
2022-10-13 10:40:53,708 [grpc-default-executor-3] INFO  leader.FollowerInfo (FollowerInfoImpl.java:lambda$new$0(48)) - s0@group-6905249F38B1->s2: nextIndex: updateUnconditionally 0 -> 0
2022-10-13 10:40:53,709 [s0@group-6905249F38B1->s2-GrpcLogAppender-LogAppenderDaemon] INFO  server.GrpcLogAppender (GrpcLogAppender.java:installSnapshot(633)) - s0@group-6905249F38B1->s2-GrpcLogAppender: followerNextIndex = 0 but logStartIndex = 255, notify follower to install snapshot-(t:2, i:255)
2022-10-13 10:40:53,709 [s0@group-6905249F38B1->s2-GrpcLogAppender-LogAppenderDaemon] INFO  server.GrpcLogAppender (GrpcLogAppender.java:installSnapshot(641)) - s0@group-6905249F38B1->s2-GrpcLogAppender: send s0->s2#0-t2,notify:(t:2, i:255)
2022-10-13 10:40:53,710 [grpc-default-executor-3] INFO  impl.SnapshotInstallationHandler (SnapshotInstallationHandler.java:installSnapshot(89)) - s1@group-6905249F38B1: receive installSnapshot: s0->s1#0-t2,notify:(t:2, i:255)
2022-10-13 10:40:53,710 [grpc-default-executor-3] INFO  impl.SnapshotInstallationHandler (SnapshotInstallationHandler.java:installSnapshot(100)) - s1@group-6905249F38B1: reply installSnapshot: s0<-s1#0:FAIL-t2,IN_PROGRESS
2022-10-13 10:40:53,710 [grpc-default-executor-0] INFO  impl.SnapshotInstallationHandler (SnapshotInstallationHandler.java:installSnapshot(89)) - s2@group-6905249F38B1: receive installSnapshot: s0->s2#0-t2,notify:(t:2, i:255)
2022-10-13 10:40:53,710 [grpc-default-executor-0] INFO  impl.SnapshotInstallationHandler (SnapshotInstallationHandler.java:installSnapshot(100)) - s2@group-6905249F38B1: reply installSnapshot: s0<-s2#0:FAIL-t2,IN_PROGRESS
2022-10-13 10:40:53,710 [grpc-default-executor-3] INFO  server.GrpcServerProtocolService (GrpcServerProtocolService.java:onCompleted(143)) - s1: Completed INSTALL_SNAPSHOT, lastRequest: s0->s1#0-t2,notify:(t:2, i:255)
2022-10-13 10:40:53,711 [grpc-default-executor-0] INFO  server.GrpcLogAppender (GrpcLogAppender.java:onNext(492)) - s0@group-6905249F38B1->s1-InstallSnapshotResponseHandler: received a reply s0<-s1#0:FAIL-t2,IN_PROGRESS
2022-10-13 10:40:53,711 [grpc-default-executor-0] INFO  server.GrpcLogAppender (GrpcLogAppender.java:onNext(510)) - s0@group-6905249F38B1->s1-InstallSnapshotResponseHandler: InstallSnapshot in progress.
2022-10-13 10:40:53,711 [grpc-default-executor-3] INFO  server.GrpcServerProtocolService (GrpcServerProtocolService.java:onCompleted(143)) - s2: Completed INSTALL_SNAPSHOT, lastRequest: s0->s2#0-t2,notify:(t:2, i:255)
2022-10-13 10:40:53,712 [s1-server-thread1] INFO  server.RaftServer$Division (RaftServerImpl.java:checkInconsistentAppendEntries(1577)) - s1@group-6905249F38B1: Failed appendEntries as snapshot (255) installation is in progress
2022-10-13 10:40:53,712 [s1-server-thread1] INFO  server.RaftServer$Division (RaftServerImpl.java:checkInconsistentAppendEntries(1569)) - s1@group-6905249F38B1: inconsistency entries. Reply:s0<-s1#63:FAIL-t2,INCONSISTENCY,nextIndex=0,followerCommit=-1,matchIndex=-1
2022-10-13 10:40:53,712 [grpc-default-executor-0] INFO  leader.FollowerInfo (FollowerInfoImpl.java:lambda$new$0(48)) - s0@group-6905249F38B1->s1: nextIndex: updateUnconditionally 0 -> 0
2022-10-13 10:40:53,712 [s0@group-6905249F38B1->s1-GrpcLogAppender-LogAppenderDaemon] INFO  server.GrpcLogAppender (GrpcLogAppender.java:installSnapshot(633)) - s0@group-6905249F38B1->s1-GrpcLogAppender: followerNextIndex = 0 but logStartIndex = 255, notify follower to install snapshot-(t:2, i:255)
2022-10-13 10:40:53,712 [s0@group-6905249F38B1->s1-GrpcLogAppender-LogAppenderDaemon] INFO  server.GrpcLogAppender (GrpcLogAppender.java:installSnapshot(641)) - s0@group-6905249F38B1->s1-GrpcLogAppender: send s0->s1#0-t2,notify:(t:2, i:255)
2022-10-13 10:40:53,713 [grpc-default-executor-3] INFO  server.GrpcLogAppender (GrpcLogAppender.java:onNext(492)) - s0@group-6905249F38B1->s2-InstallSnapshotResponseHandler: received a reply s0<-s2#0:FAIL-t2,IN_PROGRESS
2022-10-13 10:40:53,713 [grpc-default-executor-3] INFO  server.GrpcLogAppender (GrpcLogAppender.java:onNext(510)) - s0@group-6905249F38B1->s2-InstallSnapshotResponseHandler: InstallSnapshot in progress.
2022-10-13 10:40:53,714 [s2-server-thread1] INFO  server.RaftServer$Division (RaftServerImpl.java:checkInconsistentAppendEntries(1577)) - s2@group-6905249F38B1: Failed appendEntries as snapshot (255) installation is in progress
2022-10-13 10:40:53,714 [s2-server-thread1] INFO  server.RaftServer$Division (RaftServerImpl.java:checkInconsistentAppendEntries(1569)) - s2@group-6905249F38B1: inconsistency entries. Reply:s0<-s2#48:FAIL-t2,INCONSISTENCY,nextIndex=0,followerCommit=-1,matchIndex=-1
2022-10-13 10:40:53,714 [grpc-default-executor-0] INFO  leader.FollowerInfo (FollowerInfoImpl.java:lambda$new$0(48)) - s0@group-6905249F38B1->s2: nextIndex: updateUnconditionally 0 -> 0
2022-10-13 10:40:53,714 [s0@group-6905249F38B1->s2-GrpcLogAppender-LogAppenderDaemon] INFO  server.GrpcLogAppender (GrpcLogAppender.java:installSnapshot(633)) - s0@group-6905249F38B1->s2-GrpcLogAppender: followerNextIndex = 0 but logStartIndex = 255, notify follower to install snapshot-(t:2, i:255)
2022-10-13 10:40:53,714 [s0@group-6905249F38B1->s2-GrpcLogAppender-LogAppenderDaemon] INFO  server.GrpcLogAppender (GrpcLogAppender.java:installSnapshot(641)) - s0@group-6905249F38B1->s2-GrpcLogAppender: send s0->s2#0-t2,notify:(t:2, i:255)
2022-10-13 10:40:53,715 [grpc-default-executor-3] INFO  impl.SnapshotInstallationHandler (SnapshotInstallationHandler.java:installSnapshot(89)) - s1@group-6905249F38B1: receive installSnapshot: s0->s1#0-t2,notify:(t:2, i:255)
2022-10-13 10:40:53,715 [grpc-default-executor-3] INFO  impl.SnapshotInstallationHandler (SnapshotInstallationHandler.java:installSnapshot(100)) - s1@group-6905249F38B1: reply installSnapshot: s0<-s1#0:FAIL-t2,IN_PROGRESS
2022-10-13 10:40:53,715 [grpc-default-executor-0] INFO  server.GrpcLogAppender (GrpcLogAppender.java:onNext(492)) - s0@group-6905249F38B1->s1-InstallSnapshotResponseHandler: received a reply s0<-s1#0:FAIL-t2,IN_PROGRESS
2022-10-13 10:40:53,715 [grpc-default-executor-0] INFO  server.GrpcLogAppender (GrpcLogAppender.java:onNext(510)) - s0@group-6905249F38B1->s1-InstallSnapshotResponseHandler: InstallSnapshot in progress.
2022-10-13 10:40:53,716 [grpc-default-executor-3] INFO  server.GrpcServerProtocolService (GrpcServerProtocolService.java:onCompleted(143)) - s1: Completed INSTALL_SNAPSHOT, lastRequest: s0->s1#0-t2,notify:(t:2, i:255)
2022-10-13 10:40:53,716 [s1-server-thread1] INFO  server.RaftServer$Division (RaftServerImpl.java:checkInconsistentAppendEntries(1577)) - s1@group-6905249F38B1: Failed appendEntries as snapshot (255) installation is in progress
2022-10-13 10:40:53,716 [s1-server-thread1] INFO  server.RaftServer$Division (RaftServerImpl.java:checkInconsistentAppendEntries(1569)) - s1@group-6905249F38B1: inconsistency entries. Reply:s0<-s1#64:FAIL-t2,INCONSISTENCY,nextIndex=0,followerCommit=-1,matchIndex=-1
2022-10-13 10:40:53,717 [grpc-default-executor-0] INFO  leader.FollowerInfo (FollowerInfoImpl.java:lambda$new$0(48)) - s0@group-6905249F38B1->s1: nextIndex: updateUnconditionally 0 -> 0
2022-10-13 10:40:53,717 [s0@group-6905249F38B1->s1-GrpcLogAppender-LogAppenderDaemon] INFO  server.GrpcLogAppender (GrpcLogAppender.java:installSnapshot(633)) - s0@group-6905249F38B1->s1-GrpcLogAppender: followerNextIndex = 0 but logStartIndex = 255, notify follower to install snapshot-(t:2, i:255)
2022-10-13 10:40:53,717 [s0@group-6905249F38B1->s1-GrpcLogAppender-LogAppenderDaemon] INFO  server.GrpcLogAppender (GrpcLogAppender.java:installSnapshot(641)) - s0@group-6905249F38B1->s1-GrpcLogAppender: send s0->s1#0-t2,notify:(t:2, i:255)
2022-10-13 10:40:53,718 [grpc-default-executor-3] INFO  impl.SnapshotInstallationHandler (SnapshotInstallationHandler.java:installSnapshot(89)) - s2@group-6905249F38B1: receive installSnapshot: s0->s2#0-t2,notify:(t:2, i:255)
2022-10-13 10:40:53,718 [grpc-default-executor-3] INFO  impl.SnapshotInstallationHandler (SnapshotInstallationHandler.java:installSnapshot(100)) - s2@group-6905249F38B1: reply installSnapshot: s0<-s2#0:FAIL-t2,IN_PROGRESS
2022-10-13 10:40:53,718 [grpc-default-executor-3] INFO  server.GrpcServerProtocolService (GrpcServerProtocolService.java:onCompleted(143)) - s2: Completed INSTALL_SNAPSHOT, lastRequest: s0->s2#0-t2,notify:(t:2, i:255)
2022-10-13 10:40:53,719 [grpc-default-executor-3] INFO  impl.SnapshotInstallationHandler (SnapshotInstallationHandler.java:installSnapshot(89)) - s1@group-6905249F38B1: receive installSnapshot: s0->s1#0-t2,notify:(t:2, i:255)
2022-10-13 10:40:53,719 [grpc-default-executor-3] INFO  impl.SnapshotInstallationHandler (SnapshotInstallationHandler.java:installSnapshot(100)) - s1@group-6905249F38B1: reply installSnapshot: s0<-s1#0:FAIL-t2,IN_PROGRESS
2022-10-13 10:40:53,719 [grpc-default-executor-3] INFO  server.GrpcServerProtocolService (GrpcServerProtocolService.java:onCompleted(143)) - s1: Completed INSTALL_SNAPSHOT, lastRequest: s0->s1#0-t2,notify:(t:2, i:255)
2022-10-13 10:40:53,720 [grpc-default-executor-0] INFO  server.GrpcLogAppender (GrpcLogAppender.java:onNext(492)) - s0@group-6905249F38B1->s1-InstallSnapshotResponseHandler: received a reply s0<-s1#0:FAIL-t2,IN_PROGRESS
2022-10-13 10:40:53,720 [grpc-default-executor-0] INFO  server.GrpcLogAppender (GrpcLogAppender.java:onNext(510)) - s0@group-6905249F38B1->s1-InstallSnapshotResponseHandler: InstallSnapshot in progress.
2022-10-13 10:40:53,720 [grpc-default-executor-3] INFO  server.GrpcLogAppender (GrpcLogAppender.java:onNext(492)) - s0@group-6905249F38B1->s2-InstallSnapshotResponseHandler: received a reply s0<-s2#0:FAIL-t2,IN_PROGRESS
2022-10-13 10:40:53,720 [grpc-default-executor-3] INFO  server.GrpcLogAppender (GrpcLogAppender.java:onNext(510)) - s0@group-6905249F38B1->s2-InstallSnapshotResponseHandler: InstallSnapshot in progress.
2022-10-13 10:40:53,720 [s1-server-thread1] INFO  server.RaftServer$Division (RaftServerImpl.java:checkInconsistentAppendEntries(1577)) - s1@group-6905249F38B1: Failed appendEntries as snapshot (255) installation is in progress
2022-10-13 10:40:53,721 [s1-server-thread1] INFO  server.RaftServer$Division (RaftServerImpl.java:checkInconsistentAppendEntries(1569)) - s1@group-6905249F38B1: inconsistency entries. Reply:s0<-s1#65:FAIL-t2,INCONSISTENCY,nextIndex=0,followerCommit=-1,matchIndex=-1
2022-10-13 10:40:53,721 [s2-server-thread1] INFO  server.RaftServer$Division (RaftServerImpl.java:checkInconsistentAppendEntries(1577)) - s2@group-6905249F38B1: Failed appendEntries as snapshot (255) installation is in progress
2022-10-13 10:40:53,721 [s2-server-thread1] INFO  server.RaftServer$Division (RaftServerImpl.java:checkInconsistentAppendEntries(1569)) - s2@group-6905249F38B1: inconsistency entries. Reply:s0<-s2#49:FAIL-t2,INCONSISTENCY,nextIndex=0,followerCommit=-1,matchIndex=-1
2022-10-13 10:40:53,727 [grpc-default-executor-0] INFO  leader.FollowerInfo (FollowerInfoImpl.java:lambda$new$0(48)) - s0@group-6905249F38B1->s1: nextIndex: updateUnconditionally 0 -> 0
2022-10-13 10:40:53,727 [s0@group-6905249F38B1->s1-GrpcLogAppender-LogAppenderDaemon] INFO  server.GrpcLogAppender (GrpcLogAppender.java:installSnapshot(633)) - s0@group-6905249F38B1->s1-GrpcLogAppender: followerNextIndex = 0 but logStartIndex = 255, notify follower to install snapshot-(t:2, i:255)
2022-10-13 10:40:53,728 [s0@group-6905249F38B1->s1-GrpcLogAppender-LogAppenderDaemon] INFO  server.GrpcLogAppender (GrpcLogAppender.java:installSnapshot(641)) - s0@group-6905249F38B1->s1-GrpcLogAppender: send s0->s1#0-t2,notify:(t:2, i:255)
2022-10-13 10:40:53,728 [grpc-default-executor-3] INFO  leader.FollowerInfo (FollowerInfoImpl.java:lambda$new$0(48)) - s0@group-6905249F38B1->s2: nextIndex: updateUnconditionally 0 -> 0
2022-10-13 10:40:53,728 [s0@group-6905249F38B1->s2-GrpcLogAppender-LogAppenderDaemon] INFO  server.GrpcLogAppender (GrpcLogAppender.java:installSnapshot(633)) - s0@group-6905249F38B1->s2-GrpcLogAppender: followerNextIndex = 0 but logStartIndex = 255, notify follower to install snapshot-(t:2, i:255)
2022-10-13 10:40:53,728 [s0@group-6905249F38B1->s2-GrpcLogAppender-LogAppenderDaemon] INFO  server.GrpcLogAppender (GrpcLogAppender.java:installSnapshot(641)) - s0@group-6905249F38B1->s2-GrpcLogAppender: send s0->s2#0-t2,notify:(t:2, i:255)
2022-10-13 10:40:53,730 [grpc-default-executor-3] INFO  impl.SnapshotInstallationHandler (SnapshotInstallationHandler.java:installSnapshot(89)) - s1@group-6905249F38B1: receive installSnapshot: s0->s1#0-t2,notify:(t:2, i:255)
2022-10-13 10:40:53,730 [grpc-default-executor-3] INFO  impl.SnapshotInstallationHandler (SnapshotInstallationHandler.java:installSnapshot(100)) - s1@group-6905249F38B1: reply installSnapshot: s0<-s1#0:FAIL-t2,IN_PROGRESS
2022-10-13 10:40:53,730 [grpc-default-executor-3] INFO  server.GrpcServerProtocolService (GrpcServerProtocolService.java:onCompleted(143)) - s1: Completed INSTALL_SNAPSHOT, lastRequest: s0->s1#0-t2,notify:(t:2, i:255)
2022-10-13 10:40:53,731 [grpc-default-executor-0] INFO  server.GrpcLogAppender (GrpcLogAppender.java:onNext(492)) - s0@group-6905249F38B1->s1-InstallSnapshotResponseHandler: received a reply s0<-s1#0:FAIL-t2,IN_PROGRESS
2022-10-13 10:40:53,731 [grpc-default-executor-0] INFO  server.GrpcLogAppender (GrpcLogAppender.java:onNext(510)) - s0@group-6905249F38B1->s1-InstallSnapshotResponseHandler: InstallSnapshot in progress.
2022-10-13 10:40:53,732 [s1-server-thread1] INFO  server.RaftServer$Division (RaftServerImpl.java:checkInconsistentAppendEntries(1577)) - s1@group-6905249F38B1: Failed appendEntries as snapshot (255) installation is in progress
2022-10-13 10:40:53,732 [s1-server-thread1] INFO  server.RaftServer$Division (RaftServerImpl.java:checkInconsistentAppendEntries(1569)) - s1@group-6905249F38B1: inconsistency entries. Reply:s0<-s1#66:FAIL-t2,INCONSISTENCY,nextIndex=0,followerCommit=-1,matchIndex=-1
2022-10-13 10:40:53,732 [grpc-default-executor-3] INFO  impl.SnapshotInstallationHandler (SnapshotInstallationHandler.java:installSnapshot(89)) - s2@group-6905249F38B1: receive installSnapshot: s0->s2#0-t2,notify:(t:2, i:255)
2022-10-13 10:40:53,732 [grpc-default-executor-0] INFO  leader.FollowerInfo (FollowerInfoImpl.java:lambda$new$0(48)) - s0@group-6905249F38B1->s1: nextIndex: updateUnconditionally 0 -> 0
2022-10-13 10:40:53,733 [grpc-default-executor-3] INFO  impl.SnapshotInstallationHandler (SnapshotInstallationHandler.java:installSnapshot(100)) - s2@group-6905249F38B1: reply installSnapshot: s0<-s2#0:FAIL-t2,IN_PROGRESS
2022-10-13 10:40:53,733 [s0@group-6905249F38B1->s1-GrpcLogAppender-LogAppenderDaemon] INFO  server.GrpcLogAppender (GrpcLogAppender.java:installSnapshot(633)) - s0@group-6905249F38B1->s1-GrpcLogAppender: followerNextIndex = 0 but logStartIndex = 255, notify follower to install snapshot-(t:2, i:255)
2022-10-13 10:40:53,733 [grpc-default-executor-3] INFO  server.GrpcServerProtocolService (GrpcServerProtocolService.java:onCompleted(143)) - s2: Completed INSTALL_SNAPSHOT, lastRequest: s0->s2#0-t2,notify:(t:2, i:255)
2022-10-13 10:40:53,733 [s0@group-6905249F38B1->s1-GrpcLogAppender-LogAppenderDaemon] INFO  server.GrpcLogAppender (GrpcLogAppender.java:installSnapshot(641)) - s0@group-6905249F38B1->s1-GrpcLogAppender: send s0->s1#0-t2,notify:(t:2, i:255)
2022-10-13 10:40:53,733 [grpc-default-executor-3] INFO  server.GrpcLogAppender (GrpcLogAppender.java:onNext(492)) - s0@group-6905249F38B1->s2-InstallSnapshotResponseHandler: received a reply s0<-s2#0:FAIL-t2,IN_PROGRESS
2022-10-13 10:40:53,734 [grpc-default-executor-3] INFO  server.GrpcLogAppender (GrpcLogAppender.java:onNext(510)) - s0@group-6905249F38B1->s2-InstallSnapshotResponseHandler: InstallSnapshot in progress.
2022-10-13 10:40:53,734 [s2-server-thread1] INFO  server.RaftServer$Division (RaftServerImpl.java:checkInconsistentAppendEntries(1577)) - s2@group-6905249F38B1: Failed appendEntries as snapshot (255) installation is in progress
2022-10-13 10:40:53,734 [grpc-default-executor-0] INFO  impl.SnapshotInstallationHandler (SnapshotInstallationHandler.java:installSnapshot(89)) - s1@group-6905249F38B1: receive installSnapshot: s0->s1#0-t2,notify:(t:2, i:255)
2022-10-13 10:40:53,734 [s2-server-thread1] INFO  server.RaftServer$Division (RaftServerImpl.java:checkInconsistentAppendEntries(1569)) - s2@group-6905249F38B1: inconsistency entries. Reply:s0<-s2#50:FAIL-t2,INCONSISTENCY,nextIndex=0,followerCommit=-1,matchIndex=-1
2022-10-13 10:40:53,734 [grpc-default-executor-0] INFO  impl.SnapshotInstallationHandler (SnapshotInstallationHandler.java:installSnapshot(100)) - s1@group-6905249F38B1: reply installSnapshot: s0<-s1#0:FAIL-t2,IN_PROGRESS
2022-10-13 10:40:53,735 [grpc-default-executor-0] INFO  server.GrpcServerProtocolService (GrpcServerProtocolService.java:onCompleted(143)) - s1: Completed INSTALL_SNAPSHOT, lastRequest: s0->s1#0-t2,notify:(t:2, i:255)
2022-10-13 10:40:53,735 [grpc-default-executor-0] INFO  server.GrpcLogAppender (GrpcLogAppender.java:onNext(492)) - s0@group-6905249F38B1->s1-InstallSnapshotResponseHandler: received a reply s0<-s1#0:FAIL-t2,IN_PROGRESS
2022-10-13 10:40:53,735 [grpc-default-executor-0] INFO  server.GrpcLogAppender (GrpcLogAppender.java:onNext(510)) - s0@group-6905249F38B1->s1-InstallSnapshotResponseHandler: InstallSnapshot in progress.
2022-10-13 10:40:53,735 [grpc-default-executor-0] INFO  leader.FollowerInfo (FollowerInfoImpl.java:lambda$new$0(48)) - s0@group-6905249F38B1->s2: nextIndex: updateUnconditionally 0 -> 0
2022-10-13 10:40:53,736 [s0@group-6905249F38B1->s2-GrpcLogAppender-LogAppenderDaemon] INFO  server.GrpcLogAppender (GrpcLogAppender.java:installSnapshot(633)) - s0@group-6905249F38B1->s2-GrpcLogAppender: followerNextIndex = 0 but logStartIndex = 255, notify follower to install snapshot-(t:2, i:255)
2022-10-13 10:40:53,736 [s0@group-6905249F38B1->s2-GrpcLogAppender-LogAppenderDaemon] INFO  server.GrpcLogAppender (GrpcLogAppender.java:installSnapshot(641)) - s0@group-6905249F38B1->s2-GrpcLogAppender: send s0->s2#0-t2,notify:(t:2, i:255)
2022-10-13 10:40:53,736 [s1-server-thread1] INFO  server.RaftServer$Division (RaftServerImpl.java:checkInconsistentAppendEntries(1577)) - s1@group-6905249F38B1: Failed appendEntries as snapshot (255) installation is in progress
2022-10-13 10:40:53,736 [s1-server-thread1] INFO  server.RaftServer$Division (RaftServerImpl.java:checkInconsistentAppendEntries(1569)) - s1@group-6905249F38B1: inconsistency entries. Reply:s0<-s1#67:FAIL-t2,INCONSISTENCY,nextIndex=0,followerCommit=-1,matchIndex=-1
2022-10-13 10:40:53,737 [grpc-default-executor-0] INFO  leader.FollowerInfo (FollowerInfoImpl.java:lambda$new$0(48)) - s0@group-6905249F38B1->s1: nextIndex: updateUnconditionally 0 -> 0
2022-10-13 10:40:53,737 [s0@group-6905249F38B1->s1-GrpcLogAppender-LogAppenderDaemon] INFO  server.GrpcLogAppender (GrpcLogAppender.java:installSnapshot(633)) - s0@group-6905249F38B1->s1-GrpcLogAppender: followerNextIndex = 0 but logStartIndex = 255, notify follower to install snapshot-(t:2, i:255)
2022-10-13 10:40:53,737 [s0@group-6905249F38B1->s1-GrpcLogAppender-LogAppenderDaemon] INFO  server.GrpcLogAppender (GrpcLogAppender.java:installSnapshot(641)) - s0@group-6905249F38B1->s1-GrpcLogAppender: send s0->s1#0-t2,notify:(t:2, i:255)
2022-10-13 10:40:53,737 [grpc-default-executor-0] INFO  impl.SnapshotInstallationHandler (SnapshotInstallationHandler.java:installSnapshot(89)) - s2@group-6905249F38B1: receive installSnapshot: s0->s2#0-t2,notify:(t:2, i:255)
2022-10-13 10:40:53,737 [grpc-default-executor-0] INFO  impl.SnapshotInstallationHandler (SnapshotInstallationHandler.java:installSnapshot(100)) - s2@group-6905249F38B1: reply installSnapshot: s0<-s2#0:FAIL-t2,IN_PROGRESS
2022-10-13 10:40:53,738 [grpc-default-executor-0] INFO  server.GrpcServerProtocolService (GrpcServerProtocolService.java:onCompleted(143)) - s2: Completed INSTALL_SNAPSHOT, lastRequest: s0->s2#0-t2,notify:(t:2, i:255)
2022-10-13 10:40:53,738 [grpc-default-executor-0] INFO  server.GrpcLogAppender (GrpcLogAppender.java:onNext(492)) - s0@group-6905249F38B1->s2-InstallSnapshotResponseHandler: received a reply s0<-s2#0:FAIL-t2,IN_PROGRESS
2022-10-13 10:40:53,738 [grpc-default-executor-0] INFO  server.GrpcLogAppender (GrpcLogAppender.java:onNext(510)) - s0@group-6905249F38B1->s2-InstallSnapshotResponseHandler: InstallSnapshot in progress.
2022-10-13 10:40:53,739 [grpc-default-executor-0] INFO  impl.SnapshotInstallationHandler (SnapshotInstallationHandler.java:installSnapshot(89)) - s1@group-6905249F38B1: receive installSnapshot: s0->s1#0-t2,notify:(t:2, i:255)
2022-10-13 10:40:53,739 [grpc-default-executor-0] INFO  impl.SnapshotInstallationHandler (SnapshotInstallationHandler.java:installSnapshot(100)) - s1@group-6905249F38B1: reply installSnapshot: s0<-s1#0:FAIL-t2,IN_PROGRESS
2022-10-13 10:40:53,739 [grpc-default-executor-0] INFO  server.GrpcServerProtocolService (GrpcServerProtocolService.java:onCompleted(143)) - s1: Completed INSTALL_SNAPSHOT, lastRequest: s0->s1#0-t2,notify:(t:2, i:255)
2022-10-13 10:40:53,739 [s2-server-thread1] INFO  server.RaftServer$Division (RaftServerImpl.java:checkInconsistentAppendEntries(1577)) - s2@group-6905249F38B1: Failed appendEntries as snapshot (255) installation is in progress
2022-10-13 10:40:53,740 [s2-server-thread1] INFO  server.RaftServer$Division (RaftServerImpl.java:checkInconsistentAppendEntries(1569)) - s2@group-6905249F38B1: inconsistency entries. Reply:s0<-s2#51:FAIL-t2,INCONSISTENCY,nextIndex=0,followerCommit=-1,matchIndex=-1
2022-10-13 10:40:53,740 [grpc-default-executor-3] INFO  server.GrpcLogAppender (GrpcLogAppender.java:onNext(492)) - s0@group-6905249F38B1->s1-InstallSnapshotResponseHandler: received a reply s0<-s1#0:FAIL-t2,IN_PROGRESS
2022-10-13 10:40:53,740 [grpc-default-executor-3] INFO  server.GrpcLogAppender (GrpcLogAppender.java:onNext(510)) - s0@group-6905249F38B1->s1-InstallSnapshotResponseHandler: InstallSnapshot in progress.
2022-10-13 10:40:53,740 [s1-server-thread1] INFO  server.RaftServer$Division (RaftServerImpl.java:checkInconsistentAppendEntries(1577)) - s1@group-6905249F38B1: Failed appendEntries as snapshot (255) installation is in progress
2022-10-13 10:40:53,740 [s1-server-thread1] INFO  server.RaftServer$Division (RaftServerImpl.java:checkInconsistentAppendEntries(1569)) - s1@group-6905249F38B1: inconsistency entries. Reply:s0<-s1#68:FAIL-t2,INCONSISTENCY,nextIndex=0,followerCommit=-1,matchIndex=-1
2022-10-13 10:40:53,741 [grpc-default-executor-0] INFO  leader.FollowerInfo (FollowerInfoImpl.java:lambda$new$0(48)) - s0@group-6905249F38B1->s2: nextIndex: updateUnconditionally 0 -> 0
2022-10-13 10:40:53,741 [s0@group-6905249F38B1->s2-GrpcLogAppender-LogAppenderDaemon] INFO  server.GrpcLogAppender (GrpcLogAppender.java:installSnapshot(633)) - s0@group-6905249F38B1->s2-GrpcLogAppender: followerNextIndex = 0 but logStartIndex = 255, notify follower to install snapshot-(t:2, i:255)
2022-10-13 10:40:53,741 [s0@group-6905249F38B1->s2-GrpcLogAppender-LogAppenderDaemon] INFO  server.GrpcLogAppender (GrpcLogAppender.java:installSnapshot(641)) - s0@group-6905249F38B1->s2-GrpcLogAppender: send s0->s2#0-t2,notify:(t:2, i:255)
2022-10-13 10:40:53,741 [grpc-default-executor-0] INFO  leader.FollowerInfo (FollowerInfoImpl.java:lambda$new$0(48)) - s0@group-6905249F38B1->s1: nextIndex: updateUnconditionally 0 -> 0
2022-10-13 10:40:53,741 [s0@group-6905249F38B1->s1-GrpcLogAppender-LogAppenderDaemon] INFO  server.GrpcLogAppender (GrpcLogAppender.java:installSnapshot(633)) - s0@group-6905249F38B1->s1-GrpcLogAppender: followerNextIndex = 0 but logStartIndex = 255, notify follower to install snapshot-(t:2, i:255)
2022-10-13 10:40:53,741 [s0@group-6905249F38B1->s1-GrpcLogAppender-LogAppenderDaemon] INFO  server.GrpcLogAppender (GrpcLogAppender.java:installSnapshot(641)) - s0@group-6905249F38B1->s1-GrpcLogAppender: send s0->s1#0-t2,notify:(t:2, i:255)
2022-10-13 10:40:53,742 [grpc-default-executor-0] INFO  impl.SnapshotInstallationHandler (SnapshotInstallationHandler.java:installSnapshot(89)) - s2@group-6905249F38B1: receive installSnapshot: s0->s2#0-t2,notify:(t:2, i:255)
2022-10-13 10:40:53,742 [grpc-default-executor-0] INFO  impl.SnapshotInstallationHandler (SnapshotInstallationHandler.java:installSnapshot(100)) - s2@group-6905249F38B1: reply installSnapshot: s0<-s2#0:FAIL-t2,IN_PROGRESS
2022-10-13 10:40:53,742 [grpc-default-executor-0] INFO  server.GrpcServerProtocolService (GrpcServerProtocolService.java:onCompleted(143)) - s2: Completed INSTALL_SNAPSHOT, lastRequest: s0->s2#0-t2,notify:(t:2, i:255)
2022-10-13 10:40:53,743 [grpc-default-executor-0] INFO  impl.SnapshotInstallationHandler (SnapshotInstallationHandler.java:installSnapshot(89)) - s1@group-6905249F38B1: receive installSnapshot: s0->s1#0-t2,notify:(t:2, i:255)
2022-10-13 10:40:53,743 [grpc-default-executor-0] INFO  impl.SnapshotInstallationHandler (SnapshotInstallationHandler.java:installSnapshot(100)) - s1@group-6905249F38B1: reply installSnapshot: s0<-s1#0:FAIL-t2,IN_PROGRESS
2022-10-13 10:40:53,743 [grpc-default-executor-0] INFO  server.GrpcServerProtocolService (GrpcServerProtocolService.java:onCompleted(143)) - s1: Completed INSTALL_SNAPSHOT, lastRequest: s0->s1#0-t2,notify:(t:2, i:255)
2022-10-13 10:40:53,744 [grpc-default-executor-0] INFO  server.GrpcLogAppender (GrpcLogAppender.java:onNext(492)) - s0@group-6905249F38B1->s1-InstallSnapshotResponseHandler: received a reply s0<-s1#0:FAIL-t2,IN_PROGRESS
2022-10-13 10:40:53,744 [grpc-default-executor-0] INFO  server.GrpcLogAppender (GrpcLogAppender.java:onNext(510)) - s0@group-6905249F38B1->s1-InstallSnapshotResponseHandler: InstallSnapshot in progress.
2022-10-13 10:40:53,744 [grpc-default-executor-0] INFO  server.GrpcLogAppender (GrpcLogAppender.java:onNext(492)) - s0@group-6905249F38B1->s2-InstallSnapshotResponseHandler: received a reply s0<-s2#0:FAIL-t2,IN_PROGRESS
2022-10-13 10:40:53,744 [grpc-default-executor-0] INFO  server.GrpcLogAppender (GrpcLogAppender.java:onNext(510)) - s0@group-6905249F38B1->s2-InstallSnapshotResponseHandler: InstallSnapshot in progress.
2022-10-13 10:40:53,744 [s1-server-thread1] INFO  server.RaftServer$Division (RaftServerImpl.java:checkInconsistentAppendEntries(1577)) - s1@group-6905249F38B1: Failed appendEntries as snapshot (255) installation is in progress
2022-10-13 10:40:53,745 [s1-server-thread1] INFO  server.RaftServer$Division (RaftServerImpl.java:checkInconsistentAppendEntries(1569)) - s1@group-6905249F38B1: inconsistency entries. Reply:s0<-s1#69:FAIL-t2,INCONSISTENCY,nextIndex=0,followerCommit=-1,matchIndex=-1
2022-10-13 10:40:53,745 [s2-server-thread1] INFO  server.RaftServer$Division (RaftServerImpl.java:checkInconsistentAppendEntries(1577)) - s2@group-6905249F38B1: Failed appendEntries as snapshot (255) installation is in progress
2022-10-13 10:40:53,745 [grpc-default-executor-3] INFO  leader.FollowerInfo (FollowerInfoImpl.java:lambda$new$0(48)) - s0@group-6905249F38B1->s1: nextIndex: updateUnconditionally 0 -> 0
2022-10-13 10:40:53,745 [s2-server-thread1] INFO  server.RaftServer$Division (RaftServerImpl.java:checkInconsistentAppendEntries(1569)) - s2@group-6905249F38B1: inconsistency entries. Reply:s0<-s2#52:FAIL-t2,INCONSISTENCY,nextIndex=0,followerCommit=-1,matchIndex=-1
2022-10-13 10:40:53,745 [s0@group-6905249F38B1->s1-GrpcLogAppender-LogAppenderDaemon] INFO  server.GrpcLogAppender (GrpcLogAppender.java:installSnapshot(633)) - s0@group-6905249F38B1->s1-GrpcLogAppender: followerNextIndex = 0 but logStartIndex = 255, notify follower to install snapshot-(t:2, i:255)
2022-10-13 10:40:53,745 [s0@group-6905249F38B1->s1-GrpcLogAppender-LogAppenderDaemon] INFO  server.GrpcLogAppender (GrpcLogAppender.java:installSnapshot(641)) - s0@group-6905249F38B1->s1-GrpcLogAppender: send s0->s1#0-t2,notify:(t:2, i:255)
2022-10-13 10:40:53,745 [grpc-default-executor-0] INFO  leader.FollowerInfo (FollowerInfoImpl.java:lambda$new$0(48)) - s0@group-6905249F38B1->s2: nextIndex: updateUnconditionally 0 -> 0
2022-10-13 10:40:53,746 [s0@group-6905249F38B1->s2-GrpcLogAppender-LogAppenderDaemon] INFO  server.GrpcLogAppender (GrpcLogAppender.java:installSnapshot(633)) - s0@group-6905249F38B1->s2-GrpcLogAppender: followerNextIndex = 0 but logStartIndex = 255, notify follower to install snapshot-(t:2, i:255)
2022-10-13 10:40:53,746 [s0@group-6905249F38B1->s2-GrpcLogAppender-LogAppenderDaemon] INFO  server.GrpcLogAppender (GrpcLogAppender.java:installSnapshot(641)) - s0@group-6905249F38B1->s2-GrpcLogAppender: send s0->s2#0-t2,notify:(t:2, i:255)
2022-10-13 10:40:53,749 [grpc-default-executor-0] INFO  impl.SnapshotInstallationHandler (SnapshotInstallationHandler.java:installSnapshot(89)) - s1@group-6905249F38B1: receive installSnapshot: s0->s1#0-t2,notify:(t:2, i:255)
2022-10-13 10:40:53,749 [grpc-default-executor-0] INFO  impl.SnapshotInstallationHandler (SnapshotInstallationHandler.java:installSnapshot(100)) - s1@group-6905249F38B1: reply installSnapshot: s0<-s1#0:FAIL-t2,IN_PROGRESS
2022-10-13 10:40:53,750 [grpc-default-executor-0] INFO  server.GrpcServerProtocolService (GrpcServerProtocolService.java:onCompleted(143)) - s1: Completed INSTALL_SNAPSHOT, lastRequest: s0->s1#0-t2,notify:(t:2, i:255)
2022-10-13 10:40:53,751 [grpc-default-executor-0] INFO  impl.SnapshotInstallationHandler (SnapshotInstallationHandler.java:installSnapshot(89)) - s2@group-6905249F38B1: receive installSnapshot: s0->s2#0-t2,notify:(t:2, i:255)
2022-10-13 10:40:53,751 [grpc-default-executor-0] INFO  impl.SnapshotInstallationHandler (SnapshotInstallationHandler.java:installSnapshot(100)) - s2@group-6905249F38B1: reply installSnapshot: s0<-s2#0:FAIL-t2,IN_PROGRESS
2022-10-13 10:40:53,751 [grpc-default-executor-0] INFO  server.GrpcServerProtocolService (GrpcServerProtocolService.java:onCompleted(143)) - s2: Completed INSTALL_SNAPSHOT, lastRequest: s0->s2#0-t2,notify:(t:2, i:255)
2022-10-13 10:40:53,752 [grpc-default-executor-0] INFO  server.GrpcLogAppender (GrpcLogAppender.java:onNext(492)) - s0@group-6905249F38B1->s1-InstallSnapshotResponseHandler: received a reply s0<-s1#0:FAIL-t2,IN_PROGRESS
2022-10-13 10:40:53,752 [grpc-default-executor-0] INFO  server.GrpcLogAppender (GrpcLogAppender.java:onNext(510)) - s0@group-6905249F38B1->s1-InstallSnapshotResponseHandler: InstallSnapshot in progress.
2022-10-13 10:40:53,752 [grpc-default-executor-3] INFO  server.GrpcLogAppender (GrpcLogAppender.java:onNext(492)) - s0@group-6905249F38B1->s2-InstallSnapshotResponseHandler: received a reply s0<-s2#0:FAIL-t2,IN_PROGRESS
2022-10-13 10:40:53,752 [grpc-default-executor-3] INFO  server.GrpcLogAppender (GrpcLogAppender.java:onNext(510)) - s0@group-6905249F38B1->s2-InstallSnapshotResponseHandler: InstallSnapshot in progress.
2022-10-13 10:40:53,752 [s1-server-thread1] INFO  server.RaftServer$Division (RaftServerImpl.java:checkInconsistentAppendEntries(1577)) - s1@group-6905249F38B1: Failed appendEntries as snapshot (255) installation is in progress
2022-10-13 10:40:53,752 [s1-server-thread1] INFO  server.RaftServer$Division (RaftServerImpl.java:checkInconsistentAppendEntries(1569)) - s1@group-6905249F38B1: inconsistency entries. Reply:s0<-s1#70:FAIL-t2,INCONSISTENCY,nextIndex=0,followerCommit=-1,matchIndex=-1
2022-10-13 10:40:53,753 [grpc-default-executor-3] INFO  leader.FollowerInfo (FollowerInfoImpl.java:lambda$new$0(48)) - s0@group-6905249F38B1->s1: nextIndex: updateUnconditionally 0 -> 0
2022-10-13 10:40:53,753 [s2-server-thread1] INFO  server.RaftServer$Division (RaftServerImpl.java:checkInconsistentAppendEntries(1577)) - s2@group-6905249F38B1: Failed appendEntries as snapshot (255) installation is in progress
2022-10-13 10:40:53,753 [s2-server-thread1] INFO  server.RaftServer$Division (RaftServerImpl.java:checkInconsistentAppendEntries(1569)) - s2@group-6905249F38B1: inconsistency entries. Reply:s0<-s2#53:FAIL-t2,INCONSISTENCY,nextIndex=0,followerCommit=-1,matchIndex=-1
2022-10-13 10:40:53,753 [s0@group-6905249F38B1->s1-GrpcLogAppender-LogAppenderDaemon] INFO  server.GrpcLogAppender (GrpcLogAppender.java:installSnapshot(633)) - s0@group-6905249F38B1->s1-GrpcLogAppender: followerNextIndex = 0 but logStartIndex = 255, notify follower to install snapshot-(t:2, i:255)
2022-10-13 10:40:53,753 [s0@group-6905249F38B1->s1-GrpcLogAppender-LogAppenderDaemon] INFO  server.GrpcLogAppender (GrpcLogAppender.java:installSnapshot(641)) - s0@group-6905249F38B1->s1-GrpcLogAppender: send s0->s1#0-t2,notify:(t:2, i:255)
2022-10-13 10:40:53,753 [grpc-default-executor-3] INFO  leader.FollowerInfo (FollowerInfoImpl.java:lambda$new$0(48)) - s0@group-6905249F38B1->s2: nextIndex: updateUnconditionally 0 -> 0
2022-10-13 10:40:53,754 [s0@group-6905249F38B1->s2-GrpcLogAppender-LogAppenderDaemon] INFO  server.GrpcLogAppender (GrpcLogAppender.java:installSnapshot(633)) - s0@group-6905249F38B1->s2-GrpcLogAppender: followerNextIndex = 0 but logStartIndex = 255, notify follower to install snapshot-(t:2, i:255)
2022-10-13 10:40:53,754 [s0@group-6905249F38B1->s2-GrpcLogAppender-LogAppenderDaemon] INFO  server.GrpcLogAppender (GrpcLogAppender.java:installSnapshot(641)) - s0@group-6905249F38B1->s2-GrpcLogAppender: send s0->s2#0-t2,notify:(t:2, i:255)
2022-10-13 10:40:53,755 [grpc-default-executor-3] INFO  impl.SnapshotInstallationHandler (SnapshotInstallationHandler.java:installSnapshot(89)) - s1@group-6905249F38B1: receive installSnapshot: s0->s1#0-t2,notify:(t:2, i:255)
2022-10-13 10:40:53,755 [grpc-default-executor-3] INFO  impl.SnapshotInstallationHandler (SnapshotInstallationHandler.java:installSnapshot(100)) - s1@group-6905249F38B1: reply installSnapshot: s0<-s1#0:FAIL-t2,IN_PROGRESS
2022-10-13 10:40:53,756 [grpc-default-executor-3] INFO  server.GrpcServerProtocolService (GrpcServerProtocolService.java:onCompleted(143)) - s1: Completed INSTALL_SNAPSHOT, lastRequest: s0->s1#0-t2,notify:(t:2, i:255)
2022-10-13 10:40:53,756 [grpc-default-executor-3] INFO  server.GrpcLogAppender (GrpcLogAppender.java:onNext(492)) - s0@group-6905249F38B1->s1-InstallSnapshotResponseHandler: received a reply s0<-s1#0:FAIL-t2,IN_PROGRESS
2022-10-13 10:40:53,756 [grpc-default-executor-3] INFO  server.GrpcLogAppender (GrpcLogAppender.java:onNext(510)) - s0@group-6905249F38B1->s1-InstallSnapshotResponseHandler: InstallSnapshot in progress.
2022-10-13 10:40:53,757 [grpc-default-executor-3] INFO  impl.SnapshotInstallationHandler (SnapshotInstallationHandler.java:installSnapshot(89)) - s2@group-6905249F38B1: receive installSnapshot: s0->s2#0-t2,notify:(t:2, i:255)
2022-10-13 10:40:53,757 [s1-server-thread1] INFO  server.RaftServer$Division (RaftServerImpl.java:checkInconsistentAppendEntries(1577)) - s1@group-6905249F38B1: Failed appendEntries as snapshot (255) installation is in progress
2022-10-13 10:40:53,757 [grpc-default-executor-3] INFO  impl.SnapshotInstallationHandler (SnapshotInstallationHandler.java:installSnapshot(100)) - s2@group-6905249F38B1: reply installSnapshot: s0<-s2#0:FAIL-t2,IN_PROGRESS
2022-10-13 10:40:53,757 [s1-server-thread1] INFO  server.RaftServer$Division (RaftServerImpl.java:checkInconsistentAppendEntries(1569)) - s1@group-6905249F38B1: inconsistency entries. Reply:s0<-s1#71:FAIL-t2,INCONSISTENCY,nextIndex=0,followerCommit=-1,matchIndex=-1
2022-10-13 10:40:53,757 [grpc-default-executor-3] INFO  server.GrpcServerProtocolService (GrpcServerProtocolService.java:onCompleted(143)) - s2: Completed INSTALL_SNAPSHOT, lastRequest: s0->s2#0-t2,notify:(t:2, i:255)
2022-10-13 10:40:53,760 [grpc-default-executor-3] INFO  leader.FollowerInfo (FollowerInfoImpl.java:lambda$new$0(48)) - s0@group-6905249F38B1->s1: nextIndex: updateUnconditionally 0 -> 0
2022-10-13 10:40:53,760 [s0@group-6905249F38B1->s1-GrpcLogAppender-LogAppenderDaemon] INFO  server.GrpcLogAppender (GrpcLogAppender.java:installSnapshot(633)) - s0@group-6905249F38B1->s1-GrpcLogAppender: followerNextIndex = 0 but logStartIndex = 255, notify follower to install snapshot-(t:2, i:255)
2022-10-13 10:40:53,760 [s0@group-6905249F38B1->s1-GrpcLogAppender-LogAppenderDaemon] INFO  server.GrpcLogAppender (GrpcLogAppender.java:installSnapshot(641)) - s0@group-6905249F38B1->s1-GrpcLogAppender: send s0->s1#0-t2,notify:(t:2, i:255)
2022-10-13 10:40:53,760 [grpc-default-executor-3] INFO  server.GrpcLogAppender (GrpcLogAppender.java:onNext(492)) - s0@group-6905249F38B1->s2-InstallSnapshotResponseHandler: received a reply s0<-s2#0:FAIL-t2,IN_PROGRESS
2022-10-13 10:40:53,760 [grpc-default-executor-3] INFO  server.GrpcLogAppender (GrpcLogAppender.java:onNext(510)) - s0@group-6905249F38B1->s2-InstallSnapshotResponseHandler: InstallSnapshot in progress.
2022-10-13 10:40:53,762 [s2-server-thread1] INFO  server.RaftServer$Division (RaftServerImpl.java:checkInconsistentAppendEntries(1577)) - s2@group-6905249F38B1: Failed appendEntries as snapshot (255) installation is in progress
2022-10-13 10:40:53,762 [s2-server-thread1] INFO  server.RaftServer$Division (RaftServerImpl.java:checkInconsistentAppendEntries(1569)) - s2@group-6905249F38B1: inconsistency entries. Reply:s0<-s2#54:FAIL-t2,INCONSISTENCY,nextIndex=0,followerCommit=-1,matchIndex=-1
2022-10-13 10:40:53,769 [grpc-default-executor-3] INFO  leader.FollowerInfo (FollowerInfoImpl.java:lambda$new$0(48)) - s0@group-6905249F38B1->s2: nextIndex: updateUnconditionally 0 -> 0
2022-10-13 10:40:53,769 [grpc-default-executor-0] INFO  impl.SnapshotInstallationHandler (SnapshotInstallationHandler.java:installSnapshot(89)) - s1@group-6905249F38B1: receive installSnapshot: s0->s1#0-t2,notify:(t:2, i:255)
2022-10-13 10:40:53,769 [s0@group-6905249F38B1->s2-GrpcLogAppender-LogAppenderDaemon] INFO  server.GrpcLogAppender (GrpcLogAppender.java:installSnapshot(633)) - s0@group-6905249F38B1->s2-GrpcLogAppender: followerNextIndex = 0 but logStartIndex = 255, notify follower to install snapshot-(t:2, i:255)
2022-10-13 10:40:53,770 [grpc-default-executor-0] INFO  impl.SnapshotInstallationHandler (SnapshotInstallationHandler.java:installSnapshot(100)) - s1@group-6905249F38B1: reply installSnapshot: s0<-s1#0:FAIL-t2,IN_PROGRESS
2022-10-13 10:40:53,770 [grpc-default-executor-0] INFO  server.GrpcServerProtocolService (GrpcServerProtocolService.java:onCompleted(143)) - s1: Completed INSTALL_SNAPSHOT, lastRequest: s0->s1#0-t2,notify:(t:2, i:255)
2022-10-13 10:40:53,770 [s0@group-6905249F38B1->s2-GrpcLogAppender-LogAppenderDaemon] INFO  server.GrpcLogAppender (GrpcLogAppender.java:installSnapshot(641)) - s0@group-6905249F38B1->s2-GrpcLogAppender: send s0->s2#0-t2,notify:(t:2, i:255)
2022-10-13 10:40:53,770 [grpc-default-executor-0] INFO  server.GrpcLogAppender (GrpcLogAppender.java:onNext(492)) - s0@group-6905249F38B1->s1-InstallSnapshotResponseHandler: received a reply s0<-s1#0:FAIL-t2,IN_PROGRESS
2022-10-13 10:40:53,771 [grpc-default-executor-0] INFO  server.GrpcLogAppender (GrpcLogAppender.java:onNext(510)) - s0@group-6905249F38B1->s1-InstallSnapshotResponseHandler: InstallSnapshot in progress.
2022-10-13 10:40:53,771 [s1-server-thread1] INFO  server.RaftServer$Division (RaftServerImpl.java:checkInconsistentAppendEntries(1577)) - s1@group-6905249F38B1: Failed appendEntries as snapshot (255) installation is in progress
2022-10-13 10:40:53,771 [s1-server-thread1] INFO  server.RaftServer$Division (RaftServerImpl.java:checkInconsistentAppendEntries(1569)) - s1@group-6905249F38B1: inconsistency entries. Reply:s0<-s1#72:FAIL-t2,INCONSISTENCY,nextIndex=0,followerCommit=-1,matchIndex=-1
2022-10-13 10:40:53,771 [grpc-default-executor-0] INFO  impl.SnapshotInstallationHandler (SnapshotInstallationHandler.java:installSnapshot(89)) - s2@group-6905249F38B1: receive installSnapshot: s0->s2#0-t2,notify:(t:2, i:255)
2022-10-13 10:40:53,772 [grpc-default-executor-0] INFO  impl.SnapshotInstallationHandler (SnapshotInstallationHandler.java:installSnapshot(100)) - s2@group-6905249F38B1: reply installSnapshot: s0<-s2#0:FAIL-t2,IN_PROGRESS
2022-10-13 10:40:53,772 [grpc-default-executor-0] INFO  server.GrpcServerProtocolService (GrpcServerProtocolService.java:onCompleted(143)) - s2: Completed INSTALL_SNAPSHOT, lastRequest: s0->s2#0-t2,notify:(t:2, i:255)
2022-10-13 10:40:53,772 [grpc-default-executor-0] INFO  leader.FollowerInfo (FollowerInfoImpl.java:lambda$new$0(48)) - s0@group-6905249F38B1->s1: nextIndex: updateUnconditionally 0 -> 0
2022-10-13 10:40:53,772 [s0@group-6905249F38B1->s1-GrpcLogAppender-LogAppenderDaemon] INFO  server.GrpcLogAppender (GrpcLogAppender.java:installSnapshot(633)) - s0@group-6905249F38B1->s1-GrpcLogAppender: followerNextIndex = 0 but logStartIndex = 255, notify follower to install snapshot-(t:2, i:255)
2022-10-13 10:40:53,772 [s0@group-6905249F38B1->s1-GrpcLogAppender-LogAppenderDaemon] INFO  server.GrpcLogAppender (GrpcLogAppender.java:installSnapshot(641)) - s0@group-6905249F38B1->s1-GrpcLogAppender: send s0->s1#0-t2,notify:(t:2, i:255)
2022-10-13 10:40:53,773 [grpc-default-executor-0] INFO  server.GrpcLogAppender (GrpcLogAppender.java:onNext(492)) - s0@group-6905249F38B1->s2-InstallSnapshotResponseHandler: received a reply s0<-s2#0:FAIL-t2,IN_PROGRESS
2022-10-13 10:40:53,773 [grpc-default-executor-0] INFO  server.GrpcLogAppender (GrpcLogAppender.java:onNext(510)) - s0@group-6905249F38B1->s2-InstallSnapshotResponseHandler: InstallSnapshot in progress.
2022-10-13 10:40:53,774 [s2-server-thread1] INFO  server.RaftServer$Division (RaftServerImpl.java:checkInconsistentAppendEntries(1577)) - s2@group-6905249F38B1: Failed appendEntries as snapshot (255) installation is in progress
2022-10-13 10:40:53,774 [s2-server-thread1] INFO  server.RaftServer$Division (RaftServerImpl.java:checkInconsistentAppendEntries(1569)) - s2@group-6905249F38B1: inconsistency entries. Reply:s0<-s2#55:FAIL-t2,INCONSISTENCY,nextIndex=0,followerCommit=-1,matchIndex=-1
2022-10-13 10:40:53,774 [grpc-default-executor-0] INFO  leader.FollowerInfo (FollowerInfoImpl.java:lambda$new$0(48)) - s0@group-6905249F38B1->s2: nextIndex: updateUnconditionally 0 -> 0
2022-10-13 10:40:53,774 [s0@group-6905249F38B1->s2-GrpcLogAppender-LogAppenderDaemon] INFO  server.GrpcLogAppender (GrpcLogAppender.java:installSnapshot(633)) - s0@group-6905249F38B1->s2-GrpcLogAppender: followerNextIndex = 0 but logStartIndex = 255, notify follower to install snapshot-(t:2, i:255)
2022-10-13 10:40:53,774 [s0@group-6905249F38B1->s2-GrpcLogAppender-LogAppenderDaemon] INFO  server.GrpcLogAppender (GrpcLogAppender.java:installSnapshot(641)) - s0@group-6905249F38B1->s2-GrpcLogAppender: send s0->s2#0-t2,notify:(t:2, i:255)
2022-10-13 10:40:53,775 [grpc-default-executor-0] INFO  impl.SnapshotInstallationHandler (SnapshotInstallationHandler.java:installSnapshot(89)) - s1@group-6905249F38B1: receive installSnapshot: s0->s1#0-t2,notify:(t:2, i:255)
2022-10-13 10:40:53,775 [grpc-default-executor-0] INFO  impl.SnapshotInstallationHandler (SnapshotInstallationHandler.java:installSnapshot(100)) - s1@group-6905249F38B1: reply installSnapshot: s0<-s1#0:FAIL-t2,IN_PROGRESS
2022-10-13 10:40:53,775 [grpc-default-executor-0] INFO  server.GrpcServerProtocolService (GrpcServerProtocolService.java:onCompleted(143)) - s1: Completed INSTALL_SNAPSHOT, lastRequest: s0->s1#0-t2,notify:(t:2, i:255)
2022-10-13 10:40:53,776 [grpc-default-executor-0] INFO  server.GrpcLogAppender (GrpcLogAppender.java:onNext(492)) - s0@group-6905249F38B1->s1-InstallSnapshotResponseHandler: received a reply s0<-s1#0:FAIL-t2,IN_PROGRESS
2022-10-13 10:40:53,776 [grpc-default-executor-0] INFO  server.GrpcLogAppender (GrpcLogAppender.java:onNext(510)) - s0@group-6905249F38B1->s1-InstallSnapshotResponseHandler: InstallSnapshot in progress.
2022-10-13 10:40:53,776 [s1-server-thread1] INFO  server.RaftServer$Division (RaftServerImpl.java:checkInconsistentAppendEntries(1577)) - s1@group-6905249F38B1: Failed appendEntries as snapshot (255) installation is in progress
2022-10-13 10:40:53,776 [s1-server-thread1] INFO  server.RaftServer$Division (RaftServerImpl.java:checkInconsistentAppendEntries(1569)) - s1@group-6905249F38B1: inconsistency entries. Reply:s0<-s1#73:FAIL-t2,INCONSISTENCY,nextIndex=0,followerCommit=-1,matchIndex=-1
2022-10-13 10:40:53,777 [grpc-default-executor-0] INFO  leader.FollowerInfo (FollowerInfoImpl.java:lambda$new$0(48)) - s0@group-6905249F38B1->s1: nextIndex: updateUnconditionally 0 -> 0
2022-10-13 10:40:53,777 [s0@group-6905249F38B1->s1-GrpcLogAppender-LogAppenderDaemon] INFO  server.GrpcLogAppender (GrpcLogAppender.java:installSnapshot(633)) - s0@group-6905249F38B1->s1-GrpcLogAppender: followerNextIndex = 0 but logStartIndex = 255, notify follower to install snapshot-(t:2, i:255)
2022-10-13 10:40:53,777 [s0@group-6905249F38B1->s1-GrpcLogAppender-LogAppenderDaemon] INFO  server.GrpcLogAppender (GrpcLogAppender.java:installSnapshot(641)) - s0@group-6905249F38B1->s1-GrpcLogAppender: send s0->s1#0-t2,notify:(t:2, i:255)
2022-10-13 10:40:53,778 [grpc-default-executor-0] INFO  impl.SnapshotInstallationHandler (SnapshotInstallationHandler.java:installSnapshot(89)) - s2@group-6905249F38B1: receive installSnapshot: s0->s2#0-t2,notify:(t:2, i:255)
2022-10-13 10:40:53,778 [grpc-default-executor-0] INFO  impl.SnapshotInstallationHandler (SnapshotInstallationHandler.java:installSnapshot(100)) - s2@group-6905249F38B1: reply installSnapshot: s0<-s2#0:FAIL-t2,IN_PROGRESS
2022-10-13 10:40:53,778 [grpc-default-executor-0] INFO  server.GrpcServerProtocolService (GrpcServerProtocolService.java:onCompleted(143)) - s2: Completed INSTALL_SNAPSHOT, lastRequest: s0->s2#0-t2,notify:(t:2, i:255)
2022-10-13 10:40:53,779 [grpc-default-executor-0] INFO  server.GrpcLogAppender (GrpcLogAppender.java:onNext(492)) - s0@group-6905249F38B1->s2-InstallSnapshotResponseHandler: received a reply s0<-s2#0:FAIL-t2,IN_PROGRESS
2022-10-13 10:40:53,779 [grpc-default-executor-0] INFO  server.GrpcLogAppender (GrpcLogAppender.java:onNext(510)) - s0@group-6905249F38B1->s2-InstallSnapshotResponseHandler: InstallSnapshot in progress.
2022-10-13 10:40:53,779 [grpc-default-executor-0] INFO  impl.SnapshotInstallationHandler (SnapshotInstallationHandler.java:installSnapshot(89)) - s1@group-6905249F38B1: receive installSnapshot: s0->s1#0-t2,notify:(t:2, i:255)
2022-10-13 10:40:53,779 [grpc-default-executor-0] INFO  impl.SnapshotInstallationHandler (SnapshotInstallationHandler.java:installSnapshot(100)) - s1@group-6905249F38B1: reply installSnapshot: s0<-s1#0:FAIL-t2,IN_PROGRESS
2022-10-13 10:40:53,780 [grpc-default-executor-0] INFO  server.GrpcServerProtocolService (GrpcServerProtocolService.java:onCompleted(143)) - s1: Completed INSTALL_SNAPSHOT, lastRequest: s0->s1#0-t2,notify:(t:2, i:255)
2022-10-13 10:40:53,780 [s2-server-thread1] INFO  server.RaftServer$Division (RaftServerImpl.java:checkInconsistentAppendEntries(1577)) - s2@group-6905249F38B1: Failed appendEntries as snapshot (255) installation is in progress
2022-10-13 10:40:53,780 [s2-server-thread1] INFO  server.RaftServer$Division (RaftServerImpl.java:checkInconsistentAppendEntries(1569)) - s2@group-6905249F38B1: inconsistency entries. Reply:s0<-s2#56:FAIL-t2,INCONSISTENCY,nextIndex=0,followerCommit=-1,matchIndex=-1
2022-10-13 10:40:53,781 [grpc-default-executor-0] INFO  server.GrpcLogAppender (GrpcLogAppender.java:onNext(492)) - s0@group-6905249F38B1->s1-InstallSnapshotResponseHandler: received a reply s0<-s1#0:FAIL-t2,IN_PROGRESS
2022-10-13 10:40:53,781 [grpc-default-executor-0] INFO  server.GrpcLogAppender (GrpcLogAppender.java:onNext(510)) - s0@group-6905249F38B1->s1-InstallSnapshotResponseHandler: InstallSnapshot in progress.
2022-10-13 10:40:53,781 [s1-server-thread1] INFO  server.RaftServer$Division (RaftServerImpl.java:checkInconsistentAppendEntries(1577)) - s1@group-6905249F38B1: Failed appendEntries as snapshot (255) installation is in progress
2022-10-13 10:40:53,781 [s1-server-thread1] INFO  server.RaftServer$Division (RaftServerImpl.java:checkInconsistentAppendEntries(1569)) - s1@group-6905249F38B1: inconsistency entries. Reply:s0<-s1#74:FAIL-t2,INCONSISTENCY,nextIndex=0,followerCommit=-1,matchIndex=-1
2022-10-13 10:40:53,781 [grpc-default-executor-0] INFO  leader.FollowerInfo (FollowerInfoImpl.java:lambda$new$0(48)) - s0@group-6905249F38B1->s2: nextIndex: updateUnconditionally 0 -> 0
2022-10-13 10:40:53,782 [s0@group-6905249F38B1->s2-GrpcLogAppender-LogAppenderDaemon] INFO  server.GrpcLogAppender (GrpcLogAppender.java:installSnapshot(633)) - s0@group-6905249F38B1->s2-GrpcLogAppender: followerNextIndex = 0 but logStartIndex = 255, notify follower to install snapshot-(t:2, i:255)
2022-10-13 10:40:53,782 [s0@group-6905249F38B1->s2-GrpcLogAppender-LogAppenderDaemon] INFO  server.GrpcLogAppender (GrpcLogAppender.java:installSnapshot(641)) - s0@group-6905249F38B1->s2-GrpcLogAppender: send s0->s2#0-t2,notify:(t:2, i:255)
2022-10-13 10:40:53,782 [grpc-default-executor-0] INFO  leader.FollowerInfo (FollowerInfoImpl.java:lambda$new$0(48)) - s0@group-6905249F38B1->s1: nextIndex: updateUnconditionally 0 -> 0
2022-10-13 10:40:53,782 [s0@group-6905249F38B1->s1-GrpcLogAppender-LogAppenderDaemon] INFO  server.GrpcLogAppender (GrpcLogAppender.java:installSnapshot(633)) - s0@group-6905249F38B1->s1-GrpcLogAppender: followerNextIndex = 0 but logStartIndex = 255, notify follower to install snapshot-(t:2, i:255)
2022-10-13 10:40:53,782 [s0@group-6905249F38B1->s1-GrpcLogAppender-LogAppenderDaemon] INFO  server.GrpcLogAppender (GrpcLogAppender.java:installSnapshot(641)) - s0@group-6905249F38B1->s1-GrpcLogAppender: send s0->s1#0-t2,notify:(t:2, i:255)
2022-10-13 10:40:53,783 [grpc-default-executor-0] INFO  impl.SnapshotInstallationHandler (SnapshotInstallationHandler.java:installSnapshot(89)) - s1@group-6905249F38B1: receive installSnapshot: s0->s1#0-t2,notify:(t:2, i:255)
2022-10-13 10:40:53,785 [grpc-default-executor-0] INFO  impl.SnapshotInstallationHandler (SnapshotInstallationHandler.java:installSnapshot(100)) - s1@group-6905249F38B1: reply installSnapshot: s0<-s1#0:FAIL-t2,IN_PROGRESS
2022-10-13 10:40:53,785 [grpc-default-executor-0] INFO  server.GrpcServerProtocolService (GrpcServerProtocolService.java:onCompleted(143)) - s1: Completed INSTALL_SNAPSHOT, lastRequest: s0->s1#0-t2,notify:(t:2, i:255)
2022-10-13 10:40:53,785 [grpc-default-executor-0] INFO  impl.SnapshotInstallationHandler (SnapshotInstallationHandler.java:installSnapshot(89)) - s2@group-6905249F38B1: receive installSnapshot: s0->s2#0-t2,notify:(t:2, i:255)
2022-10-13 10:40:53,785 [grpc-default-executor-0] INFO  impl.SnapshotInstallationHandler (SnapshotInstallationHandler.java:installSnapshot(100)) - s2@group-6905249F38B1: reply installSnapshot: s0<-s2#0:FAIL-t2,IN_PROGRESS
2022-10-13 10:40:53,785 [grpc-default-executor-3] INFO  server.GrpcLogAppender (GrpcLogAppender.java:onNext(492)) - s0@group-6905249F38B1->s1-InstallSnapshotResponseHandler: received a reply s0<-s1#0:FAIL-t2,IN_PROGRESS
2022-10-13 10:40:53,786 [grpc-default-executor-3] INFO  server.GrpcLogAppender (GrpcLogAppender.java:onNext(510)) - s0@group-6905249F38B1->s1-InstallSnapshotResponseHandler: InstallSnapshot in progress.
2022-10-13 10:40:53,786 [grpc-default-executor-0] INFO  server.GrpcServerProtocolService (GrpcServerProtocolService.java:onCompleted(143)) - s2: Completed INSTALL_SNAPSHOT, lastRequest: s0->s2#0-t2,notify:(t:2, i:255)
2022-10-13 10:40:53,786 [s1-server-thread1] INFO  server.RaftServer$Division (RaftServerImpl.java:checkInconsistentAppendEntries(1577)) - s1@group-6905249F38B1: Failed appendEntries as snapshot (255) installation is in progress
2022-10-13 10:40:53,786 [s1-server-thread1] INFO  server.RaftServer$Division (RaftServerImpl.java:checkInconsistentAppendEntries(1569)) - s1@group-6905249F38B1: inconsistency entries. Reply:s0<-s1#75:FAIL-t2,INCONSISTENCY,nextIndex=0,followerCommit=-1,matchIndex=-1
2022-10-13 10:40:53,786 [grpc-default-executor-0] INFO  server.GrpcLogAppender (GrpcLogAppender.java:onNext(492)) - s0@group-6905249F38B1->s2-InstallSnapshotResponseHandler: received a reply s0<-s2#0:FAIL-t2,IN_PROGRESS
2022-10-13 10:40:53,786 [grpc-default-executor-0] INFO  server.GrpcLogAppender (GrpcLogAppender.java:onNext(510)) - s0@group-6905249F38B1->s2-InstallSnapshotResponseHandler: InstallSnapshot in progress.
2022-10-13 10:40:53,787 [s2-server-thread1] INFO  server.RaftServer$Division (RaftServerImpl.java:checkInconsistentAppendEntries(1577)) - s2@group-6905249F38B1: Failed appendEntries as snapshot (255) installation is in progress
2022-10-13 10:40:53,787 [s2-server-thread1] INFO  server.RaftServer$Division (RaftServerImpl.java:checkInconsistentAppendEntries(1569)) - s2@group-6905249F38B1: inconsistency entries. Reply:s0<-s2#57:FAIL-t2,INCONSISTENCY,nextIndex=0,followerCommit=-1,matchIndex=-1
2022-10-13 10:40:53,787 [grpc-default-executor-0] INFO  leader.FollowerInfo (FollowerInfoImpl.java:lambda$new$0(48)) - s0@group-6905249F38B1->s1: nextIndex: updateUnconditionally 0 -> 0
2022-10-13 10:40:53,787 [s0@group-6905249F38B1->s1-GrpcLogAppender-LogAppenderDaemon] INFO  server.GrpcLogAppender (GrpcLogAppender.java:installSnapshot(633)) - s0@group-6905249F38B1->s1-GrpcLogAppender: followerNextIndex = 0 but logStartIndex = 255, notify follower to install snapshot-(t:2, i:255)
2022-10-13 10:40:53,787 [s0@group-6905249F38B1->s1-GrpcLogAppender-LogAppenderDaemon] INFO  server.GrpcLogAppender (GrpcLogAppender.java:installSnapshot(641)) - s0@group-6905249F38B1->s1-GrpcLogAppender: send s0->s1#0-t2,notify:(t:2, i:255)
2022-10-13 10:40:53,788 [grpc-default-executor-0] INFO  leader.FollowerInfo (FollowerInfoImpl.java:lambda$new$0(48)) - s0@group-6905249F38B1->s2: nextIndex: updateUnconditionally 0 -> 0
2022-10-13 10:40:53,788 [s0@group-6905249F38B1->s2-GrpcLogAppender-LogAppenderDaemon] INFO  server.GrpcLogAppender (GrpcLogAppender.java:installSnapshot(633)) - s0@group-6905249F38B1->s2-GrpcLogAppender: followerNextIndex = 0 but logStartIndex = 255, notify follower to install snapshot-(t:2, i:255)
2022-10-13 10:40:53,788 [s0@group-6905249F38B1->s2-GrpcLogAppender-LogAppenderDaemon] INFO  server.GrpcLogAppender (GrpcLogAppender.java:installSnapshot(641)) - s0@group-6905249F38B1->s2-GrpcLogAppender: send s0->s2#0-t2,notify:(t:2, i:255)
2022-10-13 10:40:53,795 [grpc-default-executor-0] INFO  impl.SnapshotInstallationHandler (SnapshotInstallationHandler.java:installSnapshot(89)) - s1@group-6905249F38B1: receive installSnapshot: s0->s1#0-t2,notify:(t:2, i:255)
2022-10-13 10:40:53,795 [grpc-default-executor-0] INFO  impl.SnapshotInstallationHandler (SnapshotInstallationHandler.java:installSnapshot(100)) - s1@group-6905249F38B1: reply installSnapshot: s0<-s1#0:FAIL-t2,IN_PROGRESS
2022-10-13 10:40:53,796 [grpc-default-executor-3] INFO  server.GrpcLogAppender (GrpcLogAppender.java:onNext(492)) - s0@group-6905249F38B1->s1-InstallSnapshotResponseHandler: received a reply s0<-s1#0:FAIL-t2,IN_PROGRESS
2022-10-13 10:40:53,796 [grpc-default-executor-3] INFO  server.GrpcLogAppender (GrpcLogAppender.java:onNext(510)) - s0@group-6905249F38B1->s1-InstallSnapshotResponseHandler: InstallSnapshot in progress.
2022-10-13 10:40:53,796 [grpc-default-executor-0] INFO  server.GrpcServerProtocolService (GrpcServerProtocolService.java:onCompleted(143)) - s1: Completed INSTALL_SNAPSHOT, lastRequest: s0->s1#0-t2,notify:(t:2, i:255)
2022-10-13 10:40:53,796 [grpc-default-executor-3] INFO  impl.SnapshotInstallationHandler (SnapshotInstallationHandler.java:installSnapshot(89)) - s2@group-6905249F38B1: receive installSnapshot: s0->s2#0-t2,notify:(t:2, i:255)
2022-10-13 10:40:53,796 [grpc-default-executor-3] INFO  impl.SnapshotInstallationHandler (SnapshotInstallationHandler.java:installSnapshot(100)) - s2@group-6905249F38B1: reply installSnapshot: s0<-s2#0:FAIL-t2,IN_PROGRESS
2022-10-13 10:40:53,796 [grpc-default-executor-3] INFO  server.GrpcServerProtocolService (GrpcServerProtocolService.java:onCompleted(143)) - s2: Completed INSTALL_SNAPSHOT, lastRequest: s0->s2#0-t2,notify:(t:2, i:255)
2022-10-13 10:40:53,797 [grpc-default-executor-3] INFO  server.GrpcLogAppender (GrpcLogAppender.java:onNext(492)) - s0@group-6905249F38B1->s2-InstallSnapshotResponseHandler: received a reply s0<-s2#0:FAIL-t2,IN_PROGRESS
2022-10-13 10:40:53,797 [grpc-default-executor-3] INFO  server.GrpcLogAppender (GrpcLogAppender.java:onNext(510)) - s0@group-6905249F38B1->s2-InstallSnapshotResponseHandler: InstallSnapshot in progress.
2022-10-13 10:40:53,797 [s1-server-thread1] INFO  server.RaftServer$Division (RaftServerImpl.java:checkInconsistentAppendEntries(1577)) - s1@group-6905249F38B1: Failed appendEntries as snapshot (255) installation is in progress
2022-10-13 10:40:53,797 [s1-server-thread1] INFO  server.RaftServer$Division (RaftServerImpl.java:checkInconsistentAppendEntries(1569)) - s1@group-6905249F38B1: inconsistency entries. Reply:s0<-s1#76:FAIL-t2,INCONSISTENCY,nextIndex=0,followerCommit=-1,matchIndex=-1
2022-10-13 10:40:53,798 [grpc-default-executor-2] INFO  leader.FollowerInfo (FollowerInfoImpl.java:lambda$new$0(48)) - s0@group-6905249F38B1->s1: nextIndex: updateUnconditionally 0 -> 0
2022-10-13 10:40:53,798 [s0@group-6905249F38B1->s1-GrpcLogAppender-LogAppenderDaemon] INFO  server.GrpcLogAppender (GrpcLogAppender.java:installSnapshot(633)) - s0@group-6905249F38B1->s1-GrpcLogAppender: followerNextIndex = 0 but logStartIndex = 255, notify follower to install snapshot-(t:2, i:255)
2022-10-13 10:40:53,798 [s0@group-6905249F38B1->s1-GrpcLogAppender-LogAppenderDaemon] INFO  server.GrpcLogAppender (GrpcLogAppender.java:installSnapshot(641)) - s0@group-6905249F38B1->s1-GrpcLogAppender: send s0->s1#0-t2,notify:(t:2, i:255)
2022-10-13 10:40:53,799 [s2-server-thread1] INFO  server.RaftServer$Division (RaftServerImpl.java:checkInconsistentAppendEntries(1577)) - s2@group-6905249F38B1: Failed appendEntries as snapshot (255) installation is in progress
2022-10-13 10:40:53,799 [s2-server-thread1] INFO  server.RaftServer$Division (RaftServerImpl.java:checkInconsistentAppendEntries(1569)) - s2@group-6905249F38B1: inconsistency entries. Reply:s0<-s2#58:FAIL-t2,INCONSISTENCY,nextIndex=0,followerCommit=-1,matchIndex=-1
2022-10-13 10:40:53,799 [grpc-default-executor-3] INFO  leader.FollowerInfo (FollowerInfoImpl.java:lambda$new$0(48)) - s0@group-6905249F38B1->s2: nextIndex: updateUnconditionally 0 -> 0
2022-10-13 10:40:53,799 [grpc-default-executor-2] INFO  impl.SnapshotInstallationHandler (SnapshotInstallationHandler.java:installSnapshot(89)) - s1@group-6905249F38B1: receive installSnapshot: s0->s1#0-t2,notify:(t:2, i:255)
2022-10-13 10:40:53,799 [s0@group-6905249F38B1->s2-GrpcLogAppender-LogAppenderDaemon] INFO  server.GrpcLogAppender (GrpcLogAppender.java:installSnapshot(633)) - s0@group-6905249F38B1->s2-GrpcLogAppender: followerNextIndex = 0 but logStartIndex = 255, notify follower to install snapshot-(t:2, i:255)
2022-10-13 10:40:53,799 [grpc-default-executor-2] INFO  impl.SnapshotInstallationHandler (SnapshotInstallationHandler.java:installSnapshot(100)) - s1@group-6905249F38B1: reply installSnapshot: s0<-s1#0:FAIL-t2,IN_PROGRESS
2022-10-13 10:40:53,799 [s0@group-6905249F38B1->s2-GrpcLogAppender-LogAppenderDaemon] INFO  server.GrpcLogAppender (GrpcLogAppender.java:installSnapshot(641)) - s0@group-6905249F38B1->s2-GrpcLogAppender: send s0->s2#0-t2,notify:(t:2, i:255)
2022-10-13 10:40:53,800 [grpc-default-executor-2] INFO  server.GrpcServerProtocolService (GrpcServerProtocolService.java:onCompleted(143)) - s1: Completed INSTALL_SNAPSHOT, lastRequest: s0->s1#0-t2,notify:(t:2, i:255)
2022-10-13 10:40:53,801 [grpc-default-executor-3] INFO  server.GrpcLogAppender (GrpcLogAppender.java:onNext(492)) - s0@group-6905249F38B1->s1-InstallSnapshotResponseHandler: received a reply s0<-s1#0:FAIL-t2,IN_PROGRESS
2022-10-13 10:40:53,801 [grpc-default-executor-3] INFO  server.GrpcLogAppender (GrpcLogAppender.java:onNext(510)) - s0@group-6905249F38B1->s1-InstallSnapshotResponseHandler: InstallSnapshot in progress.
2022-10-13 10:40:53,802 [grpc-default-executor-3] INFO  impl.SnapshotInstallationHandler (SnapshotInstallationHandler.java:installSnapshot(89)) - s2@group-6905249F38B1: receive installSnapshot: s0->s2#0-t2,notify:(t:2, i:255)
2022-10-13 10:40:53,802 [grpc-default-executor-3] INFO  impl.SnapshotInstallationHandler (SnapshotInstallationHandler.java:installSnapshot(100)) - s2@group-6905249F38B1: reply installSnapshot: s0<-s2#0:FAIL-t2,IN_PROGRESS
2022-10-13 10:40:53,802 [grpc-default-executor-3] INFO  server.GrpcServerProtocolService (GrpcServerProtocolService.java:onCompleted(143)) - s2: Completed INSTALL_SNAPSHOT, lastRequest: s0->s2#0-t2,notify:(t:2, i:255)
2022-10-13 10:40:53,802 [grpc-default-executor-4] INFO  server.GrpcLogAppender (GrpcLogAppender.java:onNext(492)) - s0@group-6905249F38B1->s2-InstallSnapshotResponseHandler: received a reply s0<-s2#0:FAIL-t2,IN_PROGRESS
2022-10-13 10:40:53,802 [grpc-default-executor-4] INFO  server.GrpcLogAppender (GrpcLogAppender.java:onNext(510)) - s0@group-6905249F38B1->s2-InstallSnapshotResponseHandler: InstallSnapshot in progress.
2022-10-13 10:40:53,802 [s1-server-thread1] INFO  server.RaftServer$Division (RaftServerImpl.java:checkInconsistentAppendEntries(1577)) - s1@group-6905249F38B1: Failed appendEntries as snapshot (255) installation is in progress
2022-10-13 10:40:53,803 [s1-server-thread1] INFO  server.RaftServer$Division (RaftServerImpl.java:checkInconsistentAppendEntries(1569)) - s1@group-6905249F38B1: inconsistency entries. Reply:s0<-s1#77:FAIL-t2,INCONSISTENCY,nextIndex=0,followerCommit=-1,matchIndex=-1
2022-10-13 10:40:53,803 [s2-server-thread1] INFO  server.RaftServer$Division (RaftServerImpl.java:checkInconsistentAppendEntries(1577)) - s2@group-6905249F38B1: Failed appendEntries as snapshot (255) installation is in progress
2022-10-13 10:40:53,803 [s2-server-thread1] INFO  server.RaftServer$Division (RaftServerImpl.java:checkInconsistentAppendEntries(1569)) - s2@group-6905249F38B1: inconsistency entries. Reply:s0<-s2#59:FAIL-t2,INCONSISTENCY,nextIndex=0,followerCommit=-1,matchIndex=-1
2022-10-13 10:40:53,803 [grpc-default-executor-2] INFO  leader.FollowerInfo (FollowerInfoImpl.java:lambda$new$0(48)) - s0@group-6905249F38B1->s1: nextIndex: updateUnconditionally 0 -> 0
2022-10-13 10:40:53,804 [s0@group-6905249F38B1->s1-GrpcLogAppender-LogAppenderDaemon] INFO  server.GrpcLogAppender (GrpcLogAppender.java:installSnapshot(633)) - s0@group-6905249F38B1->s1-GrpcLogAppender: followerNextIndex = 0 but logStartIndex = 255, notify follower to install snapshot-(t:2, i:255)
2022-10-13 10:40:53,804 [grpc-default-executor-2] INFO  leader.FollowerInfo (FollowerInfoImpl.java:lambda$new$0(48)) - s0@group-6905249F38B1->s2: nextIndex: updateUnconditionally 0 -> 0
2022-10-13 10:40:53,804 [s0@group-6905249F38B1->s1-GrpcLogAppender-LogAppenderDaemon] INFO  server.GrpcLogAppender (GrpcLogAppender.java:installSnapshot(641)) - s0@group-6905249F38B1->s1-GrpcLogAppender: send s0->s1#0-t2,notify:(t:2, i:255)
2022-10-13 10:40:53,804 [s0@group-6905249F38B1->s2-GrpcLogAppender-LogAppenderDaemon] INFO  server.GrpcLogAppender (GrpcLogAppender.java:installSnapshot(633)) - s0@group-6905249F38B1->s2-GrpcLogAppender: followerNextIndex = 0 but logStartIndex = 255, notify follower to install snapshot-(t:2, i:255)
2022-10-13 10:40:53,804 [s0@group-6905249F38B1->s2-GrpcLogAppender-LogAppenderDaemon] INFO  server.GrpcLogAppender (GrpcLogAppender.java:installSnapshot(641)) - s0@group-6905249F38B1->s2-GrpcLogAppender: send s0->s2#0-t2,notify:(t:2, i:255)
2022-10-13 10:40:53,806 [grpc-default-executor-4] INFO  impl.SnapshotInstallationHandler (SnapshotInstallationHandler.java:installSnapshot(89)) - s1@group-6905249F38B1: receive installSnapshot: s0->s1#0-t2,notify:(t:2, i:255)
2022-10-13 10:40:53,806 [grpc-default-executor-2] INFO  impl.SnapshotInstallationHandler (SnapshotInstallationHandler.java:installSnapshot(89)) - s2@group-6905249F38B1: receive installSnapshot: s0->s2#0-t2,notify:(t:2, i:255)
2022-10-13 10:40:53,806 [grpc-default-executor-4] INFO  impl.SnapshotInstallationHandler (SnapshotInstallationHandler.java:installSnapshot(100)) - s1@group-6905249F38B1: reply installSnapshot: s0<-s1#0:FAIL-t2,IN_PROGRESS
2022-10-13 10:40:53,806 [grpc-default-executor-2] INFO  impl.SnapshotInstallationHandler (SnapshotInstallationHandler.java:installSnapshot(100)) - s2@group-6905249F38B1: reply installSnapshot: s0<-s2#0:FAIL-t2,IN_PROGRESS
2022-10-13 10:40:53,806 [grpc-default-executor-4] INFO  server.GrpcServerProtocolService (GrpcServerProtocolService.java:onCompleted(143)) - s1: Completed INSTALL_SNAPSHOT, lastRequest: s0->s1#0-t2,notify:(t:2, i:255)
2022-10-13 10:40:53,806 [grpc-default-executor-2] INFO  server.GrpcServerProtocolService (GrpcServerProtocolService.java:onCompleted(143)) - s2: Completed INSTALL_SNAPSHOT, lastRequest: s0->s2#0-t2,notify:(t:2, i:255)
2022-10-13 10:40:53,807 [grpc-default-executor-4] INFO  server.GrpcLogAppender (GrpcLogAppender.java:onNext(492)) - s0@group-6905249F38B1->s1-InstallSnapshotResponseHandler: received a reply s0<-s1#0:FAIL-t2,IN_PROGRESS
2022-10-13 10:40:53,807 [grpc-default-executor-4] INFO  server.GrpcLogAppender (GrpcLogAppender.java:onNext(510)) - s0@group-6905249F38B1->s1-InstallSnapshotResponseHandler: InstallSnapshot in progress.
2022-10-13 10:40:53,807 [grpc-default-executor-2] INFO  server.GrpcLogAppender (GrpcLogAppender.java:onNext(492)) - s0@group-6905249F38B1->s2-InstallSnapshotResponseHandler: received a reply s0<-s2#0:FAIL-t2,IN_PROGRESS
2022-10-13 10:40:53,807 [grpc-default-executor-2] INFO  server.GrpcLogAppender (GrpcLogAppender.java:onNext(510)) - s0@group-6905249F38B1->s2-InstallSnapshotResponseHandler: InstallSnapshot in progress.
2022-10-13 10:40:53,807 [s1-server-thread1] INFO  server.RaftServer$Division (RaftServerImpl.java:checkInconsistentAppendEntries(1577)) - s1@group-6905249F38B1: Failed appendEntries as snapshot (255) installation is in progress
2022-10-13 10:40:53,808 [s1-server-thread1] INFO  server.RaftServer$Division (RaftServerImpl.java:checkInconsistentAppendEntries(1569)) - s1@group-6905249F38B1: inconsistency entries. Reply:s0<-s1#78:FAIL-t2,INCONSISTENCY,nextIndex=0,followerCommit=-1,matchIndex=-1
2022-10-13 10:40:53,808 [s2-server-thread1] INFO  server.RaftServer$Division (RaftServerImpl.java:checkInconsistentAppendEntries(1577)) - s2@group-6905249F38B1: Failed appendEntries as snapshot (255) installation is in progress
2022-10-13 10:40:53,808 [s2-server-thread1] INFO  server.RaftServer$Division (RaftServerImpl.java:checkInconsistentAppendEntries(1569)) - s2@group-6905249F38B1: inconsistency entries. Reply:s0<-s2#60:FAIL-t2,INCONSISTENCY,nextIndex=0,followerCommit=-1,matchIndex=-1
2022-10-13 10:40:53,808 [grpc-default-executor-2] INFO  leader.FollowerInfo (FollowerInfoImpl.java:lambda$new$0(48)) - s0@group-6905249F38B1->s1: nextIndex: updateUnconditionally 0 -> 0
2022-10-13 10:40:53,808 [grpc-default-executor-0] INFO  leader.FollowerInfo (FollowerInfoImpl.java:lambda$new$0(48)) - s0@group-6905249F38B1->s2: nextIndex: updateUnconditionally 0 -> 0
2022-10-13 10:40:53,808 [s0@group-6905249F38B1->s1-GrpcLogAppender-LogAppenderDaemon] INFO  server.GrpcLogAppender (GrpcLogAppender.java:installSnapshot(633)) - s0@group-6905249F38B1->s1-GrpcLogAppender: followerNextIndex = 0 but logStartIndex = 255, notify follower to install snapshot-(t:2, i:255)
2022-10-13 10:40:53,808 [s0@group-6905249F38B1->s2-GrpcLogAppender-LogAppenderDaemon] INFO  server.GrpcLogAppender (GrpcLogAppender.java:installSnapshot(633)) - s0@group-6905249F38B1->s2-GrpcLogAppender: followerNextIndex = 0 but logStartIndex = 255, notify follower to install snapshot-(t:2, i:255)
2022-10-13 10:40:53,808 [s0@group-6905249F38B1->s1-GrpcLogAppender-LogAppenderDaemon] INFO  server.GrpcLogAppender (GrpcLogAppender.java:installSnapshot(641)) - s0@group-6905249F38B1->s1-GrpcLogAppender: send s0->s1#0-t2,notify:(t:2, i:255)
2022-10-13 10:40:53,808 [s0@group-6905249F38B1->s2-GrpcLogAppender-LogAppenderDaemon] INFO  server.GrpcLogAppender (GrpcLogAppender.java:installSnapshot(641)) - s0@group-6905249F38B1->s2-GrpcLogAppender: send s0->s2#0-t2,notify:(t:2, i:255)
2022-10-13 10:40:53,809 [grpc-default-executor-2] INFO  impl.SnapshotInstallationHandler (SnapshotInstallationHandler.java:installSnapshot(89)) - s1@group-6905249F38B1: receive installSnapshot: s0->s1#0-t2,notify:(t:2, i:255)
2022-10-13 10:40:53,810 [grpc-default-executor-2] INFO  impl.SnapshotInstallationHandler (SnapshotInstallationHandler.java:installSnapshot(100)) - s1@group-6905249F38B1: reply installSnapshot: s0<-s1#0:FAIL-t2,IN_PROGRESS
2022-10-13 10:40:53,810 [grpc-default-executor-2] INFO  server.GrpcServerProtocolService (GrpcServerProtocolService.java:onCompleted(143)) - s1: Completed INSTALL_SNAPSHOT, lastRequest: s0->s1#0-t2,notify:(t:2, i:255)
2022-10-13 10:40:53,810 [grpc-default-executor-0] INFO  server.GrpcLogAppender (GrpcLogAppender.java:onNext(492)) - s0@group-6905249F38B1->s1-InstallSnapshotResponseHandler: received a reply s0<-s1#0:FAIL-t2,IN_PROGRESS
2022-10-13 10:40:53,810 [grpc-default-executor-0] INFO  server.GrpcLogAppender (GrpcLogAppender.java:onNext(510)) - s0@group-6905249F38B1->s1-InstallSnapshotResponseHandler: InstallSnapshot in progress.
2022-10-13 10:40:53,810 [grpc-default-executor-2] INFO  impl.SnapshotInstallationHandler (SnapshotInstallationHandler.java:installSnapshot(89)) - s2@group-6905249F38B1: receive installSnapshot: s0->s2#0-t2,notify:(t:2, i:255)
2022-10-13 10:40:53,811 [grpc-default-executor-2] INFO  impl.SnapshotInstallationHandler (SnapshotInstallationHandler.java:installSnapshot(100)) - s2@group-6905249F38B1: reply installSnapshot: s0<-s2#0:FAIL-t2,IN_PROGRESS
2022-10-13 10:40:53,811 [grpc-default-executor-2] INFO  server.GrpcServerProtocolService (GrpcServerProtocolService.java:onCompleted(143)) - s2: Completed INSTALL_SNAPSHOT, lastRequest: s0->s2#0-t2,notify:(t:2, i:255)
2022-10-13 10:40:53,813 [grpc-default-executor-2] INFO  server.GrpcLogAppender (GrpcLogAppender.java:onNext(492)) - s0@group-6905249F38B1->s2-InstallSnapshotResponseHandler: received a reply s0<-s2#0:FAIL-t2,IN_PROGRESS
2022-10-13 10:40:53,813 [grpc-default-executor-2] INFO  server.GrpcLogAppender (GrpcLogAppender.java:onNext(510)) - s0@group-6905249F38B1->s2-InstallSnapshotResponseHandler: InstallSnapshot in progress.
2022-10-13 10:40:53,813 [s1-server-thread1] INFO  server.RaftServer$Division (RaftServerImpl.java:checkInconsistentAppendEntries(1577)) - s1@group-6905249F38B1: Failed appendEntries as snapshot (255) installation is in progress
2022-10-13 10:40:53,813 [s1-server-thread1] INFO  server.RaftServer$Division (RaftServerImpl.java:checkInconsistentAppendEntries(1569)) - s1@group-6905249F38B1: inconsistency entries. Reply:s0<-s1#79:FAIL-t2,INCONSISTENCY,nextIndex=0,followerCommit=-1,matchIndex=-1
2022-10-13 10:40:53,814 [s2-server-thread1] INFO  server.RaftServer$Division (RaftServerImpl.java:checkInconsistentAppendEntries(1577)) - s2@group-6905249F38B1: Failed appendEntries as snapshot (255) installation is in progress
2022-10-13 10:40:53,814 [s2-server-thread1] INFO  server.RaftServer$Division (RaftServerImpl.java:checkInconsistentAppendEntries(1569)) - s2@group-6905249F38B1: inconsistency entries. Reply:s0<-s2#61:FAIL-t2,INCONSISTENCY,nextIndex=0,followerCommit=-1,matchIndex=-1
2022-10-13 10:40:53,814 [grpc-default-executor-0] INFO  leader.FollowerInfo (FollowerInfoImpl.java:lambda$new$0(48)) - s0@group-6905249F38B1->s1: nextIndex: updateUnconditionally 0 -> 0
2022-10-13 10:40:53,814 [s0@group-6905249F38B1->s1-GrpcLogAppender-LogAppenderDaemon] INFO  server.GrpcLogAppender (GrpcLogAppender.java:installSnapshot(633)) - s0@group-6905249F38B1->s1-GrpcLogAppender: followerNextIndex = 0 but logStartIndex = 255, notify follower to install snapshot-(t:2, i:255)
2022-10-13 10:40:53,814 [s0@group-6905249F38B1->s1-GrpcLogAppender-LogAppenderDaemon] INFO  server.GrpcLogAppender (GrpcLogAppender.java:installSnapshot(641)) - s0@group-6905249F38B1->s1-GrpcLogAppender: send s0->s1#0-t2,notify:(t:2, i:255)
2022-10-13 10:40:53,815 [grpc-default-executor-2] INFO  leader.FollowerInfo (FollowerInfoImpl.java:lambda$new$0(48)) - s0@group-6905249F38B1->s2: nextIndex: updateUnconditionally 0 -> 0
2022-10-13 10:40:53,815 [s0@group-6905249F38B1->s2-GrpcLogAppender-LogAppenderDaemon] INFO  server.GrpcLogAppender (GrpcLogAppender.java:installSnapshot(633)) - s0@group-6905249F38B1->s2-GrpcLogAppender: followerNextIndex = 0 but logStartIndex = 255, notify follower to install snapshot-(t:2, i:255)
2022-10-13 10:40:53,815 [s0@group-6905249F38B1->s2-GrpcLogAppender-LogAppenderDaemon] INFO  server.GrpcLogAppender (GrpcLogAppender.java:installSnapshot(641)) - s0@group-6905249F38B1->s2-GrpcLogAppender: send s0->s2#0-t2,notify:(t:2, i:255)
2022-10-13 10:40:53,816 [grpc-default-executor-4] INFO  impl.SnapshotInstallationHandler (SnapshotInstallationHandler.java:installSnapshot(89)) - s1@group-6905249F38B1: receive installSnapshot: s0->s1#0-t2,notify:(t:2, i:255)
2022-10-13 10:40:53,816 [grpc-default-executor-4] INFO  impl.SnapshotInstallationHandler (SnapshotInstallationHandler.java:installSnapshot(100)) - s1@group-6905249F38B1: reply installSnapshot: s0<-s1#0:FAIL-t2,IN_PROGRESS
2022-10-13 10:40:53,816 [grpc-default-executor-4] INFO  server.GrpcServerProtocolService (GrpcServerProtocolService.java:onCompleted(143)) - s1: Completed INSTALL_SNAPSHOT, lastRequest: s0->s1#0-t2,notify:(t:2, i:255)
2022-10-13 10:40:53,817 [grpc-default-executor-3] INFO  impl.SnapshotInstallationHandler (SnapshotInstallationHandler.java:installSnapshot(89)) - s2@group-6905249F38B1: receive installSnapshot: s0->s2#0-t2,notify:(t:2, i:255)
2022-10-13 10:40:53,817 [grpc-default-executor-3] INFO  impl.SnapshotInstallationHandler (SnapshotInstallationHandler.java:installSnapshot(100)) - s2@group-6905249F38B1: reply installSnapshot: s0<-s2#0:FAIL-t2,IN_PROGRESS
2022-10-13 10:40:53,817 [grpc-default-executor-0] INFO  server.GrpcLogAppender (GrpcLogAppender.java:onNext(492)) - s0@group-6905249F38B1->s1-InstallSnapshotResponseHandler: received a reply s0<-s1#0:FAIL-t2,IN_PROGRESS
2022-10-13 10:40:53,817 [grpc-default-executor-0] INFO  server.GrpcLogAppender (GrpcLogAppender.java:onNext(510)) - s0@group-6905249F38B1->s1-InstallSnapshotResponseHandler: InstallSnapshot in progress.
2022-10-13 10:40:53,817 [grpc-default-executor-4] INFO  server.GrpcLogAppender (GrpcLogAppender.java:onNext(492)) - s0@group-6905249F38B1->s2-InstallSnapshotResponseHandler: received a reply s0<-s2#0:FAIL-t2,IN_PROGRESS
2022-10-13 10:40:53,817 [s1-server-thread1] INFO  server.RaftServer$Division (RaftServerImpl.java:checkInconsistentAppendEntries(1577)) - s1@group-6905249F38B1: Failed appendEntries as snapshot (255) installation is in progress
2022-10-13 10:40:53,818 [s1-server-thread1] INFO  server.RaftServer$Division (RaftServerImpl.java:checkInconsistentAppendEntries(1569)) - s1@group-6905249F38B1: inconsistency entries. Reply:s0<-s1#80:FAIL-t2,INCONSISTENCY,nextIndex=0,followerCommit=-1,matchIndex=-1
2022-10-13 10:40:53,818 [grpc-default-executor-4] INFO  server.GrpcLogAppender (GrpcLogAppender.java:onNext(510)) - s0@group-6905249F38B1->s2-InstallSnapshotResponseHandler: InstallSnapshot in progress.
2022-10-13 10:40:53,818 [grpc-default-executor-0] INFO  server.GrpcServerProtocolService (GrpcServerProtocolService.java:onCompleted(143)) - s2: Completed INSTALL_SNAPSHOT, lastRequest: s0->s2#0-t2,notify:(t:2, i:255)
2022-10-13 10:40:53,818 [grpc-default-executor-0] INFO  leader.FollowerInfo (FollowerInfoImpl.java:lambda$new$0(48)) - s0@group-6905249F38B1->s1: nextIndex: updateUnconditionally 0 -> 0
2022-10-13 10:40:53,818 [s0@group-6905249F38B1->s1-GrpcLogAppender-LogAppenderDaemon] INFO  server.GrpcLogAppender (GrpcLogAppender.java:installSnapshot(633)) - s0@group-6905249F38B1->s1-GrpcLogAppender: followerNextIndex = 0 but logStartIndex = 255, notify follower to install snapshot-(t:2, i:255)
2022-10-13 10:40:53,818 [s0@group-6905249F38B1->s1-GrpcLogAppender-LogAppenderDaemon] INFO  server.GrpcLogAppender (GrpcLogAppender.java:installSnapshot(641)) - s0@group-6905249F38B1->s1-GrpcLogAppender: send s0->s1#0-t2,notify:(t:2, i:255)
2022-10-13 10:40:53,819 [s2-server-thread1] INFO  server.RaftServer$Division (RaftServerImpl.java:checkInconsistentAppendEntries(1577)) - s2@group-6905249F38B1: Failed appendEntries as snapshot (255) installation is in progress
2022-10-13 10:40:53,819 [s2-server-thread1] INFO  server.RaftServer$Division (RaftServerImpl.java:checkInconsistentAppendEntries(1569)) - s2@group-6905249F38B1: inconsistency entries. Reply:s0<-s2#62:FAIL-t2,INCONSISTENCY,nextIndex=0,followerCommit=-1,matchIndex=-1
2022-10-13 10:40:53,819 [grpc-default-executor-4] INFO  impl.SnapshotInstallationHandler (SnapshotInstallationHandler.java:installSnapshot(89)) - s1@group-6905249F38B1: receive installSnapshot: s0->s1#0-t2,notify:(t:2, i:255)
2022-10-13 10:40:53,820 [grpc-default-executor-4] INFO  impl.SnapshotInstallationHandler (SnapshotInstallationHandler.java:installSnapshot(100)) - s1@group-6905249F38B1: reply installSnapshot: s0<-s1#0:FAIL-t2,IN_PROGRESS
2022-10-13 10:40:53,820 [grpc-default-executor-4] INFO  server.GrpcServerProtocolService (GrpcServerProtocolService.java:onCompleted(143)) - s1: Completed INSTALL_SNAPSHOT, lastRequest: s0->s1#0-t2,notify:(t:2, i:255)
2022-10-13 10:40:53,821 [grpc-default-executor-4] INFO  server.GrpcLogAppender (GrpcLogAppender.java:onNext(492)) - s0@group-6905249F38B1->s1-InstallSnapshotResponseHandler: received a reply s0<-s1#0:FAIL-t2,IN_PROGRESS
2022-10-13 10:40:53,821 [grpc-default-executor-4] INFO  server.GrpcLogAppender (GrpcLogAppender.java:onNext(510)) - s0@group-6905249F38B1->s1-InstallSnapshotResponseHandler: InstallSnapshot in progress.
2022-10-13 10:40:53,828 [s0@group-6905249F38B1->s2-GrpcLogAppender-LogAppenderDaemon] INFO  server.GrpcLogAppender (GrpcLogAppender.java:installSnapshot(633)) - s0@group-6905249F38B1->s2-GrpcLogAppender: followerNextIndex = 0 but logStartIndex = 255, notify follower to install snapshot-(t:2, i:255)
2022-10-13 10:40:53,829 [s0@group-6905249F38B1->s2-GrpcLogAppender-LogAppenderDaemon] INFO  server.GrpcLogAppender (GrpcLogAppender.java:installSnapshot(641)) - s0@group-6905249F38B1->s2-GrpcLogAppender: send s0->s2#0-t2,notify:(t:2, i:255)
2022-10-13 10:40:53,831 [s1-server-thread1] INFO  server.RaftServer$Division (RaftServerImpl.java:checkInconsistentAppendEntries(1577)) - s1@group-6905249F38B1: Failed appendEntries as snapshot (255) installation is in progress
2022-10-13 10:40:53,831 [s1-server-thread1] INFO  server.RaftServer$Division (RaftServerImpl.java:checkInconsistentAppendEntries(1569)) - s1@group-6905249F38B1: inconsistency entries. Reply:s0<-s1#81:FAIL-t2,INCONSISTENCY,nextIndex=0,followerCommit=-1,matchIndex=-1
2022-10-13 10:40:53,832 [s0@group-6905249F38B1->s1-GrpcLogAppender-LogAppenderDaemon] INFO  server.GrpcLogAppender (GrpcLogAppender.java:installSnapshot(633)) - s0@group-6905249F38B1->s1-GrpcLogAppender: followerNextIndex = 0 but logStartIndex = 255, notify follower to install snapshot-(t:2, i:255)
2022-10-13 10:40:53,832 [s0@group-6905249F38B1->s1-GrpcLogAppender-LogAppenderDaemon] INFO  server.GrpcLogAppender (GrpcLogAppender.java:installSnapshot(641)) - s0@group-6905249F38B1->s1-GrpcLogAppender: send s0->s1#0-t2,notify:(t:2, i:255)
2022-10-13 10:40:53,833 [grpc-default-executor-4] INFO  leader.FollowerInfo (FollowerInfoImpl.java:lambda$new$0(48)) - s0@group-6905249F38B1->s2: nextIndex: updateUnconditionally 0 -> 0
2022-10-13 10:40:53,833 [grpc-default-executor-4] INFO  leader.FollowerInfo (FollowerInfoImpl.java:lambda$new$0(48)) - s0@group-6905249F38B1->s1: nextIndex: updateUnconditionally 0 -> 0
2022-10-13 10:40:53,833 [grpc-default-executor-4] INFO  impl.SnapshotInstallationHandler (SnapshotInstallationHandler.java:installSnapshot(89)) - s1@group-6905249F38B1: receive installSnapshot: s0->s1#0-t2,notify:(t:2, i:255)
2022-10-13 10:40:53,834 [grpc-default-executor-4] INFO  impl.SnapshotInstallationHandler (SnapshotInstallationHandler.java:installSnapshot(100)) - s1@group-6905249F38B1: reply installSnapshot: s0<-s1#0:FAIL-t2,IN_PROGRESS
2022-10-13 10:40:53,834 [grpc-default-executor-4] INFO  server.GrpcServerProtocolService (GrpcServerProtocolService.java:onCompleted(143)) - s1: Completed INSTALL_SNAPSHOT, lastRequest: s0->s1#0-t2,notify:(t:2, i:255)
2022-10-13 10:40:53,834 [grpc-default-executor-4] INFO  impl.SnapshotInstallationHandler (SnapshotInstallationHandler.java:installSnapshot(89)) - s2@group-6905249F38B1: receive installSnapshot: s0->s2#0-t2,notify:(t:2, i:255)
2022-10-13 10:40:53,834 [grpc-default-executor-4] INFO  impl.SnapshotInstallationHandler (SnapshotInstallationHandler.java:installSnapshot(100)) - s2@group-6905249F38B1: reply installSnapshot: s0<-s2#0:FAIL-t2,IN_PROGRESS
2022-10-13 10:40:53,834 [grpc-default-executor-4] INFO  server.GrpcServerProtocolService (GrpcServerProtocolService.java:onCompleted(143)) - s2: Completed INSTALL_SNAPSHOT, lastRequest: s0->s2#0-t2,notify:(t:2, i:255)
2022-10-13 10:40:53,835 [grpc-default-executor-4] INFO  server.GrpcLogAppender (GrpcLogAppender.java:onNext(492)) - s0@group-6905249F38B1->s1-InstallSnapshotResponseHandler: received a reply s0<-s1#0:FAIL-t2,IN_PROGRESS
2022-10-13 10:40:53,835 [grpc-default-executor-4] INFO  server.GrpcLogAppender (GrpcLogAppender.java:onNext(510)) - s0@group-6905249F38B1->s1-InstallSnapshotResponseHandler: InstallSnapshot in progress.
2022-10-13 10:40:53,837 [s1-server-thread1] INFO  server.RaftServer$Division (RaftServerImpl.java:checkInconsistentAppendEntries(1577)) - s1@group-6905249F38B1: Failed appendEntries as snapshot (255) installation is in progress
2022-10-13 10:40:53,837 [s1-server-thread1] INFO  server.RaftServer$Division (RaftServerImpl.java:checkInconsistentAppendEntries(1569)) - s1@group-6905249F38B1: inconsistency entries. Reply:s0<-s1#82:FAIL-t2,INCONSISTENCY,nextIndex=0,followerCommit=-1,matchIndex=-1
2022-10-13 10:40:53,837 [grpc-default-executor-4] INFO  server.GrpcLogAppender (GrpcLogAppender.java:onNext(492)) - s0@group-6905249F38B1->s2-InstallSnapshotResponseHandler: received a reply s0<-s2#0:FAIL-t2,IN_PROGRESS
2022-10-13 10:40:53,837 [grpc-default-executor-4] INFO  server.GrpcLogAppender (GrpcLogAppender.java:onNext(510)) - s0@group-6905249F38B1->s2-InstallSnapshotResponseHandler: InstallSnapshot in progress.
2022-10-13 10:40:53,838 [grpc-default-executor-4] INFO  leader.FollowerInfo (FollowerInfoImpl.java:lambda$new$0(48)) - s0@group-6905249F38B1->s1: nextIndex: updateUnconditionally 0 -> 0
2022-10-13 10:40:53,838 [s0@group-6905249F38B1->s1-GrpcLogAppender-LogAppenderDaemon] INFO  server.GrpcLogAppender (GrpcLogAppender.java:installSnapshot(633)) - s0@group-6905249F38B1->s1-GrpcLogAppender: followerNextIndex = 0 but logStartIndex = 255, notify follower to install snapshot-(t:2, i:255)
2022-10-13 10:40:53,838 [s0@group-6905249F38B1->s1-GrpcLogAppender-LogAppenderDaemon] INFO  server.GrpcLogAppender (GrpcLogAppender.java:installSnapshot(641)) - s0@group-6905249F38B1->s1-GrpcLogAppender: send s0->s1#0-t2,notify:(t:2, i:255)
2022-10-13 10:40:53,838 [s2-server-thread1] INFO  server.RaftServer$Division (RaftServerImpl.java:checkInconsistentAppendEntries(1577)) - s2@group-6905249F38B1: Failed appendEntries as snapshot (255) installation is in progress
2022-10-13 10:40:53,839 [s2-server-thread1] INFO  server.RaftServer$Division (RaftServerImpl.java:checkInconsistentAppendEntries(1569)) - s2@group-6905249F38B1: inconsistency entries. Reply:s0<-s2#63:FAIL-t2,INCONSISTENCY,nextIndex=0,followerCommit=-1,matchIndex=-1
2022-10-13 10:40:53,839 [grpc-default-executor-4] INFO  leader.FollowerInfo (FollowerInfoImpl.java:lambda$new$0(48)) - s0@group-6905249F38B1->s2: nextIndex: updateUnconditionally 0 -> 0
2022-10-13 10:40:53,839 [s0@group-6905249F38B1->s2-GrpcLogAppender-LogAppenderDaemon] INFO  server.GrpcLogAppender (GrpcLogAppender.java:installSnapshot(633)) - s0@group-6905249F38B1->s2-GrpcLogAppender: followerNextIndex = 0 but logStartIndex = 255, notify follower to install snapshot-(t:2, i:255)
2022-10-13 10:40:53,839 [grpc-default-executor-4] INFO  impl.SnapshotInstallationHandler (SnapshotInstallationHandler.java:installSnapshot(89)) - s1@group-6905249F38B1: receive installSnapshot: s0->s1#0-t2,notify:(t:2, i:255)
2022-10-13 10:40:53,839 [s0@group-6905249F38B1->s2-GrpcLogAppender-LogAppenderDaemon] INFO  server.GrpcLogAppender (GrpcLogAppender.java:installSnapshot(641)) - s0@group-6905249F38B1->s2-GrpcLogAppender: send s0->s2#0-t2,notify:(t:2, i:255)
2022-10-13 10:40:53,839 [grpc-default-executor-4] INFO  impl.SnapshotInstallationHandler (SnapshotInstallationHandler.java:installSnapshot(100)) - s1@group-6905249F38B1: reply installSnapshot: s0<-s1#0:FAIL-t2,IN_PROGRESS
2022-10-13 10:40:53,840 [grpc-default-executor-4] INFO  server.GrpcServerProtocolService (GrpcServerProtocolService.java:onCompleted(143)) - s1: Completed INSTALL_SNAPSHOT, lastRequest: s0->s1#0-t2,notify:(t:2, i:255)
2022-10-13 10:40:53,840 [grpc-default-executor-4] INFO  server.GrpcLogAppender (GrpcLogAppender.java:onNext(492)) - s0@group-6905249F38B1->s1-InstallSnapshotResponseHandler: received a reply s0<-s1#0:FAIL-t2,IN_PROGRESS
2022-10-13 10:40:53,840 [grpc-default-executor-4] INFO  server.GrpcLogAppender (GrpcLogAppender.java:onNext(510)) - s0@group-6905249F38B1->s1-InstallSnapshotResponseHandler: InstallSnapshot in progress.
2022-10-13 10:40:53,841 [s1-server-thread1] INFO  server.RaftServer$Division (RaftServerImpl.java:checkInconsistentAppendEntries(1577)) - s1@group-6905249F38B1: Failed appendEntries as snapshot (255) installation is in progress
2022-10-13 10:40:53,841 [s1-server-thread1] INFO  server.RaftServer$Division (RaftServerImpl.java:checkInconsistentAppendEntries(1569)) - s1@group-6905249F38B1: inconsistency entries. Reply:s0<-s1#83:FAIL-t2,INCONSISTENCY,nextIndex=0,followerCommit=-1,matchIndex=-1
2022-10-13 10:40:53,841 [grpc-default-executor-4] INFO  leader.FollowerInfo (FollowerInfoImpl.java:lambda$new$0(48)) - s0@group-6905249F38B1->s1: nextIndex: updateUnconditionally 0 -> 0
2022-10-13 10:40:53,842 [s0@group-6905249F38B1->s1-GrpcLogAppender-LogAppenderDaemon] INFO  server.GrpcLogAppender (GrpcLogAppender.java:installSnapshot(633)) - s0@group-6905249F38B1->s1-GrpcLogAppender: followerNextIndex = 0 but logStartIndex = 255, notify follower to install snapshot-(t:2, i:255)
2022-10-13 10:40:53,842 [s0@group-6905249F38B1->s1-GrpcLogAppender-LogAppenderDaemon] INFO  server.GrpcLogAppender (GrpcLogAppender.java:installSnapshot(641)) - s0@group-6905249F38B1->s1-GrpcLogAppender: send s0->s1#0-t2,notify:(t:2, i:255)
2022-10-13 10:40:53,842 [grpc-default-executor-4] INFO  impl.SnapshotInstallationHandler (SnapshotInstallationHandler.java:installSnapshot(89)) - s2@group-6905249F38B1: receive installSnapshot: s0->s2#0-t2,notify:(t:2, i:255)
2022-10-13 10:40:53,842 [grpc-default-executor-4] INFO  impl.SnapshotInstallationHandler (SnapshotInstallationHandler.java:installSnapshot(100)) - s2@group-6905249F38B1: reply installSnapshot: s0<-s2#0:FAIL-t2,IN_PROGRESS
2022-10-13 10:40:53,844 [grpc-default-executor-4] INFO  server.GrpcServerProtocolService (GrpcServerProtocolService.java:onCompleted(143)) - s2: Completed INSTALL_SNAPSHOT, lastRequest: s0->s2#0-t2,notify:(t:2, i:255)
2022-10-13 10:40:53,844 [grpc-default-executor-4] INFO  server.GrpcLogAppender (GrpcLogAppender.java:onNext(492)) - s0@group-6905249F38B1->s2-InstallSnapshotResponseHandler: received a reply s0<-s2#0:FAIL-t2,IN_PROGRESS
2022-10-13 10:40:53,844 [grpc-default-executor-4] INFO  server.GrpcLogAppender (GrpcLogAppender.java:onNext(510)) - s0@group-6905249F38B1->s2-InstallSnapshotResponseHandler: InstallSnapshot in progress.
2022-10-13 10:40:53,844 [grpc-default-executor-4] INFO  impl.SnapshotInstallationHandler (SnapshotInstallationHandler.java:installSnapshot(89)) - s1@group-6905249F38B1: receive installSnapshot: s0->s1#0-t2,notify:(t:2, i:255)
2022-10-13 10:40:53,845 [grpc-default-executor-4] INFO  impl.SnapshotInstallationHandler (SnapshotInstallationHandler.java:installSnapshot(100)) - s1@group-6905249F38B1: reply installSnapshot: s0<-s1#0:FAIL-t2,IN_PROGRESS
2022-10-13 10:40:53,845 [grpc-default-executor-4] INFO  server.GrpcServerProtocolService (GrpcServerProtocolService.java:onCompleted(143)) - s1: Completed INSTALL_SNAPSHOT, lastRequest: s0->s1#0-t2,notify:(t:2, i:255)
2022-10-13 10:40:53,845 [grpc-default-executor-4] INFO  server.GrpcLogAppender (GrpcLogAppender.java:onNext(492)) - s0@group-6905249F38B1->s1-InstallSnapshotResponseHandler: received a reply s0<-s1#0:FAIL-t2,IN_PROGRESS
2022-10-13 10:40:53,845 [grpc-default-executor-4] INFO  server.GrpcLogAppender (GrpcLogAppender.java:onNext(510)) - s0@group-6905249F38B1->s1-InstallSnapshotResponseHandler: InstallSnapshot in progress.
2022-10-13 10:40:53,846 [s2-server-thread1] INFO  server.RaftServer$Division (RaftServerImpl.java:checkInconsistentAppendEntries(1577)) - s2@group-6905249F38B1: Failed appendEntries as snapshot (255) installation is in progress
2022-10-13 10:40:53,846 [s2-server-thread1] INFO  server.RaftServer$Division (RaftServerImpl.java:checkInconsistentAppendEntries(1569)) - s2@group-6905249F38B1: inconsistency entries. Reply:s0<-s2#64:FAIL-t2,INCONSISTENCY,nextIndex=0,followerCommit=-1,matchIndex=-1
2022-10-13 10:40:53,846 [s1-server-thread1] INFO  server.RaftServer$Division (RaftServerImpl.java:checkInconsistentAppendEntries(1577)) - s1@group-6905249F38B1: Failed appendEntries as snapshot (255) installation is in progress
2022-10-13 10:40:53,846 [s1-server-thread1] INFO  server.RaftServer$Division (RaftServerImpl.java:checkInconsistentAppendEntries(1569)) - s1@group-6905249F38B1: inconsistency entries. Reply:s0<-s1#84:FAIL-t2,INCONSISTENCY,nextIndex=0,followerCommit=-1,matchIndex=-1
2022-10-13 10:40:53,847 [grpc-default-executor-4] INFO  leader.FollowerInfo (FollowerInfoImpl.java:lambda$new$0(48)) - s0@group-6905249F38B1->s2: nextIndex: updateUnconditionally 0 -> 0
2022-10-13 10:40:53,847 [s0@group-6905249F38B1->s2-GrpcLogAppender-LogAppenderDaemon] INFO  server.GrpcLogAppender (GrpcLogAppender.java:installSnapshot(633)) - s0@group-6905249F38B1->s2-GrpcLogAppender: followerNextIndex = 0 but logStartIndex = 255, notify follower to install snapshot-(t:2, i:255)
2022-10-13 10:40:53,847 [grpc-default-executor-4] INFO  leader.FollowerInfo (FollowerInfoImpl.java:lambda$new$0(48)) - s0@group-6905249F38B1->s1: nextIndex: updateUnconditionally 0 -> 0
2022-10-13 10:40:53,847 [s0@group-6905249F38B1->s2-GrpcLogAppender-LogAppenderDaemon] INFO  server.GrpcLogAppender (GrpcLogAppender.java:installSnapshot(641)) - s0@group-6905249F38B1->s2-GrpcLogAppender: send s0->s2#0-t2,notify:(t:2, i:255)
2022-10-13 10:40:53,847 [s0@group-6905249F38B1->s1-GrpcLogAppender-LogAppenderDaemon] INFO  server.GrpcLogAppender (GrpcLogAppender.java:installSnapshot(633)) - s0@group-6905249F38B1->s1-GrpcLogAppender: followerNextIndex = 0 but logStartIndex = 255, notify follower to install snapshot-(t:2, i:255)
2022-10-13 10:40:53,847 [s0@group-6905249F38B1->s1-GrpcLogAppender-LogAppenderDaemon] INFO  server.GrpcLogAppender (GrpcLogAppender.java:installSnapshot(641)) - s0@group-6905249F38B1->s1-GrpcLogAppender: send s0->s1#0-t2,notify:(t:2, i:255)
2022-10-13 10:40:53,848 [grpc-default-executor-4] INFO  impl.SnapshotInstallationHandler (SnapshotInstallationHandler.java:installSnapshot(89)) - s1@group-6905249F38B1: receive installSnapshot: s0->s1#0-t2,notify:(t:2, i:255)
2022-10-13 10:40:53,848 [grpc-default-executor-4] INFO  impl.SnapshotInstallationHandler (SnapshotInstallationHandler.java:installSnapshot(100)) - s1@group-6905249F38B1: reply installSnapshot: s0<-s1#0:FAIL-t2,IN_PROGRESS
2022-10-13 10:40:53,849 [grpc-default-executor-4] INFO  server.GrpcServerProtocolService (GrpcServerProtocolService.java:onCompleted(143)) - s1: Completed INSTALL_SNAPSHOT, lastRequest: s0->s1#0-t2,notify:(t:2, i:255)
2022-10-13 10:40:53,849 [grpc-default-executor-4] INFO  impl.SnapshotInstallationHandler (SnapshotInstallationHandler.java:installSnapshot(89)) - s2@group-6905249F38B1: receive installSnapshot: s0->s2#0-t2,notify:(t:2, i:255)
2022-10-13 10:40:53,849 [grpc-default-executor-4] INFO  impl.SnapshotInstallationHandler (SnapshotInstallationHandler.java:installSnapshot(100)) - s2@group-6905249F38B1: reply installSnapshot: s0<-s2#0:FAIL-t2,IN_PROGRESS
2022-10-13 10:40:53,849 [grpc-default-executor-4] INFO  server.GrpcServerProtocolService (GrpcServerProtocolService.java:onCompleted(143)) - s2: Completed INSTALL_SNAPSHOT, lastRequest: s0->s2#0-t2,notify:(t:2, i:255)
2022-10-13 10:40:53,849 [grpc-default-executor-4] INFO  server.GrpcLogAppender (GrpcLogAppender.java:onNext(492)) - s0@group-6905249F38B1->s1-InstallSnapshotResponseHandler: received a reply s0<-s1#0:FAIL-t2,IN_PROGRESS
2022-10-13 10:40:53,849 [grpc-default-executor-4] INFO  server.GrpcLogAppender (GrpcLogAppender.java:onNext(510)) - s0@group-6905249F38B1->s1-InstallSnapshotResponseHandler: InstallSnapshot in progress.
2022-10-13 10:40:53,850 [s1-server-thread1] INFO  server.RaftServer$Division (RaftServerImpl.java:checkInconsistentAppendEntries(1577)) - s1@group-6905249F38B1: Failed appendEntries as snapshot (255) installation is in progress
2022-10-13 10:40:53,850 [s1-server-thread1] INFO  server.RaftServer$Division (RaftServerImpl.java:checkInconsistentAppendEntries(1569)) - s1@group-6905249F38B1: inconsistency entries. Reply:s0<-s1#85:FAIL-t2,INCONSISTENCY,nextIndex=0,followerCommit=-1,matchIndex=-1
2022-10-13 10:40:53,851 [grpc-default-executor-4] INFO  server.GrpcLogAppender (GrpcLogAppender.java:onNext(492)) - s0@group-6905249F38B1->s2-InstallSnapshotResponseHandler: received a reply s0<-s2#0:FAIL-t2,IN_PROGRESS
2022-10-13 10:40:53,851 [grpc-default-executor-4] INFO  server.GrpcLogAppender (GrpcLogAppender.java:onNext(510)) - s0@group-6905249F38B1->s2-InstallSnapshotResponseHandler: InstallSnapshot in progress.
2022-10-13 10:40:53,851 [grpc-default-executor-4] INFO  leader.FollowerInfo (FollowerInfoImpl.java:lambda$new$0(48)) - s0@group-6905249F38B1->s1: nextIndex: updateUnconditionally 0 -> 0
2022-10-13 10:40:53,851 [s0@group-6905249F38B1->s1-GrpcLogAppender-LogAppenderDaemon] INFO  server.GrpcLogAppender (GrpcLogAppender.java:installSnapshot(633)) - s0@group-6905249F38B1->s1-GrpcLogAppender: followerNextIndex = 0 but logStartIndex = 255, notify follower to install snapshot-(t:2, i:255)
2022-10-13 10:40:53,851 [s0@group-6905249F38B1->s1-GrpcLogAppender-LogAppenderDaemon] INFO  server.GrpcLogAppender (GrpcLogAppender.java:installSnapshot(641)) - s0@group-6905249F38B1->s1-GrpcLogAppender: send s0->s1#0-t2,notify:(t:2, i:255)
2022-10-13 10:40:53,853 [s2-server-thread1] INFO  server.RaftServer$Division (RaftServerImpl.java:checkInconsistentAppendEntries(1577)) - s2@group-6905249F38B1: Failed appendEntries as snapshot (255) installation is in progress
2022-10-13 10:40:53,853 [s2-server-thread1] INFO  server.RaftServer$Division (RaftServerImpl.java:checkInconsistentAppendEntries(1569)) - s2@group-6905249F38B1: inconsistency entries. Reply:s0<-s2#65:FAIL-t2,INCONSISTENCY,nextIndex=0,followerCommit=-1,matchIndex=-1
2022-10-13 10:40:53,853 [grpc-default-executor-4] INFO  leader.FollowerInfo (FollowerInfoImpl.java:lambda$new$0(48)) - s0@group-6905249F38B1->s2: nextIndex: updateUnconditionally 0 -> 0
2022-10-13 10:40:53,853 [s0@group-6905249F38B1->s2-GrpcLogAppender-LogAppenderDaemon] INFO  server.GrpcLogAppender (GrpcLogAppender.java:installSnapshot(633)) - s0@group-6905249F38B1->s2-GrpcLogAppender: followerNextIndex = 0 but logStartIndex = 255, notify follower to install snapshot-(t:2, i:255)
2022-10-13 10:40:53,854 [grpc-default-executor-4] INFO  impl.SnapshotInstallationHandler (SnapshotInstallationHandler.java:installSnapshot(89)) - s1@group-6905249F38B1: receive installSnapshot: s0->s1#0-t2,notify:(t:2, i:255)
2022-10-13 10:40:53,854 [s0@group-6905249F38B1->s2-GrpcLogAppender-LogAppenderDaemon] INFO  server.GrpcLogAppender (GrpcLogAppender.java:installSnapshot(641)) - s0@group-6905249F38B1->s2-GrpcLogAppender: send s0->s2#0-t2,notify:(t:2, i:255)
2022-10-13 10:40:53,854 [grpc-default-executor-4] INFO  impl.SnapshotInstallationHandler (SnapshotInstallationHandler.java:installSnapshot(100)) - s1@group-6905249F38B1: reply installSnapshot: s0<-s1#0:FAIL-t2,IN_PROGRESS
2022-10-13 10:40:53,854 [grpc-default-executor-4] INFO  server.GrpcServerProtocolService (GrpcServerProtocolService.java:onCompleted(143)) - s1: Completed INSTALL_SNAPSHOT, lastRequest: s0->s1#0-t2,notify:(t:2, i:255)
2022-10-13 10:40:53,854 [grpc-default-executor-4] INFO  server.GrpcLogAppender (GrpcLogAppender.java:onNext(492)) - s0@group-6905249F38B1->s1-InstallSnapshotResponseHandler: received a reply s0<-s1#0:FAIL-t2,IN_PROGRESS
2022-10-13 10:40:53,854 [grpc-default-executor-4] INFO  server.GrpcLogAppender (GrpcLogAppender.java:onNext(510)) - s0@group-6905249F38B1->s1-InstallSnapshotResponseHandler: InstallSnapshot in progress.
2022-10-13 10:40:53,855 [s1-server-thread1] INFO  server.RaftServer$Division (RaftServerImpl.java:checkInconsistentAppendEntries(1577)) - s1@group-6905249F38B1: Failed appendEntries as snapshot (255) installation is in progress
2022-10-13 10:40:53,855 [s1-server-thread1] INFO  server.RaftServer$Division (RaftServerImpl.java:checkInconsistentAppendEntries(1569)) - s1@group-6905249F38B1: inconsistency entries. Reply:s0<-s1#86:FAIL-t2,INCONSISTENCY,nextIndex=0,followerCommit=-1,matchIndex=-1
2022-10-13 10:40:53,855 [grpc-default-executor-4] INFO  impl.SnapshotInstallationHandler (SnapshotInstallationHandler.java:installSnapshot(89)) - s2@group-6905249F38B1: receive installSnapshot: s0->s2#0-t2,notify:(t:2, i:255)
2022-10-13 10:40:53,855 [grpc-default-executor-4] INFO  impl.SnapshotInstallationHandler (SnapshotInstallationHandler.java:installSnapshot(100)) - s2@group-6905249F38B1: reply installSnapshot: s0<-s2#0:FAIL-t2,IN_PROGRESS
2022-10-13 10:40:53,856 [grpc-default-executor-0] INFO  leader.FollowerInfo (FollowerInfoImpl.java:lambda$new$0(48)) - s0@group-6905249F38B1->s1: nextIndex: updateUnconditionally 0 -> 0
2022-10-13 10:40:53,856 [grpc-default-executor-4] INFO  server.GrpcServerProtocolService (GrpcServerProtocolService.java:onCompleted(143)) - s2: Completed INSTALL_SNAPSHOT, lastRequest: s0->s2#0-t2,notify:(t:2, i:255)
2022-10-13 10:40:53,856 [s0@group-6905249F38B1->s1-GrpcLogAppender-LogAppenderDaemon] INFO  server.GrpcLogAppender (GrpcLogAppender.java:installSnapshot(633)) - s0@group-6905249F38B1->s1-GrpcLogAppender: followerNextIndex = 0 but logStartIndex = 255, notify follower to install snapshot-(t:2, i:255)
2022-10-13 10:40:53,856 [s0@group-6905249F38B1->s1-GrpcLogAppender-LogAppenderDaemon] INFO  server.GrpcLogAppender (GrpcLogAppender.java:installSnapshot(641)) - s0@group-6905249F38B1->s1-GrpcLogAppender: send s0->s1#0-t2,notify:(t:2, i:255)
2022-10-13 10:40:53,857 [grpc-default-executor-4] INFO  server.GrpcLogAppender (GrpcLogAppender.java:onNext(492)) - s0@group-6905249F38B1->s2-InstallSnapshotResponseHandler: received a reply s0<-s2#0:FAIL-t2,IN_PROGRESS
2022-10-13 10:40:53,857 [grpc-default-executor-4] INFO  server.GrpcLogAppender (GrpcLogAppender.java:onNext(510)) - s0@group-6905249F38B1->s2-InstallSnapshotResponseHandler: InstallSnapshot in progress.
2022-10-13 10:40:53,857 [grpc-default-executor-0] INFO  impl.SnapshotInstallationHandler (SnapshotInstallationHandler.java:installSnapshot(89)) - s1@group-6905249F38B1: receive installSnapshot: s0->s1#0-t2,notify:(t:2, i:255)
2022-10-13 10:40:53,857 [grpc-default-executor-0] INFO  impl.SnapshotInstallationHandler (SnapshotInstallationHandler.java:installSnapshot(100)) - s1@group-6905249F38B1: reply installSnapshot: s0<-s1#0:FAIL-t2,IN_PROGRESS
2022-10-13 10:40:53,857 [grpc-default-executor-0] INFO  server.GrpcServerProtocolService (GrpcServerProtocolService.java:onCompleted(143)) - s1: Completed INSTALL_SNAPSHOT, lastRequest: s0->s1#0-t2,notify:(t:2, i:255)
2022-10-13 10:40:53,858 [grpc-default-executor-0] INFO  server.GrpcLogAppender (GrpcLogAppender.java:onNext(492)) - s0@group-6905249F38B1->s1-InstallSnapshotResponseHandler: received a reply s0<-s1#0:FAIL-t2,IN_PROGRESS
2022-10-13 10:40:53,858 [grpc-default-executor-0] INFO  server.GrpcLogAppender (GrpcLogAppender.java:onNext(510)) - s0@group-6905249F38B1->s1-InstallSnapshotResponseHandler: InstallSnapshot in progress.
2022-10-13 10:40:53,858 [s2-server-thread1] INFO  server.RaftServer$Division (RaftServerImpl.java:checkInconsistentAppendEntries(1577)) - s2@group-6905249F38B1: Failed appendEntries as snapshot (255) installation is in progress
2022-10-13 10:40:53,858 [s2-server-thread1] INFO  server.RaftServer$Division (RaftServerImpl.java:checkInconsistentAppendEntries(1569)) - s2@group-6905249F38B1: inconsistency entries. Reply:s0<-s2#66:FAIL-t2,INCONSISTENCY,nextIndex=0,followerCommit=-1,matchIndex=-1
2022-10-13 10:40:53,858 [s1-server-thread1] INFO  server.RaftServer$Division (RaftServerImpl.java:checkInconsistentAppendEntries(1577)) - s1@group-6905249F38B1: Failed appendEntries as snapshot (255) installation is in progress
2022-10-13 10:40:53,859 [grpc-default-executor-0] INFO  leader.FollowerInfo (FollowerInfoImpl.java:lambda$new$0(48)) - s0@group-6905249F38B1->s2: nextIndex: updateUnconditionally 0 -> 0
2022-10-13 10:40:53,859 [s0@group-6905249F38B1->s2-GrpcLogAppender-LogAppenderDaemon] INFO  server.GrpcLogAppender (GrpcLogAppender.java:installSnapshot(633)) - s0@group-6905249F38B1->s2-GrpcLogAppender: followerNextIndex = 0 but logStartIndex = 255, notify follower to install snapshot-(t:2, i:255)
2022-10-13 10:40:53,859 [s0@group-6905249F38B1->s2-GrpcLogAppender-LogAppenderDaemon] INFO  server.GrpcLogAppender (GrpcLogAppender.java:installSnapshot(641)) - s0@group-6905249F38B1->s2-GrpcLogAppender: send s0->s2#0-t2,notify:(t:2, i:255)
2022-10-13 10:40:53,859 [s1-server-thread1] INFO  server.RaftServer$Division (RaftServerImpl.java:checkInconsistentAppendEntries(1569)) - s1@group-6905249F38B1: inconsistency entries. Reply:s0<-s1#87:FAIL-t2,INCONSISTENCY,nextIndex=0,followerCommit=-1,matchIndex=-1
2022-10-13 10:40:53,859 [grpc-default-executor-4] INFO  leader.FollowerInfo (FollowerInfoImpl.java:lambda$new$0(48)) - s0@group-6905249F38B1->s1: nextIndex: updateUnconditionally 0 -> 0
2022-10-13 10:40:53,859 [grpc-default-executor-0] INFO  impl.SnapshotInstallationHandler (SnapshotInstallationHandler.java:installSnapshot(89)) - s2@group-6905249F38B1: receive installSnapshot: s0->s2#0-t2,notify:(t:2, i:255)
2022-10-13 10:40:53,860 [grpc-default-executor-0] INFO  impl.SnapshotInstallationHandler (SnapshotInstallationHandler.java:installSnapshot(100)) - s2@group-6905249F38B1: reply installSnapshot: s0<-s2#0:FAIL-t2,IN_PROGRESS
2022-10-13 10:40:53,860 [s0@group-6905249F38B1->s1-GrpcLogAppender-LogAppenderDaemon] INFO  server.GrpcLogAppender (GrpcLogAppender.java:installSnapshot(633)) - s0@group-6905249F38B1->s1-GrpcLogAppender: followerNextIndex = 0 but logStartIndex = 255, notify follower to install snapshot-(t:2, i:255)
2022-10-13 10:40:53,860 [s0@group-6905249F38B1->s1-GrpcLogAppender-LogAppenderDaemon] INFO  server.GrpcLogAppender (GrpcLogAppender.java:installSnapshot(641)) - s0@group-6905249F38B1->s1-GrpcLogAppender: send s0->s1#0-t2,notify:(t:2, i:255)
2022-10-13 10:40:53,860 [grpc-default-executor-0] INFO  server.GrpcServerProtocolService (GrpcServerProtocolService.java:onCompleted(143)) - s2: Completed INSTALL_SNAPSHOT, lastRequest: s0->s2#0-t2,notify:(t:2, i:255)
2022-10-13 10:40:53,861 [grpc-default-executor-0] INFO  server.GrpcLogAppender (GrpcLogAppender.java:onNext(492)) - s0@group-6905249F38B1->s2-InstallSnapshotResponseHandler: received a reply s0<-s2#0:FAIL-t2,IN_PROGRESS
2022-10-13 10:40:53,861 [grpc-default-executor-0] INFO  server.GrpcLogAppender (GrpcLogAppender.java:onNext(510)) - s0@group-6905249F38B1->s2-InstallSnapshotResponseHandler: InstallSnapshot in progress.
2022-10-13 10:40:53,861 [grpc-default-executor-0] INFO  impl.SnapshotInstallationHandler (SnapshotInstallationHandler.java:installSnapshot(89)) - s1@group-6905249F38B1: receive installSnapshot: s0->s1#0-t2,notify:(t:2, i:255)
2022-10-13 10:40:53,861 [grpc-default-executor-0] INFO  impl.SnapshotInstallationHandler (SnapshotInstallationHandler.java:installSnapshot(100)) - s1@group-6905249F38B1: reply installSnapshot: s0<-s1#0:FAIL-t2,IN_PROGRESS
2022-10-13 10:40:53,861 [grpc-default-executor-0] INFO  server.GrpcServerProtocolService (GrpcServerProtocolService.java:onCompleted(143)) - s1: Completed INSTALL_SNAPSHOT, lastRequest: s0->s1#0-t2,notify:(t:2, i:255)
2022-10-13 10:40:53,862 [grpc-default-executor-0] INFO  server.GrpcLogAppender (GrpcLogAppender.java:onNext(492)) - s0@group-6905249F38B1->s1-InstallSnapshotResponseHandler: received a reply s0<-s1#0:FAIL-t2,IN_PROGRESS
2022-10-13 10:40:53,862 [grpc-default-executor-0] INFO  server.GrpcLogAppender (GrpcLogAppender.java:onNext(510)) - s0@group-6905249F38B1->s1-InstallSnapshotResponseHandler: InstallSnapshot in progress.
2022-10-13 10:40:53,862 [s2-server-thread1] INFO  server.RaftServer$Division (RaftServerImpl.java:checkInconsistentAppendEntries(1577)) - s2@group-6905249F38B1: Failed appendEntries as snapshot (255) installation is in progress
2022-10-13 10:40:53,862 [s2-server-thread1] INFO  server.RaftServer$Division (RaftServerImpl.java:checkInconsistentAppendEntries(1569)) - s2@group-6905249F38B1: inconsistency entries. Reply:s0<-s2#67:FAIL-t2,INCONSISTENCY,nextIndex=0,followerCommit=-1,matchIndex=-1
2022-10-13 10:40:53,863 [s1-server-thread1] INFO  server.RaftServer$Division (RaftServerImpl.java:checkInconsistentAppendEntries(1577)) - s1@group-6905249F38B1: Failed appendEntries as snapshot (255) installation is in progress
2022-10-13 10:40:53,863 [s1-server-thread1] INFO  server.RaftServer$Division (RaftServerImpl.java:checkInconsistentAppendEntries(1569)) - s1@group-6905249F38B1: inconsistency entries. Reply:s0<-s1#88:FAIL-t2,INCONSISTENCY,nextIndex=0,followerCommit=-1,matchIndex=-1
2022-10-13 10:40:53,863 [grpc-default-executor-4] INFO  leader.FollowerInfo (FollowerInfoImpl.java:lambda$new$0(48)) - s0@group-6905249F38B1->s1: nextIndex: updateUnconditionally 0 -> 0
2022-10-13 10:40:53,863 [grpc-default-executor-0] INFO  leader.FollowerInfo (FollowerInfoImpl.java:lambda$new$0(48)) - s0@group-6905249F38B1->s2: nextIndex: updateUnconditionally 0 -> 0
2022-10-13 10:40:53,863 [s0@group-6905249F38B1->s2-GrpcLogAppender-LogAppenderDaemon] INFO  server.GrpcLogAppender (GrpcLogAppender.java:installSnapshot(633)) - s0@group-6905249F38B1->s2-GrpcLogAppender: followerNextIndex = 0 but logStartIndex = 255, notify follower to install snapshot-(t:2, i:255)
2022-10-13 10:40:53,863 [s0@group-6905249F38B1->s1-GrpcLogAppender-LogAppenderDaemon] INFO  server.GrpcLogAppender (GrpcLogAppender.java:installSnapshot(633)) - s0@group-6905249F38B1->s1-GrpcLogAppender: followerNextIndex = 0 but logStartIndex = 255, notify follower to install snapshot-(t:2, i:255)
2022-10-13 10:40:53,863 [s0@group-6905249F38B1->s2-GrpcLogAppender-LogAppenderDaemon] INFO  server.GrpcLogAppender (GrpcLogAppender.java:installSnapshot(641)) - s0@group-6905249F38B1->s2-GrpcLogAppender: send s0->s2#0-t2,notify:(t:2, i:255)
2022-10-13 10:40:53,864 [s0@group-6905249F38B1->s1-GrpcLogAppender-LogAppenderDaemon] INFO  server.GrpcLogAppender (GrpcLogAppender.java:installSnapshot(641)) - s0@group-6905249F38B1->s1-GrpcLogAppender: send s0->s1#0-t2,notify:(t:2, i:255)
2022-10-13 10:40:53,865 [grpc-default-executor-0] INFO  impl.SnapshotInstallationHandler (SnapshotInstallationHandler.java:installSnapshot(89)) - s2@group-6905249F38B1: receive installSnapshot: s0->s2#0-t2,notify:(t:2, i:255)
2022-10-13 10:40:53,865 [grpc-default-executor-0] INFO  impl.SnapshotInstallationHandler (SnapshotInstallationHandler.java:installSnapshot(100)) - s2@group-6905249F38B1: reply installSnapshot: s0<-s2#0:FAIL-t2,IN_PROGRESS
2022-10-13 10:40:53,865 [grpc-default-executor-4] INFO  impl.SnapshotInstallationHandler (SnapshotInstallationHandler.java:installSnapshot(89)) - s1@group-6905249F38B1: receive installSnapshot: s0->s1#0-t2,notify:(t:2, i:255)
2022-10-13 10:40:53,865 [grpc-default-executor-0] INFO  server.GrpcServerProtocolService (GrpcServerProtocolService.java:onCompleted(143)) - s2: Completed INSTALL_SNAPSHOT, lastRequest: s0->s2#0-t2,notify:(t:2, i:255)
2022-10-13 10:40:53,865 [grpc-default-executor-4] INFO  impl.SnapshotInstallationHandler (SnapshotInstallationHandler.java:installSnapshot(100)) - s1@group-6905249F38B1: reply installSnapshot: s0<-s1#0:FAIL-t2,IN_PROGRESS
2022-10-13 10:40:53,865 [grpc-default-executor-0] INFO  server.GrpcLogAppender (GrpcLogAppender.java:onNext(492)) - s0@group-6905249F38B1->s2-InstallSnapshotResponseHandler: received a reply s0<-s2#0:FAIL-t2,IN_PROGRESS
2022-10-13 10:40:53,865 [grpc-default-executor-0] INFO  server.GrpcLogAppender (GrpcLogAppender.java:onNext(510)) - s0@group-6905249F38B1->s2-InstallSnapshotResponseHandler: InstallSnapshot in progress.
2022-10-13 10:40:53,865 [grpc-default-executor-4] INFO  server.GrpcServerProtocolService (GrpcServerProtocolService.java:onCompleted(143)) - s1: Completed INSTALL_SNAPSHOT, lastRequest: s0->s1#0-t2,notify:(t:2, i:255)
2022-10-13 10:40:53,866 [grpc-default-executor-4] INFO  server.GrpcLogAppender (GrpcLogAppender.java:onNext(492)) - s0@group-6905249F38B1->s1-InstallSnapshotResponseHandler: received a reply s0<-s1#0:FAIL-t2,IN_PROGRESS
2022-10-13 10:40:53,866 [grpc-default-executor-4] INFO  server.GrpcLogAppender (GrpcLogAppender.java:onNext(510)) - s0@group-6905249F38B1->s1-InstallSnapshotResponseHandler: InstallSnapshot in progress.
2022-10-13 10:40:53,868 [s2-server-thread1] INFO  server.RaftServer$Division (RaftServerImpl.java:checkInconsistentAppendEntries(1577)) - s2@group-6905249F38B1: Failed appendEntries as snapshot (255) installation is in progress
2022-10-13 10:40:53,868 [s2-server-thread1] INFO  server.RaftServer$Division (RaftServerImpl.java:checkInconsistentAppendEntries(1569)) - s2@group-6905249F38B1: inconsistency entries. Reply:s0<-s2#68:FAIL-t2,INCONSISTENCY,nextIndex=0,followerCommit=-1,matchIndex=-1
2022-10-13 10:40:53,868 [s1-server-thread1] INFO  server.RaftServer$Division (RaftServerImpl.java:checkInconsistentAppendEntries(1577)) - s1@group-6905249F38B1: Failed appendEntries as snapshot (255) installation is in progress
2022-10-13 10:40:53,869 [s1-server-thread1] INFO  server.RaftServer$Division (RaftServerImpl.java:checkInconsistentAppendEntries(1569)) - s1@group-6905249F38B1: inconsistency entries. Reply:s0<-s1#89:FAIL-t2,INCONSISTENCY,nextIndex=0,followerCommit=-1,matchIndex=-1
2022-10-13 10:40:53,871 [grpc-default-executor-0] INFO  leader.FollowerInfo (FollowerInfoImpl.java:lambda$new$0(48)) - s0@group-6905249F38B1->s1: nextIndex: updateUnconditionally 0 -> 0
2022-10-13 10:40:53,871 [s0@group-6905249F38B1->s1-GrpcLogAppender-LogAppenderDaemon] INFO  server.GrpcLogAppender (GrpcLogAppender.java:installSnapshot(633)) - s0@group-6905249F38B1->s1-GrpcLogAppender: followerNextIndex = 0 but logStartIndex = 255, notify follower to install snapshot-(t:2, i:255)
2022-10-13 10:40:53,871 [s0@group-6905249F38B1->s1-GrpcLogAppender-LogAppenderDaemon] INFO  server.GrpcLogAppender (GrpcLogAppender.java:installSnapshot(641)) - s0@group-6905249F38B1->s1-GrpcLogAppender: send s0->s1#0-t2,notify:(t:2, i:255)
2022-10-13 10:40:53,871 [grpc-default-executor-0] INFO  leader.FollowerInfo (FollowerInfoImpl.java:lambda$new$0(48)) - s0@group-6905249F38B1->s2: nextIndex: updateUnconditionally 0 -> 0
2022-10-13 10:40:53,872 [s0@group-6905249F38B1->s2-GrpcLogAppender-LogAppenderDaemon] INFO  server.GrpcLogAppender (GrpcLogAppender.java:installSnapshot(633)) - s0@group-6905249F38B1->s2-GrpcLogAppender: followerNextIndex = 0 but logStartIndex = 255, notify follower to install snapshot-(t:2, i:255)
2022-10-13 10:40:53,872 [s0@group-6905249F38B1->s2-GrpcLogAppender-LogAppenderDaemon] INFO  server.GrpcLogAppender (GrpcLogAppender.java:installSnapshot(641)) - s0@group-6905249F38B1->s2-GrpcLogAppender: send s0->s2#0-t2,notify:(t:2, i:255)
2022-10-13 10:40:53,872 [grpc-default-executor-0] INFO  impl.SnapshotInstallationHandler (SnapshotInstallationHandler.java:installSnapshot(89)) - s1@group-6905249F38B1: receive installSnapshot: s0->s1#0-t2,notify:(t:2, i:255)
2022-10-13 10:40:53,872 [grpc-default-executor-0] INFO  impl.SnapshotInstallationHandler (SnapshotInstallationHandler.java:installSnapshot(100)) - s1@group-6905249F38B1: reply installSnapshot: s0<-s1#0:FAIL-t2,IN_PROGRESS
2022-10-13 10:40:53,875 [grpc-default-executor-4] INFO  server.GrpcLogAppender (GrpcLogAppender.java:onNext(492)) - s0@group-6905249F38B1->s1-InstallSnapshotResponseHandler: received a reply s0<-s1#0:FAIL-t2,IN_PROGRESS
2022-10-13 10:40:53,875 [grpc-default-executor-0] INFO  server.GrpcServerProtocolService (GrpcServerProtocolService.java:onCompleted(143)) - s1: Completed INSTALL_SNAPSHOT, lastRequest: s0->s1#0-t2,notify:(t:2, i:255)
2022-10-13 10:40:53,875 [grpc-default-executor-4] INFO  server.GrpcLogAppender (GrpcLogAppender.java:onNext(510)) - s0@group-6905249F38B1->s1-InstallSnapshotResponseHandler: InstallSnapshot in progress.
2022-10-13 10:40:53,876 [grpc-default-executor-0] INFO  impl.SnapshotInstallationHandler (SnapshotInstallationHandler.java:installSnapshot(89)) - s2@group-6905249F38B1: receive installSnapshot: s0->s2#0-t2,notify:(t:2, i:255)
2022-10-13 10:40:53,876 [s1-server-thread1] INFO  server.RaftServer$Division (RaftServerImpl.java:checkInconsistentAppendEntries(1577)) - s1@group-6905249F38B1: Failed appendEntries as snapshot (255) installation is in progress
2022-10-13 10:40:53,876 [s1-server-thread1] INFO  server.RaftServer$Division (RaftServerImpl.java:checkInconsistentAppendEntries(1569)) - s1@group-6905249F38B1: inconsistency entries. Reply:s0<-s1#90:FAIL-t2,INCONSISTENCY,nextIndex=0,followerCommit=-1,matchIndex=-1
2022-10-13 10:40:53,876 [grpc-default-executor-0] INFO  impl.SnapshotInstallationHandler (SnapshotInstallationHandler.java:installSnapshot(100)) - s2@group-6905249F38B1: reply installSnapshot: s0<-s2#0:FAIL-t2,IN_PROGRESS
2022-10-13 10:40:53,877 [grpc-default-executor-4] INFO  leader.FollowerInfo (FollowerInfoImpl.java:lambda$new$0(48)) - s0@group-6905249F38B1->s1: nextIndex: updateUnconditionally 0 -> 0
2022-10-13 10:40:53,877 [s0@group-6905249F38B1->s1-GrpcLogAppender-LogAppenderDaemon] INFO  server.GrpcLogAppender (GrpcLogAppender.java:installSnapshot(633)) - s0@group-6905249F38B1->s1-GrpcLogAppender: followerNextIndex = 0 but logStartIndex = 255, notify follower to install snapshot-(t:2, i:255)
2022-10-13 10:40:53,877 [s0@group-6905249F38B1->s1-GrpcLogAppender-LogAppenderDaemon] INFO  server.GrpcLogAppender (GrpcLogAppender.java:installSnapshot(641)) - s0@group-6905249F38B1->s1-GrpcLogAppender: send s0->s1#0-t2,notify:(t:2, i:255)
2022-10-13 10:40:53,877 [grpc-default-executor-0] INFO  server.GrpcServerProtocolService (GrpcServerProtocolService.java:onCompleted(143)) - s2: Completed INSTALL_SNAPSHOT, lastRequest: s0->s2#0-t2,notify:(t:2, i:255)
2022-10-13 10:40:53,878 [grpc-default-executor-0] INFO  server.GrpcLogAppender (GrpcLogAppender.java:onNext(492)) - s0@group-6905249F38B1->s2-InstallSnapshotResponseHandler: received a reply s0<-s2#0:FAIL-t2,IN_PROGRESS
2022-10-13 10:40:53,878 [grpc-default-executor-0] INFO  server.GrpcLogAppender (GrpcLogAppender.java:onNext(510)) - s0@group-6905249F38B1->s2-InstallSnapshotResponseHandler: InstallSnapshot in progress.
2022-10-13 10:40:53,878 [grpc-default-executor-4] INFO  impl.SnapshotInstallationHandler (SnapshotInstallationHandler.java:installSnapshot(89)) - s1@group-6905249F38B1: receive installSnapshot: s0->s1#0-t2,notify:(t:2, i:255)
2022-10-13 10:40:53,878 [grpc-default-executor-4] INFO  impl.SnapshotInstallationHandler (SnapshotInstallationHandler.java:installSnapshot(100)) - s1@group-6905249F38B1: reply installSnapshot: s0<-s1#0:FAIL-t2,IN_PROGRESS
2022-10-13 10:40:53,878 [grpc-default-executor-4] INFO  server.GrpcServerProtocolService (GrpcServerProtocolService.java:onCompleted(143)) - s1: Completed INSTALL_SNAPSHOT, lastRequest: s0->s1#0-t2,notify:(t:2, i:255)
2022-10-13 10:40:53,882 [grpc-default-executor-3] INFO  server.GrpcLogAppender (GrpcLogAppender.java:onNext(492)) - s0@group-6905249F38B1->s1-InstallSnapshotResponseHandler: received a reply s0<-s1#0:FAIL-t2,IN_PROGRESS
2022-10-13 10:40:53,882 [grpc-default-executor-3] INFO  server.GrpcLogAppender (GrpcLogAppender.java:onNext(510)) - s0@group-6905249F38B1->s1-InstallSnapshotResponseHandler: InstallSnapshot in progress.
2022-10-13 10:40:53,882 [s2-server-thread1] INFO  server.RaftServer$Division (RaftServerImpl.java:checkInconsistentAppendEntries(1577)) - s2@group-6905249F38B1: Failed appendEntries as snapshot (255) installation is in progress
2022-10-13 10:40:53,882 [s2-server-thread1] INFO  server.RaftServer$Division (RaftServerImpl.java:checkInconsistentAppendEntries(1569)) - s2@group-6905249F38B1: inconsistency entries. Reply:s0<-s2#69:FAIL-t2,INCONSISTENCY,nextIndex=0,followerCommit=-1,matchIndex=-1
2022-10-13 10:40:53,882 [grpc-default-executor-0] INFO  leader.FollowerInfo (FollowerInfoImpl.java:lambda$new$0(48)) - s0@group-6905249F38B1->s2: nextIndex: updateUnconditionally 0 -> 0
2022-10-13 10:40:53,883 [s0@group-6905249F38B1->s2-GrpcLogAppender-LogAppenderDaemon] INFO  server.GrpcLogAppender (GrpcLogAppender.java:installSnapshot(633)) - s0@group-6905249F38B1->s2-GrpcLogAppender: followerNextIndex = 0 but logStartIndex = 255, notify follower to install snapshot-(t:2, i:255)
2022-10-13 10:40:53,883 [s0@group-6905249F38B1->s2-GrpcLogAppender-LogAppenderDaemon] INFO  server.GrpcLogAppender (GrpcLogAppender.java:installSnapshot(641)) - s0@group-6905249F38B1->s2-GrpcLogAppender: send s0->s2#0-t2,notify:(t:2, i:255)
2022-10-13 10:40:53,891 [s1-server-thread1] INFO  server.RaftServer$Division (RaftServerImpl.java:checkInconsistentAppendEntries(1577)) - s1@group-6905249F38B1: Failed appendEntries as snapshot (255) installation is in progress
2022-10-13 10:40:53,891 [s1-server-thread1] INFO  server.RaftServer$Division (RaftServerImpl.java:checkInconsistentAppendEntries(1569)) - s1@group-6905249F38B1: inconsistency entries. Reply:s0<-s1#91:FAIL-t2,INCONSISTENCY,nextIndex=0,followerCommit=-1,matchIndex=-1
2022-10-13 10:40:53,892 [s0@group-6905249F38B1->s1-GrpcLogAppender-LogAppenderDaemon] INFO  server.GrpcLogAppender (GrpcLogAppender.java:installSnapshot(633)) - s0@group-6905249F38B1->s1-GrpcLogAppender: followerNextIndex = 0 but logStartIndex = 255, notify follower to install snapshot-(t:2, i:255)
2022-10-13 10:40:53,892 [s0@group-6905249F38B1->s1-GrpcLogAppender-LogAppenderDaemon] INFO  server.GrpcLogAppender (GrpcLogAppender.java:installSnapshot(641)) - s0@group-6905249F38B1->s1-GrpcLogAppender: send s0->s1#0-t2,notify:(t:2, i:255)
2022-10-13 10:40:53,893 [grpc-default-executor-0] INFO  leader.FollowerInfo (FollowerInfoImpl.java:lambda$new$0(48)) - s0@group-6905249F38B1->s1: nextIndex: updateUnconditionally 0 -> 0
2022-10-13 10:40:53,894 [grpc-default-executor-3] INFO  impl.SnapshotInstallationHandler (SnapshotInstallationHandler.java:installSnapshot(89)) - s1@group-6905249F38B1: receive installSnapshot: s0->s1#0-t2,notify:(t:2, i:255)
2022-10-13 10:40:53,894 [grpc-default-executor-3] INFO  impl.SnapshotInstallationHandler (SnapshotInstallationHandler.java:installSnapshot(100)) - s1@group-6905249F38B1: reply installSnapshot: s0<-s1#0:FAIL-t2,IN_PROGRESS
2022-10-13 10:40:53,895 [grpc-default-executor-3] INFO  server.GrpcServerProtocolService (GrpcServerProtocolService.java:onCompleted(143)) - s1: Completed INSTALL_SNAPSHOT, lastRequest: s0->s1#0-t2,notify:(t:2, i:255)
2022-10-13 10:40:53,895 [grpc-default-executor-3] INFO  impl.SnapshotInstallationHandler (SnapshotInstallationHandler.java:installSnapshot(89)) - s2@group-6905249F38B1: receive installSnapshot: s0->s2#0-t2,notify:(t:2, i:255)
2022-10-13 10:40:53,895 [grpc-default-executor-3] INFO  impl.SnapshotInstallationHandler (SnapshotInstallationHandler.java:installSnapshot(100)) - s2@group-6905249F38B1: reply installSnapshot: s0<-s2#0:FAIL-t2,IN_PROGRESS
2022-10-13 10:40:53,895 [grpc-default-executor-3] INFO  server.GrpcServerProtocolService (GrpcServerProtocolService.java:onCompleted(143)) - s2: Completed INSTALL_SNAPSHOT, lastRequest: s0->s2#0-t2,notify:(t:2, i:255)
2022-10-13 10:40:53,896 [grpc-default-executor-3] INFO  server.GrpcLogAppender (GrpcLogAppender.java:onNext(492)) - s0@group-6905249F38B1->s1-InstallSnapshotResponseHandler: received a reply s0<-s1#0:FAIL-t2,IN_PROGRESS
2022-10-13 10:40:53,896 [grpc-default-executor-3] INFO  server.GrpcLogAppender (GrpcLogAppender.java:onNext(510)) - s0@group-6905249F38B1->s1-InstallSnapshotResponseHandler: InstallSnapshot in progress.
2022-10-13 10:40:53,900 [s1-server-thread1] INFO  server.RaftServer$Division (RaftServerImpl.java:checkInconsistentAppendEntries(1577)) - s1@group-6905249F38B1: Failed appendEntries as snapshot (255) installation is in progress
2022-10-13 10:40:53,900 [s1-server-thread1] INFO  server.RaftServer$Division (RaftServerImpl.java:checkInconsistentAppendEntries(1569)) - s1@group-6905249F38B1: inconsistency entries. Reply:s0<-s1#92:FAIL-t2,INCONSISTENCY,nextIndex=0,followerCommit=-1,matchIndex=-1
2022-10-13 10:40:53,900 [grpc-default-executor-0] INFO  server.GrpcLogAppender (GrpcLogAppender.java:onNext(492)) - s0@group-6905249F38B1->s2-InstallSnapshotResponseHandler: received a reply s0<-s2#0:FAIL-t2,IN_PROGRESS
2022-10-13 10:40:53,900 [grpc-default-executor-0] INFO  server.GrpcLogAppender (GrpcLogAppender.java:onNext(510)) - s0@group-6905249F38B1->s2-InstallSnapshotResponseHandler: InstallSnapshot in progress.
2022-10-13 10:40:53,901 [grpc-default-executor-0] INFO  leader.FollowerInfo (FollowerInfoImpl.java:lambda$new$0(48)) - s0@group-6905249F38B1->s1: nextIndex: updateUnconditionally 0 -> 0
2022-10-13 10:40:53,901 [s2-server-thread1] INFO  server.RaftServer$Division (RaftServerImpl.java:checkInconsistentAppendEntries(1577)) - s2@group-6905249F38B1: Failed appendEntries as snapshot (255) installation is in progress
2022-10-13 10:40:53,901 [s0@group-6905249F38B1->s1-GrpcLogAppender-LogAppenderDaemon] INFO  server.GrpcLogAppender (GrpcLogAppender.java:installSnapshot(633)) - s0@group-6905249F38B1->s1-GrpcLogAppender: followerNextIndex = 0 but logStartIndex = 255, notify follower to install snapshot-(t:2, i:255)
2022-10-13 10:40:53,901 [s2-server-thread1] INFO  server.RaftServer$Division (RaftServerImpl.java:checkInconsistentAppendEntries(1569)) - s2@group-6905249F38B1: inconsistency entries. Reply:s0<-s2#70:FAIL-t2,INCONSISTENCY,nextIndex=0,followerCommit=-1,matchIndex=-1
2022-10-13 10:40:53,901 [s0@group-6905249F38B1->s1-GrpcLogAppender-LogAppenderDaemon] INFO  server.GrpcLogAppender (GrpcLogAppender.java:installSnapshot(641)) - s0@group-6905249F38B1->s1-GrpcLogAppender: send s0->s1#0-t2,notify:(t:2, i:255)
2022-10-13 10:40:53,902 [grpc-default-executor-3] INFO  leader.FollowerInfo (FollowerInfoImpl.java:lambda$new$0(48)) - s0@group-6905249F38B1->s2: nextIndex: updateUnconditionally 0 -> 0
2022-10-13 10:40:53,902 [s0@group-6905249F38B1->s2-GrpcLogAppender-LogAppenderDaemon] INFO  server.GrpcLogAppender (GrpcLogAppender.java:installSnapshot(633)) - s0@group-6905249F38B1->s2-GrpcLogAppender: followerNextIndex = 0 but logStartIndex = 255, notify follower to install snapshot-(t:2, i:255)
2022-10-13 10:40:53,902 [s0@group-6905249F38B1->s2-GrpcLogAppender-LogAppenderDaemon] INFO  server.GrpcLogAppender (GrpcLogAppender.java:installSnapshot(641)) - s0@group-6905249F38B1->s2-GrpcLogAppender: send s0->s2#0-t2,notify:(t:2, i:255)
2022-10-13 10:40:53,903 [grpc-default-executor-3] INFO  impl.SnapshotInstallationHandler (SnapshotInstallationHandler.java:installSnapshot(89)) - s1@group-6905249F38B1: receive installSnapshot: s0->s1#0-t2,notify:(t:2, i:255)
2022-10-13 10:40:53,903 [grpc-default-executor-3] INFO  impl.SnapshotInstallationHandler (SnapshotInstallationHandler.java:installSnapshot(100)) - s1@group-6905249F38B1: reply installSnapshot: s0<-s1#0:FAIL-t2,IN_PROGRESS
2022-10-13 10:40:53,903 [grpc-default-executor-3] INFO  server.GrpcServerProtocolService (GrpcServerProtocolService.java:onCompleted(143)) - s1: Completed INSTALL_SNAPSHOT, lastRequest: s0->s1#0-t2,notify:(t:2, i:255)
2022-10-13 10:40:53,904 [grpc-default-executor-3] INFO  server.GrpcLogAppender (GrpcLogAppender.java:onNext(492)) - s0@group-6905249F38B1->s1-InstallSnapshotResponseHandler: received a reply s0<-s1#0:FAIL-t2,IN_PROGRESS
2022-10-13 10:40:53,904 [grpc-default-executor-3] INFO  server.GrpcLogAppender (GrpcLogAppender.java:onNext(510)) - s0@group-6905249F38B1->s1-InstallSnapshotResponseHandler: InstallSnapshot in progress.
2022-10-13 10:40:53,904 [s1-server-thread1] INFO  server.RaftServer$Division (RaftServerImpl.java:checkInconsistentAppendEntries(1577)) - s1@group-6905249F38B1: Failed appendEntries as snapshot (255) installation is in progress
2022-10-13 10:40:53,904 [s1-server-thread1] INFO  server.RaftServer$Division (RaftServerImpl.java:checkInconsistentAppendEntries(1569)) - s1@group-6905249F38B1: inconsistency entries. Reply:s0<-s1#93:FAIL-t2,INCONSISTENCY,nextIndex=0,followerCommit=-1,matchIndex=-1
2022-10-13 10:40:53,905 [grpc-default-executor-0] INFO  impl.SnapshotInstallationHandler (SnapshotInstallationHandler.java:installSnapshot(89)) - s2@group-6905249F38B1: receive installSnapshot: s0->s2#0-t2,notify:(t:2, i:255)
2022-10-13 10:40:53,905 [grpc-default-executor-3] INFO  leader.FollowerInfo (FollowerInfoImpl.java:lambda$new$0(48)) - s0@group-6905249F38B1->s1: nextIndex: updateUnconditionally 0 -> 0
2022-10-13 10:40:53,905 [grpc-default-executor-0] INFO  impl.SnapshotInstallationHandler (SnapshotInstallationHandler.java:installSnapshot(100)) - s2@group-6905249F38B1: reply installSnapshot: s0<-s2#0:FAIL-t2,IN_PROGRESS
2022-10-13 10:40:53,905 [s0@group-6905249F38B1->s1-GrpcLogAppender-LogAppenderDaemon] INFO  server.GrpcLogAppender (GrpcLogAppender.java:installSnapshot(633)) - s0@group-6905249F38B1->s1-GrpcLogAppender: followerNextIndex = 0 but logStartIndex = 255, notify follower to install snapshot-(t:2, i:255)
2022-10-13 10:40:53,905 [grpc-default-executor-0] INFO  server.GrpcServerProtocolService (GrpcServerProtocolService.java:onCompleted(143)) - s2: Completed INSTALL_SNAPSHOT, lastRequest: s0->s2#0-t2,notify:(t:2, i:255)
2022-10-13 10:40:53,905 [s0@group-6905249F38B1->s1-GrpcLogAppender-LogAppenderDaemon] INFO  server.GrpcLogAppender (GrpcLogAppender.java:installSnapshot(641)) - s0@group-6905249F38B1->s1-GrpcLogAppender: send s0->s1#0-t2,notify:(t:2, i:255)
2022-10-13 10:40:53,906 [grpc-default-executor-0] INFO  server.GrpcLogAppender (GrpcLogAppender.java:onNext(492)) - s0@group-6905249F38B1->s2-InstallSnapshotResponseHandler: received a reply s0<-s2#0:FAIL-t2,IN_PROGRESS
2022-10-13 10:40:53,906 [grpc-default-executor-0] INFO  server.GrpcLogAppender (GrpcLogAppender.java:onNext(510)) - s0@group-6905249F38B1->s2-InstallSnapshotResponseHandler: InstallSnapshot in progress.
2022-10-13 10:40:53,906 [grpc-default-executor-3] INFO  impl.SnapshotInstallationHandler (SnapshotInstallationHandler.java:installSnapshot(89)) - s1@group-6905249F38B1: receive installSnapshot: s0->s1#0-t2,notify:(t:2, i:255)
2022-10-13 10:40:53,906 [grpc-default-executor-3] INFO  impl.SnapshotInstallationHandler (SnapshotInstallationHandler.java:installSnapshot(100)) - s1@group-6905249F38B1: reply installSnapshot: s0<-s1#0:FAIL-t2,IN_PROGRESS
2022-10-13 10:40:53,906 [grpc-default-executor-3] INFO  server.GrpcServerProtocolService (GrpcServerProtocolService.java:onCompleted(143)) - s1: Completed INSTALL_SNAPSHOT, lastRequest: s0->s1#0-t2,notify:(t:2, i:255)
2022-10-13 10:40:53,907 [grpc-default-executor-3] INFO  server.GrpcLogAppender (GrpcLogAppender.java:onNext(492)) - s0@group-6905249F38B1->s1-InstallSnapshotResponseHandler: received a reply s0<-s1#0:FAIL-t2,IN_PROGRESS
2022-10-13 10:40:53,907 [grpc-default-executor-3] INFO  server.GrpcLogAppender (GrpcLogAppender.java:onNext(510)) - s0@group-6905249F38B1->s1-InstallSnapshotResponseHandler: InstallSnapshot in progress.
2022-10-13 10:40:53,907 [s2-server-thread1] INFO  server.RaftServer$Division (RaftServerImpl.java:checkInconsistentAppendEntries(1577)) - s2@group-6905249F38B1: Failed appendEntries as snapshot (255) installation is in progress
2022-10-13 10:40:53,907 [s2-server-thread1] INFO  server.RaftServer$Division (RaftServerImpl.java:checkInconsistentAppendEntries(1569)) - s2@group-6905249F38B1: inconsistency entries. Reply:s0<-s2#71:FAIL-t2,INCONSISTENCY,nextIndex=0,followerCommit=-1,matchIndex=-1
2022-10-13 10:40:53,907 [s1-server-thread1] INFO  server.RaftServer$Division (RaftServerImpl.java:checkInconsistentAppendEntries(1577)) - s1@group-6905249F38B1: Failed appendEntries as snapshot (255) installation is in progress
2022-10-13 10:40:53,907 [s1-server-thread1] INFO  server.RaftServer$Division (RaftServerImpl.java:checkInconsistentAppendEntries(1569)) - s1@group-6905249F38B1: inconsistency entries. Reply:s0<-s1#94:FAIL-t2,INCONSISTENCY,nextIndex=0,followerCommit=-1,matchIndex=-1
2022-10-13 10:40:53,908 [grpc-default-executor-3] INFO  leader.FollowerInfo (FollowerInfoImpl.java:lambda$new$0(48)) - s0@group-6905249F38B1->s2: nextIndex: updateUnconditionally 0 -> 0
2022-10-13 10:40:53,908 [s0@group-6905249F38B1->s2-GrpcLogAppender-LogAppenderDaemon] INFO  server.GrpcLogAppender (GrpcLogAppender.java:installSnapshot(633)) - s0@group-6905249F38B1->s2-GrpcLogAppender: followerNextIndex = 0 but logStartIndex = 255, notify follower to install snapshot-(t:2, i:255)
2022-10-13 10:40:53,908 [s0@group-6905249F38B1->s2-GrpcLogAppender-LogAppenderDaemon] INFO  server.GrpcLogAppender (GrpcLogAppender.java:installSnapshot(641)) - s0@group-6905249F38B1->s2-GrpcLogAppender: send s0->s2#0-t2,notify:(t:2, i:255)
2022-10-13 10:40:53,908 [grpc-default-executor-3] INFO  leader.FollowerInfo (FollowerInfoImpl.java:lambda$new$0(48)) - s0@group-6905249F38B1->s1: nextIndex: updateUnconditionally 0 -> 0
2022-10-13 10:40:53,908 [s0@group-6905249F38B1->s1-GrpcLogAppender-LogAppenderDaemon] INFO  server.GrpcLogAppender (GrpcLogAppender.java:installSnapshot(633)) - s0@group-6905249F38B1->s1-GrpcLogAppender: followerNextIndex = 0 but logStartIndex = 255, notify follower to install snapshot-(t:2, i:255)
2022-10-13 10:40:53,909 [s0@group-6905249F38B1->s1-GrpcLogAppender-LogAppenderDaemon] INFO  server.GrpcLogAppender (GrpcLogAppender.java:installSnapshot(641)) - s0@group-6905249F38B1->s1-GrpcLogAppender: send s0->s1#0-t2,notify:(t:2, i:255)
2022-10-13 10:40:53,909 [grpc-default-executor-3] INFO  impl.SnapshotInstallationHandler (SnapshotInstallationHandler.java:installSnapshot(89)) - s2@group-6905249F38B1: receive installSnapshot: s0->s2#0-t2,notify:(t:2, i:255)
2022-10-13 10:40:53,909 [grpc-default-executor-3] INFO  impl.SnapshotInstallationHandler (SnapshotInstallationHandler.java:installSnapshot(100)) - s2@group-6905249F38B1: reply installSnapshot: s0<-s2#0:FAIL-t2,IN_PROGRESS
2022-10-13 10:40:53,910 [grpc-default-executor-3] INFO  server.GrpcServerProtocolService (GrpcServerProtocolService.java:onCompleted(143)) - s2: Completed INSTALL_SNAPSHOT, lastRequest: s0->s2#0-t2,notify:(t:2, i:255)
2022-10-13 10:40:53,910 [grpc-default-executor-3] INFO  server.GrpcLogAppender (GrpcLogAppender.java:onNext(492)) - s0@group-6905249F38B1->s2-InstallSnapshotResponseHandler: received a reply s0<-s2#0:FAIL-t2,IN_PROGRESS
2022-10-13 10:40:53,910 [grpc-default-executor-3] INFO  server.GrpcLogAppender (GrpcLogAppender.java:onNext(510)) - s0@group-6905249F38B1->s2-InstallSnapshotResponseHandler: InstallSnapshot in progress.
2022-10-13 10:40:53,915 [grpc-default-executor-3] INFO  impl.SnapshotInstallationHandler (SnapshotInstallationHandler.java:installSnapshot(89)) - s1@group-6905249F38B1: receive installSnapshot: s0->s1#0-t2,notify:(t:2, i:255)
2022-10-13 10:40:53,915 [grpc-default-executor-3] INFO  impl.SnapshotInstallationHandler (SnapshotInstallationHandler.java:installSnapshot(100)) - s1@group-6905249F38B1: reply installSnapshot: s0<-s1#0:FAIL-t2,IN_PROGRESS
2022-10-13 10:40:53,915 [grpc-default-executor-3] INFO  server.GrpcServerProtocolService (GrpcServerProtocolService.java:onCompleted(143)) - s1: Completed INSTALL_SNAPSHOT, lastRequest: s0->s1#0-t2,notify:(t:2, i:255)
2022-10-13 10:40:53,916 [s2-server-thread1] INFO  server.RaftServer$Division (RaftServerImpl.java:checkInconsistentAppendEntries(1577)) - s2@group-6905249F38B1: Failed appendEntries as snapshot (255) installation is in progress
2022-10-13 10:40:53,916 [s2-server-thread1] INFO  server.RaftServer$Division (RaftServerImpl.java:checkInconsistentAppendEntries(1569)) - s2@group-6905249F38B1: inconsistency entries. Reply:s0<-s2#72:FAIL-t2,INCONSISTENCY,nextIndex=0,followerCommit=-1,matchIndex=-1
2022-10-13 10:40:53,916 [grpc-default-executor-0] INFO  server.GrpcLogAppender (GrpcLogAppender.java:onNext(492)) - s0@group-6905249F38B1->s1-InstallSnapshotResponseHandler: received a reply s0<-s1#0:FAIL-t2,IN_PROGRESS
2022-10-13 10:40:53,916 [grpc-default-executor-0] INFO  server.GrpcLogAppender (GrpcLogAppender.java:onNext(510)) - s0@group-6905249F38B1->s1-InstallSnapshotResponseHandler: InstallSnapshot in progress.
2022-10-13 10:40:53,916 [grpc-default-executor-3] INFO  leader.FollowerInfo (FollowerInfoImpl.java:lambda$new$0(48)) - s0@group-6905249F38B1->s2: nextIndex: updateUnconditionally 0 -> 0
2022-10-13 10:40:53,917 [s1-server-thread1] INFO  server.RaftServer$Division (RaftServerImpl.java:checkInconsistentAppendEntries(1577)) - s1@group-6905249F38B1: Failed appendEntries as snapshot (255) installation is in progress
2022-10-13 10:40:53,917 [s0@group-6905249F38B1->s2-GrpcLogAppender-LogAppenderDaemon] INFO  server.GrpcLogAppender (GrpcLogAppender.java:installSnapshot(633)) - s0@group-6905249F38B1->s2-GrpcLogAppender: followerNextIndex = 0 but logStartIndex = 255, notify follower to install snapshot-(t:2, i:255)
2022-10-13 10:40:53,917 [s0@group-6905249F38B1->s2-GrpcLogAppender-LogAppenderDaemon] INFO  server.GrpcLogAppender (GrpcLogAppender.java:installSnapshot(641)) - s0@group-6905249F38B1->s2-GrpcLogAppender: send s0->s2#0-t2,notify:(t:2, i:255)
2022-10-13 10:40:53,917 [s1-server-thread1] INFO  server.RaftServer$Division (RaftServerImpl.java:checkInconsistentAppendEntries(1569)) - s1@group-6905249F38B1: inconsistency entries. Reply:s0<-s1#95:FAIL-t2,INCONSISTENCY,nextIndex=0,followerCommit=-1,matchIndex=-1
2022-10-13 10:40:53,917 [grpc-default-executor-0] INFO  leader.FollowerInfo (FollowerInfoImpl.java:lambda$new$0(48)) - s0@group-6905249F38B1->s1: nextIndex: updateUnconditionally 0 -> 0
2022-10-13 10:40:53,918 [s0@group-6905249F38B1->s1-GrpcLogAppender-LogAppenderDaemon] INFO  server.GrpcLogAppender (GrpcLogAppender.java:installSnapshot(633)) - s0@group-6905249F38B1->s1-GrpcLogAppender: followerNextIndex = 0 but logStartIndex = 255, notify follower to install snapshot-(t:2, i:255)
2022-10-13 10:40:53,918 [s0@group-6905249F38B1->s1-GrpcLogAppender-LogAppenderDaemon] INFO  server.GrpcLogAppender (GrpcLogAppender.java:installSnapshot(641)) - s0@group-6905249F38B1->s1-GrpcLogAppender: send s0->s1#0-t2,notify:(t:2, i:255)
2022-10-13 10:40:53,918 [grpc-default-executor-3] INFO  impl.SnapshotInstallationHandler (SnapshotInstallationHandler.java:installSnapshot(89)) - s2@group-6905249F38B1: receive installSnapshot: s0->s2#0-t2,notify:(t:2, i:255)
2022-10-13 10:40:53,918 [grpc-default-executor-3] INFO  impl.SnapshotInstallationHandler (SnapshotInstallationHandler.java:installSnapshot(100)) - s2@group-6905249F38B1: reply installSnapshot: s0<-s2#0:FAIL-t2,IN_PROGRESS
2022-10-13 10:40:53,918 [grpc-default-executor-3] INFO  server.GrpcServerProtocolService (GrpcServerProtocolService.java:onCompleted(143)) - s2: Completed INSTALL_SNAPSHOT, lastRequest: s0->s2#0-t2,notify:(t:2, i:255)
2022-10-13 10:40:53,919 [grpc-default-executor-0] INFO  server.GrpcLogAppender (GrpcLogAppender.java:onNext(492)) - s0@group-6905249F38B1->s2-InstallSnapshotResponseHandler: received a reply s0<-s2#0:FAIL-t2,IN_PROGRESS
2022-10-13 10:40:53,919 [grpc-default-executor-0] INFO  server.GrpcLogAppender (GrpcLogAppender.java:onNext(510)) - s0@group-6905249F38B1->s2-InstallSnapshotResponseHandler: InstallSnapshot in progress.
2022-10-13 10:40:53,919 [grpc-default-executor-0] INFO  impl.SnapshotInstallationHandler (SnapshotInstallationHandler.java:installSnapshot(89)) - s1@group-6905249F38B1: receive installSnapshot: s0->s1#0-t2,notify:(t:2, i:255)
2022-10-13 10:40:53,919 [grpc-default-executor-0] INFO  impl.SnapshotInstallationHandler (SnapshotInstallationHandler.java:installSnapshot(100)) - s1@group-6905249F38B1: reply installSnapshot: s0<-s1#0:FAIL-t2,IN_PROGRESS
2022-10-13 10:40:53,919 [grpc-default-executor-0] INFO  server.GrpcServerProtocolService (GrpcServerProtocolService.java:onCompleted(143)) - s1: Completed INSTALL_SNAPSHOT, lastRequest: s0->s1#0-t2,notify:(t:2, i:255)
2022-10-13 10:40:53,920 [grpc-default-executor-4] INFO  server.GrpcLogAppender (GrpcLogAppender.java:onNext(492)) - s0@group-6905249F38B1->s1-InstallSnapshotResponseHandler: received a reply s0<-s1#0:FAIL-t2,IN_PROGRESS
2022-10-13 10:40:53,920 [grpc-default-executor-4] INFO  server.GrpcLogAppender (GrpcLogAppender.java:onNext(510)) - s0@group-6905249F38B1->s1-InstallSnapshotResponseHandler: InstallSnapshot in progress.
2022-10-13 10:40:53,920 [s2-server-thread1] INFO  server.RaftServer$Division (RaftServerImpl.java:checkInconsistentAppendEntries(1577)) - s2@group-6905249F38B1: Failed appendEntries as snapshot (255) installation is in progress
2022-10-13 10:40:53,920 [s2-server-thread1] INFO  server.RaftServer$Division (RaftServerImpl.java:checkInconsistentAppendEntries(1569)) - s2@group-6905249F38B1: inconsistency entries. Reply:s0<-s2#73:FAIL-t2,INCONSISTENCY,nextIndex=0,followerCommit=-1,matchIndex=-1
2022-10-13 10:40:53,921 [s1-server-thread1] INFO  server.RaftServer$Division (RaftServerImpl.java:checkInconsistentAppendEntries(1577)) - s1@group-6905249F38B1: Failed appendEntries as snapshot (255) installation is in progress
2022-10-13 10:40:53,921 [s1-server-thread1] INFO  server.RaftServer$Division (RaftServerImpl.java:checkInconsistentAppendEntries(1569)) - s1@group-6905249F38B1: inconsistency entries. Reply:s0<-s1#96:FAIL-t2,INCONSISTENCY,nextIndex=0,followerCommit=-1,matchIndex=-1
2022-10-13 10:40:53,921 [grpc-default-executor-4] INFO  leader.FollowerInfo (FollowerInfoImpl.java:lambda$new$0(48)) - s0@group-6905249F38B1->s2: nextIndex: updateUnconditionally 0 -> 0
2022-10-13 10:40:53,921 [s0@group-6905249F38B1->s2-GrpcLogAppender-LogAppenderDaemon] INFO  server.GrpcLogAppender (GrpcLogAppender.java:installSnapshot(633)) - s0@group-6905249F38B1->s2-GrpcLogAppender: followerNextIndex = 0 but logStartIndex = 255, notify follower to install snapshot-(t:2, i:255)
2022-10-13 10:40:53,921 [s0@group-6905249F38B1->s2-GrpcLogAppender-LogAppenderDaemon] INFO  server.GrpcLogAppender (GrpcLogAppender.java:installSnapshot(641)) - s0@group-6905249F38B1->s2-GrpcLogAppender: send s0->s2#0-t2,notify:(t:2, i:255)
2022-10-13 10:40:53,922 [grpc-default-executor-4] INFO  leader.FollowerInfo (FollowerInfoImpl.java:lambda$new$0(48)) - s0@group-6905249F38B1->s1: nextIndex: updateUnconditionally 0 -> 0
2022-10-13 10:40:53,922 [s0@group-6905249F38B1->s1-GrpcLogAppender-LogAppenderDaemon] INFO  server.GrpcLogAppender (GrpcLogAppender.java:installSnapshot(633)) - s0@group-6905249F38B1->s1-GrpcLogAppender: followerNextIndex = 0 but logStartIndex = 255, notify follower to install snapshot-(t:2, i:255)
2022-10-13 10:40:53,922 [s0@group-6905249F38B1->s1-GrpcLogAppender-LogAppenderDaemon] INFO  server.GrpcLogAppender (GrpcLogAppender.java:installSnapshot(641)) - s0@group-6905249F38B1->s1-GrpcLogAppender: send s0->s1#0-t2,notify:(t:2, i:255)
2022-10-13 10:40:53,922 [grpc-default-executor-4] INFO  impl.SnapshotInstallationHandler (SnapshotInstallationHandler.java:installSnapshot(89)) - s2@group-6905249F38B1: receive installSnapshot: s0->s2#0-t2,notify:(t:2, i:255)
2022-10-13 10:40:53,922 [grpc-default-executor-4] INFO  impl.SnapshotInstallationHandler (SnapshotInstallationHandler.java:installSnapshot(100)) - s2@group-6905249F38B1: reply installSnapshot: s0<-s2#0:FAIL-t2,IN_PROGRESS
2022-10-13 10:40:53,922 [grpc-default-executor-4] INFO  server.GrpcServerProtocolService (GrpcServerProtocolService.java:onCompleted(143)) - s2: Completed INSTALL_SNAPSHOT, lastRequest: s0->s2#0-t2,notify:(t:2, i:255)
2022-10-13 10:40:53,923 [grpc-default-executor-4] INFO  server.GrpcLogAppender (GrpcLogAppender.java:onNext(492)) - s0@group-6905249F38B1->s2-InstallSnapshotResponseHandler: received a reply s0<-s2#0:FAIL-t2,IN_PROGRESS
2022-10-13 10:40:53,923 [grpc-default-executor-4] INFO  server.GrpcLogAppender (GrpcLogAppender.java:onNext(510)) - s0@group-6905249F38B1->s2-InstallSnapshotResponseHandler: InstallSnapshot in progress.
2022-10-13 10:40:53,923 [grpc-default-executor-4] INFO  impl.SnapshotInstallationHandler (SnapshotInstallationHandler.java:installSnapshot(89)) - s1@group-6905249F38B1: receive installSnapshot: s0->s1#0-t2,notify:(t:2, i:255)
2022-10-13 10:40:53,924 [grpc-default-executor-4] INFO  impl.SnapshotInstallationHandler (SnapshotInstallationHandler.java:installSnapshot(100)) - s1@group-6905249F38B1: reply installSnapshot: s0<-s1#0:FAIL-t2,IN_PROGRESS
2022-10-13 10:40:53,924 [grpc-default-executor-4] INFO  server.GrpcServerProtocolService (GrpcServerProtocolService.java:onCompleted(143)) - s1: Completed INSTALL_SNAPSHOT, lastRequest: s0->s1#0-t2,notify:(t:2, i:255)
2022-10-13 10:40:53,924 [s2-server-thread1] INFO  server.RaftServer$Division (RaftServerImpl.java:checkInconsistentAppendEntries(1577)) - s2@group-6905249F38B1: Failed appendEntries as snapshot (255) installation is in progress
2022-10-13 10:40:53,924 [s2-server-thread1] INFO  server.RaftServer$Division (RaftServerImpl.java:checkInconsistentAppendEntries(1569)) - s2@group-6905249F38B1: inconsistency entries. Reply:s0<-s2#74:FAIL-t2,INCONSISTENCY,nextIndex=0,followerCommit=-1,matchIndex=-1
2022-10-13 10:40:53,924 [grpc-default-executor-0] INFO  server.GrpcLogAppender (GrpcLogAppender.java:onNext(492)) - s0@group-6905249F38B1->s1-InstallSnapshotResponseHandler: received a reply s0<-s1#0:FAIL-t2,IN_PROGRESS
2022-10-13 10:40:53,925 [grpc-default-executor-0] INFO  server.GrpcLogAppender (GrpcLogAppender.java:onNext(510)) - s0@group-6905249F38B1->s1-InstallSnapshotResponseHandler: InstallSnapshot in progress.
2022-10-13 10:40:53,927 [grpc-default-executor-4] INFO  leader.FollowerInfo (FollowerInfoImpl.java:lambda$new$0(48)) - s0@group-6905249F38B1->s2: nextIndex: updateUnconditionally 0 -> 0
2022-10-13 10:40:53,927 [s0@group-6905249F38B1->s2-GrpcLogAppender-LogAppenderDaemon] INFO  server.GrpcLogAppender (GrpcLogAppender.java:installSnapshot(633)) - s0@group-6905249F38B1->s2-GrpcLogAppender: followerNextIndex = 0 but logStartIndex = 255, notify follower to install snapshot-(t:2, i:255)
2022-10-13 10:40:53,927 [s0@group-6905249F38B1->s2-GrpcLogAppender-LogAppenderDaemon] INFO  server.GrpcLogAppender (GrpcLogAppender.java:installSnapshot(641)) - s0@group-6905249F38B1->s2-GrpcLogAppender: send s0->s2#0-t2,notify:(t:2, i:255)
2022-10-13 10:40:53,927 [s1-server-thread1] INFO  server.RaftServer$Division (RaftServerImpl.java:checkInconsistentAppendEntries(1577)) - s1@group-6905249F38B1: Failed appendEntries as snapshot (255) installation is in progress
2022-10-13 10:40:53,927 [s1-server-thread1] INFO  server.RaftServer$Division (RaftServerImpl.java:checkInconsistentAppendEntries(1569)) - s1@group-6905249F38B1: inconsistency entries. Reply:s0<-s1#97:FAIL-t2,INCONSISTENCY,nextIndex=0,followerCommit=-1,matchIndex=-1
2022-10-13 10:40:53,928 [grpc-default-executor-4] INFO  leader.FollowerInfo (FollowerInfoImpl.java:lambda$new$0(48)) - s0@group-6905249F38B1->s1: nextIndex: updateUnconditionally 0 -> 0
2022-10-13 10:40:53,928 [grpc-default-executor-0] INFO  impl.SnapshotInstallationHandler (SnapshotInstallationHandler.java:installSnapshot(89)) - s2@group-6905249F38B1: receive installSnapshot: s0->s2#0-t2,notify:(t:2, i:255)
2022-10-13 10:40:53,928 [grpc-default-executor-0] INFO  impl.SnapshotInstallationHandler (SnapshotInstallationHandler.java:installSnapshot(100)) - s2@group-6905249F38B1: reply installSnapshot: s0<-s2#0:FAIL-t2,IN_PROGRESS
2022-10-13 10:40:53,928 [grpc-default-executor-0] INFO  server.GrpcServerProtocolService (GrpcServerProtocolService.java:onCompleted(143)) - s2: Completed INSTALL_SNAPSHOT, lastRequest: s0->s2#0-t2,notify:(t:2, i:255)
2022-10-13 10:40:53,928 [s0@group-6905249F38B1->s1-GrpcLogAppender-LogAppenderDaemon] INFO  server.GrpcLogAppender (GrpcLogAppender.java:installSnapshot(633)) - s0@group-6905249F38B1->s1-GrpcLogAppender: followerNextIndex = 0 but logStartIndex = 255, notify follower to install snapshot-(t:2, i:255)
2022-10-13 10:40:53,929 [s0@group-6905249F38B1->s1-GrpcLogAppender-LogAppenderDaemon] INFO  server.GrpcLogAppender (GrpcLogAppender.java:installSnapshot(641)) - s0@group-6905249F38B1->s1-GrpcLogAppender: send s0->s1#0-t2,notify:(t:2, i:255)
2022-10-13 10:40:53,935 [grpc-default-executor-4] INFO  impl.SnapshotInstallationHandler (SnapshotInstallationHandler.java:installSnapshot(89)) - s1@group-6905249F38B1: receive installSnapshot: s0->s1#0-t2,notify:(t:2, i:255)
2022-10-13 10:40:53,935 [grpc-default-executor-4] INFO  impl.SnapshotInstallationHandler (SnapshotInstallationHandler.java:installSnapshot(100)) - s1@group-6905249F38B1: reply installSnapshot: s0<-s1#0:FAIL-t2,IN_PROGRESS
2022-10-13 10:40:53,935 [grpc-default-executor-4] INFO  server.GrpcServerProtocolService (GrpcServerProtocolService.java:onCompleted(143)) - s1: Completed INSTALL_SNAPSHOT, lastRequest: s0->s1#0-t2,notify:(t:2, i:255)
2022-10-13 10:40:53,936 [grpc-default-executor-3] INFO  server.GrpcLogAppender (GrpcLogAppender.java:onNext(492)) - s0@group-6905249F38B1->s1-InstallSnapshotResponseHandler: received a reply s0<-s1#0:FAIL-t2,IN_PROGRESS
2022-10-13 10:40:53,936 [grpc-default-executor-3] INFO  server.GrpcLogAppender (GrpcLogAppender.java:onNext(510)) - s0@group-6905249F38B1->s1-InstallSnapshotResponseHandler: InstallSnapshot in progress.
2022-10-13 10:40:53,936 [grpc-default-executor-0] INFO  server.GrpcLogAppender (GrpcLogAppender.java:onNext(492)) - s0@group-6905249F38B1->s2-InstallSnapshotResponseHandler: received a reply s0<-s2#0:FAIL-t2,IN_PROGRESS
2022-10-13 10:40:53,936 [grpc-default-executor-0] INFO  server.GrpcLogAppender (GrpcLogAppender.java:onNext(510)) - s0@group-6905249F38B1->s2-InstallSnapshotResponseHandler: InstallSnapshot in progress.
2022-10-13 10:40:53,936 [s1-server-thread1] INFO  server.RaftServer$Division (RaftServerImpl.java:checkInconsistentAppendEntries(1577)) - s1@group-6905249F38B1: Failed appendEntries as snapshot (255) installation is in progress
2022-10-13 10:40:53,936 [s1-server-thread1] INFO  server.RaftServer$Division (RaftServerImpl.java:checkInconsistentAppendEntries(1569)) - s1@group-6905249F38B1: inconsistency entries. Reply:s0<-s1#98:FAIL-t2,INCONSISTENCY,nextIndex=0,followerCommit=-1,matchIndex=-1
2022-10-13 10:40:53,937 [s2-server-thread1] INFO  server.RaftServer$Division (RaftServerImpl.java:checkInconsistentAppendEntries(1577)) - s2@group-6905249F38B1: Failed appendEntries as snapshot (255) installation is in progress
2022-10-13 10:40:53,937 [s2-server-thread1] INFO  server.RaftServer$Division (RaftServerImpl.java:checkInconsistentAppendEntries(1569)) - s2@group-6905249F38B1: inconsistency entries. Reply:s0<-s2#75:FAIL-t2,INCONSISTENCY,nextIndex=0,followerCommit=-1,matchIndex=-1
2022-10-13 10:40:53,937 [grpc-default-executor-0] INFO  leader.FollowerInfo (FollowerInfoImpl.java:lambda$new$0(48)) - s0@group-6905249F38B1->s2: nextIndex: updateUnconditionally 0 -> 0
2022-10-13 10:40:53,937 [s0@group-6905249F38B1->s2-GrpcLogAppender-LogAppenderDaemon] INFO  server.GrpcLogAppender (GrpcLogAppender.java:installSnapshot(633)) - s0@group-6905249F38B1->s2-GrpcLogAppender: followerNextIndex = 0 but logStartIndex = 255, notify follower to install snapshot-(t:2, i:255)
2022-10-13 10:40:53,937 [grpc-default-executor-4] INFO  leader.FollowerInfo (FollowerInfoImpl.java:lambda$new$0(48)) - s0@group-6905249F38B1->s1: nextIndex: updateUnconditionally 0 -> 0
2022-10-13 10:40:53,937 [s0@group-6905249F38B1->s2-GrpcLogAppender-LogAppenderDaemon] INFO  server.GrpcLogAppender (GrpcLogAppender.java:installSnapshot(641)) - s0@group-6905249F38B1->s2-GrpcLogAppender: send s0->s2#0-t2,notify:(t:2, i:255)
2022-10-13 10:40:53,937 [s0@group-6905249F38B1->s1-GrpcLogAppender-LogAppenderDaemon] INFO  server.GrpcLogAppender (GrpcLogAppender.java:installSnapshot(633)) - s0@group-6905249F38B1->s1-GrpcLogAppender: followerNextIndex = 0 but logStartIndex = 255, notify follower to install snapshot-(t:2, i:255)
2022-10-13 10:40:53,938 [s0@group-6905249F38B1->s1-GrpcLogAppender-LogAppenderDaemon] INFO  server.GrpcLogAppender (GrpcLogAppender.java:installSnapshot(641)) - s0@group-6905249F38B1->s1-GrpcLogAppender: send s0->s1#0-t2,notify:(t:2, i:255)
2022-10-13 10:40:53,938 [grpc-default-executor-4] INFO  impl.SnapshotInstallationHandler (SnapshotInstallationHandler.java:installSnapshot(89)) - s2@group-6905249F38B1: receive installSnapshot: s0->s2#0-t2,notify:(t:2, i:255)
2022-10-13 10:40:53,938 [grpc-default-executor-4] INFO  impl.SnapshotInstallationHandler (SnapshotInstallationHandler.java:installSnapshot(100)) - s2@group-6905249F38B1: reply installSnapshot: s0<-s2#0:FAIL-t2,IN_PROGRESS
2022-10-13 10:40:53,938 [grpc-default-executor-4] INFO  server.GrpcServerProtocolService (GrpcServerProtocolService.java:onCompleted(143)) - s2: Completed INSTALL_SNAPSHOT, lastRequest: s0->s2#0-t2,notify:(t:2, i:255)
2022-10-13 10:40:53,939 [grpc-default-executor-0] INFO  impl.SnapshotInstallationHandler (SnapshotInstallationHandler.java:installSnapshot(89)) - s1@group-6905249F38B1: receive installSnapshot: s0->s1#0-t2,notify:(t:2, i:255)
2022-10-13 10:40:53,939 [grpc-default-executor-0] INFO  impl.SnapshotInstallationHandler (SnapshotInstallationHandler.java:installSnapshot(100)) - s1@group-6905249F38B1: reply installSnapshot: s0<-s1#0:FAIL-t2,IN_PROGRESS
2022-10-13 10:40:53,939 [grpc-default-executor-0] INFO  server.GrpcServerProtocolService (GrpcServerProtocolService.java:onCompleted(143)) - s1: Completed INSTALL_SNAPSHOT, lastRequest: s0->s1#0-t2,notify:(t:2, i:255)
2022-10-13 10:40:53,939 [grpc-default-executor-0] INFO  server.GrpcLogAppender (GrpcLogAppender.java:onNext(492)) - s0@group-6905249F38B1->s1-InstallSnapshotResponseHandler: received a reply s0<-s1#0:FAIL-t2,IN_PROGRESS
2022-10-13 10:40:53,939 [grpc-default-executor-4] INFO  server.GrpcLogAppender (GrpcLogAppender.java:onNext(492)) - s0@group-6905249F38B1->s2-InstallSnapshotResponseHandler: received a reply s0<-s2#0:FAIL-t2,IN_PROGRESS
2022-10-13 10:40:53,939 [grpc-default-executor-4] INFO  server.GrpcLogAppender (GrpcLogAppender.java:onNext(510)) - s0@group-6905249F38B1->s2-InstallSnapshotResponseHandler: InstallSnapshot in progress.
2022-10-13 10:40:53,939 [grpc-default-executor-0] INFO  server.GrpcLogAppender (GrpcLogAppender.java:onNext(510)) - s0@group-6905249F38B1->s1-InstallSnapshotResponseHandler: InstallSnapshot in progress.
2022-10-13 10:40:53,940 [s2-server-thread1] INFO  server.RaftServer$Division (RaftServerImpl.java:checkInconsistentAppendEntries(1577)) - s2@group-6905249F38B1: Failed appendEntries as snapshot (255) installation is in progress
2022-10-13 10:40:53,940 [s2-server-thread1] INFO  server.RaftServer$Division (RaftServerImpl.java:checkInconsistentAppendEntries(1569)) - s2@group-6905249F38B1: inconsistency entries. Reply:s0<-s2#76:FAIL-t2,INCONSISTENCY,nextIndex=0,followerCommit=-1,matchIndex=-1
2022-10-13 10:40:53,940 [s1-server-thread1] INFO  server.RaftServer$Division (RaftServerImpl.java:checkInconsistentAppendEntries(1577)) - s1@group-6905249F38B1: Failed appendEntries as snapshot (255) installation is in progress
2022-10-13 10:40:53,940 [s1-server-thread1] INFO  server.RaftServer$Division (RaftServerImpl.java:checkInconsistentAppendEntries(1569)) - s1@group-6905249F38B1: inconsistency entries. Reply:s0<-s1#99:FAIL-t2,INCONSISTENCY,nextIndex=0,followerCommit=-1,matchIndex=-1
2022-10-13 10:40:53,940 [grpc-default-executor-0] INFO  leader.FollowerInfo (FollowerInfoImpl.java:lambda$new$0(48)) - s0@group-6905249F38B1->s2: nextIndex: updateUnconditionally 0 -> 0
2022-10-13 10:40:53,941 [s0@group-6905249F38B1->s2-GrpcLogAppender-LogAppenderDaemon] INFO  server.GrpcLogAppender (GrpcLogAppender.java:installSnapshot(633)) - s0@group-6905249F38B1->s2-GrpcLogAppender: followerNextIndex = 0 but logStartIndex = 255, notify follower to install snapshot-(t:2, i:255)
2022-10-13 10:40:53,941 [s0@group-6905249F38B1->s2-GrpcLogAppender-LogAppenderDaemon] INFO  server.GrpcLogAppender (GrpcLogAppender.java:installSnapshot(641)) - s0@group-6905249F38B1->s2-GrpcLogAppender: send s0->s2#0-t2,notify:(t:2, i:255)
2022-10-13 10:40:53,941 [grpc-default-executor-4] INFO  leader.FollowerInfo (FollowerInfoImpl.java:lambda$new$0(48)) - s0@group-6905249F38B1->s1: nextIndex: updateUnconditionally 0 -> 0
2022-10-13 10:40:53,941 [s0@group-6905249F38B1->s1-GrpcLogAppender-LogAppenderDaemon] INFO  server.GrpcLogAppender (GrpcLogAppender.java:installSnapshot(633)) - s0@group-6905249F38B1->s1-GrpcLogAppender: followerNextIndex = 0 but logStartIndex = 255, notify follower to install snapshot-(t:2, i:255)
2022-10-13 10:40:53,941 [s0@group-6905249F38B1->s1-GrpcLogAppender-LogAppenderDaemon] INFO  server.GrpcLogAppender (GrpcLogAppender.java:installSnapshot(641)) - s0@group-6905249F38B1->s1-GrpcLogAppender: send s0->s1#0-t2,notify:(t:2, i:255)
2022-10-13 10:40:53,942 [grpc-default-executor-0] INFO  impl.SnapshotInstallationHandler (SnapshotInstallationHandler.java:installSnapshot(89)) - s2@group-6905249F38B1: receive installSnapshot: s0->s2#0-t2,notify:(t:2, i:255)
2022-10-13 10:40:53,942 [grpc-default-executor-0] INFO  impl.SnapshotInstallationHandler (SnapshotInstallationHandler.java:installSnapshot(100)) - s2@group-6905249F38B1: reply installSnapshot: s0<-s2#0:FAIL-t2,IN_PROGRESS
2022-10-13 10:40:53,942 [grpc-default-executor-0] INFO  server.GrpcServerProtocolService (GrpcServerProtocolService.java:onCompleted(143)) - s2: Completed INSTALL_SNAPSHOT, lastRequest: s0->s2#0-t2,notify:(t:2, i:255)
2022-10-13 10:40:53,942 [grpc-default-executor-0] INFO  server.GrpcLogAppender (GrpcLogAppender.java:onNext(492)) - s0@group-6905249F38B1->s2-InstallSnapshotResponseHandler: received a reply s0<-s2#0:FAIL-t2,IN_PROGRESS
2022-10-13 10:40:53,942 [grpc-default-executor-0] INFO  server.GrpcLogAppender (GrpcLogAppender.java:onNext(510)) - s0@group-6905249F38B1->s2-InstallSnapshotResponseHandler: InstallSnapshot in progress.
2022-10-13 10:40:53,943 [grpc-default-executor-0] INFO  impl.SnapshotInstallationHandler (SnapshotInstallationHandler.java:installSnapshot(89)) - s1@group-6905249F38B1: receive installSnapshot: s0->s1#0-t2,notify:(t:2, i:255)
2022-10-13 10:40:53,943 [grpc-default-executor-0] INFO  impl.SnapshotInstallationHandler (SnapshotInstallationHandler.java:installSnapshot(100)) - s1@group-6905249F38B1: reply installSnapshot: s0<-s1#0:FAIL-t2,IN_PROGRESS
2022-10-13 10:40:53,943 [grpc-default-executor-0] INFO  server.GrpcServerProtocolService (GrpcServerProtocolService.java:onCompleted(143)) - s1: Completed INSTALL_SNAPSHOT, lastRequest: s0->s1#0-t2,notify:(t:2, i:255)
2022-10-13 10:40:53,944 [grpc-default-executor-3] INFO  server.GrpcLogAppender (GrpcLogAppender.java:onNext(492)) - s0@group-6905249F38B1->s1-InstallSnapshotResponseHandler: received a reply s0<-s1#0:FAIL-t2,IN_PROGRESS
2022-10-13 10:40:53,944 [grpc-default-executor-3] INFO  server.GrpcLogAppender (GrpcLogAppender.java:onNext(510)) - s0@group-6905249F38B1->s1-InstallSnapshotResponseHandler: InstallSnapshot in progress.
2022-10-13 10:40:53,944 [s2-server-thread1] INFO  server.RaftServer$Division (RaftServerImpl.java:checkInconsistentAppendEntries(1577)) - s2@group-6905249F38B1: Failed appendEntries as snapshot (255) installation is in progress
2022-10-13 10:40:53,944 [s2-server-thread1] INFO  server.RaftServer$Division (RaftServerImpl.java:checkInconsistentAppendEntries(1569)) - s2@group-6905249F38B1: inconsistency entries. Reply:s0<-s2#77:FAIL-t2,INCONSISTENCY,nextIndex=0,followerCommit=-1,matchIndex=-1
2022-10-13 10:40:53,944 [grpc-default-executor-4] INFO  leader.FollowerInfo (FollowerInfoImpl.java:lambda$new$0(48)) - s0@group-6905249F38B1->s2: nextIndex: updateUnconditionally 0 -> 0
2022-10-13 10:40:53,944 [s0@group-6905249F38B1->s2-GrpcLogAppender-LogAppenderDaemon] INFO  server.GrpcLogAppender (GrpcLogAppender.java:installSnapshot(633)) - s0@group-6905249F38B1->s2-GrpcLogAppender: followerNextIndex = 0 but logStartIndex = 255, notify follower to install snapshot-(t:2, i:255)
2022-10-13 10:40:53,945 [s0@group-6905249F38B1->s2-GrpcLogAppender-LogAppenderDaemon] INFO  server.GrpcLogAppender (GrpcLogAppender.java:installSnapshot(641)) - s0@group-6905249F38B1->s2-GrpcLogAppender: send s0->s2#0-t2,notify:(t:2, i:255)
2022-10-13 10:40:53,945 [s1-server-thread1] INFO  server.RaftServer$Division (RaftServerImpl.java:checkInconsistentAppendEntries(1577)) - s1@group-6905249F38B1: Failed appendEntries as snapshot (255) installation is in progress
2022-10-13 10:40:53,945 [s1-server-thread1] INFO  server.RaftServer$Division (RaftServerImpl.java:checkInconsistentAppendEntries(1569)) - s1@group-6905249F38B1: inconsistency entries. Reply:s0<-s1#100:FAIL-t2,INCONSISTENCY,nextIndex=0,followerCommit=-1,matchIndex=-1
2022-10-13 10:40:53,945 [grpc-default-executor-4] INFO  leader.FollowerInfo (FollowerInfoImpl.java:lambda$new$0(48)) - s0@group-6905249F38B1->s1: nextIndex: updateUnconditionally 0 -> 0
2022-10-13 10:40:53,945 [s0@group-6905249F38B1->s1-GrpcLogAppender-LogAppenderDaemon] INFO  server.GrpcLogAppender (GrpcLogAppender.java:installSnapshot(633)) - s0@group-6905249F38B1->s1-GrpcLogAppender: followerNextIndex = 0 but logStartIndex = 255, notify follower to install snapshot-(t:2, i:255)
2022-10-13 10:40:53,945 [s0@group-6905249F38B1->s1-GrpcLogAppender-LogAppenderDaemon] INFO  server.GrpcLogAppender (GrpcLogAppender.java:installSnapshot(641)) - s0@group-6905249F38B1->s1-GrpcLogAppender: send s0->s1#0-t2,notify:(t:2, i:255)
2022-10-13 10:40:53,946 [grpc-default-executor-3] INFO  impl.SnapshotInstallationHandler (SnapshotInstallationHandler.java:installSnapshot(89)) - s2@group-6905249F38B1: receive installSnapshot: s0->s2#0-t2,notify:(t:2, i:255)
2022-10-13 10:40:53,946 [grpc-default-executor-3] INFO  impl.SnapshotInstallationHandler (SnapshotInstallationHandler.java:installSnapshot(100)) - s2@group-6905249F38B1: reply installSnapshot: s0<-s2#0:FAIL-t2,IN_PROGRESS
2022-10-13 10:40:53,946 [grpc-default-executor-3] INFO  server.GrpcServerProtocolService (GrpcServerProtocolService.java:onCompleted(143)) - s2: Completed INSTALL_SNAPSHOT, lastRequest: s0->s2#0-t2,notify:(t:2, i:255)
2022-10-13 10:40:53,948 [grpc-default-executor-3] INFO  impl.SnapshotInstallationHandler (SnapshotInstallationHandler.java:installSnapshot(89)) - s1@group-6905249F38B1: receive installSnapshot: s0->s1#0-t2,notify:(t:2, i:255)
2022-10-13 10:40:53,948 [grpc-default-executor-3] INFO  impl.SnapshotInstallationHandler (SnapshotInstallationHandler.java:installSnapshot(100)) - s1@group-6905249F38B1: reply installSnapshot: s0<-s1#0:FAIL-t2,IN_PROGRESS
2022-10-13 10:40:53,948 [grpc-default-executor-3] INFO  server.GrpcServerProtocolService (GrpcServerProtocolService.java:onCompleted(143)) - s1: Completed INSTALL_SNAPSHOT, lastRequest: s0->s1#0-t2,notify:(t:2, i:255)
2022-10-13 10:40:53,948 [grpc-default-executor-4] INFO  server.GrpcLogAppender (GrpcLogAppender.java:onNext(492)) - s0@group-6905249F38B1->s2-InstallSnapshotResponseHandler: received a reply s0<-s2#0:FAIL-t2,IN_PROGRESS
2022-10-13 10:40:53,948 [grpc-default-executor-4] INFO  server.GrpcLogAppender (GrpcLogAppender.java:onNext(510)) - s0@group-6905249F38B1->s2-InstallSnapshotResponseHandler: InstallSnapshot in progress.
2022-10-13 10:40:53,949 [grpc-default-executor-4] INFO  server.GrpcLogAppender (GrpcLogAppender.java:onNext(492)) - s0@group-6905249F38B1->s1-InstallSnapshotResponseHandler: received a reply s0<-s1#0:FAIL-t2,IN_PROGRESS
2022-10-13 10:40:53,949 [grpc-default-executor-4] INFO  server.GrpcLogAppender (GrpcLogAppender.java:onNext(510)) - s0@group-6905249F38B1->s1-InstallSnapshotResponseHandler: InstallSnapshot in progress.
2022-10-13 10:40:53,949 [s2-server-thread1] INFO  server.RaftServer$Division (RaftServerImpl.java:checkInconsistentAppendEntries(1577)) - s2@group-6905249F38B1: Failed appendEntries as snapshot (255) installation is in progress
2022-10-13 10:40:53,949 [s2-server-thread1] INFO  server.RaftServer$Division (RaftServerImpl.java:checkInconsistentAppendEntries(1569)) - s2@group-6905249F38B1: inconsistency entries. Reply:s0<-s2#78:FAIL-t2,INCONSISTENCY,nextIndex=0,followerCommit=-1,matchIndex=-1
2022-10-13 10:40:53,949 [s1-server-thread1] INFO  server.RaftServer$Division (RaftServerImpl.java:checkInconsistentAppendEntries(1577)) - s1@group-6905249F38B1: Failed appendEntries as snapshot (255) installation is in progress
2022-10-13 10:40:53,950 [s1-server-thread1] INFO  server.RaftServer$Division (RaftServerImpl.java:checkInconsistentAppendEntries(1569)) - s1@group-6905249F38B1: inconsistency entries. Reply:s0<-s1#101:FAIL-t2,INCONSISTENCY,nextIndex=0,followerCommit=-1,matchIndex=-1
2022-10-13 10:40:53,950 [grpc-default-executor-0] INFO  leader.FollowerInfo (FollowerInfoImpl.java:lambda$new$0(48)) - s0@group-6905249F38B1->s2: nextIndex: updateUnconditionally 0 -> 0
2022-10-13 10:40:53,950 [s0@group-6905249F38B1->s2-GrpcLogAppender-LogAppenderDaemon] INFO  server.GrpcLogAppender (GrpcLogAppender.java:installSnapshot(633)) - s0@group-6905249F38B1->s2-GrpcLogAppender: followerNextIndex = 0 but logStartIndex = 255, notify follower to install snapshot-(t:2, i:255)
2022-10-13 10:40:53,950 [s0@group-6905249F38B1->s2-GrpcLogAppender-LogAppenderDaemon] INFO  server.GrpcLogAppender (GrpcLogAppender.java:installSnapshot(641)) - s0@group-6905249F38B1->s2-GrpcLogAppender: send s0->s2#0-t2,notify:(t:2, i:255)
2022-10-13 10:40:53,951 [grpc-default-executor-0] INFO  leader.FollowerInfo (FollowerInfoImpl.java:lambda$new$0(48)) - s0@group-6905249F38B1->s1: nextIndex: updateUnconditionally 0 -> 0
2022-10-13 10:40:53,951 [s0@group-6905249F38B1->s1-GrpcLogAppender-LogAppenderDaemon] INFO  server.GrpcLogAppender (GrpcLogAppender.java:installSnapshot(633)) - s0@group-6905249F38B1->s1-GrpcLogAppender: followerNextIndex = 0 but logStartIndex = 255, notify follower to install snapshot-(t:2, i:255)
2022-10-13 10:40:53,951 [s0@group-6905249F38B1->s1-GrpcLogAppender-LogAppenderDaemon] INFO  server.GrpcLogAppender (GrpcLogAppender.java:installSnapshot(641)) - s0@group-6905249F38B1->s1-GrpcLogAppender: send s0->s1#0-t2,notify:(t:2, i:255)
2022-10-13 10:40:53,951 [grpc-default-executor-0] INFO  impl.SnapshotInstallationHandler (SnapshotInstallationHandler.java:installSnapshot(89)) - s2@group-6905249F38B1: receive installSnapshot: s0->s2#0-t2,notify:(t:2, i:255)
2022-10-13 10:40:53,951 [grpc-default-executor-0] INFO  impl.SnapshotInstallationHandler (SnapshotInstallationHandler.java:installSnapshot(100)) - s2@group-6905249F38B1: reply installSnapshot: s0<-s2#0:FAIL-t2,IN_PROGRESS
2022-10-13 10:40:53,951 [grpc-default-executor-3] INFO  server.GrpcServerProtocolService (GrpcServerProtocolService.java:onCompleted(143)) - s2: Completed INSTALL_SNAPSHOT, lastRequest: s0->s2#0-t2,notify:(t:2, i:255)
2022-10-13 10:40:53,952 [grpc-default-executor-3] INFO  server.GrpcLogAppender (GrpcLogAppender.java:onNext(492)) - s0@group-6905249F38B1->s2-InstallSnapshotResponseHandler: received a reply s0<-s2#0:FAIL-t2,IN_PROGRESS
2022-10-13 10:40:53,952 [grpc-default-executor-3] INFO  server.GrpcLogAppender (GrpcLogAppender.java:onNext(510)) - s0@group-6905249F38B1->s2-InstallSnapshotResponseHandler: InstallSnapshot in progress.
2022-10-13 10:40:53,952 [grpc-default-executor-3] INFO  impl.SnapshotInstallationHandler (SnapshotInstallationHandler.java:installSnapshot(89)) - s1@group-6905249F38B1: receive installSnapshot: s0->s1#0-t2,notify:(t:2, i:255)
2022-10-13 10:40:53,952 [grpc-default-executor-3] INFO  impl.SnapshotInstallationHandler (SnapshotInstallationHandler.java:installSnapshot(100)) - s1@group-6905249F38B1: reply installSnapshot: s0<-s1#0:FAIL-t2,IN_PROGRESS
2022-10-13 10:40:53,952 [grpc-default-executor-3] INFO  server.GrpcServerProtocolService (GrpcServerProtocolService.java:onCompleted(143)) - s1: Completed INSTALL_SNAPSHOT, lastRequest: s0->s1#0-t2,notify:(t:2, i:255)
2022-10-13 10:40:53,952 [grpc-default-executor-4] INFO  server.GrpcLogAppender (GrpcLogAppender.java:onNext(492)) - s0@group-6905249F38B1->s1-InstallSnapshotResponseHandler: received a reply s0<-s1#0:FAIL-t2,IN_PROGRESS
2022-10-13 10:40:53,952 [grpc-default-executor-4] INFO  server.GrpcLogAppender (GrpcLogAppender.java:onNext(510)) - s0@group-6905249F38B1->s1-InstallSnapshotResponseHandler: InstallSnapshot in progress.
2022-10-13 10:40:53,953 [s2-server-thread1] INFO  server.RaftServer$Division (RaftServerImpl.java:checkInconsistentAppendEntries(1577)) - s2@group-6905249F38B1: Failed appendEntries as snapshot (255) installation is in progress
2022-10-13 10:40:53,953 [s2-server-thread1] INFO  server.RaftServer$Division (RaftServerImpl.java:checkInconsistentAppendEntries(1569)) - s2@group-6905249F38B1: inconsistency entries. Reply:s0<-s2#79:FAIL-t2,INCONSISTENCY,nextIndex=0,followerCommit=-1,matchIndex=-1
2022-10-13 10:40:53,955 [grpc-default-executor-0] INFO  leader.FollowerInfo (FollowerInfoImpl.java:lambda$new$0(48)) - s0@group-6905249F38B1->s2: nextIndex: updateUnconditionally 0 -> 0
2022-10-13 10:40:53,955 [s0@group-6905249F38B1->s2-GrpcLogAppender-LogAppenderDaemon] INFO  server.GrpcLogAppender (GrpcLogAppender.java:installSnapshot(633)) - s0@group-6905249F38B1->s2-GrpcLogAppender: followerNextIndex = 0 but logStartIndex = 255, notify follower to install snapshot-(t:2, i:255)
2022-10-13 10:40:53,955 [s0@group-6905249F38B1->s2-GrpcLogAppender-LogAppenderDaemon] INFO  server.GrpcLogAppender (GrpcLogAppender.java:installSnapshot(641)) - s0@group-6905249F38B1->s2-GrpcLogAppender: send s0->s2#0-t2,notify:(t:2, i:255)
2022-10-13 10:40:53,955 [s1-server-thread1] INFO  server.RaftServer$Division (RaftServerImpl.java:checkInconsistentAppendEntries(1577)) - s1@group-6905249F38B1: Failed appendEntries as snapshot (255) installation is in progress
2022-10-13 10:40:53,955 [s1-server-thread1] INFO  server.RaftServer$Division (RaftServerImpl.java:checkInconsistentAppendEntries(1569)) - s1@group-6905249F38B1: inconsistency entries. Reply:s0<-s1#102:FAIL-t2,INCONSISTENCY,nextIndex=0,followerCommit=-1,matchIndex=-1
2022-10-13 10:40:53,956 [grpc-default-executor-0] INFO  leader.FollowerInfo (FollowerInfoImpl.java:lambda$new$0(48)) - s0@group-6905249F38B1->s1: nextIndex: updateUnconditionally 0 -> 0
2022-10-13 10:40:53,956 [s0@group-6905249F38B1->s1-GrpcLogAppender-LogAppenderDaemon] INFO  server.GrpcLogAppender (GrpcLogAppender.java:installSnapshot(633)) - s0@group-6905249F38B1->s1-GrpcLogAppender: followerNextIndex = 0 but logStartIndex = 255, notify follower to install snapshot-(t:2, i:255)
2022-10-13 10:40:53,956 [s0@group-6905249F38B1->s1-GrpcLogAppender-LogAppenderDaemon] INFO  server.GrpcLogAppender (GrpcLogAppender.java:installSnapshot(641)) - s0@group-6905249F38B1->s1-GrpcLogAppender: send s0->s1#0-t2,notify:(t:2, i:255)
2022-10-13 10:40:53,956 [grpc-default-executor-0] INFO  impl.SnapshotInstallationHandler (SnapshotInstallationHandler.java:installSnapshot(89)) - s2@group-6905249F38B1: receive installSnapshot: s0->s2#0-t2,notify:(t:2, i:255)
2022-10-13 10:40:53,956 [grpc-default-executor-0] INFO  impl.SnapshotInstallationHandler (SnapshotInstallationHandler.java:installSnapshot(100)) - s2@group-6905249F38B1: reply installSnapshot: s0<-s2#0:FAIL-t2,IN_PROGRESS
2022-10-13 10:40:53,957 [grpc-default-executor-3] INFO  server.GrpcServerProtocolService (GrpcServerProtocolService.java:onCompleted(143)) - s2: Completed INSTALL_SNAPSHOT, lastRequest: s0->s2#0-t2,notify:(t:2, i:255)
2022-10-13 10:40:53,957 [grpc-default-executor-3] INFO  server.GrpcLogAppender (GrpcLogAppender.java:onNext(492)) - s0@group-6905249F38B1->s2-InstallSnapshotResponseHandler: received a reply s0<-s2#0:FAIL-t2,IN_PROGRESS
2022-10-13 10:40:53,957 [grpc-default-executor-3] INFO  server.GrpcLogAppender (GrpcLogAppender.java:onNext(510)) - s0@group-6905249F38B1->s2-InstallSnapshotResponseHandler: InstallSnapshot in progress.
2022-10-13 10:40:53,957 [grpc-default-executor-3] INFO  impl.SnapshotInstallationHandler (SnapshotInstallationHandler.java:installSnapshot(89)) - s1@group-6905249F38B1: receive installSnapshot: s0->s1#0-t2,notify:(t:2, i:255)
2022-10-13 10:40:53,957 [grpc-default-executor-3] INFO  impl.SnapshotInstallationHandler (SnapshotInstallationHandler.java:installSnapshot(100)) - s1@group-6905249F38B1: reply installSnapshot: s0<-s1#0:FAIL-t2,IN_PROGRESS
2022-10-13 10:40:53,957 [grpc-default-executor-3] INFO  server.GrpcServerProtocolService (GrpcServerProtocolService.java:onCompleted(143)) - s1: Completed INSTALL_SNAPSHOT, lastRequest: s0->s1#0-t2,notify:(t:2, i:255)
2022-10-13 10:40:53,958 [grpc-default-executor-4] INFO  server.GrpcLogAppender (GrpcLogAppender.java:onNext(492)) - s0@group-6905249F38B1->s1-InstallSnapshotResponseHandler: received a reply s0<-s1#0:FAIL-t2,IN_PROGRESS
2022-10-13 10:40:53,958 [grpc-default-executor-4] INFO  server.GrpcLogAppender (GrpcLogAppender.java:onNext(510)) - s0@group-6905249F38B1->s1-InstallSnapshotResponseHandler: InstallSnapshot in progress.
2022-10-13 10:40:53,958 [s2-server-thread1] INFO  server.RaftServer$Division (RaftServerImpl.java:checkInconsistentAppendEntries(1577)) - s2@group-6905249F38B1: Failed appendEntries as snapshot (255) installation is in progress
2022-10-13 10:40:53,958 [s2-server-thread1] INFO  server.RaftServer$Division (RaftServerImpl.java:checkInconsistentAppendEntries(1569)) - s2@group-6905249F38B1: inconsistency entries. Reply:s0<-s2#80:FAIL-t2,INCONSISTENCY,nextIndex=0,followerCommit=-1,matchIndex=-1
2022-10-13 10:40:53,967 [grpc-default-executor-0] INFO  leader.FollowerInfo (FollowerInfoImpl.java:lambda$new$0(48)) - s0@group-6905249F38B1->s2: nextIndex: updateUnconditionally 0 -> 0
2022-10-13 10:40:53,967 [s0@group-6905249F38B1->s2-GrpcLogAppender-LogAppenderDaemon] INFO  server.GrpcLogAppender (GrpcLogAppender.java:installSnapshot(633)) - s0@group-6905249F38B1->s2-GrpcLogAppender: followerNextIndex = 0 but logStartIndex = 255, notify follower to install snapshot-(t:2, i:255)
2022-10-13 10:40:53,967 [s0@group-6905249F38B1->s2-GrpcLogAppender-LogAppenderDaemon] INFO  server.GrpcLogAppender (GrpcLogAppender.java:installSnapshot(641)) - s0@group-6905249F38B1->s2-GrpcLogAppender: send s0->s2#0-t2,notify:(t:2, i:255)
2022-10-13 10:40:53,968 [s1-server-thread1] INFO  server.RaftServer$Division (RaftServerImpl.java:checkInconsistentAppendEntries(1577)) - s1@group-6905249F38B1: Failed appendEntries as snapshot (255) installation is in progress
2022-10-13 10:40:53,968 [s1-server-thread1] INFO  server.RaftServer$Division (RaftServerImpl.java:checkInconsistentAppendEntries(1569)) - s1@group-6905249F38B1: inconsistency entries. Reply:s0<-s1#103:FAIL-t2,INCONSISTENCY,nextIndex=0,followerCommit=-1,matchIndex=-1
2022-10-13 10:40:53,968 [s0@group-6905249F38B1->s1-GrpcLogAppender-LogAppenderDaemon] INFO  server.GrpcLogAppender (GrpcLogAppender.java:installSnapshot(633)) - s0@group-6905249F38B1->s1-GrpcLogAppender: followerNextIndex = 0 but logStartIndex = 255, notify follower to install snapshot-(t:2, i:255)
2022-10-13 10:40:53,968 [s0@group-6905249F38B1->s1-GrpcLogAppender-LogAppenderDaemon] INFO  server.GrpcLogAppender (GrpcLogAppender.java:installSnapshot(641)) - s0@group-6905249F38B1->s1-GrpcLogAppender: send s0->s1#0-t2,notify:(t:2, i:255)
2022-10-13 10:40:53,968 [grpc-default-executor-0] INFO  leader.FollowerInfo (FollowerInfoImpl.java:lambda$new$0(48)) - s0@group-6905249F38B1->s1: nextIndex: updateUnconditionally 0 -> 0
2022-10-13 10:40:53,969 [grpc-default-executor-3] INFO  impl.SnapshotInstallationHandler (SnapshotInstallationHandler.java:installSnapshot(89)) - s2@group-6905249F38B1: receive installSnapshot: s0->s2#0-t2,notify:(t:2, i:255)
2022-10-13 10:40:53,969 [grpc-default-executor-3] INFO  impl.SnapshotInstallationHandler (SnapshotInstallationHandler.java:installSnapshot(100)) - s2@group-6905249F38B1: reply installSnapshot: s0<-s2#0:FAIL-t2,IN_PROGRESS
2022-10-13 10:40:53,969 [grpc-default-executor-3] INFO  server.GrpcServerProtocolService (GrpcServerProtocolService.java:onCompleted(143)) - s2: Completed INSTALL_SNAPSHOT, lastRequest: s0->s2#0-t2,notify:(t:2, i:255)
2022-10-13 10:40:53,969 [grpc-default-executor-3] INFO  server.GrpcLogAppender (GrpcLogAppender.java:onNext(492)) - s0@group-6905249F38B1->s2-InstallSnapshotResponseHandler: received a reply s0<-s2#0:FAIL-t2,IN_PROGRESS
2022-10-13 10:40:53,969 [grpc-default-executor-3] INFO  server.GrpcLogAppender (GrpcLogAppender.java:onNext(510)) - s0@group-6905249F38B1->s2-InstallSnapshotResponseHandler: InstallSnapshot in progress.
2022-10-13 10:40:53,970 [grpc-default-executor-4] INFO  impl.SnapshotInstallationHandler (SnapshotInstallationHandler.java:installSnapshot(89)) - s1@group-6905249F38B1: receive installSnapshot: s0->s1#0-t2,notify:(t:2, i:255)
2022-10-13 10:40:53,970 [grpc-default-executor-4] INFO  impl.SnapshotInstallationHandler (SnapshotInstallationHandler.java:installSnapshot(100)) - s1@group-6905249F38B1: reply installSnapshot: s0<-s1#0:FAIL-t2,IN_PROGRESS
2022-10-13 10:40:53,970 [grpc-default-executor-4] INFO  server.GrpcServerProtocolService (GrpcServerProtocolService.java:onCompleted(143)) - s1: Completed INSTALL_SNAPSHOT, lastRequest: s0->s1#0-t2,notify:(t:2, i:255)
2022-10-13 10:40:53,970 [grpc-default-executor-0] INFO  server.GrpcLogAppender (GrpcLogAppender.java:onNext(492)) - s0@group-6905249F38B1->s1-InstallSnapshotResponseHandler: received a reply s0<-s1#0:FAIL-t2,IN_PROGRESS
2022-10-13 10:40:53,970 [grpc-default-executor-0] INFO  server.GrpcLogAppender (GrpcLogAppender.java:onNext(510)) - s0@group-6905249F38B1->s1-InstallSnapshotResponseHandler: InstallSnapshot in progress.
2022-10-13 10:40:53,970 [s2-server-thread1] INFO  server.RaftServer$Division (RaftServerImpl.java:checkInconsistentAppendEntries(1577)) - s2@group-6905249F38B1: Failed appendEntries as snapshot (255) installation is in progress
2022-10-13 10:40:53,970 [s2-server-thread1] INFO  server.RaftServer$Division (RaftServerImpl.java:checkInconsistentAppendEntries(1569)) - s2@group-6905249F38B1: inconsistency entries. Reply:s0<-s2#81:FAIL-t2,INCONSISTENCY,nextIndex=0,followerCommit=-1,matchIndex=-1
2022-10-13 10:40:53,971 [s1-server-thread1] INFO  server.RaftServer$Division (RaftServerImpl.java:checkInconsistentAppendEntries(1577)) - s1@group-6905249F38B1: Failed appendEntries as snapshot (255) installation is in progress
2022-10-13 10:40:53,971 [s1-server-thread1] INFO  server.RaftServer$Division (RaftServerImpl.java:checkInconsistentAppendEntries(1569)) - s1@group-6905249F38B1: inconsistency entries. Reply:s0<-s1#104:FAIL-t2,INCONSISTENCY,nextIndex=0,followerCommit=-1,matchIndex=-1
2022-10-13 10:40:53,971 [grpc-default-executor-0] INFO  leader.FollowerInfo (FollowerInfoImpl.java:lambda$new$0(48)) - s0@group-6905249F38B1->s2: nextIndex: updateUnconditionally 0 -> 0
2022-10-13 10:40:53,971 [s0@group-6905249F38B1->s2-GrpcLogAppender-LogAppenderDaemon] INFO  server.GrpcLogAppender (GrpcLogAppender.java:installSnapshot(633)) - s0@group-6905249F38B1->s2-GrpcLogAppender: followerNextIndex = 0 but logStartIndex = 255, notify follower to install snapshot-(t:2, i:255)
2022-10-13 10:40:53,971 [s0@group-6905249F38B1->s2-GrpcLogAppender-LogAppenderDaemon] INFO  server.GrpcLogAppender (GrpcLogAppender.java:installSnapshot(641)) - s0@group-6905249F38B1->s2-GrpcLogAppender: send s0->s2#0-t2,notify:(t:2, i:255)
2022-10-13 10:40:53,972 [grpc-default-executor-3] INFO  leader.FollowerInfo (FollowerInfoImpl.java:lambda$new$0(48)) - s0@group-6905249F38B1->s1: nextIndex: updateUnconditionally 0 -> 0
2022-10-13 10:40:53,972 [grpc-default-executor-0] INFO  impl.SnapshotInstallationHandler (SnapshotInstallationHandler.java:installSnapshot(89)) - s2@group-6905249F38B1: receive installSnapshot: s0->s2#0-t2,notify:(t:2, i:255)
2022-10-13 10:40:53,972 [grpc-default-executor-0] INFO  impl.SnapshotInstallationHandler (SnapshotInstallationHandler.java:installSnapshot(100)) - s2@group-6905249F38B1: reply installSnapshot: s0<-s2#0:FAIL-t2,IN_PROGRESS
2022-10-13 10:40:53,972 [grpc-default-executor-0] INFO  server.GrpcServerProtocolService (GrpcServerProtocolService.java:onCompleted(143)) - s2: Completed INSTALL_SNAPSHOT, lastRequest: s0->s2#0-t2,notify:(t:2, i:255)
2022-10-13 10:40:53,972 [s0@group-6905249F38B1->s1-GrpcLogAppender-LogAppenderDaemon] INFO  server.GrpcLogAppender (GrpcLogAppender.java:installSnapshot(633)) - s0@group-6905249F38B1->s1-GrpcLogAppender: followerNextIndex = 0 but logStartIndex = 255, notify follower to install snapshot-(t:2, i:255)
2022-10-13 10:40:53,972 [s0@group-6905249F38B1->s1-GrpcLogAppender-LogAppenderDaemon] INFO  server.GrpcLogAppender (GrpcLogAppender.java:installSnapshot(641)) - s0@group-6905249F38B1->s1-GrpcLogAppender: send s0->s1#0-t2,notify:(t:2, i:255)
2022-10-13 10:40:53,973 [grpc-default-executor-3] INFO  server.GrpcLogAppender (GrpcLogAppender.java:onNext(492)) - s0@group-6905249F38B1->s2-InstallSnapshotResponseHandler: received a reply s0<-s2#0:FAIL-t2,IN_PROGRESS
2022-10-13 10:40:53,973 [grpc-default-executor-3] INFO  server.GrpcLogAppender (GrpcLogAppender.java:onNext(510)) - s0@group-6905249F38B1->s2-InstallSnapshotResponseHandler: InstallSnapshot in progress.
2022-10-13 10:40:53,973 [grpc-default-executor-4] INFO  impl.SnapshotInstallationHandler (SnapshotInstallationHandler.java:installSnapshot(89)) - s1@group-6905249F38B1: receive installSnapshot: s0->s1#0-t2,notify:(t:2, i:255)
2022-10-13 10:40:53,973 [grpc-default-executor-4] INFO  impl.SnapshotInstallationHandler (SnapshotInstallationHandler.java:installSnapshot(100)) - s1@group-6905249F38B1: reply installSnapshot: s0<-s1#0:FAIL-t2,IN_PROGRESS
2022-10-13 10:40:53,973 [grpc-default-executor-4] INFO  server.GrpcServerProtocolService (GrpcServerProtocolService.java:onCompleted(143)) - s1: Completed INSTALL_SNAPSHOT, lastRequest: s0->s1#0-t2,notify:(t:2, i:255)
2022-10-13 10:40:53,974 [grpc-default-executor-4] INFO  server.GrpcLogAppender (GrpcLogAppender.java:onNext(492)) - s0@group-6905249F38B1->s1-InstallSnapshotResponseHandler: received a reply s0<-s1#0:FAIL-t2,IN_PROGRESS
2022-10-13 10:40:53,974 [grpc-default-executor-4] INFO  server.GrpcLogAppender (GrpcLogAppender.java:onNext(510)) - s0@group-6905249F38B1->s1-InstallSnapshotResponseHandler: InstallSnapshot in progress.
2022-10-13 10:40:53,974 [s2-server-thread1] INFO  server.RaftServer$Division (RaftServerImpl.java:checkInconsistentAppendEntries(1577)) - s2@group-6905249F38B1: Failed appendEntries as snapshot (255) installation is in progress
2022-10-13 10:40:53,974 [s2-server-thread1] INFO  server.RaftServer$Division (RaftServerImpl.java:checkInconsistentAppendEntries(1569)) - s2@group-6905249F38B1: inconsistency entries. Reply:s0<-s2#82:FAIL-t2,INCONSISTENCY,nextIndex=0,followerCommit=-1,matchIndex=-1
2022-10-13 10:40:53,975 [s1-server-thread1] INFO  server.RaftServer$Division (RaftServerImpl.java:checkInconsistentAppendEntries(1577)) - s1@group-6905249F38B1: Failed appendEntries as snapshot (255) installation is in progress
2022-10-13 10:40:53,975 [s1-server-thread1] INFO  server.RaftServer$Division (RaftServerImpl.java:checkInconsistentAppendEntries(1569)) - s1@group-6905249F38B1: inconsistency entries. Reply:s0<-s1#105:FAIL-t2,INCONSISTENCY,nextIndex=0,followerCommit=-1,matchIndex=-1
2022-10-13 10:40:53,975 [grpc-default-executor-3] INFO  leader.FollowerInfo (FollowerInfoImpl.java:lambda$new$0(48)) - s0@group-6905249F38B1->s1: nextIndex: updateUnconditionally 0 -> 0
2022-10-13 10:40:53,975 [s0@group-6905249F38B1->s1-GrpcLogAppender-LogAppenderDaemon] INFO  server.GrpcLogAppender (GrpcLogAppender.java:installSnapshot(633)) - s0@group-6905249F38B1->s1-GrpcLogAppender: followerNextIndex = 0 but logStartIndex = 255, notify follower to install snapshot-(t:2, i:255)
2022-10-13 10:40:53,975 [grpc-default-executor-4] INFO  leader.FollowerInfo (FollowerInfoImpl.java:lambda$new$0(48)) - s0@group-6905249F38B1->s2: nextIndex: updateUnconditionally 0 -> 0
2022-10-13 10:40:53,975 [s0@group-6905249F38B1->s1-GrpcLogAppender-LogAppenderDaemon] INFO  server.GrpcLogAppender (GrpcLogAppender.java:installSnapshot(641)) - s0@group-6905249F38B1->s1-GrpcLogAppender: send s0->s1#0-t2,notify:(t:2, i:255)
2022-10-13 10:40:53,975 [s0@group-6905249F38B1->s2-GrpcLogAppender-LogAppenderDaemon] INFO  server.GrpcLogAppender (GrpcLogAppender.java:installSnapshot(633)) - s0@group-6905249F38B1->s2-GrpcLogAppender: followerNextIndex = 0 but logStartIndex = 255, notify follower to install snapshot-(t:2, i:255)
2022-10-13 10:40:53,975 [s0@group-6905249F38B1->s2-GrpcLogAppender-LogAppenderDaemon] INFO  server.GrpcLogAppender (GrpcLogAppender.java:installSnapshot(641)) - s0@group-6905249F38B1->s2-GrpcLogAppender: send s0->s2#0-t2,notify:(t:2, i:255)
2022-10-13 10:40:53,976 [grpc-default-executor-4] INFO  impl.SnapshotInstallationHandler (SnapshotInstallationHandler.java:installSnapshot(89)) - s2@group-6905249F38B1: receive installSnapshot: s0->s2#0-t2,notify:(t:2, i:255)
2022-10-13 10:40:53,976 [grpc-default-executor-4] INFO  impl.SnapshotInstallationHandler (SnapshotInstallationHandler.java:installSnapshot(100)) - s2@group-6905249F38B1: reply installSnapshot: s0<-s2#0:FAIL-t2,IN_PROGRESS
2022-10-13 10:40:53,976 [grpc-default-executor-4] INFO  server.GrpcServerProtocolService (GrpcServerProtocolService.java:onCompleted(143)) - s2: Completed INSTALL_SNAPSHOT, lastRequest: s0->s2#0-t2,notify:(t:2, i:255)
2022-10-13 10:40:53,977 [grpc-default-executor-3] INFO  impl.SnapshotInstallationHandler (SnapshotInstallationHandler.java:installSnapshot(89)) - s1@group-6905249F38B1: receive installSnapshot: s0->s1#0-t2,notify:(t:2, i:255)
2022-10-13 10:40:53,977 [grpc-default-executor-3] INFO  impl.SnapshotInstallationHandler (SnapshotInstallationHandler.java:installSnapshot(100)) - s1@group-6905249F38B1: reply installSnapshot: s0<-s1#0:FAIL-t2,IN_PROGRESS
2022-10-13 10:40:53,977 [grpc-default-executor-3] INFO  server.GrpcServerProtocolService (GrpcServerProtocolService.java:onCompleted(143)) - s1: Completed INSTALL_SNAPSHOT, lastRequest: s0->s1#0-t2,notify:(t:2, i:255)
2022-10-13 10:40:53,977 [grpc-default-executor-0] INFO  server.GrpcLogAppender (GrpcLogAppender.java:onNext(492)) - s0@group-6905249F38B1->s1-InstallSnapshotResponseHandler: received a reply s0<-s1#0:FAIL-t2,IN_PROGRESS
2022-10-13 10:40:53,977 [grpc-default-executor-4] INFO  server.GrpcLogAppender (GrpcLogAppender.java:onNext(492)) - s0@group-6905249F38B1->s2-InstallSnapshotResponseHandler: received a reply s0<-s2#0:FAIL-t2,IN_PROGRESS
2022-10-13 10:40:53,977 [grpc-default-executor-4] INFO  server.GrpcLogAppender (GrpcLogAppender.java:onNext(510)) - s0@group-6905249F38B1->s2-InstallSnapshotResponseHandler: InstallSnapshot in progress.
2022-10-13 10:40:53,977 [grpc-default-executor-0] INFO  server.GrpcLogAppender (GrpcLogAppender.java:onNext(510)) - s0@group-6905249F38B1->s1-InstallSnapshotResponseHandler: InstallSnapshot in progress.
2022-10-13 10:40:53,978 [s2-server-thread1] INFO  server.RaftServer$Division (RaftServerImpl.java:checkInconsistentAppendEntries(1577)) - s2@group-6905249F38B1: Failed appendEntries as snapshot (255) installation is in progress
2022-10-13 10:40:53,978 [s2-server-thread1] INFO  server.RaftServer$Division (RaftServerImpl.java:checkInconsistentAppendEntries(1569)) - s2@group-6905249F38B1: inconsistency entries. Reply:s0<-s2#83:FAIL-t2,INCONSISTENCY,nextIndex=0,followerCommit=-1,matchIndex=-1
2022-10-13 10:40:53,978 [s1-server-thread1] INFO  server.RaftServer$Division (RaftServerImpl.java:checkInconsistentAppendEntries(1577)) - s1@group-6905249F38B1: Failed appendEntries as snapshot (255) installation is in progress
2022-10-13 10:40:53,978 [s1-server-thread1] INFO  server.RaftServer$Division (RaftServerImpl.java:checkInconsistentAppendEntries(1569)) - s1@group-6905249F38B1: inconsistency entries. Reply:s0<-s1#106:FAIL-t2,INCONSISTENCY,nextIndex=0,followerCommit=-1,matchIndex=-1
2022-10-13 10:40:53,978 [grpc-default-executor-0] INFO  leader.FollowerInfo (FollowerInfoImpl.java:lambda$new$0(48)) - s0@group-6905249F38B1->s1: nextIndex: updateUnconditionally 0 -> 0
2022-10-13 10:40:53,978 [s0@group-6905249F38B1->s1-GrpcLogAppender-LogAppenderDaemon] INFO  server.GrpcLogAppender (GrpcLogAppender.java:installSnapshot(633)) - s0@group-6905249F38B1->s1-GrpcLogAppender: followerNextIndex = 0 but logStartIndex = 255, notify follower to install snapshot-(t:2, i:255)
2022-10-13 10:40:53,979 [s0@group-6905249F38B1->s1-GrpcLogAppender-LogAppenderDaemon] INFO  server.GrpcLogAppender (GrpcLogAppender.java:installSnapshot(641)) - s0@group-6905249F38B1->s1-GrpcLogAppender: send s0->s1#0-t2,notify:(t:2, i:255)
2022-10-13 10:40:53,979 [grpc-default-executor-3] INFO  leader.FollowerInfo (FollowerInfoImpl.java:lambda$new$0(48)) - s0@group-6905249F38B1->s2: nextIndex: updateUnconditionally 0 -> 0
2022-10-13 10:40:53,979 [s0@group-6905249F38B1->s2-GrpcLogAppender-LogAppenderDaemon] INFO  server.GrpcLogAppender (GrpcLogAppender.java:installSnapshot(633)) - s0@group-6905249F38B1->s2-GrpcLogAppender: followerNextIndex = 0 but logStartIndex = 255, notify follower to install snapshot-(t:2, i:255)
2022-10-13 10:40:53,979 [grpc-default-executor-0] INFO  impl.SnapshotInstallationHandler (SnapshotInstallationHandler.java:installSnapshot(89)) - s1@group-6905249F38B1: receive installSnapshot: s0->s1#0-t2,notify:(t:2, i:255)
2022-10-13 10:40:53,979 [grpc-default-executor-0] INFO  impl.SnapshotInstallationHandler (SnapshotInstallationHandler.java:installSnapshot(100)) - s1@group-6905249F38B1: reply installSnapshot: s0<-s1#0:FAIL-t2,IN_PROGRESS
2022-10-13 10:40:53,979 [grpc-default-executor-0] INFO  server.GrpcServerProtocolService (GrpcServerProtocolService.java:onCompleted(143)) - s1: Completed INSTALL_SNAPSHOT, lastRequest: s0->s1#0-t2,notify:(t:2, i:255)
2022-10-13 10:40:53,979 [s0@group-6905249F38B1->s2-GrpcLogAppender-LogAppenderDaemon] INFO  server.GrpcLogAppender (GrpcLogAppender.java:installSnapshot(641)) - s0@group-6905249F38B1->s2-GrpcLogAppender: send s0->s2#0-t2,notify:(t:2, i:255)
2022-10-13 10:40:53,987 [grpc-default-executor-3] INFO  server.GrpcLogAppender (GrpcLogAppender.java:onNext(492)) - s0@group-6905249F38B1->s1-InstallSnapshotResponseHandler: received a reply s0<-s1#0:FAIL-t2,IN_PROGRESS
2022-10-13 10:40:53,988 [grpc-default-executor-3] INFO  server.GrpcLogAppender (GrpcLogAppender.java:onNext(510)) - s0@group-6905249F38B1->s1-InstallSnapshotResponseHandler: InstallSnapshot in progress.
2022-10-13 10:40:53,988 [grpc-default-executor-4] INFO  impl.SnapshotInstallationHandler (SnapshotInstallationHandler.java:installSnapshot(89)) - s2@group-6905249F38B1: receive installSnapshot: s0->s2#0-t2,notify:(t:2, i:255)
2022-10-13 10:40:53,988 [s1-server-thread1] INFO  server.RaftServer$Division (RaftServerImpl.java:checkInconsistentAppendEntries(1577)) - s1@group-6905249F38B1: Failed appendEntries as snapshot (255) installation is in progress
2022-10-13 10:40:53,988 [grpc-default-executor-4] INFO  impl.SnapshotInstallationHandler (SnapshotInstallationHandler.java:installSnapshot(100)) - s2@group-6905249F38B1: reply installSnapshot: s0<-s2#0:FAIL-t2,IN_PROGRESS
2022-10-13 10:40:53,988 [s1-server-thread1] INFO  server.RaftServer$Division (RaftServerImpl.java:checkInconsistentAppendEntries(1569)) - s1@group-6905249F38B1: inconsistency entries. Reply:s0<-s1#107:FAIL-t2,INCONSISTENCY,nextIndex=0,followerCommit=-1,matchIndex=-1
2022-10-13 10:40:53,988 [grpc-default-executor-4] INFO  server.GrpcServerProtocolService (GrpcServerProtocolService.java:onCompleted(143)) - s2: Completed INSTALL_SNAPSHOT, lastRequest: s0->s2#0-t2,notify:(t:2, i:255)
2022-10-13 10:40:53,989 [grpc-default-executor-4] INFO  server.GrpcLogAppender (GrpcLogAppender.java:onNext(492)) - s0@group-6905249F38B1->s2-InstallSnapshotResponseHandler: received a reply s0<-s2#0:FAIL-t2,IN_PROGRESS
2022-10-13 10:40:53,989 [grpc-default-executor-4] INFO  server.GrpcLogAppender (GrpcLogAppender.java:onNext(510)) - s0@group-6905249F38B1->s2-InstallSnapshotResponseHandler: InstallSnapshot in progress.
2022-10-13 10:40:53,989 [grpc-default-executor-4] INFO  leader.FollowerInfo (FollowerInfoImpl.java:lambda$new$0(48)) - s0@group-6905249F38B1->s1: nextIndex: updateUnconditionally 0 -> 0
2022-10-13 10:40:53,989 [s0@group-6905249F38B1->s1-GrpcLogAppender-LogAppenderDaemon] INFO  server.GrpcLogAppender (GrpcLogAppender.java:installSnapshot(633)) - s0@group-6905249F38B1->s1-GrpcLogAppender: followerNextIndex = 0 but logStartIndex = 255, notify follower to install snapshot-(t:2, i:255)
2022-10-13 10:40:53,989 [s0@group-6905249F38B1->s1-GrpcLogAppender-LogAppenderDaemon] INFO  server.GrpcLogAppender (GrpcLogAppender.java:installSnapshot(641)) - s0@group-6905249F38B1->s1-GrpcLogAppender: send s0->s1#0-t2,notify:(t:2, i:255)
2022-10-13 10:40:53,989 [s2-server-thread1] INFO  server.RaftServer$Division (RaftServerImpl.java:checkInconsistentAppendEntries(1577)) - s2@group-6905249F38B1: Failed appendEntries as snapshot (255) installation is in progress
2022-10-13 10:40:53,989 [s2-server-thread1] INFO  server.RaftServer$Division (RaftServerImpl.java:checkInconsistentAppendEntries(1569)) - s2@group-6905249F38B1: inconsistency entries. Reply:s0<-s2#84:FAIL-t2,INCONSISTENCY,nextIndex=0,followerCommit=-1,matchIndex=-1
2022-10-13 10:40:53,990 [grpc-default-executor-0] INFO  impl.SnapshotInstallationHandler (SnapshotInstallationHandler.java:installSnapshot(89)) - s1@group-6905249F38B1: receive installSnapshot: s0->s1#0-t2,notify:(t:2, i:255)
2022-10-13 10:40:53,990 [grpc-default-executor-0] INFO  impl.SnapshotInstallationHandler (SnapshotInstallationHandler.java:installSnapshot(100)) - s1@group-6905249F38B1: reply installSnapshot: s0<-s1#0:FAIL-t2,IN_PROGRESS
2022-10-13 10:40:53,990 [grpc-default-executor-0] INFO  server.GrpcServerProtocolService (GrpcServerProtocolService.java:onCompleted(143)) - s1: Completed INSTALL_SNAPSHOT, lastRequest: s0->s1#0-t2,notify:(t:2, i:255)
2022-10-13 10:40:53,991 [grpc-default-executor-0] INFO  server.GrpcLogAppender (GrpcLogAppender.java:onNext(492)) - s0@group-6905249F38B1->s1-InstallSnapshotResponseHandler: received a reply s0<-s1#0:FAIL-t2,IN_PROGRESS
2022-10-13 10:40:53,991 [grpc-default-executor-0] INFO  server.GrpcLogAppender (GrpcLogAppender.java:onNext(510)) - s0@group-6905249F38B1->s1-InstallSnapshotResponseHandler: InstallSnapshot in progress.
2022-10-13 10:40:53,991 [grpc-default-executor-0] INFO  leader.FollowerInfo (FollowerInfoImpl.java:lambda$new$0(48)) - s0@group-6905249F38B1->s2: nextIndex: updateUnconditionally 0 -> 0
2022-10-13 10:40:53,991 [s0@group-6905249F38B1->s2-GrpcLogAppender-LogAppenderDaemon] INFO  server.GrpcLogAppender (GrpcLogAppender.java:installSnapshot(633)) - s0@group-6905249F38B1->s2-GrpcLogAppender: followerNextIndex = 0 but logStartIndex = 255, notify follower to install snapshot-(t:2, i:255)
2022-10-13 10:40:53,991 [s0@group-6905249F38B1->s2-GrpcLogAppender-LogAppenderDaemon] INFO  server.GrpcLogAppender (GrpcLogAppender.java:installSnapshot(641)) - s0@group-6905249F38B1->s2-GrpcLogAppender: send s0->s2#0-t2,notify:(t:2, i:255)
2022-10-13 10:40:53,991 [s1-server-thread1] INFO  server.RaftServer$Division (RaftServerImpl.java:checkInconsistentAppendEntries(1577)) - s1@group-6905249F38B1: Failed appendEntries as snapshot (255) installation is in progress
2022-10-13 10:40:53,991 [s1-server-thread1] INFO  server.RaftServer$Division (RaftServerImpl.java:checkInconsistentAppendEntries(1569)) - s1@group-6905249F38B1: inconsistency entries. Reply:s0<-s1#108:FAIL-t2,INCONSISTENCY,nextIndex=0,followerCommit=-1,matchIndex=-1
2022-10-13 10:40:53,992 [grpc-default-executor-4] INFO  leader.FollowerInfo (FollowerInfoImpl.java:lambda$new$0(48)) - s0@group-6905249F38B1->s1: nextIndex: updateUnconditionally 0 -> 0
2022-10-13 10:40:53,992 [grpc-default-executor-0] INFO  impl.SnapshotInstallationHandler (SnapshotInstallationHandler.java:installSnapshot(89)) - s2@group-6905249F38B1: receive installSnapshot: s0->s2#0-t2,notify:(t:2, i:255)
2022-10-13 10:40:53,992 [s0@group-6905249F38B1->s1-GrpcLogAppender-LogAppenderDaemon] INFO  server.GrpcLogAppender (GrpcLogAppender.java:installSnapshot(633)) - s0@group-6905249F38B1->s1-GrpcLogAppender: followerNextIndex = 0 but logStartIndex = 255, notify follower to install snapshot-(t:2, i:255)
2022-10-13 10:40:53,992 [grpc-default-executor-0] INFO  impl.SnapshotInstallationHandler (SnapshotInstallationHandler.java:installSnapshot(100)) - s2@group-6905249F38B1: reply installSnapshot: s0<-s2#0:FAIL-t2,IN_PROGRESS
2022-10-13 10:40:53,992 [s0@group-6905249F38B1->s1-GrpcLogAppender-LogAppenderDaemon] INFO  server.GrpcLogAppender (GrpcLogAppender.java:installSnapshot(641)) - s0@group-6905249F38B1->s1-GrpcLogAppender: send s0->s1#0-t2,notify:(t:2, i:255)
2022-10-13 10:40:53,992 [grpc-default-executor-0] INFO  server.GrpcServerProtocolService (GrpcServerProtocolService.java:onCompleted(143)) - s2: Completed INSTALL_SNAPSHOT, lastRequest: s0->s2#0-t2,notify:(t:2, i:255)
2022-10-13 10:40:53,993 [grpc-default-executor-4] INFO  server.GrpcLogAppender (GrpcLogAppender.java:onNext(492)) - s0@group-6905249F38B1->s2-InstallSnapshotResponseHandler: received a reply s0<-s2#0:FAIL-t2,IN_PROGRESS
2022-10-13 10:40:53,993 [grpc-default-executor-4] INFO  server.GrpcLogAppender (GrpcLogAppender.java:onNext(510)) - s0@group-6905249F38B1->s2-InstallSnapshotResponseHandler: InstallSnapshot in progress.
2022-10-13 10:40:53,993 [grpc-default-executor-3] INFO  impl.SnapshotInstallationHandler (SnapshotInstallationHandler.java:installSnapshot(89)) - s1@group-6905249F38B1: receive installSnapshot: s0->s1#0-t2,notify:(t:2, i:255)
2022-10-13 10:40:53,993 [grpc-default-executor-3] INFO  impl.SnapshotInstallationHandler (SnapshotInstallationHandler.java:installSnapshot(100)) - s1@group-6905249F38B1: reply installSnapshot: s0<-s1#0:FAIL-t2,IN_PROGRESS
2022-10-13 10:40:53,993 [grpc-default-executor-3] INFO  server.GrpcServerProtocolService (GrpcServerProtocolService.java:onCompleted(143)) - s1: Completed INSTALL_SNAPSHOT, lastRequest: s0->s1#0-t2,notify:(t:2, i:255)
2022-10-13 10:40:53,994 [s2-server-thread1] INFO  server.RaftServer$Division (RaftServerImpl.java:checkInconsistentAppendEntries(1577)) - s2@group-6905249F38B1: Failed appendEntries as snapshot (255) installation is in progress
2022-10-13 10:40:53,994 [s2-server-thread1] INFO  server.RaftServer$Division (RaftServerImpl.java:checkInconsistentAppendEntries(1569)) - s2@group-6905249F38B1: inconsistency entries. Reply:s0<-s2#85:FAIL-t2,INCONSISTENCY,nextIndex=0,followerCommit=-1,matchIndex=-1
2022-10-13 10:40:53,994 [grpc-default-executor-3] INFO  server.GrpcLogAppender (GrpcLogAppender.java:onNext(492)) - s0@group-6905249F38B1->s1-InstallSnapshotResponseHandler: received a reply s0<-s1#0:FAIL-t2,IN_PROGRESS
2022-10-13 10:40:53,994 [grpc-default-executor-3] INFO  server.GrpcLogAppender (GrpcLogAppender.java:onNext(510)) - s0@group-6905249F38B1->s1-InstallSnapshotResponseHandler: InstallSnapshot in progress.
2022-10-13 10:40:53,994 [grpc-default-executor-0] INFO  leader.FollowerInfo (FollowerInfoImpl.java:lambda$new$0(48)) - s0@group-6905249F38B1->s2: nextIndex: updateUnconditionally 0 -> 0
2022-10-13 10:40:53,995 [s0@group-6905249F38B1->s2-GrpcLogAppender-LogAppenderDaemon] INFO  server.GrpcLogAppender (GrpcLogAppender.java:installSnapshot(633)) - s0@group-6905249F38B1->s2-GrpcLogAppender: followerNextIndex = 0 but logStartIndex = 255, notify follower to install snapshot-(t:2, i:255)
2022-10-13 10:40:53,995 [s0@group-6905249F38B1->s2-GrpcLogAppender-LogAppenderDaemon] INFO  server.GrpcLogAppender (GrpcLogAppender.java:installSnapshot(641)) - s0@group-6905249F38B1->s2-GrpcLogAppender: send s0->s2#0-t2,notify:(t:2, i:255)
2022-10-13 10:40:53,995 [s1-server-thread1] INFO  server.RaftServer$Division (RaftServerImpl.java:checkInconsistentAppendEntries(1577)) - s1@group-6905249F38B1: Failed appendEntries as snapshot (255) installation is in progress
2022-10-13 10:40:53,996 [s1-server-thread1] INFO  server.RaftServer$Division (RaftServerImpl.java:checkInconsistentAppendEntries(1569)) - s1@group-6905249F38B1: inconsistency entries. Reply:s0<-s1#109:FAIL-t2,INCONSISTENCY,nextIndex=0,followerCommit=-1,matchIndex=-1
2022-10-13 10:40:53,996 [grpc-default-executor-0] INFO  impl.SnapshotInstallationHandler (SnapshotInstallationHandler.java:installSnapshot(89)) - s2@group-6905249F38B1: receive installSnapshot: s0->s2#0-t2,notify:(t:2, i:255)
2022-10-13 10:40:53,996 [grpc-default-executor-0] INFO  impl.SnapshotInstallationHandler (SnapshotInstallationHandler.java:installSnapshot(100)) - s2@group-6905249F38B1: reply installSnapshot: s0<-s2#0:FAIL-t2,IN_PROGRESS
2022-10-13 10:40:53,996 [grpc-default-executor-0] INFO  server.GrpcServerProtocolService (GrpcServerProtocolService.java:onCompleted(143)) - s2: Completed INSTALL_SNAPSHOT, lastRequest: s0->s2#0-t2,notify:(t:2, i:255)
2022-10-13 10:40:53,996 [grpc-default-executor-3] INFO  server.GrpcLogAppender (GrpcLogAppender.java:onNext(492)) - s0@group-6905249F38B1->s2-InstallSnapshotResponseHandler: received a reply s0<-s2#0:FAIL-t2,IN_PROGRESS
2022-10-13 10:40:53,996 [grpc-default-executor-3] INFO  server.GrpcLogAppender (GrpcLogAppender.java:onNext(510)) - s0@group-6905249F38B1->s2-InstallSnapshotResponseHandler: InstallSnapshot in progress.
2022-10-13 10:40:53,996 [grpc-default-executor-0] INFO  leader.FollowerInfo (FollowerInfoImpl.java:lambda$new$0(48)) - s0@group-6905249F38B1->s1: nextIndex: updateUnconditionally 0 -> 0
2022-10-13 10:40:53,997 [s0@group-6905249F38B1->s1-GrpcLogAppender-LogAppenderDaemon] INFO  server.GrpcLogAppender (GrpcLogAppender.java:installSnapshot(633)) - s0@group-6905249F38B1->s1-GrpcLogAppender: followerNextIndex = 0 but logStartIndex = 255, notify follower to install snapshot-(t:2, i:255)
2022-10-13 10:40:53,997 [s0@group-6905249F38B1->s1-GrpcLogAppender-LogAppenderDaemon] INFO  server.GrpcLogAppender (GrpcLogAppender.java:installSnapshot(641)) - s0@group-6905249F38B1->s1-GrpcLogAppender: send s0->s1#0-t2,notify:(t:2, i:255)
2022-10-13 10:40:53,997 [s2-server-thread1] INFO  server.RaftServer$Division (RaftServerImpl.java:checkInconsistentAppendEntries(1577)) - s2@group-6905249F38B1: Failed appendEntries as snapshot (255) installation is in progress
2022-10-13 10:40:53,997 [s2-server-thread1] INFO  server.RaftServer$Division (RaftServerImpl.java:checkInconsistentAppendEntries(1569)) - s2@group-6905249F38B1: inconsistency entries. Reply:s0<-s2#86:FAIL-t2,INCONSISTENCY,nextIndex=0,followerCommit=-1,matchIndex=-1
2022-10-13 10:40:53,998 [grpc-default-executor-3] INFO  leader.FollowerInfo (FollowerInfoImpl.java:lambda$new$0(48)) - s0@group-6905249F38B1->s2: nextIndex: updateUnconditionally 0 -> 0
2022-10-13 10:40:53,998 [s0@group-6905249F38B1->s2-GrpcLogAppender-LogAppenderDaemon] INFO  server.GrpcLogAppender (GrpcLogAppender.java:installSnapshot(633)) - s0@group-6905249F38B1->s2-GrpcLogAppender: followerNextIndex = 0 but logStartIndex = 255, notify follower to install snapshot-(t:2, i:255)
2022-10-13 10:40:53,998 [grpc-default-executor-4] INFO  impl.SnapshotInstallationHandler (SnapshotInstallationHandler.java:installSnapshot(89)) - s1@group-6905249F38B1: receive installSnapshot: s0->s1#0-t2,notify:(t:2, i:255)
2022-10-13 10:40:53,998 [s0@group-6905249F38B1->s2-GrpcLogAppender-LogAppenderDaemon] INFO  server.GrpcLogAppender (GrpcLogAppender.java:installSnapshot(641)) - s0@group-6905249F38B1->s2-GrpcLogAppender: send s0->s2#0-t2,notify:(t:2, i:255)
2022-10-13 10:40:53,998 [grpc-default-executor-4] INFO  impl.SnapshotInstallationHandler (SnapshotInstallationHandler.java:installSnapshot(100)) - s1@group-6905249F38B1: reply installSnapshot: s0<-s1#0:FAIL-t2,IN_PROGRESS
2022-10-13 10:40:53,998 [grpc-default-executor-4] INFO  server.GrpcServerProtocolService (GrpcServerProtocolService.java:onCompleted(143)) - s1: Completed INSTALL_SNAPSHOT, lastRequest: s0->s1#0-t2,notify:(t:2, i:255)
2022-10-13 10:40:53,998 [grpc-default-executor-3] INFO  server.GrpcLogAppender (GrpcLogAppender.java:onNext(492)) - s0@group-6905249F38B1->s1-InstallSnapshotResponseHandler: received a reply s0<-s1#0:FAIL-t2,IN_PROGRESS
2022-10-13 10:40:53,999 [grpc-default-executor-3] INFO  server.GrpcLogAppender (GrpcLogAppender.java:onNext(510)) - s0@group-6905249F38B1->s1-InstallSnapshotResponseHandler: InstallSnapshot in progress.
2022-10-13 10:40:53,999 [grpc-default-executor-0] INFO  impl.SnapshotInstallationHandler (SnapshotInstallationHandler.java:installSnapshot(89)) - s2@group-6905249F38B1: receive installSnapshot: s0->s2#0-t2,notify:(t:2, i:255)
2022-10-13 10:40:53,999 [grpc-default-executor-0] INFO  impl.SnapshotInstallationHandler (SnapshotInstallationHandler.java:installSnapshot(100)) - s2@group-6905249F38B1: reply installSnapshot: s0<-s2#0:FAIL-t2,IN_PROGRESS
2022-10-13 10:40:53,999 [grpc-default-executor-0] INFO  server.GrpcServerProtocolService (GrpcServerProtocolService.java:onCompleted(143)) - s2: Completed INSTALL_SNAPSHOT, lastRequest: s0->s2#0-t2,notify:(t:2, i:255)
2022-10-13 10:40:53,999 [s1-server-thread1] INFO  server.RaftServer$Division (RaftServerImpl.java:checkInconsistentAppendEntries(1577)) - s1@group-6905249F38B1: Failed appendEntries as snapshot (255) installation is in progress
2022-10-13 10:40:53,999 [s1-server-thread1] INFO  server.RaftServer$Division (RaftServerImpl.java:checkInconsistentAppendEntries(1569)) - s1@group-6905249F38B1: inconsistency entries. Reply:s0<-s1#110:FAIL-t2,INCONSISTENCY,nextIndex=0,followerCommit=-1,matchIndex=-1
2022-10-13 10:40:53,999 [grpc-default-executor-4] INFO  server.GrpcLogAppender (GrpcLogAppender.java:onNext(492)) - s0@group-6905249F38B1->s2-InstallSnapshotResponseHandler: received a reply s0<-s2#0:FAIL-t2,IN_PROGRESS
2022-10-13 10:40:53,999 [grpc-default-executor-4] INFO  server.GrpcLogAppender (GrpcLogAppender.java:onNext(510)) - s0@group-6905249F38B1->s2-InstallSnapshotResponseHandler: InstallSnapshot in progress.
2022-10-13 10:40:54,000 [grpc-default-executor-0] INFO  leader.FollowerInfo (FollowerInfoImpl.java:lambda$new$0(48)) - s0@group-6905249F38B1->s1: nextIndex: updateUnconditionally 0 -> 0
2022-10-13 10:40:54,000 [s0@group-6905249F38B1->s1-GrpcLogAppender-LogAppenderDaemon] INFO  server.GrpcLogAppender (GrpcLogAppender.java:installSnapshot(633)) - s0@group-6905249F38B1->s1-GrpcLogAppender: followerNextIndex = 0 but logStartIndex = 255, notify follower to install snapshot-(t:2, i:255)
2022-10-13 10:40:54,000 [s0@group-6905249F38B1->s1-GrpcLogAppender-LogAppenderDaemon] INFO  server.GrpcLogAppender (GrpcLogAppender.java:installSnapshot(641)) - s0@group-6905249F38B1->s1-GrpcLogAppender: send s0->s1#0-t2,notify:(t:2, i:255)
2022-10-13 10:40:54,000 [s2-server-thread1] INFO  server.RaftServer$Division (RaftServerImpl.java:checkInconsistentAppendEntries(1577)) - s2@group-6905249F38B1: Failed appendEntries as snapshot (255) installation is in progress
2022-10-13 10:40:54,001 [s2-server-thread1] INFO  server.RaftServer$Division (RaftServerImpl.java:checkInconsistentAppendEntries(1569)) - s2@group-6905249F38B1: inconsistency entries. Reply:s0<-s2#87:FAIL-t2,INCONSISTENCY,nextIndex=0,followerCommit=-1,matchIndex=-1
2022-10-13 10:40:54,004 [grpc-default-executor-0] INFO  leader.FollowerInfo (FollowerInfoImpl.java:lambda$new$0(48)) - s0@group-6905249F38B1->s2: nextIndex: updateUnconditionally 0 -> 0
2022-10-13 10:40:54,004 [s0@group-6905249F38B1->s2-GrpcLogAppender-LogAppenderDaemon] INFO  server.GrpcLogAppender (GrpcLogAppender.java:installSnapshot(633)) - s0@group-6905249F38B1->s2-GrpcLogAppender: followerNextIndex = 0 but logStartIndex = 255, notify follower to install snapshot-(t:2, i:255)
2022-10-13 10:40:54,004 [s0@group-6905249F38B1->s2-GrpcLogAppender-LogAppenderDaemon] INFO  server.GrpcLogAppender (GrpcLogAppender.java:installSnapshot(641)) - s0@group-6905249F38B1->s2-GrpcLogAppender: send s0->s2#0-t2,notify:(t:2, i:255)
2022-10-13 10:40:54,011 [grpc-default-executor-0] INFO  impl.SnapshotInstallationHandler (SnapshotInstallationHandler.java:installSnapshot(89)) - s1@group-6905249F38B1: receive installSnapshot: s0->s1#0-t2,notify:(t:2, i:255)
2022-10-13 10:40:54,011 [grpc-default-executor-0] INFO  impl.SnapshotInstallationHandler (SnapshotInstallationHandler.java:installSnapshot(100)) - s1@group-6905249F38B1: reply installSnapshot: s0<-s1#0:FAIL-t2,IN_PROGRESS
2022-10-13 10:40:54,011 [grpc-default-executor-0] INFO  server.GrpcServerProtocolService (GrpcServerProtocolService.java:onCompleted(143)) - s1: Completed INSTALL_SNAPSHOT, lastRequest: s0->s1#0-t2,notify:(t:2, i:255)
2022-10-13 10:40:54,012 [grpc-default-executor-0] INFO  server.GrpcLogAppender (GrpcLogAppender.java:onNext(492)) - s0@group-6905249F38B1->s1-InstallSnapshotResponseHandler: received a reply s0<-s1#0:FAIL-t2,IN_PROGRESS
2022-10-13 10:40:54,012 [grpc-default-executor-0] INFO  server.GrpcLogAppender (GrpcLogAppender.java:onNext(510)) - s0@group-6905249F38B1->s1-InstallSnapshotResponseHandler: InstallSnapshot in progress.
2022-10-13 10:40:54,013 [grpc-default-executor-4] INFO  impl.SnapshotInstallationHandler (SnapshotInstallationHandler.java:installSnapshot(89)) - s2@group-6905249F38B1: receive installSnapshot: s0->s2#0-t2,notify:(t:2, i:255)
2022-10-13 10:40:54,013 [grpc-default-executor-4] INFO  impl.SnapshotInstallationHandler (SnapshotInstallationHandler.java:installSnapshot(100)) - s2@group-6905249F38B1: reply installSnapshot: s0<-s2#0:FAIL-t2,IN_PROGRESS
2022-10-13 10:40:54,013 [grpc-default-executor-4] INFO  server.GrpcServerProtocolService (GrpcServerProtocolService.java:onCompleted(143)) - s2: Completed INSTALL_SNAPSHOT, lastRequest: s0->s2#0-t2,notify:(t:2, i:255)
2022-10-13 10:40:54,013 [grpc-default-executor-4] INFO  server.GrpcLogAppender (GrpcLogAppender.java:onNext(492)) - s0@group-6905249F38B1->s2-InstallSnapshotResponseHandler: received a reply s0<-s2#0:FAIL-t2,IN_PROGRESS
2022-10-13 10:40:54,013 [grpc-default-executor-4] INFO  server.GrpcLogAppender (GrpcLogAppender.java:onNext(510)) - s0@group-6905249F38B1->s2-InstallSnapshotResponseHandler: InstallSnapshot in progress.
2022-10-13 10:40:54,013 [s1-server-thread1] INFO  server.RaftServer$Division (RaftServerImpl.java:checkInconsistentAppendEntries(1577)) - s1@group-6905249F38B1: Failed appendEntries as snapshot (255) installation is in progress
2022-10-13 10:40:54,013 [s1-server-thread1] INFO  server.RaftServer$Division (RaftServerImpl.java:checkInconsistentAppendEntries(1569)) - s1@group-6905249F38B1: inconsistency entries. Reply:s0<-s1#111:FAIL-t2,INCONSISTENCY,nextIndex=0,followerCommit=-1,matchIndex=-1
2022-10-13 10:40:54,014 [grpc-default-executor-4] INFO  leader.FollowerInfo (FollowerInfoImpl.java:lambda$new$0(48)) - s0@group-6905249F38B1->s1: nextIndex: updateUnconditionally 0 -> 0
2022-10-13 10:40:54,014 [s0@group-6905249F38B1->s1-GrpcLogAppender-LogAppenderDaemon] INFO  server.GrpcLogAppender (GrpcLogAppender.java:installSnapshot(633)) - s0@group-6905249F38B1->s1-GrpcLogAppender: followerNextIndex = 0 but logStartIndex = 255, notify follower to install snapshot-(t:2, i:255)
2022-10-13 10:40:54,014 [s0@group-6905249F38B1->s1-GrpcLogAppender-LogAppenderDaemon] INFO  server.GrpcLogAppender (GrpcLogAppender.java:installSnapshot(641)) - s0@group-6905249F38B1->s1-GrpcLogAppender: send s0->s1#0-t2,notify:(t:2, i:255)
2022-10-13 10:40:54,015 [s2-server-thread1] INFO  server.RaftServer$Division (RaftServerImpl.java:checkInconsistentAppendEntries(1577)) - s2@group-6905249F38B1: Failed appendEntries as snapshot (255) installation is in progress
2022-10-13 10:40:54,015 [s2-server-thread1] INFO  server.RaftServer$Division (RaftServerImpl.java:checkInconsistentAppendEntries(1569)) - s2@group-6905249F38B1: inconsistency entries. Reply:s0<-s2#88:FAIL-t2,INCONSISTENCY,nextIndex=0,followerCommit=-1,matchIndex=-1
2022-10-13 10:40:54,015 [grpc-default-executor-4] INFO  impl.SnapshotInstallationHandler (SnapshotInstallationHandler.java:installSnapshot(89)) - s1@group-6905249F38B1: receive installSnapshot: s0->s1#0-t2,notify:(t:2, i:255)
2022-10-13 10:40:54,015 [grpc-default-executor-0] INFO  leader.FollowerInfo (FollowerInfoImpl.java:lambda$new$0(48)) - s0@group-6905249F38B1->s2: nextIndex: updateUnconditionally 0 -> 0
2022-10-13 10:40:54,015 [grpc-default-executor-4] INFO  impl.SnapshotInstallationHandler (SnapshotInstallationHandler.java:installSnapshot(100)) - s1@group-6905249F38B1: reply installSnapshot: s0<-s1#0:FAIL-t2,IN_PROGRESS
2022-10-13 10:40:54,015 [s0@group-6905249F38B1->s2-GrpcLogAppender-LogAppenderDaemon] INFO  server.GrpcLogAppender (GrpcLogAppender.java:installSnapshot(633)) - s0@group-6905249F38B1->s2-GrpcLogAppender: followerNextIndex = 0 but logStartIndex = 255, notify follower to install snapshot-(t:2, i:255)
2022-10-13 10:40:54,015 [grpc-default-executor-4] INFO  server.GrpcServerProtocolService (GrpcServerProtocolService.java:onCompleted(143)) - s1: Completed INSTALL_SNAPSHOT, lastRequest: s0->s1#0-t2,notify:(t:2, i:255)
2022-10-13 10:40:54,015 [s0@group-6905249F38B1->s2-GrpcLogAppender-LogAppenderDaemon] INFO  server.GrpcLogAppender (GrpcLogAppender.java:installSnapshot(641)) - s0@group-6905249F38B1->s2-GrpcLogAppender: send s0->s2#0-t2,notify:(t:2, i:255)
2022-10-13 10:40:54,016 [grpc-default-executor-0] INFO  server.GrpcLogAppender (GrpcLogAppender.java:onNext(492)) - s0@group-6905249F38B1->s1-InstallSnapshotResponseHandler: received a reply s0<-s1#0:FAIL-t2,IN_PROGRESS
2022-10-13 10:40:54,016 [grpc-default-executor-0] INFO  server.GrpcLogAppender (GrpcLogAppender.java:onNext(510)) - s0@group-6905249F38B1->s1-InstallSnapshotResponseHandler: InstallSnapshot in progress.
2022-10-13 10:40:54,016 [grpc-default-executor-4] INFO  impl.SnapshotInstallationHandler (SnapshotInstallationHandler.java:installSnapshot(89)) - s2@group-6905249F38B1: receive installSnapshot: s0->s2#0-t2,notify:(t:2, i:255)
2022-10-13 10:40:54,017 [grpc-default-executor-4] INFO  impl.SnapshotInstallationHandler (SnapshotInstallationHandler.java:installSnapshot(100)) - s2@group-6905249F38B1: reply installSnapshot: s0<-s2#0:FAIL-t2,IN_PROGRESS
2022-10-13 10:40:54,017 [grpc-default-executor-4] INFO  server.GrpcServerProtocolService (GrpcServerProtocolService.java:onCompleted(143)) - s2: Completed INSTALL_SNAPSHOT, lastRequest: s0->s2#0-t2,notify:(t:2, i:255)
2022-10-13 10:40:54,017 [grpc-default-executor-4] INFO  server.GrpcLogAppender (GrpcLogAppender.java:onNext(492)) - s0@group-6905249F38B1->s2-InstallSnapshotResponseHandler: received a reply s0<-s2#0:FAIL-t2,IN_PROGRESS
2022-10-13 10:40:54,017 [grpc-default-executor-4] INFO  server.GrpcLogAppender (GrpcLogAppender.java:onNext(510)) - s0@group-6905249F38B1->s2-InstallSnapshotResponseHandler: InstallSnapshot in progress.
2022-10-13 10:40:54,017 [s1-server-thread1] INFO  server.RaftServer$Division (RaftServerImpl.java:checkInconsistentAppendEntries(1577)) - s1@group-6905249F38B1: Failed appendEntries as snapshot (255) installation is in progress
2022-10-13 10:40:54,017 [s1-server-thread1] INFO  server.RaftServer$Division (RaftServerImpl.java:checkInconsistentAppendEntries(1569)) - s1@group-6905249F38B1: inconsistency entries. Reply:s0<-s1#112:FAIL-t2,INCONSISTENCY,nextIndex=0,followerCommit=-1,matchIndex=-1
2022-10-13 10:40:54,018 [s2-server-thread1] INFO  server.RaftServer$Division (RaftServerImpl.java:checkInconsistentAppendEntries(1577)) - s2@group-6905249F38B1: Failed appendEntries as snapshot (255) installation is in progress
2022-10-13 10:40:54,018 [grpc-default-executor-0] INFO  leader.FollowerInfo (FollowerInfoImpl.java:lambda$new$0(48)) - s0@group-6905249F38B1->s1: nextIndex: updateUnconditionally 0 -> 0
2022-10-13 10:40:54,018 [s0@group-6905249F38B1->s1-GrpcLogAppender-LogAppenderDaemon] INFO  server.GrpcLogAppender (GrpcLogAppender.java:installSnapshot(633)) - s0@group-6905249F38B1->s1-GrpcLogAppender: followerNextIndex = 0 but logStartIndex = 255, notify follower to install snapshot-(t:2, i:255)
2022-10-13 10:40:54,018 [s0@group-6905249F38B1->s1-GrpcLogAppender-LogAppenderDaemon] INFO  server.GrpcLogAppender (GrpcLogAppender.java:installSnapshot(641)) - s0@group-6905249F38B1->s1-GrpcLogAppender: send s0->s1#0-t2,notify:(t:2, i:255)
2022-10-13 10:40:54,018 [s2-server-thread1] INFO  server.RaftServer$Division (RaftServerImpl.java:checkInconsistentAppendEntries(1569)) - s2@group-6905249F38B1: inconsistency entries. Reply:s0<-s2#89:FAIL-t2,INCONSISTENCY,nextIndex=0,followerCommit=-1,matchIndex=-1
2022-10-13 10:40:54,019 [grpc-default-executor-3] INFO  leader.FollowerInfo (FollowerInfoImpl.java:lambda$new$0(48)) - s0@group-6905249F38B1->s2: nextIndex: updateUnconditionally 0 -> 0
2022-10-13 10:40:54,019 [grpc-default-executor-0] INFO  impl.SnapshotInstallationHandler (SnapshotInstallationHandler.java:installSnapshot(89)) - s1@group-6905249F38B1: receive installSnapshot: s0->s1#0-t2,notify:(t:2, i:255)
2022-10-13 10:40:54,019 [grpc-default-executor-0] INFO  impl.SnapshotInstallationHandler (SnapshotInstallationHandler.java:installSnapshot(100)) - s1@group-6905249F38B1: reply installSnapshot: s0<-s1#0:FAIL-t2,IN_PROGRESS
2022-10-13 10:40:54,019 [grpc-default-executor-0] INFO  server.GrpcServerProtocolService (GrpcServerProtocolService.java:onCompleted(143)) - s1: Completed INSTALL_SNAPSHOT, lastRequest: s0->s1#0-t2,notify:(t:2, i:255)
2022-10-13 10:40:54,019 [s0@group-6905249F38B1->s2-GrpcLogAppender-LogAppenderDaemon] INFO  server.GrpcLogAppender (GrpcLogAppender.java:installSnapshot(633)) - s0@group-6905249F38B1->s2-GrpcLogAppender: followerNextIndex = 0 but logStartIndex = 255, notify follower to install snapshot-(t:2, i:255)
2022-10-13 10:40:54,019 [s0@group-6905249F38B1->s2-GrpcLogAppender-LogAppenderDaemon] INFO  server.GrpcLogAppender (GrpcLogAppender.java:installSnapshot(641)) - s0@group-6905249F38B1->s2-GrpcLogAppender: send s0->s2#0-t2,notify:(t:2, i:255)
2022-10-13 10:40:54,020 [grpc-default-executor-3] INFO  server.GrpcLogAppender (GrpcLogAppender.java:onNext(492)) - s0@group-6905249F38B1->s1-InstallSnapshotResponseHandler: received a reply s0<-s1#0:FAIL-t2,IN_PROGRESS
2022-10-13 10:40:54,020 [grpc-default-executor-3] INFO  server.GrpcLogAppender (GrpcLogAppender.java:onNext(510)) - s0@group-6905249F38B1->s1-InstallSnapshotResponseHandler: InstallSnapshot in progress.
2022-10-13 10:40:54,020 [grpc-default-executor-4] INFO  impl.SnapshotInstallationHandler (SnapshotInstallationHandler.java:installSnapshot(89)) - s2@group-6905249F38B1: receive installSnapshot: s0->s2#0-t2,notify:(t:2, i:255)
2022-10-13 10:40:54,021 [grpc-default-executor-4] INFO  impl.SnapshotInstallationHandler (SnapshotInstallationHandler.java:installSnapshot(100)) - s2@group-6905249F38B1: reply installSnapshot: s0<-s2#0:FAIL-t2,IN_PROGRESS
2022-10-13 10:40:54,021 [grpc-default-executor-4] INFO  server.GrpcServerProtocolService (GrpcServerProtocolService.java:onCompleted(143)) - s2: Completed INSTALL_SNAPSHOT, lastRequest: s0->s2#0-t2,notify:(t:2, i:255)
2022-10-13 10:40:54,020 [s1-server-thread1] INFO  server.RaftServer$Division (RaftServerImpl.java:checkInconsistentAppendEntries(1577)) - s1@group-6905249F38B1: Failed appendEntries as snapshot (255) installation is in progress
2022-10-13 10:40:54,021 [s1-server-thread1] INFO  server.RaftServer$Division (RaftServerImpl.java:checkInconsistentAppendEntries(1569)) - s1@group-6905249F38B1: inconsistency entries. Reply:s0<-s1#113:FAIL-t2,INCONSISTENCY,nextIndex=0,followerCommit=-1,matchIndex=-1
2022-10-13 10:40:54,021 [grpc-default-executor-4] INFO  server.GrpcLogAppender (GrpcLogAppender.java:onNext(492)) - s0@group-6905249F38B1->s2-InstallSnapshotResponseHandler: received a reply s0<-s2#0:FAIL-t2,IN_PROGRESS
2022-10-13 10:40:54,021 [grpc-default-executor-4] INFO  server.GrpcLogAppender (GrpcLogAppender.java:onNext(510)) - s0@group-6905249F38B1->s2-InstallSnapshotResponseHandler: InstallSnapshot in progress.
2022-10-13 10:40:54,021 [grpc-default-executor-4] INFO  leader.FollowerInfo (FollowerInfoImpl.java:lambda$new$0(48)) - s0@group-6905249F38B1->s1: nextIndex: updateUnconditionally 0 -> 0
2022-10-13 10:40:54,021 [s0@group-6905249F38B1->s1-GrpcLogAppender-LogAppenderDaemon] INFO  server.GrpcLogAppender (GrpcLogAppender.java:installSnapshot(633)) - s0@group-6905249F38B1->s1-GrpcLogAppender: followerNextIndex = 0 but logStartIndex = 255, notify follower to install snapshot-(t:2, i:255)
2022-10-13 10:40:54,022 [s0@group-6905249F38B1->s1-GrpcLogAppender-LogAppenderDaemon] INFO  server.GrpcLogAppender (GrpcLogAppender.java:installSnapshot(641)) - s0@group-6905249F38B1->s1-GrpcLogAppender: send s0->s1#0-t2,notify:(t:2, i:255)
2022-10-13 10:40:54,022 [s2-server-thread1] INFO  server.RaftServer$Division (RaftServerImpl.java:checkInconsistentAppendEntries(1577)) - s2@group-6905249F38B1: Failed appendEntries as snapshot (255) installation is in progress
2022-10-13 10:40:54,022 [s2-server-thread1] INFO  server.RaftServer$Division (RaftServerImpl.java:checkInconsistentAppendEntries(1569)) - s2@group-6905249F38B1: inconsistency entries. Reply:s0<-s2#90:FAIL-t2,INCONSISTENCY,nextIndex=0,followerCommit=-1,matchIndex=-1
2022-10-13 10:40:54,022 [grpc-default-executor-2] INFO  impl.SnapshotInstallationHandler (SnapshotInstallationHandler.java:installSnapshot(89)) - s1@group-6905249F38B1: receive installSnapshot: s0->s1#0-t2,notify:(t:2, i:255)
2022-10-13 10:40:54,023 [grpc-default-executor-2] INFO  impl.SnapshotInstallationHandler (SnapshotInstallationHandler.java:installSnapshot(100)) - s1@group-6905249F38B1: reply installSnapshot: s0<-s1#0:FAIL-t2,IN_PROGRESS
2022-10-13 10:40:54,023 [grpc-default-executor-2] INFO  server.GrpcServerProtocolService (GrpcServerProtocolService.java:onCompleted(143)) - s1: Completed INSTALL_SNAPSHOT, lastRequest: s0->s1#0-t2,notify:(t:2, i:255)
2022-10-13 10:40:54,023 [grpc-default-executor-0] INFO  server.GrpcLogAppender (GrpcLogAppender.java:onNext(492)) - s0@group-6905249F38B1->s1-InstallSnapshotResponseHandler: received a reply s0<-s1#0:FAIL-t2,IN_PROGRESS
2022-10-13 10:40:54,023 [grpc-default-executor-0] INFO  server.GrpcLogAppender (GrpcLogAppender.java:onNext(510)) - s0@group-6905249F38B1->s1-InstallSnapshotResponseHandler: InstallSnapshot in progress.
2022-10-13 10:40:54,023 [grpc-default-executor-0] INFO  leader.FollowerInfo (FollowerInfoImpl.java:lambda$new$0(48)) - s0@group-6905249F38B1->s2: nextIndex: updateUnconditionally 0 -> 0
2022-10-13 10:40:54,023 [s1-server-thread1] INFO  server.RaftServer$Division (RaftServerImpl.java:checkInconsistentAppendEntries(1577)) - s1@group-6905249F38B1: Failed appendEntries as snapshot (255) installation is in progress
2022-10-13 10:40:54,024 [s0@group-6905249F38B1->s2-GrpcLogAppender-LogAppenderDaemon] INFO  server.GrpcLogAppender (GrpcLogAppender.java:installSnapshot(633)) - s0@group-6905249F38B1->s2-GrpcLogAppender: followerNextIndex = 0 but logStartIndex = 255, notify follower to install snapshot-(t:2, i:255)
2022-10-13 10:40:54,024 [s1-server-thread1] INFO  server.RaftServer$Division (RaftServerImpl.java:checkInconsistentAppendEntries(1569)) - s1@group-6905249F38B1: inconsistency entries. Reply:s0<-s1#114:FAIL-t2,INCONSISTENCY,nextIndex=0,followerCommit=-1,matchIndex=-1
2022-10-13 10:40:54,024 [s0@group-6905249F38B1->s2-GrpcLogAppender-LogAppenderDaemon] INFO  server.GrpcLogAppender (GrpcLogAppender.java:installSnapshot(641)) - s0@group-6905249F38B1->s2-GrpcLogAppender: send s0->s2#0-t2,notify:(t:2, i:255)
2022-10-13 10:40:54,024 [grpc-default-executor-4] INFO  leader.FollowerInfo (FollowerInfoImpl.java:lambda$new$0(48)) - s0@group-6905249F38B1->s1: nextIndex: updateUnconditionally 0 -> 0
2022-10-13 10:40:54,024 [s0@group-6905249F38B1->s1-GrpcLogAppender-LogAppenderDaemon] INFO  server.GrpcLogAppender (GrpcLogAppender.java:installSnapshot(633)) - s0@group-6905249F38B1->s1-GrpcLogAppender: followerNextIndex = 0 but logStartIndex = 255, notify follower to install snapshot-(t:2, i:255)
2022-10-13 10:40:54,024 [s0@group-6905249F38B1->s1-GrpcLogAppender-LogAppenderDaemon] INFO  server.GrpcLogAppender (GrpcLogAppender.java:installSnapshot(641)) - s0@group-6905249F38B1->s1-GrpcLogAppender: send s0->s1#0-t2,notify:(t:2, i:255)
2022-10-13 10:40:54,024 [grpc-default-executor-0] INFO  impl.SnapshotInstallationHandler (SnapshotInstallationHandler.java:installSnapshot(89)) - s2@group-6905249F38B1: receive installSnapshot: s0->s2#0-t2,notify:(t:2, i:255)
2022-10-13 10:40:54,025 [grpc-default-executor-0] INFO  impl.SnapshotInstallationHandler (SnapshotInstallationHandler.java:installSnapshot(100)) - s2@group-6905249F38B1: reply installSnapshot: s0<-s2#0:FAIL-t2,IN_PROGRESS
2022-10-13 10:40:54,025 [grpc-default-executor-0] INFO  server.GrpcServerProtocolService (GrpcServerProtocolService.java:onCompleted(143)) - s2: Completed INSTALL_SNAPSHOT, lastRequest: s0->s2#0-t2,notify:(t:2, i:255)
2022-10-13 10:40:54,025 [grpc-default-executor-4] INFO  server.GrpcLogAppender (GrpcLogAppender.java:onNext(492)) - s0@group-6905249F38B1->s2-InstallSnapshotResponseHandler: received a reply s0<-s2#0:FAIL-t2,IN_PROGRESS
2022-10-13 10:40:54,025 [grpc-default-executor-4] INFO  server.GrpcLogAppender (GrpcLogAppender.java:onNext(510)) - s0@group-6905249F38B1->s2-InstallSnapshotResponseHandler: InstallSnapshot in progress.
2022-10-13 10:40:54,025 [grpc-default-executor-4] INFO  impl.SnapshotInstallationHandler (SnapshotInstallationHandler.java:installSnapshot(89)) - s1@group-6905249F38B1: receive installSnapshot: s0->s1#0-t2,notify:(t:2, i:255)
2022-10-13 10:40:54,026 [grpc-default-executor-4] INFO  impl.SnapshotInstallationHandler (SnapshotInstallationHandler.java:installSnapshot(100)) - s1@group-6905249F38B1: reply installSnapshot: s0<-s1#0:FAIL-t2,IN_PROGRESS
2022-10-13 10:40:54,026 [grpc-default-executor-4] INFO  server.GrpcServerProtocolService (GrpcServerProtocolService.java:onCompleted(143)) - s1: Completed INSTALL_SNAPSHOT, lastRequest: s0->s1#0-t2,notify:(t:2, i:255)
2022-10-13 10:40:54,026 [s2-server-thread1] INFO  server.RaftServer$Division (RaftServerImpl.java:checkInconsistentAppendEntries(1577)) - s2@group-6905249F38B1: Failed appendEntries as snapshot (255) installation is in progress
2022-10-13 10:40:54,026 [s2-server-thread1] INFO  server.RaftServer$Division (RaftServerImpl.java:checkInconsistentAppendEntries(1569)) - s2@group-6905249F38B1: inconsistency entries. Reply:s0<-s2#91:FAIL-t2,INCONSISTENCY,nextIndex=0,followerCommit=-1,matchIndex=-1
2022-10-13 10:40:54,026 [grpc-default-executor-2] INFO  server.GrpcLogAppender (GrpcLogAppender.java:onNext(492)) - s0@group-6905249F38B1->s1-InstallSnapshotResponseHandler: received a reply s0<-s1#0:FAIL-t2,IN_PROGRESS
2022-10-13 10:40:54,026 [grpc-default-executor-2] INFO  server.GrpcLogAppender (GrpcLogAppender.java:onNext(510)) - s0@group-6905249F38B1->s1-InstallSnapshotResponseHandler: InstallSnapshot in progress.
2022-10-13 10:40:54,027 [grpc-default-executor-2] INFO  leader.FollowerInfo (FollowerInfoImpl.java:lambda$new$0(48)) - s0@group-6905249F38B1->s2: nextIndex: updateUnconditionally 0 -> 0
2022-10-13 10:40:54,027 [s0@group-6905249F38B1->s2-GrpcLogAppender-LogAppenderDaemon] INFO  server.GrpcLogAppender (GrpcLogAppender.java:installSnapshot(633)) - s0@group-6905249F38B1->s2-GrpcLogAppender: followerNextIndex = 0 but logStartIndex = 255, notify follower to install snapshot-(t:2, i:255)
2022-10-13 10:40:54,027 [s0@group-6905249F38B1->s2-GrpcLogAppender-LogAppenderDaemon] INFO  server.GrpcLogAppender (GrpcLogAppender.java:installSnapshot(641)) - s0@group-6905249F38B1->s2-GrpcLogAppender: send s0->s2#0-t2,notify:(t:2, i:255)
2022-10-13 10:40:54,027 [s1-server-thread1] INFO  server.RaftServer$Division (RaftServerImpl.java:checkInconsistentAppendEntries(1577)) - s1@group-6905249F38B1: Failed appendEntries as snapshot (255) installation is in progress
2022-10-13 10:40:54,027 [s1-server-thread1] INFO  server.RaftServer$Division (RaftServerImpl.java:checkInconsistentAppendEntries(1569)) - s1@group-6905249F38B1: inconsistency entries. Reply:s0<-s1#115:FAIL-t2,INCONSISTENCY,nextIndex=0,followerCommit=-1,matchIndex=-1
2022-10-13 10:40:54,028 [grpc-default-executor-2] INFO  impl.SnapshotInstallationHandler (SnapshotInstallationHandler.java:installSnapshot(89)) - s2@group-6905249F38B1: receive installSnapshot: s0->s2#0-t2,notify:(t:2, i:255)
2022-10-13 10:40:54,028 [grpc-default-executor-2] INFO  impl.SnapshotInstallationHandler (SnapshotInstallationHandler.java:installSnapshot(100)) - s2@group-6905249F38B1: reply installSnapshot: s0<-s2#0:FAIL-t2,IN_PROGRESS
2022-10-13 10:40:54,028 [grpc-default-executor-2] INFO  server.GrpcServerProtocolService (GrpcServerProtocolService.java:onCompleted(143)) - s2: Completed INSTALL_SNAPSHOT, lastRequest: s0->s2#0-t2,notify:(t:2, i:255)
2022-10-13 10:40:54,028 [grpc-default-executor-2] INFO  server.GrpcLogAppender (GrpcLogAppender.java:onNext(492)) - s0@group-6905249F38B1->s2-InstallSnapshotResponseHandler: received a reply s0<-s2#0:FAIL-t2,IN_PROGRESS
2022-10-13 10:40:54,028 [grpc-default-executor-2] INFO  server.GrpcLogAppender (GrpcLogAppender.java:onNext(510)) - s0@group-6905249F38B1->s2-InstallSnapshotResponseHandler: InstallSnapshot in progress.
2022-10-13 10:40:54,028 [grpc-default-executor-0] INFO  leader.FollowerInfo (FollowerInfoImpl.java:lambda$new$0(48)) - s0@group-6905249F38B1->s1: nextIndex: updateUnconditionally 0 -> 0
2022-10-13 10:40:54,028 [s0@group-6905249F38B1->s1-GrpcLogAppender-LogAppenderDaemon] INFO  server.GrpcLogAppender (GrpcLogAppender.java:installSnapshot(633)) - s0@group-6905249F38B1->s1-GrpcLogAppender: followerNextIndex = 0 but logStartIndex = 255, notify follower to install snapshot-(t:2, i:255)
2022-10-13 10:40:54,028 [s0@group-6905249F38B1->s1-GrpcLogAppender-LogAppenderDaemon] INFO  server.GrpcLogAppender (GrpcLogAppender.java:installSnapshot(641)) - s0@group-6905249F38B1->s1-GrpcLogAppender: send s0->s1#0-t2,notify:(t:2, i:255)
2022-10-13 10:40:54,029 [s2-server-thread1] INFO  server.RaftServer$Division (RaftServerImpl.java:checkInconsistentAppendEntries(1577)) - s2@group-6905249F38B1: Failed appendEntries as snapshot (255) installation is in progress
2022-10-13 10:40:54,029 [s2-server-thread1] INFO  server.RaftServer$Division (RaftServerImpl.java:checkInconsistentAppendEntries(1569)) - s2@group-6905249F38B1: inconsistency entries. Reply:s0<-s2#92:FAIL-t2,INCONSISTENCY,nextIndex=0,followerCommit=-1,matchIndex=-1
2022-10-13 10:40:54,029 [grpc-default-executor-0] INFO  impl.SnapshotInstallationHandler (SnapshotInstallationHandler.java:installSnapshot(89)) - s1@group-6905249F38B1: receive installSnapshot: s0->s1#0-t2,notify:(t:2, i:255)
2022-10-13 10:40:54,029 [grpc-default-executor-0] INFO  impl.SnapshotInstallationHandler (SnapshotInstallationHandler.java:installSnapshot(100)) - s1@group-6905249F38B1: reply installSnapshot: s0<-s1#0:FAIL-t2,IN_PROGRESS
2022-10-13 10:40:54,030 [grpc-default-executor-0] INFO  server.GrpcServerProtocolService (GrpcServerProtocolService.java:onCompleted(143)) - s1: Completed INSTALL_SNAPSHOT, lastRequest: s0->s1#0-t2,notify:(t:2, i:255)
2022-10-13 10:40:54,030 [grpc-default-executor-0] INFO  server.GrpcLogAppender (GrpcLogAppender.java:onNext(492)) - s0@group-6905249F38B1->s1-InstallSnapshotResponseHandler: received a reply s0<-s1#0:FAIL-t2,IN_PROGRESS
2022-10-13 10:40:54,030 [grpc-default-executor-0] INFO  server.GrpcLogAppender (GrpcLogAppender.java:onNext(510)) - s0@group-6905249F38B1->s1-InstallSnapshotResponseHandler: InstallSnapshot in progress.
2022-10-13 10:40:54,030 [grpc-default-executor-4] INFO  leader.FollowerInfo (FollowerInfoImpl.java:lambda$new$0(48)) - s0@group-6905249F38B1->s2: nextIndex: updateUnconditionally 0 -> 0
2022-10-13 10:40:54,030 [s0@group-6905249F38B1->s2-GrpcLogAppender-LogAppenderDaemon] INFO  server.GrpcLogAppender (GrpcLogAppender.java:installSnapshot(633)) - s0@group-6905249F38B1->s2-GrpcLogAppender: followerNextIndex = 0 but logStartIndex = 255, notify follower to install snapshot-(t:2, i:255)
2022-10-13 10:40:54,030 [s0@group-6905249F38B1->s2-GrpcLogAppender-LogAppenderDaemon] INFO  server.GrpcLogAppender (GrpcLogAppender.java:installSnapshot(641)) - s0@group-6905249F38B1->s2-GrpcLogAppender: send s0->s2#0-t2,notify:(t:2, i:255)
2022-10-13 10:40:54,031 [s1-server-thread1] INFO  server.RaftServer$Division (RaftServerImpl.java:checkInconsistentAppendEntries(1577)) - s1@group-6905249F38B1: Failed appendEntries as snapshot (255) installation is in progress
2022-10-13 10:40:54,031 [s1-server-thread1] INFO  server.RaftServer$Division (RaftServerImpl.java:checkInconsistentAppendEntries(1569)) - s1@group-6905249F38B1: inconsistency entries. Reply:s0<-s1#116:FAIL-t2,INCONSISTENCY,nextIndex=0,followerCommit=-1,matchIndex=-1
2022-10-13 10:40:54,031 [grpc-default-executor-0] INFO  impl.SnapshotInstallationHandler (SnapshotInstallationHandler.java:installSnapshot(89)) - s2@group-6905249F38B1: receive installSnapshot: s0->s2#0-t2,notify:(t:2, i:255)
2022-10-13 10:40:54,031 [grpc-default-executor-0] INFO  impl.SnapshotInstallationHandler (SnapshotInstallationHandler.java:installSnapshot(100)) - s2@group-6905249F38B1: reply installSnapshot: s0<-s2#0:FAIL-t2,IN_PROGRESS
2022-10-13 10:40:54,032 [grpc-default-executor-4] INFO  leader.FollowerInfo (FollowerInfoImpl.java:lambda$new$0(48)) - s0@group-6905249F38B1->s1: nextIndex: updateUnconditionally 0 -> 0
2022-10-13 10:40:54,032 [grpc-default-executor-0] INFO  server.GrpcServerProtocolService (GrpcServerProtocolService.java:onCompleted(143)) - s2: Completed INSTALL_SNAPSHOT, lastRequest: s0->s2#0-t2,notify:(t:2, i:255)
2022-10-13 10:40:54,032 [grpc-default-executor-2] INFO  server.GrpcLogAppender (GrpcLogAppender.java:onNext(492)) - s0@group-6905249F38B1->s2-InstallSnapshotResponseHandler: received a reply s0<-s2#0:FAIL-t2,IN_PROGRESS
2022-10-13 10:40:54,032 [grpc-default-executor-2] INFO  server.GrpcLogAppender (GrpcLogAppender.java:onNext(510)) - s0@group-6905249F38B1->s2-InstallSnapshotResponseHandler: InstallSnapshot in progress.
2022-10-13 10:40:54,032 [s0@group-6905249F38B1->s1-GrpcLogAppender-LogAppenderDaemon] INFO  server.GrpcLogAppender (GrpcLogAppender.java:installSnapshot(633)) - s0@group-6905249F38B1->s1-GrpcLogAppender: followerNextIndex = 0 but logStartIndex = 255, notify follower to install snapshot-(t:2, i:255)
2022-10-13 10:40:54,032 [s0@group-6905249F38B1->s1-GrpcLogAppender-LogAppenderDaemon] INFO  server.GrpcLogAppender (GrpcLogAppender.java:installSnapshot(641)) - s0@group-6905249F38B1->s1-GrpcLogAppender: send s0->s1#0-t2,notify:(t:2, i:255)
2022-10-13 10:40:54,033 [grpc-default-executor-2] INFO  impl.SnapshotInstallationHandler (SnapshotInstallationHandler.java:installSnapshot(89)) - s1@group-6905249F38B1: receive installSnapshot: s0->s1#0-t2,notify:(t:2, i:255)
2022-10-13 10:40:54,033 [grpc-default-executor-2] INFO  impl.SnapshotInstallationHandler (SnapshotInstallationHandler.java:installSnapshot(100)) - s1@group-6905249F38B1: reply installSnapshot: s0<-s1#0:FAIL-t2,IN_PROGRESS
2022-10-13 10:40:54,033 [grpc-default-executor-2] INFO  server.GrpcServerProtocolService (GrpcServerProtocolService.java:onCompleted(143)) - s1: Completed INSTALL_SNAPSHOT, lastRequest: s0->s1#0-t2,notify:(t:2, i:255)
2022-10-13 10:40:54,039 [s2-server-thread1] INFO  server.RaftServer$Division (RaftServerImpl.java:checkInconsistentAppendEntries(1577)) - s2@group-6905249F38B1: Failed appendEntries as snapshot (255) installation is in progress
2022-10-13 10:40:54,039 [s2-server-thread1] INFO  server.RaftServer$Division (RaftServerImpl.java:checkInconsistentAppendEntries(1569)) - s2@group-6905249F38B1: inconsistency entries. Reply:s0<-s2#93:FAIL-t2,INCONSISTENCY,nextIndex=0,followerCommit=-1,matchIndex=-1
2022-10-13 10:40:54,040 [grpc-default-executor-2] INFO  server.GrpcLogAppender (GrpcLogAppender.java:onNext(492)) - s0@group-6905249F38B1->s1-InstallSnapshotResponseHandler: received a reply s0<-s1#0:FAIL-t2,IN_PROGRESS
2022-10-13 10:40:54,040 [grpc-default-executor-2] INFO  server.GrpcLogAppender (GrpcLogAppender.java:onNext(510)) - s0@group-6905249F38B1->s1-InstallSnapshotResponseHandler: InstallSnapshot in progress.
2022-10-13 10:40:54,040 [grpc-default-executor-0] INFO  leader.FollowerInfo (FollowerInfoImpl.java:lambda$new$0(48)) - s0@group-6905249F38B1->s2: nextIndex: updateUnconditionally 0 -> 0
2022-10-13 10:40:54,040 [s0@group-6905249F38B1->s2-GrpcLogAppender-LogAppenderDaemon] INFO  server.GrpcLogAppender (GrpcLogAppender.java:installSnapshot(633)) - s0@group-6905249F38B1->s2-GrpcLogAppender: followerNextIndex = 0 but logStartIndex = 255, notify follower to install snapshot-(t:2, i:255)
2022-10-13 10:40:54,040 [s0@group-6905249F38B1->s2-GrpcLogAppender-LogAppenderDaemon] INFO  server.GrpcLogAppender (GrpcLogAppender.java:installSnapshot(641)) - s0@group-6905249F38B1->s2-GrpcLogAppender: send s0->s2#0-t2,notify:(t:2, i:255)
2022-10-13 10:40:54,041 [s1-server-thread1] INFO  server.RaftServer$Division (RaftServerImpl.java:checkInconsistentAppendEntries(1577)) - s1@group-6905249F38B1: Failed appendEntries as snapshot (255) installation is in progress
2022-10-13 10:40:54,041 [s1-server-thread1] INFO  server.RaftServer$Division (RaftServerImpl.java:checkInconsistentAppendEntries(1569)) - s1@group-6905249F38B1: inconsistency entries. Reply:s0<-s1#117:FAIL-t2,INCONSISTENCY,nextIndex=0,followerCommit=-1,matchIndex=-1
2022-10-13 10:40:54,041 [grpc-default-executor-4] INFO  impl.SnapshotInstallationHandler (SnapshotInstallationHandler.java:installSnapshot(89)) - s2@group-6905249F38B1: receive installSnapshot: s0->s2#0-t2,notify:(t:2, i:255)
2022-10-13 10:40:54,041 [grpc-default-executor-4] INFO  impl.SnapshotInstallationHandler (SnapshotInstallationHandler.java:installSnapshot(100)) - s2@group-6905249F38B1: reply installSnapshot: s0<-s2#0:FAIL-t2,IN_PROGRESS
2022-10-13 10:40:54,041 [grpc-default-executor-4] INFO  server.GrpcServerProtocolService (GrpcServerProtocolService.java:onCompleted(143)) - s2: Completed INSTALL_SNAPSHOT, lastRequest: s0->s2#0-t2,notify:(t:2, i:255)
2022-10-13 10:40:54,041 [grpc-default-executor-4] INFO  server.GrpcLogAppender (GrpcLogAppender.java:onNext(492)) - s0@group-6905249F38B1->s2-InstallSnapshotResponseHandler: received a reply s0<-s2#0:FAIL-t2,IN_PROGRESS
2022-10-13 10:40:54,041 [grpc-default-executor-4] INFO  server.GrpcLogAppender (GrpcLogAppender.java:onNext(510)) - s0@group-6905249F38B1->s2-InstallSnapshotResponseHandler: InstallSnapshot in progress.
2022-10-13 10:40:54,042 [grpc-default-executor-2] INFO  leader.FollowerInfo (FollowerInfoImpl.java:lambda$new$0(48)) - s0@group-6905249F38B1->s1: nextIndex: updateUnconditionally 0 -> 0
2022-10-13 10:40:54,042 [s0@group-6905249F38B1->s1-GrpcLogAppender-LogAppenderDaemon] INFO  server.GrpcLogAppender (GrpcLogAppender.java:installSnapshot(633)) - s0@group-6905249F38B1->s1-GrpcLogAppender: followerNextIndex = 0 but logStartIndex = 255, notify follower to install snapshot-(t:2, i:255)
2022-10-13 10:40:54,042 [s0@group-6905249F38B1->s1-GrpcLogAppender-LogAppenderDaemon] INFO  server.GrpcLogAppender (GrpcLogAppender.java:installSnapshot(641)) - s0@group-6905249F38B1->s1-GrpcLogAppender: send s0->s1#0-t2,notify:(t:2, i:255)
2022-10-13 10:40:54,042 [s2-server-thread1] INFO  server.RaftServer$Division (RaftServerImpl.java:checkInconsistentAppendEntries(1577)) - s2@group-6905249F38B1: Failed appendEntries as snapshot (255) installation is in progress
2022-10-13 10:40:54,042 [s2-server-thread1] INFO  server.RaftServer$Division (RaftServerImpl.java:checkInconsistentAppendEntries(1569)) - s2@group-6905249F38B1: inconsistency entries. Reply:s0<-s2#94:FAIL-t2,INCONSISTENCY,nextIndex=0,followerCommit=-1,matchIndex=-1
2022-10-13 10:40:54,043 [grpc-default-executor-2] INFO  leader.FollowerInfo (FollowerInfoImpl.java:lambda$new$0(48)) - s0@group-6905249F38B1->s2: nextIndex: updateUnconditionally 0 -> 0
2022-10-13 10:40:54,043 [s0@group-6905249F38B1->s2-GrpcLogAppender-LogAppenderDaemon] INFO  server.GrpcLogAppender (GrpcLogAppender.java:installSnapshot(633)) - s0@group-6905249F38B1->s2-GrpcLogAppender: followerNextIndex = 0 but logStartIndex = 255, notify follower to install snapshot-(t:2, i:255)
2022-10-13 10:40:54,043 [s0@group-6905249F38B1->s2-GrpcLogAppender-LogAppenderDaemon] INFO  server.GrpcLogAppender (GrpcLogAppender.java:installSnapshot(641)) - s0@group-6905249F38B1->s2-GrpcLogAppender: send s0->s2#0-t2,notify:(t:2, i:255)
2022-10-13 10:40:54,043 [grpc-default-executor-4] INFO  impl.SnapshotInstallationHandler (SnapshotInstallationHandler.java:installSnapshot(89)) - s1@group-6905249F38B1: receive installSnapshot: s0->s1#0-t2,notify:(t:2, i:255)
2022-10-13 10:40:54,043 [grpc-default-executor-4] INFO  impl.SnapshotInstallationHandler (SnapshotInstallationHandler.java:installSnapshot(100)) - s1@group-6905249F38B1: reply installSnapshot: s0<-s1#0:FAIL-t2,IN_PROGRESS
2022-10-13 10:40:54,043 [grpc-default-executor-4] INFO  server.GrpcServerProtocolService (GrpcServerProtocolService.java:onCompleted(143)) - s1: Completed INSTALL_SNAPSHOT, lastRequest: s0->s1#0-t2,notify:(t:2, i:255)
2022-10-13 10:40:54,044 [grpc-default-executor-0] INFO  server.GrpcLogAppender (GrpcLogAppender.java:onNext(492)) - s0@group-6905249F38B1->s1-InstallSnapshotResponseHandler: received a reply s0<-s1#0:FAIL-t2,IN_PROGRESS
2022-10-13 10:40:54,044 [grpc-default-executor-0] INFO  server.GrpcLogAppender (GrpcLogAppender.java:onNext(510)) - s0@group-6905249F38B1->s1-InstallSnapshotResponseHandler: InstallSnapshot in progress.
2022-10-13 10:40:54,044 [grpc-default-executor-4] INFO  impl.SnapshotInstallationHandler (SnapshotInstallationHandler.java:installSnapshot(89)) - s2@group-6905249F38B1: receive installSnapshot: s0->s2#0-t2,notify:(t:2, i:255)
2022-10-13 10:40:54,044 [grpc-default-executor-4] INFO  impl.SnapshotInstallationHandler (SnapshotInstallationHandler.java:installSnapshot(100)) - s2@group-6905249F38B1: reply installSnapshot: s0<-s2#0:FAIL-t2,IN_PROGRESS
2022-10-13 10:40:54,044 [grpc-default-executor-4] INFO  server.GrpcServerProtocolService (GrpcServerProtocolService.java:onCompleted(143)) - s2: Completed INSTALL_SNAPSHOT, lastRequest: s0->s2#0-t2,notify:(t:2, i:255)
2022-10-13 10:40:54,044 [grpc-default-executor-4] INFO  server.GrpcLogAppender (GrpcLogAppender.java:onNext(492)) - s0@group-6905249F38B1->s2-InstallSnapshotResponseHandler: received a reply s0<-s2#0:FAIL-t2,IN_PROGRESS
2022-10-13 10:40:54,044 [grpc-default-executor-4] INFO  server.GrpcLogAppender (GrpcLogAppender.java:onNext(510)) - s0@group-6905249F38B1->s2-InstallSnapshotResponseHandler: InstallSnapshot in progress.
2022-10-13 10:40:54,045 [s1-server-thread1] INFO  server.RaftServer$Division (RaftServerImpl.java:checkInconsistentAppendEntries(1577)) - s1@group-6905249F38B1: Failed appendEntries as snapshot (255) installation is in progress
2022-10-13 10:40:54,045 [s1-server-thread1] INFO  server.RaftServer$Division (RaftServerImpl.java:checkInconsistentAppendEntries(1569)) - s1@group-6905249F38B1: inconsistency entries. Reply:s0<-s1#118:FAIL-t2,INCONSISTENCY,nextIndex=0,followerCommit=-1,matchIndex=-1
2022-10-13 10:40:54,045 [s2-server-thread1] INFO  server.RaftServer$Division (RaftServerImpl.java:checkInconsistentAppendEntries(1577)) - s2@group-6905249F38B1: Failed appendEntries as snapshot (255) installation is in progress
2022-10-13 10:40:54,045 [grpc-default-executor-0] INFO  leader.FollowerInfo (FollowerInfoImpl.java:lambda$new$0(48)) - s0@group-6905249F38B1->s1: nextIndex: updateUnconditionally 0 -> 0
2022-10-13 10:40:54,045 [s2-server-thread1] INFO  server.RaftServer$Division (RaftServerImpl.java:checkInconsistentAppendEntries(1569)) - s2@group-6905249F38B1: inconsistency entries. Reply:s0<-s2#95:FAIL-t2,INCONSISTENCY,nextIndex=0,followerCommit=-1,matchIndex=-1
2022-10-13 10:40:54,045 [s0@group-6905249F38B1->s1-GrpcLogAppender-LogAppenderDaemon] INFO  server.GrpcLogAppender (GrpcLogAppender.java:installSnapshot(633)) - s0@group-6905249F38B1->s1-GrpcLogAppender: followerNextIndex = 0 but logStartIndex = 255, notify follower to install snapshot-(t:2, i:255)
2022-10-13 10:40:54,045 [s0@group-6905249F38B1->s1-GrpcLogAppender-LogAppenderDaemon] INFO  server.GrpcLogAppender (GrpcLogAppender.java:installSnapshot(641)) - s0@group-6905249F38B1->s1-GrpcLogAppender: send s0->s1#0-t2,notify:(t:2, i:255)
2022-10-13 10:40:54,046 [grpc-default-executor-4] INFO  leader.FollowerInfo (FollowerInfoImpl.java:lambda$new$0(48)) - s0@group-6905249F38B1->s2: nextIndex: updateUnconditionally 0 -> 0
2022-10-13 10:40:54,046 [s0@group-6905249F38B1->s2-GrpcLogAppender-LogAppenderDaemon] INFO  server.GrpcLogAppender (GrpcLogAppender.java:installSnapshot(633)) - s0@group-6905249F38B1->s2-GrpcLogAppender: followerNextIndex = 0 but logStartIndex = 255, notify follower to install snapshot-(t:2, i:255)
2022-10-13 10:40:54,046 [s0@group-6905249F38B1->s2-GrpcLogAppender-LogAppenderDaemon] INFO  server.GrpcLogAppender (GrpcLogAppender.java:installSnapshot(641)) - s0@group-6905249F38B1->s2-GrpcLogAppender: send s0->s2#0-t2,notify:(t:2, i:255)
2022-10-13 10:40:54,046 [grpc-default-executor-2] INFO  impl.SnapshotInstallationHandler (SnapshotInstallationHandler.java:installSnapshot(89)) - s1@group-6905249F38B1: receive installSnapshot: s0->s1#0-t2,notify:(t:2, i:255)
2022-10-13 10:40:54,046 [grpc-default-executor-2] INFO  impl.SnapshotInstallationHandler (SnapshotInstallationHandler.java:installSnapshot(100)) - s1@group-6905249F38B1: reply installSnapshot: s0<-s1#0:FAIL-t2,IN_PROGRESS
2022-10-13 10:40:54,047 [grpc-default-executor-2] INFO  server.GrpcServerProtocolService (GrpcServerProtocolService.java:onCompleted(143)) - s1: Completed INSTALL_SNAPSHOT, lastRequest: s0->s1#0-t2,notify:(t:2, i:255)
2022-10-13 10:40:54,047 [grpc-default-executor-2] INFO  server.GrpcLogAppender (GrpcLogAppender.java:onNext(492)) - s0@group-6905249F38B1->s1-InstallSnapshotResponseHandler: received a reply s0<-s1#0:FAIL-t2,IN_PROGRESS
2022-10-13 10:40:54,047 [grpc-default-executor-2] INFO  server.GrpcLogAppender (GrpcLogAppender.java:onNext(510)) - s0@group-6905249F38B1->s1-InstallSnapshotResponseHandler: InstallSnapshot in progress.
2022-10-13 10:40:54,047 [s1-server-thread1] INFO  server.RaftServer$Division (RaftServerImpl.java:checkInconsistentAppendEntries(1577)) - s1@group-6905249F38B1: Failed appendEntries as snapshot (255) installation is in progress
2022-10-13 10:40:54,048 [s1-server-thread1] INFO  server.RaftServer$Division (RaftServerImpl.java:checkInconsistentAppendEntries(1569)) - s1@group-6905249F38B1: inconsistency entries. Reply:s0<-s1#119:FAIL-t2,INCONSISTENCY,nextIndex=0,followerCommit=-1,matchIndex=-1
2022-10-13 10:40:54,048 [grpc-default-executor-4] INFO  impl.SnapshotInstallationHandler (SnapshotInstallationHandler.java:installSnapshot(89)) - s2@group-6905249F38B1: receive installSnapshot: s0->s2#0-t2,notify:(t:2, i:255)
2022-10-13 10:40:54,048 [grpc-default-executor-4] INFO  impl.SnapshotInstallationHandler (SnapshotInstallationHandler.java:installSnapshot(100)) - s2@group-6905249F38B1: reply installSnapshot: s0<-s2#0:FAIL-t2,IN_PROGRESS
2022-10-13 10:40:54,048 [grpc-default-executor-4] INFO  server.GrpcServerProtocolService (GrpcServerProtocolService.java:onCompleted(143)) - s2: Completed INSTALL_SNAPSHOT, lastRequest: s0->s2#0-t2,notify:(t:2, i:255)
2022-10-13 10:40:54,048 [grpc-default-executor-2] INFO  leader.FollowerInfo (FollowerInfoImpl.java:lambda$new$0(48)) - s0@group-6905249F38B1->s1: nextIndex: updateUnconditionally 0 -> 0
2022-10-13 10:40:54,048 [grpc-default-executor-4] INFO  server.GrpcLogAppender (GrpcLogAppender.java:onNext(492)) - s0@group-6905249F38B1->s2-InstallSnapshotResponseHandler: received a reply s0<-s2#0:FAIL-t2,IN_PROGRESS
2022-10-13 10:40:54,048 [grpc-default-executor-4] INFO  server.GrpcLogAppender (GrpcLogAppender.java:onNext(510)) - s0@group-6905249F38B1->s2-InstallSnapshotResponseHandler: InstallSnapshot in progress.
2022-10-13 10:40:54,048 [s0@group-6905249F38B1->s1-GrpcLogAppender-LogAppenderDaemon] INFO  server.GrpcLogAppender (GrpcLogAppender.java:installSnapshot(633)) - s0@group-6905249F38B1->s1-GrpcLogAppender: followerNextIndex = 0 but logStartIndex = 255, notify follower to install snapshot-(t:2, i:255)
2022-10-13 10:40:54,049 [s0@group-6905249F38B1->s1-GrpcLogAppender-LogAppenderDaemon] INFO  server.GrpcLogAppender (GrpcLogAppender.java:installSnapshot(641)) - s0@group-6905249F38B1->s1-GrpcLogAppender: send s0->s1#0-t2,notify:(t:2, i:255)
2022-10-13 10:40:54,049 [s2-server-thread1] INFO  server.RaftServer$Division (RaftServerImpl.java:checkInconsistentAppendEntries(1577)) - s2@group-6905249F38B1: Failed appendEntries as snapshot (255) installation is in progress
2022-10-13 10:40:54,049 [s2-server-thread1] INFO  server.RaftServer$Division (RaftServerImpl.java:checkInconsistentAppendEntries(1569)) - s2@group-6905249F38B1: inconsistency entries. Reply:s0<-s2#96:FAIL-t2,INCONSISTENCY,nextIndex=0,followerCommit=-1,matchIndex=-1
2022-10-13 10:40:54,049 [grpc-default-executor-4] INFO  impl.SnapshotInstallationHandler (SnapshotInstallationHandler.java:installSnapshot(89)) - s1@group-6905249F38B1: receive installSnapshot: s0->s1#0-t2,notify:(t:2, i:255)
2022-10-13 10:40:54,049 [grpc-default-executor-4] INFO  impl.SnapshotInstallationHandler (SnapshotInstallationHandler.java:installSnapshot(100)) - s1@group-6905249F38B1: reply installSnapshot: s0<-s1#0:FAIL-t2,IN_PROGRESS
2022-10-13 10:40:54,050 [grpc-default-executor-4] INFO  server.GrpcServerProtocolService (GrpcServerProtocolService.java:onCompleted(143)) - s1: Completed INSTALL_SNAPSHOT, lastRequest: s0->s1#0-t2,notify:(t:2, i:255)
2022-10-13 10:40:54,050 [grpc-default-executor-0] INFO  server.GrpcLogAppender (GrpcLogAppender.java:onNext(492)) - s0@group-6905249F38B1->s1-InstallSnapshotResponseHandler: received a reply s0<-s1#0:FAIL-t2,IN_PROGRESS
2022-10-13 10:40:54,050 [grpc-default-executor-0] INFO  server.GrpcLogAppender (GrpcLogAppender.java:onNext(510)) - s0@group-6905249F38B1->s1-InstallSnapshotResponseHandler: InstallSnapshot in progress.
2022-10-13 10:40:54,050 [grpc-default-executor-4] INFO  leader.FollowerInfo (FollowerInfoImpl.java:lambda$new$0(48)) - s0@group-6905249F38B1->s2: nextIndex: updateUnconditionally 0 -> 0
2022-10-13 10:40:54,051 [s0@group-6905249F38B1->s2-GrpcLogAppender-LogAppenderDaemon] INFO  server.GrpcLogAppender (GrpcLogAppender.java:installSnapshot(633)) - s0@group-6905249F38B1->s2-GrpcLogAppender: followerNextIndex = 0 but logStartIndex = 255, notify follower to install snapshot-(t:2, i:255)
2022-10-13 10:40:54,051 [s0@group-6905249F38B1->s2-GrpcLogAppender-LogAppenderDaemon] INFO  server.GrpcLogAppender (GrpcLogAppender.java:installSnapshot(641)) - s0@group-6905249F38B1->s2-GrpcLogAppender: send s0->s2#0-t2,notify:(t:2, i:255)
2022-10-13 10:40:54,051 [s1-server-thread1] INFO  server.RaftServer$Division (RaftServerImpl.java:checkInconsistentAppendEntries(1577)) - s1@group-6905249F38B1: Failed appendEntries as snapshot (255) installation is in progress
2022-10-13 10:40:54,051 [s1-server-thread1] INFO  server.RaftServer$Division (RaftServerImpl.java:checkInconsistentAppendEntries(1569)) - s1@group-6905249F38B1: inconsistency entries. Reply:s0<-s1#120:FAIL-t2,INCONSISTENCY,nextIndex=0,followerCommit=-1,matchIndex=-1
2022-10-13 10:40:54,051 [grpc-default-executor-0] INFO  impl.SnapshotInstallationHandler (SnapshotInstallationHandler.java:installSnapshot(89)) - s2@group-6905249F38B1: receive installSnapshot: s0->s2#0-t2,notify:(t:2, i:255)
2022-10-13 10:40:54,051 [grpc-default-executor-0] INFO  impl.SnapshotInstallationHandler (SnapshotInstallationHandler.java:installSnapshot(100)) - s2@group-6905249F38B1: reply installSnapshot: s0<-s2#0:FAIL-t2,IN_PROGRESS
2022-10-13 10:40:54,052 [grpc-default-executor-0] INFO  server.GrpcServerProtocolService (GrpcServerProtocolService.java:onCompleted(143)) - s2: Completed INSTALL_SNAPSHOT, lastRequest: s0->s2#0-t2,notify:(t:2, i:255)
2022-10-13 10:40:54,052 [grpc-default-executor-4] INFO  server.GrpcLogAppender (GrpcLogAppender.java:onNext(492)) - s0@group-6905249F38B1->s2-InstallSnapshotResponseHandler: received a reply s0<-s2#0:FAIL-t2,IN_PROGRESS
2022-10-13 10:40:54,052 [grpc-default-executor-4] INFO  server.GrpcLogAppender (GrpcLogAppender.java:onNext(510)) - s0@group-6905249F38B1->s2-InstallSnapshotResponseHandler: InstallSnapshot in progress.
2022-10-13 10:40:54,052 [grpc-default-executor-0] INFO  leader.FollowerInfo (FollowerInfoImpl.java:lambda$new$0(48)) - s0@group-6905249F38B1->s1: nextIndex: updateUnconditionally 0 -> 0
2022-10-13 10:40:54,052 [s0@group-6905249F38B1->s1-GrpcLogAppender-LogAppenderDaemon] INFO  server.GrpcLogAppender (GrpcLogAppender.java:installSnapshot(633)) - s0@group-6905249F38B1->s1-GrpcLogAppender: followerNextIndex = 0 but logStartIndex = 255, notify follower to install snapshot-(t:2, i:255)
2022-10-13 10:40:54,052 [s0@group-6905249F38B1->s1-GrpcLogAppender-LogAppenderDaemon] INFO  server.GrpcLogAppender (GrpcLogAppender.java:installSnapshot(641)) - s0@group-6905249F38B1->s1-GrpcLogAppender: send s0->s1#0-t2,notify:(t:2, i:255)
2022-10-13 10:40:54,053 [s2-server-thread1] INFO  server.RaftServer$Division (RaftServerImpl.java:checkInconsistentAppendEntries(1577)) - s2@group-6905249F38B1: Failed appendEntries as snapshot (255) installation is in progress
2022-10-13 10:40:54,053 [s2-server-thread1] INFO  server.RaftServer$Division (RaftServerImpl.java:checkInconsistentAppendEntries(1569)) - s2@group-6905249F38B1: inconsistency entries. Reply:s0<-s2#97:FAIL-t2,INCONSISTENCY,nextIndex=0,followerCommit=-1,matchIndex=-1
2022-10-13 10:40:54,053 [grpc-default-executor-2] INFO  impl.SnapshotInstallationHandler (SnapshotInstallationHandler.java:installSnapshot(89)) - s1@group-6905249F38B1: receive installSnapshot: s0->s1#0-t2,notify:(t:2, i:255)
2022-10-13 10:40:54,053 [grpc-default-executor-2] INFO  impl.SnapshotInstallationHandler (SnapshotInstallationHandler.java:installSnapshot(100)) - s1@group-6905249F38B1: reply installSnapshot: s0<-s1#0:FAIL-t2,IN_PROGRESS
2022-10-13 10:40:54,053 [grpc-default-executor-2] INFO  server.GrpcServerProtocolService (GrpcServerProtocolService.java:onCompleted(143)) - s1: Completed INSTALL_SNAPSHOT, lastRequest: s0->s1#0-t2,notify:(t:2, i:255)
2022-10-13 10:40:54,054 [grpc-default-executor-4] INFO  server.GrpcLogAppender (GrpcLogAppender.java:onNext(492)) - s0@group-6905249F38B1->s1-InstallSnapshotResponseHandler: received a reply s0<-s1#0:FAIL-t2,IN_PROGRESS
2022-10-13 10:40:54,054 [grpc-default-executor-4] INFO  server.GrpcLogAppender (GrpcLogAppender.java:onNext(510)) - s0@group-6905249F38B1->s1-InstallSnapshotResponseHandler: InstallSnapshot in progress.
2022-10-13 10:40:54,054 [grpc-default-executor-2] INFO  leader.FollowerInfo (FollowerInfoImpl.java:lambda$new$0(48)) - s0@group-6905249F38B1->s2: nextIndex: updateUnconditionally 0 -> 0
2022-10-13 10:40:54,054 [s0@group-6905249F38B1->s2-GrpcLogAppender-LogAppenderDaemon] INFO  server.GrpcLogAppender (GrpcLogAppender.java:installSnapshot(633)) - s0@group-6905249F38B1->s2-GrpcLogAppender: followerNextIndex = 0 but logStartIndex = 255, notify follower to install snapshot-(t:2, i:255)
2022-10-13 10:40:54,054 [s0@group-6905249F38B1->s2-GrpcLogAppender-LogAppenderDaemon] INFO  server.GrpcLogAppender (GrpcLogAppender.java:installSnapshot(641)) - s0@group-6905249F38B1->s2-GrpcLogAppender: send s0->s2#0-t2,notify:(t:2, i:255)
2022-10-13 10:40:54,055 [s1-server-thread1] INFO  server.RaftServer$Division (RaftServerImpl.java:checkInconsistentAppendEntries(1577)) - s1@group-6905249F38B1: Failed appendEntries as snapshot (255) installation is in progress
2022-10-13 10:40:54,055 [s1-server-thread1] INFO  server.RaftServer$Division (RaftServerImpl.java:checkInconsistentAppendEntries(1569)) - s1@group-6905249F38B1: inconsistency entries. Reply:s0<-s1#121:FAIL-t2,INCONSISTENCY,nextIndex=0,followerCommit=-1,matchIndex=-1
2022-10-13 10:40:54,055 [grpc-default-executor-0] INFO  impl.SnapshotInstallationHandler (SnapshotInstallationHandler.java:installSnapshot(89)) - s2@group-6905249F38B1: receive installSnapshot: s0->s2#0-t2,notify:(t:2, i:255)
2022-10-13 10:40:54,055 [grpc-default-executor-0] INFO  impl.SnapshotInstallationHandler (SnapshotInstallationHandler.java:installSnapshot(100)) - s2@group-6905249F38B1: reply installSnapshot: s0<-s2#0:FAIL-t2,IN_PROGRESS
2022-10-13 10:40:54,055 [grpc-default-executor-4] INFO  leader.FollowerInfo (FollowerInfoImpl.java:lambda$new$0(48)) - s0@group-6905249F38B1->s1: nextIndex: updateUnconditionally 0 -> 0
2022-10-13 10:40:54,055 [grpc-default-executor-2] INFO  server.GrpcLogAppender (GrpcLogAppender.java:onNext(492)) - s0@group-6905249F38B1->s2-InstallSnapshotResponseHandler: received a reply s0<-s2#0:FAIL-t2,IN_PROGRESS
2022-10-13 10:40:54,056 [grpc-default-executor-2] INFO  server.GrpcLogAppender (GrpcLogAppender.java:onNext(510)) - s0@group-6905249F38B1->s2-InstallSnapshotResponseHandler: InstallSnapshot in progress.
2022-10-13 10:40:54,055 [grpc-default-executor-0] INFO  server.GrpcServerProtocolService (GrpcServerProtocolService.java:onCompleted(143)) - s2: Completed INSTALL_SNAPSHOT, lastRequest: s0->s2#0-t2,notify:(t:2, i:255)
2022-10-13 10:40:54,056 [s0@group-6905249F38B1->s1-GrpcLogAppender-LogAppenderDaemon] INFO  server.GrpcLogAppender (GrpcLogAppender.java:installSnapshot(633)) - s0@group-6905249F38B1->s1-GrpcLogAppender: followerNextIndex = 0 but logStartIndex = 255, notify follower to install snapshot-(t:2, i:255)
2022-10-13 10:40:54,056 [s0@group-6905249F38B1->s1-GrpcLogAppender-LogAppenderDaemon] INFO  server.GrpcLogAppender (GrpcLogAppender.java:installSnapshot(641)) - s0@group-6905249F38B1->s1-GrpcLogAppender: send s0->s1#0-t2,notify:(t:2, i:255)
2022-10-13 10:40:54,057 [grpc-default-executor-2] INFO  impl.SnapshotInstallationHandler (SnapshotInstallationHandler.java:installSnapshot(89)) - s1@group-6905249F38B1: receive installSnapshot: s0->s1#0-t2,notify:(t:2, i:255)
2022-10-13 10:40:54,057 [grpc-default-executor-2] INFO  impl.SnapshotInstallationHandler (SnapshotInstallationHandler.java:installSnapshot(100)) - s1@group-6905249F38B1: reply installSnapshot: s0<-s1#0:FAIL-t2,IN_PROGRESS
2022-10-13 10:40:54,057 [grpc-default-executor-2] INFO  server.GrpcServerProtocolService (GrpcServerProtocolService.java:onCompleted(143)) - s1: Completed INSTALL_SNAPSHOT, lastRequest: s0->s1#0-t2,notify:(t:2, i:255)
2022-10-13 10:40:54,057 [s2-server-thread1] INFO  server.RaftServer$Division (RaftServerImpl.java:checkInconsistentAppendEntries(1577)) - s2@group-6905249F38B1: Failed appendEntries as snapshot (255) installation is in progress
2022-10-13 10:40:54,057 [s2-server-thread1] INFO  server.RaftServer$Division (RaftServerImpl.java:checkInconsistentAppendEntries(1569)) - s2@group-6905249F38B1: inconsistency entries. Reply:s0<-s2#98:FAIL-t2,INCONSISTENCY,nextIndex=0,followerCommit=-1,matchIndex=-1
2022-10-13 10:40:54,057 [grpc-default-executor-2] INFO  server.GrpcLogAppender (GrpcLogAppender.java:onNext(492)) - s0@group-6905249F38B1->s1-InstallSnapshotResponseHandler: received a reply s0<-s1#0:FAIL-t2,IN_PROGRESS
2022-10-13 10:40:54,057 [grpc-default-executor-0] INFO  leader.FollowerInfo (FollowerInfoImpl.java:lambda$new$0(48)) - s0@group-6905249F38B1->s2: nextIndex: updateUnconditionally 0 -> 0
2022-10-13 10:40:54,057 [grpc-default-executor-2] INFO  server.GrpcLogAppender (GrpcLogAppender.java:onNext(510)) - s0@group-6905249F38B1->s1-InstallSnapshotResponseHandler: InstallSnapshot in progress.
2022-10-13 10:40:54,058 [s0@group-6905249F38B1->s2-GrpcLogAppender-LogAppenderDaemon] INFO  server.GrpcLogAppender (GrpcLogAppender.java:installSnapshot(633)) - s0@group-6905249F38B1->s2-GrpcLogAppender: followerNextIndex = 0 but logStartIndex = 255, notify follower to install snapshot-(t:2, i:255)
2022-10-13 10:40:54,058 [s0@group-6905249F38B1->s2-GrpcLogAppender-LogAppenderDaemon] INFO  server.GrpcLogAppender (GrpcLogAppender.java:installSnapshot(641)) - s0@group-6905249F38B1->s2-GrpcLogAppender: send s0->s2#0-t2,notify:(t:2, i:255)
2022-10-13 10:40:54,058 [s1-server-thread1] INFO  server.RaftServer$Division (RaftServerImpl.java:checkInconsistentAppendEntries(1577)) - s1@group-6905249F38B1: Failed appendEntries as snapshot (255) installation is in progress
2022-10-13 10:40:54,058 [s1-server-thread1] INFO  server.RaftServer$Division (RaftServerImpl.java:checkInconsistentAppendEntries(1569)) - s1@group-6905249F38B1: inconsistency entries. Reply:s0<-s1#122:FAIL-t2,INCONSISTENCY,nextIndex=0,followerCommit=-1,matchIndex=-1
2022-10-13 10:40:54,058 [grpc-default-executor-0] INFO  impl.SnapshotInstallationHandler (SnapshotInstallationHandler.java:installSnapshot(89)) - s2@group-6905249F38B1: receive installSnapshot: s0->s2#0-t2,notify:(t:2, i:255)
2022-10-13 10:40:54,059 [grpc-default-executor-0] INFO  impl.SnapshotInstallationHandler (SnapshotInstallationHandler.java:installSnapshot(100)) - s2@group-6905249F38B1: reply installSnapshot: s0<-s2#0:FAIL-t2,IN_PROGRESS
2022-10-13 10:40:54,059 [grpc-default-executor-0] INFO  server.GrpcServerProtocolService (GrpcServerProtocolService.java:onCompleted(143)) - s2: Completed INSTALL_SNAPSHOT, lastRequest: s0->s2#0-t2,notify:(t:2, i:255)
2022-10-13 10:40:54,059 [grpc-default-executor-0] INFO  leader.FollowerInfo (FollowerInfoImpl.java:lambda$new$0(48)) - s0@group-6905249F38B1->s1: nextIndex: updateUnconditionally 0 -> 0
2022-10-13 10:40:54,059 [s0@group-6905249F38B1->s1-GrpcLogAppender-LogAppenderDaemon] INFO  server.GrpcLogAppender (GrpcLogAppender.java:installSnapshot(633)) - s0@group-6905249F38B1->s1-GrpcLogAppender: followerNextIndex = 0 but logStartIndex = 255, notify follower to install snapshot-(t:2, i:255)
2022-10-13 10:40:54,059 [grpc-default-executor-0] INFO  server.GrpcLogAppender (GrpcLogAppender.java:onNext(492)) - s0@group-6905249F38B1->s2-InstallSnapshotResponseHandler: received a reply s0<-s2#0:FAIL-t2,IN_PROGRESS
2022-10-13 10:40:54,059 [grpc-default-executor-0] INFO  server.GrpcLogAppender (GrpcLogAppender.java:onNext(510)) - s0@group-6905249F38B1->s2-InstallSnapshotResponseHandler: InstallSnapshot in progress.
2022-10-13 10:40:54,059 [s0@group-6905249F38B1->s1-GrpcLogAppender-LogAppenderDaemon] INFO  server.GrpcLogAppender (GrpcLogAppender.java:installSnapshot(641)) - s0@group-6905249F38B1->s1-GrpcLogAppender: send s0->s1#0-t2,notify:(t:2, i:255)
2022-10-13 10:40:54,060 [s2-server-thread1] INFO  server.RaftServer$Division (RaftServerImpl.java:checkInconsistentAppendEntries(1577)) - s2@group-6905249F38B1: Failed appendEntries as snapshot (255) installation is in progress
2022-10-13 10:40:54,060 [s2-server-thread1] INFO  server.RaftServer$Division (RaftServerImpl.java:checkInconsistentAppendEntries(1569)) - s2@group-6905249F38B1: inconsistency entries. Reply:s0<-s2#99:FAIL-t2,INCONSISTENCY,nextIndex=0,followerCommit=-1,matchIndex=-1
2022-10-13 10:40:54,060 [grpc-default-executor-4] INFO  impl.SnapshotInstallationHandler (SnapshotInstallationHandler.java:installSnapshot(89)) - s1@group-6905249F38B1: receive installSnapshot: s0->s1#0-t2,notify:(t:2, i:255)
2022-10-13 10:40:54,060 [grpc-default-executor-0] INFO  leader.FollowerInfo (FollowerInfoImpl.java:lambda$new$0(48)) - s0@group-6905249F38B1->s2: nextIndex: updateUnconditionally 0 -> 0
2022-10-13 10:40:54,061 [grpc-default-executor-4] INFO  impl.SnapshotInstallationHandler (SnapshotInstallationHandler.java:installSnapshot(100)) - s1@group-6905249F38B1: reply installSnapshot: s0<-s1#0:FAIL-t2,IN_PROGRESS
2022-10-13 10:40:54,061 [s0@group-6905249F38B1->s2-GrpcLogAppender-LogAppenderDaemon] INFO  server.GrpcLogAppender (GrpcLogAppender.java:installSnapshot(633)) - s0@group-6905249F38B1->s2-GrpcLogAppender: followerNextIndex = 0 but logStartIndex = 255, notify follower to install snapshot-(t:2, i:255)
2022-10-13 10:40:54,061 [grpc-default-executor-4] INFO  server.GrpcServerProtocolService (GrpcServerProtocolService.java:onCompleted(143)) - s1: Completed INSTALL_SNAPSHOT, lastRequest: s0->s1#0-t2,notify:(t:2, i:255)
2022-10-13 10:40:54,061 [s0@group-6905249F38B1->s2-GrpcLogAppender-LogAppenderDaemon] INFO  server.GrpcLogAppender (GrpcLogAppender.java:installSnapshot(641)) - s0@group-6905249F38B1->s2-GrpcLogAppender: send s0->s2#0-t2,notify:(t:2, i:255)
2022-10-13 10:40:54,061 [grpc-default-executor-0] INFO  server.GrpcLogAppender (GrpcLogAppender.java:onNext(492)) - s0@group-6905249F38B1->s1-InstallSnapshotResponseHandler: received a reply s0<-s1#0:FAIL-t2,IN_PROGRESS
2022-10-13 10:40:54,061 [grpc-default-executor-0] INFO  server.GrpcLogAppender (GrpcLogAppender.java:onNext(510)) - s0@group-6905249F38B1->s1-InstallSnapshotResponseHandler: InstallSnapshot in progress.
2022-10-13 10:40:54,062 [s1-server-thread1] INFO  server.RaftServer$Division (RaftServerImpl.java:checkInconsistentAppendEntries(1577)) - s1@group-6905249F38B1: Failed appendEntries as snapshot (255) installation is in progress
2022-10-13 10:40:54,062 [s1-server-thread1] INFO  server.RaftServer$Division (RaftServerImpl.java:checkInconsistentAppendEntries(1569)) - s1@group-6905249F38B1: inconsistency entries. Reply:s0<-s1#123:FAIL-t2,INCONSISTENCY,nextIndex=0,followerCommit=-1,matchIndex=-1
2022-10-13 10:40:54,067 [grpc-default-executor-4] INFO  leader.FollowerInfo (FollowerInfoImpl.java:lambda$new$0(48)) - s0@group-6905249F38B1->s1: nextIndex: updateUnconditionally 0 -> 0
2022-10-13 10:40:54,067 [grpc-default-executor-0] INFO  impl.SnapshotInstallationHandler (SnapshotInstallationHandler.java:installSnapshot(89)) - s2@group-6905249F38B1: receive installSnapshot: s0->s2#0-t2,notify:(t:2, i:255)
2022-10-13 10:40:54,067 [s0@group-6905249F38B1->s1-GrpcLogAppender-LogAppenderDaemon] INFO  server.GrpcLogAppender (GrpcLogAppender.java:installSnapshot(633)) - s0@group-6905249F38B1->s1-GrpcLogAppender: followerNextIndex = 0 but logStartIndex = 255, notify follower to install snapshot-(t:2, i:255)
2022-10-13 10:40:54,067 [grpc-default-executor-0] INFO  impl.SnapshotInstallationHandler (SnapshotInstallationHandler.java:installSnapshot(100)) - s2@group-6905249F38B1: reply installSnapshot: s0<-s2#0:FAIL-t2,IN_PROGRESS
2022-10-13 10:40:54,067 [s0@group-6905249F38B1->s1-GrpcLogAppender-LogAppenderDaemon] INFO  server.GrpcLogAppender (GrpcLogAppender.java:installSnapshot(641)) - s0@group-6905249F38B1->s1-GrpcLogAppender: send s0->s1#0-t2,notify:(t:2, i:255)
2022-10-13 10:40:54,067 [grpc-default-executor-0] INFO  server.GrpcServerProtocolService (GrpcServerProtocolService.java:onCompleted(143)) - s2: Completed INSTALL_SNAPSHOT, lastRequest: s0->s2#0-t2,notify:(t:2, i:255)
2022-10-13 10:40:54,068 [grpc-default-executor-0] INFO  server.GrpcLogAppender (GrpcLogAppender.java:onNext(492)) - s0@group-6905249F38B1->s2-InstallSnapshotResponseHandler: received a reply s0<-s2#0:FAIL-t2,IN_PROGRESS
2022-10-13 10:40:54,068 [grpc-default-executor-0] INFO  server.GrpcLogAppender (GrpcLogAppender.java:onNext(510)) - s0@group-6905249F38B1->s2-InstallSnapshotResponseHandler: InstallSnapshot in progress.
2022-10-13 10:40:54,069 [grpc-default-executor-0] INFO  impl.SnapshotInstallationHandler (SnapshotInstallationHandler.java:installSnapshot(89)) - s1@group-6905249F38B1: receive installSnapshot: s0->s1#0-t2,notify:(t:2, i:255)
2022-10-13 10:40:54,069 [s2-server-thread1] INFO  server.RaftServer$Division (RaftServerImpl.java:checkInconsistentAppendEntries(1577)) - s2@group-6905249F38B1: Failed appendEntries as snapshot (255) installation is in progress
2022-10-13 10:40:54,069 [grpc-default-executor-0] INFO  impl.SnapshotInstallationHandler (SnapshotInstallationHandler.java:installSnapshot(100)) - s1@group-6905249F38B1: reply installSnapshot: s0<-s1#0:FAIL-t2,IN_PROGRESS
2022-10-13 10:40:54,069 [s2-server-thread1] INFO  server.RaftServer$Division (RaftServerImpl.java:checkInconsistentAppendEntries(1569)) - s2@group-6905249F38B1: inconsistency entries. Reply:s0<-s2#100:FAIL-t2,INCONSISTENCY,nextIndex=0,followerCommit=-1,matchIndex=-1
2022-10-13 10:40:54,069 [grpc-default-executor-0] INFO  server.GrpcServerProtocolService (GrpcServerProtocolService.java:onCompleted(143)) - s1: Completed INSTALL_SNAPSHOT, lastRequest: s0->s1#0-t2,notify:(t:2, i:255)
2022-10-13 10:40:54,069 [grpc-default-executor-4] INFO  leader.FollowerInfo (FollowerInfoImpl.java:lambda$new$0(48)) - s0@group-6905249F38B1->s2: nextIndex: updateUnconditionally 0 -> 0
2022-10-13 10:40:54,069 [s0@group-6905249F38B1->s2-GrpcLogAppender-LogAppenderDaemon] INFO  server.GrpcLogAppender (GrpcLogAppender.java:installSnapshot(633)) - s0@group-6905249F38B1->s2-GrpcLogAppender: followerNextIndex = 0 but logStartIndex = 255, notify follower to install snapshot-(t:2, i:255)
2022-10-13 10:40:54,070 [s0@group-6905249F38B1->s2-GrpcLogAppender-LogAppenderDaemon] INFO  server.GrpcLogAppender (GrpcLogAppender.java:installSnapshot(641)) - s0@group-6905249F38B1->s2-GrpcLogAppender: send s0->s2#0-t2,notify:(t:2, i:255)
2022-10-13 10:40:54,069 [grpc-default-executor-0] INFO  server.GrpcLogAppender (GrpcLogAppender.java:onNext(492)) - s0@group-6905249F38B1->s1-InstallSnapshotResponseHandler: received a reply s0<-s1#0:FAIL-t2,IN_PROGRESS
2022-10-13 10:40:54,070 [grpc-default-executor-0] INFO  server.GrpcLogAppender (GrpcLogAppender.java:onNext(510)) - s0@group-6905249F38B1->s1-InstallSnapshotResponseHandler: InstallSnapshot in progress.
2022-10-13 10:40:54,070 [grpc-default-executor-4] INFO  impl.SnapshotInstallationHandler (SnapshotInstallationHandler.java:installSnapshot(89)) - s2@group-6905249F38B1: receive installSnapshot: s0->s2#0-t2,notify:(t:2, i:255)
2022-10-13 10:40:54,070 [grpc-default-executor-4] INFO  impl.SnapshotInstallationHandler (SnapshotInstallationHandler.java:installSnapshot(100)) - s2@group-6905249F38B1: reply installSnapshot: s0<-s2#0:FAIL-t2,IN_PROGRESS
2022-10-13 10:40:54,071 [grpc-default-executor-4] INFO  server.GrpcServerProtocolService (GrpcServerProtocolService.java:onCompleted(143)) - s2: Completed INSTALL_SNAPSHOT, lastRequest: s0->s2#0-t2,notify:(t:2, i:255)
2022-10-13 10:40:54,071 [grpc-default-executor-4] INFO  server.GrpcLogAppender (GrpcLogAppender.java:onNext(492)) - s0@group-6905249F38B1->s2-InstallSnapshotResponseHandler: received a reply s0<-s2#0:FAIL-t2,IN_PROGRESS
2022-10-13 10:40:54,071 [grpc-default-executor-4] INFO  server.GrpcLogAppender (GrpcLogAppender.java:onNext(510)) - s0@group-6905249F38B1->s2-InstallSnapshotResponseHandler: InstallSnapshot in progress.
2022-10-13 10:40:54,071 [s1-server-thread1] INFO  server.RaftServer$Division (RaftServerImpl.java:checkInconsistentAppendEntries(1577)) - s1@group-6905249F38B1: Failed appendEntries as snapshot (255) installation is in progress
2022-10-13 10:40:54,071 [s1-server-thread1] INFO  server.RaftServer$Division (RaftServerImpl.java:checkInconsistentAppendEntries(1569)) - s1@group-6905249F38B1: inconsistency entries. Reply:s0<-s1#124:FAIL-t2,INCONSISTENCY,nextIndex=0,followerCommit=-1,matchIndex=-1
2022-10-13 10:40:54,071 [grpc-default-executor-0] INFO  leader.FollowerInfo (FollowerInfoImpl.java:lambda$new$0(48)) - s0@group-6905249F38B1->s1: nextIndex: updateUnconditionally 0 -> 0
2022-10-13 10:40:54,072 [s2-server-thread1] INFO  server.RaftServer$Division (RaftServerImpl.java:checkInconsistentAppendEntries(1577)) - s2@group-6905249F38B1: Failed appendEntries as snapshot (255) installation is in progress
2022-10-13 10:40:54,072 [s0@group-6905249F38B1->s1-GrpcLogAppender-LogAppenderDaemon] INFO  server.GrpcLogAppender (GrpcLogAppender.java:installSnapshot(633)) - s0@group-6905249F38B1->s1-GrpcLogAppender: followerNextIndex = 0 but logStartIndex = 255, notify follower to install snapshot-(t:2, i:255)
2022-10-13 10:40:54,072 [s0@group-6905249F38B1->s1-GrpcLogAppender-LogAppenderDaemon] INFO  server.GrpcLogAppender (GrpcLogAppender.java:installSnapshot(641)) - s0@group-6905249F38B1->s1-GrpcLogAppender: send s0->s1#0-t2,notify:(t:2, i:255)
2022-10-13 10:40:54,072 [s2-server-thread1] INFO  server.RaftServer$Division (RaftServerImpl.java:checkInconsistentAppendEntries(1569)) - s2@group-6905249F38B1: inconsistency entries. Reply:s0<-s2#101:FAIL-t2,INCONSISTENCY,nextIndex=0,followerCommit=-1,matchIndex=-1
2022-10-13 10:40:54,072 [grpc-default-executor-4] INFO  impl.SnapshotInstallationHandler (SnapshotInstallationHandler.java:installSnapshot(89)) - s1@group-6905249F38B1: receive installSnapshot: s0->s1#0-t2,notify:(t:2, i:255)
2022-10-13 10:40:54,073 [grpc-default-executor-4] INFO  impl.SnapshotInstallationHandler (SnapshotInstallationHandler.java:installSnapshot(100)) - s1@group-6905249F38B1: reply installSnapshot: s0<-s1#0:FAIL-t2,IN_PROGRESS
2022-10-13 10:40:54,073 [grpc-default-executor-4] INFO  server.GrpcServerProtocolService (GrpcServerProtocolService.java:onCompleted(143)) - s1: Completed INSTALL_SNAPSHOT, lastRequest: s0->s1#0-t2,notify:(t:2, i:255)
2022-10-13 10:40:54,073 [grpc-default-executor-2] INFO  leader.FollowerInfo (FollowerInfoImpl.java:lambda$new$0(48)) - s0@group-6905249F38B1->s2: nextIndex: updateUnconditionally 0 -> 0
2022-10-13 10:40:54,073 [s0@group-6905249F38B1->s2-GrpcLogAppender-LogAppenderDaemon] INFO  server.GrpcLogAppender (GrpcLogAppender.java:installSnapshot(633)) - s0@group-6905249F38B1->s2-GrpcLogAppender: followerNextIndex = 0 but logStartIndex = 255, notify follower to install snapshot-(t:2, i:255)
2022-10-13 10:40:54,073 [s0@group-6905249F38B1->s2-GrpcLogAppender-LogAppenderDaemon] INFO  server.GrpcLogAppender (GrpcLogAppender.java:installSnapshot(641)) - s0@group-6905249F38B1->s2-GrpcLogAppender: send s0->s2#0-t2,notify:(t:2, i:255)
2022-10-13 10:40:54,074 [grpc-default-executor-0] INFO  server.GrpcLogAppender (GrpcLogAppender.java:onNext(492)) - s0@group-6905249F38B1->s1-InstallSnapshotResponseHandler: received a reply s0<-s1#0:FAIL-t2,IN_PROGRESS
2022-10-13 10:40:54,074 [grpc-default-executor-0] INFO  server.GrpcLogAppender (GrpcLogAppender.java:onNext(510)) - s0@group-6905249F38B1->s1-InstallSnapshotResponseHandler: InstallSnapshot in progress.
2022-10-13 10:40:54,074 [grpc-default-executor-4] INFO  impl.SnapshotInstallationHandler (SnapshotInstallationHandler.java:installSnapshot(89)) - s2@group-6905249F38B1: receive installSnapshot: s0->s2#0-t2,notify:(t:2, i:255)
2022-10-13 10:40:54,074 [grpc-default-executor-4] INFO  impl.SnapshotInstallationHandler (SnapshotInstallationHandler.java:installSnapshot(100)) - s2@group-6905249F38B1: reply installSnapshot: s0<-s2#0:FAIL-t2,IN_PROGRESS
2022-10-13 10:40:54,074 [grpc-default-executor-4] INFO  server.GrpcServerProtocolService (GrpcServerProtocolService.java:onCompleted(143)) - s2: Completed INSTALL_SNAPSHOT, lastRequest: s0->s2#0-t2,notify:(t:2, i:255)
2022-10-13 10:40:54,075 [s1-server-thread1] INFO  server.RaftServer$Division (RaftServerImpl.java:checkInconsistentAppendEntries(1577)) - s1@group-6905249F38B1: Failed appendEntries as snapshot (255) installation is in progress
2022-10-13 10:40:54,075 [s1-server-thread1] INFO  server.RaftServer$Division (RaftServerImpl.java:checkInconsistentAppendEntries(1569)) - s1@group-6905249F38B1: inconsistency entries. Reply:s0<-s1#125:FAIL-t2,INCONSISTENCY,nextIndex=0,followerCommit=-1,matchIndex=-1
2022-10-13 10:40:54,075 [grpc-default-executor-4] INFO  server.GrpcLogAppender (GrpcLogAppender.java:onNext(492)) - s0@group-6905249F38B1->s2-InstallSnapshotResponseHandler: received a reply s0<-s2#0:FAIL-t2,IN_PROGRESS
2022-10-13 10:40:54,075 [grpc-default-executor-4] INFO  server.GrpcLogAppender (GrpcLogAppender.java:onNext(510)) - s0@group-6905249F38B1->s2-InstallSnapshotResponseHandler: InstallSnapshot in progress.
2022-10-13 10:40:54,075 [grpc-default-executor-2] INFO  leader.FollowerInfo (FollowerInfoImpl.java:lambda$new$0(48)) - s0@group-6905249F38B1->s1: nextIndex: updateUnconditionally 0 -> 0
2022-10-13 10:40:54,075 [s0@group-6905249F38B1->s1-GrpcLogAppender-LogAppenderDaemon] INFO  server.GrpcLogAppender (GrpcLogAppender.java:installSnapshot(633)) - s0@group-6905249F38B1->s1-GrpcLogAppender: followerNextIndex = 0 but logStartIndex = 255, notify follower to install snapshot-(t:2, i:255)
2022-10-13 10:40:54,075 [s0@group-6905249F38B1->s1-GrpcLogAppender-LogAppenderDaemon] INFO  server.GrpcLogAppender (GrpcLogAppender.java:installSnapshot(641)) - s0@group-6905249F38B1->s1-GrpcLogAppender: send s0->s1#0-t2,notify:(t:2, i:255)
2022-10-13 10:40:54,076 [s2-server-thread1] INFO  server.RaftServer$Division (RaftServerImpl.java:checkInconsistentAppendEntries(1577)) - s2@group-6905249F38B1: Failed appendEntries as snapshot (255) installation is in progress
2022-10-13 10:40:54,076 [s2-server-thread1] INFO  server.RaftServer$Division (RaftServerImpl.java:checkInconsistentAppendEntries(1569)) - s2@group-6905249F38B1: inconsistency entries. Reply:s0<-s2#102:FAIL-t2,INCONSISTENCY,nextIndex=0,followerCommit=-1,matchIndex=-1
2022-10-13 10:40:54,076 [grpc-default-executor-0] INFO  impl.SnapshotInstallationHandler (SnapshotInstallationHandler.java:installSnapshot(89)) - s1@group-6905249F38B1: receive installSnapshot: s0->s1#0-t2,notify:(t:2, i:255)
2022-10-13 10:40:54,076 [grpc-default-executor-0] INFO  impl.SnapshotInstallationHandler (SnapshotInstallationHandler.java:installSnapshot(100)) - s1@group-6905249F38B1: reply installSnapshot: s0<-s1#0:FAIL-t2,IN_PROGRESS
2022-10-13 10:40:54,076 [grpc-default-executor-0] INFO  server.GrpcServerProtocolService (GrpcServerProtocolService.java:onCompleted(143)) - s1: Completed INSTALL_SNAPSHOT, lastRequest: s0->s1#0-t2,notify:(t:2, i:255)
2022-10-13 10:40:54,077 [grpc-default-executor-0] INFO  leader.FollowerInfo (FollowerInfoImpl.java:lambda$new$0(48)) - s0@group-6905249F38B1->s2: nextIndex: updateUnconditionally 0 -> 0
2022-10-13 10:40:54,077 [grpc-default-executor-2] INFO  server.GrpcLogAppender (GrpcLogAppender.java:onNext(492)) - s0@group-6905249F38B1->s1-InstallSnapshotResponseHandler: received a reply s0<-s1#0:FAIL-t2,IN_PROGRESS
2022-10-13 10:40:54,077 [grpc-default-executor-2] INFO  server.GrpcLogAppender (GrpcLogAppender.java:onNext(510)) - s0@group-6905249F38B1->s1-InstallSnapshotResponseHandler: InstallSnapshot in progress.
2022-10-13 10:40:54,077 [s0@group-6905249F38B1->s2-GrpcLogAppender-LogAppenderDaemon] INFO  server.GrpcLogAppender (GrpcLogAppender.java:installSnapshot(633)) - s0@group-6905249F38B1->s2-GrpcLogAppender: followerNextIndex = 0 but logStartIndex = 255, notify follower to install snapshot-(t:2, i:255)
2022-10-13 10:40:54,077 [s0@group-6905249F38B1->s2-GrpcLogAppender-LogAppenderDaemon] INFO  server.GrpcLogAppender (GrpcLogAppender.java:installSnapshot(641)) - s0@group-6905249F38B1->s2-GrpcLogAppender: send s0->s2#0-t2,notify:(t:2, i:255)
2022-10-13 10:40:54,077 [s1-server-thread1] INFO  server.RaftServer$Division (RaftServerImpl.java:checkInconsistentAppendEntries(1577)) - s1@group-6905249F38B1: Failed appendEntries as snapshot (255) installation is in progress
2022-10-13 10:40:54,078 [s1-server-thread1] INFO  server.RaftServer$Division (RaftServerImpl.java:checkInconsistentAppendEntries(1569)) - s1@group-6905249F38B1: inconsistency entries. Reply:s0<-s1#126:FAIL-t2,INCONSISTENCY,nextIndex=0,followerCommit=-1,matchIndex=-1
2022-10-13 10:40:54,078 [grpc-default-executor-3] INFO  impl.SnapshotInstallationHandler (SnapshotInstallationHandler.java:installSnapshot(89)) - s2@group-6905249F38B1: receive installSnapshot: s0->s2#0-t2,notify:(t:2, i:255)
2022-10-13 10:40:54,078 [grpc-default-executor-3] INFO  impl.SnapshotInstallationHandler (SnapshotInstallationHandler.java:installSnapshot(100)) - s2@group-6905249F38B1: reply installSnapshot: s0<-s2#0:FAIL-t2,IN_PROGRESS
2022-10-13 10:40:54,078 [grpc-default-executor-3] INFO  server.GrpcServerProtocolService (GrpcServerProtocolService.java:onCompleted(143)) - s2: Completed INSTALL_SNAPSHOT, lastRequest: s0->s2#0-t2,notify:(t:2, i:255)
2022-10-13 10:40:54,078 [grpc-default-executor-3] INFO  server.GrpcLogAppender (GrpcLogAppender.java:onNext(492)) - s0@group-6905249F38B1->s2-InstallSnapshotResponseHandler: received a reply s0<-s2#0:FAIL-t2,IN_PROGRESS
2022-10-13 10:40:54,078 [grpc-default-executor-3] INFO  server.GrpcLogAppender (GrpcLogAppender.java:onNext(510)) - s0@group-6905249F38B1->s2-InstallSnapshotResponseHandler: InstallSnapshot in progress.
2022-10-13 10:40:54,079 [s2-server-thread1] INFO  server.RaftServer$Division (RaftServerImpl.java:checkInconsistentAppendEntries(1577)) - s2@group-6905249F38B1: Failed appendEntries as snapshot (255) installation is in progress
2022-10-13 10:40:54,079 [s2-server-thread1] INFO  server.RaftServer$Division (RaftServerImpl.java:checkInconsistentAppendEntries(1569)) - s2@group-6905249F38B1: inconsistency entries. Reply:s0<-s2#103:FAIL-t2,INCONSISTENCY,nextIndex=0,followerCommit=-1,matchIndex=-1
2022-10-13 10:40:54,079 [grpc-default-executor-3] INFO  leader.FollowerInfo (FollowerInfoImpl.java:lambda$new$0(48)) - s0@group-6905249F38B1->s1: nextIndex: updateUnconditionally 0 -> 0
2022-10-13 10:40:54,079 [s0@group-6905249F38B1->s1-GrpcLogAppender-LogAppenderDaemon] INFO  server.GrpcLogAppender (GrpcLogAppender.java:installSnapshot(633)) - s0@group-6905249F38B1->s1-GrpcLogAppender: followerNextIndex = 0 but logStartIndex = 255, notify follower to install snapshot-(t:2, i:255)
2022-10-13 10:40:54,079 [s0@group-6905249F38B1->s1-GrpcLogAppender-LogAppenderDaemon] INFO  server.GrpcLogAppender (GrpcLogAppender.java:installSnapshot(641)) - s0@group-6905249F38B1->s1-GrpcLogAppender: send s0->s1#0-t2,notify:(t:2, i:255)
2022-10-13 10:40:54,080 [grpc-default-executor-4] INFO  leader.FollowerInfo (FollowerInfoImpl.java:lambda$new$0(48)) - s0@group-6905249F38B1->s2: nextIndex: updateUnconditionally 0 -> 0
2022-10-13 10:40:54,080 [s0@group-6905249F38B1->s2-GrpcLogAppender-LogAppenderDaemon] INFO  server.GrpcLogAppender (GrpcLogAppender.java:installSnapshot(633)) - s0@group-6905249F38B1->s2-GrpcLogAppender: followerNextIndex = 0 but logStartIndex = 255, notify follower to install snapshot-(t:2, i:255)
2022-10-13 10:40:54,080 [s0@group-6905249F38B1->s2-GrpcLogAppender-LogAppenderDaemon] INFO  server.GrpcLogAppender (GrpcLogAppender.java:installSnapshot(641)) - s0@group-6905249F38B1->s2-GrpcLogAppender: send s0->s2#0-t2,notify:(t:2, i:255)
2022-10-13 10:40:54,080 [grpc-default-executor-3] INFO  impl.SnapshotInstallationHandler (SnapshotInstallationHandler.java:installSnapshot(89)) - s1@group-6905249F38B1: receive installSnapshot: s0->s1#0-t2,notify:(t:2, i:255)
2022-10-13 10:40:54,080 [grpc-default-executor-3] INFO  impl.SnapshotInstallationHandler (SnapshotInstallationHandler.java:installSnapshot(100)) - s1@group-6905249F38B1: reply installSnapshot: s0<-s1#0:FAIL-t2,IN_PROGRESS
2022-10-13 10:40:54,081 [grpc-default-executor-3] INFO  server.GrpcServerProtocolService (GrpcServerProtocolService.java:onCompleted(143)) - s1: Completed INSTALL_SNAPSHOT, lastRequest: s0->s1#0-t2,notify:(t:2, i:255)
2022-10-13 10:40:54,081 [grpc-default-executor-3] INFO  server.GrpcLogAppender (GrpcLogAppender.java:onNext(492)) - s0@group-6905249F38B1->s1-InstallSnapshotResponseHandler: received a reply s0<-s1#0:FAIL-t2,IN_PROGRESS
2022-10-13 10:40:54,081 [grpc-default-executor-3] INFO  server.GrpcLogAppender (GrpcLogAppender.java:onNext(510)) - s0@group-6905249F38B1->s1-InstallSnapshotResponseHandler: InstallSnapshot in progress.
2022-10-13 10:40:54,081 [grpc-default-executor-4] INFO  impl.SnapshotInstallationHandler (SnapshotInstallationHandler.java:installSnapshot(89)) - s2@group-6905249F38B1: receive installSnapshot: s0->s2#0-t2,notify:(t:2, i:255)
2022-10-13 10:40:54,081 [grpc-default-executor-4] INFO  impl.SnapshotInstallationHandler (SnapshotInstallationHandler.java:installSnapshot(100)) - s2@group-6905249F38B1: reply installSnapshot: s0<-s2#0:FAIL-t2,IN_PROGRESS
2022-10-13 10:40:54,082 [grpc-default-executor-4] INFO  server.GrpcServerProtocolService (GrpcServerProtocolService.java:onCompleted(143)) - s2: Completed INSTALL_SNAPSHOT, lastRequest: s0->s2#0-t2,notify:(t:2, i:255)
2022-10-13 10:40:54,082 [s1-server-thread1] INFO  server.RaftServer$Division (RaftServerImpl.java:checkInconsistentAppendEntries(1577)) - s1@group-6905249F38B1: Failed appendEntries as snapshot (255) installation is in progress
2022-10-13 10:40:54,082 [s1-server-thread1] INFO  server.RaftServer$Division (RaftServerImpl.java:checkInconsistentAppendEntries(1569)) - s1@group-6905249F38B1: inconsistency entries. Reply:s0<-s1#127:FAIL-t2,INCONSISTENCY,nextIndex=0,followerCommit=-1,matchIndex=-1
2022-10-13 10:40:54,082 [grpc-default-executor-4] INFO  server.GrpcLogAppender (GrpcLogAppender.java:onNext(492)) - s0@group-6905249F38B1->s2-InstallSnapshotResponseHandler: received a reply s0<-s2#0:FAIL-t2,IN_PROGRESS
2022-10-13 10:40:54,082 [grpc-default-executor-4] INFO  server.GrpcLogAppender (GrpcLogAppender.java:onNext(510)) - s0@group-6905249F38B1->s2-InstallSnapshotResponseHandler: InstallSnapshot in progress.
2022-10-13 10:40:54,083 [grpc-default-executor-3] INFO  leader.FollowerInfo (FollowerInfoImpl.java:lambda$new$0(48)) - s0@group-6905249F38B1->s1: nextIndex: updateUnconditionally 0 -> 0
2022-10-13 10:40:54,083 [s0@group-6905249F38B1->s1-GrpcLogAppender-LogAppenderDaemon] INFO  server.GrpcLogAppender (GrpcLogAppender.java:installSnapshot(633)) - s0@group-6905249F38B1->s1-GrpcLogAppender: followerNextIndex = 0 but logStartIndex = 255, notify follower to install snapshot-(t:2, i:255)
2022-10-13 10:40:54,083 [s0@group-6905249F38B1->s1-GrpcLogAppender-LogAppenderDaemon] INFO  server.GrpcLogAppender (GrpcLogAppender.java:installSnapshot(641)) - s0@group-6905249F38B1->s1-GrpcLogAppender: send s0->s1#0-t2,notify:(t:2, i:255)
2022-10-13 10:40:54,083 [s2-server-thread1] INFO  server.RaftServer$Division (RaftServerImpl.java:checkInconsistentAppendEntries(1577)) - s2@group-6905249F38B1: Failed appendEntries as snapshot (255) installation is in progress
2022-10-13 10:40:54,083 [s2-server-thread1] INFO  server.RaftServer$Division (RaftServerImpl.java:checkInconsistentAppendEntries(1569)) - s2@group-6905249F38B1: inconsistency entries. Reply:s0<-s2#104:FAIL-t2,INCONSISTENCY,nextIndex=0,followerCommit=-1,matchIndex=-1
2022-10-13 10:40:54,084 [grpc-default-executor-3] INFO  leader.FollowerInfo (FollowerInfoImpl.java:lambda$new$0(48)) - s0@group-6905249F38B1->s2: nextIndex: updateUnconditionally 0 -> 0
2022-10-13 10:40:54,084 [s0@group-6905249F38B1->s2-GrpcLogAppender-LogAppenderDaemon] INFO  server.GrpcLogAppender (GrpcLogAppender.java:installSnapshot(633)) - s0@group-6905249F38B1->s2-GrpcLogAppender: followerNextIndex = 0 but logStartIndex = 255, notify follower to install snapshot-(t:2, i:255)
2022-10-13 10:40:54,084 [s0@group-6905249F38B1->s2-GrpcLogAppender-LogAppenderDaemon] INFO  server.GrpcLogAppender (GrpcLogAppender.java:installSnapshot(641)) - s0@group-6905249F38B1->s2-GrpcLogAppender: send s0->s2#0-t2,notify:(t:2, i:255)
2022-10-13 10:40:54,084 [grpc-default-executor-4] INFO  impl.SnapshotInstallationHandler (SnapshotInstallationHandler.java:installSnapshot(89)) - s1@group-6905249F38B1: receive installSnapshot: s0->s1#0-t2,notify:(t:2, i:255)
2022-10-13 10:40:54,084 [grpc-default-executor-4] INFO  impl.SnapshotInstallationHandler (SnapshotInstallationHandler.java:installSnapshot(100)) - s1@group-6905249F38B1: reply installSnapshot: s0<-s1#0:FAIL-t2,IN_PROGRESS
2022-10-13 10:40:54,085 [grpc-default-executor-4] INFO  server.GrpcServerProtocolService (GrpcServerProtocolService.java:onCompleted(143)) - s1: Completed INSTALL_SNAPSHOT, lastRequest: s0->s1#0-t2,notify:(t:2, i:255)
2022-10-13 10:40:54,084 [grpc-default-executor-2] INFO  impl.SnapshotInstallationHandler (SnapshotInstallationHandler.java:installSnapshot(89)) - s2@group-6905249F38B1: receive installSnapshot: s0->s2#0-t2,notify:(t:2, i:255)
2022-10-13 10:40:54,085 [grpc-default-executor-2] INFO  impl.SnapshotInstallationHandler (SnapshotInstallationHandler.java:installSnapshot(100)) - s2@group-6905249F38B1: reply installSnapshot: s0<-s2#0:FAIL-t2,IN_PROGRESS
2022-10-13 10:40:54,085 [grpc-default-executor-2] INFO  server.GrpcServerProtocolService (GrpcServerProtocolService.java:onCompleted(143)) - s2: Completed INSTALL_SNAPSHOT, lastRequest: s0->s2#0-t2,notify:(t:2, i:255)
2022-10-13 10:40:54,085 [grpc-default-executor-2] INFO  server.GrpcLogAppender (GrpcLogAppender.java:onNext(492)) - s0@group-6905249F38B1->s2-InstallSnapshotResponseHandler: received a reply s0<-s2#0:FAIL-t2,IN_PROGRESS
2022-10-13 10:40:54,085 [grpc-default-executor-2] INFO  server.GrpcLogAppender (GrpcLogAppender.java:onNext(510)) - s0@group-6905249F38B1->s2-InstallSnapshotResponseHandler: InstallSnapshot in progress.
2022-10-13 10:40:54,086 [grpc-default-executor-3] INFO  server.GrpcLogAppender (GrpcLogAppender.java:onNext(492)) - s0@group-6905249F38B1->s1-InstallSnapshotResponseHandler: received a reply s0<-s1#0:FAIL-t2,IN_PROGRESS
2022-10-13 10:40:54,086 [grpc-default-executor-3] INFO  server.GrpcLogAppender (GrpcLogAppender.java:onNext(510)) - s0@group-6905249F38B1->s1-InstallSnapshotResponseHandler: InstallSnapshot in progress.
2022-10-13 10:40:54,088 [s1-server-thread1] INFO  server.RaftServer$Division (RaftServerImpl.java:checkInconsistentAppendEntries(1577)) - s1@group-6905249F38B1: Failed appendEntries as snapshot (255) installation is in progress
2022-10-13 10:40:54,089 [s1-server-thread1] INFO  server.RaftServer$Division (RaftServerImpl.java:checkInconsistentAppendEntries(1569)) - s1@group-6905249F38B1: inconsistency entries. Reply:s0<-s1#128:FAIL-t2,INCONSISTENCY,nextIndex=0,followerCommit=-1,matchIndex=-1
2022-10-13 10:40:54,089 [grpc-default-executor-4] INFO  leader.FollowerInfo (FollowerInfoImpl.java:lambda$new$0(48)) - s0@group-6905249F38B1->s1: nextIndex: updateUnconditionally 0 -> 0
2022-10-13 10:40:54,090 [s0@group-6905249F38B1->s1-GrpcLogAppender-LogAppenderDaemon] INFO  server.GrpcLogAppender (GrpcLogAppender.java:installSnapshot(633)) - s0@group-6905249F38B1->s1-GrpcLogAppender: followerNextIndex = 0 but logStartIndex = 255, notify follower to install snapshot-(t:2, i:255)
2022-10-13 10:40:54,090 [s0@group-6905249F38B1->s1-GrpcLogAppender-LogAppenderDaemon] INFO  server.GrpcLogAppender (GrpcLogAppender.java:installSnapshot(641)) - s0@group-6905249F38B1->s1-GrpcLogAppender: send s0->s1#0-t2,notify:(t:2, i:255)
2022-10-13 10:40:54,090 [s2-server-thread1] INFO  server.RaftServer$Division (RaftServerImpl.java:checkInconsistentAppendEntries(1577)) - s2@group-6905249F38B1: Failed appendEntries as snapshot (255) installation is in progress
2022-10-13 10:40:54,090 [s2-server-thread1] INFO  server.RaftServer$Division (RaftServerImpl.java:checkInconsistentAppendEntries(1569)) - s2@group-6905249F38B1: inconsistency entries. Reply:s0<-s2#105:FAIL-t2,INCONSISTENCY,nextIndex=0,followerCommit=-1,matchIndex=-1
2022-10-13 10:40:54,091 [grpc-default-executor-3] INFO  impl.SnapshotInstallationHandler (SnapshotInstallationHandler.java:installSnapshot(89)) - s1@group-6905249F38B1: receive installSnapshot: s0->s1#0-t2,notify:(t:2, i:255)
2022-10-13 10:40:54,091 [grpc-default-executor-3] INFO  impl.SnapshotInstallationHandler (SnapshotInstallationHandler.java:installSnapshot(100)) - s1@group-6905249F38B1: reply installSnapshot: s0<-s1#0:FAIL-t2,IN_PROGRESS
2022-10-13 10:40:54,091 [grpc-default-executor-3] INFO  server.GrpcServerProtocolService (GrpcServerProtocolService.java:onCompleted(143)) - s1: Completed INSTALL_SNAPSHOT, lastRequest: s0->s1#0-t2,notify:(t:2, i:255)
2022-10-13 10:40:54,091 [grpc-default-executor-4] INFO  leader.FollowerInfo (FollowerInfoImpl.java:lambda$new$0(48)) - s0@group-6905249F38B1->s2: nextIndex: updateUnconditionally 0 -> 0
2022-10-13 10:40:54,092 [s0@group-6905249F38B1->s2-GrpcLogAppender-LogAppenderDaemon] INFO  server.GrpcLogAppender (GrpcLogAppender.java:installSnapshot(633)) - s0@group-6905249F38B1->s2-GrpcLogAppender: followerNextIndex = 0 but logStartIndex = 255, notify follower to install snapshot-(t:2, i:255)
2022-10-13 10:40:54,092 [s0@group-6905249F38B1->s2-GrpcLogAppender-LogAppenderDaemon] INFO  server.GrpcLogAppender (GrpcLogAppender.java:installSnapshot(641)) - s0@group-6905249F38B1->s2-GrpcLogAppender: send s0->s2#0-t2,notify:(t:2, i:255)
2022-10-13 10:40:54,095 [grpc-default-executor-3] INFO  server.GrpcLogAppender (GrpcLogAppender.java:onNext(492)) - s0@group-6905249F38B1->s1-InstallSnapshotResponseHandler: received a reply s0<-s1#0:FAIL-t2,IN_PROGRESS
2022-10-13 10:40:54,095 [grpc-default-executor-3] INFO  server.GrpcLogAppender (GrpcLogAppender.java:onNext(510)) - s0@group-6905249F38B1->s1-InstallSnapshotResponseHandler: InstallSnapshot in progress.
2022-10-13 10:40:54,095 [grpc-default-executor-4] INFO  impl.SnapshotInstallationHandler (SnapshotInstallationHandler.java:installSnapshot(89)) - s2@group-6905249F38B1: receive installSnapshot: s0->s2#0-t2,notify:(t:2, i:255)
2022-10-13 10:40:54,095 [grpc-default-executor-4] INFO  impl.SnapshotInstallationHandler (SnapshotInstallationHandler.java:installSnapshot(100)) - s2@group-6905249F38B1: reply installSnapshot: s0<-s2#0:FAIL-t2,IN_PROGRESS
2022-10-13 10:40:54,095 [grpc-default-executor-4] INFO  server.GrpcServerProtocolService (GrpcServerProtocolService.java:onCompleted(143)) - s2: Completed INSTALL_SNAPSHOT, lastRequest: s0->s2#0-t2,notify:(t:2, i:255)
2022-10-13 10:40:54,096 [s1-server-thread1] INFO  server.RaftServer$Division (RaftServerImpl.java:checkInconsistentAppendEntries(1577)) - s1@group-6905249F38B1: Failed appendEntries as snapshot (255) installation is in progress
2022-10-13 10:40:54,096 [s1-server-thread1] INFO  server.RaftServer$Division (RaftServerImpl.java:checkInconsistentAppendEntries(1569)) - s1@group-6905249F38B1: inconsistency entries. Reply:s0<-s1#129:FAIL-t2,INCONSISTENCY,nextIndex=0,followerCommit=-1,matchIndex=-1
2022-10-13 10:40:54,096 [grpc-default-executor-4] INFO  server.GrpcLogAppender (GrpcLogAppender.java:onNext(492)) - s0@group-6905249F38B1->s2-InstallSnapshotResponseHandler: received a reply s0<-s2#0:FAIL-t2,IN_PROGRESS
2022-10-13 10:40:54,096 [grpc-default-executor-4] INFO  server.GrpcLogAppender (GrpcLogAppender.java:onNext(510)) - s0@group-6905249F38B1->s2-InstallSnapshotResponseHandler: InstallSnapshot in progress.
2022-10-13 10:40:54,096 [grpc-default-executor-3] INFO  leader.FollowerInfo (FollowerInfoImpl.java:lambda$new$0(48)) - s0@group-6905249F38B1->s1: nextIndex: updateUnconditionally 0 -> 0
2022-10-13 10:40:54,097 [s0@group-6905249F38B1->s1-GrpcLogAppender-LogAppenderDaemon] INFO  server.GrpcLogAppender (GrpcLogAppender.java:installSnapshot(633)) - s0@group-6905249F38B1->s1-GrpcLogAppender: followerNextIndex = 0 but logStartIndex = 255, notify follower to install snapshot-(t:2, i:255)
2022-10-13 10:40:54,097 [s0@group-6905249F38B1->s1-GrpcLogAppender-LogAppenderDaemon] INFO  server.GrpcLogAppender (GrpcLogAppender.java:installSnapshot(641)) - s0@group-6905249F38B1->s1-GrpcLogAppender: send s0->s1#0-t2,notify:(t:2, i:255)
2022-10-13 10:40:54,097 [s2-server-thread1] INFO  server.RaftServer$Division (RaftServerImpl.java:checkInconsistentAppendEntries(1577)) - s2@group-6905249F38B1: Failed appendEntries as snapshot (255) installation is in progress
2022-10-13 10:40:54,097 [s2-server-thread1] INFO  server.RaftServer$Division (RaftServerImpl.java:checkInconsistentAppendEntries(1569)) - s2@group-6905249F38B1: inconsistency entries. Reply:s0<-s2#106:FAIL-t2,INCONSISTENCY,nextIndex=0,followerCommit=-1,matchIndex=-1
2022-10-13 10:40:54,098 [grpc-default-executor-2] INFO  impl.SnapshotInstallationHandler (SnapshotInstallationHandler.java:installSnapshot(89)) - s1@group-6905249F38B1: receive installSnapshot: s0->s1#0-t2,notify:(t:2, i:255)
2022-10-13 10:40:54,098 [grpc-default-executor-2] INFO  impl.SnapshotInstallationHandler (SnapshotInstallationHandler.java:installSnapshot(100)) - s1@group-6905249F38B1: reply installSnapshot: s0<-s1#0:FAIL-t2,IN_PROGRESS
2022-10-13 10:40:54,098 [grpc-default-executor-2] INFO  server.GrpcServerProtocolService (GrpcServerProtocolService.java:onCompleted(143)) - s1: Completed INSTALL_SNAPSHOT, lastRequest: s0->s1#0-t2,notify:(t:2, i:255)
2022-10-13 10:40:54,098 [grpc-default-executor-4] INFO  server.GrpcLogAppender (GrpcLogAppender.java:onNext(492)) - s0@group-6905249F38B1->s1-InstallSnapshotResponseHandler: received a reply s0<-s1#0:FAIL-t2,IN_PROGRESS
2022-10-13 10:40:54,098 [grpc-default-executor-4] INFO  server.GrpcLogAppender (GrpcLogAppender.java:onNext(510)) - s0@group-6905249F38B1->s1-InstallSnapshotResponseHandler: InstallSnapshot in progress.
2022-10-13 10:40:54,099 [grpc-default-executor-2] INFO  leader.FollowerInfo (FollowerInfoImpl.java:lambda$new$0(48)) - s0@group-6905249F38B1->s2: nextIndex: updateUnconditionally 0 -> 0
2022-10-13 10:40:54,099 [s0@group-6905249F38B1->s2-GrpcLogAppender-LogAppenderDaemon] INFO  server.GrpcLogAppender (GrpcLogAppender.java:installSnapshot(633)) - s0@group-6905249F38B1->s2-GrpcLogAppender: followerNextIndex = 0 but logStartIndex = 255, notify follower to install snapshot-(t:2, i:255)
2022-10-13 10:40:54,099 [s0@group-6905249F38B1->s2-GrpcLogAppender-LogAppenderDaemon] INFO  server.GrpcLogAppender (GrpcLogAppender.java:installSnapshot(641)) - s0@group-6905249F38B1->s2-GrpcLogAppender: send s0->s2#0-t2,notify:(t:2, i:255)
2022-10-13 10:40:54,099 [s1-server-thread1] INFO  server.RaftServer$Division (RaftServerImpl.java:checkInconsistentAppendEntries(1577)) - s1@group-6905249F38B1: Failed appendEntries as snapshot (255) installation is in progress
2022-10-13 10:40:54,099 [s1-server-thread1] INFO  server.RaftServer$Division (RaftServerImpl.java:checkInconsistentAppendEntries(1569)) - s1@group-6905249F38B1: inconsistency entries. Reply:s0<-s1#130:FAIL-t2,INCONSISTENCY,nextIndex=0,followerCommit=-1,matchIndex=-1
2022-10-13 10:40:54,100 [grpc-default-executor-3] INFO  impl.SnapshotInstallationHandler (SnapshotInstallationHandler.java:installSnapshot(89)) - s2@group-6905249F38B1: receive installSnapshot: s0->s2#0-t2,notify:(t:2, i:255)
2022-10-13 10:40:54,100 [grpc-default-executor-3] INFO  impl.SnapshotInstallationHandler (SnapshotInstallationHandler.java:installSnapshot(100)) - s2@group-6905249F38B1: reply installSnapshot: s0<-s2#0:FAIL-t2,IN_PROGRESS
2022-10-13 10:40:54,100 [grpc-default-executor-3] INFO  server.GrpcServerProtocolService (GrpcServerProtocolService.java:onCompleted(143)) - s2: Completed INSTALL_SNAPSHOT, lastRequest: s0->s2#0-t2,notify:(t:2, i:255)
2022-10-13 10:40:54,100 [grpc-default-executor-3] INFO  server.GrpcLogAppender (GrpcLogAppender.java:onNext(492)) - s0@group-6905249F38B1->s2-InstallSnapshotResponseHandler: received a reply s0<-s2#0:FAIL-t2,IN_PROGRESS
2022-10-13 10:40:54,100 [grpc-default-executor-3] INFO  server.GrpcLogAppender (GrpcLogAppender.java:onNext(510)) - s0@group-6905249F38B1->s2-InstallSnapshotResponseHandler: InstallSnapshot in progress.
2022-10-13 10:40:54,100 [grpc-default-executor-3] INFO  leader.FollowerInfo (FollowerInfoImpl.java:lambda$new$0(48)) - s0@group-6905249F38B1->s1: nextIndex: updateUnconditionally 0 -> 0
2022-10-13 10:40:54,101 [s0@group-6905249F38B1->s1-GrpcLogAppender-LogAppenderDaemon] INFO  server.GrpcLogAppender (GrpcLogAppender.java:installSnapshot(633)) - s0@group-6905249F38B1->s1-GrpcLogAppender: followerNextIndex = 0 but logStartIndex = 255, notify follower to install snapshot-(t:2, i:255)
2022-10-13 10:40:54,101 [s0@group-6905249F38B1->s1-GrpcLogAppender-LogAppenderDaemon] INFO  server.GrpcLogAppender (GrpcLogAppender.java:installSnapshot(641)) - s0@group-6905249F38B1->s1-GrpcLogAppender: send s0->s1#0-t2,notify:(t:2, i:255)
2022-10-13 10:40:54,101 [s2-server-thread1] INFO  server.RaftServer$Division (RaftServerImpl.java:checkInconsistentAppendEntries(1577)) - s2@group-6905249F38B1: Failed appendEntries as snapshot (255) installation is in progress
2022-10-13 10:40:54,101 [s2-server-thread1] INFO  server.RaftServer$Division (RaftServerImpl.java:checkInconsistentAppendEntries(1569)) - s2@group-6905249F38B1: inconsistency entries. Reply:s0<-s2#107:FAIL-t2,INCONSISTENCY,nextIndex=0,followerCommit=-1,matchIndex=-1
2022-10-13 10:40:54,101 [grpc-default-executor-4] INFO  impl.SnapshotInstallationHandler (SnapshotInstallationHandler.java:installSnapshot(89)) - s1@group-6905249F38B1: receive installSnapshot: s0->s1#0-t2,notify:(t:2, i:255)
2022-10-13 10:40:54,102 [grpc-default-executor-4] INFO  impl.SnapshotInstallationHandler (SnapshotInstallationHandler.java:installSnapshot(100)) - s1@group-6905249F38B1: reply installSnapshot: s0<-s1#0:FAIL-t2,IN_PROGRESS
2022-10-13 10:40:54,102 [grpc-default-executor-4] INFO  server.GrpcServerProtocolService (GrpcServerProtocolService.java:onCompleted(143)) - s1: Completed INSTALL_SNAPSHOT, lastRequest: s0->s1#0-t2,notify:(t:2, i:255)
2022-10-13 10:40:54,102 [grpc-default-executor-3] INFO  server.GrpcLogAppender (GrpcLogAppender.java:onNext(492)) - s0@group-6905249F38B1->s1-InstallSnapshotResponseHandler: received a reply s0<-s1#0:FAIL-t2,IN_PROGRESS
2022-10-13 10:40:54,102 [grpc-default-executor-3] INFO  server.GrpcLogAppender (GrpcLogAppender.java:onNext(510)) - s0@group-6905249F38B1->s1-InstallSnapshotResponseHandler: InstallSnapshot in progress.
2022-10-13 10:40:54,103 [grpc-default-executor-2] INFO  leader.FollowerInfo (FollowerInfoImpl.java:lambda$new$0(48)) - s0@group-6905249F38B1->s2: nextIndex: updateUnconditionally 0 -> 0
2022-10-13 10:40:54,103 [s0@group-6905249F38B1->s2-GrpcLogAppender-LogAppenderDaemon] INFO  server.GrpcLogAppender (GrpcLogAppender.java:installSnapshot(633)) - s0@group-6905249F38B1->s2-GrpcLogAppender: followerNextIndex = 0 but logStartIndex = 255, notify follower to install snapshot-(t:2, i:255)
2022-10-13 10:40:54,103 [s0@group-6905249F38B1->s2-GrpcLogAppender-LogAppenderDaemon] INFO  server.GrpcLogAppender (GrpcLogAppender.java:installSnapshot(641)) - s0@group-6905249F38B1->s2-GrpcLogAppender: send s0->s2#0-t2,notify:(t:2, i:255)
2022-10-13 10:40:54,103 [s1-server-thread1] INFO  server.RaftServer$Division (RaftServerImpl.java:checkInconsistentAppendEntries(1577)) - s1@group-6905249F38B1: Failed appendEntries as snapshot (255) installation is in progress
2022-10-13 10:40:54,103 [s1-server-thread1] INFO  server.RaftServer$Division (RaftServerImpl.java:checkInconsistentAppendEntries(1569)) - s1@group-6905249F38B1: inconsistency entries. Reply:s0<-s1#131:FAIL-t2,INCONSISTENCY,nextIndex=0,followerCommit=-1,matchIndex=-1
2022-10-13 10:40:54,104 [grpc-default-executor-3] INFO  impl.SnapshotInstallationHandler (SnapshotInstallationHandler.java:installSnapshot(89)) - s2@group-6905249F38B1: receive installSnapshot: s0->s2#0-t2,notify:(t:2, i:255)
2022-10-13 10:40:54,104 [grpc-default-executor-3] INFO  impl.SnapshotInstallationHandler (SnapshotInstallationHandler.java:installSnapshot(100)) - s2@group-6905249F38B1: reply installSnapshot: s0<-s2#0:FAIL-t2,IN_PROGRESS
2022-10-13 10:40:54,104 [grpc-default-executor-3] INFO  server.GrpcServerProtocolService (GrpcServerProtocolService.java:onCompleted(143)) - s2: Completed INSTALL_SNAPSHOT, lastRequest: s0->s2#0-t2,notify:(t:2, i:255)
2022-10-13 10:40:54,104 [grpc-default-executor-4] INFO  leader.FollowerInfo (FollowerInfoImpl.java:lambda$new$0(48)) - s0@group-6905249F38B1->s1: nextIndex: updateUnconditionally 0 -> 0
2022-10-13 10:40:54,104 [s0@group-6905249F38B1->s1-GrpcLogAppender-LogAppenderDaemon] INFO  server.GrpcLogAppender (GrpcLogAppender.java:installSnapshot(633)) - s0@group-6905249F38B1->s1-GrpcLogAppender: followerNextIndex = 0 but logStartIndex = 255, notify follower to install snapshot-(t:2, i:255)
2022-10-13 10:40:54,104 [s0@group-6905249F38B1->s1-GrpcLogAppender-LogAppenderDaemon] INFO  server.GrpcLogAppender (GrpcLogAppender.java:installSnapshot(641)) - s0@group-6905249F38B1->s1-GrpcLogAppender: send s0->s1#0-t2,notify:(t:2, i:255)
2022-10-13 10:40:54,105 [grpc-default-executor-3] INFO  server.GrpcLogAppender (GrpcLogAppender.java:onNext(492)) - s0@group-6905249F38B1->s2-InstallSnapshotResponseHandler: received a reply s0<-s2#0:FAIL-t2,IN_PROGRESS
2022-10-13 10:40:54,105 [grpc-default-executor-3] INFO  server.GrpcLogAppender (GrpcLogAppender.java:onNext(510)) - s0@group-6905249F38B1->s2-InstallSnapshotResponseHandler: InstallSnapshot in progress.
2022-10-13 10:40:54,105 [grpc-default-executor-2] INFO  impl.SnapshotInstallationHandler (SnapshotInstallationHandler.java:installSnapshot(89)) - s1@group-6905249F38B1: receive installSnapshot: s0->s1#0-t2,notify:(t:2, i:255)
2022-10-13 10:40:54,106 [grpc-default-executor-2] INFO  impl.SnapshotInstallationHandler (SnapshotInstallationHandler.java:installSnapshot(100)) - s1@group-6905249F38B1: reply installSnapshot: s0<-s1#0:FAIL-t2,IN_PROGRESS
2022-10-13 10:40:54,106 [grpc-default-executor-2] INFO  server.GrpcServerProtocolService (GrpcServerProtocolService.java:onCompleted(143)) - s1: Completed INSTALL_SNAPSHOT, lastRequest: s0->s1#0-t2,notify:(t:2, i:255)
2022-10-13 10:40:54,106 [grpc-default-executor-4] INFO  server.GrpcLogAppender (GrpcLogAppender.java:onNext(492)) - s0@group-6905249F38B1->s1-InstallSnapshotResponseHandler: received a reply s0<-s1#0:FAIL-t2,IN_PROGRESS
2022-10-13 10:40:54,106 [grpc-default-executor-4] INFO  server.GrpcLogAppender (GrpcLogAppender.java:onNext(510)) - s0@group-6905249F38B1->s1-InstallSnapshotResponseHandler: InstallSnapshot in progress.
2022-10-13 10:40:54,106 [s2-server-thread1] INFO  server.RaftServer$Division (RaftServerImpl.java:checkInconsistentAppendEntries(1577)) - s2@group-6905249F38B1: Failed appendEntries as snapshot (255) installation is in progress
2022-10-13 10:40:54,106 [s2-server-thread1] INFO  server.RaftServer$Division (RaftServerImpl.java:checkInconsistentAppendEntries(1569)) - s2@group-6905249F38B1: inconsistency entries. Reply:s0<-s2#108:FAIL-t2,INCONSISTENCY,nextIndex=0,followerCommit=-1,matchIndex=-1
2022-10-13 10:40:54,107 [s1-server-thread1] INFO  server.RaftServer$Division (RaftServerImpl.java:checkInconsistentAppendEntries(1577)) - s1@group-6905249F38B1: Failed appendEntries as snapshot (255) installation is in progress
2022-10-13 10:40:54,107 [s1-server-thread1] INFO  server.RaftServer$Division (RaftServerImpl.java:checkInconsistentAppendEntries(1569)) - s1@group-6905249F38B1: inconsistency entries. Reply:s0<-s1#132:FAIL-t2,INCONSISTENCY,nextIndex=0,followerCommit=-1,matchIndex=-1
2022-10-13 10:40:54,107 [grpc-default-executor-2] INFO  leader.FollowerInfo (FollowerInfoImpl.java:lambda$new$0(48)) - s0@group-6905249F38B1->s2: nextIndex: updateUnconditionally 0 -> 0
2022-10-13 10:40:54,107 [s0@group-6905249F38B1->s2-GrpcLogAppender-LogAppenderDaemon] INFO  server.GrpcLogAppender (GrpcLogAppender.java:installSnapshot(633)) - s0@group-6905249F38B1->s2-GrpcLogAppender: followerNextIndex = 0 but logStartIndex = 255, notify follower to install snapshot-(t:2, i:255)
2022-10-13 10:40:54,107 [s0@group-6905249F38B1->s2-GrpcLogAppender-LogAppenderDaemon] INFO  server.GrpcLogAppender (GrpcLogAppender.java:installSnapshot(641)) - s0@group-6905249F38B1->s2-GrpcLogAppender: send s0->s2#0-t2,notify:(t:2, i:255)
2022-10-13 10:40:54,108 [grpc-default-executor-3] INFO  leader.FollowerInfo (FollowerInfoImpl.java:lambda$new$0(48)) - s0@group-6905249F38B1->s1: nextIndex: updateUnconditionally 0 -> 0
2022-10-13 10:40:54,108 [s0@group-6905249F38B1->s1-GrpcLogAppender-LogAppenderDaemon] INFO  server.GrpcLogAppender (GrpcLogAppender.java:installSnapshot(633)) - s0@group-6905249F38B1->s1-GrpcLogAppender: followerNextIndex = 0 but logStartIndex = 255, notify follower to install snapshot-(t:2, i:255)
2022-10-13 10:40:54,108 [s0@group-6905249F38B1->s1-GrpcLogAppender-LogAppenderDaemon] INFO  server.GrpcLogAppender (GrpcLogAppender.java:installSnapshot(641)) - s0@group-6905249F38B1->s1-GrpcLogAppender: send s0->s1#0-t2,notify:(t:2, i:255)
2022-10-13 10:40:54,108 [grpc-default-executor-2] INFO  impl.SnapshotInstallationHandler (SnapshotInstallationHandler.java:installSnapshot(89)) - s2@group-6905249F38B1: receive installSnapshot: s0->s2#0-t2,notify:(t:2, i:255)
2022-10-13 10:40:54,108 [grpc-default-executor-2] INFO  impl.SnapshotInstallationHandler (SnapshotInstallationHandler.java:installSnapshot(100)) - s2@group-6905249F38B1: reply installSnapshot: s0<-s2#0:FAIL-t2,IN_PROGRESS
2022-10-13 10:40:54,109 [grpc-default-executor-2] INFO  server.GrpcServerProtocolService (GrpcServerProtocolService.java:onCompleted(143)) - s2: Completed INSTALL_SNAPSHOT, lastRequest: s0->s2#0-t2,notify:(t:2, i:255)
2022-10-13 10:40:54,109 [grpc-default-executor-3] INFO  server.GrpcLogAppender (GrpcLogAppender.java:onNext(492)) - s0@group-6905249F38B1->s2-InstallSnapshotResponseHandler: received a reply s0<-s2#0:FAIL-t2,IN_PROGRESS
2022-10-13 10:40:54,109 [grpc-default-executor-3] INFO  server.GrpcLogAppender (GrpcLogAppender.java:onNext(510)) - s0@group-6905249F38B1->s2-InstallSnapshotResponseHandler: InstallSnapshot in progress.
2022-10-13 10:40:54,109 [grpc-default-executor-2] INFO  impl.SnapshotInstallationHandler (SnapshotInstallationHandler.java:installSnapshot(89)) - s1@group-6905249F38B1: receive installSnapshot: s0->s1#0-t2,notify:(t:2, i:255)
2022-10-13 10:40:54,110 [grpc-default-executor-2] INFO  impl.SnapshotInstallationHandler (SnapshotInstallationHandler.java:installSnapshot(100)) - s1@group-6905249F38B1: reply installSnapshot: s0<-s1#0:FAIL-t2,IN_PROGRESS
2022-10-13 10:40:54,110 [grpc-default-executor-2] INFO  server.GrpcServerProtocolService (GrpcServerProtocolService.java:onCompleted(143)) - s1: Completed INSTALL_SNAPSHOT, lastRequest: s0->s1#0-t2,notify:(t:2, i:255)
2022-10-13 10:40:54,110 [s2-server-thread1] INFO  server.RaftServer$Division (RaftServerImpl.java:checkInconsistentAppendEntries(1577)) - s2@group-6905249F38B1: Failed appendEntries as snapshot (255) installation is in progress
2022-10-13 10:40:54,110 [s2-server-thread1] INFO  server.RaftServer$Division (RaftServerImpl.java:checkInconsistentAppendEntries(1569)) - s2@group-6905249F38B1: inconsistency entries. Reply:s0<-s2#109:FAIL-t2,INCONSISTENCY,nextIndex=0,followerCommit=-1,matchIndex=-1
2022-10-13 10:40:54,110 [grpc-default-executor-3] INFO  server.GrpcLogAppender (GrpcLogAppender.java:onNext(492)) - s0@group-6905249F38B1->s1-InstallSnapshotResponseHandler: received a reply s0<-s1#0:FAIL-t2,IN_PROGRESS
2022-10-13 10:40:54,110 [grpc-default-executor-3] INFO  server.GrpcLogAppender (GrpcLogAppender.java:onNext(510)) - s0@group-6905249F38B1->s1-InstallSnapshotResponseHandler: InstallSnapshot in progress.
2022-10-13 10:40:54,110 [grpc-default-executor-2] INFO  leader.FollowerInfo (FollowerInfoImpl.java:lambda$new$0(48)) - s0@group-6905249F38B1->s2: nextIndex: updateUnconditionally 0 -> 0
2022-10-13 10:40:54,111 [s0@group-6905249F38B1->s2-GrpcLogAppender-LogAppenderDaemon] INFO  server.GrpcLogAppender (GrpcLogAppender.java:installSnapshot(633)) - s0@group-6905249F38B1->s2-GrpcLogAppender: followerNextIndex = 0 but logStartIndex = 255, notify follower to install snapshot-(t:2, i:255)
2022-10-13 10:40:54,111 [s0@group-6905249F38B1->s2-GrpcLogAppender-LogAppenderDaemon] INFO  server.GrpcLogAppender (GrpcLogAppender.java:installSnapshot(641)) - s0@group-6905249F38B1->s2-GrpcLogAppender: send s0->s2#0-t2,notify:(t:2, i:255)
2022-10-13 10:40:54,111 [s1-server-thread1] INFO  server.RaftServer$Division (RaftServerImpl.java:checkInconsistentAppendEntries(1577)) - s1@group-6905249F38B1: Failed appendEntries as snapshot (255) installation is in progress
2022-10-13 10:40:54,111 [s1-server-thread1] INFO  server.RaftServer$Division (RaftServerImpl.java:checkInconsistentAppendEntries(1569)) - s1@group-6905249F38B1: inconsistency entries. Reply:s0<-s1#133:FAIL-t2,INCONSISTENCY,nextIndex=0,followerCommit=-1,matchIndex=-1
2022-10-13 10:40:54,112 [grpc-default-executor-4] INFO  impl.SnapshotInstallationHandler (SnapshotInstallationHandler.java:installSnapshot(89)) - s2@group-6905249F38B1: receive installSnapshot: s0->s2#0-t2,notify:(t:2, i:255)
2022-10-13 10:40:54,112 [grpc-default-executor-4] INFO  impl.SnapshotInstallationHandler (SnapshotInstallationHandler.java:installSnapshot(100)) - s2@group-6905249F38B1: reply installSnapshot: s0<-s2#0:FAIL-t2,IN_PROGRESS
2022-10-13 10:40:54,112 [grpc-default-executor-4] INFO  server.GrpcServerProtocolService (GrpcServerProtocolService.java:onCompleted(143)) - s2: Completed INSTALL_SNAPSHOT, lastRequest: s0->s2#0-t2,notify:(t:2, i:255)
2022-10-13 10:40:54,112 [grpc-default-executor-3] INFO  server.GrpcLogAppender (GrpcLogAppender.java:onNext(492)) - s0@group-6905249F38B1->s2-InstallSnapshotResponseHandler: received a reply s0<-s2#0:FAIL-t2,IN_PROGRESS
2022-10-13 10:40:54,112 [grpc-default-executor-3] INFO  server.GrpcLogAppender (GrpcLogAppender.java:onNext(510)) - s0@group-6905249F38B1->s2-InstallSnapshotResponseHandler: InstallSnapshot in progress.
2022-10-13 10:40:54,112 [grpc-default-executor-2] INFO  leader.FollowerInfo (FollowerInfoImpl.java:lambda$new$0(48)) - s0@group-6905249F38B1->s1: nextIndex: updateUnconditionally 0 -> 0
2022-10-13 10:40:54,113 [s0@group-6905249F38B1->s1-GrpcLogAppender-LogAppenderDaemon] INFO  server.GrpcLogAppender (GrpcLogAppender.java:installSnapshot(633)) - s0@group-6905249F38B1->s1-GrpcLogAppender: followerNextIndex = 0 but logStartIndex = 255, notify follower to install snapshot-(t:2, i:255)
2022-10-13 10:40:54,113 [s0@group-6905249F38B1->s1-GrpcLogAppender-LogAppenderDaemon] INFO  server.GrpcLogAppender (GrpcLogAppender.java:installSnapshot(641)) - s0@group-6905249F38B1->s1-GrpcLogAppender: send s0->s1#0-t2,notify:(t:2, i:255)
2022-10-13 10:40:54,113 [s2-server-thread1] INFO  server.RaftServer$Division (RaftServerImpl.java:checkInconsistentAppendEntries(1577)) - s2@group-6905249F38B1: Failed appendEntries as snapshot (255) installation is in progress
2022-10-13 10:40:54,113 [s2-server-thread1] INFO  server.RaftServer$Division (RaftServerImpl.java:checkInconsistentAppendEntries(1569)) - s2@group-6905249F38B1: inconsistency entries. Reply:s0<-s2#110:FAIL-t2,INCONSISTENCY,nextIndex=0,followerCommit=-1,matchIndex=-1
2022-10-13 10:40:54,113 [grpc-default-executor-4] INFO  impl.SnapshotInstallationHandler (SnapshotInstallationHandler.java:installSnapshot(89)) - s1@group-6905249F38B1: receive installSnapshot: s0->s1#0-t2,notify:(t:2, i:255)
2022-10-13 10:40:54,114 [grpc-default-executor-4] INFO  impl.SnapshotInstallationHandler (SnapshotInstallationHandler.java:installSnapshot(100)) - s1@group-6905249F38B1: reply installSnapshot: s0<-s1#0:FAIL-t2,IN_PROGRESS
2022-10-13 10:40:54,114 [grpc-default-executor-4] INFO  server.GrpcServerProtocolService (GrpcServerProtocolService.java:onCompleted(143)) - s1: Completed INSTALL_SNAPSHOT, lastRequest: s0->s1#0-t2,notify:(t:2, i:255)
2022-10-13 10:40:54,114 [grpc-default-executor-2] INFO  server.GrpcLogAppender (GrpcLogAppender.java:onNext(492)) - s0@group-6905249F38B1->s1-InstallSnapshotResponseHandler: received a reply s0<-s1#0:FAIL-t2,IN_PROGRESS
2022-10-13 10:40:54,114 [grpc-default-executor-2] INFO  server.GrpcLogAppender (GrpcLogAppender.java:onNext(510)) - s0@group-6905249F38B1->s1-InstallSnapshotResponseHandler: InstallSnapshot in progress.
2022-10-13 10:40:54,114 [grpc-default-executor-4] INFO  leader.FollowerInfo (FollowerInfoImpl.java:lambda$new$0(48)) - s0@group-6905249F38B1->s2: nextIndex: updateUnconditionally 0 -> 0
2022-10-13 10:40:54,115 [s0@group-6905249F38B1->s2-GrpcLogAppender-LogAppenderDaemon] INFO  server.GrpcLogAppender (GrpcLogAppender.java:installSnapshot(633)) - s0@group-6905249F38B1->s2-GrpcLogAppender: followerNextIndex = 0 but logStartIndex = 255, notify follower to install snapshot-(t:2, i:255)
2022-10-13 10:40:54,115 [s0@group-6905249F38B1->s2-GrpcLogAppender-LogAppenderDaemon] INFO  server.GrpcLogAppender (GrpcLogAppender.java:installSnapshot(641)) - s0@group-6905249F38B1->s2-GrpcLogAppender: send s0->s2#0-t2,notify:(t:2, i:255)
2022-10-13 10:40:54,115 [s1-server-thread1] INFO  server.RaftServer$Division (RaftServerImpl.java:checkInconsistentAppendEntries(1577)) - s1@group-6905249F38B1: Failed appendEntries as snapshot (255) installation is in progress
2022-10-13 10:40:54,115 [s1-server-thread1] INFO  server.RaftServer$Division (RaftServerImpl.java:checkInconsistentAppendEntries(1569)) - s1@group-6905249F38B1: inconsistency entries. Reply:s0<-s1#134:FAIL-t2,INCONSISTENCY,nextIndex=0,followerCommit=-1,matchIndex=-1
2022-10-13 10:40:54,115 [grpc-default-executor-4] INFO  leader.FollowerInfo (FollowerInfoImpl.java:lambda$new$0(48)) - s0@group-6905249F38B1->s1: nextIndex: updateUnconditionally 0 -> 0
2022-10-13 10:40:54,116 [s0@group-6905249F38B1->s1-GrpcLogAppender-LogAppenderDaemon] INFO  server.GrpcLogAppender (GrpcLogAppender.java:installSnapshot(633)) - s0@group-6905249F38B1->s1-GrpcLogAppender: followerNextIndex = 0 but logStartIndex = 255, notify follower to install snapshot-(t:2, i:255)
2022-10-13 10:40:54,116 [s0@group-6905249F38B1->s1-GrpcLogAppender-LogAppenderDaemon] INFO  server.GrpcLogAppender (GrpcLogAppender.java:installSnapshot(641)) - s0@group-6905249F38B1->s1-GrpcLogAppender: send s0->s1#0-t2,notify:(t:2, i:255)
2022-10-13 10:40:54,116 [grpc-default-executor-2] INFO  impl.SnapshotInstallationHandler (SnapshotInstallationHandler.java:installSnapshot(89)) - s2@group-6905249F38B1: receive installSnapshot: s0->s2#0-t2,notify:(t:2, i:255)
2022-10-13 10:40:54,116 [grpc-default-executor-2] INFO  impl.SnapshotInstallationHandler (SnapshotInstallationHandler.java:installSnapshot(100)) - s2@group-6905249F38B1: reply installSnapshot: s0<-s2#0:FAIL-t2,IN_PROGRESS
2022-10-13 10:40:54,116 [grpc-default-executor-2] INFO  server.GrpcServerProtocolService (GrpcServerProtocolService.java:onCompleted(143)) - s2: Completed INSTALL_SNAPSHOT, lastRequest: s0->s2#0-t2,notify:(t:2, i:255)
2022-10-13 10:40:54,117 [grpc-default-executor-2] INFO  server.GrpcLogAppender (GrpcLogAppender.java:onNext(492)) - s0@group-6905249F38B1->s2-InstallSnapshotResponseHandler: received a reply s0<-s2#0:FAIL-t2,IN_PROGRESS
2022-10-13 10:40:54,117 [grpc-default-executor-2] INFO  server.GrpcLogAppender (GrpcLogAppender.java:onNext(510)) - s0@group-6905249F38B1->s2-InstallSnapshotResponseHandler: InstallSnapshot in progress.
2022-10-13 10:40:54,117 [grpc-default-executor-0] INFO  impl.SnapshotInstallationHandler (SnapshotInstallationHandler.java:installSnapshot(89)) - s1@group-6905249F38B1: receive installSnapshot: s0->s1#0-t2,notify:(t:2, i:255)
2022-10-13 10:40:54,117 [grpc-default-executor-0] INFO  impl.SnapshotInstallationHandler (SnapshotInstallationHandler.java:installSnapshot(100)) - s1@group-6905249F38B1: reply installSnapshot: s0<-s1#0:FAIL-t2,IN_PROGRESS
2022-10-13 10:40:54,117 [grpc-default-executor-0] INFO  server.GrpcServerProtocolService (GrpcServerProtocolService.java:onCompleted(143)) - s1: Completed INSTALL_SNAPSHOT, lastRequest: s0->s1#0-t2,notify:(t:2, i:255)
2022-10-13 10:40:54,118 [grpc-default-executor-2] INFO  server.GrpcLogAppender (GrpcLogAppender.java:onNext(492)) - s0@group-6905249F38B1->s1-InstallSnapshotResponseHandler: received a reply s0<-s1#0:FAIL-t2,IN_PROGRESS
2022-10-13 10:40:54,118 [s2-server-thread1] INFO  server.RaftServer$Division (RaftServerImpl.java:checkInconsistentAppendEntries(1577)) - s2@group-6905249F38B1: Failed appendEntries as snapshot (255) installation is in progress
2022-10-13 10:40:54,118 [s2-server-thread1] INFO  server.RaftServer$Division (RaftServerImpl.java:checkInconsistentAppendEntries(1569)) - s2@group-6905249F38B1: inconsistency entries. Reply:s0<-s2#111:FAIL-t2,INCONSISTENCY,nextIndex=0,followerCommit=-1,matchIndex=-1
2022-10-13 10:40:54,118 [grpc-default-executor-2] INFO  server.GrpcLogAppender (GrpcLogAppender.java:onNext(510)) - s0@group-6905249F38B1->s1-InstallSnapshotResponseHandler: InstallSnapshot in progress.
2022-10-13 10:40:54,119 [s1-server-thread1] INFO  server.RaftServer$Division (RaftServerImpl.java:checkInconsistentAppendEntries(1577)) - s1@group-6905249F38B1: Failed appendEntries as snapshot (255) installation is in progress
2022-10-13 10:40:54,119 [s1-server-thread1] INFO  server.RaftServer$Division (RaftServerImpl.java:checkInconsistentAppendEntries(1569)) - s1@group-6905249F38B1: inconsistency entries. Reply:s0<-s1#135:FAIL-t2,INCONSISTENCY,nextIndex=0,followerCommit=-1,matchIndex=-1
2022-10-13 10:40:54,119 [grpc-default-executor-0] INFO  leader.FollowerInfo (FollowerInfoImpl.java:lambda$new$0(48)) - s0@group-6905249F38B1->s1: nextIndex: updateUnconditionally 0 -> 0
2022-10-13 10:40:54,119 [s0@group-6905249F38B1->s1-GrpcLogAppender-LogAppenderDaemon] INFO  server.GrpcLogAppender (GrpcLogAppender.java:installSnapshot(633)) - s0@group-6905249F38B1->s1-GrpcLogAppender: followerNextIndex = 0 but logStartIndex = 255, notify follower to install snapshot-(t:2, i:255)
2022-10-13 10:40:54,119 [grpc-default-executor-2] INFO  leader.FollowerInfo (FollowerInfoImpl.java:lambda$new$0(48)) - s0@group-6905249F38B1->s2: nextIndex: updateUnconditionally 0 -> 0
2022-10-13 10:40:54,119 [s0@group-6905249F38B1->s1-GrpcLogAppender-LogAppenderDaemon] INFO  server.GrpcLogAppender (GrpcLogAppender.java:installSnapshot(641)) - s0@group-6905249F38B1->s1-GrpcLogAppender: send s0->s1#0-t2,notify:(t:2, i:255)
2022-10-13 10:40:54,120 [s0@group-6905249F38B1->s2-GrpcLogAppender-LogAppenderDaemon] INFO  server.GrpcLogAppender (GrpcLogAppender.java:installSnapshot(633)) - s0@group-6905249F38B1->s2-GrpcLogAppender: followerNextIndex = 0 but logStartIndex = 255, notify follower to install snapshot-(t:2, i:255)
2022-10-13 10:40:54,120 [s0@group-6905249F38B1->s2-GrpcLogAppender-LogAppenderDaemon] INFO  server.GrpcLogAppender (GrpcLogAppender.java:installSnapshot(641)) - s0@group-6905249F38B1->s2-GrpcLogAppender: send s0->s2#0-t2,notify:(t:2, i:255)
2022-10-13 10:40:54,120 [grpc-default-executor-0] INFO  impl.SnapshotInstallationHandler (SnapshotInstallationHandler.java:installSnapshot(89)) - s1@group-6905249F38B1: receive installSnapshot: s0->s1#0-t2,notify:(t:2, i:255)
2022-10-13 10:40:54,121 [grpc-default-executor-0] INFO  impl.SnapshotInstallationHandler (SnapshotInstallationHandler.java:installSnapshot(100)) - s1@group-6905249F38B1: reply installSnapshot: s0<-s1#0:FAIL-t2,IN_PROGRESS
2022-10-13 10:40:54,121 [grpc-default-executor-0] INFO  server.GrpcServerProtocolService (GrpcServerProtocolService.java:onCompleted(143)) - s1: Completed INSTALL_SNAPSHOT, lastRequest: s0->s1#0-t2,notify:(t:2, i:255)
2022-10-13 10:40:54,121 [grpc-default-executor-4] INFO  impl.SnapshotInstallationHandler (SnapshotInstallationHandler.java:installSnapshot(89)) - s2@group-6905249F38B1: receive installSnapshot: s0->s2#0-t2,notify:(t:2, i:255)
2022-10-13 10:40:54,121 [grpc-default-executor-4] INFO  impl.SnapshotInstallationHandler (SnapshotInstallationHandler.java:installSnapshot(100)) - s2@group-6905249F38B1: reply installSnapshot: s0<-s2#0:FAIL-t2,IN_PROGRESS
2022-10-13 10:40:54,121 [grpc-default-executor-4] INFO  server.GrpcServerProtocolService (GrpcServerProtocolService.java:onCompleted(143)) - s2: Completed INSTALL_SNAPSHOT, lastRequest: s0->s2#0-t2,notify:(t:2, i:255)
2022-10-13 10:40:54,121 [grpc-default-executor-0] INFO  server.GrpcLogAppender (GrpcLogAppender.java:onNext(492)) - s0@group-6905249F38B1->s2-InstallSnapshotResponseHandler: received a reply s0<-s2#0:FAIL-t2,IN_PROGRESS
2022-10-13 10:40:54,122 [grpc-default-executor-0] INFO  server.GrpcLogAppender (GrpcLogAppender.java:onNext(510)) - s0@group-6905249F38B1->s2-InstallSnapshotResponseHandler: InstallSnapshot in progress.
2022-10-13 10:40:54,122 [grpc-default-executor-0] INFO  server.GrpcLogAppender (GrpcLogAppender.java:onNext(492)) - s0@group-6905249F38B1->s1-InstallSnapshotResponseHandler: received a reply s0<-s1#0:FAIL-t2,IN_PROGRESS
2022-10-13 10:40:54,122 [grpc-default-executor-0] INFO  server.GrpcLogAppender (GrpcLogAppender.java:onNext(510)) - s0@group-6905249F38B1->s1-InstallSnapshotResponseHandler: InstallSnapshot in progress.
2022-10-13 10:40:54,122 [s2-server-thread1] INFO  server.RaftServer$Division (RaftServerImpl.java:checkInconsistentAppendEntries(1577)) - s2@group-6905249F38B1: Failed appendEntries as snapshot (255) installation is in progress
2022-10-13 10:40:54,122 [s2-server-thread1] INFO  server.RaftServer$Division (RaftServerImpl.java:checkInconsistentAppendEntries(1569)) - s2@group-6905249F38B1: inconsistency entries. Reply:s0<-s2#112:FAIL-t2,INCONSISTENCY,nextIndex=0,followerCommit=-1,matchIndex=-1
2022-10-13 10:40:54,122 [s1-server-thread1] INFO  server.RaftServer$Division (RaftServerImpl.java:checkInconsistentAppendEntries(1577)) - s1@group-6905249F38B1: Failed appendEntries as snapshot (255) installation is in progress
2022-10-13 10:40:54,123 [s1-server-thread1] INFO  server.RaftServer$Division (RaftServerImpl.java:checkInconsistentAppendEntries(1569)) - s1@group-6905249F38B1: inconsistency entries. Reply:s0<-s1#136:FAIL-t2,INCONSISTENCY,nextIndex=0,followerCommit=-1,matchIndex=-1
2022-10-13 10:40:54,123 [grpc-default-executor-0] INFO  leader.FollowerInfo (FollowerInfoImpl.java:lambda$new$0(48)) - s0@group-6905249F38B1->s2: nextIndex: updateUnconditionally 0 -> 0
2022-10-13 10:40:54,123 [s0@group-6905249F38B1->s2-GrpcLogAppender-LogAppenderDaemon] INFO  server.GrpcLogAppender (GrpcLogAppender.java:installSnapshot(633)) - s0@group-6905249F38B1->s2-GrpcLogAppender: followerNextIndex = 0 but logStartIndex = 255, notify follower to install snapshot-(t:2, i:255)
2022-10-13 10:40:54,123 [grpc-default-executor-4] INFO  leader.FollowerInfo (FollowerInfoImpl.java:lambda$new$0(48)) - s0@group-6905249F38B1->s1: nextIndex: updateUnconditionally 0 -> 0
2022-10-13 10:40:54,123 [s0@group-6905249F38B1->s2-GrpcLogAppender-LogAppenderDaemon] INFO  server.GrpcLogAppender (GrpcLogAppender.java:installSnapshot(641)) - s0@group-6905249F38B1->s2-GrpcLogAppender: send s0->s2#0-t2,notify:(t:2, i:255)
2022-10-13 10:40:54,123 [s0@group-6905249F38B1->s1-GrpcLogAppender-LogAppenderDaemon] INFO  server.GrpcLogAppender (GrpcLogAppender.java:installSnapshot(633)) - s0@group-6905249F38B1->s1-GrpcLogAppender: followerNextIndex = 0 but logStartIndex = 255, notify follower to install snapshot-(t:2, i:255)
2022-10-13 10:40:54,123 [s0@group-6905249F38B1->s1-GrpcLogAppender-LogAppenderDaemon] INFO  server.GrpcLogAppender (GrpcLogAppender.java:installSnapshot(641)) - s0@group-6905249F38B1->s1-GrpcLogAppender: send s0->s1#0-t2,notify:(t:2, i:255)
2022-10-13 10:40:54,124 [grpc-default-executor-4] INFO  impl.SnapshotInstallationHandler (SnapshotInstallationHandler.java:installSnapshot(89)) - s2@group-6905249F38B1: receive installSnapshot: s0->s2#0-t2,notify:(t:2, i:255)
2022-10-13 10:40:54,124 [grpc-default-executor-0] INFO  impl.SnapshotInstallationHandler (SnapshotInstallationHandler.java:installSnapshot(89)) - s1@group-6905249F38B1: receive installSnapshot: s0->s1#0-t2,notify:(t:2, i:255)
2022-10-13 10:40:54,124 [grpc-default-executor-4] INFO  impl.SnapshotInstallationHandler (SnapshotInstallationHandler.java:installSnapshot(100)) - s2@group-6905249F38B1: reply installSnapshot: s0<-s2#0:FAIL-t2,IN_PROGRESS
2022-10-13 10:40:54,124 [grpc-default-executor-0] INFO  impl.SnapshotInstallationHandler (SnapshotInstallationHandler.java:installSnapshot(100)) - s1@group-6905249F38B1: reply installSnapshot: s0<-s1#0:FAIL-t2,IN_PROGRESS
2022-10-13 10:40:54,125 [grpc-default-executor-4] INFO  server.GrpcServerProtocolService (GrpcServerProtocolService.java:onCompleted(143)) - s2: Completed INSTALL_SNAPSHOT, lastRequest: s0->s2#0-t2,notify:(t:2, i:255)
2022-10-13 10:40:54,125 [grpc-default-executor-2] INFO  server.GrpcLogAppender (GrpcLogAppender.java:onNext(492)) - s0@group-6905249F38B1->s1-InstallSnapshotResponseHandler: received a reply s0<-s1#0:FAIL-t2,IN_PROGRESS
2022-10-13 10:40:54,125 [grpc-default-executor-2] INFO  server.GrpcLogAppender (GrpcLogAppender.java:onNext(510)) - s0@group-6905249F38B1->s1-InstallSnapshotResponseHandler: InstallSnapshot in progress.
2022-10-13 10:40:54,125 [grpc-default-executor-0] INFO  server.GrpcServerProtocolService (GrpcServerProtocolService.java:onCompleted(143)) - s1: Completed INSTALL_SNAPSHOT, lastRequest: s0->s1#0-t2,notify:(t:2, i:255)
2022-10-13 10:40:54,125 [grpc-default-executor-4] INFO  server.GrpcLogAppender (GrpcLogAppender.java:onNext(492)) - s0@group-6905249F38B1->s2-InstallSnapshotResponseHandler: received a reply s0<-s2#0:FAIL-t2,IN_PROGRESS
2022-10-13 10:40:54,125 [grpc-default-executor-4] INFO  server.GrpcLogAppender (GrpcLogAppender.java:onNext(510)) - s0@group-6905249F38B1->s2-InstallSnapshotResponseHandler: InstallSnapshot in progress.
2022-10-13 10:40:54,126 [s2-server-thread1] INFO  server.RaftServer$Division (RaftServerImpl.java:checkInconsistentAppendEntries(1577)) - s2@group-6905249F38B1: Failed appendEntries as snapshot (255) installation is in progress
2022-10-13 10:40:54,126 [s1-server-thread1] INFO  server.RaftServer$Division (RaftServerImpl.java:checkInconsistentAppendEntries(1577)) - s1@group-6905249F38B1: Failed appendEntries as snapshot (255) installation is in progress
2022-10-13 10:40:54,126 [s2-server-thread1] INFO  server.RaftServer$Division (RaftServerImpl.java:checkInconsistentAppendEntries(1569)) - s2@group-6905249F38B1: inconsistency entries. Reply:s0<-s2#113:FAIL-t2,INCONSISTENCY,nextIndex=0,followerCommit=-1,matchIndex=-1
2022-10-13 10:40:54,126 [s1-server-thread1] INFO  server.RaftServer$Division (RaftServerImpl.java:checkInconsistentAppendEntries(1569)) - s1@group-6905249F38B1: inconsistency entries. Reply:s0<-s1#137:FAIL-t2,INCONSISTENCY,nextIndex=0,followerCommit=-1,matchIndex=-1
2022-10-13 10:40:54,126 [grpc-default-executor-0] INFO  leader.FollowerInfo (FollowerInfoImpl.java:lambda$new$0(48)) - s0@group-6905249F38B1->s2: nextIndex: updateUnconditionally 0 -> 0
2022-10-13 10:40:54,126 [s0@group-6905249F38B1->s2-GrpcLogAppender-LogAppenderDaemon] INFO  server.GrpcLogAppender (GrpcLogAppender.java:installSnapshot(633)) - s0@group-6905249F38B1->s2-GrpcLogAppender: followerNextIndex = 0 but logStartIndex = 255, notify follower to install snapshot-(t:2, i:255)
2022-10-13 10:40:54,127 [s0@group-6905249F38B1->s2-GrpcLogAppender-LogAppenderDaemon] INFO  server.GrpcLogAppender (GrpcLogAppender.java:installSnapshot(641)) - s0@group-6905249F38B1->s2-GrpcLogAppender: send s0->s2#0-t2,notify:(t:2, i:255)
2022-10-13 10:40:54,127 [grpc-default-executor-0] INFO  leader.FollowerInfo (FollowerInfoImpl.java:lambda$new$0(48)) - s0@group-6905249F38B1->s1: nextIndex: updateUnconditionally 0 -> 0
2022-10-13 10:40:54,127 [s0@group-6905249F38B1->s1-GrpcLogAppender-LogAppenderDaemon] INFO  server.GrpcLogAppender (GrpcLogAppender.java:installSnapshot(633)) - s0@group-6905249F38B1->s1-GrpcLogAppender: followerNextIndex = 0 but logStartIndex = 255, notify follower to install snapshot-(t:2, i:255)
2022-10-13 10:40:54,127 [grpc-default-executor-0] INFO  impl.SnapshotInstallationHandler (SnapshotInstallationHandler.java:installSnapshot(89)) - s2@group-6905249F38B1: receive installSnapshot: s0->s2#0-t2,notify:(t:2, i:255)
2022-10-13 10:40:54,127 [s0@group-6905249F38B1->s1-GrpcLogAppender-LogAppenderDaemon] INFO  server.GrpcLogAppender (GrpcLogAppender.java:installSnapshot(641)) - s0@group-6905249F38B1->s1-GrpcLogAppender: send s0->s1#0-t2,notify:(t:2, i:255)
2022-10-13 10:40:54,128 [grpc-default-executor-0] INFO  impl.SnapshotInstallationHandler (SnapshotInstallationHandler.java:installSnapshot(100)) - s2@group-6905249F38B1: reply installSnapshot: s0<-s2#0:FAIL-t2,IN_PROGRESS
2022-10-13 10:40:54,128 [grpc-default-executor-0] INFO  server.GrpcServerProtocolService (GrpcServerProtocolService.java:onCompleted(143)) - s2: Completed INSTALL_SNAPSHOT, lastRequest: s0->s2#0-t2,notify:(t:2, i:255)
2022-10-13 10:40:54,128 [grpc-default-executor-4] INFO  server.GrpcLogAppender (GrpcLogAppender.java:onNext(492)) - s0@group-6905249F38B1->s2-InstallSnapshotResponseHandler: received a reply s0<-s2#0:FAIL-t2,IN_PROGRESS
2022-10-13 10:40:54,128 [grpc-default-executor-4] INFO  server.GrpcLogAppender (GrpcLogAppender.java:onNext(510)) - s0@group-6905249F38B1->s2-InstallSnapshotResponseHandler: InstallSnapshot in progress.
2022-10-13 10:40:54,129 [grpc-default-executor-4] INFO  impl.SnapshotInstallationHandler (SnapshotInstallationHandler.java:installSnapshot(89)) - s1@group-6905249F38B1: receive installSnapshot: s0->s1#0-t2,notify:(t:2, i:255)
2022-10-13 10:40:54,129 [grpc-default-executor-4] INFO  impl.SnapshotInstallationHandler (SnapshotInstallationHandler.java:installSnapshot(100)) - s1@group-6905249F38B1: reply installSnapshot: s0<-s1#0:FAIL-t2,IN_PROGRESS
2022-10-13 10:40:54,129 [grpc-default-executor-4] INFO  server.GrpcServerProtocolService (GrpcServerProtocolService.java:onCompleted(143)) - s1: Completed INSTALL_SNAPSHOT, lastRequest: s0->s1#0-t2,notify:(t:2, i:255)
2022-10-13 10:40:54,129 [s2-server-thread1] INFO  server.RaftServer$Division (RaftServerImpl.java:checkInconsistentAppendEntries(1577)) - s2@group-6905249F38B1: Failed appendEntries as snapshot (255) installation is in progress
2022-10-13 10:40:54,129 [grpc-default-executor-2] INFO  server.GrpcLogAppender (GrpcLogAppender.java:onNext(492)) - s0@group-6905249F38B1->s1-InstallSnapshotResponseHandler: received a reply s0<-s1#0:FAIL-t2,IN_PROGRESS
2022-10-13 10:40:54,129 [grpc-default-executor-2] INFO  server.GrpcLogAppender (GrpcLogAppender.java:onNext(510)) - s0@group-6905249F38B1->s1-InstallSnapshotResponseHandler: InstallSnapshot in progress.
2022-10-13 10:40:54,129 [s2-server-thread1] INFO  server.RaftServer$Division (RaftServerImpl.java:checkInconsistentAppendEntries(1569)) - s2@group-6905249F38B1: inconsistency entries. Reply:s0<-s2#114:FAIL-t2,INCONSISTENCY,nextIndex=0,followerCommit=-1,matchIndex=-1
2022-10-13 10:40:54,130 [grpc-default-executor-4] INFO  leader.FollowerInfo (FollowerInfoImpl.java:lambda$new$0(48)) - s0@group-6905249F38B1->s2: nextIndex: updateUnconditionally 0 -> 0
2022-10-13 10:40:54,130 [s1-server-thread1] INFO  server.RaftServer$Division (RaftServerImpl.java:checkInconsistentAppendEntries(1577)) - s1@group-6905249F38B1: Failed appendEntries as snapshot (255) installation is in progress
2022-10-13 10:40:54,130 [s1-server-thread1] INFO  server.RaftServer$Division (RaftServerImpl.java:checkInconsistentAppendEntries(1569)) - s1@group-6905249F38B1: inconsistency entries. Reply:s0<-s1#138:FAIL-t2,INCONSISTENCY,nextIndex=0,followerCommit=-1,matchIndex=-1
2022-10-13 10:40:54,130 [s0@group-6905249F38B1->s2-GrpcLogAppender-LogAppenderDaemon] INFO  server.GrpcLogAppender (GrpcLogAppender.java:installSnapshot(633)) - s0@group-6905249F38B1->s2-GrpcLogAppender: followerNextIndex = 0 but logStartIndex = 255, notify follower to install snapshot-(t:2, i:255)
2022-10-13 10:40:54,130 [s0@group-6905249F38B1->s2-GrpcLogAppender-LogAppenderDaemon] INFO  server.GrpcLogAppender (GrpcLogAppender.java:installSnapshot(641)) - s0@group-6905249F38B1->s2-GrpcLogAppender: send s0->s2#0-t2,notify:(t:2, i:255)
2022-10-13 10:40:54,131 [grpc-default-executor-2] INFO  leader.FollowerInfo (FollowerInfoImpl.java:lambda$new$0(48)) - s0@group-6905249F38B1->s1: nextIndex: updateUnconditionally 0 -> 0
2022-10-13 10:40:54,131 [s0@group-6905249F38B1->s1-GrpcLogAppender-LogAppenderDaemon] INFO  server.GrpcLogAppender (GrpcLogAppender.java:installSnapshot(633)) - s0@group-6905249F38B1->s1-GrpcLogAppender: followerNextIndex = 0 but logStartIndex = 255, notify follower to install snapshot-(t:2, i:255)
2022-10-13 10:40:54,131 [s0@group-6905249F38B1->s1-GrpcLogAppender-LogAppenderDaemon] INFO  server.GrpcLogAppender (GrpcLogAppender.java:installSnapshot(641)) - s0@group-6905249F38B1->s1-GrpcLogAppender: send s0->s1#0-t2,notify:(t:2, i:255)
2022-10-13 10:40:54,131 [grpc-default-executor-4] INFO  impl.SnapshotInstallationHandler (SnapshotInstallationHandler.java:installSnapshot(89)) - s2@group-6905249F38B1: receive installSnapshot: s0->s2#0-t2,notify:(t:2, i:255)
2022-10-13 10:40:54,132 [grpc-default-executor-4] INFO  impl.SnapshotInstallationHandler (SnapshotInstallationHandler.java:installSnapshot(100)) - s2@group-6905249F38B1: reply installSnapshot: s0<-s2#0:FAIL-t2,IN_PROGRESS
2022-10-13 10:40:54,132 [grpc-default-executor-4] INFO  server.GrpcServerProtocolService (GrpcServerProtocolService.java:onCompleted(143)) - s2: Completed INSTALL_SNAPSHOT, lastRequest: s0->s2#0-t2,notify:(t:2, i:255)
2022-10-13 10:40:54,132 [grpc-default-executor-2] INFO  server.GrpcLogAppender (GrpcLogAppender.java:onNext(492)) - s0@group-6905249F38B1->s2-InstallSnapshotResponseHandler: received a reply s0<-s2#0:FAIL-t2,IN_PROGRESS
2022-10-13 10:40:54,132 [grpc-default-executor-2] INFO  server.GrpcLogAppender (GrpcLogAppender.java:onNext(510)) - s0@group-6905249F38B1->s2-InstallSnapshotResponseHandler: InstallSnapshot in progress.
2022-10-13 10:40:54,133 [grpc-default-executor-2] INFO  impl.SnapshotInstallationHandler (SnapshotInstallationHandler.java:installSnapshot(89)) - s1@group-6905249F38B1: receive installSnapshot: s0->s1#0-t2,notify:(t:2, i:255)
2022-10-13 10:40:54,133 [grpc-default-executor-2] INFO  impl.SnapshotInstallationHandler (SnapshotInstallationHandler.java:installSnapshot(100)) - s1@group-6905249F38B1: reply installSnapshot: s0<-s1#0:FAIL-t2,IN_PROGRESS
2022-10-13 10:40:54,133 [grpc-default-executor-2] INFO  server.GrpcServerProtocolService (GrpcServerProtocolService.java:onCompleted(143)) - s1: Completed INSTALL_SNAPSHOT, lastRequest: s0->s1#0-t2,notify:(t:2, i:255)
2022-10-13 10:40:54,133 [s2-server-thread1] INFO  server.RaftServer$Division (RaftServerImpl.java:checkInconsistentAppendEntries(1577)) - s2@group-6905249F38B1: Failed appendEntries as snapshot (255) installation is in progress
2022-10-13 10:40:54,133 [s2-server-thread1] INFO  server.RaftServer$Division (RaftServerImpl.java:checkInconsistentAppendEntries(1569)) - s2@group-6905249F38B1: inconsistency entries. Reply:s0<-s2#115:FAIL-t2,INCONSISTENCY,nextIndex=0,followerCommit=-1,matchIndex=-1
2022-10-13 10:40:54,134 [grpc-default-executor-2] INFO  leader.FollowerInfo (FollowerInfoImpl.java:lambda$new$0(48)) - s0@group-6905249F38B1->s2: nextIndex: updateUnconditionally 0 -> 0
2022-10-13 10:40:54,134 [grpc-default-executor-4] INFO  server.GrpcLogAppender (GrpcLogAppender.java:onNext(492)) - s0@group-6905249F38B1->s1-InstallSnapshotResponseHandler: received a reply s0<-s1#0:FAIL-t2,IN_PROGRESS
2022-10-13 10:40:54,134 [s0@group-6905249F38B1->s2-GrpcLogAppender-LogAppenderDaemon] INFO  server.GrpcLogAppender (GrpcLogAppender.java:installSnapshot(633)) - s0@group-6905249F38B1->s2-GrpcLogAppender: followerNextIndex = 0 but logStartIndex = 255, notify follower to install snapshot-(t:2, i:255)
2022-10-13 10:40:54,134 [s0@group-6905249F38B1->s2-GrpcLogAppender-LogAppenderDaemon] INFO  server.GrpcLogAppender (GrpcLogAppender.java:installSnapshot(641)) - s0@group-6905249F38B1->s2-GrpcLogAppender: send s0->s2#0-t2,notify:(t:2, i:255)
2022-10-13 10:40:54,134 [grpc-default-executor-4] INFO  server.GrpcLogAppender (GrpcLogAppender.java:onNext(510)) - s0@group-6905249F38B1->s1-InstallSnapshotResponseHandler: InstallSnapshot in progress.
2022-10-13 10:40:54,135 [s1-server-thread1] INFO  server.RaftServer$Division (RaftServerImpl.java:checkInconsistentAppendEntries(1577)) - s1@group-6905249F38B1: Failed appendEntries as snapshot (255) installation is in progress
2022-10-13 10:40:54,135 [s1-server-thread1] INFO  server.RaftServer$Division (RaftServerImpl.java:checkInconsistentAppendEntries(1569)) - s1@group-6905249F38B1: inconsistency entries. Reply:s0<-s1#139:FAIL-t2,INCONSISTENCY,nextIndex=0,followerCommit=-1,matchIndex=-1
2022-10-13 10:40:54,135 [grpc-default-executor-0] INFO  impl.SnapshotInstallationHandler (SnapshotInstallationHandler.java:installSnapshot(89)) - s2@group-6905249F38B1: receive installSnapshot: s0->s2#0-t2,notify:(t:2, i:255)
2022-10-13 10:40:54,135 [grpc-default-executor-0] INFO  impl.SnapshotInstallationHandler (SnapshotInstallationHandler.java:installSnapshot(100)) - s2@group-6905249F38B1: reply installSnapshot: s0<-s2#0:FAIL-t2,IN_PROGRESS
2022-10-13 10:40:54,135 [grpc-default-executor-0] INFO  server.GrpcServerProtocolService (GrpcServerProtocolService.java:onCompleted(143)) - s2: Completed INSTALL_SNAPSHOT, lastRequest: s0->s2#0-t2,notify:(t:2, i:255)
2022-10-13 10:40:54,136 [grpc-default-executor-0] INFO  leader.FollowerInfo (FollowerInfoImpl.java:lambda$new$0(48)) - s0@group-6905249F38B1->s1: nextIndex: updateUnconditionally 0 -> 0
2022-10-13 10:40:54,136 [s0@group-6905249F38B1->s1-GrpcLogAppender-LogAppenderDaemon] INFO  server.GrpcLogAppender (GrpcLogAppender.java:installSnapshot(633)) - s0@group-6905249F38B1->s1-GrpcLogAppender: followerNextIndex = 0 but logStartIndex = 255, notify follower to install snapshot-(t:2, i:255)
2022-10-13 10:40:54,136 [s0@group-6905249F38B1->s1-GrpcLogAppender-LogAppenderDaemon] INFO  server.GrpcLogAppender (GrpcLogAppender.java:installSnapshot(641)) - s0@group-6905249F38B1->s1-GrpcLogAppender: send s0->s1#0-t2,notify:(t:2, i:255)
2022-10-13 10:40:54,136 [grpc-default-executor-0] INFO  server.GrpcLogAppender (GrpcLogAppender.java:onNext(492)) - s0@group-6905249F38B1->s2-InstallSnapshotResponseHandler: received a reply s0<-s2#0:FAIL-t2,IN_PROGRESS
2022-10-13 10:40:54,136 [grpc-default-executor-0] INFO  server.GrpcLogAppender (GrpcLogAppender.java:onNext(510)) - s0@group-6905249F38B1->s2-InstallSnapshotResponseHandler: InstallSnapshot in progress.
2022-10-13 10:40:54,136 [s2-server-thread1] INFO  server.RaftServer$Division (RaftServerImpl.java:checkInconsistentAppendEntries(1577)) - s2@group-6905249F38B1: Failed appendEntries as snapshot (255) installation is in progress
2022-10-13 10:40:54,137 [s2-server-thread1] INFO  server.RaftServer$Division (RaftServerImpl.java:checkInconsistentAppendEntries(1569)) - s2@group-6905249F38B1: inconsistency entries. Reply:s0<-s2#116:FAIL-t2,INCONSISTENCY,nextIndex=0,followerCommit=-1,matchIndex=-1
2022-10-13 10:40:54,137 [grpc-default-executor-2] INFO  leader.FollowerInfo (FollowerInfoImpl.java:lambda$new$0(48)) - s0@group-6905249F38B1->s2: nextIndex: updateUnconditionally 0 -> 0
2022-10-13 10:40:54,137 [s0@group-6905249F38B1->s2-GrpcLogAppender-LogAppenderDaemon] INFO  server.GrpcLogAppender (GrpcLogAppender.java:installSnapshot(633)) - s0@group-6905249F38B1->s2-GrpcLogAppender: followerNextIndex = 0 but logStartIndex = 255, notify follower to install snapshot-(t:2, i:255)
2022-10-13 10:40:54,137 [s0@group-6905249F38B1->s2-GrpcLogAppender-LogAppenderDaemon] INFO  server.GrpcLogAppender (GrpcLogAppender.java:installSnapshot(641)) - s0@group-6905249F38B1->s2-GrpcLogAppender: send s0->s2#0-t2,notify:(t:2, i:255)
2022-10-13 10:40:54,137 [grpc-default-executor-4] INFO  impl.SnapshotInstallationHandler (SnapshotInstallationHandler.java:installSnapshot(89)) - s1@group-6905249F38B1: receive installSnapshot: s0->s1#0-t2,notify:(t:2, i:255)
2022-10-13 10:40:54,137 [grpc-default-executor-4] INFO  impl.SnapshotInstallationHandler (SnapshotInstallationHandler.java:installSnapshot(100)) - s1@group-6905249F38B1: reply installSnapshot: s0<-s1#0:FAIL-t2,IN_PROGRESS
2022-10-13 10:40:54,138 [grpc-default-executor-4] INFO  server.GrpcServerProtocolService (GrpcServerProtocolService.java:onCompleted(143)) - s1: Completed INSTALL_SNAPSHOT, lastRequest: s0->s1#0-t2,notify:(t:2, i:255)
2022-10-13 10:40:54,138 [grpc-default-executor-4] INFO  server.GrpcLogAppender (GrpcLogAppender.java:onNext(492)) - s0@group-6905249F38B1->s1-InstallSnapshotResponseHandler: received a reply s0<-s1#0:FAIL-t2,IN_PROGRESS
2022-10-13 10:40:54,138 [grpc-default-executor-4] INFO  server.GrpcLogAppender (GrpcLogAppender.java:onNext(510)) - s0@group-6905249F38B1->s1-InstallSnapshotResponseHandler: InstallSnapshot in progress.
2022-10-13 10:40:54,139 [grpc-default-executor-2] INFO  impl.SnapshotInstallationHandler (SnapshotInstallationHandler.java:installSnapshot(89)) - s2@group-6905249F38B1: receive installSnapshot: s0->s2#0-t2,notify:(t:2, i:255)
2022-10-13 10:40:54,139 [s1-server-thread1] INFO  server.RaftServer$Division (RaftServerImpl.java:checkInconsistentAppendEntries(1577)) - s1@group-6905249F38B1: Failed appendEntries as snapshot (255) installation is in progress
2022-10-13 10:40:54,139 [grpc-default-executor-2] INFO  impl.SnapshotInstallationHandler (SnapshotInstallationHandler.java:installSnapshot(100)) - s2@group-6905249F38B1: reply installSnapshot: s0<-s2#0:FAIL-t2,IN_PROGRESS
2022-10-13 10:40:54,139 [s1-server-thread1] INFO  server.RaftServer$Division (RaftServerImpl.java:checkInconsistentAppendEntries(1569)) - s1@group-6905249F38B1: inconsistency entries. Reply:s0<-s1#140:FAIL-t2,INCONSISTENCY,nextIndex=0,followerCommit=-1,matchIndex=-1
2022-10-13 10:40:54,139 [grpc-default-executor-2] INFO  server.GrpcServerProtocolService (GrpcServerProtocolService.java:onCompleted(143)) - s2: Completed INSTALL_SNAPSHOT, lastRequest: s0->s2#0-t2,notify:(t:2, i:255)
2022-10-13 10:40:54,140 [grpc-default-executor-2] INFO  leader.FollowerInfo (FollowerInfoImpl.java:lambda$new$0(48)) - s0@group-6905249F38B1->s1: nextIndex: updateUnconditionally 0 -> 0
2022-10-13 10:40:54,140 [s0@group-6905249F38B1->s1-GrpcLogAppender-LogAppenderDaemon] INFO  server.GrpcLogAppender (GrpcLogAppender.java:installSnapshot(633)) - s0@group-6905249F38B1->s1-GrpcLogAppender: followerNextIndex = 0 but logStartIndex = 255, notify follower to install snapshot-(t:2, i:255)
2022-10-13 10:40:54,140 [s0@group-6905249F38B1->s1-GrpcLogAppender-LogAppenderDaemon] INFO  server.GrpcLogAppender (GrpcLogAppender.java:installSnapshot(641)) - s0@group-6905249F38B1->s1-GrpcLogAppender: send s0->s1#0-t2,notify:(t:2, i:255)
2022-10-13 10:40:54,140 [grpc-default-executor-2] INFO  server.GrpcLogAppender (GrpcLogAppender.java:onNext(492)) - s0@group-6905249F38B1->s2-InstallSnapshotResponseHandler: received a reply s0<-s2#0:FAIL-t2,IN_PROGRESS
2022-10-13 10:40:54,140 [grpc-default-executor-2] INFO  server.GrpcLogAppender (GrpcLogAppender.java:onNext(510)) - s0@group-6905249F38B1->s2-InstallSnapshotResponseHandler: InstallSnapshot in progress.
2022-10-13 10:40:54,140 [s2-server-thread1] INFO  server.RaftServer$Division (RaftServerImpl.java:checkInconsistentAppendEntries(1577)) - s2@group-6905249F38B1: Failed appendEntries as snapshot (255) installation is in progress
2022-10-13 10:40:54,140 [s2-server-thread1] INFO  server.RaftServer$Division (RaftServerImpl.java:checkInconsistentAppendEntries(1569)) - s2@group-6905249F38B1: inconsistency entries. Reply:s0<-s2#117:FAIL-t2,INCONSISTENCY,nextIndex=0,followerCommit=-1,matchIndex=-1
2022-10-13 10:40:54,141 [grpc-default-executor-2] INFO  impl.SnapshotInstallationHandler (SnapshotInstallationHandler.java:installSnapshot(89)) - s1@group-6905249F38B1: receive installSnapshot: s0->s1#0-t2,notify:(t:2, i:255)
2022-10-13 10:40:54,141 [grpc-default-executor-2] INFO  impl.SnapshotInstallationHandler (SnapshotInstallationHandler.java:installSnapshot(100)) - s1@group-6905249F38B1: reply installSnapshot: s0<-s1#0:FAIL-t2,IN_PROGRESS
2022-10-13 10:40:54,142 [grpc-default-executor-2] INFO  server.GrpcServerProtocolService (GrpcServerProtocolService.java:onCompleted(143)) - s1: Completed INSTALL_SNAPSHOT, lastRequest: s0->s1#0-t2,notify:(t:2, i:255)
2022-10-13 10:40:54,142 [grpc-default-executor-2] INFO  server.GrpcLogAppender (GrpcLogAppender.java:onNext(492)) - s0@group-6905249F38B1->s1-InstallSnapshotResponseHandler: received a reply s0<-s1#0:FAIL-t2,IN_PROGRESS
2022-10-13 10:40:54,142 [grpc-default-executor-2] INFO  server.GrpcLogAppender (GrpcLogAppender.java:onNext(510)) - s0@group-6905249F38B1->s1-InstallSnapshotResponseHandler: InstallSnapshot in progress.
2022-10-13 10:40:54,142 [grpc-default-executor-2] INFO  leader.FollowerInfo (FollowerInfoImpl.java:lambda$new$0(48)) - s0@group-6905249F38B1->s2: nextIndex: updateUnconditionally 0 -> 0
2022-10-13 10:40:54,143 [s0@group-6905249F38B1->s2-GrpcLogAppender-LogAppenderDaemon] INFO  server.GrpcLogAppender (GrpcLogAppender.java:installSnapshot(633)) - s0@group-6905249F38B1->s2-GrpcLogAppender: followerNextIndex = 0 but logStartIndex = 255, notify follower to install snapshot-(t:2, i:255)
2022-10-13 10:40:54,143 [s0@group-6905249F38B1->s2-GrpcLogAppender-LogAppenderDaemon] INFO  server.GrpcLogAppender (GrpcLogAppender.java:installSnapshot(641)) - s0@group-6905249F38B1->s2-GrpcLogAppender: send s0->s2#0-t2,notify:(t:2, i:255)
2022-10-13 10:40:54,143 [s1-server-thread1] INFO  server.RaftServer$Division (RaftServerImpl.java:checkInconsistentAppendEntries(1577)) - s1@group-6905249F38B1: Failed appendEntries as snapshot (255) installation is in progress
2022-10-13 10:40:54,143 [s1-server-thread1] INFO  server.RaftServer$Division (RaftServerImpl.java:checkInconsistentAppendEntries(1569)) - s1@group-6905249F38B1: inconsistency entries. Reply:s0<-s1#141:FAIL-t2,INCONSISTENCY,nextIndex=0,followerCommit=-1,matchIndex=-1
2022-10-13 10:40:54,144 [grpc-default-executor-2] INFO  impl.SnapshotInstallationHandler (SnapshotInstallationHandler.java:installSnapshot(89)) - s2@group-6905249F38B1: receive installSnapshot: s0->s2#0-t2,notify:(t:2, i:255)
2022-10-13 10:40:54,144 [grpc-default-executor-2] INFO  impl.SnapshotInstallationHandler (SnapshotInstallationHandler.java:installSnapshot(100)) - s2@group-6905249F38B1: reply installSnapshot: s0<-s2#0:FAIL-t2,IN_PROGRESS
2022-10-13 10:40:54,144 [grpc-default-executor-2] INFO  server.GrpcServerProtocolService (GrpcServerProtocolService.java:onCompleted(143)) - s2: Completed INSTALL_SNAPSHOT, lastRequest: s0->s2#0-t2,notify:(t:2, i:255)
2022-10-13 10:40:54,144 [grpc-default-executor-2] INFO  leader.FollowerInfo (FollowerInfoImpl.java:lambda$new$0(48)) - s0@group-6905249F38B1->s1: nextIndex: updateUnconditionally 0 -> 0
2022-10-13 10:40:54,145 [s0@group-6905249F38B1->s1-GrpcLogAppender-LogAppenderDaemon] INFO  server.GrpcLogAppender (GrpcLogAppender.java:installSnapshot(633)) - s0@group-6905249F38B1->s1-GrpcLogAppender: followerNextIndex = 0 but logStartIndex = 255, notify follower to install snapshot-(t:2, i:255)
2022-10-13 10:40:54,145 [s0@group-6905249F38B1->s1-GrpcLogAppender-LogAppenderDaemon] INFO  server.GrpcLogAppender (GrpcLogAppender.java:installSnapshot(641)) - s0@group-6905249F38B1->s1-GrpcLogAppender: send s0->s1#0-t2,notify:(t:2, i:255)
2022-10-13 10:40:54,145 [grpc-default-executor-2] INFO  server.GrpcLogAppender (GrpcLogAppender.java:onNext(492)) - s0@group-6905249F38B1->s2-InstallSnapshotResponseHandler: received a reply s0<-s2#0:FAIL-t2,IN_PROGRESS
2022-10-13 10:40:54,145 [grpc-default-executor-2] INFO  server.GrpcLogAppender (GrpcLogAppender.java:onNext(510)) - s0@group-6905249F38B1->s2-InstallSnapshotResponseHandler: InstallSnapshot in progress.
2022-10-13 10:40:54,146 [s2-server-thread1] INFO  server.RaftServer$Division (RaftServerImpl.java:checkInconsistentAppendEntries(1577)) - s2@group-6905249F38B1: Failed appendEntries as snapshot (255) installation is in progress
2022-10-13 10:40:54,146 [s2-server-thread1] INFO  server.RaftServer$Division (RaftServerImpl.java:checkInconsistentAppendEntries(1569)) - s2@group-6905249F38B1: inconsistency entries. Reply:s0<-s2#118:FAIL-t2,INCONSISTENCY,nextIndex=0,followerCommit=-1,matchIndex=-1
2022-10-13 10:40:54,146 [grpc-default-executor-2] INFO  impl.SnapshotInstallationHandler (SnapshotInstallationHandler.java:installSnapshot(89)) - s1@group-6905249F38B1: receive installSnapshot: s0->s1#0-t2,notify:(t:2, i:255)
2022-10-13 10:40:54,146 [grpc-default-executor-2] INFO  impl.SnapshotInstallationHandler (SnapshotInstallationHandler.java:installSnapshot(100)) - s1@group-6905249F38B1: reply installSnapshot: s0<-s1#0:FAIL-t2,IN_PROGRESS
2022-10-13 10:40:54,146 [grpc-default-executor-2] INFO  server.GrpcServerProtocolService (GrpcServerProtocolService.java:onCompleted(143)) - s1: Completed INSTALL_SNAPSHOT, lastRequest: s0->s1#0-t2,notify:(t:2, i:255)
2022-10-13 10:40:54,147 [grpc-default-executor-4] INFO  leader.FollowerInfo (FollowerInfoImpl.java:lambda$new$0(48)) - s0@group-6905249F38B1->s2: nextIndex: updateUnconditionally 0 -> 0
2022-10-13 10:40:54,147 [s0@group-6905249F38B1->s2-GrpcLogAppender-LogAppenderDaemon] INFO  server.GrpcLogAppender (GrpcLogAppender.java:installSnapshot(633)) - s0@group-6905249F38B1->s2-GrpcLogAppender: followerNextIndex = 0 but logStartIndex = 255, notify follower to install snapshot-(t:2, i:255)
2022-10-13 10:40:54,147 [s0@group-6905249F38B1->s2-GrpcLogAppender-LogAppenderDaemon] INFO  server.GrpcLogAppender (GrpcLogAppender.java:installSnapshot(641)) - s0@group-6905249F38B1->s2-GrpcLogAppender: send s0->s2#0-t2,notify:(t:2, i:255)
2022-10-13 10:40:54,147 [grpc-default-executor-2] INFO  server.GrpcLogAppender (GrpcLogAppender.java:onNext(492)) - s0@group-6905249F38B1->s1-InstallSnapshotResponseHandler: received a reply s0<-s1#0:FAIL-t2,IN_PROGRESS
2022-10-13 10:40:54,147 [grpc-default-executor-2] INFO  server.GrpcLogAppender (GrpcLogAppender.java:onNext(510)) - s0@group-6905249F38B1->s1-InstallSnapshotResponseHandler: InstallSnapshot in progress.
2022-10-13 10:40:54,148 [s1-server-thread1] INFO  server.RaftServer$Division (RaftServerImpl.java:checkInconsistentAppendEntries(1577)) - s1@group-6905249F38B1: Failed appendEntries as snapshot (255) installation is in progress
2022-10-13 10:40:54,148 [s1-server-thread1] INFO  server.RaftServer$Division (RaftServerImpl.java:checkInconsistentAppendEntries(1569)) - s1@group-6905249F38B1: inconsistency entries. Reply:s0<-s1#142:FAIL-t2,INCONSISTENCY,nextIndex=0,followerCommit=-1,matchIndex=-1
2022-10-13 10:40:54,148 [grpc-default-executor-4] INFO  impl.SnapshotInstallationHandler (SnapshotInstallationHandler.java:installSnapshot(89)) - s2@group-6905249F38B1: receive installSnapshot: s0->s2#0-t2,notify:(t:2, i:255)
2022-10-13 10:40:54,148 [grpc-default-executor-4] INFO  impl.SnapshotInstallationHandler (SnapshotInstallationHandler.java:installSnapshot(100)) - s2@group-6905249F38B1: reply installSnapshot: s0<-s2#0:FAIL-t2,IN_PROGRESS
2022-10-13 10:40:54,149 [grpc-default-executor-4] INFO  server.GrpcServerProtocolService (GrpcServerProtocolService.java:onCompleted(143)) - s2: Completed INSTALL_SNAPSHOT, lastRequest: s0->s2#0-t2,notify:(t:2, i:255)
2022-10-13 10:40:54,149 [grpc-default-executor-4] INFO  server.GrpcLogAppender (GrpcLogAppender.java:onNext(492)) - s0@group-6905249F38B1->s2-InstallSnapshotResponseHandler: received a reply s0<-s2#0:FAIL-t2,IN_PROGRESS
2022-10-13 10:40:54,149 [grpc-default-executor-4] INFO  server.GrpcLogAppender (GrpcLogAppender.java:onNext(510)) - s0@group-6905249F38B1->s2-InstallSnapshotResponseHandler: InstallSnapshot in progress.
2022-10-13 10:40:54,149 [grpc-default-executor-2] INFO  leader.FollowerInfo (FollowerInfoImpl.java:lambda$new$0(48)) - s0@group-6905249F38B1->s1: nextIndex: updateUnconditionally 0 -> 0
2022-10-13 10:40:54,149 [s0@group-6905249F38B1->s1-GrpcLogAppender-LogAppenderDaemon] INFO  server.GrpcLogAppender (GrpcLogAppender.java:installSnapshot(633)) - s0@group-6905249F38B1->s1-GrpcLogAppender: followerNextIndex = 0 but logStartIndex = 255, notify follower to install snapshot-(t:2, i:255)
2022-10-13 10:40:54,149 [s0@group-6905249F38B1->s1-GrpcLogAppender-LogAppenderDaemon] INFO  server.GrpcLogAppender (GrpcLogAppender.java:installSnapshot(641)) - s0@group-6905249F38B1->s1-GrpcLogAppender: send s0->s1#0-t2,notify:(t:2, i:255)
2022-10-13 10:40:54,150 [s2-server-thread1] INFO  server.RaftServer$Division (RaftServerImpl.java:checkInconsistentAppendEntries(1577)) - s2@group-6905249F38B1: Failed appendEntries as snapshot (255) installation is in progress
2022-10-13 10:40:54,150 [grpc-default-executor-0] INFO  impl.SnapshotInstallationHandler (SnapshotInstallationHandler.java:installSnapshot(89)) - s1@group-6905249F38B1: receive installSnapshot: s0->s1#0-t2,notify:(t:2, i:255)
2022-10-13 10:40:54,150 [s2-server-thread1] INFO  server.RaftServer$Division (RaftServerImpl.java:checkInconsistentAppendEntries(1569)) - s2@group-6905249F38B1: inconsistency entries. Reply:s0<-s2#119:FAIL-t2,INCONSISTENCY,nextIndex=0,followerCommit=-1,matchIndex=-1
2022-10-13 10:40:54,150 [grpc-default-executor-0] INFO  impl.SnapshotInstallationHandler (SnapshotInstallationHandler.java:installSnapshot(100)) - s1@group-6905249F38B1: reply installSnapshot: s0<-s1#0:FAIL-t2,IN_PROGRESS
2022-10-13 10:40:54,151 [grpc-default-executor-0] INFO  server.GrpcServerProtocolService (GrpcServerProtocolService.java:onCompleted(143)) - s1: Completed INSTALL_SNAPSHOT, lastRequest: s0->s1#0-t2,notify:(t:2, i:255)
2022-10-13 10:40:54,151 [grpc-default-executor-2] INFO  server.GrpcLogAppender (GrpcLogAppender.java:onNext(492)) - s0@group-6905249F38B1->s1-InstallSnapshotResponseHandler: received a reply s0<-s1#0:FAIL-t2,IN_PROGRESS
2022-10-13 10:40:54,151 [grpc-default-executor-2] INFO  server.GrpcLogAppender (GrpcLogAppender.java:onNext(510)) - s0@group-6905249F38B1->s1-InstallSnapshotResponseHandler: InstallSnapshot in progress.
2022-10-13 10:40:54,151 [grpc-default-executor-0] INFO  leader.FollowerInfo (FollowerInfoImpl.java:lambda$new$0(48)) - s0@group-6905249F38B1->s2: nextIndex: updateUnconditionally 0 -> 0
2022-10-13 10:40:54,151 [s0@group-6905249F38B1->s2-GrpcLogAppender-LogAppenderDaemon] INFO  server.GrpcLogAppender (GrpcLogAppender.java:installSnapshot(633)) - s0@group-6905249F38B1->s2-GrpcLogAppender: followerNextIndex = 0 but logStartIndex = 255, notify follower to install snapshot-(t:2, i:255)
2022-10-13 10:40:54,151 [s1-server-thread1] INFO  server.RaftServer$Division (RaftServerImpl.java:checkInconsistentAppendEntries(1577)) - s1@group-6905249F38B1: Failed appendEntries as snapshot (255) installation is in progress
2022-10-13 10:40:54,152 [s1-server-thread1] INFO  server.RaftServer$Division (RaftServerImpl.java:checkInconsistentAppendEntries(1569)) - s1@group-6905249F38B1: inconsistency entries. Reply:s0<-s1#143:FAIL-t2,INCONSISTENCY,nextIndex=0,followerCommit=-1,matchIndex=-1
2022-10-13 10:40:54,151 [s0@group-6905249F38B1->s2-GrpcLogAppender-LogAppenderDaemon] INFO  server.GrpcLogAppender (GrpcLogAppender.java:installSnapshot(641)) - s0@group-6905249F38B1->s2-GrpcLogAppender: send s0->s2#0-t2,notify:(t:2, i:255)
2022-10-13 10:40:54,152 [grpc-default-executor-4] INFO  leader.FollowerInfo (FollowerInfoImpl.java:lambda$new$0(48)) - s0@group-6905249F38B1->s1: nextIndex: updateUnconditionally 0 -> 0
2022-10-13 10:40:54,152 [s0@group-6905249F38B1->s1-GrpcLogAppender-LogAppenderDaemon] INFO  server.GrpcLogAppender (GrpcLogAppender.java:installSnapshot(633)) - s0@group-6905249F38B1->s1-GrpcLogAppender: followerNextIndex = 0 but logStartIndex = 255, notify follower to install snapshot-(t:2, i:255)
2022-10-13 10:40:54,152 [s0@group-6905249F38B1->s1-GrpcLogAppender-LogAppenderDaemon] INFO  server.GrpcLogAppender (GrpcLogAppender.java:installSnapshot(641)) - s0@group-6905249F38B1->s1-GrpcLogAppender: send s0->s1#0-t2,notify:(t:2, i:255)
2022-10-13 10:40:54,153 [grpc-default-executor-4] INFO  impl.SnapshotInstallationHandler (SnapshotInstallationHandler.java:installSnapshot(89)) - s2@group-6905249F38B1: receive installSnapshot: s0->s2#0-t2,notify:(t:2, i:255)
2022-10-13 10:40:54,153 [grpc-default-executor-4] INFO  impl.SnapshotInstallationHandler (SnapshotInstallationHandler.java:installSnapshot(100)) - s2@group-6905249F38B1: reply installSnapshot: s0<-s2#0:FAIL-t2,IN_PROGRESS
2022-10-13 10:40:54,153 [grpc-default-executor-4] INFO  server.GrpcServerProtocolService (GrpcServerProtocolService.java:onCompleted(143)) - s2: Completed INSTALL_SNAPSHOT, lastRequest: s0->s2#0-t2,notify:(t:2, i:255)
2022-10-13 10:40:54,154 [grpc-default-executor-4] INFO  server.GrpcLogAppender (GrpcLogAppender.java:onNext(492)) - s0@group-6905249F38B1->s2-InstallSnapshotResponseHandler: received a reply s0<-s2#0:FAIL-t2,IN_PROGRESS
2022-10-13 10:40:54,154 [grpc-default-executor-4] INFO  server.GrpcLogAppender (GrpcLogAppender.java:onNext(510)) - s0@group-6905249F38B1->s2-InstallSnapshotResponseHandler: InstallSnapshot in progress.
2022-10-13 10:40:54,154 [grpc-default-executor-4] INFO  impl.SnapshotInstallationHandler (SnapshotInstallationHandler.java:installSnapshot(89)) - s1@group-6905249F38B1: receive installSnapshot: s0->s1#0-t2,notify:(t:2, i:255)
2022-10-13 10:40:54,154 [grpc-default-executor-4] INFO  impl.SnapshotInstallationHandler (SnapshotInstallationHandler.java:installSnapshot(100)) - s1@group-6905249F38B1: reply installSnapshot: s0<-s1#0:FAIL-t2,IN_PROGRESS
2022-10-13 10:40:54,154 [grpc-default-executor-4] INFO  server.GrpcServerProtocolService (GrpcServerProtocolService.java:onCompleted(143)) - s1: Completed INSTALL_SNAPSHOT, lastRequest: s0->s1#0-t2,notify:(t:2, i:255)
2022-10-13 10:40:54,154 [grpc-default-executor-4] INFO  server.GrpcLogAppender (GrpcLogAppender.java:onNext(492)) - s0@group-6905249F38B1->s1-InstallSnapshotResponseHandler: received a reply s0<-s1#0:FAIL-t2,IN_PROGRESS
2022-10-13 10:40:54,154 [grpc-default-executor-4] INFO  server.GrpcLogAppender (GrpcLogAppender.java:onNext(510)) - s0@group-6905249F38B1->s1-InstallSnapshotResponseHandler: InstallSnapshot in progress.
2022-10-13 10:40:54,154 [s2-server-thread1] INFO  server.RaftServer$Division (RaftServerImpl.java:checkInconsistentAppendEntries(1577)) - s2@group-6905249F38B1: Failed appendEntries as snapshot (255) installation is in progress
2022-10-13 10:40:54,154 [s2-server-thread1] INFO  server.RaftServer$Division (RaftServerImpl.java:checkInconsistentAppendEntries(1569)) - s2@group-6905249F38B1: inconsistency entries. Reply:s0<-s2#120:FAIL-t2,INCONSISTENCY,nextIndex=0,followerCommit=-1,matchIndex=-1
2022-10-13 10:40:54,155 [grpc-default-executor-4] INFO  leader.FollowerInfo (FollowerInfoImpl.java:lambda$new$0(48)) - s0@group-6905249F38B1->s2: nextIndex: updateUnconditionally 0 -> 0
2022-10-13 10:40:54,155 [s0@group-6905249F38B1->s2-GrpcLogAppender-LogAppenderDaemon] INFO  server.GrpcLogAppender (GrpcLogAppender.java:installSnapshot(633)) - s0@group-6905249F38B1->s2-GrpcLogAppender: followerNextIndex = 0 but logStartIndex = 255, notify follower to install snapshot-(t:2, i:255)
2022-10-13 10:40:54,155 [s0@group-6905249F38B1->s2-GrpcLogAppender-LogAppenderDaemon] INFO  server.GrpcLogAppender (GrpcLogAppender.java:installSnapshot(641)) - s0@group-6905249F38B1->s2-GrpcLogAppender: send s0->s2#0-t2,notify:(t:2, i:255)
2022-10-13 10:40:54,155 [s1-server-thread1] INFO  server.RaftServer$Division (RaftServerImpl.java:checkInconsistentAppendEntries(1577)) - s1@group-6905249F38B1: Failed appendEntries as snapshot (255) installation is in progress
2022-10-13 10:40:54,155 [s1-server-thread1] INFO  server.RaftServer$Division (RaftServerImpl.java:checkInconsistentAppendEntries(1569)) - s1@group-6905249F38B1: inconsistency entries. Reply:s0<-s1#144:FAIL-t2,INCONSISTENCY,nextIndex=0,followerCommit=-1,matchIndex=-1
2022-10-13 10:40:54,156 [grpc-default-executor-2] INFO  leader.FollowerInfo (FollowerInfoImpl.java:lambda$new$0(48)) - s0@group-6905249F38B1->s1: nextIndex: updateUnconditionally 0 -> 0
2022-10-13 10:40:54,156 [s0@group-6905249F38B1->s1-GrpcLogAppender-LogAppenderDaemon] INFO  server.GrpcLogAppender (GrpcLogAppender.java:installSnapshot(633)) - s0@group-6905249F38B1->s1-GrpcLogAppender: followerNextIndex = 0 but logStartIndex = 255, notify follower to install snapshot-(t:2, i:255)
2022-10-13 10:40:54,156 [s0@group-6905249F38B1->s1-GrpcLogAppender-LogAppenderDaemon] INFO  server.GrpcLogAppender (GrpcLogAppender.java:installSnapshot(641)) - s0@group-6905249F38B1->s1-GrpcLogAppender: send s0->s1#0-t2,notify:(t:2, i:255)
2022-10-13 10:40:54,157 [grpc-default-executor-4] INFO  impl.SnapshotInstallationHandler (SnapshotInstallationHandler.java:installSnapshot(89)) - s2@group-6905249F38B1: receive installSnapshot: s0->s2#0-t2,notify:(t:2, i:255)
2022-10-13 10:40:54,157 [grpc-default-executor-4] INFO  impl.SnapshotInstallationHandler (SnapshotInstallationHandler.java:installSnapshot(100)) - s2@group-6905249F38B1: reply installSnapshot: s0<-s2#0:FAIL-t2,IN_PROGRESS
2022-10-13 10:40:54,157 [grpc-default-executor-4] INFO  server.GrpcServerProtocolService (GrpcServerProtocolService.java:onCompleted(143)) - s2: Completed INSTALL_SNAPSHOT, lastRequest: s0->s2#0-t2,notify:(t:2, i:255)
2022-10-13 10:40:54,157 [grpc-default-executor-2] INFO  impl.SnapshotInstallationHandler (SnapshotInstallationHandler.java:installSnapshot(89)) - s1@group-6905249F38B1: receive installSnapshot: s0->s1#0-t2,notify:(t:2, i:255)
2022-10-13 10:40:54,157 [grpc-default-executor-0] INFO  server.GrpcLogAppender (GrpcLogAppender.java:onNext(492)) - s0@group-6905249F38B1->s2-InstallSnapshotResponseHandler: received a reply s0<-s2#0:FAIL-t2,IN_PROGRESS
2022-10-13 10:40:54,157 [grpc-default-executor-2] INFO  impl.SnapshotInstallationHandler (SnapshotInstallationHandler.java:installSnapshot(100)) - s1@group-6905249F38B1: reply installSnapshot: s0<-s1#0:FAIL-t2,IN_PROGRESS
2022-10-13 10:40:54,157 [grpc-default-executor-2] INFO  server.GrpcServerProtocolService (GrpcServerProtocolService.java:onCompleted(143)) - s1: Completed INSTALL_SNAPSHOT, lastRequest: s0->s1#0-t2,notify:(t:2, i:255)
2022-10-13 10:40:54,157 [grpc-default-executor-0] INFO  server.GrpcLogAppender (GrpcLogAppender.java:onNext(510)) - s0@group-6905249F38B1->s2-InstallSnapshotResponseHandler: InstallSnapshot in progress.
2022-10-13 10:40:54,158 [grpc-default-executor-0] INFO  server.GrpcLogAppender (GrpcLogAppender.java:onNext(492)) - s0@group-6905249F38B1->s1-InstallSnapshotResponseHandler: received a reply s0<-s1#0:FAIL-t2,IN_PROGRESS
2022-10-13 10:40:54,158 [grpc-default-executor-0] INFO  server.GrpcLogAppender (GrpcLogAppender.java:onNext(510)) - s0@group-6905249F38B1->s1-InstallSnapshotResponseHandler: InstallSnapshot in progress.
2022-10-13 10:40:54,158 [s2-server-thread1] INFO  server.RaftServer$Division (RaftServerImpl.java:checkInconsistentAppendEntries(1577)) - s2@group-6905249F38B1: Failed appendEntries as snapshot (255) installation is in progress
2022-10-13 10:40:54,158 [s1-server-thread1] INFO  server.RaftServer$Division (RaftServerImpl.java:checkInconsistentAppendEntries(1577)) - s1@group-6905249F38B1: Failed appendEntries as snapshot (255) installation is in progress
2022-10-13 10:40:54,158 [s2-server-thread1] INFO  server.RaftServer$Division (RaftServerImpl.java:checkInconsistentAppendEntries(1569)) - s2@group-6905249F38B1: inconsistency entries. Reply:s0<-s2#121:FAIL-t2,INCONSISTENCY,nextIndex=0,followerCommit=-1,matchIndex=-1
2022-10-13 10:40:54,158 [s1-server-thread1] INFO  server.RaftServer$Division (RaftServerImpl.java:checkInconsistentAppendEntries(1569)) - s1@group-6905249F38B1: inconsistency entries. Reply:s0<-s1#145:FAIL-t2,INCONSISTENCY,nextIndex=0,followerCommit=-1,matchIndex=-1
2022-10-13 10:40:54,159 [grpc-default-executor-4] INFO  leader.FollowerInfo (FollowerInfoImpl.java:lambda$new$0(48)) - s0@group-6905249F38B1->s2: nextIndex: updateUnconditionally 0 -> 0
2022-10-13 10:40:54,159 [grpc-default-executor-0] INFO  leader.FollowerInfo (FollowerInfoImpl.java:lambda$new$0(48)) - s0@group-6905249F38B1->s1: nextIndex: updateUnconditionally 0 -> 0
2022-10-13 10:40:54,159 [s0@group-6905249F38B1->s2-GrpcLogAppender-LogAppenderDaemon] INFO  server.GrpcLogAppender (GrpcLogAppender.java:installSnapshot(633)) - s0@group-6905249F38B1->s2-GrpcLogAppender: followerNextIndex = 0 but logStartIndex = 255, notify follower to install snapshot-(t:2, i:255)
2022-10-13 10:40:54,159 [s0@group-6905249F38B1->s2-GrpcLogAppender-LogAppenderDaemon] INFO  server.GrpcLogAppender (GrpcLogAppender.java:installSnapshot(641)) - s0@group-6905249F38B1->s2-GrpcLogAppender: send s0->s2#0-t2,notify:(t:2, i:255)
2022-10-13 10:40:54,159 [s0@group-6905249F38B1->s1-GrpcLogAppender-LogAppenderDaemon] INFO  server.GrpcLogAppender (GrpcLogAppender.java:installSnapshot(633)) - s0@group-6905249F38B1->s1-GrpcLogAppender: followerNextIndex = 0 but logStartIndex = 255, notify follower to install snapshot-(t:2, i:255)
2022-10-13 10:40:54,159 [s0@group-6905249F38B1->s1-GrpcLogAppender-LogAppenderDaemon] INFO  server.GrpcLogAppender (GrpcLogAppender.java:installSnapshot(641)) - s0@group-6905249F38B1->s1-GrpcLogAppender: send s0->s1#0-t2,notify:(t:2, i:255)
2022-10-13 10:40:54,160 [grpc-default-executor-0] INFO  impl.SnapshotInstallationHandler (SnapshotInstallationHandler.java:installSnapshot(89)) - s1@group-6905249F38B1: receive installSnapshot: s0->s1#0-t2,notify:(t:2, i:255)
2022-10-13 10:40:54,160 [grpc-default-executor-0] INFO  impl.SnapshotInstallationHandler (SnapshotInstallationHandler.java:installSnapshot(100)) - s1@group-6905249F38B1: reply installSnapshot: s0<-s1#0:FAIL-t2,IN_PROGRESS
2022-10-13 10:40:54,160 [grpc-default-executor-0] INFO  server.GrpcServerProtocolService (GrpcServerProtocolService.java:onCompleted(143)) - s1: Completed INSTALL_SNAPSHOT, lastRequest: s0->s1#0-t2,notify:(t:2, i:255)
2022-10-13 10:40:54,161 [grpc-default-executor-0] INFO  server.GrpcLogAppender (GrpcLogAppender.java:onNext(492)) - s0@group-6905249F38B1->s1-InstallSnapshotResponseHandler: received a reply s0<-s1#0:FAIL-t2,IN_PROGRESS
2022-10-13 10:40:54,161 [grpc-default-executor-0] INFO  server.GrpcLogAppender (GrpcLogAppender.java:onNext(510)) - s0@group-6905249F38B1->s1-InstallSnapshotResponseHandler: InstallSnapshot in progress.
2022-10-13 10:40:54,162 [s1-server-thread1] INFO  server.RaftServer$Division (RaftServerImpl.java:checkInconsistentAppendEntries(1577)) - s1@group-6905249F38B1: Failed appendEntries as snapshot (255) installation is in progress
2022-10-13 10:40:54,162 [s1-server-thread1] INFO  server.RaftServer$Division (RaftServerImpl.java:checkInconsistentAppendEntries(1569)) - s1@group-6905249F38B1: inconsistency entries. Reply:s0<-s1#146:FAIL-t2,INCONSISTENCY,nextIndex=0,followerCommit=-1,matchIndex=-1
2022-10-13 10:40:54,162 [grpc-default-executor-4] INFO  impl.SnapshotInstallationHandler (SnapshotInstallationHandler.java:installSnapshot(89)) - s2@group-6905249F38B1: receive installSnapshot: s0->s2#0-t2,notify:(t:2, i:255)
2022-10-13 10:40:54,162 [grpc-default-executor-4] INFO  impl.SnapshotInstallationHandler (SnapshotInstallationHandler.java:installSnapshot(100)) - s2@group-6905249F38B1: reply installSnapshot: s0<-s2#0:FAIL-t2,IN_PROGRESS
2022-10-13 10:40:54,163 [grpc-default-executor-4] INFO  server.GrpcServerProtocolService (GrpcServerProtocolService.java:onCompleted(143)) - s2: Completed INSTALL_SNAPSHOT, lastRequest: s0->s2#0-t2,notify:(t:2, i:255)
2022-10-13 10:40:54,163 [grpc-default-executor-0] INFO  leader.FollowerInfo (FollowerInfoImpl.java:lambda$new$0(48)) - s0@group-6905249F38B1->s1: nextIndex: updateUnconditionally 0 -> 0
2022-10-13 10:40:54,163 [s0@group-6905249F38B1->s1-GrpcLogAppender-LogAppenderDaemon] INFO  server.GrpcLogAppender (GrpcLogAppender.java:installSnapshot(633)) - s0@group-6905249F38B1->s1-GrpcLogAppender: followerNextIndex = 0 but logStartIndex = 255, notify follower to install snapshot-(t:2, i:255)
2022-10-13 10:40:54,163 [s0@group-6905249F38B1->s1-GrpcLogAppender-LogAppenderDaemon] INFO  server.GrpcLogAppender (GrpcLogAppender.java:installSnapshot(641)) - s0@group-6905249F38B1->s1-GrpcLogAppender: send s0->s1#0-t2,notify:(t:2, i:255)
2022-10-13 10:40:54,163 [grpc-default-executor-4] INFO  server.GrpcLogAppender (GrpcLogAppender.java:onNext(492)) - s0@group-6905249F38B1->s2-InstallSnapshotResponseHandler: received a reply s0<-s2#0:FAIL-t2,IN_PROGRESS
2022-10-13 10:40:54,163 [grpc-default-executor-4] INFO  server.GrpcLogAppender (GrpcLogAppender.java:onNext(510)) - s0@group-6905249F38B1->s2-InstallSnapshotResponseHandler: InstallSnapshot in progress.
2022-10-13 10:40:54,164 [s2-server-thread1] INFO  server.RaftServer$Division (RaftServerImpl.java:checkInconsistentAppendEntries(1577)) - s2@group-6905249F38B1: Failed appendEntries as snapshot (255) installation is in progress
2022-10-13 10:40:54,164 [s2-server-thread1] INFO  server.RaftServer$Division (RaftServerImpl.java:checkInconsistentAppendEntries(1569)) - s2@group-6905249F38B1: inconsistency entries. Reply:s0<-s2#122:FAIL-t2,INCONSISTENCY,nextIndex=0,followerCommit=-1,matchIndex=-1
2022-10-13 10:40:54,164 [grpc-default-executor-0] INFO  impl.SnapshotInstallationHandler (SnapshotInstallationHandler.java:installSnapshot(89)) - s1@group-6905249F38B1: receive installSnapshot: s0->s1#0-t2,notify:(t:2, i:255)
2022-10-13 10:40:54,164 [grpc-default-executor-0] INFO  impl.SnapshotInstallationHandler (SnapshotInstallationHandler.java:installSnapshot(100)) - s1@group-6905249F38B1: reply installSnapshot: s0<-s1#0:FAIL-t2,IN_PROGRESS
2022-10-13 10:40:54,164 [grpc-default-executor-0] INFO  server.GrpcServerProtocolService (GrpcServerProtocolService.java:onCompleted(143)) - s1: Completed INSTALL_SNAPSHOT, lastRequest: s0->s1#0-t2,notify:(t:2, i:255)
2022-10-13 10:40:54,165 [grpc-default-executor-0] INFO  server.GrpcLogAppender (GrpcLogAppender.java:onNext(492)) - s0@group-6905249F38B1->s1-InstallSnapshotResponseHandler: received a reply s0<-s1#0:FAIL-t2,IN_PROGRESS
2022-10-13 10:40:54,165 [grpc-default-executor-0] INFO  server.GrpcLogAppender (GrpcLogAppender.java:onNext(510)) - s0@group-6905249F38B1->s1-InstallSnapshotResponseHandler: InstallSnapshot in progress.
2022-10-13 10:40:54,165 [s1-server-thread1] INFO  server.RaftServer$Division (RaftServerImpl.java:checkInconsistentAppendEntries(1577)) - s1@group-6905249F38B1: Failed appendEntries as snapshot (255) installation is in progress
2022-10-13 10:40:54,165 [s1-server-thread1] INFO  server.RaftServer$Division (RaftServerImpl.java:checkInconsistentAppendEntries(1569)) - s1@group-6905249F38B1: inconsistency entries. Reply:s0<-s1#147:FAIL-t2,INCONSISTENCY,nextIndex=0,followerCommit=-1,matchIndex=-1
2022-10-13 10:40:54,165 [grpc-default-executor-4] INFO  leader.FollowerInfo (FollowerInfoImpl.java:lambda$new$0(48)) - s0@group-6905249F38B1->s2: nextIndex: updateUnconditionally 0 -> 0
2022-10-13 10:40:54,166 [s0@group-6905249F38B1->s2-GrpcLogAppender-LogAppenderDaemon] INFO  server.GrpcLogAppender (GrpcLogAppender.java:installSnapshot(633)) - s0@group-6905249F38B1->s2-GrpcLogAppender: followerNextIndex = 0 but logStartIndex = 255, notify follower to install snapshot-(t:2, i:255)
2022-10-13 10:40:54,166 [s0@group-6905249F38B1->s2-GrpcLogAppender-LogAppenderDaemon] INFO  server.GrpcLogAppender (GrpcLogAppender.java:installSnapshot(641)) - s0@group-6905249F38B1->s2-GrpcLogAppender: send s0->s2#0-t2,notify:(t:2, i:255)
2022-10-13 10:40:54,166 [grpc-default-executor-0] INFO  leader.FollowerInfo (FollowerInfoImpl.java:lambda$new$0(48)) - s0@group-6905249F38B1->s1: nextIndex: updateUnconditionally 0 -> 0
2022-10-13 10:40:54,166 [s0@group-6905249F38B1->s1-GrpcLogAppender-LogAppenderDaemon] INFO  server.GrpcLogAppender (GrpcLogAppender.java:installSnapshot(633)) - s0@group-6905249F38B1->s1-GrpcLogAppender: followerNextIndex = 0 but logStartIndex = 255, notify follower to install snapshot-(t:2, i:255)
2022-10-13 10:40:54,166 [s0@group-6905249F38B1->s1-GrpcLogAppender-LogAppenderDaemon] INFO  server.GrpcLogAppender (GrpcLogAppender.java:installSnapshot(641)) - s0@group-6905249F38B1->s1-GrpcLogAppender: send s0->s1#0-t2,notify:(t:2, i:255)
2022-10-13 10:40:54,167 [grpc-default-executor-4] INFO  impl.SnapshotInstallationHandler (SnapshotInstallationHandler.java:installSnapshot(89)) - s2@group-6905249F38B1: receive installSnapshot: s0->s2#0-t2,notify:(t:2, i:255)
2022-10-13 10:40:54,167 [grpc-default-executor-4] INFO  impl.SnapshotInstallationHandler (SnapshotInstallationHandler.java:installSnapshot(100)) - s2@group-6905249F38B1: reply installSnapshot: s0<-s2#0:FAIL-t2,IN_PROGRESS
2022-10-13 10:40:54,167 [grpc-default-executor-4] INFO  server.GrpcServerProtocolService (GrpcServerProtocolService.java:onCompleted(143)) - s2: Completed INSTALL_SNAPSHOT, lastRequest: s0->s2#0-t2,notify:(t:2, i:255)
2022-10-13 10:40:54,167 [grpc-default-executor-0] INFO  impl.SnapshotInstallationHandler (SnapshotInstallationHandler.java:installSnapshot(89)) - s1@group-6905249F38B1: receive installSnapshot: s0->s1#0-t2,notify:(t:2, i:255)
2022-10-13 10:40:54,167 [grpc-default-executor-0] INFO  impl.SnapshotInstallationHandler (SnapshotInstallationHandler.java:installSnapshot(100)) - s1@group-6905249F38B1: reply installSnapshot: s0<-s1#0:FAIL-t2,IN_PROGRESS
2022-10-13 10:40:54,167 [grpc-default-executor-0] INFO  server.GrpcServerProtocolService (GrpcServerProtocolService.java:onCompleted(143)) - s1: Completed INSTALL_SNAPSHOT, lastRequest: s0->s1#0-t2,notify:(t:2, i:255)
2022-10-13 10:40:54,167 [grpc-default-executor-4] INFO  server.GrpcLogAppender (GrpcLogAppender.java:onNext(492)) - s0@group-6905249F38B1->s2-InstallSnapshotResponseHandler: received a reply s0<-s2#0:FAIL-t2,IN_PROGRESS
2022-10-13 10:40:54,167 [grpc-default-executor-4] INFO  server.GrpcLogAppender (GrpcLogAppender.java:onNext(510)) - s0@group-6905249F38B1->s2-InstallSnapshotResponseHandler: InstallSnapshot in progress.
2022-10-13 10:40:54,168 [grpc-default-executor-2] INFO  server.GrpcLogAppender (GrpcLogAppender.java:onNext(492)) - s0@group-6905249F38B1->s1-InstallSnapshotResponseHandler: received a reply s0<-s1#0:FAIL-t2,IN_PROGRESS
2022-10-13 10:40:54,168 [grpc-default-executor-2] INFO  server.GrpcLogAppender (GrpcLogAppender.java:onNext(510)) - s0@group-6905249F38B1->s1-InstallSnapshotResponseHandler: InstallSnapshot in progress.
2022-10-13 10:40:54,168 [s2-server-thread1] INFO  server.RaftServer$Division (RaftServerImpl.java:checkInconsistentAppendEntries(1577)) - s2@group-6905249F38B1: Failed appendEntries as snapshot (255) installation is in progress
2022-10-13 10:40:54,168 [s2-server-thread1] INFO  server.RaftServer$Division (RaftServerImpl.java:checkInconsistentAppendEntries(1569)) - s2@group-6905249F38B1: inconsistency entries. Reply:s0<-s2#123:FAIL-t2,INCONSISTENCY,nextIndex=0,followerCommit=-1,matchIndex=-1
2022-10-13 10:40:54,168 [s1-server-thread1] INFO  server.RaftServer$Division (RaftServerImpl.java:checkInconsistentAppendEntries(1577)) - s1@group-6905249F38B1: Failed appendEntries as snapshot (255) installation is in progress
2022-10-13 10:40:54,168 [s1-server-thread1] INFO  server.RaftServer$Division (RaftServerImpl.java:checkInconsistentAppendEntries(1569)) - s1@group-6905249F38B1: inconsistency entries. Reply:s0<-s1#148:FAIL-t2,INCONSISTENCY,nextIndex=0,followerCommit=-1,matchIndex=-1
2022-10-13 10:40:54,168 [grpc-default-executor-4] INFO  leader.FollowerInfo (FollowerInfoImpl.java:lambda$new$0(48)) - s0@group-6905249F38B1->s2: nextIndex: updateUnconditionally 0 -> 0
2022-10-13 10:40:54,169 [s0@group-6905249F38B1->s2-GrpcLogAppender-LogAppenderDaemon] INFO  server.GrpcLogAppender (GrpcLogAppender.java:installSnapshot(633)) - s0@group-6905249F38B1->s2-GrpcLogAppender: followerNextIndex = 0 but logStartIndex = 255, notify follower to install snapshot-(t:2, i:255)
2022-10-13 10:40:54,169 [s0@group-6905249F38B1->s2-GrpcLogAppender-LogAppenderDaemon] INFO  server.GrpcLogAppender (GrpcLogAppender.java:installSnapshot(641)) - s0@group-6905249F38B1->s2-GrpcLogAppender: send s0->s2#0-t2,notify:(t:2, i:255)
2022-10-13 10:40:54,169 [grpc-default-executor-4] INFO  leader.FollowerInfo (FollowerInfoImpl.java:lambda$new$0(48)) - s0@group-6905249F38B1->s1: nextIndex: updateUnconditionally 0 -> 0
2022-10-13 10:40:54,169 [s0@group-6905249F38B1->s1-GrpcLogAppender-LogAppenderDaemon] INFO  server.GrpcLogAppender (GrpcLogAppender.java:installSnapshot(633)) - s0@group-6905249F38B1->s1-GrpcLogAppender: followerNextIndex = 0 but logStartIndex = 255, notify follower to install snapshot-(t:2, i:255)
2022-10-13 10:40:54,169 [s0@group-6905249F38B1->s1-GrpcLogAppender-LogAppenderDaemon] INFO  server.GrpcLogAppender (GrpcLogAppender.java:installSnapshot(641)) - s0@group-6905249F38B1->s1-GrpcLogAppender: send s0->s1#0-t2,notify:(t:2, i:255)
2022-10-13 10:40:54,170 [grpc-default-executor-4] INFO  impl.SnapshotInstallationHandler (SnapshotInstallationHandler.java:installSnapshot(89)) - s2@group-6905249F38B1: receive installSnapshot: s0->s2#0-t2,notify:(t:2, i:255)
2022-10-13 10:40:54,170 [grpc-default-executor-4] INFO  impl.SnapshotInstallationHandler (SnapshotInstallationHandler.java:installSnapshot(100)) - s2@group-6905249F38B1: reply installSnapshot: s0<-s2#0:FAIL-t2,IN_PROGRESS
2022-10-13 10:40:54,170 [grpc-default-executor-4] INFO  server.GrpcServerProtocolService (GrpcServerProtocolService.java:onCompleted(143)) - s2: Completed INSTALL_SNAPSHOT, lastRequest: s0->s2#0-t2,notify:(t:2, i:255)
2022-10-13 10:40:54,170 [grpc-default-executor-2] INFO  impl.SnapshotInstallationHandler (SnapshotInstallationHandler.java:installSnapshot(89)) - s1@group-6905249F38B1: receive installSnapshot: s0->s1#0-t2,notify:(t:2, i:255)
2022-10-13 10:40:54,170 [grpc-default-executor-2] INFO  impl.SnapshotInstallationHandler (SnapshotInstallationHandler.java:installSnapshot(100)) - s1@group-6905249F38B1: reply installSnapshot: s0<-s1#0:FAIL-t2,IN_PROGRESS
2022-10-13 10:40:54,170 [grpc-default-executor-2] INFO  server.GrpcServerProtocolService (GrpcServerProtocolService.java:onCompleted(143)) - s1: Completed INSTALL_SNAPSHOT, lastRequest: s0->s1#0-t2,notify:(t:2, i:255)
2022-10-13 10:40:54,171 [grpc-default-executor-4] INFO  server.GrpcLogAppender (GrpcLogAppender.java:onNext(492)) - s0@group-6905249F38B1->s2-InstallSnapshotResponseHandler: received a reply s0<-s2#0:FAIL-t2,IN_PROGRESS
2022-10-13 10:40:54,171 [grpc-default-executor-4] INFO  server.GrpcLogAppender (GrpcLogAppender.java:onNext(510)) - s0@group-6905249F38B1->s2-InstallSnapshotResponseHandler: InstallSnapshot in progress.
2022-10-13 10:40:54,171 [grpc-default-executor-4] INFO  server.GrpcLogAppender (GrpcLogAppender.java:onNext(492)) - s0@group-6905249F38B1->s1-InstallSnapshotResponseHandler: received a reply s0<-s1#0:FAIL-t2,IN_PROGRESS
2022-10-13 10:40:54,171 [grpc-default-executor-4] INFO  server.GrpcLogAppender (GrpcLogAppender.java:onNext(510)) - s0@group-6905249F38B1->s1-InstallSnapshotResponseHandler: InstallSnapshot in progress.
2022-10-13 10:40:54,172 [s2-server-thread1] INFO  server.RaftServer$Division (RaftServerImpl.java:checkInconsistentAppendEntries(1577)) - s2@group-6905249F38B1: Failed appendEntries as snapshot (255) installation is in progress
2022-10-13 10:40:54,172 [s2-server-thread1] INFO  server.RaftServer$Division (RaftServerImpl.java:checkInconsistentAppendEntries(1569)) - s2@group-6905249F38B1: inconsistency entries. Reply:s0<-s2#124:FAIL-t2,INCONSISTENCY,nextIndex=0,followerCommit=-1,matchIndex=-1
2022-10-13 10:40:54,172 [s1-server-thread1] INFO  server.RaftServer$Division (RaftServerImpl.java:checkInconsistentAppendEntries(1577)) - s1@group-6905249F38B1: Failed appendEntries as snapshot (255) installation is in progress
2022-10-13 10:40:54,172 [s1-server-thread1] INFO  server.RaftServer$Division (RaftServerImpl.java:checkInconsistentAppendEntries(1569)) - s1@group-6905249F38B1: inconsistency entries. Reply:s0<-s1#149:FAIL-t2,INCONSISTENCY,nextIndex=0,followerCommit=-1,matchIndex=-1
2022-10-13 10:40:54,172 [grpc-default-executor-2] INFO  leader.FollowerInfo (FollowerInfoImpl.java:lambda$new$0(48)) - s0@group-6905249F38B1->s2: nextIndex: updateUnconditionally 0 -> 0
2022-10-13 10:40:54,172 [s0@group-6905249F38B1->s2-GrpcLogAppender-LogAppenderDaemon] INFO  server.GrpcLogAppender (GrpcLogAppender.java:installSnapshot(633)) - s0@group-6905249F38B1->s2-GrpcLogAppender: followerNextIndex = 0 but logStartIndex = 255, notify follower to install snapshot-(t:2, i:255)
2022-10-13 10:40:54,172 [s0@group-6905249F38B1->s2-GrpcLogAppender-LogAppenderDaemon] INFO  server.GrpcLogAppender (GrpcLogAppender.java:installSnapshot(641)) - s0@group-6905249F38B1->s2-GrpcLogAppender: send s0->s2#0-t2,notify:(t:2, i:255)
2022-10-13 10:40:54,173 [grpc-default-executor-4] INFO  leader.FollowerInfo (FollowerInfoImpl.java:lambda$new$0(48)) - s0@group-6905249F38B1->s1: nextIndex: updateUnconditionally 0 -> 0
2022-10-13 10:40:54,173 [s0@group-6905249F38B1->s1-GrpcLogAppender-LogAppenderDaemon] INFO  server.GrpcLogAppender (GrpcLogAppender.java:installSnapshot(633)) - s0@group-6905249F38B1->s1-GrpcLogAppender: followerNextIndex = 0 but logStartIndex = 255, notify follower to install snapshot-(t:2, i:255)
2022-10-13 10:40:54,173 [s0@group-6905249F38B1->s1-GrpcLogAppender-LogAppenderDaemon] INFO  server.GrpcLogAppender (GrpcLogAppender.java:installSnapshot(641)) - s0@group-6905249F38B1->s1-GrpcLogAppender: send s0->s1#0-t2,notify:(t:2, i:255)
2022-10-13 10:40:54,174 [grpc-default-executor-2] INFO  impl.SnapshotInstallationHandler (SnapshotInstallationHandler.java:installSnapshot(89)) - s2@group-6905249F38B1: receive installSnapshot: s0->s2#0-t2,notify:(t:2, i:255)
2022-10-13 10:40:54,174 [grpc-default-executor-2] INFO  impl.SnapshotInstallationHandler (SnapshotInstallationHandler.java:installSnapshot(100)) - s2@group-6905249F38B1: reply installSnapshot: s0<-s2#0:FAIL-t2,IN_PROGRESS
2022-10-13 10:40:54,174 [grpc-default-executor-2] INFO  server.GrpcServerProtocolService (GrpcServerProtocolService.java:onCompleted(143)) - s2: Completed INSTALL_SNAPSHOT, lastRequest: s0->s2#0-t2,notify:(t:2, i:255)
2022-10-13 10:40:54,174 [grpc-default-executor-4] INFO  impl.SnapshotInstallationHandler (SnapshotInstallationHandler.java:installSnapshot(89)) - s1@group-6905249F38B1: receive installSnapshot: s0->s1#0-t2,notify:(t:2, i:255)
2022-10-13 10:40:54,174 [grpc-default-executor-4] INFO  impl.SnapshotInstallationHandler (SnapshotInstallationHandler.java:installSnapshot(100)) - s1@group-6905249F38B1: reply installSnapshot: s0<-s1#0:FAIL-t2,IN_PROGRESS
2022-10-13 10:40:54,174 [grpc-default-executor-0] INFO  server.GrpcLogAppender (GrpcLogAppender.java:onNext(492)) - s0@group-6905249F38B1->s2-InstallSnapshotResponseHandler: received a reply s0<-s2#0:FAIL-t2,IN_PROGRESS
2022-10-13 10:40:54,174 [grpc-default-executor-0] INFO  server.GrpcLogAppender (GrpcLogAppender.java:onNext(510)) - s0@group-6905249F38B1->s2-InstallSnapshotResponseHandler: InstallSnapshot in progress.
2022-10-13 10:40:54,174 [grpc-default-executor-4] INFO  server.GrpcServerProtocolService (GrpcServerProtocolService.java:onCompleted(143)) - s1: Completed INSTALL_SNAPSHOT, lastRequest: s0->s1#0-t2,notify:(t:2, i:255)
2022-10-13 10:40:54,175 [grpc-default-executor-4] INFO  server.GrpcLogAppender (GrpcLogAppender.java:onNext(492)) - s0@group-6905249F38B1->s1-InstallSnapshotResponseHandler: received a reply s0<-s1#0:FAIL-t2,IN_PROGRESS
2022-10-13 10:40:54,175 [grpc-default-executor-4] INFO  server.GrpcLogAppender (GrpcLogAppender.java:onNext(510)) - s0@group-6905249F38B1->s1-InstallSnapshotResponseHandler: InstallSnapshot in progress.
2022-10-13 10:40:54,175 [s2-server-thread1] INFO  server.RaftServer$Division (RaftServerImpl.java:checkInconsistentAppendEntries(1577)) - s2@group-6905249F38B1: Failed appendEntries as snapshot (255) installation is in progress
2022-10-13 10:40:54,175 [s2-server-thread1] INFO  server.RaftServer$Division (RaftServerImpl.java:checkInconsistentAppendEntries(1569)) - s2@group-6905249F38B1: inconsistency entries. Reply:s0<-s2#125:FAIL-t2,INCONSISTENCY,nextIndex=0,followerCommit=-1,matchIndex=-1
2022-10-13 10:40:54,175 [s1-server-thread1] INFO  server.RaftServer$Division (RaftServerImpl.java:checkInconsistentAppendEntries(1577)) - s1@group-6905249F38B1: Failed appendEntries as snapshot (255) installation is in progress
2022-10-13 10:40:54,175 [s1-server-thread1] INFO  server.RaftServer$Division (RaftServerImpl.java:checkInconsistentAppendEntries(1569)) - s1@group-6905249F38B1: inconsistency entries. Reply:s0<-s1#150:FAIL-t2,INCONSISTENCY,nextIndex=0,followerCommit=-1,matchIndex=-1
2022-10-13 10:40:54,175 [grpc-default-executor-0] INFO  leader.FollowerInfo (FollowerInfoImpl.java:lambda$new$0(48)) - s0@group-6905249F38B1->s2: nextIndex: updateUnconditionally 0 -> 0
2022-10-13 10:40:54,176 [s0@group-6905249F38B1->s2-GrpcLogAppender-LogAppenderDaemon] INFO  server.GrpcLogAppender (GrpcLogAppender.java:installSnapshot(633)) - s0@group-6905249F38B1->s2-GrpcLogAppender: followerNextIndex = 0 but logStartIndex = 255, notify follower to install snapshot-(t:2, i:255)
2022-10-13 10:40:54,176 [grpc-default-executor-0] INFO  leader.FollowerInfo (FollowerInfoImpl.java:lambda$new$0(48)) - s0@group-6905249F38B1->s1: nextIndex: updateUnconditionally 0 -> 0
2022-10-13 10:40:54,176 [s0@group-6905249F38B1->s2-GrpcLogAppender-LogAppenderDaemon] INFO  server.GrpcLogAppender (GrpcLogAppender.java:installSnapshot(641)) - s0@group-6905249F38B1->s2-GrpcLogAppender: send s0->s2#0-t2,notify:(t:2, i:255)
2022-10-13 10:40:54,176 [s0@group-6905249F38B1->s1-GrpcLogAppender-LogAppenderDaemon] INFO  server.GrpcLogAppender (GrpcLogAppender.java:installSnapshot(633)) - s0@group-6905249F38B1->s1-GrpcLogAppender: followerNextIndex = 0 but logStartIndex = 255, notify follower to install snapshot-(t:2, i:255)
2022-10-13 10:40:54,176 [s0@group-6905249F38B1->s1-GrpcLogAppender-LogAppenderDaemon] INFO  server.GrpcLogAppender (GrpcLogAppender.java:installSnapshot(641)) - s0@group-6905249F38B1->s1-GrpcLogAppender: send s0->s1#0-t2,notify:(t:2, i:255)
2022-10-13 10:40:54,177 [grpc-default-executor-0] INFO  impl.SnapshotInstallationHandler (SnapshotInstallationHandler.java:installSnapshot(89)) - s1@group-6905249F38B1: receive installSnapshot: s0->s1#0-t2,notify:(t:2, i:255)
2022-10-13 10:40:54,177 [grpc-default-executor-0] INFO  impl.SnapshotInstallationHandler (SnapshotInstallationHandler.java:installSnapshot(100)) - s1@group-6905249F38B1: reply installSnapshot: s0<-s1#0:FAIL-t2,IN_PROGRESS
2022-10-13 10:40:54,177 [grpc-default-executor-0] INFO  server.GrpcServerProtocolService (GrpcServerProtocolService.java:onCompleted(143)) - s1: Completed INSTALL_SNAPSHOT, lastRequest: s0->s1#0-t2,notify:(t:2, i:255)
2022-10-13 10:40:54,177 [grpc-default-executor-0] INFO  impl.SnapshotInstallationHandler (SnapshotInstallationHandler.java:installSnapshot(89)) - s2@group-6905249F38B1: receive installSnapshot: s0->s2#0-t2,notify:(t:2, i:255)
2022-10-13 10:40:54,177 [grpc-default-executor-0] INFO  impl.SnapshotInstallationHandler (SnapshotInstallationHandler.java:installSnapshot(100)) - s2@group-6905249F38B1: reply installSnapshot: s0<-s2#0:FAIL-t2,IN_PROGRESS
2022-10-13 10:40:54,178 [grpc-default-executor-0] INFO  server.GrpcServerProtocolService (GrpcServerProtocolService.java:onCompleted(143)) - s2: Completed INSTALL_SNAPSHOT, lastRequest: s0->s2#0-t2,notify:(t:2, i:255)
2022-10-13 10:40:54,178 [grpc-default-executor-0] INFO  server.GrpcLogAppender (GrpcLogAppender.java:onNext(492)) - s0@group-6905249F38B1->s1-InstallSnapshotResponseHandler: received a reply s0<-s1#0:FAIL-t2,IN_PROGRESS
2022-10-13 10:40:54,178 [grpc-default-executor-0] INFO  server.GrpcLogAppender (GrpcLogAppender.java:onNext(510)) - s0@group-6905249F38B1->s1-InstallSnapshotResponseHandler: InstallSnapshot in progress.
2022-10-13 10:40:54,179 [s1-server-thread1] INFO  server.RaftServer$Division (RaftServerImpl.java:checkInconsistentAppendEntries(1577)) - s1@group-6905249F38B1: Failed appendEntries as snapshot (255) installation is in progress
2022-10-13 10:40:54,179 [s1-server-thread1] INFO  server.RaftServer$Division (RaftServerImpl.java:checkInconsistentAppendEntries(1569)) - s1@group-6905249F38B1: inconsistency entries. Reply:s0<-s1#151:FAIL-t2,INCONSISTENCY,nextIndex=0,followerCommit=-1,matchIndex=-1
2022-10-13 10:40:54,179 [grpc-default-executor-0] INFO  server.GrpcLogAppender (GrpcLogAppender.java:onNext(492)) - s0@group-6905249F38B1->s2-InstallSnapshotResponseHandler: received a reply s0<-s2#0:FAIL-t2,IN_PROGRESS
2022-10-13 10:40:54,179 [grpc-default-executor-0] INFO  server.GrpcLogAppender (GrpcLogAppender.java:onNext(510)) - s0@group-6905249F38B1->s2-InstallSnapshotResponseHandler: InstallSnapshot in progress.
2022-10-13 10:40:54,180 [grpc-default-executor-4] INFO  leader.FollowerInfo (FollowerInfoImpl.java:lambda$new$0(48)) - s0@group-6905249F38B1->s1: nextIndex: updateUnconditionally 0 -> 0
2022-10-13 10:40:54,180 [s0@group-6905249F38B1->s1-GrpcLogAppender-LogAppenderDaemon] INFO  server.GrpcLogAppender (GrpcLogAppender.java:installSnapshot(633)) - s0@group-6905249F38B1->s1-GrpcLogAppender: followerNextIndex = 0 but logStartIndex = 255, notify follower to install snapshot-(t:2, i:255)
2022-10-13 10:40:54,180 [s0@group-6905249F38B1->s1-GrpcLogAppender-LogAppenderDaemon] INFO  server.GrpcLogAppender (GrpcLogAppender.java:installSnapshot(641)) - s0@group-6905249F38B1->s1-GrpcLogAppender: send s0->s1#0-t2,notify:(t:2, i:255)
2022-10-13 10:40:54,180 [s2-server-thread1] INFO  server.RaftServer$Division (RaftServerImpl.java:checkInconsistentAppendEntries(1577)) - s2@group-6905249F38B1: Failed appendEntries as snapshot (255) installation is in progress
2022-10-13 10:40:54,180 [s2-server-thread1] INFO  server.RaftServer$Division (RaftServerImpl.java:checkInconsistentAppendEntries(1569)) - s2@group-6905249F38B1: inconsistency entries. Reply:s0<-s2#126:FAIL-t2,INCONSISTENCY,nextIndex=0,followerCommit=-1,matchIndex=-1
2022-10-13 10:40:54,181 [grpc-default-executor-0] INFO  leader.FollowerInfo (FollowerInfoImpl.java:lambda$new$0(48)) - s0@group-6905249F38B1->s2: nextIndex: updateUnconditionally 0 -> 0
2022-10-13 10:40:54,181 [s0@group-6905249F38B1->s2-GrpcLogAppender-LogAppenderDaemon] INFO  server.GrpcLogAppender (GrpcLogAppender.java:installSnapshot(633)) - s0@group-6905249F38B1->s2-GrpcLogAppender: followerNextIndex = 0 but logStartIndex = 255, notify follower to install snapshot-(t:2, i:255)
2022-10-13 10:40:54,181 [grpc-default-executor-4] INFO  impl.SnapshotInstallationHandler (SnapshotInstallationHandler.java:installSnapshot(89)) - s1@group-6905249F38B1: receive installSnapshot: s0->s1#0-t2,notify:(t:2, i:255)
2022-10-13 10:40:54,181 [s0@group-6905249F38B1->s2-GrpcLogAppender-LogAppenderDaemon] INFO  server.GrpcLogAppender (GrpcLogAppender.java:installSnapshot(641)) - s0@group-6905249F38B1->s2-GrpcLogAppender: send s0->s2#0-t2,notify:(t:2, i:255)
2022-10-13 10:40:54,181 [grpc-default-executor-4] INFO  impl.SnapshotInstallationHandler (SnapshotInstallationHandler.java:installSnapshot(100)) - s1@group-6905249F38B1: reply installSnapshot: s0<-s1#0:FAIL-t2,IN_PROGRESS
2022-10-13 10:40:54,181 [grpc-default-executor-4] INFO  server.GrpcServerProtocolService (GrpcServerProtocolService.java:onCompleted(143)) - s1: Completed INSTALL_SNAPSHOT, lastRequest: s0->s1#0-t2,notify:(t:2, i:255)
2022-10-13 10:40:54,182 [grpc-default-executor-0] INFO  server.GrpcLogAppender (GrpcLogAppender.java:onNext(492)) - s0@group-6905249F38B1->s1-InstallSnapshotResponseHandler: received a reply s0<-s1#0:FAIL-t2,IN_PROGRESS
2022-10-13 10:40:54,182 [grpc-default-executor-0] INFO  server.GrpcLogAppender (GrpcLogAppender.java:onNext(510)) - s0@group-6905249F38B1->s1-InstallSnapshotResponseHandler: InstallSnapshot in progress.
2022-10-13 10:40:54,182 [grpc-default-executor-4] INFO  impl.SnapshotInstallationHandler (SnapshotInstallationHandler.java:installSnapshot(89)) - s2@group-6905249F38B1: receive installSnapshot: s0->s2#0-t2,notify:(t:2, i:255)
2022-10-13 10:40:54,182 [grpc-default-executor-4] INFO  impl.SnapshotInstallationHandler (SnapshotInstallationHandler.java:installSnapshot(100)) - s2@group-6905249F38B1: reply installSnapshot: s0<-s2#0:FAIL-t2,IN_PROGRESS
2022-10-13 10:40:54,182 [grpc-default-executor-4] INFO  server.GrpcServerProtocolService (GrpcServerProtocolService.java:onCompleted(143)) - s2: Completed INSTALL_SNAPSHOT, lastRequest: s0->s2#0-t2,notify:(t:2, i:255)
2022-10-13 10:40:54,182 [grpc-default-executor-0] INFO  server.GrpcLogAppender (GrpcLogAppender.java:onNext(492)) - s0@group-6905249F38B1->s2-InstallSnapshotResponseHandler: received a reply s0<-s2#0:FAIL-t2,IN_PROGRESS
2022-10-13 10:40:54,182 [s1-server-thread1] INFO  server.RaftServer$Division (RaftServerImpl.java:checkInconsistentAppendEntries(1577)) - s1@group-6905249F38B1: Failed appendEntries as snapshot (255) installation is in progress
2022-10-13 10:40:54,182 [s1-server-thread1] INFO  server.RaftServer$Division (RaftServerImpl.java:checkInconsistentAppendEntries(1569)) - s1@group-6905249F38B1: inconsistency entries. Reply:s0<-s1#152:FAIL-t2,INCONSISTENCY,nextIndex=0,followerCommit=-1,matchIndex=-1
2022-10-13 10:40:54,182 [grpc-default-executor-0] INFO  server.GrpcLogAppender (GrpcLogAppender.java:onNext(510)) - s0@group-6905249F38B1->s2-InstallSnapshotResponseHandler: InstallSnapshot in progress.
2022-10-13 10:40:54,183 [grpc-default-executor-4] INFO  leader.FollowerInfo (FollowerInfoImpl.java:lambda$new$0(48)) - s0@group-6905249F38B1->s1: nextIndex: updateUnconditionally 0 -> 0
2022-10-13 10:40:54,183 [s0@group-6905249F38B1->s1-GrpcLogAppender-LogAppenderDaemon] INFO  server.GrpcLogAppender (GrpcLogAppender.java:installSnapshot(633)) - s0@group-6905249F38B1->s1-GrpcLogAppender: followerNextIndex = 0 but logStartIndex = 255, notify follower to install snapshot-(t:2, i:255)
2022-10-13 10:40:54,183 [s0@group-6905249F38B1->s1-GrpcLogAppender-LogAppenderDaemon] INFO  server.GrpcLogAppender (GrpcLogAppender.java:installSnapshot(641)) - s0@group-6905249F38B1->s1-GrpcLogAppender: send s0->s1#0-t2,notify:(t:2, i:255)
2022-10-13 10:40:54,183 [s2-server-thread1] INFO  server.RaftServer$Division (RaftServerImpl.java:checkInconsistentAppendEntries(1577)) - s2@group-6905249F38B1: Failed appendEntries as snapshot (255) installation is in progress
2022-10-13 10:40:54,184 [s2-server-thread1] INFO  server.RaftServer$Division (RaftServerImpl.java:checkInconsistentAppendEntries(1569)) - s2@group-6905249F38B1: inconsistency entries. Reply:s0<-s2#127:FAIL-t2,INCONSISTENCY,nextIndex=0,followerCommit=-1,matchIndex=-1
2022-10-13 10:40:54,184 [grpc-default-executor-0] INFO  leader.FollowerInfo (FollowerInfoImpl.java:lambda$new$0(48)) - s0@group-6905249F38B1->s2: nextIndex: updateUnconditionally 0 -> 0
2022-10-13 10:40:54,184 [s0@group-6905249F38B1->s2-GrpcLogAppender-LogAppenderDaemon] INFO  server.GrpcLogAppender (GrpcLogAppender.java:installSnapshot(633)) - s0@group-6905249F38B1->s2-GrpcLogAppender: followerNextIndex = 0 but logStartIndex = 255, notify follower to install snapshot-(t:2, i:255)
2022-10-13 10:40:54,184 [grpc-default-executor-4] INFO  impl.SnapshotInstallationHandler (SnapshotInstallationHandler.java:installSnapshot(89)) - s1@group-6905249F38B1: receive installSnapshot: s0->s1#0-t2,notify:(t:2, i:255)
2022-10-13 10:40:54,184 [s0@group-6905249F38B1->s2-GrpcLogAppender-LogAppenderDaemon] INFO  server.GrpcLogAppender (GrpcLogAppender.java:installSnapshot(641)) - s0@group-6905249F38B1->s2-GrpcLogAppender: send s0->s2#0-t2,notify:(t:2, i:255)
2022-10-13 10:40:54,184 [grpc-default-executor-4] INFO  impl.SnapshotInstallationHandler (SnapshotInstallationHandler.java:installSnapshot(100)) - s1@group-6905249F38B1: reply installSnapshot: s0<-s1#0:FAIL-t2,IN_PROGRESS
2022-10-13 10:40:54,184 [grpc-default-executor-4] INFO  server.GrpcServerProtocolService (GrpcServerProtocolService.java:onCompleted(143)) - s1: Completed INSTALL_SNAPSHOT, lastRequest: s0->s1#0-t2,notify:(t:2, i:255)
2022-10-13 10:40:54,185 [grpc-default-executor-0] INFO  server.GrpcLogAppender (GrpcLogAppender.java:onNext(492)) - s0@group-6905249F38B1->s1-InstallSnapshotResponseHandler: received a reply s0<-s1#0:FAIL-t2,IN_PROGRESS
2022-10-13 10:40:54,185 [grpc-default-executor-0] INFO  server.GrpcLogAppender (GrpcLogAppender.java:onNext(510)) - s0@group-6905249F38B1->s1-InstallSnapshotResponseHandler: InstallSnapshot in progress.
2022-10-13 10:40:54,185 [grpc-default-executor-4] INFO  impl.SnapshotInstallationHandler (SnapshotInstallationHandler.java:installSnapshot(89)) - s2@group-6905249F38B1: receive installSnapshot: s0->s2#0-t2,notify:(t:2, i:255)
2022-10-13 10:40:54,185 [grpc-default-executor-4] INFO  impl.SnapshotInstallationHandler (SnapshotInstallationHandler.java:installSnapshot(100)) - s2@group-6905249F38B1: reply installSnapshot: s0<-s2#0:FAIL-t2,IN_PROGRESS
2022-10-13 10:40:54,185 [grpc-default-executor-4] INFO  server.GrpcServerProtocolService (GrpcServerProtocolService.java:onCompleted(143)) - s2: Completed INSTALL_SNAPSHOT, lastRequest: s0->s2#0-t2,notify:(t:2, i:255)
2022-10-13 10:40:54,186 [grpc-default-executor-0] INFO  server.GrpcLogAppender (GrpcLogAppender.java:onNext(492)) - s0@group-6905249F38B1->s2-InstallSnapshotResponseHandler: received a reply s0<-s2#0:FAIL-t2,IN_PROGRESS
2022-10-13 10:40:54,186 [grpc-default-executor-0] INFO  server.GrpcLogAppender (GrpcLogAppender.java:onNext(510)) - s0@group-6905249F38B1->s2-InstallSnapshotResponseHandler: InstallSnapshot in progress.
2022-10-13 10:40:54,186 [s1-server-thread1] INFO  server.RaftServer$Division (RaftServerImpl.java:checkInconsistentAppendEntries(1577)) - s1@group-6905249F38B1: Failed appendEntries as snapshot (255) installation is in progress
2022-10-13 10:40:54,186 [s1-server-thread1] INFO  server.RaftServer$Division (RaftServerImpl.java:checkInconsistentAppendEntries(1569)) - s1@group-6905249F38B1: inconsistency entries. Reply:s0<-s1#153:FAIL-t2,INCONSISTENCY,nextIndex=0,followerCommit=-1,matchIndex=-1
2022-10-13 10:40:54,186 [grpc-default-executor-0] INFO  leader.FollowerInfo (FollowerInfoImpl.java:lambda$new$0(48)) - s0@group-6905249F38B1->s1: nextIndex: updateUnconditionally 0 -> 0
2022-10-13 10:40:54,186 [s0@group-6905249F38B1->s1-GrpcLogAppender-LogAppenderDaemon] INFO  server.GrpcLogAppender (GrpcLogAppender.java:installSnapshot(633)) - s0@group-6905249F38B1->s1-GrpcLogAppender: followerNextIndex = 0 but logStartIndex = 255, notify follower to install snapshot-(t:2, i:255)
2022-10-13 10:40:54,186 [s0@group-6905249F38B1->s1-GrpcLogAppender-LogAppenderDaemon] INFO  server.GrpcLogAppender (GrpcLogAppender.java:installSnapshot(641)) - s0@group-6905249F38B1->s1-GrpcLogAppender: send s0->s1#0-t2,notify:(t:2, i:255)
2022-10-13 10:40:54,187 [s2-server-thread1] INFO  server.RaftServer$Division (RaftServerImpl.java:checkInconsistentAppendEntries(1577)) - s2@group-6905249F38B1: Failed appendEntries as snapshot (255) installation is in progress
2022-10-13 10:40:54,187 [s2-server-thread1] INFO  server.RaftServer$Division (RaftServerImpl.java:checkInconsistentAppendEntries(1569)) - s2@group-6905249F38B1: inconsistency entries. Reply:s0<-s2#128:FAIL-t2,INCONSISTENCY,nextIndex=0,followerCommit=-1,matchIndex=-1
2022-10-13 10:40:54,187 [grpc-default-executor-4] INFO  leader.FollowerInfo (FollowerInfoImpl.java:lambda$new$0(48)) - s0@group-6905249F38B1->s2: nextIndex: updateUnconditionally 0 -> 0
2022-10-13 10:40:54,187 [s0@group-6905249F38B1->s2-GrpcLogAppender-LogAppenderDaemon] INFO  server.GrpcLogAppender (GrpcLogAppender.java:installSnapshot(633)) - s0@group-6905249F38B1->s2-GrpcLogAppender: followerNextIndex = 0 but logStartIndex = 255, notify follower to install snapshot-(t:2, i:255)
2022-10-13 10:40:54,188 [s0@group-6905249F38B1->s2-GrpcLogAppender-LogAppenderDaemon] INFO  server.GrpcLogAppender (GrpcLogAppender.java:installSnapshot(641)) - s0@group-6905249F38B1->s2-GrpcLogAppender: send s0->s2#0-t2,notify:(t:2, i:255)
2022-10-13 10:40:54,188 [grpc-default-executor-0] INFO  impl.SnapshotInstallationHandler (SnapshotInstallationHandler.java:installSnapshot(89)) - s1@group-6905249F38B1: receive installSnapshot: s0->s1#0-t2,notify:(t:2, i:255)
2022-10-13 10:40:54,188 [grpc-default-executor-0] INFO  impl.SnapshotInstallationHandler (SnapshotInstallationHandler.java:installSnapshot(100)) - s1@group-6905249F38B1: reply installSnapshot: s0<-s1#0:FAIL-t2,IN_PROGRESS
2022-10-13 10:40:54,188 [grpc-default-executor-0] INFO  server.GrpcServerProtocolService (GrpcServerProtocolService.java:onCompleted(143)) - s1: Completed INSTALL_SNAPSHOT, lastRequest: s0->s1#0-t2,notify:(t:2, i:255)
2022-10-13 10:40:54,188 [grpc-default-executor-2] INFO  impl.SnapshotInstallationHandler (SnapshotInstallationHandler.java:installSnapshot(89)) - s2@group-6905249F38B1: receive installSnapshot: s0->s2#0-t2,notify:(t:2, i:255)
2022-10-13 10:40:54,188 [grpc-default-executor-0] INFO  server.GrpcLogAppender (GrpcLogAppender.java:onNext(492)) - s0@group-6905249F38B1->s1-InstallSnapshotResponseHandler: received a reply s0<-s1#0:FAIL-t2,IN_PROGRESS
2022-10-13 10:40:54,188 [grpc-default-executor-0] INFO  server.GrpcLogAppender (GrpcLogAppender.java:onNext(510)) - s0@group-6905249F38B1->s1-InstallSnapshotResponseHandler: InstallSnapshot in progress.
2022-10-13 10:40:54,188 [grpc-default-executor-2] INFO  impl.SnapshotInstallationHandler (SnapshotInstallationHandler.java:installSnapshot(100)) - s2@group-6905249F38B1: reply installSnapshot: s0<-s2#0:FAIL-t2,IN_PROGRESS
2022-10-13 10:40:54,189 [grpc-default-executor-2] INFO  server.GrpcServerProtocolService (GrpcServerProtocolService.java:onCompleted(143)) - s2: Completed INSTALL_SNAPSHOT, lastRequest: s0->s2#0-t2,notify:(t:2, i:255)
2022-10-13 10:40:54,189 [s1-server-thread1] INFO  server.RaftServer$Division (RaftServerImpl.java:checkInconsistentAppendEntries(1577)) - s1@group-6905249F38B1: Failed appendEntries as snapshot (255) installation is in progress
2022-10-13 10:40:54,189 [s1-server-thread1] INFO  server.RaftServer$Division (RaftServerImpl.java:checkInconsistentAppendEntries(1569)) - s1@group-6905249F38B1: inconsistency entries. Reply:s0<-s1#154:FAIL-t2,INCONSISTENCY,nextIndex=0,followerCommit=-1,matchIndex=-1
2022-10-13 10:40:54,190 [grpc-default-executor-2] INFO  server.GrpcLogAppender (GrpcLogAppender.java:onNext(492)) - s0@group-6905249F38B1->s2-InstallSnapshotResponseHandler: received a reply s0<-s2#0:FAIL-t2,IN_PROGRESS
2022-10-13 10:40:54,190 [grpc-default-executor-2] INFO  server.GrpcLogAppender (GrpcLogAppender.java:onNext(510)) - s0@group-6905249F38B1->s2-InstallSnapshotResponseHandler: InstallSnapshot in progress.
2022-10-13 10:40:54,190 [s2-server-thread1] INFO  server.RaftServer$Division (RaftServerImpl.java:checkInconsistentAppendEntries(1577)) - s2@group-6905249F38B1: Failed appendEntries as snapshot (255) installation is in progress
2022-10-13 10:40:54,190 [s2-server-thread1] INFO  server.RaftServer$Division (RaftServerImpl.java:checkInconsistentAppendEntries(1569)) - s2@group-6905249F38B1: inconsistency entries. Reply:s0<-s2#129:FAIL-t2,INCONSISTENCY,nextIndex=0,followerCommit=-1,matchIndex=-1
2022-10-13 10:40:54,191 [grpc-default-executor-2] INFO  leader.FollowerInfo (FollowerInfoImpl.java:lambda$new$0(48)) - s0@group-6905249F38B1->s1: nextIndex: updateUnconditionally 0 -> 0
2022-10-13 10:40:54,191 [s0@group-6905249F38B1->s1-GrpcLogAppender-LogAppenderDaemon] INFO  server.GrpcLogAppender (GrpcLogAppender.java:installSnapshot(633)) - s0@group-6905249F38B1->s1-GrpcLogAppender: followerNextIndex = 0 but logStartIndex = 255, notify follower to install snapshot-(t:2, i:255)
2022-10-13 10:40:54,191 [grpc-default-executor-2] INFO  leader.FollowerInfo (FollowerInfoImpl.java:lambda$new$0(48)) - s0@group-6905249F38B1->s2: nextIndex: updateUnconditionally 0 -> 0
2022-10-13 10:40:54,191 [s0@group-6905249F38B1->s1-GrpcLogAppender-LogAppenderDaemon] INFO  server.GrpcLogAppender (GrpcLogAppender.java:installSnapshot(641)) - s0@group-6905249F38B1->s1-GrpcLogAppender: send s0->s1#0-t2,notify:(t:2, i:255)
2022-10-13 10:40:54,191 [s0@group-6905249F38B1->s2-GrpcLogAppender-LogAppenderDaemon] INFO  server.GrpcLogAppender (GrpcLogAppender.java:installSnapshot(633)) - s0@group-6905249F38B1->s2-GrpcLogAppender: followerNextIndex = 0 but logStartIndex = 255, notify follower to install snapshot-(t:2, i:255)
2022-10-13 10:40:54,191 [s0@group-6905249F38B1->s2-GrpcLogAppender-LogAppenderDaemon] INFO  server.GrpcLogAppender (GrpcLogAppender.java:installSnapshot(641)) - s0@group-6905249F38B1->s2-GrpcLogAppender: send s0->s2#0-t2,notify:(t:2, i:255)
2022-10-13 10:40:54,192 [grpc-default-executor-2] INFO  impl.SnapshotInstallationHandler (SnapshotInstallationHandler.java:installSnapshot(89)) - s1@group-6905249F38B1: receive installSnapshot: s0->s1#0-t2,notify:(t:2, i:255)
2022-10-13 10:40:54,192 [grpc-default-executor-2] INFO  impl.SnapshotInstallationHandler (SnapshotInstallationHandler.java:installSnapshot(100)) - s1@group-6905249F38B1: reply installSnapshot: s0<-s1#0:FAIL-t2,IN_PROGRESS
2022-10-13 10:40:54,192 [grpc-default-executor-2] INFO  server.GrpcServerProtocolService (GrpcServerProtocolService.java:onCompleted(143)) - s1: Completed INSTALL_SNAPSHOT, lastRequest: s0->s1#0-t2,notify:(t:2, i:255)
2022-10-13 10:40:54,192 [grpc-default-executor-2] INFO  impl.SnapshotInstallationHandler (SnapshotInstallationHandler.java:installSnapshot(89)) - s2@group-6905249F38B1: receive installSnapshot: s0->s2#0-t2,notify:(t:2, i:255)
2022-10-13 10:40:54,193 [grpc-default-executor-2] INFO  impl.SnapshotInstallationHandler (SnapshotInstallationHandler.java:installSnapshot(100)) - s2@group-6905249F38B1: reply installSnapshot: s0<-s2#0:FAIL-t2,IN_PROGRESS
2022-10-13 10:40:54,193 [grpc-default-executor-2] INFO  server.GrpcServerProtocolService (GrpcServerProtocolService.java:onCompleted(143)) - s2: Completed INSTALL_SNAPSHOT, lastRequest: s0->s2#0-t2,notify:(t:2, i:255)
2022-10-13 10:40:54,193 [grpc-default-executor-2] INFO  server.GrpcLogAppender (GrpcLogAppender.java:onNext(492)) - s0@group-6905249F38B1->s1-InstallSnapshotResponseHandler: received a reply s0<-s1#0:FAIL-t2,IN_PROGRESS
2022-10-13 10:40:54,193 [grpc-default-executor-2] INFO  server.GrpcLogAppender (GrpcLogAppender.java:onNext(510)) - s0@group-6905249F38B1->s1-InstallSnapshotResponseHandler: InstallSnapshot in progress.
2022-10-13 10:40:54,194 [s1-server-thread1] INFO  server.RaftServer$Division (RaftServerImpl.java:checkInconsistentAppendEntries(1577)) - s1@group-6905249F38B1: Failed appendEntries as snapshot (255) installation is in progress
2022-10-13 10:40:54,194 [s1-server-thread1] INFO  server.RaftServer$Division (RaftServerImpl.java:checkInconsistentAppendEntries(1569)) - s1@group-6905249F38B1: inconsistency entries. Reply:s0<-s1#155:FAIL-t2,INCONSISTENCY,nextIndex=0,followerCommit=-1,matchIndex=-1
2022-10-13 10:40:54,194 [grpc-default-executor-2] INFO  server.GrpcLogAppender (GrpcLogAppender.java:onNext(492)) - s0@group-6905249F38B1->s2-InstallSnapshotResponseHandler: received a reply s0<-s2#0:FAIL-t2,IN_PROGRESS
2022-10-13 10:40:54,194 [grpc-default-executor-2] INFO  server.GrpcLogAppender (GrpcLogAppender.java:onNext(510)) - s0@group-6905249F38B1->s2-InstallSnapshotResponseHandler: InstallSnapshot in progress.
2022-10-13 10:40:54,194 [s2-server-thread1] INFO  server.RaftServer$Division (RaftServerImpl.java:checkInconsistentAppendEntries(1577)) - s2@group-6905249F38B1: Failed appendEntries as snapshot (255) installation is in progress
2022-10-13 10:40:54,195 [s2-server-thread1] INFO  server.RaftServer$Division (RaftServerImpl.java:checkInconsistentAppendEntries(1569)) - s2@group-6905249F38B1: inconsistency entries. Reply:s0<-s2#130:FAIL-t2,INCONSISTENCY,nextIndex=0,followerCommit=-1,matchIndex=-1
2022-10-13 10:40:54,195 [grpc-default-executor-2] INFO  leader.FollowerInfo (FollowerInfoImpl.java:lambda$new$0(48)) - s0@group-6905249F38B1->s1: nextIndex: updateUnconditionally 0 -> 0
2022-10-13 10:40:54,195 [s0@group-6905249F38B1->s1-GrpcLogAppender-LogAppenderDaemon] INFO  server.GrpcLogAppender (GrpcLogAppender.java:installSnapshot(633)) - s0@group-6905249F38B1->s1-GrpcLogAppender: followerNextIndex = 0 but logStartIndex = 255, notify follower to install snapshot-(t:2, i:255)
2022-10-13 10:40:54,195 [s0@group-6905249F38B1->s1-GrpcLogAppender-LogAppenderDaemon] INFO  server.GrpcLogAppender (GrpcLogAppender.java:installSnapshot(641)) - s0@group-6905249F38B1->s1-GrpcLogAppender: send s0->s1#0-t2,notify:(t:2, i:255)
2022-10-13 10:40:54,195 [grpc-default-executor-2] INFO  leader.FollowerInfo (FollowerInfoImpl.java:lambda$new$0(48)) - s0@group-6905249F38B1->s2: nextIndex: updateUnconditionally 0 -> 0
2022-10-13 10:40:54,195 [s0@group-6905249F38B1->s2-GrpcLogAppender-LogAppenderDaemon] INFO  server.GrpcLogAppender (GrpcLogAppender.java:installSnapshot(633)) - s0@group-6905249F38B1->s2-GrpcLogAppender: followerNextIndex = 0 but logStartIndex = 255, notify follower to install snapshot-(t:2, i:255)
2022-10-13 10:40:54,195 [s0@group-6905249F38B1->s2-GrpcLogAppender-LogAppenderDaemon] INFO  server.GrpcLogAppender (GrpcLogAppender.java:installSnapshot(641)) - s0@group-6905249F38B1->s2-GrpcLogAppender: send s0->s2#0-t2,notify:(t:2, i:255)
2022-10-13 10:40:54,196 [grpc-default-executor-2] INFO  impl.SnapshotInstallationHandler (SnapshotInstallationHandler.java:installSnapshot(89)) - s1@group-6905249F38B1: receive installSnapshot: s0->s1#0-t2,notify:(t:2, i:255)
2022-10-13 10:40:54,196 [grpc-default-executor-2] INFO  impl.SnapshotInstallationHandler (SnapshotInstallationHandler.java:installSnapshot(100)) - s1@group-6905249F38B1: reply installSnapshot: s0<-s1#0:FAIL-t2,IN_PROGRESS
2022-10-13 10:40:54,196 [grpc-default-executor-2] INFO  server.GrpcServerProtocolService (GrpcServerProtocolService.java:onCompleted(143)) - s1: Completed INSTALL_SNAPSHOT, lastRequest: s0->s1#0-t2,notify:(t:2, i:255)
2022-10-13 10:40:54,197 [grpc-default-executor-2] INFO  impl.SnapshotInstallationHandler (SnapshotInstallationHandler.java:installSnapshot(89)) - s2@group-6905249F38B1: receive installSnapshot: s0->s2#0-t2,notify:(t:2, i:255)
2022-10-13 10:40:54,197 [grpc-default-executor-2] INFO  impl.SnapshotInstallationHandler (SnapshotInstallationHandler.java:installSnapshot(100)) - s2@group-6905249F38B1: reply installSnapshot: s0<-s2#0:FAIL-t2,IN_PROGRESS
2022-10-13 10:40:54,197 [grpc-default-executor-2] INFO  server.GrpcServerProtocolService (GrpcServerProtocolService.java:onCompleted(143)) - s2: Completed INSTALL_SNAPSHOT, lastRequest: s0->s2#0-t2,notify:(t:2, i:255)
2022-10-13 10:40:54,197 [grpc-default-executor-2] INFO  server.GrpcLogAppender (GrpcLogAppender.java:onNext(492)) - s0@group-6905249F38B1->s1-InstallSnapshotResponseHandler: received a reply s0<-s1#0:FAIL-t2,IN_PROGRESS
2022-10-13 10:40:54,197 [grpc-default-executor-2] INFO  server.GrpcLogAppender (GrpcLogAppender.java:onNext(510)) - s0@group-6905249F38B1->s1-InstallSnapshotResponseHandler: InstallSnapshot in progress.
2022-10-13 10:40:54,198 [s1-server-thread1] INFO  server.RaftServer$Division (RaftServerImpl.java:checkInconsistentAppendEntries(1577)) - s1@group-6905249F38B1: Failed appendEntries as snapshot (255) installation is in progress
2022-10-13 10:40:54,198 [s1-server-thread1] INFO  server.RaftServer$Division (RaftServerImpl.java:checkInconsistentAppendEntries(1569)) - s1@group-6905249F38B1: inconsistency entries. Reply:s0<-s1#156:FAIL-t2,INCONSISTENCY,nextIndex=0,followerCommit=-1,matchIndex=-1
2022-10-13 10:40:54,198 [grpc-default-executor-2] INFO  server.GrpcLogAppender (GrpcLogAppender.java:onNext(492)) - s0@group-6905249F38B1->s2-InstallSnapshotResponseHandler: received a reply s0<-s2#0:FAIL-t2,IN_PROGRESS
2022-10-13 10:40:54,198 [grpc-default-executor-2] INFO  server.GrpcLogAppender (GrpcLogAppender.java:onNext(510)) - s0@group-6905249F38B1->s2-InstallSnapshotResponseHandler: InstallSnapshot in progress.
2022-10-13 10:40:54,200 [s2-server-thread1] INFO  server.RaftServer$Division (RaftServerImpl.java:checkInconsistentAppendEntries(1577)) - s2@group-6905249F38B1: Failed appendEntries as snapshot (255) installation is in progress
2022-10-13 10:40:54,200 [s2-server-thread1] INFO  server.RaftServer$Division (RaftServerImpl.java:checkInconsistentAppendEntries(1569)) - s2@group-6905249F38B1: inconsistency entries. Reply:s0<-s2#131:FAIL-t2,INCONSISTENCY,nextIndex=0,followerCommit=-1,matchIndex=-1
2022-10-13 10:40:54,200 [grpc-default-executor-2] INFO  leader.FollowerInfo (FollowerInfoImpl.java:lambda$new$0(48)) - s0@group-6905249F38B1->s1: nextIndex: updateUnconditionally 0 -> 0
2022-10-13 10:40:54,200 [s0@group-6905249F38B1->s1-GrpcLogAppender-LogAppenderDaemon] INFO  server.GrpcLogAppender (GrpcLogAppender.java:installSnapshot(633)) - s0@group-6905249F38B1->s1-GrpcLogAppender: followerNextIndex = 0 but logStartIndex = 255, notify follower to install snapshot-(t:2, i:255)
2022-10-13 10:40:54,201 [s0@group-6905249F38B1->s1-GrpcLogAppender-LogAppenderDaemon] INFO  server.GrpcLogAppender (GrpcLogAppender.java:installSnapshot(641)) - s0@group-6905249F38B1->s1-GrpcLogAppender: send s0->s1#0-t2,notify:(t:2, i:255)
2022-10-13 10:40:54,201 [grpc-default-executor-2] INFO  leader.FollowerInfo (FollowerInfoImpl.java:lambda$new$0(48)) - s0@group-6905249F38B1->s2: nextIndex: updateUnconditionally 0 -> 0
2022-10-13 10:40:54,201 [s0@group-6905249F38B1->s2-GrpcLogAppender-LogAppenderDaemon] INFO  server.GrpcLogAppender (GrpcLogAppender.java:installSnapshot(633)) - s0@group-6905249F38B1->s2-GrpcLogAppender: followerNextIndex = 0 but logStartIndex = 255, notify follower to install snapshot-(t:2, i:255)
2022-10-13 10:40:54,201 [s0@group-6905249F38B1->s2-GrpcLogAppender-LogAppenderDaemon] INFO  server.GrpcLogAppender (GrpcLogAppender.java:installSnapshot(641)) - s0@group-6905249F38B1->s2-GrpcLogAppender: send s0->s2#0-t2,notify:(t:2, i:255)
2022-10-13 10:40:54,204 [grpc-default-executor-2] INFO  impl.SnapshotInstallationHandler (SnapshotInstallationHandler.java:installSnapshot(89)) - s1@group-6905249F38B1: receive installSnapshot: s0->s1#0-t2,notify:(t:2, i:255)
2022-10-13 10:40:54,204 [grpc-default-executor-2] INFO  impl.SnapshotInstallationHandler (SnapshotInstallationHandler.java:installSnapshot(100)) - s1@group-6905249F38B1: reply installSnapshot: s0<-s1#0:FAIL-t2,IN_PROGRESS
2022-10-13 10:40:54,204 [grpc-default-executor-2] INFO  server.GrpcServerProtocolService (GrpcServerProtocolService.java:onCompleted(143)) - s1: Completed INSTALL_SNAPSHOT, lastRequest: s0->s1#0-t2,notify:(t:2, i:255)
2022-10-13 10:40:54,204 [grpc-default-executor-2] INFO  impl.SnapshotInstallationHandler (SnapshotInstallationHandler.java:installSnapshot(89)) - s2@group-6905249F38B1: receive installSnapshot: s0->s2#0-t2,notify:(t:2, i:255)
2022-10-13 10:40:54,205 [grpc-default-executor-2] INFO  impl.SnapshotInstallationHandler (SnapshotInstallationHandler.java:installSnapshot(100)) - s2@group-6905249F38B1: reply installSnapshot: s0<-s2#0:FAIL-t2,IN_PROGRESS
2022-10-13 10:40:54,205 [grpc-default-executor-2] INFO  server.GrpcServerProtocolService (GrpcServerProtocolService.java:onCompleted(143)) - s2: Completed INSTALL_SNAPSHOT, lastRequest: s0->s2#0-t2,notify:(t:2, i:255)
2022-10-13 10:40:54,205 [grpc-default-executor-2] INFO  server.GrpcLogAppender (GrpcLogAppender.java:onNext(492)) - s0@group-6905249F38B1->s1-InstallSnapshotResponseHandler: received a reply s0<-s1#0:FAIL-t2,IN_PROGRESS
2022-10-13 10:40:54,205 [grpc-default-executor-2] INFO  server.GrpcLogAppender (GrpcLogAppender.java:onNext(510)) - s0@group-6905249F38B1->s1-InstallSnapshotResponseHandler: InstallSnapshot in progress.
2022-10-13 10:40:54,206 [s1-server-thread1] INFO  server.RaftServer$Division (RaftServerImpl.java:checkInconsistentAppendEntries(1577)) - s1@group-6905249F38B1: Failed appendEntries as snapshot (255) installation is in progress
2022-10-13 10:40:54,206 [s1-server-thread1] INFO  server.RaftServer$Division (RaftServerImpl.java:checkInconsistentAppendEntries(1569)) - s1@group-6905249F38B1: inconsistency entries. Reply:s0<-s1#157:FAIL-t2,INCONSISTENCY,nextIndex=0,followerCommit=-1,matchIndex=-1
2022-10-13 10:40:54,206 [grpc-default-executor-2] INFO  server.GrpcLogAppender (GrpcLogAppender.java:onNext(492)) - s0@group-6905249F38B1->s2-InstallSnapshotResponseHandler: received a reply s0<-s2#0:FAIL-t2,IN_PROGRESS
2022-10-13 10:40:54,206 [grpc-default-executor-2] INFO  server.GrpcLogAppender (GrpcLogAppender.java:onNext(510)) - s0@group-6905249F38B1->s2-InstallSnapshotResponseHandler: InstallSnapshot in progress.
2022-10-13 10:40:54,207 [s2-server-thread1] INFO  server.RaftServer$Division (RaftServerImpl.java:checkInconsistentAppendEntries(1577)) - s2@group-6905249F38B1: Failed appendEntries as snapshot (255) installation is in progress
2022-10-13 10:40:54,207 [s2-server-thread1] INFO  server.RaftServer$Division (RaftServerImpl.java:checkInconsistentAppendEntries(1569)) - s2@group-6905249F38B1: inconsistency entries. Reply:s0<-s2#132:FAIL-t2,INCONSISTENCY,nextIndex=0,followerCommit=-1,matchIndex=-1
2022-10-13 10:40:54,207 [grpc-default-executor-2] INFO  leader.FollowerInfo (FollowerInfoImpl.java:lambda$new$0(48)) - s0@group-6905249F38B1->s1: nextIndex: updateUnconditionally 0 -> 0
2022-10-13 10:40:54,207 [s0@group-6905249F38B1->s1-GrpcLogAppender-LogAppenderDaemon] INFO  server.GrpcLogAppender (GrpcLogAppender.java:installSnapshot(633)) - s0@group-6905249F38B1->s1-GrpcLogAppender: followerNextIndex = 0 but logStartIndex = 255, notify follower to install snapshot-(t:2, i:255)
2022-10-13 10:40:54,207 [s0@group-6905249F38B1->s1-GrpcLogAppender-LogAppenderDaemon] INFO  server.GrpcLogAppender (GrpcLogAppender.java:installSnapshot(641)) - s0@group-6905249F38B1->s1-GrpcLogAppender: send s0->s1#0-t2,notify:(t:2, i:255)
2022-10-13 10:40:54,207 [grpc-default-executor-2] INFO  leader.FollowerInfo (FollowerInfoImpl.java:lambda$new$0(48)) - s0@group-6905249F38B1->s2: nextIndex: updateUnconditionally 0 -> 0
2022-10-13 10:40:54,208 [s0@group-6905249F38B1->s2-GrpcLogAppender-LogAppenderDaemon] INFO  server.GrpcLogAppender (GrpcLogAppender.java:installSnapshot(633)) - s0@group-6905249F38B1->s2-GrpcLogAppender: followerNextIndex = 0 but logStartIndex = 255, notify follower to install snapshot-(t:2, i:255)
2022-10-13 10:40:54,208 [s0@group-6905249F38B1->s2-GrpcLogAppender-LogAppenderDaemon] INFO  server.GrpcLogAppender (GrpcLogAppender.java:installSnapshot(641)) - s0@group-6905249F38B1->s2-GrpcLogAppender: send s0->s2#0-t2,notify:(t:2, i:255)
2022-10-13 10:40:54,209 [grpc-default-executor-2] INFO  impl.SnapshotInstallationHandler (SnapshotInstallationHandler.java:installSnapshot(89)) - s1@group-6905249F38B1: receive installSnapshot: s0->s1#0-t2,notify:(t:2, i:255)
2022-10-13 10:40:54,209 [grpc-default-executor-2] INFO  impl.SnapshotInstallationHandler (SnapshotInstallationHandler.java:installSnapshot(100)) - s1@group-6905249F38B1: reply installSnapshot: s0<-s1#0:FAIL-t2,IN_PROGRESS
2022-10-13 10:40:54,213 [grpc-default-executor-2] INFO  server.GrpcServerProtocolService (GrpcServerProtocolService.java:onCompleted(143)) - s1: Completed INSTALL_SNAPSHOT, lastRequest: s0->s1#0-t2,notify:(t:2, i:255)
2022-10-13 10:40:54,213 [grpc-default-executor-2] INFO  impl.SnapshotInstallationHandler (SnapshotInstallationHandler.java:installSnapshot(89)) - s2@group-6905249F38B1: receive installSnapshot: s0->s2#0-t2,notify:(t:2, i:255)
2022-10-13 10:40:54,213 [grpc-default-executor-2] INFO  impl.SnapshotInstallationHandler (SnapshotInstallationHandler.java:installSnapshot(100)) - s2@group-6905249F38B1: reply installSnapshot: s0<-s2#0:FAIL-t2,IN_PROGRESS
2022-10-13 10:40:54,214 [grpc-default-executor-2] INFO  server.GrpcServerProtocolService (GrpcServerProtocolService.java:onCompleted(143)) - s2: Completed INSTALL_SNAPSHOT, lastRequest: s0->s2#0-t2,notify:(t:2, i:255)
2022-10-13 10:40:54,214 [grpc-default-executor-2] INFO  server.GrpcLogAppender (GrpcLogAppender.java:onNext(492)) - s0@group-6905249F38B1->s1-InstallSnapshotResponseHandler: received a reply s0<-s1#0:FAIL-t2,IN_PROGRESS
2022-10-13 10:40:54,214 [grpc-default-executor-2] INFO  server.GrpcLogAppender (GrpcLogAppender.java:onNext(510)) - s0@group-6905249F38B1->s1-InstallSnapshotResponseHandler: InstallSnapshot in progress.
2022-10-13 10:40:54,215 [grpc-default-executor-4] INFO  server.GrpcLogAppender (GrpcLogAppender.java:onNext(492)) - s0@group-6905249F38B1->s2-InstallSnapshotResponseHandler: received a reply s0<-s2#0:FAIL-t2,IN_PROGRESS
2022-10-13 10:40:54,215 [grpc-default-executor-4] INFO  server.GrpcLogAppender (GrpcLogAppender.java:onNext(510)) - s0@group-6905249F38B1->s2-InstallSnapshotResponseHandler: InstallSnapshot in progress.
2022-10-13 10:40:54,215 [s1-server-thread1] INFO  server.RaftServer$Division (RaftServerImpl.java:checkInconsistentAppendEntries(1577)) - s1@group-6905249F38B1: Failed appendEntries as snapshot (255) installation is in progress
2022-10-13 10:40:54,215 [s1-server-thread1] INFO  server.RaftServer$Division (RaftServerImpl.java:checkInconsistentAppendEntries(1569)) - s1@group-6905249F38B1: inconsistency entries. Reply:s0<-s1#158:FAIL-t2,INCONSISTENCY,nextIndex=0,followerCommit=-1,matchIndex=-1
2022-10-13 10:40:54,215 [grpc-default-executor-2] INFO  leader.FollowerInfo (FollowerInfoImpl.java:lambda$new$0(48)) - s0@group-6905249F38B1->s1: nextIndex: updateUnconditionally 0 -> 0
2022-10-13 10:40:54,215 [s2-server-thread1] INFO  server.RaftServer$Division (RaftServerImpl.java:checkInconsistentAppendEntries(1577)) - s2@group-6905249F38B1: Failed appendEntries as snapshot (255) installation is in progress
2022-10-13 10:40:54,215 [s2-server-thread1] INFO  server.RaftServer$Division (RaftServerImpl.java:checkInconsistentAppendEntries(1569)) - s2@group-6905249F38B1: inconsistency entries. Reply:s0<-s2#133:FAIL-t2,INCONSISTENCY,nextIndex=0,followerCommit=-1,matchIndex=-1
2022-10-13 10:40:54,216 [s0@group-6905249F38B1->s1-GrpcLogAppender-LogAppenderDaemon] INFO  server.GrpcLogAppender (GrpcLogAppender.java:installSnapshot(633)) - s0@group-6905249F38B1->s1-GrpcLogAppender: followerNextIndex = 0 but logStartIndex = 255, notify follower to install snapshot-(t:2, i:255)
2022-10-13 10:40:54,216 [s0@group-6905249F38B1->s1-GrpcLogAppender-LogAppenderDaemon] INFO  server.GrpcLogAppender (GrpcLogAppender.java:installSnapshot(641)) - s0@group-6905249F38B1->s1-GrpcLogAppender: send s0->s1#0-t2,notify:(t:2, i:255)
2022-10-13 10:40:54,223 [grpc-default-executor-4] INFO  leader.FollowerInfo (FollowerInfoImpl.java:lambda$new$0(48)) - s0@group-6905249F38B1->s2: nextIndex: updateUnconditionally 0 -> 0
2022-10-13 10:40:54,223 [s0@group-6905249F38B1->s2-GrpcLogAppender-LogAppenderDaemon] INFO  server.GrpcLogAppender (GrpcLogAppender.java:installSnapshot(633)) - s0@group-6905249F38B1->s2-GrpcLogAppender: followerNextIndex = 0 but logStartIndex = 255, notify follower to install snapshot-(t:2, i:255)
2022-10-13 10:40:54,223 [s0@group-6905249F38B1->s2-GrpcLogAppender-LogAppenderDaemon] INFO  server.GrpcLogAppender (GrpcLogAppender.java:installSnapshot(641)) - s0@group-6905249F38B1->s2-GrpcLogAppender: send s0->s2#0-t2,notify:(t:2, i:255)
2022-10-13 10:40:54,224 [grpc-default-executor-4] INFO  impl.SnapshotInstallationHandler (SnapshotInstallationHandler.java:installSnapshot(89)) - s1@group-6905249F38B1: receive installSnapshot: s0->s1#0-t2,notify:(t:2, i:255)
2022-10-13 10:40:54,224 [grpc-default-executor-4] INFO  impl.SnapshotInstallationHandler (SnapshotInstallationHandler.java:installSnapshot(100)) - s1@group-6905249F38B1: reply installSnapshot: s0<-s1#0:FAIL-t2,IN_PROGRESS
2022-10-13 10:40:54,224 [grpc-default-executor-2] INFO  impl.SnapshotInstallationHandler (SnapshotInstallationHandler.java:installSnapshot(89)) - s2@group-6905249F38B1: receive installSnapshot: s0->s2#0-t2,notify:(t:2, i:255)
2022-10-13 10:40:54,224 [grpc-default-executor-4] INFO  server.GrpcServerProtocolService (GrpcServerProtocolService.java:onCompleted(143)) - s1: Completed INSTALL_SNAPSHOT, lastRequest: s0->s1#0-t2,notify:(t:2, i:255)
2022-10-13 10:40:54,224 [grpc-default-executor-2] INFO  impl.SnapshotInstallationHandler (SnapshotInstallationHandler.java:installSnapshot(100)) - s2@group-6905249F38B1: reply installSnapshot: s0<-s2#0:FAIL-t2,IN_PROGRESS
2022-10-13 10:40:54,225 [grpc-default-executor-2] INFO  server.GrpcServerProtocolService (GrpcServerProtocolService.java:onCompleted(143)) - s2: Completed INSTALL_SNAPSHOT, lastRequest: s0->s2#0-t2,notify:(t:2, i:255)
2022-10-13 10:40:54,225 [grpc-default-executor-4] INFO  server.GrpcLogAppender (GrpcLogAppender.java:onNext(492)) - s0@group-6905249F38B1->s1-InstallSnapshotResponseHandler: received a reply s0<-s1#0:FAIL-t2,IN_PROGRESS
2022-10-13 10:40:54,225 [grpc-default-executor-4] INFO  server.GrpcLogAppender (GrpcLogAppender.java:onNext(510)) - s0@group-6905249F38B1->s1-InstallSnapshotResponseHandler: InstallSnapshot in progress.
2022-10-13 10:40:54,225 [grpc-default-executor-0] INFO  server.GrpcLogAppender (GrpcLogAppender.java:onNext(492)) - s0@group-6905249F38B1->s2-InstallSnapshotResponseHandler: received a reply s0<-s2#0:FAIL-t2,IN_PROGRESS
2022-10-13 10:40:54,225 [grpc-default-executor-0] INFO  server.GrpcLogAppender (GrpcLogAppender.java:onNext(510)) - s0@group-6905249F38B1->s2-InstallSnapshotResponseHandler: InstallSnapshot in progress.
2022-10-13 10:40:54,226 [s1-server-thread1] INFO  server.RaftServer$Division (RaftServerImpl.java:checkInconsistentAppendEntries(1577)) - s1@group-6905249F38B1: Failed appendEntries as snapshot (255) installation is in progress
2022-10-13 10:40:54,226 [s1-server-thread1] INFO  server.RaftServer$Division (RaftServerImpl.java:checkInconsistentAppendEntries(1569)) - s1@group-6905249F38B1: inconsistency entries. Reply:s0<-s1#159:FAIL-t2,INCONSISTENCY,nextIndex=0,followerCommit=-1,matchIndex=-1
2022-10-13 10:40:54,226 [s2-server-thread1] INFO  server.RaftServer$Division (RaftServerImpl.java:checkInconsistentAppendEntries(1577)) - s2@group-6905249F38B1: Failed appendEntries as snapshot (255) installation is in progress
2022-10-13 10:40:54,226 [s2-server-thread1] INFO  server.RaftServer$Division (RaftServerImpl.java:checkInconsistentAppendEntries(1569)) - s2@group-6905249F38B1: inconsistency entries. Reply:s0<-s2#134:FAIL-t2,INCONSISTENCY,nextIndex=0,followerCommit=-1,matchIndex=-1
2022-10-13 10:40:54,226 [grpc-default-executor-0] INFO  leader.FollowerInfo (FollowerInfoImpl.java:lambda$new$0(48)) - s0@group-6905249F38B1->s1: nextIndex: updateUnconditionally 0 -> 0
2022-10-13 10:40:54,227 [s0@group-6905249F38B1->s1-GrpcLogAppender-LogAppenderDaemon] INFO  server.GrpcLogAppender (GrpcLogAppender.java:installSnapshot(633)) - s0@group-6905249F38B1->s1-GrpcLogAppender: followerNextIndex = 0 but logStartIndex = 255, notify follower to install snapshot-(t:2, i:255)
2022-10-13 10:40:54,227 [s0@group-6905249F38B1->s1-GrpcLogAppender-LogAppenderDaemon] INFO  server.GrpcLogAppender (GrpcLogAppender.java:installSnapshot(641)) - s0@group-6905249F38B1->s1-GrpcLogAppender: send s0->s1#0-t2,notify:(t:2, i:255)
2022-10-13 10:40:54,227 [grpc-default-executor-0] INFO  leader.FollowerInfo (FollowerInfoImpl.java:lambda$new$0(48)) - s0@group-6905249F38B1->s2: nextIndex: updateUnconditionally 0 -> 0
2022-10-13 10:40:54,227 [s0@group-6905249F38B1->s2-GrpcLogAppender-LogAppenderDaemon] INFO  server.GrpcLogAppender (GrpcLogAppender.java:installSnapshot(633)) - s0@group-6905249F38B1->s2-GrpcLogAppender: followerNextIndex = 0 but logStartIndex = 255, notify follower to install snapshot-(t:2, i:255)
2022-10-13 10:40:54,227 [grpc-default-executor-0] INFO  impl.SnapshotInstallationHandler (SnapshotInstallationHandler.java:installSnapshot(89)) - s1@group-6905249F38B1: receive installSnapshot: s0->s1#0-t2,notify:(t:2, i:255)
2022-10-13 10:40:54,227 [s0@group-6905249F38B1->s2-GrpcLogAppender-LogAppenderDaemon] INFO  server.GrpcLogAppender (GrpcLogAppender.java:installSnapshot(641)) - s0@group-6905249F38B1->s2-GrpcLogAppender: send s0->s2#0-t2,notify:(t:2, i:255)
2022-10-13 10:40:54,228 [grpc-default-executor-0] INFO  impl.SnapshotInstallationHandler (SnapshotInstallationHandler.java:installSnapshot(100)) - s1@group-6905249F38B1: reply installSnapshot: s0<-s1#0:FAIL-t2,IN_PROGRESS
2022-10-13 10:40:54,228 [grpc-default-executor-0] INFO  server.GrpcServerProtocolService (GrpcServerProtocolService.java:onCompleted(143)) - s1: Completed INSTALL_SNAPSHOT, lastRequest: s0->s1#0-t2,notify:(t:2, i:255)
2022-10-13 10:40:54,228 [grpc-default-executor-2] INFO  server.GrpcLogAppender (GrpcLogAppender.java:onNext(492)) - s0@group-6905249F38B1->s1-InstallSnapshotResponseHandler: received a reply s0<-s1#0:FAIL-t2,IN_PROGRESS
2022-10-13 10:40:54,228 [grpc-default-executor-2] INFO  server.GrpcLogAppender (GrpcLogAppender.java:onNext(510)) - s0@group-6905249F38B1->s1-InstallSnapshotResponseHandler: InstallSnapshot in progress.
2022-10-13 10:40:54,229 [grpc-default-executor-3] INFO  impl.SnapshotInstallationHandler (SnapshotInstallationHandler.java:installSnapshot(89)) - s2@group-6905249F38B1: receive installSnapshot: s0->s2#0-t2,notify:(t:2, i:255)
2022-10-13 10:40:54,229 [grpc-default-executor-3] INFO  impl.SnapshotInstallationHandler (SnapshotInstallationHandler.java:installSnapshot(100)) - s2@group-6905249F38B1: reply installSnapshot: s0<-s2#0:FAIL-t2,IN_PROGRESS
2022-10-13 10:40:54,229 [grpc-default-executor-3] INFO  server.GrpcServerProtocolService (GrpcServerProtocolService.java:onCompleted(143)) - s2: Completed INSTALL_SNAPSHOT, lastRequest: s0->s2#0-t2,notify:(t:2, i:255)
2022-10-13 10:40:54,229 [s1-server-thread1] INFO  server.RaftServer$Division (RaftServerImpl.java:checkInconsistentAppendEntries(1577)) - s1@group-6905249F38B1: Failed appendEntries as snapshot (255) installation is in progress
2022-10-13 10:40:54,229 [s1-server-thread1] INFO  server.RaftServer$Division (RaftServerImpl.java:checkInconsistentAppendEntries(1569)) - s1@group-6905249F38B1: inconsistency entries. Reply:s0<-s1#160:FAIL-t2,INCONSISTENCY,nextIndex=0,followerCommit=-1,matchIndex=-1
2022-10-13 10:40:54,229 [grpc-default-executor-0] INFO  server.GrpcLogAppender (GrpcLogAppender.java:onNext(492)) - s0@group-6905249F38B1->s2-InstallSnapshotResponseHandler: received a reply s0<-s2#0:FAIL-t2,IN_PROGRESS
2022-10-13 10:40:54,229 [grpc-default-executor-0] INFO  server.GrpcLogAppender (GrpcLogAppender.java:onNext(510)) - s0@group-6905249F38B1->s2-InstallSnapshotResponseHandler: InstallSnapshot in progress.
2022-10-13 10:40:54,230 [grpc-default-executor-3] INFO  leader.FollowerInfo (FollowerInfoImpl.java:lambda$new$0(48)) - s0@group-6905249F38B1->s1: nextIndex: updateUnconditionally 0 -> 0
2022-10-13 10:40:54,230 [s0@group-6905249F38B1->s1-GrpcLogAppender-LogAppenderDaemon] INFO  server.GrpcLogAppender (GrpcLogAppender.java:installSnapshot(633)) - s0@group-6905249F38B1->s1-GrpcLogAppender: followerNextIndex = 0 but logStartIndex = 255, notify follower to install snapshot-(t:2, i:255)
2022-10-13 10:40:54,230 [s0@group-6905249F38B1->s1-GrpcLogAppender-LogAppenderDaemon] INFO  server.GrpcLogAppender (GrpcLogAppender.java:installSnapshot(641)) - s0@group-6905249F38B1->s1-GrpcLogAppender: send s0->s1#0-t2,notify:(t:2, i:255)
2022-10-13 10:40:54,230 [s2-server-thread1] INFO  server.RaftServer$Division (RaftServerImpl.java:checkInconsistentAppendEntries(1577)) - s2@group-6905249F38B1: Failed appendEntries as snapshot (255) installation is in progress
2022-10-13 10:40:54,230 [s2-server-thread1] INFO  server.RaftServer$Division (RaftServerImpl.java:checkInconsistentAppendEntries(1569)) - s2@group-6905249F38B1: inconsistency entries. Reply:s0<-s2#135:FAIL-t2,INCONSISTENCY,nextIndex=0,followerCommit=-1,matchIndex=-1
2022-10-13 10:40:54,231 [grpc-default-executor-0] INFO  leader.FollowerInfo (FollowerInfoImpl.java:lambda$new$0(48)) - s0@group-6905249F38B1->s2: nextIndex: updateUnconditionally 0 -> 0
2022-10-13 10:40:54,231 [s0@group-6905249F38B1->s2-GrpcLogAppender-LogAppenderDaemon] INFO  server.GrpcLogAppender (GrpcLogAppender.java:installSnapshot(633)) - s0@group-6905249F38B1->s2-GrpcLogAppender: followerNextIndex = 0 but logStartIndex = 255, notify follower to install snapshot-(t:2, i:255)
2022-10-13 10:40:54,231 [s0@group-6905249F38B1->s2-GrpcLogAppender-LogAppenderDaemon] INFO  server.GrpcLogAppender (GrpcLogAppender.java:installSnapshot(641)) - s0@group-6905249F38B1->s2-GrpcLogAppender: send s0->s2#0-t2,notify:(t:2, i:255)
2022-10-13 10:40:54,232 [grpc-default-executor-0] INFO  impl.SnapshotInstallationHandler (SnapshotInstallationHandler.java:installSnapshot(89)) - s1@group-6905249F38B1: receive installSnapshot: s0->s1#0-t2,notify:(t:2, i:255)
2022-10-13 10:40:54,232 [grpc-default-executor-0] INFO  impl.SnapshotInstallationHandler (SnapshotInstallationHandler.java:installSnapshot(100)) - s1@group-6905249F38B1: reply installSnapshot: s0<-s1#0:FAIL-t2,IN_PROGRESS
2022-10-13 10:40:54,232 [grpc-default-executor-0] INFO  server.GrpcServerProtocolService (GrpcServerProtocolService.java:onCompleted(143)) - s1: Completed INSTALL_SNAPSHOT, lastRequest: s0->s1#0-t2,notify:(t:2, i:255)
2022-10-13 10:40:54,232 [grpc-default-executor-0] INFO  impl.SnapshotInstallationHandler (SnapshotInstallationHandler.java:installSnapshot(89)) - s2@group-6905249F38B1: receive installSnapshot: s0->s2#0-t2,notify:(t:2, i:255)
2022-10-13 10:40:54,232 [grpc-default-executor-2] INFO  server.GrpcLogAppender (GrpcLogAppender.java:onNext(492)) - s0@group-6905249F38B1->s1-InstallSnapshotResponseHandler: received a reply s0<-s1#0:FAIL-t2,IN_PROGRESS
2022-10-13 10:40:54,233 [grpc-default-executor-2] INFO  server.GrpcLogAppender (GrpcLogAppender.java:onNext(510)) - s0@group-6905249F38B1->s1-InstallSnapshotResponseHandler: InstallSnapshot in progress.
2022-10-13 10:40:54,232 [grpc-default-executor-0] INFO  impl.SnapshotInstallationHandler (SnapshotInstallationHandler.java:installSnapshot(100)) - s2@group-6905249F38B1: reply installSnapshot: s0<-s2#0:FAIL-t2,IN_PROGRESS
2022-10-13 10:40:54,233 [grpc-default-executor-0] INFO  server.GrpcServerProtocolService (GrpcServerProtocolService.java:onCompleted(143)) - s2: Completed INSTALL_SNAPSHOT, lastRequest: s0->s2#0-t2,notify:(t:2, i:255)
2022-10-13 10:40:54,233 [grpc-default-executor-3] INFO  server.GrpcLogAppender (GrpcLogAppender.java:onNext(492)) - s0@group-6905249F38B1->s2-InstallSnapshotResponseHandler: received a reply s0<-s2#0:FAIL-t2,IN_PROGRESS
2022-10-13 10:40:54,233 [grpc-default-executor-3] INFO  server.GrpcLogAppender (GrpcLogAppender.java:onNext(510)) - s0@group-6905249F38B1->s2-InstallSnapshotResponseHandler: InstallSnapshot in progress.
2022-10-13 10:40:54,233 [s1-server-thread1] INFO  server.RaftServer$Division (RaftServerImpl.java:checkInconsistentAppendEntries(1577)) - s1@group-6905249F38B1: Failed appendEntries as snapshot (255) installation is in progress
2022-10-13 10:40:54,233 [s1-server-thread1] INFO  server.RaftServer$Division (RaftServerImpl.java:checkInconsistentAppendEntries(1569)) - s1@group-6905249F38B1: inconsistency entries. Reply:s0<-s1#161:FAIL-t2,INCONSISTENCY,nextIndex=0,followerCommit=-1,matchIndex=-1
2022-10-13 10:40:54,234 [grpc-default-executor-2] INFO  leader.FollowerInfo (FollowerInfoImpl.java:lambda$new$0(48)) - s0@group-6905249F38B1->s1: nextIndex: updateUnconditionally 0 -> 0
2022-10-13 10:40:54,234 [s0@group-6905249F38B1->s1-GrpcLogAppender-LogAppenderDaemon] INFO  server.GrpcLogAppender (GrpcLogAppender.java:installSnapshot(633)) - s0@group-6905249F38B1->s1-GrpcLogAppender: followerNextIndex = 0 but logStartIndex = 255, notify follower to install snapshot-(t:2, i:255)
2022-10-13 10:40:54,234 [s2-server-thread1] INFO  server.RaftServer$Division (RaftServerImpl.java:checkInconsistentAppendEntries(1577)) - s2@group-6905249F38B1: Failed appendEntries as snapshot (255) installation is in progress
2022-10-13 10:40:54,234 [s0@group-6905249F38B1->s1-GrpcLogAppender-LogAppenderDaemon] INFO  server.GrpcLogAppender (GrpcLogAppender.java:installSnapshot(641)) - s0@group-6905249F38B1->s1-GrpcLogAppender: send s0->s1#0-t2,notify:(t:2, i:255)
2022-10-13 10:40:54,234 [s2-server-thread1] INFO  server.RaftServer$Division (RaftServerImpl.java:checkInconsistentAppendEntries(1569)) - s2@group-6905249F38B1: inconsistency entries. Reply:s0<-s2#136:FAIL-t2,INCONSISTENCY,nextIndex=0,followerCommit=-1,matchIndex=-1
2022-10-13 10:40:54,235 [grpc-default-executor-3] INFO  leader.FollowerInfo (FollowerInfoImpl.java:lambda$new$0(48)) - s0@group-6905249F38B1->s2: nextIndex: updateUnconditionally 0 -> 0
2022-10-13 10:40:54,235 [s0@group-6905249F38B1->s2-GrpcLogAppender-LogAppenderDaemon] INFO  server.GrpcLogAppender (GrpcLogAppender.java:installSnapshot(633)) - s0@group-6905249F38B1->s2-GrpcLogAppender: followerNextIndex = 0 but logStartIndex = 255, notify follower to install snapshot-(t:2, i:255)
2022-10-13 10:40:54,235 [s0@group-6905249F38B1->s2-GrpcLogAppender-LogAppenderDaemon] INFO  server.GrpcLogAppender (GrpcLogAppender.java:installSnapshot(641)) - s0@group-6905249F38B1->s2-GrpcLogAppender: send s0->s2#0-t2,notify:(t:2, i:255)
2022-10-13 10:40:54,235 [grpc-default-executor-2] INFO  impl.SnapshotInstallationHandler (SnapshotInstallationHandler.java:installSnapshot(89)) - s1@group-6905249F38B1: receive installSnapshot: s0->s1#0-t2,notify:(t:2, i:255)
2022-10-13 10:40:54,235 [grpc-default-executor-2] INFO  impl.SnapshotInstallationHandler (SnapshotInstallationHandler.java:installSnapshot(100)) - s1@group-6905249F38B1: reply installSnapshot: s0<-s1#0:FAIL-t2,IN_PROGRESS
2022-10-13 10:40:54,235 [grpc-default-executor-2] INFO  server.GrpcServerProtocolService (GrpcServerProtocolService.java:onCompleted(143)) - s1: Completed INSTALL_SNAPSHOT, lastRequest: s0->s1#0-t2,notify:(t:2, i:255)
2022-10-13 10:40:54,236 [grpc-default-executor-2] INFO  server.GrpcLogAppender (GrpcLogAppender.java:onNext(492)) - s0@group-6905249F38B1->s1-InstallSnapshotResponseHandler: received a reply s0<-s1#0:FAIL-t2,IN_PROGRESS
2022-10-13 10:40:54,236 [grpc-default-executor-2] INFO  server.GrpcLogAppender (GrpcLogAppender.java:onNext(510)) - s0@group-6905249F38B1->s1-InstallSnapshotResponseHandler: InstallSnapshot in progress.
2022-10-13 10:40:54,236 [grpc-default-executor-3] INFO  impl.SnapshotInstallationHandler (SnapshotInstallationHandler.java:installSnapshot(89)) - s2@group-6905249F38B1: receive installSnapshot: s0->s2#0-t2,notify:(t:2, i:255)
2022-10-13 10:40:54,236 [grpc-default-executor-3] INFO  impl.SnapshotInstallationHandler (SnapshotInstallationHandler.java:installSnapshot(100)) - s2@group-6905249F38B1: reply installSnapshot: s0<-s2#0:FAIL-t2,IN_PROGRESS
2022-10-13 10:40:54,236 [grpc-default-executor-3] INFO  server.GrpcServerProtocolService (GrpcServerProtocolService.java:onCompleted(143)) - s2: Completed INSTALL_SNAPSHOT, lastRequest: s0->s2#0-t2,notify:(t:2, i:255)
2022-10-13 10:40:54,236 [s1-server-thread1] INFO  server.RaftServer$Division (RaftServerImpl.java:checkInconsistentAppendEntries(1577)) - s1@group-6905249F38B1: Failed appendEntries as snapshot (255) installation is in progress
2022-10-13 10:40:54,237 [s1-server-thread1] INFO  server.RaftServer$Division (RaftServerImpl.java:checkInconsistentAppendEntries(1569)) - s1@group-6905249F38B1: inconsistency entries. Reply:s0<-s1#162:FAIL-t2,INCONSISTENCY,nextIndex=0,followerCommit=-1,matchIndex=-1
2022-10-13 10:40:54,237 [grpc-default-executor-2] INFO  server.GrpcLogAppender (GrpcLogAppender.java:onNext(492)) - s0@group-6905249F38B1->s2-InstallSnapshotResponseHandler: received a reply s0<-s2#0:FAIL-t2,IN_PROGRESS
2022-10-13 10:40:54,237 [grpc-default-executor-2] INFO  server.GrpcLogAppender (GrpcLogAppender.java:onNext(510)) - s0@group-6905249F38B1->s2-InstallSnapshotResponseHandler: InstallSnapshot in progress.
2022-10-13 10:40:54,241 [grpc-default-executor-3] INFO  leader.FollowerInfo (FollowerInfoImpl.java:lambda$new$0(48)) - s0@group-6905249F38B1->s1: nextIndex: updateUnconditionally 0 -> 0
2022-10-13 10:40:54,242 [s0@group-6905249F38B1->s1-GrpcLogAppender-LogAppenderDaemon] INFO  server.GrpcLogAppender (GrpcLogAppender.java:installSnapshot(633)) - s0@group-6905249F38B1->s1-GrpcLogAppender: followerNextIndex = 0 but logStartIndex = 255, notify follower to install snapshot-(t:2, i:255)
2022-10-13 10:40:54,242 [s2-server-thread1] INFO  server.RaftServer$Division (RaftServerImpl.java:checkInconsistentAppendEntries(1577)) - s2@group-6905249F38B1: Failed appendEntries as snapshot (255) installation is in progress
2022-10-13 10:40:54,242 [s0@group-6905249F38B1->s1-GrpcLogAppender-LogAppenderDaemon] INFO  server.GrpcLogAppender (GrpcLogAppender.java:installSnapshot(641)) - s0@group-6905249F38B1->s1-GrpcLogAppender: send s0->s1#0-t2,notify:(t:2, i:255)
2022-10-13 10:40:54,242 [s2-server-thread1] INFO  server.RaftServer$Division (RaftServerImpl.java:checkInconsistentAppendEntries(1569)) - s2@group-6905249F38B1: inconsistency entries. Reply:s0<-s2#137:FAIL-t2,INCONSISTENCY,nextIndex=0,followerCommit=-1,matchIndex=-1
2022-10-13 10:40:54,242 [grpc-default-executor-2] INFO  leader.FollowerInfo (FollowerInfoImpl.java:lambda$new$0(48)) - s0@group-6905249F38B1->s2: nextIndex: updateUnconditionally 0 -> 0
2022-10-13 10:40:54,243 [grpc-default-executor-0] INFO  impl.SnapshotInstallationHandler (SnapshotInstallationHandler.java:installSnapshot(89)) - s1@group-6905249F38B1: receive installSnapshot: s0->s1#0-t2,notify:(t:2, i:255)
2022-10-13 10:40:54,243 [s0@group-6905249F38B1->s2-GrpcLogAppender-LogAppenderDaemon] INFO  server.GrpcLogAppender (GrpcLogAppender.java:installSnapshot(633)) - s0@group-6905249F38B1->s2-GrpcLogAppender: followerNextIndex = 0 but logStartIndex = 255, notify follower to install snapshot-(t:2, i:255)
2022-10-13 10:40:54,243 [grpc-default-executor-0] INFO  impl.SnapshotInstallationHandler (SnapshotInstallationHandler.java:installSnapshot(100)) - s1@group-6905249F38B1: reply installSnapshot: s0<-s1#0:FAIL-t2,IN_PROGRESS
2022-10-13 10:40:54,243 [s0@group-6905249F38B1->s2-GrpcLogAppender-LogAppenderDaemon] INFO  server.GrpcLogAppender (GrpcLogAppender.java:installSnapshot(641)) - s0@group-6905249F38B1->s2-GrpcLogAppender: send s0->s2#0-t2,notify:(t:2, i:255)
2022-10-13 10:40:54,243 [grpc-default-executor-0] INFO  server.GrpcServerProtocolService (GrpcServerProtocolService.java:onCompleted(143)) - s1: Completed INSTALL_SNAPSHOT, lastRequest: s0->s1#0-t2,notify:(t:2, i:255)
2022-10-13 10:40:54,243 [grpc-default-executor-2] INFO  server.GrpcLogAppender (GrpcLogAppender.java:onNext(492)) - s0@group-6905249F38B1->s1-InstallSnapshotResponseHandler: received a reply s0<-s1#0:FAIL-t2,IN_PROGRESS
2022-10-13 10:40:54,243 [grpc-default-executor-2] INFO  server.GrpcLogAppender (GrpcLogAppender.java:onNext(510)) - s0@group-6905249F38B1->s1-InstallSnapshotResponseHandler: InstallSnapshot in progress.
2022-10-13 10:40:54,244 [grpc-default-executor-0] INFO  impl.SnapshotInstallationHandler (SnapshotInstallationHandler.java:installSnapshot(89)) - s2@group-6905249F38B1: receive installSnapshot: s0->s2#0-t2,notify:(t:2, i:255)
2022-10-13 10:40:54,244 [grpc-default-executor-0] INFO  impl.SnapshotInstallationHandler (SnapshotInstallationHandler.java:installSnapshot(100)) - s2@group-6905249F38B1: reply installSnapshot: s0<-s2#0:FAIL-t2,IN_PROGRESS
2022-10-13 10:40:54,244 [grpc-default-executor-0] INFO  server.GrpcServerProtocolService (GrpcServerProtocolService.java:onCompleted(143)) - s2: Completed INSTALL_SNAPSHOT, lastRequest: s0->s2#0-t2,notify:(t:2, i:255)
2022-10-13 10:40:54,244 [grpc-default-executor-4] INFO  server.GrpcLogAppender (GrpcLogAppender.java:onNext(492)) - s0@group-6905249F38B1->s2-InstallSnapshotResponseHandler: received a reply s0<-s2#0:FAIL-t2,IN_PROGRESS
2022-10-13 10:40:54,245 [grpc-default-executor-4] INFO  server.GrpcLogAppender (GrpcLogAppender.java:onNext(510)) - s0@group-6905249F38B1->s2-InstallSnapshotResponseHandler: InstallSnapshot in progress.
2022-10-13 10:40:54,245 [s1-server-thread1] INFO  server.RaftServer$Division (RaftServerImpl.java:checkInconsistentAppendEntries(1577)) - s1@group-6905249F38B1: Failed appendEntries as snapshot (255) installation is in progress
2022-10-13 10:40:54,245 [s1-server-thread1] INFO  server.RaftServer$Division (RaftServerImpl.java:checkInconsistentAppendEntries(1569)) - s1@group-6905249F38B1: inconsistency entries. Reply:s0<-s1#163:FAIL-t2,INCONSISTENCY,nextIndex=0,followerCommit=-1,matchIndex=-1
2022-10-13 10:40:54,245 [s2-server-thread1] INFO  server.RaftServer$Division (RaftServerImpl.java:checkInconsistentAppendEntries(1577)) - s2@group-6905249F38B1: Failed appendEntries as snapshot (255) installation is in progress
2022-10-13 10:40:54,245 [s2-server-thread1] INFO  server.RaftServer$Division (RaftServerImpl.java:checkInconsistentAppendEntries(1569)) - s2@group-6905249F38B1: inconsistency entries. Reply:s0<-s2#138:FAIL-t2,INCONSISTENCY,nextIndex=0,followerCommit=-1,matchIndex=-1
2022-10-13 10:40:54,245 [grpc-default-executor-0] INFO  leader.FollowerInfo (FollowerInfoImpl.java:lambda$new$0(48)) - s0@group-6905249F38B1->s1: nextIndex: updateUnconditionally 0 -> 0
2022-10-13 10:40:54,245 [s0@group-6905249F38B1->s1-GrpcLogAppender-LogAppenderDaemon] INFO  server.GrpcLogAppender (GrpcLogAppender.java:installSnapshot(633)) - s0@group-6905249F38B1->s1-GrpcLogAppender: followerNextIndex = 0 but logStartIndex = 255, notify follower to install snapshot-(t:2, i:255)
2022-10-13 10:40:54,246 [s0@group-6905249F38B1->s1-GrpcLogAppender-LogAppenderDaemon] INFO  server.GrpcLogAppender (GrpcLogAppender.java:installSnapshot(641)) - s0@group-6905249F38B1->s1-GrpcLogAppender: send s0->s1#0-t2,notify:(t:2, i:255)
2022-10-13 10:40:54,246 [grpc-default-executor-0] INFO  leader.FollowerInfo (FollowerInfoImpl.java:lambda$new$0(48)) - s0@group-6905249F38B1->s2: nextIndex: updateUnconditionally 0 -> 0
2022-10-13 10:40:54,246 [s0@group-6905249F38B1->s2-GrpcLogAppender-LogAppenderDaemon] INFO  server.GrpcLogAppender (GrpcLogAppender.java:installSnapshot(633)) - s0@group-6905249F38B1->s2-GrpcLogAppender: followerNextIndex = 0 but logStartIndex = 255, notify follower to install snapshot-(t:2, i:255)
2022-10-13 10:40:54,246 [s0@group-6905249F38B1->s2-GrpcLogAppender-LogAppenderDaemon] INFO  server.GrpcLogAppender (GrpcLogAppender.java:installSnapshot(641)) - s0@group-6905249F38B1->s2-GrpcLogAppender: send s0->s2#0-t2,notify:(t:2, i:255)
2022-10-13 10:40:54,247 [grpc-default-executor-4] INFO  impl.SnapshotInstallationHandler (SnapshotInstallationHandler.java:installSnapshot(89)) - s2@group-6905249F38B1: receive installSnapshot: s0->s2#0-t2,notify:(t:2, i:255)
2022-10-13 10:40:54,247 [grpc-default-executor-3] INFO  impl.SnapshotInstallationHandler (SnapshotInstallationHandler.java:installSnapshot(89)) - s1@group-6905249F38B1: receive installSnapshot: s0->s1#0-t2,notify:(t:2, i:255)
2022-10-13 10:40:54,247 [grpc-default-executor-4] INFO  impl.SnapshotInstallationHandler (SnapshotInstallationHandler.java:installSnapshot(100)) - s2@group-6905249F38B1: reply installSnapshot: s0<-s2#0:FAIL-t2,IN_PROGRESS
2022-10-13 10:40:54,247 [grpc-default-executor-3] INFO  impl.SnapshotInstallationHandler (SnapshotInstallationHandler.java:installSnapshot(100)) - s1@group-6905249F38B1: reply installSnapshot: s0<-s1#0:FAIL-t2,IN_PROGRESS
2022-10-13 10:40:54,247 [grpc-default-executor-4] INFO  server.GrpcServerProtocolService (GrpcServerProtocolService.java:onCompleted(143)) - s2: Completed INSTALL_SNAPSHOT, lastRequest: s0->s2#0-t2,notify:(t:2, i:255)
2022-10-13 10:40:54,247 [grpc-default-executor-3] INFO  server.GrpcServerProtocolService (GrpcServerProtocolService.java:onCompleted(143)) - s1: Completed INSTALL_SNAPSHOT, lastRequest: s0->s1#0-t2,notify:(t:2, i:255)
2022-10-13 10:40:54,247 [grpc-default-executor-2] INFO  server.GrpcLogAppender (GrpcLogAppender.java:onNext(492)) - s0@group-6905249F38B1->s2-InstallSnapshotResponseHandler: received a reply s0<-s2#0:FAIL-t2,IN_PROGRESS
2022-10-13 10:40:54,248 [grpc-default-executor-2] INFO  server.GrpcLogAppender (GrpcLogAppender.java:onNext(510)) - s0@group-6905249F38B1->s2-InstallSnapshotResponseHandler: InstallSnapshot in progress.
2022-10-13 10:40:54,248 [grpc-default-executor-0] INFO  server.GrpcLogAppender (GrpcLogAppender.java:onNext(492)) - s0@group-6905249F38B1->s1-InstallSnapshotResponseHandler: received a reply s0<-s1#0:FAIL-t2,IN_PROGRESS
2022-10-13 10:40:54,248 [grpc-default-executor-0] INFO  server.GrpcLogAppender (GrpcLogAppender.java:onNext(510)) - s0@group-6905249F38B1->s1-InstallSnapshotResponseHandler: InstallSnapshot in progress.
2022-10-13 10:40:54,248 [s1-server-thread1] INFO  server.RaftServer$Division (RaftServerImpl.java:checkInconsistentAppendEntries(1577)) - s1@group-6905249F38B1: Failed appendEntries as snapshot (255) installation is in progress
2022-10-13 10:40:54,248 [s1-server-thread1] INFO  server.RaftServer$Division (RaftServerImpl.java:checkInconsistentAppendEntries(1569)) - s1@group-6905249F38B1: inconsistency entries. Reply:s0<-s1#164:FAIL-t2,INCONSISTENCY,nextIndex=0,followerCommit=-1,matchIndex=-1
2022-10-13 10:40:54,248 [s2-server-thread1] INFO  server.RaftServer$Division (RaftServerImpl.java:checkInconsistentAppendEntries(1577)) - s2@group-6905249F38B1: Failed appendEntries as snapshot (255) installation is in progress
2022-10-13 10:40:54,248 [s2-server-thread1] INFO  server.RaftServer$Division (RaftServerImpl.java:checkInconsistentAppendEntries(1569)) - s2@group-6905249F38B1: inconsistency entries. Reply:s0<-s2#139:FAIL-t2,INCONSISTENCY,nextIndex=0,followerCommit=-1,matchIndex=-1
2022-10-13 10:40:54,249 [grpc-default-executor-4] INFO  leader.FollowerInfo (FollowerInfoImpl.java:lambda$new$0(48)) - s0@group-6905249F38B1->s1: nextIndex: updateUnconditionally 0 -> 0
2022-10-13 10:40:54,249 [grpc-default-executor-0] INFO  leader.FollowerInfo (FollowerInfoImpl.java:lambda$new$0(48)) - s0@group-6905249F38B1->s2: nextIndex: updateUnconditionally 0 -> 0
2022-10-13 10:40:54,249 [s0@group-6905249F38B1->s1-GrpcLogAppender-LogAppenderDaemon] INFO  server.GrpcLogAppender (GrpcLogAppender.java:installSnapshot(633)) - s0@group-6905249F38B1->s1-GrpcLogAppender: followerNextIndex = 0 but logStartIndex = 255, notify follower to install snapshot-(t:2, i:255)
2022-10-13 10:40:54,249 [s0@group-6905249F38B1->s1-GrpcLogAppender-LogAppenderDaemon] INFO  server.GrpcLogAppender (GrpcLogAppender.java:installSnapshot(641)) - s0@group-6905249F38B1->s1-GrpcLogAppender: send s0->s1#0-t2,notify:(t:2, i:255)
2022-10-13 10:40:54,249 [s0@group-6905249F38B1->s2-GrpcLogAppender-LogAppenderDaemon] INFO  server.GrpcLogAppender (GrpcLogAppender.java:installSnapshot(633)) - s0@group-6905249F38B1->s2-GrpcLogAppender: followerNextIndex = 0 but logStartIndex = 255, notify follower to install snapshot-(t:2, i:255)
2022-10-13 10:40:54,249 [s0@group-6905249F38B1->s2-GrpcLogAppender-LogAppenderDaemon] INFO  server.GrpcLogAppender (GrpcLogAppender.java:installSnapshot(641)) - s0@group-6905249F38B1->s2-GrpcLogAppender: send s0->s2#0-t2,notify:(t:2, i:255)
2022-10-13 10:40:54,250 [grpc-default-executor-4] INFO  impl.SnapshotInstallationHandler (SnapshotInstallationHandler.java:installSnapshot(89)) - s2@group-6905249F38B1: receive installSnapshot: s0->s2#0-t2,notify:(t:2, i:255)
2022-10-13 10:40:54,250 [grpc-default-executor-4] INFO  impl.SnapshotInstallationHandler (SnapshotInstallationHandler.java:installSnapshot(100)) - s2@group-6905249F38B1: reply installSnapshot: s0<-s2#0:FAIL-t2,IN_PROGRESS
2022-10-13 10:40:54,250 [grpc-default-executor-4] INFO  server.GrpcServerProtocolService (GrpcServerProtocolService.java:onCompleted(143)) - s2: Completed INSTALL_SNAPSHOT, lastRequest: s0->s2#0-t2,notify:(t:2, i:255)
2022-10-13 10:40:54,250 [grpc-default-executor-2] INFO  impl.SnapshotInstallationHandler (SnapshotInstallationHandler.java:installSnapshot(89)) - s1@group-6905249F38B1: receive installSnapshot: s0->s1#0-t2,notify:(t:2, i:255)
2022-10-13 10:40:54,250 [grpc-default-executor-2] INFO  impl.SnapshotInstallationHandler (SnapshotInstallationHandler.java:installSnapshot(100)) - s1@group-6905249F38B1: reply installSnapshot: s0<-s1#0:FAIL-t2,IN_PROGRESS
2022-10-13 10:40:54,251 [grpc-default-executor-2] INFO  server.GrpcServerProtocolService (GrpcServerProtocolService.java:onCompleted(143)) - s1: Completed INSTALL_SNAPSHOT, lastRequest: s0->s1#0-t2,notify:(t:2, i:255)
2022-10-13 10:40:54,251 [grpc-default-executor-0] INFO  server.GrpcLogAppender (GrpcLogAppender.java:onNext(492)) - s0@group-6905249F38B1->s2-InstallSnapshotResponseHandler: received a reply s0<-s2#0:FAIL-t2,IN_PROGRESS
2022-10-13 10:40:54,251 [grpc-default-executor-0] INFO  server.GrpcLogAppender (GrpcLogAppender.java:onNext(510)) - s0@group-6905249F38B1->s2-InstallSnapshotResponseHandler: InstallSnapshot in progress.
2022-10-13 10:40:54,251 [grpc-default-executor-4] INFO  server.GrpcLogAppender (GrpcLogAppender.java:onNext(492)) - s0@group-6905249F38B1->s1-InstallSnapshotResponseHandler: received a reply s0<-s1#0:FAIL-t2,IN_PROGRESS
2022-10-13 10:40:54,251 [grpc-default-executor-4] INFO  server.GrpcLogAppender (GrpcLogAppender.java:onNext(510)) - s0@group-6905249F38B1->s1-InstallSnapshotResponseHandler: InstallSnapshot in progress.
2022-10-13 10:40:54,251 [s2-server-thread1] INFO  server.RaftServer$Division (RaftServerImpl.java:checkInconsistentAppendEntries(1577)) - s2@group-6905249F38B1: Failed appendEntries as snapshot (255) installation is in progress
2022-10-13 10:40:54,251 [s2-server-thread1] INFO  server.RaftServer$Division (RaftServerImpl.java:checkInconsistentAppendEntries(1569)) - s2@group-6905249F38B1: inconsistency entries. Reply:s0<-s2#140:FAIL-t2,INCONSISTENCY,nextIndex=0,followerCommit=-1,matchIndex=-1
2022-10-13 10:40:54,252 [grpc-default-executor-4] INFO  leader.FollowerInfo (FollowerInfoImpl.java:lambda$new$0(48)) - s0@group-6905249F38B1->s2: nextIndex: updateUnconditionally 0 -> 0
2022-10-13 10:40:54,252 [s1-server-thread1] INFO  server.RaftServer$Division (RaftServerImpl.java:checkInconsistentAppendEntries(1577)) - s1@group-6905249F38B1: Failed appendEntries as snapshot (255) installation is in progress
2022-10-13 10:40:54,252 [s1-server-thread1] INFO  server.RaftServer$Division (RaftServerImpl.java:checkInconsistentAppendEntries(1569)) - s1@group-6905249F38B1: inconsistency entries. Reply:s0<-s1#165:FAIL-t2,INCONSISTENCY,nextIndex=0,followerCommit=-1,matchIndex=-1
2022-10-13 10:40:54,252 [s0@group-6905249F38B1->s2-GrpcLogAppender-LogAppenderDaemon] INFO  server.GrpcLogAppender (GrpcLogAppender.java:installSnapshot(633)) - s0@group-6905249F38B1->s2-GrpcLogAppender: followerNextIndex = 0 but logStartIndex = 255, notify follower to install snapshot-(t:2, i:255)
2022-10-13 10:40:54,252 [s0@group-6905249F38B1->s2-GrpcLogAppender-LogAppenderDaemon] INFO  server.GrpcLogAppender (GrpcLogAppender.java:installSnapshot(641)) - s0@group-6905249F38B1->s2-GrpcLogAppender: send s0->s2#0-t2,notify:(t:2, i:255)
2022-10-13 10:40:54,253 [grpc-default-executor-0] INFO  leader.FollowerInfo (FollowerInfoImpl.java:lambda$new$0(48)) - s0@group-6905249F38B1->s1: nextIndex: updateUnconditionally 0 -> 0
2022-10-13 10:40:54,253 [s0@group-6905249F38B1->s1-GrpcLogAppender-LogAppenderDaemon] INFO  server.GrpcLogAppender (GrpcLogAppender.java:installSnapshot(633)) - s0@group-6905249F38B1->s1-GrpcLogAppender: followerNextIndex = 0 but logStartIndex = 255, notify follower to install snapshot-(t:2, i:255)
2022-10-13 10:40:54,253 [grpc-default-executor-0] INFO  impl.SnapshotInstallationHandler (SnapshotInstallationHandler.java:installSnapshot(89)) - s2@group-6905249F38B1: receive installSnapshot: s0->s2#0-t2,notify:(t:2, i:255)
2022-10-13 10:40:54,253 [s0@group-6905249F38B1->s1-GrpcLogAppender-LogAppenderDaemon] INFO  server.GrpcLogAppender (GrpcLogAppender.java:installSnapshot(641)) - s0@group-6905249F38B1->s1-GrpcLogAppender: send s0->s1#0-t2,notify:(t:2, i:255)
2022-10-13 10:40:54,253 [grpc-default-executor-0] INFO  impl.SnapshotInstallationHandler (SnapshotInstallationHandler.java:installSnapshot(100)) - s2@group-6905249F38B1: reply installSnapshot: s0<-s2#0:FAIL-t2,IN_PROGRESS
2022-10-13 10:40:54,254 [grpc-default-executor-4] INFO  server.GrpcLogAppender (GrpcLogAppender.java:onNext(492)) - s0@group-6905249F38B1->s2-InstallSnapshotResponseHandler: received a reply s0<-s2#0:FAIL-t2,IN_PROGRESS
2022-10-13 10:40:54,254 [grpc-default-executor-4] INFO  server.GrpcLogAppender (GrpcLogAppender.java:onNext(510)) - s0@group-6905249F38B1->s2-InstallSnapshotResponseHandler: InstallSnapshot in progress.
2022-10-13 10:40:54,254 [grpc-default-executor-0] INFO  server.GrpcServerProtocolService (GrpcServerProtocolService.java:onCompleted(143)) - s2: Completed INSTALL_SNAPSHOT, lastRequest: s0->s2#0-t2,notify:(t:2, i:255)
2022-10-13 10:40:54,254 [grpc-default-executor-2] INFO  impl.SnapshotInstallationHandler (SnapshotInstallationHandler.java:installSnapshot(89)) - s1@group-6905249F38B1: receive installSnapshot: s0->s1#0-t2,notify:(t:2, i:255)
2022-10-13 10:40:54,254 [grpc-default-executor-2] INFO  impl.SnapshotInstallationHandler (SnapshotInstallationHandler.java:installSnapshot(100)) - s1@group-6905249F38B1: reply installSnapshot: s0<-s1#0:FAIL-t2,IN_PROGRESS
2022-10-13 10:40:54,254 [grpc-default-executor-2] INFO  server.GrpcServerProtocolService (GrpcServerProtocolService.java:onCompleted(143)) - s1: Completed INSTALL_SNAPSHOT, lastRequest: s0->s1#0-t2,notify:(t:2, i:255)
2022-10-13 10:40:54,254 [grpc-default-executor-2] INFO  server.GrpcLogAppender (GrpcLogAppender.java:onNext(492)) - s0@group-6905249F38B1->s1-InstallSnapshotResponseHandler: received a reply s0<-s1#0:FAIL-t2,IN_PROGRESS
2022-10-13 10:40:54,254 [grpc-default-executor-2] INFO  server.GrpcLogAppender (GrpcLogAppender.java:onNext(510)) - s0@group-6905249F38B1->s1-InstallSnapshotResponseHandler: InstallSnapshot in progress.
2022-10-13 10:40:54,255 [s2-server-thread1] INFO  server.RaftServer$Division (RaftServerImpl.java:checkInconsistentAppendEntries(1577)) - s2@group-6905249F38B1: Failed appendEntries as snapshot (255) installation is in progress
2022-10-13 10:40:54,255 [s2-server-thread1] INFO  server.RaftServer$Division (RaftServerImpl.java:checkInconsistentAppendEntries(1569)) - s2@group-6905249F38B1: inconsistency entries. Reply:s0<-s2#141:FAIL-t2,INCONSISTENCY,nextIndex=0,followerCommit=-1,matchIndex=-1
2022-10-13 10:40:54,255 [s1-server-thread1] INFO  server.RaftServer$Division (RaftServerImpl.java:checkInconsistentAppendEntries(1577)) - s1@group-6905249F38B1: Failed appendEntries as snapshot (255) installation is in progress
2022-10-13 10:40:54,255 [s1-server-thread1] INFO  server.RaftServer$Division (RaftServerImpl.java:checkInconsistentAppendEntries(1569)) - s1@group-6905249F38B1: inconsistency entries. Reply:s0<-s1#166:FAIL-t2,INCONSISTENCY,nextIndex=0,followerCommit=-1,matchIndex=-1
2022-10-13 10:40:54,255 [grpc-default-executor-0] INFO  leader.FollowerInfo (FollowerInfoImpl.java:lambda$new$0(48)) - s0@group-6905249F38B1->s2: nextIndex: updateUnconditionally 0 -> 0
2022-10-13 10:40:54,255 [s0@group-6905249F38B1->s2-GrpcLogAppender-LogAppenderDaemon] INFO  server.GrpcLogAppender (GrpcLogAppender.java:installSnapshot(633)) - s0@group-6905249F38B1->s2-GrpcLogAppender: followerNextIndex = 0 but logStartIndex = 255, notify follower to install snapshot-(t:2, i:255)
2022-10-13 10:40:54,255 [s0@group-6905249F38B1->s2-GrpcLogAppender-LogAppenderDaemon] INFO  server.GrpcLogAppender (GrpcLogAppender.java:installSnapshot(641)) - s0@group-6905249F38B1->s2-GrpcLogAppender: send s0->s2#0-t2,notify:(t:2, i:255)
2022-10-13 10:40:54,255 [grpc-default-executor-0] INFO  leader.FollowerInfo (FollowerInfoImpl.java:lambda$new$0(48)) - s0@group-6905249F38B1->s1: nextIndex: updateUnconditionally 0 -> 0
2022-10-13 10:40:54,256 [s0@group-6905249F38B1->s1-GrpcLogAppender-LogAppenderDaemon] INFO  server.GrpcLogAppender (GrpcLogAppender.java:installSnapshot(633)) - s0@group-6905249F38B1->s1-GrpcLogAppender: followerNextIndex = 0 but logStartIndex = 255, notify follower to install snapshot-(t:2, i:255)
2022-10-13 10:40:54,256 [s0@group-6905249F38B1->s1-GrpcLogAppender-LogAppenderDaemon] INFO  server.GrpcLogAppender (GrpcLogAppender.java:installSnapshot(641)) - s0@group-6905249F38B1->s1-GrpcLogAppender: send s0->s1#0-t2,notify:(t:2, i:255)
2022-10-13 10:40:54,256 [grpc-default-executor-0] INFO  impl.SnapshotInstallationHandler (SnapshotInstallationHandler.java:installSnapshot(89)) - s2@group-6905249F38B1: receive installSnapshot: s0->s2#0-t2,notify:(t:2, i:255)
2022-10-13 10:40:54,256 [grpc-default-executor-0] INFO  impl.SnapshotInstallationHandler (SnapshotInstallationHandler.java:installSnapshot(100)) - s2@group-6905249F38B1: reply installSnapshot: s0<-s2#0:FAIL-t2,IN_PROGRESS
2022-10-13 10:40:54,257 [grpc-default-executor-0] INFO  server.GrpcServerProtocolService (GrpcServerProtocolService.java:onCompleted(143)) - s2: Completed INSTALL_SNAPSHOT, lastRequest: s0->s2#0-t2,notify:(t:2, i:255)
2022-10-13 10:40:54,257 [grpc-default-executor-0] INFO  server.GrpcLogAppender (GrpcLogAppender.java:onNext(492)) - s0@group-6905249F38B1->s2-InstallSnapshotResponseHandler: received a reply s0<-s2#0:FAIL-t2,IN_PROGRESS
2022-10-13 10:40:54,257 [grpc-default-executor-0] INFO  server.GrpcLogAppender (GrpcLogAppender.java:onNext(510)) - s0@group-6905249F38B1->s2-InstallSnapshotResponseHandler: InstallSnapshot in progress.
2022-10-13 10:40:54,257 [grpc-default-executor-0] INFO  impl.SnapshotInstallationHandler (SnapshotInstallationHandler.java:installSnapshot(89)) - s1@group-6905249F38B1: receive installSnapshot: s0->s1#0-t2,notify:(t:2, i:255)
2022-10-13 10:40:54,258 [grpc-default-executor-0] INFO  impl.SnapshotInstallationHandler (SnapshotInstallationHandler.java:installSnapshot(100)) - s1@group-6905249F38B1: reply installSnapshot: s0<-s1#0:FAIL-t2,IN_PROGRESS
2022-10-13 10:40:54,258 [grpc-default-executor-0] INFO  server.GrpcServerProtocolService (GrpcServerProtocolService.java:onCompleted(143)) - s1: Completed INSTALL_SNAPSHOT, lastRequest: s0->s1#0-t2,notify:(t:2, i:255)
2022-10-13 10:40:54,258 [grpc-default-executor-2] INFO  server.GrpcLogAppender (GrpcLogAppender.java:onNext(492)) - s0@group-6905249F38B1->s1-InstallSnapshotResponseHandler: received a reply s0<-s1#0:FAIL-t2,IN_PROGRESS
2022-10-13 10:40:54,258 [grpc-default-executor-2] INFO  server.GrpcLogAppender (GrpcLogAppender.java:onNext(510)) - s0@group-6905249F38B1->s1-InstallSnapshotResponseHandler: InstallSnapshot in progress.
2022-10-13 10:40:54,258 [s2-server-thread1] INFO  server.RaftServer$Division (RaftServerImpl.java:checkInconsistentAppendEntries(1577)) - s2@group-6905249F38B1: Failed appendEntries as snapshot (255) installation is in progress
2022-10-13 10:40:54,258 [s2-server-thread1] INFO  server.RaftServer$Division (RaftServerImpl.java:checkInconsistentAppendEntries(1569)) - s2@group-6905249F38B1: inconsistency entries. Reply:s0<-s2#142:FAIL-t2,INCONSISTENCY,nextIndex=0,followerCommit=-1,matchIndex=-1
2022-10-13 10:40:54,263 [grpc-default-executor-2] INFO  leader.FollowerInfo (FollowerInfoImpl.java:lambda$new$0(48)) - s0@group-6905249F38B1->s2: nextIndex: updateUnconditionally 0 -> 0
2022-10-13 10:40:54,263 [s0@group-6905249F38B1->s2-GrpcLogAppender-LogAppenderDaemon] INFO  server.GrpcLogAppender (GrpcLogAppender.java:installSnapshot(633)) - s0@group-6905249F38B1->s2-GrpcLogAppender: followerNextIndex = 0 but logStartIndex = 255, notify follower to install snapshot-(t:2, i:255)
2022-10-13 10:40:54,263 [s0@group-6905249F38B1->s2-GrpcLogAppender-LogAppenderDaemon] INFO  server.GrpcLogAppender (GrpcLogAppender.java:installSnapshot(641)) - s0@group-6905249F38B1->s2-GrpcLogAppender: send s0->s2#0-t2,notify:(t:2, i:255)
2022-10-13 10:40:54,264 [s1-server-thread1] INFO  server.RaftServer$Division (RaftServerImpl.java:checkInconsistentAppendEntries(1577)) - s1@group-6905249F38B1: Failed appendEntries as snapshot (255) installation is in progress
2022-10-13 10:40:54,264 [s1-server-thread1] INFO  server.RaftServer$Division (RaftServerImpl.java:checkInconsistentAppendEntries(1569)) - s1@group-6905249F38B1: inconsistency entries. Reply:s0<-s1#167:FAIL-t2,INCONSISTENCY,nextIndex=0,followerCommit=-1,matchIndex=-1
2022-10-13 10:40:54,264 [grpc-default-executor-2] INFO  impl.SnapshotInstallationHandler (SnapshotInstallationHandler.java:installSnapshot(89)) - s2@group-6905249F38B1: receive installSnapshot: s0->s2#0-t2,notify:(t:2, i:255)
2022-10-13 10:40:54,265 [grpc-default-executor-2] INFO  impl.SnapshotInstallationHandler (SnapshotInstallationHandler.java:installSnapshot(100)) - s2@group-6905249F38B1: reply installSnapshot: s0<-s2#0:FAIL-t2,IN_PROGRESS
2022-10-13 10:40:54,265 [grpc-default-executor-2] INFO  server.GrpcServerProtocolService (GrpcServerProtocolService.java:onCompleted(143)) - s2: Completed INSTALL_SNAPSHOT, lastRequest: s0->s2#0-t2,notify:(t:2, i:255)
2022-10-13 10:40:54,265 [grpc-default-executor-4] INFO  leader.FollowerInfo (FollowerInfoImpl.java:lambda$new$0(48)) - s0@group-6905249F38B1->s1: nextIndex: updateUnconditionally 0 -> 0
2022-10-13 10:40:54,265 [s0@group-6905249F38B1->s1-GrpcLogAppender-LogAppenderDaemon] INFO  server.GrpcLogAppender (GrpcLogAppender.java:installSnapshot(633)) - s0@group-6905249F38B1->s1-GrpcLogAppender: followerNextIndex = 0 but logStartIndex = 255, notify follower to install snapshot-(t:2, i:255)
2022-10-13 10:40:54,265 [s0@group-6905249F38B1->s1-GrpcLogAppender-LogAppenderDaemon] INFO  server.GrpcLogAppender (GrpcLogAppender.java:installSnapshot(641)) - s0@group-6905249F38B1->s1-GrpcLogAppender: send s0->s1#0-t2,notify:(t:2, i:255)
2022-10-13 10:40:54,265 [grpc-default-executor-2] INFO  server.GrpcLogAppender (GrpcLogAppender.java:onNext(492)) - s0@group-6905249F38B1->s2-InstallSnapshotResponseHandler: received a reply s0<-s2#0:FAIL-t2,IN_PROGRESS
2022-10-13 10:40:54,265 [grpc-default-executor-2] INFO  server.GrpcLogAppender (GrpcLogAppender.java:onNext(510)) - s0@group-6905249F38B1->s2-InstallSnapshotResponseHandler: InstallSnapshot in progress.
2022-10-13 10:40:54,266 [grpc-default-executor-4] INFO  impl.SnapshotInstallationHandler (SnapshotInstallationHandler.java:installSnapshot(89)) - s1@group-6905249F38B1: receive installSnapshot: s0->s1#0-t2,notify:(t:2, i:255)
2022-10-13 10:40:54,266 [grpc-default-executor-4] INFO  impl.SnapshotInstallationHandler (SnapshotInstallationHandler.java:installSnapshot(100)) - s1@group-6905249F38B1: reply installSnapshot: s0<-s1#0:FAIL-t2,IN_PROGRESS
2022-10-13 10:40:54,266 [grpc-default-executor-4] INFO  server.GrpcServerProtocolService (GrpcServerProtocolService.java:onCompleted(143)) - s1: Completed INSTALL_SNAPSHOT, lastRequest: s0->s1#0-t2,notify:(t:2, i:255)
2022-10-13 10:40:54,266 [grpc-default-executor-0] INFO  server.GrpcLogAppender (GrpcLogAppender.java:onNext(492)) - s0@group-6905249F38B1->s1-InstallSnapshotResponseHandler: received a reply s0<-s1#0:FAIL-t2,IN_PROGRESS
2022-10-13 10:40:54,266 [grpc-default-executor-0] INFO  server.GrpcLogAppender (GrpcLogAppender.java:onNext(510)) - s0@group-6905249F38B1->s1-InstallSnapshotResponseHandler: InstallSnapshot in progress.
2022-10-13 10:40:54,266 [s2-server-thread1] INFO  server.RaftServer$Division (RaftServerImpl.java:checkInconsistentAppendEntries(1577)) - s2@group-6905249F38B1: Failed appendEntries as snapshot (255) installation is in progress
2022-10-13 10:40:54,267 [s2-server-thread1] INFO  server.RaftServer$Division (RaftServerImpl.java:checkInconsistentAppendEntries(1569)) - s2@group-6905249F38B1: inconsistency entries. Reply:s0<-s2#143:FAIL-t2,INCONSISTENCY,nextIndex=0,followerCommit=-1,matchIndex=-1
2022-10-13 10:40:54,267 [grpc-default-executor-0] INFO  leader.FollowerInfo (FollowerInfoImpl.java:lambda$new$0(48)) - s0@group-6905249F38B1->s2: nextIndex: updateUnconditionally 0 -> 0
2022-10-13 10:40:54,267 [s1-server-thread1] INFO  server.RaftServer$Division (RaftServerImpl.java:checkInconsistentAppendEntries(1577)) - s1@group-6905249F38B1: Failed appendEntries as snapshot (255) installation is in progress
2022-10-13 10:40:54,267 [s1-server-thread1] INFO  server.RaftServer$Division (RaftServerImpl.java:checkInconsistentAppendEntries(1569)) - s1@group-6905249F38B1: inconsistency entries. Reply:s0<-s1#168:FAIL-t2,INCONSISTENCY,nextIndex=0,followerCommit=-1,matchIndex=-1
2022-10-13 10:40:54,267 [s0@group-6905249F38B1->s2-GrpcLogAppender-LogAppenderDaemon] INFO  server.GrpcLogAppender (GrpcLogAppender.java:installSnapshot(633)) - s0@group-6905249F38B1->s2-GrpcLogAppender: followerNextIndex = 0 but logStartIndex = 255, notify follower to install snapshot-(t:2, i:255)
2022-10-13 10:40:54,267 [s0@group-6905249F38B1->s2-GrpcLogAppender-LogAppenderDaemon] INFO  server.GrpcLogAppender (GrpcLogAppender.java:installSnapshot(641)) - s0@group-6905249F38B1->s2-GrpcLogAppender: send s0->s2#0-t2,notify:(t:2, i:255)
2022-10-13 10:40:54,268 [grpc-default-executor-2] INFO  leader.FollowerInfo (FollowerInfoImpl.java:lambda$new$0(48)) - s0@group-6905249F38B1->s1: nextIndex: updateUnconditionally 0 -> 0
2022-10-13 10:40:54,268 [grpc-default-executor-0] INFO  impl.SnapshotInstallationHandler (SnapshotInstallationHandler.java:installSnapshot(89)) - s2@group-6905249F38B1: receive installSnapshot: s0->s2#0-t2,notify:(t:2, i:255)
2022-10-13 10:40:54,268 [s0@group-6905249F38B1->s1-GrpcLogAppender-LogAppenderDaemon] INFO  server.GrpcLogAppender (GrpcLogAppender.java:installSnapshot(633)) - s0@group-6905249F38B1->s1-GrpcLogAppender: followerNextIndex = 0 but logStartIndex = 255, notify follower to install snapshot-(t:2, i:255)
2022-10-13 10:40:54,268 [grpc-default-executor-0] INFO  impl.SnapshotInstallationHandler (SnapshotInstallationHandler.java:installSnapshot(100)) - s2@group-6905249F38B1: reply installSnapshot: s0<-s2#0:FAIL-t2,IN_PROGRESS
2022-10-13 10:40:54,268 [s0@group-6905249F38B1->s1-GrpcLogAppender-LogAppenderDaemon] INFO  server.GrpcLogAppender (GrpcLogAppender.java:installSnapshot(641)) - s0@group-6905249F38B1->s1-GrpcLogAppender: send s0->s1#0-t2,notify:(t:2, i:255)
2022-10-13 10:40:54,268 [grpc-default-executor-0] INFO  server.GrpcServerProtocolService (GrpcServerProtocolService.java:onCompleted(143)) - s2: Completed INSTALL_SNAPSHOT, lastRequest: s0->s2#0-t2,notify:(t:2, i:255)
2022-10-13 10:40:54,269 [grpc-default-executor-2] INFO  server.GrpcLogAppender (GrpcLogAppender.java:onNext(492)) - s0@group-6905249F38B1->s2-InstallSnapshotResponseHandler: received a reply s0<-s2#0:FAIL-t2,IN_PROGRESS
2022-10-13 10:40:54,269 [grpc-default-executor-2] INFO  server.GrpcLogAppender (GrpcLogAppender.java:onNext(510)) - s0@group-6905249F38B1->s2-InstallSnapshotResponseHandler: InstallSnapshot in progress.
2022-10-13 10:40:54,269 [grpc-default-executor-0] INFO  impl.SnapshotInstallationHandler (SnapshotInstallationHandler.java:installSnapshot(89)) - s1@group-6905249F38B1: receive installSnapshot: s0->s1#0-t2,notify:(t:2, i:255)
2022-10-13 10:40:54,269 [grpc-default-executor-0] INFO  impl.SnapshotInstallationHandler (SnapshotInstallationHandler.java:installSnapshot(100)) - s1@group-6905249F38B1: reply installSnapshot: s0<-s1#0:FAIL-t2,IN_PROGRESS
2022-10-13 10:40:54,269 [grpc-default-executor-0] INFO  server.GrpcServerProtocolService (GrpcServerProtocolService.java:onCompleted(143)) - s1: Completed INSTALL_SNAPSHOT, lastRequest: s0->s1#0-t2,notify:(t:2, i:255)
2022-10-13 10:40:54,270 [s2-server-thread1] INFO  server.RaftServer$Division (RaftServerImpl.java:checkInconsistentAppendEntries(1577)) - s2@group-6905249F38B1: Failed appendEntries as snapshot (255) installation is in progress
2022-10-13 10:40:54,270 [grpc-default-executor-4] INFO  server.GrpcLogAppender (GrpcLogAppender.java:onNext(492)) - s0@group-6905249F38B1->s1-InstallSnapshotResponseHandler: received a reply s0<-s1#0:FAIL-t2,IN_PROGRESS
2022-10-13 10:40:54,270 [grpc-default-executor-4] INFO  server.GrpcLogAppender (GrpcLogAppender.java:onNext(510)) - s0@group-6905249F38B1->s1-InstallSnapshotResponseHandler: InstallSnapshot in progress.
2022-10-13 10:40:54,270 [s2-server-thread1] INFO  server.RaftServer$Division (RaftServerImpl.java:checkInconsistentAppendEntries(1569)) - s2@group-6905249F38B1: inconsistency entries. Reply:s0<-s2#144:FAIL-t2,INCONSISTENCY,nextIndex=0,followerCommit=-1,matchIndex=-1
2022-10-13 10:40:54,270 [grpc-default-executor-0] INFO  leader.FollowerInfo (FollowerInfoImpl.java:lambda$new$0(48)) - s0@group-6905249F38B1->s2: nextIndex: updateUnconditionally 0 -> 0
2022-10-13 10:40:54,270 [s0@group-6905249F38B1->s2-GrpcLogAppender-LogAppenderDaemon] INFO  server.GrpcLogAppender (GrpcLogAppender.java:installSnapshot(633)) - s0@group-6905249F38B1->s2-GrpcLogAppender: followerNextIndex = 0 but logStartIndex = 255, notify follower to install snapshot-(t:2, i:255)
2022-10-13 10:40:54,271 [s0@group-6905249F38B1->s2-GrpcLogAppender-LogAppenderDaemon] INFO  server.GrpcLogAppender (GrpcLogAppender.java:installSnapshot(641)) - s0@group-6905249F38B1->s2-GrpcLogAppender: send s0->s2#0-t2,notify:(t:2, i:255)
2022-10-13 10:40:54,270 [s1-server-thread1] INFO  server.RaftServer$Division (RaftServerImpl.java:checkInconsistentAppendEntries(1577)) - s1@group-6905249F38B1: Failed appendEntries as snapshot (255) installation is in progress
2022-10-13 10:40:54,271 [s1-server-thread1] INFO  server.RaftServer$Division (RaftServerImpl.java:checkInconsistentAppendEntries(1569)) - s1@group-6905249F38B1: inconsistency entries. Reply:s0<-s1#169:FAIL-t2,INCONSISTENCY,nextIndex=0,followerCommit=-1,matchIndex=-1
2022-10-13 10:40:54,271 [grpc-default-executor-4] INFO  leader.FollowerInfo (FollowerInfoImpl.java:lambda$new$0(48)) - s0@group-6905249F38B1->s1: nextIndex: updateUnconditionally 0 -> 0
2022-10-13 10:40:54,271 [grpc-default-executor-0] INFO  impl.SnapshotInstallationHandler (SnapshotInstallationHandler.java:installSnapshot(89)) - s2@group-6905249F38B1: receive installSnapshot: s0->s2#0-t2,notify:(t:2, i:255)
2022-10-13 10:40:54,271 [s0@group-6905249F38B1->s1-GrpcLogAppender-LogAppenderDaemon] INFO  server.GrpcLogAppender (GrpcLogAppender.java:installSnapshot(633)) - s0@group-6905249F38B1->s1-GrpcLogAppender: followerNextIndex = 0 but logStartIndex = 255, notify follower to install snapshot-(t:2, i:255)
2022-10-13 10:40:54,271 [grpc-default-executor-0] INFO  impl.SnapshotInstallationHandler (SnapshotInstallationHandler.java:installSnapshot(100)) - s2@group-6905249F38B1: reply installSnapshot: s0<-s2#0:FAIL-t2,IN_PROGRESS
2022-10-13 10:40:54,271 [s0@group-6905249F38B1->s1-GrpcLogAppender-LogAppenderDaemon] INFO  server.GrpcLogAppender (GrpcLogAppender.java:installSnapshot(641)) - s0@group-6905249F38B1->s1-GrpcLogAppender: send s0->s1#0-t2,notify:(t:2, i:255)
2022-10-13 10:40:54,272 [grpc-default-executor-4] INFO  server.GrpcLogAppender (GrpcLogAppender.java:onNext(492)) - s0@group-6905249F38B1->s2-InstallSnapshotResponseHandler: received a reply s0<-s2#0:FAIL-t2,IN_PROGRESS
2022-10-13 10:40:54,272 [grpc-default-executor-4] INFO  server.GrpcLogAppender (GrpcLogAppender.java:onNext(510)) - s0@group-6905249F38B1->s2-InstallSnapshotResponseHandler: InstallSnapshot in progress.
2022-10-13 10:40:54,272 [grpc-default-executor-0] INFO  server.GrpcServerProtocolService (GrpcServerProtocolService.java:onCompleted(143)) - s2: Completed INSTALL_SNAPSHOT, lastRequest: s0->s2#0-t2,notify:(t:2, i:255)
2022-10-13 10:40:54,272 [grpc-default-executor-0] INFO  impl.SnapshotInstallationHandler (SnapshotInstallationHandler.java:installSnapshot(89)) - s1@group-6905249F38B1: receive installSnapshot: s0->s1#0-t2,notify:(t:2, i:255)
2022-10-13 10:40:54,272 [grpc-default-executor-0] INFO  impl.SnapshotInstallationHandler (SnapshotInstallationHandler.java:installSnapshot(100)) - s1@group-6905249F38B1: reply installSnapshot: s0<-s1#0:FAIL-t2,IN_PROGRESS
2022-10-13 10:40:54,273 [grpc-default-executor-0] INFO  server.GrpcServerProtocolService (GrpcServerProtocolService.java:onCompleted(143)) - s1: Completed INSTALL_SNAPSHOT, lastRequest: s0->s1#0-t2,notify:(t:2, i:255)
2022-10-13 10:40:54,273 [grpc-default-executor-2] INFO  server.GrpcLogAppender (GrpcLogAppender.java:onNext(492)) - s0@group-6905249F38B1->s1-InstallSnapshotResponseHandler: received a reply s0<-s1#0:FAIL-t2,IN_PROGRESS
2022-10-13 10:40:54,273 [grpc-default-executor-2] INFO  server.GrpcLogAppender (GrpcLogAppender.java:onNext(510)) - s0@group-6905249F38B1->s1-InstallSnapshotResponseHandler: InstallSnapshot in progress.
2022-10-13 10:40:54,273 [s2-server-thread1] INFO  server.RaftServer$Division (RaftServerImpl.java:checkInconsistentAppendEntries(1577)) - s2@group-6905249F38B1: Failed appendEntries as snapshot (255) installation is in progress
2022-10-13 10:40:54,273 [s2-server-thread1] INFO  server.RaftServer$Division (RaftServerImpl.java:checkInconsistentAppendEntries(1569)) - s2@group-6905249F38B1: inconsistency entries. Reply:s0<-s2#145:FAIL-t2,INCONSISTENCY,nextIndex=0,followerCommit=-1,matchIndex=-1
2022-10-13 10:40:54,274 [s1-server-thread1] INFO  server.RaftServer$Division (RaftServerImpl.java:checkInconsistentAppendEntries(1577)) - s1@group-6905249F38B1: Failed appendEntries as snapshot (255) installation is in progress
2022-10-13 10:40:54,274 [s1-server-thread1] INFO  server.RaftServer$Division (RaftServerImpl.java:checkInconsistentAppendEntries(1569)) - s1@group-6905249F38B1: inconsistency entries. Reply:s0<-s1#170:FAIL-t2,INCONSISTENCY,nextIndex=0,followerCommit=-1,matchIndex=-1
2022-10-13 10:40:54,274 [grpc-default-executor-2] INFO  leader.FollowerInfo (FollowerInfoImpl.java:lambda$new$0(48)) - s0@group-6905249F38B1->s2: nextIndex: updateUnconditionally 0 -> 0
2022-10-13 10:40:54,274 [s0@group-6905249F38B1->s2-GrpcLogAppender-LogAppenderDaemon] INFO  server.GrpcLogAppender (GrpcLogAppender.java:installSnapshot(633)) - s0@group-6905249F38B1->s2-GrpcLogAppender: followerNextIndex = 0 but logStartIndex = 255, notify follower to install snapshot-(t:2, i:255)
2022-10-13 10:40:54,274 [s0@group-6905249F38B1->s2-GrpcLogAppender-LogAppenderDaemon] INFO  server.GrpcLogAppender (GrpcLogAppender.java:installSnapshot(641)) - s0@group-6905249F38B1->s2-GrpcLogAppender: send s0->s2#0-t2,notify:(t:2, i:255)
2022-10-13 10:40:54,275 [grpc-default-executor-2] INFO  leader.FollowerInfo (FollowerInfoImpl.java:lambda$new$0(48)) - s0@group-6905249F38B1->s1: nextIndex: updateUnconditionally 0 -> 0
2022-10-13 10:40:54,275 [s0@group-6905249F38B1->s1-GrpcLogAppender-LogAppenderDaemon] INFO  server.GrpcLogAppender (GrpcLogAppender.java:installSnapshot(633)) - s0@group-6905249F38B1->s1-GrpcLogAppender: followerNextIndex = 0 but logStartIndex = 255, notify follower to install snapshot-(t:2, i:255)
2022-10-13 10:40:54,275 [s0@group-6905249F38B1->s1-GrpcLogAppender-LogAppenderDaemon] INFO  server.GrpcLogAppender (GrpcLogAppender.java:installSnapshot(641)) - s0@group-6905249F38B1->s1-GrpcLogAppender: send s0->s1#0-t2,notify:(t:2, i:255)
2022-10-13 10:40:54,275 [grpc-default-executor-0] INFO  impl.SnapshotInstallationHandler (SnapshotInstallationHandler.java:installSnapshot(89)) - s2@group-6905249F38B1: receive installSnapshot: s0->s2#0-t2,notify:(t:2, i:255)
2022-10-13 10:40:54,275 [grpc-default-executor-0] INFO  impl.SnapshotInstallationHandler (SnapshotInstallationHandler.java:installSnapshot(100)) - s2@group-6905249F38B1: reply installSnapshot: s0<-s2#0:FAIL-t2,IN_PROGRESS
2022-10-13 10:40:54,276 [grpc-default-executor-2] INFO  server.GrpcLogAppender (GrpcLogAppender.java:onNext(492)) - s0@group-6905249F38B1->s2-InstallSnapshotResponseHandler: received a reply s0<-s2#0:FAIL-t2,IN_PROGRESS
2022-10-13 10:40:54,276 [grpc-default-executor-2] INFO  server.GrpcLogAppender (GrpcLogAppender.java:onNext(510)) - s0@group-6905249F38B1->s2-InstallSnapshotResponseHandler: InstallSnapshot in progress.
2022-10-13 10:40:54,276 [grpc-default-executor-0] INFO  server.GrpcServerProtocolService (GrpcServerProtocolService.java:onCompleted(143)) - s2: Completed INSTALL_SNAPSHOT, lastRequest: s0->s2#0-t2,notify:(t:2, i:255)
2022-10-13 10:40:54,276 [grpc-default-executor-4] INFO  impl.SnapshotInstallationHandler (SnapshotInstallationHandler.java:installSnapshot(89)) - s1@group-6905249F38B1: receive installSnapshot: s0->s1#0-t2,notify:(t:2, i:255)
2022-10-13 10:40:54,276 [grpc-default-executor-4] INFO  impl.SnapshotInstallationHandler (SnapshotInstallationHandler.java:installSnapshot(100)) - s1@group-6905249F38B1: reply installSnapshot: s0<-s1#0:FAIL-t2,IN_PROGRESS
2022-10-13 10:40:54,276 [grpc-default-executor-4] INFO  server.GrpcServerProtocolService (GrpcServerProtocolService.java:onCompleted(143)) - s1: Completed INSTALL_SNAPSHOT, lastRequest: s0->s1#0-t2,notify:(t:2, i:255)
2022-10-13 10:40:54,277 [grpc-default-executor-4] INFO  server.GrpcLogAppender (GrpcLogAppender.java:onNext(492)) - s0@group-6905249F38B1->s1-InstallSnapshotResponseHandler: received a reply s0<-s1#0:FAIL-t2,IN_PROGRESS
2022-10-13 10:40:54,277 [grpc-default-executor-4] INFO  server.GrpcLogAppender (GrpcLogAppender.java:onNext(510)) - s0@group-6905249F38B1->s1-InstallSnapshotResponseHandler: InstallSnapshot in progress.
2022-10-13 10:40:54,277 [s2-server-thread1] INFO  server.RaftServer$Division (RaftServerImpl.java:checkInconsistentAppendEntries(1577)) - s2@group-6905249F38B1: Failed appendEntries as snapshot (255) installation is in progress
2022-10-13 10:40:54,277 [s2-server-thread1] INFO  server.RaftServer$Division (RaftServerImpl.java:checkInconsistentAppendEntries(1569)) - s2@group-6905249F38B1: inconsistency entries. Reply:s0<-s2#146:FAIL-t2,INCONSISTENCY,nextIndex=0,followerCommit=-1,matchIndex=-1
2022-10-13 10:40:54,277 [s1-server-thread1] INFO  server.RaftServer$Division (RaftServerImpl.java:checkInconsistentAppendEntries(1577)) - s1@group-6905249F38B1: Failed appendEntries as snapshot (255) installation is in progress
2022-10-13 10:40:54,277 [s1-server-thread1] INFO  server.RaftServer$Division (RaftServerImpl.java:checkInconsistentAppendEntries(1569)) - s1@group-6905249F38B1: inconsistency entries. Reply:s0<-s1#171:FAIL-t2,INCONSISTENCY,nextIndex=0,followerCommit=-1,matchIndex=-1
2022-10-13 10:40:54,278 [grpc-default-executor-0] INFO  leader.FollowerInfo (FollowerInfoImpl.java:lambda$new$0(48)) - s0@group-6905249F38B1->s2: nextIndex: updateUnconditionally 0 -> 0
2022-10-13 10:40:54,278 [s0@group-6905249F38B1->s2-GrpcLogAppender-LogAppenderDaemon] INFO  server.GrpcLogAppender (GrpcLogAppender.java:installSnapshot(633)) - s0@group-6905249F38B1->s2-GrpcLogAppender: followerNextIndex = 0 but logStartIndex = 255, notify follower to install snapshot-(t:2, i:255)
2022-10-13 10:40:54,278 [grpc-default-executor-0] INFO  leader.FollowerInfo (FollowerInfoImpl.java:lambda$new$0(48)) - s0@group-6905249F38B1->s1: nextIndex: updateUnconditionally 0 -> 0
2022-10-13 10:40:54,278 [s0@group-6905249F38B1->s2-GrpcLogAppender-LogAppenderDaemon] INFO  server.GrpcLogAppender (GrpcLogAppender.java:installSnapshot(641)) - s0@group-6905249F38B1->s2-GrpcLogAppender: send s0->s2#0-t2,notify:(t:2, i:255)
2022-10-13 10:40:54,278 [s0@group-6905249F38B1->s1-GrpcLogAppender-LogAppenderDaemon] INFO  server.GrpcLogAppender (GrpcLogAppender.java:installSnapshot(633)) - s0@group-6905249F38B1->s1-GrpcLogAppender: followerNextIndex = 0 but logStartIndex = 255, notify follower to install snapshot-(t:2, i:255)
2022-10-13 10:40:54,278 [s0@group-6905249F38B1->s1-GrpcLogAppender-LogAppenderDaemon] INFO  server.GrpcLogAppender (GrpcLogAppender.java:installSnapshot(641)) - s0@group-6905249F38B1->s1-GrpcLogAppender: send s0->s1#0-t2,notify:(t:2, i:255)
2022-10-13 10:40:54,279 [grpc-default-executor-0] INFO  impl.SnapshotInstallationHandler (SnapshotInstallationHandler.java:installSnapshot(89)) - s2@group-6905249F38B1: receive installSnapshot: s0->s2#0-t2,notify:(t:2, i:255)
2022-10-13 10:40:54,279 [grpc-default-executor-0] INFO  impl.SnapshotInstallationHandler (SnapshotInstallationHandler.java:installSnapshot(100)) - s2@group-6905249F38B1: reply installSnapshot: s0<-s2#0:FAIL-t2,IN_PROGRESS
2022-10-13 10:40:54,279 [grpc-default-executor-0] INFO  server.GrpcServerProtocolService (GrpcServerProtocolService.java:onCompleted(143)) - s2: Completed INSTALL_SNAPSHOT, lastRequest: s0->s2#0-t2,notify:(t:2, i:255)
2022-10-13 10:40:54,280 [grpc-default-executor-0] INFO  server.GrpcLogAppender (GrpcLogAppender.java:onNext(492)) - s0@group-6905249F38B1->s2-InstallSnapshotResponseHandler: received a reply s0<-s2#0:FAIL-t2,IN_PROGRESS
2022-10-13 10:40:54,280 [grpc-default-executor-0] INFO  server.GrpcLogAppender (GrpcLogAppender.java:onNext(510)) - s0@group-6905249F38B1->s2-InstallSnapshotResponseHandler: InstallSnapshot in progress.
2022-10-13 10:40:54,280 [grpc-default-executor-0] INFO  impl.SnapshotInstallationHandler (SnapshotInstallationHandler.java:installSnapshot(89)) - s1@group-6905249F38B1: receive installSnapshot: s0->s1#0-t2,notify:(t:2, i:255)
2022-10-13 10:40:54,280 [grpc-default-executor-0] INFO  impl.SnapshotInstallationHandler (SnapshotInstallationHandler.java:installSnapshot(100)) - s1@group-6905249F38B1: reply installSnapshot: s0<-s1#0:FAIL-t2,IN_PROGRESS
2022-10-13 10:40:54,281 [grpc-default-executor-0] INFO  server.GrpcServerProtocolService (GrpcServerProtocolService.java:onCompleted(143)) - s1: Completed INSTALL_SNAPSHOT, lastRequest: s0->s1#0-t2,notify:(t:2, i:255)
2022-10-13 10:40:54,281 [grpc-default-executor-0] INFO  server.GrpcLogAppender (GrpcLogAppender.java:onNext(492)) - s0@group-6905249F38B1->s1-InstallSnapshotResponseHandler: received a reply s0<-s1#0:FAIL-t2,IN_PROGRESS
2022-10-13 10:40:54,281 [grpc-default-executor-0] INFO  server.GrpcLogAppender (GrpcLogAppender.java:onNext(510)) - s0@group-6905249F38B1->s1-InstallSnapshotResponseHandler: InstallSnapshot in progress.
2022-10-13 10:40:54,281 [s2-server-thread1] INFO  server.RaftServer$Division (RaftServerImpl.java:checkInconsistentAppendEntries(1577)) - s2@group-6905249F38B1: Failed appendEntries as snapshot (255) installation is in progress
2022-10-13 10:40:54,281 [s2-server-thread1] INFO  server.RaftServer$Division (RaftServerImpl.java:checkInconsistentAppendEntries(1569)) - s2@group-6905249F38B1: inconsistency entries. Reply:s0<-s2#147:FAIL-t2,INCONSISTENCY,nextIndex=0,followerCommit=-1,matchIndex=-1
2022-10-13 10:40:54,283 [grpc-default-executor-0] INFO  leader.FollowerInfo (FollowerInfoImpl.java:lambda$new$0(48)) - s0@group-6905249F38B1->s2: nextIndex: updateUnconditionally 0 -> 0
2022-10-13 10:40:54,283 [s0@group-6905249F38B1->s2-GrpcLogAppender-LogAppenderDaemon] INFO  server.GrpcLogAppender (GrpcLogAppender.java:installSnapshot(633)) - s0@group-6905249F38B1->s2-GrpcLogAppender: followerNextIndex = 0 but logStartIndex = 255, notify follower to install snapshot-(t:2, i:255)
2022-10-13 10:40:54,283 [s0@group-6905249F38B1->s2-GrpcLogAppender-LogAppenderDaemon] INFO  server.GrpcLogAppender (GrpcLogAppender.java:installSnapshot(641)) - s0@group-6905249F38B1->s2-GrpcLogAppender: send s0->s2#0-t2,notify:(t:2, i:255)
2022-10-13 10:40:54,284 [s1-server-thread1] INFO  server.RaftServer$Division (RaftServerImpl.java:checkInconsistentAppendEntries(1577)) - s1@group-6905249F38B1: Failed appendEntries as snapshot (255) installation is in progress
2022-10-13 10:40:54,284 [s1-server-thread1] INFO  server.RaftServer$Division (RaftServerImpl.java:checkInconsistentAppendEntries(1569)) - s1@group-6905249F38B1: inconsistency entries. Reply:s0<-s1#172:FAIL-t2,INCONSISTENCY,nextIndex=0,followerCommit=-1,matchIndex=-1
2022-10-13 10:40:54,284 [grpc-default-executor-0] INFO  leader.FollowerInfo (FollowerInfoImpl.java:lambda$new$0(48)) - s0@group-6905249F38B1->s1: nextIndex: updateUnconditionally 0 -> 0
2022-10-13 10:40:54,284 [s0@group-6905249F38B1->s1-GrpcLogAppender-LogAppenderDaemon] INFO  server.GrpcLogAppender (GrpcLogAppender.java:installSnapshot(633)) - s0@group-6905249F38B1->s1-GrpcLogAppender: followerNextIndex = 0 but logStartIndex = 255, notify follower to install snapshot-(t:2, i:255)
2022-10-13 10:40:54,285 [grpc-default-executor-0] INFO  impl.SnapshotInstallationHandler (SnapshotInstallationHandler.java:installSnapshot(89)) - s2@group-6905249F38B1: receive installSnapshot: s0->s2#0-t2,notify:(t:2, i:255)
2022-10-13 10:40:54,285 [s0@group-6905249F38B1->s1-GrpcLogAppender-LogAppenderDaemon] INFO  server.GrpcLogAppender (GrpcLogAppender.java:installSnapshot(641)) - s0@group-6905249F38B1->s1-GrpcLogAppender: send s0->s1#0-t2,notify:(t:2, i:255)
2022-10-13 10:40:54,285 [grpc-default-executor-0] INFO  impl.SnapshotInstallationHandler (SnapshotInstallationHandler.java:installSnapshot(100)) - s2@group-6905249F38B1: reply installSnapshot: s0<-s2#0:FAIL-t2,IN_PROGRESS
2022-10-13 10:40:54,285 [grpc-default-executor-4] INFO  server.GrpcLogAppender (GrpcLogAppender.java:onNext(492)) - s0@group-6905249F38B1->s2-InstallSnapshotResponseHandler: received a reply s0<-s2#0:FAIL-t2,IN_PROGRESS
2022-10-13 10:40:54,285 [grpc-default-executor-4] INFO  server.GrpcLogAppender (GrpcLogAppender.java:onNext(510)) - s0@group-6905249F38B1->s2-InstallSnapshotResponseHandler: InstallSnapshot in progress.
2022-10-13 10:40:54,285 [grpc-default-executor-0] INFO  server.GrpcServerProtocolService (GrpcServerProtocolService.java:onCompleted(143)) - s2: Completed INSTALL_SNAPSHOT, lastRequest: s0->s2#0-t2,notify:(t:2, i:255)
2022-10-13 10:40:54,285 [grpc-default-executor-2] INFO  impl.SnapshotInstallationHandler (SnapshotInstallationHandler.java:installSnapshot(89)) - s1@group-6905249F38B1: receive installSnapshot: s0->s1#0-t2,notify:(t:2, i:255)
2022-10-13 10:40:54,286 [grpc-default-executor-2] INFO  impl.SnapshotInstallationHandler (SnapshotInstallationHandler.java:installSnapshot(100)) - s1@group-6905249F38B1: reply installSnapshot: s0<-s1#0:FAIL-t2,IN_PROGRESS
2022-10-13 10:40:54,286 [grpc-default-executor-2] INFO  server.GrpcServerProtocolService (GrpcServerProtocolService.java:onCompleted(143)) - s1: Completed INSTALL_SNAPSHOT, lastRequest: s0->s1#0-t2,notify:(t:2, i:255)
2022-10-13 10:40:54,286 [grpc-default-executor-2] INFO  server.GrpcLogAppender (GrpcLogAppender.java:onNext(492)) - s0@group-6905249F38B1->s1-InstallSnapshotResponseHandler: received a reply s0<-s1#0:FAIL-t2,IN_PROGRESS
2022-10-13 10:40:54,286 [grpc-default-executor-2] INFO  server.GrpcLogAppender (GrpcLogAppender.java:onNext(510)) - s0@group-6905249F38B1->s1-InstallSnapshotResponseHandler: InstallSnapshot in progress.
2022-10-13 10:40:54,288 [s1-server-thread1] INFO  server.RaftServer$Division (RaftServerImpl.java:checkInconsistentAppendEntries(1577)) - s1@group-6905249F38B1: Failed appendEntries as snapshot (255) installation is in progress
2022-10-13 10:40:54,288 [s1-server-thread1] INFO  server.RaftServer$Division (RaftServerImpl.java:checkInconsistentAppendEntries(1569)) - s1@group-6905249F38B1: inconsistency entries. Reply:s0<-s1#173:FAIL-t2,INCONSISTENCY,nextIndex=0,followerCommit=-1,matchIndex=-1
2022-10-13 10:40:54,289 [s2-server-thread1] INFO  server.RaftServer$Division (RaftServerImpl.java:checkInconsistentAppendEntries(1577)) - s2@group-6905249F38B1: Failed appendEntries as snapshot (255) installation is in progress
2022-10-13 10:40:54,289 [s2-server-thread1] INFO  server.RaftServer$Division (RaftServerImpl.java:checkInconsistentAppendEntries(1569)) - s2@group-6905249F38B1: inconsistency entries. Reply:s0<-s2#148:FAIL-t2,INCONSISTENCY,nextIndex=0,followerCommit=-1,matchIndex=-1
2022-10-13 10:40:54,289 [grpc-default-executor-0] INFO  leader.FollowerInfo (FollowerInfoImpl.java:lambda$new$0(48)) - s0@group-6905249F38B1->s1: nextIndex: updateUnconditionally 0 -> 0
2022-10-13 10:40:54,289 [s0@group-6905249F38B1->s1-GrpcLogAppender-LogAppenderDaemon] INFO  server.GrpcLogAppender (GrpcLogAppender.java:installSnapshot(633)) - s0@group-6905249F38B1->s1-GrpcLogAppender: followerNextIndex = 0 but logStartIndex = 255, notify follower to install snapshot-(t:2, i:255)
2022-10-13 10:40:54,289 [grpc-default-executor-0] INFO  leader.FollowerInfo (FollowerInfoImpl.java:lambda$new$0(48)) - s0@group-6905249F38B1->s2: nextIndex: updateUnconditionally 0 -> 0
2022-10-13 10:40:54,289 [s0@group-6905249F38B1->s1-GrpcLogAppender-LogAppenderDaemon] INFO  server.GrpcLogAppender (GrpcLogAppender.java:installSnapshot(641)) - s0@group-6905249F38B1->s1-GrpcLogAppender: send s0->s1#0-t2,notify:(t:2, i:255)
2022-10-13 10:40:54,289 [s0@group-6905249F38B1->s2-GrpcLogAppender-LogAppenderDaemon] INFO  server.GrpcLogAppender (GrpcLogAppender.java:installSnapshot(633)) - s0@group-6905249F38B1->s2-GrpcLogAppender: followerNextIndex = 0 but logStartIndex = 255, notify follower to install snapshot-(t:2, i:255)
2022-10-13 10:40:54,290 [s0@group-6905249F38B1->s2-GrpcLogAppender-LogAppenderDaemon] INFO  server.GrpcLogAppender (GrpcLogAppender.java:installSnapshot(641)) - s0@group-6905249F38B1->s2-GrpcLogAppender: send s0->s2#0-t2,notify:(t:2, i:255)
2022-10-13 10:40:54,290 [grpc-default-executor-0] INFO  impl.SnapshotInstallationHandler (SnapshotInstallationHandler.java:installSnapshot(89)) - s1@group-6905249F38B1: receive installSnapshot: s0->s1#0-t2,notify:(t:2, i:255)
2022-10-13 10:40:54,290 [grpc-default-executor-0] INFO  impl.SnapshotInstallationHandler (SnapshotInstallationHandler.java:installSnapshot(100)) - s1@group-6905249F38B1: reply installSnapshot: s0<-s1#0:FAIL-t2,IN_PROGRESS
2022-10-13 10:40:54,291 [grpc-default-executor-0] INFO  server.GrpcServerProtocolService (GrpcServerProtocolService.java:onCompleted(143)) - s1: Completed INSTALL_SNAPSHOT, lastRequest: s0->s1#0-t2,notify:(t:2, i:255)
2022-10-13 10:40:54,291 [grpc-default-executor-0] INFO  server.GrpcLogAppender (GrpcLogAppender.java:onNext(492)) - s0@group-6905249F38B1->s1-InstallSnapshotResponseHandler: received a reply s0<-s1#0:FAIL-t2,IN_PROGRESS
2022-10-13 10:40:54,291 [grpc-default-executor-0] INFO  server.GrpcLogAppender (GrpcLogAppender.java:onNext(510)) - s0@group-6905249F38B1->s1-InstallSnapshotResponseHandler: InstallSnapshot in progress.
2022-10-13 10:40:54,292 [s1-server-thread1] INFO  server.RaftServer$Division (RaftServerImpl.java:checkInconsistentAppendEntries(1577)) - s1@group-6905249F38B1: Failed appendEntries as snapshot (255) installation is in progress
2022-10-13 10:40:54,292 [s1-server-thread1] INFO  server.RaftServer$Division (RaftServerImpl.java:checkInconsistentAppendEntries(1569)) - s1@group-6905249F38B1: inconsistency entries. Reply:s0<-s1#174:FAIL-t2,INCONSISTENCY,nextIndex=0,followerCommit=-1,matchIndex=-1
2022-10-13 10:40:54,292 [grpc-default-executor-2] INFO  impl.SnapshotInstallationHandler (SnapshotInstallationHandler.java:installSnapshot(89)) - s2@group-6905249F38B1: receive installSnapshot: s0->s2#0-t2,notify:(t:2, i:255)
2022-10-13 10:40:54,292 [grpc-default-executor-2] INFO  impl.SnapshotInstallationHandler (SnapshotInstallationHandler.java:installSnapshot(100)) - s2@group-6905249F38B1: reply installSnapshot: s0<-s2#0:FAIL-t2,IN_PROGRESS
2022-10-13 10:40:54,292 [grpc-default-executor-2] INFO  server.GrpcServerProtocolService (GrpcServerProtocolService.java:onCompleted(143)) - s2: Completed INSTALL_SNAPSHOT, lastRequest: s0->s2#0-t2,notify:(t:2, i:255)
2022-10-13 10:40:54,292 [grpc-default-executor-0] INFO  leader.FollowerInfo (FollowerInfoImpl.java:lambda$new$0(48)) - s0@group-6905249F38B1->s1: nextIndex: updateUnconditionally 0 -> 0
2022-10-13 10:40:54,293 [s0@group-6905249F38B1->s1-GrpcLogAppender-LogAppenderDaemon] INFO  server.GrpcLogAppender (GrpcLogAppender.java:installSnapshot(633)) - s0@group-6905249F38B1->s1-GrpcLogAppender: followerNextIndex = 0 but logStartIndex = 255, notify follower to install snapshot-(t:2, i:255)
2022-10-13 10:40:54,293 [s0@group-6905249F38B1->s1-GrpcLogAppender-LogAppenderDaemon] INFO  server.GrpcLogAppender (GrpcLogAppender.java:installSnapshot(641)) - s0@group-6905249F38B1->s1-GrpcLogAppender: send s0->s1#0-t2,notify:(t:2, i:255)
2022-10-13 10:40:54,293 [grpc-default-executor-0] INFO  server.GrpcLogAppender (GrpcLogAppender.java:onNext(492)) - s0@group-6905249F38B1->s2-InstallSnapshotResponseHandler: received a reply s0<-s2#0:FAIL-t2,IN_PROGRESS
2022-10-13 10:40:54,293 [grpc-default-executor-0] INFO  server.GrpcLogAppender (GrpcLogAppender.java:onNext(510)) - s0@group-6905249F38B1->s2-InstallSnapshotResponseHandler: InstallSnapshot in progress.
2022-10-13 10:40:54,294 [grpc-default-executor-0] INFO  impl.SnapshotInstallationHandler (SnapshotInstallationHandler.java:installSnapshot(89)) - s1@group-6905249F38B1: receive installSnapshot: s0->s1#0-t2,notify:(t:2, i:255)
2022-10-13 10:40:54,294 [s2-server-thread1] INFO  server.RaftServer$Division (RaftServerImpl.java:checkInconsistentAppendEntries(1577)) - s2@group-6905249F38B1: Failed appendEntries as snapshot (255) installation is in progress
2022-10-13 10:40:54,294 [s2-server-thread1] INFO  server.RaftServer$Division (RaftServerImpl.java:checkInconsistentAppendEntries(1569)) - s2@group-6905249F38B1: inconsistency entries. Reply:s0<-s2#149:FAIL-t2,INCONSISTENCY,nextIndex=0,followerCommit=-1,matchIndex=-1
2022-10-13 10:40:54,294 [grpc-default-executor-0] INFO  impl.SnapshotInstallationHandler (SnapshotInstallationHandler.java:installSnapshot(100)) - s1@group-6905249F38B1: reply installSnapshot: s0<-s1#0:FAIL-t2,IN_PROGRESS
2022-10-13 10:40:54,294 [grpc-default-executor-0] INFO  server.GrpcServerProtocolService (GrpcServerProtocolService.java:onCompleted(143)) - s1: Completed INSTALL_SNAPSHOT, lastRequest: s0->s1#0-t2,notify:(t:2, i:255)
2022-10-13 10:40:54,294 [grpc-default-executor-4] INFO  leader.FollowerInfo (FollowerInfoImpl.java:lambda$new$0(48)) - s0@group-6905249F38B1->s2: nextIndex: updateUnconditionally 0 -> 0
2022-10-13 10:40:54,295 [s0@group-6905249F38B1->s2-GrpcLogAppender-LogAppenderDaemon] INFO  server.GrpcLogAppender (GrpcLogAppender.java:installSnapshot(633)) - s0@group-6905249F38B1->s2-GrpcLogAppender: followerNextIndex = 0 but logStartIndex = 255, notify follower to install snapshot-(t:2, i:255)
2022-10-13 10:40:54,295 [s0@group-6905249F38B1->s2-GrpcLogAppender-LogAppenderDaemon] INFO  server.GrpcLogAppender (GrpcLogAppender.java:installSnapshot(641)) - s0@group-6905249F38B1->s2-GrpcLogAppender: send s0->s2#0-t2,notify:(t:2, i:255)
2022-10-13 10:40:54,294 [grpc-default-executor-2] INFO  server.GrpcLogAppender (GrpcLogAppender.java:onNext(492)) - s0@group-6905249F38B1->s1-InstallSnapshotResponseHandler: received a reply s0<-s1#0:FAIL-t2,IN_PROGRESS
2022-10-13 10:40:54,295 [grpc-default-executor-2] INFO  server.GrpcLogAppender (GrpcLogAppender.java:onNext(510)) - s0@group-6905249F38B1->s1-InstallSnapshotResponseHandler: InstallSnapshot in progress.
2022-10-13 10:40:54,296 [grpc-default-executor-4] INFO  impl.SnapshotInstallationHandler (SnapshotInstallationHandler.java:installSnapshot(89)) - s2@group-6905249F38B1: receive installSnapshot: s0->s2#0-t2,notify:(t:2, i:255)
2022-10-13 10:40:54,296 [grpc-default-executor-4] INFO  impl.SnapshotInstallationHandler (SnapshotInstallationHandler.java:installSnapshot(100)) - s2@group-6905249F38B1: reply installSnapshot: s0<-s2#0:FAIL-t2,IN_PROGRESS
2022-10-13 10:40:54,296 [grpc-default-executor-4] INFO  server.GrpcServerProtocolService (GrpcServerProtocolService.java:onCompleted(143)) - s2: Completed INSTALL_SNAPSHOT, lastRequest: s0->s2#0-t2,notify:(t:2, i:255)
2022-10-13 10:40:54,296 [s1-server-thread1] INFO  server.RaftServer$Division (RaftServerImpl.java:checkInconsistentAppendEntries(1577)) - s1@group-6905249F38B1: Failed appendEntries as snapshot (255) installation is in progress
2022-10-13 10:40:54,296 [s1-server-thread1] INFO  server.RaftServer$Division (RaftServerImpl.java:checkInconsistentAppendEntries(1569)) - s1@group-6905249F38B1: inconsistency entries. Reply:s0<-s1#175:FAIL-t2,INCONSISTENCY,nextIndex=0,followerCommit=-1,matchIndex=-1
2022-10-13 10:40:54,296 [grpc-default-executor-2] INFO  server.GrpcLogAppender (GrpcLogAppender.java:onNext(492)) - s0@group-6905249F38B1->s2-InstallSnapshotResponseHandler: received a reply s0<-s2#0:FAIL-t2,IN_PROGRESS
2022-10-13 10:40:54,296 [grpc-default-executor-2] INFO  server.GrpcLogAppender (GrpcLogAppender.java:onNext(510)) - s0@group-6905249F38B1->s2-InstallSnapshotResponseHandler: InstallSnapshot in progress.
2022-10-13 10:40:54,297 [grpc-default-executor-2] INFO  leader.FollowerInfo (FollowerInfoImpl.java:lambda$new$0(48)) - s0@group-6905249F38B1->s1: nextIndex: updateUnconditionally 0 -> 0
2022-10-13 10:40:54,297 [s0@group-6905249F38B1->s1-GrpcLogAppender-LogAppenderDaemon] INFO  server.GrpcLogAppender (GrpcLogAppender.java:installSnapshot(633)) - s0@group-6905249F38B1->s1-GrpcLogAppender: followerNextIndex = 0 but logStartIndex = 255, notify follower to install snapshot-(t:2, i:255)
2022-10-13 10:40:54,297 [s0@group-6905249F38B1->s1-GrpcLogAppender-LogAppenderDaemon] INFO  server.GrpcLogAppender (GrpcLogAppender.java:installSnapshot(641)) - s0@group-6905249F38B1->s1-GrpcLogAppender: send s0->s1#0-t2,notify:(t:2, i:255)
2022-10-13 10:40:54,297 [s2-server-thread1] INFO  server.RaftServer$Division (RaftServerImpl.java:checkInconsistentAppendEntries(1577)) - s2@group-6905249F38B1: Failed appendEntries as snapshot (255) installation is in progress
2022-10-13 10:40:54,297 [s2-server-thread1] INFO  server.RaftServer$Division (RaftServerImpl.java:checkInconsistentAppendEntries(1569)) - s2@group-6905249F38B1: inconsistency entries. Reply:s0<-s2#150:FAIL-t2,INCONSISTENCY,nextIndex=0,followerCommit=-1,matchIndex=-1
2022-10-13 10:40:54,298 [grpc-default-executor-4] INFO  impl.SnapshotInstallationHandler (SnapshotInstallationHandler.java:installSnapshot(89)) - s1@group-6905249F38B1: receive installSnapshot: s0->s1#0-t2,notify:(t:2, i:255)
2022-10-13 10:40:54,298 [grpc-default-executor-4] INFO  impl.SnapshotInstallationHandler (SnapshotInstallationHandler.java:installSnapshot(100)) - s1@group-6905249F38B1: reply installSnapshot: s0<-s1#0:FAIL-t2,IN_PROGRESS
2022-10-13 10:40:54,298 [grpc-default-executor-4] INFO  server.GrpcServerProtocolService (GrpcServerProtocolService.java:onCompleted(143)) - s1: Completed INSTALL_SNAPSHOT, lastRequest: s0->s1#0-t2,notify:(t:2, i:255)
2022-10-13 10:40:54,298 [grpc-default-executor-2] INFO  leader.FollowerInfo (FollowerInfoImpl.java:lambda$new$0(48)) - s0@group-6905249F38B1->s2: nextIndex: updateUnconditionally 0 -> 0
2022-10-13 10:40:54,298 [s0@group-6905249F38B1->s2-GrpcLogAppender-LogAppenderDaemon] INFO  server.GrpcLogAppender (GrpcLogAppender.java:installSnapshot(633)) - s0@group-6905249F38B1->s2-GrpcLogAppender: followerNextIndex = 0 but logStartIndex = 255, notify follower to install snapshot-(t:2, i:255)
2022-10-13 10:40:54,298 [s0@group-6905249F38B1->s2-GrpcLogAppender-LogAppenderDaemon] INFO  server.GrpcLogAppender (GrpcLogAppender.java:installSnapshot(641)) - s0@group-6905249F38B1->s2-GrpcLogAppender: send s0->s2#0-t2,notify:(t:2, i:255)
2022-10-13 10:40:54,299 [grpc-default-executor-2] INFO  server.GrpcLogAppender (GrpcLogAppender.java:onNext(492)) - s0@group-6905249F38B1->s1-InstallSnapshotResponseHandler: received a reply s0<-s1#0:FAIL-t2,IN_PROGRESS
2022-10-13 10:40:54,299 [grpc-default-executor-2] INFO  server.GrpcLogAppender (GrpcLogAppender.java:onNext(510)) - s0@group-6905249F38B1->s1-InstallSnapshotResponseHandler: InstallSnapshot in progress.
2022-10-13 10:40:54,299 [grpc-default-executor-4] INFO  impl.SnapshotInstallationHandler (SnapshotInstallationHandler.java:installSnapshot(89)) - s2@group-6905249F38B1: receive installSnapshot: s0->s2#0-t2,notify:(t:2, i:255)
2022-10-13 10:40:54,299 [s1-server-thread1] INFO  server.RaftServer$Division (RaftServerImpl.java:checkInconsistentAppendEntries(1577)) - s1@group-6905249F38B1: Failed appendEntries as snapshot (255) installation is in progress
2022-10-13 10:40:54,299 [grpc-default-executor-4] INFO  impl.SnapshotInstallationHandler (SnapshotInstallationHandler.java:installSnapshot(100)) - s2@group-6905249F38B1: reply installSnapshot: s0<-s2#0:FAIL-t2,IN_PROGRESS
2022-10-13 10:40:54,299 [s1-server-thread1] INFO  server.RaftServer$Division (RaftServerImpl.java:checkInconsistentAppendEntries(1569)) - s1@group-6905249F38B1: inconsistency entries. Reply:s0<-s1#176:FAIL-t2,INCONSISTENCY,nextIndex=0,followerCommit=-1,matchIndex=-1
2022-10-13 10:40:54,299 [grpc-default-executor-2] INFO  server.GrpcServerProtocolService (GrpcServerProtocolService.java:onCompleted(143)) - s2: Completed INSTALL_SNAPSHOT, lastRequest: s0->s2#0-t2,notify:(t:2, i:255)
2022-10-13 10:40:54,300 [grpc-default-executor-2] INFO  leader.FollowerInfo (FollowerInfoImpl.java:lambda$new$0(48)) - s0@group-6905249F38B1->s1: nextIndex: updateUnconditionally 0 -> 0
2022-10-13 10:40:54,300 [grpc-default-executor-4] INFO  server.GrpcLogAppender (GrpcLogAppender.java:onNext(492)) - s0@group-6905249F38B1->s2-InstallSnapshotResponseHandler: received a reply s0<-s2#0:FAIL-t2,IN_PROGRESS
2022-10-13 10:40:54,300 [s0@group-6905249F38B1->s1-GrpcLogAppender-LogAppenderDaemon] INFO  server.GrpcLogAppender (GrpcLogAppender.java:installSnapshot(633)) - s0@group-6905249F38B1->s1-GrpcLogAppender: followerNextIndex = 0 but logStartIndex = 255, notify follower to install snapshot-(t:2, i:255)
2022-10-13 10:40:54,300 [grpc-default-executor-4] INFO  server.GrpcLogAppender (GrpcLogAppender.java:onNext(510)) - s0@group-6905249F38B1->s2-InstallSnapshotResponseHandler: InstallSnapshot in progress.
2022-10-13 10:40:54,300 [s0@group-6905249F38B1->s1-GrpcLogAppender-LogAppenderDaemon] INFO  server.GrpcLogAppender (GrpcLogAppender.java:installSnapshot(641)) - s0@group-6905249F38B1->s1-GrpcLogAppender: send s0->s1#0-t2,notify:(t:2, i:255)
2022-10-13 10:40:54,301 [grpc-default-executor-4] INFO  impl.SnapshotInstallationHandler (SnapshotInstallationHandler.java:installSnapshot(89)) - s1@group-6905249F38B1: receive installSnapshot: s0->s1#0-t2,notify:(t:2, i:255)
2022-10-13 10:40:54,301 [s2-server-thread1] INFO  server.RaftServer$Division (RaftServerImpl.java:checkInconsistentAppendEntries(1577)) - s2@group-6905249F38B1: Failed appendEntries as snapshot (255) installation is in progress
2022-10-13 10:40:54,301 [grpc-default-executor-4] INFO  impl.SnapshotInstallationHandler (SnapshotInstallationHandler.java:installSnapshot(100)) - s1@group-6905249F38B1: reply installSnapshot: s0<-s1#0:FAIL-t2,IN_PROGRESS
2022-10-13 10:40:54,301 [s2-server-thread1] INFO  server.RaftServer$Division (RaftServerImpl.java:checkInconsistentAppendEntries(1569)) - s2@group-6905249F38B1: inconsistency entries. Reply:s0<-s2#151:FAIL-t2,INCONSISTENCY,nextIndex=0,followerCommit=-1,matchIndex=-1
2022-10-13 10:40:54,301 [grpc-default-executor-4] INFO  server.GrpcServerProtocolService (GrpcServerProtocolService.java:onCompleted(143)) - s1: Completed INSTALL_SNAPSHOT, lastRequest: s0->s1#0-t2,notify:(t:2, i:255)
2022-10-13 10:40:54,301 [grpc-default-executor-2] INFO  server.GrpcLogAppender (GrpcLogAppender.java:onNext(492)) - s0@group-6905249F38B1->s1-InstallSnapshotResponseHandler: received a reply s0<-s1#0:FAIL-t2,IN_PROGRESS
2022-10-13 10:40:54,301 [grpc-default-executor-2] INFO  server.GrpcLogAppender (GrpcLogAppender.java:onNext(510)) - s0@group-6905249F38B1->s1-InstallSnapshotResponseHandler: InstallSnapshot in progress.
2022-10-13 10:40:54,301 [grpc-default-executor-4] INFO  leader.FollowerInfo (FollowerInfoImpl.java:lambda$new$0(48)) - s0@group-6905249F38B1->s2: nextIndex: updateUnconditionally 0 -> 0
2022-10-13 10:40:54,301 [s0@group-6905249F38B1->s2-GrpcLogAppender-LogAppenderDaemon] INFO  server.GrpcLogAppender (GrpcLogAppender.java:installSnapshot(633)) - s0@group-6905249F38B1->s2-GrpcLogAppender: followerNextIndex = 0 but logStartIndex = 255, notify follower to install snapshot-(t:2, i:255)
2022-10-13 10:40:54,302 [s0@group-6905249F38B1->s2-GrpcLogAppender-LogAppenderDaemon] INFO  server.GrpcLogAppender (GrpcLogAppender.java:installSnapshot(641)) - s0@group-6905249F38B1->s2-GrpcLogAppender: send s0->s2#0-t2,notify:(t:2, i:255)
2022-10-13 10:40:54,302 [s1-server-thread1] INFO  server.RaftServer$Division (RaftServerImpl.java:checkInconsistentAppendEntries(1577)) - s1@group-6905249F38B1: Failed appendEntries as snapshot (255) installation is in progress
2022-10-13 10:40:54,302 [s1-server-thread1] INFO  server.RaftServer$Division (RaftServerImpl.java:checkInconsistentAppendEntries(1569)) - s1@group-6905249F38B1: inconsistency entries. Reply:s0<-s1#177:FAIL-t2,INCONSISTENCY,nextIndex=0,followerCommit=-1,matchIndex=-1
2022-10-13 10:40:54,302 [grpc-default-executor-2] INFO  impl.SnapshotInstallationHandler (SnapshotInstallationHandler.java:installSnapshot(89)) - s2@group-6905249F38B1: receive installSnapshot: s0->s2#0-t2,notify:(t:2, i:255)
2022-10-13 10:40:54,302 [grpc-default-executor-2] INFO  impl.SnapshotInstallationHandler (SnapshotInstallationHandler.java:installSnapshot(100)) - s2@group-6905249F38B1: reply installSnapshot: s0<-s2#0:FAIL-t2,IN_PROGRESS
2022-10-13 10:40:54,303 [grpc-default-executor-2] INFO  server.GrpcServerProtocolService (GrpcServerProtocolService.java:onCompleted(143)) - s2: Completed INSTALL_SNAPSHOT, lastRequest: s0->s2#0-t2,notify:(t:2, i:255)
2022-10-13 10:40:54,303 [grpc-default-executor-4] INFO  leader.FollowerInfo (FollowerInfoImpl.java:lambda$new$0(48)) - s0@group-6905249F38B1->s1: nextIndex: updateUnconditionally 0 -> 0
2022-10-13 10:40:54,303 [s0@group-6905249F38B1->s1-GrpcLogAppender-LogAppenderDaemon] INFO  server.GrpcLogAppender (GrpcLogAppender.java:installSnapshot(633)) - s0@group-6905249F38B1->s1-GrpcLogAppender: followerNextIndex = 0 but logStartIndex = 255, notify follower to install snapshot-(t:2, i:255)
2022-10-13 10:40:54,303 [s0@group-6905249F38B1->s1-GrpcLogAppender-LogAppenderDaemon] INFO  server.GrpcLogAppender (GrpcLogAppender.java:installSnapshot(641)) - s0@group-6905249F38B1->s1-GrpcLogAppender: send s0->s1#0-t2,notify:(t:2, i:255)
2022-10-13 10:40:54,303 [grpc-default-executor-2] INFO  server.GrpcLogAppender (GrpcLogAppender.java:onNext(492)) - s0@group-6905249F38B1->s2-InstallSnapshotResponseHandler: received a reply s0<-s2#0:FAIL-t2,IN_PROGRESS
2022-10-13 10:40:54,303 [grpc-default-executor-2] INFO  server.GrpcLogAppender (GrpcLogAppender.java:onNext(510)) - s0@group-6905249F38B1->s2-InstallSnapshotResponseHandler: InstallSnapshot in progress.
2022-10-13 10:40:54,304 [grpc-default-executor-2] INFO  impl.SnapshotInstallationHandler (SnapshotInstallationHandler.java:installSnapshot(89)) - s1@group-6905249F38B1: receive installSnapshot: s0->s1#0-t2,notify:(t:2, i:255)
2022-10-13 10:40:54,304 [grpc-default-executor-2] INFO  impl.SnapshotInstallationHandler (SnapshotInstallationHandler.java:installSnapshot(100)) - s1@group-6905249F38B1: reply installSnapshot: s0<-s1#0:FAIL-t2,IN_PROGRESS
2022-10-13 10:40:54,304 [grpc-default-executor-2] INFO  server.GrpcServerProtocolService (GrpcServerProtocolService.java:onCompleted(143)) - s1: Completed INSTALL_SNAPSHOT, lastRequest: s0->s1#0-t2,notify:(t:2, i:255)
2022-10-13 10:40:54,304 [s2-server-thread1] INFO  server.RaftServer$Division (RaftServerImpl.java:checkInconsistentAppendEntries(1577)) - s2@group-6905249F38B1: Failed appendEntries as snapshot (255) installation is in progress
2022-10-13 10:40:54,304 [s2-server-thread1] INFO  server.RaftServer$Division (RaftServerImpl.java:checkInconsistentAppendEntries(1569)) - s2@group-6905249F38B1: inconsistency entries. Reply:s0<-s2#152:FAIL-t2,INCONSISTENCY,nextIndex=0,followerCommit=-1,matchIndex=-1
2022-10-13 10:40:54,304 [grpc-default-executor-2] INFO  server.GrpcLogAppender (GrpcLogAppender.java:onNext(492)) - s0@group-6905249F38B1->s1-InstallSnapshotResponseHandler: received a reply s0<-s1#0:FAIL-t2,IN_PROGRESS
2022-10-13 10:40:54,304 [grpc-default-executor-2] INFO  server.GrpcLogAppender (GrpcLogAppender.java:onNext(510)) - s0@group-6905249F38B1->s1-InstallSnapshotResponseHandler: InstallSnapshot in progress.
2022-10-13 10:40:54,304 [grpc-default-executor-4] INFO  leader.FollowerInfo (FollowerInfoImpl.java:lambda$new$0(48)) - s0@group-6905249F38B1->s2: nextIndex: updateUnconditionally 0 -> 0
2022-10-13 10:40:54,305 [s0@group-6905249F38B1->s2-GrpcLogAppender-LogAppenderDaemon] INFO  server.GrpcLogAppender (GrpcLogAppender.java:installSnapshot(633)) - s0@group-6905249F38B1->s2-GrpcLogAppender: followerNextIndex = 0 but logStartIndex = 255, notify follower to install snapshot-(t:2, i:255)
2022-10-13 10:40:54,305 [s0@group-6905249F38B1->s2-GrpcLogAppender-LogAppenderDaemon] INFO  server.GrpcLogAppender (GrpcLogAppender.java:installSnapshot(641)) - s0@group-6905249F38B1->s2-GrpcLogAppender: send s0->s2#0-t2,notify:(t:2, i:255)
2022-10-13 10:40:54,305 [s1-server-thread1] INFO  server.RaftServer$Division (RaftServerImpl.java:checkInconsistentAppendEntries(1577)) - s1@group-6905249F38B1: Failed appendEntries as snapshot (255) installation is in progress
2022-10-13 10:40:54,305 [s1-server-thread1] INFO  server.RaftServer$Division (RaftServerImpl.java:checkInconsistentAppendEntries(1569)) - s1@group-6905249F38B1: inconsistency entries. Reply:s0<-s1#178:FAIL-t2,INCONSISTENCY,nextIndex=0,followerCommit=-1,matchIndex=-1
2022-10-13 10:40:54,305 [grpc-default-executor-4] INFO  impl.SnapshotInstallationHandler (SnapshotInstallationHandler.java:installSnapshot(89)) - s2@group-6905249F38B1: receive installSnapshot: s0->s2#0-t2,notify:(t:2, i:255)
2022-10-13 10:40:54,306 [grpc-default-executor-4] INFO  impl.SnapshotInstallationHandler (SnapshotInstallationHandler.java:installSnapshot(100)) - s2@group-6905249F38B1: reply installSnapshot: s0<-s2#0:FAIL-t2,IN_PROGRESS
2022-10-13 10:40:54,306 [grpc-default-executor-4] INFO  server.GrpcServerProtocolService (GrpcServerProtocolService.java:onCompleted(143)) - s2: Completed INSTALL_SNAPSHOT, lastRequest: s0->s2#0-t2,notify:(t:2, i:255)
2022-10-13 10:40:54,306 [grpc-default-executor-4] INFO  leader.FollowerInfo (FollowerInfoImpl.java:lambda$new$0(48)) - s0@group-6905249F38B1->s1: nextIndex: updateUnconditionally 0 -> 0
2022-10-13 10:40:54,306 [s0@group-6905249F38B1->s1-GrpcLogAppender-LogAppenderDaemon] INFO  server.GrpcLogAppender (GrpcLogAppender.java:installSnapshot(633)) - s0@group-6905249F38B1->s1-GrpcLogAppender: followerNextIndex = 0 but logStartIndex = 255, notify follower to install snapshot-(t:2, i:255)
2022-10-13 10:40:54,306 [s0@group-6905249F38B1->s1-GrpcLogAppender-LogAppenderDaemon] INFO  server.GrpcLogAppender (GrpcLogAppender.java:installSnapshot(641)) - s0@group-6905249F38B1->s1-GrpcLogAppender: send s0->s1#0-t2,notify:(t:2, i:255)
2022-10-13 10:40:54,308 [grpc-default-executor-4] INFO  server.GrpcLogAppender (GrpcLogAppender.java:onNext(492)) - s0@group-6905249F38B1->s2-InstallSnapshotResponseHandler: received a reply s0<-s2#0:FAIL-t2,IN_PROGRESS
2022-10-13 10:40:54,308 [grpc-default-executor-4] INFO  server.GrpcLogAppender (GrpcLogAppender.java:onNext(510)) - s0@group-6905249F38B1->s2-InstallSnapshotResponseHandler: InstallSnapshot in progress.
2022-10-13 10:40:54,309 [grpc-default-executor-4] INFO  impl.SnapshotInstallationHandler (SnapshotInstallationHandler.java:installSnapshot(89)) - s1@group-6905249F38B1: receive installSnapshot: s0->s1#0-t2,notify:(t:2, i:255)
2022-10-13 10:40:54,309 [grpc-default-executor-4] INFO  impl.SnapshotInstallationHandler (SnapshotInstallationHandler.java:installSnapshot(100)) - s1@group-6905249F38B1: reply installSnapshot: s0<-s1#0:FAIL-t2,IN_PROGRESS
2022-10-13 10:40:54,309 [grpc-default-executor-4] INFO  server.GrpcServerProtocolService (GrpcServerProtocolService.java:onCompleted(143)) - s1: Completed INSTALL_SNAPSHOT, lastRequest: s0->s1#0-t2,notify:(t:2, i:255)
2022-10-13 10:40:54,309 [s2-server-thread1] INFO  server.RaftServer$Division (RaftServerImpl.java:checkInconsistentAppendEntries(1577)) - s2@group-6905249F38B1: Failed appendEntries as snapshot (255) installation is in progress
2022-10-13 10:40:54,309 [s2-server-thread1] INFO  server.RaftServer$Division (RaftServerImpl.java:checkInconsistentAppendEntries(1569)) - s2@group-6905249F38B1: inconsistency entries. Reply:s0<-s2#153:FAIL-t2,INCONSISTENCY,nextIndex=0,followerCommit=-1,matchIndex=-1
2022-10-13 10:40:54,309 [grpc-default-executor-2] INFO  server.GrpcLogAppender (GrpcLogAppender.java:onNext(492)) - s0@group-6905249F38B1->s1-InstallSnapshotResponseHandler: received a reply s0<-s1#0:FAIL-t2,IN_PROGRESS
2022-10-13 10:40:54,309 [grpc-default-executor-2] INFO  server.GrpcLogAppender (GrpcLogAppender.java:onNext(510)) - s0@group-6905249F38B1->s1-InstallSnapshotResponseHandler: InstallSnapshot in progress.
2022-10-13 10:40:54,310 [grpc-default-executor-2] INFO  leader.FollowerInfo (FollowerInfoImpl.java:lambda$new$0(48)) - s0@group-6905249F38B1->s2: nextIndex: updateUnconditionally 0 -> 0
2022-10-13 10:40:54,310 [s0@group-6905249F38B1->s2-GrpcLogAppender-LogAppenderDaemon] INFO  server.GrpcLogAppender (GrpcLogAppender.java:installSnapshot(633)) - s0@group-6905249F38B1->s2-GrpcLogAppender: followerNextIndex = 0 but logStartIndex = 255, notify follower to install snapshot-(t:2, i:255)
2022-10-13 10:40:54,310 [s0@group-6905249F38B1->s2-GrpcLogAppender-LogAppenderDaemon] INFO  server.GrpcLogAppender (GrpcLogAppender.java:installSnapshot(641)) - s0@group-6905249F38B1->s2-GrpcLogAppender: send s0->s2#0-t2,notify:(t:2, i:255)
2022-10-13 10:40:54,310 [s1-server-thread1] INFO  server.RaftServer$Division (RaftServerImpl.java:checkInconsistentAppendEntries(1577)) - s1@group-6905249F38B1: Failed appendEntries as snapshot (255) installation is in progress
2022-10-13 10:40:54,310 [s1-server-thread1] INFO  server.RaftServer$Division (RaftServerImpl.java:checkInconsistentAppendEntries(1569)) - s1@group-6905249F38B1: inconsistency entries. Reply:s0<-s1#179:FAIL-t2,INCONSISTENCY,nextIndex=0,followerCommit=-1,matchIndex=-1
2022-10-13 10:40:54,311 [grpc-default-executor-2] INFO  leader.FollowerInfo (FollowerInfoImpl.java:lambda$new$0(48)) - s0@group-6905249F38B1->s1: nextIndex: updateUnconditionally 0 -> 0
2022-10-13 10:40:54,311 [s0@group-6905249F38B1->s1-GrpcLogAppender-LogAppenderDaemon] INFO  server.GrpcLogAppender (GrpcLogAppender.java:installSnapshot(633)) - s0@group-6905249F38B1->s1-GrpcLogAppender: followerNextIndex = 0 but logStartIndex = 255, notify follower to install snapshot-(t:2, i:255)
2022-10-13 10:40:54,311 [s0@group-6905249F38B1->s1-GrpcLogAppender-LogAppenderDaemon] INFO  server.GrpcLogAppender (GrpcLogAppender.java:installSnapshot(641)) - s0@group-6905249F38B1->s1-GrpcLogAppender: send s0->s1#0-t2,notify:(t:2, i:255)
2022-10-13 10:40:54,312 [grpc-default-executor-4] INFO  impl.SnapshotInstallationHandler (SnapshotInstallationHandler.java:installSnapshot(89)) - s2@group-6905249F38B1: receive installSnapshot: s0->s2#0-t2,notify:(t:2, i:255)
2022-10-13 10:40:54,312 [grpc-default-executor-4] INFO  impl.SnapshotInstallationHandler (SnapshotInstallationHandler.java:installSnapshot(100)) - s2@group-6905249F38B1: reply installSnapshot: s0<-s2#0:FAIL-t2,IN_PROGRESS
2022-10-13 10:40:54,312 [grpc-default-executor-4] INFO  server.GrpcServerProtocolService (GrpcServerProtocolService.java:onCompleted(143)) - s2: Completed INSTALL_SNAPSHOT, lastRequest: s0->s2#0-t2,notify:(t:2, i:255)
2022-10-13 10:40:54,313 [grpc-default-executor-4] INFO  server.GrpcLogAppender (GrpcLogAppender.java:onNext(492)) - s0@group-6905249F38B1->s2-InstallSnapshotResponseHandler: received a reply s0<-s2#0:FAIL-t2,IN_PROGRESS
2022-10-13 10:40:54,313 [grpc-default-executor-4] INFO  server.GrpcLogAppender (GrpcLogAppender.java:onNext(510)) - s0@group-6905249F38B1->s2-InstallSnapshotResponseHandler: InstallSnapshot in progress.
2022-10-13 10:40:54,313 [grpc-default-executor-4] INFO  impl.SnapshotInstallationHandler (SnapshotInstallationHandler.java:installSnapshot(89)) - s1@group-6905249F38B1: receive installSnapshot: s0->s1#0-t2,notify:(t:2, i:255)
2022-10-13 10:40:54,313 [grpc-default-executor-4] INFO  impl.SnapshotInstallationHandler (SnapshotInstallationHandler.java:installSnapshot(100)) - s1@group-6905249F38B1: reply installSnapshot: s0<-s1#0:FAIL-t2,IN_PROGRESS
2022-10-13 10:40:54,313 [grpc-default-executor-4] INFO  server.GrpcServerProtocolService (GrpcServerProtocolService.java:onCompleted(143)) - s1: Completed INSTALL_SNAPSHOT, lastRequest: s0->s1#0-t2,notify:(t:2, i:255)
2022-10-13 10:40:54,314 [grpc-default-executor-4] INFO  server.GrpcLogAppender (GrpcLogAppender.java:onNext(492)) - s0@group-6905249F38B1->s1-InstallSnapshotResponseHandler: received a reply s0<-s1#0:FAIL-t2,IN_PROGRESS
2022-10-13 10:40:54,314 [grpc-default-executor-4] INFO  server.GrpcLogAppender (GrpcLogAppender.java:onNext(510)) - s0@group-6905249F38B1->s1-InstallSnapshotResponseHandler: InstallSnapshot in progress.
2022-10-13 10:40:54,314 [s2-server-thread1] INFO  server.RaftServer$Division (RaftServerImpl.java:checkInconsistentAppendEntries(1577)) - s2@group-6905249F38B1: Failed appendEntries as snapshot (255) installation is in progress
2022-10-13 10:40:54,314 [s2-server-thread1] INFO  server.RaftServer$Division (RaftServerImpl.java:checkInconsistentAppendEntries(1569)) - s2@group-6905249F38B1: inconsistency entries. Reply:s0<-s2#154:FAIL-t2,INCONSISTENCY,nextIndex=0,followerCommit=-1,matchIndex=-1
2022-10-13 10:40:54,314 [s1-server-thread1] INFO  server.RaftServer$Division (RaftServerImpl.java:checkInconsistentAppendEntries(1577)) - s1@group-6905249F38B1: Failed appendEntries as snapshot (255) installation is in progress
2022-10-13 10:40:54,314 [s1-server-thread1] INFO  server.RaftServer$Division (RaftServerImpl.java:checkInconsistentAppendEntries(1569)) - s1@group-6905249F38B1: inconsistency entries. Reply:s0<-s1#180:FAIL-t2,INCONSISTENCY,nextIndex=0,followerCommit=-1,matchIndex=-1
2022-10-13 10:40:54,314 [grpc-default-executor-4] INFO  leader.FollowerInfo (FollowerInfoImpl.java:lambda$new$0(48)) - s0@group-6905249F38B1->s2: nextIndex: updateUnconditionally 0 -> 0
2022-10-13 10:40:54,315 [s0@group-6905249F38B1->s2-GrpcLogAppender-LogAppenderDaemon] INFO  server.GrpcLogAppender (GrpcLogAppender.java:installSnapshot(633)) - s0@group-6905249F38B1->s2-GrpcLogAppender: followerNextIndex = 0 but logStartIndex = 255, notify follower to install snapshot-(t:2, i:255)
2022-10-13 10:40:54,315 [s0@group-6905249F38B1->s2-GrpcLogAppender-LogAppenderDaemon] INFO  server.GrpcLogAppender (GrpcLogAppender.java:installSnapshot(641)) - s0@group-6905249F38B1->s2-GrpcLogAppender: send s0->s2#0-t2,notify:(t:2, i:255)
2022-10-13 10:40:54,315 [grpc-default-executor-4] INFO  leader.FollowerInfo (FollowerInfoImpl.java:lambda$new$0(48)) - s0@group-6905249F38B1->s1: nextIndex: updateUnconditionally 0 -> 0
2022-10-13 10:40:54,315 [s0@group-6905249F38B1->s1-GrpcLogAppender-LogAppenderDaemon] INFO  server.GrpcLogAppender (GrpcLogAppender.java:installSnapshot(633)) - s0@group-6905249F38B1->s1-GrpcLogAppender: followerNextIndex = 0 but logStartIndex = 255, notify follower to install snapshot-(t:2, i:255)
2022-10-13 10:40:54,315 [s0@group-6905249F38B1->s1-GrpcLogAppender-LogAppenderDaemon] INFO  server.GrpcLogAppender (GrpcLogAppender.java:installSnapshot(641)) - s0@group-6905249F38B1->s1-GrpcLogAppender: send s0->s1#0-t2,notify:(t:2, i:255)
2022-10-13 10:40:54,315 [grpc-default-executor-2] INFO  impl.SnapshotInstallationHandler (SnapshotInstallationHandler.java:installSnapshot(89)) - s2@group-6905249F38B1: receive installSnapshot: s0->s2#0-t2,notify:(t:2, i:255)
2022-10-13 10:40:54,316 [grpc-default-executor-2] INFO  impl.SnapshotInstallationHandler (SnapshotInstallationHandler.java:installSnapshot(100)) - s2@group-6905249F38B1: reply installSnapshot: s0<-s2#0:FAIL-t2,IN_PROGRESS
2022-10-13 10:40:54,316 [grpc-default-executor-2] INFO  server.GrpcServerProtocolService (GrpcServerProtocolService.java:onCompleted(143)) - s2: Completed INSTALL_SNAPSHOT, lastRequest: s0->s2#0-t2,notify:(t:2, i:255)
2022-10-13 10:40:54,316 [grpc-default-executor-2] INFO  server.GrpcLogAppender (GrpcLogAppender.java:onNext(492)) - s0@group-6905249F38B1->s2-InstallSnapshotResponseHandler: received a reply s0<-s2#0:FAIL-t2,IN_PROGRESS
2022-10-13 10:40:54,316 [grpc-default-executor-2] INFO  server.GrpcLogAppender (GrpcLogAppender.java:onNext(510)) - s0@group-6905249F38B1->s2-InstallSnapshotResponseHandler: InstallSnapshot in progress.
2022-10-13 10:40:54,317 [grpc-default-executor-2] INFO  impl.SnapshotInstallationHandler (SnapshotInstallationHandler.java:installSnapshot(89)) - s1@group-6905249F38B1: receive installSnapshot: s0->s1#0-t2,notify:(t:2, i:255)
2022-10-13 10:40:54,317 [grpc-default-executor-2] INFO  impl.SnapshotInstallationHandler (SnapshotInstallationHandler.java:installSnapshot(100)) - s1@group-6905249F38B1: reply installSnapshot: s0<-s1#0:FAIL-t2,IN_PROGRESS
2022-10-13 10:40:54,317 [grpc-default-executor-2] INFO  server.GrpcServerProtocolService (GrpcServerProtocolService.java:onCompleted(143)) - s1: Completed INSTALL_SNAPSHOT, lastRequest: s0->s1#0-t2,notify:(t:2, i:255)
2022-10-13 10:40:54,317 [grpc-default-executor-2] INFO  server.GrpcLogAppender (GrpcLogAppender.java:onNext(492)) - s0@group-6905249F38B1->s1-InstallSnapshotResponseHandler: received a reply s0<-s1#0:FAIL-t2,IN_PROGRESS
2022-10-13 10:40:54,317 [grpc-default-executor-2] INFO  server.GrpcLogAppender (GrpcLogAppender.java:onNext(510)) - s0@group-6905249F38B1->s1-InstallSnapshotResponseHandler: InstallSnapshot in progress.
2022-10-13 10:40:54,318 [s2-server-thread1] INFO  server.RaftServer$Division (RaftServerImpl.java:checkInconsistentAppendEntries(1577)) - s2@group-6905249F38B1: Failed appendEntries as snapshot (255) installation is in progress
2022-10-13 10:40:54,318 [s2-server-thread1] INFO  server.RaftServer$Division (RaftServerImpl.java:checkInconsistentAppendEntries(1569)) - s2@group-6905249F38B1: inconsistency entries. Reply:s0<-s2#155:FAIL-t2,INCONSISTENCY,nextIndex=0,followerCommit=-1,matchIndex=-1
2022-10-13 10:40:54,318 [s1-server-thread1] INFO  server.RaftServer$Division (RaftServerImpl.java:checkInconsistentAppendEntries(1577)) - s1@group-6905249F38B1: Failed appendEntries as snapshot (255) installation is in progress
2022-10-13 10:40:54,318 [s1-server-thread1] INFO  server.RaftServer$Division (RaftServerImpl.java:checkInconsistentAppendEntries(1569)) - s1@group-6905249F38B1: inconsistency entries. Reply:s0<-s1#181:FAIL-t2,INCONSISTENCY,nextIndex=0,followerCommit=-1,matchIndex=-1
2022-10-13 10:40:54,318 [grpc-default-executor-2] INFO  leader.FollowerInfo (FollowerInfoImpl.java:lambda$new$0(48)) - s0@group-6905249F38B1->s2: nextIndex: updateUnconditionally 0 -> 0
2022-10-13 10:40:54,318 [s0@group-6905249F38B1->s2-GrpcLogAppender-LogAppenderDaemon] INFO  server.GrpcLogAppender (GrpcLogAppender.java:installSnapshot(633)) - s0@group-6905249F38B1->s2-GrpcLogAppender: followerNextIndex = 0 but logStartIndex = 255, notify follower to install snapshot-(t:2, i:255)
2022-10-13 10:40:54,318 [s0@group-6905249F38B1->s2-GrpcLogAppender-LogAppenderDaemon] INFO  server.GrpcLogAppender (GrpcLogAppender.java:installSnapshot(641)) - s0@group-6905249F38B1->s2-GrpcLogAppender: send s0->s2#0-t2,notify:(t:2, i:255)
2022-10-13 10:40:54,319 [grpc-default-executor-4] INFO  leader.FollowerInfo (FollowerInfoImpl.java:lambda$new$0(48)) - s0@group-6905249F38B1->s1: nextIndex: updateUnconditionally 0 -> 0
2022-10-13 10:40:54,319 [s0@group-6905249F38B1->s1-GrpcLogAppender-LogAppenderDaemon] INFO  server.GrpcLogAppender (GrpcLogAppender.java:installSnapshot(633)) - s0@group-6905249F38B1->s1-GrpcLogAppender: followerNextIndex = 0 but logStartIndex = 255, notify follower to install snapshot-(t:2, i:255)
2022-10-13 10:40:54,319 [grpc-default-executor-4] INFO  impl.SnapshotInstallationHandler (SnapshotInstallationHandler.java:installSnapshot(89)) - s2@group-6905249F38B1: receive installSnapshot: s0->s2#0-t2,notify:(t:2, i:255)
2022-10-13 10:40:54,319 [s0@group-6905249F38B1->s1-GrpcLogAppender-LogAppenderDaemon] INFO  server.GrpcLogAppender (GrpcLogAppender.java:installSnapshot(641)) - s0@group-6905249F38B1->s1-GrpcLogAppender: send s0->s1#0-t2,notify:(t:2, i:255)
2022-10-13 10:40:54,319 [grpc-default-executor-4] INFO  impl.SnapshotInstallationHandler (SnapshotInstallationHandler.java:installSnapshot(100)) - s2@group-6905249F38B1: reply installSnapshot: s0<-s2#0:FAIL-t2,IN_PROGRESS
2022-10-13 10:40:54,320 [grpc-default-executor-4] INFO  server.GrpcServerProtocolService (GrpcServerProtocolService.java:onCompleted(143)) - s2: Completed INSTALL_SNAPSHOT, lastRequest: s0->s2#0-t2,notify:(t:2, i:255)
2022-10-13 10:40:54,320 [grpc-default-executor-2] INFO  server.GrpcLogAppender (GrpcLogAppender.java:onNext(492)) - s0@group-6905249F38B1->s2-InstallSnapshotResponseHandler: received a reply s0<-s2#0:FAIL-t2,IN_PROGRESS
2022-10-13 10:40:54,320 [grpc-default-executor-2] INFO  server.GrpcLogAppender (GrpcLogAppender.java:onNext(510)) - s0@group-6905249F38B1->s2-InstallSnapshotResponseHandler: InstallSnapshot in progress.
2022-10-13 10:40:54,320 [grpc-default-executor-4] INFO  impl.SnapshotInstallationHandler (SnapshotInstallationHandler.java:installSnapshot(89)) - s1@group-6905249F38B1: receive installSnapshot: s0->s1#0-t2,notify:(t:2, i:255)
2022-10-13 10:40:54,320 [grpc-default-executor-4] INFO  impl.SnapshotInstallationHandler (SnapshotInstallationHandler.java:installSnapshot(100)) - s1@group-6905249F38B1: reply installSnapshot: s0<-s1#0:FAIL-t2,IN_PROGRESS
2022-10-13 10:40:54,320 [grpc-default-executor-4] INFO  server.GrpcServerProtocolService (GrpcServerProtocolService.java:onCompleted(143)) - s1: Completed INSTALL_SNAPSHOT, lastRequest: s0->s1#0-t2,notify:(t:2, i:255)
2022-10-13 10:40:54,321 [grpc-default-executor-4] INFO  server.GrpcLogAppender (GrpcLogAppender.java:onNext(492)) - s0@group-6905249F38B1->s1-InstallSnapshotResponseHandler: received a reply s0<-s1#0:FAIL-t2,IN_PROGRESS
2022-10-13 10:40:54,321 [grpc-default-executor-4] INFO  server.GrpcLogAppender (GrpcLogAppender.java:onNext(510)) - s0@group-6905249F38B1->s1-InstallSnapshotResponseHandler: InstallSnapshot in progress.
2022-10-13 10:40:54,321 [s2-server-thread1] INFO  server.RaftServer$Division (RaftServerImpl.java:checkInconsistentAppendEntries(1577)) - s2@group-6905249F38B1: Failed appendEntries as snapshot (255) installation is in progress
2022-10-13 10:40:54,321 [s2-server-thread1] INFO  server.RaftServer$Division (RaftServerImpl.java:checkInconsistentAppendEntries(1569)) - s2@group-6905249F38B1: inconsistency entries. Reply:s0<-s2#156:FAIL-t2,INCONSISTENCY,nextIndex=0,followerCommit=-1,matchIndex=-1
2022-10-13 10:40:54,321 [grpc-default-executor-2] INFO  leader.FollowerInfo (FollowerInfoImpl.java:lambda$new$0(48)) - s0@group-6905249F38B1->s2: nextIndex: updateUnconditionally 0 -> 0
2022-10-13 10:40:54,321 [s0@group-6905249F38B1->s2-GrpcLogAppender-LogAppenderDaemon] INFO  server.GrpcLogAppender (GrpcLogAppender.java:installSnapshot(633)) - s0@group-6905249F38B1->s2-GrpcLogAppender: followerNextIndex = 0 but logStartIndex = 255, notify follower to install snapshot-(t:2, i:255)
2022-10-13 10:40:54,322 [s0@group-6905249F38B1->s2-GrpcLogAppender-LogAppenderDaemon] INFO  server.GrpcLogAppender (GrpcLogAppender.java:installSnapshot(641)) - s0@group-6905249F38B1->s2-GrpcLogAppender: send s0->s2#0-t2,notify:(t:2, i:255)
2022-10-13 10:40:54,322 [s1-server-thread1] INFO  server.RaftServer$Division (RaftServerImpl.java:checkInconsistentAppendEntries(1577)) - s1@group-6905249F38B1: Failed appendEntries as snapshot (255) installation is in progress
2022-10-13 10:40:54,322 [s1-server-thread1] INFO  server.RaftServer$Division (RaftServerImpl.java:checkInconsistentAppendEntries(1569)) - s1@group-6905249F38B1: inconsistency entries. Reply:s0<-s1#182:FAIL-t2,INCONSISTENCY,nextIndex=0,followerCommit=-1,matchIndex=-1
2022-10-13 10:40:54,322 [grpc-default-executor-4] INFO  leader.FollowerInfo (FollowerInfoImpl.java:lambda$new$0(48)) - s0@group-6905249F38B1->s1: nextIndex: updateUnconditionally 0 -> 0
2022-10-13 10:40:54,322 [grpc-default-executor-2] INFO  impl.SnapshotInstallationHandler (SnapshotInstallationHandler.java:installSnapshot(89)) - s2@group-6905249F38B1: receive installSnapshot: s0->s2#0-t2,notify:(t:2, i:255)
2022-10-13 10:40:54,322 [s0@group-6905249F38B1->s1-GrpcLogAppender-LogAppenderDaemon] INFO  server.GrpcLogAppender (GrpcLogAppender.java:installSnapshot(633)) - s0@group-6905249F38B1->s1-GrpcLogAppender: followerNextIndex = 0 but logStartIndex = 255, notify follower to install snapshot-(t:2, i:255)
2022-10-13 10:40:54,322 [grpc-default-executor-2] INFO  impl.SnapshotInstallationHandler (SnapshotInstallationHandler.java:installSnapshot(100)) - s2@group-6905249F38B1: reply installSnapshot: s0<-s2#0:FAIL-t2,IN_PROGRESS
2022-10-13 10:40:54,322 [s0@group-6905249F38B1->s1-GrpcLogAppender-LogAppenderDaemon] INFO  server.GrpcLogAppender (GrpcLogAppender.java:installSnapshot(641)) - s0@group-6905249F38B1->s1-GrpcLogAppender: send s0->s1#0-t2,notify:(t:2, i:255)
2022-10-13 10:40:54,323 [grpc-default-executor-2] INFO  server.GrpcServerProtocolService (GrpcServerProtocolService.java:onCompleted(143)) - s2: Completed INSTALL_SNAPSHOT, lastRequest: s0->s2#0-t2,notify:(t:2, i:255)
2022-10-13 10:40:54,323 [grpc-default-executor-2] INFO  server.GrpcLogAppender (GrpcLogAppender.java:onNext(492)) - s0@group-6905249F38B1->s2-InstallSnapshotResponseHandler: received a reply s0<-s2#0:FAIL-t2,IN_PROGRESS
2022-10-13 10:40:54,323 [grpc-default-executor-2] INFO  server.GrpcLogAppender (GrpcLogAppender.java:onNext(510)) - s0@group-6905249F38B1->s2-InstallSnapshotResponseHandler: InstallSnapshot in progress.
2022-10-13 10:40:54,324 [grpc-default-executor-2] INFO  impl.SnapshotInstallationHandler (SnapshotInstallationHandler.java:installSnapshot(89)) - s1@group-6905249F38B1: receive installSnapshot: s0->s1#0-t2,notify:(t:2, i:255)
2022-10-13 10:40:54,324 [grpc-default-executor-2] INFO  impl.SnapshotInstallationHandler (SnapshotInstallationHandler.java:installSnapshot(100)) - s1@group-6905249F38B1: reply installSnapshot: s0<-s1#0:FAIL-t2,IN_PROGRESS
2022-10-13 10:40:54,324 [grpc-default-executor-2] INFO  server.GrpcServerProtocolService (GrpcServerProtocolService.java:onCompleted(143)) - s1: Completed INSTALL_SNAPSHOT, lastRequest: s0->s1#0-t2,notify:(t:2, i:255)
2022-10-13 10:40:54,325 [grpc-default-executor-2] INFO  server.GrpcLogAppender (GrpcLogAppender.java:onNext(492)) - s0@group-6905249F38B1->s1-InstallSnapshotResponseHandler: received a reply s0<-s1#0:FAIL-t2,IN_PROGRESS
2022-10-13 10:40:54,325 [grpc-default-executor-2] INFO  server.GrpcLogAppender (GrpcLogAppender.java:onNext(510)) - s0@group-6905249F38B1->s1-InstallSnapshotResponseHandler: InstallSnapshot in progress.
2022-10-13 10:40:54,325 [s2-server-thread1] INFO  server.RaftServer$Division (RaftServerImpl.java:checkInconsistentAppendEntries(1577)) - s2@group-6905249F38B1: Failed appendEntries as snapshot (255) installation is in progress
2022-10-13 10:40:54,325 [s2-server-thread1] INFO  server.RaftServer$Division (RaftServerImpl.java:checkInconsistentAppendEntries(1569)) - s2@group-6905249F38B1: inconsistency entries. Reply:s0<-s2#157:FAIL-t2,INCONSISTENCY,nextIndex=0,followerCommit=-1,matchIndex=-1
2022-10-13 10:40:54,325 [s1-server-thread1] INFO  server.RaftServer$Division (RaftServerImpl.java:checkInconsistentAppendEntries(1577)) - s1@group-6905249F38B1: Failed appendEntries as snapshot (255) installation is in progress
2022-10-13 10:40:54,325 [s1-server-thread1] INFO  server.RaftServer$Division (RaftServerImpl.java:checkInconsistentAppendEntries(1569)) - s1@group-6905249F38B1: inconsistency entries. Reply:s0<-s1#183:FAIL-t2,INCONSISTENCY,nextIndex=0,followerCommit=-1,matchIndex=-1
2022-10-13 10:40:54,325 [grpc-default-executor-2] INFO  leader.FollowerInfo (FollowerInfoImpl.java:lambda$new$0(48)) - s0@group-6905249F38B1->s2: nextIndex: updateUnconditionally 0 -> 0
2022-10-13 10:40:54,325 [s0@group-6905249F38B1->s2-GrpcLogAppender-LogAppenderDaemon] INFO  server.GrpcLogAppender (GrpcLogAppender.java:installSnapshot(633)) - s0@group-6905249F38B1->s2-GrpcLogAppender: followerNextIndex = 0 but logStartIndex = 255, notify follower to install snapshot-(t:2, i:255)
2022-10-13 10:40:54,326 [s0@group-6905249F38B1->s2-GrpcLogAppender-LogAppenderDaemon] INFO  server.GrpcLogAppender (GrpcLogAppender.java:installSnapshot(641)) - s0@group-6905249F38B1->s2-GrpcLogAppender: send s0->s2#0-t2,notify:(t:2, i:255)
2022-10-13 10:40:54,326 [grpc-default-executor-2] INFO  leader.FollowerInfo (FollowerInfoImpl.java:lambda$new$0(48)) - s0@group-6905249F38B1->s1: nextIndex: updateUnconditionally 0 -> 0
2022-10-13 10:40:54,326 [s0@group-6905249F38B1->s1-GrpcLogAppender-LogAppenderDaemon] INFO  server.GrpcLogAppender (GrpcLogAppender.java:installSnapshot(633)) - s0@group-6905249F38B1->s1-GrpcLogAppender: followerNextIndex = 0 but logStartIndex = 255, notify follower to install snapshot-(t:2, i:255)
2022-10-13 10:40:54,326 [s0@group-6905249F38B1->s1-GrpcLogAppender-LogAppenderDaemon] INFO  server.GrpcLogAppender (GrpcLogAppender.java:installSnapshot(641)) - s0@group-6905249F38B1->s1-GrpcLogAppender: send s0->s1#0-t2,notify:(t:2, i:255)
2022-10-13 10:40:54,326 [grpc-default-executor-2] INFO  impl.SnapshotInstallationHandler (SnapshotInstallationHandler.java:installSnapshot(89)) - s2@group-6905249F38B1: receive installSnapshot: s0->s2#0-t2,notify:(t:2, i:255)
2022-10-13 10:40:54,326 [grpc-default-executor-2] INFO  impl.SnapshotInstallationHandler (SnapshotInstallationHandler.java:installSnapshot(100)) - s2@group-6905249F38B1: reply installSnapshot: s0<-s2#0:FAIL-t2,IN_PROGRESS
2022-10-13 10:40:54,327 [grpc-default-executor-2] INFO  server.GrpcServerProtocolService (GrpcServerProtocolService.java:onCompleted(143)) - s2: Completed INSTALL_SNAPSHOT, lastRequest: s0->s2#0-t2,notify:(t:2, i:255)
2022-10-13 10:40:54,327 [grpc-default-executor-4] INFO  impl.SnapshotInstallationHandler (SnapshotInstallationHandler.java:installSnapshot(89)) - s1@group-6905249F38B1: receive installSnapshot: s0->s1#0-t2,notify:(t:2, i:255)
2022-10-13 10:40:54,327 [grpc-default-executor-4] INFO  impl.SnapshotInstallationHandler (SnapshotInstallationHandler.java:installSnapshot(100)) - s1@group-6905249F38B1: reply installSnapshot: s0<-s1#0:FAIL-t2,IN_PROGRESS
2022-10-13 10:40:54,327 [grpc-default-executor-4] INFO  server.GrpcServerProtocolService (GrpcServerProtocolService.java:onCompleted(143)) - s1: Completed INSTALL_SNAPSHOT, lastRequest: s0->s1#0-t2,notify:(t:2, i:255)
2022-10-13 10:40:54,327 [grpc-default-executor-2] INFO  server.GrpcLogAppender (GrpcLogAppender.java:onNext(492)) - s0@group-6905249F38B1->s2-InstallSnapshotResponseHandler: received a reply s0<-s2#0:FAIL-t2,IN_PROGRESS
2022-10-13 10:40:54,327 [grpc-default-executor-2] INFO  server.GrpcLogAppender (GrpcLogAppender.java:onNext(510)) - s0@group-6905249F38B1->s2-InstallSnapshotResponseHandler: InstallSnapshot in progress.
2022-10-13 10:40:54,327 [grpc-default-executor-4] INFO  server.GrpcLogAppender (GrpcLogAppender.java:onNext(492)) - s0@group-6905249F38B1->s1-InstallSnapshotResponseHandler: received a reply s0<-s1#0:FAIL-t2,IN_PROGRESS
2022-10-13 10:40:54,327 [grpc-default-executor-4] INFO  server.GrpcLogAppender (GrpcLogAppender.java:onNext(510)) - s0@group-6905249F38B1->s1-InstallSnapshotResponseHandler: InstallSnapshot in progress.
2022-10-13 10:40:54,328 [s2-server-thread1] INFO  server.RaftServer$Division (RaftServerImpl.java:checkInconsistentAppendEntries(1577)) - s2@group-6905249F38B1: Failed appendEntries as snapshot (255) installation is in progress
2022-10-13 10:40:54,328 [s2-server-thread1] INFO  server.RaftServer$Division (RaftServerImpl.java:checkInconsistentAppendEntries(1569)) - s2@group-6905249F38B1: inconsistency entries. Reply:s0<-s2#158:FAIL-t2,INCONSISTENCY,nextIndex=0,followerCommit=-1,matchIndex=-1
2022-10-13 10:40:54,328 [s1-server-thread1] INFO  server.RaftServer$Division (RaftServerImpl.java:checkInconsistentAppendEntries(1577)) - s1@group-6905249F38B1: Failed appendEntries as snapshot (255) installation is in progress
2022-10-13 10:40:54,328 [s1-server-thread1] INFO  server.RaftServer$Division (RaftServerImpl.java:checkInconsistentAppendEntries(1569)) - s1@group-6905249F38B1: inconsistency entries. Reply:s0<-s1#184:FAIL-t2,INCONSISTENCY,nextIndex=0,followerCommit=-1,matchIndex=-1
2022-10-13 10:40:54,328 [grpc-default-executor-4] INFO  leader.FollowerInfo (FollowerInfoImpl.java:lambda$new$0(48)) - s0@group-6905249F38B1->s2: nextIndex: updateUnconditionally 0 -> 0
2022-10-13 10:40:54,328 [s0@group-6905249F38B1->s2-GrpcLogAppender-LogAppenderDaemon] INFO  server.GrpcLogAppender (GrpcLogAppender.java:installSnapshot(633)) - s0@group-6905249F38B1->s2-GrpcLogAppender: followerNextIndex = 0 but logStartIndex = 255, notify follower to install snapshot-(t:2, i:255)
2022-10-13 10:40:54,328 [s0@group-6905249F38B1->s2-GrpcLogAppender-LogAppenderDaemon] INFO  server.GrpcLogAppender (GrpcLogAppender.java:installSnapshot(641)) - s0@group-6905249F38B1->s2-GrpcLogAppender: send s0->s2#0-t2,notify:(t:2, i:255)
2022-10-13 10:40:54,329 [grpc-default-executor-2] INFO  leader.FollowerInfo (FollowerInfoImpl.java:lambda$new$0(48)) - s0@group-6905249F38B1->s1: nextIndex: updateUnconditionally 0 -> 0
2022-10-13 10:40:54,329 [s0@group-6905249F38B1->s1-GrpcLogAppender-LogAppenderDaemon] INFO  server.GrpcLogAppender (GrpcLogAppender.java:installSnapshot(633)) - s0@group-6905249F38B1->s1-GrpcLogAppender: followerNextIndex = 0 but logStartIndex = 255, notify follower to install snapshot-(t:2, i:255)
2022-10-13 10:40:54,329 [s0@group-6905249F38B1->s1-GrpcLogAppender-LogAppenderDaemon] INFO  server.GrpcLogAppender (GrpcLogAppender.java:installSnapshot(641)) - s0@group-6905249F38B1->s1-GrpcLogAppender: send s0->s1#0-t2,notify:(t:2, i:255)
2022-10-13 10:40:54,329 [grpc-default-executor-4] INFO  impl.SnapshotInstallationHandler (SnapshotInstallationHandler.java:installSnapshot(89)) - s2@group-6905249F38B1: receive installSnapshot: s0->s2#0-t2,notify:(t:2, i:255)
2022-10-13 10:40:54,329 [grpc-default-executor-4] INFO  impl.SnapshotInstallationHandler (SnapshotInstallationHandler.java:installSnapshot(100)) - s2@group-6905249F38B1: reply installSnapshot: s0<-s2#0:FAIL-t2,IN_PROGRESS
2022-10-13 10:40:54,330 [grpc-default-executor-4] INFO  server.GrpcServerProtocolService (GrpcServerProtocolService.java:onCompleted(143)) - s2: Completed INSTALL_SNAPSHOT, lastRequest: s0->s2#0-t2,notify:(t:2, i:255)
2022-10-13 10:40:54,330 [grpc-default-executor-2] INFO  impl.SnapshotInstallationHandler (SnapshotInstallationHandler.java:installSnapshot(89)) - s1@group-6905249F38B1: receive installSnapshot: s0->s1#0-t2,notify:(t:2, i:255)
2022-10-13 10:40:54,330 [grpc-default-executor-2] INFO  impl.SnapshotInstallationHandler (SnapshotInstallationHandler.java:installSnapshot(100)) - s1@group-6905249F38B1: reply installSnapshot: s0<-s1#0:FAIL-t2,IN_PROGRESS
2022-10-13 10:40:54,330 [grpc-default-executor-2] INFO  server.GrpcServerProtocolService (GrpcServerProtocolService.java:onCompleted(143)) - s1: Completed INSTALL_SNAPSHOT, lastRequest: s0->s1#0-t2,notify:(t:2, i:255)
2022-10-13 10:40:54,330 [grpc-default-executor-0] INFO  server.GrpcLogAppender (GrpcLogAppender.java:onNext(492)) - s0@group-6905249F38B1->s2-InstallSnapshotResponseHandler: received a reply s0<-s2#0:FAIL-t2,IN_PROGRESS
2022-10-13 10:40:54,330 [grpc-default-executor-0] INFO  server.GrpcLogAppender (GrpcLogAppender.java:onNext(510)) - s0@group-6905249F38B1->s2-InstallSnapshotResponseHandler: InstallSnapshot in progress.
2022-10-13 10:40:54,331 [grpc-default-executor-0] INFO  server.GrpcLogAppender (GrpcLogAppender.java:onNext(492)) - s0@group-6905249F38B1->s1-InstallSnapshotResponseHandler: received a reply s0<-s1#0:FAIL-t2,IN_PROGRESS
2022-10-13 10:40:54,331 [grpc-default-executor-0] INFO  server.GrpcLogAppender (GrpcLogAppender.java:onNext(510)) - s0@group-6905249F38B1->s1-InstallSnapshotResponseHandler: InstallSnapshot in progress.
2022-10-13 10:40:54,331 [s2-server-thread1] INFO  server.RaftServer$Division (RaftServerImpl.java:checkInconsistentAppendEntries(1577)) - s2@group-6905249F38B1: Failed appendEntries as snapshot (255) installation is in progress
2022-10-13 10:40:54,331 [s2-server-thread1] INFO  server.RaftServer$Division (RaftServerImpl.java:checkInconsistentAppendEntries(1569)) - s2@group-6905249F38B1: inconsistency entries. Reply:s0<-s2#159:FAIL-t2,INCONSISTENCY,nextIndex=0,followerCommit=-1,matchIndex=-1
2022-10-13 10:40:54,331 [s1-server-thread1] INFO  server.RaftServer$Division (RaftServerImpl.java:checkInconsistentAppendEntries(1577)) - s1@group-6905249F38B1: Failed appendEntries as snapshot (255) installation is in progress
2022-10-13 10:40:54,331 [s1-server-thread1] INFO  server.RaftServer$Division (RaftServerImpl.java:checkInconsistentAppendEntries(1569)) - s1@group-6905249F38B1: inconsistency entries. Reply:s0<-s1#185:FAIL-t2,INCONSISTENCY,nextIndex=0,followerCommit=-1,matchIndex=-1
2022-10-13 10:40:54,331 [grpc-default-executor-4] INFO  leader.FollowerInfo (FollowerInfoImpl.java:lambda$new$0(48)) - s0@group-6905249F38B1->s2: nextIndex: updateUnconditionally 0 -> 0
2022-10-13 10:40:54,332 [grpc-default-executor-0] INFO  leader.FollowerInfo (FollowerInfoImpl.java:lambda$new$0(48)) - s0@group-6905249F38B1->s1: nextIndex: updateUnconditionally 0 -> 0
2022-10-13 10:40:54,332 [s0@group-6905249F38B1->s2-GrpcLogAppender-LogAppenderDaemon] INFO  server.GrpcLogAppender (GrpcLogAppender.java:installSnapshot(633)) - s0@group-6905249F38B1->s2-GrpcLogAppender: followerNextIndex = 0 but logStartIndex = 255, notify follower to install snapshot-(t:2, i:255)
2022-10-13 10:40:54,332 [s0@group-6905249F38B1->s2-GrpcLogAppender-LogAppenderDaemon] INFO  server.GrpcLogAppender (GrpcLogAppender.java:installSnapshot(641)) - s0@group-6905249F38B1->s2-GrpcLogAppender: send s0->s2#0-t2,notify:(t:2, i:255)
2022-10-13 10:40:54,332 [s0@group-6905249F38B1->s1-GrpcLogAppender-LogAppenderDaemon] INFO  server.GrpcLogAppender (GrpcLogAppender.java:installSnapshot(633)) - s0@group-6905249F38B1->s1-GrpcLogAppender: followerNextIndex = 0 but logStartIndex = 255, notify follower to install snapshot-(t:2, i:255)
2022-10-13 10:40:54,332 [s0@group-6905249F38B1->s1-GrpcLogAppender-LogAppenderDaemon] INFO  server.GrpcLogAppender (GrpcLogAppender.java:installSnapshot(641)) - s0@group-6905249F38B1->s1-GrpcLogAppender: send s0->s1#0-t2,notify:(t:2, i:255)
2022-10-13 10:40:54,333 [grpc-default-executor-0] INFO  impl.SnapshotInstallationHandler (SnapshotInstallationHandler.java:installSnapshot(89)) - s2@group-6905249F38B1: receive installSnapshot: s0->s2#0-t2,notify:(t:2, i:255)
2022-10-13 10:40:54,333 [grpc-default-executor-0] INFO  impl.SnapshotInstallationHandler (SnapshotInstallationHandler.java:installSnapshot(100)) - s2@group-6905249F38B1: reply installSnapshot: s0<-s2#0:FAIL-t2,IN_PROGRESS
2022-10-13 10:40:54,333 [grpc-default-executor-0] INFO  server.GrpcServerProtocolService (GrpcServerProtocolService.java:onCompleted(143)) - s2: Completed INSTALL_SNAPSHOT, lastRequest: s0->s2#0-t2,notify:(t:2, i:255)
2022-10-13 10:40:54,333 [grpc-default-executor-0] INFO  impl.SnapshotInstallationHandler (SnapshotInstallationHandler.java:installSnapshot(89)) - s1@group-6905249F38B1: receive installSnapshot: s0->s1#0-t2,notify:(t:2, i:255)
2022-10-13 10:40:54,333 [grpc-default-executor-0] INFO  impl.SnapshotInstallationHandler (SnapshotInstallationHandler.java:installSnapshot(100)) - s1@group-6905249F38B1: reply installSnapshot: s0<-s1#0:FAIL-t2,IN_PROGRESS
2022-10-13 10:40:54,334 [grpc-default-executor-0] INFO  server.GrpcServerProtocolService (GrpcServerProtocolService.java:onCompleted(143)) - s1: Completed INSTALL_SNAPSHOT, lastRequest: s0->s1#0-t2,notify:(t:2, i:255)
2022-10-13 10:40:54,334 [grpc-default-executor-0] INFO  server.GrpcLogAppender (GrpcLogAppender.java:onNext(492)) - s0@group-6905249F38B1->s1-InstallSnapshotResponseHandler: received a reply s0<-s1#0:FAIL-t2,IN_PROGRESS
2022-10-13 10:40:54,334 [grpc-default-executor-0] INFO  server.GrpcLogAppender (GrpcLogAppender.java:onNext(510)) - s0@group-6905249F38B1->s1-InstallSnapshotResponseHandler: InstallSnapshot in progress.
2022-10-13 10:40:54,335 [s1-server-thread1] INFO  server.RaftServer$Division (RaftServerImpl.java:checkInconsistentAppendEntries(1577)) - s1@group-6905249F38B1: Failed appendEntries as snapshot (255) installation is in progress
2022-10-13 10:40:54,335 [s1-server-thread1] INFO  server.RaftServer$Division (RaftServerImpl.java:checkInconsistentAppendEntries(1569)) - s1@group-6905249F38B1: inconsistency entries. Reply:s0<-s1#186:FAIL-t2,INCONSISTENCY,nextIndex=0,followerCommit=-1,matchIndex=-1
2022-10-13 10:40:54,335 [grpc-default-executor-4] INFO  server.GrpcLogAppender (GrpcLogAppender.java:onNext(492)) - s0@group-6905249F38B1->s2-InstallSnapshotResponseHandler: received a reply s0<-s2#0:FAIL-t2,IN_PROGRESS
2022-10-13 10:40:54,335 [grpc-default-executor-4] INFO  server.GrpcLogAppender (GrpcLogAppender.java:onNext(510)) - s0@group-6905249F38B1->s2-InstallSnapshotResponseHandler: InstallSnapshot in progress.
2022-10-13 10:40:54,335 [grpc-default-executor-4] INFO  leader.FollowerInfo (FollowerInfoImpl.java:lambda$new$0(48)) - s0@group-6905249F38B1->s1: nextIndex: updateUnconditionally 0 -> 0
2022-10-13 10:40:54,335 [s0@group-6905249F38B1->s1-GrpcLogAppender-LogAppenderDaemon] INFO  server.GrpcLogAppender (GrpcLogAppender.java:installSnapshot(633)) - s0@group-6905249F38B1->s1-GrpcLogAppender: followerNextIndex = 0 but logStartIndex = 255, notify follower to install snapshot-(t:2, i:255)
2022-10-13 10:40:54,335 [s0@group-6905249F38B1->s1-GrpcLogAppender-LogAppenderDaemon] INFO  server.GrpcLogAppender (GrpcLogAppender.java:installSnapshot(641)) - s0@group-6905249F38B1->s1-GrpcLogAppender: send s0->s1#0-t2,notify:(t:2, i:255)
2022-10-13 10:40:54,335 [s2-server-thread1] INFO  server.RaftServer$Division (RaftServerImpl.java:checkInconsistentAppendEntries(1577)) - s2@group-6905249F38B1: Failed appendEntries as snapshot (255) installation is in progress
2022-10-13 10:40:54,336 [s2-server-thread1] INFO  server.RaftServer$Division (RaftServerImpl.java:checkInconsistentAppendEntries(1569)) - s2@group-6905249F38B1: inconsistency entries. Reply:s0<-s2#160:FAIL-t2,INCONSISTENCY,nextIndex=0,followerCommit=-1,matchIndex=-1
2022-10-13 10:40:54,336 [grpc-default-executor-0] INFO  leader.FollowerInfo (FollowerInfoImpl.java:lambda$new$0(48)) - s0@group-6905249F38B1->s2: nextIndex: updateUnconditionally 0 -> 0
2022-10-13 10:40:54,336 [s0@group-6905249F38B1->s2-GrpcLogAppender-LogAppenderDaemon] INFO  server.GrpcLogAppender (GrpcLogAppender.java:installSnapshot(633)) - s0@group-6905249F38B1->s2-GrpcLogAppender: followerNextIndex = 0 but logStartIndex = 255, notify follower to install snapshot-(t:2, i:255)
2022-10-13 10:40:54,336 [s0@group-6905249F38B1->s2-GrpcLogAppender-LogAppenderDaemon] INFO  server.GrpcLogAppender (GrpcLogAppender.java:installSnapshot(641)) - s0@group-6905249F38B1->s2-GrpcLogAppender: send s0->s2#0-t2,notify:(t:2, i:255)
2022-10-13 10:40:54,336 [grpc-default-executor-0] INFO  impl.SnapshotInstallationHandler (SnapshotInstallationHandler.java:installSnapshot(89)) - s1@group-6905249F38B1: receive installSnapshot: s0->s1#0-t2,notify:(t:2, i:255)
2022-10-13 10:40:54,336 [grpc-default-executor-0] INFO  impl.SnapshotInstallationHandler (SnapshotInstallationHandler.java:installSnapshot(100)) - s1@group-6905249F38B1: reply installSnapshot: s0<-s1#0:FAIL-t2,IN_PROGRESS
2022-10-13 10:40:54,337 [grpc-default-executor-0] INFO  server.GrpcServerProtocolService (GrpcServerProtocolService.java:onCompleted(143)) - s1: Completed INSTALL_SNAPSHOT, lastRequest: s0->s1#0-t2,notify:(t:2, i:255)
2022-10-13 10:40:54,337 [grpc-default-executor-0] INFO  server.GrpcLogAppender (GrpcLogAppender.java:onNext(492)) - s0@group-6905249F38B1->s1-InstallSnapshotResponseHandler: received a reply s0<-s1#0:FAIL-t2,IN_PROGRESS
2022-10-13 10:40:54,337 [grpc-default-executor-0] INFO  server.GrpcLogAppender (GrpcLogAppender.java:onNext(510)) - s0@group-6905249F38B1->s1-InstallSnapshotResponseHandler: InstallSnapshot in progress.
2022-10-13 10:40:54,338 [s1-server-thread1] INFO  server.RaftServer$Division (RaftServerImpl.java:checkInconsistentAppendEntries(1577)) - s1@group-6905249F38B1: Failed appendEntries as snapshot (255) installation is in progress
2022-10-13 10:40:54,338 [s1-server-thread1] INFO  server.RaftServer$Division (RaftServerImpl.java:checkInconsistentAppendEntries(1569)) - s1@group-6905249F38B1: inconsistency entries. Reply:s0<-s1#187:FAIL-t2,INCONSISTENCY,nextIndex=0,followerCommit=-1,matchIndex=-1
2022-10-13 10:40:54,338 [grpc-default-executor-0] INFO  impl.SnapshotInstallationHandler (SnapshotInstallationHandler.java:installSnapshot(89)) - s2@group-6905249F38B1: receive installSnapshot: s0->s2#0-t2,notify:(t:2, i:255)
2022-10-13 10:40:54,338 [grpc-default-executor-0] INFO  impl.SnapshotInstallationHandler (SnapshotInstallationHandler.java:installSnapshot(100)) - s2@group-6905249F38B1: reply installSnapshot: s0<-s2#0:FAIL-t2,IN_PROGRESS
2022-10-13 10:40:54,339 [grpc-default-executor-0] INFO  server.GrpcServerProtocolService (GrpcServerProtocolService.java:onCompleted(143)) - s2: Completed INSTALL_SNAPSHOT, lastRequest: s0->s2#0-t2,notify:(t:2, i:255)
2022-10-13 10:40:54,339 [grpc-default-executor-0] INFO  leader.FollowerInfo (FollowerInfoImpl.java:lambda$new$0(48)) - s0@group-6905249F38B1->s1: nextIndex: updateUnconditionally 0 -> 0
2022-10-13 10:40:54,339 [s0@group-6905249F38B1->s1-GrpcLogAppender-LogAppenderDaemon] INFO  server.GrpcLogAppender (GrpcLogAppender.java:installSnapshot(633)) - s0@group-6905249F38B1->s1-GrpcLogAppender: followerNextIndex = 0 but logStartIndex = 255, notify follower to install snapshot-(t:2, i:255)
2022-10-13 10:40:54,339 [s0@group-6905249F38B1->s1-GrpcLogAppender-LogAppenderDaemon] INFO  server.GrpcLogAppender (GrpcLogAppender.java:installSnapshot(641)) - s0@group-6905249F38B1->s1-GrpcLogAppender: send s0->s1#0-t2,notify:(t:2, i:255)
2022-10-13 10:40:54,339 [grpc-default-executor-0] INFO  server.GrpcLogAppender (GrpcLogAppender.java:onNext(492)) - s0@group-6905249F38B1->s2-InstallSnapshotResponseHandler: received a reply s0<-s2#0:FAIL-t2,IN_PROGRESS
2022-10-13 10:40:54,339 [grpc-default-executor-0] INFO  server.GrpcLogAppender (GrpcLogAppender.java:onNext(510)) - s0@group-6905249F38B1->s2-InstallSnapshotResponseHandler: InstallSnapshot in progress.
2022-10-13 10:40:54,340 [s2-server-thread1] INFO  server.RaftServer$Division (RaftServerImpl.java:checkInconsistentAppendEntries(1577)) - s2@group-6905249F38B1: Failed appendEntries as snapshot (255) installation is in progress
2022-10-13 10:40:54,340 [s2-server-thread1] INFO  server.RaftServer$Division (RaftServerImpl.java:checkInconsistentAppendEntries(1569)) - s2@group-6905249F38B1: inconsistency entries. Reply:s0<-s2#161:FAIL-t2,INCONSISTENCY,nextIndex=0,followerCommit=-1,matchIndex=-1
2022-10-13 10:40:54,340 [grpc-default-executor-4] INFO  impl.SnapshotInstallationHandler (SnapshotInstallationHandler.java:installSnapshot(89)) - s1@group-6905249F38B1: receive installSnapshot: s0->s1#0-t2,notify:(t:2, i:255)
2022-10-13 10:40:54,340 [grpc-default-executor-4] INFO  impl.SnapshotInstallationHandler (SnapshotInstallationHandler.java:installSnapshot(100)) - s1@group-6905249F38B1: reply installSnapshot: s0<-s1#0:FAIL-t2,IN_PROGRESS
2022-10-13 10:40:54,341 [grpc-default-executor-4] INFO  server.GrpcServerProtocolService (GrpcServerProtocolService.java:onCompleted(143)) - s1: Completed INSTALL_SNAPSHOT, lastRequest: s0->s1#0-t2,notify:(t:2, i:255)
2022-10-13 10:40:54,341 [grpc-default-executor-0] INFO  leader.FollowerInfo (FollowerInfoImpl.java:lambda$new$0(48)) - s0@group-6905249F38B1->s2: nextIndex: updateUnconditionally 0 -> 0
2022-10-13 10:40:54,341 [s0@group-6905249F38B1->s2-GrpcLogAppender-LogAppenderDaemon] INFO  server.GrpcLogAppender (GrpcLogAppender.java:installSnapshot(633)) - s0@group-6905249F38B1->s2-GrpcLogAppender: followerNextIndex = 0 but logStartIndex = 255, notify follower to install snapshot-(t:2, i:255)
2022-10-13 10:40:54,341 [s0@group-6905249F38B1->s2-GrpcLogAppender-LogAppenderDaemon] INFO  server.GrpcLogAppender (GrpcLogAppender.java:installSnapshot(641)) - s0@group-6905249F38B1->s2-GrpcLogAppender: send s0->s2#0-t2,notify:(t:2, i:255)
2022-10-13 10:40:54,341 [grpc-default-executor-0] INFO  server.GrpcLogAppender (GrpcLogAppender.java:onNext(492)) - s0@group-6905249F38B1->s1-InstallSnapshotResponseHandler: received a reply s0<-s1#0:FAIL-t2,IN_PROGRESS
2022-10-13 10:40:54,341 [grpc-default-executor-0] INFO  server.GrpcLogAppender (GrpcLogAppender.java:onNext(510)) - s0@group-6905249F38B1->s1-InstallSnapshotResponseHandler: InstallSnapshot in progress.
2022-10-13 10:40:54,342 [s1-server-thread1] INFO  server.RaftServer$Division (RaftServerImpl.java:checkInconsistentAppendEntries(1577)) - s1@group-6905249F38B1: Failed appendEntries as snapshot (255) installation is in progress
2022-10-13 10:40:54,342 [s1-server-thread1] INFO  server.RaftServer$Division (RaftServerImpl.java:checkInconsistentAppendEntries(1569)) - s1@group-6905249F38B1: inconsistency entries. Reply:s0<-s1#188:FAIL-t2,INCONSISTENCY,nextIndex=0,followerCommit=-1,matchIndex=-1
2022-10-13 10:40:54,342 [grpc-default-executor-0] INFO  impl.SnapshotInstallationHandler (SnapshotInstallationHandler.java:installSnapshot(89)) - s2@group-6905249F38B1: receive installSnapshot: s0->s2#0-t2,notify:(t:2, i:255)
2022-10-13 10:40:54,342 [grpc-default-executor-0] INFO  impl.SnapshotInstallationHandler (SnapshotInstallationHandler.java:installSnapshot(100)) - s2@group-6905249F38B1: reply installSnapshot: s0<-s2#0:FAIL-t2,IN_PROGRESS
2022-10-13 10:40:54,343 [grpc-default-executor-0] INFO  server.GrpcServerProtocolService (GrpcServerProtocolService.java:onCompleted(143)) - s2: Completed INSTALL_SNAPSHOT, lastRequest: s0->s2#0-t2,notify:(t:2, i:255)
2022-10-13 10:40:54,343 [grpc-default-executor-0] INFO  leader.FollowerInfo (FollowerInfoImpl.java:lambda$new$0(48)) - s0@group-6905249F38B1->s1: nextIndex: updateUnconditionally 0 -> 0
2022-10-13 10:40:54,343 [s0@group-6905249F38B1->s1-GrpcLogAppender-LogAppenderDaemon] INFO  server.GrpcLogAppender (GrpcLogAppender.java:installSnapshot(633)) - s0@group-6905249F38B1->s1-GrpcLogAppender: followerNextIndex = 0 but logStartIndex = 255, notify follower to install snapshot-(t:2, i:255)
2022-10-13 10:40:54,343 [s0@group-6905249F38B1->s1-GrpcLogAppender-LogAppenderDaemon] INFO  server.GrpcLogAppender (GrpcLogAppender.java:installSnapshot(641)) - s0@group-6905249F38B1->s1-GrpcLogAppender: send s0->s1#0-t2,notify:(t:2, i:255)
2022-10-13 10:40:54,343 [grpc-default-executor-0] INFO  server.GrpcLogAppender (GrpcLogAppender.java:onNext(492)) - s0@group-6905249F38B1->s2-InstallSnapshotResponseHandler: received a reply s0<-s2#0:FAIL-t2,IN_PROGRESS
2022-10-13 10:40:54,343 [grpc-default-executor-0] INFO  server.GrpcLogAppender (GrpcLogAppender.java:onNext(510)) - s0@group-6905249F38B1->s2-InstallSnapshotResponseHandler: InstallSnapshot in progress.
2022-10-13 10:40:54,344 [s2-server-thread1] INFO  server.RaftServer$Division (RaftServerImpl.java:checkInconsistentAppendEntries(1577)) - s2@group-6905249F38B1: Failed appendEntries as snapshot (255) installation is in progress
2022-10-13 10:40:54,344 [s2-server-thread1] INFO  server.RaftServer$Division (RaftServerImpl.java:checkInconsistentAppendEntries(1569)) - s2@group-6905249F38B1: inconsistency entries. Reply:s0<-s2#162:FAIL-t2,INCONSISTENCY,nextIndex=0,followerCommit=-1,matchIndex=-1
2022-10-13 10:40:54,344 [grpc-default-executor-4] INFO  impl.SnapshotInstallationHandler (SnapshotInstallationHandler.java:installSnapshot(89)) - s1@group-6905249F38B1: receive installSnapshot: s0->s1#0-t2,notify:(t:2, i:255)
2022-10-13 10:40:54,345 [grpc-default-executor-4] INFO  impl.SnapshotInstallationHandler (SnapshotInstallationHandler.java:installSnapshot(100)) - s1@group-6905249F38B1: reply installSnapshot: s0<-s1#0:FAIL-t2,IN_PROGRESS
2022-10-13 10:40:54,345 [grpc-default-executor-0] INFO  leader.FollowerInfo (FollowerInfoImpl.java:lambda$new$0(48)) - s0@group-6905249F38B1->s2: nextIndex: updateUnconditionally 0 -> 0
2022-10-13 10:40:54,345 [s0@group-6905249F38B1->s2-GrpcLogAppender-LogAppenderDaemon] INFO  server.GrpcLogAppender (GrpcLogAppender.java:installSnapshot(633)) - s0@group-6905249F38B1->s2-GrpcLogAppender: followerNextIndex = 0 but logStartIndex = 255, notify follower to install snapshot-(t:2, i:255)
2022-10-13 10:40:54,345 [s0@group-6905249F38B1->s2-GrpcLogAppender-LogAppenderDaemon] INFO  server.GrpcLogAppender (GrpcLogAppender.java:installSnapshot(641)) - s0@group-6905249F38B1->s2-GrpcLogAppender: send s0->s2#0-t2,notify:(t:2, i:255)
2022-10-13 10:40:54,345 [grpc-default-executor-4] INFO  server.GrpcServerProtocolService (GrpcServerProtocolService.java:onCompleted(143)) - s1: Completed INSTALL_SNAPSHOT, lastRequest: s0->s1#0-t2,notify:(t:2, i:255)
2022-10-13 10:40:54,345 [grpc-default-executor-0] INFO  server.GrpcLogAppender (GrpcLogAppender.java:onNext(492)) - s0@group-6905249F38B1->s1-InstallSnapshotResponseHandler: received a reply s0<-s1#0:FAIL-t2,IN_PROGRESS
2022-10-13 10:40:54,345 [grpc-default-executor-0] INFO  server.GrpcLogAppender (GrpcLogAppender.java:onNext(510)) - s0@group-6905249F38B1->s1-InstallSnapshotResponseHandler: InstallSnapshot in progress.
2022-10-13 10:40:54,346 [s1-server-thread1] INFO  server.RaftServer$Division (RaftServerImpl.java:checkInconsistentAppendEntries(1577)) - s1@group-6905249F38B1: Failed appendEntries as snapshot (255) installation is in progress
2022-10-13 10:40:54,346 [s1-server-thread1] INFO  server.RaftServer$Division (RaftServerImpl.java:checkInconsistentAppendEntries(1569)) - s1@group-6905249F38B1: inconsistency entries. Reply:s0<-s1#189:FAIL-t2,INCONSISTENCY,nextIndex=0,followerCommit=-1,matchIndex=-1
2022-10-13 10:40:54,346 [grpc-default-executor-4] INFO  impl.SnapshotInstallationHandler (SnapshotInstallationHandler.java:installSnapshot(89)) - s2@group-6905249F38B1: receive installSnapshot: s0->s2#0-t2,notify:(t:2, i:255)
2022-10-13 10:40:54,346 [grpc-default-executor-4] INFO  impl.SnapshotInstallationHandler (SnapshotInstallationHandler.java:installSnapshot(100)) - s2@group-6905249F38B1: reply installSnapshot: s0<-s2#0:FAIL-t2,IN_PROGRESS
2022-10-13 10:40:54,346 [grpc-default-executor-4] INFO  server.GrpcServerProtocolService (GrpcServerProtocolService.java:onCompleted(143)) - s2: Completed INSTALL_SNAPSHOT, lastRequest: s0->s2#0-t2,notify:(t:2, i:255)
2022-10-13 10:40:54,346 [grpc-default-executor-0] INFO  leader.FollowerInfo (FollowerInfoImpl.java:lambda$new$0(48)) - s0@group-6905249F38B1->s1: nextIndex: updateUnconditionally 0 -> 0
2022-10-13 10:40:54,347 [s0@group-6905249F38B1->s1-GrpcLogAppender-LogAppenderDaemon] INFO  server.GrpcLogAppender (GrpcLogAppender.java:installSnapshot(633)) - s0@group-6905249F38B1->s1-GrpcLogAppender: followerNextIndex = 0 but logStartIndex = 255, notify follower to install snapshot-(t:2, i:255)
2022-10-13 10:40:54,347 [s0@group-6905249F38B1->s1-GrpcLogAppender-LogAppenderDaemon] INFO  server.GrpcLogAppender (GrpcLogAppender.java:installSnapshot(641)) - s0@group-6905249F38B1->s1-GrpcLogAppender: send s0->s1#0-t2,notify:(t:2, i:255)
2022-10-13 10:40:54,347 [grpc-default-executor-0] INFO  server.GrpcLogAppender (GrpcLogAppender.java:onNext(492)) - s0@group-6905249F38B1->s2-InstallSnapshotResponseHandler: received a reply s0<-s2#0:FAIL-t2,IN_PROGRESS
2022-10-13 10:40:54,347 [grpc-default-executor-0] INFO  server.GrpcLogAppender (GrpcLogAppender.java:onNext(510)) - s0@group-6905249F38B1->s2-InstallSnapshotResponseHandler: InstallSnapshot in progress.
2022-10-13 10:40:54,348 [grpc-default-executor-0] INFO  impl.SnapshotInstallationHandler (SnapshotInstallationHandler.java:installSnapshot(89)) - s1@group-6905249F38B1: receive installSnapshot: s0->s1#0-t2,notify:(t:2, i:255)
2022-10-13 10:40:54,348 [grpc-default-executor-0] INFO  impl.SnapshotInstallationHandler (SnapshotInstallationHandler.java:installSnapshot(100)) - s1@group-6905249F38B1: reply installSnapshot: s0<-s1#0:FAIL-t2,IN_PROGRESS
2022-10-13 10:40:54,348 [grpc-default-executor-0] INFO  server.GrpcServerProtocolService (GrpcServerProtocolService.java:onCompleted(143)) - s1: Completed INSTALL_SNAPSHOT, lastRequest: s0->s1#0-t2,notify:(t:2, i:255)
2022-10-13 10:40:54,348 [grpc-default-executor-0] INFO  server.GrpcLogAppender (GrpcLogAppender.java:onNext(492)) - s0@group-6905249F38B1->s1-InstallSnapshotResponseHandler: received a reply s0<-s1#0:FAIL-t2,IN_PROGRESS
2022-10-13 10:40:54,348 [grpc-default-executor-0] INFO  server.GrpcLogAppender (GrpcLogAppender.java:onNext(510)) - s0@group-6905249F38B1->s1-InstallSnapshotResponseHandler: InstallSnapshot in progress.
2022-10-13 10:40:54,349 [s2-server-thread1] INFO  server.RaftServer$Division (RaftServerImpl.java:checkInconsistentAppendEntries(1577)) - s2@group-6905249F38B1: Failed appendEntries as snapshot (255) installation is in progress
2022-10-13 10:40:54,349 [s2-server-thread1] INFO  server.RaftServer$Division (RaftServerImpl.java:checkInconsistentAppendEntries(1569)) - s2@group-6905249F38B1: inconsistency entries. Reply:s0<-s2#163:FAIL-t2,INCONSISTENCY,nextIndex=0,followerCommit=-1,matchIndex=-1
2022-10-13 10:40:54,349 [s1-server-thread1] INFO  server.RaftServer$Division (RaftServerImpl.java:checkInconsistentAppendEntries(1577)) - s1@group-6905249F38B1: Failed appendEntries as snapshot (255) installation is in progress
2022-10-13 10:40:54,349 [s1-server-thread1] INFO  server.RaftServer$Division (RaftServerImpl.java:checkInconsistentAppendEntries(1569)) - s1@group-6905249F38B1: inconsistency entries. Reply:s0<-s1#190:FAIL-t2,INCONSISTENCY,nextIndex=0,followerCommit=-1,matchIndex=-1
2022-10-13 10:40:54,349 [grpc-default-executor-4] INFO  leader.FollowerInfo (FollowerInfoImpl.java:lambda$new$0(48)) - s0@group-6905249F38B1->s2: nextIndex: updateUnconditionally 0 -> 0
2022-10-13 10:40:54,349 [grpc-default-executor-0] INFO  leader.FollowerInfo (FollowerInfoImpl.java:lambda$new$0(48)) - s0@group-6905249F38B1->s1: nextIndex: updateUnconditionally 0 -> 0
2022-10-13 10:40:54,350 [s0@group-6905249F38B1->s2-GrpcLogAppender-LogAppenderDaemon] INFO  server.GrpcLogAppender (GrpcLogAppender.java:installSnapshot(633)) - s0@group-6905249F38B1->s2-GrpcLogAppender: followerNextIndex = 0 but logStartIndex = 255, notify follower to install snapshot-(t:2, i:255)
2022-10-13 10:40:54,350 [s0@group-6905249F38B1->s2-GrpcLogAppender-LogAppenderDaemon] INFO  server.GrpcLogAppender (GrpcLogAppender.java:installSnapshot(641)) - s0@group-6905249F38B1->s2-GrpcLogAppender: send s0->s2#0-t2,notify:(t:2, i:255)
2022-10-13 10:40:54,350 [s0@group-6905249F38B1->s1-GrpcLogAppender-LogAppenderDaemon] INFO  server.GrpcLogAppender (GrpcLogAppender.java:installSnapshot(633)) - s0@group-6905249F38B1->s1-GrpcLogAppender: followerNextIndex = 0 but logStartIndex = 255, notify follower to install snapshot-(t:2, i:255)
2022-10-13 10:40:54,350 [s0@group-6905249F38B1->s1-GrpcLogAppender-LogAppenderDaemon] INFO  server.GrpcLogAppender (GrpcLogAppender.java:installSnapshot(641)) - s0@group-6905249F38B1->s1-GrpcLogAppender: send s0->s1#0-t2,notify:(t:2, i:255)
2022-10-13 10:40:54,351 [grpc-default-executor-0] INFO  impl.SnapshotInstallationHandler (SnapshotInstallationHandler.java:installSnapshot(89)) - s2@group-6905249F38B1: receive installSnapshot: s0->s2#0-t2,notify:(t:2, i:255)
2022-10-13 10:40:54,351 [grpc-default-executor-0] INFO  impl.SnapshotInstallationHandler (SnapshotInstallationHandler.java:installSnapshot(100)) - s2@group-6905249F38B1: reply installSnapshot: s0<-s2#0:FAIL-t2,IN_PROGRESS
2022-10-13 10:40:54,351 [grpc-default-executor-0] INFO  server.GrpcServerProtocolService (GrpcServerProtocolService.java:onCompleted(143)) - s2: Completed INSTALL_SNAPSHOT, lastRequest: s0->s2#0-t2,notify:(t:2, i:255)
2022-10-13 10:40:54,351 [grpc-default-executor-0] INFO  impl.SnapshotInstallationHandler (SnapshotInstallationHandler.java:installSnapshot(89)) - s1@group-6905249F38B1: receive installSnapshot: s0->s1#0-t2,notify:(t:2, i:255)
2022-10-13 10:40:54,351 [grpc-default-executor-0] INFO  impl.SnapshotInstallationHandler (SnapshotInstallationHandler.java:installSnapshot(100)) - s1@group-6905249F38B1: reply installSnapshot: s0<-s1#0:FAIL-t2,IN_PROGRESS
2022-10-13 10:40:54,352 [grpc-default-executor-0] INFO  server.GrpcServerProtocolService (GrpcServerProtocolService.java:onCompleted(143)) - s1: Completed INSTALL_SNAPSHOT, lastRequest: s0->s1#0-t2,notify:(t:2, i:255)
2022-10-13 10:40:54,352 [grpc-default-executor-0] INFO  server.GrpcLogAppender (GrpcLogAppender.java:onNext(492)) - s0@group-6905249F38B1->s1-InstallSnapshotResponseHandler: received a reply s0<-s1#0:FAIL-t2,IN_PROGRESS
2022-10-13 10:40:54,352 [grpc-default-executor-0] INFO  server.GrpcLogAppender (GrpcLogAppender.java:onNext(510)) - s0@group-6905249F38B1->s1-InstallSnapshotResponseHandler: InstallSnapshot in progress.
2022-10-13 10:40:54,352 [grpc-default-executor-0] INFO  server.GrpcLogAppender (GrpcLogAppender.java:onNext(492)) - s0@group-6905249F38B1->s2-InstallSnapshotResponseHandler: received a reply s0<-s2#0:FAIL-t2,IN_PROGRESS
2022-10-13 10:40:54,353 [grpc-default-executor-0] INFO  server.GrpcLogAppender (GrpcLogAppender.java:onNext(510)) - s0@group-6905249F38B1->s2-InstallSnapshotResponseHandler: InstallSnapshot in progress.
2022-10-13 10:40:54,353 [s1-server-thread1] INFO  server.RaftServer$Division (RaftServerImpl.java:checkInconsistentAppendEntries(1577)) - s1@group-6905249F38B1: Failed appendEntries as snapshot (255) installation is in progress
2022-10-13 10:40:54,353 [s1-server-thread1] INFO  server.RaftServer$Division (RaftServerImpl.java:checkInconsistentAppendEntries(1569)) - s1@group-6905249F38B1: inconsistency entries. Reply:s0<-s1#191:FAIL-t2,INCONSISTENCY,nextIndex=0,followerCommit=-1,matchIndex=-1
2022-10-13 10:40:54,353 [s2-server-thread1] INFO  server.RaftServer$Division (RaftServerImpl.java:checkInconsistentAppendEntries(1577)) - s2@group-6905249F38B1: Failed appendEntries as snapshot (255) installation is in progress
2022-10-13 10:40:54,353 [s2-server-thread1] INFO  server.RaftServer$Division (RaftServerImpl.java:checkInconsistentAppendEntries(1569)) - s2@group-6905249F38B1: inconsistency entries. Reply:s0<-s2#164:FAIL-t2,INCONSISTENCY,nextIndex=0,followerCommit=-1,matchIndex=-1
2022-10-13 10:40:54,353 [grpc-default-executor-0] INFO  leader.FollowerInfo (FollowerInfoImpl.java:lambda$new$0(48)) - s0@group-6905249F38B1->s1: nextIndex: updateUnconditionally 0 -> 0
2022-10-13 10:40:54,354 [s0@group-6905249F38B1->s1-GrpcLogAppender-LogAppenderDaemon] INFO  server.GrpcLogAppender (GrpcLogAppender.java:installSnapshot(633)) - s0@group-6905249F38B1->s1-GrpcLogAppender: followerNextIndex = 0 but logStartIndex = 255, notify follower to install snapshot-(t:2, i:255)
2022-10-13 10:40:54,354 [s0@group-6905249F38B1->s1-GrpcLogAppender-LogAppenderDaemon] INFO  server.GrpcLogAppender (GrpcLogAppender.java:installSnapshot(641)) - s0@group-6905249F38B1->s1-GrpcLogAppender: send s0->s1#0-t2,notify:(t:2, i:255)
2022-10-13 10:40:54,354 [grpc-default-executor-0] INFO  leader.FollowerInfo (FollowerInfoImpl.java:lambda$new$0(48)) - s0@group-6905249F38B1->s2: nextIndex: updateUnconditionally 0 -> 0
2022-10-13 10:40:54,354 [s0@group-6905249F38B1->s2-GrpcLogAppender-LogAppenderDaemon] INFO  server.GrpcLogAppender (GrpcLogAppender.java:installSnapshot(633)) - s0@group-6905249F38B1->s2-GrpcLogAppender: followerNextIndex = 0 but logStartIndex = 255, notify follower to install snapshot-(t:2, i:255)
2022-10-13 10:40:54,354 [s0@group-6905249F38B1->s2-GrpcLogAppender-LogAppenderDaemon] INFO  server.GrpcLogAppender (GrpcLogAppender.java:installSnapshot(641)) - s0@group-6905249F38B1->s2-GrpcLogAppender: send s0->s2#0-t2,notify:(t:2, i:255)
2022-10-13 10:40:54,355 [grpc-default-executor-0] INFO  impl.SnapshotInstallationHandler (SnapshotInstallationHandler.java:installSnapshot(89)) - s1@group-6905249F38B1: receive installSnapshot: s0->s1#0-t2,notify:(t:2, i:255)
2022-10-13 10:40:54,355 [grpc-default-executor-0] INFO  impl.SnapshotInstallationHandler (SnapshotInstallationHandler.java:installSnapshot(100)) - s1@group-6905249F38B1: reply installSnapshot: s0<-s1#0:FAIL-t2,IN_PROGRESS
2022-10-13 10:40:54,355 [grpc-default-executor-0] INFO  server.GrpcServerProtocolService (GrpcServerProtocolService.java:onCompleted(143)) - s1: Completed INSTALL_SNAPSHOT, lastRequest: s0->s1#0-t2,notify:(t:2, i:255)
2022-10-13 10:40:54,356 [grpc-default-executor-0] INFO  server.GrpcLogAppender (GrpcLogAppender.java:onNext(492)) - s0@group-6905249F38B1->s1-InstallSnapshotResponseHandler: received a reply s0<-s1#0:FAIL-t2,IN_PROGRESS
2022-10-13 10:40:54,356 [grpc-default-executor-0] INFO  server.GrpcLogAppender (GrpcLogAppender.java:onNext(510)) - s0@group-6905249F38B1->s1-InstallSnapshotResponseHandler: InstallSnapshot in progress.
2022-10-13 10:40:54,356 [s1-server-thread1] INFO  server.RaftServer$Division (RaftServerImpl.java:checkInconsistentAppendEntries(1577)) - s1@group-6905249F38B1: Failed appendEntries as snapshot (255) installation is in progress
2022-10-13 10:40:54,356 [s1-server-thread1] INFO  server.RaftServer$Division (RaftServerImpl.java:checkInconsistentAppendEntries(1569)) - s1@group-6905249F38B1: inconsistency entries. Reply:s0<-s1#192:FAIL-t2,INCONSISTENCY,nextIndex=0,followerCommit=-1,matchIndex=-1
2022-10-13 10:40:54,356 [grpc-default-executor-4] INFO  impl.SnapshotInstallationHandler (SnapshotInstallationHandler.java:installSnapshot(89)) - s2@group-6905249F38B1: receive installSnapshot: s0->s2#0-t2,notify:(t:2, i:255)
2022-10-13 10:40:54,357 [grpc-default-executor-4] INFO  impl.SnapshotInstallationHandler (SnapshotInstallationHandler.java:installSnapshot(100)) - s2@group-6905249F38B1: reply installSnapshot: s0<-s2#0:FAIL-t2,IN_PROGRESS
2022-10-13 10:40:54,357 [grpc-default-executor-4] INFO  server.GrpcServerProtocolService (GrpcServerProtocolService.java:onCompleted(143)) - s2: Completed INSTALL_SNAPSHOT, lastRequest: s0->s2#0-t2,notify:(t:2, i:255)
2022-10-13 10:40:54,357 [grpc-default-executor-0] INFO  leader.FollowerInfo (FollowerInfoImpl.java:lambda$new$0(48)) - s0@group-6905249F38B1->s1: nextIndex: updateUnconditionally 0 -> 0
2022-10-13 10:40:54,357 [s0@group-6905249F38B1->s1-GrpcLogAppender-LogAppenderDaemon] INFO  server.GrpcLogAppender (GrpcLogAppender.java:installSnapshot(633)) - s0@group-6905249F38B1->s1-GrpcLogAppender: followerNextIndex = 0 but logStartIndex = 255, notify follower to install snapshot-(t:2, i:255)
2022-10-13 10:40:54,357 [s0@group-6905249F38B1->s1-GrpcLogAppender-LogAppenderDaemon] INFO  server.GrpcLogAppender (GrpcLogAppender.java:installSnapshot(641)) - s0@group-6905249F38B1->s1-GrpcLogAppender: send s0->s1#0-t2,notify:(t:2, i:255)
2022-10-13 10:40:54,357 [grpc-default-executor-0] INFO  server.GrpcLogAppender (GrpcLogAppender.java:onNext(492)) - s0@group-6905249F38B1->s2-InstallSnapshotResponseHandler: received a reply s0<-s2#0:FAIL-t2,IN_PROGRESS
2022-10-13 10:40:54,357 [grpc-default-executor-0] INFO  server.GrpcLogAppender (GrpcLogAppender.java:onNext(510)) - s0@group-6905249F38B1->s2-InstallSnapshotResponseHandler: InstallSnapshot in progress.
2022-10-13 10:40:54,358 [s2-server-thread1] INFO  server.RaftServer$Division (RaftServerImpl.java:checkInconsistentAppendEntries(1577)) - s2@group-6905249F38B1: Failed appendEntries as snapshot (255) installation is in progress
2022-10-13 10:40:54,358 [s2-server-thread1] INFO  server.RaftServer$Division (RaftServerImpl.java:checkInconsistentAppendEntries(1569)) - s2@group-6905249F38B1: inconsistency entries. Reply:s0<-s2#165:FAIL-t2,INCONSISTENCY,nextIndex=0,followerCommit=-1,matchIndex=-1
2022-10-13 10:40:54,358 [grpc-default-executor-4] INFO  impl.SnapshotInstallationHandler (SnapshotInstallationHandler.java:installSnapshot(89)) - s1@group-6905249F38B1: receive installSnapshot: s0->s1#0-t2,notify:(t:2, i:255)
2022-10-13 10:40:54,358 [grpc-default-executor-4] INFO  impl.SnapshotInstallationHandler (SnapshotInstallationHandler.java:installSnapshot(100)) - s1@group-6905249F38B1: reply installSnapshot: s0<-s1#0:FAIL-t2,IN_PROGRESS
2022-10-13 10:40:54,358 [grpc-default-executor-4] INFO  server.GrpcServerProtocolService (GrpcServerProtocolService.java:onCompleted(143)) - s1: Completed INSTALL_SNAPSHOT, lastRequest: s0->s1#0-t2,notify:(t:2, i:255)
2022-10-13 10:40:54,359 [grpc-default-executor-0] INFO  leader.FollowerInfo (FollowerInfoImpl.java:lambda$new$0(48)) - s0@group-6905249F38B1->s2: nextIndex: updateUnconditionally 0 -> 0
2022-10-13 10:40:54,359 [s0@group-6905249F38B1->s2-GrpcLogAppender-LogAppenderDaemon] INFO  server.GrpcLogAppender (GrpcLogAppender.java:installSnapshot(633)) - s0@group-6905249F38B1->s2-GrpcLogAppender: followerNextIndex = 0 but logStartIndex = 255, notify follower to install snapshot-(t:2, i:255)
2022-10-13 10:40:54,359 [s0@group-6905249F38B1->s2-GrpcLogAppender-LogAppenderDaemon] INFO  server.GrpcLogAppender (GrpcLogAppender.java:installSnapshot(641)) - s0@group-6905249F38B1->s2-GrpcLogAppender: send s0->s2#0-t2,notify:(t:2, i:255)
2022-10-13 10:40:54,359 [grpc-default-executor-0] INFO  server.GrpcLogAppender (GrpcLogAppender.java:onNext(492)) - s0@group-6905249F38B1->s1-InstallSnapshotResponseHandler: received a reply s0<-s1#0:FAIL-t2,IN_PROGRESS
2022-10-13 10:40:54,359 [grpc-default-executor-0] INFO  server.GrpcLogAppender (GrpcLogAppender.java:onNext(510)) - s0@group-6905249F38B1->s1-InstallSnapshotResponseHandler: InstallSnapshot in progress.
2022-10-13 10:40:54,360 [s1-server-thread1] INFO  server.RaftServer$Division (RaftServerImpl.java:checkInconsistentAppendEntries(1577)) - s1@group-6905249F38B1: Failed appendEntries as snapshot (255) installation is in progress
2022-10-13 10:40:54,360 [s1-server-thread1] INFO  server.RaftServer$Division (RaftServerImpl.java:checkInconsistentAppendEntries(1569)) - s1@group-6905249F38B1: inconsistency entries. Reply:s0<-s1#193:FAIL-t2,INCONSISTENCY,nextIndex=0,followerCommit=-1,matchIndex=-1
2022-10-13 10:40:54,360 [grpc-default-executor-0] INFO  impl.SnapshotInstallationHandler (SnapshotInstallationHandler.java:installSnapshot(89)) - s2@group-6905249F38B1: receive installSnapshot: s0->s2#0-t2,notify:(t:2, i:255)
2022-10-13 10:40:54,360 [grpc-default-executor-0] INFO  impl.SnapshotInstallationHandler (SnapshotInstallationHandler.java:installSnapshot(100)) - s2@group-6905249F38B1: reply installSnapshot: s0<-s2#0:FAIL-t2,IN_PROGRESS
2022-10-13 10:40:54,361 [grpc-default-executor-0] INFO  server.GrpcServerProtocolService (GrpcServerProtocolService.java:onCompleted(143)) - s2: Completed INSTALL_SNAPSHOT, lastRequest: s0->s2#0-t2,notify:(t:2, i:255)
2022-10-13 10:40:54,361 [grpc-default-executor-0] INFO  leader.FollowerInfo (FollowerInfoImpl.java:lambda$new$0(48)) - s0@group-6905249F38B1->s1: nextIndex: updateUnconditionally 0 -> 0
2022-10-13 10:40:54,361 [s0@group-6905249F38B1->s1-GrpcLogAppender-LogAppenderDaemon] INFO  server.GrpcLogAppender (GrpcLogAppender.java:installSnapshot(633)) - s0@group-6905249F38B1->s1-GrpcLogAppender: followerNextIndex = 0 but logStartIndex = 255, notify follower to install snapshot-(t:2, i:255)
2022-10-13 10:40:54,361 [s0@group-6905249F38B1->s1-GrpcLogAppender-LogAppenderDaemon] INFO  server.GrpcLogAppender (GrpcLogAppender.java:installSnapshot(641)) - s0@group-6905249F38B1->s1-GrpcLogAppender: send s0->s1#0-t2,notify:(t:2, i:255)
2022-10-13 10:40:54,361 [grpc-default-executor-0] INFO  server.GrpcLogAppender (GrpcLogAppender.java:onNext(492)) - s0@group-6905249F38B1->s2-InstallSnapshotResponseHandler: received a reply s0<-s2#0:FAIL-t2,IN_PROGRESS
2022-10-13 10:40:54,362 [grpc-default-executor-0] INFO  server.GrpcLogAppender (GrpcLogAppender.java:onNext(510)) - s0@group-6905249F38B1->s2-InstallSnapshotResponseHandler: InstallSnapshot in progress.
2022-10-13 10:40:54,362 [s2-server-thread1] INFO  server.RaftServer$Division (RaftServerImpl.java:checkInconsistentAppendEntries(1577)) - s2@group-6905249F38B1: Failed appendEntries as snapshot (255) installation is in progress
2022-10-13 10:40:54,362 [s2-server-thread1] INFO  server.RaftServer$Division (RaftServerImpl.java:checkInconsistentAppendEntries(1569)) - s2@group-6905249F38B1: inconsistency entries. Reply:s0<-s2#166:FAIL-t2,INCONSISTENCY,nextIndex=0,followerCommit=-1,matchIndex=-1
2022-10-13 10:40:54,362 [grpc-default-executor-4] INFO  impl.SnapshotInstallationHandler (SnapshotInstallationHandler.java:installSnapshot(89)) - s1@group-6905249F38B1: receive installSnapshot: s0->s1#0-t2,notify:(t:2, i:255)
2022-10-13 10:40:54,363 [grpc-default-executor-4] INFO  impl.SnapshotInstallationHandler (SnapshotInstallationHandler.java:installSnapshot(100)) - s1@group-6905249F38B1: reply installSnapshot: s0<-s1#0:FAIL-t2,IN_PROGRESS
2022-10-13 10:40:54,363 [grpc-default-executor-4] INFO  server.GrpcServerProtocolService (GrpcServerProtocolService.java:onCompleted(143)) - s1: Completed INSTALL_SNAPSHOT, lastRequest: s0->s1#0-t2,notify:(t:2, i:255)
2022-10-13 10:40:54,363 [grpc-default-executor-0] INFO  leader.FollowerInfo (FollowerInfoImpl.java:lambda$new$0(48)) - s0@group-6905249F38B1->s2: nextIndex: updateUnconditionally 0 -> 0
2022-10-13 10:40:54,363 [s0@group-6905249F38B1->s2-GrpcLogAppender-LogAppenderDaemon] INFO  server.GrpcLogAppender (GrpcLogAppender.java:installSnapshot(633)) - s0@group-6905249F38B1->s2-GrpcLogAppender: followerNextIndex = 0 but logStartIndex = 255, notify follower to install snapshot-(t:2, i:255)
2022-10-13 10:40:54,363 [s0@group-6905249F38B1->s2-GrpcLogAppender-LogAppenderDaemon] INFO  server.GrpcLogAppender (GrpcLogAppender.java:installSnapshot(641)) - s0@group-6905249F38B1->s2-GrpcLogAppender: send s0->s2#0-t2,notify:(t:2, i:255)
2022-10-13 10:40:54,363 [grpc-default-executor-0] INFO  server.GrpcLogAppender (GrpcLogAppender.java:onNext(492)) - s0@group-6905249F38B1->s1-InstallSnapshotResponseHandler: received a reply s0<-s1#0:FAIL-t2,IN_PROGRESS
2022-10-13 10:40:54,363 [grpc-default-executor-0] INFO  server.GrpcLogAppender (GrpcLogAppender.java:onNext(510)) - s0@group-6905249F38B1->s1-InstallSnapshotResponseHandler: InstallSnapshot in progress.
2022-10-13 10:40:54,364 [s1-server-thread1] INFO  server.RaftServer$Division (RaftServerImpl.java:checkInconsistentAppendEntries(1577)) - s1@group-6905249F38B1: Failed appendEntries as snapshot (255) installation is in progress
2022-10-13 10:40:54,364 [s1-server-thread1] INFO  server.RaftServer$Division (RaftServerImpl.java:checkInconsistentAppendEntries(1569)) - s1@group-6905249F38B1: inconsistency entries. Reply:s0<-s1#194:FAIL-t2,INCONSISTENCY,nextIndex=0,followerCommit=-1,matchIndex=-1
2022-10-13 10:40:54,364 [pool-17-thread-1] INFO  impl.SnapshotInstallationHandler (SnapshotInstallationHandler.java:lambda$notifyStateMachineToInstallSnapshot$2(276)) - s1@group-6905249F38B1: StateMachine successfully installed snapshot index 254. Reloading the StateMachine.
2022-10-13 10:40:54,365 [pool-18-thread-1] INFO  impl.SnapshotInstallationHandler (SnapshotInstallationHandler.java:lambda$notifyStateMachineToInstallSnapshot$2(276)) - s2@group-6905249F38B1: StateMachine successfully installed snapshot index 254. Reloading the StateMachine.
2022-10-13 10:40:54,365 [grpc-default-executor-0] INFO  impl.SnapshotInstallationHandler (SnapshotInstallationHandler.java:installSnapshot(89)) - s2@group-6905249F38B1: receive installSnapshot: s0->s2#0-t2,notify:(t:2, i:255)
2022-10-13 10:40:54,365 [grpc-default-executor-0] INFO  segmented.SegmentedRaftLogWorker (SegmentedRaftLogWorker.java:lambda$new$0(134)) - s2@group-6905249F38B1-SegmentedRaftLogWorker: flushIndex: setUnconditionally -1 -> 254
2022-10-13 10:40:54,366 [grpc-default-executor-0] INFO  segmented.SegmentedRaftLogWorker (SegmentedRaftLogWorker.java:lambda$new$0(134)) - s2@group-6905249F38B1-SegmentedRaftLogWorker: safeCacheEvictIndex: setUnconditionally -1 -> 254
2022-10-13 10:40:54,366 [grpc-default-executor-0] DEBUG raftlog.RaftLog (SegmentedRaftLog.java:purgeImpl(366)) - purging segments:null
2022-10-13 10:40:54,366 [grpc-default-executor-0] INFO  raftlog.RaftLog (RaftLogBase.java:lambda$new$0(53)) - s2@group-6905249F38B1-SegmentedRaftLog: snapshotIndex: updateIncreasingly -1 -> 254
2022-10-13 10:40:54,366 [grpc-default-executor-0] INFO  impl.SnapshotInstallationHandler (SnapshotInstallationHandler.java:notifyStateMachineToInstallSnapshot(321)) - s2@group-6905249F38B1: InstallSnapshot notification result: SNAPSHOT_INSTALLED, at index: (t:1, i:254)
2022-10-13 10:40:54,366 [s2@group-6905249F38B1-StateMachineUpdater] INFO  statemachine.SimpleStateMachine4Testing (SimpleStateMachine4Testing.java:reinitialize(235)) - Reinitializing StateMachine4InstallSnapshotNotificationTests:s2:group-6905249F38B1
2022-10-13 10:40:54,366 [grpc-default-executor-0] INFO  impl.SnapshotInstallationHandler (SnapshotInstallationHandler.java:installSnapshot(100)) - s2@group-6905249F38B1: reply installSnapshot: s0<-s2#0:OK-t2,SNAPSHOT_INSTALLED,snapshotIndex=254
2022-10-13 10:40:54,366 [s2@group-6905249F38B1-StateMachineUpdater] INFO  statemachine.SimpleStateMachine4Testing (SimpleStateMachine4Testing.java:loadSnapshot(310)) - Loading snapshot SingleFileSnapshotInfo(t:1, i:254):[/home/runner/work/ratis/ratis/ratis-test/target/test/data/289fef96/MiniRaftClusterWithGrpcba208ae8/s2/9857bba0-c7d0-4bab-84ff-6905249f38b1/sm/snapshot.1_254]
2022-10-13 10:40:54,366 [grpc-default-executor-0] INFO  server.GrpcServerProtocolService (GrpcServerProtocolService.java:onCompleted(143)) - s2: Completed INSTALL_SNAPSHOT, lastRequest: s0->s2#0-t2,notify:(t:2, i:255)
2022-10-13 10:40:54,367 [s2@group-6905249F38B1-StateMachineUpdater] INFO  statemachine.SimpleStateMachine4Testing (SimpleStateMachine4Testing.java:put(204)) - s2: put 1, m0 -> (t:1, i:1), STATEMACHINELOGENTRY, 129@client-647DCE251987
2022-10-13 10:40:54,367 [s2@group-6905249F38B1-StateMachineUpdater] INFO  statemachine.SimpleStateMachine4Testing (SimpleStateMachine4Testing.java:put(204)) - s2: put 3, m1 -> (t:1, i:3), STATEMACHINELOGENTRY, 130@client-647DCE251987
2022-10-13 10:40:54,367 [s2@group-6905249F38B1-StateMachineUpdater] INFO  statemachine.SimpleStateMachine4Testing (SimpleStateMachine4Testing.java:put(204)) - s2: put 5, m2 -> (t:1, i:5), STATEMACHINELOGENTRY, 131@client-647DCE251987
2022-10-13 10:40:54,367 [s2@group-6905249F38B1-StateMachineUpdater] INFO  statemachine.SimpleStateMachine4Testing (SimpleStateMachine4Testing.java:put(204)) - s2: put 7, m3 -> (t:1, i:7), STATEMACHINELOGENTRY, 132@client-647DCE251987
2022-10-13 10:40:54,367 [s2@group-6905249F38B1-StateMachineUpdater] INFO  statemachine.SimpleStateMachine4Testing (SimpleStateMachine4Testing.java:put(204)) - s2: put 9, m4 -> (t:1, i:9), STATEMACHINELOGENTRY, 133@client-647DCE251987
2022-10-13 10:40:54,367 [s2@group-6905249F38B1-StateMachineUpdater] INFO  statemachine.SimpleStateMachine4Testing (SimpleStateMachine4Testing.java:put(204)) - s2: put 11, m5 -> (t:1, i:11), STATEMACHINELOGENTRY, 134@client-647DCE251987
2022-10-13 10:40:54,367 [s2@group-6905249F38B1-StateMachineUpdater] INFO  statemachine.SimpleStateMachine4Testing (SimpleStateMachine4Testing.java:put(204)) - s2: put 13, m6 -> (t:1, i:13), STATEMACHINELOGENTRY, 135@client-647DCE251987
2022-10-13 10:40:54,367 [s2@group-6905249F38B1-StateMachineUpdater] INFO  statemachine.SimpleStateMachine4Testing (SimpleStateMachine4Testing.java:put(204)) - s2: put 15, m7 -> (t:1, i:15), STATEMACHINELOGENTRY, 136@client-647DCE251987
2022-10-13 10:40:54,367 [s2@group-6905249F38B1-StateMachineUpdater] INFO  statemachine.SimpleStateMachine4Testing (SimpleStateMachine4Testing.java:put(204)) - s2: put 17, m8 -> (t:1, i:17), STATEMACHINELOGENTRY, 137@client-647DCE251987
2022-10-13 10:40:54,367 [s2@group-6905249F38B1-StateMachineUpdater] INFO  statemachine.SimpleStateMachine4Testing (SimpleStateMachine4Testing.java:put(204)) - s2: put 19, m9 -> (t:1, i:19), STATEMACHINELOGENTRY, 138@client-647DCE251987
2022-10-13 10:40:54,367 [s2@group-6905249F38B1-StateMachineUpdater] INFO  statemachine.SimpleStateMachine4Testing (SimpleStateMachine4Testing.java:put(204)) - s2: put 21, m10 -> (t:1, i:21), STATEMACHINELOGENTRY, 139@client-647DCE251987
2022-10-13 10:40:54,367 [s2@group-6905249F38B1-StateMachineUpdater] INFO  statemachine.SimpleStateMachine4Testing (SimpleStateMachine4Testing.java:put(204)) - s2: put 23, m11 -> (t:1, i:23), STATEMACHINELOGENTRY, 140@client-647DCE251987
2022-10-13 10:40:54,367 [s2@group-6905249F38B1-StateMachineUpdater] INFO  statemachine.SimpleStateMachine4Testing (SimpleStateMachine4Testing.java:put(204)) - s2: put 25, m12 -> (t:1, i:25), STATEMACHINELOGENTRY, 141@client-647DCE251987
2022-10-13 10:40:54,367 [s2@group-6905249F38B1-StateMachineUpdater] INFO  statemachine.SimpleStateMachine4Testing (SimpleStateMachine4Testing.java:put(204)) - s2: put 27, m13 -> (t:1, i:27), STATEMACHINELOGENTRY, 142@client-647DCE251987
2022-10-13 10:40:54,367 [s2@group-6905249F38B1-StateMachineUpdater] INFO  statemachine.SimpleStateMachine4Testing (SimpleStateMachine4Testing.java:put(204)) - s2: put 29, m14 -> (t:1, i:29), STATEMACHINELOGENTRY, 143@client-647DCE251987
2022-10-13 10:40:54,367 [s2@group-6905249F38B1-StateMachineUpdater] INFO  statemachine.SimpleStateMachine4Testing (SimpleStateMachine4Testing.java:put(204)) - s2: put 31, m15 -> (t:1, i:31), STATEMACHINELOGENTRY, 144@client-647DCE251987
2022-10-13 10:40:54,367 [s2@group-6905249F38B1-StateMachineUpdater] INFO  statemachine.SimpleStateMachine4Testing (SimpleStateMachine4Testing.java:put(204)) - s2: put 33, m16 -> (t:1, i:33), STATEMACHINELOGENTRY, 145@client-647DCE251987
2022-10-13 10:40:54,367 [s2@group-6905249F38B1-StateMachineUpdater] INFO  statemachine.SimpleStateMachine4Testing (SimpleStateMachine4Testing.java:put(204)) - s2: put 35, m17 -> (t:1, i:35), STATEMACHINELOGENTRY, 146@client-647DCE251987
2022-10-13 10:40:54,367 [s2@group-6905249F38B1-StateMachineUpdater] INFO  statemachine.SimpleStateMachine4Testing (SimpleStateMachine4Testing.java:put(204)) - s2: put 37, m18 -> (t:1, i:37), STATEMACHINELOGENTRY, 147@client-647DCE251987
2022-10-13 10:40:54,367 [s2@group-6905249F38B1-StateMachineUpdater] INFO  statemachine.SimpleStateMachine4Testing (SimpleStateMachine4Testing.java:put(204)) - s2: put 39, m19 -> (t:1, i:39), STATEMACHINELOGENTRY, 148@client-647DCE251987
2022-10-13 10:40:54,367 [s2@group-6905249F38B1-StateMachineUpdater] INFO  statemachine.SimpleStateMachine4Testing (SimpleStateMachine4Testing.java:put(204)) - s2: put 41, m20 -> (t:1, i:41), STATEMACHINELOGENTRY, 149@client-647DCE251987
2022-10-13 10:40:54,368 [s2@group-6905249F38B1-StateMachineUpdater] INFO  statemachine.SimpleStateMachine4Testing (SimpleStateMachine4Testing.java:put(204)) - s2: put 43, m21 -> (t:1, i:43), STATEMACHINELOGENTRY, 150@client-647DCE251987
2022-10-13 10:40:54,368 [s2@group-6905249F38B1-StateMachineUpdater] INFO  statemachine.SimpleStateMachine4Testing (SimpleStateMachine4Testing.java:put(204)) - s2: put 45, m22 -> (t:1, i:45), STATEMACHINELOGENTRY, 151@client-647DCE251987
2022-10-13 10:40:54,368 [s2@group-6905249F38B1-StateMachineUpdater] INFO  statemachine.SimpleStateMachine4Testing (SimpleStateMachine4Testing.java:put(204)) - s2: put 47, m23 -> (t:1, i:47), STATEMACHINELOGENTRY, 152@client-647DCE251987
2022-10-13 10:40:54,368 [s2@group-6905249F38B1-StateMachineUpdater] INFO  statemachine.SimpleStateMachine4Testing (SimpleStateMachine4Testing.java:put(204)) - s2: put 49, m24 -> (t:1, i:49), STATEMACHINELOGENTRY, 153@client-647DCE251987
2022-10-13 10:40:54,368 [s2@group-6905249F38B1-StateMachineUpdater] INFO  statemachine.SimpleStateMachine4Testing (SimpleStateMachine4Testing.java:put(204)) - s2: put 51, m25 -> (t:1, i:51), STATEMACHINELOGENTRY, 154@client-647DCE251987
2022-10-13 10:40:54,368 [s2@group-6905249F38B1-StateMachineUpdater] INFO  statemachine.SimpleStateMachine4Testing (SimpleStateMachine4Testing.java:put(204)) - s2: put 53, m26 -> (t:1, i:53), STATEMACHINELOGENTRY, 155@client-647DCE251987
2022-10-13 10:40:54,368 [s2@group-6905249F38B1-StateMachineUpdater] INFO  statemachine.SimpleStateMachine4Testing (SimpleStateMachine4Testing.java:put(204)) - s2: put 55, m27 -> (t:1, i:55), STATEMACHINELOGENTRY, 156@client-647DCE251987
2022-10-13 10:40:54,368 [s2@group-6905249F38B1-StateMachineUpdater] INFO  statemachine.SimpleStateMachine4Testing (SimpleStateMachine4Testing.java:put(204)) - s2: put 57, m28 -> (t:1, i:57), STATEMACHINELOGENTRY, 157@client-647DCE251987
2022-10-13 10:40:54,368 [s2@group-6905249F38B1-StateMachineUpdater] INFO  statemachine.SimpleStateMachine4Testing (SimpleStateMachine4Testing.java:put(204)) - s2: put 59, m29 -> (t:1, i:59), STATEMACHINELOGENTRY, 158@client-647DCE251987
2022-10-13 10:40:54,368 [s2@group-6905249F38B1-StateMachineUpdater] INFO  statemachine.SimpleStateMachine4Testing (SimpleStateMachine4Testing.java:put(204)) - s2: put 61, m30 -> (t:1, i:61), STATEMACHINELOGENTRY, 159@client-647DCE251987
2022-10-13 10:40:54,368 [s2@group-6905249F38B1-StateMachineUpdater] INFO  statemachine.SimpleStateMachine4Testing (SimpleStateMachine4Testing.java:put(204)) - s2: put 63, m31 -> (t:1, i:63), STATEMACHINELOGENTRY, 160@client-647DCE251987
2022-10-13 10:40:54,368 [s2@group-6905249F38B1-StateMachineUpdater] INFO  statemachine.SimpleStateMachine4Testing (SimpleStateMachine4Testing.java:put(204)) - s2: put 65, m32 -> (t:1, i:65), STATEMACHINELOGENTRY, 161@client-647DCE251987
2022-10-13 10:40:54,368 [s2@group-6905249F38B1-StateMachineUpdater] INFO  statemachine.SimpleStateMachine4Testing (SimpleStateMachine4Testing.java:put(204)) - s2: put 67, m33 -> (t:1, i:67), STATEMACHINELOGENTRY, 162@client-647DCE251987
2022-10-13 10:40:54,368 [s2@group-6905249F38B1-StateMachineUpdater] INFO  statemachine.SimpleStateMachine4Testing (SimpleStateMachine4Testing.java:put(204)) - s2: put 69, m34 -> (t:1, i:69), STATEMACHINELOGENTRY, 163@client-647DCE251987
2022-10-13 10:40:54,368 [s2@group-6905249F38B1-StateMachineUpdater] INFO  statemachine.SimpleStateMachine4Testing (SimpleStateMachine4Testing.java:put(204)) - s2: put 71, m35 -> (t:1, i:71), STATEMACHINELOGENTRY, 164@client-647DCE251987
2022-10-13 10:40:54,368 [s2@group-6905249F38B1-StateMachineUpdater] INFO  statemachine.SimpleStateMachine4Testing (SimpleStateMachine4Testing.java:put(204)) - s2: put 73, m36 -> (t:1, i:73), STATEMACHINELOGENTRY, 165@client-647DCE251987
2022-10-13 10:40:54,368 [s2@group-6905249F38B1-StateMachineUpdater] INFO  statemachine.SimpleStateMachine4Testing (SimpleStateMachine4Testing.java:put(204)) - s2: put 75, m37 -> (t:1, i:75), STATEMACHINELOGENTRY, 166@client-647DCE251987
2022-10-13 10:40:54,368 [s2@group-6905249F38B1-StateMachineUpdater] INFO  statemachine.SimpleStateMachine4Testing (SimpleStateMachine4Testing.java:put(204)) - s2: put 77, m38 -> (t:1, i:77), STATEMACHINELOGENTRY, 167@client-647DCE251987
2022-10-13 10:40:54,368 [s2@group-6905249F38B1-StateMachineUpdater] INFO  statemachine.SimpleStateMachine4Testing (SimpleStateMachine4Testing.java:put(204)) - s2: put 79, m39 -> (t:1, i:79), STATEMACHINELOGENTRY, 168@client-647DCE251987
2022-10-13 10:40:54,368 [s2@group-6905249F38B1-StateMachineUpdater] INFO  statemachine.SimpleStateMachine4Testing (SimpleStateMachine4Testing.java:put(204)) - s2: put 81, m40 -> (t:1, i:81), STATEMACHINELOGENTRY, 169@client-647DCE251987
2022-10-13 10:40:54,368 [s2@group-6905249F38B1-StateMachineUpdater] INFO  statemachine.SimpleStateMachine4Testing (SimpleStateMachine4Testing.java:put(204)) - s2: put 83, m41 -> (t:1, i:83), STATEMACHINELOGENTRY, 170@client-647DCE251987
2022-10-13 10:40:54,368 [s2@group-6905249F38B1-StateMachineUpdater] INFO  statemachine.SimpleStateMachine4Testing (SimpleStateMachine4Testing.java:put(204)) - s2: put 85, m42 -> (t:1, i:85), STATEMACHINELOGENTRY, 171@client-647DCE251987
2022-10-13 10:40:54,368 [s2@group-6905249F38B1-StateMachineUpdater] INFO  statemachine.SimpleStateMachine4Testing (SimpleStateMachine4Testing.java:put(204)) - s2: put 87, m43 -> (t:1, i:87), STATEMACHINELOGENTRY, 172@client-647DCE251987
2022-10-13 10:40:54,368 [s2@group-6905249F38B1-StateMachineUpdater] INFO  statemachine.SimpleStateMachine4Testing (SimpleStateMachine4Testing.java:put(204)) - s2: put 89, m44 -> (t:1, i:89), STATEMACHINELOGENTRY, 173@client-647DCE251987
2022-10-13 10:40:54,368 [s2@group-6905249F38B1-StateMachineUpdater] INFO  statemachine.SimpleStateMachine4Testing (SimpleStateMachine4Testing.java:put(204)) - s2: put 91, m45 -> (t:1, i:91), STATEMACHINELOGENTRY, 174@client-647DCE251987
2022-10-13 10:40:54,368 [s2@group-6905249F38B1-StateMachineUpdater] INFO  statemachine.SimpleStateMachine4Testing (SimpleStateMachine4Testing.java:put(204)) - s2: put 93, m46 -> (t:1, i:93), STATEMACHINELOGENTRY, 175@client-647DCE251987
2022-10-13 10:40:54,368 [s2@group-6905249F38B1-StateMachineUpdater] INFO  statemachine.SimpleStateMachine4Testing (SimpleStateMachine4Testing.java:put(204)) - s2: put 95, m47 -> (t:1, i:95), STATEMACHINELOGENTRY, 176@client-647DCE251987
2022-10-13 10:40:54,368 [s2@group-6905249F38B1-StateMachineUpdater] INFO  statemachine.SimpleStateMachine4Testing (SimpleStateMachine4Testing.java:put(204)) - s2: put 97, m48 -> (t:1, i:97), STATEMACHINELOGENTRY, 177@client-647DCE251987
2022-10-13 10:40:54,369 [s2@group-6905249F38B1-StateMachineUpdater] INFO  statemachine.SimpleStateMachine4Testing (SimpleStateMachine4Testing.java:put(204)) - s2: put 99, m49 -> (t:1, i:99), STATEMACHINELOGENTRY, 178@client-647DCE251987
2022-10-13 10:40:54,369 [s2@group-6905249F38B1-StateMachineUpdater] INFO  statemachine.SimpleStateMachine4Testing (SimpleStateMachine4Testing.java:put(204)) - s2: put 101, m50 -> (t:1, i:101), STATEMACHINELOGENTRY, 179@client-647DCE251987
2022-10-13 10:40:54,369 [s2@group-6905249F38B1-StateMachineUpdater] INFO  statemachine.SimpleStateMachine4Testing (SimpleStateMachine4Testing.java:put(204)) - s2: put 103, m51 -> (t:1, i:103), STATEMACHINELOGENTRY, 180@client-647DCE251987
2022-10-13 10:40:54,369 [s2@group-6905249F38B1-StateMachineUpdater] INFO  statemachine.SimpleStateMachine4Testing (SimpleStateMachine4Testing.java:put(204)) - s2: put 105, m52 -> (t:1, i:105), STATEMACHINELOGENTRY, 181@client-647DCE251987
2022-10-13 10:40:54,369 [s2@group-6905249F38B1-StateMachineUpdater] INFO  statemachine.SimpleStateMachine4Testing (SimpleStateMachine4Testing.java:put(204)) - s2: put 107, m53 -> (t:1, i:107), STATEMACHINELOGENTRY, 182@client-647DCE251987
2022-10-13 10:40:54,369 [s2@group-6905249F38B1-StateMachineUpdater] INFO  statemachine.SimpleStateMachine4Testing (SimpleStateMachine4Testing.java:put(204)) - s2: put 109, m54 -> (t:1, i:109), STATEMACHINELOGENTRY, 183@client-647DCE251987
2022-10-13 10:40:54,369 [s2@group-6905249F38B1-StateMachineUpdater] INFO  statemachine.SimpleStateMachine4Testing (SimpleStateMachine4Testing.java:put(204)) - s2: put 111, m55 -> (t:1, i:111), STATEMACHINELOGENTRY, 184@client-647DCE251987
2022-10-13 10:40:54,369 [s2@group-6905249F38B1-StateMachineUpdater] INFO  statemachine.SimpleStateMachine4Testing (SimpleStateMachine4Testing.java:put(204)) - s2: put 113, m56 -> (t:1, i:113), STATEMACHINELOGENTRY, 185@client-647DCE251987
2022-10-13 10:40:54,369 [s2@group-6905249F38B1-StateMachineUpdater] INFO  statemachine.SimpleStateMachine4Testing (SimpleStateMachine4Testing.java:put(204)) - s2: put 115, m57 -> (t:1, i:115), STATEMACHINELOGENTRY, 186@client-647DCE251987
2022-10-13 10:40:54,369 [s2@group-6905249F38B1-StateMachineUpdater] INFO  statemachine.SimpleStateMachine4Testing (SimpleStateMachine4Testing.java:put(204)) - s2: put 117, m58 -> (t:1, i:117), STATEMACHINELOGENTRY, 187@client-647DCE251987
2022-10-13 10:40:54,369 [s2@group-6905249F38B1-StateMachineUpdater] INFO  statemachine.SimpleStateMachine4Testing (SimpleStateMachine4Testing.java:put(204)) - s2: put 119, m59 -> (t:1, i:119), STATEMACHINELOGENTRY, 188@client-647DCE251987
2022-10-13 10:40:54,369 [s2@group-6905249F38B1-StateMachineUpdater] INFO  statemachine.SimpleStateMachine4Testing (SimpleStateMachine4Testing.java:put(204)) - s2: put 121, m60 -> (t:1, i:121), STATEMACHINELOGENTRY, 189@client-647DCE251987
2022-10-13 10:40:54,369 [s2@group-6905249F38B1-StateMachineUpdater] INFO  statemachine.SimpleStateMachine4Testing (SimpleStateMachine4Testing.java:put(204)) - s2: put 123, m61 -> (t:1, i:123), STATEMACHINELOGENTRY, 190@client-647DCE251987
2022-10-13 10:40:54,369 [s2@group-6905249F38B1-StateMachineUpdater] INFO  statemachine.SimpleStateMachine4Testing (SimpleStateMachine4Testing.java:put(204)) - s2: put 125, m62 -> (t:1, i:125), STATEMACHINELOGENTRY, 191@client-647DCE251987
2022-10-13 10:40:54,369 [s2@group-6905249F38B1-StateMachineUpdater] INFO  statemachine.SimpleStateMachine4Testing (SimpleStateMachine4Testing.java:put(204)) - s2: put 127, m63 -> (t:1, i:127), STATEMACHINELOGENTRY, 192@client-647DCE251987
2022-10-13 10:40:54,369 [s2@group-6905249F38B1-StateMachineUpdater] INFO  statemachine.SimpleStateMachine4Testing (SimpleStateMachine4Testing.java:put(204)) - s2: put 129, m64 -> (t:1, i:129), STATEMACHINELOGENTRY, 193@client-647DCE251987
2022-10-13 10:40:54,369 [s2@group-6905249F38B1-StateMachineUpdater] INFO  statemachine.SimpleStateMachine4Testing (SimpleStateMachine4Testing.java:put(204)) - s2: put 131, m65 -> (t:1, i:131), STATEMACHINELOGENTRY, 194@client-647DCE251987
2022-10-13 10:40:54,369 [s2@group-6905249F38B1-StateMachineUpdater] INFO  statemachine.SimpleStateMachine4Testing (SimpleStateMachine4Testing.java:put(204)) - s2: put 133, m66 -> (t:1, i:133), STATEMACHINELOGENTRY, 195@client-647DCE251987
2022-10-13 10:40:54,369 [s2@group-6905249F38B1-StateMachineUpdater] INFO  statemachine.SimpleStateMachine4Testing (SimpleStateMachine4Testing.java:put(204)) - s2: put 135, m67 -> (t:1, i:135), STATEMACHINELOGENTRY, 196@client-647DCE251987
2022-10-13 10:40:54,369 [s2@group-6905249F38B1-StateMachineUpdater] INFO  statemachine.SimpleStateMachine4Testing (SimpleStateMachine4Testing.java:put(204)) - s2: put 137, m68 -> (t:1, i:137), STATEMACHINELOGENTRY, 197@client-647DCE251987
2022-10-13 10:40:54,369 [s2@group-6905249F38B1-StateMachineUpdater] INFO  statemachine.SimpleStateMachine4Testing (SimpleStateMachine4Testing.java:put(204)) - s2: put 139, m69 -> (t:1, i:139), STATEMACHINELOGENTRY, 198@client-647DCE251987
2022-10-13 10:40:54,369 [s2@group-6905249F38B1-StateMachineUpdater] INFO  statemachine.SimpleStateMachine4Testing (SimpleStateMachine4Testing.java:put(204)) - s2: put 141, m70 -> (t:1, i:141), STATEMACHINELOGENTRY, 199@client-647DCE251987
2022-10-13 10:40:54,369 [s2@group-6905249F38B1-StateMachineUpdater] INFO  statemachine.SimpleStateMachine4Testing (SimpleStateMachine4Testing.java:put(204)) - s2: put 143, m71 -> (t:1, i:143), STATEMACHINELOGENTRY, 200@client-647DCE251987
2022-10-13 10:40:54,369 [s2@group-6905249F38B1-StateMachineUpdater] INFO  statemachine.SimpleStateMachine4Testing (SimpleStateMachine4Testing.java:put(204)) - s2: put 145, m72 -> (t:1, i:145), STATEMACHINELOGENTRY, 201@client-647DCE251987
2022-10-13 10:40:54,370 [s2@group-6905249F38B1-StateMachineUpdater] INFO  statemachine.SimpleStateMachine4Testing (SimpleStateMachine4Testing.java:put(204)) - s2: put 147, m73 -> (t:1, i:147), STATEMACHINELOGENTRY, 202@client-647DCE251987
2022-10-13 10:40:54,370 [s2@group-6905249F38B1-StateMachineUpdater] INFO  statemachine.SimpleStateMachine4Testing (SimpleStateMachine4Testing.java:put(204)) - s2: put 149, m74 -> (t:1, i:149), STATEMACHINELOGENTRY, 203@client-647DCE251987
2022-10-13 10:40:54,370 [s2@group-6905249F38B1-StateMachineUpdater] INFO  statemachine.SimpleStateMachine4Testing (SimpleStateMachine4Testing.java:put(204)) - s2: put 151, m75 -> (t:1, i:151), STATEMACHINELOGENTRY, 204@client-647DCE251987
2022-10-13 10:40:54,370 [s2@group-6905249F38B1-StateMachineUpdater] INFO  statemachine.SimpleStateMachine4Testing (SimpleStateMachine4Testing.java:put(204)) - s2: put 153, m76 -> (t:1, i:153), STATEMACHINELOGENTRY, 205@client-647DCE251987
2022-10-13 10:40:54,370 [s2@group-6905249F38B1-StateMachineUpdater] INFO  statemachine.SimpleStateMachine4Testing (SimpleStateMachine4Testing.java:put(204)) - s2: put 155, m77 -> (t:1, i:155), STATEMACHINELOGENTRY, 206@client-647DCE251987
2022-10-13 10:40:54,370 [s2@group-6905249F38B1-StateMachineUpdater] INFO  statemachine.SimpleStateMachine4Testing (SimpleStateMachine4Testing.java:put(204)) - s2: put 157, m78 -> (t:1, i:157), STATEMACHINELOGENTRY, 207@client-647DCE251987
2022-10-13 10:40:54,370 [s2@group-6905249F38B1-StateMachineUpdater] INFO  statemachine.SimpleStateMachine4Testing (SimpleStateMachine4Testing.java:put(204)) - s2: put 159, m79 -> (t:1, i:159), STATEMACHINELOGENTRY, 208@client-647DCE251987
2022-10-13 10:40:54,370 [s2@group-6905249F38B1-StateMachineUpdater] INFO  statemachine.SimpleStateMachine4Testing (SimpleStateMachine4Testing.java:put(204)) - s2: put 161, m80 -> (t:1, i:161), STATEMACHINELOGENTRY, 209@client-647DCE251987
2022-10-13 10:40:54,370 [s2@group-6905249F38B1-StateMachineUpdater] INFO  statemachine.SimpleStateMachine4Testing (SimpleStateMachine4Testing.java:put(204)) - s2: put 163, m81 -> (t:1, i:163), STATEMACHINELOGENTRY, 210@client-647DCE251987
2022-10-13 10:40:54,370 [grpc-default-executor-0] INFO  leader.FollowerInfo (FollowerInfoImpl.java:lambda$new$0(48)) - s0@group-6905249F38B1->s1: nextIndex: updateUnconditionally 0 -> 0
2022-10-13 10:40:54,370 [s2@group-6905249F38B1-StateMachineUpdater] INFO  statemachine.SimpleStateMachine4Testing (SimpleStateMachine4Testing.java:put(204)) - s2: put 165, m82 -> (t:1, i:165), STATEMACHINELOGENTRY, 211@client-647DCE251987
2022-10-13 10:40:54,370 [s0@group-6905249F38B1->s1-GrpcLogAppender-LogAppenderDaemon] INFO  server.GrpcLogAppender (GrpcLogAppender.java:installSnapshot(633)) - s0@group-6905249F38B1->s1-GrpcLogAppender: followerNextIndex = 0 but logStartIndex = 255, notify follower to install snapshot-(t:2, i:255)
2022-10-13 10:40:54,370 [s0@group-6905249F38B1->s1-GrpcLogAppender-LogAppenderDaemon] INFO  server.GrpcLogAppender (GrpcLogAppender.java:installSnapshot(641)) - s0@group-6905249F38B1->s1-GrpcLogAppender: send s0->s1#0-t2,notify:(t:2, i:255)
2022-10-13 10:40:54,371 [s2@group-6905249F38B1-StateMachineUpdater] INFO  statemachine.SimpleStateMachine4Testing (SimpleStateMachine4Testing.java:put(204)) - s2: put 167, m83 -> (t:1, i:167), STATEMACHINELOGENTRY, 212@client-647DCE251987
2022-10-13 10:40:54,371 [s2@group-6905249F38B1-StateMachineUpdater] INFO  statemachine.SimpleStateMachine4Testing (SimpleStateMachine4Testing.java:put(204)) - s2: put 169, m84 -> (t:1, i:169), STATEMACHINELOGENTRY, 213@client-647DCE251987
2022-10-13 10:40:54,371 [s2@group-6905249F38B1-StateMachineUpdater] INFO  statemachine.SimpleStateMachine4Testing (SimpleStateMachine4Testing.java:put(204)) - s2: put 171, m85 -> (t:1, i:171), STATEMACHINELOGENTRY, 214@client-647DCE251987
2022-10-13 10:40:54,371 [s2@group-6905249F38B1-StateMachineUpdater] INFO  statemachine.SimpleStateMachine4Testing (SimpleStateMachine4Testing.java:put(204)) - s2: put 173, m86 -> (t:1, i:173), STATEMACHINELOGENTRY, 215@client-647DCE251987
2022-10-13 10:40:54,371 [s2@group-6905249F38B1-StateMachineUpdater] INFO  statemachine.SimpleStateMachine4Testing (SimpleStateMachine4Testing.java:put(204)) - s2: put 175, m87 -> (t:1, i:175), STATEMACHINELOGENTRY, 216@client-647DCE251987
2022-10-13 10:40:54,371 [s2@group-6905249F38B1-StateMachineUpdater] INFO  statemachine.SimpleStateMachine4Testing (SimpleStateMachine4Testing.java:put(204)) - s2: put 177, m88 -> (t:1, i:177), STATEMACHINELOGENTRY, 217@client-647DCE251987
2022-10-13 10:40:54,371 [s2@group-6905249F38B1-StateMachineUpdater] INFO  statemachine.SimpleStateMachine4Testing (SimpleStateMachine4Testing.java:put(204)) - s2: put 179, m89 -> (t:1, i:179), STATEMACHINELOGENTRY, 218@client-647DCE251987
2022-10-13 10:40:54,371 [s2@group-6905249F38B1-StateMachineUpdater] INFO  statemachine.SimpleStateMachine4Testing (SimpleStateMachine4Testing.java:put(204)) - s2: put 181, m90 -> (t:1, i:181), STATEMACHINELOGENTRY, 219@client-647DCE251987
2022-10-13 10:40:54,371 [s2@group-6905249F38B1-StateMachineUpdater] INFO  statemachine.SimpleStateMachine4Testing (SimpleStateMachine4Testing.java:put(204)) - s2: put 183, m91 -> (t:1, i:183), STATEMACHINELOGENTRY, 220@client-647DCE251987
2022-10-13 10:40:54,371 [s2@group-6905249F38B1-StateMachineUpdater] INFO  statemachine.SimpleStateMachine4Testing (SimpleStateMachine4Testing.java:put(204)) - s2: put 185, m92 -> (t:1, i:185), STATEMACHINELOGENTRY, 221@client-647DCE251987
2022-10-13 10:40:54,371 [s2@group-6905249F38B1-StateMachineUpdater] INFO  statemachine.SimpleStateMachine4Testing (SimpleStateMachine4Testing.java:put(204)) - s2: put 187, m93 -> (t:1, i:187), STATEMACHINELOGENTRY, 222@client-647DCE251987
2022-10-13 10:40:54,371 [s2@group-6905249F38B1-StateMachineUpdater] INFO  statemachine.SimpleStateMachine4Testing (SimpleStateMachine4Testing.java:put(204)) - s2: put 189, m94 -> (t:1, i:189), STATEMACHINELOGENTRY, 223@client-647DCE251987
2022-10-13 10:40:54,371 [s2@group-6905249F38B1-StateMachineUpdater] INFO  statemachine.SimpleStateMachine4Testing (SimpleStateMachine4Testing.java:put(204)) - s2: put 191, m95 -> (t:1, i:191), STATEMACHINELOGENTRY, 224@client-647DCE251987
2022-10-13 10:40:54,371 [s2@group-6905249F38B1-StateMachineUpdater] INFO  statemachine.SimpleStateMachine4Testing (SimpleStateMachine4Testing.java:put(204)) - s2: put 193, m96 -> (t:1, i:193), STATEMACHINELOGENTRY, 225@client-647DCE251987
2022-10-13 10:40:54,371 [s2@group-6905249F38B1-StateMachineUpdater] INFO  statemachine.SimpleStateMachine4Testing (SimpleStateMachine4Testing.java:put(204)) - s2: put 195, m97 -> (t:1, i:195), STATEMACHINELOGENTRY, 226@client-647DCE251987
2022-10-13 10:40:54,371 [s2@group-6905249F38B1-StateMachineUpdater] INFO  statemachine.SimpleStateMachine4Testing (SimpleStateMachine4Testing.java:put(204)) - s2: put 197, m98 -> (t:1, i:197), STATEMACHINELOGENTRY, 227@client-647DCE251987
2022-10-13 10:40:54,371 [s2@group-6905249F38B1-StateMachineUpdater] INFO  statemachine.SimpleStateMachine4Testing (SimpleStateMachine4Testing.java:put(204)) - s2: put 199, m99 -> (t:1, i:199), STATEMACHINELOGENTRY, 228@client-647DCE251987
2022-10-13 10:40:54,371 [s2@group-6905249F38B1-StateMachineUpdater] INFO  statemachine.SimpleStateMachine4Testing (SimpleStateMachine4Testing.java:put(204)) - s2: put 201, m100 -> (t:1, i:201), STATEMACHINELOGENTRY, 229@client-647DCE251987
2022-10-13 10:40:54,371 [s2@group-6905249F38B1-StateMachineUpdater] INFO  statemachine.SimpleStateMachine4Testing (SimpleStateMachine4Testing.java:put(204)) - s2: put 203, m101 -> (t:1, i:203), STATEMACHINELOGENTRY, 230@client-647DCE251987
2022-10-13 10:40:54,371 [s2@group-6905249F38B1-StateMachineUpdater] INFO  statemachine.SimpleStateMachine4Testing (SimpleStateMachine4Testing.java:put(204)) - s2: put 205, m102 -> (t:1, i:205), STATEMACHINELOGENTRY, 231@client-647DCE251987
2022-10-13 10:40:54,371 [s2@group-6905249F38B1-StateMachineUpdater] INFO  statemachine.SimpleStateMachine4Testing (SimpleStateMachine4Testing.java:put(204)) - s2: put 207, m103 -> (t:1, i:207), STATEMACHINELOGENTRY, 232@client-647DCE251987
2022-10-13 10:40:54,371 [s2@group-6905249F38B1-StateMachineUpdater] INFO  statemachine.SimpleStateMachine4Testing (SimpleStateMachine4Testing.java:put(204)) - s2: put 209, m104 -> (t:1, i:209), STATEMACHINELOGENTRY, 233@client-647DCE251987
2022-10-13 10:40:54,371 [s2@group-6905249F38B1-StateMachineUpdater] INFO  statemachine.SimpleStateMachine4Testing (SimpleStateMachine4Testing.java:put(204)) - s2: put 211, m105 -> (t:1, i:211), STATEMACHINELOGENTRY, 234@client-647DCE251987
2022-10-13 10:40:54,371 [s2@group-6905249F38B1-StateMachineUpdater] INFO  statemachine.SimpleStateMachine4Testing (SimpleStateMachine4Testing.java:put(204)) - s2: put 213, m106 -> (t:1, i:213), STATEMACHINELOGENTRY, 235@client-647DCE251987
2022-10-13 10:40:54,371 [s2@group-6905249F38B1-StateMachineUpdater] INFO  statemachine.SimpleStateMachine4Testing (SimpleStateMachine4Testing.java:put(204)) - s2: put 215, m107 -> (t:1, i:215), STATEMACHINELOGENTRY, 236@client-647DCE251987
2022-10-13 10:40:54,371 [s2@group-6905249F38B1-StateMachineUpdater] INFO  statemachine.SimpleStateMachine4Testing (SimpleStateMachine4Testing.java:put(204)) - s2: put 217, m108 -> (t:1, i:217), STATEMACHINELOGENTRY, 237@client-647DCE251987
2022-10-13 10:40:54,371 [s2@group-6905249F38B1-StateMachineUpdater] INFO  statemachine.SimpleStateMachine4Testing (SimpleStateMachine4Testing.java:put(204)) - s2: put 219, m109 -> (t:1, i:219), STATEMACHINELOGENTRY, 238@client-647DCE251987
2022-10-13 10:40:54,372 [s2@group-6905249F38B1-StateMachineUpdater] INFO  statemachine.SimpleStateMachine4Testing (SimpleStateMachine4Testing.java:put(204)) - s2: put 221, m110 -> (t:1, i:221), STATEMACHINELOGENTRY, 239@client-647DCE251987
2022-10-13 10:40:54,372 [s2@group-6905249F38B1-StateMachineUpdater] INFO  statemachine.SimpleStateMachine4Testing (SimpleStateMachine4Testing.java:put(204)) - s2: put 223, m111 -> (t:1, i:223), STATEMACHINELOGENTRY, 240@client-647DCE251987
2022-10-13 10:40:54,372 [s2@group-6905249F38B1-StateMachineUpdater] INFO  statemachine.SimpleStateMachine4Testing (SimpleStateMachine4Testing.java:put(204)) - s2: put 225, m112 -> (t:1, i:225), STATEMACHINELOGENTRY, 241@client-647DCE251987
2022-10-13 10:40:54,372 [s2@group-6905249F38B1-StateMachineUpdater] INFO  statemachine.SimpleStateMachine4Testing (SimpleStateMachine4Testing.java:put(204)) - s2: put 227, m113 -> (t:1, i:227), STATEMACHINELOGENTRY, 242@client-647DCE251987
2022-10-13 10:40:54,372 [s2@group-6905249F38B1-StateMachineUpdater] INFO  statemachine.SimpleStateMachine4Testing (SimpleStateMachine4Testing.java:put(204)) - s2: put 229, m114 -> (t:1, i:229), STATEMACHINELOGENTRY, 243@client-647DCE251987
2022-10-13 10:40:54,372 [s2@group-6905249F38B1-StateMachineUpdater] INFO  statemachine.SimpleStateMachine4Testing (SimpleStateMachine4Testing.java:put(204)) - s2: put 231, m115 -> (t:1, i:231), STATEMACHINELOGENTRY, 244@client-647DCE251987
2022-10-13 10:40:54,372 [s2@group-6905249F38B1-StateMachineUpdater] INFO  statemachine.SimpleStateMachine4Testing (SimpleStateMachine4Testing.java:put(204)) - s2: put 233, m116 -> (t:1, i:233), STATEMACHINELOGENTRY, 245@client-647DCE251987
2022-10-13 10:40:54,372 [grpc-default-executor-0] INFO  server.GrpcLogAppender (GrpcLogAppender.java:onNext(492)) - s0@group-6905249F38B1->s2-InstallSnapshotResponseHandler: received a reply s0<-s2#0:OK-t2,SNAPSHOT_INSTALLED,snapshotIndex=254
2022-10-13 10:40:54,372 [grpc-default-executor-0] INFO  server.GrpcLogAppender (GrpcLogAppender.java:onNext(532)) - s0@group-6905249F38B1->s2-InstallSnapshotResponseHandler: Follower installed snapshot at index 254
2022-10-13 10:40:54,372 [grpc-default-executor-0] INFO  leader.FollowerInfo (FollowerInfoImpl.java:lambda$new$0(48)) - s0@group-6905249F38B1->s2: snapshotIndex: setUnconditionally 0 -> 254
2022-10-13 10:40:54,372 [grpc-default-executor-0] INFO  leader.FollowerInfo (FollowerInfoImpl.java:lambda$new$0(48)) - s0@group-6905249F38B1->s2: matchIndex: setUnconditionally 0 -> 254
2022-10-13 10:40:54,372 [grpc-default-executor-0] INFO  leader.FollowerInfo (FollowerInfoImpl.java:lambda$new$0(48)) - s0@group-6905249F38B1->s2: nextIndex: setUnconditionally 0 -> 255
2022-10-13 10:40:54,372 [grpc-default-executor-0] INFO  leader.FollowerInfo (FollowerInfoImpl.java:setAttemptedToInstallSnapshot(118)) - Follower s0@group-6905249F38B1->s2 acknowledged installing snapshot
2022-10-13 10:40:54,372 [grpc-default-executor-0] INFO  leader.FollowerInfo (FollowerInfoImpl.java:lambda$new$0(48)) - s0@group-6905249F38B1->s2: nextIndex: updateToMax old=255, new=255, updated? false
2022-10-13 10:40:54,372 [grpc-default-executor-0] INFO  server.GrpcLogAppender (GrpcLogAppender.java:onFollowerCatchup(464)) - s0@group-6905249F38B1->s2-InstallSnapshotResponseHandler: Follower can catch up leader after install the snapshot, as leader's start index is 255
2022-10-13 10:40:54,373 [grpc-default-executor-0] INFO  ratis.InstallSnapshotNotificationTests (InstallSnapshotNotificationTests.java:notifySnapshotInstalled(143)) - Receive the notification to clean up snapshot as leader for s2|rpc:0.0.0.0:36699|dataStream:|priority:0|startupRole:FOLLOWER, result: SUCCESS
2022-10-13 10:40:54,373 [grpc-default-executor-0] INFO  ratis.InstallSnapshotNotificationTests (InstallSnapshotNotificationTests.java:notifySnapshotInstalled(147)) - leader snapshot /home/runner/work/ratis/ratis/ratis-test/target/test/data/289fef96/MiniRaftClusterWithGrpcba208ae8/s0/9857bba0-c7d0-4bab-84ff-6905249f38b1/sm/snapshot.1_254 existed
2022-10-13 10:40:54,375 [s2@group-6905249F38B1-StateMachineUpdater] INFO  statemachine.SimpleStateMachine4Testing (SimpleStateMachine4Testing.java:put(204)) - s2: put 235, m117 -> (t:1, i:235), STATEMACHINELOGENTRY, 246@client-647DCE251987
2022-10-13 10:40:54,375 [s2@group-6905249F38B1-StateMachineUpdater] INFO  statemachine.SimpleStateMachine4Testing (SimpleStateMachine4Testing.java:put(204)) - s2: put 237, m118 -> (t:1, i:237), STATEMACHINELOGENTRY, 247@client-647DCE251987
2022-10-13 10:40:54,375 [s2@group-6905249F38B1-StateMachineUpdater] INFO  statemachine.SimpleStateMachine4Testing (SimpleStateMachine4Testing.java:put(204)) - s2: put 239, m119 -> (t:1, i:239), STATEMACHINELOGENTRY, 248@client-647DCE251987
2022-10-13 10:40:54,375 [s2@group-6905249F38B1-StateMachineUpdater] INFO  statemachine.SimpleStateMachine4Testing (SimpleStateMachine4Testing.java:put(204)) - s2: put 241, m120 -> (t:1, i:241), STATEMACHINELOGENTRY, 249@client-647DCE251987
2022-10-13 10:40:54,375 [s2@group-6905249F38B1-StateMachineUpdater] INFO  statemachine.SimpleStateMachine4Testing (SimpleStateMachine4Testing.java:put(204)) - s2: put 243, m121 -> (t:1, i:243), STATEMACHINELOGENTRY, 250@client-647DCE251987
2022-10-13 10:40:54,375 [s2@group-6905249F38B1-StateMachineUpdater] INFO  statemachine.SimpleStateMachine4Testing (SimpleStateMachine4Testing.java:put(204)) - s2: put 245, m122 -> (t:1, i:245), STATEMACHINELOGENTRY, 251@client-647DCE251987
2022-10-13 10:40:54,376 [s2@group-6905249F38B1-StateMachineUpdater] INFO  statemachine.SimpleStateMachine4Testing (SimpleStateMachine4Testing.java:put(204)) - s2: put 247, m123 -> (t:1, i:247), STATEMACHINELOGENTRY, 252@client-647DCE251987
2022-10-13 10:40:54,376 [s2@group-6905249F38B1-StateMachineUpdater] INFO  statemachine.SimpleStateMachine4Testing (SimpleStateMachine4Testing.java:put(204)) - s2: put 249, m124 -> (t:1, i:249), STATEMACHINELOGENTRY, 253@client-647DCE251987
2022-10-13 10:40:54,376 [s2@group-6905249F38B1-StateMachineUpdater] INFO  statemachine.SimpleStateMachine4Testing (SimpleStateMachine4Testing.java:put(204)) - s2: put 251, m125 -> (t:1, i:251), STATEMACHINELOGENTRY, 254@client-647DCE251987
2022-10-13 10:40:54,376 [s2@group-6905249F38B1-StateMachineUpdater] INFO  statemachine.SimpleStateMachine4Testing (SimpleStateMachine4Testing.java:put(204)) - s2: put 253, m126 -> (t:1, i:253), STATEMACHINELOGENTRY, 255@client-647DCE251987
2022-10-13 10:40:54,376 [s2@group-6905249F38B1-StateMachineUpdater] INFO  impl.StateMachineUpdater (StateMachineUpdater.java:lambda$new$0(96)) - s2@group-6905249F38B1-StateMachineUpdater: snapshotIndex: setUnconditionally -1 -> 254
2022-10-13 10:40:54,377 [s2@group-6905249F38B1-StateMachineUpdater] INFO  impl.StateMachineUpdater (StateMachineUpdater.java:lambda$new$0(96)) - s2@group-6905249F38B1-StateMachineUpdater: appliedIndex: setUnconditionally -1 -> 254
2022-10-13 10:40:54,377 [grpc-default-executor-0] INFO  impl.SnapshotInstallationHandler (SnapshotInstallationHandler.java:installSnapshot(89)) - s1@group-6905249F38B1: receive installSnapshot: s0->s1#0-t2,notify:(t:2, i:255)
2022-10-13 10:40:54,381 [grpc-default-executor-0] INFO  segmented.SegmentedRaftLogWorker (SegmentedRaftLogWorker.java:lambda$new$0(134)) - s1@group-6905249F38B1-SegmentedRaftLogWorker: flushIndex: setUnconditionally -1 -> 254
2022-10-13 10:40:54,381 [grpc-default-executor-0] INFO  segmented.SegmentedRaftLogWorker (SegmentedRaftLogWorker.java:lambda$new$0(134)) - s1@group-6905249F38B1-SegmentedRaftLogWorker: safeCacheEvictIndex: setUnconditionally -1 -> 254
2022-10-13 10:40:54,381 [grpc-default-executor-0] DEBUG raftlog.RaftLog (SegmentedRaftLog.java:purgeImpl(366)) - purging segments:null
2022-10-13 10:40:54,381 [grpc-default-executor-0] INFO  raftlog.RaftLog (RaftLogBase.java:lambda$new$0(53)) - s1@group-6905249F38B1-SegmentedRaftLog: snapshotIndex: updateIncreasingly -1 -> 254
2022-10-13 10:40:54,381 [grpc-default-executor-0] INFO  impl.SnapshotInstallationHandler (SnapshotInstallationHandler.java:notifyStateMachineToInstallSnapshot(321)) - s1@group-6905249F38B1: InstallSnapshot notification result: SNAPSHOT_INSTALLED, at index: (t:1, i:254)
2022-10-13 10:40:54,381 [grpc-default-executor-0] INFO  impl.SnapshotInstallationHandler (SnapshotInstallationHandler.java:installSnapshot(100)) - s1@group-6905249F38B1: reply installSnapshot: s0<-s1#0:OK-t2,SNAPSHOT_INSTALLED,snapshotIndex=254
2022-10-13 10:40:54,381 [grpc-default-executor-0] INFO  server.GrpcServerProtocolService (GrpcServerProtocolService.java:onCompleted(143)) - s1: Completed INSTALL_SNAPSHOT, lastRequest: s0->s1#0-t2,notify:(t:2, i:255)
2022-10-13 10:40:54,382 [grpc-default-executor-0] INFO  server.GrpcLogAppender (GrpcLogAppender.java:onNext(492)) - s0@group-6905249F38B1->s1-InstallSnapshotResponseHandler: received a reply s0<-s1#0:OK-t2,SNAPSHOT_INSTALLED,snapshotIndex=254
2022-10-13 10:40:54,382 [grpc-default-executor-0] INFO  server.GrpcLogAppender (GrpcLogAppender.java:onNext(532)) - s0@group-6905249F38B1->s1-InstallSnapshotResponseHandler: Follower installed snapshot at index 254
2022-10-13 10:40:54,382 [grpc-default-executor-0] INFO  leader.FollowerInfo (FollowerInfoImpl.java:lambda$new$0(48)) - s0@group-6905249F38B1->s1: snapshotIndex: setUnconditionally 0 -> 254
2022-10-13 10:40:54,382 [grpc-default-executor-0] INFO  leader.FollowerInfo (FollowerInfoImpl.java:lambda$new$0(48)) - s0@group-6905249F38B1->s1: matchIndex: setUnconditionally 0 -> 254
2022-10-13 10:40:54,382 [grpc-default-executor-0] INFO  leader.FollowerInfo (FollowerInfoImpl.java:lambda$new$0(48)) - s0@group-6905249F38B1->s1: nextIndex: setUnconditionally 0 -> 255
2022-10-13 10:40:54,382 [grpc-default-executor-0] INFO  leader.FollowerInfo (FollowerInfoImpl.java:setAttemptedToInstallSnapshot(118)) - Follower s0@group-6905249F38B1->s1 acknowledged installing snapshot
2022-10-13 10:40:54,382 [grpc-default-executor-0] INFO  leader.FollowerInfo (FollowerInfoImpl.java:lambda$new$0(48)) - s0@group-6905249F38B1->s1: nextIndex: updateToMax old=255, new=255, updated? false
2022-10-13 10:40:54,382 [grpc-default-executor-0] INFO  server.GrpcLogAppender (GrpcLogAppender.java:onFollowerCatchup(464)) - s0@group-6905249F38B1->s1-InstallSnapshotResponseHandler: Follower can catch up leader after install the snapshot, as leader's start index is 255
2022-10-13 10:40:54,382 [grpc-default-executor-0] INFO  ratis.InstallSnapshotNotificationTests (InstallSnapshotNotificationTests.java:notifySnapshotInstalled(143)) - Receive the notification to clean up snapshot as leader for s1|rpc:0.0.0.0:46693|dataStream:|priority:0|startupRole:FOLLOWER, result: SUCCESS
2022-10-13 10:40:54,382 [grpc-default-executor-0] INFO  ratis.InstallSnapshotNotificationTests (InstallSnapshotNotificationTests.java:notifySnapshotInstalled(147)) - leader snapshot /home/runner/work/ratis/ratis/ratis-test/target/test/data/289fef96/MiniRaftClusterWithGrpcba208ae8/s0/9857bba0-c7d0-4bab-84ff-6905249f38b1/sm/snapshot.1_254 existed
2022-10-13 10:40:54,390 [s1-server-thread1] INFO  server.RaftServer$Division (ServerState.java:setRaftConf(376)) - s1@group-6905249F38B1: set configuration 255: peers:[s0|rpc:localhost:46195|admin:localhost:44717|client:localhost:42765|dataStream:localhost:39399|priority:0|startupRole:FOLLOWER]|listeners:[], old=null
2022-10-13 10:40:54,390 [s1-server-thread1] DEBUG raftlog.RaftLog (SegmentedRaftLog.java:appendImpl(446)) - truncateIndex=-1, arrayIndex=0
2022-10-13 10:40:54,390 [s1-server-thread1] INFO  segmented.SegmentedRaftLogWorker (SegmentedRaftLogWorker.java:startLogSegment(431)) - s1@group-6905249F38B1-SegmentedRaftLogWorker: Starting segment from index:255
2022-10-13 10:40:54,390 [s1-server-thread1] INFO  server.RaftServer$Division (RaftServerImpl.java:appendEntriesAsync(1524)) -  FOLLOWER s1@group-6905249F38B1:t2, leader=s0, voted=null, raftlog=Memoized:s1@group-6905249F38B1-SegmentedRaftLog:OPENED:c254, conf=255: peers:[s0|rpc:localhost:46195|admin:localhost:44717|client:localhost:42765|dataStream:localhost:39399|priority:0|startupRole:FOLLOWER]|listeners:[], old=null RUNNING: Follower has completed install the snapshot 254.
2022-10-13 10:40:54,390 [s1-server-thread1] INFO  ratis.InstallSnapshotNotificationTests (InstallSnapshotNotificationTests.java:notifySnapshotInstalled(150)) - Receive the notification to clean up snapshot as follower for s1|rpc:0.0.0.0:46693|priority:0|startupRole:FOLLOWER, result: SUCCESS
2022-10-13 10:40:54,391 [s1-server-thread1] TRACE util.FileUtils (LogUtils.java:runAndLog(49)) - Successfully ran Files.delete /home/runner/work/ratis/ratis/ratis-test/target/test/data/289fef96/MiniRaftClusterWithGrpcba208ae8/s1/9857bba0-c7d0-4bab-84ff-6905249f38b1/sm/snapshot.1_254
2022-10-13 10:40:54,391 [s1-server-thread1] INFO  ratis.InstallSnapshotNotificationTests (InstallSnapshotNotificationTests.java:notifySnapshotInstalled(154)) - follower snapshot /home/runner/work/ratis/ratis/ratis-test/target/test/data/289fef96/MiniRaftClusterWithGrpcba208ae8/s1/9857bba0-c7d0-4bab-84ff-6905249f38b1/sm/snapshot.1_254 deleted
2022-10-13 10:40:54,391 [s1@group-6905249F38B1-StateMachineUpdater] INFO  statemachine.SimpleStateMachine4Testing (SimpleStateMachine4Testing.java:reinitialize(235)) - Reinitializing StateMachine4InstallSnapshotNotificationTests:s1:group-6905249F38B1
2022-10-13 10:40:54,391 [s1@group-6905249F38B1-StateMachineUpdater] INFO  statemachine.SimpleStateMachine4Testing (SimpleStateMachine4Testing.java:loadSnapshot(306)) - The snapshot file null does not exist
2022-10-13 10:40:54,391 [s1@group-6905249F38B1-StateMachineUpdater] ERROR impl.StateMachineUpdater (StateMachineUpdater.java:run(195)) - s1@group-6905249F38B1-StateMachineUpdater caught a Throwable.
java.lang.NullPointerException: snapshot == null
	at java.base/java.util.Objects.requireNonNull(Objects.java:246)
	at org.apache.ratis.server.impl.StateMachineUpdater.reload(StateMachineUpdater.java:220)
	at org.apache.ratis.server.impl.StateMachineUpdater.run(StateMachineUpdater.java:180)
	at java.base/java.lang.Thread.run(Thread.java:829)
2022-10-13 10:40:54,391 [s1@group-6905249F38B1-StateMachineUpdater] INFO  server.RaftServer$Division (RaftServerImpl.java:lambda$close$4(462)) - s1@group-6905249F38B1: shutdown
2022-10-13 10:40:54,391 [s1@group-6905249F38B1-StateMachineUpdater] INFO  util.JmxRegister (JmxRegister.java:unregister(73)) - Successfully un-registered JMX Bean with object name Ratis:service=RaftServer,group=group-6905249F38B1,id=s1
2022-10-13 10:40:54,391 [s1@group-6905249F38B1-StateMachineUpdater] INFO  impl.RoleInfo (RoleInfo.java:shutdownFollowerState(110)) - s1: shutdown s1@group-6905249F38B1-FollowerState
2022-10-13 10:40:54,392 [s1@group-6905249F38B1-StateMachineUpdater] INFO  server.RaftServer$Division (ServerState.java:close(412)) - s1@group-6905249F38B1: applyIndex: -1
2022-10-13 10:40:54,392 [s1@group-6905249F38B1-FollowerState] INFO  impl.FollowerState (FollowerState.java:run(152)) - s1@group-6905249F38B1-FollowerState was interrupted
2022-10-13 10:40:54,399 [s1@group-6905249F38B1-StateMachineUpdater] INFO  segmented.SegmentedRaftLogWorker (SegmentedRaftLogWorker.java:close(246)) - s1@group-6905249F38B1-SegmentedRaftLogWorker close()
2022-10-13 10:40:54,404 [s2-server-thread3] INFO  server.RaftServer$Division (ServerState.java:setRaftConf(376)) - s2@group-6905249F38B1: set configuration 255: peers:[s0|rpc:localhost:46195|admin:localhost:44717|client:localhost:42765|dataStream:localhost:39399|priority:0|startupRole:FOLLOWER]|listeners:[], old=null
2022-10-13 10:40:54,404 [s2-server-thread3] DEBUG raftlog.RaftLog (SegmentedRaftLog.java:appendImpl(446)) - truncateIndex=-1, arrayIndex=0
2022-10-13 10:40:54,404 [s2-server-thread3] INFO  segmented.SegmentedRaftLogWorker (SegmentedRaftLogWorker.java:startLogSegment(431)) - s2@group-6905249F38B1-SegmentedRaftLogWorker: Starting segment from index:255
2022-10-13 10:40:54,404 [s2-server-thread3] INFO  server.RaftServer$Division (RaftServerImpl.java:appendEntriesAsync(1524)) -  FOLLOWER s2@group-6905249F38B1:t2, leader=s0, voted=null, raftlog=Memoized:s2@group-6905249F38B1-SegmentedRaftLog:OPENED:c254, conf=255: peers:[s0|rpc:localhost:46195|admin:localhost:44717|client:localhost:42765|dataStream:localhost:39399|priority:0|startupRole:FOLLOWER]|listeners:[], old=null RUNNING: Follower has completed install the snapshot 254.
2022-10-13 10:40:54,404 [s2-server-thread3] INFO  ratis.InstallSnapshotNotificationTests (InstallSnapshotNotificationTests.java:notifySnapshotInstalled(150)) - Receive the notification to clean up snapshot as follower for s2|rpc:0.0.0.0:36699|priority:0|startupRole:FOLLOWER, result: SUCCESS
2022-10-13 10:40:54,405 [s2-server-thread3] TRACE util.FileUtils (LogUtils.java:runAndLog(49)) - Successfully ran Files.delete /home/runner/work/ratis/ratis/ratis-test/target/test/data/289fef96/MiniRaftClusterWithGrpcba208ae8/s2/9857bba0-c7d0-4bab-84ff-6905249f38b1/sm/snapshot.1_254
2022-10-13 10:40:54,405 [s2-server-thread3] INFO  ratis.InstallSnapshotNotificationTests (InstallSnapshotNotificationTests.java:notifySnapshotInstalled(154)) - follower snapshot /home/runner/work/ratis/ratis/ratis-test/target/test/data/289fef96/MiniRaftClusterWithGrpcba208ae8/s2/9857bba0-c7d0-4bab-84ff-6905249f38b1/sm/snapshot.1_254 deleted
2022-10-13 10:40:54,406 [s2@group-6905249F38B1-SegmentedRaftLogWorker] INFO  segmented.SegmentedRaftLogWorker (SegmentedRaftLogWorker.java:execute(635)) - s2@group-6905249F38B1-SegmentedRaftLogWorker: created new log segment /home/runner/work/ratis/ratis/ratis-test/target/test/data/289fef96/MiniRaftClusterWithGrpcba208ae8/s2/9857bba0-c7d0-4bab-84ff-6905249f38b1/current/log_inprogress_255
2022-10-13 10:40:54,408 [s2@group-6905249F38B1-StateMachineUpdater] INFO  statemachine.SimpleStateMachine4Testing (SimpleStateMachine4Testing.java:put(204)) - s2: put 257, m127 -> (t:2, i:257), STATEMACHINELOGENTRY, 256@client-F77991EFE7CE
2022-10-13 10:40:54,409 [s0@group-6905249F38B1-LeaderStateImpl] INFO  server.RaftServer$Division (ServerState.java:setRaftConf(376)) - s0@group-6905249F38B1: set configuration 259: peers:[s0|rpc:localhost:46195|admin:localhost:44717|client:localhost:42765|dataStream:localhost:39399|priority:0|startupRole:FOLLOWER, s1|rpc:0.0.0.0:46693|dataStream:|priority:0|startupRole:FOLLOWER, s2|rpc:0.0.0.0:36699|dataStream:|priority:0|startupRole:FOLLOWER]|listeners:[], old=peers:[s0|rpc:localhost:46195|admin:localhost:44717|client:localhost:42765|dataStream:localhost:39399|priority:0|startupRole:FOLLOWER]|listeners:[]
2022-10-13 10:40:54,412 [grpc-default-executor-0] WARN  server.GrpcServerProtocolService (LogUtils.java:warn(124)) - s1: Failed APPEND_ENTRIES request s0->s1#199-t2,previous=(t:2, i:258),leaderCommit=258,initializing? true,entries: size=1, first=(t:2, i:259), CONFIGURATIONENTRY(current:id: "s0"
address: "localhost:46195"
dataStreamAddress: "localhost:39399"
clientAddress: "localhost:42765"
adminAddress: "localhost:44717"
startupRole: FOLLOWER
,id: "s1"
address: "0.0.0.0:46693"
clientAddress: "0.0.0.0:46693"
adminAddress: "0.0.0.0:46693"
startupRole: FOLLOWER
,id: "s2"
address: "0.0.0.0:36699"
clientAddress: "0.0.0.0:36699"
adminAddress: "0.0.0.0:36699"
startupRole: FOLLOWER
, old:id: "s0"
address: "localhost:46195"
dataStreamAddress: "localhost:39399"
clientAddress: "localhost:42765"
adminAddress: "localhost:44717"
startupRole: FOLLOWER
)
java.util.concurrent.CompletionException: java.util.concurrent.RejectedExecutionException: Task java.util.concurrent.CompletableFuture$AsyncSupply@3d21c599 rejected from java.util.concurrent.ThreadPoolExecutor@3ad4e2b[Terminated, pool size = 0, active threads = 0, queued tasks = 0, completed tasks = 198]
	at java.base/java.util.concurrent.CompletableFuture.encodeThrowable(CompletableFuture.java:314)
	at java.base/java.util.concurrent.CompletableFuture.uniComposeStage(CompletableFuture.java:1113)
	at java.base/java.util.concurrent.CompletableFuture.thenCompose(CompletableFuture.java:2235)
	at org.apache.ratis.server.impl.RaftServerProxy.appendEntriesAsync(RaftServerProxy.java:634)
	at org.apache.ratis.grpc.server.GrpcServerProtocolService$1.process(GrpcServerProtocolService.java:219)
	at org.apache.ratis.grpc.server.GrpcServerProtocolService$1.process(GrpcServerProtocolService.java:216)
	at org.apache.ratis.grpc.server.GrpcServerProtocolService$ServerRequestStreamObserver.onNext(GrpcServerProtocolService.java:124)
	at org.apache.ratis.thirdparty.io.grpc.stub.ServerCalls$StreamingServerCallHandler$StreamingServerCallListener.onMessage(ServerCalls.java:262)
	at org.apache.ratis.thirdparty.io.grpc.ForwardingServerCallListener.onMessage(ForwardingServerCallListener.java:33)
	at org.apache.ratis.thirdparty.io.grpc.internal.ServerCallImpl$ServerStreamListenerImpl.messagesAvailableInternal(ServerCallImpl.java:332)
	at org.apache.ratis.thirdparty.io.grpc.internal.ServerCallImpl$ServerStreamListenerImpl.messagesAvailable(ServerCallImpl.java:315)
	at org.apache.ratis.thirdparty.io.grpc.internal.ServerImpl$JumpToApplicationThreadServerStreamListener$1MessagesAvailable.runInContext(ServerImpl.java:834)
	at org.apache.ratis.thirdparty.io.grpc.internal.ContextRunnable.run(ContextRunnable.java:37)
	at org.apache.ratis.thirdparty.io.grpc.internal.SerializingExecutor.run(SerializingExecutor.java:133)
	at java.base/java.util.concurrent.ThreadPoolExecutor.runWorker(ThreadPoolExecutor.java:1128)
	at java.base/java.util.concurrent.ThreadPoolExecutor$Worker.run(ThreadPoolExecutor.java:628)
	at java.base/java.lang.Thread.run(Thread.java:829)
Caused by: java.util.concurrent.RejectedExecutionException: Task java.util.concurrent.CompletableFuture$AsyncSupply@3d21c599 rejected from java.util.concurrent.ThreadPoolExecutor@3ad4e2b[Terminated, pool size = 0, active threads = 0, queued tasks = 0, completed tasks = 198]
	at java.base/java.util.concurrent.ThreadPoolExecutor$AbortPolicy.rejectedExecution(ThreadPoolExecutor.java:2055)
	at java.base/java.util.concurrent.ThreadPoolExecutor.reject(ThreadPoolExecutor.java:825)
	at java.base/java.util.concurrent.ThreadPoolExecutor.execute(ThreadPoolExecutor.java:1355)
	at java.base/java.util.concurrent.CompletableFuture.asyncSupplyStage(CompletableFuture.java:1714)
	at java.base/java.util.concurrent.CompletableFuture.supplyAsync(CompletableFuture.java:1931)
	at org.apache.ratis.server.impl.RaftServerImpl.executeSubmitServerRequestAsync(RaftServerImpl.java:812)
	at org.apache.ratis.server.impl.RaftServerProxy.lambda$appendEntriesAsync$27(RaftServerProxy.java:634)
	at java.base/java.util.concurrent.CompletableFuture.uniComposeStage(CompletableFuture.java:1106)
	... 15 more
2022-10-13 10:40:54,415 [s2-server-thread3] INFO  server.RaftServer$Division (ServerState.java:setRaftConf(376)) - s2@group-6905249F38B1: set configuration 259: peers:[s0|rpc:localhost:46195|admin:localhost:44717|client:localhost:42765|dataStream:localhost:39399|priority:0|startupRole:FOLLOWER, s1|rpc:0.0.0.0:46693|dataStream:|priority:0|startupRole:FOLLOWER, s2|rpc:0.0.0.0:36699|dataStream:|priority:0|startupRole:FOLLOWER]|listeners:[], old=peers:[s0|rpc:localhost:46195|admin:localhost:44717|client:localhost:42765|dataStream:localhost:39399|priority:0|startupRole:FOLLOWER]|listeners:[]
2022-10-13 10:40:54,415 [s2-server-thread3] DEBUG raftlog.RaftLog (SegmentedRaftLog.java:appendImpl(446)) - truncateIndex=-1, arrayIndex=0
2022-10-13 10:40:54,418 [s0@group-6905249F38B1-LeaderStateImpl] INFO  server.RaftServer$Division (ServerState.java:setRaftConf(376)) - s0@group-6905249F38B1: set configuration 261: peers:[s0|rpc:localhost:46195|admin:localhost:44717|client:localhost:42765|dataStream:localhost:39399|priority:0|startupRole:FOLLOWER, s1|rpc:0.0.0.0:46693|dataStream:|priority:0|startupRole:FOLLOWER, s2|rpc:0.0.0.0:36699|dataStream:|priority:0|startupRole:FOLLOWER]|listeners:[], old=null
2022-10-13 10:40:54,419 [s2-server-thread2] INFO  server.RaftServer$Division (ServerState.java:setRaftConf(376)) - s2@group-6905249F38B1: set configuration 261: peers:[s0|rpc:localhost:46195|admin:localhost:44717|client:localhost:42765|dataStream:localhost:39399|priority:0|startupRole:FOLLOWER, s1|rpc:0.0.0.0:46693|dataStream:|priority:0|startupRole:FOLLOWER, s2|rpc:0.0.0.0:36699|dataStream:|priority:0|startupRole:FOLLOWER]|listeners:[], old=null
2022-10-13 10:40:54,419 [s2-server-thread2] DEBUG raftlog.RaftLog (SegmentedRaftLog.java:appendImpl(446)) - truncateIndex=-1, arrayIndex=0
2022-10-13 10:40:54,423 [s2-server-thread2] DEBUG raftlog.RaftLog (SegmentedRaftLog.java:appendImpl(446)) - truncateIndex=-1, arrayIndex=0
2022-10-13 10:40:54,433 [Time-limited test] INFO  server.RaftServerConfigKeys (ConfUtils.java:logGet(46)) - raft.server.rpc.timeout.max = 300ms (default)
2022-10-13 10:40:54,433 [Time-limited test] INFO  impl.RaftServerTestUtil (RaftServerTestUtil.java:waitAndCheckNewConf(97)) - waitAndCheckNewConf: peers=[s1|rpc:0.0.0.0:46693|priority:0|startupRole:FOLLOWER, s2|rpc:0.0.0.0:36699|priority:0|startupRole:FOLLOWER, s0|rpc:localhost:46195|admin:localhost:44717|client:localhost:42765|dataStream:localhost:39399|priority:0|startupRole:FOLLOWER], deadPeers=null, printing ALL groups
  s0:  RUNNING    LEADER s0@group-6905249F38B1:t2, leader=s0, voted=s0, raftlog=Memoized:s0@group-6905249F38B1-SegmentedRaftLog:OPENED:c262, conf=261: peers:[s0|rpc:localhost:46195|admin:localhost:44717|client:localhost:42765|dataStream:localhost:39399|priority:0|startupRole:FOLLOWER, s1|rpc:0.0.0.0:46693|dataStream:|priority:0|startupRole:FOLLOWER, s2|rpc:0.0.0.0:36699|dataStream:|priority:0|startupRole:FOLLOWER]|listeners:[], old=null RUNNING
  s1:  RUNNING  FOLLOWER s1@group-6905249F38B1:t2, leader=s0, voted=null, raftlog=Memoized:s1@group-6905249F38B1-SegmentedRaftLog:CLOSED:c254, conf=255: peers:[s0|rpc:localhost:46195|admin:localhost:44717|client:localhost:42765|dataStream:localhost:39399|priority:0|startupRole:FOLLOWER]|listeners:[], old=null CLOSED
  s2:  RUNNING  FOLLOWER s2@group-6905249F38B1:t2, leader=s0, voted=null, raftlog=Memoized:s2@group-6905249F38B1-SegmentedRaftLog:OPENED:c261, conf=261: peers:[s0|rpc:localhost:46195|admin:localhost:44717|client:localhost:42765|dataStream:localhost:39399|priority:0|startupRole:FOLLOWER, s1|rpc:0.0.0.0:46693|dataStream:|priority:0|startupRole:FOLLOWER, s2|rpc:0.0.0.0:36699|dataStream:|priority:0|startupRole:FOLLOWER]|listeners:[], old=null RUNNING
2022-10-13 10:40:54,434 [Time-limited test] INFO  impl.RaftServerTestUtil (RaftServerTestUtil.java:waitAndCheckNewConf(106)) - checking    LEADER s0@group-6905249F38B1:t2, leader=s0, voted=s0, raftlog=Memoized:s0@group-6905249F38B1-SegmentedRaftLog:OPENED:c262, conf=261: peers:[s0|rpc:localhost:46195|admin:localhost:44717|client:localhost:42765|dataStream:localhost:39399|priority:0|startupRole:FOLLOWER, s1|rpc:0.0.0.0:46693|dataStream:|priority:0|startupRole:FOLLOWER, s2|rpc:0.0.0.0:36699|dataStream:|priority:0|startupRole:FOLLOWER]|listeners:[], old=null RUNNING
2022-10-13 10:40:54,434 [Time-limited test] INFO  impl.RaftServerTestUtil (RaftServerTestUtil.java:waitAndCheckNewConf(106)) - checking  FOLLOWER s1@group-6905249F38B1:t2, leader=s0, voted=null, raftlog=Memoized:s1@group-6905249F38B1-SegmentedRaftLog:CLOSED:c254, conf=255: peers:[s0|rpc:localhost:46195|admin:localhost:44717|client:localhost:42765|dataStream:localhost:39399|priority:0|startupRole:FOLLOWER]|listeners:[], old=null CLOSED
2022-10-13 10:40:54,434 [Time-limited test] WARN  impl.RaftServerTestUtil (JavaUtils.java:attempt(217)) - FAILED "waitAndCheckNewConf", attempt #1/10: java.lang.AssertionError, sleep 600ms and then retry.
java.lang.AssertionError
	at org.junit.Assert.fail(Assert.java:87)
	at org.junit.Assert.assertTrue(Assert.java:42)
	at org.junit.Assert.assertTrue(Assert.java:53)
	at org.apache.ratis.server.impl.RaftServerTestUtil.waitAndCheckNewConf(RaftServerTestUtil.java:117)
	at org.apache.ratis.server.impl.RaftServerTestUtil.lambda$waitAndCheckNewConf$3(RaftServerTestUtil.java:92)
	at org.apache.ratis.util.function.CheckedRunnable.lambda$asCheckedSupplier$0(CheckedRunnable.java:32)
	at org.apache.ratis.util.JavaUtils.attempt(JavaUtils.java:211)
	at org.apache.ratis.util.JavaUtils.attemptRepeatedly(JavaUtils.java:197)
	at org.apache.ratis.util.JavaUtils.attempt(JavaUtils.java:231)
	at org.apache.ratis.server.impl.RaftServerTestUtil.waitAndCheckNewConf(RaftServerTestUtil.java:92)
	at org.apache.ratis.InstallSnapshotNotificationTests.testAddNewFollowers(InstallSnapshotNotificationTests.java:236)
	at org.apache.ratis.server.impl.MiniRaftCluster$Factory$Get.runWithNewCluster(MiniRaftCluster.java:141)
	at org.apache.ratis.server.impl.MiniRaftCluster$Factory$Get.runWithNewCluster(MiniRaftCluster.java:121)
	at org.apache.ratis.InstallSnapshotNotificationTests.testAddNewFollowers(InstallSnapshotNotificationTests.java:173)
	at java.base/jdk.internal.reflect.NativeMethodAccessorImpl.invoke0(Native Method)
	at java.base/jdk.internal.reflect.NativeMethodAccessorImpl.invoke(NativeMethodAccessorImpl.java:62)
	at java.base/jdk.internal.reflect.DelegatingMethodAccessorImpl.invoke(DelegatingMethodAccessorImpl.java:43)
	at java.base/java.lang.reflect.Method.invoke(Method.java:566)
	at org.junit.runners.model.FrameworkMethod$1.runReflectiveCall(FrameworkMethod.java:59)
	at org.junit.internal.runners.model.ReflectiveCallable.run(ReflectiveCallable.java:12)
	at org.junit.runners.model.FrameworkMethod.invokeExplosively(FrameworkMethod.java:56)
	at org.junit.internal.runners.statements.InvokeMethod.evaluate(InvokeMethod.java:17)
	at org.junit.internal.runners.statements.RunAfters.evaluate(RunAfters.java:27)
	at org.junit.internal.runners.statements.FailOnTimeout$CallableStatement.call(FailOnTimeout.java:299)
	at org.junit.internal.runners.statements.FailOnTimeout$CallableStatement.call(FailOnTimeout.java:293)
	at java.base/java.util.concurrent.FutureTask.run(FutureTask.java:264)
	at java.base/java.lang.Thread.run(Thread.java:829)
2022-10-13 10:40:54,449 [grpc-default-executor-2] WARN  server.GrpcLogAppender (LogUtils.java:warn(124)) - s0@group-6905249F38B1->s1-AppendLogResponseHandler: Failed appendEntries
java.io.IOException: java.util.concurrent.RejectedExecutionException: Task java.util.concurrent.CompletableFuture$AsyncSupply@3d21c599 rejected from java.util.concurrent.ThreadPoolExecutor@3ad4e2b[Terminated, pool size = 0, active threads = 0, queued tasks = 0, completed tasks = 198]
	at org.apache.ratis.util.IOUtils.asIOException(IOUtils.java:56)
	at org.apache.ratis.grpc.GrpcUtil.tryUnwrapException(GrpcUtil.java:121)
	at org.apache.ratis.grpc.GrpcUtil.unwrapThrowable(GrpcUtil.java:82)
	at org.apache.ratis.grpc.GrpcUtil.warn(GrpcUtil.java:178)
	at org.apache.ratis.grpc.server.GrpcLogAppender$AppendLogResponseHandler.onError(GrpcLogAppender.java:405)
	at org.apache.ratis.thirdparty.io.grpc.stub.ClientCalls$StreamObserverToCallListenerAdapter.onClose(ClientCalls.java:487)
	at org.apache.ratis.thirdparty.io.grpc.internal.ClientCallImpl.closeObserver(ClientCallImpl.java:562)
	at org.apache.ratis.thirdparty.io.grpc.internal.ClientCallImpl.access$300(ClientCallImpl.java:70)
	at org.apache.ratis.thirdparty.io.grpc.internal.ClientCallImpl$ClientStreamListenerImpl$1StreamClosed.runInternal(ClientCallImpl.java:743)
	at org.apache.ratis.thirdparty.io.grpc.internal.ClientCallImpl$ClientStreamListenerImpl$1StreamClosed.runInContext(ClientCallImpl.java:722)
	at org.apache.ratis.thirdparty.io.grpc.internal.ContextRunnable.run(ContextRunnable.java:37)
	at org.apache.ratis.thirdparty.io.grpc.internal.SerializingExecutor.run(SerializingExecutor.java:133)
	at java.base/java.util.concurrent.ThreadPoolExecutor.runWorker(ThreadPoolExecutor.java:1128)
	at java.base/java.util.concurrent.ThreadPoolExecutor$Worker.run(ThreadPoolExecutor.java:628)
	at java.base/java.lang.Thread.run(Thread.java:829)
Caused by: java.util.concurrent.RejectedExecutionException: Task java.util.concurrent.CompletableFuture$AsyncSupply@3d21c599 rejected from java.util.concurrent.ThreadPoolExecutor@3ad4e2b[Terminated, pool size = 0, active threads = 0, queued tasks = 0, completed tasks = 198]
	at java.base/jdk.internal.reflect.NativeConstructorAccessorImpl.newInstance0(Native Method)
	at java.base/jdk.internal.reflect.NativeConstructorAccessorImpl.newInstance(NativeConstructorAccessorImpl.java:62)
	at java.base/jdk.internal.reflect.DelegatingConstructorAccessorImpl.newInstance(DelegatingConstructorAccessorImpl.java:45)
	at java.base/java.lang.reflect.Constructor.newInstance(Constructor.java:490)
	at org.apache.ratis.util.ReflectionUtils.instantiateException(ReflectionUtils.java:259)
	at org.apache.ratis.grpc.GrpcUtil.tryUnwrapException(GrpcUtil.java:120)
	... 13 more
Caused by: org.apache.ratis.thirdparty.io.grpc.StatusRuntimeException: INTERNAL: Task java.util.concurrent.CompletableFuture$AsyncSupply@3d21c599 rejected from java.util.concurrent.ThreadPoolExecutor@3ad4e2b[Terminated, pool size = 0, active threads = 0, queued tasks = 0, completed tasks = 198]
	at org.apache.ratis.thirdparty.io.grpc.Status.asRuntimeException(Status.java:535)
	... 10 more
	Suppressed: java.lang.IllegalStateException: Failed to cast to class java.io.IOException, object=java.util.concurrent.RejectedExecutionException: Task java.util.concurrent.CompletableFuture$AsyncSupply@3d21c599 rejected from java.util.concurrent.ThreadPoolExecutor@3ad4e2b[Terminated, pool size = 0, active threads = 0, queued tasks = 0, completed tasks = 198]
	at java.base/java.util.concurrent.ThreadPoolExecutor$AbortPolicy.rejectedExecution(ThreadPoolExecutor.java:2055)
	at java.base/java.util.concurrent.ThreadPoolExecutor.reject(ThreadPoolExecutor.java:825)
	at java.base/java.util.concurrent.ThreadPoolExecutor.execute(ThreadPoolExecutor.java:1355)
	at java.base/java.util.concurrent.CompletableFuture.asyncSupplyStage(CompletableFuture.java:1714)
	at java.base/java.util.concurrent.CompletableFuture.supplyAsync(CompletableFuture.java:1931)
	at org.apache.ratis.server.impl.RaftServerImpl.executeSubmitServerRequestAsync(RaftServerImpl.java:812)
	at org.apache.ratis.server.impl.RaftServerProxy.lambda$appendEntriesAsync$27(RaftServerProxy.java:634)
	at java.base/java.util.concurrent.CompletableFuture.uniComposeStage(CompletableFuture.java:1106)
	at java.base/java.util.concurrent.CompletableFuture.thenCompose(CompletableFuture.java:2235)
	at org.apache.ratis.server.impl.RaftServerProxy.appendEntriesAsync(RaftServerProxy.java:634)
	at org.apache.ratis.grpc.server.GrpcServerProtocolService$1.process(GrpcServerProtocolService.java:219)
	at org.apache.ratis.grpc.server.GrpcServerProtocolService$1.process(GrpcServerProtocolService.java:216)
	at org.apache.ratis.grpc.server.GrpcServerProtocolService$ServerRequestStreamObserver.onNext(GrpcServerProtocolService.java:124)
	at org.apache.ratis.thirdparty.io.grpc.stub.ServerCalls$StreamingServerCallHandler$StreamingServerCallListener.onMessage(ServerCalls.java:262)
	at org.apache.ratis.thirdparty.io.grpc.ForwardingServerCallListener.onMessage(ForwardingServerCallListener.java:33)
	at org.apache.ratis.thirdparty.io.grpc.internal.ServerCallImpl$ServerStreamListenerImpl.messagesAvailableInternal(ServerCallImpl.java:332)
	at org.apache.ratis.thirdparty.io.grpc.internal.ServerCallImpl$ServerStreamListenerImpl.messagesAvailable(ServerCallImpl.java:315)
	at org.apache.ratis.thirdparty.io.grpc.internal.ServerImpl$JumpToApplicationThreadServerStreamListener$1MessagesAvailable.runInContext(ServerImpl.java:834)
	at org.apache.ratis.thirdparty.io.grpc.internal.ContextRunnable.run(ContextRunnable.java:37)
	at org.apache.ratis.thirdparty.io.grpc.internal.SerializingExecutor.run(SerializingExecutor.java:133)
	at java.base/java.util.concurrent.ThreadPoolExecutor.runWorker(ThreadPoolExecutor.java:1128)
	at java.base/java.util.concurrent.ThreadPoolExecutor$Worker.run(ThreadPoolExecutor.java:628)
	at java.base/java.lang.Thread.run(Thread.java:829)

		at org.apache.ratis.util.IOUtils.readObject(IOUtils.java:237)
		at org.apache.ratis.util.IOUtils.bytes2Object(IOUtils.java:214)
		at org.apache.ratis.grpc.GrpcUtil.tryUnwrapException(GrpcUtil.java:109)
		at org.apache.ratis.grpc.GrpcUtil.unwrapThrowable(GrpcUtil.java:82)
		at org.apache.ratis.grpc.GrpcUtil.warn(GrpcUtil.java:178)
		at org.apache.ratis.grpc.server.GrpcLogAppender$AppendLogResponseHandler.onError(GrpcLogAppender.java:405)
		... 10 more
	Caused by: java.lang.ClassCastException: Cannot cast java.util.concurrent.RejectedExecutionException to java.io.IOException
		at java.base/java.lang.Class.cast(Class.java:3605)
		at org.apache.ratis.util.IOUtils.readObject(IOUtils.java:234)
		... 15 more
2022-10-13 10:40:54,453 [grpc-default-executor-2] INFO  leader.FollowerInfo (FollowerInfoImpl.java:lambda$new$0(48)) - s0@group-6905249F38B1->s1: nextIndex: updateUnconditionally 263 -> 259
2022-10-13 10:40:54,460 [grpc-default-executor-4] WARN  server.GrpcServerProtocolService (LogUtils.java:warn(124)) - s1: Failed APPEND_ENTRIES request s0->s1#207-t2,previous=(t:2, i:258),leaderCommit=262,initializing? true,entries: size=4, first=(t:2, i:259), CONFIGURATIONENTRY(current:id: "s0"
address: "localhost:46195"
dataStreamAddress: "localhost:39399"
clientAddress: "localhost:42765"
adminAddress: "localhost:44717"
startupRole: FOLLOWER
,id: "s1"
address: "0.0.0.0:46693"
clientAddress: "0.0.0.0:46693"
adminAddress: "0.0.0.0:46693"
startupRole: FOLLOWER
,id: "s2"
address: "0.0.0.0:36699"
clientAddress: "0.0.0.0:36699"
adminAddress: "0.0.0.0:36699"
startupRole: FOLLOWER
, old:id: "s0"
address: "localhost:46195"
dataStreamAddress: "localhost:39399"
clientAddress: "localhost:42765"
adminAddress: "localhost:44717"
startupRole: FOLLOWER
)
java.util.concurrent.CompletionException: java.util.concurrent.RejectedExecutionException: Task java.util.concurrent.CompletableFuture$AsyncSupply@4c49acb0 rejected from java.util.concurrent.ThreadPoolExecutor@3ad4e2b[Terminated, pool size = 0, active threads = 0, queued tasks = 0, completed tasks = 198]
	at java.base/java.util.concurrent.CompletableFuture.encodeThrowable(CompletableFuture.java:314)
	at java.base/java.util.concurrent.CompletableFuture.uniComposeStage(CompletableFuture.java:1113)
	at java.base/java.util.concurrent.CompletableFuture.thenCompose(CompletableFuture.java:2235)
	at org.apache.ratis.server.impl.RaftServerProxy.appendEntriesAsync(RaftServerProxy.java:634)
	at org.apache.ratis.grpc.server.GrpcServerProtocolService$1.process(GrpcServerProtocolService.java:219)
	at org.apache.ratis.grpc.server.GrpcServerProtocolService$1.process(GrpcServerProtocolService.java:216)
	at org.apache.ratis.grpc.server.GrpcServerProtocolService$ServerRequestStreamObserver.onNext(GrpcServerProtocolService.java:124)
	at org.apache.ratis.thirdparty.io.grpc.stub.ServerCalls$StreamingServerCallHandler$StreamingServerCallListener.onMessage(ServerCalls.java:262)
	at org.apache.ratis.thirdparty.io.grpc.ForwardingServerCallListener.onMessage(ForwardingServerCallListener.java:33)
	at org.apache.ratis.thirdparty.io.grpc.internal.ServerCallImpl$ServerStreamListenerImpl.messagesAvailableInternal(ServerCallImpl.java:332)
	at org.apache.ratis.thirdparty.io.grpc.internal.ServerCallImpl$ServerStreamListenerImpl.messagesAvailable(ServerCallImpl.java:315)
	at org.apache.ratis.thirdparty.io.grpc.internal.ServerImpl$JumpToApplicationThreadServerStreamListener$1MessagesAvailable.runInContext(ServerImpl.java:834)
	at org.apache.ratis.thirdparty.io.grpc.internal.ContextRunnable.run(ContextRunnable.java:37)
	at org.apache.ratis.thirdparty.io.grpc.internal.SerializingExecutor.run(SerializingExecutor.java:133)
	at java.base/java.util.concurrent.ThreadPoolExecutor.runWorker(ThreadPoolExecutor.java:1128)
	at java.base/java.util.concurrent.ThreadPoolExecutor$Worker.run(ThreadPoolExecutor.java:628)
	at java.base/java.lang.Thread.run(Thread.java:829)
Caused by: java.util.concurrent.RejectedExecutionException: Task java.util.concurrent.CompletableFuture$AsyncSupply@4c49acb0 rejected from java.util.concurrent.ThreadPoolExecutor@3ad4e2b[Terminated, pool size = 0, active threads = 0, queued tasks = 0, completed tasks = 198]
	at java.base/java.util.concurrent.ThreadPoolExecutor$AbortPolicy.rejectedExecution(ThreadPoolExecutor.java:2055)
	at java.base/java.util.concurrent.ThreadPoolExecutor.reject(ThreadPoolExecutor.java:825)
	at java.base/java.util.concurrent.ThreadPoolExecutor.execute(ThreadPoolExecutor.java:1355)
	at java.base/java.util.concurrent.CompletableFuture.asyncSupplyStage(CompletableFuture.java:1714)
	at java.base/java.util.concurrent.CompletableFuture.supplyAsync(CompletableFuture.java:1931)
	at org.apache.ratis.server.impl.RaftServerImpl.executeSubmitServerRequestAsync(RaftServerImpl.java:812)
	at org.apache.ratis.server.impl.RaftServerProxy.lambda$appendEntriesAsync$27(RaftServerProxy.java:634)
	at java.base/java.util.concurrent.CompletableFuture.uniComposeStage(CompletableFuture.java:1106)
	... 15 more
2022-10-13 10:40:54,467 [grpc-default-executor-4] WARN  server.GrpcLogAppender (LogUtils.java:warn(124)) - s0@group-6905249F38B1->s1-AppendLogResponseHandler: Failed appendEntries
java.io.IOException: java.util.concurrent.RejectedExecutionException: Task java.util.concurrent.CompletableFuture$AsyncSupply@4c49acb0 rejected from java.util.concurrent.ThreadPoolExecutor@3ad4e2b[Terminated, pool size = 0, active threads = 0, queued tasks = 0, completed tasks = 198]
	at org.apache.ratis.util.IOUtils.asIOException(IOUtils.java:56)
	at org.apache.ratis.grpc.GrpcUtil.tryUnwrapException(GrpcUtil.java:121)
	at org.apache.ratis.grpc.GrpcUtil.unwrapThrowable(GrpcUtil.java:82)
	at org.apache.ratis.grpc.GrpcUtil.warn(GrpcUtil.java:178)
	at org.apache.ratis.grpc.server.GrpcLogAppender$AppendLogResponseHandler.onError(GrpcLogAppender.java:405)
	at org.apache.ratis.thirdparty.io.grpc.stub.ClientCalls$StreamObserverToCallListenerAdapter.onClose(ClientCalls.java:487)
	at org.apache.ratis.thirdparty.io.grpc.internal.ClientCallImpl.closeObserver(ClientCallImpl.java:562)
	at org.apache.ratis.thirdparty.io.grpc.internal.ClientCallImpl.access$300(ClientCallImpl.java:70)
	at org.apache.ratis.thirdparty.io.grpc.internal.ClientCallImpl$ClientStreamListenerImpl$1StreamClosed.runInternal(ClientCallImpl.java:743)
	at org.apache.ratis.thirdparty.io.grpc.internal.ClientCallImpl$ClientStreamListenerImpl$1StreamClosed.runInContext(ClientCallImpl.java:722)
	at org.apache.ratis.thirdparty.io.grpc.internal.ContextRunnable.run(ContextRunnable.java:37)
	at org.apache.ratis.thirdparty.io.grpc.internal.SerializingExecutor.run(SerializingExecutor.java:133)
	at java.base/java.util.concurrent.ThreadPoolExecutor.runWorker(ThreadPoolExecutor.java:1128)
	at java.base/java.util.concurrent.ThreadPoolExecutor$Worker.run(ThreadPoolExecutor.java:628)
	at java.base/java.lang.Thread.run(Thread.java:829)
Caused by: java.util.concurrent.RejectedExecutionException: Task java.util.concurrent.CompletableFuture$AsyncSupply@4c49acb0 rejected from java.util.concurrent.ThreadPoolExecutor@3ad4e2b[Terminated, pool size = 0, active threads = 0, queued tasks = 0, completed tasks = 198]
	at java.base/jdk.internal.reflect.NativeConstructorAccessorImpl.newInstance0(Native Method)
	at java.base/jdk.internal.reflect.NativeConstructorAccessorImpl.newInstance(NativeConstructorAccessorImpl.java:62)
	at java.base/jdk.internal.reflect.DelegatingConstructorAccessorImpl.newInstance(DelegatingConstructorAccessorImpl.java:45)
	at java.base/java.lang.reflect.Constructor.newInstance(Constructor.java:490)
	at org.apache.ratis.util.ReflectionUtils.instantiateException(ReflectionUtils.java:259)
	at org.apache.ratis.grpc.GrpcUtil.tryUnwrapException(GrpcUtil.java:120)
	... 13 more
Caused by: org.apache.ratis.thirdparty.io.grpc.StatusRuntimeException: INTERNAL: Task java.util.concurrent.CompletableFuture$AsyncSupply@4c49acb0 rejected from java.util.concurrent.ThreadPoolExecutor@3ad4e2b[Terminated, pool size = 0, active threads = 0, queued tasks = 0, completed tasks = 198]
	at org.apache.ratis.thirdparty.io.grpc.Status.asRuntimeException(Status.java:535)
	... 10 more
	Suppressed: java.lang.IllegalStateException: Failed to cast to class java.io.IOException, object=java.util.concurrent.RejectedExecutionException: Task java.util.concurrent.CompletableFuture$AsyncSupply@4c49acb0 rejected from java.util.concurrent.ThreadPoolExecutor@3ad4e2b[Terminated, pool size = 0, active threads = 0, queued tasks = 0, completed tasks = 198]
	at java.base/java.util.concurrent.ThreadPoolExecutor$AbortPolicy.rejectedExecution(ThreadPoolExecutor.java:2055)
	at java.base/java.util.concurrent.ThreadPoolExecutor.reject(ThreadPoolExecutor.java:825)
	at java.base/java.util.concurrent.ThreadPoolExecutor.execute(ThreadPoolExecutor.java:1355)
	at java.base/java.util.concurrent.CompletableFuture.asyncSupplyStage(CompletableFuture.java:1714)
	at java.base/java.util.concurrent.CompletableFuture.supplyAsync(CompletableFuture.java:1931)
	at org.apache.ratis.server.impl.RaftServerImpl.executeSubmitServerRequestAsync(RaftServerImpl.java:812)
	at org.apache.ratis.server.impl.RaftServerProxy.lambda$appendEntriesAsync$27(RaftServerProxy.java:634)
	at java.base/java.util.concurrent.CompletableFuture.uniComposeStage(CompletableFuture.java:1106)
	at java.base/java.util.concurrent.CompletableFuture.thenCompose(CompletableFuture.java:2235)
	at org.apache.ratis.server.impl.RaftServerProxy.appendEntriesAsync(RaftServerProxy.java:634)
	at org.apache.ratis.grpc.server.GrpcServerProtocolService$1.process(GrpcServerProtocolService.java:219)
	at org.apache.ratis.grpc.server.GrpcServerProtocolService$1.process(GrpcServerProtocolService.java:216)
	at org.apache.ratis.grpc.server.GrpcServerProtocolService$ServerRequestStreamObserver.onNext(GrpcServerProtocolService.java:124)
	at org.apache.ratis.thirdparty.io.grpc.stub.ServerCalls$StreamingServerCallHandler$StreamingServerCallListener.onMessage(ServerCalls.java:262)
	at org.apache.ratis.thirdparty.io.grpc.ForwardingServerCallListener.onMessage(ForwardingServerCallListener.java:33)
	at org.apache.ratis.thirdparty.io.grpc.internal.ServerCallImpl$ServerStreamListenerImpl.messagesAvailableInternal(ServerCallImpl.java:332)
	at org.apache.ratis.thirdparty.io.grpc.internal.ServerCallImpl$ServerStreamListenerImpl.messagesAvailable(ServerCallImpl.java:315)
	at org.apache.ratis.thirdparty.io.grpc.internal.ServerImpl$JumpToApplicationThreadServerStreamListener$1MessagesAvailable.runInContext(ServerImpl.java:834)
	at org.apache.ratis.thirdparty.io.grpc.internal.ContextRunnable.run(ContextRunnable.java:37)
	at org.apache.ratis.thirdparty.io.grpc.internal.SerializingExecutor.run(SerializingExecutor.java:133)
	at java.base/java.util.concurrent.ThreadPoolExecutor.runWorker(ThreadPoolExecutor.java:1128)
	at java.base/java.util.concurrent.ThreadPoolExecutor$Worker.run(ThreadPoolExecutor.java:628)
	at java.base/java.lang.Thread.run(Thread.java:829)

		at org.apache.ratis.util.IOUtils.readObject(IOUtils.java:237)
		at org.apache.ratis.util.IOUtils.bytes2Object(IOUtils.java:214)
		at org.apache.ratis.grpc.GrpcUtil.tryUnwrapException(GrpcUtil.java:109)
		at org.apache.ratis.grpc.GrpcUtil.unwrapThrowable(GrpcUtil.java:82)
		at org.apache.ratis.grpc.GrpcUtil.warn(GrpcUtil.java:178)
		at org.apache.ratis.grpc.server.GrpcLogAppender$AppendLogResponseHandler.onError(GrpcLogAppender.java:405)
		... 10 more
	Caused by: java.lang.ClassCastException: Cannot cast java.util.concurrent.RejectedExecutionException to java.io.IOException
		at java.base/java.lang.Class.cast(Class.java:3605)
		at org.apache.ratis.util.IOUtils.readObject(IOUtils.java:234)
		... 15 more
2022-10-13 10:40:54,468 [grpc-default-executor-4] INFO  leader.FollowerInfo (FollowerInfoImpl.java:lambda$new$0(48)) - s0@group-6905249F38B1->s1: nextIndex: updateUnconditionally 263 -> 259
2022-10-13 10:40:54,503 [grpc-default-executor-4] WARN  server.GrpcServerProtocolService (LogUtils.java:warn(124)) - s1: Failed APPEND_ENTRIES request s0->s1#209-t2,previous=(t:2, i:258),leaderCommit=262,initializing? true,entries: size=4, first=(t:2, i:259), CONFIGURATIONENTRY(current:id: "s0"
address: "localhost:46195"
dataStreamAddress: "localhost:39399"
clientAddress: "localhost:42765"
adminAddress: "localhost:44717"
startupRole: FOLLOWER
,id: "s1"
address: "0.0.0.0:46693"
clientAddress: "0.0.0.0:46693"
adminAddress: "0.0.0.0:46693"
startupRole: FOLLOWER
,id: "s2"
address: "0.0.0.0:36699"
clientAddress: "0.0.0.0:36699"
adminAddress: "0.0.0.0:36699"
startupRole: FOLLOWER
, old:id: "s0"
address: "localhost:46195"
dataStreamAddress: "localhost:39399"
clientAddress: "localhost:42765"
adminAddress: "localhost:44717"
startupRole: FOLLOWER
)
java.util.concurrent.CompletionException: java.util.concurrent.RejectedExecutionException: Task java.util.concurrent.CompletableFuture$AsyncSupply@12e2ab14 rejected from java.util.concurrent.ThreadPoolExecutor@3ad4e2b[Terminated, pool size = 0, active threads = 0, queued tasks = 0, completed tasks = 198]
	at java.base/java.util.concurrent.CompletableFuture.encodeThrowable(CompletableFuture.java:314)
	at java.base/java.util.concurrent.CompletableFuture.uniComposeStage(CompletableFuture.java:1113)
	at java.base/java.util.concurrent.CompletableFuture.thenCompose(CompletableFuture.java:2235)
	at org.apache.ratis.server.impl.RaftServerProxy.appendEntriesAsync(RaftServerProxy.java:634)
	at org.apache.ratis.grpc.server.GrpcServerProtocolService$1.process(GrpcServerProtocolService.java:219)
	at org.apache.ratis.grpc.server.GrpcServerProtocolService$1.process(GrpcServerProtocolService.java:216)
	at org.apache.ratis.grpc.server.GrpcServerProtocolService$ServerRequestStreamObserver.onNext(GrpcServerProtocolService.java:124)
	at org.apache.ratis.thirdparty.io.grpc.stub.ServerCalls$StreamingServerCallHandler$StreamingServerCallListener.onMessage(ServerCalls.java:262)
	at org.apache.ratis.thirdparty.io.grpc.ForwardingServerCallListener.onMessage(ForwardingServerCallListener.java:33)
	at org.apache.ratis.thirdparty.io.grpc.internal.ServerCallImpl$ServerStreamListenerImpl.messagesAvailableInternal(ServerCallImpl.java:332)
	at org.apache.ratis.thirdparty.io.grpc.internal.ServerCallImpl$ServerStreamListenerImpl.messagesAvailable(ServerCallImpl.java:315)
	at org.apache.ratis.thirdparty.io.grpc.internal.ServerImpl$JumpToApplicationThreadServerStreamListener$1MessagesAvailable.runInContext(ServerImpl.java:834)
	at org.apache.ratis.thirdparty.io.grpc.internal.ContextRunnable.run(ContextRunnable.java:37)
	at org.apache.ratis.thirdparty.io.grpc.internal.SerializingExecutor.run(SerializingExecutor.java:133)
	at java.base/java.util.concurrent.ThreadPoolExecutor.runWorker(ThreadPoolExecutor.java:1128)
	at java.base/java.util.concurrent.ThreadPoolExecutor$Worker.run(ThreadPoolExecutor.java:628)
	at java.base/java.lang.Thread.run(Thread.java:829)
Caused by: java.util.concurrent.RejectedExecutionException: Task java.util.concurrent.CompletableFuture$AsyncSupply@12e2ab14 rejected from java.util.concurrent.ThreadPoolExecutor@3ad4e2b[Terminated, pool size = 0, active threads = 0, queued tasks = 0, completed tasks = 198]
	at java.base/java.util.concurrent.ThreadPoolExecutor$AbortPolicy.rejectedExecution(ThreadPoolExecutor.java:2055)
	at java.base/java.util.concurrent.ThreadPoolExecutor.reject(ThreadPoolExecutor.java:825)
	at java.base/java.util.concurrent.ThreadPoolExecutor.execute(ThreadPoolExecutor.java:1355)
	at java.base/java.util.concurrent.CompletableFuture.asyncSupplyStage(CompletableFuture.java:1714)
	at java.base/java.util.concurrent.CompletableFuture.supplyAsync(CompletableFuture.java:1931)
	at org.apache.ratis.server.impl.RaftServerImpl.executeSubmitServerRequestAsync(RaftServerImpl.java:812)
	at org.apache.ratis.server.impl.RaftServerProxy.lambda$appendEntriesAsync$27(RaftServerProxy.java:634)
	at java.base/java.util.concurrent.CompletableFuture.uniComposeStage(CompletableFuture.java:1106)
	... 15 more
2022-10-13 10:40:54,509 [grpc-default-executor-2] WARN  server.GrpcLogAppender (LogUtils.java:warn(124)) - s0@group-6905249F38B1->s1-AppendLogResponseHandler: Failed appendEntries
java.io.IOException: java.util.concurrent.RejectedExecutionException: Task java.util.concurrent.CompletableFuture$AsyncSupply@12e2ab14 rejected from java.util.concurrent.ThreadPoolExecutor@3ad4e2b[Terminated, pool size = 0, active threads = 0, queued tasks = 0, completed tasks = 198]
	at org.apache.ratis.util.IOUtils.asIOException(IOUtils.java:56)
	at org.apache.ratis.grpc.GrpcUtil.tryUnwrapException(GrpcUtil.java:121)
	at org.apache.ratis.grpc.GrpcUtil.unwrapThrowable(GrpcUtil.java:82)
	at org.apache.ratis.grpc.GrpcUtil.warn(GrpcUtil.java:178)
	at org.apache.ratis.grpc.server.GrpcLogAppender$AppendLogResponseHandler.onError(GrpcLogAppender.java:405)
	at org.apache.ratis.thirdparty.io.grpc.stub.ClientCalls$StreamObserverToCallListenerAdapter.onClose(ClientCalls.java:487)
	at org.apache.ratis.thirdparty.io.grpc.internal.ClientCallImpl.closeObserver(ClientCallImpl.java:562)
	at org.apache.ratis.thirdparty.io.grpc.internal.ClientCallImpl.access$300(ClientCallImpl.java:70)
	at org.apache.ratis.thirdparty.io.grpc.internal.ClientCallImpl$ClientStreamListenerImpl$1StreamClosed.runInternal(ClientCallImpl.java:743)
	at org.apache.ratis.thirdparty.io.grpc.internal.ClientCallImpl$ClientStreamListenerImpl$1StreamClosed.runInContext(ClientCallImpl.java:722)
	at org.apache.ratis.thirdparty.io.grpc.internal.ContextRunnable.run(ContextRunnable.java:37)
	at org.apache.ratis.thirdparty.io.grpc.internal.SerializingExecutor.run(SerializingExecutor.java:133)
	at java.base/java.util.concurrent.ThreadPoolExecutor.runWorker(ThreadPoolExecutor.java:1128)
	at java.base/java.util.concurrent.ThreadPoolExecutor$Worker.run(ThreadPoolExecutor.java:628)
	at java.base/java.lang.Thread.run(Thread.java:829)
Caused by: java.util.concurrent.RejectedExecutionException: Task java.util.concurrent.CompletableFuture$AsyncSupply@12e2ab14 rejected from java.util.concurrent.ThreadPoolExecutor@3ad4e2b[Terminated, pool size = 0, active threads = 0, queued tasks = 0, completed tasks = 198]
	at java.base/jdk.internal.reflect.NativeConstructorAccessorImpl.newInstance0(Native Method)
	at java.base/jdk.internal.reflect.NativeConstructorAccessorImpl.newInstance(NativeConstructorAccessorImpl.java:62)
	at java.base/jdk.internal.reflect.DelegatingConstructorAccessorImpl.newInstance(DelegatingConstructorAccessorImpl.java:45)
	at java.base/java.lang.reflect.Constructor.newInstance(Constructor.java:490)
	at org.apache.ratis.util.ReflectionUtils.instantiateException(ReflectionUtils.java:259)
	at org.apache.ratis.grpc.GrpcUtil.tryUnwrapException(GrpcUtil.java:120)
	... 13 more
Caused by: org.apache.ratis.thirdparty.io.grpc.StatusRuntimeException: INTERNAL: Task java.util.concurrent.CompletableFuture$AsyncSupply@12e2ab14 rejected from java.util.concurrent.ThreadPoolExecutor@3ad4e2b[Terminated, pool size = 0, active threads = 0, queued tasks = 0, completed tasks = 198]
	at org.apache.ratis.thirdparty.io.grpc.Status.asRuntimeException(Status.java:535)
	... 10 more
	Suppressed: java.lang.IllegalStateException: Failed to cast to class java.io.IOException, object=java.util.concurrent.RejectedExecutionException: Task java.util.concurrent.CompletableFuture$AsyncSupply@12e2ab14 rejected from java.util.concurrent.ThreadPoolExecutor@3ad4e2b[Terminated, pool size = 0, active threads = 0, queued tasks = 0, completed tasks = 198]
	at java.base/java.util.concurrent.ThreadPoolExecutor$AbortPolicy.rejectedExecution(ThreadPoolExecutor.java:2055)
	at java.base/java.util.concurrent.ThreadPoolExecutor.reject(ThreadPoolExecutor.java:825)
	at java.base/java.util.concurrent.ThreadPoolExecutor.execute(ThreadPoolExecutor.java:1355)
	at java.base/java.util.concurrent.CompletableFuture.asyncSupplyStage(CompletableFuture.java:1714)
	at java.base/java.util.concurrent.CompletableFuture.supplyAsync(CompletableFuture.java:1931)
	at org.apache.ratis.server.impl.RaftServerImpl.executeSubmitServerRequestAsync(RaftServerImpl.java:812)
	at org.apache.ratis.server.impl.RaftServerProxy.lambda$appendEntriesAsync$27(RaftServerProxy.java:634)
	at java.base/java.util.concurrent.CompletableFuture.uniComposeStage(CompletableFuture.java:1106)
	at java.base/java.util.concurrent.CompletableFuture.thenCompose(CompletableFuture.java:2235)
	at org.apache.ratis.server.impl.RaftServerProxy.appendEntriesAsync(RaftServerProxy.java:634)
	at org.apache.ratis.grpc.server.GrpcServerProtocolService$1.process(GrpcServerProtocolService.java:219)
	at org.apache.ratis.grpc.server.GrpcServerProtocolService$1.process(GrpcServerProtocolService.java:216)
	at org.apache.ratis.grpc.server.GrpcServerProtocolService$ServerRequestStreamObserver.onNext(GrpcServerProtocolService.java:124)
	at org.apache.ratis.thirdparty.io.grpc.stub.ServerCalls$StreamingServerCallHandler$StreamingServerCallListener.onMessage(ServerCalls.java:262)
	at org.apache.ratis.thirdparty.io.grpc.ForwardingServerCallListener.onMessage(ForwardingServerCallListener.java:33)
	at org.apache.ratis.thirdparty.io.grpc.internal.ServerCallImpl$ServerStreamListenerImpl.messagesAvailableInternal(ServerCallImpl.java:332)
	at org.apache.ratis.thirdparty.io.grpc.internal.ServerCallImpl$ServerStreamListenerImpl.messagesAvailable(ServerCallImpl.java:315)
	at org.apache.ratis.thirdparty.io.grpc.internal.ServerImpl$JumpToApplicationThreadServerStreamListener$1MessagesAvailable.runInContext(ServerImpl.java:834)
	at org.apache.ratis.thirdparty.io.grpc.internal.ContextRunnable.run(ContextRunnable.java:37)
	at org.apache.ratis.thirdparty.io.grpc.internal.SerializingExecutor.run(SerializingExecutor.java:133)
	at java.base/java.util.concurrent.ThreadPoolExecutor.runWorker(ThreadPoolExecutor.java:1128)
	at java.base/java.util.concurrent.ThreadPoolExecutor$Worker.run(ThreadPoolExecutor.java:628)
	at java.base/java.lang.Thread.run(Thread.java:829)

		at org.apache.ratis.util.IOUtils.readObject(IOUtils.java:237)
		at org.apache.ratis.util.IOUtils.bytes2Object(IOUtils.java:214)
		at org.apache.ratis.grpc.GrpcUtil.tryUnwrapException(GrpcUtil.java:109)
		at org.apache.ratis.grpc.GrpcUtil.unwrapThrowable(GrpcUtil.java:82)
		at org.apache.ratis.grpc.GrpcUtil.warn(GrpcUtil.java:178)
		at org.apache.ratis.grpc.server.GrpcLogAppender$AppendLogResponseHandler.onError(GrpcLogAppender.java:405)
		... 10 more
	Caused by: java.lang.ClassCastException: Cannot cast java.util.concurrent.RejectedExecutionException to java.io.IOException
		at java.base/java.lang.Class.cast(Class.java:3605)
		at org.apache.ratis.util.IOUtils.readObject(IOUtils.java:234)
		... 15 more
2022-10-13 10:40:54,510 [grpc-default-executor-2] INFO  leader.FollowerInfo (FollowerInfoImpl.java:lambda$new$0(48)) - s0@group-6905249F38B1->s1: nextIndex: updateUnconditionally 263 -> 259
2022-10-13 10:40:54,553 [grpc-default-executor-2] WARN  server.GrpcServerProtocolService (LogUtils.java:warn(124)) - s1: Failed APPEND_ENTRIES request s0->s1#212-t2,previous=(t:2, i:258),leaderCommit=262,initializing? true,entries: size=4, first=(t:2, i:259), CONFIGURATIONENTRY(current:id: "s0"
address: "localhost:46195"
dataStreamAddress: "localhost:39399"
clientAddress: "localhost:42765"
adminAddress: "localhost:44717"
startupRole: FOLLOWER
,id: "s1"
address: "0.0.0.0:46693"
clientAddress: "0.0.0.0:46693"
adminAddress: "0.0.0.0:46693"
startupRole: FOLLOWER
,id: "s2"
address: "0.0.0.0:36699"
clientAddress: "0.0.0.0:36699"
adminAddress: "0.0.0.0:36699"
startupRole: FOLLOWER
, old:id: "s0"
address: "localhost:46195"
dataStreamAddress: "localhost:39399"
clientAddress: "localhost:42765"
adminAddress: "localhost:44717"
startupRole: FOLLOWER
)
java.util.concurrent.CompletionException: java.util.concurrent.RejectedExecutionException: Task java.util.concurrent.CompletableFuture$AsyncSupply@5b73a53e rejected from java.util.concurrent.ThreadPoolExecutor@3ad4e2b[Terminated, pool size = 0, active threads = 0, queued tasks = 0, completed tasks = 198]
	at java.base/java.util.concurrent.CompletableFuture.encodeThrowable(CompletableFuture.java:314)
	at java.base/java.util.concurrent.CompletableFuture.uniComposeStage(CompletableFuture.java:1113)
	at java.base/java.util.concurrent.CompletableFuture.thenCompose(CompletableFuture.java:2235)
	at org.apache.ratis.server.impl.RaftServerProxy.appendEntriesAsync(RaftServerProxy.java:634)
	at org.apache.ratis.grpc.server.GrpcServerProtocolService$1.process(GrpcServerProtocolService.java:219)
	at org.apache.ratis.grpc.server.GrpcServerProtocolService$1.process(GrpcServerProtocolService.java:216)
	at org.apache.ratis.grpc.server.GrpcServerProtocolService$ServerRequestStreamObserver.onNext(GrpcServerProtocolService.java:124)
	at org.apache.ratis.thirdparty.io.grpc.stub.ServerCalls$StreamingServerCallHandler$StreamingServerCallListener.onMessage(ServerCalls.java:262)
	at org.apache.ratis.thirdparty.io.grpc.ForwardingServerCallListener.onMessage(ForwardingServerCallListener.java:33)
	at org.apache.ratis.thirdparty.io.grpc.internal.ServerCallImpl$ServerStreamListenerImpl.messagesAvailableInternal(ServerCallImpl.java:332)
	at org.apache.ratis.thirdparty.io.grpc.internal.ServerCallImpl$ServerStreamListenerImpl.messagesAvailable(ServerCallImpl.java:315)
	at org.apache.ratis.thirdparty.io.grpc.internal.ServerImpl$JumpToApplicationThreadServerStreamListener$1MessagesAvailable.runInContext(ServerImpl.java:834)
	at org.apache.ratis.thirdparty.io.grpc.internal.ContextRunnable.run(ContextRunnable.java:37)
	at org.apache.ratis.thirdparty.io.grpc.internal.SerializingExecutor.run(SerializingExecutor.java:133)
	at java.base/java.util.concurrent.ThreadPoolExecutor.runWorker(ThreadPoolExecutor.java:1128)
	at java.base/java.util.concurrent.ThreadPoolExecutor$Worker.run(ThreadPoolExecutor.java:628)
	at java.base/java.lang.Thread.run(Thread.java:829)
Caused by: java.util.concurrent.RejectedExecutionException: Task java.util.concurrent.CompletableFuture$AsyncSupply@5b73a53e rejected from java.util.concurrent.ThreadPoolExecutor@3ad4e2b[Terminated, pool size = 0, active threads = 0, queued tasks = 0, completed tasks = 198]
	at java.base/java.util.concurrent.ThreadPoolExecutor$AbortPolicy.rejectedExecution(ThreadPoolExecutor.java:2055)
	at java.base/java.util.concurrent.ThreadPoolExecutor.reject(ThreadPoolExecutor.java:825)
	at java.base/java.util.concurrent.ThreadPoolExecutor.execute(ThreadPoolExecutor.java:1355)
	at java.base/java.util.concurrent.CompletableFuture.asyncSupplyStage(CompletableFuture.java:1714)
	at java.base/java.util.concurrent.CompletableFuture.supplyAsync(CompletableFuture.java:1931)
	at org.apache.ratis.server.impl.RaftServerImpl.executeSubmitServerRequestAsync(RaftServerImpl.java:812)
	at org.apache.ratis.server.impl.RaftServerProxy.lambda$appendEntriesAsync$27(RaftServerProxy.java:634)
	at java.base/java.util.concurrent.CompletableFuture.uniComposeStage(CompletableFuture.java:1106)
	... 15 more
2022-10-13 10:40:54,558 [grpc-default-executor-0] WARN  server.GrpcLogAppender (LogUtils.java:warn(124)) - s0@group-6905249F38B1->s1-AppendLogResponseHandler: Failed appendEntries
java.io.IOException: java.util.concurrent.RejectedExecutionException: Task java.util.concurrent.CompletableFuture$AsyncSupply@5b73a53e rejected from java.util.concurrent.ThreadPoolExecutor@3ad4e2b[Terminated, pool size = 0, active threads = 0, queued tasks = 0, completed tasks = 198]
	at org.apache.ratis.util.IOUtils.asIOException(IOUtils.java:56)
	at org.apache.ratis.grpc.GrpcUtil.tryUnwrapException(GrpcUtil.java:121)
	at org.apache.ratis.grpc.GrpcUtil.unwrapThrowable(GrpcUtil.java:82)
	at org.apache.ratis.grpc.GrpcUtil.warn(GrpcUtil.java:178)
	at org.apache.ratis.grpc.server.GrpcLogAppender$AppendLogResponseHandler.onError(GrpcLogAppender.java:405)
	at org.apache.ratis.thirdparty.io.grpc.stub.ClientCalls$StreamObserverToCallListenerAdapter.onClose(ClientCalls.java:487)
	at org.apache.ratis.thirdparty.io.grpc.internal.ClientCallImpl.closeObserver(ClientCallImpl.java:562)
	at org.apache.ratis.thirdparty.io.grpc.internal.ClientCallImpl.access$300(ClientCallImpl.java:70)
	at org.apache.ratis.thirdparty.io.grpc.internal.ClientCallImpl$ClientStreamListenerImpl$1StreamClosed.runInternal(ClientCallImpl.java:743)
	at org.apache.ratis.thirdparty.io.grpc.internal.ClientCallImpl$ClientStreamListenerImpl$1StreamClosed.runInContext(ClientCallImpl.java:722)
	at org.apache.ratis.thirdparty.io.grpc.internal.ContextRunnable.run(ContextRunnable.java:37)
	at org.apache.ratis.thirdparty.io.grpc.internal.SerializingExecutor.run(SerializingExecutor.java:133)
	at java.base/java.util.concurrent.ThreadPoolExecutor.runWorker(ThreadPoolExecutor.java:1128)
	at java.base/java.util.concurrent.ThreadPoolExecutor$Worker.run(ThreadPoolExecutor.java:628)
	at java.base/java.lang.Thread.run(Thread.java:829)
Caused by: java.util.concurrent.RejectedExecutionException: Task java.util.concurrent.CompletableFuture$AsyncSupply@5b73a53e rejected from java.util.concurrent.ThreadPoolExecutor@3ad4e2b[Terminated, pool size = 0, active threads = 0, queued tasks = 0, completed tasks = 198]
	at java.base/jdk.internal.reflect.NativeConstructorAccessorImpl.newInstance0(Native Method)
	at java.base/jdk.internal.reflect.NativeConstructorAccessorImpl.newInstance(NativeConstructorAccessorImpl.java:62)
	at java.base/jdk.internal.reflect.DelegatingConstructorAccessorImpl.newInstance(DelegatingConstructorAccessorImpl.java:45)
	at java.base/java.lang.reflect.Constructor.newInstance(Constructor.java:490)
	at org.apache.ratis.util.ReflectionUtils.instantiateException(ReflectionUtils.java:259)
	at org.apache.ratis.grpc.GrpcUtil.tryUnwrapException(GrpcUtil.java:120)
	... 13 more
Caused by: org.apache.ratis.thirdparty.io.grpc.StatusRuntimeException: INTERNAL: Task java.util.concurrent.CompletableFuture$AsyncSupply@5b73a53e rejected from java.util.concurrent.ThreadPoolExecutor@3ad4e2b[Terminated, pool size = 0, active threads = 0, queued tasks = 0, completed tasks = 198]
	at org.apache.ratis.thirdparty.io.grpc.Status.asRuntimeException(Status.java:535)
	... 10 more
	Suppressed: java.lang.IllegalStateException: Failed to cast to class java.io.IOException, object=java.util.concurrent.RejectedExecutionException: Task java.util.concurrent.CompletableFuture$AsyncSupply@5b73a53e rejected from java.util.concurrent.ThreadPoolExecutor@3ad4e2b[Terminated, pool size = 0, active threads = 0, queued tasks = 0, completed tasks = 198]
	at java.base/java.util.concurrent.ThreadPoolExecutor$AbortPolicy.rejectedExecution(ThreadPoolExecutor.java:2055)
	at java.base/java.util.concurrent.ThreadPoolExecutor.reject(ThreadPoolExecutor.java:825)
	at java.base/java.util.concurrent.ThreadPoolExecutor.execute(ThreadPoolExecutor.java:1355)
	at java.base/java.util.concurrent.CompletableFuture.asyncSupplyStage(CompletableFuture.java:1714)
	at java.base/java.util.concurrent.CompletableFuture.supplyAsync(CompletableFuture.java:1931)
	at org.apache.ratis.server.impl.RaftServerImpl.executeSubmitServerRequestAsync(RaftServerImpl.java:812)
	at org.apache.ratis.server.impl.RaftServerProxy.lambda$appendEntriesAsync$27(RaftServerProxy.java:634)
	at java.base/java.util.concurrent.CompletableFuture.uniComposeStage(CompletableFuture.java:1106)
	at java.base/java.util.concurrent.CompletableFuture.thenCompose(CompletableFuture.java:2235)
	at org.apache.ratis.server.impl.RaftServerProxy.appendEntriesAsync(RaftServerProxy.java:634)
	at org.apache.ratis.grpc.server.GrpcServerProtocolService$1.process(GrpcServerProtocolService.java:219)
	at org.apache.ratis.grpc.server.GrpcServerProtocolService$1.process(GrpcServerProtocolService.java:216)
	at org.apache.ratis.grpc.server.GrpcServerProtocolService$ServerRequestStreamObserver.onNext(GrpcServerProtocolService.java:124)
	at org.apache.ratis.thirdparty.io.grpc.stub.ServerCalls$StreamingServerCallHandler$StreamingServerCallListener.onMessage(ServerCalls.java:262)
	at org.apache.ratis.thirdparty.io.grpc.ForwardingServerCallListener.onMessage(ForwardingServerCallListener.java:33)
	at org.apache.ratis.thirdparty.io.grpc.internal.ServerCallImpl$ServerStreamListenerImpl.messagesAvailableInternal(ServerCallImpl.java:332)
	at org.apache.ratis.thirdparty.io.grpc.internal.ServerCallImpl$ServerStreamListenerImpl.messagesAvailable(ServerCallImpl.java:315)
	at org.apache.ratis.thirdparty.io.grpc.internal.ServerImpl$JumpToApplicationThreadServerStreamListener$1MessagesAvailable.runInContext(ServerImpl.java:834)
	at org.apache.ratis.thirdparty.io.grpc.internal.ContextRunnable.run(ContextRunnable.java:37)
	at org.apache.ratis.thirdparty.io.grpc.internal.SerializingExecutor.run(SerializingExecutor.java:133)
	at java.base/java.util.concurrent.ThreadPoolExecutor.runWorker(ThreadPoolExecutor.java:1128)
	at java.base/java.util.concurrent.ThreadPoolExecutor$Worker.run(ThreadPoolExecutor.java:628)
	at java.base/java.lang.Thread.run(Thread.java:829)

		at org.apache.ratis.util.IOUtils.readObject(IOUtils.java:237)
		at org.apache.ratis.util.IOUtils.bytes2Object(IOUtils.java:214)
		at org.apache.ratis.grpc.GrpcUtil.tryUnwrapException(GrpcUtil.java:109)
		at org.apache.ratis.grpc.GrpcUtil.unwrapThrowable(GrpcUtil.java:82)
		at org.apache.ratis.grpc.GrpcUtil.warn(GrpcUtil.java:178)
		at org.apache.ratis.grpc.server.GrpcLogAppender$AppendLogResponseHandler.onError(GrpcLogAppender.java:405)
		... 10 more
	Caused by: java.lang.ClassCastException: Cannot cast java.util.concurrent.RejectedExecutionException to java.io.IOException
		at java.base/java.lang.Class.cast(Class.java:3605)
		at org.apache.ratis.util.IOUtils.readObject(IOUtils.java:234)
		... 15 more
2022-10-13 10:40:54,559 [grpc-default-executor-0] INFO  leader.FollowerInfo (FollowerInfoImpl.java:lambda$new$0(48)) - s0@group-6905249F38B1->s1: nextIndex: updateUnconditionally 263 -> 259
2022-10-13 10:40:54,590 [grpc-default-executor-2] WARN  server.GrpcServerProtocolService (LogUtils.java:warn(124)) - s1: Failed APPEND_ENTRIES request s0->s1#214-t2,previous=(t:2, i:258),leaderCommit=262,initializing? true,entries: size=4, first=(t:2, i:259), CONFIGURATIONENTRY(current:id: "s0"
address: "localhost:46195"
dataStreamAddress: "localhost:39399"
clientAddress: "localhost:42765"
adminAddress: "localhost:44717"
startupRole: FOLLOWER
,id: "s1"
address: "0.0.0.0:46693"
clientAddress: "0.0.0.0:46693"
adminAddress: "0.0.0.0:46693"
startupRole: FOLLOWER
,id: "s2"
address: "0.0.0.0:36699"
clientAddress: "0.0.0.0:36699"
adminAddress: "0.0.0.0:36699"
startupRole: FOLLOWER
, old:id: "s0"
address: "localhost:46195"
dataStreamAddress: "localhost:39399"
clientAddress: "localhost:42765"
adminAddress: "localhost:44717"
startupRole: FOLLOWER
)
java.util.concurrent.CompletionException: java.util.concurrent.RejectedExecutionException: Task java.util.concurrent.CompletableFuture$AsyncSupply@12c0c49f rejected from java.util.concurrent.ThreadPoolExecutor@3ad4e2b[Terminated, pool size = 0, active threads = 0, queued tasks = 0, completed tasks = 198]
	at java.base/java.util.concurrent.CompletableFuture.encodeThrowable(CompletableFuture.java:314)
	at java.base/java.util.concurrent.CompletableFuture.uniComposeStage(CompletableFuture.java:1113)
	at java.base/java.util.concurrent.CompletableFuture.thenCompose(CompletableFuture.java:2235)
	at org.apache.ratis.server.impl.RaftServerProxy.appendEntriesAsync(RaftServerProxy.java:634)
	at org.apache.ratis.grpc.server.GrpcServerProtocolService$1.process(GrpcServerProtocolService.java:219)
	at org.apache.ratis.grpc.server.GrpcServerProtocolService$1.process(GrpcServerProtocolService.java:216)
	at org.apache.ratis.grpc.server.GrpcServerProtocolService$ServerRequestStreamObserver.onNext(GrpcServerProtocolService.java:124)
	at org.apache.ratis.thirdparty.io.grpc.stub.ServerCalls$StreamingServerCallHandler$StreamingServerCallListener.onMessage(ServerCalls.java:262)
	at org.apache.ratis.thirdparty.io.grpc.ForwardingServerCallListener.onMessage(ForwardingServerCallListener.java:33)
	at org.apache.ratis.thirdparty.io.grpc.internal.ServerCallImpl$ServerStreamListenerImpl.messagesAvailableInternal(ServerCallImpl.java:332)
	at org.apache.ratis.thirdparty.io.grpc.internal.ServerCallImpl$ServerStreamListenerImpl.messagesAvailable(ServerCallImpl.java:315)
	at org.apache.ratis.thirdparty.io.grpc.internal.ServerImpl$JumpToApplicationThreadServerStreamListener$1MessagesAvailable.runInContext(ServerImpl.java:834)
	at org.apache.ratis.thirdparty.io.grpc.internal.ContextRunnable.run(ContextRunnable.java:37)
	at org.apache.ratis.thirdparty.io.grpc.internal.SerializingExecutor.run(SerializingExecutor.java:133)
	at java.base/java.util.concurrent.ThreadPoolExecutor.runWorker(ThreadPoolExecutor.java:1128)
	at java.base/java.util.concurrent.ThreadPoolExecutor$Worker.run(ThreadPoolExecutor.java:628)
	at java.base/java.lang.Thread.run(Thread.java:829)
Caused by: java.util.concurrent.RejectedExecutionException: Task java.util.concurrent.CompletableFuture$AsyncSupply@12c0c49f rejected from java.util.concurrent.ThreadPoolExecutor@3ad4e2b[Terminated, pool size = 0, active threads = 0, queued tasks = 0, completed tasks = 198]
	at java.base/java.util.concurrent.ThreadPoolExecutor$AbortPolicy.rejectedExecution(ThreadPoolExecutor.java:2055)
	at java.base/java.util.concurrent.ThreadPoolExecutor.reject(ThreadPoolExecutor.java:825)
	at java.base/java.util.concurrent.ThreadPoolExecutor.execute(ThreadPoolExecutor.java:1355)
	at java.base/java.util.concurrent.CompletableFuture.asyncSupplyStage(CompletableFuture.java:1714)
	at java.base/java.util.concurrent.CompletableFuture.supplyAsync(CompletableFuture.java:1931)
	at org.apache.ratis.server.impl.RaftServerImpl.executeSubmitServerRequestAsync(RaftServerImpl.java:812)
	at org.apache.ratis.server.impl.RaftServerProxy.lambda$appendEntriesAsync$27(RaftServerProxy.java:634)
	at java.base/java.util.concurrent.CompletableFuture.uniComposeStage(CompletableFuture.java:1106)
	... 15 more
2022-10-13 10:40:54,594 [grpc-default-executor-2] WARN  server.GrpcLogAppender (LogUtils.java:warn(124)) - s0@group-6905249F38B1->s1-AppendLogResponseHandler: Failed appendEntries
java.io.IOException: java.util.concurrent.RejectedExecutionException: Task java.util.concurrent.CompletableFuture$AsyncSupply@12c0c49f rejected from java.util.concurrent.ThreadPoolExecutor@3ad4e2b[Terminated, pool size = 0, active threads = 0, queued tasks = 0, completed tasks = 198]
	at org.apache.ratis.util.IOUtils.asIOException(IOUtils.java:56)
	at org.apache.ratis.grpc.GrpcUtil.tryUnwrapException(GrpcUtil.java:121)
	at org.apache.ratis.grpc.GrpcUtil.unwrapThrowable(GrpcUtil.java:82)
	at org.apache.ratis.grpc.GrpcUtil.warn(GrpcUtil.java:178)
	at org.apache.ratis.grpc.server.GrpcLogAppender$AppendLogResponseHandler.onError(GrpcLogAppender.java:405)
	at org.apache.ratis.thirdparty.io.grpc.stub.ClientCalls$StreamObserverToCallListenerAdapter.onClose(ClientCalls.java:487)
	at org.apache.ratis.thirdparty.io.grpc.internal.ClientCallImpl.closeObserver(ClientCallImpl.java:562)
	at org.apache.ratis.thirdparty.io.grpc.internal.ClientCallImpl.access$300(ClientCallImpl.java:70)
	at org.apache.ratis.thirdparty.io.grpc.internal.ClientCallImpl$ClientStreamListenerImpl$1StreamClosed.runInternal(ClientCallImpl.java:743)
	at org.apache.ratis.thirdparty.io.grpc.internal.ClientCallImpl$ClientStreamListenerImpl$1StreamClosed.runInContext(ClientCallImpl.java:722)
	at org.apache.ratis.thirdparty.io.grpc.internal.ContextRunnable.run(ContextRunnable.java:37)
	at org.apache.ratis.thirdparty.io.grpc.internal.SerializingExecutor.run(SerializingExecutor.java:133)
	at java.base/java.util.concurrent.ThreadPoolExecutor.runWorker(ThreadPoolExecutor.java:1128)
	at java.base/java.util.concurrent.ThreadPoolExecutor$Worker.run(ThreadPoolExecutor.java:628)
	at java.base/java.lang.Thread.run(Thread.java:829)
Caused by: java.util.concurrent.RejectedExecutionException: Task java.util.concurrent.CompletableFuture$AsyncSupply@12c0c49f rejected from java.util.concurrent.ThreadPoolExecutor@3ad4e2b[Terminated, pool size = 0, active threads = 0, queued tasks = 0, completed tasks = 198]
	at java.base/jdk.internal.reflect.NativeConstructorAccessorImpl.newInstance0(Native Method)
	at java.base/jdk.internal.reflect.NativeConstructorAccessorImpl.newInstance(NativeConstructorAccessorImpl.java:62)
	at java.base/jdk.internal.reflect.DelegatingConstructorAccessorImpl.newInstance(DelegatingConstructorAccessorImpl.java:45)
	at java.base/java.lang.reflect.Constructor.newInstance(Constructor.java:490)
	at org.apache.ratis.util.ReflectionUtils.instantiateException(ReflectionUtils.java:259)
	at org.apache.ratis.grpc.GrpcUtil.tryUnwrapException(GrpcUtil.java:120)
	... 13 more
Caused by: org.apache.ratis.thirdparty.io.grpc.StatusRuntimeException: INTERNAL: Task java.util.concurrent.CompletableFuture$AsyncSupply@12c0c49f rejected from java.util.concurrent.ThreadPoolExecutor@3ad4e2b[Terminated, pool size = 0, active threads = 0, queued tasks = 0, completed tasks = 198]
	at org.apache.ratis.thirdparty.io.grpc.Status.asRuntimeException(Status.java:535)
	... 10 more
	Suppressed: java.lang.IllegalStateException: Failed to cast to class java.io.IOException, object=java.util.concurrent.RejectedExecutionException: Task java.util.concurrent.CompletableFuture$AsyncSupply@12c0c49f rejected from java.util.concurrent.ThreadPoolExecutor@3ad4e2b[Terminated, pool size = 0, active threads = 0, queued tasks = 0, completed tasks = 198]
	at java.base/java.util.concurrent.ThreadPoolExecutor$AbortPolicy.rejectedExecution(ThreadPoolExecutor.java:2055)
	at java.base/java.util.concurrent.ThreadPoolExecutor.reject(ThreadPoolExecutor.java:825)
	at java.base/java.util.concurrent.ThreadPoolExecutor.execute(ThreadPoolExecutor.java:1355)
	at java.base/java.util.concurrent.CompletableFuture.asyncSupplyStage(CompletableFuture.java:1714)
	at java.base/java.util.concurrent.CompletableFuture.supplyAsync(CompletableFuture.java:1931)
	at org.apache.ratis.server.impl.RaftServerImpl.executeSubmitServerRequestAsync(RaftServerImpl.java:812)
	at org.apache.ratis.server.impl.RaftServerProxy.lambda$appendEntriesAsync$27(RaftServerProxy.java:634)
	at java.base/java.util.concurrent.CompletableFuture.uniComposeStage(CompletableFuture.java:1106)
	at java.base/java.util.concurrent.CompletableFuture.thenCompose(CompletableFuture.java:2235)
	at org.apache.ratis.server.impl.RaftServerProxy.appendEntriesAsync(RaftServerProxy.java:634)
	at org.apache.ratis.grpc.server.GrpcServerProtocolService$1.process(GrpcServerProtocolService.java:219)
	at org.apache.ratis.grpc.server.GrpcServerProtocolService$1.process(GrpcServerProtocolService.java:216)
	at org.apache.ratis.grpc.server.GrpcServerProtocolService$ServerRequestStreamObserver.onNext(GrpcServerProtocolService.java:124)
	at org.apache.ratis.thirdparty.io.grpc.stub.ServerCalls$StreamingServerCallHandler$StreamingServerCallListener.onMessage(ServerCalls.java:262)
	at org.apache.ratis.thirdparty.io.grpc.ForwardingServerCallListener.onMessage(ForwardingServerCallListener.java:33)
	at org.apache.ratis.thirdparty.io.grpc.internal.ServerCallImpl$ServerStreamListenerImpl.messagesAvailableInternal(ServerCallImpl.java:332)
	at org.apache.ratis.thirdparty.io.grpc.internal.ServerCallImpl$ServerStreamListenerImpl.messagesAvailable(ServerCallImpl.java:315)
	at org.apache.ratis.thirdparty.io.grpc.internal.ServerImpl$JumpToApplicationThreadServerStreamListener$1MessagesAvailable.runInContext(ServerImpl.java:834)
	at org.apache.ratis.thirdparty.io.grpc.internal.ContextRunnable.run(ContextRunnable.java:37)
	at org.apache.ratis.thirdparty.io.grpc.internal.SerializingExecutor.run(SerializingExecutor.java:133)
	at java.base/java.util.concurrent.ThreadPoolExecutor.runWorker(ThreadPoolExecutor.java:1128)
	at java.base/java.util.concurrent.ThreadPoolExecutor$Worker.run(ThreadPoolExecutor.java:628)
	at java.base/java.lang.Thread.run(Thread.java:829)

		at org.apache.ratis.util.IOUtils.readObject(IOUtils.java:237)
		at org.apache.ratis.util.IOUtils.bytes2Object(IOUtils.java:214)
		at org.apache.ratis.grpc.GrpcUtil.tryUnwrapException(GrpcUtil.java:109)
		at org.apache.ratis.grpc.GrpcUtil.unwrapThrowable(GrpcUtil.java:82)
		at org.apache.ratis.grpc.GrpcUtil.warn(GrpcUtil.java:178)
		at org.apache.ratis.grpc.server.GrpcLogAppender$AppendLogResponseHandler.onError(GrpcLogAppender.java:405)
		... 10 more
	Caused by: java.lang.ClassCastException: Cannot cast java.util.concurrent.RejectedExecutionException to java.io.IOException
		at java.base/java.lang.Class.cast(Class.java:3605)
		at org.apache.ratis.util.IOUtils.readObject(IOUtils.java:234)
		... 15 more
2022-10-13 10:40:54,595 [grpc-default-executor-2] INFO  leader.FollowerInfo (FollowerInfoImpl.java:lambda$new$0(48)) - s0@group-6905249F38B1->s1: nextIndex: updateUnconditionally 263 -> 259
2022-10-13 10:40:54,627 [grpc-default-executor-3] WARN  server.GrpcServerProtocolService (LogUtils.java:warn(124)) - s1: Failed APPEND_ENTRIES request s0->s1#216-t2,previous=(t:2, i:258),leaderCommit=262,initializing? true,entries: size=4, first=(t:2, i:259), CONFIGURATIONENTRY(current:id: "s0"
address: "localhost:46195"
dataStreamAddress: "localhost:39399"
clientAddress: "localhost:42765"
adminAddress: "localhost:44717"
startupRole: FOLLOWER
,id: "s1"
address: "0.0.0.0:46693"
clientAddress: "0.0.0.0:46693"
adminAddress: "0.0.0.0:46693"
startupRole: FOLLOWER
,id: "s2"
address: "0.0.0.0:36699"
clientAddress: "0.0.0.0:36699"
adminAddress: "0.0.0.0:36699"
startupRole: FOLLOWER
, old:id: "s0"
address: "localhost:46195"
dataStreamAddress: "localhost:39399"
clientAddress: "localhost:42765"
adminAddress: "localhost:44717"
startupRole: FOLLOWER
)
java.util.concurrent.CompletionException: java.util.concurrent.RejectedExecutionException: Task java.util.concurrent.CompletableFuture$AsyncSupply@445a6925 rejected from java.util.concurrent.ThreadPoolExecutor@3ad4e2b[Terminated, pool size = 0, active threads = 0, queued tasks = 0, completed tasks = 198]
	at java.base/java.util.concurrent.CompletableFuture.encodeThrowable(CompletableFuture.java:314)
	at java.base/java.util.concurrent.CompletableFuture.uniComposeStage(CompletableFuture.java:1113)
	at java.base/java.util.concurrent.CompletableFuture.thenCompose(CompletableFuture.java:2235)
	at org.apache.ratis.server.impl.RaftServerProxy.appendEntriesAsync(RaftServerProxy.java:634)
	at org.apache.ratis.grpc.server.GrpcServerProtocolService$1.process(GrpcServerProtocolService.java:219)
	at org.apache.ratis.grpc.server.GrpcServerProtocolService$1.process(GrpcServerProtocolService.java:216)
	at org.apache.ratis.grpc.server.GrpcServerProtocolService$ServerRequestStreamObserver.onNext(GrpcServerProtocolService.java:124)
	at org.apache.ratis.thirdparty.io.grpc.stub.ServerCalls$StreamingServerCallHandler$StreamingServerCallListener.onMessage(ServerCalls.java:262)
	at org.apache.ratis.thirdparty.io.grpc.ForwardingServerCallListener.onMessage(ForwardingServerCallListener.java:33)
	at org.apache.ratis.thirdparty.io.grpc.internal.ServerCallImpl$ServerStreamListenerImpl.messagesAvailableInternal(ServerCallImpl.java:332)
	at org.apache.ratis.thirdparty.io.grpc.internal.ServerCallImpl$ServerStreamListenerImpl.messagesAvailable(ServerCallImpl.java:315)
	at org.apache.ratis.thirdparty.io.grpc.internal.ServerImpl$JumpToApplicationThreadServerStreamListener$1MessagesAvailable.runInContext(ServerImpl.java:834)
	at org.apache.ratis.thirdparty.io.grpc.internal.ContextRunnable.run(ContextRunnable.java:37)
	at org.apache.ratis.thirdparty.io.grpc.internal.SerializingExecutor.run(SerializingExecutor.java:133)
	at java.base/java.util.concurrent.ThreadPoolExecutor.runWorker(ThreadPoolExecutor.java:1128)
	at java.base/java.util.concurrent.ThreadPoolExecutor$Worker.run(ThreadPoolExecutor.java:628)
	at java.base/java.lang.Thread.run(Thread.java:829)
Caused by: java.util.concurrent.RejectedExecutionException: Task java.util.concurrent.CompletableFuture$AsyncSupply@445a6925 rejected from java.util.concurrent.ThreadPoolExecutor@3ad4e2b[Terminated, pool size = 0, active threads = 0, queued tasks = 0, completed tasks = 198]
	at java.base/java.util.concurrent.ThreadPoolExecutor$AbortPolicy.rejectedExecution(ThreadPoolExecutor.java:2055)
	at java.base/java.util.concurrent.ThreadPoolExecutor.reject(ThreadPoolExecutor.java:825)
	at java.base/java.util.concurrent.ThreadPoolExecutor.execute(ThreadPoolExecutor.java:1355)
	at java.base/java.util.concurrent.CompletableFuture.asyncSupplyStage(CompletableFuture.java:1714)
	at java.base/java.util.concurrent.CompletableFuture.supplyAsync(CompletableFuture.java:1931)
	at org.apache.ratis.server.impl.RaftServerImpl.executeSubmitServerRequestAsync(RaftServerImpl.java:812)
	at org.apache.ratis.server.impl.RaftServerProxy.lambda$appendEntriesAsync$27(RaftServerProxy.java:634)
	at java.base/java.util.concurrent.CompletableFuture.uniComposeStage(CompletableFuture.java:1106)
	... 15 more
2022-10-13 10:40:54,632 [grpc-default-executor-4] WARN  server.GrpcLogAppender (LogUtils.java:warn(124)) - s0@group-6905249F38B1->s1-AppendLogResponseHandler: Failed appendEntries
java.io.IOException: java.util.concurrent.RejectedExecutionException: Task java.util.concurrent.CompletableFuture$AsyncSupply@445a6925 rejected from java.util.concurrent.ThreadPoolExecutor@3ad4e2b[Terminated, pool size = 0, active threads = 0, queued tasks = 0, completed tasks = 198]
	at org.apache.ratis.util.IOUtils.asIOException(IOUtils.java:56)
	at org.apache.ratis.grpc.GrpcUtil.tryUnwrapException(GrpcUtil.java:121)
	at org.apache.ratis.grpc.GrpcUtil.unwrapThrowable(GrpcUtil.java:82)
	at org.apache.ratis.grpc.GrpcUtil.warn(GrpcUtil.java:178)
	at org.apache.ratis.grpc.server.GrpcLogAppender$AppendLogResponseHandler.onError(GrpcLogAppender.java:405)
	at org.apache.ratis.thirdparty.io.grpc.stub.ClientCalls$StreamObserverToCallListenerAdapter.onClose(ClientCalls.java:487)
	at org.apache.ratis.thirdparty.io.grpc.internal.ClientCallImpl.closeObserver(ClientCallImpl.java:562)
	at org.apache.ratis.thirdparty.io.grpc.internal.ClientCallImpl.access$300(ClientCallImpl.java:70)
	at org.apache.ratis.thirdparty.io.grpc.internal.ClientCallImpl$ClientStreamListenerImpl$1StreamClosed.runInternal(ClientCallImpl.java:743)
	at org.apache.ratis.thirdparty.io.grpc.internal.ClientCallImpl$ClientStreamListenerImpl$1StreamClosed.runInContext(ClientCallImpl.java:722)
	at org.apache.ratis.thirdparty.io.grpc.internal.ContextRunnable.run(ContextRunnable.java:37)
	at org.apache.ratis.thirdparty.io.grpc.internal.SerializingExecutor.run(SerializingExecutor.java:133)
	at java.base/java.util.concurrent.ThreadPoolExecutor.runWorker(ThreadPoolExecutor.java:1128)
	at java.base/java.util.concurrent.ThreadPoolExecutor$Worker.run(ThreadPoolExecutor.java:628)
	at java.base/java.lang.Thread.run(Thread.java:829)
Caused by: java.util.concurrent.RejectedExecutionException: Task java.util.concurrent.CompletableFuture$AsyncSupply@445a6925 rejected from java.util.concurrent.ThreadPoolExecutor@3ad4e2b[Terminated, pool size = 0, active threads = 0, queued tasks = 0, completed tasks = 198]
	at java.base/jdk.internal.reflect.NativeConstructorAccessorImpl.newInstance0(Native Method)
	at java.base/jdk.internal.reflect.NativeConstructorAccessorImpl.newInstance(NativeConstructorAccessorImpl.java:62)
	at java.base/jdk.internal.reflect.DelegatingConstructorAccessorImpl.newInstance(DelegatingConstructorAccessorImpl.java:45)
	at java.base/java.lang.reflect.Constructor.newInstance(Constructor.java:490)
	at org.apache.ratis.util.ReflectionUtils.instantiateException(ReflectionUtils.java:259)
	at org.apache.ratis.grpc.GrpcUtil.tryUnwrapException(GrpcUtil.java:120)
	... 13 more
Caused by: org.apache.ratis.thirdparty.io.grpc.StatusRuntimeException: INTERNAL: Task java.util.concurrent.CompletableFuture$AsyncSupply@445a6925 rejected from java.util.concurrent.ThreadPoolExecutor@3ad4e2b[Terminated, pool size = 0, active threads = 0, queued tasks = 0, completed tasks = 198]
	at org.apache.ratis.thirdparty.io.grpc.Status.asRuntimeException(Status.java:535)
	... 10 more
	Suppressed: java.lang.IllegalStateException: Failed to cast to class java.io.IOException, object=java.util.concurrent.RejectedExecutionException: Task java.util.concurrent.CompletableFuture$AsyncSupply@445a6925 rejected from java.util.concurrent.ThreadPoolExecutor@3ad4e2b[Terminated, pool size = 0, active threads = 0, queued tasks = 0, completed tasks = 198]
	at java.base/java.util.concurrent.ThreadPoolExecutor$AbortPolicy.rejectedExecution(ThreadPoolExecutor.java:2055)
	at java.base/java.util.concurrent.ThreadPoolExecutor.reject(ThreadPoolExecutor.java:825)
	at java.base/java.util.concurrent.ThreadPoolExecutor.execute(ThreadPoolExecutor.java:1355)
	at java.base/java.util.concurrent.CompletableFuture.asyncSupplyStage(CompletableFuture.java:1714)
	at java.base/java.util.concurrent.CompletableFuture.supplyAsync(CompletableFuture.java:1931)
	at org.apache.ratis.server.impl.RaftServerImpl.executeSubmitServerRequestAsync(RaftServerImpl.java:812)
	at org.apache.ratis.server.impl.RaftServerProxy.lambda$appendEntriesAsync$27(RaftServerProxy.java:634)
	at java.base/java.util.concurrent.CompletableFuture.uniComposeStage(CompletableFuture.java:1106)
	at java.base/java.util.concurrent.CompletableFuture.thenCompose(CompletableFuture.java:2235)
	at org.apache.ratis.server.impl.RaftServerProxy.appendEntriesAsync(RaftServerProxy.java:634)
	at org.apache.ratis.grpc.server.GrpcServerProtocolService$1.process(GrpcServerProtocolService.java:219)
	at org.apache.ratis.grpc.server.GrpcServerProtocolService$1.process(GrpcServerProtocolService.java:216)
	at org.apache.ratis.grpc.server.GrpcServerProtocolService$ServerRequestStreamObserver.onNext(GrpcServerProtocolService.java:124)
	at org.apache.ratis.thirdparty.io.grpc.stub.ServerCalls$StreamingServerCallHandler$StreamingServerCallListener.onMessage(ServerCalls.java:262)
	at org.apache.ratis.thirdparty.io.grpc.ForwardingServerCallListener.onMessage(ForwardingServerCallListener.java:33)
	at org.apache.ratis.thirdparty.io.grpc.internal.ServerCallImpl$ServerStreamListenerImpl.messagesAvailableInternal(ServerCallImpl.java:332)
	at org.apache.ratis.thirdparty.io.grpc.internal.ServerCallImpl$ServerStreamListenerImpl.messagesAvailable(ServerCallImpl.java:315)
	at org.apache.ratis.thirdparty.io.grpc.internal.ServerImpl$JumpToApplicationThreadServerStreamListener$1MessagesAvailable.runInContext(ServerImpl.java:834)
	at org.apache.ratis.thirdparty.io.grpc.internal.ContextRunnable.run(ContextRunnable.java:37)
	at org.apache.ratis.thirdparty.io.grpc.internal.SerializingExecutor.run(SerializingExecutor.java:133)
	at java.base/java.util.concurrent.ThreadPoolExecutor.runWorker(ThreadPoolExecutor.java:1128)
	at java.base/java.util.concurrent.ThreadPoolExecutor$Worker.run(ThreadPoolExecutor.java:628)
	at java.base/java.lang.Thread.run(Thread.java:829)

		at org.apache.ratis.util.IOUtils.readObject(IOUtils.java:237)
		at org.apache.ratis.util.IOUtils.bytes2Object(IOUtils.java:214)
		at org.apache.ratis.grpc.GrpcUtil.tryUnwrapException(GrpcUtil.java:109)
		at org.apache.ratis.grpc.GrpcUtil.unwrapThrowable(GrpcUtil.java:82)
		at org.apache.ratis.grpc.GrpcUtil.warn(GrpcUtil.java:178)
		at org.apache.ratis.grpc.server.GrpcLogAppender$AppendLogResponseHandler.onError(GrpcLogAppender.java:405)
		... 10 more
	Caused by: java.lang.ClassCastException: Cannot cast java.util.concurrent.RejectedExecutionException to java.io.IOException
		at java.base/java.lang.Class.cast(Class.java:3605)
		at org.apache.ratis.util.IOUtils.readObject(IOUtils.java:234)
		... 15 more
2022-10-13 10:40:54,632 [grpc-default-executor-4] INFO  leader.FollowerInfo (FollowerInfoImpl.java:lambda$new$0(48)) - s0@group-6905249F38B1->s1: nextIndex: updateUnconditionally 263 -> 259
2022-10-13 10:40:54,665 [grpc-default-executor-3] WARN  server.GrpcServerProtocolService (LogUtils.java:warn(124)) - s1: Failed APPEND_ENTRIES request s0->s1#218-t2,previous=(t:2, i:258),leaderCommit=262,initializing? true,entries: size=4, first=(t:2, i:259), CONFIGURATIONENTRY(current:id: "s0"
address: "localhost:46195"
dataStreamAddress: "localhost:39399"
clientAddress: "localhost:42765"
adminAddress: "localhost:44717"
startupRole: FOLLOWER
,id: "s1"
address: "0.0.0.0:46693"
clientAddress: "0.0.0.0:46693"
adminAddress: "0.0.0.0:46693"
startupRole: FOLLOWER
,id: "s2"
address: "0.0.0.0:36699"
clientAddress: "0.0.0.0:36699"
adminAddress: "0.0.0.0:36699"
startupRole: FOLLOWER
, old:id: "s0"
address: "localhost:46195"
dataStreamAddress: "localhost:39399"
clientAddress: "localhost:42765"
adminAddress: "localhost:44717"
startupRole: FOLLOWER
)
java.util.concurrent.CompletionException: java.util.concurrent.RejectedExecutionException: Task java.util.concurrent.CompletableFuture$AsyncSupply@37b1d045 rejected from java.util.concurrent.ThreadPoolExecutor@3ad4e2b[Terminated, pool size = 0, active threads = 0, queued tasks = 0, completed tasks = 198]
	at java.base/java.util.concurrent.CompletableFuture.encodeThrowable(CompletableFuture.java:314)
	at java.base/java.util.concurrent.CompletableFuture.uniComposeStage(CompletableFuture.java:1113)
	at java.base/java.util.concurrent.CompletableFuture.thenCompose(CompletableFuture.java:2235)
	at org.apache.ratis.server.impl.RaftServerProxy.appendEntriesAsync(RaftServerProxy.java:634)
	at org.apache.ratis.grpc.server.GrpcServerProtocolService$1.process(GrpcServerProtocolService.java:219)
	at org.apache.ratis.grpc.server.GrpcServerProtocolService$1.process(GrpcServerProtocolService.java:216)
	at org.apache.ratis.grpc.server.GrpcServerProtocolService$ServerRequestStreamObserver.onNext(GrpcServerProtocolService.java:124)
	at org.apache.ratis.thirdparty.io.grpc.stub.ServerCalls$StreamingServerCallHandler$StreamingServerCallListener.onMessage(ServerCalls.java:262)
	at org.apache.ratis.thirdparty.io.grpc.ForwardingServerCallListener.onMessage(ForwardingServerCallListener.java:33)
	at org.apache.ratis.thirdparty.io.grpc.internal.ServerCallImpl$ServerStreamListenerImpl.messagesAvailableInternal(ServerCallImpl.java:332)
	at org.apache.ratis.thirdparty.io.grpc.internal.ServerCallImpl$ServerStreamListenerImpl.messagesAvailable(ServerCallImpl.java:315)
	at org.apache.ratis.thirdparty.io.grpc.internal.ServerImpl$JumpToApplicationThreadServerStreamListener$1MessagesAvailable.runInContext(ServerImpl.java:834)
	at org.apache.ratis.thirdparty.io.grpc.internal.ContextRunnable.run(ContextRunnable.java:37)
	at org.apache.ratis.thirdparty.io.grpc.internal.SerializingExecutor.run(SerializingExecutor.java:133)
	at java.base/java.util.concurrent.ThreadPoolExecutor.runWorker(ThreadPoolExecutor.java:1128)
	at java.base/java.util.concurrent.ThreadPoolExecutor$Worker.run(ThreadPoolExecutor.java:628)
	at java.base/java.lang.Thread.run(Thread.java:829)
Caused by: java.util.concurrent.RejectedExecutionException: Task java.util.concurrent.CompletableFuture$AsyncSupply@37b1d045 rejected from java.util.concurrent.ThreadPoolExecutor@3ad4e2b[Terminated, pool size = 0, active threads = 0, queued tasks = 0, completed tasks = 198]
	at java.base/java.util.concurrent.ThreadPoolExecutor$AbortPolicy.rejectedExecution(ThreadPoolExecutor.java:2055)
	at java.base/java.util.concurrent.ThreadPoolExecutor.reject(ThreadPoolExecutor.java:825)
	at java.base/java.util.concurrent.ThreadPoolExecutor.execute(ThreadPoolExecutor.java:1355)
	at java.base/java.util.concurrent.CompletableFuture.asyncSupplyStage(CompletableFuture.java:1714)
	at java.base/java.util.concurrent.CompletableFuture.supplyAsync(CompletableFuture.java:1931)
	at org.apache.ratis.server.impl.RaftServerImpl.executeSubmitServerRequestAsync(RaftServerImpl.java:812)
	at org.apache.ratis.server.impl.RaftServerProxy.lambda$appendEntriesAsync$27(RaftServerProxy.java:634)
	at java.base/java.util.concurrent.CompletableFuture.uniComposeStage(CompletableFuture.java:1106)
	... 15 more
2022-10-13 10:40:54,674 [grpc-default-executor-1] WARN  server.GrpcLogAppender (LogUtils.java:warn(124)) - s0@group-6905249F38B1->s1-AppendLogResponseHandler: Failed appendEntries
java.io.IOException: java.util.concurrent.RejectedExecutionException: Task java.util.concurrent.CompletableFuture$AsyncSupply@37b1d045 rejected from java.util.concurrent.ThreadPoolExecutor@3ad4e2b[Terminated, pool size = 0, active threads = 0, queued tasks = 0, completed tasks = 198]
	at org.apache.ratis.util.IOUtils.asIOException(IOUtils.java:56)
	at org.apache.ratis.grpc.GrpcUtil.tryUnwrapException(GrpcUtil.java:121)
	at org.apache.ratis.grpc.GrpcUtil.unwrapThrowable(GrpcUtil.java:82)
	at org.apache.ratis.grpc.GrpcUtil.warn(GrpcUtil.java:178)
	at org.apache.ratis.grpc.server.GrpcLogAppender$AppendLogResponseHandler.onError(GrpcLogAppender.java:405)
	at org.apache.ratis.thirdparty.io.grpc.stub.ClientCalls$StreamObserverToCallListenerAdapter.onClose(ClientCalls.java:487)
	at org.apache.ratis.thirdparty.io.grpc.internal.ClientCallImpl.closeObserver(ClientCallImpl.java:562)
	at org.apache.ratis.thirdparty.io.grpc.internal.ClientCallImpl.access$300(ClientCallImpl.java:70)
	at org.apache.ratis.thirdparty.io.grpc.internal.ClientCallImpl$ClientStreamListenerImpl$1StreamClosed.runInternal(ClientCallImpl.java:743)
	at org.apache.ratis.thirdparty.io.grpc.internal.ClientCallImpl$ClientStreamListenerImpl$1StreamClosed.runInContext(ClientCallImpl.java:722)
	at org.apache.ratis.thirdparty.io.grpc.internal.ContextRunnable.run(ContextRunnable.java:37)
	at org.apache.ratis.thirdparty.io.grpc.internal.SerializingExecutor.run(SerializingExecutor.java:133)
	at java.base/java.util.concurrent.ThreadPoolExecutor.runWorker(ThreadPoolExecutor.java:1128)
	at java.base/java.util.concurrent.ThreadPoolExecutor$Worker.run(ThreadPoolExecutor.java:628)
	at java.base/java.lang.Thread.run(Thread.java:829)
Caused by: java.util.concurrent.RejectedExecutionException: Task java.util.concurrent.CompletableFuture$AsyncSupply@37b1d045 rejected from java.util.concurrent.ThreadPoolExecutor@3ad4e2b[Terminated, pool size = 0, active threads = 0, queued tasks = 0, completed tasks = 198]
	at java.base/jdk.internal.reflect.NativeConstructorAccessorImpl.newInstance0(Native Method)
	at java.base/jdk.internal.reflect.NativeConstructorAccessorImpl.newInstance(NativeConstructorAccessorImpl.java:62)
	at java.base/jdk.internal.reflect.DelegatingConstructorAccessorImpl.newInstance(DelegatingConstructorAccessorImpl.java:45)
	at java.base/java.lang.reflect.Constructor.newInstance(Constructor.java:490)
	at org.apache.ratis.util.ReflectionUtils.instantiateException(ReflectionUtils.java:259)
	at org.apache.ratis.grpc.GrpcUtil.tryUnwrapException(GrpcUtil.java:120)
	... 13 more
Caused by: org.apache.ratis.thirdparty.io.grpc.StatusRuntimeException: INTERNAL: Task java.util.concurrent.CompletableFuture$AsyncSupply@37b1d045 rejected from java.util.concurrent.ThreadPoolExecutor@3ad4e2b[Terminated, pool size = 0, active threads = 0, queued tasks = 0, completed tasks = 198]
	at org.apache.ratis.thirdparty.io.grpc.Status.asRuntimeException(Status.java:535)
	... 10 more
	Suppressed: java.lang.IllegalStateException: Failed to cast to class java.io.IOException, object=java.util.concurrent.RejectedExecutionException: Task java.util.concurrent.CompletableFuture$AsyncSupply@37b1d045 rejected from java.util.concurrent.ThreadPoolExecutor@3ad4e2b[Terminated, pool size = 0, active threads = 0, queued tasks = 0, completed tasks = 198]
	at java.base/java.util.concurrent.ThreadPoolExecutor$AbortPolicy.rejectedExecution(ThreadPoolExecutor.java:2055)
	at java.base/java.util.concurrent.ThreadPoolExecutor.reject(ThreadPoolExecutor.java:825)
	at java.base/java.util.concurrent.ThreadPoolExecutor.execute(ThreadPoolExecutor.java:1355)
	at java.base/java.util.concurrent.CompletableFuture.asyncSupplyStage(CompletableFuture.java:1714)
	at java.base/java.util.concurrent.CompletableFuture.supplyAsync(CompletableFuture.java:1931)
	at org.apache.ratis.server.impl.RaftServerImpl.executeSubmitServerRequestAsync(RaftServerImpl.java:812)
	at org.apache.ratis.server.impl.RaftServerProxy.lambda$appendEntriesAsync$27(RaftServerProxy.java:634)
	at java.base/java.util.concurrent.CompletableFuture.uniComposeStage(CompletableFuture.java:1106)
	at java.base/java.util.concurrent.CompletableFuture.thenCompose(CompletableFuture.java:2235)
	at org.apache.ratis.server.impl.RaftServerProxy.appendEntriesAsync(RaftServerProxy.java:634)
	at org.apache.ratis.grpc.server.GrpcServerProtocolService$1.process(GrpcServerProtocolService.java:219)
	at org.apache.ratis.grpc.server.GrpcServerProtocolService$1.process(GrpcServerProtocolService.java:216)
	at org.apache.ratis.grpc.server.GrpcServerProtocolService$ServerRequestStreamObserver.onNext(GrpcServerProtocolService.java:124)
	at org.apache.ratis.thirdparty.io.grpc.stub.ServerCalls$StreamingServerCallHandler$StreamingServerCallListener.onMessage(ServerCalls.java:262)
	at org.apache.ratis.thirdparty.io.grpc.ForwardingServerCallListener.onMessage(ForwardingServerCallListener.java:33)
	at org.apache.ratis.thirdparty.io.grpc.internal.ServerCallImpl$ServerStreamListenerImpl.messagesAvailableInternal(ServerCallImpl.java:332)
	at org.apache.ratis.thirdparty.io.grpc.internal.ServerCallImpl$ServerStreamListenerImpl.messagesAvailable(ServerCallImpl.java:315)
	at org.apache.ratis.thirdparty.io.grpc.internal.ServerImpl$JumpToApplicationThreadServerStreamListener$1MessagesAvailable.runInContext(ServerImpl.java:834)
	at org.apache.ratis.thirdparty.io.grpc.internal.ContextRunnable.run(ContextRunnable.java:37)
	at org.apache.ratis.thirdparty.io.grpc.internal.SerializingExecutor.run(SerializingExecutor.java:133)
	at java.base/java.util.concurrent.ThreadPoolExecutor.runWorker(ThreadPoolExecutor.java:1128)
	at java.base/java.util.concurrent.ThreadPoolExecutor$Worker.run(ThreadPoolExecutor.java:628)
	at java.base/java.lang.Thread.run(Thread.java:829)

		at org.apache.ratis.util.IOUtils.readObject(IOUtils.java:237)
		at org.apache.ratis.util.IOUtils.bytes2Object(IOUtils.java:214)
		at org.apache.ratis.grpc.GrpcUtil.tryUnwrapException(GrpcUtil.java:109)
		at org.apache.ratis.grpc.GrpcUtil.unwrapThrowable(GrpcUtil.java:82)
		at org.apache.ratis.grpc.GrpcUtil.warn(GrpcUtil.java:178)
		at org.apache.ratis.grpc.server.GrpcLogAppender$AppendLogResponseHandler.onError(GrpcLogAppender.java:405)
		... 10 more
	Caused by: java.lang.ClassCastException: Cannot cast java.util.concurrent.RejectedExecutionException to java.io.IOException
		at java.base/java.lang.Class.cast(Class.java:3605)
		at org.apache.ratis.util.IOUtils.readObject(IOUtils.java:234)
		... 15 more
2022-10-13 10:40:54,674 [grpc-default-executor-1] INFO  leader.FollowerInfo (FollowerInfoImpl.java:lambda$new$0(48)) - s0@group-6905249F38B1->s1: nextIndex: updateUnconditionally 263 -> 259
2022-10-13 10:40:54,703 [grpc-default-executor-3] WARN  server.GrpcServerProtocolService (LogUtils.java:warn(124)) - s1: Failed APPEND_ENTRIES request s0->s1#220-t2,previous=(t:2, i:258),leaderCommit=262,initializing? true,entries: size=4, first=(t:2, i:259), CONFIGURATIONENTRY(current:id: "s0"
address: "localhost:46195"
dataStreamAddress: "localhost:39399"
clientAddress: "localhost:42765"
adminAddress: "localhost:44717"
startupRole: FOLLOWER
,id: "s1"
address: "0.0.0.0:46693"
clientAddress: "0.0.0.0:46693"
adminAddress: "0.0.0.0:46693"
startupRole: FOLLOWER
,id: "s2"
address: "0.0.0.0:36699"
clientAddress: "0.0.0.0:36699"
adminAddress: "0.0.0.0:36699"
startupRole: FOLLOWER
, old:id: "s0"
address: "localhost:46195"
dataStreamAddress: "localhost:39399"
clientAddress: "localhost:42765"
adminAddress: "localhost:44717"
startupRole: FOLLOWER
)
java.util.concurrent.CompletionException: java.util.concurrent.RejectedExecutionException: Task java.util.concurrent.CompletableFuture$AsyncSupply@38dc771a rejected from java.util.concurrent.ThreadPoolExecutor@3ad4e2b[Terminated, pool size = 0, active threads = 0, queued tasks = 0, completed tasks = 198]
	at java.base/java.util.concurrent.CompletableFuture.encodeThrowable(CompletableFuture.java:314)
	at java.base/java.util.concurrent.CompletableFuture.uniComposeStage(CompletableFuture.java:1113)
	at java.base/java.util.concurrent.CompletableFuture.thenCompose(CompletableFuture.java:2235)
	at org.apache.ratis.server.impl.RaftServerProxy.appendEntriesAsync(RaftServerProxy.java:634)
	at org.apache.ratis.grpc.server.GrpcServerProtocolService$1.process(GrpcServerProtocolService.java:219)
	at org.apache.ratis.grpc.server.GrpcServerProtocolService$1.process(GrpcServerProtocolService.java:216)
	at org.apache.ratis.grpc.server.GrpcServerProtocolService$ServerRequestStreamObserver.onNext(GrpcServerProtocolService.java:124)
	at org.apache.ratis.thirdparty.io.grpc.stub.ServerCalls$StreamingServerCallHandler$StreamingServerCallListener.onMessage(ServerCalls.java:262)
	at org.apache.ratis.thirdparty.io.grpc.ForwardingServerCallListener.onMessage(ForwardingServerCallListener.java:33)
	at org.apache.ratis.thirdparty.io.grpc.internal.ServerCallImpl$ServerStreamListenerImpl.messagesAvailableInternal(ServerCallImpl.java:332)
	at org.apache.ratis.thirdparty.io.grpc.internal.ServerCallImpl$ServerStreamListenerImpl.messagesAvailable(ServerCallImpl.java:315)
	at org.apache.ratis.thirdparty.io.grpc.internal.ServerImpl$JumpToApplicationThreadServerStreamListener$1MessagesAvailable.runInContext(ServerImpl.java:834)
	at org.apache.ratis.thirdparty.io.grpc.internal.ContextRunnable.run(ContextRunnable.java:37)
	at org.apache.ratis.thirdparty.io.grpc.internal.SerializingExecutor.run(SerializingExecutor.java:133)
	at java.base/java.util.concurrent.ThreadPoolExecutor.runWorker(ThreadPoolExecutor.java:1128)
	at java.base/java.util.concurrent.ThreadPoolExecutor$Worker.run(ThreadPoolExecutor.java:628)
	at java.base/java.lang.Thread.run(Thread.java:829)
Caused by: java.util.concurrent.RejectedExecutionException: Task java.util.concurrent.CompletableFuture$AsyncSupply@38dc771a rejected from java.util.concurrent.ThreadPoolExecutor@3ad4e2b[Terminated, pool size = 0, active threads = 0, queued tasks = 0, completed tasks = 198]
	at java.base/java.util.concurrent.ThreadPoolExecutor$AbortPolicy.rejectedExecution(ThreadPoolExecutor.java:2055)
	at java.base/java.util.concurrent.ThreadPoolExecutor.reject(ThreadPoolExecutor.java:825)
	at java.base/java.util.concurrent.ThreadPoolExecutor.execute(ThreadPoolExecutor.java:1355)
	at java.base/java.util.concurrent.CompletableFuture.asyncSupplyStage(CompletableFuture.java:1714)
	at java.base/java.util.concurrent.CompletableFuture.supplyAsync(CompletableFuture.java:1931)
	at org.apache.ratis.server.impl.RaftServerImpl.executeSubmitServerRequestAsync(RaftServerImpl.java:812)
	at org.apache.ratis.server.impl.RaftServerProxy.lambda$appendEntriesAsync$27(RaftServerProxy.java:634)
	at java.base/java.util.concurrent.CompletableFuture.uniComposeStage(CompletableFuture.java:1106)
	... 15 more
2022-10-13 10:40:54,707 [grpc-default-executor-1] WARN  server.GrpcLogAppender (LogUtils.java:warn(124)) - s0@group-6905249F38B1->s1-AppendLogResponseHandler: Failed appendEntries
java.io.IOException: java.util.concurrent.RejectedExecutionException: Task java.util.concurrent.CompletableFuture$AsyncSupply@38dc771a rejected from java.util.concurrent.ThreadPoolExecutor@3ad4e2b[Terminated, pool size = 0, active threads = 0, queued tasks = 0, completed tasks = 198]
	at org.apache.ratis.util.IOUtils.asIOException(IOUtils.java:56)
	at org.apache.ratis.grpc.GrpcUtil.tryUnwrapException(GrpcUtil.java:121)
	at org.apache.ratis.grpc.GrpcUtil.unwrapThrowable(GrpcUtil.java:82)
	at org.apache.ratis.grpc.GrpcUtil.warn(GrpcUtil.java:178)
	at org.apache.ratis.grpc.server.GrpcLogAppender$AppendLogResponseHandler.onError(GrpcLogAppender.java:405)
	at org.apache.ratis.thirdparty.io.grpc.stub.ClientCalls$StreamObserverToCallListenerAdapter.onClose(ClientCalls.java:487)
	at org.apache.ratis.thirdparty.io.grpc.internal.ClientCallImpl.closeObserver(ClientCallImpl.java:562)
	at org.apache.ratis.thirdparty.io.grpc.internal.ClientCallImpl.access$300(ClientCallImpl.java:70)
	at org.apache.ratis.thirdparty.io.grpc.internal.ClientCallImpl$ClientStreamListenerImpl$1StreamClosed.runInternal(ClientCallImpl.java:743)
	at org.apache.ratis.thirdparty.io.grpc.internal.ClientCallImpl$ClientStreamListenerImpl$1StreamClosed.runInContext(ClientCallImpl.java:722)
	at org.apache.ratis.thirdparty.io.grpc.internal.ContextRunnable.run(ContextRunnable.java:37)
	at org.apache.ratis.thirdparty.io.grpc.internal.SerializingExecutor.run(SerializingExecutor.java:133)
	at java.base/java.util.concurrent.ThreadPoolExecutor.runWorker(ThreadPoolExecutor.java:1128)
	at java.base/java.util.concurrent.ThreadPoolExecutor$Worker.run(ThreadPoolExecutor.java:628)
	at java.base/java.lang.Thread.run(Thread.java:829)
Caused by: java.util.concurrent.RejectedExecutionException: Task java.util.concurrent.CompletableFuture$AsyncSupply@38dc771a rejected from java.util.concurrent.ThreadPoolExecutor@3ad4e2b[Terminated, pool size = 0, active threads = 0, queued tasks = 0, completed tasks = 198]
	at java.base/jdk.internal.reflect.NativeConstructorAccessorImpl.newInstance0(Native Method)
	at java.base/jdk.internal.reflect.NativeConstructorAccessorImpl.newInstance(NativeConstructorAccessorImpl.java:62)
	at java.base/jdk.internal.reflect.DelegatingConstructorAccessorImpl.newInstance(DelegatingConstructorAccessorImpl.java:45)
	at java.base/java.lang.reflect.Constructor.newInstance(Constructor.java:490)
	at org.apache.ratis.util.ReflectionUtils.instantiateException(ReflectionUtils.java:259)
	at org.apache.ratis.grpc.GrpcUtil.tryUnwrapException(GrpcUtil.java:120)
	... 13 more
Caused by: org.apache.ratis.thirdparty.io.grpc.StatusRuntimeException: INTERNAL: Task java.util.concurrent.CompletableFuture$AsyncSupply@38dc771a rejected from java.util.concurrent.ThreadPoolExecutor@3ad4e2b[Terminated, pool size = 0, active threads = 0, queued tasks = 0, completed tasks = 198]
	at org.apache.ratis.thirdparty.io.grpc.Status.asRuntimeException(Status.java:535)
	... 10 more
	Suppressed: java.lang.IllegalStateException: Failed to cast to class java.io.IOException, object=java.util.concurrent.RejectedExecutionException: Task java.util.concurrent.CompletableFuture$AsyncSupply@38dc771a rejected from java.util.concurrent.ThreadPoolExecutor@3ad4e2b[Terminated, pool size = 0, active threads = 0, queued tasks = 0, completed tasks = 198]
	at java.base/java.util.concurrent.ThreadPoolExecutor$AbortPolicy.rejectedExecution(ThreadPoolExecutor.java:2055)
	at java.base/java.util.concurrent.ThreadPoolExecutor.reject(ThreadPoolExecutor.java:825)
	at java.base/java.util.concurrent.ThreadPoolExecutor.execute(ThreadPoolExecutor.java:1355)
	at java.base/java.util.concurrent.CompletableFuture.asyncSupplyStage(CompletableFuture.java:1714)
	at java.base/java.util.concurrent.CompletableFuture.supplyAsync(CompletableFuture.java:1931)
	at org.apache.ratis.server.impl.RaftServerImpl.executeSubmitServerRequestAsync(RaftServerImpl.java:812)
	at org.apache.ratis.server.impl.RaftServerProxy.lambda$appendEntriesAsync$27(RaftServerProxy.java:634)
	at java.base/java.util.concurrent.CompletableFuture.uniComposeStage(CompletableFuture.java:1106)
	at java.base/java.util.concurrent.CompletableFuture.thenCompose(CompletableFuture.java:2235)
	at org.apache.ratis.server.impl.RaftServerProxy.appendEntriesAsync(RaftServerProxy.java:634)
	at org.apache.ratis.grpc.server.GrpcServerProtocolService$1.process(GrpcServerProtocolService.java:219)
	at org.apache.ratis.grpc.server.GrpcServerProtocolService$1.process(GrpcServerProtocolService.java:216)
	at org.apache.ratis.grpc.server.GrpcServerProtocolService$ServerRequestStreamObserver.onNext(GrpcServerProtocolService.java:124)
	at org.apache.ratis.thirdparty.io.grpc.stub.ServerCalls$StreamingServerCallHandler$StreamingServerCallListener.onMessage(ServerCalls.java:262)
	at org.apache.ratis.thirdparty.io.grpc.ForwardingServerCallListener.onMessage(ForwardingServerCallListener.java:33)
	at org.apache.ratis.thirdparty.io.grpc.internal.ServerCallImpl$ServerStreamListenerImpl.messagesAvailableInternal(ServerCallImpl.java:332)
	at org.apache.ratis.thirdparty.io.grpc.internal.ServerCallImpl$ServerStreamListenerImpl.messagesAvailable(ServerCallImpl.java:315)
	at org.apache.ratis.thirdparty.io.grpc.internal.ServerImpl$JumpToApplicationThreadServerStreamListener$1MessagesAvailable.runInContext(ServerImpl.java:834)
	at org.apache.ratis.thirdparty.io.grpc.internal.ContextRunnable.run(ContextRunnable.java:37)
	at org.apache.ratis.thirdparty.io.grpc.internal.SerializingExecutor.run(SerializingExecutor.java:133)
	at java.base/java.util.concurrent.ThreadPoolExecutor.runWorker(ThreadPoolExecutor.java:1128)
	at java.base/java.util.concurrent.ThreadPoolExecutor$Worker.run(ThreadPoolExecutor.java:628)
	at java.base/java.lang.Thread.run(Thread.java:829)

		at org.apache.ratis.util.IOUtils.readObject(IOUtils.java:237)
		at org.apache.ratis.util.IOUtils.bytes2Object(IOUtils.java:214)
		at org.apache.ratis.grpc.GrpcUtil.tryUnwrapException(GrpcUtil.java:109)
		at org.apache.ratis.grpc.GrpcUtil.unwrapThrowable(GrpcUtil.java:82)
		at org.apache.ratis.grpc.GrpcUtil.warn(GrpcUtil.java:178)
		at org.apache.ratis.grpc.server.GrpcLogAppender$AppendLogResponseHandler.onError(GrpcLogAppender.java:405)
		... 10 more
	Caused by: java.lang.ClassCastException: Cannot cast java.util.concurrent.RejectedExecutionException to java.io.IOException
		at java.base/java.lang.Class.cast(Class.java:3605)
		at org.apache.ratis.util.IOUtils.readObject(IOUtils.java:234)
		... 15 more
2022-10-13 10:40:54,708 [grpc-default-executor-1] INFO  leader.FollowerInfo (FollowerInfoImpl.java:lambda$new$0(48)) - s0@group-6905249F38B1->s1: nextIndex: updateUnconditionally 263 -> 259
2022-10-13 10:40:54,741 [grpc-default-executor-3] WARN  server.GrpcServerProtocolService (LogUtils.java:warn(124)) - s1: Failed APPEND_ENTRIES request s0->s1#222-t2,previous=(t:2, i:258),leaderCommit=262,initializing? true,entries: size=4, first=(t:2, i:259), CONFIGURATIONENTRY(current:id: "s0"
address: "localhost:46195"
dataStreamAddress: "localhost:39399"
clientAddress: "localhost:42765"
adminAddress: "localhost:44717"
startupRole: FOLLOWER
,id: "s1"
address: "0.0.0.0:46693"
clientAddress: "0.0.0.0:46693"
adminAddress: "0.0.0.0:46693"
startupRole: FOLLOWER
,id: "s2"
address: "0.0.0.0:36699"
clientAddress: "0.0.0.0:36699"
adminAddress: "0.0.0.0:36699"
startupRole: FOLLOWER
, old:id: "s0"
address: "localhost:46195"
dataStreamAddress: "localhost:39399"
clientAddress: "localhost:42765"
adminAddress: "localhost:44717"
startupRole: FOLLOWER
)
java.util.concurrent.CompletionException: java.util.concurrent.RejectedExecutionException: Task java.util.concurrent.CompletableFuture$AsyncSupply@334584c4 rejected from java.util.concurrent.ThreadPoolExecutor@3ad4e2b[Terminated, pool size = 0, active threads = 0, queued tasks = 0, completed tasks = 198]
	at java.base/java.util.concurrent.CompletableFuture.encodeThrowable(CompletableFuture.java:314)
	at java.base/java.util.concurrent.CompletableFuture.uniComposeStage(CompletableFuture.java:1113)
	at java.base/java.util.concurrent.CompletableFuture.thenCompose(CompletableFuture.java:2235)
	at org.apache.ratis.server.impl.RaftServerProxy.appendEntriesAsync(RaftServerProxy.java:634)
	at org.apache.ratis.grpc.server.GrpcServerProtocolService$1.process(GrpcServerProtocolService.java:219)
	at org.apache.ratis.grpc.server.GrpcServerProtocolService$1.process(GrpcServerProtocolService.java:216)
	at org.apache.ratis.grpc.server.GrpcServerProtocolService$ServerRequestStreamObserver.onNext(GrpcServerProtocolService.java:124)
	at org.apache.ratis.thirdparty.io.grpc.stub.ServerCalls$StreamingServerCallHandler$StreamingServerCallListener.onMessage(ServerCalls.java:262)
	at org.apache.ratis.thirdparty.io.grpc.ForwardingServerCallListener.onMessage(ForwardingServerCallListener.java:33)
	at org.apache.ratis.thirdparty.io.grpc.internal.ServerCallImpl$ServerStreamListenerImpl.messagesAvailableInternal(ServerCallImpl.java:332)
	at org.apache.ratis.thirdparty.io.grpc.internal.ServerCallImpl$ServerStreamListenerImpl.messagesAvailable(ServerCallImpl.java:315)
	at org.apache.ratis.thirdparty.io.grpc.internal.ServerImpl$JumpToApplicationThreadServerStreamListener$1MessagesAvailable.runInContext(ServerImpl.java:834)
	at org.apache.ratis.thirdparty.io.grpc.internal.ContextRunnable.run(ContextRunnable.java:37)
	at org.apache.ratis.thirdparty.io.grpc.internal.SerializingExecutor.run(SerializingExecutor.java:133)
	at java.base/java.util.concurrent.ThreadPoolExecutor.runWorker(ThreadPoolExecutor.java:1128)
	at java.base/java.util.concurrent.ThreadPoolExecutor$Worker.run(ThreadPoolExecutor.java:628)
	at java.base/java.lang.Thread.run(Thread.java:829)
Caused by: java.util.concurrent.RejectedExecutionException: Task java.util.concurrent.CompletableFuture$AsyncSupply@334584c4 rejected from java.util.concurrent.ThreadPoolExecutor@3ad4e2b[Terminated, pool size = 0, active threads = 0, queued tasks = 0, completed tasks = 198]
	at java.base/java.util.concurrent.ThreadPoolExecutor$AbortPolicy.rejectedExecution(ThreadPoolExecutor.java:2055)
	at java.base/java.util.concurrent.ThreadPoolExecutor.reject(ThreadPoolExecutor.java:825)
	at java.base/java.util.concurrent.ThreadPoolExecutor.execute(ThreadPoolExecutor.java:1355)
	at java.base/java.util.concurrent.CompletableFuture.asyncSupplyStage(CompletableFuture.java:1714)
	at java.base/java.util.concurrent.CompletableFuture.supplyAsync(CompletableFuture.java:1931)
	at org.apache.ratis.server.impl.RaftServerImpl.executeSubmitServerRequestAsync(RaftServerImpl.java:812)
	at org.apache.ratis.server.impl.RaftServerProxy.lambda$appendEntriesAsync$27(RaftServerProxy.java:634)
	at java.base/java.util.concurrent.CompletableFuture.uniComposeStage(CompletableFuture.java:1106)
	... 15 more
2022-10-13 10:40:54,744 [grpc-default-executor-2] WARN  server.GrpcLogAppender (LogUtils.java:warn(124)) - s0@group-6905249F38B1->s1-AppendLogResponseHandler: Failed appendEntries
java.io.IOException: java.util.concurrent.RejectedExecutionException: Task java.util.concurrent.CompletableFuture$AsyncSupply@334584c4 rejected from java.util.concurrent.ThreadPoolExecutor@3ad4e2b[Terminated, pool size = 0, active threads = 0, queued tasks = 0, completed tasks = 198]
	at org.apache.ratis.util.IOUtils.asIOException(IOUtils.java:56)
	at org.apache.ratis.grpc.GrpcUtil.tryUnwrapException(GrpcUtil.java:121)
	at org.apache.ratis.grpc.GrpcUtil.unwrapThrowable(GrpcUtil.java:82)
	at org.apache.ratis.grpc.GrpcUtil.warn(GrpcUtil.java:178)
	at org.apache.ratis.grpc.server.GrpcLogAppender$AppendLogResponseHandler.onError(GrpcLogAppender.java:405)
	at org.apache.ratis.thirdparty.io.grpc.stub.ClientCalls$StreamObserverToCallListenerAdapter.onClose(ClientCalls.java:487)
	at org.apache.ratis.thirdparty.io.grpc.internal.ClientCallImpl.closeObserver(ClientCallImpl.java:562)
	at org.apache.ratis.thirdparty.io.grpc.internal.ClientCallImpl.access$300(ClientCallImpl.java:70)
	at org.apache.ratis.thirdparty.io.grpc.internal.ClientCallImpl$ClientStreamListenerImpl$1StreamClosed.runInternal(ClientCallImpl.java:743)
	at org.apache.ratis.thirdparty.io.grpc.internal.ClientCallImpl$ClientStreamListenerImpl$1StreamClosed.runInContext(ClientCallImpl.java:722)
	at org.apache.ratis.thirdparty.io.grpc.internal.ContextRunnable.run(ContextRunnable.java:37)
	at org.apache.ratis.thirdparty.io.grpc.internal.SerializingExecutor.run(SerializingExecutor.java:133)
	at java.base/java.util.concurrent.ThreadPoolExecutor.runWorker(ThreadPoolExecutor.java:1128)
	at java.base/java.util.concurrent.ThreadPoolExecutor$Worker.run(ThreadPoolExecutor.java:628)
	at java.base/java.lang.Thread.run(Thread.java:829)
Caused by: java.util.concurrent.RejectedExecutionException: Task java.util.concurrent.CompletableFuture$AsyncSupply@334584c4 rejected from java.util.concurrent.ThreadPoolExecutor@3ad4e2b[Terminated, pool size = 0, active threads = 0, queued tasks = 0, completed tasks = 198]
	at java.base/jdk.internal.reflect.NativeConstructorAccessorImpl.newInstance0(Native Method)
	at java.base/jdk.internal.reflect.NativeConstructorAccessorImpl.newInstance(NativeConstructorAccessorImpl.java:62)
	at java.base/jdk.internal.reflect.DelegatingConstructorAccessorImpl.newInstance(DelegatingConstructorAccessorImpl.java:45)
	at java.base/java.lang.reflect.Constructor.newInstance(Constructor.java:490)
	at org.apache.ratis.util.ReflectionUtils.instantiateException(ReflectionUtils.java:259)
	at org.apache.ratis.grpc.GrpcUtil.tryUnwrapException(GrpcUtil.java:120)
	... 13 more
Caused by: org.apache.ratis.thirdparty.io.grpc.StatusRuntimeException: INTERNAL: Task java.util.concurrent.CompletableFuture$AsyncSupply@334584c4 rejected from java.util.concurrent.ThreadPoolExecutor@3ad4e2b[Terminated, pool size = 0, active threads = 0, queued tasks = 0, completed tasks = 198]
	at org.apache.ratis.thirdparty.io.grpc.Status.asRuntimeException(Status.java:535)
	... 10 more
	Suppressed: java.lang.IllegalStateException: Failed to cast to class java.io.IOException, object=java.util.concurrent.RejectedExecutionException: Task java.util.concurrent.CompletableFuture$AsyncSupply@334584c4 rejected from java.util.concurrent.ThreadPoolExecutor@3ad4e2b[Terminated, pool size = 0, active threads = 0, queued tasks = 0, completed tasks = 198]
	at java.base/java.util.concurrent.ThreadPoolExecutor$AbortPolicy.rejectedExecution(ThreadPoolExecutor.java:2055)
	at java.base/java.util.concurrent.ThreadPoolExecutor.reject(ThreadPoolExecutor.java:825)
	at java.base/java.util.concurrent.ThreadPoolExecutor.execute(ThreadPoolExecutor.java:1355)
	at java.base/java.util.concurrent.CompletableFuture.asyncSupplyStage(CompletableFuture.java:1714)
	at java.base/java.util.concurrent.CompletableFuture.supplyAsync(CompletableFuture.java:1931)
	at org.apache.ratis.server.impl.RaftServerImpl.executeSubmitServerRequestAsync(RaftServerImpl.java:812)
	at org.apache.ratis.server.impl.RaftServerProxy.lambda$appendEntriesAsync$27(RaftServerProxy.java:634)
	at java.base/java.util.concurrent.CompletableFuture.uniComposeStage(CompletableFuture.java:1106)
	at java.base/java.util.concurrent.CompletableFuture.thenCompose(CompletableFuture.java:2235)
	at org.apache.ratis.server.impl.RaftServerProxy.appendEntriesAsync(RaftServerProxy.java:634)
	at org.apache.ratis.grpc.server.GrpcServerProtocolService$1.process(GrpcServerProtocolService.java:219)
	at org.apache.ratis.grpc.server.GrpcServerProtocolService$1.process(GrpcServerProtocolService.java:216)
	at org.apache.ratis.grpc.server.GrpcServerProtocolService$ServerRequestStreamObserver.onNext(GrpcServerProtocolService.java:124)
	at org.apache.ratis.thirdparty.io.grpc.stub.ServerCalls$StreamingServerCallHandler$StreamingServerCallListener.onMessage(ServerCalls.java:262)
	at org.apache.ratis.thirdparty.io.grpc.ForwardingServerCallListener.onMessage(ForwardingServerCallListener.java:33)
	at org.apache.ratis.thirdparty.io.grpc.internal.ServerCallImpl$ServerStreamListenerImpl.messagesAvailableInternal(ServerCallImpl.java:332)
	at org.apache.ratis.thirdparty.io.grpc.internal.ServerCallImpl$ServerStreamListenerImpl.messagesAvailable(ServerCallImpl.java:315)
	at org.apache.ratis.thirdparty.io.grpc.internal.ServerImpl$JumpToApplicationThreadServerStreamListener$1MessagesAvailable.runInContext(ServerImpl.java:834)
	at org.apache.ratis.thirdparty.io.grpc.internal.ContextRunnable.run(ContextRunnable.java:37)
	at org.apache.ratis.thirdparty.io.grpc.internal.SerializingExecutor.run(SerializingExecutor.java:133)
	at java.base/java.util.concurrent.ThreadPoolExecutor.runWorker(ThreadPoolExecutor.java:1128)
	at java.base/java.util.concurrent.ThreadPoolExecutor$Worker.run(ThreadPoolExecutor.java:628)
	at java.base/java.lang.Thread.run(Thread.java:829)

		at org.apache.ratis.util.IOUtils.readObject(IOUtils.java:237)
		at org.apache.ratis.util.IOUtils.bytes2Object(IOUtils.java:214)
		at org.apache.ratis.grpc.GrpcUtil.tryUnwrapException(GrpcUtil.java:109)
		at org.apache.ratis.grpc.GrpcUtil.unwrapThrowable(GrpcUtil.java:82)
		at org.apache.ratis.grpc.GrpcUtil.warn(GrpcUtil.java:178)
		at org.apache.ratis.grpc.server.GrpcLogAppender$AppendLogResponseHandler.onError(GrpcLogAppender.java:405)
		... 10 more
	Caused by: java.lang.ClassCastException: Cannot cast java.util.concurrent.RejectedExecutionException to java.io.IOException
		at java.base/java.lang.Class.cast(Class.java:3605)
		at org.apache.ratis.util.IOUtils.readObject(IOUtils.java:234)
		... 15 more
2022-10-13 10:40:54,745 [grpc-default-executor-2] INFO  leader.FollowerInfo (FollowerInfoImpl.java:lambda$new$0(48)) - s0@group-6905249F38B1->s1: nextIndex: updateUnconditionally 263 -> 259
2022-10-13 10:40:54,779 [grpc-default-executor-1] WARN  server.GrpcServerProtocolService (LogUtils.java:warn(124)) - s1: Failed APPEND_ENTRIES request s0->s1#224-t2,previous=(t:2, i:258),leaderCommit=262,initializing? true,entries: size=4, first=(t:2, i:259), CONFIGURATIONENTRY(current:id: "s0"
address: "localhost:46195"
dataStreamAddress: "localhost:39399"
clientAddress: "localhost:42765"
adminAddress: "localhost:44717"
startupRole: FOLLOWER
,id: "s1"
address: "0.0.0.0:46693"
clientAddress: "0.0.0.0:46693"
adminAddress: "0.0.0.0:46693"
startupRole: FOLLOWER
,id: "s2"
address: "0.0.0.0:36699"
clientAddress: "0.0.0.0:36699"
adminAddress: "0.0.0.0:36699"
startupRole: FOLLOWER
, old:id: "s0"
address: "localhost:46195"
dataStreamAddress: "localhost:39399"
clientAddress: "localhost:42765"
adminAddress: "localhost:44717"
startupRole: FOLLOWER
)
java.util.concurrent.CompletionException: java.util.concurrent.RejectedExecutionException: Task java.util.concurrent.CompletableFuture$AsyncSupply@6c45d119 rejected from java.util.concurrent.ThreadPoolExecutor@3ad4e2b[Terminated, pool size = 0, active threads = 0, queued tasks = 0, completed tasks = 198]
	at java.base/java.util.concurrent.CompletableFuture.encodeThrowable(CompletableFuture.java:314)
	at java.base/java.util.concurrent.CompletableFuture.uniComposeStage(CompletableFuture.java:1113)
	at java.base/java.util.concurrent.CompletableFuture.thenCompose(CompletableFuture.java:2235)
	at org.apache.ratis.server.impl.RaftServerProxy.appendEntriesAsync(RaftServerProxy.java:634)
	at org.apache.ratis.grpc.server.GrpcServerProtocolService$1.process(GrpcServerProtocolService.java:219)
	at org.apache.ratis.grpc.server.GrpcServerProtocolService$1.process(GrpcServerProtocolService.java:216)
	at org.apache.ratis.grpc.server.GrpcServerProtocolService$ServerRequestStreamObserver.onNext(GrpcServerProtocolService.java:124)
	at org.apache.ratis.thirdparty.io.grpc.stub.ServerCalls$StreamingServerCallHandler$StreamingServerCallListener.onMessage(ServerCalls.java:262)
	at org.apache.ratis.thirdparty.io.grpc.ForwardingServerCallListener.onMessage(ForwardingServerCallListener.java:33)
	at org.apache.ratis.thirdparty.io.grpc.internal.ServerCallImpl$ServerStreamListenerImpl.messagesAvailableInternal(ServerCallImpl.java:332)
	at org.apache.ratis.thirdparty.io.grpc.internal.ServerCallImpl$ServerStreamListenerImpl.messagesAvailable(ServerCallImpl.java:315)
	at org.apache.ratis.thirdparty.io.grpc.internal.ServerImpl$JumpToApplicationThreadServerStreamListener$1MessagesAvailable.runInContext(ServerImpl.java:834)
	at org.apache.ratis.thirdparty.io.grpc.internal.ContextRunnable.run(ContextRunnable.java:37)
	at org.apache.ratis.thirdparty.io.grpc.internal.SerializingExecutor.run(SerializingExecutor.java:133)
	at java.base/java.util.concurrent.ThreadPoolExecutor.runWorker(ThreadPoolExecutor.java:1128)
	at java.base/java.util.concurrent.ThreadPoolExecutor$Worker.run(ThreadPoolExecutor.java:628)
	at java.base/java.lang.Thread.run(Thread.java:829)
Caused by: java.util.concurrent.RejectedExecutionException: Task java.util.concurrent.CompletableFuture$AsyncSupply@6c45d119 rejected from java.util.concurrent.ThreadPoolExecutor@3ad4e2b[Terminated, pool size = 0, active threads = 0, queued tasks = 0, completed tasks = 198]
	at java.base/java.util.concurrent.ThreadPoolExecutor$AbortPolicy.rejectedExecution(ThreadPoolExecutor.java:2055)
	at java.base/java.util.concurrent.ThreadPoolExecutor.reject(ThreadPoolExecutor.java:825)
	at java.base/java.util.concurrent.ThreadPoolExecutor.execute(ThreadPoolExecutor.java:1355)
	at java.base/java.util.concurrent.CompletableFuture.asyncSupplyStage(CompletableFuture.java:1714)
	at java.base/java.util.concurrent.CompletableFuture.supplyAsync(CompletableFuture.java:1931)
	at org.apache.ratis.server.impl.RaftServerImpl.executeSubmitServerRequestAsync(RaftServerImpl.java:812)
	at org.apache.ratis.server.impl.RaftServerProxy.lambda$appendEntriesAsync$27(RaftServerProxy.java:634)
	at java.base/java.util.concurrent.CompletableFuture.uniComposeStage(CompletableFuture.java:1106)
	... 15 more
2022-10-13 10:40:54,782 [grpc-default-executor-2] WARN  server.GrpcLogAppender (LogUtils.java:warn(124)) - s0@group-6905249F38B1->s1-AppendLogResponseHandler: Failed appendEntries
java.io.IOException: java.util.concurrent.RejectedExecutionException: Task java.util.concurrent.CompletableFuture$AsyncSupply@6c45d119 rejected from java.util.concurrent.ThreadPoolExecutor@3ad4e2b[Terminated, pool size = 0, active threads = 0, queued tasks = 0, completed tasks = 198]
	at org.apache.ratis.util.IOUtils.asIOException(IOUtils.java:56)
	at org.apache.ratis.grpc.GrpcUtil.tryUnwrapException(GrpcUtil.java:121)
	at org.apache.ratis.grpc.GrpcUtil.unwrapThrowable(GrpcUtil.java:82)
	at org.apache.ratis.grpc.GrpcUtil.warn(GrpcUtil.java:178)
	at org.apache.ratis.grpc.server.GrpcLogAppender$AppendLogResponseHandler.onError(GrpcLogAppender.java:405)
	at org.apache.ratis.thirdparty.io.grpc.stub.ClientCalls$StreamObserverToCallListenerAdapter.onClose(ClientCalls.java:487)
	at org.apache.ratis.thirdparty.io.grpc.internal.ClientCallImpl.closeObserver(ClientCallImpl.java:562)
	at org.apache.ratis.thirdparty.io.grpc.internal.ClientCallImpl.access$300(ClientCallImpl.java:70)
	at org.apache.ratis.thirdparty.io.grpc.internal.ClientCallImpl$ClientStreamListenerImpl$1StreamClosed.runInternal(ClientCallImpl.java:743)
	at org.apache.ratis.thirdparty.io.grpc.internal.ClientCallImpl$ClientStreamListenerImpl$1StreamClosed.runInContext(ClientCallImpl.java:722)
	at org.apache.ratis.thirdparty.io.grpc.internal.ContextRunnable.run(ContextRunnable.java:37)
	at org.apache.ratis.thirdparty.io.grpc.internal.SerializingExecutor.run(SerializingExecutor.java:133)
	at java.base/java.util.concurrent.ThreadPoolExecutor.runWorker(ThreadPoolExecutor.java:1128)
	at java.base/java.util.concurrent.ThreadPoolExecutor$Worker.run(ThreadPoolExecutor.java:628)
	at java.base/java.lang.Thread.run(Thread.java:829)
Caused by: java.util.concurrent.RejectedExecutionException: Task java.util.concurrent.CompletableFuture$AsyncSupply@6c45d119 rejected from java.util.concurrent.ThreadPoolExecutor@3ad4e2b[Terminated, pool size = 0, active threads = 0, queued tasks = 0, completed tasks = 198]
	at java.base/jdk.internal.reflect.NativeConstructorAccessorImpl.newInstance0(Native Method)
	at java.base/jdk.internal.reflect.NativeConstructorAccessorImpl.newInstance(NativeConstructorAccessorImpl.java:62)
	at java.base/jdk.internal.reflect.DelegatingConstructorAccessorImpl.newInstance(DelegatingConstructorAccessorImpl.java:45)
	at java.base/java.lang.reflect.Constructor.newInstance(Constructor.java:490)
	at org.apache.ratis.util.ReflectionUtils.instantiateException(ReflectionUtils.java:259)
	at org.apache.ratis.grpc.GrpcUtil.tryUnwrapException(GrpcUtil.java:120)
	... 13 more
Caused by: org.apache.ratis.thirdparty.io.grpc.StatusRuntimeException: INTERNAL: Task java.util.concurrent.CompletableFuture$AsyncSupply@6c45d119 rejected from java.util.concurrent.ThreadPoolExecutor@3ad4e2b[Terminated, pool size = 0, active threads = 0, queued tasks = 0, completed tasks = 198]
	at org.apache.ratis.thirdparty.io.grpc.Status.asRuntimeException(Status.java:535)
	... 10 more
	Suppressed: java.lang.IllegalStateException: Failed to cast to class java.io.IOException, object=java.util.concurrent.RejectedExecutionException: Task java.util.concurrent.CompletableFuture$AsyncSupply@6c45d119 rejected from java.util.concurrent.ThreadPoolExecutor@3ad4e2b[Terminated, pool size = 0, active threads = 0, queued tasks = 0, completed tasks = 198]
	at java.base/java.util.concurrent.ThreadPoolExecutor$AbortPolicy.rejectedExecution(ThreadPoolExecutor.java:2055)
	at java.base/java.util.concurrent.ThreadPoolExecutor.reject(ThreadPoolExecutor.java:825)
	at java.base/java.util.concurrent.ThreadPoolExecutor.execute(ThreadPoolExecutor.java:1355)
	at java.base/java.util.concurrent.CompletableFuture.asyncSupplyStage(CompletableFuture.java:1714)
	at java.base/java.util.concurrent.CompletableFuture.supplyAsync(CompletableFuture.java:1931)
	at org.apache.ratis.server.impl.RaftServerImpl.executeSubmitServerRequestAsync(RaftServerImpl.java:812)
	at org.apache.ratis.server.impl.RaftServerProxy.lambda$appendEntriesAsync$27(RaftServerProxy.java:634)
	at java.base/java.util.concurrent.CompletableFuture.uniComposeStage(CompletableFuture.java:1106)
	at java.base/java.util.concurrent.CompletableFuture.thenCompose(CompletableFuture.java:2235)
	at org.apache.ratis.server.impl.RaftServerProxy.appendEntriesAsync(RaftServerProxy.java:634)
	at org.apache.ratis.grpc.server.GrpcServerProtocolService$1.process(GrpcServerProtocolService.java:219)
	at org.apache.ratis.grpc.server.GrpcServerProtocolService$1.process(GrpcServerProtocolService.java:216)
	at org.apache.ratis.grpc.server.GrpcServerProtocolService$ServerRequestStreamObserver.onNext(GrpcServerProtocolService.java:124)
	at org.apache.ratis.thirdparty.io.grpc.stub.ServerCalls$StreamingServerCallHandler$StreamingServerCallListener.onMessage(ServerCalls.java:262)
	at org.apache.ratis.thirdparty.io.grpc.ForwardingServerCallListener.onMessage(ForwardingServerCallListener.java:33)
	at org.apache.ratis.thirdparty.io.grpc.internal.ServerCallImpl$ServerStreamListenerImpl.messagesAvailableInternal(ServerCallImpl.java:332)
	at org.apache.ratis.thirdparty.io.grpc.internal.ServerCallImpl$ServerStreamListenerImpl.messagesAvailable(ServerCallImpl.java:315)
	at org.apache.ratis.thirdparty.io.grpc.internal.ServerImpl$JumpToApplicationThreadServerStreamListener$1MessagesAvailable.runInContext(ServerImpl.java:834)
	at org.apache.ratis.thirdparty.io.grpc.internal.ContextRunnable.run(ContextRunnable.java:37)
	at org.apache.ratis.thirdparty.io.grpc.internal.SerializingExecutor.run(SerializingExecutor.java:133)
	at java.base/java.util.concurrent.ThreadPoolExecutor.runWorker(ThreadPoolExecutor.java:1128)
	at java.base/java.util.concurrent.ThreadPoolExecutor$Worker.run(ThreadPoolExecutor.java:628)
	at java.base/java.lang.Thread.run(Thread.java:829)

		at org.apache.ratis.util.IOUtils.readObject(IOUtils.java:237)
		at org.apache.ratis.util.IOUtils.bytes2Object(IOUtils.java:214)
		at org.apache.ratis.grpc.GrpcUtil.tryUnwrapException(GrpcUtil.java:109)
		at org.apache.ratis.grpc.GrpcUtil.unwrapThrowable(GrpcUtil.java:82)
		at org.apache.ratis.grpc.GrpcUtil.warn(GrpcUtil.java:178)
		at org.apache.ratis.grpc.server.GrpcLogAppender$AppendLogResponseHandler.onError(GrpcLogAppender.java:405)
		... 10 more
	Caused by: java.lang.ClassCastException: Cannot cast java.util.concurrent.RejectedExecutionException to java.io.IOException
		at java.base/java.lang.Class.cast(Class.java:3605)
		at org.apache.ratis.util.IOUtils.readObject(IOUtils.java:234)
		... 15 more
2022-10-13 10:40:54,784 [grpc-default-executor-2] INFO  leader.FollowerInfo (FollowerInfoImpl.java:lambda$new$0(48)) - s0@group-6905249F38B1->s1: nextIndex: updateUnconditionally 263 -> 259
2022-10-13 10:40:54,816 [grpc-default-executor-3] WARN  server.GrpcServerProtocolService (LogUtils.java:warn(124)) - s1: Failed APPEND_ENTRIES request s0->s1#226-t2,previous=(t:2, i:258),leaderCommit=262,initializing? true,entries: size=4, first=(t:2, i:259), CONFIGURATIONENTRY(current:id: "s0"
address: "localhost:46195"
dataStreamAddress: "localhost:39399"
clientAddress: "localhost:42765"
adminAddress: "localhost:44717"
startupRole: FOLLOWER
,id: "s1"
address: "0.0.0.0:46693"
clientAddress: "0.0.0.0:46693"
adminAddress: "0.0.0.0:46693"
startupRole: FOLLOWER
,id: "s2"
address: "0.0.0.0:36699"
clientAddress: "0.0.0.0:36699"
adminAddress: "0.0.0.0:36699"
startupRole: FOLLOWER
, old:id: "s0"
address: "localhost:46195"
dataStreamAddress: "localhost:39399"
clientAddress: "localhost:42765"
adminAddress: "localhost:44717"
startupRole: FOLLOWER
)
java.util.concurrent.CompletionException: java.util.concurrent.RejectedExecutionException: Task java.util.concurrent.CompletableFuture$AsyncSupply@6b16d186 rejected from java.util.concurrent.ThreadPoolExecutor@3ad4e2b[Terminated, pool size = 0, active threads = 0, queued tasks = 0, completed tasks = 198]
	at java.base/java.util.concurrent.CompletableFuture.encodeThrowable(CompletableFuture.java:314)
	at java.base/java.util.concurrent.CompletableFuture.uniComposeStage(CompletableFuture.java:1113)
	at java.base/java.util.concurrent.CompletableFuture.thenCompose(CompletableFuture.java:2235)
	at org.apache.ratis.server.impl.RaftServerProxy.appendEntriesAsync(RaftServerProxy.java:634)
	at org.apache.ratis.grpc.server.GrpcServerProtocolService$1.process(GrpcServerProtocolService.java:219)
	at org.apache.ratis.grpc.server.GrpcServerProtocolService$1.process(GrpcServerProtocolService.java:216)
	at org.apache.ratis.grpc.server.GrpcServerProtocolService$ServerRequestStreamObserver.onNext(GrpcServerProtocolService.java:124)
	at org.apache.ratis.thirdparty.io.grpc.stub.ServerCalls$StreamingServerCallHandler$StreamingServerCallListener.onMessage(ServerCalls.java:262)
	at org.apache.ratis.thirdparty.io.grpc.ForwardingServerCallListener.onMessage(ForwardingServerCallListener.java:33)
	at org.apache.ratis.thirdparty.io.grpc.internal.ServerCallImpl$ServerStreamListenerImpl.messagesAvailableInternal(ServerCallImpl.java:332)
	at org.apache.ratis.thirdparty.io.grpc.internal.ServerCallImpl$ServerStreamListenerImpl.messagesAvailable(ServerCallImpl.java:315)
	at org.apache.ratis.thirdparty.io.grpc.internal.ServerImpl$JumpToApplicationThreadServerStreamListener$1MessagesAvailable.runInContext(ServerImpl.java:834)
	at org.apache.ratis.thirdparty.io.grpc.internal.ContextRunnable.run(ContextRunnable.java:37)
	at org.apache.ratis.thirdparty.io.grpc.internal.SerializingExecutor.run(SerializingExecutor.java:133)
	at java.base/java.util.concurrent.ThreadPoolExecutor.runWorker(ThreadPoolExecutor.java:1128)
	at java.base/java.util.concurrent.ThreadPoolExecutor$Worker.run(ThreadPoolExecutor.java:628)
	at java.base/java.lang.Thread.run(Thread.java:829)
Caused by: java.util.concurrent.RejectedExecutionException: Task java.util.concurrent.CompletableFuture$AsyncSupply@6b16d186 rejected from java.util.concurrent.ThreadPoolExecutor@3ad4e2b[Terminated, pool size = 0, active threads = 0, queued tasks = 0, completed tasks = 198]
	at java.base/java.util.concurrent.ThreadPoolExecutor$AbortPolicy.rejectedExecution(ThreadPoolExecutor.java:2055)
	at java.base/java.util.concurrent.ThreadPoolExecutor.reject(ThreadPoolExecutor.java:825)
	at java.base/java.util.concurrent.ThreadPoolExecutor.execute(ThreadPoolExecutor.java:1355)
	at java.base/java.util.concurrent.CompletableFuture.asyncSupplyStage(CompletableFuture.java:1714)
	at java.base/java.util.concurrent.CompletableFuture.supplyAsync(CompletableFuture.java:1931)
	at org.apache.ratis.server.impl.RaftServerImpl.executeSubmitServerRequestAsync(RaftServerImpl.java:812)
	at org.apache.ratis.server.impl.RaftServerProxy.lambda$appendEntriesAsync$27(RaftServerProxy.java:634)
	at java.base/java.util.concurrent.CompletableFuture.uniComposeStage(CompletableFuture.java:1106)
	... 15 more
2022-10-13 10:40:54,820 [grpc-default-executor-2] WARN  server.GrpcLogAppender (LogUtils.java:warn(124)) - s0@group-6905249F38B1->s1-AppendLogResponseHandler: Failed appendEntries
java.io.IOException: java.util.concurrent.RejectedExecutionException: Task java.util.concurrent.CompletableFuture$AsyncSupply@6b16d186 rejected from java.util.concurrent.ThreadPoolExecutor@3ad4e2b[Terminated, pool size = 0, active threads = 0, queued tasks = 0, completed tasks = 198]
	at org.apache.ratis.util.IOUtils.asIOException(IOUtils.java:56)
	at org.apache.ratis.grpc.GrpcUtil.tryUnwrapException(GrpcUtil.java:121)
	at org.apache.ratis.grpc.GrpcUtil.unwrapThrowable(GrpcUtil.java:82)
	at org.apache.ratis.grpc.GrpcUtil.warn(GrpcUtil.java:178)
	at org.apache.ratis.grpc.server.GrpcLogAppender$AppendLogResponseHandler.onError(GrpcLogAppender.java:405)
	at org.apache.ratis.thirdparty.io.grpc.stub.ClientCalls$StreamObserverToCallListenerAdapter.onClose(ClientCalls.java:487)
	at org.apache.ratis.thirdparty.io.grpc.internal.ClientCallImpl.closeObserver(ClientCallImpl.java:562)
	at org.apache.ratis.thirdparty.io.grpc.internal.ClientCallImpl.access$300(ClientCallImpl.java:70)
	at org.apache.ratis.thirdparty.io.grpc.internal.ClientCallImpl$ClientStreamListenerImpl$1StreamClosed.runInternal(ClientCallImpl.java:743)
	at org.apache.ratis.thirdparty.io.grpc.internal.ClientCallImpl$ClientStreamListenerImpl$1StreamClosed.runInContext(ClientCallImpl.java:722)
	at org.apache.ratis.thirdparty.io.grpc.internal.ContextRunnable.run(ContextRunnable.java:37)
	at org.apache.ratis.thirdparty.io.grpc.internal.SerializingExecutor.run(SerializingExecutor.java:133)
	at java.base/java.util.concurrent.ThreadPoolExecutor.runWorker(ThreadPoolExecutor.java:1128)
	at java.base/java.util.concurrent.ThreadPoolExecutor$Worker.run(ThreadPoolExecutor.java:628)
	at java.base/java.lang.Thread.run(Thread.java:829)
Caused by: java.util.concurrent.RejectedExecutionException: Task java.util.concurrent.CompletableFuture$AsyncSupply@6b16d186 rejected from java.util.concurrent.ThreadPoolExecutor@3ad4e2b[Terminated, pool size = 0, active threads = 0, queued tasks = 0, completed tasks = 198]
	at java.base/jdk.internal.reflect.NativeConstructorAccessorImpl.newInstance0(Native Method)
	at java.base/jdk.internal.reflect.NativeConstructorAccessorImpl.newInstance(NativeConstructorAccessorImpl.java:62)
	at java.base/jdk.internal.reflect.DelegatingConstructorAccessorImpl.newInstance(DelegatingConstructorAccessorImpl.java:45)
	at java.base/java.lang.reflect.Constructor.newInstance(Constructor.java:490)
	at org.apache.ratis.util.ReflectionUtils.instantiateException(ReflectionUtils.java:259)
	at org.apache.ratis.grpc.GrpcUtil.tryUnwrapException(GrpcUtil.java:120)
	... 13 more
Caused by: org.apache.ratis.thirdparty.io.grpc.StatusRuntimeException: INTERNAL: Task java.util.concurrent.CompletableFuture$AsyncSupply@6b16d186 rejected from java.util.concurrent.ThreadPoolExecutor@3ad4e2b[Terminated, pool size = 0, active threads = 0, queued tasks = 0, completed tasks = 198]
	at org.apache.ratis.thirdparty.io.grpc.Status.asRuntimeException(Status.java:535)
	... 10 more
	Suppressed: java.lang.IllegalStateException: Failed to cast to class java.io.IOException, object=java.util.concurrent.RejectedExecutionException: Task java.util.concurrent.CompletableFuture$AsyncSupply@6b16d186 rejected from java.util.concurrent.ThreadPoolExecutor@3ad4e2b[Terminated, pool size = 0, active threads = 0, queued tasks = 0, completed tasks = 198]
	at java.base/java.util.concurrent.ThreadPoolExecutor$AbortPolicy.rejectedExecution(ThreadPoolExecutor.java:2055)
	at java.base/java.util.concurrent.ThreadPoolExecutor.reject(ThreadPoolExecutor.java:825)
	at java.base/java.util.concurrent.ThreadPoolExecutor.execute(ThreadPoolExecutor.java:1355)
	at java.base/java.util.concurrent.CompletableFuture.asyncSupplyStage(CompletableFuture.java:1714)
	at java.base/java.util.concurrent.CompletableFuture.supplyAsync(CompletableFuture.java:1931)
	at org.apache.ratis.server.impl.RaftServerImpl.executeSubmitServerRequestAsync(RaftServerImpl.java:812)
	at org.apache.ratis.server.impl.RaftServerProxy.lambda$appendEntriesAsync$27(RaftServerProxy.java:634)
	at java.base/java.util.concurrent.CompletableFuture.uniComposeStage(CompletableFuture.java:1106)
	at java.base/java.util.concurrent.CompletableFuture.thenCompose(CompletableFuture.java:2235)
	at org.apache.ratis.server.impl.RaftServerProxy.appendEntriesAsync(RaftServerProxy.java:634)
	at org.apache.ratis.grpc.server.GrpcServerProtocolService$1.process(GrpcServerProtocolService.java:219)
	at org.apache.ratis.grpc.server.GrpcServerProtocolService$1.process(GrpcServerProtocolService.java:216)
	at org.apache.ratis.grpc.server.GrpcServerProtocolService$ServerRequestStreamObserver.onNext(GrpcServerProtocolService.java:124)
	at org.apache.ratis.thirdparty.io.grpc.stub.ServerCalls$StreamingServerCallHandler$StreamingServerCallListener.onMessage(ServerCalls.java:262)
	at org.apache.ratis.thirdparty.io.grpc.ForwardingServerCallListener.onMessage(ForwardingServerCallListener.java:33)
	at org.apache.ratis.thirdparty.io.grpc.internal.ServerCallImpl$ServerStreamListenerImpl.messagesAvailableInternal(ServerCallImpl.java:332)
	at org.apache.ratis.thirdparty.io.grpc.internal.ServerCallImpl$ServerStreamListenerImpl.messagesAvailable(ServerCallImpl.java:315)
	at org.apache.ratis.thirdparty.io.grpc.internal.ServerImpl$JumpToApplicationThreadServerStreamListener$1MessagesAvailable.runInContext(ServerImpl.java:834)
	at org.apache.ratis.thirdparty.io.grpc.internal.ContextRunnable.run(ContextRunnable.java:37)
	at org.apache.ratis.thirdparty.io.grpc.internal.SerializingExecutor.run(SerializingExecutor.java:133)
	at java.base/java.util.concurrent.ThreadPoolExecutor.runWorker(ThreadPoolExecutor.java:1128)
	at java.base/java.util.concurrent.ThreadPoolExecutor$Worker.run(ThreadPoolExecutor.java:628)
	at java.base/java.lang.Thread.run(Thread.java:829)

		at org.apache.ratis.util.IOUtils.readObject(IOUtils.java:237)
		at org.apache.ratis.util.IOUtils.bytes2Object(IOUtils.java:214)
		at org.apache.ratis.grpc.GrpcUtil.tryUnwrapException(GrpcUtil.java:109)
		at org.apache.ratis.grpc.GrpcUtil.unwrapThrowable(GrpcUtil.java:82)
		at org.apache.ratis.grpc.GrpcUtil.warn(GrpcUtil.java:178)
		at org.apache.ratis.grpc.server.GrpcLogAppender$AppendLogResponseHandler.onError(GrpcLogAppender.java:405)
		... 10 more
	Caused by: java.lang.ClassCastException: Cannot cast java.util.concurrent.RejectedExecutionException to java.io.IOException
		at java.base/java.lang.Class.cast(Class.java:3605)
		at org.apache.ratis.util.IOUtils.readObject(IOUtils.java:234)
		... 15 more
2022-10-13 10:40:54,821 [grpc-default-executor-2] INFO  leader.FollowerInfo (FollowerInfoImpl.java:lambda$new$0(48)) - s0@group-6905249F38B1->s1: nextIndex: updateUnconditionally 263 -> 259
2022-10-13 10:40:54,855 [grpc-default-executor-1] WARN  server.GrpcServerProtocolService (LogUtils.java:warn(124)) - s1: Failed APPEND_ENTRIES request s0->s1#228-t2,previous=(t:2, i:258),leaderCommit=262,initializing? true,entries: size=4, first=(t:2, i:259), CONFIGURATIONENTRY(current:id: "s0"
address: "localhost:46195"
dataStreamAddress: "localhost:39399"
clientAddress: "localhost:42765"
adminAddress: "localhost:44717"
startupRole: FOLLOWER
,id: "s1"
address: "0.0.0.0:46693"
clientAddress: "0.0.0.0:46693"
adminAddress: "0.0.0.0:46693"
startupRole: FOLLOWER
,id: "s2"
address: "0.0.0.0:36699"
clientAddress: "0.0.0.0:36699"
adminAddress: "0.0.0.0:36699"
startupRole: FOLLOWER
, old:id: "s0"
address: "localhost:46195"
dataStreamAddress: "localhost:39399"
clientAddress: "localhost:42765"
adminAddress: "localhost:44717"
startupRole: FOLLOWER
)
java.util.concurrent.CompletionException: java.util.concurrent.RejectedExecutionException: Task java.util.concurrent.CompletableFuture$AsyncSupply@55c5e2ec rejected from java.util.concurrent.ThreadPoolExecutor@3ad4e2b[Terminated, pool size = 0, active threads = 0, queued tasks = 0, completed tasks = 198]
	at java.base/java.util.concurrent.CompletableFuture.encodeThrowable(CompletableFuture.java:314)
	at java.base/java.util.concurrent.CompletableFuture.uniComposeStage(CompletableFuture.java:1113)
	at java.base/java.util.concurrent.CompletableFuture.thenCompose(CompletableFuture.java:2235)
	at org.apache.ratis.server.impl.RaftServerProxy.appendEntriesAsync(RaftServerProxy.java:634)
	at org.apache.ratis.grpc.server.GrpcServerProtocolService$1.process(GrpcServerProtocolService.java:219)
	at org.apache.ratis.grpc.server.GrpcServerProtocolService$1.process(GrpcServerProtocolService.java:216)
	at org.apache.ratis.grpc.server.GrpcServerProtocolService$ServerRequestStreamObserver.onNext(GrpcServerProtocolService.java:124)
	at org.apache.ratis.thirdparty.io.grpc.stub.ServerCalls$StreamingServerCallHandler$StreamingServerCallListener.onMessage(ServerCalls.java:262)
	at org.apache.ratis.thirdparty.io.grpc.ForwardingServerCallListener.onMessage(ForwardingServerCallListener.java:33)
	at org.apache.ratis.thirdparty.io.grpc.internal.ServerCallImpl$ServerStreamListenerImpl.messagesAvailableInternal(ServerCallImpl.java:332)
	at org.apache.ratis.thirdparty.io.grpc.internal.ServerCallImpl$ServerStreamListenerImpl.messagesAvailable(ServerCallImpl.java:315)
	at org.apache.ratis.thirdparty.io.grpc.internal.ServerImpl$JumpToApplicationThreadServerStreamListener$1MessagesAvailable.runInContext(ServerImpl.java:834)
	at org.apache.ratis.thirdparty.io.grpc.internal.ContextRunnable.run(ContextRunnable.java:37)
	at org.apache.ratis.thirdparty.io.grpc.internal.SerializingExecutor.run(SerializingExecutor.java:133)
	at java.base/java.util.concurrent.ThreadPoolExecutor.runWorker(ThreadPoolExecutor.java:1128)
	at java.base/java.util.concurrent.ThreadPoolExecutor$Worker.run(ThreadPoolExecutor.java:628)
	at java.base/java.lang.Thread.run(Thread.java:829)
Caused by: java.util.concurrent.RejectedExecutionException: Task java.util.concurrent.CompletableFuture$AsyncSupply@55c5e2ec rejected from java.util.concurrent.ThreadPoolExecutor@3ad4e2b[Terminated, pool size = 0, active threads = 0, queued tasks = 0, completed tasks = 198]
	at java.base/java.util.concurrent.ThreadPoolExecutor$AbortPolicy.rejectedExecution(ThreadPoolExecutor.java:2055)
	at java.base/java.util.concurrent.ThreadPoolExecutor.reject(ThreadPoolExecutor.java:825)
	at java.base/java.util.concurrent.ThreadPoolExecutor.execute(ThreadPoolExecutor.java:1355)
	at java.base/java.util.concurrent.CompletableFuture.asyncSupplyStage(CompletableFuture.java:1714)
	at java.base/java.util.concurrent.CompletableFuture.supplyAsync(CompletableFuture.java:1931)
	at org.apache.ratis.server.impl.RaftServerImpl.executeSubmitServerRequestAsync(RaftServerImpl.java:812)
	at org.apache.ratis.server.impl.RaftServerProxy.lambda$appendEntriesAsync$27(RaftServerProxy.java:634)
	at java.base/java.util.concurrent.CompletableFuture.uniComposeStage(CompletableFuture.java:1106)
	... 15 more
2022-10-13 10:40:54,858 [grpc-default-executor-2] WARN  server.GrpcLogAppender (LogUtils.java:warn(124)) - s0@group-6905249F38B1->s1-AppendLogResponseHandler: Failed appendEntries
java.io.IOException: java.util.concurrent.RejectedExecutionException: Task java.util.concurrent.CompletableFuture$AsyncSupply@55c5e2ec rejected from java.util.concurrent.ThreadPoolExecutor@3ad4e2b[Terminated, pool size = 0, active threads = 0, queued tasks = 0, completed tasks = 198]
	at org.apache.ratis.util.IOUtils.asIOException(IOUtils.java:56)
	at org.apache.ratis.grpc.GrpcUtil.tryUnwrapException(GrpcUtil.java:121)
	at org.apache.ratis.grpc.GrpcUtil.unwrapThrowable(GrpcUtil.java:82)
	at org.apache.ratis.grpc.GrpcUtil.warn(GrpcUtil.java:178)
	at org.apache.ratis.grpc.server.GrpcLogAppender$AppendLogResponseHandler.onError(GrpcLogAppender.java:405)
	at org.apache.ratis.thirdparty.io.grpc.stub.ClientCalls$StreamObserverToCallListenerAdapter.onClose(ClientCalls.java:487)
	at org.apache.ratis.thirdparty.io.grpc.internal.ClientCallImpl.closeObserver(ClientCallImpl.java:562)
	at org.apache.ratis.thirdparty.io.grpc.internal.ClientCallImpl.access$300(ClientCallImpl.java:70)
	at org.apache.ratis.thirdparty.io.grpc.internal.ClientCallImpl$ClientStreamListenerImpl$1StreamClosed.runInternal(ClientCallImpl.java:743)
	at org.apache.ratis.thirdparty.io.grpc.internal.ClientCallImpl$ClientStreamListenerImpl$1StreamClosed.runInContext(ClientCallImpl.java:722)
	at org.apache.ratis.thirdparty.io.grpc.internal.ContextRunnable.run(ContextRunnable.java:37)
	at org.apache.ratis.thirdparty.io.grpc.internal.SerializingExecutor.run(SerializingExecutor.java:133)
	at java.base/java.util.concurrent.ThreadPoolExecutor.runWorker(ThreadPoolExecutor.java:1128)
	at java.base/java.util.concurrent.ThreadPoolExecutor$Worker.run(ThreadPoolExecutor.java:628)
	at java.base/java.lang.Thread.run(Thread.java:829)
Caused by: java.util.concurrent.RejectedExecutionException: Task java.util.concurrent.CompletableFuture$AsyncSupply@55c5e2ec rejected from java.util.concurrent.ThreadPoolExecutor@3ad4e2b[Terminated, pool size = 0, active threads = 0, queued tasks = 0, completed tasks = 198]
	at java.base/jdk.internal.reflect.NativeConstructorAccessorImpl.newInstance0(Native Method)
	at java.base/jdk.internal.reflect.NativeConstructorAccessorImpl.newInstance(NativeConstructorAccessorImpl.java:62)
	at java.base/jdk.internal.reflect.DelegatingConstructorAccessorImpl.newInstance(DelegatingConstructorAccessorImpl.java:45)
	at java.base/java.lang.reflect.Constructor.newInstance(Constructor.java:490)
	at org.apache.ratis.util.ReflectionUtils.instantiateException(ReflectionUtils.java:259)
	at org.apache.ratis.grpc.GrpcUtil.tryUnwrapException(GrpcUtil.java:120)
	... 13 more
Caused by: org.apache.ratis.thirdparty.io.grpc.StatusRuntimeException: INTERNAL: Task java.util.concurrent.CompletableFuture$AsyncSupply@55c5e2ec rejected from java.util.concurrent.ThreadPoolExecutor@3ad4e2b[Terminated, pool size = 0, active threads = 0, queued tasks = 0, completed tasks = 198]
	at org.apache.ratis.thirdparty.io.grpc.Status.asRuntimeException(Status.java:535)
	... 10 more
	Suppressed: java.lang.IllegalStateException: Failed to cast to class java.io.IOException, object=java.util.concurrent.RejectedExecutionException: Task java.util.concurrent.CompletableFuture$AsyncSupply@55c5e2ec rejected from java.util.concurrent.ThreadPoolExecutor@3ad4e2b[Terminated, pool size = 0, active threads = 0, queued tasks = 0, completed tasks = 198]
	at java.base/java.util.concurrent.ThreadPoolExecutor$AbortPolicy.rejectedExecution(ThreadPoolExecutor.java:2055)
	at java.base/java.util.concurrent.ThreadPoolExecutor.reject(ThreadPoolExecutor.java:825)
	at java.base/java.util.concurrent.ThreadPoolExecutor.execute(ThreadPoolExecutor.java:1355)
	at java.base/java.util.concurrent.CompletableFuture.asyncSupplyStage(CompletableFuture.java:1714)
	at java.base/java.util.concurrent.CompletableFuture.supplyAsync(CompletableFuture.java:1931)
	at org.apache.ratis.server.impl.RaftServerImpl.executeSubmitServerRequestAsync(RaftServerImpl.java:812)
	at org.apache.ratis.server.impl.RaftServerProxy.lambda$appendEntriesAsync$27(RaftServerProxy.java:634)
	at java.base/java.util.concurrent.CompletableFuture.uniComposeStage(CompletableFuture.java:1106)
	at java.base/java.util.concurrent.CompletableFuture.thenCompose(CompletableFuture.java:2235)
	at org.apache.ratis.server.impl.RaftServerProxy.appendEntriesAsync(RaftServerProxy.java:634)
	at org.apache.ratis.grpc.server.GrpcServerProtocolService$1.process(GrpcServerProtocolService.java:219)
	at org.apache.ratis.grpc.server.GrpcServerProtocolService$1.process(GrpcServerProtocolService.java:216)
	at org.apache.ratis.grpc.server.GrpcServerProtocolService$ServerRequestStreamObserver.onNext(GrpcServerProtocolService.java:124)
	at org.apache.ratis.thirdparty.io.grpc.stub.ServerCalls$StreamingServerCallHandler$StreamingServerCallListener.onMessage(ServerCalls.java:262)
	at org.apache.ratis.thirdparty.io.grpc.ForwardingServerCallListener.onMessage(ForwardingServerCallListener.java:33)
	at org.apache.ratis.thirdparty.io.grpc.internal.ServerCallImpl$ServerStreamListenerImpl.messagesAvailableInternal(ServerCallImpl.java:332)
	at org.apache.ratis.thirdparty.io.grpc.internal.ServerCallImpl$ServerStreamListenerImpl.messagesAvailable(ServerCallImpl.java:315)
	at org.apache.ratis.thirdparty.io.grpc.internal.ServerImpl$JumpToApplicationThreadServerStreamListener$1MessagesAvailable.runInContext(ServerImpl.java:834)
	at org.apache.ratis.thirdparty.io.grpc.internal.ContextRunnable.run(ContextRunnable.java:37)
	at org.apache.ratis.thirdparty.io.grpc.internal.SerializingExecutor.run(SerializingExecutor.java:133)
	at java.base/java.util.concurrent.ThreadPoolExecutor.runWorker(ThreadPoolExecutor.java:1128)
	at java.base/java.util.concurrent.ThreadPoolExecutor$Worker.run(ThreadPoolExecutor.java:628)
	at java.base/java.lang.Thread.run(Thread.java:829)

		at org.apache.ratis.util.IOUtils.readObject(IOUtils.java:237)
		at org.apache.ratis.util.IOUtils.bytes2Object(IOUtils.java:214)
		at org.apache.ratis.grpc.GrpcUtil.tryUnwrapException(GrpcUtil.java:109)
		at org.apache.ratis.grpc.GrpcUtil.unwrapThrowable(GrpcUtil.java:82)
		at org.apache.ratis.grpc.GrpcUtil.warn(GrpcUtil.java:178)
		at org.apache.ratis.grpc.server.GrpcLogAppender$AppendLogResponseHandler.onError(GrpcLogAppender.java:405)
		... 10 more
	Caused by: java.lang.ClassCastException: Cannot cast java.util.concurrent.RejectedExecutionException to java.io.IOException
		at java.base/java.lang.Class.cast(Class.java:3605)
		at org.apache.ratis.util.IOUtils.readObject(IOUtils.java:234)
		... 15 more
2022-10-13 10:40:54,859 [grpc-default-executor-2] INFO  leader.FollowerInfo (FollowerInfoImpl.java:lambda$new$0(48)) - s0@group-6905249F38B1->s1: nextIndex: updateUnconditionally 263 -> 259
2022-10-13 10:40:54,893 [grpc-default-executor-3] WARN  server.GrpcServerProtocolService (LogUtils.java:warn(124)) - s1: Failed APPEND_ENTRIES request s0->s1#230-t2,previous=(t:2, i:258),leaderCommit=262,initializing? true,entries: size=4, first=(t:2, i:259), CONFIGURATIONENTRY(current:id: "s0"
address: "localhost:46195"
dataStreamAddress: "localhost:39399"
clientAddress: "localhost:42765"
adminAddress: "localhost:44717"
startupRole: FOLLOWER
,id: "s1"
address: "0.0.0.0:46693"
clientAddress: "0.0.0.0:46693"
adminAddress: "0.0.0.0:46693"
startupRole: FOLLOWER
,id: "s2"
address: "0.0.0.0:36699"
clientAddress: "0.0.0.0:36699"
adminAddress: "0.0.0.0:36699"
startupRole: FOLLOWER
, old:id: "s0"
address: "localhost:46195"
dataStreamAddress: "localhost:39399"
clientAddress: "localhost:42765"
adminAddress: "localhost:44717"
startupRole: FOLLOWER
)
java.util.concurrent.CompletionException: java.util.concurrent.RejectedExecutionException: Task java.util.concurrent.CompletableFuture$AsyncSupply@462d0d93 rejected from java.util.concurrent.ThreadPoolExecutor@3ad4e2b[Terminated, pool size = 0, active threads = 0, queued tasks = 0, completed tasks = 198]
	at java.base/java.util.concurrent.CompletableFuture.encodeThrowable(CompletableFuture.java:314)
	at java.base/java.util.concurrent.CompletableFuture.uniComposeStage(CompletableFuture.java:1113)
	at java.base/java.util.concurrent.CompletableFuture.thenCompose(CompletableFuture.java:2235)
	at org.apache.ratis.server.impl.RaftServerProxy.appendEntriesAsync(RaftServerProxy.java:634)
	at org.apache.ratis.grpc.server.GrpcServerProtocolService$1.process(GrpcServerProtocolService.java:219)
	at org.apache.ratis.grpc.server.GrpcServerProtocolService$1.process(GrpcServerProtocolService.java:216)
	at org.apache.ratis.grpc.server.GrpcServerProtocolService$ServerRequestStreamObserver.onNext(GrpcServerProtocolService.java:124)
	at org.apache.ratis.thirdparty.io.grpc.stub.ServerCalls$StreamingServerCallHandler$StreamingServerCallListener.onMessage(ServerCalls.java:262)
	at org.apache.ratis.thirdparty.io.grpc.ForwardingServerCallListener.onMessage(ForwardingServerCallListener.java:33)
	at org.apache.ratis.thirdparty.io.grpc.internal.ServerCallImpl$ServerStreamListenerImpl.messagesAvailableInternal(ServerCallImpl.java:332)
	at org.apache.ratis.thirdparty.io.grpc.internal.ServerCallImpl$ServerStreamListenerImpl.messagesAvailable(ServerCallImpl.java:315)
	at org.apache.ratis.thirdparty.io.grpc.internal.ServerImpl$JumpToApplicationThreadServerStreamListener$1MessagesAvailable.runInContext(ServerImpl.java:834)
	at org.apache.ratis.thirdparty.io.grpc.internal.ContextRunnable.run(ContextRunnable.java:37)
	at org.apache.ratis.thirdparty.io.grpc.internal.SerializingExecutor.run(SerializingExecutor.java:133)
	at java.base/java.util.concurrent.ThreadPoolExecutor.runWorker(ThreadPoolExecutor.java:1128)
	at java.base/java.util.concurrent.ThreadPoolExecutor$Worker.run(ThreadPoolExecutor.java:628)
	at java.base/java.lang.Thread.run(Thread.java:829)
Caused by: java.util.concurrent.RejectedExecutionException: Task java.util.concurrent.CompletableFuture$AsyncSupply@462d0d93 rejected from java.util.concurrent.ThreadPoolExecutor@3ad4e2b[Terminated, pool size = 0, active threads = 0, queued tasks = 0, completed tasks = 198]
	at java.base/java.util.concurrent.ThreadPoolExecutor$AbortPolicy.rejectedExecution(ThreadPoolExecutor.java:2055)
	at java.base/java.util.concurrent.ThreadPoolExecutor.reject(ThreadPoolExecutor.java:825)
	at java.base/java.util.concurrent.ThreadPoolExecutor.execute(ThreadPoolExecutor.java:1355)
	at java.base/java.util.concurrent.CompletableFuture.asyncSupplyStage(CompletableFuture.java:1714)
	at java.base/java.util.concurrent.CompletableFuture.supplyAsync(CompletableFuture.java:1931)
	at org.apache.ratis.server.impl.RaftServerImpl.executeSubmitServerRequestAsync(RaftServerImpl.java:812)
	at org.apache.ratis.server.impl.RaftServerProxy.lambda$appendEntriesAsync$27(RaftServerProxy.java:634)
	at java.base/java.util.concurrent.CompletableFuture.uniComposeStage(CompletableFuture.java:1106)
	... 15 more
2022-10-13 10:40:54,896 [grpc-default-executor-2] WARN  server.GrpcLogAppender (LogUtils.java:warn(124)) - s0@group-6905249F38B1->s1-AppendLogResponseHandler: Failed appendEntries
java.io.IOException: java.util.concurrent.RejectedExecutionException: Task java.util.concurrent.CompletableFuture$AsyncSupply@462d0d93 rejected from java.util.concurrent.ThreadPoolExecutor@3ad4e2b[Terminated, pool size = 0, active threads = 0, queued tasks = 0, completed tasks = 198]
	at org.apache.ratis.util.IOUtils.asIOException(IOUtils.java:56)
	at org.apache.ratis.grpc.GrpcUtil.tryUnwrapException(GrpcUtil.java:121)
	at org.apache.ratis.grpc.GrpcUtil.unwrapThrowable(GrpcUtil.java:82)
	at org.apache.ratis.grpc.GrpcUtil.warn(GrpcUtil.java:178)
	at org.apache.ratis.grpc.server.GrpcLogAppender$AppendLogResponseHandler.onError(GrpcLogAppender.java:405)
	at org.apache.ratis.thirdparty.io.grpc.stub.ClientCalls$StreamObserverToCallListenerAdapter.onClose(ClientCalls.java:487)
	at org.apache.ratis.thirdparty.io.grpc.internal.ClientCallImpl.closeObserver(ClientCallImpl.java:562)
	at org.apache.ratis.thirdparty.io.grpc.internal.ClientCallImpl.access$300(ClientCallImpl.java:70)
	at org.apache.ratis.thirdparty.io.grpc.internal.ClientCallImpl$ClientStreamListenerImpl$1StreamClosed.runInternal(ClientCallImpl.java:743)
	at org.apache.ratis.thirdparty.io.grpc.internal.ClientCallImpl$ClientStreamListenerImpl$1StreamClosed.runInContext(ClientCallImpl.java:722)
	at org.apache.ratis.thirdparty.io.grpc.internal.ContextRunnable.run(ContextRunnable.java:37)
	at org.apache.ratis.thirdparty.io.grpc.internal.SerializingExecutor.run(SerializingExecutor.java:133)
	at java.base/java.util.concurrent.ThreadPoolExecutor.runWorker(ThreadPoolExecutor.java:1128)
	at java.base/java.util.concurrent.ThreadPoolExecutor$Worker.run(ThreadPoolExecutor.java:628)
	at java.base/java.lang.Thread.run(Thread.java:829)
Caused by: java.util.concurrent.RejectedExecutionException: Task java.util.concurrent.CompletableFuture$AsyncSupply@462d0d93 rejected from java.util.concurrent.ThreadPoolExecutor@3ad4e2b[Terminated, pool size = 0, active threads = 0, queued tasks = 0, completed tasks = 198]
	at java.base/jdk.internal.reflect.NativeConstructorAccessorImpl.newInstance0(Native Method)
	at java.base/jdk.internal.reflect.NativeConstructorAccessorImpl.newInstance(NativeConstructorAccessorImpl.java:62)
	at java.base/jdk.internal.reflect.DelegatingConstructorAccessorImpl.newInstance(DelegatingConstructorAccessorImpl.java:45)
	at java.base/java.lang.reflect.Constructor.newInstance(Constructor.java:490)
	at org.apache.ratis.util.ReflectionUtils.instantiateException(ReflectionUtils.java:259)
	at org.apache.ratis.grpc.GrpcUtil.tryUnwrapException(GrpcUtil.java:120)
	... 13 more
Caused by: org.apache.ratis.thirdparty.io.grpc.StatusRuntimeException: INTERNAL: Task java.util.concurrent.CompletableFuture$AsyncSupply@462d0d93 rejected from java.util.concurrent.ThreadPoolExecutor@3ad4e2b[Terminated, pool size = 0, active threads = 0, queued tasks = 0, completed tasks = 198]
	at org.apache.ratis.thirdparty.io.grpc.Status.asRuntimeException(Status.java:535)
	... 10 more
	Suppressed: java.lang.IllegalStateException: Failed to cast to class java.io.IOException, object=java.util.concurrent.RejectedExecutionException: Task java.util.concurrent.CompletableFuture$AsyncSupply@462d0d93 rejected from java.util.concurrent.ThreadPoolExecutor@3ad4e2b[Terminated, pool size = 0, active threads = 0, queued tasks = 0, completed tasks = 198]
	at java.base/java.util.concurrent.ThreadPoolExecutor$AbortPolicy.rejectedExecution(ThreadPoolExecutor.java:2055)
	at java.base/java.util.concurrent.ThreadPoolExecutor.reject(ThreadPoolExecutor.java:825)
	at java.base/java.util.concurrent.ThreadPoolExecutor.execute(ThreadPoolExecutor.java:1355)
	at java.base/java.util.concurrent.CompletableFuture.asyncSupplyStage(CompletableFuture.java:1714)
	at java.base/java.util.concurrent.CompletableFuture.supplyAsync(CompletableFuture.java:1931)
	at org.apache.ratis.server.impl.RaftServerImpl.executeSubmitServerRequestAsync(RaftServerImpl.java:812)
	at org.apache.ratis.server.impl.RaftServerProxy.lambda$appendEntriesAsync$27(RaftServerProxy.java:634)
	at java.base/java.util.concurrent.CompletableFuture.uniComposeStage(CompletableFuture.java:1106)
	at java.base/java.util.concurrent.CompletableFuture.thenCompose(CompletableFuture.java:2235)
	at org.apache.ratis.server.impl.RaftServerProxy.appendEntriesAsync(RaftServerProxy.java:634)
	at org.apache.ratis.grpc.server.GrpcServerProtocolService$1.process(GrpcServerProtocolService.java:219)
	at org.apache.ratis.grpc.server.GrpcServerProtocolService$1.process(GrpcServerProtocolService.java:216)
	at org.apache.ratis.grpc.server.GrpcServerProtocolService$ServerRequestStreamObserver.onNext(GrpcServerProtocolService.java:124)
	at org.apache.ratis.thirdparty.io.grpc.stub.ServerCalls$StreamingServerCallHandler$StreamingServerCallListener.onMessage(ServerCalls.java:262)
	at org.apache.ratis.thirdparty.io.grpc.ForwardingServerCallListener.onMessage(ForwardingServerCallListener.java:33)
	at org.apache.ratis.thirdparty.io.grpc.internal.ServerCallImpl$ServerStreamListenerImpl.messagesAvailableInternal(ServerCallImpl.java:332)
	at org.apache.ratis.thirdparty.io.grpc.internal.ServerCallImpl$ServerStreamListenerImpl.messagesAvailable(ServerCallImpl.java:315)
	at org.apache.ratis.thirdparty.io.grpc.internal.ServerImpl$JumpToApplicationThreadServerStreamListener$1MessagesAvailable.runInContext(ServerImpl.java:834)
	at org.apache.ratis.thirdparty.io.grpc.internal.ContextRunnable.run(ContextRunnable.java:37)
	at org.apache.ratis.thirdparty.io.grpc.internal.SerializingExecutor.run(SerializingExecutor.java:133)
	at java.base/java.util.concurrent.ThreadPoolExecutor.runWorker(ThreadPoolExecutor.java:1128)
	at java.base/java.util.concurrent.ThreadPoolExecutor$Worker.run(ThreadPoolExecutor.java:628)
	at java.base/java.lang.Thread.run(Thread.java:829)

		at org.apache.ratis.util.IOUtils.readObject(IOUtils.java:237)
		at org.apache.ratis.util.IOUtils.bytes2Object(IOUtils.java:214)
		at org.apache.ratis.grpc.GrpcUtil.tryUnwrapException(GrpcUtil.java:109)
		at org.apache.ratis.grpc.GrpcUtil.unwrapThrowable(GrpcUtil.java:82)
		at org.apache.ratis.grpc.GrpcUtil.warn(GrpcUtil.java:178)
		at org.apache.ratis.grpc.server.GrpcLogAppender$AppendLogResponseHandler.onError(GrpcLogAppender.java:405)
		... 10 more
	Caused by: java.lang.ClassCastException: Cannot cast java.util.concurrent.RejectedExecutionException to java.io.IOException
		at java.base/java.lang.Class.cast(Class.java:3605)
		at org.apache.ratis.util.IOUtils.readObject(IOUtils.java:234)
		... 15 more
2022-10-13 10:40:54,896 [grpc-default-executor-2] INFO  leader.FollowerInfo (FollowerInfoImpl.java:lambda$new$0(48)) - s0@group-6905249F38B1->s1: nextIndex: updateUnconditionally 263 -> 259
2022-10-13 10:40:54,931 [grpc-default-executor-1] WARN  server.GrpcServerProtocolService (LogUtils.java:warn(124)) - s1: Failed APPEND_ENTRIES request s0->s1#232-t2,previous=(t:2, i:258),leaderCommit=262,initializing? true,entries: size=4, first=(t:2, i:259), CONFIGURATIONENTRY(current:id: "s0"
address: "localhost:46195"
dataStreamAddress: "localhost:39399"
clientAddress: "localhost:42765"
adminAddress: "localhost:44717"
startupRole: FOLLOWER
,id: "s1"
address: "0.0.0.0:46693"
clientAddress: "0.0.0.0:46693"
adminAddress: "0.0.0.0:46693"
startupRole: FOLLOWER
,id: "s2"
address: "0.0.0.0:36699"
clientAddress: "0.0.0.0:36699"
adminAddress: "0.0.0.0:36699"
startupRole: FOLLOWER
, old:id: "s0"
address: "localhost:46195"
dataStreamAddress: "localhost:39399"
clientAddress: "localhost:42765"
adminAddress: "localhost:44717"
startupRole: FOLLOWER
)
java.util.concurrent.CompletionException: java.util.concurrent.RejectedExecutionException: Task java.util.concurrent.CompletableFuture$AsyncSupply@4a9a97b rejected from java.util.concurrent.ThreadPoolExecutor@3ad4e2b[Terminated, pool size = 0, active threads = 0, queued tasks = 0, completed tasks = 198]
	at java.base/java.util.concurrent.CompletableFuture.encodeThrowable(CompletableFuture.java:314)
	at java.base/java.util.concurrent.CompletableFuture.uniComposeStage(CompletableFuture.java:1113)
	at java.base/java.util.concurrent.CompletableFuture.thenCompose(CompletableFuture.java:2235)
	at org.apache.ratis.server.impl.RaftServerProxy.appendEntriesAsync(RaftServerProxy.java:634)
	at org.apache.ratis.grpc.server.GrpcServerProtocolService$1.process(GrpcServerProtocolService.java:219)
	at org.apache.ratis.grpc.server.GrpcServerProtocolService$1.process(GrpcServerProtocolService.java:216)
	at org.apache.ratis.grpc.server.GrpcServerProtocolService$ServerRequestStreamObserver.onNext(GrpcServerProtocolService.java:124)
	at org.apache.ratis.thirdparty.io.grpc.stub.ServerCalls$StreamingServerCallHandler$StreamingServerCallListener.onMessage(ServerCalls.java:262)
	at org.apache.ratis.thirdparty.io.grpc.ForwardingServerCallListener.onMessage(ForwardingServerCallListener.java:33)
	at org.apache.ratis.thirdparty.io.grpc.internal.ServerCallImpl$ServerStreamListenerImpl.messagesAvailableInternal(ServerCallImpl.java:332)
	at org.apache.ratis.thirdparty.io.grpc.internal.ServerCallImpl$ServerStreamListenerImpl.messagesAvailable(ServerCallImpl.java:315)
	at org.apache.ratis.thirdparty.io.grpc.internal.ServerImpl$JumpToApplicationThreadServerStreamListener$1MessagesAvailable.runInContext(ServerImpl.java:834)
	at org.apache.ratis.thirdparty.io.grpc.internal.ContextRunnable.run(ContextRunnable.java:37)
	at org.apache.ratis.thirdparty.io.grpc.internal.SerializingExecutor.run(SerializingExecutor.java:133)
	at java.base/java.util.concurrent.ThreadPoolExecutor.runWorker(ThreadPoolExecutor.java:1128)
	at java.base/java.util.concurrent.ThreadPoolExecutor$Worker.run(ThreadPoolExecutor.java:628)
	at java.base/java.lang.Thread.run(Thread.java:829)
Caused by: java.util.concurrent.RejectedExecutionException: Task java.util.concurrent.CompletableFuture$AsyncSupply@4a9a97b rejected from java.util.concurrent.ThreadPoolExecutor@3ad4e2b[Terminated, pool size = 0, active threads = 0, queued tasks = 0, completed tasks = 198]
	at java.base/java.util.concurrent.ThreadPoolExecutor$AbortPolicy.rejectedExecution(ThreadPoolExecutor.java:2055)
	at java.base/java.util.concurrent.ThreadPoolExecutor.reject(ThreadPoolExecutor.java:825)
	at java.base/java.util.concurrent.ThreadPoolExecutor.execute(ThreadPoolExecutor.java:1355)
	at java.base/java.util.concurrent.CompletableFuture.asyncSupplyStage(CompletableFuture.java:1714)
	at java.base/java.util.concurrent.CompletableFuture.supplyAsync(CompletableFuture.java:1931)
	at org.apache.ratis.server.impl.RaftServerImpl.executeSubmitServerRequestAsync(RaftServerImpl.java:812)
	at org.apache.ratis.server.impl.RaftServerProxy.lambda$appendEntriesAsync$27(RaftServerProxy.java:634)
	at java.base/java.util.concurrent.CompletableFuture.uniComposeStage(CompletableFuture.java:1106)
	... 15 more
2022-10-13 10:40:54,937 [grpc-default-executor-1] WARN  server.GrpcLogAppender (LogUtils.java:warn(124)) - s0@group-6905249F38B1->s1-AppendLogResponseHandler: Failed appendEntries
java.io.IOException: java.util.concurrent.RejectedExecutionException: Task java.util.concurrent.CompletableFuture$AsyncSupply@4a9a97b rejected from java.util.concurrent.ThreadPoolExecutor@3ad4e2b[Terminated, pool size = 0, active threads = 0, queued tasks = 0, completed tasks = 198]
	at org.apache.ratis.util.IOUtils.asIOException(IOUtils.java:56)
	at org.apache.ratis.grpc.GrpcUtil.tryUnwrapException(GrpcUtil.java:121)
	at org.apache.ratis.grpc.GrpcUtil.unwrapThrowable(GrpcUtil.java:82)
	at org.apache.ratis.grpc.GrpcUtil.warn(GrpcUtil.java:178)
	at org.apache.ratis.grpc.server.GrpcLogAppender$AppendLogResponseHandler.onError(GrpcLogAppender.java:405)
	at org.apache.ratis.thirdparty.io.grpc.stub.ClientCalls$StreamObserverToCallListenerAdapter.onClose(ClientCalls.java:487)
	at org.apache.ratis.thirdparty.io.grpc.internal.ClientCallImpl.closeObserver(ClientCallImpl.java:562)
	at org.apache.ratis.thirdparty.io.grpc.internal.ClientCallImpl.access$300(ClientCallImpl.java:70)
	at org.apache.ratis.thirdparty.io.grpc.internal.ClientCallImpl$ClientStreamListenerImpl$1StreamClosed.runInternal(ClientCallImpl.java:743)
	at org.apache.ratis.thirdparty.io.grpc.internal.ClientCallImpl$ClientStreamListenerImpl$1StreamClosed.runInContext(ClientCallImpl.java:722)
	at org.apache.ratis.thirdparty.io.grpc.internal.ContextRunnable.run(ContextRunnable.java:37)
	at org.apache.ratis.thirdparty.io.grpc.internal.SerializingExecutor.run(SerializingExecutor.java:133)
	at java.base/java.util.concurrent.ThreadPoolExecutor.runWorker(ThreadPoolExecutor.java:1128)
	at java.base/java.util.concurrent.ThreadPoolExecutor$Worker.run(ThreadPoolExecutor.java:628)
	at java.base/java.lang.Thread.run(Thread.java:829)
Caused by: java.util.concurrent.RejectedExecutionException: Task java.util.concurrent.CompletableFuture$AsyncSupply@4a9a97b rejected from java.util.concurrent.ThreadPoolExecutor@3ad4e2b[Terminated, pool size = 0, active threads = 0, queued tasks = 0, completed tasks = 198]
	at java.base/jdk.internal.reflect.NativeConstructorAccessorImpl.newInstance0(Native Method)
	at java.base/jdk.internal.reflect.NativeConstructorAccessorImpl.newInstance(NativeConstructorAccessorImpl.java:62)
	at java.base/jdk.internal.reflect.DelegatingConstructorAccessorImpl.newInstance(DelegatingConstructorAccessorImpl.java:45)
	at java.base/java.lang.reflect.Constructor.newInstance(Constructor.java:490)
	at org.apache.ratis.util.ReflectionUtils.instantiateException(ReflectionUtils.java:259)
	at org.apache.ratis.grpc.GrpcUtil.tryUnwrapException(GrpcUtil.java:120)
	... 13 more
Caused by: org.apache.ratis.thirdparty.io.grpc.StatusRuntimeException: INTERNAL: Task java.util.concurrent.CompletableFuture$AsyncSupply@4a9a97b rejected from java.util.concurrent.ThreadPoolExecutor@3ad4e2b[Terminated, pool size = 0, active threads = 0, queued tasks = 0, completed tasks = 198]
	at org.apache.ratis.thirdparty.io.grpc.Status.asRuntimeException(Status.java:535)
	... 10 more
	Suppressed: java.lang.IllegalStateException: Failed to cast to class java.io.IOException, object=java.util.concurrent.RejectedExecutionException: Task java.util.concurrent.CompletableFuture$AsyncSupply@4a9a97b rejected from java.util.concurrent.ThreadPoolExecutor@3ad4e2b[Terminated, pool size = 0, active threads = 0, queued tasks = 0, completed tasks = 198]
	at java.base/java.util.concurrent.ThreadPoolExecutor$AbortPolicy.rejectedExecution(ThreadPoolExecutor.java:2055)
	at java.base/java.util.concurrent.ThreadPoolExecutor.reject(ThreadPoolExecutor.java:825)
	at java.base/java.util.concurrent.ThreadPoolExecutor.execute(ThreadPoolExecutor.java:1355)
	at java.base/java.util.concurrent.CompletableFuture.asyncSupplyStage(CompletableFuture.java:1714)
	at java.base/java.util.concurrent.CompletableFuture.supplyAsync(CompletableFuture.java:1931)
	at org.apache.ratis.server.impl.RaftServerImpl.executeSubmitServerRequestAsync(RaftServerImpl.java:812)
	at org.apache.ratis.server.impl.RaftServerProxy.lambda$appendEntriesAsync$27(RaftServerProxy.java:634)
	at java.base/java.util.concurrent.CompletableFuture.uniComposeStage(CompletableFuture.java:1106)
	at java.base/java.util.concurrent.CompletableFuture.thenCompose(CompletableFuture.java:2235)
	at org.apache.ratis.server.impl.RaftServerProxy.appendEntriesAsync(RaftServerProxy.java:634)
	at org.apache.ratis.grpc.server.GrpcServerProtocolService$1.process(GrpcServerProtocolService.java:219)
	at org.apache.ratis.grpc.server.GrpcServerProtocolService$1.process(GrpcServerProtocolService.java:216)
	at org.apache.ratis.grpc.server.GrpcServerProtocolService$ServerRequestStreamObserver.onNext(GrpcServerProtocolService.java:124)
	at org.apache.ratis.thirdparty.io.grpc.stub.ServerCalls$StreamingServerCallHandler$StreamingServerCallListener.onMessage(ServerCalls.java:262)
	at org.apache.ratis.thirdparty.io.grpc.ForwardingServerCallListener.onMessage(ForwardingServerCallListener.java:33)
	at org.apache.ratis.thirdparty.io.grpc.internal.ServerCallImpl$ServerStreamListenerImpl.messagesAvailableInternal(ServerCallImpl.java:332)
	at org.apache.ratis.thirdparty.io.grpc.internal.ServerCallImpl$ServerStreamListenerImpl.messagesAvailable(ServerCallImpl.java:315)
	at org.apache.ratis.thirdparty.io.grpc.internal.ServerImpl$JumpToApplicationThreadServerStreamListener$1MessagesAvailable.runInContext(ServerImpl.java:834)
	at org.apache.ratis.thirdparty.io.grpc.internal.ContextRunnable.run(ContextRunnable.java:37)
	at org.apache.ratis.thirdparty.io.grpc.internal.SerializingExecutor.run(SerializingExecutor.java:133)
	at java.base/java.util.concurrent.ThreadPoolExecutor.runWorker(ThreadPoolExecutor.java:1128)
	at java.base/java.util.concurrent.ThreadPoolExecutor$Worker.run(ThreadPoolExecutor.java:628)
	at java.base/java.lang.Thread.run(Thread.java:829)

		at org.apache.ratis.util.IOUtils.readObject(IOUtils.java:237)
		at org.apache.ratis.util.IOUtils.bytes2Object(IOUtils.java:214)
		at org.apache.ratis.grpc.GrpcUtil.tryUnwrapException(GrpcUtil.java:109)
		at org.apache.ratis.grpc.GrpcUtil.unwrapThrowable(GrpcUtil.java:82)
		at org.apache.ratis.grpc.GrpcUtil.warn(GrpcUtil.java:178)
		at org.apache.ratis.grpc.server.GrpcLogAppender$AppendLogResponseHandler.onError(GrpcLogAppender.java:405)
		... 10 more
	Caused by: java.lang.ClassCastException: Cannot cast java.util.concurrent.RejectedExecutionException to java.io.IOException
		at java.base/java.lang.Class.cast(Class.java:3605)
		at org.apache.ratis.util.IOUtils.readObject(IOUtils.java:234)
		... 15 more
2022-10-13 10:40:54,937 [grpc-default-executor-1] INFO  leader.FollowerInfo (FollowerInfoImpl.java:lambda$new$0(48)) - s0@group-6905249F38B1->s1: nextIndex: updateUnconditionally 263 -> 259
2022-10-13 10:40:54,968 [grpc-default-executor-1] WARN  server.GrpcServerProtocolService (LogUtils.java:warn(124)) - s1: Failed APPEND_ENTRIES request s0->s1#234-t2,previous=(t:2, i:258),leaderCommit=262,initializing? true,entries: size=4, first=(t:2, i:259), CONFIGURATIONENTRY(current:id: "s0"
address: "localhost:46195"
dataStreamAddress: "localhost:39399"
clientAddress: "localhost:42765"
adminAddress: "localhost:44717"
startupRole: FOLLOWER
,id: "s1"
address: "0.0.0.0:46693"
clientAddress: "0.0.0.0:46693"
adminAddress: "0.0.0.0:46693"
startupRole: FOLLOWER
,id: "s2"
address: "0.0.0.0:36699"
clientAddress: "0.0.0.0:36699"
adminAddress: "0.0.0.0:36699"
startupRole: FOLLOWER
, old:id: "s0"
address: "localhost:46195"
dataStreamAddress: "localhost:39399"
clientAddress: "localhost:42765"
adminAddress: "localhost:44717"
startupRole: FOLLOWER
)
java.util.concurrent.CompletionException: java.util.concurrent.RejectedExecutionException: Task java.util.concurrent.CompletableFuture$AsyncSupply@626b3a61 rejected from java.util.concurrent.ThreadPoolExecutor@3ad4e2b[Terminated, pool size = 0, active threads = 0, queued tasks = 0, completed tasks = 198]
	at java.base/java.util.concurrent.CompletableFuture.encodeThrowable(CompletableFuture.java:314)
	at java.base/java.util.concurrent.CompletableFuture.uniComposeStage(CompletableFuture.java:1113)
	at java.base/java.util.concurrent.CompletableFuture.thenCompose(CompletableFuture.java:2235)
	at org.apache.ratis.server.impl.RaftServerProxy.appendEntriesAsync(RaftServerProxy.java:634)
	at org.apache.ratis.grpc.server.GrpcServerProtocolService$1.process(GrpcServerProtocolService.java:219)
	at org.apache.ratis.grpc.server.GrpcServerProtocolService$1.process(GrpcServerProtocolService.java:216)
	at org.apache.ratis.grpc.server.GrpcServerProtocolService$ServerRequestStreamObserver.onNext(GrpcServerProtocolService.java:124)
	at org.apache.ratis.thirdparty.io.grpc.stub.ServerCalls$StreamingServerCallHandler$StreamingServerCallListener.onMessage(ServerCalls.java:262)
	at org.apache.ratis.thirdparty.io.grpc.ForwardingServerCallListener.onMessage(ForwardingServerCallListener.java:33)
	at org.apache.ratis.thirdparty.io.grpc.internal.ServerCallImpl$ServerStreamListenerImpl.messagesAvailableInternal(ServerCallImpl.java:332)
	at org.apache.ratis.thirdparty.io.grpc.internal.ServerCallImpl$ServerStreamListenerImpl.messagesAvailable(ServerCallImpl.java:315)
	at org.apache.ratis.thirdparty.io.grpc.internal.ServerImpl$JumpToApplicationThreadServerStreamListener$1MessagesAvailable.runInContext(ServerImpl.java:834)
	at org.apache.ratis.thirdparty.io.grpc.internal.ContextRunnable.run(ContextRunnable.java:37)
	at org.apache.ratis.thirdparty.io.grpc.internal.SerializingExecutor.run(SerializingExecutor.java:133)
	at java.base/java.util.concurrent.ThreadPoolExecutor.runWorker(ThreadPoolExecutor.java:1128)
	at java.base/java.util.concurrent.ThreadPoolExecutor$Worker.run(ThreadPoolExecutor.java:628)
	at java.base/java.lang.Thread.run(Thread.java:829)
Caused by: java.util.concurrent.RejectedExecutionException: Task java.util.concurrent.CompletableFuture$AsyncSupply@626b3a61 rejected from java.util.concurrent.ThreadPoolExecutor@3ad4e2b[Terminated, pool size = 0, active threads = 0, queued tasks = 0, completed tasks = 198]
	at java.base/java.util.concurrent.ThreadPoolExecutor$AbortPolicy.rejectedExecution(ThreadPoolExecutor.java:2055)
	at java.base/java.util.concurrent.ThreadPoolExecutor.reject(ThreadPoolExecutor.java:825)
	at java.base/java.util.concurrent.ThreadPoolExecutor.execute(ThreadPoolExecutor.java:1355)
	at java.base/java.util.concurrent.CompletableFuture.asyncSupplyStage(CompletableFuture.java:1714)
	at java.base/java.util.concurrent.CompletableFuture.supplyAsync(CompletableFuture.java:1931)
	at org.apache.ratis.server.impl.RaftServerImpl.executeSubmitServerRequestAsync(RaftServerImpl.java:812)
	at org.apache.ratis.server.impl.RaftServerProxy.lambda$appendEntriesAsync$27(RaftServerProxy.java:634)
	at java.base/java.util.concurrent.CompletableFuture.uniComposeStage(CompletableFuture.java:1106)
	... 15 more
2022-10-13 10:40:54,972 [grpc-default-executor-3] WARN  server.GrpcLogAppender (LogUtils.java:warn(124)) - s0@group-6905249F38B1->s1-AppendLogResponseHandler: Failed appendEntries
java.io.IOException: java.util.concurrent.RejectedExecutionException: Task java.util.concurrent.CompletableFuture$AsyncSupply@626b3a61 rejected from java.util.concurrent.ThreadPoolExecutor@3ad4e2b[Terminated, pool size = 0, active threads = 0, queued tasks = 0, completed tasks = 198]
	at org.apache.ratis.util.IOUtils.asIOException(IOUtils.java:56)
	at org.apache.ratis.grpc.GrpcUtil.tryUnwrapException(GrpcUtil.java:121)
	at org.apache.ratis.grpc.GrpcUtil.unwrapThrowable(GrpcUtil.java:82)
	at org.apache.ratis.grpc.GrpcUtil.warn(GrpcUtil.java:178)
	at org.apache.ratis.grpc.server.GrpcLogAppender$AppendLogResponseHandler.onError(GrpcLogAppender.java:405)
	at org.apache.ratis.thirdparty.io.grpc.stub.ClientCalls$StreamObserverToCallListenerAdapter.onClose(ClientCalls.java:487)
	at org.apache.ratis.thirdparty.io.grpc.internal.ClientCallImpl.closeObserver(ClientCallImpl.java:562)
	at org.apache.ratis.thirdparty.io.grpc.internal.ClientCallImpl.access$300(ClientCallImpl.java:70)
	at org.apache.ratis.thirdparty.io.grpc.internal.ClientCallImpl$ClientStreamListenerImpl$1StreamClosed.runInternal(ClientCallImpl.java:743)
	at org.apache.ratis.thirdparty.io.grpc.internal.ClientCallImpl$ClientStreamListenerImpl$1StreamClosed.runInContext(ClientCallImpl.java:722)
	at org.apache.ratis.thirdparty.io.grpc.internal.ContextRunnable.run(ContextRunnable.java:37)
	at org.apache.ratis.thirdparty.io.grpc.internal.SerializingExecutor.run(SerializingExecutor.java:133)
	at java.base/java.util.concurrent.ThreadPoolExecutor.runWorker(ThreadPoolExecutor.java:1128)
	at java.base/java.util.concurrent.ThreadPoolExecutor$Worker.run(ThreadPoolExecutor.java:628)
	at java.base/java.lang.Thread.run(Thread.java:829)
Caused by: java.util.concurrent.RejectedExecutionException: Task java.util.concurrent.CompletableFuture$AsyncSupply@626b3a61 rejected from java.util.concurrent.ThreadPoolExecutor@3ad4e2b[Terminated, pool size = 0, active threads = 0, queued tasks = 0, completed tasks = 198]
	at java.base/jdk.internal.reflect.NativeConstructorAccessorImpl.newInstance0(Native Method)
	at java.base/jdk.internal.reflect.NativeConstructorAccessorImpl.newInstance(NativeConstructorAccessorImpl.java:62)
	at java.base/jdk.internal.reflect.DelegatingConstructorAccessorImpl.newInstance(DelegatingConstructorAccessorImpl.java:45)
	at java.base/java.lang.reflect.Constructor.newInstance(Constructor.java:490)
	at org.apache.ratis.util.ReflectionUtils.instantiateException(ReflectionUtils.java:259)
	at org.apache.ratis.grpc.GrpcUtil.tryUnwrapException(GrpcUtil.java:120)
	... 13 more
Caused by: org.apache.ratis.thirdparty.io.grpc.StatusRuntimeException: INTERNAL: Task java.util.concurrent.CompletableFuture$AsyncSupply@626b3a61 rejected from java.util.concurrent.ThreadPoolExecutor@3ad4e2b[Terminated, pool size = 0, active threads = 0, queued tasks = 0, completed tasks = 198]
	at org.apache.ratis.thirdparty.io.grpc.Status.asRuntimeException(Status.java:535)
	... 10 more
	Suppressed: java.lang.IllegalStateException: Failed to cast to class java.io.IOException, object=java.util.concurrent.RejectedExecutionException: Task java.util.concurrent.CompletableFuture$AsyncSupply@626b3a61 rejected from java.util.concurrent.ThreadPoolExecutor@3ad4e2b[Terminated, pool size = 0, active threads = 0, queued tasks = 0, completed tasks = 198]
	at java.base/java.util.concurrent.ThreadPoolExecutor$AbortPolicy.rejectedExecution(ThreadPoolExecutor.java:2055)
	at java.base/java.util.concurrent.ThreadPoolExecutor.reject(ThreadPoolExecutor.java:825)
	at java.base/java.util.concurrent.ThreadPoolExecutor.execute(ThreadPoolExecutor.java:1355)
	at java.base/java.util.concurrent.CompletableFuture.asyncSupplyStage(CompletableFuture.java:1714)
	at java.base/java.util.concurrent.CompletableFuture.supplyAsync(CompletableFuture.java:1931)
	at org.apache.ratis.server.impl.RaftServerImpl.executeSubmitServerRequestAsync(RaftServerImpl.java:812)
	at org.apache.ratis.server.impl.RaftServerProxy.lambda$appendEntriesAsync$27(RaftServerProxy.java:634)
	at java.base/java.util.concurrent.CompletableFuture.uniComposeStage(CompletableFuture.java:1106)
	at java.base/java.util.concurrent.CompletableFuture.thenCompose(CompletableFuture.java:2235)
	at org.apache.ratis.server.impl.RaftServerProxy.appendEntriesAsync(RaftServerProxy.java:634)
	at org.apache.ratis.grpc.server.GrpcServerProtocolService$1.process(GrpcServerProtocolService.java:219)
	at org.apache.ratis.grpc.server.GrpcServerProtocolService$1.process(GrpcServerProtocolService.java:216)
	at org.apache.ratis.grpc.server.GrpcServerProtocolService$ServerRequestStreamObserver.onNext(GrpcServerProtocolService.java:124)
	at org.apache.ratis.thirdparty.io.grpc.stub.ServerCalls$StreamingServerCallHandler$StreamingServerCallListener.onMessage(ServerCalls.java:262)
	at org.apache.ratis.thirdparty.io.grpc.ForwardingServerCallListener.onMessage(ForwardingServerCallListener.java:33)
	at org.apache.ratis.thirdparty.io.grpc.internal.ServerCallImpl$ServerStreamListenerImpl.messagesAvailableInternal(ServerCallImpl.java:332)
	at org.apache.ratis.thirdparty.io.grpc.internal.ServerCallImpl$ServerStreamListenerImpl.messagesAvailable(ServerCallImpl.java:315)
	at org.apache.ratis.thirdparty.io.grpc.internal.ServerImpl$JumpToApplicationThreadServerStreamListener$1MessagesAvailable.runInContext(ServerImpl.java:834)
	at org.apache.ratis.thirdparty.io.grpc.internal.ContextRunnable.run(ContextRunnable.java:37)
	at org.apache.ratis.thirdparty.io.grpc.internal.SerializingExecutor.run(SerializingExecutor.java:133)
	at java.base/java.util.concurrent.ThreadPoolExecutor.runWorker(ThreadPoolExecutor.java:1128)
	at java.base/java.util.concurrent.ThreadPoolExecutor$Worker.run(ThreadPoolExecutor.java:628)
	at java.base/java.lang.Thread.run(Thread.java:829)

		at org.apache.ratis.util.IOUtils.readObject(IOUtils.java:237)
		at org.apache.ratis.util.IOUtils.bytes2Object(IOUtils.java:214)
		at org.apache.ratis.grpc.GrpcUtil.tryUnwrapException(GrpcUtil.java:109)
		at org.apache.ratis.grpc.GrpcUtil.unwrapThrowable(GrpcUtil.java:82)
		at org.apache.ratis.grpc.GrpcUtil.warn(GrpcUtil.java:178)
		at org.apache.ratis.grpc.server.GrpcLogAppender$AppendLogResponseHandler.onError(GrpcLogAppender.java:405)
		... 10 more
	Caused by: java.lang.ClassCastException: Cannot cast java.util.concurrent.RejectedExecutionException to java.io.IOException
		at java.base/java.lang.Class.cast(Class.java:3605)
		at org.apache.ratis.util.IOUtils.readObject(IOUtils.java:234)
		... 15 more
2022-10-13 10:40:54,973 [grpc-default-executor-3] INFO  leader.FollowerInfo (FollowerInfoImpl.java:lambda$new$0(48)) - s0@group-6905249F38B1->s1: nextIndex: updateUnconditionally 263 -> 259
2022-10-13 10:40:55,007 [grpc-default-executor-1] WARN  server.GrpcServerProtocolService (LogUtils.java:warn(124)) - s1: Failed APPEND_ENTRIES request s0->s1#236-t2,previous=(t:2, i:258),leaderCommit=262,initializing? true,entries: size=4, first=(t:2, i:259), CONFIGURATIONENTRY(current:id: "s0"
address: "localhost:46195"
dataStreamAddress: "localhost:39399"
clientAddress: "localhost:42765"
adminAddress: "localhost:44717"
startupRole: FOLLOWER
,id: "s1"
address: "0.0.0.0:46693"
clientAddress: "0.0.0.0:46693"
adminAddress: "0.0.0.0:46693"
startupRole: FOLLOWER
,id: "s2"
address: "0.0.0.0:36699"
clientAddress: "0.0.0.0:36699"
adminAddress: "0.0.0.0:36699"
startupRole: FOLLOWER
, old:id: "s0"
address: "localhost:46195"
dataStreamAddress: "localhost:39399"
clientAddress: "localhost:42765"
adminAddress: "localhost:44717"
startupRole: FOLLOWER
)
java.util.concurrent.CompletionException: java.util.concurrent.RejectedExecutionException: Task java.util.concurrent.CompletableFuture$AsyncSupply@5b285801 rejected from java.util.concurrent.ThreadPoolExecutor@3ad4e2b[Terminated, pool size = 0, active threads = 0, queued tasks = 0, completed tasks = 198]
	at java.base/java.util.concurrent.CompletableFuture.encodeThrowable(CompletableFuture.java:314)
	at java.base/java.util.concurrent.CompletableFuture.uniComposeStage(CompletableFuture.java:1113)
	at java.base/java.util.concurrent.CompletableFuture.thenCompose(CompletableFuture.java:2235)
	at org.apache.ratis.server.impl.RaftServerProxy.appendEntriesAsync(RaftServerProxy.java:634)
	at org.apache.ratis.grpc.server.GrpcServerProtocolService$1.process(GrpcServerProtocolService.java:219)
	at org.apache.ratis.grpc.server.GrpcServerProtocolService$1.process(GrpcServerProtocolService.java:216)
	at org.apache.ratis.grpc.server.GrpcServerProtocolService$ServerRequestStreamObserver.onNext(GrpcServerProtocolService.java:124)
	at org.apache.ratis.thirdparty.io.grpc.stub.ServerCalls$StreamingServerCallHandler$StreamingServerCallListener.onMessage(ServerCalls.java:262)
	at org.apache.ratis.thirdparty.io.grpc.ForwardingServerCallListener.onMessage(ForwardingServerCallListener.java:33)
	at org.apache.ratis.thirdparty.io.grpc.internal.ServerCallImpl$ServerStreamListenerImpl.messagesAvailableInternal(ServerCallImpl.java:332)
	at org.apache.ratis.thirdparty.io.grpc.internal.ServerCallImpl$ServerStreamListenerImpl.messagesAvailable(ServerCallImpl.java:315)
	at org.apache.ratis.thirdparty.io.grpc.internal.ServerImpl$JumpToApplicationThreadServerStreamListener$1MessagesAvailable.runInContext(ServerImpl.java:834)
	at org.apache.ratis.thirdparty.io.grpc.internal.ContextRunnable.run(ContextRunnable.java:37)
	at org.apache.ratis.thirdparty.io.grpc.internal.SerializingExecutor.run(SerializingExecutor.java:133)
	at java.base/java.util.concurrent.ThreadPoolExecutor.runWorker(ThreadPoolExecutor.java:1128)
	at java.base/java.util.concurrent.ThreadPoolExecutor$Worker.run(ThreadPoolExecutor.java:628)
	at java.base/java.lang.Thread.run(Thread.java:829)
Caused by: java.util.concurrent.RejectedExecutionException: Task java.util.concurrent.CompletableFuture$AsyncSupply@5b285801 rejected from java.util.concurrent.ThreadPoolExecutor@3ad4e2b[Terminated, pool size = 0, active threads = 0, queued tasks = 0, completed tasks = 198]
	at java.base/java.util.concurrent.ThreadPoolExecutor$AbortPolicy.rejectedExecution(ThreadPoolExecutor.java:2055)
	at java.base/java.util.concurrent.ThreadPoolExecutor.reject(ThreadPoolExecutor.java:825)
	at java.base/java.util.concurrent.ThreadPoolExecutor.execute(ThreadPoolExecutor.java:1355)
	at java.base/java.util.concurrent.CompletableFuture.asyncSupplyStage(CompletableFuture.java:1714)
	at java.base/java.util.concurrent.CompletableFuture.supplyAsync(CompletableFuture.java:1931)
	at org.apache.ratis.server.impl.RaftServerImpl.executeSubmitServerRequestAsync(RaftServerImpl.java:812)
	at org.apache.ratis.server.impl.RaftServerProxy.lambda$appendEntriesAsync$27(RaftServerProxy.java:634)
	at java.base/java.util.concurrent.CompletableFuture.uniComposeStage(CompletableFuture.java:1106)
	... 15 more
2022-10-13 10:40:55,012 [grpc-default-executor-3] WARN  server.GrpcLogAppender (LogUtils.java:warn(124)) - s0@group-6905249F38B1->s1-AppendLogResponseHandler: Failed appendEntries
java.io.IOException: java.util.concurrent.RejectedExecutionException: Task java.util.concurrent.CompletableFuture$AsyncSupply@5b285801 rejected from java.util.concurrent.ThreadPoolExecutor@3ad4e2b[Terminated, pool size = 0, active threads = 0, queued tasks = 0, completed tasks = 198]
	at org.apache.ratis.util.IOUtils.asIOException(IOUtils.java:56)
	at org.apache.ratis.grpc.GrpcUtil.tryUnwrapException(GrpcUtil.java:121)
	at org.apache.ratis.grpc.GrpcUtil.unwrapThrowable(GrpcUtil.java:82)
	at org.apache.ratis.grpc.GrpcUtil.warn(GrpcUtil.java:178)
	at org.apache.ratis.grpc.server.GrpcLogAppender$AppendLogResponseHandler.onError(GrpcLogAppender.java:405)
	at org.apache.ratis.thirdparty.io.grpc.stub.ClientCalls$StreamObserverToCallListenerAdapter.onClose(ClientCalls.java:487)
	at org.apache.ratis.thirdparty.io.grpc.internal.ClientCallImpl.closeObserver(ClientCallImpl.java:562)
	at org.apache.ratis.thirdparty.io.grpc.internal.ClientCallImpl.access$300(ClientCallImpl.java:70)
	at org.apache.ratis.thirdparty.io.grpc.internal.ClientCallImpl$ClientStreamListenerImpl$1StreamClosed.runInternal(ClientCallImpl.java:743)
	at org.apache.ratis.thirdparty.io.grpc.internal.ClientCallImpl$ClientStreamListenerImpl$1StreamClosed.runInContext(ClientCallImpl.java:722)
	at org.apache.ratis.thirdparty.io.grpc.internal.ContextRunnable.run(ContextRunnable.java:37)
	at org.apache.ratis.thirdparty.io.grpc.internal.SerializingExecutor.run(SerializingExecutor.java:133)
	at java.base/java.util.concurrent.ThreadPoolExecutor.runWorker(ThreadPoolExecutor.java:1128)
	at java.base/java.util.concurrent.ThreadPoolExecutor$Worker.run(ThreadPoolExecutor.java:628)
	at java.base/java.lang.Thread.run(Thread.java:829)
Caused by: java.util.concurrent.RejectedExecutionException: Task java.util.concurrent.CompletableFuture$AsyncSupply@5b285801 rejected from java.util.concurrent.ThreadPoolExecutor@3ad4e2b[Terminated, pool size = 0, active threads = 0, queued tasks = 0, completed tasks = 198]
	at java.base/jdk.internal.reflect.NativeConstructorAccessorImpl.newInstance0(Native Method)
	at java.base/jdk.internal.reflect.NativeConstructorAccessorImpl.newInstance(NativeConstructorAccessorImpl.java:62)
	at java.base/jdk.internal.reflect.DelegatingConstructorAccessorImpl.newInstance(DelegatingConstructorAccessorImpl.java:45)
	at java.base/java.lang.reflect.Constructor.newInstance(Constructor.java:490)
	at org.apache.ratis.util.ReflectionUtils.instantiateException(ReflectionUtils.java:259)
	at org.apache.ratis.grpc.GrpcUtil.tryUnwrapException(GrpcUtil.java:120)
	... 13 more
Caused by: org.apache.ratis.thirdparty.io.grpc.StatusRuntimeException: INTERNAL: Task java.util.concurrent.CompletableFuture$AsyncSupply@5b285801 rejected from java.util.concurrent.ThreadPoolExecutor@3ad4e2b[Terminated, pool size = 0, active threads = 0, queued tasks = 0, completed tasks = 198]
	at org.apache.ratis.thirdparty.io.grpc.Status.asRuntimeException(Status.java:535)
	... 10 more
	Suppressed: java.lang.IllegalStateException: Failed to cast to class java.io.IOException, object=java.util.concurrent.RejectedExecutionException: Task java.util.concurrent.CompletableFuture$AsyncSupply@5b285801 rejected from java.util.concurrent.ThreadPoolExecutor@3ad4e2b[Terminated, pool size = 0, active threads = 0, queued tasks = 0, completed tasks = 198]
	at java.base/java.util.concurrent.ThreadPoolExecutor$AbortPolicy.rejectedExecution(ThreadPoolExecutor.java:2055)
	at java.base/java.util.concurrent.ThreadPoolExecutor.reject(ThreadPoolExecutor.java:825)
	at java.base/java.util.concurrent.ThreadPoolExecutor.execute(ThreadPoolExecutor.java:1355)
	at java.base/java.util.concurrent.CompletableFuture.asyncSupplyStage(CompletableFuture.java:1714)
	at java.base/java.util.concurrent.CompletableFuture.supplyAsync(CompletableFuture.java:1931)
	at org.apache.ratis.server.impl.RaftServerImpl.executeSubmitServerRequestAsync(RaftServerImpl.java:812)
	at org.apache.ratis.server.impl.RaftServerProxy.lambda$appendEntriesAsync$27(RaftServerProxy.java:634)
	at java.base/java.util.concurrent.CompletableFuture.uniComposeStage(CompletableFuture.java:1106)
	at java.base/java.util.concurrent.CompletableFuture.thenCompose(CompletableFuture.java:2235)
	at org.apache.ratis.server.impl.RaftServerProxy.appendEntriesAsync(RaftServerProxy.java:634)
	at org.apache.ratis.grpc.server.GrpcServerProtocolService$1.process(GrpcServerProtocolService.java:219)
	at org.apache.ratis.grpc.server.GrpcServerProtocolService$1.process(GrpcServerProtocolService.java:216)
	at org.apache.ratis.grpc.server.GrpcServerProtocolService$ServerRequestStreamObserver.onNext(GrpcServerProtocolService.java:124)
	at org.apache.ratis.thirdparty.io.grpc.stub.ServerCalls$StreamingServerCallHandler$StreamingServerCallListener.onMessage(ServerCalls.java:262)
	at org.apache.ratis.thirdparty.io.grpc.ForwardingServerCallListener.onMessage(ForwardingServerCallListener.java:33)
	at org.apache.ratis.thirdparty.io.grpc.internal.ServerCallImpl$ServerStreamListenerImpl.messagesAvailableInternal(ServerCallImpl.java:332)
	at org.apache.ratis.thirdparty.io.grpc.internal.ServerCallImpl$ServerStreamListenerImpl.messagesAvailable(ServerCallImpl.java:315)
	at org.apache.ratis.thirdparty.io.grpc.internal.ServerImpl$JumpToApplicationThreadServerStreamListener$1MessagesAvailable.runInContext(ServerImpl.java:834)
	at org.apache.ratis.thirdparty.io.grpc.internal.ContextRunnable.run(ContextRunnable.java:37)
	at org.apache.ratis.thirdparty.io.grpc.internal.SerializingExecutor.run(SerializingExecutor.java:133)
	at java.base/java.util.concurrent.ThreadPoolExecutor.runWorker(ThreadPoolExecutor.java:1128)
	at java.base/java.util.concurrent.ThreadPoolExecutor$Worker.run(ThreadPoolExecutor.java:628)
	at java.base/java.lang.Thread.run(Thread.java:829)

		at org.apache.ratis.util.IOUtils.readObject(IOUtils.java:237)
		at org.apache.ratis.util.IOUtils.bytes2Object(IOUtils.java:214)
		at org.apache.ratis.grpc.GrpcUtil.tryUnwrapException(GrpcUtil.java:109)
		at org.apache.ratis.grpc.GrpcUtil.unwrapThrowable(GrpcUtil.java:82)
		at org.apache.ratis.grpc.GrpcUtil.warn(GrpcUtil.java:178)
		at org.apache.ratis.grpc.server.GrpcLogAppender$AppendLogResponseHandler.onError(GrpcLogAppender.java:405)
		... 10 more
	Caused by: java.lang.ClassCastException: Cannot cast java.util.concurrent.RejectedExecutionException to java.io.IOException
		at java.base/java.lang.Class.cast(Class.java:3605)
		at org.apache.ratis.util.IOUtils.readObject(IOUtils.java:234)
		... 15 more
2022-10-13 10:40:55,013 [grpc-default-executor-3] INFO  leader.FollowerInfo (FollowerInfoImpl.java:lambda$new$0(48)) - s0@group-6905249F38B1->s1: nextIndex: updateUnconditionally 263 -> 259
2022-10-13 10:40:55,034 [Time-limited test] INFO  impl.RaftServerTestUtil (RaftServerTestUtil.java:waitAndCheckNewConf(97)) - waitAndCheckNewConf: peers=[s1|rpc:0.0.0.0:46693|priority:0|startupRole:FOLLOWER, s2|rpc:0.0.0.0:36699|priority:0|startupRole:FOLLOWER, s0|rpc:localhost:46195|admin:localhost:44717|client:localhost:42765|dataStream:localhost:39399|priority:0|startupRole:FOLLOWER], deadPeers=null, printing ALL groups
  s0:  RUNNING    LEADER s0@group-6905249F38B1:t2, leader=s0, voted=s0, raftlog=Memoized:s0@group-6905249F38B1-SegmentedRaftLog:OPENED:c262, conf=261: peers:[s0|rpc:localhost:46195|admin:localhost:44717|client:localhost:42765|dataStream:localhost:39399|priority:0|startupRole:FOLLOWER, s1|rpc:0.0.0.0:46693|dataStream:|priority:0|startupRole:FOLLOWER, s2|rpc:0.0.0.0:36699|dataStream:|priority:0|startupRole:FOLLOWER]|listeners:[], old=null RUNNING
  s1:  RUNNING  FOLLOWER s1@group-6905249F38B1:t2, leader=s0, voted=null, raftlog=Memoized:s1@group-6905249F38B1-SegmentedRaftLog:CLOSED:c254, conf=255: peers:[s0|rpc:localhost:46195|admin:localhost:44717|client:localhost:42765|dataStream:localhost:39399|priority:0|startupRole:FOLLOWER]|listeners:[], old=null CLOSED
  s2:  RUNNING  FOLLOWER s2@group-6905249F38B1:t2, leader=s0, voted=null, raftlog=Memoized:s2@group-6905249F38B1-SegmentedRaftLog:OPENED:c262, conf=261: peers:[s0|rpc:localhost:46195|admin:localhost:44717|client:localhost:42765|dataStream:localhost:39399|priority:0|startupRole:FOLLOWER, s1|rpc:0.0.0.0:46693|dataStream:|priority:0|startupRole:FOLLOWER, s2|rpc:0.0.0.0:36699|dataStream:|priority:0|startupRole:FOLLOWER]|listeners:[], old=null RUNNING
2022-10-13 10:40:55,035 [Time-limited test] INFO  impl.RaftServerTestUtil (RaftServerTestUtil.java:waitAndCheckNewConf(106)) - checking    LEADER s0@group-6905249F38B1:t2, leader=s0, voted=s0, raftlog=Memoized:s0@group-6905249F38B1-SegmentedRaftLog:OPENED:c262, conf=261: peers:[s0|rpc:localhost:46195|admin:localhost:44717|client:localhost:42765|dataStream:localhost:39399|priority:0|startupRole:FOLLOWER, s1|rpc:0.0.0.0:46693|dataStream:|priority:0|startupRole:FOLLOWER, s2|rpc:0.0.0.0:36699|dataStream:|priority:0|startupRole:FOLLOWER]|listeners:[], old=null RUNNING
2022-10-13 10:40:55,035 [Time-limited test] INFO  impl.RaftServerTestUtil (RaftServerTestUtil.java:waitAndCheckNewConf(106)) - checking  FOLLOWER s1@group-6905249F38B1:t2, leader=s0, voted=null, raftlog=Memoized:s1@group-6905249F38B1-SegmentedRaftLog:CLOSED:c254, conf=255: peers:[s0|rpc:localhost:46195|admin:localhost:44717|client:localhost:42765|dataStream:localhost:39399|priority:0|startupRole:FOLLOWER]|listeners:[], old=null CLOSED
2022-10-13 10:40:55,035 [Time-limited test] WARN  impl.RaftServerTestUtil (JavaUtils.java:attempt(217)) - FAILED "waitAndCheckNewConf", attempt #2/10: java.lang.AssertionError, sleep 600ms and then retry.
java.lang.AssertionError
	at org.junit.Assert.fail(Assert.java:87)
	at org.junit.Assert.assertTrue(Assert.java:42)
	at org.junit.Assert.assertTrue(Assert.java:53)
	at org.apache.ratis.server.impl.RaftServerTestUtil.waitAndCheckNewConf(RaftServerTestUtil.java:117)
	at org.apache.ratis.server.impl.RaftServerTestUtil.lambda$waitAndCheckNewConf$3(RaftServerTestUtil.java:92)
	at org.apache.ratis.util.function.CheckedRunnable.lambda$asCheckedSupplier$0(CheckedRunnable.java:32)
	at org.apache.ratis.util.JavaUtils.attempt(JavaUtils.java:211)
	at org.apache.ratis.util.JavaUtils.attemptRepeatedly(JavaUtils.java:197)
	at org.apache.ratis.util.JavaUtils.attempt(JavaUtils.java:231)
	at org.apache.ratis.server.impl.RaftServerTestUtil.waitAndCheckNewConf(RaftServerTestUtil.java:92)
	at org.apache.ratis.InstallSnapshotNotificationTests.testAddNewFollowers(InstallSnapshotNotificationTests.java:236)
	at org.apache.ratis.server.impl.MiniRaftCluster$Factory$Get.runWithNewCluster(MiniRaftCluster.java:141)
	at org.apache.ratis.server.impl.MiniRaftCluster$Factory$Get.runWithNewCluster(MiniRaftCluster.java:121)
	at org.apache.ratis.InstallSnapshotNotificationTests.testAddNewFollowers(InstallSnapshotNotificationTests.java:173)
	at java.base/jdk.internal.reflect.NativeMethodAccessorImpl.invoke0(Native Method)
	at java.base/jdk.internal.reflect.NativeMethodAccessorImpl.invoke(NativeMethodAccessorImpl.java:62)
	at java.base/jdk.internal.reflect.DelegatingMethodAccessorImpl.invoke(DelegatingMethodAccessorImpl.java:43)
	at java.base/java.lang.reflect.Method.invoke(Method.java:566)
	at org.junit.runners.model.FrameworkMethod$1.runReflectiveCall(FrameworkMethod.java:59)
	at org.junit.internal.runners.model.ReflectiveCallable.run(ReflectiveCallable.java:12)
	at org.junit.runners.model.FrameworkMethod.invokeExplosively(FrameworkMethod.java:56)
	at org.junit.internal.runners.statements.InvokeMethod.evaluate(InvokeMethod.java:17)
	at org.junit.internal.runners.statements.RunAfters.evaluate(RunAfters.java:27)
	at org.junit.internal.runners.statements.FailOnTimeout$CallableStatement.call(FailOnTimeout.java:299)
	at org.junit.internal.runners.statements.FailOnTimeout$CallableStatement.call(FailOnTimeout.java:293)
	at java.base/java.util.concurrent.FutureTask.run(FutureTask.java:264)
	at java.base/java.lang.Thread.run(Thread.java:829)
2022-10-13 10:40:55,044 [grpc-default-executor-1] WARN  server.GrpcServerProtocolService (LogUtils.java:warn(124)) - s1: Failed APPEND_ENTRIES request s0->s1#238-t2,previous=(t:2, i:258),leaderCommit=262,initializing? true,entries: size=4, first=(t:2, i:259), CONFIGURATIONENTRY(current:id: "s0"
address: "localhost:46195"
dataStreamAddress: "localhost:39399"
clientAddress: "localhost:42765"
adminAddress: "localhost:44717"
startupRole: FOLLOWER
,id: "s1"
address: "0.0.0.0:46693"
clientAddress: "0.0.0.0:46693"
adminAddress: "0.0.0.0:46693"
startupRole: FOLLOWER
,id: "s2"
address: "0.0.0.0:36699"
clientAddress: "0.0.0.0:36699"
adminAddress: "0.0.0.0:36699"
startupRole: FOLLOWER
, old:id: "s0"
address: "localhost:46195"
dataStreamAddress: "localhost:39399"
clientAddress: "localhost:42765"
adminAddress: "localhost:44717"
startupRole: FOLLOWER
)
java.util.concurrent.CompletionException: java.util.concurrent.RejectedExecutionException: Task java.util.concurrent.CompletableFuture$AsyncSupply@2c92a97b rejected from java.util.concurrent.ThreadPoolExecutor@3ad4e2b[Terminated, pool size = 0, active threads = 0, queued tasks = 0, completed tasks = 198]
	at java.base/java.util.concurrent.CompletableFuture.encodeThrowable(CompletableFuture.java:314)
	at java.base/java.util.concurrent.CompletableFuture.uniComposeStage(CompletableFuture.java:1113)
	at java.base/java.util.concurrent.CompletableFuture.thenCompose(CompletableFuture.java:2235)
	at org.apache.ratis.server.impl.RaftServerProxy.appendEntriesAsync(RaftServerProxy.java:634)
	at org.apache.ratis.grpc.server.GrpcServerProtocolService$1.process(GrpcServerProtocolService.java:219)
	at org.apache.ratis.grpc.server.GrpcServerProtocolService$1.process(GrpcServerProtocolService.java:216)
	at org.apache.ratis.grpc.server.GrpcServerProtocolService$ServerRequestStreamObserver.onNext(GrpcServerProtocolService.java:124)
	at org.apache.ratis.thirdparty.io.grpc.stub.ServerCalls$StreamingServerCallHandler$StreamingServerCallListener.onMessage(ServerCalls.java:262)
	at org.apache.ratis.thirdparty.io.grpc.ForwardingServerCallListener.onMessage(ForwardingServerCallListener.java:33)
	at org.apache.ratis.thirdparty.io.grpc.internal.ServerCallImpl$ServerStreamListenerImpl.messagesAvailableInternal(ServerCallImpl.java:332)
	at org.apache.ratis.thirdparty.io.grpc.internal.ServerCallImpl$ServerStreamListenerImpl.messagesAvailable(ServerCallImpl.java:315)
	at org.apache.ratis.thirdparty.io.grpc.internal.ServerImpl$JumpToApplicationThreadServerStreamListener$1MessagesAvailable.runInContext(ServerImpl.java:834)
	at org.apache.ratis.thirdparty.io.grpc.internal.ContextRunnable.run(ContextRunnable.java:37)
	at org.apache.ratis.thirdparty.io.grpc.internal.SerializingExecutor.run(SerializingExecutor.java:133)
	at java.base/java.util.concurrent.ThreadPoolExecutor.runWorker(ThreadPoolExecutor.java:1128)
	at java.base/java.util.concurrent.ThreadPoolExecutor$Worker.run(ThreadPoolExecutor.java:628)
	at java.base/java.lang.Thread.run(Thread.java:829)
Caused by: java.util.concurrent.RejectedExecutionException: Task java.util.concurrent.CompletableFuture$AsyncSupply@2c92a97b rejected from java.util.concurrent.ThreadPoolExecutor@3ad4e2b[Terminated, pool size = 0, active threads = 0, queued tasks = 0, completed tasks = 198]
	at java.base/java.util.concurrent.ThreadPoolExecutor$AbortPolicy.rejectedExecution(ThreadPoolExecutor.java:2055)
	at java.base/java.util.concurrent.ThreadPoolExecutor.reject(ThreadPoolExecutor.java:825)
	at java.base/java.util.concurrent.ThreadPoolExecutor.execute(ThreadPoolExecutor.java:1355)
	at java.base/java.util.concurrent.CompletableFuture.asyncSupplyStage(CompletableFuture.java:1714)
	at java.base/java.util.concurrent.CompletableFuture.supplyAsync(CompletableFuture.java:1931)
	at org.apache.ratis.server.impl.RaftServerImpl.executeSubmitServerRequestAsync(RaftServerImpl.java:812)
	at org.apache.ratis.server.impl.RaftServerProxy.lambda$appendEntriesAsync$27(RaftServerProxy.java:634)
	at java.base/java.util.concurrent.CompletableFuture.uniComposeStage(CompletableFuture.java:1106)
	... 15 more
2022-10-13 10:40:55,047 [grpc-default-executor-3] WARN  server.GrpcLogAppender (LogUtils.java:warn(124)) - s0@group-6905249F38B1->s1-AppendLogResponseHandler: Failed appendEntries
java.io.IOException: java.util.concurrent.RejectedExecutionException: Task java.util.concurrent.CompletableFuture$AsyncSupply@2c92a97b rejected from java.util.concurrent.ThreadPoolExecutor@3ad4e2b[Terminated, pool size = 0, active threads = 0, queued tasks = 0, completed tasks = 198]
	at org.apache.ratis.util.IOUtils.asIOException(IOUtils.java:56)
	at org.apache.ratis.grpc.GrpcUtil.tryUnwrapException(GrpcUtil.java:121)
	at org.apache.ratis.grpc.GrpcUtil.unwrapThrowable(GrpcUtil.java:82)
	at org.apache.ratis.grpc.GrpcUtil.warn(GrpcUtil.java:178)
	at org.apache.ratis.grpc.server.GrpcLogAppender$AppendLogResponseHandler.onError(GrpcLogAppender.java:405)
	at org.apache.ratis.thirdparty.io.grpc.stub.ClientCalls$StreamObserverToCallListenerAdapter.onClose(ClientCalls.java:487)
	at org.apache.ratis.thirdparty.io.grpc.internal.ClientCallImpl.closeObserver(ClientCallImpl.java:562)
	at org.apache.ratis.thirdparty.io.grpc.internal.ClientCallImpl.access$300(ClientCallImpl.java:70)
	at org.apache.ratis.thirdparty.io.grpc.internal.ClientCallImpl$ClientStreamListenerImpl$1StreamClosed.runInternal(ClientCallImpl.java:743)
	at org.apache.ratis.thirdparty.io.grpc.internal.ClientCallImpl$ClientStreamListenerImpl$1StreamClosed.runInContext(ClientCallImpl.java:722)
	at org.apache.ratis.thirdparty.io.grpc.internal.ContextRunnable.run(ContextRunnable.java:37)
	at org.apache.ratis.thirdparty.io.grpc.internal.SerializingExecutor.run(SerializingExecutor.java:133)
	at java.base/java.util.concurrent.ThreadPoolExecutor.runWorker(ThreadPoolExecutor.java:1128)
	at java.base/java.util.concurrent.ThreadPoolExecutor$Worker.run(ThreadPoolExecutor.java:628)
	at java.base/java.lang.Thread.run(Thread.java:829)
Caused by: java.util.concurrent.RejectedExecutionException: Task java.util.concurrent.CompletableFuture$AsyncSupply@2c92a97b rejected from java.util.concurrent.ThreadPoolExecutor@3ad4e2b[Terminated, pool size = 0, active threads = 0, queued tasks = 0, completed tasks = 198]
	at java.base/jdk.internal.reflect.GeneratedConstructorAccessor7.newInstance(Unknown Source)
	at java.base/jdk.internal.reflect.DelegatingConstructorAccessorImpl.newInstance(DelegatingConstructorAccessorImpl.java:45)
	at java.base/java.lang.reflect.Constructor.newInstance(Constructor.java:490)
	at org.apache.ratis.util.ReflectionUtils.instantiateException(ReflectionUtils.java:259)
	at org.apache.ratis.grpc.GrpcUtil.tryUnwrapException(GrpcUtil.java:120)
	... 13 more
Caused by: org.apache.ratis.thirdparty.io.grpc.StatusRuntimeException: INTERNAL: Task java.util.concurrent.CompletableFuture$AsyncSupply@2c92a97b rejected from java.util.concurrent.ThreadPoolExecutor@3ad4e2b[Terminated, pool size = 0, active threads = 0, queued tasks = 0, completed tasks = 198]
	at org.apache.ratis.thirdparty.io.grpc.Status.asRuntimeException(Status.java:535)
	... 10 more
	Suppressed: java.lang.IllegalStateException: Failed to cast to class java.io.IOException, object=java.util.concurrent.RejectedExecutionException: Task java.util.concurrent.CompletableFuture$AsyncSupply@2c92a97b rejected from java.util.concurrent.ThreadPoolExecutor@3ad4e2b[Terminated, pool size = 0, active threads = 0, queued tasks = 0, completed tasks = 198]
	at java.base/java.util.concurrent.ThreadPoolExecutor$AbortPolicy.rejectedExecution(ThreadPoolExecutor.java:2055)
	at java.base/java.util.concurrent.ThreadPoolExecutor.reject(ThreadPoolExecutor.java:825)
	at java.base/java.util.concurrent.ThreadPoolExecutor.execute(ThreadPoolExecutor.java:1355)
	at java.base/java.util.concurrent.CompletableFuture.asyncSupplyStage(CompletableFuture.java:1714)
	at java.base/java.util.concurrent.CompletableFuture.supplyAsync(CompletableFuture.java:1931)
	at org.apache.ratis.server.impl.RaftServerImpl.executeSubmitServerRequestAsync(RaftServerImpl.java:812)
	at org.apache.ratis.server.impl.RaftServerProxy.lambda$appendEntriesAsync$27(RaftServerProxy.java:634)
	at java.base/java.util.concurrent.CompletableFuture.uniComposeStage(CompletableFuture.java:1106)
	at java.base/java.util.concurrent.CompletableFuture.thenCompose(CompletableFuture.java:2235)
	at org.apache.ratis.server.impl.RaftServerProxy.appendEntriesAsync(RaftServerProxy.java:634)
	at org.apache.ratis.grpc.server.GrpcServerProtocolService$1.process(GrpcServerProtocolService.java:219)
	at org.apache.ratis.grpc.server.GrpcServerProtocolService$1.process(GrpcServerProtocolService.java:216)
	at org.apache.ratis.grpc.server.GrpcServerProtocolService$ServerRequestStreamObserver.onNext(GrpcServerProtocolService.java:124)
	at org.apache.ratis.thirdparty.io.grpc.stub.ServerCalls$StreamingServerCallHandler$StreamingServerCallListener.onMessage(ServerCalls.java:262)
	at org.apache.ratis.thirdparty.io.grpc.ForwardingServerCallListener.onMessage(ForwardingServerCallListener.java:33)
	at org.apache.ratis.thirdparty.io.grpc.internal.ServerCallImpl$ServerStreamListenerImpl.messagesAvailableInternal(ServerCallImpl.java:332)
	at org.apache.ratis.thirdparty.io.grpc.internal.ServerCallImpl$ServerStreamListenerImpl.messagesAvailable(ServerCallImpl.java:315)
	at org.apache.ratis.thirdparty.io.grpc.internal.ServerImpl$JumpToApplicationThreadServerStreamListener$1MessagesAvailable.runInContext(ServerImpl.java:834)
	at org.apache.ratis.thirdparty.io.grpc.internal.ContextRunnable.run(ContextRunnable.java:37)
	at org.apache.ratis.thirdparty.io.grpc.internal.SerializingExecutor.run(SerializingExecutor.java:133)
	at java.base/java.util.concurrent.ThreadPoolExecutor.runWorker(ThreadPoolExecutor.java:1128)
	at java.base/java.util.concurrent.ThreadPoolExecutor$Worker.run(ThreadPoolExecutor.java:628)
	at java.base/java.lang.Thread.run(Thread.java:829)

		at org.apache.ratis.util.IOUtils.readObject(IOUtils.java:237)
		at org.apache.ratis.util.IOUtils.bytes2Object(IOUtils.java:214)
		at org.apache.ratis.grpc.GrpcUtil.tryUnwrapException(GrpcUtil.java:109)
		at org.apache.ratis.grpc.GrpcUtil.unwrapThrowable(GrpcUtil.java:82)
		at org.apache.ratis.grpc.GrpcUtil.warn(GrpcUtil.java:178)
		at org.apache.ratis.grpc.server.GrpcLogAppender$AppendLogResponseHandler.onError(GrpcLogAppender.java:405)
		... 10 more
	Caused by: java.lang.ClassCastException: Cannot cast java.util.concurrent.RejectedExecutionException to java.io.IOException
		at java.base/java.lang.Class.cast(Class.java:3605)
		at org.apache.ratis.util.IOUtils.readObject(IOUtils.java:234)
		... 15 more
2022-10-13 10:40:55,048 [grpc-default-executor-3] INFO  leader.FollowerInfo (FollowerInfoImpl.java:lambda$new$0(48)) - s0@group-6905249F38B1->s1: nextIndex: updateUnconditionally 263 -> 259
2022-10-13 10:40:55,084 [grpc-default-executor-1] WARN  server.GrpcServerProtocolService (LogUtils.java:warn(124)) - s1: Failed APPEND_ENTRIES request s0->s1#240-t2,previous=(t:2, i:258),leaderCommit=262,initializing? true,entries: size=4, first=(t:2, i:259), CONFIGURATIONENTRY(current:id: "s0"
address: "localhost:46195"
dataStreamAddress: "localhost:39399"
clientAddress: "localhost:42765"
adminAddress: "localhost:44717"
startupRole: FOLLOWER
,id: "s1"
address: "0.0.0.0:46693"
clientAddress: "0.0.0.0:46693"
adminAddress: "0.0.0.0:46693"
startupRole: FOLLOWER
,id: "s2"
address: "0.0.0.0:36699"
clientAddress: "0.0.0.0:36699"
adminAddress: "0.0.0.0:36699"
startupRole: FOLLOWER
, old:id: "s0"
address: "localhost:46195"
dataStreamAddress: "localhost:39399"
clientAddress: "localhost:42765"
adminAddress: "localhost:44717"
startupRole: FOLLOWER
)
java.util.concurrent.CompletionException: java.util.concurrent.RejectedExecutionException: Task java.util.concurrent.CompletableFuture$AsyncSupply@599b9688 rejected from java.util.concurrent.ThreadPoolExecutor@3ad4e2b[Terminated, pool size = 0, active threads = 0, queued tasks = 0, completed tasks = 198]
	at java.base/java.util.concurrent.CompletableFuture.encodeThrowable(CompletableFuture.java:314)
	at java.base/java.util.concurrent.CompletableFuture.uniComposeStage(CompletableFuture.java:1113)
	at java.base/java.util.concurrent.CompletableFuture.thenCompose(CompletableFuture.java:2235)
	at org.apache.ratis.server.impl.RaftServerProxy.appendEntriesAsync(RaftServerProxy.java:634)
	at org.apache.ratis.grpc.server.GrpcServerProtocolService$1.process(GrpcServerProtocolService.java:219)
	at org.apache.ratis.grpc.server.GrpcServerProtocolService$1.process(GrpcServerProtocolService.java:216)
	at org.apache.ratis.grpc.server.GrpcServerProtocolService$ServerRequestStreamObserver.onNext(GrpcServerProtocolService.java:124)
	at org.apache.ratis.thirdparty.io.grpc.stub.ServerCalls$StreamingServerCallHandler$StreamingServerCallListener.onMessage(ServerCalls.java:262)
	at org.apache.ratis.thirdparty.io.grpc.ForwardingServerCallListener.onMessage(ForwardingServerCallListener.java:33)
	at org.apache.ratis.thirdparty.io.grpc.internal.ServerCallImpl$ServerStreamListenerImpl.messagesAvailableInternal(ServerCallImpl.java:332)
	at org.apache.ratis.thirdparty.io.grpc.internal.ServerCallImpl$ServerStreamListenerImpl.messagesAvailable(ServerCallImpl.java:315)
	at org.apache.ratis.thirdparty.io.grpc.internal.ServerImpl$JumpToApplicationThreadServerStreamListener$1MessagesAvailable.runInContext(ServerImpl.java:834)
	at org.apache.ratis.thirdparty.io.grpc.internal.ContextRunnable.run(ContextRunnable.java:37)
	at org.apache.ratis.thirdparty.io.grpc.internal.SerializingExecutor.run(SerializingExecutor.java:133)
	at java.base/java.util.concurrent.ThreadPoolExecutor.runWorker(ThreadPoolExecutor.java:1128)
	at java.base/java.util.concurrent.ThreadPoolExecutor$Worker.run(ThreadPoolExecutor.java:628)
	at java.base/java.lang.Thread.run(Thread.java:829)
Caused by: java.util.concurrent.RejectedExecutionException: Task java.util.concurrent.CompletableFuture$AsyncSupply@599b9688 rejected from java.util.concurrent.ThreadPoolExecutor@3ad4e2b[Terminated, pool size = 0, active threads = 0, queued tasks = 0, completed tasks = 198]
	at java.base/java.util.concurrent.ThreadPoolExecutor$AbortPolicy.rejectedExecution(ThreadPoolExecutor.java:2055)
	at java.base/java.util.concurrent.ThreadPoolExecutor.reject(ThreadPoolExecutor.java:825)
	at java.base/java.util.concurrent.ThreadPoolExecutor.execute(ThreadPoolExecutor.java:1355)
	at java.base/java.util.concurrent.CompletableFuture.asyncSupplyStage(CompletableFuture.java:1714)
	at java.base/java.util.concurrent.CompletableFuture.supplyAsync(CompletableFuture.java:1931)
	at org.apache.ratis.server.impl.RaftServerImpl.executeSubmitServerRequestAsync(RaftServerImpl.java:812)
	at org.apache.ratis.server.impl.RaftServerProxy.lambda$appendEntriesAsync$27(RaftServerProxy.java:634)
	at java.base/java.util.concurrent.CompletableFuture.uniComposeStage(CompletableFuture.java:1106)
	... 15 more
2022-10-13 10:40:55,089 [grpc-default-executor-3] WARN  server.GrpcLogAppender (LogUtils.java:warn(124)) - s0@group-6905249F38B1->s1-AppendLogResponseHandler: Failed appendEntries
java.io.IOException: java.util.concurrent.RejectedExecutionException: Task java.util.concurrent.CompletableFuture$AsyncSupply@599b9688 rejected from java.util.concurrent.ThreadPoolExecutor@3ad4e2b[Terminated, pool size = 0, active threads = 0, queued tasks = 0, completed tasks = 198]
	at org.apache.ratis.util.IOUtils.asIOException(IOUtils.java:56)
	at org.apache.ratis.grpc.GrpcUtil.tryUnwrapException(GrpcUtil.java:121)
	at org.apache.ratis.grpc.GrpcUtil.unwrapThrowable(GrpcUtil.java:82)
	at org.apache.ratis.grpc.GrpcUtil.warn(GrpcUtil.java:178)
	at org.apache.ratis.grpc.server.GrpcLogAppender$AppendLogResponseHandler.onError(GrpcLogAppender.java:405)
	at org.apache.ratis.thirdparty.io.grpc.stub.ClientCalls$StreamObserverToCallListenerAdapter.onClose(ClientCalls.java:487)
	at org.apache.ratis.thirdparty.io.grpc.internal.ClientCallImpl.closeObserver(ClientCallImpl.java:562)
	at org.apache.ratis.thirdparty.io.grpc.internal.ClientCallImpl.access$300(ClientCallImpl.java:70)
	at org.apache.ratis.thirdparty.io.grpc.internal.ClientCallImpl$ClientStreamListenerImpl$1StreamClosed.runInternal(ClientCallImpl.java:743)
	at org.apache.ratis.thirdparty.io.grpc.internal.ClientCallImpl$ClientStreamListenerImpl$1StreamClosed.runInContext(ClientCallImpl.java:722)
	at org.apache.ratis.thirdparty.io.grpc.internal.ContextRunnable.run(ContextRunnable.java:37)
	at org.apache.ratis.thirdparty.io.grpc.internal.SerializingExecutor.run(SerializingExecutor.java:133)
	at java.base/java.util.concurrent.ThreadPoolExecutor.runWorker(ThreadPoolExecutor.java:1128)
	at java.base/java.util.concurrent.ThreadPoolExecutor$Worker.run(ThreadPoolExecutor.java:628)
	at java.base/java.lang.Thread.run(Thread.java:829)
Caused by: java.util.concurrent.RejectedExecutionException: Task java.util.concurrent.CompletableFuture$AsyncSupply@599b9688 rejected from java.util.concurrent.ThreadPoolExecutor@3ad4e2b[Terminated, pool size = 0, active threads = 0, queued tasks = 0, completed tasks = 198]
	at java.base/jdk.internal.reflect.GeneratedConstructorAccessor7.newInstance(Unknown Source)
	at java.base/jdk.internal.reflect.DelegatingConstructorAccessorImpl.newInstance(DelegatingConstructorAccessorImpl.java:45)
	at java.base/java.lang.reflect.Constructor.newInstance(Constructor.java:490)
	at org.apache.ratis.util.ReflectionUtils.instantiateException(ReflectionUtils.java:259)
	at org.apache.ratis.grpc.GrpcUtil.tryUnwrapException(GrpcUtil.java:120)
	... 13 more
Caused by: org.apache.ratis.thirdparty.io.grpc.StatusRuntimeException: INTERNAL: Task java.util.concurrent.CompletableFuture$AsyncSupply@599b9688 rejected from java.util.concurrent.ThreadPoolExecutor@3ad4e2b[Terminated, pool size = 0, active threads = 0, queued tasks = 0, completed tasks = 198]
	at org.apache.ratis.thirdparty.io.grpc.Status.asRuntimeException(Status.java:535)
	... 10 more
	Suppressed: java.lang.IllegalStateException: Failed to cast to class java.io.IOException, object=java.util.concurrent.RejectedExecutionException: Task java.util.concurrent.CompletableFuture$AsyncSupply@599b9688 rejected from java.util.concurrent.ThreadPoolExecutor@3ad4e2b[Terminated, pool size = 0, active threads = 0, queued tasks = 0, completed tasks = 198]
	at java.base/java.util.concurrent.ThreadPoolExecutor$AbortPolicy.rejectedExecution(ThreadPoolExecutor.java:2055)
	at java.base/java.util.concurrent.ThreadPoolExecutor.reject(ThreadPoolExecutor.java:825)
	at java.base/java.util.concurrent.ThreadPoolExecutor.execute(ThreadPoolExecutor.java:1355)
	at java.base/java.util.concurrent.CompletableFuture.asyncSupplyStage(CompletableFuture.java:1714)
	at java.base/java.util.concurrent.CompletableFuture.supplyAsync(CompletableFuture.java:1931)
	at org.apache.ratis.server.impl.RaftServerImpl.executeSubmitServerRequestAsync(RaftServerImpl.java:812)
	at org.apache.ratis.server.impl.RaftServerProxy.lambda$appendEntriesAsync$27(RaftServerProxy.java:634)
	at java.base/java.util.concurrent.CompletableFuture.uniComposeStage(CompletableFuture.java:1106)
	at java.base/java.util.concurrent.CompletableFuture.thenCompose(CompletableFuture.java:2235)
	at org.apache.ratis.server.impl.RaftServerProxy.appendEntriesAsync(RaftServerProxy.java:634)
	at org.apache.ratis.grpc.server.GrpcServerProtocolService$1.process(GrpcServerProtocolService.java:219)
	at org.apache.ratis.grpc.server.GrpcServerProtocolService$1.process(GrpcServerProtocolService.java:216)
	at org.apache.ratis.grpc.server.GrpcServerProtocolService$ServerRequestStreamObserver.onNext(GrpcServerProtocolService.java:124)
	at org.apache.ratis.thirdparty.io.grpc.stub.ServerCalls$StreamingServerCallHandler$StreamingServerCallListener.onMessage(ServerCalls.java:262)
	at org.apache.ratis.thirdparty.io.grpc.ForwardingServerCallListener.onMessage(ForwardingServerCallListener.java:33)
	at org.apache.ratis.thirdparty.io.grpc.internal.ServerCallImpl$ServerStreamListenerImpl.messagesAvailableInternal(ServerCallImpl.java:332)
	at org.apache.ratis.thirdparty.io.grpc.internal.ServerCallImpl$ServerStreamListenerImpl.messagesAvailable(ServerCallImpl.java:315)
	at org.apache.ratis.thirdparty.io.grpc.internal.ServerImpl$JumpToApplicationThreadServerStreamListener$1MessagesAvailable.runInContext(ServerImpl.java:834)
	at org.apache.ratis.thirdparty.io.grpc.internal.ContextRunnable.run(ContextRunnable.java:37)
	at org.apache.ratis.thirdparty.io.grpc.internal.SerializingExecutor.run(SerializingExecutor.java:133)
	at java.base/java.util.concurrent.ThreadPoolExecutor.runWorker(ThreadPoolExecutor.java:1128)
	at java.base/java.util.concurrent.ThreadPoolExecutor$Worker.run(ThreadPoolExecutor.java:628)
	at java.base/java.lang.Thread.run(Thread.java:829)

		at org.apache.ratis.util.IOUtils.readObject(IOUtils.java:237)
		at org.apache.ratis.util.IOUtils.bytes2Object(IOUtils.java:214)
		at org.apache.ratis.grpc.GrpcUtil.tryUnwrapException(GrpcUtil.java:109)
		at org.apache.ratis.grpc.GrpcUtil.unwrapThrowable(GrpcUtil.java:82)
		at org.apache.ratis.grpc.GrpcUtil.warn(GrpcUtil.java:178)
		at org.apache.ratis.grpc.server.GrpcLogAppender$AppendLogResponseHandler.onError(GrpcLogAppender.java:405)
		... 10 more
	Caused by: java.lang.ClassCastException: Cannot cast java.util.concurrent.RejectedExecutionException to java.io.IOException
		at java.base/java.lang.Class.cast(Class.java:3605)
		at org.apache.ratis.util.IOUtils.readObject(IOUtils.java:234)
		... 15 more
2022-10-13 10:40:55,089 [grpc-default-executor-3] INFO  leader.FollowerInfo (FollowerInfoImpl.java:lambda$new$0(48)) - s0@group-6905249F38B1->s1: nextIndex: updateUnconditionally 263 -> 259
2022-10-13 10:40:55,121 [grpc-default-executor-1] WARN  server.GrpcServerProtocolService (LogUtils.java:warn(124)) - s1: Failed APPEND_ENTRIES request s0->s1#242-t2,previous=(t:2, i:258),leaderCommit=262,initializing? true,entries: size=4, first=(t:2, i:259), CONFIGURATIONENTRY(current:id: "s0"
address: "localhost:46195"
dataStreamAddress: "localhost:39399"
clientAddress: "localhost:42765"
adminAddress: "localhost:44717"
startupRole: FOLLOWER
,id: "s1"
address: "0.0.0.0:46693"
clientAddress: "0.0.0.0:46693"
adminAddress: "0.0.0.0:46693"
startupRole: FOLLOWER
,id: "s2"
address: "0.0.0.0:36699"
clientAddress: "0.0.0.0:36699"
adminAddress: "0.0.0.0:36699"
startupRole: FOLLOWER
, old:id: "s0"
address: "localhost:46195"
dataStreamAddress: "localhost:39399"
clientAddress: "localhost:42765"
adminAddress: "localhost:44717"
startupRole: FOLLOWER
)
java.util.concurrent.CompletionException: java.util.concurrent.RejectedExecutionException: Task java.util.concurrent.CompletableFuture$AsyncSupply@6142f8e0 rejected from java.util.concurrent.ThreadPoolExecutor@3ad4e2b[Terminated, pool size = 0, active threads = 0, queued tasks = 0, completed tasks = 198]
	at java.base/java.util.concurrent.CompletableFuture.encodeThrowable(CompletableFuture.java:314)
	at java.base/java.util.concurrent.CompletableFuture.uniComposeStage(CompletableFuture.java:1113)
	at java.base/java.util.concurrent.CompletableFuture.thenCompose(CompletableFuture.java:2235)
	at org.apache.ratis.server.impl.RaftServerProxy.appendEntriesAsync(RaftServerProxy.java:634)
	at org.apache.ratis.grpc.server.GrpcServerProtocolService$1.process(GrpcServerProtocolService.java:219)
	at org.apache.ratis.grpc.server.GrpcServerProtocolService$1.process(GrpcServerProtocolService.java:216)
	at org.apache.ratis.grpc.server.GrpcServerProtocolService$ServerRequestStreamObserver.onNext(GrpcServerProtocolService.java:124)
	at org.apache.ratis.thirdparty.io.grpc.stub.ServerCalls$StreamingServerCallHandler$StreamingServerCallListener.onMessage(ServerCalls.java:262)
	at org.apache.ratis.thirdparty.io.grpc.ForwardingServerCallListener.onMessage(ForwardingServerCallListener.java:33)
	at org.apache.ratis.thirdparty.io.grpc.internal.ServerCallImpl$ServerStreamListenerImpl.messagesAvailableInternal(ServerCallImpl.java:332)
	at org.apache.ratis.thirdparty.io.grpc.internal.ServerCallImpl$ServerStreamListenerImpl.messagesAvailable(ServerCallImpl.java:315)
	at org.apache.ratis.thirdparty.io.grpc.internal.ServerImpl$JumpToApplicationThreadServerStreamListener$1MessagesAvailable.runInContext(ServerImpl.java:834)
	at org.apache.ratis.thirdparty.io.grpc.internal.ContextRunnable.run(ContextRunnable.java:37)
	at org.apache.ratis.thirdparty.io.grpc.internal.SerializingExecutor.run(SerializingExecutor.java:133)
	at java.base/java.util.concurrent.ThreadPoolExecutor.runWorker(ThreadPoolExecutor.java:1128)
	at java.base/java.util.concurrent.ThreadPoolExecutor$Worker.run(ThreadPoolExecutor.java:628)
	at java.base/java.lang.Thread.run(Thread.java:829)
Caused by: java.util.concurrent.RejectedExecutionException: Task java.util.concurrent.CompletableFuture$AsyncSupply@6142f8e0 rejected from java.util.concurrent.ThreadPoolExecutor@3ad4e2b[Terminated, pool size = 0, active threads = 0, queued tasks = 0, completed tasks = 198]
	at java.base/java.util.concurrent.ThreadPoolExecutor$AbortPolicy.rejectedExecution(ThreadPoolExecutor.java:2055)
	at java.base/java.util.concurrent.ThreadPoolExecutor.reject(ThreadPoolExecutor.java:825)
	at java.base/java.util.concurrent.ThreadPoolExecutor.execute(ThreadPoolExecutor.java:1355)
	at java.base/java.util.concurrent.CompletableFuture.asyncSupplyStage(CompletableFuture.java:1714)
	at java.base/java.util.concurrent.CompletableFuture.supplyAsync(CompletableFuture.java:1931)
	at org.apache.ratis.server.impl.RaftServerImpl.executeSubmitServerRequestAsync(RaftServerImpl.java:812)
	at org.apache.ratis.server.impl.RaftServerProxy.lambda$appendEntriesAsync$27(RaftServerProxy.java:634)
	at java.base/java.util.concurrent.CompletableFuture.uniComposeStage(CompletableFuture.java:1106)
	... 15 more
2022-10-13 10:40:55,124 [grpc-default-executor-3] WARN  server.GrpcLogAppender (LogUtils.java:warn(124)) - s0@group-6905249F38B1->s1-AppendLogResponseHandler: Failed appendEntries
java.io.IOException: java.util.concurrent.RejectedExecutionException: Task java.util.concurrent.CompletableFuture$AsyncSupply@6142f8e0 rejected from java.util.concurrent.ThreadPoolExecutor@3ad4e2b[Terminated, pool size = 0, active threads = 0, queued tasks = 0, completed tasks = 198]
	at org.apache.ratis.util.IOUtils.asIOException(IOUtils.java:56)
	at org.apache.ratis.grpc.GrpcUtil.tryUnwrapException(GrpcUtil.java:121)
	at org.apache.ratis.grpc.GrpcUtil.unwrapThrowable(GrpcUtil.java:82)
	at org.apache.ratis.grpc.GrpcUtil.warn(GrpcUtil.java:178)
	at org.apache.ratis.grpc.server.GrpcLogAppender$AppendLogResponseHandler.onError(GrpcLogAppender.java:405)
	at org.apache.ratis.thirdparty.io.grpc.stub.ClientCalls$StreamObserverToCallListenerAdapter.onClose(ClientCalls.java:487)
	at org.apache.ratis.thirdparty.io.grpc.internal.ClientCallImpl.closeObserver(ClientCallImpl.java:562)
	at org.apache.ratis.thirdparty.io.grpc.internal.ClientCallImpl.access$300(ClientCallImpl.java:70)
	at org.apache.ratis.thirdparty.io.grpc.internal.ClientCallImpl$ClientStreamListenerImpl$1StreamClosed.runInternal(ClientCallImpl.java:743)
	at org.apache.ratis.thirdparty.io.grpc.internal.ClientCallImpl$ClientStreamListenerImpl$1StreamClosed.runInContext(ClientCallImpl.java:722)
	at org.apache.ratis.thirdparty.io.grpc.internal.ContextRunnable.run(ContextRunnable.java:37)
	at org.apache.ratis.thirdparty.io.grpc.internal.SerializingExecutor.run(SerializingExecutor.java:133)
	at java.base/java.util.concurrent.ThreadPoolExecutor.runWorker(ThreadPoolExecutor.java:1128)
	at java.base/java.util.concurrent.ThreadPoolExecutor$Worker.run(ThreadPoolExecutor.java:628)
	at java.base/java.lang.Thread.run(Thread.java:829)
Caused by: java.util.concurrent.RejectedExecutionException: Task java.util.concurrent.CompletableFuture$AsyncSupply@6142f8e0 rejected from java.util.concurrent.ThreadPoolExecutor@3ad4e2b[Terminated, pool size = 0, active threads = 0, queued tasks = 0, completed tasks = 198]
	at java.base/jdk.internal.reflect.GeneratedConstructorAccessor7.newInstance(Unknown Source)
	at java.base/jdk.internal.reflect.DelegatingConstructorAccessorImpl.newInstance(DelegatingConstructorAccessorImpl.java:45)
	at java.base/java.lang.reflect.Constructor.newInstance(Constructor.java:490)
	at org.apache.ratis.util.ReflectionUtils.instantiateException(ReflectionUtils.java:259)
	at org.apache.ratis.grpc.GrpcUtil.tryUnwrapException(GrpcUtil.java:120)
	... 13 more
Caused by: org.apache.ratis.thirdparty.io.grpc.StatusRuntimeException: INTERNAL: Task java.util.concurrent.CompletableFuture$AsyncSupply@6142f8e0 rejected from java.util.concurrent.ThreadPoolExecutor@3ad4e2b[Terminated, pool size = 0, active threads = 0, queued tasks = 0, completed tasks = 198]
	at org.apache.ratis.thirdparty.io.grpc.Status.asRuntimeException(Status.java:535)
	... 10 more
	Suppressed: java.lang.IllegalStateException: Failed to cast to class java.io.IOException, object=java.util.concurrent.RejectedExecutionException: Task java.util.concurrent.CompletableFuture$AsyncSupply@6142f8e0 rejected from java.util.concurrent.ThreadPoolExecutor@3ad4e2b[Terminated, pool size = 0, active threads = 0, queued tasks = 0, completed tasks = 198]
	at java.base/java.util.concurrent.ThreadPoolExecutor$AbortPolicy.rejectedExecution(ThreadPoolExecutor.java:2055)
	at java.base/java.util.concurrent.ThreadPoolExecutor.reject(ThreadPoolExecutor.java:825)
	at java.base/java.util.concurrent.ThreadPoolExecutor.execute(ThreadPoolExecutor.java:1355)
	at java.base/java.util.concurrent.CompletableFuture.asyncSupplyStage(CompletableFuture.java:1714)
	at java.base/java.util.concurrent.CompletableFuture.supplyAsync(CompletableFuture.java:1931)
	at org.apache.ratis.server.impl.RaftServerImpl.executeSubmitServerRequestAsync(RaftServerImpl.java:812)
	at org.apache.ratis.server.impl.RaftServerProxy.lambda$appendEntriesAsync$27(RaftServerProxy.java:634)
	at java.base/java.util.concurrent.CompletableFuture.uniComposeStage(CompletableFuture.java:1106)
	at java.base/java.util.concurrent.CompletableFuture.thenCompose(CompletableFuture.java:2235)
	at org.apache.ratis.server.impl.RaftServerProxy.appendEntriesAsync(RaftServerProxy.java:634)
	at org.apache.ratis.grpc.server.GrpcServerProtocolService$1.process(GrpcServerProtocolService.java:219)
	at org.apache.ratis.grpc.server.GrpcServerProtocolService$1.process(GrpcServerProtocolService.java:216)
	at org.apache.ratis.grpc.server.GrpcServerProtocolService$ServerRequestStreamObserver.onNext(GrpcServerProtocolService.java:124)
	at org.apache.ratis.thirdparty.io.grpc.stub.ServerCalls$StreamingServerCallHandler$StreamingServerCallListener.onMessage(ServerCalls.java:262)
	at org.apache.ratis.thirdparty.io.grpc.ForwardingServerCallListener.onMessage(ForwardingServerCallListener.java:33)
	at org.apache.ratis.thirdparty.io.grpc.internal.ServerCallImpl$ServerStreamListenerImpl.messagesAvailableInternal(ServerCallImpl.java:332)
	at org.apache.ratis.thirdparty.io.grpc.internal.ServerCallImpl$ServerStreamListenerImpl.messagesAvailable(ServerCallImpl.java:315)
	at org.apache.ratis.thirdparty.io.grpc.internal.ServerImpl$JumpToApplicationThreadServerStreamListener$1MessagesAvailable.runInContext(ServerImpl.java:834)
	at org.apache.ratis.thirdparty.io.grpc.internal.ContextRunnable.run(ContextRunnable.java:37)
	at org.apache.ratis.thirdparty.io.grpc.internal.SerializingExecutor.run(SerializingExecutor.java:133)
	at java.base/java.util.concurrent.ThreadPoolExecutor.runWorker(ThreadPoolExecutor.java:1128)
	at java.base/java.util.concurrent.ThreadPoolExecutor$Worker.run(ThreadPoolExecutor.java:628)
	at java.base/java.lang.Thread.run(Thread.java:829)

		at org.apache.ratis.util.IOUtils.readObject(IOUtils.java:237)
		at org.apache.ratis.util.IOUtils.bytes2Object(IOUtils.java:214)
		at org.apache.ratis.grpc.GrpcUtil.tryUnwrapException(GrpcUtil.java:109)
		at org.apache.ratis.grpc.GrpcUtil.unwrapThrowable(GrpcUtil.java:82)
		at org.apache.ratis.grpc.GrpcUtil.warn(GrpcUtil.java:178)
		at org.apache.ratis.grpc.server.GrpcLogAppender$AppendLogResponseHandler.onError(GrpcLogAppender.java:405)
		... 10 more
	Caused by: java.lang.ClassCastException: Cannot cast java.util.concurrent.RejectedExecutionException to java.io.IOException
		at java.base/java.lang.Class.cast(Class.java:3605)
		at org.apache.ratis.util.IOUtils.readObject(IOUtils.java:234)
		... 15 more
2022-10-13 10:40:55,125 [grpc-default-executor-3] INFO  leader.FollowerInfo (FollowerInfoImpl.java:lambda$new$0(48)) - s0@group-6905249F38B1->s1: nextIndex: updateUnconditionally 263 -> 259
2022-10-13 10:40:55,159 [grpc-default-executor-1] WARN  server.GrpcServerProtocolService (LogUtils.java:warn(124)) - s1: Failed APPEND_ENTRIES request s0->s1#244-t2,previous=(t:2, i:258),leaderCommit=262,initializing? true,entries: size=4, first=(t:2, i:259), CONFIGURATIONENTRY(current:id: "s0"
address: "localhost:46195"
dataStreamAddress: "localhost:39399"
clientAddress: "localhost:42765"
adminAddress: "localhost:44717"
startupRole: FOLLOWER
,id: "s1"
address: "0.0.0.0:46693"
clientAddress: "0.0.0.0:46693"
adminAddress: "0.0.0.0:46693"
startupRole: FOLLOWER
,id: "s2"
address: "0.0.0.0:36699"
clientAddress: "0.0.0.0:36699"
adminAddress: "0.0.0.0:36699"
startupRole: FOLLOWER
, old:id: "s0"
address: "localhost:46195"
dataStreamAddress: "localhost:39399"
clientAddress: "localhost:42765"
adminAddress: "localhost:44717"
startupRole: FOLLOWER
)
java.util.concurrent.CompletionException: java.util.concurrent.RejectedExecutionException: Task java.util.concurrent.CompletableFuture$AsyncSupply@1a437b93 rejected from java.util.concurrent.ThreadPoolExecutor@3ad4e2b[Terminated, pool size = 0, active threads = 0, queued tasks = 0, completed tasks = 198]
	at java.base/java.util.concurrent.CompletableFuture.encodeThrowable(CompletableFuture.java:314)
	at java.base/java.util.concurrent.CompletableFuture.uniComposeStage(CompletableFuture.java:1113)
	at java.base/java.util.concurrent.CompletableFuture.thenCompose(CompletableFuture.java:2235)
	at org.apache.ratis.server.impl.RaftServerProxy.appendEntriesAsync(RaftServerProxy.java:634)
	at org.apache.ratis.grpc.server.GrpcServerProtocolService$1.process(GrpcServerProtocolService.java:219)
	at org.apache.ratis.grpc.server.GrpcServerProtocolService$1.process(GrpcServerProtocolService.java:216)
	at org.apache.ratis.grpc.server.GrpcServerProtocolService$ServerRequestStreamObserver.onNext(GrpcServerProtocolService.java:124)
	at org.apache.ratis.thirdparty.io.grpc.stub.ServerCalls$StreamingServerCallHandler$StreamingServerCallListener.onMessage(ServerCalls.java:262)
	at org.apache.ratis.thirdparty.io.grpc.ForwardingServerCallListener.onMessage(ForwardingServerCallListener.java:33)
	at org.apache.ratis.thirdparty.io.grpc.internal.ServerCallImpl$ServerStreamListenerImpl.messagesAvailableInternal(ServerCallImpl.java:332)
	at org.apache.ratis.thirdparty.io.grpc.internal.ServerCallImpl$ServerStreamListenerImpl.messagesAvailable(ServerCallImpl.java:315)
	at org.apache.ratis.thirdparty.io.grpc.internal.ServerImpl$JumpToApplicationThreadServerStreamListener$1MessagesAvailable.runInContext(ServerImpl.java:834)
	at org.apache.ratis.thirdparty.io.grpc.internal.ContextRunnable.run(ContextRunnable.java:37)
	at org.apache.ratis.thirdparty.io.grpc.internal.SerializingExecutor.run(SerializingExecutor.java:133)
	at java.base/java.util.concurrent.ThreadPoolExecutor.runWorker(ThreadPoolExecutor.java:1128)
	at java.base/java.util.concurrent.ThreadPoolExecutor$Worker.run(ThreadPoolExecutor.java:628)
	at java.base/java.lang.Thread.run(Thread.java:829)
Caused by: java.util.concurrent.RejectedExecutionException: Task java.util.concurrent.CompletableFuture$AsyncSupply@1a437b93 rejected from java.util.concurrent.ThreadPoolExecutor@3ad4e2b[Terminated, pool size = 0, active threads = 0, queued tasks = 0, completed tasks = 198]
	at java.base/java.util.concurrent.ThreadPoolExecutor$AbortPolicy.rejectedExecution(ThreadPoolExecutor.java:2055)
	at java.base/java.util.concurrent.ThreadPoolExecutor.reject(ThreadPoolExecutor.java:825)
	at java.base/java.util.concurrent.ThreadPoolExecutor.execute(ThreadPoolExecutor.java:1355)
	at java.base/java.util.concurrent.CompletableFuture.asyncSupplyStage(CompletableFuture.java:1714)
	at java.base/java.util.concurrent.CompletableFuture.supplyAsync(CompletableFuture.java:1931)
	at org.apache.ratis.server.impl.RaftServerImpl.executeSubmitServerRequestAsync(RaftServerImpl.java:812)
	at org.apache.ratis.server.impl.RaftServerProxy.lambda$appendEntriesAsync$27(RaftServerProxy.java:634)
	at java.base/java.util.concurrent.CompletableFuture.uniComposeStage(CompletableFuture.java:1106)
	... 15 more
2022-10-13 10:40:55,164 [grpc-default-executor-3] WARN  server.GrpcLogAppender (LogUtils.java:warn(124)) - s0@group-6905249F38B1->s1-AppendLogResponseHandler: Failed appendEntries
java.io.IOException: java.util.concurrent.RejectedExecutionException: Task java.util.concurrent.CompletableFuture$AsyncSupply@1a437b93 rejected from java.util.concurrent.ThreadPoolExecutor@3ad4e2b[Terminated, pool size = 0, active threads = 0, queued tasks = 0, completed tasks = 198]
	at org.apache.ratis.util.IOUtils.asIOException(IOUtils.java:56)
	at org.apache.ratis.grpc.GrpcUtil.tryUnwrapException(GrpcUtil.java:121)
	at org.apache.ratis.grpc.GrpcUtil.unwrapThrowable(GrpcUtil.java:82)
	at org.apache.ratis.grpc.GrpcUtil.warn(GrpcUtil.java:178)
	at org.apache.ratis.grpc.server.GrpcLogAppender$AppendLogResponseHandler.onError(GrpcLogAppender.java:405)
	at org.apache.ratis.thirdparty.io.grpc.stub.ClientCalls$StreamObserverToCallListenerAdapter.onClose(ClientCalls.java:487)
	at org.apache.ratis.thirdparty.io.grpc.internal.ClientCallImpl.closeObserver(ClientCallImpl.java:562)
	at org.apache.ratis.thirdparty.io.grpc.internal.ClientCallImpl.access$300(ClientCallImpl.java:70)
	at org.apache.ratis.thirdparty.io.grpc.internal.ClientCallImpl$ClientStreamListenerImpl$1StreamClosed.runInternal(ClientCallImpl.java:743)
	at org.apache.ratis.thirdparty.io.grpc.internal.ClientCallImpl$ClientStreamListenerImpl$1StreamClosed.runInContext(ClientCallImpl.java:722)
	at org.apache.ratis.thirdparty.io.grpc.internal.ContextRunnable.run(ContextRunnable.java:37)
	at org.apache.ratis.thirdparty.io.grpc.internal.SerializingExecutor.run(SerializingExecutor.java:133)
	at java.base/java.util.concurrent.ThreadPoolExecutor.runWorker(ThreadPoolExecutor.java:1128)
	at java.base/java.util.concurrent.ThreadPoolExecutor$Worker.run(ThreadPoolExecutor.java:628)
	at java.base/java.lang.Thread.run(Thread.java:829)
Caused by: java.util.concurrent.RejectedExecutionException: Task java.util.concurrent.CompletableFuture$AsyncSupply@1a437b93 rejected from java.util.concurrent.ThreadPoolExecutor@3ad4e2b[Terminated, pool size = 0, active threads = 0, queued tasks = 0, completed tasks = 198]
	at java.base/jdk.internal.reflect.GeneratedConstructorAccessor7.newInstance(Unknown Source)
	at java.base/jdk.internal.reflect.DelegatingConstructorAccessorImpl.newInstance(DelegatingConstructorAccessorImpl.java:45)
	at java.base/java.lang.reflect.Constructor.newInstance(Constructor.java:490)
	at org.apache.ratis.util.ReflectionUtils.instantiateException(ReflectionUtils.java:259)
	at org.apache.ratis.grpc.GrpcUtil.tryUnwrapException(GrpcUtil.java:120)
	... 13 more
Caused by: org.apache.ratis.thirdparty.io.grpc.StatusRuntimeException: INTERNAL: Task java.util.concurrent.CompletableFuture$AsyncSupply@1a437b93 rejected from java.util.concurrent.ThreadPoolExecutor@3ad4e2b[Terminated, pool size = 0, active threads = 0, queued tasks = 0, completed tasks = 198]
	at org.apache.ratis.thirdparty.io.grpc.Status.asRuntimeException(Status.java:535)
	... 10 more
	Suppressed: java.lang.IllegalStateException: Failed to cast to class java.io.IOException, object=java.util.concurrent.RejectedExecutionException: Task java.util.concurrent.CompletableFuture$AsyncSupply@1a437b93 rejected from java.util.concurrent.ThreadPoolExecutor@3ad4e2b[Terminated, pool size = 0, active threads = 0, queued tasks = 0, completed tasks = 198]
	at java.base/java.util.concurrent.ThreadPoolExecutor$AbortPolicy.rejectedExecution(ThreadPoolExecutor.java:2055)
	at java.base/java.util.concurrent.ThreadPoolExecutor.reject(ThreadPoolExecutor.java:825)
	at java.base/java.util.concurrent.ThreadPoolExecutor.execute(ThreadPoolExecutor.java:1355)
	at java.base/java.util.concurrent.CompletableFuture.asyncSupplyStage(CompletableFuture.java:1714)
	at java.base/java.util.concurrent.CompletableFuture.supplyAsync(CompletableFuture.java:1931)
	at org.apache.ratis.server.impl.RaftServerImpl.executeSubmitServerRequestAsync(RaftServerImpl.java:812)
	at org.apache.ratis.server.impl.RaftServerProxy.lambda$appendEntriesAsync$27(RaftServerProxy.java:634)
	at java.base/java.util.concurrent.CompletableFuture.uniComposeStage(CompletableFuture.java:1106)
	at java.base/java.util.concurrent.CompletableFuture.thenCompose(CompletableFuture.java:2235)
	at org.apache.ratis.server.impl.RaftServerProxy.appendEntriesAsync(RaftServerProxy.java:634)
	at org.apache.ratis.grpc.server.GrpcServerProtocolService$1.process(GrpcServerProtocolService.java:219)
	at org.apache.ratis.grpc.server.GrpcServerProtocolService$1.process(GrpcServerProtocolService.java:216)
	at org.apache.ratis.grpc.server.GrpcServerProtocolService$ServerRequestStreamObserver.onNext(GrpcServerProtocolService.java:124)
	at org.apache.ratis.thirdparty.io.grpc.stub.ServerCalls$StreamingServerCallHandler$StreamingServerCallListener.onMessage(ServerCalls.java:262)
	at org.apache.ratis.thirdparty.io.grpc.ForwardingServerCallListener.onMessage(ForwardingServerCallListener.java:33)
	at org.apache.ratis.thirdparty.io.grpc.internal.ServerCallImpl$ServerStreamListenerImpl.messagesAvailableInternal(ServerCallImpl.java:332)
	at org.apache.ratis.thirdparty.io.grpc.internal.ServerCallImpl$ServerStreamListenerImpl.messagesAvailable(ServerCallImpl.java:315)
	at org.apache.ratis.thirdparty.io.grpc.internal.ServerImpl$JumpToApplicationThreadServerStreamListener$1MessagesAvailable.runInContext(ServerImpl.java:834)
	at org.apache.ratis.thirdparty.io.grpc.internal.ContextRunnable.run(ContextRunnable.java:37)
	at org.apache.ratis.thirdparty.io.grpc.internal.SerializingExecutor.run(SerializingExecutor.java:133)
	at java.base/java.util.concurrent.ThreadPoolExecutor.runWorker(ThreadPoolExecutor.java:1128)
	at java.base/java.util.concurrent.ThreadPoolExecutor$Worker.run(ThreadPoolExecutor.java:628)
	at java.base/java.lang.Thread.run(Thread.java:829)

		at org.apache.ratis.util.IOUtils.readObject(IOUtils.java:237)
		at org.apache.ratis.util.IOUtils.bytes2Object(IOUtils.java:214)
		at org.apache.ratis.grpc.GrpcUtil.tryUnwrapException(GrpcUtil.java:109)
		at org.apache.ratis.grpc.GrpcUtil.unwrapThrowable(GrpcUtil.java:82)
		at org.apache.ratis.grpc.GrpcUtil.warn(GrpcUtil.java:178)
		at org.apache.ratis.grpc.server.GrpcLogAppender$AppendLogResponseHandler.onError(GrpcLogAppender.java:405)
		... 10 more
	Caused by: java.lang.ClassCastException: Cannot cast java.util.concurrent.RejectedExecutionException to java.io.IOException
		at java.base/java.lang.Class.cast(Class.java:3605)
		at org.apache.ratis.util.IOUtils.readObject(IOUtils.java:234)
		... 15 more
2022-10-13 10:40:55,166 [grpc-default-executor-3] INFO  leader.FollowerInfo (FollowerInfoImpl.java:lambda$new$0(48)) - s0@group-6905249F38B1->s1: nextIndex: updateUnconditionally 263 -> 259
2022-10-13 10:40:55,197 [grpc-default-executor-1] WARN  server.GrpcServerProtocolService (LogUtils.java:warn(124)) - s1: Failed APPEND_ENTRIES request s0->s1#246-t2,previous=(t:2, i:258),leaderCommit=262,initializing? true,entries: size=4, first=(t:2, i:259), CONFIGURATIONENTRY(current:id: "s0"
address: "localhost:46195"
dataStreamAddress: "localhost:39399"
clientAddress: "localhost:42765"
adminAddress: "localhost:44717"
startupRole: FOLLOWER
,id: "s1"
address: "0.0.0.0:46693"
clientAddress: "0.0.0.0:46693"
adminAddress: "0.0.0.0:46693"
startupRole: FOLLOWER
,id: "s2"
address: "0.0.0.0:36699"
clientAddress: "0.0.0.0:36699"
adminAddress: "0.0.0.0:36699"
startupRole: FOLLOWER
, old:id: "s0"
address: "localhost:46195"
dataStreamAddress: "localhost:39399"
clientAddress: "localhost:42765"
adminAddress: "localhost:44717"
startupRole: FOLLOWER
)
java.util.concurrent.CompletionException: java.util.concurrent.RejectedExecutionException: Task java.util.concurrent.CompletableFuture$AsyncSupply@11944996 rejected from java.util.concurrent.ThreadPoolExecutor@3ad4e2b[Terminated, pool size = 0, active threads = 0, queued tasks = 0, completed tasks = 198]
	at java.base/java.util.concurrent.CompletableFuture.encodeThrowable(CompletableFuture.java:314)
	at java.base/java.util.concurrent.CompletableFuture.uniComposeStage(CompletableFuture.java:1113)
	at java.base/java.util.concurrent.CompletableFuture.thenCompose(CompletableFuture.java:2235)
	at org.apache.ratis.server.impl.RaftServerProxy.appendEntriesAsync(RaftServerProxy.java:634)
	at org.apache.ratis.grpc.server.GrpcServerProtocolService$1.process(GrpcServerProtocolService.java:219)
	at org.apache.ratis.grpc.server.GrpcServerProtocolService$1.process(GrpcServerProtocolService.java:216)
	at org.apache.ratis.grpc.server.GrpcServerProtocolService$ServerRequestStreamObserver.onNext(GrpcServerProtocolService.java:124)
	at org.apache.ratis.thirdparty.io.grpc.stub.ServerCalls$StreamingServerCallHandler$StreamingServerCallListener.onMessage(ServerCalls.java:262)
	at org.apache.ratis.thirdparty.io.grpc.ForwardingServerCallListener.onMessage(ForwardingServerCallListener.java:33)
	at org.apache.ratis.thirdparty.io.grpc.internal.ServerCallImpl$ServerStreamListenerImpl.messagesAvailableInternal(ServerCallImpl.java:332)
	at org.apache.ratis.thirdparty.io.grpc.internal.ServerCallImpl$ServerStreamListenerImpl.messagesAvailable(ServerCallImpl.java:315)
	at org.apache.ratis.thirdparty.io.grpc.internal.ServerImpl$JumpToApplicationThreadServerStreamListener$1MessagesAvailable.runInContext(ServerImpl.java:834)
	at org.apache.ratis.thirdparty.io.grpc.internal.ContextRunnable.run(ContextRunnable.java:37)
	at org.apache.ratis.thirdparty.io.grpc.internal.SerializingExecutor.run(SerializingExecutor.java:133)
	at java.base/java.util.concurrent.ThreadPoolExecutor.runWorker(ThreadPoolExecutor.java:1128)
	at java.base/java.util.concurrent.ThreadPoolExecutor$Worker.run(ThreadPoolExecutor.java:628)
	at java.base/java.lang.Thread.run(Thread.java:829)
Caused by: java.util.concurrent.RejectedExecutionException: Task java.util.concurrent.CompletableFuture$AsyncSupply@11944996 rejected from java.util.concurrent.ThreadPoolExecutor@3ad4e2b[Terminated, pool size = 0, active threads = 0, queued tasks = 0, completed tasks = 198]
	at java.base/java.util.concurrent.ThreadPoolExecutor$AbortPolicy.rejectedExecution(ThreadPoolExecutor.java:2055)
	at java.base/java.util.concurrent.ThreadPoolExecutor.reject(ThreadPoolExecutor.java:825)
	at java.base/java.util.concurrent.ThreadPoolExecutor.execute(ThreadPoolExecutor.java:1355)
	at java.base/java.util.concurrent.CompletableFuture.asyncSupplyStage(CompletableFuture.java:1714)
	at java.base/java.util.concurrent.CompletableFuture.supplyAsync(CompletableFuture.java:1931)
	at org.apache.ratis.server.impl.RaftServerImpl.executeSubmitServerRequestAsync(RaftServerImpl.java:812)
	at org.apache.ratis.server.impl.RaftServerProxy.lambda$appendEntriesAsync$27(RaftServerProxy.java:634)
	at java.base/java.util.concurrent.CompletableFuture.uniComposeStage(CompletableFuture.java:1106)
	... 15 more
2022-10-13 10:40:55,200 [grpc-default-executor-3] WARN  server.GrpcLogAppender (LogUtils.java:warn(124)) - s0@group-6905249F38B1->s1-AppendLogResponseHandler: Failed appendEntries
java.io.IOException: java.util.concurrent.RejectedExecutionException: Task java.util.concurrent.CompletableFuture$AsyncSupply@11944996 rejected from java.util.concurrent.ThreadPoolExecutor@3ad4e2b[Terminated, pool size = 0, active threads = 0, queued tasks = 0, completed tasks = 198]
	at org.apache.ratis.util.IOUtils.asIOException(IOUtils.java:56)
	at org.apache.ratis.grpc.GrpcUtil.tryUnwrapException(GrpcUtil.java:121)
	at org.apache.ratis.grpc.GrpcUtil.unwrapThrowable(GrpcUtil.java:82)
	at org.apache.ratis.grpc.GrpcUtil.warn(GrpcUtil.java:178)
	at org.apache.ratis.grpc.server.GrpcLogAppender$AppendLogResponseHandler.onError(GrpcLogAppender.java:405)
	at org.apache.ratis.thirdparty.io.grpc.stub.ClientCalls$StreamObserverToCallListenerAdapter.onClose(ClientCalls.java:487)
	at org.apache.ratis.thirdparty.io.grpc.internal.ClientCallImpl.closeObserver(ClientCallImpl.java:562)
	at org.apache.ratis.thirdparty.io.grpc.internal.ClientCallImpl.access$300(ClientCallImpl.java:70)
	at org.apache.ratis.thirdparty.io.grpc.internal.ClientCallImpl$ClientStreamListenerImpl$1StreamClosed.runInternal(ClientCallImpl.java:743)
	at org.apache.ratis.thirdparty.io.grpc.internal.ClientCallImpl$ClientStreamListenerImpl$1StreamClosed.runInContext(ClientCallImpl.java:722)
	at org.apache.ratis.thirdparty.io.grpc.internal.ContextRunnable.run(ContextRunnable.java:37)
	at org.apache.ratis.thirdparty.io.grpc.internal.SerializingExecutor.run(SerializingExecutor.java:133)
	at java.base/java.util.concurrent.ThreadPoolExecutor.runWorker(ThreadPoolExecutor.java:1128)
	at java.base/java.util.concurrent.ThreadPoolExecutor$Worker.run(ThreadPoolExecutor.java:628)
	at java.base/java.lang.Thread.run(Thread.java:829)
Caused by: java.util.concurrent.RejectedExecutionException: Task java.util.concurrent.CompletableFuture$AsyncSupply@11944996 rejected from java.util.concurrent.ThreadPoolExecutor@3ad4e2b[Terminated, pool size = 0, active threads = 0, queued tasks = 0, completed tasks = 198]
	at java.base/jdk.internal.reflect.GeneratedConstructorAccessor7.newInstance(Unknown Source)
	at java.base/jdk.internal.reflect.DelegatingConstructorAccessorImpl.newInstance(DelegatingConstructorAccessorImpl.java:45)
	at java.base/java.lang.reflect.Constructor.newInstance(Constructor.java:490)
	at org.apache.ratis.util.ReflectionUtils.instantiateException(ReflectionUtils.java:259)
	at org.apache.ratis.grpc.GrpcUtil.tryUnwrapException(GrpcUtil.java:120)
	... 13 more
Caused by: org.apache.ratis.thirdparty.io.grpc.StatusRuntimeException: INTERNAL: Task java.util.concurrent.CompletableFuture$AsyncSupply@11944996 rejected from java.util.concurrent.ThreadPoolExecutor@3ad4e2b[Terminated, pool size = 0, active threads = 0, queued tasks = 0, completed tasks = 198]
	at org.apache.ratis.thirdparty.io.grpc.Status.asRuntimeException(Status.java:535)
	... 10 more
	Suppressed: java.lang.IllegalStateException: Failed to cast to class java.io.IOException, object=java.util.concurrent.RejectedExecutionException: Task java.util.concurrent.CompletableFuture$AsyncSupply@11944996 rejected from java.util.concurrent.ThreadPoolExecutor@3ad4e2b[Terminated, pool size = 0, active threads = 0, queued tasks = 0, completed tasks = 198]
	at java.base/java.util.concurrent.ThreadPoolExecutor$AbortPolicy.rejectedExecution(ThreadPoolExecutor.java:2055)
	at java.base/java.util.concurrent.ThreadPoolExecutor.reject(ThreadPoolExecutor.java:825)
	at java.base/java.util.concurrent.ThreadPoolExecutor.execute(ThreadPoolExecutor.java:1355)
	at java.base/java.util.concurrent.CompletableFuture.asyncSupplyStage(CompletableFuture.java:1714)
	at java.base/java.util.concurrent.CompletableFuture.supplyAsync(CompletableFuture.java:1931)
	at org.apache.ratis.server.impl.RaftServerImpl.executeSubmitServerRequestAsync(RaftServerImpl.java:812)
	at org.apache.ratis.server.impl.RaftServerProxy.lambda$appendEntriesAsync$27(RaftServerProxy.java:634)
	at java.base/java.util.concurrent.CompletableFuture.uniComposeStage(CompletableFuture.java:1106)
	at java.base/java.util.concurrent.CompletableFuture.thenCompose(CompletableFuture.java:2235)
	at org.apache.ratis.server.impl.RaftServerProxy.appendEntriesAsync(RaftServerProxy.java:634)
	at org.apache.ratis.grpc.server.GrpcServerProtocolService$1.process(GrpcServerProtocolService.java:219)
	at org.apache.ratis.grpc.server.GrpcServerProtocolService$1.process(GrpcServerProtocolService.java:216)
	at org.apache.ratis.grpc.server.GrpcServerProtocolService$ServerRequestStreamObserver.onNext(GrpcServerProtocolService.java:124)
	at org.apache.ratis.thirdparty.io.grpc.stub.ServerCalls$StreamingServerCallHandler$StreamingServerCallListener.onMessage(ServerCalls.java:262)
	at org.apache.ratis.thirdparty.io.grpc.ForwardingServerCallListener.onMessage(ForwardingServerCallListener.java:33)
	at org.apache.ratis.thirdparty.io.grpc.internal.ServerCallImpl$ServerStreamListenerImpl.messagesAvailableInternal(ServerCallImpl.java:332)
	at org.apache.ratis.thirdparty.io.grpc.internal.ServerCallImpl$ServerStreamListenerImpl.messagesAvailable(ServerCallImpl.java:315)
	at org.apache.ratis.thirdparty.io.grpc.internal.ServerImpl$JumpToApplicationThreadServerStreamListener$1MessagesAvailable.runInContext(ServerImpl.java:834)
	at org.apache.ratis.thirdparty.io.grpc.internal.ContextRunnable.run(ContextRunnable.java:37)
	at org.apache.ratis.thirdparty.io.grpc.internal.SerializingExecutor.run(SerializingExecutor.java:133)
	at java.base/java.util.concurrent.ThreadPoolExecutor.runWorker(ThreadPoolExecutor.java:1128)
	at java.base/java.util.concurrent.ThreadPoolExecutor$Worker.run(ThreadPoolExecutor.java:628)
	at java.base/java.lang.Thread.run(Thread.java:829)

		at org.apache.ratis.util.IOUtils.readObject(IOUtils.java:237)
		at org.apache.ratis.util.IOUtils.bytes2Object(IOUtils.java:214)
		at org.apache.ratis.grpc.GrpcUtil.tryUnwrapException(GrpcUtil.java:109)
		at org.apache.ratis.grpc.GrpcUtil.unwrapThrowable(GrpcUtil.java:82)
		at org.apache.ratis.grpc.GrpcUtil.warn(GrpcUtil.java:178)
		at org.apache.ratis.grpc.server.GrpcLogAppender$AppendLogResponseHandler.onError(GrpcLogAppender.java:405)
		... 10 more
	Caused by: java.lang.ClassCastException: Cannot cast java.util.concurrent.RejectedExecutionException to java.io.IOException
		at java.base/java.lang.Class.cast(Class.java:3605)
		at org.apache.ratis.util.IOUtils.readObject(IOUtils.java:234)
		... 15 more
2022-10-13 10:40:55,201 [grpc-default-executor-3] INFO  leader.FollowerInfo (FollowerInfoImpl.java:lambda$new$0(48)) - s0@group-6905249F38B1->s1: nextIndex: updateUnconditionally 263 -> 259
2022-10-13 10:40:55,235 [grpc-default-executor-3] WARN  server.GrpcServerProtocolService (LogUtils.java:warn(124)) - s1: Failed APPEND_ENTRIES request s0->s1#248-t2,previous=(t:2, i:258),leaderCommit=262,initializing? true,entries: size=4, first=(t:2, i:259), CONFIGURATIONENTRY(current:id: "s0"
address: "localhost:46195"
dataStreamAddress: "localhost:39399"
clientAddress: "localhost:42765"
adminAddress: "localhost:44717"
startupRole: FOLLOWER
,id: "s1"
address: "0.0.0.0:46693"
clientAddress: "0.0.0.0:46693"
adminAddress: "0.0.0.0:46693"
startupRole: FOLLOWER
,id: "s2"
address: "0.0.0.0:36699"
clientAddress: "0.0.0.0:36699"
adminAddress: "0.0.0.0:36699"
startupRole: FOLLOWER
, old:id: "s0"
address: "localhost:46195"
dataStreamAddress: "localhost:39399"
clientAddress: "localhost:42765"
adminAddress: "localhost:44717"
startupRole: FOLLOWER
)
java.util.concurrent.CompletionException: java.util.concurrent.RejectedExecutionException: Task java.util.concurrent.CompletableFuture$AsyncSupply@57b78f91 rejected from java.util.concurrent.ThreadPoolExecutor@3ad4e2b[Terminated, pool size = 0, active threads = 0, queued tasks = 0, completed tasks = 198]
	at java.base/java.util.concurrent.CompletableFuture.encodeThrowable(CompletableFuture.java:314)
	at java.base/java.util.concurrent.CompletableFuture.uniComposeStage(CompletableFuture.java:1113)
	at java.base/java.util.concurrent.CompletableFuture.thenCompose(CompletableFuture.java:2235)
	at org.apache.ratis.server.impl.RaftServerProxy.appendEntriesAsync(RaftServerProxy.java:634)
	at org.apache.ratis.grpc.server.GrpcServerProtocolService$1.process(GrpcServerProtocolService.java:219)
	at org.apache.ratis.grpc.server.GrpcServerProtocolService$1.process(GrpcServerProtocolService.java:216)
	at org.apache.ratis.grpc.server.GrpcServerProtocolService$ServerRequestStreamObserver.onNext(GrpcServerProtocolService.java:124)
	at org.apache.ratis.thirdparty.io.grpc.stub.ServerCalls$StreamingServerCallHandler$StreamingServerCallListener.onMessage(ServerCalls.java:262)
	at org.apache.ratis.thirdparty.io.grpc.ForwardingServerCallListener.onMessage(ForwardingServerCallListener.java:33)
	at org.apache.ratis.thirdparty.io.grpc.internal.ServerCallImpl$ServerStreamListenerImpl.messagesAvailableInternal(ServerCallImpl.java:332)
	at org.apache.ratis.thirdparty.io.grpc.internal.ServerCallImpl$ServerStreamListenerImpl.messagesAvailable(ServerCallImpl.java:315)
	at org.apache.ratis.thirdparty.io.grpc.internal.ServerImpl$JumpToApplicationThreadServerStreamListener$1MessagesAvailable.runInContext(ServerImpl.java:834)
	at org.apache.ratis.thirdparty.io.grpc.internal.ContextRunnable.run(ContextRunnable.java:37)
	at org.apache.ratis.thirdparty.io.grpc.internal.SerializingExecutor.run(SerializingExecutor.java:133)
	at java.base/java.util.concurrent.ThreadPoolExecutor.runWorker(ThreadPoolExecutor.java:1128)
	at java.base/java.util.concurrent.ThreadPoolExecutor$Worker.run(ThreadPoolExecutor.java:628)
	at java.base/java.lang.Thread.run(Thread.java:829)
Caused by: java.util.concurrent.RejectedExecutionException: Task java.util.concurrent.CompletableFuture$AsyncSupply@57b78f91 rejected from java.util.concurrent.ThreadPoolExecutor@3ad4e2b[Terminated, pool size = 0, active threads = 0, queued tasks = 0, completed tasks = 198]
	at java.base/java.util.concurrent.ThreadPoolExecutor$AbortPolicy.rejectedExecution(ThreadPoolExecutor.java:2055)
	at java.base/java.util.concurrent.ThreadPoolExecutor.reject(ThreadPoolExecutor.java:825)
	at java.base/java.util.concurrent.ThreadPoolExecutor.execute(ThreadPoolExecutor.java:1355)
	at java.base/java.util.concurrent.CompletableFuture.asyncSupplyStage(CompletableFuture.java:1714)
	at java.base/java.util.concurrent.CompletableFuture.supplyAsync(CompletableFuture.java:1931)
	at org.apache.ratis.server.impl.RaftServerImpl.executeSubmitServerRequestAsync(RaftServerImpl.java:812)
	at org.apache.ratis.server.impl.RaftServerProxy.lambda$appendEntriesAsync$27(RaftServerProxy.java:634)
	at java.base/java.util.concurrent.CompletableFuture.uniComposeStage(CompletableFuture.java:1106)
	... 15 more
2022-10-13 10:40:55,238 [grpc-default-executor-3] WARN  server.GrpcLogAppender (LogUtils.java:warn(124)) - s0@group-6905249F38B1->s1-AppendLogResponseHandler: Failed appendEntries
java.io.IOException: java.util.concurrent.RejectedExecutionException: Task java.util.concurrent.CompletableFuture$AsyncSupply@57b78f91 rejected from java.util.concurrent.ThreadPoolExecutor@3ad4e2b[Terminated, pool size = 0, active threads = 0, queued tasks = 0, completed tasks = 198]
	at org.apache.ratis.util.IOUtils.asIOException(IOUtils.java:56)
	at org.apache.ratis.grpc.GrpcUtil.tryUnwrapException(GrpcUtil.java:121)
	at org.apache.ratis.grpc.GrpcUtil.unwrapThrowable(GrpcUtil.java:82)
	at org.apache.ratis.grpc.GrpcUtil.warn(GrpcUtil.java:178)
	at org.apache.ratis.grpc.server.GrpcLogAppender$AppendLogResponseHandler.onError(GrpcLogAppender.java:405)
	at org.apache.ratis.thirdparty.io.grpc.stub.ClientCalls$StreamObserverToCallListenerAdapter.onClose(ClientCalls.java:487)
	at org.apache.ratis.thirdparty.io.grpc.internal.ClientCallImpl.closeObserver(ClientCallImpl.java:562)
	at org.apache.ratis.thirdparty.io.grpc.internal.ClientCallImpl.access$300(ClientCallImpl.java:70)
	at org.apache.ratis.thirdparty.io.grpc.internal.ClientCallImpl$ClientStreamListenerImpl$1StreamClosed.runInternal(ClientCallImpl.java:743)
	at org.apache.ratis.thirdparty.io.grpc.internal.ClientCallImpl$ClientStreamListenerImpl$1StreamClosed.runInContext(ClientCallImpl.java:722)
	at org.apache.ratis.thirdparty.io.grpc.internal.ContextRunnable.run(ContextRunnable.java:37)
	at org.apache.ratis.thirdparty.io.grpc.internal.SerializingExecutor.run(SerializingExecutor.java:133)
	at java.base/java.util.concurrent.ThreadPoolExecutor.runWorker(ThreadPoolExecutor.java:1128)
	at java.base/java.util.concurrent.ThreadPoolExecutor$Worker.run(ThreadPoolExecutor.java:628)
	at java.base/java.lang.Thread.run(Thread.java:829)
Caused by: java.util.concurrent.RejectedExecutionException: Task java.util.concurrent.CompletableFuture$AsyncSupply@57b78f91 rejected from java.util.concurrent.ThreadPoolExecutor@3ad4e2b[Terminated, pool size = 0, active threads = 0, queued tasks = 0, completed tasks = 198]
	at java.base/jdk.internal.reflect.GeneratedConstructorAccessor7.newInstance(Unknown Source)
	at java.base/jdk.internal.reflect.DelegatingConstructorAccessorImpl.newInstance(DelegatingConstructorAccessorImpl.java:45)
	at java.base/java.lang.reflect.Constructor.newInstance(Constructor.java:490)
	at org.apache.ratis.util.ReflectionUtils.instantiateException(ReflectionUtils.java:259)
	at org.apache.ratis.grpc.GrpcUtil.tryUnwrapException(GrpcUtil.java:120)
	... 13 more
Caused by: org.apache.ratis.thirdparty.io.grpc.StatusRuntimeException: INTERNAL: Task java.util.concurrent.CompletableFuture$AsyncSupply@57b78f91 rejected from java.util.concurrent.ThreadPoolExecutor@3ad4e2b[Terminated, pool size = 0, active threads = 0, queued tasks = 0, completed tasks = 198]
	at org.apache.ratis.thirdparty.io.grpc.Status.asRuntimeException(Status.java:535)
	... 10 more
	Suppressed: java.lang.IllegalStateException: Failed to cast to class java.io.IOException, object=java.util.concurrent.RejectedExecutionException: Task java.util.concurrent.CompletableFuture$AsyncSupply@57b78f91 rejected from java.util.concurrent.ThreadPoolExecutor@3ad4e2b[Terminated, pool size = 0, active threads = 0, queued tasks = 0, completed tasks = 198]
	at java.base/java.util.concurrent.ThreadPoolExecutor$AbortPolicy.rejectedExecution(ThreadPoolExecutor.java:2055)
	at java.base/java.util.concurrent.ThreadPoolExecutor.reject(ThreadPoolExecutor.java:825)
	at java.base/java.util.concurrent.ThreadPoolExecutor.execute(ThreadPoolExecutor.java:1355)
	at java.base/java.util.concurrent.CompletableFuture.asyncSupplyStage(CompletableFuture.java:1714)
	at java.base/java.util.concurrent.CompletableFuture.supplyAsync(CompletableFuture.java:1931)
	at org.apache.ratis.server.impl.RaftServerImpl.executeSubmitServerRequestAsync(RaftServerImpl.java:812)
	at org.apache.ratis.server.impl.RaftServerProxy.lambda$appendEntriesAsync$27(RaftServerProxy.java:634)
	at java.base/java.util.concurrent.CompletableFuture.uniComposeStage(CompletableFuture.java:1106)
	at java.base/java.util.concurrent.CompletableFuture.thenCompose(CompletableFuture.java:2235)
	at org.apache.ratis.server.impl.RaftServerProxy.appendEntriesAsync(RaftServerProxy.java:634)
	at org.apache.ratis.grpc.server.GrpcServerProtocolService$1.process(GrpcServerProtocolService.java:219)
	at org.apache.ratis.grpc.server.GrpcServerProtocolService$1.process(GrpcServerProtocolService.java:216)
	at org.apache.ratis.grpc.server.GrpcServerProtocolService$ServerRequestStreamObserver.onNext(GrpcServerProtocolService.java:124)
	at org.apache.ratis.thirdparty.io.grpc.stub.ServerCalls$StreamingServerCallHandler$StreamingServerCallListener.onMessage(ServerCalls.java:262)
	at org.apache.ratis.thirdparty.io.grpc.ForwardingServerCallListener.onMessage(ForwardingServerCallListener.java:33)
	at org.apache.ratis.thirdparty.io.grpc.internal.ServerCallImpl$ServerStreamListenerImpl.messagesAvailableInternal(ServerCallImpl.java:332)
	at org.apache.ratis.thirdparty.io.grpc.internal.ServerCallImpl$ServerStreamListenerImpl.messagesAvailable(ServerCallImpl.java:315)
	at org.apache.ratis.thirdparty.io.grpc.internal.ServerImpl$JumpToApplicationThreadServerStreamListener$1MessagesAvailable.runInContext(ServerImpl.java:834)
	at org.apache.ratis.thirdparty.io.grpc.internal.ContextRunnable.run(ContextRunnable.java:37)
	at org.apache.ratis.thirdparty.io.grpc.internal.SerializingExecutor.run(SerializingExecutor.java:133)
	at java.base/java.util.concurrent.ThreadPoolExecutor.runWorker(ThreadPoolExecutor.java:1128)
	at java.base/java.util.concurrent.ThreadPoolExecutor$Worker.run(ThreadPoolExecutor.java:628)
	at java.base/java.lang.Thread.run(Thread.java:829)

		at org.apache.ratis.util.IOUtils.readObject(IOUtils.java:237)
		at org.apache.ratis.util.IOUtils.bytes2Object(IOUtils.java:214)
		at org.apache.ratis.grpc.GrpcUtil.tryUnwrapException(GrpcUtil.java:109)
		at org.apache.ratis.grpc.GrpcUtil.unwrapThrowable(GrpcUtil.java:82)
		at org.apache.ratis.grpc.GrpcUtil.warn(GrpcUtil.java:178)
		at org.apache.ratis.grpc.server.GrpcLogAppender$AppendLogResponseHandler.onError(GrpcLogAppender.java:405)
		... 10 more
	Caused by: java.lang.ClassCastException: Cannot cast java.util.concurrent.RejectedExecutionException to java.io.IOException
		at java.base/java.lang.Class.cast(Class.java:3605)
		at org.apache.ratis.util.IOUtils.readObject(IOUtils.java:234)
		... 15 more
2022-10-13 10:40:55,238 [grpc-default-executor-3] INFO  leader.FollowerInfo (FollowerInfoImpl.java:lambda$new$0(48)) - s0@group-6905249F38B1->s1: nextIndex: updateUnconditionally 263 -> 259
2022-10-13 10:40:55,273 [grpc-default-executor-3] WARN  server.GrpcServerProtocolService (LogUtils.java:warn(124)) - s1: Failed APPEND_ENTRIES request s0->s1#250-t2,previous=(t:2, i:258),leaderCommit=262,initializing? true,entries: size=4, first=(t:2, i:259), CONFIGURATIONENTRY(current:id: "s0"
address: "localhost:46195"
dataStreamAddress: "localhost:39399"
clientAddress: "localhost:42765"
adminAddress: "localhost:44717"
startupRole: FOLLOWER
,id: "s1"
address: "0.0.0.0:46693"
clientAddress: "0.0.0.0:46693"
adminAddress: "0.0.0.0:46693"
startupRole: FOLLOWER
,id: "s2"
address: "0.0.0.0:36699"
clientAddress: "0.0.0.0:36699"
adminAddress: "0.0.0.0:36699"
startupRole: FOLLOWER
, old:id: "s0"
address: "localhost:46195"
dataStreamAddress: "localhost:39399"
clientAddress: "localhost:42765"
adminAddress: "localhost:44717"
startupRole: FOLLOWER
)
java.util.concurrent.CompletionException: java.util.concurrent.RejectedExecutionException: Task java.util.concurrent.CompletableFuture$AsyncSupply@5333d563 rejected from java.util.concurrent.ThreadPoolExecutor@3ad4e2b[Terminated, pool size = 0, active threads = 0, queued tasks = 0, completed tasks = 198]
	at java.base/java.util.concurrent.CompletableFuture.encodeThrowable(CompletableFuture.java:314)
	at java.base/java.util.concurrent.CompletableFuture.uniComposeStage(CompletableFuture.java:1113)
	at java.base/java.util.concurrent.CompletableFuture.thenCompose(CompletableFuture.java:2235)
	at org.apache.ratis.server.impl.RaftServerProxy.appendEntriesAsync(RaftServerProxy.java:634)
	at org.apache.ratis.grpc.server.GrpcServerProtocolService$1.process(GrpcServerProtocolService.java:219)
	at org.apache.ratis.grpc.server.GrpcServerProtocolService$1.process(GrpcServerProtocolService.java:216)
	at org.apache.ratis.grpc.server.GrpcServerProtocolService$ServerRequestStreamObserver.onNext(GrpcServerProtocolService.java:124)
	at org.apache.ratis.thirdparty.io.grpc.stub.ServerCalls$StreamingServerCallHandler$StreamingServerCallListener.onMessage(ServerCalls.java:262)
	at org.apache.ratis.thirdparty.io.grpc.ForwardingServerCallListener.onMessage(ForwardingServerCallListener.java:33)
	at org.apache.ratis.thirdparty.io.grpc.internal.ServerCallImpl$ServerStreamListenerImpl.messagesAvailableInternal(ServerCallImpl.java:332)
	at org.apache.ratis.thirdparty.io.grpc.internal.ServerCallImpl$ServerStreamListenerImpl.messagesAvailable(ServerCallImpl.java:315)
	at org.apache.ratis.thirdparty.io.grpc.internal.ServerImpl$JumpToApplicationThreadServerStreamListener$1MessagesAvailable.runInContext(ServerImpl.java:834)
	at org.apache.ratis.thirdparty.io.grpc.internal.ContextRunnable.run(ContextRunnable.java:37)
	at org.apache.ratis.thirdparty.io.grpc.internal.SerializingExecutor.run(SerializingExecutor.java:133)
	at java.base/java.util.concurrent.ThreadPoolExecutor.runWorker(ThreadPoolExecutor.java:1128)
	at java.base/java.util.concurrent.ThreadPoolExecutor$Worker.run(ThreadPoolExecutor.java:628)
	at java.base/java.lang.Thread.run(Thread.java:829)
Caused by: java.util.concurrent.RejectedExecutionException: Task java.util.concurrent.CompletableFuture$AsyncSupply@5333d563 rejected from java.util.concurrent.ThreadPoolExecutor@3ad4e2b[Terminated, pool size = 0, active threads = 0, queued tasks = 0, completed tasks = 198]
	at java.base/java.util.concurrent.ThreadPoolExecutor$AbortPolicy.rejectedExecution(ThreadPoolExecutor.java:2055)
	at java.base/java.util.concurrent.ThreadPoolExecutor.reject(ThreadPoolExecutor.java:825)
	at java.base/java.util.concurrent.ThreadPoolExecutor.execute(ThreadPoolExecutor.java:1355)
	at java.base/java.util.concurrent.CompletableFuture.asyncSupplyStage(CompletableFuture.java:1714)
	at java.base/java.util.concurrent.CompletableFuture.supplyAsync(CompletableFuture.java:1931)
	at org.apache.ratis.server.impl.RaftServerImpl.executeSubmitServerRequestAsync(RaftServerImpl.java:812)
	at org.apache.ratis.server.impl.RaftServerProxy.lambda$appendEntriesAsync$27(RaftServerProxy.java:634)
	at java.base/java.util.concurrent.CompletableFuture.uniComposeStage(CompletableFuture.java:1106)
	... 15 more
2022-10-13 10:40:55,276 [grpc-default-executor-2] WARN  server.GrpcLogAppender (LogUtils.java:warn(124)) - s0@group-6905249F38B1->s1-AppendLogResponseHandler: Failed appendEntries
java.io.IOException: java.util.concurrent.RejectedExecutionException: Task java.util.concurrent.CompletableFuture$AsyncSupply@5333d563 rejected from java.util.concurrent.ThreadPoolExecutor@3ad4e2b[Terminated, pool size = 0, active threads = 0, queued tasks = 0, completed tasks = 198]
	at org.apache.ratis.util.IOUtils.asIOException(IOUtils.java:56)
	at org.apache.ratis.grpc.GrpcUtil.tryUnwrapException(GrpcUtil.java:121)
	at org.apache.ratis.grpc.GrpcUtil.unwrapThrowable(GrpcUtil.java:82)
	at org.apache.ratis.grpc.GrpcUtil.warn(GrpcUtil.java:178)
	at org.apache.ratis.grpc.server.GrpcLogAppender$AppendLogResponseHandler.onError(GrpcLogAppender.java:405)
	at org.apache.ratis.thirdparty.io.grpc.stub.ClientCalls$StreamObserverToCallListenerAdapter.onClose(ClientCalls.java:487)
	at org.apache.ratis.thirdparty.io.grpc.internal.ClientCallImpl.closeObserver(ClientCallImpl.java:562)
	at org.apache.ratis.thirdparty.io.grpc.internal.ClientCallImpl.access$300(ClientCallImpl.java:70)
	at org.apache.ratis.thirdparty.io.grpc.internal.ClientCallImpl$ClientStreamListenerImpl$1StreamClosed.runInternal(ClientCallImpl.java:743)
	at org.apache.ratis.thirdparty.io.grpc.internal.ClientCallImpl$ClientStreamListenerImpl$1StreamClosed.runInContext(ClientCallImpl.java:722)
	at org.apache.ratis.thirdparty.io.grpc.internal.ContextRunnable.run(ContextRunnable.java:37)
	at org.apache.ratis.thirdparty.io.grpc.internal.SerializingExecutor.run(SerializingExecutor.java:133)
	at java.base/java.util.concurrent.ThreadPoolExecutor.runWorker(ThreadPoolExecutor.java:1128)
	at java.base/java.util.concurrent.ThreadPoolExecutor$Worker.run(ThreadPoolExecutor.java:628)
	at java.base/java.lang.Thread.run(Thread.java:829)
Caused by: java.util.concurrent.RejectedExecutionException: Task java.util.concurrent.CompletableFuture$AsyncSupply@5333d563 rejected from java.util.concurrent.ThreadPoolExecutor@3ad4e2b[Terminated, pool size = 0, active threads = 0, queued tasks = 0, completed tasks = 198]
	at java.base/jdk.internal.reflect.GeneratedConstructorAccessor7.newInstance(Unknown Source)
	at java.base/jdk.internal.reflect.DelegatingConstructorAccessorImpl.newInstance(DelegatingConstructorAccessorImpl.java:45)
	at java.base/java.lang.reflect.Constructor.newInstance(Constructor.java:490)
	at org.apache.ratis.util.ReflectionUtils.instantiateException(ReflectionUtils.java:259)
	at org.apache.ratis.grpc.GrpcUtil.tryUnwrapException(GrpcUtil.java:120)
	... 13 more
Caused by: org.apache.ratis.thirdparty.io.grpc.StatusRuntimeException: INTERNAL: Task java.util.concurrent.CompletableFuture$AsyncSupply@5333d563 rejected from java.util.concurrent.ThreadPoolExecutor@3ad4e2b[Terminated, pool size = 0, active threads = 0, queued tasks = 0, completed tasks = 198]
	at org.apache.ratis.thirdparty.io.grpc.Status.asRuntimeException(Status.java:535)
	... 10 more
	Suppressed: java.lang.IllegalStateException: Failed to cast to class java.io.IOException, object=java.util.concurrent.RejectedExecutionException: Task java.util.concurrent.CompletableFuture$AsyncSupply@5333d563 rejected from java.util.concurrent.ThreadPoolExecutor@3ad4e2b[Terminated, pool size = 0, active threads = 0, queued tasks = 0, completed tasks = 198]
	at java.base/java.util.concurrent.ThreadPoolExecutor$AbortPolicy.rejectedExecution(ThreadPoolExecutor.java:2055)
	at java.base/java.util.concurrent.ThreadPoolExecutor.reject(ThreadPoolExecutor.java:825)
	at java.base/java.util.concurrent.ThreadPoolExecutor.execute(ThreadPoolExecutor.java:1355)
	at java.base/java.util.concurrent.CompletableFuture.asyncSupplyStage(CompletableFuture.java:1714)
	at java.base/java.util.concurrent.CompletableFuture.supplyAsync(CompletableFuture.java:1931)
	at org.apache.ratis.server.impl.RaftServerImpl.executeSubmitServerRequestAsync(RaftServerImpl.java:812)
	at org.apache.ratis.server.impl.RaftServerProxy.lambda$appendEntriesAsync$27(RaftServerProxy.java:634)
	at java.base/java.util.concurrent.CompletableFuture.uniComposeStage(CompletableFuture.java:1106)
	at java.base/java.util.concurrent.CompletableFuture.thenCompose(CompletableFuture.java:2235)
	at org.apache.ratis.server.impl.RaftServerProxy.appendEntriesAsync(RaftServerProxy.java:634)
	at org.apache.ratis.grpc.server.GrpcServerProtocolService$1.process(GrpcServerProtocolService.java:219)
	at org.apache.ratis.grpc.server.GrpcServerProtocolService$1.process(GrpcServerProtocolService.java:216)
	at org.apache.ratis.grpc.server.GrpcServerProtocolService$ServerRequestStreamObserver.onNext(GrpcServerProtocolService.java:124)
	at org.apache.ratis.thirdparty.io.grpc.stub.ServerCalls$StreamingServerCallHandler$StreamingServerCallListener.onMessage(ServerCalls.java:262)
	at org.apache.ratis.thirdparty.io.grpc.ForwardingServerCallListener.onMessage(ForwardingServerCallListener.java:33)
	at org.apache.ratis.thirdparty.io.grpc.internal.ServerCallImpl$ServerStreamListenerImpl.messagesAvailableInternal(ServerCallImpl.java:332)
	at org.apache.ratis.thirdparty.io.grpc.internal.ServerCallImpl$ServerStreamListenerImpl.messagesAvailable(ServerCallImpl.java:315)
	at org.apache.ratis.thirdparty.io.grpc.internal.ServerImpl$JumpToApplicationThreadServerStreamListener$1MessagesAvailable.runInContext(ServerImpl.java:834)
	at org.apache.ratis.thirdparty.io.grpc.internal.ContextRunnable.run(ContextRunnable.java:37)
	at org.apache.ratis.thirdparty.io.grpc.internal.SerializingExecutor.run(SerializingExecutor.java:133)
	at java.base/java.util.concurrent.ThreadPoolExecutor.runWorker(ThreadPoolExecutor.java:1128)
	at java.base/java.util.concurrent.ThreadPoolExecutor$Worker.run(ThreadPoolExecutor.java:628)
	at java.base/java.lang.Thread.run(Thread.java:829)

		at org.apache.ratis.util.IOUtils.readObject(IOUtils.java:237)
		at org.apache.ratis.util.IOUtils.bytes2Object(IOUtils.java:214)
		at org.apache.ratis.grpc.GrpcUtil.tryUnwrapException(GrpcUtil.java:109)
		at org.apache.ratis.grpc.GrpcUtil.unwrapThrowable(GrpcUtil.java:82)
		at org.apache.ratis.grpc.GrpcUtil.warn(GrpcUtil.java:178)
		at org.apache.ratis.grpc.server.GrpcLogAppender$AppendLogResponseHandler.onError(GrpcLogAppender.java:405)
		... 10 more
	Caused by: java.lang.ClassCastException: Cannot cast java.util.concurrent.RejectedExecutionException to java.io.IOException
		at java.base/java.lang.Class.cast(Class.java:3605)
		at org.apache.ratis.util.IOUtils.readObject(IOUtils.java:234)
		... 15 more
2022-10-13 10:40:55,276 [grpc-default-executor-2] INFO  leader.FollowerInfo (FollowerInfoImpl.java:lambda$new$0(48)) - s0@group-6905249F38B1->s1: nextIndex: updateUnconditionally 263 -> 259
2022-10-13 10:40:55,311 [grpc-default-executor-2] WARN  server.GrpcServerProtocolService (LogUtils.java:warn(124)) - s1: Failed APPEND_ENTRIES request s0->s1#252-t2,previous=(t:2, i:258),leaderCommit=262,initializing? true,entries: size=4, first=(t:2, i:259), CONFIGURATIONENTRY(current:id: "s0"
address: "localhost:46195"
dataStreamAddress: "localhost:39399"
clientAddress: "localhost:42765"
adminAddress: "localhost:44717"
startupRole: FOLLOWER
,id: "s1"
address: "0.0.0.0:46693"
clientAddress: "0.0.0.0:46693"
adminAddress: "0.0.0.0:46693"
startupRole: FOLLOWER
,id: "s2"
address: "0.0.0.0:36699"
clientAddress: "0.0.0.0:36699"
adminAddress: "0.0.0.0:36699"
startupRole: FOLLOWER
, old:id: "s0"
address: "localhost:46195"
dataStreamAddress: "localhost:39399"
clientAddress: "localhost:42765"
adminAddress: "localhost:44717"
startupRole: FOLLOWER
)
java.util.concurrent.CompletionException: java.util.concurrent.RejectedExecutionException: Task java.util.concurrent.CompletableFuture$AsyncSupply@65b820cc rejected from java.util.concurrent.ThreadPoolExecutor@3ad4e2b[Terminated, pool size = 0, active threads = 0, queued tasks = 0, completed tasks = 198]
	at java.base/java.util.concurrent.CompletableFuture.encodeThrowable(CompletableFuture.java:314)
	at java.base/java.util.concurrent.CompletableFuture.uniComposeStage(CompletableFuture.java:1113)
	at java.base/java.util.concurrent.CompletableFuture.thenCompose(CompletableFuture.java:2235)
	at org.apache.ratis.server.impl.RaftServerProxy.appendEntriesAsync(RaftServerProxy.java:634)
	at org.apache.ratis.grpc.server.GrpcServerProtocolService$1.process(GrpcServerProtocolService.java:219)
	at org.apache.ratis.grpc.server.GrpcServerProtocolService$1.process(GrpcServerProtocolService.java:216)
	at org.apache.ratis.grpc.server.GrpcServerProtocolService$ServerRequestStreamObserver.onNext(GrpcServerProtocolService.java:124)
	at org.apache.ratis.thirdparty.io.grpc.stub.ServerCalls$StreamingServerCallHandler$StreamingServerCallListener.onMessage(ServerCalls.java:262)
	at org.apache.ratis.thirdparty.io.grpc.ForwardingServerCallListener.onMessage(ForwardingServerCallListener.java:33)
	at org.apache.ratis.thirdparty.io.grpc.internal.ServerCallImpl$ServerStreamListenerImpl.messagesAvailableInternal(ServerCallImpl.java:332)
	at org.apache.ratis.thirdparty.io.grpc.internal.ServerCallImpl$ServerStreamListenerImpl.messagesAvailable(ServerCallImpl.java:315)
	at org.apache.ratis.thirdparty.io.grpc.internal.ServerImpl$JumpToApplicationThreadServerStreamListener$1MessagesAvailable.runInContext(ServerImpl.java:834)
	at org.apache.ratis.thirdparty.io.grpc.internal.ContextRunnable.run(ContextRunnable.java:37)
	at org.apache.ratis.thirdparty.io.grpc.internal.SerializingExecutor.run(SerializingExecutor.java:133)
	at java.base/java.util.concurrent.ThreadPoolExecutor.runWorker(ThreadPoolExecutor.java:1128)
	at java.base/java.util.concurrent.ThreadPoolExecutor$Worker.run(ThreadPoolExecutor.java:628)
	at java.base/java.lang.Thread.run(Thread.java:829)
Caused by: java.util.concurrent.RejectedExecutionException: Task java.util.concurrent.CompletableFuture$AsyncSupply@65b820cc rejected from java.util.concurrent.ThreadPoolExecutor@3ad4e2b[Terminated, pool size = 0, active threads = 0, queued tasks = 0, completed tasks = 198]
	at java.base/java.util.concurrent.ThreadPoolExecutor$AbortPolicy.rejectedExecution(ThreadPoolExecutor.java:2055)
	at java.base/java.util.concurrent.ThreadPoolExecutor.reject(ThreadPoolExecutor.java:825)
	at java.base/java.util.concurrent.ThreadPoolExecutor.execute(ThreadPoolExecutor.java:1355)
	at java.base/java.util.concurrent.CompletableFuture.asyncSupplyStage(CompletableFuture.java:1714)
	at java.base/java.util.concurrent.CompletableFuture.supplyAsync(CompletableFuture.java:1931)
	at org.apache.ratis.server.impl.RaftServerImpl.executeSubmitServerRequestAsync(RaftServerImpl.java:812)
	at org.apache.ratis.server.impl.RaftServerProxy.lambda$appendEntriesAsync$27(RaftServerProxy.java:634)
	at java.base/java.util.concurrent.CompletableFuture.uniComposeStage(CompletableFuture.java:1106)
	... 15 more
2022-10-13 10:40:55,314 [grpc-default-executor-3] WARN  server.GrpcLogAppender (LogUtils.java:warn(124)) - s0@group-6905249F38B1->s1-AppendLogResponseHandler: Failed appendEntries
java.io.IOException: java.util.concurrent.RejectedExecutionException: Task java.util.concurrent.CompletableFuture$AsyncSupply@65b820cc rejected from java.util.concurrent.ThreadPoolExecutor@3ad4e2b[Terminated, pool size = 0, active threads = 0, queued tasks = 0, completed tasks = 198]
	at org.apache.ratis.util.IOUtils.asIOException(IOUtils.java:56)
	at org.apache.ratis.grpc.GrpcUtil.tryUnwrapException(GrpcUtil.java:121)
	at org.apache.ratis.grpc.GrpcUtil.unwrapThrowable(GrpcUtil.java:82)
	at org.apache.ratis.grpc.GrpcUtil.warn(GrpcUtil.java:178)
	at org.apache.ratis.grpc.server.GrpcLogAppender$AppendLogResponseHandler.onError(GrpcLogAppender.java:405)
	at org.apache.ratis.thirdparty.io.grpc.stub.ClientCalls$StreamObserverToCallListenerAdapter.onClose(ClientCalls.java:487)
	at org.apache.ratis.thirdparty.io.grpc.internal.ClientCallImpl.closeObserver(ClientCallImpl.java:562)
	at org.apache.ratis.thirdparty.io.grpc.internal.ClientCallImpl.access$300(ClientCallImpl.java:70)
	at org.apache.ratis.thirdparty.io.grpc.internal.ClientCallImpl$ClientStreamListenerImpl$1StreamClosed.runInternal(ClientCallImpl.java:743)
	at org.apache.ratis.thirdparty.io.grpc.internal.ClientCallImpl$ClientStreamListenerImpl$1StreamClosed.runInContext(ClientCallImpl.java:722)
	at org.apache.ratis.thirdparty.io.grpc.internal.ContextRunnable.run(ContextRunnable.java:37)
	at org.apache.ratis.thirdparty.io.grpc.internal.SerializingExecutor.run(SerializingExecutor.java:133)
	at java.base/java.util.concurrent.ThreadPoolExecutor.runWorker(ThreadPoolExecutor.java:1128)
	at java.base/java.util.concurrent.ThreadPoolExecutor$Worker.run(ThreadPoolExecutor.java:628)
	at java.base/java.lang.Thread.run(Thread.java:829)
Caused by: java.util.concurrent.RejectedExecutionException: Task java.util.concurrent.CompletableFuture$AsyncSupply@65b820cc rejected from java.util.concurrent.ThreadPoolExecutor@3ad4e2b[Terminated, pool size = 0, active threads = 0, queued tasks = 0, completed tasks = 198]
	at java.base/jdk.internal.reflect.GeneratedConstructorAccessor7.newInstance(Unknown Source)
	at java.base/jdk.internal.reflect.DelegatingConstructorAccessorImpl.newInstance(DelegatingConstructorAccessorImpl.java:45)
	at java.base/java.lang.reflect.Constructor.newInstance(Constructor.java:490)
	at org.apache.ratis.util.ReflectionUtils.instantiateException(ReflectionUtils.java:259)
	at org.apache.ratis.grpc.GrpcUtil.tryUnwrapException(GrpcUtil.java:120)
	... 13 more
Caused by: org.apache.ratis.thirdparty.io.grpc.StatusRuntimeException: INTERNAL: Task java.util.concurrent.CompletableFuture$AsyncSupply@65b820cc rejected from java.util.concurrent.ThreadPoolExecutor@3ad4e2b[Terminated, pool size = 0, active threads = 0, queued tasks = 0, completed tasks = 198]
	at org.apache.ratis.thirdparty.io.grpc.Status.asRuntimeException(Status.java:535)
	... 10 more
	Suppressed: java.lang.IllegalStateException: Failed to cast to class java.io.IOException, object=java.util.concurrent.RejectedExecutionException: Task java.util.concurrent.CompletableFuture$AsyncSupply@65b820cc rejected from java.util.concurrent.ThreadPoolExecutor@3ad4e2b[Terminated, pool size = 0, active threads = 0, queued tasks = 0, completed tasks = 198]
	at java.base/java.util.concurrent.ThreadPoolExecutor$AbortPolicy.rejectedExecution(ThreadPoolExecutor.java:2055)
	at java.base/java.util.concurrent.ThreadPoolExecutor.reject(ThreadPoolExecutor.java:825)
	at java.base/java.util.concurrent.ThreadPoolExecutor.execute(ThreadPoolExecutor.java:1355)
	at java.base/java.util.concurrent.CompletableFuture.asyncSupplyStage(CompletableFuture.java:1714)
	at java.base/java.util.concurrent.CompletableFuture.supplyAsync(CompletableFuture.java:1931)
	at org.apache.ratis.server.impl.RaftServerImpl.executeSubmitServerRequestAsync(RaftServerImpl.java:812)
	at org.apache.ratis.server.impl.RaftServerProxy.lambda$appendEntriesAsync$27(RaftServerProxy.java:634)
	at java.base/java.util.concurrent.CompletableFuture.uniComposeStage(CompletableFuture.java:1106)
	at java.base/java.util.concurrent.CompletableFuture.thenCompose(CompletableFuture.java:2235)
	at org.apache.ratis.server.impl.RaftServerProxy.appendEntriesAsync(RaftServerProxy.java:634)
	at org.apache.ratis.grpc.server.GrpcServerProtocolService$1.process(GrpcServerProtocolService.java:219)
	at org.apache.ratis.grpc.server.GrpcServerProtocolService$1.process(GrpcServerProtocolService.java:216)
	at org.apache.ratis.grpc.server.GrpcServerProtocolService$ServerRequestStreamObserver.onNext(GrpcServerProtocolService.java:124)
	at org.apache.ratis.thirdparty.io.grpc.stub.ServerCalls$StreamingServerCallHandler$StreamingServerCallListener.onMessage(ServerCalls.java:262)
	at org.apache.ratis.thirdparty.io.grpc.ForwardingServerCallListener.onMessage(ForwardingServerCallListener.java:33)
	at org.apache.ratis.thirdparty.io.grpc.internal.ServerCallImpl$ServerStreamListenerImpl.messagesAvailableInternal(ServerCallImpl.java:332)
	at org.apache.ratis.thirdparty.io.grpc.internal.ServerCallImpl$ServerStreamListenerImpl.messagesAvailable(ServerCallImpl.java:315)
	at org.apache.ratis.thirdparty.io.grpc.internal.ServerImpl$JumpToApplicationThreadServerStreamListener$1MessagesAvailable.runInContext(ServerImpl.java:834)
	at org.apache.ratis.thirdparty.io.grpc.internal.ContextRunnable.run(ContextRunnable.java:37)
	at org.apache.ratis.thirdparty.io.grpc.internal.SerializingExecutor.run(SerializingExecutor.java:133)
	at java.base/java.util.concurrent.ThreadPoolExecutor.runWorker(ThreadPoolExecutor.java:1128)
	at java.base/java.util.concurrent.ThreadPoolExecutor$Worker.run(ThreadPoolExecutor.java:628)
	at java.base/java.lang.Thread.run(Thread.java:829)

		at org.apache.ratis.util.IOUtils.readObject(IOUtils.java:237)
		at org.apache.ratis.util.IOUtils.bytes2Object(IOUtils.java:214)
		at org.apache.ratis.grpc.GrpcUtil.tryUnwrapException(GrpcUtil.java:109)
		at org.apache.ratis.grpc.GrpcUtil.unwrapThrowable(GrpcUtil.java:82)
		at org.apache.ratis.grpc.GrpcUtil.warn(GrpcUtil.java:178)
		at org.apache.ratis.grpc.server.GrpcLogAppender$AppendLogResponseHandler.onError(GrpcLogAppender.java:405)
		... 10 more
	Caused by: java.lang.ClassCastException: Cannot cast java.util.concurrent.RejectedExecutionException to java.io.IOException
		at java.base/java.lang.Class.cast(Class.java:3605)
		at org.apache.ratis.util.IOUtils.readObject(IOUtils.java:234)
		... 15 more
2022-10-13 10:40:55,314 [grpc-default-executor-3] INFO  leader.FollowerInfo (FollowerInfoImpl.java:lambda$new$0(48)) - s0@group-6905249F38B1->s1: nextIndex: updateUnconditionally 263 -> 259
2022-10-13 10:40:55,349 [grpc-default-executor-0] WARN  server.GrpcServerProtocolService (LogUtils.java:warn(124)) - s1: Failed APPEND_ENTRIES request s0->s1#254-t2,previous=(t:2, i:258),leaderCommit=262,initializing? true,entries: size=4, first=(t:2, i:259), CONFIGURATIONENTRY(current:id: "s0"
address: "localhost:46195"
dataStreamAddress: "localhost:39399"
clientAddress: "localhost:42765"
adminAddress: "localhost:44717"
startupRole: FOLLOWER
,id: "s1"
address: "0.0.0.0:46693"
clientAddress: "0.0.0.0:46693"
adminAddress: "0.0.0.0:46693"
startupRole: FOLLOWER
,id: "s2"
address: "0.0.0.0:36699"
clientAddress: "0.0.0.0:36699"
adminAddress: "0.0.0.0:36699"
startupRole: FOLLOWER
, old:id: "s0"
address: "localhost:46195"
dataStreamAddress: "localhost:39399"
clientAddress: "localhost:42765"
adminAddress: "localhost:44717"
startupRole: FOLLOWER
)
java.util.concurrent.CompletionException: java.util.concurrent.RejectedExecutionException: Task java.util.concurrent.CompletableFuture$AsyncSupply@43d8b59d rejected from java.util.concurrent.ThreadPoolExecutor@3ad4e2b[Terminated, pool size = 0, active threads = 0, queued tasks = 0, completed tasks = 198]
	at java.base/java.util.concurrent.CompletableFuture.encodeThrowable(CompletableFuture.java:314)
	at java.base/java.util.concurrent.CompletableFuture.uniComposeStage(CompletableFuture.java:1113)
	at java.base/java.util.concurrent.CompletableFuture.thenCompose(CompletableFuture.java:2235)
	at org.apache.ratis.server.impl.RaftServerProxy.appendEntriesAsync(RaftServerProxy.java:634)
	at org.apache.ratis.grpc.server.GrpcServerProtocolService$1.process(GrpcServerProtocolService.java:219)
	at org.apache.ratis.grpc.server.GrpcServerProtocolService$1.process(GrpcServerProtocolService.java:216)
	at org.apache.ratis.grpc.server.GrpcServerProtocolService$ServerRequestStreamObserver.onNext(GrpcServerProtocolService.java:124)
	at org.apache.ratis.thirdparty.io.grpc.stub.ServerCalls$StreamingServerCallHandler$StreamingServerCallListener.onMessage(ServerCalls.java:262)
	at org.apache.ratis.thirdparty.io.grpc.ForwardingServerCallListener.onMessage(ForwardingServerCallListener.java:33)
	at org.apache.ratis.thirdparty.io.grpc.internal.ServerCallImpl$ServerStreamListenerImpl.messagesAvailableInternal(ServerCallImpl.java:332)
	at org.apache.ratis.thirdparty.io.grpc.internal.ServerCallImpl$ServerStreamListenerImpl.messagesAvailable(ServerCallImpl.java:315)
	at org.apache.ratis.thirdparty.io.grpc.internal.ServerImpl$JumpToApplicationThreadServerStreamListener$1MessagesAvailable.runInContext(ServerImpl.java:834)
	at org.apache.ratis.thirdparty.io.grpc.internal.ContextRunnable.run(ContextRunnable.java:37)
	at org.apache.ratis.thirdparty.io.grpc.internal.SerializingExecutor.run(SerializingExecutor.java:133)
	at java.base/java.util.concurrent.ThreadPoolExecutor.runWorker(ThreadPoolExecutor.java:1128)
	at java.base/java.util.concurrent.ThreadPoolExecutor$Worker.run(ThreadPoolExecutor.java:628)
	at java.base/java.lang.Thread.run(Thread.java:829)
Caused by: java.util.concurrent.RejectedExecutionException: Task java.util.concurrent.CompletableFuture$AsyncSupply@43d8b59d rejected from java.util.concurrent.ThreadPoolExecutor@3ad4e2b[Terminated, pool size = 0, active threads = 0, queued tasks = 0, completed tasks = 198]
	at java.base/java.util.concurrent.ThreadPoolExecutor$AbortPolicy.rejectedExecution(ThreadPoolExecutor.java:2055)
	at java.base/java.util.concurrent.ThreadPoolExecutor.reject(ThreadPoolExecutor.java:825)
	at java.base/java.util.concurrent.ThreadPoolExecutor.execute(ThreadPoolExecutor.java:1355)
	at java.base/java.util.concurrent.CompletableFuture.asyncSupplyStage(CompletableFuture.java:1714)
	at java.base/java.util.concurrent.CompletableFuture.supplyAsync(CompletableFuture.java:1931)
	at org.apache.ratis.server.impl.RaftServerImpl.executeSubmitServerRequestAsync(RaftServerImpl.java:812)
	at org.apache.ratis.server.impl.RaftServerProxy.lambda$appendEntriesAsync$27(RaftServerProxy.java:634)
	at java.base/java.util.concurrent.CompletableFuture.uniComposeStage(CompletableFuture.java:1106)
	... 15 more
2022-10-13 10:40:55,351 [grpc-default-executor-3] WARN  server.GrpcLogAppender (LogUtils.java:warn(124)) - s0@group-6905249F38B1->s1-AppendLogResponseHandler: Failed appendEntries
java.io.IOException: java.util.concurrent.RejectedExecutionException: Task java.util.concurrent.CompletableFuture$AsyncSupply@43d8b59d rejected from java.util.concurrent.ThreadPoolExecutor@3ad4e2b[Terminated, pool size = 0, active threads = 0, queued tasks = 0, completed tasks = 198]
	at org.apache.ratis.util.IOUtils.asIOException(IOUtils.java:56)
	at org.apache.ratis.grpc.GrpcUtil.tryUnwrapException(GrpcUtil.java:121)
	at org.apache.ratis.grpc.GrpcUtil.unwrapThrowable(GrpcUtil.java:82)
	at org.apache.ratis.grpc.GrpcUtil.warn(GrpcUtil.java:178)
	at org.apache.ratis.grpc.server.GrpcLogAppender$AppendLogResponseHandler.onError(GrpcLogAppender.java:405)
	at org.apache.ratis.thirdparty.io.grpc.stub.ClientCalls$StreamObserverToCallListenerAdapter.onClose(ClientCalls.java:487)
	at org.apache.ratis.thirdparty.io.grpc.internal.ClientCallImpl.closeObserver(ClientCallImpl.java:562)
	at org.apache.ratis.thirdparty.io.grpc.internal.ClientCallImpl.access$300(ClientCallImpl.java:70)
	at org.apache.ratis.thirdparty.io.grpc.internal.ClientCallImpl$ClientStreamListenerImpl$1StreamClosed.runInternal(ClientCallImpl.java:743)
	at org.apache.ratis.thirdparty.io.grpc.internal.ClientCallImpl$ClientStreamListenerImpl$1StreamClosed.runInContext(ClientCallImpl.java:722)
	at org.apache.ratis.thirdparty.io.grpc.internal.ContextRunnable.run(ContextRunnable.java:37)
	at org.apache.ratis.thirdparty.io.grpc.internal.SerializingExecutor.run(SerializingExecutor.java:133)
	at java.base/java.util.concurrent.ThreadPoolExecutor.runWorker(ThreadPoolExecutor.java:1128)
	at java.base/java.util.concurrent.ThreadPoolExecutor$Worker.run(ThreadPoolExecutor.java:628)
	at java.base/java.lang.Thread.run(Thread.java:829)
Caused by: java.util.concurrent.RejectedExecutionException: Task java.util.concurrent.CompletableFuture$AsyncSupply@43d8b59d rejected from java.util.concurrent.ThreadPoolExecutor@3ad4e2b[Terminated, pool size = 0, active threads = 0, queued tasks = 0, completed tasks = 198]
	at java.base/jdk.internal.reflect.GeneratedConstructorAccessor7.newInstance(Unknown Source)
	at java.base/jdk.internal.reflect.DelegatingConstructorAccessorImpl.newInstance(DelegatingConstructorAccessorImpl.java:45)
	at java.base/java.lang.reflect.Constructor.newInstance(Constructor.java:490)
	at org.apache.ratis.util.ReflectionUtils.instantiateException(ReflectionUtils.java:259)
	at org.apache.ratis.grpc.GrpcUtil.tryUnwrapException(GrpcUtil.java:120)
	... 13 more
Caused by: org.apache.ratis.thirdparty.io.grpc.StatusRuntimeException: INTERNAL: Task java.util.concurrent.CompletableFuture$AsyncSupply@43d8b59d rejected from java.util.concurrent.ThreadPoolExecutor@3ad4e2b[Terminated, pool size = 0, active threads = 0, queued tasks = 0, completed tasks = 198]
	at org.apache.ratis.thirdparty.io.grpc.Status.asRuntimeException(Status.java:535)
	... 10 more
	Suppressed: java.lang.IllegalStateException: Failed to cast to class java.io.IOException, object=java.util.concurrent.RejectedExecutionException: Task java.util.concurrent.CompletableFuture$AsyncSupply@43d8b59d rejected from java.util.concurrent.ThreadPoolExecutor@3ad4e2b[Terminated, pool size = 0, active threads = 0, queued tasks = 0, completed tasks = 198]
	at java.base/java.util.concurrent.ThreadPoolExecutor$AbortPolicy.rejectedExecution(ThreadPoolExecutor.java:2055)
	at java.base/java.util.concurrent.ThreadPoolExecutor.reject(ThreadPoolExecutor.java:825)
	at java.base/java.util.concurrent.ThreadPoolExecutor.execute(ThreadPoolExecutor.java:1355)
	at java.base/java.util.concurrent.CompletableFuture.asyncSupplyStage(CompletableFuture.java:1714)
	at java.base/java.util.concurrent.CompletableFuture.supplyAsync(CompletableFuture.java:1931)
	at org.apache.ratis.server.impl.RaftServerImpl.executeSubmitServerRequestAsync(RaftServerImpl.java:812)
	at org.apache.ratis.server.impl.RaftServerProxy.lambda$appendEntriesAsync$27(RaftServerProxy.java:634)
	at java.base/java.util.concurrent.CompletableFuture.uniComposeStage(CompletableFuture.java:1106)
	at java.base/java.util.concurrent.CompletableFuture.thenCompose(CompletableFuture.java:2235)
	at org.apache.ratis.server.impl.RaftServerProxy.appendEntriesAsync(RaftServerProxy.java:634)
	at org.apache.ratis.grpc.server.GrpcServerProtocolService$1.process(GrpcServerProtocolService.java:219)
	at org.apache.ratis.grpc.server.GrpcServerProtocolService$1.process(GrpcServerProtocolService.java:216)
	at org.apache.ratis.grpc.server.GrpcServerProtocolService$ServerRequestStreamObserver.onNext(GrpcServerProtocolService.java:124)
	at org.apache.ratis.thirdparty.io.grpc.stub.ServerCalls$StreamingServerCallHandler$StreamingServerCallListener.onMessage(ServerCalls.java:262)
	at org.apache.ratis.thirdparty.io.grpc.ForwardingServerCallListener.onMessage(ForwardingServerCallListener.java:33)
	at org.apache.ratis.thirdparty.io.grpc.internal.ServerCallImpl$ServerStreamListenerImpl.messagesAvailableInternal(ServerCallImpl.java:332)
	at org.apache.ratis.thirdparty.io.grpc.internal.ServerCallImpl$ServerStreamListenerImpl.messagesAvailable(ServerCallImpl.java:315)
	at org.apache.ratis.thirdparty.io.grpc.internal.ServerImpl$JumpToApplicationThreadServerStreamListener$1MessagesAvailable.runInContext(ServerImpl.java:834)
	at org.apache.ratis.thirdparty.io.grpc.internal.ContextRunnable.run(ContextRunnable.java:37)
	at org.apache.ratis.thirdparty.io.grpc.internal.SerializingExecutor.run(SerializingExecutor.java:133)
	at java.base/java.util.concurrent.ThreadPoolExecutor.runWorker(ThreadPoolExecutor.java:1128)
	at java.base/java.util.concurrent.ThreadPoolExecutor$Worker.run(ThreadPoolExecutor.java:628)
	at java.base/java.lang.Thread.run(Thread.java:829)

		at org.apache.ratis.util.IOUtils.readObject(IOUtils.java:237)
		at org.apache.ratis.util.IOUtils.bytes2Object(IOUtils.java:214)
		at org.apache.ratis.grpc.GrpcUtil.tryUnwrapException(GrpcUtil.java:109)
		at org.apache.ratis.grpc.GrpcUtil.unwrapThrowable(GrpcUtil.java:82)
		at org.apache.ratis.grpc.GrpcUtil.warn(GrpcUtil.java:178)
		at org.apache.ratis.grpc.server.GrpcLogAppender$AppendLogResponseHandler.onError(GrpcLogAppender.java:405)
		... 10 more
	Caused by: java.lang.ClassCastException: Cannot cast java.util.concurrent.RejectedExecutionException to java.io.IOException
		at java.base/java.lang.Class.cast(Class.java:3605)
		at org.apache.ratis.util.IOUtils.readObject(IOUtils.java:234)
		... 15 more
2022-10-13 10:40:55,352 [grpc-default-executor-3] INFO  leader.FollowerInfo (FollowerInfoImpl.java:lambda$new$0(48)) - s0@group-6905249F38B1->s1: nextIndex: updateUnconditionally 263 -> 259
2022-10-13 10:40:55,387 [grpc-default-executor-0] WARN  server.GrpcServerProtocolService (LogUtils.java:warn(124)) - s1: Failed APPEND_ENTRIES request s0->s1#256-t2,previous=(t:2, i:258),leaderCommit=262,initializing? true,entries: size=4, first=(t:2, i:259), CONFIGURATIONENTRY(current:id: "s0"
address: "localhost:46195"
dataStreamAddress: "localhost:39399"
clientAddress: "localhost:42765"
adminAddress: "localhost:44717"
startupRole: FOLLOWER
,id: "s1"
address: "0.0.0.0:46693"
clientAddress: "0.0.0.0:46693"
adminAddress: "0.0.0.0:46693"
startupRole: FOLLOWER
,id: "s2"
address: "0.0.0.0:36699"
clientAddress: "0.0.0.0:36699"
adminAddress: "0.0.0.0:36699"
startupRole: FOLLOWER
, old:id: "s0"
address: "localhost:46195"
dataStreamAddress: "localhost:39399"
clientAddress: "localhost:42765"
adminAddress: "localhost:44717"
startupRole: FOLLOWER
)
java.util.concurrent.CompletionException: java.util.concurrent.RejectedExecutionException: Task java.util.concurrent.CompletableFuture$AsyncSupply@74b50785 rejected from java.util.concurrent.ThreadPoolExecutor@3ad4e2b[Terminated, pool size = 0, active threads = 0, queued tasks = 0, completed tasks = 198]
	at java.base/java.util.concurrent.CompletableFuture.encodeThrowable(CompletableFuture.java:314)
	at java.base/java.util.concurrent.CompletableFuture.uniComposeStage(CompletableFuture.java:1113)
	at java.base/java.util.concurrent.CompletableFuture.thenCompose(CompletableFuture.java:2235)
	at org.apache.ratis.server.impl.RaftServerProxy.appendEntriesAsync(RaftServerProxy.java:634)
	at org.apache.ratis.grpc.server.GrpcServerProtocolService$1.process(GrpcServerProtocolService.java:219)
	at org.apache.ratis.grpc.server.GrpcServerProtocolService$1.process(GrpcServerProtocolService.java:216)
	at org.apache.ratis.grpc.server.GrpcServerProtocolService$ServerRequestStreamObserver.onNext(GrpcServerProtocolService.java:124)
	at org.apache.ratis.thirdparty.io.grpc.stub.ServerCalls$StreamingServerCallHandler$StreamingServerCallListener.onMessage(ServerCalls.java:262)
	at org.apache.ratis.thirdparty.io.grpc.ForwardingServerCallListener.onMessage(ForwardingServerCallListener.java:33)
	at org.apache.ratis.thirdparty.io.grpc.internal.ServerCallImpl$ServerStreamListenerImpl.messagesAvailableInternal(ServerCallImpl.java:332)
	at org.apache.ratis.thirdparty.io.grpc.internal.ServerCallImpl$ServerStreamListenerImpl.messagesAvailable(ServerCallImpl.java:315)
	at org.apache.ratis.thirdparty.io.grpc.internal.ServerImpl$JumpToApplicationThreadServerStreamListener$1MessagesAvailable.runInContext(ServerImpl.java:834)
	at org.apache.ratis.thirdparty.io.grpc.internal.ContextRunnable.run(ContextRunnable.java:37)
	at org.apache.ratis.thirdparty.io.grpc.internal.SerializingExecutor.run(SerializingExecutor.java:133)
	at java.base/java.util.concurrent.ThreadPoolExecutor.runWorker(ThreadPoolExecutor.java:1128)
	at java.base/java.util.concurrent.ThreadPoolExecutor$Worker.run(ThreadPoolExecutor.java:628)
	at java.base/java.lang.Thread.run(Thread.java:829)
Caused by: java.util.concurrent.RejectedExecutionException: Task java.util.concurrent.CompletableFuture$AsyncSupply@74b50785 rejected from java.util.concurrent.ThreadPoolExecutor@3ad4e2b[Terminated, pool size = 0, active threads = 0, queued tasks = 0, completed tasks = 198]
	at java.base/java.util.concurrent.ThreadPoolExecutor$AbortPolicy.rejectedExecution(ThreadPoolExecutor.java:2055)
	at java.base/java.util.concurrent.ThreadPoolExecutor.reject(ThreadPoolExecutor.java:825)
	at java.base/java.util.concurrent.ThreadPoolExecutor.execute(ThreadPoolExecutor.java:1355)
	at java.base/java.util.concurrent.CompletableFuture.asyncSupplyStage(CompletableFuture.java:1714)
	at java.base/java.util.concurrent.CompletableFuture.supplyAsync(CompletableFuture.java:1931)
	at org.apache.ratis.server.impl.RaftServerImpl.executeSubmitServerRequestAsync(RaftServerImpl.java:812)
	at org.apache.ratis.server.impl.RaftServerProxy.lambda$appendEntriesAsync$27(RaftServerProxy.java:634)
	at java.base/java.util.concurrent.CompletableFuture.uniComposeStage(CompletableFuture.java:1106)
	... 15 more
2022-10-13 10:40:55,390 [grpc-default-executor-3] WARN  server.GrpcLogAppender (LogUtils.java:warn(124)) - s0@group-6905249F38B1->s1-AppendLogResponseHandler: Failed appendEntries
java.io.IOException: java.util.concurrent.RejectedExecutionException: Task java.util.concurrent.CompletableFuture$AsyncSupply@74b50785 rejected from java.util.concurrent.ThreadPoolExecutor@3ad4e2b[Terminated, pool size = 0, active threads = 0, queued tasks = 0, completed tasks = 198]
	at org.apache.ratis.util.IOUtils.asIOException(IOUtils.java:56)
	at org.apache.ratis.grpc.GrpcUtil.tryUnwrapException(GrpcUtil.java:121)
	at org.apache.ratis.grpc.GrpcUtil.unwrapThrowable(GrpcUtil.java:82)
	at org.apache.ratis.grpc.GrpcUtil.warn(GrpcUtil.java:178)
	at org.apache.ratis.grpc.server.GrpcLogAppender$AppendLogResponseHandler.onError(GrpcLogAppender.java:405)
	at org.apache.ratis.thirdparty.io.grpc.stub.ClientCalls$StreamObserverToCallListenerAdapter.onClose(ClientCalls.java:487)
	at org.apache.ratis.thirdparty.io.grpc.internal.ClientCallImpl.closeObserver(ClientCallImpl.java:562)
	at org.apache.ratis.thirdparty.io.grpc.internal.ClientCallImpl.access$300(ClientCallImpl.java:70)
	at org.apache.ratis.thirdparty.io.grpc.internal.ClientCallImpl$ClientStreamListenerImpl$1StreamClosed.runInternal(ClientCallImpl.java:743)
	at org.apache.ratis.thirdparty.io.grpc.internal.ClientCallImpl$ClientStreamListenerImpl$1StreamClosed.runInContext(ClientCallImpl.java:722)
	at org.apache.ratis.thirdparty.io.grpc.internal.ContextRunnable.run(ContextRunnable.java:37)
	at org.apache.ratis.thirdparty.io.grpc.internal.SerializingExecutor.run(SerializingExecutor.java:133)
	at java.base/java.util.concurrent.ThreadPoolExecutor.runWorker(ThreadPoolExecutor.java:1128)
	at java.base/java.util.concurrent.ThreadPoolExecutor$Worker.run(ThreadPoolExecutor.java:628)
	at java.base/java.lang.Thread.run(Thread.java:829)
Caused by: java.util.concurrent.RejectedExecutionException: Task java.util.concurrent.CompletableFuture$AsyncSupply@74b50785 rejected from java.util.concurrent.ThreadPoolExecutor@3ad4e2b[Terminated, pool size = 0, active threads = 0, queued tasks = 0, completed tasks = 198]
	at java.base/jdk.internal.reflect.GeneratedConstructorAccessor7.newInstance(Unknown Source)
	at java.base/jdk.internal.reflect.DelegatingConstructorAccessorImpl.newInstance(DelegatingConstructorAccessorImpl.java:45)
	at java.base/java.lang.reflect.Constructor.newInstance(Constructor.java:490)
	at org.apache.ratis.util.ReflectionUtils.instantiateException(ReflectionUtils.java:259)
	at org.apache.ratis.grpc.GrpcUtil.tryUnwrapException(GrpcUtil.java:120)
	... 13 more
Caused by: org.apache.ratis.thirdparty.io.grpc.StatusRuntimeException: INTERNAL: Task java.util.concurrent.CompletableFuture$AsyncSupply@74b50785 rejected from java.util.concurrent.ThreadPoolExecutor@3ad4e2b[Terminated, pool size = 0, active threads = 0, queued tasks = 0, completed tasks = 198]
	at org.apache.ratis.thirdparty.io.grpc.Status.asRuntimeException(Status.java:535)
	... 10 more
	Suppressed: java.lang.IllegalStateException: Failed to cast to class java.io.IOException, object=java.util.concurrent.RejectedExecutionException: Task java.util.concurrent.CompletableFuture$AsyncSupply@74b50785 rejected from java.util.concurrent.ThreadPoolExecutor@3ad4e2b[Terminated, pool size = 0, active threads = 0, queued tasks = 0, completed tasks = 198]
	at java.base/java.util.concurrent.ThreadPoolExecutor$AbortPolicy.rejectedExecution(ThreadPoolExecutor.java:2055)
	at java.base/java.util.concurrent.ThreadPoolExecutor.reject(ThreadPoolExecutor.java:825)
	at java.base/java.util.concurrent.ThreadPoolExecutor.execute(ThreadPoolExecutor.java:1355)
	at java.base/java.util.concurrent.CompletableFuture.asyncSupplyStage(CompletableFuture.java:1714)
	at java.base/java.util.concurrent.CompletableFuture.supplyAsync(CompletableFuture.java:1931)
	at org.apache.ratis.server.impl.RaftServerImpl.executeSubmitServerRequestAsync(RaftServerImpl.java:812)
	at org.apache.ratis.server.impl.RaftServerProxy.lambda$appendEntriesAsync$27(RaftServerProxy.java:634)
	at java.base/java.util.concurrent.CompletableFuture.uniComposeStage(CompletableFuture.java:1106)
	at java.base/java.util.concurrent.CompletableFuture.thenCompose(CompletableFuture.java:2235)
	at org.apache.ratis.server.impl.RaftServerProxy.appendEntriesAsync(RaftServerProxy.java:634)
	at org.apache.ratis.grpc.server.GrpcServerProtocolService$1.process(GrpcServerProtocolService.java:219)
	at org.apache.ratis.grpc.server.GrpcServerProtocolService$1.process(GrpcServerProtocolService.java:216)
	at org.apache.ratis.grpc.server.GrpcServerProtocolService$ServerRequestStreamObserver.onNext(GrpcServerProtocolService.java:124)
	at org.apache.ratis.thirdparty.io.grpc.stub.ServerCalls$StreamingServerCallHandler$StreamingServerCallListener.onMessage(ServerCalls.java:262)
	at org.apache.ratis.thirdparty.io.grpc.ForwardingServerCallListener.onMessage(ForwardingServerCallListener.java:33)
	at org.apache.ratis.thirdparty.io.grpc.internal.ServerCallImpl$ServerStreamListenerImpl.messagesAvailableInternal(ServerCallImpl.java:332)
	at org.apache.ratis.thirdparty.io.grpc.internal.ServerCallImpl$ServerStreamListenerImpl.messagesAvailable(ServerCallImpl.java:315)
	at org.apache.ratis.thirdparty.io.grpc.internal.ServerImpl$JumpToApplicationThreadServerStreamListener$1MessagesAvailable.runInContext(ServerImpl.java:834)
	at org.apache.ratis.thirdparty.io.grpc.internal.ContextRunnable.run(ContextRunnable.java:37)
	at org.apache.ratis.thirdparty.io.grpc.internal.SerializingExecutor.run(SerializingExecutor.java:133)
	at java.base/java.util.concurrent.ThreadPoolExecutor.runWorker(ThreadPoolExecutor.java:1128)
	at java.base/java.util.concurrent.ThreadPoolExecutor$Worker.run(ThreadPoolExecutor.java:628)
	at java.base/java.lang.Thread.run(Thread.java:829)

		at org.apache.ratis.util.IOUtils.readObject(IOUtils.java:237)
		at org.apache.ratis.util.IOUtils.bytes2Object(IOUtils.java:214)
		at org.apache.ratis.grpc.GrpcUtil.tryUnwrapException(GrpcUtil.java:109)
		at org.apache.ratis.grpc.GrpcUtil.unwrapThrowable(GrpcUtil.java:82)
		at org.apache.ratis.grpc.GrpcUtil.warn(GrpcUtil.java:178)
		at org.apache.ratis.grpc.server.GrpcLogAppender$AppendLogResponseHandler.onError(GrpcLogAppender.java:405)
		... 10 more
	Caused by: java.lang.ClassCastException: Cannot cast java.util.concurrent.RejectedExecutionException to java.io.IOException
		at java.base/java.lang.Class.cast(Class.java:3605)
		at org.apache.ratis.util.IOUtils.readObject(IOUtils.java:234)
		... 15 more
2022-10-13 10:40:55,390 [grpc-default-executor-3] INFO  leader.FollowerInfo (FollowerInfoImpl.java:lambda$new$0(48)) - s0@group-6905249F38B1->s1: nextIndex: updateUnconditionally 263 -> 259
2022-10-13 10:40:55,425 [grpc-default-executor-0] WARN  server.GrpcServerProtocolService (LogUtils.java:warn(124)) - s1: Failed APPEND_ENTRIES request s0->s1#258-t2,previous=(t:2, i:258),leaderCommit=262,initializing? true,entries: size=4, first=(t:2, i:259), CONFIGURATIONENTRY(current:id: "s0"
address: "localhost:46195"
dataStreamAddress: "localhost:39399"
clientAddress: "localhost:42765"
adminAddress: "localhost:44717"
startupRole: FOLLOWER
,id: "s1"
address: "0.0.0.0:46693"
clientAddress: "0.0.0.0:46693"
adminAddress: "0.0.0.0:46693"
startupRole: FOLLOWER
,id: "s2"
address: "0.0.0.0:36699"
clientAddress: "0.0.0.0:36699"
adminAddress: "0.0.0.0:36699"
startupRole: FOLLOWER
, old:id: "s0"
address: "localhost:46195"
dataStreamAddress: "localhost:39399"
clientAddress: "localhost:42765"
adminAddress: "localhost:44717"
startupRole: FOLLOWER
)
java.util.concurrent.CompletionException: java.util.concurrent.RejectedExecutionException: Task java.util.concurrent.CompletableFuture$AsyncSupply@66df9b5c rejected from java.util.concurrent.ThreadPoolExecutor@3ad4e2b[Terminated, pool size = 0, active threads = 0, queued tasks = 0, completed tasks = 198]
	at java.base/java.util.concurrent.CompletableFuture.encodeThrowable(CompletableFuture.java:314)
	at java.base/java.util.concurrent.CompletableFuture.uniComposeStage(CompletableFuture.java:1113)
	at java.base/java.util.concurrent.CompletableFuture.thenCompose(CompletableFuture.java:2235)
	at org.apache.ratis.server.impl.RaftServerProxy.appendEntriesAsync(RaftServerProxy.java:634)
	at org.apache.ratis.grpc.server.GrpcServerProtocolService$1.process(GrpcServerProtocolService.java:219)
	at org.apache.ratis.grpc.server.GrpcServerProtocolService$1.process(GrpcServerProtocolService.java:216)
	at org.apache.ratis.grpc.server.GrpcServerProtocolService$ServerRequestStreamObserver.onNext(GrpcServerProtocolService.java:124)
	at org.apache.ratis.thirdparty.io.grpc.stub.ServerCalls$StreamingServerCallHandler$StreamingServerCallListener.onMessage(ServerCalls.java:262)
	at org.apache.ratis.thirdparty.io.grpc.ForwardingServerCallListener.onMessage(ForwardingServerCallListener.java:33)
	at org.apache.ratis.thirdparty.io.grpc.internal.ServerCallImpl$ServerStreamListenerImpl.messagesAvailableInternal(ServerCallImpl.java:332)
	at org.apache.ratis.thirdparty.io.grpc.internal.ServerCallImpl$ServerStreamListenerImpl.messagesAvailable(ServerCallImpl.java:315)
	at org.apache.ratis.thirdparty.io.grpc.internal.ServerImpl$JumpToApplicationThreadServerStreamListener$1MessagesAvailable.runInContext(ServerImpl.java:834)
	at org.apache.ratis.thirdparty.io.grpc.internal.ContextRunnable.run(ContextRunnable.java:37)
	at org.apache.ratis.thirdparty.io.grpc.internal.SerializingExecutor.run(SerializingExecutor.java:133)
	at java.base/java.util.concurrent.ThreadPoolExecutor.runWorker(ThreadPoolExecutor.java:1128)
	at java.base/java.util.concurrent.ThreadPoolExecutor$Worker.run(ThreadPoolExecutor.java:628)
	at java.base/java.lang.Thread.run(Thread.java:829)
Caused by: java.util.concurrent.RejectedExecutionException: Task java.util.concurrent.CompletableFuture$AsyncSupply@66df9b5c rejected from java.util.concurrent.ThreadPoolExecutor@3ad4e2b[Terminated, pool size = 0, active threads = 0, queued tasks = 0, completed tasks = 198]
	at java.base/java.util.concurrent.ThreadPoolExecutor$AbortPolicy.rejectedExecution(ThreadPoolExecutor.java:2055)
	at java.base/java.util.concurrent.ThreadPoolExecutor.reject(ThreadPoolExecutor.java:825)
	at java.base/java.util.concurrent.ThreadPoolExecutor.execute(ThreadPoolExecutor.java:1355)
	at java.base/java.util.concurrent.CompletableFuture.asyncSupplyStage(CompletableFuture.java:1714)
	at java.base/java.util.concurrent.CompletableFuture.supplyAsync(CompletableFuture.java:1931)
	at org.apache.ratis.server.impl.RaftServerImpl.executeSubmitServerRequestAsync(RaftServerImpl.java:812)
	at org.apache.ratis.server.impl.RaftServerProxy.lambda$appendEntriesAsync$27(RaftServerProxy.java:634)
	at java.base/java.util.concurrent.CompletableFuture.uniComposeStage(CompletableFuture.java:1106)
	... 15 more
2022-10-13 10:40:55,427 [grpc-default-executor-2] WARN  server.GrpcLogAppender (LogUtils.java:warn(124)) - s0@group-6905249F38B1->s1-AppendLogResponseHandler: Failed appendEntries
java.io.IOException: java.util.concurrent.RejectedExecutionException: Task java.util.concurrent.CompletableFuture$AsyncSupply@66df9b5c rejected from java.util.concurrent.ThreadPoolExecutor@3ad4e2b[Terminated, pool size = 0, active threads = 0, queued tasks = 0, completed tasks = 198]
	at org.apache.ratis.util.IOUtils.asIOException(IOUtils.java:56)
	at org.apache.ratis.grpc.GrpcUtil.tryUnwrapException(GrpcUtil.java:121)
	at org.apache.ratis.grpc.GrpcUtil.unwrapThrowable(GrpcUtil.java:82)
	at org.apache.ratis.grpc.GrpcUtil.warn(GrpcUtil.java:178)
	at org.apache.ratis.grpc.server.GrpcLogAppender$AppendLogResponseHandler.onError(GrpcLogAppender.java:405)
	at org.apache.ratis.thirdparty.io.grpc.stub.ClientCalls$StreamObserverToCallListenerAdapter.onClose(ClientCalls.java:487)
	at org.apache.ratis.thirdparty.io.grpc.internal.ClientCallImpl.closeObserver(ClientCallImpl.java:562)
	at org.apache.ratis.thirdparty.io.grpc.internal.ClientCallImpl.access$300(ClientCallImpl.java:70)
	at org.apache.ratis.thirdparty.io.grpc.internal.ClientCallImpl$ClientStreamListenerImpl$1StreamClosed.runInternal(ClientCallImpl.java:743)
	at org.apache.ratis.thirdparty.io.grpc.internal.ClientCallImpl$ClientStreamListenerImpl$1StreamClosed.runInContext(ClientCallImpl.java:722)
	at org.apache.ratis.thirdparty.io.grpc.internal.ContextRunnable.run(ContextRunnable.java:37)
	at org.apache.ratis.thirdparty.io.grpc.internal.SerializingExecutor.run(SerializingExecutor.java:133)
	at java.base/java.util.concurrent.ThreadPoolExecutor.runWorker(ThreadPoolExecutor.java:1128)
	at java.base/java.util.concurrent.ThreadPoolExecutor$Worker.run(ThreadPoolExecutor.java:628)
	at java.base/java.lang.Thread.run(Thread.java:829)
Caused by: java.util.concurrent.RejectedExecutionException: Task java.util.concurrent.CompletableFuture$AsyncSupply@66df9b5c rejected from java.util.concurrent.ThreadPoolExecutor@3ad4e2b[Terminated, pool size = 0, active threads = 0, queued tasks = 0, completed tasks = 198]
	at java.base/jdk.internal.reflect.GeneratedConstructorAccessor7.newInstance(Unknown Source)
	at java.base/jdk.internal.reflect.DelegatingConstructorAccessorImpl.newInstance(DelegatingConstructorAccessorImpl.java:45)
	at java.base/java.lang.reflect.Constructor.newInstance(Constructor.java:490)
	at org.apache.ratis.util.ReflectionUtils.instantiateException(ReflectionUtils.java:259)
	at org.apache.ratis.grpc.GrpcUtil.tryUnwrapException(GrpcUtil.java:120)
	... 13 more
Caused by: org.apache.ratis.thirdparty.io.grpc.StatusRuntimeException: INTERNAL: Task java.util.concurrent.CompletableFuture$AsyncSupply@66df9b5c rejected from java.util.concurrent.ThreadPoolExecutor@3ad4e2b[Terminated, pool size = 0, active threads = 0, queued tasks = 0, completed tasks = 198]
	at org.apache.ratis.thirdparty.io.grpc.Status.asRuntimeException(Status.java:535)
	... 10 more
	Suppressed: java.lang.IllegalStateException: Failed to cast to class java.io.IOException, object=java.util.concurrent.RejectedExecutionException: Task java.util.concurrent.CompletableFuture$AsyncSupply@66df9b5c rejected from java.util.concurrent.ThreadPoolExecutor@3ad4e2b[Terminated, pool size = 0, active threads = 0, queued tasks = 0, completed tasks = 198]
	at java.base/java.util.concurrent.ThreadPoolExecutor$AbortPolicy.rejectedExecution(ThreadPoolExecutor.java:2055)
	at java.base/java.util.concurrent.ThreadPoolExecutor.reject(ThreadPoolExecutor.java:825)
	at java.base/java.util.concurrent.ThreadPoolExecutor.execute(ThreadPoolExecutor.java:1355)
	at java.base/java.util.concurrent.CompletableFuture.asyncSupplyStage(CompletableFuture.java:1714)
	at java.base/java.util.concurrent.CompletableFuture.supplyAsync(CompletableFuture.java:1931)
	at org.apache.ratis.server.impl.RaftServerImpl.executeSubmitServerRequestAsync(RaftServerImpl.java:812)
	at org.apache.ratis.server.impl.RaftServerProxy.lambda$appendEntriesAsync$27(RaftServerProxy.java:634)
	at java.base/java.util.concurrent.CompletableFuture.uniComposeStage(CompletableFuture.java:1106)
	at java.base/java.util.concurrent.CompletableFuture.thenCompose(CompletableFuture.java:2235)
	at org.apache.ratis.server.impl.RaftServerProxy.appendEntriesAsync(RaftServerProxy.java:634)
	at org.apache.ratis.grpc.server.GrpcServerProtocolService$1.process(GrpcServerProtocolService.java:219)
	at org.apache.ratis.grpc.server.GrpcServerProtocolService$1.process(GrpcServerProtocolService.java:216)
	at org.apache.ratis.grpc.server.GrpcServerProtocolService$ServerRequestStreamObserver.onNext(GrpcServerProtocolService.java:124)
	at org.apache.ratis.thirdparty.io.grpc.stub.ServerCalls$StreamingServerCallHandler$StreamingServerCallListener.onMessage(ServerCalls.java:262)
	at org.apache.ratis.thirdparty.io.grpc.ForwardingServerCallListener.onMessage(ForwardingServerCallListener.java:33)
	at org.apache.ratis.thirdparty.io.grpc.internal.ServerCallImpl$ServerStreamListenerImpl.messagesAvailableInternal(ServerCallImpl.java:332)
	at org.apache.ratis.thirdparty.io.grpc.internal.ServerCallImpl$ServerStreamListenerImpl.messagesAvailable(ServerCallImpl.java:315)
	at org.apache.ratis.thirdparty.io.grpc.internal.ServerImpl$JumpToApplicationThreadServerStreamListener$1MessagesAvailable.runInContext(ServerImpl.java:834)
	at org.apache.ratis.thirdparty.io.grpc.internal.ContextRunnable.run(ContextRunnable.java:37)
	at org.apache.ratis.thirdparty.io.grpc.internal.SerializingExecutor.run(SerializingExecutor.java:133)
	at java.base/java.util.concurrent.ThreadPoolExecutor.runWorker(ThreadPoolExecutor.java:1128)
	at java.base/java.util.concurrent.ThreadPoolExecutor$Worker.run(ThreadPoolExecutor.java:628)
	at java.base/java.lang.Thread.run(Thread.java:829)

		at org.apache.ratis.util.IOUtils.readObject(IOUtils.java:237)
		at org.apache.ratis.util.IOUtils.bytes2Object(IOUtils.java:214)
		at org.apache.ratis.grpc.GrpcUtil.tryUnwrapException(GrpcUtil.java:109)
		at org.apache.ratis.grpc.GrpcUtil.unwrapThrowable(GrpcUtil.java:82)
		at org.apache.ratis.grpc.GrpcUtil.warn(GrpcUtil.java:178)
		at org.apache.ratis.grpc.server.GrpcLogAppender$AppendLogResponseHandler.onError(GrpcLogAppender.java:405)
		... 10 more
	Caused by: java.lang.ClassCastException: Cannot cast java.util.concurrent.RejectedExecutionException to java.io.IOException
		at java.base/java.lang.Class.cast(Class.java:3605)
		at org.apache.ratis.util.IOUtils.readObject(IOUtils.java:234)
		... 15 more
2022-10-13 10:40:55,428 [grpc-default-executor-2] INFO  leader.FollowerInfo (FollowerInfoImpl.java:lambda$new$0(48)) - s0@group-6905249F38B1->s1: nextIndex: updateUnconditionally 263 -> 259
2022-10-13 10:40:55,463 [grpc-default-executor-0] WARN  server.GrpcServerProtocolService (LogUtils.java:warn(124)) - s1: Failed APPEND_ENTRIES request s0->s1#260-t2,previous=(t:2, i:258),leaderCommit=262,initializing? true,entries: size=4, first=(t:2, i:259), CONFIGURATIONENTRY(current:id: "s0"
address: "localhost:46195"
dataStreamAddress: "localhost:39399"
clientAddress: "localhost:42765"
adminAddress: "localhost:44717"
startupRole: FOLLOWER
,id: "s1"
address: "0.0.0.0:46693"
clientAddress: "0.0.0.0:46693"
adminAddress: "0.0.0.0:46693"
startupRole: FOLLOWER
,id: "s2"
address: "0.0.0.0:36699"
clientAddress: "0.0.0.0:36699"
adminAddress: "0.0.0.0:36699"
startupRole: FOLLOWER
, old:id: "s0"
address: "localhost:46195"
dataStreamAddress: "localhost:39399"
clientAddress: "localhost:42765"
adminAddress: "localhost:44717"
startupRole: FOLLOWER
)
java.util.concurrent.CompletionException: java.util.concurrent.RejectedExecutionException: Task java.util.concurrent.CompletableFuture$AsyncSupply@18885535 rejected from java.util.concurrent.ThreadPoolExecutor@3ad4e2b[Terminated, pool size = 0, active threads = 0, queued tasks = 0, completed tasks = 198]
	at java.base/java.util.concurrent.CompletableFuture.encodeThrowable(CompletableFuture.java:314)
	at java.base/java.util.concurrent.CompletableFuture.uniComposeStage(CompletableFuture.java:1113)
	at java.base/java.util.concurrent.CompletableFuture.thenCompose(CompletableFuture.java:2235)
	at org.apache.ratis.server.impl.RaftServerProxy.appendEntriesAsync(RaftServerProxy.java:634)
	at org.apache.ratis.grpc.server.GrpcServerProtocolService$1.process(GrpcServerProtocolService.java:219)
	at org.apache.ratis.grpc.server.GrpcServerProtocolService$1.process(GrpcServerProtocolService.java:216)
	at org.apache.ratis.grpc.server.GrpcServerProtocolService$ServerRequestStreamObserver.onNext(GrpcServerProtocolService.java:124)
	at org.apache.ratis.thirdparty.io.grpc.stub.ServerCalls$StreamingServerCallHandler$StreamingServerCallListener.onMessage(ServerCalls.java:262)
	at org.apache.ratis.thirdparty.io.grpc.ForwardingServerCallListener.onMessage(ForwardingServerCallListener.java:33)
	at org.apache.ratis.thirdparty.io.grpc.internal.ServerCallImpl$ServerStreamListenerImpl.messagesAvailableInternal(ServerCallImpl.java:332)
	at org.apache.ratis.thirdparty.io.grpc.internal.ServerCallImpl$ServerStreamListenerImpl.messagesAvailable(ServerCallImpl.java:315)
	at org.apache.ratis.thirdparty.io.grpc.internal.ServerImpl$JumpToApplicationThreadServerStreamListener$1MessagesAvailable.runInContext(ServerImpl.java:834)
	at org.apache.ratis.thirdparty.io.grpc.internal.ContextRunnable.run(ContextRunnable.java:37)
	at org.apache.ratis.thirdparty.io.grpc.internal.SerializingExecutor.run(SerializingExecutor.java:133)
	at java.base/java.util.concurrent.ThreadPoolExecutor.runWorker(ThreadPoolExecutor.java:1128)
	at java.base/java.util.concurrent.ThreadPoolExecutor$Worker.run(ThreadPoolExecutor.java:628)
	at java.base/java.lang.Thread.run(Thread.java:829)
Caused by: java.util.concurrent.RejectedExecutionException: Task java.util.concurrent.CompletableFuture$AsyncSupply@18885535 rejected from java.util.concurrent.ThreadPoolExecutor@3ad4e2b[Terminated, pool size = 0, active threads = 0, queued tasks = 0, completed tasks = 198]
	at java.base/java.util.concurrent.ThreadPoolExecutor$AbortPolicy.rejectedExecution(ThreadPoolExecutor.java:2055)
	at java.base/java.util.concurrent.ThreadPoolExecutor.reject(ThreadPoolExecutor.java:825)
	at java.base/java.util.concurrent.ThreadPoolExecutor.execute(ThreadPoolExecutor.java:1355)
	at java.base/java.util.concurrent.CompletableFuture.asyncSupplyStage(CompletableFuture.java:1714)
	at java.base/java.util.concurrent.CompletableFuture.supplyAsync(CompletableFuture.java:1931)
	at org.apache.ratis.server.impl.RaftServerImpl.executeSubmitServerRequestAsync(RaftServerImpl.java:812)
	at org.apache.ratis.server.impl.RaftServerProxy.lambda$appendEntriesAsync$27(RaftServerProxy.java:634)
	at java.base/java.util.concurrent.CompletableFuture.uniComposeStage(CompletableFuture.java:1106)
	... 15 more
2022-10-13 10:40:55,465 [grpc-default-executor-2] WARN  server.GrpcLogAppender (LogUtils.java:warn(124)) - s0@group-6905249F38B1->s1-AppendLogResponseHandler: Failed appendEntries
java.io.IOException: java.util.concurrent.RejectedExecutionException: Task java.util.concurrent.CompletableFuture$AsyncSupply@18885535 rejected from java.util.concurrent.ThreadPoolExecutor@3ad4e2b[Terminated, pool size = 0, active threads = 0, queued tasks = 0, completed tasks = 198]
	at org.apache.ratis.util.IOUtils.asIOException(IOUtils.java:56)
	at org.apache.ratis.grpc.GrpcUtil.tryUnwrapException(GrpcUtil.java:121)
	at org.apache.ratis.grpc.GrpcUtil.unwrapThrowable(GrpcUtil.java:82)
	at org.apache.ratis.grpc.GrpcUtil.warn(GrpcUtil.java:178)
	at org.apache.ratis.grpc.server.GrpcLogAppender$AppendLogResponseHandler.onError(GrpcLogAppender.java:405)
	at org.apache.ratis.thirdparty.io.grpc.stub.ClientCalls$StreamObserverToCallListenerAdapter.onClose(ClientCalls.java:487)
	at org.apache.ratis.thirdparty.io.grpc.internal.ClientCallImpl.closeObserver(ClientCallImpl.java:562)
	at org.apache.ratis.thirdparty.io.grpc.internal.ClientCallImpl.access$300(ClientCallImpl.java:70)
	at org.apache.ratis.thirdparty.io.grpc.internal.ClientCallImpl$ClientStreamListenerImpl$1StreamClosed.runInternal(ClientCallImpl.java:743)
	at org.apache.ratis.thirdparty.io.grpc.internal.ClientCallImpl$ClientStreamListenerImpl$1StreamClosed.runInContext(ClientCallImpl.java:722)
	at org.apache.ratis.thirdparty.io.grpc.internal.ContextRunnable.run(ContextRunnable.java:37)
	at org.apache.ratis.thirdparty.io.grpc.internal.SerializingExecutor.run(SerializingExecutor.java:133)
	at java.base/java.util.concurrent.ThreadPoolExecutor.runWorker(ThreadPoolExecutor.java:1128)
	at java.base/java.util.concurrent.ThreadPoolExecutor$Worker.run(ThreadPoolExecutor.java:628)
	at java.base/java.lang.Thread.run(Thread.java:829)
Caused by: java.util.concurrent.RejectedExecutionException: Task java.util.concurrent.CompletableFuture$AsyncSupply@18885535 rejected from java.util.concurrent.ThreadPoolExecutor@3ad4e2b[Terminated, pool size = 0, active threads = 0, queued tasks = 0, completed tasks = 198]
	at java.base/jdk.internal.reflect.GeneratedConstructorAccessor7.newInstance(Unknown Source)
	at java.base/jdk.internal.reflect.DelegatingConstructorAccessorImpl.newInstance(DelegatingConstructorAccessorImpl.java:45)
	at java.base/java.lang.reflect.Constructor.newInstance(Constructor.java:490)
	at org.apache.ratis.util.ReflectionUtils.instantiateException(ReflectionUtils.java:259)
	at org.apache.ratis.grpc.GrpcUtil.tryUnwrapException(GrpcUtil.java:120)
	... 13 more
Caused by: org.apache.ratis.thirdparty.io.grpc.StatusRuntimeException: INTERNAL: Task java.util.concurrent.CompletableFuture$AsyncSupply@18885535 rejected from java.util.concurrent.ThreadPoolExecutor@3ad4e2b[Terminated, pool size = 0, active threads = 0, queued tasks = 0, completed tasks = 198]
	at org.apache.ratis.thirdparty.io.grpc.Status.asRuntimeException(Status.java:535)
	... 10 more
	Suppressed: java.lang.IllegalStateException: Failed to cast to class java.io.IOException, object=java.util.concurrent.RejectedExecutionException: Task java.util.concurrent.CompletableFuture$AsyncSupply@18885535 rejected from java.util.concurrent.ThreadPoolExecutor@3ad4e2b[Terminated, pool size = 0, active threads = 0, queued tasks = 0, completed tasks = 198]
	at java.base/java.util.concurrent.ThreadPoolExecutor$AbortPolicy.rejectedExecution(ThreadPoolExecutor.java:2055)
	at java.base/java.util.concurrent.ThreadPoolExecutor.reject(ThreadPoolExecutor.java:825)
	at java.base/java.util.concurrent.ThreadPoolExecutor.execute(ThreadPoolExecutor.java:1355)
	at java.base/java.util.concurrent.CompletableFuture.asyncSupplyStage(CompletableFuture.java:1714)
	at java.base/java.util.concurrent.CompletableFuture.supplyAsync(CompletableFuture.java:1931)
	at org.apache.ratis.server.impl.RaftServerImpl.executeSubmitServerRequestAsync(RaftServerImpl.java:812)
	at org.apache.ratis.server.impl.RaftServerProxy.lambda$appendEntriesAsync$27(RaftServerProxy.java:634)
	at java.base/java.util.concurrent.CompletableFuture.uniComposeStage(CompletableFuture.java:1106)
	at java.base/java.util.concurrent.CompletableFuture.thenCompose(CompletableFuture.java:2235)
	at org.apache.ratis.server.impl.RaftServerProxy.appendEntriesAsync(RaftServerProxy.java:634)
	at org.apache.ratis.grpc.server.GrpcServerProtocolService$1.process(GrpcServerProtocolService.java:219)
	at org.apache.ratis.grpc.server.GrpcServerProtocolService$1.process(GrpcServerProtocolService.java:216)
	at org.apache.ratis.grpc.server.GrpcServerProtocolService$ServerRequestStreamObserver.onNext(GrpcServerProtocolService.java:124)
	at org.apache.ratis.thirdparty.io.grpc.stub.ServerCalls$StreamingServerCallHandler$StreamingServerCallListener.onMessage(ServerCalls.java:262)
	at org.apache.ratis.thirdparty.io.grpc.ForwardingServerCallListener.onMessage(ForwardingServerCallListener.java:33)
	at org.apache.ratis.thirdparty.io.grpc.internal.ServerCallImpl$ServerStreamListenerImpl.messagesAvailableInternal(ServerCallImpl.java:332)
	at org.apache.ratis.thirdparty.io.grpc.internal.ServerCallImpl$ServerStreamListenerImpl.messagesAvailable(ServerCallImpl.java:315)
	at org.apache.ratis.thirdparty.io.grpc.internal.ServerImpl$JumpToApplicationThreadServerStreamListener$1MessagesAvailable.runInContext(ServerImpl.java:834)
	at org.apache.ratis.thirdparty.io.grpc.internal.ContextRunnable.run(ContextRunnable.java:37)
	at org.apache.ratis.thirdparty.io.grpc.internal.SerializingExecutor.run(SerializingExecutor.java:133)
	at java.base/java.util.concurrent.ThreadPoolExecutor.runWorker(ThreadPoolExecutor.java:1128)
	at java.base/java.util.concurrent.ThreadPoolExecutor$Worker.run(ThreadPoolExecutor.java:628)
	at java.base/java.lang.Thread.run(Thread.java:829)

		at org.apache.ratis.util.IOUtils.readObject(IOUtils.java:237)
		at org.apache.ratis.util.IOUtils.bytes2Object(IOUtils.java:214)
		at org.apache.ratis.grpc.GrpcUtil.tryUnwrapException(GrpcUtil.java:109)
		at org.apache.ratis.grpc.GrpcUtil.unwrapThrowable(GrpcUtil.java:82)
		at org.apache.ratis.grpc.GrpcUtil.warn(GrpcUtil.java:178)
		at org.apache.ratis.grpc.server.GrpcLogAppender$AppendLogResponseHandler.onError(GrpcLogAppender.java:405)
		... 10 more
	Caused by: java.lang.ClassCastException: Cannot cast java.util.concurrent.RejectedExecutionException to java.io.IOException
		at java.base/java.lang.Class.cast(Class.java:3605)
		at org.apache.ratis.util.IOUtils.readObject(IOUtils.java:234)
		... 15 more
2022-10-13 10:40:55,466 [grpc-default-executor-2] INFO  leader.FollowerInfo (FollowerInfoImpl.java:lambda$new$0(48)) - s0@group-6905249F38B1->s1: nextIndex: updateUnconditionally 263 -> 259
2022-10-13 10:40:55,500 [grpc-default-executor-0] WARN  server.GrpcServerProtocolService (LogUtils.java:warn(124)) - s1: Failed APPEND_ENTRIES request s0->s1#262-t2,previous=(t:2, i:258),leaderCommit=262,initializing? true,entries: size=4, first=(t:2, i:259), CONFIGURATIONENTRY(current:id: "s0"
address: "localhost:46195"
dataStreamAddress: "localhost:39399"
clientAddress: "localhost:42765"
adminAddress: "localhost:44717"
startupRole: FOLLOWER
,id: "s1"
address: "0.0.0.0:46693"
clientAddress: "0.0.0.0:46693"
adminAddress: "0.0.0.0:46693"
startupRole: FOLLOWER
,id: "s2"
address: "0.0.0.0:36699"
clientAddress: "0.0.0.0:36699"
adminAddress: "0.0.0.0:36699"
startupRole: FOLLOWER
, old:id: "s0"
address: "localhost:46195"
dataStreamAddress: "localhost:39399"
clientAddress: "localhost:42765"
adminAddress: "localhost:44717"
startupRole: FOLLOWER
)
java.util.concurrent.CompletionException: java.util.concurrent.RejectedExecutionException: Task java.util.concurrent.CompletableFuture$AsyncSupply@2df44b4a rejected from java.util.concurrent.ThreadPoolExecutor@3ad4e2b[Terminated, pool size = 0, active threads = 0, queued tasks = 0, completed tasks = 198]
	at java.base/java.util.concurrent.CompletableFuture.encodeThrowable(CompletableFuture.java:314)
	at java.base/java.util.concurrent.CompletableFuture.uniComposeStage(CompletableFuture.java:1113)
	at java.base/java.util.concurrent.CompletableFuture.thenCompose(CompletableFuture.java:2235)
	at org.apache.ratis.server.impl.RaftServerProxy.appendEntriesAsync(RaftServerProxy.java:634)
	at org.apache.ratis.grpc.server.GrpcServerProtocolService$1.process(GrpcServerProtocolService.java:219)
	at org.apache.ratis.grpc.server.GrpcServerProtocolService$1.process(GrpcServerProtocolService.java:216)
	at org.apache.ratis.grpc.server.GrpcServerProtocolService$ServerRequestStreamObserver.onNext(GrpcServerProtocolService.java:124)
	at org.apache.ratis.thirdparty.io.grpc.stub.ServerCalls$StreamingServerCallHandler$StreamingServerCallListener.onMessage(ServerCalls.java:262)
	at org.apache.ratis.thirdparty.io.grpc.ForwardingServerCallListener.onMessage(ForwardingServerCallListener.java:33)
	at org.apache.ratis.thirdparty.io.grpc.internal.ServerCallImpl$ServerStreamListenerImpl.messagesAvailableInternal(ServerCallImpl.java:332)
	at org.apache.ratis.thirdparty.io.grpc.internal.ServerCallImpl$ServerStreamListenerImpl.messagesAvailable(ServerCallImpl.java:315)
	at org.apache.ratis.thirdparty.io.grpc.internal.ServerImpl$JumpToApplicationThreadServerStreamListener$1MessagesAvailable.runInContext(ServerImpl.java:834)
	at org.apache.ratis.thirdparty.io.grpc.internal.ContextRunnable.run(ContextRunnable.java:37)
	at org.apache.ratis.thirdparty.io.grpc.internal.SerializingExecutor.run(SerializingExecutor.java:133)
	at java.base/java.util.concurrent.ThreadPoolExecutor.runWorker(ThreadPoolExecutor.java:1128)
	at java.base/java.util.concurrent.ThreadPoolExecutor$Worker.run(ThreadPoolExecutor.java:628)
	at java.base/java.lang.Thread.run(Thread.java:829)
Caused by: java.util.concurrent.RejectedExecutionException: Task java.util.concurrent.CompletableFuture$AsyncSupply@2df44b4a rejected from java.util.concurrent.ThreadPoolExecutor@3ad4e2b[Terminated, pool size = 0, active threads = 0, queued tasks = 0, completed tasks = 198]
	at java.base/java.util.concurrent.ThreadPoolExecutor$AbortPolicy.rejectedExecution(ThreadPoolExecutor.java:2055)
	at java.base/java.util.concurrent.ThreadPoolExecutor.reject(ThreadPoolExecutor.java:825)
	at java.base/java.util.concurrent.ThreadPoolExecutor.execute(ThreadPoolExecutor.java:1355)
	at java.base/java.util.concurrent.CompletableFuture.asyncSupplyStage(CompletableFuture.java:1714)
	at java.base/java.util.concurrent.CompletableFuture.supplyAsync(CompletableFuture.java:1931)
	at org.apache.ratis.server.impl.RaftServerImpl.executeSubmitServerRequestAsync(RaftServerImpl.java:812)
	at org.apache.ratis.server.impl.RaftServerProxy.lambda$appendEntriesAsync$27(RaftServerProxy.java:634)
	at java.base/java.util.concurrent.CompletableFuture.uniComposeStage(CompletableFuture.java:1106)
	... 15 more
2022-10-13 10:40:55,503 [grpc-default-executor-2] WARN  server.GrpcLogAppender (LogUtils.java:warn(124)) - s0@group-6905249F38B1->s1-AppendLogResponseHandler: Failed appendEntries
java.io.IOException: java.util.concurrent.RejectedExecutionException: Task java.util.concurrent.CompletableFuture$AsyncSupply@2df44b4a rejected from java.util.concurrent.ThreadPoolExecutor@3ad4e2b[Terminated, pool size = 0, active threads = 0, queued tasks = 0, completed tasks = 198]
	at org.apache.ratis.util.IOUtils.asIOException(IOUtils.java:56)
	at org.apache.ratis.grpc.GrpcUtil.tryUnwrapException(GrpcUtil.java:121)
	at org.apache.ratis.grpc.GrpcUtil.unwrapThrowable(GrpcUtil.java:82)
	at org.apache.ratis.grpc.GrpcUtil.warn(GrpcUtil.java:178)
	at org.apache.ratis.grpc.server.GrpcLogAppender$AppendLogResponseHandler.onError(GrpcLogAppender.java:405)
	at org.apache.ratis.thirdparty.io.grpc.stub.ClientCalls$StreamObserverToCallListenerAdapter.onClose(ClientCalls.java:487)
	at org.apache.ratis.thirdparty.io.grpc.internal.ClientCallImpl.closeObserver(ClientCallImpl.java:562)
	at org.apache.ratis.thirdparty.io.grpc.internal.ClientCallImpl.access$300(ClientCallImpl.java:70)
	at org.apache.ratis.thirdparty.io.grpc.internal.ClientCallImpl$ClientStreamListenerImpl$1StreamClosed.runInternal(ClientCallImpl.java:743)
	at org.apache.ratis.thirdparty.io.grpc.internal.ClientCallImpl$ClientStreamListenerImpl$1StreamClosed.runInContext(ClientCallImpl.java:722)
	at org.apache.ratis.thirdparty.io.grpc.internal.ContextRunnable.run(ContextRunnable.java:37)
	at org.apache.ratis.thirdparty.io.grpc.internal.SerializingExecutor.run(SerializingExecutor.java:133)
	at java.base/java.util.concurrent.ThreadPoolExecutor.runWorker(ThreadPoolExecutor.java:1128)
	at java.base/java.util.concurrent.ThreadPoolExecutor$Worker.run(ThreadPoolExecutor.java:628)
	at java.base/java.lang.Thread.run(Thread.java:829)
Caused by: java.util.concurrent.RejectedExecutionException: Task java.util.concurrent.CompletableFuture$AsyncSupply@2df44b4a rejected from java.util.concurrent.ThreadPoolExecutor@3ad4e2b[Terminated, pool size = 0, active threads = 0, queued tasks = 0, completed tasks = 198]
	at java.base/jdk.internal.reflect.GeneratedConstructorAccessor7.newInstance(Unknown Source)
	at java.base/jdk.internal.reflect.DelegatingConstructorAccessorImpl.newInstance(DelegatingConstructorAccessorImpl.java:45)
	at java.base/java.lang.reflect.Constructor.newInstance(Constructor.java:490)
	at org.apache.ratis.util.ReflectionUtils.instantiateException(ReflectionUtils.java:259)
	at org.apache.ratis.grpc.GrpcUtil.tryUnwrapException(GrpcUtil.java:120)
	... 13 more
Caused by: org.apache.ratis.thirdparty.io.grpc.StatusRuntimeException: INTERNAL: Task java.util.concurrent.CompletableFuture$AsyncSupply@2df44b4a rejected from java.util.concurrent.ThreadPoolExecutor@3ad4e2b[Terminated, pool size = 0, active threads = 0, queued tasks = 0, completed tasks = 198]
	at org.apache.ratis.thirdparty.io.grpc.Status.asRuntimeException(Status.java:535)
	... 10 more
	Suppressed: java.lang.IllegalStateException: Failed to cast to class java.io.IOException, object=java.util.concurrent.RejectedExecutionException: Task java.util.concurrent.CompletableFuture$AsyncSupply@2df44b4a rejected from java.util.concurrent.ThreadPoolExecutor@3ad4e2b[Terminated, pool size = 0, active threads = 0, queued tasks = 0, completed tasks = 198]
	at java.base/java.util.concurrent.ThreadPoolExecutor$AbortPolicy.rejectedExecution(ThreadPoolExecutor.java:2055)
	at java.base/java.util.concurrent.ThreadPoolExecutor.reject(ThreadPoolExecutor.java:825)
	at java.base/java.util.concurrent.ThreadPoolExecutor.execute(ThreadPoolExecutor.java:1355)
	at java.base/java.util.concurrent.CompletableFuture.asyncSupplyStage(CompletableFuture.java:1714)
	at java.base/java.util.concurrent.CompletableFuture.supplyAsync(CompletableFuture.java:1931)
	at org.apache.ratis.server.impl.RaftServerImpl.executeSubmitServerRequestAsync(RaftServerImpl.java:812)
	at org.apache.ratis.server.impl.RaftServerProxy.lambda$appendEntriesAsync$27(RaftServerProxy.java:634)
	at java.base/java.util.concurrent.CompletableFuture.uniComposeStage(CompletableFuture.java:1106)
	at java.base/java.util.concurrent.CompletableFuture.thenCompose(CompletableFuture.java:2235)
	at org.apache.ratis.server.impl.RaftServerProxy.appendEntriesAsync(RaftServerProxy.java:634)
	at org.apache.ratis.grpc.server.GrpcServerProtocolService$1.process(GrpcServerProtocolService.java:219)
	at org.apache.ratis.grpc.server.GrpcServerProtocolService$1.process(GrpcServerProtocolService.java:216)
	at org.apache.ratis.grpc.server.GrpcServerProtocolService$ServerRequestStreamObserver.onNext(GrpcServerProtocolService.java:124)
	at org.apache.ratis.thirdparty.io.grpc.stub.ServerCalls$StreamingServerCallHandler$StreamingServerCallListener.onMessage(ServerCalls.java:262)
	at org.apache.ratis.thirdparty.io.grpc.ForwardingServerCallListener.onMessage(ForwardingServerCallListener.java:33)
	at org.apache.ratis.thirdparty.io.grpc.internal.ServerCallImpl$ServerStreamListenerImpl.messagesAvailableInternal(ServerCallImpl.java:332)
	at org.apache.ratis.thirdparty.io.grpc.internal.ServerCallImpl$ServerStreamListenerImpl.messagesAvailable(ServerCallImpl.java:315)
	at org.apache.ratis.thirdparty.io.grpc.internal.ServerImpl$JumpToApplicationThreadServerStreamListener$1MessagesAvailable.runInContext(ServerImpl.java:834)
	at org.apache.ratis.thirdparty.io.grpc.internal.ContextRunnable.run(ContextRunnable.java:37)
	at org.apache.ratis.thirdparty.io.grpc.internal.SerializingExecutor.run(SerializingExecutor.java:133)
	at java.base/java.util.concurrent.ThreadPoolExecutor.runWorker(ThreadPoolExecutor.java:1128)
	at java.base/java.util.concurrent.ThreadPoolExecutor$Worker.run(ThreadPoolExecutor.java:628)
	at java.base/java.lang.Thread.run(Thread.java:829)

		at org.apache.ratis.util.IOUtils.readObject(IOUtils.java:237)
		at org.apache.ratis.util.IOUtils.bytes2Object(IOUtils.java:214)
		at org.apache.ratis.grpc.GrpcUtil.tryUnwrapException(GrpcUtil.java:109)
		at org.apache.ratis.grpc.GrpcUtil.unwrapThrowable(GrpcUtil.java:82)
		at org.apache.ratis.grpc.GrpcUtil.warn(GrpcUtil.java:178)
		at org.apache.ratis.grpc.server.GrpcLogAppender$AppendLogResponseHandler.onError(GrpcLogAppender.java:405)
		... 10 more
	Caused by: java.lang.ClassCastException: Cannot cast java.util.concurrent.RejectedExecutionException to java.io.IOException
		at java.base/java.lang.Class.cast(Class.java:3605)
		at org.apache.ratis.util.IOUtils.readObject(IOUtils.java:234)
		... 15 more
2022-10-13 10:40:55,503 [grpc-default-executor-2] INFO  leader.FollowerInfo (FollowerInfoImpl.java:lambda$new$0(48)) - s0@group-6905249F38B1->s1: nextIndex: updateUnconditionally 263 -> 259
2022-10-13 10:40:55,538 [grpc-default-executor-0] WARN  server.GrpcServerProtocolService (LogUtils.java:warn(124)) - s1: Failed APPEND_ENTRIES request s0->s1#264-t2,previous=(t:2, i:258),leaderCommit=262,initializing? true,entries: size=4, first=(t:2, i:259), CONFIGURATIONENTRY(current:id: "s0"
address: "localhost:46195"
dataStreamAddress: "localhost:39399"
clientAddress: "localhost:42765"
adminAddress: "localhost:44717"
startupRole: FOLLOWER
,id: "s1"
address: "0.0.0.0:46693"
clientAddress: "0.0.0.0:46693"
adminAddress: "0.0.0.0:46693"
startupRole: FOLLOWER
,id: "s2"
address: "0.0.0.0:36699"
clientAddress: "0.0.0.0:36699"
adminAddress: "0.0.0.0:36699"
startupRole: FOLLOWER
, old:id: "s0"
address: "localhost:46195"
dataStreamAddress: "localhost:39399"
clientAddress: "localhost:42765"
adminAddress: "localhost:44717"
startupRole: FOLLOWER
)
java.util.concurrent.CompletionException: java.util.concurrent.RejectedExecutionException: Task java.util.concurrent.CompletableFuture$AsyncSupply@692b049e rejected from java.util.concurrent.ThreadPoolExecutor@3ad4e2b[Terminated, pool size = 0, active threads = 0, queued tasks = 0, completed tasks = 198]
	at java.base/java.util.concurrent.CompletableFuture.encodeThrowable(CompletableFuture.java:314)
	at java.base/java.util.concurrent.CompletableFuture.uniComposeStage(CompletableFuture.java:1113)
	at java.base/java.util.concurrent.CompletableFuture.thenCompose(CompletableFuture.java:2235)
	at org.apache.ratis.server.impl.RaftServerProxy.appendEntriesAsync(RaftServerProxy.java:634)
	at org.apache.ratis.grpc.server.GrpcServerProtocolService$1.process(GrpcServerProtocolService.java:219)
	at org.apache.ratis.grpc.server.GrpcServerProtocolService$1.process(GrpcServerProtocolService.java:216)
	at org.apache.ratis.grpc.server.GrpcServerProtocolService$ServerRequestStreamObserver.onNext(GrpcServerProtocolService.java:124)
	at org.apache.ratis.thirdparty.io.grpc.stub.ServerCalls$StreamingServerCallHandler$StreamingServerCallListener.onMessage(ServerCalls.java:262)
	at org.apache.ratis.thirdparty.io.grpc.ForwardingServerCallListener.onMessage(ForwardingServerCallListener.java:33)
	at org.apache.ratis.thirdparty.io.grpc.internal.ServerCallImpl$ServerStreamListenerImpl.messagesAvailableInternal(ServerCallImpl.java:332)
	at org.apache.ratis.thirdparty.io.grpc.internal.ServerCallImpl$ServerStreamListenerImpl.messagesAvailable(ServerCallImpl.java:315)
	at org.apache.ratis.thirdparty.io.grpc.internal.ServerImpl$JumpToApplicationThreadServerStreamListener$1MessagesAvailable.runInContext(ServerImpl.java:834)
	at org.apache.ratis.thirdparty.io.grpc.internal.ContextRunnable.run(ContextRunnable.java:37)
	at org.apache.ratis.thirdparty.io.grpc.internal.SerializingExecutor.run(SerializingExecutor.java:133)
	at java.base/java.util.concurrent.ThreadPoolExecutor.runWorker(ThreadPoolExecutor.java:1128)
	at java.base/java.util.concurrent.ThreadPoolExecutor$Worker.run(ThreadPoolExecutor.java:628)
	at java.base/java.lang.Thread.run(Thread.java:829)
Caused by: java.util.concurrent.RejectedExecutionException: Task java.util.concurrent.CompletableFuture$AsyncSupply@692b049e rejected from java.util.concurrent.ThreadPoolExecutor@3ad4e2b[Terminated, pool size = 0, active threads = 0, queued tasks = 0, completed tasks = 198]
	at java.base/java.util.concurrent.ThreadPoolExecutor$AbortPolicy.rejectedExecution(ThreadPoolExecutor.java:2055)
	at java.base/java.util.concurrent.ThreadPoolExecutor.reject(ThreadPoolExecutor.java:825)
	at java.base/java.util.concurrent.ThreadPoolExecutor.execute(ThreadPoolExecutor.java:1355)
	at java.base/java.util.concurrent.CompletableFuture.asyncSupplyStage(CompletableFuture.java:1714)
	at java.base/java.util.concurrent.CompletableFuture.supplyAsync(CompletableFuture.java:1931)
	at org.apache.ratis.server.impl.RaftServerImpl.executeSubmitServerRequestAsync(RaftServerImpl.java:812)
	at org.apache.ratis.server.impl.RaftServerProxy.lambda$appendEntriesAsync$27(RaftServerProxy.java:634)
	at java.base/java.util.concurrent.CompletableFuture.uniComposeStage(CompletableFuture.java:1106)
	... 15 more
2022-10-13 10:40:55,541 [grpc-default-executor-2] WARN  server.GrpcLogAppender (LogUtils.java:warn(124)) - s0@group-6905249F38B1->s1-AppendLogResponseHandler: Failed appendEntries
java.io.IOException: java.util.concurrent.RejectedExecutionException: Task java.util.concurrent.CompletableFuture$AsyncSupply@692b049e rejected from java.util.concurrent.ThreadPoolExecutor@3ad4e2b[Terminated, pool size = 0, active threads = 0, queued tasks = 0, completed tasks = 198]
	at org.apache.ratis.util.IOUtils.asIOException(IOUtils.java:56)
	at org.apache.ratis.grpc.GrpcUtil.tryUnwrapException(GrpcUtil.java:121)
	at org.apache.ratis.grpc.GrpcUtil.unwrapThrowable(GrpcUtil.java:82)
	at org.apache.ratis.grpc.GrpcUtil.warn(GrpcUtil.java:178)
	at org.apache.ratis.grpc.server.GrpcLogAppender$AppendLogResponseHandler.onError(GrpcLogAppender.java:405)
	at org.apache.ratis.thirdparty.io.grpc.stub.ClientCalls$StreamObserverToCallListenerAdapter.onClose(ClientCalls.java:487)
	at org.apache.ratis.thirdparty.io.grpc.internal.ClientCallImpl.closeObserver(ClientCallImpl.java:562)
	at org.apache.ratis.thirdparty.io.grpc.internal.ClientCallImpl.access$300(ClientCallImpl.java:70)
	at org.apache.ratis.thirdparty.io.grpc.internal.ClientCallImpl$ClientStreamListenerImpl$1StreamClosed.runInternal(ClientCallImpl.java:743)
	at org.apache.ratis.thirdparty.io.grpc.internal.ClientCallImpl$ClientStreamListenerImpl$1StreamClosed.runInContext(ClientCallImpl.java:722)
	at org.apache.ratis.thirdparty.io.grpc.internal.ContextRunnable.run(ContextRunnable.java:37)
	at org.apache.ratis.thirdparty.io.grpc.internal.SerializingExecutor.run(SerializingExecutor.java:133)
	at java.base/java.util.concurrent.ThreadPoolExecutor.runWorker(ThreadPoolExecutor.java:1128)
	at java.base/java.util.concurrent.ThreadPoolExecutor$Worker.run(ThreadPoolExecutor.java:628)
	at java.base/java.lang.Thread.run(Thread.java:829)
Caused by: java.util.concurrent.RejectedExecutionException: Task java.util.concurrent.CompletableFuture$AsyncSupply@692b049e rejected from java.util.concurrent.ThreadPoolExecutor@3ad4e2b[Terminated, pool size = 0, active threads = 0, queued tasks = 0, completed tasks = 198]
	at java.base/jdk.internal.reflect.GeneratedConstructorAccessor7.newInstance(Unknown Source)
	at java.base/jdk.internal.reflect.DelegatingConstructorAccessorImpl.newInstance(DelegatingConstructorAccessorImpl.java:45)
	at java.base/java.lang.reflect.Constructor.newInstance(Constructor.java:490)
	at org.apache.ratis.util.ReflectionUtils.instantiateException(ReflectionUtils.java:259)
	at org.apache.ratis.grpc.GrpcUtil.tryUnwrapException(GrpcUtil.java:120)
	... 13 more
Caused by: org.apache.ratis.thirdparty.io.grpc.StatusRuntimeException: INTERNAL: Task java.util.concurrent.CompletableFuture$AsyncSupply@692b049e rejected from java.util.concurrent.ThreadPoolExecutor@3ad4e2b[Terminated, pool size = 0, active threads = 0, queued tasks = 0, completed tasks = 198]
	at org.apache.ratis.thirdparty.io.grpc.Status.asRuntimeException(Status.java:535)
	... 10 more
	Suppressed: java.lang.IllegalStateException: Failed to cast to class java.io.IOException, object=java.util.concurrent.RejectedExecutionException: Task java.util.concurrent.CompletableFuture$AsyncSupply@692b049e rejected from java.util.concurrent.ThreadPoolExecutor@3ad4e2b[Terminated, pool size = 0, active threads = 0, queued tasks = 0, completed tasks = 198]
	at java.base/java.util.concurrent.ThreadPoolExecutor$AbortPolicy.rejectedExecution(ThreadPoolExecutor.java:2055)
	at java.base/java.util.concurrent.ThreadPoolExecutor.reject(ThreadPoolExecutor.java:825)
	at java.base/java.util.concurrent.ThreadPoolExecutor.execute(ThreadPoolExecutor.java:1355)
	at java.base/java.util.concurrent.CompletableFuture.asyncSupplyStage(CompletableFuture.java:1714)
	at java.base/java.util.concurrent.CompletableFuture.supplyAsync(CompletableFuture.java:1931)
	at org.apache.ratis.server.impl.RaftServerImpl.executeSubmitServerRequestAsync(RaftServerImpl.java:812)
	at org.apache.ratis.server.impl.RaftServerProxy.lambda$appendEntriesAsync$27(RaftServerProxy.java:634)
	at java.base/java.util.concurrent.CompletableFuture.uniComposeStage(CompletableFuture.java:1106)
	at java.base/java.util.concurrent.CompletableFuture.thenCompose(CompletableFuture.java:2235)
	at org.apache.ratis.server.impl.RaftServerProxy.appendEntriesAsync(RaftServerProxy.java:634)
	at org.apache.ratis.grpc.server.GrpcServerProtocolService$1.process(GrpcServerProtocolService.java:219)
	at org.apache.ratis.grpc.server.GrpcServerProtocolService$1.process(GrpcServerProtocolService.java:216)
	at org.apache.ratis.grpc.server.GrpcServerProtocolService$ServerRequestStreamObserver.onNext(GrpcServerProtocolService.java:124)
	at org.apache.ratis.thirdparty.io.grpc.stub.ServerCalls$StreamingServerCallHandler$StreamingServerCallListener.onMessage(ServerCalls.java:262)
	at org.apache.ratis.thirdparty.io.grpc.ForwardingServerCallListener.onMessage(ForwardingServerCallListener.java:33)
	at org.apache.ratis.thirdparty.io.grpc.internal.ServerCallImpl$ServerStreamListenerImpl.messagesAvailableInternal(ServerCallImpl.java:332)
	at org.apache.ratis.thirdparty.io.grpc.internal.ServerCallImpl$ServerStreamListenerImpl.messagesAvailable(ServerCallImpl.java:315)
	at org.apache.ratis.thirdparty.io.grpc.internal.ServerImpl$JumpToApplicationThreadServerStreamListener$1MessagesAvailable.runInContext(ServerImpl.java:834)
	at org.apache.ratis.thirdparty.io.grpc.internal.ContextRunnable.run(ContextRunnable.java:37)
	at org.apache.ratis.thirdparty.io.grpc.internal.SerializingExecutor.run(SerializingExecutor.java:133)
	at java.base/java.util.concurrent.ThreadPoolExecutor.runWorker(ThreadPoolExecutor.java:1128)
	at java.base/java.util.concurrent.ThreadPoolExecutor$Worker.run(ThreadPoolExecutor.java:628)
	at java.base/java.lang.Thread.run(Thread.java:829)

		at org.apache.ratis.util.IOUtils.readObject(IOUtils.java:237)
		at org.apache.ratis.util.IOUtils.bytes2Object(IOUtils.java:214)
		at org.apache.ratis.grpc.GrpcUtil.tryUnwrapException(GrpcUtil.java:109)
		at org.apache.ratis.grpc.GrpcUtil.unwrapThrowable(GrpcUtil.java:82)
		at org.apache.ratis.grpc.GrpcUtil.warn(GrpcUtil.java:178)
		at org.apache.ratis.grpc.server.GrpcLogAppender$AppendLogResponseHandler.onError(GrpcLogAppender.java:405)
		... 10 more
	Caused by: java.lang.ClassCastException: Cannot cast java.util.concurrent.RejectedExecutionException to java.io.IOException
		at java.base/java.lang.Class.cast(Class.java:3605)
		at org.apache.ratis.util.IOUtils.readObject(IOUtils.java:234)
		... 15 more
2022-10-13 10:40:55,541 [grpc-default-executor-2] INFO  leader.FollowerInfo (FollowerInfoImpl.java:lambda$new$0(48)) - s0@group-6905249F38B1->s1: nextIndex: updateUnconditionally 263 -> 259
2022-10-13 10:40:55,576 [grpc-default-executor-0] WARN  server.GrpcServerProtocolService (LogUtils.java:warn(124)) - s1: Failed APPEND_ENTRIES request s0->s1#266-t2,previous=(t:2, i:258),leaderCommit=262,initializing? true,entries: size=4, first=(t:2, i:259), CONFIGURATIONENTRY(current:id: "s0"
address: "localhost:46195"
dataStreamAddress: "localhost:39399"
clientAddress: "localhost:42765"
adminAddress: "localhost:44717"
startupRole: FOLLOWER
,id: "s1"
address: "0.0.0.0:46693"
clientAddress: "0.0.0.0:46693"
adminAddress: "0.0.0.0:46693"
startupRole: FOLLOWER
,id: "s2"
address: "0.0.0.0:36699"
clientAddress: "0.0.0.0:36699"
adminAddress: "0.0.0.0:36699"
startupRole: FOLLOWER
, old:id: "s0"
address: "localhost:46195"
dataStreamAddress: "localhost:39399"
clientAddress: "localhost:42765"
adminAddress: "localhost:44717"
startupRole: FOLLOWER
)
java.util.concurrent.CompletionException: java.util.concurrent.RejectedExecutionException: Task java.util.concurrent.CompletableFuture$AsyncSupply@f211e5c rejected from java.util.concurrent.ThreadPoolExecutor@3ad4e2b[Terminated, pool size = 0, active threads = 0, queued tasks = 0, completed tasks = 198]
	at java.base/java.util.concurrent.CompletableFuture.encodeThrowable(CompletableFuture.java:314)
	at java.base/java.util.concurrent.CompletableFuture.uniComposeStage(CompletableFuture.java:1113)
	at java.base/java.util.concurrent.CompletableFuture.thenCompose(CompletableFuture.java:2235)
	at org.apache.ratis.server.impl.RaftServerProxy.appendEntriesAsync(RaftServerProxy.java:634)
	at org.apache.ratis.grpc.server.GrpcServerProtocolService$1.process(GrpcServerProtocolService.java:219)
	at org.apache.ratis.grpc.server.GrpcServerProtocolService$1.process(GrpcServerProtocolService.java:216)
	at org.apache.ratis.grpc.server.GrpcServerProtocolService$ServerRequestStreamObserver.onNext(GrpcServerProtocolService.java:124)
	at org.apache.ratis.thirdparty.io.grpc.stub.ServerCalls$StreamingServerCallHandler$StreamingServerCallListener.onMessage(ServerCalls.java:262)
	at org.apache.ratis.thirdparty.io.grpc.ForwardingServerCallListener.onMessage(ForwardingServerCallListener.java:33)
	at org.apache.ratis.thirdparty.io.grpc.internal.ServerCallImpl$ServerStreamListenerImpl.messagesAvailableInternal(ServerCallImpl.java:332)
	at org.apache.ratis.thirdparty.io.grpc.internal.ServerCallImpl$ServerStreamListenerImpl.messagesAvailable(ServerCallImpl.java:315)
	at org.apache.ratis.thirdparty.io.grpc.internal.ServerImpl$JumpToApplicationThreadServerStreamListener$1MessagesAvailable.runInContext(ServerImpl.java:834)
	at org.apache.ratis.thirdparty.io.grpc.internal.ContextRunnable.run(ContextRunnable.java:37)
	at org.apache.ratis.thirdparty.io.grpc.internal.SerializingExecutor.run(SerializingExecutor.java:133)
	at java.base/java.util.concurrent.ThreadPoolExecutor.runWorker(ThreadPoolExecutor.java:1128)
	at java.base/java.util.concurrent.ThreadPoolExecutor$Worker.run(ThreadPoolExecutor.java:628)
	at java.base/java.lang.Thread.run(Thread.java:829)
Caused by: java.util.concurrent.RejectedExecutionException: Task java.util.concurrent.CompletableFuture$AsyncSupply@f211e5c rejected from java.util.concurrent.ThreadPoolExecutor@3ad4e2b[Terminated, pool size = 0, active threads = 0, queued tasks = 0, completed tasks = 198]
	at java.base/java.util.concurrent.ThreadPoolExecutor$AbortPolicy.rejectedExecution(ThreadPoolExecutor.java:2055)
	at java.base/java.util.concurrent.ThreadPoolExecutor.reject(ThreadPoolExecutor.java:825)
	at java.base/java.util.concurrent.ThreadPoolExecutor.execute(ThreadPoolExecutor.java:1355)
	at java.base/java.util.concurrent.CompletableFuture.asyncSupplyStage(CompletableFuture.java:1714)
	at java.base/java.util.concurrent.CompletableFuture.supplyAsync(CompletableFuture.java:1931)
	at org.apache.ratis.server.impl.RaftServerImpl.executeSubmitServerRequestAsync(RaftServerImpl.java:812)
	at org.apache.ratis.server.impl.RaftServerProxy.lambda$appendEntriesAsync$27(RaftServerProxy.java:634)
	at java.base/java.util.concurrent.CompletableFuture.uniComposeStage(CompletableFuture.java:1106)
	... 15 more
2022-10-13 10:40:55,579 [grpc-default-executor-0] WARN  server.GrpcLogAppender (LogUtils.java:warn(124)) - s0@group-6905249F38B1->s1-AppendLogResponseHandler: Failed appendEntries
java.io.IOException: java.util.concurrent.RejectedExecutionException: Task java.util.concurrent.CompletableFuture$AsyncSupply@f211e5c rejected from java.util.concurrent.ThreadPoolExecutor@3ad4e2b[Terminated, pool size = 0, active threads = 0, queued tasks = 0, completed tasks = 198]
	at org.apache.ratis.util.IOUtils.asIOException(IOUtils.java:56)
	at org.apache.ratis.grpc.GrpcUtil.tryUnwrapException(GrpcUtil.java:121)
	at org.apache.ratis.grpc.GrpcUtil.unwrapThrowable(GrpcUtil.java:82)
	at org.apache.ratis.grpc.GrpcUtil.warn(GrpcUtil.java:178)
	at org.apache.ratis.grpc.server.GrpcLogAppender$AppendLogResponseHandler.onError(GrpcLogAppender.java:405)
	at org.apache.ratis.thirdparty.io.grpc.stub.ClientCalls$StreamObserverToCallListenerAdapter.onClose(ClientCalls.java:487)
	at org.apache.ratis.thirdparty.io.grpc.internal.ClientCallImpl.closeObserver(ClientCallImpl.java:562)
	at org.apache.ratis.thirdparty.io.grpc.internal.ClientCallImpl.access$300(ClientCallImpl.java:70)
	at org.apache.ratis.thirdparty.io.grpc.internal.ClientCallImpl$ClientStreamListenerImpl$1StreamClosed.runInternal(ClientCallImpl.java:743)
	at org.apache.ratis.thirdparty.io.grpc.internal.ClientCallImpl$ClientStreamListenerImpl$1StreamClosed.runInContext(ClientCallImpl.java:722)
	at org.apache.ratis.thirdparty.io.grpc.internal.ContextRunnable.run(ContextRunnable.java:37)
	at org.apache.ratis.thirdparty.io.grpc.internal.SerializingExecutor.run(SerializingExecutor.java:133)
	at java.base/java.util.concurrent.ThreadPoolExecutor.runWorker(ThreadPoolExecutor.java:1128)
	at java.base/java.util.concurrent.ThreadPoolExecutor$Worker.run(ThreadPoolExecutor.java:628)
	at java.base/java.lang.Thread.run(Thread.java:829)
Caused by: java.util.concurrent.RejectedExecutionException: Task java.util.concurrent.CompletableFuture$AsyncSupply@f211e5c rejected from java.util.concurrent.ThreadPoolExecutor@3ad4e2b[Terminated, pool size = 0, active threads = 0, queued tasks = 0, completed tasks = 198]
	at java.base/jdk.internal.reflect.GeneratedConstructorAccessor7.newInstance(Unknown Source)
	at java.base/jdk.internal.reflect.DelegatingConstructorAccessorImpl.newInstance(DelegatingConstructorAccessorImpl.java:45)
	at java.base/java.lang.reflect.Constructor.newInstance(Constructor.java:490)
	at org.apache.ratis.util.ReflectionUtils.instantiateException(ReflectionUtils.java:259)
	at org.apache.ratis.grpc.GrpcUtil.tryUnwrapException(GrpcUtil.java:120)
	... 13 more
Caused by: org.apache.ratis.thirdparty.io.grpc.StatusRuntimeException: INTERNAL: Task java.util.concurrent.CompletableFuture$AsyncSupply@f211e5c rejected from java.util.concurrent.ThreadPoolExecutor@3ad4e2b[Terminated, pool size = 0, active threads = 0, queued tasks = 0, completed tasks = 198]
	at org.apache.ratis.thirdparty.io.grpc.Status.asRuntimeException(Status.java:535)
	... 10 more
	Suppressed: java.lang.IllegalStateException: Failed to cast to class java.io.IOException, object=java.util.concurrent.RejectedExecutionException: Task java.util.concurrent.CompletableFuture$AsyncSupply@f211e5c rejected from java.util.concurrent.ThreadPoolExecutor@3ad4e2b[Terminated, pool size = 0, active threads = 0, queued tasks = 0, completed tasks = 198]
	at java.base/java.util.concurrent.ThreadPoolExecutor$AbortPolicy.rejectedExecution(ThreadPoolExecutor.java:2055)
	at java.base/java.util.concurrent.ThreadPoolExecutor.reject(ThreadPoolExecutor.java:825)
	at java.base/java.util.concurrent.ThreadPoolExecutor.execute(ThreadPoolExecutor.java:1355)
	at java.base/java.util.concurrent.CompletableFuture.asyncSupplyStage(CompletableFuture.java:1714)
	at java.base/java.util.concurrent.CompletableFuture.supplyAsync(CompletableFuture.java:1931)
	at org.apache.ratis.server.impl.RaftServerImpl.executeSubmitServerRequestAsync(RaftServerImpl.java:812)
	at org.apache.ratis.server.impl.RaftServerProxy.lambda$appendEntriesAsync$27(RaftServerProxy.java:634)
	at java.base/java.util.concurrent.CompletableFuture.uniComposeStage(CompletableFuture.java:1106)
	at java.base/java.util.concurrent.CompletableFuture.thenCompose(CompletableFuture.java:2235)
	at org.apache.ratis.server.impl.RaftServerProxy.appendEntriesAsync(RaftServerProxy.java:634)
	at org.apache.ratis.grpc.server.GrpcServerProtocolService$1.process(GrpcServerProtocolService.java:219)
	at org.apache.ratis.grpc.server.GrpcServerProtocolService$1.process(GrpcServerProtocolService.java:216)
	at org.apache.ratis.grpc.server.GrpcServerProtocolService$ServerRequestStreamObserver.onNext(GrpcServerProtocolService.java:124)
	at org.apache.ratis.thirdparty.io.grpc.stub.ServerCalls$StreamingServerCallHandler$StreamingServerCallListener.onMessage(ServerCalls.java:262)
	at org.apache.ratis.thirdparty.io.grpc.ForwardingServerCallListener.onMessage(ForwardingServerCallListener.java:33)
	at org.apache.ratis.thirdparty.io.grpc.internal.ServerCallImpl$ServerStreamListenerImpl.messagesAvailableInternal(ServerCallImpl.java:332)
	at org.apache.ratis.thirdparty.io.grpc.internal.ServerCallImpl$ServerStreamListenerImpl.messagesAvailable(ServerCallImpl.java:315)
	at org.apache.ratis.thirdparty.io.grpc.internal.ServerImpl$JumpToApplicationThreadServerStreamListener$1MessagesAvailable.runInContext(ServerImpl.java:834)
	at org.apache.ratis.thirdparty.io.grpc.internal.ContextRunnable.run(ContextRunnable.java:37)
	at org.apache.ratis.thirdparty.io.grpc.internal.SerializingExecutor.run(SerializingExecutor.java:133)
	at java.base/java.util.concurrent.ThreadPoolExecutor.runWorker(ThreadPoolExecutor.java:1128)
	at java.base/java.util.concurrent.ThreadPoolExecutor$Worker.run(ThreadPoolExecutor.java:628)
	at java.base/java.lang.Thread.run(Thread.java:829)

		at org.apache.ratis.util.IOUtils.readObject(IOUtils.java:237)
		at org.apache.ratis.util.IOUtils.bytes2Object(IOUtils.java:214)
		at org.apache.ratis.grpc.GrpcUtil.tryUnwrapException(GrpcUtil.java:109)
		at org.apache.ratis.grpc.GrpcUtil.unwrapThrowable(GrpcUtil.java:82)
		at org.apache.ratis.grpc.GrpcUtil.warn(GrpcUtil.java:178)
		at org.apache.ratis.grpc.server.GrpcLogAppender$AppendLogResponseHandler.onError(GrpcLogAppender.java:405)
		... 10 more
	Caused by: java.lang.ClassCastException: Cannot cast java.util.concurrent.RejectedExecutionException to java.io.IOException
		at java.base/java.lang.Class.cast(Class.java:3605)
		at org.apache.ratis.util.IOUtils.readObject(IOUtils.java:234)
		... 15 more
2022-10-13 10:40:55,579 [grpc-default-executor-0] INFO  leader.FollowerInfo (FollowerInfoImpl.java:lambda$new$0(48)) - s0@group-6905249F38B1->s1: nextIndex: updateUnconditionally 263 -> 259
2022-10-13 10:40:55,614 [grpc-default-executor-3] WARN  server.GrpcServerProtocolService (LogUtils.java:warn(124)) - s1: Failed APPEND_ENTRIES request s0->s1#268-t2,previous=(t:2, i:258),leaderCommit=262,initializing? true,entries: size=4, first=(t:2, i:259), CONFIGURATIONENTRY(current:id: "s0"
address: "localhost:46195"
dataStreamAddress: "localhost:39399"
clientAddress: "localhost:42765"
adminAddress: "localhost:44717"
startupRole: FOLLOWER
,id: "s1"
address: "0.0.0.0:46693"
clientAddress: "0.0.0.0:46693"
adminAddress: "0.0.0.0:46693"
startupRole: FOLLOWER
,id: "s2"
address: "0.0.0.0:36699"
clientAddress: "0.0.0.0:36699"
adminAddress: "0.0.0.0:36699"
startupRole: FOLLOWER
, old:id: "s0"
address: "localhost:46195"
dataStreamAddress: "localhost:39399"
clientAddress: "localhost:42765"
adminAddress: "localhost:44717"
startupRole: FOLLOWER
)
java.util.concurrent.CompletionException: java.util.concurrent.RejectedExecutionException: Task java.util.concurrent.CompletableFuture$AsyncSupply@4195dcb0 rejected from java.util.concurrent.ThreadPoolExecutor@3ad4e2b[Terminated, pool size = 0, active threads = 0, queued tasks = 0, completed tasks = 198]
	at java.base/java.util.concurrent.CompletableFuture.encodeThrowable(CompletableFuture.java:314)
	at java.base/java.util.concurrent.CompletableFuture.uniComposeStage(CompletableFuture.java:1113)
	at java.base/java.util.concurrent.CompletableFuture.thenCompose(CompletableFuture.java:2235)
	at org.apache.ratis.server.impl.RaftServerProxy.appendEntriesAsync(RaftServerProxy.java:634)
	at org.apache.ratis.grpc.server.GrpcServerProtocolService$1.process(GrpcServerProtocolService.java:219)
	at org.apache.ratis.grpc.server.GrpcServerProtocolService$1.process(GrpcServerProtocolService.java:216)
	at org.apache.ratis.grpc.server.GrpcServerProtocolService$ServerRequestStreamObserver.onNext(GrpcServerProtocolService.java:124)
	at org.apache.ratis.thirdparty.io.grpc.stub.ServerCalls$StreamingServerCallHandler$StreamingServerCallListener.onMessage(ServerCalls.java:262)
	at org.apache.ratis.thirdparty.io.grpc.ForwardingServerCallListener.onMessage(ForwardingServerCallListener.java:33)
	at org.apache.ratis.thirdparty.io.grpc.internal.ServerCallImpl$ServerStreamListenerImpl.messagesAvailableInternal(ServerCallImpl.java:332)
	at org.apache.ratis.thirdparty.io.grpc.internal.ServerCallImpl$ServerStreamListenerImpl.messagesAvailable(ServerCallImpl.java:315)
	at org.apache.ratis.thirdparty.io.grpc.internal.ServerImpl$JumpToApplicationThreadServerStreamListener$1MessagesAvailable.runInContext(ServerImpl.java:834)
	at org.apache.ratis.thirdparty.io.grpc.internal.ContextRunnable.run(ContextRunnable.java:37)
	at org.apache.ratis.thirdparty.io.grpc.internal.SerializingExecutor.run(SerializingExecutor.java:133)
	at java.base/java.util.concurrent.ThreadPoolExecutor.runWorker(ThreadPoolExecutor.java:1128)
	at java.base/java.util.concurrent.ThreadPoolExecutor$Worker.run(ThreadPoolExecutor.java:628)
	at java.base/java.lang.Thread.run(Thread.java:829)
Caused by: java.util.concurrent.RejectedExecutionException: Task java.util.concurrent.CompletableFuture$AsyncSupply@4195dcb0 rejected from java.util.concurrent.ThreadPoolExecutor@3ad4e2b[Terminated, pool size = 0, active threads = 0, queued tasks = 0, completed tasks = 198]
	at java.base/java.util.concurrent.ThreadPoolExecutor$AbortPolicy.rejectedExecution(ThreadPoolExecutor.java:2055)
	at java.base/java.util.concurrent.ThreadPoolExecutor.reject(ThreadPoolExecutor.java:825)
	at java.base/java.util.concurrent.ThreadPoolExecutor.execute(ThreadPoolExecutor.java:1355)
	at java.base/java.util.concurrent.CompletableFuture.asyncSupplyStage(CompletableFuture.java:1714)
	at java.base/java.util.concurrent.CompletableFuture.supplyAsync(CompletableFuture.java:1931)
	at org.apache.ratis.server.impl.RaftServerImpl.executeSubmitServerRequestAsync(RaftServerImpl.java:812)
	at org.apache.ratis.server.impl.RaftServerProxy.lambda$appendEntriesAsync$27(RaftServerProxy.java:634)
	at java.base/java.util.concurrent.CompletableFuture.uniComposeStage(CompletableFuture.java:1106)
	... 15 more
2022-10-13 10:40:55,617 [grpc-default-executor-2] WARN  server.GrpcLogAppender (LogUtils.java:warn(124)) - s0@group-6905249F38B1->s1-AppendLogResponseHandler: Failed appendEntries
java.io.IOException: java.util.concurrent.RejectedExecutionException: Task java.util.concurrent.CompletableFuture$AsyncSupply@4195dcb0 rejected from java.util.concurrent.ThreadPoolExecutor@3ad4e2b[Terminated, pool size = 0, active threads = 0, queued tasks = 0, completed tasks = 198]
	at org.apache.ratis.util.IOUtils.asIOException(IOUtils.java:56)
	at org.apache.ratis.grpc.GrpcUtil.tryUnwrapException(GrpcUtil.java:121)
	at org.apache.ratis.grpc.GrpcUtil.unwrapThrowable(GrpcUtil.java:82)
	at org.apache.ratis.grpc.GrpcUtil.warn(GrpcUtil.java:178)
	at org.apache.ratis.grpc.server.GrpcLogAppender$AppendLogResponseHandler.onError(GrpcLogAppender.java:405)
	at org.apache.ratis.thirdparty.io.grpc.stub.ClientCalls$StreamObserverToCallListenerAdapter.onClose(ClientCalls.java:487)
	at org.apache.ratis.thirdparty.io.grpc.internal.ClientCallImpl.closeObserver(ClientCallImpl.java:562)
	at org.apache.ratis.thirdparty.io.grpc.internal.ClientCallImpl.access$300(ClientCallImpl.java:70)
	at org.apache.ratis.thirdparty.io.grpc.internal.ClientCallImpl$ClientStreamListenerImpl$1StreamClosed.runInternal(ClientCallImpl.java:743)
	at org.apache.ratis.thirdparty.io.grpc.internal.ClientCallImpl$ClientStreamListenerImpl$1StreamClosed.runInContext(ClientCallImpl.java:722)
	at org.apache.ratis.thirdparty.io.grpc.internal.ContextRunnable.run(ContextRunnable.java:37)
	at org.apache.ratis.thirdparty.io.grpc.internal.SerializingExecutor.run(SerializingExecutor.java:133)
	at java.base/java.util.concurrent.ThreadPoolExecutor.runWorker(ThreadPoolExecutor.java:1128)
	at java.base/java.util.concurrent.ThreadPoolExecutor$Worker.run(ThreadPoolExecutor.java:628)
	at java.base/java.lang.Thread.run(Thread.java:829)
Caused by: java.util.concurrent.RejectedExecutionException: Task java.util.concurrent.CompletableFuture$AsyncSupply@4195dcb0 rejected from java.util.concurrent.ThreadPoolExecutor@3ad4e2b[Terminated, pool size = 0, active threads = 0, queued tasks = 0, completed tasks = 198]
	at java.base/jdk.internal.reflect.GeneratedConstructorAccessor7.newInstance(Unknown Source)
	at java.base/jdk.internal.reflect.DelegatingConstructorAccessorImpl.newInstance(DelegatingConstructorAccessorImpl.java:45)
	at java.base/java.lang.reflect.Constructor.newInstance(Constructor.java:490)
	at org.apache.ratis.util.ReflectionUtils.instantiateException(ReflectionUtils.java:259)
	at org.apache.ratis.grpc.GrpcUtil.tryUnwrapException(GrpcUtil.java:120)
	... 13 more
Caused by: org.apache.ratis.thirdparty.io.grpc.StatusRuntimeException: INTERNAL: Task java.util.concurrent.CompletableFuture$AsyncSupply@4195dcb0 rejected from java.util.concurrent.ThreadPoolExecutor@3ad4e2b[Terminated, pool size = 0, active threads = 0, queued tasks = 0, completed tasks = 198]
	at org.apache.ratis.thirdparty.io.grpc.Status.asRuntimeException(Status.java:535)
	... 10 more
	Suppressed: java.lang.IllegalStateException: Failed to cast to class java.io.IOException, object=java.util.concurrent.RejectedExecutionException: Task java.util.concurrent.CompletableFuture$AsyncSupply@4195dcb0 rejected from java.util.concurrent.ThreadPoolExecutor@3ad4e2b[Terminated, pool size = 0, active threads = 0, queued tasks = 0, completed tasks = 198]
	at java.base/java.util.concurrent.ThreadPoolExecutor$AbortPolicy.rejectedExecution(ThreadPoolExecutor.java:2055)
	at java.base/java.util.concurrent.ThreadPoolExecutor.reject(ThreadPoolExecutor.java:825)
	at java.base/java.util.concurrent.ThreadPoolExecutor.execute(ThreadPoolExecutor.java:1355)
	at java.base/java.util.concurrent.CompletableFuture.asyncSupplyStage(CompletableFuture.java:1714)
	at java.base/java.util.concurrent.CompletableFuture.supplyAsync(CompletableFuture.java:1931)
	at org.apache.ratis.server.impl.RaftServerImpl.executeSubmitServerRequestAsync(RaftServerImpl.java:812)
	at org.apache.ratis.server.impl.RaftServerProxy.lambda$appendEntriesAsync$27(RaftServerProxy.java:634)
	at java.base/java.util.concurrent.CompletableFuture.uniComposeStage(CompletableFuture.java:1106)
	at java.base/java.util.concurrent.CompletableFuture.thenCompose(CompletableFuture.java:2235)
	at org.apache.ratis.server.impl.RaftServerProxy.appendEntriesAsync(RaftServerProxy.java:634)
	at org.apache.ratis.grpc.server.GrpcServerProtocolService$1.process(GrpcServerProtocolService.java:219)
	at org.apache.ratis.grpc.server.GrpcServerProtocolService$1.process(GrpcServerProtocolService.java:216)
	at org.apache.ratis.grpc.server.GrpcServerProtocolService$ServerRequestStreamObserver.onNext(GrpcServerProtocolService.java:124)
	at org.apache.ratis.thirdparty.io.grpc.stub.ServerCalls$StreamingServerCallHandler$StreamingServerCallListener.onMessage(ServerCalls.java:262)
	at org.apache.ratis.thirdparty.io.grpc.ForwardingServerCallListener.onMessage(ForwardingServerCallListener.java:33)
	at org.apache.ratis.thirdparty.io.grpc.internal.ServerCallImpl$ServerStreamListenerImpl.messagesAvailableInternal(ServerCallImpl.java:332)
	at org.apache.ratis.thirdparty.io.grpc.internal.ServerCallImpl$ServerStreamListenerImpl.messagesAvailable(ServerCallImpl.java:315)
	at org.apache.ratis.thirdparty.io.grpc.internal.ServerImpl$JumpToApplicationThreadServerStreamListener$1MessagesAvailable.runInContext(ServerImpl.java:834)
	at org.apache.ratis.thirdparty.io.grpc.internal.ContextRunnable.run(ContextRunnable.java:37)
	at org.apache.ratis.thirdparty.io.grpc.internal.SerializingExecutor.run(SerializingExecutor.java:133)
	at java.base/java.util.concurrent.ThreadPoolExecutor.runWorker(ThreadPoolExecutor.java:1128)
	at java.base/java.util.concurrent.ThreadPoolExecutor$Worker.run(ThreadPoolExecutor.java:628)
	at java.base/java.lang.Thread.run(Thread.java:829)

		at org.apache.ratis.util.IOUtils.readObject(IOUtils.java:237)
		at org.apache.ratis.util.IOUtils.bytes2Object(IOUtils.java:214)
		at org.apache.ratis.grpc.GrpcUtil.tryUnwrapException(GrpcUtil.java:109)
		at org.apache.ratis.grpc.GrpcUtil.unwrapThrowable(GrpcUtil.java:82)
		at org.apache.ratis.grpc.GrpcUtil.warn(GrpcUtil.java:178)
		at org.apache.ratis.grpc.server.GrpcLogAppender$AppendLogResponseHandler.onError(GrpcLogAppender.java:405)
		... 10 more
	Caused by: java.lang.ClassCastException: Cannot cast java.util.concurrent.RejectedExecutionException to java.io.IOException
		at java.base/java.lang.Class.cast(Class.java:3605)
		at org.apache.ratis.util.IOUtils.readObject(IOUtils.java:234)
		... 15 more
2022-10-13 10:40:55,617 [grpc-default-executor-2] INFO  leader.FollowerInfo (FollowerInfoImpl.java:lambda$new$0(48)) - s0@group-6905249F38B1->s1: nextIndex: updateUnconditionally 263 -> 259
2022-10-13 10:40:55,636 [Time-limited test] INFO  impl.RaftServerTestUtil (RaftServerTestUtil.java:waitAndCheckNewConf(97)) - waitAndCheckNewConf: peers=[s1|rpc:0.0.0.0:46693|priority:0|startupRole:FOLLOWER, s2|rpc:0.0.0.0:36699|priority:0|startupRole:FOLLOWER, s0|rpc:localhost:46195|admin:localhost:44717|client:localhost:42765|dataStream:localhost:39399|priority:0|startupRole:FOLLOWER], deadPeers=null, printing ALL groups
  s0:  RUNNING    LEADER s0@group-6905249F38B1:t2, leader=s0, voted=s0, raftlog=Memoized:s0@group-6905249F38B1-SegmentedRaftLog:OPENED:c262, conf=261: peers:[s0|rpc:localhost:46195|admin:localhost:44717|client:localhost:42765|dataStream:localhost:39399|priority:0|startupRole:FOLLOWER, s1|rpc:0.0.0.0:46693|dataStream:|priority:0|startupRole:FOLLOWER, s2|rpc:0.0.0.0:36699|dataStream:|priority:0|startupRole:FOLLOWER]|listeners:[], old=null RUNNING
  s1:  RUNNING  FOLLOWER s1@group-6905249F38B1:t2, leader=s0, voted=null, raftlog=Memoized:s1@group-6905249F38B1-SegmentedRaftLog:CLOSED:c254, conf=255: peers:[s0|rpc:localhost:46195|admin:localhost:44717|client:localhost:42765|dataStream:localhost:39399|priority:0|startupRole:FOLLOWER]|listeners:[], old=null CLOSED
  s2:  RUNNING  FOLLOWER s2@group-6905249F38B1:t2, leader=s0, voted=null, raftlog=Memoized:s2@group-6905249F38B1-SegmentedRaftLog:OPENED:c262, conf=261: peers:[s0|rpc:localhost:46195|admin:localhost:44717|client:localhost:42765|dataStream:localhost:39399|priority:0|startupRole:FOLLOWER, s1|rpc:0.0.0.0:46693|dataStream:|priority:0|startupRole:FOLLOWER, s2|rpc:0.0.0.0:36699|dataStream:|priority:0|startupRole:FOLLOWER]|listeners:[], old=null RUNNING
2022-10-13 10:40:55,636 [Time-limited test] INFO  impl.RaftServerTestUtil (RaftServerTestUtil.java:waitAndCheckNewConf(106)) - checking    LEADER s0@group-6905249F38B1:t2, leader=s0, voted=s0, raftlog=Memoized:s0@group-6905249F38B1-SegmentedRaftLog:OPENED:c262, conf=261: peers:[s0|rpc:localhost:46195|admin:localhost:44717|client:localhost:42765|dataStream:localhost:39399|priority:0|startupRole:FOLLOWER, s1|rpc:0.0.0.0:46693|dataStream:|priority:0|startupRole:FOLLOWER, s2|rpc:0.0.0.0:36699|dataStream:|priority:0|startupRole:FOLLOWER]|listeners:[], old=null RUNNING
2022-10-13 10:40:55,636 [Time-limited test] INFO  impl.RaftServerTestUtil (RaftServerTestUtil.java:waitAndCheckNewConf(106)) - checking  FOLLOWER s1@group-6905249F38B1:t2, leader=s0, voted=null, raftlog=Memoized:s1@group-6905249F38B1-SegmentedRaftLog:CLOSED:c254, conf=255: peers:[s0|rpc:localhost:46195|admin:localhost:44717|client:localhost:42765|dataStream:localhost:39399|priority:0|startupRole:FOLLOWER]|listeners:[], old=null CLOSED
2022-10-13 10:40:55,636 [Time-limited test] WARN  impl.RaftServerTestUtil (JavaUtils.java:attempt(217)) - FAILED "waitAndCheckNewConf", attempt #3/10: java.lang.AssertionError, sleep 600ms and then retry.
java.lang.AssertionError
	at org.junit.Assert.fail(Assert.java:87)
	at org.junit.Assert.assertTrue(Assert.java:42)
	at org.junit.Assert.assertTrue(Assert.java:53)
	at org.apache.ratis.server.impl.RaftServerTestUtil.waitAndCheckNewConf(RaftServerTestUtil.java:117)
	at org.apache.ratis.server.impl.RaftServerTestUtil.lambda$waitAndCheckNewConf$3(RaftServerTestUtil.java:92)
	at org.apache.ratis.util.function.CheckedRunnable.lambda$asCheckedSupplier$0(CheckedRunnable.java:32)
	at org.apache.ratis.util.JavaUtils.attempt(JavaUtils.java:211)
	at org.apache.ratis.util.JavaUtils.attemptRepeatedly(JavaUtils.java:197)
	at org.apache.ratis.util.JavaUtils.attempt(JavaUtils.java:231)
	at org.apache.ratis.server.impl.RaftServerTestUtil.waitAndCheckNewConf(RaftServerTestUtil.java:92)
	at org.apache.ratis.InstallSnapshotNotificationTests.testAddNewFollowers(InstallSnapshotNotificationTests.java:236)
	at org.apache.ratis.server.impl.MiniRaftCluster$Factory$Get.runWithNewCluster(MiniRaftCluster.java:141)
	at org.apache.ratis.server.impl.MiniRaftCluster$Factory$Get.runWithNewCluster(MiniRaftCluster.java:121)
	at org.apache.ratis.InstallSnapshotNotificationTests.testAddNewFollowers(InstallSnapshotNotificationTests.java:173)
	at java.base/jdk.internal.reflect.NativeMethodAccessorImpl.invoke0(Native Method)
	at java.base/jdk.internal.reflect.NativeMethodAccessorImpl.invoke(NativeMethodAccessorImpl.java:62)
	at java.base/jdk.internal.reflect.DelegatingMethodAccessorImpl.invoke(DelegatingMethodAccessorImpl.java:43)
	at java.base/java.lang.reflect.Method.invoke(Method.java:566)
	at org.junit.runners.model.FrameworkMethod$1.runReflectiveCall(FrameworkMethod.java:59)
	at org.junit.internal.runners.model.ReflectiveCallable.run(ReflectiveCallable.java:12)
	at org.junit.runners.model.FrameworkMethod.invokeExplosively(FrameworkMethod.java:56)
	at org.junit.internal.runners.statements.InvokeMethod.evaluate(InvokeMethod.java:17)
	at org.junit.internal.runners.statements.RunAfters.evaluate(RunAfters.java:27)
	at org.junit.internal.runners.statements.FailOnTimeout$CallableStatement.call(FailOnTimeout.java:299)
	at org.junit.internal.runners.statements.FailOnTimeout$CallableStatement.call(FailOnTimeout.java:293)
	at java.base/java.util.concurrent.FutureTask.run(FutureTask.java:264)
	at java.base/java.lang.Thread.run(Thread.java:829)
2022-10-13 10:40:55,652 [grpc-default-executor-0] WARN  server.GrpcServerProtocolService (LogUtils.java:warn(124)) - s1: Failed APPEND_ENTRIES request s0->s1#270-t2,previous=(t:2, i:258),leaderCommit=262,initializing? true,entries: size=4, first=(t:2, i:259), CONFIGURATIONENTRY(current:id: "s0"
address: "localhost:46195"
dataStreamAddress: "localhost:39399"
clientAddress: "localhost:42765"
adminAddress: "localhost:44717"
startupRole: FOLLOWER
,id: "s1"
address: "0.0.0.0:46693"
clientAddress: "0.0.0.0:46693"
adminAddress: "0.0.0.0:46693"
startupRole: FOLLOWER
,id: "s2"
address: "0.0.0.0:36699"
clientAddress: "0.0.0.0:36699"
adminAddress: "0.0.0.0:36699"
startupRole: FOLLOWER
, old:id: "s0"
address: "localhost:46195"
dataStreamAddress: "localhost:39399"
clientAddress: "localhost:42765"
adminAddress: "localhost:44717"
startupRole: FOLLOWER
)
java.util.concurrent.CompletionException: java.util.concurrent.RejectedExecutionException: Task java.util.concurrent.CompletableFuture$AsyncSupply@4bf2a632 rejected from java.util.concurrent.ThreadPoolExecutor@3ad4e2b[Terminated, pool size = 0, active threads = 0, queued tasks = 0, completed tasks = 198]
	at java.base/java.util.concurrent.CompletableFuture.encodeThrowable(CompletableFuture.java:314)
	at java.base/java.util.concurrent.CompletableFuture.uniComposeStage(CompletableFuture.java:1113)
	at java.base/java.util.concurrent.CompletableFuture.thenCompose(CompletableFuture.java:2235)
	at org.apache.ratis.server.impl.RaftServerProxy.appendEntriesAsync(RaftServerProxy.java:634)
	at org.apache.ratis.grpc.server.GrpcServerProtocolService$1.process(GrpcServerProtocolService.java:219)
	at org.apache.ratis.grpc.server.GrpcServerProtocolService$1.process(GrpcServerProtocolService.java:216)
	at org.apache.ratis.grpc.server.GrpcServerProtocolService$ServerRequestStreamObserver.onNext(GrpcServerProtocolService.java:124)
	at org.apache.ratis.thirdparty.io.grpc.stub.ServerCalls$StreamingServerCallHandler$StreamingServerCallListener.onMessage(ServerCalls.java:262)
	at org.apache.ratis.thirdparty.io.grpc.ForwardingServerCallListener.onMessage(ForwardingServerCallListener.java:33)
	at org.apache.ratis.thirdparty.io.grpc.internal.ServerCallImpl$ServerStreamListenerImpl.messagesAvailableInternal(ServerCallImpl.java:332)
	at org.apache.ratis.thirdparty.io.grpc.internal.ServerCallImpl$ServerStreamListenerImpl.messagesAvailable(ServerCallImpl.java:315)
	at org.apache.ratis.thirdparty.io.grpc.internal.ServerImpl$JumpToApplicationThreadServerStreamListener$1MessagesAvailable.runInContext(ServerImpl.java:834)
	at org.apache.ratis.thirdparty.io.grpc.internal.ContextRunnable.run(ContextRunnable.java:37)
	at org.apache.ratis.thirdparty.io.grpc.internal.SerializingExecutor.run(SerializingExecutor.java:133)
	at java.base/java.util.concurrent.ThreadPoolExecutor.runWorker(ThreadPoolExecutor.java:1128)
	at java.base/java.util.concurrent.ThreadPoolExecutor$Worker.run(ThreadPoolExecutor.java:628)
	at java.base/java.lang.Thread.run(Thread.java:829)
Caused by: java.util.concurrent.RejectedExecutionException: Task java.util.concurrent.CompletableFuture$AsyncSupply@4bf2a632 rejected from java.util.concurrent.ThreadPoolExecutor@3ad4e2b[Terminated, pool size = 0, active threads = 0, queued tasks = 0, completed tasks = 198]
	at java.base/java.util.concurrent.ThreadPoolExecutor$AbortPolicy.rejectedExecution(ThreadPoolExecutor.java:2055)
	at java.base/java.util.concurrent.ThreadPoolExecutor.reject(ThreadPoolExecutor.java:825)
	at java.base/java.util.concurrent.ThreadPoolExecutor.execute(ThreadPoolExecutor.java:1355)
	at java.base/java.util.concurrent.CompletableFuture.asyncSupplyStage(CompletableFuture.java:1714)
	at java.base/java.util.concurrent.CompletableFuture.supplyAsync(CompletableFuture.java:1931)
	at org.apache.ratis.server.impl.RaftServerImpl.executeSubmitServerRequestAsync(RaftServerImpl.java:812)
	at org.apache.ratis.server.impl.RaftServerProxy.lambda$appendEntriesAsync$27(RaftServerProxy.java:634)
	at java.base/java.util.concurrent.CompletableFuture.uniComposeStage(CompletableFuture.java:1106)
	... 15 more
2022-10-13 10:40:55,655 [grpc-default-executor-2] WARN  server.GrpcLogAppender (LogUtils.java:warn(124)) - s0@group-6905249F38B1->s1-AppendLogResponseHandler: Failed appendEntries
java.io.IOException: java.util.concurrent.RejectedExecutionException: Task java.util.concurrent.CompletableFuture$AsyncSupply@4bf2a632 rejected from java.util.concurrent.ThreadPoolExecutor@3ad4e2b[Terminated, pool size = 0, active threads = 0, queued tasks = 0, completed tasks = 198]
	at org.apache.ratis.util.IOUtils.asIOException(IOUtils.java:56)
	at org.apache.ratis.grpc.GrpcUtil.tryUnwrapException(GrpcUtil.java:121)
	at org.apache.ratis.grpc.GrpcUtil.unwrapThrowable(GrpcUtil.java:82)
	at org.apache.ratis.grpc.GrpcUtil.warn(GrpcUtil.java:178)
	at org.apache.ratis.grpc.server.GrpcLogAppender$AppendLogResponseHandler.onError(GrpcLogAppender.java:405)
	at org.apache.ratis.thirdparty.io.grpc.stub.ClientCalls$StreamObserverToCallListenerAdapter.onClose(ClientCalls.java:487)
	at org.apache.ratis.thirdparty.io.grpc.internal.ClientCallImpl.closeObserver(ClientCallImpl.java:562)
	at org.apache.ratis.thirdparty.io.grpc.internal.ClientCallImpl.access$300(ClientCallImpl.java:70)
	at org.apache.ratis.thirdparty.io.grpc.internal.ClientCallImpl$ClientStreamListenerImpl$1StreamClosed.runInternal(ClientCallImpl.java:743)
	at org.apache.ratis.thirdparty.io.grpc.internal.ClientCallImpl$ClientStreamListenerImpl$1StreamClosed.runInContext(ClientCallImpl.java:722)
	at org.apache.ratis.thirdparty.io.grpc.internal.ContextRunnable.run(ContextRunnable.java:37)
	at org.apache.ratis.thirdparty.io.grpc.internal.SerializingExecutor.run(SerializingExecutor.java:133)
	at java.base/java.util.concurrent.ThreadPoolExecutor.runWorker(ThreadPoolExecutor.java:1128)
	at java.base/java.util.concurrent.ThreadPoolExecutor$Worker.run(ThreadPoolExecutor.java:628)
	at java.base/java.lang.Thread.run(Thread.java:829)
Caused by: java.util.concurrent.RejectedExecutionException: Task java.util.concurrent.CompletableFuture$AsyncSupply@4bf2a632 rejected from java.util.concurrent.ThreadPoolExecutor@3ad4e2b[Terminated, pool size = 0, active threads = 0, queued tasks = 0, completed tasks = 198]
	at java.base/jdk.internal.reflect.GeneratedConstructorAccessor7.newInstance(Unknown Source)
	at java.base/jdk.internal.reflect.DelegatingConstructorAccessorImpl.newInstance(DelegatingConstructorAccessorImpl.java:45)
	at java.base/java.lang.reflect.Constructor.newInstance(Constructor.java:490)
	at org.apache.ratis.util.ReflectionUtils.instantiateException(ReflectionUtils.java:259)
	at org.apache.ratis.grpc.GrpcUtil.tryUnwrapException(GrpcUtil.java:120)
	... 13 more
Caused by: org.apache.ratis.thirdparty.io.grpc.StatusRuntimeException: INTERNAL: Task java.util.concurrent.CompletableFuture$AsyncSupply@4bf2a632 rejected from java.util.concurrent.ThreadPoolExecutor@3ad4e2b[Terminated, pool size = 0, active threads = 0, queued tasks = 0, completed tasks = 198]
	at org.apache.ratis.thirdparty.io.grpc.Status.asRuntimeException(Status.java:535)
	... 10 more
	Suppressed: java.lang.IllegalStateException: Failed to cast to class java.io.IOException, object=java.util.concurrent.RejectedExecutionException: Task java.util.concurrent.CompletableFuture$AsyncSupply@4bf2a632 rejected from java.util.concurrent.ThreadPoolExecutor@3ad4e2b[Terminated, pool size = 0, active threads = 0, queued tasks = 0, completed tasks = 198]
	at java.base/java.util.concurrent.ThreadPoolExecutor$AbortPolicy.rejectedExecution(ThreadPoolExecutor.java:2055)
	at java.base/java.util.concurrent.ThreadPoolExecutor.reject(ThreadPoolExecutor.java:825)
	at java.base/java.util.concurrent.ThreadPoolExecutor.execute(ThreadPoolExecutor.java:1355)
	at java.base/java.util.concurrent.CompletableFuture.asyncSupplyStage(CompletableFuture.java:1714)
	at java.base/java.util.concurrent.CompletableFuture.supplyAsync(CompletableFuture.java:1931)
	at org.apache.ratis.server.impl.RaftServerImpl.executeSubmitServerRequestAsync(RaftServerImpl.java:812)
	at org.apache.ratis.server.impl.RaftServerProxy.lambda$appendEntriesAsync$27(RaftServerProxy.java:634)
	at java.base/java.util.concurrent.CompletableFuture.uniComposeStage(CompletableFuture.java:1106)
	at java.base/java.util.concurrent.CompletableFuture.thenCompose(CompletableFuture.java:2235)
	at org.apache.ratis.server.impl.RaftServerProxy.appendEntriesAsync(RaftServerProxy.java:634)
	at org.apache.ratis.grpc.server.GrpcServerProtocolService$1.process(GrpcServerProtocolService.java:219)
	at org.apache.ratis.grpc.server.GrpcServerProtocolService$1.process(GrpcServerProtocolService.java:216)
	at org.apache.ratis.grpc.server.GrpcServerProtocolService$ServerRequestStreamObserver.onNext(GrpcServerProtocolService.java:124)
	at org.apache.ratis.thirdparty.io.grpc.stub.ServerCalls$StreamingServerCallHandler$StreamingServerCallListener.onMessage(ServerCalls.java:262)
	at org.apache.ratis.thirdparty.io.grpc.ForwardingServerCallListener.onMessage(ForwardingServerCallListener.java:33)
	at org.apache.ratis.thirdparty.io.grpc.internal.ServerCallImpl$ServerStreamListenerImpl.messagesAvailableInternal(ServerCallImpl.java:332)
	at org.apache.ratis.thirdparty.io.grpc.internal.ServerCallImpl$ServerStreamListenerImpl.messagesAvailable(ServerCallImpl.java:315)
	at org.apache.ratis.thirdparty.io.grpc.internal.ServerImpl$JumpToApplicationThreadServerStreamListener$1MessagesAvailable.runInContext(ServerImpl.java:834)
	at org.apache.ratis.thirdparty.io.grpc.internal.ContextRunnable.run(ContextRunnable.java:37)
	at org.apache.ratis.thirdparty.io.grpc.internal.SerializingExecutor.run(SerializingExecutor.java:133)
	at java.base/java.util.concurrent.ThreadPoolExecutor.runWorker(ThreadPoolExecutor.java:1128)
	at java.base/java.util.concurrent.ThreadPoolExecutor$Worker.run(ThreadPoolExecutor.java:628)
	at java.base/java.lang.Thread.run(Thread.java:829)

		at org.apache.ratis.util.IOUtils.readObject(IOUtils.java:237)
		at org.apache.ratis.util.IOUtils.bytes2Object(IOUtils.java:214)
		at org.apache.ratis.grpc.GrpcUtil.tryUnwrapException(GrpcUtil.java:109)
		at org.apache.ratis.grpc.GrpcUtil.unwrapThrowable(GrpcUtil.java:82)
		at org.apache.ratis.grpc.GrpcUtil.warn(GrpcUtil.java:178)
		at org.apache.ratis.grpc.server.GrpcLogAppender$AppendLogResponseHandler.onError(GrpcLogAppender.java:405)
		... 10 more
	Caused by: java.lang.ClassCastException: Cannot cast java.util.concurrent.RejectedExecutionException to java.io.IOException
		at java.base/java.lang.Class.cast(Class.java:3605)
		at org.apache.ratis.util.IOUtils.readObject(IOUtils.java:234)
		... 15 more
2022-10-13 10:40:55,655 [grpc-default-executor-2] INFO  leader.FollowerInfo (FollowerInfoImpl.java:lambda$new$0(48)) - s0@group-6905249F38B1->s1: nextIndex: updateUnconditionally 263 -> 259
2022-10-13 10:40:55,690 [grpc-default-executor-0] WARN  server.GrpcServerProtocolService (LogUtils.java:warn(124)) - s1: Failed APPEND_ENTRIES request s0->s1#272-t2,previous=(t:2, i:258),leaderCommit=262,initializing? true,entries: size=4, first=(t:2, i:259), CONFIGURATIONENTRY(current:id: "s0"
address: "localhost:46195"
dataStreamAddress: "localhost:39399"
clientAddress: "localhost:42765"
adminAddress: "localhost:44717"
startupRole: FOLLOWER
,id: "s1"
address: "0.0.0.0:46693"
clientAddress: "0.0.0.0:46693"
adminAddress: "0.0.0.0:46693"
startupRole: FOLLOWER
,id: "s2"
address: "0.0.0.0:36699"
clientAddress: "0.0.0.0:36699"
adminAddress: "0.0.0.0:36699"
startupRole: FOLLOWER
, old:id: "s0"
address: "localhost:46195"
dataStreamAddress: "localhost:39399"
clientAddress: "localhost:42765"
adminAddress: "localhost:44717"
startupRole: FOLLOWER
)
java.util.concurrent.CompletionException: java.util.concurrent.RejectedExecutionException: Task java.util.concurrent.CompletableFuture$AsyncSupply@4c9ee78c rejected from java.util.concurrent.ThreadPoolExecutor@3ad4e2b[Terminated, pool size = 0, active threads = 0, queued tasks = 0, completed tasks = 198]
	at java.base/java.util.concurrent.CompletableFuture.encodeThrowable(CompletableFuture.java:314)
	at java.base/java.util.concurrent.CompletableFuture.uniComposeStage(CompletableFuture.java:1113)
	at java.base/java.util.concurrent.CompletableFuture.thenCompose(CompletableFuture.java:2235)
	at org.apache.ratis.server.impl.RaftServerProxy.appendEntriesAsync(RaftServerProxy.java:634)
	at org.apache.ratis.grpc.server.GrpcServerProtocolService$1.process(GrpcServerProtocolService.java:219)
	at org.apache.ratis.grpc.server.GrpcServerProtocolService$1.process(GrpcServerProtocolService.java:216)
	at org.apache.ratis.grpc.server.GrpcServerProtocolService$ServerRequestStreamObserver.onNext(GrpcServerProtocolService.java:124)
	at org.apache.ratis.thirdparty.io.grpc.stub.ServerCalls$StreamingServerCallHandler$StreamingServerCallListener.onMessage(ServerCalls.java:262)
	at org.apache.ratis.thirdparty.io.grpc.ForwardingServerCallListener.onMessage(ForwardingServerCallListener.java:33)
	at org.apache.ratis.thirdparty.io.grpc.internal.ServerCallImpl$ServerStreamListenerImpl.messagesAvailableInternal(ServerCallImpl.java:332)
	at org.apache.ratis.thirdparty.io.grpc.internal.ServerCallImpl$ServerStreamListenerImpl.messagesAvailable(ServerCallImpl.java:315)
	at org.apache.ratis.thirdparty.io.grpc.internal.ServerImpl$JumpToApplicationThreadServerStreamListener$1MessagesAvailable.runInContext(ServerImpl.java:834)
	at org.apache.ratis.thirdparty.io.grpc.internal.ContextRunnable.run(ContextRunnable.java:37)
	at org.apache.ratis.thirdparty.io.grpc.internal.SerializingExecutor.run(SerializingExecutor.java:133)
	at java.base/java.util.concurrent.ThreadPoolExecutor.runWorker(ThreadPoolExecutor.java:1128)
	at java.base/java.util.concurrent.ThreadPoolExecutor$Worker.run(ThreadPoolExecutor.java:628)
	at java.base/java.lang.Thread.run(Thread.java:829)
Caused by: java.util.concurrent.RejectedExecutionException: Task java.util.concurrent.CompletableFuture$AsyncSupply@4c9ee78c rejected from java.util.concurrent.ThreadPoolExecutor@3ad4e2b[Terminated, pool size = 0, active threads = 0, queued tasks = 0, completed tasks = 198]
	at java.base/java.util.concurrent.ThreadPoolExecutor$AbortPolicy.rejectedExecution(ThreadPoolExecutor.java:2055)
	at java.base/java.util.concurrent.ThreadPoolExecutor.reject(ThreadPoolExecutor.java:825)
	at java.base/java.util.concurrent.ThreadPoolExecutor.execute(ThreadPoolExecutor.java:1355)
	at java.base/java.util.concurrent.CompletableFuture.asyncSupplyStage(CompletableFuture.java:1714)
	at java.base/java.util.concurrent.CompletableFuture.supplyAsync(CompletableFuture.java:1931)
	at org.apache.ratis.server.impl.RaftServerImpl.executeSubmitServerRequestAsync(RaftServerImpl.java:812)
	at org.apache.ratis.server.impl.RaftServerProxy.lambda$appendEntriesAsync$27(RaftServerProxy.java:634)
	at java.base/java.util.concurrent.CompletableFuture.uniComposeStage(CompletableFuture.java:1106)
	... 15 more
2022-10-13 10:40:55,692 [grpc-default-executor-0] WARN  server.GrpcLogAppender (LogUtils.java:warn(124)) - s0@group-6905249F38B1->s1-AppendLogResponseHandler: Failed appendEntries
java.io.IOException: java.util.concurrent.RejectedExecutionException: Task java.util.concurrent.CompletableFuture$AsyncSupply@4c9ee78c rejected from java.util.concurrent.ThreadPoolExecutor@3ad4e2b[Terminated, pool size = 0, active threads = 0, queued tasks = 0, completed tasks = 198]
	at org.apache.ratis.util.IOUtils.asIOException(IOUtils.java:56)
	at org.apache.ratis.grpc.GrpcUtil.tryUnwrapException(GrpcUtil.java:121)
	at org.apache.ratis.grpc.GrpcUtil.unwrapThrowable(GrpcUtil.java:82)
	at org.apache.ratis.grpc.GrpcUtil.warn(GrpcUtil.java:178)
	at org.apache.ratis.grpc.server.GrpcLogAppender$AppendLogResponseHandler.onError(GrpcLogAppender.java:405)
	at org.apache.ratis.thirdparty.io.grpc.stub.ClientCalls$StreamObserverToCallListenerAdapter.onClose(ClientCalls.java:487)
	at org.apache.ratis.thirdparty.io.grpc.internal.ClientCallImpl.closeObserver(ClientCallImpl.java:562)
	at org.apache.ratis.thirdparty.io.grpc.internal.ClientCallImpl.access$300(ClientCallImpl.java:70)
	at org.apache.ratis.thirdparty.io.grpc.internal.ClientCallImpl$ClientStreamListenerImpl$1StreamClosed.runInternal(ClientCallImpl.java:743)
	at org.apache.ratis.thirdparty.io.grpc.internal.ClientCallImpl$ClientStreamListenerImpl$1StreamClosed.runInContext(ClientCallImpl.java:722)
	at org.apache.ratis.thirdparty.io.grpc.internal.ContextRunnable.run(ContextRunnable.java:37)
	at org.apache.ratis.thirdparty.io.grpc.internal.SerializingExecutor.run(SerializingExecutor.java:133)
	at java.base/java.util.concurrent.ThreadPoolExecutor.runWorker(ThreadPoolExecutor.java:1128)
	at java.base/java.util.concurrent.ThreadPoolExecutor$Worker.run(ThreadPoolExecutor.java:628)
	at java.base/java.lang.Thread.run(Thread.java:829)
Caused by: java.util.concurrent.RejectedExecutionException: Task java.util.concurrent.CompletableFuture$AsyncSupply@4c9ee78c rejected from java.util.concurrent.ThreadPoolExecutor@3ad4e2b[Terminated, pool size = 0, active threads = 0, queued tasks = 0, completed tasks = 198]
	at java.base/jdk.internal.reflect.GeneratedConstructorAccessor7.newInstance(Unknown Source)
	at java.base/jdk.internal.reflect.DelegatingConstructorAccessorImpl.newInstance(DelegatingConstructorAccessorImpl.java:45)
	at java.base/java.lang.reflect.Constructor.newInstance(Constructor.java:490)
	at org.apache.ratis.util.ReflectionUtils.instantiateException(ReflectionUtils.java:259)
	at org.apache.ratis.grpc.GrpcUtil.tryUnwrapException(GrpcUtil.java:120)
	... 13 more
Caused by: org.apache.ratis.thirdparty.io.grpc.StatusRuntimeException: INTERNAL: Task java.util.concurrent.CompletableFuture$AsyncSupply@4c9ee78c rejected from java.util.concurrent.ThreadPoolExecutor@3ad4e2b[Terminated, pool size = 0, active threads = 0, queued tasks = 0, completed tasks = 198]
	at org.apache.ratis.thirdparty.io.grpc.Status.asRuntimeException(Status.java:535)
	... 10 more
	Suppressed: java.lang.IllegalStateException: Failed to cast to class java.io.IOException, object=java.util.concurrent.RejectedExecutionException: Task java.util.concurrent.CompletableFuture$AsyncSupply@4c9ee78c rejected from java.util.concurrent.ThreadPoolExecutor@3ad4e2b[Terminated, pool size = 0, active threads = 0, queued tasks = 0, completed tasks = 198]
	at java.base/java.util.concurrent.ThreadPoolExecutor$AbortPolicy.rejectedExecution(ThreadPoolExecutor.java:2055)
	at java.base/java.util.concurrent.ThreadPoolExecutor.reject(ThreadPoolExecutor.java:825)
	at java.base/java.util.concurrent.ThreadPoolExecutor.execute(ThreadPoolExecutor.java:1355)
	at java.base/java.util.concurrent.CompletableFuture.asyncSupplyStage(CompletableFuture.java:1714)
	at java.base/java.util.concurrent.CompletableFuture.supplyAsync(CompletableFuture.java:1931)
	at org.apache.ratis.server.impl.RaftServerImpl.executeSubmitServerRequestAsync(RaftServerImpl.java:812)
	at org.apache.ratis.server.impl.RaftServerProxy.lambda$appendEntriesAsync$27(RaftServerProxy.java:634)
	at java.base/java.util.concurrent.CompletableFuture.uniComposeStage(CompletableFuture.java:1106)
	at java.base/java.util.concurrent.CompletableFuture.thenCompose(CompletableFuture.java:2235)
	at org.apache.ratis.server.impl.RaftServerProxy.appendEntriesAsync(RaftServerProxy.java:634)
	at org.apache.ratis.grpc.server.GrpcServerProtocolService$1.process(GrpcServerProtocolService.java:219)
	at org.apache.ratis.grpc.server.GrpcServerProtocolService$1.process(GrpcServerProtocolService.java:216)
	at org.apache.ratis.grpc.server.GrpcServerProtocolService$ServerRequestStreamObserver.onNext(GrpcServerProtocolService.java:124)
	at org.apache.ratis.thirdparty.io.grpc.stub.ServerCalls$StreamingServerCallHandler$StreamingServerCallListener.onMessage(ServerCalls.java:262)
	at org.apache.ratis.thirdparty.io.grpc.ForwardingServerCallListener.onMessage(ForwardingServerCallListener.java:33)
	at org.apache.ratis.thirdparty.io.grpc.internal.ServerCallImpl$ServerStreamListenerImpl.messagesAvailableInternal(ServerCallImpl.java:332)
	at org.apache.ratis.thirdparty.io.grpc.internal.ServerCallImpl$ServerStreamListenerImpl.messagesAvailable(ServerCallImpl.java:315)
	at org.apache.ratis.thirdparty.io.grpc.internal.ServerImpl$JumpToApplicationThreadServerStreamListener$1MessagesAvailable.runInContext(ServerImpl.java:834)
	at org.apache.ratis.thirdparty.io.grpc.internal.ContextRunnable.run(ContextRunnable.java:37)
	at org.apache.ratis.thirdparty.io.grpc.internal.SerializingExecutor.run(SerializingExecutor.java:133)
	at java.base/java.util.concurrent.ThreadPoolExecutor.runWorker(ThreadPoolExecutor.java:1128)
	at java.base/java.util.concurrent.ThreadPoolExecutor$Worker.run(ThreadPoolExecutor.java:628)
	at java.base/java.lang.Thread.run(Thread.java:829)

		at org.apache.ratis.util.IOUtils.readObject(IOUtils.java:237)
		at org.apache.ratis.util.IOUtils.bytes2Object(IOUtils.java:214)
		at org.apache.ratis.grpc.GrpcUtil.tryUnwrapException(GrpcUtil.java:109)
		at org.apache.ratis.grpc.GrpcUtil.unwrapThrowable(GrpcUtil.java:82)
		at org.apache.ratis.grpc.GrpcUtil.warn(GrpcUtil.java:178)
		at org.apache.ratis.grpc.server.GrpcLogAppender$AppendLogResponseHandler.onError(GrpcLogAppender.java:405)
		... 10 more
	Caused by: java.lang.ClassCastException: Cannot cast java.util.concurrent.RejectedExecutionException to java.io.IOException
		at java.base/java.lang.Class.cast(Class.java:3605)
		at org.apache.ratis.util.IOUtils.readObject(IOUtils.java:234)
		... 15 more
2022-10-13 10:40:55,693 [grpc-default-executor-0] INFO  leader.FollowerInfo (FollowerInfoImpl.java:lambda$new$0(48)) - s0@group-6905249F38B1->s1: nextIndex: updateUnconditionally 263 -> 259
2022-10-13 10:40:55,728 [grpc-default-executor-2] WARN  server.GrpcServerProtocolService (LogUtils.java:warn(124)) - s1: Failed APPEND_ENTRIES request s0->s1#274-t2,previous=(t:2, i:258),leaderCommit=262,initializing? true,entries: size=4, first=(t:2, i:259), CONFIGURATIONENTRY(current:id: "s0"
address: "localhost:46195"
dataStreamAddress: "localhost:39399"
clientAddress: "localhost:42765"
adminAddress: "localhost:44717"
startupRole: FOLLOWER
,id: "s1"
address: "0.0.0.0:46693"
clientAddress: "0.0.0.0:46693"
adminAddress: "0.0.0.0:46693"
startupRole: FOLLOWER
,id: "s2"
address: "0.0.0.0:36699"
clientAddress: "0.0.0.0:36699"
adminAddress: "0.0.0.0:36699"
startupRole: FOLLOWER
, old:id: "s0"
address: "localhost:46195"
dataStreamAddress: "localhost:39399"
clientAddress: "localhost:42765"
adminAddress: "localhost:44717"
startupRole: FOLLOWER
)
java.util.concurrent.CompletionException: java.util.concurrent.RejectedExecutionException: Task java.util.concurrent.CompletableFuture$AsyncSupply@6d2b401a rejected from java.util.concurrent.ThreadPoolExecutor@3ad4e2b[Terminated, pool size = 0, active threads = 0, queued tasks = 0, completed tasks = 198]
	at java.base/java.util.concurrent.CompletableFuture.encodeThrowable(CompletableFuture.java:314)
	at java.base/java.util.concurrent.CompletableFuture.uniComposeStage(CompletableFuture.java:1113)
	at java.base/java.util.concurrent.CompletableFuture.thenCompose(CompletableFuture.java:2235)
	at org.apache.ratis.server.impl.RaftServerProxy.appendEntriesAsync(RaftServerProxy.java:634)
	at org.apache.ratis.grpc.server.GrpcServerProtocolService$1.process(GrpcServerProtocolService.java:219)
	at org.apache.ratis.grpc.server.GrpcServerProtocolService$1.process(GrpcServerProtocolService.java:216)
	at org.apache.ratis.grpc.server.GrpcServerProtocolService$ServerRequestStreamObserver.onNext(GrpcServerProtocolService.java:124)
	at org.apache.ratis.thirdparty.io.grpc.stub.ServerCalls$StreamingServerCallHandler$StreamingServerCallListener.onMessage(ServerCalls.java:262)
	at org.apache.ratis.thirdparty.io.grpc.ForwardingServerCallListener.onMessage(ForwardingServerCallListener.java:33)
	at org.apache.ratis.thirdparty.io.grpc.internal.ServerCallImpl$ServerStreamListenerImpl.messagesAvailableInternal(ServerCallImpl.java:332)
	at org.apache.ratis.thirdparty.io.grpc.internal.ServerCallImpl$ServerStreamListenerImpl.messagesAvailable(ServerCallImpl.java:315)
	at org.apache.ratis.thirdparty.io.grpc.internal.ServerImpl$JumpToApplicationThreadServerStreamListener$1MessagesAvailable.runInContext(ServerImpl.java:834)
	at org.apache.ratis.thirdparty.io.grpc.internal.ContextRunnable.run(ContextRunnable.java:37)
	at org.apache.ratis.thirdparty.io.grpc.internal.SerializingExecutor.run(SerializingExecutor.java:133)
	at java.base/java.util.concurrent.ThreadPoolExecutor.runWorker(ThreadPoolExecutor.java:1128)
	at java.base/java.util.concurrent.ThreadPoolExecutor$Worker.run(ThreadPoolExecutor.java:628)
	at java.base/java.lang.Thread.run(Thread.java:829)
Caused by: java.util.concurrent.RejectedExecutionException: Task java.util.concurrent.CompletableFuture$AsyncSupply@6d2b401a rejected from java.util.concurrent.ThreadPoolExecutor@3ad4e2b[Terminated, pool size = 0, active threads = 0, queued tasks = 0, completed tasks = 198]
	at java.base/java.util.concurrent.ThreadPoolExecutor$AbortPolicy.rejectedExecution(ThreadPoolExecutor.java:2055)
	at java.base/java.util.concurrent.ThreadPoolExecutor.reject(ThreadPoolExecutor.java:825)
	at java.base/java.util.concurrent.ThreadPoolExecutor.execute(ThreadPoolExecutor.java:1355)
	at java.base/java.util.concurrent.CompletableFuture.asyncSupplyStage(CompletableFuture.java:1714)
	at java.base/java.util.concurrent.CompletableFuture.supplyAsync(CompletableFuture.java:1931)
	at org.apache.ratis.server.impl.RaftServerImpl.executeSubmitServerRequestAsync(RaftServerImpl.java:812)
	at org.apache.ratis.server.impl.RaftServerProxy.lambda$appendEntriesAsync$27(RaftServerProxy.java:634)
	at java.base/java.util.concurrent.CompletableFuture.uniComposeStage(CompletableFuture.java:1106)
	... 15 more
2022-10-13 10:40:55,730 [grpc-default-executor-2] WARN  server.GrpcLogAppender (LogUtils.java:warn(124)) - s0@group-6905249F38B1->s1-AppendLogResponseHandler: Failed appendEntries
java.io.IOException: java.util.concurrent.RejectedExecutionException: Task java.util.concurrent.CompletableFuture$AsyncSupply@6d2b401a rejected from java.util.concurrent.ThreadPoolExecutor@3ad4e2b[Terminated, pool size = 0, active threads = 0, queued tasks = 0, completed tasks = 198]
	at org.apache.ratis.util.IOUtils.asIOException(IOUtils.java:56)
	at org.apache.ratis.grpc.GrpcUtil.tryUnwrapException(GrpcUtil.java:121)
	at org.apache.ratis.grpc.GrpcUtil.unwrapThrowable(GrpcUtil.java:82)
	at org.apache.ratis.grpc.GrpcUtil.warn(GrpcUtil.java:178)
	at org.apache.ratis.grpc.server.GrpcLogAppender$AppendLogResponseHandler.onError(GrpcLogAppender.java:405)
	at org.apache.ratis.thirdparty.io.grpc.stub.ClientCalls$StreamObserverToCallListenerAdapter.onClose(ClientCalls.java:487)
	at org.apache.ratis.thirdparty.io.grpc.internal.ClientCallImpl.closeObserver(ClientCallImpl.java:562)
	at org.apache.ratis.thirdparty.io.grpc.internal.ClientCallImpl.access$300(ClientCallImpl.java:70)
	at org.apache.ratis.thirdparty.io.grpc.internal.ClientCallImpl$ClientStreamListenerImpl$1StreamClosed.runInternal(ClientCallImpl.java:743)
	at org.apache.ratis.thirdparty.io.grpc.internal.ClientCallImpl$ClientStreamListenerImpl$1StreamClosed.runInContext(ClientCallImpl.java:722)
	at org.apache.ratis.thirdparty.io.grpc.internal.ContextRunnable.run(ContextRunnable.java:37)
	at org.apache.ratis.thirdparty.io.grpc.internal.SerializingExecutor.run(SerializingExecutor.java:133)
	at java.base/java.util.concurrent.ThreadPoolExecutor.runWorker(ThreadPoolExecutor.java:1128)
	at java.base/java.util.concurrent.ThreadPoolExecutor$Worker.run(ThreadPoolExecutor.java:628)
	at java.base/java.lang.Thread.run(Thread.java:829)
Caused by: java.util.concurrent.RejectedExecutionException: Task java.util.concurrent.CompletableFuture$AsyncSupply@6d2b401a rejected from java.util.concurrent.ThreadPoolExecutor@3ad4e2b[Terminated, pool size = 0, active threads = 0, queued tasks = 0, completed tasks = 198]
	at java.base/jdk.internal.reflect.GeneratedConstructorAccessor7.newInstance(Unknown Source)
	at java.base/jdk.internal.reflect.DelegatingConstructorAccessorImpl.newInstance(DelegatingConstructorAccessorImpl.java:45)
	at java.base/java.lang.reflect.Constructor.newInstance(Constructor.java:490)
	at org.apache.ratis.util.ReflectionUtils.instantiateException(ReflectionUtils.java:259)
	at org.apache.ratis.grpc.GrpcUtil.tryUnwrapException(GrpcUtil.java:120)
	... 13 more
Caused by: org.apache.ratis.thirdparty.io.grpc.StatusRuntimeException: INTERNAL: Task java.util.concurrent.CompletableFuture$AsyncSupply@6d2b401a rejected from java.util.concurrent.ThreadPoolExecutor@3ad4e2b[Terminated, pool size = 0, active threads = 0, queued tasks = 0, completed tasks = 198]
	at org.apache.ratis.thirdparty.io.grpc.Status.asRuntimeException(Status.java:535)
	... 10 more
	Suppressed: java.lang.IllegalStateException: Failed to cast to class java.io.IOException, object=java.util.concurrent.RejectedExecutionException: Task java.util.concurrent.CompletableFuture$AsyncSupply@6d2b401a rejected from java.util.concurrent.ThreadPoolExecutor@3ad4e2b[Terminated, pool size = 0, active threads = 0, queued tasks = 0, completed tasks = 198]
	at java.base/java.util.concurrent.ThreadPoolExecutor$AbortPolicy.rejectedExecution(ThreadPoolExecutor.java:2055)
	at java.base/java.util.concurrent.ThreadPoolExecutor.reject(ThreadPoolExecutor.java:825)
	at java.base/java.util.concurrent.ThreadPoolExecutor.execute(ThreadPoolExecutor.java:1355)
	at java.base/java.util.concurrent.CompletableFuture.asyncSupplyStage(CompletableFuture.java:1714)
	at java.base/java.util.concurrent.CompletableFuture.supplyAsync(CompletableFuture.java:1931)
	at org.apache.ratis.server.impl.RaftServerImpl.executeSubmitServerRequestAsync(RaftServerImpl.java:812)
	at org.apache.ratis.server.impl.RaftServerProxy.lambda$appendEntriesAsync$27(RaftServerProxy.java:634)
	at java.base/java.util.concurrent.CompletableFuture.uniComposeStage(CompletableFuture.java:1106)
	at java.base/java.util.concurrent.CompletableFuture.thenCompose(CompletableFuture.java:2235)
	at org.apache.ratis.server.impl.RaftServerProxy.appendEntriesAsync(RaftServerProxy.java:634)
	at org.apache.ratis.grpc.server.GrpcServerProtocolService$1.process(GrpcServerProtocolService.java:219)
	at org.apache.ratis.grpc.server.GrpcServerProtocolService$1.process(GrpcServerProtocolService.java:216)
	at org.apache.ratis.grpc.server.GrpcServerProtocolService$ServerRequestStreamObserver.onNext(GrpcServerProtocolService.java:124)
	at org.apache.ratis.thirdparty.io.grpc.stub.ServerCalls$StreamingServerCallHandler$StreamingServerCallListener.onMessage(ServerCalls.java:262)
	at org.apache.ratis.thirdparty.io.grpc.ForwardingServerCallListener.onMessage(ForwardingServerCallListener.java:33)
	at org.apache.ratis.thirdparty.io.grpc.internal.ServerCallImpl$ServerStreamListenerImpl.messagesAvailableInternal(ServerCallImpl.java:332)
	at org.apache.ratis.thirdparty.io.grpc.internal.ServerCallImpl$ServerStreamListenerImpl.messagesAvailable(ServerCallImpl.java:315)
	at org.apache.ratis.thirdparty.io.grpc.internal.ServerImpl$JumpToApplicationThreadServerStreamListener$1MessagesAvailable.runInContext(ServerImpl.java:834)
	at org.apache.ratis.thirdparty.io.grpc.internal.ContextRunnable.run(ContextRunnable.java:37)
	at org.apache.ratis.thirdparty.io.grpc.internal.SerializingExecutor.run(SerializingExecutor.java:133)
	at java.base/java.util.concurrent.ThreadPoolExecutor.runWorker(ThreadPoolExecutor.java:1128)
	at java.base/java.util.concurrent.ThreadPoolExecutor$Worker.run(ThreadPoolExecutor.java:628)
	at java.base/java.lang.Thread.run(Thread.java:829)

		at org.apache.ratis.util.IOUtils.readObject(IOUtils.java:237)
		at org.apache.ratis.util.IOUtils.bytes2Object(IOUtils.java:214)
		at org.apache.ratis.grpc.GrpcUtil.tryUnwrapException(GrpcUtil.java:109)
		at org.apache.ratis.grpc.GrpcUtil.unwrapThrowable(GrpcUtil.java:82)
		at org.apache.ratis.grpc.GrpcUtil.warn(GrpcUtil.java:178)
		at org.apache.ratis.grpc.server.GrpcLogAppender$AppendLogResponseHandler.onError(GrpcLogAppender.java:405)
		... 10 more
	Caused by: java.lang.ClassCastException: Cannot cast java.util.concurrent.RejectedExecutionException to java.io.IOException
		at java.base/java.lang.Class.cast(Class.java:3605)
		at org.apache.ratis.util.IOUtils.readObject(IOUtils.java:234)
		... 15 more
2022-10-13 10:40:55,732 [grpc-default-executor-2] INFO  leader.FollowerInfo (FollowerInfoImpl.java:lambda$new$0(48)) - s0@group-6905249F38B1->s1: nextIndex: updateUnconditionally 263 -> 259
2022-10-13 10:40:55,765 [grpc-default-executor-0] WARN  server.GrpcServerProtocolService (LogUtils.java:warn(124)) - s1: Failed APPEND_ENTRIES request s0->s1#276-t2,previous=(t:2, i:258),leaderCommit=262,initializing? true,entries: size=4, first=(t:2, i:259), CONFIGURATIONENTRY(current:id: "s0"
address: "localhost:46195"
dataStreamAddress: "localhost:39399"
clientAddress: "localhost:42765"
adminAddress: "localhost:44717"
startupRole: FOLLOWER
,id: "s1"
address: "0.0.0.0:46693"
clientAddress: "0.0.0.0:46693"
adminAddress: "0.0.0.0:46693"
startupRole: FOLLOWER
,id: "s2"
address: "0.0.0.0:36699"
clientAddress: "0.0.0.0:36699"
adminAddress: "0.0.0.0:36699"
startupRole: FOLLOWER
, old:id: "s0"
address: "localhost:46195"
dataStreamAddress: "localhost:39399"
clientAddress: "localhost:42765"
adminAddress: "localhost:44717"
startupRole: FOLLOWER
)
java.util.concurrent.CompletionException: java.util.concurrent.RejectedExecutionException: Task java.util.concurrent.CompletableFuture$AsyncSupply@64946a92 rejected from java.util.concurrent.ThreadPoolExecutor@3ad4e2b[Terminated, pool size = 0, active threads = 0, queued tasks = 0, completed tasks = 198]
	at java.base/java.util.concurrent.CompletableFuture.encodeThrowable(CompletableFuture.java:314)
	at java.base/java.util.concurrent.CompletableFuture.uniComposeStage(CompletableFuture.java:1113)
	at java.base/java.util.concurrent.CompletableFuture.thenCompose(CompletableFuture.java:2235)
	at org.apache.ratis.server.impl.RaftServerProxy.appendEntriesAsync(RaftServerProxy.java:634)
	at org.apache.ratis.grpc.server.GrpcServerProtocolService$1.process(GrpcServerProtocolService.java:219)
	at org.apache.ratis.grpc.server.GrpcServerProtocolService$1.process(GrpcServerProtocolService.java:216)
	at org.apache.ratis.grpc.server.GrpcServerProtocolService$ServerRequestStreamObserver.onNext(GrpcServerProtocolService.java:124)
	at org.apache.ratis.thirdparty.io.grpc.stub.ServerCalls$StreamingServerCallHandler$StreamingServerCallListener.onMessage(ServerCalls.java:262)
	at org.apache.ratis.thirdparty.io.grpc.ForwardingServerCallListener.onMessage(ForwardingServerCallListener.java:33)
	at org.apache.ratis.thirdparty.io.grpc.internal.ServerCallImpl$ServerStreamListenerImpl.messagesAvailableInternal(ServerCallImpl.java:332)
	at org.apache.ratis.thirdparty.io.grpc.internal.ServerCallImpl$ServerStreamListenerImpl.messagesAvailable(ServerCallImpl.java:315)
	at org.apache.ratis.thirdparty.io.grpc.internal.ServerImpl$JumpToApplicationThreadServerStreamListener$1MessagesAvailable.runInContext(ServerImpl.java:834)
	at org.apache.ratis.thirdparty.io.grpc.internal.ContextRunnable.run(ContextRunnable.java:37)
	at org.apache.ratis.thirdparty.io.grpc.internal.SerializingExecutor.run(SerializingExecutor.java:133)
	at java.base/java.util.concurrent.ThreadPoolExecutor.runWorker(ThreadPoolExecutor.java:1128)
	at java.base/java.util.concurrent.ThreadPoolExecutor$Worker.run(ThreadPoolExecutor.java:628)
	at java.base/java.lang.Thread.run(Thread.java:829)
Caused by: java.util.concurrent.RejectedExecutionException: Task java.util.concurrent.CompletableFuture$AsyncSupply@64946a92 rejected from java.util.concurrent.ThreadPoolExecutor@3ad4e2b[Terminated, pool size = 0, active threads = 0, queued tasks = 0, completed tasks = 198]
	at java.base/java.util.concurrent.ThreadPoolExecutor$AbortPolicy.rejectedExecution(ThreadPoolExecutor.java:2055)
	at java.base/java.util.concurrent.ThreadPoolExecutor.reject(ThreadPoolExecutor.java:825)
	at java.base/java.util.concurrent.ThreadPoolExecutor.execute(ThreadPoolExecutor.java:1355)
	at java.base/java.util.concurrent.CompletableFuture.asyncSupplyStage(CompletableFuture.java:1714)
	at java.base/java.util.concurrent.CompletableFuture.supplyAsync(CompletableFuture.java:1931)
	at org.apache.ratis.server.impl.RaftServerImpl.executeSubmitServerRequestAsync(RaftServerImpl.java:812)
	at org.apache.ratis.server.impl.RaftServerProxy.lambda$appendEntriesAsync$27(RaftServerProxy.java:634)
	at java.base/java.util.concurrent.CompletableFuture.uniComposeStage(CompletableFuture.java:1106)
	... 15 more
2022-10-13 10:40:55,768 [grpc-default-executor-2] WARN  server.GrpcLogAppender (LogUtils.java:warn(124)) - s0@group-6905249F38B1->s1-AppendLogResponseHandler: Failed appendEntries
java.io.IOException: java.util.concurrent.RejectedExecutionException: Task java.util.concurrent.CompletableFuture$AsyncSupply@64946a92 rejected from java.util.concurrent.ThreadPoolExecutor@3ad4e2b[Terminated, pool size = 0, active threads = 0, queued tasks = 0, completed tasks = 198]
	at org.apache.ratis.util.IOUtils.asIOException(IOUtils.java:56)
	at org.apache.ratis.grpc.GrpcUtil.tryUnwrapException(GrpcUtil.java:121)
	at org.apache.ratis.grpc.GrpcUtil.unwrapThrowable(GrpcUtil.java:82)
	at org.apache.ratis.grpc.GrpcUtil.warn(GrpcUtil.java:178)
	at org.apache.ratis.grpc.server.GrpcLogAppender$AppendLogResponseHandler.onError(GrpcLogAppender.java:405)
	at org.apache.ratis.thirdparty.io.grpc.stub.ClientCalls$StreamObserverToCallListenerAdapter.onClose(ClientCalls.java:487)
	at org.apache.ratis.thirdparty.io.grpc.internal.ClientCallImpl.closeObserver(ClientCallImpl.java:562)
	at org.apache.ratis.thirdparty.io.grpc.internal.ClientCallImpl.access$300(ClientCallImpl.java:70)
	at org.apache.ratis.thirdparty.io.grpc.internal.ClientCallImpl$ClientStreamListenerImpl$1StreamClosed.runInternal(ClientCallImpl.java:743)
	at org.apache.ratis.thirdparty.io.grpc.internal.ClientCallImpl$ClientStreamListenerImpl$1StreamClosed.runInContext(ClientCallImpl.java:722)
	at org.apache.ratis.thirdparty.io.grpc.internal.ContextRunnable.run(ContextRunnable.java:37)
	at org.apache.ratis.thirdparty.io.grpc.internal.SerializingExecutor.run(SerializingExecutor.java:133)
	at java.base/java.util.concurrent.ThreadPoolExecutor.runWorker(ThreadPoolExecutor.java:1128)
	at java.base/java.util.concurrent.ThreadPoolExecutor$Worker.run(ThreadPoolExecutor.java:628)
	at java.base/java.lang.Thread.run(Thread.java:829)
Caused by: java.util.concurrent.RejectedExecutionException: Task java.util.concurrent.CompletableFuture$AsyncSupply@64946a92 rejected from java.util.concurrent.ThreadPoolExecutor@3ad4e2b[Terminated, pool size = 0, active threads = 0, queued tasks = 0, completed tasks = 198]
	at java.base/jdk.internal.reflect.GeneratedConstructorAccessor7.newInstance(Unknown Source)
	at java.base/jdk.internal.reflect.DelegatingConstructorAccessorImpl.newInstance(DelegatingConstructorAccessorImpl.java:45)
	at java.base/java.lang.reflect.Constructor.newInstance(Constructor.java:490)
	at org.apache.ratis.util.ReflectionUtils.instantiateException(ReflectionUtils.java:259)
	at org.apache.ratis.grpc.GrpcUtil.tryUnwrapException(GrpcUtil.java:120)
	... 13 more
Caused by: org.apache.ratis.thirdparty.io.grpc.StatusRuntimeException: INTERNAL: Task java.util.concurrent.CompletableFuture$AsyncSupply@64946a92 rejected from java.util.concurrent.ThreadPoolExecutor@3ad4e2b[Terminated, pool size = 0, active threads = 0, queued tasks = 0, completed tasks = 198]
	at org.apache.ratis.thirdparty.io.grpc.Status.asRuntimeException(Status.java:535)
	... 10 more
	Suppressed: java.lang.IllegalStateException: Failed to cast to class java.io.IOException, object=java.util.concurrent.RejectedExecutionException: Task java.util.concurrent.CompletableFuture$AsyncSupply@64946a92 rejected from java.util.concurrent.ThreadPoolExecutor@3ad4e2b[Terminated, pool size = 0, active threads = 0, queued tasks = 0, completed tasks = 198]
	at java.base/java.util.concurrent.ThreadPoolExecutor$AbortPolicy.rejectedExecution(ThreadPoolExecutor.java:2055)
	at java.base/java.util.concurrent.ThreadPoolExecutor.reject(ThreadPoolExecutor.java:825)
	at java.base/java.util.concurrent.ThreadPoolExecutor.execute(ThreadPoolExecutor.java:1355)
	at java.base/java.util.concurrent.CompletableFuture.asyncSupplyStage(CompletableFuture.java:1714)
	at java.base/java.util.concurrent.CompletableFuture.supplyAsync(CompletableFuture.java:1931)
	at org.apache.ratis.server.impl.RaftServerImpl.executeSubmitServerRequestAsync(RaftServerImpl.java:812)
	at org.apache.ratis.server.impl.RaftServerProxy.lambda$appendEntriesAsync$27(RaftServerProxy.java:634)
	at java.base/java.util.concurrent.CompletableFuture.uniComposeStage(CompletableFuture.java:1106)
	at java.base/java.util.concurrent.CompletableFuture.thenCompose(CompletableFuture.java:2235)
	at org.apache.ratis.server.impl.RaftServerProxy.appendEntriesAsync(RaftServerProxy.java:634)
	at org.apache.ratis.grpc.server.GrpcServerProtocolService$1.process(GrpcServerProtocolService.java:219)
	at org.apache.ratis.grpc.server.GrpcServerProtocolService$1.process(GrpcServerProtocolService.java:216)
	at org.apache.ratis.grpc.server.GrpcServerProtocolService$ServerRequestStreamObserver.onNext(GrpcServerProtocolService.java:124)
	at org.apache.ratis.thirdparty.io.grpc.stub.ServerCalls$StreamingServerCallHandler$StreamingServerCallListener.onMessage(ServerCalls.java:262)
	at org.apache.ratis.thirdparty.io.grpc.ForwardingServerCallListener.onMessage(ForwardingServerCallListener.java:33)
	at org.apache.ratis.thirdparty.io.grpc.internal.ServerCallImpl$ServerStreamListenerImpl.messagesAvailableInternal(ServerCallImpl.java:332)
	at org.apache.ratis.thirdparty.io.grpc.internal.ServerCallImpl$ServerStreamListenerImpl.messagesAvailable(ServerCallImpl.java:315)
	at org.apache.ratis.thirdparty.io.grpc.internal.ServerImpl$JumpToApplicationThreadServerStreamListener$1MessagesAvailable.runInContext(ServerImpl.java:834)
	at org.apache.ratis.thirdparty.io.grpc.internal.ContextRunnable.run(ContextRunnable.java:37)
	at org.apache.ratis.thirdparty.io.grpc.internal.SerializingExecutor.run(SerializingExecutor.java:133)
	at java.base/java.util.concurrent.ThreadPoolExecutor.runWorker(ThreadPoolExecutor.java:1128)
	at java.base/java.util.concurrent.ThreadPoolExecutor$Worker.run(ThreadPoolExecutor.java:628)
	at java.base/java.lang.Thread.run(Thread.java:829)

		at org.apache.ratis.util.IOUtils.readObject(IOUtils.java:237)
		at org.apache.ratis.util.IOUtils.bytes2Object(IOUtils.java:214)
		at org.apache.ratis.grpc.GrpcUtil.tryUnwrapException(GrpcUtil.java:109)
		at org.apache.ratis.grpc.GrpcUtil.unwrapThrowable(GrpcUtil.java:82)
		at org.apache.ratis.grpc.GrpcUtil.warn(GrpcUtil.java:178)
		at org.apache.ratis.grpc.server.GrpcLogAppender$AppendLogResponseHandler.onError(GrpcLogAppender.java:405)
		... 10 more
	Caused by: java.lang.ClassCastException: Cannot cast java.util.concurrent.RejectedExecutionException to java.io.IOException
		at java.base/java.lang.Class.cast(Class.java:3605)
		at org.apache.ratis.util.IOUtils.readObject(IOUtils.java:234)
		... 15 more
2022-10-13 10:40:55,769 [grpc-default-executor-2] INFO  leader.FollowerInfo (FollowerInfoImpl.java:lambda$new$0(48)) - s0@group-6905249F38B1->s1: nextIndex: updateUnconditionally 263 -> 259
2022-10-13 10:40:55,803 [grpc-default-executor-0] WARN  server.GrpcServerProtocolService (LogUtils.java:warn(124)) - s1: Failed APPEND_ENTRIES request s0->s1#278-t2,previous=(t:2, i:258),leaderCommit=262,initializing? true,entries: size=4, first=(t:2, i:259), CONFIGURATIONENTRY(current:id: "s0"
address: "localhost:46195"
dataStreamAddress: "localhost:39399"
clientAddress: "localhost:42765"
adminAddress: "localhost:44717"
startupRole: FOLLOWER
,id: "s1"
address: "0.0.0.0:46693"
clientAddress: "0.0.0.0:46693"
adminAddress: "0.0.0.0:46693"
startupRole: FOLLOWER
,id: "s2"
address: "0.0.0.0:36699"
clientAddress: "0.0.0.0:36699"
adminAddress: "0.0.0.0:36699"
startupRole: FOLLOWER
, old:id: "s0"
address: "localhost:46195"
dataStreamAddress: "localhost:39399"
clientAddress: "localhost:42765"
adminAddress: "localhost:44717"
startupRole: FOLLOWER
)
java.util.concurrent.CompletionException: java.util.concurrent.RejectedExecutionException: Task java.util.concurrent.CompletableFuture$AsyncSupply@100c583 rejected from java.util.concurrent.ThreadPoolExecutor@3ad4e2b[Terminated, pool size = 0, active threads = 0, queued tasks = 0, completed tasks = 198]
	at java.base/java.util.concurrent.CompletableFuture.encodeThrowable(CompletableFuture.java:314)
	at java.base/java.util.concurrent.CompletableFuture.uniComposeStage(CompletableFuture.java:1113)
	at java.base/java.util.concurrent.CompletableFuture.thenCompose(CompletableFuture.java:2235)
	at org.apache.ratis.server.impl.RaftServerProxy.appendEntriesAsync(RaftServerProxy.java:634)
	at org.apache.ratis.grpc.server.GrpcServerProtocolService$1.process(GrpcServerProtocolService.java:219)
	at org.apache.ratis.grpc.server.GrpcServerProtocolService$1.process(GrpcServerProtocolService.java:216)
	at org.apache.ratis.grpc.server.GrpcServerProtocolService$ServerRequestStreamObserver.onNext(GrpcServerProtocolService.java:124)
	at org.apache.ratis.thirdparty.io.grpc.stub.ServerCalls$StreamingServerCallHandler$StreamingServerCallListener.onMessage(ServerCalls.java:262)
	at org.apache.ratis.thirdparty.io.grpc.ForwardingServerCallListener.onMessage(ForwardingServerCallListener.java:33)
	at org.apache.ratis.thirdparty.io.grpc.internal.ServerCallImpl$ServerStreamListenerImpl.messagesAvailableInternal(ServerCallImpl.java:332)
	at org.apache.ratis.thirdparty.io.grpc.internal.ServerCallImpl$ServerStreamListenerImpl.messagesAvailable(ServerCallImpl.java:315)
	at org.apache.ratis.thirdparty.io.grpc.internal.ServerImpl$JumpToApplicationThreadServerStreamListener$1MessagesAvailable.runInContext(ServerImpl.java:834)
	at org.apache.ratis.thirdparty.io.grpc.internal.ContextRunnable.run(ContextRunnable.java:37)
	at org.apache.ratis.thirdparty.io.grpc.internal.SerializingExecutor.run(SerializingExecutor.java:133)
	at java.base/java.util.concurrent.ThreadPoolExecutor.runWorker(ThreadPoolExecutor.java:1128)
	at java.base/java.util.concurrent.ThreadPoolExecutor$Worker.run(ThreadPoolExecutor.java:628)
	at java.base/java.lang.Thread.run(Thread.java:829)
Caused by: java.util.concurrent.RejectedExecutionException: Task java.util.concurrent.CompletableFuture$AsyncSupply@100c583 rejected from java.util.concurrent.ThreadPoolExecutor@3ad4e2b[Terminated, pool size = 0, active threads = 0, queued tasks = 0, completed tasks = 198]
	at java.base/java.util.concurrent.ThreadPoolExecutor$AbortPolicy.rejectedExecution(ThreadPoolExecutor.java:2055)
	at java.base/java.util.concurrent.ThreadPoolExecutor.reject(ThreadPoolExecutor.java:825)
	at java.base/java.util.concurrent.ThreadPoolExecutor.execute(ThreadPoolExecutor.java:1355)
	at java.base/java.util.concurrent.CompletableFuture.asyncSupplyStage(CompletableFuture.java:1714)
	at java.base/java.util.concurrent.CompletableFuture.supplyAsync(CompletableFuture.java:1931)
	at org.apache.ratis.server.impl.RaftServerImpl.executeSubmitServerRequestAsync(RaftServerImpl.java:812)
	at org.apache.ratis.server.impl.RaftServerProxy.lambda$appendEntriesAsync$27(RaftServerProxy.java:634)
	at java.base/java.util.concurrent.CompletableFuture.uniComposeStage(CompletableFuture.java:1106)
	... 15 more
2022-10-13 10:40:55,806 [grpc-default-executor-2] WARN  server.GrpcLogAppender (LogUtils.java:warn(124)) - s0@group-6905249F38B1->s1-AppendLogResponseHandler: Failed appendEntries
java.io.IOException: java.util.concurrent.RejectedExecutionException: Task java.util.concurrent.CompletableFuture$AsyncSupply@100c583 rejected from java.util.concurrent.ThreadPoolExecutor@3ad4e2b[Terminated, pool size = 0, active threads = 0, queued tasks = 0, completed tasks = 198]
	at org.apache.ratis.util.IOUtils.asIOException(IOUtils.java:56)
	at org.apache.ratis.grpc.GrpcUtil.tryUnwrapException(GrpcUtil.java:121)
	at org.apache.ratis.grpc.GrpcUtil.unwrapThrowable(GrpcUtil.java:82)
	at org.apache.ratis.grpc.GrpcUtil.warn(GrpcUtil.java:178)
	at org.apache.ratis.grpc.server.GrpcLogAppender$AppendLogResponseHandler.onError(GrpcLogAppender.java:405)
	at org.apache.ratis.thirdparty.io.grpc.stub.ClientCalls$StreamObserverToCallListenerAdapter.onClose(ClientCalls.java:487)
	at org.apache.ratis.thirdparty.io.grpc.internal.ClientCallImpl.closeObserver(ClientCallImpl.java:562)
	at org.apache.ratis.thirdparty.io.grpc.internal.ClientCallImpl.access$300(ClientCallImpl.java:70)
	at org.apache.ratis.thirdparty.io.grpc.internal.ClientCallImpl$ClientStreamListenerImpl$1StreamClosed.runInternal(ClientCallImpl.java:743)
	at org.apache.ratis.thirdparty.io.grpc.internal.ClientCallImpl$ClientStreamListenerImpl$1StreamClosed.runInContext(ClientCallImpl.java:722)
	at org.apache.ratis.thirdparty.io.grpc.internal.ContextRunnable.run(ContextRunnable.java:37)
	at org.apache.ratis.thirdparty.io.grpc.internal.SerializingExecutor.run(SerializingExecutor.java:133)
	at java.base/java.util.concurrent.ThreadPoolExecutor.runWorker(ThreadPoolExecutor.java:1128)
	at java.base/java.util.concurrent.ThreadPoolExecutor$Worker.run(ThreadPoolExecutor.java:628)
	at java.base/java.lang.Thread.run(Thread.java:829)
Caused by: java.util.concurrent.RejectedExecutionException: Task java.util.concurrent.CompletableFuture$AsyncSupply@100c583 rejected from java.util.concurrent.ThreadPoolExecutor@3ad4e2b[Terminated, pool size = 0, active threads = 0, queued tasks = 0, completed tasks = 198]
	at java.base/jdk.internal.reflect.GeneratedConstructorAccessor7.newInstance(Unknown Source)
	at java.base/jdk.internal.reflect.DelegatingConstructorAccessorImpl.newInstance(DelegatingConstructorAccessorImpl.java:45)
	at java.base/java.lang.reflect.Constructor.newInstance(Constructor.java:490)
	at org.apache.ratis.util.ReflectionUtils.instantiateException(ReflectionUtils.java:259)
	at org.apache.ratis.grpc.GrpcUtil.tryUnwrapException(GrpcUtil.java:120)
	... 13 more
Caused by: org.apache.ratis.thirdparty.io.grpc.StatusRuntimeException: INTERNAL: Task java.util.concurrent.CompletableFuture$AsyncSupply@100c583 rejected from java.util.concurrent.ThreadPoolExecutor@3ad4e2b[Terminated, pool size = 0, active threads = 0, queued tasks = 0, completed tasks = 198]
	at org.apache.ratis.thirdparty.io.grpc.Status.asRuntimeException(Status.java:535)
	... 10 more
	Suppressed: java.lang.IllegalStateException: Failed to cast to class java.io.IOException, object=java.util.concurrent.RejectedExecutionException: Task java.util.concurrent.CompletableFuture$AsyncSupply@100c583 rejected from java.util.concurrent.ThreadPoolExecutor@3ad4e2b[Terminated, pool size = 0, active threads = 0, queued tasks = 0, completed tasks = 198]
	at java.base/java.util.concurrent.ThreadPoolExecutor$AbortPolicy.rejectedExecution(ThreadPoolExecutor.java:2055)
	at java.base/java.util.concurrent.ThreadPoolExecutor.reject(ThreadPoolExecutor.java:825)
	at java.base/java.util.concurrent.ThreadPoolExecutor.execute(ThreadPoolExecutor.java:1355)
	at java.base/java.util.concurrent.CompletableFuture.asyncSupplyStage(CompletableFuture.java:1714)
	at java.base/java.util.concurrent.CompletableFuture.supplyAsync(CompletableFuture.java:1931)
	at org.apache.ratis.server.impl.RaftServerImpl.executeSubmitServerRequestAsync(RaftServerImpl.java:812)
	at org.apache.ratis.server.impl.RaftServerProxy.lambda$appendEntriesAsync$27(RaftServerProxy.java:634)
	at java.base/java.util.concurrent.CompletableFuture.uniComposeStage(CompletableFuture.java:1106)
	at java.base/java.util.concurrent.CompletableFuture.thenCompose(CompletableFuture.java:2235)
	at org.apache.ratis.server.impl.RaftServerProxy.appendEntriesAsync(RaftServerProxy.java:634)
	at org.apache.ratis.grpc.server.GrpcServerProtocolService$1.process(GrpcServerProtocolService.java:219)
	at org.apache.ratis.grpc.server.GrpcServerProtocolService$1.process(GrpcServerProtocolService.java:216)
	at org.apache.ratis.grpc.server.GrpcServerProtocolService$ServerRequestStreamObserver.onNext(GrpcServerProtocolService.java:124)
	at org.apache.ratis.thirdparty.io.grpc.stub.ServerCalls$StreamingServerCallHandler$StreamingServerCallListener.onMessage(ServerCalls.java:262)
	at org.apache.ratis.thirdparty.io.grpc.ForwardingServerCallListener.onMessage(ForwardingServerCallListener.java:33)
	at org.apache.ratis.thirdparty.io.grpc.internal.ServerCallImpl$ServerStreamListenerImpl.messagesAvailableInternal(ServerCallImpl.java:332)
	at org.apache.ratis.thirdparty.io.grpc.internal.ServerCallImpl$ServerStreamListenerImpl.messagesAvailable(ServerCallImpl.java:315)
	at org.apache.ratis.thirdparty.io.grpc.internal.ServerImpl$JumpToApplicationThreadServerStreamListener$1MessagesAvailable.runInContext(ServerImpl.java:834)
	at org.apache.ratis.thirdparty.io.grpc.internal.ContextRunnable.run(ContextRunnable.java:37)
	at org.apache.ratis.thirdparty.io.grpc.internal.SerializingExecutor.run(SerializingExecutor.java:133)
	at java.base/java.util.concurrent.ThreadPoolExecutor.runWorker(ThreadPoolExecutor.java:1128)
	at java.base/java.util.concurrent.ThreadPoolExecutor$Worker.run(ThreadPoolExecutor.java:628)
	at java.base/java.lang.Thread.run(Thread.java:829)

		at org.apache.ratis.util.IOUtils.readObject(IOUtils.java:237)
		at org.apache.ratis.util.IOUtils.bytes2Object(IOUtils.java:214)
		at org.apache.ratis.grpc.GrpcUtil.tryUnwrapException(GrpcUtil.java:109)
		at org.apache.ratis.grpc.GrpcUtil.unwrapThrowable(GrpcUtil.java:82)
		at org.apache.ratis.grpc.GrpcUtil.warn(GrpcUtil.java:178)
		at org.apache.ratis.grpc.server.GrpcLogAppender$AppendLogResponseHandler.onError(GrpcLogAppender.java:405)
		... 10 more
	Caused by: java.lang.ClassCastException: Cannot cast java.util.concurrent.RejectedExecutionException to java.io.IOException
		at java.base/java.lang.Class.cast(Class.java:3605)
		at org.apache.ratis.util.IOUtils.readObject(IOUtils.java:234)
		... 15 more
2022-10-13 10:40:55,807 [grpc-default-executor-2] INFO  leader.FollowerInfo (FollowerInfoImpl.java:lambda$new$0(48)) - s0@group-6905249F38B1->s1: nextIndex: updateUnconditionally 263 -> 259
2022-10-13 10:40:55,841 [grpc-default-executor-0] WARN  server.GrpcServerProtocolService (LogUtils.java:warn(124)) - s1: Failed APPEND_ENTRIES request s0->s1#280-t2,previous=(t:2, i:258),leaderCommit=262,initializing? true,entries: size=4, first=(t:2, i:259), CONFIGURATIONENTRY(current:id: "s0"
address: "localhost:46195"
dataStreamAddress: "localhost:39399"
clientAddress: "localhost:42765"
adminAddress: "localhost:44717"
startupRole: FOLLOWER
,id: "s1"
address: "0.0.0.0:46693"
clientAddress: "0.0.0.0:46693"
adminAddress: "0.0.0.0:46693"
startupRole: FOLLOWER
,id: "s2"
address: "0.0.0.0:36699"
clientAddress: "0.0.0.0:36699"
adminAddress: "0.0.0.0:36699"
startupRole: FOLLOWER
, old:id: "s0"
address: "localhost:46195"
dataStreamAddress: "localhost:39399"
clientAddress: "localhost:42765"
adminAddress: "localhost:44717"
startupRole: FOLLOWER
)
java.util.concurrent.CompletionException: java.util.concurrent.RejectedExecutionException: Task java.util.concurrent.CompletableFuture$AsyncSupply@41c8c12f rejected from java.util.concurrent.ThreadPoolExecutor@3ad4e2b[Terminated, pool size = 0, active threads = 0, queued tasks = 0, completed tasks = 198]
	at java.base/java.util.concurrent.CompletableFuture.encodeThrowable(CompletableFuture.java:314)
	at java.base/java.util.concurrent.CompletableFuture.uniComposeStage(CompletableFuture.java:1113)
	at java.base/java.util.concurrent.CompletableFuture.thenCompose(CompletableFuture.java:2235)
	at org.apache.ratis.server.impl.RaftServerProxy.appendEntriesAsync(RaftServerProxy.java:634)
	at org.apache.ratis.grpc.server.GrpcServerProtocolService$1.process(GrpcServerProtocolService.java:219)
	at org.apache.ratis.grpc.server.GrpcServerProtocolService$1.process(GrpcServerProtocolService.java:216)
	at org.apache.ratis.grpc.server.GrpcServerProtocolService$ServerRequestStreamObserver.onNext(GrpcServerProtocolService.java:124)
	at org.apache.ratis.thirdparty.io.grpc.stub.ServerCalls$StreamingServerCallHandler$StreamingServerCallListener.onMessage(ServerCalls.java:262)
	at org.apache.ratis.thirdparty.io.grpc.ForwardingServerCallListener.onMessage(ForwardingServerCallListener.java:33)
	at org.apache.ratis.thirdparty.io.grpc.internal.ServerCallImpl$ServerStreamListenerImpl.messagesAvailableInternal(ServerCallImpl.java:332)
	at org.apache.ratis.thirdparty.io.grpc.internal.ServerCallImpl$ServerStreamListenerImpl.messagesAvailable(ServerCallImpl.java:315)
	at org.apache.ratis.thirdparty.io.grpc.internal.ServerImpl$JumpToApplicationThreadServerStreamListener$1MessagesAvailable.runInContext(ServerImpl.java:834)
	at org.apache.ratis.thirdparty.io.grpc.internal.ContextRunnable.run(ContextRunnable.java:37)
	at org.apache.ratis.thirdparty.io.grpc.internal.SerializingExecutor.run(SerializingExecutor.java:133)
	at java.base/java.util.concurrent.ThreadPoolExecutor.runWorker(ThreadPoolExecutor.java:1128)
	at java.base/java.util.concurrent.ThreadPoolExecutor$Worker.run(ThreadPoolExecutor.java:628)
	at java.base/java.lang.Thread.run(Thread.java:829)
Caused by: java.util.concurrent.RejectedExecutionException: Task java.util.concurrent.CompletableFuture$AsyncSupply@41c8c12f rejected from java.util.concurrent.ThreadPoolExecutor@3ad4e2b[Terminated, pool size = 0, active threads = 0, queued tasks = 0, completed tasks = 198]
	at java.base/java.util.concurrent.ThreadPoolExecutor$AbortPolicy.rejectedExecution(ThreadPoolExecutor.java:2055)
	at java.base/java.util.concurrent.ThreadPoolExecutor.reject(ThreadPoolExecutor.java:825)
	at java.base/java.util.concurrent.ThreadPoolExecutor.execute(ThreadPoolExecutor.java:1355)
	at java.base/java.util.concurrent.CompletableFuture.asyncSupplyStage(CompletableFuture.java:1714)
	at java.base/java.util.concurrent.CompletableFuture.supplyAsync(CompletableFuture.java:1931)
	at org.apache.ratis.server.impl.RaftServerImpl.executeSubmitServerRequestAsync(RaftServerImpl.java:812)
	at org.apache.ratis.server.impl.RaftServerProxy.lambda$appendEntriesAsync$27(RaftServerProxy.java:634)
	at java.base/java.util.concurrent.CompletableFuture.uniComposeStage(CompletableFuture.java:1106)
	... 15 more
2022-10-13 10:40:55,843 [grpc-default-executor-2] WARN  server.GrpcLogAppender (LogUtils.java:warn(124)) - s0@group-6905249F38B1->s1-AppendLogResponseHandler: Failed appendEntries
java.io.IOException: java.util.concurrent.RejectedExecutionException: Task java.util.concurrent.CompletableFuture$AsyncSupply@41c8c12f rejected from java.util.concurrent.ThreadPoolExecutor@3ad4e2b[Terminated, pool size = 0, active threads = 0, queued tasks = 0, completed tasks = 198]
	at org.apache.ratis.util.IOUtils.asIOException(IOUtils.java:56)
	at org.apache.ratis.grpc.GrpcUtil.tryUnwrapException(GrpcUtil.java:121)
	at org.apache.ratis.grpc.GrpcUtil.unwrapThrowable(GrpcUtil.java:82)
	at org.apache.ratis.grpc.GrpcUtil.warn(GrpcUtil.java:178)
	at org.apache.ratis.grpc.server.GrpcLogAppender$AppendLogResponseHandler.onError(GrpcLogAppender.java:405)
	at org.apache.ratis.thirdparty.io.grpc.stub.ClientCalls$StreamObserverToCallListenerAdapter.onClose(ClientCalls.java:487)
	at org.apache.ratis.thirdparty.io.grpc.internal.ClientCallImpl.closeObserver(ClientCallImpl.java:562)
	at org.apache.ratis.thirdparty.io.grpc.internal.ClientCallImpl.access$300(ClientCallImpl.java:70)
	at org.apache.ratis.thirdparty.io.grpc.internal.ClientCallImpl$ClientStreamListenerImpl$1StreamClosed.runInternal(ClientCallImpl.java:743)
	at org.apache.ratis.thirdparty.io.grpc.internal.ClientCallImpl$ClientStreamListenerImpl$1StreamClosed.runInContext(ClientCallImpl.java:722)
	at org.apache.ratis.thirdparty.io.grpc.internal.ContextRunnable.run(ContextRunnable.java:37)
	at org.apache.ratis.thirdparty.io.grpc.internal.SerializingExecutor.run(SerializingExecutor.java:133)
	at java.base/java.util.concurrent.ThreadPoolExecutor.runWorker(ThreadPoolExecutor.java:1128)
	at java.base/java.util.concurrent.ThreadPoolExecutor$Worker.run(ThreadPoolExecutor.java:628)
	at java.base/java.lang.Thread.run(Thread.java:829)
Caused by: java.util.concurrent.RejectedExecutionException: Task java.util.concurrent.CompletableFuture$AsyncSupply@41c8c12f rejected from java.util.concurrent.ThreadPoolExecutor@3ad4e2b[Terminated, pool size = 0, active threads = 0, queued tasks = 0, completed tasks = 198]
	at java.base/jdk.internal.reflect.GeneratedConstructorAccessor7.newInstance(Unknown Source)
	at java.base/jdk.internal.reflect.DelegatingConstructorAccessorImpl.newInstance(DelegatingConstructorAccessorImpl.java:45)
	at java.base/java.lang.reflect.Constructor.newInstance(Constructor.java:490)
	at org.apache.ratis.util.ReflectionUtils.instantiateException(ReflectionUtils.java:259)
	at org.apache.ratis.grpc.GrpcUtil.tryUnwrapException(GrpcUtil.java:120)
	... 13 more
Caused by: org.apache.ratis.thirdparty.io.grpc.StatusRuntimeException: INTERNAL: Task java.util.concurrent.CompletableFuture$AsyncSupply@41c8c12f rejected from java.util.concurrent.ThreadPoolExecutor@3ad4e2b[Terminated, pool size = 0, active threads = 0, queued tasks = 0, completed tasks = 198]
	at org.apache.ratis.thirdparty.io.grpc.Status.asRuntimeException(Status.java:535)
	... 10 more
	Suppressed: java.lang.IllegalStateException: Failed to cast to class java.io.IOException, object=java.util.concurrent.RejectedExecutionException: Task java.util.concurrent.CompletableFuture$AsyncSupply@41c8c12f rejected from java.util.concurrent.ThreadPoolExecutor@3ad4e2b[Terminated, pool size = 0, active threads = 0, queued tasks = 0, completed tasks = 198]
	at java.base/java.util.concurrent.ThreadPoolExecutor$AbortPolicy.rejectedExecution(ThreadPoolExecutor.java:2055)
	at java.base/java.util.concurrent.ThreadPoolExecutor.reject(ThreadPoolExecutor.java:825)
	at java.base/java.util.concurrent.ThreadPoolExecutor.execute(ThreadPoolExecutor.java:1355)
	at java.base/java.util.concurrent.CompletableFuture.asyncSupplyStage(CompletableFuture.java:1714)
	at java.base/java.util.concurrent.CompletableFuture.supplyAsync(CompletableFuture.java:1931)
	at org.apache.ratis.server.impl.RaftServerImpl.executeSubmitServerRequestAsync(RaftServerImpl.java:812)
	at org.apache.ratis.server.impl.RaftServerProxy.lambda$appendEntriesAsync$27(RaftServerProxy.java:634)
	at java.base/java.util.concurrent.CompletableFuture.uniComposeStage(CompletableFuture.java:1106)
	at java.base/java.util.concurrent.CompletableFuture.thenCompose(CompletableFuture.java:2235)
	at org.apache.ratis.server.impl.RaftServerProxy.appendEntriesAsync(RaftServerProxy.java:634)
	at org.apache.ratis.grpc.server.GrpcServerProtocolService$1.process(GrpcServerProtocolService.java:219)
	at org.apache.ratis.grpc.server.GrpcServerProtocolService$1.process(GrpcServerProtocolService.java:216)
	at org.apache.ratis.grpc.server.GrpcServerProtocolService$ServerRequestStreamObserver.onNext(GrpcServerProtocolService.java:124)
	at org.apache.ratis.thirdparty.io.grpc.stub.ServerCalls$StreamingServerCallHandler$StreamingServerCallListener.onMessage(ServerCalls.java:262)
	at org.apache.ratis.thirdparty.io.grpc.ForwardingServerCallListener.onMessage(ForwardingServerCallListener.java:33)
	at org.apache.ratis.thirdparty.io.grpc.internal.ServerCallImpl$ServerStreamListenerImpl.messagesAvailableInternal(ServerCallImpl.java:332)
	at org.apache.ratis.thirdparty.io.grpc.internal.ServerCallImpl$ServerStreamListenerImpl.messagesAvailable(ServerCallImpl.java:315)
	at org.apache.ratis.thirdparty.io.grpc.internal.ServerImpl$JumpToApplicationThreadServerStreamListener$1MessagesAvailable.runInContext(ServerImpl.java:834)
	at org.apache.ratis.thirdparty.io.grpc.internal.ContextRunnable.run(ContextRunnable.java:37)
	at org.apache.ratis.thirdparty.io.grpc.internal.SerializingExecutor.run(SerializingExecutor.java:133)
	at java.base/java.util.concurrent.ThreadPoolExecutor.runWorker(ThreadPoolExecutor.java:1128)
	at java.base/java.util.concurrent.ThreadPoolExecutor$Worker.run(ThreadPoolExecutor.java:628)
	at java.base/java.lang.Thread.run(Thread.java:829)

		at org.apache.ratis.util.IOUtils.readObject(IOUtils.java:237)
		at org.apache.ratis.util.IOUtils.bytes2Object(IOUtils.java:214)
		at org.apache.ratis.grpc.GrpcUtil.tryUnwrapException(GrpcUtil.java:109)
		at org.apache.ratis.grpc.GrpcUtil.unwrapThrowable(GrpcUtil.java:82)
		at org.apache.ratis.grpc.GrpcUtil.warn(GrpcUtil.java:178)
		at org.apache.ratis.grpc.server.GrpcLogAppender$AppendLogResponseHandler.onError(GrpcLogAppender.java:405)
		... 10 more
	Caused by: java.lang.ClassCastException: Cannot cast java.util.concurrent.RejectedExecutionException to java.io.IOException
		at java.base/java.lang.Class.cast(Class.java:3605)
		at org.apache.ratis.util.IOUtils.readObject(IOUtils.java:234)
		... 15 more
2022-10-13 10:40:55,844 [grpc-default-executor-2] INFO  leader.FollowerInfo (FollowerInfoImpl.java:lambda$new$0(48)) - s0@group-6905249F38B1->s1: nextIndex: updateUnconditionally 263 -> 259
2022-10-13 10:40:55,879 [grpc-default-executor-2] WARN  server.GrpcServerProtocolService (LogUtils.java:warn(124)) - s1: Failed APPEND_ENTRIES request s0->s1#282-t2,previous=(t:2, i:258),leaderCommit=262,initializing? true,entries: size=4, first=(t:2, i:259), CONFIGURATIONENTRY(current:id: "s0"
address: "localhost:46195"
dataStreamAddress: "localhost:39399"
clientAddress: "localhost:42765"
adminAddress: "localhost:44717"
startupRole: FOLLOWER
,id: "s1"
address: "0.0.0.0:46693"
clientAddress: "0.0.0.0:46693"
adminAddress: "0.0.0.0:46693"
startupRole: FOLLOWER
,id: "s2"
address: "0.0.0.0:36699"
clientAddress: "0.0.0.0:36699"
adminAddress: "0.0.0.0:36699"
startupRole: FOLLOWER
, old:id: "s0"
address: "localhost:46195"
dataStreamAddress: "localhost:39399"
clientAddress: "localhost:42765"
adminAddress: "localhost:44717"
startupRole: FOLLOWER
)
java.util.concurrent.CompletionException: java.util.concurrent.RejectedExecutionException: Task java.util.concurrent.CompletableFuture$AsyncSupply@75583857 rejected from java.util.concurrent.ThreadPoolExecutor@3ad4e2b[Terminated, pool size = 0, active threads = 0, queued tasks = 0, completed tasks = 198]
	at java.base/java.util.concurrent.CompletableFuture.encodeThrowable(CompletableFuture.java:314)
	at java.base/java.util.concurrent.CompletableFuture.uniComposeStage(CompletableFuture.java:1113)
	at java.base/java.util.concurrent.CompletableFuture.thenCompose(CompletableFuture.java:2235)
	at org.apache.ratis.server.impl.RaftServerProxy.appendEntriesAsync(RaftServerProxy.java:634)
	at org.apache.ratis.grpc.server.GrpcServerProtocolService$1.process(GrpcServerProtocolService.java:219)
	at org.apache.ratis.grpc.server.GrpcServerProtocolService$1.process(GrpcServerProtocolService.java:216)
	at org.apache.ratis.grpc.server.GrpcServerProtocolService$ServerRequestStreamObserver.onNext(GrpcServerProtocolService.java:124)
	at org.apache.ratis.thirdparty.io.grpc.stub.ServerCalls$StreamingServerCallHandler$StreamingServerCallListener.onMessage(ServerCalls.java:262)
	at org.apache.ratis.thirdparty.io.grpc.ForwardingServerCallListener.onMessage(ForwardingServerCallListener.java:33)
	at org.apache.ratis.thirdparty.io.grpc.internal.ServerCallImpl$ServerStreamListenerImpl.messagesAvailableInternal(ServerCallImpl.java:332)
	at org.apache.ratis.thirdparty.io.grpc.internal.ServerCallImpl$ServerStreamListenerImpl.messagesAvailable(ServerCallImpl.java:315)
	at org.apache.ratis.thirdparty.io.grpc.internal.ServerImpl$JumpToApplicationThreadServerStreamListener$1MessagesAvailable.runInContext(ServerImpl.java:834)
	at org.apache.ratis.thirdparty.io.grpc.internal.ContextRunnable.run(ContextRunnable.java:37)
	at org.apache.ratis.thirdparty.io.grpc.internal.SerializingExecutor.run(SerializingExecutor.java:133)
	at java.base/java.util.concurrent.ThreadPoolExecutor.runWorker(ThreadPoolExecutor.java:1128)
	at java.base/java.util.concurrent.ThreadPoolExecutor$Worker.run(ThreadPoolExecutor.java:628)
	at java.base/java.lang.Thread.run(Thread.java:829)
Caused by: java.util.concurrent.RejectedExecutionException: Task java.util.concurrent.CompletableFuture$AsyncSupply@75583857 rejected from java.util.concurrent.ThreadPoolExecutor@3ad4e2b[Terminated, pool size = 0, active threads = 0, queued tasks = 0, completed tasks = 198]
	at java.base/java.util.concurrent.ThreadPoolExecutor$AbortPolicy.rejectedExecution(ThreadPoolExecutor.java:2055)
	at java.base/java.util.concurrent.ThreadPoolExecutor.reject(ThreadPoolExecutor.java:825)
	at java.base/java.util.concurrent.ThreadPoolExecutor.execute(ThreadPoolExecutor.java:1355)
	at java.base/java.util.concurrent.CompletableFuture.asyncSupplyStage(CompletableFuture.java:1714)
	at java.base/java.util.concurrent.CompletableFuture.supplyAsync(CompletableFuture.java:1931)
	at org.apache.ratis.server.impl.RaftServerImpl.executeSubmitServerRequestAsync(RaftServerImpl.java:812)
	at org.apache.ratis.server.impl.RaftServerProxy.lambda$appendEntriesAsync$27(RaftServerProxy.java:634)
	at java.base/java.util.concurrent.CompletableFuture.uniComposeStage(CompletableFuture.java:1106)
	... 15 more
2022-10-13 10:40:55,882 [grpc-default-executor-0] WARN  server.GrpcLogAppender (LogUtils.java:warn(124)) - s0@group-6905249F38B1->s1-AppendLogResponseHandler: Failed appendEntries
java.io.IOException: java.util.concurrent.RejectedExecutionException: Task java.util.concurrent.CompletableFuture$AsyncSupply@75583857 rejected from java.util.concurrent.ThreadPoolExecutor@3ad4e2b[Terminated, pool size = 0, active threads = 0, queued tasks = 0, completed tasks = 198]
	at org.apache.ratis.util.IOUtils.asIOException(IOUtils.java:56)
	at org.apache.ratis.grpc.GrpcUtil.tryUnwrapException(GrpcUtil.java:121)
	at org.apache.ratis.grpc.GrpcUtil.unwrapThrowable(GrpcUtil.java:82)
	at org.apache.ratis.grpc.GrpcUtil.warn(GrpcUtil.java:178)
	at org.apache.ratis.grpc.server.GrpcLogAppender$AppendLogResponseHandler.onError(GrpcLogAppender.java:405)
	at org.apache.ratis.thirdparty.io.grpc.stub.ClientCalls$StreamObserverToCallListenerAdapter.onClose(ClientCalls.java:487)
	at org.apache.ratis.thirdparty.io.grpc.internal.ClientCallImpl.closeObserver(ClientCallImpl.java:562)
	at org.apache.ratis.thirdparty.io.grpc.internal.ClientCallImpl.access$300(ClientCallImpl.java:70)
	at org.apache.ratis.thirdparty.io.grpc.internal.ClientCallImpl$ClientStreamListenerImpl$1StreamClosed.runInternal(ClientCallImpl.java:743)
	at org.apache.ratis.thirdparty.io.grpc.internal.ClientCallImpl$ClientStreamListenerImpl$1StreamClosed.runInContext(ClientCallImpl.java:722)
	at org.apache.ratis.thirdparty.io.grpc.internal.ContextRunnable.run(ContextRunnable.java:37)
	at org.apache.ratis.thirdparty.io.grpc.internal.SerializingExecutor.run(SerializingExecutor.java:133)
	at java.base/java.util.concurrent.ThreadPoolExecutor.runWorker(ThreadPoolExecutor.java:1128)
	at java.base/java.util.concurrent.ThreadPoolExecutor$Worker.run(ThreadPoolExecutor.java:628)
	at java.base/java.lang.Thread.run(Thread.java:829)
Caused by: java.util.concurrent.RejectedExecutionException: Task java.util.concurrent.CompletableFuture$AsyncSupply@75583857 rejected from java.util.concurrent.ThreadPoolExecutor@3ad4e2b[Terminated, pool size = 0, active threads = 0, queued tasks = 0, completed tasks = 198]
	at java.base/jdk.internal.reflect.GeneratedConstructorAccessor7.newInstance(Unknown Source)
	at java.base/jdk.internal.reflect.DelegatingConstructorAccessorImpl.newInstance(DelegatingConstructorAccessorImpl.java:45)
	at java.base/java.lang.reflect.Constructor.newInstance(Constructor.java:490)
	at org.apache.ratis.util.ReflectionUtils.instantiateException(ReflectionUtils.java:259)
	at org.apache.ratis.grpc.GrpcUtil.tryUnwrapException(GrpcUtil.java:120)
	... 13 more
Caused by: org.apache.ratis.thirdparty.io.grpc.StatusRuntimeException: INTERNAL: Task java.util.concurrent.CompletableFuture$AsyncSupply@75583857 rejected from java.util.concurrent.ThreadPoolExecutor@3ad4e2b[Terminated, pool size = 0, active threads = 0, queued tasks = 0, completed tasks = 198]
	at org.apache.ratis.thirdparty.io.grpc.Status.asRuntimeException(Status.java:535)
	... 10 more
	Suppressed: java.lang.IllegalStateException: Failed to cast to class java.io.IOException, object=java.util.concurrent.RejectedExecutionException: Task java.util.concurrent.CompletableFuture$AsyncSupply@75583857 rejected from java.util.concurrent.ThreadPoolExecutor@3ad4e2b[Terminated, pool size = 0, active threads = 0, queued tasks = 0, completed tasks = 198]
	at java.base/java.util.concurrent.ThreadPoolExecutor$AbortPolicy.rejectedExecution(ThreadPoolExecutor.java:2055)
	at java.base/java.util.concurrent.ThreadPoolExecutor.reject(ThreadPoolExecutor.java:825)
	at java.base/java.util.concurrent.ThreadPoolExecutor.execute(ThreadPoolExecutor.java:1355)
	at java.base/java.util.concurrent.CompletableFuture.asyncSupplyStage(CompletableFuture.java:1714)
	at java.base/java.util.concurrent.CompletableFuture.supplyAsync(CompletableFuture.java:1931)
	at org.apache.ratis.server.impl.RaftServerImpl.executeSubmitServerRequestAsync(RaftServerImpl.java:812)
	at org.apache.ratis.server.impl.RaftServerProxy.lambda$appendEntriesAsync$27(RaftServerProxy.java:634)
	at java.base/java.util.concurrent.CompletableFuture.uniComposeStage(CompletableFuture.java:1106)
	at java.base/java.util.concurrent.CompletableFuture.thenCompose(CompletableFuture.java:2235)
	at org.apache.ratis.server.impl.RaftServerProxy.appendEntriesAsync(RaftServerProxy.java:634)
	at org.apache.ratis.grpc.server.GrpcServerProtocolService$1.process(GrpcServerProtocolService.java:219)
	at org.apache.ratis.grpc.server.GrpcServerProtocolService$1.process(GrpcServerProtocolService.java:216)
	at org.apache.ratis.grpc.server.GrpcServerProtocolService$ServerRequestStreamObserver.onNext(GrpcServerProtocolService.java:124)
	at org.apache.ratis.thirdparty.io.grpc.stub.ServerCalls$StreamingServerCallHandler$StreamingServerCallListener.onMessage(ServerCalls.java:262)
	at org.apache.ratis.thirdparty.io.grpc.ForwardingServerCallListener.onMessage(ForwardingServerCallListener.java:33)
	at org.apache.ratis.thirdparty.io.grpc.internal.ServerCallImpl$ServerStreamListenerImpl.messagesAvailableInternal(ServerCallImpl.java:332)
	at org.apache.ratis.thirdparty.io.grpc.internal.ServerCallImpl$ServerStreamListenerImpl.messagesAvailable(ServerCallImpl.java:315)
	at org.apache.ratis.thirdparty.io.grpc.internal.ServerImpl$JumpToApplicationThreadServerStreamListener$1MessagesAvailable.runInContext(ServerImpl.java:834)
	at org.apache.ratis.thirdparty.io.grpc.internal.ContextRunnable.run(ContextRunnable.java:37)
	at org.apache.ratis.thirdparty.io.grpc.internal.SerializingExecutor.run(SerializingExecutor.java:133)
	at java.base/java.util.concurrent.ThreadPoolExecutor.runWorker(ThreadPoolExecutor.java:1128)
	at java.base/java.util.concurrent.ThreadPoolExecutor$Worker.run(ThreadPoolExecutor.java:628)
	at java.base/java.lang.Thread.run(Thread.java:829)

		at org.apache.ratis.util.IOUtils.readObject(IOUtils.java:237)
		at org.apache.ratis.util.IOUtils.bytes2Object(IOUtils.java:214)
		at org.apache.ratis.grpc.GrpcUtil.tryUnwrapException(GrpcUtil.java:109)
		at org.apache.ratis.grpc.GrpcUtil.unwrapThrowable(GrpcUtil.java:82)
		at org.apache.ratis.grpc.GrpcUtil.warn(GrpcUtil.java:178)
		at org.apache.ratis.grpc.server.GrpcLogAppender$AppendLogResponseHandler.onError(GrpcLogAppender.java:405)
		... 10 more
	Caused by: java.lang.ClassCastException: Cannot cast java.util.concurrent.RejectedExecutionException to java.io.IOException
		at java.base/java.lang.Class.cast(Class.java:3605)
		at org.apache.ratis.util.IOUtils.readObject(IOUtils.java:234)
		... 15 more
2022-10-13 10:40:55,882 [grpc-default-executor-0] INFO  leader.FollowerInfo (FollowerInfoImpl.java:lambda$new$0(48)) - s0@group-6905249F38B1->s1: nextIndex: updateUnconditionally 263 -> 259
2022-10-13 10:40:55,917 [grpc-default-executor-2] WARN  server.GrpcServerProtocolService (LogUtils.java:warn(124)) - s1: Failed APPEND_ENTRIES request s0->s1#284-t2,previous=(t:2, i:258),leaderCommit=262,initializing? true,entries: size=4, first=(t:2, i:259), CONFIGURATIONENTRY(current:id: "s0"
address: "localhost:46195"
dataStreamAddress: "localhost:39399"
clientAddress: "localhost:42765"
adminAddress: "localhost:44717"
startupRole: FOLLOWER
,id: "s1"
address: "0.0.0.0:46693"
clientAddress: "0.0.0.0:46693"
adminAddress: "0.0.0.0:46693"
startupRole: FOLLOWER
,id: "s2"
address: "0.0.0.0:36699"
clientAddress: "0.0.0.0:36699"
adminAddress: "0.0.0.0:36699"
startupRole: FOLLOWER
, old:id: "s0"
address: "localhost:46195"
dataStreamAddress: "localhost:39399"
clientAddress: "localhost:42765"
adminAddress: "localhost:44717"
startupRole: FOLLOWER
)
java.util.concurrent.CompletionException: java.util.concurrent.RejectedExecutionException: Task java.util.concurrent.CompletableFuture$AsyncSupply@5f689890 rejected from java.util.concurrent.ThreadPoolExecutor@3ad4e2b[Terminated, pool size = 0, active threads = 0, queued tasks = 0, completed tasks = 198]
	at java.base/java.util.concurrent.CompletableFuture.encodeThrowable(CompletableFuture.java:314)
	at java.base/java.util.concurrent.CompletableFuture.uniComposeStage(CompletableFuture.java:1113)
	at java.base/java.util.concurrent.CompletableFuture.thenCompose(CompletableFuture.java:2235)
	at org.apache.ratis.server.impl.RaftServerProxy.appendEntriesAsync(RaftServerProxy.java:634)
	at org.apache.ratis.grpc.server.GrpcServerProtocolService$1.process(GrpcServerProtocolService.java:219)
	at org.apache.ratis.grpc.server.GrpcServerProtocolService$1.process(GrpcServerProtocolService.java:216)
	at org.apache.ratis.grpc.server.GrpcServerProtocolService$ServerRequestStreamObserver.onNext(GrpcServerProtocolService.java:124)
	at org.apache.ratis.thirdparty.io.grpc.stub.ServerCalls$StreamingServerCallHandler$StreamingServerCallListener.onMessage(ServerCalls.java:262)
	at org.apache.ratis.thirdparty.io.grpc.ForwardingServerCallListener.onMessage(ForwardingServerCallListener.java:33)
	at org.apache.ratis.thirdparty.io.grpc.internal.ServerCallImpl$ServerStreamListenerImpl.messagesAvailableInternal(ServerCallImpl.java:332)
	at org.apache.ratis.thirdparty.io.grpc.internal.ServerCallImpl$ServerStreamListenerImpl.messagesAvailable(ServerCallImpl.java:315)
	at org.apache.ratis.thirdparty.io.grpc.internal.ServerImpl$JumpToApplicationThreadServerStreamListener$1MessagesAvailable.runInContext(ServerImpl.java:834)
	at org.apache.ratis.thirdparty.io.grpc.internal.ContextRunnable.run(ContextRunnable.java:37)
	at org.apache.ratis.thirdparty.io.grpc.internal.SerializingExecutor.run(SerializingExecutor.java:133)
	at java.base/java.util.concurrent.ThreadPoolExecutor.runWorker(ThreadPoolExecutor.java:1128)
	at java.base/java.util.concurrent.ThreadPoolExecutor$Worker.run(ThreadPoolExecutor.java:628)
	at java.base/java.lang.Thread.run(Thread.java:829)
Caused by: java.util.concurrent.RejectedExecutionException: Task java.util.concurrent.CompletableFuture$AsyncSupply@5f689890 rejected from java.util.concurrent.ThreadPoolExecutor@3ad4e2b[Terminated, pool size = 0, active threads = 0, queued tasks = 0, completed tasks = 198]
	at java.base/java.util.concurrent.ThreadPoolExecutor$AbortPolicy.rejectedExecution(ThreadPoolExecutor.java:2055)
	at java.base/java.util.concurrent.ThreadPoolExecutor.reject(ThreadPoolExecutor.java:825)
	at java.base/java.util.concurrent.ThreadPoolExecutor.execute(ThreadPoolExecutor.java:1355)
	at java.base/java.util.concurrent.CompletableFuture.asyncSupplyStage(CompletableFuture.java:1714)
	at java.base/java.util.concurrent.CompletableFuture.supplyAsync(CompletableFuture.java:1931)
	at org.apache.ratis.server.impl.RaftServerImpl.executeSubmitServerRequestAsync(RaftServerImpl.java:812)
	at org.apache.ratis.server.impl.RaftServerProxy.lambda$appendEntriesAsync$27(RaftServerProxy.java:634)
	at java.base/java.util.concurrent.CompletableFuture.uniComposeStage(CompletableFuture.java:1106)
	... 15 more
2022-10-13 10:40:55,920 [grpc-default-executor-1] WARN  server.GrpcLogAppender (LogUtils.java:warn(124)) - s0@group-6905249F38B1->s1-AppendLogResponseHandler: Failed appendEntries
java.io.IOException: java.util.concurrent.RejectedExecutionException: Task java.util.concurrent.CompletableFuture$AsyncSupply@5f689890 rejected from java.util.concurrent.ThreadPoolExecutor@3ad4e2b[Terminated, pool size = 0, active threads = 0, queued tasks = 0, completed tasks = 198]
	at org.apache.ratis.util.IOUtils.asIOException(IOUtils.java:56)
	at org.apache.ratis.grpc.GrpcUtil.tryUnwrapException(GrpcUtil.java:121)
	at org.apache.ratis.grpc.GrpcUtil.unwrapThrowable(GrpcUtil.java:82)
	at org.apache.ratis.grpc.GrpcUtil.warn(GrpcUtil.java:178)
	at org.apache.ratis.grpc.server.GrpcLogAppender$AppendLogResponseHandler.onError(GrpcLogAppender.java:405)
	at org.apache.ratis.thirdparty.io.grpc.stub.ClientCalls$StreamObserverToCallListenerAdapter.onClose(ClientCalls.java:487)
	at org.apache.ratis.thirdparty.io.grpc.internal.ClientCallImpl.closeObserver(ClientCallImpl.java:562)
	at org.apache.ratis.thirdparty.io.grpc.internal.ClientCallImpl.access$300(ClientCallImpl.java:70)
	at org.apache.ratis.thirdparty.io.grpc.internal.ClientCallImpl$ClientStreamListenerImpl$1StreamClosed.runInternal(ClientCallImpl.java:743)
	at org.apache.ratis.thirdparty.io.grpc.internal.ClientCallImpl$ClientStreamListenerImpl$1StreamClosed.runInContext(ClientCallImpl.java:722)
	at org.apache.ratis.thirdparty.io.grpc.internal.ContextRunnable.run(ContextRunnable.java:37)
	at org.apache.ratis.thirdparty.io.grpc.internal.SerializingExecutor.run(SerializingExecutor.java:133)
	at java.base/java.util.concurrent.ThreadPoolExecutor.runWorker(ThreadPoolExecutor.java:1128)
	at java.base/java.util.concurrent.ThreadPoolExecutor$Worker.run(ThreadPoolExecutor.java:628)
	at java.base/java.lang.Thread.run(Thread.java:829)
Caused by: java.util.concurrent.RejectedExecutionException: Task java.util.concurrent.CompletableFuture$AsyncSupply@5f689890 rejected from java.util.concurrent.ThreadPoolExecutor@3ad4e2b[Terminated, pool size = 0, active threads = 0, queued tasks = 0, completed tasks = 198]
	at java.base/jdk.internal.reflect.GeneratedConstructorAccessor7.newInstance(Unknown Source)
	at java.base/jdk.internal.reflect.DelegatingConstructorAccessorImpl.newInstance(DelegatingConstructorAccessorImpl.java:45)
	at java.base/java.lang.reflect.Constructor.newInstance(Constructor.java:490)
	at org.apache.ratis.util.ReflectionUtils.instantiateException(ReflectionUtils.java:259)
	at org.apache.ratis.grpc.GrpcUtil.tryUnwrapException(GrpcUtil.java:120)
	... 13 more
Caused by: org.apache.ratis.thirdparty.io.grpc.StatusRuntimeException: INTERNAL: Task java.util.concurrent.CompletableFuture$AsyncSupply@5f689890 rejected from java.util.concurrent.ThreadPoolExecutor@3ad4e2b[Terminated, pool size = 0, active threads = 0, queued tasks = 0, completed tasks = 198]
	at org.apache.ratis.thirdparty.io.grpc.Status.asRuntimeException(Status.java:535)
	... 10 more
	Suppressed: java.lang.IllegalStateException: Failed to cast to class java.io.IOException, object=java.util.concurrent.RejectedExecutionException: Task java.util.concurrent.CompletableFuture$AsyncSupply@5f689890 rejected from java.util.concurrent.ThreadPoolExecutor@3ad4e2b[Terminated, pool size = 0, active threads = 0, queued tasks = 0, completed tasks = 198]
	at java.base/java.util.concurrent.ThreadPoolExecutor$AbortPolicy.rejectedExecution(ThreadPoolExecutor.java:2055)
	at java.base/java.util.concurrent.ThreadPoolExecutor.reject(ThreadPoolExecutor.java:825)
	at java.base/java.util.concurrent.ThreadPoolExecutor.execute(ThreadPoolExecutor.java:1355)
	at java.base/java.util.concurrent.CompletableFuture.asyncSupplyStage(CompletableFuture.java:1714)
	at java.base/java.util.concurrent.CompletableFuture.supplyAsync(CompletableFuture.java:1931)
	at org.apache.ratis.server.impl.RaftServerImpl.executeSubmitServerRequestAsync(RaftServerImpl.java:812)
	at org.apache.ratis.server.impl.RaftServerProxy.lambda$appendEntriesAsync$27(RaftServerProxy.java:634)
	at java.base/java.util.concurrent.CompletableFuture.uniComposeStage(CompletableFuture.java:1106)
	at java.base/java.util.concurrent.CompletableFuture.thenCompose(CompletableFuture.java:2235)
	at org.apache.ratis.server.impl.RaftServerProxy.appendEntriesAsync(RaftServerProxy.java:634)
	at org.apache.ratis.grpc.server.GrpcServerProtocolService$1.process(GrpcServerProtocolService.java:219)
	at org.apache.ratis.grpc.server.GrpcServerProtocolService$1.process(GrpcServerProtocolService.java:216)
	at org.apache.ratis.grpc.server.GrpcServerProtocolService$ServerRequestStreamObserver.onNext(GrpcServerProtocolService.java:124)
	at org.apache.ratis.thirdparty.io.grpc.stub.ServerCalls$StreamingServerCallHandler$StreamingServerCallListener.onMessage(ServerCalls.java:262)
	at org.apache.ratis.thirdparty.io.grpc.ForwardingServerCallListener.onMessage(ForwardingServerCallListener.java:33)
	at org.apache.ratis.thirdparty.io.grpc.internal.ServerCallImpl$ServerStreamListenerImpl.messagesAvailableInternal(ServerCallImpl.java:332)
	at org.apache.ratis.thirdparty.io.grpc.internal.ServerCallImpl$ServerStreamListenerImpl.messagesAvailable(ServerCallImpl.java:315)
	at org.apache.ratis.thirdparty.io.grpc.internal.ServerImpl$JumpToApplicationThreadServerStreamListener$1MessagesAvailable.runInContext(ServerImpl.java:834)
	at org.apache.ratis.thirdparty.io.grpc.internal.ContextRunnable.run(ContextRunnable.java:37)
	at org.apache.ratis.thirdparty.io.grpc.internal.SerializingExecutor.run(SerializingExecutor.java:133)
	at java.base/java.util.concurrent.ThreadPoolExecutor.runWorker(ThreadPoolExecutor.java:1128)
	at java.base/java.util.concurrent.ThreadPoolExecutor$Worker.run(ThreadPoolExecutor.java:628)
	at java.base/java.lang.Thread.run(Thread.java:829)

		at org.apache.ratis.util.IOUtils.readObject(IOUtils.java:237)
		at org.apache.ratis.util.IOUtils.bytes2Object(IOUtils.java:214)
		at org.apache.ratis.grpc.GrpcUtil.tryUnwrapException(GrpcUtil.java:109)
		at org.apache.ratis.grpc.GrpcUtil.unwrapThrowable(GrpcUtil.java:82)
		at org.apache.ratis.grpc.GrpcUtil.warn(GrpcUtil.java:178)
		at org.apache.ratis.grpc.server.GrpcLogAppender$AppendLogResponseHandler.onError(GrpcLogAppender.java:405)
		... 10 more
	Caused by: java.lang.ClassCastException: Cannot cast java.util.concurrent.RejectedExecutionException to java.io.IOException
		at java.base/java.lang.Class.cast(Class.java:3605)
		at org.apache.ratis.util.IOUtils.readObject(IOUtils.java:234)
		... 15 more
2022-10-13 10:40:55,921 [grpc-default-executor-1] INFO  leader.FollowerInfo (FollowerInfoImpl.java:lambda$new$0(48)) - s0@group-6905249F38B1->s1: nextIndex: updateUnconditionally 263 -> 259
2022-10-13 10:40:55,954 [grpc-default-executor-1] WARN  server.GrpcServerProtocolService (LogUtils.java:warn(124)) - s1: Failed APPEND_ENTRIES request s0->s1#286-t2,previous=(t:2, i:258),leaderCommit=262,initializing? true,entries: size=4, first=(t:2, i:259), CONFIGURATIONENTRY(current:id: "s0"
address: "localhost:46195"
dataStreamAddress: "localhost:39399"
clientAddress: "localhost:42765"
adminAddress: "localhost:44717"
startupRole: FOLLOWER
,id: "s1"
address: "0.0.0.0:46693"
clientAddress: "0.0.0.0:46693"
adminAddress: "0.0.0.0:46693"
startupRole: FOLLOWER
,id: "s2"
address: "0.0.0.0:36699"
clientAddress: "0.0.0.0:36699"
adminAddress: "0.0.0.0:36699"
startupRole: FOLLOWER
, old:id: "s0"
address: "localhost:46195"
dataStreamAddress: "localhost:39399"
clientAddress: "localhost:42765"
adminAddress: "localhost:44717"
startupRole: FOLLOWER
)
java.util.concurrent.CompletionException: java.util.concurrent.RejectedExecutionException: Task java.util.concurrent.CompletableFuture$AsyncSupply@62b22fb8 rejected from java.util.concurrent.ThreadPoolExecutor@3ad4e2b[Terminated, pool size = 0, active threads = 0, queued tasks = 0, completed tasks = 198]
	at java.base/java.util.concurrent.CompletableFuture.encodeThrowable(CompletableFuture.java:314)
	at java.base/java.util.concurrent.CompletableFuture.uniComposeStage(CompletableFuture.java:1113)
	at java.base/java.util.concurrent.CompletableFuture.thenCompose(CompletableFuture.java:2235)
	at org.apache.ratis.server.impl.RaftServerProxy.appendEntriesAsync(RaftServerProxy.java:634)
	at org.apache.ratis.grpc.server.GrpcServerProtocolService$1.process(GrpcServerProtocolService.java:219)
	at org.apache.ratis.grpc.server.GrpcServerProtocolService$1.process(GrpcServerProtocolService.java:216)
	at org.apache.ratis.grpc.server.GrpcServerProtocolService$ServerRequestStreamObserver.onNext(GrpcServerProtocolService.java:124)
	at org.apache.ratis.thirdparty.io.grpc.stub.ServerCalls$StreamingServerCallHandler$StreamingServerCallListener.onMessage(ServerCalls.java:262)
	at org.apache.ratis.thirdparty.io.grpc.ForwardingServerCallListener.onMessage(ForwardingServerCallListener.java:33)
	at org.apache.ratis.thirdparty.io.grpc.internal.ServerCallImpl$ServerStreamListenerImpl.messagesAvailableInternal(ServerCallImpl.java:332)
	at org.apache.ratis.thirdparty.io.grpc.internal.ServerCallImpl$ServerStreamListenerImpl.messagesAvailable(ServerCallImpl.java:315)
	at org.apache.ratis.thirdparty.io.grpc.internal.ServerImpl$JumpToApplicationThreadServerStreamListener$1MessagesAvailable.runInContext(ServerImpl.java:834)
	at org.apache.ratis.thirdparty.io.grpc.internal.ContextRunnable.run(ContextRunnable.java:37)
	at org.apache.ratis.thirdparty.io.grpc.internal.SerializingExecutor.run(SerializingExecutor.java:133)
	at java.base/java.util.concurrent.ThreadPoolExecutor.runWorker(ThreadPoolExecutor.java:1128)
	at java.base/java.util.concurrent.ThreadPoolExecutor$Worker.run(ThreadPoolExecutor.java:628)
	at java.base/java.lang.Thread.run(Thread.java:829)
Caused by: java.util.concurrent.RejectedExecutionException: Task java.util.concurrent.CompletableFuture$AsyncSupply@62b22fb8 rejected from java.util.concurrent.ThreadPoolExecutor@3ad4e2b[Terminated, pool size = 0, active threads = 0, queued tasks = 0, completed tasks = 198]
	at java.base/java.util.concurrent.ThreadPoolExecutor$AbortPolicy.rejectedExecution(ThreadPoolExecutor.java:2055)
	at java.base/java.util.concurrent.ThreadPoolExecutor.reject(ThreadPoolExecutor.java:825)
	at java.base/java.util.concurrent.ThreadPoolExecutor.execute(ThreadPoolExecutor.java:1355)
	at java.base/java.util.concurrent.CompletableFuture.asyncSupplyStage(CompletableFuture.java:1714)
	at java.base/java.util.concurrent.CompletableFuture.supplyAsync(CompletableFuture.java:1931)
	at org.apache.ratis.server.impl.RaftServerImpl.executeSubmitServerRequestAsync(RaftServerImpl.java:812)
	at org.apache.ratis.server.impl.RaftServerProxy.lambda$appendEntriesAsync$27(RaftServerProxy.java:634)
	at java.base/java.util.concurrent.CompletableFuture.uniComposeStage(CompletableFuture.java:1106)
	... 15 more
2022-10-13 10:40:55,957 [grpc-default-executor-1] WARN  server.GrpcLogAppender (LogUtils.java:warn(124)) - s0@group-6905249F38B1->s1-AppendLogResponseHandler: Failed appendEntries
java.io.IOException: java.util.concurrent.RejectedExecutionException: Task java.util.concurrent.CompletableFuture$AsyncSupply@62b22fb8 rejected from java.util.concurrent.ThreadPoolExecutor@3ad4e2b[Terminated, pool size = 0, active threads = 0, queued tasks = 0, completed tasks = 198]
	at org.apache.ratis.util.IOUtils.asIOException(IOUtils.java:56)
	at org.apache.ratis.grpc.GrpcUtil.tryUnwrapException(GrpcUtil.java:121)
	at org.apache.ratis.grpc.GrpcUtil.unwrapThrowable(GrpcUtil.java:82)
	at org.apache.ratis.grpc.GrpcUtil.warn(GrpcUtil.java:178)
	at org.apache.ratis.grpc.server.GrpcLogAppender$AppendLogResponseHandler.onError(GrpcLogAppender.java:405)
	at org.apache.ratis.thirdparty.io.grpc.stub.ClientCalls$StreamObserverToCallListenerAdapter.onClose(ClientCalls.java:487)
	at org.apache.ratis.thirdparty.io.grpc.internal.ClientCallImpl.closeObserver(ClientCallImpl.java:562)
	at org.apache.ratis.thirdparty.io.grpc.internal.ClientCallImpl.access$300(ClientCallImpl.java:70)
	at org.apache.ratis.thirdparty.io.grpc.internal.ClientCallImpl$ClientStreamListenerImpl$1StreamClosed.runInternal(ClientCallImpl.java:743)
	at org.apache.ratis.thirdparty.io.grpc.internal.ClientCallImpl$ClientStreamListenerImpl$1StreamClosed.runInContext(ClientCallImpl.java:722)
	at org.apache.ratis.thirdparty.io.grpc.internal.ContextRunnable.run(ContextRunnable.java:37)
	at org.apache.ratis.thirdparty.io.grpc.internal.SerializingExecutor.run(SerializingExecutor.java:133)
	at java.base/java.util.concurrent.ThreadPoolExecutor.runWorker(ThreadPoolExecutor.java:1128)
	at java.base/java.util.concurrent.ThreadPoolExecutor$Worker.run(ThreadPoolExecutor.java:628)
	at java.base/java.lang.Thread.run(Thread.java:829)
Caused by: java.util.concurrent.RejectedExecutionException: Task java.util.concurrent.CompletableFuture$AsyncSupply@62b22fb8 rejected from java.util.concurrent.ThreadPoolExecutor@3ad4e2b[Terminated, pool size = 0, active threads = 0, queued tasks = 0, completed tasks = 198]
	at java.base/jdk.internal.reflect.GeneratedConstructorAccessor7.newInstance(Unknown Source)
	at java.base/jdk.internal.reflect.DelegatingConstructorAccessorImpl.newInstance(DelegatingConstructorAccessorImpl.java:45)
	at java.base/java.lang.reflect.Constructor.newInstance(Constructor.java:490)
	at org.apache.ratis.util.ReflectionUtils.instantiateException(ReflectionUtils.java:259)
	at org.apache.ratis.grpc.GrpcUtil.tryUnwrapException(GrpcUtil.java:120)
	... 13 more
Caused by: org.apache.ratis.thirdparty.io.grpc.StatusRuntimeException: INTERNAL: Task java.util.concurrent.CompletableFuture$AsyncSupply@62b22fb8 rejected from java.util.concurrent.ThreadPoolExecutor@3ad4e2b[Terminated, pool size = 0, active threads = 0, queued tasks = 0, completed tasks = 198]
	at org.apache.ratis.thirdparty.io.grpc.Status.asRuntimeException(Status.java:535)
	... 10 more
	Suppressed: java.lang.IllegalStateException: Failed to cast to class java.io.IOException, object=java.util.concurrent.RejectedExecutionException: Task java.util.concurrent.CompletableFuture$AsyncSupply@62b22fb8 rejected from java.util.concurrent.ThreadPoolExecutor@3ad4e2b[Terminated, pool size = 0, active threads = 0, queued tasks = 0, completed tasks = 198]
	at java.base/java.util.concurrent.ThreadPoolExecutor$AbortPolicy.rejectedExecution(ThreadPoolExecutor.java:2055)
	at java.base/java.util.concurrent.ThreadPoolExecutor.reject(ThreadPoolExecutor.java:825)
	at java.base/java.util.concurrent.ThreadPoolExecutor.execute(ThreadPoolExecutor.java:1355)
	at java.base/java.util.concurrent.CompletableFuture.asyncSupplyStage(CompletableFuture.java:1714)
	at java.base/java.util.concurrent.CompletableFuture.supplyAsync(CompletableFuture.java:1931)
	at org.apache.ratis.server.impl.RaftServerImpl.executeSubmitServerRequestAsync(RaftServerImpl.java:812)
	at org.apache.ratis.server.impl.RaftServerProxy.lambda$appendEntriesAsync$27(RaftServerProxy.java:634)
	at java.base/java.util.concurrent.CompletableFuture.uniComposeStage(CompletableFuture.java:1106)
	at java.base/java.util.concurrent.CompletableFuture.thenCompose(CompletableFuture.java:2235)
	at org.apache.ratis.server.impl.RaftServerProxy.appendEntriesAsync(RaftServerProxy.java:634)
	at org.apache.ratis.grpc.server.GrpcServerProtocolService$1.process(GrpcServerProtocolService.java:219)
	at org.apache.ratis.grpc.server.GrpcServerProtocolService$1.process(GrpcServerProtocolService.java:216)
	at org.apache.ratis.grpc.server.GrpcServerProtocolService$ServerRequestStreamObserver.onNext(GrpcServerProtocolService.java:124)
	at org.apache.ratis.thirdparty.io.grpc.stub.ServerCalls$StreamingServerCallHandler$StreamingServerCallListener.onMessage(ServerCalls.java:262)
	at org.apache.ratis.thirdparty.io.grpc.ForwardingServerCallListener.onMessage(ForwardingServerCallListener.java:33)
	at org.apache.ratis.thirdparty.io.grpc.internal.ServerCallImpl$ServerStreamListenerImpl.messagesAvailableInternal(ServerCallImpl.java:332)
	at org.apache.ratis.thirdparty.io.grpc.internal.ServerCallImpl$ServerStreamListenerImpl.messagesAvailable(ServerCallImpl.java:315)
	at org.apache.ratis.thirdparty.io.grpc.internal.ServerImpl$JumpToApplicationThreadServerStreamListener$1MessagesAvailable.runInContext(ServerImpl.java:834)
	at org.apache.ratis.thirdparty.io.grpc.internal.ContextRunnable.run(ContextRunnable.java:37)
	at org.apache.ratis.thirdparty.io.grpc.internal.SerializingExecutor.run(SerializingExecutor.java:133)
	at java.base/java.util.concurrent.ThreadPoolExecutor.runWorker(ThreadPoolExecutor.java:1128)
	at java.base/java.util.concurrent.ThreadPoolExecutor$Worker.run(ThreadPoolExecutor.java:628)
	at java.base/java.lang.Thread.run(Thread.java:829)

		at org.apache.ratis.util.IOUtils.readObject(IOUtils.java:237)
		at org.apache.ratis.util.IOUtils.bytes2Object(IOUtils.java:214)
		at org.apache.ratis.grpc.GrpcUtil.tryUnwrapException(GrpcUtil.java:109)
		at org.apache.ratis.grpc.GrpcUtil.unwrapThrowable(GrpcUtil.java:82)
		at org.apache.ratis.grpc.GrpcUtil.warn(GrpcUtil.java:178)
		at org.apache.ratis.grpc.server.GrpcLogAppender$AppendLogResponseHandler.onError(GrpcLogAppender.java:405)
		... 10 more
	Caused by: java.lang.ClassCastException: Cannot cast java.util.concurrent.RejectedExecutionException to java.io.IOException
		at java.base/java.lang.Class.cast(Class.java:3605)
		at org.apache.ratis.util.IOUtils.readObject(IOUtils.java:234)
		... 15 more
2022-10-13 10:40:55,958 [grpc-default-executor-1] INFO  leader.FollowerInfo (FollowerInfoImpl.java:lambda$new$0(48)) - s0@group-6905249F38B1->s1: nextIndex: updateUnconditionally 263 -> 259
2022-10-13 10:40:55,992 [grpc-default-executor-1] WARN  server.GrpcServerProtocolService (LogUtils.java:warn(124)) - s1: Failed APPEND_ENTRIES request s0->s1#288-t2,previous=(t:2, i:258),leaderCommit=262,initializing? true,entries: size=4, first=(t:2, i:259), CONFIGURATIONENTRY(current:id: "s0"
address: "localhost:46195"
dataStreamAddress: "localhost:39399"
clientAddress: "localhost:42765"
adminAddress: "localhost:44717"
startupRole: FOLLOWER
,id: "s1"
address: "0.0.0.0:46693"
clientAddress: "0.0.0.0:46693"
adminAddress: "0.0.0.0:46693"
startupRole: FOLLOWER
,id: "s2"
address: "0.0.0.0:36699"
clientAddress: "0.0.0.0:36699"
adminAddress: "0.0.0.0:36699"
startupRole: FOLLOWER
, old:id: "s0"
address: "localhost:46195"
dataStreamAddress: "localhost:39399"
clientAddress: "localhost:42765"
adminAddress: "localhost:44717"
startupRole: FOLLOWER
)
java.util.concurrent.CompletionException: java.util.concurrent.RejectedExecutionException: Task java.util.concurrent.CompletableFuture$AsyncSupply@4e8f7bcc rejected from java.util.concurrent.ThreadPoolExecutor@3ad4e2b[Terminated, pool size = 0, active threads = 0, queued tasks = 0, completed tasks = 198]
	at java.base/java.util.concurrent.CompletableFuture.encodeThrowable(CompletableFuture.java:314)
	at java.base/java.util.concurrent.CompletableFuture.uniComposeStage(CompletableFuture.java:1113)
	at java.base/java.util.concurrent.CompletableFuture.thenCompose(CompletableFuture.java:2235)
	at org.apache.ratis.server.impl.RaftServerProxy.appendEntriesAsync(RaftServerProxy.java:634)
	at org.apache.ratis.grpc.server.GrpcServerProtocolService$1.process(GrpcServerProtocolService.java:219)
	at org.apache.ratis.grpc.server.GrpcServerProtocolService$1.process(GrpcServerProtocolService.java:216)
	at org.apache.ratis.grpc.server.GrpcServerProtocolService$ServerRequestStreamObserver.onNext(GrpcServerProtocolService.java:124)
	at org.apache.ratis.thirdparty.io.grpc.stub.ServerCalls$StreamingServerCallHandler$StreamingServerCallListener.onMessage(ServerCalls.java:262)
	at org.apache.ratis.thirdparty.io.grpc.ForwardingServerCallListener.onMessage(ForwardingServerCallListener.java:33)
	at org.apache.ratis.thirdparty.io.grpc.internal.ServerCallImpl$ServerStreamListenerImpl.messagesAvailableInternal(ServerCallImpl.java:332)
	at org.apache.ratis.thirdparty.io.grpc.internal.ServerCallImpl$ServerStreamListenerImpl.messagesAvailable(ServerCallImpl.java:315)
	at org.apache.ratis.thirdparty.io.grpc.internal.ServerImpl$JumpToApplicationThreadServerStreamListener$1MessagesAvailable.runInContext(ServerImpl.java:834)
	at org.apache.ratis.thirdparty.io.grpc.internal.ContextRunnable.run(ContextRunnable.java:37)
	at org.apache.ratis.thirdparty.io.grpc.internal.SerializingExecutor.run(SerializingExecutor.java:133)
	at java.base/java.util.concurrent.ThreadPoolExecutor.runWorker(ThreadPoolExecutor.java:1128)
	at java.base/java.util.concurrent.ThreadPoolExecutor$Worker.run(ThreadPoolExecutor.java:628)
	at java.base/java.lang.Thread.run(Thread.java:829)
Caused by: java.util.concurrent.RejectedExecutionException: Task java.util.concurrent.CompletableFuture$AsyncSupply@4e8f7bcc rejected from java.util.concurrent.ThreadPoolExecutor@3ad4e2b[Terminated, pool size = 0, active threads = 0, queued tasks = 0, completed tasks = 198]
	at java.base/java.util.concurrent.ThreadPoolExecutor$AbortPolicy.rejectedExecution(ThreadPoolExecutor.java:2055)
	at java.base/java.util.concurrent.ThreadPoolExecutor.reject(ThreadPoolExecutor.java:825)
	at java.base/java.util.concurrent.ThreadPoolExecutor.execute(ThreadPoolExecutor.java:1355)
	at java.base/java.util.concurrent.CompletableFuture.asyncSupplyStage(CompletableFuture.java:1714)
	at java.base/java.util.concurrent.CompletableFuture.supplyAsync(CompletableFuture.java:1931)
	at org.apache.ratis.server.impl.RaftServerImpl.executeSubmitServerRequestAsync(RaftServerImpl.java:812)
	at org.apache.ratis.server.impl.RaftServerProxy.lambda$appendEntriesAsync$27(RaftServerProxy.java:634)
	at java.base/java.util.concurrent.CompletableFuture.uniComposeStage(CompletableFuture.java:1106)
	... 15 more
2022-10-13 10:40:55,996 [grpc-default-executor-1] WARN  server.GrpcLogAppender (LogUtils.java:warn(124)) - s0@group-6905249F38B1->s1-AppendLogResponseHandler: Failed appendEntries
java.io.IOException: java.util.concurrent.RejectedExecutionException: Task java.util.concurrent.CompletableFuture$AsyncSupply@4e8f7bcc rejected from java.util.concurrent.ThreadPoolExecutor@3ad4e2b[Terminated, pool size = 0, active threads = 0, queued tasks = 0, completed tasks = 198]
	at org.apache.ratis.util.IOUtils.asIOException(IOUtils.java:56)
	at org.apache.ratis.grpc.GrpcUtil.tryUnwrapException(GrpcUtil.java:121)
	at org.apache.ratis.grpc.GrpcUtil.unwrapThrowable(GrpcUtil.java:82)
	at org.apache.ratis.grpc.GrpcUtil.warn(GrpcUtil.java:178)
	at org.apache.ratis.grpc.server.GrpcLogAppender$AppendLogResponseHandler.onError(GrpcLogAppender.java:405)
	at org.apache.ratis.thirdparty.io.grpc.stub.ClientCalls$StreamObserverToCallListenerAdapter.onClose(ClientCalls.java:487)
	at org.apache.ratis.thirdparty.io.grpc.internal.ClientCallImpl.closeObserver(ClientCallImpl.java:562)
	at org.apache.ratis.thirdparty.io.grpc.internal.ClientCallImpl.access$300(ClientCallImpl.java:70)
	at org.apache.ratis.thirdparty.io.grpc.internal.ClientCallImpl$ClientStreamListenerImpl$1StreamClosed.runInternal(ClientCallImpl.java:743)
	at org.apache.ratis.thirdparty.io.grpc.internal.ClientCallImpl$ClientStreamListenerImpl$1StreamClosed.runInContext(ClientCallImpl.java:722)
	at org.apache.ratis.thirdparty.io.grpc.internal.ContextRunnable.run(ContextRunnable.java:37)
	at org.apache.ratis.thirdparty.io.grpc.internal.SerializingExecutor.run(SerializingExecutor.java:133)
	at java.base/java.util.concurrent.ThreadPoolExecutor.runWorker(ThreadPoolExecutor.java:1128)
	at java.base/java.util.concurrent.ThreadPoolExecutor$Worker.run(ThreadPoolExecutor.java:628)
	at java.base/java.lang.Thread.run(Thread.java:829)
Caused by: java.util.concurrent.RejectedExecutionException: Task java.util.concurrent.CompletableFuture$AsyncSupply@4e8f7bcc rejected from java.util.concurrent.ThreadPoolExecutor@3ad4e2b[Terminated, pool size = 0, active threads = 0, queued tasks = 0, completed tasks = 198]
	at java.base/jdk.internal.reflect.GeneratedConstructorAccessor7.newInstance(Unknown Source)
	at java.base/jdk.internal.reflect.DelegatingConstructorAccessorImpl.newInstance(DelegatingConstructorAccessorImpl.java:45)
	at java.base/java.lang.reflect.Constructor.newInstance(Constructor.java:490)
	at org.apache.ratis.util.ReflectionUtils.instantiateException(ReflectionUtils.java:259)
	at org.apache.ratis.grpc.GrpcUtil.tryUnwrapException(GrpcUtil.java:120)
	... 13 more
Caused by: org.apache.ratis.thirdparty.io.grpc.StatusRuntimeException: INTERNAL: Task java.util.concurrent.CompletableFuture$AsyncSupply@4e8f7bcc rejected from java.util.concurrent.ThreadPoolExecutor@3ad4e2b[Terminated, pool size = 0, active threads = 0, queued tasks = 0, completed tasks = 198]
	at org.apache.ratis.thirdparty.io.grpc.Status.asRuntimeException(Status.java:535)
	... 10 more
	Suppressed: java.lang.IllegalStateException: Failed to cast to class java.io.IOException, object=java.util.concurrent.RejectedExecutionException: Task java.util.concurrent.CompletableFuture$AsyncSupply@4e8f7bcc rejected from java.util.concurrent.ThreadPoolExecutor@3ad4e2b[Terminated, pool size = 0, active threads = 0, queued tasks = 0, completed tasks = 198]
	at java.base/java.util.concurrent.ThreadPoolExecutor$AbortPolicy.rejectedExecution(ThreadPoolExecutor.java:2055)
	at java.base/java.util.concurrent.ThreadPoolExecutor.reject(ThreadPoolExecutor.java:825)
	at java.base/java.util.concurrent.ThreadPoolExecutor.execute(ThreadPoolExecutor.java:1355)
	at java.base/java.util.concurrent.CompletableFuture.asyncSupplyStage(CompletableFuture.java:1714)
	at java.base/java.util.concurrent.CompletableFuture.supplyAsync(CompletableFuture.java:1931)
	at org.apache.ratis.server.impl.RaftServerImpl.executeSubmitServerRequestAsync(RaftServerImpl.java:812)
	at org.apache.ratis.server.impl.RaftServerProxy.lambda$appendEntriesAsync$27(RaftServerProxy.java:634)
	at java.base/java.util.concurrent.CompletableFuture.uniComposeStage(CompletableFuture.java:1106)
	at java.base/java.util.concurrent.CompletableFuture.thenCompose(CompletableFuture.java:2235)
	at org.apache.ratis.server.impl.RaftServerProxy.appendEntriesAsync(RaftServerProxy.java:634)
	at org.apache.ratis.grpc.server.GrpcServerProtocolService$1.process(GrpcServerProtocolService.java:219)
	at org.apache.ratis.grpc.server.GrpcServerProtocolService$1.process(GrpcServerProtocolService.java:216)
	at org.apache.ratis.grpc.server.GrpcServerProtocolService$ServerRequestStreamObserver.onNext(GrpcServerProtocolService.java:124)
	at org.apache.ratis.thirdparty.io.grpc.stub.ServerCalls$StreamingServerCallHandler$StreamingServerCallListener.onMessage(ServerCalls.java:262)
	at org.apache.ratis.thirdparty.io.grpc.ForwardingServerCallListener.onMessage(ForwardingServerCallListener.java:33)
	at org.apache.ratis.thirdparty.io.grpc.internal.ServerCallImpl$ServerStreamListenerImpl.messagesAvailableInternal(ServerCallImpl.java:332)
	at org.apache.ratis.thirdparty.io.grpc.internal.ServerCallImpl$ServerStreamListenerImpl.messagesAvailable(ServerCallImpl.java:315)
	at org.apache.ratis.thirdparty.io.grpc.internal.ServerImpl$JumpToApplicationThreadServerStreamListener$1MessagesAvailable.runInContext(ServerImpl.java:834)
	at org.apache.ratis.thirdparty.io.grpc.internal.ContextRunnable.run(ContextRunnable.java:37)
	at org.apache.ratis.thirdparty.io.grpc.internal.SerializingExecutor.run(SerializingExecutor.java:133)
	at java.base/java.util.concurrent.ThreadPoolExecutor.runWorker(ThreadPoolExecutor.java:1128)
	at java.base/java.util.concurrent.ThreadPoolExecutor$Worker.run(ThreadPoolExecutor.java:628)
	at java.base/java.lang.Thread.run(Thread.java:829)

		at org.apache.ratis.util.IOUtils.readObject(IOUtils.java:237)
		at org.apache.ratis.util.IOUtils.bytes2Object(IOUtils.java:214)
		at org.apache.ratis.grpc.GrpcUtil.tryUnwrapException(GrpcUtil.java:109)
		at org.apache.ratis.grpc.GrpcUtil.unwrapThrowable(GrpcUtil.java:82)
		at org.apache.ratis.grpc.GrpcUtil.warn(GrpcUtil.java:178)
		at org.apache.ratis.grpc.server.GrpcLogAppender$AppendLogResponseHandler.onError(GrpcLogAppender.java:405)
		... 10 more
	Caused by: java.lang.ClassCastException: Cannot cast java.util.concurrent.RejectedExecutionException to java.io.IOException
		at java.base/java.lang.Class.cast(Class.java:3605)
		at org.apache.ratis.util.IOUtils.readObject(IOUtils.java:234)
		... 15 more
2022-10-13 10:40:55,996 [grpc-default-executor-1] INFO  leader.FollowerInfo (FollowerInfoImpl.java:lambda$new$0(48)) - s0@group-6905249F38B1->s1: nextIndex: updateUnconditionally 263 -> 259
2022-10-13 10:40:56,030 [grpc-default-executor-1] WARN  server.GrpcServerProtocolService (LogUtils.java:warn(124)) - s1: Failed APPEND_ENTRIES request s0->s1#290-t2,previous=(t:2, i:258),leaderCommit=262,initializing? true,entries: size=4, first=(t:2, i:259), CONFIGURATIONENTRY(current:id: "s0"
address: "localhost:46195"
dataStreamAddress: "localhost:39399"
clientAddress: "localhost:42765"
adminAddress: "localhost:44717"
startupRole: FOLLOWER
,id: "s1"
address: "0.0.0.0:46693"
clientAddress: "0.0.0.0:46693"
adminAddress: "0.0.0.0:46693"
startupRole: FOLLOWER
,id: "s2"
address: "0.0.0.0:36699"
clientAddress: "0.0.0.0:36699"
adminAddress: "0.0.0.0:36699"
startupRole: FOLLOWER
, old:id: "s0"
address: "localhost:46195"
dataStreamAddress: "localhost:39399"
clientAddress: "localhost:42765"
adminAddress: "localhost:44717"
startupRole: FOLLOWER
)
java.util.concurrent.CompletionException: java.util.concurrent.RejectedExecutionException: Task java.util.concurrent.CompletableFuture$AsyncSupply@37d69d15 rejected from java.util.concurrent.ThreadPoolExecutor@3ad4e2b[Terminated, pool size = 0, active threads = 0, queued tasks = 0, completed tasks = 198]
	at java.base/java.util.concurrent.CompletableFuture.encodeThrowable(CompletableFuture.java:314)
	at java.base/java.util.concurrent.CompletableFuture.uniComposeStage(CompletableFuture.java:1113)
	at java.base/java.util.concurrent.CompletableFuture.thenCompose(CompletableFuture.java:2235)
	at org.apache.ratis.server.impl.RaftServerProxy.appendEntriesAsync(RaftServerProxy.java:634)
	at org.apache.ratis.grpc.server.GrpcServerProtocolService$1.process(GrpcServerProtocolService.java:219)
	at org.apache.ratis.grpc.server.GrpcServerProtocolService$1.process(GrpcServerProtocolService.java:216)
	at org.apache.ratis.grpc.server.GrpcServerProtocolService$ServerRequestStreamObserver.onNext(GrpcServerProtocolService.java:124)
	at org.apache.ratis.thirdparty.io.grpc.stub.ServerCalls$StreamingServerCallHandler$StreamingServerCallListener.onMessage(ServerCalls.java:262)
	at org.apache.ratis.thirdparty.io.grpc.ForwardingServerCallListener.onMessage(ForwardingServerCallListener.java:33)
	at org.apache.ratis.thirdparty.io.grpc.internal.ServerCallImpl$ServerStreamListenerImpl.messagesAvailableInternal(ServerCallImpl.java:332)
	at org.apache.ratis.thirdparty.io.grpc.internal.ServerCallImpl$ServerStreamListenerImpl.messagesAvailable(ServerCallImpl.java:315)
	at org.apache.ratis.thirdparty.io.grpc.internal.ServerImpl$JumpToApplicationThreadServerStreamListener$1MessagesAvailable.runInContext(ServerImpl.java:834)
	at org.apache.ratis.thirdparty.io.grpc.internal.ContextRunnable.run(ContextRunnable.java:37)
	at org.apache.ratis.thirdparty.io.grpc.internal.SerializingExecutor.run(SerializingExecutor.java:133)
	at java.base/java.util.concurrent.ThreadPoolExecutor.runWorker(ThreadPoolExecutor.java:1128)
	at java.base/java.util.concurrent.ThreadPoolExecutor$Worker.run(ThreadPoolExecutor.java:628)
	at java.base/java.lang.Thread.run(Thread.java:829)
Caused by: java.util.concurrent.RejectedExecutionException: Task java.util.concurrent.CompletableFuture$AsyncSupply@37d69d15 rejected from java.util.concurrent.ThreadPoolExecutor@3ad4e2b[Terminated, pool size = 0, active threads = 0, queued tasks = 0, completed tasks = 198]
	at java.base/java.util.concurrent.ThreadPoolExecutor$AbortPolicy.rejectedExecution(ThreadPoolExecutor.java:2055)
	at java.base/java.util.concurrent.ThreadPoolExecutor.reject(ThreadPoolExecutor.java:825)
	at java.base/java.util.concurrent.ThreadPoolExecutor.execute(ThreadPoolExecutor.java:1355)
	at java.base/java.util.concurrent.CompletableFuture.asyncSupplyStage(CompletableFuture.java:1714)
	at java.base/java.util.concurrent.CompletableFuture.supplyAsync(CompletableFuture.java:1931)
	at org.apache.ratis.server.impl.RaftServerImpl.executeSubmitServerRequestAsync(RaftServerImpl.java:812)
	at org.apache.ratis.server.impl.RaftServerProxy.lambda$appendEntriesAsync$27(RaftServerProxy.java:634)
	at java.base/java.util.concurrent.CompletableFuture.uniComposeStage(CompletableFuture.java:1106)
	... 15 more
2022-10-13 10:40:56,034 [grpc-default-executor-2] WARN  server.GrpcLogAppender (LogUtils.java:warn(124)) - s0@group-6905249F38B1->s1-AppendLogResponseHandler: Failed appendEntries
java.io.IOException: java.util.concurrent.RejectedExecutionException: Task java.util.concurrent.CompletableFuture$AsyncSupply@37d69d15 rejected from java.util.concurrent.ThreadPoolExecutor@3ad4e2b[Terminated, pool size = 0, active threads = 0, queued tasks = 0, completed tasks = 198]
	at org.apache.ratis.util.IOUtils.asIOException(IOUtils.java:56)
	at org.apache.ratis.grpc.GrpcUtil.tryUnwrapException(GrpcUtil.java:121)
	at org.apache.ratis.grpc.GrpcUtil.unwrapThrowable(GrpcUtil.java:82)
	at org.apache.ratis.grpc.GrpcUtil.warn(GrpcUtil.java:178)
	at org.apache.ratis.grpc.server.GrpcLogAppender$AppendLogResponseHandler.onError(GrpcLogAppender.java:405)
	at org.apache.ratis.thirdparty.io.grpc.stub.ClientCalls$StreamObserverToCallListenerAdapter.onClose(ClientCalls.java:487)
	at org.apache.ratis.thirdparty.io.grpc.internal.ClientCallImpl.closeObserver(ClientCallImpl.java:562)
	at org.apache.ratis.thirdparty.io.grpc.internal.ClientCallImpl.access$300(ClientCallImpl.java:70)
	at org.apache.ratis.thirdparty.io.grpc.internal.ClientCallImpl$ClientStreamListenerImpl$1StreamClosed.runInternal(ClientCallImpl.java:743)
	at org.apache.ratis.thirdparty.io.grpc.internal.ClientCallImpl$ClientStreamListenerImpl$1StreamClosed.runInContext(ClientCallImpl.java:722)
	at org.apache.ratis.thirdparty.io.grpc.internal.ContextRunnable.run(ContextRunnable.java:37)
	at org.apache.ratis.thirdparty.io.grpc.internal.SerializingExecutor.run(SerializingExecutor.java:133)
	at java.base/java.util.concurrent.ThreadPoolExecutor.runWorker(ThreadPoolExecutor.java:1128)
	at java.base/java.util.concurrent.ThreadPoolExecutor$Worker.run(ThreadPoolExecutor.java:628)
	at java.base/java.lang.Thread.run(Thread.java:829)
Caused by: java.util.concurrent.RejectedExecutionException: Task java.util.concurrent.CompletableFuture$AsyncSupply@37d69d15 rejected from java.util.concurrent.ThreadPoolExecutor@3ad4e2b[Terminated, pool size = 0, active threads = 0, queued tasks = 0, completed tasks = 198]
	at java.base/jdk.internal.reflect.GeneratedConstructorAccessor7.newInstance(Unknown Source)
	at java.base/jdk.internal.reflect.DelegatingConstructorAccessorImpl.newInstance(DelegatingConstructorAccessorImpl.java:45)
	at java.base/java.lang.reflect.Constructor.newInstance(Constructor.java:490)
	at org.apache.ratis.util.ReflectionUtils.instantiateException(ReflectionUtils.java:259)
	at org.apache.ratis.grpc.GrpcUtil.tryUnwrapException(GrpcUtil.java:120)
	... 13 more
Caused by: org.apache.ratis.thirdparty.io.grpc.StatusRuntimeException: INTERNAL: Task java.util.concurrent.CompletableFuture$AsyncSupply@37d69d15 rejected from java.util.concurrent.ThreadPoolExecutor@3ad4e2b[Terminated, pool size = 0, active threads = 0, queued tasks = 0, completed tasks = 198]
	at org.apache.ratis.thirdparty.io.grpc.Status.asRuntimeException(Status.java:535)
	... 10 more
	Suppressed: java.lang.IllegalStateException: Failed to cast to class java.io.IOException, object=java.util.concurrent.RejectedExecutionException: Task java.util.concurrent.CompletableFuture$AsyncSupply@37d69d15 rejected from java.util.concurrent.ThreadPoolExecutor@3ad4e2b[Terminated, pool size = 0, active threads = 0, queued tasks = 0, completed tasks = 198]
	at java.base/java.util.concurrent.ThreadPoolExecutor$AbortPolicy.rejectedExecution(ThreadPoolExecutor.java:2055)
	at java.base/java.util.concurrent.ThreadPoolExecutor.reject(ThreadPoolExecutor.java:825)
	at java.base/java.util.concurrent.ThreadPoolExecutor.execute(ThreadPoolExecutor.java:1355)
	at java.base/java.util.concurrent.CompletableFuture.asyncSupplyStage(CompletableFuture.java:1714)
	at java.base/java.util.concurrent.CompletableFuture.supplyAsync(CompletableFuture.java:1931)
	at org.apache.ratis.server.impl.RaftServerImpl.executeSubmitServerRequestAsync(RaftServerImpl.java:812)
	at org.apache.ratis.server.impl.RaftServerProxy.lambda$appendEntriesAsync$27(RaftServerProxy.java:634)
	at java.base/java.util.concurrent.CompletableFuture.uniComposeStage(CompletableFuture.java:1106)
	at java.base/java.util.concurrent.CompletableFuture.thenCompose(CompletableFuture.java:2235)
	at org.apache.ratis.server.impl.RaftServerProxy.appendEntriesAsync(RaftServerProxy.java:634)
	at org.apache.ratis.grpc.server.GrpcServerProtocolService$1.process(GrpcServerProtocolService.java:219)
	at org.apache.ratis.grpc.server.GrpcServerProtocolService$1.process(GrpcServerProtocolService.java:216)
	at org.apache.ratis.grpc.server.GrpcServerProtocolService$ServerRequestStreamObserver.onNext(GrpcServerProtocolService.java:124)
	at org.apache.ratis.thirdparty.io.grpc.stub.ServerCalls$StreamingServerCallHandler$StreamingServerCallListener.onMessage(ServerCalls.java:262)
	at org.apache.ratis.thirdparty.io.grpc.ForwardingServerCallListener.onMessage(ForwardingServerCallListener.java:33)
	at org.apache.ratis.thirdparty.io.grpc.internal.ServerCallImpl$ServerStreamListenerImpl.messagesAvailableInternal(ServerCallImpl.java:332)
	at org.apache.ratis.thirdparty.io.grpc.internal.ServerCallImpl$ServerStreamListenerImpl.messagesAvailable(ServerCallImpl.java:315)
	at org.apache.ratis.thirdparty.io.grpc.internal.ServerImpl$JumpToApplicationThreadServerStreamListener$1MessagesAvailable.runInContext(ServerImpl.java:834)
	at org.apache.ratis.thirdparty.io.grpc.internal.ContextRunnable.run(ContextRunnable.java:37)
	at org.apache.ratis.thirdparty.io.grpc.internal.SerializingExecutor.run(SerializingExecutor.java:133)
	at java.base/java.util.concurrent.ThreadPoolExecutor.runWorker(ThreadPoolExecutor.java:1128)
	at java.base/java.util.concurrent.ThreadPoolExecutor$Worker.run(ThreadPoolExecutor.java:628)
	at java.base/java.lang.Thread.run(Thread.java:829)

		at org.apache.ratis.util.IOUtils.readObject(IOUtils.java:237)
		at org.apache.ratis.util.IOUtils.bytes2Object(IOUtils.java:214)
		at org.apache.ratis.grpc.GrpcUtil.tryUnwrapException(GrpcUtil.java:109)
		at org.apache.ratis.grpc.GrpcUtil.unwrapThrowable(GrpcUtil.java:82)
		at org.apache.ratis.grpc.GrpcUtil.warn(GrpcUtil.java:178)
		at org.apache.ratis.grpc.server.GrpcLogAppender$AppendLogResponseHandler.onError(GrpcLogAppender.java:405)
		... 10 more
	Caused by: java.lang.ClassCastException: Cannot cast java.util.concurrent.RejectedExecutionException to java.io.IOException
		at java.base/java.lang.Class.cast(Class.java:3605)
		at org.apache.ratis.util.IOUtils.readObject(IOUtils.java:234)
		... 15 more
2022-10-13 10:40:56,034 [grpc-default-executor-2] INFO  leader.FollowerInfo (FollowerInfoImpl.java:lambda$new$0(48)) - s0@group-6905249F38B1->s1: nextIndex: updateUnconditionally 263 -> 259
2022-10-13 10:40:56,068 [grpc-default-executor-1] WARN  server.GrpcServerProtocolService (LogUtils.java:warn(124)) - s1: Failed APPEND_ENTRIES request s0->s1#292-t2,previous=(t:2, i:258),leaderCommit=262,initializing? true,entries: size=4, first=(t:2, i:259), CONFIGURATIONENTRY(current:id: "s0"
address: "localhost:46195"
dataStreamAddress: "localhost:39399"
clientAddress: "localhost:42765"
adminAddress: "localhost:44717"
startupRole: FOLLOWER
,id: "s1"
address: "0.0.0.0:46693"
clientAddress: "0.0.0.0:46693"
adminAddress: "0.0.0.0:46693"
startupRole: FOLLOWER
,id: "s2"
address: "0.0.0.0:36699"
clientAddress: "0.0.0.0:36699"
adminAddress: "0.0.0.0:36699"
startupRole: FOLLOWER
, old:id: "s0"
address: "localhost:46195"
dataStreamAddress: "localhost:39399"
clientAddress: "localhost:42765"
adminAddress: "localhost:44717"
startupRole: FOLLOWER
)
java.util.concurrent.CompletionException: java.util.concurrent.RejectedExecutionException: Task java.util.concurrent.CompletableFuture$AsyncSupply@123c457b rejected from java.util.concurrent.ThreadPoolExecutor@3ad4e2b[Terminated, pool size = 0, active threads = 0, queued tasks = 0, completed tasks = 198]
	at java.base/java.util.concurrent.CompletableFuture.encodeThrowable(CompletableFuture.java:314)
	at java.base/java.util.concurrent.CompletableFuture.uniComposeStage(CompletableFuture.java:1113)
	at java.base/java.util.concurrent.CompletableFuture.thenCompose(CompletableFuture.java:2235)
	at org.apache.ratis.server.impl.RaftServerProxy.appendEntriesAsync(RaftServerProxy.java:634)
	at org.apache.ratis.grpc.server.GrpcServerProtocolService$1.process(GrpcServerProtocolService.java:219)
	at org.apache.ratis.grpc.server.GrpcServerProtocolService$1.process(GrpcServerProtocolService.java:216)
	at org.apache.ratis.grpc.server.GrpcServerProtocolService$ServerRequestStreamObserver.onNext(GrpcServerProtocolService.java:124)
	at org.apache.ratis.thirdparty.io.grpc.stub.ServerCalls$StreamingServerCallHandler$StreamingServerCallListener.onMessage(ServerCalls.java:262)
	at org.apache.ratis.thirdparty.io.grpc.ForwardingServerCallListener.onMessage(ForwardingServerCallListener.java:33)
	at org.apache.ratis.thirdparty.io.grpc.internal.ServerCallImpl$ServerStreamListenerImpl.messagesAvailableInternal(ServerCallImpl.java:332)
	at org.apache.ratis.thirdparty.io.grpc.internal.ServerCallImpl$ServerStreamListenerImpl.messagesAvailable(ServerCallImpl.java:315)
	at org.apache.ratis.thirdparty.io.grpc.internal.ServerImpl$JumpToApplicationThreadServerStreamListener$1MessagesAvailable.runInContext(ServerImpl.java:834)
	at org.apache.ratis.thirdparty.io.grpc.internal.ContextRunnable.run(ContextRunnable.java:37)
	at org.apache.ratis.thirdparty.io.grpc.internal.SerializingExecutor.run(SerializingExecutor.java:133)
	at java.base/java.util.concurrent.ThreadPoolExecutor.runWorker(ThreadPoolExecutor.java:1128)
	at java.base/java.util.concurrent.ThreadPoolExecutor$Worker.run(ThreadPoolExecutor.java:628)
	at java.base/java.lang.Thread.run(Thread.java:829)
Caused by: java.util.concurrent.RejectedExecutionException: Task java.util.concurrent.CompletableFuture$AsyncSupply@123c457b rejected from java.util.concurrent.ThreadPoolExecutor@3ad4e2b[Terminated, pool size = 0, active threads = 0, queued tasks = 0, completed tasks = 198]
	at java.base/java.util.concurrent.ThreadPoolExecutor$AbortPolicy.rejectedExecution(ThreadPoolExecutor.java:2055)
	at java.base/java.util.concurrent.ThreadPoolExecutor.reject(ThreadPoolExecutor.java:825)
	at java.base/java.util.concurrent.ThreadPoolExecutor.execute(ThreadPoolExecutor.java:1355)
	at java.base/java.util.concurrent.CompletableFuture.asyncSupplyStage(CompletableFuture.java:1714)
	at java.base/java.util.concurrent.CompletableFuture.supplyAsync(CompletableFuture.java:1931)
	at org.apache.ratis.server.impl.RaftServerImpl.executeSubmitServerRequestAsync(RaftServerImpl.java:812)
	at org.apache.ratis.server.impl.RaftServerProxy.lambda$appendEntriesAsync$27(RaftServerProxy.java:634)
	at java.base/java.util.concurrent.CompletableFuture.uniComposeStage(CompletableFuture.java:1106)
	... 15 more
2022-10-13 10:40:56,070 [grpc-default-executor-2] WARN  server.GrpcLogAppender (LogUtils.java:warn(124)) - s0@group-6905249F38B1->s1-AppendLogResponseHandler: Failed appendEntries
java.io.IOException: java.util.concurrent.RejectedExecutionException: Task java.util.concurrent.CompletableFuture$AsyncSupply@123c457b rejected from java.util.concurrent.ThreadPoolExecutor@3ad4e2b[Terminated, pool size = 0, active threads = 0, queued tasks = 0, completed tasks = 198]
	at org.apache.ratis.util.IOUtils.asIOException(IOUtils.java:56)
	at org.apache.ratis.grpc.GrpcUtil.tryUnwrapException(GrpcUtil.java:121)
	at org.apache.ratis.grpc.GrpcUtil.unwrapThrowable(GrpcUtil.java:82)
	at org.apache.ratis.grpc.GrpcUtil.warn(GrpcUtil.java:178)
	at org.apache.ratis.grpc.server.GrpcLogAppender$AppendLogResponseHandler.onError(GrpcLogAppender.java:405)
	at org.apache.ratis.thirdparty.io.grpc.stub.ClientCalls$StreamObserverToCallListenerAdapter.onClose(ClientCalls.java:487)
	at org.apache.ratis.thirdparty.io.grpc.internal.ClientCallImpl.closeObserver(ClientCallImpl.java:562)
	at org.apache.ratis.thirdparty.io.grpc.internal.ClientCallImpl.access$300(ClientCallImpl.java:70)
	at org.apache.ratis.thirdparty.io.grpc.internal.ClientCallImpl$ClientStreamListenerImpl$1StreamClosed.runInternal(ClientCallImpl.java:743)
	at org.apache.ratis.thirdparty.io.grpc.internal.ClientCallImpl$ClientStreamListenerImpl$1StreamClosed.runInContext(ClientCallImpl.java:722)
	at org.apache.ratis.thirdparty.io.grpc.internal.ContextRunnable.run(ContextRunnable.java:37)
	at org.apache.ratis.thirdparty.io.grpc.internal.SerializingExecutor.run(SerializingExecutor.java:133)
	at java.base/java.util.concurrent.ThreadPoolExecutor.runWorker(ThreadPoolExecutor.java:1128)
	at java.base/java.util.concurrent.ThreadPoolExecutor$Worker.run(ThreadPoolExecutor.java:628)
	at java.base/java.lang.Thread.run(Thread.java:829)
Caused by: java.util.concurrent.RejectedExecutionException: Task java.util.concurrent.CompletableFuture$AsyncSupply@123c457b rejected from java.util.concurrent.ThreadPoolExecutor@3ad4e2b[Terminated, pool size = 0, active threads = 0, queued tasks = 0, completed tasks = 198]
	at java.base/jdk.internal.reflect.GeneratedConstructorAccessor7.newInstance(Unknown Source)
	at java.base/jdk.internal.reflect.DelegatingConstructorAccessorImpl.newInstance(DelegatingConstructorAccessorImpl.java:45)
	at java.base/java.lang.reflect.Constructor.newInstance(Constructor.java:490)
	at org.apache.ratis.util.ReflectionUtils.instantiateException(ReflectionUtils.java:259)
	at org.apache.ratis.grpc.GrpcUtil.tryUnwrapException(GrpcUtil.java:120)
	... 13 more
Caused by: org.apache.ratis.thirdparty.io.grpc.StatusRuntimeException: INTERNAL: Task java.util.concurrent.CompletableFuture$AsyncSupply@123c457b rejected from java.util.concurrent.ThreadPoolExecutor@3ad4e2b[Terminated, pool size = 0, active threads = 0, queued tasks = 0, completed tasks = 198]
	at org.apache.ratis.thirdparty.io.grpc.Status.asRuntimeException(Status.java:535)
	... 10 more
	Suppressed: java.lang.IllegalStateException: Failed to cast to class java.io.IOException, object=java.util.concurrent.RejectedExecutionException: Task java.util.concurrent.CompletableFuture$AsyncSupply@123c457b rejected from java.util.concurrent.ThreadPoolExecutor@3ad4e2b[Terminated, pool size = 0, active threads = 0, queued tasks = 0, completed tasks = 198]
	at java.base/java.util.concurrent.ThreadPoolExecutor$AbortPolicy.rejectedExecution(ThreadPoolExecutor.java:2055)
	at java.base/java.util.concurrent.ThreadPoolExecutor.reject(ThreadPoolExecutor.java:825)
	at java.base/java.util.concurrent.ThreadPoolExecutor.execute(ThreadPoolExecutor.java:1355)
	at java.base/java.util.concurrent.CompletableFuture.asyncSupplyStage(CompletableFuture.java:1714)
	at java.base/java.util.concurrent.CompletableFuture.supplyAsync(CompletableFuture.java:1931)
	at org.apache.ratis.server.impl.RaftServerImpl.executeSubmitServerRequestAsync(RaftServerImpl.java:812)
	at org.apache.ratis.server.impl.RaftServerProxy.lambda$appendEntriesAsync$27(RaftServerProxy.java:634)
	at java.base/java.util.concurrent.CompletableFuture.uniComposeStage(CompletableFuture.java:1106)
	at java.base/java.util.concurrent.CompletableFuture.thenCompose(CompletableFuture.java:2235)
	at org.apache.ratis.server.impl.RaftServerProxy.appendEntriesAsync(RaftServerProxy.java:634)
	at org.apache.ratis.grpc.server.GrpcServerProtocolService$1.process(GrpcServerProtocolService.java:219)
	at org.apache.ratis.grpc.server.GrpcServerProtocolService$1.process(GrpcServerProtocolService.java:216)
	at org.apache.ratis.grpc.server.GrpcServerProtocolService$ServerRequestStreamObserver.onNext(GrpcServerProtocolService.java:124)
	at org.apache.ratis.thirdparty.io.grpc.stub.ServerCalls$StreamingServerCallHandler$StreamingServerCallListener.onMessage(ServerCalls.java:262)
	at org.apache.ratis.thirdparty.io.grpc.ForwardingServerCallListener.onMessage(ForwardingServerCallListener.java:33)
	at org.apache.ratis.thirdparty.io.grpc.internal.ServerCallImpl$ServerStreamListenerImpl.messagesAvailableInternal(ServerCallImpl.java:332)
	at org.apache.ratis.thirdparty.io.grpc.internal.ServerCallImpl$ServerStreamListenerImpl.messagesAvailable(ServerCallImpl.java:315)
	at org.apache.ratis.thirdparty.io.grpc.internal.ServerImpl$JumpToApplicationThreadServerStreamListener$1MessagesAvailable.runInContext(ServerImpl.java:834)
	at org.apache.ratis.thirdparty.io.grpc.internal.ContextRunnable.run(ContextRunnable.java:37)
	at org.apache.ratis.thirdparty.io.grpc.internal.SerializingExecutor.run(SerializingExecutor.java:133)
	at java.base/java.util.concurrent.ThreadPoolExecutor.runWorker(ThreadPoolExecutor.java:1128)
	at java.base/java.util.concurrent.ThreadPoolExecutor$Worker.run(ThreadPoolExecutor.java:628)
	at java.base/java.lang.Thread.run(Thread.java:829)

		at org.apache.ratis.util.IOUtils.readObject(IOUtils.java:237)
		at org.apache.ratis.util.IOUtils.bytes2Object(IOUtils.java:214)
		at org.apache.ratis.grpc.GrpcUtil.tryUnwrapException(GrpcUtil.java:109)
		at org.apache.ratis.grpc.GrpcUtil.unwrapThrowable(GrpcUtil.java:82)
		at org.apache.ratis.grpc.GrpcUtil.warn(GrpcUtil.java:178)
		at org.apache.ratis.grpc.server.GrpcLogAppender$AppendLogResponseHandler.onError(GrpcLogAppender.java:405)
		... 10 more
	Caused by: java.lang.ClassCastException: Cannot cast java.util.concurrent.RejectedExecutionException to java.io.IOException
		at java.base/java.lang.Class.cast(Class.java:3605)
		at org.apache.ratis.util.IOUtils.readObject(IOUtils.java:234)
		... 15 more
2022-10-13 10:40:56,071 [grpc-default-executor-2] INFO  leader.FollowerInfo (FollowerInfoImpl.java:lambda$new$0(48)) - s0@group-6905249F38B1->s1: nextIndex: updateUnconditionally 263 -> 259
2022-10-13 10:40:56,107 [grpc-default-executor-1] WARN  server.GrpcServerProtocolService (LogUtils.java:warn(124)) - s1: Failed APPEND_ENTRIES request s0->s1#294-t2,previous=(t:2, i:258),leaderCommit=262,initializing? true,entries: size=4, first=(t:2, i:259), CONFIGURATIONENTRY(current:id: "s0"
address: "localhost:46195"
dataStreamAddress: "localhost:39399"
clientAddress: "localhost:42765"
adminAddress: "localhost:44717"
startupRole: FOLLOWER
,id: "s1"
address: "0.0.0.0:46693"
clientAddress: "0.0.0.0:46693"
adminAddress: "0.0.0.0:46693"
startupRole: FOLLOWER
,id: "s2"
address: "0.0.0.0:36699"
clientAddress: "0.0.0.0:36699"
adminAddress: "0.0.0.0:36699"
startupRole: FOLLOWER
, old:id: "s0"
address: "localhost:46195"
dataStreamAddress: "localhost:39399"
clientAddress: "localhost:42765"
adminAddress: "localhost:44717"
startupRole: FOLLOWER
)
java.util.concurrent.CompletionException: java.util.concurrent.RejectedExecutionException: Task java.util.concurrent.CompletableFuture$AsyncSupply@4a034afa rejected from java.util.concurrent.ThreadPoolExecutor@3ad4e2b[Terminated, pool size = 0, active threads = 0, queued tasks = 0, completed tasks = 198]
	at java.base/java.util.concurrent.CompletableFuture.encodeThrowable(CompletableFuture.java:314)
	at java.base/java.util.concurrent.CompletableFuture.uniComposeStage(CompletableFuture.java:1113)
	at java.base/java.util.concurrent.CompletableFuture.thenCompose(CompletableFuture.java:2235)
	at org.apache.ratis.server.impl.RaftServerProxy.appendEntriesAsync(RaftServerProxy.java:634)
	at org.apache.ratis.grpc.server.GrpcServerProtocolService$1.process(GrpcServerProtocolService.java:219)
	at org.apache.ratis.grpc.server.GrpcServerProtocolService$1.process(GrpcServerProtocolService.java:216)
	at org.apache.ratis.grpc.server.GrpcServerProtocolService$ServerRequestStreamObserver.onNext(GrpcServerProtocolService.java:124)
	at org.apache.ratis.thirdparty.io.grpc.stub.ServerCalls$StreamingServerCallHandler$StreamingServerCallListener.onMessage(ServerCalls.java:262)
	at org.apache.ratis.thirdparty.io.grpc.ForwardingServerCallListener.onMessage(ForwardingServerCallListener.java:33)
	at org.apache.ratis.thirdparty.io.grpc.internal.ServerCallImpl$ServerStreamListenerImpl.messagesAvailableInternal(ServerCallImpl.java:332)
	at org.apache.ratis.thirdparty.io.grpc.internal.ServerCallImpl$ServerStreamListenerImpl.messagesAvailable(ServerCallImpl.java:315)
	at org.apache.ratis.thirdparty.io.grpc.internal.ServerImpl$JumpToApplicationThreadServerStreamListener$1MessagesAvailable.runInContext(ServerImpl.java:834)
	at org.apache.ratis.thirdparty.io.grpc.internal.ContextRunnable.run(ContextRunnable.java:37)
	at org.apache.ratis.thirdparty.io.grpc.internal.SerializingExecutor.run(SerializingExecutor.java:133)
	at java.base/java.util.concurrent.ThreadPoolExecutor.runWorker(ThreadPoolExecutor.java:1128)
	at java.base/java.util.concurrent.ThreadPoolExecutor$Worker.run(ThreadPoolExecutor.java:628)
	at java.base/java.lang.Thread.run(Thread.java:829)
Caused by: java.util.concurrent.RejectedExecutionException: Task java.util.concurrent.CompletableFuture$AsyncSupply@4a034afa rejected from java.util.concurrent.ThreadPoolExecutor@3ad4e2b[Terminated, pool size = 0, active threads = 0, queued tasks = 0, completed tasks = 198]
	at java.base/java.util.concurrent.ThreadPoolExecutor$AbortPolicy.rejectedExecution(ThreadPoolExecutor.java:2055)
	at java.base/java.util.concurrent.ThreadPoolExecutor.reject(ThreadPoolExecutor.java:825)
	at java.base/java.util.concurrent.ThreadPoolExecutor.execute(ThreadPoolExecutor.java:1355)
	at java.base/java.util.concurrent.CompletableFuture.asyncSupplyStage(CompletableFuture.java:1714)
	at java.base/java.util.concurrent.CompletableFuture.supplyAsync(CompletableFuture.java:1931)
	at org.apache.ratis.server.impl.RaftServerImpl.executeSubmitServerRequestAsync(RaftServerImpl.java:812)
	at org.apache.ratis.server.impl.RaftServerProxy.lambda$appendEntriesAsync$27(RaftServerProxy.java:634)
	at java.base/java.util.concurrent.CompletableFuture.uniComposeStage(CompletableFuture.java:1106)
	... 15 more
2022-10-13 10:40:56,109 [grpc-default-executor-2] WARN  server.GrpcLogAppender (LogUtils.java:warn(124)) - s0@group-6905249F38B1->s1-AppendLogResponseHandler: Failed appendEntries
java.io.IOException: java.util.concurrent.RejectedExecutionException: Task java.util.concurrent.CompletableFuture$AsyncSupply@4a034afa rejected from java.util.concurrent.ThreadPoolExecutor@3ad4e2b[Terminated, pool size = 0, active threads = 0, queued tasks = 0, completed tasks = 198]
	at org.apache.ratis.util.IOUtils.asIOException(IOUtils.java:56)
	at org.apache.ratis.grpc.GrpcUtil.tryUnwrapException(GrpcUtil.java:121)
	at org.apache.ratis.grpc.GrpcUtil.unwrapThrowable(GrpcUtil.java:82)
	at org.apache.ratis.grpc.GrpcUtil.warn(GrpcUtil.java:178)
	at org.apache.ratis.grpc.server.GrpcLogAppender$AppendLogResponseHandler.onError(GrpcLogAppender.java:405)
	at org.apache.ratis.thirdparty.io.grpc.stub.ClientCalls$StreamObserverToCallListenerAdapter.onClose(ClientCalls.java:487)
	at org.apache.ratis.thirdparty.io.grpc.internal.ClientCallImpl.closeObserver(ClientCallImpl.java:562)
	at org.apache.ratis.thirdparty.io.grpc.internal.ClientCallImpl.access$300(ClientCallImpl.java:70)
	at org.apache.ratis.thirdparty.io.grpc.internal.ClientCallImpl$ClientStreamListenerImpl$1StreamClosed.runInternal(ClientCallImpl.java:743)
	at org.apache.ratis.thirdparty.io.grpc.internal.ClientCallImpl$ClientStreamListenerImpl$1StreamClosed.runInContext(ClientCallImpl.java:722)
	at org.apache.ratis.thirdparty.io.grpc.internal.ContextRunnable.run(ContextRunnable.java:37)
	at org.apache.ratis.thirdparty.io.grpc.internal.SerializingExecutor.run(SerializingExecutor.java:133)
	at java.base/java.util.concurrent.ThreadPoolExecutor.runWorker(ThreadPoolExecutor.java:1128)
	at java.base/java.util.concurrent.ThreadPoolExecutor$Worker.run(ThreadPoolExecutor.java:628)
	at java.base/java.lang.Thread.run(Thread.java:829)
Caused by: java.util.concurrent.RejectedExecutionException: Task java.util.concurrent.CompletableFuture$AsyncSupply@4a034afa rejected from java.util.concurrent.ThreadPoolExecutor@3ad4e2b[Terminated, pool size = 0, active threads = 0, queued tasks = 0, completed tasks = 198]
	at java.base/jdk.internal.reflect.GeneratedConstructorAccessor7.newInstance(Unknown Source)
	at java.base/jdk.internal.reflect.DelegatingConstructorAccessorImpl.newInstance(DelegatingConstructorAccessorImpl.java:45)
	at java.base/java.lang.reflect.Constructor.newInstance(Constructor.java:490)
	at org.apache.ratis.util.ReflectionUtils.instantiateException(ReflectionUtils.java:259)
	at org.apache.ratis.grpc.GrpcUtil.tryUnwrapException(GrpcUtil.java:120)
	... 13 more
Caused by: org.apache.ratis.thirdparty.io.grpc.StatusRuntimeException: INTERNAL: Task java.util.concurrent.CompletableFuture$AsyncSupply@4a034afa rejected from java.util.concurrent.ThreadPoolExecutor@3ad4e2b[Terminated, pool size = 0, active threads = 0, queued tasks = 0, completed tasks = 198]
	at org.apache.ratis.thirdparty.io.grpc.Status.asRuntimeException(Status.java:535)
	... 10 more
	Suppressed: java.lang.IllegalStateException: Failed to cast to class java.io.IOException, object=java.util.concurrent.RejectedExecutionException: Task java.util.concurrent.CompletableFuture$AsyncSupply@4a034afa rejected from java.util.concurrent.ThreadPoolExecutor@3ad4e2b[Terminated, pool size = 0, active threads = 0, queued tasks = 0, completed tasks = 198]
	at java.base/java.util.concurrent.ThreadPoolExecutor$AbortPolicy.rejectedExecution(ThreadPoolExecutor.java:2055)
	at java.base/java.util.concurrent.ThreadPoolExecutor.reject(ThreadPoolExecutor.java:825)
	at java.base/java.util.concurrent.ThreadPoolExecutor.execute(ThreadPoolExecutor.java:1355)
	at java.base/java.util.concurrent.CompletableFuture.asyncSupplyStage(CompletableFuture.java:1714)
	at java.base/java.util.concurrent.CompletableFuture.supplyAsync(CompletableFuture.java:1931)
	at org.apache.ratis.server.impl.RaftServerImpl.executeSubmitServerRequestAsync(RaftServerImpl.java:812)
	at org.apache.ratis.server.impl.RaftServerProxy.lambda$appendEntriesAsync$27(RaftServerProxy.java:634)
	at java.base/java.util.concurrent.CompletableFuture.uniComposeStage(CompletableFuture.java:1106)
	at java.base/java.util.concurrent.CompletableFuture.thenCompose(CompletableFuture.java:2235)
	at org.apache.ratis.server.impl.RaftServerProxy.appendEntriesAsync(RaftServerProxy.java:634)
	at org.apache.ratis.grpc.server.GrpcServerProtocolService$1.process(GrpcServerProtocolService.java:219)
	at org.apache.ratis.grpc.server.GrpcServerProtocolService$1.process(GrpcServerProtocolService.java:216)
	at org.apache.ratis.grpc.server.GrpcServerProtocolService$ServerRequestStreamObserver.onNext(GrpcServerProtocolService.java:124)
	at org.apache.ratis.thirdparty.io.grpc.stub.ServerCalls$StreamingServerCallHandler$StreamingServerCallListener.onMessage(ServerCalls.java:262)
	at org.apache.ratis.thirdparty.io.grpc.ForwardingServerCallListener.onMessage(ForwardingServerCallListener.java:33)
	at org.apache.ratis.thirdparty.io.grpc.internal.ServerCallImpl$ServerStreamListenerImpl.messagesAvailableInternal(ServerCallImpl.java:332)
	at org.apache.ratis.thirdparty.io.grpc.internal.ServerCallImpl$ServerStreamListenerImpl.messagesAvailable(ServerCallImpl.java:315)
	at org.apache.ratis.thirdparty.io.grpc.internal.ServerImpl$JumpToApplicationThreadServerStreamListener$1MessagesAvailable.runInContext(ServerImpl.java:834)
	at org.apache.ratis.thirdparty.io.grpc.internal.ContextRunnable.run(ContextRunnable.java:37)
	at org.apache.ratis.thirdparty.io.grpc.internal.SerializingExecutor.run(SerializingExecutor.java:133)
	at java.base/java.util.concurrent.ThreadPoolExecutor.runWorker(ThreadPoolExecutor.java:1128)
	at java.base/java.util.concurrent.ThreadPoolExecutor$Worker.run(ThreadPoolExecutor.java:628)
	at java.base/java.lang.Thread.run(Thread.java:829)

		at org.apache.ratis.util.IOUtils.readObject(IOUtils.java:237)
		at org.apache.ratis.util.IOUtils.bytes2Object(IOUtils.java:214)
		at org.apache.ratis.grpc.GrpcUtil.tryUnwrapException(GrpcUtil.java:109)
		at org.apache.ratis.grpc.GrpcUtil.unwrapThrowable(GrpcUtil.java:82)
		at org.apache.ratis.grpc.GrpcUtil.warn(GrpcUtil.java:178)
		at org.apache.ratis.grpc.server.GrpcLogAppender$AppendLogResponseHandler.onError(GrpcLogAppender.java:405)
		... 10 more
	Caused by: java.lang.ClassCastException: Cannot cast java.util.concurrent.RejectedExecutionException to java.io.IOException
		at java.base/java.lang.Class.cast(Class.java:3605)
		at org.apache.ratis.util.IOUtils.readObject(IOUtils.java:234)
		... 15 more
2022-10-13 10:40:56,109 [grpc-default-executor-2] INFO  leader.FollowerInfo (FollowerInfoImpl.java:lambda$new$0(48)) - s0@group-6905249F38B1->s1: nextIndex: updateUnconditionally 263 -> 259
2022-10-13 10:40:56,144 [grpc-default-executor-0] WARN  server.GrpcServerProtocolService (LogUtils.java:warn(124)) - s1: Failed APPEND_ENTRIES request s0->s1#296-t2,previous=(t:2, i:258),leaderCommit=262,initializing? true,entries: size=4, first=(t:2, i:259), CONFIGURATIONENTRY(current:id: "s0"
address: "localhost:46195"
dataStreamAddress: "localhost:39399"
clientAddress: "localhost:42765"
adminAddress: "localhost:44717"
startupRole: FOLLOWER
,id: "s1"
address: "0.0.0.0:46693"
clientAddress: "0.0.0.0:46693"
adminAddress: "0.0.0.0:46693"
startupRole: FOLLOWER
,id: "s2"
address: "0.0.0.0:36699"
clientAddress: "0.0.0.0:36699"
adminAddress: "0.0.0.0:36699"
startupRole: FOLLOWER
, old:id: "s0"
address: "localhost:46195"
dataStreamAddress: "localhost:39399"
clientAddress: "localhost:42765"
adminAddress: "localhost:44717"
startupRole: FOLLOWER
)
java.util.concurrent.CompletionException: java.util.concurrent.RejectedExecutionException: Task java.util.concurrent.CompletableFuture$AsyncSupply@5500c62a rejected from java.util.concurrent.ThreadPoolExecutor@3ad4e2b[Terminated, pool size = 0, active threads = 0, queued tasks = 0, completed tasks = 198]
	at java.base/java.util.concurrent.CompletableFuture.encodeThrowable(CompletableFuture.java:314)
	at java.base/java.util.concurrent.CompletableFuture.uniComposeStage(CompletableFuture.java:1113)
	at java.base/java.util.concurrent.CompletableFuture.thenCompose(CompletableFuture.java:2235)
	at org.apache.ratis.server.impl.RaftServerProxy.appendEntriesAsync(RaftServerProxy.java:634)
	at org.apache.ratis.grpc.server.GrpcServerProtocolService$1.process(GrpcServerProtocolService.java:219)
	at org.apache.ratis.grpc.server.GrpcServerProtocolService$1.process(GrpcServerProtocolService.java:216)
	at org.apache.ratis.grpc.server.GrpcServerProtocolService$ServerRequestStreamObserver.onNext(GrpcServerProtocolService.java:124)
	at org.apache.ratis.thirdparty.io.grpc.stub.ServerCalls$StreamingServerCallHandler$StreamingServerCallListener.onMessage(ServerCalls.java:262)
	at org.apache.ratis.thirdparty.io.grpc.ForwardingServerCallListener.onMessage(ForwardingServerCallListener.java:33)
	at org.apache.ratis.thirdparty.io.grpc.internal.ServerCallImpl$ServerStreamListenerImpl.messagesAvailableInternal(ServerCallImpl.java:332)
	at org.apache.ratis.thirdparty.io.grpc.internal.ServerCallImpl$ServerStreamListenerImpl.messagesAvailable(ServerCallImpl.java:315)
	at org.apache.ratis.thirdparty.io.grpc.internal.ServerImpl$JumpToApplicationThreadServerStreamListener$1MessagesAvailable.runInContext(ServerImpl.java:834)
	at org.apache.ratis.thirdparty.io.grpc.internal.ContextRunnable.run(ContextRunnable.java:37)
	at org.apache.ratis.thirdparty.io.grpc.internal.SerializingExecutor.run(SerializingExecutor.java:133)
	at java.base/java.util.concurrent.ThreadPoolExecutor.runWorker(ThreadPoolExecutor.java:1128)
	at java.base/java.util.concurrent.ThreadPoolExecutor$Worker.run(ThreadPoolExecutor.java:628)
	at java.base/java.lang.Thread.run(Thread.java:829)
Caused by: java.util.concurrent.RejectedExecutionException: Task java.util.concurrent.CompletableFuture$AsyncSupply@5500c62a rejected from java.util.concurrent.ThreadPoolExecutor@3ad4e2b[Terminated, pool size = 0, active threads = 0, queued tasks = 0, completed tasks = 198]
	at java.base/java.util.concurrent.ThreadPoolExecutor$AbortPolicy.rejectedExecution(ThreadPoolExecutor.java:2055)
	at java.base/java.util.concurrent.ThreadPoolExecutor.reject(ThreadPoolExecutor.java:825)
	at java.base/java.util.concurrent.ThreadPoolExecutor.execute(ThreadPoolExecutor.java:1355)
	at java.base/java.util.concurrent.CompletableFuture.asyncSupplyStage(CompletableFuture.java:1714)
	at java.base/java.util.concurrent.CompletableFuture.supplyAsync(CompletableFuture.java:1931)
	at org.apache.ratis.server.impl.RaftServerImpl.executeSubmitServerRequestAsync(RaftServerImpl.java:812)
	at org.apache.ratis.server.impl.RaftServerProxy.lambda$appendEntriesAsync$27(RaftServerProxy.java:634)
	at java.base/java.util.concurrent.CompletableFuture.uniComposeStage(CompletableFuture.java:1106)
	... 15 more
2022-10-13 10:40:56,147 [grpc-default-executor-0] WARN  server.GrpcLogAppender (LogUtils.java:warn(124)) - s0@group-6905249F38B1->s1-AppendLogResponseHandler: Failed appendEntries
java.io.IOException: java.util.concurrent.RejectedExecutionException: Task java.util.concurrent.CompletableFuture$AsyncSupply@5500c62a rejected from java.util.concurrent.ThreadPoolExecutor@3ad4e2b[Terminated, pool size = 0, active threads = 0, queued tasks = 0, completed tasks = 198]
	at org.apache.ratis.util.IOUtils.asIOException(IOUtils.java:56)
	at org.apache.ratis.grpc.GrpcUtil.tryUnwrapException(GrpcUtil.java:121)
	at org.apache.ratis.grpc.GrpcUtil.unwrapThrowable(GrpcUtil.java:82)
	at org.apache.ratis.grpc.GrpcUtil.warn(GrpcUtil.java:178)
	at org.apache.ratis.grpc.server.GrpcLogAppender$AppendLogResponseHandler.onError(GrpcLogAppender.java:405)
	at org.apache.ratis.thirdparty.io.grpc.stub.ClientCalls$StreamObserverToCallListenerAdapter.onClose(ClientCalls.java:487)
	at org.apache.ratis.thirdparty.io.grpc.internal.ClientCallImpl.closeObserver(ClientCallImpl.java:562)
	at org.apache.ratis.thirdparty.io.grpc.internal.ClientCallImpl.access$300(ClientCallImpl.java:70)
	at org.apache.ratis.thirdparty.io.grpc.internal.ClientCallImpl$ClientStreamListenerImpl$1StreamClosed.runInternal(ClientCallImpl.java:743)
	at org.apache.ratis.thirdparty.io.grpc.internal.ClientCallImpl$ClientStreamListenerImpl$1StreamClosed.runInContext(ClientCallImpl.java:722)
	at org.apache.ratis.thirdparty.io.grpc.internal.ContextRunnable.run(ContextRunnable.java:37)
	at org.apache.ratis.thirdparty.io.grpc.internal.SerializingExecutor.run(SerializingExecutor.java:133)
	at java.base/java.util.concurrent.ThreadPoolExecutor.runWorker(ThreadPoolExecutor.java:1128)
	at java.base/java.util.concurrent.ThreadPoolExecutor$Worker.run(ThreadPoolExecutor.java:628)
	at java.base/java.lang.Thread.run(Thread.java:829)
Caused by: java.util.concurrent.RejectedExecutionException: Task java.util.concurrent.CompletableFuture$AsyncSupply@5500c62a rejected from java.util.concurrent.ThreadPoolExecutor@3ad4e2b[Terminated, pool size = 0, active threads = 0, queued tasks = 0, completed tasks = 198]
	at java.base/jdk.internal.reflect.GeneratedConstructorAccessor7.newInstance(Unknown Source)
	at java.base/jdk.internal.reflect.DelegatingConstructorAccessorImpl.newInstance(DelegatingConstructorAccessorImpl.java:45)
	at java.base/java.lang.reflect.Constructor.newInstance(Constructor.java:490)
	at org.apache.ratis.util.ReflectionUtils.instantiateException(ReflectionUtils.java:259)
	at org.apache.ratis.grpc.GrpcUtil.tryUnwrapException(GrpcUtil.java:120)
	... 13 more
Caused by: org.apache.ratis.thirdparty.io.grpc.StatusRuntimeException: INTERNAL: Task java.util.concurrent.CompletableFuture$AsyncSupply@5500c62a rejected from java.util.concurrent.ThreadPoolExecutor@3ad4e2b[Terminated, pool size = 0, active threads = 0, queued tasks = 0, completed tasks = 198]
	at org.apache.ratis.thirdparty.io.grpc.Status.asRuntimeException(Status.java:535)
	... 10 more
	Suppressed: java.lang.IllegalStateException: Failed to cast to class java.io.IOException, object=java.util.concurrent.RejectedExecutionException: Task java.util.concurrent.CompletableFuture$AsyncSupply@5500c62a rejected from java.util.concurrent.ThreadPoolExecutor@3ad4e2b[Terminated, pool size = 0, active threads = 0, queued tasks = 0, completed tasks = 198]
	at java.base/java.util.concurrent.ThreadPoolExecutor$AbortPolicy.rejectedExecution(ThreadPoolExecutor.java:2055)
	at java.base/java.util.concurrent.ThreadPoolExecutor.reject(ThreadPoolExecutor.java:825)
	at java.base/java.util.concurrent.ThreadPoolExecutor.execute(ThreadPoolExecutor.java:1355)
	at java.base/java.util.concurrent.CompletableFuture.asyncSupplyStage(CompletableFuture.java:1714)
	at java.base/java.util.concurrent.CompletableFuture.supplyAsync(CompletableFuture.java:1931)
	at org.apache.ratis.server.impl.RaftServerImpl.executeSubmitServerRequestAsync(RaftServerImpl.java:812)
	at org.apache.ratis.server.impl.RaftServerProxy.lambda$appendEntriesAsync$27(RaftServerProxy.java:634)
	at java.base/java.util.concurrent.CompletableFuture.uniComposeStage(CompletableFuture.java:1106)
	at java.base/java.util.concurrent.CompletableFuture.thenCompose(CompletableFuture.java:2235)
	at org.apache.ratis.server.impl.RaftServerProxy.appendEntriesAsync(RaftServerProxy.java:634)
	at org.apache.ratis.grpc.server.GrpcServerProtocolService$1.process(GrpcServerProtocolService.java:219)
	at org.apache.ratis.grpc.server.GrpcServerProtocolService$1.process(GrpcServerProtocolService.java:216)
	at org.apache.ratis.grpc.server.GrpcServerProtocolService$ServerRequestStreamObserver.onNext(GrpcServerProtocolService.java:124)
	at org.apache.ratis.thirdparty.io.grpc.stub.ServerCalls$StreamingServerCallHandler$StreamingServerCallListener.onMessage(ServerCalls.java:262)
	at org.apache.ratis.thirdparty.io.grpc.ForwardingServerCallListener.onMessage(ForwardingServerCallListener.java:33)
	at org.apache.ratis.thirdparty.io.grpc.internal.ServerCallImpl$ServerStreamListenerImpl.messagesAvailableInternal(ServerCallImpl.java:332)
	at org.apache.ratis.thirdparty.io.grpc.internal.ServerCallImpl$ServerStreamListenerImpl.messagesAvailable(ServerCallImpl.java:315)
	at org.apache.ratis.thirdparty.io.grpc.internal.ServerImpl$JumpToApplicationThreadServerStreamListener$1MessagesAvailable.runInContext(ServerImpl.java:834)
	at org.apache.ratis.thirdparty.io.grpc.internal.ContextRunnable.run(ContextRunnable.java:37)
	at org.apache.ratis.thirdparty.io.grpc.internal.SerializingExecutor.run(SerializingExecutor.java:133)
	at java.base/java.util.concurrent.ThreadPoolExecutor.runWorker(ThreadPoolExecutor.java:1128)
	at java.base/java.util.concurrent.ThreadPoolExecutor$Worker.run(ThreadPoolExecutor.java:628)
	at java.base/java.lang.Thread.run(Thread.java:829)

		at org.apache.ratis.util.IOUtils.readObject(IOUtils.java:237)
		at org.apache.ratis.util.IOUtils.bytes2Object(IOUtils.java:214)
		at org.apache.ratis.grpc.GrpcUtil.tryUnwrapException(GrpcUtil.java:109)
		at org.apache.ratis.grpc.GrpcUtil.unwrapThrowable(GrpcUtil.java:82)
		at org.apache.ratis.grpc.GrpcUtil.warn(GrpcUtil.java:178)
		at org.apache.ratis.grpc.server.GrpcLogAppender$AppendLogResponseHandler.onError(GrpcLogAppender.java:405)
		... 10 more
	Caused by: java.lang.ClassCastException: Cannot cast java.util.concurrent.RejectedExecutionException to java.io.IOException
		at java.base/java.lang.Class.cast(Class.java:3605)
		at org.apache.ratis.util.IOUtils.readObject(IOUtils.java:234)
		... 15 more
2022-10-13 10:40:56,148 [grpc-default-executor-0] INFO  leader.FollowerInfo (FollowerInfoImpl.java:lambda$new$0(48)) - s0@group-6905249F38B1->s1: nextIndex: updateUnconditionally 263 -> 259
2022-10-13 10:40:56,182 [grpc-default-executor-0] WARN  server.GrpcServerProtocolService (LogUtils.java:warn(124)) - s1: Failed APPEND_ENTRIES request s0->s1#298-t2,previous=(t:2, i:258),leaderCommit=262,initializing? true,entries: size=4, first=(t:2, i:259), CONFIGURATIONENTRY(current:id: "s0"
address: "localhost:46195"
dataStreamAddress: "localhost:39399"
clientAddress: "localhost:42765"
adminAddress: "localhost:44717"
startupRole: FOLLOWER
,id: "s1"
address: "0.0.0.0:46693"
clientAddress: "0.0.0.0:46693"
adminAddress: "0.0.0.0:46693"
startupRole: FOLLOWER
,id: "s2"
address: "0.0.0.0:36699"
clientAddress: "0.0.0.0:36699"
adminAddress: "0.0.0.0:36699"
startupRole: FOLLOWER
, old:id: "s0"
address: "localhost:46195"
dataStreamAddress: "localhost:39399"
clientAddress: "localhost:42765"
adminAddress: "localhost:44717"
startupRole: FOLLOWER
)
java.util.concurrent.CompletionException: java.util.concurrent.RejectedExecutionException: Task java.util.concurrent.CompletableFuture$AsyncSupply@208f66d2 rejected from java.util.concurrent.ThreadPoolExecutor@3ad4e2b[Terminated, pool size = 0, active threads = 0, queued tasks = 0, completed tasks = 198]
	at java.base/java.util.concurrent.CompletableFuture.encodeThrowable(CompletableFuture.java:314)
	at java.base/java.util.concurrent.CompletableFuture.uniComposeStage(CompletableFuture.java:1113)
	at java.base/java.util.concurrent.CompletableFuture.thenCompose(CompletableFuture.java:2235)
	at org.apache.ratis.server.impl.RaftServerProxy.appendEntriesAsync(RaftServerProxy.java:634)
	at org.apache.ratis.grpc.server.GrpcServerProtocolService$1.process(GrpcServerProtocolService.java:219)
	at org.apache.ratis.grpc.server.GrpcServerProtocolService$1.process(GrpcServerProtocolService.java:216)
	at org.apache.ratis.grpc.server.GrpcServerProtocolService$ServerRequestStreamObserver.onNext(GrpcServerProtocolService.java:124)
	at org.apache.ratis.thirdparty.io.grpc.stub.ServerCalls$StreamingServerCallHandler$StreamingServerCallListener.onMessage(ServerCalls.java:262)
	at org.apache.ratis.thirdparty.io.grpc.ForwardingServerCallListener.onMessage(ForwardingServerCallListener.java:33)
	at org.apache.ratis.thirdparty.io.grpc.internal.ServerCallImpl$ServerStreamListenerImpl.messagesAvailableInternal(ServerCallImpl.java:332)
	at org.apache.ratis.thirdparty.io.grpc.internal.ServerCallImpl$ServerStreamListenerImpl.messagesAvailable(ServerCallImpl.java:315)
	at org.apache.ratis.thirdparty.io.grpc.internal.ServerImpl$JumpToApplicationThreadServerStreamListener$1MessagesAvailable.runInContext(ServerImpl.java:834)
	at org.apache.ratis.thirdparty.io.grpc.internal.ContextRunnable.run(ContextRunnable.java:37)
	at org.apache.ratis.thirdparty.io.grpc.internal.SerializingExecutor.run(SerializingExecutor.java:133)
	at java.base/java.util.concurrent.ThreadPoolExecutor.runWorker(ThreadPoolExecutor.java:1128)
	at java.base/java.util.concurrent.ThreadPoolExecutor$Worker.run(ThreadPoolExecutor.java:628)
	at java.base/java.lang.Thread.run(Thread.java:829)
Caused by: java.util.concurrent.RejectedExecutionException: Task java.util.concurrent.CompletableFuture$AsyncSupply@208f66d2 rejected from java.util.concurrent.ThreadPoolExecutor@3ad4e2b[Terminated, pool size = 0, active threads = 0, queued tasks = 0, completed tasks = 198]
	at java.base/java.util.concurrent.ThreadPoolExecutor$AbortPolicy.rejectedExecution(ThreadPoolExecutor.java:2055)
	at java.base/java.util.concurrent.ThreadPoolExecutor.reject(ThreadPoolExecutor.java:825)
	at java.base/java.util.concurrent.ThreadPoolExecutor.execute(ThreadPoolExecutor.java:1355)
	at java.base/java.util.concurrent.CompletableFuture.asyncSupplyStage(CompletableFuture.java:1714)
	at java.base/java.util.concurrent.CompletableFuture.supplyAsync(CompletableFuture.java:1931)
	at org.apache.ratis.server.impl.RaftServerImpl.executeSubmitServerRequestAsync(RaftServerImpl.java:812)
	at org.apache.ratis.server.impl.RaftServerProxy.lambda$appendEntriesAsync$27(RaftServerProxy.java:634)
	at java.base/java.util.concurrent.CompletableFuture.uniComposeStage(CompletableFuture.java:1106)
	... 15 more
2022-10-13 10:40:56,184 [grpc-default-executor-3] WARN  server.GrpcLogAppender (LogUtils.java:warn(124)) - s0@group-6905249F38B1->s1-AppendLogResponseHandler: Failed appendEntries
java.io.IOException: java.util.concurrent.RejectedExecutionException: Task java.util.concurrent.CompletableFuture$AsyncSupply@208f66d2 rejected from java.util.concurrent.ThreadPoolExecutor@3ad4e2b[Terminated, pool size = 0, active threads = 0, queued tasks = 0, completed tasks = 198]
	at org.apache.ratis.util.IOUtils.asIOException(IOUtils.java:56)
	at org.apache.ratis.grpc.GrpcUtil.tryUnwrapException(GrpcUtil.java:121)
	at org.apache.ratis.grpc.GrpcUtil.unwrapThrowable(GrpcUtil.java:82)
	at org.apache.ratis.grpc.GrpcUtil.warn(GrpcUtil.java:178)
	at org.apache.ratis.grpc.server.GrpcLogAppender$AppendLogResponseHandler.onError(GrpcLogAppender.java:405)
	at org.apache.ratis.thirdparty.io.grpc.stub.ClientCalls$StreamObserverToCallListenerAdapter.onClose(ClientCalls.java:487)
	at org.apache.ratis.thirdparty.io.grpc.internal.ClientCallImpl.closeObserver(ClientCallImpl.java:562)
	at org.apache.ratis.thirdparty.io.grpc.internal.ClientCallImpl.access$300(ClientCallImpl.java:70)
	at org.apache.ratis.thirdparty.io.grpc.internal.ClientCallImpl$ClientStreamListenerImpl$1StreamClosed.runInternal(ClientCallImpl.java:743)
	at org.apache.ratis.thirdparty.io.grpc.internal.ClientCallImpl$ClientStreamListenerImpl$1StreamClosed.runInContext(ClientCallImpl.java:722)
	at org.apache.ratis.thirdparty.io.grpc.internal.ContextRunnable.run(ContextRunnable.java:37)
	at org.apache.ratis.thirdparty.io.grpc.internal.SerializingExecutor.run(SerializingExecutor.java:133)
	at java.base/java.util.concurrent.ThreadPoolExecutor.runWorker(ThreadPoolExecutor.java:1128)
	at java.base/java.util.concurrent.ThreadPoolExecutor$Worker.run(ThreadPoolExecutor.java:628)
	at java.base/java.lang.Thread.run(Thread.java:829)
Caused by: java.util.concurrent.RejectedExecutionException: Task java.util.concurrent.CompletableFuture$AsyncSupply@208f66d2 rejected from java.util.concurrent.ThreadPoolExecutor@3ad4e2b[Terminated, pool size = 0, active threads = 0, queued tasks = 0, completed tasks = 198]
	at java.base/jdk.internal.reflect.GeneratedConstructorAccessor7.newInstance(Unknown Source)
	at java.base/jdk.internal.reflect.DelegatingConstructorAccessorImpl.newInstance(DelegatingConstructorAccessorImpl.java:45)
	at java.base/java.lang.reflect.Constructor.newInstance(Constructor.java:490)
	at org.apache.ratis.util.ReflectionUtils.instantiateException(ReflectionUtils.java:259)
	at org.apache.ratis.grpc.GrpcUtil.tryUnwrapException(GrpcUtil.java:120)
	... 13 more
Caused by: org.apache.ratis.thirdparty.io.grpc.StatusRuntimeException: INTERNAL: Task java.util.concurrent.CompletableFuture$AsyncSupply@208f66d2 rejected from java.util.concurrent.ThreadPoolExecutor@3ad4e2b[Terminated, pool size = 0, active threads = 0, queued tasks = 0, completed tasks = 198]
	at org.apache.ratis.thirdparty.io.grpc.Status.asRuntimeException(Status.java:535)
	... 10 more
	Suppressed: java.lang.IllegalStateException: Failed to cast to class java.io.IOException, object=java.util.concurrent.RejectedExecutionException: Task java.util.concurrent.CompletableFuture$AsyncSupply@208f66d2 rejected from java.util.concurrent.ThreadPoolExecutor@3ad4e2b[Terminated, pool size = 0, active threads = 0, queued tasks = 0, completed tasks = 198]
	at java.base/java.util.concurrent.ThreadPoolExecutor$AbortPolicy.rejectedExecution(ThreadPoolExecutor.java:2055)
	at java.base/java.util.concurrent.ThreadPoolExecutor.reject(ThreadPoolExecutor.java:825)
	at java.base/java.util.concurrent.ThreadPoolExecutor.execute(ThreadPoolExecutor.java:1355)
	at java.base/java.util.concurrent.CompletableFuture.asyncSupplyStage(CompletableFuture.java:1714)
	at java.base/java.util.concurrent.CompletableFuture.supplyAsync(CompletableFuture.java:1931)
	at org.apache.ratis.server.impl.RaftServerImpl.executeSubmitServerRequestAsync(RaftServerImpl.java:812)
	at org.apache.ratis.server.impl.RaftServerProxy.lambda$appendEntriesAsync$27(RaftServerProxy.java:634)
	at java.base/java.util.concurrent.CompletableFuture.uniComposeStage(CompletableFuture.java:1106)
	at java.base/java.util.concurrent.CompletableFuture.thenCompose(CompletableFuture.java:2235)
	at org.apache.ratis.server.impl.RaftServerProxy.appendEntriesAsync(RaftServerProxy.java:634)
	at org.apache.ratis.grpc.server.GrpcServerProtocolService$1.process(GrpcServerProtocolService.java:219)
	at org.apache.ratis.grpc.server.GrpcServerProtocolService$1.process(GrpcServerProtocolService.java:216)
	at org.apache.ratis.grpc.server.GrpcServerProtocolService$ServerRequestStreamObserver.onNext(GrpcServerProtocolService.java:124)
	at org.apache.ratis.thirdparty.io.grpc.stub.ServerCalls$StreamingServerCallHandler$StreamingServerCallListener.onMessage(ServerCalls.java:262)
	at org.apache.ratis.thirdparty.io.grpc.ForwardingServerCallListener.onMessage(ForwardingServerCallListener.java:33)
	at org.apache.ratis.thirdparty.io.grpc.internal.ServerCallImpl$ServerStreamListenerImpl.messagesAvailableInternal(ServerCallImpl.java:332)
	at org.apache.ratis.thirdparty.io.grpc.internal.ServerCallImpl$ServerStreamListenerImpl.messagesAvailable(ServerCallImpl.java:315)
	at org.apache.ratis.thirdparty.io.grpc.internal.ServerImpl$JumpToApplicationThreadServerStreamListener$1MessagesAvailable.runInContext(ServerImpl.java:834)
	at org.apache.ratis.thirdparty.io.grpc.internal.ContextRunnable.run(ContextRunnable.java:37)
	at org.apache.ratis.thirdparty.io.grpc.internal.SerializingExecutor.run(SerializingExecutor.java:133)
	at java.base/java.util.concurrent.ThreadPoolExecutor.runWorker(ThreadPoolExecutor.java:1128)
	at java.base/java.util.concurrent.ThreadPoolExecutor$Worker.run(ThreadPoolExecutor.java:628)
	at java.base/java.lang.Thread.run(Thread.java:829)

		at org.apache.ratis.util.IOUtils.readObject(IOUtils.java:237)
		at org.apache.ratis.util.IOUtils.bytes2Object(IOUtils.java:214)
		at org.apache.ratis.grpc.GrpcUtil.tryUnwrapException(GrpcUtil.java:109)
		at org.apache.ratis.grpc.GrpcUtil.unwrapThrowable(GrpcUtil.java:82)
		at org.apache.ratis.grpc.GrpcUtil.warn(GrpcUtil.java:178)
		at org.apache.ratis.grpc.server.GrpcLogAppender$AppendLogResponseHandler.onError(GrpcLogAppender.java:405)
		... 10 more
	Caused by: java.lang.ClassCastException: Cannot cast java.util.concurrent.RejectedExecutionException to java.io.IOException
		at java.base/java.lang.Class.cast(Class.java:3605)
		at org.apache.ratis.util.IOUtils.readObject(IOUtils.java:234)
		... 15 more
2022-10-13 10:40:56,184 [grpc-default-executor-3] INFO  leader.FollowerInfo (FollowerInfoImpl.java:lambda$new$0(48)) - s0@group-6905249F38B1->s1: nextIndex: updateUnconditionally 263 -> 259
2022-10-13 10:40:56,219 [grpc-default-executor-1] WARN  server.GrpcServerProtocolService (LogUtils.java:warn(124)) - s1: Failed APPEND_ENTRIES request s0->s1#300-t2,previous=(t:2, i:258),leaderCommit=262,initializing? true,entries: size=4, first=(t:2, i:259), CONFIGURATIONENTRY(current:id: "s0"
address: "localhost:46195"
dataStreamAddress: "localhost:39399"
clientAddress: "localhost:42765"
adminAddress: "localhost:44717"
startupRole: FOLLOWER
,id: "s1"
address: "0.0.0.0:46693"
clientAddress: "0.0.0.0:46693"
adminAddress: "0.0.0.0:46693"
startupRole: FOLLOWER
,id: "s2"
address: "0.0.0.0:36699"
clientAddress: "0.0.0.0:36699"
adminAddress: "0.0.0.0:36699"
startupRole: FOLLOWER
, old:id: "s0"
address: "localhost:46195"
dataStreamAddress: "localhost:39399"
clientAddress: "localhost:42765"
adminAddress: "localhost:44717"
startupRole: FOLLOWER
)
java.util.concurrent.CompletionException: java.util.concurrent.RejectedExecutionException: Task java.util.concurrent.CompletableFuture$AsyncSupply@5f3db0c9 rejected from java.util.concurrent.ThreadPoolExecutor@3ad4e2b[Terminated, pool size = 0, active threads = 0, queued tasks = 0, completed tasks = 198]
	at java.base/java.util.concurrent.CompletableFuture.encodeThrowable(CompletableFuture.java:314)
	at java.base/java.util.concurrent.CompletableFuture.uniComposeStage(CompletableFuture.java:1113)
	at java.base/java.util.concurrent.CompletableFuture.thenCompose(CompletableFuture.java:2235)
	at org.apache.ratis.server.impl.RaftServerProxy.appendEntriesAsync(RaftServerProxy.java:634)
	at org.apache.ratis.grpc.server.GrpcServerProtocolService$1.process(GrpcServerProtocolService.java:219)
	at org.apache.ratis.grpc.server.GrpcServerProtocolService$1.process(GrpcServerProtocolService.java:216)
	at org.apache.ratis.grpc.server.GrpcServerProtocolService$ServerRequestStreamObserver.onNext(GrpcServerProtocolService.java:124)
	at org.apache.ratis.thirdparty.io.grpc.stub.ServerCalls$StreamingServerCallHandler$StreamingServerCallListener.onMessage(ServerCalls.java:262)
	at org.apache.ratis.thirdparty.io.grpc.ForwardingServerCallListener.onMessage(ForwardingServerCallListener.java:33)
	at org.apache.ratis.thirdparty.io.grpc.internal.ServerCallImpl$ServerStreamListenerImpl.messagesAvailableInternal(ServerCallImpl.java:332)
	at org.apache.ratis.thirdparty.io.grpc.internal.ServerCallImpl$ServerStreamListenerImpl.messagesAvailable(ServerCallImpl.java:315)
	at org.apache.ratis.thirdparty.io.grpc.internal.ServerImpl$JumpToApplicationThreadServerStreamListener$1MessagesAvailable.runInContext(ServerImpl.java:834)
	at org.apache.ratis.thirdparty.io.grpc.internal.ContextRunnable.run(ContextRunnable.java:37)
	at org.apache.ratis.thirdparty.io.grpc.internal.SerializingExecutor.run(SerializingExecutor.java:133)
	at java.base/java.util.concurrent.ThreadPoolExecutor.runWorker(ThreadPoolExecutor.java:1128)
	at java.base/java.util.concurrent.ThreadPoolExecutor$Worker.run(ThreadPoolExecutor.java:628)
	at java.base/java.lang.Thread.run(Thread.java:829)
Caused by: java.util.concurrent.RejectedExecutionException: Task java.util.concurrent.CompletableFuture$AsyncSupply@5f3db0c9 rejected from java.util.concurrent.ThreadPoolExecutor@3ad4e2b[Terminated, pool size = 0, active threads = 0, queued tasks = 0, completed tasks = 198]
	at java.base/java.util.concurrent.ThreadPoolExecutor$AbortPolicy.rejectedExecution(ThreadPoolExecutor.java:2055)
	at java.base/java.util.concurrent.ThreadPoolExecutor.reject(ThreadPoolExecutor.java:825)
	at java.base/java.util.concurrent.ThreadPoolExecutor.execute(ThreadPoolExecutor.java:1355)
	at java.base/java.util.concurrent.CompletableFuture.asyncSupplyStage(CompletableFuture.java:1714)
	at java.base/java.util.concurrent.CompletableFuture.supplyAsync(CompletableFuture.java:1931)
	at org.apache.ratis.server.impl.RaftServerImpl.executeSubmitServerRequestAsync(RaftServerImpl.java:812)
	at org.apache.ratis.server.impl.RaftServerProxy.lambda$appendEntriesAsync$27(RaftServerProxy.java:634)
	at java.base/java.util.concurrent.CompletableFuture.uniComposeStage(CompletableFuture.java:1106)
	... 15 more
2022-10-13 10:40:56,222 [grpc-default-executor-0] WARN  server.GrpcLogAppender (LogUtils.java:warn(124)) - s0@group-6905249F38B1->s1-AppendLogResponseHandler: Failed appendEntries
java.io.IOException: java.util.concurrent.RejectedExecutionException: Task java.util.concurrent.CompletableFuture$AsyncSupply@5f3db0c9 rejected from java.util.concurrent.ThreadPoolExecutor@3ad4e2b[Terminated, pool size = 0, active threads = 0, queued tasks = 0, completed tasks = 198]
	at org.apache.ratis.util.IOUtils.asIOException(IOUtils.java:56)
	at org.apache.ratis.grpc.GrpcUtil.tryUnwrapException(GrpcUtil.java:121)
	at org.apache.ratis.grpc.GrpcUtil.unwrapThrowable(GrpcUtil.java:82)
	at org.apache.ratis.grpc.GrpcUtil.warn(GrpcUtil.java:178)
	at org.apache.ratis.grpc.server.GrpcLogAppender$AppendLogResponseHandler.onError(GrpcLogAppender.java:405)
	at org.apache.ratis.thirdparty.io.grpc.stub.ClientCalls$StreamObserverToCallListenerAdapter.onClose(ClientCalls.java:487)
	at org.apache.ratis.thirdparty.io.grpc.internal.ClientCallImpl.closeObserver(ClientCallImpl.java:562)
	at org.apache.ratis.thirdparty.io.grpc.internal.ClientCallImpl.access$300(ClientCallImpl.java:70)
	at org.apache.ratis.thirdparty.io.grpc.internal.ClientCallImpl$ClientStreamListenerImpl$1StreamClosed.runInternal(ClientCallImpl.java:743)
	at org.apache.ratis.thirdparty.io.grpc.internal.ClientCallImpl$ClientStreamListenerImpl$1StreamClosed.runInContext(ClientCallImpl.java:722)
	at org.apache.ratis.thirdparty.io.grpc.internal.ContextRunnable.run(ContextRunnable.java:37)
	at org.apache.ratis.thirdparty.io.grpc.internal.SerializingExecutor.run(SerializingExecutor.java:133)
	at java.base/java.util.concurrent.ThreadPoolExecutor.runWorker(ThreadPoolExecutor.java:1128)
	at java.base/java.util.concurrent.ThreadPoolExecutor$Worker.run(ThreadPoolExecutor.java:628)
	at java.base/java.lang.Thread.run(Thread.java:829)
Caused by: java.util.concurrent.RejectedExecutionException: Task java.util.concurrent.CompletableFuture$AsyncSupply@5f3db0c9 rejected from java.util.concurrent.ThreadPoolExecutor@3ad4e2b[Terminated, pool size = 0, active threads = 0, queued tasks = 0, completed tasks = 198]
	at java.base/jdk.internal.reflect.GeneratedConstructorAccessor7.newInstance(Unknown Source)
	at java.base/jdk.internal.reflect.DelegatingConstructorAccessorImpl.newInstance(DelegatingConstructorAccessorImpl.java:45)
	at java.base/java.lang.reflect.Constructor.newInstance(Constructor.java:490)
	at org.apache.ratis.util.ReflectionUtils.instantiateException(ReflectionUtils.java:259)
	at org.apache.ratis.grpc.GrpcUtil.tryUnwrapException(GrpcUtil.java:120)
	... 13 more
Caused by: org.apache.ratis.thirdparty.io.grpc.StatusRuntimeException: INTERNAL: Task java.util.concurrent.CompletableFuture$AsyncSupply@5f3db0c9 rejected from java.util.concurrent.ThreadPoolExecutor@3ad4e2b[Terminated, pool size = 0, active threads = 0, queued tasks = 0, completed tasks = 198]
	at org.apache.ratis.thirdparty.io.grpc.Status.asRuntimeException(Status.java:535)
	... 10 more
	Suppressed: java.lang.IllegalStateException: Failed to cast to class java.io.IOException, object=java.util.concurrent.RejectedExecutionException: Task java.util.concurrent.CompletableFuture$AsyncSupply@5f3db0c9 rejected from java.util.concurrent.ThreadPoolExecutor@3ad4e2b[Terminated, pool size = 0, active threads = 0, queued tasks = 0, completed tasks = 198]
	at java.base/java.util.concurrent.ThreadPoolExecutor$AbortPolicy.rejectedExecution(ThreadPoolExecutor.java:2055)
	at java.base/java.util.concurrent.ThreadPoolExecutor.reject(ThreadPoolExecutor.java:825)
	at java.base/java.util.concurrent.ThreadPoolExecutor.execute(ThreadPoolExecutor.java:1355)
	at java.base/java.util.concurrent.CompletableFuture.asyncSupplyStage(CompletableFuture.java:1714)
	at java.base/java.util.concurrent.CompletableFuture.supplyAsync(CompletableFuture.java:1931)
	at org.apache.ratis.server.impl.RaftServerImpl.executeSubmitServerRequestAsync(RaftServerImpl.java:812)
	at org.apache.ratis.server.impl.RaftServerProxy.lambda$appendEntriesAsync$27(RaftServerProxy.java:634)
	at java.base/java.util.concurrent.CompletableFuture.uniComposeStage(CompletableFuture.java:1106)
	at java.base/java.util.concurrent.CompletableFuture.thenCompose(CompletableFuture.java:2235)
	at org.apache.ratis.server.impl.RaftServerProxy.appendEntriesAsync(RaftServerProxy.java:634)
	at org.apache.ratis.grpc.server.GrpcServerProtocolService$1.process(GrpcServerProtocolService.java:219)
	at org.apache.ratis.grpc.server.GrpcServerProtocolService$1.process(GrpcServerProtocolService.java:216)
	at org.apache.ratis.grpc.server.GrpcServerProtocolService$ServerRequestStreamObserver.onNext(GrpcServerProtocolService.java:124)
	at org.apache.ratis.thirdparty.io.grpc.stub.ServerCalls$StreamingServerCallHandler$StreamingServerCallListener.onMessage(ServerCalls.java:262)
	at org.apache.ratis.thirdparty.io.grpc.ForwardingServerCallListener.onMessage(ForwardingServerCallListener.java:33)
	at org.apache.ratis.thirdparty.io.grpc.internal.ServerCallImpl$ServerStreamListenerImpl.messagesAvailableInternal(ServerCallImpl.java:332)
	at org.apache.ratis.thirdparty.io.grpc.internal.ServerCallImpl$ServerStreamListenerImpl.messagesAvailable(ServerCallImpl.java:315)
	at org.apache.ratis.thirdparty.io.grpc.internal.ServerImpl$JumpToApplicationThreadServerStreamListener$1MessagesAvailable.runInContext(ServerImpl.java:834)
	at org.apache.ratis.thirdparty.io.grpc.internal.ContextRunnable.run(ContextRunnable.java:37)
	at org.apache.ratis.thirdparty.io.grpc.internal.SerializingExecutor.run(SerializingExecutor.java:133)
	at java.base/java.util.concurrent.ThreadPoolExecutor.runWorker(ThreadPoolExecutor.java:1128)
	at java.base/java.util.concurrent.ThreadPoolExecutor$Worker.run(ThreadPoolExecutor.java:628)
	at java.base/java.lang.Thread.run(Thread.java:829)

		at org.apache.ratis.util.IOUtils.readObject(IOUtils.java:237)
		at org.apache.ratis.util.IOUtils.bytes2Object(IOUtils.java:214)
		at org.apache.ratis.grpc.GrpcUtil.tryUnwrapException(GrpcUtil.java:109)
		at org.apache.ratis.grpc.GrpcUtil.unwrapThrowable(GrpcUtil.java:82)
		at org.apache.ratis.grpc.GrpcUtil.warn(GrpcUtil.java:178)
		at org.apache.ratis.grpc.server.GrpcLogAppender$AppendLogResponseHandler.onError(GrpcLogAppender.java:405)
		... 10 more
	Caused by: java.lang.ClassCastException: Cannot cast java.util.concurrent.RejectedExecutionException to java.io.IOException
		at java.base/java.lang.Class.cast(Class.java:3605)
		at org.apache.ratis.util.IOUtils.readObject(IOUtils.java:234)
		... 15 more
2022-10-13 10:40:56,222 [grpc-default-executor-0] INFO  leader.FollowerInfo (FollowerInfoImpl.java:lambda$new$0(48)) - s0@group-6905249F38B1->s1: nextIndex: updateUnconditionally 263 -> 259
2022-10-13 10:40:56,237 [Time-limited test] INFO  impl.RaftServerTestUtil (RaftServerTestUtil.java:waitAndCheckNewConf(97)) - waitAndCheckNewConf: peers=[s1|rpc:0.0.0.0:46693|priority:0|startupRole:FOLLOWER, s2|rpc:0.0.0.0:36699|priority:0|startupRole:FOLLOWER, s0|rpc:localhost:46195|admin:localhost:44717|client:localhost:42765|dataStream:localhost:39399|priority:0|startupRole:FOLLOWER], deadPeers=null, printing ALL groups
  s0:  RUNNING    LEADER s0@group-6905249F38B1:t2, leader=s0, voted=s0, raftlog=Memoized:s0@group-6905249F38B1-SegmentedRaftLog:OPENED:c262, conf=261: peers:[s0|rpc:localhost:46195|admin:localhost:44717|client:localhost:42765|dataStream:localhost:39399|priority:0|startupRole:FOLLOWER, s1|rpc:0.0.0.0:46693|dataStream:|priority:0|startupRole:FOLLOWER, s2|rpc:0.0.0.0:36699|dataStream:|priority:0|startupRole:FOLLOWER]|listeners:[], old=null RUNNING
  s1:  RUNNING  FOLLOWER s1@group-6905249F38B1:t2, leader=s0, voted=null, raftlog=Memoized:s1@group-6905249F38B1-SegmentedRaftLog:CLOSED:c254, conf=255: peers:[s0|rpc:localhost:46195|admin:localhost:44717|client:localhost:42765|dataStream:localhost:39399|priority:0|startupRole:FOLLOWER]|listeners:[], old=null CLOSED
  s2:  RUNNING  FOLLOWER s2@group-6905249F38B1:t2, leader=s0, voted=null, raftlog=Memoized:s2@group-6905249F38B1-SegmentedRaftLog:OPENED:c262, conf=261: peers:[s0|rpc:localhost:46195|admin:localhost:44717|client:localhost:42765|dataStream:localhost:39399|priority:0|startupRole:FOLLOWER, s1|rpc:0.0.0.0:46693|dataStream:|priority:0|startupRole:FOLLOWER, s2|rpc:0.0.0.0:36699|dataStream:|priority:0|startupRole:FOLLOWER]|listeners:[], old=null RUNNING
2022-10-13 10:40:56,237 [Time-limited test] INFO  impl.RaftServerTestUtil (RaftServerTestUtil.java:waitAndCheckNewConf(106)) - checking    LEADER s0@group-6905249F38B1:t2, leader=s0, voted=s0, raftlog=Memoized:s0@group-6905249F38B1-SegmentedRaftLog:OPENED:c262, conf=261: peers:[s0|rpc:localhost:46195|admin:localhost:44717|client:localhost:42765|dataStream:localhost:39399|priority:0|startupRole:FOLLOWER, s1|rpc:0.0.0.0:46693|dataStream:|priority:0|startupRole:FOLLOWER, s2|rpc:0.0.0.0:36699|dataStream:|priority:0|startupRole:FOLLOWER]|listeners:[], old=null RUNNING
2022-10-13 10:40:56,237 [Time-limited test] INFO  impl.RaftServerTestUtil (RaftServerTestUtil.java:waitAndCheckNewConf(106)) - checking  FOLLOWER s1@group-6905249F38B1:t2, leader=s0, voted=null, raftlog=Memoized:s1@group-6905249F38B1-SegmentedRaftLog:CLOSED:c254, conf=255: peers:[s0|rpc:localhost:46195|admin:localhost:44717|client:localhost:42765|dataStream:localhost:39399|priority:0|startupRole:FOLLOWER]|listeners:[], old=null CLOSED
2022-10-13 10:40:56,237 [Time-limited test] WARN  impl.RaftServerTestUtil (JavaUtils.java:attempt(217)) - FAILED "waitAndCheckNewConf", attempt #4/10: java.lang.AssertionError, sleep 600ms and then retry.
java.lang.AssertionError
	at org.junit.Assert.fail(Assert.java:87)
	at org.junit.Assert.assertTrue(Assert.java:42)
	at org.junit.Assert.assertTrue(Assert.java:53)
	at org.apache.ratis.server.impl.RaftServerTestUtil.waitAndCheckNewConf(RaftServerTestUtil.java:117)
	at org.apache.ratis.server.impl.RaftServerTestUtil.lambda$waitAndCheckNewConf$3(RaftServerTestUtil.java:92)
	at org.apache.ratis.util.function.CheckedRunnable.lambda$asCheckedSupplier$0(CheckedRunnable.java:32)
	at org.apache.ratis.util.JavaUtils.attempt(JavaUtils.java:211)
	at org.apache.ratis.util.JavaUtils.attemptRepeatedly(JavaUtils.java:197)
	at org.apache.ratis.util.JavaUtils.attempt(JavaUtils.java:231)
	at org.apache.ratis.server.impl.RaftServerTestUtil.waitAndCheckNewConf(RaftServerTestUtil.java:92)
	at org.apache.ratis.InstallSnapshotNotificationTests.testAddNewFollowers(InstallSnapshotNotificationTests.java:236)
	at org.apache.ratis.server.impl.MiniRaftCluster$Factory$Get.runWithNewCluster(MiniRaftCluster.java:141)
	at org.apache.ratis.server.impl.MiniRaftCluster$Factory$Get.runWithNewCluster(MiniRaftCluster.java:121)
	at org.apache.ratis.InstallSnapshotNotificationTests.testAddNewFollowers(InstallSnapshotNotificationTests.java:173)
	at java.base/jdk.internal.reflect.NativeMethodAccessorImpl.invoke0(Native Method)
	at java.base/jdk.internal.reflect.NativeMethodAccessorImpl.invoke(NativeMethodAccessorImpl.java:62)
	at java.base/jdk.internal.reflect.DelegatingMethodAccessorImpl.invoke(DelegatingMethodAccessorImpl.java:43)
	at java.base/java.lang.reflect.Method.invoke(Method.java:566)
	at org.junit.runners.model.FrameworkMethod$1.runReflectiveCall(FrameworkMethod.java:59)
	at org.junit.internal.runners.model.ReflectiveCallable.run(ReflectiveCallable.java:12)
	at org.junit.runners.model.FrameworkMethod.invokeExplosively(FrameworkMethod.java:56)
	at org.junit.internal.runners.statements.InvokeMethod.evaluate(InvokeMethod.java:17)
	at org.junit.internal.runners.statements.RunAfters.evaluate(RunAfters.java:27)
	at org.junit.internal.runners.statements.FailOnTimeout$CallableStatement.call(FailOnTimeout.java:299)
	at org.junit.internal.runners.statements.FailOnTimeout$CallableStatement.call(FailOnTimeout.java:293)
	at java.base/java.util.concurrent.FutureTask.run(FutureTask.java:264)
	at java.base/java.lang.Thread.run(Thread.java:829)
2022-10-13 10:40:56,257 [grpc-default-executor-1] WARN  server.GrpcServerProtocolService (LogUtils.java:warn(124)) - s1: Failed APPEND_ENTRIES request s0->s1#302-t2,previous=(t:2, i:258),leaderCommit=262,initializing? true,entries: size=4, first=(t:2, i:259), CONFIGURATIONENTRY(current:id: "s0"
address: "localhost:46195"
dataStreamAddress: "localhost:39399"
clientAddress: "localhost:42765"
adminAddress: "localhost:44717"
startupRole: FOLLOWER
,id: "s1"
address: "0.0.0.0:46693"
clientAddress: "0.0.0.0:46693"
adminAddress: "0.0.0.0:46693"
startupRole: FOLLOWER
,id: "s2"
address: "0.0.0.0:36699"
clientAddress: "0.0.0.0:36699"
adminAddress: "0.0.0.0:36699"
startupRole: FOLLOWER
, old:id: "s0"
address: "localhost:46195"
dataStreamAddress: "localhost:39399"
clientAddress: "localhost:42765"
adminAddress: "localhost:44717"
startupRole: FOLLOWER
)
java.util.concurrent.CompletionException: java.util.concurrent.RejectedExecutionException: Task java.util.concurrent.CompletableFuture$AsyncSupply@1a9d27c4 rejected from java.util.concurrent.ThreadPoolExecutor@3ad4e2b[Terminated, pool size = 0, active threads = 0, queued tasks = 0, completed tasks = 198]
	at java.base/java.util.concurrent.CompletableFuture.encodeThrowable(CompletableFuture.java:314)
	at java.base/java.util.concurrent.CompletableFuture.uniComposeStage(CompletableFuture.java:1113)
	at java.base/java.util.concurrent.CompletableFuture.thenCompose(CompletableFuture.java:2235)
	at org.apache.ratis.server.impl.RaftServerProxy.appendEntriesAsync(RaftServerProxy.java:634)
	at org.apache.ratis.grpc.server.GrpcServerProtocolService$1.process(GrpcServerProtocolService.java:219)
	at org.apache.ratis.grpc.server.GrpcServerProtocolService$1.process(GrpcServerProtocolService.java:216)
	at org.apache.ratis.grpc.server.GrpcServerProtocolService$ServerRequestStreamObserver.onNext(GrpcServerProtocolService.java:124)
	at org.apache.ratis.thirdparty.io.grpc.stub.ServerCalls$StreamingServerCallHandler$StreamingServerCallListener.onMessage(ServerCalls.java:262)
	at org.apache.ratis.thirdparty.io.grpc.ForwardingServerCallListener.onMessage(ForwardingServerCallListener.java:33)
	at org.apache.ratis.thirdparty.io.grpc.internal.ServerCallImpl$ServerStreamListenerImpl.messagesAvailableInternal(ServerCallImpl.java:332)
	at org.apache.ratis.thirdparty.io.grpc.internal.ServerCallImpl$ServerStreamListenerImpl.messagesAvailable(ServerCallImpl.java:315)
	at org.apache.ratis.thirdparty.io.grpc.internal.ServerImpl$JumpToApplicationThreadServerStreamListener$1MessagesAvailable.runInContext(ServerImpl.java:834)
	at org.apache.ratis.thirdparty.io.grpc.internal.ContextRunnable.run(ContextRunnable.java:37)
	at org.apache.ratis.thirdparty.io.grpc.internal.SerializingExecutor.run(SerializingExecutor.java:133)
	at java.base/java.util.concurrent.ThreadPoolExecutor.runWorker(ThreadPoolExecutor.java:1128)
	at java.base/java.util.concurrent.ThreadPoolExecutor$Worker.run(ThreadPoolExecutor.java:628)
	at java.base/java.lang.Thread.run(Thread.java:829)
Caused by: java.util.concurrent.RejectedExecutionException: Task java.util.concurrent.CompletableFuture$AsyncSupply@1a9d27c4 rejected from java.util.concurrent.ThreadPoolExecutor@3ad4e2b[Terminated, pool size = 0, active threads = 0, queued tasks = 0, completed tasks = 198]
	at java.base/java.util.concurrent.ThreadPoolExecutor$AbortPolicy.rejectedExecution(ThreadPoolExecutor.java:2055)
	at java.base/java.util.concurrent.ThreadPoolExecutor.reject(ThreadPoolExecutor.java:825)
	at java.base/java.util.concurrent.ThreadPoolExecutor.execute(ThreadPoolExecutor.java:1355)
	at java.base/java.util.concurrent.CompletableFuture.asyncSupplyStage(CompletableFuture.java:1714)
	at java.base/java.util.concurrent.CompletableFuture.supplyAsync(CompletableFuture.java:1931)
	at org.apache.ratis.server.impl.RaftServerImpl.executeSubmitServerRequestAsync(RaftServerImpl.java:812)
	at org.apache.ratis.server.impl.RaftServerProxy.lambda$appendEntriesAsync$27(RaftServerProxy.java:634)
	at java.base/java.util.concurrent.CompletableFuture.uniComposeStage(CompletableFuture.java:1106)
	... 15 more
2022-10-13 10:40:56,260 [grpc-default-executor-0] WARN  server.GrpcLogAppender (LogUtils.java:warn(124)) - s0@group-6905249F38B1->s1-AppendLogResponseHandler: Failed appendEntries
java.io.IOException: java.util.concurrent.RejectedExecutionException: Task java.util.concurrent.CompletableFuture$AsyncSupply@1a9d27c4 rejected from java.util.concurrent.ThreadPoolExecutor@3ad4e2b[Terminated, pool size = 0, active threads = 0, queued tasks = 0, completed tasks = 198]
	at org.apache.ratis.util.IOUtils.asIOException(IOUtils.java:56)
	at org.apache.ratis.grpc.GrpcUtil.tryUnwrapException(GrpcUtil.java:121)
	at org.apache.ratis.grpc.GrpcUtil.unwrapThrowable(GrpcUtil.java:82)
	at org.apache.ratis.grpc.GrpcUtil.warn(GrpcUtil.java:178)
	at org.apache.ratis.grpc.server.GrpcLogAppender$AppendLogResponseHandler.onError(GrpcLogAppender.java:405)
	at org.apache.ratis.thirdparty.io.grpc.stub.ClientCalls$StreamObserverToCallListenerAdapter.onClose(ClientCalls.java:487)
	at org.apache.ratis.thirdparty.io.grpc.internal.ClientCallImpl.closeObserver(ClientCallImpl.java:562)
	at org.apache.ratis.thirdparty.io.grpc.internal.ClientCallImpl.access$300(ClientCallImpl.java:70)
	at org.apache.ratis.thirdparty.io.grpc.internal.ClientCallImpl$ClientStreamListenerImpl$1StreamClosed.runInternal(ClientCallImpl.java:743)
	at org.apache.ratis.thirdparty.io.grpc.internal.ClientCallImpl$ClientStreamListenerImpl$1StreamClosed.runInContext(ClientCallImpl.java:722)
	at org.apache.ratis.thirdparty.io.grpc.internal.ContextRunnable.run(ContextRunnable.java:37)
	at org.apache.ratis.thirdparty.io.grpc.internal.SerializingExecutor.run(SerializingExecutor.java:133)
	at java.base/java.util.concurrent.ThreadPoolExecutor.runWorker(ThreadPoolExecutor.java:1128)
	at java.base/java.util.concurrent.ThreadPoolExecutor$Worker.run(ThreadPoolExecutor.java:628)
	at java.base/java.lang.Thread.run(Thread.java:829)
Caused by: java.util.concurrent.RejectedExecutionException: Task java.util.concurrent.CompletableFuture$AsyncSupply@1a9d27c4 rejected from java.util.concurrent.ThreadPoolExecutor@3ad4e2b[Terminated, pool size = 0, active threads = 0, queued tasks = 0, completed tasks = 198]
	at java.base/jdk.internal.reflect.GeneratedConstructorAccessor7.newInstance(Unknown Source)
	at java.base/jdk.internal.reflect.DelegatingConstructorAccessorImpl.newInstance(DelegatingConstructorAccessorImpl.java:45)
	at java.base/java.lang.reflect.Constructor.newInstance(Constructor.java:490)
	at org.apache.ratis.util.ReflectionUtils.instantiateException(ReflectionUtils.java:259)
	at org.apache.ratis.grpc.GrpcUtil.tryUnwrapException(GrpcUtil.java:120)
	... 13 more
Caused by: org.apache.ratis.thirdparty.io.grpc.StatusRuntimeException: INTERNAL: Task java.util.concurrent.CompletableFuture$AsyncSupply@1a9d27c4 rejected from java.util.concurrent.ThreadPoolExecutor@3ad4e2b[Terminated, pool size = 0, active threads = 0, queued tasks = 0, completed tasks = 198]
	at org.apache.ratis.thirdparty.io.grpc.Status.asRuntimeException(Status.java:535)
	... 10 more
	Suppressed: java.lang.IllegalStateException: Failed to cast to class java.io.IOException, object=java.util.concurrent.RejectedExecutionException: Task java.util.concurrent.CompletableFuture$AsyncSupply@1a9d27c4 rejected from java.util.concurrent.ThreadPoolExecutor@3ad4e2b[Terminated, pool size = 0, active threads = 0, queued tasks = 0, completed tasks = 198]
	at java.base/java.util.concurrent.ThreadPoolExecutor$AbortPolicy.rejectedExecution(ThreadPoolExecutor.java:2055)
	at java.base/java.util.concurrent.ThreadPoolExecutor.reject(ThreadPoolExecutor.java:825)
	at java.base/java.util.concurrent.ThreadPoolExecutor.execute(ThreadPoolExecutor.java:1355)
	at java.base/java.util.concurrent.CompletableFuture.asyncSupplyStage(CompletableFuture.java:1714)
	at java.base/java.util.concurrent.CompletableFuture.supplyAsync(CompletableFuture.java:1931)
	at org.apache.ratis.server.impl.RaftServerImpl.executeSubmitServerRequestAsync(RaftServerImpl.java:812)
	at org.apache.ratis.server.impl.RaftServerProxy.lambda$appendEntriesAsync$27(RaftServerProxy.java:634)
	at java.base/java.util.concurrent.CompletableFuture.uniComposeStage(CompletableFuture.java:1106)
	at java.base/java.util.concurrent.CompletableFuture.thenCompose(CompletableFuture.java:2235)
	at org.apache.ratis.server.impl.RaftServerProxy.appendEntriesAsync(RaftServerProxy.java:634)
	at org.apache.ratis.grpc.server.GrpcServerProtocolService$1.process(GrpcServerProtocolService.java:219)
	at org.apache.ratis.grpc.server.GrpcServerProtocolService$1.process(GrpcServerProtocolService.java:216)
	at org.apache.ratis.grpc.server.GrpcServerProtocolService$ServerRequestStreamObserver.onNext(GrpcServerProtocolService.java:124)
	at org.apache.ratis.thirdparty.io.grpc.stub.ServerCalls$StreamingServerCallHandler$StreamingServerCallListener.onMessage(ServerCalls.java:262)
	at org.apache.ratis.thirdparty.io.grpc.ForwardingServerCallListener.onMessage(ForwardingServerCallListener.java:33)
	at org.apache.ratis.thirdparty.io.grpc.internal.ServerCallImpl$ServerStreamListenerImpl.messagesAvailableInternal(ServerCallImpl.java:332)
	at org.apache.ratis.thirdparty.io.grpc.internal.ServerCallImpl$ServerStreamListenerImpl.messagesAvailable(ServerCallImpl.java:315)
	at org.apache.ratis.thirdparty.io.grpc.internal.ServerImpl$JumpToApplicationThreadServerStreamListener$1MessagesAvailable.runInContext(ServerImpl.java:834)
	at org.apache.ratis.thirdparty.io.grpc.internal.ContextRunnable.run(ContextRunnable.java:37)
	at org.apache.ratis.thirdparty.io.grpc.internal.SerializingExecutor.run(SerializingExecutor.java:133)
	at java.base/java.util.concurrent.ThreadPoolExecutor.runWorker(ThreadPoolExecutor.java:1128)
	at java.base/java.util.concurrent.ThreadPoolExecutor$Worker.run(ThreadPoolExecutor.java:628)
	at java.base/java.lang.Thread.run(Thread.java:829)

		at org.apache.ratis.util.IOUtils.readObject(IOUtils.java:237)
		at org.apache.ratis.util.IOUtils.bytes2Object(IOUtils.java:214)
		at org.apache.ratis.grpc.GrpcUtil.tryUnwrapException(GrpcUtil.java:109)
		at org.apache.ratis.grpc.GrpcUtil.unwrapThrowable(GrpcUtil.java:82)
		at org.apache.ratis.grpc.GrpcUtil.warn(GrpcUtil.java:178)
		at org.apache.ratis.grpc.server.GrpcLogAppender$AppendLogResponseHandler.onError(GrpcLogAppender.java:405)
		... 10 more
	Caused by: java.lang.ClassCastException: Cannot cast java.util.concurrent.RejectedExecutionException to java.io.IOException
		at java.base/java.lang.Class.cast(Class.java:3605)
		at org.apache.ratis.util.IOUtils.readObject(IOUtils.java:234)
		... 15 more
2022-10-13 10:40:56,260 [grpc-default-executor-0] INFO  leader.FollowerInfo (FollowerInfoImpl.java:lambda$new$0(48)) - s0@group-6905249F38B1->s1: nextIndex: updateUnconditionally 263 -> 259
2022-10-13 10:40:56,295 [grpc-default-executor-1] WARN  server.GrpcServerProtocolService (LogUtils.java:warn(124)) - s1: Failed APPEND_ENTRIES request s0->s1#304-t2,previous=(t:2, i:258),leaderCommit=262,initializing? true,entries: size=4, first=(t:2, i:259), CONFIGURATIONENTRY(current:id: "s0"
address: "localhost:46195"
dataStreamAddress: "localhost:39399"
clientAddress: "localhost:42765"
adminAddress: "localhost:44717"
startupRole: FOLLOWER
,id: "s1"
address: "0.0.0.0:46693"
clientAddress: "0.0.0.0:46693"
adminAddress: "0.0.0.0:46693"
startupRole: FOLLOWER
,id: "s2"
address: "0.0.0.0:36699"
clientAddress: "0.0.0.0:36699"
adminAddress: "0.0.0.0:36699"
startupRole: FOLLOWER
, old:id: "s0"
address: "localhost:46195"
dataStreamAddress: "localhost:39399"
clientAddress: "localhost:42765"
adminAddress: "localhost:44717"
startupRole: FOLLOWER
)
java.util.concurrent.CompletionException: java.util.concurrent.RejectedExecutionException: Task java.util.concurrent.CompletableFuture$AsyncSupply@42e02e82 rejected from java.util.concurrent.ThreadPoolExecutor@3ad4e2b[Terminated, pool size = 0, active threads = 0, queued tasks = 0, completed tasks = 198]
	at java.base/java.util.concurrent.CompletableFuture.encodeThrowable(CompletableFuture.java:314)
	at java.base/java.util.concurrent.CompletableFuture.uniComposeStage(CompletableFuture.java:1113)
	at java.base/java.util.concurrent.CompletableFuture.thenCompose(CompletableFuture.java:2235)
	at org.apache.ratis.server.impl.RaftServerProxy.appendEntriesAsync(RaftServerProxy.java:634)
	at org.apache.ratis.grpc.server.GrpcServerProtocolService$1.process(GrpcServerProtocolService.java:219)
	at org.apache.ratis.grpc.server.GrpcServerProtocolService$1.process(GrpcServerProtocolService.java:216)
	at org.apache.ratis.grpc.server.GrpcServerProtocolService$ServerRequestStreamObserver.onNext(GrpcServerProtocolService.java:124)
	at org.apache.ratis.thirdparty.io.grpc.stub.ServerCalls$StreamingServerCallHandler$StreamingServerCallListener.onMessage(ServerCalls.java:262)
	at org.apache.ratis.thirdparty.io.grpc.ForwardingServerCallListener.onMessage(ForwardingServerCallListener.java:33)
	at org.apache.ratis.thirdparty.io.grpc.internal.ServerCallImpl$ServerStreamListenerImpl.messagesAvailableInternal(ServerCallImpl.java:332)
	at org.apache.ratis.thirdparty.io.grpc.internal.ServerCallImpl$ServerStreamListenerImpl.messagesAvailable(ServerCallImpl.java:315)
	at org.apache.ratis.thirdparty.io.grpc.internal.ServerImpl$JumpToApplicationThreadServerStreamListener$1MessagesAvailable.runInContext(ServerImpl.java:834)
	at org.apache.ratis.thirdparty.io.grpc.internal.ContextRunnable.run(ContextRunnable.java:37)
	at org.apache.ratis.thirdparty.io.grpc.internal.SerializingExecutor.run(SerializingExecutor.java:133)
	at java.base/java.util.concurrent.ThreadPoolExecutor.runWorker(ThreadPoolExecutor.java:1128)
	at java.base/java.util.concurrent.ThreadPoolExecutor$Worker.run(ThreadPoolExecutor.java:628)
	at java.base/java.lang.Thread.run(Thread.java:829)
Caused by: java.util.concurrent.RejectedExecutionException: Task java.util.concurrent.CompletableFuture$AsyncSupply@42e02e82 rejected from java.util.concurrent.ThreadPoolExecutor@3ad4e2b[Terminated, pool size = 0, active threads = 0, queued tasks = 0, completed tasks = 198]
	at java.base/java.util.concurrent.ThreadPoolExecutor$AbortPolicy.rejectedExecution(ThreadPoolExecutor.java:2055)
	at java.base/java.util.concurrent.ThreadPoolExecutor.reject(ThreadPoolExecutor.java:825)
	at java.base/java.util.concurrent.ThreadPoolExecutor.execute(ThreadPoolExecutor.java:1355)
	at java.base/java.util.concurrent.CompletableFuture.asyncSupplyStage(CompletableFuture.java:1714)
	at java.base/java.util.concurrent.CompletableFuture.supplyAsync(CompletableFuture.java:1931)
	at org.apache.ratis.server.impl.RaftServerImpl.executeSubmitServerRequestAsync(RaftServerImpl.java:812)
	at org.apache.ratis.server.impl.RaftServerProxy.lambda$appendEntriesAsync$27(RaftServerProxy.java:634)
	at java.base/java.util.concurrent.CompletableFuture.uniComposeStage(CompletableFuture.java:1106)
	... 15 more
2022-10-13 10:40:56,297 [grpc-default-executor-1] WARN  server.GrpcLogAppender (LogUtils.java:warn(124)) - s0@group-6905249F38B1->s1-AppendLogResponseHandler: Failed appendEntries
java.io.IOException: java.util.concurrent.RejectedExecutionException: Task java.util.concurrent.CompletableFuture$AsyncSupply@42e02e82 rejected from java.util.concurrent.ThreadPoolExecutor@3ad4e2b[Terminated, pool size = 0, active threads = 0, queued tasks = 0, completed tasks = 198]
	at org.apache.ratis.util.IOUtils.asIOException(IOUtils.java:56)
	at org.apache.ratis.grpc.GrpcUtil.tryUnwrapException(GrpcUtil.java:121)
	at org.apache.ratis.grpc.GrpcUtil.unwrapThrowable(GrpcUtil.java:82)
	at org.apache.ratis.grpc.GrpcUtil.warn(GrpcUtil.java:178)
	at org.apache.ratis.grpc.server.GrpcLogAppender$AppendLogResponseHandler.onError(GrpcLogAppender.java:405)
	at org.apache.ratis.thirdparty.io.grpc.stub.ClientCalls$StreamObserverToCallListenerAdapter.onClose(ClientCalls.java:487)
	at org.apache.ratis.thirdparty.io.grpc.internal.ClientCallImpl.closeObserver(ClientCallImpl.java:562)
	at org.apache.ratis.thirdparty.io.grpc.internal.ClientCallImpl.access$300(ClientCallImpl.java:70)
	at org.apache.ratis.thirdparty.io.grpc.internal.ClientCallImpl$ClientStreamListenerImpl$1StreamClosed.runInternal(ClientCallImpl.java:743)
	at org.apache.ratis.thirdparty.io.grpc.internal.ClientCallImpl$ClientStreamListenerImpl$1StreamClosed.runInContext(ClientCallImpl.java:722)
	at org.apache.ratis.thirdparty.io.grpc.internal.ContextRunnable.run(ContextRunnable.java:37)
	at org.apache.ratis.thirdparty.io.grpc.internal.SerializingExecutor.run(SerializingExecutor.java:133)
	at java.base/java.util.concurrent.ThreadPoolExecutor.runWorker(ThreadPoolExecutor.java:1128)
	at java.base/java.util.concurrent.ThreadPoolExecutor$Worker.run(ThreadPoolExecutor.java:628)
	at java.base/java.lang.Thread.run(Thread.java:829)
Caused by: java.util.concurrent.RejectedExecutionException: Task java.util.concurrent.CompletableFuture$AsyncSupply@42e02e82 rejected from java.util.concurrent.ThreadPoolExecutor@3ad4e2b[Terminated, pool size = 0, active threads = 0, queued tasks = 0, completed tasks = 198]
	at java.base/jdk.internal.reflect.GeneratedConstructorAccessor7.newInstance(Unknown Source)
	at java.base/jdk.internal.reflect.DelegatingConstructorAccessorImpl.newInstance(DelegatingConstructorAccessorImpl.java:45)
	at java.base/java.lang.reflect.Constructor.newInstance(Constructor.java:490)
	at org.apache.ratis.util.ReflectionUtils.instantiateException(ReflectionUtils.java:259)
	at org.apache.ratis.grpc.GrpcUtil.tryUnwrapException(GrpcUtil.java:120)
	... 13 more
Caused by: org.apache.ratis.thirdparty.io.grpc.StatusRuntimeException: INTERNAL: Task java.util.concurrent.CompletableFuture$AsyncSupply@42e02e82 rejected from java.util.concurrent.ThreadPoolExecutor@3ad4e2b[Terminated, pool size = 0, active threads = 0, queued tasks = 0, completed tasks = 198]
	at org.apache.ratis.thirdparty.io.grpc.Status.asRuntimeException(Status.java:535)
	... 10 more
	Suppressed: java.lang.IllegalStateException: Failed to cast to class java.io.IOException, object=java.util.concurrent.RejectedExecutionException: Task java.util.concurrent.CompletableFuture$AsyncSupply@42e02e82 rejected from java.util.concurrent.ThreadPoolExecutor@3ad4e2b[Terminated, pool size = 0, active threads = 0, queued tasks = 0, completed tasks = 198]
	at java.base/java.util.concurrent.ThreadPoolExecutor$AbortPolicy.rejectedExecution(ThreadPoolExecutor.java:2055)
	at java.base/java.util.concurrent.ThreadPoolExecutor.reject(ThreadPoolExecutor.java:825)
	at java.base/java.util.concurrent.ThreadPoolExecutor.execute(ThreadPoolExecutor.java:1355)
	at java.base/java.util.concurrent.CompletableFuture.asyncSupplyStage(CompletableFuture.java:1714)
	at java.base/java.util.concurrent.CompletableFuture.supplyAsync(CompletableFuture.java:1931)
	at org.apache.ratis.server.impl.RaftServerImpl.executeSubmitServerRequestAsync(RaftServerImpl.java:812)
	at org.apache.ratis.server.impl.RaftServerProxy.lambda$appendEntriesAsync$27(RaftServerProxy.java:634)
	at java.base/java.util.concurrent.CompletableFuture.uniComposeStage(CompletableFuture.java:1106)
	at java.base/java.util.concurrent.CompletableFuture.thenCompose(CompletableFuture.java:2235)
	at org.apache.ratis.server.impl.RaftServerProxy.appendEntriesAsync(RaftServerProxy.java:634)
	at org.apache.ratis.grpc.server.GrpcServerProtocolService$1.process(GrpcServerProtocolService.java:219)
	at org.apache.ratis.grpc.server.GrpcServerProtocolService$1.process(GrpcServerProtocolService.java:216)
	at org.apache.ratis.grpc.server.GrpcServerProtocolService$ServerRequestStreamObserver.onNext(GrpcServerProtocolService.java:124)
	at org.apache.ratis.thirdparty.io.grpc.stub.ServerCalls$StreamingServerCallHandler$StreamingServerCallListener.onMessage(ServerCalls.java:262)
	at org.apache.ratis.thirdparty.io.grpc.ForwardingServerCallListener.onMessage(ForwardingServerCallListener.java:33)
	at org.apache.ratis.thirdparty.io.grpc.internal.ServerCallImpl$ServerStreamListenerImpl.messagesAvailableInternal(ServerCallImpl.java:332)
	at org.apache.ratis.thirdparty.io.grpc.internal.ServerCallImpl$ServerStreamListenerImpl.messagesAvailable(ServerCallImpl.java:315)
	at org.apache.ratis.thirdparty.io.grpc.internal.ServerImpl$JumpToApplicationThreadServerStreamListener$1MessagesAvailable.runInContext(ServerImpl.java:834)
	at org.apache.ratis.thirdparty.io.grpc.internal.ContextRunnable.run(ContextRunnable.java:37)
	at org.apache.ratis.thirdparty.io.grpc.internal.SerializingExecutor.run(SerializingExecutor.java:133)
	at java.base/java.util.concurrent.ThreadPoolExecutor.runWorker(ThreadPoolExecutor.java:1128)
	at java.base/java.util.concurrent.ThreadPoolExecutor$Worker.run(ThreadPoolExecutor.java:628)
	at java.base/java.lang.Thread.run(Thread.java:829)

		at org.apache.ratis.util.IOUtils.readObject(IOUtils.java:237)
		at org.apache.ratis.util.IOUtils.bytes2Object(IOUtils.java:214)
		at org.apache.ratis.grpc.GrpcUtil.tryUnwrapException(GrpcUtil.java:109)
		at org.apache.ratis.grpc.GrpcUtil.unwrapThrowable(GrpcUtil.java:82)
		at org.apache.ratis.grpc.GrpcUtil.warn(GrpcUtil.java:178)
		at org.apache.ratis.grpc.server.GrpcLogAppender$AppendLogResponseHandler.onError(GrpcLogAppender.java:405)
		... 10 more
	Caused by: java.lang.ClassCastException: Cannot cast java.util.concurrent.RejectedExecutionException to java.io.IOException
		at java.base/java.lang.Class.cast(Class.java:3605)
		at org.apache.ratis.util.IOUtils.readObject(IOUtils.java:234)
		... 15 more
2022-10-13 10:40:56,298 [grpc-default-executor-1] INFO  leader.FollowerInfo (FollowerInfoImpl.java:lambda$new$0(48)) - s0@group-6905249F38B1->s1: nextIndex: updateUnconditionally 263 -> 259
2022-10-13 10:40:56,333 [grpc-default-executor-2] WARN  server.GrpcServerProtocolService (LogUtils.java:warn(124)) - s1: Failed APPEND_ENTRIES request s0->s1#306-t2,previous=(t:2, i:258),leaderCommit=262,initializing? true,entries: size=4, first=(t:2, i:259), CONFIGURATIONENTRY(current:id: "s0"
address: "localhost:46195"
dataStreamAddress: "localhost:39399"
clientAddress: "localhost:42765"
adminAddress: "localhost:44717"
startupRole: FOLLOWER
,id: "s1"
address: "0.0.0.0:46693"
clientAddress: "0.0.0.0:46693"
adminAddress: "0.0.0.0:46693"
startupRole: FOLLOWER
,id: "s2"
address: "0.0.0.0:36699"
clientAddress: "0.0.0.0:36699"
adminAddress: "0.0.0.0:36699"
startupRole: FOLLOWER
, old:id: "s0"
address: "localhost:46195"
dataStreamAddress: "localhost:39399"
clientAddress: "localhost:42765"
adminAddress: "localhost:44717"
startupRole: FOLLOWER
)
java.util.concurrent.CompletionException: java.util.concurrent.RejectedExecutionException: Task java.util.concurrent.CompletableFuture$AsyncSupply@411a5661 rejected from java.util.concurrent.ThreadPoolExecutor@3ad4e2b[Terminated, pool size = 0, active threads = 0, queued tasks = 0, completed tasks = 198]
	at java.base/java.util.concurrent.CompletableFuture.encodeThrowable(CompletableFuture.java:314)
	at java.base/java.util.concurrent.CompletableFuture.uniComposeStage(CompletableFuture.java:1113)
	at java.base/java.util.concurrent.CompletableFuture.thenCompose(CompletableFuture.java:2235)
	at org.apache.ratis.server.impl.RaftServerProxy.appendEntriesAsync(RaftServerProxy.java:634)
	at org.apache.ratis.grpc.server.GrpcServerProtocolService$1.process(GrpcServerProtocolService.java:219)
	at org.apache.ratis.grpc.server.GrpcServerProtocolService$1.process(GrpcServerProtocolService.java:216)
	at org.apache.ratis.grpc.server.GrpcServerProtocolService$ServerRequestStreamObserver.onNext(GrpcServerProtocolService.java:124)
	at org.apache.ratis.thirdparty.io.grpc.stub.ServerCalls$StreamingServerCallHandler$StreamingServerCallListener.onMessage(ServerCalls.java:262)
	at org.apache.ratis.thirdparty.io.grpc.ForwardingServerCallListener.onMessage(ForwardingServerCallListener.java:33)
	at org.apache.ratis.thirdparty.io.grpc.internal.ServerCallImpl$ServerStreamListenerImpl.messagesAvailableInternal(ServerCallImpl.java:332)
	at org.apache.ratis.thirdparty.io.grpc.internal.ServerCallImpl$ServerStreamListenerImpl.messagesAvailable(ServerCallImpl.java:315)
	at org.apache.ratis.thirdparty.io.grpc.internal.ServerImpl$JumpToApplicationThreadServerStreamListener$1MessagesAvailable.runInContext(ServerImpl.java:834)
	at org.apache.ratis.thirdparty.io.grpc.internal.ContextRunnable.run(ContextRunnable.java:37)
	at org.apache.ratis.thirdparty.io.grpc.internal.SerializingExecutor.run(SerializingExecutor.java:133)
	at java.base/java.util.concurrent.ThreadPoolExecutor.runWorker(ThreadPoolExecutor.java:1128)
	at java.base/java.util.concurrent.ThreadPoolExecutor$Worker.run(ThreadPoolExecutor.java:628)
	at java.base/java.lang.Thread.run(Thread.java:829)
Caused by: java.util.concurrent.RejectedExecutionException: Task java.util.concurrent.CompletableFuture$AsyncSupply@411a5661 rejected from java.util.concurrent.ThreadPoolExecutor@3ad4e2b[Terminated, pool size = 0, active threads = 0, queued tasks = 0, completed tasks = 198]
	at java.base/java.util.concurrent.ThreadPoolExecutor$AbortPolicy.rejectedExecution(ThreadPoolExecutor.java:2055)
	at java.base/java.util.concurrent.ThreadPoolExecutor.reject(ThreadPoolExecutor.java:825)
	at java.base/java.util.concurrent.ThreadPoolExecutor.execute(ThreadPoolExecutor.java:1355)
	at java.base/java.util.concurrent.CompletableFuture.asyncSupplyStage(CompletableFuture.java:1714)
	at java.base/java.util.concurrent.CompletableFuture.supplyAsync(CompletableFuture.java:1931)
	at org.apache.ratis.server.impl.RaftServerImpl.executeSubmitServerRequestAsync(RaftServerImpl.java:812)
	at org.apache.ratis.server.impl.RaftServerProxy.lambda$appendEntriesAsync$27(RaftServerProxy.java:634)
	at java.base/java.util.concurrent.CompletableFuture.uniComposeStage(CompletableFuture.java:1106)
	... 15 more
2022-10-13 10:40:56,335 [grpc-default-executor-3] WARN  server.GrpcLogAppender (LogUtils.java:warn(124)) - s0@group-6905249F38B1->s1-AppendLogResponseHandler: Failed appendEntries
java.io.IOException: java.util.concurrent.RejectedExecutionException: Task java.util.concurrent.CompletableFuture$AsyncSupply@411a5661 rejected from java.util.concurrent.ThreadPoolExecutor@3ad4e2b[Terminated, pool size = 0, active threads = 0, queued tasks = 0, completed tasks = 198]
	at org.apache.ratis.util.IOUtils.asIOException(IOUtils.java:56)
	at org.apache.ratis.grpc.GrpcUtil.tryUnwrapException(GrpcUtil.java:121)
	at org.apache.ratis.grpc.GrpcUtil.unwrapThrowable(GrpcUtil.java:82)
	at org.apache.ratis.grpc.GrpcUtil.warn(GrpcUtil.java:178)
	at org.apache.ratis.grpc.server.GrpcLogAppender$AppendLogResponseHandler.onError(GrpcLogAppender.java:405)
	at org.apache.ratis.thirdparty.io.grpc.stub.ClientCalls$StreamObserverToCallListenerAdapter.onClose(ClientCalls.java:487)
	at org.apache.ratis.thirdparty.io.grpc.internal.ClientCallImpl.closeObserver(ClientCallImpl.java:562)
	at org.apache.ratis.thirdparty.io.grpc.internal.ClientCallImpl.access$300(ClientCallImpl.java:70)
	at org.apache.ratis.thirdparty.io.grpc.internal.ClientCallImpl$ClientStreamListenerImpl$1StreamClosed.runInternal(ClientCallImpl.java:743)
	at org.apache.ratis.thirdparty.io.grpc.internal.ClientCallImpl$ClientStreamListenerImpl$1StreamClosed.runInContext(ClientCallImpl.java:722)
	at org.apache.ratis.thirdparty.io.grpc.internal.ContextRunnable.run(ContextRunnable.java:37)
	at org.apache.ratis.thirdparty.io.grpc.internal.SerializingExecutor.run(SerializingExecutor.java:133)
	at java.base/java.util.concurrent.ThreadPoolExecutor.runWorker(ThreadPoolExecutor.java:1128)
	at java.base/java.util.concurrent.ThreadPoolExecutor$Worker.run(ThreadPoolExecutor.java:628)
	at java.base/java.lang.Thread.run(Thread.java:829)
Caused by: java.util.concurrent.RejectedExecutionException: Task java.util.concurrent.CompletableFuture$AsyncSupply@411a5661 rejected from java.util.concurrent.ThreadPoolExecutor@3ad4e2b[Terminated, pool size = 0, active threads = 0, queued tasks = 0, completed tasks = 198]
	at java.base/jdk.internal.reflect.GeneratedConstructorAccessor7.newInstance(Unknown Source)
	at java.base/jdk.internal.reflect.DelegatingConstructorAccessorImpl.newInstance(DelegatingConstructorAccessorImpl.java:45)
	at java.base/java.lang.reflect.Constructor.newInstance(Constructor.java:490)
	at org.apache.ratis.util.ReflectionUtils.instantiateException(ReflectionUtils.java:259)
	at org.apache.ratis.grpc.GrpcUtil.tryUnwrapException(GrpcUtil.java:120)
	... 13 more
Caused by: org.apache.ratis.thirdparty.io.grpc.StatusRuntimeException: INTERNAL: Task java.util.concurrent.CompletableFuture$AsyncSupply@411a5661 rejected from java.util.concurrent.ThreadPoolExecutor@3ad4e2b[Terminated, pool size = 0, active threads = 0, queued tasks = 0, completed tasks = 198]
	at org.apache.ratis.thirdparty.io.grpc.Status.asRuntimeException(Status.java:535)
	... 10 more
	Suppressed: java.lang.IllegalStateException: Failed to cast to class java.io.IOException, object=java.util.concurrent.RejectedExecutionException: Task java.util.concurrent.CompletableFuture$AsyncSupply@411a5661 rejected from java.util.concurrent.ThreadPoolExecutor@3ad4e2b[Terminated, pool size = 0, active threads = 0, queued tasks = 0, completed tasks = 198]
	at java.base/java.util.concurrent.ThreadPoolExecutor$AbortPolicy.rejectedExecution(ThreadPoolExecutor.java:2055)
	at java.base/java.util.concurrent.ThreadPoolExecutor.reject(ThreadPoolExecutor.java:825)
	at java.base/java.util.concurrent.ThreadPoolExecutor.execute(ThreadPoolExecutor.java:1355)
	at java.base/java.util.concurrent.CompletableFuture.asyncSupplyStage(CompletableFuture.java:1714)
	at java.base/java.util.concurrent.CompletableFuture.supplyAsync(CompletableFuture.java:1931)
	at org.apache.ratis.server.impl.RaftServerImpl.executeSubmitServerRequestAsync(RaftServerImpl.java:812)
	at org.apache.ratis.server.impl.RaftServerProxy.lambda$appendEntriesAsync$27(RaftServerProxy.java:634)
	at java.base/java.util.concurrent.CompletableFuture.uniComposeStage(CompletableFuture.java:1106)
	at java.base/java.util.concurrent.CompletableFuture.thenCompose(CompletableFuture.java:2235)
	at org.apache.ratis.server.impl.RaftServerProxy.appendEntriesAsync(RaftServerProxy.java:634)
	at org.apache.ratis.grpc.server.GrpcServerProtocolService$1.process(GrpcServerProtocolService.java:219)
	at org.apache.ratis.grpc.server.GrpcServerProtocolService$1.process(GrpcServerProtocolService.java:216)
	at org.apache.ratis.grpc.server.GrpcServerProtocolService$ServerRequestStreamObserver.onNext(GrpcServerProtocolService.java:124)
	at org.apache.ratis.thirdparty.io.grpc.stub.ServerCalls$StreamingServerCallHandler$StreamingServerCallListener.onMessage(ServerCalls.java:262)
	at org.apache.ratis.thirdparty.io.grpc.ForwardingServerCallListener.onMessage(ForwardingServerCallListener.java:33)
	at org.apache.ratis.thirdparty.io.grpc.internal.ServerCallImpl$ServerStreamListenerImpl.messagesAvailableInternal(ServerCallImpl.java:332)
	at org.apache.ratis.thirdparty.io.grpc.internal.ServerCallImpl$ServerStreamListenerImpl.messagesAvailable(ServerCallImpl.java:315)
	at org.apache.ratis.thirdparty.io.grpc.internal.ServerImpl$JumpToApplicationThreadServerStreamListener$1MessagesAvailable.runInContext(ServerImpl.java:834)
	at org.apache.ratis.thirdparty.io.grpc.internal.ContextRunnable.run(ContextRunnable.java:37)
	at org.apache.ratis.thirdparty.io.grpc.internal.SerializingExecutor.run(SerializingExecutor.java:133)
	at java.base/java.util.concurrent.ThreadPoolExecutor.runWorker(ThreadPoolExecutor.java:1128)
	at java.base/java.util.concurrent.ThreadPoolExecutor$Worker.run(ThreadPoolExecutor.java:628)
	at java.base/java.lang.Thread.run(Thread.java:829)

		at org.apache.ratis.util.IOUtils.readObject(IOUtils.java:237)
		at org.apache.ratis.util.IOUtils.bytes2Object(IOUtils.java:214)
		at org.apache.ratis.grpc.GrpcUtil.tryUnwrapException(GrpcUtil.java:109)
		at org.apache.ratis.grpc.GrpcUtil.unwrapThrowable(GrpcUtil.java:82)
		at org.apache.ratis.grpc.GrpcUtil.warn(GrpcUtil.java:178)
		at org.apache.ratis.grpc.server.GrpcLogAppender$AppendLogResponseHandler.onError(GrpcLogAppender.java:405)
		... 10 more
	Caused by: java.lang.ClassCastException: Cannot cast java.util.concurrent.RejectedExecutionException to java.io.IOException
		at java.base/java.lang.Class.cast(Class.java:3605)
		at org.apache.ratis.util.IOUtils.readObject(IOUtils.java:234)
		... 15 more
2022-10-13 10:40:56,335 [grpc-default-executor-3] INFO  leader.FollowerInfo (FollowerInfoImpl.java:lambda$new$0(48)) - s0@group-6905249F38B1->s1: nextIndex: updateUnconditionally 263 -> 259
2022-10-13 10:40:56,370 [grpc-default-executor-1] WARN  server.GrpcServerProtocolService (LogUtils.java:warn(124)) - s1: Failed APPEND_ENTRIES request s0->s1#308-t2,previous=(t:2, i:258),leaderCommit=262,initializing? true,entries: size=4, first=(t:2, i:259), CONFIGURATIONENTRY(current:id: "s0"
address: "localhost:46195"
dataStreamAddress: "localhost:39399"
clientAddress: "localhost:42765"
adminAddress: "localhost:44717"
startupRole: FOLLOWER
,id: "s1"
address: "0.0.0.0:46693"
clientAddress: "0.0.0.0:46693"
adminAddress: "0.0.0.0:46693"
startupRole: FOLLOWER
,id: "s2"
address: "0.0.0.0:36699"
clientAddress: "0.0.0.0:36699"
adminAddress: "0.0.0.0:36699"
startupRole: FOLLOWER
, old:id: "s0"
address: "localhost:46195"
dataStreamAddress: "localhost:39399"
clientAddress: "localhost:42765"
adminAddress: "localhost:44717"
startupRole: FOLLOWER
)
java.util.concurrent.CompletionException: java.util.concurrent.RejectedExecutionException: Task java.util.concurrent.CompletableFuture$AsyncSupply@2db5cab5 rejected from java.util.concurrent.ThreadPoolExecutor@3ad4e2b[Terminated, pool size = 0, active threads = 0, queued tasks = 0, completed tasks = 198]
	at java.base/java.util.concurrent.CompletableFuture.encodeThrowable(CompletableFuture.java:314)
	at java.base/java.util.concurrent.CompletableFuture.uniComposeStage(CompletableFuture.java:1113)
	at java.base/java.util.concurrent.CompletableFuture.thenCompose(CompletableFuture.java:2235)
	at org.apache.ratis.server.impl.RaftServerProxy.appendEntriesAsync(RaftServerProxy.java:634)
	at org.apache.ratis.grpc.server.GrpcServerProtocolService$1.process(GrpcServerProtocolService.java:219)
	at org.apache.ratis.grpc.server.GrpcServerProtocolService$1.process(GrpcServerProtocolService.java:216)
	at org.apache.ratis.grpc.server.GrpcServerProtocolService$ServerRequestStreamObserver.onNext(GrpcServerProtocolService.java:124)
	at org.apache.ratis.thirdparty.io.grpc.stub.ServerCalls$StreamingServerCallHandler$StreamingServerCallListener.onMessage(ServerCalls.java:262)
	at org.apache.ratis.thirdparty.io.grpc.ForwardingServerCallListener.onMessage(ForwardingServerCallListener.java:33)
	at org.apache.ratis.thirdparty.io.grpc.internal.ServerCallImpl$ServerStreamListenerImpl.messagesAvailableInternal(ServerCallImpl.java:332)
	at org.apache.ratis.thirdparty.io.grpc.internal.ServerCallImpl$ServerStreamListenerImpl.messagesAvailable(ServerCallImpl.java:315)
	at org.apache.ratis.thirdparty.io.grpc.internal.ServerImpl$JumpToApplicationThreadServerStreamListener$1MessagesAvailable.runInContext(ServerImpl.java:834)
	at org.apache.ratis.thirdparty.io.grpc.internal.ContextRunnable.run(ContextRunnable.java:37)
	at org.apache.ratis.thirdparty.io.grpc.internal.SerializingExecutor.run(SerializingExecutor.java:133)
	at java.base/java.util.concurrent.ThreadPoolExecutor.runWorker(ThreadPoolExecutor.java:1128)
	at java.base/java.util.concurrent.ThreadPoolExecutor$Worker.run(ThreadPoolExecutor.java:628)
	at java.base/java.lang.Thread.run(Thread.java:829)
Caused by: java.util.concurrent.RejectedExecutionException: Task java.util.concurrent.CompletableFuture$AsyncSupply@2db5cab5 rejected from java.util.concurrent.ThreadPoolExecutor@3ad4e2b[Terminated, pool size = 0, active threads = 0, queued tasks = 0, completed tasks = 198]
	at java.base/java.util.concurrent.ThreadPoolExecutor$AbortPolicy.rejectedExecution(ThreadPoolExecutor.java:2055)
	at java.base/java.util.concurrent.ThreadPoolExecutor.reject(ThreadPoolExecutor.java:825)
	at java.base/java.util.concurrent.ThreadPoolExecutor.execute(ThreadPoolExecutor.java:1355)
	at java.base/java.util.concurrent.CompletableFuture.asyncSupplyStage(CompletableFuture.java:1714)
	at java.base/java.util.concurrent.CompletableFuture.supplyAsync(CompletableFuture.java:1931)
	at org.apache.ratis.server.impl.RaftServerImpl.executeSubmitServerRequestAsync(RaftServerImpl.java:812)
	at org.apache.ratis.server.impl.RaftServerProxy.lambda$appendEntriesAsync$27(RaftServerProxy.java:634)
	at java.base/java.util.concurrent.CompletableFuture.uniComposeStage(CompletableFuture.java:1106)
	... 15 more
2022-10-13 10:40:56,372 [grpc-default-executor-1] WARN  server.GrpcLogAppender (LogUtils.java:warn(124)) - s0@group-6905249F38B1->s1-AppendLogResponseHandler: Failed appendEntries
java.io.IOException: java.util.concurrent.RejectedExecutionException: Task java.util.concurrent.CompletableFuture$AsyncSupply@2db5cab5 rejected from java.util.concurrent.ThreadPoolExecutor@3ad4e2b[Terminated, pool size = 0, active threads = 0, queued tasks = 0, completed tasks = 198]
	at org.apache.ratis.util.IOUtils.asIOException(IOUtils.java:56)
	at org.apache.ratis.grpc.GrpcUtil.tryUnwrapException(GrpcUtil.java:121)
	at org.apache.ratis.grpc.GrpcUtil.unwrapThrowable(GrpcUtil.java:82)
	at org.apache.ratis.grpc.GrpcUtil.warn(GrpcUtil.java:178)
	at org.apache.ratis.grpc.server.GrpcLogAppender$AppendLogResponseHandler.onError(GrpcLogAppender.java:405)
	at org.apache.ratis.thirdparty.io.grpc.stub.ClientCalls$StreamObserverToCallListenerAdapter.onClose(ClientCalls.java:487)
	at org.apache.ratis.thirdparty.io.grpc.internal.ClientCallImpl.closeObserver(ClientCallImpl.java:562)
	at org.apache.ratis.thirdparty.io.grpc.internal.ClientCallImpl.access$300(ClientCallImpl.java:70)
	at org.apache.ratis.thirdparty.io.grpc.internal.ClientCallImpl$ClientStreamListenerImpl$1StreamClosed.runInternal(ClientCallImpl.java:743)
	at org.apache.ratis.thirdparty.io.grpc.internal.ClientCallImpl$ClientStreamListenerImpl$1StreamClosed.runInContext(ClientCallImpl.java:722)
	at org.apache.ratis.thirdparty.io.grpc.internal.ContextRunnable.run(ContextRunnable.java:37)
	at org.apache.ratis.thirdparty.io.grpc.internal.SerializingExecutor.run(SerializingExecutor.java:133)
	at java.base/java.util.concurrent.ThreadPoolExecutor.runWorker(ThreadPoolExecutor.java:1128)
	at java.base/java.util.concurrent.ThreadPoolExecutor$Worker.run(ThreadPoolExecutor.java:628)
	at java.base/java.lang.Thread.run(Thread.java:829)
Caused by: java.util.concurrent.RejectedExecutionException: Task java.util.concurrent.CompletableFuture$AsyncSupply@2db5cab5 rejected from java.util.concurrent.ThreadPoolExecutor@3ad4e2b[Terminated, pool size = 0, active threads = 0, queued tasks = 0, completed tasks = 198]
	at java.base/jdk.internal.reflect.GeneratedConstructorAccessor7.newInstance(Unknown Source)
	at java.base/jdk.internal.reflect.DelegatingConstructorAccessorImpl.newInstance(DelegatingConstructorAccessorImpl.java:45)
	at java.base/java.lang.reflect.Constructor.newInstance(Constructor.java:490)
	at org.apache.ratis.util.ReflectionUtils.instantiateException(ReflectionUtils.java:259)
	at org.apache.ratis.grpc.GrpcUtil.tryUnwrapException(GrpcUtil.java:120)
	... 13 more
Caused by: org.apache.ratis.thirdparty.io.grpc.StatusRuntimeException: INTERNAL: Task java.util.concurrent.CompletableFuture$AsyncSupply@2db5cab5 rejected from java.util.concurrent.ThreadPoolExecutor@3ad4e2b[Terminated, pool size = 0, active threads = 0, queued tasks = 0, completed tasks = 198]
	at org.apache.ratis.thirdparty.io.grpc.Status.asRuntimeException(Status.java:535)
	... 10 more
	Suppressed: java.lang.IllegalStateException: Failed to cast to class java.io.IOException, object=java.util.concurrent.RejectedExecutionException: Task java.util.concurrent.CompletableFuture$AsyncSupply@2db5cab5 rejected from java.util.concurrent.ThreadPoolExecutor@3ad4e2b[Terminated, pool size = 0, active threads = 0, queued tasks = 0, completed tasks = 198]
	at java.base/java.util.concurrent.ThreadPoolExecutor$AbortPolicy.rejectedExecution(ThreadPoolExecutor.java:2055)
	at java.base/java.util.concurrent.ThreadPoolExecutor.reject(ThreadPoolExecutor.java:825)
	at java.base/java.util.concurrent.ThreadPoolExecutor.execute(ThreadPoolExecutor.java:1355)
	at java.base/java.util.concurrent.CompletableFuture.asyncSupplyStage(CompletableFuture.java:1714)
	at java.base/java.util.concurrent.CompletableFuture.supplyAsync(CompletableFuture.java:1931)
	at org.apache.ratis.server.impl.RaftServerImpl.executeSubmitServerRequestAsync(RaftServerImpl.java:812)
	at org.apache.ratis.server.impl.RaftServerProxy.lambda$appendEntriesAsync$27(RaftServerProxy.java:634)
	at java.base/java.util.concurrent.CompletableFuture.uniComposeStage(CompletableFuture.java:1106)
	at java.base/java.util.concurrent.CompletableFuture.thenCompose(CompletableFuture.java:2235)
	at org.apache.ratis.server.impl.RaftServerProxy.appendEntriesAsync(RaftServerProxy.java:634)
	at org.apache.ratis.grpc.server.GrpcServerProtocolService$1.process(GrpcServerProtocolService.java:219)
	at org.apache.ratis.grpc.server.GrpcServerProtocolService$1.process(GrpcServerProtocolService.java:216)
	at org.apache.ratis.grpc.server.GrpcServerProtocolService$ServerRequestStreamObserver.onNext(GrpcServerProtocolService.java:124)
	at org.apache.ratis.thirdparty.io.grpc.stub.ServerCalls$StreamingServerCallHandler$StreamingServerCallListener.onMessage(ServerCalls.java:262)
	at org.apache.ratis.thirdparty.io.grpc.ForwardingServerCallListener.onMessage(ForwardingServerCallListener.java:33)
	at org.apache.ratis.thirdparty.io.grpc.internal.ServerCallImpl$ServerStreamListenerImpl.messagesAvailableInternal(ServerCallImpl.java:332)
	at org.apache.ratis.thirdparty.io.grpc.internal.ServerCallImpl$ServerStreamListenerImpl.messagesAvailable(ServerCallImpl.java:315)
	at org.apache.ratis.thirdparty.io.grpc.internal.ServerImpl$JumpToApplicationThreadServerStreamListener$1MessagesAvailable.runInContext(ServerImpl.java:834)
	at org.apache.ratis.thirdparty.io.grpc.internal.ContextRunnable.run(ContextRunnable.java:37)
	at org.apache.ratis.thirdparty.io.grpc.internal.SerializingExecutor.run(SerializingExecutor.java:133)
	at java.base/java.util.concurrent.ThreadPoolExecutor.runWorker(ThreadPoolExecutor.java:1128)
	at java.base/java.util.concurrent.ThreadPoolExecutor$Worker.run(ThreadPoolExecutor.java:628)
	at java.base/java.lang.Thread.run(Thread.java:829)

		at org.apache.ratis.util.IOUtils.readObject(IOUtils.java:237)
		at org.apache.ratis.util.IOUtils.bytes2Object(IOUtils.java:214)
		at org.apache.ratis.grpc.GrpcUtil.tryUnwrapException(GrpcUtil.java:109)
		at org.apache.ratis.grpc.GrpcUtil.unwrapThrowable(GrpcUtil.java:82)
		at org.apache.ratis.grpc.GrpcUtil.warn(GrpcUtil.java:178)
		at org.apache.ratis.grpc.server.GrpcLogAppender$AppendLogResponseHandler.onError(GrpcLogAppender.java:405)
		... 10 more
	Caused by: java.lang.ClassCastException: Cannot cast java.util.concurrent.RejectedExecutionException to java.io.IOException
		at java.base/java.lang.Class.cast(Class.java:3605)
		at org.apache.ratis.util.IOUtils.readObject(IOUtils.java:234)
		... 15 more
2022-10-13 10:40:56,373 [grpc-default-executor-1] INFO  leader.FollowerInfo (FollowerInfoImpl.java:lambda$new$0(48)) - s0@group-6905249F38B1->s1: nextIndex: updateUnconditionally 263 -> 259
2022-10-13 10:40:56,408 [grpc-default-executor-1] WARN  server.GrpcServerProtocolService (LogUtils.java:warn(124)) - s1: Failed APPEND_ENTRIES request s0->s1#310-t2,previous=(t:2, i:258),leaderCommit=262,initializing? true,entries: size=4, first=(t:2, i:259), CONFIGURATIONENTRY(current:id: "s0"
address: "localhost:46195"
dataStreamAddress: "localhost:39399"
clientAddress: "localhost:42765"
adminAddress: "localhost:44717"
startupRole: FOLLOWER
,id: "s1"
address: "0.0.0.0:46693"
clientAddress: "0.0.0.0:46693"
adminAddress: "0.0.0.0:46693"
startupRole: FOLLOWER
,id: "s2"
address: "0.0.0.0:36699"
clientAddress: "0.0.0.0:36699"
adminAddress: "0.0.0.0:36699"
startupRole: FOLLOWER
, old:id: "s0"
address: "localhost:46195"
dataStreamAddress: "localhost:39399"
clientAddress: "localhost:42765"
adminAddress: "localhost:44717"
startupRole: FOLLOWER
)
java.util.concurrent.CompletionException: java.util.concurrent.RejectedExecutionException: Task java.util.concurrent.CompletableFuture$AsyncSupply@326765bc rejected from java.util.concurrent.ThreadPoolExecutor@3ad4e2b[Terminated, pool size = 0, active threads = 0, queued tasks = 0, completed tasks = 198]
	at java.base/java.util.concurrent.CompletableFuture.encodeThrowable(CompletableFuture.java:314)
	at java.base/java.util.concurrent.CompletableFuture.uniComposeStage(CompletableFuture.java:1113)
	at java.base/java.util.concurrent.CompletableFuture.thenCompose(CompletableFuture.java:2235)
	at org.apache.ratis.server.impl.RaftServerProxy.appendEntriesAsync(RaftServerProxy.java:634)
	at org.apache.ratis.grpc.server.GrpcServerProtocolService$1.process(GrpcServerProtocolService.java:219)
	at org.apache.ratis.grpc.server.GrpcServerProtocolService$1.process(GrpcServerProtocolService.java:216)
	at org.apache.ratis.grpc.server.GrpcServerProtocolService$ServerRequestStreamObserver.onNext(GrpcServerProtocolService.java:124)
	at org.apache.ratis.thirdparty.io.grpc.stub.ServerCalls$StreamingServerCallHandler$StreamingServerCallListener.onMessage(ServerCalls.java:262)
	at org.apache.ratis.thirdparty.io.grpc.ForwardingServerCallListener.onMessage(ForwardingServerCallListener.java:33)
	at org.apache.ratis.thirdparty.io.grpc.internal.ServerCallImpl$ServerStreamListenerImpl.messagesAvailableInternal(ServerCallImpl.java:332)
	at org.apache.ratis.thirdparty.io.grpc.internal.ServerCallImpl$ServerStreamListenerImpl.messagesAvailable(ServerCallImpl.java:315)
	at org.apache.ratis.thirdparty.io.grpc.internal.ServerImpl$JumpToApplicationThreadServerStreamListener$1MessagesAvailable.runInContext(ServerImpl.java:834)
	at org.apache.ratis.thirdparty.io.grpc.internal.ContextRunnable.run(ContextRunnable.java:37)
	at org.apache.ratis.thirdparty.io.grpc.internal.SerializingExecutor.run(SerializingExecutor.java:133)
	at java.base/java.util.concurrent.ThreadPoolExecutor.runWorker(ThreadPoolExecutor.java:1128)
	at java.base/java.util.concurrent.ThreadPoolExecutor$Worker.run(ThreadPoolExecutor.java:628)
	at java.base/java.lang.Thread.run(Thread.java:829)
Caused by: java.util.concurrent.RejectedExecutionException: Task java.util.concurrent.CompletableFuture$AsyncSupply@326765bc rejected from java.util.concurrent.ThreadPoolExecutor@3ad4e2b[Terminated, pool size = 0, active threads = 0, queued tasks = 0, completed tasks = 198]
	at java.base/java.util.concurrent.ThreadPoolExecutor$AbortPolicy.rejectedExecution(ThreadPoolExecutor.java:2055)
	at java.base/java.util.concurrent.ThreadPoolExecutor.reject(ThreadPoolExecutor.java:825)
	at java.base/java.util.concurrent.ThreadPoolExecutor.execute(ThreadPoolExecutor.java:1355)
	at java.base/java.util.concurrent.CompletableFuture.asyncSupplyStage(CompletableFuture.java:1714)
	at java.base/java.util.concurrent.CompletableFuture.supplyAsync(CompletableFuture.java:1931)
	at org.apache.ratis.server.impl.RaftServerImpl.executeSubmitServerRequestAsync(RaftServerImpl.java:812)
	at org.apache.ratis.server.impl.RaftServerProxy.lambda$appendEntriesAsync$27(RaftServerProxy.java:634)
	at java.base/java.util.concurrent.CompletableFuture.uniComposeStage(CompletableFuture.java:1106)
	... 15 more
2022-10-13 10:40:56,410 [grpc-default-executor-3] WARN  server.GrpcLogAppender (LogUtils.java:warn(124)) - s0@group-6905249F38B1->s1-AppendLogResponseHandler: Failed appendEntries
java.io.IOException: java.util.concurrent.RejectedExecutionException: Task java.util.concurrent.CompletableFuture$AsyncSupply@326765bc rejected from java.util.concurrent.ThreadPoolExecutor@3ad4e2b[Terminated, pool size = 0, active threads = 0, queued tasks = 0, completed tasks = 198]
	at org.apache.ratis.util.IOUtils.asIOException(IOUtils.java:56)
	at org.apache.ratis.grpc.GrpcUtil.tryUnwrapException(GrpcUtil.java:121)
	at org.apache.ratis.grpc.GrpcUtil.unwrapThrowable(GrpcUtil.java:82)
	at org.apache.ratis.grpc.GrpcUtil.warn(GrpcUtil.java:178)
	at org.apache.ratis.grpc.server.GrpcLogAppender$AppendLogResponseHandler.onError(GrpcLogAppender.java:405)
	at org.apache.ratis.thirdparty.io.grpc.stub.ClientCalls$StreamObserverToCallListenerAdapter.onClose(ClientCalls.java:487)
	at org.apache.ratis.thirdparty.io.grpc.internal.ClientCallImpl.closeObserver(ClientCallImpl.java:562)
	at org.apache.ratis.thirdparty.io.grpc.internal.ClientCallImpl.access$300(ClientCallImpl.java:70)
	at org.apache.ratis.thirdparty.io.grpc.internal.ClientCallImpl$ClientStreamListenerImpl$1StreamClosed.runInternal(ClientCallImpl.java:743)
	at org.apache.ratis.thirdparty.io.grpc.internal.ClientCallImpl$ClientStreamListenerImpl$1StreamClosed.runInContext(ClientCallImpl.java:722)
	at org.apache.ratis.thirdparty.io.grpc.internal.ContextRunnable.run(ContextRunnable.java:37)
	at org.apache.ratis.thirdparty.io.grpc.internal.SerializingExecutor.run(SerializingExecutor.java:133)
	at java.base/java.util.concurrent.ThreadPoolExecutor.runWorker(ThreadPoolExecutor.java:1128)
	at java.base/java.util.concurrent.ThreadPoolExecutor$Worker.run(ThreadPoolExecutor.java:628)
	at java.base/java.lang.Thread.run(Thread.java:829)
Caused by: java.util.concurrent.RejectedExecutionException: Task java.util.concurrent.CompletableFuture$AsyncSupply@326765bc rejected from java.util.concurrent.ThreadPoolExecutor@3ad4e2b[Terminated, pool size = 0, active threads = 0, queued tasks = 0, completed tasks = 198]
	at java.base/jdk.internal.reflect.GeneratedConstructorAccessor7.newInstance(Unknown Source)
	at java.base/jdk.internal.reflect.DelegatingConstructorAccessorImpl.newInstance(DelegatingConstructorAccessorImpl.java:45)
	at java.base/java.lang.reflect.Constructor.newInstance(Constructor.java:490)
	at org.apache.ratis.util.ReflectionUtils.instantiateException(ReflectionUtils.java:259)
	at org.apache.ratis.grpc.GrpcUtil.tryUnwrapException(GrpcUtil.java:120)
	... 13 more
Caused by: org.apache.ratis.thirdparty.io.grpc.StatusRuntimeException: INTERNAL: Task java.util.concurrent.CompletableFuture$AsyncSupply@326765bc rejected from java.util.concurrent.ThreadPoolExecutor@3ad4e2b[Terminated, pool size = 0, active threads = 0, queued tasks = 0, completed tasks = 198]
	at org.apache.ratis.thirdparty.io.grpc.Status.asRuntimeException(Status.java:535)
	... 10 more
	Suppressed: java.lang.IllegalStateException: Failed to cast to class java.io.IOException, object=java.util.concurrent.RejectedExecutionException: Task java.util.concurrent.CompletableFuture$AsyncSupply@326765bc rejected from java.util.concurrent.ThreadPoolExecutor@3ad4e2b[Terminated, pool size = 0, active threads = 0, queued tasks = 0, completed tasks = 198]
	at java.base/java.util.concurrent.ThreadPoolExecutor$AbortPolicy.rejectedExecution(ThreadPoolExecutor.java:2055)
	at java.base/java.util.concurrent.ThreadPoolExecutor.reject(ThreadPoolExecutor.java:825)
	at java.base/java.util.concurrent.ThreadPoolExecutor.execute(ThreadPoolExecutor.java:1355)
	at java.base/java.util.concurrent.CompletableFuture.asyncSupplyStage(CompletableFuture.java:1714)
	at java.base/java.util.concurrent.CompletableFuture.supplyAsync(CompletableFuture.java:1931)
	at org.apache.ratis.server.impl.RaftServerImpl.executeSubmitServerRequestAsync(RaftServerImpl.java:812)
	at org.apache.ratis.server.impl.RaftServerProxy.lambda$appendEntriesAsync$27(RaftServerProxy.java:634)
	at java.base/java.util.concurrent.CompletableFuture.uniComposeStage(CompletableFuture.java:1106)
	at java.base/java.util.concurrent.CompletableFuture.thenCompose(CompletableFuture.java:2235)
	at org.apache.ratis.server.impl.RaftServerProxy.appendEntriesAsync(RaftServerProxy.java:634)
	at org.apache.ratis.grpc.server.GrpcServerProtocolService$1.process(GrpcServerProtocolService.java:219)
	at org.apache.ratis.grpc.server.GrpcServerProtocolService$1.process(GrpcServerProtocolService.java:216)
	at org.apache.ratis.grpc.server.GrpcServerProtocolService$ServerRequestStreamObserver.onNext(GrpcServerProtocolService.java:124)
	at org.apache.ratis.thirdparty.io.grpc.stub.ServerCalls$StreamingServerCallHandler$StreamingServerCallListener.onMessage(ServerCalls.java:262)
	at org.apache.ratis.thirdparty.io.grpc.ForwardingServerCallListener.onMessage(ForwardingServerCallListener.java:33)
	at org.apache.ratis.thirdparty.io.grpc.internal.ServerCallImpl$ServerStreamListenerImpl.messagesAvailableInternal(ServerCallImpl.java:332)
	at org.apache.ratis.thirdparty.io.grpc.internal.ServerCallImpl$ServerStreamListenerImpl.messagesAvailable(ServerCallImpl.java:315)
	at org.apache.ratis.thirdparty.io.grpc.internal.ServerImpl$JumpToApplicationThreadServerStreamListener$1MessagesAvailable.runInContext(ServerImpl.java:834)
	at org.apache.ratis.thirdparty.io.grpc.internal.ContextRunnable.run(ContextRunnable.java:37)
	at org.apache.ratis.thirdparty.io.grpc.internal.SerializingExecutor.run(SerializingExecutor.java:133)
	at java.base/java.util.concurrent.ThreadPoolExecutor.runWorker(ThreadPoolExecutor.java:1128)
	at java.base/java.util.concurrent.ThreadPoolExecutor$Worker.run(ThreadPoolExecutor.java:628)
	at java.base/java.lang.Thread.run(Thread.java:829)

		at org.apache.ratis.util.IOUtils.readObject(IOUtils.java:237)
		at org.apache.ratis.util.IOUtils.bytes2Object(IOUtils.java:214)
		at org.apache.ratis.grpc.GrpcUtil.tryUnwrapException(GrpcUtil.java:109)
		at org.apache.ratis.grpc.GrpcUtil.unwrapThrowable(GrpcUtil.java:82)
		at org.apache.ratis.grpc.GrpcUtil.warn(GrpcUtil.java:178)
		at org.apache.ratis.grpc.server.GrpcLogAppender$AppendLogResponseHandler.onError(GrpcLogAppender.java:405)
		... 10 more
	Caused by: java.lang.ClassCastException: Cannot cast java.util.concurrent.RejectedExecutionException to java.io.IOException
		at java.base/java.lang.Class.cast(Class.java:3605)
		at org.apache.ratis.util.IOUtils.readObject(IOUtils.java:234)
		... 15 more
2022-10-13 10:40:56,411 [grpc-default-executor-3] INFO  leader.FollowerInfo (FollowerInfoImpl.java:lambda$new$0(48)) - s0@group-6905249F38B1->s1: nextIndex: updateUnconditionally 263 -> 259
2022-10-13 10:40:56,446 [grpc-default-executor-1] WARN  server.GrpcServerProtocolService (LogUtils.java:warn(124)) - s1: Failed APPEND_ENTRIES request s0->s1#312-t2,previous=(t:2, i:258),leaderCommit=262,initializing? true,entries: size=4, first=(t:2, i:259), CONFIGURATIONENTRY(current:id: "s0"
address: "localhost:46195"
dataStreamAddress: "localhost:39399"
clientAddress: "localhost:42765"
adminAddress: "localhost:44717"
startupRole: FOLLOWER
,id: "s1"
address: "0.0.0.0:46693"
clientAddress: "0.0.0.0:46693"
adminAddress: "0.0.0.0:46693"
startupRole: FOLLOWER
,id: "s2"
address: "0.0.0.0:36699"
clientAddress: "0.0.0.0:36699"
adminAddress: "0.0.0.0:36699"
startupRole: FOLLOWER
, old:id: "s0"
address: "localhost:46195"
dataStreamAddress: "localhost:39399"
clientAddress: "localhost:42765"
adminAddress: "localhost:44717"
startupRole: FOLLOWER
)
java.util.concurrent.CompletionException: java.util.concurrent.RejectedExecutionException: Task java.util.concurrent.CompletableFuture$AsyncSupply@459da7b0 rejected from java.util.concurrent.ThreadPoolExecutor@3ad4e2b[Terminated, pool size = 0, active threads = 0, queued tasks = 0, completed tasks = 198]
	at java.base/java.util.concurrent.CompletableFuture.encodeThrowable(CompletableFuture.java:314)
	at java.base/java.util.concurrent.CompletableFuture.uniComposeStage(CompletableFuture.java:1113)
	at java.base/java.util.concurrent.CompletableFuture.thenCompose(CompletableFuture.java:2235)
	at org.apache.ratis.server.impl.RaftServerProxy.appendEntriesAsync(RaftServerProxy.java:634)
	at org.apache.ratis.grpc.server.GrpcServerProtocolService$1.process(GrpcServerProtocolService.java:219)
	at org.apache.ratis.grpc.server.GrpcServerProtocolService$1.process(GrpcServerProtocolService.java:216)
	at org.apache.ratis.grpc.server.GrpcServerProtocolService$ServerRequestStreamObserver.onNext(GrpcServerProtocolService.java:124)
	at org.apache.ratis.thirdparty.io.grpc.stub.ServerCalls$StreamingServerCallHandler$StreamingServerCallListener.onMessage(ServerCalls.java:262)
	at org.apache.ratis.thirdparty.io.grpc.ForwardingServerCallListener.onMessage(ForwardingServerCallListener.java:33)
	at org.apache.ratis.thirdparty.io.grpc.internal.ServerCallImpl$ServerStreamListenerImpl.messagesAvailableInternal(ServerCallImpl.java:332)
	at org.apache.ratis.thirdparty.io.grpc.internal.ServerCallImpl$ServerStreamListenerImpl.messagesAvailable(ServerCallImpl.java:315)
	at org.apache.ratis.thirdparty.io.grpc.internal.ServerImpl$JumpToApplicationThreadServerStreamListener$1MessagesAvailable.runInContext(ServerImpl.java:834)
	at org.apache.ratis.thirdparty.io.grpc.internal.ContextRunnable.run(ContextRunnable.java:37)
	at org.apache.ratis.thirdparty.io.grpc.internal.SerializingExecutor.run(SerializingExecutor.java:133)
	at java.base/java.util.concurrent.ThreadPoolExecutor.runWorker(ThreadPoolExecutor.java:1128)
	at java.base/java.util.concurrent.ThreadPoolExecutor$Worker.run(ThreadPoolExecutor.java:628)
	at java.base/java.lang.Thread.run(Thread.java:829)
Caused by: java.util.concurrent.RejectedExecutionException: Task java.util.concurrent.CompletableFuture$AsyncSupply@459da7b0 rejected from java.util.concurrent.ThreadPoolExecutor@3ad4e2b[Terminated, pool size = 0, active threads = 0, queued tasks = 0, completed tasks = 198]
	at java.base/java.util.concurrent.ThreadPoolExecutor$AbortPolicy.rejectedExecution(ThreadPoolExecutor.java:2055)
	at java.base/java.util.concurrent.ThreadPoolExecutor.reject(ThreadPoolExecutor.java:825)
	at java.base/java.util.concurrent.ThreadPoolExecutor.execute(ThreadPoolExecutor.java:1355)
	at java.base/java.util.concurrent.CompletableFuture.asyncSupplyStage(CompletableFuture.java:1714)
	at java.base/java.util.concurrent.CompletableFuture.supplyAsync(CompletableFuture.java:1931)
	at org.apache.ratis.server.impl.RaftServerImpl.executeSubmitServerRequestAsync(RaftServerImpl.java:812)
	at org.apache.ratis.server.impl.RaftServerProxy.lambda$appendEntriesAsync$27(RaftServerProxy.java:634)
	at java.base/java.util.concurrent.CompletableFuture.uniComposeStage(CompletableFuture.java:1106)
	... 15 more
2022-10-13 10:40:56,448 [grpc-default-executor-3] WARN  server.GrpcLogAppender (LogUtils.java:warn(124)) - s0@group-6905249F38B1->s1-AppendLogResponseHandler: Failed appendEntries
java.io.IOException: java.util.concurrent.RejectedExecutionException: Task java.util.concurrent.CompletableFuture$AsyncSupply@459da7b0 rejected from java.util.concurrent.ThreadPoolExecutor@3ad4e2b[Terminated, pool size = 0, active threads = 0, queued tasks = 0, completed tasks = 198]
	at org.apache.ratis.util.IOUtils.asIOException(IOUtils.java:56)
	at org.apache.ratis.grpc.GrpcUtil.tryUnwrapException(GrpcUtil.java:121)
	at org.apache.ratis.grpc.GrpcUtil.unwrapThrowable(GrpcUtil.java:82)
	at org.apache.ratis.grpc.GrpcUtil.warn(GrpcUtil.java:178)
	at org.apache.ratis.grpc.server.GrpcLogAppender$AppendLogResponseHandler.onError(GrpcLogAppender.java:405)
	at org.apache.ratis.thirdparty.io.grpc.stub.ClientCalls$StreamObserverToCallListenerAdapter.onClose(ClientCalls.java:487)
	at org.apache.ratis.thirdparty.io.grpc.internal.ClientCallImpl.closeObserver(ClientCallImpl.java:562)
	at org.apache.ratis.thirdparty.io.grpc.internal.ClientCallImpl.access$300(ClientCallImpl.java:70)
	at org.apache.ratis.thirdparty.io.grpc.internal.ClientCallImpl$ClientStreamListenerImpl$1StreamClosed.runInternal(ClientCallImpl.java:743)
	at org.apache.ratis.thirdparty.io.grpc.internal.ClientCallImpl$ClientStreamListenerImpl$1StreamClosed.runInContext(ClientCallImpl.java:722)
	at org.apache.ratis.thirdparty.io.grpc.internal.ContextRunnable.run(ContextRunnable.java:37)
	at org.apache.ratis.thirdparty.io.grpc.internal.SerializingExecutor.run(SerializingExecutor.java:133)
	at java.base/java.util.concurrent.ThreadPoolExecutor.runWorker(ThreadPoolExecutor.java:1128)
	at java.base/java.util.concurrent.ThreadPoolExecutor$Worker.run(ThreadPoolExecutor.java:628)
	at java.base/java.lang.Thread.run(Thread.java:829)
Caused by: java.util.concurrent.RejectedExecutionException: Task java.util.concurrent.CompletableFuture$AsyncSupply@459da7b0 rejected from java.util.concurrent.ThreadPoolExecutor@3ad4e2b[Terminated, pool size = 0, active threads = 0, queued tasks = 0, completed tasks = 198]
	at java.base/jdk.internal.reflect.GeneratedConstructorAccessor7.newInstance(Unknown Source)
	at java.base/jdk.internal.reflect.DelegatingConstructorAccessorImpl.newInstance(DelegatingConstructorAccessorImpl.java:45)
	at java.base/java.lang.reflect.Constructor.newInstance(Constructor.java:490)
	at org.apache.ratis.util.ReflectionUtils.instantiateException(ReflectionUtils.java:259)
	at org.apache.ratis.grpc.GrpcUtil.tryUnwrapException(GrpcUtil.java:120)
	... 13 more
Caused by: org.apache.ratis.thirdparty.io.grpc.StatusRuntimeException: INTERNAL: Task java.util.concurrent.CompletableFuture$AsyncSupply@459da7b0 rejected from java.util.concurrent.ThreadPoolExecutor@3ad4e2b[Terminated, pool size = 0, active threads = 0, queued tasks = 0, completed tasks = 198]
	at org.apache.ratis.thirdparty.io.grpc.Status.asRuntimeException(Status.java:535)
	... 10 more
	Suppressed: java.lang.IllegalStateException: Failed to cast to class java.io.IOException, object=java.util.concurrent.RejectedExecutionException: Task java.util.concurrent.CompletableFuture$AsyncSupply@459da7b0 rejected from java.util.concurrent.ThreadPoolExecutor@3ad4e2b[Terminated, pool size = 0, active threads = 0, queued tasks = 0, completed tasks = 198]
	at java.base/java.util.concurrent.ThreadPoolExecutor$AbortPolicy.rejectedExecution(ThreadPoolExecutor.java:2055)
	at java.base/java.util.concurrent.ThreadPoolExecutor.reject(ThreadPoolExecutor.java:825)
	at java.base/java.util.concurrent.ThreadPoolExecutor.execute(ThreadPoolExecutor.java:1355)
	at java.base/java.util.concurrent.CompletableFuture.asyncSupplyStage(CompletableFuture.java:1714)
	at java.base/java.util.concurrent.CompletableFuture.supplyAsync(CompletableFuture.java:1931)
	at org.apache.ratis.server.impl.RaftServerImpl.executeSubmitServerRequestAsync(RaftServerImpl.java:812)
	at org.apache.ratis.server.impl.RaftServerProxy.lambda$appendEntriesAsync$27(RaftServerProxy.java:634)
	at java.base/java.util.concurrent.CompletableFuture.uniComposeStage(CompletableFuture.java:1106)
	at java.base/java.util.concurrent.CompletableFuture.thenCompose(CompletableFuture.java:2235)
	at org.apache.ratis.server.impl.RaftServerProxy.appendEntriesAsync(RaftServerProxy.java:634)
	at org.apache.ratis.grpc.server.GrpcServerProtocolService$1.process(GrpcServerProtocolService.java:219)
	at org.apache.ratis.grpc.server.GrpcServerProtocolService$1.process(GrpcServerProtocolService.java:216)
	at org.apache.ratis.grpc.server.GrpcServerProtocolService$ServerRequestStreamObserver.onNext(GrpcServerProtocolService.java:124)
	at org.apache.ratis.thirdparty.io.grpc.stub.ServerCalls$StreamingServerCallHandler$StreamingServerCallListener.onMessage(ServerCalls.java:262)
	at org.apache.ratis.thirdparty.io.grpc.ForwardingServerCallListener.onMessage(ForwardingServerCallListener.java:33)
	at org.apache.ratis.thirdparty.io.grpc.internal.ServerCallImpl$ServerStreamListenerImpl.messagesAvailableInternal(ServerCallImpl.java:332)
	at org.apache.ratis.thirdparty.io.grpc.internal.ServerCallImpl$ServerStreamListenerImpl.messagesAvailable(ServerCallImpl.java:315)
	at org.apache.ratis.thirdparty.io.grpc.internal.ServerImpl$JumpToApplicationThreadServerStreamListener$1MessagesAvailable.runInContext(ServerImpl.java:834)
	at org.apache.ratis.thirdparty.io.grpc.internal.ContextRunnable.run(ContextRunnable.java:37)
	at org.apache.ratis.thirdparty.io.grpc.internal.SerializingExecutor.run(SerializingExecutor.java:133)
	at java.base/java.util.concurrent.ThreadPoolExecutor.runWorker(ThreadPoolExecutor.java:1128)
	at java.base/java.util.concurrent.ThreadPoolExecutor$Worker.run(ThreadPoolExecutor.java:628)
	at java.base/java.lang.Thread.run(Thread.java:829)

		at org.apache.ratis.util.IOUtils.readObject(IOUtils.java:237)
		at org.apache.ratis.util.IOUtils.bytes2Object(IOUtils.java:214)
		at org.apache.ratis.grpc.GrpcUtil.tryUnwrapException(GrpcUtil.java:109)
		at org.apache.ratis.grpc.GrpcUtil.unwrapThrowable(GrpcUtil.java:82)
		at org.apache.ratis.grpc.GrpcUtil.warn(GrpcUtil.java:178)
		at org.apache.ratis.grpc.server.GrpcLogAppender$AppendLogResponseHandler.onError(GrpcLogAppender.java:405)
		... 10 more
	Caused by: java.lang.ClassCastException: Cannot cast java.util.concurrent.RejectedExecutionException to java.io.IOException
		at java.base/java.lang.Class.cast(Class.java:3605)
		at org.apache.ratis.util.IOUtils.readObject(IOUtils.java:234)
		... 15 more
2022-10-13 10:40:56,448 [grpc-default-executor-3] INFO  leader.FollowerInfo (FollowerInfoImpl.java:lambda$new$0(48)) - s0@group-6905249F38B1->s1: nextIndex: updateUnconditionally 263 -> 259
2022-10-13 10:40:56,484 [grpc-default-executor-1] WARN  server.GrpcServerProtocolService (LogUtils.java:warn(124)) - s1: Failed APPEND_ENTRIES request s0->s1#314-t2,previous=(t:2, i:258),leaderCommit=262,initializing? true,entries: size=4, first=(t:2, i:259), CONFIGURATIONENTRY(current:id: "s0"
address: "localhost:46195"
dataStreamAddress: "localhost:39399"
clientAddress: "localhost:42765"
adminAddress: "localhost:44717"
startupRole: FOLLOWER
,id: "s1"
address: "0.0.0.0:46693"
clientAddress: "0.0.0.0:46693"
adminAddress: "0.0.0.0:46693"
startupRole: FOLLOWER
,id: "s2"
address: "0.0.0.0:36699"
clientAddress: "0.0.0.0:36699"
adminAddress: "0.0.0.0:36699"
startupRole: FOLLOWER
, old:id: "s0"
address: "localhost:46195"
dataStreamAddress: "localhost:39399"
clientAddress: "localhost:42765"
adminAddress: "localhost:44717"
startupRole: FOLLOWER
)
java.util.concurrent.CompletionException: java.util.concurrent.RejectedExecutionException: Task java.util.concurrent.CompletableFuture$AsyncSupply@18fbb59a rejected from java.util.concurrent.ThreadPoolExecutor@3ad4e2b[Terminated, pool size = 0, active threads = 0, queued tasks = 0, completed tasks = 198]
	at java.base/java.util.concurrent.CompletableFuture.encodeThrowable(CompletableFuture.java:314)
	at java.base/java.util.concurrent.CompletableFuture.uniComposeStage(CompletableFuture.java:1113)
	at java.base/java.util.concurrent.CompletableFuture.thenCompose(CompletableFuture.java:2235)
	at org.apache.ratis.server.impl.RaftServerProxy.appendEntriesAsync(RaftServerProxy.java:634)
	at org.apache.ratis.grpc.server.GrpcServerProtocolService$1.process(GrpcServerProtocolService.java:219)
	at org.apache.ratis.grpc.server.GrpcServerProtocolService$1.process(GrpcServerProtocolService.java:216)
	at org.apache.ratis.grpc.server.GrpcServerProtocolService$ServerRequestStreamObserver.onNext(GrpcServerProtocolService.java:124)
	at org.apache.ratis.thirdparty.io.grpc.stub.ServerCalls$StreamingServerCallHandler$StreamingServerCallListener.onMessage(ServerCalls.java:262)
	at org.apache.ratis.thirdparty.io.grpc.ForwardingServerCallListener.onMessage(ForwardingServerCallListener.java:33)
	at org.apache.ratis.thirdparty.io.grpc.internal.ServerCallImpl$ServerStreamListenerImpl.messagesAvailableInternal(ServerCallImpl.java:332)
	at org.apache.ratis.thirdparty.io.grpc.internal.ServerCallImpl$ServerStreamListenerImpl.messagesAvailable(ServerCallImpl.java:315)
	at org.apache.ratis.thirdparty.io.grpc.internal.ServerImpl$JumpToApplicationThreadServerStreamListener$1MessagesAvailable.runInContext(ServerImpl.java:834)
	at org.apache.ratis.thirdparty.io.grpc.internal.ContextRunnable.run(ContextRunnable.java:37)
	at org.apache.ratis.thirdparty.io.grpc.internal.SerializingExecutor.run(SerializingExecutor.java:133)
	at java.base/java.util.concurrent.ThreadPoolExecutor.runWorker(ThreadPoolExecutor.java:1128)
	at java.base/java.util.concurrent.ThreadPoolExecutor$Worker.run(ThreadPoolExecutor.java:628)
	at java.base/java.lang.Thread.run(Thread.java:829)
Caused by: java.util.concurrent.RejectedExecutionException: Task java.util.concurrent.CompletableFuture$AsyncSupply@18fbb59a rejected from java.util.concurrent.ThreadPoolExecutor@3ad4e2b[Terminated, pool size = 0, active threads = 0, queued tasks = 0, completed tasks = 198]
	at java.base/java.util.concurrent.ThreadPoolExecutor$AbortPolicy.rejectedExecution(ThreadPoolExecutor.java:2055)
	at java.base/java.util.concurrent.ThreadPoolExecutor.reject(ThreadPoolExecutor.java:825)
	at java.base/java.util.concurrent.ThreadPoolExecutor.execute(ThreadPoolExecutor.java:1355)
	at java.base/java.util.concurrent.CompletableFuture.asyncSupplyStage(CompletableFuture.java:1714)
	at java.base/java.util.concurrent.CompletableFuture.supplyAsync(CompletableFuture.java:1931)
	at org.apache.ratis.server.impl.RaftServerImpl.executeSubmitServerRequestAsync(RaftServerImpl.java:812)
	at org.apache.ratis.server.impl.RaftServerProxy.lambda$appendEntriesAsync$27(RaftServerProxy.java:634)
	at java.base/java.util.concurrent.CompletableFuture.uniComposeStage(CompletableFuture.java:1106)
	... 15 more
2022-10-13 10:40:56,487 [grpc-default-executor-3] WARN  server.GrpcLogAppender (LogUtils.java:warn(124)) - s0@group-6905249F38B1->s1-AppendLogResponseHandler: Failed appendEntries
java.io.IOException: java.util.concurrent.RejectedExecutionException: Task java.util.concurrent.CompletableFuture$AsyncSupply@18fbb59a rejected from java.util.concurrent.ThreadPoolExecutor@3ad4e2b[Terminated, pool size = 0, active threads = 0, queued tasks = 0, completed tasks = 198]
	at org.apache.ratis.util.IOUtils.asIOException(IOUtils.java:56)
	at org.apache.ratis.grpc.GrpcUtil.tryUnwrapException(GrpcUtil.java:121)
	at org.apache.ratis.grpc.GrpcUtil.unwrapThrowable(GrpcUtil.java:82)
	at org.apache.ratis.grpc.GrpcUtil.warn(GrpcUtil.java:178)
	at org.apache.ratis.grpc.server.GrpcLogAppender$AppendLogResponseHandler.onError(GrpcLogAppender.java:405)
	at org.apache.ratis.thirdparty.io.grpc.stub.ClientCalls$StreamObserverToCallListenerAdapter.onClose(ClientCalls.java:487)
	at org.apache.ratis.thirdparty.io.grpc.internal.ClientCallImpl.closeObserver(ClientCallImpl.java:562)
	at org.apache.ratis.thirdparty.io.grpc.internal.ClientCallImpl.access$300(ClientCallImpl.java:70)
	at org.apache.ratis.thirdparty.io.grpc.internal.ClientCallImpl$ClientStreamListenerImpl$1StreamClosed.runInternal(ClientCallImpl.java:743)
	at org.apache.ratis.thirdparty.io.grpc.internal.ClientCallImpl$ClientStreamListenerImpl$1StreamClosed.runInContext(ClientCallImpl.java:722)
	at org.apache.ratis.thirdparty.io.grpc.internal.ContextRunnable.run(ContextRunnable.java:37)
	at org.apache.ratis.thirdparty.io.grpc.internal.SerializingExecutor.run(SerializingExecutor.java:133)
	at java.base/java.util.concurrent.ThreadPoolExecutor.runWorker(ThreadPoolExecutor.java:1128)
	at java.base/java.util.concurrent.ThreadPoolExecutor$Worker.run(ThreadPoolExecutor.java:628)
	at java.base/java.lang.Thread.run(Thread.java:829)
Caused by: java.util.concurrent.RejectedExecutionException: Task java.util.concurrent.CompletableFuture$AsyncSupply@18fbb59a rejected from java.util.concurrent.ThreadPoolExecutor@3ad4e2b[Terminated, pool size = 0, active threads = 0, queued tasks = 0, completed tasks = 198]
	at java.base/jdk.internal.reflect.GeneratedConstructorAccessor7.newInstance(Unknown Source)
	at java.base/jdk.internal.reflect.DelegatingConstructorAccessorImpl.newInstance(DelegatingConstructorAccessorImpl.java:45)
	at java.base/java.lang.reflect.Constructor.newInstance(Constructor.java:490)
	at org.apache.ratis.util.ReflectionUtils.instantiateException(ReflectionUtils.java:259)
	at org.apache.ratis.grpc.GrpcUtil.tryUnwrapException(GrpcUtil.java:120)
	... 13 more
Caused by: org.apache.ratis.thirdparty.io.grpc.StatusRuntimeException: INTERNAL: Task java.util.concurrent.CompletableFuture$AsyncSupply@18fbb59a rejected from java.util.concurrent.ThreadPoolExecutor@3ad4e2b[Terminated, pool size = 0, active threads = 0, queued tasks = 0, completed tasks = 198]
	at org.apache.ratis.thirdparty.io.grpc.Status.asRuntimeException(Status.java:535)
	... 10 more
	Suppressed: java.lang.IllegalStateException: Failed to cast to class java.io.IOException, object=java.util.concurrent.RejectedExecutionException: Task java.util.concurrent.CompletableFuture$AsyncSupply@18fbb59a rejected from java.util.concurrent.ThreadPoolExecutor@3ad4e2b[Terminated, pool size = 0, active threads = 0, queued tasks = 0, completed tasks = 198]
	at java.base/java.util.concurrent.ThreadPoolExecutor$AbortPolicy.rejectedExecution(ThreadPoolExecutor.java:2055)
	at java.base/java.util.concurrent.ThreadPoolExecutor.reject(ThreadPoolExecutor.java:825)
	at java.base/java.util.concurrent.ThreadPoolExecutor.execute(ThreadPoolExecutor.java:1355)
	at java.base/java.util.concurrent.CompletableFuture.asyncSupplyStage(CompletableFuture.java:1714)
	at java.base/java.util.concurrent.CompletableFuture.supplyAsync(CompletableFuture.java:1931)
	at org.apache.ratis.server.impl.RaftServerImpl.executeSubmitServerRequestAsync(RaftServerImpl.java:812)
	at org.apache.ratis.server.impl.RaftServerProxy.lambda$appendEntriesAsync$27(RaftServerProxy.java:634)
	at java.base/java.util.concurrent.CompletableFuture.uniComposeStage(CompletableFuture.java:1106)
	at java.base/java.util.concurrent.CompletableFuture.thenCompose(CompletableFuture.java:2235)
	at org.apache.ratis.server.impl.RaftServerProxy.appendEntriesAsync(RaftServerProxy.java:634)
	at org.apache.ratis.grpc.server.GrpcServerProtocolService$1.process(GrpcServerProtocolService.java:219)
	at org.apache.ratis.grpc.server.GrpcServerProtocolService$1.process(GrpcServerProtocolService.java:216)
	at org.apache.ratis.grpc.server.GrpcServerProtocolService$ServerRequestStreamObserver.onNext(GrpcServerProtocolService.java:124)
	at org.apache.ratis.thirdparty.io.grpc.stub.ServerCalls$StreamingServerCallHandler$StreamingServerCallListener.onMessage(ServerCalls.java:262)
	at org.apache.ratis.thirdparty.io.grpc.ForwardingServerCallListener.onMessage(ForwardingServerCallListener.java:33)
	at org.apache.ratis.thirdparty.io.grpc.internal.ServerCallImpl$ServerStreamListenerImpl.messagesAvailableInternal(ServerCallImpl.java:332)
	at org.apache.ratis.thirdparty.io.grpc.internal.ServerCallImpl$ServerStreamListenerImpl.messagesAvailable(ServerCallImpl.java:315)
	at org.apache.ratis.thirdparty.io.grpc.internal.ServerImpl$JumpToApplicationThreadServerStreamListener$1MessagesAvailable.runInContext(ServerImpl.java:834)
	at org.apache.ratis.thirdparty.io.grpc.internal.ContextRunnable.run(ContextRunnable.java:37)
	at org.apache.ratis.thirdparty.io.grpc.internal.SerializingExecutor.run(SerializingExecutor.java:133)
	at java.base/java.util.concurrent.ThreadPoolExecutor.runWorker(ThreadPoolExecutor.java:1128)
	at java.base/java.util.concurrent.ThreadPoolExecutor$Worker.run(ThreadPoolExecutor.java:628)
	at java.base/java.lang.Thread.run(Thread.java:829)

		at org.apache.ratis.util.IOUtils.readObject(IOUtils.java:237)
		at org.apache.ratis.util.IOUtils.bytes2Object(IOUtils.java:214)
		at org.apache.ratis.grpc.GrpcUtil.tryUnwrapException(GrpcUtil.java:109)
		at org.apache.ratis.grpc.GrpcUtil.unwrapThrowable(GrpcUtil.java:82)
		at org.apache.ratis.grpc.GrpcUtil.warn(GrpcUtil.java:178)
		at org.apache.ratis.grpc.server.GrpcLogAppender$AppendLogResponseHandler.onError(GrpcLogAppender.java:405)
		... 10 more
	Caused by: java.lang.ClassCastException: Cannot cast java.util.concurrent.RejectedExecutionException to java.io.IOException
		at java.base/java.lang.Class.cast(Class.java:3605)
		at org.apache.ratis.util.IOUtils.readObject(IOUtils.java:234)
		... 15 more
2022-10-13 10:40:56,487 [grpc-default-executor-3] INFO  leader.FollowerInfo (FollowerInfoImpl.java:lambda$new$0(48)) - s0@group-6905249F38B1->s1: nextIndex: updateUnconditionally 263 -> 259
2022-10-13 10:40:56,522 [grpc-default-executor-2] WARN  server.GrpcServerProtocolService (LogUtils.java:warn(124)) - s1: Failed APPEND_ENTRIES request s0->s1#316-t2,previous=(t:2, i:258),leaderCommit=262,initializing? true,entries: size=4, first=(t:2, i:259), CONFIGURATIONENTRY(current:id: "s0"
address: "localhost:46195"
dataStreamAddress: "localhost:39399"
clientAddress: "localhost:42765"
adminAddress: "localhost:44717"
startupRole: FOLLOWER
,id: "s1"
address: "0.0.0.0:46693"
clientAddress: "0.0.0.0:46693"
adminAddress: "0.0.0.0:46693"
startupRole: FOLLOWER
,id: "s2"
address: "0.0.0.0:36699"
clientAddress: "0.0.0.0:36699"
adminAddress: "0.0.0.0:36699"
startupRole: FOLLOWER
, old:id: "s0"
address: "localhost:46195"
dataStreamAddress: "localhost:39399"
clientAddress: "localhost:42765"
adminAddress: "localhost:44717"
startupRole: FOLLOWER
)
java.util.concurrent.CompletionException: java.util.concurrent.RejectedExecutionException: Task java.util.concurrent.CompletableFuture$AsyncSupply@5ab327b2 rejected from java.util.concurrent.ThreadPoolExecutor@3ad4e2b[Terminated, pool size = 0, active threads = 0, queued tasks = 0, completed tasks = 198]
	at java.base/java.util.concurrent.CompletableFuture.encodeThrowable(CompletableFuture.java:314)
	at java.base/java.util.concurrent.CompletableFuture.uniComposeStage(CompletableFuture.java:1113)
	at java.base/java.util.concurrent.CompletableFuture.thenCompose(CompletableFuture.java:2235)
	at org.apache.ratis.server.impl.RaftServerProxy.appendEntriesAsync(RaftServerProxy.java:634)
	at org.apache.ratis.grpc.server.GrpcServerProtocolService$1.process(GrpcServerProtocolService.java:219)
	at org.apache.ratis.grpc.server.GrpcServerProtocolService$1.process(GrpcServerProtocolService.java:216)
	at org.apache.ratis.grpc.server.GrpcServerProtocolService$ServerRequestStreamObserver.onNext(GrpcServerProtocolService.java:124)
	at org.apache.ratis.thirdparty.io.grpc.stub.ServerCalls$StreamingServerCallHandler$StreamingServerCallListener.onMessage(ServerCalls.java:262)
	at org.apache.ratis.thirdparty.io.grpc.ForwardingServerCallListener.onMessage(ForwardingServerCallListener.java:33)
	at org.apache.ratis.thirdparty.io.grpc.internal.ServerCallImpl$ServerStreamListenerImpl.messagesAvailableInternal(ServerCallImpl.java:332)
	at org.apache.ratis.thirdparty.io.grpc.internal.ServerCallImpl$ServerStreamListenerImpl.messagesAvailable(ServerCallImpl.java:315)
	at org.apache.ratis.thirdparty.io.grpc.internal.ServerImpl$JumpToApplicationThreadServerStreamListener$1MessagesAvailable.runInContext(ServerImpl.java:834)
	at org.apache.ratis.thirdparty.io.grpc.internal.ContextRunnable.run(ContextRunnable.java:37)
	at org.apache.ratis.thirdparty.io.grpc.internal.SerializingExecutor.run(SerializingExecutor.java:133)
	at java.base/java.util.concurrent.ThreadPoolExecutor.runWorker(ThreadPoolExecutor.java:1128)
	at java.base/java.util.concurrent.ThreadPoolExecutor$Worker.run(ThreadPoolExecutor.java:628)
	at java.base/java.lang.Thread.run(Thread.java:829)
Caused by: java.util.concurrent.RejectedExecutionException: Task java.util.concurrent.CompletableFuture$AsyncSupply@5ab327b2 rejected from java.util.concurrent.ThreadPoolExecutor@3ad4e2b[Terminated, pool size = 0, active threads = 0, queued tasks = 0, completed tasks = 198]
	at java.base/java.util.concurrent.ThreadPoolExecutor$AbortPolicy.rejectedExecution(ThreadPoolExecutor.java:2055)
	at java.base/java.util.concurrent.ThreadPoolExecutor.reject(ThreadPoolExecutor.java:825)
	at java.base/java.util.concurrent.ThreadPoolExecutor.execute(ThreadPoolExecutor.java:1355)
	at java.base/java.util.concurrent.CompletableFuture.asyncSupplyStage(CompletableFuture.java:1714)
	at java.base/java.util.concurrent.CompletableFuture.supplyAsync(CompletableFuture.java:1931)
	at org.apache.ratis.server.impl.RaftServerImpl.executeSubmitServerRequestAsync(RaftServerImpl.java:812)
	at org.apache.ratis.server.impl.RaftServerProxy.lambda$appendEntriesAsync$27(RaftServerProxy.java:634)
	at java.base/java.util.concurrent.CompletableFuture.uniComposeStage(CompletableFuture.java:1106)
	... 15 more
2022-10-13 10:40:56,524 [grpc-default-executor-0] WARN  server.GrpcLogAppender (LogUtils.java:warn(124)) - s0@group-6905249F38B1->s1-AppendLogResponseHandler: Failed appendEntries
java.io.IOException: java.util.concurrent.RejectedExecutionException: Task java.util.concurrent.CompletableFuture$AsyncSupply@5ab327b2 rejected from java.util.concurrent.ThreadPoolExecutor@3ad4e2b[Terminated, pool size = 0, active threads = 0, queued tasks = 0, completed tasks = 198]
	at org.apache.ratis.util.IOUtils.asIOException(IOUtils.java:56)
	at org.apache.ratis.grpc.GrpcUtil.tryUnwrapException(GrpcUtil.java:121)
	at org.apache.ratis.grpc.GrpcUtil.unwrapThrowable(GrpcUtil.java:82)
	at org.apache.ratis.grpc.GrpcUtil.warn(GrpcUtil.java:178)
	at org.apache.ratis.grpc.server.GrpcLogAppender$AppendLogResponseHandler.onError(GrpcLogAppender.java:405)
	at org.apache.ratis.thirdparty.io.grpc.stub.ClientCalls$StreamObserverToCallListenerAdapter.onClose(ClientCalls.java:487)
	at org.apache.ratis.thirdparty.io.grpc.internal.ClientCallImpl.closeObserver(ClientCallImpl.java:562)
	at org.apache.ratis.thirdparty.io.grpc.internal.ClientCallImpl.access$300(ClientCallImpl.java:70)
	at org.apache.ratis.thirdparty.io.grpc.internal.ClientCallImpl$ClientStreamListenerImpl$1StreamClosed.runInternal(ClientCallImpl.java:743)
	at org.apache.ratis.thirdparty.io.grpc.internal.ClientCallImpl$ClientStreamListenerImpl$1StreamClosed.runInContext(ClientCallImpl.java:722)
	at org.apache.ratis.thirdparty.io.grpc.internal.ContextRunnable.run(ContextRunnable.java:37)
	at org.apache.ratis.thirdparty.io.grpc.internal.SerializingExecutor.run(SerializingExecutor.java:133)
	at java.base/java.util.concurrent.ThreadPoolExecutor.runWorker(ThreadPoolExecutor.java:1128)
	at java.base/java.util.concurrent.ThreadPoolExecutor$Worker.run(ThreadPoolExecutor.java:628)
	at java.base/java.lang.Thread.run(Thread.java:829)
Caused by: java.util.concurrent.RejectedExecutionException: Task java.util.concurrent.CompletableFuture$AsyncSupply@5ab327b2 rejected from java.util.concurrent.ThreadPoolExecutor@3ad4e2b[Terminated, pool size = 0, active threads = 0, queued tasks = 0, completed tasks = 198]
	at java.base/jdk.internal.reflect.GeneratedConstructorAccessor7.newInstance(Unknown Source)
	at java.base/jdk.internal.reflect.DelegatingConstructorAccessorImpl.newInstance(DelegatingConstructorAccessorImpl.java:45)
	at java.base/java.lang.reflect.Constructor.newInstance(Constructor.java:490)
	at org.apache.ratis.util.ReflectionUtils.instantiateException(ReflectionUtils.java:259)
	at org.apache.ratis.grpc.GrpcUtil.tryUnwrapException(GrpcUtil.java:120)
	... 13 more
Caused by: org.apache.ratis.thirdparty.io.grpc.StatusRuntimeException: INTERNAL: Task java.util.concurrent.CompletableFuture$AsyncSupply@5ab327b2 rejected from java.util.concurrent.ThreadPoolExecutor@3ad4e2b[Terminated, pool size = 0, active threads = 0, queued tasks = 0, completed tasks = 198]
	at org.apache.ratis.thirdparty.io.grpc.Status.asRuntimeException(Status.java:535)
	... 10 more
	Suppressed: java.lang.IllegalStateException: Failed to cast to class java.io.IOException, object=java.util.concurrent.RejectedExecutionException: Task java.util.concurrent.CompletableFuture$AsyncSupply@5ab327b2 rejected from java.util.concurrent.ThreadPoolExecutor@3ad4e2b[Terminated, pool size = 0, active threads = 0, queued tasks = 0, completed tasks = 198]
	at java.base/java.util.concurrent.ThreadPoolExecutor$AbortPolicy.rejectedExecution(ThreadPoolExecutor.java:2055)
	at java.base/java.util.concurrent.ThreadPoolExecutor.reject(ThreadPoolExecutor.java:825)
	at java.base/java.util.concurrent.ThreadPoolExecutor.execute(ThreadPoolExecutor.java:1355)
	at java.base/java.util.concurrent.CompletableFuture.asyncSupplyStage(CompletableFuture.java:1714)
	at java.base/java.util.concurrent.CompletableFuture.supplyAsync(CompletableFuture.java:1931)
	at org.apache.ratis.server.impl.RaftServerImpl.executeSubmitServerRequestAsync(RaftServerImpl.java:812)
	at org.apache.ratis.server.impl.RaftServerProxy.lambda$appendEntriesAsync$27(RaftServerProxy.java:634)
	at java.base/java.util.concurrent.CompletableFuture.uniComposeStage(CompletableFuture.java:1106)
	at java.base/java.util.concurrent.CompletableFuture.thenCompose(CompletableFuture.java:2235)
	at org.apache.ratis.server.impl.RaftServerProxy.appendEntriesAsync(RaftServerProxy.java:634)
	at org.apache.ratis.grpc.server.GrpcServerProtocolService$1.process(GrpcServerProtocolService.java:219)
	at org.apache.ratis.grpc.server.GrpcServerProtocolService$1.process(GrpcServerProtocolService.java:216)
	at org.apache.ratis.grpc.server.GrpcServerProtocolService$ServerRequestStreamObserver.onNext(GrpcServerProtocolService.java:124)
	at org.apache.ratis.thirdparty.io.grpc.stub.ServerCalls$StreamingServerCallHandler$StreamingServerCallListener.onMessage(ServerCalls.java:262)
	at org.apache.ratis.thirdparty.io.grpc.ForwardingServerCallListener.onMessage(ForwardingServerCallListener.java:33)
	at org.apache.ratis.thirdparty.io.grpc.internal.ServerCallImpl$ServerStreamListenerImpl.messagesAvailableInternal(ServerCallImpl.java:332)
	at org.apache.ratis.thirdparty.io.grpc.internal.ServerCallImpl$ServerStreamListenerImpl.messagesAvailable(ServerCallImpl.java:315)
	at org.apache.ratis.thirdparty.io.grpc.internal.ServerImpl$JumpToApplicationThreadServerStreamListener$1MessagesAvailable.runInContext(ServerImpl.java:834)
	at org.apache.ratis.thirdparty.io.grpc.internal.ContextRunnable.run(ContextRunnable.java:37)
	at org.apache.ratis.thirdparty.io.grpc.internal.SerializingExecutor.run(SerializingExecutor.java:133)
	at java.base/java.util.concurrent.ThreadPoolExecutor.runWorker(ThreadPoolExecutor.java:1128)
	at java.base/java.util.concurrent.ThreadPoolExecutor$Worker.run(ThreadPoolExecutor.java:628)
	at java.base/java.lang.Thread.run(Thread.java:829)

		at org.apache.ratis.util.IOUtils.readObject(IOUtils.java:237)
		at org.apache.ratis.util.IOUtils.bytes2Object(IOUtils.java:214)
		at org.apache.ratis.grpc.GrpcUtil.tryUnwrapException(GrpcUtil.java:109)
		at org.apache.ratis.grpc.GrpcUtil.unwrapThrowable(GrpcUtil.java:82)
		at org.apache.ratis.grpc.GrpcUtil.warn(GrpcUtil.java:178)
		at org.apache.ratis.grpc.server.GrpcLogAppender$AppendLogResponseHandler.onError(GrpcLogAppender.java:405)
		... 10 more
	Caused by: java.lang.ClassCastException: Cannot cast java.util.concurrent.RejectedExecutionException to java.io.IOException
		at java.base/java.lang.Class.cast(Class.java:3605)
		at org.apache.ratis.util.IOUtils.readObject(IOUtils.java:234)
		... 15 more
2022-10-13 10:40:56,525 [grpc-default-executor-0] INFO  leader.FollowerInfo (FollowerInfoImpl.java:lambda$new$0(48)) - s0@group-6905249F38B1->s1: nextIndex: updateUnconditionally 263 -> 259
2022-10-13 10:40:56,560 [grpc-default-executor-3] WARN  server.GrpcServerProtocolService (LogUtils.java:warn(124)) - s1: Failed APPEND_ENTRIES request s0->s1#318-t2,previous=(t:2, i:258),leaderCommit=262,initializing? true,entries: size=4, first=(t:2, i:259), CONFIGURATIONENTRY(current:id: "s0"
address: "localhost:46195"
dataStreamAddress: "localhost:39399"
clientAddress: "localhost:42765"
adminAddress: "localhost:44717"
startupRole: FOLLOWER
,id: "s1"
address: "0.0.0.0:46693"
clientAddress: "0.0.0.0:46693"
adminAddress: "0.0.0.0:46693"
startupRole: FOLLOWER
,id: "s2"
address: "0.0.0.0:36699"
clientAddress: "0.0.0.0:36699"
adminAddress: "0.0.0.0:36699"
startupRole: FOLLOWER
, old:id: "s0"
address: "localhost:46195"
dataStreamAddress: "localhost:39399"
clientAddress: "localhost:42765"
adminAddress: "localhost:44717"
startupRole: FOLLOWER
)
java.util.concurrent.CompletionException: java.util.concurrent.RejectedExecutionException: Task java.util.concurrent.CompletableFuture$AsyncSupply@19ac94c5 rejected from java.util.concurrent.ThreadPoolExecutor@3ad4e2b[Terminated, pool size = 0, active threads = 0, queued tasks = 0, completed tasks = 198]
	at java.base/java.util.concurrent.CompletableFuture.encodeThrowable(CompletableFuture.java:314)
	at java.base/java.util.concurrent.CompletableFuture.uniComposeStage(CompletableFuture.java:1113)
	at java.base/java.util.concurrent.CompletableFuture.thenCompose(CompletableFuture.java:2235)
	at org.apache.ratis.server.impl.RaftServerProxy.appendEntriesAsync(RaftServerProxy.java:634)
	at org.apache.ratis.grpc.server.GrpcServerProtocolService$1.process(GrpcServerProtocolService.java:219)
	at org.apache.ratis.grpc.server.GrpcServerProtocolService$1.process(GrpcServerProtocolService.java:216)
	at org.apache.ratis.grpc.server.GrpcServerProtocolService$ServerRequestStreamObserver.onNext(GrpcServerProtocolService.java:124)
	at org.apache.ratis.thirdparty.io.grpc.stub.ServerCalls$StreamingServerCallHandler$StreamingServerCallListener.onMessage(ServerCalls.java:262)
	at org.apache.ratis.thirdparty.io.grpc.ForwardingServerCallListener.onMessage(ForwardingServerCallListener.java:33)
	at org.apache.ratis.thirdparty.io.grpc.internal.ServerCallImpl$ServerStreamListenerImpl.messagesAvailableInternal(ServerCallImpl.java:332)
	at org.apache.ratis.thirdparty.io.grpc.internal.ServerCallImpl$ServerStreamListenerImpl.messagesAvailable(ServerCallImpl.java:315)
	at org.apache.ratis.thirdparty.io.grpc.internal.ServerImpl$JumpToApplicationThreadServerStreamListener$1MessagesAvailable.runInContext(ServerImpl.java:834)
	at org.apache.ratis.thirdparty.io.grpc.internal.ContextRunnable.run(ContextRunnable.java:37)
	at org.apache.ratis.thirdparty.io.grpc.internal.SerializingExecutor.run(SerializingExecutor.java:133)
	at java.base/java.util.concurrent.ThreadPoolExecutor.runWorker(ThreadPoolExecutor.java:1128)
	at java.base/java.util.concurrent.ThreadPoolExecutor$Worker.run(ThreadPoolExecutor.java:628)
	at java.base/java.lang.Thread.run(Thread.java:829)
Caused by: java.util.concurrent.RejectedExecutionException: Task java.util.concurrent.CompletableFuture$AsyncSupply@19ac94c5 rejected from java.util.concurrent.ThreadPoolExecutor@3ad4e2b[Terminated, pool size = 0, active threads = 0, queued tasks = 0, completed tasks = 198]
	at java.base/java.util.concurrent.ThreadPoolExecutor$AbortPolicy.rejectedExecution(ThreadPoolExecutor.java:2055)
	at java.base/java.util.concurrent.ThreadPoolExecutor.reject(ThreadPoolExecutor.java:825)
	at java.base/java.util.concurrent.ThreadPoolExecutor.execute(ThreadPoolExecutor.java:1355)
	at java.base/java.util.concurrent.CompletableFuture.asyncSupplyStage(CompletableFuture.java:1714)
	at java.base/java.util.concurrent.CompletableFuture.supplyAsync(CompletableFuture.java:1931)
	at org.apache.ratis.server.impl.RaftServerImpl.executeSubmitServerRequestAsync(RaftServerImpl.java:812)
	at org.apache.ratis.server.impl.RaftServerProxy.lambda$appendEntriesAsync$27(RaftServerProxy.java:634)
	at java.base/java.util.concurrent.CompletableFuture.uniComposeStage(CompletableFuture.java:1106)
	... 15 more
2022-10-13 10:40:56,562 [grpc-default-executor-3] WARN  server.GrpcLogAppender (LogUtils.java:warn(124)) - s0@group-6905249F38B1->s1-AppendLogResponseHandler: Failed appendEntries
java.io.IOException: java.util.concurrent.RejectedExecutionException: Task java.util.concurrent.CompletableFuture$AsyncSupply@19ac94c5 rejected from java.util.concurrent.ThreadPoolExecutor@3ad4e2b[Terminated, pool size = 0, active threads = 0, queued tasks = 0, completed tasks = 198]
	at org.apache.ratis.util.IOUtils.asIOException(IOUtils.java:56)
	at org.apache.ratis.grpc.GrpcUtil.tryUnwrapException(GrpcUtil.java:121)
	at org.apache.ratis.grpc.GrpcUtil.unwrapThrowable(GrpcUtil.java:82)
	at org.apache.ratis.grpc.GrpcUtil.warn(GrpcUtil.java:178)
	at org.apache.ratis.grpc.server.GrpcLogAppender$AppendLogResponseHandler.onError(GrpcLogAppender.java:405)
	at org.apache.ratis.thirdparty.io.grpc.stub.ClientCalls$StreamObserverToCallListenerAdapter.onClose(ClientCalls.java:487)
	at org.apache.ratis.thirdparty.io.grpc.internal.ClientCallImpl.closeObserver(ClientCallImpl.java:562)
	at org.apache.ratis.thirdparty.io.grpc.internal.ClientCallImpl.access$300(ClientCallImpl.java:70)
	at org.apache.ratis.thirdparty.io.grpc.internal.ClientCallImpl$ClientStreamListenerImpl$1StreamClosed.runInternal(ClientCallImpl.java:743)
	at org.apache.ratis.thirdparty.io.grpc.internal.ClientCallImpl$ClientStreamListenerImpl$1StreamClosed.runInContext(ClientCallImpl.java:722)
	at org.apache.ratis.thirdparty.io.grpc.internal.ContextRunnable.run(ContextRunnable.java:37)
	at org.apache.ratis.thirdparty.io.grpc.internal.SerializingExecutor.run(SerializingExecutor.java:133)
	at java.base/java.util.concurrent.ThreadPoolExecutor.runWorker(ThreadPoolExecutor.java:1128)
	at java.base/java.util.concurrent.ThreadPoolExecutor$Worker.run(ThreadPoolExecutor.java:628)
	at java.base/java.lang.Thread.run(Thread.java:829)
Caused by: java.util.concurrent.RejectedExecutionException: Task java.util.concurrent.CompletableFuture$AsyncSupply@19ac94c5 rejected from java.util.concurrent.ThreadPoolExecutor@3ad4e2b[Terminated, pool size = 0, active threads = 0, queued tasks = 0, completed tasks = 198]
	at java.base/jdk.internal.reflect.GeneratedConstructorAccessor7.newInstance(Unknown Source)
	at java.base/jdk.internal.reflect.DelegatingConstructorAccessorImpl.newInstance(DelegatingConstructorAccessorImpl.java:45)
	at java.base/java.lang.reflect.Constructor.newInstance(Constructor.java:490)
	at org.apache.ratis.util.ReflectionUtils.instantiateException(ReflectionUtils.java:259)
	at org.apache.ratis.grpc.GrpcUtil.tryUnwrapException(GrpcUtil.java:120)
	... 13 more
Caused by: org.apache.ratis.thirdparty.io.grpc.StatusRuntimeException: INTERNAL: Task java.util.concurrent.CompletableFuture$AsyncSupply@19ac94c5 rejected from java.util.concurrent.ThreadPoolExecutor@3ad4e2b[Terminated, pool size = 0, active threads = 0, queued tasks = 0, completed tasks = 198]
	at org.apache.ratis.thirdparty.io.grpc.Status.asRuntimeException(Status.java:535)
	... 10 more
	Suppressed: java.lang.IllegalStateException: Failed to cast to class java.io.IOException, object=java.util.concurrent.RejectedExecutionException: Task java.util.concurrent.CompletableFuture$AsyncSupply@19ac94c5 rejected from java.util.concurrent.ThreadPoolExecutor@3ad4e2b[Terminated, pool size = 0, active threads = 0, queued tasks = 0, completed tasks = 198]
	at java.base/java.util.concurrent.ThreadPoolExecutor$AbortPolicy.rejectedExecution(ThreadPoolExecutor.java:2055)
	at java.base/java.util.concurrent.ThreadPoolExecutor.reject(ThreadPoolExecutor.java:825)
	at java.base/java.util.concurrent.ThreadPoolExecutor.execute(ThreadPoolExecutor.java:1355)
	at java.base/java.util.concurrent.CompletableFuture.asyncSupplyStage(CompletableFuture.java:1714)
	at java.base/java.util.concurrent.CompletableFuture.supplyAsync(CompletableFuture.java:1931)
	at org.apache.ratis.server.impl.RaftServerImpl.executeSubmitServerRequestAsync(RaftServerImpl.java:812)
	at org.apache.ratis.server.impl.RaftServerProxy.lambda$appendEntriesAsync$27(RaftServerProxy.java:634)
	at java.base/java.util.concurrent.CompletableFuture.uniComposeStage(CompletableFuture.java:1106)
	at java.base/java.util.concurrent.CompletableFuture.thenCompose(CompletableFuture.java:2235)
	at org.apache.ratis.server.impl.RaftServerProxy.appendEntriesAsync(RaftServerProxy.java:634)
	at org.apache.ratis.grpc.server.GrpcServerProtocolService$1.process(GrpcServerProtocolService.java:219)
	at org.apache.ratis.grpc.server.GrpcServerProtocolService$1.process(GrpcServerProtocolService.java:216)
	at org.apache.ratis.grpc.server.GrpcServerProtocolService$ServerRequestStreamObserver.onNext(GrpcServerProtocolService.java:124)
	at org.apache.ratis.thirdparty.io.grpc.stub.ServerCalls$StreamingServerCallHandler$StreamingServerCallListener.onMessage(ServerCalls.java:262)
	at org.apache.ratis.thirdparty.io.grpc.ForwardingServerCallListener.onMessage(ForwardingServerCallListener.java:33)
	at org.apache.ratis.thirdparty.io.grpc.internal.ServerCallImpl$ServerStreamListenerImpl.messagesAvailableInternal(ServerCallImpl.java:332)
	at org.apache.ratis.thirdparty.io.grpc.internal.ServerCallImpl$ServerStreamListenerImpl.messagesAvailable(ServerCallImpl.java:315)
	at org.apache.ratis.thirdparty.io.grpc.internal.ServerImpl$JumpToApplicationThreadServerStreamListener$1MessagesAvailable.runInContext(ServerImpl.java:834)
	at org.apache.ratis.thirdparty.io.grpc.internal.ContextRunnable.run(ContextRunnable.java:37)
	at org.apache.ratis.thirdparty.io.grpc.internal.SerializingExecutor.run(SerializingExecutor.java:133)
	at java.base/java.util.concurrent.ThreadPoolExecutor.runWorker(ThreadPoolExecutor.java:1128)
	at java.base/java.util.concurrent.ThreadPoolExecutor$Worker.run(ThreadPoolExecutor.java:628)
	at java.base/java.lang.Thread.run(Thread.java:829)

		at org.apache.ratis.util.IOUtils.readObject(IOUtils.java:237)
		at org.apache.ratis.util.IOUtils.bytes2Object(IOUtils.java:214)
		at org.apache.ratis.grpc.GrpcUtil.tryUnwrapException(GrpcUtil.java:109)
		at org.apache.ratis.grpc.GrpcUtil.unwrapThrowable(GrpcUtil.java:82)
		at org.apache.ratis.grpc.GrpcUtil.warn(GrpcUtil.java:178)
		at org.apache.ratis.grpc.server.GrpcLogAppender$AppendLogResponseHandler.onError(GrpcLogAppender.java:405)
		... 10 more
	Caused by: java.lang.ClassCastException: Cannot cast java.util.concurrent.RejectedExecutionException to java.io.IOException
		at java.base/java.lang.Class.cast(Class.java:3605)
		at org.apache.ratis.util.IOUtils.readObject(IOUtils.java:234)
		... 15 more
2022-10-13 10:40:56,562 [grpc-default-executor-3] INFO  leader.FollowerInfo (FollowerInfoImpl.java:lambda$new$0(48)) - s0@group-6905249F38B1->s1: nextIndex: updateUnconditionally 263 -> 259
2022-10-13 10:40:56,598 [grpc-default-executor-3] WARN  server.GrpcServerProtocolService (LogUtils.java:warn(124)) - s1: Failed APPEND_ENTRIES request s0->s1#320-t2,previous=(t:2, i:258),leaderCommit=262,initializing? true,entries: size=4, first=(t:2, i:259), CONFIGURATIONENTRY(current:id: "s0"
address: "localhost:46195"
dataStreamAddress: "localhost:39399"
clientAddress: "localhost:42765"
adminAddress: "localhost:44717"
startupRole: FOLLOWER
,id: "s1"
address: "0.0.0.0:46693"
clientAddress: "0.0.0.0:46693"
adminAddress: "0.0.0.0:46693"
startupRole: FOLLOWER
,id: "s2"
address: "0.0.0.0:36699"
clientAddress: "0.0.0.0:36699"
adminAddress: "0.0.0.0:36699"
startupRole: FOLLOWER
, old:id: "s0"
address: "localhost:46195"
dataStreamAddress: "localhost:39399"
clientAddress: "localhost:42765"
adminAddress: "localhost:44717"
startupRole: FOLLOWER
)
java.util.concurrent.CompletionException: java.util.concurrent.RejectedExecutionException: Task java.util.concurrent.CompletableFuture$AsyncSupply@10d9d148 rejected from java.util.concurrent.ThreadPoolExecutor@3ad4e2b[Terminated, pool size = 0, active threads = 0, queued tasks = 0, completed tasks = 198]
	at java.base/java.util.concurrent.CompletableFuture.encodeThrowable(CompletableFuture.java:314)
	at java.base/java.util.concurrent.CompletableFuture.uniComposeStage(CompletableFuture.java:1113)
	at java.base/java.util.concurrent.CompletableFuture.thenCompose(CompletableFuture.java:2235)
	at org.apache.ratis.server.impl.RaftServerProxy.appendEntriesAsync(RaftServerProxy.java:634)
	at org.apache.ratis.grpc.server.GrpcServerProtocolService$1.process(GrpcServerProtocolService.java:219)
	at org.apache.ratis.grpc.server.GrpcServerProtocolService$1.process(GrpcServerProtocolService.java:216)
	at org.apache.ratis.grpc.server.GrpcServerProtocolService$ServerRequestStreamObserver.onNext(GrpcServerProtocolService.java:124)
	at org.apache.ratis.thirdparty.io.grpc.stub.ServerCalls$StreamingServerCallHandler$StreamingServerCallListener.onMessage(ServerCalls.java:262)
	at org.apache.ratis.thirdparty.io.grpc.ForwardingServerCallListener.onMessage(ForwardingServerCallListener.java:33)
	at org.apache.ratis.thirdparty.io.grpc.internal.ServerCallImpl$ServerStreamListenerImpl.messagesAvailableInternal(ServerCallImpl.java:332)
	at org.apache.ratis.thirdparty.io.grpc.internal.ServerCallImpl$ServerStreamListenerImpl.messagesAvailable(ServerCallImpl.java:315)
	at org.apache.ratis.thirdparty.io.grpc.internal.ServerImpl$JumpToApplicationThreadServerStreamListener$1MessagesAvailable.runInContext(ServerImpl.java:834)
	at org.apache.ratis.thirdparty.io.grpc.internal.ContextRunnable.run(ContextRunnable.java:37)
	at org.apache.ratis.thirdparty.io.grpc.internal.SerializingExecutor.run(SerializingExecutor.java:133)
	at java.base/java.util.concurrent.ThreadPoolExecutor.runWorker(ThreadPoolExecutor.java:1128)
	at java.base/java.util.concurrent.ThreadPoolExecutor$Worker.run(ThreadPoolExecutor.java:628)
	at java.base/java.lang.Thread.run(Thread.java:829)
Caused by: java.util.concurrent.RejectedExecutionException: Task java.util.concurrent.CompletableFuture$AsyncSupply@10d9d148 rejected from java.util.concurrent.ThreadPoolExecutor@3ad4e2b[Terminated, pool size = 0, active threads = 0, queued tasks = 0, completed tasks = 198]
	at java.base/java.util.concurrent.ThreadPoolExecutor$AbortPolicy.rejectedExecution(ThreadPoolExecutor.java:2055)
	at java.base/java.util.concurrent.ThreadPoolExecutor.reject(ThreadPoolExecutor.java:825)
	at java.base/java.util.concurrent.ThreadPoolExecutor.execute(ThreadPoolExecutor.java:1355)
	at java.base/java.util.concurrent.CompletableFuture.asyncSupplyStage(CompletableFuture.java:1714)
	at java.base/java.util.concurrent.CompletableFuture.supplyAsync(CompletableFuture.java:1931)
	at org.apache.ratis.server.impl.RaftServerImpl.executeSubmitServerRequestAsync(RaftServerImpl.java:812)
	at org.apache.ratis.server.impl.RaftServerProxy.lambda$appendEntriesAsync$27(RaftServerProxy.java:634)
	at java.base/java.util.concurrent.CompletableFuture.uniComposeStage(CompletableFuture.java:1106)
	... 15 more
2022-10-13 10:40:56,600 [grpc-default-executor-2] WARN  server.GrpcLogAppender (LogUtils.java:warn(124)) - s0@group-6905249F38B1->s1-AppendLogResponseHandler: Failed appendEntries
java.io.IOException: java.util.concurrent.RejectedExecutionException: Task java.util.concurrent.CompletableFuture$AsyncSupply@10d9d148 rejected from java.util.concurrent.ThreadPoolExecutor@3ad4e2b[Terminated, pool size = 0, active threads = 0, queued tasks = 0, completed tasks = 198]
	at org.apache.ratis.util.IOUtils.asIOException(IOUtils.java:56)
	at org.apache.ratis.grpc.GrpcUtil.tryUnwrapException(GrpcUtil.java:121)
	at org.apache.ratis.grpc.GrpcUtil.unwrapThrowable(GrpcUtil.java:82)
	at org.apache.ratis.grpc.GrpcUtil.warn(GrpcUtil.java:178)
	at org.apache.ratis.grpc.server.GrpcLogAppender$AppendLogResponseHandler.onError(GrpcLogAppender.java:405)
	at org.apache.ratis.thirdparty.io.grpc.stub.ClientCalls$StreamObserverToCallListenerAdapter.onClose(ClientCalls.java:487)
	at org.apache.ratis.thirdparty.io.grpc.internal.ClientCallImpl.closeObserver(ClientCallImpl.java:562)
	at org.apache.ratis.thirdparty.io.grpc.internal.ClientCallImpl.access$300(ClientCallImpl.java:70)
	at org.apache.ratis.thirdparty.io.grpc.internal.ClientCallImpl$ClientStreamListenerImpl$1StreamClosed.runInternal(ClientCallImpl.java:743)
	at org.apache.ratis.thirdparty.io.grpc.internal.ClientCallImpl$ClientStreamListenerImpl$1StreamClosed.runInContext(ClientCallImpl.java:722)
	at org.apache.ratis.thirdparty.io.grpc.internal.ContextRunnable.run(ContextRunnable.java:37)
	at org.apache.ratis.thirdparty.io.grpc.internal.SerializingExecutor.run(SerializingExecutor.java:133)
	at java.base/java.util.concurrent.ThreadPoolExecutor.runWorker(ThreadPoolExecutor.java:1128)
	at java.base/java.util.concurrent.ThreadPoolExecutor$Worker.run(ThreadPoolExecutor.java:628)
	at java.base/java.lang.Thread.run(Thread.java:829)
Caused by: java.util.concurrent.RejectedExecutionException: Task java.util.concurrent.CompletableFuture$AsyncSupply@10d9d148 rejected from java.util.concurrent.ThreadPoolExecutor@3ad4e2b[Terminated, pool size = 0, active threads = 0, queued tasks = 0, completed tasks = 198]
	at java.base/jdk.internal.reflect.GeneratedConstructorAccessor7.newInstance(Unknown Source)
	at java.base/jdk.internal.reflect.DelegatingConstructorAccessorImpl.newInstance(DelegatingConstructorAccessorImpl.java:45)
	at java.base/java.lang.reflect.Constructor.newInstance(Constructor.java:490)
	at org.apache.ratis.util.ReflectionUtils.instantiateException(ReflectionUtils.java:259)
	at org.apache.ratis.grpc.GrpcUtil.tryUnwrapException(GrpcUtil.java:120)
	... 13 more
Caused by: org.apache.ratis.thirdparty.io.grpc.StatusRuntimeException: INTERNAL: Task java.util.concurrent.CompletableFuture$AsyncSupply@10d9d148 rejected from java.util.concurrent.ThreadPoolExecutor@3ad4e2b[Terminated, pool size = 0, active threads = 0, queued tasks = 0, completed tasks = 198]
	at org.apache.ratis.thirdparty.io.grpc.Status.asRuntimeException(Status.java:535)
	... 10 more
	Suppressed: java.lang.IllegalStateException: Failed to cast to class java.io.IOException, object=java.util.concurrent.RejectedExecutionException: Task java.util.concurrent.CompletableFuture$AsyncSupply@10d9d148 rejected from java.util.concurrent.ThreadPoolExecutor@3ad4e2b[Terminated, pool size = 0, active threads = 0, queued tasks = 0, completed tasks = 198]
	at java.base/java.util.concurrent.ThreadPoolExecutor$AbortPolicy.rejectedExecution(ThreadPoolExecutor.java:2055)
	at java.base/java.util.concurrent.ThreadPoolExecutor.reject(ThreadPoolExecutor.java:825)
	at java.base/java.util.concurrent.ThreadPoolExecutor.execute(ThreadPoolExecutor.java:1355)
	at java.base/java.util.concurrent.CompletableFuture.asyncSupplyStage(CompletableFuture.java:1714)
	at java.base/java.util.concurrent.CompletableFuture.supplyAsync(CompletableFuture.java:1931)
	at org.apache.ratis.server.impl.RaftServerImpl.executeSubmitServerRequestAsync(RaftServerImpl.java:812)
	at org.apache.ratis.server.impl.RaftServerProxy.lambda$appendEntriesAsync$27(RaftServerProxy.java:634)
	at java.base/java.util.concurrent.CompletableFuture.uniComposeStage(CompletableFuture.java:1106)
	at java.base/java.util.concurrent.CompletableFuture.thenCompose(CompletableFuture.java:2235)
	at org.apache.ratis.server.impl.RaftServerProxy.appendEntriesAsync(RaftServerProxy.java:634)
	at org.apache.ratis.grpc.server.GrpcServerProtocolService$1.process(GrpcServerProtocolService.java:219)
	at org.apache.ratis.grpc.server.GrpcServerProtocolService$1.process(GrpcServerProtocolService.java:216)
	at org.apache.ratis.grpc.server.GrpcServerProtocolService$ServerRequestStreamObserver.onNext(GrpcServerProtocolService.java:124)
	at org.apache.ratis.thirdparty.io.grpc.stub.ServerCalls$StreamingServerCallHandler$StreamingServerCallListener.onMessage(ServerCalls.java:262)
	at org.apache.ratis.thirdparty.io.grpc.ForwardingServerCallListener.onMessage(ForwardingServerCallListener.java:33)
	at org.apache.ratis.thirdparty.io.grpc.internal.ServerCallImpl$ServerStreamListenerImpl.messagesAvailableInternal(ServerCallImpl.java:332)
	at org.apache.ratis.thirdparty.io.grpc.internal.ServerCallImpl$ServerStreamListenerImpl.messagesAvailable(ServerCallImpl.java:315)
	at org.apache.ratis.thirdparty.io.grpc.internal.ServerImpl$JumpToApplicationThreadServerStreamListener$1MessagesAvailable.runInContext(ServerImpl.java:834)
	at org.apache.ratis.thirdparty.io.grpc.internal.ContextRunnable.run(ContextRunnable.java:37)
	at org.apache.ratis.thirdparty.io.grpc.internal.SerializingExecutor.run(SerializingExecutor.java:133)
	at java.base/java.util.concurrent.ThreadPoolExecutor.runWorker(ThreadPoolExecutor.java:1128)
	at java.base/java.util.concurrent.ThreadPoolExecutor$Worker.run(ThreadPoolExecutor.java:628)
	at java.base/java.lang.Thread.run(Thread.java:829)

		at org.apache.ratis.util.IOUtils.readObject(IOUtils.java:237)
		at org.apache.ratis.util.IOUtils.bytes2Object(IOUtils.java:214)
		at org.apache.ratis.grpc.GrpcUtil.tryUnwrapException(GrpcUtil.java:109)
		at org.apache.ratis.grpc.GrpcUtil.unwrapThrowable(GrpcUtil.java:82)
		at org.apache.ratis.grpc.GrpcUtil.warn(GrpcUtil.java:178)
		at org.apache.ratis.grpc.server.GrpcLogAppender$AppendLogResponseHandler.onError(GrpcLogAppender.java:405)
		... 10 more
	Caused by: java.lang.ClassCastException: Cannot cast java.util.concurrent.RejectedExecutionException to java.io.IOException
		at java.base/java.lang.Class.cast(Class.java:3605)
		at org.apache.ratis.util.IOUtils.readObject(IOUtils.java:234)
		... 15 more
2022-10-13 10:40:56,601 [grpc-default-executor-2] INFO  leader.FollowerInfo (FollowerInfoImpl.java:lambda$new$0(48)) - s0@group-6905249F38B1->s1: nextIndex: updateUnconditionally 263 -> 259
2022-10-13 10:40:56,637 [grpc-default-executor-3] WARN  server.GrpcServerProtocolService (LogUtils.java:warn(124)) - s1: Failed APPEND_ENTRIES request s0->s1#322-t2,previous=(t:2, i:258),leaderCommit=262,initializing? true,entries: size=4, first=(t:2, i:259), CONFIGURATIONENTRY(current:id: "s0"
address: "localhost:46195"
dataStreamAddress: "localhost:39399"
clientAddress: "localhost:42765"
adminAddress: "localhost:44717"
startupRole: FOLLOWER
,id: "s1"
address: "0.0.0.0:46693"
clientAddress: "0.0.0.0:46693"
adminAddress: "0.0.0.0:46693"
startupRole: FOLLOWER
,id: "s2"
address: "0.0.0.0:36699"
clientAddress: "0.0.0.0:36699"
adminAddress: "0.0.0.0:36699"
startupRole: FOLLOWER
, old:id: "s0"
address: "localhost:46195"
dataStreamAddress: "localhost:39399"
clientAddress: "localhost:42765"
adminAddress: "localhost:44717"
startupRole: FOLLOWER
)
java.util.concurrent.CompletionException: java.util.concurrent.RejectedExecutionException: Task java.util.concurrent.CompletableFuture$AsyncSupply@e11044c rejected from java.util.concurrent.ThreadPoolExecutor@3ad4e2b[Terminated, pool size = 0, active threads = 0, queued tasks = 0, completed tasks = 198]
	at java.base/java.util.concurrent.CompletableFuture.encodeThrowable(CompletableFuture.java:314)
	at java.base/java.util.concurrent.CompletableFuture.uniComposeStage(CompletableFuture.java:1113)
	at java.base/java.util.concurrent.CompletableFuture.thenCompose(CompletableFuture.java:2235)
	at org.apache.ratis.server.impl.RaftServerProxy.appendEntriesAsync(RaftServerProxy.java:634)
	at org.apache.ratis.grpc.server.GrpcServerProtocolService$1.process(GrpcServerProtocolService.java:219)
	at org.apache.ratis.grpc.server.GrpcServerProtocolService$1.process(GrpcServerProtocolService.java:216)
	at org.apache.ratis.grpc.server.GrpcServerProtocolService$ServerRequestStreamObserver.onNext(GrpcServerProtocolService.java:124)
	at org.apache.ratis.thirdparty.io.grpc.stub.ServerCalls$StreamingServerCallHandler$StreamingServerCallListener.onMessage(ServerCalls.java:262)
	at org.apache.ratis.thirdparty.io.grpc.ForwardingServerCallListener.onMessage(ForwardingServerCallListener.java:33)
	at org.apache.ratis.thirdparty.io.grpc.internal.ServerCallImpl$ServerStreamListenerImpl.messagesAvailableInternal(ServerCallImpl.java:332)
	at org.apache.ratis.thirdparty.io.grpc.internal.ServerCallImpl$ServerStreamListenerImpl.messagesAvailable(ServerCallImpl.java:315)
	at org.apache.ratis.thirdparty.io.grpc.internal.ServerImpl$JumpToApplicationThreadServerStreamListener$1MessagesAvailable.runInContext(ServerImpl.java:834)
	at org.apache.ratis.thirdparty.io.grpc.internal.ContextRunnable.run(ContextRunnable.java:37)
	at org.apache.ratis.thirdparty.io.grpc.internal.SerializingExecutor.run(SerializingExecutor.java:133)
	at java.base/java.util.concurrent.ThreadPoolExecutor.runWorker(ThreadPoolExecutor.java:1128)
	at java.base/java.util.concurrent.ThreadPoolExecutor$Worker.run(ThreadPoolExecutor.java:628)
	at java.base/java.lang.Thread.run(Thread.java:829)
Caused by: java.util.concurrent.RejectedExecutionException: Task java.util.concurrent.CompletableFuture$AsyncSupply@e11044c rejected from java.util.concurrent.ThreadPoolExecutor@3ad4e2b[Terminated, pool size = 0, active threads = 0, queued tasks = 0, completed tasks = 198]
	at java.base/java.util.concurrent.ThreadPoolExecutor$AbortPolicy.rejectedExecution(ThreadPoolExecutor.java:2055)
	at java.base/java.util.concurrent.ThreadPoolExecutor.reject(ThreadPoolExecutor.java:825)
	at java.base/java.util.concurrent.ThreadPoolExecutor.execute(ThreadPoolExecutor.java:1355)
	at java.base/java.util.concurrent.CompletableFuture.asyncSupplyStage(CompletableFuture.java:1714)
	at java.base/java.util.concurrent.CompletableFuture.supplyAsync(CompletableFuture.java:1931)
	at org.apache.ratis.server.impl.RaftServerImpl.executeSubmitServerRequestAsync(RaftServerImpl.java:812)
	at org.apache.ratis.server.impl.RaftServerProxy.lambda$appendEntriesAsync$27(RaftServerProxy.java:634)
	at java.base/java.util.concurrent.CompletableFuture.uniComposeStage(CompletableFuture.java:1106)
	... 15 more
2022-10-13 10:40:56,639 [grpc-default-executor-0] WARN  server.GrpcLogAppender (LogUtils.java:warn(124)) - s0@group-6905249F38B1->s1-AppendLogResponseHandler: Failed appendEntries
java.io.IOException: java.util.concurrent.RejectedExecutionException: Task java.util.concurrent.CompletableFuture$AsyncSupply@e11044c rejected from java.util.concurrent.ThreadPoolExecutor@3ad4e2b[Terminated, pool size = 0, active threads = 0, queued tasks = 0, completed tasks = 198]
	at org.apache.ratis.util.IOUtils.asIOException(IOUtils.java:56)
	at org.apache.ratis.grpc.GrpcUtil.tryUnwrapException(GrpcUtil.java:121)
	at org.apache.ratis.grpc.GrpcUtil.unwrapThrowable(GrpcUtil.java:82)
	at org.apache.ratis.grpc.GrpcUtil.warn(GrpcUtil.java:178)
	at org.apache.ratis.grpc.server.GrpcLogAppender$AppendLogResponseHandler.onError(GrpcLogAppender.java:405)
	at org.apache.ratis.thirdparty.io.grpc.stub.ClientCalls$StreamObserverToCallListenerAdapter.onClose(ClientCalls.java:487)
	at org.apache.ratis.thirdparty.io.grpc.internal.ClientCallImpl.closeObserver(ClientCallImpl.java:562)
	at org.apache.ratis.thirdparty.io.grpc.internal.ClientCallImpl.access$300(ClientCallImpl.java:70)
	at org.apache.ratis.thirdparty.io.grpc.internal.ClientCallImpl$ClientStreamListenerImpl$1StreamClosed.runInternal(ClientCallImpl.java:743)
	at org.apache.ratis.thirdparty.io.grpc.internal.ClientCallImpl$ClientStreamListenerImpl$1StreamClosed.runInContext(ClientCallImpl.java:722)
	at org.apache.ratis.thirdparty.io.grpc.internal.ContextRunnable.run(ContextRunnable.java:37)
	at org.apache.ratis.thirdparty.io.grpc.internal.SerializingExecutor.run(SerializingExecutor.java:133)
	at java.base/java.util.concurrent.ThreadPoolExecutor.runWorker(ThreadPoolExecutor.java:1128)
	at java.base/java.util.concurrent.ThreadPoolExecutor$Worker.run(ThreadPoolExecutor.java:628)
	at java.base/java.lang.Thread.run(Thread.java:829)
Caused by: java.util.concurrent.RejectedExecutionException: Task java.util.concurrent.CompletableFuture$AsyncSupply@e11044c rejected from java.util.concurrent.ThreadPoolExecutor@3ad4e2b[Terminated, pool size = 0, active threads = 0, queued tasks = 0, completed tasks = 198]
	at java.base/jdk.internal.reflect.GeneratedConstructorAccessor7.newInstance(Unknown Source)
	at java.base/jdk.internal.reflect.DelegatingConstructorAccessorImpl.newInstance(DelegatingConstructorAccessorImpl.java:45)
	at java.base/java.lang.reflect.Constructor.newInstance(Constructor.java:490)
	at org.apache.ratis.util.ReflectionUtils.instantiateException(ReflectionUtils.java:259)
	at org.apache.ratis.grpc.GrpcUtil.tryUnwrapException(GrpcUtil.java:120)
	... 13 more
Caused by: org.apache.ratis.thirdparty.io.grpc.StatusRuntimeException: INTERNAL: Task java.util.concurrent.CompletableFuture$AsyncSupply@e11044c rejected from java.util.concurrent.ThreadPoolExecutor@3ad4e2b[Terminated, pool size = 0, active threads = 0, queued tasks = 0, completed tasks = 198]
	at org.apache.ratis.thirdparty.io.grpc.Status.asRuntimeException(Status.java:535)
	... 10 more
	Suppressed: java.lang.IllegalStateException: Failed to cast to class java.io.IOException, object=java.util.concurrent.RejectedExecutionException: Task java.util.concurrent.CompletableFuture$AsyncSupply@e11044c rejected from java.util.concurrent.ThreadPoolExecutor@3ad4e2b[Terminated, pool size = 0, active threads = 0, queued tasks = 0, completed tasks = 198]
	at java.base/java.util.concurrent.ThreadPoolExecutor$AbortPolicy.rejectedExecution(ThreadPoolExecutor.java:2055)
	at java.base/java.util.concurrent.ThreadPoolExecutor.reject(ThreadPoolExecutor.java:825)
	at java.base/java.util.concurrent.ThreadPoolExecutor.execute(ThreadPoolExecutor.java:1355)
	at java.base/java.util.concurrent.CompletableFuture.asyncSupplyStage(CompletableFuture.java:1714)
	at java.base/java.util.concurrent.CompletableFuture.supplyAsync(CompletableFuture.java:1931)
	at org.apache.ratis.server.impl.RaftServerImpl.executeSubmitServerRequestAsync(RaftServerImpl.java:812)
	at org.apache.ratis.server.impl.RaftServerProxy.lambda$appendEntriesAsync$27(RaftServerProxy.java:634)
	at java.base/java.util.concurrent.CompletableFuture.uniComposeStage(CompletableFuture.java:1106)
	at java.base/java.util.concurrent.CompletableFuture.thenCompose(CompletableFuture.java:2235)
	at org.apache.ratis.server.impl.RaftServerProxy.appendEntriesAsync(RaftServerProxy.java:634)
	at org.apache.ratis.grpc.server.GrpcServerProtocolService$1.process(GrpcServerProtocolService.java:219)
	at org.apache.ratis.grpc.server.GrpcServerProtocolService$1.process(GrpcServerProtocolService.java:216)
	at org.apache.ratis.grpc.server.GrpcServerProtocolService$ServerRequestStreamObserver.onNext(GrpcServerProtocolService.java:124)
	at org.apache.ratis.thirdparty.io.grpc.stub.ServerCalls$StreamingServerCallHandler$StreamingServerCallListener.onMessage(ServerCalls.java:262)
	at org.apache.ratis.thirdparty.io.grpc.ForwardingServerCallListener.onMessage(ForwardingServerCallListener.java:33)
	at org.apache.ratis.thirdparty.io.grpc.internal.ServerCallImpl$ServerStreamListenerImpl.messagesAvailableInternal(ServerCallImpl.java:332)
	at org.apache.ratis.thirdparty.io.grpc.internal.ServerCallImpl$ServerStreamListenerImpl.messagesAvailable(ServerCallImpl.java:315)
	at org.apache.ratis.thirdparty.io.grpc.internal.ServerImpl$JumpToApplicationThreadServerStreamListener$1MessagesAvailable.runInContext(ServerImpl.java:834)
	at org.apache.ratis.thirdparty.io.grpc.internal.ContextRunnable.run(ContextRunnable.java:37)
	at org.apache.ratis.thirdparty.io.grpc.internal.SerializingExecutor.run(SerializingExecutor.java:133)
	at java.base/java.util.concurrent.ThreadPoolExecutor.runWorker(ThreadPoolExecutor.java:1128)
	at java.base/java.util.concurrent.ThreadPoolExecutor$Worker.run(ThreadPoolExecutor.java:628)
	at java.base/java.lang.Thread.run(Thread.java:829)

		at org.apache.ratis.util.IOUtils.readObject(IOUtils.java:237)
		at org.apache.ratis.util.IOUtils.bytes2Object(IOUtils.java:214)
		at org.apache.ratis.grpc.GrpcUtil.tryUnwrapException(GrpcUtil.java:109)
		at org.apache.ratis.grpc.GrpcUtil.unwrapThrowable(GrpcUtil.java:82)
		at org.apache.ratis.grpc.GrpcUtil.warn(GrpcUtil.java:178)
		at org.apache.ratis.grpc.server.GrpcLogAppender$AppendLogResponseHandler.onError(GrpcLogAppender.java:405)
		... 10 more
	Caused by: java.lang.ClassCastException: Cannot cast java.util.concurrent.RejectedExecutionException to java.io.IOException
		at java.base/java.lang.Class.cast(Class.java:3605)
		at org.apache.ratis.util.IOUtils.readObject(IOUtils.java:234)
		... 15 more
2022-10-13 10:40:56,640 [grpc-default-executor-0] INFO  leader.FollowerInfo (FollowerInfoImpl.java:lambda$new$0(48)) - s0@group-6905249F38B1->s1: nextIndex: updateUnconditionally 263 -> 259
2022-10-13 10:40:56,673 [grpc-default-executor-1] WARN  server.GrpcServerProtocolService (LogUtils.java:warn(124)) - s1: Failed APPEND_ENTRIES request s0->s1#324-t2,previous=(t:2, i:258),leaderCommit=262,initializing? true,entries: size=4, first=(t:2, i:259), CONFIGURATIONENTRY(current:id: "s0"
address: "localhost:46195"
dataStreamAddress: "localhost:39399"
clientAddress: "localhost:42765"
adminAddress: "localhost:44717"
startupRole: FOLLOWER
,id: "s1"
address: "0.0.0.0:46693"
clientAddress: "0.0.0.0:46693"
adminAddress: "0.0.0.0:46693"
startupRole: FOLLOWER
,id: "s2"
address: "0.0.0.0:36699"
clientAddress: "0.0.0.0:36699"
adminAddress: "0.0.0.0:36699"
startupRole: FOLLOWER
, old:id: "s0"
address: "localhost:46195"
dataStreamAddress: "localhost:39399"
clientAddress: "localhost:42765"
adminAddress: "localhost:44717"
startupRole: FOLLOWER
)
java.util.concurrent.CompletionException: java.util.concurrent.RejectedExecutionException: Task java.util.concurrent.CompletableFuture$AsyncSupply@407e95a0 rejected from java.util.concurrent.ThreadPoolExecutor@3ad4e2b[Terminated, pool size = 0, active threads = 0, queued tasks = 0, completed tasks = 198]
	at java.base/java.util.concurrent.CompletableFuture.encodeThrowable(CompletableFuture.java:314)
	at java.base/java.util.concurrent.CompletableFuture.uniComposeStage(CompletableFuture.java:1113)
	at java.base/java.util.concurrent.CompletableFuture.thenCompose(CompletableFuture.java:2235)
	at org.apache.ratis.server.impl.RaftServerProxy.appendEntriesAsync(RaftServerProxy.java:634)
	at org.apache.ratis.grpc.server.GrpcServerProtocolService$1.process(GrpcServerProtocolService.java:219)
	at org.apache.ratis.grpc.server.GrpcServerProtocolService$1.process(GrpcServerProtocolService.java:216)
	at org.apache.ratis.grpc.server.GrpcServerProtocolService$ServerRequestStreamObserver.onNext(GrpcServerProtocolService.java:124)
	at org.apache.ratis.thirdparty.io.grpc.stub.ServerCalls$StreamingServerCallHandler$StreamingServerCallListener.onMessage(ServerCalls.java:262)
	at org.apache.ratis.thirdparty.io.grpc.ForwardingServerCallListener.onMessage(ForwardingServerCallListener.java:33)
	at org.apache.ratis.thirdparty.io.grpc.internal.ServerCallImpl$ServerStreamListenerImpl.messagesAvailableInternal(ServerCallImpl.java:332)
	at org.apache.ratis.thirdparty.io.grpc.internal.ServerCallImpl$ServerStreamListenerImpl.messagesAvailable(ServerCallImpl.java:315)
	at org.apache.ratis.thirdparty.io.grpc.internal.ServerImpl$JumpToApplicationThreadServerStreamListener$1MessagesAvailable.runInContext(ServerImpl.java:834)
	at org.apache.ratis.thirdparty.io.grpc.internal.ContextRunnable.run(ContextRunnable.java:37)
	at org.apache.ratis.thirdparty.io.grpc.internal.SerializingExecutor.run(SerializingExecutor.java:133)
	at java.base/java.util.concurrent.ThreadPoolExecutor.runWorker(ThreadPoolExecutor.java:1128)
	at java.base/java.util.concurrent.ThreadPoolExecutor$Worker.run(ThreadPoolExecutor.java:628)
	at java.base/java.lang.Thread.run(Thread.java:829)
Caused by: java.util.concurrent.RejectedExecutionException: Task java.util.concurrent.CompletableFuture$AsyncSupply@407e95a0 rejected from java.util.concurrent.ThreadPoolExecutor@3ad4e2b[Terminated, pool size = 0, active threads = 0, queued tasks = 0, completed tasks = 198]
	at java.base/java.util.concurrent.ThreadPoolExecutor$AbortPolicy.rejectedExecution(ThreadPoolExecutor.java:2055)
	at java.base/java.util.concurrent.ThreadPoolExecutor.reject(ThreadPoolExecutor.java:825)
	at java.base/java.util.concurrent.ThreadPoolExecutor.execute(ThreadPoolExecutor.java:1355)
	at java.base/java.util.concurrent.CompletableFuture.asyncSupplyStage(CompletableFuture.java:1714)
	at java.base/java.util.concurrent.CompletableFuture.supplyAsync(CompletableFuture.java:1931)
	at org.apache.ratis.server.impl.RaftServerImpl.executeSubmitServerRequestAsync(RaftServerImpl.java:812)
	at org.apache.ratis.server.impl.RaftServerProxy.lambda$appendEntriesAsync$27(RaftServerProxy.java:634)
	at java.base/java.util.concurrent.CompletableFuture.uniComposeStage(CompletableFuture.java:1106)
	... 15 more
2022-10-13 10:40:56,677 [grpc-default-executor-1] WARN  server.GrpcLogAppender (LogUtils.java:warn(124)) - s0@group-6905249F38B1->s1-AppendLogResponseHandler: Failed appendEntries
java.io.IOException: java.util.concurrent.RejectedExecutionException: Task java.util.concurrent.CompletableFuture$AsyncSupply@407e95a0 rejected from java.util.concurrent.ThreadPoolExecutor@3ad4e2b[Terminated, pool size = 0, active threads = 0, queued tasks = 0, completed tasks = 198]
	at org.apache.ratis.util.IOUtils.asIOException(IOUtils.java:56)
	at org.apache.ratis.grpc.GrpcUtil.tryUnwrapException(GrpcUtil.java:121)
	at org.apache.ratis.grpc.GrpcUtil.unwrapThrowable(GrpcUtil.java:82)
	at org.apache.ratis.grpc.GrpcUtil.warn(GrpcUtil.java:178)
	at org.apache.ratis.grpc.server.GrpcLogAppender$AppendLogResponseHandler.onError(GrpcLogAppender.java:405)
	at org.apache.ratis.thirdparty.io.grpc.stub.ClientCalls$StreamObserverToCallListenerAdapter.onClose(ClientCalls.java:487)
	at org.apache.ratis.thirdparty.io.grpc.internal.ClientCallImpl.closeObserver(ClientCallImpl.java:562)
	at org.apache.ratis.thirdparty.io.grpc.internal.ClientCallImpl.access$300(ClientCallImpl.java:70)
	at org.apache.ratis.thirdparty.io.grpc.internal.ClientCallImpl$ClientStreamListenerImpl$1StreamClosed.runInternal(ClientCallImpl.java:743)
	at org.apache.ratis.thirdparty.io.grpc.internal.ClientCallImpl$ClientStreamListenerImpl$1StreamClosed.runInContext(ClientCallImpl.java:722)
	at org.apache.ratis.thirdparty.io.grpc.internal.ContextRunnable.run(ContextRunnable.java:37)
	at org.apache.ratis.thirdparty.io.grpc.internal.SerializingExecutor.run(SerializingExecutor.java:133)
	at java.base/java.util.concurrent.ThreadPoolExecutor.runWorker(ThreadPoolExecutor.java:1128)
	at java.base/java.util.concurrent.ThreadPoolExecutor$Worker.run(ThreadPoolExecutor.java:628)
	at java.base/java.lang.Thread.run(Thread.java:829)
Caused by: java.util.concurrent.RejectedExecutionException: Task java.util.concurrent.CompletableFuture$AsyncSupply@407e95a0 rejected from java.util.concurrent.ThreadPoolExecutor@3ad4e2b[Terminated, pool size = 0, active threads = 0, queued tasks = 0, completed tasks = 198]
	at java.base/jdk.internal.reflect.GeneratedConstructorAccessor7.newInstance(Unknown Source)
	at java.base/jdk.internal.reflect.DelegatingConstructorAccessorImpl.newInstance(DelegatingConstructorAccessorImpl.java:45)
	at java.base/java.lang.reflect.Constructor.newInstance(Constructor.java:490)
	at org.apache.ratis.util.ReflectionUtils.instantiateException(ReflectionUtils.java:259)
	at org.apache.ratis.grpc.GrpcUtil.tryUnwrapException(GrpcUtil.java:120)
	... 13 more
Caused by: org.apache.ratis.thirdparty.io.grpc.StatusRuntimeException: INTERNAL: Task java.util.concurrent.CompletableFuture$AsyncSupply@407e95a0 rejected from java.util.concurrent.ThreadPoolExecutor@3ad4e2b[Terminated, pool size = 0, active threads = 0, queued tasks = 0, completed tasks = 198]
	at org.apache.ratis.thirdparty.io.grpc.Status.asRuntimeException(Status.java:535)
	... 10 more
	Suppressed: java.lang.IllegalStateException: Failed to cast to class java.io.IOException, object=java.util.concurrent.RejectedExecutionException: Task java.util.concurrent.CompletableFuture$AsyncSupply@407e95a0 rejected from java.util.concurrent.ThreadPoolExecutor@3ad4e2b[Terminated, pool size = 0, active threads = 0, queued tasks = 0, completed tasks = 198]
	at java.base/java.util.concurrent.ThreadPoolExecutor$AbortPolicy.rejectedExecution(ThreadPoolExecutor.java:2055)
	at java.base/java.util.concurrent.ThreadPoolExecutor.reject(ThreadPoolExecutor.java:825)
	at java.base/java.util.concurrent.ThreadPoolExecutor.execute(ThreadPoolExecutor.java:1355)
	at java.base/java.util.concurrent.CompletableFuture.asyncSupplyStage(CompletableFuture.java:1714)
	at java.base/java.util.concurrent.CompletableFuture.supplyAsync(CompletableFuture.java:1931)
	at org.apache.ratis.server.impl.RaftServerImpl.executeSubmitServerRequestAsync(RaftServerImpl.java:812)
	at org.apache.ratis.server.impl.RaftServerProxy.lambda$appendEntriesAsync$27(RaftServerProxy.java:634)
	at java.base/java.util.concurrent.CompletableFuture.uniComposeStage(CompletableFuture.java:1106)
	at java.base/java.util.concurrent.CompletableFuture.thenCompose(CompletableFuture.java:2235)
	at org.apache.ratis.server.impl.RaftServerProxy.appendEntriesAsync(RaftServerProxy.java:634)
	at org.apache.ratis.grpc.server.GrpcServerProtocolService$1.process(GrpcServerProtocolService.java:219)
	at org.apache.ratis.grpc.server.GrpcServerProtocolService$1.process(GrpcServerProtocolService.java:216)
	at org.apache.ratis.grpc.server.GrpcServerProtocolService$ServerRequestStreamObserver.onNext(GrpcServerProtocolService.java:124)
	at org.apache.ratis.thirdparty.io.grpc.stub.ServerCalls$StreamingServerCallHandler$StreamingServerCallListener.onMessage(ServerCalls.java:262)
	at org.apache.ratis.thirdparty.io.grpc.ForwardingServerCallListener.onMessage(ForwardingServerCallListener.java:33)
	at org.apache.ratis.thirdparty.io.grpc.internal.ServerCallImpl$ServerStreamListenerImpl.messagesAvailableInternal(ServerCallImpl.java:332)
	at org.apache.ratis.thirdparty.io.grpc.internal.ServerCallImpl$ServerStreamListenerImpl.messagesAvailable(ServerCallImpl.java:315)
	at org.apache.ratis.thirdparty.io.grpc.internal.ServerImpl$JumpToApplicationThreadServerStreamListener$1MessagesAvailable.runInContext(ServerImpl.java:834)
	at org.apache.ratis.thirdparty.io.grpc.internal.ContextRunnable.run(ContextRunnable.java:37)
	at org.apache.ratis.thirdparty.io.grpc.internal.SerializingExecutor.run(SerializingExecutor.java:133)
	at java.base/java.util.concurrent.ThreadPoolExecutor.runWorker(ThreadPoolExecutor.java:1128)
	at java.base/java.util.concurrent.ThreadPoolExecutor$Worker.run(ThreadPoolExecutor.java:628)
	at java.base/java.lang.Thread.run(Thread.java:829)

		at org.apache.ratis.util.IOUtils.readObject(IOUtils.java:237)
		at org.apache.ratis.util.IOUtils.bytes2Object(IOUtils.java:214)
		at org.apache.ratis.grpc.GrpcUtil.tryUnwrapException(GrpcUtil.java:109)
		at org.apache.ratis.grpc.GrpcUtil.unwrapThrowable(GrpcUtil.java:82)
		at org.apache.ratis.grpc.GrpcUtil.warn(GrpcUtil.java:178)
		at org.apache.ratis.grpc.server.GrpcLogAppender$AppendLogResponseHandler.onError(GrpcLogAppender.java:405)
		... 10 more
	Caused by: java.lang.ClassCastException: Cannot cast java.util.concurrent.RejectedExecutionException to java.io.IOException
		at java.base/java.lang.Class.cast(Class.java:3605)
		at org.apache.ratis.util.IOUtils.readObject(IOUtils.java:234)
		... 15 more
2022-10-13 10:40:56,678 [grpc-default-executor-1] INFO  leader.FollowerInfo (FollowerInfoImpl.java:lambda$new$0(48)) - s0@group-6905249F38B1->s1: nextIndex: updateUnconditionally 263 -> 259
2022-10-13 10:40:56,711 [grpc-default-executor-1] WARN  server.GrpcServerProtocolService (LogUtils.java:warn(124)) - s1: Failed APPEND_ENTRIES request s0->s1#326-t2,previous=(t:2, i:258),leaderCommit=262,initializing? true,entries: size=4, first=(t:2, i:259), CONFIGURATIONENTRY(current:id: "s0"
address: "localhost:46195"
dataStreamAddress: "localhost:39399"
clientAddress: "localhost:42765"
adminAddress: "localhost:44717"
startupRole: FOLLOWER
,id: "s1"
address: "0.0.0.0:46693"
clientAddress: "0.0.0.0:46693"
adminAddress: "0.0.0.0:46693"
startupRole: FOLLOWER
,id: "s2"
address: "0.0.0.0:36699"
clientAddress: "0.0.0.0:36699"
adminAddress: "0.0.0.0:36699"
startupRole: FOLLOWER
, old:id: "s0"
address: "localhost:46195"
dataStreamAddress: "localhost:39399"
clientAddress: "localhost:42765"
adminAddress: "localhost:44717"
startupRole: FOLLOWER
)
java.util.concurrent.CompletionException: java.util.concurrent.RejectedExecutionException: Task java.util.concurrent.CompletableFuture$AsyncSupply@5d69e37d rejected from java.util.concurrent.ThreadPoolExecutor@3ad4e2b[Terminated, pool size = 0, active threads = 0, queued tasks = 0, completed tasks = 198]
	at java.base/java.util.concurrent.CompletableFuture.encodeThrowable(CompletableFuture.java:314)
	at java.base/java.util.concurrent.CompletableFuture.uniComposeStage(CompletableFuture.java:1113)
	at java.base/java.util.concurrent.CompletableFuture.thenCompose(CompletableFuture.java:2235)
	at org.apache.ratis.server.impl.RaftServerProxy.appendEntriesAsync(RaftServerProxy.java:634)
	at org.apache.ratis.grpc.server.GrpcServerProtocolService$1.process(GrpcServerProtocolService.java:219)
	at org.apache.ratis.grpc.server.GrpcServerProtocolService$1.process(GrpcServerProtocolService.java:216)
	at org.apache.ratis.grpc.server.GrpcServerProtocolService$ServerRequestStreamObserver.onNext(GrpcServerProtocolService.java:124)
	at org.apache.ratis.thirdparty.io.grpc.stub.ServerCalls$StreamingServerCallHandler$StreamingServerCallListener.onMessage(ServerCalls.java:262)
	at org.apache.ratis.thirdparty.io.grpc.ForwardingServerCallListener.onMessage(ForwardingServerCallListener.java:33)
	at org.apache.ratis.thirdparty.io.grpc.internal.ServerCallImpl$ServerStreamListenerImpl.messagesAvailableInternal(ServerCallImpl.java:332)
	at org.apache.ratis.thirdparty.io.grpc.internal.ServerCallImpl$ServerStreamListenerImpl.messagesAvailable(ServerCallImpl.java:315)
	at org.apache.ratis.thirdparty.io.grpc.internal.ServerImpl$JumpToApplicationThreadServerStreamListener$1MessagesAvailable.runInContext(ServerImpl.java:834)
	at org.apache.ratis.thirdparty.io.grpc.internal.ContextRunnable.run(ContextRunnable.java:37)
	at org.apache.ratis.thirdparty.io.grpc.internal.SerializingExecutor.run(SerializingExecutor.java:133)
	at java.base/java.util.concurrent.ThreadPoolExecutor.runWorker(ThreadPoolExecutor.java:1128)
	at java.base/java.util.concurrent.ThreadPoolExecutor$Worker.run(ThreadPoolExecutor.java:628)
	at java.base/java.lang.Thread.run(Thread.java:829)
Caused by: java.util.concurrent.RejectedExecutionException: Task java.util.concurrent.CompletableFuture$AsyncSupply@5d69e37d rejected from java.util.concurrent.ThreadPoolExecutor@3ad4e2b[Terminated, pool size = 0, active threads = 0, queued tasks = 0, completed tasks = 198]
	at java.base/java.util.concurrent.ThreadPoolExecutor$AbortPolicy.rejectedExecution(ThreadPoolExecutor.java:2055)
	at java.base/java.util.concurrent.ThreadPoolExecutor.reject(ThreadPoolExecutor.java:825)
	at java.base/java.util.concurrent.ThreadPoolExecutor.execute(ThreadPoolExecutor.java:1355)
	at java.base/java.util.concurrent.CompletableFuture.asyncSupplyStage(CompletableFuture.java:1714)
	at java.base/java.util.concurrent.CompletableFuture.supplyAsync(CompletableFuture.java:1931)
	at org.apache.ratis.server.impl.RaftServerImpl.executeSubmitServerRequestAsync(RaftServerImpl.java:812)
	at org.apache.ratis.server.impl.RaftServerProxy.lambda$appendEntriesAsync$27(RaftServerProxy.java:634)
	at java.base/java.util.concurrent.CompletableFuture.uniComposeStage(CompletableFuture.java:1106)
	... 15 more
2022-10-13 10:40:56,713 [grpc-default-executor-3] WARN  server.GrpcLogAppender (LogUtils.java:warn(124)) - s0@group-6905249F38B1->s1-AppendLogResponseHandler: Failed appendEntries
java.io.IOException: java.util.concurrent.RejectedExecutionException: Task java.util.concurrent.CompletableFuture$AsyncSupply@5d69e37d rejected from java.util.concurrent.ThreadPoolExecutor@3ad4e2b[Terminated, pool size = 0, active threads = 0, queued tasks = 0, completed tasks = 198]
	at org.apache.ratis.util.IOUtils.asIOException(IOUtils.java:56)
	at org.apache.ratis.grpc.GrpcUtil.tryUnwrapException(GrpcUtil.java:121)
	at org.apache.ratis.grpc.GrpcUtil.unwrapThrowable(GrpcUtil.java:82)
	at org.apache.ratis.grpc.GrpcUtil.warn(GrpcUtil.java:178)
	at org.apache.ratis.grpc.server.GrpcLogAppender$AppendLogResponseHandler.onError(GrpcLogAppender.java:405)
	at org.apache.ratis.thirdparty.io.grpc.stub.ClientCalls$StreamObserverToCallListenerAdapter.onClose(ClientCalls.java:487)
	at org.apache.ratis.thirdparty.io.grpc.internal.ClientCallImpl.closeObserver(ClientCallImpl.java:562)
	at org.apache.ratis.thirdparty.io.grpc.internal.ClientCallImpl.access$300(ClientCallImpl.java:70)
	at org.apache.ratis.thirdparty.io.grpc.internal.ClientCallImpl$ClientStreamListenerImpl$1StreamClosed.runInternal(ClientCallImpl.java:743)
	at org.apache.ratis.thirdparty.io.grpc.internal.ClientCallImpl$ClientStreamListenerImpl$1StreamClosed.runInContext(ClientCallImpl.java:722)
	at org.apache.ratis.thirdparty.io.grpc.internal.ContextRunnable.run(ContextRunnable.java:37)
	at org.apache.ratis.thirdparty.io.grpc.internal.SerializingExecutor.run(SerializingExecutor.java:133)
	at java.base/java.util.concurrent.ThreadPoolExecutor.runWorker(ThreadPoolExecutor.java:1128)
	at java.base/java.util.concurrent.ThreadPoolExecutor$Worker.run(ThreadPoolExecutor.java:628)
	at java.base/java.lang.Thread.run(Thread.java:829)
Caused by: java.util.concurrent.RejectedExecutionException: Task java.util.concurrent.CompletableFuture$AsyncSupply@5d69e37d rejected from java.util.concurrent.ThreadPoolExecutor@3ad4e2b[Terminated, pool size = 0, active threads = 0, queued tasks = 0, completed tasks = 198]
	at java.base/jdk.internal.reflect.GeneratedConstructorAccessor7.newInstance(Unknown Source)
	at java.base/jdk.internal.reflect.DelegatingConstructorAccessorImpl.newInstance(DelegatingConstructorAccessorImpl.java:45)
	at java.base/java.lang.reflect.Constructor.newInstance(Constructor.java:490)
	at org.apache.ratis.util.ReflectionUtils.instantiateException(ReflectionUtils.java:259)
	at org.apache.ratis.grpc.GrpcUtil.tryUnwrapException(GrpcUtil.java:120)
	... 13 more
Caused by: org.apache.ratis.thirdparty.io.grpc.StatusRuntimeException: INTERNAL: Task java.util.concurrent.CompletableFuture$AsyncSupply@5d69e37d rejected from java.util.concurrent.ThreadPoolExecutor@3ad4e2b[Terminated, pool size = 0, active threads = 0, queued tasks = 0, completed tasks = 198]
	at org.apache.ratis.thirdparty.io.grpc.Status.asRuntimeException(Status.java:535)
	... 10 more
	Suppressed: java.lang.IllegalStateException: Failed to cast to class java.io.IOException, object=java.util.concurrent.RejectedExecutionException: Task java.util.concurrent.CompletableFuture$AsyncSupply@5d69e37d rejected from java.util.concurrent.ThreadPoolExecutor@3ad4e2b[Terminated, pool size = 0, active threads = 0, queued tasks = 0, completed tasks = 198]
	at java.base/java.util.concurrent.ThreadPoolExecutor$AbortPolicy.rejectedExecution(ThreadPoolExecutor.java:2055)
	at java.base/java.util.concurrent.ThreadPoolExecutor.reject(ThreadPoolExecutor.java:825)
	at java.base/java.util.concurrent.ThreadPoolExecutor.execute(ThreadPoolExecutor.java:1355)
	at java.base/java.util.concurrent.CompletableFuture.asyncSupplyStage(CompletableFuture.java:1714)
	at java.base/java.util.concurrent.CompletableFuture.supplyAsync(CompletableFuture.java:1931)
	at org.apache.ratis.server.impl.RaftServerImpl.executeSubmitServerRequestAsync(RaftServerImpl.java:812)
	at org.apache.ratis.server.impl.RaftServerProxy.lambda$appendEntriesAsync$27(RaftServerProxy.java:634)
	at java.base/java.util.concurrent.CompletableFuture.uniComposeStage(CompletableFuture.java:1106)
	at java.base/java.util.concurrent.CompletableFuture.thenCompose(CompletableFuture.java:2235)
	at org.apache.ratis.server.impl.RaftServerProxy.appendEntriesAsync(RaftServerProxy.java:634)
	at org.apache.ratis.grpc.server.GrpcServerProtocolService$1.process(GrpcServerProtocolService.java:219)
	at org.apache.ratis.grpc.server.GrpcServerProtocolService$1.process(GrpcServerProtocolService.java:216)
	at org.apache.ratis.grpc.server.GrpcServerProtocolService$ServerRequestStreamObserver.onNext(GrpcServerProtocolService.java:124)
	at org.apache.ratis.thirdparty.io.grpc.stub.ServerCalls$StreamingServerCallHandler$StreamingServerCallListener.onMessage(ServerCalls.java:262)
	at org.apache.ratis.thirdparty.io.grpc.ForwardingServerCallListener.onMessage(ForwardingServerCallListener.java:33)
	at org.apache.ratis.thirdparty.io.grpc.internal.ServerCallImpl$ServerStreamListenerImpl.messagesAvailableInternal(ServerCallImpl.java:332)
	at org.apache.ratis.thirdparty.io.grpc.internal.ServerCallImpl$ServerStreamListenerImpl.messagesAvailable(ServerCallImpl.java:315)
	at org.apache.ratis.thirdparty.io.grpc.internal.ServerImpl$JumpToApplicationThreadServerStreamListener$1MessagesAvailable.runInContext(ServerImpl.java:834)
	at org.apache.ratis.thirdparty.io.grpc.internal.ContextRunnable.run(ContextRunnable.java:37)
	at org.apache.ratis.thirdparty.io.grpc.internal.SerializingExecutor.run(SerializingExecutor.java:133)
	at java.base/java.util.concurrent.ThreadPoolExecutor.runWorker(ThreadPoolExecutor.java:1128)
	at java.base/java.util.concurrent.ThreadPoolExecutor$Worker.run(ThreadPoolExecutor.java:628)
	at java.base/java.lang.Thread.run(Thread.java:829)

		at org.apache.ratis.util.IOUtils.readObject(IOUtils.java:237)
		at org.apache.ratis.util.IOUtils.bytes2Object(IOUtils.java:214)
		at org.apache.ratis.grpc.GrpcUtil.tryUnwrapException(GrpcUtil.java:109)
		at org.apache.ratis.grpc.GrpcUtil.unwrapThrowable(GrpcUtil.java:82)
		at org.apache.ratis.grpc.GrpcUtil.warn(GrpcUtil.java:178)
		at org.apache.ratis.grpc.server.GrpcLogAppender$AppendLogResponseHandler.onError(GrpcLogAppender.java:405)
		... 10 more
	Caused by: java.lang.ClassCastException: Cannot cast java.util.concurrent.RejectedExecutionException to java.io.IOException
		at java.base/java.lang.Class.cast(Class.java:3605)
		at org.apache.ratis.util.IOUtils.readObject(IOUtils.java:234)
		... 15 more
2022-10-13 10:40:56,714 [grpc-default-executor-3] INFO  leader.FollowerInfo (FollowerInfoImpl.java:lambda$new$0(48)) - s0@group-6905249F38B1->s1: nextIndex: updateUnconditionally 263 -> 259
2022-10-13 10:40:56,749 [grpc-default-executor-1] WARN  server.GrpcServerProtocolService (LogUtils.java:warn(124)) - s1: Failed APPEND_ENTRIES request s0->s1#328-t2,previous=(t:2, i:258),leaderCommit=262,initializing? true,entries: size=4, first=(t:2, i:259), CONFIGURATIONENTRY(current:id: "s0"
address: "localhost:46195"
dataStreamAddress: "localhost:39399"
clientAddress: "localhost:42765"
adminAddress: "localhost:44717"
startupRole: FOLLOWER
,id: "s1"
address: "0.0.0.0:46693"
clientAddress: "0.0.0.0:46693"
adminAddress: "0.0.0.0:46693"
startupRole: FOLLOWER
,id: "s2"
address: "0.0.0.0:36699"
clientAddress: "0.0.0.0:36699"
adminAddress: "0.0.0.0:36699"
startupRole: FOLLOWER
, old:id: "s0"
address: "localhost:46195"
dataStreamAddress: "localhost:39399"
clientAddress: "localhost:42765"
adminAddress: "localhost:44717"
startupRole: FOLLOWER
)
java.util.concurrent.CompletionException: java.util.concurrent.RejectedExecutionException: Task java.util.concurrent.CompletableFuture$AsyncSupply@73201fc0 rejected from java.util.concurrent.ThreadPoolExecutor@3ad4e2b[Terminated, pool size = 0, active threads = 0, queued tasks = 0, completed tasks = 198]
	at java.base/java.util.concurrent.CompletableFuture.encodeThrowable(CompletableFuture.java:314)
	at java.base/java.util.concurrent.CompletableFuture.uniComposeStage(CompletableFuture.java:1113)
	at java.base/java.util.concurrent.CompletableFuture.thenCompose(CompletableFuture.java:2235)
	at org.apache.ratis.server.impl.RaftServerProxy.appendEntriesAsync(RaftServerProxy.java:634)
	at org.apache.ratis.grpc.server.GrpcServerProtocolService$1.process(GrpcServerProtocolService.java:219)
	at org.apache.ratis.grpc.server.GrpcServerProtocolService$1.process(GrpcServerProtocolService.java:216)
	at org.apache.ratis.grpc.server.GrpcServerProtocolService$ServerRequestStreamObserver.onNext(GrpcServerProtocolService.java:124)
	at org.apache.ratis.thirdparty.io.grpc.stub.ServerCalls$StreamingServerCallHandler$StreamingServerCallListener.onMessage(ServerCalls.java:262)
	at org.apache.ratis.thirdparty.io.grpc.ForwardingServerCallListener.onMessage(ForwardingServerCallListener.java:33)
	at org.apache.ratis.thirdparty.io.grpc.internal.ServerCallImpl$ServerStreamListenerImpl.messagesAvailableInternal(ServerCallImpl.java:332)
	at org.apache.ratis.thirdparty.io.grpc.internal.ServerCallImpl$ServerStreamListenerImpl.messagesAvailable(ServerCallImpl.java:315)
	at org.apache.ratis.thirdparty.io.grpc.internal.ServerImpl$JumpToApplicationThreadServerStreamListener$1MessagesAvailable.runInContext(ServerImpl.java:834)
	at org.apache.ratis.thirdparty.io.grpc.internal.ContextRunnable.run(ContextRunnable.java:37)
	at org.apache.ratis.thirdparty.io.grpc.internal.SerializingExecutor.run(SerializingExecutor.java:133)
	at java.base/java.util.concurrent.ThreadPoolExecutor.runWorker(ThreadPoolExecutor.java:1128)
	at java.base/java.util.concurrent.ThreadPoolExecutor$Worker.run(ThreadPoolExecutor.java:628)
	at java.base/java.lang.Thread.run(Thread.java:829)
Caused by: java.util.concurrent.RejectedExecutionException: Task java.util.concurrent.CompletableFuture$AsyncSupply@73201fc0 rejected from java.util.concurrent.ThreadPoolExecutor@3ad4e2b[Terminated, pool size = 0, active threads = 0, queued tasks = 0, completed tasks = 198]
	at java.base/java.util.concurrent.ThreadPoolExecutor$AbortPolicy.rejectedExecution(ThreadPoolExecutor.java:2055)
	at java.base/java.util.concurrent.ThreadPoolExecutor.reject(ThreadPoolExecutor.java:825)
	at java.base/java.util.concurrent.ThreadPoolExecutor.execute(ThreadPoolExecutor.java:1355)
	at java.base/java.util.concurrent.CompletableFuture.asyncSupplyStage(CompletableFuture.java:1714)
	at java.base/java.util.concurrent.CompletableFuture.supplyAsync(CompletableFuture.java:1931)
	at org.apache.ratis.server.impl.RaftServerImpl.executeSubmitServerRequestAsync(RaftServerImpl.java:812)
	at org.apache.ratis.server.impl.RaftServerProxy.lambda$appendEntriesAsync$27(RaftServerProxy.java:634)
	at java.base/java.util.concurrent.CompletableFuture.uniComposeStage(CompletableFuture.java:1106)
	... 15 more
2022-10-13 10:40:56,751 [grpc-default-executor-3] WARN  server.GrpcLogAppender (LogUtils.java:warn(124)) - s0@group-6905249F38B1->s1-AppendLogResponseHandler: Failed appendEntries
java.io.IOException: java.util.concurrent.RejectedExecutionException: Task java.util.concurrent.CompletableFuture$AsyncSupply@73201fc0 rejected from java.util.concurrent.ThreadPoolExecutor@3ad4e2b[Terminated, pool size = 0, active threads = 0, queued tasks = 0, completed tasks = 198]
	at org.apache.ratis.util.IOUtils.asIOException(IOUtils.java:56)
	at org.apache.ratis.grpc.GrpcUtil.tryUnwrapException(GrpcUtil.java:121)
	at org.apache.ratis.grpc.GrpcUtil.unwrapThrowable(GrpcUtil.java:82)
	at org.apache.ratis.grpc.GrpcUtil.warn(GrpcUtil.java:178)
	at org.apache.ratis.grpc.server.GrpcLogAppender$AppendLogResponseHandler.onError(GrpcLogAppender.java:405)
	at org.apache.ratis.thirdparty.io.grpc.stub.ClientCalls$StreamObserverToCallListenerAdapter.onClose(ClientCalls.java:487)
	at org.apache.ratis.thirdparty.io.grpc.internal.ClientCallImpl.closeObserver(ClientCallImpl.java:562)
	at org.apache.ratis.thirdparty.io.grpc.internal.ClientCallImpl.access$300(ClientCallImpl.java:70)
	at org.apache.ratis.thirdparty.io.grpc.internal.ClientCallImpl$ClientStreamListenerImpl$1StreamClosed.runInternal(ClientCallImpl.java:743)
	at org.apache.ratis.thirdparty.io.grpc.internal.ClientCallImpl$ClientStreamListenerImpl$1StreamClosed.runInContext(ClientCallImpl.java:722)
	at org.apache.ratis.thirdparty.io.grpc.internal.ContextRunnable.run(ContextRunnable.java:37)
	at org.apache.ratis.thirdparty.io.grpc.internal.SerializingExecutor.run(SerializingExecutor.java:133)
	at java.base/java.util.concurrent.ThreadPoolExecutor.runWorker(ThreadPoolExecutor.java:1128)
	at java.base/java.util.concurrent.ThreadPoolExecutor$Worker.run(ThreadPoolExecutor.java:628)
	at java.base/java.lang.Thread.run(Thread.java:829)
Caused by: java.util.concurrent.RejectedExecutionException: Task java.util.concurrent.CompletableFuture$AsyncSupply@73201fc0 rejected from java.util.concurrent.ThreadPoolExecutor@3ad4e2b[Terminated, pool size = 0, active threads = 0, queued tasks = 0, completed tasks = 198]
	at java.base/jdk.internal.reflect.GeneratedConstructorAccessor7.newInstance(Unknown Source)
	at java.base/jdk.internal.reflect.DelegatingConstructorAccessorImpl.newInstance(DelegatingConstructorAccessorImpl.java:45)
	at java.base/java.lang.reflect.Constructor.newInstance(Constructor.java:490)
	at org.apache.ratis.util.ReflectionUtils.instantiateException(ReflectionUtils.java:259)
	at org.apache.ratis.grpc.GrpcUtil.tryUnwrapException(GrpcUtil.java:120)
	... 13 more
Caused by: org.apache.ratis.thirdparty.io.grpc.StatusRuntimeException: INTERNAL: Task java.util.concurrent.CompletableFuture$AsyncSupply@73201fc0 rejected from java.util.concurrent.ThreadPoolExecutor@3ad4e2b[Terminated, pool size = 0, active threads = 0, queued tasks = 0, completed tasks = 198]
	at org.apache.ratis.thirdparty.io.grpc.Status.asRuntimeException(Status.java:535)
	... 10 more
	Suppressed: java.lang.IllegalStateException: Failed to cast to class java.io.IOException, object=java.util.concurrent.RejectedExecutionException: Task java.util.concurrent.CompletableFuture$AsyncSupply@73201fc0 rejected from java.util.concurrent.ThreadPoolExecutor@3ad4e2b[Terminated, pool size = 0, active threads = 0, queued tasks = 0, completed tasks = 198]
	at java.base/java.util.concurrent.ThreadPoolExecutor$AbortPolicy.rejectedExecution(ThreadPoolExecutor.java:2055)
	at java.base/java.util.concurrent.ThreadPoolExecutor.reject(ThreadPoolExecutor.java:825)
	at java.base/java.util.concurrent.ThreadPoolExecutor.execute(ThreadPoolExecutor.java:1355)
	at java.base/java.util.concurrent.CompletableFuture.asyncSupplyStage(CompletableFuture.java:1714)
	at java.base/java.util.concurrent.CompletableFuture.supplyAsync(CompletableFuture.java:1931)
	at org.apache.ratis.server.impl.RaftServerImpl.executeSubmitServerRequestAsync(RaftServerImpl.java:812)
	at org.apache.ratis.server.impl.RaftServerProxy.lambda$appendEntriesAsync$27(RaftServerProxy.java:634)
	at java.base/java.util.concurrent.CompletableFuture.uniComposeStage(CompletableFuture.java:1106)
	at java.base/java.util.concurrent.CompletableFuture.thenCompose(CompletableFuture.java:2235)
	at org.apache.ratis.server.impl.RaftServerProxy.appendEntriesAsync(RaftServerProxy.java:634)
	at org.apache.ratis.grpc.server.GrpcServerProtocolService$1.process(GrpcServerProtocolService.java:219)
	at org.apache.ratis.grpc.server.GrpcServerProtocolService$1.process(GrpcServerProtocolService.java:216)
	at org.apache.ratis.grpc.server.GrpcServerProtocolService$ServerRequestStreamObserver.onNext(GrpcServerProtocolService.java:124)
	at org.apache.ratis.thirdparty.io.grpc.stub.ServerCalls$StreamingServerCallHandler$StreamingServerCallListener.onMessage(ServerCalls.java:262)
	at org.apache.ratis.thirdparty.io.grpc.ForwardingServerCallListener.onMessage(ForwardingServerCallListener.java:33)
	at org.apache.ratis.thirdparty.io.grpc.internal.ServerCallImpl$ServerStreamListenerImpl.messagesAvailableInternal(ServerCallImpl.java:332)
	at org.apache.ratis.thirdparty.io.grpc.internal.ServerCallImpl$ServerStreamListenerImpl.messagesAvailable(ServerCallImpl.java:315)
	at org.apache.ratis.thirdparty.io.grpc.internal.ServerImpl$JumpToApplicationThreadServerStreamListener$1MessagesAvailable.runInContext(ServerImpl.java:834)
	at org.apache.ratis.thirdparty.io.grpc.internal.ContextRunnable.run(ContextRunnable.java:37)
	at org.apache.ratis.thirdparty.io.grpc.internal.SerializingExecutor.run(SerializingExecutor.java:133)
	at java.base/java.util.concurrent.ThreadPoolExecutor.runWorker(ThreadPoolExecutor.java:1128)
	at java.base/java.util.concurrent.ThreadPoolExecutor$Worker.run(ThreadPoolExecutor.java:628)
	at java.base/java.lang.Thread.run(Thread.java:829)

		at org.apache.ratis.util.IOUtils.readObject(IOUtils.java:237)
		at org.apache.ratis.util.IOUtils.bytes2Object(IOUtils.java:214)
		at org.apache.ratis.grpc.GrpcUtil.tryUnwrapException(GrpcUtil.java:109)
		at org.apache.ratis.grpc.GrpcUtil.unwrapThrowable(GrpcUtil.java:82)
		at org.apache.ratis.grpc.GrpcUtil.warn(GrpcUtil.java:178)
		at org.apache.ratis.grpc.server.GrpcLogAppender$AppendLogResponseHandler.onError(GrpcLogAppender.java:405)
		... 10 more
	Caused by: java.lang.ClassCastException: Cannot cast java.util.concurrent.RejectedExecutionException to java.io.IOException
		at java.base/java.lang.Class.cast(Class.java:3605)
		at org.apache.ratis.util.IOUtils.readObject(IOUtils.java:234)
		... 15 more
2022-10-13 10:40:56,751 [grpc-default-executor-3] INFO  leader.FollowerInfo (FollowerInfoImpl.java:lambda$new$0(48)) - s0@group-6905249F38B1->s1: nextIndex: updateUnconditionally 263 -> 259
2022-10-13 10:40:56,786 [grpc-default-executor-2] WARN  server.GrpcServerProtocolService (LogUtils.java:warn(124)) - s1: Failed APPEND_ENTRIES request s0->s1#330-t2,previous=(t:2, i:258),leaderCommit=262,initializing? true,entries: size=4, first=(t:2, i:259), CONFIGURATIONENTRY(current:id: "s0"
address: "localhost:46195"
dataStreamAddress: "localhost:39399"
clientAddress: "localhost:42765"
adminAddress: "localhost:44717"
startupRole: FOLLOWER
,id: "s1"
address: "0.0.0.0:46693"
clientAddress: "0.0.0.0:46693"
adminAddress: "0.0.0.0:46693"
startupRole: FOLLOWER
,id: "s2"
address: "0.0.0.0:36699"
clientAddress: "0.0.0.0:36699"
adminAddress: "0.0.0.0:36699"
startupRole: FOLLOWER
, old:id: "s0"
address: "localhost:46195"
dataStreamAddress: "localhost:39399"
clientAddress: "localhost:42765"
adminAddress: "localhost:44717"
startupRole: FOLLOWER
)
java.util.concurrent.CompletionException: java.util.concurrent.RejectedExecutionException: Task java.util.concurrent.CompletableFuture$AsyncSupply@2c109c85 rejected from java.util.concurrent.ThreadPoolExecutor@3ad4e2b[Terminated, pool size = 0, active threads = 0, queued tasks = 0, completed tasks = 198]
	at java.base/java.util.concurrent.CompletableFuture.encodeThrowable(CompletableFuture.java:314)
	at java.base/java.util.concurrent.CompletableFuture.uniComposeStage(CompletableFuture.java:1113)
	at java.base/java.util.concurrent.CompletableFuture.thenCompose(CompletableFuture.java:2235)
	at org.apache.ratis.server.impl.RaftServerProxy.appendEntriesAsync(RaftServerProxy.java:634)
	at org.apache.ratis.grpc.server.GrpcServerProtocolService$1.process(GrpcServerProtocolService.java:219)
	at org.apache.ratis.grpc.server.GrpcServerProtocolService$1.process(GrpcServerProtocolService.java:216)
	at org.apache.ratis.grpc.server.GrpcServerProtocolService$ServerRequestStreamObserver.onNext(GrpcServerProtocolService.java:124)
	at org.apache.ratis.thirdparty.io.grpc.stub.ServerCalls$StreamingServerCallHandler$StreamingServerCallListener.onMessage(ServerCalls.java:262)
	at org.apache.ratis.thirdparty.io.grpc.ForwardingServerCallListener.onMessage(ForwardingServerCallListener.java:33)
	at org.apache.ratis.thirdparty.io.grpc.internal.ServerCallImpl$ServerStreamListenerImpl.messagesAvailableInternal(ServerCallImpl.java:332)
	at org.apache.ratis.thirdparty.io.grpc.internal.ServerCallImpl$ServerStreamListenerImpl.messagesAvailable(ServerCallImpl.java:315)
	at org.apache.ratis.thirdparty.io.grpc.internal.ServerImpl$JumpToApplicationThreadServerStreamListener$1MessagesAvailable.runInContext(ServerImpl.java:834)
	at org.apache.ratis.thirdparty.io.grpc.internal.ContextRunnable.run(ContextRunnable.java:37)
	at org.apache.ratis.thirdparty.io.grpc.internal.SerializingExecutor.run(SerializingExecutor.java:133)
	at java.base/java.util.concurrent.ThreadPoolExecutor.runWorker(ThreadPoolExecutor.java:1128)
	at java.base/java.util.concurrent.ThreadPoolExecutor$Worker.run(ThreadPoolExecutor.java:628)
	at java.base/java.lang.Thread.run(Thread.java:829)
Caused by: java.util.concurrent.RejectedExecutionException: Task java.util.concurrent.CompletableFuture$AsyncSupply@2c109c85 rejected from java.util.concurrent.ThreadPoolExecutor@3ad4e2b[Terminated, pool size = 0, active threads = 0, queued tasks = 0, completed tasks = 198]
	at java.base/java.util.concurrent.ThreadPoolExecutor$AbortPolicy.rejectedExecution(ThreadPoolExecutor.java:2055)
	at java.base/java.util.concurrent.ThreadPoolExecutor.reject(ThreadPoolExecutor.java:825)
	at java.base/java.util.concurrent.ThreadPoolExecutor.execute(ThreadPoolExecutor.java:1355)
	at java.base/java.util.concurrent.CompletableFuture.asyncSupplyStage(CompletableFuture.java:1714)
	at java.base/java.util.concurrent.CompletableFuture.supplyAsync(CompletableFuture.java:1931)
	at org.apache.ratis.server.impl.RaftServerImpl.executeSubmitServerRequestAsync(RaftServerImpl.java:812)
	at org.apache.ratis.server.impl.RaftServerProxy.lambda$appendEntriesAsync$27(RaftServerProxy.java:634)
	at java.base/java.util.concurrent.CompletableFuture.uniComposeStage(CompletableFuture.java:1106)
	... 15 more
2022-10-13 10:40:56,790 [grpc-default-executor-3] WARN  server.GrpcLogAppender (LogUtils.java:warn(124)) - s0@group-6905249F38B1->s1-AppendLogResponseHandler: Failed appendEntries
java.io.IOException: java.util.concurrent.RejectedExecutionException: Task java.util.concurrent.CompletableFuture$AsyncSupply@2c109c85 rejected from java.util.concurrent.ThreadPoolExecutor@3ad4e2b[Terminated, pool size = 0, active threads = 0, queued tasks = 0, completed tasks = 198]
	at org.apache.ratis.util.IOUtils.asIOException(IOUtils.java:56)
	at org.apache.ratis.grpc.GrpcUtil.tryUnwrapException(GrpcUtil.java:121)
	at org.apache.ratis.grpc.GrpcUtil.unwrapThrowable(GrpcUtil.java:82)
	at org.apache.ratis.grpc.GrpcUtil.warn(GrpcUtil.java:178)
	at org.apache.ratis.grpc.server.GrpcLogAppender$AppendLogResponseHandler.onError(GrpcLogAppender.java:405)
	at org.apache.ratis.thirdparty.io.grpc.stub.ClientCalls$StreamObserverToCallListenerAdapter.onClose(ClientCalls.java:487)
	at org.apache.ratis.thirdparty.io.grpc.internal.ClientCallImpl.closeObserver(ClientCallImpl.java:562)
	at org.apache.ratis.thirdparty.io.grpc.internal.ClientCallImpl.access$300(ClientCallImpl.java:70)
	at org.apache.ratis.thirdparty.io.grpc.internal.ClientCallImpl$ClientStreamListenerImpl$1StreamClosed.runInternal(ClientCallImpl.java:743)
	at org.apache.ratis.thirdparty.io.grpc.internal.ClientCallImpl$ClientStreamListenerImpl$1StreamClosed.runInContext(ClientCallImpl.java:722)
	at org.apache.ratis.thirdparty.io.grpc.internal.ContextRunnable.run(ContextRunnable.java:37)
	at org.apache.ratis.thirdparty.io.grpc.internal.SerializingExecutor.run(SerializingExecutor.java:133)
	at java.base/java.util.concurrent.ThreadPoolExecutor.runWorker(ThreadPoolExecutor.java:1128)
	at java.base/java.util.concurrent.ThreadPoolExecutor$Worker.run(ThreadPoolExecutor.java:628)
	at java.base/java.lang.Thread.run(Thread.java:829)
Caused by: java.util.concurrent.RejectedExecutionException: Task java.util.concurrent.CompletableFuture$AsyncSupply@2c109c85 rejected from java.util.concurrent.ThreadPoolExecutor@3ad4e2b[Terminated, pool size = 0, active threads = 0, queued tasks = 0, completed tasks = 198]
	at java.base/jdk.internal.reflect.GeneratedConstructorAccessor7.newInstance(Unknown Source)
	at java.base/jdk.internal.reflect.DelegatingConstructorAccessorImpl.newInstance(DelegatingConstructorAccessorImpl.java:45)
	at java.base/java.lang.reflect.Constructor.newInstance(Constructor.java:490)
	at org.apache.ratis.util.ReflectionUtils.instantiateException(ReflectionUtils.java:259)
	at org.apache.ratis.grpc.GrpcUtil.tryUnwrapException(GrpcUtil.java:120)
	... 13 more
Caused by: org.apache.ratis.thirdparty.io.grpc.StatusRuntimeException: INTERNAL: Task java.util.concurrent.CompletableFuture$AsyncSupply@2c109c85 rejected from java.util.concurrent.ThreadPoolExecutor@3ad4e2b[Terminated, pool size = 0, active threads = 0, queued tasks = 0, completed tasks = 198]
	at org.apache.ratis.thirdparty.io.grpc.Status.asRuntimeException(Status.java:535)
	... 10 more
	Suppressed: java.lang.IllegalStateException: Failed to cast to class java.io.IOException, object=java.util.concurrent.RejectedExecutionException: Task java.util.concurrent.CompletableFuture$AsyncSupply@2c109c85 rejected from java.util.concurrent.ThreadPoolExecutor@3ad4e2b[Terminated, pool size = 0, active threads = 0, queued tasks = 0, completed tasks = 198]
	at java.base/java.util.concurrent.ThreadPoolExecutor$AbortPolicy.rejectedExecution(ThreadPoolExecutor.java:2055)
	at java.base/java.util.concurrent.ThreadPoolExecutor.reject(ThreadPoolExecutor.java:825)
	at java.base/java.util.concurrent.ThreadPoolExecutor.execute(ThreadPoolExecutor.java:1355)
	at java.base/java.util.concurrent.CompletableFuture.asyncSupplyStage(CompletableFuture.java:1714)
	at java.base/java.util.concurrent.CompletableFuture.supplyAsync(CompletableFuture.java:1931)
	at org.apache.ratis.server.impl.RaftServerImpl.executeSubmitServerRequestAsync(RaftServerImpl.java:812)
	at org.apache.ratis.server.impl.RaftServerProxy.lambda$appendEntriesAsync$27(RaftServerProxy.java:634)
	at java.base/java.util.concurrent.CompletableFuture.uniComposeStage(CompletableFuture.java:1106)
	at java.base/java.util.concurrent.CompletableFuture.thenCompose(CompletableFuture.java:2235)
	at org.apache.ratis.server.impl.RaftServerProxy.appendEntriesAsync(RaftServerProxy.java:634)
	at org.apache.ratis.grpc.server.GrpcServerProtocolService$1.process(GrpcServerProtocolService.java:219)
	at org.apache.ratis.grpc.server.GrpcServerProtocolService$1.process(GrpcServerProtocolService.java:216)
	at org.apache.ratis.grpc.server.GrpcServerProtocolService$ServerRequestStreamObserver.onNext(GrpcServerProtocolService.java:124)
	at org.apache.ratis.thirdparty.io.grpc.stub.ServerCalls$StreamingServerCallHandler$StreamingServerCallListener.onMessage(ServerCalls.java:262)
	at org.apache.ratis.thirdparty.io.grpc.ForwardingServerCallListener.onMessage(ForwardingServerCallListener.java:33)
	at org.apache.ratis.thirdparty.io.grpc.internal.ServerCallImpl$ServerStreamListenerImpl.messagesAvailableInternal(ServerCallImpl.java:332)
	at org.apache.ratis.thirdparty.io.grpc.internal.ServerCallImpl$ServerStreamListenerImpl.messagesAvailable(ServerCallImpl.java:315)
	at org.apache.ratis.thirdparty.io.grpc.internal.ServerImpl$JumpToApplicationThreadServerStreamListener$1MessagesAvailable.runInContext(ServerImpl.java:834)
	at org.apache.ratis.thirdparty.io.grpc.internal.ContextRunnable.run(ContextRunnable.java:37)
	at org.apache.ratis.thirdparty.io.grpc.internal.SerializingExecutor.run(SerializingExecutor.java:133)
	at java.base/java.util.concurrent.ThreadPoolExecutor.runWorker(ThreadPoolExecutor.java:1128)
	at java.base/java.util.concurrent.ThreadPoolExecutor$Worker.run(ThreadPoolExecutor.java:628)
	at java.base/java.lang.Thread.run(Thread.java:829)

		at org.apache.ratis.util.IOUtils.readObject(IOUtils.java:237)
		at org.apache.ratis.util.IOUtils.bytes2Object(IOUtils.java:214)
		at org.apache.ratis.grpc.GrpcUtil.tryUnwrapException(GrpcUtil.java:109)
		at org.apache.ratis.grpc.GrpcUtil.unwrapThrowable(GrpcUtil.java:82)
		at org.apache.ratis.grpc.GrpcUtil.warn(GrpcUtil.java:178)
		at org.apache.ratis.grpc.server.GrpcLogAppender$AppendLogResponseHandler.onError(GrpcLogAppender.java:405)
		... 10 more
	Caused by: java.lang.ClassCastException: Cannot cast java.util.concurrent.RejectedExecutionException to java.io.IOException
		at java.base/java.lang.Class.cast(Class.java:3605)
		at org.apache.ratis.util.IOUtils.readObject(IOUtils.java:234)
		... 15 more
2022-10-13 10:40:56,790 [grpc-default-executor-3] INFO  leader.FollowerInfo (FollowerInfoImpl.java:lambda$new$0(48)) - s0@group-6905249F38B1->s1: nextIndex: updateUnconditionally 263 -> 259
2022-10-13 10:40:56,824 [grpc-default-executor-3] WARN  server.GrpcServerProtocolService (LogUtils.java:warn(124)) - s1: Failed APPEND_ENTRIES request s0->s1#332-t2,previous=(t:2, i:258),leaderCommit=262,initializing? true,entries: size=4, first=(t:2, i:259), CONFIGURATIONENTRY(current:id: "s0"
address: "localhost:46195"
dataStreamAddress: "localhost:39399"
clientAddress: "localhost:42765"
adminAddress: "localhost:44717"
startupRole: FOLLOWER
,id: "s1"
address: "0.0.0.0:46693"
clientAddress: "0.0.0.0:46693"
adminAddress: "0.0.0.0:46693"
startupRole: FOLLOWER
,id: "s2"
address: "0.0.0.0:36699"
clientAddress: "0.0.0.0:36699"
adminAddress: "0.0.0.0:36699"
startupRole: FOLLOWER
, old:id: "s0"
address: "localhost:46195"
dataStreamAddress: "localhost:39399"
clientAddress: "localhost:42765"
adminAddress: "localhost:44717"
startupRole: FOLLOWER
)
java.util.concurrent.CompletionException: java.util.concurrent.RejectedExecutionException: Task java.util.concurrent.CompletableFuture$AsyncSupply@358b5e16 rejected from java.util.concurrent.ThreadPoolExecutor@3ad4e2b[Terminated, pool size = 0, active threads = 0, queued tasks = 0, completed tasks = 198]
	at java.base/java.util.concurrent.CompletableFuture.encodeThrowable(CompletableFuture.java:314)
	at java.base/java.util.concurrent.CompletableFuture.uniComposeStage(CompletableFuture.java:1113)
	at java.base/java.util.concurrent.CompletableFuture.thenCompose(CompletableFuture.java:2235)
	at org.apache.ratis.server.impl.RaftServerProxy.appendEntriesAsync(RaftServerProxy.java:634)
	at org.apache.ratis.grpc.server.GrpcServerProtocolService$1.process(GrpcServerProtocolService.java:219)
	at org.apache.ratis.grpc.server.GrpcServerProtocolService$1.process(GrpcServerProtocolService.java:216)
	at org.apache.ratis.grpc.server.GrpcServerProtocolService$ServerRequestStreamObserver.onNext(GrpcServerProtocolService.java:124)
	at org.apache.ratis.thirdparty.io.grpc.stub.ServerCalls$StreamingServerCallHandler$StreamingServerCallListener.onMessage(ServerCalls.java:262)
	at org.apache.ratis.thirdparty.io.grpc.ForwardingServerCallListener.onMessage(ForwardingServerCallListener.java:33)
	at org.apache.ratis.thirdparty.io.grpc.internal.ServerCallImpl$ServerStreamListenerImpl.messagesAvailableInternal(ServerCallImpl.java:332)
	at org.apache.ratis.thirdparty.io.grpc.internal.ServerCallImpl$ServerStreamListenerImpl.messagesAvailable(ServerCallImpl.java:315)
	at org.apache.ratis.thirdparty.io.grpc.internal.ServerImpl$JumpToApplicationThreadServerStreamListener$1MessagesAvailable.runInContext(ServerImpl.java:834)
	at org.apache.ratis.thirdparty.io.grpc.internal.ContextRunnable.run(ContextRunnable.java:37)
	at org.apache.ratis.thirdparty.io.grpc.internal.SerializingExecutor.run(SerializingExecutor.java:133)
	at java.base/java.util.concurrent.ThreadPoolExecutor.runWorker(ThreadPoolExecutor.java:1128)
	at java.base/java.util.concurrent.ThreadPoolExecutor$Worker.run(ThreadPoolExecutor.java:628)
	at java.base/java.lang.Thread.run(Thread.java:829)
Caused by: java.util.concurrent.RejectedExecutionException: Task java.util.concurrent.CompletableFuture$AsyncSupply@358b5e16 rejected from java.util.concurrent.ThreadPoolExecutor@3ad4e2b[Terminated, pool size = 0, active threads = 0, queued tasks = 0, completed tasks = 198]
	at java.base/java.util.concurrent.ThreadPoolExecutor$AbortPolicy.rejectedExecution(ThreadPoolExecutor.java:2055)
	at java.base/java.util.concurrent.ThreadPoolExecutor.reject(ThreadPoolExecutor.java:825)
	at java.base/java.util.concurrent.ThreadPoolExecutor.execute(ThreadPoolExecutor.java:1355)
	at java.base/java.util.concurrent.CompletableFuture.asyncSupplyStage(CompletableFuture.java:1714)
	at java.base/java.util.concurrent.CompletableFuture.supplyAsync(CompletableFuture.java:1931)
	at org.apache.ratis.server.impl.RaftServerImpl.executeSubmitServerRequestAsync(RaftServerImpl.java:812)
	at org.apache.ratis.server.impl.RaftServerProxy.lambda$appendEntriesAsync$27(RaftServerProxy.java:634)
	at java.base/java.util.concurrent.CompletableFuture.uniComposeStage(CompletableFuture.java:1106)
	... 15 more
2022-10-13 10:40:56,826 [grpc-default-executor-2] WARN  server.GrpcLogAppender (LogUtils.java:warn(124)) - s0@group-6905249F38B1->s1-AppendLogResponseHandler: Failed appendEntries
java.io.IOException: java.util.concurrent.RejectedExecutionException: Task java.util.concurrent.CompletableFuture$AsyncSupply@358b5e16 rejected from java.util.concurrent.ThreadPoolExecutor@3ad4e2b[Terminated, pool size = 0, active threads = 0, queued tasks = 0, completed tasks = 198]
	at org.apache.ratis.util.IOUtils.asIOException(IOUtils.java:56)
	at org.apache.ratis.grpc.GrpcUtil.tryUnwrapException(GrpcUtil.java:121)
	at org.apache.ratis.grpc.GrpcUtil.unwrapThrowable(GrpcUtil.java:82)
	at org.apache.ratis.grpc.GrpcUtil.warn(GrpcUtil.java:178)
	at org.apache.ratis.grpc.server.GrpcLogAppender$AppendLogResponseHandler.onError(GrpcLogAppender.java:405)
	at org.apache.ratis.thirdparty.io.grpc.stub.ClientCalls$StreamObserverToCallListenerAdapter.onClose(ClientCalls.java:487)
	at org.apache.ratis.thirdparty.io.grpc.internal.ClientCallImpl.closeObserver(ClientCallImpl.java:562)
	at org.apache.ratis.thirdparty.io.grpc.internal.ClientCallImpl.access$300(ClientCallImpl.java:70)
	at org.apache.ratis.thirdparty.io.grpc.internal.ClientCallImpl$ClientStreamListenerImpl$1StreamClosed.runInternal(ClientCallImpl.java:743)
	at org.apache.ratis.thirdparty.io.grpc.internal.ClientCallImpl$ClientStreamListenerImpl$1StreamClosed.runInContext(ClientCallImpl.java:722)
	at org.apache.ratis.thirdparty.io.grpc.internal.ContextRunnable.run(ContextRunnable.java:37)
	at org.apache.ratis.thirdparty.io.grpc.internal.SerializingExecutor.run(SerializingExecutor.java:133)
	at java.base/java.util.concurrent.ThreadPoolExecutor.runWorker(ThreadPoolExecutor.java:1128)
	at java.base/java.util.concurrent.ThreadPoolExecutor$Worker.run(ThreadPoolExecutor.java:628)
	at java.base/java.lang.Thread.run(Thread.java:829)
Caused by: java.util.concurrent.RejectedExecutionException: Task java.util.concurrent.CompletableFuture$AsyncSupply@358b5e16 rejected from java.util.concurrent.ThreadPoolExecutor@3ad4e2b[Terminated, pool size = 0, active threads = 0, queued tasks = 0, completed tasks = 198]
	at java.base/jdk.internal.reflect.GeneratedConstructorAccessor7.newInstance(Unknown Source)
	at java.base/jdk.internal.reflect.DelegatingConstructorAccessorImpl.newInstance(DelegatingConstructorAccessorImpl.java:45)
	at java.base/java.lang.reflect.Constructor.newInstance(Constructor.java:490)
	at org.apache.ratis.util.ReflectionUtils.instantiateException(ReflectionUtils.java:259)
	at org.apache.ratis.grpc.GrpcUtil.tryUnwrapException(GrpcUtil.java:120)
	... 13 more
Caused by: org.apache.ratis.thirdparty.io.grpc.StatusRuntimeException: INTERNAL: Task java.util.concurrent.CompletableFuture$AsyncSupply@358b5e16 rejected from java.util.concurrent.ThreadPoolExecutor@3ad4e2b[Terminated, pool size = 0, active threads = 0, queued tasks = 0, completed tasks = 198]
	at org.apache.ratis.thirdparty.io.grpc.Status.asRuntimeException(Status.java:535)
	... 10 more
	Suppressed: java.lang.IllegalStateException: Failed to cast to class java.io.IOException, object=java.util.concurrent.RejectedExecutionException: Task java.util.concurrent.CompletableFuture$AsyncSupply@358b5e16 rejected from java.util.concurrent.ThreadPoolExecutor@3ad4e2b[Terminated, pool size = 0, active threads = 0, queued tasks = 0, completed tasks = 198]
	at java.base/java.util.concurrent.ThreadPoolExecutor$AbortPolicy.rejectedExecution(ThreadPoolExecutor.java:2055)
	at java.base/java.util.concurrent.ThreadPoolExecutor.reject(ThreadPoolExecutor.java:825)
	at java.base/java.util.concurrent.ThreadPoolExecutor.execute(ThreadPoolExecutor.java:1355)
	at java.base/java.util.concurrent.CompletableFuture.asyncSupplyStage(CompletableFuture.java:1714)
	at java.base/java.util.concurrent.CompletableFuture.supplyAsync(CompletableFuture.java:1931)
	at org.apache.ratis.server.impl.RaftServerImpl.executeSubmitServerRequestAsync(RaftServerImpl.java:812)
	at org.apache.ratis.server.impl.RaftServerProxy.lambda$appendEntriesAsync$27(RaftServerProxy.java:634)
	at java.base/java.util.concurrent.CompletableFuture.uniComposeStage(CompletableFuture.java:1106)
	at java.base/java.util.concurrent.CompletableFuture.thenCompose(CompletableFuture.java:2235)
	at org.apache.ratis.server.impl.RaftServerProxy.appendEntriesAsync(RaftServerProxy.java:634)
	at org.apache.ratis.grpc.server.GrpcServerProtocolService$1.process(GrpcServerProtocolService.java:219)
	at org.apache.ratis.grpc.server.GrpcServerProtocolService$1.process(GrpcServerProtocolService.java:216)
	at org.apache.ratis.grpc.server.GrpcServerProtocolService$ServerRequestStreamObserver.onNext(GrpcServerProtocolService.java:124)
	at org.apache.ratis.thirdparty.io.grpc.stub.ServerCalls$StreamingServerCallHandler$StreamingServerCallListener.onMessage(ServerCalls.java:262)
	at org.apache.ratis.thirdparty.io.grpc.ForwardingServerCallListener.onMessage(ForwardingServerCallListener.java:33)
	at org.apache.ratis.thirdparty.io.grpc.internal.ServerCallImpl$ServerStreamListenerImpl.messagesAvailableInternal(ServerCallImpl.java:332)
	at org.apache.ratis.thirdparty.io.grpc.internal.ServerCallImpl$ServerStreamListenerImpl.messagesAvailable(ServerCallImpl.java:315)
	at org.apache.ratis.thirdparty.io.grpc.internal.ServerImpl$JumpToApplicationThreadServerStreamListener$1MessagesAvailable.runInContext(ServerImpl.java:834)
	at org.apache.ratis.thirdparty.io.grpc.internal.ContextRunnable.run(ContextRunnable.java:37)
	at org.apache.ratis.thirdparty.io.grpc.internal.SerializingExecutor.run(SerializingExecutor.java:133)
	at java.base/java.util.concurrent.ThreadPoolExecutor.runWorker(ThreadPoolExecutor.java:1128)
	at java.base/java.util.concurrent.ThreadPoolExecutor$Worker.run(ThreadPoolExecutor.java:628)
	at java.base/java.lang.Thread.run(Thread.java:829)

		at org.apache.ratis.util.IOUtils.readObject(IOUtils.java:237)
		at org.apache.ratis.util.IOUtils.bytes2Object(IOUtils.java:214)
		at org.apache.ratis.grpc.GrpcUtil.tryUnwrapException(GrpcUtil.java:109)
		at org.apache.ratis.grpc.GrpcUtil.unwrapThrowable(GrpcUtil.java:82)
		at org.apache.ratis.grpc.GrpcUtil.warn(GrpcUtil.java:178)
		at org.apache.ratis.grpc.server.GrpcLogAppender$AppendLogResponseHandler.onError(GrpcLogAppender.java:405)
		... 10 more
	Caused by: java.lang.ClassCastException: Cannot cast java.util.concurrent.RejectedExecutionException to java.io.IOException
		at java.base/java.lang.Class.cast(Class.java:3605)
		at org.apache.ratis.util.IOUtils.readObject(IOUtils.java:234)
		... 15 more
2022-10-13 10:40:56,827 [grpc-default-executor-2] INFO  leader.FollowerInfo (FollowerInfoImpl.java:lambda$new$0(48)) - s0@group-6905249F38B1->s1: nextIndex: updateUnconditionally 263 -> 259
2022-10-13 10:40:56,838 [Time-limited test] INFO  impl.RaftServerTestUtil (RaftServerTestUtil.java:waitAndCheckNewConf(97)) - waitAndCheckNewConf: peers=[s1|rpc:0.0.0.0:46693|priority:0|startupRole:FOLLOWER, s2|rpc:0.0.0.0:36699|priority:0|startupRole:FOLLOWER, s0|rpc:localhost:46195|admin:localhost:44717|client:localhost:42765|dataStream:localhost:39399|priority:0|startupRole:FOLLOWER], deadPeers=null, printing ALL groups
  s0:  RUNNING    LEADER s0@group-6905249F38B1:t2, leader=s0, voted=s0, raftlog=Memoized:s0@group-6905249F38B1-SegmentedRaftLog:OPENED:c262, conf=261: peers:[s0|rpc:localhost:46195|admin:localhost:44717|client:localhost:42765|dataStream:localhost:39399|priority:0|startupRole:FOLLOWER, s1|rpc:0.0.0.0:46693|dataStream:|priority:0|startupRole:FOLLOWER, s2|rpc:0.0.0.0:36699|dataStream:|priority:0|startupRole:FOLLOWER]|listeners:[], old=null RUNNING
  s1:  RUNNING  FOLLOWER s1@group-6905249F38B1:t2, leader=s0, voted=null, raftlog=Memoized:s1@group-6905249F38B1-SegmentedRaftLog:CLOSED:c254, conf=255: peers:[s0|rpc:localhost:46195|admin:localhost:44717|client:localhost:42765|dataStream:localhost:39399|priority:0|startupRole:FOLLOWER]|listeners:[], old=null CLOSED
  s2:  RUNNING  FOLLOWER s2@group-6905249F38B1:t2, leader=s0, voted=null, raftlog=Memoized:s2@group-6905249F38B1-SegmentedRaftLog:OPENED:c262, conf=261: peers:[s0|rpc:localhost:46195|admin:localhost:44717|client:localhost:42765|dataStream:localhost:39399|priority:0|startupRole:FOLLOWER, s1|rpc:0.0.0.0:46693|dataStream:|priority:0|startupRole:FOLLOWER, s2|rpc:0.0.0.0:36699|dataStream:|priority:0|startupRole:FOLLOWER]|listeners:[], old=null RUNNING
2022-10-13 10:40:56,838 [Time-limited test] INFO  impl.RaftServerTestUtil (RaftServerTestUtil.java:waitAndCheckNewConf(106)) - checking    LEADER s0@group-6905249F38B1:t2, leader=s0, voted=s0, raftlog=Memoized:s0@group-6905249F38B1-SegmentedRaftLog:OPENED:c262, conf=261: peers:[s0|rpc:localhost:46195|admin:localhost:44717|client:localhost:42765|dataStream:localhost:39399|priority:0|startupRole:FOLLOWER, s1|rpc:0.0.0.0:46693|dataStream:|priority:0|startupRole:FOLLOWER, s2|rpc:0.0.0.0:36699|dataStream:|priority:0|startupRole:FOLLOWER]|listeners:[], old=null RUNNING
2022-10-13 10:40:56,838 [Time-limited test] INFO  impl.RaftServerTestUtil (RaftServerTestUtil.java:waitAndCheckNewConf(106)) - checking  FOLLOWER s1@group-6905249F38B1:t2, leader=s0, voted=null, raftlog=Memoized:s1@group-6905249F38B1-SegmentedRaftLog:CLOSED:c254, conf=255: peers:[s0|rpc:localhost:46195|admin:localhost:44717|client:localhost:42765|dataStream:localhost:39399|priority:0|startupRole:FOLLOWER]|listeners:[], old=null CLOSED
2022-10-13 10:40:56,838 [Time-limited test] WARN  impl.RaftServerTestUtil (JavaUtils.java:attempt(217)) - FAILED "waitAndCheckNewConf", attempt #5/10: java.lang.AssertionError, sleep 600ms and then retry.
java.lang.AssertionError
	at org.junit.Assert.fail(Assert.java:87)
	at org.junit.Assert.assertTrue(Assert.java:42)
	at org.junit.Assert.assertTrue(Assert.java:53)
	at org.apache.ratis.server.impl.RaftServerTestUtil.waitAndCheckNewConf(RaftServerTestUtil.java:117)
	at org.apache.ratis.server.impl.RaftServerTestUtil.lambda$waitAndCheckNewConf$3(RaftServerTestUtil.java:92)
	at org.apache.ratis.util.function.CheckedRunnable.lambda$asCheckedSupplier$0(CheckedRunnable.java:32)
	at org.apache.ratis.util.JavaUtils.attempt(JavaUtils.java:211)
	at org.apache.ratis.util.JavaUtils.attemptRepeatedly(JavaUtils.java:197)
	at org.apache.ratis.util.JavaUtils.attempt(JavaUtils.java:231)
	at org.apache.ratis.server.impl.RaftServerTestUtil.waitAndCheckNewConf(RaftServerTestUtil.java:92)
	at org.apache.ratis.InstallSnapshotNotificationTests.testAddNewFollowers(InstallSnapshotNotificationTests.java:236)
	at org.apache.ratis.server.impl.MiniRaftCluster$Factory$Get.runWithNewCluster(MiniRaftCluster.java:141)
	at org.apache.ratis.server.impl.MiniRaftCluster$Factory$Get.runWithNewCluster(MiniRaftCluster.java:121)
	at org.apache.ratis.InstallSnapshotNotificationTests.testAddNewFollowers(InstallSnapshotNotificationTests.java:173)
	at java.base/jdk.internal.reflect.NativeMethodAccessorImpl.invoke0(Native Method)
	at java.base/jdk.internal.reflect.NativeMethodAccessorImpl.invoke(NativeMethodAccessorImpl.java:62)
	at java.base/jdk.internal.reflect.DelegatingMethodAccessorImpl.invoke(DelegatingMethodAccessorImpl.java:43)
	at java.base/java.lang.reflect.Method.invoke(Method.java:566)
	at org.junit.runners.model.FrameworkMethod$1.runReflectiveCall(FrameworkMethod.java:59)
	at org.junit.internal.runners.model.ReflectiveCallable.run(ReflectiveCallable.java:12)
	at org.junit.runners.model.FrameworkMethod.invokeExplosively(FrameworkMethod.java:56)
	at org.junit.internal.runners.statements.InvokeMethod.evaluate(InvokeMethod.java:17)
	at org.junit.internal.runners.statements.RunAfters.evaluate(RunAfters.java:27)
	at org.junit.internal.runners.statements.FailOnTimeout$CallableStatement.call(FailOnTimeout.java:299)
	at org.junit.internal.runners.statements.FailOnTimeout$CallableStatement.call(FailOnTimeout.java:293)
	at java.base/java.util.concurrent.FutureTask.run(FutureTask.java:264)
	at java.base/java.lang.Thread.run(Thread.java:829)
2022-10-13 10:40:56,862 [grpc-default-executor-1] WARN  server.GrpcServerProtocolService (LogUtils.java:warn(124)) - s1: Failed APPEND_ENTRIES request s0->s1#334-t2,previous=(t:2, i:258),leaderCommit=262,initializing? true,entries: size=4, first=(t:2, i:259), CONFIGURATIONENTRY(current:id: "s0"
address: "localhost:46195"
dataStreamAddress: "localhost:39399"
clientAddress: "localhost:42765"
adminAddress: "localhost:44717"
startupRole: FOLLOWER
,id: "s1"
address: "0.0.0.0:46693"
clientAddress: "0.0.0.0:46693"
adminAddress: "0.0.0.0:46693"
startupRole: FOLLOWER
,id: "s2"
address: "0.0.0.0:36699"
clientAddress: "0.0.0.0:36699"
adminAddress: "0.0.0.0:36699"
startupRole: FOLLOWER
, old:id: "s0"
address: "localhost:46195"
dataStreamAddress: "localhost:39399"
clientAddress: "localhost:42765"
adminAddress: "localhost:44717"
startupRole: FOLLOWER
)
java.util.concurrent.CompletionException: java.util.concurrent.RejectedExecutionException: Task java.util.concurrent.CompletableFuture$AsyncSupply@6b825f47 rejected from java.util.concurrent.ThreadPoolExecutor@3ad4e2b[Terminated, pool size = 0, active threads = 0, queued tasks = 0, completed tasks = 198]
	at java.base/java.util.concurrent.CompletableFuture.encodeThrowable(CompletableFuture.java:314)
	at java.base/java.util.concurrent.CompletableFuture.uniComposeStage(CompletableFuture.java:1113)
	at java.base/java.util.concurrent.CompletableFuture.thenCompose(CompletableFuture.java:2235)
	at org.apache.ratis.server.impl.RaftServerProxy.appendEntriesAsync(RaftServerProxy.java:634)
	at org.apache.ratis.grpc.server.GrpcServerProtocolService$1.process(GrpcServerProtocolService.java:219)
	at org.apache.ratis.grpc.server.GrpcServerProtocolService$1.process(GrpcServerProtocolService.java:216)
	at org.apache.ratis.grpc.server.GrpcServerProtocolService$ServerRequestStreamObserver.onNext(GrpcServerProtocolService.java:124)
	at org.apache.ratis.thirdparty.io.grpc.stub.ServerCalls$StreamingServerCallHandler$StreamingServerCallListener.onMessage(ServerCalls.java:262)
	at org.apache.ratis.thirdparty.io.grpc.ForwardingServerCallListener.onMessage(ForwardingServerCallListener.java:33)
	at org.apache.ratis.thirdparty.io.grpc.internal.ServerCallImpl$ServerStreamListenerImpl.messagesAvailableInternal(ServerCallImpl.java:332)
	at org.apache.ratis.thirdparty.io.grpc.internal.ServerCallImpl$ServerStreamListenerImpl.messagesAvailable(ServerCallImpl.java:315)
	at org.apache.ratis.thirdparty.io.grpc.internal.ServerImpl$JumpToApplicationThreadServerStreamListener$1MessagesAvailable.runInContext(ServerImpl.java:834)
	at org.apache.ratis.thirdparty.io.grpc.internal.ContextRunnable.run(ContextRunnable.java:37)
	at org.apache.ratis.thirdparty.io.grpc.internal.SerializingExecutor.run(SerializingExecutor.java:133)
	at java.base/java.util.concurrent.ThreadPoolExecutor.runWorker(ThreadPoolExecutor.java:1128)
	at java.base/java.util.concurrent.ThreadPoolExecutor$Worker.run(ThreadPoolExecutor.java:628)
	at java.base/java.lang.Thread.run(Thread.java:829)
Caused by: java.util.concurrent.RejectedExecutionException: Task java.util.concurrent.CompletableFuture$AsyncSupply@6b825f47 rejected from java.util.concurrent.ThreadPoolExecutor@3ad4e2b[Terminated, pool size = 0, active threads = 0, queued tasks = 0, completed tasks = 198]
	at java.base/java.util.concurrent.ThreadPoolExecutor$AbortPolicy.rejectedExecution(ThreadPoolExecutor.java:2055)
	at java.base/java.util.concurrent.ThreadPoolExecutor.reject(ThreadPoolExecutor.java:825)
	at java.base/java.util.concurrent.ThreadPoolExecutor.execute(ThreadPoolExecutor.java:1355)
	at java.base/java.util.concurrent.CompletableFuture.asyncSupplyStage(CompletableFuture.java:1714)
	at java.base/java.util.concurrent.CompletableFuture.supplyAsync(CompletableFuture.java:1931)
	at org.apache.ratis.server.impl.RaftServerImpl.executeSubmitServerRequestAsync(RaftServerImpl.java:812)
	at org.apache.ratis.server.impl.RaftServerProxy.lambda$appendEntriesAsync$27(RaftServerProxy.java:634)
	at java.base/java.util.concurrent.CompletableFuture.uniComposeStage(CompletableFuture.java:1106)
	... 15 more
2022-10-13 10:40:56,864 [grpc-default-executor-2] WARN  server.GrpcLogAppender (LogUtils.java:warn(124)) - s0@group-6905249F38B1->s1-AppendLogResponseHandler: Failed appendEntries
java.io.IOException: java.util.concurrent.RejectedExecutionException: Task java.util.concurrent.CompletableFuture$AsyncSupply@6b825f47 rejected from java.util.concurrent.ThreadPoolExecutor@3ad4e2b[Terminated, pool size = 0, active threads = 0, queued tasks = 0, completed tasks = 198]
	at org.apache.ratis.util.IOUtils.asIOException(IOUtils.java:56)
	at org.apache.ratis.grpc.GrpcUtil.tryUnwrapException(GrpcUtil.java:121)
	at org.apache.ratis.grpc.GrpcUtil.unwrapThrowable(GrpcUtil.java:82)
	at org.apache.ratis.grpc.GrpcUtil.warn(GrpcUtil.java:178)
	at org.apache.ratis.grpc.server.GrpcLogAppender$AppendLogResponseHandler.onError(GrpcLogAppender.java:405)
	at org.apache.ratis.thirdparty.io.grpc.stub.ClientCalls$StreamObserverToCallListenerAdapter.onClose(ClientCalls.java:487)
	at org.apache.ratis.thirdparty.io.grpc.internal.ClientCallImpl.closeObserver(ClientCallImpl.java:562)
	at org.apache.ratis.thirdparty.io.grpc.internal.ClientCallImpl.access$300(ClientCallImpl.java:70)
	at org.apache.ratis.thirdparty.io.grpc.internal.ClientCallImpl$ClientStreamListenerImpl$1StreamClosed.runInternal(ClientCallImpl.java:743)
	at org.apache.ratis.thirdparty.io.grpc.internal.ClientCallImpl$ClientStreamListenerImpl$1StreamClosed.runInContext(ClientCallImpl.java:722)
	at org.apache.ratis.thirdparty.io.grpc.internal.ContextRunnable.run(ContextRunnable.java:37)
	at org.apache.ratis.thirdparty.io.grpc.internal.SerializingExecutor.run(SerializingExecutor.java:133)
	at java.base/java.util.concurrent.ThreadPoolExecutor.runWorker(ThreadPoolExecutor.java:1128)
	at java.base/java.util.concurrent.ThreadPoolExecutor$Worker.run(ThreadPoolExecutor.java:628)
	at java.base/java.lang.Thread.run(Thread.java:829)
Caused by: java.util.concurrent.RejectedExecutionException: Task java.util.concurrent.CompletableFuture$AsyncSupply@6b825f47 rejected from java.util.concurrent.ThreadPoolExecutor@3ad4e2b[Terminated, pool size = 0, active threads = 0, queued tasks = 0, completed tasks = 198]
	at java.base/jdk.internal.reflect.GeneratedConstructorAccessor7.newInstance(Unknown Source)
	at java.base/jdk.internal.reflect.DelegatingConstructorAccessorImpl.newInstance(DelegatingConstructorAccessorImpl.java:45)
	at java.base/java.lang.reflect.Constructor.newInstance(Constructor.java:490)
	at org.apache.ratis.util.ReflectionUtils.instantiateException(ReflectionUtils.java:259)
	at org.apache.ratis.grpc.GrpcUtil.tryUnwrapException(GrpcUtil.java:120)
	... 13 more
Caused by: org.apache.ratis.thirdparty.io.grpc.StatusRuntimeException: INTERNAL: Task java.util.concurrent.CompletableFuture$AsyncSupply@6b825f47 rejected from java.util.concurrent.ThreadPoolExecutor@3ad4e2b[Terminated, pool size = 0, active threads = 0, queued tasks = 0, completed tasks = 198]
	at org.apache.ratis.thirdparty.io.grpc.Status.asRuntimeException(Status.java:535)
	... 10 more
	Suppressed: java.lang.IllegalStateException: Failed to cast to class java.io.IOException, object=java.util.concurrent.RejectedExecutionException: Task java.util.concurrent.CompletableFuture$AsyncSupply@6b825f47 rejected from java.util.concurrent.ThreadPoolExecutor@3ad4e2b[Terminated, pool size = 0, active threads = 0, queued tasks = 0, completed tasks = 198]
	at java.base/java.util.concurrent.ThreadPoolExecutor$AbortPolicy.rejectedExecution(ThreadPoolExecutor.java:2055)
	at java.base/java.util.concurrent.ThreadPoolExecutor.reject(ThreadPoolExecutor.java:825)
	at java.base/java.util.concurrent.ThreadPoolExecutor.execute(ThreadPoolExecutor.java:1355)
	at java.base/java.util.concurrent.CompletableFuture.asyncSupplyStage(CompletableFuture.java:1714)
	at java.base/java.util.concurrent.CompletableFuture.supplyAsync(CompletableFuture.java:1931)
	at org.apache.ratis.server.impl.RaftServerImpl.executeSubmitServerRequestAsync(RaftServerImpl.java:812)
	at org.apache.ratis.server.impl.RaftServerProxy.lambda$appendEntriesAsync$27(RaftServerProxy.java:634)
	at java.base/java.util.concurrent.CompletableFuture.uniComposeStage(CompletableFuture.java:1106)
	at java.base/java.util.concurrent.CompletableFuture.thenCompose(CompletableFuture.java:2235)
	at org.apache.ratis.server.impl.RaftServerProxy.appendEntriesAsync(RaftServerProxy.java:634)
	at org.apache.ratis.grpc.server.GrpcServerProtocolService$1.process(GrpcServerProtocolService.java:219)
	at org.apache.ratis.grpc.server.GrpcServerProtocolService$1.process(GrpcServerProtocolService.java:216)
	at org.apache.ratis.grpc.server.GrpcServerProtocolService$ServerRequestStreamObserver.onNext(GrpcServerProtocolService.java:124)
	at org.apache.ratis.thirdparty.io.grpc.stub.ServerCalls$StreamingServerCallHandler$StreamingServerCallListener.onMessage(ServerCalls.java:262)
	at org.apache.ratis.thirdparty.io.grpc.ForwardingServerCallListener.onMessage(ForwardingServerCallListener.java:33)
	at org.apache.ratis.thirdparty.io.grpc.internal.ServerCallImpl$ServerStreamListenerImpl.messagesAvailableInternal(ServerCallImpl.java:332)
	at org.apache.ratis.thirdparty.io.grpc.internal.ServerCallImpl$ServerStreamListenerImpl.messagesAvailable(ServerCallImpl.java:315)
	at org.apache.ratis.thirdparty.io.grpc.internal.ServerImpl$JumpToApplicationThreadServerStreamListener$1MessagesAvailable.runInContext(ServerImpl.java:834)
	at org.apache.ratis.thirdparty.io.grpc.internal.ContextRunnable.run(ContextRunnable.java:37)
	at org.apache.ratis.thirdparty.io.grpc.internal.SerializingExecutor.run(SerializingExecutor.java:133)
	at java.base/java.util.concurrent.ThreadPoolExecutor.runWorker(ThreadPoolExecutor.java:1128)
	at java.base/java.util.concurrent.ThreadPoolExecutor$Worker.run(ThreadPoolExecutor.java:628)
	at java.base/java.lang.Thread.run(Thread.java:829)

		at org.apache.ratis.util.IOUtils.readObject(IOUtils.java:237)
		at org.apache.ratis.util.IOUtils.bytes2Object(IOUtils.java:214)
		at org.apache.ratis.grpc.GrpcUtil.tryUnwrapException(GrpcUtil.java:109)
		at org.apache.ratis.grpc.GrpcUtil.unwrapThrowable(GrpcUtil.java:82)
		at org.apache.ratis.grpc.GrpcUtil.warn(GrpcUtil.java:178)
		at org.apache.ratis.grpc.server.GrpcLogAppender$AppendLogResponseHandler.onError(GrpcLogAppender.java:405)
		... 10 more
	Caused by: java.lang.ClassCastException: Cannot cast java.util.concurrent.RejectedExecutionException to java.io.IOException
		at java.base/java.lang.Class.cast(Class.java:3605)
		at org.apache.ratis.util.IOUtils.readObject(IOUtils.java:234)
		... 15 more
2022-10-13 10:40:56,876 [grpc-default-executor-2] INFO  leader.FollowerInfo (FollowerInfoImpl.java:lambda$new$0(48)) - s0@group-6905249F38B1->s1: nextIndex: updateUnconditionally 263 -> 259
2022-10-13 10:40:56,900 [grpc-default-executor-2] WARN  server.GrpcServerProtocolService (LogUtils.java:warn(124)) - s1: Failed APPEND_ENTRIES request s0->s1#336-t2,previous=(t:2, i:258),leaderCommit=262,initializing? true,entries: size=4, first=(t:2, i:259), CONFIGURATIONENTRY(current:id: "s0"
address: "localhost:46195"
dataStreamAddress: "localhost:39399"
clientAddress: "localhost:42765"
adminAddress: "localhost:44717"
startupRole: FOLLOWER
,id: "s1"
address: "0.0.0.0:46693"
clientAddress: "0.0.0.0:46693"
adminAddress: "0.0.0.0:46693"
startupRole: FOLLOWER
,id: "s2"
address: "0.0.0.0:36699"
clientAddress: "0.0.0.0:36699"
adminAddress: "0.0.0.0:36699"
startupRole: FOLLOWER
, old:id: "s0"
address: "localhost:46195"
dataStreamAddress: "localhost:39399"
clientAddress: "localhost:42765"
adminAddress: "localhost:44717"
startupRole: FOLLOWER
)
java.util.concurrent.CompletionException: java.util.concurrent.RejectedExecutionException: Task java.util.concurrent.CompletableFuture$AsyncSupply@a5875ba rejected from java.util.concurrent.ThreadPoolExecutor@3ad4e2b[Terminated, pool size = 0, active threads = 0, queued tasks = 0, completed tasks = 198]
	at java.base/java.util.concurrent.CompletableFuture.encodeThrowable(CompletableFuture.java:314)
	at java.base/java.util.concurrent.CompletableFuture.uniComposeStage(CompletableFuture.java:1113)
	at java.base/java.util.concurrent.CompletableFuture.thenCompose(CompletableFuture.java:2235)
	at org.apache.ratis.server.impl.RaftServerProxy.appendEntriesAsync(RaftServerProxy.java:634)
	at org.apache.ratis.grpc.server.GrpcServerProtocolService$1.process(GrpcServerProtocolService.java:219)
	at org.apache.ratis.grpc.server.GrpcServerProtocolService$1.process(GrpcServerProtocolService.java:216)
	at org.apache.ratis.grpc.server.GrpcServerProtocolService$ServerRequestStreamObserver.onNext(GrpcServerProtocolService.java:124)
	at org.apache.ratis.thirdparty.io.grpc.stub.ServerCalls$StreamingServerCallHandler$StreamingServerCallListener.onMessage(ServerCalls.java:262)
	at org.apache.ratis.thirdparty.io.grpc.ForwardingServerCallListener.onMessage(ForwardingServerCallListener.java:33)
	at org.apache.ratis.thirdparty.io.grpc.internal.ServerCallImpl$ServerStreamListenerImpl.messagesAvailableInternal(ServerCallImpl.java:332)
	at org.apache.ratis.thirdparty.io.grpc.internal.ServerCallImpl$ServerStreamListenerImpl.messagesAvailable(ServerCallImpl.java:315)
	at org.apache.ratis.thirdparty.io.grpc.internal.ServerImpl$JumpToApplicationThreadServerStreamListener$1MessagesAvailable.runInContext(ServerImpl.java:834)
	at org.apache.ratis.thirdparty.io.grpc.internal.ContextRunnable.run(ContextRunnable.java:37)
	at org.apache.ratis.thirdparty.io.grpc.internal.SerializingExecutor.run(SerializingExecutor.java:133)
	at java.base/java.util.concurrent.ThreadPoolExecutor.runWorker(ThreadPoolExecutor.java:1128)
	at java.base/java.util.concurrent.ThreadPoolExecutor$Worker.run(ThreadPoolExecutor.java:628)
	at java.base/java.lang.Thread.run(Thread.java:829)
Caused by: java.util.concurrent.RejectedExecutionException: Task java.util.concurrent.CompletableFuture$AsyncSupply@a5875ba rejected from java.util.concurrent.ThreadPoolExecutor@3ad4e2b[Terminated, pool size = 0, active threads = 0, queued tasks = 0, completed tasks = 198]
	at java.base/java.util.concurrent.ThreadPoolExecutor$AbortPolicy.rejectedExecution(ThreadPoolExecutor.java:2055)
	at java.base/java.util.concurrent.ThreadPoolExecutor.reject(ThreadPoolExecutor.java:825)
	at java.base/java.util.concurrent.ThreadPoolExecutor.execute(ThreadPoolExecutor.java:1355)
	at java.base/java.util.concurrent.CompletableFuture.asyncSupplyStage(CompletableFuture.java:1714)
	at java.base/java.util.concurrent.CompletableFuture.supplyAsync(CompletableFuture.java:1931)
	at org.apache.ratis.server.impl.RaftServerImpl.executeSubmitServerRequestAsync(RaftServerImpl.java:812)
	at org.apache.ratis.server.impl.RaftServerProxy.lambda$appendEntriesAsync$27(RaftServerProxy.java:634)
	at java.base/java.util.concurrent.CompletableFuture.uniComposeStage(CompletableFuture.java:1106)
	... 15 more
2022-10-13 10:40:56,902 [grpc-default-executor-1] WARN  server.GrpcLogAppender (LogUtils.java:warn(124)) - s0@group-6905249F38B1->s1-AppendLogResponseHandler: Failed appendEntries
java.io.IOException: java.util.concurrent.RejectedExecutionException: Task java.util.concurrent.CompletableFuture$AsyncSupply@a5875ba rejected from java.util.concurrent.ThreadPoolExecutor@3ad4e2b[Terminated, pool size = 0, active threads = 0, queued tasks = 0, completed tasks = 198]
	at org.apache.ratis.util.IOUtils.asIOException(IOUtils.java:56)
	at org.apache.ratis.grpc.GrpcUtil.tryUnwrapException(GrpcUtil.java:121)
	at org.apache.ratis.grpc.GrpcUtil.unwrapThrowable(GrpcUtil.java:82)
	at org.apache.ratis.grpc.GrpcUtil.warn(GrpcUtil.java:178)
	at org.apache.ratis.grpc.server.GrpcLogAppender$AppendLogResponseHandler.onError(GrpcLogAppender.java:405)
	at org.apache.ratis.thirdparty.io.grpc.stub.ClientCalls$StreamObserverToCallListenerAdapter.onClose(ClientCalls.java:487)
	at org.apache.ratis.thirdparty.io.grpc.internal.ClientCallImpl.closeObserver(ClientCallImpl.java:562)
	at org.apache.ratis.thirdparty.io.grpc.internal.ClientCallImpl.access$300(ClientCallImpl.java:70)
	at org.apache.ratis.thirdparty.io.grpc.internal.ClientCallImpl$ClientStreamListenerImpl$1StreamClosed.runInternal(ClientCallImpl.java:743)
	at org.apache.ratis.thirdparty.io.grpc.internal.ClientCallImpl$ClientStreamListenerImpl$1StreamClosed.runInContext(ClientCallImpl.java:722)
	at org.apache.ratis.thirdparty.io.grpc.internal.ContextRunnable.run(ContextRunnable.java:37)
	at org.apache.ratis.thirdparty.io.grpc.internal.SerializingExecutor.run(SerializingExecutor.java:133)
	at java.base/java.util.concurrent.ThreadPoolExecutor.runWorker(ThreadPoolExecutor.java:1128)
	at java.base/java.util.concurrent.ThreadPoolExecutor$Worker.run(ThreadPoolExecutor.java:628)
	at java.base/java.lang.Thread.run(Thread.java:829)
Caused by: java.util.concurrent.RejectedExecutionException: Task java.util.concurrent.CompletableFuture$AsyncSupply@a5875ba rejected from java.util.concurrent.ThreadPoolExecutor@3ad4e2b[Terminated, pool size = 0, active threads = 0, queued tasks = 0, completed tasks = 198]
	at java.base/jdk.internal.reflect.GeneratedConstructorAccessor7.newInstance(Unknown Source)
	at java.base/jdk.internal.reflect.DelegatingConstructorAccessorImpl.newInstance(DelegatingConstructorAccessorImpl.java:45)
	at java.base/java.lang.reflect.Constructor.newInstance(Constructor.java:490)
	at org.apache.ratis.util.ReflectionUtils.instantiateException(ReflectionUtils.java:259)
	at org.apache.ratis.grpc.GrpcUtil.tryUnwrapException(GrpcUtil.java:120)
	... 13 more
Caused by: org.apache.ratis.thirdparty.io.grpc.StatusRuntimeException: INTERNAL: Task java.util.concurrent.CompletableFuture$AsyncSupply@a5875ba rejected from java.util.concurrent.ThreadPoolExecutor@3ad4e2b[Terminated, pool size = 0, active threads = 0, queued tasks = 0, completed tasks = 198]
	at org.apache.ratis.thirdparty.io.grpc.Status.asRuntimeException(Status.java:535)
	... 10 more
	Suppressed: java.lang.IllegalStateException: Failed to cast to class java.io.IOException, object=java.util.concurrent.RejectedExecutionException: Task java.util.concurrent.CompletableFuture$AsyncSupply@a5875ba rejected from java.util.concurrent.ThreadPoolExecutor@3ad4e2b[Terminated, pool size = 0, active threads = 0, queued tasks = 0, completed tasks = 198]
	at java.base/java.util.concurrent.ThreadPoolExecutor$AbortPolicy.rejectedExecution(ThreadPoolExecutor.java:2055)
	at java.base/java.util.concurrent.ThreadPoolExecutor.reject(ThreadPoolExecutor.java:825)
	at java.base/java.util.concurrent.ThreadPoolExecutor.execute(ThreadPoolExecutor.java:1355)
	at java.base/java.util.concurrent.CompletableFuture.asyncSupplyStage(CompletableFuture.java:1714)
	at java.base/java.util.concurrent.CompletableFuture.supplyAsync(CompletableFuture.java:1931)
	at org.apache.ratis.server.impl.RaftServerImpl.executeSubmitServerRequestAsync(RaftServerImpl.java:812)
	at org.apache.ratis.server.impl.RaftServerProxy.lambda$appendEntriesAsync$27(RaftServerProxy.java:634)
	at java.base/java.util.concurrent.CompletableFuture.uniComposeStage(CompletableFuture.java:1106)
	at java.base/java.util.concurrent.CompletableFuture.thenCompose(CompletableFuture.java:2235)
	at org.apache.ratis.server.impl.RaftServerProxy.appendEntriesAsync(RaftServerProxy.java:634)
	at org.apache.ratis.grpc.server.GrpcServerProtocolService$1.process(GrpcServerProtocolService.java:219)
	at org.apache.ratis.grpc.server.GrpcServerProtocolService$1.process(GrpcServerProtocolService.java:216)
	at org.apache.ratis.grpc.server.GrpcServerProtocolService$ServerRequestStreamObserver.onNext(GrpcServerProtocolService.java:124)
	at org.apache.ratis.thirdparty.io.grpc.stub.ServerCalls$StreamingServerCallHandler$StreamingServerCallListener.onMessage(ServerCalls.java:262)
	at org.apache.ratis.thirdparty.io.grpc.ForwardingServerCallListener.onMessage(ForwardingServerCallListener.java:33)
	at org.apache.ratis.thirdparty.io.grpc.internal.ServerCallImpl$ServerStreamListenerImpl.messagesAvailableInternal(ServerCallImpl.java:332)
	at org.apache.ratis.thirdparty.io.grpc.internal.ServerCallImpl$ServerStreamListenerImpl.messagesAvailable(ServerCallImpl.java:315)
	at org.apache.ratis.thirdparty.io.grpc.internal.ServerImpl$JumpToApplicationThreadServerStreamListener$1MessagesAvailable.runInContext(ServerImpl.java:834)
	at org.apache.ratis.thirdparty.io.grpc.internal.ContextRunnable.run(ContextRunnable.java:37)
	at org.apache.ratis.thirdparty.io.grpc.internal.SerializingExecutor.run(SerializingExecutor.java:133)
	at java.base/java.util.concurrent.ThreadPoolExecutor.runWorker(ThreadPoolExecutor.java:1128)
	at java.base/java.util.concurrent.ThreadPoolExecutor$Worker.run(ThreadPoolExecutor.java:628)
	at java.base/java.lang.Thread.run(Thread.java:829)

		at org.apache.ratis.util.IOUtils.readObject(IOUtils.java:237)
		at org.apache.ratis.util.IOUtils.bytes2Object(IOUtils.java:214)
		at org.apache.ratis.grpc.GrpcUtil.tryUnwrapException(GrpcUtil.java:109)
		at org.apache.ratis.grpc.GrpcUtil.unwrapThrowable(GrpcUtil.java:82)
		at org.apache.ratis.grpc.GrpcUtil.warn(GrpcUtil.java:178)
		at org.apache.ratis.grpc.server.GrpcLogAppender$AppendLogResponseHandler.onError(GrpcLogAppender.java:405)
		... 10 more
	Caused by: java.lang.ClassCastException: Cannot cast java.util.concurrent.RejectedExecutionException to java.io.IOException
		at java.base/java.lang.Class.cast(Class.java:3605)
		at org.apache.ratis.util.IOUtils.readObject(IOUtils.java:234)
		... 15 more
2022-10-13 10:40:56,902 [grpc-default-executor-1] INFO  leader.FollowerInfo (FollowerInfoImpl.java:lambda$new$0(48)) - s0@group-6905249F38B1->s1: nextIndex: updateUnconditionally 263 -> 259
2022-10-13 10:40:56,937 [grpc-default-executor-0] WARN  server.GrpcServerProtocolService (LogUtils.java:warn(124)) - s1: Failed APPEND_ENTRIES request s0->s1#338-t2,previous=(t:2, i:258),leaderCommit=262,initializing? true,entries: size=4, first=(t:2, i:259), CONFIGURATIONENTRY(current:id: "s0"
address: "localhost:46195"
dataStreamAddress: "localhost:39399"
clientAddress: "localhost:42765"
adminAddress: "localhost:44717"
startupRole: FOLLOWER
,id: "s1"
address: "0.0.0.0:46693"
clientAddress: "0.0.0.0:46693"
adminAddress: "0.0.0.0:46693"
startupRole: FOLLOWER
,id: "s2"
address: "0.0.0.0:36699"
clientAddress: "0.0.0.0:36699"
adminAddress: "0.0.0.0:36699"
startupRole: FOLLOWER
, old:id: "s0"
address: "localhost:46195"
dataStreamAddress: "localhost:39399"
clientAddress: "localhost:42765"
adminAddress: "localhost:44717"
startupRole: FOLLOWER
)
java.util.concurrent.CompletionException: java.util.concurrent.RejectedExecutionException: Task java.util.concurrent.CompletableFuture$AsyncSupply@6daa0f1f rejected from java.util.concurrent.ThreadPoolExecutor@3ad4e2b[Terminated, pool size = 0, active threads = 0, queued tasks = 0, completed tasks = 198]
	at java.base/java.util.concurrent.CompletableFuture.encodeThrowable(CompletableFuture.java:314)
	at java.base/java.util.concurrent.CompletableFuture.uniComposeStage(CompletableFuture.java:1113)
	at java.base/java.util.concurrent.CompletableFuture.thenCompose(CompletableFuture.java:2235)
	at org.apache.ratis.server.impl.RaftServerProxy.appendEntriesAsync(RaftServerProxy.java:634)
	at org.apache.ratis.grpc.server.GrpcServerProtocolService$1.process(GrpcServerProtocolService.java:219)
	at org.apache.ratis.grpc.server.GrpcServerProtocolService$1.process(GrpcServerProtocolService.java:216)
	at org.apache.ratis.grpc.server.GrpcServerProtocolService$ServerRequestStreamObserver.onNext(GrpcServerProtocolService.java:124)
	at org.apache.ratis.thirdparty.io.grpc.stub.ServerCalls$StreamingServerCallHandler$StreamingServerCallListener.onMessage(ServerCalls.java:262)
	at org.apache.ratis.thirdparty.io.grpc.ForwardingServerCallListener.onMessage(ForwardingServerCallListener.java:33)
	at org.apache.ratis.thirdparty.io.grpc.internal.ServerCallImpl$ServerStreamListenerImpl.messagesAvailableInternal(ServerCallImpl.java:332)
	at org.apache.ratis.thirdparty.io.grpc.internal.ServerCallImpl$ServerStreamListenerImpl.messagesAvailable(ServerCallImpl.java:315)
	at org.apache.ratis.thirdparty.io.grpc.internal.ServerImpl$JumpToApplicationThreadServerStreamListener$1MessagesAvailable.runInContext(ServerImpl.java:834)
	at org.apache.ratis.thirdparty.io.grpc.internal.ContextRunnable.run(ContextRunnable.java:37)
	at org.apache.ratis.thirdparty.io.grpc.internal.SerializingExecutor.run(SerializingExecutor.java:133)
	at java.base/java.util.concurrent.ThreadPoolExecutor.runWorker(ThreadPoolExecutor.java:1128)
	at java.base/java.util.concurrent.ThreadPoolExecutor$Worker.run(ThreadPoolExecutor.java:628)
	at java.base/java.lang.Thread.run(Thread.java:829)
Caused by: java.util.concurrent.RejectedExecutionException: Task java.util.concurrent.CompletableFuture$AsyncSupply@6daa0f1f rejected from java.util.concurrent.ThreadPoolExecutor@3ad4e2b[Terminated, pool size = 0, active threads = 0, queued tasks = 0, completed tasks = 198]
	at java.base/java.util.concurrent.ThreadPoolExecutor$AbortPolicy.rejectedExecution(ThreadPoolExecutor.java:2055)
	at java.base/java.util.concurrent.ThreadPoolExecutor.reject(ThreadPoolExecutor.java:825)
	at java.base/java.util.concurrent.ThreadPoolExecutor.execute(ThreadPoolExecutor.java:1355)
	at java.base/java.util.concurrent.CompletableFuture.asyncSupplyStage(CompletableFuture.java:1714)
	at java.base/java.util.concurrent.CompletableFuture.supplyAsync(CompletableFuture.java:1931)
	at org.apache.ratis.server.impl.RaftServerImpl.executeSubmitServerRequestAsync(RaftServerImpl.java:812)
	at org.apache.ratis.server.impl.RaftServerProxy.lambda$appendEntriesAsync$27(RaftServerProxy.java:634)
	at java.base/java.util.concurrent.CompletableFuture.uniComposeStage(CompletableFuture.java:1106)
	... 15 more
2022-10-13 10:40:56,939 [grpc-default-executor-3] WARN  server.GrpcLogAppender (LogUtils.java:warn(124)) - s0@group-6905249F38B1->s1-AppendLogResponseHandler: Failed appendEntries
java.io.IOException: java.util.concurrent.RejectedExecutionException: Task java.util.concurrent.CompletableFuture$AsyncSupply@6daa0f1f rejected from java.util.concurrent.ThreadPoolExecutor@3ad4e2b[Terminated, pool size = 0, active threads = 0, queued tasks = 0, completed tasks = 198]
	at org.apache.ratis.util.IOUtils.asIOException(IOUtils.java:56)
	at org.apache.ratis.grpc.GrpcUtil.tryUnwrapException(GrpcUtil.java:121)
	at org.apache.ratis.grpc.GrpcUtil.unwrapThrowable(GrpcUtil.java:82)
	at org.apache.ratis.grpc.GrpcUtil.warn(GrpcUtil.java:178)
	at org.apache.ratis.grpc.server.GrpcLogAppender$AppendLogResponseHandler.onError(GrpcLogAppender.java:405)
	at org.apache.ratis.thirdparty.io.grpc.stub.ClientCalls$StreamObserverToCallListenerAdapter.onClose(ClientCalls.java:487)
	at org.apache.ratis.thirdparty.io.grpc.internal.ClientCallImpl.closeObserver(ClientCallImpl.java:562)
	at org.apache.ratis.thirdparty.io.grpc.internal.ClientCallImpl.access$300(ClientCallImpl.java:70)
	at org.apache.ratis.thirdparty.io.grpc.internal.ClientCallImpl$ClientStreamListenerImpl$1StreamClosed.runInternal(ClientCallImpl.java:743)
	at org.apache.ratis.thirdparty.io.grpc.internal.ClientCallImpl$ClientStreamListenerImpl$1StreamClosed.runInContext(ClientCallImpl.java:722)
	at org.apache.ratis.thirdparty.io.grpc.internal.ContextRunnable.run(ContextRunnable.java:37)
	at org.apache.ratis.thirdparty.io.grpc.internal.SerializingExecutor.run(SerializingExecutor.java:133)
	at java.base/java.util.concurrent.ThreadPoolExecutor.runWorker(ThreadPoolExecutor.java:1128)
	at java.base/java.util.concurrent.ThreadPoolExecutor$Worker.run(ThreadPoolExecutor.java:628)
	at java.base/java.lang.Thread.run(Thread.java:829)
Caused by: java.util.concurrent.RejectedExecutionException: Task java.util.concurrent.CompletableFuture$AsyncSupply@6daa0f1f rejected from java.util.concurrent.ThreadPoolExecutor@3ad4e2b[Terminated, pool size = 0, active threads = 0, queued tasks = 0, completed tasks = 198]
	at java.base/jdk.internal.reflect.GeneratedConstructorAccessor7.newInstance(Unknown Source)
	at java.base/jdk.internal.reflect.DelegatingConstructorAccessorImpl.newInstance(DelegatingConstructorAccessorImpl.java:45)
	at java.base/java.lang.reflect.Constructor.newInstance(Constructor.java:490)
	at org.apache.ratis.util.ReflectionUtils.instantiateException(ReflectionUtils.java:259)
	at org.apache.ratis.grpc.GrpcUtil.tryUnwrapException(GrpcUtil.java:120)
	... 13 more
Caused by: org.apache.ratis.thirdparty.io.grpc.StatusRuntimeException: INTERNAL: Task java.util.concurrent.CompletableFuture$AsyncSupply@6daa0f1f rejected from java.util.concurrent.ThreadPoolExecutor@3ad4e2b[Terminated, pool size = 0, active threads = 0, queued tasks = 0, completed tasks = 198]
	at org.apache.ratis.thirdparty.io.grpc.Status.asRuntimeException(Status.java:535)
	... 10 more
	Suppressed: java.lang.IllegalStateException: Failed to cast to class java.io.IOException, object=java.util.concurrent.RejectedExecutionException: Task java.util.concurrent.CompletableFuture$AsyncSupply@6daa0f1f rejected from java.util.concurrent.ThreadPoolExecutor@3ad4e2b[Terminated, pool size = 0, active threads = 0, queued tasks = 0, completed tasks = 198]
	at java.base/java.util.concurrent.ThreadPoolExecutor$AbortPolicy.rejectedExecution(ThreadPoolExecutor.java:2055)
	at java.base/java.util.concurrent.ThreadPoolExecutor.reject(ThreadPoolExecutor.java:825)
	at java.base/java.util.concurrent.ThreadPoolExecutor.execute(ThreadPoolExecutor.java:1355)
	at java.base/java.util.concurrent.CompletableFuture.asyncSupplyStage(CompletableFuture.java:1714)
	at java.base/java.util.concurrent.CompletableFuture.supplyAsync(CompletableFuture.java:1931)
	at org.apache.ratis.server.impl.RaftServerImpl.executeSubmitServerRequestAsync(RaftServerImpl.java:812)
	at org.apache.ratis.server.impl.RaftServerProxy.lambda$appendEntriesAsync$27(RaftServerProxy.java:634)
	at java.base/java.util.concurrent.CompletableFuture.uniComposeStage(CompletableFuture.java:1106)
	at java.base/java.util.concurrent.CompletableFuture.thenCompose(CompletableFuture.java:2235)
	at org.apache.ratis.server.impl.RaftServerProxy.appendEntriesAsync(RaftServerProxy.java:634)
	at org.apache.ratis.grpc.server.GrpcServerProtocolService$1.process(GrpcServerProtocolService.java:219)
	at org.apache.ratis.grpc.server.GrpcServerProtocolService$1.process(GrpcServerProtocolService.java:216)
	at org.apache.ratis.grpc.server.GrpcServerProtocolService$ServerRequestStreamObserver.onNext(GrpcServerProtocolService.java:124)
	at org.apache.ratis.thirdparty.io.grpc.stub.ServerCalls$StreamingServerCallHandler$StreamingServerCallListener.onMessage(ServerCalls.java:262)
	at org.apache.ratis.thirdparty.io.grpc.ForwardingServerCallListener.onMessage(ForwardingServerCallListener.java:33)
	at org.apache.ratis.thirdparty.io.grpc.internal.ServerCallImpl$ServerStreamListenerImpl.messagesAvailableInternal(ServerCallImpl.java:332)
	at org.apache.ratis.thirdparty.io.grpc.internal.ServerCallImpl$ServerStreamListenerImpl.messagesAvailable(ServerCallImpl.java:315)
	at org.apache.ratis.thirdparty.io.grpc.internal.ServerImpl$JumpToApplicationThreadServerStreamListener$1MessagesAvailable.runInContext(ServerImpl.java:834)
	at org.apache.ratis.thirdparty.io.grpc.internal.ContextRunnable.run(ContextRunnable.java:37)
	at org.apache.ratis.thirdparty.io.grpc.internal.SerializingExecutor.run(SerializingExecutor.java:133)
	at java.base/java.util.concurrent.ThreadPoolExecutor.runWorker(ThreadPoolExecutor.java:1128)
	at java.base/java.util.concurrent.ThreadPoolExecutor$Worker.run(ThreadPoolExecutor.java:628)
	at java.base/java.lang.Thread.run(Thread.java:829)

		at org.apache.ratis.util.IOUtils.readObject(IOUtils.java:237)
		at org.apache.ratis.util.IOUtils.bytes2Object(IOUtils.java:214)
		at org.apache.ratis.grpc.GrpcUtil.tryUnwrapException(GrpcUtil.java:109)
		at org.apache.ratis.grpc.GrpcUtil.unwrapThrowable(GrpcUtil.java:82)
		at org.apache.ratis.grpc.GrpcUtil.warn(GrpcUtil.java:178)
		at org.apache.ratis.grpc.server.GrpcLogAppender$AppendLogResponseHandler.onError(GrpcLogAppender.java:405)
		... 10 more
	Caused by: java.lang.ClassCastException: Cannot cast java.util.concurrent.RejectedExecutionException to java.io.IOException
		at java.base/java.lang.Class.cast(Class.java:3605)
		at org.apache.ratis.util.IOUtils.readObject(IOUtils.java:234)
		... 15 more
2022-10-13 10:40:56,939 [grpc-default-executor-3] INFO  leader.FollowerInfo (FollowerInfoImpl.java:lambda$new$0(48)) - s0@group-6905249F38B1->s1: nextIndex: updateUnconditionally 263 -> 259
2022-10-13 10:40:56,975 [grpc-default-executor-0] WARN  server.GrpcServerProtocolService (LogUtils.java:warn(124)) - s1: Failed APPEND_ENTRIES request s0->s1#340-t2,previous=(t:2, i:258),leaderCommit=262,initializing? true,entries: size=4, first=(t:2, i:259), CONFIGURATIONENTRY(current:id: "s0"
address: "localhost:46195"
dataStreamAddress: "localhost:39399"
clientAddress: "localhost:42765"
adminAddress: "localhost:44717"
startupRole: FOLLOWER
,id: "s1"
address: "0.0.0.0:46693"
clientAddress: "0.0.0.0:46693"
adminAddress: "0.0.0.0:46693"
startupRole: FOLLOWER
,id: "s2"
address: "0.0.0.0:36699"
clientAddress: "0.0.0.0:36699"
adminAddress: "0.0.0.0:36699"
startupRole: FOLLOWER
, old:id: "s0"
address: "localhost:46195"
dataStreamAddress: "localhost:39399"
clientAddress: "localhost:42765"
adminAddress: "localhost:44717"
startupRole: FOLLOWER
)
java.util.concurrent.CompletionException: java.util.concurrent.RejectedExecutionException: Task java.util.concurrent.CompletableFuture$AsyncSupply@2706bb61 rejected from java.util.concurrent.ThreadPoolExecutor@3ad4e2b[Terminated, pool size = 0, active threads = 0, queued tasks = 0, completed tasks = 198]
	at java.base/java.util.concurrent.CompletableFuture.encodeThrowable(CompletableFuture.java:314)
	at java.base/java.util.concurrent.CompletableFuture.uniComposeStage(CompletableFuture.java:1113)
	at java.base/java.util.concurrent.CompletableFuture.thenCompose(CompletableFuture.java:2235)
	at org.apache.ratis.server.impl.RaftServerProxy.appendEntriesAsync(RaftServerProxy.java:634)
	at org.apache.ratis.grpc.server.GrpcServerProtocolService$1.process(GrpcServerProtocolService.java:219)
	at org.apache.ratis.grpc.server.GrpcServerProtocolService$1.process(GrpcServerProtocolService.java:216)
	at org.apache.ratis.grpc.server.GrpcServerProtocolService$ServerRequestStreamObserver.onNext(GrpcServerProtocolService.java:124)
	at org.apache.ratis.thirdparty.io.grpc.stub.ServerCalls$StreamingServerCallHandler$StreamingServerCallListener.onMessage(ServerCalls.java:262)
	at org.apache.ratis.thirdparty.io.grpc.ForwardingServerCallListener.onMessage(ForwardingServerCallListener.java:33)
	at org.apache.ratis.thirdparty.io.grpc.internal.ServerCallImpl$ServerStreamListenerImpl.messagesAvailableInternal(ServerCallImpl.java:332)
	at org.apache.ratis.thirdparty.io.grpc.internal.ServerCallImpl$ServerStreamListenerImpl.messagesAvailable(ServerCallImpl.java:315)
	at org.apache.ratis.thirdparty.io.grpc.internal.ServerImpl$JumpToApplicationThreadServerStreamListener$1MessagesAvailable.runInContext(ServerImpl.java:834)
	at org.apache.ratis.thirdparty.io.grpc.internal.ContextRunnable.run(ContextRunnable.java:37)
	at org.apache.ratis.thirdparty.io.grpc.internal.SerializingExecutor.run(SerializingExecutor.java:133)
	at java.base/java.util.concurrent.ThreadPoolExecutor.runWorker(ThreadPoolExecutor.java:1128)
	at java.base/java.util.concurrent.ThreadPoolExecutor$Worker.run(ThreadPoolExecutor.java:628)
	at java.base/java.lang.Thread.run(Thread.java:829)
Caused by: java.util.concurrent.RejectedExecutionException: Task java.util.concurrent.CompletableFuture$AsyncSupply@2706bb61 rejected from java.util.concurrent.ThreadPoolExecutor@3ad4e2b[Terminated, pool size = 0, active threads = 0, queued tasks = 0, completed tasks = 198]
	at java.base/java.util.concurrent.ThreadPoolExecutor$AbortPolicy.rejectedExecution(ThreadPoolExecutor.java:2055)
	at java.base/java.util.concurrent.ThreadPoolExecutor.reject(ThreadPoolExecutor.java:825)
	at java.base/java.util.concurrent.ThreadPoolExecutor.execute(ThreadPoolExecutor.java:1355)
	at java.base/java.util.concurrent.CompletableFuture.asyncSupplyStage(CompletableFuture.java:1714)
	at java.base/java.util.concurrent.CompletableFuture.supplyAsync(CompletableFuture.java:1931)
	at org.apache.ratis.server.impl.RaftServerImpl.executeSubmitServerRequestAsync(RaftServerImpl.java:812)
	at org.apache.ratis.server.impl.RaftServerProxy.lambda$appendEntriesAsync$27(RaftServerProxy.java:634)
	at java.base/java.util.concurrent.CompletableFuture.uniComposeStage(CompletableFuture.java:1106)
	... 15 more
2022-10-13 10:40:56,978 [grpc-default-executor-0] WARN  server.GrpcLogAppender (LogUtils.java:warn(124)) - s0@group-6905249F38B1->s1-AppendLogResponseHandler: Failed appendEntries
java.io.IOException: java.util.concurrent.RejectedExecutionException: Task java.util.concurrent.CompletableFuture$AsyncSupply@2706bb61 rejected from java.util.concurrent.ThreadPoolExecutor@3ad4e2b[Terminated, pool size = 0, active threads = 0, queued tasks = 0, completed tasks = 198]
	at org.apache.ratis.util.IOUtils.asIOException(IOUtils.java:56)
	at org.apache.ratis.grpc.GrpcUtil.tryUnwrapException(GrpcUtil.java:121)
	at org.apache.ratis.grpc.GrpcUtil.unwrapThrowable(GrpcUtil.java:82)
	at org.apache.ratis.grpc.GrpcUtil.warn(GrpcUtil.java:178)
	at org.apache.ratis.grpc.server.GrpcLogAppender$AppendLogResponseHandler.onError(GrpcLogAppender.java:405)
	at org.apache.ratis.thirdparty.io.grpc.stub.ClientCalls$StreamObserverToCallListenerAdapter.onClose(ClientCalls.java:487)
	at org.apache.ratis.thirdparty.io.grpc.internal.ClientCallImpl.closeObserver(ClientCallImpl.java:562)
	at org.apache.ratis.thirdparty.io.grpc.internal.ClientCallImpl.access$300(ClientCallImpl.java:70)
	at org.apache.ratis.thirdparty.io.grpc.internal.ClientCallImpl$ClientStreamListenerImpl$1StreamClosed.runInternal(ClientCallImpl.java:743)
	at org.apache.ratis.thirdparty.io.grpc.internal.ClientCallImpl$ClientStreamListenerImpl$1StreamClosed.runInContext(ClientCallImpl.java:722)
	at org.apache.ratis.thirdparty.io.grpc.internal.ContextRunnable.run(ContextRunnable.java:37)
	at org.apache.ratis.thirdparty.io.grpc.internal.SerializingExecutor.run(SerializingExecutor.java:133)
	at java.base/java.util.concurrent.ThreadPoolExecutor.runWorker(ThreadPoolExecutor.java:1128)
	at java.base/java.util.concurrent.ThreadPoolExecutor$Worker.run(ThreadPoolExecutor.java:628)
	at java.base/java.lang.Thread.run(Thread.java:829)
Caused by: java.util.concurrent.RejectedExecutionException: Task java.util.concurrent.CompletableFuture$AsyncSupply@2706bb61 rejected from java.util.concurrent.ThreadPoolExecutor@3ad4e2b[Terminated, pool size = 0, active threads = 0, queued tasks = 0, completed tasks = 198]
	at java.base/jdk.internal.reflect.GeneratedConstructorAccessor7.newInstance(Unknown Source)
	at java.base/jdk.internal.reflect.DelegatingConstructorAccessorImpl.newInstance(DelegatingConstructorAccessorImpl.java:45)
	at java.base/java.lang.reflect.Constructor.newInstance(Constructor.java:490)
	at org.apache.ratis.util.ReflectionUtils.instantiateException(ReflectionUtils.java:259)
	at org.apache.ratis.grpc.GrpcUtil.tryUnwrapException(GrpcUtil.java:120)
	... 13 more
Caused by: org.apache.ratis.thirdparty.io.grpc.StatusRuntimeException: INTERNAL: Task java.util.concurrent.CompletableFuture$AsyncSupply@2706bb61 rejected from java.util.concurrent.ThreadPoolExecutor@3ad4e2b[Terminated, pool size = 0, active threads = 0, queued tasks = 0, completed tasks = 198]
	at org.apache.ratis.thirdparty.io.grpc.Status.asRuntimeException(Status.java:535)
	... 10 more
	Suppressed: java.lang.IllegalStateException: Failed to cast to class java.io.IOException, object=java.util.concurrent.RejectedExecutionException: Task java.util.concurrent.CompletableFuture$AsyncSupply@2706bb61 rejected from java.util.concurrent.ThreadPoolExecutor@3ad4e2b[Terminated, pool size = 0, active threads = 0, queued tasks = 0, completed tasks = 198]
	at java.base/java.util.concurrent.ThreadPoolExecutor$AbortPolicy.rejectedExecution(ThreadPoolExecutor.java:2055)
	at java.base/java.util.concurrent.ThreadPoolExecutor.reject(ThreadPoolExecutor.java:825)
	at java.base/java.util.concurrent.ThreadPoolExecutor.execute(ThreadPoolExecutor.java:1355)
	at java.base/java.util.concurrent.CompletableFuture.asyncSupplyStage(CompletableFuture.java:1714)
	at java.base/java.util.concurrent.CompletableFuture.supplyAsync(CompletableFuture.java:1931)
	at org.apache.ratis.server.impl.RaftServerImpl.executeSubmitServerRequestAsync(RaftServerImpl.java:812)
	at org.apache.ratis.server.impl.RaftServerProxy.lambda$appendEntriesAsync$27(RaftServerProxy.java:634)
	at java.base/java.util.concurrent.CompletableFuture.uniComposeStage(CompletableFuture.java:1106)
	at java.base/java.util.concurrent.CompletableFuture.thenCompose(CompletableFuture.java:2235)
	at org.apache.ratis.server.impl.RaftServerProxy.appendEntriesAsync(RaftServerProxy.java:634)
	at org.apache.ratis.grpc.server.GrpcServerProtocolService$1.process(GrpcServerProtocolService.java:219)
	at org.apache.ratis.grpc.server.GrpcServerProtocolService$1.process(GrpcServerProtocolService.java:216)
	at org.apache.ratis.grpc.server.GrpcServerProtocolService$ServerRequestStreamObserver.onNext(GrpcServerProtocolService.java:124)
	at org.apache.ratis.thirdparty.io.grpc.stub.ServerCalls$StreamingServerCallHandler$StreamingServerCallListener.onMessage(ServerCalls.java:262)
	at org.apache.ratis.thirdparty.io.grpc.ForwardingServerCallListener.onMessage(ForwardingServerCallListener.java:33)
	at org.apache.ratis.thirdparty.io.grpc.internal.ServerCallImpl$ServerStreamListenerImpl.messagesAvailableInternal(ServerCallImpl.java:332)
	at org.apache.ratis.thirdparty.io.grpc.internal.ServerCallImpl$ServerStreamListenerImpl.messagesAvailable(ServerCallImpl.java:315)
	at org.apache.ratis.thirdparty.io.grpc.internal.ServerImpl$JumpToApplicationThreadServerStreamListener$1MessagesAvailable.runInContext(ServerImpl.java:834)
	at org.apache.ratis.thirdparty.io.grpc.internal.ContextRunnable.run(ContextRunnable.java:37)
	at org.apache.ratis.thirdparty.io.grpc.internal.SerializingExecutor.run(SerializingExecutor.java:133)
	at java.base/java.util.concurrent.ThreadPoolExecutor.runWorker(ThreadPoolExecutor.java:1128)
	at java.base/java.util.concurrent.ThreadPoolExecutor$Worker.run(ThreadPoolExecutor.java:628)
	at java.base/java.lang.Thread.run(Thread.java:829)

		at org.apache.ratis.util.IOUtils.readObject(IOUtils.java:237)
		at org.apache.ratis.util.IOUtils.bytes2Object(IOUtils.java:214)
		at org.apache.ratis.grpc.GrpcUtil.tryUnwrapException(GrpcUtil.java:109)
		at org.apache.ratis.grpc.GrpcUtil.unwrapThrowable(GrpcUtil.java:82)
		at org.apache.ratis.grpc.GrpcUtil.warn(GrpcUtil.java:178)
		at org.apache.ratis.grpc.server.GrpcLogAppender$AppendLogResponseHandler.onError(GrpcLogAppender.java:405)
		... 10 more
	Caused by: java.lang.ClassCastException: Cannot cast java.util.concurrent.RejectedExecutionException to java.io.IOException
		at java.base/java.lang.Class.cast(Class.java:3605)
		at org.apache.ratis.util.IOUtils.readObject(IOUtils.java:234)
		... 15 more
2022-10-13 10:40:56,978 [grpc-default-executor-0] INFO  leader.FollowerInfo (FollowerInfoImpl.java:lambda$new$0(48)) - s0@group-6905249F38B1->s1: nextIndex: updateUnconditionally 263 -> 259
2022-10-13 10:40:57,013 [grpc-default-executor-0] WARN  server.GrpcServerProtocolService (LogUtils.java:warn(124)) - s1: Failed APPEND_ENTRIES request s0->s1#342-t2,previous=(t:2, i:258),leaderCommit=262,initializing? true,entries: size=4, first=(t:2, i:259), CONFIGURATIONENTRY(current:id: "s0"
address: "localhost:46195"
dataStreamAddress: "localhost:39399"
clientAddress: "localhost:42765"
adminAddress: "localhost:44717"
startupRole: FOLLOWER
,id: "s1"
address: "0.0.0.0:46693"
clientAddress: "0.0.0.0:46693"
adminAddress: "0.0.0.0:46693"
startupRole: FOLLOWER
,id: "s2"
address: "0.0.0.0:36699"
clientAddress: "0.0.0.0:36699"
adminAddress: "0.0.0.0:36699"
startupRole: FOLLOWER
, old:id: "s0"
address: "localhost:46195"
dataStreamAddress: "localhost:39399"
clientAddress: "localhost:42765"
adminAddress: "localhost:44717"
startupRole: FOLLOWER
)
java.util.concurrent.CompletionException: java.util.concurrent.RejectedExecutionException: Task java.util.concurrent.CompletableFuture$AsyncSupply@6767d68d rejected from java.util.concurrent.ThreadPoolExecutor@3ad4e2b[Terminated, pool size = 0, active threads = 0, queued tasks = 0, completed tasks = 198]
	at java.base/java.util.concurrent.CompletableFuture.encodeThrowable(CompletableFuture.java:314)
	at java.base/java.util.concurrent.CompletableFuture.uniComposeStage(CompletableFuture.java:1113)
	at java.base/java.util.concurrent.CompletableFuture.thenCompose(CompletableFuture.java:2235)
	at org.apache.ratis.server.impl.RaftServerProxy.appendEntriesAsync(RaftServerProxy.java:634)
	at org.apache.ratis.grpc.server.GrpcServerProtocolService$1.process(GrpcServerProtocolService.java:219)
	at org.apache.ratis.grpc.server.GrpcServerProtocolService$1.process(GrpcServerProtocolService.java:216)
	at org.apache.ratis.grpc.server.GrpcServerProtocolService$ServerRequestStreamObserver.onNext(GrpcServerProtocolService.java:124)
	at org.apache.ratis.thirdparty.io.grpc.stub.ServerCalls$StreamingServerCallHandler$StreamingServerCallListener.onMessage(ServerCalls.java:262)
	at org.apache.ratis.thirdparty.io.grpc.ForwardingServerCallListener.onMessage(ForwardingServerCallListener.java:33)
	at org.apache.ratis.thirdparty.io.grpc.internal.ServerCallImpl$ServerStreamListenerImpl.messagesAvailableInternal(ServerCallImpl.java:332)
	at org.apache.ratis.thirdparty.io.grpc.internal.ServerCallImpl$ServerStreamListenerImpl.messagesAvailable(ServerCallImpl.java:315)
	at org.apache.ratis.thirdparty.io.grpc.internal.ServerImpl$JumpToApplicationThreadServerStreamListener$1MessagesAvailable.runInContext(ServerImpl.java:834)
	at org.apache.ratis.thirdparty.io.grpc.internal.ContextRunnable.run(ContextRunnable.java:37)
	at org.apache.ratis.thirdparty.io.grpc.internal.SerializingExecutor.run(SerializingExecutor.java:133)
	at java.base/java.util.concurrent.ThreadPoolExecutor.runWorker(ThreadPoolExecutor.java:1128)
	at java.base/java.util.concurrent.ThreadPoolExecutor$Worker.run(ThreadPoolExecutor.java:628)
	at java.base/java.lang.Thread.run(Thread.java:829)
Caused by: java.util.concurrent.RejectedExecutionException: Task java.util.concurrent.CompletableFuture$AsyncSupply@6767d68d rejected from java.util.concurrent.ThreadPoolExecutor@3ad4e2b[Terminated, pool size = 0, active threads = 0, queued tasks = 0, completed tasks = 198]
	at java.base/java.util.concurrent.ThreadPoolExecutor$AbortPolicy.rejectedExecution(ThreadPoolExecutor.java:2055)
	at java.base/java.util.concurrent.ThreadPoolExecutor.reject(ThreadPoolExecutor.java:825)
	at java.base/java.util.concurrent.ThreadPoolExecutor.execute(ThreadPoolExecutor.java:1355)
	at java.base/java.util.concurrent.CompletableFuture.asyncSupplyStage(CompletableFuture.java:1714)
	at java.base/java.util.concurrent.CompletableFuture.supplyAsync(CompletableFuture.java:1931)
	at org.apache.ratis.server.impl.RaftServerImpl.executeSubmitServerRequestAsync(RaftServerImpl.java:812)
	at org.apache.ratis.server.impl.RaftServerProxy.lambda$appendEntriesAsync$27(RaftServerProxy.java:634)
	at java.base/java.util.concurrent.CompletableFuture.uniComposeStage(CompletableFuture.java:1106)
	... 15 more
2022-10-13 10:40:57,014 [grpc-default-executor-0] WARN  server.GrpcLogAppender (LogUtils.java:warn(124)) - s0@group-6905249F38B1->s1-AppendLogResponseHandler: Failed appendEntries
java.io.IOException: java.util.concurrent.RejectedExecutionException: Task java.util.concurrent.CompletableFuture$AsyncSupply@6767d68d rejected from java.util.concurrent.ThreadPoolExecutor@3ad4e2b[Terminated, pool size = 0, active threads = 0, queued tasks = 0, completed tasks = 198]
	at org.apache.ratis.util.IOUtils.asIOException(IOUtils.java:56)
	at org.apache.ratis.grpc.GrpcUtil.tryUnwrapException(GrpcUtil.java:121)
	at org.apache.ratis.grpc.GrpcUtil.unwrapThrowable(GrpcUtil.java:82)
	at org.apache.ratis.grpc.GrpcUtil.warn(GrpcUtil.java:178)
	at org.apache.ratis.grpc.server.GrpcLogAppender$AppendLogResponseHandler.onError(GrpcLogAppender.java:405)
	at org.apache.ratis.thirdparty.io.grpc.stub.ClientCalls$StreamObserverToCallListenerAdapter.onClose(ClientCalls.java:487)
	at org.apache.ratis.thirdparty.io.grpc.internal.ClientCallImpl.closeObserver(ClientCallImpl.java:562)
	at org.apache.ratis.thirdparty.io.grpc.internal.ClientCallImpl.access$300(ClientCallImpl.java:70)
	at org.apache.ratis.thirdparty.io.grpc.internal.ClientCallImpl$ClientStreamListenerImpl$1StreamClosed.runInternal(ClientCallImpl.java:743)
	at org.apache.ratis.thirdparty.io.grpc.internal.ClientCallImpl$ClientStreamListenerImpl$1StreamClosed.runInContext(ClientCallImpl.java:722)
	at org.apache.ratis.thirdparty.io.grpc.internal.ContextRunnable.run(ContextRunnable.java:37)
	at org.apache.ratis.thirdparty.io.grpc.internal.SerializingExecutor.run(SerializingExecutor.java:133)
	at java.base/java.util.concurrent.ThreadPoolExecutor.runWorker(ThreadPoolExecutor.java:1128)
	at java.base/java.util.concurrent.ThreadPoolExecutor$Worker.run(ThreadPoolExecutor.java:628)
	at java.base/java.lang.Thread.run(Thread.java:829)
Caused by: java.util.concurrent.RejectedExecutionException: Task java.util.concurrent.CompletableFuture$AsyncSupply@6767d68d rejected from java.util.concurrent.ThreadPoolExecutor@3ad4e2b[Terminated, pool size = 0, active threads = 0, queued tasks = 0, completed tasks = 198]
	at java.base/jdk.internal.reflect.GeneratedConstructorAccessor7.newInstance(Unknown Source)
	at java.base/jdk.internal.reflect.DelegatingConstructorAccessorImpl.newInstance(DelegatingConstructorAccessorImpl.java:45)
	at java.base/java.lang.reflect.Constructor.newInstance(Constructor.java:490)
	at org.apache.ratis.util.ReflectionUtils.instantiateException(ReflectionUtils.java:259)
	at org.apache.ratis.grpc.GrpcUtil.tryUnwrapException(GrpcUtil.java:120)
	... 13 more
Caused by: org.apache.ratis.thirdparty.io.grpc.StatusRuntimeException: INTERNAL: Task java.util.concurrent.CompletableFuture$AsyncSupply@6767d68d rejected from java.util.concurrent.ThreadPoolExecutor@3ad4e2b[Terminated, pool size = 0, active threads = 0, queued tasks = 0, completed tasks = 198]
	at org.apache.ratis.thirdparty.io.grpc.Status.asRuntimeException(Status.java:535)
	... 10 more
	Suppressed: java.lang.IllegalStateException: Failed to cast to class java.io.IOException, object=java.util.concurrent.RejectedExecutionException: Task java.util.concurrent.CompletableFuture$AsyncSupply@6767d68d rejected from java.util.concurrent.ThreadPoolExecutor@3ad4e2b[Terminated, pool size = 0, active threads = 0, queued tasks = 0, completed tasks = 198]
	at java.base/java.util.concurrent.ThreadPoolExecutor$AbortPolicy.rejectedExecution(ThreadPoolExecutor.java:2055)
	at java.base/java.util.concurrent.ThreadPoolExecutor.reject(ThreadPoolExecutor.java:825)
	at java.base/java.util.concurrent.ThreadPoolExecutor.execute(ThreadPoolExecutor.java:1355)
	at java.base/java.util.concurrent.CompletableFuture.asyncSupplyStage(CompletableFuture.java:1714)
	at java.base/java.util.concurrent.CompletableFuture.supplyAsync(CompletableFuture.java:1931)
	at org.apache.ratis.server.impl.RaftServerImpl.executeSubmitServerRequestAsync(RaftServerImpl.java:812)
	at org.apache.ratis.server.impl.RaftServerProxy.lambda$appendEntriesAsync$27(RaftServerProxy.java:634)
	at java.base/java.util.concurrent.CompletableFuture.uniComposeStage(CompletableFuture.java:1106)
	at java.base/java.util.concurrent.CompletableFuture.thenCompose(CompletableFuture.java:2235)
	at org.apache.ratis.server.impl.RaftServerProxy.appendEntriesAsync(RaftServerProxy.java:634)
	at org.apache.ratis.grpc.server.GrpcServerProtocolService$1.process(GrpcServerProtocolService.java:219)
	at org.apache.ratis.grpc.server.GrpcServerProtocolService$1.process(GrpcServerProtocolService.java:216)
	at org.apache.ratis.grpc.server.GrpcServerProtocolService$ServerRequestStreamObserver.onNext(GrpcServerProtocolService.java:124)
	at org.apache.ratis.thirdparty.io.grpc.stub.ServerCalls$StreamingServerCallHandler$StreamingServerCallListener.onMessage(ServerCalls.java:262)
	at org.apache.ratis.thirdparty.io.grpc.ForwardingServerCallListener.onMessage(ForwardingServerCallListener.java:33)
	at org.apache.ratis.thirdparty.io.grpc.internal.ServerCallImpl$ServerStreamListenerImpl.messagesAvailableInternal(ServerCallImpl.java:332)
	at org.apache.ratis.thirdparty.io.grpc.internal.ServerCallImpl$ServerStreamListenerImpl.messagesAvailable(ServerCallImpl.java:315)
	at org.apache.ratis.thirdparty.io.grpc.internal.ServerImpl$JumpToApplicationThreadServerStreamListener$1MessagesAvailable.runInContext(ServerImpl.java:834)
	at org.apache.ratis.thirdparty.io.grpc.internal.ContextRunnable.run(ContextRunnable.java:37)
	at org.apache.ratis.thirdparty.io.grpc.internal.SerializingExecutor.run(SerializingExecutor.java:133)
	at java.base/java.util.concurrent.ThreadPoolExecutor.runWorker(ThreadPoolExecutor.java:1128)
	at java.base/java.util.concurrent.ThreadPoolExecutor$Worker.run(ThreadPoolExecutor.java:628)
	at java.base/java.lang.Thread.run(Thread.java:829)

		at org.apache.ratis.util.IOUtils.readObject(IOUtils.java:237)
		at org.apache.ratis.util.IOUtils.bytes2Object(IOUtils.java:214)
		at org.apache.ratis.grpc.GrpcUtil.tryUnwrapException(GrpcUtil.java:109)
		at org.apache.ratis.grpc.GrpcUtil.unwrapThrowable(GrpcUtil.java:82)
		at org.apache.ratis.grpc.GrpcUtil.warn(GrpcUtil.java:178)
		at org.apache.ratis.grpc.server.GrpcLogAppender$AppendLogResponseHandler.onError(GrpcLogAppender.java:405)
		... 10 more
	Caused by: java.lang.ClassCastException: Cannot cast java.util.concurrent.RejectedExecutionException to java.io.IOException
		at java.base/java.lang.Class.cast(Class.java:3605)
		at org.apache.ratis.util.IOUtils.readObject(IOUtils.java:234)
		... 15 more
2022-10-13 10:40:57,015 [grpc-default-executor-0] INFO  leader.FollowerInfo (FollowerInfoImpl.java:lambda$new$0(48)) - s0@group-6905249F38B1->s1: nextIndex: updateUnconditionally 263 -> 259
2022-10-13 10:40:57,050 [grpc-default-executor-0] WARN  server.GrpcServerProtocolService (LogUtils.java:warn(124)) - s1: Failed APPEND_ENTRIES request s0->s1#344-t2,previous=(t:2, i:258),leaderCommit=262,initializing? true,entries: size=4, first=(t:2, i:259), CONFIGURATIONENTRY(current:id: "s0"
address: "localhost:46195"
dataStreamAddress: "localhost:39399"
clientAddress: "localhost:42765"
adminAddress: "localhost:44717"
startupRole: FOLLOWER
,id: "s1"
address: "0.0.0.0:46693"
clientAddress: "0.0.0.0:46693"
adminAddress: "0.0.0.0:46693"
startupRole: FOLLOWER
,id: "s2"
address: "0.0.0.0:36699"
clientAddress: "0.0.0.0:36699"
adminAddress: "0.0.0.0:36699"
startupRole: FOLLOWER
, old:id: "s0"
address: "localhost:46195"
dataStreamAddress: "localhost:39399"
clientAddress: "localhost:42765"
adminAddress: "localhost:44717"
startupRole: FOLLOWER
)
java.util.concurrent.CompletionException: java.util.concurrent.RejectedExecutionException: Task java.util.concurrent.CompletableFuture$AsyncSupply@3d7fa84f rejected from java.util.concurrent.ThreadPoolExecutor@3ad4e2b[Terminated, pool size = 0, active threads = 0, queued tasks = 0, completed tasks = 198]
	at java.base/java.util.concurrent.CompletableFuture.encodeThrowable(CompletableFuture.java:314)
	at java.base/java.util.concurrent.CompletableFuture.uniComposeStage(CompletableFuture.java:1113)
	at java.base/java.util.concurrent.CompletableFuture.thenCompose(CompletableFuture.java:2235)
	at org.apache.ratis.server.impl.RaftServerProxy.appendEntriesAsync(RaftServerProxy.java:634)
	at org.apache.ratis.grpc.server.GrpcServerProtocolService$1.process(GrpcServerProtocolService.java:219)
	at org.apache.ratis.grpc.server.GrpcServerProtocolService$1.process(GrpcServerProtocolService.java:216)
	at org.apache.ratis.grpc.server.GrpcServerProtocolService$ServerRequestStreamObserver.onNext(GrpcServerProtocolService.java:124)
	at org.apache.ratis.thirdparty.io.grpc.stub.ServerCalls$StreamingServerCallHandler$StreamingServerCallListener.onMessage(ServerCalls.java:262)
	at org.apache.ratis.thirdparty.io.grpc.ForwardingServerCallListener.onMessage(ForwardingServerCallListener.java:33)
	at org.apache.ratis.thirdparty.io.grpc.internal.ServerCallImpl$ServerStreamListenerImpl.messagesAvailableInternal(ServerCallImpl.java:332)
	at org.apache.ratis.thirdparty.io.grpc.internal.ServerCallImpl$ServerStreamListenerImpl.messagesAvailable(ServerCallImpl.java:315)
	at org.apache.ratis.thirdparty.io.grpc.internal.ServerImpl$JumpToApplicationThreadServerStreamListener$1MessagesAvailable.runInContext(ServerImpl.java:834)
	at org.apache.ratis.thirdparty.io.grpc.internal.ContextRunnable.run(ContextRunnable.java:37)
	at org.apache.ratis.thirdparty.io.grpc.internal.SerializingExecutor.run(SerializingExecutor.java:133)
	at java.base/java.util.concurrent.ThreadPoolExecutor.runWorker(ThreadPoolExecutor.java:1128)
	at java.base/java.util.concurrent.ThreadPoolExecutor$Worker.run(ThreadPoolExecutor.java:628)
	at java.base/java.lang.Thread.run(Thread.java:829)
Caused by: java.util.concurrent.RejectedExecutionException: Task java.util.concurrent.CompletableFuture$AsyncSupply@3d7fa84f rejected from java.util.concurrent.ThreadPoolExecutor@3ad4e2b[Terminated, pool size = 0, active threads = 0, queued tasks = 0, completed tasks = 198]
	at java.base/java.util.concurrent.ThreadPoolExecutor$AbortPolicy.rejectedExecution(ThreadPoolExecutor.java:2055)
	at java.base/java.util.concurrent.ThreadPoolExecutor.reject(ThreadPoolExecutor.java:825)
	at java.base/java.util.concurrent.ThreadPoolExecutor.execute(ThreadPoolExecutor.java:1355)
	at java.base/java.util.concurrent.CompletableFuture.asyncSupplyStage(CompletableFuture.java:1714)
	at java.base/java.util.concurrent.CompletableFuture.supplyAsync(CompletableFuture.java:1931)
	at org.apache.ratis.server.impl.RaftServerImpl.executeSubmitServerRequestAsync(RaftServerImpl.java:812)
	at org.apache.ratis.server.impl.RaftServerProxy.lambda$appendEntriesAsync$27(RaftServerProxy.java:634)
	at java.base/java.util.concurrent.CompletableFuture.uniComposeStage(CompletableFuture.java:1106)
	... 15 more
2022-10-13 10:40:57,052 [grpc-default-executor-2] WARN  server.GrpcLogAppender (LogUtils.java:warn(124)) - s0@group-6905249F38B1->s1-AppendLogResponseHandler: Failed appendEntries
java.io.IOException: java.util.concurrent.RejectedExecutionException: Task java.util.concurrent.CompletableFuture$AsyncSupply@3d7fa84f rejected from java.util.concurrent.ThreadPoolExecutor@3ad4e2b[Terminated, pool size = 0, active threads = 0, queued tasks = 0, completed tasks = 198]
	at org.apache.ratis.util.IOUtils.asIOException(IOUtils.java:56)
	at org.apache.ratis.grpc.GrpcUtil.tryUnwrapException(GrpcUtil.java:121)
	at org.apache.ratis.grpc.GrpcUtil.unwrapThrowable(GrpcUtil.java:82)
	at org.apache.ratis.grpc.GrpcUtil.warn(GrpcUtil.java:178)
	at org.apache.ratis.grpc.server.GrpcLogAppender$AppendLogResponseHandler.onError(GrpcLogAppender.java:405)
	at org.apache.ratis.thirdparty.io.grpc.stub.ClientCalls$StreamObserverToCallListenerAdapter.onClose(ClientCalls.java:487)
	at org.apache.ratis.thirdparty.io.grpc.internal.ClientCallImpl.closeObserver(ClientCallImpl.java:562)
	at org.apache.ratis.thirdparty.io.grpc.internal.ClientCallImpl.access$300(ClientCallImpl.java:70)
	at org.apache.ratis.thirdparty.io.grpc.internal.ClientCallImpl$ClientStreamListenerImpl$1StreamClosed.runInternal(ClientCallImpl.java:743)
	at org.apache.ratis.thirdparty.io.grpc.internal.ClientCallImpl$ClientStreamListenerImpl$1StreamClosed.runInContext(ClientCallImpl.java:722)
	at org.apache.ratis.thirdparty.io.grpc.internal.ContextRunnable.run(ContextRunnable.java:37)
	at org.apache.ratis.thirdparty.io.grpc.internal.SerializingExecutor.run(SerializingExecutor.java:133)
	at java.base/java.util.concurrent.ThreadPoolExecutor.runWorker(ThreadPoolExecutor.java:1128)
	at java.base/java.util.concurrent.ThreadPoolExecutor$Worker.run(ThreadPoolExecutor.java:628)
	at java.base/java.lang.Thread.run(Thread.java:829)
Caused by: java.util.concurrent.RejectedExecutionException: Task java.util.concurrent.CompletableFuture$AsyncSupply@3d7fa84f rejected from java.util.concurrent.ThreadPoolExecutor@3ad4e2b[Terminated, pool size = 0, active threads = 0, queued tasks = 0, completed tasks = 198]
	at java.base/jdk.internal.reflect.GeneratedConstructorAccessor7.newInstance(Unknown Source)
	at java.base/jdk.internal.reflect.DelegatingConstructorAccessorImpl.newInstance(DelegatingConstructorAccessorImpl.java:45)
	at java.base/java.lang.reflect.Constructor.newInstance(Constructor.java:490)
	at org.apache.ratis.util.ReflectionUtils.instantiateException(ReflectionUtils.java:259)
	at org.apache.ratis.grpc.GrpcUtil.tryUnwrapException(GrpcUtil.java:120)
	... 13 more
Caused by: org.apache.ratis.thirdparty.io.grpc.StatusRuntimeException: INTERNAL: Task java.util.concurrent.CompletableFuture$AsyncSupply@3d7fa84f rejected from java.util.concurrent.ThreadPoolExecutor@3ad4e2b[Terminated, pool size = 0, active threads = 0, queued tasks = 0, completed tasks = 198]
	at org.apache.ratis.thirdparty.io.grpc.Status.asRuntimeException(Status.java:535)
	... 10 more
	Suppressed: java.lang.IllegalStateException: Failed to cast to class java.io.IOException, object=java.util.concurrent.RejectedExecutionException: Task java.util.concurrent.CompletableFuture$AsyncSupply@3d7fa84f rejected from java.util.concurrent.ThreadPoolExecutor@3ad4e2b[Terminated, pool size = 0, active threads = 0, queued tasks = 0, completed tasks = 198]
	at java.base/java.util.concurrent.ThreadPoolExecutor$AbortPolicy.rejectedExecution(ThreadPoolExecutor.java:2055)
	at java.base/java.util.concurrent.ThreadPoolExecutor.reject(ThreadPoolExecutor.java:825)
	at java.base/java.util.concurrent.ThreadPoolExecutor.execute(ThreadPoolExecutor.java:1355)
	at java.base/java.util.concurrent.CompletableFuture.asyncSupplyStage(CompletableFuture.java:1714)
	at java.base/java.util.concurrent.CompletableFuture.supplyAsync(CompletableFuture.java:1931)
	at org.apache.ratis.server.impl.RaftServerImpl.executeSubmitServerRequestAsync(RaftServerImpl.java:812)
	at org.apache.ratis.server.impl.RaftServerProxy.lambda$appendEntriesAsync$27(RaftServerProxy.java:634)
	at java.base/java.util.concurrent.CompletableFuture.uniComposeStage(CompletableFuture.java:1106)
	at java.base/java.util.concurrent.CompletableFuture.thenCompose(CompletableFuture.java:2235)
	at org.apache.ratis.server.impl.RaftServerProxy.appendEntriesAsync(RaftServerProxy.java:634)
	at org.apache.ratis.grpc.server.GrpcServerProtocolService$1.process(GrpcServerProtocolService.java:219)
	at org.apache.ratis.grpc.server.GrpcServerProtocolService$1.process(GrpcServerProtocolService.java:216)
	at org.apache.ratis.grpc.server.GrpcServerProtocolService$ServerRequestStreamObserver.onNext(GrpcServerProtocolService.java:124)
	at org.apache.ratis.thirdparty.io.grpc.stub.ServerCalls$StreamingServerCallHandler$StreamingServerCallListener.onMessage(ServerCalls.java:262)
	at org.apache.ratis.thirdparty.io.grpc.ForwardingServerCallListener.onMessage(ForwardingServerCallListener.java:33)
	at org.apache.ratis.thirdparty.io.grpc.internal.ServerCallImpl$ServerStreamListenerImpl.messagesAvailableInternal(ServerCallImpl.java:332)
	at org.apache.ratis.thirdparty.io.grpc.internal.ServerCallImpl$ServerStreamListenerImpl.messagesAvailable(ServerCallImpl.java:315)
	at org.apache.ratis.thirdparty.io.grpc.internal.ServerImpl$JumpToApplicationThreadServerStreamListener$1MessagesAvailable.runInContext(ServerImpl.java:834)
	at org.apache.ratis.thirdparty.io.grpc.internal.ContextRunnable.run(ContextRunnable.java:37)
	at org.apache.ratis.thirdparty.io.grpc.internal.SerializingExecutor.run(SerializingExecutor.java:133)
	at java.base/java.util.concurrent.ThreadPoolExecutor.runWorker(ThreadPoolExecutor.java:1128)
	at java.base/java.util.concurrent.ThreadPoolExecutor$Worker.run(ThreadPoolExecutor.java:628)
	at java.base/java.lang.Thread.run(Thread.java:829)

		at org.apache.ratis.util.IOUtils.readObject(IOUtils.java:237)
		at org.apache.ratis.util.IOUtils.bytes2Object(IOUtils.java:214)
		at org.apache.ratis.grpc.GrpcUtil.tryUnwrapException(GrpcUtil.java:109)
		at org.apache.ratis.grpc.GrpcUtil.unwrapThrowable(GrpcUtil.java:82)
		at org.apache.ratis.grpc.GrpcUtil.warn(GrpcUtil.java:178)
		at org.apache.ratis.grpc.server.GrpcLogAppender$AppendLogResponseHandler.onError(GrpcLogAppender.java:405)
		... 10 more
	Caused by: java.lang.ClassCastException: Cannot cast java.util.concurrent.RejectedExecutionException to java.io.IOException
		at java.base/java.lang.Class.cast(Class.java:3605)
		at org.apache.ratis.util.IOUtils.readObject(IOUtils.java:234)
		... 15 more
2022-10-13 10:40:57,053 [grpc-default-executor-2] INFO  leader.FollowerInfo (FollowerInfoImpl.java:lambda$new$0(48)) - s0@group-6905249F38B1->s1: nextIndex: updateUnconditionally 263 -> 259
2022-10-13 10:40:57,088 [grpc-default-executor-0] WARN  server.GrpcServerProtocolService (LogUtils.java:warn(124)) - s1: Failed APPEND_ENTRIES request s0->s1#346-t2,previous=(t:2, i:258),leaderCommit=262,initializing? true,entries: size=4, first=(t:2, i:259), CONFIGURATIONENTRY(current:id: "s0"
address: "localhost:46195"
dataStreamAddress: "localhost:39399"
clientAddress: "localhost:42765"
adminAddress: "localhost:44717"
startupRole: FOLLOWER
,id: "s1"
address: "0.0.0.0:46693"
clientAddress: "0.0.0.0:46693"
adminAddress: "0.0.0.0:46693"
startupRole: FOLLOWER
,id: "s2"
address: "0.0.0.0:36699"
clientAddress: "0.0.0.0:36699"
adminAddress: "0.0.0.0:36699"
startupRole: FOLLOWER
, old:id: "s0"
address: "localhost:46195"
dataStreamAddress: "localhost:39399"
clientAddress: "localhost:42765"
adminAddress: "localhost:44717"
startupRole: FOLLOWER
)
java.util.concurrent.CompletionException: java.util.concurrent.RejectedExecutionException: Task java.util.concurrent.CompletableFuture$AsyncSupply@160bf627 rejected from java.util.concurrent.ThreadPoolExecutor@3ad4e2b[Terminated, pool size = 0, active threads = 0, queued tasks = 0, completed tasks = 198]
	at java.base/java.util.concurrent.CompletableFuture.encodeThrowable(CompletableFuture.java:314)
	at java.base/java.util.concurrent.CompletableFuture.uniComposeStage(CompletableFuture.java:1113)
	at java.base/java.util.concurrent.CompletableFuture.thenCompose(CompletableFuture.java:2235)
	at org.apache.ratis.server.impl.RaftServerProxy.appendEntriesAsync(RaftServerProxy.java:634)
	at org.apache.ratis.grpc.server.GrpcServerProtocolService$1.process(GrpcServerProtocolService.java:219)
	at org.apache.ratis.grpc.server.GrpcServerProtocolService$1.process(GrpcServerProtocolService.java:216)
	at org.apache.ratis.grpc.server.GrpcServerProtocolService$ServerRequestStreamObserver.onNext(GrpcServerProtocolService.java:124)
	at org.apache.ratis.thirdparty.io.grpc.stub.ServerCalls$StreamingServerCallHandler$StreamingServerCallListener.onMessage(ServerCalls.java:262)
	at org.apache.ratis.thirdparty.io.grpc.ForwardingServerCallListener.onMessage(ForwardingServerCallListener.java:33)
	at org.apache.ratis.thirdparty.io.grpc.internal.ServerCallImpl$ServerStreamListenerImpl.messagesAvailableInternal(ServerCallImpl.java:332)
	at org.apache.ratis.thirdparty.io.grpc.internal.ServerCallImpl$ServerStreamListenerImpl.messagesAvailable(ServerCallImpl.java:315)
	at org.apache.ratis.thirdparty.io.grpc.internal.ServerImpl$JumpToApplicationThreadServerStreamListener$1MessagesAvailable.runInContext(ServerImpl.java:834)
	at org.apache.ratis.thirdparty.io.grpc.internal.ContextRunnable.run(ContextRunnable.java:37)
	at org.apache.ratis.thirdparty.io.grpc.internal.SerializingExecutor.run(SerializingExecutor.java:133)
	at java.base/java.util.concurrent.ThreadPoolExecutor.runWorker(ThreadPoolExecutor.java:1128)
	at java.base/java.util.concurrent.ThreadPoolExecutor$Worker.run(ThreadPoolExecutor.java:628)
	at java.base/java.lang.Thread.run(Thread.java:829)
Caused by: java.util.concurrent.RejectedExecutionException: Task java.util.concurrent.CompletableFuture$AsyncSupply@160bf627 rejected from java.util.concurrent.ThreadPoolExecutor@3ad4e2b[Terminated, pool size = 0, active threads = 0, queued tasks = 0, completed tasks = 198]
	at java.base/java.util.concurrent.ThreadPoolExecutor$AbortPolicy.rejectedExecution(ThreadPoolExecutor.java:2055)
	at java.base/java.util.concurrent.ThreadPoolExecutor.reject(ThreadPoolExecutor.java:825)
	at java.base/java.util.concurrent.ThreadPoolExecutor.execute(ThreadPoolExecutor.java:1355)
	at java.base/java.util.concurrent.CompletableFuture.asyncSupplyStage(CompletableFuture.java:1714)
	at java.base/java.util.concurrent.CompletableFuture.supplyAsync(CompletableFuture.java:1931)
	at org.apache.ratis.server.impl.RaftServerImpl.executeSubmitServerRequestAsync(RaftServerImpl.java:812)
	at org.apache.ratis.server.impl.RaftServerProxy.lambda$appendEntriesAsync$27(RaftServerProxy.java:634)
	at java.base/java.util.concurrent.CompletableFuture.uniComposeStage(CompletableFuture.java:1106)
	... 15 more
2022-10-13 10:40:57,090 [grpc-default-executor-2] WARN  server.GrpcLogAppender (LogUtils.java:warn(124)) - s0@group-6905249F38B1->s1-AppendLogResponseHandler: Failed appendEntries
java.io.IOException: java.util.concurrent.RejectedExecutionException: Task java.util.concurrent.CompletableFuture$AsyncSupply@160bf627 rejected from java.util.concurrent.ThreadPoolExecutor@3ad4e2b[Terminated, pool size = 0, active threads = 0, queued tasks = 0, completed tasks = 198]
	at org.apache.ratis.util.IOUtils.asIOException(IOUtils.java:56)
	at org.apache.ratis.grpc.GrpcUtil.tryUnwrapException(GrpcUtil.java:121)
	at org.apache.ratis.grpc.GrpcUtil.unwrapThrowable(GrpcUtil.java:82)
	at org.apache.ratis.grpc.GrpcUtil.warn(GrpcUtil.java:178)
	at org.apache.ratis.grpc.server.GrpcLogAppender$AppendLogResponseHandler.onError(GrpcLogAppender.java:405)
	at org.apache.ratis.thirdparty.io.grpc.stub.ClientCalls$StreamObserverToCallListenerAdapter.onClose(ClientCalls.java:487)
	at org.apache.ratis.thirdparty.io.grpc.internal.ClientCallImpl.closeObserver(ClientCallImpl.java:562)
	at org.apache.ratis.thirdparty.io.grpc.internal.ClientCallImpl.access$300(ClientCallImpl.java:70)
	at org.apache.ratis.thirdparty.io.grpc.internal.ClientCallImpl$ClientStreamListenerImpl$1StreamClosed.runInternal(ClientCallImpl.java:743)
	at org.apache.ratis.thirdparty.io.grpc.internal.ClientCallImpl$ClientStreamListenerImpl$1StreamClosed.runInContext(ClientCallImpl.java:722)
	at org.apache.ratis.thirdparty.io.grpc.internal.ContextRunnable.run(ContextRunnable.java:37)
	at org.apache.ratis.thirdparty.io.grpc.internal.SerializingExecutor.run(SerializingExecutor.java:133)
	at java.base/java.util.concurrent.ThreadPoolExecutor.runWorker(ThreadPoolExecutor.java:1128)
	at java.base/java.util.concurrent.ThreadPoolExecutor$Worker.run(ThreadPoolExecutor.java:628)
	at java.base/java.lang.Thread.run(Thread.java:829)
Caused by: java.util.concurrent.RejectedExecutionException: Task java.util.concurrent.CompletableFuture$AsyncSupply@160bf627 rejected from java.util.concurrent.ThreadPoolExecutor@3ad4e2b[Terminated, pool size = 0, active threads = 0, queued tasks = 0, completed tasks = 198]
	at java.base/jdk.internal.reflect.GeneratedConstructorAccessor7.newInstance(Unknown Source)
	at java.base/jdk.internal.reflect.DelegatingConstructorAccessorImpl.newInstance(DelegatingConstructorAccessorImpl.java:45)
	at java.base/java.lang.reflect.Constructor.newInstance(Constructor.java:490)
	at org.apache.ratis.util.ReflectionUtils.instantiateException(ReflectionUtils.java:259)
	at org.apache.ratis.grpc.GrpcUtil.tryUnwrapException(GrpcUtil.java:120)
	... 13 more
Caused by: org.apache.ratis.thirdparty.io.grpc.StatusRuntimeException: INTERNAL: Task java.util.concurrent.CompletableFuture$AsyncSupply@160bf627 rejected from java.util.concurrent.ThreadPoolExecutor@3ad4e2b[Terminated, pool size = 0, active threads = 0, queued tasks = 0, completed tasks = 198]
	at org.apache.ratis.thirdparty.io.grpc.Status.asRuntimeException(Status.java:535)
	... 10 more
	Suppressed: java.lang.IllegalStateException: Failed to cast to class java.io.IOException, object=java.util.concurrent.RejectedExecutionException: Task java.util.concurrent.CompletableFuture$AsyncSupply@160bf627 rejected from java.util.concurrent.ThreadPoolExecutor@3ad4e2b[Terminated, pool size = 0, active threads = 0, queued tasks = 0, completed tasks = 198]
	at java.base/java.util.concurrent.ThreadPoolExecutor$AbortPolicy.rejectedExecution(ThreadPoolExecutor.java:2055)
	at java.base/java.util.concurrent.ThreadPoolExecutor.reject(ThreadPoolExecutor.java:825)
	at java.base/java.util.concurrent.ThreadPoolExecutor.execute(ThreadPoolExecutor.java:1355)
	at java.base/java.util.concurrent.CompletableFuture.asyncSupplyStage(CompletableFuture.java:1714)
	at java.base/java.util.concurrent.CompletableFuture.supplyAsync(CompletableFuture.java:1931)
	at org.apache.ratis.server.impl.RaftServerImpl.executeSubmitServerRequestAsync(RaftServerImpl.java:812)
	at org.apache.ratis.server.impl.RaftServerProxy.lambda$appendEntriesAsync$27(RaftServerProxy.java:634)
	at java.base/java.util.concurrent.CompletableFuture.uniComposeStage(CompletableFuture.java:1106)
	at java.base/java.util.concurrent.CompletableFuture.thenCompose(CompletableFuture.java:2235)
	at org.apache.ratis.server.impl.RaftServerProxy.appendEntriesAsync(RaftServerProxy.java:634)
	at org.apache.ratis.grpc.server.GrpcServerProtocolService$1.process(GrpcServerProtocolService.java:219)
	at org.apache.ratis.grpc.server.GrpcServerProtocolService$1.process(GrpcServerProtocolService.java:216)
	at org.apache.ratis.grpc.server.GrpcServerProtocolService$ServerRequestStreamObserver.onNext(GrpcServerProtocolService.java:124)
	at org.apache.ratis.thirdparty.io.grpc.stub.ServerCalls$StreamingServerCallHandler$StreamingServerCallListener.onMessage(ServerCalls.java:262)
	at org.apache.ratis.thirdparty.io.grpc.ForwardingServerCallListener.onMessage(ForwardingServerCallListener.java:33)
	at org.apache.ratis.thirdparty.io.grpc.internal.ServerCallImpl$ServerStreamListenerImpl.messagesAvailableInternal(ServerCallImpl.java:332)
	at org.apache.ratis.thirdparty.io.grpc.internal.ServerCallImpl$ServerStreamListenerImpl.messagesAvailable(ServerCallImpl.java:315)
	at org.apache.ratis.thirdparty.io.grpc.internal.ServerImpl$JumpToApplicationThreadServerStreamListener$1MessagesAvailable.runInContext(ServerImpl.java:834)
	at org.apache.ratis.thirdparty.io.grpc.internal.ContextRunnable.run(ContextRunnable.java:37)
	at org.apache.ratis.thirdparty.io.grpc.internal.SerializingExecutor.run(SerializingExecutor.java:133)
	at java.base/java.util.concurrent.ThreadPoolExecutor.runWorker(ThreadPoolExecutor.java:1128)
	at java.base/java.util.concurrent.ThreadPoolExecutor$Worker.run(ThreadPoolExecutor.java:628)
	at java.base/java.lang.Thread.run(Thread.java:829)

		at org.apache.ratis.util.IOUtils.readObject(IOUtils.java:237)
		at org.apache.ratis.util.IOUtils.bytes2Object(IOUtils.java:214)
		at org.apache.ratis.grpc.GrpcUtil.tryUnwrapException(GrpcUtil.java:109)
		at org.apache.ratis.grpc.GrpcUtil.unwrapThrowable(GrpcUtil.java:82)
		at org.apache.ratis.grpc.GrpcUtil.warn(GrpcUtil.java:178)
		at org.apache.ratis.grpc.server.GrpcLogAppender$AppendLogResponseHandler.onError(GrpcLogAppender.java:405)
		... 10 more
	Caused by: java.lang.ClassCastException: Cannot cast java.util.concurrent.RejectedExecutionException to java.io.IOException
		at java.base/java.lang.Class.cast(Class.java:3605)
		at org.apache.ratis.util.IOUtils.readObject(IOUtils.java:234)
		... 15 more
2022-10-13 10:40:57,090 [grpc-default-executor-2] INFO  leader.FollowerInfo (FollowerInfoImpl.java:lambda$new$0(48)) - s0@group-6905249F38B1->s1: nextIndex: updateUnconditionally 263 -> 259
2022-10-13 10:40:57,126 [grpc-default-executor-0] WARN  server.GrpcServerProtocolService (LogUtils.java:warn(124)) - s1: Failed APPEND_ENTRIES request s0->s1#348-t2,previous=(t:2, i:258),leaderCommit=262,initializing? true,entries: size=4, first=(t:2, i:259), CONFIGURATIONENTRY(current:id: "s0"
address: "localhost:46195"
dataStreamAddress: "localhost:39399"
clientAddress: "localhost:42765"
adminAddress: "localhost:44717"
startupRole: FOLLOWER
,id: "s1"
address: "0.0.0.0:46693"
clientAddress: "0.0.0.0:46693"
adminAddress: "0.0.0.0:46693"
startupRole: FOLLOWER
,id: "s2"
address: "0.0.0.0:36699"
clientAddress: "0.0.0.0:36699"
adminAddress: "0.0.0.0:36699"
startupRole: FOLLOWER
, old:id: "s0"
address: "localhost:46195"
dataStreamAddress: "localhost:39399"
clientAddress: "localhost:42765"
adminAddress: "localhost:44717"
startupRole: FOLLOWER
)
java.util.concurrent.CompletionException: java.util.concurrent.RejectedExecutionException: Task java.util.concurrent.CompletableFuture$AsyncSupply@bbf8f00 rejected from java.util.concurrent.ThreadPoolExecutor@3ad4e2b[Terminated, pool size = 0, active threads = 0, queued tasks = 0, completed tasks = 198]
	at java.base/java.util.concurrent.CompletableFuture.encodeThrowable(CompletableFuture.java:314)
	at java.base/java.util.concurrent.CompletableFuture.uniComposeStage(CompletableFuture.java:1113)
	at java.base/java.util.concurrent.CompletableFuture.thenCompose(CompletableFuture.java:2235)
	at org.apache.ratis.server.impl.RaftServerProxy.appendEntriesAsync(RaftServerProxy.java:634)
	at org.apache.ratis.grpc.server.GrpcServerProtocolService$1.process(GrpcServerProtocolService.java:219)
	at org.apache.ratis.grpc.server.GrpcServerProtocolService$1.process(GrpcServerProtocolService.java:216)
	at org.apache.ratis.grpc.server.GrpcServerProtocolService$ServerRequestStreamObserver.onNext(GrpcServerProtocolService.java:124)
	at org.apache.ratis.thirdparty.io.grpc.stub.ServerCalls$StreamingServerCallHandler$StreamingServerCallListener.onMessage(ServerCalls.java:262)
	at org.apache.ratis.thirdparty.io.grpc.ForwardingServerCallListener.onMessage(ForwardingServerCallListener.java:33)
	at org.apache.ratis.thirdparty.io.grpc.internal.ServerCallImpl$ServerStreamListenerImpl.messagesAvailableInternal(ServerCallImpl.java:332)
	at org.apache.ratis.thirdparty.io.grpc.internal.ServerCallImpl$ServerStreamListenerImpl.messagesAvailable(ServerCallImpl.java:315)
	at org.apache.ratis.thirdparty.io.grpc.internal.ServerImpl$JumpToApplicationThreadServerStreamListener$1MessagesAvailable.runInContext(ServerImpl.java:834)
	at org.apache.ratis.thirdparty.io.grpc.internal.ContextRunnable.run(ContextRunnable.java:37)
	at org.apache.ratis.thirdparty.io.grpc.internal.SerializingExecutor.run(SerializingExecutor.java:133)
	at java.base/java.util.concurrent.ThreadPoolExecutor.runWorker(ThreadPoolExecutor.java:1128)
	at java.base/java.util.concurrent.ThreadPoolExecutor$Worker.run(ThreadPoolExecutor.java:628)
	at java.base/java.lang.Thread.run(Thread.java:829)
Caused by: java.util.concurrent.RejectedExecutionException: Task java.util.concurrent.CompletableFuture$AsyncSupply@bbf8f00 rejected from java.util.concurrent.ThreadPoolExecutor@3ad4e2b[Terminated, pool size = 0, active threads = 0, queued tasks = 0, completed tasks = 198]
	at java.base/java.util.concurrent.ThreadPoolExecutor$AbortPolicy.rejectedExecution(ThreadPoolExecutor.java:2055)
	at java.base/java.util.concurrent.ThreadPoolExecutor.reject(ThreadPoolExecutor.java:825)
	at java.base/java.util.concurrent.ThreadPoolExecutor.execute(ThreadPoolExecutor.java:1355)
	at java.base/java.util.concurrent.CompletableFuture.asyncSupplyStage(CompletableFuture.java:1714)
	at java.base/java.util.concurrent.CompletableFuture.supplyAsync(CompletableFuture.java:1931)
	at org.apache.ratis.server.impl.RaftServerImpl.executeSubmitServerRequestAsync(RaftServerImpl.java:812)
	at org.apache.ratis.server.impl.RaftServerProxy.lambda$appendEntriesAsync$27(RaftServerProxy.java:634)
	at java.base/java.util.concurrent.CompletableFuture.uniComposeStage(CompletableFuture.java:1106)
	... 15 more
2022-10-13 10:40:57,128 [grpc-default-executor-2] WARN  server.GrpcLogAppender (LogUtils.java:warn(124)) - s0@group-6905249F38B1->s1-AppendLogResponseHandler: Failed appendEntries
java.io.IOException: java.util.concurrent.RejectedExecutionException: Task java.util.concurrent.CompletableFuture$AsyncSupply@bbf8f00 rejected from java.util.concurrent.ThreadPoolExecutor@3ad4e2b[Terminated, pool size = 0, active threads = 0, queued tasks = 0, completed tasks = 198]
	at org.apache.ratis.util.IOUtils.asIOException(IOUtils.java:56)
	at org.apache.ratis.grpc.GrpcUtil.tryUnwrapException(GrpcUtil.java:121)
	at org.apache.ratis.grpc.GrpcUtil.unwrapThrowable(GrpcUtil.java:82)
	at org.apache.ratis.grpc.GrpcUtil.warn(GrpcUtil.java:178)
	at org.apache.ratis.grpc.server.GrpcLogAppender$AppendLogResponseHandler.onError(GrpcLogAppender.java:405)
	at org.apache.ratis.thirdparty.io.grpc.stub.ClientCalls$StreamObserverToCallListenerAdapter.onClose(ClientCalls.java:487)
	at org.apache.ratis.thirdparty.io.grpc.internal.ClientCallImpl.closeObserver(ClientCallImpl.java:562)
	at org.apache.ratis.thirdparty.io.grpc.internal.ClientCallImpl.access$300(ClientCallImpl.java:70)
	at org.apache.ratis.thirdparty.io.grpc.internal.ClientCallImpl$ClientStreamListenerImpl$1StreamClosed.runInternal(ClientCallImpl.java:743)
	at org.apache.ratis.thirdparty.io.grpc.internal.ClientCallImpl$ClientStreamListenerImpl$1StreamClosed.runInContext(ClientCallImpl.java:722)
	at org.apache.ratis.thirdparty.io.grpc.internal.ContextRunnable.run(ContextRunnable.java:37)
	at org.apache.ratis.thirdparty.io.grpc.internal.SerializingExecutor.run(SerializingExecutor.java:133)
	at java.base/java.util.concurrent.ThreadPoolExecutor.runWorker(ThreadPoolExecutor.java:1128)
	at java.base/java.util.concurrent.ThreadPoolExecutor$Worker.run(ThreadPoolExecutor.java:628)
	at java.base/java.lang.Thread.run(Thread.java:829)
Caused by: java.util.concurrent.RejectedExecutionException: Task java.util.concurrent.CompletableFuture$AsyncSupply@bbf8f00 rejected from java.util.concurrent.ThreadPoolExecutor@3ad4e2b[Terminated, pool size = 0, active threads = 0, queued tasks = 0, completed tasks = 198]
	at java.base/jdk.internal.reflect.GeneratedConstructorAccessor7.newInstance(Unknown Source)
	at java.base/jdk.internal.reflect.DelegatingConstructorAccessorImpl.newInstance(DelegatingConstructorAccessorImpl.java:45)
	at java.base/java.lang.reflect.Constructor.newInstance(Constructor.java:490)
	at org.apache.ratis.util.ReflectionUtils.instantiateException(ReflectionUtils.java:259)
	at org.apache.ratis.grpc.GrpcUtil.tryUnwrapException(GrpcUtil.java:120)
	... 13 more
Caused by: org.apache.ratis.thirdparty.io.grpc.StatusRuntimeException: INTERNAL: Task java.util.concurrent.CompletableFuture$AsyncSupply@bbf8f00 rejected from java.util.concurrent.ThreadPoolExecutor@3ad4e2b[Terminated, pool size = 0, active threads = 0, queued tasks = 0, completed tasks = 198]
	at org.apache.ratis.thirdparty.io.grpc.Status.asRuntimeException(Status.java:535)
	... 10 more
	Suppressed: java.lang.IllegalStateException: Failed to cast to class java.io.IOException, object=java.util.concurrent.RejectedExecutionException: Task java.util.concurrent.CompletableFuture$AsyncSupply@bbf8f00 rejected from java.util.concurrent.ThreadPoolExecutor@3ad4e2b[Terminated, pool size = 0, active threads = 0, queued tasks = 0, completed tasks = 198]
	at java.base/java.util.concurrent.ThreadPoolExecutor$AbortPolicy.rejectedExecution(ThreadPoolExecutor.java:2055)
	at java.base/java.util.concurrent.ThreadPoolExecutor.reject(ThreadPoolExecutor.java:825)
	at java.base/java.util.concurrent.ThreadPoolExecutor.execute(ThreadPoolExecutor.java:1355)
	at java.base/java.util.concurrent.CompletableFuture.asyncSupplyStage(CompletableFuture.java:1714)
	at java.base/java.util.concurrent.CompletableFuture.supplyAsync(CompletableFuture.java:1931)
	at org.apache.ratis.server.impl.RaftServerImpl.executeSubmitServerRequestAsync(RaftServerImpl.java:812)
	at org.apache.ratis.server.impl.RaftServerProxy.lambda$appendEntriesAsync$27(RaftServerProxy.java:634)
	at java.base/java.util.concurrent.CompletableFuture.uniComposeStage(CompletableFuture.java:1106)
	at java.base/java.util.concurrent.CompletableFuture.thenCompose(CompletableFuture.java:2235)
	at org.apache.ratis.server.impl.RaftServerProxy.appendEntriesAsync(RaftServerProxy.java:634)
	at org.apache.ratis.grpc.server.GrpcServerProtocolService$1.process(GrpcServerProtocolService.java:219)
	at org.apache.ratis.grpc.server.GrpcServerProtocolService$1.process(GrpcServerProtocolService.java:216)
	at org.apache.ratis.grpc.server.GrpcServerProtocolService$ServerRequestStreamObserver.onNext(GrpcServerProtocolService.java:124)
	at org.apache.ratis.thirdparty.io.grpc.stub.ServerCalls$StreamingServerCallHandler$StreamingServerCallListener.onMessage(ServerCalls.java:262)
	at org.apache.ratis.thirdparty.io.grpc.ForwardingServerCallListener.onMessage(ForwardingServerCallListener.java:33)
	at org.apache.ratis.thirdparty.io.grpc.internal.ServerCallImpl$ServerStreamListenerImpl.messagesAvailableInternal(ServerCallImpl.java:332)
	at org.apache.ratis.thirdparty.io.grpc.internal.ServerCallImpl$ServerStreamListenerImpl.messagesAvailable(ServerCallImpl.java:315)
	at org.apache.ratis.thirdparty.io.grpc.internal.ServerImpl$JumpToApplicationThreadServerStreamListener$1MessagesAvailable.runInContext(ServerImpl.java:834)
	at org.apache.ratis.thirdparty.io.grpc.internal.ContextRunnable.run(ContextRunnable.java:37)
	at org.apache.ratis.thirdparty.io.grpc.internal.SerializingExecutor.run(SerializingExecutor.java:133)
	at java.base/java.util.concurrent.ThreadPoolExecutor.runWorker(ThreadPoolExecutor.java:1128)
	at java.base/java.util.concurrent.ThreadPoolExecutor$Worker.run(ThreadPoolExecutor.java:628)
	at java.base/java.lang.Thread.run(Thread.java:829)

		at org.apache.ratis.util.IOUtils.readObject(IOUtils.java:237)
		at org.apache.ratis.util.IOUtils.bytes2Object(IOUtils.java:214)
		at org.apache.ratis.grpc.GrpcUtil.tryUnwrapException(GrpcUtil.java:109)
		at org.apache.ratis.grpc.GrpcUtil.unwrapThrowable(GrpcUtil.java:82)
		at org.apache.ratis.grpc.GrpcUtil.warn(GrpcUtil.java:178)
		at org.apache.ratis.grpc.server.GrpcLogAppender$AppendLogResponseHandler.onError(GrpcLogAppender.java:405)
		... 10 more
	Caused by: java.lang.ClassCastException: Cannot cast java.util.concurrent.RejectedExecutionException to java.io.IOException
		at java.base/java.lang.Class.cast(Class.java:3605)
		at org.apache.ratis.util.IOUtils.readObject(IOUtils.java:234)
		... 15 more
2022-10-13 10:40:57,128 [grpc-default-executor-2] INFO  leader.FollowerInfo (FollowerInfoImpl.java:lambda$new$0(48)) - s0@group-6905249F38B1->s1: nextIndex: updateUnconditionally 263 -> 259
2022-10-13 10:40:57,164 [grpc-default-executor-0] WARN  server.GrpcServerProtocolService (LogUtils.java:warn(124)) - s1: Failed APPEND_ENTRIES request s0->s1#350-t2,previous=(t:2, i:258),leaderCommit=262,initializing? true,entries: size=4, first=(t:2, i:259), CONFIGURATIONENTRY(current:id: "s0"
address: "localhost:46195"
dataStreamAddress: "localhost:39399"
clientAddress: "localhost:42765"
adminAddress: "localhost:44717"
startupRole: FOLLOWER
,id: "s1"
address: "0.0.0.0:46693"
clientAddress: "0.0.0.0:46693"
adminAddress: "0.0.0.0:46693"
startupRole: FOLLOWER
,id: "s2"
address: "0.0.0.0:36699"
clientAddress: "0.0.0.0:36699"
adminAddress: "0.0.0.0:36699"
startupRole: FOLLOWER
, old:id: "s0"
address: "localhost:46195"
dataStreamAddress: "localhost:39399"
clientAddress: "localhost:42765"
adminAddress: "localhost:44717"
startupRole: FOLLOWER
)
java.util.concurrent.CompletionException: java.util.concurrent.RejectedExecutionException: Task java.util.concurrent.CompletableFuture$AsyncSupply@3a0d948b rejected from java.util.concurrent.ThreadPoolExecutor@3ad4e2b[Terminated, pool size = 0, active threads = 0, queued tasks = 0, completed tasks = 198]
	at java.base/java.util.concurrent.CompletableFuture.encodeThrowable(CompletableFuture.java:314)
	at java.base/java.util.concurrent.CompletableFuture.uniComposeStage(CompletableFuture.java:1113)
	at java.base/java.util.concurrent.CompletableFuture.thenCompose(CompletableFuture.java:2235)
	at org.apache.ratis.server.impl.RaftServerProxy.appendEntriesAsync(RaftServerProxy.java:634)
	at org.apache.ratis.grpc.server.GrpcServerProtocolService$1.process(GrpcServerProtocolService.java:219)
	at org.apache.ratis.grpc.server.GrpcServerProtocolService$1.process(GrpcServerProtocolService.java:216)
	at org.apache.ratis.grpc.server.GrpcServerProtocolService$ServerRequestStreamObserver.onNext(GrpcServerProtocolService.java:124)
	at org.apache.ratis.thirdparty.io.grpc.stub.ServerCalls$StreamingServerCallHandler$StreamingServerCallListener.onMessage(ServerCalls.java:262)
	at org.apache.ratis.thirdparty.io.grpc.ForwardingServerCallListener.onMessage(ForwardingServerCallListener.java:33)
	at org.apache.ratis.thirdparty.io.grpc.internal.ServerCallImpl$ServerStreamListenerImpl.messagesAvailableInternal(ServerCallImpl.java:332)
	at org.apache.ratis.thirdparty.io.grpc.internal.ServerCallImpl$ServerStreamListenerImpl.messagesAvailable(ServerCallImpl.java:315)
	at org.apache.ratis.thirdparty.io.grpc.internal.ServerImpl$JumpToApplicationThreadServerStreamListener$1MessagesAvailable.runInContext(ServerImpl.java:834)
	at org.apache.ratis.thirdparty.io.grpc.internal.ContextRunnable.run(ContextRunnable.java:37)
	at org.apache.ratis.thirdparty.io.grpc.internal.SerializingExecutor.run(SerializingExecutor.java:133)
	at java.base/java.util.concurrent.ThreadPoolExecutor.runWorker(ThreadPoolExecutor.java:1128)
	at java.base/java.util.concurrent.ThreadPoolExecutor$Worker.run(ThreadPoolExecutor.java:628)
	at java.base/java.lang.Thread.run(Thread.java:829)
Caused by: java.util.concurrent.RejectedExecutionException: Task java.util.concurrent.CompletableFuture$AsyncSupply@3a0d948b rejected from java.util.concurrent.ThreadPoolExecutor@3ad4e2b[Terminated, pool size = 0, active threads = 0, queued tasks = 0, completed tasks = 198]
	at java.base/java.util.concurrent.ThreadPoolExecutor$AbortPolicy.rejectedExecution(ThreadPoolExecutor.java:2055)
	at java.base/java.util.concurrent.ThreadPoolExecutor.reject(ThreadPoolExecutor.java:825)
	at java.base/java.util.concurrent.ThreadPoolExecutor.execute(ThreadPoolExecutor.java:1355)
	at java.base/java.util.concurrent.CompletableFuture.asyncSupplyStage(CompletableFuture.java:1714)
	at java.base/java.util.concurrent.CompletableFuture.supplyAsync(CompletableFuture.java:1931)
	at org.apache.ratis.server.impl.RaftServerImpl.executeSubmitServerRequestAsync(RaftServerImpl.java:812)
	at org.apache.ratis.server.impl.RaftServerProxy.lambda$appendEntriesAsync$27(RaftServerProxy.java:634)
	at java.base/java.util.concurrent.CompletableFuture.uniComposeStage(CompletableFuture.java:1106)
	... 15 more
2022-10-13 10:40:57,167 [grpc-default-executor-2] WARN  server.GrpcLogAppender (LogUtils.java:warn(124)) - s0@group-6905249F38B1->s1-AppendLogResponseHandler: Failed appendEntries
java.io.IOException: java.util.concurrent.RejectedExecutionException: Task java.util.concurrent.CompletableFuture$AsyncSupply@3a0d948b rejected from java.util.concurrent.ThreadPoolExecutor@3ad4e2b[Terminated, pool size = 0, active threads = 0, queued tasks = 0, completed tasks = 198]
	at org.apache.ratis.util.IOUtils.asIOException(IOUtils.java:56)
	at org.apache.ratis.grpc.GrpcUtil.tryUnwrapException(GrpcUtil.java:121)
	at org.apache.ratis.grpc.GrpcUtil.unwrapThrowable(GrpcUtil.java:82)
	at org.apache.ratis.grpc.GrpcUtil.warn(GrpcUtil.java:178)
	at org.apache.ratis.grpc.server.GrpcLogAppender$AppendLogResponseHandler.onError(GrpcLogAppender.java:405)
	at org.apache.ratis.thirdparty.io.grpc.stub.ClientCalls$StreamObserverToCallListenerAdapter.onClose(ClientCalls.java:487)
	at org.apache.ratis.thirdparty.io.grpc.internal.ClientCallImpl.closeObserver(ClientCallImpl.java:562)
	at org.apache.ratis.thirdparty.io.grpc.internal.ClientCallImpl.access$300(ClientCallImpl.java:70)
	at org.apache.ratis.thirdparty.io.grpc.internal.ClientCallImpl$ClientStreamListenerImpl$1StreamClosed.runInternal(ClientCallImpl.java:743)
	at org.apache.ratis.thirdparty.io.grpc.internal.ClientCallImpl$ClientStreamListenerImpl$1StreamClosed.runInContext(ClientCallImpl.java:722)
	at org.apache.ratis.thirdparty.io.grpc.internal.ContextRunnable.run(ContextRunnable.java:37)
	at org.apache.ratis.thirdparty.io.grpc.internal.SerializingExecutor.run(SerializingExecutor.java:133)
	at java.base/java.util.concurrent.ThreadPoolExecutor.runWorker(ThreadPoolExecutor.java:1128)
	at java.base/java.util.concurrent.ThreadPoolExecutor$Worker.run(ThreadPoolExecutor.java:628)
	at java.base/java.lang.Thread.run(Thread.java:829)
Caused by: java.util.concurrent.RejectedExecutionException: Task java.util.concurrent.CompletableFuture$AsyncSupply@3a0d948b rejected from java.util.concurrent.ThreadPoolExecutor@3ad4e2b[Terminated, pool size = 0, active threads = 0, queued tasks = 0, completed tasks = 198]
	at java.base/jdk.internal.reflect.GeneratedConstructorAccessor7.newInstance(Unknown Source)
	at java.base/jdk.internal.reflect.DelegatingConstructorAccessorImpl.newInstance(DelegatingConstructorAccessorImpl.java:45)
	at java.base/java.lang.reflect.Constructor.newInstance(Constructor.java:490)
	at org.apache.ratis.util.ReflectionUtils.instantiateException(ReflectionUtils.java:259)
	at org.apache.ratis.grpc.GrpcUtil.tryUnwrapException(GrpcUtil.java:120)
	... 13 more
Caused by: org.apache.ratis.thirdparty.io.grpc.StatusRuntimeException: INTERNAL: Task java.util.concurrent.CompletableFuture$AsyncSupply@3a0d948b rejected from java.util.concurrent.ThreadPoolExecutor@3ad4e2b[Terminated, pool size = 0, active threads = 0, queued tasks = 0, completed tasks = 198]
	at org.apache.ratis.thirdparty.io.grpc.Status.asRuntimeException(Status.java:535)
	... 10 more
	Suppressed: java.lang.IllegalStateException: Failed to cast to class java.io.IOException, object=java.util.concurrent.RejectedExecutionException: Task java.util.concurrent.CompletableFuture$AsyncSupply@3a0d948b rejected from java.util.concurrent.ThreadPoolExecutor@3ad4e2b[Terminated, pool size = 0, active threads = 0, queued tasks = 0, completed tasks = 198]
	at java.base/java.util.concurrent.ThreadPoolExecutor$AbortPolicy.rejectedExecution(ThreadPoolExecutor.java:2055)
	at java.base/java.util.concurrent.ThreadPoolExecutor.reject(ThreadPoolExecutor.java:825)
	at java.base/java.util.concurrent.ThreadPoolExecutor.execute(ThreadPoolExecutor.java:1355)
	at java.base/java.util.concurrent.CompletableFuture.asyncSupplyStage(CompletableFuture.java:1714)
	at java.base/java.util.concurrent.CompletableFuture.supplyAsync(CompletableFuture.java:1931)
	at org.apache.ratis.server.impl.RaftServerImpl.executeSubmitServerRequestAsync(RaftServerImpl.java:812)
	at org.apache.ratis.server.impl.RaftServerProxy.lambda$appendEntriesAsync$27(RaftServerProxy.java:634)
	at java.base/java.util.concurrent.CompletableFuture.uniComposeStage(CompletableFuture.java:1106)
	at java.base/java.util.concurrent.CompletableFuture.thenCompose(CompletableFuture.java:2235)
	at org.apache.ratis.server.impl.RaftServerProxy.appendEntriesAsync(RaftServerProxy.java:634)
	at org.apache.ratis.grpc.server.GrpcServerProtocolService$1.process(GrpcServerProtocolService.java:219)
	at org.apache.ratis.grpc.server.GrpcServerProtocolService$1.process(GrpcServerProtocolService.java:216)
	at org.apache.ratis.grpc.server.GrpcServerProtocolService$ServerRequestStreamObserver.onNext(GrpcServerProtocolService.java:124)
	at org.apache.ratis.thirdparty.io.grpc.stub.ServerCalls$StreamingServerCallHandler$StreamingServerCallListener.onMessage(ServerCalls.java:262)
	at org.apache.ratis.thirdparty.io.grpc.ForwardingServerCallListener.onMessage(ForwardingServerCallListener.java:33)
	at org.apache.ratis.thirdparty.io.grpc.internal.ServerCallImpl$ServerStreamListenerImpl.messagesAvailableInternal(ServerCallImpl.java:332)
	at org.apache.ratis.thirdparty.io.grpc.internal.ServerCallImpl$ServerStreamListenerImpl.messagesAvailable(ServerCallImpl.java:315)
	at org.apache.ratis.thirdparty.io.grpc.internal.ServerImpl$JumpToApplicationThreadServerStreamListener$1MessagesAvailable.runInContext(ServerImpl.java:834)
	at org.apache.ratis.thirdparty.io.grpc.internal.ContextRunnable.run(ContextRunnable.java:37)
	at org.apache.ratis.thirdparty.io.grpc.internal.SerializingExecutor.run(SerializingExecutor.java:133)
	at java.base/java.util.concurrent.ThreadPoolExecutor.runWorker(ThreadPoolExecutor.java:1128)
	at java.base/java.util.concurrent.ThreadPoolExecutor$Worker.run(ThreadPoolExecutor.java:628)
	at java.base/java.lang.Thread.run(Thread.java:829)

		at org.apache.ratis.util.IOUtils.readObject(IOUtils.java:237)
		at org.apache.ratis.util.IOUtils.bytes2Object(IOUtils.java:214)
		at org.apache.ratis.grpc.GrpcUtil.tryUnwrapException(GrpcUtil.java:109)
		at org.apache.ratis.grpc.GrpcUtil.unwrapThrowable(GrpcUtil.java:82)
		at org.apache.ratis.grpc.GrpcUtil.warn(GrpcUtil.java:178)
		at org.apache.ratis.grpc.server.GrpcLogAppender$AppendLogResponseHandler.onError(GrpcLogAppender.java:405)
		... 10 more
	Caused by: java.lang.ClassCastException: Cannot cast java.util.concurrent.RejectedExecutionException to java.io.IOException
		at java.base/java.lang.Class.cast(Class.java:3605)
		at org.apache.ratis.util.IOUtils.readObject(IOUtils.java:234)
		... 15 more
2022-10-13 10:40:57,168 [grpc-default-executor-2] INFO  leader.FollowerInfo (FollowerInfoImpl.java:lambda$new$0(48)) - s0@group-6905249F38B1->s1: nextIndex: updateUnconditionally 263 -> 259
2022-10-13 10:40:57,201 [grpc-default-executor-3] WARN  server.GrpcServerProtocolService (LogUtils.java:warn(124)) - s1: Failed APPEND_ENTRIES request s0->s1#352-t2,previous=(t:2, i:258),leaderCommit=262,initializing? true,entries: size=4, first=(t:2, i:259), CONFIGURATIONENTRY(current:id: "s0"
address: "localhost:46195"
dataStreamAddress: "localhost:39399"
clientAddress: "localhost:42765"
adminAddress: "localhost:44717"
startupRole: FOLLOWER
,id: "s1"
address: "0.0.0.0:46693"
clientAddress: "0.0.0.0:46693"
adminAddress: "0.0.0.0:46693"
startupRole: FOLLOWER
,id: "s2"
address: "0.0.0.0:36699"
clientAddress: "0.0.0.0:36699"
adminAddress: "0.0.0.0:36699"
startupRole: FOLLOWER
, old:id: "s0"
address: "localhost:46195"
dataStreamAddress: "localhost:39399"
clientAddress: "localhost:42765"
adminAddress: "localhost:44717"
startupRole: FOLLOWER
)
java.util.concurrent.CompletionException: java.util.concurrent.RejectedExecutionException: Task java.util.concurrent.CompletableFuture$AsyncSupply@33dd79a4 rejected from java.util.concurrent.ThreadPoolExecutor@3ad4e2b[Terminated, pool size = 0, active threads = 0, queued tasks = 0, completed tasks = 198]
	at java.base/java.util.concurrent.CompletableFuture.encodeThrowable(CompletableFuture.java:314)
	at java.base/java.util.concurrent.CompletableFuture.uniComposeStage(CompletableFuture.java:1113)
	at java.base/java.util.concurrent.CompletableFuture.thenCompose(CompletableFuture.java:2235)
	at org.apache.ratis.server.impl.RaftServerProxy.appendEntriesAsync(RaftServerProxy.java:634)
	at org.apache.ratis.grpc.server.GrpcServerProtocolService$1.process(GrpcServerProtocolService.java:219)
	at org.apache.ratis.grpc.server.GrpcServerProtocolService$1.process(GrpcServerProtocolService.java:216)
	at org.apache.ratis.grpc.server.GrpcServerProtocolService$ServerRequestStreamObserver.onNext(GrpcServerProtocolService.java:124)
	at org.apache.ratis.thirdparty.io.grpc.stub.ServerCalls$StreamingServerCallHandler$StreamingServerCallListener.onMessage(ServerCalls.java:262)
	at org.apache.ratis.thirdparty.io.grpc.ForwardingServerCallListener.onMessage(ForwardingServerCallListener.java:33)
	at org.apache.ratis.thirdparty.io.grpc.internal.ServerCallImpl$ServerStreamListenerImpl.messagesAvailableInternal(ServerCallImpl.java:332)
	at org.apache.ratis.thirdparty.io.grpc.internal.ServerCallImpl$ServerStreamListenerImpl.messagesAvailable(ServerCallImpl.java:315)
	at org.apache.ratis.thirdparty.io.grpc.internal.ServerImpl$JumpToApplicationThreadServerStreamListener$1MessagesAvailable.runInContext(ServerImpl.java:834)
	at org.apache.ratis.thirdparty.io.grpc.internal.ContextRunnable.run(ContextRunnable.java:37)
	at org.apache.ratis.thirdparty.io.grpc.internal.SerializingExecutor.run(SerializingExecutor.java:133)
	at java.base/java.util.concurrent.ThreadPoolExecutor.runWorker(ThreadPoolExecutor.java:1128)
	at java.base/java.util.concurrent.ThreadPoolExecutor$Worker.run(ThreadPoolExecutor.java:628)
	at java.base/java.lang.Thread.run(Thread.java:829)
Caused by: java.util.concurrent.RejectedExecutionException: Task java.util.concurrent.CompletableFuture$AsyncSupply@33dd79a4 rejected from java.util.concurrent.ThreadPoolExecutor@3ad4e2b[Terminated, pool size = 0, active threads = 0, queued tasks = 0, completed tasks = 198]
	at java.base/java.util.concurrent.ThreadPoolExecutor$AbortPolicy.rejectedExecution(ThreadPoolExecutor.java:2055)
	at java.base/java.util.concurrent.ThreadPoolExecutor.reject(ThreadPoolExecutor.java:825)
	at java.base/java.util.concurrent.ThreadPoolExecutor.execute(ThreadPoolExecutor.java:1355)
	at java.base/java.util.concurrent.CompletableFuture.asyncSupplyStage(CompletableFuture.java:1714)
	at java.base/java.util.concurrent.CompletableFuture.supplyAsync(CompletableFuture.java:1931)
	at org.apache.ratis.server.impl.RaftServerImpl.executeSubmitServerRequestAsync(RaftServerImpl.java:812)
	at org.apache.ratis.server.impl.RaftServerProxy.lambda$appendEntriesAsync$27(RaftServerProxy.java:634)
	at java.base/java.util.concurrent.CompletableFuture.uniComposeStage(CompletableFuture.java:1106)
	... 15 more
2022-10-13 10:40:57,203 [grpc-default-executor-3] WARN  server.GrpcLogAppender (LogUtils.java:warn(124)) - s0@group-6905249F38B1->s1-AppendLogResponseHandler: Failed appendEntries
java.io.IOException: java.util.concurrent.RejectedExecutionException: Task java.util.concurrent.CompletableFuture$AsyncSupply@33dd79a4 rejected from java.util.concurrent.ThreadPoolExecutor@3ad4e2b[Terminated, pool size = 0, active threads = 0, queued tasks = 0, completed tasks = 198]
	at org.apache.ratis.util.IOUtils.asIOException(IOUtils.java:56)
	at org.apache.ratis.grpc.GrpcUtil.tryUnwrapException(GrpcUtil.java:121)
	at org.apache.ratis.grpc.GrpcUtil.unwrapThrowable(GrpcUtil.java:82)
	at org.apache.ratis.grpc.GrpcUtil.warn(GrpcUtil.java:178)
	at org.apache.ratis.grpc.server.GrpcLogAppender$AppendLogResponseHandler.onError(GrpcLogAppender.java:405)
	at org.apache.ratis.thirdparty.io.grpc.stub.ClientCalls$StreamObserverToCallListenerAdapter.onClose(ClientCalls.java:487)
	at org.apache.ratis.thirdparty.io.grpc.internal.ClientCallImpl.closeObserver(ClientCallImpl.java:562)
	at org.apache.ratis.thirdparty.io.grpc.internal.ClientCallImpl.access$300(ClientCallImpl.java:70)
	at org.apache.ratis.thirdparty.io.grpc.internal.ClientCallImpl$ClientStreamListenerImpl$1StreamClosed.runInternal(ClientCallImpl.java:743)
	at org.apache.ratis.thirdparty.io.grpc.internal.ClientCallImpl$ClientStreamListenerImpl$1StreamClosed.runInContext(ClientCallImpl.java:722)
	at org.apache.ratis.thirdparty.io.grpc.internal.ContextRunnable.run(ContextRunnable.java:37)
	at org.apache.ratis.thirdparty.io.grpc.internal.SerializingExecutor.run(SerializingExecutor.java:133)
	at java.base/java.util.concurrent.ThreadPoolExecutor.runWorker(ThreadPoolExecutor.java:1128)
	at java.base/java.util.concurrent.ThreadPoolExecutor$Worker.run(ThreadPoolExecutor.java:628)
	at java.base/java.lang.Thread.run(Thread.java:829)
Caused by: java.util.concurrent.RejectedExecutionException: Task java.util.concurrent.CompletableFuture$AsyncSupply@33dd79a4 rejected from java.util.concurrent.ThreadPoolExecutor@3ad4e2b[Terminated, pool size = 0, active threads = 0, queued tasks = 0, completed tasks = 198]
	at java.base/jdk.internal.reflect.GeneratedConstructorAccessor7.newInstance(Unknown Source)
	at java.base/jdk.internal.reflect.DelegatingConstructorAccessorImpl.newInstance(DelegatingConstructorAccessorImpl.java:45)
	at java.base/java.lang.reflect.Constructor.newInstance(Constructor.java:490)
	at org.apache.ratis.util.ReflectionUtils.instantiateException(ReflectionUtils.java:259)
	at org.apache.ratis.grpc.GrpcUtil.tryUnwrapException(GrpcUtil.java:120)
	... 13 more
Caused by: org.apache.ratis.thirdparty.io.grpc.StatusRuntimeException: INTERNAL: Task java.util.concurrent.CompletableFuture$AsyncSupply@33dd79a4 rejected from java.util.concurrent.ThreadPoolExecutor@3ad4e2b[Terminated, pool size = 0, active threads = 0, queued tasks = 0, completed tasks = 198]
	at org.apache.ratis.thirdparty.io.grpc.Status.asRuntimeException(Status.java:535)
	... 10 more
	Suppressed: java.lang.IllegalStateException: Failed to cast to class java.io.IOException, object=java.util.concurrent.RejectedExecutionException: Task java.util.concurrent.CompletableFuture$AsyncSupply@33dd79a4 rejected from java.util.concurrent.ThreadPoolExecutor@3ad4e2b[Terminated, pool size = 0, active threads = 0, queued tasks = 0, completed tasks = 198]
	at java.base/java.util.concurrent.ThreadPoolExecutor$AbortPolicy.rejectedExecution(ThreadPoolExecutor.java:2055)
	at java.base/java.util.concurrent.ThreadPoolExecutor.reject(ThreadPoolExecutor.java:825)
	at java.base/java.util.concurrent.ThreadPoolExecutor.execute(ThreadPoolExecutor.java:1355)
	at java.base/java.util.concurrent.CompletableFuture.asyncSupplyStage(CompletableFuture.java:1714)
	at java.base/java.util.concurrent.CompletableFuture.supplyAsync(CompletableFuture.java:1931)
	at org.apache.ratis.server.impl.RaftServerImpl.executeSubmitServerRequestAsync(RaftServerImpl.java:812)
	at org.apache.ratis.server.impl.RaftServerProxy.lambda$appendEntriesAsync$27(RaftServerProxy.java:634)
	at java.base/java.util.concurrent.CompletableFuture.uniComposeStage(CompletableFuture.java:1106)
	at java.base/java.util.concurrent.CompletableFuture.thenCompose(CompletableFuture.java:2235)
	at org.apache.ratis.server.impl.RaftServerProxy.appendEntriesAsync(RaftServerProxy.java:634)
	at org.apache.ratis.grpc.server.GrpcServerProtocolService$1.process(GrpcServerProtocolService.java:219)
	at org.apache.ratis.grpc.server.GrpcServerProtocolService$1.process(GrpcServerProtocolService.java:216)
	at org.apache.ratis.grpc.server.GrpcServerProtocolService$ServerRequestStreamObserver.onNext(GrpcServerProtocolService.java:124)
	at org.apache.ratis.thirdparty.io.grpc.stub.ServerCalls$StreamingServerCallHandler$StreamingServerCallListener.onMessage(ServerCalls.java:262)
	at org.apache.ratis.thirdparty.io.grpc.ForwardingServerCallListener.onMessage(ForwardingServerCallListener.java:33)
	at org.apache.ratis.thirdparty.io.grpc.internal.ServerCallImpl$ServerStreamListenerImpl.messagesAvailableInternal(ServerCallImpl.java:332)
	at org.apache.ratis.thirdparty.io.grpc.internal.ServerCallImpl$ServerStreamListenerImpl.messagesAvailable(ServerCallImpl.java:315)
	at org.apache.ratis.thirdparty.io.grpc.internal.ServerImpl$JumpToApplicationThreadServerStreamListener$1MessagesAvailable.runInContext(ServerImpl.java:834)
	at org.apache.ratis.thirdparty.io.grpc.internal.ContextRunnable.run(ContextRunnable.java:37)
	at org.apache.ratis.thirdparty.io.grpc.internal.SerializingExecutor.run(SerializingExecutor.java:133)
	at java.base/java.util.concurrent.ThreadPoolExecutor.runWorker(ThreadPoolExecutor.java:1128)
	at java.base/java.util.concurrent.ThreadPoolExecutor$Worker.run(ThreadPoolExecutor.java:628)
	at java.base/java.lang.Thread.run(Thread.java:829)

		at org.apache.ratis.util.IOUtils.readObject(IOUtils.java:237)
		at org.apache.ratis.util.IOUtils.bytes2Object(IOUtils.java:214)
		at org.apache.ratis.grpc.GrpcUtil.tryUnwrapException(GrpcUtil.java:109)
		at org.apache.ratis.grpc.GrpcUtil.unwrapThrowable(GrpcUtil.java:82)
		at org.apache.ratis.grpc.GrpcUtil.warn(GrpcUtil.java:178)
		at org.apache.ratis.grpc.server.GrpcLogAppender$AppendLogResponseHandler.onError(GrpcLogAppender.java:405)
		... 10 more
	Caused by: java.lang.ClassCastException: Cannot cast java.util.concurrent.RejectedExecutionException to java.io.IOException
		at java.base/java.lang.Class.cast(Class.java:3605)
		at org.apache.ratis.util.IOUtils.readObject(IOUtils.java:234)
		... 15 more
2022-10-13 10:40:57,204 [grpc-default-executor-3] INFO  leader.FollowerInfo (FollowerInfoImpl.java:lambda$new$0(48)) - s0@group-6905249F38B1->s1: nextIndex: updateUnconditionally 263 -> 259
2022-10-13 10:40:57,240 [grpc-default-executor-3] WARN  server.GrpcServerProtocolService (LogUtils.java:warn(124)) - s1: Failed APPEND_ENTRIES request s0->s1#354-t2,previous=(t:2, i:258),leaderCommit=262,initializing? true,entries: size=4, first=(t:2, i:259), CONFIGURATIONENTRY(current:id: "s0"
address: "localhost:46195"
dataStreamAddress: "localhost:39399"
clientAddress: "localhost:42765"
adminAddress: "localhost:44717"
startupRole: FOLLOWER
,id: "s1"
address: "0.0.0.0:46693"
clientAddress: "0.0.0.0:46693"
adminAddress: "0.0.0.0:46693"
startupRole: FOLLOWER
,id: "s2"
address: "0.0.0.0:36699"
clientAddress: "0.0.0.0:36699"
adminAddress: "0.0.0.0:36699"
startupRole: FOLLOWER
, old:id: "s0"
address: "localhost:46195"
dataStreamAddress: "localhost:39399"
clientAddress: "localhost:42765"
adminAddress: "localhost:44717"
startupRole: FOLLOWER
)
java.util.concurrent.CompletionException: java.util.concurrent.RejectedExecutionException: Task java.util.concurrent.CompletableFuture$AsyncSupply@60fb2c31 rejected from java.util.concurrent.ThreadPoolExecutor@3ad4e2b[Terminated, pool size = 0, active threads = 0, queued tasks = 0, completed tasks = 198]
	at java.base/java.util.concurrent.CompletableFuture.encodeThrowable(CompletableFuture.java:314)
	at java.base/java.util.concurrent.CompletableFuture.uniComposeStage(CompletableFuture.java:1113)
	at java.base/java.util.concurrent.CompletableFuture.thenCompose(CompletableFuture.java:2235)
	at org.apache.ratis.server.impl.RaftServerProxy.appendEntriesAsync(RaftServerProxy.java:634)
	at org.apache.ratis.grpc.server.GrpcServerProtocolService$1.process(GrpcServerProtocolService.java:219)
	at org.apache.ratis.grpc.server.GrpcServerProtocolService$1.process(GrpcServerProtocolService.java:216)
	at org.apache.ratis.grpc.server.GrpcServerProtocolService$ServerRequestStreamObserver.onNext(GrpcServerProtocolService.java:124)
	at org.apache.ratis.thirdparty.io.grpc.stub.ServerCalls$StreamingServerCallHandler$StreamingServerCallListener.onMessage(ServerCalls.java:262)
	at org.apache.ratis.thirdparty.io.grpc.ForwardingServerCallListener.onMessage(ForwardingServerCallListener.java:33)
	at org.apache.ratis.thirdparty.io.grpc.internal.ServerCallImpl$ServerStreamListenerImpl.messagesAvailableInternal(ServerCallImpl.java:332)
	at org.apache.ratis.thirdparty.io.grpc.internal.ServerCallImpl$ServerStreamListenerImpl.messagesAvailable(ServerCallImpl.java:315)
	at org.apache.ratis.thirdparty.io.grpc.internal.ServerImpl$JumpToApplicationThreadServerStreamListener$1MessagesAvailable.runInContext(ServerImpl.java:834)
	at org.apache.ratis.thirdparty.io.grpc.internal.ContextRunnable.run(ContextRunnable.java:37)
	at org.apache.ratis.thirdparty.io.grpc.internal.SerializingExecutor.run(SerializingExecutor.java:133)
	at java.base/java.util.concurrent.ThreadPoolExecutor.runWorker(ThreadPoolExecutor.java:1128)
	at java.base/java.util.concurrent.ThreadPoolExecutor$Worker.run(ThreadPoolExecutor.java:628)
	at java.base/java.lang.Thread.run(Thread.java:829)
Caused by: java.util.concurrent.RejectedExecutionException: Task java.util.concurrent.CompletableFuture$AsyncSupply@60fb2c31 rejected from java.util.concurrent.ThreadPoolExecutor@3ad4e2b[Terminated, pool size = 0, active threads = 0, queued tasks = 0, completed tasks = 198]
	at java.base/java.util.concurrent.ThreadPoolExecutor$AbortPolicy.rejectedExecution(ThreadPoolExecutor.java:2055)
	at java.base/java.util.concurrent.ThreadPoolExecutor.reject(ThreadPoolExecutor.java:825)
	at java.base/java.util.concurrent.ThreadPoolExecutor.execute(ThreadPoolExecutor.java:1355)
	at java.base/java.util.concurrent.CompletableFuture.asyncSupplyStage(CompletableFuture.java:1714)
	at java.base/java.util.concurrent.CompletableFuture.supplyAsync(CompletableFuture.java:1931)
	at org.apache.ratis.server.impl.RaftServerImpl.executeSubmitServerRequestAsync(RaftServerImpl.java:812)
	at org.apache.ratis.server.impl.RaftServerProxy.lambda$appendEntriesAsync$27(RaftServerProxy.java:634)
	at java.base/java.util.concurrent.CompletableFuture.uniComposeStage(CompletableFuture.java:1106)
	... 15 more
2022-10-13 10:40:57,241 [grpc-default-executor-0] WARN  server.GrpcLogAppender (LogUtils.java:warn(124)) - s0@group-6905249F38B1->s1-AppendLogResponseHandler: Failed appendEntries
java.io.IOException: java.util.concurrent.RejectedExecutionException: Task java.util.concurrent.CompletableFuture$AsyncSupply@60fb2c31 rejected from java.util.concurrent.ThreadPoolExecutor@3ad4e2b[Terminated, pool size = 0, active threads = 0, queued tasks = 0, completed tasks = 198]
	at org.apache.ratis.util.IOUtils.asIOException(IOUtils.java:56)
	at org.apache.ratis.grpc.GrpcUtil.tryUnwrapException(GrpcUtil.java:121)
	at org.apache.ratis.grpc.GrpcUtil.unwrapThrowable(GrpcUtil.java:82)
	at org.apache.ratis.grpc.GrpcUtil.warn(GrpcUtil.java:178)
	at org.apache.ratis.grpc.server.GrpcLogAppender$AppendLogResponseHandler.onError(GrpcLogAppender.java:405)
	at org.apache.ratis.thirdparty.io.grpc.stub.ClientCalls$StreamObserverToCallListenerAdapter.onClose(ClientCalls.java:487)
	at org.apache.ratis.thirdparty.io.grpc.internal.ClientCallImpl.closeObserver(ClientCallImpl.java:562)
	at org.apache.ratis.thirdparty.io.grpc.internal.ClientCallImpl.access$300(ClientCallImpl.java:70)
	at org.apache.ratis.thirdparty.io.grpc.internal.ClientCallImpl$ClientStreamListenerImpl$1StreamClosed.runInternal(ClientCallImpl.java:743)
	at org.apache.ratis.thirdparty.io.grpc.internal.ClientCallImpl$ClientStreamListenerImpl$1StreamClosed.runInContext(ClientCallImpl.java:722)
	at org.apache.ratis.thirdparty.io.grpc.internal.ContextRunnable.run(ContextRunnable.java:37)
	at org.apache.ratis.thirdparty.io.grpc.internal.SerializingExecutor.run(SerializingExecutor.java:133)
	at java.base/java.util.concurrent.ThreadPoolExecutor.runWorker(ThreadPoolExecutor.java:1128)
	at java.base/java.util.concurrent.ThreadPoolExecutor$Worker.run(ThreadPoolExecutor.java:628)
	at java.base/java.lang.Thread.run(Thread.java:829)
Caused by: java.util.concurrent.RejectedExecutionException: Task java.util.concurrent.CompletableFuture$AsyncSupply@60fb2c31 rejected from java.util.concurrent.ThreadPoolExecutor@3ad4e2b[Terminated, pool size = 0, active threads = 0, queued tasks = 0, completed tasks = 198]
	at java.base/jdk.internal.reflect.GeneratedConstructorAccessor7.newInstance(Unknown Source)
	at java.base/jdk.internal.reflect.DelegatingConstructorAccessorImpl.newInstance(DelegatingConstructorAccessorImpl.java:45)
	at java.base/java.lang.reflect.Constructor.newInstance(Constructor.java:490)
	at org.apache.ratis.util.ReflectionUtils.instantiateException(ReflectionUtils.java:259)
	at org.apache.ratis.grpc.GrpcUtil.tryUnwrapException(GrpcUtil.java:120)
	... 13 more
Caused by: org.apache.ratis.thirdparty.io.grpc.StatusRuntimeException: INTERNAL: Task java.util.concurrent.CompletableFuture$AsyncSupply@60fb2c31 rejected from java.util.concurrent.ThreadPoolExecutor@3ad4e2b[Terminated, pool size = 0, active threads = 0, queued tasks = 0, completed tasks = 198]
	at org.apache.ratis.thirdparty.io.grpc.Status.asRuntimeException(Status.java:535)
	... 10 more
	Suppressed: java.lang.IllegalStateException: Failed to cast to class java.io.IOException, object=java.util.concurrent.RejectedExecutionException: Task java.util.concurrent.CompletableFuture$AsyncSupply@60fb2c31 rejected from java.util.concurrent.ThreadPoolExecutor@3ad4e2b[Terminated, pool size = 0, active threads = 0, queued tasks = 0, completed tasks = 198]
	at java.base/java.util.concurrent.ThreadPoolExecutor$AbortPolicy.rejectedExecution(ThreadPoolExecutor.java:2055)
	at java.base/java.util.concurrent.ThreadPoolExecutor.reject(ThreadPoolExecutor.java:825)
	at java.base/java.util.concurrent.ThreadPoolExecutor.execute(ThreadPoolExecutor.java:1355)
	at java.base/java.util.concurrent.CompletableFuture.asyncSupplyStage(CompletableFuture.java:1714)
	at java.base/java.util.concurrent.CompletableFuture.supplyAsync(CompletableFuture.java:1931)
	at org.apache.ratis.server.impl.RaftServerImpl.executeSubmitServerRequestAsync(RaftServerImpl.java:812)
	at org.apache.ratis.server.impl.RaftServerProxy.lambda$appendEntriesAsync$27(RaftServerProxy.java:634)
	at java.base/java.util.concurrent.CompletableFuture.uniComposeStage(CompletableFuture.java:1106)
	at java.base/java.util.concurrent.CompletableFuture.thenCompose(CompletableFuture.java:2235)
	at org.apache.ratis.server.impl.RaftServerProxy.appendEntriesAsync(RaftServerProxy.java:634)
	at org.apache.ratis.grpc.server.GrpcServerProtocolService$1.process(GrpcServerProtocolService.java:219)
	at org.apache.ratis.grpc.server.GrpcServerProtocolService$1.process(GrpcServerProtocolService.java:216)
	at org.apache.ratis.grpc.server.GrpcServerProtocolService$ServerRequestStreamObserver.onNext(GrpcServerProtocolService.java:124)
	at org.apache.ratis.thirdparty.io.grpc.stub.ServerCalls$StreamingServerCallHandler$StreamingServerCallListener.onMessage(ServerCalls.java:262)
	at org.apache.ratis.thirdparty.io.grpc.ForwardingServerCallListener.onMessage(ForwardingServerCallListener.java:33)
	at org.apache.ratis.thirdparty.io.grpc.internal.ServerCallImpl$ServerStreamListenerImpl.messagesAvailableInternal(ServerCallImpl.java:332)
	at org.apache.ratis.thirdparty.io.grpc.internal.ServerCallImpl$ServerStreamListenerImpl.messagesAvailable(ServerCallImpl.java:315)
	at org.apache.ratis.thirdparty.io.grpc.internal.ServerImpl$JumpToApplicationThreadServerStreamListener$1MessagesAvailable.runInContext(ServerImpl.java:834)
	at org.apache.ratis.thirdparty.io.grpc.internal.ContextRunnable.run(ContextRunnable.java:37)
	at org.apache.ratis.thirdparty.io.grpc.internal.SerializingExecutor.run(SerializingExecutor.java:133)
	at java.base/java.util.concurrent.ThreadPoolExecutor.runWorker(ThreadPoolExecutor.java:1128)
	at java.base/java.util.concurrent.ThreadPoolExecutor$Worker.run(ThreadPoolExecutor.java:628)
	at java.base/java.lang.Thread.run(Thread.java:829)

		at org.apache.ratis.util.IOUtils.readObject(IOUtils.java:237)
		at org.apache.ratis.util.IOUtils.bytes2Object(IOUtils.java:214)
		at org.apache.ratis.grpc.GrpcUtil.tryUnwrapException(GrpcUtil.java:109)
		at org.apache.ratis.grpc.GrpcUtil.unwrapThrowable(GrpcUtil.java:82)
		at org.apache.ratis.grpc.GrpcUtil.warn(GrpcUtil.java:178)
		at org.apache.ratis.grpc.server.GrpcLogAppender$AppendLogResponseHandler.onError(GrpcLogAppender.java:405)
		... 10 more
	Caused by: java.lang.ClassCastException: Cannot cast java.util.concurrent.RejectedExecutionException to java.io.IOException
		at java.base/java.lang.Class.cast(Class.java:3605)
		at org.apache.ratis.util.IOUtils.readObject(IOUtils.java:234)
		... 15 more
2022-10-13 10:40:57,241 [grpc-default-executor-0] INFO  leader.FollowerInfo (FollowerInfoImpl.java:lambda$new$0(48)) - s0@group-6905249F38B1->s1: nextIndex: updateUnconditionally 263 -> 259
2022-10-13 10:40:57,277 [grpc-default-executor-3] WARN  server.GrpcServerProtocolService (LogUtils.java:warn(124)) - s1: Failed APPEND_ENTRIES request s0->s1#356-t2,previous=(t:2, i:258),leaderCommit=262,initializing? true,entries: size=4, first=(t:2, i:259), CONFIGURATIONENTRY(current:id: "s0"
address: "localhost:46195"
dataStreamAddress: "localhost:39399"
clientAddress: "localhost:42765"
adminAddress: "localhost:44717"
startupRole: FOLLOWER
,id: "s1"
address: "0.0.0.0:46693"
clientAddress: "0.0.0.0:46693"
adminAddress: "0.0.0.0:46693"
startupRole: FOLLOWER
,id: "s2"
address: "0.0.0.0:36699"
clientAddress: "0.0.0.0:36699"
adminAddress: "0.0.0.0:36699"
startupRole: FOLLOWER
, old:id: "s0"
address: "localhost:46195"
dataStreamAddress: "localhost:39399"
clientAddress: "localhost:42765"
adminAddress: "localhost:44717"
startupRole: FOLLOWER
)
java.util.concurrent.CompletionException: java.util.concurrent.RejectedExecutionException: Task java.util.concurrent.CompletableFuture$AsyncSupply@5b49e344 rejected from java.util.concurrent.ThreadPoolExecutor@3ad4e2b[Terminated, pool size = 0, active threads = 0, queued tasks = 0, completed tasks = 198]
	at java.base/java.util.concurrent.CompletableFuture.encodeThrowable(CompletableFuture.java:314)
	at java.base/java.util.concurrent.CompletableFuture.uniComposeStage(CompletableFuture.java:1113)
	at java.base/java.util.concurrent.CompletableFuture.thenCompose(CompletableFuture.java:2235)
	at org.apache.ratis.server.impl.RaftServerProxy.appendEntriesAsync(RaftServerProxy.java:634)
	at org.apache.ratis.grpc.server.GrpcServerProtocolService$1.process(GrpcServerProtocolService.java:219)
	at org.apache.ratis.grpc.server.GrpcServerProtocolService$1.process(GrpcServerProtocolService.java:216)
	at org.apache.ratis.grpc.server.GrpcServerProtocolService$ServerRequestStreamObserver.onNext(GrpcServerProtocolService.java:124)
	at org.apache.ratis.thirdparty.io.grpc.stub.ServerCalls$StreamingServerCallHandler$StreamingServerCallListener.onMessage(ServerCalls.java:262)
	at org.apache.ratis.thirdparty.io.grpc.ForwardingServerCallListener.onMessage(ForwardingServerCallListener.java:33)
	at org.apache.ratis.thirdparty.io.grpc.internal.ServerCallImpl$ServerStreamListenerImpl.messagesAvailableInternal(ServerCallImpl.java:332)
	at org.apache.ratis.thirdparty.io.grpc.internal.ServerCallImpl$ServerStreamListenerImpl.messagesAvailable(ServerCallImpl.java:315)
	at org.apache.ratis.thirdparty.io.grpc.internal.ServerImpl$JumpToApplicationThreadServerStreamListener$1MessagesAvailable.runInContext(ServerImpl.java:834)
	at org.apache.ratis.thirdparty.io.grpc.internal.ContextRunnable.run(ContextRunnable.java:37)
	at org.apache.ratis.thirdparty.io.grpc.internal.SerializingExecutor.run(SerializingExecutor.java:133)
	at java.base/java.util.concurrent.ThreadPoolExecutor.runWorker(ThreadPoolExecutor.java:1128)
	at java.base/java.util.concurrent.ThreadPoolExecutor$Worker.run(ThreadPoolExecutor.java:628)
	at java.base/java.lang.Thread.run(Thread.java:829)
Caused by: java.util.concurrent.RejectedExecutionException: Task java.util.concurrent.CompletableFuture$AsyncSupply@5b49e344 rejected from java.util.concurrent.ThreadPoolExecutor@3ad4e2b[Terminated, pool size = 0, active threads = 0, queued tasks = 0, completed tasks = 198]
	at java.base/java.util.concurrent.ThreadPoolExecutor$AbortPolicy.rejectedExecution(ThreadPoolExecutor.java:2055)
	at java.base/java.util.concurrent.ThreadPoolExecutor.reject(ThreadPoolExecutor.java:825)
	at java.base/java.util.concurrent.ThreadPoolExecutor.execute(ThreadPoolExecutor.java:1355)
	at java.base/java.util.concurrent.CompletableFuture.asyncSupplyStage(CompletableFuture.java:1714)
	at java.base/java.util.concurrent.CompletableFuture.supplyAsync(CompletableFuture.java:1931)
	at org.apache.ratis.server.impl.RaftServerImpl.executeSubmitServerRequestAsync(RaftServerImpl.java:812)
	at org.apache.ratis.server.impl.RaftServerProxy.lambda$appendEntriesAsync$27(RaftServerProxy.java:634)
	at java.base/java.util.concurrent.CompletableFuture.uniComposeStage(CompletableFuture.java:1106)
	... 15 more
2022-10-13 10:40:57,279 [grpc-default-executor-0] WARN  server.GrpcLogAppender (LogUtils.java:warn(124)) - s0@group-6905249F38B1->s1-AppendLogResponseHandler: Failed appendEntries
java.io.IOException: java.util.concurrent.RejectedExecutionException: Task java.util.concurrent.CompletableFuture$AsyncSupply@5b49e344 rejected from java.util.concurrent.ThreadPoolExecutor@3ad4e2b[Terminated, pool size = 0, active threads = 0, queued tasks = 0, completed tasks = 198]
	at org.apache.ratis.util.IOUtils.asIOException(IOUtils.java:56)
	at org.apache.ratis.grpc.GrpcUtil.tryUnwrapException(GrpcUtil.java:121)
	at org.apache.ratis.grpc.GrpcUtil.unwrapThrowable(GrpcUtil.java:82)
	at org.apache.ratis.grpc.GrpcUtil.warn(GrpcUtil.java:178)
	at org.apache.ratis.grpc.server.GrpcLogAppender$AppendLogResponseHandler.onError(GrpcLogAppender.java:405)
	at org.apache.ratis.thirdparty.io.grpc.stub.ClientCalls$StreamObserverToCallListenerAdapter.onClose(ClientCalls.java:487)
	at org.apache.ratis.thirdparty.io.grpc.internal.ClientCallImpl.closeObserver(ClientCallImpl.java:562)
	at org.apache.ratis.thirdparty.io.grpc.internal.ClientCallImpl.access$300(ClientCallImpl.java:70)
	at org.apache.ratis.thirdparty.io.grpc.internal.ClientCallImpl$ClientStreamListenerImpl$1StreamClosed.runInternal(ClientCallImpl.java:743)
	at org.apache.ratis.thirdparty.io.grpc.internal.ClientCallImpl$ClientStreamListenerImpl$1StreamClosed.runInContext(ClientCallImpl.java:722)
	at org.apache.ratis.thirdparty.io.grpc.internal.ContextRunnable.run(ContextRunnable.java:37)
	at org.apache.ratis.thirdparty.io.grpc.internal.SerializingExecutor.run(SerializingExecutor.java:133)
	at java.base/java.util.concurrent.ThreadPoolExecutor.runWorker(ThreadPoolExecutor.java:1128)
	at java.base/java.util.concurrent.ThreadPoolExecutor$Worker.run(ThreadPoolExecutor.java:628)
	at java.base/java.lang.Thread.run(Thread.java:829)
Caused by: java.util.concurrent.RejectedExecutionException: Task java.util.concurrent.CompletableFuture$AsyncSupply@5b49e344 rejected from java.util.concurrent.ThreadPoolExecutor@3ad4e2b[Terminated, pool size = 0, active threads = 0, queued tasks = 0, completed tasks = 198]
	at java.base/jdk.internal.reflect.GeneratedConstructorAccessor7.newInstance(Unknown Source)
	at java.base/jdk.internal.reflect.DelegatingConstructorAccessorImpl.newInstance(DelegatingConstructorAccessorImpl.java:45)
	at java.base/java.lang.reflect.Constructor.newInstance(Constructor.java:490)
	at org.apache.ratis.util.ReflectionUtils.instantiateException(ReflectionUtils.java:259)
	at org.apache.ratis.grpc.GrpcUtil.tryUnwrapException(GrpcUtil.java:120)
	... 13 more
Caused by: org.apache.ratis.thirdparty.io.grpc.StatusRuntimeException: INTERNAL: Task java.util.concurrent.CompletableFuture$AsyncSupply@5b49e344 rejected from java.util.concurrent.ThreadPoolExecutor@3ad4e2b[Terminated, pool size = 0, active threads = 0, queued tasks = 0, completed tasks = 198]
	at org.apache.ratis.thirdparty.io.grpc.Status.asRuntimeException(Status.java:535)
	... 10 more
	Suppressed: java.lang.IllegalStateException: Failed to cast to class java.io.IOException, object=java.util.concurrent.RejectedExecutionException: Task java.util.concurrent.CompletableFuture$AsyncSupply@5b49e344 rejected from java.util.concurrent.ThreadPoolExecutor@3ad4e2b[Terminated, pool size = 0, active threads = 0, queued tasks = 0, completed tasks = 198]
	at java.base/java.util.concurrent.ThreadPoolExecutor$AbortPolicy.rejectedExecution(ThreadPoolExecutor.java:2055)
	at java.base/java.util.concurrent.ThreadPoolExecutor.reject(ThreadPoolExecutor.java:825)
	at java.base/java.util.concurrent.ThreadPoolExecutor.execute(ThreadPoolExecutor.java:1355)
	at java.base/java.util.concurrent.CompletableFuture.asyncSupplyStage(CompletableFuture.java:1714)
	at java.base/java.util.concurrent.CompletableFuture.supplyAsync(CompletableFuture.java:1931)
	at org.apache.ratis.server.impl.RaftServerImpl.executeSubmitServerRequestAsync(RaftServerImpl.java:812)
	at org.apache.ratis.server.impl.RaftServerProxy.lambda$appendEntriesAsync$27(RaftServerProxy.java:634)
	at java.base/java.util.concurrent.CompletableFuture.uniComposeStage(CompletableFuture.java:1106)
	at java.base/java.util.concurrent.CompletableFuture.thenCompose(CompletableFuture.java:2235)
	at org.apache.ratis.server.impl.RaftServerProxy.appendEntriesAsync(RaftServerProxy.java:634)
	at org.apache.ratis.grpc.server.GrpcServerProtocolService$1.process(GrpcServerProtocolService.java:219)
	at org.apache.ratis.grpc.server.GrpcServerProtocolService$1.process(GrpcServerProtocolService.java:216)
	at org.apache.ratis.grpc.server.GrpcServerProtocolService$ServerRequestStreamObserver.onNext(GrpcServerProtocolService.java:124)
	at org.apache.ratis.thirdparty.io.grpc.stub.ServerCalls$StreamingServerCallHandler$StreamingServerCallListener.onMessage(ServerCalls.java:262)
	at org.apache.ratis.thirdparty.io.grpc.ForwardingServerCallListener.onMessage(ForwardingServerCallListener.java:33)
	at org.apache.ratis.thirdparty.io.grpc.internal.ServerCallImpl$ServerStreamListenerImpl.messagesAvailableInternal(ServerCallImpl.java:332)
	at org.apache.ratis.thirdparty.io.grpc.internal.ServerCallImpl$ServerStreamListenerImpl.messagesAvailable(ServerCallImpl.java:315)
	at org.apache.ratis.thirdparty.io.grpc.internal.ServerImpl$JumpToApplicationThreadServerStreamListener$1MessagesAvailable.runInContext(ServerImpl.java:834)
	at org.apache.ratis.thirdparty.io.grpc.internal.ContextRunnable.run(ContextRunnable.java:37)
	at org.apache.ratis.thirdparty.io.grpc.internal.SerializingExecutor.run(SerializingExecutor.java:133)
	at java.base/java.util.concurrent.ThreadPoolExecutor.runWorker(ThreadPoolExecutor.java:1128)
	at java.base/java.util.concurrent.ThreadPoolExecutor$Worker.run(ThreadPoolExecutor.java:628)
	at java.base/java.lang.Thread.run(Thread.java:829)

		at org.apache.ratis.util.IOUtils.readObject(IOUtils.java:237)
		at org.apache.ratis.util.IOUtils.bytes2Object(IOUtils.java:214)
		at org.apache.ratis.grpc.GrpcUtil.tryUnwrapException(GrpcUtil.java:109)
		at org.apache.ratis.grpc.GrpcUtil.unwrapThrowable(GrpcUtil.java:82)
		at org.apache.ratis.grpc.GrpcUtil.warn(GrpcUtil.java:178)
		at org.apache.ratis.grpc.server.GrpcLogAppender$AppendLogResponseHandler.onError(GrpcLogAppender.java:405)
		... 10 more
	Caused by: java.lang.ClassCastException: Cannot cast java.util.concurrent.RejectedExecutionException to java.io.IOException
		at java.base/java.lang.Class.cast(Class.java:3605)
		at org.apache.ratis.util.IOUtils.readObject(IOUtils.java:234)
		... 15 more
2022-10-13 10:40:57,279 [grpc-default-executor-0] INFO  leader.FollowerInfo (FollowerInfoImpl.java:lambda$new$0(48)) - s0@group-6905249F38B1->s1: nextIndex: updateUnconditionally 263 -> 259
2022-10-13 10:40:57,315 [grpc-default-executor-3] WARN  server.GrpcServerProtocolService (LogUtils.java:warn(124)) - s1: Failed APPEND_ENTRIES request s0->s1#358-t2,previous=(t:2, i:258),leaderCommit=262,initializing? true,entries: size=4, first=(t:2, i:259), CONFIGURATIONENTRY(current:id: "s0"
address: "localhost:46195"
dataStreamAddress: "localhost:39399"
clientAddress: "localhost:42765"
adminAddress: "localhost:44717"
startupRole: FOLLOWER
,id: "s1"
address: "0.0.0.0:46693"
clientAddress: "0.0.0.0:46693"
adminAddress: "0.0.0.0:46693"
startupRole: FOLLOWER
,id: "s2"
address: "0.0.0.0:36699"
clientAddress: "0.0.0.0:36699"
adminAddress: "0.0.0.0:36699"
startupRole: FOLLOWER
, old:id: "s0"
address: "localhost:46195"
dataStreamAddress: "localhost:39399"
clientAddress: "localhost:42765"
adminAddress: "localhost:44717"
startupRole: FOLLOWER
)
java.util.concurrent.CompletionException: java.util.concurrent.RejectedExecutionException: Task java.util.concurrent.CompletableFuture$AsyncSupply@337ff89c rejected from java.util.concurrent.ThreadPoolExecutor@3ad4e2b[Terminated, pool size = 0, active threads = 0, queued tasks = 0, completed tasks = 198]
	at java.base/java.util.concurrent.CompletableFuture.encodeThrowable(CompletableFuture.java:314)
	at java.base/java.util.concurrent.CompletableFuture.uniComposeStage(CompletableFuture.java:1113)
	at java.base/java.util.concurrent.CompletableFuture.thenCompose(CompletableFuture.java:2235)
	at org.apache.ratis.server.impl.RaftServerProxy.appendEntriesAsync(RaftServerProxy.java:634)
	at org.apache.ratis.grpc.server.GrpcServerProtocolService$1.process(GrpcServerProtocolService.java:219)
	at org.apache.ratis.grpc.server.GrpcServerProtocolService$1.process(GrpcServerProtocolService.java:216)
	at org.apache.ratis.grpc.server.GrpcServerProtocolService$ServerRequestStreamObserver.onNext(GrpcServerProtocolService.java:124)
	at org.apache.ratis.thirdparty.io.grpc.stub.ServerCalls$StreamingServerCallHandler$StreamingServerCallListener.onMessage(ServerCalls.java:262)
	at org.apache.ratis.thirdparty.io.grpc.ForwardingServerCallListener.onMessage(ForwardingServerCallListener.java:33)
	at org.apache.ratis.thirdparty.io.grpc.internal.ServerCallImpl$ServerStreamListenerImpl.messagesAvailableInternal(ServerCallImpl.java:332)
	at org.apache.ratis.thirdparty.io.grpc.internal.ServerCallImpl$ServerStreamListenerImpl.messagesAvailable(ServerCallImpl.java:315)
	at org.apache.ratis.thirdparty.io.grpc.internal.ServerImpl$JumpToApplicationThreadServerStreamListener$1MessagesAvailable.runInContext(ServerImpl.java:834)
	at org.apache.ratis.thirdparty.io.grpc.internal.ContextRunnable.run(ContextRunnable.java:37)
	at org.apache.ratis.thirdparty.io.grpc.internal.SerializingExecutor.run(SerializingExecutor.java:133)
	at java.base/java.util.concurrent.ThreadPoolExecutor.runWorker(ThreadPoolExecutor.java:1128)
	at java.base/java.util.concurrent.ThreadPoolExecutor$Worker.run(ThreadPoolExecutor.java:628)
	at java.base/java.lang.Thread.run(Thread.java:829)
Caused by: java.util.concurrent.RejectedExecutionException: Task java.util.concurrent.CompletableFuture$AsyncSupply@337ff89c rejected from java.util.concurrent.ThreadPoolExecutor@3ad4e2b[Terminated, pool size = 0, active threads = 0, queued tasks = 0, completed tasks = 198]
	at java.base/java.util.concurrent.ThreadPoolExecutor$AbortPolicy.rejectedExecution(ThreadPoolExecutor.java:2055)
	at java.base/java.util.concurrent.ThreadPoolExecutor.reject(ThreadPoolExecutor.java:825)
	at java.base/java.util.concurrent.ThreadPoolExecutor.execute(ThreadPoolExecutor.java:1355)
	at java.base/java.util.concurrent.CompletableFuture.asyncSupplyStage(CompletableFuture.java:1714)
	at java.base/java.util.concurrent.CompletableFuture.supplyAsync(CompletableFuture.java:1931)
	at org.apache.ratis.server.impl.RaftServerImpl.executeSubmitServerRequestAsync(RaftServerImpl.java:812)
	at org.apache.ratis.server.impl.RaftServerProxy.lambda$appendEntriesAsync$27(RaftServerProxy.java:634)
	at java.base/java.util.concurrent.CompletableFuture.uniComposeStage(CompletableFuture.java:1106)
	... 15 more
2022-10-13 10:40:57,317 [grpc-default-executor-0] WARN  server.GrpcLogAppender (LogUtils.java:warn(124)) - s0@group-6905249F38B1->s1-AppendLogResponseHandler: Failed appendEntries
java.io.IOException: java.util.concurrent.RejectedExecutionException: Task java.util.concurrent.CompletableFuture$AsyncSupply@337ff89c rejected from java.util.concurrent.ThreadPoolExecutor@3ad4e2b[Terminated, pool size = 0, active threads = 0, queued tasks = 0, completed tasks = 198]
	at org.apache.ratis.util.IOUtils.asIOException(IOUtils.java:56)
	at org.apache.ratis.grpc.GrpcUtil.tryUnwrapException(GrpcUtil.java:121)
	at org.apache.ratis.grpc.GrpcUtil.unwrapThrowable(GrpcUtil.java:82)
	at org.apache.ratis.grpc.GrpcUtil.warn(GrpcUtil.java:178)
	at org.apache.ratis.grpc.server.GrpcLogAppender$AppendLogResponseHandler.onError(GrpcLogAppender.java:405)
	at org.apache.ratis.thirdparty.io.grpc.stub.ClientCalls$StreamObserverToCallListenerAdapter.onClose(ClientCalls.java:487)
	at org.apache.ratis.thirdparty.io.grpc.internal.ClientCallImpl.closeObserver(ClientCallImpl.java:562)
	at org.apache.ratis.thirdparty.io.grpc.internal.ClientCallImpl.access$300(ClientCallImpl.java:70)
	at org.apache.ratis.thirdparty.io.grpc.internal.ClientCallImpl$ClientStreamListenerImpl$1StreamClosed.runInternal(ClientCallImpl.java:743)
	at org.apache.ratis.thirdparty.io.grpc.internal.ClientCallImpl$ClientStreamListenerImpl$1StreamClosed.runInContext(ClientCallImpl.java:722)
	at org.apache.ratis.thirdparty.io.grpc.internal.ContextRunnable.run(ContextRunnable.java:37)
	at org.apache.ratis.thirdparty.io.grpc.internal.SerializingExecutor.run(SerializingExecutor.java:133)
	at java.base/java.util.concurrent.ThreadPoolExecutor.runWorker(ThreadPoolExecutor.java:1128)
	at java.base/java.util.concurrent.ThreadPoolExecutor$Worker.run(ThreadPoolExecutor.java:628)
	at java.base/java.lang.Thread.run(Thread.java:829)
Caused by: java.util.concurrent.RejectedExecutionException: Task java.util.concurrent.CompletableFuture$AsyncSupply@337ff89c rejected from java.util.concurrent.ThreadPoolExecutor@3ad4e2b[Terminated, pool size = 0, active threads = 0, queued tasks = 0, completed tasks = 198]
	at java.base/jdk.internal.reflect.GeneratedConstructorAccessor7.newInstance(Unknown Source)
	at java.base/jdk.internal.reflect.DelegatingConstructorAccessorImpl.newInstance(DelegatingConstructorAccessorImpl.java:45)
	at java.base/java.lang.reflect.Constructor.newInstance(Constructor.java:490)
	at org.apache.ratis.util.ReflectionUtils.instantiateException(ReflectionUtils.java:259)
	at org.apache.ratis.grpc.GrpcUtil.tryUnwrapException(GrpcUtil.java:120)
	... 13 more
Caused by: org.apache.ratis.thirdparty.io.grpc.StatusRuntimeException: INTERNAL: Task java.util.concurrent.CompletableFuture$AsyncSupply@337ff89c rejected from java.util.concurrent.ThreadPoolExecutor@3ad4e2b[Terminated, pool size = 0, active threads = 0, queued tasks = 0, completed tasks = 198]
	at org.apache.ratis.thirdparty.io.grpc.Status.asRuntimeException(Status.java:535)
	... 10 more
	Suppressed: java.lang.IllegalStateException: Failed to cast to class java.io.IOException, object=java.util.concurrent.RejectedExecutionException: Task java.util.concurrent.CompletableFuture$AsyncSupply@337ff89c rejected from java.util.concurrent.ThreadPoolExecutor@3ad4e2b[Terminated, pool size = 0, active threads = 0, queued tasks = 0, completed tasks = 198]
	at java.base/java.util.concurrent.ThreadPoolExecutor$AbortPolicy.rejectedExecution(ThreadPoolExecutor.java:2055)
	at java.base/java.util.concurrent.ThreadPoolExecutor.reject(ThreadPoolExecutor.java:825)
	at java.base/java.util.concurrent.ThreadPoolExecutor.execute(ThreadPoolExecutor.java:1355)
	at java.base/java.util.concurrent.CompletableFuture.asyncSupplyStage(CompletableFuture.java:1714)
	at java.base/java.util.concurrent.CompletableFuture.supplyAsync(CompletableFuture.java:1931)
	at org.apache.ratis.server.impl.RaftServerImpl.executeSubmitServerRequestAsync(RaftServerImpl.java:812)
	at org.apache.ratis.server.impl.RaftServerProxy.lambda$appendEntriesAsync$27(RaftServerProxy.java:634)
	at java.base/java.util.concurrent.CompletableFuture.uniComposeStage(CompletableFuture.java:1106)
	at java.base/java.util.concurrent.CompletableFuture.thenCompose(CompletableFuture.java:2235)
	at org.apache.ratis.server.impl.RaftServerProxy.appendEntriesAsync(RaftServerProxy.java:634)
	at org.apache.ratis.grpc.server.GrpcServerProtocolService$1.process(GrpcServerProtocolService.java:219)
	at org.apache.ratis.grpc.server.GrpcServerProtocolService$1.process(GrpcServerProtocolService.java:216)
	at org.apache.ratis.grpc.server.GrpcServerProtocolService$ServerRequestStreamObserver.onNext(GrpcServerProtocolService.java:124)
	at org.apache.ratis.thirdparty.io.grpc.stub.ServerCalls$StreamingServerCallHandler$StreamingServerCallListener.onMessage(ServerCalls.java:262)
	at org.apache.ratis.thirdparty.io.grpc.ForwardingServerCallListener.onMessage(ForwardingServerCallListener.java:33)
	at org.apache.ratis.thirdparty.io.grpc.internal.ServerCallImpl$ServerStreamListenerImpl.messagesAvailableInternal(ServerCallImpl.java:332)
	at org.apache.ratis.thirdparty.io.grpc.internal.ServerCallImpl$ServerStreamListenerImpl.messagesAvailable(ServerCallImpl.java:315)
	at org.apache.ratis.thirdparty.io.grpc.internal.ServerImpl$JumpToApplicationThreadServerStreamListener$1MessagesAvailable.runInContext(ServerImpl.java:834)
	at org.apache.ratis.thirdparty.io.grpc.internal.ContextRunnable.run(ContextRunnable.java:37)
	at org.apache.ratis.thirdparty.io.grpc.internal.SerializingExecutor.run(SerializingExecutor.java:133)
	at java.base/java.util.concurrent.ThreadPoolExecutor.runWorker(ThreadPoolExecutor.java:1128)
	at java.base/java.util.concurrent.ThreadPoolExecutor$Worker.run(ThreadPoolExecutor.java:628)
	at java.base/java.lang.Thread.run(Thread.java:829)

		at org.apache.ratis.util.IOUtils.readObject(IOUtils.java:237)
		at org.apache.ratis.util.IOUtils.bytes2Object(IOUtils.java:214)
		at org.apache.ratis.grpc.GrpcUtil.tryUnwrapException(GrpcUtil.java:109)
		at org.apache.ratis.grpc.GrpcUtil.unwrapThrowable(GrpcUtil.java:82)
		at org.apache.ratis.grpc.GrpcUtil.warn(GrpcUtil.java:178)
		at org.apache.ratis.grpc.server.GrpcLogAppender$AppendLogResponseHandler.onError(GrpcLogAppender.java:405)
		... 10 more
	Caused by: java.lang.ClassCastException: Cannot cast java.util.concurrent.RejectedExecutionException to java.io.IOException
		at java.base/java.lang.Class.cast(Class.java:3605)
		at org.apache.ratis.util.IOUtils.readObject(IOUtils.java:234)
		... 15 more
2022-10-13 10:40:57,318 [grpc-default-executor-0] INFO  leader.FollowerInfo (FollowerInfoImpl.java:lambda$new$0(48)) - s0@group-6905249F38B1->s1: nextIndex: updateUnconditionally 263 -> 259
2022-10-13 10:40:57,353 [grpc-default-executor-3] WARN  server.GrpcServerProtocolService (LogUtils.java:warn(124)) - s1: Failed APPEND_ENTRIES request s0->s1#360-t2,previous=(t:2, i:258),leaderCommit=262,initializing? true,entries: size=4, first=(t:2, i:259), CONFIGURATIONENTRY(current:id: "s0"
address: "localhost:46195"
dataStreamAddress: "localhost:39399"
clientAddress: "localhost:42765"
adminAddress: "localhost:44717"
startupRole: FOLLOWER
,id: "s1"
address: "0.0.0.0:46693"
clientAddress: "0.0.0.0:46693"
adminAddress: "0.0.0.0:46693"
startupRole: FOLLOWER
,id: "s2"
address: "0.0.0.0:36699"
clientAddress: "0.0.0.0:36699"
adminAddress: "0.0.0.0:36699"
startupRole: FOLLOWER
, old:id: "s0"
address: "localhost:46195"
dataStreamAddress: "localhost:39399"
clientAddress: "localhost:42765"
adminAddress: "localhost:44717"
startupRole: FOLLOWER
)
java.util.concurrent.CompletionException: java.util.concurrent.RejectedExecutionException: Task java.util.concurrent.CompletableFuture$AsyncSupply@654860ec rejected from java.util.concurrent.ThreadPoolExecutor@3ad4e2b[Terminated, pool size = 0, active threads = 0, queued tasks = 0, completed tasks = 198]
	at java.base/java.util.concurrent.CompletableFuture.encodeThrowable(CompletableFuture.java:314)
	at java.base/java.util.concurrent.CompletableFuture.uniComposeStage(CompletableFuture.java:1113)
	at java.base/java.util.concurrent.CompletableFuture.thenCompose(CompletableFuture.java:2235)
	at org.apache.ratis.server.impl.RaftServerProxy.appendEntriesAsync(RaftServerProxy.java:634)
	at org.apache.ratis.grpc.server.GrpcServerProtocolService$1.process(GrpcServerProtocolService.java:219)
	at org.apache.ratis.grpc.server.GrpcServerProtocolService$1.process(GrpcServerProtocolService.java:216)
	at org.apache.ratis.grpc.server.GrpcServerProtocolService$ServerRequestStreamObserver.onNext(GrpcServerProtocolService.java:124)
	at org.apache.ratis.thirdparty.io.grpc.stub.ServerCalls$StreamingServerCallHandler$StreamingServerCallListener.onMessage(ServerCalls.java:262)
	at org.apache.ratis.thirdparty.io.grpc.ForwardingServerCallListener.onMessage(ForwardingServerCallListener.java:33)
	at org.apache.ratis.thirdparty.io.grpc.internal.ServerCallImpl$ServerStreamListenerImpl.messagesAvailableInternal(ServerCallImpl.java:332)
	at org.apache.ratis.thirdparty.io.grpc.internal.ServerCallImpl$ServerStreamListenerImpl.messagesAvailable(ServerCallImpl.java:315)
	at org.apache.ratis.thirdparty.io.grpc.internal.ServerImpl$JumpToApplicationThreadServerStreamListener$1MessagesAvailable.runInContext(ServerImpl.java:834)
	at org.apache.ratis.thirdparty.io.grpc.internal.ContextRunnable.run(ContextRunnable.java:37)
	at org.apache.ratis.thirdparty.io.grpc.internal.SerializingExecutor.run(SerializingExecutor.java:133)
	at java.base/java.util.concurrent.ThreadPoolExecutor.runWorker(ThreadPoolExecutor.java:1128)
	at java.base/java.util.concurrent.ThreadPoolExecutor$Worker.run(ThreadPoolExecutor.java:628)
	at java.base/java.lang.Thread.run(Thread.java:829)
Caused by: java.util.concurrent.RejectedExecutionException: Task java.util.concurrent.CompletableFuture$AsyncSupply@654860ec rejected from java.util.concurrent.ThreadPoolExecutor@3ad4e2b[Terminated, pool size = 0, active threads = 0, queued tasks = 0, completed tasks = 198]
	at java.base/java.util.concurrent.ThreadPoolExecutor$AbortPolicy.rejectedExecution(ThreadPoolExecutor.java:2055)
	at java.base/java.util.concurrent.ThreadPoolExecutor.reject(ThreadPoolExecutor.java:825)
	at java.base/java.util.concurrent.ThreadPoolExecutor.execute(ThreadPoolExecutor.java:1355)
	at java.base/java.util.concurrent.CompletableFuture.asyncSupplyStage(CompletableFuture.java:1714)
	at java.base/java.util.concurrent.CompletableFuture.supplyAsync(CompletableFuture.java:1931)
	at org.apache.ratis.server.impl.RaftServerImpl.executeSubmitServerRequestAsync(RaftServerImpl.java:812)
	at org.apache.ratis.server.impl.RaftServerProxy.lambda$appendEntriesAsync$27(RaftServerProxy.java:634)
	at java.base/java.util.concurrent.CompletableFuture.uniComposeStage(CompletableFuture.java:1106)
	... 15 more
2022-10-13 10:40:57,354 [grpc-default-executor-0] WARN  server.GrpcLogAppender (LogUtils.java:warn(124)) - s0@group-6905249F38B1->s1-AppendLogResponseHandler: Failed appendEntries
java.io.IOException: java.util.concurrent.RejectedExecutionException: Task java.util.concurrent.CompletableFuture$AsyncSupply@654860ec rejected from java.util.concurrent.ThreadPoolExecutor@3ad4e2b[Terminated, pool size = 0, active threads = 0, queued tasks = 0, completed tasks = 198]
	at org.apache.ratis.util.IOUtils.asIOException(IOUtils.java:56)
	at org.apache.ratis.grpc.GrpcUtil.tryUnwrapException(GrpcUtil.java:121)
	at org.apache.ratis.grpc.GrpcUtil.unwrapThrowable(GrpcUtil.java:82)
	at org.apache.ratis.grpc.GrpcUtil.warn(GrpcUtil.java:178)
	at org.apache.ratis.grpc.server.GrpcLogAppender$AppendLogResponseHandler.onError(GrpcLogAppender.java:405)
	at org.apache.ratis.thirdparty.io.grpc.stub.ClientCalls$StreamObserverToCallListenerAdapter.onClose(ClientCalls.java:487)
	at org.apache.ratis.thirdparty.io.grpc.internal.ClientCallImpl.closeObserver(ClientCallImpl.java:562)
	at org.apache.ratis.thirdparty.io.grpc.internal.ClientCallImpl.access$300(ClientCallImpl.java:70)
	at org.apache.ratis.thirdparty.io.grpc.internal.ClientCallImpl$ClientStreamListenerImpl$1StreamClosed.runInternal(ClientCallImpl.java:743)
	at org.apache.ratis.thirdparty.io.grpc.internal.ClientCallImpl$ClientStreamListenerImpl$1StreamClosed.runInContext(ClientCallImpl.java:722)
	at org.apache.ratis.thirdparty.io.grpc.internal.ContextRunnable.run(ContextRunnable.java:37)
	at org.apache.ratis.thirdparty.io.grpc.internal.SerializingExecutor.run(SerializingExecutor.java:133)
	at java.base/java.util.concurrent.ThreadPoolExecutor.runWorker(ThreadPoolExecutor.java:1128)
	at java.base/java.util.concurrent.ThreadPoolExecutor$Worker.run(ThreadPoolExecutor.java:628)
	at java.base/java.lang.Thread.run(Thread.java:829)
Caused by: java.util.concurrent.RejectedExecutionException: Task java.util.concurrent.CompletableFuture$AsyncSupply@654860ec rejected from java.util.concurrent.ThreadPoolExecutor@3ad4e2b[Terminated, pool size = 0, active threads = 0, queued tasks = 0, completed tasks = 198]
	at java.base/jdk.internal.reflect.GeneratedConstructorAccessor7.newInstance(Unknown Source)
	at java.base/jdk.internal.reflect.DelegatingConstructorAccessorImpl.newInstance(DelegatingConstructorAccessorImpl.java:45)
	at java.base/java.lang.reflect.Constructor.newInstance(Constructor.java:490)
	at org.apache.ratis.util.ReflectionUtils.instantiateException(ReflectionUtils.java:259)
	at org.apache.ratis.grpc.GrpcUtil.tryUnwrapException(GrpcUtil.java:120)
	... 13 more
Caused by: org.apache.ratis.thirdparty.io.grpc.StatusRuntimeException: INTERNAL: Task java.util.concurrent.CompletableFuture$AsyncSupply@654860ec rejected from java.util.concurrent.ThreadPoolExecutor@3ad4e2b[Terminated, pool size = 0, active threads = 0, queued tasks = 0, completed tasks = 198]
	at org.apache.ratis.thirdparty.io.grpc.Status.asRuntimeException(Status.java:535)
	... 10 more
	Suppressed: java.lang.IllegalStateException: Failed to cast to class java.io.IOException, object=java.util.concurrent.RejectedExecutionException: Task java.util.concurrent.CompletableFuture$AsyncSupply@654860ec rejected from java.util.concurrent.ThreadPoolExecutor@3ad4e2b[Terminated, pool size = 0, active threads = 0, queued tasks = 0, completed tasks = 198]
	at java.base/java.util.concurrent.ThreadPoolExecutor$AbortPolicy.rejectedExecution(ThreadPoolExecutor.java:2055)
	at java.base/java.util.concurrent.ThreadPoolExecutor.reject(ThreadPoolExecutor.java:825)
	at java.base/java.util.concurrent.ThreadPoolExecutor.execute(ThreadPoolExecutor.java:1355)
	at java.base/java.util.concurrent.CompletableFuture.asyncSupplyStage(CompletableFuture.java:1714)
	at java.base/java.util.concurrent.CompletableFuture.supplyAsync(CompletableFuture.java:1931)
	at org.apache.ratis.server.impl.RaftServerImpl.executeSubmitServerRequestAsync(RaftServerImpl.java:812)
	at org.apache.ratis.server.impl.RaftServerProxy.lambda$appendEntriesAsync$27(RaftServerProxy.java:634)
	at java.base/java.util.concurrent.CompletableFuture.uniComposeStage(CompletableFuture.java:1106)
	at java.base/java.util.concurrent.CompletableFuture.thenCompose(CompletableFuture.java:2235)
	at org.apache.ratis.server.impl.RaftServerProxy.appendEntriesAsync(RaftServerProxy.java:634)
	at org.apache.ratis.grpc.server.GrpcServerProtocolService$1.process(GrpcServerProtocolService.java:219)
	at org.apache.ratis.grpc.server.GrpcServerProtocolService$1.process(GrpcServerProtocolService.java:216)
	at org.apache.ratis.grpc.server.GrpcServerProtocolService$ServerRequestStreamObserver.onNext(GrpcServerProtocolService.java:124)
	at org.apache.ratis.thirdparty.io.grpc.stub.ServerCalls$StreamingServerCallHandler$StreamingServerCallListener.onMessage(ServerCalls.java:262)
	at org.apache.ratis.thirdparty.io.grpc.ForwardingServerCallListener.onMessage(ForwardingServerCallListener.java:33)
	at org.apache.ratis.thirdparty.io.grpc.internal.ServerCallImpl$ServerStreamListenerImpl.messagesAvailableInternal(ServerCallImpl.java:332)
	at org.apache.ratis.thirdparty.io.grpc.internal.ServerCallImpl$ServerStreamListenerImpl.messagesAvailable(ServerCallImpl.java:315)
	at org.apache.ratis.thirdparty.io.grpc.internal.ServerImpl$JumpToApplicationThreadServerStreamListener$1MessagesAvailable.runInContext(ServerImpl.java:834)
	at org.apache.ratis.thirdparty.io.grpc.internal.ContextRunnable.run(ContextRunnable.java:37)
	at org.apache.ratis.thirdparty.io.grpc.internal.SerializingExecutor.run(SerializingExecutor.java:133)
	at java.base/java.util.concurrent.ThreadPoolExecutor.runWorker(ThreadPoolExecutor.java:1128)
	at java.base/java.util.concurrent.ThreadPoolExecutor$Worker.run(ThreadPoolExecutor.java:628)
	at java.base/java.lang.Thread.run(Thread.java:829)

		at org.apache.ratis.util.IOUtils.readObject(IOUtils.java:237)
		at org.apache.ratis.util.IOUtils.bytes2Object(IOUtils.java:214)
		at org.apache.ratis.grpc.GrpcUtil.tryUnwrapException(GrpcUtil.java:109)
		at org.apache.ratis.grpc.GrpcUtil.unwrapThrowable(GrpcUtil.java:82)
		at org.apache.ratis.grpc.GrpcUtil.warn(GrpcUtil.java:178)
		at org.apache.ratis.grpc.server.GrpcLogAppender$AppendLogResponseHandler.onError(GrpcLogAppender.java:405)
		... 10 more
	Caused by: java.lang.ClassCastException: Cannot cast java.util.concurrent.RejectedExecutionException to java.io.IOException
		at java.base/java.lang.Class.cast(Class.java:3605)
		at org.apache.ratis.util.IOUtils.readObject(IOUtils.java:234)
		... 15 more
2022-10-13 10:40:57,355 [grpc-default-executor-0] INFO  leader.FollowerInfo (FollowerInfoImpl.java:lambda$new$0(48)) - s0@group-6905249F38B1->s1: nextIndex: updateUnconditionally 263 -> 259
2022-10-13 10:40:57,390 [grpc-default-executor-3] WARN  server.GrpcServerProtocolService (LogUtils.java:warn(124)) - s1: Failed APPEND_ENTRIES request s0->s1#362-t2,previous=(t:2, i:258),leaderCommit=262,initializing? true,entries: size=4, first=(t:2, i:259), CONFIGURATIONENTRY(current:id: "s0"
address: "localhost:46195"
dataStreamAddress: "localhost:39399"
clientAddress: "localhost:42765"
adminAddress: "localhost:44717"
startupRole: FOLLOWER
,id: "s1"
address: "0.0.0.0:46693"
clientAddress: "0.0.0.0:46693"
adminAddress: "0.0.0.0:46693"
startupRole: FOLLOWER
,id: "s2"
address: "0.0.0.0:36699"
clientAddress: "0.0.0.0:36699"
adminAddress: "0.0.0.0:36699"
startupRole: FOLLOWER
, old:id: "s0"
address: "localhost:46195"
dataStreamAddress: "localhost:39399"
clientAddress: "localhost:42765"
adminAddress: "localhost:44717"
startupRole: FOLLOWER
)
java.util.concurrent.CompletionException: java.util.concurrent.RejectedExecutionException: Task java.util.concurrent.CompletableFuture$AsyncSupply@53f3d0bc rejected from java.util.concurrent.ThreadPoolExecutor@3ad4e2b[Terminated, pool size = 0, active threads = 0, queued tasks = 0, completed tasks = 198]
	at java.base/java.util.concurrent.CompletableFuture.encodeThrowable(CompletableFuture.java:314)
	at java.base/java.util.concurrent.CompletableFuture.uniComposeStage(CompletableFuture.java:1113)
	at java.base/java.util.concurrent.CompletableFuture.thenCompose(CompletableFuture.java:2235)
	at org.apache.ratis.server.impl.RaftServerProxy.appendEntriesAsync(RaftServerProxy.java:634)
	at org.apache.ratis.grpc.server.GrpcServerProtocolService$1.process(GrpcServerProtocolService.java:219)
	at org.apache.ratis.grpc.server.GrpcServerProtocolService$1.process(GrpcServerProtocolService.java:216)
	at org.apache.ratis.grpc.server.GrpcServerProtocolService$ServerRequestStreamObserver.onNext(GrpcServerProtocolService.java:124)
	at org.apache.ratis.thirdparty.io.grpc.stub.ServerCalls$StreamingServerCallHandler$StreamingServerCallListener.onMessage(ServerCalls.java:262)
	at org.apache.ratis.thirdparty.io.grpc.ForwardingServerCallListener.onMessage(ForwardingServerCallListener.java:33)
	at org.apache.ratis.thirdparty.io.grpc.internal.ServerCallImpl$ServerStreamListenerImpl.messagesAvailableInternal(ServerCallImpl.java:332)
	at org.apache.ratis.thirdparty.io.grpc.internal.ServerCallImpl$ServerStreamListenerImpl.messagesAvailable(ServerCallImpl.java:315)
	at org.apache.ratis.thirdparty.io.grpc.internal.ServerImpl$JumpToApplicationThreadServerStreamListener$1MessagesAvailable.runInContext(ServerImpl.java:834)
	at org.apache.ratis.thirdparty.io.grpc.internal.ContextRunnable.run(ContextRunnable.java:37)
	at org.apache.ratis.thirdparty.io.grpc.internal.SerializingExecutor.run(SerializingExecutor.java:133)
	at java.base/java.util.concurrent.ThreadPoolExecutor.runWorker(ThreadPoolExecutor.java:1128)
	at java.base/java.util.concurrent.ThreadPoolExecutor$Worker.run(ThreadPoolExecutor.java:628)
	at java.base/java.lang.Thread.run(Thread.java:829)
Caused by: java.util.concurrent.RejectedExecutionException: Task java.util.concurrent.CompletableFuture$AsyncSupply@53f3d0bc rejected from java.util.concurrent.ThreadPoolExecutor@3ad4e2b[Terminated, pool size = 0, active threads = 0, queued tasks = 0, completed tasks = 198]
	at java.base/java.util.concurrent.ThreadPoolExecutor$AbortPolicy.rejectedExecution(ThreadPoolExecutor.java:2055)
	at java.base/java.util.concurrent.ThreadPoolExecutor.reject(ThreadPoolExecutor.java:825)
	at java.base/java.util.concurrent.ThreadPoolExecutor.execute(ThreadPoolExecutor.java:1355)
	at java.base/java.util.concurrent.CompletableFuture.asyncSupplyStage(CompletableFuture.java:1714)
	at java.base/java.util.concurrent.CompletableFuture.supplyAsync(CompletableFuture.java:1931)
	at org.apache.ratis.server.impl.RaftServerImpl.executeSubmitServerRequestAsync(RaftServerImpl.java:812)
	at org.apache.ratis.server.impl.RaftServerProxy.lambda$appendEntriesAsync$27(RaftServerProxy.java:634)
	at java.base/java.util.concurrent.CompletableFuture.uniComposeStage(CompletableFuture.java:1106)
	... 15 more
2022-10-13 10:40:57,392 [grpc-default-executor-0] WARN  server.GrpcLogAppender (LogUtils.java:warn(124)) - s0@group-6905249F38B1->s1-AppendLogResponseHandler: Failed appendEntries
java.io.IOException: java.util.concurrent.RejectedExecutionException: Task java.util.concurrent.CompletableFuture$AsyncSupply@53f3d0bc rejected from java.util.concurrent.ThreadPoolExecutor@3ad4e2b[Terminated, pool size = 0, active threads = 0, queued tasks = 0, completed tasks = 198]
	at org.apache.ratis.util.IOUtils.asIOException(IOUtils.java:56)
	at org.apache.ratis.grpc.GrpcUtil.tryUnwrapException(GrpcUtil.java:121)
	at org.apache.ratis.grpc.GrpcUtil.unwrapThrowable(GrpcUtil.java:82)
	at org.apache.ratis.grpc.GrpcUtil.warn(GrpcUtil.java:178)
	at org.apache.ratis.grpc.server.GrpcLogAppender$AppendLogResponseHandler.onError(GrpcLogAppender.java:405)
	at org.apache.ratis.thirdparty.io.grpc.stub.ClientCalls$StreamObserverToCallListenerAdapter.onClose(ClientCalls.java:487)
	at org.apache.ratis.thirdparty.io.grpc.internal.ClientCallImpl.closeObserver(ClientCallImpl.java:562)
	at org.apache.ratis.thirdparty.io.grpc.internal.ClientCallImpl.access$300(ClientCallImpl.java:70)
	at org.apache.ratis.thirdparty.io.grpc.internal.ClientCallImpl$ClientStreamListenerImpl$1StreamClosed.runInternal(ClientCallImpl.java:743)
	at org.apache.ratis.thirdparty.io.grpc.internal.ClientCallImpl$ClientStreamListenerImpl$1StreamClosed.runInContext(ClientCallImpl.java:722)
	at org.apache.ratis.thirdparty.io.grpc.internal.ContextRunnable.run(ContextRunnable.java:37)
	at org.apache.ratis.thirdparty.io.grpc.internal.SerializingExecutor.run(SerializingExecutor.java:133)
	at java.base/java.util.concurrent.ThreadPoolExecutor.runWorker(ThreadPoolExecutor.java:1128)
	at java.base/java.util.concurrent.ThreadPoolExecutor$Worker.run(ThreadPoolExecutor.java:628)
	at java.base/java.lang.Thread.run(Thread.java:829)
Caused by: java.util.concurrent.RejectedExecutionException: Task java.util.concurrent.CompletableFuture$AsyncSupply@53f3d0bc rejected from java.util.concurrent.ThreadPoolExecutor@3ad4e2b[Terminated, pool size = 0, active threads = 0, queued tasks = 0, completed tasks = 198]
	at java.base/jdk.internal.reflect.GeneratedConstructorAccessor7.newInstance(Unknown Source)
	at java.base/jdk.internal.reflect.DelegatingConstructorAccessorImpl.newInstance(DelegatingConstructorAccessorImpl.java:45)
	at java.base/java.lang.reflect.Constructor.newInstance(Constructor.java:490)
	at org.apache.ratis.util.ReflectionUtils.instantiateException(ReflectionUtils.java:259)
	at org.apache.ratis.grpc.GrpcUtil.tryUnwrapException(GrpcUtil.java:120)
	... 13 more
Caused by: org.apache.ratis.thirdparty.io.grpc.StatusRuntimeException: INTERNAL: Task java.util.concurrent.CompletableFuture$AsyncSupply@53f3d0bc rejected from java.util.concurrent.ThreadPoolExecutor@3ad4e2b[Terminated, pool size = 0, active threads = 0, queued tasks = 0, completed tasks = 198]
	at org.apache.ratis.thirdparty.io.grpc.Status.asRuntimeException(Status.java:535)
	... 10 more
	Suppressed: java.lang.IllegalStateException: Failed to cast to class java.io.IOException, object=java.util.concurrent.RejectedExecutionException: Task java.util.concurrent.CompletableFuture$AsyncSupply@53f3d0bc rejected from java.util.concurrent.ThreadPoolExecutor@3ad4e2b[Terminated, pool size = 0, active threads = 0, queued tasks = 0, completed tasks = 198]
	at java.base/java.util.concurrent.ThreadPoolExecutor$AbortPolicy.rejectedExecution(ThreadPoolExecutor.java:2055)
	at java.base/java.util.concurrent.ThreadPoolExecutor.reject(ThreadPoolExecutor.java:825)
	at java.base/java.util.concurrent.ThreadPoolExecutor.execute(ThreadPoolExecutor.java:1355)
	at java.base/java.util.concurrent.CompletableFuture.asyncSupplyStage(CompletableFuture.java:1714)
	at java.base/java.util.concurrent.CompletableFuture.supplyAsync(CompletableFuture.java:1931)
	at org.apache.ratis.server.impl.RaftServerImpl.executeSubmitServerRequestAsync(RaftServerImpl.java:812)
	at org.apache.ratis.server.impl.RaftServerProxy.lambda$appendEntriesAsync$27(RaftServerProxy.java:634)
	at java.base/java.util.concurrent.CompletableFuture.uniComposeStage(CompletableFuture.java:1106)
	at java.base/java.util.concurrent.CompletableFuture.thenCompose(CompletableFuture.java:2235)
	at org.apache.ratis.server.impl.RaftServerProxy.appendEntriesAsync(RaftServerProxy.java:634)
	at org.apache.ratis.grpc.server.GrpcServerProtocolService$1.process(GrpcServerProtocolService.java:219)
	at org.apache.ratis.grpc.server.GrpcServerProtocolService$1.process(GrpcServerProtocolService.java:216)
	at org.apache.ratis.grpc.server.GrpcServerProtocolService$ServerRequestStreamObserver.onNext(GrpcServerProtocolService.java:124)
	at org.apache.ratis.thirdparty.io.grpc.stub.ServerCalls$StreamingServerCallHandler$StreamingServerCallListener.onMessage(ServerCalls.java:262)
	at org.apache.ratis.thirdparty.io.grpc.ForwardingServerCallListener.onMessage(ForwardingServerCallListener.java:33)
	at org.apache.ratis.thirdparty.io.grpc.internal.ServerCallImpl$ServerStreamListenerImpl.messagesAvailableInternal(ServerCallImpl.java:332)
	at org.apache.ratis.thirdparty.io.grpc.internal.ServerCallImpl$ServerStreamListenerImpl.messagesAvailable(ServerCallImpl.java:315)
	at org.apache.ratis.thirdparty.io.grpc.internal.ServerImpl$JumpToApplicationThreadServerStreamListener$1MessagesAvailable.runInContext(ServerImpl.java:834)
	at org.apache.ratis.thirdparty.io.grpc.internal.ContextRunnable.run(ContextRunnable.java:37)
	at org.apache.ratis.thirdparty.io.grpc.internal.SerializingExecutor.run(SerializingExecutor.java:133)
	at java.base/java.util.concurrent.ThreadPoolExecutor.runWorker(ThreadPoolExecutor.java:1128)
	at java.base/java.util.concurrent.ThreadPoolExecutor$Worker.run(ThreadPoolExecutor.java:628)
	at java.base/java.lang.Thread.run(Thread.java:829)

		at org.apache.ratis.util.IOUtils.readObject(IOUtils.java:237)
		at org.apache.ratis.util.IOUtils.bytes2Object(IOUtils.java:214)
		at org.apache.ratis.grpc.GrpcUtil.tryUnwrapException(GrpcUtil.java:109)
		at org.apache.ratis.grpc.GrpcUtil.unwrapThrowable(GrpcUtil.java:82)
		at org.apache.ratis.grpc.GrpcUtil.warn(GrpcUtil.java:178)
		at org.apache.ratis.grpc.server.GrpcLogAppender$AppendLogResponseHandler.onError(GrpcLogAppender.java:405)
		... 10 more
	Caused by: java.lang.ClassCastException: Cannot cast java.util.concurrent.RejectedExecutionException to java.io.IOException
		at java.base/java.lang.Class.cast(Class.java:3605)
		at org.apache.ratis.util.IOUtils.readObject(IOUtils.java:234)
		... 15 more
2022-10-13 10:40:57,393 [grpc-default-executor-0] INFO  leader.FollowerInfo (FollowerInfoImpl.java:lambda$new$0(48)) - s0@group-6905249F38B1->s1: nextIndex: updateUnconditionally 263 -> 259
2022-10-13 10:40:57,428 [grpc-default-executor-3] WARN  server.GrpcServerProtocolService (LogUtils.java:warn(124)) - s1: Failed APPEND_ENTRIES request s0->s1#364-t2,previous=(t:2, i:258),leaderCommit=262,initializing? true,entries: size=4, first=(t:2, i:259), CONFIGURATIONENTRY(current:id: "s0"
address: "localhost:46195"
dataStreamAddress: "localhost:39399"
clientAddress: "localhost:42765"
adminAddress: "localhost:44717"
startupRole: FOLLOWER
,id: "s1"
address: "0.0.0.0:46693"
clientAddress: "0.0.0.0:46693"
adminAddress: "0.0.0.0:46693"
startupRole: FOLLOWER
,id: "s2"
address: "0.0.0.0:36699"
clientAddress: "0.0.0.0:36699"
adminAddress: "0.0.0.0:36699"
startupRole: FOLLOWER
, old:id: "s0"
address: "localhost:46195"
dataStreamAddress: "localhost:39399"
clientAddress: "localhost:42765"
adminAddress: "localhost:44717"
startupRole: FOLLOWER
)
java.util.concurrent.CompletionException: java.util.concurrent.RejectedExecutionException: Task java.util.concurrent.CompletableFuture$AsyncSupply@604db24e rejected from java.util.concurrent.ThreadPoolExecutor@3ad4e2b[Terminated, pool size = 0, active threads = 0, queued tasks = 0, completed tasks = 198]
	at java.base/java.util.concurrent.CompletableFuture.encodeThrowable(CompletableFuture.java:314)
	at java.base/java.util.concurrent.CompletableFuture.uniComposeStage(CompletableFuture.java:1113)
	at java.base/java.util.concurrent.CompletableFuture.thenCompose(CompletableFuture.java:2235)
	at org.apache.ratis.server.impl.RaftServerProxy.appendEntriesAsync(RaftServerProxy.java:634)
	at org.apache.ratis.grpc.server.GrpcServerProtocolService$1.process(GrpcServerProtocolService.java:219)
	at org.apache.ratis.grpc.server.GrpcServerProtocolService$1.process(GrpcServerProtocolService.java:216)
	at org.apache.ratis.grpc.server.GrpcServerProtocolService$ServerRequestStreamObserver.onNext(GrpcServerProtocolService.java:124)
	at org.apache.ratis.thirdparty.io.grpc.stub.ServerCalls$StreamingServerCallHandler$StreamingServerCallListener.onMessage(ServerCalls.java:262)
	at org.apache.ratis.thirdparty.io.grpc.ForwardingServerCallListener.onMessage(ForwardingServerCallListener.java:33)
	at org.apache.ratis.thirdparty.io.grpc.internal.ServerCallImpl$ServerStreamListenerImpl.messagesAvailableInternal(ServerCallImpl.java:332)
	at org.apache.ratis.thirdparty.io.grpc.internal.ServerCallImpl$ServerStreamListenerImpl.messagesAvailable(ServerCallImpl.java:315)
	at org.apache.ratis.thirdparty.io.grpc.internal.ServerImpl$JumpToApplicationThreadServerStreamListener$1MessagesAvailable.runInContext(ServerImpl.java:834)
	at org.apache.ratis.thirdparty.io.grpc.internal.ContextRunnable.run(ContextRunnable.java:37)
	at org.apache.ratis.thirdparty.io.grpc.internal.SerializingExecutor.run(SerializingExecutor.java:133)
	at java.base/java.util.concurrent.ThreadPoolExecutor.runWorker(ThreadPoolExecutor.java:1128)
	at java.base/java.util.concurrent.ThreadPoolExecutor$Worker.run(ThreadPoolExecutor.java:628)
	at java.base/java.lang.Thread.run(Thread.java:829)
Caused by: java.util.concurrent.RejectedExecutionException: Task java.util.concurrent.CompletableFuture$AsyncSupply@604db24e rejected from java.util.concurrent.ThreadPoolExecutor@3ad4e2b[Terminated, pool size = 0, active threads = 0, queued tasks = 0, completed tasks = 198]
	at java.base/java.util.concurrent.ThreadPoolExecutor$AbortPolicy.rejectedExecution(ThreadPoolExecutor.java:2055)
	at java.base/java.util.concurrent.ThreadPoolExecutor.reject(ThreadPoolExecutor.java:825)
	at java.base/java.util.concurrent.ThreadPoolExecutor.execute(ThreadPoolExecutor.java:1355)
	at java.base/java.util.concurrent.CompletableFuture.asyncSupplyStage(CompletableFuture.java:1714)
	at java.base/java.util.concurrent.CompletableFuture.supplyAsync(CompletableFuture.java:1931)
	at org.apache.ratis.server.impl.RaftServerImpl.executeSubmitServerRequestAsync(RaftServerImpl.java:812)
	at org.apache.ratis.server.impl.RaftServerProxy.lambda$appendEntriesAsync$27(RaftServerProxy.java:634)
	at java.base/java.util.concurrent.CompletableFuture.uniComposeStage(CompletableFuture.java:1106)
	... 15 more
2022-10-13 10:40:57,430 [grpc-default-executor-0] WARN  server.GrpcLogAppender (LogUtils.java:warn(124)) - s0@group-6905249F38B1->s1-AppendLogResponseHandler: Failed appendEntries
java.io.IOException: java.util.concurrent.RejectedExecutionException: Task java.util.concurrent.CompletableFuture$AsyncSupply@604db24e rejected from java.util.concurrent.ThreadPoolExecutor@3ad4e2b[Terminated, pool size = 0, active threads = 0, queued tasks = 0, completed tasks = 198]
	at org.apache.ratis.util.IOUtils.asIOException(IOUtils.java:56)
	at org.apache.ratis.grpc.GrpcUtil.tryUnwrapException(GrpcUtil.java:121)
	at org.apache.ratis.grpc.GrpcUtil.unwrapThrowable(GrpcUtil.java:82)
	at org.apache.ratis.grpc.GrpcUtil.warn(GrpcUtil.java:178)
	at org.apache.ratis.grpc.server.GrpcLogAppender$AppendLogResponseHandler.onError(GrpcLogAppender.java:405)
	at org.apache.ratis.thirdparty.io.grpc.stub.ClientCalls$StreamObserverToCallListenerAdapter.onClose(ClientCalls.java:487)
	at org.apache.ratis.thirdparty.io.grpc.internal.ClientCallImpl.closeObserver(ClientCallImpl.java:562)
	at org.apache.ratis.thirdparty.io.grpc.internal.ClientCallImpl.access$300(ClientCallImpl.java:70)
	at org.apache.ratis.thirdparty.io.grpc.internal.ClientCallImpl$ClientStreamListenerImpl$1StreamClosed.runInternal(ClientCallImpl.java:743)
	at org.apache.ratis.thirdparty.io.grpc.internal.ClientCallImpl$ClientStreamListenerImpl$1StreamClosed.runInContext(ClientCallImpl.java:722)
	at org.apache.ratis.thirdparty.io.grpc.internal.ContextRunnable.run(ContextRunnable.java:37)
	at org.apache.ratis.thirdparty.io.grpc.internal.SerializingExecutor.run(SerializingExecutor.java:133)
	at java.base/java.util.concurrent.ThreadPoolExecutor.runWorker(ThreadPoolExecutor.java:1128)
	at java.base/java.util.concurrent.ThreadPoolExecutor$Worker.run(ThreadPoolExecutor.java:628)
	at java.base/java.lang.Thread.run(Thread.java:829)
Caused by: java.util.concurrent.RejectedExecutionException: Task java.util.concurrent.CompletableFuture$AsyncSupply@604db24e rejected from java.util.concurrent.ThreadPoolExecutor@3ad4e2b[Terminated, pool size = 0, active threads = 0, queued tasks = 0, completed tasks = 198]
	at java.base/jdk.internal.reflect.GeneratedConstructorAccessor7.newInstance(Unknown Source)
	at java.base/jdk.internal.reflect.DelegatingConstructorAccessorImpl.newInstance(DelegatingConstructorAccessorImpl.java:45)
	at java.base/java.lang.reflect.Constructor.newInstance(Constructor.java:490)
	at org.apache.ratis.util.ReflectionUtils.instantiateException(ReflectionUtils.java:259)
	at org.apache.ratis.grpc.GrpcUtil.tryUnwrapException(GrpcUtil.java:120)
	... 13 more
Caused by: org.apache.ratis.thirdparty.io.grpc.StatusRuntimeException: INTERNAL: Task java.util.concurrent.CompletableFuture$AsyncSupply@604db24e rejected from java.util.concurrent.ThreadPoolExecutor@3ad4e2b[Terminated, pool size = 0, active threads = 0, queued tasks = 0, completed tasks = 198]
	at org.apache.ratis.thirdparty.io.grpc.Status.asRuntimeException(Status.java:535)
	... 10 more
	Suppressed: java.lang.IllegalStateException: Failed to cast to class java.io.IOException, object=java.util.concurrent.RejectedExecutionException: Task java.util.concurrent.CompletableFuture$AsyncSupply@604db24e rejected from java.util.concurrent.ThreadPoolExecutor@3ad4e2b[Terminated, pool size = 0, active threads = 0, queued tasks = 0, completed tasks = 198]
	at java.base/java.util.concurrent.ThreadPoolExecutor$AbortPolicy.rejectedExecution(ThreadPoolExecutor.java:2055)
	at java.base/java.util.concurrent.ThreadPoolExecutor.reject(ThreadPoolExecutor.java:825)
	at java.base/java.util.concurrent.ThreadPoolExecutor.execute(ThreadPoolExecutor.java:1355)
	at java.base/java.util.concurrent.CompletableFuture.asyncSupplyStage(CompletableFuture.java:1714)
	at java.base/java.util.concurrent.CompletableFuture.supplyAsync(CompletableFuture.java:1931)
	at org.apache.ratis.server.impl.RaftServerImpl.executeSubmitServerRequestAsync(RaftServerImpl.java:812)
	at org.apache.ratis.server.impl.RaftServerProxy.lambda$appendEntriesAsync$27(RaftServerProxy.java:634)
	at java.base/java.util.concurrent.CompletableFuture.uniComposeStage(CompletableFuture.java:1106)
	at java.base/java.util.concurrent.CompletableFuture.thenCompose(CompletableFuture.java:2235)
	at org.apache.ratis.server.impl.RaftServerProxy.appendEntriesAsync(RaftServerProxy.java:634)
	at org.apache.ratis.grpc.server.GrpcServerProtocolService$1.process(GrpcServerProtocolService.java:219)
	at org.apache.ratis.grpc.server.GrpcServerProtocolService$1.process(GrpcServerProtocolService.java:216)
	at org.apache.ratis.grpc.server.GrpcServerProtocolService$ServerRequestStreamObserver.onNext(GrpcServerProtocolService.java:124)
	at org.apache.ratis.thirdparty.io.grpc.stub.ServerCalls$StreamingServerCallHandler$StreamingServerCallListener.onMessage(ServerCalls.java:262)
	at org.apache.ratis.thirdparty.io.grpc.ForwardingServerCallListener.onMessage(ForwardingServerCallListener.java:33)
	at org.apache.ratis.thirdparty.io.grpc.internal.ServerCallImpl$ServerStreamListenerImpl.messagesAvailableInternal(ServerCallImpl.java:332)
	at org.apache.ratis.thirdparty.io.grpc.internal.ServerCallImpl$ServerStreamListenerImpl.messagesAvailable(ServerCallImpl.java:315)
	at org.apache.ratis.thirdparty.io.grpc.internal.ServerImpl$JumpToApplicationThreadServerStreamListener$1MessagesAvailable.runInContext(ServerImpl.java:834)
	at org.apache.ratis.thirdparty.io.grpc.internal.ContextRunnable.run(ContextRunnable.java:37)
	at org.apache.ratis.thirdparty.io.grpc.internal.SerializingExecutor.run(SerializingExecutor.java:133)
	at java.base/java.util.concurrent.ThreadPoolExecutor.runWorker(ThreadPoolExecutor.java:1128)
	at java.base/java.util.concurrent.ThreadPoolExecutor$Worker.run(ThreadPoolExecutor.java:628)
	at java.base/java.lang.Thread.run(Thread.java:829)

		at org.apache.ratis.util.IOUtils.readObject(IOUtils.java:237)
		at org.apache.ratis.util.IOUtils.bytes2Object(IOUtils.java:214)
		at org.apache.ratis.grpc.GrpcUtil.tryUnwrapException(GrpcUtil.java:109)
		at org.apache.ratis.grpc.GrpcUtil.unwrapThrowable(GrpcUtil.java:82)
		at org.apache.ratis.grpc.GrpcUtil.warn(GrpcUtil.java:178)
		at org.apache.ratis.grpc.server.GrpcLogAppender$AppendLogResponseHandler.onError(GrpcLogAppender.java:405)
		... 10 more
	Caused by: java.lang.ClassCastException: Cannot cast java.util.concurrent.RejectedExecutionException to java.io.IOException
		at java.base/java.lang.Class.cast(Class.java:3605)
		at org.apache.ratis.util.IOUtils.readObject(IOUtils.java:234)
		... 15 more
2022-10-13 10:40:57,430 [grpc-default-executor-0] INFO  leader.FollowerInfo (FollowerInfoImpl.java:lambda$new$0(48)) - s0@group-6905249F38B1->s1: nextIndex: updateUnconditionally 263 -> 259
2022-10-13 10:40:57,439 [Time-limited test] INFO  impl.RaftServerTestUtil (RaftServerTestUtil.java:waitAndCheckNewConf(97)) - waitAndCheckNewConf: peers=[s1|rpc:0.0.0.0:46693|priority:0|startupRole:FOLLOWER, s2|rpc:0.0.0.0:36699|priority:0|startupRole:FOLLOWER, s0|rpc:localhost:46195|admin:localhost:44717|client:localhost:42765|dataStream:localhost:39399|priority:0|startupRole:FOLLOWER], deadPeers=null, printing ALL groups
  s0:  RUNNING    LEADER s0@group-6905249F38B1:t2, leader=s0, voted=s0, raftlog=Memoized:s0@group-6905249F38B1-SegmentedRaftLog:OPENED:c262, conf=261: peers:[s0|rpc:localhost:46195|admin:localhost:44717|client:localhost:42765|dataStream:localhost:39399|priority:0|startupRole:FOLLOWER, s1|rpc:0.0.0.0:46693|dataStream:|priority:0|startupRole:FOLLOWER, s2|rpc:0.0.0.0:36699|dataStream:|priority:0|startupRole:FOLLOWER]|listeners:[], old=null RUNNING
  s1:  RUNNING  FOLLOWER s1@group-6905249F38B1:t2, leader=s0, voted=null, raftlog=Memoized:s1@group-6905249F38B1-SegmentedRaftLog:CLOSED:c254, conf=255: peers:[s0|rpc:localhost:46195|admin:localhost:44717|client:localhost:42765|dataStream:localhost:39399|priority:0|startupRole:FOLLOWER]|listeners:[], old=null CLOSED
  s2:  RUNNING  FOLLOWER s2@group-6905249F38B1:t2, leader=s0, voted=null, raftlog=Memoized:s2@group-6905249F38B1-SegmentedRaftLog:OPENED:c262, conf=261: peers:[s0|rpc:localhost:46195|admin:localhost:44717|client:localhost:42765|dataStream:localhost:39399|priority:0|startupRole:FOLLOWER, s1|rpc:0.0.0.0:46693|dataStream:|priority:0|startupRole:FOLLOWER, s2|rpc:0.0.0.0:36699|dataStream:|priority:0|startupRole:FOLLOWER]|listeners:[], old=null RUNNING
2022-10-13 10:40:57,439 [Time-limited test] INFO  impl.RaftServerTestUtil (RaftServerTestUtil.java:waitAndCheckNewConf(106)) - checking    LEADER s0@group-6905249F38B1:t2, leader=s0, voted=s0, raftlog=Memoized:s0@group-6905249F38B1-SegmentedRaftLog:OPENED:c262, conf=261: peers:[s0|rpc:localhost:46195|admin:localhost:44717|client:localhost:42765|dataStream:localhost:39399|priority:0|startupRole:FOLLOWER, s1|rpc:0.0.0.0:46693|dataStream:|priority:0|startupRole:FOLLOWER, s2|rpc:0.0.0.0:36699|dataStream:|priority:0|startupRole:FOLLOWER]|listeners:[], old=null RUNNING
2022-10-13 10:40:57,439 [Time-limited test] INFO  impl.RaftServerTestUtil (RaftServerTestUtil.java:waitAndCheckNewConf(106)) - checking  FOLLOWER s1@group-6905249F38B1:t2, leader=s0, voted=null, raftlog=Memoized:s1@group-6905249F38B1-SegmentedRaftLog:CLOSED:c254, conf=255: peers:[s0|rpc:localhost:46195|admin:localhost:44717|client:localhost:42765|dataStream:localhost:39399|priority:0|startupRole:FOLLOWER]|listeners:[], old=null CLOSED
2022-10-13 10:40:57,439 [Time-limited test] WARN  impl.RaftServerTestUtil (JavaUtils.java:attempt(217)) - FAILED "waitAndCheckNewConf", attempt #6/10: java.lang.AssertionError, sleep 600ms and then retry.
java.lang.AssertionError
	at org.junit.Assert.fail(Assert.java:87)
	at org.junit.Assert.assertTrue(Assert.java:42)
	at org.junit.Assert.assertTrue(Assert.java:53)
	at org.apache.ratis.server.impl.RaftServerTestUtil.waitAndCheckNewConf(RaftServerTestUtil.java:117)
	at org.apache.ratis.server.impl.RaftServerTestUtil.lambda$waitAndCheckNewConf$3(RaftServerTestUtil.java:92)
	at org.apache.ratis.util.function.CheckedRunnable.lambda$asCheckedSupplier$0(CheckedRunnable.java:32)
	at org.apache.ratis.util.JavaUtils.attempt(JavaUtils.java:211)
	at org.apache.ratis.util.JavaUtils.attemptRepeatedly(JavaUtils.java:197)
	at org.apache.ratis.util.JavaUtils.attempt(JavaUtils.java:231)
	at org.apache.ratis.server.impl.RaftServerTestUtil.waitAndCheckNewConf(RaftServerTestUtil.java:92)
	at org.apache.ratis.InstallSnapshotNotificationTests.testAddNewFollowers(InstallSnapshotNotificationTests.java:236)
	at org.apache.ratis.server.impl.MiniRaftCluster$Factory$Get.runWithNewCluster(MiniRaftCluster.java:141)
	at org.apache.ratis.server.impl.MiniRaftCluster$Factory$Get.runWithNewCluster(MiniRaftCluster.java:121)
	at org.apache.ratis.InstallSnapshotNotificationTests.testAddNewFollowers(InstallSnapshotNotificationTests.java:173)
	at java.base/jdk.internal.reflect.NativeMethodAccessorImpl.invoke0(Native Method)
	at java.base/jdk.internal.reflect.NativeMethodAccessorImpl.invoke(NativeMethodAccessorImpl.java:62)
	at java.base/jdk.internal.reflect.DelegatingMethodAccessorImpl.invoke(DelegatingMethodAccessorImpl.java:43)
	at java.base/java.lang.reflect.Method.invoke(Method.java:566)
	at org.junit.runners.model.FrameworkMethod$1.runReflectiveCall(FrameworkMethod.java:59)
	at org.junit.internal.runners.model.ReflectiveCallable.run(ReflectiveCallable.java:12)
	at org.junit.runners.model.FrameworkMethod.invokeExplosively(FrameworkMethod.java:56)
	at org.junit.internal.runners.statements.InvokeMethod.evaluate(InvokeMethod.java:17)
	at org.junit.internal.runners.statements.RunAfters.evaluate(RunAfters.java:27)
	at org.junit.internal.runners.statements.FailOnTimeout$CallableStatement.call(FailOnTimeout.java:299)
	at org.junit.internal.runners.statements.FailOnTimeout$CallableStatement.call(FailOnTimeout.java:293)
	at java.base/java.util.concurrent.FutureTask.run(FutureTask.java:264)
	at java.base/java.lang.Thread.run(Thread.java:829)
2022-10-13 10:40:57,466 [grpc-default-executor-0] WARN  server.GrpcServerProtocolService (LogUtils.java:warn(124)) - s1: Failed APPEND_ENTRIES request s0->s1#366-t2,previous=(t:2, i:258),leaderCommit=262,initializing? true,entries: size=4, first=(t:2, i:259), CONFIGURATIONENTRY(current:id: "s0"
address: "localhost:46195"
dataStreamAddress: "localhost:39399"
clientAddress: "localhost:42765"
adminAddress: "localhost:44717"
startupRole: FOLLOWER
,id: "s1"
address: "0.0.0.0:46693"
clientAddress: "0.0.0.0:46693"
adminAddress: "0.0.0.0:46693"
startupRole: FOLLOWER
,id: "s2"
address: "0.0.0.0:36699"
clientAddress: "0.0.0.0:36699"
adminAddress: "0.0.0.0:36699"
startupRole: FOLLOWER
, old:id: "s0"
address: "localhost:46195"
dataStreamAddress: "localhost:39399"
clientAddress: "localhost:42765"
adminAddress: "localhost:44717"
startupRole: FOLLOWER
)
java.util.concurrent.CompletionException: java.util.concurrent.RejectedExecutionException: Task java.util.concurrent.CompletableFuture$AsyncSupply@63fbdf6d rejected from java.util.concurrent.ThreadPoolExecutor@3ad4e2b[Terminated, pool size = 0, active threads = 0, queued tasks = 0, completed tasks = 198]
	at java.base/java.util.concurrent.CompletableFuture.encodeThrowable(CompletableFuture.java:314)
	at java.base/java.util.concurrent.CompletableFuture.uniComposeStage(CompletableFuture.java:1113)
	at java.base/java.util.concurrent.CompletableFuture.thenCompose(CompletableFuture.java:2235)
	at org.apache.ratis.server.impl.RaftServerProxy.appendEntriesAsync(RaftServerProxy.java:634)
	at org.apache.ratis.grpc.server.GrpcServerProtocolService$1.process(GrpcServerProtocolService.java:219)
	at org.apache.ratis.grpc.server.GrpcServerProtocolService$1.process(GrpcServerProtocolService.java:216)
	at org.apache.ratis.grpc.server.GrpcServerProtocolService$ServerRequestStreamObserver.onNext(GrpcServerProtocolService.java:124)
	at org.apache.ratis.thirdparty.io.grpc.stub.ServerCalls$StreamingServerCallHandler$StreamingServerCallListener.onMessage(ServerCalls.java:262)
	at org.apache.ratis.thirdparty.io.grpc.ForwardingServerCallListener.onMessage(ForwardingServerCallListener.java:33)
	at org.apache.ratis.thirdparty.io.grpc.internal.ServerCallImpl$ServerStreamListenerImpl.messagesAvailableInternal(ServerCallImpl.java:332)
	at org.apache.ratis.thirdparty.io.grpc.internal.ServerCallImpl$ServerStreamListenerImpl.messagesAvailable(ServerCallImpl.java:315)
	at org.apache.ratis.thirdparty.io.grpc.internal.ServerImpl$JumpToApplicationThreadServerStreamListener$1MessagesAvailable.runInContext(ServerImpl.java:834)
	at org.apache.ratis.thirdparty.io.grpc.internal.ContextRunnable.run(ContextRunnable.java:37)
	at org.apache.ratis.thirdparty.io.grpc.internal.SerializingExecutor.run(SerializingExecutor.java:133)
	at java.base/java.util.concurrent.ThreadPoolExecutor.runWorker(ThreadPoolExecutor.java:1128)
	at java.base/java.util.concurrent.ThreadPoolExecutor$Worker.run(ThreadPoolExecutor.java:628)
	at java.base/java.lang.Thread.run(Thread.java:829)
Caused by: java.util.concurrent.RejectedExecutionException: Task java.util.concurrent.CompletableFuture$AsyncSupply@63fbdf6d rejected from java.util.concurrent.ThreadPoolExecutor@3ad4e2b[Terminated, pool size = 0, active threads = 0, queued tasks = 0, completed tasks = 198]
	at java.base/java.util.concurrent.ThreadPoolExecutor$AbortPolicy.rejectedExecution(ThreadPoolExecutor.java:2055)
	at java.base/java.util.concurrent.ThreadPoolExecutor.reject(ThreadPoolExecutor.java:825)
	at java.base/java.util.concurrent.ThreadPoolExecutor.execute(ThreadPoolExecutor.java:1355)
	at java.base/java.util.concurrent.CompletableFuture.asyncSupplyStage(CompletableFuture.java:1714)
	at java.base/java.util.concurrent.CompletableFuture.supplyAsync(CompletableFuture.java:1931)
	at org.apache.ratis.server.impl.RaftServerImpl.executeSubmitServerRequestAsync(RaftServerImpl.java:812)
	at org.apache.ratis.server.impl.RaftServerProxy.lambda$appendEntriesAsync$27(RaftServerProxy.java:634)
	at java.base/java.util.concurrent.CompletableFuture.uniComposeStage(CompletableFuture.java:1106)
	... 15 more
2022-10-13 10:40:57,468 [grpc-default-executor-2] WARN  server.GrpcLogAppender (LogUtils.java:warn(124)) - s0@group-6905249F38B1->s1-AppendLogResponseHandler: Failed appendEntries
java.io.IOException: java.util.concurrent.RejectedExecutionException: Task java.util.concurrent.CompletableFuture$AsyncSupply@63fbdf6d rejected from java.util.concurrent.ThreadPoolExecutor@3ad4e2b[Terminated, pool size = 0, active threads = 0, queued tasks = 0, completed tasks = 198]
	at org.apache.ratis.util.IOUtils.asIOException(IOUtils.java:56)
	at org.apache.ratis.grpc.GrpcUtil.tryUnwrapException(GrpcUtil.java:121)
	at org.apache.ratis.grpc.GrpcUtil.unwrapThrowable(GrpcUtil.java:82)
	at org.apache.ratis.grpc.GrpcUtil.warn(GrpcUtil.java:178)
	at org.apache.ratis.grpc.server.GrpcLogAppender$AppendLogResponseHandler.onError(GrpcLogAppender.java:405)
	at org.apache.ratis.thirdparty.io.grpc.stub.ClientCalls$StreamObserverToCallListenerAdapter.onClose(ClientCalls.java:487)
	at org.apache.ratis.thirdparty.io.grpc.internal.ClientCallImpl.closeObserver(ClientCallImpl.java:562)
	at org.apache.ratis.thirdparty.io.grpc.internal.ClientCallImpl.access$300(ClientCallImpl.java:70)
	at org.apache.ratis.thirdparty.io.grpc.internal.ClientCallImpl$ClientStreamListenerImpl$1StreamClosed.runInternal(ClientCallImpl.java:743)
	at org.apache.ratis.thirdparty.io.grpc.internal.ClientCallImpl$ClientStreamListenerImpl$1StreamClosed.runInContext(ClientCallImpl.java:722)
	at org.apache.ratis.thirdparty.io.grpc.internal.ContextRunnable.run(ContextRunnable.java:37)
	at org.apache.ratis.thirdparty.io.grpc.internal.SerializingExecutor.run(SerializingExecutor.java:133)
	at java.base/java.util.concurrent.ThreadPoolExecutor.runWorker(ThreadPoolExecutor.java:1128)
	at java.base/java.util.concurrent.ThreadPoolExecutor$Worker.run(ThreadPoolExecutor.java:628)
	at java.base/java.lang.Thread.run(Thread.java:829)
Caused by: java.util.concurrent.RejectedExecutionException: Task java.util.concurrent.CompletableFuture$AsyncSupply@63fbdf6d rejected from java.util.concurrent.ThreadPoolExecutor@3ad4e2b[Terminated, pool size = 0, active threads = 0, queued tasks = 0, completed tasks = 198]
	at java.base/jdk.internal.reflect.GeneratedConstructorAccessor7.newInstance(Unknown Source)
	at java.base/jdk.internal.reflect.DelegatingConstructorAccessorImpl.newInstance(DelegatingConstructorAccessorImpl.java:45)
	at java.base/java.lang.reflect.Constructor.newInstance(Constructor.java:490)
	at org.apache.ratis.util.ReflectionUtils.instantiateException(ReflectionUtils.java:259)
	at org.apache.ratis.grpc.GrpcUtil.tryUnwrapException(GrpcUtil.java:120)
	... 13 more
Caused by: org.apache.ratis.thirdparty.io.grpc.StatusRuntimeException: INTERNAL: Task java.util.concurrent.CompletableFuture$AsyncSupply@63fbdf6d rejected from java.util.concurrent.ThreadPoolExecutor@3ad4e2b[Terminated, pool size = 0, active threads = 0, queued tasks = 0, completed tasks = 198]
	at org.apache.ratis.thirdparty.io.grpc.Status.asRuntimeException(Status.java:535)
	... 10 more
	Suppressed: java.lang.IllegalStateException: Failed to cast to class java.io.IOException, object=java.util.concurrent.RejectedExecutionException: Task java.util.concurrent.CompletableFuture$AsyncSupply@63fbdf6d rejected from java.util.concurrent.ThreadPoolExecutor@3ad4e2b[Terminated, pool size = 0, active threads = 0, queued tasks = 0, completed tasks = 198]
	at java.base/java.util.concurrent.ThreadPoolExecutor$AbortPolicy.rejectedExecution(ThreadPoolExecutor.java:2055)
	at java.base/java.util.concurrent.ThreadPoolExecutor.reject(ThreadPoolExecutor.java:825)
	at java.base/java.util.concurrent.ThreadPoolExecutor.execute(ThreadPoolExecutor.java:1355)
	at java.base/java.util.concurrent.CompletableFuture.asyncSupplyStage(CompletableFuture.java:1714)
	at java.base/java.util.concurrent.CompletableFuture.supplyAsync(CompletableFuture.java:1931)
	at org.apache.ratis.server.impl.RaftServerImpl.executeSubmitServerRequestAsync(RaftServerImpl.java:812)
	at org.apache.ratis.server.impl.RaftServerProxy.lambda$appendEntriesAsync$27(RaftServerProxy.java:634)
	at java.base/java.util.concurrent.CompletableFuture.uniComposeStage(CompletableFuture.java:1106)
	at java.base/java.util.concurrent.CompletableFuture.thenCompose(CompletableFuture.java:2235)
	at org.apache.ratis.server.impl.RaftServerProxy.appendEntriesAsync(RaftServerProxy.java:634)
	at org.apache.ratis.grpc.server.GrpcServerProtocolService$1.process(GrpcServerProtocolService.java:219)
	at org.apache.ratis.grpc.server.GrpcServerProtocolService$1.process(GrpcServerProtocolService.java:216)
	at org.apache.ratis.grpc.server.GrpcServerProtocolService$ServerRequestStreamObserver.onNext(GrpcServerProtocolService.java:124)
	at org.apache.ratis.thirdparty.io.grpc.stub.ServerCalls$StreamingServerCallHandler$StreamingServerCallListener.onMessage(ServerCalls.java:262)
	at org.apache.ratis.thirdparty.io.grpc.ForwardingServerCallListener.onMessage(ForwardingServerCallListener.java:33)
	at org.apache.ratis.thirdparty.io.grpc.internal.ServerCallImpl$ServerStreamListenerImpl.messagesAvailableInternal(ServerCallImpl.java:332)
	at org.apache.ratis.thirdparty.io.grpc.internal.ServerCallImpl$ServerStreamListenerImpl.messagesAvailable(ServerCallImpl.java:315)
	at org.apache.ratis.thirdparty.io.grpc.internal.ServerImpl$JumpToApplicationThreadServerStreamListener$1MessagesAvailable.runInContext(ServerImpl.java:834)
	at org.apache.ratis.thirdparty.io.grpc.internal.ContextRunnable.run(ContextRunnable.java:37)
	at org.apache.ratis.thirdparty.io.grpc.internal.SerializingExecutor.run(SerializingExecutor.java:133)
	at java.base/java.util.concurrent.ThreadPoolExecutor.runWorker(ThreadPoolExecutor.java:1128)
	at java.base/java.util.concurrent.ThreadPoolExecutor$Worker.run(ThreadPoolExecutor.java:628)
	at java.base/java.lang.Thread.run(Thread.java:829)

		at org.apache.ratis.util.IOUtils.readObject(IOUtils.java:237)
		at org.apache.ratis.util.IOUtils.bytes2Object(IOUtils.java:214)
		at org.apache.ratis.grpc.GrpcUtil.tryUnwrapException(GrpcUtil.java:109)
		at org.apache.ratis.grpc.GrpcUtil.unwrapThrowable(GrpcUtil.java:82)
		at org.apache.ratis.grpc.GrpcUtil.warn(GrpcUtil.java:178)
		at org.apache.ratis.grpc.server.GrpcLogAppender$AppendLogResponseHandler.onError(GrpcLogAppender.java:405)
		... 10 more
	Caused by: java.lang.ClassCastException: Cannot cast java.util.concurrent.RejectedExecutionException to java.io.IOException
		at java.base/java.lang.Class.cast(Class.java:3605)
		at org.apache.ratis.util.IOUtils.readObject(IOUtils.java:234)
		... 15 more
2022-10-13 10:40:57,469 [grpc-default-executor-2] INFO  leader.FollowerInfo (FollowerInfoImpl.java:lambda$new$0(48)) - s0@group-6905249F38B1->s1: nextIndex: updateUnconditionally 263 -> 259
2022-10-13 10:40:57,503 [grpc-default-executor-3] WARN  server.GrpcServerProtocolService (LogUtils.java:warn(124)) - s1: Failed APPEND_ENTRIES request s0->s1#368-t2,previous=(t:2, i:258),leaderCommit=262,initializing? true,entries: size=4, first=(t:2, i:259), CONFIGURATIONENTRY(current:id: "s0"
address: "localhost:46195"
dataStreamAddress: "localhost:39399"
clientAddress: "localhost:42765"
adminAddress: "localhost:44717"
startupRole: FOLLOWER
,id: "s1"
address: "0.0.0.0:46693"
clientAddress: "0.0.0.0:46693"
adminAddress: "0.0.0.0:46693"
startupRole: FOLLOWER
,id: "s2"
address: "0.0.0.0:36699"
clientAddress: "0.0.0.0:36699"
adminAddress: "0.0.0.0:36699"
startupRole: FOLLOWER
, old:id: "s0"
address: "localhost:46195"
dataStreamAddress: "localhost:39399"
clientAddress: "localhost:42765"
adminAddress: "localhost:44717"
startupRole: FOLLOWER
)
java.util.concurrent.CompletionException: java.util.concurrent.RejectedExecutionException: Task java.util.concurrent.CompletableFuture$AsyncSupply@2e09f08f rejected from java.util.concurrent.ThreadPoolExecutor@3ad4e2b[Terminated, pool size = 0, active threads = 0, queued tasks = 0, completed tasks = 198]
	at java.base/java.util.concurrent.CompletableFuture.encodeThrowable(CompletableFuture.java:314)
	at java.base/java.util.concurrent.CompletableFuture.uniComposeStage(CompletableFuture.java:1113)
	at java.base/java.util.concurrent.CompletableFuture.thenCompose(CompletableFuture.java:2235)
	at org.apache.ratis.server.impl.RaftServerProxy.appendEntriesAsync(RaftServerProxy.java:634)
	at org.apache.ratis.grpc.server.GrpcServerProtocolService$1.process(GrpcServerProtocolService.java:219)
	at org.apache.ratis.grpc.server.GrpcServerProtocolService$1.process(GrpcServerProtocolService.java:216)
	at org.apache.ratis.grpc.server.GrpcServerProtocolService$ServerRequestStreamObserver.onNext(GrpcServerProtocolService.java:124)
	at org.apache.ratis.thirdparty.io.grpc.stub.ServerCalls$StreamingServerCallHandler$StreamingServerCallListener.onMessage(ServerCalls.java:262)
	at org.apache.ratis.thirdparty.io.grpc.ForwardingServerCallListener.onMessage(ForwardingServerCallListener.java:33)
	at org.apache.ratis.thirdparty.io.grpc.internal.ServerCallImpl$ServerStreamListenerImpl.messagesAvailableInternal(ServerCallImpl.java:332)
	at org.apache.ratis.thirdparty.io.grpc.internal.ServerCallImpl$ServerStreamListenerImpl.messagesAvailable(ServerCallImpl.java:315)
	at org.apache.ratis.thirdparty.io.grpc.internal.ServerImpl$JumpToApplicationThreadServerStreamListener$1MessagesAvailable.runInContext(ServerImpl.java:834)
	at org.apache.ratis.thirdparty.io.grpc.internal.ContextRunnable.run(ContextRunnable.java:37)
	at org.apache.ratis.thirdparty.io.grpc.internal.SerializingExecutor.run(SerializingExecutor.java:133)
	at java.base/java.util.concurrent.ThreadPoolExecutor.runWorker(ThreadPoolExecutor.java:1128)
	at java.base/java.util.concurrent.ThreadPoolExecutor$Worker.run(ThreadPoolExecutor.java:628)
	at java.base/java.lang.Thread.run(Thread.java:829)
Caused by: java.util.concurrent.RejectedExecutionException: Task java.util.concurrent.CompletableFuture$AsyncSupply@2e09f08f rejected from java.util.concurrent.ThreadPoolExecutor@3ad4e2b[Terminated, pool size = 0, active threads = 0, queued tasks = 0, completed tasks = 198]
	at java.base/java.util.concurrent.ThreadPoolExecutor$AbortPolicy.rejectedExecution(ThreadPoolExecutor.java:2055)
	at java.base/java.util.concurrent.ThreadPoolExecutor.reject(ThreadPoolExecutor.java:825)
	at java.base/java.util.concurrent.ThreadPoolExecutor.execute(ThreadPoolExecutor.java:1355)
	at java.base/java.util.concurrent.CompletableFuture.asyncSupplyStage(CompletableFuture.java:1714)
	at java.base/java.util.concurrent.CompletableFuture.supplyAsync(CompletableFuture.java:1931)
	at org.apache.ratis.server.impl.RaftServerImpl.executeSubmitServerRequestAsync(RaftServerImpl.java:812)
	at org.apache.ratis.server.impl.RaftServerProxy.lambda$appendEntriesAsync$27(RaftServerProxy.java:634)
	at java.base/java.util.concurrent.CompletableFuture.uniComposeStage(CompletableFuture.java:1106)
	... 15 more
2022-10-13 10:40:57,505 [grpc-default-executor-0] WARN  server.GrpcLogAppender (LogUtils.java:warn(124)) - s0@group-6905249F38B1->s1-AppendLogResponseHandler: Failed appendEntries
java.io.IOException: java.util.concurrent.RejectedExecutionException: Task java.util.concurrent.CompletableFuture$AsyncSupply@2e09f08f rejected from java.util.concurrent.ThreadPoolExecutor@3ad4e2b[Terminated, pool size = 0, active threads = 0, queued tasks = 0, completed tasks = 198]
	at org.apache.ratis.util.IOUtils.asIOException(IOUtils.java:56)
	at org.apache.ratis.grpc.GrpcUtil.tryUnwrapException(GrpcUtil.java:121)
	at org.apache.ratis.grpc.GrpcUtil.unwrapThrowable(GrpcUtil.java:82)
	at org.apache.ratis.grpc.GrpcUtil.warn(GrpcUtil.java:178)
	at org.apache.ratis.grpc.server.GrpcLogAppender$AppendLogResponseHandler.onError(GrpcLogAppender.java:405)
	at org.apache.ratis.thirdparty.io.grpc.stub.ClientCalls$StreamObserverToCallListenerAdapter.onClose(ClientCalls.java:487)
	at org.apache.ratis.thirdparty.io.grpc.internal.ClientCallImpl.closeObserver(ClientCallImpl.java:562)
	at org.apache.ratis.thirdparty.io.grpc.internal.ClientCallImpl.access$300(ClientCallImpl.java:70)
	at org.apache.ratis.thirdparty.io.grpc.internal.ClientCallImpl$ClientStreamListenerImpl$1StreamClosed.runInternal(ClientCallImpl.java:743)
	at org.apache.ratis.thirdparty.io.grpc.internal.ClientCallImpl$ClientStreamListenerImpl$1StreamClosed.runInContext(ClientCallImpl.java:722)
	at org.apache.ratis.thirdparty.io.grpc.internal.ContextRunnable.run(ContextRunnable.java:37)
	at org.apache.ratis.thirdparty.io.grpc.internal.SerializingExecutor.run(SerializingExecutor.java:133)
	at java.base/java.util.concurrent.ThreadPoolExecutor.runWorker(ThreadPoolExecutor.java:1128)
	at java.base/java.util.concurrent.ThreadPoolExecutor$Worker.run(ThreadPoolExecutor.java:628)
	at java.base/java.lang.Thread.run(Thread.java:829)
Caused by: java.util.concurrent.RejectedExecutionException: Task java.util.concurrent.CompletableFuture$AsyncSupply@2e09f08f rejected from java.util.concurrent.ThreadPoolExecutor@3ad4e2b[Terminated, pool size = 0, active threads = 0, queued tasks = 0, completed tasks = 198]
	at java.base/jdk.internal.reflect.GeneratedConstructorAccessor7.newInstance(Unknown Source)
	at java.base/jdk.internal.reflect.DelegatingConstructorAccessorImpl.newInstance(DelegatingConstructorAccessorImpl.java:45)
	at java.base/java.lang.reflect.Constructor.newInstance(Constructor.java:490)
	at org.apache.ratis.util.ReflectionUtils.instantiateException(ReflectionUtils.java:259)
	at org.apache.ratis.grpc.GrpcUtil.tryUnwrapException(GrpcUtil.java:120)
	... 13 more
Caused by: org.apache.ratis.thirdparty.io.grpc.StatusRuntimeException: INTERNAL: Task java.util.concurrent.CompletableFuture$AsyncSupply@2e09f08f rejected from java.util.concurrent.ThreadPoolExecutor@3ad4e2b[Terminated, pool size = 0, active threads = 0, queued tasks = 0, completed tasks = 198]
	at org.apache.ratis.thirdparty.io.grpc.Status.asRuntimeException(Status.java:535)
	... 10 more
	Suppressed: java.lang.IllegalStateException: Failed to cast to class java.io.IOException, object=java.util.concurrent.RejectedExecutionException: Task java.util.concurrent.CompletableFuture$AsyncSupply@2e09f08f rejected from java.util.concurrent.ThreadPoolExecutor@3ad4e2b[Terminated, pool size = 0, active threads = 0, queued tasks = 0, completed tasks = 198]
	at java.base/java.util.concurrent.ThreadPoolExecutor$AbortPolicy.rejectedExecution(ThreadPoolExecutor.java:2055)
	at java.base/java.util.concurrent.ThreadPoolExecutor.reject(ThreadPoolExecutor.java:825)
	at java.base/java.util.concurrent.ThreadPoolExecutor.execute(ThreadPoolExecutor.java:1355)
	at java.base/java.util.concurrent.CompletableFuture.asyncSupplyStage(CompletableFuture.java:1714)
	at java.base/java.util.concurrent.CompletableFuture.supplyAsync(CompletableFuture.java:1931)
	at org.apache.ratis.server.impl.RaftServerImpl.executeSubmitServerRequestAsync(RaftServerImpl.java:812)
	at org.apache.ratis.server.impl.RaftServerProxy.lambda$appendEntriesAsync$27(RaftServerProxy.java:634)
	at java.base/java.util.concurrent.CompletableFuture.uniComposeStage(CompletableFuture.java:1106)
	at java.base/java.util.concurrent.CompletableFuture.thenCompose(CompletableFuture.java:2235)
	at org.apache.ratis.server.impl.RaftServerProxy.appendEntriesAsync(RaftServerProxy.java:634)
	at org.apache.ratis.grpc.server.GrpcServerProtocolService$1.process(GrpcServerProtocolService.java:219)
	at org.apache.ratis.grpc.server.GrpcServerProtocolService$1.process(GrpcServerProtocolService.java:216)
	at org.apache.ratis.grpc.server.GrpcServerProtocolService$ServerRequestStreamObserver.onNext(GrpcServerProtocolService.java:124)
	at org.apache.ratis.thirdparty.io.grpc.stub.ServerCalls$StreamingServerCallHandler$StreamingServerCallListener.onMessage(ServerCalls.java:262)
	at org.apache.ratis.thirdparty.io.grpc.ForwardingServerCallListener.onMessage(ForwardingServerCallListener.java:33)
	at org.apache.ratis.thirdparty.io.grpc.internal.ServerCallImpl$ServerStreamListenerImpl.messagesAvailableInternal(ServerCallImpl.java:332)
	at org.apache.ratis.thirdparty.io.grpc.internal.ServerCallImpl$ServerStreamListenerImpl.messagesAvailable(ServerCallImpl.java:315)
	at org.apache.ratis.thirdparty.io.grpc.internal.ServerImpl$JumpToApplicationThreadServerStreamListener$1MessagesAvailable.runInContext(ServerImpl.java:834)
	at org.apache.ratis.thirdparty.io.grpc.internal.ContextRunnable.run(ContextRunnable.java:37)
	at org.apache.ratis.thirdparty.io.grpc.internal.SerializingExecutor.run(SerializingExecutor.java:133)
	at java.base/java.util.concurrent.ThreadPoolExecutor.runWorker(ThreadPoolExecutor.java:1128)
	at java.base/java.util.concurrent.ThreadPoolExecutor$Worker.run(ThreadPoolExecutor.java:628)
	at java.base/java.lang.Thread.run(Thread.java:829)

		at org.apache.ratis.util.IOUtils.readObject(IOUtils.java:237)
		at org.apache.ratis.util.IOUtils.bytes2Object(IOUtils.java:214)
		at org.apache.ratis.grpc.GrpcUtil.tryUnwrapException(GrpcUtil.java:109)
		at org.apache.ratis.grpc.GrpcUtil.unwrapThrowable(GrpcUtil.java:82)
		at org.apache.ratis.grpc.GrpcUtil.warn(GrpcUtil.java:178)
		at org.apache.ratis.grpc.server.GrpcLogAppender$AppendLogResponseHandler.onError(GrpcLogAppender.java:405)
		... 10 more
	Caused by: java.lang.ClassCastException: Cannot cast java.util.concurrent.RejectedExecutionException to java.io.IOException
		at java.base/java.lang.Class.cast(Class.java:3605)
		at org.apache.ratis.util.IOUtils.readObject(IOUtils.java:234)
		... 15 more
2022-10-13 10:40:57,505 [grpc-default-executor-0] INFO  leader.FollowerInfo (FollowerInfoImpl.java:lambda$new$0(48)) - s0@group-6905249F38B1->s1: nextIndex: updateUnconditionally 263 -> 259
2022-10-13 10:40:57,541 [grpc-default-executor-0] WARN  server.GrpcServerProtocolService (LogUtils.java:warn(124)) - s1: Failed APPEND_ENTRIES request s0->s1#370-t2,previous=(t:2, i:258),leaderCommit=262,initializing? true,entries: size=4, first=(t:2, i:259), CONFIGURATIONENTRY(current:id: "s0"
address: "localhost:46195"
dataStreamAddress: "localhost:39399"
clientAddress: "localhost:42765"
adminAddress: "localhost:44717"
startupRole: FOLLOWER
,id: "s1"
address: "0.0.0.0:46693"
clientAddress: "0.0.0.0:46693"
adminAddress: "0.0.0.0:46693"
startupRole: FOLLOWER
,id: "s2"
address: "0.0.0.0:36699"
clientAddress: "0.0.0.0:36699"
adminAddress: "0.0.0.0:36699"
startupRole: FOLLOWER
, old:id: "s0"
address: "localhost:46195"
dataStreamAddress: "localhost:39399"
clientAddress: "localhost:42765"
adminAddress: "localhost:44717"
startupRole: FOLLOWER
)
java.util.concurrent.CompletionException: java.util.concurrent.RejectedExecutionException: Task java.util.concurrent.CompletableFuture$AsyncSupply@583b5d71 rejected from java.util.concurrent.ThreadPoolExecutor@3ad4e2b[Terminated, pool size = 0, active threads = 0, queued tasks = 0, completed tasks = 198]
	at java.base/java.util.concurrent.CompletableFuture.encodeThrowable(CompletableFuture.java:314)
	at java.base/java.util.concurrent.CompletableFuture.uniComposeStage(CompletableFuture.java:1113)
	at java.base/java.util.concurrent.CompletableFuture.thenCompose(CompletableFuture.java:2235)
	at org.apache.ratis.server.impl.RaftServerProxy.appendEntriesAsync(RaftServerProxy.java:634)
	at org.apache.ratis.grpc.server.GrpcServerProtocolService$1.process(GrpcServerProtocolService.java:219)
	at org.apache.ratis.grpc.server.GrpcServerProtocolService$1.process(GrpcServerProtocolService.java:216)
	at org.apache.ratis.grpc.server.GrpcServerProtocolService$ServerRequestStreamObserver.onNext(GrpcServerProtocolService.java:124)
	at org.apache.ratis.thirdparty.io.grpc.stub.ServerCalls$StreamingServerCallHandler$StreamingServerCallListener.onMessage(ServerCalls.java:262)
	at org.apache.ratis.thirdparty.io.grpc.ForwardingServerCallListener.onMessage(ForwardingServerCallListener.java:33)
	at org.apache.ratis.thirdparty.io.grpc.internal.ServerCallImpl$ServerStreamListenerImpl.messagesAvailableInternal(ServerCallImpl.java:332)
	at org.apache.ratis.thirdparty.io.grpc.internal.ServerCallImpl$ServerStreamListenerImpl.messagesAvailable(ServerCallImpl.java:315)
	at org.apache.ratis.thirdparty.io.grpc.internal.ServerImpl$JumpToApplicationThreadServerStreamListener$1MessagesAvailable.runInContext(ServerImpl.java:834)
	at org.apache.ratis.thirdparty.io.grpc.internal.ContextRunnable.run(ContextRunnable.java:37)
	at org.apache.ratis.thirdparty.io.grpc.internal.SerializingExecutor.run(SerializingExecutor.java:133)
	at java.base/java.util.concurrent.ThreadPoolExecutor.runWorker(ThreadPoolExecutor.java:1128)
	at java.base/java.util.concurrent.ThreadPoolExecutor$Worker.run(ThreadPoolExecutor.java:628)
	at java.base/java.lang.Thread.run(Thread.java:829)
Caused by: java.util.concurrent.RejectedExecutionException: Task java.util.concurrent.CompletableFuture$AsyncSupply@583b5d71 rejected from java.util.concurrent.ThreadPoolExecutor@3ad4e2b[Terminated, pool size = 0, active threads = 0, queued tasks = 0, completed tasks = 198]
	at java.base/java.util.concurrent.ThreadPoolExecutor$AbortPolicy.rejectedExecution(ThreadPoolExecutor.java:2055)
	at java.base/java.util.concurrent.ThreadPoolExecutor.reject(ThreadPoolExecutor.java:825)
	at java.base/java.util.concurrent.ThreadPoolExecutor.execute(ThreadPoolExecutor.java:1355)
	at java.base/java.util.concurrent.CompletableFuture.asyncSupplyStage(CompletableFuture.java:1714)
	at java.base/java.util.concurrent.CompletableFuture.supplyAsync(CompletableFuture.java:1931)
	at org.apache.ratis.server.impl.RaftServerImpl.executeSubmitServerRequestAsync(RaftServerImpl.java:812)
	at org.apache.ratis.server.impl.RaftServerProxy.lambda$appendEntriesAsync$27(RaftServerProxy.java:634)
	at java.base/java.util.concurrent.CompletableFuture.uniComposeStage(CompletableFuture.java:1106)
	... 15 more
2022-10-13 10:40:57,543 [grpc-default-executor-2] WARN  server.GrpcLogAppender (LogUtils.java:warn(124)) - s0@group-6905249F38B1->s1-AppendLogResponseHandler: Failed appendEntries
java.io.IOException: java.util.concurrent.RejectedExecutionException: Task java.util.concurrent.CompletableFuture$AsyncSupply@583b5d71 rejected from java.util.concurrent.ThreadPoolExecutor@3ad4e2b[Terminated, pool size = 0, active threads = 0, queued tasks = 0, completed tasks = 198]
	at org.apache.ratis.util.IOUtils.asIOException(IOUtils.java:56)
	at org.apache.ratis.grpc.GrpcUtil.tryUnwrapException(GrpcUtil.java:121)
	at org.apache.ratis.grpc.GrpcUtil.unwrapThrowable(GrpcUtil.java:82)
	at org.apache.ratis.grpc.GrpcUtil.warn(GrpcUtil.java:178)
	at org.apache.ratis.grpc.server.GrpcLogAppender$AppendLogResponseHandler.onError(GrpcLogAppender.java:405)
	at org.apache.ratis.thirdparty.io.grpc.stub.ClientCalls$StreamObserverToCallListenerAdapter.onClose(ClientCalls.java:487)
	at org.apache.ratis.thirdparty.io.grpc.internal.ClientCallImpl.closeObserver(ClientCallImpl.java:562)
	at org.apache.ratis.thirdparty.io.grpc.internal.ClientCallImpl.access$300(ClientCallImpl.java:70)
	at org.apache.ratis.thirdparty.io.grpc.internal.ClientCallImpl$ClientStreamListenerImpl$1StreamClosed.runInternal(ClientCallImpl.java:743)
	at org.apache.ratis.thirdparty.io.grpc.internal.ClientCallImpl$ClientStreamListenerImpl$1StreamClosed.runInContext(ClientCallImpl.java:722)
	at org.apache.ratis.thirdparty.io.grpc.internal.ContextRunnable.run(ContextRunnable.java:37)
	at org.apache.ratis.thirdparty.io.grpc.internal.SerializingExecutor.run(SerializingExecutor.java:133)
	at java.base/java.util.concurrent.ThreadPoolExecutor.runWorker(ThreadPoolExecutor.java:1128)
	at java.base/java.util.concurrent.ThreadPoolExecutor$Worker.run(ThreadPoolExecutor.java:628)
	at java.base/java.lang.Thread.run(Thread.java:829)
Caused by: java.util.concurrent.RejectedExecutionException: Task java.util.concurrent.CompletableFuture$AsyncSupply@583b5d71 rejected from java.util.concurrent.ThreadPoolExecutor@3ad4e2b[Terminated, pool size = 0, active threads = 0, queued tasks = 0, completed tasks = 198]
	at java.base/jdk.internal.reflect.GeneratedConstructorAccessor7.newInstance(Unknown Source)
	at java.base/jdk.internal.reflect.DelegatingConstructorAccessorImpl.newInstance(DelegatingConstructorAccessorImpl.java:45)
	at java.base/java.lang.reflect.Constructor.newInstance(Constructor.java:490)
	at org.apache.ratis.util.ReflectionUtils.instantiateException(ReflectionUtils.java:259)
	at org.apache.ratis.grpc.GrpcUtil.tryUnwrapException(GrpcUtil.java:120)
	... 13 more
Caused by: org.apache.ratis.thirdparty.io.grpc.StatusRuntimeException: INTERNAL: Task java.util.concurrent.CompletableFuture$AsyncSupply@583b5d71 rejected from java.util.concurrent.ThreadPoolExecutor@3ad4e2b[Terminated, pool size = 0, active threads = 0, queued tasks = 0, completed tasks = 198]
	at org.apache.ratis.thirdparty.io.grpc.Status.asRuntimeException(Status.java:535)
	... 10 more
	Suppressed: java.lang.IllegalStateException: Failed to cast to class java.io.IOException, object=java.util.concurrent.RejectedExecutionException: Task java.util.concurrent.CompletableFuture$AsyncSupply@583b5d71 rejected from java.util.concurrent.ThreadPoolExecutor@3ad4e2b[Terminated, pool size = 0, active threads = 0, queued tasks = 0, completed tasks = 198]
	at java.base/java.util.concurrent.ThreadPoolExecutor$AbortPolicy.rejectedExecution(ThreadPoolExecutor.java:2055)
	at java.base/java.util.concurrent.ThreadPoolExecutor.reject(ThreadPoolExecutor.java:825)
	at java.base/java.util.concurrent.ThreadPoolExecutor.execute(ThreadPoolExecutor.java:1355)
	at java.base/java.util.concurrent.CompletableFuture.asyncSupplyStage(CompletableFuture.java:1714)
	at java.base/java.util.concurrent.CompletableFuture.supplyAsync(CompletableFuture.java:1931)
	at org.apache.ratis.server.impl.RaftServerImpl.executeSubmitServerRequestAsync(RaftServerImpl.java:812)
	at org.apache.ratis.server.impl.RaftServerProxy.lambda$appendEntriesAsync$27(RaftServerProxy.java:634)
	at java.base/java.util.concurrent.CompletableFuture.uniComposeStage(CompletableFuture.java:1106)
	at java.base/java.util.concurrent.CompletableFuture.thenCompose(CompletableFuture.java:2235)
	at org.apache.ratis.server.impl.RaftServerProxy.appendEntriesAsync(RaftServerProxy.java:634)
	at org.apache.ratis.grpc.server.GrpcServerProtocolService$1.process(GrpcServerProtocolService.java:219)
	at org.apache.ratis.grpc.server.GrpcServerProtocolService$1.process(GrpcServerProtocolService.java:216)
	at org.apache.ratis.grpc.server.GrpcServerProtocolService$ServerRequestStreamObserver.onNext(GrpcServerProtocolService.java:124)
	at org.apache.ratis.thirdparty.io.grpc.stub.ServerCalls$StreamingServerCallHandler$StreamingServerCallListener.onMessage(ServerCalls.java:262)
	at org.apache.ratis.thirdparty.io.grpc.ForwardingServerCallListener.onMessage(ForwardingServerCallListener.java:33)
	at org.apache.ratis.thirdparty.io.grpc.internal.ServerCallImpl$ServerStreamListenerImpl.messagesAvailableInternal(ServerCallImpl.java:332)
	at org.apache.ratis.thirdparty.io.grpc.internal.ServerCallImpl$ServerStreamListenerImpl.messagesAvailable(ServerCallImpl.java:315)
	at org.apache.ratis.thirdparty.io.grpc.internal.ServerImpl$JumpToApplicationThreadServerStreamListener$1MessagesAvailable.runInContext(ServerImpl.java:834)
	at org.apache.ratis.thirdparty.io.grpc.internal.ContextRunnable.run(ContextRunnable.java:37)
	at org.apache.ratis.thirdparty.io.grpc.internal.SerializingExecutor.run(SerializingExecutor.java:133)
	at java.base/java.util.concurrent.ThreadPoolExecutor.runWorker(ThreadPoolExecutor.java:1128)
	at java.base/java.util.concurrent.ThreadPoolExecutor$Worker.run(ThreadPoolExecutor.java:628)
	at java.base/java.lang.Thread.run(Thread.java:829)

		at org.apache.ratis.util.IOUtils.readObject(IOUtils.java:237)
		at org.apache.ratis.util.IOUtils.bytes2Object(IOUtils.java:214)
		at org.apache.ratis.grpc.GrpcUtil.tryUnwrapException(GrpcUtil.java:109)
		at org.apache.ratis.grpc.GrpcUtil.unwrapThrowable(GrpcUtil.java:82)
		at org.apache.ratis.grpc.GrpcUtil.warn(GrpcUtil.java:178)
		at org.apache.ratis.grpc.server.GrpcLogAppender$AppendLogResponseHandler.onError(GrpcLogAppender.java:405)
		... 10 more
	Caused by: java.lang.ClassCastException: Cannot cast java.util.concurrent.RejectedExecutionException to java.io.IOException
		at java.base/java.lang.Class.cast(Class.java:3605)
		at org.apache.ratis.util.IOUtils.readObject(IOUtils.java:234)
		... 15 more
2022-10-13 10:40:57,543 [grpc-default-executor-2] INFO  leader.FollowerInfo (FollowerInfoImpl.java:lambda$new$0(48)) - s0@group-6905249F38B1->s1: nextIndex: updateUnconditionally 263 -> 259
2022-10-13 10:40:57,579 [grpc-default-executor-0] WARN  server.GrpcServerProtocolService (LogUtils.java:warn(124)) - s1: Failed APPEND_ENTRIES request s0->s1#372-t2,previous=(t:2, i:258),leaderCommit=262,initializing? true,entries: size=4, first=(t:2, i:259), CONFIGURATIONENTRY(current:id: "s0"
address: "localhost:46195"
dataStreamAddress: "localhost:39399"
clientAddress: "localhost:42765"
adminAddress: "localhost:44717"
startupRole: FOLLOWER
,id: "s1"
address: "0.0.0.0:46693"
clientAddress: "0.0.0.0:46693"
adminAddress: "0.0.0.0:46693"
startupRole: FOLLOWER
,id: "s2"
address: "0.0.0.0:36699"
clientAddress: "0.0.0.0:36699"
adminAddress: "0.0.0.0:36699"
startupRole: FOLLOWER
, old:id: "s0"
address: "localhost:46195"
dataStreamAddress: "localhost:39399"
clientAddress: "localhost:42765"
adminAddress: "localhost:44717"
startupRole: FOLLOWER
)
java.util.concurrent.CompletionException: java.util.concurrent.RejectedExecutionException: Task java.util.concurrent.CompletableFuture$AsyncSupply@693db024 rejected from java.util.concurrent.ThreadPoolExecutor@3ad4e2b[Terminated, pool size = 0, active threads = 0, queued tasks = 0, completed tasks = 198]
	at java.base/java.util.concurrent.CompletableFuture.encodeThrowable(CompletableFuture.java:314)
	at java.base/java.util.concurrent.CompletableFuture.uniComposeStage(CompletableFuture.java:1113)
	at java.base/java.util.concurrent.CompletableFuture.thenCompose(CompletableFuture.java:2235)
	at org.apache.ratis.server.impl.RaftServerProxy.appendEntriesAsync(RaftServerProxy.java:634)
	at org.apache.ratis.grpc.server.GrpcServerProtocolService$1.process(GrpcServerProtocolService.java:219)
	at org.apache.ratis.grpc.server.GrpcServerProtocolService$1.process(GrpcServerProtocolService.java:216)
	at org.apache.ratis.grpc.server.GrpcServerProtocolService$ServerRequestStreamObserver.onNext(GrpcServerProtocolService.java:124)
	at org.apache.ratis.thirdparty.io.grpc.stub.ServerCalls$StreamingServerCallHandler$StreamingServerCallListener.onMessage(ServerCalls.java:262)
	at org.apache.ratis.thirdparty.io.grpc.ForwardingServerCallListener.onMessage(ForwardingServerCallListener.java:33)
	at org.apache.ratis.thirdparty.io.grpc.internal.ServerCallImpl$ServerStreamListenerImpl.messagesAvailableInternal(ServerCallImpl.java:332)
	at org.apache.ratis.thirdparty.io.grpc.internal.ServerCallImpl$ServerStreamListenerImpl.messagesAvailable(ServerCallImpl.java:315)
	at org.apache.ratis.thirdparty.io.grpc.internal.ServerImpl$JumpToApplicationThreadServerStreamListener$1MessagesAvailable.runInContext(ServerImpl.java:834)
	at org.apache.ratis.thirdparty.io.grpc.internal.ContextRunnable.run(ContextRunnable.java:37)
	at org.apache.ratis.thirdparty.io.grpc.internal.SerializingExecutor.run(SerializingExecutor.java:133)
	at java.base/java.util.concurrent.ThreadPoolExecutor.runWorker(ThreadPoolExecutor.java:1128)
	at java.base/java.util.concurrent.ThreadPoolExecutor$Worker.run(ThreadPoolExecutor.java:628)
	at java.base/java.lang.Thread.run(Thread.java:829)
Caused by: java.util.concurrent.RejectedExecutionException: Task java.util.concurrent.CompletableFuture$AsyncSupply@693db024 rejected from java.util.concurrent.ThreadPoolExecutor@3ad4e2b[Terminated, pool size = 0, active threads = 0, queued tasks = 0, completed tasks = 198]
	at java.base/java.util.concurrent.ThreadPoolExecutor$AbortPolicy.rejectedExecution(ThreadPoolExecutor.java:2055)
	at java.base/java.util.concurrent.ThreadPoolExecutor.reject(ThreadPoolExecutor.java:825)
	at java.base/java.util.concurrent.ThreadPoolExecutor.execute(ThreadPoolExecutor.java:1355)
	at java.base/java.util.concurrent.CompletableFuture.asyncSupplyStage(CompletableFuture.java:1714)
	at java.base/java.util.concurrent.CompletableFuture.supplyAsync(CompletableFuture.java:1931)
	at org.apache.ratis.server.impl.RaftServerImpl.executeSubmitServerRequestAsync(RaftServerImpl.java:812)
	at org.apache.ratis.server.impl.RaftServerProxy.lambda$appendEntriesAsync$27(RaftServerProxy.java:634)
	at java.base/java.util.concurrent.CompletableFuture.uniComposeStage(CompletableFuture.java:1106)
	... 15 more
2022-10-13 10:40:57,580 [grpc-default-executor-2] WARN  server.GrpcLogAppender (LogUtils.java:warn(124)) - s0@group-6905249F38B1->s1-AppendLogResponseHandler: Failed appendEntries
java.io.IOException: java.util.concurrent.RejectedExecutionException: Task java.util.concurrent.CompletableFuture$AsyncSupply@693db024 rejected from java.util.concurrent.ThreadPoolExecutor@3ad4e2b[Terminated, pool size = 0, active threads = 0, queued tasks = 0, completed tasks = 198]
	at org.apache.ratis.util.IOUtils.asIOException(IOUtils.java:56)
	at org.apache.ratis.grpc.GrpcUtil.tryUnwrapException(GrpcUtil.java:121)
	at org.apache.ratis.grpc.GrpcUtil.unwrapThrowable(GrpcUtil.java:82)
	at org.apache.ratis.grpc.GrpcUtil.warn(GrpcUtil.java:178)
	at org.apache.ratis.grpc.server.GrpcLogAppender$AppendLogResponseHandler.onError(GrpcLogAppender.java:405)
	at org.apache.ratis.thirdparty.io.grpc.stub.ClientCalls$StreamObserverToCallListenerAdapter.onClose(ClientCalls.java:487)
	at org.apache.ratis.thirdparty.io.grpc.internal.ClientCallImpl.closeObserver(ClientCallImpl.java:562)
	at org.apache.ratis.thirdparty.io.grpc.internal.ClientCallImpl.access$300(ClientCallImpl.java:70)
	at org.apache.ratis.thirdparty.io.grpc.internal.ClientCallImpl$ClientStreamListenerImpl$1StreamClosed.runInternal(ClientCallImpl.java:743)
	at org.apache.ratis.thirdparty.io.grpc.internal.ClientCallImpl$ClientStreamListenerImpl$1StreamClosed.runInContext(ClientCallImpl.java:722)
	at org.apache.ratis.thirdparty.io.grpc.internal.ContextRunnable.run(ContextRunnable.java:37)
	at org.apache.ratis.thirdparty.io.grpc.internal.SerializingExecutor.run(SerializingExecutor.java:133)
	at java.base/java.util.concurrent.ThreadPoolExecutor.runWorker(ThreadPoolExecutor.java:1128)
	at java.base/java.util.concurrent.ThreadPoolExecutor$Worker.run(ThreadPoolExecutor.java:628)
	at java.base/java.lang.Thread.run(Thread.java:829)
Caused by: java.util.concurrent.RejectedExecutionException: Task java.util.concurrent.CompletableFuture$AsyncSupply@693db024 rejected from java.util.concurrent.ThreadPoolExecutor@3ad4e2b[Terminated, pool size = 0, active threads = 0, queued tasks = 0, completed tasks = 198]
	at java.base/jdk.internal.reflect.GeneratedConstructorAccessor7.newInstance(Unknown Source)
	at java.base/jdk.internal.reflect.DelegatingConstructorAccessorImpl.newInstance(DelegatingConstructorAccessorImpl.java:45)
	at java.base/java.lang.reflect.Constructor.newInstance(Constructor.java:490)
	at org.apache.ratis.util.ReflectionUtils.instantiateException(ReflectionUtils.java:259)
	at org.apache.ratis.grpc.GrpcUtil.tryUnwrapException(GrpcUtil.java:120)
	... 13 more
Caused by: org.apache.ratis.thirdparty.io.grpc.StatusRuntimeException: INTERNAL: Task java.util.concurrent.CompletableFuture$AsyncSupply@693db024 rejected from java.util.concurrent.ThreadPoolExecutor@3ad4e2b[Terminated, pool size = 0, active threads = 0, queued tasks = 0, completed tasks = 198]
	at org.apache.ratis.thirdparty.io.grpc.Status.asRuntimeException(Status.java:535)
	... 10 more
	Suppressed: java.lang.IllegalStateException: Failed to cast to class java.io.IOException, object=java.util.concurrent.RejectedExecutionException: Task java.util.concurrent.CompletableFuture$AsyncSupply@693db024 rejected from java.util.concurrent.ThreadPoolExecutor@3ad4e2b[Terminated, pool size = 0, active threads = 0, queued tasks = 0, completed tasks = 198]
	at java.base/java.util.concurrent.ThreadPoolExecutor$AbortPolicy.rejectedExecution(ThreadPoolExecutor.java:2055)
	at java.base/java.util.concurrent.ThreadPoolExecutor.reject(ThreadPoolExecutor.java:825)
	at java.base/java.util.concurrent.ThreadPoolExecutor.execute(ThreadPoolExecutor.java:1355)
	at java.base/java.util.concurrent.CompletableFuture.asyncSupplyStage(CompletableFuture.java:1714)
	at java.base/java.util.concurrent.CompletableFuture.supplyAsync(CompletableFuture.java:1931)
	at org.apache.ratis.server.impl.RaftServerImpl.executeSubmitServerRequestAsync(RaftServerImpl.java:812)
	at org.apache.ratis.server.impl.RaftServerProxy.lambda$appendEntriesAsync$27(RaftServerProxy.java:634)
	at java.base/java.util.concurrent.CompletableFuture.uniComposeStage(CompletableFuture.java:1106)
	at java.base/java.util.concurrent.CompletableFuture.thenCompose(CompletableFuture.java:2235)
	at org.apache.ratis.server.impl.RaftServerProxy.appendEntriesAsync(RaftServerProxy.java:634)
	at org.apache.ratis.grpc.server.GrpcServerProtocolService$1.process(GrpcServerProtocolService.java:219)
	at org.apache.ratis.grpc.server.GrpcServerProtocolService$1.process(GrpcServerProtocolService.java:216)
	at org.apache.ratis.grpc.server.GrpcServerProtocolService$ServerRequestStreamObserver.onNext(GrpcServerProtocolService.java:124)
	at org.apache.ratis.thirdparty.io.grpc.stub.ServerCalls$StreamingServerCallHandler$StreamingServerCallListener.onMessage(ServerCalls.java:262)
	at org.apache.ratis.thirdparty.io.grpc.ForwardingServerCallListener.onMessage(ForwardingServerCallListener.java:33)
	at org.apache.ratis.thirdparty.io.grpc.internal.ServerCallImpl$ServerStreamListenerImpl.messagesAvailableInternal(ServerCallImpl.java:332)
	at org.apache.ratis.thirdparty.io.grpc.internal.ServerCallImpl$ServerStreamListenerImpl.messagesAvailable(ServerCallImpl.java:315)
	at org.apache.ratis.thirdparty.io.grpc.internal.ServerImpl$JumpToApplicationThreadServerStreamListener$1MessagesAvailable.runInContext(ServerImpl.java:834)
	at org.apache.ratis.thirdparty.io.grpc.internal.ContextRunnable.run(ContextRunnable.java:37)
	at org.apache.ratis.thirdparty.io.grpc.internal.SerializingExecutor.run(SerializingExecutor.java:133)
	at java.base/java.util.concurrent.ThreadPoolExecutor.runWorker(ThreadPoolExecutor.java:1128)
	at java.base/java.util.concurrent.ThreadPoolExecutor$Worker.run(ThreadPoolExecutor.java:628)
	at java.base/java.lang.Thread.run(Thread.java:829)

		at org.apache.ratis.util.IOUtils.readObject(IOUtils.java:237)
		at org.apache.ratis.util.IOUtils.bytes2Object(IOUtils.java:214)
		at org.apache.ratis.grpc.GrpcUtil.tryUnwrapException(GrpcUtil.java:109)
		at org.apache.ratis.grpc.GrpcUtil.unwrapThrowable(GrpcUtil.java:82)
		at org.apache.ratis.grpc.GrpcUtil.warn(GrpcUtil.java:178)
		at org.apache.ratis.grpc.server.GrpcLogAppender$AppendLogResponseHandler.onError(GrpcLogAppender.java:405)
		... 10 more
	Caused by: java.lang.ClassCastException: Cannot cast java.util.concurrent.RejectedExecutionException to java.io.IOException
		at java.base/java.lang.Class.cast(Class.java:3605)
		at org.apache.ratis.util.IOUtils.readObject(IOUtils.java:234)
		... 15 more
2022-10-13 10:40:57,581 [grpc-default-executor-2] INFO  leader.FollowerInfo (FollowerInfoImpl.java:lambda$new$0(48)) - s0@group-6905249F38B1->s1: nextIndex: updateUnconditionally 263 -> 259
2022-10-13 10:40:57,617 [grpc-default-executor-0] WARN  server.GrpcServerProtocolService (LogUtils.java:warn(124)) - s1: Failed APPEND_ENTRIES request s0->s1#374-t2,previous=(t:2, i:258),leaderCommit=262,initializing? true,entries: size=4, first=(t:2, i:259), CONFIGURATIONENTRY(current:id: "s0"
address: "localhost:46195"
dataStreamAddress: "localhost:39399"
clientAddress: "localhost:42765"
adminAddress: "localhost:44717"
startupRole: FOLLOWER
,id: "s1"
address: "0.0.0.0:46693"
clientAddress: "0.0.0.0:46693"
adminAddress: "0.0.0.0:46693"
startupRole: FOLLOWER
,id: "s2"
address: "0.0.0.0:36699"
clientAddress: "0.0.0.0:36699"
adminAddress: "0.0.0.0:36699"
startupRole: FOLLOWER
, old:id: "s0"
address: "localhost:46195"
dataStreamAddress: "localhost:39399"
clientAddress: "localhost:42765"
adminAddress: "localhost:44717"
startupRole: FOLLOWER
)
java.util.concurrent.CompletionException: java.util.concurrent.RejectedExecutionException: Task java.util.concurrent.CompletableFuture$AsyncSupply@49703d74 rejected from java.util.concurrent.ThreadPoolExecutor@3ad4e2b[Terminated, pool size = 0, active threads = 0, queued tasks = 0, completed tasks = 198]
	at java.base/java.util.concurrent.CompletableFuture.encodeThrowable(CompletableFuture.java:314)
	at java.base/java.util.concurrent.CompletableFuture.uniComposeStage(CompletableFuture.java:1113)
	at java.base/java.util.concurrent.CompletableFuture.thenCompose(CompletableFuture.java:2235)
	at org.apache.ratis.server.impl.RaftServerProxy.appendEntriesAsync(RaftServerProxy.java:634)
	at org.apache.ratis.grpc.server.GrpcServerProtocolService$1.process(GrpcServerProtocolService.java:219)
	at org.apache.ratis.grpc.server.GrpcServerProtocolService$1.process(GrpcServerProtocolService.java:216)
	at org.apache.ratis.grpc.server.GrpcServerProtocolService$ServerRequestStreamObserver.onNext(GrpcServerProtocolService.java:124)
	at org.apache.ratis.thirdparty.io.grpc.stub.ServerCalls$StreamingServerCallHandler$StreamingServerCallListener.onMessage(ServerCalls.java:262)
	at org.apache.ratis.thirdparty.io.grpc.ForwardingServerCallListener.onMessage(ForwardingServerCallListener.java:33)
	at org.apache.ratis.thirdparty.io.grpc.internal.ServerCallImpl$ServerStreamListenerImpl.messagesAvailableInternal(ServerCallImpl.java:332)
	at org.apache.ratis.thirdparty.io.grpc.internal.ServerCallImpl$ServerStreamListenerImpl.messagesAvailable(ServerCallImpl.java:315)
	at org.apache.ratis.thirdparty.io.grpc.internal.ServerImpl$JumpToApplicationThreadServerStreamListener$1MessagesAvailable.runInContext(ServerImpl.java:834)
	at org.apache.ratis.thirdparty.io.grpc.internal.ContextRunnable.run(ContextRunnable.java:37)
	at org.apache.ratis.thirdparty.io.grpc.internal.SerializingExecutor.run(SerializingExecutor.java:133)
	at java.base/java.util.concurrent.ThreadPoolExecutor.runWorker(ThreadPoolExecutor.java:1128)
	at java.base/java.util.concurrent.ThreadPoolExecutor$Worker.run(ThreadPoolExecutor.java:628)
	at java.base/java.lang.Thread.run(Thread.java:829)
Caused by: java.util.concurrent.RejectedExecutionException: Task java.util.concurrent.CompletableFuture$AsyncSupply@49703d74 rejected from java.util.concurrent.ThreadPoolExecutor@3ad4e2b[Terminated, pool size = 0, active threads = 0, queued tasks = 0, completed tasks = 198]
	at java.base/java.util.concurrent.ThreadPoolExecutor$AbortPolicy.rejectedExecution(ThreadPoolExecutor.java:2055)
	at java.base/java.util.concurrent.ThreadPoolExecutor.reject(ThreadPoolExecutor.java:825)
	at java.base/java.util.concurrent.ThreadPoolExecutor.execute(ThreadPoolExecutor.java:1355)
	at java.base/java.util.concurrent.CompletableFuture.asyncSupplyStage(CompletableFuture.java:1714)
	at java.base/java.util.concurrent.CompletableFuture.supplyAsync(CompletableFuture.java:1931)
	at org.apache.ratis.server.impl.RaftServerImpl.executeSubmitServerRequestAsync(RaftServerImpl.java:812)
	at org.apache.ratis.server.impl.RaftServerProxy.lambda$appendEntriesAsync$27(RaftServerProxy.java:634)
	at java.base/java.util.concurrent.CompletableFuture.uniComposeStage(CompletableFuture.java:1106)
	... 15 more
2022-10-13 10:40:57,618 [grpc-default-executor-2] WARN  server.GrpcLogAppender (LogUtils.java:warn(124)) - s0@group-6905249F38B1->s1-AppendLogResponseHandler: Failed appendEntries
java.io.IOException: java.util.concurrent.RejectedExecutionException: Task java.util.concurrent.CompletableFuture$AsyncSupply@49703d74 rejected from java.util.concurrent.ThreadPoolExecutor@3ad4e2b[Terminated, pool size = 0, active threads = 0, queued tasks = 0, completed tasks = 198]
	at org.apache.ratis.util.IOUtils.asIOException(IOUtils.java:56)
	at org.apache.ratis.grpc.GrpcUtil.tryUnwrapException(GrpcUtil.java:121)
	at org.apache.ratis.grpc.GrpcUtil.unwrapThrowable(GrpcUtil.java:82)
	at org.apache.ratis.grpc.GrpcUtil.warn(GrpcUtil.java:178)
	at org.apache.ratis.grpc.server.GrpcLogAppender$AppendLogResponseHandler.onError(GrpcLogAppender.java:405)
	at org.apache.ratis.thirdparty.io.grpc.stub.ClientCalls$StreamObserverToCallListenerAdapter.onClose(ClientCalls.java:487)
	at org.apache.ratis.thirdparty.io.grpc.internal.ClientCallImpl.closeObserver(ClientCallImpl.java:562)
	at org.apache.ratis.thirdparty.io.grpc.internal.ClientCallImpl.access$300(ClientCallImpl.java:70)
	at org.apache.ratis.thirdparty.io.grpc.internal.ClientCallImpl$ClientStreamListenerImpl$1StreamClosed.runInternal(ClientCallImpl.java:743)
	at org.apache.ratis.thirdparty.io.grpc.internal.ClientCallImpl$ClientStreamListenerImpl$1StreamClosed.runInContext(ClientCallImpl.java:722)
	at org.apache.ratis.thirdparty.io.grpc.internal.ContextRunnable.run(ContextRunnable.java:37)
	at org.apache.ratis.thirdparty.io.grpc.internal.SerializingExecutor.run(SerializingExecutor.java:133)
	at java.base/java.util.concurrent.ThreadPoolExecutor.runWorker(ThreadPoolExecutor.java:1128)
	at java.base/java.util.concurrent.ThreadPoolExecutor$Worker.run(ThreadPoolExecutor.java:628)
	at java.base/java.lang.Thread.run(Thread.java:829)
Caused by: java.util.concurrent.RejectedExecutionException: Task java.util.concurrent.CompletableFuture$AsyncSupply@49703d74 rejected from java.util.concurrent.ThreadPoolExecutor@3ad4e2b[Terminated, pool size = 0, active threads = 0, queued tasks = 0, completed tasks = 198]
	at java.base/jdk.internal.reflect.GeneratedConstructorAccessor7.newInstance(Unknown Source)
	at java.base/jdk.internal.reflect.DelegatingConstructorAccessorImpl.newInstance(DelegatingConstructorAccessorImpl.java:45)
	at java.base/java.lang.reflect.Constructor.newInstance(Constructor.java:490)
	at org.apache.ratis.util.ReflectionUtils.instantiateException(ReflectionUtils.java:259)
	at org.apache.ratis.grpc.GrpcUtil.tryUnwrapException(GrpcUtil.java:120)
	... 13 more
Caused by: org.apache.ratis.thirdparty.io.grpc.StatusRuntimeException: INTERNAL: Task java.util.concurrent.CompletableFuture$AsyncSupply@49703d74 rejected from java.util.concurrent.ThreadPoolExecutor@3ad4e2b[Terminated, pool size = 0, active threads = 0, queued tasks = 0, completed tasks = 198]
	at org.apache.ratis.thirdparty.io.grpc.Status.asRuntimeException(Status.java:535)
	... 10 more
	Suppressed: java.lang.IllegalStateException: Failed to cast to class java.io.IOException, object=java.util.concurrent.RejectedExecutionException: Task java.util.concurrent.CompletableFuture$AsyncSupply@49703d74 rejected from java.util.concurrent.ThreadPoolExecutor@3ad4e2b[Terminated, pool size = 0, active threads = 0, queued tasks = 0, completed tasks = 198]
	at java.base/java.util.concurrent.ThreadPoolExecutor$AbortPolicy.rejectedExecution(ThreadPoolExecutor.java:2055)
	at java.base/java.util.concurrent.ThreadPoolExecutor.reject(ThreadPoolExecutor.java:825)
	at java.base/java.util.concurrent.ThreadPoolExecutor.execute(ThreadPoolExecutor.java:1355)
	at java.base/java.util.concurrent.CompletableFuture.asyncSupplyStage(CompletableFuture.java:1714)
	at java.base/java.util.concurrent.CompletableFuture.supplyAsync(CompletableFuture.java:1931)
	at org.apache.ratis.server.impl.RaftServerImpl.executeSubmitServerRequestAsync(RaftServerImpl.java:812)
	at org.apache.ratis.server.impl.RaftServerProxy.lambda$appendEntriesAsync$27(RaftServerProxy.java:634)
	at java.base/java.util.concurrent.CompletableFuture.uniComposeStage(CompletableFuture.java:1106)
	at java.base/java.util.concurrent.CompletableFuture.thenCompose(CompletableFuture.java:2235)
	at org.apache.ratis.server.impl.RaftServerProxy.appendEntriesAsync(RaftServerProxy.java:634)
	at org.apache.ratis.grpc.server.GrpcServerProtocolService$1.process(GrpcServerProtocolService.java:219)
	at org.apache.ratis.grpc.server.GrpcServerProtocolService$1.process(GrpcServerProtocolService.java:216)
	at org.apache.ratis.grpc.server.GrpcServerProtocolService$ServerRequestStreamObserver.onNext(GrpcServerProtocolService.java:124)
	at org.apache.ratis.thirdparty.io.grpc.stub.ServerCalls$StreamingServerCallHandler$StreamingServerCallListener.onMessage(ServerCalls.java:262)
	at org.apache.ratis.thirdparty.io.grpc.ForwardingServerCallListener.onMessage(ForwardingServerCallListener.java:33)
	at org.apache.ratis.thirdparty.io.grpc.internal.ServerCallImpl$ServerStreamListenerImpl.messagesAvailableInternal(ServerCallImpl.java:332)
	at org.apache.ratis.thirdparty.io.grpc.internal.ServerCallImpl$ServerStreamListenerImpl.messagesAvailable(ServerCallImpl.java:315)
	at org.apache.ratis.thirdparty.io.grpc.internal.ServerImpl$JumpToApplicationThreadServerStreamListener$1MessagesAvailable.runInContext(ServerImpl.java:834)
	at org.apache.ratis.thirdparty.io.grpc.internal.ContextRunnable.run(ContextRunnable.java:37)
	at org.apache.ratis.thirdparty.io.grpc.internal.SerializingExecutor.run(SerializingExecutor.java:133)
	at java.base/java.util.concurrent.ThreadPoolExecutor.runWorker(ThreadPoolExecutor.java:1128)
	at java.base/java.util.concurrent.ThreadPoolExecutor$Worker.run(ThreadPoolExecutor.java:628)
	at java.base/java.lang.Thread.run(Thread.java:829)

		at org.apache.ratis.util.IOUtils.readObject(IOUtils.java:237)
		at org.apache.ratis.util.IOUtils.bytes2Object(IOUtils.java:214)
		at org.apache.ratis.grpc.GrpcUtil.tryUnwrapException(GrpcUtil.java:109)
		at org.apache.ratis.grpc.GrpcUtil.unwrapThrowable(GrpcUtil.java:82)
		at org.apache.ratis.grpc.GrpcUtil.warn(GrpcUtil.java:178)
		at org.apache.ratis.grpc.server.GrpcLogAppender$AppendLogResponseHandler.onError(GrpcLogAppender.java:405)
		... 10 more
	Caused by: java.lang.ClassCastException: Cannot cast java.util.concurrent.RejectedExecutionException to java.io.IOException
		at java.base/java.lang.Class.cast(Class.java:3605)
		at org.apache.ratis.util.IOUtils.readObject(IOUtils.java:234)
		... 15 more
2022-10-13 10:40:57,619 [grpc-default-executor-2] INFO  leader.FollowerInfo (FollowerInfoImpl.java:lambda$new$0(48)) - s0@group-6905249F38B1->s1: nextIndex: updateUnconditionally 263 -> 259
2022-10-13 10:40:57,654 [grpc-default-executor-0] WARN  server.GrpcServerProtocolService (LogUtils.java:warn(124)) - s1: Failed APPEND_ENTRIES request s0->s1#376-t2,previous=(t:2, i:258),leaderCommit=262,initializing? true,entries: size=4, first=(t:2, i:259), CONFIGURATIONENTRY(current:id: "s0"
address: "localhost:46195"
dataStreamAddress: "localhost:39399"
clientAddress: "localhost:42765"
adminAddress: "localhost:44717"
startupRole: FOLLOWER
,id: "s1"
address: "0.0.0.0:46693"
clientAddress: "0.0.0.0:46693"
adminAddress: "0.0.0.0:46693"
startupRole: FOLLOWER
,id: "s2"
address: "0.0.0.0:36699"
clientAddress: "0.0.0.0:36699"
adminAddress: "0.0.0.0:36699"
startupRole: FOLLOWER
, old:id: "s0"
address: "localhost:46195"
dataStreamAddress: "localhost:39399"
clientAddress: "localhost:42765"
adminAddress: "localhost:44717"
startupRole: FOLLOWER
)
java.util.concurrent.CompletionException: java.util.concurrent.RejectedExecutionException: Task java.util.concurrent.CompletableFuture$AsyncSupply@77062c1a rejected from java.util.concurrent.ThreadPoolExecutor@3ad4e2b[Terminated, pool size = 0, active threads = 0, queued tasks = 0, completed tasks = 198]
	at java.base/java.util.concurrent.CompletableFuture.encodeThrowable(CompletableFuture.java:314)
	at java.base/java.util.concurrent.CompletableFuture.uniComposeStage(CompletableFuture.java:1113)
	at java.base/java.util.concurrent.CompletableFuture.thenCompose(CompletableFuture.java:2235)
	at org.apache.ratis.server.impl.RaftServerProxy.appendEntriesAsync(RaftServerProxy.java:634)
	at org.apache.ratis.grpc.server.GrpcServerProtocolService$1.process(GrpcServerProtocolService.java:219)
	at org.apache.ratis.grpc.server.GrpcServerProtocolService$1.process(GrpcServerProtocolService.java:216)
	at org.apache.ratis.grpc.server.GrpcServerProtocolService$ServerRequestStreamObserver.onNext(GrpcServerProtocolService.java:124)
	at org.apache.ratis.thirdparty.io.grpc.stub.ServerCalls$StreamingServerCallHandler$StreamingServerCallListener.onMessage(ServerCalls.java:262)
	at org.apache.ratis.thirdparty.io.grpc.ForwardingServerCallListener.onMessage(ForwardingServerCallListener.java:33)
	at org.apache.ratis.thirdparty.io.grpc.internal.ServerCallImpl$ServerStreamListenerImpl.messagesAvailableInternal(ServerCallImpl.java:332)
	at org.apache.ratis.thirdparty.io.grpc.internal.ServerCallImpl$ServerStreamListenerImpl.messagesAvailable(ServerCallImpl.java:315)
	at org.apache.ratis.thirdparty.io.grpc.internal.ServerImpl$JumpToApplicationThreadServerStreamListener$1MessagesAvailable.runInContext(ServerImpl.java:834)
	at org.apache.ratis.thirdparty.io.grpc.internal.ContextRunnable.run(ContextRunnable.java:37)
	at org.apache.ratis.thirdparty.io.grpc.internal.SerializingExecutor.run(SerializingExecutor.java:133)
	at java.base/java.util.concurrent.ThreadPoolExecutor.runWorker(ThreadPoolExecutor.java:1128)
	at java.base/java.util.concurrent.ThreadPoolExecutor$Worker.run(ThreadPoolExecutor.java:628)
	at java.base/java.lang.Thread.run(Thread.java:829)
Caused by: java.util.concurrent.RejectedExecutionException: Task java.util.concurrent.CompletableFuture$AsyncSupply@77062c1a rejected from java.util.concurrent.ThreadPoolExecutor@3ad4e2b[Terminated, pool size = 0, active threads = 0, queued tasks = 0, completed tasks = 198]
	at java.base/java.util.concurrent.ThreadPoolExecutor$AbortPolicy.rejectedExecution(ThreadPoolExecutor.java:2055)
	at java.base/java.util.concurrent.ThreadPoolExecutor.reject(ThreadPoolExecutor.java:825)
	at java.base/java.util.concurrent.ThreadPoolExecutor.execute(ThreadPoolExecutor.java:1355)
	at java.base/java.util.concurrent.CompletableFuture.asyncSupplyStage(CompletableFuture.java:1714)
	at java.base/java.util.concurrent.CompletableFuture.supplyAsync(CompletableFuture.java:1931)
	at org.apache.ratis.server.impl.RaftServerImpl.executeSubmitServerRequestAsync(RaftServerImpl.java:812)
	at org.apache.ratis.server.impl.RaftServerProxy.lambda$appendEntriesAsync$27(RaftServerProxy.java:634)
	at java.base/java.util.concurrent.CompletableFuture.uniComposeStage(CompletableFuture.java:1106)
	... 15 more
2022-10-13 10:40:57,656 [grpc-default-executor-2] WARN  server.GrpcLogAppender (LogUtils.java:warn(124)) - s0@group-6905249F38B1->s1-AppendLogResponseHandler: Failed appendEntries
java.io.IOException: java.util.concurrent.RejectedExecutionException: Task java.util.concurrent.CompletableFuture$AsyncSupply@77062c1a rejected from java.util.concurrent.ThreadPoolExecutor@3ad4e2b[Terminated, pool size = 0, active threads = 0, queued tasks = 0, completed tasks = 198]
	at org.apache.ratis.util.IOUtils.asIOException(IOUtils.java:56)
	at org.apache.ratis.grpc.GrpcUtil.tryUnwrapException(GrpcUtil.java:121)
	at org.apache.ratis.grpc.GrpcUtil.unwrapThrowable(GrpcUtil.java:82)
	at org.apache.ratis.grpc.GrpcUtil.warn(GrpcUtil.java:178)
	at org.apache.ratis.grpc.server.GrpcLogAppender$AppendLogResponseHandler.onError(GrpcLogAppender.java:405)
	at org.apache.ratis.thirdparty.io.grpc.stub.ClientCalls$StreamObserverToCallListenerAdapter.onClose(ClientCalls.java:487)
	at org.apache.ratis.thirdparty.io.grpc.internal.ClientCallImpl.closeObserver(ClientCallImpl.java:562)
	at org.apache.ratis.thirdparty.io.grpc.internal.ClientCallImpl.access$300(ClientCallImpl.java:70)
	at org.apache.ratis.thirdparty.io.grpc.internal.ClientCallImpl$ClientStreamListenerImpl$1StreamClosed.runInternal(ClientCallImpl.java:743)
	at org.apache.ratis.thirdparty.io.grpc.internal.ClientCallImpl$ClientStreamListenerImpl$1StreamClosed.runInContext(ClientCallImpl.java:722)
	at org.apache.ratis.thirdparty.io.grpc.internal.ContextRunnable.run(ContextRunnable.java:37)
	at org.apache.ratis.thirdparty.io.grpc.internal.SerializingExecutor.run(SerializingExecutor.java:133)
	at java.base/java.util.concurrent.ThreadPoolExecutor.runWorker(ThreadPoolExecutor.java:1128)
	at java.base/java.util.concurrent.ThreadPoolExecutor$Worker.run(ThreadPoolExecutor.java:628)
	at java.base/java.lang.Thread.run(Thread.java:829)
Caused by: java.util.concurrent.RejectedExecutionException: Task java.util.concurrent.CompletableFuture$AsyncSupply@77062c1a rejected from java.util.concurrent.ThreadPoolExecutor@3ad4e2b[Terminated, pool size = 0, active threads = 0, queued tasks = 0, completed tasks = 198]
	at java.base/jdk.internal.reflect.GeneratedConstructorAccessor7.newInstance(Unknown Source)
	at java.base/jdk.internal.reflect.DelegatingConstructorAccessorImpl.newInstance(DelegatingConstructorAccessorImpl.java:45)
	at java.base/java.lang.reflect.Constructor.newInstance(Constructor.java:490)
	at org.apache.ratis.util.ReflectionUtils.instantiateException(ReflectionUtils.java:259)
	at org.apache.ratis.grpc.GrpcUtil.tryUnwrapException(GrpcUtil.java:120)
	... 13 more
Caused by: org.apache.ratis.thirdparty.io.grpc.StatusRuntimeException: INTERNAL: Task java.util.concurrent.CompletableFuture$AsyncSupply@77062c1a rejected from java.util.concurrent.ThreadPoolExecutor@3ad4e2b[Terminated, pool size = 0, active threads = 0, queued tasks = 0, completed tasks = 198]
	at org.apache.ratis.thirdparty.io.grpc.Status.asRuntimeException(Status.java:535)
	... 10 more
	Suppressed: java.lang.IllegalStateException: Failed to cast to class java.io.IOException, object=java.util.concurrent.RejectedExecutionException: Task java.util.concurrent.CompletableFuture$AsyncSupply@77062c1a rejected from java.util.concurrent.ThreadPoolExecutor@3ad4e2b[Terminated, pool size = 0, active threads = 0, queued tasks = 0, completed tasks = 198]
	at java.base/java.util.concurrent.ThreadPoolExecutor$AbortPolicy.rejectedExecution(ThreadPoolExecutor.java:2055)
	at java.base/java.util.concurrent.ThreadPoolExecutor.reject(ThreadPoolExecutor.java:825)
	at java.base/java.util.concurrent.ThreadPoolExecutor.execute(ThreadPoolExecutor.java:1355)
	at java.base/java.util.concurrent.CompletableFuture.asyncSupplyStage(CompletableFuture.java:1714)
	at java.base/java.util.concurrent.CompletableFuture.supplyAsync(CompletableFuture.java:1931)
	at org.apache.ratis.server.impl.RaftServerImpl.executeSubmitServerRequestAsync(RaftServerImpl.java:812)
	at org.apache.ratis.server.impl.RaftServerProxy.lambda$appendEntriesAsync$27(RaftServerProxy.java:634)
	at java.base/java.util.concurrent.CompletableFuture.uniComposeStage(CompletableFuture.java:1106)
	at java.base/java.util.concurrent.CompletableFuture.thenCompose(CompletableFuture.java:2235)
	at org.apache.ratis.server.impl.RaftServerProxy.appendEntriesAsync(RaftServerProxy.java:634)
	at org.apache.ratis.grpc.server.GrpcServerProtocolService$1.process(GrpcServerProtocolService.java:219)
	at org.apache.ratis.grpc.server.GrpcServerProtocolService$1.process(GrpcServerProtocolService.java:216)
	at org.apache.ratis.grpc.server.GrpcServerProtocolService$ServerRequestStreamObserver.onNext(GrpcServerProtocolService.java:124)
	at org.apache.ratis.thirdparty.io.grpc.stub.ServerCalls$StreamingServerCallHandler$StreamingServerCallListener.onMessage(ServerCalls.java:262)
	at org.apache.ratis.thirdparty.io.grpc.ForwardingServerCallListener.onMessage(ForwardingServerCallListener.java:33)
	at org.apache.ratis.thirdparty.io.grpc.internal.ServerCallImpl$ServerStreamListenerImpl.messagesAvailableInternal(ServerCallImpl.java:332)
	at org.apache.ratis.thirdparty.io.grpc.internal.ServerCallImpl$ServerStreamListenerImpl.messagesAvailable(ServerCallImpl.java:315)
	at org.apache.ratis.thirdparty.io.grpc.internal.ServerImpl$JumpToApplicationThreadServerStreamListener$1MessagesAvailable.runInContext(ServerImpl.java:834)
	at org.apache.ratis.thirdparty.io.grpc.internal.ContextRunnable.run(ContextRunnable.java:37)
	at org.apache.ratis.thirdparty.io.grpc.internal.SerializingExecutor.run(SerializingExecutor.java:133)
	at java.base/java.util.concurrent.ThreadPoolExecutor.runWorker(ThreadPoolExecutor.java:1128)
	at java.base/java.util.concurrent.ThreadPoolExecutor$Worker.run(ThreadPoolExecutor.java:628)
	at java.base/java.lang.Thread.run(Thread.java:829)

		at org.apache.ratis.util.IOUtils.readObject(IOUtils.java:237)
		at org.apache.ratis.util.IOUtils.bytes2Object(IOUtils.java:214)
		at org.apache.ratis.grpc.GrpcUtil.tryUnwrapException(GrpcUtil.java:109)
		at org.apache.ratis.grpc.GrpcUtil.unwrapThrowable(GrpcUtil.java:82)
		at org.apache.ratis.grpc.GrpcUtil.warn(GrpcUtil.java:178)
		at org.apache.ratis.grpc.server.GrpcLogAppender$AppendLogResponseHandler.onError(GrpcLogAppender.java:405)
		... 10 more
	Caused by: java.lang.ClassCastException: Cannot cast java.util.concurrent.RejectedExecutionException to java.io.IOException
		at java.base/java.lang.Class.cast(Class.java:3605)
		at org.apache.ratis.util.IOUtils.readObject(IOUtils.java:234)
		... 15 more
2022-10-13 10:40:57,656 [grpc-default-executor-2] INFO  leader.FollowerInfo (FollowerInfoImpl.java:lambda$new$0(48)) - s0@group-6905249F38B1->s1: nextIndex: updateUnconditionally 263 -> 259
2022-10-13 10:40:57,692 [grpc-default-executor-0] WARN  server.GrpcServerProtocolService (LogUtils.java:warn(124)) - s1: Failed APPEND_ENTRIES request s0->s1#378-t2,previous=(t:2, i:258),leaderCommit=262,initializing? true,entries: size=4, first=(t:2, i:259), CONFIGURATIONENTRY(current:id: "s0"
address: "localhost:46195"
dataStreamAddress: "localhost:39399"
clientAddress: "localhost:42765"
adminAddress: "localhost:44717"
startupRole: FOLLOWER
,id: "s1"
address: "0.0.0.0:46693"
clientAddress: "0.0.0.0:46693"
adminAddress: "0.0.0.0:46693"
startupRole: FOLLOWER
,id: "s2"
address: "0.0.0.0:36699"
clientAddress: "0.0.0.0:36699"
adminAddress: "0.0.0.0:36699"
startupRole: FOLLOWER
, old:id: "s0"
address: "localhost:46195"
dataStreamAddress: "localhost:39399"
clientAddress: "localhost:42765"
adminAddress: "localhost:44717"
startupRole: FOLLOWER
)
java.util.concurrent.CompletionException: java.util.concurrent.RejectedExecutionException: Task java.util.concurrent.CompletableFuture$AsyncSupply@52fa478e rejected from java.util.concurrent.ThreadPoolExecutor@3ad4e2b[Terminated, pool size = 0, active threads = 0, queued tasks = 0, completed tasks = 198]
	at java.base/java.util.concurrent.CompletableFuture.encodeThrowable(CompletableFuture.java:314)
	at java.base/java.util.concurrent.CompletableFuture.uniComposeStage(CompletableFuture.java:1113)
	at java.base/java.util.concurrent.CompletableFuture.thenCompose(CompletableFuture.java:2235)
	at org.apache.ratis.server.impl.RaftServerProxy.appendEntriesAsync(RaftServerProxy.java:634)
	at org.apache.ratis.grpc.server.GrpcServerProtocolService$1.process(GrpcServerProtocolService.java:219)
	at org.apache.ratis.grpc.server.GrpcServerProtocolService$1.process(GrpcServerProtocolService.java:216)
	at org.apache.ratis.grpc.server.GrpcServerProtocolService$ServerRequestStreamObserver.onNext(GrpcServerProtocolService.java:124)
	at org.apache.ratis.thirdparty.io.grpc.stub.ServerCalls$StreamingServerCallHandler$StreamingServerCallListener.onMessage(ServerCalls.java:262)
	at org.apache.ratis.thirdparty.io.grpc.ForwardingServerCallListener.onMessage(ForwardingServerCallListener.java:33)
	at org.apache.ratis.thirdparty.io.grpc.internal.ServerCallImpl$ServerStreamListenerImpl.messagesAvailableInternal(ServerCallImpl.java:332)
	at org.apache.ratis.thirdparty.io.grpc.internal.ServerCallImpl$ServerStreamListenerImpl.messagesAvailable(ServerCallImpl.java:315)
	at org.apache.ratis.thirdparty.io.grpc.internal.ServerImpl$JumpToApplicationThreadServerStreamListener$1MessagesAvailable.runInContext(ServerImpl.java:834)
	at org.apache.ratis.thirdparty.io.grpc.internal.ContextRunnable.run(ContextRunnable.java:37)
	at org.apache.ratis.thirdparty.io.grpc.internal.SerializingExecutor.run(SerializingExecutor.java:133)
	at java.base/java.util.concurrent.ThreadPoolExecutor.runWorker(ThreadPoolExecutor.java:1128)
	at java.base/java.util.concurrent.ThreadPoolExecutor$Worker.run(ThreadPoolExecutor.java:628)
	at java.base/java.lang.Thread.run(Thread.java:829)
Caused by: java.util.concurrent.RejectedExecutionException: Task java.util.concurrent.CompletableFuture$AsyncSupply@52fa478e rejected from java.util.concurrent.ThreadPoolExecutor@3ad4e2b[Terminated, pool size = 0, active threads = 0, queued tasks = 0, completed tasks = 198]
	at java.base/java.util.concurrent.ThreadPoolExecutor$AbortPolicy.rejectedExecution(ThreadPoolExecutor.java:2055)
	at java.base/java.util.concurrent.ThreadPoolExecutor.reject(ThreadPoolExecutor.java:825)
	at java.base/java.util.concurrent.ThreadPoolExecutor.execute(ThreadPoolExecutor.java:1355)
	at java.base/java.util.concurrent.CompletableFuture.asyncSupplyStage(CompletableFuture.java:1714)
	at java.base/java.util.concurrent.CompletableFuture.supplyAsync(CompletableFuture.java:1931)
	at org.apache.ratis.server.impl.RaftServerImpl.executeSubmitServerRequestAsync(RaftServerImpl.java:812)
	at org.apache.ratis.server.impl.RaftServerProxy.lambda$appendEntriesAsync$27(RaftServerProxy.java:634)
	at java.base/java.util.concurrent.CompletableFuture.uniComposeStage(CompletableFuture.java:1106)
	... 15 more
2022-10-13 10:40:57,693 [grpc-default-executor-2] WARN  server.GrpcLogAppender (LogUtils.java:warn(124)) - s0@group-6905249F38B1->s1-AppendLogResponseHandler: Failed appendEntries
java.io.IOException: java.util.concurrent.RejectedExecutionException: Task java.util.concurrent.CompletableFuture$AsyncSupply@52fa478e rejected from java.util.concurrent.ThreadPoolExecutor@3ad4e2b[Terminated, pool size = 0, active threads = 0, queued tasks = 0, completed tasks = 198]
	at org.apache.ratis.util.IOUtils.asIOException(IOUtils.java:56)
	at org.apache.ratis.grpc.GrpcUtil.tryUnwrapException(GrpcUtil.java:121)
	at org.apache.ratis.grpc.GrpcUtil.unwrapThrowable(GrpcUtil.java:82)
	at org.apache.ratis.grpc.GrpcUtil.warn(GrpcUtil.java:178)
	at org.apache.ratis.grpc.server.GrpcLogAppender$AppendLogResponseHandler.onError(GrpcLogAppender.java:405)
	at org.apache.ratis.thirdparty.io.grpc.stub.ClientCalls$StreamObserverToCallListenerAdapter.onClose(ClientCalls.java:487)
	at org.apache.ratis.thirdparty.io.grpc.internal.ClientCallImpl.closeObserver(ClientCallImpl.java:562)
	at org.apache.ratis.thirdparty.io.grpc.internal.ClientCallImpl.access$300(ClientCallImpl.java:70)
	at org.apache.ratis.thirdparty.io.grpc.internal.ClientCallImpl$ClientStreamListenerImpl$1StreamClosed.runInternal(ClientCallImpl.java:743)
	at org.apache.ratis.thirdparty.io.grpc.internal.ClientCallImpl$ClientStreamListenerImpl$1StreamClosed.runInContext(ClientCallImpl.java:722)
	at org.apache.ratis.thirdparty.io.grpc.internal.ContextRunnable.run(ContextRunnable.java:37)
	at org.apache.ratis.thirdparty.io.grpc.internal.SerializingExecutor.run(SerializingExecutor.java:133)
	at java.base/java.util.concurrent.ThreadPoolExecutor.runWorker(ThreadPoolExecutor.java:1128)
	at java.base/java.util.concurrent.ThreadPoolExecutor$Worker.run(ThreadPoolExecutor.java:628)
	at java.base/java.lang.Thread.run(Thread.java:829)
Caused by: java.util.concurrent.RejectedExecutionException: Task java.util.concurrent.CompletableFuture$AsyncSupply@52fa478e rejected from java.util.concurrent.ThreadPoolExecutor@3ad4e2b[Terminated, pool size = 0, active threads = 0, queued tasks = 0, completed tasks = 198]
	at java.base/jdk.internal.reflect.GeneratedConstructorAccessor7.newInstance(Unknown Source)
	at java.base/jdk.internal.reflect.DelegatingConstructorAccessorImpl.newInstance(DelegatingConstructorAccessorImpl.java:45)
	at java.base/java.lang.reflect.Constructor.newInstance(Constructor.java:490)
	at org.apache.ratis.util.ReflectionUtils.instantiateException(ReflectionUtils.java:259)
	at org.apache.ratis.grpc.GrpcUtil.tryUnwrapException(GrpcUtil.java:120)
	... 13 more
Caused by: org.apache.ratis.thirdparty.io.grpc.StatusRuntimeException: INTERNAL: Task java.util.concurrent.CompletableFuture$AsyncSupply@52fa478e rejected from java.util.concurrent.ThreadPoolExecutor@3ad4e2b[Terminated, pool size = 0, active threads = 0, queued tasks = 0, completed tasks = 198]
	at org.apache.ratis.thirdparty.io.grpc.Status.asRuntimeException(Status.java:535)
	... 10 more
	Suppressed: java.lang.IllegalStateException: Failed to cast to class java.io.IOException, object=java.util.concurrent.RejectedExecutionException: Task java.util.concurrent.CompletableFuture$AsyncSupply@52fa478e rejected from java.util.concurrent.ThreadPoolExecutor@3ad4e2b[Terminated, pool size = 0, active threads = 0, queued tasks = 0, completed tasks = 198]
	at java.base/java.util.concurrent.ThreadPoolExecutor$AbortPolicy.rejectedExecution(ThreadPoolExecutor.java:2055)
	at java.base/java.util.concurrent.ThreadPoolExecutor.reject(ThreadPoolExecutor.java:825)
	at java.base/java.util.concurrent.ThreadPoolExecutor.execute(ThreadPoolExecutor.java:1355)
	at java.base/java.util.concurrent.CompletableFuture.asyncSupplyStage(CompletableFuture.java:1714)
	at java.base/java.util.concurrent.CompletableFuture.supplyAsync(CompletableFuture.java:1931)
	at org.apache.ratis.server.impl.RaftServerImpl.executeSubmitServerRequestAsync(RaftServerImpl.java:812)
	at org.apache.ratis.server.impl.RaftServerProxy.lambda$appendEntriesAsync$27(RaftServerProxy.java:634)
	at java.base/java.util.concurrent.CompletableFuture.uniComposeStage(CompletableFuture.java:1106)
	at java.base/java.util.concurrent.CompletableFuture.thenCompose(CompletableFuture.java:2235)
	at org.apache.ratis.server.impl.RaftServerProxy.appendEntriesAsync(RaftServerProxy.java:634)
	at org.apache.ratis.grpc.server.GrpcServerProtocolService$1.process(GrpcServerProtocolService.java:219)
	at org.apache.ratis.grpc.server.GrpcServerProtocolService$1.process(GrpcServerProtocolService.java:216)
	at org.apache.ratis.grpc.server.GrpcServerProtocolService$ServerRequestStreamObserver.onNext(GrpcServerProtocolService.java:124)
	at org.apache.ratis.thirdparty.io.grpc.stub.ServerCalls$StreamingServerCallHandler$StreamingServerCallListener.onMessage(ServerCalls.java:262)
	at org.apache.ratis.thirdparty.io.grpc.ForwardingServerCallListener.onMessage(ForwardingServerCallListener.java:33)
	at org.apache.ratis.thirdparty.io.grpc.internal.ServerCallImpl$ServerStreamListenerImpl.messagesAvailableInternal(ServerCallImpl.java:332)
	at org.apache.ratis.thirdparty.io.grpc.internal.ServerCallImpl$ServerStreamListenerImpl.messagesAvailable(ServerCallImpl.java:315)
	at org.apache.ratis.thirdparty.io.grpc.internal.ServerImpl$JumpToApplicationThreadServerStreamListener$1MessagesAvailable.runInContext(ServerImpl.java:834)
	at org.apache.ratis.thirdparty.io.grpc.internal.ContextRunnable.run(ContextRunnable.java:37)
	at org.apache.ratis.thirdparty.io.grpc.internal.SerializingExecutor.run(SerializingExecutor.java:133)
	at java.base/java.util.concurrent.ThreadPoolExecutor.runWorker(ThreadPoolExecutor.java:1128)
	at java.base/java.util.concurrent.ThreadPoolExecutor$Worker.run(ThreadPoolExecutor.java:628)
	at java.base/java.lang.Thread.run(Thread.java:829)

		at org.apache.ratis.util.IOUtils.readObject(IOUtils.java:237)
		at org.apache.ratis.util.IOUtils.bytes2Object(IOUtils.java:214)
		at org.apache.ratis.grpc.GrpcUtil.tryUnwrapException(GrpcUtil.java:109)
		at org.apache.ratis.grpc.GrpcUtil.unwrapThrowable(GrpcUtil.java:82)
		at org.apache.ratis.grpc.GrpcUtil.warn(GrpcUtil.java:178)
		at org.apache.ratis.grpc.server.GrpcLogAppender$AppendLogResponseHandler.onError(GrpcLogAppender.java:405)
		... 10 more
	Caused by: java.lang.ClassCastException: Cannot cast java.util.concurrent.RejectedExecutionException to java.io.IOException
		at java.base/java.lang.Class.cast(Class.java:3605)
		at org.apache.ratis.util.IOUtils.readObject(IOUtils.java:234)
		... 15 more
2022-10-13 10:40:57,694 [grpc-default-executor-2] INFO  leader.FollowerInfo (FollowerInfoImpl.java:lambda$new$0(48)) - s0@group-6905249F38B1->s1: nextIndex: updateUnconditionally 263 -> 259
2022-10-13 10:40:57,730 [grpc-default-executor-2] WARN  server.GrpcServerProtocolService (LogUtils.java:warn(124)) - s1: Failed APPEND_ENTRIES request s0->s1#380-t2,previous=(t:2, i:258),leaderCommit=262,initializing? true,entries: size=4, first=(t:2, i:259), CONFIGURATIONENTRY(current:id: "s0"
address: "localhost:46195"
dataStreamAddress: "localhost:39399"
clientAddress: "localhost:42765"
adminAddress: "localhost:44717"
startupRole: FOLLOWER
,id: "s1"
address: "0.0.0.0:46693"
clientAddress: "0.0.0.0:46693"
adminAddress: "0.0.0.0:46693"
startupRole: FOLLOWER
,id: "s2"
address: "0.0.0.0:36699"
clientAddress: "0.0.0.0:36699"
adminAddress: "0.0.0.0:36699"
startupRole: FOLLOWER
, old:id: "s0"
address: "localhost:46195"
dataStreamAddress: "localhost:39399"
clientAddress: "localhost:42765"
adminAddress: "localhost:44717"
startupRole: FOLLOWER
)
java.util.concurrent.CompletionException: java.util.concurrent.RejectedExecutionException: Task java.util.concurrent.CompletableFuture$AsyncSupply@49fddb1d rejected from java.util.concurrent.ThreadPoolExecutor@3ad4e2b[Terminated, pool size = 0, active threads = 0, queued tasks = 0, completed tasks = 198]
	at java.base/java.util.concurrent.CompletableFuture.encodeThrowable(CompletableFuture.java:314)
	at java.base/java.util.concurrent.CompletableFuture.uniComposeStage(CompletableFuture.java:1113)
	at java.base/java.util.concurrent.CompletableFuture.thenCompose(CompletableFuture.java:2235)
	at org.apache.ratis.server.impl.RaftServerProxy.appendEntriesAsync(RaftServerProxy.java:634)
	at org.apache.ratis.grpc.server.GrpcServerProtocolService$1.process(GrpcServerProtocolService.java:219)
	at org.apache.ratis.grpc.server.GrpcServerProtocolService$1.process(GrpcServerProtocolService.java:216)
	at org.apache.ratis.grpc.server.GrpcServerProtocolService$ServerRequestStreamObserver.onNext(GrpcServerProtocolService.java:124)
	at org.apache.ratis.thirdparty.io.grpc.stub.ServerCalls$StreamingServerCallHandler$StreamingServerCallListener.onMessage(ServerCalls.java:262)
	at org.apache.ratis.thirdparty.io.grpc.ForwardingServerCallListener.onMessage(ForwardingServerCallListener.java:33)
	at org.apache.ratis.thirdparty.io.grpc.internal.ServerCallImpl$ServerStreamListenerImpl.messagesAvailableInternal(ServerCallImpl.java:332)
	at org.apache.ratis.thirdparty.io.grpc.internal.ServerCallImpl$ServerStreamListenerImpl.messagesAvailable(ServerCallImpl.java:315)
	at org.apache.ratis.thirdparty.io.grpc.internal.ServerImpl$JumpToApplicationThreadServerStreamListener$1MessagesAvailable.runInContext(ServerImpl.java:834)
	at org.apache.ratis.thirdparty.io.grpc.internal.ContextRunnable.run(ContextRunnable.java:37)
	at org.apache.ratis.thirdparty.io.grpc.internal.SerializingExecutor.run(SerializingExecutor.java:133)
	at java.base/java.util.concurrent.ThreadPoolExecutor.runWorker(ThreadPoolExecutor.java:1128)
	at java.base/java.util.concurrent.ThreadPoolExecutor$Worker.run(ThreadPoolExecutor.java:628)
	at java.base/java.lang.Thread.run(Thread.java:829)
Caused by: java.util.concurrent.RejectedExecutionException: Task java.util.concurrent.CompletableFuture$AsyncSupply@49fddb1d rejected from java.util.concurrent.ThreadPoolExecutor@3ad4e2b[Terminated, pool size = 0, active threads = 0, queued tasks = 0, completed tasks = 198]
	at java.base/java.util.concurrent.ThreadPoolExecutor$AbortPolicy.rejectedExecution(ThreadPoolExecutor.java:2055)
	at java.base/java.util.concurrent.ThreadPoolExecutor.reject(ThreadPoolExecutor.java:825)
	at java.base/java.util.concurrent.ThreadPoolExecutor.execute(ThreadPoolExecutor.java:1355)
	at java.base/java.util.concurrent.CompletableFuture.asyncSupplyStage(CompletableFuture.java:1714)
	at java.base/java.util.concurrent.CompletableFuture.supplyAsync(CompletableFuture.java:1931)
	at org.apache.ratis.server.impl.RaftServerImpl.executeSubmitServerRequestAsync(RaftServerImpl.java:812)
	at org.apache.ratis.server.impl.RaftServerProxy.lambda$appendEntriesAsync$27(RaftServerProxy.java:634)
	at java.base/java.util.concurrent.CompletableFuture.uniComposeStage(CompletableFuture.java:1106)
	... 15 more
2022-10-13 10:40:57,732 [grpc-default-executor-3] WARN  server.GrpcLogAppender (LogUtils.java:warn(124)) - s0@group-6905249F38B1->s1-AppendLogResponseHandler: Failed appendEntries
java.io.IOException: java.util.concurrent.RejectedExecutionException: Task java.util.concurrent.CompletableFuture$AsyncSupply@49fddb1d rejected from java.util.concurrent.ThreadPoolExecutor@3ad4e2b[Terminated, pool size = 0, active threads = 0, queued tasks = 0, completed tasks = 198]
	at org.apache.ratis.util.IOUtils.asIOException(IOUtils.java:56)
	at org.apache.ratis.grpc.GrpcUtil.tryUnwrapException(GrpcUtil.java:121)
	at org.apache.ratis.grpc.GrpcUtil.unwrapThrowable(GrpcUtil.java:82)
	at org.apache.ratis.grpc.GrpcUtil.warn(GrpcUtil.java:178)
	at org.apache.ratis.grpc.server.GrpcLogAppender$AppendLogResponseHandler.onError(GrpcLogAppender.java:405)
	at org.apache.ratis.thirdparty.io.grpc.stub.ClientCalls$StreamObserverToCallListenerAdapter.onClose(ClientCalls.java:487)
	at org.apache.ratis.thirdparty.io.grpc.internal.ClientCallImpl.closeObserver(ClientCallImpl.java:562)
	at org.apache.ratis.thirdparty.io.grpc.internal.ClientCallImpl.access$300(ClientCallImpl.java:70)
	at org.apache.ratis.thirdparty.io.grpc.internal.ClientCallImpl$ClientStreamListenerImpl$1StreamClosed.runInternal(ClientCallImpl.java:743)
	at org.apache.ratis.thirdparty.io.grpc.internal.ClientCallImpl$ClientStreamListenerImpl$1StreamClosed.runInContext(ClientCallImpl.java:722)
	at org.apache.ratis.thirdparty.io.grpc.internal.ContextRunnable.run(ContextRunnable.java:37)
	at org.apache.ratis.thirdparty.io.grpc.internal.SerializingExecutor.run(SerializingExecutor.java:133)
	at java.base/java.util.concurrent.ThreadPoolExecutor.runWorker(ThreadPoolExecutor.java:1128)
	at java.base/java.util.concurrent.ThreadPoolExecutor$Worker.run(ThreadPoolExecutor.java:628)
	at java.base/java.lang.Thread.run(Thread.java:829)
Caused by: java.util.concurrent.RejectedExecutionException: Task java.util.concurrent.CompletableFuture$AsyncSupply@49fddb1d rejected from java.util.concurrent.ThreadPoolExecutor@3ad4e2b[Terminated, pool size = 0, active threads = 0, queued tasks = 0, completed tasks = 198]
	at java.base/jdk.internal.reflect.GeneratedConstructorAccessor7.newInstance(Unknown Source)
	at java.base/jdk.internal.reflect.DelegatingConstructorAccessorImpl.newInstance(DelegatingConstructorAccessorImpl.java:45)
	at java.base/java.lang.reflect.Constructor.newInstance(Constructor.java:490)
	at org.apache.ratis.util.ReflectionUtils.instantiateException(ReflectionUtils.java:259)
	at org.apache.ratis.grpc.GrpcUtil.tryUnwrapException(GrpcUtil.java:120)
	... 13 more
Caused by: org.apache.ratis.thirdparty.io.grpc.StatusRuntimeException: INTERNAL: Task java.util.concurrent.CompletableFuture$AsyncSupply@49fddb1d rejected from java.util.concurrent.ThreadPoolExecutor@3ad4e2b[Terminated, pool size = 0, active threads = 0, queued tasks = 0, completed tasks = 198]
	at org.apache.ratis.thirdparty.io.grpc.Status.asRuntimeException(Status.java:535)
	... 10 more
	Suppressed: java.lang.IllegalStateException: Failed to cast to class java.io.IOException, object=java.util.concurrent.RejectedExecutionException: Task java.util.concurrent.CompletableFuture$AsyncSupply@49fddb1d rejected from java.util.concurrent.ThreadPoolExecutor@3ad4e2b[Terminated, pool size = 0, active threads = 0, queued tasks = 0, completed tasks = 198]
	at java.base/java.util.concurrent.ThreadPoolExecutor$AbortPolicy.rejectedExecution(ThreadPoolExecutor.java:2055)
	at java.base/java.util.concurrent.ThreadPoolExecutor.reject(ThreadPoolExecutor.java:825)
	at java.base/java.util.concurrent.ThreadPoolExecutor.execute(ThreadPoolExecutor.java:1355)
	at java.base/java.util.concurrent.CompletableFuture.asyncSupplyStage(CompletableFuture.java:1714)
	at java.base/java.util.concurrent.CompletableFuture.supplyAsync(CompletableFuture.java:1931)
	at org.apache.ratis.server.impl.RaftServerImpl.executeSubmitServerRequestAsync(RaftServerImpl.java:812)
	at org.apache.ratis.server.impl.RaftServerProxy.lambda$appendEntriesAsync$27(RaftServerProxy.java:634)
	at java.base/java.util.concurrent.CompletableFuture.uniComposeStage(CompletableFuture.java:1106)
	at java.base/java.util.concurrent.CompletableFuture.thenCompose(CompletableFuture.java:2235)
	at org.apache.ratis.server.impl.RaftServerProxy.appendEntriesAsync(RaftServerProxy.java:634)
	at org.apache.ratis.grpc.server.GrpcServerProtocolService$1.process(GrpcServerProtocolService.java:219)
	at org.apache.ratis.grpc.server.GrpcServerProtocolService$1.process(GrpcServerProtocolService.java:216)
	at org.apache.ratis.grpc.server.GrpcServerProtocolService$ServerRequestStreamObserver.onNext(GrpcServerProtocolService.java:124)
	at org.apache.ratis.thirdparty.io.grpc.stub.ServerCalls$StreamingServerCallHandler$StreamingServerCallListener.onMessage(ServerCalls.java:262)
	at org.apache.ratis.thirdparty.io.grpc.ForwardingServerCallListener.onMessage(ForwardingServerCallListener.java:33)
	at org.apache.ratis.thirdparty.io.grpc.internal.ServerCallImpl$ServerStreamListenerImpl.messagesAvailableInternal(ServerCallImpl.java:332)
	at org.apache.ratis.thirdparty.io.grpc.internal.ServerCallImpl$ServerStreamListenerImpl.messagesAvailable(ServerCallImpl.java:315)
	at org.apache.ratis.thirdparty.io.grpc.internal.ServerImpl$JumpToApplicationThreadServerStreamListener$1MessagesAvailable.runInContext(ServerImpl.java:834)
	at org.apache.ratis.thirdparty.io.grpc.internal.ContextRunnable.run(ContextRunnable.java:37)
	at org.apache.ratis.thirdparty.io.grpc.internal.SerializingExecutor.run(SerializingExecutor.java:133)
	at java.base/java.util.concurrent.ThreadPoolExecutor.runWorker(ThreadPoolExecutor.java:1128)
	at java.base/java.util.concurrent.ThreadPoolExecutor$Worker.run(ThreadPoolExecutor.java:628)
	at java.base/java.lang.Thread.run(Thread.java:829)

		at org.apache.ratis.util.IOUtils.readObject(IOUtils.java:237)
		at org.apache.ratis.util.IOUtils.bytes2Object(IOUtils.java:214)
		at org.apache.ratis.grpc.GrpcUtil.tryUnwrapException(GrpcUtil.java:109)
		at org.apache.ratis.grpc.GrpcUtil.unwrapThrowable(GrpcUtil.java:82)
		at org.apache.ratis.grpc.GrpcUtil.warn(GrpcUtil.java:178)
		at org.apache.ratis.grpc.server.GrpcLogAppender$AppendLogResponseHandler.onError(GrpcLogAppender.java:405)
		... 10 more
	Caused by: java.lang.ClassCastException: Cannot cast java.util.concurrent.RejectedExecutionException to java.io.IOException
		at java.base/java.lang.Class.cast(Class.java:3605)
		at org.apache.ratis.util.IOUtils.readObject(IOUtils.java:234)
		... 15 more
2022-10-13 10:40:57,732 [grpc-default-executor-3] INFO  leader.FollowerInfo (FollowerInfoImpl.java:lambda$new$0(48)) - s0@group-6905249F38B1->s1: nextIndex: updateUnconditionally 263 -> 259
2022-10-13 10:40:57,768 [grpc-default-executor-2] WARN  server.GrpcServerProtocolService (LogUtils.java:warn(124)) - s1: Failed APPEND_ENTRIES request s0->s1#382-t2,previous=(t:2, i:258),leaderCommit=262,initializing? true,entries: size=4, first=(t:2, i:259), CONFIGURATIONENTRY(current:id: "s0"
address: "localhost:46195"
dataStreamAddress: "localhost:39399"
clientAddress: "localhost:42765"
adminAddress: "localhost:44717"
startupRole: FOLLOWER
,id: "s1"
address: "0.0.0.0:46693"
clientAddress: "0.0.0.0:46693"
adminAddress: "0.0.0.0:46693"
startupRole: FOLLOWER
,id: "s2"
address: "0.0.0.0:36699"
clientAddress: "0.0.0.0:36699"
adminAddress: "0.0.0.0:36699"
startupRole: FOLLOWER
, old:id: "s0"
address: "localhost:46195"
dataStreamAddress: "localhost:39399"
clientAddress: "localhost:42765"
adminAddress: "localhost:44717"
startupRole: FOLLOWER
)
java.util.concurrent.CompletionException: java.util.concurrent.RejectedExecutionException: Task java.util.concurrent.CompletableFuture$AsyncSupply@2e82bf1 rejected from java.util.concurrent.ThreadPoolExecutor@3ad4e2b[Terminated, pool size = 0, active threads = 0, queued tasks = 0, completed tasks = 198]
	at java.base/java.util.concurrent.CompletableFuture.encodeThrowable(CompletableFuture.java:314)
	at java.base/java.util.concurrent.CompletableFuture.uniComposeStage(CompletableFuture.java:1113)
	at java.base/java.util.concurrent.CompletableFuture.thenCompose(CompletableFuture.java:2235)
	at org.apache.ratis.server.impl.RaftServerProxy.appendEntriesAsync(RaftServerProxy.java:634)
	at org.apache.ratis.grpc.server.GrpcServerProtocolService$1.process(GrpcServerProtocolService.java:219)
	at org.apache.ratis.grpc.server.GrpcServerProtocolService$1.process(GrpcServerProtocolService.java:216)
	at org.apache.ratis.grpc.server.GrpcServerProtocolService$ServerRequestStreamObserver.onNext(GrpcServerProtocolService.java:124)
	at org.apache.ratis.thirdparty.io.grpc.stub.ServerCalls$StreamingServerCallHandler$StreamingServerCallListener.onMessage(ServerCalls.java:262)
	at org.apache.ratis.thirdparty.io.grpc.ForwardingServerCallListener.onMessage(ForwardingServerCallListener.java:33)
	at org.apache.ratis.thirdparty.io.grpc.internal.ServerCallImpl$ServerStreamListenerImpl.messagesAvailableInternal(ServerCallImpl.java:332)
	at org.apache.ratis.thirdparty.io.grpc.internal.ServerCallImpl$ServerStreamListenerImpl.messagesAvailable(ServerCallImpl.java:315)
	at org.apache.ratis.thirdparty.io.grpc.internal.ServerImpl$JumpToApplicationThreadServerStreamListener$1MessagesAvailable.runInContext(ServerImpl.java:834)
	at org.apache.ratis.thirdparty.io.grpc.internal.ContextRunnable.run(ContextRunnable.java:37)
	at org.apache.ratis.thirdparty.io.grpc.internal.SerializingExecutor.run(SerializingExecutor.java:133)
	at java.base/java.util.concurrent.ThreadPoolExecutor.runWorker(ThreadPoolExecutor.java:1128)
	at java.base/java.util.concurrent.ThreadPoolExecutor$Worker.run(ThreadPoolExecutor.java:628)
	at java.base/java.lang.Thread.run(Thread.java:829)
Caused by: java.util.concurrent.RejectedExecutionException: Task java.util.concurrent.CompletableFuture$AsyncSupply@2e82bf1 rejected from java.util.concurrent.ThreadPoolExecutor@3ad4e2b[Terminated, pool size = 0, active threads = 0, queued tasks = 0, completed tasks = 198]
	at java.base/java.util.concurrent.ThreadPoolExecutor$AbortPolicy.rejectedExecution(ThreadPoolExecutor.java:2055)
	at java.base/java.util.concurrent.ThreadPoolExecutor.reject(ThreadPoolExecutor.java:825)
	at java.base/java.util.concurrent.ThreadPoolExecutor.execute(ThreadPoolExecutor.java:1355)
	at java.base/java.util.concurrent.CompletableFuture.asyncSupplyStage(CompletableFuture.java:1714)
	at java.base/java.util.concurrent.CompletableFuture.supplyAsync(CompletableFuture.java:1931)
	at org.apache.ratis.server.impl.RaftServerImpl.executeSubmitServerRequestAsync(RaftServerImpl.java:812)
	at org.apache.ratis.server.impl.RaftServerProxy.lambda$appendEntriesAsync$27(RaftServerProxy.java:634)
	at java.base/java.util.concurrent.CompletableFuture.uniComposeStage(CompletableFuture.java:1106)
	... 15 more
2022-10-13 10:40:57,769 [grpc-default-executor-3] WARN  server.GrpcLogAppender (LogUtils.java:warn(124)) - s0@group-6905249F38B1->s1-AppendLogResponseHandler: Failed appendEntries
java.io.IOException: java.util.concurrent.RejectedExecutionException: Task java.util.concurrent.CompletableFuture$AsyncSupply@2e82bf1 rejected from java.util.concurrent.ThreadPoolExecutor@3ad4e2b[Terminated, pool size = 0, active threads = 0, queued tasks = 0, completed tasks = 198]
	at org.apache.ratis.util.IOUtils.asIOException(IOUtils.java:56)
	at org.apache.ratis.grpc.GrpcUtil.tryUnwrapException(GrpcUtil.java:121)
	at org.apache.ratis.grpc.GrpcUtil.unwrapThrowable(GrpcUtil.java:82)
	at org.apache.ratis.grpc.GrpcUtil.warn(GrpcUtil.java:178)
	at org.apache.ratis.grpc.server.GrpcLogAppender$AppendLogResponseHandler.onError(GrpcLogAppender.java:405)
	at org.apache.ratis.thirdparty.io.grpc.stub.ClientCalls$StreamObserverToCallListenerAdapter.onClose(ClientCalls.java:487)
	at org.apache.ratis.thirdparty.io.grpc.internal.ClientCallImpl.closeObserver(ClientCallImpl.java:562)
	at org.apache.ratis.thirdparty.io.grpc.internal.ClientCallImpl.access$300(ClientCallImpl.java:70)
	at org.apache.ratis.thirdparty.io.grpc.internal.ClientCallImpl$ClientStreamListenerImpl$1StreamClosed.runInternal(ClientCallImpl.java:743)
	at org.apache.ratis.thirdparty.io.grpc.internal.ClientCallImpl$ClientStreamListenerImpl$1StreamClosed.runInContext(ClientCallImpl.java:722)
	at org.apache.ratis.thirdparty.io.grpc.internal.ContextRunnable.run(ContextRunnable.java:37)
	at org.apache.ratis.thirdparty.io.grpc.internal.SerializingExecutor.run(SerializingExecutor.java:133)
	at java.base/java.util.concurrent.ThreadPoolExecutor.runWorker(ThreadPoolExecutor.java:1128)
	at java.base/java.util.concurrent.ThreadPoolExecutor$Worker.run(ThreadPoolExecutor.java:628)
	at java.base/java.lang.Thread.run(Thread.java:829)
Caused by: java.util.concurrent.RejectedExecutionException: Task java.util.concurrent.CompletableFuture$AsyncSupply@2e82bf1 rejected from java.util.concurrent.ThreadPoolExecutor@3ad4e2b[Terminated, pool size = 0, active threads = 0, queued tasks = 0, completed tasks = 198]
	at java.base/jdk.internal.reflect.GeneratedConstructorAccessor7.newInstance(Unknown Source)
	at java.base/jdk.internal.reflect.DelegatingConstructorAccessorImpl.newInstance(DelegatingConstructorAccessorImpl.java:45)
	at java.base/java.lang.reflect.Constructor.newInstance(Constructor.java:490)
	at org.apache.ratis.util.ReflectionUtils.instantiateException(ReflectionUtils.java:259)
	at org.apache.ratis.grpc.GrpcUtil.tryUnwrapException(GrpcUtil.java:120)
	... 13 more
Caused by: org.apache.ratis.thirdparty.io.grpc.StatusRuntimeException: INTERNAL: Task java.util.concurrent.CompletableFuture$AsyncSupply@2e82bf1 rejected from java.util.concurrent.ThreadPoolExecutor@3ad4e2b[Terminated, pool size = 0, active threads = 0, queued tasks = 0, completed tasks = 198]
	at org.apache.ratis.thirdparty.io.grpc.Status.asRuntimeException(Status.java:535)
	... 10 more
	Suppressed: java.lang.IllegalStateException: Failed to cast to class java.io.IOException, object=java.util.concurrent.RejectedExecutionException: Task java.util.concurrent.CompletableFuture$AsyncSupply@2e82bf1 rejected from java.util.concurrent.ThreadPoolExecutor@3ad4e2b[Terminated, pool size = 0, active threads = 0, queued tasks = 0, completed tasks = 198]
	at java.base/java.util.concurrent.ThreadPoolExecutor$AbortPolicy.rejectedExecution(ThreadPoolExecutor.java:2055)
	at java.base/java.util.concurrent.ThreadPoolExecutor.reject(ThreadPoolExecutor.java:825)
	at java.base/java.util.concurrent.ThreadPoolExecutor.execute(ThreadPoolExecutor.java:1355)
	at java.base/java.util.concurrent.CompletableFuture.asyncSupplyStage(CompletableFuture.java:1714)
	at java.base/java.util.concurrent.CompletableFuture.supplyAsync(CompletableFuture.java:1931)
	at org.apache.ratis.server.impl.RaftServerImpl.executeSubmitServerRequestAsync(RaftServerImpl.java:812)
	at org.apache.ratis.server.impl.RaftServerProxy.lambda$appendEntriesAsync$27(RaftServerProxy.java:634)
	at java.base/java.util.concurrent.CompletableFuture.uniComposeStage(CompletableFuture.java:1106)
	at java.base/java.util.concurrent.CompletableFuture.thenCompose(CompletableFuture.java:2235)
	at org.apache.ratis.server.impl.RaftServerProxy.appendEntriesAsync(RaftServerProxy.java:634)
	at org.apache.ratis.grpc.server.GrpcServerProtocolService$1.process(GrpcServerProtocolService.java:219)
	at org.apache.ratis.grpc.server.GrpcServerProtocolService$1.process(GrpcServerProtocolService.java:216)
	at org.apache.ratis.grpc.server.GrpcServerProtocolService$ServerRequestStreamObserver.onNext(GrpcServerProtocolService.java:124)
	at org.apache.ratis.thirdparty.io.grpc.stub.ServerCalls$StreamingServerCallHandler$StreamingServerCallListener.onMessage(ServerCalls.java:262)
	at org.apache.ratis.thirdparty.io.grpc.ForwardingServerCallListener.onMessage(ForwardingServerCallListener.java:33)
	at org.apache.ratis.thirdparty.io.grpc.internal.ServerCallImpl$ServerStreamListenerImpl.messagesAvailableInternal(ServerCallImpl.java:332)
	at org.apache.ratis.thirdparty.io.grpc.internal.ServerCallImpl$ServerStreamListenerImpl.messagesAvailable(ServerCallImpl.java:315)
	at org.apache.ratis.thirdparty.io.grpc.internal.ServerImpl$JumpToApplicationThreadServerStreamListener$1MessagesAvailable.runInContext(ServerImpl.java:834)
	at org.apache.ratis.thirdparty.io.grpc.internal.ContextRunnable.run(ContextRunnable.java:37)
	at org.apache.ratis.thirdparty.io.grpc.internal.SerializingExecutor.run(SerializingExecutor.java:133)
	at java.base/java.util.concurrent.ThreadPoolExecutor.runWorker(ThreadPoolExecutor.java:1128)
	at java.base/java.util.concurrent.ThreadPoolExecutor$Worker.run(ThreadPoolExecutor.java:628)
	at java.base/java.lang.Thread.run(Thread.java:829)

		at org.apache.ratis.util.IOUtils.readObject(IOUtils.java:237)
		at org.apache.ratis.util.IOUtils.bytes2Object(IOUtils.java:214)
		at org.apache.ratis.grpc.GrpcUtil.tryUnwrapException(GrpcUtil.java:109)
		at org.apache.ratis.grpc.GrpcUtil.unwrapThrowable(GrpcUtil.java:82)
		at org.apache.ratis.grpc.GrpcUtil.warn(GrpcUtil.java:178)
		at org.apache.ratis.grpc.server.GrpcLogAppender$AppendLogResponseHandler.onError(GrpcLogAppender.java:405)
		... 10 more
	Caused by: java.lang.ClassCastException: Cannot cast java.util.concurrent.RejectedExecutionException to java.io.IOException
		at java.base/java.lang.Class.cast(Class.java:3605)
		at org.apache.ratis.util.IOUtils.readObject(IOUtils.java:234)
		... 15 more
2022-10-13 10:40:57,770 [grpc-default-executor-3] INFO  leader.FollowerInfo (FollowerInfoImpl.java:lambda$new$0(48)) - s0@group-6905249F38B1->s1: nextIndex: updateUnconditionally 263 -> 259
2022-10-13 10:40:57,805 [grpc-default-executor-2] WARN  server.GrpcServerProtocolService (LogUtils.java:warn(124)) - s1: Failed APPEND_ENTRIES request s0->s1#384-t2,previous=(t:2, i:258),leaderCommit=262,initializing? true,entries: size=4, first=(t:2, i:259), CONFIGURATIONENTRY(current:id: "s0"
address: "localhost:46195"
dataStreamAddress: "localhost:39399"
clientAddress: "localhost:42765"
adminAddress: "localhost:44717"
startupRole: FOLLOWER
,id: "s1"
address: "0.0.0.0:46693"
clientAddress: "0.0.0.0:46693"
adminAddress: "0.0.0.0:46693"
startupRole: FOLLOWER
,id: "s2"
address: "0.0.0.0:36699"
clientAddress: "0.0.0.0:36699"
adminAddress: "0.0.0.0:36699"
startupRole: FOLLOWER
, old:id: "s0"
address: "localhost:46195"
dataStreamAddress: "localhost:39399"
clientAddress: "localhost:42765"
adminAddress: "localhost:44717"
startupRole: FOLLOWER
)
java.util.concurrent.CompletionException: java.util.concurrent.RejectedExecutionException: Task java.util.concurrent.CompletableFuture$AsyncSupply@69398317 rejected from java.util.concurrent.ThreadPoolExecutor@3ad4e2b[Terminated, pool size = 0, active threads = 0, queued tasks = 0, completed tasks = 198]
	at java.base/java.util.concurrent.CompletableFuture.encodeThrowable(CompletableFuture.java:314)
	at java.base/java.util.concurrent.CompletableFuture.uniComposeStage(CompletableFuture.java:1113)
	at java.base/java.util.concurrent.CompletableFuture.thenCompose(CompletableFuture.java:2235)
	at org.apache.ratis.server.impl.RaftServerProxy.appendEntriesAsync(RaftServerProxy.java:634)
	at org.apache.ratis.grpc.server.GrpcServerProtocolService$1.process(GrpcServerProtocolService.java:219)
	at org.apache.ratis.grpc.server.GrpcServerProtocolService$1.process(GrpcServerProtocolService.java:216)
	at org.apache.ratis.grpc.server.GrpcServerProtocolService$ServerRequestStreamObserver.onNext(GrpcServerProtocolService.java:124)
	at org.apache.ratis.thirdparty.io.grpc.stub.ServerCalls$StreamingServerCallHandler$StreamingServerCallListener.onMessage(ServerCalls.java:262)
	at org.apache.ratis.thirdparty.io.grpc.ForwardingServerCallListener.onMessage(ForwardingServerCallListener.java:33)
	at org.apache.ratis.thirdparty.io.grpc.internal.ServerCallImpl$ServerStreamListenerImpl.messagesAvailableInternal(ServerCallImpl.java:332)
	at org.apache.ratis.thirdparty.io.grpc.internal.ServerCallImpl$ServerStreamListenerImpl.messagesAvailable(ServerCallImpl.java:315)
	at org.apache.ratis.thirdparty.io.grpc.internal.ServerImpl$JumpToApplicationThreadServerStreamListener$1MessagesAvailable.runInContext(ServerImpl.java:834)
	at org.apache.ratis.thirdparty.io.grpc.internal.ContextRunnable.run(ContextRunnable.java:37)
	at org.apache.ratis.thirdparty.io.grpc.internal.SerializingExecutor.run(SerializingExecutor.java:133)
	at java.base/java.util.concurrent.ThreadPoolExecutor.runWorker(ThreadPoolExecutor.java:1128)
	at java.base/java.util.concurrent.ThreadPoolExecutor$Worker.run(ThreadPoolExecutor.java:628)
	at java.base/java.lang.Thread.run(Thread.java:829)
Caused by: java.util.concurrent.RejectedExecutionException: Task java.util.concurrent.CompletableFuture$AsyncSupply@69398317 rejected from java.util.concurrent.ThreadPoolExecutor@3ad4e2b[Terminated, pool size = 0, active threads = 0, queued tasks = 0, completed tasks = 198]
	at java.base/java.util.concurrent.ThreadPoolExecutor$AbortPolicy.rejectedExecution(ThreadPoolExecutor.java:2055)
	at java.base/java.util.concurrent.ThreadPoolExecutor.reject(ThreadPoolExecutor.java:825)
	at java.base/java.util.concurrent.ThreadPoolExecutor.execute(ThreadPoolExecutor.java:1355)
	at java.base/java.util.concurrent.CompletableFuture.asyncSupplyStage(CompletableFuture.java:1714)
	at java.base/java.util.concurrent.CompletableFuture.supplyAsync(CompletableFuture.java:1931)
	at org.apache.ratis.server.impl.RaftServerImpl.executeSubmitServerRequestAsync(RaftServerImpl.java:812)
	at org.apache.ratis.server.impl.RaftServerProxy.lambda$appendEntriesAsync$27(RaftServerProxy.java:634)
	at java.base/java.util.concurrent.CompletableFuture.uniComposeStage(CompletableFuture.java:1106)
	... 15 more
2022-10-13 10:40:57,807 [grpc-default-executor-3] WARN  server.GrpcLogAppender (LogUtils.java:warn(124)) - s0@group-6905249F38B1->s1-AppendLogResponseHandler: Failed appendEntries
java.io.IOException: java.util.concurrent.RejectedExecutionException: Task java.util.concurrent.CompletableFuture$AsyncSupply@69398317 rejected from java.util.concurrent.ThreadPoolExecutor@3ad4e2b[Terminated, pool size = 0, active threads = 0, queued tasks = 0, completed tasks = 198]
	at org.apache.ratis.util.IOUtils.asIOException(IOUtils.java:56)
	at org.apache.ratis.grpc.GrpcUtil.tryUnwrapException(GrpcUtil.java:121)
	at org.apache.ratis.grpc.GrpcUtil.unwrapThrowable(GrpcUtil.java:82)
	at org.apache.ratis.grpc.GrpcUtil.warn(GrpcUtil.java:178)
	at org.apache.ratis.grpc.server.GrpcLogAppender$AppendLogResponseHandler.onError(GrpcLogAppender.java:405)
	at org.apache.ratis.thirdparty.io.grpc.stub.ClientCalls$StreamObserverToCallListenerAdapter.onClose(ClientCalls.java:487)
	at org.apache.ratis.thirdparty.io.grpc.internal.ClientCallImpl.closeObserver(ClientCallImpl.java:562)
	at org.apache.ratis.thirdparty.io.grpc.internal.ClientCallImpl.access$300(ClientCallImpl.java:70)
	at org.apache.ratis.thirdparty.io.grpc.internal.ClientCallImpl$ClientStreamListenerImpl$1StreamClosed.runInternal(ClientCallImpl.java:743)
	at org.apache.ratis.thirdparty.io.grpc.internal.ClientCallImpl$ClientStreamListenerImpl$1StreamClosed.runInContext(ClientCallImpl.java:722)
	at org.apache.ratis.thirdparty.io.grpc.internal.ContextRunnable.run(ContextRunnable.java:37)
	at org.apache.ratis.thirdparty.io.grpc.internal.SerializingExecutor.run(SerializingExecutor.java:133)
	at java.base/java.util.concurrent.ThreadPoolExecutor.runWorker(ThreadPoolExecutor.java:1128)
	at java.base/java.util.concurrent.ThreadPoolExecutor$Worker.run(ThreadPoolExecutor.java:628)
	at java.base/java.lang.Thread.run(Thread.java:829)
Caused by: java.util.concurrent.RejectedExecutionException: Task java.util.concurrent.CompletableFuture$AsyncSupply@69398317 rejected from java.util.concurrent.ThreadPoolExecutor@3ad4e2b[Terminated, pool size = 0, active threads = 0, queued tasks = 0, completed tasks = 198]
	at java.base/jdk.internal.reflect.GeneratedConstructorAccessor7.newInstance(Unknown Source)
	at java.base/jdk.internal.reflect.DelegatingConstructorAccessorImpl.newInstance(DelegatingConstructorAccessorImpl.java:45)
	at java.base/java.lang.reflect.Constructor.newInstance(Constructor.java:490)
	at org.apache.ratis.util.ReflectionUtils.instantiateException(ReflectionUtils.java:259)
	at org.apache.ratis.grpc.GrpcUtil.tryUnwrapException(GrpcUtil.java:120)
	... 13 more
Caused by: org.apache.ratis.thirdparty.io.grpc.StatusRuntimeException: INTERNAL: Task java.util.concurrent.CompletableFuture$AsyncSupply@69398317 rejected from java.util.concurrent.ThreadPoolExecutor@3ad4e2b[Terminated, pool size = 0, active threads = 0, queued tasks = 0, completed tasks = 198]
	at org.apache.ratis.thirdparty.io.grpc.Status.asRuntimeException(Status.java:535)
	... 10 more
	Suppressed: java.lang.IllegalStateException: Failed to cast to class java.io.IOException, object=java.util.concurrent.RejectedExecutionException: Task java.util.concurrent.CompletableFuture$AsyncSupply@69398317 rejected from java.util.concurrent.ThreadPoolExecutor@3ad4e2b[Terminated, pool size = 0, active threads = 0, queued tasks = 0, completed tasks = 198]
	at java.base/java.util.concurrent.ThreadPoolExecutor$AbortPolicy.rejectedExecution(ThreadPoolExecutor.java:2055)
	at java.base/java.util.concurrent.ThreadPoolExecutor.reject(ThreadPoolExecutor.java:825)
	at java.base/java.util.concurrent.ThreadPoolExecutor.execute(ThreadPoolExecutor.java:1355)
	at java.base/java.util.concurrent.CompletableFuture.asyncSupplyStage(CompletableFuture.java:1714)
	at java.base/java.util.concurrent.CompletableFuture.supplyAsync(CompletableFuture.java:1931)
	at org.apache.ratis.server.impl.RaftServerImpl.executeSubmitServerRequestAsync(RaftServerImpl.java:812)
	at org.apache.ratis.server.impl.RaftServerProxy.lambda$appendEntriesAsync$27(RaftServerProxy.java:634)
	at java.base/java.util.concurrent.CompletableFuture.uniComposeStage(CompletableFuture.java:1106)
	at java.base/java.util.concurrent.CompletableFuture.thenCompose(CompletableFuture.java:2235)
	at org.apache.ratis.server.impl.RaftServerProxy.appendEntriesAsync(RaftServerProxy.java:634)
	at org.apache.ratis.grpc.server.GrpcServerProtocolService$1.process(GrpcServerProtocolService.java:219)
	at org.apache.ratis.grpc.server.GrpcServerProtocolService$1.process(GrpcServerProtocolService.java:216)
	at org.apache.ratis.grpc.server.GrpcServerProtocolService$ServerRequestStreamObserver.onNext(GrpcServerProtocolService.java:124)
	at org.apache.ratis.thirdparty.io.grpc.stub.ServerCalls$StreamingServerCallHandler$StreamingServerCallListener.onMessage(ServerCalls.java:262)
	at org.apache.ratis.thirdparty.io.grpc.ForwardingServerCallListener.onMessage(ForwardingServerCallListener.java:33)
	at org.apache.ratis.thirdparty.io.grpc.internal.ServerCallImpl$ServerStreamListenerImpl.messagesAvailableInternal(ServerCallImpl.java:332)
	at org.apache.ratis.thirdparty.io.grpc.internal.ServerCallImpl$ServerStreamListenerImpl.messagesAvailable(ServerCallImpl.java:315)
	at org.apache.ratis.thirdparty.io.grpc.internal.ServerImpl$JumpToApplicationThreadServerStreamListener$1MessagesAvailable.runInContext(ServerImpl.java:834)
	at org.apache.ratis.thirdparty.io.grpc.internal.ContextRunnable.run(ContextRunnable.java:37)
	at org.apache.ratis.thirdparty.io.grpc.internal.SerializingExecutor.run(SerializingExecutor.java:133)
	at java.base/java.util.concurrent.ThreadPoolExecutor.runWorker(ThreadPoolExecutor.java:1128)
	at java.base/java.util.concurrent.ThreadPoolExecutor$Worker.run(ThreadPoolExecutor.java:628)
	at java.base/java.lang.Thread.run(Thread.java:829)

		at org.apache.ratis.util.IOUtils.readObject(IOUtils.java:237)
		at org.apache.ratis.util.IOUtils.bytes2Object(IOUtils.java:214)
		at org.apache.ratis.grpc.GrpcUtil.tryUnwrapException(GrpcUtil.java:109)
		at org.apache.ratis.grpc.GrpcUtil.unwrapThrowable(GrpcUtil.java:82)
		at org.apache.ratis.grpc.GrpcUtil.warn(GrpcUtil.java:178)
		at org.apache.ratis.grpc.server.GrpcLogAppender$AppendLogResponseHandler.onError(GrpcLogAppender.java:405)
		... 10 more
	Caused by: java.lang.ClassCastException: Cannot cast java.util.concurrent.RejectedExecutionException to java.io.IOException
		at java.base/java.lang.Class.cast(Class.java:3605)
		at org.apache.ratis.util.IOUtils.readObject(IOUtils.java:234)
		... 15 more
2022-10-13 10:40:57,807 [grpc-default-executor-3] INFO  leader.FollowerInfo (FollowerInfoImpl.java:lambda$new$0(48)) - s0@group-6905249F38B1->s1: nextIndex: updateUnconditionally 263 -> 259
2022-10-13 10:40:57,843 [grpc-default-executor-2] WARN  server.GrpcServerProtocolService (LogUtils.java:warn(124)) - s1: Failed APPEND_ENTRIES request s0->s1#386-t2,previous=(t:2, i:258),leaderCommit=262,initializing? true,entries: size=4, first=(t:2, i:259), CONFIGURATIONENTRY(current:id: "s0"
address: "localhost:46195"
dataStreamAddress: "localhost:39399"
clientAddress: "localhost:42765"
adminAddress: "localhost:44717"
startupRole: FOLLOWER
,id: "s1"
address: "0.0.0.0:46693"
clientAddress: "0.0.0.0:46693"
adminAddress: "0.0.0.0:46693"
startupRole: FOLLOWER
,id: "s2"
address: "0.0.0.0:36699"
clientAddress: "0.0.0.0:36699"
adminAddress: "0.0.0.0:36699"
startupRole: FOLLOWER
, old:id: "s0"
address: "localhost:46195"
dataStreamAddress: "localhost:39399"
clientAddress: "localhost:42765"
adminAddress: "localhost:44717"
startupRole: FOLLOWER
)
java.util.concurrent.CompletionException: java.util.concurrent.RejectedExecutionException: Task java.util.concurrent.CompletableFuture$AsyncSupply@255bc917 rejected from java.util.concurrent.ThreadPoolExecutor@3ad4e2b[Terminated, pool size = 0, active threads = 0, queued tasks = 0, completed tasks = 198]
	at java.base/java.util.concurrent.CompletableFuture.encodeThrowable(CompletableFuture.java:314)
	at java.base/java.util.concurrent.CompletableFuture.uniComposeStage(CompletableFuture.java:1113)
	at java.base/java.util.concurrent.CompletableFuture.thenCompose(CompletableFuture.java:2235)
	at org.apache.ratis.server.impl.RaftServerProxy.appendEntriesAsync(RaftServerProxy.java:634)
	at org.apache.ratis.grpc.server.GrpcServerProtocolService$1.process(GrpcServerProtocolService.java:219)
	at org.apache.ratis.grpc.server.GrpcServerProtocolService$1.process(GrpcServerProtocolService.java:216)
	at org.apache.ratis.grpc.server.GrpcServerProtocolService$ServerRequestStreamObserver.onNext(GrpcServerProtocolService.java:124)
	at org.apache.ratis.thirdparty.io.grpc.stub.ServerCalls$StreamingServerCallHandler$StreamingServerCallListener.onMessage(ServerCalls.java:262)
	at org.apache.ratis.thirdparty.io.grpc.ForwardingServerCallListener.onMessage(ForwardingServerCallListener.java:33)
	at org.apache.ratis.thirdparty.io.grpc.internal.ServerCallImpl$ServerStreamListenerImpl.messagesAvailableInternal(ServerCallImpl.java:332)
	at org.apache.ratis.thirdparty.io.grpc.internal.ServerCallImpl$ServerStreamListenerImpl.messagesAvailable(ServerCallImpl.java:315)
	at org.apache.ratis.thirdparty.io.grpc.internal.ServerImpl$JumpToApplicationThreadServerStreamListener$1MessagesAvailable.runInContext(ServerImpl.java:834)
	at org.apache.ratis.thirdparty.io.grpc.internal.ContextRunnable.run(ContextRunnable.java:37)
	at org.apache.ratis.thirdparty.io.grpc.internal.SerializingExecutor.run(SerializingExecutor.java:133)
	at java.base/java.util.concurrent.ThreadPoolExecutor.runWorker(ThreadPoolExecutor.java:1128)
	at java.base/java.util.concurrent.ThreadPoolExecutor$Worker.run(ThreadPoolExecutor.java:628)
	at java.base/java.lang.Thread.run(Thread.java:829)
Caused by: java.util.concurrent.RejectedExecutionException: Task java.util.concurrent.CompletableFuture$AsyncSupply@255bc917 rejected from java.util.concurrent.ThreadPoolExecutor@3ad4e2b[Terminated, pool size = 0, active threads = 0, queued tasks = 0, completed tasks = 198]
	at java.base/java.util.concurrent.ThreadPoolExecutor$AbortPolicy.rejectedExecution(ThreadPoolExecutor.java:2055)
	at java.base/java.util.concurrent.ThreadPoolExecutor.reject(ThreadPoolExecutor.java:825)
	at java.base/java.util.concurrent.ThreadPoolExecutor.execute(ThreadPoolExecutor.java:1355)
	at java.base/java.util.concurrent.CompletableFuture.asyncSupplyStage(CompletableFuture.java:1714)
	at java.base/java.util.concurrent.CompletableFuture.supplyAsync(CompletableFuture.java:1931)
	at org.apache.ratis.server.impl.RaftServerImpl.executeSubmitServerRequestAsync(RaftServerImpl.java:812)
	at org.apache.ratis.server.impl.RaftServerProxy.lambda$appendEntriesAsync$27(RaftServerProxy.java:634)
	at java.base/java.util.concurrent.CompletableFuture.uniComposeStage(CompletableFuture.java:1106)
	... 15 more
2022-10-13 10:40:57,845 [grpc-default-executor-3] WARN  server.GrpcLogAppender (LogUtils.java:warn(124)) - s0@group-6905249F38B1->s1-AppendLogResponseHandler: Failed appendEntries
java.io.IOException: java.util.concurrent.RejectedExecutionException: Task java.util.concurrent.CompletableFuture$AsyncSupply@255bc917 rejected from java.util.concurrent.ThreadPoolExecutor@3ad4e2b[Terminated, pool size = 0, active threads = 0, queued tasks = 0, completed tasks = 198]
	at org.apache.ratis.util.IOUtils.asIOException(IOUtils.java:56)
	at org.apache.ratis.grpc.GrpcUtil.tryUnwrapException(GrpcUtil.java:121)
	at org.apache.ratis.grpc.GrpcUtil.unwrapThrowable(GrpcUtil.java:82)
	at org.apache.ratis.grpc.GrpcUtil.warn(GrpcUtil.java:178)
	at org.apache.ratis.grpc.server.GrpcLogAppender$AppendLogResponseHandler.onError(GrpcLogAppender.java:405)
	at org.apache.ratis.thirdparty.io.grpc.stub.ClientCalls$StreamObserverToCallListenerAdapter.onClose(ClientCalls.java:487)
	at org.apache.ratis.thirdparty.io.grpc.internal.ClientCallImpl.closeObserver(ClientCallImpl.java:562)
	at org.apache.ratis.thirdparty.io.grpc.internal.ClientCallImpl.access$300(ClientCallImpl.java:70)
	at org.apache.ratis.thirdparty.io.grpc.internal.ClientCallImpl$ClientStreamListenerImpl$1StreamClosed.runInternal(ClientCallImpl.java:743)
	at org.apache.ratis.thirdparty.io.grpc.internal.ClientCallImpl$ClientStreamListenerImpl$1StreamClosed.runInContext(ClientCallImpl.java:722)
	at org.apache.ratis.thirdparty.io.grpc.internal.ContextRunnable.run(ContextRunnable.java:37)
	at org.apache.ratis.thirdparty.io.grpc.internal.SerializingExecutor.run(SerializingExecutor.java:133)
	at java.base/java.util.concurrent.ThreadPoolExecutor.runWorker(ThreadPoolExecutor.java:1128)
	at java.base/java.util.concurrent.ThreadPoolExecutor$Worker.run(ThreadPoolExecutor.java:628)
	at java.base/java.lang.Thread.run(Thread.java:829)
Caused by: java.util.concurrent.RejectedExecutionException: Task java.util.concurrent.CompletableFuture$AsyncSupply@255bc917 rejected from java.util.concurrent.ThreadPoolExecutor@3ad4e2b[Terminated, pool size = 0, active threads = 0, queued tasks = 0, completed tasks = 198]
	at java.base/jdk.internal.reflect.GeneratedConstructorAccessor7.newInstance(Unknown Source)
	at java.base/jdk.internal.reflect.DelegatingConstructorAccessorImpl.newInstance(DelegatingConstructorAccessorImpl.java:45)
	at java.base/java.lang.reflect.Constructor.newInstance(Constructor.java:490)
	at org.apache.ratis.util.ReflectionUtils.instantiateException(ReflectionUtils.java:259)
	at org.apache.ratis.grpc.GrpcUtil.tryUnwrapException(GrpcUtil.java:120)
	... 13 more
Caused by: org.apache.ratis.thirdparty.io.grpc.StatusRuntimeException: INTERNAL: Task java.util.concurrent.CompletableFuture$AsyncSupply@255bc917 rejected from java.util.concurrent.ThreadPoolExecutor@3ad4e2b[Terminated, pool size = 0, active threads = 0, queued tasks = 0, completed tasks = 198]
	at org.apache.ratis.thirdparty.io.grpc.Status.asRuntimeException(Status.java:535)
	... 10 more
	Suppressed: java.lang.IllegalStateException: Failed to cast to class java.io.IOException, object=java.util.concurrent.RejectedExecutionException: Task java.util.concurrent.CompletableFuture$AsyncSupply@255bc917 rejected from java.util.concurrent.ThreadPoolExecutor@3ad4e2b[Terminated, pool size = 0, active threads = 0, queued tasks = 0, completed tasks = 198]
	at java.base/java.util.concurrent.ThreadPoolExecutor$AbortPolicy.rejectedExecution(ThreadPoolExecutor.java:2055)
	at java.base/java.util.concurrent.ThreadPoolExecutor.reject(ThreadPoolExecutor.java:825)
	at java.base/java.util.concurrent.ThreadPoolExecutor.execute(ThreadPoolExecutor.java:1355)
	at java.base/java.util.concurrent.CompletableFuture.asyncSupplyStage(CompletableFuture.java:1714)
	at java.base/java.util.concurrent.CompletableFuture.supplyAsync(CompletableFuture.java:1931)
	at org.apache.ratis.server.impl.RaftServerImpl.executeSubmitServerRequestAsync(RaftServerImpl.java:812)
	at org.apache.ratis.server.impl.RaftServerProxy.lambda$appendEntriesAsync$27(RaftServerProxy.java:634)
	at java.base/java.util.concurrent.CompletableFuture.uniComposeStage(CompletableFuture.java:1106)
	at java.base/java.util.concurrent.CompletableFuture.thenCompose(CompletableFuture.java:2235)
	at org.apache.ratis.server.impl.RaftServerProxy.appendEntriesAsync(RaftServerProxy.java:634)
	at org.apache.ratis.grpc.server.GrpcServerProtocolService$1.process(GrpcServerProtocolService.java:219)
	at org.apache.ratis.grpc.server.GrpcServerProtocolService$1.process(GrpcServerProtocolService.java:216)
	at org.apache.ratis.grpc.server.GrpcServerProtocolService$ServerRequestStreamObserver.onNext(GrpcServerProtocolService.java:124)
	at org.apache.ratis.thirdparty.io.grpc.stub.ServerCalls$StreamingServerCallHandler$StreamingServerCallListener.onMessage(ServerCalls.java:262)
	at org.apache.ratis.thirdparty.io.grpc.ForwardingServerCallListener.onMessage(ForwardingServerCallListener.java:33)
	at org.apache.ratis.thirdparty.io.grpc.internal.ServerCallImpl$ServerStreamListenerImpl.messagesAvailableInternal(ServerCallImpl.java:332)
	at org.apache.ratis.thirdparty.io.grpc.internal.ServerCallImpl$ServerStreamListenerImpl.messagesAvailable(ServerCallImpl.java:315)
	at org.apache.ratis.thirdparty.io.grpc.internal.ServerImpl$JumpToApplicationThreadServerStreamListener$1MessagesAvailable.runInContext(ServerImpl.java:834)
	at org.apache.ratis.thirdparty.io.grpc.internal.ContextRunnable.run(ContextRunnable.java:37)
	at org.apache.ratis.thirdparty.io.grpc.internal.SerializingExecutor.run(SerializingExecutor.java:133)
	at java.base/java.util.concurrent.ThreadPoolExecutor.runWorker(ThreadPoolExecutor.java:1128)
	at java.base/java.util.concurrent.ThreadPoolExecutor$Worker.run(ThreadPoolExecutor.java:628)
	at java.base/java.lang.Thread.run(Thread.java:829)

		at org.apache.ratis.util.IOUtils.readObject(IOUtils.java:237)
		at org.apache.ratis.util.IOUtils.bytes2Object(IOUtils.java:214)
		at org.apache.ratis.grpc.GrpcUtil.tryUnwrapException(GrpcUtil.java:109)
		at org.apache.ratis.grpc.GrpcUtil.unwrapThrowable(GrpcUtil.java:82)
		at org.apache.ratis.grpc.GrpcUtil.warn(GrpcUtil.java:178)
		at org.apache.ratis.grpc.server.GrpcLogAppender$AppendLogResponseHandler.onError(GrpcLogAppender.java:405)
		... 10 more
	Caused by: java.lang.ClassCastException: Cannot cast java.util.concurrent.RejectedExecutionException to java.io.IOException
		at java.base/java.lang.Class.cast(Class.java:3605)
		at org.apache.ratis.util.IOUtils.readObject(IOUtils.java:234)
		... 15 more
2022-10-13 10:40:57,845 [grpc-default-executor-3] INFO  leader.FollowerInfo (FollowerInfoImpl.java:lambda$new$0(48)) - s0@group-6905249F38B1->s1: nextIndex: updateUnconditionally 263 -> 259
2022-10-13 10:40:57,881 [grpc-default-executor-2] WARN  server.GrpcServerProtocolService (LogUtils.java:warn(124)) - s1: Failed APPEND_ENTRIES request s0->s1#388-t2,previous=(t:2, i:258),leaderCommit=262,initializing? true,entries: size=4, first=(t:2, i:259), CONFIGURATIONENTRY(current:id: "s0"
address: "localhost:46195"
dataStreamAddress: "localhost:39399"
clientAddress: "localhost:42765"
adminAddress: "localhost:44717"
startupRole: FOLLOWER
,id: "s1"
address: "0.0.0.0:46693"
clientAddress: "0.0.0.0:46693"
adminAddress: "0.0.0.0:46693"
startupRole: FOLLOWER
,id: "s2"
address: "0.0.0.0:36699"
clientAddress: "0.0.0.0:36699"
adminAddress: "0.0.0.0:36699"
startupRole: FOLLOWER
, old:id: "s0"
address: "localhost:46195"
dataStreamAddress: "localhost:39399"
clientAddress: "localhost:42765"
adminAddress: "localhost:44717"
startupRole: FOLLOWER
)
java.util.concurrent.CompletionException: java.util.concurrent.RejectedExecutionException: Task java.util.concurrent.CompletableFuture$AsyncSupply@515a3c12 rejected from java.util.concurrent.ThreadPoolExecutor@3ad4e2b[Terminated, pool size = 0, active threads = 0, queued tasks = 0, completed tasks = 198]
	at java.base/java.util.concurrent.CompletableFuture.encodeThrowable(CompletableFuture.java:314)
	at java.base/java.util.concurrent.CompletableFuture.uniComposeStage(CompletableFuture.java:1113)
	at java.base/java.util.concurrent.CompletableFuture.thenCompose(CompletableFuture.java:2235)
	at org.apache.ratis.server.impl.RaftServerProxy.appendEntriesAsync(RaftServerProxy.java:634)
	at org.apache.ratis.grpc.server.GrpcServerProtocolService$1.process(GrpcServerProtocolService.java:219)
	at org.apache.ratis.grpc.server.GrpcServerProtocolService$1.process(GrpcServerProtocolService.java:216)
	at org.apache.ratis.grpc.server.GrpcServerProtocolService$ServerRequestStreamObserver.onNext(GrpcServerProtocolService.java:124)
	at org.apache.ratis.thirdparty.io.grpc.stub.ServerCalls$StreamingServerCallHandler$StreamingServerCallListener.onMessage(ServerCalls.java:262)
	at org.apache.ratis.thirdparty.io.grpc.ForwardingServerCallListener.onMessage(ForwardingServerCallListener.java:33)
	at org.apache.ratis.thirdparty.io.grpc.internal.ServerCallImpl$ServerStreamListenerImpl.messagesAvailableInternal(ServerCallImpl.java:332)
	at org.apache.ratis.thirdparty.io.grpc.internal.ServerCallImpl$ServerStreamListenerImpl.messagesAvailable(ServerCallImpl.java:315)
	at org.apache.ratis.thirdparty.io.grpc.internal.ServerImpl$JumpToApplicationThreadServerStreamListener$1MessagesAvailable.runInContext(ServerImpl.java:834)
	at org.apache.ratis.thirdparty.io.grpc.internal.ContextRunnable.run(ContextRunnable.java:37)
	at org.apache.ratis.thirdparty.io.grpc.internal.SerializingExecutor.run(SerializingExecutor.java:133)
	at java.base/java.util.concurrent.ThreadPoolExecutor.runWorker(ThreadPoolExecutor.java:1128)
	at java.base/java.util.concurrent.ThreadPoolExecutor$Worker.run(ThreadPoolExecutor.java:628)
	at java.base/java.lang.Thread.run(Thread.java:829)
Caused by: java.util.concurrent.RejectedExecutionException: Task java.util.concurrent.CompletableFuture$AsyncSupply@515a3c12 rejected from java.util.concurrent.ThreadPoolExecutor@3ad4e2b[Terminated, pool size = 0, active threads = 0, queued tasks = 0, completed tasks = 198]
	at java.base/java.util.concurrent.ThreadPoolExecutor$AbortPolicy.rejectedExecution(ThreadPoolExecutor.java:2055)
	at java.base/java.util.concurrent.ThreadPoolExecutor.reject(ThreadPoolExecutor.java:825)
	at java.base/java.util.concurrent.ThreadPoolExecutor.execute(ThreadPoolExecutor.java:1355)
	at java.base/java.util.concurrent.CompletableFuture.asyncSupplyStage(CompletableFuture.java:1714)
	at java.base/java.util.concurrent.CompletableFuture.supplyAsync(CompletableFuture.java:1931)
	at org.apache.ratis.server.impl.RaftServerImpl.executeSubmitServerRequestAsync(RaftServerImpl.java:812)
	at org.apache.ratis.server.impl.RaftServerProxy.lambda$appendEntriesAsync$27(RaftServerProxy.java:634)
	at java.base/java.util.concurrent.CompletableFuture.uniComposeStage(CompletableFuture.java:1106)
	... 15 more
2022-10-13 10:40:57,882 [grpc-default-executor-0] WARN  server.GrpcLogAppender (LogUtils.java:warn(124)) - s0@group-6905249F38B1->s1-AppendLogResponseHandler: Failed appendEntries
java.io.IOException: java.util.concurrent.RejectedExecutionException: Task java.util.concurrent.CompletableFuture$AsyncSupply@515a3c12 rejected from java.util.concurrent.ThreadPoolExecutor@3ad4e2b[Terminated, pool size = 0, active threads = 0, queued tasks = 0, completed tasks = 198]
	at org.apache.ratis.util.IOUtils.asIOException(IOUtils.java:56)
	at org.apache.ratis.grpc.GrpcUtil.tryUnwrapException(GrpcUtil.java:121)
	at org.apache.ratis.grpc.GrpcUtil.unwrapThrowable(GrpcUtil.java:82)
	at org.apache.ratis.grpc.GrpcUtil.warn(GrpcUtil.java:178)
	at org.apache.ratis.grpc.server.GrpcLogAppender$AppendLogResponseHandler.onError(GrpcLogAppender.java:405)
	at org.apache.ratis.thirdparty.io.grpc.stub.ClientCalls$StreamObserverToCallListenerAdapter.onClose(ClientCalls.java:487)
	at org.apache.ratis.thirdparty.io.grpc.internal.ClientCallImpl.closeObserver(ClientCallImpl.java:562)
	at org.apache.ratis.thirdparty.io.grpc.internal.ClientCallImpl.access$300(ClientCallImpl.java:70)
	at org.apache.ratis.thirdparty.io.grpc.internal.ClientCallImpl$ClientStreamListenerImpl$1StreamClosed.runInternal(ClientCallImpl.java:743)
	at org.apache.ratis.thirdparty.io.grpc.internal.ClientCallImpl$ClientStreamListenerImpl$1StreamClosed.runInContext(ClientCallImpl.java:722)
	at org.apache.ratis.thirdparty.io.grpc.internal.ContextRunnable.run(ContextRunnable.java:37)
	at org.apache.ratis.thirdparty.io.grpc.internal.SerializingExecutor.run(SerializingExecutor.java:133)
	at java.base/java.util.concurrent.ThreadPoolExecutor.runWorker(ThreadPoolExecutor.java:1128)
	at java.base/java.util.concurrent.ThreadPoolExecutor$Worker.run(ThreadPoolExecutor.java:628)
	at java.base/java.lang.Thread.run(Thread.java:829)
Caused by: java.util.concurrent.RejectedExecutionException: Task java.util.concurrent.CompletableFuture$AsyncSupply@515a3c12 rejected from java.util.concurrent.ThreadPoolExecutor@3ad4e2b[Terminated, pool size = 0, active threads = 0, queued tasks = 0, completed tasks = 198]
	at java.base/jdk.internal.reflect.GeneratedConstructorAccessor7.newInstance(Unknown Source)
	at java.base/jdk.internal.reflect.DelegatingConstructorAccessorImpl.newInstance(DelegatingConstructorAccessorImpl.java:45)
	at java.base/java.lang.reflect.Constructor.newInstance(Constructor.java:490)
	at org.apache.ratis.util.ReflectionUtils.instantiateException(ReflectionUtils.java:259)
	at org.apache.ratis.grpc.GrpcUtil.tryUnwrapException(GrpcUtil.java:120)
	... 13 more
Caused by: org.apache.ratis.thirdparty.io.grpc.StatusRuntimeException: INTERNAL: Task java.util.concurrent.CompletableFuture$AsyncSupply@515a3c12 rejected from java.util.concurrent.ThreadPoolExecutor@3ad4e2b[Terminated, pool size = 0, active threads = 0, queued tasks = 0, completed tasks = 198]
	at org.apache.ratis.thirdparty.io.grpc.Status.asRuntimeException(Status.java:535)
	... 10 more
	Suppressed: java.lang.IllegalStateException: Failed to cast to class java.io.IOException, object=java.util.concurrent.RejectedExecutionException: Task java.util.concurrent.CompletableFuture$AsyncSupply@515a3c12 rejected from java.util.concurrent.ThreadPoolExecutor@3ad4e2b[Terminated, pool size = 0, active threads = 0, queued tasks = 0, completed tasks = 198]
	at java.base/java.util.concurrent.ThreadPoolExecutor$AbortPolicy.rejectedExecution(ThreadPoolExecutor.java:2055)
	at java.base/java.util.concurrent.ThreadPoolExecutor.reject(ThreadPoolExecutor.java:825)
	at java.base/java.util.concurrent.ThreadPoolExecutor.execute(ThreadPoolExecutor.java:1355)
	at java.base/java.util.concurrent.CompletableFuture.asyncSupplyStage(CompletableFuture.java:1714)
	at java.base/java.util.concurrent.CompletableFuture.supplyAsync(CompletableFuture.java:1931)
	at org.apache.ratis.server.impl.RaftServerImpl.executeSubmitServerRequestAsync(RaftServerImpl.java:812)
	at org.apache.ratis.server.impl.RaftServerProxy.lambda$appendEntriesAsync$27(RaftServerProxy.java:634)
	at java.base/java.util.concurrent.CompletableFuture.uniComposeStage(CompletableFuture.java:1106)
	at java.base/java.util.concurrent.CompletableFuture.thenCompose(CompletableFuture.java:2235)
	at org.apache.ratis.server.impl.RaftServerProxy.appendEntriesAsync(RaftServerProxy.java:634)
	at org.apache.ratis.grpc.server.GrpcServerProtocolService$1.process(GrpcServerProtocolService.java:219)
	at org.apache.ratis.grpc.server.GrpcServerProtocolService$1.process(GrpcServerProtocolService.java:216)
	at org.apache.ratis.grpc.server.GrpcServerProtocolService$ServerRequestStreamObserver.onNext(GrpcServerProtocolService.java:124)
	at org.apache.ratis.thirdparty.io.grpc.stub.ServerCalls$StreamingServerCallHandler$StreamingServerCallListener.onMessage(ServerCalls.java:262)
	at org.apache.ratis.thirdparty.io.grpc.ForwardingServerCallListener.onMessage(ForwardingServerCallListener.java:33)
	at org.apache.ratis.thirdparty.io.grpc.internal.ServerCallImpl$ServerStreamListenerImpl.messagesAvailableInternal(ServerCallImpl.java:332)
	at org.apache.ratis.thirdparty.io.grpc.internal.ServerCallImpl$ServerStreamListenerImpl.messagesAvailable(ServerCallImpl.java:315)
	at org.apache.ratis.thirdparty.io.grpc.internal.ServerImpl$JumpToApplicationThreadServerStreamListener$1MessagesAvailable.runInContext(ServerImpl.java:834)
	at org.apache.ratis.thirdparty.io.grpc.internal.ContextRunnable.run(ContextRunnable.java:37)
	at org.apache.ratis.thirdparty.io.grpc.internal.SerializingExecutor.run(SerializingExecutor.java:133)
	at java.base/java.util.concurrent.ThreadPoolExecutor.runWorker(ThreadPoolExecutor.java:1128)
	at java.base/java.util.concurrent.ThreadPoolExecutor$Worker.run(ThreadPoolExecutor.java:628)
	at java.base/java.lang.Thread.run(Thread.java:829)

		at org.apache.ratis.util.IOUtils.readObject(IOUtils.java:237)
		at org.apache.ratis.util.IOUtils.bytes2Object(IOUtils.java:214)
		at org.apache.ratis.grpc.GrpcUtil.tryUnwrapException(GrpcUtil.java:109)
		at org.apache.ratis.grpc.GrpcUtil.unwrapThrowable(GrpcUtil.java:82)
		at org.apache.ratis.grpc.GrpcUtil.warn(GrpcUtil.java:178)
		at org.apache.ratis.grpc.server.GrpcLogAppender$AppendLogResponseHandler.onError(GrpcLogAppender.java:405)
		... 10 more
	Caused by: java.lang.ClassCastException: Cannot cast java.util.concurrent.RejectedExecutionException to java.io.IOException
		at java.base/java.lang.Class.cast(Class.java:3605)
		at org.apache.ratis.util.IOUtils.readObject(IOUtils.java:234)
		... 15 more
2022-10-13 10:40:57,883 [grpc-default-executor-0] INFO  leader.FollowerInfo (FollowerInfoImpl.java:lambda$new$0(48)) - s0@group-6905249F38B1->s1: nextIndex: updateUnconditionally 263 -> 259
2022-10-13 10:40:57,918 [grpc-default-executor-1] WARN  server.GrpcServerProtocolService (LogUtils.java:warn(124)) - s1: Failed APPEND_ENTRIES request s0->s1#390-t2,previous=(t:2, i:258),leaderCommit=262,initializing? true,entries: size=4, first=(t:2, i:259), CONFIGURATIONENTRY(current:id: "s0"
address: "localhost:46195"
dataStreamAddress: "localhost:39399"
clientAddress: "localhost:42765"
adminAddress: "localhost:44717"
startupRole: FOLLOWER
,id: "s1"
address: "0.0.0.0:46693"
clientAddress: "0.0.0.0:46693"
adminAddress: "0.0.0.0:46693"
startupRole: FOLLOWER
,id: "s2"
address: "0.0.0.0:36699"
clientAddress: "0.0.0.0:36699"
adminAddress: "0.0.0.0:36699"
startupRole: FOLLOWER
, old:id: "s0"
address: "localhost:46195"
dataStreamAddress: "localhost:39399"
clientAddress: "localhost:42765"
adminAddress: "localhost:44717"
startupRole: FOLLOWER
)
java.util.concurrent.CompletionException: java.util.concurrent.RejectedExecutionException: Task java.util.concurrent.CompletableFuture$AsyncSupply@6dea7df2 rejected from java.util.concurrent.ThreadPoolExecutor@3ad4e2b[Terminated, pool size = 0, active threads = 0, queued tasks = 0, completed tasks = 198]
	at java.base/java.util.concurrent.CompletableFuture.encodeThrowable(CompletableFuture.java:314)
	at java.base/java.util.concurrent.CompletableFuture.uniComposeStage(CompletableFuture.java:1113)
	at java.base/java.util.concurrent.CompletableFuture.thenCompose(CompletableFuture.java:2235)
	at org.apache.ratis.server.impl.RaftServerProxy.appendEntriesAsync(RaftServerProxy.java:634)
	at org.apache.ratis.grpc.server.GrpcServerProtocolService$1.process(GrpcServerProtocolService.java:219)
	at org.apache.ratis.grpc.server.GrpcServerProtocolService$1.process(GrpcServerProtocolService.java:216)
	at org.apache.ratis.grpc.server.GrpcServerProtocolService$ServerRequestStreamObserver.onNext(GrpcServerProtocolService.java:124)
	at org.apache.ratis.thirdparty.io.grpc.stub.ServerCalls$StreamingServerCallHandler$StreamingServerCallListener.onMessage(ServerCalls.java:262)
	at org.apache.ratis.thirdparty.io.grpc.ForwardingServerCallListener.onMessage(ForwardingServerCallListener.java:33)
	at org.apache.ratis.thirdparty.io.grpc.internal.ServerCallImpl$ServerStreamListenerImpl.messagesAvailableInternal(ServerCallImpl.java:332)
	at org.apache.ratis.thirdparty.io.grpc.internal.ServerCallImpl$ServerStreamListenerImpl.messagesAvailable(ServerCallImpl.java:315)
	at org.apache.ratis.thirdparty.io.grpc.internal.ServerImpl$JumpToApplicationThreadServerStreamListener$1MessagesAvailable.runInContext(ServerImpl.java:834)
	at org.apache.ratis.thirdparty.io.grpc.internal.ContextRunnable.run(ContextRunnable.java:37)
	at org.apache.ratis.thirdparty.io.grpc.internal.SerializingExecutor.run(SerializingExecutor.java:133)
	at java.base/java.util.concurrent.ThreadPoolExecutor.runWorker(ThreadPoolExecutor.java:1128)
	at java.base/java.util.concurrent.ThreadPoolExecutor$Worker.run(ThreadPoolExecutor.java:628)
	at java.base/java.lang.Thread.run(Thread.java:829)
Caused by: java.util.concurrent.RejectedExecutionException: Task java.util.concurrent.CompletableFuture$AsyncSupply@6dea7df2 rejected from java.util.concurrent.ThreadPoolExecutor@3ad4e2b[Terminated, pool size = 0, active threads = 0, queued tasks = 0, completed tasks = 198]
	at java.base/java.util.concurrent.ThreadPoolExecutor$AbortPolicy.rejectedExecution(ThreadPoolExecutor.java:2055)
	at java.base/java.util.concurrent.ThreadPoolExecutor.reject(ThreadPoolExecutor.java:825)
	at java.base/java.util.concurrent.ThreadPoolExecutor.execute(ThreadPoolExecutor.java:1355)
	at java.base/java.util.concurrent.CompletableFuture.asyncSupplyStage(CompletableFuture.java:1714)
	at java.base/java.util.concurrent.CompletableFuture.supplyAsync(CompletableFuture.java:1931)
	at org.apache.ratis.server.impl.RaftServerImpl.executeSubmitServerRequestAsync(RaftServerImpl.java:812)
	at org.apache.ratis.server.impl.RaftServerProxy.lambda$appendEntriesAsync$27(RaftServerProxy.java:634)
	at java.base/java.util.concurrent.CompletableFuture.uniComposeStage(CompletableFuture.java:1106)
	... 15 more
2022-10-13 10:40:57,920 [grpc-default-executor-1] WARN  server.GrpcLogAppender (LogUtils.java:warn(124)) - s0@group-6905249F38B1->s1-AppendLogResponseHandler: Failed appendEntries
java.io.IOException: java.util.concurrent.RejectedExecutionException: Task java.util.concurrent.CompletableFuture$AsyncSupply@6dea7df2 rejected from java.util.concurrent.ThreadPoolExecutor@3ad4e2b[Terminated, pool size = 0, active threads = 0, queued tasks = 0, completed tasks = 198]
	at org.apache.ratis.util.IOUtils.asIOException(IOUtils.java:56)
	at org.apache.ratis.grpc.GrpcUtil.tryUnwrapException(GrpcUtil.java:121)
	at org.apache.ratis.grpc.GrpcUtil.unwrapThrowable(GrpcUtil.java:82)
	at org.apache.ratis.grpc.GrpcUtil.warn(GrpcUtil.java:178)
	at org.apache.ratis.grpc.server.GrpcLogAppender$AppendLogResponseHandler.onError(GrpcLogAppender.java:405)
	at org.apache.ratis.thirdparty.io.grpc.stub.ClientCalls$StreamObserverToCallListenerAdapter.onClose(ClientCalls.java:487)
	at org.apache.ratis.thirdparty.io.grpc.internal.ClientCallImpl.closeObserver(ClientCallImpl.java:562)
	at org.apache.ratis.thirdparty.io.grpc.internal.ClientCallImpl.access$300(ClientCallImpl.java:70)
	at org.apache.ratis.thirdparty.io.grpc.internal.ClientCallImpl$ClientStreamListenerImpl$1StreamClosed.runInternal(ClientCallImpl.java:743)
	at org.apache.ratis.thirdparty.io.grpc.internal.ClientCallImpl$ClientStreamListenerImpl$1StreamClosed.runInContext(ClientCallImpl.java:722)
	at org.apache.ratis.thirdparty.io.grpc.internal.ContextRunnable.run(ContextRunnable.java:37)
	at org.apache.ratis.thirdparty.io.grpc.internal.SerializingExecutor.run(SerializingExecutor.java:133)
	at java.base/java.util.concurrent.ThreadPoolExecutor.runWorker(ThreadPoolExecutor.java:1128)
	at java.base/java.util.concurrent.ThreadPoolExecutor$Worker.run(ThreadPoolExecutor.java:628)
	at java.base/java.lang.Thread.run(Thread.java:829)
Caused by: java.util.concurrent.RejectedExecutionException: Task java.util.concurrent.CompletableFuture$AsyncSupply@6dea7df2 rejected from java.util.concurrent.ThreadPoolExecutor@3ad4e2b[Terminated, pool size = 0, active threads = 0, queued tasks = 0, completed tasks = 198]
	at java.base/jdk.internal.reflect.GeneratedConstructorAccessor7.newInstance(Unknown Source)
	at java.base/jdk.internal.reflect.DelegatingConstructorAccessorImpl.newInstance(DelegatingConstructorAccessorImpl.java:45)
	at java.base/java.lang.reflect.Constructor.newInstance(Constructor.java:490)
	at org.apache.ratis.util.ReflectionUtils.instantiateException(ReflectionUtils.java:259)
	at org.apache.ratis.grpc.GrpcUtil.tryUnwrapException(GrpcUtil.java:120)
	... 13 more
Caused by: org.apache.ratis.thirdparty.io.grpc.StatusRuntimeException: INTERNAL: Task java.util.concurrent.CompletableFuture$AsyncSupply@6dea7df2 rejected from java.util.concurrent.ThreadPoolExecutor@3ad4e2b[Terminated, pool size = 0, active threads = 0, queued tasks = 0, completed tasks = 198]
	at org.apache.ratis.thirdparty.io.grpc.Status.asRuntimeException(Status.java:535)
	... 10 more
	Suppressed: java.lang.IllegalStateException: Failed to cast to class java.io.IOException, object=java.util.concurrent.RejectedExecutionException: Task java.util.concurrent.CompletableFuture$AsyncSupply@6dea7df2 rejected from java.util.concurrent.ThreadPoolExecutor@3ad4e2b[Terminated, pool size = 0, active threads = 0, queued tasks = 0, completed tasks = 198]
	at java.base/java.util.concurrent.ThreadPoolExecutor$AbortPolicy.rejectedExecution(ThreadPoolExecutor.java:2055)
	at java.base/java.util.concurrent.ThreadPoolExecutor.reject(ThreadPoolExecutor.java:825)
	at java.base/java.util.concurrent.ThreadPoolExecutor.execute(ThreadPoolExecutor.java:1355)
	at java.base/java.util.concurrent.CompletableFuture.asyncSupplyStage(CompletableFuture.java:1714)
	at java.base/java.util.concurrent.CompletableFuture.supplyAsync(CompletableFuture.java:1931)
	at org.apache.ratis.server.impl.RaftServerImpl.executeSubmitServerRequestAsync(RaftServerImpl.java:812)
	at org.apache.ratis.server.impl.RaftServerProxy.lambda$appendEntriesAsync$27(RaftServerProxy.java:634)
	at java.base/java.util.concurrent.CompletableFuture.uniComposeStage(CompletableFuture.java:1106)
	at java.base/java.util.concurrent.CompletableFuture.thenCompose(CompletableFuture.java:2235)
	at org.apache.ratis.server.impl.RaftServerProxy.appendEntriesAsync(RaftServerProxy.java:634)
	at org.apache.ratis.grpc.server.GrpcServerProtocolService$1.process(GrpcServerProtocolService.java:219)
	at org.apache.ratis.grpc.server.GrpcServerProtocolService$1.process(GrpcServerProtocolService.java:216)
	at org.apache.ratis.grpc.server.GrpcServerProtocolService$ServerRequestStreamObserver.onNext(GrpcServerProtocolService.java:124)
	at org.apache.ratis.thirdparty.io.grpc.stub.ServerCalls$StreamingServerCallHandler$StreamingServerCallListener.onMessage(ServerCalls.java:262)
	at org.apache.ratis.thirdparty.io.grpc.ForwardingServerCallListener.onMessage(ForwardingServerCallListener.java:33)
	at org.apache.ratis.thirdparty.io.grpc.internal.ServerCallImpl$ServerStreamListenerImpl.messagesAvailableInternal(ServerCallImpl.java:332)
	at org.apache.ratis.thirdparty.io.grpc.internal.ServerCallImpl$ServerStreamListenerImpl.messagesAvailable(ServerCallImpl.java:315)
	at org.apache.ratis.thirdparty.io.grpc.internal.ServerImpl$JumpToApplicationThreadServerStreamListener$1MessagesAvailable.runInContext(ServerImpl.java:834)
	at org.apache.ratis.thirdparty.io.grpc.internal.ContextRunnable.run(ContextRunnable.java:37)
	at org.apache.ratis.thirdparty.io.grpc.internal.SerializingExecutor.run(SerializingExecutor.java:133)
	at java.base/java.util.concurrent.ThreadPoolExecutor.runWorker(ThreadPoolExecutor.java:1128)
	at java.base/java.util.concurrent.ThreadPoolExecutor$Worker.run(ThreadPoolExecutor.java:628)
	at java.base/java.lang.Thread.run(Thread.java:829)

		at org.apache.ratis.util.IOUtils.readObject(IOUtils.java:237)
		at org.apache.ratis.util.IOUtils.bytes2Object(IOUtils.java:214)
		at org.apache.ratis.grpc.GrpcUtil.tryUnwrapException(GrpcUtil.java:109)
		at org.apache.ratis.grpc.GrpcUtil.unwrapThrowable(GrpcUtil.java:82)
		at org.apache.ratis.grpc.GrpcUtil.warn(GrpcUtil.java:178)
		at org.apache.ratis.grpc.server.GrpcLogAppender$AppendLogResponseHandler.onError(GrpcLogAppender.java:405)
		... 10 more
	Caused by: java.lang.ClassCastException: Cannot cast java.util.concurrent.RejectedExecutionException to java.io.IOException
		at java.base/java.lang.Class.cast(Class.java:3605)
		at org.apache.ratis.util.IOUtils.readObject(IOUtils.java:234)
		... 15 more
2022-10-13 10:40:57,920 [grpc-default-executor-1] INFO  leader.FollowerInfo (FollowerInfoImpl.java:lambda$new$0(48)) - s0@group-6905249F38B1->s1: nextIndex: updateUnconditionally 263 -> 259
2022-10-13 10:40:57,956 [grpc-default-executor-3] WARN  server.GrpcServerProtocolService (LogUtils.java:warn(124)) - s1: Failed APPEND_ENTRIES request s0->s1#392-t2,previous=(t:2, i:258),leaderCommit=262,initializing? true,entries: size=4, first=(t:2, i:259), CONFIGURATIONENTRY(current:id: "s0"
address: "localhost:46195"
dataStreamAddress: "localhost:39399"
clientAddress: "localhost:42765"
adminAddress: "localhost:44717"
startupRole: FOLLOWER
,id: "s1"
address: "0.0.0.0:46693"
clientAddress: "0.0.0.0:46693"
adminAddress: "0.0.0.0:46693"
startupRole: FOLLOWER
,id: "s2"
address: "0.0.0.0:36699"
clientAddress: "0.0.0.0:36699"
adminAddress: "0.0.0.0:36699"
startupRole: FOLLOWER
, old:id: "s0"
address: "localhost:46195"
dataStreamAddress: "localhost:39399"
clientAddress: "localhost:42765"
adminAddress: "localhost:44717"
startupRole: FOLLOWER
)
java.util.concurrent.CompletionException: java.util.concurrent.RejectedExecutionException: Task java.util.concurrent.CompletableFuture$AsyncSupply@54d8fe7d rejected from java.util.concurrent.ThreadPoolExecutor@3ad4e2b[Terminated, pool size = 0, active threads = 0, queued tasks = 0, completed tasks = 198]
	at java.base/java.util.concurrent.CompletableFuture.encodeThrowable(CompletableFuture.java:314)
	at java.base/java.util.concurrent.CompletableFuture.uniComposeStage(CompletableFuture.java:1113)
	at java.base/java.util.concurrent.CompletableFuture.thenCompose(CompletableFuture.java:2235)
	at org.apache.ratis.server.impl.RaftServerProxy.appendEntriesAsync(RaftServerProxy.java:634)
	at org.apache.ratis.grpc.server.GrpcServerProtocolService$1.process(GrpcServerProtocolService.java:219)
	at org.apache.ratis.grpc.server.GrpcServerProtocolService$1.process(GrpcServerProtocolService.java:216)
	at org.apache.ratis.grpc.server.GrpcServerProtocolService$ServerRequestStreamObserver.onNext(GrpcServerProtocolService.java:124)
	at org.apache.ratis.thirdparty.io.grpc.stub.ServerCalls$StreamingServerCallHandler$StreamingServerCallListener.onMessage(ServerCalls.java:262)
	at org.apache.ratis.thirdparty.io.grpc.ForwardingServerCallListener.onMessage(ForwardingServerCallListener.java:33)
	at org.apache.ratis.thirdparty.io.grpc.internal.ServerCallImpl$ServerStreamListenerImpl.messagesAvailableInternal(ServerCallImpl.java:332)
	at org.apache.ratis.thirdparty.io.grpc.internal.ServerCallImpl$ServerStreamListenerImpl.messagesAvailable(ServerCallImpl.java:315)
	at org.apache.ratis.thirdparty.io.grpc.internal.ServerImpl$JumpToApplicationThreadServerStreamListener$1MessagesAvailable.runInContext(ServerImpl.java:834)
	at org.apache.ratis.thirdparty.io.grpc.internal.ContextRunnable.run(ContextRunnable.java:37)
	at org.apache.ratis.thirdparty.io.grpc.internal.SerializingExecutor.run(SerializingExecutor.java:133)
	at java.base/java.util.concurrent.ThreadPoolExecutor.runWorker(ThreadPoolExecutor.java:1128)
	at java.base/java.util.concurrent.ThreadPoolExecutor$Worker.run(ThreadPoolExecutor.java:628)
	at java.base/java.lang.Thread.run(Thread.java:829)
Caused by: java.util.concurrent.RejectedExecutionException: Task java.util.concurrent.CompletableFuture$AsyncSupply@54d8fe7d rejected from java.util.concurrent.ThreadPoolExecutor@3ad4e2b[Terminated, pool size = 0, active threads = 0, queued tasks = 0, completed tasks = 198]
	at java.base/java.util.concurrent.ThreadPoolExecutor$AbortPolicy.rejectedExecution(ThreadPoolExecutor.java:2055)
	at java.base/java.util.concurrent.ThreadPoolExecutor.reject(ThreadPoolExecutor.java:825)
	at java.base/java.util.concurrent.ThreadPoolExecutor.execute(ThreadPoolExecutor.java:1355)
	at java.base/java.util.concurrent.CompletableFuture.asyncSupplyStage(CompletableFuture.java:1714)
	at java.base/java.util.concurrent.CompletableFuture.supplyAsync(CompletableFuture.java:1931)
	at org.apache.ratis.server.impl.RaftServerImpl.executeSubmitServerRequestAsync(RaftServerImpl.java:812)
	at org.apache.ratis.server.impl.RaftServerProxy.lambda$appendEntriesAsync$27(RaftServerProxy.java:634)
	at java.base/java.util.concurrent.CompletableFuture.uniComposeStage(CompletableFuture.java:1106)
	... 15 more
2022-10-13 10:40:57,958 [grpc-default-executor-2] WARN  server.GrpcLogAppender (LogUtils.java:warn(124)) - s0@group-6905249F38B1->s1-AppendLogResponseHandler: Failed appendEntries
java.io.IOException: java.util.concurrent.RejectedExecutionException: Task java.util.concurrent.CompletableFuture$AsyncSupply@54d8fe7d rejected from java.util.concurrent.ThreadPoolExecutor@3ad4e2b[Terminated, pool size = 0, active threads = 0, queued tasks = 0, completed tasks = 198]
	at org.apache.ratis.util.IOUtils.asIOException(IOUtils.java:56)
	at org.apache.ratis.grpc.GrpcUtil.tryUnwrapException(GrpcUtil.java:121)
	at org.apache.ratis.grpc.GrpcUtil.unwrapThrowable(GrpcUtil.java:82)
	at org.apache.ratis.grpc.GrpcUtil.warn(GrpcUtil.java:178)
	at org.apache.ratis.grpc.server.GrpcLogAppender$AppendLogResponseHandler.onError(GrpcLogAppender.java:405)
	at org.apache.ratis.thirdparty.io.grpc.stub.ClientCalls$StreamObserverToCallListenerAdapter.onClose(ClientCalls.java:487)
	at org.apache.ratis.thirdparty.io.grpc.internal.ClientCallImpl.closeObserver(ClientCallImpl.java:562)
	at org.apache.ratis.thirdparty.io.grpc.internal.ClientCallImpl.access$300(ClientCallImpl.java:70)
	at org.apache.ratis.thirdparty.io.grpc.internal.ClientCallImpl$ClientStreamListenerImpl$1StreamClosed.runInternal(ClientCallImpl.java:743)
	at org.apache.ratis.thirdparty.io.grpc.internal.ClientCallImpl$ClientStreamListenerImpl$1StreamClosed.runInContext(ClientCallImpl.java:722)
	at org.apache.ratis.thirdparty.io.grpc.internal.ContextRunnable.run(ContextRunnable.java:37)
	at org.apache.ratis.thirdparty.io.grpc.internal.SerializingExecutor.run(SerializingExecutor.java:133)
	at java.base/java.util.concurrent.ThreadPoolExecutor.runWorker(ThreadPoolExecutor.java:1128)
	at java.base/java.util.concurrent.ThreadPoolExecutor$Worker.run(ThreadPoolExecutor.java:628)
	at java.base/java.lang.Thread.run(Thread.java:829)
Caused by: java.util.concurrent.RejectedExecutionException: Task java.util.concurrent.CompletableFuture$AsyncSupply@54d8fe7d rejected from java.util.concurrent.ThreadPoolExecutor@3ad4e2b[Terminated, pool size = 0, active threads = 0, queued tasks = 0, completed tasks = 198]
	at java.base/jdk.internal.reflect.GeneratedConstructorAccessor7.newInstance(Unknown Source)
	at java.base/jdk.internal.reflect.DelegatingConstructorAccessorImpl.newInstance(DelegatingConstructorAccessorImpl.java:45)
	at java.base/java.lang.reflect.Constructor.newInstance(Constructor.java:490)
	at org.apache.ratis.util.ReflectionUtils.instantiateException(ReflectionUtils.java:259)
	at org.apache.ratis.grpc.GrpcUtil.tryUnwrapException(GrpcUtil.java:120)
	... 13 more
Caused by: org.apache.ratis.thirdparty.io.grpc.StatusRuntimeException: INTERNAL: Task java.util.concurrent.CompletableFuture$AsyncSupply@54d8fe7d rejected from java.util.concurrent.ThreadPoolExecutor@3ad4e2b[Terminated, pool size = 0, active threads = 0, queued tasks = 0, completed tasks = 198]
	at org.apache.ratis.thirdparty.io.grpc.Status.asRuntimeException(Status.java:535)
	... 10 more
	Suppressed: java.lang.IllegalStateException: Failed to cast to class java.io.IOException, object=java.util.concurrent.RejectedExecutionException: Task java.util.concurrent.CompletableFuture$AsyncSupply@54d8fe7d rejected from java.util.concurrent.ThreadPoolExecutor@3ad4e2b[Terminated, pool size = 0, active threads = 0, queued tasks = 0, completed tasks = 198]
	at java.base/java.util.concurrent.ThreadPoolExecutor$AbortPolicy.rejectedExecution(ThreadPoolExecutor.java:2055)
	at java.base/java.util.concurrent.ThreadPoolExecutor.reject(ThreadPoolExecutor.java:825)
	at java.base/java.util.concurrent.ThreadPoolExecutor.execute(ThreadPoolExecutor.java:1355)
	at java.base/java.util.concurrent.CompletableFuture.asyncSupplyStage(CompletableFuture.java:1714)
	at java.base/java.util.concurrent.CompletableFuture.supplyAsync(CompletableFuture.java:1931)
	at org.apache.ratis.server.impl.RaftServerImpl.executeSubmitServerRequestAsync(RaftServerImpl.java:812)
	at org.apache.ratis.server.impl.RaftServerProxy.lambda$appendEntriesAsync$27(RaftServerProxy.java:634)
	at java.base/java.util.concurrent.CompletableFuture.uniComposeStage(CompletableFuture.java:1106)
	at java.base/java.util.concurrent.CompletableFuture.thenCompose(CompletableFuture.java:2235)
	at org.apache.ratis.server.impl.RaftServerProxy.appendEntriesAsync(RaftServerProxy.java:634)
	at org.apache.ratis.grpc.server.GrpcServerProtocolService$1.process(GrpcServerProtocolService.java:219)
	at org.apache.ratis.grpc.server.GrpcServerProtocolService$1.process(GrpcServerProtocolService.java:216)
	at org.apache.ratis.grpc.server.GrpcServerProtocolService$ServerRequestStreamObserver.onNext(GrpcServerProtocolService.java:124)
	at org.apache.ratis.thirdparty.io.grpc.stub.ServerCalls$StreamingServerCallHandler$StreamingServerCallListener.onMessage(ServerCalls.java:262)
	at org.apache.ratis.thirdparty.io.grpc.ForwardingServerCallListener.onMessage(ForwardingServerCallListener.java:33)
	at org.apache.ratis.thirdparty.io.grpc.internal.ServerCallImpl$ServerStreamListenerImpl.messagesAvailableInternal(ServerCallImpl.java:332)
	at org.apache.ratis.thirdparty.io.grpc.internal.ServerCallImpl$ServerStreamListenerImpl.messagesAvailable(ServerCallImpl.java:315)
	at org.apache.ratis.thirdparty.io.grpc.internal.ServerImpl$JumpToApplicationThreadServerStreamListener$1MessagesAvailable.runInContext(ServerImpl.java:834)
	at org.apache.ratis.thirdparty.io.grpc.internal.ContextRunnable.run(ContextRunnable.java:37)
	at org.apache.ratis.thirdparty.io.grpc.internal.SerializingExecutor.run(SerializingExecutor.java:133)
	at java.base/java.util.concurrent.ThreadPoolExecutor.runWorker(ThreadPoolExecutor.java:1128)
	at java.base/java.util.concurrent.ThreadPoolExecutor$Worker.run(ThreadPoolExecutor.java:628)
	at java.base/java.lang.Thread.run(Thread.java:829)

		at org.apache.ratis.util.IOUtils.readObject(IOUtils.java:237)
		at org.apache.ratis.util.IOUtils.bytes2Object(IOUtils.java:214)
		at org.apache.ratis.grpc.GrpcUtil.tryUnwrapException(GrpcUtil.java:109)
		at org.apache.ratis.grpc.GrpcUtil.unwrapThrowable(GrpcUtil.java:82)
		at org.apache.ratis.grpc.GrpcUtil.warn(GrpcUtil.java:178)
		at org.apache.ratis.grpc.server.GrpcLogAppender$AppendLogResponseHandler.onError(GrpcLogAppender.java:405)
		... 10 more
	Caused by: java.lang.ClassCastException: Cannot cast java.util.concurrent.RejectedExecutionException to java.io.IOException
		at java.base/java.lang.Class.cast(Class.java:3605)
		at org.apache.ratis.util.IOUtils.readObject(IOUtils.java:234)
		... 15 more
2022-10-13 10:40:57,958 [grpc-default-executor-2] INFO  leader.FollowerInfo (FollowerInfoImpl.java:lambda$new$0(48)) - s0@group-6905249F38B1->s1: nextIndex: updateUnconditionally 263 -> 259
2022-10-13 10:40:57,994 [grpc-default-executor-2] WARN  server.GrpcServerProtocolService (LogUtils.java:warn(124)) - s1: Failed APPEND_ENTRIES request s0->s1#394-t2,previous=(t:2, i:258),leaderCommit=262,initializing? true,entries: size=4, first=(t:2, i:259), CONFIGURATIONENTRY(current:id: "s0"
address: "localhost:46195"
dataStreamAddress: "localhost:39399"
clientAddress: "localhost:42765"
adminAddress: "localhost:44717"
startupRole: FOLLOWER
,id: "s1"
address: "0.0.0.0:46693"
clientAddress: "0.0.0.0:46693"
adminAddress: "0.0.0.0:46693"
startupRole: FOLLOWER
,id: "s2"
address: "0.0.0.0:36699"
clientAddress: "0.0.0.0:36699"
adminAddress: "0.0.0.0:36699"
startupRole: FOLLOWER
, old:id: "s0"
address: "localhost:46195"
dataStreamAddress: "localhost:39399"
clientAddress: "localhost:42765"
adminAddress: "localhost:44717"
startupRole: FOLLOWER
)
java.util.concurrent.CompletionException: java.util.concurrent.RejectedExecutionException: Task java.util.concurrent.CompletableFuture$AsyncSupply@73615261 rejected from java.util.concurrent.ThreadPoolExecutor@3ad4e2b[Terminated, pool size = 0, active threads = 0, queued tasks = 0, completed tasks = 198]
	at java.base/java.util.concurrent.CompletableFuture.encodeThrowable(CompletableFuture.java:314)
	at java.base/java.util.concurrent.CompletableFuture.uniComposeStage(CompletableFuture.java:1113)
	at java.base/java.util.concurrent.CompletableFuture.thenCompose(CompletableFuture.java:2235)
	at org.apache.ratis.server.impl.RaftServerProxy.appendEntriesAsync(RaftServerProxy.java:634)
	at org.apache.ratis.grpc.server.GrpcServerProtocolService$1.process(GrpcServerProtocolService.java:219)
	at org.apache.ratis.grpc.server.GrpcServerProtocolService$1.process(GrpcServerProtocolService.java:216)
	at org.apache.ratis.grpc.server.GrpcServerProtocolService$ServerRequestStreamObserver.onNext(GrpcServerProtocolService.java:124)
	at org.apache.ratis.thirdparty.io.grpc.stub.ServerCalls$StreamingServerCallHandler$StreamingServerCallListener.onMessage(ServerCalls.java:262)
	at org.apache.ratis.thirdparty.io.grpc.ForwardingServerCallListener.onMessage(ForwardingServerCallListener.java:33)
	at org.apache.ratis.thirdparty.io.grpc.internal.ServerCallImpl$ServerStreamListenerImpl.messagesAvailableInternal(ServerCallImpl.java:332)
	at org.apache.ratis.thirdparty.io.grpc.internal.ServerCallImpl$ServerStreamListenerImpl.messagesAvailable(ServerCallImpl.java:315)
	at org.apache.ratis.thirdparty.io.grpc.internal.ServerImpl$JumpToApplicationThreadServerStreamListener$1MessagesAvailable.runInContext(ServerImpl.java:834)
	at org.apache.ratis.thirdparty.io.grpc.internal.ContextRunnable.run(ContextRunnable.java:37)
	at org.apache.ratis.thirdparty.io.grpc.internal.SerializingExecutor.run(SerializingExecutor.java:133)
	at java.base/java.util.concurrent.ThreadPoolExecutor.runWorker(ThreadPoolExecutor.java:1128)
	at java.base/java.util.concurrent.ThreadPoolExecutor$Worker.run(ThreadPoolExecutor.java:628)
	at java.base/java.lang.Thread.run(Thread.java:829)
Caused by: java.util.concurrent.RejectedExecutionException: Task java.util.concurrent.CompletableFuture$AsyncSupply@73615261 rejected from java.util.concurrent.ThreadPoolExecutor@3ad4e2b[Terminated, pool size = 0, active threads = 0, queued tasks = 0, completed tasks = 198]
	at java.base/java.util.concurrent.ThreadPoolExecutor$AbortPolicy.rejectedExecution(ThreadPoolExecutor.java:2055)
	at java.base/java.util.concurrent.ThreadPoolExecutor.reject(ThreadPoolExecutor.java:825)
	at java.base/java.util.concurrent.ThreadPoolExecutor.execute(ThreadPoolExecutor.java:1355)
	at java.base/java.util.concurrent.CompletableFuture.asyncSupplyStage(CompletableFuture.java:1714)
	at java.base/java.util.concurrent.CompletableFuture.supplyAsync(CompletableFuture.java:1931)
	at org.apache.ratis.server.impl.RaftServerImpl.executeSubmitServerRequestAsync(RaftServerImpl.java:812)
	at org.apache.ratis.server.impl.RaftServerProxy.lambda$appendEntriesAsync$27(RaftServerProxy.java:634)
	at java.base/java.util.concurrent.CompletableFuture.uniComposeStage(CompletableFuture.java:1106)
	... 15 more
2022-10-13 10:40:57,996 [grpc-default-executor-3] WARN  server.GrpcLogAppender (LogUtils.java:warn(124)) - s0@group-6905249F38B1->s1-AppendLogResponseHandler: Failed appendEntries
java.io.IOException: java.util.concurrent.RejectedExecutionException: Task java.util.concurrent.CompletableFuture$AsyncSupply@73615261 rejected from java.util.concurrent.ThreadPoolExecutor@3ad4e2b[Terminated, pool size = 0, active threads = 0, queued tasks = 0, completed tasks = 198]
	at org.apache.ratis.util.IOUtils.asIOException(IOUtils.java:56)
	at org.apache.ratis.grpc.GrpcUtil.tryUnwrapException(GrpcUtil.java:121)
	at org.apache.ratis.grpc.GrpcUtil.unwrapThrowable(GrpcUtil.java:82)
	at org.apache.ratis.grpc.GrpcUtil.warn(GrpcUtil.java:178)
	at org.apache.ratis.grpc.server.GrpcLogAppender$AppendLogResponseHandler.onError(GrpcLogAppender.java:405)
	at org.apache.ratis.thirdparty.io.grpc.stub.ClientCalls$StreamObserverToCallListenerAdapter.onClose(ClientCalls.java:487)
	at org.apache.ratis.thirdparty.io.grpc.internal.ClientCallImpl.closeObserver(ClientCallImpl.java:562)
	at org.apache.ratis.thirdparty.io.grpc.internal.ClientCallImpl.access$300(ClientCallImpl.java:70)
	at org.apache.ratis.thirdparty.io.grpc.internal.ClientCallImpl$ClientStreamListenerImpl$1StreamClosed.runInternal(ClientCallImpl.java:743)
	at org.apache.ratis.thirdparty.io.grpc.internal.ClientCallImpl$ClientStreamListenerImpl$1StreamClosed.runInContext(ClientCallImpl.java:722)
	at org.apache.ratis.thirdparty.io.grpc.internal.ContextRunnable.run(ContextRunnable.java:37)
	at org.apache.ratis.thirdparty.io.grpc.internal.SerializingExecutor.run(SerializingExecutor.java:133)
	at java.base/java.util.concurrent.ThreadPoolExecutor.runWorker(ThreadPoolExecutor.java:1128)
	at java.base/java.util.concurrent.ThreadPoolExecutor$Worker.run(ThreadPoolExecutor.java:628)
	at java.base/java.lang.Thread.run(Thread.java:829)
Caused by: java.util.concurrent.RejectedExecutionException: Task java.util.concurrent.CompletableFuture$AsyncSupply@73615261 rejected from java.util.concurrent.ThreadPoolExecutor@3ad4e2b[Terminated, pool size = 0, active threads = 0, queued tasks = 0, completed tasks = 198]
	at java.base/jdk.internal.reflect.GeneratedConstructorAccessor7.newInstance(Unknown Source)
	at java.base/jdk.internal.reflect.DelegatingConstructorAccessorImpl.newInstance(DelegatingConstructorAccessorImpl.java:45)
	at java.base/java.lang.reflect.Constructor.newInstance(Constructor.java:490)
	at org.apache.ratis.util.ReflectionUtils.instantiateException(ReflectionUtils.java:259)
	at org.apache.ratis.grpc.GrpcUtil.tryUnwrapException(GrpcUtil.java:120)
	... 13 more
Caused by: org.apache.ratis.thirdparty.io.grpc.StatusRuntimeException: INTERNAL: Task java.util.concurrent.CompletableFuture$AsyncSupply@73615261 rejected from java.util.concurrent.ThreadPoolExecutor@3ad4e2b[Terminated, pool size = 0, active threads = 0, queued tasks = 0, completed tasks = 198]
	at org.apache.ratis.thirdparty.io.grpc.Status.asRuntimeException(Status.java:535)
	... 10 more
	Suppressed: java.lang.IllegalStateException: Failed to cast to class java.io.IOException, object=java.util.concurrent.RejectedExecutionException: Task java.util.concurrent.CompletableFuture$AsyncSupply@73615261 rejected from java.util.concurrent.ThreadPoolExecutor@3ad4e2b[Terminated, pool size = 0, active threads = 0, queued tasks = 0, completed tasks = 198]
	at java.base/java.util.concurrent.ThreadPoolExecutor$AbortPolicy.rejectedExecution(ThreadPoolExecutor.java:2055)
	at java.base/java.util.concurrent.ThreadPoolExecutor.reject(ThreadPoolExecutor.java:825)
	at java.base/java.util.concurrent.ThreadPoolExecutor.execute(ThreadPoolExecutor.java:1355)
	at java.base/java.util.concurrent.CompletableFuture.asyncSupplyStage(CompletableFuture.java:1714)
	at java.base/java.util.concurrent.CompletableFuture.supplyAsync(CompletableFuture.java:1931)
	at org.apache.ratis.server.impl.RaftServerImpl.executeSubmitServerRequestAsync(RaftServerImpl.java:812)
	at org.apache.ratis.server.impl.RaftServerProxy.lambda$appendEntriesAsync$27(RaftServerProxy.java:634)
	at java.base/java.util.concurrent.CompletableFuture.uniComposeStage(CompletableFuture.java:1106)
	at java.base/java.util.concurrent.CompletableFuture.thenCompose(CompletableFuture.java:2235)
	at org.apache.ratis.server.impl.RaftServerProxy.appendEntriesAsync(RaftServerProxy.java:634)
	at org.apache.ratis.grpc.server.GrpcServerProtocolService$1.process(GrpcServerProtocolService.java:219)
	at org.apache.ratis.grpc.server.GrpcServerProtocolService$1.process(GrpcServerProtocolService.java:216)
	at org.apache.ratis.grpc.server.GrpcServerProtocolService$ServerRequestStreamObserver.onNext(GrpcServerProtocolService.java:124)
	at org.apache.ratis.thirdparty.io.grpc.stub.ServerCalls$StreamingServerCallHandler$StreamingServerCallListener.onMessage(ServerCalls.java:262)
	at org.apache.ratis.thirdparty.io.grpc.ForwardingServerCallListener.onMessage(ForwardingServerCallListener.java:33)
	at org.apache.ratis.thirdparty.io.grpc.internal.ServerCallImpl$ServerStreamListenerImpl.messagesAvailableInternal(ServerCallImpl.java:332)
	at org.apache.ratis.thirdparty.io.grpc.internal.ServerCallImpl$ServerStreamListenerImpl.messagesAvailable(ServerCallImpl.java:315)
	at org.apache.ratis.thirdparty.io.grpc.internal.ServerImpl$JumpToApplicationThreadServerStreamListener$1MessagesAvailable.runInContext(ServerImpl.java:834)
	at org.apache.ratis.thirdparty.io.grpc.internal.ContextRunnable.run(ContextRunnable.java:37)
	at org.apache.ratis.thirdparty.io.grpc.internal.SerializingExecutor.run(SerializingExecutor.java:133)
	at java.base/java.util.concurrent.ThreadPoolExecutor.runWorker(ThreadPoolExecutor.java:1128)
	at java.base/java.util.concurrent.ThreadPoolExecutor$Worker.run(ThreadPoolExecutor.java:628)
	at java.base/java.lang.Thread.run(Thread.java:829)

		at org.apache.ratis.util.IOUtils.readObject(IOUtils.java:237)
		at org.apache.ratis.util.IOUtils.bytes2Object(IOUtils.java:214)
		at org.apache.ratis.grpc.GrpcUtil.tryUnwrapException(GrpcUtil.java:109)
		at org.apache.ratis.grpc.GrpcUtil.unwrapThrowable(GrpcUtil.java:82)
		at org.apache.ratis.grpc.GrpcUtil.warn(GrpcUtil.java:178)
		at org.apache.ratis.grpc.server.GrpcLogAppender$AppendLogResponseHandler.onError(GrpcLogAppender.java:405)
		... 10 more
	Caused by: java.lang.ClassCastException: Cannot cast java.util.concurrent.RejectedExecutionException to java.io.IOException
		at java.base/java.lang.Class.cast(Class.java:3605)
		at org.apache.ratis.util.IOUtils.readObject(IOUtils.java:234)
		... 15 more
2022-10-13 10:40:57,996 [grpc-default-executor-3] INFO  leader.FollowerInfo (FollowerInfoImpl.java:lambda$new$0(48)) - s0@group-6905249F38B1->s1: nextIndex: updateUnconditionally 263 -> 259
2022-10-13 10:40:58,032 [grpc-default-executor-2] WARN  server.GrpcServerProtocolService (LogUtils.java:warn(124)) - s1: Failed APPEND_ENTRIES request s0->s1#396-t2,previous=(t:2, i:258),leaderCommit=262,initializing? true,entries: size=4, first=(t:2, i:259), CONFIGURATIONENTRY(current:id: "s0"
address: "localhost:46195"
dataStreamAddress: "localhost:39399"
clientAddress: "localhost:42765"
adminAddress: "localhost:44717"
startupRole: FOLLOWER
,id: "s1"
address: "0.0.0.0:46693"
clientAddress: "0.0.0.0:46693"
adminAddress: "0.0.0.0:46693"
startupRole: FOLLOWER
,id: "s2"
address: "0.0.0.0:36699"
clientAddress: "0.0.0.0:36699"
adminAddress: "0.0.0.0:36699"
startupRole: FOLLOWER
, old:id: "s0"
address: "localhost:46195"
dataStreamAddress: "localhost:39399"
clientAddress: "localhost:42765"
adminAddress: "localhost:44717"
startupRole: FOLLOWER
)
java.util.concurrent.CompletionException: java.util.concurrent.RejectedExecutionException: Task java.util.concurrent.CompletableFuture$AsyncSupply@610bf13d rejected from java.util.concurrent.ThreadPoolExecutor@3ad4e2b[Terminated, pool size = 0, active threads = 0, queued tasks = 0, completed tasks = 198]
	at java.base/java.util.concurrent.CompletableFuture.encodeThrowable(CompletableFuture.java:314)
	at java.base/java.util.concurrent.CompletableFuture.uniComposeStage(CompletableFuture.java:1113)
	at java.base/java.util.concurrent.CompletableFuture.thenCompose(CompletableFuture.java:2235)
	at org.apache.ratis.server.impl.RaftServerProxy.appendEntriesAsync(RaftServerProxy.java:634)
	at org.apache.ratis.grpc.server.GrpcServerProtocolService$1.process(GrpcServerProtocolService.java:219)
	at org.apache.ratis.grpc.server.GrpcServerProtocolService$1.process(GrpcServerProtocolService.java:216)
	at org.apache.ratis.grpc.server.GrpcServerProtocolService$ServerRequestStreamObserver.onNext(GrpcServerProtocolService.java:124)
	at org.apache.ratis.thirdparty.io.grpc.stub.ServerCalls$StreamingServerCallHandler$StreamingServerCallListener.onMessage(ServerCalls.java:262)
	at org.apache.ratis.thirdparty.io.grpc.ForwardingServerCallListener.onMessage(ForwardingServerCallListener.java:33)
	at org.apache.ratis.thirdparty.io.grpc.internal.ServerCallImpl$ServerStreamListenerImpl.messagesAvailableInternal(ServerCallImpl.java:332)
	at org.apache.ratis.thirdparty.io.grpc.internal.ServerCallImpl$ServerStreamListenerImpl.messagesAvailable(ServerCallImpl.java:315)
	at org.apache.ratis.thirdparty.io.grpc.internal.ServerImpl$JumpToApplicationThreadServerStreamListener$1MessagesAvailable.runInContext(ServerImpl.java:834)
	at org.apache.ratis.thirdparty.io.grpc.internal.ContextRunnable.run(ContextRunnable.java:37)
	at org.apache.ratis.thirdparty.io.grpc.internal.SerializingExecutor.run(SerializingExecutor.java:133)
	at java.base/java.util.concurrent.ThreadPoolExecutor.runWorker(ThreadPoolExecutor.java:1128)
	at java.base/java.util.concurrent.ThreadPoolExecutor$Worker.run(ThreadPoolExecutor.java:628)
	at java.base/java.lang.Thread.run(Thread.java:829)
Caused by: java.util.concurrent.RejectedExecutionException: Task java.util.concurrent.CompletableFuture$AsyncSupply@610bf13d rejected from java.util.concurrent.ThreadPoolExecutor@3ad4e2b[Terminated, pool size = 0, active threads = 0, queued tasks = 0, completed tasks = 198]
	at java.base/java.util.concurrent.ThreadPoolExecutor$AbortPolicy.rejectedExecution(ThreadPoolExecutor.java:2055)
	at java.base/java.util.concurrent.ThreadPoolExecutor.reject(ThreadPoolExecutor.java:825)
	at java.base/java.util.concurrent.ThreadPoolExecutor.execute(ThreadPoolExecutor.java:1355)
	at java.base/java.util.concurrent.CompletableFuture.asyncSupplyStage(CompletableFuture.java:1714)
	at java.base/java.util.concurrent.CompletableFuture.supplyAsync(CompletableFuture.java:1931)
	at org.apache.ratis.server.impl.RaftServerImpl.executeSubmitServerRequestAsync(RaftServerImpl.java:812)
	at org.apache.ratis.server.impl.RaftServerProxy.lambda$appendEntriesAsync$27(RaftServerProxy.java:634)
	at java.base/java.util.concurrent.CompletableFuture.uniComposeStage(CompletableFuture.java:1106)
	... 15 more
2022-10-13 10:40:58,033 [grpc-default-executor-3] WARN  server.GrpcLogAppender (LogUtils.java:warn(124)) - s0@group-6905249F38B1->s1-AppendLogResponseHandler: Failed appendEntries
java.io.IOException: java.util.concurrent.RejectedExecutionException: Task java.util.concurrent.CompletableFuture$AsyncSupply@610bf13d rejected from java.util.concurrent.ThreadPoolExecutor@3ad4e2b[Terminated, pool size = 0, active threads = 0, queued tasks = 0, completed tasks = 198]
	at org.apache.ratis.util.IOUtils.asIOException(IOUtils.java:56)
	at org.apache.ratis.grpc.GrpcUtil.tryUnwrapException(GrpcUtil.java:121)
	at org.apache.ratis.grpc.GrpcUtil.unwrapThrowable(GrpcUtil.java:82)
	at org.apache.ratis.grpc.GrpcUtil.warn(GrpcUtil.java:178)
	at org.apache.ratis.grpc.server.GrpcLogAppender$AppendLogResponseHandler.onError(GrpcLogAppender.java:405)
	at org.apache.ratis.thirdparty.io.grpc.stub.ClientCalls$StreamObserverToCallListenerAdapter.onClose(ClientCalls.java:487)
	at org.apache.ratis.thirdparty.io.grpc.internal.ClientCallImpl.closeObserver(ClientCallImpl.java:562)
	at org.apache.ratis.thirdparty.io.grpc.internal.ClientCallImpl.access$300(ClientCallImpl.java:70)
	at org.apache.ratis.thirdparty.io.grpc.internal.ClientCallImpl$ClientStreamListenerImpl$1StreamClosed.runInternal(ClientCallImpl.java:743)
	at org.apache.ratis.thirdparty.io.grpc.internal.ClientCallImpl$ClientStreamListenerImpl$1StreamClosed.runInContext(ClientCallImpl.java:722)
	at org.apache.ratis.thirdparty.io.grpc.internal.ContextRunnable.run(ContextRunnable.java:37)
	at org.apache.ratis.thirdparty.io.grpc.internal.SerializingExecutor.run(SerializingExecutor.java:133)
	at java.base/java.util.concurrent.ThreadPoolExecutor.runWorker(ThreadPoolExecutor.java:1128)
	at java.base/java.util.concurrent.ThreadPoolExecutor$Worker.run(ThreadPoolExecutor.java:628)
	at java.base/java.lang.Thread.run(Thread.java:829)
Caused by: java.util.concurrent.RejectedExecutionException: Task java.util.concurrent.CompletableFuture$AsyncSupply@610bf13d rejected from java.util.concurrent.ThreadPoolExecutor@3ad4e2b[Terminated, pool size = 0, active threads = 0, queued tasks = 0, completed tasks = 198]
	at java.base/jdk.internal.reflect.GeneratedConstructorAccessor7.newInstance(Unknown Source)
	at java.base/jdk.internal.reflect.DelegatingConstructorAccessorImpl.newInstance(DelegatingConstructorAccessorImpl.java:45)
	at java.base/java.lang.reflect.Constructor.newInstance(Constructor.java:490)
	at org.apache.ratis.util.ReflectionUtils.instantiateException(ReflectionUtils.java:259)
	at org.apache.ratis.grpc.GrpcUtil.tryUnwrapException(GrpcUtil.java:120)
	... 13 more
Caused by: org.apache.ratis.thirdparty.io.grpc.StatusRuntimeException: INTERNAL: Task java.util.concurrent.CompletableFuture$AsyncSupply@610bf13d rejected from java.util.concurrent.ThreadPoolExecutor@3ad4e2b[Terminated, pool size = 0, active threads = 0, queued tasks = 0, completed tasks = 198]
	at org.apache.ratis.thirdparty.io.grpc.Status.asRuntimeException(Status.java:535)
	... 10 more
	Suppressed: java.lang.IllegalStateException: Failed to cast to class java.io.IOException, object=java.util.concurrent.RejectedExecutionException: Task java.util.concurrent.CompletableFuture$AsyncSupply@610bf13d rejected from java.util.concurrent.ThreadPoolExecutor@3ad4e2b[Terminated, pool size = 0, active threads = 0, queued tasks = 0, completed tasks = 198]
	at java.base/java.util.concurrent.ThreadPoolExecutor$AbortPolicy.rejectedExecution(ThreadPoolExecutor.java:2055)
	at java.base/java.util.concurrent.ThreadPoolExecutor.reject(ThreadPoolExecutor.java:825)
	at java.base/java.util.concurrent.ThreadPoolExecutor.execute(ThreadPoolExecutor.java:1355)
	at java.base/java.util.concurrent.CompletableFuture.asyncSupplyStage(CompletableFuture.java:1714)
	at java.base/java.util.concurrent.CompletableFuture.supplyAsync(CompletableFuture.java:1931)
	at org.apache.ratis.server.impl.RaftServerImpl.executeSubmitServerRequestAsync(RaftServerImpl.java:812)
	at org.apache.ratis.server.impl.RaftServerProxy.lambda$appendEntriesAsync$27(RaftServerProxy.java:634)
	at java.base/java.util.concurrent.CompletableFuture.uniComposeStage(CompletableFuture.java:1106)
	at java.base/java.util.concurrent.CompletableFuture.thenCompose(CompletableFuture.java:2235)
	at org.apache.ratis.server.impl.RaftServerProxy.appendEntriesAsync(RaftServerProxy.java:634)
	at org.apache.ratis.grpc.server.GrpcServerProtocolService$1.process(GrpcServerProtocolService.java:219)
	at org.apache.ratis.grpc.server.GrpcServerProtocolService$1.process(GrpcServerProtocolService.java:216)
	at org.apache.ratis.grpc.server.GrpcServerProtocolService$ServerRequestStreamObserver.onNext(GrpcServerProtocolService.java:124)
	at org.apache.ratis.thirdparty.io.grpc.stub.ServerCalls$StreamingServerCallHandler$StreamingServerCallListener.onMessage(ServerCalls.java:262)
	at org.apache.ratis.thirdparty.io.grpc.ForwardingServerCallListener.onMessage(ForwardingServerCallListener.java:33)
	at org.apache.ratis.thirdparty.io.grpc.internal.ServerCallImpl$ServerStreamListenerImpl.messagesAvailableInternal(ServerCallImpl.java:332)
	at org.apache.ratis.thirdparty.io.grpc.internal.ServerCallImpl$ServerStreamListenerImpl.messagesAvailable(ServerCallImpl.java:315)
	at org.apache.ratis.thirdparty.io.grpc.internal.ServerImpl$JumpToApplicationThreadServerStreamListener$1MessagesAvailable.runInContext(ServerImpl.java:834)
	at org.apache.ratis.thirdparty.io.grpc.internal.ContextRunnable.run(ContextRunnable.java:37)
	at org.apache.ratis.thirdparty.io.grpc.internal.SerializingExecutor.run(SerializingExecutor.java:133)
	at java.base/java.util.concurrent.ThreadPoolExecutor.runWorker(ThreadPoolExecutor.java:1128)
	at java.base/java.util.concurrent.ThreadPoolExecutor$Worker.run(ThreadPoolExecutor.java:628)
	at java.base/java.lang.Thread.run(Thread.java:829)

		at org.apache.ratis.util.IOUtils.readObject(IOUtils.java:237)
		at org.apache.ratis.util.IOUtils.bytes2Object(IOUtils.java:214)
		at org.apache.ratis.grpc.GrpcUtil.tryUnwrapException(GrpcUtil.java:109)
		at org.apache.ratis.grpc.GrpcUtil.unwrapThrowable(GrpcUtil.java:82)
		at org.apache.ratis.grpc.GrpcUtil.warn(GrpcUtil.java:178)
		at org.apache.ratis.grpc.server.GrpcLogAppender$AppendLogResponseHandler.onError(GrpcLogAppender.java:405)
		... 10 more
	Caused by: java.lang.ClassCastException: Cannot cast java.util.concurrent.RejectedExecutionException to java.io.IOException
		at java.base/java.lang.Class.cast(Class.java:3605)
		at org.apache.ratis.util.IOUtils.readObject(IOUtils.java:234)
		... 15 more
2022-10-13 10:40:58,034 [grpc-default-executor-3] INFO  leader.FollowerInfo (FollowerInfoImpl.java:lambda$new$0(48)) - s0@group-6905249F38B1->s1: nextIndex: updateUnconditionally 263 -> 259
2022-10-13 10:40:58,040 [Time-limited test] INFO  impl.RaftServerTestUtil (RaftServerTestUtil.java:waitAndCheckNewConf(97)) - waitAndCheckNewConf: peers=[s1|rpc:0.0.0.0:46693|priority:0|startupRole:FOLLOWER, s2|rpc:0.0.0.0:36699|priority:0|startupRole:FOLLOWER, s0|rpc:localhost:46195|admin:localhost:44717|client:localhost:42765|dataStream:localhost:39399|priority:0|startupRole:FOLLOWER], deadPeers=null, printing ALL groups
  s0:  RUNNING    LEADER s0@group-6905249F38B1:t2, leader=s0, voted=s0, raftlog=Memoized:s0@group-6905249F38B1-SegmentedRaftLog:OPENED:c262, conf=261: peers:[s0|rpc:localhost:46195|admin:localhost:44717|client:localhost:42765|dataStream:localhost:39399|priority:0|startupRole:FOLLOWER, s1|rpc:0.0.0.0:46693|dataStream:|priority:0|startupRole:FOLLOWER, s2|rpc:0.0.0.0:36699|dataStream:|priority:0|startupRole:FOLLOWER]|listeners:[], old=null RUNNING
  s1:  RUNNING  FOLLOWER s1@group-6905249F38B1:t2, leader=s0, voted=null, raftlog=Memoized:s1@group-6905249F38B1-SegmentedRaftLog:CLOSED:c254, conf=255: peers:[s0|rpc:localhost:46195|admin:localhost:44717|client:localhost:42765|dataStream:localhost:39399|priority:0|startupRole:FOLLOWER]|listeners:[], old=null CLOSED
  s2:  RUNNING  FOLLOWER s2@group-6905249F38B1:t2, leader=s0, voted=null, raftlog=Memoized:s2@group-6905249F38B1-SegmentedRaftLog:OPENED:c262, conf=261: peers:[s0|rpc:localhost:46195|admin:localhost:44717|client:localhost:42765|dataStream:localhost:39399|priority:0|startupRole:FOLLOWER, s1|rpc:0.0.0.0:46693|dataStream:|priority:0|startupRole:FOLLOWER, s2|rpc:0.0.0.0:36699|dataStream:|priority:0|startupRole:FOLLOWER]|listeners:[], old=null RUNNING
2022-10-13 10:40:58,040 [Time-limited test] INFO  impl.RaftServerTestUtil (RaftServerTestUtil.java:waitAndCheckNewConf(106)) - checking    LEADER s0@group-6905249F38B1:t2, leader=s0, voted=s0, raftlog=Memoized:s0@group-6905249F38B1-SegmentedRaftLog:OPENED:c262, conf=261: peers:[s0|rpc:localhost:46195|admin:localhost:44717|client:localhost:42765|dataStream:localhost:39399|priority:0|startupRole:FOLLOWER, s1|rpc:0.0.0.0:46693|dataStream:|priority:0|startupRole:FOLLOWER, s2|rpc:0.0.0.0:36699|dataStream:|priority:0|startupRole:FOLLOWER]|listeners:[], old=null RUNNING
2022-10-13 10:40:58,040 [Time-limited test] INFO  impl.RaftServerTestUtil (RaftServerTestUtil.java:waitAndCheckNewConf(106)) - checking  FOLLOWER s1@group-6905249F38B1:t2, leader=s0, voted=null, raftlog=Memoized:s1@group-6905249F38B1-SegmentedRaftLog:CLOSED:c254, conf=255: peers:[s0|rpc:localhost:46195|admin:localhost:44717|client:localhost:42765|dataStream:localhost:39399|priority:0|startupRole:FOLLOWER]|listeners:[], old=null CLOSED
2022-10-13 10:40:58,040 [Time-limited test] WARN  impl.RaftServerTestUtil (JavaUtils.java:attempt(217)) - FAILED "waitAndCheckNewConf", attempt #7/10: java.lang.AssertionError, sleep 600ms and then retry.
java.lang.AssertionError
	at org.junit.Assert.fail(Assert.java:87)
	at org.junit.Assert.assertTrue(Assert.java:42)
	at org.junit.Assert.assertTrue(Assert.java:53)
	at org.apache.ratis.server.impl.RaftServerTestUtil.waitAndCheckNewConf(RaftServerTestUtil.java:117)
	at org.apache.ratis.server.impl.RaftServerTestUtil.lambda$waitAndCheckNewConf$3(RaftServerTestUtil.java:92)
	at org.apache.ratis.util.function.CheckedRunnable.lambda$asCheckedSupplier$0(CheckedRunnable.java:32)
	at org.apache.ratis.util.JavaUtils.attempt(JavaUtils.java:211)
	at org.apache.ratis.util.JavaUtils.attemptRepeatedly(JavaUtils.java:197)
	at org.apache.ratis.util.JavaUtils.attempt(JavaUtils.java:231)
	at org.apache.ratis.server.impl.RaftServerTestUtil.waitAndCheckNewConf(RaftServerTestUtil.java:92)
	at org.apache.ratis.InstallSnapshotNotificationTests.testAddNewFollowers(InstallSnapshotNotificationTests.java:236)
	at org.apache.ratis.server.impl.MiniRaftCluster$Factory$Get.runWithNewCluster(MiniRaftCluster.java:141)
	at org.apache.ratis.server.impl.MiniRaftCluster$Factory$Get.runWithNewCluster(MiniRaftCluster.java:121)
	at org.apache.ratis.InstallSnapshotNotificationTests.testAddNewFollowers(InstallSnapshotNotificationTests.java:173)
	at java.base/jdk.internal.reflect.NativeMethodAccessorImpl.invoke0(Native Method)
	at java.base/jdk.internal.reflect.NativeMethodAccessorImpl.invoke(NativeMethodAccessorImpl.java:62)
	at java.base/jdk.internal.reflect.DelegatingMethodAccessorImpl.invoke(DelegatingMethodAccessorImpl.java:43)
	at java.base/java.lang.reflect.Method.invoke(Method.java:566)
	at org.junit.runners.model.FrameworkMethod$1.runReflectiveCall(FrameworkMethod.java:59)
	at org.junit.internal.runners.model.ReflectiveCallable.run(ReflectiveCallable.java:12)
	at org.junit.runners.model.FrameworkMethod.invokeExplosively(FrameworkMethod.java:56)
	at org.junit.internal.runners.statements.InvokeMethod.evaluate(InvokeMethod.java:17)
	at org.junit.internal.runners.statements.RunAfters.evaluate(RunAfters.java:27)
	at org.junit.internal.runners.statements.FailOnTimeout$CallableStatement.call(FailOnTimeout.java:299)
	at org.junit.internal.runners.statements.FailOnTimeout$CallableStatement.call(FailOnTimeout.java:293)
	at java.base/java.util.concurrent.FutureTask.run(FutureTask.java:264)
	at java.base/java.lang.Thread.run(Thread.java:829)
2022-10-13 10:40:58,070 [grpc-default-executor-2] WARN  server.GrpcServerProtocolService (LogUtils.java:warn(124)) - s1: Failed APPEND_ENTRIES request s0->s1#398-t2,previous=(t:2, i:258),leaderCommit=262,initializing? true,entries: size=4, first=(t:2, i:259), CONFIGURATIONENTRY(current:id: "s0"
address: "localhost:46195"
dataStreamAddress: "localhost:39399"
clientAddress: "localhost:42765"
adminAddress: "localhost:44717"
startupRole: FOLLOWER
,id: "s1"
address: "0.0.0.0:46693"
clientAddress: "0.0.0.0:46693"
adminAddress: "0.0.0.0:46693"
startupRole: FOLLOWER
,id: "s2"
address: "0.0.0.0:36699"
clientAddress: "0.0.0.0:36699"
adminAddress: "0.0.0.0:36699"
startupRole: FOLLOWER
, old:id: "s0"
address: "localhost:46195"
dataStreamAddress: "localhost:39399"
clientAddress: "localhost:42765"
adminAddress: "localhost:44717"
startupRole: FOLLOWER
)
java.util.concurrent.CompletionException: java.util.concurrent.RejectedExecutionException: Task java.util.concurrent.CompletableFuture$AsyncSupply@3d52d953 rejected from java.util.concurrent.ThreadPoolExecutor@3ad4e2b[Terminated, pool size = 0, active threads = 0, queued tasks = 0, completed tasks = 198]
	at java.base/java.util.concurrent.CompletableFuture.encodeThrowable(CompletableFuture.java:314)
	at java.base/java.util.concurrent.CompletableFuture.uniComposeStage(CompletableFuture.java:1113)
	at java.base/java.util.concurrent.CompletableFuture.thenCompose(CompletableFuture.java:2235)
	at org.apache.ratis.server.impl.RaftServerProxy.appendEntriesAsync(RaftServerProxy.java:634)
	at org.apache.ratis.grpc.server.GrpcServerProtocolService$1.process(GrpcServerProtocolService.java:219)
	at org.apache.ratis.grpc.server.GrpcServerProtocolService$1.process(GrpcServerProtocolService.java:216)
	at org.apache.ratis.grpc.server.GrpcServerProtocolService$ServerRequestStreamObserver.onNext(GrpcServerProtocolService.java:124)
	at org.apache.ratis.thirdparty.io.grpc.stub.ServerCalls$StreamingServerCallHandler$StreamingServerCallListener.onMessage(ServerCalls.java:262)
	at org.apache.ratis.thirdparty.io.grpc.ForwardingServerCallListener.onMessage(ForwardingServerCallListener.java:33)
	at org.apache.ratis.thirdparty.io.grpc.internal.ServerCallImpl$ServerStreamListenerImpl.messagesAvailableInternal(ServerCallImpl.java:332)
	at org.apache.ratis.thirdparty.io.grpc.internal.ServerCallImpl$ServerStreamListenerImpl.messagesAvailable(ServerCallImpl.java:315)
	at org.apache.ratis.thirdparty.io.grpc.internal.ServerImpl$JumpToApplicationThreadServerStreamListener$1MessagesAvailable.runInContext(ServerImpl.java:834)
	at org.apache.ratis.thirdparty.io.grpc.internal.ContextRunnable.run(ContextRunnable.java:37)
	at org.apache.ratis.thirdparty.io.grpc.internal.SerializingExecutor.run(SerializingExecutor.java:133)
	at java.base/java.util.concurrent.ThreadPoolExecutor.runWorker(ThreadPoolExecutor.java:1128)
	at java.base/java.util.concurrent.ThreadPoolExecutor$Worker.run(ThreadPoolExecutor.java:628)
	at java.base/java.lang.Thread.run(Thread.java:829)
Caused by: java.util.concurrent.RejectedExecutionException: Task java.util.concurrent.CompletableFuture$AsyncSupply@3d52d953 rejected from java.util.concurrent.ThreadPoolExecutor@3ad4e2b[Terminated, pool size = 0, active threads = 0, queued tasks = 0, completed tasks = 198]
	at java.base/java.util.concurrent.ThreadPoolExecutor$AbortPolicy.rejectedExecution(ThreadPoolExecutor.java:2055)
	at java.base/java.util.concurrent.ThreadPoolExecutor.reject(ThreadPoolExecutor.java:825)
	at java.base/java.util.concurrent.ThreadPoolExecutor.execute(ThreadPoolExecutor.java:1355)
	at java.base/java.util.concurrent.CompletableFuture.asyncSupplyStage(CompletableFuture.java:1714)
	at java.base/java.util.concurrent.CompletableFuture.supplyAsync(CompletableFuture.java:1931)
	at org.apache.ratis.server.impl.RaftServerImpl.executeSubmitServerRequestAsync(RaftServerImpl.java:812)
	at org.apache.ratis.server.impl.RaftServerProxy.lambda$appendEntriesAsync$27(RaftServerProxy.java:634)
	at java.base/java.util.concurrent.CompletableFuture.uniComposeStage(CompletableFuture.java:1106)
	... 15 more
2022-10-13 10:40:58,071 [grpc-default-executor-3] WARN  server.GrpcLogAppender (LogUtils.java:warn(124)) - s0@group-6905249F38B1->s1-AppendLogResponseHandler: Failed appendEntries
java.io.IOException: java.util.concurrent.RejectedExecutionException: Task java.util.concurrent.CompletableFuture$AsyncSupply@3d52d953 rejected from java.util.concurrent.ThreadPoolExecutor@3ad4e2b[Terminated, pool size = 0, active threads = 0, queued tasks = 0, completed tasks = 198]
	at org.apache.ratis.util.IOUtils.asIOException(IOUtils.java:56)
	at org.apache.ratis.grpc.GrpcUtil.tryUnwrapException(GrpcUtil.java:121)
	at org.apache.ratis.grpc.GrpcUtil.unwrapThrowable(GrpcUtil.java:82)
	at org.apache.ratis.grpc.GrpcUtil.warn(GrpcUtil.java:178)
	at org.apache.ratis.grpc.server.GrpcLogAppender$AppendLogResponseHandler.onError(GrpcLogAppender.java:405)
	at org.apache.ratis.thirdparty.io.grpc.stub.ClientCalls$StreamObserverToCallListenerAdapter.onClose(ClientCalls.java:487)
	at org.apache.ratis.thirdparty.io.grpc.internal.ClientCallImpl.closeObserver(ClientCallImpl.java:562)
	at org.apache.ratis.thirdparty.io.grpc.internal.ClientCallImpl.access$300(ClientCallImpl.java:70)
	at org.apache.ratis.thirdparty.io.grpc.internal.ClientCallImpl$ClientStreamListenerImpl$1StreamClosed.runInternal(ClientCallImpl.java:743)
	at org.apache.ratis.thirdparty.io.grpc.internal.ClientCallImpl$ClientStreamListenerImpl$1StreamClosed.runInContext(ClientCallImpl.java:722)
	at org.apache.ratis.thirdparty.io.grpc.internal.ContextRunnable.run(ContextRunnable.java:37)
	at org.apache.ratis.thirdparty.io.grpc.internal.SerializingExecutor.run(SerializingExecutor.java:133)
	at java.base/java.util.concurrent.ThreadPoolExecutor.runWorker(ThreadPoolExecutor.java:1128)
	at java.base/java.util.concurrent.ThreadPoolExecutor$Worker.run(ThreadPoolExecutor.java:628)
	at java.base/java.lang.Thread.run(Thread.java:829)
Caused by: java.util.concurrent.RejectedExecutionException: Task java.util.concurrent.CompletableFuture$AsyncSupply@3d52d953 rejected from java.util.concurrent.ThreadPoolExecutor@3ad4e2b[Terminated, pool size = 0, active threads = 0, queued tasks = 0, completed tasks = 198]
	at java.base/jdk.internal.reflect.GeneratedConstructorAccessor7.newInstance(Unknown Source)
	at java.base/jdk.internal.reflect.DelegatingConstructorAccessorImpl.newInstance(DelegatingConstructorAccessorImpl.java:45)
	at java.base/java.lang.reflect.Constructor.newInstance(Constructor.java:490)
	at org.apache.ratis.util.ReflectionUtils.instantiateException(ReflectionUtils.java:259)
	at org.apache.ratis.grpc.GrpcUtil.tryUnwrapException(GrpcUtil.java:120)
	... 13 more
Caused by: org.apache.ratis.thirdparty.io.grpc.StatusRuntimeException: INTERNAL: Task java.util.concurrent.CompletableFuture$AsyncSupply@3d52d953 rejected from java.util.concurrent.ThreadPoolExecutor@3ad4e2b[Terminated, pool size = 0, active threads = 0, queued tasks = 0, completed tasks = 198]
	at org.apache.ratis.thirdparty.io.grpc.Status.asRuntimeException(Status.java:535)
	... 10 more
	Suppressed: java.lang.IllegalStateException: Failed to cast to class java.io.IOException, object=java.util.concurrent.RejectedExecutionException: Task java.util.concurrent.CompletableFuture$AsyncSupply@3d52d953 rejected from java.util.concurrent.ThreadPoolExecutor@3ad4e2b[Terminated, pool size = 0, active threads = 0, queued tasks = 0, completed tasks = 198]
	at java.base/java.util.concurrent.ThreadPoolExecutor$AbortPolicy.rejectedExecution(ThreadPoolExecutor.java:2055)
	at java.base/java.util.concurrent.ThreadPoolExecutor.reject(ThreadPoolExecutor.java:825)
	at java.base/java.util.concurrent.ThreadPoolExecutor.execute(ThreadPoolExecutor.java:1355)
	at java.base/java.util.concurrent.CompletableFuture.asyncSupplyStage(CompletableFuture.java:1714)
	at java.base/java.util.concurrent.CompletableFuture.supplyAsync(CompletableFuture.java:1931)
	at org.apache.ratis.server.impl.RaftServerImpl.executeSubmitServerRequestAsync(RaftServerImpl.java:812)
	at org.apache.ratis.server.impl.RaftServerProxy.lambda$appendEntriesAsync$27(RaftServerProxy.java:634)
	at java.base/java.util.concurrent.CompletableFuture.uniComposeStage(CompletableFuture.java:1106)
	at java.base/java.util.concurrent.CompletableFuture.thenCompose(CompletableFuture.java:2235)
	at org.apache.ratis.server.impl.RaftServerProxy.appendEntriesAsync(RaftServerProxy.java:634)
	at org.apache.ratis.grpc.server.GrpcServerProtocolService$1.process(GrpcServerProtocolService.java:219)
	at org.apache.ratis.grpc.server.GrpcServerProtocolService$1.process(GrpcServerProtocolService.java:216)
	at org.apache.ratis.grpc.server.GrpcServerProtocolService$ServerRequestStreamObserver.onNext(GrpcServerProtocolService.java:124)
	at org.apache.ratis.thirdparty.io.grpc.stub.ServerCalls$StreamingServerCallHandler$StreamingServerCallListener.onMessage(ServerCalls.java:262)
	at org.apache.ratis.thirdparty.io.grpc.ForwardingServerCallListener.onMessage(ForwardingServerCallListener.java:33)
	at org.apache.ratis.thirdparty.io.grpc.internal.ServerCallImpl$ServerStreamListenerImpl.messagesAvailableInternal(ServerCallImpl.java:332)
	at org.apache.ratis.thirdparty.io.grpc.internal.ServerCallImpl$ServerStreamListenerImpl.messagesAvailable(ServerCallImpl.java:315)
	at org.apache.ratis.thirdparty.io.grpc.internal.ServerImpl$JumpToApplicationThreadServerStreamListener$1MessagesAvailable.runInContext(ServerImpl.java:834)
	at org.apache.ratis.thirdparty.io.grpc.internal.ContextRunnable.run(ContextRunnable.java:37)
	at org.apache.ratis.thirdparty.io.grpc.internal.SerializingExecutor.run(SerializingExecutor.java:133)
	at java.base/java.util.concurrent.ThreadPoolExecutor.runWorker(ThreadPoolExecutor.java:1128)
	at java.base/java.util.concurrent.ThreadPoolExecutor$Worker.run(ThreadPoolExecutor.java:628)
	at java.base/java.lang.Thread.run(Thread.java:829)

		at org.apache.ratis.util.IOUtils.readObject(IOUtils.java:237)
		at org.apache.ratis.util.IOUtils.bytes2Object(IOUtils.java:214)
		at org.apache.ratis.grpc.GrpcUtil.tryUnwrapException(GrpcUtil.java:109)
		at org.apache.ratis.grpc.GrpcUtil.unwrapThrowable(GrpcUtil.java:82)
		at org.apache.ratis.grpc.GrpcUtil.warn(GrpcUtil.java:178)
		at org.apache.ratis.grpc.server.GrpcLogAppender$AppendLogResponseHandler.onError(GrpcLogAppender.java:405)
		... 10 more
	Caused by: java.lang.ClassCastException: Cannot cast java.util.concurrent.RejectedExecutionException to java.io.IOException
		at java.base/java.lang.Class.cast(Class.java:3605)
		at org.apache.ratis.util.IOUtils.readObject(IOUtils.java:234)
		... 15 more
2022-10-13 10:40:58,071 [grpc-default-executor-3] INFO  leader.FollowerInfo (FollowerInfoImpl.java:lambda$new$0(48)) - s0@group-6905249F38B1->s1: nextIndex: updateUnconditionally 263 -> 259
2022-10-13 10:40:58,107 [grpc-default-executor-1] WARN  server.GrpcServerProtocolService (LogUtils.java:warn(124)) - s1: Failed APPEND_ENTRIES request s0->s1#400-t2,previous=(t:2, i:258),leaderCommit=262,initializing? true,entries: size=4, first=(t:2, i:259), CONFIGURATIONENTRY(current:id: "s0"
address: "localhost:46195"
dataStreamAddress: "localhost:39399"
clientAddress: "localhost:42765"
adminAddress: "localhost:44717"
startupRole: FOLLOWER
,id: "s1"
address: "0.0.0.0:46693"
clientAddress: "0.0.0.0:46693"
adminAddress: "0.0.0.0:46693"
startupRole: FOLLOWER
,id: "s2"
address: "0.0.0.0:36699"
clientAddress: "0.0.0.0:36699"
adminAddress: "0.0.0.0:36699"
startupRole: FOLLOWER
, old:id: "s0"
address: "localhost:46195"
dataStreamAddress: "localhost:39399"
clientAddress: "localhost:42765"
adminAddress: "localhost:44717"
startupRole: FOLLOWER
)
java.util.concurrent.CompletionException: java.util.concurrent.RejectedExecutionException: Task java.util.concurrent.CompletableFuture$AsyncSupply@2670037f rejected from java.util.concurrent.ThreadPoolExecutor@3ad4e2b[Terminated, pool size = 0, active threads = 0, queued tasks = 0, completed tasks = 198]
	at java.base/java.util.concurrent.CompletableFuture.encodeThrowable(CompletableFuture.java:314)
	at java.base/java.util.concurrent.CompletableFuture.uniComposeStage(CompletableFuture.java:1113)
	at java.base/java.util.concurrent.CompletableFuture.thenCompose(CompletableFuture.java:2235)
	at org.apache.ratis.server.impl.RaftServerProxy.appendEntriesAsync(RaftServerProxy.java:634)
	at org.apache.ratis.grpc.server.GrpcServerProtocolService$1.process(GrpcServerProtocolService.java:219)
	at org.apache.ratis.grpc.server.GrpcServerProtocolService$1.process(GrpcServerProtocolService.java:216)
	at org.apache.ratis.grpc.server.GrpcServerProtocolService$ServerRequestStreamObserver.onNext(GrpcServerProtocolService.java:124)
	at org.apache.ratis.thirdparty.io.grpc.stub.ServerCalls$StreamingServerCallHandler$StreamingServerCallListener.onMessage(ServerCalls.java:262)
	at org.apache.ratis.thirdparty.io.grpc.ForwardingServerCallListener.onMessage(ForwardingServerCallListener.java:33)
	at org.apache.ratis.thirdparty.io.grpc.internal.ServerCallImpl$ServerStreamListenerImpl.messagesAvailableInternal(ServerCallImpl.java:332)
	at org.apache.ratis.thirdparty.io.grpc.internal.ServerCallImpl$ServerStreamListenerImpl.messagesAvailable(ServerCallImpl.java:315)
	at org.apache.ratis.thirdparty.io.grpc.internal.ServerImpl$JumpToApplicationThreadServerStreamListener$1MessagesAvailable.runInContext(ServerImpl.java:834)
	at org.apache.ratis.thirdparty.io.grpc.internal.ContextRunnable.run(ContextRunnable.java:37)
	at org.apache.ratis.thirdparty.io.grpc.internal.SerializingExecutor.run(SerializingExecutor.java:133)
	at java.base/java.util.concurrent.ThreadPoolExecutor.runWorker(ThreadPoolExecutor.java:1128)
	at java.base/java.util.concurrent.ThreadPoolExecutor$Worker.run(ThreadPoolExecutor.java:628)
	at java.base/java.lang.Thread.run(Thread.java:829)
Caused by: java.util.concurrent.RejectedExecutionException: Task java.util.concurrent.CompletableFuture$AsyncSupply@2670037f rejected from java.util.concurrent.ThreadPoolExecutor@3ad4e2b[Terminated, pool size = 0, active threads = 0, queued tasks = 0, completed tasks = 198]
	at java.base/java.util.concurrent.ThreadPoolExecutor$AbortPolicy.rejectedExecution(ThreadPoolExecutor.java:2055)
	at java.base/java.util.concurrent.ThreadPoolExecutor.reject(ThreadPoolExecutor.java:825)
	at java.base/java.util.concurrent.ThreadPoolExecutor.execute(ThreadPoolExecutor.java:1355)
	at java.base/java.util.concurrent.CompletableFuture.asyncSupplyStage(CompletableFuture.java:1714)
	at java.base/java.util.concurrent.CompletableFuture.supplyAsync(CompletableFuture.java:1931)
	at org.apache.ratis.server.impl.RaftServerImpl.executeSubmitServerRequestAsync(RaftServerImpl.java:812)
	at org.apache.ratis.server.impl.RaftServerProxy.lambda$appendEntriesAsync$27(RaftServerProxy.java:634)
	at java.base/java.util.concurrent.CompletableFuture.uniComposeStage(CompletableFuture.java:1106)
	... 15 more
2022-10-13 10:40:58,109 [grpc-default-executor-1] WARN  server.GrpcLogAppender (LogUtils.java:warn(124)) - s0@group-6905249F38B1->s1-AppendLogResponseHandler: Failed appendEntries
java.io.IOException: java.util.concurrent.RejectedExecutionException: Task java.util.concurrent.CompletableFuture$AsyncSupply@2670037f rejected from java.util.concurrent.ThreadPoolExecutor@3ad4e2b[Terminated, pool size = 0, active threads = 0, queued tasks = 0, completed tasks = 198]
	at org.apache.ratis.util.IOUtils.asIOException(IOUtils.java:56)
	at org.apache.ratis.grpc.GrpcUtil.tryUnwrapException(GrpcUtil.java:121)
	at org.apache.ratis.grpc.GrpcUtil.unwrapThrowable(GrpcUtil.java:82)
	at org.apache.ratis.grpc.GrpcUtil.warn(GrpcUtil.java:178)
	at org.apache.ratis.grpc.server.GrpcLogAppender$AppendLogResponseHandler.onError(GrpcLogAppender.java:405)
	at org.apache.ratis.thirdparty.io.grpc.stub.ClientCalls$StreamObserverToCallListenerAdapter.onClose(ClientCalls.java:487)
	at org.apache.ratis.thirdparty.io.grpc.internal.ClientCallImpl.closeObserver(ClientCallImpl.java:562)
	at org.apache.ratis.thirdparty.io.grpc.internal.ClientCallImpl.access$300(ClientCallImpl.java:70)
	at org.apache.ratis.thirdparty.io.grpc.internal.ClientCallImpl$ClientStreamListenerImpl$1StreamClosed.runInternal(ClientCallImpl.java:743)
	at org.apache.ratis.thirdparty.io.grpc.internal.ClientCallImpl$ClientStreamListenerImpl$1StreamClosed.runInContext(ClientCallImpl.java:722)
	at org.apache.ratis.thirdparty.io.grpc.internal.ContextRunnable.run(ContextRunnable.java:37)
	at org.apache.ratis.thirdparty.io.grpc.internal.SerializingExecutor.run(SerializingExecutor.java:133)
	at java.base/java.util.concurrent.ThreadPoolExecutor.runWorker(ThreadPoolExecutor.java:1128)
	at java.base/java.util.concurrent.ThreadPoolExecutor$Worker.run(ThreadPoolExecutor.java:628)
	at java.base/java.lang.Thread.run(Thread.java:829)
Caused by: java.util.concurrent.RejectedExecutionException: Task java.util.concurrent.CompletableFuture$AsyncSupply@2670037f rejected from java.util.concurrent.ThreadPoolExecutor@3ad4e2b[Terminated, pool size = 0, active threads = 0, queued tasks = 0, completed tasks = 198]
	at java.base/jdk.internal.reflect.GeneratedConstructorAccessor7.newInstance(Unknown Source)
	at java.base/jdk.internal.reflect.DelegatingConstructorAccessorImpl.newInstance(DelegatingConstructorAccessorImpl.java:45)
	at java.base/java.lang.reflect.Constructor.newInstance(Constructor.java:490)
	at org.apache.ratis.util.ReflectionUtils.instantiateException(ReflectionUtils.java:259)
	at org.apache.ratis.grpc.GrpcUtil.tryUnwrapException(GrpcUtil.java:120)
	... 13 more
Caused by: org.apache.ratis.thirdparty.io.grpc.StatusRuntimeException: INTERNAL: Task java.util.concurrent.CompletableFuture$AsyncSupply@2670037f rejected from java.util.concurrent.ThreadPoolExecutor@3ad4e2b[Terminated, pool size = 0, active threads = 0, queued tasks = 0, completed tasks = 198]
	at org.apache.ratis.thirdparty.io.grpc.Status.asRuntimeException(Status.java:535)
	... 10 more
	Suppressed: java.lang.IllegalStateException: Failed to cast to class java.io.IOException, object=java.util.concurrent.RejectedExecutionException: Task java.util.concurrent.CompletableFuture$AsyncSupply@2670037f rejected from java.util.concurrent.ThreadPoolExecutor@3ad4e2b[Terminated, pool size = 0, active threads = 0, queued tasks = 0, completed tasks = 198]
	at java.base/java.util.concurrent.ThreadPoolExecutor$AbortPolicy.rejectedExecution(ThreadPoolExecutor.java:2055)
	at java.base/java.util.concurrent.ThreadPoolExecutor.reject(ThreadPoolExecutor.java:825)
	at java.base/java.util.concurrent.ThreadPoolExecutor.execute(ThreadPoolExecutor.java:1355)
	at java.base/java.util.concurrent.CompletableFuture.asyncSupplyStage(CompletableFuture.java:1714)
	at java.base/java.util.concurrent.CompletableFuture.supplyAsync(CompletableFuture.java:1931)
	at org.apache.ratis.server.impl.RaftServerImpl.executeSubmitServerRequestAsync(RaftServerImpl.java:812)
	at org.apache.ratis.server.impl.RaftServerProxy.lambda$appendEntriesAsync$27(RaftServerProxy.java:634)
	at java.base/java.util.concurrent.CompletableFuture.uniComposeStage(CompletableFuture.java:1106)
	at java.base/java.util.concurrent.CompletableFuture.thenCompose(CompletableFuture.java:2235)
	at org.apache.ratis.server.impl.RaftServerProxy.appendEntriesAsync(RaftServerProxy.java:634)
	at org.apache.ratis.grpc.server.GrpcServerProtocolService$1.process(GrpcServerProtocolService.java:219)
	at org.apache.ratis.grpc.server.GrpcServerProtocolService$1.process(GrpcServerProtocolService.java:216)
	at org.apache.ratis.grpc.server.GrpcServerProtocolService$ServerRequestStreamObserver.onNext(GrpcServerProtocolService.java:124)
	at org.apache.ratis.thirdparty.io.grpc.stub.ServerCalls$StreamingServerCallHandler$StreamingServerCallListener.onMessage(ServerCalls.java:262)
	at org.apache.ratis.thirdparty.io.grpc.ForwardingServerCallListener.onMessage(ForwardingServerCallListener.java:33)
	at org.apache.ratis.thirdparty.io.grpc.internal.ServerCallImpl$ServerStreamListenerImpl.messagesAvailableInternal(ServerCallImpl.java:332)
	at org.apache.ratis.thirdparty.io.grpc.internal.ServerCallImpl$ServerStreamListenerImpl.messagesAvailable(ServerCallImpl.java:315)
	at org.apache.ratis.thirdparty.io.grpc.internal.ServerImpl$JumpToApplicationThreadServerStreamListener$1MessagesAvailable.runInContext(ServerImpl.java:834)
	at org.apache.ratis.thirdparty.io.grpc.internal.ContextRunnable.run(ContextRunnable.java:37)
	at org.apache.ratis.thirdparty.io.grpc.internal.SerializingExecutor.run(SerializingExecutor.java:133)
	at java.base/java.util.concurrent.ThreadPoolExecutor.runWorker(ThreadPoolExecutor.java:1128)
	at java.base/java.util.concurrent.ThreadPoolExecutor$Worker.run(ThreadPoolExecutor.java:628)
	at java.base/java.lang.Thread.run(Thread.java:829)

		at org.apache.ratis.util.IOUtils.readObject(IOUtils.java:237)
		at org.apache.ratis.util.IOUtils.bytes2Object(IOUtils.java:214)
		at org.apache.ratis.grpc.GrpcUtil.tryUnwrapException(GrpcUtil.java:109)
		at org.apache.ratis.grpc.GrpcUtil.unwrapThrowable(GrpcUtil.java:82)
		at org.apache.ratis.grpc.GrpcUtil.warn(GrpcUtil.java:178)
		at org.apache.ratis.grpc.server.GrpcLogAppender$AppendLogResponseHandler.onError(GrpcLogAppender.java:405)
		... 10 more
	Caused by: java.lang.ClassCastException: Cannot cast java.util.concurrent.RejectedExecutionException to java.io.IOException
		at java.base/java.lang.Class.cast(Class.java:3605)
		at org.apache.ratis.util.IOUtils.readObject(IOUtils.java:234)
		... 15 more
2022-10-13 10:40:58,109 [grpc-default-executor-1] INFO  leader.FollowerInfo (FollowerInfoImpl.java:lambda$new$0(48)) - s0@group-6905249F38B1->s1: nextIndex: updateUnconditionally 263 -> 259
2022-10-13 10:40:58,145 [grpc-default-executor-1] WARN  server.GrpcServerProtocolService (LogUtils.java:warn(124)) - s1: Failed APPEND_ENTRIES request s0->s1#402-t2,previous=(t:2, i:258),leaderCommit=262,initializing? true,entries: size=4, first=(t:2, i:259), CONFIGURATIONENTRY(current:id: "s0"
address: "localhost:46195"
dataStreamAddress: "localhost:39399"
clientAddress: "localhost:42765"
adminAddress: "localhost:44717"
startupRole: FOLLOWER
,id: "s1"
address: "0.0.0.0:46693"
clientAddress: "0.0.0.0:46693"
adminAddress: "0.0.0.0:46693"
startupRole: FOLLOWER
,id: "s2"
address: "0.0.0.0:36699"
clientAddress: "0.0.0.0:36699"
adminAddress: "0.0.0.0:36699"
startupRole: FOLLOWER
, old:id: "s0"
address: "localhost:46195"
dataStreamAddress: "localhost:39399"
clientAddress: "localhost:42765"
adminAddress: "localhost:44717"
startupRole: FOLLOWER
)
java.util.concurrent.CompletionException: java.util.concurrent.RejectedExecutionException: Task java.util.concurrent.CompletableFuture$AsyncSupply@3cbaf81b rejected from java.util.concurrent.ThreadPoolExecutor@3ad4e2b[Terminated, pool size = 0, active threads = 0, queued tasks = 0, completed tasks = 198]
	at java.base/java.util.concurrent.CompletableFuture.encodeThrowable(CompletableFuture.java:314)
	at java.base/java.util.concurrent.CompletableFuture.uniComposeStage(CompletableFuture.java:1113)
	at java.base/java.util.concurrent.CompletableFuture.thenCompose(CompletableFuture.java:2235)
	at org.apache.ratis.server.impl.RaftServerProxy.appendEntriesAsync(RaftServerProxy.java:634)
	at org.apache.ratis.grpc.server.GrpcServerProtocolService$1.process(GrpcServerProtocolService.java:219)
	at org.apache.ratis.grpc.server.GrpcServerProtocolService$1.process(GrpcServerProtocolService.java:216)
	at org.apache.ratis.grpc.server.GrpcServerProtocolService$ServerRequestStreamObserver.onNext(GrpcServerProtocolService.java:124)
	at org.apache.ratis.thirdparty.io.grpc.stub.ServerCalls$StreamingServerCallHandler$StreamingServerCallListener.onMessage(ServerCalls.java:262)
	at org.apache.ratis.thirdparty.io.grpc.ForwardingServerCallListener.onMessage(ForwardingServerCallListener.java:33)
	at org.apache.ratis.thirdparty.io.grpc.internal.ServerCallImpl$ServerStreamListenerImpl.messagesAvailableInternal(ServerCallImpl.java:332)
	at org.apache.ratis.thirdparty.io.grpc.internal.ServerCallImpl$ServerStreamListenerImpl.messagesAvailable(ServerCallImpl.java:315)
	at org.apache.ratis.thirdparty.io.grpc.internal.ServerImpl$JumpToApplicationThreadServerStreamListener$1MessagesAvailable.runInContext(ServerImpl.java:834)
	at org.apache.ratis.thirdparty.io.grpc.internal.ContextRunnable.run(ContextRunnable.java:37)
	at org.apache.ratis.thirdparty.io.grpc.internal.SerializingExecutor.run(SerializingExecutor.java:133)
	at java.base/java.util.concurrent.ThreadPoolExecutor.runWorker(ThreadPoolExecutor.java:1128)
	at java.base/java.util.concurrent.ThreadPoolExecutor$Worker.run(ThreadPoolExecutor.java:628)
	at java.base/java.lang.Thread.run(Thread.java:829)
Caused by: java.util.concurrent.RejectedExecutionException: Task java.util.concurrent.CompletableFuture$AsyncSupply@3cbaf81b rejected from java.util.concurrent.ThreadPoolExecutor@3ad4e2b[Terminated, pool size = 0, active threads = 0, queued tasks = 0, completed tasks = 198]
	at java.base/java.util.concurrent.ThreadPoolExecutor$AbortPolicy.rejectedExecution(ThreadPoolExecutor.java:2055)
	at java.base/java.util.concurrent.ThreadPoolExecutor.reject(ThreadPoolExecutor.java:825)
	at java.base/java.util.concurrent.ThreadPoolExecutor.execute(ThreadPoolExecutor.java:1355)
	at java.base/java.util.concurrent.CompletableFuture.asyncSupplyStage(CompletableFuture.java:1714)
	at java.base/java.util.concurrent.CompletableFuture.supplyAsync(CompletableFuture.java:1931)
	at org.apache.ratis.server.impl.RaftServerImpl.executeSubmitServerRequestAsync(RaftServerImpl.java:812)
	at org.apache.ratis.server.impl.RaftServerProxy.lambda$appendEntriesAsync$27(RaftServerProxy.java:634)
	at java.base/java.util.concurrent.CompletableFuture.uniComposeStage(CompletableFuture.java:1106)
	... 15 more
2022-10-13 10:40:58,147 [grpc-default-executor-2] WARN  server.GrpcLogAppender (LogUtils.java:warn(124)) - s0@group-6905249F38B1->s1-AppendLogResponseHandler: Failed appendEntries
java.io.IOException: java.util.concurrent.RejectedExecutionException: Task java.util.concurrent.CompletableFuture$AsyncSupply@3cbaf81b rejected from java.util.concurrent.ThreadPoolExecutor@3ad4e2b[Terminated, pool size = 0, active threads = 0, queued tasks = 0, completed tasks = 198]
	at org.apache.ratis.util.IOUtils.asIOException(IOUtils.java:56)
	at org.apache.ratis.grpc.GrpcUtil.tryUnwrapException(GrpcUtil.java:121)
	at org.apache.ratis.grpc.GrpcUtil.unwrapThrowable(GrpcUtil.java:82)
	at org.apache.ratis.grpc.GrpcUtil.warn(GrpcUtil.java:178)
	at org.apache.ratis.grpc.server.GrpcLogAppender$AppendLogResponseHandler.onError(GrpcLogAppender.java:405)
	at org.apache.ratis.thirdparty.io.grpc.stub.ClientCalls$StreamObserverToCallListenerAdapter.onClose(ClientCalls.java:487)
	at org.apache.ratis.thirdparty.io.grpc.internal.ClientCallImpl.closeObserver(ClientCallImpl.java:562)
	at org.apache.ratis.thirdparty.io.grpc.internal.ClientCallImpl.access$300(ClientCallImpl.java:70)
	at org.apache.ratis.thirdparty.io.grpc.internal.ClientCallImpl$ClientStreamListenerImpl$1StreamClosed.runInternal(ClientCallImpl.java:743)
	at org.apache.ratis.thirdparty.io.grpc.internal.ClientCallImpl$ClientStreamListenerImpl$1StreamClosed.runInContext(ClientCallImpl.java:722)
	at org.apache.ratis.thirdparty.io.grpc.internal.ContextRunnable.run(ContextRunnable.java:37)
	at org.apache.ratis.thirdparty.io.grpc.internal.SerializingExecutor.run(SerializingExecutor.java:133)
	at java.base/java.util.concurrent.ThreadPoolExecutor.runWorker(ThreadPoolExecutor.java:1128)
	at java.base/java.util.concurrent.ThreadPoolExecutor$Worker.run(ThreadPoolExecutor.java:628)
	at java.base/java.lang.Thread.run(Thread.java:829)
Caused by: java.util.concurrent.RejectedExecutionException: Task java.util.concurrent.CompletableFuture$AsyncSupply@3cbaf81b rejected from java.util.concurrent.ThreadPoolExecutor@3ad4e2b[Terminated, pool size = 0, active threads = 0, queued tasks = 0, completed tasks = 198]
	at java.base/jdk.internal.reflect.GeneratedConstructorAccessor7.newInstance(Unknown Source)
	at java.base/jdk.internal.reflect.DelegatingConstructorAccessorImpl.newInstance(DelegatingConstructorAccessorImpl.java:45)
	at java.base/java.lang.reflect.Constructor.newInstance(Constructor.java:490)
	at org.apache.ratis.util.ReflectionUtils.instantiateException(ReflectionUtils.java:259)
	at org.apache.ratis.grpc.GrpcUtil.tryUnwrapException(GrpcUtil.java:120)
	... 13 more
Caused by: org.apache.ratis.thirdparty.io.grpc.StatusRuntimeException: INTERNAL: Task java.util.concurrent.CompletableFuture$AsyncSupply@3cbaf81b rejected from java.util.concurrent.ThreadPoolExecutor@3ad4e2b[Terminated, pool size = 0, active threads = 0, queued tasks = 0, completed tasks = 198]
	at org.apache.ratis.thirdparty.io.grpc.Status.asRuntimeException(Status.java:535)
	... 10 more
	Suppressed: java.lang.IllegalStateException: Failed to cast to class java.io.IOException, object=java.util.concurrent.RejectedExecutionException: Task java.util.concurrent.CompletableFuture$AsyncSupply@3cbaf81b rejected from java.util.concurrent.ThreadPoolExecutor@3ad4e2b[Terminated, pool size = 0, active threads = 0, queued tasks = 0, completed tasks = 198]
	at java.base/java.util.concurrent.ThreadPoolExecutor$AbortPolicy.rejectedExecution(ThreadPoolExecutor.java:2055)
	at java.base/java.util.concurrent.ThreadPoolExecutor.reject(ThreadPoolExecutor.java:825)
	at java.base/java.util.concurrent.ThreadPoolExecutor.execute(ThreadPoolExecutor.java:1355)
	at java.base/java.util.concurrent.CompletableFuture.asyncSupplyStage(CompletableFuture.java:1714)
	at java.base/java.util.concurrent.CompletableFuture.supplyAsync(CompletableFuture.java:1931)
	at org.apache.ratis.server.impl.RaftServerImpl.executeSubmitServerRequestAsync(RaftServerImpl.java:812)
	at org.apache.ratis.server.impl.RaftServerProxy.lambda$appendEntriesAsync$27(RaftServerProxy.java:634)
	at java.base/java.util.concurrent.CompletableFuture.uniComposeStage(CompletableFuture.java:1106)
	at java.base/java.util.concurrent.CompletableFuture.thenCompose(CompletableFuture.java:2235)
	at org.apache.ratis.server.impl.RaftServerProxy.appendEntriesAsync(RaftServerProxy.java:634)
	at org.apache.ratis.grpc.server.GrpcServerProtocolService$1.process(GrpcServerProtocolService.java:219)
	at org.apache.ratis.grpc.server.GrpcServerProtocolService$1.process(GrpcServerProtocolService.java:216)
	at org.apache.ratis.grpc.server.GrpcServerProtocolService$ServerRequestStreamObserver.onNext(GrpcServerProtocolService.java:124)
	at org.apache.ratis.thirdparty.io.grpc.stub.ServerCalls$StreamingServerCallHandler$StreamingServerCallListener.onMessage(ServerCalls.java:262)
	at org.apache.ratis.thirdparty.io.grpc.ForwardingServerCallListener.onMessage(ForwardingServerCallListener.java:33)
	at org.apache.ratis.thirdparty.io.grpc.internal.ServerCallImpl$ServerStreamListenerImpl.messagesAvailableInternal(ServerCallImpl.java:332)
	at org.apache.ratis.thirdparty.io.grpc.internal.ServerCallImpl$ServerStreamListenerImpl.messagesAvailable(ServerCallImpl.java:315)
	at org.apache.ratis.thirdparty.io.grpc.internal.ServerImpl$JumpToApplicationThreadServerStreamListener$1MessagesAvailable.runInContext(ServerImpl.java:834)
	at org.apache.ratis.thirdparty.io.grpc.internal.ContextRunnable.run(ContextRunnable.java:37)
	at org.apache.ratis.thirdparty.io.grpc.internal.SerializingExecutor.run(SerializingExecutor.java:133)
	at java.base/java.util.concurrent.ThreadPoolExecutor.runWorker(ThreadPoolExecutor.java:1128)
	at java.base/java.util.concurrent.ThreadPoolExecutor$Worker.run(ThreadPoolExecutor.java:628)
	at java.base/java.lang.Thread.run(Thread.java:829)

		at org.apache.ratis.util.IOUtils.readObject(IOUtils.java:237)
		at org.apache.ratis.util.IOUtils.bytes2Object(IOUtils.java:214)
		at org.apache.ratis.grpc.GrpcUtil.tryUnwrapException(GrpcUtil.java:109)
		at org.apache.ratis.grpc.GrpcUtil.unwrapThrowable(GrpcUtil.java:82)
		at org.apache.ratis.grpc.GrpcUtil.warn(GrpcUtil.java:178)
		at org.apache.ratis.grpc.server.GrpcLogAppender$AppendLogResponseHandler.onError(GrpcLogAppender.java:405)
		... 10 more
	Caused by: java.lang.ClassCastException: Cannot cast java.util.concurrent.RejectedExecutionException to java.io.IOException
		at java.base/java.lang.Class.cast(Class.java:3605)
		at org.apache.ratis.util.IOUtils.readObject(IOUtils.java:234)
		... 15 more
2022-10-13 10:40:58,147 [grpc-default-executor-2] INFO  leader.FollowerInfo (FollowerInfoImpl.java:lambda$new$0(48)) - s0@group-6905249F38B1->s1: nextIndex: updateUnconditionally 263 -> 259
2022-10-13 10:40:58,183 [grpc-default-executor-1] WARN  server.GrpcServerProtocolService (LogUtils.java:warn(124)) - s1: Failed APPEND_ENTRIES request s0->s1#404-t2,previous=(t:2, i:258),leaderCommit=262,initializing? true,entries: size=4, first=(t:2, i:259), CONFIGURATIONENTRY(current:id: "s0"
address: "localhost:46195"
dataStreamAddress: "localhost:39399"
clientAddress: "localhost:42765"
adminAddress: "localhost:44717"
startupRole: FOLLOWER
,id: "s1"
address: "0.0.0.0:46693"
clientAddress: "0.0.0.0:46693"
adminAddress: "0.0.0.0:46693"
startupRole: FOLLOWER
,id: "s2"
address: "0.0.0.0:36699"
clientAddress: "0.0.0.0:36699"
adminAddress: "0.0.0.0:36699"
startupRole: FOLLOWER
, old:id: "s0"
address: "localhost:46195"
dataStreamAddress: "localhost:39399"
clientAddress: "localhost:42765"
adminAddress: "localhost:44717"
startupRole: FOLLOWER
)
java.util.concurrent.CompletionException: java.util.concurrent.RejectedExecutionException: Task java.util.concurrent.CompletableFuture$AsyncSupply@7917550e rejected from java.util.concurrent.ThreadPoolExecutor@3ad4e2b[Terminated, pool size = 0, active threads = 0, queued tasks = 0, completed tasks = 198]
	at java.base/java.util.concurrent.CompletableFuture.encodeThrowable(CompletableFuture.java:314)
	at java.base/java.util.concurrent.CompletableFuture.uniComposeStage(CompletableFuture.java:1113)
	at java.base/java.util.concurrent.CompletableFuture.thenCompose(CompletableFuture.java:2235)
	at org.apache.ratis.server.impl.RaftServerProxy.appendEntriesAsync(RaftServerProxy.java:634)
	at org.apache.ratis.grpc.server.GrpcServerProtocolService$1.process(GrpcServerProtocolService.java:219)
	at org.apache.ratis.grpc.server.GrpcServerProtocolService$1.process(GrpcServerProtocolService.java:216)
	at org.apache.ratis.grpc.server.GrpcServerProtocolService$ServerRequestStreamObserver.onNext(GrpcServerProtocolService.java:124)
	at org.apache.ratis.thirdparty.io.grpc.stub.ServerCalls$StreamingServerCallHandler$StreamingServerCallListener.onMessage(ServerCalls.java:262)
	at org.apache.ratis.thirdparty.io.grpc.ForwardingServerCallListener.onMessage(ForwardingServerCallListener.java:33)
	at org.apache.ratis.thirdparty.io.grpc.internal.ServerCallImpl$ServerStreamListenerImpl.messagesAvailableInternal(ServerCallImpl.java:332)
	at org.apache.ratis.thirdparty.io.grpc.internal.ServerCallImpl$ServerStreamListenerImpl.messagesAvailable(ServerCallImpl.java:315)
	at org.apache.ratis.thirdparty.io.grpc.internal.ServerImpl$JumpToApplicationThreadServerStreamListener$1MessagesAvailable.runInContext(ServerImpl.java:834)
	at org.apache.ratis.thirdparty.io.grpc.internal.ContextRunnable.run(ContextRunnable.java:37)
	at org.apache.ratis.thirdparty.io.grpc.internal.SerializingExecutor.run(SerializingExecutor.java:133)
	at java.base/java.util.concurrent.ThreadPoolExecutor.runWorker(ThreadPoolExecutor.java:1128)
	at java.base/java.util.concurrent.ThreadPoolExecutor$Worker.run(ThreadPoolExecutor.java:628)
	at java.base/java.lang.Thread.run(Thread.java:829)
Caused by: java.util.concurrent.RejectedExecutionException: Task java.util.concurrent.CompletableFuture$AsyncSupply@7917550e rejected from java.util.concurrent.ThreadPoolExecutor@3ad4e2b[Terminated, pool size = 0, active threads = 0, queued tasks = 0, completed tasks = 198]
	at java.base/java.util.concurrent.ThreadPoolExecutor$AbortPolicy.rejectedExecution(ThreadPoolExecutor.java:2055)
	at java.base/java.util.concurrent.ThreadPoolExecutor.reject(ThreadPoolExecutor.java:825)
	at java.base/java.util.concurrent.ThreadPoolExecutor.execute(ThreadPoolExecutor.java:1355)
	at java.base/java.util.concurrent.CompletableFuture.asyncSupplyStage(CompletableFuture.java:1714)
	at java.base/java.util.concurrent.CompletableFuture.supplyAsync(CompletableFuture.java:1931)
	at org.apache.ratis.server.impl.RaftServerImpl.executeSubmitServerRequestAsync(RaftServerImpl.java:812)
	at org.apache.ratis.server.impl.RaftServerProxy.lambda$appendEntriesAsync$27(RaftServerProxy.java:634)
	at java.base/java.util.concurrent.CompletableFuture.uniComposeStage(CompletableFuture.java:1106)
	... 15 more
2022-10-13 10:40:58,184 [grpc-default-executor-3] WARN  server.GrpcLogAppender (LogUtils.java:warn(124)) - s0@group-6905249F38B1->s1-AppendLogResponseHandler: Failed appendEntries
java.io.IOException: java.util.concurrent.RejectedExecutionException: Task java.util.concurrent.CompletableFuture$AsyncSupply@7917550e rejected from java.util.concurrent.ThreadPoolExecutor@3ad4e2b[Terminated, pool size = 0, active threads = 0, queued tasks = 0, completed tasks = 198]
	at org.apache.ratis.util.IOUtils.asIOException(IOUtils.java:56)
	at org.apache.ratis.grpc.GrpcUtil.tryUnwrapException(GrpcUtil.java:121)
	at org.apache.ratis.grpc.GrpcUtil.unwrapThrowable(GrpcUtil.java:82)
	at org.apache.ratis.grpc.GrpcUtil.warn(GrpcUtil.java:178)
	at org.apache.ratis.grpc.server.GrpcLogAppender$AppendLogResponseHandler.onError(GrpcLogAppender.java:405)
	at org.apache.ratis.thirdparty.io.grpc.stub.ClientCalls$StreamObserverToCallListenerAdapter.onClose(ClientCalls.java:487)
	at org.apache.ratis.thirdparty.io.grpc.internal.ClientCallImpl.closeObserver(ClientCallImpl.java:562)
	at org.apache.ratis.thirdparty.io.grpc.internal.ClientCallImpl.access$300(ClientCallImpl.java:70)
	at org.apache.ratis.thirdparty.io.grpc.internal.ClientCallImpl$ClientStreamListenerImpl$1StreamClosed.runInternal(ClientCallImpl.java:743)
	at org.apache.ratis.thirdparty.io.grpc.internal.ClientCallImpl$ClientStreamListenerImpl$1StreamClosed.runInContext(ClientCallImpl.java:722)
	at org.apache.ratis.thirdparty.io.grpc.internal.ContextRunnable.run(ContextRunnable.java:37)
	at org.apache.ratis.thirdparty.io.grpc.internal.SerializingExecutor.run(SerializingExecutor.java:133)
	at java.base/java.util.concurrent.ThreadPoolExecutor.runWorker(ThreadPoolExecutor.java:1128)
	at java.base/java.util.concurrent.ThreadPoolExecutor$Worker.run(ThreadPoolExecutor.java:628)
	at java.base/java.lang.Thread.run(Thread.java:829)
Caused by: java.util.concurrent.RejectedExecutionException: Task java.util.concurrent.CompletableFuture$AsyncSupply@7917550e rejected from java.util.concurrent.ThreadPoolExecutor@3ad4e2b[Terminated, pool size = 0, active threads = 0, queued tasks = 0, completed tasks = 198]
	at java.base/jdk.internal.reflect.GeneratedConstructorAccessor7.newInstance(Unknown Source)
	at java.base/jdk.internal.reflect.DelegatingConstructorAccessorImpl.newInstance(DelegatingConstructorAccessorImpl.java:45)
	at java.base/java.lang.reflect.Constructor.newInstance(Constructor.java:490)
	at org.apache.ratis.util.ReflectionUtils.instantiateException(ReflectionUtils.java:259)
	at org.apache.ratis.grpc.GrpcUtil.tryUnwrapException(GrpcUtil.java:120)
	... 13 more
Caused by: org.apache.ratis.thirdparty.io.grpc.StatusRuntimeException: INTERNAL: Task java.util.concurrent.CompletableFuture$AsyncSupply@7917550e rejected from java.util.concurrent.ThreadPoolExecutor@3ad4e2b[Terminated, pool size = 0, active threads = 0, queued tasks = 0, completed tasks = 198]
	at org.apache.ratis.thirdparty.io.grpc.Status.asRuntimeException(Status.java:535)
	... 10 more
	Suppressed: java.lang.IllegalStateException: Failed to cast to class java.io.IOException, object=java.util.concurrent.RejectedExecutionException: Task java.util.concurrent.CompletableFuture$AsyncSupply@7917550e rejected from java.util.concurrent.ThreadPoolExecutor@3ad4e2b[Terminated, pool size = 0, active threads = 0, queued tasks = 0, completed tasks = 198]
	at java.base/java.util.concurrent.ThreadPoolExecutor$AbortPolicy.rejectedExecution(ThreadPoolExecutor.java:2055)
	at java.base/java.util.concurrent.ThreadPoolExecutor.reject(ThreadPoolExecutor.java:825)
	at java.base/java.util.concurrent.ThreadPoolExecutor.execute(ThreadPoolExecutor.java:1355)
	at java.base/java.util.concurrent.CompletableFuture.asyncSupplyStage(CompletableFuture.java:1714)
	at java.base/java.util.concurrent.CompletableFuture.supplyAsync(CompletableFuture.java:1931)
	at org.apache.ratis.server.impl.RaftServerImpl.executeSubmitServerRequestAsync(RaftServerImpl.java:812)
	at org.apache.ratis.server.impl.RaftServerProxy.lambda$appendEntriesAsync$27(RaftServerProxy.java:634)
	at java.base/java.util.concurrent.CompletableFuture.uniComposeStage(CompletableFuture.java:1106)
	at java.base/java.util.concurrent.CompletableFuture.thenCompose(CompletableFuture.java:2235)
	at org.apache.ratis.server.impl.RaftServerProxy.appendEntriesAsync(RaftServerProxy.java:634)
	at org.apache.ratis.grpc.server.GrpcServerProtocolService$1.process(GrpcServerProtocolService.java:219)
	at org.apache.ratis.grpc.server.GrpcServerProtocolService$1.process(GrpcServerProtocolService.java:216)
	at org.apache.ratis.grpc.server.GrpcServerProtocolService$ServerRequestStreamObserver.onNext(GrpcServerProtocolService.java:124)
	at org.apache.ratis.thirdparty.io.grpc.stub.ServerCalls$StreamingServerCallHandler$StreamingServerCallListener.onMessage(ServerCalls.java:262)
	at org.apache.ratis.thirdparty.io.grpc.ForwardingServerCallListener.onMessage(ForwardingServerCallListener.java:33)
	at org.apache.ratis.thirdparty.io.grpc.internal.ServerCallImpl$ServerStreamListenerImpl.messagesAvailableInternal(ServerCallImpl.java:332)
	at org.apache.ratis.thirdparty.io.grpc.internal.ServerCallImpl$ServerStreamListenerImpl.messagesAvailable(ServerCallImpl.java:315)
	at org.apache.ratis.thirdparty.io.grpc.internal.ServerImpl$JumpToApplicationThreadServerStreamListener$1MessagesAvailable.runInContext(ServerImpl.java:834)
	at org.apache.ratis.thirdparty.io.grpc.internal.ContextRunnable.run(ContextRunnable.java:37)
	at org.apache.ratis.thirdparty.io.grpc.internal.SerializingExecutor.run(SerializingExecutor.java:133)
	at java.base/java.util.concurrent.ThreadPoolExecutor.runWorker(ThreadPoolExecutor.java:1128)
	at java.base/java.util.concurrent.ThreadPoolExecutor$Worker.run(ThreadPoolExecutor.java:628)
	at java.base/java.lang.Thread.run(Thread.java:829)

		at org.apache.ratis.util.IOUtils.readObject(IOUtils.java:237)
		at org.apache.ratis.util.IOUtils.bytes2Object(IOUtils.java:214)
		at org.apache.ratis.grpc.GrpcUtil.tryUnwrapException(GrpcUtil.java:109)
		at org.apache.ratis.grpc.GrpcUtil.unwrapThrowable(GrpcUtil.java:82)
		at org.apache.ratis.grpc.GrpcUtil.warn(GrpcUtil.java:178)
		at org.apache.ratis.grpc.server.GrpcLogAppender$AppendLogResponseHandler.onError(GrpcLogAppender.java:405)
		... 10 more
	Caused by: java.lang.ClassCastException: Cannot cast java.util.concurrent.RejectedExecutionException to java.io.IOException
		at java.base/java.lang.Class.cast(Class.java:3605)
		at org.apache.ratis.util.IOUtils.readObject(IOUtils.java:234)
		... 15 more
2022-10-13 10:40:58,185 [grpc-default-executor-3] INFO  leader.FollowerInfo (FollowerInfoImpl.java:lambda$new$0(48)) - s0@group-6905249F38B1->s1: nextIndex: updateUnconditionally 263 -> 259
2022-10-13 10:40:58,220 [grpc-default-executor-3] WARN  server.GrpcServerProtocolService (LogUtils.java:warn(124)) - s1: Failed APPEND_ENTRIES request s0->s1#406-t2,previous=(t:2, i:258),leaderCommit=262,initializing? true,entries: size=4, first=(t:2, i:259), CONFIGURATIONENTRY(current:id: "s0"
address: "localhost:46195"
dataStreamAddress: "localhost:39399"
clientAddress: "localhost:42765"
adminAddress: "localhost:44717"
startupRole: FOLLOWER
,id: "s1"
address: "0.0.0.0:46693"
clientAddress: "0.0.0.0:46693"
adminAddress: "0.0.0.0:46693"
startupRole: FOLLOWER
,id: "s2"
address: "0.0.0.0:36699"
clientAddress: "0.0.0.0:36699"
adminAddress: "0.0.0.0:36699"
startupRole: FOLLOWER
, old:id: "s0"
address: "localhost:46195"
dataStreamAddress: "localhost:39399"
clientAddress: "localhost:42765"
adminAddress: "localhost:44717"
startupRole: FOLLOWER
)
java.util.concurrent.CompletionException: java.util.concurrent.RejectedExecutionException: Task java.util.concurrent.CompletableFuture$AsyncSupply@3921e94d rejected from java.util.concurrent.ThreadPoolExecutor@3ad4e2b[Terminated, pool size = 0, active threads = 0, queued tasks = 0, completed tasks = 198]
	at java.base/java.util.concurrent.CompletableFuture.encodeThrowable(CompletableFuture.java:314)
	at java.base/java.util.concurrent.CompletableFuture.uniComposeStage(CompletableFuture.java:1113)
	at java.base/java.util.concurrent.CompletableFuture.thenCompose(CompletableFuture.java:2235)
	at org.apache.ratis.server.impl.RaftServerProxy.appendEntriesAsync(RaftServerProxy.java:634)
	at org.apache.ratis.grpc.server.GrpcServerProtocolService$1.process(GrpcServerProtocolService.java:219)
	at org.apache.ratis.grpc.server.GrpcServerProtocolService$1.process(GrpcServerProtocolService.java:216)
	at org.apache.ratis.grpc.server.GrpcServerProtocolService$ServerRequestStreamObserver.onNext(GrpcServerProtocolService.java:124)
	at org.apache.ratis.thirdparty.io.grpc.stub.ServerCalls$StreamingServerCallHandler$StreamingServerCallListener.onMessage(ServerCalls.java:262)
	at org.apache.ratis.thirdparty.io.grpc.ForwardingServerCallListener.onMessage(ForwardingServerCallListener.java:33)
	at org.apache.ratis.thirdparty.io.grpc.internal.ServerCallImpl$ServerStreamListenerImpl.messagesAvailableInternal(ServerCallImpl.java:332)
	at org.apache.ratis.thirdparty.io.grpc.internal.ServerCallImpl$ServerStreamListenerImpl.messagesAvailable(ServerCallImpl.java:315)
	at org.apache.ratis.thirdparty.io.grpc.internal.ServerImpl$JumpToApplicationThreadServerStreamListener$1MessagesAvailable.runInContext(ServerImpl.java:834)
	at org.apache.ratis.thirdparty.io.grpc.internal.ContextRunnable.run(ContextRunnable.java:37)
	at org.apache.ratis.thirdparty.io.grpc.internal.SerializingExecutor.run(SerializingExecutor.java:133)
	at java.base/java.util.concurrent.ThreadPoolExecutor.runWorker(ThreadPoolExecutor.java:1128)
	at java.base/java.util.concurrent.ThreadPoolExecutor$Worker.run(ThreadPoolExecutor.java:628)
	at java.base/java.lang.Thread.run(Thread.java:829)
Caused by: java.util.concurrent.RejectedExecutionException: Task java.util.concurrent.CompletableFuture$AsyncSupply@3921e94d rejected from java.util.concurrent.ThreadPoolExecutor@3ad4e2b[Terminated, pool size = 0, active threads = 0, queued tasks = 0, completed tasks = 198]
	at java.base/java.util.concurrent.ThreadPoolExecutor$AbortPolicy.rejectedExecution(ThreadPoolExecutor.java:2055)
	at java.base/java.util.concurrent.ThreadPoolExecutor.reject(ThreadPoolExecutor.java:825)
	at java.base/java.util.concurrent.ThreadPoolExecutor.execute(ThreadPoolExecutor.java:1355)
	at java.base/java.util.concurrent.CompletableFuture.asyncSupplyStage(CompletableFuture.java:1714)
	at java.base/java.util.concurrent.CompletableFuture.supplyAsync(CompletableFuture.java:1931)
	at org.apache.ratis.server.impl.RaftServerImpl.executeSubmitServerRequestAsync(RaftServerImpl.java:812)
	at org.apache.ratis.server.impl.RaftServerProxy.lambda$appendEntriesAsync$27(RaftServerProxy.java:634)
	at java.base/java.util.concurrent.CompletableFuture.uniComposeStage(CompletableFuture.java:1106)
	... 15 more
2022-10-13 10:40:58,222 [grpc-default-executor-1] WARN  server.GrpcLogAppender (LogUtils.java:warn(124)) - s0@group-6905249F38B1->s1-AppendLogResponseHandler: Failed appendEntries
java.io.IOException: java.util.concurrent.RejectedExecutionException: Task java.util.concurrent.CompletableFuture$AsyncSupply@3921e94d rejected from java.util.concurrent.ThreadPoolExecutor@3ad4e2b[Terminated, pool size = 0, active threads = 0, queued tasks = 0, completed tasks = 198]
	at org.apache.ratis.util.IOUtils.asIOException(IOUtils.java:56)
	at org.apache.ratis.grpc.GrpcUtil.tryUnwrapException(GrpcUtil.java:121)
	at org.apache.ratis.grpc.GrpcUtil.unwrapThrowable(GrpcUtil.java:82)
	at org.apache.ratis.grpc.GrpcUtil.warn(GrpcUtil.java:178)
	at org.apache.ratis.grpc.server.GrpcLogAppender$AppendLogResponseHandler.onError(GrpcLogAppender.java:405)
	at org.apache.ratis.thirdparty.io.grpc.stub.ClientCalls$StreamObserverToCallListenerAdapter.onClose(ClientCalls.java:487)
	at org.apache.ratis.thirdparty.io.grpc.internal.ClientCallImpl.closeObserver(ClientCallImpl.java:562)
	at org.apache.ratis.thirdparty.io.grpc.internal.ClientCallImpl.access$300(ClientCallImpl.java:70)
	at org.apache.ratis.thirdparty.io.grpc.internal.ClientCallImpl$ClientStreamListenerImpl$1StreamClosed.runInternal(ClientCallImpl.java:743)
	at org.apache.ratis.thirdparty.io.grpc.internal.ClientCallImpl$ClientStreamListenerImpl$1StreamClosed.runInContext(ClientCallImpl.java:722)
	at org.apache.ratis.thirdparty.io.grpc.internal.ContextRunnable.run(ContextRunnable.java:37)
	at org.apache.ratis.thirdparty.io.grpc.internal.SerializingExecutor.run(SerializingExecutor.java:133)
	at java.base/java.util.concurrent.ThreadPoolExecutor.runWorker(ThreadPoolExecutor.java:1128)
	at java.base/java.util.concurrent.ThreadPoolExecutor$Worker.run(ThreadPoolExecutor.java:628)
	at java.base/java.lang.Thread.run(Thread.java:829)
Caused by: java.util.concurrent.RejectedExecutionException: Task java.util.concurrent.CompletableFuture$AsyncSupply@3921e94d rejected from java.util.concurrent.ThreadPoolExecutor@3ad4e2b[Terminated, pool size = 0, active threads = 0, queued tasks = 0, completed tasks = 198]
	at java.base/jdk.internal.reflect.GeneratedConstructorAccessor7.newInstance(Unknown Source)
	at java.base/jdk.internal.reflect.DelegatingConstructorAccessorImpl.newInstance(DelegatingConstructorAccessorImpl.java:45)
	at java.base/java.lang.reflect.Constructor.newInstance(Constructor.java:490)
	at org.apache.ratis.util.ReflectionUtils.instantiateException(ReflectionUtils.java:259)
	at org.apache.ratis.grpc.GrpcUtil.tryUnwrapException(GrpcUtil.java:120)
	... 13 more
Caused by: org.apache.ratis.thirdparty.io.grpc.StatusRuntimeException: INTERNAL: Task java.util.concurrent.CompletableFuture$AsyncSupply@3921e94d rejected from java.util.concurrent.ThreadPoolExecutor@3ad4e2b[Terminated, pool size = 0, active threads = 0, queued tasks = 0, completed tasks = 198]
	at org.apache.ratis.thirdparty.io.grpc.Status.asRuntimeException(Status.java:535)
	... 10 more
	Suppressed: java.lang.IllegalStateException: Failed to cast to class java.io.IOException, object=java.util.concurrent.RejectedExecutionException: Task java.util.concurrent.CompletableFuture$AsyncSupply@3921e94d rejected from java.util.concurrent.ThreadPoolExecutor@3ad4e2b[Terminated, pool size = 0, active threads = 0, queued tasks = 0, completed tasks = 198]
	at java.base/java.util.concurrent.ThreadPoolExecutor$AbortPolicy.rejectedExecution(ThreadPoolExecutor.java:2055)
	at java.base/java.util.concurrent.ThreadPoolExecutor.reject(ThreadPoolExecutor.java:825)
	at java.base/java.util.concurrent.ThreadPoolExecutor.execute(ThreadPoolExecutor.java:1355)
	at java.base/java.util.concurrent.CompletableFuture.asyncSupplyStage(CompletableFuture.java:1714)
	at java.base/java.util.concurrent.CompletableFuture.supplyAsync(CompletableFuture.java:1931)
	at org.apache.ratis.server.impl.RaftServerImpl.executeSubmitServerRequestAsync(RaftServerImpl.java:812)
	at org.apache.ratis.server.impl.RaftServerProxy.lambda$appendEntriesAsync$27(RaftServerProxy.java:634)
	at java.base/java.util.concurrent.CompletableFuture.uniComposeStage(CompletableFuture.java:1106)
	at java.base/java.util.concurrent.CompletableFuture.thenCompose(CompletableFuture.java:2235)
	at org.apache.ratis.server.impl.RaftServerProxy.appendEntriesAsync(RaftServerProxy.java:634)
	at org.apache.ratis.grpc.server.GrpcServerProtocolService$1.process(GrpcServerProtocolService.java:219)
	at org.apache.ratis.grpc.server.GrpcServerProtocolService$1.process(GrpcServerProtocolService.java:216)
	at org.apache.ratis.grpc.server.GrpcServerProtocolService$ServerRequestStreamObserver.onNext(GrpcServerProtocolService.java:124)
	at org.apache.ratis.thirdparty.io.grpc.stub.ServerCalls$StreamingServerCallHandler$StreamingServerCallListener.onMessage(ServerCalls.java:262)
	at org.apache.ratis.thirdparty.io.grpc.ForwardingServerCallListener.onMessage(ForwardingServerCallListener.java:33)
	at org.apache.ratis.thirdparty.io.grpc.internal.ServerCallImpl$ServerStreamListenerImpl.messagesAvailableInternal(ServerCallImpl.java:332)
	at org.apache.ratis.thirdparty.io.grpc.internal.ServerCallImpl$ServerStreamListenerImpl.messagesAvailable(ServerCallImpl.java:315)
	at org.apache.ratis.thirdparty.io.grpc.internal.ServerImpl$JumpToApplicationThreadServerStreamListener$1MessagesAvailable.runInContext(ServerImpl.java:834)
	at org.apache.ratis.thirdparty.io.grpc.internal.ContextRunnable.run(ContextRunnable.java:37)
	at org.apache.ratis.thirdparty.io.grpc.internal.SerializingExecutor.run(SerializingExecutor.java:133)
	at java.base/java.util.concurrent.ThreadPoolExecutor.runWorker(ThreadPoolExecutor.java:1128)
	at java.base/java.util.concurrent.ThreadPoolExecutor$Worker.run(ThreadPoolExecutor.java:628)
	at java.base/java.lang.Thread.run(Thread.java:829)

		at org.apache.ratis.util.IOUtils.readObject(IOUtils.java:237)
		at org.apache.ratis.util.IOUtils.bytes2Object(IOUtils.java:214)
		at org.apache.ratis.grpc.GrpcUtil.tryUnwrapException(GrpcUtil.java:109)
		at org.apache.ratis.grpc.GrpcUtil.unwrapThrowable(GrpcUtil.java:82)
		at org.apache.ratis.grpc.GrpcUtil.warn(GrpcUtil.java:178)
		at org.apache.ratis.grpc.server.GrpcLogAppender$AppendLogResponseHandler.onError(GrpcLogAppender.java:405)
		... 10 more
	Caused by: java.lang.ClassCastException: Cannot cast java.util.concurrent.RejectedExecutionException to java.io.IOException
		at java.base/java.lang.Class.cast(Class.java:3605)
		at org.apache.ratis.util.IOUtils.readObject(IOUtils.java:234)
		... 15 more
2022-10-13 10:40:58,223 [grpc-default-executor-1] INFO  leader.FollowerInfo (FollowerInfoImpl.java:lambda$new$0(48)) - s0@group-6905249F38B1->s1: nextIndex: updateUnconditionally 263 -> 259
2022-10-13 10:40:58,258 [grpc-default-executor-3] WARN  server.GrpcServerProtocolService (LogUtils.java:warn(124)) - s1: Failed APPEND_ENTRIES request s0->s1#408-t2,previous=(t:2, i:258),leaderCommit=262,initializing? true,entries: size=4, first=(t:2, i:259), CONFIGURATIONENTRY(current:id: "s0"
address: "localhost:46195"
dataStreamAddress: "localhost:39399"
clientAddress: "localhost:42765"
adminAddress: "localhost:44717"
startupRole: FOLLOWER
,id: "s1"
address: "0.0.0.0:46693"
clientAddress: "0.0.0.0:46693"
adminAddress: "0.0.0.0:46693"
startupRole: FOLLOWER
,id: "s2"
address: "0.0.0.0:36699"
clientAddress: "0.0.0.0:36699"
adminAddress: "0.0.0.0:36699"
startupRole: FOLLOWER
, old:id: "s0"
address: "localhost:46195"
dataStreamAddress: "localhost:39399"
clientAddress: "localhost:42765"
adminAddress: "localhost:44717"
startupRole: FOLLOWER
)
java.util.concurrent.CompletionException: java.util.concurrent.RejectedExecutionException: Task java.util.concurrent.CompletableFuture$AsyncSupply@3c11d44b rejected from java.util.concurrent.ThreadPoolExecutor@3ad4e2b[Terminated, pool size = 0, active threads = 0, queued tasks = 0, completed tasks = 198]
	at java.base/java.util.concurrent.CompletableFuture.encodeThrowable(CompletableFuture.java:314)
	at java.base/java.util.concurrent.CompletableFuture.uniComposeStage(CompletableFuture.java:1113)
	at java.base/java.util.concurrent.CompletableFuture.thenCompose(CompletableFuture.java:2235)
	at org.apache.ratis.server.impl.RaftServerProxy.appendEntriesAsync(RaftServerProxy.java:634)
	at org.apache.ratis.grpc.server.GrpcServerProtocolService$1.process(GrpcServerProtocolService.java:219)
	at org.apache.ratis.grpc.server.GrpcServerProtocolService$1.process(GrpcServerProtocolService.java:216)
	at org.apache.ratis.grpc.server.GrpcServerProtocolService$ServerRequestStreamObserver.onNext(GrpcServerProtocolService.java:124)
	at org.apache.ratis.thirdparty.io.grpc.stub.ServerCalls$StreamingServerCallHandler$StreamingServerCallListener.onMessage(ServerCalls.java:262)
	at org.apache.ratis.thirdparty.io.grpc.ForwardingServerCallListener.onMessage(ForwardingServerCallListener.java:33)
	at org.apache.ratis.thirdparty.io.grpc.internal.ServerCallImpl$ServerStreamListenerImpl.messagesAvailableInternal(ServerCallImpl.java:332)
	at org.apache.ratis.thirdparty.io.grpc.internal.ServerCallImpl$ServerStreamListenerImpl.messagesAvailable(ServerCallImpl.java:315)
	at org.apache.ratis.thirdparty.io.grpc.internal.ServerImpl$JumpToApplicationThreadServerStreamListener$1MessagesAvailable.runInContext(ServerImpl.java:834)
	at org.apache.ratis.thirdparty.io.grpc.internal.ContextRunnable.run(ContextRunnable.java:37)
	at org.apache.ratis.thirdparty.io.grpc.internal.SerializingExecutor.run(SerializingExecutor.java:133)
	at java.base/java.util.concurrent.ThreadPoolExecutor.runWorker(ThreadPoolExecutor.java:1128)
	at java.base/java.util.concurrent.ThreadPoolExecutor$Worker.run(ThreadPoolExecutor.java:628)
	at java.base/java.lang.Thread.run(Thread.java:829)
Caused by: java.util.concurrent.RejectedExecutionException: Task java.util.concurrent.CompletableFuture$AsyncSupply@3c11d44b rejected from java.util.concurrent.ThreadPoolExecutor@3ad4e2b[Terminated, pool size = 0, active threads = 0, queued tasks = 0, completed tasks = 198]
	at java.base/java.util.concurrent.ThreadPoolExecutor$AbortPolicy.rejectedExecution(ThreadPoolExecutor.java:2055)
	at java.base/java.util.concurrent.ThreadPoolExecutor.reject(ThreadPoolExecutor.java:825)
	at java.base/java.util.concurrent.ThreadPoolExecutor.execute(ThreadPoolExecutor.java:1355)
	at java.base/java.util.concurrent.CompletableFuture.asyncSupplyStage(CompletableFuture.java:1714)
	at java.base/java.util.concurrent.CompletableFuture.supplyAsync(CompletableFuture.java:1931)
	at org.apache.ratis.server.impl.RaftServerImpl.executeSubmitServerRequestAsync(RaftServerImpl.java:812)
	at org.apache.ratis.server.impl.RaftServerProxy.lambda$appendEntriesAsync$27(RaftServerProxy.java:634)
	at java.base/java.util.concurrent.CompletableFuture.uniComposeStage(CompletableFuture.java:1106)
	... 15 more
2022-10-13 10:40:58,260 [grpc-default-executor-1] WARN  server.GrpcLogAppender (LogUtils.java:warn(124)) - s0@group-6905249F38B1->s1-AppendLogResponseHandler: Failed appendEntries
java.io.IOException: java.util.concurrent.RejectedExecutionException: Task java.util.concurrent.CompletableFuture$AsyncSupply@3c11d44b rejected from java.util.concurrent.ThreadPoolExecutor@3ad4e2b[Terminated, pool size = 0, active threads = 0, queued tasks = 0, completed tasks = 198]
	at org.apache.ratis.util.IOUtils.asIOException(IOUtils.java:56)
	at org.apache.ratis.grpc.GrpcUtil.tryUnwrapException(GrpcUtil.java:121)
	at org.apache.ratis.grpc.GrpcUtil.unwrapThrowable(GrpcUtil.java:82)
	at org.apache.ratis.grpc.GrpcUtil.warn(GrpcUtil.java:178)
	at org.apache.ratis.grpc.server.GrpcLogAppender$AppendLogResponseHandler.onError(GrpcLogAppender.java:405)
	at org.apache.ratis.thirdparty.io.grpc.stub.ClientCalls$StreamObserverToCallListenerAdapter.onClose(ClientCalls.java:487)
	at org.apache.ratis.thirdparty.io.grpc.internal.ClientCallImpl.closeObserver(ClientCallImpl.java:562)
	at org.apache.ratis.thirdparty.io.grpc.internal.ClientCallImpl.access$300(ClientCallImpl.java:70)
	at org.apache.ratis.thirdparty.io.grpc.internal.ClientCallImpl$ClientStreamListenerImpl$1StreamClosed.runInternal(ClientCallImpl.java:743)
	at org.apache.ratis.thirdparty.io.grpc.internal.ClientCallImpl$ClientStreamListenerImpl$1StreamClosed.runInContext(ClientCallImpl.java:722)
	at org.apache.ratis.thirdparty.io.grpc.internal.ContextRunnable.run(ContextRunnable.java:37)
	at org.apache.ratis.thirdparty.io.grpc.internal.SerializingExecutor.run(SerializingExecutor.java:133)
	at java.base/java.util.concurrent.ThreadPoolExecutor.runWorker(ThreadPoolExecutor.java:1128)
	at java.base/java.util.concurrent.ThreadPoolExecutor$Worker.run(ThreadPoolExecutor.java:628)
	at java.base/java.lang.Thread.run(Thread.java:829)
Caused by: java.util.concurrent.RejectedExecutionException: Task java.util.concurrent.CompletableFuture$AsyncSupply@3c11d44b rejected from java.util.concurrent.ThreadPoolExecutor@3ad4e2b[Terminated, pool size = 0, active threads = 0, queued tasks = 0, completed tasks = 198]
	at java.base/jdk.internal.reflect.GeneratedConstructorAccessor7.newInstance(Unknown Source)
	at java.base/jdk.internal.reflect.DelegatingConstructorAccessorImpl.newInstance(DelegatingConstructorAccessorImpl.java:45)
	at java.base/java.lang.reflect.Constructor.newInstance(Constructor.java:490)
	at org.apache.ratis.util.ReflectionUtils.instantiateException(ReflectionUtils.java:259)
	at org.apache.ratis.grpc.GrpcUtil.tryUnwrapException(GrpcUtil.java:120)
	... 13 more
Caused by: org.apache.ratis.thirdparty.io.grpc.StatusRuntimeException: INTERNAL: Task java.util.concurrent.CompletableFuture$AsyncSupply@3c11d44b rejected from java.util.concurrent.ThreadPoolExecutor@3ad4e2b[Terminated, pool size = 0, active threads = 0, queued tasks = 0, completed tasks = 198]
	at org.apache.ratis.thirdparty.io.grpc.Status.asRuntimeException(Status.java:535)
	... 10 more
	Suppressed: java.lang.IllegalStateException: Failed to cast to class java.io.IOException, object=java.util.concurrent.RejectedExecutionException: Task java.util.concurrent.CompletableFuture$AsyncSupply@3c11d44b rejected from java.util.concurrent.ThreadPoolExecutor@3ad4e2b[Terminated, pool size = 0, active threads = 0, queued tasks = 0, completed tasks = 198]
	at java.base/java.util.concurrent.ThreadPoolExecutor$AbortPolicy.rejectedExecution(ThreadPoolExecutor.java:2055)
	at java.base/java.util.concurrent.ThreadPoolExecutor.reject(ThreadPoolExecutor.java:825)
	at java.base/java.util.concurrent.ThreadPoolExecutor.execute(ThreadPoolExecutor.java:1355)
	at java.base/java.util.concurrent.CompletableFuture.asyncSupplyStage(CompletableFuture.java:1714)
	at java.base/java.util.concurrent.CompletableFuture.supplyAsync(CompletableFuture.java:1931)
	at org.apache.ratis.server.impl.RaftServerImpl.executeSubmitServerRequestAsync(RaftServerImpl.java:812)
	at org.apache.ratis.server.impl.RaftServerProxy.lambda$appendEntriesAsync$27(RaftServerProxy.java:634)
	at java.base/java.util.concurrent.CompletableFuture.uniComposeStage(CompletableFuture.java:1106)
	at java.base/java.util.concurrent.CompletableFuture.thenCompose(CompletableFuture.java:2235)
	at org.apache.ratis.server.impl.RaftServerProxy.appendEntriesAsync(RaftServerProxy.java:634)
	at org.apache.ratis.grpc.server.GrpcServerProtocolService$1.process(GrpcServerProtocolService.java:219)
	at org.apache.ratis.grpc.server.GrpcServerProtocolService$1.process(GrpcServerProtocolService.java:216)
	at org.apache.ratis.grpc.server.GrpcServerProtocolService$ServerRequestStreamObserver.onNext(GrpcServerProtocolService.java:124)
	at org.apache.ratis.thirdparty.io.grpc.stub.ServerCalls$StreamingServerCallHandler$StreamingServerCallListener.onMessage(ServerCalls.java:262)
	at org.apache.ratis.thirdparty.io.grpc.ForwardingServerCallListener.onMessage(ForwardingServerCallListener.java:33)
	at org.apache.ratis.thirdparty.io.grpc.internal.ServerCallImpl$ServerStreamListenerImpl.messagesAvailableInternal(ServerCallImpl.java:332)
	at org.apache.ratis.thirdparty.io.grpc.internal.ServerCallImpl$ServerStreamListenerImpl.messagesAvailable(ServerCallImpl.java:315)
	at org.apache.ratis.thirdparty.io.grpc.internal.ServerImpl$JumpToApplicationThreadServerStreamListener$1MessagesAvailable.runInContext(ServerImpl.java:834)
	at org.apache.ratis.thirdparty.io.grpc.internal.ContextRunnable.run(ContextRunnable.java:37)
	at org.apache.ratis.thirdparty.io.grpc.internal.SerializingExecutor.run(SerializingExecutor.java:133)
	at java.base/java.util.concurrent.ThreadPoolExecutor.runWorker(ThreadPoolExecutor.java:1128)
	at java.base/java.util.concurrent.ThreadPoolExecutor$Worker.run(ThreadPoolExecutor.java:628)
	at java.base/java.lang.Thread.run(Thread.java:829)

		at org.apache.ratis.util.IOUtils.readObject(IOUtils.java:237)
		at org.apache.ratis.util.IOUtils.bytes2Object(IOUtils.java:214)
		at org.apache.ratis.grpc.GrpcUtil.tryUnwrapException(GrpcUtil.java:109)
		at org.apache.ratis.grpc.GrpcUtil.unwrapThrowable(GrpcUtil.java:82)
		at org.apache.ratis.grpc.GrpcUtil.warn(GrpcUtil.java:178)
		at org.apache.ratis.grpc.server.GrpcLogAppender$AppendLogResponseHandler.onError(GrpcLogAppender.java:405)
		... 10 more
	Caused by: java.lang.ClassCastException: Cannot cast java.util.concurrent.RejectedExecutionException to java.io.IOException
		at java.base/java.lang.Class.cast(Class.java:3605)
		at org.apache.ratis.util.IOUtils.readObject(IOUtils.java:234)
		... 15 more
2022-10-13 10:40:58,260 [grpc-default-executor-1] INFO  leader.FollowerInfo (FollowerInfoImpl.java:lambda$new$0(48)) - s0@group-6905249F38B1->s1: nextIndex: updateUnconditionally 263 -> 259
2022-10-13 10:40:58,296 [grpc-default-executor-3] WARN  server.GrpcServerProtocolService (LogUtils.java:warn(124)) - s1: Failed APPEND_ENTRIES request s0->s1#410-t2,previous=(t:2, i:258),leaderCommit=262,initializing? true,entries: size=4, first=(t:2, i:259), CONFIGURATIONENTRY(current:id: "s0"
address: "localhost:46195"
dataStreamAddress: "localhost:39399"
clientAddress: "localhost:42765"
adminAddress: "localhost:44717"
startupRole: FOLLOWER
,id: "s1"
address: "0.0.0.0:46693"
clientAddress: "0.0.0.0:46693"
adminAddress: "0.0.0.0:46693"
startupRole: FOLLOWER
,id: "s2"
address: "0.0.0.0:36699"
clientAddress: "0.0.0.0:36699"
adminAddress: "0.0.0.0:36699"
startupRole: FOLLOWER
, old:id: "s0"
address: "localhost:46195"
dataStreamAddress: "localhost:39399"
clientAddress: "localhost:42765"
adminAddress: "localhost:44717"
startupRole: FOLLOWER
)
java.util.concurrent.CompletionException: java.util.concurrent.RejectedExecutionException: Task java.util.concurrent.CompletableFuture$AsyncSupply@496a68d4 rejected from java.util.concurrent.ThreadPoolExecutor@3ad4e2b[Terminated, pool size = 0, active threads = 0, queued tasks = 0, completed tasks = 198]
	at java.base/java.util.concurrent.CompletableFuture.encodeThrowable(CompletableFuture.java:314)
	at java.base/java.util.concurrent.CompletableFuture.uniComposeStage(CompletableFuture.java:1113)
	at java.base/java.util.concurrent.CompletableFuture.thenCompose(CompletableFuture.java:2235)
	at org.apache.ratis.server.impl.RaftServerProxy.appendEntriesAsync(RaftServerProxy.java:634)
	at org.apache.ratis.grpc.server.GrpcServerProtocolService$1.process(GrpcServerProtocolService.java:219)
	at org.apache.ratis.grpc.server.GrpcServerProtocolService$1.process(GrpcServerProtocolService.java:216)
	at org.apache.ratis.grpc.server.GrpcServerProtocolService$ServerRequestStreamObserver.onNext(GrpcServerProtocolService.java:124)
	at org.apache.ratis.thirdparty.io.grpc.stub.ServerCalls$StreamingServerCallHandler$StreamingServerCallListener.onMessage(ServerCalls.java:262)
	at org.apache.ratis.thirdparty.io.grpc.ForwardingServerCallListener.onMessage(ForwardingServerCallListener.java:33)
	at org.apache.ratis.thirdparty.io.grpc.internal.ServerCallImpl$ServerStreamListenerImpl.messagesAvailableInternal(ServerCallImpl.java:332)
	at org.apache.ratis.thirdparty.io.grpc.internal.ServerCallImpl$ServerStreamListenerImpl.messagesAvailable(ServerCallImpl.java:315)
	at org.apache.ratis.thirdparty.io.grpc.internal.ServerImpl$JumpToApplicationThreadServerStreamListener$1MessagesAvailable.runInContext(ServerImpl.java:834)
	at org.apache.ratis.thirdparty.io.grpc.internal.ContextRunnable.run(ContextRunnable.java:37)
	at org.apache.ratis.thirdparty.io.grpc.internal.SerializingExecutor.run(SerializingExecutor.java:133)
	at java.base/java.util.concurrent.ThreadPoolExecutor.runWorker(ThreadPoolExecutor.java:1128)
	at java.base/java.util.concurrent.ThreadPoolExecutor$Worker.run(ThreadPoolExecutor.java:628)
	at java.base/java.lang.Thread.run(Thread.java:829)
Caused by: java.util.concurrent.RejectedExecutionException: Task java.util.concurrent.CompletableFuture$AsyncSupply@496a68d4 rejected from java.util.concurrent.ThreadPoolExecutor@3ad4e2b[Terminated, pool size = 0, active threads = 0, queued tasks = 0, completed tasks = 198]
	at java.base/java.util.concurrent.ThreadPoolExecutor$AbortPolicy.rejectedExecution(ThreadPoolExecutor.java:2055)
	at java.base/java.util.concurrent.ThreadPoolExecutor.reject(ThreadPoolExecutor.java:825)
	at java.base/java.util.concurrent.ThreadPoolExecutor.execute(ThreadPoolExecutor.java:1355)
	at java.base/java.util.concurrent.CompletableFuture.asyncSupplyStage(CompletableFuture.java:1714)
	at java.base/java.util.concurrent.CompletableFuture.supplyAsync(CompletableFuture.java:1931)
	at org.apache.ratis.server.impl.RaftServerImpl.executeSubmitServerRequestAsync(RaftServerImpl.java:812)
	at org.apache.ratis.server.impl.RaftServerProxy.lambda$appendEntriesAsync$27(RaftServerProxy.java:634)
	at java.base/java.util.concurrent.CompletableFuture.uniComposeStage(CompletableFuture.java:1106)
	... 15 more
2022-10-13 10:40:58,297 [grpc-default-executor-1] WARN  server.GrpcLogAppender (LogUtils.java:warn(124)) - s0@group-6905249F38B1->s1-AppendLogResponseHandler: Failed appendEntries
java.io.IOException: java.util.concurrent.RejectedExecutionException: Task java.util.concurrent.CompletableFuture$AsyncSupply@496a68d4 rejected from java.util.concurrent.ThreadPoolExecutor@3ad4e2b[Terminated, pool size = 0, active threads = 0, queued tasks = 0, completed tasks = 198]
	at org.apache.ratis.util.IOUtils.asIOException(IOUtils.java:56)
	at org.apache.ratis.grpc.GrpcUtil.tryUnwrapException(GrpcUtil.java:121)
	at org.apache.ratis.grpc.GrpcUtil.unwrapThrowable(GrpcUtil.java:82)
	at org.apache.ratis.grpc.GrpcUtil.warn(GrpcUtil.java:178)
	at org.apache.ratis.grpc.server.GrpcLogAppender$AppendLogResponseHandler.onError(GrpcLogAppender.java:405)
	at org.apache.ratis.thirdparty.io.grpc.stub.ClientCalls$StreamObserverToCallListenerAdapter.onClose(ClientCalls.java:487)
	at org.apache.ratis.thirdparty.io.grpc.internal.ClientCallImpl.closeObserver(ClientCallImpl.java:562)
	at org.apache.ratis.thirdparty.io.grpc.internal.ClientCallImpl.access$300(ClientCallImpl.java:70)
	at org.apache.ratis.thirdparty.io.grpc.internal.ClientCallImpl$ClientStreamListenerImpl$1StreamClosed.runInternal(ClientCallImpl.java:743)
	at org.apache.ratis.thirdparty.io.grpc.internal.ClientCallImpl$ClientStreamListenerImpl$1StreamClosed.runInContext(ClientCallImpl.java:722)
	at org.apache.ratis.thirdparty.io.grpc.internal.ContextRunnable.run(ContextRunnable.java:37)
	at org.apache.ratis.thirdparty.io.grpc.internal.SerializingExecutor.run(SerializingExecutor.java:133)
	at java.base/java.util.concurrent.ThreadPoolExecutor.runWorker(ThreadPoolExecutor.java:1128)
	at java.base/java.util.concurrent.ThreadPoolExecutor$Worker.run(ThreadPoolExecutor.java:628)
	at java.base/java.lang.Thread.run(Thread.java:829)
Caused by: java.util.concurrent.RejectedExecutionException: Task java.util.concurrent.CompletableFuture$AsyncSupply@496a68d4 rejected from java.util.concurrent.ThreadPoolExecutor@3ad4e2b[Terminated, pool size = 0, active threads = 0, queued tasks = 0, completed tasks = 198]
	at java.base/jdk.internal.reflect.GeneratedConstructorAccessor7.newInstance(Unknown Source)
	at java.base/jdk.internal.reflect.DelegatingConstructorAccessorImpl.newInstance(DelegatingConstructorAccessorImpl.java:45)
	at java.base/java.lang.reflect.Constructor.newInstance(Constructor.java:490)
	at org.apache.ratis.util.ReflectionUtils.instantiateException(ReflectionUtils.java:259)
	at org.apache.ratis.grpc.GrpcUtil.tryUnwrapException(GrpcUtil.java:120)
	... 13 more
Caused by: org.apache.ratis.thirdparty.io.grpc.StatusRuntimeException: INTERNAL: Task java.util.concurrent.CompletableFuture$AsyncSupply@496a68d4 rejected from java.util.concurrent.ThreadPoolExecutor@3ad4e2b[Terminated, pool size = 0, active threads = 0, queued tasks = 0, completed tasks = 198]
	at org.apache.ratis.thirdparty.io.grpc.Status.asRuntimeException(Status.java:535)
	... 10 more
	Suppressed: java.lang.IllegalStateException: Failed to cast to class java.io.IOException, object=java.util.concurrent.RejectedExecutionException: Task java.util.concurrent.CompletableFuture$AsyncSupply@496a68d4 rejected from java.util.concurrent.ThreadPoolExecutor@3ad4e2b[Terminated, pool size = 0, active threads = 0, queued tasks = 0, completed tasks = 198]
	at java.base/java.util.concurrent.ThreadPoolExecutor$AbortPolicy.rejectedExecution(ThreadPoolExecutor.java:2055)
	at java.base/java.util.concurrent.ThreadPoolExecutor.reject(ThreadPoolExecutor.java:825)
	at java.base/java.util.concurrent.ThreadPoolExecutor.execute(ThreadPoolExecutor.java:1355)
	at java.base/java.util.concurrent.CompletableFuture.asyncSupplyStage(CompletableFuture.java:1714)
	at java.base/java.util.concurrent.CompletableFuture.supplyAsync(CompletableFuture.java:1931)
	at org.apache.ratis.server.impl.RaftServerImpl.executeSubmitServerRequestAsync(RaftServerImpl.java:812)
	at org.apache.ratis.server.impl.RaftServerProxy.lambda$appendEntriesAsync$27(RaftServerProxy.java:634)
	at java.base/java.util.concurrent.CompletableFuture.uniComposeStage(CompletableFuture.java:1106)
	at java.base/java.util.concurrent.CompletableFuture.thenCompose(CompletableFuture.java:2235)
	at org.apache.ratis.server.impl.RaftServerProxy.appendEntriesAsync(RaftServerProxy.java:634)
	at org.apache.ratis.grpc.server.GrpcServerProtocolService$1.process(GrpcServerProtocolService.java:219)
	at org.apache.ratis.grpc.server.GrpcServerProtocolService$1.process(GrpcServerProtocolService.java:216)
	at org.apache.ratis.grpc.server.GrpcServerProtocolService$ServerRequestStreamObserver.onNext(GrpcServerProtocolService.java:124)
	at org.apache.ratis.thirdparty.io.grpc.stub.ServerCalls$StreamingServerCallHandler$StreamingServerCallListener.onMessage(ServerCalls.java:262)
	at org.apache.ratis.thirdparty.io.grpc.ForwardingServerCallListener.onMessage(ForwardingServerCallListener.java:33)
	at org.apache.ratis.thirdparty.io.grpc.internal.ServerCallImpl$ServerStreamListenerImpl.messagesAvailableInternal(ServerCallImpl.java:332)
	at org.apache.ratis.thirdparty.io.grpc.internal.ServerCallImpl$ServerStreamListenerImpl.messagesAvailable(ServerCallImpl.java:315)
	at org.apache.ratis.thirdparty.io.grpc.internal.ServerImpl$JumpToApplicationThreadServerStreamListener$1MessagesAvailable.runInContext(ServerImpl.java:834)
	at org.apache.ratis.thirdparty.io.grpc.internal.ContextRunnable.run(ContextRunnable.java:37)
	at org.apache.ratis.thirdparty.io.grpc.internal.SerializingExecutor.run(SerializingExecutor.java:133)
	at java.base/java.util.concurrent.ThreadPoolExecutor.runWorker(ThreadPoolExecutor.java:1128)
	at java.base/java.util.concurrent.ThreadPoolExecutor$Worker.run(ThreadPoolExecutor.java:628)
	at java.base/java.lang.Thread.run(Thread.java:829)

		at org.apache.ratis.util.IOUtils.readObject(IOUtils.java:237)
		at org.apache.ratis.util.IOUtils.bytes2Object(IOUtils.java:214)
		at org.apache.ratis.grpc.GrpcUtil.tryUnwrapException(GrpcUtil.java:109)
		at org.apache.ratis.grpc.GrpcUtil.unwrapThrowable(GrpcUtil.java:82)
		at org.apache.ratis.grpc.GrpcUtil.warn(GrpcUtil.java:178)
		at org.apache.ratis.grpc.server.GrpcLogAppender$AppendLogResponseHandler.onError(GrpcLogAppender.java:405)
		... 10 more
	Caused by: java.lang.ClassCastException: Cannot cast java.util.concurrent.RejectedExecutionException to java.io.IOException
		at java.base/java.lang.Class.cast(Class.java:3605)
		at org.apache.ratis.util.IOUtils.readObject(IOUtils.java:234)
		... 15 more
2022-10-13 10:40:58,297 [grpc-default-executor-1] INFO  leader.FollowerInfo (FollowerInfoImpl.java:lambda$new$0(48)) - s0@group-6905249F38B1->s1: nextIndex: updateUnconditionally 263 -> 259
2022-10-13 10:40:58,333 [grpc-default-executor-3] WARN  server.GrpcServerProtocolService (LogUtils.java:warn(124)) - s1: Failed APPEND_ENTRIES request s0->s1#412-t2,previous=(t:2, i:258),leaderCommit=262,initializing? true,entries: size=4, first=(t:2, i:259), CONFIGURATIONENTRY(current:id: "s0"
address: "localhost:46195"
dataStreamAddress: "localhost:39399"
clientAddress: "localhost:42765"
adminAddress: "localhost:44717"
startupRole: FOLLOWER
,id: "s1"
address: "0.0.0.0:46693"
clientAddress: "0.0.0.0:46693"
adminAddress: "0.0.0.0:46693"
startupRole: FOLLOWER
,id: "s2"
address: "0.0.0.0:36699"
clientAddress: "0.0.0.0:36699"
adminAddress: "0.0.0.0:36699"
startupRole: FOLLOWER
, old:id: "s0"
address: "localhost:46195"
dataStreamAddress: "localhost:39399"
clientAddress: "localhost:42765"
adminAddress: "localhost:44717"
startupRole: FOLLOWER
)
java.util.concurrent.CompletionException: java.util.concurrent.RejectedExecutionException: Task java.util.concurrent.CompletableFuture$AsyncSupply@682b56a3 rejected from java.util.concurrent.ThreadPoolExecutor@3ad4e2b[Terminated, pool size = 0, active threads = 0, queued tasks = 0, completed tasks = 198]
	at java.base/java.util.concurrent.CompletableFuture.encodeThrowable(CompletableFuture.java:314)
	at java.base/java.util.concurrent.CompletableFuture.uniComposeStage(CompletableFuture.java:1113)
	at java.base/java.util.concurrent.CompletableFuture.thenCompose(CompletableFuture.java:2235)
	at org.apache.ratis.server.impl.RaftServerProxy.appendEntriesAsync(RaftServerProxy.java:634)
	at org.apache.ratis.grpc.server.GrpcServerProtocolService$1.process(GrpcServerProtocolService.java:219)
	at org.apache.ratis.grpc.server.GrpcServerProtocolService$1.process(GrpcServerProtocolService.java:216)
	at org.apache.ratis.grpc.server.GrpcServerProtocolService$ServerRequestStreamObserver.onNext(GrpcServerProtocolService.java:124)
	at org.apache.ratis.thirdparty.io.grpc.stub.ServerCalls$StreamingServerCallHandler$StreamingServerCallListener.onMessage(ServerCalls.java:262)
	at org.apache.ratis.thirdparty.io.grpc.ForwardingServerCallListener.onMessage(ForwardingServerCallListener.java:33)
	at org.apache.ratis.thirdparty.io.grpc.internal.ServerCallImpl$ServerStreamListenerImpl.messagesAvailableInternal(ServerCallImpl.java:332)
	at org.apache.ratis.thirdparty.io.grpc.internal.ServerCallImpl$ServerStreamListenerImpl.messagesAvailable(ServerCallImpl.java:315)
	at org.apache.ratis.thirdparty.io.grpc.internal.ServerImpl$JumpToApplicationThreadServerStreamListener$1MessagesAvailable.runInContext(ServerImpl.java:834)
	at org.apache.ratis.thirdparty.io.grpc.internal.ContextRunnable.run(ContextRunnable.java:37)
	at org.apache.ratis.thirdparty.io.grpc.internal.SerializingExecutor.run(SerializingExecutor.java:133)
	at java.base/java.util.concurrent.ThreadPoolExecutor.runWorker(ThreadPoolExecutor.java:1128)
	at java.base/java.util.concurrent.ThreadPoolExecutor$Worker.run(ThreadPoolExecutor.java:628)
	at java.base/java.lang.Thread.run(Thread.java:829)
Caused by: java.util.concurrent.RejectedExecutionException: Task java.util.concurrent.CompletableFuture$AsyncSupply@682b56a3 rejected from java.util.concurrent.ThreadPoolExecutor@3ad4e2b[Terminated, pool size = 0, active threads = 0, queued tasks = 0, completed tasks = 198]
	at java.base/java.util.concurrent.ThreadPoolExecutor$AbortPolicy.rejectedExecution(ThreadPoolExecutor.java:2055)
	at java.base/java.util.concurrent.ThreadPoolExecutor.reject(ThreadPoolExecutor.java:825)
	at java.base/java.util.concurrent.ThreadPoolExecutor.execute(ThreadPoolExecutor.java:1355)
	at java.base/java.util.concurrent.CompletableFuture.asyncSupplyStage(CompletableFuture.java:1714)
	at java.base/java.util.concurrent.CompletableFuture.supplyAsync(CompletableFuture.java:1931)
	at org.apache.ratis.server.impl.RaftServerImpl.executeSubmitServerRequestAsync(RaftServerImpl.java:812)
	at org.apache.ratis.server.impl.RaftServerProxy.lambda$appendEntriesAsync$27(RaftServerProxy.java:634)
	at java.base/java.util.concurrent.CompletableFuture.uniComposeStage(CompletableFuture.java:1106)
	... 15 more
2022-10-13 10:40:58,335 [grpc-default-executor-2] WARN  server.GrpcLogAppender (LogUtils.java:warn(124)) - s0@group-6905249F38B1->s1-AppendLogResponseHandler: Failed appendEntries
java.io.IOException: java.util.concurrent.RejectedExecutionException: Task java.util.concurrent.CompletableFuture$AsyncSupply@682b56a3 rejected from java.util.concurrent.ThreadPoolExecutor@3ad4e2b[Terminated, pool size = 0, active threads = 0, queued tasks = 0, completed tasks = 198]
	at org.apache.ratis.util.IOUtils.asIOException(IOUtils.java:56)
	at org.apache.ratis.grpc.GrpcUtil.tryUnwrapException(GrpcUtil.java:121)
	at org.apache.ratis.grpc.GrpcUtil.unwrapThrowable(GrpcUtil.java:82)
	at org.apache.ratis.grpc.GrpcUtil.warn(GrpcUtil.java:178)
	at org.apache.ratis.grpc.server.GrpcLogAppender$AppendLogResponseHandler.onError(GrpcLogAppender.java:405)
	at org.apache.ratis.thirdparty.io.grpc.stub.ClientCalls$StreamObserverToCallListenerAdapter.onClose(ClientCalls.java:487)
	at org.apache.ratis.thirdparty.io.grpc.internal.ClientCallImpl.closeObserver(ClientCallImpl.java:562)
	at org.apache.ratis.thirdparty.io.grpc.internal.ClientCallImpl.access$300(ClientCallImpl.java:70)
	at org.apache.ratis.thirdparty.io.grpc.internal.ClientCallImpl$ClientStreamListenerImpl$1StreamClosed.runInternal(ClientCallImpl.java:743)
	at org.apache.ratis.thirdparty.io.grpc.internal.ClientCallImpl$ClientStreamListenerImpl$1StreamClosed.runInContext(ClientCallImpl.java:722)
	at org.apache.ratis.thirdparty.io.grpc.internal.ContextRunnable.run(ContextRunnable.java:37)
	at org.apache.ratis.thirdparty.io.grpc.internal.SerializingExecutor.run(SerializingExecutor.java:133)
	at java.base/java.util.concurrent.ThreadPoolExecutor.runWorker(ThreadPoolExecutor.java:1128)
	at java.base/java.util.concurrent.ThreadPoolExecutor$Worker.run(ThreadPoolExecutor.java:628)
	at java.base/java.lang.Thread.run(Thread.java:829)
Caused by: java.util.concurrent.RejectedExecutionException: Task java.util.concurrent.CompletableFuture$AsyncSupply@682b56a3 rejected from java.util.concurrent.ThreadPoolExecutor@3ad4e2b[Terminated, pool size = 0, active threads = 0, queued tasks = 0, completed tasks = 198]
	at java.base/jdk.internal.reflect.GeneratedConstructorAccessor7.newInstance(Unknown Source)
	at java.base/jdk.internal.reflect.DelegatingConstructorAccessorImpl.newInstance(DelegatingConstructorAccessorImpl.java:45)
	at java.base/java.lang.reflect.Constructor.newInstance(Constructor.java:490)
	at org.apache.ratis.util.ReflectionUtils.instantiateException(ReflectionUtils.java:259)
	at org.apache.ratis.grpc.GrpcUtil.tryUnwrapException(GrpcUtil.java:120)
	... 13 more
Caused by: org.apache.ratis.thirdparty.io.grpc.StatusRuntimeException: INTERNAL: Task java.util.concurrent.CompletableFuture$AsyncSupply@682b56a3 rejected from java.util.concurrent.ThreadPoolExecutor@3ad4e2b[Terminated, pool size = 0, active threads = 0, queued tasks = 0, completed tasks = 198]
	at org.apache.ratis.thirdparty.io.grpc.Status.asRuntimeException(Status.java:535)
	... 10 more
	Suppressed: java.lang.IllegalStateException: Failed to cast to class java.io.IOException, object=java.util.concurrent.RejectedExecutionException: Task java.util.concurrent.CompletableFuture$AsyncSupply@682b56a3 rejected from java.util.concurrent.ThreadPoolExecutor@3ad4e2b[Terminated, pool size = 0, active threads = 0, queued tasks = 0, completed tasks = 198]
	at java.base/java.util.concurrent.ThreadPoolExecutor$AbortPolicy.rejectedExecution(ThreadPoolExecutor.java:2055)
	at java.base/java.util.concurrent.ThreadPoolExecutor.reject(ThreadPoolExecutor.java:825)
	at java.base/java.util.concurrent.ThreadPoolExecutor.execute(ThreadPoolExecutor.java:1355)
	at java.base/java.util.concurrent.CompletableFuture.asyncSupplyStage(CompletableFuture.java:1714)
	at java.base/java.util.concurrent.CompletableFuture.supplyAsync(CompletableFuture.java:1931)
	at org.apache.ratis.server.impl.RaftServerImpl.executeSubmitServerRequestAsync(RaftServerImpl.java:812)
	at org.apache.ratis.server.impl.RaftServerProxy.lambda$appendEntriesAsync$27(RaftServerProxy.java:634)
	at java.base/java.util.concurrent.CompletableFuture.uniComposeStage(CompletableFuture.java:1106)
	at java.base/java.util.concurrent.CompletableFuture.thenCompose(CompletableFuture.java:2235)
	at org.apache.ratis.server.impl.RaftServerProxy.appendEntriesAsync(RaftServerProxy.java:634)
	at org.apache.ratis.grpc.server.GrpcServerProtocolService$1.process(GrpcServerProtocolService.java:219)
	at org.apache.ratis.grpc.server.GrpcServerProtocolService$1.process(GrpcServerProtocolService.java:216)
	at org.apache.ratis.grpc.server.GrpcServerProtocolService$ServerRequestStreamObserver.onNext(GrpcServerProtocolService.java:124)
	at org.apache.ratis.thirdparty.io.grpc.stub.ServerCalls$StreamingServerCallHandler$StreamingServerCallListener.onMessage(ServerCalls.java:262)
	at org.apache.ratis.thirdparty.io.grpc.ForwardingServerCallListener.onMessage(ForwardingServerCallListener.java:33)
	at org.apache.ratis.thirdparty.io.grpc.internal.ServerCallImpl$ServerStreamListenerImpl.messagesAvailableInternal(ServerCallImpl.java:332)
	at org.apache.ratis.thirdparty.io.grpc.internal.ServerCallImpl$ServerStreamListenerImpl.messagesAvailable(ServerCallImpl.java:315)
	at org.apache.ratis.thirdparty.io.grpc.internal.ServerImpl$JumpToApplicationThreadServerStreamListener$1MessagesAvailable.runInContext(ServerImpl.java:834)
	at org.apache.ratis.thirdparty.io.grpc.internal.ContextRunnable.run(ContextRunnable.java:37)
	at org.apache.ratis.thirdparty.io.grpc.internal.SerializingExecutor.run(SerializingExecutor.java:133)
	at java.base/java.util.concurrent.ThreadPoolExecutor.runWorker(ThreadPoolExecutor.java:1128)
	at java.base/java.util.concurrent.ThreadPoolExecutor$Worker.run(ThreadPoolExecutor.java:628)
	at java.base/java.lang.Thread.run(Thread.java:829)

		at org.apache.ratis.util.IOUtils.readObject(IOUtils.java:237)
		at org.apache.ratis.util.IOUtils.bytes2Object(IOUtils.java:214)
		at org.apache.ratis.grpc.GrpcUtil.tryUnwrapException(GrpcUtil.java:109)
		at org.apache.ratis.grpc.GrpcUtil.unwrapThrowable(GrpcUtil.java:82)
		at org.apache.ratis.grpc.GrpcUtil.warn(GrpcUtil.java:178)
		at org.apache.ratis.grpc.server.GrpcLogAppender$AppendLogResponseHandler.onError(GrpcLogAppender.java:405)
		... 10 more
	Caused by: java.lang.ClassCastException: Cannot cast java.util.concurrent.RejectedExecutionException to java.io.IOException
		at java.base/java.lang.Class.cast(Class.java:3605)
		at org.apache.ratis.util.IOUtils.readObject(IOUtils.java:234)
		... 15 more
2022-10-13 10:40:58,335 [grpc-default-executor-2] INFO  leader.FollowerInfo (FollowerInfoImpl.java:lambda$new$0(48)) - s0@group-6905249F38B1->s1: nextIndex: updateUnconditionally 263 -> 259
2022-10-13 10:40:58,371 [grpc-default-executor-3] WARN  server.GrpcServerProtocolService (LogUtils.java:warn(124)) - s1: Failed APPEND_ENTRIES request s0->s1#414-t2,previous=(t:2, i:258),leaderCommit=262,initializing? true,entries: size=4, first=(t:2, i:259), CONFIGURATIONENTRY(current:id: "s0"
address: "localhost:46195"
dataStreamAddress: "localhost:39399"
clientAddress: "localhost:42765"
adminAddress: "localhost:44717"
startupRole: FOLLOWER
,id: "s1"
address: "0.0.0.0:46693"
clientAddress: "0.0.0.0:46693"
adminAddress: "0.0.0.0:46693"
startupRole: FOLLOWER
,id: "s2"
address: "0.0.0.0:36699"
clientAddress: "0.0.0.0:36699"
adminAddress: "0.0.0.0:36699"
startupRole: FOLLOWER
, old:id: "s0"
address: "localhost:46195"
dataStreamAddress: "localhost:39399"
clientAddress: "localhost:42765"
adminAddress: "localhost:44717"
startupRole: FOLLOWER
)
java.util.concurrent.CompletionException: java.util.concurrent.RejectedExecutionException: Task java.util.concurrent.CompletableFuture$AsyncSupply@2f874c46 rejected from java.util.concurrent.ThreadPoolExecutor@3ad4e2b[Terminated, pool size = 0, active threads = 0, queued tasks = 0, completed tasks = 198]
	at java.base/java.util.concurrent.CompletableFuture.encodeThrowable(CompletableFuture.java:314)
	at java.base/java.util.concurrent.CompletableFuture.uniComposeStage(CompletableFuture.java:1113)
	at java.base/java.util.concurrent.CompletableFuture.thenCompose(CompletableFuture.java:2235)
	at org.apache.ratis.server.impl.RaftServerProxy.appendEntriesAsync(RaftServerProxy.java:634)
	at org.apache.ratis.grpc.server.GrpcServerProtocolService$1.process(GrpcServerProtocolService.java:219)
	at org.apache.ratis.grpc.server.GrpcServerProtocolService$1.process(GrpcServerProtocolService.java:216)
	at org.apache.ratis.grpc.server.GrpcServerProtocolService$ServerRequestStreamObserver.onNext(GrpcServerProtocolService.java:124)
	at org.apache.ratis.thirdparty.io.grpc.stub.ServerCalls$StreamingServerCallHandler$StreamingServerCallListener.onMessage(ServerCalls.java:262)
	at org.apache.ratis.thirdparty.io.grpc.ForwardingServerCallListener.onMessage(ForwardingServerCallListener.java:33)
	at org.apache.ratis.thirdparty.io.grpc.internal.ServerCallImpl$ServerStreamListenerImpl.messagesAvailableInternal(ServerCallImpl.java:332)
	at org.apache.ratis.thirdparty.io.grpc.internal.ServerCallImpl$ServerStreamListenerImpl.messagesAvailable(ServerCallImpl.java:315)
	at org.apache.ratis.thirdparty.io.grpc.internal.ServerImpl$JumpToApplicationThreadServerStreamListener$1MessagesAvailable.runInContext(ServerImpl.java:834)
	at org.apache.ratis.thirdparty.io.grpc.internal.ContextRunnable.run(ContextRunnable.java:37)
	at org.apache.ratis.thirdparty.io.grpc.internal.SerializingExecutor.run(SerializingExecutor.java:133)
	at java.base/java.util.concurrent.ThreadPoolExecutor.runWorker(ThreadPoolExecutor.java:1128)
	at java.base/java.util.concurrent.ThreadPoolExecutor$Worker.run(ThreadPoolExecutor.java:628)
	at java.base/java.lang.Thread.run(Thread.java:829)
Caused by: java.util.concurrent.RejectedExecutionException: Task java.util.concurrent.CompletableFuture$AsyncSupply@2f874c46 rejected from java.util.concurrent.ThreadPoolExecutor@3ad4e2b[Terminated, pool size = 0, active threads = 0, queued tasks = 0, completed tasks = 198]
	at java.base/java.util.concurrent.ThreadPoolExecutor$AbortPolicy.rejectedExecution(ThreadPoolExecutor.java:2055)
	at java.base/java.util.concurrent.ThreadPoolExecutor.reject(ThreadPoolExecutor.java:825)
	at java.base/java.util.concurrent.ThreadPoolExecutor.execute(ThreadPoolExecutor.java:1355)
	at java.base/java.util.concurrent.CompletableFuture.asyncSupplyStage(CompletableFuture.java:1714)
	at java.base/java.util.concurrent.CompletableFuture.supplyAsync(CompletableFuture.java:1931)
	at org.apache.ratis.server.impl.RaftServerImpl.executeSubmitServerRequestAsync(RaftServerImpl.java:812)
	at org.apache.ratis.server.impl.RaftServerProxy.lambda$appendEntriesAsync$27(RaftServerProxy.java:634)
	at java.base/java.util.concurrent.CompletableFuture.uniComposeStage(CompletableFuture.java:1106)
	... 15 more
2022-10-13 10:40:58,373 [grpc-default-executor-3] WARN  server.GrpcLogAppender (LogUtils.java:warn(124)) - s0@group-6905249F38B1->s1-AppendLogResponseHandler: Failed appendEntries
java.io.IOException: java.util.concurrent.RejectedExecutionException: Task java.util.concurrent.CompletableFuture$AsyncSupply@2f874c46 rejected from java.util.concurrent.ThreadPoolExecutor@3ad4e2b[Terminated, pool size = 0, active threads = 0, queued tasks = 0, completed tasks = 198]
	at org.apache.ratis.util.IOUtils.asIOException(IOUtils.java:56)
	at org.apache.ratis.grpc.GrpcUtil.tryUnwrapException(GrpcUtil.java:121)
	at org.apache.ratis.grpc.GrpcUtil.unwrapThrowable(GrpcUtil.java:82)
	at org.apache.ratis.grpc.GrpcUtil.warn(GrpcUtil.java:178)
	at org.apache.ratis.grpc.server.GrpcLogAppender$AppendLogResponseHandler.onError(GrpcLogAppender.java:405)
	at org.apache.ratis.thirdparty.io.grpc.stub.ClientCalls$StreamObserverToCallListenerAdapter.onClose(ClientCalls.java:487)
	at org.apache.ratis.thirdparty.io.grpc.internal.ClientCallImpl.closeObserver(ClientCallImpl.java:562)
	at org.apache.ratis.thirdparty.io.grpc.internal.ClientCallImpl.access$300(ClientCallImpl.java:70)
	at org.apache.ratis.thirdparty.io.grpc.internal.ClientCallImpl$ClientStreamListenerImpl$1StreamClosed.runInternal(ClientCallImpl.java:743)
	at org.apache.ratis.thirdparty.io.grpc.internal.ClientCallImpl$ClientStreamListenerImpl$1StreamClosed.runInContext(ClientCallImpl.java:722)
	at org.apache.ratis.thirdparty.io.grpc.internal.ContextRunnable.run(ContextRunnable.java:37)
	at org.apache.ratis.thirdparty.io.grpc.internal.SerializingExecutor.run(SerializingExecutor.java:133)
	at java.base/java.util.concurrent.ThreadPoolExecutor.runWorker(ThreadPoolExecutor.java:1128)
	at java.base/java.util.concurrent.ThreadPoolExecutor$Worker.run(ThreadPoolExecutor.java:628)
	at java.base/java.lang.Thread.run(Thread.java:829)
Caused by: java.util.concurrent.RejectedExecutionException: Task java.util.concurrent.CompletableFuture$AsyncSupply@2f874c46 rejected from java.util.concurrent.ThreadPoolExecutor@3ad4e2b[Terminated, pool size = 0, active threads = 0, queued tasks = 0, completed tasks = 198]
	at java.base/jdk.internal.reflect.GeneratedConstructorAccessor7.newInstance(Unknown Source)
	at java.base/jdk.internal.reflect.DelegatingConstructorAccessorImpl.newInstance(DelegatingConstructorAccessorImpl.java:45)
	at java.base/java.lang.reflect.Constructor.newInstance(Constructor.java:490)
	at org.apache.ratis.util.ReflectionUtils.instantiateException(ReflectionUtils.java:259)
	at org.apache.ratis.grpc.GrpcUtil.tryUnwrapException(GrpcUtil.java:120)
	... 13 more
Caused by: org.apache.ratis.thirdparty.io.grpc.StatusRuntimeException: INTERNAL: Task java.util.concurrent.CompletableFuture$AsyncSupply@2f874c46 rejected from java.util.concurrent.ThreadPoolExecutor@3ad4e2b[Terminated, pool size = 0, active threads = 0, queued tasks = 0, completed tasks = 198]
	at org.apache.ratis.thirdparty.io.grpc.Status.asRuntimeException(Status.java:535)
	... 10 more
	Suppressed: java.lang.IllegalStateException: Failed to cast to class java.io.IOException, object=java.util.concurrent.RejectedExecutionException: Task java.util.concurrent.CompletableFuture$AsyncSupply@2f874c46 rejected from java.util.concurrent.ThreadPoolExecutor@3ad4e2b[Terminated, pool size = 0, active threads = 0, queued tasks = 0, completed tasks = 198]
	at java.base/java.util.concurrent.ThreadPoolExecutor$AbortPolicy.rejectedExecution(ThreadPoolExecutor.java:2055)
	at java.base/java.util.concurrent.ThreadPoolExecutor.reject(ThreadPoolExecutor.java:825)
	at java.base/java.util.concurrent.ThreadPoolExecutor.execute(ThreadPoolExecutor.java:1355)
	at java.base/java.util.concurrent.CompletableFuture.asyncSupplyStage(CompletableFuture.java:1714)
	at java.base/java.util.concurrent.CompletableFuture.supplyAsync(CompletableFuture.java:1931)
	at org.apache.ratis.server.impl.RaftServerImpl.executeSubmitServerRequestAsync(RaftServerImpl.java:812)
	at org.apache.ratis.server.impl.RaftServerProxy.lambda$appendEntriesAsync$27(RaftServerProxy.java:634)
	at java.base/java.util.concurrent.CompletableFuture.uniComposeStage(CompletableFuture.java:1106)
	at java.base/java.util.concurrent.CompletableFuture.thenCompose(CompletableFuture.java:2235)
	at org.apache.ratis.server.impl.RaftServerProxy.appendEntriesAsync(RaftServerProxy.java:634)
	at org.apache.ratis.grpc.server.GrpcServerProtocolService$1.process(GrpcServerProtocolService.java:219)
	at org.apache.ratis.grpc.server.GrpcServerProtocolService$1.process(GrpcServerProtocolService.java:216)
	at org.apache.ratis.grpc.server.GrpcServerProtocolService$ServerRequestStreamObserver.onNext(GrpcServerProtocolService.java:124)
	at org.apache.ratis.thirdparty.io.grpc.stub.ServerCalls$StreamingServerCallHandler$StreamingServerCallListener.onMessage(ServerCalls.java:262)
	at org.apache.ratis.thirdparty.io.grpc.ForwardingServerCallListener.onMessage(ForwardingServerCallListener.java:33)
	at org.apache.ratis.thirdparty.io.grpc.internal.ServerCallImpl$ServerStreamListenerImpl.messagesAvailableInternal(ServerCallImpl.java:332)
	at org.apache.ratis.thirdparty.io.grpc.internal.ServerCallImpl$ServerStreamListenerImpl.messagesAvailable(ServerCallImpl.java:315)
	at org.apache.ratis.thirdparty.io.grpc.internal.ServerImpl$JumpToApplicationThreadServerStreamListener$1MessagesAvailable.runInContext(ServerImpl.java:834)
	at org.apache.ratis.thirdparty.io.grpc.internal.ContextRunnable.run(ContextRunnable.java:37)
	at org.apache.ratis.thirdparty.io.grpc.internal.SerializingExecutor.run(SerializingExecutor.java:133)
	at java.base/java.util.concurrent.ThreadPoolExecutor.runWorker(ThreadPoolExecutor.java:1128)
	at java.base/java.util.concurrent.ThreadPoolExecutor$Worker.run(ThreadPoolExecutor.java:628)
	at java.base/java.lang.Thread.run(Thread.java:829)

		at org.apache.ratis.util.IOUtils.readObject(IOUtils.java:237)
		at org.apache.ratis.util.IOUtils.bytes2Object(IOUtils.java:214)
		at org.apache.ratis.grpc.GrpcUtil.tryUnwrapException(GrpcUtil.java:109)
		at org.apache.ratis.grpc.GrpcUtil.unwrapThrowable(GrpcUtil.java:82)
		at org.apache.ratis.grpc.GrpcUtil.warn(GrpcUtil.java:178)
		at org.apache.ratis.grpc.server.GrpcLogAppender$AppendLogResponseHandler.onError(GrpcLogAppender.java:405)
		... 10 more
	Caused by: java.lang.ClassCastException: Cannot cast java.util.concurrent.RejectedExecutionException to java.io.IOException
		at java.base/java.lang.Class.cast(Class.java:3605)
		at org.apache.ratis.util.IOUtils.readObject(IOUtils.java:234)
		... 15 more
2022-10-13 10:40:58,373 [grpc-default-executor-3] INFO  leader.FollowerInfo (FollowerInfoImpl.java:lambda$new$0(48)) - s0@group-6905249F38B1->s1: nextIndex: updateUnconditionally 263 -> 259
2022-10-13 10:40:58,409 [grpc-default-executor-3] WARN  server.GrpcServerProtocolService (LogUtils.java:warn(124)) - s1: Failed APPEND_ENTRIES request s0->s1#416-t2,previous=(t:2, i:258),leaderCommit=262,initializing? true,entries: size=4, first=(t:2, i:259), CONFIGURATIONENTRY(current:id: "s0"
address: "localhost:46195"
dataStreamAddress: "localhost:39399"
clientAddress: "localhost:42765"
adminAddress: "localhost:44717"
startupRole: FOLLOWER
,id: "s1"
address: "0.0.0.0:46693"
clientAddress: "0.0.0.0:46693"
adminAddress: "0.0.0.0:46693"
startupRole: FOLLOWER
,id: "s2"
address: "0.0.0.0:36699"
clientAddress: "0.0.0.0:36699"
adminAddress: "0.0.0.0:36699"
startupRole: FOLLOWER
, old:id: "s0"
address: "localhost:46195"
dataStreamAddress: "localhost:39399"
clientAddress: "localhost:42765"
adminAddress: "localhost:44717"
startupRole: FOLLOWER
)
java.util.concurrent.CompletionException: java.util.concurrent.RejectedExecutionException: Task java.util.concurrent.CompletableFuture$AsyncSupply@1b4b613e rejected from java.util.concurrent.ThreadPoolExecutor@3ad4e2b[Terminated, pool size = 0, active threads = 0, queued tasks = 0, completed tasks = 198]
	at java.base/java.util.concurrent.CompletableFuture.encodeThrowable(CompletableFuture.java:314)
	at java.base/java.util.concurrent.CompletableFuture.uniComposeStage(CompletableFuture.java:1113)
	at java.base/java.util.concurrent.CompletableFuture.thenCompose(CompletableFuture.java:2235)
	at org.apache.ratis.server.impl.RaftServerProxy.appendEntriesAsync(RaftServerProxy.java:634)
	at org.apache.ratis.grpc.server.GrpcServerProtocolService$1.process(GrpcServerProtocolService.java:219)
	at org.apache.ratis.grpc.server.GrpcServerProtocolService$1.process(GrpcServerProtocolService.java:216)
	at org.apache.ratis.grpc.server.GrpcServerProtocolService$ServerRequestStreamObserver.onNext(GrpcServerProtocolService.java:124)
	at org.apache.ratis.thirdparty.io.grpc.stub.ServerCalls$StreamingServerCallHandler$StreamingServerCallListener.onMessage(ServerCalls.java:262)
	at org.apache.ratis.thirdparty.io.grpc.ForwardingServerCallListener.onMessage(ForwardingServerCallListener.java:33)
	at org.apache.ratis.thirdparty.io.grpc.internal.ServerCallImpl$ServerStreamListenerImpl.messagesAvailableInternal(ServerCallImpl.java:332)
	at org.apache.ratis.thirdparty.io.grpc.internal.ServerCallImpl$ServerStreamListenerImpl.messagesAvailable(ServerCallImpl.java:315)
	at org.apache.ratis.thirdparty.io.grpc.internal.ServerImpl$JumpToApplicationThreadServerStreamListener$1MessagesAvailable.runInContext(ServerImpl.java:834)
	at org.apache.ratis.thirdparty.io.grpc.internal.ContextRunnable.run(ContextRunnable.java:37)
	at org.apache.ratis.thirdparty.io.grpc.internal.SerializingExecutor.run(SerializingExecutor.java:133)
	at java.base/java.util.concurrent.ThreadPoolExecutor.runWorker(ThreadPoolExecutor.java:1128)
	at java.base/java.util.concurrent.ThreadPoolExecutor$Worker.run(ThreadPoolExecutor.java:628)
	at java.base/java.lang.Thread.run(Thread.java:829)
Caused by: java.util.concurrent.RejectedExecutionException: Task java.util.concurrent.CompletableFuture$AsyncSupply@1b4b613e rejected from java.util.concurrent.ThreadPoolExecutor@3ad4e2b[Terminated, pool size = 0, active threads = 0, queued tasks = 0, completed tasks = 198]
	at java.base/java.util.concurrent.ThreadPoolExecutor$AbortPolicy.rejectedExecution(ThreadPoolExecutor.java:2055)
	at java.base/java.util.concurrent.ThreadPoolExecutor.reject(ThreadPoolExecutor.java:825)
	at java.base/java.util.concurrent.ThreadPoolExecutor.execute(ThreadPoolExecutor.java:1355)
	at java.base/java.util.concurrent.CompletableFuture.asyncSupplyStage(CompletableFuture.java:1714)
	at java.base/java.util.concurrent.CompletableFuture.supplyAsync(CompletableFuture.java:1931)
	at org.apache.ratis.server.impl.RaftServerImpl.executeSubmitServerRequestAsync(RaftServerImpl.java:812)
	at org.apache.ratis.server.impl.RaftServerProxy.lambda$appendEntriesAsync$27(RaftServerProxy.java:634)
	at java.base/java.util.concurrent.CompletableFuture.uniComposeStage(CompletableFuture.java:1106)
	... 15 more
2022-10-13 10:40:58,410 [grpc-default-executor-3] WARN  server.GrpcLogAppender (LogUtils.java:warn(124)) - s0@group-6905249F38B1->s1-AppendLogResponseHandler: Failed appendEntries
java.io.IOException: java.util.concurrent.RejectedExecutionException: Task java.util.concurrent.CompletableFuture$AsyncSupply@1b4b613e rejected from java.util.concurrent.ThreadPoolExecutor@3ad4e2b[Terminated, pool size = 0, active threads = 0, queued tasks = 0, completed tasks = 198]
	at org.apache.ratis.util.IOUtils.asIOException(IOUtils.java:56)
	at org.apache.ratis.grpc.GrpcUtil.tryUnwrapException(GrpcUtil.java:121)
	at org.apache.ratis.grpc.GrpcUtil.unwrapThrowable(GrpcUtil.java:82)
	at org.apache.ratis.grpc.GrpcUtil.warn(GrpcUtil.java:178)
	at org.apache.ratis.grpc.server.GrpcLogAppender$AppendLogResponseHandler.onError(GrpcLogAppender.java:405)
	at org.apache.ratis.thirdparty.io.grpc.stub.ClientCalls$StreamObserverToCallListenerAdapter.onClose(ClientCalls.java:487)
	at org.apache.ratis.thirdparty.io.grpc.internal.ClientCallImpl.closeObserver(ClientCallImpl.java:562)
	at org.apache.ratis.thirdparty.io.grpc.internal.ClientCallImpl.access$300(ClientCallImpl.java:70)
	at org.apache.ratis.thirdparty.io.grpc.internal.ClientCallImpl$ClientStreamListenerImpl$1StreamClosed.runInternal(ClientCallImpl.java:743)
	at org.apache.ratis.thirdparty.io.grpc.internal.ClientCallImpl$ClientStreamListenerImpl$1StreamClosed.runInContext(ClientCallImpl.java:722)
	at org.apache.ratis.thirdparty.io.grpc.internal.ContextRunnable.run(ContextRunnable.java:37)
	at org.apache.ratis.thirdparty.io.grpc.internal.SerializingExecutor.run(SerializingExecutor.java:133)
	at java.base/java.util.concurrent.ThreadPoolExecutor.runWorker(ThreadPoolExecutor.java:1128)
	at java.base/java.util.concurrent.ThreadPoolExecutor$Worker.run(ThreadPoolExecutor.java:628)
	at java.base/java.lang.Thread.run(Thread.java:829)
Caused by: java.util.concurrent.RejectedExecutionException: Task java.util.concurrent.CompletableFuture$AsyncSupply@1b4b613e rejected from java.util.concurrent.ThreadPoolExecutor@3ad4e2b[Terminated, pool size = 0, active threads = 0, queued tasks = 0, completed tasks = 198]
	at java.base/jdk.internal.reflect.GeneratedConstructorAccessor7.newInstance(Unknown Source)
	at java.base/jdk.internal.reflect.DelegatingConstructorAccessorImpl.newInstance(DelegatingConstructorAccessorImpl.java:45)
	at java.base/java.lang.reflect.Constructor.newInstance(Constructor.java:490)
	at org.apache.ratis.util.ReflectionUtils.instantiateException(ReflectionUtils.java:259)
	at org.apache.ratis.grpc.GrpcUtil.tryUnwrapException(GrpcUtil.java:120)
	... 13 more
Caused by: org.apache.ratis.thirdparty.io.grpc.StatusRuntimeException: INTERNAL: Task java.util.concurrent.CompletableFuture$AsyncSupply@1b4b613e rejected from java.util.concurrent.ThreadPoolExecutor@3ad4e2b[Terminated, pool size = 0, active threads = 0, queued tasks = 0, completed tasks = 198]
	at org.apache.ratis.thirdparty.io.grpc.Status.asRuntimeException(Status.java:535)
	... 10 more
	Suppressed: java.lang.IllegalStateException: Failed to cast to class java.io.IOException, object=java.util.concurrent.RejectedExecutionException: Task java.util.concurrent.CompletableFuture$AsyncSupply@1b4b613e rejected from java.util.concurrent.ThreadPoolExecutor@3ad4e2b[Terminated, pool size = 0, active threads = 0, queued tasks = 0, completed tasks = 198]
	at java.base/java.util.concurrent.ThreadPoolExecutor$AbortPolicy.rejectedExecution(ThreadPoolExecutor.java:2055)
	at java.base/java.util.concurrent.ThreadPoolExecutor.reject(ThreadPoolExecutor.java:825)
	at java.base/java.util.concurrent.ThreadPoolExecutor.execute(ThreadPoolExecutor.java:1355)
	at java.base/java.util.concurrent.CompletableFuture.asyncSupplyStage(CompletableFuture.java:1714)
	at java.base/java.util.concurrent.CompletableFuture.supplyAsync(CompletableFuture.java:1931)
	at org.apache.ratis.server.impl.RaftServerImpl.executeSubmitServerRequestAsync(RaftServerImpl.java:812)
	at org.apache.ratis.server.impl.RaftServerProxy.lambda$appendEntriesAsync$27(RaftServerProxy.java:634)
	at java.base/java.util.concurrent.CompletableFuture.uniComposeStage(CompletableFuture.java:1106)
	at java.base/java.util.concurrent.CompletableFuture.thenCompose(CompletableFuture.java:2235)
	at org.apache.ratis.server.impl.RaftServerProxy.appendEntriesAsync(RaftServerProxy.java:634)
	at org.apache.ratis.grpc.server.GrpcServerProtocolService$1.process(GrpcServerProtocolService.java:219)
	at org.apache.ratis.grpc.server.GrpcServerProtocolService$1.process(GrpcServerProtocolService.java:216)
	at org.apache.ratis.grpc.server.GrpcServerProtocolService$ServerRequestStreamObserver.onNext(GrpcServerProtocolService.java:124)
	at org.apache.ratis.thirdparty.io.grpc.stub.ServerCalls$StreamingServerCallHandler$StreamingServerCallListener.onMessage(ServerCalls.java:262)
	at org.apache.ratis.thirdparty.io.grpc.ForwardingServerCallListener.onMessage(ForwardingServerCallListener.java:33)
	at org.apache.ratis.thirdparty.io.grpc.internal.ServerCallImpl$ServerStreamListenerImpl.messagesAvailableInternal(ServerCallImpl.java:332)
	at org.apache.ratis.thirdparty.io.grpc.internal.ServerCallImpl$ServerStreamListenerImpl.messagesAvailable(ServerCallImpl.java:315)
	at org.apache.ratis.thirdparty.io.grpc.internal.ServerImpl$JumpToApplicationThreadServerStreamListener$1MessagesAvailable.runInContext(ServerImpl.java:834)
	at org.apache.ratis.thirdparty.io.grpc.internal.ContextRunnable.run(ContextRunnable.java:37)
	at org.apache.ratis.thirdparty.io.grpc.internal.SerializingExecutor.run(SerializingExecutor.java:133)
	at java.base/java.util.concurrent.ThreadPoolExecutor.runWorker(ThreadPoolExecutor.java:1128)
	at java.base/java.util.concurrent.ThreadPoolExecutor$Worker.run(ThreadPoolExecutor.java:628)
	at java.base/java.lang.Thread.run(Thread.java:829)

		at org.apache.ratis.util.IOUtils.readObject(IOUtils.java:237)
		at org.apache.ratis.util.IOUtils.bytes2Object(IOUtils.java:214)
		at org.apache.ratis.grpc.GrpcUtil.tryUnwrapException(GrpcUtil.java:109)
		at org.apache.ratis.grpc.GrpcUtil.unwrapThrowable(GrpcUtil.java:82)
		at org.apache.ratis.grpc.GrpcUtil.warn(GrpcUtil.java:178)
		at org.apache.ratis.grpc.server.GrpcLogAppender$AppendLogResponseHandler.onError(GrpcLogAppender.java:405)
		... 10 more
	Caused by: java.lang.ClassCastException: Cannot cast java.util.concurrent.RejectedExecutionException to java.io.IOException
		at java.base/java.lang.Class.cast(Class.java:3605)
		at org.apache.ratis.util.IOUtils.readObject(IOUtils.java:234)
		... 15 more
2022-10-13 10:40:58,411 [grpc-default-executor-3] INFO  leader.FollowerInfo (FollowerInfoImpl.java:lambda$new$0(48)) - s0@group-6905249F38B1->s1: nextIndex: updateUnconditionally 263 -> 259
2022-10-13 10:40:58,447 [grpc-default-executor-3] WARN  server.GrpcServerProtocolService (LogUtils.java:warn(124)) - s1: Failed APPEND_ENTRIES request s0->s1#418-t2,previous=(t:2, i:258),leaderCommit=262,initializing? true,entries: size=4, first=(t:2, i:259), CONFIGURATIONENTRY(current:id: "s0"
address: "localhost:46195"
dataStreamAddress: "localhost:39399"
clientAddress: "localhost:42765"
adminAddress: "localhost:44717"
startupRole: FOLLOWER
,id: "s1"
address: "0.0.0.0:46693"
clientAddress: "0.0.0.0:46693"
adminAddress: "0.0.0.0:46693"
startupRole: FOLLOWER
,id: "s2"
address: "0.0.0.0:36699"
clientAddress: "0.0.0.0:36699"
adminAddress: "0.0.0.0:36699"
startupRole: FOLLOWER
, old:id: "s0"
address: "localhost:46195"
dataStreamAddress: "localhost:39399"
clientAddress: "localhost:42765"
adminAddress: "localhost:44717"
startupRole: FOLLOWER
)
java.util.concurrent.CompletionException: java.util.concurrent.RejectedExecutionException: Task java.util.concurrent.CompletableFuture$AsyncSupply@7b22f422 rejected from java.util.concurrent.ThreadPoolExecutor@3ad4e2b[Terminated, pool size = 0, active threads = 0, queued tasks = 0, completed tasks = 198]
	at java.base/java.util.concurrent.CompletableFuture.encodeThrowable(CompletableFuture.java:314)
	at java.base/java.util.concurrent.CompletableFuture.uniComposeStage(CompletableFuture.java:1113)
	at java.base/java.util.concurrent.CompletableFuture.thenCompose(CompletableFuture.java:2235)
	at org.apache.ratis.server.impl.RaftServerProxy.appendEntriesAsync(RaftServerProxy.java:634)
	at org.apache.ratis.grpc.server.GrpcServerProtocolService$1.process(GrpcServerProtocolService.java:219)
	at org.apache.ratis.grpc.server.GrpcServerProtocolService$1.process(GrpcServerProtocolService.java:216)
	at org.apache.ratis.grpc.server.GrpcServerProtocolService$ServerRequestStreamObserver.onNext(GrpcServerProtocolService.java:124)
	at org.apache.ratis.thirdparty.io.grpc.stub.ServerCalls$StreamingServerCallHandler$StreamingServerCallListener.onMessage(ServerCalls.java:262)
	at org.apache.ratis.thirdparty.io.grpc.ForwardingServerCallListener.onMessage(ForwardingServerCallListener.java:33)
	at org.apache.ratis.thirdparty.io.grpc.internal.ServerCallImpl$ServerStreamListenerImpl.messagesAvailableInternal(ServerCallImpl.java:332)
	at org.apache.ratis.thirdparty.io.grpc.internal.ServerCallImpl$ServerStreamListenerImpl.messagesAvailable(ServerCallImpl.java:315)
	at org.apache.ratis.thirdparty.io.grpc.internal.ServerImpl$JumpToApplicationThreadServerStreamListener$1MessagesAvailable.runInContext(ServerImpl.java:834)
	at org.apache.ratis.thirdparty.io.grpc.internal.ContextRunnable.run(ContextRunnable.java:37)
	at org.apache.ratis.thirdparty.io.grpc.internal.SerializingExecutor.run(SerializingExecutor.java:133)
	at java.base/java.util.concurrent.ThreadPoolExecutor.runWorker(ThreadPoolExecutor.java:1128)
	at java.base/java.util.concurrent.ThreadPoolExecutor$Worker.run(ThreadPoolExecutor.java:628)
	at java.base/java.lang.Thread.run(Thread.java:829)
Caused by: java.util.concurrent.RejectedExecutionException: Task java.util.concurrent.CompletableFuture$AsyncSupply@7b22f422 rejected from java.util.concurrent.ThreadPoolExecutor@3ad4e2b[Terminated, pool size = 0, active threads = 0, queued tasks = 0, completed tasks = 198]
	at java.base/java.util.concurrent.ThreadPoolExecutor$AbortPolicy.rejectedExecution(ThreadPoolExecutor.java:2055)
	at java.base/java.util.concurrent.ThreadPoolExecutor.reject(ThreadPoolExecutor.java:825)
	at java.base/java.util.concurrent.ThreadPoolExecutor.execute(ThreadPoolExecutor.java:1355)
	at java.base/java.util.concurrent.CompletableFuture.asyncSupplyStage(CompletableFuture.java:1714)
	at java.base/java.util.concurrent.CompletableFuture.supplyAsync(CompletableFuture.java:1931)
	at org.apache.ratis.server.impl.RaftServerImpl.executeSubmitServerRequestAsync(RaftServerImpl.java:812)
	at org.apache.ratis.server.impl.RaftServerProxy.lambda$appendEntriesAsync$27(RaftServerProxy.java:634)
	at java.base/java.util.concurrent.CompletableFuture.uniComposeStage(CompletableFuture.java:1106)
	... 15 more
2022-10-13 10:40:58,448 [grpc-default-executor-3] WARN  server.GrpcLogAppender (LogUtils.java:warn(124)) - s0@group-6905249F38B1->s1-AppendLogResponseHandler: Failed appendEntries
java.io.IOException: java.util.concurrent.RejectedExecutionException: Task java.util.concurrent.CompletableFuture$AsyncSupply@7b22f422 rejected from java.util.concurrent.ThreadPoolExecutor@3ad4e2b[Terminated, pool size = 0, active threads = 0, queued tasks = 0, completed tasks = 198]
	at org.apache.ratis.util.IOUtils.asIOException(IOUtils.java:56)
	at org.apache.ratis.grpc.GrpcUtil.tryUnwrapException(GrpcUtil.java:121)
	at org.apache.ratis.grpc.GrpcUtil.unwrapThrowable(GrpcUtil.java:82)
	at org.apache.ratis.grpc.GrpcUtil.warn(GrpcUtil.java:178)
	at org.apache.ratis.grpc.server.GrpcLogAppender$AppendLogResponseHandler.onError(GrpcLogAppender.java:405)
	at org.apache.ratis.thirdparty.io.grpc.stub.ClientCalls$StreamObserverToCallListenerAdapter.onClose(ClientCalls.java:487)
	at org.apache.ratis.thirdparty.io.grpc.internal.ClientCallImpl.closeObserver(ClientCallImpl.java:562)
	at org.apache.ratis.thirdparty.io.grpc.internal.ClientCallImpl.access$300(ClientCallImpl.java:70)
	at org.apache.ratis.thirdparty.io.grpc.internal.ClientCallImpl$ClientStreamListenerImpl$1StreamClosed.runInternal(ClientCallImpl.java:743)
	at org.apache.ratis.thirdparty.io.grpc.internal.ClientCallImpl$ClientStreamListenerImpl$1StreamClosed.runInContext(ClientCallImpl.java:722)
	at org.apache.ratis.thirdparty.io.grpc.internal.ContextRunnable.run(ContextRunnable.java:37)
	at org.apache.ratis.thirdparty.io.grpc.internal.SerializingExecutor.run(SerializingExecutor.java:133)
	at java.base/java.util.concurrent.ThreadPoolExecutor.runWorker(ThreadPoolExecutor.java:1128)
	at java.base/java.util.concurrent.ThreadPoolExecutor$Worker.run(ThreadPoolExecutor.java:628)
	at java.base/java.lang.Thread.run(Thread.java:829)
Caused by: java.util.concurrent.RejectedExecutionException: Task java.util.concurrent.CompletableFuture$AsyncSupply@7b22f422 rejected from java.util.concurrent.ThreadPoolExecutor@3ad4e2b[Terminated, pool size = 0, active threads = 0, queued tasks = 0, completed tasks = 198]
	at java.base/jdk.internal.reflect.GeneratedConstructorAccessor7.newInstance(Unknown Source)
	at java.base/jdk.internal.reflect.DelegatingConstructorAccessorImpl.newInstance(DelegatingConstructorAccessorImpl.java:45)
	at java.base/java.lang.reflect.Constructor.newInstance(Constructor.java:490)
	at org.apache.ratis.util.ReflectionUtils.instantiateException(ReflectionUtils.java:259)
	at org.apache.ratis.grpc.GrpcUtil.tryUnwrapException(GrpcUtil.java:120)
	... 13 more
Caused by: org.apache.ratis.thirdparty.io.grpc.StatusRuntimeException: INTERNAL: Task java.util.concurrent.CompletableFuture$AsyncSupply@7b22f422 rejected from java.util.concurrent.ThreadPoolExecutor@3ad4e2b[Terminated, pool size = 0, active threads = 0, queued tasks = 0, completed tasks = 198]
	at org.apache.ratis.thirdparty.io.grpc.Status.asRuntimeException(Status.java:535)
	... 10 more
	Suppressed: java.lang.IllegalStateException: Failed to cast to class java.io.IOException, object=java.util.concurrent.RejectedExecutionException: Task java.util.concurrent.CompletableFuture$AsyncSupply@7b22f422 rejected from java.util.concurrent.ThreadPoolExecutor@3ad4e2b[Terminated, pool size = 0, active threads = 0, queued tasks = 0, completed tasks = 198]
	at java.base/java.util.concurrent.ThreadPoolExecutor$AbortPolicy.rejectedExecution(ThreadPoolExecutor.java:2055)
	at java.base/java.util.concurrent.ThreadPoolExecutor.reject(ThreadPoolExecutor.java:825)
	at java.base/java.util.concurrent.ThreadPoolExecutor.execute(ThreadPoolExecutor.java:1355)
	at java.base/java.util.concurrent.CompletableFuture.asyncSupplyStage(CompletableFuture.java:1714)
	at java.base/java.util.concurrent.CompletableFuture.supplyAsync(CompletableFuture.java:1931)
	at org.apache.ratis.server.impl.RaftServerImpl.executeSubmitServerRequestAsync(RaftServerImpl.java:812)
	at org.apache.ratis.server.impl.RaftServerProxy.lambda$appendEntriesAsync$27(RaftServerProxy.java:634)
	at java.base/java.util.concurrent.CompletableFuture.uniComposeStage(CompletableFuture.java:1106)
	at java.base/java.util.concurrent.CompletableFuture.thenCompose(CompletableFuture.java:2235)
	at org.apache.ratis.server.impl.RaftServerProxy.appendEntriesAsync(RaftServerProxy.java:634)
	at org.apache.ratis.grpc.server.GrpcServerProtocolService$1.process(GrpcServerProtocolService.java:219)
	at org.apache.ratis.grpc.server.GrpcServerProtocolService$1.process(GrpcServerProtocolService.java:216)
	at org.apache.ratis.grpc.server.GrpcServerProtocolService$ServerRequestStreamObserver.onNext(GrpcServerProtocolService.java:124)
	at org.apache.ratis.thirdparty.io.grpc.stub.ServerCalls$StreamingServerCallHandler$StreamingServerCallListener.onMessage(ServerCalls.java:262)
	at org.apache.ratis.thirdparty.io.grpc.ForwardingServerCallListener.onMessage(ForwardingServerCallListener.java:33)
	at org.apache.ratis.thirdparty.io.grpc.internal.ServerCallImpl$ServerStreamListenerImpl.messagesAvailableInternal(ServerCallImpl.java:332)
	at org.apache.ratis.thirdparty.io.grpc.internal.ServerCallImpl$ServerStreamListenerImpl.messagesAvailable(ServerCallImpl.java:315)
	at org.apache.ratis.thirdparty.io.grpc.internal.ServerImpl$JumpToApplicationThreadServerStreamListener$1MessagesAvailable.runInContext(ServerImpl.java:834)
	at org.apache.ratis.thirdparty.io.grpc.internal.ContextRunnable.run(ContextRunnable.java:37)
	at org.apache.ratis.thirdparty.io.grpc.internal.SerializingExecutor.run(SerializingExecutor.java:133)
	at java.base/java.util.concurrent.ThreadPoolExecutor.runWorker(ThreadPoolExecutor.java:1128)
	at java.base/java.util.concurrent.ThreadPoolExecutor$Worker.run(ThreadPoolExecutor.java:628)
	at java.base/java.lang.Thread.run(Thread.java:829)

		at org.apache.ratis.util.IOUtils.readObject(IOUtils.java:237)
		at org.apache.ratis.util.IOUtils.bytes2Object(IOUtils.java:214)
		at org.apache.ratis.grpc.GrpcUtil.tryUnwrapException(GrpcUtil.java:109)
		at org.apache.ratis.grpc.GrpcUtil.unwrapThrowable(GrpcUtil.java:82)
		at org.apache.ratis.grpc.GrpcUtil.warn(GrpcUtil.java:178)
		at org.apache.ratis.grpc.server.GrpcLogAppender$AppendLogResponseHandler.onError(GrpcLogAppender.java:405)
		... 10 more
	Caused by: java.lang.ClassCastException: Cannot cast java.util.concurrent.RejectedExecutionException to java.io.IOException
		at java.base/java.lang.Class.cast(Class.java:3605)
		at org.apache.ratis.util.IOUtils.readObject(IOUtils.java:234)
		... 15 more
2022-10-13 10:40:58,448 [grpc-default-executor-3] INFO  leader.FollowerInfo (FollowerInfoImpl.java:lambda$new$0(48)) - s0@group-6905249F38B1->s1: nextIndex: updateUnconditionally 263 -> 259
2022-10-13 10:40:58,484 [grpc-default-executor-3] WARN  server.GrpcServerProtocolService (LogUtils.java:warn(124)) - s1: Failed APPEND_ENTRIES request s0->s1#420-t2,previous=(t:2, i:258),leaderCommit=262,initializing? true,entries: size=4, first=(t:2, i:259), CONFIGURATIONENTRY(current:id: "s0"
address: "localhost:46195"
dataStreamAddress: "localhost:39399"
clientAddress: "localhost:42765"
adminAddress: "localhost:44717"
startupRole: FOLLOWER
,id: "s1"
address: "0.0.0.0:46693"
clientAddress: "0.0.0.0:46693"
adminAddress: "0.0.0.0:46693"
startupRole: FOLLOWER
,id: "s2"
address: "0.0.0.0:36699"
clientAddress: "0.0.0.0:36699"
adminAddress: "0.0.0.0:36699"
startupRole: FOLLOWER
, old:id: "s0"
address: "localhost:46195"
dataStreamAddress: "localhost:39399"
clientAddress: "localhost:42765"
adminAddress: "localhost:44717"
startupRole: FOLLOWER
)
java.util.concurrent.CompletionException: java.util.concurrent.RejectedExecutionException: Task java.util.concurrent.CompletableFuture$AsyncSupply@422c45a0 rejected from java.util.concurrent.ThreadPoolExecutor@3ad4e2b[Terminated, pool size = 0, active threads = 0, queued tasks = 0, completed tasks = 198]
	at java.base/java.util.concurrent.CompletableFuture.encodeThrowable(CompletableFuture.java:314)
	at java.base/java.util.concurrent.CompletableFuture.uniComposeStage(CompletableFuture.java:1113)
	at java.base/java.util.concurrent.CompletableFuture.thenCompose(CompletableFuture.java:2235)
	at org.apache.ratis.server.impl.RaftServerProxy.appendEntriesAsync(RaftServerProxy.java:634)
	at org.apache.ratis.grpc.server.GrpcServerProtocolService$1.process(GrpcServerProtocolService.java:219)
	at org.apache.ratis.grpc.server.GrpcServerProtocolService$1.process(GrpcServerProtocolService.java:216)
	at org.apache.ratis.grpc.server.GrpcServerProtocolService$ServerRequestStreamObserver.onNext(GrpcServerProtocolService.java:124)
	at org.apache.ratis.thirdparty.io.grpc.stub.ServerCalls$StreamingServerCallHandler$StreamingServerCallListener.onMessage(ServerCalls.java:262)
	at org.apache.ratis.thirdparty.io.grpc.ForwardingServerCallListener.onMessage(ForwardingServerCallListener.java:33)
	at org.apache.ratis.thirdparty.io.grpc.internal.ServerCallImpl$ServerStreamListenerImpl.messagesAvailableInternal(ServerCallImpl.java:332)
	at org.apache.ratis.thirdparty.io.grpc.internal.ServerCallImpl$ServerStreamListenerImpl.messagesAvailable(ServerCallImpl.java:315)
	at org.apache.ratis.thirdparty.io.grpc.internal.ServerImpl$JumpToApplicationThreadServerStreamListener$1MessagesAvailable.runInContext(ServerImpl.java:834)
	at org.apache.ratis.thirdparty.io.grpc.internal.ContextRunnable.run(ContextRunnable.java:37)
	at org.apache.ratis.thirdparty.io.grpc.internal.SerializingExecutor.run(SerializingExecutor.java:133)
	at java.base/java.util.concurrent.ThreadPoolExecutor.runWorker(ThreadPoolExecutor.java:1128)
	at java.base/java.util.concurrent.ThreadPoolExecutor$Worker.run(ThreadPoolExecutor.java:628)
	at java.base/java.lang.Thread.run(Thread.java:829)
Caused by: java.util.concurrent.RejectedExecutionException: Task java.util.concurrent.CompletableFuture$AsyncSupply@422c45a0 rejected from java.util.concurrent.ThreadPoolExecutor@3ad4e2b[Terminated, pool size = 0, active threads = 0, queued tasks = 0, completed tasks = 198]
	at java.base/java.util.concurrent.ThreadPoolExecutor$AbortPolicy.rejectedExecution(ThreadPoolExecutor.java:2055)
	at java.base/java.util.concurrent.ThreadPoolExecutor.reject(ThreadPoolExecutor.java:825)
	at java.base/java.util.concurrent.ThreadPoolExecutor.execute(ThreadPoolExecutor.java:1355)
	at java.base/java.util.concurrent.CompletableFuture.asyncSupplyStage(CompletableFuture.java:1714)
	at java.base/java.util.concurrent.CompletableFuture.supplyAsync(CompletableFuture.java:1931)
	at org.apache.ratis.server.impl.RaftServerImpl.executeSubmitServerRequestAsync(RaftServerImpl.java:812)
	at org.apache.ratis.server.impl.RaftServerProxy.lambda$appendEntriesAsync$27(RaftServerProxy.java:634)
	at java.base/java.util.concurrent.CompletableFuture.uniComposeStage(CompletableFuture.java:1106)
	... 15 more
2022-10-13 10:40:58,486 [grpc-default-executor-0] WARN  server.GrpcLogAppender (LogUtils.java:warn(124)) - s0@group-6905249F38B1->s1-AppendLogResponseHandler: Failed appendEntries
java.io.IOException: java.util.concurrent.RejectedExecutionException: Task java.util.concurrent.CompletableFuture$AsyncSupply@422c45a0 rejected from java.util.concurrent.ThreadPoolExecutor@3ad4e2b[Terminated, pool size = 0, active threads = 0, queued tasks = 0, completed tasks = 198]
	at org.apache.ratis.util.IOUtils.asIOException(IOUtils.java:56)
	at org.apache.ratis.grpc.GrpcUtil.tryUnwrapException(GrpcUtil.java:121)
	at org.apache.ratis.grpc.GrpcUtil.unwrapThrowable(GrpcUtil.java:82)
	at org.apache.ratis.grpc.GrpcUtil.warn(GrpcUtil.java:178)
	at org.apache.ratis.grpc.server.GrpcLogAppender$AppendLogResponseHandler.onError(GrpcLogAppender.java:405)
	at org.apache.ratis.thirdparty.io.grpc.stub.ClientCalls$StreamObserverToCallListenerAdapter.onClose(ClientCalls.java:487)
	at org.apache.ratis.thirdparty.io.grpc.internal.ClientCallImpl.closeObserver(ClientCallImpl.java:562)
	at org.apache.ratis.thirdparty.io.grpc.internal.ClientCallImpl.access$300(ClientCallImpl.java:70)
	at org.apache.ratis.thirdparty.io.grpc.internal.ClientCallImpl$ClientStreamListenerImpl$1StreamClosed.runInternal(ClientCallImpl.java:743)
	at org.apache.ratis.thirdparty.io.grpc.internal.ClientCallImpl$ClientStreamListenerImpl$1StreamClosed.runInContext(ClientCallImpl.java:722)
	at org.apache.ratis.thirdparty.io.grpc.internal.ContextRunnable.run(ContextRunnable.java:37)
	at org.apache.ratis.thirdparty.io.grpc.internal.SerializingExecutor.run(SerializingExecutor.java:133)
	at java.base/java.util.concurrent.ThreadPoolExecutor.runWorker(ThreadPoolExecutor.java:1128)
	at java.base/java.util.concurrent.ThreadPoolExecutor$Worker.run(ThreadPoolExecutor.java:628)
	at java.base/java.lang.Thread.run(Thread.java:829)
Caused by: java.util.concurrent.RejectedExecutionException: Task java.util.concurrent.CompletableFuture$AsyncSupply@422c45a0 rejected from java.util.concurrent.ThreadPoolExecutor@3ad4e2b[Terminated, pool size = 0, active threads = 0, queued tasks = 0, completed tasks = 198]
	at java.base/jdk.internal.reflect.GeneratedConstructorAccessor7.newInstance(Unknown Source)
	at java.base/jdk.internal.reflect.DelegatingConstructorAccessorImpl.newInstance(DelegatingConstructorAccessorImpl.java:45)
	at java.base/java.lang.reflect.Constructor.newInstance(Constructor.java:490)
	at org.apache.ratis.util.ReflectionUtils.instantiateException(ReflectionUtils.java:259)
	at org.apache.ratis.grpc.GrpcUtil.tryUnwrapException(GrpcUtil.java:120)
	... 13 more
Caused by: org.apache.ratis.thirdparty.io.grpc.StatusRuntimeException: INTERNAL: Task java.util.concurrent.CompletableFuture$AsyncSupply@422c45a0 rejected from java.util.concurrent.ThreadPoolExecutor@3ad4e2b[Terminated, pool size = 0, active threads = 0, queued tasks = 0, completed tasks = 198]
	at org.apache.ratis.thirdparty.io.grpc.Status.asRuntimeException(Status.java:535)
	... 10 more
	Suppressed: java.lang.IllegalStateException: Failed to cast to class java.io.IOException, object=java.util.concurrent.RejectedExecutionException: Task java.util.concurrent.CompletableFuture$AsyncSupply@422c45a0 rejected from java.util.concurrent.ThreadPoolExecutor@3ad4e2b[Terminated, pool size = 0, active threads = 0, queued tasks = 0, completed tasks = 198]
	at java.base/java.util.concurrent.ThreadPoolExecutor$AbortPolicy.rejectedExecution(ThreadPoolExecutor.java:2055)
	at java.base/java.util.concurrent.ThreadPoolExecutor.reject(ThreadPoolExecutor.java:825)
	at java.base/java.util.concurrent.ThreadPoolExecutor.execute(ThreadPoolExecutor.java:1355)
	at java.base/java.util.concurrent.CompletableFuture.asyncSupplyStage(CompletableFuture.java:1714)
	at java.base/java.util.concurrent.CompletableFuture.supplyAsync(CompletableFuture.java:1931)
	at org.apache.ratis.server.impl.RaftServerImpl.executeSubmitServerRequestAsync(RaftServerImpl.java:812)
	at org.apache.ratis.server.impl.RaftServerProxy.lambda$appendEntriesAsync$27(RaftServerProxy.java:634)
	at java.base/java.util.concurrent.CompletableFuture.uniComposeStage(CompletableFuture.java:1106)
	at java.base/java.util.concurrent.CompletableFuture.thenCompose(CompletableFuture.java:2235)
	at org.apache.ratis.server.impl.RaftServerProxy.appendEntriesAsync(RaftServerProxy.java:634)
	at org.apache.ratis.grpc.server.GrpcServerProtocolService$1.process(GrpcServerProtocolService.java:219)
	at org.apache.ratis.grpc.server.GrpcServerProtocolService$1.process(GrpcServerProtocolService.java:216)
	at org.apache.ratis.grpc.server.GrpcServerProtocolService$ServerRequestStreamObserver.onNext(GrpcServerProtocolService.java:124)
	at org.apache.ratis.thirdparty.io.grpc.stub.ServerCalls$StreamingServerCallHandler$StreamingServerCallListener.onMessage(ServerCalls.java:262)
	at org.apache.ratis.thirdparty.io.grpc.ForwardingServerCallListener.onMessage(ForwardingServerCallListener.java:33)
	at org.apache.ratis.thirdparty.io.grpc.internal.ServerCallImpl$ServerStreamListenerImpl.messagesAvailableInternal(ServerCallImpl.java:332)
	at org.apache.ratis.thirdparty.io.grpc.internal.ServerCallImpl$ServerStreamListenerImpl.messagesAvailable(ServerCallImpl.java:315)
	at org.apache.ratis.thirdparty.io.grpc.internal.ServerImpl$JumpToApplicationThreadServerStreamListener$1MessagesAvailable.runInContext(ServerImpl.java:834)
	at org.apache.ratis.thirdparty.io.grpc.internal.ContextRunnable.run(ContextRunnable.java:37)
	at org.apache.ratis.thirdparty.io.grpc.internal.SerializingExecutor.run(SerializingExecutor.java:133)
	at java.base/java.util.concurrent.ThreadPoolExecutor.runWorker(ThreadPoolExecutor.java:1128)
	at java.base/java.util.concurrent.ThreadPoolExecutor$Worker.run(ThreadPoolExecutor.java:628)
	at java.base/java.lang.Thread.run(Thread.java:829)

		at org.apache.ratis.util.IOUtils.readObject(IOUtils.java:237)
		at org.apache.ratis.util.IOUtils.bytes2Object(IOUtils.java:214)
		at org.apache.ratis.grpc.GrpcUtil.tryUnwrapException(GrpcUtil.java:109)
		at org.apache.ratis.grpc.GrpcUtil.unwrapThrowable(GrpcUtil.java:82)
		at org.apache.ratis.grpc.GrpcUtil.warn(GrpcUtil.java:178)
		at org.apache.ratis.grpc.server.GrpcLogAppender$AppendLogResponseHandler.onError(GrpcLogAppender.java:405)
		... 10 more
	Caused by: java.lang.ClassCastException: Cannot cast java.util.concurrent.RejectedExecutionException to java.io.IOException
		at java.base/java.lang.Class.cast(Class.java:3605)
		at org.apache.ratis.util.IOUtils.readObject(IOUtils.java:234)
		... 15 more
2022-10-13 10:40:58,486 [grpc-default-executor-0] INFO  leader.FollowerInfo (FollowerInfoImpl.java:lambda$new$0(48)) - s0@group-6905249F38B1->s1: nextIndex: updateUnconditionally 263 -> 259
2022-10-13 10:40:58,522 [grpc-default-executor-2] WARN  server.GrpcServerProtocolService (LogUtils.java:warn(124)) - s1: Failed APPEND_ENTRIES request s0->s1#422-t2,previous=(t:2, i:258),leaderCommit=262,initializing? true,entries: size=4, first=(t:2, i:259), CONFIGURATIONENTRY(current:id: "s0"
address: "localhost:46195"
dataStreamAddress: "localhost:39399"
clientAddress: "localhost:42765"
adminAddress: "localhost:44717"
startupRole: FOLLOWER
,id: "s1"
address: "0.0.0.0:46693"
clientAddress: "0.0.0.0:46693"
adminAddress: "0.0.0.0:46693"
startupRole: FOLLOWER
,id: "s2"
address: "0.0.0.0:36699"
clientAddress: "0.0.0.0:36699"
adminAddress: "0.0.0.0:36699"
startupRole: FOLLOWER
, old:id: "s0"
address: "localhost:46195"
dataStreamAddress: "localhost:39399"
clientAddress: "localhost:42765"
adminAddress: "localhost:44717"
startupRole: FOLLOWER
)
java.util.concurrent.CompletionException: java.util.concurrent.RejectedExecutionException: Task java.util.concurrent.CompletableFuture$AsyncSupply@4a90024a rejected from java.util.concurrent.ThreadPoolExecutor@3ad4e2b[Terminated, pool size = 0, active threads = 0, queued tasks = 0, completed tasks = 198]
	at java.base/java.util.concurrent.CompletableFuture.encodeThrowable(CompletableFuture.java:314)
	at java.base/java.util.concurrent.CompletableFuture.uniComposeStage(CompletableFuture.java:1113)
	at java.base/java.util.concurrent.CompletableFuture.thenCompose(CompletableFuture.java:2235)
	at org.apache.ratis.server.impl.RaftServerProxy.appendEntriesAsync(RaftServerProxy.java:634)
	at org.apache.ratis.grpc.server.GrpcServerProtocolService$1.process(GrpcServerProtocolService.java:219)
	at org.apache.ratis.grpc.server.GrpcServerProtocolService$1.process(GrpcServerProtocolService.java:216)
	at org.apache.ratis.grpc.server.GrpcServerProtocolService$ServerRequestStreamObserver.onNext(GrpcServerProtocolService.java:124)
	at org.apache.ratis.thirdparty.io.grpc.stub.ServerCalls$StreamingServerCallHandler$StreamingServerCallListener.onMessage(ServerCalls.java:262)
	at org.apache.ratis.thirdparty.io.grpc.ForwardingServerCallListener.onMessage(ForwardingServerCallListener.java:33)
	at org.apache.ratis.thirdparty.io.grpc.internal.ServerCallImpl$ServerStreamListenerImpl.messagesAvailableInternal(ServerCallImpl.java:332)
	at org.apache.ratis.thirdparty.io.grpc.internal.ServerCallImpl$ServerStreamListenerImpl.messagesAvailable(ServerCallImpl.java:315)
	at org.apache.ratis.thirdparty.io.grpc.internal.ServerImpl$JumpToApplicationThreadServerStreamListener$1MessagesAvailable.runInContext(ServerImpl.java:834)
	at org.apache.ratis.thirdparty.io.grpc.internal.ContextRunnable.run(ContextRunnable.java:37)
	at org.apache.ratis.thirdparty.io.grpc.internal.SerializingExecutor.run(SerializingExecutor.java:133)
	at java.base/java.util.concurrent.ThreadPoolExecutor.runWorker(ThreadPoolExecutor.java:1128)
	at java.base/java.util.concurrent.ThreadPoolExecutor$Worker.run(ThreadPoolExecutor.java:628)
	at java.base/java.lang.Thread.run(Thread.java:829)
Caused by: java.util.concurrent.RejectedExecutionException: Task java.util.concurrent.CompletableFuture$AsyncSupply@4a90024a rejected from java.util.concurrent.ThreadPoolExecutor@3ad4e2b[Terminated, pool size = 0, active threads = 0, queued tasks = 0, completed tasks = 198]
	at java.base/java.util.concurrent.ThreadPoolExecutor$AbortPolicy.rejectedExecution(ThreadPoolExecutor.java:2055)
	at java.base/java.util.concurrent.ThreadPoolExecutor.reject(ThreadPoolExecutor.java:825)
	at java.base/java.util.concurrent.ThreadPoolExecutor.execute(ThreadPoolExecutor.java:1355)
	at java.base/java.util.concurrent.CompletableFuture.asyncSupplyStage(CompletableFuture.java:1714)
	at java.base/java.util.concurrent.CompletableFuture.supplyAsync(CompletableFuture.java:1931)
	at org.apache.ratis.server.impl.RaftServerImpl.executeSubmitServerRequestAsync(RaftServerImpl.java:812)
	at org.apache.ratis.server.impl.RaftServerProxy.lambda$appendEntriesAsync$27(RaftServerProxy.java:634)
	at java.base/java.util.concurrent.CompletableFuture.uniComposeStage(CompletableFuture.java:1106)
	... 15 more
2022-10-13 10:40:58,524 [grpc-default-executor-1] WARN  server.GrpcLogAppender (LogUtils.java:warn(124)) - s0@group-6905249F38B1->s1-AppendLogResponseHandler: Failed appendEntries
java.io.IOException: java.util.concurrent.RejectedExecutionException: Task java.util.concurrent.CompletableFuture$AsyncSupply@4a90024a rejected from java.util.concurrent.ThreadPoolExecutor@3ad4e2b[Terminated, pool size = 0, active threads = 0, queued tasks = 0, completed tasks = 198]
	at org.apache.ratis.util.IOUtils.asIOException(IOUtils.java:56)
	at org.apache.ratis.grpc.GrpcUtil.tryUnwrapException(GrpcUtil.java:121)
	at org.apache.ratis.grpc.GrpcUtil.unwrapThrowable(GrpcUtil.java:82)
	at org.apache.ratis.grpc.GrpcUtil.warn(GrpcUtil.java:178)
	at org.apache.ratis.grpc.server.GrpcLogAppender$AppendLogResponseHandler.onError(GrpcLogAppender.java:405)
	at org.apache.ratis.thirdparty.io.grpc.stub.ClientCalls$StreamObserverToCallListenerAdapter.onClose(ClientCalls.java:487)
	at org.apache.ratis.thirdparty.io.grpc.internal.ClientCallImpl.closeObserver(ClientCallImpl.java:562)
	at org.apache.ratis.thirdparty.io.grpc.internal.ClientCallImpl.access$300(ClientCallImpl.java:70)
	at org.apache.ratis.thirdparty.io.grpc.internal.ClientCallImpl$ClientStreamListenerImpl$1StreamClosed.runInternal(ClientCallImpl.java:743)
	at org.apache.ratis.thirdparty.io.grpc.internal.ClientCallImpl$ClientStreamListenerImpl$1StreamClosed.runInContext(ClientCallImpl.java:722)
	at org.apache.ratis.thirdparty.io.grpc.internal.ContextRunnable.run(ContextRunnable.java:37)
	at org.apache.ratis.thirdparty.io.grpc.internal.SerializingExecutor.run(SerializingExecutor.java:133)
	at java.base/java.util.concurrent.ThreadPoolExecutor.runWorker(ThreadPoolExecutor.java:1128)
	at java.base/java.util.concurrent.ThreadPoolExecutor$Worker.run(ThreadPoolExecutor.java:628)
	at java.base/java.lang.Thread.run(Thread.java:829)
Caused by: java.util.concurrent.RejectedExecutionException: Task java.util.concurrent.CompletableFuture$AsyncSupply@4a90024a rejected from java.util.concurrent.ThreadPoolExecutor@3ad4e2b[Terminated, pool size = 0, active threads = 0, queued tasks = 0, completed tasks = 198]
	at java.base/jdk.internal.reflect.GeneratedConstructorAccessor7.newInstance(Unknown Source)
	at java.base/jdk.internal.reflect.DelegatingConstructorAccessorImpl.newInstance(DelegatingConstructorAccessorImpl.java:45)
	at java.base/java.lang.reflect.Constructor.newInstance(Constructor.java:490)
	at org.apache.ratis.util.ReflectionUtils.instantiateException(ReflectionUtils.java:259)
	at org.apache.ratis.grpc.GrpcUtil.tryUnwrapException(GrpcUtil.java:120)
	... 13 more
Caused by: org.apache.ratis.thirdparty.io.grpc.StatusRuntimeException: INTERNAL: Task java.util.concurrent.CompletableFuture$AsyncSupply@4a90024a rejected from java.util.concurrent.ThreadPoolExecutor@3ad4e2b[Terminated, pool size = 0, active threads = 0, queued tasks = 0, completed tasks = 198]
	at org.apache.ratis.thirdparty.io.grpc.Status.asRuntimeException(Status.java:535)
	... 10 more
	Suppressed: java.lang.IllegalStateException: Failed to cast to class java.io.IOException, object=java.util.concurrent.RejectedExecutionException: Task java.util.concurrent.CompletableFuture$AsyncSupply@4a90024a rejected from java.util.concurrent.ThreadPoolExecutor@3ad4e2b[Terminated, pool size = 0, active threads = 0, queued tasks = 0, completed tasks = 198]
	at java.base/java.util.concurrent.ThreadPoolExecutor$AbortPolicy.rejectedExecution(ThreadPoolExecutor.java:2055)
	at java.base/java.util.concurrent.ThreadPoolExecutor.reject(ThreadPoolExecutor.java:825)
	at java.base/java.util.concurrent.ThreadPoolExecutor.execute(ThreadPoolExecutor.java:1355)
	at java.base/java.util.concurrent.CompletableFuture.asyncSupplyStage(CompletableFuture.java:1714)
	at java.base/java.util.concurrent.CompletableFuture.supplyAsync(CompletableFuture.java:1931)
	at org.apache.ratis.server.impl.RaftServerImpl.executeSubmitServerRequestAsync(RaftServerImpl.java:812)
	at org.apache.ratis.server.impl.RaftServerProxy.lambda$appendEntriesAsync$27(RaftServerProxy.java:634)
	at java.base/java.util.concurrent.CompletableFuture.uniComposeStage(CompletableFuture.java:1106)
	at java.base/java.util.concurrent.CompletableFuture.thenCompose(CompletableFuture.java:2235)
	at org.apache.ratis.server.impl.RaftServerProxy.appendEntriesAsync(RaftServerProxy.java:634)
	at org.apache.ratis.grpc.server.GrpcServerProtocolService$1.process(GrpcServerProtocolService.java:219)
	at org.apache.ratis.grpc.server.GrpcServerProtocolService$1.process(GrpcServerProtocolService.java:216)
	at org.apache.ratis.grpc.server.GrpcServerProtocolService$ServerRequestStreamObserver.onNext(GrpcServerProtocolService.java:124)
	at org.apache.ratis.thirdparty.io.grpc.stub.ServerCalls$StreamingServerCallHandler$StreamingServerCallListener.onMessage(ServerCalls.java:262)
	at org.apache.ratis.thirdparty.io.grpc.ForwardingServerCallListener.onMessage(ForwardingServerCallListener.java:33)
	at org.apache.ratis.thirdparty.io.grpc.internal.ServerCallImpl$ServerStreamListenerImpl.messagesAvailableInternal(ServerCallImpl.java:332)
	at org.apache.ratis.thirdparty.io.grpc.internal.ServerCallImpl$ServerStreamListenerImpl.messagesAvailable(ServerCallImpl.java:315)
	at org.apache.ratis.thirdparty.io.grpc.internal.ServerImpl$JumpToApplicationThreadServerStreamListener$1MessagesAvailable.runInContext(ServerImpl.java:834)
	at org.apache.ratis.thirdparty.io.grpc.internal.ContextRunnable.run(ContextRunnable.java:37)
	at org.apache.ratis.thirdparty.io.grpc.internal.SerializingExecutor.run(SerializingExecutor.java:133)
	at java.base/java.util.concurrent.ThreadPoolExecutor.runWorker(ThreadPoolExecutor.java:1128)
	at java.base/java.util.concurrent.ThreadPoolExecutor$Worker.run(ThreadPoolExecutor.java:628)
	at java.base/java.lang.Thread.run(Thread.java:829)

		at org.apache.ratis.util.IOUtils.readObject(IOUtils.java:237)
		at org.apache.ratis.util.IOUtils.bytes2Object(IOUtils.java:214)
		at org.apache.ratis.grpc.GrpcUtil.tryUnwrapException(GrpcUtil.java:109)
		at org.apache.ratis.grpc.GrpcUtil.unwrapThrowable(GrpcUtil.java:82)
		at org.apache.ratis.grpc.GrpcUtil.warn(GrpcUtil.java:178)
		at org.apache.ratis.grpc.server.GrpcLogAppender$AppendLogResponseHandler.onError(GrpcLogAppender.java:405)
		... 10 more
	Caused by: java.lang.ClassCastException: Cannot cast java.util.concurrent.RejectedExecutionException to java.io.IOException
		at java.base/java.lang.Class.cast(Class.java:3605)
		at org.apache.ratis.util.IOUtils.readObject(IOUtils.java:234)
		... 15 more
2022-10-13 10:40:58,524 [grpc-default-executor-1] INFO  leader.FollowerInfo (FollowerInfoImpl.java:lambda$new$0(48)) - s0@group-6905249F38B1->s1: nextIndex: updateUnconditionally 263 -> 259
2022-10-13 10:40:58,560 [grpc-default-executor-1] WARN  server.GrpcServerProtocolService (LogUtils.java:warn(124)) - s1: Failed APPEND_ENTRIES request s0->s1#424-t2,previous=(t:2, i:258),leaderCommit=262,initializing? true,entries: size=4, first=(t:2, i:259), CONFIGURATIONENTRY(current:id: "s0"
address: "localhost:46195"
dataStreamAddress: "localhost:39399"
clientAddress: "localhost:42765"
adminAddress: "localhost:44717"
startupRole: FOLLOWER
,id: "s1"
address: "0.0.0.0:46693"
clientAddress: "0.0.0.0:46693"
adminAddress: "0.0.0.0:46693"
startupRole: FOLLOWER
,id: "s2"
address: "0.0.0.0:36699"
clientAddress: "0.0.0.0:36699"
adminAddress: "0.0.0.0:36699"
startupRole: FOLLOWER
, old:id: "s0"
address: "localhost:46195"
dataStreamAddress: "localhost:39399"
clientAddress: "localhost:42765"
adminAddress: "localhost:44717"
startupRole: FOLLOWER
)
java.util.concurrent.CompletionException: java.util.concurrent.RejectedExecutionException: Task java.util.concurrent.CompletableFuture$AsyncSupply@5840c2d9 rejected from java.util.concurrent.ThreadPoolExecutor@3ad4e2b[Terminated, pool size = 0, active threads = 0, queued tasks = 0, completed tasks = 198]
	at java.base/java.util.concurrent.CompletableFuture.encodeThrowable(CompletableFuture.java:314)
	at java.base/java.util.concurrent.CompletableFuture.uniComposeStage(CompletableFuture.java:1113)
	at java.base/java.util.concurrent.CompletableFuture.thenCompose(CompletableFuture.java:2235)
	at org.apache.ratis.server.impl.RaftServerProxy.appendEntriesAsync(RaftServerProxy.java:634)
	at org.apache.ratis.grpc.server.GrpcServerProtocolService$1.process(GrpcServerProtocolService.java:219)
	at org.apache.ratis.grpc.server.GrpcServerProtocolService$1.process(GrpcServerProtocolService.java:216)
	at org.apache.ratis.grpc.server.GrpcServerProtocolService$ServerRequestStreamObserver.onNext(GrpcServerProtocolService.java:124)
	at org.apache.ratis.thirdparty.io.grpc.stub.ServerCalls$StreamingServerCallHandler$StreamingServerCallListener.onMessage(ServerCalls.java:262)
	at org.apache.ratis.thirdparty.io.grpc.ForwardingServerCallListener.onMessage(ForwardingServerCallListener.java:33)
	at org.apache.ratis.thirdparty.io.grpc.internal.ServerCallImpl$ServerStreamListenerImpl.messagesAvailableInternal(ServerCallImpl.java:332)
	at org.apache.ratis.thirdparty.io.grpc.internal.ServerCallImpl$ServerStreamListenerImpl.messagesAvailable(ServerCallImpl.java:315)
	at org.apache.ratis.thirdparty.io.grpc.internal.ServerImpl$JumpToApplicationThreadServerStreamListener$1MessagesAvailable.runInContext(ServerImpl.java:834)
	at org.apache.ratis.thirdparty.io.grpc.internal.ContextRunnable.run(ContextRunnable.java:37)
	at org.apache.ratis.thirdparty.io.grpc.internal.SerializingExecutor.run(SerializingExecutor.java:133)
	at java.base/java.util.concurrent.ThreadPoolExecutor.runWorker(ThreadPoolExecutor.java:1128)
	at java.base/java.util.concurrent.ThreadPoolExecutor$Worker.run(ThreadPoolExecutor.java:628)
	at java.base/java.lang.Thread.run(Thread.java:829)
Caused by: java.util.concurrent.RejectedExecutionException: Task java.util.concurrent.CompletableFuture$AsyncSupply@5840c2d9 rejected from java.util.concurrent.ThreadPoolExecutor@3ad4e2b[Terminated, pool size = 0, active threads = 0, queued tasks = 0, completed tasks = 198]
	at java.base/java.util.concurrent.ThreadPoolExecutor$AbortPolicy.rejectedExecution(ThreadPoolExecutor.java:2055)
	at java.base/java.util.concurrent.ThreadPoolExecutor.reject(ThreadPoolExecutor.java:825)
	at java.base/java.util.concurrent.ThreadPoolExecutor.execute(ThreadPoolExecutor.java:1355)
	at java.base/java.util.concurrent.CompletableFuture.asyncSupplyStage(CompletableFuture.java:1714)
	at java.base/java.util.concurrent.CompletableFuture.supplyAsync(CompletableFuture.java:1931)
	at org.apache.ratis.server.impl.RaftServerImpl.executeSubmitServerRequestAsync(RaftServerImpl.java:812)
	at org.apache.ratis.server.impl.RaftServerProxy.lambda$appendEntriesAsync$27(RaftServerProxy.java:634)
	at java.base/java.util.concurrent.CompletableFuture.uniComposeStage(CompletableFuture.java:1106)
	... 15 more
2022-10-13 10:40:58,561 [grpc-default-executor-2] WARN  server.GrpcLogAppender (LogUtils.java:warn(124)) - s0@group-6905249F38B1->s1-AppendLogResponseHandler: Failed appendEntries
java.io.IOException: java.util.concurrent.RejectedExecutionException: Task java.util.concurrent.CompletableFuture$AsyncSupply@5840c2d9 rejected from java.util.concurrent.ThreadPoolExecutor@3ad4e2b[Terminated, pool size = 0, active threads = 0, queued tasks = 0, completed tasks = 198]
	at org.apache.ratis.util.IOUtils.asIOException(IOUtils.java:56)
	at org.apache.ratis.grpc.GrpcUtil.tryUnwrapException(GrpcUtil.java:121)
	at org.apache.ratis.grpc.GrpcUtil.unwrapThrowable(GrpcUtil.java:82)
	at org.apache.ratis.grpc.GrpcUtil.warn(GrpcUtil.java:178)
	at org.apache.ratis.grpc.server.GrpcLogAppender$AppendLogResponseHandler.onError(GrpcLogAppender.java:405)
	at org.apache.ratis.thirdparty.io.grpc.stub.ClientCalls$StreamObserverToCallListenerAdapter.onClose(ClientCalls.java:487)
	at org.apache.ratis.thirdparty.io.grpc.internal.ClientCallImpl.closeObserver(ClientCallImpl.java:562)
	at org.apache.ratis.thirdparty.io.grpc.internal.ClientCallImpl.access$300(ClientCallImpl.java:70)
	at org.apache.ratis.thirdparty.io.grpc.internal.ClientCallImpl$ClientStreamListenerImpl$1StreamClosed.runInternal(ClientCallImpl.java:743)
	at org.apache.ratis.thirdparty.io.grpc.internal.ClientCallImpl$ClientStreamListenerImpl$1StreamClosed.runInContext(ClientCallImpl.java:722)
	at org.apache.ratis.thirdparty.io.grpc.internal.ContextRunnable.run(ContextRunnable.java:37)
	at org.apache.ratis.thirdparty.io.grpc.internal.SerializingExecutor.run(SerializingExecutor.java:133)
	at java.base/java.util.concurrent.ThreadPoolExecutor.runWorker(ThreadPoolExecutor.java:1128)
	at java.base/java.util.concurrent.ThreadPoolExecutor$Worker.run(ThreadPoolExecutor.java:628)
	at java.base/java.lang.Thread.run(Thread.java:829)
Caused by: java.util.concurrent.RejectedExecutionException: Task java.util.concurrent.CompletableFuture$AsyncSupply@5840c2d9 rejected from java.util.concurrent.ThreadPoolExecutor@3ad4e2b[Terminated, pool size = 0, active threads = 0, queued tasks = 0, completed tasks = 198]
	at java.base/jdk.internal.reflect.GeneratedConstructorAccessor7.newInstance(Unknown Source)
	at java.base/jdk.internal.reflect.DelegatingConstructorAccessorImpl.newInstance(DelegatingConstructorAccessorImpl.java:45)
	at java.base/java.lang.reflect.Constructor.newInstance(Constructor.java:490)
	at org.apache.ratis.util.ReflectionUtils.instantiateException(ReflectionUtils.java:259)
	at org.apache.ratis.grpc.GrpcUtil.tryUnwrapException(GrpcUtil.java:120)
	... 13 more
Caused by: org.apache.ratis.thirdparty.io.grpc.StatusRuntimeException: INTERNAL: Task java.util.concurrent.CompletableFuture$AsyncSupply@5840c2d9 rejected from java.util.concurrent.ThreadPoolExecutor@3ad4e2b[Terminated, pool size = 0, active threads = 0, queued tasks = 0, completed tasks = 198]
	at org.apache.ratis.thirdparty.io.grpc.Status.asRuntimeException(Status.java:535)
	... 10 more
	Suppressed: java.lang.IllegalStateException: Failed to cast to class java.io.IOException, object=java.util.concurrent.RejectedExecutionException: Task java.util.concurrent.CompletableFuture$AsyncSupply@5840c2d9 rejected from java.util.concurrent.ThreadPoolExecutor@3ad4e2b[Terminated, pool size = 0, active threads = 0, queued tasks = 0, completed tasks = 198]
	at java.base/java.util.concurrent.ThreadPoolExecutor$AbortPolicy.rejectedExecution(ThreadPoolExecutor.java:2055)
	at java.base/java.util.concurrent.ThreadPoolExecutor.reject(ThreadPoolExecutor.java:825)
	at java.base/java.util.concurrent.ThreadPoolExecutor.execute(ThreadPoolExecutor.java:1355)
	at java.base/java.util.concurrent.CompletableFuture.asyncSupplyStage(CompletableFuture.java:1714)
	at java.base/java.util.concurrent.CompletableFuture.supplyAsync(CompletableFuture.java:1931)
	at org.apache.ratis.server.impl.RaftServerImpl.executeSubmitServerRequestAsync(RaftServerImpl.java:812)
	at org.apache.ratis.server.impl.RaftServerProxy.lambda$appendEntriesAsync$27(RaftServerProxy.java:634)
	at java.base/java.util.concurrent.CompletableFuture.uniComposeStage(CompletableFuture.java:1106)
	at java.base/java.util.concurrent.CompletableFuture.thenCompose(CompletableFuture.java:2235)
	at org.apache.ratis.server.impl.RaftServerProxy.appendEntriesAsync(RaftServerProxy.java:634)
	at org.apache.ratis.grpc.server.GrpcServerProtocolService$1.process(GrpcServerProtocolService.java:219)
	at org.apache.ratis.grpc.server.GrpcServerProtocolService$1.process(GrpcServerProtocolService.java:216)
	at org.apache.ratis.grpc.server.GrpcServerProtocolService$ServerRequestStreamObserver.onNext(GrpcServerProtocolService.java:124)
	at org.apache.ratis.thirdparty.io.grpc.stub.ServerCalls$StreamingServerCallHandler$StreamingServerCallListener.onMessage(ServerCalls.java:262)
	at org.apache.ratis.thirdparty.io.grpc.ForwardingServerCallListener.onMessage(ForwardingServerCallListener.java:33)
	at org.apache.ratis.thirdparty.io.grpc.internal.ServerCallImpl$ServerStreamListenerImpl.messagesAvailableInternal(ServerCallImpl.java:332)
	at org.apache.ratis.thirdparty.io.grpc.internal.ServerCallImpl$ServerStreamListenerImpl.messagesAvailable(ServerCallImpl.java:315)
	at org.apache.ratis.thirdparty.io.grpc.internal.ServerImpl$JumpToApplicationThreadServerStreamListener$1MessagesAvailable.runInContext(ServerImpl.java:834)
	at org.apache.ratis.thirdparty.io.grpc.internal.ContextRunnable.run(ContextRunnable.java:37)
	at org.apache.ratis.thirdparty.io.grpc.internal.SerializingExecutor.run(SerializingExecutor.java:133)
	at java.base/java.util.concurrent.ThreadPoolExecutor.runWorker(ThreadPoolExecutor.java:1128)
	at java.base/java.util.concurrent.ThreadPoolExecutor$Worker.run(ThreadPoolExecutor.java:628)
	at java.base/java.lang.Thread.run(Thread.java:829)

		at org.apache.ratis.util.IOUtils.readObject(IOUtils.java:237)
		at org.apache.ratis.util.IOUtils.bytes2Object(IOUtils.java:214)
		at org.apache.ratis.grpc.GrpcUtil.tryUnwrapException(GrpcUtil.java:109)
		at org.apache.ratis.grpc.GrpcUtil.unwrapThrowable(GrpcUtil.java:82)
		at org.apache.ratis.grpc.GrpcUtil.warn(GrpcUtil.java:178)
		at org.apache.ratis.grpc.server.GrpcLogAppender$AppendLogResponseHandler.onError(GrpcLogAppender.java:405)
		... 10 more
	Caused by: java.lang.ClassCastException: Cannot cast java.util.concurrent.RejectedExecutionException to java.io.IOException
		at java.base/java.lang.Class.cast(Class.java:3605)
		at org.apache.ratis.util.IOUtils.readObject(IOUtils.java:234)
		... 15 more
2022-10-13 10:40:58,562 [grpc-default-executor-2] INFO  leader.FollowerInfo (FollowerInfoImpl.java:lambda$new$0(48)) - s0@group-6905249F38B1->s1: nextIndex: updateUnconditionally 263 -> 259
2022-10-13 10:40:58,598 [grpc-default-executor-2] WARN  server.GrpcServerProtocolService (LogUtils.java:warn(124)) - s1: Failed APPEND_ENTRIES request s0->s1#426-t2,previous=(t:2, i:258),leaderCommit=262,initializing? true,entries: size=4, first=(t:2, i:259), CONFIGURATIONENTRY(current:id: "s0"
address: "localhost:46195"
dataStreamAddress: "localhost:39399"
clientAddress: "localhost:42765"
adminAddress: "localhost:44717"
startupRole: FOLLOWER
,id: "s1"
address: "0.0.0.0:46693"
clientAddress: "0.0.0.0:46693"
adminAddress: "0.0.0.0:46693"
startupRole: FOLLOWER
,id: "s2"
address: "0.0.0.0:36699"
clientAddress: "0.0.0.0:36699"
adminAddress: "0.0.0.0:36699"
startupRole: FOLLOWER
, old:id: "s0"
address: "localhost:46195"
dataStreamAddress: "localhost:39399"
clientAddress: "localhost:42765"
adminAddress: "localhost:44717"
startupRole: FOLLOWER
)
java.util.concurrent.CompletionException: java.util.concurrent.RejectedExecutionException: Task java.util.concurrent.CompletableFuture$AsyncSupply@3803601d rejected from java.util.concurrent.ThreadPoolExecutor@3ad4e2b[Terminated, pool size = 0, active threads = 0, queued tasks = 0, completed tasks = 198]
	at java.base/java.util.concurrent.CompletableFuture.encodeThrowable(CompletableFuture.java:314)
	at java.base/java.util.concurrent.CompletableFuture.uniComposeStage(CompletableFuture.java:1113)
	at java.base/java.util.concurrent.CompletableFuture.thenCompose(CompletableFuture.java:2235)
	at org.apache.ratis.server.impl.RaftServerProxy.appendEntriesAsync(RaftServerProxy.java:634)
	at org.apache.ratis.grpc.server.GrpcServerProtocolService$1.process(GrpcServerProtocolService.java:219)
	at org.apache.ratis.grpc.server.GrpcServerProtocolService$1.process(GrpcServerProtocolService.java:216)
	at org.apache.ratis.grpc.server.GrpcServerProtocolService$ServerRequestStreamObserver.onNext(GrpcServerProtocolService.java:124)
	at org.apache.ratis.thirdparty.io.grpc.stub.ServerCalls$StreamingServerCallHandler$StreamingServerCallListener.onMessage(ServerCalls.java:262)
	at org.apache.ratis.thirdparty.io.grpc.ForwardingServerCallListener.onMessage(ForwardingServerCallListener.java:33)
	at org.apache.ratis.thirdparty.io.grpc.internal.ServerCallImpl$ServerStreamListenerImpl.messagesAvailableInternal(ServerCallImpl.java:332)
	at org.apache.ratis.thirdparty.io.grpc.internal.ServerCallImpl$ServerStreamListenerImpl.messagesAvailable(ServerCallImpl.java:315)
	at org.apache.ratis.thirdparty.io.grpc.internal.ServerImpl$JumpToApplicationThreadServerStreamListener$1MessagesAvailable.runInContext(ServerImpl.java:834)
	at org.apache.ratis.thirdparty.io.grpc.internal.ContextRunnable.run(ContextRunnable.java:37)
	at org.apache.ratis.thirdparty.io.grpc.internal.SerializingExecutor.run(SerializingExecutor.java:133)
	at java.base/java.util.concurrent.ThreadPoolExecutor.runWorker(ThreadPoolExecutor.java:1128)
	at java.base/java.util.concurrent.ThreadPoolExecutor$Worker.run(ThreadPoolExecutor.java:628)
	at java.base/java.lang.Thread.run(Thread.java:829)
Caused by: java.util.concurrent.RejectedExecutionException: Task java.util.concurrent.CompletableFuture$AsyncSupply@3803601d rejected from java.util.concurrent.ThreadPoolExecutor@3ad4e2b[Terminated, pool size = 0, active threads = 0, queued tasks = 0, completed tasks = 198]
	at java.base/java.util.concurrent.ThreadPoolExecutor$AbortPolicy.rejectedExecution(ThreadPoolExecutor.java:2055)
	at java.base/java.util.concurrent.ThreadPoolExecutor.reject(ThreadPoolExecutor.java:825)
	at java.base/java.util.concurrent.ThreadPoolExecutor.execute(ThreadPoolExecutor.java:1355)
	at java.base/java.util.concurrent.CompletableFuture.asyncSupplyStage(CompletableFuture.java:1714)
	at java.base/java.util.concurrent.CompletableFuture.supplyAsync(CompletableFuture.java:1931)
	at org.apache.ratis.server.impl.RaftServerImpl.executeSubmitServerRequestAsync(RaftServerImpl.java:812)
	at org.apache.ratis.server.impl.RaftServerProxy.lambda$appendEntriesAsync$27(RaftServerProxy.java:634)
	at java.base/java.util.concurrent.CompletableFuture.uniComposeStage(CompletableFuture.java:1106)
	... 15 more
2022-10-13 10:40:58,599 [grpc-default-executor-1] WARN  server.GrpcLogAppender (LogUtils.java:warn(124)) - s0@group-6905249F38B1->s1-AppendLogResponseHandler: Failed appendEntries
java.io.IOException: java.util.concurrent.RejectedExecutionException: Task java.util.concurrent.CompletableFuture$AsyncSupply@3803601d rejected from java.util.concurrent.ThreadPoolExecutor@3ad4e2b[Terminated, pool size = 0, active threads = 0, queued tasks = 0, completed tasks = 198]
	at org.apache.ratis.util.IOUtils.asIOException(IOUtils.java:56)
	at org.apache.ratis.grpc.GrpcUtil.tryUnwrapException(GrpcUtil.java:121)
	at org.apache.ratis.grpc.GrpcUtil.unwrapThrowable(GrpcUtil.java:82)
	at org.apache.ratis.grpc.GrpcUtil.warn(GrpcUtil.java:178)
	at org.apache.ratis.grpc.server.GrpcLogAppender$AppendLogResponseHandler.onError(GrpcLogAppender.java:405)
	at org.apache.ratis.thirdparty.io.grpc.stub.ClientCalls$StreamObserverToCallListenerAdapter.onClose(ClientCalls.java:487)
	at org.apache.ratis.thirdparty.io.grpc.internal.ClientCallImpl.closeObserver(ClientCallImpl.java:562)
	at org.apache.ratis.thirdparty.io.grpc.internal.ClientCallImpl.access$300(ClientCallImpl.java:70)
	at org.apache.ratis.thirdparty.io.grpc.internal.ClientCallImpl$ClientStreamListenerImpl$1StreamClosed.runInternal(ClientCallImpl.java:743)
	at org.apache.ratis.thirdparty.io.grpc.internal.ClientCallImpl$ClientStreamListenerImpl$1StreamClosed.runInContext(ClientCallImpl.java:722)
	at org.apache.ratis.thirdparty.io.grpc.internal.ContextRunnable.run(ContextRunnable.java:37)
	at org.apache.ratis.thirdparty.io.grpc.internal.SerializingExecutor.run(SerializingExecutor.java:133)
	at java.base/java.util.concurrent.ThreadPoolExecutor.runWorker(ThreadPoolExecutor.java:1128)
	at java.base/java.util.concurrent.ThreadPoolExecutor$Worker.run(ThreadPoolExecutor.java:628)
	at java.base/java.lang.Thread.run(Thread.java:829)
Caused by: java.util.concurrent.RejectedExecutionException: Task java.util.concurrent.CompletableFuture$AsyncSupply@3803601d rejected from java.util.concurrent.ThreadPoolExecutor@3ad4e2b[Terminated, pool size = 0, active threads = 0, queued tasks = 0, completed tasks = 198]
	at java.base/jdk.internal.reflect.GeneratedConstructorAccessor7.newInstance(Unknown Source)
	at java.base/jdk.internal.reflect.DelegatingConstructorAccessorImpl.newInstance(DelegatingConstructorAccessorImpl.java:45)
	at java.base/java.lang.reflect.Constructor.newInstance(Constructor.java:490)
	at org.apache.ratis.util.ReflectionUtils.instantiateException(ReflectionUtils.java:259)
	at org.apache.ratis.grpc.GrpcUtil.tryUnwrapException(GrpcUtil.java:120)
	... 13 more
Caused by: org.apache.ratis.thirdparty.io.grpc.StatusRuntimeException: INTERNAL: Task java.util.concurrent.CompletableFuture$AsyncSupply@3803601d rejected from java.util.concurrent.ThreadPoolExecutor@3ad4e2b[Terminated, pool size = 0, active threads = 0, queued tasks = 0, completed tasks = 198]
	at org.apache.ratis.thirdparty.io.grpc.Status.asRuntimeException(Status.java:535)
	... 10 more
	Suppressed: java.lang.IllegalStateException: Failed to cast to class java.io.IOException, object=java.util.concurrent.RejectedExecutionException: Task java.util.concurrent.CompletableFuture$AsyncSupply@3803601d rejected from java.util.concurrent.ThreadPoolExecutor@3ad4e2b[Terminated, pool size = 0, active threads = 0, queued tasks = 0, completed tasks = 198]
	at java.base/java.util.concurrent.ThreadPoolExecutor$AbortPolicy.rejectedExecution(ThreadPoolExecutor.java:2055)
	at java.base/java.util.concurrent.ThreadPoolExecutor.reject(ThreadPoolExecutor.java:825)
	at java.base/java.util.concurrent.ThreadPoolExecutor.execute(ThreadPoolExecutor.java:1355)
	at java.base/java.util.concurrent.CompletableFuture.asyncSupplyStage(CompletableFuture.java:1714)
	at java.base/java.util.concurrent.CompletableFuture.supplyAsync(CompletableFuture.java:1931)
	at org.apache.ratis.server.impl.RaftServerImpl.executeSubmitServerRequestAsync(RaftServerImpl.java:812)
	at org.apache.ratis.server.impl.RaftServerProxy.lambda$appendEntriesAsync$27(RaftServerProxy.java:634)
	at java.base/java.util.concurrent.CompletableFuture.uniComposeStage(CompletableFuture.java:1106)
	at java.base/java.util.concurrent.CompletableFuture.thenCompose(CompletableFuture.java:2235)
	at org.apache.ratis.server.impl.RaftServerProxy.appendEntriesAsync(RaftServerProxy.java:634)
	at org.apache.ratis.grpc.server.GrpcServerProtocolService$1.process(GrpcServerProtocolService.java:219)
	at org.apache.ratis.grpc.server.GrpcServerProtocolService$1.process(GrpcServerProtocolService.java:216)
	at org.apache.ratis.grpc.server.GrpcServerProtocolService$ServerRequestStreamObserver.onNext(GrpcServerProtocolService.java:124)
	at org.apache.ratis.thirdparty.io.grpc.stub.ServerCalls$StreamingServerCallHandler$StreamingServerCallListener.onMessage(ServerCalls.java:262)
	at org.apache.ratis.thirdparty.io.grpc.ForwardingServerCallListener.onMessage(ForwardingServerCallListener.java:33)
	at org.apache.ratis.thirdparty.io.grpc.internal.ServerCallImpl$ServerStreamListenerImpl.messagesAvailableInternal(ServerCallImpl.java:332)
	at org.apache.ratis.thirdparty.io.grpc.internal.ServerCallImpl$ServerStreamListenerImpl.messagesAvailable(ServerCallImpl.java:315)
	at org.apache.ratis.thirdparty.io.grpc.internal.ServerImpl$JumpToApplicationThreadServerStreamListener$1MessagesAvailable.runInContext(ServerImpl.java:834)
	at org.apache.ratis.thirdparty.io.grpc.internal.ContextRunnable.run(ContextRunnable.java:37)
	at org.apache.ratis.thirdparty.io.grpc.internal.SerializingExecutor.run(SerializingExecutor.java:133)
	at java.base/java.util.concurrent.ThreadPoolExecutor.runWorker(ThreadPoolExecutor.java:1128)
	at java.base/java.util.concurrent.ThreadPoolExecutor$Worker.run(ThreadPoolExecutor.java:628)
	at java.base/java.lang.Thread.run(Thread.java:829)

		at org.apache.ratis.util.IOUtils.readObject(IOUtils.java:237)
		at org.apache.ratis.util.IOUtils.bytes2Object(IOUtils.java:214)
		at org.apache.ratis.grpc.GrpcUtil.tryUnwrapException(GrpcUtil.java:109)
		at org.apache.ratis.grpc.GrpcUtil.unwrapThrowable(GrpcUtil.java:82)
		at org.apache.ratis.grpc.GrpcUtil.warn(GrpcUtil.java:178)
		at org.apache.ratis.grpc.server.GrpcLogAppender$AppendLogResponseHandler.onError(GrpcLogAppender.java:405)
		... 10 more
	Caused by: java.lang.ClassCastException: Cannot cast java.util.concurrent.RejectedExecutionException to java.io.IOException
		at java.base/java.lang.Class.cast(Class.java:3605)
		at org.apache.ratis.util.IOUtils.readObject(IOUtils.java:234)
		... 15 more
2022-10-13 10:40:58,599 [grpc-default-executor-1] INFO  leader.FollowerInfo (FollowerInfoImpl.java:lambda$new$0(48)) - s0@group-6905249F38B1->s1: nextIndex: updateUnconditionally 263 -> 259
2022-10-13 10:40:58,635 [grpc-default-executor-1] WARN  server.GrpcServerProtocolService (LogUtils.java:warn(124)) - s1: Failed APPEND_ENTRIES request s0->s1#428-t2,previous=(t:2, i:258),leaderCommit=262,initializing? true,entries: size=4, first=(t:2, i:259), CONFIGURATIONENTRY(current:id: "s0"
address: "localhost:46195"
dataStreamAddress: "localhost:39399"
clientAddress: "localhost:42765"
adminAddress: "localhost:44717"
startupRole: FOLLOWER
,id: "s1"
address: "0.0.0.0:46693"
clientAddress: "0.0.0.0:46693"
adminAddress: "0.0.0.0:46693"
startupRole: FOLLOWER
,id: "s2"
address: "0.0.0.0:36699"
clientAddress: "0.0.0.0:36699"
adminAddress: "0.0.0.0:36699"
startupRole: FOLLOWER
, old:id: "s0"
address: "localhost:46195"
dataStreamAddress: "localhost:39399"
clientAddress: "localhost:42765"
adminAddress: "localhost:44717"
startupRole: FOLLOWER
)
java.util.concurrent.CompletionException: java.util.concurrent.RejectedExecutionException: Task java.util.concurrent.CompletableFuture$AsyncSupply@11c0eb33 rejected from java.util.concurrent.ThreadPoolExecutor@3ad4e2b[Terminated, pool size = 0, active threads = 0, queued tasks = 0, completed tasks = 198]
	at java.base/java.util.concurrent.CompletableFuture.encodeThrowable(CompletableFuture.java:314)
	at java.base/java.util.concurrent.CompletableFuture.uniComposeStage(CompletableFuture.java:1113)
	at java.base/java.util.concurrent.CompletableFuture.thenCompose(CompletableFuture.java:2235)
	at org.apache.ratis.server.impl.RaftServerProxy.appendEntriesAsync(RaftServerProxy.java:634)
	at org.apache.ratis.grpc.server.GrpcServerProtocolService$1.process(GrpcServerProtocolService.java:219)
	at org.apache.ratis.grpc.server.GrpcServerProtocolService$1.process(GrpcServerProtocolService.java:216)
	at org.apache.ratis.grpc.server.GrpcServerProtocolService$ServerRequestStreamObserver.onNext(GrpcServerProtocolService.java:124)
	at org.apache.ratis.thirdparty.io.grpc.stub.ServerCalls$StreamingServerCallHandler$StreamingServerCallListener.onMessage(ServerCalls.java:262)
	at org.apache.ratis.thirdparty.io.grpc.ForwardingServerCallListener.onMessage(ForwardingServerCallListener.java:33)
	at org.apache.ratis.thirdparty.io.grpc.internal.ServerCallImpl$ServerStreamListenerImpl.messagesAvailableInternal(ServerCallImpl.java:332)
	at org.apache.ratis.thirdparty.io.grpc.internal.ServerCallImpl$ServerStreamListenerImpl.messagesAvailable(ServerCallImpl.java:315)
	at org.apache.ratis.thirdparty.io.grpc.internal.ServerImpl$JumpToApplicationThreadServerStreamListener$1MessagesAvailable.runInContext(ServerImpl.java:834)
	at org.apache.ratis.thirdparty.io.grpc.internal.ContextRunnable.run(ContextRunnable.java:37)
	at org.apache.ratis.thirdparty.io.grpc.internal.SerializingExecutor.run(SerializingExecutor.java:133)
	at java.base/java.util.concurrent.ThreadPoolExecutor.runWorker(ThreadPoolExecutor.java:1128)
	at java.base/java.util.concurrent.ThreadPoolExecutor$Worker.run(ThreadPoolExecutor.java:628)
	at java.base/java.lang.Thread.run(Thread.java:829)
Caused by: java.util.concurrent.RejectedExecutionException: Task java.util.concurrent.CompletableFuture$AsyncSupply@11c0eb33 rejected from java.util.concurrent.ThreadPoolExecutor@3ad4e2b[Terminated, pool size = 0, active threads = 0, queued tasks = 0, completed tasks = 198]
	at java.base/java.util.concurrent.ThreadPoolExecutor$AbortPolicy.rejectedExecution(ThreadPoolExecutor.java:2055)
	at java.base/java.util.concurrent.ThreadPoolExecutor.reject(ThreadPoolExecutor.java:825)
	at java.base/java.util.concurrent.ThreadPoolExecutor.execute(ThreadPoolExecutor.java:1355)
	at java.base/java.util.concurrent.CompletableFuture.asyncSupplyStage(CompletableFuture.java:1714)
	at java.base/java.util.concurrent.CompletableFuture.supplyAsync(CompletableFuture.java:1931)
	at org.apache.ratis.server.impl.RaftServerImpl.executeSubmitServerRequestAsync(RaftServerImpl.java:812)
	at org.apache.ratis.server.impl.RaftServerProxy.lambda$appendEntriesAsync$27(RaftServerProxy.java:634)
	at java.base/java.util.concurrent.CompletableFuture.uniComposeStage(CompletableFuture.java:1106)
	... 15 more
2022-10-13 10:40:58,637 [grpc-default-executor-1] WARN  server.GrpcLogAppender (LogUtils.java:warn(124)) - s0@group-6905249F38B1->s1-AppendLogResponseHandler: Failed appendEntries
java.io.IOException: java.util.concurrent.RejectedExecutionException: Task java.util.concurrent.CompletableFuture$AsyncSupply@11c0eb33 rejected from java.util.concurrent.ThreadPoolExecutor@3ad4e2b[Terminated, pool size = 0, active threads = 0, queued tasks = 0, completed tasks = 198]
	at org.apache.ratis.util.IOUtils.asIOException(IOUtils.java:56)
	at org.apache.ratis.grpc.GrpcUtil.tryUnwrapException(GrpcUtil.java:121)
	at org.apache.ratis.grpc.GrpcUtil.unwrapThrowable(GrpcUtil.java:82)
	at org.apache.ratis.grpc.GrpcUtil.warn(GrpcUtil.java:178)
	at org.apache.ratis.grpc.server.GrpcLogAppender$AppendLogResponseHandler.onError(GrpcLogAppender.java:405)
	at org.apache.ratis.thirdparty.io.grpc.stub.ClientCalls$StreamObserverToCallListenerAdapter.onClose(ClientCalls.java:487)
	at org.apache.ratis.thirdparty.io.grpc.internal.ClientCallImpl.closeObserver(ClientCallImpl.java:562)
	at org.apache.ratis.thirdparty.io.grpc.internal.ClientCallImpl.access$300(ClientCallImpl.java:70)
	at org.apache.ratis.thirdparty.io.grpc.internal.ClientCallImpl$ClientStreamListenerImpl$1StreamClosed.runInternal(ClientCallImpl.java:743)
	at org.apache.ratis.thirdparty.io.grpc.internal.ClientCallImpl$ClientStreamListenerImpl$1StreamClosed.runInContext(ClientCallImpl.java:722)
	at org.apache.ratis.thirdparty.io.grpc.internal.ContextRunnable.run(ContextRunnable.java:37)
	at org.apache.ratis.thirdparty.io.grpc.internal.SerializingExecutor.run(SerializingExecutor.java:133)
	at java.base/java.util.concurrent.ThreadPoolExecutor.runWorker(ThreadPoolExecutor.java:1128)
	at java.base/java.util.concurrent.ThreadPoolExecutor$Worker.run(ThreadPoolExecutor.java:628)
	at java.base/java.lang.Thread.run(Thread.java:829)
Caused by: java.util.concurrent.RejectedExecutionException: Task java.util.concurrent.CompletableFuture$AsyncSupply@11c0eb33 rejected from java.util.concurrent.ThreadPoolExecutor@3ad4e2b[Terminated, pool size = 0, active threads = 0, queued tasks = 0, completed tasks = 198]
	at java.base/jdk.internal.reflect.GeneratedConstructorAccessor7.newInstance(Unknown Source)
	at java.base/jdk.internal.reflect.DelegatingConstructorAccessorImpl.newInstance(DelegatingConstructorAccessorImpl.java:45)
	at java.base/java.lang.reflect.Constructor.newInstance(Constructor.java:490)
	at org.apache.ratis.util.ReflectionUtils.instantiateException(ReflectionUtils.java:259)
	at org.apache.ratis.grpc.GrpcUtil.tryUnwrapException(GrpcUtil.java:120)
	... 13 more
Caused by: org.apache.ratis.thirdparty.io.grpc.StatusRuntimeException: INTERNAL: Task java.util.concurrent.CompletableFuture$AsyncSupply@11c0eb33 rejected from java.util.concurrent.ThreadPoolExecutor@3ad4e2b[Terminated, pool size = 0, active threads = 0, queued tasks = 0, completed tasks = 198]
	at org.apache.ratis.thirdparty.io.grpc.Status.asRuntimeException(Status.java:535)
	... 10 more
	Suppressed: java.lang.IllegalStateException: Failed to cast to class java.io.IOException, object=java.util.concurrent.RejectedExecutionException: Task java.util.concurrent.CompletableFuture$AsyncSupply@11c0eb33 rejected from java.util.concurrent.ThreadPoolExecutor@3ad4e2b[Terminated, pool size = 0, active threads = 0, queued tasks = 0, completed tasks = 198]
	at java.base/java.util.concurrent.ThreadPoolExecutor$AbortPolicy.rejectedExecution(ThreadPoolExecutor.java:2055)
	at java.base/java.util.concurrent.ThreadPoolExecutor.reject(ThreadPoolExecutor.java:825)
	at java.base/java.util.concurrent.ThreadPoolExecutor.execute(ThreadPoolExecutor.java:1355)
	at java.base/java.util.concurrent.CompletableFuture.asyncSupplyStage(CompletableFuture.java:1714)
	at java.base/java.util.concurrent.CompletableFuture.supplyAsync(CompletableFuture.java:1931)
	at org.apache.ratis.server.impl.RaftServerImpl.executeSubmitServerRequestAsync(RaftServerImpl.java:812)
	at org.apache.ratis.server.impl.RaftServerProxy.lambda$appendEntriesAsync$27(RaftServerProxy.java:634)
	at java.base/java.util.concurrent.CompletableFuture.uniComposeStage(CompletableFuture.java:1106)
	at java.base/java.util.concurrent.CompletableFuture.thenCompose(CompletableFuture.java:2235)
	at org.apache.ratis.server.impl.RaftServerProxy.appendEntriesAsync(RaftServerProxy.java:634)
	at org.apache.ratis.grpc.server.GrpcServerProtocolService$1.process(GrpcServerProtocolService.java:219)
	at org.apache.ratis.grpc.server.GrpcServerProtocolService$1.process(GrpcServerProtocolService.java:216)
	at org.apache.ratis.grpc.server.GrpcServerProtocolService$ServerRequestStreamObserver.onNext(GrpcServerProtocolService.java:124)
	at org.apache.ratis.thirdparty.io.grpc.stub.ServerCalls$StreamingServerCallHandler$StreamingServerCallListener.onMessage(ServerCalls.java:262)
	at org.apache.ratis.thirdparty.io.grpc.ForwardingServerCallListener.onMessage(ForwardingServerCallListener.java:33)
	at org.apache.ratis.thirdparty.io.grpc.internal.ServerCallImpl$ServerStreamListenerImpl.messagesAvailableInternal(ServerCallImpl.java:332)
	at org.apache.ratis.thirdparty.io.grpc.internal.ServerCallImpl$ServerStreamListenerImpl.messagesAvailable(ServerCallImpl.java:315)
	at org.apache.ratis.thirdparty.io.grpc.internal.ServerImpl$JumpToApplicationThreadServerStreamListener$1MessagesAvailable.runInContext(ServerImpl.java:834)
	at org.apache.ratis.thirdparty.io.grpc.internal.ContextRunnable.run(ContextRunnable.java:37)
	at org.apache.ratis.thirdparty.io.grpc.internal.SerializingExecutor.run(SerializingExecutor.java:133)
	at java.base/java.util.concurrent.ThreadPoolExecutor.runWorker(ThreadPoolExecutor.java:1128)
	at java.base/java.util.concurrent.ThreadPoolExecutor$Worker.run(ThreadPoolExecutor.java:628)
	at java.base/java.lang.Thread.run(Thread.java:829)

		at org.apache.ratis.util.IOUtils.readObject(IOUtils.java:237)
		at org.apache.ratis.util.IOUtils.bytes2Object(IOUtils.java:214)
		at org.apache.ratis.grpc.GrpcUtil.tryUnwrapException(GrpcUtil.java:109)
		at org.apache.ratis.grpc.GrpcUtil.unwrapThrowable(GrpcUtil.java:82)
		at org.apache.ratis.grpc.GrpcUtil.warn(GrpcUtil.java:178)
		at org.apache.ratis.grpc.server.GrpcLogAppender$AppendLogResponseHandler.onError(GrpcLogAppender.java:405)
		... 10 more
	Caused by: java.lang.ClassCastException: Cannot cast java.util.concurrent.RejectedExecutionException to java.io.IOException
		at java.base/java.lang.Class.cast(Class.java:3605)
		at org.apache.ratis.util.IOUtils.readObject(IOUtils.java:234)
		... 15 more
2022-10-13 10:40:58,637 [grpc-default-executor-1] INFO  leader.FollowerInfo (FollowerInfoImpl.java:lambda$new$0(48)) - s0@group-6905249F38B1->s1: nextIndex: updateUnconditionally 263 -> 259
2022-10-13 10:40:58,641 [Time-limited test] INFO  impl.RaftServerTestUtil (RaftServerTestUtil.java:waitAndCheckNewConf(97)) - waitAndCheckNewConf: peers=[s1|rpc:0.0.0.0:46693|priority:0|startupRole:FOLLOWER, s2|rpc:0.0.0.0:36699|priority:0|startupRole:FOLLOWER, s0|rpc:localhost:46195|admin:localhost:44717|client:localhost:42765|dataStream:localhost:39399|priority:0|startupRole:FOLLOWER], deadPeers=null, printing ALL groups
  s0:  RUNNING    LEADER s0@group-6905249F38B1:t2, leader=s0, voted=s0, raftlog=Memoized:s0@group-6905249F38B1-SegmentedRaftLog:OPENED:c262, conf=261: peers:[s0|rpc:localhost:46195|admin:localhost:44717|client:localhost:42765|dataStream:localhost:39399|priority:0|startupRole:FOLLOWER, s1|rpc:0.0.0.0:46693|dataStream:|priority:0|startupRole:FOLLOWER, s2|rpc:0.0.0.0:36699|dataStream:|priority:0|startupRole:FOLLOWER]|listeners:[], old=null RUNNING
  s1:  RUNNING  FOLLOWER s1@group-6905249F38B1:t2, leader=s0, voted=null, raftlog=Memoized:s1@group-6905249F38B1-SegmentedRaftLog:CLOSED:c254, conf=255: peers:[s0|rpc:localhost:46195|admin:localhost:44717|client:localhost:42765|dataStream:localhost:39399|priority:0|startupRole:FOLLOWER]|listeners:[], old=null CLOSED
  s2:  RUNNING  FOLLOWER s2@group-6905249F38B1:t2, leader=s0, voted=null, raftlog=Memoized:s2@group-6905249F38B1-SegmentedRaftLog:OPENED:c262, conf=261: peers:[s0|rpc:localhost:46195|admin:localhost:44717|client:localhost:42765|dataStream:localhost:39399|priority:0|startupRole:FOLLOWER, s1|rpc:0.0.0.0:46693|dataStream:|priority:0|startupRole:FOLLOWER, s2|rpc:0.0.0.0:36699|dataStream:|priority:0|startupRole:FOLLOWER]|listeners:[], old=null RUNNING
2022-10-13 10:40:58,641 [Time-limited test] INFO  impl.RaftServerTestUtil (RaftServerTestUtil.java:waitAndCheckNewConf(106)) - checking    LEADER s0@group-6905249F38B1:t2, leader=s0, voted=s0, raftlog=Memoized:s0@group-6905249F38B1-SegmentedRaftLog:OPENED:c262, conf=261: peers:[s0|rpc:localhost:46195|admin:localhost:44717|client:localhost:42765|dataStream:localhost:39399|priority:0|startupRole:FOLLOWER, s1|rpc:0.0.0.0:46693|dataStream:|priority:0|startupRole:FOLLOWER, s2|rpc:0.0.0.0:36699|dataStream:|priority:0|startupRole:FOLLOWER]|listeners:[], old=null RUNNING
2022-10-13 10:40:58,641 [Time-limited test] INFO  impl.RaftServerTestUtil (RaftServerTestUtil.java:waitAndCheckNewConf(106)) - checking  FOLLOWER s1@group-6905249F38B1:t2, leader=s0, voted=null, raftlog=Memoized:s1@group-6905249F38B1-SegmentedRaftLog:CLOSED:c254, conf=255: peers:[s0|rpc:localhost:46195|admin:localhost:44717|client:localhost:42765|dataStream:localhost:39399|priority:0|startupRole:FOLLOWER]|listeners:[], old=null CLOSED
2022-10-13 10:40:58,641 [Time-limited test] WARN  impl.RaftServerTestUtil (JavaUtils.java:attempt(217)) - FAILED "waitAndCheckNewConf", attempt #8/10: java.lang.AssertionError, sleep 600ms and then retry.
java.lang.AssertionError
	at org.junit.Assert.fail(Assert.java:87)
	at org.junit.Assert.assertTrue(Assert.java:42)
	at org.junit.Assert.assertTrue(Assert.java:53)
	at org.apache.ratis.server.impl.RaftServerTestUtil.waitAndCheckNewConf(RaftServerTestUtil.java:117)
	at org.apache.ratis.server.impl.RaftServerTestUtil.lambda$waitAndCheckNewConf$3(RaftServerTestUtil.java:92)
	at org.apache.ratis.util.function.CheckedRunnable.lambda$asCheckedSupplier$0(CheckedRunnable.java:32)
	at org.apache.ratis.util.JavaUtils.attempt(JavaUtils.java:211)
	at org.apache.ratis.util.JavaUtils.attemptRepeatedly(JavaUtils.java:197)
	at org.apache.ratis.util.JavaUtils.attempt(JavaUtils.java:231)
	at org.apache.ratis.server.impl.RaftServerTestUtil.waitAndCheckNewConf(RaftServerTestUtil.java:92)
	at org.apache.ratis.InstallSnapshotNotificationTests.testAddNewFollowers(InstallSnapshotNotificationTests.java:236)
	at org.apache.ratis.server.impl.MiniRaftCluster$Factory$Get.runWithNewCluster(MiniRaftCluster.java:141)
	at org.apache.ratis.server.impl.MiniRaftCluster$Factory$Get.runWithNewCluster(MiniRaftCluster.java:121)
	at org.apache.ratis.InstallSnapshotNotificationTests.testAddNewFollowers(InstallSnapshotNotificationTests.java:173)
	at java.base/jdk.internal.reflect.NativeMethodAccessorImpl.invoke0(Native Method)
	at java.base/jdk.internal.reflect.NativeMethodAccessorImpl.invoke(NativeMethodAccessorImpl.java:62)
	at java.base/jdk.internal.reflect.DelegatingMethodAccessorImpl.invoke(DelegatingMethodAccessorImpl.java:43)
	at java.base/java.lang.reflect.Method.invoke(Method.java:566)
	at org.junit.runners.model.FrameworkMethod$1.runReflectiveCall(FrameworkMethod.java:59)
	at org.junit.internal.runners.model.ReflectiveCallable.run(ReflectiveCallable.java:12)
	at org.junit.runners.model.FrameworkMethod.invokeExplosively(FrameworkMethod.java:56)
	at org.junit.internal.runners.statements.InvokeMethod.evaluate(InvokeMethod.java:17)
	at org.junit.internal.runners.statements.RunAfters.evaluate(RunAfters.java:27)
	at org.junit.internal.runners.statements.FailOnTimeout$CallableStatement.call(FailOnTimeout.java:299)
	at org.junit.internal.runners.statements.FailOnTimeout$CallableStatement.call(FailOnTimeout.java:293)
	at java.base/java.util.concurrent.FutureTask.run(FutureTask.java:264)
	at java.base/java.lang.Thread.run(Thread.java:829)
2022-10-13 10:40:58,673 [grpc-default-executor-1] WARN  server.GrpcServerProtocolService (LogUtils.java:warn(124)) - s1: Failed APPEND_ENTRIES request s0->s1#430-t2,previous=(t:2, i:258),leaderCommit=262,initializing? true,entries: size=4, first=(t:2, i:259), CONFIGURATIONENTRY(current:id: "s0"
address: "localhost:46195"
dataStreamAddress: "localhost:39399"
clientAddress: "localhost:42765"
adminAddress: "localhost:44717"
startupRole: FOLLOWER
,id: "s1"
address: "0.0.0.0:46693"
clientAddress: "0.0.0.0:46693"
adminAddress: "0.0.0.0:46693"
startupRole: FOLLOWER
,id: "s2"
address: "0.0.0.0:36699"
clientAddress: "0.0.0.0:36699"
adminAddress: "0.0.0.0:36699"
startupRole: FOLLOWER
, old:id: "s0"
address: "localhost:46195"
dataStreamAddress: "localhost:39399"
clientAddress: "localhost:42765"
adminAddress: "localhost:44717"
startupRole: FOLLOWER
)
java.util.concurrent.CompletionException: java.util.concurrent.RejectedExecutionException: Task java.util.concurrent.CompletableFuture$AsyncSupply@292f8cd7 rejected from java.util.concurrent.ThreadPoolExecutor@3ad4e2b[Terminated, pool size = 0, active threads = 0, queued tasks = 0, completed tasks = 198]
	at java.base/java.util.concurrent.CompletableFuture.encodeThrowable(CompletableFuture.java:314)
	at java.base/java.util.concurrent.CompletableFuture.uniComposeStage(CompletableFuture.java:1113)
	at java.base/java.util.concurrent.CompletableFuture.thenCompose(CompletableFuture.java:2235)
	at org.apache.ratis.server.impl.RaftServerProxy.appendEntriesAsync(RaftServerProxy.java:634)
	at org.apache.ratis.grpc.server.GrpcServerProtocolService$1.process(GrpcServerProtocolService.java:219)
	at org.apache.ratis.grpc.server.GrpcServerProtocolService$1.process(GrpcServerProtocolService.java:216)
	at org.apache.ratis.grpc.server.GrpcServerProtocolService$ServerRequestStreamObserver.onNext(GrpcServerProtocolService.java:124)
	at org.apache.ratis.thirdparty.io.grpc.stub.ServerCalls$StreamingServerCallHandler$StreamingServerCallListener.onMessage(ServerCalls.java:262)
	at org.apache.ratis.thirdparty.io.grpc.ForwardingServerCallListener.onMessage(ForwardingServerCallListener.java:33)
	at org.apache.ratis.thirdparty.io.grpc.internal.ServerCallImpl$ServerStreamListenerImpl.messagesAvailableInternal(ServerCallImpl.java:332)
	at org.apache.ratis.thirdparty.io.grpc.internal.ServerCallImpl$ServerStreamListenerImpl.messagesAvailable(ServerCallImpl.java:315)
	at org.apache.ratis.thirdparty.io.grpc.internal.ServerImpl$JumpToApplicationThreadServerStreamListener$1MessagesAvailable.runInContext(ServerImpl.java:834)
	at org.apache.ratis.thirdparty.io.grpc.internal.ContextRunnable.run(ContextRunnable.java:37)
	at org.apache.ratis.thirdparty.io.grpc.internal.SerializingExecutor.run(SerializingExecutor.java:133)
	at java.base/java.util.concurrent.ThreadPoolExecutor.runWorker(ThreadPoolExecutor.java:1128)
	at java.base/java.util.concurrent.ThreadPoolExecutor$Worker.run(ThreadPoolExecutor.java:628)
	at java.base/java.lang.Thread.run(Thread.java:829)
Caused by: java.util.concurrent.RejectedExecutionException: Task java.util.concurrent.CompletableFuture$AsyncSupply@292f8cd7 rejected from java.util.concurrent.ThreadPoolExecutor@3ad4e2b[Terminated, pool size = 0, active threads = 0, queued tasks = 0, completed tasks = 198]
	at java.base/java.util.concurrent.ThreadPoolExecutor$AbortPolicy.rejectedExecution(ThreadPoolExecutor.java:2055)
	at java.base/java.util.concurrent.ThreadPoolExecutor.reject(ThreadPoolExecutor.java:825)
	at java.base/java.util.concurrent.ThreadPoolExecutor.execute(ThreadPoolExecutor.java:1355)
	at java.base/java.util.concurrent.CompletableFuture.asyncSupplyStage(CompletableFuture.java:1714)
	at java.base/java.util.concurrent.CompletableFuture.supplyAsync(CompletableFuture.java:1931)
	at org.apache.ratis.server.impl.RaftServerImpl.executeSubmitServerRequestAsync(RaftServerImpl.java:812)
	at org.apache.ratis.server.impl.RaftServerProxy.lambda$appendEntriesAsync$27(RaftServerProxy.java:634)
	at java.base/java.util.concurrent.CompletableFuture.uniComposeStage(CompletableFuture.java:1106)
	... 15 more
2022-10-13 10:40:58,675 [grpc-default-executor-3] WARN  server.GrpcLogAppender (LogUtils.java:warn(124)) - s0@group-6905249F38B1->s1-AppendLogResponseHandler: Failed appendEntries
java.io.IOException: java.util.concurrent.RejectedExecutionException: Task java.util.concurrent.CompletableFuture$AsyncSupply@292f8cd7 rejected from java.util.concurrent.ThreadPoolExecutor@3ad4e2b[Terminated, pool size = 0, active threads = 0, queued tasks = 0, completed tasks = 198]
	at org.apache.ratis.util.IOUtils.asIOException(IOUtils.java:56)
	at org.apache.ratis.grpc.GrpcUtil.tryUnwrapException(GrpcUtil.java:121)
	at org.apache.ratis.grpc.GrpcUtil.unwrapThrowable(GrpcUtil.java:82)
	at org.apache.ratis.grpc.GrpcUtil.warn(GrpcUtil.java:178)
	at org.apache.ratis.grpc.server.GrpcLogAppender$AppendLogResponseHandler.onError(GrpcLogAppender.java:405)
	at org.apache.ratis.thirdparty.io.grpc.stub.ClientCalls$StreamObserverToCallListenerAdapter.onClose(ClientCalls.java:487)
	at org.apache.ratis.thirdparty.io.grpc.internal.ClientCallImpl.closeObserver(ClientCallImpl.java:562)
	at org.apache.ratis.thirdparty.io.grpc.internal.ClientCallImpl.access$300(ClientCallImpl.java:70)
	at org.apache.ratis.thirdparty.io.grpc.internal.ClientCallImpl$ClientStreamListenerImpl$1StreamClosed.runInternal(ClientCallImpl.java:743)
	at org.apache.ratis.thirdparty.io.grpc.internal.ClientCallImpl$ClientStreamListenerImpl$1StreamClosed.runInContext(ClientCallImpl.java:722)
	at org.apache.ratis.thirdparty.io.grpc.internal.ContextRunnable.run(ContextRunnable.java:37)
	at org.apache.ratis.thirdparty.io.grpc.internal.SerializingExecutor.run(SerializingExecutor.java:133)
	at java.base/java.util.concurrent.ThreadPoolExecutor.runWorker(ThreadPoolExecutor.java:1128)
	at java.base/java.util.concurrent.ThreadPoolExecutor$Worker.run(ThreadPoolExecutor.java:628)
	at java.base/java.lang.Thread.run(Thread.java:829)
Caused by: java.util.concurrent.RejectedExecutionException: Task java.util.concurrent.CompletableFuture$AsyncSupply@292f8cd7 rejected from java.util.concurrent.ThreadPoolExecutor@3ad4e2b[Terminated, pool size = 0, active threads = 0, queued tasks = 0, completed tasks = 198]
	at java.base/jdk.internal.reflect.GeneratedConstructorAccessor7.newInstance(Unknown Source)
	at java.base/jdk.internal.reflect.DelegatingConstructorAccessorImpl.newInstance(DelegatingConstructorAccessorImpl.java:45)
	at java.base/java.lang.reflect.Constructor.newInstance(Constructor.java:490)
	at org.apache.ratis.util.ReflectionUtils.instantiateException(ReflectionUtils.java:259)
	at org.apache.ratis.grpc.GrpcUtil.tryUnwrapException(GrpcUtil.java:120)
	... 13 more
Caused by: org.apache.ratis.thirdparty.io.grpc.StatusRuntimeException: INTERNAL: Task java.util.concurrent.CompletableFuture$AsyncSupply@292f8cd7 rejected from java.util.concurrent.ThreadPoolExecutor@3ad4e2b[Terminated, pool size = 0, active threads = 0, queued tasks = 0, completed tasks = 198]
	at org.apache.ratis.thirdparty.io.grpc.Status.asRuntimeException(Status.java:535)
	... 10 more
	Suppressed: java.lang.IllegalStateException: Failed to cast to class java.io.IOException, object=java.util.concurrent.RejectedExecutionException: Task java.util.concurrent.CompletableFuture$AsyncSupply@292f8cd7 rejected from java.util.concurrent.ThreadPoolExecutor@3ad4e2b[Terminated, pool size = 0, active threads = 0, queued tasks = 0, completed tasks = 198]
	at java.base/java.util.concurrent.ThreadPoolExecutor$AbortPolicy.rejectedExecution(ThreadPoolExecutor.java:2055)
	at java.base/java.util.concurrent.ThreadPoolExecutor.reject(ThreadPoolExecutor.java:825)
	at java.base/java.util.concurrent.ThreadPoolExecutor.execute(ThreadPoolExecutor.java:1355)
	at java.base/java.util.concurrent.CompletableFuture.asyncSupplyStage(CompletableFuture.java:1714)
	at java.base/java.util.concurrent.CompletableFuture.supplyAsync(CompletableFuture.java:1931)
	at org.apache.ratis.server.impl.RaftServerImpl.executeSubmitServerRequestAsync(RaftServerImpl.java:812)
	at org.apache.ratis.server.impl.RaftServerProxy.lambda$appendEntriesAsync$27(RaftServerProxy.java:634)
	at java.base/java.util.concurrent.CompletableFuture.uniComposeStage(CompletableFuture.java:1106)
	at java.base/java.util.concurrent.CompletableFuture.thenCompose(CompletableFuture.java:2235)
	at org.apache.ratis.server.impl.RaftServerProxy.appendEntriesAsync(RaftServerProxy.java:634)
	at org.apache.ratis.grpc.server.GrpcServerProtocolService$1.process(GrpcServerProtocolService.java:219)
	at org.apache.ratis.grpc.server.GrpcServerProtocolService$1.process(GrpcServerProtocolService.java:216)
	at org.apache.ratis.grpc.server.GrpcServerProtocolService$ServerRequestStreamObserver.onNext(GrpcServerProtocolService.java:124)
	at org.apache.ratis.thirdparty.io.grpc.stub.ServerCalls$StreamingServerCallHandler$StreamingServerCallListener.onMessage(ServerCalls.java:262)
	at org.apache.ratis.thirdparty.io.grpc.ForwardingServerCallListener.onMessage(ForwardingServerCallListener.java:33)
	at org.apache.ratis.thirdparty.io.grpc.internal.ServerCallImpl$ServerStreamListenerImpl.messagesAvailableInternal(ServerCallImpl.java:332)
	at org.apache.ratis.thirdparty.io.grpc.internal.ServerCallImpl$ServerStreamListenerImpl.messagesAvailable(ServerCallImpl.java:315)
	at org.apache.ratis.thirdparty.io.grpc.internal.ServerImpl$JumpToApplicationThreadServerStreamListener$1MessagesAvailable.runInContext(ServerImpl.java:834)
	at org.apache.ratis.thirdparty.io.grpc.internal.ContextRunnable.run(ContextRunnable.java:37)
	at org.apache.ratis.thirdparty.io.grpc.internal.SerializingExecutor.run(SerializingExecutor.java:133)
	at java.base/java.util.concurrent.ThreadPoolExecutor.runWorker(ThreadPoolExecutor.java:1128)
	at java.base/java.util.concurrent.ThreadPoolExecutor$Worker.run(ThreadPoolExecutor.java:628)
	at java.base/java.lang.Thread.run(Thread.java:829)

		at org.apache.ratis.util.IOUtils.readObject(IOUtils.java:237)
		at org.apache.ratis.util.IOUtils.bytes2Object(IOUtils.java:214)
		at org.apache.ratis.grpc.GrpcUtil.tryUnwrapException(GrpcUtil.java:109)
		at org.apache.ratis.grpc.GrpcUtil.unwrapThrowable(GrpcUtil.java:82)
		at org.apache.ratis.grpc.GrpcUtil.warn(GrpcUtil.java:178)
		at org.apache.ratis.grpc.server.GrpcLogAppender$AppendLogResponseHandler.onError(GrpcLogAppender.java:405)
		... 10 more
	Caused by: java.lang.ClassCastException: Cannot cast java.util.concurrent.RejectedExecutionException to java.io.IOException
		at java.base/java.lang.Class.cast(Class.java:3605)
		at org.apache.ratis.util.IOUtils.readObject(IOUtils.java:234)
		... 15 more
2022-10-13 10:40:58,675 [grpc-default-executor-3] INFO  leader.FollowerInfo (FollowerInfoImpl.java:lambda$new$0(48)) - s0@group-6905249F38B1->s1: nextIndex: updateUnconditionally 263 -> 259
2022-10-13 10:40:58,710 [grpc-default-executor-3] WARN  server.GrpcServerProtocolService (LogUtils.java:warn(124)) - s1: Failed APPEND_ENTRIES request s0->s1#432-t2,previous=(t:2, i:258),leaderCommit=262,initializing? true,entries: size=4, first=(t:2, i:259), CONFIGURATIONENTRY(current:id: "s0"
address: "localhost:46195"
dataStreamAddress: "localhost:39399"
clientAddress: "localhost:42765"
adminAddress: "localhost:44717"
startupRole: FOLLOWER
,id: "s1"
address: "0.0.0.0:46693"
clientAddress: "0.0.0.0:46693"
adminAddress: "0.0.0.0:46693"
startupRole: FOLLOWER
,id: "s2"
address: "0.0.0.0:36699"
clientAddress: "0.0.0.0:36699"
adminAddress: "0.0.0.0:36699"
startupRole: FOLLOWER
, old:id: "s0"
address: "localhost:46195"
dataStreamAddress: "localhost:39399"
clientAddress: "localhost:42765"
adminAddress: "localhost:44717"
startupRole: FOLLOWER
)
java.util.concurrent.CompletionException: java.util.concurrent.RejectedExecutionException: Task java.util.concurrent.CompletableFuture$AsyncSupply@1e305805 rejected from java.util.concurrent.ThreadPoolExecutor@3ad4e2b[Terminated, pool size = 0, active threads = 0, queued tasks = 0, completed tasks = 198]
	at java.base/java.util.concurrent.CompletableFuture.encodeThrowable(CompletableFuture.java:314)
	at java.base/java.util.concurrent.CompletableFuture.uniComposeStage(CompletableFuture.java:1113)
	at java.base/java.util.concurrent.CompletableFuture.thenCompose(CompletableFuture.java:2235)
	at org.apache.ratis.server.impl.RaftServerProxy.appendEntriesAsync(RaftServerProxy.java:634)
	at org.apache.ratis.grpc.server.GrpcServerProtocolService$1.process(GrpcServerProtocolService.java:219)
	at org.apache.ratis.grpc.server.GrpcServerProtocolService$1.process(GrpcServerProtocolService.java:216)
	at org.apache.ratis.grpc.server.GrpcServerProtocolService$ServerRequestStreamObserver.onNext(GrpcServerProtocolService.java:124)
	at org.apache.ratis.thirdparty.io.grpc.stub.ServerCalls$StreamingServerCallHandler$StreamingServerCallListener.onMessage(ServerCalls.java:262)
	at org.apache.ratis.thirdparty.io.grpc.ForwardingServerCallListener.onMessage(ForwardingServerCallListener.java:33)
	at org.apache.ratis.thirdparty.io.grpc.internal.ServerCallImpl$ServerStreamListenerImpl.messagesAvailableInternal(ServerCallImpl.java:332)
	at org.apache.ratis.thirdparty.io.grpc.internal.ServerCallImpl$ServerStreamListenerImpl.messagesAvailable(ServerCallImpl.java:315)
	at org.apache.ratis.thirdparty.io.grpc.internal.ServerImpl$JumpToApplicationThreadServerStreamListener$1MessagesAvailable.runInContext(ServerImpl.java:834)
	at org.apache.ratis.thirdparty.io.grpc.internal.ContextRunnable.run(ContextRunnable.java:37)
	at org.apache.ratis.thirdparty.io.grpc.internal.SerializingExecutor.run(SerializingExecutor.java:133)
	at java.base/java.util.concurrent.ThreadPoolExecutor.runWorker(ThreadPoolExecutor.java:1128)
	at java.base/java.util.concurrent.ThreadPoolExecutor$Worker.run(ThreadPoolExecutor.java:628)
	at java.base/java.lang.Thread.run(Thread.java:829)
Caused by: java.util.concurrent.RejectedExecutionException: Task java.util.concurrent.CompletableFuture$AsyncSupply@1e305805 rejected from java.util.concurrent.ThreadPoolExecutor@3ad4e2b[Terminated, pool size = 0, active threads = 0, queued tasks = 0, completed tasks = 198]
	at java.base/java.util.concurrent.ThreadPoolExecutor$AbortPolicy.rejectedExecution(ThreadPoolExecutor.java:2055)
	at java.base/java.util.concurrent.ThreadPoolExecutor.reject(ThreadPoolExecutor.java:825)
	at java.base/java.util.concurrent.ThreadPoolExecutor.execute(ThreadPoolExecutor.java:1355)
	at java.base/java.util.concurrent.CompletableFuture.asyncSupplyStage(CompletableFuture.java:1714)
	at java.base/java.util.concurrent.CompletableFuture.supplyAsync(CompletableFuture.java:1931)
	at org.apache.ratis.server.impl.RaftServerImpl.executeSubmitServerRequestAsync(RaftServerImpl.java:812)
	at org.apache.ratis.server.impl.RaftServerProxy.lambda$appendEntriesAsync$27(RaftServerProxy.java:634)
	at java.base/java.util.concurrent.CompletableFuture.uniComposeStage(CompletableFuture.java:1106)
	... 15 more
2022-10-13 10:40:58,712 [grpc-default-executor-1] WARN  server.GrpcLogAppender (LogUtils.java:warn(124)) - s0@group-6905249F38B1->s1-AppendLogResponseHandler: Failed appendEntries
java.io.IOException: java.util.concurrent.RejectedExecutionException: Task java.util.concurrent.CompletableFuture$AsyncSupply@1e305805 rejected from java.util.concurrent.ThreadPoolExecutor@3ad4e2b[Terminated, pool size = 0, active threads = 0, queued tasks = 0, completed tasks = 198]
	at org.apache.ratis.util.IOUtils.asIOException(IOUtils.java:56)
	at org.apache.ratis.grpc.GrpcUtil.tryUnwrapException(GrpcUtil.java:121)
	at org.apache.ratis.grpc.GrpcUtil.unwrapThrowable(GrpcUtil.java:82)
	at org.apache.ratis.grpc.GrpcUtil.warn(GrpcUtil.java:178)
	at org.apache.ratis.grpc.server.GrpcLogAppender$AppendLogResponseHandler.onError(GrpcLogAppender.java:405)
	at org.apache.ratis.thirdparty.io.grpc.stub.ClientCalls$StreamObserverToCallListenerAdapter.onClose(ClientCalls.java:487)
	at org.apache.ratis.thirdparty.io.grpc.internal.ClientCallImpl.closeObserver(ClientCallImpl.java:562)
	at org.apache.ratis.thirdparty.io.grpc.internal.ClientCallImpl.access$300(ClientCallImpl.java:70)
	at org.apache.ratis.thirdparty.io.grpc.internal.ClientCallImpl$ClientStreamListenerImpl$1StreamClosed.runInternal(ClientCallImpl.java:743)
	at org.apache.ratis.thirdparty.io.grpc.internal.ClientCallImpl$ClientStreamListenerImpl$1StreamClosed.runInContext(ClientCallImpl.java:722)
	at org.apache.ratis.thirdparty.io.grpc.internal.ContextRunnable.run(ContextRunnable.java:37)
	at org.apache.ratis.thirdparty.io.grpc.internal.SerializingExecutor.run(SerializingExecutor.java:133)
	at java.base/java.util.concurrent.ThreadPoolExecutor.runWorker(ThreadPoolExecutor.java:1128)
	at java.base/java.util.concurrent.ThreadPoolExecutor$Worker.run(ThreadPoolExecutor.java:628)
	at java.base/java.lang.Thread.run(Thread.java:829)
Caused by: java.util.concurrent.RejectedExecutionException: Task java.util.concurrent.CompletableFuture$AsyncSupply@1e305805 rejected from java.util.concurrent.ThreadPoolExecutor@3ad4e2b[Terminated, pool size = 0, active threads = 0, queued tasks = 0, completed tasks = 198]
	at java.base/jdk.internal.reflect.GeneratedConstructorAccessor7.newInstance(Unknown Source)
	at java.base/jdk.internal.reflect.DelegatingConstructorAccessorImpl.newInstance(DelegatingConstructorAccessorImpl.java:45)
	at java.base/java.lang.reflect.Constructor.newInstance(Constructor.java:490)
	at org.apache.ratis.util.ReflectionUtils.instantiateException(ReflectionUtils.java:259)
	at org.apache.ratis.grpc.GrpcUtil.tryUnwrapException(GrpcUtil.java:120)
	... 13 more
Caused by: org.apache.ratis.thirdparty.io.grpc.StatusRuntimeException: INTERNAL: Task java.util.concurrent.CompletableFuture$AsyncSupply@1e305805 rejected from java.util.concurrent.ThreadPoolExecutor@3ad4e2b[Terminated, pool size = 0, active threads = 0, queued tasks = 0, completed tasks = 198]
	at org.apache.ratis.thirdparty.io.grpc.Status.asRuntimeException(Status.java:535)
	... 10 more
	Suppressed: java.lang.IllegalStateException: Failed to cast to class java.io.IOException, object=java.util.concurrent.RejectedExecutionException: Task java.util.concurrent.CompletableFuture$AsyncSupply@1e305805 rejected from java.util.concurrent.ThreadPoolExecutor@3ad4e2b[Terminated, pool size = 0, active threads = 0, queued tasks = 0, completed tasks = 198]
	at java.base/java.util.concurrent.ThreadPoolExecutor$AbortPolicy.rejectedExecution(ThreadPoolExecutor.java:2055)
	at java.base/java.util.concurrent.ThreadPoolExecutor.reject(ThreadPoolExecutor.java:825)
	at java.base/java.util.concurrent.ThreadPoolExecutor.execute(ThreadPoolExecutor.java:1355)
	at java.base/java.util.concurrent.CompletableFuture.asyncSupplyStage(CompletableFuture.java:1714)
	at java.base/java.util.concurrent.CompletableFuture.supplyAsync(CompletableFuture.java:1931)
	at org.apache.ratis.server.impl.RaftServerImpl.executeSubmitServerRequestAsync(RaftServerImpl.java:812)
	at org.apache.ratis.server.impl.RaftServerProxy.lambda$appendEntriesAsync$27(RaftServerProxy.java:634)
	at java.base/java.util.concurrent.CompletableFuture.uniComposeStage(CompletableFuture.java:1106)
	at java.base/java.util.concurrent.CompletableFuture.thenCompose(CompletableFuture.java:2235)
	at org.apache.ratis.server.impl.RaftServerProxy.appendEntriesAsync(RaftServerProxy.java:634)
	at org.apache.ratis.grpc.server.GrpcServerProtocolService$1.process(GrpcServerProtocolService.java:219)
	at org.apache.ratis.grpc.server.GrpcServerProtocolService$1.process(GrpcServerProtocolService.java:216)
	at org.apache.ratis.grpc.server.GrpcServerProtocolService$ServerRequestStreamObserver.onNext(GrpcServerProtocolService.java:124)
	at org.apache.ratis.thirdparty.io.grpc.stub.ServerCalls$StreamingServerCallHandler$StreamingServerCallListener.onMessage(ServerCalls.java:262)
	at org.apache.ratis.thirdparty.io.grpc.ForwardingServerCallListener.onMessage(ForwardingServerCallListener.java:33)
	at org.apache.ratis.thirdparty.io.grpc.internal.ServerCallImpl$ServerStreamListenerImpl.messagesAvailableInternal(ServerCallImpl.java:332)
	at org.apache.ratis.thirdparty.io.grpc.internal.ServerCallImpl$ServerStreamListenerImpl.messagesAvailable(ServerCallImpl.java:315)
	at org.apache.ratis.thirdparty.io.grpc.internal.ServerImpl$JumpToApplicationThreadServerStreamListener$1MessagesAvailable.runInContext(ServerImpl.java:834)
	at org.apache.ratis.thirdparty.io.grpc.internal.ContextRunnable.run(ContextRunnable.java:37)
	at org.apache.ratis.thirdparty.io.grpc.internal.SerializingExecutor.run(SerializingExecutor.java:133)
	at java.base/java.util.concurrent.ThreadPoolExecutor.runWorker(ThreadPoolExecutor.java:1128)
	at java.base/java.util.concurrent.ThreadPoolExecutor$Worker.run(ThreadPoolExecutor.java:628)
	at java.base/java.lang.Thread.run(Thread.java:829)

		at org.apache.ratis.util.IOUtils.readObject(IOUtils.java:237)
		at org.apache.ratis.util.IOUtils.bytes2Object(IOUtils.java:214)
		at org.apache.ratis.grpc.GrpcUtil.tryUnwrapException(GrpcUtil.java:109)
		at org.apache.ratis.grpc.GrpcUtil.unwrapThrowable(GrpcUtil.java:82)
		at org.apache.ratis.grpc.GrpcUtil.warn(GrpcUtil.java:178)
		at org.apache.ratis.grpc.server.GrpcLogAppender$AppendLogResponseHandler.onError(GrpcLogAppender.java:405)
		... 10 more
	Caused by: java.lang.ClassCastException: Cannot cast java.util.concurrent.RejectedExecutionException to java.io.IOException
		at java.base/java.lang.Class.cast(Class.java:3605)
		at org.apache.ratis.util.IOUtils.readObject(IOUtils.java:234)
		... 15 more
2022-10-13 10:40:58,713 [grpc-default-executor-1] INFO  leader.FollowerInfo (FollowerInfoImpl.java:lambda$new$0(48)) - s0@group-6905249F38B1->s1: nextIndex: updateUnconditionally 263 -> 259
2022-10-13 10:40:58,748 [grpc-default-executor-0] WARN  server.GrpcServerProtocolService (LogUtils.java:warn(124)) - s1: Failed APPEND_ENTRIES request s0->s1#434-t2,previous=(t:2, i:258),leaderCommit=262,initializing? true,entries: size=4, first=(t:2, i:259), CONFIGURATIONENTRY(current:id: "s0"
address: "localhost:46195"
dataStreamAddress: "localhost:39399"
clientAddress: "localhost:42765"
adminAddress: "localhost:44717"
startupRole: FOLLOWER
,id: "s1"
address: "0.0.0.0:46693"
clientAddress: "0.0.0.0:46693"
adminAddress: "0.0.0.0:46693"
startupRole: FOLLOWER
,id: "s2"
address: "0.0.0.0:36699"
clientAddress: "0.0.0.0:36699"
adminAddress: "0.0.0.0:36699"
startupRole: FOLLOWER
, old:id: "s0"
address: "localhost:46195"
dataStreamAddress: "localhost:39399"
clientAddress: "localhost:42765"
adminAddress: "localhost:44717"
startupRole: FOLLOWER
)
java.util.concurrent.CompletionException: java.util.concurrent.RejectedExecutionException: Task java.util.concurrent.CompletableFuture$AsyncSupply@636fa1ab rejected from java.util.concurrent.ThreadPoolExecutor@3ad4e2b[Terminated, pool size = 0, active threads = 0, queued tasks = 0, completed tasks = 198]
	at java.base/java.util.concurrent.CompletableFuture.encodeThrowable(CompletableFuture.java:314)
	at java.base/java.util.concurrent.CompletableFuture.uniComposeStage(CompletableFuture.java:1113)
	at java.base/java.util.concurrent.CompletableFuture.thenCompose(CompletableFuture.java:2235)
	at org.apache.ratis.server.impl.RaftServerProxy.appendEntriesAsync(RaftServerProxy.java:634)
	at org.apache.ratis.grpc.server.GrpcServerProtocolService$1.process(GrpcServerProtocolService.java:219)
	at org.apache.ratis.grpc.server.GrpcServerProtocolService$1.process(GrpcServerProtocolService.java:216)
	at org.apache.ratis.grpc.server.GrpcServerProtocolService$ServerRequestStreamObserver.onNext(GrpcServerProtocolService.java:124)
	at org.apache.ratis.thirdparty.io.grpc.stub.ServerCalls$StreamingServerCallHandler$StreamingServerCallListener.onMessage(ServerCalls.java:262)
	at org.apache.ratis.thirdparty.io.grpc.ForwardingServerCallListener.onMessage(ForwardingServerCallListener.java:33)
	at org.apache.ratis.thirdparty.io.grpc.internal.ServerCallImpl$ServerStreamListenerImpl.messagesAvailableInternal(ServerCallImpl.java:332)
	at org.apache.ratis.thirdparty.io.grpc.internal.ServerCallImpl$ServerStreamListenerImpl.messagesAvailable(ServerCallImpl.java:315)
	at org.apache.ratis.thirdparty.io.grpc.internal.ServerImpl$JumpToApplicationThreadServerStreamListener$1MessagesAvailable.runInContext(ServerImpl.java:834)
	at org.apache.ratis.thirdparty.io.grpc.internal.ContextRunnable.run(ContextRunnable.java:37)
	at org.apache.ratis.thirdparty.io.grpc.internal.SerializingExecutor.run(SerializingExecutor.java:133)
	at java.base/java.util.concurrent.ThreadPoolExecutor.runWorker(ThreadPoolExecutor.java:1128)
	at java.base/java.util.concurrent.ThreadPoolExecutor$Worker.run(ThreadPoolExecutor.java:628)
	at java.base/java.lang.Thread.run(Thread.java:829)
Caused by: java.util.concurrent.RejectedExecutionException: Task java.util.concurrent.CompletableFuture$AsyncSupply@636fa1ab rejected from java.util.concurrent.ThreadPoolExecutor@3ad4e2b[Terminated, pool size = 0, active threads = 0, queued tasks = 0, completed tasks = 198]
	at java.base/java.util.concurrent.ThreadPoolExecutor$AbortPolicy.rejectedExecution(ThreadPoolExecutor.java:2055)
	at java.base/java.util.concurrent.ThreadPoolExecutor.reject(ThreadPoolExecutor.java:825)
	at java.base/java.util.concurrent.ThreadPoolExecutor.execute(ThreadPoolExecutor.java:1355)
	at java.base/java.util.concurrent.CompletableFuture.asyncSupplyStage(CompletableFuture.java:1714)
	at java.base/java.util.concurrent.CompletableFuture.supplyAsync(CompletableFuture.java:1931)
	at org.apache.ratis.server.impl.RaftServerImpl.executeSubmitServerRequestAsync(RaftServerImpl.java:812)
	at org.apache.ratis.server.impl.RaftServerProxy.lambda$appendEntriesAsync$27(RaftServerProxy.java:634)
	at java.base/java.util.concurrent.CompletableFuture.uniComposeStage(CompletableFuture.java:1106)
	... 15 more
2022-10-13 10:40:58,750 [grpc-default-executor-1] WARN  server.GrpcLogAppender (LogUtils.java:warn(124)) - s0@group-6905249F38B1->s1-AppendLogResponseHandler: Failed appendEntries
java.io.IOException: java.util.concurrent.RejectedExecutionException: Task java.util.concurrent.CompletableFuture$AsyncSupply@636fa1ab rejected from java.util.concurrent.ThreadPoolExecutor@3ad4e2b[Terminated, pool size = 0, active threads = 0, queued tasks = 0, completed tasks = 198]
	at org.apache.ratis.util.IOUtils.asIOException(IOUtils.java:56)
	at org.apache.ratis.grpc.GrpcUtil.tryUnwrapException(GrpcUtil.java:121)
	at org.apache.ratis.grpc.GrpcUtil.unwrapThrowable(GrpcUtil.java:82)
	at org.apache.ratis.grpc.GrpcUtil.warn(GrpcUtil.java:178)
	at org.apache.ratis.grpc.server.GrpcLogAppender$AppendLogResponseHandler.onError(GrpcLogAppender.java:405)
	at org.apache.ratis.thirdparty.io.grpc.stub.ClientCalls$StreamObserverToCallListenerAdapter.onClose(ClientCalls.java:487)
	at org.apache.ratis.thirdparty.io.grpc.internal.ClientCallImpl.closeObserver(ClientCallImpl.java:562)
	at org.apache.ratis.thirdparty.io.grpc.internal.ClientCallImpl.access$300(ClientCallImpl.java:70)
	at org.apache.ratis.thirdparty.io.grpc.internal.ClientCallImpl$ClientStreamListenerImpl$1StreamClosed.runInternal(ClientCallImpl.java:743)
	at org.apache.ratis.thirdparty.io.grpc.internal.ClientCallImpl$ClientStreamListenerImpl$1StreamClosed.runInContext(ClientCallImpl.java:722)
	at org.apache.ratis.thirdparty.io.grpc.internal.ContextRunnable.run(ContextRunnable.java:37)
	at org.apache.ratis.thirdparty.io.grpc.internal.SerializingExecutor.run(SerializingExecutor.java:133)
	at java.base/java.util.concurrent.ThreadPoolExecutor.runWorker(ThreadPoolExecutor.java:1128)
	at java.base/java.util.concurrent.ThreadPoolExecutor$Worker.run(ThreadPoolExecutor.java:628)
	at java.base/java.lang.Thread.run(Thread.java:829)
Caused by: java.util.concurrent.RejectedExecutionException: Task java.util.concurrent.CompletableFuture$AsyncSupply@636fa1ab rejected from java.util.concurrent.ThreadPoolExecutor@3ad4e2b[Terminated, pool size = 0, active threads = 0, queued tasks = 0, completed tasks = 198]
	at java.base/jdk.internal.reflect.GeneratedConstructorAccessor7.newInstance(Unknown Source)
	at java.base/jdk.internal.reflect.DelegatingConstructorAccessorImpl.newInstance(DelegatingConstructorAccessorImpl.java:45)
	at java.base/java.lang.reflect.Constructor.newInstance(Constructor.java:490)
	at org.apache.ratis.util.ReflectionUtils.instantiateException(ReflectionUtils.java:259)
	at org.apache.ratis.grpc.GrpcUtil.tryUnwrapException(GrpcUtil.java:120)
	... 13 more
Caused by: org.apache.ratis.thirdparty.io.grpc.StatusRuntimeException: INTERNAL: Task java.util.concurrent.CompletableFuture$AsyncSupply@636fa1ab rejected from java.util.concurrent.ThreadPoolExecutor@3ad4e2b[Terminated, pool size = 0, active threads = 0, queued tasks = 0, completed tasks = 198]
	at org.apache.ratis.thirdparty.io.grpc.Status.asRuntimeException(Status.java:535)
	... 10 more
	Suppressed: java.lang.IllegalStateException: Failed to cast to class java.io.IOException, object=java.util.concurrent.RejectedExecutionException: Task java.util.concurrent.CompletableFuture$AsyncSupply@636fa1ab rejected from java.util.concurrent.ThreadPoolExecutor@3ad4e2b[Terminated, pool size = 0, active threads = 0, queued tasks = 0, completed tasks = 198]
	at java.base/java.util.concurrent.ThreadPoolExecutor$AbortPolicy.rejectedExecution(ThreadPoolExecutor.java:2055)
	at java.base/java.util.concurrent.ThreadPoolExecutor.reject(ThreadPoolExecutor.java:825)
	at java.base/java.util.concurrent.ThreadPoolExecutor.execute(ThreadPoolExecutor.java:1355)
	at java.base/java.util.concurrent.CompletableFuture.asyncSupplyStage(CompletableFuture.java:1714)
	at java.base/java.util.concurrent.CompletableFuture.supplyAsync(CompletableFuture.java:1931)
	at org.apache.ratis.server.impl.RaftServerImpl.executeSubmitServerRequestAsync(RaftServerImpl.java:812)
	at org.apache.ratis.server.impl.RaftServerProxy.lambda$appendEntriesAsync$27(RaftServerProxy.java:634)
	at java.base/java.util.concurrent.CompletableFuture.uniComposeStage(CompletableFuture.java:1106)
	at java.base/java.util.concurrent.CompletableFuture.thenCompose(CompletableFuture.java:2235)
	at org.apache.ratis.server.impl.RaftServerProxy.appendEntriesAsync(RaftServerProxy.java:634)
	at org.apache.ratis.grpc.server.GrpcServerProtocolService$1.process(GrpcServerProtocolService.java:219)
	at org.apache.ratis.grpc.server.GrpcServerProtocolService$1.process(GrpcServerProtocolService.java:216)
	at org.apache.ratis.grpc.server.GrpcServerProtocolService$ServerRequestStreamObserver.onNext(GrpcServerProtocolService.java:124)
	at org.apache.ratis.thirdparty.io.grpc.stub.ServerCalls$StreamingServerCallHandler$StreamingServerCallListener.onMessage(ServerCalls.java:262)
	at org.apache.ratis.thirdparty.io.grpc.ForwardingServerCallListener.onMessage(ForwardingServerCallListener.java:33)
	at org.apache.ratis.thirdparty.io.grpc.internal.ServerCallImpl$ServerStreamListenerImpl.messagesAvailableInternal(ServerCallImpl.java:332)
	at org.apache.ratis.thirdparty.io.grpc.internal.ServerCallImpl$ServerStreamListenerImpl.messagesAvailable(ServerCallImpl.java:315)
	at org.apache.ratis.thirdparty.io.grpc.internal.ServerImpl$JumpToApplicationThreadServerStreamListener$1MessagesAvailable.runInContext(ServerImpl.java:834)
	at org.apache.ratis.thirdparty.io.grpc.internal.ContextRunnable.run(ContextRunnable.java:37)
	at org.apache.ratis.thirdparty.io.grpc.internal.SerializingExecutor.run(SerializingExecutor.java:133)
	at java.base/java.util.concurrent.ThreadPoolExecutor.runWorker(ThreadPoolExecutor.java:1128)
	at java.base/java.util.concurrent.ThreadPoolExecutor$Worker.run(ThreadPoolExecutor.java:628)
	at java.base/java.lang.Thread.run(Thread.java:829)

		at org.apache.ratis.util.IOUtils.readObject(IOUtils.java:237)
		at org.apache.ratis.util.IOUtils.bytes2Object(IOUtils.java:214)
		at org.apache.ratis.grpc.GrpcUtil.tryUnwrapException(GrpcUtil.java:109)
		at org.apache.ratis.grpc.GrpcUtil.unwrapThrowable(GrpcUtil.java:82)
		at org.apache.ratis.grpc.GrpcUtil.warn(GrpcUtil.java:178)
		at org.apache.ratis.grpc.server.GrpcLogAppender$AppendLogResponseHandler.onError(GrpcLogAppender.java:405)
		... 10 more
	Caused by: java.lang.ClassCastException: Cannot cast java.util.concurrent.RejectedExecutionException to java.io.IOException
		at java.base/java.lang.Class.cast(Class.java:3605)
		at org.apache.ratis.util.IOUtils.readObject(IOUtils.java:234)
		... 15 more
2022-10-13 10:40:58,750 [grpc-default-executor-1] INFO  leader.FollowerInfo (FollowerInfoImpl.java:lambda$new$0(48)) - s0@group-6905249F38B1->s1: nextIndex: updateUnconditionally 263 -> 259
2022-10-13 10:40:58,786 [grpc-default-executor-0] WARN  server.GrpcServerProtocolService (LogUtils.java:warn(124)) - s1: Failed APPEND_ENTRIES request s0->s1#436-t2,previous=(t:2, i:258),leaderCommit=262,initializing? true,entries: size=4, first=(t:2, i:259), CONFIGURATIONENTRY(current:id: "s0"
address: "localhost:46195"
dataStreamAddress: "localhost:39399"
clientAddress: "localhost:42765"
adminAddress: "localhost:44717"
startupRole: FOLLOWER
,id: "s1"
address: "0.0.0.0:46693"
clientAddress: "0.0.0.0:46693"
adminAddress: "0.0.0.0:46693"
startupRole: FOLLOWER
,id: "s2"
address: "0.0.0.0:36699"
clientAddress: "0.0.0.0:36699"
adminAddress: "0.0.0.0:36699"
startupRole: FOLLOWER
, old:id: "s0"
address: "localhost:46195"
dataStreamAddress: "localhost:39399"
clientAddress: "localhost:42765"
adminAddress: "localhost:44717"
startupRole: FOLLOWER
)
java.util.concurrent.CompletionException: java.util.concurrent.RejectedExecutionException: Task java.util.concurrent.CompletableFuture$AsyncSupply@75cd35cb rejected from java.util.concurrent.ThreadPoolExecutor@3ad4e2b[Terminated, pool size = 0, active threads = 0, queued tasks = 0, completed tasks = 198]
	at java.base/java.util.concurrent.CompletableFuture.encodeThrowable(CompletableFuture.java:314)
	at java.base/java.util.concurrent.CompletableFuture.uniComposeStage(CompletableFuture.java:1113)
	at java.base/java.util.concurrent.CompletableFuture.thenCompose(CompletableFuture.java:2235)
	at org.apache.ratis.server.impl.RaftServerProxy.appendEntriesAsync(RaftServerProxy.java:634)
	at org.apache.ratis.grpc.server.GrpcServerProtocolService$1.process(GrpcServerProtocolService.java:219)
	at org.apache.ratis.grpc.server.GrpcServerProtocolService$1.process(GrpcServerProtocolService.java:216)
	at org.apache.ratis.grpc.server.GrpcServerProtocolService$ServerRequestStreamObserver.onNext(GrpcServerProtocolService.java:124)
	at org.apache.ratis.thirdparty.io.grpc.stub.ServerCalls$StreamingServerCallHandler$StreamingServerCallListener.onMessage(ServerCalls.java:262)
	at org.apache.ratis.thirdparty.io.grpc.ForwardingServerCallListener.onMessage(ForwardingServerCallListener.java:33)
	at org.apache.ratis.thirdparty.io.grpc.internal.ServerCallImpl$ServerStreamListenerImpl.messagesAvailableInternal(ServerCallImpl.java:332)
	at org.apache.ratis.thirdparty.io.grpc.internal.ServerCallImpl$ServerStreamListenerImpl.messagesAvailable(ServerCallImpl.java:315)
	at org.apache.ratis.thirdparty.io.grpc.internal.ServerImpl$JumpToApplicationThreadServerStreamListener$1MessagesAvailable.runInContext(ServerImpl.java:834)
	at org.apache.ratis.thirdparty.io.grpc.internal.ContextRunnable.run(ContextRunnable.java:37)
	at org.apache.ratis.thirdparty.io.grpc.internal.SerializingExecutor.run(SerializingExecutor.java:133)
	at java.base/java.util.concurrent.ThreadPoolExecutor.runWorker(ThreadPoolExecutor.java:1128)
	at java.base/java.util.concurrent.ThreadPoolExecutor$Worker.run(ThreadPoolExecutor.java:628)
	at java.base/java.lang.Thread.run(Thread.java:829)
Caused by: java.util.concurrent.RejectedExecutionException: Task java.util.concurrent.CompletableFuture$AsyncSupply@75cd35cb rejected from java.util.concurrent.ThreadPoolExecutor@3ad4e2b[Terminated, pool size = 0, active threads = 0, queued tasks = 0, completed tasks = 198]
	at java.base/java.util.concurrent.ThreadPoolExecutor$AbortPolicy.rejectedExecution(ThreadPoolExecutor.java:2055)
	at java.base/java.util.concurrent.ThreadPoolExecutor.reject(ThreadPoolExecutor.java:825)
	at java.base/java.util.concurrent.ThreadPoolExecutor.execute(ThreadPoolExecutor.java:1355)
	at java.base/java.util.concurrent.CompletableFuture.asyncSupplyStage(CompletableFuture.java:1714)
	at java.base/java.util.concurrent.CompletableFuture.supplyAsync(CompletableFuture.java:1931)
	at org.apache.ratis.server.impl.RaftServerImpl.executeSubmitServerRequestAsync(RaftServerImpl.java:812)
	at org.apache.ratis.server.impl.RaftServerProxy.lambda$appendEntriesAsync$27(RaftServerProxy.java:634)
	at java.base/java.util.concurrent.CompletableFuture.uniComposeStage(CompletableFuture.java:1106)
	... 15 more
2022-10-13 10:40:58,787 [grpc-default-executor-2] WARN  server.GrpcLogAppender (LogUtils.java:warn(124)) - s0@group-6905249F38B1->s1-AppendLogResponseHandler: Failed appendEntries
java.io.IOException: java.util.concurrent.RejectedExecutionException: Task java.util.concurrent.CompletableFuture$AsyncSupply@75cd35cb rejected from java.util.concurrent.ThreadPoolExecutor@3ad4e2b[Terminated, pool size = 0, active threads = 0, queued tasks = 0, completed tasks = 198]
	at org.apache.ratis.util.IOUtils.asIOException(IOUtils.java:56)
	at org.apache.ratis.grpc.GrpcUtil.tryUnwrapException(GrpcUtil.java:121)
	at org.apache.ratis.grpc.GrpcUtil.unwrapThrowable(GrpcUtil.java:82)
	at org.apache.ratis.grpc.GrpcUtil.warn(GrpcUtil.java:178)
	at org.apache.ratis.grpc.server.GrpcLogAppender$AppendLogResponseHandler.onError(GrpcLogAppender.java:405)
	at org.apache.ratis.thirdparty.io.grpc.stub.ClientCalls$StreamObserverToCallListenerAdapter.onClose(ClientCalls.java:487)
	at org.apache.ratis.thirdparty.io.grpc.internal.ClientCallImpl.closeObserver(ClientCallImpl.java:562)
	at org.apache.ratis.thirdparty.io.grpc.internal.ClientCallImpl.access$300(ClientCallImpl.java:70)
	at org.apache.ratis.thirdparty.io.grpc.internal.ClientCallImpl$ClientStreamListenerImpl$1StreamClosed.runInternal(ClientCallImpl.java:743)
	at org.apache.ratis.thirdparty.io.grpc.internal.ClientCallImpl$ClientStreamListenerImpl$1StreamClosed.runInContext(ClientCallImpl.java:722)
	at org.apache.ratis.thirdparty.io.grpc.internal.ContextRunnable.run(ContextRunnable.java:37)
	at org.apache.ratis.thirdparty.io.grpc.internal.SerializingExecutor.run(SerializingExecutor.java:133)
	at java.base/java.util.concurrent.ThreadPoolExecutor.runWorker(ThreadPoolExecutor.java:1128)
	at java.base/java.util.concurrent.ThreadPoolExecutor$Worker.run(ThreadPoolExecutor.java:628)
	at java.base/java.lang.Thread.run(Thread.java:829)
Caused by: java.util.concurrent.RejectedExecutionException: Task java.util.concurrent.CompletableFuture$AsyncSupply@75cd35cb rejected from java.util.concurrent.ThreadPoolExecutor@3ad4e2b[Terminated, pool size = 0, active threads = 0, queued tasks = 0, completed tasks = 198]
	at java.base/jdk.internal.reflect.GeneratedConstructorAccessor7.newInstance(Unknown Source)
	at java.base/jdk.internal.reflect.DelegatingConstructorAccessorImpl.newInstance(DelegatingConstructorAccessorImpl.java:45)
	at java.base/java.lang.reflect.Constructor.newInstance(Constructor.java:490)
	at org.apache.ratis.util.ReflectionUtils.instantiateException(ReflectionUtils.java:259)
	at org.apache.ratis.grpc.GrpcUtil.tryUnwrapException(GrpcUtil.java:120)
	... 13 more
Caused by: org.apache.ratis.thirdparty.io.grpc.StatusRuntimeException: INTERNAL: Task java.util.concurrent.CompletableFuture$AsyncSupply@75cd35cb rejected from java.util.concurrent.ThreadPoolExecutor@3ad4e2b[Terminated, pool size = 0, active threads = 0, queued tasks = 0, completed tasks = 198]
	at org.apache.ratis.thirdparty.io.grpc.Status.asRuntimeException(Status.java:535)
	... 10 more
	Suppressed: java.lang.IllegalStateException: Failed to cast to class java.io.IOException, object=java.util.concurrent.RejectedExecutionException: Task java.util.concurrent.CompletableFuture$AsyncSupply@75cd35cb rejected from java.util.concurrent.ThreadPoolExecutor@3ad4e2b[Terminated, pool size = 0, active threads = 0, queued tasks = 0, completed tasks = 198]
	at java.base/java.util.concurrent.ThreadPoolExecutor$AbortPolicy.rejectedExecution(ThreadPoolExecutor.java:2055)
	at java.base/java.util.concurrent.ThreadPoolExecutor.reject(ThreadPoolExecutor.java:825)
	at java.base/java.util.concurrent.ThreadPoolExecutor.execute(ThreadPoolExecutor.java:1355)
	at java.base/java.util.concurrent.CompletableFuture.asyncSupplyStage(CompletableFuture.java:1714)
	at java.base/java.util.concurrent.CompletableFuture.supplyAsync(CompletableFuture.java:1931)
	at org.apache.ratis.server.impl.RaftServerImpl.executeSubmitServerRequestAsync(RaftServerImpl.java:812)
	at org.apache.ratis.server.impl.RaftServerProxy.lambda$appendEntriesAsync$27(RaftServerProxy.java:634)
	at java.base/java.util.concurrent.CompletableFuture.uniComposeStage(CompletableFuture.java:1106)
	at java.base/java.util.concurrent.CompletableFuture.thenCompose(CompletableFuture.java:2235)
	at org.apache.ratis.server.impl.RaftServerProxy.appendEntriesAsync(RaftServerProxy.java:634)
	at org.apache.ratis.grpc.server.GrpcServerProtocolService$1.process(GrpcServerProtocolService.java:219)
	at org.apache.ratis.grpc.server.GrpcServerProtocolService$1.process(GrpcServerProtocolService.java:216)
	at org.apache.ratis.grpc.server.GrpcServerProtocolService$ServerRequestStreamObserver.onNext(GrpcServerProtocolService.java:124)
	at org.apache.ratis.thirdparty.io.grpc.stub.ServerCalls$StreamingServerCallHandler$StreamingServerCallListener.onMessage(ServerCalls.java:262)
	at org.apache.ratis.thirdparty.io.grpc.ForwardingServerCallListener.onMessage(ForwardingServerCallListener.java:33)
	at org.apache.ratis.thirdparty.io.grpc.internal.ServerCallImpl$ServerStreamListenerImpl.messagesAvailableInternal(ServerCallImpl.java:332)
	at org.apache.ratis.thirdparty.io.grpc.internal.ServerCallImpl$ServerStreamListenerImpl.messagesAvailable(ServerCallImpl.java:315)
	at org.apache.ratis.thirdparty.io.grpc.internal.ServerImpl$JumpToApplicationThreadServerStreamListener$1MessagesAvailable.runInContext(ServerImpl.java:834)
	at org.apache.ratis.thirdparty.io.grpc.internal.ContextRunnable.run(ContextRunnable.java:37)
	at org.apache.ratis.thirdparty.io.grpc.internal.SerializingExecutor.run(SerializingExecutor.java:133)
	at java.base/java.util.concurrent.ThreadPoolExecutor.runWorker(ThreadPoolExecutor.java:1128)
	at java.base/java.util.concurrent.ThreadPoolExecutor$Worker.run(ThreadPoolExecutor.java:628)
	at java.base/java.lang.Thread.run(Thread.java:829)

		at org.apache.ratis.util.IOUtils.readObject(IOUtils.java:237)
		at org.apache.ratis.util.IOUtils.bytes2Object(IOUtils.java:214)
		at org.apache.ratis.grpc.GrpcUtil.tryUnwrapException(GrpcUtil.java:109)
		at org.apache.ratis.grpc.GrpcUtil.unwrapThrowable(GrpcUtil.java:82)
		at org.apache.ratis.grpc.GrpcUtil.warn(GrpcUtil.java:178)
		at org.apache.ratis.grpc.server.GrpcLogAppender$AppendLogResponseHandler.onError(GrpcLogAppender.java:405)
		... 10 more
	Caused by: java.lang.ClassCastException: Cannot cast java.util.concurrent.RejectedExecutionException to java.io.IOException
		at java.base/java.lang.Class.cast(Class.java:3605)
		at org.apache.ratis.util.IOUtils.readObject(IOUtils.java:234)
		... 15 more
2022-10-13 10:40:58,788 [grpc-default-executor-2] INFO  leader.FollowerInfo (FollowerInfoImpl.java:lambda$new$0(48)) - s0@group-6905249F38B1->s1: nextIndex: updateUnconditionally 263 -> 259
2022-10-13 10:40:58,823 [grpc-default-executor-1] WARN  server.GrpcServerProtocolService (LogUtils.java:warn(124)) - s1: Failed APPEND_ENTRIES request s0->s1#438-t2,previous=(t:2, i:258),leaderCommit=262,initializing? true,entries: size=4, first=(t:2, i:259), CONFIGURATIONENTRY(current:id: "s0"
address: "localhost:46195"
dataStreamAddress: "localhost:39399"
clientAddress: "localhost:42765"
adminAddress: "localhost:44717"
startupRole: FOLLOWER
,id: "s1"
address: "0.0.0.0:46693"
clientAddress: "0.0.0.0:46693"
adminAddress: "0.0.0.0:46693"
startupRole: FOLLOWER
,id: "s2"
address: "0.0.0.0:36699"
clientAddress: "0.0.0.0:36699"
adminAddress: "0.0.0.0:36699"
startupRole: FOLLOWER
, old:id: "s0"
address: "localhost:46195"
dataStreamAddress: "localhost:39399"
clientAddress: "localhost:42765"
adminAddress: "localhost:44717"
startupRole: FOLLOWER
)
java.util.concurrent.CompletionException: java.util.concurrent.RejectedExecutionException: Task java.util.concurrent.CompletableFuture$AsyncSupply@4c2e3a3 rejected from java.util.concurrent.ThreadPoolExecutor@3ad4e2b[Terminated, pool size = 0, active threads = 0, queued tasks = 0, completed tasks = 198]
	at java.base/java.util.concurrent.CompletableFuture.encodeThrowable(CompletableFuture.java:314)
	at java.base/java.util.concurrent.CompletableFuture.uniComposeStage(CompletableFuture.java:1113)
	at java.base/java.util.concurrent.CompletableFuture.thenCompose(CompletableFuture.java:2235)
	at org.apache.ratis.server.impl.RaftServerProxy.appendEntriesAsync(RaftServerProxy.java:634)
	at org.apache.ratis.grpc.server.GrpcServerProtocolService$1.process(GrpcServerProtocolService.java:219)
	at org.apache.ratis.grpc.server.GrpcServerProtocolService$1.process(GrpcServerProtocolService.java:216)
	at org.apache.ratis.grpc.server.GrpcServerProtocolService$ServerRequestStreamObserver.onNext(GrpcServerProtocolService.java:124)
	at org.apache.ratis.thirdparty.io.grpc.stub.ServerCalls$StreamingServerCallHandler$StreamingServerCallListener.onMessage(ServerCalls.java:262)
	at org.apache.ratis.thirdparty.io.grpc.ForwardingServerCallListener.onMessage(ForwardingServerCallListener.java:33)
	at org.apache.ratis.thirdparty.io.grpc.internal.ServerCallImpl$ServerStreamListenerImpl.messagesAvailableInternal(ServerCallImpl.java:332)
	at org.apache.ratis.thirdparty.io.grpc.internal.ServerCallImpl$ServerStreamListenerImpl.messagesAvailable(ServerCallImpl.java:315)
	at org.apache.ratis.thirdparty.io.grpc.internal.ServerImpl$JumpToApplicationThreadServerStreamListener$1MessagesAvailable.runInContext(ServerImpl.java:834)
	at org.apache.ratis.thirdparty.io.grpc.internal.ContextRunnable.run(ContextRunnable.java:37)
	at org.apache.ratis.thirdparty.io.grpc.internal.SerializingExecutor.run(SerializingExecutor.java:133)
	at java.base/java.util.concurrent.ThreadPoolExecutor.runWorker(ThreadPoolExecutor.java:1128)
	at java.base/java.util.concurrent.ThreadPoolExecutor$Worker.run(ThreadPoolExecutor.java:628)
	at java.base/java.lang.Thread.run(Thread.java:829)
Caused by: java.util.concurrent.RejectedExecutionException: Task java.util.concurrent.CompletableFuture$AsyncSupply@4c2e3a3 rejected from java.util.concurrent.ThreadPoolExecutor@3ad4e2b[Terminated, pool size = 0, active threads = 0, queued tasks = 0, completed tasks = 198]
	at java.base/java.util.concurrent.ThreadPoolExecutor$AbortPolicy.rejectedExecution(ThreadPoolExecutor.java:2055)
	at java.base/java.util.concurrent.ThreadPoolExecutor.reject(ThreadPoolExecutor.java:825)
	at java.base/java.util.concurrent.ThreadPoolExecutor.execute(ThreadPoolExecutor.java:1355)
	at java.base/java.util.concurrent.CompletableFuture.asyncSupplyStage(CompletableFuture.java:1714)
	at java.base/java.util.concurrent.CompletableFuture.supplyAsync(CompletableFuture.java:1931)
	at org.apache.ratis.server.impl.RaftServerImpl.executeSubmitServerRequestAsync(RaftServerImpl.java:812)
	at org.apache.ratis.server.impl.RaftServerProxy.lambda$appendEntriesAsync$27(RaftServerProxy.java:634)
	at java.base/java.util.concurrent.CompletableFuture.uniComposeStage(CompletableFuture.java:1106)
	... 15 more
2022-10-13 10:40:58,825 [grpc-default-executor-3] WARN  server.GrpcLogAppender (LogUtils.java:warn(124)) - s0@group-6905249F38B1->s1-AppendLogResponseHandler: Failed appendEntries
java.io.IOException: java.util.concurrent.RejectedExecutionException: Task java.util.concurrent.CompletableFuture$AsyncSupply@4c2e3a3 rejected from java.util.concurrent.ThreadPoolExecutor@3ad4e2b[Terminated, pool size = 0, active threads = 0, queued tasks = 0, completed tasks = 198]
	at org.apache.ratis.util.IOUtils.asIOException(IOUtils.java:56)
	at org.apache.ratis.grpc.GrpcUtil.tryUnwrapException(GrpcUtil.java:121)
	at org.apache.ratis.grpc.GrpcUtil.unwrapThrowable(GrpcUtil.java:82)
	at org.apache.ratis.grpc.GrpcUtil.warn(GrpcUtil.java:178)
	at org.apache.ratis.grpc.server.GrpcLogAppender$AppendLogResponseHandler.onError(GrpcLogAppender.java:405)
	at org.apache.ratis.thirdparty.io.grpc.stub.ClientCalls$StreamObserverToCallListenerAdapter.onClose(ClientCalls.java:487)
	at org.apache.ratis.thirdparty.io.grpc.internal.ClientCallImpl.closeObserver(ClientCallImpl.java:562)
	at org.apache.ratis.thirdparty.io.grpc.internal.ClientCallImpl.access$300(ClientCallImpl.java:70)
	at org.apache.ratis.thirdparty.io.grpc.internal.ClientCallImpl$ClientStreamListenerImpl$1StreamClosed.runInternal(ClientCallImpl.java:743)
	at org.apache.ratis.thirdparty.io.grpc.internal.ClientCallImpl$ClientStreamListenerImpl$1StreamClosed.runInContext(ClientCallImpl.java:722)
	at org.apache.ratis.thirdparty.io.grpc.internal.ContextRunnable.run(ContextRunnable.java:37)
	at org.apache.ratis.thirdparty.io.grpc.internal.SerializingExecutor.run(SerializingExecutor.java:133)
	at java.base/java.util.concurrent.ThreadPoolExecutor.runWorker(ThreadPoolExecutor.java:1128)
	at java.base/java.util.concurrent.ThreadPoolExecutor$Worker.run(ThreadPoolExecutor.java:628)
	at java.base/java.lang.Thread.run(Thread.java:829)
Caused by: java.util.concurrent.RejectedExecutionException: Task java.util.concurrent.CompletableFuture$AsyncSupply@4c2e3a3 rejected from java.util.concurrent.ThreadPoolExecutor@3ad4e2b[Terminated, pool size = 0, active threads = 0, queued tasks = 0, completed tasks = 198]
	at java.base/jdk.internal.reflect.GeneratedConstructorAccessor7.newInstance(Unknown Source)
	at java.base/jdk.internal.reflect.DelegatingConstructorAccessorImpl.newInstance(DelegatingConstructorAccessorImpl.java:45)
	at java.base/java.lang.reflect.Constructor.newInstance(Constructor.java:490)
	at org.apache.ratis.util.ReflectionUtils.instantiateException(ReflectionUtils.java:259)
	at org.apache.ratis.grpc.GrpcUtil.tryUnwrapException(GrpcUtil.java:120)
	... 13 more
Caused by: org.apache.ratis.thirdparty.io.grpc.StatusRuntimeException: INTERNAL: Task java.util.concurrent.CompletableFuture$AsyncSupply@4c2e3a3 rejected from java.util.concurrent.ThreadPoolExecutor@3ad4e2b[Terminated, pool size = 0, active threads = 0, queued tasks = 0, completed tasks = 198]
	at org.apache.ratis.thirdparty.io.grpc.Status.asRuntimeException(Status.java:535)
	... 10 more
	Suppressed: java.lang.IllegalStateException: Failed to cast to class java.io.IOException, object=java.util.concurrent.RejectedExecutionException: Task java.util.concurrent.CompletableFuture$AsyncSupply@4c2e3a3 rejected from java.util.concurrent.ThreadPoolExecutor@3ad4e2b[Terminated, pool size = 0, active threads = 0, queued tasks = 0, completed tasks = 198]
	at java.base/java.util.concurrent.ThreadPoolExecutor$AbortPolicy.rejectedExecution(ThreadPoolExecutor.java:2055)
	at java.base/java.util.concurrent.ThreadPoolExecutor.reject(ThreadPoolExecutor.java:825)
	at java.base/java.util.concurrent.ThreadPoolExecutor.execute(ThreadPoolExecutor.java:1355)
	at java.base/java.util.concurrent.CompletableFuture.asyncSupplyStage(CompletableFuture.java:1714)
	at java.base/java.util.concurrent.CompletableFuture.supplyAsync(CompletableFuture.java:1931)
	at org.apache.ratis.server.impl.RaftServerImpl.executeSubmitServerRequestAsync(RaftServerImpl.java:812)
	at org.apache.ratis.server.impl.RaftServerProxy.lambda$appendEntriesAsync$27(RaftServerProxy.java:634)
	at java.base/java.util.concurrent.CompletableFuture.uniComposeStage(CompletableFuture.java:1106)
	at java.base/java.util.concurrent.CompletableFuture.thenCompose(CompletableFuture.java:2235)
	at org.apache.ratis.server.impl.RaftServerProxy.appendEntriesAsync(RaftServerProxy.java:634)
	at org.apache.ratis.grpc.server.GrpcServerProtocolService$1.process(GrpcServerProtocolService.java:219)
	at org.apache.ratis.grpc.server.GrpcServerProtocolService$1.process(GrpcServerProtocolService.java:216)
	at org.apache.ratis.grpc.server.GrpcServerProtocolService$ServerRequestStreamObserver.onNext(GrpcServerProtocolService.java:124)
	at org.apache.ratis.thirdparty.io.grpc.stub.ServerCalls$StreamingServerCallHandler$StreamingServerCallListener.onMessage(ServerCalls.java:262)
	at org.apache.ratis.thirdparty.io.grpc.ForwardingServerCallListener.onMessage(ForwardingServerCallListener.java:33)
	at org.apache.ratis.thirdparty.io.grpc.internal.ServerCallImpl$ServerStreamListenerImpl.messagesAvailableInternal(ServerCallImpl.java:332)
	at org.apache.ratis.thirdparty.io.grpc.internal.ServerCallImpl$ServerStreamListenerImpl.messagesAvailable(ServerCallImpl.java:315)
	at org.apache.ratis.thirdparty.io.grpc.internal.ServerImpl$JumpToApplicationThreadServerStreamListener$1MessagesAvailable.runInContext(ServerImpl.java:834)
	at org.apache.ratis.thirdparty.io.grpc.internal.ContextRunnable.run(ContextRunnable.java:37)
	at org.apache.ratis.thirdparty.io.grpc.internal.SerializingExecutor.run(SerializingExecutor.java:133)
	at java.base/java.util.concurrent.ThreadPoolExecutor.runWorker(ThreadPoolExecutor.java:1128)
	at java.base/java.util.concurrent.ThreadPoolExecutor$Worker.run(ThreadPoolExecutor.java:628)
	at java.base/java.lang.Thread.run(Thread.java:829)

		at org.apache.ratis.util.IOUtils.readObject(IOUtils.java:237)
		at org.apache.ratis.util.IOUtils.bytes2Object(IOUtils.java:214)
		at org.apache.ratis.grpc.GrpcUtil.tryUnwrapException(GrpcUtil.java:109)
		at org.apache.ratis.grpc.GrpcUtil.unwrapThrowable(GrpcUtil.java:82)
		at org.apache.ratis.grpc.GrpcUtil.warn(GrpcUtil.java:178)
		at org.apache.ratis.grpc.server.GrpcLogAppender$AppendLogResponseHandler.onError(GrpcLogAppender.java:405)
		... 10 more
	Caused by: java.lang.ClassCastException: Cannot cast java.util.concurrent.RejectedExecutionException to java.io.IOException
		at java.base/java.lang.Class.cast(Class.java:3605)
		at org.apache.ratis.util.IOUtils.readObject(IOUtils.java:234)
		... 15 more
2022-10-13 10:40:58,825 [grpc-default-executor-3] INFO  leader.FollowerInfo (FollowerInfoImpl.java:lambda$new$0(48)) - s0@group-6905249F38B1->s1: nextIndex: updateUnconditionally 263 -> 259
2022-10-13 10:40:58,861 [grpc-default-executor-0] WARN  server.GrpcServerProtocolService (LogUtils.java:warn(124)) - s1: Failed APPEND_ENTRIES request s0->s1#440-t2,previous=(t:2, i:258),leaderCommit=262,initializing? true,entries: size=4, first=(t:2, i:259), CONFIGURATIONENTRY(current:id: "s0"
address: "localhost:46195"
dataStreamAddress: "localhost:39399"
clientAddress: "localhost:42765"
adminAddress: "localhost:44717"
startupRole: FOLLOWER
,id: "s1"
address: "0.0.0.0:46693"
clientAddress: "0.0.0.0:46693"
adminAddress: "0.0.0.0:46693"
startupRole: FOLLOWER
,id: "s2"
address: "0.0.0.0:36699"
clientAddress: "0.0.0.0:36699"
adminAddress: "0.0.0.0:36699"
startupRole: FOLLOWER
, old:id: "s0"
address: "localhost:46195"
dataStreamAddress: "localhost:39399"
clientAddress: "localhost:42765"
adminAddress: "localhost:44717"
startupRole: FOLLOWER
)
java.util.concurrent.CompletionException: java.util.concurrent.RejectedExecutionException: Task java.util.concurrent.CompletableFuture$AsyncSupply@295225f9 rejected from java.util.concurrent.ThreadPoolExecutor@3ad4e2b[Terminated, pool size = 0, active threads = 0, queued tasks = 0, completed tasks = 198]
	at java.base/java.util.concurrent.CompletableFuture.encodeThrowable(CompletableFuture.java:314)
	at java.base/java.util.concurrent.CompletableFuture.uniComposeStage(CompletableFuture.java:1113)
	at java.base/java.util.concurrent.CompletableFuture.thenCompose(CompletableFuture.java:2235)
	at org.apache.ratis.server.impl.RaftServerProxy.appendEntriesAsync(RaftServerProxy.java:634)
	at org.apache.ratis.grpc.server.GrpcServerProtocolService$1.process(GrpcServerProtocolService.java:219)
	at org.apache.ratis.grpc.server.GrpcServerProtocolService$1.process(GrpcServerProtocolService.java:216)
	at org.apache.ratis.grpc.server.GrpcServerProtocolService$ServerRequestStreamObserver.onNext(GrpcServerProtocolService.java:124)
	at org.apache.ratis.thirdparty.io.grpc.stub.ServerCalls$StreamingServerCallHandler$StreamingServerCallListener.onMessage(ServerCalls.java:262)
	at org.apache.ratis.thirdparty.io.grpc.ForwardingServerCallListener.onMessage(ForwardingServerCallListener.java:33)
	at org.apache.ratis.thirdparty.io.grpc.internal.ServerCallImpl$ServerStreamListenerImpl.messagesAvailableInternal(ServerCallImpl.java:332)
	at org.apache.ratis.thirdparty.io.grpc.internal.ServerCallImpl$ServerStreamListenerImpl.messagesAvailable(ServerCallImpl.java:315)
	at org.apache.ratis.thirdparty.io.grpc.internal.ServerImpl$JumpToApplicationThreadServerStreamListener$1MessagesAvailable.runInContext(ServerImpl.java:834)
	at org.apache.ratis.thirdparty.io.grpc.internal.ContextRunnable.run(ContextRunnable.java:37)
	at org.apache.ratis.thirdparty.io.grpc.internal.SerializingExecutor.run(SerializingExecutor.java:133)
	at java.base/java.util.concurrent.ThreadPoolExecutor.runWorker(ThreadPoolExecutor.java:1128)
	at java.base/java.util.concurrent.ThreadPoolExecutor$Worker.run(ThreadPoolExecutor.java:628)
	at java.base/java.lang.Thread.run(Thread.java:829)
Caused by: java.util.concurrent.RejectedExecutionException: Task java.util.concurrent.CompletableFuture$AsyncSupply@295225f9 rejected from java.util.concurrent.ThreadPoolExecutor@3ad4e2b[Terminated, pool size = 0, active threads = 0, queued tasks = 0, completed tasks = 198]
	at java.base/java.util.concurrent.ThreadPoolExecutor$AbortPolicy.rejectedExecution(ThreadPoolExecutor.java:2055)
	at java.base/java.util.concurrent.ThreadPoolExecutor.reject(ThreadPoolExecutor.java:825)
	at java.base/java.util.concurrent.ThreadPoolExecutor.execute(ThreadPoolExecutor.java:1355)
	at java.base/java.util.concurrent.CompletableFuture.asyncSupplyStage(CompletableFuture.java:1714)
	at java.base/java.util.concurrent.CompletableFuture.supplyAsync(CompletableFuture.java:1931)
	at org.apache.ratis.server.impl.RaftServerImpl.executeSubmitServerRequestAsync(RaftServerImpl.java:812)
	at org.apache.ratis.server.impl.RaftServerProxy.lambda$appendEntriesAsync$27(RaftServerProxy.java:634)
	at java.base/java.util.concurrent.CompletableFuture.uniComposeStage(CompletableFuture.java:1106)
	... 15 more
2022-10-13 10:40:58,862 [grpc-default-executor-1] WARN  server.GrpcLogAppender (LogUtils.java:warn(124)) - s0@group-6905249F38B1->s1-AppendLogResponseHandler: Failed appendEntries
java.io.IOException: java.util.concurrent.RejectedExecutionException: Task java.util.concurrent.CompletableFuture$AsyncSupply@295225f9 rejected from java.util.concurrent.ThreadPoolExecutor@3ad4e2b[Terminated, pool size = 0, active threads = 0, queued tasks = 0, completed tasks = 198]
	at org.apache.ratis.util.IOUtils.asIOException(IOUtils.java:56)
	at org.apache.ratis.grpc.GrpcUtil.tryUnwrapException(GrpcUtil.java:121)
	at org.apache.ratis.grpc.GrpcUtil.unwrapThrowable(GrpcUtil.java:82)
	at org.apache.ratis.grpc.GrpcUtil.warn(GrpcUtil.java:178)
	at org.apache.ratis.grpc.server.GrpcLogAppender$AppendLogResponseHandler.onError(GrpcLogAppender.java:405)
	at org.apache.ratis.thirdparty.io.grpc.stub.ClientCalls$StreamObserverToCallListenerAdapter.onClose(ClientCalls.java:487)
	at org.apache.ratis.thirdparty.io.grpc.internal.ClientCallImpl.closeObserver(ClientCallImpl.java:562)
	at org.apache.ratis.thirdparty.io.grpc.internal.ClientCallImpl.access$300(ClientCallImpl.java:70)
	at org.apache.ratis.thirdparty.io.grpc.internal.ClientCallImpl$ClientStreamListenerImpl$1StreamClosed.runInternal(ClientCallImpl.java:743)
	at org.apache.ratis.thirdparty.io.grpc.internal.ClientCallImpl$ClientStreamListenerImpl$1StreamClosed.runInContext(ClientCallImpl.java:722)
	at org.apache.ratis.thirdparty.io.grpc.internal.ContextRunnable.run(ContextRunnable.java:37)
	at org.apache.ratis.thirdparty.io.grpc.internal.SerializingExecutor.run(SerializingExecutor.java:133)
	at java.base/java.util.concurrent.ThreadPoolExecutor.runWorker(ThreadPoolExecutor.java:1128)
	at java.base/java.util.concurrent.ThreadPoolExecutor$Worker.run(ThreadPoolExecutor.java:628)
	at java.base/java.lang.Thread.run(Thread.java:829)
Caused by: java.util.concurrent.RejectedExecutionException: Task java.util.concurrent.CompletableFuture$AsyncSupply@295225f9 rejected from java.util.concurrent.ThreadPoolExecutor@3ad4e2b[Terminated, pool size = 0, active threads = 0, queued tasks = 0, completed tasks = 198]
	at java.base/jdk.internal.reflect.GeneratedConstructorAccessor7.newInstance(Unknown Source)
	at java.base/jdk.internal.reflect.DelegatingConstructorAccessorImpl.newInstance(DelegatingConstructorAccessorImpl.java:45)
	at java.base/java.lang.reflect.Constructor.newInstance(Constructor.java:490)
	at org.apache.ratis.util.ReflectionUtils.instantiateException(ReflectionUtils.java:259)
	at org.apache.ratis.grpc.GrpcUtil.tryUnwrapException(GrpcUtil.java:120)
	... 13 more
Caused by: org.apache.ratis.thirdparty.io.grpc.StatusRuntimeException: INTERNAL: Task java.util.concurrent.CompletableFuture$AsyncSupply@295225f9 rejected from java.util.concurrent.ThreadPoolExecutor@3ad4e2b[Terminated, pool size = 0, active threads = 0, queued tasks = 0, completed tasks = 198]
	at org.apache.ratis.thirdparty.io.grpc.Status.asRuntimeException(Status.java:535)
	... 10 more
	Suppressed: java.lang.IllegalStateException: Failed to cast to class java.io.IOException, object=java.util.concurrent.RejectedExecutionException: Task java.util.concurrent.CompletableFuture$AsyncSupply@295225f9 rejected from java.util.concurrent.ThreadPoolExecutor@3ad4e2b[Terminated, pool size = 0, active threads = 0, queued tasks = 0, completed tasks = 198]
	at java.base/java.util.concurrent.ThreadPoolExecutor$AbortPolicy.rejectedExecution(ThreadPoolExecutor.java:2055)
	at java.base/java.util.concurrent.ThreadPoolExecutor.reject(ThreadPoolExecutor.java:825)
	at java.base/java.util.concurrent.ThreadPoolExecutor.execute(ThreadPoolExecutor.java:1355)
	at java.base/java.util.concurrent.CompletableFuture.asyncSupplyStage(CompletableFuture.java:1714)
	at java.base/java.util.concurrent.CompletableFuture.supplyAsync(CompletableFuture.java:1931)
	at org.apache.ratis.server.impl.RaftServerImpl.executeSubmitServerRequestAsync(RaftServerImpl.java:812)
	at org.apache.ratis.server.impl.RaftServerProxy.lambda$appendEntriesAsync$27(RaftServerProxy.java:634)
	at java.base/java.util.concurrent.CompletableFuture.uniComposeStage(CompletableFuture.java:1106)
	at java.base/java.util.concurrent.CompletableFuture.thenCompose(CompletableFuture.java:2235)
	at org.apache.ratis.server.impl.RaftServerProxy.appendEntriesAsync(RaftServerProxy.java:634)
	at org.apache.ratis.grpc.server.GrpcServerProtocolService$1.process(GrpcServerProtocolService.java:219)
	at org.apache.ratis.grpc.server.GrpcServerProtocolService$1.process(GrpcServerProtocolService.java:216)
	at org.apache.ratis.grpc.server.GrpcServerProtocolService$ServerRequestStreamObserver.onNext(GrpcServerProtocolService.java:124)
	at org.apache.ratis.thirdparty.io.grpc.stub.ServerCalls$StreamingServerCallHandler$StreamingServerCallListener.onMessage(ServerCalls.java:262)
	at org.apache.ratis.thirdparty.io.grpc.ForwardingServerCallListener.onMessage(ForwardingServerCallListener.java:33)
	at org.apache.ratis.thirdparty.io.grpc.internal.ServerCallImpl$ServerStreamListenerImpl.messagesAvailableInternal(ServerCallImpl.java:332)
	at org.apache.ratis.thirdparty.io.grpc.internal.ServerCallImpl$ServerStreamListenerImpl.messagesAvailable(ServerCallImpl.java:315)
	at org.apache.ratis.thirdparty.io.grpc.internal.ServerImpl$JumpToApplicationThreadServerStreamListener$1MessagesAvailable.runInContext(ServerImpl.java:834)
	at org.apache.ratis.thirdparty.io.grpc.internal.ContextRunnable.run(ContextRunnable.java:37)
	at org.apache.ratis.thirdparty.io.grpc.internal.SerializingExecutor.run(SerializingExecutor.java:133)
	at java.base/java.util.concurrent.ThreadPoolExecutor.runWorker(ThreadPoolExecutor.java:1128)
	at java.base/java.util.concurrent.ThreadPoolExecutor$Worker.run(ThreadPoolExecutor.java:628)
	at java.base/java.lang.Thread.run(Thread.java:829)

		at org.apache.ratis.util.IOUtils.readObject(IOUtils.java:237)
		at org.apache.ratis.util.IOUtils.bytes2Object(IOUtils.java:214)
		at org.apache.ratis.grpc.GrpcUtil.tryUnwrapException(GrpcUtil.java:109)
		at org.apache.ratis.grpc.GrpcUtil.unwrapThrowable(GrpcUtil.java:82)
		at org.apache.ratis.grpc.GrpcUtil.warn(GrpcUtil.java:178)
		at org.apache.ratis.grpc.server.GrpcLogAppender$AppendLogResponseHandler.onError(GrpcLogAppender.java:405)
		... 10 more
	Caused by: java.lang.ClassCastException: Cannot cast java.util.concurrent.RejectedExecutionException to java.io.IOException
		at java.base/java.lang.Class.cast(Class.java:3605)
		at org.apache.ratis.util.IOUtils.readObject(IOUtils.java:234)
		... 15 more
2022-10-13 10:40:58,863 [grpc-default-executor-1] INFO  leader.FollowerInfo (FollowerInfoImpl.java:lambda$new$0(48)) - s0@group-6905249F38B1->s1: nextIndex: updateUnconditionally 263 -> 259
2022-10-13 10:40:58,899 [grpc-default-executor-2] WARN  server.GrpcServerProtocolService (LogUtils.java:warn(124)) - s1: Failed APPEND_ENTRIES request s0->s1#442-t2,previous=(t:2, i:258),leaderCommit=262,initializing? true,entries: size=4, first=(t:2, i:259), CONFIGURATIONENTRY(current:id: "s0"
address: "localhost:46195"
dataStreamAddress: "localhost:39399"
clientAddress: "localhost:42765"
adminAddress: "localhost:44717"
startupRole: FOLLOWER
,id: "s1"
address: "0.0.0.0:46693"
clientAddress: "0.0.0.0:46693"
adminAddress: "0.0.0.0:46693"
startupRole: FOLLOWER
,id: "s2"
address: "0.0.0.0:36699"
clientAddress: "0.0.0.0:36699"
adminAddress: "0.0.0.0:36699"
startupRole: FOLLOWER
, old:id: "s0"
address: "localhost:46195"
dataStreamAddress: "localhost:39399"
clientAddress: "localhost:42765"
adminAddress: "localhost:44717"
startupRole: FOLLOWER
)
java.util.concurrent.CompletionException: java.util.concurrent.RejectedExecutionException: Task java.util.concurrent.CompletableFuture$AsyncSupply@455494b6 rejected from java.util.concurrent.ThreadPoolExecutor@3ad4e2b[Terminated, pool size = 0, active threads = 0, queued tasks = 0, completed tasks = 198]
	at java.base/java.util.concurrent.CompletableFuture.encodeThrowable(CompletableFuture.java:314)
	at java.base/java.util.concurrent.CompletableFuture.uniComposeStage(CompletableFuture.java:1113)
	at java.base/java.util.concurrent.CompletableFuture.thenCompose(CompletableFuture.java:2235)
	at org.apache.ratis.server.impl.RaftServerProxy.appendEntriesAsync(RaftServerProxy.java:634)
	at org.apache.ratis.grpc.server.GrpcServerProtocolService$1.process(GrpcServerProtocolService.java:219)
	at org.apache.ratis.grpc.server.GrpcServerProtocolService$1.process(GrpcServerProtocolService.java:216)
	at org.apache.ratis.grpc.server.GrpcServerProtocolService$ServerRequestStreamObserver.onNext(GrpcServerProtocolService.java:124)
	at org.apache.ratis.thirdparty.io.grpc.stub.ServerCalls$StreamingServerCallHandler$StreamingServerCallListener.onMessage(ServerCalls.java:262)
	at org.apache.ratis.thirdparty.io.grpc.ForwardingServerCallListener.onMessage(ForwardingServerCallListener.java:33)
	at org.apache.ratis.thirdparty.io.grpc.internal.ServerCallImpl$ServerStreamListenerImpl.messagesAvailableInternal(ServerCallImpl.java:332)
	at org.apache.ratis.thirdparty.io.grpc.internal.ServerCallImpl$ServerStreamListenerImpl.messagesAvailable(ServerCallImpl.java:315)
	at org.apache.ratis.thirdparty.io.grpc.internal.ServerImpl$JumpToApplicationThreadServerStreamListener$1MessagesAvailable.runInContext(ServerImpl.java:834)
	at org.apache.ratis.thirdparty.io.grpc.internal.ContextRunnable.run(ContextRunnable.java:37)
	at org.apache.ratis.thirdparty.io.grpc.internal.SerializingExecutor.run(SerializingExecutor.java:133)
	at java.base/java.util.concurrent.ThreadPoolExecutor.runWorker(ThreadPoolExecutor.java:1128)
	at java.base/java.util.concurrent.ThreadPoolExecutor$Worker.run(ThreadPoolExecutor.java:628)
	at java.base/java.lang.Thread.run(Thread.java:829)
Caused by: java.util.concurrent.RejectedExecutionException: Task java.util.concurrent.CompletableFuture$AsyncSupply@455494b6 rejected from java.util.concurrent.ThreadPoolExecutor@3ad4e2b[Terminated, pool size = 0, active threads = 0, queued tasks = 0, completed tasks = 198]
	at java.base/java.util.concurrent.ThreadPoolExecutor$AbortPolicy.rejectedExecution(ThreadPoolExecutor.java:2055)
	at java.base/java.util.concurrent.ThreadPoolExecutor.reject(ThreadPoolExecutor.java:825)
	at java.base/java.util.concurrent.ThreadPoolExecutor.execute(ThreadPoolExecutor.java:1355)
	at java.base/java.util.concurrent.CompletableFuture.asyncSupplyStage(CompletableFuture.java:1714)
	at java.base/java.util.concurrent.CompletableFuture.supplyAsync(CompletableFuture.java:1931)
	at org.apache.ratis.server.impl.RaftServerImpl.executeSubmitServerRequestAsync(RaftServerImpl.java:812)
	at org.apache.ratis.server.impl.RaftServerProxy.lambda$appendEntriesAsync$27(RaftServerProxy.java:634)
	at java.base/java.util.concurrent.CompletableFuture.uniComposeStage(CompletableFuture.java:1106)
	... 15 more
2022-10-13 10:40:58,900 [grpc-default-executor-3] WARN  server.GrpcLogAppender (LogUtils.java:warn(124)) - s0@group-6905249F38B1->s1-AppendLogResponseHandler: Failed appendEntries
java.io.IOException: java.util.concurrent.RejectedExecutionException: Task java.util.concurrent.CompletableFuture$AsyncSupply@455494b6 rejected from java.util.concurrent.ThreadPoolExecutor@3ad4e2b[Terminated, pool size = 0, active threads = 0, queued tasks = 0, completed tasks = 198]
	at org.apache.ratis.util.IOUtils.asIOException(IOUtils.java:56)
	at org.apache.ratis.grpc.GrpcUtil.tryUnwrapException(GrpcUtil.java:121)
	at org.apache.ratis.grpc.GrpcUtil.unwrapThrowable(GrpcUtil.java:82)
	at org.apache.ratis.grpc.GrpcUtil.warn(GrpcUtil.java:178)
	at org.apache.ratis.grpc.server.GrpcLogAppender$AppendLogResponseHandler.onError(GrpcLogAppender.java:405)
	at org.apache.ratis.thirdparty.io.grpc.stub.ClientCalls$StreamObserverToCallListenerAdapter.onClose(ClientCalls.java:487)
	at org.apache.ratis.thirdparty.io.grpc.internal.ClientCallImpl.closeObserver(ClientCallImpl.java:562)
	at org.apache.ratis.thirdparty.io.grpc.internal.ClientCallImpl.access$300(ClientCallImpl.java:70)
	at org.apache.ratis.thirdparty.io.grpc.internal.ClientCallImpl$ClientStreamListenerImpl$1StreamClosed.runInternal(ClientCallImpl.java:743)
	at org.apache.ratis.thirdparty.io.grpc.internal.ClientCallImpl$ClientStreamListenerImpl$1StreamClosed.runInContext(ClientCallImpl.java:722)
	at org.apache.ratis.thirdparty.io.grpc.internal.ContextRunnable.run(ContextRunnable.java:37)
	at org.apache.ratis.thirdparty.io.grpc.internal.SerializingExecutor.run(SerializingExecutor.java:133)
	at java.base/java.util.concurrent.ThreadPoolExecutor.runWorker(ThreadPoolExecutor.java:1128)
	at java.base/java.util.concurrent.ThreadPoolExecutor$Worker.run(ThreadPoolExecutor.java:628)
	at java.base/java.lang.Thread.run(Thread.java:829)
Caused by: java.util.concurrent.RejectedExecutionException: Task java.util.concurrent.CompletableFuture$AsyncSupply@455494b6 rejected from java.util.concurrent.ThreadPoolExecutor@3ad4e2b[Terminated, pool size = 0, active threads = 0, queued tasks = 0, completed tasks = 198]
	at java.base/jdk.internal.reflect.GeneratedConstructorAccessor7.newInstance(Unknown Source)
	at java.base/jdk.internal.reflect.DelegatingConstructorAccessorImpl.newInstance(DelegatingConstructorAccessorImpl.java:45)
	at java.base/java.lang.reflect.Constructor.newInstance(Constructor.java:490)
	at org.apache.ratis.util.ReflectionUtils.instantiateException(ReflectionUtils.java:259)
	at org.apache.ratis.grpc.GrpcUtil.tryUnwrapException(GrpcUtil.java:120)
	... 13 more
Caused by: org.apache.ratis.thirdparty.io.grpc.StatusRuntimeException: INTERNAL: Task java.util.concurrent.CompletableFuture$AsyncSupply@455494b6 rejected from java.util.concurrent.ThreadPoolExecutor@3ad4e2b[Terminated, pool size = 0, active threads = 0, queued tasks = 0, completed tasks = 198]
	at org.apache.ratis.thirdparty.io.grpc.Status.asRuntimeException(Status.java:535)
	... 10 more
	Suppressed: java.lang.IllegalStateException: Failed to cast to class java.io.IOException, object=java.util.concurrent.RejectedExecutionException: Task java.util.concurrent.CompletableFuture$AsyncSupply@455494b6 rejected from java.util.concurrent.ThreadPoolExecutor@3ad4e2b[Terminated, pool size = 0, active threads = 0, queued tasks = 0, completed tasks = 198]
	at java.base/java.util.concurrent.ThreadPoolExecutor$AbortPolicy.rejectedExecution(ThreadPoolExecutor.java:2055)
	at java.base/java.util.concurrent.ThreadPoolExecutor.reject(ThreadPoolExecutor.java:825)
	at java.base/java.util.concurrent.ThreadPoolExecutor.execute(ThreadPoolExecutor.java:1355)
	at java.base/java.util.concurrent.CompletableFuture.asyncSupplyStage(CompletableFuture.java:1714)
	at java.base/java.util.concurrent.CompletableFuture.supplyAsync(CompletableFuture.java:1931)
	at org.apache.ratis.server.impl.RaftServerImpl.executeSubmitServerRequestAsync(RaftServerImpl.java:812)
	at org.apache.ratis.server.impl.RaftServerProxy.lambda$appendEntriesAsync$27(RaftServerProxy.java:634)
	at java.base/java.util.concurrent.CompletableFuture.uniComposeStage(CompletableFuture.java:1106)
	at java.base/java.util.concurrent.CompletableFuture.thenCompose(CompletableFuture.java:2235)
	at org.apache.ratis.server.impl.RaftServerProxy.appendEntriesAsync(RaftServerProxy.java:634)
	at org.apache.ratis.grpc.server.GrpcServerProtocolService$1.process(GrpcServerProtocolService.java:219)
	at org.apache.ratis.grpc.server.GrpcServerProtocolService$1.process(GrpcServerProtocolService.java:216)
	at org.apache.ratis.grpc.server.GrpcServerProtocolService$ServerRequestStreamObserver.onNext(GrpcServerProtocolService.java:124)
	at org.apache.ratis.thirdparty.io.grpc.stub.ServerCalls$StreamingServerCallHandler$StreamingServerCallListener.onMessage(ServerCalls.java:262)
	at org.apache.ratis.thirdparty.io.grpc.ForwardingServerCallListener.onMessage(ForwardingServerCallListener.java:33)
	at org.apache.ratis.thirdparty.io.grpc.internal.ServerCallImpl$ServerStreamListenerImpl.messagesAvailableInternal(ServerCallImpl.java:332)
	at org.apache.ratis.thirdparty.io.grpc.internal.ServerCallImpl$ServerStreamListenerImpl.messagesAvailable(ServerCallImpl.java:315)
	at org.apache.ratis.thirdparty.io.grpc.internal.ServerImpl$JumpToApplicationThreadServerStreamListener$1MessagesAvailable.runInContext(ServerImpl.java:834)
	at org.apache.ratis.thirdparty.io.grpc.internal.ContextRunnable.run(ContextRunnable.java:37)
	at org.apache.ratis.thirdparty.io.grpc.internal.SerializingExecutor.run(SerializingExecutor.java:133)
	at java.base/java.util.concurrent.ThreadPoolExecutor.runWorker(ThreadPoolExecutor.java:1128)
	at java.base/java.util.concurrent.ThreadPoolExecutor$Worker.run(ThreadPoolExecutor.java:628)
	at java.base/java.lang.Thread.run(Thread.java:829)

		at org.apache.ratis.util.IOUtils.readObject(IOUtils.java:237)
		at org.apache.ratis.util.IOUtils.bytes2Object(IOUtils.java:214)
		at org.apache.ratis.grpc.GrpcUtil.tryUnwrapException(GrpcUtil.java:109)
		at org.apache.ratis.grpc.GrpcUtil.unwrapThrowable(GrpcUtil.java:82)
		at org.apache.ratis.grpc.GrpcUtil.warn(GrpcUtil.java:178)
		at org.apache.ratis.grpc.server.GrpcLogAppender$AppendLogResponseHandler.onError(GrpcLogAppender.java:405)
		... 10 more
	Caused by: java.lang.ClassCastException: Cannot cast java.util.concurrent.RejectedExecutionException to java.io.IOException
		at java.base/java.lang.Class.cast(Class.java:3605)
		at org.apache.ratis.util.IOUtils.readObject(IOUtils.java:234)
		... 15 more
2022-10-13 10:40:58,900 [grpc-default-executor-3] INFO  leader.FollowerInfo (FollowerInfoImpl.java:lambda$new$0(48)) - s0@group-6905249F38B1->s1: nextIndex: updateUnconditionally 263 -> 259
2022-10-13 10:40:58,937 [grpc-default-executor-2] WARN  server.GrpcServerProtocolService (LogUtils.java:warn(124)) - s1: Failed APPEND_ENTRIES request s0->s1#444-t2,previous=(t:2, i:258),leaderCommit=262,initializing? true,entries: size=4, first=(t:2, i:259), CONFIGURATIONENTRY(current:id: "s0"
address: "localhost:46195"
dataStreamAddress: "localhost:39399"
clientAddress: "localhost:42765"
adminAddress: "localhost:44717"
startupRole: FOLLOWER
,id: "s1"
address: "0.0.0.0:46693"
clientAddress: "0.0.0.0:46693"
adminAddress: "0.0.0.0:46693"
startupRole: FOLLOWER
,id: "s2"
address: "0.0.0.0:36699"
clientAddress: "0.0.0.0:36699"
adminAddress: "0.0.0.0:36699"
startupRole: FOLLOWER
, old:id: "s0"
address: "localhost:46195"
dataStreamAddress: "localhost:39399"
clientAddress: "localhost:42765"
adminAddress: "localhost:44717"
startupRole: FOLLOWER
)
java.util.concurrent.CompletionException: java.util.concurrent.RejectedExecutionException: Task java.util.concurrent.CompletableFuture$AsyncSupply@533750aa rejected from java.util.concurrent.ThreadPoolExecutor@3ad4e2b[Terminated, pool size = 0, active threads = 0, queued tasks = 0, completed tasks = 198]
	at java.base/java.util.concurrent.CompletableFuture.encodeThrowable(CompletableFuture.java:314)
	at java.base/java.util.concurrent.CompletableFuture.uniComposeStage(CompletableFuture.java:1113)
	at java.base/java.util.concurrent.CompletableFuture.thenCompose(CompletableFuture.java:2235)
	at org.apache.ratis.server.impl.RaftServerProxy.appendEntriesAsync(RaftServerProxy.java:634)
	at org.apache.ratis.grpc.server.GrpcServerProtocolService$1.process(GrpcServerProtocolService.java:219)
	at org.apache.ratis.grpc.server.GrpcServerProtocolService$1.process(GrpcServerProtocolService.java:216)
	at org.apache.ratis.grpc.server.GrpcServerProtocolService$ServerRequestStreamObserver.onNext(GrpcServerProtocolService.java:124)
	at org.apache.ratis.thirdparty.io.grpc.stub.ServerCalls$StreamingServerCallHandler$StreamingServerCallListener.onMessage(ServerCalls.java:262)
	at org.apache.ratis.thirdparty.io.grpc.ForwardingServerCallListener.onMessage(ForwardingServerCallListener.java:33)
	at org.apache.ratis.thirdparty.io.grpc.internal.ServerCallImpl$ServerStreamListenerImpl.messagesAvailableInternal(ServerCallImpl.java:332)
	at org.apache.ratis.thirdparty.io.grpc.internal.ServerCallImpl$ServerStreamListenerImpl.messagesAvailable(ServerCallImpl.java:315)
	at org.apache.ratis.thirdparty.io.grpc.internal.ServerImpl$JumpToApplicationThreadServerStreamListener$1MessagesAvailable.runInContext(ServerImpl.java:834)
	at org.apache.ratis.thirdparty.io.grpc.internal.ContextRunnable.run(ContextRunnable.java:37)
	at org.apache.ratis.thirdparty.io.grpc.internal.SerializingExecutor.run(SerializingExecutor.java:133)
	at java.base/java.util.concurrent.ThreadPoolExecutor.runWorker(ThreadPoolExecutor.java:1128)
	at java.base/java.util.concurrent.ThreadPoolExecutor$Worker.run(ThreadPoolExecutor.java:628)
	at java.base/java.lang.Thread.run(Thread.java:829)
Caused by: java.util.concurrent.RejectedExecutionException: Task java.util.concurrent.CompletableFuture$AsyncSupply@533750aa rejected from java.util.concurrent.ThreadPoolExecutor@3ad4e2b[Terminated, pool size = 0, active threads = 0, queued tasks = 0, completed tasks = 198]
	at java.base/java.util.concurrent.ThreadPoolExecutor$AbortPolicy.rejectedExecution(ThreadPoolExecutor.java:2055)
	at java.base/java.util.concurrent.ThreadPoolExecutor.reject(ThreadPoolExecutor.java:825)
	at java.base/java.util.concurrent.ThreadPoolExecutor.execute(ThreadPoolExecutor.java:1355)
	at java.base/java.util.concurrent.CompletableFuture.asyncSupplyStage(CompletableFuture.java:1714)
	at java.base/java.util.concurrent.CompletableFuture.supplyAsync(CompletableFuture.java:1931)
	at org.apache.ratis.server.impl.RaftServerImpl.executeSubmitServerRequestAsync(RaftServerImpl.java:812)
	at org.apache.ratis.server.impl.RaftServerProxy.lambda$appendEntriesAsync$27(RaftServerProxy.java:634)
	at java.base/java.util.concurrent.CompletableFuture.uniComposeStage(CompletableFuture.java:1106)
	... 15 more
2022-10-13 10:40:58,939 [grpc-default-executor-1] WARN  server.GrpcLogAppender (LogUtils.java:warn(124)) - s0@group-6905249F38B1->s1-AppendLogResponseHandler: Failed appendEntries
java.io.IOException: java.util.concurrent.RejectedExecutionException: Task java.util.concurrent.CompletableFuture$AsyncSupply@533750aa rejected from java.util.concurrent.ThreadPoolExecutor@3ad4e2b[Terminated, pool size = 0, active threads = 0, queued tasks = 0, completed tasks = 198]
	at org.apache.ratis.util.IOUtils.asIOException(IOUtils.java:56)
	at org.apache.ratis.grpc.GrpcUtil.tryUnwrapException(GrpcUtil.java:121)
	at org.apache.ratis.grpc.GrpcUtil.unwrapThrowable(GrpcUtil.java:82)
	at org.apache.ratis.grpc.GrpcUtil.warn(GrpcUtil.java:178)
	at org.apache.ratis.grpc.server.GrpcLogAppender$AppendLogResponseHandler.onError(GrpcLogAppender.java:405)
	at org.apache.ratis.thirdparty.io.grpc.stub.ClientCalls$StreamObserverToCallListenerAdapter.onClose(ClientCalls.java:487)
	at org.apache.ratis.thirdparty.io.grpc.internal.ClientCallImpl.closeObserver(ClientCallImpl.java:562)
	at org.apache.ratis.thirdparty.io.grpc.internal.ClientCallImpl.access$300(ClientCallImpl.java:70)
	at org.apache.ratis.thirdparty.io.grpc.internal.ClientCallImpl$ClientStreamListenerImpl$1StreamClosed.runInternal(ClientCallImpl.java:743)
	at org.apache.ratis.thirdparty.io.grpc.internal.ClientCallImpl$ClientStreamListenerImpl$1StreamClosed.runInContext(ClientCallImpl.java:722)
	at org.apache.ratis.thirdparty.io.grpc.internal.ContextRunnable.run(ContextRunnable.java:37)
	at org.apache.ratis.thirdparty.io.grpc.internal.SerializingExecutor.run(SerializingExecutor.java:133)
	at java.base/java.util.concurrent.ThreadPoolExecutor.runWorker(ThreadPoolExecutor.java:1128)
	at java.base/java.util.concurrent.ThreadPoolExecutor$Worker.run(ThreadPoolExecutor.java:628)
	at java.base/java.lang.Thread.run(Thread.java:829)
Caused by: java.util.concurrent.RejectedExecutionException: Task java.util.concurrent.CompletableFuture$AsyncSupply@533750aa rejected from java.util.concurrent.ThreadPoolExecutor@3ad4e2b[Terminated, pool size = 0, active threads = 0, queued tasks = 0, completed tasks = 198]
	at java.base/jdk.internal.reflect.GeneratedConstructorAccessor7.newInstance(Unknown Source)
	at java.base/jdk.internal.reflect.DelegatingConstructorAccessorImpl.newInstance(DelegatingConstructorAccessorImpl.java:45)
	at java.base/java.lang.reflect.Constructor.newInstance(Constructor.java:490)
	at org.apache.ratis.util.ReflectionUtils.instantiateException(ReflectionUtils.java:259)
	at org.apache.ratis.grpc.GrpcUtil.tryUnwrapException(GrpcUtil.java:120)
	... 13 more
Caused by: org.apache.ratis.thirdparty.io.grpc.StatusRuntimeException: INTERNAL: Task java.util.concurrent.CompletableFuture$AsyncSupply@533750aa rejected from java.util.concurrent.ThreadPoolExecutor@3ad4e2b[Terminated, pool size = 0, active threads = 0, queued tasks = 0, completed tasks = 198]
	at org.apache.ratis.thirdparty.io.grpc.Status.asRuntimeException(Status.java:535)
	... 10 more
	Suppressed: java.lang.IllegalStateException: Failed to cast to class java.io.IOException, object=java.util.concurrent.RejectedExecutionException: Task java.util.concurrent.CompletableFuture$AsyncSupply@533750aa rejected from java.util.concurrent.ThreadPoolExecutor@3ad4e2b[Terminated, pool size = 0, active threads = 0, queued tasks = 0, completed tasks = 198]
	at java.base/java.util.concurrent.ThreadPoolExecutor$AbortPolicy.rejectedExecution(ThreadPoolExecutor.java:2055)
	at java.base/java.util.concurrent.ThreadPoolExecutor.reject(ThreadPoolExecutor.java:825)
	at java.base/java.util.concurrent.ThreadPoolExecutor.execute(ThreadPoolExecutor.java:1355)
	at java.base/java.util.concurrent.CompletableFuture.asyncSupplyStage(CompletableFuture.java:1714)
	at java.base/java.util.concurrent.CompletableFuture.supplyAsync(CompletableFuture.java:1931)
	at org.apache.ratis.server.impl.RaftServerImpl.executeSubmitServerRequestAsync(RaftServerImpl.java:812)
	at org.apache.ratis.server.impl.RaftServerProxy.lambda$appendEntriesAsync$27(RaftServerProxy.java:634)
	at java.base/java.util.concurrent.CompletableFuture.uniComposeStage(CompletableFuture.java:1106)
	at java.base/java.util.concurrent.CompletableFuture.thenCompose(CompletableFuture.java:2235)
	at org.apache.ratis.server.impl.RaftServerProxy.appendEntriesAsync(RaftServerProxy.java:634)
	at org.apache.ratis.grpc.server.GrpcServerProtocolService$1.process(GrpcServerProtocolService.java:219)
	at org.apache.ratis.grpc.server.GrpcServerProtocolService$1.process(GrpcServerProtocolService.java:216)
	at org.apache.ratis.grpc.server.GrpcServerProtocolService$ServerRequestStreamObserver.onNext(GrpcServerProtocolService.java:124)
	at org.apache.ratis.thirdparty.io.grpc.stub.ServerCalls$StreamingServerCallHandler$StreamingServerCallListener.onMessage(ServerCalls.java:262)
	at org.apache.ratis.thirdparty.io.grpc.ForwardingServerCallListener.onMessage(ForwardingServerCallListener.java:33)
	at org.apache.ratis.thirdparty.io.grpc.internal.ServerCallImpl$ServerStreamListenerImpl.messagesAvailableInternal(ServerCallImpl.java:332)
	at org.apache.ratis.thirdparty.io.grpc.internal.ServerCallImpl$ServerStreamListenerImpl.messagesAvailable(ServerCallImpl.java:315)
	at org.apache.ratis.thirdparty.io.grpc.internal.ServerImpl$JumpToApplicationThreadServerStreamListener$1MessagesAvailable.runInContext(ServerImpl.java:834)
	at org.apache.ratis.thirdparty.io.grpc.internal.ContextRunnable.run(ContextRunnable.java:37)
	at org.apache.ratis.thirdparty.io.grpc.internal.SerializingExecutor.run(SerializingExecutor.java:133)
	at java.base/java.util.concurrent.ThreadPoolExecutor.runWorker(ThreadPoolExecutor.java:1128)
	at java.base/java.util.concurrent.ThreadPoolExecutor$Worker.run(ThreadPoolExecutor.java:628)
	at java.base/java.lang.Thread.run(Thread.java:829)

		at org.apache.ratis.util.IOUtils.readObject(IOUtils.java:237)
		at org.apache.ratis.util.IOUtils.bytes2Object(IOUtils.java:214)
		at org.apache.ratis.grpc.GrpcUtil.tryUnwrapException(GrpcUtil.java:109)
		at org.apache.ratis.grpc.GrpcUtil.unwrapThrowable(GrpcUtil.java:82)
		at org.apache.ratis.grpc.GrpcUtil.warn(GrpcUtil.java:178)
		at org.apache.ratis.grpc.server.GrpcLogAppender$AppendLogResponseHandler.onError(GrpcLogAppender.java:405)
		... 10 more
	Caused by: java.lang.ClassCastException: Cannot cast java.util.concurrent.RejectedExecutionException to java.io.IOException
		at java.base/java.lang.Class.cast(Class.java:3605)
		at org.apache.ratis.util.IOUtils.readObject(IOUtils.java:234)
		... 15 more
2022-10-13 10:40:58,939 [grpc-default-executor-1] INFO  leader.FollowerInfo (FollowerInfoImpl.java:lambda$new$0(48)) - s0@group-6905249F38B1->s1: nextIndex: updateUnconditionally 263 -> 259
2022-10-13 10:40:58,974 [grpc-default-executor-1] WARN  server.GrpcServerProtocolService (LogUtils.java:warn(124)) - s1: Failed APPEND_ENTRIES request s0->s1#446-t2,previous=(t:2, i:258),leaderCommit=262,initializing? true,entries: size=4, first=(t:2, i:259), CONFIGURATIONENTRY(current:id: "s0"
address: "localhost:46195"
dataStreamAddress: "localhost:39399"
clientAddress: "localhost:42765"
adminAddress: "localhost:44717"
startupRole: FOLLOWER
,id: "s1"
address: "0.0.0.0:46693"
clientAddress: "0.0.0.0:46693"
adminAddress: "0.0.0.0:46693"
startupRole: FOLLOWER
,id: "s2"
address: "0.0.0.0:36699"
clientAddress: "0.0.0.0:36699"
adminAddress: "0.0.0.0:36699"
startupRole: FOLLOWER
, old:id: "s0"
address: "localhost:46195"
dataStreamAddress: "localhost:39399"
clientAddress: "localhost:42765"
adminAddress: "localhost:44717"
startupRole: FOLLOWER
)
java.util.concurrent.CompletionException: java.util.concurrent.RejectedExecutionException: Task java.util.concurrent.CompletableFuture$AsyncSupply@50828f1 rejected from java.util.concurrent.ThreadPoolExecutor@3ad4e2b[Terminated, pool size = 0, active threads = 0, queued tasks = 0, completed tasks = 198]
	at java.base/java.util.concurrent.CompletableFuture.encodeThrowable(CompletableFuture.java:314)
	at java.base/java.util.concurrent.CompletableFuture.uniComposeStage(CompletableFuture.java:1113)
	at java.base/java.util.concurrent.CompletableFuture.thenCompose(CompletableFuture.java:2235)
	at org.apache.ratis.server.impl.RaftServerProxy.appendEntriesAsync(RaftServerProxy.java:634)
	at org.apache.ratis.grpc.server.GrpcServerProtocolService$1.process(GrpcServerProtocolService.java:219)
	at org.apache.ratis.grpc.server.GrpcServerProtocolService$1.process(GrpcServerProtocolService.java:216)
	at org.apache.ratis.grpc.server.GrpcServerProtocolService$ServerRequestStreamObserver.onNext(GrpcServerProtocolService.java:124)
	at org.apache.ratis.thirdparty.io.grpc.stub.ServerCalls$StreamingServerCallHandler$StreamingServerCallListener.onMessage(ServerCalls.java:262)
	at org.apache.ratis.thirdparty.io.grpc.ForwardingServerCallListener.onMessage(ForwardingServerCallListener.java:33)
	at org.apache.ratis.thirdparty.io.grpc.internal.ServerCallImpl$ServerStreamListenerImpl.messagesAvailableInternal(ServerCallImpl.java:332)
	at org.apache.ratis.thirdparty.io.grpc.internal.ServerCallImpl$ServerStreamListenerImpl.messagesAvailable(ServerCallImpl.java:315)
	at org.apache.ratis.thirdparty.io.grpc.internal.ServerImpl$JumpToApplicationThreadServerStreamListener$1MessagesAvailable.runInContext(ServerImpl.java:834)
	at org.apache.ratis.thirdparty.io.grpc.internal.ContextRunnable.run(ContextRunnable.java:37)
	at org.apache.ratis.thirdparty.io.grpc.internal.SerializingExecutor.run(SerializingExecutor.java:133)
	at java.base/java.util.concurrent.ThreadPoolExecutor.runWorker(ThreadPoolExecutor.java:1128)
	at java.base/java.util.concurrent.ThreadPoolExecutor$Worker.run(ThreadPoolExecutor.java:628)
	at java.base/java.lang.Thread.run(Thread.java:829)
Caused by: java.util.concurrent.RejectedExecutionException: Task java.util.concurrent.CompletableFuture$AsyncSupply@50828f1 rejected from java.util.concurrent.ThreadPoolExecutor@3ad4e2b[Terminated, pool size = 0, active threads = 0, queued tasks = 0, completed tasks = 198]
	at java.base/java.util.concurrent.ThreadPoolExecutor$AbortPolicy.rejectedExecution(ThreadPoolExecutor.java:2055)
	at java.base/java.util.concurrent.ThreadPoolExecutor.reject(ThreadPoolExecutor.java:825)
	at java.base/java.util.concurrent.ThreadPoolExecutor.execute(ThreadPoolExecutor.java:1355)
	at java.base/java.util.concurrent.CompletableFuture.asyncSupplyStage(CompletableFuture.java:1714)
	at java.base/java.util.concurrent.CompletableFuture.supplyAsync(CompletableFuture.java:1931)
	at org.apache.ratis.server.impl.RaftServerImpl.executeSubmitServerRequestAsync(RaftServerImpl.java:812)
	at org.apache.ratis.server.impl.RaftServerProxy.lambda$appendEntriesAsync$27(RaftServerProxy.java:634)
	at java.base/java.util.concurrent.CompletableFuture.uniComposeStage(CompletableFuture.java:1106)
	... 15 more
2022-10-13 10:40:58,976 [grpc-default-executor-2] WARN  server.GrpcLogAppender (LogUtils.java:warn(124)) - s0@group-6905249F38B1->s1-AppendLogResponseHandler: Failed appendEntries
java.io.IOException: java.util.concurrent.RejectedExecutionException: Task java.util.concurrent.CompletableFuture$AsyncSupply@50828f1 rejected from java.util.concurrent.ThreadPoolExecutor@3ad4e2b[Terminated, pool size = 0, active threads = 0, queued tasks = 0, completed tasks = 198]
	at org.apache.ratis.util.IOUtils.asIOException(IOUtils.java:56)
	at org.apache.ratis.grpc.GrpcUtil.tryUnwrapException(GrpcUtil.java:121)
	at org.apache.ratis.grpc.GrpcUtil.unwrapThrowable(GrpcUtil.java:82)
	at org.apache.ratis.grpc.GrpcUtil.warn(GrpcUtil.java:178)
	at org.apache.ratis.grpc.server.GrpcLogAppender$AppendLogResponseHandler.onError(GrpcLogAppender.java:405)
	at org.apache.ratis.thirdparty.io.grpc.stub.ClientCalls$StreamObserverToCallListenerAdapter.onClose(ClientCalls.java:487)
	at org.apache.ratis.thirdparty.io.grpc.internal.ClientCallImpl.closeObserver(ClientCallImpl.java:562)
	at org.apache.ratis.thirdparty.io.grpc.internal.ClientCallImpl.access$300(ClientCallImpl.java:70)
	at org.apache.ratis.thirdparty.io.grpc.internal.ClientCallImpl$ClientStreamListenerImpl$1StreamClosed.runInternal(ClientCallImpl.java:743)
	at org.apache.ratis.thirdparty.io.grpc.internal.ClientCallImpl$ClientStreamListenerImpl$1StreamClosed.runInContext(ClientCallImpl.java:722)
	at org.apache.ratis.thirdparty.io.grpc.internal.ContextRunnable.run(ContextRunnable.java:37)
	at org.apache.ratis.thirdparty.io.grpc.internal.SerializingExecutor.run(SerializingExecutor.java:133)
	at java.base/java.util.concurrent.ThreadPoolExecutor.runWorker(ThreadPoolExecutor.java:1128)
	at java.base/java.util.concurrent.ThreadPoolExecutor$Worker.run(ThreadPoolExecutor.java:628)
	at java.base/java.lang.Thread.run(Thread.java:829)
Caused by: java.util.concurrent.RejectedExecutionException: Task java.util.concurrent.CompletableFuture$AsyncSupply@50828f1 rejected from java.util.concurrent.ThreadPoolExecutor@3ad4e2b[Terminated, pool size = 0, active threads = 0, queued tasks = 0, completed tasks = 198]
	at java.base/jdk.internal.reflect.GeneratedConstructorAccessor7.newInstance(Unknown Source)
	at java.base/jdk.internal.reflect.DelegatingConstructorAccessorImpl.newInstance(DelegatingConstructorAccessorImpl.java:45)
	at java.base/java.lang.reflect.Constructor.newInstance(Constructor.java:490)
	at org.apache.ratis.util.ReflectionUtils.instantiateException(ReflectionUtils.java:259)
	at org.apache.ratis.grpc.GrpcUtil.tryUnwrapException(GrpcUtil.java:120)
	... 13 more
Caused by: org.apache.ratis.thirdparty.io.grpc.StatusRuntimeException: INTERNAL: Task java.util.concurrent.CompletableFuture$AsyncSupply@50828f1 rejected from java.util.concurrent.ThreadPoolExecutor@3ad4e2b[Terminated, pool size = 0, active threads = 0, queued tasks = 0, completed tasks = 198]
	at org.apache.ratis.thirdparty.io.grpc.Status.asRuntimeException(Status.java:535)
	... 10 more
	Suppressed: java.lang.IllegalStateException: Failed to cast to class java.io.IOException, object=java.util.concurrent.RejectedExecutionException: Task java.util.concurrent.CompletableFuture$AsyncSupply@50828f1 rejected from java.util.concurrent.ThreadPoolExecutor@3ad4e2b[Terminated, pool size = 0, active threads = 0, queued tasks = 0, completed tasks = 198]
	at java.base/java.util.concurrent.ThreadPoolExecutor$AbortPolicy.rejectedExecution(ThreadPoolExecutor.java:2055)
	at java.base/java.util.concurrent.ThreadPoolExecutor.reject(ThreadPoolExecutor.java:825)
	at java.base/java.util.concurrent.ThreadPoolExecutor.execute(ThreadPoolExecutor.java:1355)
	at java.base/java.util.concurrent.CompletableFuture.asyncSupplyStage(CompletableFuture.java:1714)
	at java.base/java.util.concurrent.CompletableFuture.supplyAsync(CompletableFuture.java:1931)
	at org.apache.ratis.server.impl.RaftServerImpl.executeSubmitServerRequestAsync(RaftServerImpl.java:812)
	at org.apache.ratis.server.impl.RaftServerProxy.lambda$appendEntriesAsync$27(RaftServerProxy.java:634)
	at java.base/java.util.concurrent.CompletableFuture.uniComposeStage(CompletableFuture.java:1106)
	at java.base/java.util.concurrent.CompletableFuture.thenCompose(CompletableFuture.java:2235)
	at org.apache.ratis.server.impl.RaftServerProxy.appendEntriesAsync(RaftServerProxy.java:634)
	at org.apache.ratis.grpc.server.GrpcServerProtocolService$1.process(GrpcServerProtocolService.java:219)
	at org.apache.ratis.grpc.server.GrpcServerProtocolService$1.process(GrpcServerProtocolService.java:216)
	at org.apache.ratis.grpc.server.GrpcServerProtocolService$ServerRequestStreamObserver.onNext(GrpcServerProtocolService.java:124)
	at org.apache.ratis.thirdparty.io.grpc.stub.ServerCalls$StreamingServerCallHandler$StreamingServerCallListener.onMessage(ServerCalls.java:262)
	at org.apache.ratis.thirdparty.io.grpc.ForwardingServerCallListener.onMessage(ForwardingServerCallListener.java:33)
	at org.apache.ratis.thirdparty.io.grpc.internal.ServerCallImpl$ServerStreamListenerImpl.messagesAvailableInternal(ServerCallImpl.java:332)
	at org.apache.ratis.thirdparty.io.grpc.internal.ServerCallImpl$ServerStreamListenerImpl.messagesAvailable(ServerCallImpl.java:315)
	at org.apache.ratis.thirdparty.io.grpc.internal.ServerImpl$JumpToApplicationThreadServerStreamListener$1MessagesAvailable.runInContext(ServerImpl.java:834)
	at org.apache.ratis.thirdparty.io.grpc.internal.ContextRunnable.run(ContextRunnable.java:37)
	at org.apache.ratis.thirdparty.io.grpc.internal.SerializingExecutor.run(SerializingExecutor.java:133)
	at java.base/java.util.concurrent.ThreadPoolExecutor.runWorker(ThreadPoolExecutor.java:1128)
	at java.base/java.util.concurrent.ThreadPoolExecutor$Worker.run(ThreadPoolExecutor.java:628)
	at java.base/java.lang.Thread.run(Thread.java:829)

		at org.apache.ratis.util.IOUtils.readObject(IOUtils.java:237)
		at org.apache.ratis.util.IOUtils.bytes2Object(IOUtils.java:214)
		at org.apache.ratis.grpc.GrpcUtil.tryUnwrapException(GrpcUtil.java:109)
		at org.apache.ratis.grpc.GrpcUtil.unwrapThrowable(GrpcUtil.java:82)
		at org.apache.ratis.grpc.GrpcUtil.warn(GrpcUtil.java:178)
		at org.apache.ratis.grpc.server.GrpcLogAppender$AppendLogResponseHandler.onError(GrpcLogAppender.java:405)
		... 10 more
	Caused by: java.lang.ClassCastException: Cannot cast java.util.concurrent.RejectedExecutionException to java.io.IOException
		at java.base/java.lang.Class.cast(Class.java:3605)
		at org.apache.ratis.util.IOUtils.readObject(IOUtils.java:234)
		... 15 more
2022-10-13 10:40:58,977 [grpc-default-executor-2] INFO  leader.FollowerInfo (FollowerInfoImpl.java:lambda$new$0(48)) - s0@group-6905249F38B1->s1: nextIndex: updateUnconditionally 263 -> 259
2022-10-13 10:40:59,012 [grpc-default-executor-1] WARN  server.GrpcServerProtocolService (LogUtils.java:warn(124)) - s1: Failed APPEND_ENTRIES request s0->s1#448-t2,previous=(t:2, i:258),leaderCommit=262,initializing? true,entries: size=4, first=(t:2, i:259), CONFIGURATIONENTRY(current:id: "s0"
address: "localhost:46195"
dataStreamAddress: "localhost:39399"
clientAddress: "localhost:42765"
adminAddress: "localhost:44717"
startupRole: FOLLOWER
,id: "s1"
address: "0.0.0.0:46693"
clientAddress: "0.0.0.0:46693"
adminAddress: "0.0.0.0:46693"
startupRole: FOLLOWER
,id: "s2"
address: "0.0.0.0:36699"
clientAddress: "0.0.0.0:36699"
adminAddress: "0.0.0.0:36699"
startupRole: FOLLOWER
, old:id: "s0"
address: "localhost:46195"
dataStreamAddress: "localhost:39399"
clientAddress: "localhost:42765"
adminAddress: "localhost:44717"
startupRole: FOLLOWER
)
java.util.concurrent.CompletionException: java.util.concurrent.RejectedExecutionException: Task java.util.concurrent.CompletableFuture$AsyncSupply@5ded2139 rejected from java.util.concurrent.ThreadPoolExecutor@3ad4e2b[Terminated, pool size = 0, active threads = 0, queued tasks = 0, completed tasks = 198]
	at java.base/java.util.concurrent.CompletableFuture.encodeThrowable(CompletableFuture.java:314)
	at java.base/java.util.concurrent.CompletableFuture.uniComposeStage(CompletableFuture.java:1113)
	at java.base/java.util.concurrent.CompletableFuture.thenCompose(CompletableFuture.java:2235)
	at org.apache.ratis.server.impl.RaftServerProxy.appendEntriesAsync(RaftServerProxy.java:634)
	at org.apache.ratis.grpc.server.GrpcServerProtocolService$1.process(GrpcServerProtocolService.java:219)
	at org.apache.ratis.grpc.server.GrpcServerProtocolService$1.process(GrpcServerProtocolService.java:216)
	at org.apache.ratis.grpc.server.GrpcServerProtocolService$ServerRequestStreamObserver.onNext(GrpcServerProtocolService.java:124)
	at org.apache.ratis.thirdparty.io.grpc.stub.ServerCalls$StreamingServerCallHandler$StreamingServerCallListener.onMessage(ServerCalls.java:262)
	at org.apache.ratis.thirdparty.io.grpc.ForwardingServerCallListener.onMessage(ForwardingServerCallListener.java:33)
	at org.apache.ratis.thirdparty.io.grpc.internal.ServerCallImpl$ServerStreamListenerImpl.messagesAvailableInternal(ServerCallImpl.java:332)
	at org.apache.ratis.thirdparty.io.grpc.internal.ServerCallImpl$ServerStreamListenerImpl.messagesAvailable(ServerCallImpl.java:315)
	at org.apache.ratis.thirdparty.io.grpc.internal.ServerImpl$JumpToApplicationThreadServerStreamListener$1MessagesAvailable.runInContext(ServerImpl.java:834)
	at org.apache.ratis.thirdparty.io.grpc.internal.ContextRunnable.run(ContextRunnable.java:37)
	at org.apache.ratis.thirdparty.io.grpc.internal.SerializingExecutor.run(SerializingExecutor.java:133)
	at java.base/java.util.concurrent.ThreadPoolExecutor.runWorker(ThreadPoolExecutor.java:1128)
	at java.base/java.util.concurrent.ThreadPoolExecutor$Worker.run(ThreadPoolExecutor.java:628)
	at java.base/java.lang.Thread.run(Thread.java:829)
Caused by: java.util.concurrent.RejectedExecutionException: Task java.util.concurrent.CompletableFuture$AsyncSupply@5ded2139 rejected from java.util.concurrent.ThreadPoolExecutor@3ad4e2b[Terminated, pool size = 0, active threads = 0, queued tasks = 0, completed tasks = 198]
	at java.base/java.util.concurrent.ThreadPoolExecutor$AbortPolicy.rejectedExecution(ThreadPoolExecutor.java:2055)
	at java.base/java.util.concurrent.ThreadPoolExecutor.reject(ThreadPoolExecutor.java:825)
	at java.base/java.util.concurrent.ThreadPoolExecutor.execute(ThreadPoolExecutor.java:1355)
	at java.base/java.util.concurrent.CompletableFuture.asyncSupplyStage(CompletableFuture.java:1714)
	at java.base/java.util.concurrent.CompletableFuture.supplyAsync(CompletableFuture.java:1931)
	at org.apache.ratis.server.impl.RaftServerImpl.executeSubmitServerRequestAsync(RaftServerImpl.java:812)
	at org.apache.ratis.server.impl.RaftServerProxy.lambda$appendEntriesAsync$27(RaftServerProxy.java:634)
	at java.base/java.util.concurrent.CompletableFuture.uniComposeStage(CompletableFuture.java:1106)
	... 15 more
2022-10-13 10:40:59,014 [grpc-default-executor-2] WARN  server.GrpcLogAppender (LogUtils.java:warn(124)) - s0@group-6905249F38B1->s1-AppendLogResponseHandler: Failed appendEntries
java.io.IOException: java.util.concurrent.RejectedExecutionException: Task java.util.concurrent.CompletableFuture$AsyncSupply@5ded2139 rejected from java.util.concurrent.ThreadPoolExecutor@3ad4e2b[Terminated, pool size = 0, active threads = 0, queued tasks = 0, completed tasks = 198]
	at org.apache.ratis.util.IOUtils.asIOException(IOUtils.java:56)
	at org.apache.ratis.grpc.GrpcUtil.tryUnwrapException(GrpcUtil.java:121)
	at org.apache.ratis.grpc.GrpcUtil.unwrapThrowable(GrpcUtil.java:82)
	at org.apache.ratis.grpc.GrpcUtil.warn(GrpcUtil.java:178)
	at org.apache.ratis.grpc.server.GrpcLogAppender$AppendLogResponseHandler.onError(GrpcLogAppender.java:405)
	at org.apache.ratis.thirdparty.io.grpc.stub.ClientCalls$StreamObserverToCallListenerAdapter.onClose(ClientCalls.java:487)
	at org.apache.ratis.thirdparty.io.grpc.internal.ClientCallImpl.closeObserver(ClientCallImpl.java:562)
	at org.apache.ratis.thirdparty.io.grpc.internal.ClientCallImpl.access$300(ClientCallImpl.java:70)
	at org.apache.ratis.thirdparty.io.grpc.internal.ClientCallImpl$ClientStreamListenerImpl$1StreamClosed.runInternal(ClientCallImpl.java:743)
	at org.apache.ratis.thirdparty.io.grpc.internal.ClientCallImpl$ClientStreamListenerImpl$1StreamClosed.runInContext(ClientCallImpl.java:722)
	at org.apache.ratis.thirdparty.io.grpc.internal.ContextRunnable.run(ContextRunnable.java:37)
	at org.apache.ratis.thirdparty.io.grpc.internal.SerializingExecutor.run(SerializingExecutor.java:133)
	at java.base/java.util.concurrent.ThreadPoolExecutor.runWorker(ThreadPoolExecutor.java:1128)
	at java.base/java.util.concurrent.ThreadPoolExecutor$Worker.run(ThreadPoolExecutor.java:628)
	at java.base/java.lang.Thread.run(Thread.java:829)
Caused by: java.util.concurrent.RejectedExecutionException: Task java.util.concurrent.CompletableFuture$AsyncSupply@5ded2139 rejected from java.util.concurrent.ThreadPoolExecutor@3ad4e2b[Terminated, pool size = 0, active threads = 0, queued tasks = 0, completed tasks = 198]
	at java.base/jdk.internal.reflect.GeneratedConstructorAccessor7.newInstance(Unknown Source)
	at java.base/jdk.internal.reflect.DelegatingConstructorAccessorImpl.newInstance(DelegatingConstructorAccessorImpl.java:45)
	at java.base/java.lang.reflect.Constructor.newInstance(Constructor.java:490)
	at org.apache.ratis.util.ReflectionUtils.instantiateException(ReflectionUtils.java:259)
	at org.apache.ratis.grpc.GrpcUtil.tryUnwrapException(GrpcUtil.java:120)
	... 13 more
Caused by: org.apache.ratis.thirdparty.io.grpc.StatusRuntimeException: INTERNAL: Task java.util.concurrent.CompletableFuture$AsyncSupply@5ded2139 rejected from java.util.concurrent.ThreadPoolExecutor@3ad4e2b[Terminated, pool size = 0, active threads = 0, queued tasks = 0, completed tasks = 198]
	at org.apache.ratis.thirdparty.io.grpc.Status.asRuntimeException(Status.java:535)
	... 10 more
	Suppressed: java.lang.IllegalStateException: Failed to cast to class java.io.IOException, object=java.util.concurrent.RejectedExecutionException: Task java.util.concurrent.CompletableFuture$AsyncSupply@5ded2139 rejected from java.util.concurrent.ThreadPoolExecutor@3ad4e2b[Terminated, pool size = 0, active threads = 0, queued tasks = 0, completed tasks = 198]
	at java.base/java.util.concurrent.ThreadPoolExecutor$AbortPolicy.rejectedExecution(ThreadPoolExecutor.java:2055)
	at java.base/java.util.concurrent.ThreadPoolExecutor.reject(ThreadPoolExecutor.java:825)
	at java.base/java.util.concurrent.ThreadPoolExecutor.execute(ThreadPoolExecutor.java:1355)
	at java.base/java.util.concurrent.CompletableFuture.asyncSupplyStage(CompletableFuture.java:1714)
	at java.base/java.util.concurrent.CompletableFuture.supplyAsync(CompletableFuture.java:1931)
	at org.apache.ratis.server.impl.RaftServerImpl.executeSubmitServerRequestAsync(RaftServerImpl.java:812)
	at org.apache.ratis.server.impl.RaftServerProxy.lambda$appendEntriesAsync$27(RaftServerProxy.java:634)
	at java.base/java.util.concurrent.CompletableFuture.uniComposeStage(CompletableFuture.java:1106)
	at java.base/java.util.concurrent.CompletableFuture.thenCompose(CompletableFuture.java:2235)
	at org.apache.ratis.server.impl.RaftServerProxy.appendEntriesAsync(RaftServerProxy.java:634)
	at org.apache.ratis.grpc.server.GrpcServerProtocolService$1.process(GrpcServerProtocolService.java:219)
	at org.apache.ratis.grpc.server.GrpcServerProtocolService$1.process(GrpcServerProtocolService.java:216)
	at org.apache.ratis.grpc.server.GrpcServerProtocolService$ServerRequestStreamObserver.onNext(GrpcServerProtocolService.java:124)
	at org.apache.ratis.thirdparty.io.grpc.stub.ServerCalls$StreamingServerCallHandler$StreamingServerCallListener.onMessage(ServerCalls.java:262)
	at org.apache.ratis.thirdparty.io.grpc.ForwardingServerCallListener.onMessage(ForwardingServerCallListener.java:33)
	at org.apache.ratis.thirdparty.io.grpc.internal.ServerCallImpl$ServerStreamListenerImpl.messagesAvailableInternal(ServerCallImpl.java:332)
	at org.apache.ratis.thirdparty.io.grpc.internal.ServerCallImpl$ServerStreamListenerImpl.messagesAvailable(ServerCallImpl.java:315)
	at org.apache.ratis.thirdparty.io.grpc.internal.ServerImpl$JumpToApplicationThreadServerStreamListener$1MessagesAvailable.runInContext(ServerImpl.java:834)
	at org.apache.ratis.thirdparty.io.grpc.internal.ContextRunnable.run(ContextRunnable.java:37)
	at org.apache.ratis.thirdparty.io.grpc.internal.SerializingExecutor.run(SerializingExecutor.java:133)
	at java.base/java.util.concurrent.ThreadPoolExecutor.runWorker(ThreadPoolExecutor.java:1128)
	at java.base/java.util.concurrent.ThreadPoolExecutor$Worker.run(ThreadPoolExecutor.java:628)
	at java.base/java.lang.Thread.run(Thread.java:829)

		at org.apache.ratis.util.IOUtils.readObject(IOUtils.java:237)
		at org.apache.ratis.util.IOUtils.bytes2Object(IOUtils.java:214)
		at org.apache.ratis.grpc.GrpcUtil.tryUnwrapException(GrpcUtil.java:109)
		at org.apache.ratis.grpc.GrpcUtil.unwrapThrowable(GrpcUtil.java:82)
		at org.apache.ratis.grpc.GrpcUtil.warn(GrpcUtil.java:178)
		at org.apache.ratis.grpc.server.GrpcLogAppender$AppendLogResponseHandler.onError(GrpcLogAppender.java:405)
		... 10 more
	Caused by: java.lang.ClassCastException: Cannot cast java.util.concurrent.RejectedExecutionException to java.io.IOException
		at java.base/java.lang.Class.cast(Class.java:3605)
		at org.apache.ratis.util.IOUtils.readObject(IOUtils.java:234)
		... 15 more
2022-10-13 10:40:59,015 [grpc-default-executor-2] INFO  leader.FollowerInfo (FollowerInfoImpl.java:lambda$new$0(48)) - s0@group-6905249F38B1->s1: nextIndex: updateUnconditionally 263 -> 259
2022-10-13 10:40:59,049 [grpc-default-executor-1] WARN  server.GrpcServerProtocolService (LogUtils.java:warn(124)) - s1: Failed APPEND_ENTRIES request s0->s1#450-t2,previous=(t:2, i:258),leaderCommit=262,initializing? true,entries: size=4, first=(t:2, i:259), CONFIGURATIONENTRY(current:id: "s0"
address: "localhost:46195"
dataStreamAddress: "localhost:39399"
clientAddress: "localhost:42765"
adminAddress: "localhost:44717"
startupRole: FOLLOWER
,id: "s1"
address: "0.0.0.0:46693"
clientAddress: "0.0.0.0:46693"
adminAddress: "0.0.0.0:46693"
startupRole: FOLLOWER
,id: "s2"
address: "0.0.0.0:36699"
clientAddress: "0.0.0.0:36699"
adminAddress: "0.0.0.0:36699"
startupRole: FOLLOWER
, old:id: "s0"
address: "localhost:46195"
dataStreamAddress: "localhost:39399"
clientAddress: "localhost:42765"
adminAddress: "localhost:44717"
startupRole: FOLLOWER
)
java.util.concurrent.CompletionException: java.util.concurrent.RejectedExecutionException: Task java.util.concurrent.CompletableFuture$AsyncSupply@4319bf3d rejected from java.util.concurrent.ThreadPoolExecutor@3ad4e2b[Terminated, pool size = 0, active threads = 0, queued tasks = 0, completed tasks = 198]
	at java.base/java.util.concurrent.CompletableFuture.encodeThrowable(CompletableFuture.java:314)
	at java.base/java.util.concurrent.CompletableFuture.uniComposeStage(CompletableFuture.java:1113)
	at java.base/java.util.concurrent.CompletableFuture.thenCompose(CompletableFuture.java:2235)
	at org.apache.ratis.server.impl.RaftServerProxy.appendEntriesAsync(RaftServerProxy.java:634)
	at org.apache.ratis.grpc.server.GrpcServerProtocolService$1.process(GrpcServerProtocolService.java:219)
	at org.apache.ratis.grpc.server.GrpcServerProtocolService$1.process(GrpcServerProtocolService.java:216)
	at org.apache.ratis.grpc.server.GrpcServerProtocolService$ServerRequestStreamObserver.onNext(GrpcServerProtocolService.java:124)
	at org.apache.ratis.thirdparty.io.grpc.stub.ServerCalls$StreamingServerCallHandler$StreamingServerCallListener.onMessage(ServerCalls.java:262)
	at org.apache.ratis.thirdparty.io.grpc.ForwardingServerCallListener.onMessage(ForwardingServerCallListener.java:33)
	at org.apache.ratis.thirdparty.io.grpc.internal.ServerCallImpl$ServerStreamListenerImpl.messagesAvailableInternal(ServerCallImpl.java:332)
	at org.apache.ratis.thirdparty.io.grpc.internal.ServerCallImpl$ServerStreamListenerImpl.messagesAvailable(ServerCallImpl.java:315)
	at org.apache.ratis.thirdparty.io.grpc.internal.ServerImpl$JumpToApplicationThreadServerStreamListener$1MessagesAvailable.runInContext(ServerImpl.java:834)
	at org.apache.ratis.thirdparty.io.grpc.internal.ContextRunnable.run(ContextRunnable.java:37)
	at org.apache.ratis.thirdparty.io.grpc.internal.SerializingExecutor.run(SerializingExecutor.java:133)
	at java.base/java.util.concurrent.ThreadPoolExecutor.runWorker(ThreadPoolExecutor.java:1128)
	at java.base/java.util.concurrent.ThreadPoolExecutor$Worker.run(ThreadPoolExecutor.java:628)
	at java.base/java.lang.Thread.run(Thread.java:829)
Caused by: java.util.concurrent.RejectedExecutionException: Task java.util.concurrent.CompletableFuture$AsyncSupply@4319bf3d rejected from java.util.concurrent.ThreadPoolExecutor@3ad4e2b[Terminated, pool size = 0, active threads = 0, queued tasks = 0, completed tasks = 198]
	at java.base/java.util.concurrent.ThreadPoolExecutor$AbortPolicy.rejectedExecution(ThreadPoolExecutor.java:2055)
	at java.base/java.util.concurrent.ThreadPoolExecutor.reject(ThreadPoolExecutor.java:825)
	at java.base/java.util.concurrent.ThreadPoolExecutor.execute(ThreadPoolExecutor.java:1355)
	at java.base/java.util.concurrent.CompletableFuture.asyncSupplyStage(CompletableFuture.java:1714)
	at java.base/java.util.concurrent.CompletableFuture.supplyAsync(CompletableFuture.java:1931)
	at org.apache.ratis.server.impl.RaftServerImpl.executeSubmitServerRequestAsync(RaftServerImpl.java:812)
	at org.apache.ratis.server.impl.RaftServerProxy.lambda$appendEntriesAsync$27(RaftServerProxy.java:634)
	at java.base/java.util.concurrent.CompletableFuture.uniComposeStage(CompletableFuture.java:1106)
	... 15 more
2022-10-13 10:40:59,051 [grpc-default-executor-2] WARN  server.GrpcLogAppender (LogUtils.java:warn(124)) - s0@group-6905249F38B1->s1-AppendLogResponseHandler: Failed appendEntries
java.io.IOException: java.util.concurrent.RejectedExecutionException: Task java.util.concurrent.CompletableFuture$AsyncSupply@4319bf3d rejected from java.util.concurrent.ThreadPoolExecutor@3ad4e2b[Terminated, pool size = 0, active threads = 0, queued tasks = 0, completed tasks = 198]
	at org.apache.ratis.util.IOUtils.asIOException(IOUtils.java:56)
	at org.apache.ratis.grpc.GrpcUtil.tryUnwrapException(GrpcUtil.java:121)
	at org.apache.ratis.grpc.GrpcUtil.unwrapThrowable(GrpcUtil.java:82)
	at org.apache.ratis.grpc.GrpcUtil.warn(GrpcUtil.java:178)
	at org.apache.ratis.grpc.server.GrpcLogAppender$AppendLogResponseHandler.onError(GrpcLogAppender.java:405)
	at org.apache.ratis.thirdparty.io.grpc.stub.ClientCalls$StreamObserverToCallListenerAdapter.onClose(ClientCalls.java:487)
	at org.apache.ratis.thirdparty.io.grpc.internal.ClientCallImpl.closeObserver(ClientCallImpl.java:562)
	at org.apache.ratis.thirdparty.io.grpc.internal.ClientCallImpl.access$300(ClientCallImpl.java:70)
	at org.apache.ratis.thirdparty.io.grpc.internal.ClientCallImpl$ClientStreamListenerImpl$1StreamClosed.runInternal(ClientCallImpl.java:743)
	at org.apache.ratis.thirdparty.io.grpc.internal.ClientCallImpl$ClientStreamListenerImpl$1StreamClosed.runInContext(ClientCallImpl.java:722)
	at org.apache.ratis.thirdparty.io.grpc.internal.ContextRunnable.run(ContextRunnable.java:37)
	at org.apache.ratis.thirdparty.io.grpc.internal.SerializingExecutor.run(SerializingExecutor.java:133)
	at java.base/java.util.concurrent.ThreadPoolExecutor.runWorker(ThreadPoolExecutor.java:1128)
	at java.base/java.util.concurrent.ThreadPoolExecutor$Worker.run(ThreadPoolExecutor.java:628)
	at java.base/java.lang.Thread.run(Thread.java:829)
Caused by: java.util.concurrent.RejectedExecutionException: Task java.util.concurrent.CompletableFuture$AsyncSupply@4319bf3d rejected from java.util.concurrent.ThreadPoolExecutor@3ad4e2b[Terminated, pool size = 0, active threads = 0, queued tasks = 0, completed tasks = 198]
	at java.base/jdk.internal.reflect.GeneratedConstructorAccessor7.newInstance(Unknown Source)
	at java.base/jdk.internal.reflect.DelegatingConstructorAccessorImpl.newInstance(DelegatingConstructorAccessorImpl.java:45)
	at java.base/java.lang.reflect.Constructor.newInstance(Constructor.java:490)
	at org.apache.ratis.util.ReflectionUtils.instantiateException(ReflectionUtils.java:259)
	at org.apache.ratis.grpc.GrpcUtil.tryUnwrapException(GrpcUtil.java:120)
	... 13 more
Caused by: org.apache.ratis.thirdparty.io.grpc.StatusRuntimeException: INTERNAL: Task java.util.concurrent.CompletableFuture$AsyncSupply@4319bf3d rejected from java.util.concurrent.ThreadPoolExecutor@3ad4e2b[Terminated, pool size = 0, active threads = 0, queued tasks = 0, completed tasks = 198]
	at org.apache.ratis.thirdparty.io.grpc.Status.asRuntimeException(Status.java:535)
	... 10 more
	Suppressed: java.lang.IllegalStateException: Failed to cast to class java.io.IOException, object=java.util.concurrent.RejectedExecutionException: Task java.util.concurrent.CompletableFuture$AsyncSupply@4319bf3d rejected from java.util.concurrent.ThreadPoolExecutor@3ad4e2b[Terminated, pool size = 0, active threads = 0, queued tasks = 0, completed tasks = 198]
	at java.base/java.util.concurrent.ThreadPoolExecutor$AbortPolicy.rejectedExecution(ThreadPoolExecutor.java:2055)
	at java.base/java.util.concurrent.ThreadPoolExecutor.reject(ThreadPoolExecutor.java:825)
	at java.base/java.util.concurrent.ThreadPoolExecutor.execute(ThreadPoolExecutor.java:1355)
	at java.base/java.util.concurrent.CompletableFuture.asyncSupplyStage(CompletableFuture.java:1714)
	at java.base/java.util.concurrent.CompletableFuture.supplyAsync(CompletableFuture.java:1931)
	at org.apache.ratis.server.impl.RaftServerImpl.executeSubmitServerRequestAsync(RaftServerImpl.java:812)
	at org.apache.ratis.server.impl.RaftServerProxy.lambda$appendEntriesAsync$27(RaftServerProxy.java:634)
	at java.base/java.util.concurrent.CompletableFuture.uniComposeStage(CompletableFuture.java:1106)
	at java.base/java.util.concurrent.CompletableFuture.thenCompose(CompletableFuture.java:2235)
	at org.apache.ratis.server.impl.RaftServerProxy.appendEntriesAsync(RaftServerProxy.java:634)
	at org.apache.ratis.grpc.server.GrpcServerProtocolService$1.process(GrpcServerProtocolService.java:219)
	at org.apache.ratis.grpc.server.GrpcServerProtocolService$1.process(GrpcServerProtocolService.java:216)
	at org.apache.ratis.grpc.server.GrpcServerProtocolService$ServerRequestStreamObserver.onNext(GrpcServerProtocolService.java:124)
	at org.apache.ratis.thirdparty.io.grpc.stub.ServerCalls$StreamingServerCallHandler$StreamingServerCallListener.onMessage(ServerCalls.java:262)
	at org.apache.ratis.thirdparty.io.grpc.ForwardingServerCallListener.onMessage(ForwardingServerCallListener.java:33)
	at org.apache.ratis.thirdparty.io.grpc.internal.ServerCallImpl$ServerStreamListenerImpl.messagesAvailableInternal(ServerCallImpl.java:332)
	at org.apache.ratis.thirdparty.io.grpc.internal.ServerCallImpl$ServerStreamListenerImpl.messagesAvailable(ServerCallImpl.java:315)
	at org.apache.ratis.thirdparty.io.grpc.internal.ServerImpl$JumpToApplicationThreadServerStreamListener$1MessagesAvailable.runInContext(ServerImpl.java:834)
	at org.apache.ratis.thirdparty.io.grpc.internal.ContextRunnable.run(ContextRunnable.java:37)
	at org.apache.ratis.thirdparty.io.grpc.internal.SerializingExecutor.run(SerializingExecutor.java:133)
	at java.base/java.util.concurrent.ThreadPoolExecutor.runWorker(ThreadPoolExecutor.java:1128)
	at java.base/java.util.concurrent.ThreadPoolExecutor$Worker.run(ThreadPoolExecutor.java:628)
	at java.base/java.lang.Thread.run(Thread.java:829)

		at org.apache.ratis.util.IOUtils.readObject(IOUtils.java:237)
		at org.apache.ratis.util.IOUtils.bytes2Object(IOUtils.java:214)
		at org.apache.ratis.grpc.GrpcUtil.tryUnwrapException(GrpcUtil.java:109)
		at org.apache.ratis.grpc.GrpcUtil.unwrapThrowable(GrpcUtil.java:82)
		at org.apache.ratis.grpc.GrpcUtil.warn(GrpcUtil.java:178)
		at org.apache.ratis.grpc.server.GrpcLogAppender$AppendLogResponseHandler.onError(GrpcLogAppender.java:405)
		... 10 more
	Caused by: java.lang.ClassCastException: Cannot cast java.util.concurrent.RejectedExecutionException to java.io.IOException
		at java.base/java.lang.Class.cast(Class.java:3605)
		at org.apache.ratis.util.IOUtils.readObject(IOUtils.java:234)
		... 15 more
2022-10-13 10:40:59,051 [grpc-default-executor-2] INFO  leader.FollowerInfo (FollowerInfoImpl.java:lambda$new$0(48)) - s0@group-6905249F38B1->s1: nextIndex: updateUnconditionally 263 -> 259
2022-10-13 10:40:59,087 [grpc-default-executor-1] WARN  server.GrpcServerProtocolService (LogUtils.java:warn(124)) - s1: Failed APPEND_ENTRIES request s0->s1#452-t2,previous=(t:2, i:258),leaderCommit=262,initializing? true,entries: size=4, first=(t:2, i:259), CONFIGURATIONENTRY(current:id: "s0"
address: "localhost:46195"
dataStreamAddress: "localhost:39399"
clientAddress: "localhost:42765"
adminAddress: "localhost:44717"
startupRole: FOLLOWER
,id: "s1"
address: "0.0.0.0:46693"
clientAddress: "0.0.0.0:46693"
adminAddress: "0.0.0.0:46693"
startupRole: FOLLOWER
,id: "s2"
address: "0.0.0.0:36699"
clientAddress: "0.0.0.0:36699"
adminAddress: "0.0.0.0:36699"
startupRole: FOLLOWER
, old:id: "s0"
address: "localhost:46195"
dataStreamAddress: "localhost:39399"
clientAddress: "localhost:42765"
adminAddress: "localhost:44717"
startupRole: FOLLOWER
)
java.util.concurrent.CompletionException: java.util.concurrent.RejectedExecutionException: Task java.util.concurrent.CompletableFuture$AsyncSupply@30cbeb2a rejected from java.util.concurrent.ThreadPoolExecutor@3ad4e2b[Terminated, pool size = 0, active threads = 0, queued tasks = 0, completed tasks = 198]
	at java.base/java.util.concurrent.CompletableFuture.encodeThrowable(CompletableFuture.java:314)
	at java.base/java.util.concurrent.CompletableFuture.uniComposeStage(CompletableFuture.java:1113)
	at java.base/java.util.concurrent.CompletableFuture.thenCompose(CompletableFuture.java:2235)
	at org.apache.ratis.server.impl.RaftServerProxy.appendEntriesAsync(RaftServerProxy.java:634)
	at org.apache.ratis.grpc.server.GrpcServerProtocolService$1.process(GrpcServerProtocolService.java:219)
	at org.apache.ratis.grpc.server.GrpcServerProtocolService$1.process(GrpcServerProtocolService.java:216)
	at org.apache.ratis.grpc.server.GrpcServerProtocolService$ServerRequestStreamObserver.onNext(GrpcServerProtocolService.java:124)
	at org.apache.ratis.thirdparty.io.grpc.stub.ServerCalls$StreamingServerCallHandler$StreamingServerCallListener.onMessage(ServerCalls.java:262)
	at org.apache.ratis.thirdparty.io.grpc.ForwardingServerCallListener.onMessage(ForwardingServerCallListener.java:33)
	at org.apache.ratis.thirdparty.io.grpc.internal.ServerCallImpl$ServerStreamListenerImpl.messagesAvailableInternal(ServerCallImpl.java:332)
	at org.apache.ratis.thirdparty.io.grpc.internal.ServerCallImpl$ServerStreamListenerImpl.messagesAvailable(ServerCallImpl.java:315)
	at org.apache.ratis.thirdparty.io.grpc.internal.ServerImpl$JumpToApplicationThreadServerStreamListener$1MessagesAvailable.runInContext(ServerImpl.java:834)
	at org.apache.ratis.thirdparty.io.grpc.internal.ContextRunnable.run(ContextRunnable.java:37)
	at org.apache.ratis.thirdparty.io.grpc.internal.SerializingExecutor.run(SerializingExecutor.java:133)
	at java.base/java.util.concurrent.ThreadPoolExecutor.runWorker(ThreadPoolExecutor.java:1128)
	at java.base/java.util.concurrent.ThreadPoolExecutor$Worker.run(ThreadPoolExecutor.java:628)
	at java.base/java.lang.Thread.run(Thread.java:829)
Caused by: java.util.concurrent.RejectedExecutionException: Task java.util.concurrent.CompletableFuture$AsyncSupply@30cbeb2a rejected from java.util.concurrent.ThreadPoolExecutor@3ad4e2b[Terminated, pool size = 0, active threads = 0, queued tasks = 0, completed tasks = 198]
	at java.base/java.util.concurrent.ThreadPoolExecutor$AbortPolicy.rejectedExecution(ThreadPoolExecutor.java:2055)
	at java.base/java.util.concurrent.ThreadPoolExecutor.reject(ThreadPoolExecutor.java:825)
	at java.base/java.util.concurrent.ThreadPoolExecutor.execute(ThreadPoolExecutor.java:1355)
	at java.base/java.util.concurrent.CompletableFuture.asyncSupplyStage(CompletableFuture.java:1714)
	at java.base/java.util.concurrent.CompletableFuture.supplyAsync(CompletableFuture.java:1931)
	at org.apache.ratis.server.impl.RaftServerImpl.executeSubmitServerRequestAsync(RaftServerImpl.java:812)
	at org.apache.ratis.server.impl.RaftServerProxy.lambda$appendEntriesAsync$27(RaftServerProxy.java:634)
	at java.base/java.util.concurrent.CompletableFuture.uniComposeStage(CompletableFuture.java:1106)
	... 15 more
2022-10-13 10:40:59,089 [grpc-default-executor-1] WARN  server.GrpcLogAppender (LogUtils.java:warn(124)) - s0@group-6905249F38B1->s1-AppendLogResponseHandler: Failed appendEntries
java.io.IOException: java.util.concurrent.RejectedExecutionException: Task java.util.concurrent.CompletableFuture$AsyncSupply@30cbeb2a rejected from java.util.concurrent.ThreadPoolExecutor@3ad4e2b[Terminated, pool size = 0, active threads = 0, queued tasks = 0, completed tasks = 198]
	at org.apache.ratis.util.IOUtils.asIOException(IOUtils.java:56)
	at org.apache.ratis.grpc.GrpcUtil.tryUnwrapException(GrpcUtil.java:121)
	at org.apache.ratis.grpc.GrpcUtil.unwrapThrowable(GrpcUtil.java:82)
	at org.apache.ratis.grpc.GrpcUtil.warn(GrpcUtil.java:178)
	at org.apache.ratis.grpc.server.GrpcLogAppender$AppendLogResponseHandler.onError(GrpcLogAppender.java:405)
	at org.apache.ratis.thirdparty.io.grpc.stub.ClientCalls$StreamObserverToCallListenerAdapter.onClose(ClientCalls.java:487)
	at org.apache.ratis.thirdparty.io.grpc.internal.ClientCallImpl.closeObserver(ClientCallImpl.java:562)
	at org.apache.ratis.thirdparty.io.grpc.internal.ClientCallImpl.access$300(ClientCallImpl.java:70)
	at org.apache.ratis.thirdparty.io.grpc.internal.ClientCallImpl$ClientStreamListenerImpl$1StreamClosed.runInternal(ClientCallImpl.java:743)
	at org.apache.ratis.thirdparty.io.grpc.internal.ClientCallImpl$ClientStreamListenerImpl$1StreamClosed.runInContext(ClientCallImpl.java:722)
	at org.apache.ratis.thirdparty.io.grpc.internal.ContextRunnable.run(ContextRunnable.java:37)
	at org.apache.ratis.thirdparty.io.grpc.internal.SerializingExecutor.run(SerializingExecutor.java:133)
	at java.base/java.util.concurrent.ThreadPoolExecutor.runWorker(ThreadPoolExecutor.java:1128)
	at java.base/java.util.concurrent.ThreadPoolExecutor$Worker.run(ThreadPoolExecutor.java:628)
	at java.base/java.lang.Thread.run(Thread.java:829)
Caused by: java.util.concurrent.RejectedExecutionException: Task java.util.concurrent.CompletableFuture$AsyncSupply@30cbeb2a rejected from java.util.concurrent.ThreadPoolExecutor@3ad4e2b[Terminated, pool size = 0, active threads = 0, queued tasks = 0, completed tasks = 198]
	at java.base/jdk.internal.reflect.GeneratedConstructorAccessor7.newInstance(Unknown Source)
	at java.base/jdk.internal.reflect.DelegatingConstructorAccessorImpl.newInstance(DelegatingConstructorAccessorImpl.java:45)
	at java.base/java.lang.reflect.Constructor.newInstance(Constructor.java:490)
	at org.apache.ratis.util.ReflectionUtils.instantiateException(ReflectionUtils.java:259)
	at org.apache.ratis.grpc.GrpcUtil.tryUnwrapException(GrpcUtil.java:120)
	... 13 more
Caused by: org.apache.ratis.thirdparty.io.grpc.StatusRuntimeException: INTERNAL: Task java.util.concurrent.CompletableFuture$AsyncSupply@30cbeb2a rejected from java.util.concurrent.ThreadPoolExecutor@3ad4e2b[Terminated, pool size = 0, active threads = 0, queued tasks = 0, completed tasks = 198]
	at org.apache.ratis.thirdparty.io.grpc.Status.asRuntimeException(Status.java:535)
	... 10 more
	Suppressed: java.lang.IllegalStateException: Failed to cast to class java.io.IOException, object=java.util.concurrent.RejectedExecutionException: Task java.util.concurrent.CompletableFuture$AsyncSupply@30cbeb2a rejected from java.util.concurrent.ThreadPoolExecutor@3ad4e2b[Terminated, pool size = 0, active threads = 0, queued tasks = 0, completed tasks = 198]
	at java.base/java.util.concurrent.ThreadPoolExecutor$AbortPolicy.rejectedExecution(ThreadPoolExecutor.java:2055)
	at java.base/java.util.concurrent.ThreadPoolExecutor.reject(ThreadPoolExecutor.java:825)
	at java.base/java.util.concurrent.ThreadPoolExecutor.execute(ThreadPoolExecutor.java:1355)
	at java.base/java.util.concurrent.CompletableFuture.asyncSupplyStage(CompletableFuture.java:1714)
	at java.base/java.util.concurrent.CompletableFuture.supplyAsync(CompletableFuture.java:1931)
	at org.apache.ratis.server.impl.RaftServerImpl.executeSubmitServerRequestAsync(RaftServerImpl.java:812)
	at org.apache.ratis.server.impl.RaftServerProxy.lambda$appendEntriesAsync$27(RaftServerProxy.java:634)
	at java.base/java.util.concurrent.CompletableFuture.uniComposeStage(CompletableFuture.java:1106)
	at java.base/java.util.concurrent.CompletableFuture.thenCompose(CompletableFuture.java:2235)
	at org.apache.ratis.server.impl.RaftServerProxy.appendEntriesAsync(RaftServerProxy.java:634)
	at org.apache.ratis.grpc.server.GrpcServerProtocolService$1.process(GrpcServerProtocolService.java:219)
	at org.apache.ratis.grpc.server.GrpcServerProtocolService$1.process(GrpcServerProtocolService.java:216)
	at org.apache.ratis.grpc.server.GrpcServerProtocolService$ServerRequestStreamObserver.onNext(GrpcServerProtocolService.java:124)
	at org.apache.ratis.thirdparty.io.grpc.stub.ServerCalls$StreamingServerCallHandler$StreamingServerCallListener.onMessage(ServerCalls.java:262)
	at org.apache.ratis.thirdparty.io.grpc.ForwardingServerCallListener.onMessage(ForwardingServerCallListener.java:33)
	at org.apache.ratis.thirdparty.io.grpc.internal.ServerCallImpl$ServerStreamListenerImpl.messagesAvailableInternal(ServerCallImpl.java:332)
	at org.apache.ratis.thirdparty.io.grpc.internal.ServerCallImpl$ServerStreamListenerImpl.messagesAvailable(ServerCallImpl.java:315)
	at org.apache.ratis.thirdparty.io.grpc.internal.ServerImpl$JumpToApplicationThreadServerStreamListener$1MessagesAvailable.runInContext(ServerImpl.java:834)
	at org.apache.ratis.thirdparty.io.grpc.internal.ContextRunnable.run(ContextRunnable.java:37)
	at org.apache.ratis.thirdparty.io.grpc.internal.SerializingExecutor.run(SerializingExecutor.java:133)
	at java.base/java.util.concurrent.ThreadPoolExecutor.runWorker(ThreadPoolExecutor.java:1128)
	at java.base/java.util.concurrent.ThreadPoolExecutor$Worker.run(ThreadPoolExecutor.java:628)
	at java.base/java.lang.Thread.run(Thread.java:829)

		at org.apache.ratis.util.IOUtils.readObject(IOUtils.java:237)
		at org.apache.ratis.util.IOUtils.bytes2Object(IOUtils.java:214)
		at org.apache.ratis.grpc.GrpcUtil.tryUnwrapException(GrpcUtil.java:109)
		at org.apache.ratis.grpc.GrpcUtil.unwrapThrowable(GrpcUtil.java:82)
		at org.apache.ratis.grpc.GrpcUtil.warn(GrpcUtil.java:178)
		at org.apache.ratis.grpc.server.GrpcLogAppender$AppendLogResponseHandler.onError(GrpcLogAppender.java:405)
		... 10 more
	Caused by: java.lang.ClassCastException: Cannot cast java.util.concurrent.RejectedExecutionException to java.io.IOException
		at java.base/java.lang.Class.cast(Class.java:3605)
		at org.apache.ratis.util.IOUtils.readObject(IOUtils.java:234)
		... 15 more
2022-10-13 10:40:59,090 [grpc-default-executor-1] INFO  leader.FollowerInfo (FollowerInfoImpl.java:lambda$new$0(48)) - s0@group-6905249F38B1->s1: nextIndex: updateUnconditionally 263 -> 259
2022-10-13 10:40:59,125 [grpc-default-executor-1] WARN  server.GrpcServerProtocolService (LogUtils.java:warn(124)) - s1: Failed APPEND_ENTRIES request s0->s1#454-t2,previous=(t:2, i:258),leaderCommit=262,initializing? true,entries: size=4, first=(t:2, i:259), CONFIGURATIONENTRY(current:id: "s0"
address: "localhost:46195"
dataStreamAddress: "localhost:39399"
clientAddress: "localhost:42765"
adminAddress: "localhost:44717"
startupRole: FOLLOWER
,id: "s1"
address: "0.0.0.0:46693"
clientAddress: "0.0.0.0:46693"
adminAddress: "0.0.0.0:46693"
startupRole: FOLLOWER
,id: "s2"
address: "0.0.0.0:36699"
clientAddress: "0.0.0.0:36699"
adminAddress: "0.0.0.0:36699"
startupRole: FOLLOWER
, old:id: "s0"
address: "localhost:46195"
dataStreamAddress: "localhost:39399"
clientAddress: "localhost:42765"
adminAddress: "localhost:44717"
startupRole: FOLLOWER
)
java.util.concurrent.CompletionException: java.util.concurrent.RejectedExecutionException: Task java.util.concurrent.CompletableFuture$AsyncSupply@784d9b29 rejected from java.util.concurrent.ThreadPoolExecutor@3ad4e2b[Terminated, pool size = 0, active threads = 0, queued tasks = 0, completed tasks = 198]
	at java.base/java.util.concurrent.CompletableFuture.encodeThrowable(CompletableFuture.java:314)
	at java.base/java.util.concurrent.CompletableFuture.uniComposeStage(CompletableFuture.java:1113)
	at java.base/java.util.concurrent.CompletableFuture.thenCompose(CompletableFuture.java:2235)
	at org.apache.ratis.server.impl.RaftServerProxy.appendEntriesAsync(RaftServerProxy.java:634)
	at org.apache.ratis.grpc.server.GrpcServerProtocolService$1.process(GrpcServerProtocolService.java:219)
	at org.apache.ratis.grpc.server.GrpcServerProtocolService$1.process(GrpcServerProtocolService.java:216)
	at org.apache.ratis.grpc.server.GrpcServerProtocolService$ServerRequestStreamObserver.onNext(GrpcServerProtocolService.java:124)
	at org.apache.ratis.thirdparty.io.grpc.stub.ServerCalls$StreamingServerCallHandler$StreamingServerCallListener.onMessage(ServerCalls.java:262)
	at org.apache.ratis.thirdparty.io.grpc.ForwardingServerCallListener.onMessage(ForwardingServerCallListener.java:33)
	at org.apache.ratis.thirdparty.io.grpc.internal.ServerCallImpl$ServerStreamListenerImpl.messagesAvailableInternal(ServerCallImpl.java:332)
	at org.apache.ratis.thirdparty.io.grpc.internal.ServerCallImpl$ServerStreamListenerImpl.messagesAvailable(ServerCallImpl.java:315)
	at org.apache.ratis.thirdparty.io.grpc.internal.ServerImpl$JumpToApplicationThreadServerStreamListener$1MessagesAvailable.runInContext(ServerImpl.java:834)
	at org.apache.ratis.thirdparty.io.grpc.internal.ContextRunnable.run(ContextRunnable.java:37)
	at org.apache.ratis.thirdparty.io.grpc.internal.SerializingExecutor.run(SerializingExecutor.java:133)
	at java.base/java.util.concurrent.ThreadPoolExecutor.runWorker(ThreadPoolExecutor.java:1128)
	at java.base/java.util.concurrent.ThreadPoolExecutor$Worker.run(ThreadPoolExecutor.java:628)
	at java.base/java.lang.Thread.run(Thread.java:829)
Caused by: java.util.concurrent.RejectedExecutionException: Task java.util.concurrent.CompletableFuture$AsyncSupply@784d9b29 rejected from java.util.concurrent.ThreadPoolExecutor@3ad4e2b[Terminated, pool size = 0, active threads = 0, queued tasks = 0, completed tasks = 198]
	at java.base/java.util.concurrent.ThreadPoolExecutor$AbortPolicy.rejectedExecution(ThreadPoolExecutor.java:2055)
	at java.base/java.util.concurrent.ThreadPoolExecutor.reject(ThreadPoolExecutor.java:825)
	at java.base/java.util.concurrent.ThreadPoolExecutor.execute(ThreadPoolExecutor.java:1355)
	at java.base/java.util.concurrent.CompletableFuture.asyncSupplyStage(CompletableFuture.java:1714)
	at java.base/java.util.concurrent.CompletableFuture.supplyAsync(CompletableFuture.java:1931)
	at org.apache.ratis.server.impl.RaftServerImpl.executeSubmitServerRequestAsync(RaftServerImpl.java:812)
	at org.apache.ratis.server.impl.RaftServerProxy.lambda$appendEntriesAsync$27(RaftServerProxy.java:634)
	at java.base/java.util.concurrent.CompletableFuture.uniComposeStage(CompletableFuture.java:1106)
	... 15 more
2022-10-13 10:40:59,126 [grpc-default-executor-3] WARN  server.GrpcLogAppender (LogUtils.java:warn(124)) - s0@group-6905249F38B1->s1-AppendLogResponseHandler: Failed appendEntries
java.io.IOException: java.util.concurrent.RejectedExecutionException: Task java.util.concurrent.CompletableFuture$AsyncSupply@784d9b29 rejected from java.util.concurrent.ThreadPoolExecutor@3ad4e2b[Terminated, pool size = 0, active threads = 0, queued tasks = 0, completed tasks = 198]
	at org.apache.ratis.util.IOUtils.asIOException(IOUtils.java:56)
	at org.apache.ratis.grpc.GrpcUtil.tryUnwrapException(GrpcUtil.java:121)
	at org.apache.ratis.grpc.GrpcUtil.unwrapThrowable(GrpcUtil.java:82)
	at org.apache.ratis.grpc.GrpcUtil.warn(GrpcUtil.java:178)
	at org.apache.ratis.grpc.server.GrpcLogAppender$AppendLogResponseHandler.onError(GrpcLogAppender.java:405)
	at org.apache.ratis.thirdparty.io.grpc.stub.ClientCalls$StreamObserverToCallListenerAdapter.onClose(ClientCalls.java:487)
	at org.apache.ratis.thirdparty.io.grpc.internal.ClientCallImpl.closeObserver(ClientCallImpl.java:562)
	at org.apache.ratis.thirdparty.io.grpc.internal.ClientCallImpl.access$300(ClientCallImpl.java:70)
	at org.apache.ratis.thirdparty.io.grpc.internal.ClientCallImpl$ClientStreamListenerImpl$1StreamClosed.runInternal(ClientCallImpl.java:743)
	at org.apache.ratis.thirdparty.io.grpc.internal.ClientCallImpl$ClientStreamListenerImpl$1StreamClosed.runInContext(ClientCallImpl.java:722)
	at org.apache.ratis.thirdparty.io.grpc.internal.ContextRunnable.run(ContextRunnable.java:37)
	at org.apache.ratis.thirdparty.io.grpc.internal.SerializingExecutor.run(SerializingExecutor.java:133)
	at java.base/java.util.concurrent.ThreadPoolExecutor.runWorker(ThreadPoolExecutor.java:1128)
	at java.base/java.util.concurrent.ThreadPoolExecutor$Worker.run(ThreadPoolExecutor.java:628)
	at java.base/java.lang.Thread.run(Thread.java:829)
Caused by: java.util.concurrent.RejectedExecutionException: Task java.util.concurrent.CompletableFuture$AsyncSupply@784d9b29 rejected from java.util.concurrent.ThreadPoolExecutor@3ad4e2b[Terminated, pool size = 0, active threads = 0, queued tasks = 0, completed tasks = 198]
	at java.base/jdk.internal.reflect.GeneratedConstructorAccessor7.newInstance(Unknown Source)
	at java.base/jdk.internal.reflect.DelegatingConstructorAccessorImpl.newInstance(DelegatingConstructorAccessorImpl.java:45)
	at java.base/java.lang.reflect.Constructor.newInstance(Constructor.java:490)
	at org.apache.ratis.util.ReflectionUtils.instantiateException(ReflectionUtils.java:259)
	at org.apache.ratis.grpc.GrpcUtil.tryUnwrapException(GrpcUtil.java:120)
	... 13 more
Caused by: org.apache.ratis.thirdparty.io.grpc.StatusRuntimeException: INTERNAL: Task java.util.concurrent.CompletableFuture$AsyncSupply@784d9b29 rejected from java.util.concurrent.ThreadPoolExecutor@3ad4e2b[Terminated, pool size = 0, active threads = 0, queued tasks = 0, completed tasks = 198]
	at org.apache.ratis.thirdparty.io.grpc.Status.asRuntimeException(Status.java:535)
	... 10 more
	Suppressed: java.lang.IllegalStateException: Failed to cast to class java.io.IOException, object=java.util.concurrent.RejectedExecutionException: Task java.util.concurrent.CompletableFuture$AsyncSupply@784d9b29 rejected from java.util.concurrent.ThreadPoolExecutor@3ad4e2b[Terminated, pool size = 0, active threads = 0, queued tasks = 0, completed tasks = 198]
	at java.base/java.util.concurrent.ThreadPoolExecutor$AbortPolicy.rejectedExecution(ThreadPoolExecutor.java:2055)
	at java.base/java.util.concurrent.ThreadPoolExecutor.reject(ThreadPoolExecutor.java:825)
	at java.base/java.util.concurrent.ThreadPoolExecutor.execute(ThreadPoolExecutor.java:1355)
	at java.base/java.util.concurrent.CompletableFuture.asyncSupplyStage(CompletableFuture.java:1714)
	at java.base/java.util.concurrent.CompletableFuture.supplyAsync(CompletableFuture.java:1931)
	at org.apache.ratis.server.impl.RaftServerImpl.executeSubmitServerRequestAsync(RaftServerImpl.java:812)
	at org.apache.ratis.server.impl.RaftServerProxy.lambda$appendEntriesAsync$27(RaftServerProxy.java:634)
	at java.base/java.util.concurrent.CompletableFuture.uniComposeStage(CompletableFuture.java:1106)
	at java.base/java.util.concurrent.CompletableFuture.thenCompose(CompletableFuture.java:2235)
	at org.apache.ratis.server.impl.RaftServerProxy.appendEntriesAsync(RaftServerProxy.java:634)
	at org.apache.ratis.grpc.server.GrpcServerProtocolService$1.process(GrpcServerProtocolService.java:219)
	at org.apache.ratis.grpc.server.GrpcServerProtocolService$1.process(GrpcServerProtocolService.java:216)
	at org.apache.ratis.grpc.server.GrpcServerProtocolService$ServerRequestStreamObserver.onNext(GrpcServerProtocolService.java:124)
	at org.apache.ratis.thirdparty.io.grpc.stub.ServerCalls$StreamingServerCallHandler$StreamingServerCallListener.onMessage(ServerCalls.java:262)
	at org.apache.ratis.thirdparty.io.grpc.ForwardingServerCallListener.onMessage(ForwardingServerCallListener.java:33)
	at org.apache.ratis.thirdparty.io.grpc.internal.ServerCallImpl$ServerStreamListenerImpl.messagesAvailableInternal(ServerCallImpl.java:332)
	at org.apache.ratis.thirdparty.io.grpc.internal.ServerCallImpl$ServerStreamListenerImpl.messagesAvailable(ServerCallImpl.java:315)
	at org.apache.ratis.thirdparty.io.grpc.internal.ServerImpl$JumpToApplicationThreadServerStreamListener$1MessagesAvailable.runInContext(ServerImpl.java:834)
	at org.apache.ratis.thirdparty.io.grpc.internal.ContextRunnable.run(ContextRunnable.java:37)
	at org.apache.ratis.thirdparty.io.grpc.internal.SerializingExecutor.run(SerializingExecutor.java:133)
	at java.base/java.util.concurrent.ThreadPoolExecutor.runWorker(ThreadPoolExecutor.java:1128)
	at java.base/java.util.concurrent.ThreadPoolExecutor$Worker.run(ThreadPoolExecutor.java:628)
	at java.base/java.lang.Thread.run(Thread.java:829)

		at org.apache.ratis.util.IOUtils.readObject(IOUtils.java:237)
		at org.apache.ratis.util.IOUtils.bytes2Object(IOUtils.java:214)
		at org.apache.ratis.grpc.GrpcUtil.tryUnwrapException(GrpcUtil.java:109)
		at org.apache.ratis.grpc.GrpcUtil.unwrapThrowable(GrpcUtil.java:82)
		at org.apache.ratis.grpc.GrpcUtil.warn(GrpcUtil.java:178)
		at org.apache.ratis.grpc.server.GrpcLogAppender$AppendLogResponseHandler.onError(GrpcLogAppender.java:405)
		... 10 more
	Caused by: java.lang.ClassCastException: Cannot cast java.util.concurrent.RejectedExecutionException to java.io.IOException
		at java.base/java.lang.Class.cast(Class.java:3605)
		at org.apache.ratis.util.IOUtils.readObject(IOUtils.java:234)
		... 15 more
2022-10-13 10:40:59,127 [grpc-default-executor-3] INFO  leader.FollowerInfo (FollowerInfoImpl.java:lambda$new$0(48)) - s0@group-6905249F38B1->s1: nextIndex: updateUnconditionally 263 -> 259
2022-10-13 10:40:59,162 [grpc-default-executor-1] WARN  server.GrpcServerProtocolService (LogUtils.java:warn(124)) - s1: Failed APPEND_ENTRIES request s0->s1#456-t2,previous=(t:2, i:258),leaderCommit=262,initializing? true,entries: size=4, first=(t:2, i:259), CONFIGURATIONENTRY(current:id: "s0"
address: "localhost:46195"
dataStreamAddress: "localhost:39399"
clientAddress: "localhost:42765"
adminAddress: "localhost:44717"
startupRole: FOLLOWER
,id: "s1"
address: "0.0.0.0:46693"
clientAddress: "0.0.0.0:46693"
adminAddress: "0.0.0.0:46693"
startupRole: FOLLOWER
,id: "s2"
address: "0.0.0.0:36699"
clientAddress: "0.0.0.0:36699"
adminAddress: "0.0.0.0:36699"
startupRole: FOLLOWER
, old:id: "s0"
address: "localhost:46195"
dataStreamAddress: "localhost:39399"
clientAddress: "localhost:42765"
adminAddress: "localhost:44717"
startupRole: FOLLOWER
)
java.util.concurrent.CompletionException: java.util.concurrent.RejectedExecutionException: Task java.util.concurrent.CompletableFuture$AsyncSupply@3406fa86 rejected from java.util.concurrent.ThreadPoolExecutor@3ad4e2b[Terminated, pool size = 0, active threads = 0, queued tasks = 0, completed tasks = 198]
	at java.base/java.util.concurrent.CompletableFuture.encodeThrowable(CompletableFuture.java:314)
	at java.base/java.util.concurrent.CompletableFuture.uniComposeStage(CompletableFuture.java:1113)
	at java.base/java.util.concurrent.CompletableFuture.thenCompose(CompletableFuture.java:2235)
	at org.apache.ratis.server.impl.RaftServerProxy.appendEntriesAsync(RaftServerProxy.java:634)
	at org.apache.ratis.grpc.server.GrpcServerProtocolService$1.process(GrpcServerProtocolService.java:219)
	at org.apache.ratis.grpc.server.GrpcServerProtocolService$1.process(GrpcServerProtocolService.java:216)
	at org.apache.ratis.grpc.server.GrpcServerProtocolService$ServerRequestStreamObserver.onNext(GrpcServerProtocolService.java:124)
	at org.apache.ratis.thirdparty.io.grpc.stub.ServerCalls$StreamingServerCallHandler$StreamingServerCallListener.onMessage(ServerCalls.java:262)
	at org.apache.ratis.thirdparty.io.grpc.ForwardingServerCallListener.onMessage(ForwardingServerCallListener.java:33)
	at org.apache.ratis.thirdparty.io.grpc.internal.ServerCallImpl$ServerStreamListenerImpl.messagesAvailableInternal(ServerCallImpl.java:332)
	at org.apache.ratis.thirdparty.io.grpc.internal.ServerCallImpl$ServerStreamListenerImpl.messagesAvailable(ServerCallImpl.java:315)
	at org.apache.ratis.thirdparty.io.grpc.internal.ServerImpl$JumpToApplicationThreadServerStreamListener$1MessagesAvailable.runInContext(ServerImpl.java:834)
	at org.apache.ratis.thirdparty.io.grpc.internal.ContextRunnable.run(ContextRunnable.java:37)
	at org.apache.ratis.thirdparty.io.grpc.internal.SerializingExecutor.run(SerializingExecutor.java:133)
	at java.base/java.util.concurrent.ThreadPoolExecutor.runWorker(ThreadPoolExecutor.java:1128)
	at java.base/java.util.concurrent.ThreadPoolExecutor$Worker.run(ThreadPoolExecutor.java:628)
	at java.base/java.lang.Thread.run(Thread.java:829)
Caused by: java.util.concurrent.RejectedExecutionException: Task java.util.concurrent.CompletableFuture$AsyncSupply@3406fa86 rejected from java.util.concurrent.ThreadPoolExecutor@3ad4e2b[Terminated, pool size = 0, active threads = 0, queued tasks = 0, completed tasks = 198]
	at java.base/java.util.concurrent.ThreadPoolExecutor$AbortPolicy.rejectedExecution(ThreadPoolExecutor.java:2055)
	at java.base/java.util.concurrent.ThreadPoolExecutor.reject(ThreadPoolExecutor.java:825)
	at java.base/java.util.concurrent.ThreadPoolExecutor.execute(ThreadPoolExecutor.java:1355)
	at java.base/java.util.concurrent.CompletableFuture.asyncSupplyStage(CompletableFuture.java:1714)
	at java.base/java.util.concurrent.CompletableFuture.supplyAsync(CompletableFuture.java:1931)
	at org.apache.ratis.server.impl.RaftServerImpl.executeSubmitServerRequestAsync(RaftServerImpl.java:812)
	at org.apache.ratis.server.impl.RaftServerProxy.lambda$appendEntriesAsync$27(RaftServerProxy.java:634)
	at java.base/java.util.concurrent.CompletableFuture.uniComposeStage(CompletableFuture.java:1106)
	... 15 more
2022-10-13 10:40:59,164 [grpc-default-executor-1] WARN  server.GrpcLogAppender (LogUtils.java:warn(124)) - s0@group-6905249F38B1->s1-AppendLogResponseHandler: Failed appendEntries
java.io.IOException: java.util.concurrent.RejectedExecutionException: Task java.util.concurrent.CompletableFuture$AsyncSupply@3406fa86 rejected from java.util.concurrent.ThreadPoolExecutor@3ad4e2b[Terminated, pool size = 0, active threads = 0, queued tasks = 0, completed tasks = 198]
	at org.apache.ratis.util.IOUtils.asIOException(IOUtils.java:56)
	at org.apache.ratis.grpc.GrpcUtil.tryUnwrapException(GrpcUtil.java:121)
	at org.apache.ratis.grpc.GrpcUtil.unwrapThrowable(GrpcUtil.java:82)
	at org.apache.ratis.grpc.GrpcUtil.warn(GrpcUtil.java:178)
	at org.apache.ratis.grpc.server.GrpcLogAppender$AppendLogResponseHandler.onError(GrpcLogAppender.java:405)
	at org.apache.ratis.thirdparty.io.grpc.stub.ClientCalls$StreamObserverToCallListenerAdapter.onClose(ClientCalls.java:487)
	at org.apache.ratis.thirdparty.io.grpc.internal.ClientCallImpl.closeObserver(ClientCallImpl.java:562)
	at org.apache.ratis.thirdparty.io.grpc.internal.ClientCallImpl.access$300(ClientCallImpl.java:70)
	at org.apache.ratis.thirdparty.io.grpc.internal.ClientCallImpl$ClientStreamListenerImpl$1StreamClosed.runInternal(ClientCallImpl.java:743)
	at org.apache.ratis.thirdparty.io.grpc.internal.ClientCallImpl$ClientStreamListenerImpl$1StreamClosed.runInContext(ClientCallImpl.java:722)
	at org.apache.ratis.thirdparty.io.grpc.internal.ContextRunnable.run(ContextRunnable.java:37)
	at org.apache.ratis.thirdparty.io.grpc.internal.SerializingExecutor.run(SerializingExecutor.java:133)
	at java.base/java.util.concurrent.ThreadPoolExecutor.runWorker(ThreadPoolExecutor.java:1128)
	at java.base/java.util.concurrent.ThreadPoolExecutor$Worker.run(ThreadPoolExecutor.java:628)
	at java.base/java.lang.Thread.run(Thread.java:829)
Caused by: java.util.concurrent.RejectedExecutionException: Task java.util.concurrent.CompletableFuture$AsyncSupply@3406fa86 rejected from java.util.concurrent.ThreadPoolExecutor@3ad4e2b[Terminated, pool size = 0, active threads = 0, queued tasks = 0, completed tasks = 198]
	at java.base/jdk.internal.reflect.GeneratedConstructorAccessor7.newInstance(Unknown Source)
	at java.base/jdk.internal.reflect.DelegatingConstructorAccessorImpl.newInstance(DelegatingConstructorAccessorImpl.java:45)
	at java.base/java.lang.reflect.Constructor.newInstance(Constructor.java:490)
	at org.apache.ratis.util.ReflectionUtils.instantiateException(ReflectionUtils.java:259)
	at org.apache.ratis.grpc.GrpcUtil.tryUnwrapException(GrpcUtil.java:120)
	... 13 more
Caused by: org.apache.ratis.thirdparty.io.grpc.StatusRuntimeException: INTERNAL: Task java.util.concurrent.CompletableFuture$AsyncSupply@3406fa86 rejected from java.util.concurrent.ThreadPoolExecutor@3ad4e2b[Terminated, pool size = 0, active threads = 0, queued tasks = 0, completed tasks = 198]
	at org.apache.ratis.thirdparty.io.grpc.Status.asRuntimeException(Status.java:535)
	... 10 more
	Suppressed: java.lang.IllegalStateException: Failed to cast to class java.io.IOException, object=java.util.concurrent.RejectedExecutionException: Task java.util.concurrent.CompletableFuture$AsyncSupply@3406fa86 rejected from java.util.concurrent.ThreadPoolExecutor@3ad4e2b[Terminated, pool size = 0, active threads = 0, queued tasks = 0, completed tasks = 198]
	at java.base/java.util.concurrent.ThreadPoolExecutor$AbortPolicy.rejectedExecution(ThreadPoolExecutor.java:2055)
	at java.base/java.util.concurrent.ThreadPoolExecutor.reject(ThreadPoolExecutor.java:825)
	at java.base/java.util.concurrent.ThreadPoolExecutor.execute(ThreadPoolExecutor.java:1355)
	at java.base/java.util.concurrent.CompletableFuture.asyncSupplyStage(CompletableFuture.java:1714)
	at java.base/java.util.concurrent.CompletableFuture.supplyAsync(CompletableFuture.java:1931)
	at org.apache.ratis.server.impl.RaftServerImpl.executeSubmitServerRequestAsync(RaftServerImpl.java:812)
	at org.apache.ratis.server.impl.RaftServerProxy.lambda$appendEntriesAsync$27(RaftServerProxy.java:634)
	at java.base/java.util.concurrent.CompletableFuture.uniComposeStage(CompletableFuture.java:1106)
	at java.base/java.util.concurrent.CompletableFuture.thenCompose(CompletableFuture.java:2235)
	at org.apache.ratis.server.impl.RaftServerProxy.appendEntriesAsync(RaftServerProxy.java:634)
	at org.apache.ratis.grpc.server.GrpcServerProtocolService$1.process(GrpcServerProtocolService.java:219)
	at org.apache.ratis.grpc.server.GrpcServerProtocolService$1.process(GrpcServerProtocolService.java:216)
	at org.apache.ratis.grpc.server.GrpcServerProtocolService$ServerRequestStreamObserver.onNext(GrpcServerProtocolService.java:124)
	at org.apache.ratis.thirdparty.io.grpc.stub.ServerCalls$StreamingServerCallHandler$StreamingServerCallListener.onMessage(ServerCalls.java:262)
	at org.apache.ratis.thirdparty.io.grpc.ForwardingServerCallListener.onMessage(ForwardingServerCallListener.java:33)
	at org.apache.ratis.thirdparty.io.grpc.internal.ServerCallImpl$ServerStreamListenerImpl.messagesAvailableInternal(ServerCallImpl.java:332)
	at org.apache.ratis.thirdparty.io.grpc.internal.ServerCallImpl$ServerStreamListenerImpl.messagesAvailable(ServerCallImpl.java:315)
	at org.apache.ratis.thirdparty.io.grpc.internal.ServerImpl$JumpToApplicationThreadServerStreamListener$1MessagesAvailable.runInContext(ServerImpl.java:834)
	at org.apache.ratis.thirdparty.io.grpc.internal.ContextRunnable.run(ContextRunnable.java:37)
	at org.apache.ratis.thirdparty.io.grpc.internal.SerializingExecutor.run(SerializingExecutor.java:133)
	at java.base/java.util.concurrent.ThreadPoolExecutor.runWorker(ThreadPoolExecutor.java:1128)
	at java.base/java.util.concurrent.ThreadPoolExecutor$Worker.run(ThreadPoolExecutor.java:628)
	at java.base/java.lang.Thread.run(Thread.java:829)

		at org.apache.ratis.util.IOUtils.readObject(IOUtils.java:237)
		at org.apache.ratis.util.IOUtils.bytes2Object(IOUtils.java:214)
		at org.apache.ratis.grpc.GrpcUtil.tryUnwrapException(GrpcUtil.java:109)
		at org.apache.ratis.grpc.GrpcUtil.unwrapThrowable(GrpcUtil.java:82)
		at org.apache.ratis.grpc.GrpcUtil.warn(GrpcUtil.java:178)
		at org.apache.ratis.grpc.server.GrpcLogAppender$AppendLogResponseHandler.onError(GrpcLogAppender.java:405)
		... 10 more
	Caused by: java.lang.ClassCastException: Cannot cast java.util.concurrent.RejectedExecutionException to java.io.IOException
		at java.base/java.lang.Class.cast(Class.java:3605)
		at org.apache.ratis.util.IOUtils.readObject(IOUtils.java:234)
		... 15 more
2022-10-13 10:40:59,164 [grpc-default-executor-1] INFO  leader.FollowerInfo (FollowerInfoImpl.java:lambda$new$0(48)) - s0@group-6905249F38B1->s1: nextIndex: updateUnconditionally 263 -> 259
2022-10-13 10:40:59,200 [grpc-default-executor-1] WARN  server.GrpcServerProtocolService (LogUtils.java:warn(124)) - s1: Failed APPEND_ENTRIES request s0->s1#458-t2,previous=(t:2, i:258),leaderCommit=262,initializing? true,entries: size=4, first=(t:2, i:259), CONFIGURATIONENTRY(current:id: "s0"
address: "localhost:46195"
dataStreamAddress: "localhost:39399"
clientAddress: "localhost:42765"
adminAddress: "localhost:44717"
startupRole: FOLLOWER
,id: "s1"
address: "0.0.0.0:46693"
clientAddress: "0.0.0.0:46693"
adminAddress: "0.0.0.0:46693"
startupRole: FOLLOWER
,id: "s2"
address: "0.0.0.0:36699"
clientAddress: "0.0.0.0:36699"
adminAddress: "0.0.0.0:36699"
startupRole: FOLLOWER
, old:id: "s0"
address: "localhost:46195"
dataStreamAddress: "localhost:39399"
clientAddress: "localhost:42765"
adminAddress: "localhost:44717"
startupRole: FOLLOWER
)
java.util.concurrent.CompletionException: java.util.concurrent.RejectedExecutionException: Task java.util.concurrent.CompletableFuture$AsyncSupply@36deb3e9 rejected from java.util.concurrent.ThreadPoolExecutor@3ad4e2b[Terminated, pool size = 0, active threads = 0, queued tasks = 0, completed tasks = 198]
	at java.base/java.util.concurrent.CompletableFuture.encodeThrowable(CompletableFuture.java:314)
	at java.base/java.util.concurrent.CompletableFuture.uniComposeStage(CompletableFuture.java:1113)
	at java.base/java.util.concurrent.CompletableFuture.thenCompose(CompletableFuture.java:2235)
	at org.apache.ratis.server.impl.RaftServerProxy.appendEntriesAsync(RaftServerProxy.java:634)
	at org.apache.ratis.grpc.server.GrpcServerProtocolService$1.process(GrpcServerProtocolService.java:219)
	at org.apache.ratis.grpc.server.GrpcServerProtocolService$1.process(GrpcServerProtocolService.java:216)
	at org.apache.ratis.grpc.server.GrpcServerProtocolService$ServerRequestStreamObserver.onNext(GrpcServerProtocolService.java:124)
	at org.apache.ratis.thirdparty.io.grpc.stub.ServerCalls$StreamingServerCallHandler$StreamingServerCallListener.onMessage(ServerCalls.java:262)
	at org.apache.ratis.thirdparty.io.grpc.ForwardingServerCallListener.onMessage(ForwardingServerCallListener.java:33)
	at org.apache.ratis.thirdparty.io.grpc.internal.ServerCallImpl$ServerStreamListenerImpl.messagesAvailableInternal(ServerCallImpl.java:332)
	at org.apache.ratis.thirdparty.io.grpc.internal.ServerCallImpl$ServerStreamListenerImpl.messagesAvailable(ServerCallImpl.java:315)
	at org.apache.ratis.thirdparty.io.grpc.internal.ServerImpl$JumpToApplicationThreadServerStreamListener$1MessagesAvailable.runInContext(ServerImpl.java:834)
	at org.apache.ratis.thirdparty.io.grpc.internal.ContextRunnable.run(ContextRunnable.java:37)
	at org.apache.ratis.thirdparty.io.grpc.internal.SerializingExecutor.run(SerializingExecutor.java:133)
	at java.base/java.util.concurrent.ThreadPoolExecutor.runWorker(ThreadPoolExecutor.java:1128)
	at java.base/java.util.concurrent.ThreadPoolExecutor$Worker.run(ThreadPoolExecutor.java:628)
	at java.base/java.lang.Thread.run(Thread.java:829)
Caused by: java.util.concurrent.RejectedExecutionException: Task java.util.concurrent.CompletableFuture$AsyncSupply@36deb3e9 rejected from java.util.concurrent.ThreadPoolExecutor@3ad4e2b[Terminated, pool size = 0, active threads = 0, queued tasks = 0, completed tasks = 198]
	at java.base/java.util.concurrent.ThreadPoolExecutor$AbortPolicy.rejectedExecution(ThreadPoolExecutor.java:2055)
	at java.base/java.util.concurrent.ThreadPoolExecutor.reject(ThreadPoolExecutor.java:825)
	at java.base/java.util.concurrent.ThreadPoolExecutor.execute(ThreadPoolExecutor.java:1355)
	at java.base/java.util.concurrent.CompletableFuture.asyncSupplyStage(CompletableFuture.java:1714)
	at java.base/java.util.concurrent.CompletableFuture.supplyAsync(CompletableFuture.java:1931)
	at org.apache.ratis.server.impl.RaftServerImpl.executeSubmitServerRequestAsync(RaftServerImpl.java:812)
	at org.apache.ratis.server.impl.RaftServerProxy.lambda$appendEntriesAsync$27(RaftServerProxy.java:634)
	at java.base/java.util.concurrent.CompletableFuture.uniComposeStage(CompletableFuture.java:1106)
	... 15 more
2022-10-13 10:40:59,201 [grpc-default-executor-2] WARN  server.GrpcLogAppender (LogUtils.java:warn(124)) - s0@group-6905249F38B1->s1-AppendLogResponseHandler: Failed appendEntries
java.io.IOException: java.util.concurrent.RejectedExecutionException: Task java.util.concurrent.CompletableFuture$AsyncSupply@36deb3e9 rejected from java.util.concurrent.ThreadPoolExecutor@3ad4e2b[Terminated, pool size = 0, active threads = 0, queued tasks = 0, completed tasks = 198]
	at org.apache.ratis.util.IOUtils.asIOException(IOUtils.java:56)
	at org.apache.ratis.grpc.GrpcUtil.tryUnwrapException(GrpcUtil.java:121)
	at org.apache.ratis.grpc.GrpcUtil.unwrapThrowable(GrpcUtil.java:82)
	at org.apache.ratis.grpc.GrpcUtil.warn(GrpcUtil.java:178)
	at org.apache.ratis.grpc.server.GrpcLogAppender$AppendLogResponseHandler.onError(GrpcLogAppender.java:405)
	at org.apache.ratis.thirdparty.io.grpc.stub.ClientCalls$StreamObserverToCallListenerAdapter.onClose(ClientCalls.java:487)
	at org.apache.ratis.thirdparty.io.grpc.internal.ClientCallImpl.closeObserver(ClientCallImpl.java:562)
	at org.apache.ratis.thirdparty.io.grpc.internal.ClientCallImpl.access$300(ClientCallImpl.java:70)
	at org.apache.ratis.thirdparty.io.grpc.internal.ClientCallImpl$ClientStreamListenerImpl$1StreamClosed.runInternal(ClientCallImpl.java:743)
	at org.apache.ratis.thirdparty.io.grpc.internal.ClientCallImpl$ClientStreamListenerImpl$1StreamClosed.runInContext(ClientCallImpl.java:722)
	at org.apache.ratis.thirdparty.io.grpc.internal.ContextRunnable.run(ContextRunnable.java:37)
	at org.apache.ratis.thirdparty.io.grpc.internal.SerializingExecutor.run(SerializingExecutor.java:133)
	at java.base/java.util.concurrent.ThreadPoolExecutor.runWorker(ThreadPoolExecutor.java:1128)
	at java.base/java.util.concurrent.ThreadPoolExecutor$Worker.run(ThreadPoolExecutor.java:628)
	at java.base/java.lang.Thread.run(Thread.java:829)
Caused by: java.util.concurrent.RejectedExecutionException: Task java.util.concurrent.CompletableFuture$AsyncSupply@36deb3e9 rejected from java.util.concurrent.ThreadPoolExecutor@3ad4e2b[Terminated, pool size = 0, active threads = 0, queued tasks = 0, completed tasks = 198]
	at java.base/jdk.internal.reflect.GeneratedConstructorAccessor7.newInstance(Unknown Source)
	at java.base/jdk.internal.reflect.DelegatingConstructorAccessorImpl.newInstance(DelegatingConstructorAccessorImpl.java:45)
	at java.base/java.lang.reflect.Constructor.newInstance(Constructor.java:490)
	at org.apache.ratis.util.ReflectionUtils.instantiateException(ReflectionUtils.java:259)
	at org.apache.ratis.grpc.GrpcUtil.tryUnwrapException(GrpcUtil.java:120)
	... 13 more
Caused by: org.apache.ratis.thirdparty.io.grpc.StatusRuntimeException: INTERNAL: Task java.util.concurrent.CompletableFuture$AsyncSupply@36deb3e9 rejected from java.util.concurrent.ThreadPoolExecutor@3ad4e2b[Terminated, pool size = 0, active threads = 0, queued tasks = 0, completed tasks = 198]
	at org.apache.ratis.thirdparty.io.grpc.Status.asRuntimeException(Status.java:535)
	... 10 more
	Suppressed: java.lang.IllegalStateException: Failed to cast to class java.io.IOException, object=java.util.concurrent.RejectedExecutionException: Task java.util.concurrent.CompletableFuture$AsyncSupply@36deb3e9 rejected from java.util.concurrent.ThreadPoolExecutor@3ad4e2b[Terminated, pool size = 0, active threads = 0, queued tasks = 0, completed tasks = 198]
	at java.base/java.util.concurrent.ThreadPoolExecutor$AbortPolicy.rejectedExecution(ThreadPoolExecutor.java:2055)
	at java.base/java.util.concurrent.ThreadPoolExecutor.reject(ThreadPoolExecutor.java:825)
	at java.base/java.util.concurrent.ThreadPoolExecutor.execute(ThreadPoolExecutor.java:1355)
	at java.base/java.util.concurrent.CompletableFuture.asyncSupplyStage(CompletableFuture.java:1714)
	at java.base/java.util.concurrent.CompletableFuture.supplyAsync(CompletableFuture.java:1931)
	at org.apache.ratis.server.impl.RaftServerImpl.executeSubmitServerRequestAsync(RaftServerImpl.java:812)
	at org.apache.ratis.server.impl.RaftServerProxy.lambda$appendEntriesAsync$27(RaftServerProxy.java:634)
	at java.base/java.util.concurrent.CompletableFuture.uniComposeStage(CompletableFuture.java:1106)
	at java.base/java.util.concurrent.CompletableFuture.thenCompose(CompletableFuture.java:2235)
	at org.apache.ratis.server.impl.RaftServerProxy.appendEntriesAsync(RaftServerProxy.java:634)
	at org.apache.ratis.grpc.server.GrpcServerProtocolService$1.process(GrpcServerProtocolService.java:219)
	at org.apache.ratis.grpc.server.GrpcServerProtocolService$1.process(GrpcServerProtocolService.java:216)
	at org.apache.ratis.grpc.server.GrpcServerProtocolService$ServerRequestStreamObserver.onNext(GrpcServerProtocolService.java:124)
	at org.apache.ratis.thirdparty.io.grpc.stub.ServerCalls$StreamingServerCallHandler$StreamingServerCallListener.onMessage(ServerCalls.java:262)
	at org.apache.ratis.thirdparty.io.grpc.ForwardingServerCallListener.onMessage(ForwardingServerCallListener.java:33)
	at org.apache.ratis.thirdparty.io.grpc.internal.ServerCallImpl$ServerStreamListenerImpl.messagesAvailableInternal(ServerCallImpl.java:332)
	at org.apache.ratis.thirdparty.io.grpc.internal.ServerCallImpl$ServerStreamListenerImpl.messagesAvailable(ServerCallImpl.java:315)
	at org.apache.ratis.thirdparty.io.grpc.internal.ServerImpl$JumpToApplicationThreadServerStreamListener$1MessagesAvailable.runInContext(ServerImpl.java:834)
	at org.apache.ratis.thirdparty.io.grpc.internal.ContextRunnable.run(ContextRunnable.java:37)
	at org.apache.ratis.thirdparty.io.grpc.internal.SerializingExecutor.run(SerializingExecutor.java:133)
	at java.base/java.util.concurrent.ThreadPoolExecutor.runWorker(ThreadPoolExecutor.java:1128)
	at java.base/java.util.concurrent.ThreadPoolExecutor$Worker.run(ThreadPoolExecutor.java:628)
	at java.base/java.lang.Thread.run(Thread.java:829)

		at org.apache.ratis.util.IOUtils.readObject(IOUtils.java:237)
		at org.apache.ratis.util.IOUtils.bytes2Object(IOUtils.java:214)
		at org.apache.ratis.grpc.GrpcUtil.tryUnwrapException(GrpcUtil.java:109)
		at org.apache.ratis.grpc.GrpcUtil.unwrapThrowable(GrpcUtil.java:82)
		at org.apache.ratis.grpc.GrpcUtil.warn(GrpcUtil.java:178)
		at org.apache.ratis.grpc.server.GrpcLogAppender$AppendLogResponseHandler.onError(GrpcLogAppender.java:405)
		... 10 more
	Caused by: java.lang.ClassCastException: Cannot cast java.util.concurrent.RejectedExecutionException to java.io.IOException
		at java.base/java.lang.Class.cast(Class.java:3605)
		at org.apache.ratis.util.IOUtils.readObject(IOUtils.java:234)
		... 15 more
2022-10-13 10:40:59,202 [grpc-default-executor-2] INFO  leader.FollowerInfo (FollowerInfoImpl.java:lambda$new$0(48)) - s0@group-6905249F38B1->s1: nextIndex: updateUnconditionally 263 -> 259
2022-10-13 10:40:59,239 [grpc-default-executor-1] WARN  server.GrpcServerProtocolService (LogUtils.java:warn(124)) - s1: Failed APPEND_ENTRIES request s0->s1#460-t2,previous=(t:2, i:258),leaderCommit=262,initializing? true,entries: size=4, first=(t:2, i:259), CONFIGURATIONENTRY(current:id: "s0"
address: "localhost:46195"
dataStreamAddress: "localhost:39399"
clientAddress: "localhost:42765"
adminAddress: "localhost:44717"
startupRole: FOLLOWER
,id: "s1"
address: "0.0.0.0:46693"
clientAddress: "0.0.0.0:46693"
adminAddress: "0.0.0.0:46693"
startupRole: FOLLOWER
,id: "s2"
address: "0.0.0.0:36699"
clientAddress: "0.0.0.0:36699"
adminAddress: "0.0.0.0:36699"
startupRole: FOLLOWER
, old:id: "s0"
address: "localhost:46195"
dataStreamAddress: "localhost:39399"
clientAddress: "localhost:42765"
adminAddress: "localhost:44717"
startupRole: FOLLOWER
)
java.util.concurrent.CompletionException: java.util.concurrent.RejectedExecutionException: Task java.util.concurrent.CompletableFuture$AsyncSupply@105f585c rejected from java.util.concurrent.ThreadPoolExecutor@3ad4e2b[Terminated, pool size = 0, active threads = 0, queued tasks = 0, completed tasks = 198]
	at java.base/java.util.concurrent.CompletableFuture.encodeThrowable(CompletableFuture.java:314)
	at java.base/java.util.concurrent.CompletableFuture.uniComposeStage(CompletableFuture.java:1113)
	at java.base/java.util.concurrent.CompletableFuture.thenCompose(CompletableFuture.java:2235)
	at org.apache.ratis.server.impl.RaftServerProxy.appendEntriesAsync(RaftServerProxy.java:634)
	at org.apache.ratis.grpc.server.GrpcServerProtocolService$1.process(GrpcServerProtocolService.java:219)
	at org.apache.ratis.grpc.server.GrpcServerProtocolService$1.process(GrpcServerProtocolService.java:216)
	at org.apache.ratis.grpc.server.GrpcServerProtocolService$ServerRequestStreamObserver.onNext(GrpcServerProtocolService.java:124)
	at org.apache.ratis.thirdparty.io.grpc.stub.ServerCalls$StreamingServerCallHandler$StreamingServerCallListener.onMessage(ServerCalls.java:262)
	at org.apache.ratis.thirdparty.io.grpc.ForwardingServerCallListener.onMessage(ForwardingServerCallListener.java:33)
	at org.apache.ratis.thirdparty.io.grpc.internal.ServerCallImpl$ServerStreamListenerImpl.messagesAvailableInternal(ServerCallImpl.java:332)
	at org.apache.ratis.thirdparty.io.grpc.internal.ServerCallImpl$ServerStreamListenerImpl.messagesAvailable(ServerCallImpl.java:315)
	at org.apache.ratis.thirdparty.io.grpc.internal.ServerImpl$JumpToApplicationThreadServerStreamListener$1MessagesAvailable.runInContext(ServerImpl.java:834)
	at org.apache.ratis.thirdparty.io.grpc.internal.ContextRunnable.run(ContextRunnable.java:37)
	at org.apache.ratis.thirdparty.io.grpc.internal.SerializingExecutor.run(SerializingExecutor.java:133)
	at java.base/java.util.concurrent.ThreadPoolExecutor.runWorker(ThreadPoolExecutor.java:1128)
	at java.base/java.util.concurrent.ThreadPoolExecutor$Worker.run(ThreadPoolExecutor.java:628)
	at java.base/java.lang.Thread.run(Thread.java:829)
Caused by: java.util.concurrent.RejectedExecutionException: Task java.util.concurrent.CompletableFuture$AsyncSupply@105f585c rejected from java.util.concurrent.ThreadPoolExecutor@3ad4e2b[Terminated, pool size = 0, active threads = 0, queued tasks = 0, completed tasks = 198]
	at java.base/java.util.concurrent.ThreadPoolExecutor$AbortPolicy.rejectedExecution(ThreadPoolExecutor.java:2055)
	at java.base/java.util.concurrent.ThreadPoolExecutor.reject(ThreadPoolExecutor.java:825)
	at java.base/java.util.concurrent.ThreadPoolExecutor.execute(ThreadPoolExecutor.java:1355)
	at java.base/java.util.concurrent.CompletableFuture.asyncSupplyStage(CompletableFuture.java:1714)
	at java.base/java.util.concurrent.CompletableFuture.supplyAsync(CompletableFuture.java:1931)
	at org.apache.ratis.server.impl.RaftServerImpl.executeSubmitServerRequestAsync(RaftServerImpl.java:812)
	at org.apache.ratis.server.impl.RaftServerProxy.lambda$appendEntriesAsync$27(RaftServerProxy.java:634)
	at java.base/java.util.concurrent.CompletableFuture.uniComposeStage(CompletableFuture.java:1106)
	... 15 more
2022-10-13 10:40:59,241 [grpc-default-executor-2] WARN  server.GrpcLogAppender (LogUtils.java:warn(124)) - s0@group-6905249F38B1->s1-AppendLogResponseHandler: Failed appendEntries
java.io.IOException: java.util.concurrent.RejectedExecutionException: Task java.util.concurrent.CompletableFuture$AsyncSupply@105f585c rejected from java.util.concurrent.ThreadPoolExecutor@3ad4e2b[Terminated, pool size = 0, active threads = 0, queued tasks = 0, completed tasks = 198]
	at org.apache.ratis.util.IOUtils.asIOException(IOUtils.java:56)
	at org.apache.ratis.grpc.GrpcUtil.tryUnwrapException(GrpcUtil.java:121)
	at org.apache.ratis.grpc.GrpcUtil.unwrapThrowable(GrpcUtil.java:82)
	at org.apache.ratis.grpc.GrpcUtil.warn(GrpcUtil.java:178)
	at org.apache.ratis.grpc.server.GrpcLogAppender$AppendLogResponseHandler.onError(GrpcLogAppender.java:405)
	at org.apache.ratis.thirdparty.io.grpc.stub.ClientCalls$StreamObserverToCallListenerAdapter.onClose(ClientCalls.java:487)
	at org.apache.ratis.thirdparty.io.grpc.internal.ClientCallImpl.closeObserver(ClientCallImpl.java:562)
	at org.apache.ratis.thirdparty.io.grpc.internal.ClientCallImpl.access$300(ClientCallImpl.java:70)
	at org.apache.ratis.thirdparty.io.grpc.internal.ClientCallImpl$ClientStreamListenerImpl$1StreamClosed.runInternal(ClientCallImpl.java:743)
	at org.apache.ratis.thirdparty.io.grpc.internal.ClientCallImpl$ClientStreamListenerImpl$1StreamClosed.runInContext(ClientCallImpl.java:722)
	at org.apache.ratis.thirdparty.io.grpc.internal.ContextRunnable.run(ContextRunnable.java:37)
	at org.apache.ratis.thirdparty.io.grpc.internal.SerializingExecutor.run(SerializingExecutor.java:133)
	at java.base/java.util.concurrent.ThreadPoolExecutor.runWorker(ThreadPoolExecutor.java:1128)
	at java.base/java.util.concurrent.ThreadPoolExecutor$Worker.run(ThreadPoolExecutor.java:628)
	at java.base/java.lang.Thread.run(Thread.java:829)
Caused by: java.util.concurrent.RejectedExecutionException: Task java.util.concurrent.CompletableFuture$AsyncSupply@105f585c rejected from java.util.concurrent.ThreadPoolExecutor@3ad4e2b[Terminated, pool size = 0, active threads = 0, queued tasks = 0, completed tasks = 198]
	at java.base/jdk.internal.reflect.GeneratedConstructorAccessor7.newInstance(Unknown Source)
	at java.base/jdk.internal.reflect.DelegatingConstructorAccessorImpl.newInstance(DelegatingConstructorAccessorImpl.java:45)
	at java.base/java.lang.reflect.Constructor.newInstance(Constructor.java:490)
	at org.apache.ratis.util.ReflectionUtils.instantiateException(ReflectionUtils.java:259)
	at org.apache.ratis.grpc.GrpcUtil.tryUnwrapException(GrpcUtil.java:120)
	... 13 more
Caused by: org.apache.ratis.thirdparty.io.grpc.StatusRuntimeException: INTERNAL: Task java.util.concurrent.CompletableFuture$AsyncSupply@105f585c rejected from java.util.concurrent.ThreadPoolExecutor@3ad4e2b[Terminated, pool size = 0, active threads = 0, queued tasks = 0, completed tasks = 198]
	at org.apache.ratis.thirdparty.io.grpc.Status.asRuntimeException(Status.java:535)
	... 10 more
	Suppressed: java.lang.IllegalStateException: Failed to cast to class java.io.IOException, object=java.util.concurrent.RejectedExecutionException: Task java.util.concurrent.CompletableFuture$AsyncSupply@105f585c rejected from java.util.concurrent.ThreadPoolExecutor@3ad4e2b[Terminated, pool size = 0, active threads = 0, queued tasks = 0, completed tasks = 198]
	at java.base/java.util.concurrent.ThreadPoolExecutor$AbortPolicy.rejectedExecution(ThreadPoolExecutor.java:2055)
	at java.base/java.util.concurrent.ThreadPoolExecutor.reject(ThreadPoolExecutor.java:825)
	at java.base/java.util.concurrent.ThreadPoolExecutor.execute(ThreadPoolExecutor.java:1355)
	at java.base/java.util.concurrent.CompletableFuture.asyncSupplyStage(CompletableFuture.java:1714)
	at java.base/java.util.concurrent.CompletableFuture.supplyAsync(CompletableFuture.java:1931)
	at org.apache.ratis.server.impl.RaftServerImpl.executeSubmitServerRequestAsync(RaftServerImpl.java:812)
	at org.apache.ratis.server.impl.RaftServerProxy.lambda$appendEntriesAsync$27(RaftServerProxy.java:634)
	at java.base/java.util.concurrent.CompletableFuture.uniComposeStage(CompletableFuture.java:1106)
	at java.base/java.util.concurrent.CompletableFuture.thenCompose(CompletableFuture.java:2235)
	at org.apache.ratis.server.impl.RaftServerProxy.appendEntriesAsync(RaftServerProxy.java:634)
	at org.apache.ratis.grpc.server.GrpcServerProtocolService$1.process(GrpcServerProtocolService.java:219)
	at org.apache.ratis.grpc.server.GrpcServerProtocolService$1.process(GrpcServerProtocolService.java:216)
	at org.apache.ratis.grpc.server.GrpcServerProtocolService$ServerRequestStreamObserver.onNext(GrpcServerProtocolService.java:124)
	at org.apache.ratis.thirdparty.io.grpc.stub.ServerCalls$StreamingServerCallHandler$StreamingServerCallListener.onMessage(ServerCalls.java:262)
	at org.apache.ratis.thirdparty.io.grpc.ForwardingServerCallListener.onMessage(ForwardingServerCallListener.java:33)
	at org.apache.ratis.thirdparty.io.grpc.internal.ServerCallImpl$ServerStreamListenerImpl.messagesAvailableInternal(ServerCallImpl.java:332)
	at org.apache.ratis.thirdparty.io.grpc.internal.ServerCallImpl$ServerStreamListenerImpl.messagesAvailable(ServerCallImpl.java:315)
	at org.apache.ratis.thirdparty.io.grpc.internal.ServerImpl$JumpToApplicationThreadServerStreamListener$1MessagesAvailable.runInContext(ServerImpl.java:834)
	at org.apache.ratis.thirdparty.io.grpc.internal.ContextRunnable.run(ContextRunnable.java:37)
	at org.apache.ratis.thirdparty.io.grpc.internal.SerializingExecutor.run(SerializingExecutor.java:133)
	at java.base/java.util.concurrent.ThreadPoolExecutor.runWorker(ThreadPoolExecutor.java:1128)
	at java.base/java.util.concurrent.ThreadPoolExecutor$Worker.run(ThreadPoolExecutor.java:628)
	at java.base/java.lang.Thread.run(Thread.java:829)

		at org.apache.ratis.util.IOUtils.readObject(IOUtils.java:237)
		at org.apache.ratis.util.IOUtils.bytes2Object(IOUtils.java:214)
		at org.apache.ratis.grpc.GrpcUtil.tryUnwrapException(GrpcUtil.java:109)
		at org.apache.ratis.grpc.GrpcUtil.unwrapThrowable(GrpcUtil.java:82)
		at org.apache.ratis.grpc.GrpcUtil.warn(GrpcUtil.java:178)
		at org.apache.ratis.grpc.server.GrpcLogAppender$AppendLogResponseHandler.onError(GrpcLogAppender.java:405)
		... 10 more
	Caused by: java.lang.ClassCastException: Cannot cast java.util.concurrent.RejectedExecutionException to java.io.IOException
		at java.base/java.lang.Class.cast(Class.java:3605)
		at org.apache.ratis.util.IOUtils.readObject(IOUtils.java:234)
		... 15 more
2022-10-13 10:40:59,241 [grpc-default-executor-2] INFO  leader.FollowerInfo (FollowerInfoImpl.java:lambda$new$0(48)) - s0@group-6905249F38B1->s1: nextIndex: updateUnconditionally 263 -> 259
2022-10-13 10:40:59,242 [Time-limited test] INFO  impl.RaftServerTestUtil (RaftServerTestUtil.java:waitAndCheckNewConf(97)) - waitAndCheckNewConf: peers=[s1|rpc:0.0.0.0:46693|priority:0|startupRole:FOLLOWER, s2|rpc:0.0.0.0:36699|priority:0|startupRole:FOLLOWER, s0|rpc:localhost:46195|admin:localhost:44717|client:localhost:42765|dataStream:localhost:39399|priority:0|startupRole:FOLLOWER], deadPeers=null, printing ALL groups
  s0:  RUNNING    LEADER s0@group-6905249F38B1:t2, leader=s0, voted=s0, raftlog=Memoized:s0@group-6905249F38B1-SegmentedRaftLog:OPENED:c262, conf=261: peers:[s0|rpc:localhost:46195|admin:localhost:44717|client:localhost:42765|dataStream:localhost:39399|priority:0|startupRole:FOLLOWER, s1|rpc:0.0.0.0:46693|dataStream:|priority:0|startupRole:FOLLOWER, s2|rpc:0.0.0.0:36699|dataStream:|priority:0|startupRole:FOLLOWER]|listeners:[], old=null RUNNING
  s1:  RUNNING  FOLLOWER s1@group-6905249F38B1:t2, leader=s0, voted=null, raftlog=Memoized:s1@group-6905249F38B1-SegmentedRaftLog:CLOSED:c254, conf=255: peers:[s0|rpc:localhost:46195|admin:localhost:44717|client:localhost:42765|dataStream:localhost:39399|priority:0|startupRole:FOLLOWER]|listeners:[], old=null CLOSED
  s2:  RUNNING  FOLLOWER s2@group-6905249F38B1:t2, leader=s0, voted=null, raftlog=Memoized:s2@group-6905249F38B1-SegmentedRaftLog:OPENED:c262, conf=261: peers:[s0|rpc:localhost:46195|admin:localhost:44717|client:localhost:42765|dataStream:localhost:39399|priority:0|startupRole:FOLLOWER, s1|rpc:0.0.0.0:46693|dataStream:|priority:0|startupRole:FOLLOWER, s2|rpc:0.0.0.0:36699|dataStream:|priority:0|startupRole:FOLLOWER]|listeners:[], old=null RUNNING
2022-10-13 10:40:59,242 [Time-limited test] INFO  impl.RaftServerTestUtil (RaftServerTestUtil.java:waitAndCheckNewConf(106)) - checking    LEADER s0@group-6905249F38B1:t2, leader=s0, voted=s0, raftlog=Memoized:s0@group-6905249F38B1-SegmentedRaftLog:OPENED:c262, conf=261: peers:[s0|rpc:localhost:46195|admin:localhost:44717|client:localhost:42765|dataStream:localhost:39399|priority:0|startupRole:FOLLOWER, s1|rpc:0.0.0.0:46693|dataStream:|priority:0|startupRole:FOLLOWER, s2|rpc:0.0.0.0:36699|dataStream:|priority:0|startupRole:FOLLOWER]|listeners:[], old=null RUNNING
2022-10-13 10:40:59,242 [Time-limited test] INFO  impl.RaftServerTestUtil (RaftServerTestUtil.java:waitAndCheckNewConf(106)) - checking  FOLLOWER s1@group-6905249F38B1:t2, leader=s0, voted=null, raftlog=Memoized:s1@group-6905249F38B1-SegmentedRaftLog:CLOSED:c254, conf=255: peers:[s0|rpc:localhost:46195|admin:localhost:44717|client:localhost:42765|dataStream:localhost:39399|priority:0|startupRole:FOLLOWER]|listeners:[], old=null CLOSED
2022-10-13 10:40:59,242 [Time-limited test] WARN  impl.RaftServerTestUtil (JavaUtils.java:attempt(217)) - FAILED "waitAndCheckNewConf", attempt #9/10: java.lang.AssertionError, sleep 600ms and then retry.
java.lang.AssertionError
	at org.junit.Assert.fail(Assert.java:87)
	at org.junit.Assert.assertTrue(Assert.java:42)
	at org.junit.Assert.assertTrue(Assert.java:53)
	at org.apache.ratis.server.impl.RaftServerTestUtil.waitAndCheckNewConf(RaftServerTestUtil.java:117)
	at org.apache.ratis.server.impl.RaftServerTestUtil.lambda$waitAndCheckNewConf$3(RaftServerTestUtil.java:92)
	at org.apache.ratis.util.function.CheckedRunnable.lambda$asCheckedSupplier$0(CheckedRunnable.java:32)
	at org.apache.ratis.util.JavaUtils.attempt(JavaUtils.java:211)
	at org.apache.ratis.util.JavaUtils.attemptRepeatedly(JavaUtils.java:197)
	at org.apache.ratis.util.JavaUtils.attempt(JavaUtils.java:231)
	at org.apache.ratis.server.impl.RaftServerTestUtil.waitAndCheckNewConf(RaftServerTestUtil.java:92)
	at org.apache.ratis.InstallSnapshotNotificationTests.testAddNewFollowers(InstallSnapshotNotificationTests.java:236)
	at org.apache.ratis.server.impl.MiniRaftCluster$Factory$Get.runWithNewCluster(MiniRaftCluster.java:141)
	at org.apache.ratis.server.impl.MiniRaftCluster$Factory$Get.runWithNewCluster(MiniRaftCluster.java:121)
	at org.apache.ratis.InstallSnapshotNotificationTests.testAddNewFollowers(InstallSnapshotNotificationTests.java:173)
	at java.base/jdk.internal.reflect.NativeMethodAccessorImpl.invoke0(Native Method)
	at java.base/jdk.internal.reflect.NativeMethodAccessorImpl.invoke(NativeMethodAccessorImpl.java:62)
	at java.base/jdk.internal.reflect.DelegatingMethodAccessorImpl.invoke(DelegatingMethodAccessorImpl.java:43)
	at java.base/java.lang.reflect.Method.invoke(Method.java:566)
	at org.junit.runners.model.FrameworkMethod$1.runReflectiveCall(FrameworkMethod.java:59)
	at org.junit.internal.runners.model.ReflectiveCallable.run(ReflectiveCallable.java:12)
	at org.junit.runners.model.FrameworkMethod.invokeExplosively(FrameworkMethod.java:56)
	at org.junit.internal.runners.statements.InvokeMethod.evaluate(InvokeMethod.java:17)
	at org.junit.internal.runners.statements.RunAfters.evaluate(RunAfters.java:27)
	at org.junit.internal.runners.statements.FailOnTimeout$CallableStatement.call(FailOnTimeout.java:299)
	at org.junit.internal.runners.statements.FailOnTimeout$CallableStatement.call(FailOnTimeout.java:293)
	at java.base/java.util.concurrent.FutureTask.run(FutureTask.java:264)
	at java.base/java.lang.Thread.run(Thread.java:829)
2022-10-13 10:40:59,276 [grpc-default-executor-1] WARN  server.GrpcServerProtocolService (LogUtils.java:warn(124)) - s1: Failed APPEND_ENTRIES request s0->s1#462-t2,previous=(t:2, i:258),leaderCommit=262,initializing? true,entries: size=4, first=(t:2, i:259), CONFIGURATIONENTRY(current:id: "s0"
address: "localhost:46195"
dataStreamAddress: "localhost:39399"
clientAddress: "localhost:42765"
adminAddress: "localhost:44717"
startupRole: FOLLOWER
,id: "s1"
address: "0.0.0.0:46693"
clientAddress: "0.0.0.0:46693"
adminAddress: "0.0.0.0:46693"
startupRole: FOLLOWER
,id: "s2"
address: "0.0.0.0:36699"
clientAddress: "0.0.0.0:36699"
adminAddress: "0.0.0.0:36699"
startupRole: FOLLOWER
, old:id: "s0"
address: "localhost:46195"
dataStreamAddress: "localhost:39399"
clientAddress: "localhost:42765"
adminAddress: "localhost:44717"
startupRole: FOLLOWER
)
java.util.concurrent.CompletionException: java.util.concurrent.RejectedExecutionException: Task java.util.concurrent.CompletableFuture$AsyncSupply@1f9f6319 rejected from java.util.concurrent.ThreadPoolExecutor@3ad4e2b[Terminated, pool size = 0, active threads = 0, queued tasks = 0, completed tasks = 198]
	at java.base/java.util.concurrent.CompletableFuture.encodeThrowable(CompletableFuture.java:314)
	at java.base/java.util.concurrent.CompletableFuture.uniComposeStage(CompletableFuture.java:1113)
	at java.base/java.util.concurrent.CompletableFuture.thenCompose(CompletableFuture.java:2235)
	at org.apache.ratis.server.impl.RaftServerProxy.appendEntriesAsync(RaftServerProxy.java:634)
	at org.apache.ratis.grpc.server.GrpcServerProtocolService$1.process(GrpcServerProtocolService.java:219)
	at org.apache.ratis.grpc.server.GrpcServerProtocolService$1.process(GrpcServerProtocolService.java:216)
	at org.apache.ratis.grpc.server.GrpcServerProtocolService$ServerRequestStreamObserver.onNext(GrpcServerProtocolService.java:124)
	at org.apache.ratis.thirdparty.io.grpc.stub.ServerCalls$StreamingServerCallHandler$StreamingServerCallListener.onMessage(ServerCalls.java:262)
	at org.apache.ratis.thirdparty.io.grpc.ForwardingServerCallListener.onMessage(ForwardingServerCallListener.java:33)
	at org.apache.ratis.thirdparty.io.grpc.internal.ServerCallImpl$ServerStreamListenerImpl.messagesAvailableInternal(ServerCallImpl.java:332)
	at org.apache.ratis.thirdparty.io.grpc.internal.ServerCallImpl$ServerStreamListenerImpl.messagesAvailable(ServerCallImpl.java:315)
	at org.apache.ratis.thirdparty.io.grpc.internal.ServerImpl$JumpToApplicationThreadServerStreamListener$1MessagesAvailable.runInContext(ServerImpl.java:834)
	at org.apache.ratis.thirdparty.io.grpc.internal.ContextRunnable.run(ContextRunnable.java:37)
	at org.apache.ratis.thirdparty.io.grpc.internal.SerializingExecutor.run(SerializingExecutor.java:133)
	at java.base/java.util.concurrent.ThreadPoolExecutor.runWorker(ThreadPoolExecutor.java:1128)
	at java.base/java.util.concurrent.ThreadPoolExecutor$Worker.run(ThreadPoolExecutor.java:628)
	at java.base/java.lang.Thread.run(Thread.java:829)
Caused by: java.util.concurrent.RejectedExecutionException: Task java.util.concurrent.CompletableFuture$AsyncSupply@1f9f6319 rejected from java.util.concurrent.ThreadPoolExecutor@3ad4e2b[Terminated, pool size = 0, active threads = 0, queued tasks = 0, completed tasks = 198]
	at java.base/java.util.concurrent.ThreadPoolExecutor$AbortPolicy.rejectedExecution(ThreadPoolExecutor.java:2055)
	at java.base/java.util.concurrent.ThreadPoolExecutor.reject(ThreadPoolExecutor.java:825)
	at java.base/java.util.concurrent.ThreadPoolExecutor.execute(ThreadPoolExecutor.java:1355)
	at java.base/java.util.concurrent.CompletableFuture.asyncSupplyStage(CompletableFuture.java:1714)
	at java.base/java.util.concurrent.CompletableFuture.supplyAsync(CompletableFuture.java:1931)
	at org.apache.ratis.server.impl.RaftServerImpl.executeSubmitServerRequestAsync(RaftServerImpl.java:812)
	at org.apache.ratis.server.impl.RaftServerProxy.lambda$appendEntriesAsync$27(RaftServerProxy.java:634)
	at java.base/java.util.concurrent.CompletableFuture.uniComposeStage(CompletableFuture.java:1106)
	... 15 more
2022-10-13 10:40:59,278 [grpc-default-executor-2] WARN  server.GrpcLogAppender (LogUtils.java:warn(124)) - s0@group-6905249F38B1->s1-AppendLogResponseHandler: Failed appendEntries
java.io.IOException: java.util.concurrent.RejectedExecutionException: Task java.util.concurrent.CompletableFuture$AsyncSupply@1f9f6319 rejected from java.util.concurrent.ThreadPoolExecutor@3ad4e2b[Terminated, pool size = 0, active threads = 0, queued tasks = 0, completed tasks = 198]
	at org.apache.ratis.util.IOUtils.asIOException(IOUtils.java:56)
	at org.apache.ratis.grpc.GrpcUtil.tryUnwrapException(GrpcUtil.java:121)
	at org.apache.ratis.grpc.GrpcUtil.unwrapThrowable(GrpcUtil.java:82)
	at org.apache.ratis.grpc.GrpcUtil.warn(GrpcUtil.java:178)
	at org.apache.ratis.grpc.server.GrpcLogAppender$AppendLogResponseHandler.onError(GrpcLogAppender.java:405)
	at org.apache.ratis.thirdparty.io.grpc.stub.ClientCalls$StreamObserverToCallListenerAdapter.onClose(ClientCalls.java:487)
	at org.apache.ratis.thirdparty.io.grpc.internal.ClientCallImpl.closeObserver(ClientCallImpl.java:562)
	at org.apache.ratis.thirdparty.io.grpc.internal.ClientCallImpl.access$300(ClientCallImpl.java:70)
	at org.apache.ratis.thirdparty.io.grpc.internal.ClientCallImpl$ClientStreamListenerImpl$1StreamClosed.runInternal(ClientCallImpl.java:743)
	at org.apache.ratis.thirdparty.io.grpc.internal.ClientCallImpl$ClientStreamListenerImpl$1StreamClosed.runInContext(ClientCallImpl.java:722)
	at org.apache.ratis.thirdparty.io.grpc.internal.ContextRunnable.run(ContextRunnable.java:37)
	at org.apache.ratis.thirdparty.io.grpc.internal.SerializingExecutor.run(SerializingExecutor.java:133)
	at java.base/java.util.concurrent.ThreadPoolExecutor.runWorker(ThreadPoolExecutor.java:1128)
	at java.base/java.util.concurrent.ThreadPoolExecutor$Worker.run(ThreadPoolExecutor.java:628)
	at java.base/java.lang.Thread.run(Thread.java:829)
Caused by: java.util.concurrent.RejectedExecutionException: Task java.util.concurrent.CompletableFuture$AsyncSupply@1f9f6319 rejected from java.util.concurrent.ThreadPoolExecutor@3ad4e2b[Terminated, pool size = 0, active threads = 0, queued tasks = 0, completed tasks = 198]
	at java.base/jdk.internal.reflect.GeneratedConstructorAccessor7.newInstance(Unknown Source)
	at java.base/jdk.internal.reflect.DelegatingConstructorAccessorImpl.newInstance(DelegatingConstructorAccessorImpl.java:45)
	at java.base/java.lang.reflect.Constructor.newInstance(Constructor.java:490)
	at org.apache.ratis.util.ReflectionUtils.instantiateException(ReflectionUtils.java:259)
	at org.apache.ratis.grpc.GrpcUtil.tryUnwrapException(GrpcUtil.java:120)
	... 13 more
Caused by: org.apache.ratis.thirdparty.io.grpc.StatusRuntimeException: INTERNAL: Task java.util.concurrent.CompletableFuture$AsyncSupply@1f9f6319 rejected from java.util.concurrent.ThreadPoolExecutor@3ad4e2b[Terminated, pool size = 0, active threads = 0, queued tasks = 0, completed tasks = 198]
	at org.apache.ratis.thirdparty.io.grpc.Status.asRuntimeException(Status.java:535)
	... 10 more
	Suppressed: java.lang.IllegalStateException: Failed to cast to class java.io.IOException, object=java.util.concurrent.RejectedExecutionException: Task java.util.concurrent.CompletableFuture$AsyncSupply@1f9f6319 rejected from java.util.concurrent.ThreadPoolExecutor@3ad4e2b[Terminated, pool size = 0, active threads = 0, queued tasks = 0, completed tasks = 198]
	at java.base/java.util.concurrent.ThreadPoolExecutor$AbortPolicy.rejectedExecution(ThreadPoolExecutor.java:2055)
	at java.base/java.util.concurrent.ThreadPoolExecutor.reject(ThreadPoolExecutor.java:825)
	at java.base/java.util.concurrent.ThreadPoolExecutor.execute(ThreadPoolExecutor.java:1355)
	at java.base/java.util.concurrent.CompletableFuture.asyncSupplyStage(CompletableFuture.java:1714)
	at java.base/java.util.concurrent.CompletableFuture.supplyAsync(CompletableFuture.java:1931)
	at org.apache.ratis.server.impl.RaftServerImpl.executeSubmitServerRequestAsync(RaftServerImpl.java:812)
	at org.apache.ratis.server.impl.RaftServerProxy.lambda$appendEntriesAsync$27(RaftServerProxy.java:634)
	at java.base/java.util.concurrent.CompletableFuture.uniComposeStage(CompletableFuture.java:1106)
	at java.base/java.util.concurrent.CompletableFuture.thenCompose(CompletableFuture.java:2235)
	at org.apache.ratis.server.impl.RaftServerProxy.appendEntriesAsync(RaftServerProxy.java:634)
	at org.apache.ratis.grpc.server.GrpcServerProtocolService$1.process(GrpcServerProtocolService.java:219)
	at org.apache.ratis.grpc.server.GrpcServerProtocolService$1.process(GrpcServerProtocolService.java:216)
	at org.apache.ratis.grpc.server.GrpcServerProtocolService$ServerRequestStreamObserver.onNext(GrpcServerProtocolService.java:124)
	at org.apache.ratis.thirdparty.io.grpc.stub.ServerCalls$StreamingServerCallHandler$StreamingServerCallListener.onMessage(ServerCalls.java:262)
	at org.apache.ratis.thirdparty.io.grpc.ForwardingServerCallListener.onMessage(ForwardingServerCallListener.java:33)
	at org.apache.ratis.thirdparty.io.grpc.internal.ServerCallImpl$ServerStreamListenerImpl.messagesAvailableInternal(ServerCallImpl.java:332)
	at org.apache.ratis.thirdparty.io.grpc.internal.ServerCallImpl$ServerStreamListenerImpl.messagesAvailable(ServerCallImpl.java:315)
	at org.apache.ratis.thirdparty.io.grpc.internal.ServerImpl$JumpToApplicationThreadServerStreamListener$1MessagesAvailable.runInContext(ServerImpl.java:834)
	at org.apache.ratis.thirdparty.io.grpc.internal.ContextRunnable.run(ContextRunnable.java:37)
	at org.apache.ratis.thirdparty.io.grpc.internal.SerializingExecutor.run(SerializingExecutor.java:133)
	at java.base/java.util.concurrent.ThreadPoolExecutor.runWorker(ThreadPoolExecutor.java:1128)
	at java.base/java.util.concurrent.ThreadPoolExecutor$Worker.run(ThreadPoolExecutor.java:628)
	at java.base/java.lang.Thread.run(Thread.java:829)

		at org.apache.ratis.util.IOUtils.readObject(IOUtils.java:237)
		at org.apache.ratis.util.IOUtils.bytes2Object(IOUtils.java:214)
		at org.apache.ratis.grpc.GrpcUtil.tryUnwrapException(GrpcUtil.java:109)
		at org.apache.ratis.grpc.GrpcUtil.unwrapThrowable(GrpcUtil.java:82)
		at org.apache.ratis.grpc.GrpcUtil.warn(GrpcUtil.java:178)
		at org.apache.ratis.grpc.server.GrpcLogAppender$AppendLogResponseHandler.onError(GrpcLogAppender.java:405)
		... 10 more
	Caused by: java.lang.ClassCastException: Cannot cast java.util.concurrent.RejectedExecutionException to java.io.IOException
		at java.base/java.lang.Class.cast(Class.java:3605)
		at org.apache.ratis.util.IOUtils.readObject(IOUtils.java:234)
		... 15 more
2022-10-13 10:40:59,278 [grpc-default-executor-2] INFO  leader.FollowerInfo (FollowerInfoImpl.java:lambda$new$0(48)) - s0@group-6905249F38B1->s1: nextIndex: updateUnconditionally 263 -> 259
2022-10-13 10:40:59,314 [grpc-default-executor-1] WARN  server.GrpcServerProtocolService (LogUtils.java:warn(124)) - s1: Failed APPEND_ENTRIES request s0->s1#464-t2,previous=(t:2, i:258),leaderCommit=262,initializing? true,entries: size=4, first=(t:2, i:259), CONFIGURATIONENTRY(current:id: "s0"
address: "localhost:46195"
dataStreamAddress: "localhost:39399"
clientAddress: "localhost:42765"
adminAddress: "localhost:44717"
startupRole: FOLLOWER
,id: "s1"
address: "0.0.0.0:46693"
clientAddress: "0.0.0.0:46693"
adminAddress: "0.0.0.0:46693"
startupRole: FOLLOWER
,id: "s2"
address: "0.0.0.0:36699"
clientAddress: "0.0.0.0:36699"
adminAddress: "0.0.0.0:36699"
startupRole: FOLLOWER
, old:id: "s0"
address: "localhost:46195"
dataStreamAddress: "localhost:39399"
clientAddress: "localhost:42765"
adminAddress: "localhost:44717"
startupRole: FOLLOWER
)
java.util.concurrent.CompletionException: java.util.concurrent.RejectedExecutionException: Task java.util.concurrent.CompletableFuture$AsyncSupply@754b0e72 rejected from java.util.concurrent.ThreadPoolExecutor@3ad4e2b[Terminated, pool size = 0, active threads = 0, queued tasks = 0, completed tasks = 198]
	at java.base/java.util.concurrent.CompletableFuture.encodeThrowable(CompletableFuture.java:314)
	at java.base/java.util.concurrent.CompletableFuture.uniComposeStage(CompletableFuture.java:1113)
	at java.base/java.util.concurrent.CompletableFuture.thenCompose(CompletableFuture.java:2235)
	at org.apache.ratis.server.impl.RaftServerProxy.appendEntriesAsync(RaftServerProxy.java:634)
	at org.apache.ratis.grpc.server.GrpcServerProtocolService$1.process(GrpcServerProtocolService.java:219)
	at org.apache.ratis.grpc.server.GrpcServerProtocolService$1.process(GrpcServerProtocolService.java:216)
	at org.apache.ratis.grpc.server.GrpcServerProtocolService$ServerRequestStreamObserver.onNext(GrpcServerProtocolService.java:124)
	at org.apache.ratis.thirdparty.io.grpc.stub.ServerCalls$StreamingServerCallHandler$StreamingServerCallListener.onMessage(ServerCalls.java:262)
	at org.apache.ratis.thirdparty.io.grpc.ForwardingServerCallListener.onMessage(ForwardingServerCallListener.java:33)
	at org.apache.ratis.thirdparty.io.grpc.internal.ServerCallImpl$ServerStreamListenerImpl.messagesAvailableInternal(ServerCallImpl.java:332)
	at org.apache.ratis.thirdparty.io.grpc.internal.ServerCallImpl$ServerStreamListenerImpl.messagesAvailable(ServerCallImpl.java:315)
	at org.apache.ratis.thirdparty.io.grpc.internal.ServerImpl$JumpToApplicationThreadServerStreamListener$1MessagesAvailable.runInContext(ServerImpl.java:834)
	at org.apache.ratis.thirdparty.io.grpc.internal.ContextRunnable.run(ContextRunnable.java:37)
	at org.apache.ratis.thirdparty.io.grpc.internal.SerializingExecutor.run(SerializingExecutor.java:133)
	at java.base/java.util.concurrent.ThreadPoolExecutor.runWorker(ThreadPoolExecutor.java:1128)
	at java.base/java.util.concurrent.ThreadPoolExecutor$Worker.run(ThreadPoolExecutor.java:628)
	at java.base/java.lang.Thread.run(Thread.java:829)
Caused by: java.util.concurrent.RejectedExecutionException: Task java.util.concurrent.CompletableFuture$AsyncSupply@754b0e72 rejected from java.util.concurrent.ThreadPoolExecutor@3ad4e2b[Terminated, pool size = 0, active threads = 0, queued tasks = 0, completed tasks = 198]
	at java.base/java.util.concurrent.ThreadPoolExecutor$AbortPolicy.rejectedExecution(ThreadPoolExecutor.java:2055)
	at java.base/java.util.concurrent.ThreadPoolExecutor.reject(ThreadPoolExecutor.java:825)
	at java.base/java.util.concurrent.ThreadPoolExecutor.execute(ThreadPoolExecutor.java:1355)
	at java.base/java.util.concurrent.CompletableFuture.asyncSupplyStage(CompletableFuture.java:1714)
	at java.base/java.util.concurrent.CompletableFuture.supplyAsync(CompletableFuture.java:1931)
	at org.apache.ratis.server.impl.RaftServerImpl.executeSubmitServerRequestAsync(RaftServerImpl.java:812)
	at org.apache.ratis.server.impl.RaftServerProxy.lambda$appendEntriesAsync$27(RaftServerProxy.java:634)
	at java.base/java.util.concurrent.CompletableFuture.uniComposeStage(CompletableFuture.java:1106)
	... 15 more
2022-10-13 10:40:59,316 [grpc-default-executor-2] WARN  server.GrpcLogAppender (LogUtils.java:warn(124)) - s0@group-6905249F38B1->s1-AppendLogResponseHandler: Failed appendEntries
java.io.IOException: java.util.concurrent.RejectedExecutionException: Task java.util.concurrent.CompletableFuture$AsyncSupply@754b0e72 rejected from java.util.concurrent.ThreadPoolExecutor@3ad4e2b[Terminated, pool size = 0, active threads = 0, queued tasks = 0, completed tasks = 198]
	at org.apache.ratis.util.IOUtils.asIOException(IOUtils.java:56)
	at org.apache.ratis.grpc.GrpcUtil.tryUnwrapException(GrpcUtil.java:121)
	at org.apache.ratis.grpc.GrpcUtil.unwrapThrowable(GrpcUtil.java:82)
	at org.apache.ratis.grpc.GrpcUtil.warn(GrpcUtil.java:178)
	at org.apache.ratis.grpc.server.GrpcLogAppender$AppendLogResponseHandler.onError(GrpcLogAppender.java:405)
	at org.apache.ratis.thirdparty.io.grpc.stub.ClientCalls$StreamObserverToCallListenerAdapter.onClose(ClientCalls.java:487)
	at org.apache.ratis.thirdparty.io.grpc.internal.ClientCallImpl.closeObserver(ClientCallImpl.java:562)
	at org.apache.ratis.thirdparty.io.grpc.internal.ClientCallImpl.access$300(ClientCallImpl.java:70)
	at org.apache.ratis.thirdparty.io.grpc.internal.ClientCallImpl$ClientStreamListenerImpl$1StreamClosed.runInternal(ClientCallImpl.java:743)
	at org.apache.ratis.thirdparty.io.grpc.internal.ClientCallImpl$ClientStreamListenerImpl$1StreamClosed.runInContext(ClientCallImpl.java:722)
	at org.apache.ratis.thirdparty.io.grpc.internal.ContextRunnable.run(ContextRunnable.java:37)
	at org.apache.ratis.thirdparty.io.grpc.internal.SerializingExecutor.run(SerializingExecutor.java:133)
	at java.base/java.util.concurrent.ThreadPoolExecutor.runWorker(ThreadPoolExecutor.java:1128)
	at java.base/java.util.concurrent.ThreadPoolExecutor$Worker.run(ThreadPoolExecutor.java:628)
	at java.base/java.lang.Thread.run(Thread.java:829)
Caused by: java.util.concurrent.RejectedExecutionException: Task java.util.concurrent.CompletableFuture$AsyncSupply@754b0e72 rejected from java.util.concurrent.ThreadPoolExecutor@3ad4e2b[Terminated, pool size = 0, active threads = 0, queued tasks = 0, completed tasks = 198]
	at java.base/jdk.internal.reflect.GeneratedConstructorAccessor7.newInstance(Unknown Source)
	at java.base/jdk.internal.reflect.DelegatingConstructorAccessorImpl.newInstance(DelegatingConstructorAccessorImpl.java:45)
	at java.base/java.lang.reflect.Constructor.newInstance(Constructor.java:490)
	at org.apache.ratis.util.ReflectionUtils.instantiateException(ReflectionUtils.java:259)
	at org.apache.ratis.grpc.GrpcUtil.tryUnwrapException(GrpcUtil.java:120)
	... 13 more
Caused by: org.apache.ratis.thirdparty.io.grpc.StatusRuntimeException: INTERNAL: Task java.util.concurrent.CompletableFuture$AsyncSupply@754b0e72 rejected from java.util.concurrent.ThreadPoolExecutor@3ad4e2b[Terminated, pool size = 0, active threads = 0, queued tasks = 0, completed tasks = 198]
	at org.apache.ratis.thirdparty.io.grpc.Status.asRuntimeException(Status.java:535)
	... 10 more
	Suppressed: java.lang.IllegalStateException: Failed to cast to class java.io.IOException, object=java.util.concurrent.RejectedExecutionException: Task java.util.concurrent.CompletableFuture$AsyncSupply@754b0e72 rejected from java.util.concurrent.ThreadPoolExecutor@3ad4e2b[Terminated, pool size = 0, active threads = 0, queued tasks = 0, completed tasks = 198]
	at java.base/java.util.concurrent.ThreadPoolExecutor$AbortPolicy.rejectedExecution(ThreadPoolExecutor.java:2055)
	at java.base/java.util.concurrent.ThreadPoolExecutor.reject(ThreadPoolExecutor.java:825)
	at java.base/java.util.concurrent.ThreadPoolExecutor.execute(ThreadPoolExecutor.java:1355)
	at java.base/java.util.concurrent.CompletableFuture.asyncSupplyStage(CompletableFuture.java:1714)
	at java.base/java.util.concurrent.CompletableFuture.supplyAsync(CompletableFuture.java:1931)
	at org.apache.ratis.server.impl.RaftServerImpl.executeSubmitServerRequestAsync(RaftServerImpl.java:812)
	at org.apache.ratis.server.impl.RaftServerProxy.lambda$appendEntriesAsync$27(RaftServerProxy.java:634)
	at java.base/java.util.concurrent.CompletableFuture.uniComposeStage(CompletableFuture.java:1106)
	at java.base/java.util.concurrent.CompletableFuture.thenCompose(CompletableFuture.java:2235)
	at org.apache.ratis.server.impl.RaftServerProxy.appendEntriesAsync(RaftServerProxy.java:634)
	at org.apache.ratis.grpc.server.GrpcServerProtocolService$1.process(GrpcServerProtocolService.java:219)
	at org.apache.ratis.grpc.server.GrpcServerProtocolService$1.process(GrpcServerProtocolService.java:216)
	at org.apache.ratis.grpc.server.GrpcServerProtocolService$ServerRequestStreamObserver.onNext(GrpcServerProtocolService.java:124)
	at org.apache.ratis.thirdparty.io.grpc.stub.ServerCalls$StreamingServerCallHandler$StreamingServerCallListener.onMessage(ServerCalls.java:262)
	at org.apache.ratis.thirdparty.io.grpc.ForwardingServerCallListener.onMessage(ForwardingServerCallListener.java:33)
	at org.apache.ratis.thirdparty.io.grpc.internal.ServerCallImpl$ServerStreamListenerImpl.messagesAvailableInternal(ServerCallImpl.java:332)
	at org.apache.ratis.thirdparty.io.grpc.internal.ServerCallImpl$ServerStreamListenerImpl.messagesAvailable(ServerCallImpl.java:315)
	at org.apache.ratis.thirdparty.io.grpc.internal.ServerImpl$JumpToApplicationThreadServerStreamListener$1MessagesAvailable.runInContext(ServerImpl.java:834)
	at org.apache.ratis.thirdparty.io.grpc.internal.ContextRunnable.run(ContextRunnable.java:37)
	at org.apache.ratis.thirdparty.io.grpc.internal.SerializingExecutor.run(SerializingExecutor.java:133)
	at java.base/java.util.concurrent.ThreadPoolExecutor.runWorker(ThreadPoolExecutor.java:1128)
	at java.base/java.util.concurrent.ThreadPoolExecutor$Worker.run(ThreadPoolExecutor.java:628)
	at java.base/java.lang.Thread.run(Thread.java:829)

		at org.apache.ratis.util.IOUtils.readObject(IOUtils.java:237)
		at org.apache.ratis.util.IOUtils.bytes2Object(IOUtils.java:214)
		at org.apache.ratis.grpc.GrpcUtil.tryUnwrapException(GrpcUtil.java:109)
		at org.apache.ratis.grpc.GrpcUtil.unwrapThrowable(GrpcUtil.java:82)
		at org.apache.ratis.grpc.GrpcUtil.warn(GrpcUtil.java:178)
		at org.apache.ratis.grpc.server.GrpcLogAppender$AppendLogResponseHandler.onError(GrpcLogAppender.java:405)
		... 10 more
	Caused by: java.lang.ClassCastException: Cannot cast java.util.concurrent.RejectedExecutionException to java.io.IOException
		at java.base/java.lang.Class.cast(Class.java:3605)
		at org.apache.ratis.util.IOUtils.readObject(IOUtils.java:234)
		... 15 more
2022-10-13 10:40:59,316 [grpc-default-executor-2] INFO  leader.FollowerInfo (FollowerInfoImpl.java:lambda$new$0(48)) - s0@group-6905249F38B1->s1: nextIndex: updateUnconditionally 263 -> 259
2022-10-13 10:40:59,352 [grpc-default-executor-2] WARN  server.GrpcServerProtocolService (LogUtils.java:warn(124)) - s1: Failed APPEND_ENTRIES request s0->s1#466-t2,previous=(t:2, i:258),leaderCommit=262,initializing? true,entries: size=4, first=(t:2, i:259), CONFIGURATIONENTRY(current:id: "s0"
address: "localhost:46195"
dataStreamAddress: "localhost:39399"
clientAddress: "localhost:42765"
adminAddress: "localhost:44717"
startupRole: FOLLOWER
,id: "s1"
address: "0.0.0.0:46693"
clientAddress: "0.0.0.0:46693"
adminAddress: "0.0.0.0:46693"
startupRole: FOLLOWER
,id: "s2"
address: "0.0.0.0:36699"
clientAddress: "0.0.0.0:36699"
adminAddress: "0.0.0.0:36699"
startupRole: FOLLOWER
, old:id: "s0"
address: "localhost:46195"
dataStreamAddress: "localhost:39399"
clientAddress: "localhost:42765"
adminAddress: "localhost:44717"
startupRole: FOLLOWER
)
java.util.concurrent.CompletionException: java.util.concurrent.RejectedExecutionException: Task java.util.concurrent.CompletableFuture$AsyncSupply@80a161f rejected from java.util.concurrent.ThreadPoolExecutor@3ad4e2b[Terminated, pool size = 0, active threads = 0, queued tasks = 0, completed tasks = 198]
	at java.base/java.util.concurrent.CompletableFuture.encodeThrowable(CompletableFuture.java:314)
	at java.base/java.util.concurrent.CompletableFuture.uniComposeStage(CompletableFuture.java:1113)
	at java.base/java.util.concurrent.CompletableFuture.thenCompose(CompletableFuture.java:2235)
	at org.apache.ratis.server.impl.RaftServerProxy.appendEntriesAsync(RaftServerProxy.java:634)
	at org.apache.ratis.grpc.server.GrpcServerProtocolService$1.process(GrpcServerProtocolService.java:219)
	at org.apache.ratis.grpc.server.GrpcServerProtocolService$1.process(GrpcServerProtocolService.java:216)
	at org.apache.ratis.grpc.server.GrpcServerProtocolService$ServerRequestStreamObserver.onNext(GrpcServerProtocolService.java:124)
	at org.apache.ratis.thirdparty.io.grpc.stub.ServerCalls$StreamingServerCallHandler$StreamingServerCallListener.onMessage(ServerCalls.java:262)
	at org.apache.ratis.thirdparty.io.grpc.ForwardingServerCallListener.onMessage(ForwardingServerCallListener.java:33)
	at org.apache.ratis.thirdparty.io.grpc.internal.ServerCallImpl$ServerStreamListenerImpl.messagesAvailableInternal(ServerCallImpl.java:332)
	at org.apache.ratis.thirdparty.io.grpc.internal.ServerCallImpl$ServerStreamListenerImpl.messagesAvailable(ServerCallImpl.java:315)
	at org.apache.ratis.thirdparty.io.grpc.internal.ServerImpl$JumpToApplicationThreadServerStreamListener$1MessagesAvailable.runInContext(ServerImpl.java:834)
	at org.apache.ratis.thirdparty.io.grpc.internal.ContextRunnable.run(ContextRunnable.java:37)
	at org.apache.ratis.thirdparty.io.grpc.internal.SerializingExecutor.run(SerializingExecutor.java:133)
	at java.base/java.util.concurrent.ThreadPoolExecutor.runWorker(ThreadPoolExecutor.java:1128)
	at java.base/java.util.concurrent.ThreadPoolExecutor$Worker.run(ThreadPoolExecutor.java:628)
	at java.base/java.lang.Thread.run(Thread.java:829)
Caused by: java.util.concurrent.RejectedExecutionException: Task java.util.concurrent.CompletableFuture$AsyncSupply@80a161f rejected from java.util.concurrent.ThreadPoolExecutor@3ad4e2b[Terminated, pool size = 0, active threads = 0, queued tasks = 0, completed tasks = 198]
	at java.base/java.util.concurrent.ThreadPoolExecutor$AbortPolicy.rejectedExecution(ThreadPoolExecutor.java:2055)
	at java.base/java.util.concurrent.ThreadPoolExecutor.reject(ThreadPoolExecutor.java:825)
	at java.base/java.util.concurrent.ThreadPoolExecutor.execute(ThreadPoolExecutor.java:1355)
	at java.base/java.util.concurrent.CompletableFuture.asyncSupplyStage(CompletableFuture.java:1714)
	at java.base/java.util.concurrent.CompletableFuture.supplyAsync(CompletableFuture.java:1931)
	at org.apache.ratis.server.impl.RaftServerImpl.executeSubmitServerRequestAsync(RaftServerImpl.java:812)
	at org.apache.ratis.server.impl.RaftServerProxy.lambda$appendEntriesAsync$27(RaftServerProxy.java:634)
	at java.base/java.util.concurrent.CompletableFuture.uniComposeStage(CompletableFuture.java:1106)
	... 15 more
2022-10-13 10:40:59,353 [grpc-default-executor-1] WARN  server.GrpcLogAppender (LogUtils.java:warn(124)) - s0@group-6905249F38B1->s1-AppendLogResponseHandler: Failed appendEntries
java.io.IOException: java.util.concurrent.RejectedExecutionException: Task java.util.concurrent.CompletableFuture$AsyncSupply@80a161f rejected from java.util.concurrent.ThreadPoolExecutor@3ad4e2b[Terminated, pool size = 0, active threads = 0, queued tasks = 0, completed tasks = 198]
	at org.apache.ratis.util.IOUtils.asIOException(IOUtils.java:56)
	at org.apache.ratis.grpc.GrpcUtil.tryUnwrapException(GrpcUtil.java:121)
	at org.apache.ratis.grpc.GrpcUtil.unwrapThrowable(GrpcUtil.java:82)
	at org.apache.ratis.grpc.GrpcUtil.warn(GrpcUtil.java:178)
	at org.apache.ratis.grpc.server.GrpcLogAppender$AppendLogResponseHandler.onError(GrpcLogAppender.java:405)
	at org.apache.ratis.thirdparty.io.grpc.stub.ClientCalls$StreamObserverToCallListenerAdapter.onClose(ClientCalls.java:487)
	at org.apache.ratis.thirdparty.io.grpc.internal.ClientCallImpl.closeObserver(ClientCallImpl.java:562)
	at org.apache.ratis.thirdparty.io.grpc.internal.ClientCallImpl.access$300(ClientCallImpl.java:70)
	at org.apache.ratis.thirdparty.io.grpc.internal.ClientCallImpl$ClientStreamListenerImpl$1StreamClosed.runInternal(ClientCallImpl.java:743)
	at org.apache.ratis.thirdparty.io.grpc.internal.ClientCallImpl$ClientStreamListenerImpl$1StreamClosed.runInContext(ClientCallImpl.java:722)
	at org.apache.ratis.thirdparty.io.grpc.internal.ContextRunnable.run(ContextRunnable.java:37)
	at org.apache.ratis.thirdparty.io.grpc.internal.SerializingExecutor.run(SerializingExecutor.java:133)
	at java.base/java.util.concurrent.ThreadPoolExecutor.runWorker(ThreadPoolExecutor.java:1128)
	at java.base/java.util.concurrent.ThreadPoolExecutor$Worker.run(ThreadPoolExecutor.java:628)
	at java.base/java.lang.Thread.run(Thread.java:829)
Caused by: java.util.concurrent.RejectedExecutionException: Task java.util.concurrent.CompletableFuture$AsyncSupply@80a161f rejected from java.util.concurrent.ThreadPoolExecutor@3ad4e2b[Terminated, pool size = 0, active threads = 0, queued tasks = 0, completed tasks = 198]
	at java.base/jdk.internal.reflect.GeneratedConstructorAccessor7.newInstance(Unknown Source)
	at java.base/jdk.internal.reflect.DelegatingConstructorAccessorImpl.newInstance(DelegatingConstructorAccessorImpl.java:45)
	at java.base/java.lang.reflect.Constructor.newInstance(Constructor.java:490)
	at org.apache.ratis.util.ReflectionUtils.instantiateException(ReflectionUtils.java:259)
	at org.apache.ratis.grpc.GrpcUtil.tryUnwrapException(GrpcUtil.java:120)
	... 13 more
Caused by: org.apache.ratis.thirdparty.io.grpc.StatusRuntimeException: INTERNAL: Task java.util.concurrent.CompletableFuture$AsyncSupply@80a161f rejected from java.util.concurrent.ThreadPoolExecutor@3ad4e2b[Terminated, pool size = 0, active threads = 0, queued tasks = 0, completed tasks = 198]
	at org.apache.ratis.thirdparty.io.grpc.Status.asRuntimeException(Status.java:535)
	... 10 more
	Suppressed: java.lang.IllegalStateException: Failed to cast to class java.io.IOException, object=java.util.concurrent.RejectedExecutionException: Task java.util.concurrent.CompletableFuture$AsyncSupply@80a161f rejected from java.util.concurrent.ThreadPoolExecutor@3ad4e2b[Terminated, pool size = 0, active threads = 0, queued tasks = 0, completed tasks = 198]
	at java.base/java.util.concurrent.ThreadPoolExecutor$AbortPolicy.rejectedExecution(ThreadPoolExecutor.java:2055)
	at java.base/java.util.concurrent.ThreadPoolExecutor.reject(ThreadPoolExecutor.java:825)
	at java.base/java.util.concurrent.ThreadPoolExecutor.execute(ThreadPoolExecutor.java:1355)
	at java.base/java.util.concurrent.CompletableFuture.asyncSupplyStage(CompletableFuture.java:1714)
	at java.base/java.util.concurrent.CompletableFuture.supplyAsync(CompletableFuture.java:1931)
	at org.apache.ratis.server.impl.RaftServerImpl.executeSubmitServerRequestAsync(RaftServerImpl.java:812)
	at org.apache.ratis.server.impl.RaftServerProxy.lambda$appendEntriesAsync$27(RaftServerProxy.java:634)
	at java.base/java.util.concurrent.CompletableFuture.uniComposeStage(CompletableFuture.java:1106)
	at java.base/java.util.concurrent.CompletableFuture.thenCompose(CompletableFuture.java:2235)
	at org.apache.ratis.server.impl.RaftServerProxy.appendEntriesAsync(RaftServerProxy.java:634)
	at org.apache.ratis.grpc.server.GrpcServerProtocolService$1.process(GrpcServerProtocolService.java:219)
	at org.apache.ratis.grpc.server.GrpcServerProtocolService$1.process(GrpcServerProtocolService.java:216)
	at org.apache.ratis.grpc.server.GrpcServerProtocolService$ServerRequestStreamObserver.onNext(GrpcServerProtocolService.java:124)
	at org.apache.ratis.thirdparty.io.grpc.stub.ServerCalls$StreamingServerCallHandler$StreamingServerCallListener.onMessage(ServerCalls.java:262)
	at org.apache.ratis.thirdparty.io.grpc.ForwardingServerCallListener.onMessage(ForwardingServerCallListener.java:33)
	at org.apache.ratis.thirdparty.io.grpc.internal.ServerCallImpl$ServerStreamListenerImpl.messagesAvailableInternal(ServerCallImpl.java:332)
	at org.apache.ratis.thirdparty.io.grpc.internal.ServerCallImpl$ServerStreamListenerImpl.messagesAvailable(ServerCallImpl.java:315)
	at org.apache.ratis.thirdparty.io.grpc.internal.ServerImpl$JumpToApplicationThreadServerStreamListener$1MessagesAvailable.runInContext(ServerImpl.java:834)
	at org.apache.ratis.thirdparty.io.grpc.internal.ContextRunnable.run(ContextRunnable.java:37)
	at org.apache.ratis.thirdparty.io.grpc.internal.SerializingExecutor.run(SerializingExecutor.java:133)
	at java.base/java.util.concurrent.ThreadPoolExecutor.runWorker(ThreadPoolExecutor.java:1128)
	at java.base/java.util.concurrent.ThreadPoolExecutor$Worker.run(ThreadPoolExecutor.java:628)
	at java.base/java.lang.Thread.run(Thread.java:829)

		at org.apache.ratis.util.IOUtils.readObject(IOUtils.java:237)
		at org.apache.ratis.util.IOUtils.bytes2Object(IOUtils.java:214)
		at org.apache.ratis.grpc.GrpcUtil.tryUnwrapException(GrpcUtil.java:109)
		at org.apache.ratis.grpc.GrpcUtil.unwrapThrowable(GrpcUtil.java:82)
		at org.apache.ratis.grpc.GrpcUtil.warn(GrpcUtil.java:178)
		at org.apache.ratis.grpc.server.GrpcLogAppender$AppendLogResponseHandler.onError(GrpcLogAppender.java:405)
		... 10 more
	Caused by: java.lang.ClassCastException: Cannot cast java.util.concurrent.RejectedExecutionException to java.io.IOException
		at java.base/java.lang.Class.cast(Class.java:3605)
		at org.apache.ratis.util.IOUtils.readObject(IOUtils.java:234)
		... 15 more
2022-10-13 10:40:59,353 [grpc-default-executor-1] INFO  leader.FollowerInfo (FollowerInfoImpl.java:lambda$new$0(48)) - s0@group-6905249F38B1->s1: nextIndex: updateUnconditionally 263 -> 259
2022-10-13 10:40:59,389 [grpc-default-executor-0] WARN  server.GrpcServerProtocolService (LogUtils.java:warn(124)) - s1: Failed APPEND_ENTRIES request s0->s1#468-t2,previous=(t:2, i:258),leaderCommit=262,initializing? true,entries: size=4, first=(t:2, i:259), CONFIGURATIONENTRY(current:id: "s0"
address: "localhost:46195"
dataStreamAddress: "localhost:39399"
clientAddress: "localhost:42765"
adminAddress: "localhost:44717"
startupRole: FOLLOWER
,id: "s1"
address: "0.0.0.0:46693"
clientAddress: "0.0.0.0:46693"
adminAddress: "0.0.0.0:46693"
startupRole: FOLLOWER
,id: "s2"
address: "0.0.0.0:36699"
clientAddress: "0.0.0.0:36699"
adminAddress: "0.0.0.0:36699"
startupRole: FOLLOWER
, old:id: "s0"
address: "localhost:46195"
dataStreamAddress: "localhost:39399"
clientAddress: "localhost:42765"
adminAddress: "localhost:44717"
startupRole: FOLLOWER
)
java.util.concurrent.CompletionException: java.util.concurrent.RejectedExecutionException: Task java.util.concurrent.CompletableFuture$AsyncSupply@66d434db rejected from java.util.concurrent.ThreadPoolExecutor@3ad4e2b[Terminated, pool size = 0, active threads = 0, queued tasks = 0, completed tasks = 198]
	at java.base/java.util.concurrent.CompletableFuture.encodeThrowable(CompletableFuture.java:314)
	at java.base/java.util.concurrent.CompletableFuture.uniComposeStage(CompletableFuture.java:1113)
	at java.base/java.util.concurrent.CompletableFuture.thenCompose(CompletableFuture.java:2235)
	at org.apache.ratis.server.impl.RaftServerProxy.appendEntriesAsync(RaftServerProxy.java:634)
	at org.apache.ratis.grpc.server.GrpcServerProtocolService$1.process(GrpcServerProtocolService.java:219)
	at org.apache.ratis.grpc.server.GrpcServerProtocolService$1.process(GrpcServerProtocolService.java:216)
	at org.apache.ratis.grpc.server.GrpcServerProtocolService$ServerRequestStreamObserver.onNext(GrpcServerProtocolService.java:124)
	at org.apache.ratis.thirdparty.io.grpc.stub.ServerCalls$StreamingServerCallHandler$StreamingServerCallListener.onMessage(ServerCalls.java:262)
	at org.apache.ratis.thirdparty.io.grpc.ForwardingServerCallListener.onMessage(ForwardingServerCallListener.java:33)
	at org.apache.ratis.thirdparty.io.grpc.internal.ServerCallImpl$ServerStreamListenerImpl.messagesAvailableInternal(ServerCallImpl.java:332)
	at org.apache.ratis.thirdparty.io.grpc.internal.ServerCallImpl$ServerStreamListenerImpl.messagesAvailable(ServerCallImpl.java:315)
	at org.apache.ratis.thirdparty.io.grpc.internal.ServerImpl$JumpToApplicationThreadServerStreamListener$1MessagesAvailable.runInContext(ServerImpl.java:834)
	at org.apache.ratis.thirdparty.io.grpc.internal.ContextRunnable.run(ContextRunnable.java:37)
	at org.apache.ratis.thirdparty.io.grpc.internal.SerializingExecutor.run(SerializingExecutor.java:133)
	at java.base/java.util.concurrent.ThreadPoolExecutor.runWorker(ThreadPoolExecutor.java:1128)
	at java.base/java.util.concurrent.ThreadPoolExecutor$Worker.run(ThreadPoolExecutor.java:628)
	at java.base/java.lang.Thread.run(Thread.java:829)
Caused by: java.util.concurrent.RejectedExecutionException: Task java.util.concurrent.CompletableFuture$AsyncSupply@66d434db rejected from java.util.concurrent.ThreadPoolExecutor@3ad4e2b[Terminated, pool size = 0, active threads = 0, queued tasks = 0, completed tasks = 198]
	at java.base/java.util.concurrent.ThreadPoolExecutor$AbortPolicy.rejectedExecution(ThreadPoolExecutor.java:2055)
	at java.base/java.util.concurrent.ThreadPoolExecutor.reject(ThreadPoolExecutor.java:825)
	at java.base/java.util.concurrent.ThreadPoolExecutor.execute(ThreadPoolExecutor.java:1355)
	at java.base/java.util.concurrent.CompletableFuture.asyncSupplyStage(CompletableFuture.java:1714)
	at java.base/java.util.concurrent.CompletableFuture.supplyAsync(CompletableFuture.java:1931)
	at org.apache.ratis.server.impl.RaftServerImpl.executeSubmitServerRequestAsync(RaftServerImpl.java:812)
	at org.apache.ratis.server.impl.RaftServerProxy.lambda$appendEntriesAsync$27(RaftServerProxy.java:634)
	at java.base/java.util.concurrent.CompletableFuture.uniComposeStage(CompletableFuture.java:1106)
	... 15 more
2022-10-13 10:40:59,391 [grpc-default-executor-0] WARN  server.GrpcLogAppender (LogUtils.java:warn(124)) - s0@group-6905249F38B1->s1-AppendLogResponseHandler: Failed appendEntries
java.io.IOException: java.util.concurrent.RejectedExecutionException: Task java.util.concurrent.CompletableFuture$AsyncSupply@66d434db rejected from java.util.concurrent.ThreadPoolExecutor@3ad4e2b[Terminated, pool size = 0, active threads = 0, queued tasks = 0, completed tasks = 198]
	at org.apache.ratis.util.IOUtils.asIOException(IOUtils.java:56)
	at org.apache.ratis.grpc.GrpcUtil.tryUnwrapException(GrpcUtil.java:121)
	at org.apache.ratis.grpc.GrpcUtil.unwrapThrowable(GrpcUtil.java:82)
	at org.apache.ratis.grpc.GrpcUtil.warn(GrpcUtil.java:178)
	at org.apache.ratis.grpc.server.GrpcLogAppender$AppendLogResponseHandler.onError(GrpcLogAppender.java:405)
	at org.apache.ratis.thirdparty.io.grpc.stub.ClientCalls$StreamObserverToCallListenerAdapter.onClose(ClientCalls.java:487)
	at org.apache.ratis.thirdparty.io.grpc.internal.ClientCallImpl.closeObserver(ClientCallImpl.java:562)
	at org.apache.ratis.thirdparty.io.grpc.internal.ClientCallImpl.access$300(ClientCallImpl.java:70)
	at org.apache.ratis.thirdparty.io.grpc.internal.ClientCallImpl$ClientStreamListenerImpl$1StreamClosed.runInternal(ClientCallImpl.java:743)
	at org.apache.ratis.thirdparty.io.grpc.internal.ClientCallImpl$ClientStreamListenerImpl$1StreamClosed.runInContext(ClientCallImpl.java:722)
	at org.apache.ratis.thirdparty.io.grpc.internal.ContextRunnable.run(ContextRunnable.java:37)
	at org.apache.ratis.thirdparty.io.grpc.internal.SerializingExecutor.run(SerializingExecutor.java:133)
	at java.base/java.util.concurrent.ThreadPoolExecutor.runWorker(ThreadPoolExecutor.java:1128)
	at java.base/java.util.concurrent.ThreadPoolExecutor$Worker.run(ThreadPoolExecutor.java:628)
	at java.base/java.lang.Thread.run(Thread.java:829)
Caused by: java.util.concurrent.RejectedExecutionException: Task java.util.concurrent.CompletableFuture$AsyncSupply@66d434db rejected from java.util.concurrent.ThreadPoolExecutor@3ad4e2b[Terminated, pool size = 0, active threads = 0, queued tasks = 0, completed tasks = 198]
	at java.base/jdk.internal.reflect.GeneratedConstructorAccessor7.newInstance(Unknown Source)
	at java.base/jdk.internal.reflect.DelegatingConstructorAccessorImpl.newInstance(DelegatingConstructorAccessorImpl.java:45)
	at java.base/java.lang.reflect.Constructor.newInstance(Constructor.java:490)
	at org.apache.ratis.util.ReflectionUtils.instantiateException(ReflectionUtils.java:259)
	at org.apache.ratis.grpc.GrpcUtil.tryUnwrapException(GrpcUtil.java:120)
	... 13 more
Caused by: org.apache.ratis.thirdparty.io.grpc.StatusRuntimeException: INTERNAL: Task java.util.concurrent.CompletableFuture$AsyncSupply@66d434db rejected from java.util.concurrent.ThreadPoolExecutor@3ad4e2b[Terminated, pool size = 0, active threads = 0, queued tasks = 0, completed tasks = 198]
	at org.apache.ratis.thirdparty.io.grpc.Status.asRuntimeException(Status.java:535)
	... 10 more
	Suppressed: java.lang.IllegalStateException: Failed to cast to class java.io.IOException, object=java.util.concurrent.RejectedExecutionException: Task java.util.concurrent.CompletableFuture$AsyncSupply@66d434db rejected from java.util.concurrent.ThreadPoolExecutor@3ad4e2b[Terminated, pool size = 0, active threads = 0, queued tasks = 0, completed tasks = 198]
	at java.base/java.util.concurrent.ThreadPoolExecutor$AbortPolicy.rejectedExecution(ThreadPoolExecutor.java:2055)
	at java.base/java.util.concurrent.ThreadPoolExecutor.reject(ThreadPoolExecutor.java:825)
	at java.base/java.util.concurrent.ThreadPoolExecutor.execute(ThreadPoolExecutor.java:1355)
	at java.base/java.util.concurrent.CompletableFuture.asyncSupplyStage(CompletableFuture.java:1714)
	at java.base/java.util.concurrent.CompletableFuture.supplyAsync(CompletableFuture.java:1931)
	at org.apache.ratis.server.impl.RaftServerImpl.executeSubmitServerRequestAsync(RaftServerImpl.java:812)
	at org.apache.ratis.server.impl.RaftServerProxy.lambda$appendEntriesAsync$27(RaftServerProxy.java:634)
	at java.base/java.util.concurrent.CompletableFuture.uniComposeStage(CompletableFuture.java:1106)
	at java.base/java.util.concurrent.CompletableFuture.thenCompose(CompletableFuture.java:2235)
	at org.apache.ratis.server.impl.RaftServerProxy.appendEntriesAsync(RaftServerProxy.java:634)
	at org.apache.ratis.grpc.server.GrpcServerProtocolService$1.process(GrpcServerProtocolService.java:219)
	at org.apache.ratis.grpc.server.GrpcServerProtocolService$1.process(GrpcServerProtocolService.java:216)
	at org.apache.ratis.grpc.server.GrpcServerProtocolService$ServerRequestStreamObserver.onNext(GrpcServerProtocolService.java:124)
	at org.apache.ratis.thirdparty.io.grpc.stub.ServerCalls$StreamingServerCallHandler$StreamingServerCallListener.onMessage(ServerCalls.java:262)
	at org.apache.ratis.thirdparty.io.grpc.ForwardingServerCallListener.onMessage(ForwardingServerCallListener.java:33)
	at org.apache.ratis.thirdparty.io.grpc.internal.ServerCallImpl$ServerStreamListenerImpl.messagesAvailableInternal(ServerCallImpl.java:332)
	at org.apache.ratis.thirdparty.io.grpc.internal.ServerCallImpl$ServerStreamListenerImpl.messagesAvailable(ServerCallImpl.java:315)
	at org.apache.ratis.thirdparty.io.grpc.internal.ServerImpl$JumpToApplicationThreadServerStreamListener$1MessagesAvailable.runInContext(ServerImpl.java:834)
	at org.apache.ratis.thirdparty.io.grpc.internal.ContextRunnable.run(ContextRunnable.java:37)
	at org.apache.ratis.thirdparty.io.grpc.internal.SerializingExecutor.run(SerializingExecutor.java:133)
	at java.base/java.util.concurrent.ThreadPoolExecutor.runWorker(ThreadPoolExecutor.java:1128)
	at java.base/java.util.concurrent.ThreadPoolExecutor$Worker.run(ThreadPoolExecutor.java:628)
	at java.base/java.lang.Thread.run(Thread.java:829)

		at org.apache.ratis.util.IOUtils.readObject(IOUtils.java:237)
		at org.apache.ratis.util.IOUtils.bytes2Object(IOUtils.java:214)
		at org.apache.ratis.grpc.GrpcUtil.tryUnwrapException(GrpcUtil.java:109)
		at org.apache.ratis.grpc.GrpcUtil.unwrapThrowable(GrpcUtil.java:82)
		at org.apache.ratis.grpc.GrpcUtil.warn(GrpcUtil.java:178)
		at org.apache.ratis.grpc.server.GrpcLogAppender$AppendLogResponseHandler.onError(GrpcLogAppender.java:405)
		... 10 more
	Caused by: java.lang.ClassCastException: Cannot cast java.util.concurrent.RejectedExecutionException to java.io.IOException
		at java.base/java.lang.Class.cast(Class.java:3605)
		at org.apache.ratis.util.IOUtils.readObject(IOUtils.java:234)
		... 15 more
2022-10-13 10:40:59,391 [grpc-default-executor-0] INFO  leader.FollowerInfo (FollowerInfoImpl.java:lambda$new$0(48)) - s0@group-6905249F38B1->s1: nextIndex: updateUnconditionally 263 -> 259
2022-10-13 10:40:59,428 [grpc-default-executor-0] WARN  server.GrpcServerProtocolService (LogUtils.java:warn(124)) - s1: Failed APPEND_ENTRIES request s0->s1#470-t2,previous=(t:2, i:258),leaderCommit=262,initializing? true,entries: size=4, first=(t:2, i:259), CONFIGURATIONENTRY(current:id: "s0"
address: "localhost:46195"
dataStreamAddress: "localhost:39399"
clientAddress: "localhost:42765"
adminAddress: "localhost:44717"
startupRole: FOLLOWER
,id: "s1"
address: "0.0.0.0:46693"
clientAddress: "0.0.0.0:46693"
adminAddress: "0.0.0.0:46693"
startupRole: FOLLOWER
,id: "s2"
address: "0.0.0.0:36699"
clientAddress: "0.0.0.0:36699"
adminAddress: "0.0.0.0:36699"
startupRole: FOLLOWER
, old:id: "s0"
address: "localhost:46195"
dataStreamAddress: "localhost:39399"
clientAddress: "localhost:42765"
adminAddress: "localhost:44717"
startupRole: FOLLOWER
)
java.util.concurrent.CompletionException: java.util.concurrent.RejectedExecutionException: Task java.util.concurrent.CompletableFuture$AsyncSupply@45cd9339 rejected from java.util.concurrent.ThreadPoolExecutor@3ad4e2b[Terminated, pool size = 0, active threads = 0, queued tasks = 0, completed tasks = 198]
	at java.base/java.util.concurrent.CompletableFuture.encodeThrowable(CompletableFuture.java:314)
	at java.base/java.util.concurrent.CompletableFuture.uniComposeStage(CompletableFuture.java:1113)
	at java.base/java.util.concurrent.CompletableFuture.thenCompose(CompletableFuture.java:2235)
	at org.apache.ratis.server.impl.RaftServerProxy.appendEntriesAsync(RaftServerProxy.java:634)
	at org.apache.ratis.grpc.server.GrpcServerProtocolService$1.process(GrpcServerProtocolService.java:219)
	at org.apache.ratis.grpc.server.GrpcServerProtocolService$1.process(GrpcServerProtocolService.java:216)
	at org.apache.ratis.grpc.server.GrpcServerProtocolService$ServerRequestStreamObserver.onNext(GrpcServerProtocolService.java:124)
	at org.apache.ratis.thirdparty.io.grpc.stub.ServerCalls$StreamingServerCallHandler$StreamingServerCallListener.onMessage(ServerCalls.java:262)
	at org.apache.ratis.thirdparty.io.grpc.ForwardingServerCallListener.onMessage(ForwardingServerCallListener.java:33)
	at org.apache.ratis.thirdparty.io.grpc.internal.ServerCallImpl$ServerStreamListenerImpl.messagesAvailableInternal(ServerCallImpl.java:332)
	at org.apache.ratis.thirdparty.io.grpc.internal.ServerCallImpl$ServerStreamListenerImpl.messagesAvailable(ServerCallImpl.java:315)
	at org.apache.ratis.thirdparty.io.grpc.internal.ServerImpl$JumpToApplicationThreadServerStreamListener$1MessagesAvailable.runInContext(ServerImpl.java:834)
	at org.apache.ratis.thirdparty.io.grpc.internal.ContextRunnable.run(ContextRunnable.java:37)
	at org.apache.ratis.thirdparty.io.grpc.internal.SerializingExecutor.run(SerializingExecutor.java:133)
	at java.base/java.util.concurrent.ThreadPoolExecutor.runWorker(ThreadPoolExecutor.java:1128)
	at java.base/java.util.concurrent.ThreadPoolExecutor$Worker.run(ThreadPoolExecutor.java:628)
	at java.base/java.lang.Thread.run(Thread.java:829)
Caused by: java.util.concurrent.RejectedExecutionException: Task java.util.concurrent.CompletableFuture$AsyncSupply@45cd9339 rejected from java.util.concurrent.ThreadPoolExecutor@3ad4e2b[Terminated, pool size = 0, active threads = 0, queued tasks = 0, completed tasks = 198]
	at java.base/java.util.concurrent.ThreadPoolExecutor$AbortPolicy.rejectedExecution(ThreadPoolExecutor.java:2055)
	at java.base/java.util.concurrent.ThreadPoolExecutor.reject(ThreadPoolExecutor.java:825)
	at java.base/java.util.concurrent.ThreadPoolExecutor.execute(ThreadPoolExecutor.java:1355)
	at java.base/java.util.concurrent.CompletableFuture.asyncSupplyStage(CompletableFuture.java:1714)
	at java.base/java.util.concurrent.CompletableFuture.supplyAsync(CompletableFuture.java:1931)
	at org.apache.ratis.server.impl.RaftServerImpl.executeSubmitServerRequestAsync(RaftServerImpl.java:812)
	at org.apache.ratis.server.impl.RaftServerProxy.lambda$appendEntriesAsync$27(RaftServerProxy.java:634)
	at java.base/java.util.concurrent.CompletableFuture.uniComposeStage(CompletableFuture.java:1106)
	... 15 more
2022-10-13 10:40:59,429 [grpc-default-executor-1] WARN  server.GrpcLogAppender (LogUtils.java:warn(124)) - s0@group-6905249F38B1->s1-AppendLogResponseHandler: Failed appendEntries
java.io.IOException: java.util.concurrent.RejectedExecutionException: Task java.util.concurrent.CompletableFuture$AsyncSupply@45cd9339 rejected from java.util.concurrent.ThreadPoolExecutor@3ad4e2b[Terminated, pool size = 0, active threads = 0, queued tasks = 0, completed tasks = 198]
	at org.apache.ratis.util.IOUtils.asIOException(IOUtils.java:56)
	at org.apache.ratis.grpc.GrpcUtil.tryUnwrapException(GrpcUtil.java:121)
	at org.apache.ratis.grpc.GrpcUtil.unwrapThrowable(GrpcUtil.java:82)
	at org.apache.ratis.grpc.GrpcUtil.warn(GrpcUtil.java:178)
	at org.apache.ratis.grpc.server.GrpcLogAppender$AppendLogResponseHandler.onError(GrpcLogAppender.java:405)
	at org.apache.ratis.thirdparty.io.grpc.stub.ClientCalls$StreamObserverToCallListenerAdapter.onClose(ClientCalls.java:487)
	at org.apache.ratis.thirdparty.io.grpc.internal.ClientCallImpl.closeObserver(ClientCallImpl.java:562)
	at org.apache.ratis.thirdparty.io.grpc.internal.ClientCallImpl.access$300(ClientCallImpl.java:70)
	at org.apache.ratis.thirdparty.io.grpc.internal.ClientCallImpl$ClientStreamListenerImpl$1StreamClosed.runInternal(ClientCallImpl.java:743)
	at org.apache.ratis.thirdparty.io.grpc.internal.ClientCallImpl$ClientStreamListenerImpl$1StreamClosed.runInContext(ClientCallImpl.java:722)
	at org.apache.ratis.thirdparty.io.grpc.internal.ContextRunnable.run(ContextRunnable.java:37)
	at org.apache.ratis.thirdparty.io.grpc.internal.SerializingExecutor.run(SerializingExecutor.java:133)
	at java.base/java.util.concurrent.ThreadPoolExecutor.runWorker(ThreadPoolExecutor.java:1128)
	at java.base/java.util.concurrent.ThreadPoolExecutor$Worker.run(ThreadPoolExecutor.java:628)
	at java.base/java.lang.Thread.run(Thread.java:829)
Caused by: java.util.concurrent.RejectedExecutionException: Task java.util.concurrent.CompletableFuture$AsyncSupply@45cd9339 rejected from java.util.concurrent.ThreadPoolExecutor@3ad4e2b[Terminated, pool size = 0, active threads = 0, queued tasks = 0, completed tasks = 198]
	at java.base/jdk.internal.reflect.GeneratedConstructorAccessor7.newInstance(Unknown Source)
	at java.base/jdk.internal.reflect.DelegatingConstructorAccessorImpl.newInstance(DelegatingConstructorAccessorImpl.java:45)
	at java.base/java.lang.reflect.Constructor.newInstance(Constructor.java:490)
	at org.apache.ratis.util.ReflectionUtils.instantiateException(ReflectionUtils.java:259)
	at org.apache.ratis.grpc.GrpcUtil.tryUnwrapException(GrpcUtil.java:120)
	... 13 more
Caused by: org.apache.ratis.thirdparty.io.grpc.StatusRuntimeException: INTERNAL: Task java.util.concurrent.CompletableFuture$AsyncSupply@45cd9339 rejected from java.util.concurrent.ThreadPoolExecutor@3ad4e2b[Terminated, pool size = 0, active threads = 0, queued tasks = 0, completed tasks = 198]
	at org.apache.ratis.thirdparty.io.grpc.Status.asRuntimeException(Status.java:535)
	... 10 more
	Suppressed: java.lang.IllegalStateException: Failed to cast to class java.io.IOException, object=java.util.concurrent.RejectedExecutionException: Task java.util.concurrent.CompletableFuture$AsyncSupply@45cd9339 rejected from java.util.concurrent.ThreadPoolExecutor@3ad4e2b[Terminated, pool size = 0, active threads = 0, queued tasks = 0, completed tasks = 198]
	at java.base/java.util.concurrent.ThreadPoolExecutor$AbortPolicy.rejectedExecution(ThreadPoolExecutor.java:2055)
	at java.base/java.util.concurrent.ThreadPoolExecutor.reject(ThreadPoolExecutor.java:825)
	at java.base/java.util.concurrent.ThreadPoolExecutor.execute(ThreadPoolExecutor.java:1355)
	at java.base/java.util.concurrent.CompletableFuture.asyncSupplyStage(CompletableFuture.java:1714)
	at java.base/java.util.concurrent.CompletableFuture.supplyAsync(CompletableFuture.java:1931)
	at org.apache.ratis.server.impl.RaftServerImpl.executeSubmitServerRequestAsync(RaftServerImpl.java:812)
	at org.apache.ratis.server.impl.RaftServerProxy.lambda$appendEntriesAsync$27(RaftServerProxy.java:634)
	at java.base/java.util.concurrent.CompletableFuture.uniComposeStage(CompletableFuture.java:1106)
	at java.base/java.util.concurrent.CompletableFuture.thenCompose(CompletableFuture.java:2235)
	at org.apache.ratis.server.impl.RaftServerProxy.appendEntriesAsync(RaftServerProxy.java:634)
	at org.apache.ratis.grpc.server.GrpcServerProtocolService$1.process(GrpcServerProtocolService.java:219)
	at org.apache.ratis.grpc.server.GrpcServerProtocolService$1.process(GrpcServerProtocolService.java:216)
	at org.apache.ratis.grpc.server.GrpcServerProtocolService$ServerRequestStreamObserver.onNext(GrpcServerProtocolService.java:124)
	at org.apache.ratis.thirdparty.io.grpc.stub.ServerCalls$StreamingServerCallHandler$StreamingServerCallListener.onMessage(ServerCalls.java:262)
	at org.apache.ratis.thirdparty.io.grpc.ForwardingServerCallListener.onMessage(ForwardingServerCallListener.java:33)
	at org.apache.ratis.thirdparty.io.grpc.internal.ServerCallImpl$ServerStreamListenerImpl.messagesAvailableInternal(ServerCallImpl.java:332)
	at org.apache.ratis.thirdparty.io.grpc.internal.ServerCallImpl$ServerStreamListenerImpl.messagesAvailable(ServerCallImpl.java:315)
	at org.apache.ratis.thirdparty.io.grpc.internal.ServerImpl$JumpToApplicationThreadServerStreamListener$1MessagesAvailable.runInContext(ServerImpl.java:834)
	at org.apache.ratis.thirdparty.io.grpc.internal.ContextRunnable.run(ContextRunnable.java:37)
	at org.apache.ratis.thirdparty.io.grpc.internal.SerializingExecutor.run(SerializingExecutor.java:133)
	at java.base/java.util.concurrent.ThreadPoolExecutor.runWorker(ThreadPoolExecutor.java:1128)
	at java.base/java.util.concurrent.ThreadPoolExecutor$Worker.run(ThreadPoolExecutor.java:628)
	at java.base/java.lang.Thread.run(Thread.java:829)

		at org.apache.ratis.util.IOUtils.readObject(IOUtils.java:237)
		at org.apache.ratis.util.IOUtils.bytes2Object(IOUtils.java:214)
		at org.apache.ratis.grpc.GrpcUtil.tryUnwrapException(GrpcUtil.java:109)
		at org.apache.ratis.grpc.GrpcUtil.unwrapThrowable(GrpcUtil.java:82)
		at org.apache.ratis.grpc.GrpcUtil.warn(GrpcUtil.java:178)
		at org.apache.ratis.grpc.server.GrpcLogAppender$AppendLogResponseHandler.onError(GrpcLogAppender.java:405)
		... 10 more
	Caused by: java.lang.ClassCastException: Cannot cast java.util.concurrent.RejectedExecutionException to java.io.IOException
		at java.base/java.lang.Class.cast(Class.java:3605)
		at org.apache.ratis.util.IOUtils.readObject(IOUtils.java:234)
		... 15 more
2022-10-13 10:40:59,430 [grpc-default-executor-1] INFO  leader.FollowerInfo (FollowerInfoImpl.java:lambda$new$0(48)) - s0@group-6905249F38B1->s1: nextIndex: updateUnconditionally 263 -> 259
2022-10-13 10:40:59,465 [grpc-default-executor-3] WARN  server.GrpcServerProtocolService (LogUtils.java:warn(124)) - s1: Failed APPEND_ENTRIES request s0->s1#472-t2,previous=(t:2, i:258),leaderCommit=262,initializing? true,entries: size=4, first=(t:2, i:259), CONFIGURATIONENTRY(current:id: "s0"
address: "localhost:46195"
dataStreamAddress: "localhost:39399"
clientAddress: "localhost:42765"
adminAddress: "localhost:44717"
startupRole: FOLLOWER
,id: "s1"
address: "0.0.0.0:46693"
clientAddress: "0.0.0.0:46693"
adminAddress: "0.0.0.0:46693"
startupRole: FOLLOWER
,id: "s2"
address: "0.0.0.0:36699"
clientAddress: "0.0.0.0:36699"
adminAddress: "0.0.0.0:36699"
startupRole: FOLLOWER
, old:id: "s0"
address: "localhost:46195"
dataStreamAddress: "localhost:39399"
clientAddress: "localhost:42765"
adminAddress: "localhost:44717"
startupRole: FOLLOWER
)
java.util.concurrent.CompletionException: java.util.concurrent.RejectedExecutionException: Task java.util.concurrent.CompletableFuture$AsyncSupply@592bc189 rejected from java.util.concurrent.ThreadPoolExecutor@3ad4e2b[Terminated, pool size = 0, active threads = 0, queued tasks = 0, completed tasks = 198]
	at java.base/java.util.concurrent.CompletableFuture.encodeThrowable(CompletableFuture.java:314)
	at java.base/java.util.concurrent.CompletableFuture.uniComposeStage(CompletableFuture.java:1113)
	at java.base/java.util.concurrent.CompletableFuture.thenCompose(CompletableFuture.java:2235)
	at org.apache.ratis.server.impl.RaftServerProxy.appendEntriesAsync(RaftServerProxy.java:634)
	at org.apache.ratis.grpc.server.GrpcServerProtocolService$1.process(GrpcServerProtocolService.java:219)
	at org.apache.ratis.grpc.server.GrpcServerProtocolService$1.process(GrpcServerProtocolService.java:216)
	at org.apache.ratis.grpc.server.GrpcServerProtocolService$ServerRequestStreamObserver.onNext(GrpcServerProtocolService.java:124)
	at org.apache.ratis.thirdparty.io.grpc.stub.ServerCalls$StreamingServerCallHandler$StreamingServerCallListener.onMessage(ServerCalls.java:262)
	at org.apache.ratis.thirdparty.io.grpc.ForwardingServerCallListener.onMessage(ForwardingServerCallListener.java:33)
	at org.apache.ratis.thirdparty.io.grpc.internal.ServerCallImpl$ServerStreamListenerImpl.messagesAvailableInternal(ServerCallImpl.java:332)
	at org.apache.ratis.thirdparty.io.grpc.internal.ServerCallImpl$ServerStreamListenerImpl.messagesAvailable(ServerCallImpl.java:315)
	at org.apache.ratis.thirdparty.io.grpc.internal.ServerImpl$JumpToApplicationThreadServerStreamListener$1MessagesAvailable.runInContext(ServerImpl.java:834)
	at org.apache.ratis.thirdparty.io.grpc.internal.ContextRunnable.run(ContextRunnable.java:37)
	at org.apache.ratis.thirdparty.io.grpc.internal.SerializingExecutor.run(SerializingExecutor.java:133)
	at java.base/java.util.concurrent.ThreadPoolExecutor.runWorker(ThreadPoolExecutor.java:1128)
	at java.base/java.util.concurrent.ThreadPoolExecutor$Worker.run(ThreadPoolExecutor.java:628)
	at java.base/java.lang.Thread.run(Thread.java:829)
Caused by: java.util.concurrent.RejectedExecutionException: Task java.util.concurrent.CompletableFuture$AsyncSupply@592bc189 rejected from java.util.concurrent.ThreadPoolExecutor@3ad4e2b[Terminated, pool size = 0, active threads = 0, queued tasks = 0, completed tasks = 198]
	at java.base/java.util.concurrent.ThreadPoolExecutor$AbortPolicy.rejectedExecution(ThreadPoolExecutor.java:2055)
	at java.base/java.util.concurrent.ThreadPoolExecutor.reject(ThreadPoolExecutor.java:825)
	at java.base/java.util.concurrent.ThreadPoolExecutor.execute(ThreadPoolExecutor.java:1355)
	at java.base/java.util.concurrent.CompletableFuture.asyncSupplyStage(CompletableFuture.java:1714)
	at java.base/java.util.concurrent.CompletableFuture.supplyAsync(CompletableFuture.java:1931)
	at org.apache.ratis.server.impl.RaftServerImpl.executeSubmitServerRequestAsync(RaftServerImpl.java:812)
	at org.apache.ratis.server.impl.RaftServerProxy.lambda$appendEntriesAsync$27(RaftServerProxy.java:634)
	at java.base/java.util.concurrent.CompletableFuture.uniComposeStage(CompletableFuture.java:1106)
	... 15 more
2022-10-13 10:40:59,467 [grpc-default-executor-3] WARN  server.GrpcLogAppender (LogUtils.java:warn(124)) - s0@group-6905249F38B1->s1-AppendLogResponseHandler: Failed appendEntries
java.io.IOException: java.util.concurrent.RejectedExecutionException: Task java.util.concurrent.CompletableFuture$AsyncSupply@592bc189 rejected from java.util.concurrent.ThreadPoolExecutor@3ad4e2b[Terminated, pool size = 0, active threads = 0, queued tasks = 0, completed tasks = 198]
	at org.apache.ratis.util.IOUtils.asIOException(IOUtils.java:56)
	at org.apache.ratis.grpc.GrpcUtil.tryUnwrapException(GrpcUtil.java:121)
	at org.apache.ratis.grpc.GrpcUtil.unwrapThrowable(GrpcUtil.java:82)
	at org.apache.ratis.grpc.GrpcUtil.warn(GrpcUtil.java:178)
	at org.apache.ratis.grpc.server.GrpcLogAppender$AppendLogResponseHandler.onError(GrpcLogAppender.java:405)
	at org.apache.ratis.thirdparty.io.grpc.stub.ClientCalls$StreamObserverToCallListenerAdapter.onClose(ClientCalls.java:487)
	at org.apache.ratis.thirdparty.io.grpc.internal.ClientCallImpl.closeObserver(ClientCallImpl.java:562)
	at org.apache.ratis.thirdparty.io.grpc.internal.ClientCallImpl.access$300(ClientCallImpl.java:70)
	at org.apache.ratis.thirdparty.io.grpc.internal.ClientCallImpl$ClientStreamListenerImpl$1StreamClosed.runInternal(ClientCallImpl.java:743)
	at org.apache.ratis.thirdparty.io.grpc.internal.ClientCallImpl$ClientStreamListenerImpl$1StreamClosed.runInContext(ClientCallImpl.java:722)
	at org.apache.ratis.thirdparty.io.grpc.internal.ContextRunnable.run(ContextRunnable.java:37)
	at org.apache.ratis.thirdparty.io.grpc.internal.SerializingExecutor.run(SerializingExecutor.java:133)
	at java.base/java.util.concurrent.ThreadPoolExecutor.runWorker(ThreadPoolExecutor.java:1128)
	at java.base/java.util.concurrent.ThreadPoolExecutor$Worker.run(ThreadPoolExecutor.java:628)
	at java.base/java.lang.Thread.run(Thread.java:829)
Caused by: java.util.concurrent.RejectedExecutionException: Task java.util.concurrent.CompletableFuture$AsyncSupply@592bc189 rejected from java.util.concurrent.ThreadPoolExecutor@3ad4e2b[Terminated, pool size = 0, active threads = 0, queued tasks = 0, completed tasks = 198]
	at java.base/jdk.internal.reflect.GeneratedConstructorAccessor7.newInstance(Unknown Source)
	at java.base/jdk.internal.reflect.DelegatingConstructorAccessorImpl.newInstance(DelegatingConstructorAccessorImpl.java:45)
	at java.base/java.lang.reflect.Constructor.newInstance(Constructor.java:490)
	at org.apache.ratis.util.ReflectionUtils.instantiateException(ReflectionUtils.java:259)
	at org.apache.ratis.grpc.GrpcUtil.tryUnwrapException(GrpcUtil.java:120)
	... 13 more
Caused by: org.apache.ratis.thirdparty.io.grpc.StatusRuntimeException: INTERNAL: Task java.util.concurrent.CompletableFuture$AsyncSupply@592bc189 rejected from java.util.concurrent.ThreadPoolExecutor@3ad4e2b[Terminated, pool size = 0, active threads = 0, queued tasks = 0, completed tasks = 198]
	at org.apache.ratis.thirdparty.io.grpc.Status.asRuntimeException(Status.java:535)
	... 10 more
	Suppressed: java.lang.IllegalStateException: Failed to cast to class java.io.IOException, object=java.util.concurrent.RejectedExecutionException: Task java.util.concurrent.CompletableFuture$AsyncSupply@592bc189 rejected from java.util.concurrent.ThreadPoolExecutor@3ad4e2b[Terminated, pool size = 0, active threads = 0, queued tasks = 0, completed tasks = 198]
	at java.base/java.util.concurrent.ThreadPoolExecutor$AbortPolicy.rejectedExecution(ThreadPoolExecutor.java:2055)
	at java.base/java.util.concurrent.ThreadPoolExecutor.reject(ThreadPoolExecutor.java:825)
	at java.base/java.util.concurrent.ThreadPoolExecutor.execute(ThreadPoolExecutor.java:1355)
	at java.base/java.util.concurrent.CompletableFuture.asyncSupplyStage(CompletableFuture.java:1714)
	at java.base/java.util.concurrent.CompletableFuture.supplyAsync(CompletableFuture.java:1931)
	at org.apache.ratis.server.impl.RaftServerImpl.executeSubmitServerRequestAsync(RaftServerImpl.java:812)
	at org.apache.ratis.server.impl.RaftServerProxy.lambda$appendEntriesAsync$27(RaftServerProxy.java:634)
	at java.base/java.util.concurrent.CompletableFuture.uniComposeStage(CompletableFuture.java:1106)
	at java.base/java.util.concurrent.CompletableFuture.thenCompose(CompletableFuture.java:2235)
	at org.apache.ratis.server.impl.RaftServerProxy.appendEntriesAsync(RaftServerProxy.java:634)
	at org.apache.ratis.grpc.server.GrpcServerProtocolService$1.process(GrpcServerProtocolService.java:219)
	at org.apache.ratis.grpc.server.GrpcServerProtocolService$1.process(GrpcServerProtocolService.java:216)
	at org.apache.ratis.grpc.server.GrpcServerProtocolService$ServerRequestStreamObserver.onNext(GrpcServerProtocolService.java:124)
	at org.apache.ratis.thirdparty.io.grpc.stub.ServerCalls$StreamingServerCallHandler$StreamingServerCallListener.onMessage(ServerCalls.java:262)
	at org.apache.ratis.thirdparty.io.grpc.ForwardingServerCallListener.onMessage(ForwardingServerCallListener.java:33)
	at org.apache.ratis.thirdparty.io.grpc.internal.ServerCallImpl$ServerStreamListenerImpl.messagesAvailableInternal(ServerCallImpl.java:332)
	at org.apache.ratis.thirdparty.io.grpc.internal.ServerCallImpl$ServerStreamListenerImpl.messagesAvailable(ServerCallImpl.java:315)
	at org.apache.ratis.thirdparty.io.grpc.internal.ServerImpl$JumpToApplicationThreadServerStreamListener$1MessagesAvailable.runInContext(ServerImpl.java:834)
	at org.apache.ratis.thirdparty.io.grpc.internal.ContextRunnable.run(ContextRunnable.java:37)
	at org.apache.ratis.thirdparty.io.grpc.internal.SerializingExecutor.run(SerializingExecutor.java:133)
	at java.base/java.util.concurrent.ThreadPoolExecutor.runWorker(ThreadPoolExecutor.java:1128)
	at java.base/java.util.concurrent.ThreadPoolExecutor$Worker.run(ThreadPoolExecutor.java:628)
	at java.base/java.lang.Thread.run(Thread.java:829)

		at org.apache.ratis.util.IOUtils.readObject(IOUtils.java:237)
		at org.apache.ratis.util.IOUtils.bytes2Object(IOUtils.java:214)
		at org.apache.ratis.grpc.GrpcUtil.tryUnwrapException(GrpcUtil.java:109)
		at org.apache.ratis.grpc.GrpcUtil.unwrapThrowable(GrpcUtil.java:82)
		at org.apache.ratis.grpc.GrpcUtil.warn(GrpcUtil.java:178)
		at org.apache.ratis.grpc.server.GrpcLogAppender$AppendLogResponseHandler.onError(GrpcLogAppender.java:405)
		... 10 more
	Caused by: java.lang.ClassCastException: Cannot cast java.util.concurrent.RejectedExecutionException to java.io.IOException
		at java.base/java.lang.Class.cast(Class.java:3605)
		at org.apache.ratis.util.IOUtils.readObject(IOUtils.java:234)
		... 15 more
2022-10-13 10:40:59,467 [grpc-default-executor-3] INFO  leader.FollowerInfo (FollowerInfoImpl.java:lambda$new$0(48)) - s0@group-6905249F38B1->s1: nextIndex: updateUnconditionally 263 -> 259
2022-10-13 10:40:59,503 [grpc-default-executor-2] WARN  server.GrpcServerProtocolService (LogUtils.java:warn(124)) - s1: Failed APPEND_ENTRIES request s0->s1#474-t2,previous=(t:2, i:258),leaderCommit=262,initializing? true,entries: size=4, first=(t:2, i:259), CONFIGURATIONENTRY(current:id: "s0"
address: "localhost:46195"
dataStreamAddress: "localhost:39399"
clientAddress: "localhost:42765"
adminAddress: "localhost:44717"
startupRole: FOLLOWER
,id: "s1"
address: "0.0.0.0:46693"
clientAddress: "0.0.0.0:46693"
adminAddress: "0.0.0.0:46693"
startupRole: FOLLOWER
,id: "s2"
address: "0.0.0.0:36699"
clientAddress: "0.0.0.0:36699"
adminAddress: "0.0.0.0:36699"
startupRole: FOLLOWER
, old:id: "s0"
address: "localhost:46195"
dataStreamAddress: "localhost:39399"
clientAddress: "localhost:42765"
adminAddress: "localhost:44717"
startupRole: FOLLOWER
)
java.util.concurrent.CompletionException: java.util.concurrent.RejectedExecutionException: Task java.util.concurrent.CompletableFuture$AsyncSupply@32171c5a rejected from java.util.concurrent.ThreadPoolExecutor@3ad4e2b[Terminated, pool size = 0, active threads = 0, queued tasks = 0, completed tasks = 198]
	at java.base/java.util.concurrent.CompletableFuture.encodeThrowable(CompletableFuture.java:314)
	at java.base/java.util.concurrent.CompletableFuture.uniComposeStage(CompletableFuture.java:1113)
	at java.base/java.util.concurrent.CompletableFuture.thenCompose(CompletableFuture.java:2235)
	at org.apache.ratis.server.impl.RaftServerProxy.appendEntriesAsync(RaftServerProxy.java:634)
	at org.apache.ratis.grpc.server.GrpcServerProtocolService$1.process(GrpcServerProtocolService.java:219)
	at org.apache.ratis.grpc.server.GrpcServerProtocolService$1.process(GrpcServerProtocolService.java:216)
	at org.apache.ratis.grpc.server.GrpcServerProtocolService$ServerRequestStreamObserver.onNext(GrpcServerProtocolService.java:124)
	at org.apache.ratis.thirdparty.io.grpc.stub.ServerCalls$StreamingServerCallHandler$StreamingServerCallListener.onMessage(ServerCalls.java:262)
	at org.apache.ratis.thirdparty.io.grpc.ForwardingServerCallListener.onMessage(ForwardingServerCallListener.java:33)
	at org.apache.ratis.thirdparty.io.grpc.internal.ServerCallImpl$ServerStreamListenerImpl.messagesAvailableInternal(ServerCallImpl.java:332)
	at org.apache.ratis.thirdparty.io.grpc.internal.ServerCallImpl$ServerStreamListenerImpl.messagesAvailable(ServerCallImpl.java:315)
	at org.apache.ratis.thirdparty.io.grpc.internal.ServerImpl$JumpToApplicationThreadServerStreamListener$1MessagesAvailable.runInContext(ServerImpl.java:834)
	at org.apache.ratis.thirdparty.io.grpc.internal.ContextRunnable.run(ContextRunnable.java:37)
	at org.apache.ratis.thirdparty.io.grpc.internal.SerializingExecutor.run(SerializingExecutor.java:133)
	at java.base/java.util.concurrent.ThreadPoolExecutor.runWorker(ThreadPoolExecutor.java:1128)
	at java.base/java.util.concurrent.ThreadPoolExecutor$Worker.run(ThreadPoolExecutor.java:628)
	at java.base/java.lang.Thread.run(Thread.java:829)
Caused by: java.util.concurrent.RejectedExecutionException: Task java.util.concurrent.CompletableFuture$AsyncSupply@32171c5a rejected from java.util.concurrent.ThreadPoolExecutor@3ad4e2b[Terminated, pool size = 0, active threads = 0, queued tasks = 0, completed tasks = 198]
	at java.base/java.util.concurrent.ThreadPoolExecutor$AbortPolicy.rejectedExecution(ThreadPoolExecutor.java:2055)
	at java.base/java.util.concurrent.ThreadPoolExecutor.reject(ThreadPoolExecutor.java:825)
	at java.base/java.util.concurrent.ThreadPoolExecutor.execute(ThreadPoolExecutor.java:1355)
	at java.base/java.util.concurrent.CompletableFuture.asyncSupplyStage(CompletableFuture.java:1714)
	at java.base/java.util.concurrent.CompletableFuture.supplyAsync(CompletableFuture.java:1931)
	at org.apache.ratis.server.impl.RaftServerImpl.executeSubmitServerRequestAsync(RaftServerImpl.java:812)
	at org.apache.ratis.server.impl.RaftServerProxy.lambda$appendEntriesAsync$27(RaftServerProxy.java:634)
	at java.base/java.util.concurrent.CompletableFuture.uniComposeStage(CompletableFuture.java:1106)
	... 15 more
2022-10-13 10:40:59,504 [grpc-default-executor-3] WARN  server.GrpcLogAppender (LogUtils.java:warn(124)) - s0@group-6905249F38B1->s1-AppendLogResponseHandler: Failed appendEntries
java.io.IOException: java.util.concurrent.RejectedExecutionException: Task java.util.concurrent.CompletableFuture$AsyncSupply@32171c5a rejected from java.util.concurrent.ThreadPoolExecutor@3ad4e2b[Terminated, pool size = 0, active threads = 0, queued tasks = 0, completed tasks = 198]
	at org.apache.ratis.util.IOUtils.asIOException(IOUtils.java:56)
	at org.apache.ratis.grpc.GrpcUtil.tryUnwrapException(GrpcUtil.java:121)
	at org.apache.ratis.grpc.GrpcUtil.unwrapThrowable(GrpcUtil.java:82)
	at org.apache.ratis.grpc.GrpcUtil.warn(GrpcUtil.java:178)
	at org.apache.ratis.grpc.server.GrpcLogAppender$AppendLogResponseHandler.onError(GrpcLogAppender.java:405)
	at org.apache.ratis.thirdparty.io.grpc.stub.ClientCalls$StreamObserverToCallListenerAdapter.onClose(ClientCalls.java:487)
	at org.apache.ratis.thirdparty.io.grpc.internal.ClientCallImpl.closeObserver(ClientCallImpl.java:562)
	at org.apache.ratis.thirdparty.io.grpc.internal.ClientCallImpl.access$300(ClientCallImpl.java:70)
	at org.apache.ratis.thirdparty.io.grpc.internal.ClientCallImpl$ClientStreamListenerImpl$1StreamClosed.runInternal(ClientCallImpl.java:743)
	at org.apache.ratis.thirdparty.io.grpc.internal.ClientCallImpl$ClientStreamListenerImpl$1StreamClosed.runInContext(ClientCallImpl.java:722)
	at org.apache.ratis.thirdparty.io.grpc.internal.ContextRunnable.run(ContextRunnable.java:37)
	at org.apache.ratis.thirdparty.io.grpc.internal.SerializingExecutor.run(SerializingExecutor.java:133)
	at java.base/java.util.concurrent.ThreadPoolExecutor.runWorker(ThreadPoolExecutor.java:1128)
	at java.base/java.util.concurrent.ThreadPoolExecutor$Worker.run(ThreadPoolExecutor.java:628)
	at java.base/java.lang.Thread.run(Thread.java:829)
Caused by: java.util.concurrent.RejectedExecutionException: Task java.util.concurrent.CompletableFuture$AsyncSupply@32171c5a rejected from java.util.concurrent.ThreadPoolExecutor@3ad4e2b[Terminated, pool size = 0, active threads = 0, queued tasks = 0, completed tasks = 198]
	at java.base/jdk.internal.reflect.GeneratedConstructorAccessor7.newInstance(Unknown Source)
	at java.base/jdk.internal.reflect.DelegatingConstructorAccessorImpl.newInstance(DelegatingConstructorAccessorImpl.java:45)
	at java.base/java.lang.reflect.Constructor.newInstance(Constructor.java:490)
	at org.apache.ratis.util.ReflectionUtils.instantiateException(ReflectionUtils.java:259)
	at org.apache.ratis.grpc.GrpcUtil.tryUnwrapException(GrpcUtil.java:120)
	... 13 more
Caused by: org.apache.ratis.thirdparty.io.grpc.StatusRuntimeException: INTERNAL: Task java.util.concurrent.CompletableFuture$AsyncSupply@32171c5a rejected from java.util.concurrent.ThreadPoolExecutor@3ad4e2b[Terminated, pool size = 0, active threads = 0, queued tasks = 0, completed tasks = 198]
	at org.apache.ratis.thirdparty.io.grpc.Status.asRuntimeException(Status.java:535)
	... 10 more
	Suppressed: java.lang.IllegalStateException: Failed to cast to class java.io.IOException, object=java.util.concurrent.RejectedExecutionException: Task java.util.concurrent.CompletableFuture$AsyncSupply@32171c5a rejected from java.util.concurrent.ThreadPoolExecutor@3ad4e2b[Terminated, pool size = 0, active threads = 0, queued tasks = 0, completed tasks = 198]
	at java.base/java.util.concurrent.ThreadPoolExecutor$AbortPolicy.rejectedExecution(ThreadPoolExecutor.java:2055)
	at java.base/java.util.concurrent.ThreadPoolExecutor.reject(ThreadPoolExecutor.java:825)
	at java.base/java.util.concurrent.ThreadPoolExecutor.execute(ThreadPoolExecutor.java:1355)
	at java.base/java.util.concurrent.CompletableFuture.asyncSupplyStage(CompletableFuture.java:1714)
	at java.base/java.util.concurrent.CompletableFuture.supplyAsync(CompletableFuture.java:1931)
	at org.apache.ratis.server.impl.RaftServerImpl.executeSubmitServerRequestAsync(RaftServerImpl.java:812)
	at org.apache.ratis.server.impl.RaftServerProxy.lambda$appendEntriesAsync$27(RaftServerProxy.java:634)
	at java.base/java.util.concurrent.CompletableFuture.uniComposeStage(CompletableFuture.java:1106)
	at java.base/java.util.concurrent.CompletableFuture.thenCompose(CompletableFuture.java:2235)
	at org.apache.ratis.server.impl.RaftServerProxy.appendEntriesAsync(RaftServerProxy.java:634)
	at org.apache.ratis.grpc.server.GrpcServerProtocolService$1.process(GrpcServerProtocolService.java:219)
	at org.apache.ratis.grpc.server.GrpcServerProtocolService$1.process(GrpcServerProtocolService.java:216)
	at org.apache.ratis.grpc.server.GrpcServerProtocolService$ServerRequestStreamObserver.onNext(GrpcServerProtocolService.java:124)
	at org.apache.ratis.thirdparty.io.grpc.stub.ServerCalls$StreamingServerCallHandler$StreamingServerCallListener.onMessage(ServerCalls.java:262)
	at org.apache.ratis.thirdparty.io.grpc.ForwardingServerCallListener.onMessage(ForwardingServerCallListener.java:33)
	at org.apache.ratis.thirdparty.io.grpc.internal.ServerCallImpl$ServerStreamListenerImpl.messagesAvailableInternal(ServerCallImpl.java:332)
	at org.apache.ratis.thirdparty.io.grpc.internal.ServerCallImpl$ServerStreamListenerImpl.messagesAvailable(ServerCallImpl.java:315)
	at org.apache.ratis.thirdparty.io.grpc.internal.ServerImpl$JumpToApplicationThreadServerStreamListener$1MessagesAvailable.runInContext(ServerImpl.java:834)
	at org.apache.ratis.thirdparty.io.grpc.internal.ContextRunnable.run(ContextRunnable.java:37)
	at org.apache.ratis.thirdparty.io.grpc.internal.SerializingExecutor.run(SerializingExecutor.java:133)
	at java.base/java.util.concurrent.ThreadPoolExecutor.runWorker(ThreadPoolExecutor.java:1128)
	at java.base/java.util.concurrent.ThreadPoolExecutor$Worker.run(ThreadPoolExecutor.java:628)
	at java.base/java.lang.Thread.run(Thread.java:829)

		at org.apache.ratis.util.IOUtils.readObject(IOUtils.java:237)
		at org.apache.ratis.util.IOUtils.bytes2Object(IOUtils.java:214)
		at org.apache.ratis.grpc.GrpcUtil.tryUnwrapException(GrpcUtil.java:109)
		at org.apache.ratis.grpc.GrpcUtil.unwrapThrowable(GrpcUtil.java:82)
		at org.apache.ratis.grpc.GrpcUtil.warn(GrpcUtil.java:178)
		at org.apache.ratis.grpc.server.GrpcLogAppender$AppendLogResponseHandler.onError(GrpcLogAppender.java:405)
		... 10 more
	Caused by: java.lang.ClassCastException: Cannot cast java.util.concurrent.RejectedExecutionException to java.io.IOException
		at java.base/java.lang.Class.cast(Class.java:3605)
		at org.apache.ratis.util.IOUtils.readObject(IOUtils.java:234)
		... 15 more
2022-10-13 10:40:59,504 [grpc-default-executor-3] INFO  leader.FollowerInfo (FollowerInfoImpl.java:lambda$new$0(48)) - s0@group-6905249F38B1->s1: nextIndex: updateUnconditionally 263 -> 259
2022-10-13 10:40:59,540 [grpc-default-executor-0] WARN  server.GrpcServerProtocolService (LogUtils.java:warn(124)) - s1: Failed APPEND_ENTRIES request s0->s1#476-t2,previous=(t:2, i:258),leaderCommit=262,initializing? true,entries: size=4, first=(t:2, i:259), CONFIGURATIONENTRY(current:id: "s0"
address: "localhost:46195"
dataStreamAddress: "localhost:39399"
clientAddress: "localhost:42765"
adminAddress: "localhost:44717"
startupRole: FOLLOWER
,id: "s1"
address: "0.0.0.0:46693"
clientAddress: "0.0.0.0:46693"
adminAddress: "0.0.0.0:46693"
startupRole: FOLLOWER
,id: "s2"
address: "0.0.0.0:36699"
clientAddress: "0.0.0.0:36699"
adminAddress: "0.0.0.0:36699"
startupRole: FOLLOWER
, old:id: "s0"
address: "localhost:46195"
dataStreamAddress: "localhost:39399"
clientAddress: "localhost:42765"
adminAddress: "localhost:44717"
startupRole: FOLLOWER
)
java.util.concurrent.CompletionException: java.util.concurrent.RejectedExecutionException: Task java.util.concurrent.CompletableFuture$AsyncSupply@108665dc rejected from java.util.concurrent.ThreadPoolExecutor@3ad4e2b[Terminated, pool size = 0, active threads = 0, queued tasks = 0, completed tasks = 198]
	at java.base/java.util.concurrent.CompletableFuture.encodeThrowable(CompletableFuture.java:314)
	at java.base/java.util.concurrent.CompletableFuture.uniComposeStage(CompletableFuture.java:1113)
	at java.base/java.util.concurrent.CompletableFuture.thenCompose(CompletableFuture.java:2235)
	at org.apache.ratis.server.impl.RaftServerProxy.appendEntriesAsync(RaftServerProxy.java:634)
	at org.apache.ratis.grpc.server.GrpcServerProtocolService$1.process(GrpcServerProtocolService.java:219)
	at org.apache.ratis.grpc.server.GrpcServerProtocolService$1.process(GrpcServerProtocolService.java:216)
	at org.apache.ratis.grpc.server.GrpcServerProtocolService$ServerRequestStreamObserver.onNext(GrpcServerProtocolService.java:124)
	at org.apache.ratis.thirdparty.io.grpc.stub.ServerCalls$StreamingServerCallHandler$StreamingServerCallListener.onMessage(ServerCalls.java:262)
	at org.apache.ratis.thirdparty.io.grpc.ForwardingServerCallListener.onMessage(ForwardingServerCallListener.java:33)
	at org.apache.ratis.thirdparty.io.grpc.internal.ServerCallImpl$ServerStreamListenerImpl.messagesAvailableInternal(ServerCallImpl.java:332)
	at org.apache.ratis.thirdparty.io.grpc.internal.ServerCallImpl$ServerStreamListenerImpl.messagesAvailable(ServerCallImpl.java:315)
	at org.apache.ratis.thirdparty.io.grpc.internal.ServerImpl$JumpToApplicationThreadServerStreamListener$1MessagesAvailable.runInContext(ServerImpl.java:834)
	at org.apache.ratis.thirdparty.io.grpc.internal.ContextRunnable.run(ContextRunnable.java:37)
	at org.apache.ratis.thirdparty.io.grpc.internal.SerializingExecutor.run(SerializingExecutor.java:133)
	at java.base/java.util.concurrent.ThreadPoolExecutor.runWorker(ThreadPoolExecutor.java:1128)
	at java.base/java.util.concurrent.ThreadPoolExecutor$Worker.run(ThreadPoolExecutor.java:628)
	at java.base/java.lang.Thread.run(Thread.java:829)
Caused by: java.util.concurrent.RejectedExecutionException: Task java.util.concurrent.CompletableFuture$AsyncSupply@108665dc rejected from java.util.concurrent.ThreadPoolExecutor@3ad4e2b[Terminated, pool size = 0, active threads = 0, queued tasks = 0, completed tasks = 198]
	at java.base/java.util.concurrent.ThreadPoolExecutor$AbortPolicy.rejectedExecution(ThreadPoolExecutor.java:2055)
	at java.base/java.util.concurrent.ThreadPoolExecutor.reject(ThreadPoolExecutor.java:825)
	at java.base/java.util.concurrent.ThreadPoolExecutor.execute(ThreadPoolExecutor.java:1355)
	at java.base/java.util.concurrent.CompletableFuture.asyncSupplyStage(CompletableFuture.java:1714)
	at java.base/java.util.concurrent.CompletableFuture.supplyAsync(CompletableFuture.java:1931)
	at org.apache.ratis.server.impl.RaftServerImpl.executeSubmitServerRequestAsync(RaftServerImpl.java:812)
	at org.apache.ratis.server.impl.RaftServerProxy.lambda$appendEntriesAsync$27(RaftServerProxy.java:634)
	at java.base/java.util.concurrent.CompletableFuture.uniComposeStage(CompletableFuture.java:1106)
	... 15 more
2022-10-13 10:40:59,541 [grpc-default-executor-1] WARN  server.GrpcLogAppender (LogUtils.java:warn(124)) - s0@group-6905249F38B1->s1-AppendLogResponseHandler: Failed appendEntries
java.io.IOException: java.util.concurrent.RejectedExecutionException: Task java.util.concurrent.CompletableFuture$AsyncSupply@108665dc rejected from java.util.concurrent.ThreadPoolExecutor@3ad4e2b[Terminated, pool size = 0, active threads = 0, queued tasks = 0, completed tasks = 198]
	at org.apache.ratis.util.IOUtils.asIOException(IOUtils.java:56)
	at org.apache.ratis.grpc.GrpcUtil.tryUnwrapException(GrpcUtil.java:121)
	at org.apache.ratis.grpc.GrpcUtil.unwrapThrowable(GrpcUtil.java:82)
	at org.apache.ratis.grpc.GrpcUtil.warn(GrpcUtil.java:178)
	at org.apache.ratis.grpc.server.GrpcLogAppender$AppendLogResponseHandler.onError(GrpcLogAppender.java:405)
	at org.apache.ratis.thirdparty.io.grpc.stub.ClientCalls$StreamObserverToCallListenerAdapter.onClose(ClientCalls.java:487)
	at org.apache.ratis.thirdparty.io.grpc.internal.ClientCallImpl.closeObserver(ClientCallImpl.java:562)
	at org.apache.ratis.thirdparty.io.grpc.internal.ClientCallImpl.access$300(ClientCallImpl.java:70)
	at org.apache.ratis.thirdparty.io.grpc.internal.ClientCallImpl$ClientStreamListenerImpl$1StreamClosed.runInternal(ClientCallImpl.java:743)
	at org.apache.ratis.thirdparty.io.grpc.internal.ClientCallImpl$ClientStreamListenerImpl$1StreamClosed.runInContext(ClientCallImpl.java:722)
	at org.apache.ratis.thirdparty.io.grpc.internal.ContextRunnable.run(ContextRunnable.java:37)
	at org.apache.ratis.thirdparty.io.grpc.internal.SerializingExecutor.run(SerializingExecutor.java:133)
	at java.base/java.util.concurrent.ThreadPoolExecutor.runWorker(ThreadPoolExecutor.java:1128)
	at java.base/java.util.concurrent.ThreadPoolExecutor$Worker.run(ThreadPoolExecutor.java:628)
	at java.base/java.lang.Thread.run(Thread.java:829)
Caused by: java.util.concurrent.RejectedExecutionException: Task java.util.concurrent.CompletableFuture$AsyncSupply@108665dc rejected from java.util.concurrent.ThreadPoolExecutor@3ad4e2b[Terminated, pool size = 0, active threads = 0, queued tasks = 0, completed tasks = 198]
	at java.base/jdk.internal.reflect.GeneratedConstructorAccessor7.newInstance(Unknown Source)
	at java.base/jdk.internal.reflect.DelegatingConstructorAccessorImpl.newInstance(DelegatingConstructorAccessorImpl.java:45)
	at java.base/java.lang.reflect.Constructor.newInstance(Constructor.java:490)
	at org.apache.ratis.util.ReflectionUtils.instantiateException(ReflectionUtils.java:259)
	at org.apache.ratis.grpc.GrpcUtil.tryUnwrapException(GrpcUtil.java:120)
	... 13 more
Caused by: org.apache.ratis.thirdparty.io.grpc.StatusRuntimeException: INTERNAL: Task java.util.concurrent.CompletableFuture$AsyncSupply@108665dc rejected from java.util.concurrent.ThreadPoolExecutor@3ad4e2b[Terminated, pool size = 0, active threads = 0, queued tasks = 0, completed tasks = 198]
	at org.apache.ratis.thirdparty.io.grpc.Status.asRuntimeException(Status.java:535)
	... 10 more
	Suppressed: java.lang.IllegalStateException: Failed to cast to class java.io.IOException, object=java.util.concurrent.RejectedExecutionException: Task java.util.concurrent.CompletableFuture$AsyncSupply@108665dc rejected from java.util.concurrent.ThreadPoolExecutor@3ad4e2b[Terminated, pool size = 0, active threads = 0, queued tasks = 0, completed tasks = 198]
	at java.base/java.util.concurrent.ThreadPoolExecutor$AbortPolicy.rejectedExecution(ThreadPoolExecutor.java:2055)
	at java.base/java.util.concurrent.ThreadPoolExecutor.reject(ThreadPoolExecutor.java:825)
	at java.base/java.util.concurrent.ThreadPoolExecutor.execute(ThreadPoolExecutor.java:1355)
	at java.base/java.util.concurrent.CompletableFuture.asyncSupplyStage(CompletableFuture.java:1714)
	at java.base/java.util.concurrent.CompletableFuture.supplyAsync(CompletableFuture.java:1931)
	at org.apache.ratis.server.impl.RaftServerImpl.executeSubmitServerRequestAsync(RaftServerImpl.java:812)
	at org.apache.ratis.server.impl.RaftServerProxy.lambda$appendEntriesAsync$27(RaftServerProxy.java:634)
	at java.base/java.util.concurrent.CompletableFuture.uniComposeStage(CompletableFuture.java:1106)
	at java.base/java.util.concurrent.CompletableFuture.thenCompose(CompletableFuture.java:2235)
	at org.apache.ratis.server.impl.RaftServerProxy.appendEntriesAsync(RaftServerProxy.java:634)
	at org.apache.ratis.grpc.server.GrpcServerProtocolService$1.process(GrpcServerProtocolService.java:219)
	at org.apache.ratis.grpc.server.GrpcServerProtocolService$1.process(GrpcServerProtocolService.java:216)
	at org.apache.ratis.grpc.server.GrpcServerProtocolService$ServerRequestStreamObserver.onNext(GrpcServerProtocolService.java:124)
	at org.apache.ratis.thirdparty.io.grpc.stub.ServerCalls$StreamingServerCallHandler$StreamingServerCallListener.onMessage(ServerCalls.java:262)
	at org.apache.ratis.thirdparty.io.grpc.ForwardingServerCallListener.onMessage(ForwardingServerCallListener.java:33)
	at org.apache.ratis.thirdparty.io.grpc.internal.ServerCallImpl$ServerStreamListenerImpl.messagesAvailableInternal(ServerCallImpl.java:332)
	at org.apache.ratis.thirdparty.io.grpc.internal.ServerCallImpl$ServerStreamListenerImpl.messagesAvailable(ServerCallImpl.java:315)
	at org.apache.ratis.thirdparty.io.grpc.internal.ServerImpl$JumpToApplicationThreadServerStreamListener$1MessagesAvailable.runInContext(ServerImpl.java:834)
	at org.apache.ratis.thirdparty.io.grpc.internal.ContextRunnable.run(ContextRunnable.java:37)
	at org.apache.ratis.thirdparty.io.grpc.internal.SerializingExecutor.run(SerializingExecutor.java:133)
	at java.base/java.util.concurrent.ThreadPoolExecutor.runWorker(ThreadPoolExecutor.java:1128)
	at java.base/java.util.concurrent.ThreadPoolExecutor$Worker.run(ThreadPoolExecutor.java:628)
	at java.base/java.lang.Thread.run(Thread.java:829)

		at org.apache.ratis.util.IOUtils.readObject(IOUtils.java:237)
		at org.apache.ratis.util.IOUtils.bytes2Object(IOUtils.java:214)
		at org.apache.ratis.grpc.GrpcUtil.tryUnwrapException(GrpcUtil.java:109)
		at org.apache.ratis.grpc.GrpcUtil.unwrapThrowable(GrpcUtil.java:82)
		at org.apache.ratis.grpc.GrpcUtil.warn(GrpcUtil.java:178)
		at org.apache.ratis.grpc.server.GrpcLogAppender$AppendLogResponseHandler.onError(GrpcLogAppender.java:405)
		... 10 more
	Caused by: java.lang.ClassCastException: Cannot cast java.util.concurrent.RejectedExecutionException to java.io.IOException
		at java.base/java.lang.Class.cast(Class.java:3605)
		at org.apache.ratis.util.IOUtils.readObject(IOUtils.java:234)
		... 15 more
2022-10-13 10:40:59,542 [grpc-default-executor-1] INFO  leader.FollowerInfo (FollowerInfoImpl.java:lambda$new$0(48)) - s0@group-6905249F38B1->s1: nextIndex: updateUnconditionally 263 -> 259
2022-10-13 10:40:59,578 [grpc-default-executor-3] WARN  server.GrpcServerProtocolService (LogUtils.java:warn(124)) - s1: Failed APPEND_ENTRIES request s0->s1#478-t2,previous=(t:2, i:258),leaderCommit=262,initializing? true,entries: size=4, first=(t:2, i:259), CONFIGURATIONENTRY(current:id: "s0"
address: "localhost:46195"
dataStreamAddress: "localhost:39399"
clientAddress: "localhost:42765"
adminAddress: "localhost:44717"
startupRole: FOLLOWER
,id: "s1"
address: "0.0.0.0:46693"
clientAddress: "0.0.0.0:46693"
adminAddress: "0.0.0.0:46693"
startupRole: FOLLOWER
,id: "s2"
address: "0.0.0.0:36699"
clientAddress: "0.0.0.0:36699"
adminAddress: "0.0.0.0:36699"
startupRole: FOLLOWER
, old:id: "s0"
address: "localhost:46195"
dataStreamAddress: "localhost:39399"
clientAddress: "localhost:42765"
adminAddress: "localhost:44717"
startupRole: FOLLOWER
)
java.util.concurrent.CompletionException: java.util.concurrent.RejectedExecutionException: Task java.util.concurrent.CompletableFuture$AsyncSupply@74e62f3e rejected from java.util.concurrent.ThreadPoolExecutor@3ad4e2b[Terminated, pool size = 0, active threads = 0, queued tasks = 0, completed tasks = 198]
	at java.base/java.util.concurrent.CompletableFuture.encodeThrowable(CompletableFuture.java:314)
	at java.base/java.util.concurrent.CompletableFuture.uniComposeStage(CompletableFuture.java:1113)
	at java.base/java.util.concurrent.CompletableFuture.thenCompose(CompletableFuture.java:2235)
	at org.apache.ratis.server.impl.RaftServerProxy.appendEntriesAsync(RaftServerProxy.java:634)
	at org.apache.ratis.grpc.server.GrpcServerProtocolService$1.process(GrpcServerProtocolService.java:219)
	at org.apache.ratis.grpc.server.GrpcServerProtocolService$1.process(GrpcServerProtocolService.java:216)
	at org.apache.ratis.grpc.server.GrpcServerProtocolService$ServerRequestStreamObserver.onNext(GrpcServerProtocolService.java:124)
	at org.apache.ratis.thirdparty.io.grpc.stub.ServerCalls$StreamingServerCallHandler$StreamingServerCallListener.onMessage(ServerCalls.java:262)
	at org.apache.ratis.thirdparty.io.grpc.ForwardingServerCallListener.onMessage(ForwardingServerCallListener.java:33)
	at org.apache.ratis.thirdparty.io.grpc.internal.ServerCallImpl$ServerStreamListenerImpl.messagesAvailableInternal(ServerCallImpl.java:332)
	at org.apache.ratis.thirdparty.io.grpc.internal.ServerCallImpl$ServerStreamListenerImpl.messagesAvailable(ServerCallImpl.java:315)
	at org.apache.ratis.thirdparty.io.grpc.internal.ServerImpl$JumpToApplicationThreadServerStreamListener$1MessagesAvailable.runInContext(ServerImpl.java:834)
	at org.apache.ratis.thirdparty.io.grpc.internal.ContextRunnable.run(ContextRunnable.java:37)
	at org.apache.ratis.thirdparty.io.grpc.internal.SerializingExecutor.run(SerializingExecutor.java:133)
	at java.base/java.util.concurrent.ThreadPoolExecutor.runWorker(ThreadPoolExecutor.java:1128)
	at java.base/java.util.concurrent.ThreadPoolExecutor$Worker.run(ThreadPoolExecutor.java:628)
	at java.base/java.lang.Thread.run(Thread.java:829)
Caused by: java.util.concurrent.RejectedExecutionException: Task java.util.concurrent.CompletableFuture$AsyncSupply@74e62f3e rejected from java.util.concurrent.ThreadPoolExecutor@3ad4e2b[Terminated, pool size = 0, active threads = 0, queued tasks = 0, completed tasks = 198]
	at java.base/java.util.concurrent.ThreadPoolExecutor$AbortPolicy.rejectedExecution(ThreadPoolExecutor.java:2055)
	at java.base/java.util.concurrent.ThreadPoolExecutor.reject(ThreadPoolExecutor.java:825)
	at java.base/java.util.concurrent.ThreadPoolExecutor.execute(ThreadPoolExecutor.java:1355)
	at java.base/java.util.concurrent.CompletableFuture.asyncSupplyStage(CompletableFuture.java:1714)
	at java.base/java.util.concurrent.CompletableFuture.supplyAsync(CompletableFuture.java:1931)
	at org.apache.ratis.server.impl.RaftServerImpl.executeSubmitServerRequestAsync(RaftServerImpl.java:812)
	at org.apache.ratis.server.impl.RaftServerProxy.lambda$appendEntriesAsync$27(RaftServerProxy.java:634)
	at java.base/java.util.concurrent.CompletableFuture.uniComposeStage(CompletableFuture.java:1106)
	... 15 more
2022-10-13 10:40:59,579 [grpc-default-executor-3] WARN  server.GrpcLogAppender (LogUtils.java:warn(124)) - s0@group-6905249F38B1->s1-AppendLogResponseHandler: Failed appendEntries
java.io.IOException: java.util.concurrent.RejectedExecutionException: Task java.util.concurrent.CompletableFuture$AsyncSupply@74e62f3e rejected from java.util.concurrent.ThreadPoolExecutor@3ad4e2b[Terminated, pool size = 0, active threads = 0, queued tasks = 0, completed tasks = 198]
	at org.apache.ratis.util.IOUtils.asIOException(IOUtils.java:56)
	at org.apache.ratis.grpc.GrpcUtil.tryUnwrapException(GrpcUtil.java:121)
	at org.apache.ratis.grpc.GrpcUtil.unwrapThrowable(GrpcUtil.java:82)
	at org.apache.ratis.grpc.GrpcUtil.warn(GrpcUtil.java:178)
	at org.apache.ratis.grpc.server.GrpcLogAppender$AppendLogResponseHandler.onError(GrpcLogAppender.java:405)
	at org.apache.ratis.thirdparty.io.grpc.stub.ClientCalls$StreamObserverToCallListenerAdapter.onClose(ClientCalls.java:487)
	at org.apache.ratis.thirdparty.io.grpc.internal.ClientCallImpl.closeObserver(ClientCallImpl.java:562)
	at org.apache.ratis.thirdparty.io.grpc.internal.ClientCallImpl.access$300(ClientCallImpl.java:70)
	at org.apache.ratis.thirdparty.io.grpc.internal.ClientCallImpl$ClientStreamListenerImpl$1StreamClosed.runInternal(ClientCallImpl.java:743)
	at org.apache.ratis.thirdparty.io.grpc.internal.ClientCallImpl$ClientStreamListenerImpl$1StreamClosed.runInContext(ClientCallImpl.java:722)
	at org.apache.ratis.thirdparty.io.grpc.internal.ContextRunnable.run(ContextRunnable.java:37)
	at org.apache.ratis.thirdparty.io.grpc.internal.SerializingExecutor.run(SerializingExecutor.java:133)
	at java.base/java.util.concurrent.ThreadPoolExecutor.runWorker(ThreadPoolExecutor.java:1128)
	at java.base/java.util.concurrent.ThreadPoolExecutor$Worker.run(ThreadPoolExecutor.java:628)
	at java.base/java.lang.Thread.run(Thread.java:829)
Caused by: java.util.concurrent.RejectedExecutionException: Task java.util.concurrent.CompletableFuture$AsyncSupply@74e62f3e rejected from java.util.concurrent.ThreadPoolExecutor@3ad4e2b[Terminated, pool size = 0, active threads = 0, queued tasks = 0, completed tasks = 198]
	at java.base/jdk.internal.reflect.GeneratedConstructorAccessor7.newInstance(Unknown Source)
	at java.base/jdk.internal.reflect.DelegatingConstructorAccessorImpl.newInstance(DelegatingConstructorAccessorImpl.java:45)
	at java.base/java.lang.reflect.Constructor.newInstance(Constructor.java:490)
	at org.apache.ratis.util.ReflectionUtils.instantiateException(ReflectionUtils.java:259)
	at org.apache.ratis.grpc.GrpcUtil.tryUnwrapException(GrpcUtil.java:120)
	... 13 more
Caused by: org.apache.ratis.thirdparty.io.grpc.StatusRuntimeException: INTERNAL: Task java.util.concurrent.CompletableFuture$AsyncSupply@74e62f3e rejected from java.util.concurrent.ThreadPoolExecutor@3ad4e2b[Terminated, pool size = 0, active threads = 0, queued tasks = 0, completed tasks = 198]
	at org.apache.ratis.thirdparty.io.grpc.Status.asRuntimeException(Status.java:535)
	... 10 more
	Suppressed: java.lang.IllegalStateException: Failed to cast to class java.io.IOException, object=java.util.concurrent.RejectedExecutionException: Task java.util.concurrent.CompletableFuture$AsyncSupply@74e62f3e rejected from java.util.concurrent.ThreadPoolExecutor@3ad4e2b[Terminated, pool size = 0, active threads = 0, queued tasks = 0, completed tasks = 198]
	at java.base/java.util.concurrent.ThreadPoolExecutor$AbortPolicy.rejectedExecution(ThreadPoolExecutor.java:2055)
	at java.base/java.util.concurrent.ThreadPoolExecutor.reject(ThreadPoolExecutor.java:825)
	at java.base/java.util.concurrent.ThreadPoolExecutor.execute(ThreadPoolExecutor.java:1355)
	at java.base/java.util.concurrent.CompletableFuture.asyncSupplyStage(CompletableFuture.java:1714)
	at java.base/java.util.concurrent.CompletableFuture.supplyAsync(CompletableFuture.java:1931)
	at org.apache.ratis.server.impl.RaftServerImpl.executeSubmitServerRequestAsync(RaftServerImpl.java:812)
	at org.apache.ratis.server.impl.RaftServerProxy.lambda$appendEntriesAsync$27(RaftServerProxy.java:634)
	at java.base/java.util.concurrent.CompletableFuture.uniComposeStage(CompletableFuture.java:1106)
	at java.base/java.util.concurrent.CompletableFuture.thenCompose(CompletableFuture.java:2235)
	at org.apache.ratis.server.impl.RaftServerProxy.appendEntriesAsync(RaftServerProxy.java:634)
	at org.apache.ratis.grpc.server.GrpcServerProtocolService$1.process(GrpcServerProtocolService.java:219)
	at org.apache.ratis.grpc.server.GrpcServerProtocolService$1.process(GrpcServerProtocolService.java:216)
	at org.apache.ratis.grpc.server.GrpcServerProtocolService$ServerRequestStreamObserver.onNext(GrpcServerProtocolService.java:124)
	at org.apache.ratis.thirdparty.io.grpc.stub.ServerCalls$StreamingServerCallHandler$StreamingServerCallListener.onMessage(ServerCalls.java:262)
	at org.apache.ratis.thirdparty.io.grpc.ForwardingServerCallListener.onMessage(ForwardingServerCallListener.java:33)
	at org.apache.ratis.thirdparty.io.grpc.internal.ServerCallImpl$ServerStreamListenerImpl.messagesAvailableInternal(ServerCallImpl.java:332)
	at org.apache.ratis.thirdparty.io.grpc.internal.ServerCallImpl$ServerStreamListenerImpl.messagesAvailable(ServerCallImpl.java:315)
	at org.apache.ratis.thirdparty.io.grpc.internal.ServerImpl$JumpToApplicationThreadServerStreamListener$1MessagesAvailable.runInContext(ServerImpl.java:834)
	at org.apache.ratis.thirdparty.io.grpc.internal.ContextRunnable.run(ContextRunnable.java:37)
	at org.apache.ratis.thirdparty.io.grpc.internal.SerializingExecutor.run(SerializingExecutor.java:133)
	at java.base/java.util.concurrent.ThreadPoolExecutor.runWorker(ThreadPoolExecutor.java:1128)
	at java.base/java.util.concurrent.ThreadPoolExecutor$Worker.run(ThreadPoolExecutor.java:628)
	at java.base/java.lang.Thread.run(Thread.java:829)

		at org.apache.ratis.util.IOUtils.readObject(IOUtils.java:237)
		at org.apache.ratis.util.IOUtils.bytes2Object(IOUtils.java:214)
		at org.apache.ratis.grpc.GrpcUtil.tryUnwrapException(GrpcUtil.java:109)
		at org.apache.ratis.grpc.GrpcUtil.unwrapThrowable(GrpcUtil.java:82)
		at org.apache.ratis.grpc.GrpcUtil.warn(GrpcUtil.java:178)
		at org.apache.ratis.grpc.server.GrpcLogAppender$AppendLogResponseHandler.onError(GrpcLogAppender.java:405)
		... 10 more
	Caused by: java.lang.ClassCastException: Cannot cast java.util.concurrent.RejectedExecutionException to java.io.IOException
		at java.base/java.lang.Class.cast(Class.java:3605)
		at org.apache.ratis.util.IOUtils.readObject(IOUtils.java:234)
		... 15 more
2022-10-13 10:40:59,579 [grpc-default-executor-3] INFO  leader.FollowerInfo (FollowerInfoImpl.java:lambda$new$0(48)) - s0@group-6905249F38B1->s1: nextIndex: updateUnconditionally 263 -> 259
2022-10-13 10:40:59,616 [grpc-default-executor-1] WARN  server.GrpcServerProtocolService (LogUtils.java:warn(124)) - s1: Failed APPEND_ENTRIES request s0->s1#480-t2,previous=(t:2, i:258),leaderCommit=262,initializing? true,entries: size=4, first=(t:2, i:259), CONFIGURATIONENTRY(current:id: "s0"
address: "localhost:46195"
dataStreamAddress: "localhost:39399"
clientAddress: "localhost:42765"
adminAddress: "localhost:44717"
startupRole: FOLLOWER
,id: "s1"
address: "0.0.0.0:46693"
clientAddress: "0.0.0.0:46693"
adminAddress: "0.0.0.0:46693"
startupRole: FOLLOWER
,id: "s2"
address: "0.0.0.0:36699"
clientAddress: "0.0.0.0:36699"
adminAddress: "0.0.0.0:36699"
startupRole: FOLLOWER
, old:id: "s0"
address: "localhost:46195"
dataStreamAddress: "localhost:39399"
clientAddress: "localhost:42765"
adminAddress: "localhost:44717"
startupRole: FOLLOWER
)
java.util.concurrent.CompletionException: java.util.concurrent.RejectedExecutionException: Task java.util.concurrent.CompletableFuture$AsyncSupply@4ff5224d rejected from java.util.concurrent.ThreadPoolExecutor@3ad4e2b[Terminated, pool size = 0, active threads = 0, queued tasks = 0, completed tasks = 198]
	at java.base/java.util.concurrent.CompletableFuture.encodeThrowable(CompletableFuture.java:314)
	at java.base/java.util.concurrent.CompletableFuture.uniComposeStage(CompletableFuture.java:1113)
	at java.base/java.util.concurrent.CompletableFuture.thenCompose(CompletableFuture.java:2235)
	at org.apache.ratis.server.impl.RaftServerProxy.appendEntriesAsync(RaftServerProxy.java:634)
	at org.apache.ratis.grpc.server.GrpcServerProtocolService$1.process(GrpcServerProtocolService.java:219)
	at org.apache.ratis.grpc.server.GrpcServerProtocolService$1.process(GrpcServerProtocolService.java:216)
	at org.apache.ratis.grpc.server.GrpcServerProtocolService$ServerRequestStreamObserver.onNext(GrpcServerProtocolService.java:124)
	at org.apache.ratis.thirdparty.io.grpc.stub.ServerCalls$StreamingServerCallHandler$StreamingServerCallListener.onMessage(ServerCalls.java:262)
	at org.apache.ratis.thirdparty.io.grpc.ForwardingServerCallListener.onMessage(ForwardingServerCallListener.java:33)
	at org.apache.ratis.thirdparty.io.grpc.internal.ServerCallImpl$ServerStreamListenerImpl.messagesAvailableInternal(ServerCallImpl.java:332)
	at org.apache.ratis.thirdparty.io.grpc.internal.ServerCallImpl$ServerStreamListenerImpl.messagesAvailable(ServerCallImpl.java:315)
	at org.apache.ratis.thirdparty.io.grpc.internal.ServerImpl$JumpToApplicationThreadServerStreamListener$1MessagesAvailable.runInContext(ServerImpl.java:834)
	at org.apache.ratis.thirdparty.io.grpc.internal.ContextRunnable.run(ContextRunnable.java:37)
	at org.apache.ratis.thirdparty.io.grpc.internal.SerializingExecutor.run(SerializingExecutor.java:133)
	at java.base/java.util.concurrent.ThreadPoolExecutor.runWorker(ThreadPoolExecutor.java:1128)
	at java.base/java.util.concurrent.ThreadPoolExecutor$Worker.run(ThreadPoolExecutor.java:628)
	at java.base/java.lang.Thread.run(Thread.java:829)
Caused by: java.util.concurrent.RejectedExecutionException: Task java.util.concurrent.CompletableFuture$AsyncSupply@4ff5224d rejected from java.util.concurrent.ThreadPoolExecutor@3ad4e2b[Terminated, pool size = 0, active threads = 0, queued tasks = 0, completed tasks = 198]
	at java.base/java.util.concurrent.ThreadPoolExecutor$AbortPolicy.rejectedExecution(ThreadPoolExecutor.java:2055)
	at java.base/java.util.concurrent.ThreadPoolExecutor.reject(ThreadPoolExecutor.java:825)
	at java.base/java.util.concurrent.ThreadPoolExecutor.execute(ThreadPoolExecutor.java:1355)
	at java.base/java.util.concurrent.CompletableFuture.asyncSupplyStage(CompletableFuture.java:1714)
	at java.base/java.util.concurrent.CompletableFuture.supplyAsync(CompletableFuture.java:1931)
	at org.apache.ratis.server.impl.RaftServerImpl.executeSubmitServerRequestAsync(RaftServerImpl.java:812)
	at org.apache.ratis.server.impl.RaftServerProxy.lambda$appendEntriesAsync$27(RaftServerProxy.java:634)
	at java.base/java.util.concurrent.CompletableFuture.uniComposeStage(CompletableFuture.java:1106)
	... 15 more
2022-10-13 10:40:59,617 [grpc-default-executor-2] WARN  server.GrpcLogAppender (LogUtils.java:warn(124)) - s0@group-6905249F38B1->s1-AppendLogResponseHandler: Failed appendEntries
java.io.IOException: java.util.concurrent.RejectedExecutionException: Task java.util.concurrent.CompletableFuture$AsyncSupply@4ff5224d rejected from java.util.concurrent.ThreadPoolExecutor@3ad4e2b[Terminated, pool size = 0, active threads = 0, queued tasks = 0, completed tasks = 198]
	at org.apache.ratis.util.IOUtils.asIOException(IOUtils.java:56)
	at org.apache.ratis.grpc.GrpcUtil.tryUnwrapException(GrpcUtil.java:121)
	at org.apache.ratis.grpc.GrpcUtil.unwrapThrowable(GrpcUtil.java:82)
	at org.apache.ratis.grpc.GrpcUtil.warn(GrpcUtil.java:178)
	at org.apache.ratis.grpc.server.GrpcLogAppender$AppendLogResponseHandler.onError(GrpcLogAppender.java:405)
	at org.apache.ratis.thirdparty.io.grpc.stub.ClientCalls$StreamObserverToCallListenerAdapter.onClose(ClientCalls.java:487)
	at org.apache.ratis.thirdparty.io.grpc.internal.ClientCallImpl.closeObserver(ClientCallImpl.java:562)
	at org.apache.ratis.thirdparty.io.grpc.internal.ClientCallImpl.access$300(ClientCallImpl.java:70)
	at org.apache.ratis.thirdparty.io.grpc.internal.ClientCallImpl$ClientStreamListenerImpl$1StreamClosed.runInternal(ClientCallImpl.java:743)
	at org.apache.ratis.thirdparty.io.grpc.internal.ClientCallImpl$ClientStreamListenerImpl$1StreamClosed.runInContext(ClientCallImpl.java:722)
	at org.apache.ratis.thirdparty.io.grpc.internal.ContextRunnable.run(ContextRunnable.java:37)
	at org.apache.ratis.thirdparty.io.grpc.internal.SerializingExecutor.run(SerializingExecutor.java:133)
	at java.base/java.util.concurrent.ThreadPoolExecutor.runWorker(ThreadPoolExecutor.java:1128)
	at java.base/java.util.concurrent.ThreadPoolExecutor$Worker.run(ThreadPoolExecutor.java:628)
	at java.base/java.lang.Thread.run(Thread.java:829)
Caused by: java.util.concurrent.RejectedExecutionException: Task java.util.concurrent.CompletableFuture$AsyncSupply@4ff5224d rejected from java.util.concurrent.ThreadPoolExecutor@3ad4e2b[Terminated, pool size = 0, active threads = 0, queued tasks = 0, completed tasks = 198]
	at java.base/jdk.internal.reflect.GeneratedConstructorAccessor7.newInstance(Unknown Source)
	at java.base/jdk.internal.reflect.DelegatingConstructorAccessorImpl.newInstance(DelegatingConstructorAccessorImpl.java:45)
	at java.base/java.lang.reflect.Constructor.newInstance(Constructor.java:490)
	at org.apache.ratis.util.ReflectionUtils.instantiateException(ReflectionUtils.java:259)
	at org.apache.ratis.grpc.GrpcUtil.tryUnwrapException(GrpcUtil.java:120)
	... 13 more
Caused by: org.apache.ratis.thirdparty.io.grpc.StatusRuntimeException: INTERNAL: Task java.util.concurrent.CompletableFuture$AsyncSupply@4ff5224d rejected from java.util.concurrent.ThreadPoolExecutor@3ad4e2b[Terminated, pool size = 0, active threads = 0, queued tasks = 0, completed tasks = 198]
	at org.apache.ratis.thirdparty.io.grpc.Status.asRuntimeException(Status.java:535)
	... 10 more
	Suppressed: java.lang.IllegalStateException: Failed to cast to class java.io.IOException, object=java.util.concurrent.RejectedExecutionException: Task java.util.concurrent.CompletableFuture$AsyncSupply@4ff5224d rejected from java.util.concurrent.ThreadPoolExecutor@3ad4e2b[Terminated, pool size = 0, active threads = 0, queued tasks = 0, completed tasks = 198]
	at java.base/java.util.concurrent.ThreadPoolExecutor$AbortPolicy.rejectedExecution(ThreadPoolExecutor.java:2055)
	at java.base/java.util.concurrent.ThreadPoolExecutor.reject(ThreadPoolExecutor.java:825)
	at java.base/java.util.concurrent.ThreadPoolExecutor.execute(ThreadPoolExecutor.java:1355)
	at java.base/java.util.concurrent.CompletableFuture.asyncSupplyStage(CompletableFuture.java:1714)
	at java.base/java.util.concurrent.CompletableFuture.supplyAsync(CompletableFuture.java:1931)
	at org.apache.ratis.server.impl.RaftServerImpl.executeSubmitServerRequestAsync(RaftServerImpl.java:812)
	at org.apache.ratis.server.impl.RaftServerProxy.lambda$appendEntriesAsync$27(RaftServerProxy.java:634)
	at java.base/java.util.concurrent.CompletableFuture.uniComposeStage(CompletableFuture.java:1106)
	at java.base/java.util.concurrent.CompletableFuture.thenCompose(CompletableFuture.java:2235)
	at org.apache.ratis.server.impl.RaftServerProxy.appendEntriesAsync(RaftServerProxy.java:634)
	at org.apache.ratis.grpc.server.GrpcServerProtocolService$1.process(GrpcServerProtocolService.java:219)
	at org.apache.ratis.grpc.server.GrpcServerProtocolService$1.process(GrpcServerProtocolService.java:216)
	at org.apache.ratis.grpc.server.GrpcServerProtocolService$ServerRequestStreamObserver.onNext(GrpcServerProtocolService.java:124)
	at org.apache.ratis.thirdparty.io.grpc.stub.ServerCalls$StreamingServerCallHandler$StreamingServerCallListener.onMessage(ServerCalls.java:262)
	at org.apache.ratis.thirdparty.io.grpc.ForwardingServerCallListener.onMessage(ForwardingServerCallListener.java:33)
	at org.apache.ratis.thirdparty.io.grpc.internal.ServerCallImpl$ServerStreamListenerImpl.messagesAvailableInternal(ServerCallImpl.java:332)
	at org.apache.ratis.thirdparty.io.grpc.internal.ServerCallImpl$ServerStreamListenerImpl.messagesAvailable(ServerCallImpl.java:315)
	at org.apache.ratis.thirdparty.io.grpc.internal.ServerImpl$JumpToApplicationThreadServerStreamListener$1MessagesAvailable.runInContext(ServerImpl.java:834)
	at org.apache.ratis.thirdparty.io.grpc.internal.ContextRunnable.run(ContextRunnable.java:37)
	at org.apache.ratis.thirdparty.io.grpc.internal.SerializingExecutor.run(SerializingExecutor.java:133)
	at java.base/java.util.concurrent.ThreadPoolExecutor.runWorker(ThreadPoolExecutor.java:1128)
	at java.base/java.util.concurrent.ThreadPoolExecutor$Worker.run(ThreadPoolExecutor.java:628)
	at java.base/java.lang.Thread.run(Thread.java:829)

		at org.apache.ratis.util.IOUtils.readObject(IOUtils.java:237)
		at org.apache.ratis.util.IOUtils.bytes2Object(IOUtils.java:214)
		at org.apache.ratis.grpc.GrpcUtil.tryUnwrapException(GrpcUtil.java:109)
		at org.apache.ratis.grpc.GrpcUtil.unwrapThrowable(GrpcUtil.java:82)
		at org.apache.ratis.grpc.GrpcUtil.warn(GrpcUtil.java:178)
		at org.apache.ratis.grpc.server.GrpcLogAppender$AppendLogResponseHandler.onError(GrpcLogAppender.java:405)
		... 10 more
	Caused by: java.lang.ClassCastException: Cannot cast java.util.concurrent.RejectedExecutionException to java.io.IOException
		at java.base/java.lang.Class.cast(Class.java:3605)
		at org.apache.ratis.util.IOUtils.readObject(IOUtils.java:234)
		... 15 more
2022-10-13 10:40:59,617 [grpc-default-executor-2] INFO  leader.FollowerInfo (FollowerInfoImpl.java:lambda$new$0(48)) - s0@group-6905249F38B1->s1: nextIndex: updateUnconditionally 263 -> 259
2022-10-13 10:40:59,653 [grpc-default-executor-3] WARN  server.GrpcServerProtocolService (LogUtils.java:warn(124)) - s1: Failed APPEND_ENTRIES request s0->s1#482-t2,previous=(t:2, i:258),leaderCommit=262,initializing? true,entries: size=4, first=(t:2, i:259), CONFIGURATIONENTRY(current:id: "s0"
address: "localhost:46195"
dataStreamAddress: "localhost:39399"
clientAddress: "localhost:42765"
adminAddress: "localhost:44717"
startupRole: FOLLOWER
,id: "s1"
address: "0.0.0.0:46693"
clientAddress: "0.0.0.0:46693"
adminAddress: "0.0.0.0:46693"
startupRole: FOLLOWER
,id: "s2"
address: "0.0.0.0:36699"
clientAddress: "0.0.0.0:36699"
adminAddress: "0.0.0.0:36699"
startupRole: FOLLOWER
, old:id: "s0"
address: "localhost:46195"
dataStreamAddress: "localhost:39399"
clientAddress: "localhost:42765"
adminAddress: "localhost:44717"
startupRole: FOLLOWER
)
java.util.concurrent.CompletionException: java.util.concurrent.RejectedExecutionException: Task java.util.concurrent.CompletableFuture$AsyncSupply@49fa49f0 rejected from java.util.concurrent.ThreadPoolExecutor@3ad4e2b[Terminated, pool size = 0, active threads = 0, queued tasks = 0, completed tasks = 198]
	at java.base/java.util.concurrent.CompletableFuture.encodeThrowable(CompletableFuture.java:314)
	at java.base/java.util.concurrent.CompletableFuture.uniComposeStage(CompletableFuture.java:1113)
	at java.base/java.util.concurrent.CompletableFuture.thenCompose(CompletableFuture.java:2235)
	at org.apache.ratis.server.impl.RaftServerProxy.appendEntriesAsync(RaftServerProxy.java:634)
	at org.apache.ratis.grpc.server.GrpcServerProtocolService$1.process(GrpcServerProtocolService.java:219)
	at org.apache.ratis.grpc.server.GrpcServerProtocolService$1.process(GrpcServerProtocolService.java:216)
	at org.apache.ratis.grpc.server.GrpcServerProtocolService$ServerRequestStreamObserver.onNext(GrpcServerProtocolService.java:124)
	at org.apache.ratis.thirdparty.io.grpc.stub.ServerCalls$StreamingServerCallHandler$StreamingServerCallListener.onMessage(ServerCalls.java:262)
	at org.apache.ratis.thirdparty.io.grpc.ForwardingServerCallListener.onMessage(ForwardingServerCallListener.java:33)
	at org.apache.ratis.thirdparty.io.grpc.internal.ServerCallImpl$ServerStreamListenerImpl.messagesAvailableInternal(ServerCallImpl.java:332)
	at org.apache.ratis.thirdparty.io.grpc.internal.ServerCallImpl$ServerStreamListenerImpl.messagesAvailable(ServerCallImpl.java:315)
	at org.apache.ratis.thirdparty.io.grpc.internal.ServerImpl$JumpToApplicationThreadServerStreamListener$1MessagesAvailable.runInContext(ServerImpl.java:834)
	at org.apache.ratis.thirdparty.io.grpc.internal.ContextRunnable.run(ContextRunnable.java:37)
	at org.apache.ratis.thirdparty.io.grpc.internal.SerializingExecutor.run(SerializingExecutor.java:133)
	at java.base/java.util.concurrent.ThreadPoolExecutor.runWorker(ThreadPoolExecutor.java:1128)
	at java.base/java.util.concurrent.ThreadPoolExecutor$Worker.run(ThreadPoolExecutor.java:628)
	at java.base/java.lang.Thread.run(Thread.java:829)
Caused by: java.util.concurrent.RejectedExecutionException: Task java.util.concurrent.CompletableFuture$AsyncSupply@49fa49f0 rejected from java.util.concurrent.ThreadPoolExecutor@3ad4e2b[Terminated, pool size = 0, active threads = 0, queued tasks = 0, completed tasks = 198]
	at java.base/java.util.concurrent.ThreadPoolExecutor$AbortPolicy.rejectedExecution(ThreadPoolExecutor.java:2055)
	at java.base/java.util.concurrent.ThreadPoolExecutor.reject(ThreadPoolExecutor.java:825)
	at java.base/java.util.concurrent.ThreadPoolExecutor.execute(ThreadPoolExecutor.java:1355)
	at java.base/java.util.concurrent.CompletableFuture.asyncSupplyStage(CompletableFuture.java:1714)
	at java.base/java.util.concurrent.CompletableFuture.supplyAsync(CompletableFuture.java:1931)
	at org.apache.ratis.server.impl.RaftServerImpl.executeSubmitServerRequestAsync(RaftServerImpl.java:812)
	at org.apache.ratis.server.impl.RaftServerProxy.lambda$appendEntriesAsync$27(RaftServerProxy.java:634)
	at java.base/java.util.concurrent.CompletableFuture.uniComposeStage(CompletableFuture.java:1106)
	... 15 more
2022-10-13 10:40:59,655 [grpc-default-executor-3] WARN  server.GrpcLogAppender (LogUtils.java:warn(124)) - s0@group-6905249F38B1->s1-AppendLogResponseHandler: Failed appendEntries
java.io.IOException: java.util.concurrent.RejectedExecutionException: Task java.util.concurrent.CompletableFuture$AsyncSupply@49fa49f0 rejected from java.util.concurrent.ThreadPoolExecutor@3ad4e2b[Terminated, pool size = 0, active threads = 0, queued tasks = 0, completed tasks = 198]
	at org.apache.ratis.util.IOUtils.asIOException(IOUtils.java:56)
	at org.apache.ratis.grpc.GrpcUtil.tryUnwrapException(GrpcUtil.java:121)
	at org.apache.ratis.grpc.GrpcUtil.unwrapThrowable(GrpcUtil.java:82)
	at org.apache.ratis.grpc.GrpcUtil.warn(GrpcUtil.java:178)
	at org.apache.ratis.grpc.server.GrpcLogAppender$AppendLogResponseHandler.onError(GrpcLogAppender.java:405)
	at org.apache.ratis.thirdparty.io.grpc.stub.ClientCalls$StreamObserverToCallListenerAdapter.onClose(ClientCalls.java:487)
	at org.apache.ratis.thirdparty.io.grpc.internal.ClientCallImpl.closeObserver(ClientCallImpl.java:562)
	at org.apache.ratis.thirdparty.io.grpc.internal.ClientCallImpl.access$300(ClientCallImpl.java:70)
	at org.apache.ratis.thirdparty.io.grpc.internal.ClientCallImpl$ClientStreamListenerImpl$1StreamClosed.runInternal(ClientCallImpl.java:743)
	at org.apache.ratis.thirdparty.io.grpc.internal.ClientCallImpl$ClientStreamListenerImpl$1StreamClosed.runInContext(ClientCallImpl.java:722)
	at org.apache.ratis.thirdparty.io.grpc.internal.ContextRunnable.run(ContextRunnable.java:37)
	at org.apache.ratis.thirdparty.io.grpc.internal.SerializingExecutor.run(SerializingExecutor.java:133)
	at java.base/java.util.concurrent.ThreadPoolExecutor.runWorker(ThreadPoolExecutor.java:1128)
	at java.base/java.util.concurrent.ThreadPoolExecutor$Worker.run(ThreadPoolExecutor.java:628)
	at java.base/java.lang.Thread.run(Thread.java:829)
Caused by: java.util.concurrent.RejectedExecutionException: Task java.util.concurrent.CompletableFuture$AsyncSupply@49fa49f0 rejected from java.util.concurrent.ThreadPoolExecutor@3ad4e2b[Terminated, pool size = 0, active threads = 0, queued tasks = 0, completed tasks = 198]
	at java.base/jdk.internal.reflect.GeneratedConstructorAccessor7.newInstance(Unknown Source)
	at java.base/jdk.internal.reflect.DelegatingConstructorAccessorImpl.newInstance(DelegatingConstructorAccessorImpl.java:45)
	at java.base/java.lang.reflect.Constructor.newInstance(Constructor.java:490)
	at org.apache.ratis.util.ReflectionUtils.instantiateException(ReflectionUtils.java:259)
	at org.apache.ratis.grpc.GrpcUtil.tryUnwrapException(GrpcUtil.java:120)
	... 13 more
Caused by: org.apache.ratis.thirdparty.io.grpc.StatusRuntimeException: INTERNAL: Task java.util.concurrent.CompletableFuture$AsyncSupply@49fa49f0 rejected from java.util.concurrent.ThreadPoolExecutor@3ad4e2b[Terminated, pool size = 0, active threads = 0, queued tasks = 0, completed tasks = 198]
	at org.apache.ratis.thirdparty.io.grpc.Status.asRuntimeException(Status.java:535)
	... 10 more
	Suppressed: java.lang.IllegalStateException: Failed to cast to class java.io.IOException, object=java.util.concurrent.RejectedExecutionException: Task java.util.concurrent.CompletableFuture$AsyncSupply@49fa49f0 rejected from java.util.concurrent.ThreadPoolExecutor@3ad4e2b[Terminated, pool size = 0, active threads = 0, queued tasks = 0, completed tasks = 198]
	at java.base/java.util.concurrent.ThreadPoolExecutor$AbortPolicy.rejectedExecution(ThreadPoolExecutor.java:2055)
	at java.base/java.util.concurrent.ThreadPoolExecutor.reject(ThreadPoolExecutor.java:825)
	at java.base/java.util.concurrent.ThreadPoolExecutor.execute(ThreadPoolExecutor.java:1355)
	at java.base/java.util.concurrent.CompletableFuture.asyncSupplyStage(CompletableFuture.java:1714)
	at java.base/java.util.concurrent.CompletableFuture.supplyAsync(CompletableFuture.java:1931)
	at org.apache.ratis.server.impl.RaftServerImpl.executeSubmitServerRequestAsync(RaftServerImpl.java:812)
	at org.apache.ratis.server.impl.RaftServerProxy.lambda$appendEntriesAsync$27(RaftServerProxy.java:634)
	at java.base/java.util.concurrent.CompletableFuture.uniComposeStage(CompletableFuture.java:1106)
	at java.base/java.util.concurrent.CompletableFuture.thenCompose(CompletableFuture.java:2235)
	at org.apache.ratis.server.impl.RaftServerProxy.appendEntriesAsync(RaftServerProxy.java:634)
	at org.apache.ratis.grpc.server.GrpcServerProtocolService$1.process(GrpcServerProtocolService.java:219)
	at org.apache.ratis.grpc.server.GrpcServerProtocolService$1.process(GrpcServerProtocolService.java:216)
	at org.apache.ratis.grpc.server.GrpcServerProtocolService$ServerRequestStreamObserver.onNext(GrpcServerProtocolService.java:124)
	at org.apache.ratis.thirdparty.io.grpc.stub.ServerCalls$StreamingServerCallHandler$StreamingServerCallListener.onMessage(ServerCalls.java:262)
	at org.apache.ratis.thirdparty.io.grpc.ForwardingServerCallListener.onMessage(ForwardingServerCallListener.java:33)
	at org.apache.ratis.thirdparty.io.grpc.internal.ServerCallImpl$ServerStreamListenerImpl.messagesAvailableInternal(ServerCallImpl.java:332)
	at org.apache.ratis.thirdparty.io.grpc.internal.ServerCallImpl$ServerStreamListenerImpl.messagesAvailable(ServerCallImpl.java:315)
	at org.apache.ratis.thirdparty.io.grpc.internal.ServerImpl$JumpToApplicationThreadServerStreamListener$1MessagesAvailable.runInContext(ServerImpl.java:834)
	at org.apache.ratis.thirdparty.io.grpc.internal.ContextRunnable.run(ContextRunnable.java:37)
	at org.apache.ratis.thirdparty.io.grpc.internal.SerializingExecutor.run(SerializingExecutor.java:133)
	at java.base/java.util.concurrent.ThreadPoolExecutor.runWorker(ThreadPoolExecutor.java:1128)
	at java.base/java.util.concurrent.ThreadPoolExecutor$Worker.run(ThreadPoolExecutor.java:628)
	at java.base/java.lang.Thread.run(Thread.java:829)

		at org.apache.ratis.util.IOUtils.readObject(IOUtils.java:237)
		at org.apache.ratis.util.IOUtils.bytes2Object(IOUtils.java:214)
		at org.apache.ratis.grpc.GrpcUtil.tryUnwrapException(GrpcUtil.java:109)
		at org.apache.ratis.grpc.GrpcUtil.unwrapThrowable(GrpcUtil.java:82)
		at org.apache.ratis.grpc.GrpcUtil.warn(GrpcUtil.java:178)
		at org.apache.ratis.grpc.server.GrpcLogAppender$AppendLogResponseHandler.onError(GrpcLogAppender.java:405)
		... 10 more
	Caused by: java.lang.ClassCastException: Cannot cast java.util.concurrent.RejectedExecutionException to java.io.IOException
		at java.base/java.lang.Class.cast(Class.java:3605)
		at org.apache.ratis.util.IOUtils.readObject(IOUtils.java:234)
		... 15 more
2022-10-13 10:40:59,655 [grpc-default-executor-3] INFO  leader.FollowerInfo (FollowerInfoImpl.java:lambda$new$0(48)) - s0@group-6905249F38B1->s1: nextIndex: updateUnconditionally 263 -> 259
2022-10-13 10:40:59,691 [grpc-default-executor-0] WARN  server.GrpcServerProtocolService (LogUtils.java:warn(124)) - s1: Failed APPEND_ENTRIES request s0->s1#484-t2,previous=(t:2, i:258),leaderCommit=262,initializing? true,entries: size=4, first=(t:2, i:259), CONFIGURATIONENTRY(current:id: "s0"
address: "localhost:46195"
dataStreamAddress: "localhost:39399"
clientAddress: "localhost:42765"
adminAddress: "localhost:44717"
startupRole: FOLLOWER
,id: "s1"
address: "0.0.0.0:46693"
clientAddress: "0.0.0.0:46693"
adminAddress: "0.0.0.0:46693"
startupRole: FOLLOWER
,id: "s2"
address: "0.0.0.0:36699"
clientAddress: "0.0.0.0:36699"
adminAddress: "0.0.0.0:36699"
startupRole: FOLLOWER
, old:id: "s0"
address: "localhost:46195"
dataStreamAddress: "localhost:39399"
clientAddress: "localhost:42765"
adminAddress: "localhost:44717"
startupRole: FOLLOWER
)
java.util.concurrent.CompletionException: java.util.concurrent.RejectedExecutionException: Task java.util.concurrent.CompletableFuture$AsyncSupply@7aa97270 rejected from java.util.concurrent.ThreadPoolExecutor@3ad4e2b[Terminated, pool size = 0, active threads = 0, queued tasks = 0, completed tasks = 198]
	at java.base/java.util.concurrent.CompletableFuture.encodeThrowable(CompletableFuture.java:314)
	at java.base/java.util.concurrent.CompletableFuture.uniComposeStage(CompletableFuture.java:1113)
	at java.base/java.util.concurrent.CompletableFuture.thenCompose(CompletableFuture.java:2235)
	at org.apache.ratis.server.impl.RaftServerProxy.appendEntriesAsync(RaftServerProxy.java:634)
	at org.apache.ratis.grpc.server.GrpcServerProtocolService$1.process(GrpcServerProtocolService.java:219)
	at org.apache.ratis.grpc.server.GrpcServerProtocolService$1.process(GrpcServerProtocolService.java:216)
	at org.apache.ratis.grpc.server.GrpcServerProtocolService$ServerRequestStreamObserver.onNext(GrpcServerProtocolService.java:124)
	at org.apache.ratis.thirdparty.io.grpc.stub.ServerCalls$StreamingServerCallHandler$StreamingServerCallListener.onMessage(ServerCalls.java:262)
	at org.apache.ratis.thirdparty.io.grpc.ForwardingServerCallListener.onMessage(ForwardingServerCallListener.java:33)
	at org.apache.ratis.thirdparty.io.grpc.internal.ServerCallImpl$ServerStreamListenerImpl.messagesAvailableInternal(ServerCallImpl.java:332)
	at org.apache.ratis.thirdparty.io.grpc.internal.ServerCallImpl$ServerStreamListenerImpl.messagesAvailable(ServerCallImpl.java:315)
	at org.apache.ratis.thirdparty.io.grpc.internal.ServerImpl$JumpToApplicationThreadServerStreamListener$1MessagesAvailable.runInContext(ServerImpl.java:834)
	at org.apache.ratis.thirdparty.io.grpc.internal.ContextRunnable.run(ContextRunnable.java:37)
	at org.apache.ratis.thirdparty.io.grpc.internal.SerializingExecutor.run(SerializingExecutor.java:133)
	at java.base/java.util.concurrent.ThreadPoolExecutor.runWorker(ThreadPoolExecutor.java:1128)
	at java.base/java.util.concurrent.ThreadPoolExecutor$Worker.run(ThreadPoolExecutor.java:628)
	at java.base/java.lang.Thread.run(Thread.java:829)
Caused by: java.util.concurrent.RejectedExecutionException: Task java.util.concurrent.CompletableFuture$AsyncSupply@7aa97270 rejected from java.util.concurrent.ThreadPoolExecutor@3ad4e2b[Terminated, pool size = 0, active threads = 0, queued tasks = 0, completed tasks = 198]
	at java.base/java.util.concurrent.ThreadPoolExecutor$AbortPolicy.rejectedExecution(ThreadPoolExecutor.java:2055)
	at java.base/java.util.concurrent.ThreadPoolExecutor.reject(ThreadPoolExecutor.java:825)
	at java.base/java.util.concurrent.ThreadPoolExecutor.execute(ThreadPoolExecutor.java:1355)
	at java.base/java.util.concurrent.CompletableFuture.asyncSupplyStage(CompletableFuture.java:1714)
	at java.base/java.util.concurrent.CompletableFuture.supplyAsync(CompletableFuture.java:1931)
	at org.apache.ratis.server.impl.RaftServerImpl.executeSubmitServerRequestAsync(RaftServerImpl.java:812)
	at org.apache.ratis.server.impl.RaftServerProxy.lambda$appendEntriesAsync$27(RaftServerProxy.java:634)
	at java.base/java.util.concurrent.CompletableFuture.uniComposeStage(CompletableFuture.java:1106)
	... 15 more
2022-10-13 10:40:59,693 [grpc-default-executor-3] WARN  server.GrpcLogAppender (LogUtils.java:warn(124)) - s0@group-6905249F38B1->s1-AppendLogResponseHandler: Failed appendEntries
java.io.IOException: java.util.concurrent.RejectedExecutionException: Task java.util.concurrent.CompletableFuture$AsyncSupply@7aa97270 rejected from java.util.concurrent.ThreadPoolExecutor@3ad4e2b[Terminated, pool size = 0, active threads = 0, queued tasks = 0, completed tasks = 198]
	at org.apache.ratis.util.IOUtils.asIOException(IOUtils.java:56)
	at org.apache.ratis.grpc.GrpcUtil.tryUnwrapException(GrpcUtil.java:121)
	at org.apache.ratis.grpc.GrpcUtil.unwrapThrowable(GrpcUtil.java:82)
	at org.apache.ratis.grpc.GrpcUtil.warn(GrpcUtil.java:178)
	at org.apache.ratis.grpc.server.GrpcLogAppender$AppendLogResponseHandler.onError(GrpcLogAppender.java:405)
	at org.apache.ratis.thirdparty.io.grpc.stub.ClientCalls$StreamObserverToCallListenerAdapter.onClose(ClientCalls.java:487)
	at org.apache.ratis.thirdparty.io.grpc.internal.ClientCallImpl.closeObserver(ClientCallImpl.java:562)
	at org.apache.ratis.thirdparty.io.grpc.internal.ClientCallImpl.access$300(ClientCallImpl.java:70)
	at org.apache.ratis.thirdparty.io.grpc.internal.ClientCallImpl$ClientStreamListenerImpl$1StreamClosed.runInternal(ClientCallImpl.java:743)
	at org.apache.ratis.thirdparty.io.grpc.internal.ClientCallImpl$ClientStreamListenerImpl$1StreamClosed.runInContext(ClientCallImpl.java:722)
	at org.apache.ratis.thirdparty.io.grpc.internal.ContextRunnable.run(ContextRunnable.java:37)
	at org.apache.ratis.thirdparty.io.grpc.internal.SerializingExecutor.run(SerializingExecutor.java:133)
	at java.base/java.util.concurrent.ThreadPoolExecutor.runWorker(ThreadPoolExecutor.java:1128)
	at java.base/java.util.concurrent.ThreadPoolExecutor$Worker.run(ThreadPoolExecutor.java:628)
	at java.base/java.lang.Thread.run(Thread.java:829)
Caused by: java.util.concurrent.RejectedExecutionException: Task java.util.concurrent.CompletableFuture$AsyncSupply@7aa97270 rejected from java.util.concurrent.ThreadPoolExecutor@3ad4e2b[Terminated, pool size = 0, active threads = 0, queued tasks = 0, completed tasks = 198]
	at java.base/jdk.internal.reflect.GeneratedConstructorAccessor7.newInstance(Unknown Source)
	at java.base/jdk.internal.reflect.DelegatingConstructorAccessorImpl.newInstance(DelegatingConstructorAccessorImpl.java:45)
	at java.base/java.lang.reflect.Constructor.newInstance(Constructor.java:490)
	at org.apache.ratis.util.ReflectionUtils.instantiateException(ReflectionUtils.java:259)
	at org.apache.ratis.grpc.GrpcUtil.tryUnwrapException(GrpcUtil.java:120)
	... 13 more
Caused by: org.apache.ratis.thirdparty.io.grpc.StatusRuntimeException: INTERNAL: Task java.util.concurrent.CompletableFuture$AsyncSupply@7aa97270 rejected from java.util.concurrent.ThreadPoolExecutor@3ad4e2b[Terminated, pool size = 0, active threads = 0, queued tasks = 0, completed tasks = 198]
	at org.apache.ratis.thirdparty.io.grpc.Status.asRuntimeException(Status.java:535)
	... 10 more
	Suppressed: java.lang.IllegalStateException: Failed to cast to class java.io.IOException, object=java.util.concurrent.RejectedExecutionException: Task java.util.concurrent.CompletableFuture$AsyncSupply@7aa97270 rejected from java.util.concurrent.ThreadPoolExecutor@3ad4e2b[Terminated, pool size = 0, active threads = 0, queued tasks = 0, completed tasks = 198]
	at java.base/java.util.concurrent.ThreadPoolExecutor$AbortPolicy.rejectedExecution(ThreadPoolExecutor.java:2055)
	at java.base/java.util.concurrent.ThreadPoolExecutor.reject(ThreadPoolExecutor.java:825)
	at java.base/java.util.concurrent.ThreadPoolExecutor.execute(ThreadPoolExecutor.java:1355)
	at java.base/java.util.concurrent.CompletableFuture.asyncSupplyStage(CompletableFuture.java:1714)
	at java.base/java.util.concurrent.CompletableFuture.supplyAsync(CompletableFuture.java:1931)
	at org.apache.ratis.server.impl.RaftServerImpl.executeSubmitServerRequestAsync(RaftServerImpl.java:812)
	at org.apache.ratis.server.impl.RaftServerProxy.lambda$appendEntriesAsync$27(RaftServerProxy.java:634)
	at java.base/java.util.concurrent.CompletableFuture.uniComposeStage(CompletableFuture.java:1106)
	at java.base/java.util.concurrent.CompletableFuture.thenCompose(CompletableFuture.java:2235)
	at org.apache.ratis.server.impl.RaftServerProxy.appendEntriesAsync(RaftServerProxy.java:634)
	at org.apache.ratis.grpc.server.GrpcServerProtocolService$1.process(GrpcServerProtocolService.java:219)
	at org.apache.ratis.grpc.server.GrpcServerProtocolService$1.process(GrpcServerProtocolService.java:216)
	at org.apache.ratis.grpc.server.GrpcServerProtocolService$ServerRequestStreamObserver.onNext(GrpcServerProtocolService.java:124)
	at org.apache.ratis.thirdparty.io.grpc.stub.ServerCalls$StreamingServerCallHandler$StreamingServerCallListener.onMessage(ServerCalls.java:262)
	at org.apache.ratis.thirdparty.io.grpc.ForwardingServerCallListener.onMessage(ForwardingServerCallListener.java:33)
	at org.apache.ratis.thirdparty.io.grpc.internal.ServerCallImpl$ServerStreamListenerImpl.messagesAvailableInternal(ServerCallImpl.java:332)
	at org.apache.ratis.thirdparty.io.grpc.internal.ServerCallImpl$ServerStreamListenerImpl.messagesAvailable(ServerCallImpl.java:315)
	at org.apache.ratis.thirdparty.io.grpc.internal.ServerImpl$JumpToApplicationThreadServerStreamListener$1MessagesAvailable.runInContext(ServerImpl.java:834)
	at org.apache.ratis.thirdparty.io.grpc.internal.ContextRunnable.run(ContextRunnable.java:37)
	at org.apache.ratis.thirdparty.io.grpc.internal.SerializingExecutor.run(SerializingExecutor.java:133)
	at java.base/java.util.concurrent.ThreadPoolExecutor.runWorker(ThreadPoolExecutor.java:1128)
	at java.base/java.util.concurrent.ThreadPoolExecutor$Worker.run(ThreadPoolExecutor.java:628)
	at java.base/java.lang.Thread.run(Thread.java:829)

		at org.apache.ratis.util.IOUtils.readObject(IOUtils.java:237)
		at org.apache.ratis.util.IOUtils.bytes2Object(IOUtils.java:214)
		at org.apache.ratis.grpc.GrpcUtil.tryUnwrapException(GrpcUtil.java:109)
		at org.apache.ratis.grpc.GrpcUtil.unwrapThrowable(GrpcUtil.java:82)
		at org.apache.ratis.grpc.GrpcUtil.warn(GrpcUtil.java:178)
		at org.apache.ratis.grpc.server.GrpcLogAppender$AppendLogResponseHandler.onError(GrpcLogAppender.java:405)
		... 10 more
	Caused by: java.lang.ClassCastException: Cannot cast java.util.concurrent.RejectedExecutionException to java.io.IOException
		at java.base/java.lang.Class.cast(Class.java:3605)
		at org.apache.ratis.util.IOUtils.readObject(IOUtils.java:234)
		... 15 more
2022-10-13 10:40:59,701 [grpc-default-executor-3] INFO  leader.FollowerInfo (FollowerInfoImpl.java:lambda$new$0(48)) - s0@group-6905249F38B1->s1: nextIndex: updateUnconditionally 263 -> 259
2022-10-13 10:40:59,729 [grpc-default-executor-1] WARN  server.GrpcServerProtocolService (LogUtils.java:warn(124)) - s1: Failed APPEND_ENTRIES request s0->s1#486-t2,previous=(t:2, i:258),leaderCommit=262,initializing? true,entries: size=4, first=(t:2, i:259), CONFIGURATIONENTRY(current:id: "s0"
address: "localhost:46195"
dataStreamAddress: "localhost:39399"
clientAddress: "localhost:42765"
adminAddress: "localhost:44717"
startupRole: FOLLOWER
,id: "s1"
address: "0.0.0.0:46693"
clientAddress: "0.0.0.0:46693"
adminAddress: "0.0.0.0:46693"
startupRole: FOLLOWER
,id: "s2"
address: "0.0.0.0:36699"
clientAddress: "0.0.0.0:36699"
adminAddress: "0.0.0.0:36699"
startupRole: FOLLOWER
, old:id: "s0"
address: "localhost:46195"
dataStreamAddress: "localhost:39399"
clientAddress: "localhost:42765"
adminAddress: "localhost:44717"
startupRole: FOLLOWER
)
java.util.concurrent.CompletionException: java.util.concurrent.RejectedExecutionException: Task java.util.concurrent.CompletableFuture$AsyncSupply@7a9d682f rejected from java.util.concurrent.ThreadPoolExecutor@3ad4e2b[Terminated, pool size = 0, active threads = 0, queued tasks = 0, completed tasks = 198]
	at java.base/java.util.concurrent.CompletableFuture.encodeThrowable(CompletableFuture.java:314)
	at java.base/java.util.concurrent.CompletableFuture.uniComposeStage(CompletableFuture.java:1113)
	at java.base/java.util.concurrent.CompletableFuture.thenCompose(CompletableFuture.java:2235)
	at org.apache.ratis.server.impl.RaftServerProxy.appendEntriesAsync(RaftServerProxy.java:634)
	at org.apache.ratis.grpc.server.GrpcServerProtocolService$1.process(GrpcServerProtocolService.java:219)
	at org.apache.ratis.grpc.server.GrpcServerProtocolService$1.process(GrpcServerProtocolService.java:216)
	at org.apache.ratis.grpc.server.GrpcServerProtocolService$ServerRequestStreamObserver.onNext(GrpcServerProtocolService.java:124)
	at org.apache.ratis.thirdparty.io.grpc.stub.ServerCalls$StreamingServerCallHandler$StreamingServerCallListener.onMessage(ServerCalls.java:262)
	at org.apache.ratis.thirdparty.io.grpc.ForwardingServerCallListener.onMessage(ForwardingServerCallListener.java:33)
	at org.apache.ratis.thirdparty.io.grpc.internal.ServerCallImpl$ServerStreamListenerImpl.messagesAvailableInternal(ServerCallImpl.java:332)
	at org.apache.ratis.thirdparty.io.grpc.internal.ServerCallImpl$ServerStreamListenerImpl.messagesAvailable(ServerCallImpl.java:315)
	at org.apache.ratis.thirdparty.io.grpc.internal.ServerImpl$JumpToApplicationThreadServerStreamListener$1MessagesAvailable.runInContext(ServerImpl.java:834)
	at org.apache.ratis.thirdparty.io.grpc.internal.ContextRunnable.run(ContextRunnable.java:37)
	at org.apache.ratis.thirdparty.io.grpc.internal.SerializingExecutor.run(SerializingExecutor.java:133)
	at java.base/java.util.concurrent.ThreadPoolExecutor.runWorker(ThreadPoolExecutor.java:1128)
	at java.base/java.util.concurrent.ThreadPoolExecutor$Worker.run(ThreadPoolExecutor.java:628)
	at java.base/java.lang.Thread.run(Thread.java:829)
Caused by: java.util.concurrent.RejectedExecutionException: Task java.util.concurrent.CompletableFuture$AsyncSupply@7a9d682f rejected from java.util.concurrent.ThreadPoolExecutor@3ad4e2b[Terminated, pool size = 0, active threads = 0, queued tasks = 0, completed tasks = 198]
	at java.base/java.util.concurrent.ThreadPoolExecutor$AbortPolicy.rejectedExecution(ThreadPoolExecutor.java:2055)
	at java.base/java.util.concurrent.ThreadPoolExecutor.reject(ThreadPoolExecutor.java:825)
	at java.base/java.util.concurrent.ThreadPoolExecutor.execute(ThreadPoolExecutor.java:1355)
	at java.base/java.util.concurrent.CompletableFuture.asyncSupplyStage(CompletableFuture.java:1714)
	at java.base/java.util.concurrent.CompletableFuture.supplyAsync(CompletableFuture.java:1931)
	at org.apache.ratis.server.impl.RaftServerImpl.executeSubmitServerRequestAsync(RaftServerImpl.java:812)
	at org.apache.ratis.server.impl.RaftServerProxy.lambda$appendEntriesAsync$27(RaftServerProxy.java:634)
	at java.base/java.util.concurrent.CompletableFuture.uniComposeStage(CompletableFuture.java:1106)
	... 15 more
2022-10-13 10:40:59,730 [grpc-default-executor-2] WARN  server.GrpcLogAppender (LogUtils.java:warn(124)) - s0@group-6905249F38B1->s1-AppendLogResponseHandler: Failed appendEntries
java.io.IOException: java.util.concurrent.RejectedExecutionException: Task java.util.concurrent.CompletableFuture$AsyncSupply@7a9d682f rejected from java.util.concurrent.ThreadPoolExecutor@3ad4e2b[Terminated, pool size = 0, active threads = 0, queued tasks = 0, completed tasks = 198]
	at org.apache.ratis.util.IOUtils.asIOException(IOUtils.java:56)
	at org.apache.ratis.grpc.GrpcUtil.tryUnwrapException(GrpcUtil.java:121)
	at org.apache.ratis.grpc.GrpcUtil.unwrapThrowable(GrpcUtil.java:82)
	at org.apache.ratis.grpc.GrpcUtil.warn(GrpcUtil.java:178)
	at org.apache.ratis.grpc.server.GrpcLogAppender$AppendLogResponseHandler.onError(GrpcLogAppender.java:405)
	at org.apache.ratis.thirdparty.io.grpc.stub.ClientCalls$StreamObserverToCallListenerAdapter.onClose(ClientCalls.java:487)
	at org.apache.ratis.thirdparty.io.grpc.internal.ClientCallImpl.closeObserver(ClientCallImpl.java:562)
	at org.apache.ratis.thirdparty.io.grpc.internal.ClientCallImpl.access$300(ClientCallImpl.java:70)
	at org.apache.ratis.thirdparty.io.grpc.internal.ClientCallImpl$ClientStreamListenerImpl$1StreamClosed.runInternal(ClientCallImpl.java:743)
	at org.apache.ratis.thirdparty.io.grpc.internal.ClientCallImpl$ClientStreamListenerImpl$1StreamClosed.runInContext(ClientCallImpl.java:722)
	at org.apache.ratis.thirdparty.io.grpc.internal.ContextRunnable.run(ContextRunnable.java:37)
	at org.apache.ratis.thirdparty.io.grpc.internal.SerializingExecutor.run(SerializingExecutor.java:133)
	at java.base/java.util.concurrent.ThreadPoolExecutor.runWorker(ThreadPoolExecutor.java:1128)
	at java.base/java.util.concurrent.ThreadPoolExecutor$Worker.run(ThreadPoolExecutor.java:628)
	at java.base/java.lang.Thread.run(Thread.java:829)
Caused by: java.util.concurrent.RejectedExecutionException: Task java.util.concurrent.CompletableFuture$AsyncSupply@7a9d682f rejected from java.util.concurrent.ThreadPoolExecutor@3ad4e2b[Terminated, pool size = 0, active threads = 0, queued tasks = 0, completed tasks = 198]
	at java.base/jdk.internal.reflect.GeneratedConstructorAccessor7.newInstance(Unknown Source)
	at java.base/jdk.internal.reflect.DelegatingConstructorAccessorImpl.newInstance(DelegatingConstructorAccessorImpl.java:45)
	at java.base/java.lang.reflect.Constructor.newInstance(Constructor.java:490)
	at org.apache.ratis.util.ReflectionUtils.instantiateException(ReflectionUtils.java:259)
	at org.apache.ratis.grpc.GrpcUtil.tryUnwrapException(GrpcUtil.java:120)
	... 13 more
Caused by: org.apache.ratis.thirdparty.io.grpc.StatusRuntimeException: INTERNAL: Task java.util.concurrent.CompletableFuture$AsyncSupply@7a9d682f rejected from java.util.concurrent.ThreadPoolExecutor@3ad4e2b[Terminated, pool size = 0, active threads = 0, queued tasks = 0, completed tasks = 198]
	at org.apache.ratis.thirdparty.io.grpc.Status.asRuntimeException(Status.java:535)
	... 10 more
	Suppressed: java.lang.IllegalStateException: Failed to cast to class java.io.IOException, object=java.util.concurrent.RejectedExecutionException: Task java.util.concurrent.CompletableFuture$AsyncSupply@7a9d682f rejected from java.util.concurrent.ThreadPoolExecutor@3ad4e2b[Terminated, pool size = 0, active threads = 0, queued tasks = 0, completed tasks = 198]
	at java.base/java.util.concurrent.ThreadPoolExecutor$AbortPolicy.rejectedExecution(ThreadPoolExecutor.java:2055)
	at java.base/java.util.concurrent.ThreadPoolExecutor.reject(ThreadPoolExecutor.java:825)
	at java.base/java.util.concurrent.ThreadPoolExecutor.execute(ThreadPoolExecutor.java:1355)
	at java.base/java.util.concurrent.CompletableFuture.asyncSupplyStage(CompletableFuture.java:1714)
	at java.base/java.util.concurrent.CompletableFuture.supplyAsync(CompletableFuture.java:1931)
	at org.apache.ratis.server.impl.RaftServerImpl.executeSubmitServerRequestAsync(RaftServerImpl.java:812)
	at org.apache.ratis.server.impl.RaftServerProxy.lambda$appendEntriesAsync$27(RaftServerProxy.java:634)
	at java.base/java.util.concurrent.CompletableFuture.uniComposeStage(CompletableFuture.java:1106)
	at java.base/java.util.concurrent.CompletableFuture.thenCompose(CompletableFuture.java:2235)
	at org.apache.ratis.server.impl.RaftServerProxy.appendEntriesAsync(RaftServerProxy.java:634)
	at org.apache.ratis.grpc.server.GrpcServerProtocolService$1.process(GrpcServerProtocolService.java:219)
	at org.apache.ratis.grpc.server.GrpcServerProtocolService$1.process(GrpcServerProtocolService.java:216)
	at org.apache.ratis.grpc.server.GrpcServerProtocolService$ServerRequestStreamObserver.onNext(GrpcServerProtocolService.java:124)
	at org.apache.ratis.thirdparty.io.grpc.stub.ServerCalls$StreamingServerCallHandler$StreamingServerCallListener.onMessage(ServerCalls.java:262)
	at org.apache.ratis.thirdparty.io.grpc.ForwardingServerCallListener.onMessage(ForwardingServerCallListener.java:33)
	at org.apache.ratis.thirdparty.io.grpc.internal.ServerCallImpl$ServerStreamListenerImpl.messagesAvailableInternal(ServerCallImpl.java:332)
	at org.apache.ratis.thirdparty.io.grpc.internal.ServerCallImpl$ServerStreamListenerImpl.messagesAvailable(ServerCallImpl.java:315)
	at org.apache.ratis.thirdparty.io.grpc.internal.ServerImpl$JumpToApplicationThreadServerStreamListener$1MessagesAvailable.runInContext(ServerImpl.java:834)
	at org.apache.ratis.thirdparty.io.grpc.internal.ContextRunnable.run(ContextRunnable.java:37)
	at org.apache.ratis.thirdparty.io.grpc.internal.SerializingExecutor.run(SerializingExecutor.java:133)
	at java.base/java.util.concurrent.ThreadPoolExecutor.runWorker(ThreadPoolExecutor.java:1128)
	at java.base/java.util.concurrent.ThreadPoolExecutor$Worker.run(ThreadPoolExecutor.java:628)
	at java.base/java.lang.Thread.run(Thread.java:829)

		at org.apache.ratis.util.IOUtils.readObject(IOUtils.java:237)
		at org.apache.ratis.util.IOUtils.bytes2Object(IOUtils.java:214)
		at org.apache.ratis.grpc.GrpcUtil.tryUnwrapException(GrpcUtil.java:109)
		at org.apache.ratis.grpc.GrpcUtil.unwrapThrowable(GrpcUtil.java:82)
		at org.apache.ratis.grpc.GrpcUtil.warn(GrpcUtil.java:178)
		at org.apache.ratis.grpc.server.GrpcLogAppender$AppendLogResponseHandler.onError(GrpcLogAppender.java:405)
		... 10 more
	Caused by: java.lang.ClassCastException: Cannot cast java.util.concurrent.RejectedExecutionException to java.io.IOException
		at java.base/java.lang.Class.cast(Class.java:3605)
		at org.apache.ratis.util.IOUtils.readObject(IOUtils.java:234)
		... 15 more
2022-10-13 10:40:59,731 [grpc-default-executor-2] INFO  leader.FollowerInfo (FollowerInfoImpl.java:lambda$new$0(48)) - s0@group-6905249F38B1->s1: nextIndex: updateUnconditionally 263 -> 259
2022-10-13 10:40:59,767 [grpc-default-executor-2] WARN  server.GrpcServerProtocolService (LogUtils.java:warn(124)) - s1: Failed APPEND_ENTRIES request s0->s1#488-t2,previous=(t:2, i:258),leaderCommit=262,initializing? true,entries: size=4, first=(t:2, i:259), CONFIGURATIONENTRY(current:id: "s0"
address: "localhost:46195"
dataStreamAddress: "localhost:39399"
clientAddress: "localhost:42765"
adminAddress: "localhost:44717"
startupRole: FOLLOWER
,id: "s1"
address: "0.0.0.0:46693"
clientAddress: "0.0.0.0:46693"
adminAddress: "0.0.0.0:46693"
startupRole: FOLLOWER
,id: "s2"
address: "0.0.0.0:36699"
clientAddress: "0.0.0.0:36699"
adminAddress: "0.0.0.0:36699"
startupRole: FOLLOWER
, old:id: "s0"
address: "localhost:46195"
dataStreamAddress: "localhost:39399"
clientAddress: "localhost:42765"
adminAddress: "localhost:44717"
startupRole: FOLLOWER
)
java.util.concurrent.CompletionException: java.util.concurrent.RejectedExecutionException: Task java.util.concurrent.CompletableFuture$AsyncSupply@1b2e47a6 rejected from java.util.concurrent.ThreadPoolExecutor@3ad4e2b[Terminated, pool size = 0, active threads = 0, queued tasks = 0, completed tasks = 198]
	at java.base/java.util.concurrent.CompletableFuture.encodeThrowable(CompletableFuture.java:314)
	at java.base/java.util.concurrent.CompletableFuture.uniComposeStage(CompletableFuture.java:1113)
	at java.base/java.util.concurrent.CompletableFuture.thenCompose(CompletableFuture.java:2235)
	at org.apache.ratis.server.impl.RaftServerProxy.appendEntriesAsync(RaftServerProxy.java:634)
	at org.apache.ratis.grpc.server.GrpcServerProtocolService$1.process(GrpcServerProtocolService.java:219)
	at org.apache.ratis.grpc.server.GrpcServerProtocolService$1.process(GrpcServerProtocolService.java:216)
	at org.apache.ratis.grpc.server.GrpcServerProtocolService$ServerRequestStreamObserver.onNext(GrpcServerProtocolService.java:124)
	at org.apache.ratis.thirdparty.io.grpc.stub.ServerCalls$StreamingServerCallHandler$StreamingServerCallListener.onMessage(ServerCalls.java:262)
	at org.apache.ratis.thirdparty.io.grpc.ForwardingServerCallListener.onMessage(ForwardingServerCallListener.java:33)
	at org.apache.ratis.thirdparty.io.grpc.internal.ServerCallImpl$ServerStreamListenerImpl.messagesAvailableInternal(ServerCallImpl.java:332)
	at org.apache.ratis.thirdparty.io.grpc.internal.ServerCallImpl$ServerStreamListenerImpl.messagesAvailable(ServerCallImpl.java:315)
	at org.apache.ratis.thirdparty.io.grpc.internal.ServerImpl$JumpToApplicationThreadServerStreamListener$1MessagesAvailable.runInContext(ServerImpl.java:834)
	at org.apache.ratis.thirdparty.io.grpc.internal.ContextRunnable.run(ContextRunnable.java:37)
	at org.apache.ratis.thirdparty.io.grpc.internal.SerializingExecutor.run(SerializingExecutor.java:133)
	at java.base/java.util.concurrent.ThreadPoolExecutor.runWorker(ThreadPoolExecutor.java:1128)
	at java.base/java.util.concurrent.ThreadPoolExecutor$Worker.run(ThreadPoolExecutor.java:628)
	at java.base/java.lang.Thread.run(Thread.java:829)
Caused by: java.util.concurrent.RejectedExecutionException: Task java.util.concurrent.CompletableFuture$AsyncSupply@1b2e47a6 rejected from java.util.concurrent.ThreadPoolExecutor@3ad4e2b[Terminated, pool size = 0, active threads = 0, queued tasks = 0, completed tasks = 198]
	at java.base/java.util.concurrent.ThreadPoolExecutor$AbortPolicy.rejectedExecution(ThreadPoolExecutor.java:2055)
	at java.base/java.util.concurrent.ThreadPoolExecutor.reject(ThreadPoolExecutor.java:825)
	at java.base/java.util.concurrent.ThreadPoolExecutor.execute(ThreadPoolExecutor.java:1355)
	at java.base/java.util.concurrent.CompletableFuture.asyncSupplyStage(CompletableFuture.java:1714)
	at java.base/java.util.concurrent.CompletableFuture.supplyAsync(CompletableFuture.java:1931)
	at org.apache.ratis.server.impl.RaftServerImpl.executeSubmitServerRequestAsync(RaftServerImpl.java:812)
	at org.apache.ratis.server.impl.RaftServerProxy.lambda$appendEntriesAsync$27(RaftServerProxy.java:634)
	at java.base/java.util.concurrent.CompletableFuture.uniComposeStage(CompletableFuture.java:1106)
	... 15 more
2022-10-13 10:40:59,768 [grpc-default-executor-1] WARN  server.GrpcLogAppender (LogUtils.java:warn(124)) - s0@group-6905249F38B1->s1-AppendLogResponseHandler: Failed appendEntries
java.io.IOException: java.util.concurrent.RejectedExecutionException: Task java.util.concurrent.CompletableFuture$AsyncSupply@1b2e47a6 rejected from java.util.concurrent.ThreadPoolExecutor@3ad4e2b[Terminated, pool size = 0, active threads = 0, queued tasks = 0, completed tasks = 198]
	at org.apache.ratis.util.IOUtils.asIOException(IOUtils.java:56)
	at org.apache.ratis.grpc.GrpcUtil.tryUnwrapException(GrpcUtil.java:121)
	at org.apache.ratis.grpc.GrpcUtil.unwrapThrowable(GrpcUtil.java:82)
	at org.apache.ratis.grpc.GrpcUtil.warn(GrpcUtil.java:178)
	at org.apache.ratis.grpc.server.GrpcLogAppender$AppendLogResponseHandler.onError(GrpcLogAppender.java:405)
	at org.apache.ratis.thirdparty.io.grpc.stub.ClientCalls$StreamObserverToCallListenerAdapter.onClose(ClientCalls.java:487)
	at org.apache.ratis.thirdparty.io.grpc.internal.ClientCallImpl.closeObserver(ClientCallImpl.java:562)
	at org.apache.ratis.thirdparty.io.grpc.internal.ClientCallImpl.access$300(ClientCallImpl.java:70)
	at org.apache.ratis.thirdparty.io.grpc.internal.ClientCallImpl$ClientStreamListenerImpl$1StreamClosed.runInternal(ClientCallImpl.java:743)
	at org.apache.ratis.thirdparty.io.grpc.internal.ClientCallImpl$ClientStreamListenerImpl$1StreamClosed.runInContext(ClientCallImpl.java:722)
	at org.apache.ratis.thirdparty.io.grpc.internal.ContextRunnable.run(ContextRunnable.java:37)
	at org.apache.ratis.thirdparty.io.grpc.internal.SerializingExecutor.run(SerializingExecutor.java:133)
	at java.base/java.util.concurrent.ThreadPoolExecutor.runWorker(ThreadPoolExecutor.java:1128)
	at java.base/java.util.concurrent.ThreadPoolExecutor$Worker.run(ThreadPoolExecutor.java:628)
	at java.base/java.lang.Thread.run(Thread.java:829)
Caused by: java.util.concurrent.RejectedExecutionException: Task java.util.concurrent.CompletableFuture$AsyncSupply@1b2e47a6 rejected from java.util.concurrent.ThreadPoolExecutor@3ad4e2b[Terminated, pool size = 0, active threads = 0, queued tasks = 0, completed tasks = 198]
	at java.base/jdk.internal.reflect.GeneratedConstructorAccessor7.newInstance(Unknown Source)
	at java.base/jdk.internal.reflect.DelegatingConstructorAccessorImpl.newInstance(DelegatingConstructorAccessorImpl.java:45)
	at java.base/java.lang.reflect.Constructor.newInstance(Constructor.java:490)
	at org.apache.ratis.util.ReflectionUtils.instantiateException(ReflectionUtils.java:259)
	at org.apache.ratis.grpc.GrpcUtil.tryUnwrapException(GrpcUtil.java:120)
	... 13 more
Caused by: org.apache.ratis.thirdparty.io.grpc.StatusRuntimeException: INTERNAL: Task java.util.concurrent.CompletableFuture$AsyncSupply@1b2e47a6 rejected from java.util.concurrent.ThreadPoolExecutor@3ad4e2b[Terminated, pool size = 0, active threads = 0, queued tasks = 0, completed tasks = 198]
	at org.apache.ratis.thirdparty.io.grpc.Status.asRuntimeException(Status.java:535)
	... 10 more
	Suppressed: java.lang.IllegalStateException: Failed to cast to class java.io.IOException, object=java.util.concurrent.RejectedExecutionException: Task java.util.concurrent.CompletableFuture$AsyncSupply@1b2e47a6 rejected from java.util.concurrent.ThreadPoolExecutor@3ad4e2b[Terminated, pool size = 0, active threads = 0, queued tasks = 0, completed tasks = 198]
	at java.base/java.util.concurrent.ThreadPoolExecutor$AbortPolicy.rejectedExecution(ThreadPoolExecutor.java:2055)
	at java.base/java.util.concurrent.ThreadPoolExecutor.reject(ThreadPoolExecutor.java:825)
	at java.base/java.util.concurrent.ThreadPoolExecutor.execute(ThreadPoolExecutor.java:1355)
	at java.base/java.util.concurrent.CompletableFuture.asyncSupplyStage(CompletableFuture.java:1714)
	at java.base/java.util.concurrent.CompletableFuture.supplyAsync(CompletableFuture.java:1931)
	at org.apache.ratis.server.impl.RaftServerImpl.executeSubmitServerRequestAsync(RaftServerImpl.java:812)
	at org.apache.ratis.server.impl.RaftServerProxy.lambda$appendEntriesAsync$27(RaftServerProxy.java:634)
	at java.base/java.util.concurrent.CompletableFuture.uniComposeStage(CompletableFuture.java:1106)
	at java.base/java.util.concurrent.CompletableFuture.thenCompose(CompletableFuture.java:2235)
	at org.apache.ratis.server.impl.RaftServerProxy.appendEntriesAsync(RaftServerProxy.java:634)
	at org.apache.ratis.grpc.server.GrpcServerProtocolService$1.process(GrpcServerProtocolService.java:219)
	at org.apache.ratis.grpc.server.GrpcServerProtocolService$1.process(GrpcServerProtocolService.java:216)
	at org.apache.ratis.grpc.server.GrpcServerProtocolService$ServerRequestStreamObserver.onNext(GrpcServerProtocolService.java:124)
	at org.apache.ratis.thirdparty.io.grpc.stub.ServerCalls$StreamingServerCallHandler$StreamingServerCallListener.onMessage(ServerCalls.java:262)
	at org.apache.ratis.thirdparty.io.grpc.ForwardingServerCallListener.onMessage(ForwardingServerCallListener.java:33)
	at org.apache.ratis.thirdparty.io.grpc.internal.ServerCallImpl$ServerStreamListenerImpl.messagesAvailableInternal(ServerCallImpl.java:332)
	at org.apache.ratis.thirdparty.io.grpc.internal.ServerCallImpl$ServerStreamListenerImpl.messagesAvailable(ServerCallImpl.java:315)
	at org.apache.ratis.thirdparty.io.grpc.internal.ServerImpl$JumpToApplicationThreadServerStreamListener$1MessagesAvailable.runInContext(ServerImpl.java:834)
	at org.apache.ratis.thirdparty.io.grpc.internal.ContextRunnable.run(ContextRunnable.java:37)
	at org.apache.ratis.thirdparty.io.grpc.internal.SerializingExecutor.run(SerializingExecutor.java:133)
	at java.base/java.util.concurrent.ThreadPoolExecutor.runWorker(ThreadPoolExecutor.java:1128)
	at java.base/java.util.concurrent.ThreadPoolExecutor$Worker.run(ThreadPoolExecutor.java:628)
	at java.base/java.lang.Thread.run(Thread.java:829)

		at org.apache.ratis.util.IOUtils.readObject(IOUtils.java:237)
		at org.apache.ratis.util.IOUtils.bytes2Object(IOUtils.java:214)
		at org.apache.ratis.grpc.GrpcUtil.tryUnwrapException(GrpcUtil.java:109)
		at org.apache.ratis.grpc.GrpcUtil.unwrapThrowable(GrpcUtil.java:82)
		at org.apache.ratis.grpc.GrpcUtil.warn(GrpcUtil.java:178)
		at org.apache.ratis.grpc.server.GrpcLogAppender$AppendLogResponseHandler.onError(GrpcLogAppender.java:405)
		... 10 more
	Caused by: java.lang.ClassCastException: Cannot cast java.util.concurrent.RejectedExecutionException to java.io.IOException
		at java.base/java.lang.Class.cast(Class.java:3605)
		at org.apache.ratis.util.IOUtils.readObject(IOUtils.java:234)
		... 15 more
2022-10-13 10:40:59,768 [grpc-default-executor-1] INFO  leader.FollowerInfo (FollowerInfoImpl.java:lambda$new$0(48)) - s0@group-6905249F38B1->s1: nextIndex: updateUnconditionally 263 -> 259
2022-10-13 10:40:59,804 [grpc-default-executor-2] WARN  server.GrpcServerProtocolService (LogUtils.java:warn(124)) - s1: Failed APPEND_ENTRIES request s0->s1#490-t2,previous=(t:2, i:258),leaderCommit=262,initializing? true,entries: size=4, first=(t:2, i:259), CONFIGURATIONENTRY(current:id: "s0"
address: "localhost:46195"
dataStreamAddress: "localhost:39399"
clientAddress: "localhost:42765"
adminAddress: "localhost:44717"
startupRole: FOLLOWER
,id: "s1"
address: "0.0.0.0:46693"
clientAddress: "0.0.0.0:46693"
adminAddress: "0.0.0.0:46693"
startupRole: FOLLOWER
,id: "s2"
address: "0.0.0.0:36699"
clientAddress: "0.0.0.0:36699"
adminAddress: "0.0.0.0:36699"
startupRole: FOLLOWER
, old:id: "s0"
address: "localhost:46195"
dataStreamAddress: "localhost:39399"
clientAddress: "localhost:42765"
adminAddress: "localhost:44717"
startupRole: FOLLOWER
)
java.util.concurrent.CompletionException: java.util.concurrent.RejectedExecutionException: Task java.util.concurrent.CompletableFuture$AsyncSupply@696ca31d rejected from java.util.concurrent.ThreadPoolExecutor@3ad4e2b[Terminated, pool size = 0, active threads = 0, queued tasks = 0, completed tasks = 198]
	at java.base/java.util.concurrent.CompletableFuture.encodeThrowable(CompletableFuture.java:314)
	at java.base/java.util.concurrent.CompletableFuture.uniComposeStage(CompletableFuture.java:1113)
	at java.base/java.util.concurrent.CompletableFuture.thenCompose(CompletableFuture.java:2235)
	at org.apache.ratis.server.impl.RaftServerProxy.appendEntriesAsync(RaftServerProxy.java:634)
	at org.apache.ratis.grpc.server.GrpcServerProtocolService$1.process(GrpcServerProtocolService.java:219)
	at org.apache.ratis.grpc.server.GrpcServerProtocolService$1.process(GrpcServerProtocolService.java:216)
	at org.apache.ratis.grpc.server.GrpcServerProtocolService$ServerRequestStreamObserver.onNext(GrpcServerProtocolService.java:124)
	at org.apache.ratis.thirdparty.io.grpc.stub.ServerCalls$StreamingServerCallHandler$StreamingServerCallListener.onMessage(ServerCalls.java:262)
	at org.apache.ratis.thirdparty.io.grpc.ForwardingServerCallListener.onMessage(ForwardingServerCallListener.java:33)
	at org.apache.ratis.thirdparty.io.grpc.internal.ServerCallImpl$ServerStreamListenerImpl.messagesAvailableInternal(ServerCallImpl.java:332)
	at org.apache.ratis.thirdparty.io.grpc.internal.ServerCallImpl$ServerStreamListenerImpl.messagesAvailable(ServerCallImpl.java:315)
	at org.apache.ratis.thirdparty.io.grpc.internal.ServerImpl$JumpToApplicationThreadServerStreamListener$1MessagesAvailable.runInContext(ServerImpl.java:834)
	at org.apache.ratis.thirdparty.io.grpc.internal.ContextRunnable.run(ContextRunnable.java:37)
	at org.apache.ratis.thirdparty.io.grpc.internal.SerializingExecutor.run(SerializingExecutor.java:133)
	at java.base/java.util.concurrent.ThreadPoolExecutor.runWorker(ThreadPoolExecutor.java:1128)
	at java.base/java.util.concurrent.ThreadPoolExecutor$Worker.run(ThreadPoolExecutor.java:628)
	at java.base/java.lang.Thread.run(Thread.java:829)
Caused by: java.util.concurrent.RejectedExecutionException: Task java.util.concurrent.CompletableFuture$AsyncSupply@696ca31d rejected from java.util.concurrent.ThreadPoolExecutor@3ad4e2b[Terminated, pool size = 0, active threads = 0, queued tasks = 0, completed tasks = 198]
	at java.base/java.util.concurrent.ThreadPoolExecutor$AbortPolicy.rejectedExecution(ThreadPoolExecutor.java:2055)
	at java.base/java.util.concurrent.ThreadPoolExecutor.reject(ThreadPoolExecutor.java:825)
	at java.base/java.util.concurrent.ThreadPoolExecutor.execute(ThreadPoolExecutor.java:1355)
	at java.base/java.util.concurrent.CompletableFuture.asyncSupplyStage(CompletableFuture.java:1714)
	at java.base/java.util.concurrent.CompletableFuture.supplyAsync(CompletableFuture.java:1931)
	at org.apache.ratis.server.impl.RaftServerImpl.executeSubmitServerRequestAsync(RaftServerImpl.java:812)
	at org.apache.ratis.server.impl.RaftServerProxy.lambda$appendEntriesAsync$27(RaftServerProxy.java:634)
	at java.base/java.util.concurrent.CompletableFuture.uniComposeStage(CompletableFuture.java:1106)
	... 15 more
2022-10-13 10:40:59,805 [grpc-default-executor-3] WARN  server.GrpcLogAppender (LogUtils.java:warn(124)) - s0@group-6905249F38B1->s1-AppendLogResponseHandler: Failed appendEntries
java.io.IOException: java.util.concurrent.RejectedExecutionException: Task java.util.concurrent.CompletableFuture$AsyncSupply@696ca31d rejected from java.util.concurrent.ThreadPoolExecutor@3ad4e2b[Terminated, pool size = 0, active threads = 0, queued tasks = 0, completed tasks = 198]
	at org.apache.ratis.util.IOUtils.asIOException(IOUtils.java:56)
	at org.apache.ratis.grpc.GrpcUtil.tryUnwrapException(GrpcUtil.java:121)
	at org.apache.ratis.grpc.GrpcUtil.unwrapThrowable(GrpcUtil.java:82)
	at org.apache.ratis.grpc.GrpcUtil.warn(GrpcUtil.java:178)
	at org.apache.ratis.grpc.server.GrpcLogAppender$AppendLogResponseHandler.onError(GrpcLogAppender.java:405)
	at org.apache.ratis.thirdparty.io.grpc.stub.ClientCalls$StreamObserverToCallListenerAdapter.onClose(ClientCalls.java:487)
	at org.apache.ratis.thirdparty.io.grpc.internal.ClientCallImpl.closeObserver(ClientCallImpl.java:562)
	at org.apache.ratis.thirdparty.io.grpc.internal.ClientCallImpl.access$300(ClientCallImpl.java:70)
	at org.apache.ratis.thirdparty.io.grpc.internal.ClientCallImpl$ClientStreamListenerImpl$1StreamClosed.runInternal(ClientCallImpl.java:743)
	at org.apache.ratis.thirdparty.io.grpc.internal.ClientCallImpl$ClientStreamListenerImpl$1StreamClosed.runInContext(ClientCallImpl.java:722)
	at org.apache.ratis.thirdparty.io.grpc.internal.ContextRunnable.run(ContextRunnable.java:37)
	at org.apache.ratis.thirdparty.io.grpc.internal.SerializingExecutor.run(SerializingExecutor.java:133)
	at java.base/java.util.concurrent.ThreadPoolExecutor.runWorker(ThreadPoolExecutor.java:1128)
	at java.base/java.util.concurrent.ThreadPoolExecutor$Worker.run(ThreadPoolExecutor.java:628)
	at java.base/java.lang.Thread.run(Thread.java:829)
Caused by: java.util.concurrent.RejectedExecutionException: Task java.util.concurrent.CompletableFuture$AsyncSupply@696ca31d rejected from java.util.concurrent.ThreadPoolExecutor@3ad4e2b[Terminated, pool size = 0, active threads = 0, queued tasks = 0, completed tasks = 198]
	at java.base/jdk.internal.reflect.GeneratedConstructorAccessor7.newInstance(Unknown Source)
	at java.base/jdk.internal.reflect.DelegatingConstructorAccessorImpl.newInstance(DelegatingConstructorAccessorImpl.java:45)
	at java.base/java.lang.reflect.Constructor.newInstance(Constructor.java:490)
	at org.apache.ratis.util.ReflectionUtils.instantiateException(ReflectionUtils.java:259)
	at org.apache.ratis.grpc.GrpcUtil.tryUnwrapException(GrpcUtil.java:120)
	... 13 more
Caused by: org.apache.ratis.thirdparty.io.grpc.StatusRuntimeException: INTERNAL: Task java.util.concurrent.CompletableFuture$AsyncSupply@696ca31d rejected from java.util.concurrent.ThreadPoolExecutor@3ad4e2b[Terminated, pool size = 0, active threads = 0, queued tasks = 0, completed tasks = 198]
	at org.apache.ratis.thirdparty.io.grpc.Status.asRuntimeException(Status.java:535)
	... 10 more
	Suppressed: java.lang.IllegalStateException: Failed to cast to class java.io.IOException, object=java.util.concurrent.RejectedExecutionException: Task java.util.concurrent.CompletableFuture$AsyncSupply@696ca31d rejected from java.util.concurrent.ThreadPoolExecutor@3ad4e2b[Terminated, pool size = 0, active threads = 0, queued tasks = 0, completed tasks = 198]
	at java.base/java.util.concurrent.ThreadPoolExecutor$AbortPolicy.rejectedExecution(ThreadPoolExecutor.java:2055)
	at java.base/java.util.concurrent.ThreadPoolExecutor.reject(ThreadPoolExecutor.java:825)
	at java.base/java.util.concurrent.ThreadPoolExecutor.execute(ThreadPoolExecutor.java:1355)
	at java.base/java.util.concurrent.CompletableFuture.asyncSupplyStage(CompletableFuture.java:1714)
	at java.base/java.util.concurrent.CompletableFuture.supplyAsync(CompletableFuture.java:1931)
	at org.apache.ratis.server.impl.RaftServerImpl.executeSubmitServerRequestAsync(RaftServerImpl.java:812)
	at org.apache.ratis.server.impl.RaftServerProxy.lambda$appendEntriesAsync$27(RaftServerProxy.java:634)
	at java.base/java.util.concurrent.CompletableFuture.uniComposeStage(CompletableFuture.java:1106)
	at java.base/java.util.concurrent.CompletableFuture.thenCompose(CompletableFuture.java:2235)
	at org.apache.ratis.server.impl.RaftServerProxy.appendEntriesAsync(RaftServerProxy.java:634)
	at org.apache.ratis.grpc.server.GrpcServerProtocolService$1.process(GrpcServerProtocolService.java:219)
	at org.apache.ratis.grpc.server.GrpcServerProtocolService$1.process(GrpcServerProtocolService.java:216)
	at org.apache.ratis.grpc.server.GrpcServerProtocolService$ServerRequestStreamObserver.onNext(GrpcServerProtocolService.java:124)
	at org.apache.ratis.thirdparty.io.grpc.stub.ServerCalls$StreamingServerCallHandler$StreamingServerCallListener.onMessage(ServerCalls.java:262)
	at org.apache.ratis.thirdparty.io.grpc.ForwardingServerCallListener.onMessage(ForwardingServerCallListener.java:33)
	at org.apache.ratis.thirdparty.io.grpc.internal.ServerCallImpl$ServerStreamListenerImpl.messagesAvailableInternal(ServerCallImpl.java:332)
	at org.apache.ratis.thirdparty.io.grpc.internal.ServerCallImpl$ServerStreamListenerImpl.messagesAvailable(ServerCallImpl.java:315)
	at org.apache.ratis.thirdparty.io.grpc.internal.ServerImpl$JumpToApplicationThreadServerStreamListener$1MessagesAvailable.runInContext(ServerImpl.java:834)
	at org.apache.ratis.thirdparty.io.grpc.internal.ContextRunnable.run(ContextRunnable.java:37)
	at org.apache.ratis.thirdparty.io.grpc.internal.SerializingExecutor.run(SerializingExecutor.java:133)
	at java.base/java.util.concurrent.ThreadPoolExecutor.runWorker(ThreadPoolExecutor.java:1128)
	at java.base/java.util.concurrent.ThreadPoolExecutor$Worker.run(ThreadPoolExecutor.java:628)
	at java.base/java.lang.Thread.run(Thread.java:829)

		at org.apache.ratis.util.IOUtils.readObject(IOUtils.java:237)
		at org.apache.ratis.util.IOUtils.bytes2Object(IOUtils.java:214)
		at org.apache.ratis.grpc.GrpcUtil.tryUnwrapException(GrpcUtil.java:109)
		at org.apache.ratis.grpc.GrpcUtil.unwrapThrowable(GrpcUtil.java:82)
		at org.apache.ratis.grpc.GrpcUtil.warn(GrpcUtil.java:178)
		at org.apache.ratis.grpc.server.GrpcLogAppender$AppendLogResponseHandler.onError(GrpcLogAppender.java:405)
		... 10 more
	Caused by: java.lang.ClassCastException: Cannot cast java.util.concurrent.RejectedExecutionException to java.io.IOException
		at java.base/java.lang.Class.cast(Class.java:3605)
		at org.apache.ratis.util.IOUtils.readObject(IOUtils.java:234)
		... 15 more
2022-10-13 10:40:59,805 [grpc-default-executor-3] INFO  leader.FollowerInfo (FollowerInfoImpl.java:lambda$new$0(48)) - s0@group-6905249F38B1->s1: nextIndex: updateUnconditionally 263 -> 259
2022-10-13 10:40:59,842 [grpc-default-executor-2] WARN  server.GrpcServerProtocolService (LogUtils.java:warn(124)) - s1: Failed APPEND_ENTRIES request s0->s1#492-t2,previous=(t:2, i:258),leaderCommit=262,initializing? true,entries: size=4, first=(t:2, i:259), CONFIGURATIONENTRY(current:id: "s0"
address: "localhost:46195"
dataStreamAddress: "localhost:39399"
clientAddress: "localhost:42765"
adminAddress: "localhost:44717"
startupRole: FOLLOWER
,id: "s1"
address: "0.0.0.0:46693"
clientAddress: "0.0.0.0:46693"
adminAddress: "0.0.0.0:46693"
startupRole: FOLLOWER
,id: "s2"
address: "0.0.0.0:36699"
clientAddress: "0.0.0.0:36699"
adminAddress: "0.0.0.0:36699"
startupRole: FOLLOWER
, old:id: "s0"
address: "localhost:46195"
dataStreamAddress: "localhost:39399"
clientAddress: "localhost:42765"
adminAddress: "localhost:44717"
startupRole: FOLLOWER
)
java.util.concurrent.CompletionException: java.util.concurrent.RejectedExecutionException: Task java.util.concurrent.CompletableFuture$AsyncSupply@53e2d448 rejected from java.util.concurrent.ThreadPoolExecutor@3ad4e2b[Terminated, pool size = 0, active threads = 0, queued tasks = 0, completed tasks = 198]
	at java.base/java.util.concurrent.CompletableFuture.encodeThrowable(CompletableFuture.java:314)
	at java.base/java.util.concurrent.CompletableFuture.uniComposeStage(CompletableFuture.java:1113)
	at java.base/java.util.concurrent.CompletableFuture.thenCompose(CompletableFuture.java:2235)
	at org.apache.ratis.server.impl.RaftServerProxy.appendEntriesAsync(RaftServerProxy.java:634)
	at org.apache.ratis.grpc.server.GrpcServerProtocolService$1.process(GrpcServerProtocolService.java:219)
	at org.apache.ratis.grpc.server.GrpcServerProtocolService$1.process(GrpcServerProtocolService.java:216)
	at org.apache.ratis.grpc.server.GrpcServerProtocolService$ServerRequestStreamObserver.onNext(GrpcServerProtocolService.java:124)
	at org.apache.ratis.thirdparty.io.grpc.stub.ServerCalls$StreamingServerCallHandler$StreamingServerCallListener.onMessage(ServerCalls.java:262)
	at org.apache.ratis.thirdparty.io.grpc.ForwardingServerCallListener.onMessage(ForwardingServerCallListener.java:33)
	at org.apache.ratis.thirdparty.io.grpc.internal.ServerCallImpl$ServerStreamListenerImpl.messagesAvailableInternal(ServerCallImpl.java:332)
	at org.apache.ratis.thirdparty.io.grpc.internal.ServerCallImpl$ServerStreamListenerImpl.messagesAvailable(ServerCallImpl.java:315)
	at org.apache.ratis.thirdparty.io.grpc.internal.ServerImpl$JumpToApplicationThreadServerStreamListener$1MessagesAvailable.runInContext(ServerImpl.java:834)
	at org.apache.ratis.thirdparty.io.grpc.internal.ContextRunnable.run(ContextRunnable.java:37)
	at org.apache.ratis.thirdparty.io.grpc.internal.SerializingExecutor.run(SerializingExecutor.java:133)
	at java.base/java.util.concurrent.ThreadPoolExecutor.runWorker(ThreadPoolExecutor.java:1128)
	at java.base/java.util.concurrent.ThreadPoolExecutor$Worker.run(ThreadPoolExecutor.java:628)
	at java.base/java.lang.Thread.run(Thread.java:829)
Caused by: java.util.concurrent.RejectedExecutionException: Task java.util.concurrent.CompletableFuture$AsyncSupply@53e2d448 rejected from java.util.concurrent.ThreadPoolExecutor@3ad4e2b[Terminated, pool size = 0, active threads = 0, queued tasks = 0, completed tasks = 198]
	at java.base/java.util.concurrent.ThreadPoolExecutor$AbortPolicy.rejectedExecution(ThreadPoolExecutor.java:2055)
	at java.base/java.util.concurrent.ThreadPoolExecutor.reject(ThreadPoolExecutor.java:825)
	at java.base/java.util.concurrent.ThreadPoolExecutor.execute(ThreadPoolExecutor.java:1355)
	at java.base/java.util.concurrent.CompletableFuture.asyncSupplyStage(CompletableFuture.java:1714)
	at java.base/java.util.concurrent.CompletableFuture.supplyAsync(CompletableFuture.java:1931)
	at org.apache.ratis.server.impl.RaftServerImpl.executeSubmitServerRequestAsync(RaftServerImpl.java:812)
	at org.apache.ratis.server.impl.RaftServerProxy.lambda$appendEntriesAsync$27(RaftServerProxy.java:634)
	at java.base/java.util.concurrent.CompletableFuture.uniComposeStage(CompletableFuture.java:1106)
	... 15 more
2022-10-13 10:40:59,842 [Time-limited test] INFO  impl.RaftServerTestUtil (RaftServerTestUtil.java:waitAndCheckNewConf(97)) - waitAndCheckNewConf: peers=[s1|rpc:0.0.0.0:46693|priority:0|startupRole:FOLLOWER, s2|rpc:0.0.0.0:36699|priority:0|startupRole:FOLLOWER, s0|rpc:localhost:46195|admin:localhost:44717|client:localhost:42765|dataStream:localhost:39399|priority:0|startupRole:FOLLOWER], deadPeers=null, printing ALL groups
  s0:  RUNNING    LEADER s0@group-6905249F38B1:t2, leader=s0, voted=s0, raftlog=Memoized:s0@group-6905249F38B1-SegmentedRaftLog:OPENED:c262, conf=261: peers:[s0|rpc:localhost:46195|admin:localhost:44717|client:localhost:42765|dataStream:localhost:39399|priority:0|startupRole:FOLLOWER, s1|rpc:0.0.0.0:46693|dataStream:|priority:0|startupRole:FOLLOWER, s2|rpc:0.0.0.0:36699|dataStream:|priority:0|startupRole:FOLLOWER]|listeners:[], old=null RUNNING
  s1:  RUNNING  FOLLOWER s1@group-6905249F38B1:t2, leader=s0, voted=null, raftlog=Memoized:s1@group-6905249F38B1-SegmentedRaftLog:CLOSED:c254, conf=255: peers:[s0|rpc:localhost:46195|admin:localhost:44717|client:localhost:42765|dataStream:localhost:39399|priority:0|startupRole:FOLLOWER]|listeners:[], old=null CLOSED
  s2:  RUNNING  FOLLOWER s2@group-6905249F38B1:t2, leader=s0, voted=null, raftlog=Memoized:s2@group-6905249F38B1-SegmentedRaftLog:OPENED:c262, conf=261: peers:[s0|rpc:localhost:46195|admin:localhost:44717|client:localhost:42765|dataStream:localhost:39399|priority:0|startupRole:FOLLOWER, s1|rpc:0.0.0.0:46693|dataStream:|priority:0|startupRole:FOLLOWER, s2|rpc:0.0.0.0:36699|dataStream:|priority:0|startupRole:FOLLOWER]|listeners:[], old=null RUNNING
2022-10-13 10:40:59,843 [Time-limited test] INFO  impl.RaftServerTestUtil (RaftServerTestUtil.java:waitAndCheckNewConf(106)) - checking    LEADER s0@group-6905249F38B1:t2, leader=s0, voted=s0, raftlog=Memoized:s0@group-6905249F38B1-SegmentedRaftLog:OPENED:c262, conf=261: peers:[s0|rpc:localhost:46195|admin:localhost:44717|client:localhost:42765|dataStream:localhost:39399|priority:0|startupRole:FOLLOWER, s1|rpc:0.0.0.0:46693|dataStream:|priority:0|startupRole:FOLLOWER, s2|rpc:0.0.0.0:36699|dataStream:|priority:0|startupRole:FOLLOWER]|listeners:[], old=null RUNNING
2022-10-13 10:40:59,843 [Time-limited test] INFO  impl.RaftServerTestUtil (RaftServerTestUtil.java:waitAndCheckNewConf(106)) - checking  FOLLOWER s1@group-6905249F38B1:t2, leader=s0, voted=null, raftlog=Memoized:s1@group-6905249F38B1-SegmentedRaftLog:CLOSED:c254, conf=255: peers:[s0|rpc:localhost:46195|admin:localhost:44717|client:localhost:42765|dataStream:localhost:39399|priority:0|startupRole:FOLLOWER]|listeners:[], old=null CLOSED
2022-10-13 10:40:59,843 [Time-limited test] INFO  impl.MiniRaftCluster (MiniRaftCluster.java:shutdown(831)) - ************************************************************** 
2022-10-13 10:40:59,843 [Time-limited test] INFO  impl.MiniRaftCluster (MiniRaftCluster.java:shutdown(832)) - *** 
2022-10-13 10:40:59,843 [Time-limited test] INFO  impl.MiniRaftCluster (MiniRaftCluster.java:shutdown(833)) - ***     Stopping MiniRaftClusterWithGrpc
2022-10-13 10:40:59,843 [Time-limited test] INFO  impl.MiniRaftCluster (MiniRaftCluster.java:shutdown(834)) - *** 
2022-10-13 10:40:59,843 [Time-limited test] INFO  impl.MiniRaftCluster (MiniRaftCluster.java:shutdown(835)) - ************************************************************** 
2022-10-13 10:40:59,843 [Time-limited test] INFO  impl.MiniRaftCluster (MiniRaftCluster.java:shutdown(836)) - printing ALL groups
  s0:  RUNNING    LEADER s0@group-6905249F38B1:t2, leader=s0, voted=s0, raftlog=Memoized:s0@group-6905249F38B1-SegmentedRaftLog:OPENED:c262, conf=261: peers:[s0|rpc:localhost:46195|admin:localhost:44717|client:localhost:42765|dataStream:localhost:39399|priority:0|startupRole:FOLLOWER, s1|rpc:0.0.0.0:46693|dataStream:|priority:0|startupRole:FOLLOWER, s2|rpc:0.0.0.0:36699|dataStream:|priority:0|startupRole:FOLLOWER]|listeners:[], old=null RUNNING
  s1:  RUNNING  FOLLOWER s1@group-6905249F38B1:t2, leader=s0, voted=null, raftlog=Memoized:s1@group-6905249F38B1-SegmentedRaftLog:CLOSED:c254, conf=255: peers:[s0|rpc:localhost:46195|admin:localhost:44717|client:localhost:42765|dataStream:localhost:39399|priority:0|startupRole:FOLLOWER]|listeners:[], old=null CLOSED
  s2:  RUNNING  FOLLOWER s2@group-6905249F38B1:t2, leader=s0, voted=null, raftlog=Memoized:s2@group-6905249F38B1-SegmentedRaftLog:OPENED:c262, conf=261: peers:[s0|rpc:localhost:46195|admin:localhost:44717|client:localhost:42765|dataStream:localhost:39399|priority:0|startupRole:FOLLOWER, s1|rpc:0.0.0.0:46693|dataStream:|priority:0|startupRole:FOLLOWER, s2|rpc:0.0.0.0:36699|dataStream:|priority:0|startupRole:FOLLOWER]|listeners:[], old=null RUNNING
2022-10-13 10:40:59,844 [MiniRaftCluster-9] INFO  server.RaftServer (RaftServerProxy.java:lambda$close$7(412)) - s0: close
2022-10-13 10:40:59,846 [MiniRaftCluster-9] INFO  server.GrpcService (GrpcService.java:closeImpl(319)) - s0: shutdown server org.apache.ratis.grpc.server.GrpcClientProtocolService now
2022-10-13 10:40:59,846 [s0-impl-thread1] INFO  server.RaftServer$Division (RaftServerImpl.java:lambda$close$4(462)) - s0@group-6905249F38B1: shutdown
2022-10-13 10:40:59,846 [s0-impl-thread1] INFO  util.JmxRegister (JmxRegister.java:unregister(73)) - Successfully un-registered JMX Bean with object name Ratis:service=RaftServer,group=group-6905249F38B1,id=s0
2022-10-13 10:40:59,846 [s0-impl-thread1] INFO  impl.RoleInfo (RoleInfo.java:shutdownLeaderState(93)) - s0: shutdown s0@group-6905249F38B1-LeaderStateImpl
2022-10-13 10:40:59,846 [MiniRaftCluster-10] INFO  server.RaftServer (RaftServerProxy.java:lambda$close$7(412)) - s1: close
2022-10-13 10:40:59,846 [s0-impl-thread1] INFO  impl.PendingRequests (PendingRequests.java:sendNotLeaderResponses(282)) - s0@group-6905249F38B1-PendingRequests: sendNotLeaderResponses
2022-10-13 10:40:59,848 [s0-impl-thread1] INFO  impl.StateMachineUpdater (StateMachineUpdater.java:stopAndJoin(154)) - s0@group-6905249F38B1-StateMachineUpdater: set stopIndex = 262
2022-10-13 10:40:59,848 [s0@group-6905249F38B1->s2-GrpcLogAppender-LogAppenderDaemon] WARN  server.GrpcLogAppender (GrpcLogAppender.java:mayWait(199)) - s0@group-6905249F38B1->s2-GrpcLogAppender: Wait interrupted by java.lang.InterruptedException
2022-10-13 10:40:59,848 [s0@group-6905249F38B1->s1-GrpcLogAppender-LogAppenderDaemon] WARN  server.GrpcLogAppender (GrpcLogAppender.java:mayWait(199)) - s0@group-6905249F38B1->s1-GrpcLogAppender: Wait interrupted by java.lang.InterruptedException
2022-10-13 10:40:59,848 [grpc-default-executor-2] INFO  server.GrpcLogAppender (GrpcLogAppender.java:onError(402)) - s0@group-6905249F38B1->s1-GrpcLogAppender is already stopped
2022-10-13 10:40:59,850 [MiniRaftCluster-10] INFO  server.GrpcService (GrpcService.java:closeImpl(319)) - s1: shutdown server GrpcServerProtocolService now
2022-10-13 10:40:59,849 [MiniRaftCluster-11] INFO  server.RaftServer (RaftServerProxy.java:lambda$close$7(412)) - s2: close
2022-10-13 10:40:59,851 [grpc-default-executor-3] INFO  server.GrpcServerProtocolService (GrpcServerProtocolService.java:onCompleted(143)) - s2: Completed APPEND_ENTRIES, lastRequest: s0->s2#174-t2,previous=(t:2, i:261),leaderCommit=261,initializing? true,entries: size=1, first=(t:2, i:262), METADATAENTRY(c:261)
2022-10-13 10:40:59,857 [grpc-default-executor-3] INFO  server.GrpcLogAppender (GrpcLogAppender.java:onCompleted(413)) - s0@group-6905249F38B1->s2-AppendLogResponseHandler: follower responses appendEntries COMPLETED
2022-10-13 10:40:59,857 [grpc-default-executor-3] INFO  leader.FollowerInfo (FollowerInfoImpl.java:lambda$new$0(48)) - s0@group-6905249F38B1->s2: nextIndex: updateUnconditionally 263 -> 262
2022-10-13 10:40:59,857 [MiniRaftCluster-9] INFO  server.GrpcServerProtocolClient (GrpcServerProtocolClient.java:close(111)) - s1 Close channels
2022-10-13 10:40:59,858 [MiniRaftCluster-11] INFO  server.GrpcService (GrpcService.java:closeImpl(319)) - s2: shutdown server GrpcServerProtocolService now
2022-10-13 10:40:59,858 [s2-impl-thread1] INFO  server.RaftServer$Division (RaftServerImpl.java:lambda$close$4(462)) - s2@group-6905249F38B1: shutdown
2022-10-13 10:40:59,858 [s2-impl-thread1] INFO  util.JmxRegister (JmxRegister.java:unregister(73)) - Successfully un-registered JMX Bean with object name Ratis:service=RaftServer,group=group-6905249F38B1,id=s2
2022-10-13 10:40:59,858 [s2-impl-thread1] INFO  impl.RoleInfo (RoleInfo.java:shutdownFollowerState(110)) - s2: shutdown s2@group-6905249F38B1-FollowerState
2022-10-13 10:40:59,858 [s2-impl-thread1] INFO  impl.StateMachineUpdater (StateMachineUpdater.java:stopAndJoin(154)) - s2@group-6905249F38B1-StateMachineUpdater: set stopIndex = 262
2022-10-13 10:40:59,858 [s2@group-6905249F38B1-FollowerState] INFO  impl.FollowerState (FollowerState.java:run(152)) - s2@group-6905249F38B1-FollowerState was interrupted
2022-10-13 10:40:59,860 [grpc-default-executor-3] WARN  server.GrpcServerProtocolService (LogUtils.java:warn(122)) - s1: installSnapshot onError, lastRequest: null: org.apache.ratis.thirdparty.io.grpc.StatusRuntimeException: CANCELLED: client cancelled
2022-10-13 10:40:59,864 [grpc-default-executor-1] WARN  server.GrpcServerProtocolService (LogUtils.java:warn(122)) - s1: installSnapshot onError, lastRequest: null: org.apache.ratis.thirdparty.io.grpc.StatusRuntimeException: CANCELLED: client cancelled
2022-10-13 10:40:59,864 [grpc-default-executor-3] WARN  server.GrpcServerProtocolService (LogUtils.java:warn(122)) - s1: installSnapshot onError, lastRequest: null: org.apache.ratis.thirdparty.io.grpc.StatusRuntimeException: CANCELLED: client cancelled
2022-10-13 10:40:59,864 [grpc-default-executor-1] WARN  server.GrpcServerProtocolService (LogUtils.java:warn(122)) - s1: installSnapshot onError, lastRequest: null: org.apache.ratis.thirdparty.io.grpc.StatusRuntimeException: CANCELLED: client cancelled
2022-10-13 10:40:59,864 [grpc-default-executor-1] WARN  server.GrpcServerProtocolService (LogUtils.java:warn(122)) - s1: installSnapshot onError, lastRequest: null: org.apache.ratis.thirdparty.io.grpc.StatusRuntimeException: CANCELLED: client cancelled
2022-10-13 10:40:59,864 [grpc-default-executor-1] WARN  server.GrpcServerProtocolService (LogUtils.java:warn(122)) - s1: installSnapshot onError, lastRequest: null: org.apache.ratis.thirdparty.io.grpc.StatusRuntimeException: CANCELLED: client cancelled
2022-10-13 10:40:59,865 [grpc-default-executor-0] WARN  server.GrpcServerProtocolService (LogUtils.java:warn(122)) - s1: installSnapshot onError, lastRequest: null: org.apache.ratis.thirdparty.io.grpc.StatusRuntimeException: CANCELLED: client cancelled
2022-10-13 10:40:59,865 [grpc-default-executor-3] WARN  server.GrpcServerProtocolService (LogUtils.java:warn(122)) - s1: installSnapshot onError, lastRequest: null: org.apache.ratis.thirdparty.io.grpc.StatusRuntimeException: CANCELLED: client cancelled
2022-10-13 10:40:59,865 [grpc-default-executor-3] WARN  server.GrpcServerProtocolService (LogUtils.java:warn(122)) - s1: installSnapshot onError, lastRequest: null: org.apache.ratis.thirdparty.io.grpc.StatusRuntimeException: CANCELLED: client cancelled
2022-10-13 10:40:59,865 [grpc-default-executor-0] WARN  server.GrpcServerProtocolService (LogUtils.java:warn(122)) - s1: installSnapshot onError, lastRequest: null: org.apache.ratis.thirdparty.io.grpc.StatusRuntimeException: CANCELLED: client cancelled
2022-10-13 10:40:59,865 [grpc-default-executor-0] WARN  server.GrpcServerProtocolService (LogUtils.java:warn(122)) - s1: installSnapshot onError, lastRequest: null: org.apache.ratis.thirdparty.io.grpc.StatusRuntimeException: CANCELLED: client cancelled
2022-10-13 10:40:59,865 [grpc-default-executor-0] WARN  server.GrpcServerProtocolService (LogUtils.java:warn(122)) - s1: installSnapshot onError, lastRequest: null: org.apache.ratis.thirdparty.io.grpc.StatusRuntimeException: CANCELLED: client cancelled
2022-10-13 10:40:59,865 [grpc-default-executor-0] WARN  server.GrpcServerProtocolService (LogUtils.java:warn(122)) - s1: installSnapshot onError, lastRequest: null: org.apache.ratis.thirdparty.io.grpc.StatusRuntimeException: CANCELLED: client cancelled
2022-10-13 10:40:59,865 [grpc-default-executor-0] WARN  server.GrpcServerProtocolService (LogUtils.java:warn(122)) - s1: installSnapshot onError, lastRequest: null: org.apache.ratis.thirdparty.io.grpc.StatusRuntimeException: CANCELLED: client cancelled
2022-10-13 10:40:59,865 [grpc-default-executor-0] WARN  server.GrpcServerProtocolService (LogUtils.java:warn(122)) - s1: installSnapshot onError, lastRequest: null: org.apache.ratis.thirdparty.io.grpc.StatusRuntimeException: CANCELLED: client cancelled
2022-10-13 10:40:59,865 [grpc-default-executor-0] WARN  server.GrpcServerProtocolService (LogUtils.java:warn(122)) - s1: installSnapshot onError, lastRequest: null: org.apache.ratis.thirdparty.io.grpc.StatusRuntimeException: CANCELLED: client cancelled
2022-10-13 10:40:59,865 [grpc-default-executor-0] WARN  server.GrpcServerProtocolService (LogUtils.java:warn(122)) - s1: installSnapshot onError, lastRequest: null: org.apache.ratis.thirdparty.io.grpc.StatusRuntimeException: CANCELLED: client cancelled
2022-10-13 10:40:59,865 [grpc-default-executor-0] WARN  server.GrpcServerProtocolService (LogUtils.java:warn(122)) - s1: installSnapshot onError, lastRequest: null: org.apache.ratis.thirdparty.io.grpc.StatusRuntimeException: CANCELLED: client cancelled
2022-10-13 10:40:59,865 [grpc-default-executor-0] WARN  server.GrpcServerProtocolService (LogUtils.java:warn(122)) - s1: installSnapshot onError, lastRequest: null: org.apache.ratis.thirdparty.io.grpc.StatusRuntimeException: CANCELLED: client cancelled
2022-10-13 10:40:59,866 [grpc-default-executor-0] WARN  server.GrpcServerProtocolService (LogUtils.java:warn(122)) - s1: installSnapshot onError, lastRequest: null: org.apache.ratis.thirdparty.io.grpc.StatusRuntimeException: CANCELLED: client cancelled
2022-10-13 10:40:59,866 [grpc-default-executor-0] WARN  server.GrpcServerProtocolService (LogUtils.java:warn(122)) - s1: installSnapshot onError, lastRequest: null: org.apache.ratis.thirdparty.io.grpc.StatusRuntimeException: CANCELLED: client cancelled
2022-10-13 10:40:59,866 [grpc-default-executor-0] WARN  server.GrpcServerProtocolService (LogUtils.java:warn(122)) - s1: installSnapshot onError, lastRequest: null: org.apache.ratis.thirdparty.io.grpc.StatusRuntimeException: CANCELLED: client cancelled
2022-10-13 10:40:59,866 [grpc-default-executor-0] WARN  server.GrpcServerProtocolService (LogUtils.java:warn(122)) - s1: installSnapshot onError, lastRequest: null: org.apache.ratis.thirdparty.io.grpc.StatusRuntimeException: CANCELLED: client cancelled
2022-10-13 10:40:59,866 [grpc-default-executor-0] WARN  server.GrpcServerProtocolService (LogUtils.java:warn(122)) - s1: installSnapshot onError, lastRequest: null: org.apache.ratis.thirdparty.io.grpc.StatusRuntimeException: CANCELLED: client cancelled
2022-10-13 10:40:59,866 [grpc-default-executor-0] WARN  server.GrpcServerProtocolService (LogUtils.java:warn(122)) - s1: installSnapshot onError, lastRequest: null: org.apache.ratis.thirdparty.io.grpc.StatusRuntimeException: CANCELLED: client cancelled
2022-10-13 10:40:59,866 [grpc-default-executor-0] WARN  server.GrpcServerProtocolService (LogUtils.java:warn(122)) - s1: installSnapshot onError, lastRequest: null: org.apache.ratis.thirdparty.io.grpc.StatusRuntimeException: CANCELLED: client cancelled
2022-10-13 10:40:59,866 [grpc-default-executor-0] WARN  server.GrpcServerProtocolService (LogUtils.java:warn(122)) - s1: installSnapshot onError, lastRequest: null: org.apache.ratis.thirdparty.io.grpc.StatusRuntimeException: CANCELLED: client cancelled
2022-10-13 10:40:59,866 [grpc-default-executor-0] WARN  server.GrpcServerProtocolService (LogUtils.java:warn(122)) - s1: installSnapshot onError, lastRequest: null: org.apache.ratis.thirdparty.io.grpc.StatusRuntimeException: CANCELLED: client cancelled
2022-10-13 10:40:59,866 [grpc-default-executor-0] WARN  server.GrpcServerProtocolService (LogUtils.java:warn(122)) - s1: installSnapshot onError, lastRequest: null: org.apache.ratis.thirdparty.io.grpc.StatusRuntimeException: CANCELLED: client cancelled
2022-10-13 10:40:59,866 [grpc-default-executor-1] WARN  server.GrpcServerProtocolService (LogUtils.java:warn(122)) - s1: installSnapshot onError, lastRequest: null: org.apache.ratis.thirdparty.io.grpc.StatusRuntimeException: CANCELLED: client cancelled
2022-10-13 10:40:59,866 [grpc-default-executor-3] WARN  server.GrpcServerProtocolService (LogUtils.java:warn(122)) - s1: installSnapshot onError, lastRequest: null: org.apache.ratis.thirdparty.io.grpc.StatusRuntimeException: CANCELLED: client cancelled
2022-10-13 10:40:59,866 [grpc-default-executor-1] WARN  server.GrpcServerProtocolService (LogUtils.java:warn(122)) - s1: installSnapshot onError, lastRequest: null: org.apache.ratis.thirdparty.io.grpc.StatusRuntimeException: CANCELLED: client cancelled
2022-10-13 10:40:59,867 [grpc-default-executor-0] WARN  server.GrpcServerProtocolService (LogUtils.java:warn(122)) - s1: installSnapshot onError, lastRequest: null: org.apache.ratis.thirdparty.io.grpc.StatusRuntimeException: CANCELLED: client cancelled
2022-10-13 10:40:59,867 [grpc-default-executor-4] WARN  server.GrpcServerProtocolService (LogUtils.java:warn(122)) - s1: installSnapshot onError, lastRequest: null: org.apache.ratis.thirdparty.io.grpc.StatusRuntimeException: CANCELLED: client cancelled
2022-10-13 10:40:59,867 [grpc-default-executor-3] WARN  server.GrpcServerProtocolService (LogUtils.java:warn(122)) - s1: installSnapshot onError, lastRequest: null: org.apache.ratis.thirdparty.io.grpc.StatusRuntimeException: CANCELLED: client cancelled
2022-10-13 10:40:59,867 [grpc-default-executor-4] WARN  server.GrpcServerProtocolService (LogUtils.java:warn(122)) - s1: installSnapshot onError, lastRequest: null: org.apache.ratis.thirdparty.io.grpc.StatusRuntimeException: CANCELLED: client cancelled
2022-10-13 10:40:59,867 [grpc-default-executor-1] WARN  server.GrpcServerProtocolService (LogUtils.java:warn(122)) - s1: installSnapshot onError, lastRequest: null: org.apache.ratis.thirdparty.io.grpc.StatusRuntimeException: CANCELLED: client cancelled
2022-10-13 10:40:59,867 [grpc-default-executor-3] WARN  server.GrpcServerProtocolService (LogUtils.java:warn(122)) - s1: installSnapshot onError, lastRequest: null: org.apache.ratis.thirdparty.io.grpc.StatusRuntimeException: CANCELLED: client cancelled
2022-10-13 10:40:59,867 [grpc-default-executor-1] WARN  server.GrpcServerProtocolService (LogUtils.java:warn(122)) - s1: installSnapshot onError, lastRequest: null: org.apache.ratis.thirdparty.io.grpc.StatusRuntimeException: CANCELLED: client cancelled
2022-10-13 10:40:59,867 [grpc-default-executor-3] WARN  server.GrpcServerProtocolService (LogUtils.java:warn(122)) - s1: installSnapshot onError, lastRequest: null: org.apache.ratis.thirdparty.io.grpc.StatusRuntimeException: CANCELLED: client cancelled
2022-10-13 10:40:59,867 [grpc-default-executor-4] WARN  server.GrpcServerProtocolService (LogUtils.java:warn(122)) - s1: installSnapshot onError, lastRequest: null: org.apache.ratis.thirdparty.io.grpc.StatusRuntimeException: CANCELLED: client cancelled
2022-10-13 10:40:59,867 [grpc-default-executor-1] WARN  server.GrpcServerProtocolService (LogUtils.java:warn(122)) - s1: installSnapshot onError, lastRequest: null: org.apache.ratis.thirdparty.io.grpc.StatusRuntimeException: CANCELLED: client cancelled
2022-10-13 10:40:59,867 [grpc-default-executor-3] WARN  server.GrpcServerProtocolService (LogUtils.java:warn(122)) - s1: installSnapshot onError, lastRequest: null: org.apache.ratis.thirdparty.io.grpc.StatusRuntimeException: CANCELLED: client cancelled
2022-10-13 10:40:59,867 [grpc-default-executor-1] WARN  server.GrpcServerProtocolService (LogUtils.java:warn(122)) - s1: installSnapshot onError, lastRequest: null: org.apache.ratis.thirdparty.io.grpc.StatusRuntimeException: CANCELLED: client cancelled
2022-10-13 10:40:59,867 [grpc-default-executor-4] WARN  server.GrpcServerProtocolService (LogUtils.java:warn(122)) - s1: installSnapshot onError, lastRequest: null: org.apache.ratis.thirdparty.io.grpc.StatusRuntimeException: CANCELLED: client cancelled
2022-10-13 10:40:59,867 [grpc-default-executor-4] WARN  server.GrpcServerProtocolService (LogUtils.java:warn(122)) - s1: installSnapshot onError, lastRequest: null: org.apache.ratis.thirdparty.io.grpc.StatusRuntimeException: CANCELLED: client cancelled
2022-10-13 10:40:59,868 [grpc-default-executor-4] WARN  server.GrpcServerProtocolService (LogUtils.java:warn(122)) - s1: installSnapshot onError, lastRequest: null: org.apache.ratis.thirdparty.io.grpc.StatusRuntimeException: CANCELLED: client cancelled
2022-10-13 10:40:59,868 [grpc-default-executor-4] WARN  server.GrpcServerProtocolService (LogUtils.java:warn(122)) - s1: installSnapshot onError, lastRequest: null: org.apache.ratis.thirdparty.io.grpc.StatusRuntimeException: CANCELLED: client cancelled
2022-10-13 10:40:59,868 [grpc-default-executor-4] WARN  server.GrpcServerProtocolService (LogUtils.java:warn(122)) - s1: installSnapshot onError, lastRequest: null: org.apache.ratis.thirdparty.io.grpc.StatusRuntimeException: CANCELLED: client cancelled
2022-10-13 10:40:59,868 [grpc-default-executor-4] WARN  server.GrpcServerProtocolService (LogUtils.java:warn(122)) - s1: installSnapshot onError, lastRequest: null: org.apache.ratis.thirdparty.io.grpc.StatusRuntimeException: CANCELLED: client cancelled
2022-10-13 10:40:59,868 [grpc-default-executor-4] WARN  server.GrpcServerProtocolService (LogUtils.java:warn(122)) - s1: installSnapshot onError, lastRequest: null: org.apache.ratis.thirdparty.io.grpc.StatusRuntimeException: CANCELLED: client cancelled
2022-10-13 10:40:59,868 [grpc-default-executor-4] WARN  server.GrpcServerProtocolService (LogUtils.java:warn(122)) - s1: installSnapshot onError, lastRequest: null: org.apache.ratis.thirdparty.io.grpc.StatusRuntimeException: CANCELLED: client cancelled
2022-10-13 10:40:59,868 [grpc-default-executor-4] WARN  server.GrpcServerProtocolService (LogUtils.java:warn(122)) - s1: installSnapshot onError, lastRequest: null: org.apache.ratis.thirdparty.io.grpc.StatusRuntimeException: CANCELLED: client cancelled
2022-10-13 10:40:59,868 [grpc-default-executor-4] WARN  server.GrpcServerProtocolService (LogUtils.java:warn(122)) - s1: installSnapshot onError, lastRequest: null: org.apache.ratis.thirdparty.io.grpc.StatusRuntimeException: CANCELLED: client cancelled
2022-10-13 10:40:59,868 [grpc-default-executor-4] WARN  server.GrpcServerProtocolService (LogUtils.java:warn(122)) - s1: installSnapshot onError, lastRequest: null: org.apache.ratis.thirdparty.io.grpc.StatusRuntimeException: CANCELLED: client cancelled
2022-10-13 10:40:59,868 [grpc-default-executor-4] WARN  server.GrpcServerProtocolService (LogUtils.java:warn(122)) - s1: installSnapshot onError, lastRequest: null: org.apache.ratis.thirdparty.io.grpc.StatusRuntimeException: CANCELLED: client cancelled
2022-10-13 10:40:59,868 [grpc-default-executor-4] WARN  server.GrpcServerProtocolService (LogUtils.java:warn(122)) - s1: installSnapshot onError, lastRequest: null: org.apache.ratis.thirdparty.io.grpc.StatusRuntimeException: CANCELLED: client cancelled
2022-10-13 10:40:59,868 [grpc-default-executor-4] WARN  server.GrpcServerProtocolService (LogUtils.java:warn(122)) - s1: installSnapshot onError, lastRequest: null: org.apache.ratis.thirdparty.io.grpc.StatusRuntimeException: CANCELLED: client cancelled
2022-10-13 10:40:59,868 [grpc-default-executor-4] WARN  server.GrpcServerProtocolService (LogUtils.java:warn(122)) - s1: installSnapshot onError, lastRequest: null: org.apache.ratis.thirdparty.io.grpc.StatusRuntimeException: CANCELLED: client cancelled
2022-10-13 10:40:59,869 [grpc-default-executor-4] WARN  server.GrpcServerProtocolService (LogUtils.java:warn(122)) - s1: installSnapshot onError, lastRequest: null: org.apache.ratis.thirdparty.io.grpc.StatusRuntimeException: CANCELLED: client cancelled
2022-10-13 10:40:59,869 [grpc-default-executor-4] WARN  server.GrpcServerProtocolService (LogUtils.java:warn(122)) - s1: installSnapshot onError, lastRequest: null: org.apache.ratis.thirdparty.io.grpc.StatusRuntimeException: CANCELLED: client cancelled
2022-10-13 10:40:59,869 [grpc-default-executor-4] WARN  server.GrpcServerProtocolService (LogUtils.java:warn(122)) - s1: installSnapshot onError, lastRequest: null: org.apache.ratis.thirdparty.io.grpc.StatusRuntimeException: CANCELLED: client cancelled
2022-10-13 10:40:59,869 [grpc-default-executor-4] WARN  server.GrpcServerProtocolService (LogUtils.java:warn(122)) - s1: installSnapshot onError, lastRequest: null: org.apache.ratis.thirdparty.io.grpc.StatusRuntimeException: CANCELLED: client cancelled
2022-10-13 10:40:59,869 [grpc-default-executor-4] WARN  server.GrpcServerProtocolService (LogUtils.java:warn(122)) - s1: installSnapshot onError, lastRequest: null: org.apache.ratis.thirdparty.io.grpc.StatusRuntimeException: CANCELLED: client cancelled
2022-10-13 10:40:59,869 [grpc-default-executor-4] WARN  server.GrpcServerProtocolService (LogUtils.java:warn(122)) - s1: installSnapshot onError, lastRequest: null: org.apache.ratis.thirdparty.io.grpc.StatusRuntimeException: CANCELLED: client cancelled
2022-10-13 10:40:59,869 [grpc-default-executor-4] WARN  server.GrpcServerProtocolService (LogUtils.java:warn(122)) - s1: installSnapshot onError, lastRequest: null: org.apache.ratis.thirdparty.io.grpc.StatusRuntimeException: CANCELLED: client cancelled
2022-10-13 10:40:59,869 [grpc-default-executor-4] WARN  server.GrpcServerProtocolService (LogUtils.java:warn(122)) - s1: installSnapshot onError, lastRequest: null: org.apache.ratis.thirdparty.io.grpc.StatusRuntimeException: CANCELLED: client cancelled
2022-10-13 10:40:59,869 [grpc-default-executor-4] WARN  server.GrpcServerProtocolService (LogUtils.java:warn(122)) - s1: installSnapshot onError, lastRequest: null: org.apache.ratis.thirdparty.io.grpc.StatusRuntimeException: CANCELLED: client cancelled
2022-10-13 10:40:59,869 [grpc-default-executor-4] WARN  server.GrpcServerProtocolService (LogUtils.java:warn(122)) - s1: installSnapshot onError, lastRequest: null: org.apache.ratis.thirdparty.io.grpc.StatusRuntimeException: CANCELLED: client cancelled
2022-10-13 10:40:59,869 [grpc-default-executor-4] WARN  server.GrpcServerProtocolService (LogUtils.java:warn(122)) - s1: installSnapshot onError, lastRequest: null: org.apache.ratis.thirdparty.io.grpc.StatusRuntimeException: CANCELLED: client cancelled
2022-10-13 10:40:59,869 [grpc-default-executor-4] WARN  server.GrpcServerProtocolService (LogUtils.java:warn(122)) - s1: installSnapshot onError, lastRequest: null: org.apache.ratis.thirdparty.io.grpc.StatusRuntimeException: CANCELLED: client cancelled
2022-10-13 10:40:59,869 [grpc-default-executor-4] WARN  server.GrpcServerProtocolService (LogUtils.java:warn(122)) - s1: installSnapshot onError, lastRequest: null: org.apache.ratis.thirdparty.io.grpc.StatusRuntimeException: CANCELLED: client cancelled
2022-10-13 10:40:59,869 [grpc-default-executor-4] WARN  server.GrpcServerProtocolService (LogUtils.java:warn(122)) - s1: installSnapshot onError, lastRequest: null: org.apache.ratis.thirdparty.io.grpc.StatusRuntimeException: CANCELLED: client cancelled
2022-10-13 10:40:59,870 [grpc-default-executor-3] WARN  server.GrpcServerProtocolService (LogUtils.java:warn(122)) - s1: installSnapshot onError, lastRequest: null: org.apache.ratis.thirdparty.io.grpc.StatusRuntimeException: CANCELLED: client cancelled
2022-10-13 10:40:59,871 [grpc-default-executor-3] WARN  server.GrpcServerProtocolService (LogUtils.java:warn(122)) - s1: installSnapshot onError, lastRequest: null: org.apache.ratis.thirdparty.io.grpc.StatusRuntimeException: CANCELLED: client cancelled
2022-10-13 10:40:59,874 [grpc-default-executor-3] WARN  server.GrpcServerProtocolService (LogUtils.java:warn(122)) - s1: installSnapshot onError, lastRequest: null: org.apache.ratis.thirdparty.io.grpc.StatusRuntimeException: CANCELLED: client cancelled
2022-10-13 10:40:59,874 [grpc-default-executor-4] WARN  server.GrpcServerProtocolService (LogUtils.java:warn(122)) - s1: installSnapshot onError, lastRequest: null: org.apache.ratis.thirdparty.io.grpc.StatusRuntimeException: CANCELLED: client cancelled
2022-10-13 10:40:59,875 [s2@group-6905249F38B1-StateMachineUpdater] INFO  impl.StateMachineUpdater (StateMachineUpdater.java:takeSnapshot(290)) - s2@group-6905249F38B1-StateMachineUpdater: Took a snapshot at index 262
2022-10-13 10:40:59,875 [s2@group-6905249F38B1-StateMachineUpdater] INFO  impl.StateMachineUpdater (StateMachineUpdater.java:lambda$new$0(96)) - s2@group-6905249F38B1-StateMachineUpdater: snapshotIndex: updateIncreasingly 254 -> 262
2022-10-13 10:40:59,875 [s2@group-6905249F38B1-StateMachineUpdater] INFO  raftlog.RaftLog (RaftLogBase.java:purge(314)) - s2@group-6905249F38B1-SegmentedRaftLog: purge 254
2022-10-13 10:40:59,875 [grpc-default-executor-1] WARN  server.GrpcServerProtocolService (LogUtils.java:warn(122)) - s1: installSnapshot onError, lastRequest: null: org.apache.ratis.thirdparty.io.grpc.StatusRuntimeException: CANCELLED: client cancelled
2022-10-13 10:40:59,875 [grpc-default-executor-1] WARN  server.GrpcServerProtocolService (LogUtils.java:warn(122)) - s1: installSnapshot onError, lastRequest: null: org.apache.ratis.thirdparty.io.grpc.StatusRuntimeException: CANCELLED: client cancelled
2022-10-13 10:40:59,875 [grpc-default-executor-1] WARN  server.GrpcServerProtocolService (LogUtils.java:warn(122)) - s1: installSnapshot onError, lastRequest: null: org.apache.ratis.thirdparty.io.grpc.StatusRuntimeException: CANCELLED: client cancelled
2022-10-13 10:40:59,875 [grpc-default-executor-1] WARN  server.GrpcServerProtocolService (LogUtils.java:warn(122)) - s1: installSnapshot onError, lastRequest: null: org.apache.ratis.thirdparty.io.grpc.StatusRuntimeException: CANCELLED: client cancelled
2022-10-13 10:40:59,875 [grpc-default-executor-1] WARN  server.GrpcServerProtocolService (LogUtils.java:warn(122)) - s1: installSnapshot onError, lastRequest: null: org.apache.ratis.thirdparty.io.grpc.StatusRuntimeException: CANCELLED: client cancelled
2022-10-13 10:40:59,875 [grpc-default-executor-1] WARN  server.GrpcServerProtocolService (LogUtils.java:warn(122)) - s1: installSnapshot onError, lastRequest: null: org.apache.ratis.thirdparty.io.grpc.StatusRuntimeException: CANCELLED: client cancelled
2022-10-13 10:40:59,875 [grpc-default-executor-1] WARN  server.GrpcServerProtocolService (LogUtils.java:warn(122)) - s1: installSnapshot onError, lastRequest: null: org.apache.ratis.thirdparty.io.grpc.StatusRuntimeException: CANCELLED: client cancelled
2022-10-13 10:40:59,875 [grpc-default-executor-1] WARN  server.GrpcServerProtocolService (LogUtils.java:warn(122)) - s1: installSnapshot onError, lastRequest: null: org.apache.ratis.thirdparty.io.grpc.StatusRuntimeException: CANCELLED: client cancelled
2022-10-13 10:40:59,876 [grpc-default-executor-1] WARN  server.GrpcServerProtocolService (LogUtils.java:warn(122)) - s1: installSnapshot onError, lastRequest: null: org.apache.ratis.thirdparty.io.grpc.StatusRuntimeException: CANCELLED: client cancelled
2022-10-13 10:40:59,876 [grpc-default-executor-1] WARN  server.GrpcServerProtocolService (LogUtils.java:warn(122)) - s1: installSnapshot onError, lastRequest: null: org.apache.ratis.thirdparty.io.grpc.StatusRuntimeException: CANCELLED: client cancelled
2022-10-13 10:40:59,876 [grpc-default-executor-1] WARN  server.GrpcServerProtocolService (LogUtils.java:warn(122)) - s1: installSnapshot onError, lastRequest: null: org.apache.ratis.thirdparty.io.grpc.StatusRuntimeException: CANCELLED: client cancelled
2022-10-13 10:40:59,876 [grpc-default-executor-1] WARN  server.GrpcServerProtocolService (LogUtils.java:warn(122)) - s1: installSnapshot onError, lastRequest: null: org.apache.ratis.thirdparty.io.grpc.StatusRuntimeException: CANCELLED: client cancelled
2022-10-13 10:40:59,876 [grpc-default-executor-1] WARN  server.GrpcServerProtocolService (LogUtils.java:warn(122)) - s1: installSnapshot onError, lastRequest: null: org.apache.ratis.thirdparty.io.grpc.StatusRuntimeException: CANCELLED: client cancelled
2022-10-13 10:40:59,876 [grpc-default-executor-1] WARN  server.GrpcServerProtocolService (LogUtils.java:warn(122)) - s1: installSnapshot onError, lastRequest: null: org.apache.ratis.thirdparty.io.grpc.StatusRuntimeException: CANCELLED: client cancelled
2022-10-13 10:40:59,876 [grpc-default-executor-1] WARN  server.GrpcServerProtocolService (LogUtils.java:warn(122)) - s1: installSnapshot onError, lastRequest: null: org.apache.ratis.thirdparty.io.grpc.StatusRuntimeException: CANCELLED: client cancelled
2022-10-13 10:40:59,877 [s0@group-6905249F38B1-StateMachineUpdater] INFO  impl.StateMachineUpdater (StateMachineUpdater.java:takeSnapshot(290)) - s0@group-6905249F38B1-StateMachineUpdater: Took a snapshot at index 262
2022-10-13 10:40:59,877 [s0@group-6905249F38B1-StateMachineUpdater] INFO  impl.StateMachineUpdater (StateMachineUpdater.java:lambda$new$0(96)) - s0@group-6905249F38B1-StateMachineUpdater: snapshotIndex: updateIncreasingly 254 -> 262
2022-10-13 10:40:59,877 [s0@group-6905249F38B1-StateMachineUpdater] INFO  raftlog.RaftLog (RaftLogBase.java:purge(314)) - s0@group-6905249F38B1-SegmentedRaftLog: purge 262
2022-10-13 10:40:59,877 [s0@group-6905249F38B1-StateMachineUpdater] INFO  raftlog.RaftLog (RaftLogBase.java:lambda$new$0(53)) - s0@group-6905249F38B1-SegmentedRaftLog: snapshotIndex: updateIncreasingly 254 -> 262
2022-10-13 10:40:59,877 [s0@group-6905249F38B1-StateMachineUpdater] DEBUG raftlog.RaftLog (SegmentedRaftLog.java:purgeImpl(366)) - purging segments:null
2022-10-13 10:40:59,877 [s0@group-6905249F38B1-StateMachineUpdater] INFO  raftlog.RaftLog (RaftLogBase.java:lambda$new$0(53)) - s0@group-6905249F38B1-SegmentedRaftLog: purgeIndex: updateToMax old=-1, new=262, updated? true
2022-10-13 10:40:59,877 [s0-impl-thread1] INFO  server.RaftServer$Division (ServerState.java:close(412)) - s0@group-6905249F38B1: applyIndex: 262
2022-10-13 10:40:59,877 [s0@group-6905249F38B1-SegmentedRaftLogWorker] INFO  segmented.SegmentedRaftLogWorker (SegmentedRaftLogWorker.java:run(333)) - s0@group-6905249F38B1-SegmentedRaftLogWorker was interrupted, exiting. There are 0 tasks remaining in the queue.
2022-10-13 10:40:59,881 [s0-impl-thread1] INFO  segmented.SegmentedRaftLogWorker (SegmentedRaftLogWorker.java:close(246)) - s0@group-6905249F38B1-SegmentedRaftLogWorker close()
2022-10-13 10:40:59,881 [s2@group-6905249F38B1-StateMachineUpdater] INFO  raftlog.RaftLog (RaftLogBase.java:lambda$new$0(53)) - s2@group-6905249F38B1-SegmentedRaftLog: snapshotIndex: updateIncreasingly 254 -> 262
2022-10-13 10:40:59,881 [s2@group-6905249F38B1-StateMachineUpdater] DEBUG raftlog.RaftLog (SegmentedRaftLog.java:purgeImpl(366)) - purging segments:null
2022-10-13 10:40:59,881 [s2@group-6905249F38B1-StateMachineUpdater] INFO  raftlog.RaftLog (RaftLogBase.java:lambda$new$0(53)) - s2@group-6905249F38B1-SegmentedRaftLog: purgeIndex: updateToMax old=-1, new=254, updated? true
2022-10-13 10:40:59,881 [grpc-default-executor-1] WARN  server.GrpcServerProtocolService (LogUtils.java:warn(122)) - s1: installSnapshot onError, lastRequest: null: org.apache.ratis.thirdparty.io.grpc.StatusRuntimeException: CANCELLED: client cancelled
2022-10-13 10:40:59,882 [grpc-default-executor-1] WARN  server.GrpcServerProtocolService (LogUtils.java:warn(122)) - s1: installSnapshot onError, lastRequest: null: org.apache.ratis.thirdparty.io.grpc.StatusRuntimeException: CANCELLED: client cancelled
2022-10-13 10:40:59,882 [s2-impl-thread1] INFO  server.RaftServer$Division (ServerState.java:close(412)) - s2@group-6905249F38B1: applyIndex: 262
2022-10-13 10:40:59,882 [s2@group-6905249F38B1-SegmentedRaftLogWorker] INFO  segmented.SegmentedRaftLogWorker (SegmentedRaftLogWorker.java:run(333)) - s2@group-6905249F38B1-SegmentedRaftLogWorker was interrupted, exiting. There are 0 tasks remaining in the queue.
2022-10-13 10:40:59,883 [s2-impl-thread1] INFO  segmented.SegmentedRaftLogWorker (SegmentedRaftLogWorker.java:close(246)) - s2@group-6905249F38B1-SegmentedRaftLogWorker close()
2022-10-13 10:40:59,887 [grpc-default-executor-1] WARN  server.GrpcServerProtocolService (LogUtils.java:warn(122)) - s1: installSnapshot onError, lastRequest: null: org.apache.ratis.thirdparty.io.grpc.StatusRuntimeException: CANCELLED: client cancelled
2022-10-13 10:40:59,887 [grpc-default-executor-1] WARN  server.GrpcServerProtocolService (LogUtils.java:warn(122)) - s1: installSnapshot onError, lastRequest: null: org.apache.ratis.thirdparty.io.grpc.StatusRuntimeException: CANCELLED: client cancelled
2022-10-13 10:40:59,887 [grpc-default-executor-1] WARN  server.GrpcServerProtocolService (LogUtils.java:warn(122)) - s1: installSnapshot onError, lastRequest: null: org.apache.ratis.thirdparty.io.grpc.StatusRuntimeException: CANCELLED: client cancelled
2022-10-13 10:40:59,887 [grpc-default-executor-1] WARN  server.GrpcServerProtocolService (LogUtils.java:warn(122)) - s1: installSnapshot onError, lastRequest: null: org.apache.ratis.thirdparty.io.grpc.StatusRuntimeException: CANCELLED: client cancelled
2022-10-13 10:40:59,887 [grpc-default-executor-1] WARN  server.GrpcServerProtocolService (LogUtils.java:warn(122)) - s1: installSnapshot onError, lastRequest: null: org.apache.ratis.thirdparty.io.grpc.StatusRuntimeException: CANCELLED: client cancelled
2022-10-13 10:40:59,887 [grpc-default-executor-1] WARN  server.GrpcServerProtocolService (LogUtils.java:warn(122)) - s1: installSnapshot onError, lastRequest: null: org.apache.ratis.thirdparty.io.grpc.StatusRuntimeException: CANCELLED: client cancelled
2022-10-13 10:40:59,887 [grpc-default-executor-1] WARN  server.GrpcServerProtocolService (LogUtils.java:warn(122)) - s1: installSnapshot onError, lastRequest: null: org.apache.ratis.thirdparty.io.grpc.StatusRuntimeException: CANCELLED: client cancelled
2022-10-13 10:40:59,888 [grpc-default-executor-1] WARN  server.GrpcServerProtocolService (LogUtils.java:warn(122)) - s1: installSnapshot onError, lastRequest: null: org.apache.ratis.thirdparty.io.grpc.StatusRuntimeException: CANCELLED: client cancelled
2022-10-13 10:40:59,888 [grpc-default-executor-1] WARN  server.GrpcServerProtocolService (LogUtils.java:warn(122)) - s1: installSnapshot onError, lastRequest: null: org.apache.ratis.thirdparty.io.grpc.StatusRuntimeException: CANCELLED: client cancelled
2022-10-13 10:40:59,888 [grpc-default-executor-1] WARN  server.GrpcServerProtocolService (LogUtils.java:warn(122)) - s1: installSnapshot onError, lastRequest: null: org.apache.ratis.thirdparty.io.grpc.StatusRuntimeException: CANCELLED: client cancelled
2022-10-13 10:40:59,888 [grpc-default-executor-1] WARN  server.GrpcServerProtocolService (LogUtils.java:warn(122)) - s1: installSnapshot onError, lastRequest: null: org.apache.ratis.thirdparty.io.grpc.StatusRuntimeException: CANCELLED: client cancelled
2022-10-13 10:40:59,888 [grpc-default-executor-1] WARN  server.GrpcServerProtocolService (LogUtils.java:warn(122)) - s1: installSnapshot onError, lastRequest: null: org.apache.ratis.thirdparty.io.grpc.StatusRuntimeException: CANCELLED: client cancelled
2022-10-13 10:40:59,888 [grpc-default-executor-1] WARN  server.GrpcServerProtocolService (LogUtils.java:warn(122)) - s1: installSnapshot onError, lastRequest: null: org.apache.ratis.thirdparty.io.grpc.StatusRuntimeException: CANCELLED: client cancelled
2022-10-13 10:40:59,888 [grpc-default-executor-1] WARN  server.GrpcServerProtocolService (LogUtils.java:warn(122)) - s1: installSnapshot onError, lastRequest: null: org.apache.ratis.thirdparty.io.grpc.StatusRuntimeException: CANCELLED: client cancelled
2022-10-13 10:40:59,888 [grpc-default-executor-1] WARN  server.GrpcServerProtocolService (LogUtils.java:warn(122)) - s1: installSnapshot onError, lastRequest: null: org.apache.ratis.thirdparty.io.grpc.StatusRuntimeException: CANCELLED: client cancelled
2022-10-13 10:40:59,888 [grpc-default-executor-1] WARN  server.GrpcServerProtocolService (LogUtils.java:warn(122)) - s1: installSnapshot onError, lastRequest: null: org.apache.ratis.thirdparty.io.grpc.StatusRuntimeException: CANCELLED: client cancelled
2022-10-13 10:40:59,888 [grpc-default-executor-1] WARN  server.GrpcServerProtocolService (LogUtils.java:warn(122)) - s1: installSnapshot onError, lastRequest: null: org.apache.ratis.thirdparty.io.grpc.StatusRuntimeException: CANCELLED: client cancelled
2022-10-13 10:40:59,888 [grpc-default-executor-1] WARN  server.GrpcServerProtocolService (LogUtils.java:warn(122)) - s1: installSnapshot onError, lastRequest: null: org.apache.ratis.thirdparty.io.grpc.StatusRuntimeException: CANCELLED: client cancelled
2022-10-13 10:40:59,888 [grpc-default-executor-1] WARN  server.GrpcServerProtocolService (LogUtils.java:warn(122)) - s1: installSnapshot onError, lastRequest: null: org.apache.ratis.thirdparty.io.grpc.StatusRuntimeException: CANCELLED: client cancelled
2022-10-13 10:40:59,888 [grpc-default-executor-1] WARN  server.GrpcServerProtocolService (LogUtils.java:warn(122)) - s1: installSnapshot onError, lastRequest: null: org.apache.ratis.thirdparty.io.grpc.StatusRuntimeException: CANCELLED: client cancelled
2022-10-13 10:40:59,889 [grpc-default-executor-4] WARN  server.GrpcServerProtocolService (LogUtils.java:warn(122)) - s1: installSnapshot onError, lastRequest: null: org.apache.ratis.thirdparty.io.grpc.StatusRuntimeException: CANCELLED: client cancelled
2022-10-13 10:40:59,889 [grpc-default-executor-1] WARN  server.GrpcServerProtocolService (LogUtils.java:warn(122)) - s1: installSnapshot onError, lastRequest: null: org.apache.ratis.thirdparty.io.grpc.StatusRuntimeException: CANCELLED: client cancelled
2022-10-13 10:40:59,889 [grpc-default-executor-4] WARN  server.GrpcServerProtocolService (LogUtils.java:warn(122)) - s1: installSnapshot onError, lastRequest: null: org.apache.ratis.thirdparty.io.grpc.StatusRuntimeException: CANCELLED: client cancelled
2022-10-13 10:40:59,889 [grpc-default-executor-4] WARN  server.GrpcServerProtocolService (LogUtils.java:warn(122)) - s1: installSnapshot onError, lastRequest: null: org.apache.ratis.thirdparty.io.grpc.StatusRuntimeException: CANCELLED: client cancelled
2022-10-13 10:40:59,889 [grpc-default-executor-1] WARN  server.GrpcServerProtocolService (LogUtils.java:warn(122)) - s1: installSnapshot onError, lastRequest: null: org.apache.ratis.thirdparty.io.grpc.StatusRuntimeException: CANCELLED: client cancelled
2022-10-13 10:40:59,889 [grpc-default-executor-4] WARN  server.GrpcServerProtocolService (LogUtils.java:warn(122)) - s1: installSnapshot onError, lastRequest: null: org.apache.ratis.thirdparty.io.grpc.StatusRuntimeException: CANCELLED: client cancelled
2022-10-13 10:40:59,889 [grpc-default-executor-4] WARN  server.GrpcServerProtocolService (LogUtils.java:warn(122)) - s1: installSnapshot onError, lastRequest: null: org.apache.ratis.thirdparty.io.grpc.StatusRuntimeException: CANCELLED: client cancelled
2022-10-13 10:40:59,889 [grpc-default-executor-1] WARN  server.GrpcServerProtocolService (LogUtils.java:warn(122)) - s1: installSnapshot onError, lastRequest: null: org.apache.ratis.thirdparty.io.grpc.StatusRuntimeException: CANCELLED: client cancelled
2022-10-13 10:40:59,889 [grpc-default-executor-4] WARN  server.GrpcServerProtocolService (LogUtils.java:warn(122)) - s1: installSnapshot onError, lastRequest: null: org.apache.ratis.thirdparty.io.grpc.StatusRuntimeException: CANCELLED: client cancelled
2022-10-13 10:40:59,889 [grpc-default-executor-4] WARN  server.GrpcServerProtocolService (LogUtils.java:warn(122)) - s1: installSnapshot onError, lastRequest: null: org.apache.ratis.thirdparty.io.grpc.StatusRuntimeException: CANCELLED: client cancelled
2022-10-13 10:40:59,889 [grpc-default-executor-1] WARN  server.GrpcServerProtocolService (LogUtils.java:warn(122)) - s1: installSnapshot onError, lastRequest: null: org.apache.ratis.thirdparty.io.grpc.StatusRuntimeException: CANCELLED: client cancelled
2022-10-13 10:40:59,889 [grpc-default-executor-4] WARN  server.GrpcServerProtocolService (LogUtils.java:warn(122)) - s1: installSnapshot onError, lastRequest: null: org.apache.ratis.thirdparty.io.grpc.StatusRuntimeException: CANCELLED: client cancelled
2022-10-13 10:40:59,889 [grpc-default-executor-4] WARN  server.GrpcServerProtocolService (LogUtils.java:warn(122)) - s1: installSnapshot onError, lastRequest: null: org.apache.ratis.thirdparty.io.grpc.StatusRuntimeException: CANCELLED: client cancelled
2022-10-13 10:40:59,890 [grpc-default-executor-1] WARN  server.GrpcServerProtocolService (LogUtils.java:warn(122)) - s1: installSnapshot onError, lastRequest: null: org.apache.ratis.thirdparty.io.grpc.StatusRuntimeException: CANCELLED: client cancelled
2022-10-13 10:40:59,890 [grpc-default-executor-4] WARN  server.GrpcServerProtocolService (LogUtils.java:warn(122)) - s1: installSnapshot onError, lastRequest: null: org.apache.ratis.thirdparty.io.grpc.StatusRuntimeException: CANCELLED: client cancelled
2022-10-13 10:40:59,890 [grpc-default-executor-1] WARN  server.GrpcServerProtocolService (LogUtils.java:warn(122)) - s1: installSnapshot onError, lastRequest: null: org.apache.ratis.thirdparty.io.grpc.StatusRuntimeException: CANCELLED: client cancelled
2022-10-13 10:40:59,890 [grpc-default-executor-4] WARN  server.GrpcServerProtocolService (LogUtils.java:warn(122)) - s1: installSnapshot onError, lastRequest: null: org.apache.ratis.thirdparty.io.grpc.StatusRuntimeException: CANCELLED: client cancelled
2022-10-13 10:40:59,890 [grpc-default-executor-4] WARN  server.GrpcServerProtocolService (LogUtils.java:warn(122)) - s1: installSnapshot onError, lastRequest: null: org.apache.ratis.thirdparty.io.grpc.StatusRuntimeException: CANCELLED: client cancelled
2022-10-13 10:40:59,890 [grpc-default-executor-1] WARN  server.GrpcServerProtocolService (LogUtils.java:warn(122)) - s1: installSnapshot onError, lastRequest: null: org.apache.ratis.thirdparty.io.grpc.StatusRuntimeException: CANCELLED: client cancelled
2022-10-13 10:40:59,890 [grpc-default-executor-4] WARN  server.GrpcServerProtocolService (LogUtils.java:warn(122)) - s1: installSnapshot onError, lastRequest: null: org.apache.ratis.thirdparty.io.grpc.StatusRuntimeException: CANCELLED: client cancelled
2022-10-13 10:40:59,890 [grpc-default-executor-1] WARN  server.GrpcServerProtocolService (LogUtils.java:warn(122)) - s1: installSnapshot onError, lastRequest: null: org.apache.ratis.thirdparty.io.grpc.StatusRuntimeException: CANCELLED: client cancelled
2022-10-13 10:40:59,890 [grpc-default-executor-4] WARN  server.GrpcServerProtocolService (LogUtils.java:warn(122)) - s1: installSnapshot onError, lastRequest: null: org.apache.ratis.thirdparty.io.grpc.StatusRuntimeException: CANCELLED: client cancelled
2022-10-13 10:40:59,890 [grpc-default-executor-1] WARN  server.GrpcServerProtocolService (LogUtils.java:warn(122)) - s1: installSnapshot onError, lastRequest: null: org.apache.ratis.thirdparty.io.grpc.StatusRuntimeException: CANCELLED: client cancelled
2022-10-13 10:40:59,891 [grpc-default-executor-4] WARN  server.GrpcServerProtocolService (LogUtils.java:warn(122)) - s1: installSnapshot onError, lastRequest: null: org.apache.ratis.thirdparty.io.grpc.StatusRuntimeException: CANCELLED: client cancelled
2022-10-13 10:40:59,891 [grpc-default-executor-1] WARN  server.GrpcServerProtocolService (LogUtils.java:warn(122)) - s1: installSnapshot onError, lastRequest: null: org.apache.ratis.thirdparty.io.grpc.StatusRuntimeException: CANCELLED: client cancelled
2022-10-13 10:40:59,891 [grpc-default-executor-1] WARN  server.GrpcServerProtocolService (LogUtils.java:warn(122)) - s1: installSnapshot onError, lastRequest: null: org.apache.ratis.thirdparty.io.grpc.StatusRuntimeException: CANCELLED: client cancelled
2022-10-13 10:40:59,891 [grpc-default-executor-1] WARN  server.GrpcServerProtocolService (LogUtils.java:warn(122)) - s1: installSnapshot onError, lastRequest: null: org.apache.ratis.thirdparty.io.grpc.StatusRuntimeException: CANCELLED: client cancelled
2022-10-13 10:40:59,891 [grpc-default-executor-1] WARN  server.GrpcServerProtocolService (LogUtils.java:warn(122)) - s1: installSnapshot onError, lastRequest: null: org.apache.ratis.thirdparty.io.grpc.StatusRuntimeException: CANCELLED: client cancelled
2022-10-13 10:40:59,891 [grpc-default-executor-1] WARN  server.GrpcServerProtocolService (LogUtils.java:warn(122)) - s1: installSnapshot onError, lastRequest: null: org.apache.ratis.thirdparty.io.grpc.StatusRuntimeException: CANCELLED: client cancelled
2022-10-13 10:40:59,891 [grpc-default-executor-1] WARN  server.GrpcServerProtocolService (LogUtils.java:warn(122)) - s1: installSnapshot onError, lastRequest: null: org.apache.ratis.thirdparty.io.grpc.StatusRuntimeException: CANCELLED: client cancelled
2022-10-13 10:40:59,892 [grpc-default-executor-4] INFO  server.GrpcLogAppender (GrpcLogAppender.java:onError(402)) - s0@group-6905249F38B1->s1-GrpcLogAppender is already stopped
2022-10-13 10:40:59,892 [MiniRaftCluster-10] INFO  server.GrpcService (GrpcService.java:closeImpl(328)) - s1: shutdown server GrpcServerProtocolService successfully
2022-10-13 10:40:59,892 [grpc-default-executor-3] INFO  server.GrpcLogAppender (GrpcLogAppender.java:onError(402)) - s0@group-6905249F38B1->s1-GrpcLogAppender is already stopped
2022-10-13 10:40:59,892 [grpc-default-executor-2] INFO  server.GrpcLogAppender (GrpcLogAppender.java:onError(402)) - s0@group-6905249F38B1->s1-GrpcLogAppender is already stopped
2022-10-13 10:40:59,892 [grpc-default-executor-0] INFO  server.GrpcLogAppender (GrpcLogAppender.java:onError(402)) - s0@group-6905249F38B1->s1-GrpcLogAppender is already stopped
2022-10-13 10:40:59,892 [JvmPauseMonitor6] INFO  util.JvmPauseMonitor (JvmPauseMonitor.java:run(111)) - JvmPauseMonitor-s1: Stopped
2022-10-13 10:40:59,895 [grpc-default-executor-2] WARN  server.GrpcServerProtocolService (LogUtils.java:warn(122)) - s2: installSnapshot onError, lastRequest: null: org.apache.ratis.thirdparty.io.grpc.StatusRuntimeException: CANCELLED: client cancelled
2022-10-13 10:40:59,895 [MiniRaftCluster-11] INFO  server.GrpcService (GrpcService.java:closeImpl(328)) - s2: shutdown server GrpcServerProtocolService successfully
2022-10-13 10:40:59,897 [grpc-default-executor-4] INFO  server.GrpcLogAppender (GrpcLogAppender.java:onError(402)) - s0@group-6905249F38B1->s1-GrpcLogAppender is already stopped
2022-10-13 10:40:59,896 [grpc-default-executor-1] INFO  server.GrpcLogAppender (GrpcLogAppender.java:onError(402)) - s0@group-6905249F38B1->s1-GrpcLogAppender is already stopped
2022-10-13 10:40:59,897 [grpc-default-executor-2] INFO  server.GrpcLogAppender (GrpcLogAppender.java:onError(402)) - s0@group-6905249F38B1->s1-GrpcLogAppender is already stopped
2022-10-13 10:40:59,897 [grpc-default-executor-0] INFO  server.GrpcLogAppender (GrpcLogAppender.java:onError(402)) - s0@group-6905249F38B1->s1-GrpcLogAppender is already stopped
2022-10-13 10:40:59,897 [grpc-default-executor-3] INFO  server.GrpcLogAppender (GrpcLogAppender.java:onError(402)) - s0@group-6905249F38B1->s1-GrpcLogAppender is already stopped
2022-10-13 10:40:59,897 [JvmPauseMonitor7] INFO  util.JvmPauseMonitor (JvmPauseMonitor.java:run(111)) - JvmPauseMonitor-s2: Stopped
2022-10-13 10:40:59,901 [grpc-default-executor-5] INFO  server.GrpcLogAppender (GrpcLogAppender.java:onError(402)) - s0@group-6905249F38B1->s1-GrpcLogAppender is already stopped
2022-10-13 10:40:59,901 [grpc-default-executor-6] INFO  server.GrpcLogAppender (GrpcLogAppender.java:onError(402)) - s0@group-6905249F38B1->s1-GrpcLogAppender is already stopped
2022-10-13 10:40:59,901 [grpc-default-executor-3] INFO  server.GrpcLogAppender (GrpcLogAppender.java:onError(402)) - s0@group-6905249F38B1->s1-GrpcLogAppender is already stopped
2022-10-13 10:40:59,901 [grpc-default-executor-0] INFO  server.GrpcLogAppender (GrpcLogAppender.java:onError(402)) - s0@group-6905249F38B1->s1-GrpcLogAppender is already stopped
2022-10-13 10:40:59,901 [grpc-default-executor-2] INFO  server.GrpcLogAppender (GrpcLogAppender.java:onError(402)) - s0@group-6905249F38B1->s1-GrpcLogAppender is already stopped
2022-10-13 10:40:59,901 [grpc-default-executor-1] INFO  server.GrpcLogAppender (GrpcLogAppender.java:onError(402)) - s0@group-6905249F38B1->s1-GrpcLogAppender is already stopped
2022-10-13 10:40:59,901 [grpc-default-executor-4] INFO  server.GrpcLogAppender (GrpcLogAppender.java:onError(402)) - s0@group-6905249F38B1->s1-GrpcLogAppender is already stopped
2022-10-13 10:40:59,901 [grpc-default-executor-4] INFO  server.GrpcLogAppender (GrpcLogAppender.java:onError(402)) - s0@group-6905249F38B1->s1-GrpcLogAppender is already stopped
2022-10-13 10:40:59,901 [grpc-default-executor-4] INFO  server.GrpcLogAppender (GrpcLogAppender.java:onError(402)) - s0@group-6905249F38B1->s1-GrpcLogAppender is already stopped
2022-10-13 10:40:59,901 [grpc-default-executor-5] INFO  server.GrpcLogAppender (GrpcLogAppender.java:onError(402)) - s0@group-6905249F38B1->s1-GrpcLogAppender is already stopped
2022-10-13 10:40:59,901 [grpc-default-executor-6] INFO  server.GrpcLogAppender (GrpcLogAppender.java:onError(402)) - s0@group-6905249F38B1->s1-GrpcLogAppender is already stopped
2022-10-13 10:40:59,902 [grpc-default-executor-1] INFO  server.GrpcLogAppender (GrpcLogAppender.java:onError(402)) - s0@group-6905249F38B1->s1-GrpcLogAppender is already stopped
2022-10-13 10:40:59,902 [grpc-default-executor-2] INFO  server.GrpcLogAppender (GrpcLogAppender.java:onError(402)) - s0@group-6905249F38B1->s1-GrpcLogAppender is already stopped
2022-10-13 10:40:59,902 [grpc-default-executor-0] INFO  server.GrpcLogAppender (GrpcLogAppender.java:onError(402)) - s0@group-6905249F38B1->s1-GrpcLogAppender is already stopped
2022-10-13 10:40:59,902 [grpc-default-executor-3] INFO  server.GrpcLogAppender (GrpcLogAppender.java:onError(402)) - s0@group-6905249F38B1->s1-GrpcLogAppender is already stopped
2022-10-13 10:40:59,902 [grpc-default-executor-5] INFO  server.GrpcLogAppender (GrpcLogAppender.java:onError(402)) - s0@group-6905249F38B1->s1-GrpcLogAppender is already stopped
2022-10-13 10:40:59,902 [grpc-default-executor-6] INFO  server.GrpcLogAppender (GrpcLogAppender.java:onError(402)) - s0@group-6905249F38B1->s1-GrpcLogAppender is already stopped
2022-10-13 10:40:59,902 [grpc-default-executor-8] INFO  server.GrpcLogAppender (GrpcLogAppender.java:onError(402)) - s0@group-6905249F38B1->s1-GrpcLogAppender is already stopped
2022-10-13 10:40:59,902 [grpc-default-executor-3] INFO  server.GrpcLogAppender (GrpcLogAppender.java:onError(402)) - s0@group-6905249F38B1->s1-GrpcLogAppender is already stopped
2022-10-13 10:40:59,902 [grpc-default-executor-1] INFO  server.GrpcLogAppender (GrpcLogAppender.java:onError(402)) - s0@group-6905249F38B1->s1-GrpcLogAppender is already stopped
2022-10-13 10:40:59,902 [grpc-default-executor-0] INFO  server.GrpcLogAppender (GrpcLogAppender.java:onError(402)) - s0@group-6905249F38B1->s1-GrpcLogAppender is already stopped
2022-10-13 10:40:59,902 [grpc-default-executor-2] INFO  server.GrpcLogAppender (GrpcLogAppender.java:onError(402)) - s0@group-6905249F38B1->s1-GrpcLogAppender is already stopped
2022-10-13 10:40:59,902 [grpc-default-executor-4] INFO  server.GrpcLogAppender (GrpcLogAppender.java:onError(402)) - s0@group-6905249F38B1->s1-GrpcLogAppender is already stopped
2022-10-13 10:40:59,902 [grpc-default-executor-9] INFO  server.GrpcLogAppender (GrpcLogAppender.java:onError(402)) - s0@group-6905249F38B1->s1-GrpcLogAppender is already stopped
2022-10-13 10:40:59,903 [grpc-default-executor-3] INFO  server.GrpcLogAppender (GrpcLogAppender.java:onError(402)) - s0@group-6905249F38B1->s1-GrpcLogAppender is already stopped
2022-10-13 10:40:59,903 [grpc-default-executor-1] INFO  server.GrpcLogAppender (GrpcLogAppender.java:onError(402)) - s0@group-6905249F38B1->s1-GrpcLogAppender is already stopped
2022-10-13 10:40:59,903 [grpc-default-executor-0] INFO  server.GrpcLogAppender (GrpcLogAppender.java:onError(402)) - s0@group-6905249F38B1->s1-GrpcLogAppender is already stopped
2022-10-13 10:40:59,903 [grpc-default-executor-2] INFO  server.GrpcLogAppender (GrpcLogAppender.java:onError(402)) - s0@group-6905249F38B1->s1-GrpcLogAppender is already stopped
2022-10-13 10:40:59,903 [grpc-default-executor-8] INFO  server.GrpcLogAppender (GrpcLogAppender.java:onError(402)) - s0@group-6905249F38B1->s1-GrpcLogAppender is already stopped
2022-10-13 10:40:59,903 [grpc-default-executor-4] INFO  server.GrpcLogAppender (GrpcLogAppender.java:onError(402)) - s0@group-6905249F38B1->s1-GrpcLogAppender is already stopped
2022-10-13 10:40:59,903 [grpc-default-executor-5] INFO  server.GrpcLogAppender (GrpcLogAppender.java:onError(402)) - s0@group-6905249F38B1->s1-GrpcLogAppender is already stopped
2022-10-13 10:40:59,902 [grpc-default-executor-6] INFO  server.GrpcLogAppender (GrpcLogAppender.java:onError(402)) - s0@group-6905249F38B1->s1-GrpcLogAppender is already stopped
2022-10-13 10:40:59,910 [grpc-default-executor-10] INFO  server.GrpcLogAppender (GrpcLogAppender.java:onError(402)) - s0@group-6905249F38B1->s1-GrpcLogAppender is already stopped
2022-10-13 10:40:59,910 [grpc-default-executor-6] INFO  server.GrpcLogAppender (GrpcLogAppender.java:onError(402)) - s0@group-6905249F38B1->s1-GrpcLogAppender is already stopped
2022-10-13 10:40:59,910 [grpc-default-executor-3] INFO  server.GrpcLogAppender (GrpcLogAppender.java:onError(402)) - s0@group-6905249F38B1->s1-GrpcLogAppender is already stopped
2022-10-13 10:40:59,910 [grpc-default-executor-1] INFO  server.GrpcLogAppender (GrpcLogAppender.java:onError(402)) - s0@group-6905249F38B1->s1-GrpcLogAppender is already stopped
2022-10-13 10:40:59,910 [grpc-default-executor-0] INFO  server.GrpcLogAppender (GrpcLogAppender.java:onError(402)) - s0@group-6905249F38B1->s1-GrpcLogAppender is already stopped
2022-10-13 10:40:59,910 [grpc-default-executor-2] INFO  server.GrpcLogAppender (GrpcLogAppender.java:onError(402)) - s0@group-6905249F38B1->s1-GrpcLogAppender is already stopped
2022-10-13 10:40:59,910 [grpc-default-executor-4] INFO  server.GrpcLogAppender (GrpcLogAppender.java:onError(402)) - s0@group-6905249F38B1->s1-GrpcLogAppender is already stopped
2022-10-13 10:40:59,910 [grpc-default-executor-5] INFO  server.GrpcLogAppender (GrpcLogAppender.java:onError(402)) - s0@group-6905249F38B1->s1-GrpcLogAppender is already stopped
2022-10-13 10:40:59,915 [grpc-default-executor-9] INFO  server.GrpcLogAppender (GrpcLogAppender.java:onError(402)) - s0@group-6905249F38B1->s1-GrpcLogAppender is already stopped
2022-10-13 10:40:59,915 [grpc-default-executor-8] INFO  server.GrpcLogAppender (GrpcLogAppender.java:onError(402)) - s0@group-6905249F38B1->s1-GrpcLogAppender is already stopped
2022-10-13 10:40:59,915 [grpc-default-executor-11] INFO  server.GrpcLogAppender (GrpcLogAppender.java:onError(402)) - s0@group-6905249F38B1->s1-GrpcLogAppender is already stopped
2022-10-13 10:40:59,916 [grpc-default-executor-10] INFO  server.GrpcLogAppender (GrpcLogAppender.java:onError(402)) - s0@group-6905249F38B1->s1-GrpcLogAppender is already stopped
2022-10-13 10:40:59,916 [grpc-default-executor-6] INFO  server.GrpcLogAppender (GrpcLogAppender.java:onError(402)) - s0@group-6905249F38B1->s1-GrpcLogAppender is already stopped
2022-10-13 10:40:59,916 [grpc-default-executor-1] INFO  server.GrpcLogAppender (GrpcLogAppender.java:onError(402)) - s0@group-6905249F38B1->s1-GrpcLogAppender is already stopped
2022-10-13 10:40:59,916 [grpc-default-executor-3] INFO  server.GrpcLogAppender (GrpcLogAppender.java:onError(402)) - s0@group-6905249F38B1->s1-GrpcLogAppender is already stopped
2022-10-13 10:40:59,916 [grpc-default-executor-4] INFO  server.GrpcLogAppender (GrpcLogAppender.java:onError(402)) - s0@group-6905249F38B1->s1-GrpcLogAppender is already stopped
2022-10-13 10:40:59,916 [grpc-default-executor-0] INFO  server.GrpcLogAppender (GrpcLogAppender.java:onError(402)) - s0@group-6905249F38B1->s1-GrpcLogAppender is already stopped
2022-10-13 10:40:59,915 [grpc-default-executor-2] INFO  server.GrpcLogAppender (GrpcLogAppender.java:onError(402)) - s0@group-6905249F38B1->s1-GrpcLogAppender is already stopped
2022-10-13 10:40:59,915 [grpc-default-executor-5] INFO  server.GrpcLogAppender (GrpcLogAppender.java:onError(402)) - s0@group-6905249F38B1->s1-GrpcLogAppender is already stopped
2022-10-13 10:40:59,918 [grpc-default-executor-7] INFO  server.GrpcLogAppender (GrpcLogAppender.java:onError(402)) - s0@group-6905249F38B1->s1-GrpcLogAppender is already stopped
2022-10-13 10:40:59,919 [grpc-default-executor-5] INFO  server.GrpcLogAppender (GrpcLogAppender.java:onError(402)) - s0@group-6905249F38B1->s1-GrpcLogAppender is already stopped
2022-10-13 10:40:59,919 [grpc-default-executor-2] INFO  server.GrpcLogAppender (GrpcLogAppender.java:onError(402)) - s0@group-6905249F38B1->s1-GrpcLogAppender is already stopped
2022-10-13 10:40:59,919 [grpc-default-executor-4] INFO  server.GrpcLogAppender (GrpcLogAppender.java:onError(402)) - s0@group-6905249F38B1->s1-GrpcLogAppender is already stopped
2022-10-13 10:40:59,919 [grpc-default-executor-3] INFO  server.GrpcLogAppender (GrpcLogAppender.java:onError(402)) - s0@group-6905249F38B1->s1-GrpcLogAppender is already stopped
2022-10-13 10:40:59,919 [grpc-default-executor-1] INFO  server.GrpcLogAppender (GrpcLogAppender.java:onError(402)) - s0@group-6905249F38B1->s1-GrpcLogAppender is already stopped
2022-10-13 10:40:59,919 [grpc-default-executor-0] INFO  server.GrpcLogAppender (GrpcLogAppender.java:onError(402)) - s0@group-6905249F38B1->s1-GrpcLogAppender is already stopped
2022-10-13 10:40:59,919 [grpc-default-executor-6] INFO  server.GrpcLogAppender (GrpcLogAppender.java:onError(402)) - s0@group-6905249F38B1->s1-GrpcLogAppender is already stopped
2022-10-13 10:40:59,919 [grpc-default-executor-5] INFO  server.GrpcLogAppender (GrpcLogAppender.java:onError(402)) - s0@group-6905249F38B1->s1-GrpcLogAppender is already stopped
2022-10-13 10:40:59,919 [grpc-default-executor-10] INFO  server.GrpcLogAppender (GrpcLogAppender.java:onError(402)) - s0@group-6905249F38B1->s1-GrpcLogAppender is already stopped
2022-10-13 10:40:59,919 [grpc-default-executor-11] INFO  server.GrpcLogAppender (GrpcLogAppender.java:onError(402)) - s0@group-6905249F38B1->s1-GrpcLogAppender is already stopped
2022-10-13 10:40:59,919 [grpc-default-executor-5] INFO  server.GrpcLogAppender (GrpcLogAppender.java:onError(402)) - s0@group-6905249F38B1->s1-GrpcLogAppender is already stopped
2022-10-13 10:40:59,919 [grpc-default-executor-5] INFO  server.GrpcLogAppender (GrpcLogAppender.java:onError(402)) - s0@group-6905249F38B1->s1-GrpcLogAppender is already stopped
2022-10-13 10:40:59,919 [grpc-default-executor-6] INFO  server.GrpcLogAppender (GrpcLogAppender.java:onError(402)) - s0@group-6905249F38B1->s1-GrpcLogAppender is already stopped
2022-10-13 10:40:59,919 [grpc-default-executor-5] INFO  server.GrpcLogAppender (GrpcLogAppender.java:onError(402)) - s0@group-6905249F38B1->s1-GrpcLogAppender is already stopped
2022-10-13 10:40:59,919 [grpc-default-executor-6] INFO  server.GrpcLogAppender (GrpcLogAppender.java:onError(402)) - s0@group-6905249F38B1->s1-GrpcLogAppender is already stopped
2022-10-13 10:40:59,919 [grpc-default-executor-3] INFO  server.GrpcLogAppender (GrpcLogAppender.java:onError(402)) - s0@group-6905249F38B1->s1-GrpcLogAppender is already stopped
2022-10-13 10:40:59,919 [grpc-default-executor-2] INFO  server.GrpcLogAppender (GrpcLogAppender.java:onError(402)) - s0@group-6905249F38B1->s1-GrpcLogAppender is already stopped
2022-10-13 10:40:59,919 [grpc-default-executor-0] INFO  server.GrpcLogAppender (GrpcLogAppender.java:onError(402)) - s0@group-6905249F38B1->s1-GrpcLogAppender is already stopped
2022-10-13 10:40:59,919 [grpc-default-executor-6] INFO  server.GrpcLogAppender (GrpcLogAppender.java:onError(402)) - s0@group-6905249F38B1->s1-GrpcLogAppender is already stopped
2022-10-13 10:40:59,919 [grpc-default-executor-5] INFO  server.GrpcLogAppender (GrpcLogAppender.java:onError(402)) - s0@group-6905249F38B1->s1-GrpcLogAppender is already stopped
2022-10-13 10:40:59,919 [grpc-default-executor-1] INFO  server.GrpcLogAppender (GrpcLogAppender.java:onError(402)) - s0@group-6905249F38B1->s1-GrpcLogAppender is already stopped
2022-10-13 10:40:59,919 [grpc-default-executor-11] INFO  server.GrpcLogAppender (GrpcLogAppender.java:onError(402)) - s0@group-6905249F38B1->s1-GrpcLogAppender is already stopped
2022-10-13 10:40:59,919 [grpc-default-executor-10] INFO  server.GrpcLogAppender (GrpcLogAppender.java:onError(402)) - s0@group-6905249F38B1->s1-GrpcLogAppender is already stopped
2022-10-13 10:40:59,920 [grpc-default-executor-4] INFO  server.GrpcLogAppender (GrpcLogAppender.java:onError(402)) - s0@group-6905249F38B1->s1-GrpcLogAppender is already stopped
2022-10-13 10:40:59,920 [grpc-default-executor-8] INFO  server.GrpcLogAppender (GrpcLogAppender.java:onError(402)) - s0@group-6905249F38B1->s1-GrpcLogAppender is already stopped
2022-10-13 10:40:59,920 [grpc-default-executor-9] INFO  server.GrpcLogAppender (GrpcLogAppender.java:onError(402)) - s0@group-6905249F38B1->s1-GrpcLogAppender is already stopped
2022-10-13 10:40:59,920 [grpc-default-executor-7] INFO  server.GrpcLogAppender (GrpcLogAppender.java:onError(402)) - s0@group-6905249F38B1->s1-GrpcLogAppender is already stopped
2022-10-13 10:40:59,921 [grpc-default-executor-12] INFO  server.GrpcLogAppender (GrpcLogAppender.java:onError(402)) - s0@group-6905249F38B1->s1-GrpcLogAppender is already stopped
2022-10-13 10:40:59,922 [grpc-default-executor-10] INFO  server.GrpcLogAppender (GrpcLogAppender.java:onError(402)) - s0@group-6905249F38B1->s1-GrpcLogAppender is already stopped
2022-10-13 10:40:59,922 [grpc-default-executor-11] INFO  server.GrpcLogAppender (GrpcLogAppender.java:onError(402)) - s0@group-6905249F38B1->s1-GrpcLogAppender is already stopped
2022-10-13 10:40:59,922 [grpc-default-executor-5] INFO  server.GrpcLogAppender (GrpcLogAppender.java:onError(402)) - s0@group-6905249F38B1->s1-GrpcLogAppender is already stopped
2022-10-13 10:40:59,922 [grpc-default-executor-6] INFO  server.GrpcLogAppender (GrpcLogAppender.java:onError(402)) - s0@group-6905249F38B1->s1-GrpcLogAppender is already stopped
2022-10-13 10:40:59,922 [grpc-default-executor-0] INFO  server.GrpcLogAppender (GrpcLogAppender.java:onError(402)) - s0@group-6905249F38B1->s1-GrpcLogAppender is already stopped
2022-10-13 10:40:59,922 [grpc-default-executor-2] INFO  server.GrpcLogAppender (GrpcLogAppender.java:onError(402)) - s0@group-6905249F38B1->s1-GrpcLogAppender is already stopped
2022-10-13 10:40:59,922 [grpc-default-executor-3] INFO  server.GrpcLogAppender (GrpcLogAppender.java:onError(402)) - s0@group-6905249F38B1->s1-GrpcLogAppender is already stopped
2022-10-13 10:40:59,922 [grpc-default-executor-8] INFO  server.GrpcLogAppender (GrpcLogAppender.java:onError(402)) - s0@group-6905249F38B1->s1-GrpcLogAppender is already stopped
2022-10-13 10:40:59,922 [grpc-default-executor-4] INFO  server.GrpcLogAppender (GrpcLogAppender.java:onError(402)) - s0@group-6905249F38B1->s1-GrpcLogAppender is already stopped
2022-10-13 10:40:59,922 [grpc-default-executor-1] INFO  server.GrpcLogAppender (GrpcLogAppender.java:onError(402)) - s0@group-6905249F38B1->s1-GrpcLogAppender is already stopped
2022-10-13 10:40:59,922 [grpc-default-executor-9] INFO  server.GrpcLogAppender (GrpcLogAppender.java:onError(402)) - s0@group-6905249F38B1->s1-GrpcLogAppender is already stopped
2022-10-13 10:40:59,922 [grpc-default-executor-7] INFO  server.GrpcLogAppender (GrpcLogAppender.java:onError(402)) - s0@group-6905249F38B1->s1-GrpcLogAppender is already stopped
2022-10-13 10:40:59,922 [grpc-default-executor-12] INFO  server.GrpcLogAppender (GrpcLogAppender.java:onError(402)) - s0@group-6905249F38B1->s1-GrpcLogAppender is already stopped
2022-10-13 10:40:59,922 [grpc-default-executor-13] INFO  server.GrpcLogAppender (GrpcLogAppender.java:onError(402)) - s0@group-6905249F38B1->s1-GrpcLogAppender is already stopped
2022-10-13 10:40:59,923 [grpc-default-executor-3] INFO  server.GrpcLogAppender (GrpcLogAppender.java:onError(402)) - s0@group-6905249F38B1->s1-GrpcLogAppender is already stopped
2022-10-13 10:40:59,923 [grpc-default-executor-2] INFO  server.GrpcLogAppender (GrpcLogAppender.java:onError(402)) - s0@group-6905249F38B1->s1-GrpcLogAppender is already stopped
2022-10-13 10:40:59,923 [grpc-default-executor-0] INFO  server.GrpcLogAppender (GrpcLogAppender.java:onError(402)) - s0@group-6905249F38B1->s1-GrpcLogAppender is already stopped
2022-10-13 10:40:59,923 [grpc-default-executor-6] INFO  server.GrpcLogAppender (GrpcLogAppender.java:onError(402)) - s0@group-6905249F38B1->s1-GrpcLogAppender is already stopped
2022-10-13 10:40:59,923 [grpc-default-executor-5] INFO  server.GrpcLogAppender (GrpcLogAppender.java:onError(402)) - s0@group-6905249F38B1->s1-GrpcLogAppender is already stopped
2022-10-13 10:40:59,923 [grpc-default-executor-1] INFO  server.GrpcLogAppender (GrpcLogAppender.java:onError(402)) - s0@group-6905249F38B1->s1-GrpcLogAppender is already stopped
2022-10-13 10:40:59,923 [grpc-default-executor-10] INFO  server.GrpcLogAppender (GrpcLogAppender.java:onError(402)) - s0@group-6905249F38B1->s1-GrpcLogAppender is already stopped
2022-10-13 10:40:59,923 [grpc-default-executor-8] INFO  server.GrpcLogAppender (GrpcLogAppender.java:onError(402)) - s0@group-6905249F38B1->s1-GrpcLogAppender is already stopped
2022-10-13 10:40:59,923 [grpc-default-executor-11] INFO  server.GrpcLogAppender (GrpcLogAppender.java:onError(402)) - s0@group-6905249F38B1->s1-GrpcLogAppender is already stopped
2022-10-13 10:40:59,923 [grpc-default-executor-4] INFO  server.GrpcLogAppender (GrpcLogAppender.java:onError(402)) - s0@group-6905249F38B1->s1-GrpcLogAppender is already stopped
2022-10-13 10:40:59,924 [grpc-default-executor-9] INFO  server.GrpcLogAppender (GrpcLogAppender.java:onError(402)) - s0@group-6905249F38B1->s1-GrpcLogAppender is already stopped
2022-10-13 10:40:59,924 [grpc-default-executor-7] INFO  server.GrpcLogAppender (GrpcLogAppender.java:onError(402)) - s0@group-6905249F38B1->s1-GrpcLogAppender is already stopped
2022-10-13 10:40:59,924 [grpc-default-executor-12] INFO  server.GrpcLogAppender (GrpcLogAppender.java:onError(402)) - s0@group-6905249F38B1->s1-GrpcLogAppender is already stopped
2022-10-13 10:40:59,924 [grpc-default-executor-13] INFO  server.GrpcLogAppender (GrpcLogAppender.java:onError(402)) - s0@group-6905249F38B1->s1-GrpcLogAppender is already stopped
2022-10-13 10:40:59,925 [grpc-default-executor-14] INFO  server.GrpcLogAppender (GrpcLogAppender.java:onError(402)) - s0@group-6905249F38B1->s1-GrpcLogAppender is already stopped
2022-10-13 10:40:59,931 [grpc-default-executor-4] INFO  server.GrpcLogAppender (GrpcLogAppender.java:onError(402)) - s0@group-6905249F38B1->s1-GrpcLogAppender is already stopped
2022-10-13 10:40:59,931 [grpc-default-executor-4] INFO  server.GrpcLogAppender (GrpcLogAppender.java:onError(402)) - s0@group-6905249F38B1->s1-GrpcLogAppender is already stopped
2022-10-13 10:40:59,931 [grpc-default-executor-11] INFO  server.GrpcLogAppender (GrpcLogAppender.java:onError(402)) - s0@group-6905249F38B1->s1-GrpcLogAppender is already stopped
2022-10-13 10:40:59,931 [grpc-default-executor-10] INFO  server.GrpcLogAppender (GrpcLogAppender.java:onError(402)) - s0@group-6905249F38B1->s1-GrpcLogAppender is already stopped
2022-10-13 10:40:59,931 [grpc-default-executor-5] INFO  server.GrpcLogAppender (GrpcLogAppender.java:onError(402)) - s0@group-6905249F38B1->s1-GrpcLogAppender is already stopped
2022-10-13 10:40:59,931 [grpc-default-executor-6] INFO  server.GrpcLogAppender (GrpcLogAppender.java:onError(402)) - s0@group-6905249F38B1->s1-GrpcLogAppender is already stopped
2022-10-13 10:40:59,931 [grpc-default-executor-8] INFO  server.GrpcLogAppender (GrpcLogAppender.java:onError(402)) - s0@group-6905249F38B1->s1-GrpcLogAppender is already stopped
2022-10-13 10:40:59,931 [grpc-default-executor-2] INFO  server.GrpcLogAppender (GrpcLogAppender.java:onError(402)) - s0@group-6905249F38B1->s1-GrpcLogAppender is already stopped
2022-10-13 10:40:59,931 [grpc-default-executor-1] INFO  server.GrpcLogAppender (GrpcLogAppender.java:onError(402)) - s0@group-6905249F38B1->s1-GrpcLogAppender is already stopped
2022-10-13 10:40:59,931 [grpc-default-executor-0] INFO  server.GrpcLogAppender (GrpcLogAppender.java:onError(402)) - s0@group-6905249F38B1->s1-GrpcLogAppender is already stopped
2022-10-13 10:40:59,931 [grpc-default-executor-3] INFO  server.GrpcLogAppender (GrpcLogAppender.java:onError(402)) - s0@group-6905249F38B1->s1-GrpcLogAppender is already stopped
2022-10-13 10:40:59,931 [grpc-default-executor-9] INFO  server.GrpcLogAppender (GrpcLogAppender.java:onError(402)) - s0@group-6905249F38B1->s1-GrpcLogAppender is already stopped
2022-10-13 10:40:59,931 [grpc-default-executor-7] INFO  server.GrpcLogAppender (GrpcLogAppender.java:onError(402)) - s0@group-6905249F38B1->s1-GrpcLogAppender is already stopped
2022-10-13 10:40:59,932 [grpc-default-executor-12] INFO  server.GrpcLogAppender (GrpcLogAppender.java:onError(402)) - s0@group-6905249F38B1->s1-GrpcLogAppender is already stopped
2022-10-13 10:40:59,932 [grpc-default-executor-13] INFO  server.GrpcLogAppender (GrpcLogAppender.java:onError(402)) - s0@group-6905249F38B1->s1-GrpcLogAppender is already stopped
2022-10-13 10:40:59,932 [grpc-default-executor-14] INFO  server.GrpcLogAppender (GrpcLogAppender.java:onError(402)) - s0@group-6905249F38B1->s1-GrpcLogAppender is already stopped
2022-10-13 10:40:59,932 [grpc-default-executor-15] INFO  server.GrpcLogAppender (GrpcLogAppender.java:onError(402)) - s0@group-6905249F38B1->s1-GrpcLogAppender is already stopped
2022-10-13 10:40:59,932 [grpc-default-executor-3] INFO  server.GrpcLogAppender (GrpcLogAppender.java:onError(402)) - s0@group-6905249F38B1->s1-GrpcLogAppender is already stopped
2022-10-13 10:40:59,932 [grpc-default-executor-0] INFO  server.GrpcLogAppender (GrpcLogAppender.java:onError(402)) - s0@group-6905249F38B1->s1-GrpcLogAppender is already stopped
2022-10-13 10:40:59,934 [grpc-default-executor-0] INFO  server.GrpcLogAppender (GrpcLogAppender.java:onError(402)) - s0@group-6905249F38B1->s2-GrpcLogAppender is already stopped
2022-10-13 10:40:59,934 [grpc-default-executor-9] INFO  server.GrpcLogAppender (GrpcLogAppender.java:onError(402)) - s0@group-6905249F38B1->s1-GrpcLogAppender is already stopped
2022-10-13 10:40:59,935 [grpc-default-executor-15] INFO  server.GrpcLogAppender (GrpcLogAppender.java:onError(402)) - s0@group-6905249F38B1->s1-GrpcLogAppender is already stopped
2022-10-13 10:40:59,935 [grpc-default-executor-7] INFO  server.GrpcLogAppender (GrpcLogAppender.java:onError(402)) - s0@group-6905249F38B1->s1-GrpcLogAppender is already stopped
2022-10-13 10:40:59,935 [grpc-default-executor-12] INFO  server.GrpcLogAppender (GrpcLogAppender.java:onError(402)) - s0@group-6905249F38B1->s1-GrpcLogAppender is already stopped
2022-10-13 10:40:59,935 [grpc-default-executor-13] INFO  server.GrpcLogAppender (GrpcLogAppender.java:onError(402)) - s0@group-6905249F38B1->s1-GrpcLogAppender is already stopped
2022-10-13 10:40:59,935 [grpc-default-executor-14] INFO  server.GrpcLogAppender (GrpcLogAppender.java:onError(402)) - s0@group-6905249F38B1->s1-GrpcLogAppender is already stopped
2022-10-13 10:40:59,935 [MiniRaftCluster-9] INFO  server.GrpcServerProtocolClient (GrpcServerProtocolClient.java:close(111)) - s2 Close channels
2022-10-13 10:40:59,935 [grpc-default-executor-16] INFO  server.GrpcLogAppender (GrpcLogAppender.java:onError(402)) - s0@group-6905249F38B1->s1-GrpcLogAppender is already stopped
2022-10-13 10:40:59,936 [MiniRaftCluster-9] INFO  server.GrpcService (GrpcService.java:closeImpl(328)) - s0: shutdown server org.apache.ratis.grpc.server.GrpcClientProtocolService successfully
2022-10-13 10:40:59,936 [MiniRaftCluster-9] INFO  server.GrpcService (GrpcService.java:closeImpl(319)) - s0: shutdown server GrpcServerProtocolService now
2022-10-13 10:40:59,936 [MiniRaftCluster-9] INFO  server.GrpcService (GrpcService.java:closeImpl(328)) - s0: shutdown server GrpcServerProtocolService successfully
2022-10-13 10:40:59,936 [MiniRaftCluster-9] INFO  server.GrpcService (GrpcService.java:closeImpl(319)) - s0: shutdown server org.apache.ratis.grpc.server.GrpcAdminProtocolService now
2022-10-13 10:40:59,936 [MiniRaftCluster-9] INFO  server.GrpcService (GrpcService.java:closeImpl(328)) - s0: shutdown server org.apache.ratis.grpc.server.GrpcAdminProtocolService successfully
2022-10-13 10:40:59,937 [JvmPauseMonitor5] INFO  util.JvmPauseMonitor (JvmPauseMonitor.java:run(111)) - JvmPauseMonitor-s0: Stopped
2022-10-13 10:40:59,938 [Time-limited test] INFO  impl.MiniRaftCluster (MiniRaftCluster.java:shutdown(855)) - MiniRaftClusterWithGrpc shutdown completed
2022-10-13 10:40:59,938 [Time-limited test] INFO  impl.MiniRaftCluster (MiniRaftCluster.java:shutdown(831)) - ************************************************************** 
2022-10-13 10:40:59,938 [Time-limited test] INFO  impl.MiniRaftCluster (MiniRaftCluster.java:shutdown(832)) - *** 
2022-10-13 10:40:59,938 [Time-limited test] INFO  impl.MiniRaftCluster (MiniRaftCluster.java:shutdown(833)) - ***     Stopping MiniRaftClusterWithGrpc
2022-10-13 10:40:59,938 [Time-limited test] INFO  impl.MiniRaftCluster (MiniRaftCluster.java:shutdown(834)) - *** 
2022-10-13 10:40:59,938 [Time-limited test] INFO  impl.MiniRaftCluster (MiniRaftCluster.java:shutdown(835)) - ************************************************************** 
2022-10-13 10:40:59,938 [Time-limited test] INFO  impl.MiniRaftCluster (MiniRaftCluster.java:shutdown(836)) - printing ALL groups
  s0:   CLOSED    LEADER s0@group-6905249F38B1:t2, leader=s0, voted=s0, raftlog=Memoized:s0@group-6905249F38B1-SegmentedRaftLog:CLOSED:c262, conf=261: peers:[s0|rpc:localhost:46195|admin:localhost:44717|client:localhost:42765|dataStream:localhost:39399|priority:0|startupRole:FOLLOWER, s1|rpc:0.0.0.0:46693|dataStream:|priority:0|startupRole:FOLLOWER, s2|rpc:0.0.0.0:36699|dataStream:|priority:0|startupRole:FOLLOWER]|listeners:[], old=null CLOSED
  s1:   CLOSED  FOLLOWER s1@group-6905249F38B1:t2, leader=s0, voted=null, raftlog=Memoized:s1@group-6905249F38B1-SegmentedRaftLog:CLOSED:c254, conf=255: peers:[s0|rpc:localhost:46195|admin:localhost:44717|client:localhost:42765|dataStream:localhost:39399|priority:0|startupRole:FOLLOWER]|listeners:[], old=null CLOSED
  s2:   CLOSED  FOLLOWER s2@group-6905249F38B1:t2, leader=s0, voted=null, raftlog=Memoized:s2@group-6905249F38B1-SegmentedRaftLog:CLOSED:c262, conf=261: peers:[s0|rpc:localhost:46195|admin:localhost:44717|client:localhost:42765|dataStream:localhost:39399|priority:0|startupRole:FOLLOWER, s1|rpc:0.0.0.0:46693|dataStream:|priority:0|startupRole:FOLLOWER, s2|rpc:0.0.0.0:36699|dataStream:|priority:0|startupRole:FOLLOWER]|listeners:[], old=null CLOSED
2022-10-13 10:40:59,943 [Time-limited test] INFO  impl.MiniRaftCluster (MiniRaftCluster.java:shutdown(855)) - MiniRaftClusterWithGrpc shutdown completed
]]></system-out>
  </testcase>
  <testcase name="testInstallSnapshotDuringBootstrap" classname="org.apache.ratis.grpc.TestInstallSnapshotNotificationWithGrpc" time="7.048"/>
  <testcase name="testRestartFollower" classname="org.apache.ratis.grpc.TestInstallSnapshotNotificationWithGrpc" time="7.381"/>
  <testcase name="testInstallSnapshotNotificationCount" classname="org.apache.ratis.grpc.TestInstallSnapshotNotificationWithGrpc" time="4.184"/>
</testsuite>