<?xml version="1.0" encoding="UTF-8"?>
<testsuite xmlns:xsi="http://www.w3.org/2001/XMLSchema-instance" xsi:noNamespaceSchemaLocation="https://maven.apache.org/surefire/maven-surefire-plugin/xsd/surefire-test-report.xsd" name="org.apache.ratis.datastream.TestNettyDataStreamStarTopologyWithGrpcCluster" time="432.347" tests="4" errors="1" skipped="0" failures="0">
  <properties>
    <property name="awt.toolkit" value="sun.awt.X11.XToolkit"/>
    <property name="file.encoding.pkg" value="sun.io"/>
    <property name="java.specification.version" value="1.8"/>
    <property name="sun.cpu.isalist" value=""/>
    <property name="sun.jnu.encoding" value="UTF-8"/>
    <property name="java.class.path" value="/home/runner/work/ratis/ratis/ratis-test/target/test-classes:/home/runner/work/ratis/ratis/ratis-test/target/classes:/home/runner/work/ratis/ratis/ratis-common/target/classes:/home/runner/.m2/repository/org/apache/ratis/ratis-thirdparty-misc/1.0.1/ratis-thirdparty-misc-1.0.1.jar:/home/runner/work/ratis/ratis/ratis-proto/target/ratis-proto-3.0.0-SNAPSHOT.jar:/home/runner/work/ratis/ratis/ratis-common/target/test-classes:/home/runner/work/ratis/ratis/ratis-client/target/classes:/home/runner/work/ratis/ratis/ratis-server/target/classes:/home/runner/work/ratis/ratis/ratis-server-api/target/classes:/home/runner/work/ratis/ratis/ratis-metrics/target/classes:/home/runner/work/ratis/ratis/ratis-server/target/test-classes:/home/runner/work/ratis/ratis/ratis-netty/target/classes:/home/runner/work/ratis/ratis/ratis-netty/target/test-classes:/home/runner/work/ratis/ratis/ratis-grpc/target/classes:/home/runner/work/ratis/ratis/ratis-grpc/target/test-classes:/home/runner/.m2/repository/org/slf4j/slf4j-api/1.7.29/slf4j-api-1.7.29.jar:/home/runner/.m2/repository/org/slf4j/slf4j-log4j12/1.7.29/slf4j-log4j12-1.7.29.jar:/home/runner/.m2/repository/log4j/log4j/1.2.17/log4j-1.2.17.jar:/home/runner/.m2/repository/junit/junit/4.13.2/junit-4.13.2.jar:/home/runner/.m2/repository/org/hamcrest/hamcrest-core/1.3/hamcrest-core-1.3.jar:/home/runner/.m2/repository/org/mockito/mockito-core/4.3.1/mockito-core-4.3.1.jar:/home/runner/.m2/repository/net/bytebuddy/byte-buddy/1.12.7/byte-buddy-1.12.7.jar:/home/runner/.m2/repository/net/bytebuddy/byte-buddy-agent/1.12.7/byte-buddy-agent-1.12.7.jar:/home/runner/.m2/repository/org/objenesis/objenesis/3.2/objenesis-3.2.jar:/home/runner/work/ratis/ratis/ratis-shell/target/classes:/home/runner/.m2/repository/commons-cli/commons-cli/1.5.0/commons-cli-1.5.0.jar:/home/runner/.m2/repository/org/reflections/reflections/0.10.2/reflections-0.10.2.jar:/home/runner/.m2/repository/org/javassist/javassist/3.28.0-GA/javassist-3.28.0-GA.jar:/home/runner/.m2/repository/com/google/code/findbugs/jsr305/3.0.2/jsr305-3.0.2.jar:"/>
    <property name="java.vm.vendor" value="Temurin"/>
    <property name="sun.arch.data.model" value="64"/>
    <property name="java.vendor.url" value="https://adoptium.net/"/>
    <property name="user.timezone" value=""/>
    <property name="java.vm.specification.version" value="1.8"/>
    <property name="os.name" value="Linux"/>
    <property name="sun.java.launcher" value="SUN_STANDARD"/>
    <property name="sun.boot.library.path" value="/usr/lib/jvm/temurin-8-jdk-amd64/jre/lib/amd64"/>
    <property name="sun.java.command" value="/home/runner/work/ratis/ratis/ratis-test/target/surefire/surefirebooter6579480460470604787.jar /home/runner/work/ratis/ratis/ratis-test/target/surefire 2022-07-21T19-24-20_805-jvmRun1 surefire4191591927533890970tmp surefire_387048340271645566450tmp"/>
    <property name="surefire.test.class.path" value="/home/runner/work/ratis/ratis/ratis-test/target/test-classes:/home/runner/work/ratis/ratis/ratis-test/target/classes:/home/runner/work/ratis/ratis/ratis-common/target/classes:/home/runner/.m2/repository/org/apache/ratis/ratis-thirdparty-misc/1.0.1/ratis-thirdparty-misc-1.0.1.jar:/home/runner/work/ratis/ratis/ratis-proto/target/ratis-proto-3.0.0-SNAPSHOT.jar:/home/runner/work/ratis/ratis/ratis-common/target/test-classes:/home/runner/work/ratis/ratis/ratis-client/target/classes:/home/runner/work/ratis/ratis/ratis-server/target/classes:/home/runner/work/ratis/ratis/ratis-server-api/target/classes:/home/runner/work/ratis/ratis/ratis-metrics/target/classes:/home/runner/work/ratis/ratis/ratis-server/target/test-classes:/home/runner/work/ratis/ratis/ratis-netty/target/classes:/home/runner/work/ratis/ratis/ratis-netty/target/test-classes:/home/runner/work/ratis/ratis/ratis-grpc/target/classes:/home/runner/work/ratis/ratis/ratis-grpc/target/test-classes:/home/runner/.m2/repository/org/slf4j/slf4j-api/1.7.29/slf4j-api-1.7.29.jar:/home/runner/.m2/repository/org/slf4j/slf4j-log4j12/1.7.29/slf4j-log4j12-1.7.29.jar:/home/runner/.m2/repository/log4j/log4j/1.2.17/log4j-1.2.17.jar:/home/runner/.m2/repository/junit/junit/4.13.2/junit-4.13.2.jar:/home/runner/.m2/repository/org/hamcrest/hamcrest-core/1.3/hamcrest-core-1.3.jar:/home/runner/.m2/repository/org/mockito/mockito-core/4.3.1/mockito-core-4.3.1.jar:/home/runner/.m2/repository/net/bytebuddy/byte-buddy/1.12.7/byte-buddy-1.12.7.jar:/home/runner/.m2/repository/net/bytebuddy/byte-buddy-agent/1.12.7/byte-buddy-agent-1.12.7.jar:/home/runner/.m2/repository/org/objenesis/objenesis/3.2/objenesis-3.2.jar:/home/runner/work/ratis/ratis/ratis-shell/target/classes:/home/runner/.m2/repository/commons-cli/commons-cli/1.5.0/commons-cli-1.5.0.jar:/home/runner/.m2/repository/org/reflections/reflections/0.10.2/reflections-0.10.2.jar:/home/runner/.m2/repository/org/javassist/javassist/3.28.0-GA/javassist-3.28.0-GA.jar:/home/runner/.m2/repository/com/google/code/findbugs/jsr305/3.0.2/jsr305-3.0.2.jar:"/>
    <property name="sun.cpu.endian" value="little"/>
    <property name="user.home" value="/home/runner"/>
    <property name="user.language" value="en"/>
    <property name="java.specification.vendor" value="Oracle Corporation"/>
    <property name="java.home" value="/usr/lib/jvm/temurin-8-jdk-amd64/jre"/>
    <property name="basedir" value="/home/runner/work/ratis/ratis/ratis-test"/>
    <property name="file.separator" value="/"/>
    <property name="line.separator" value="&#10;"/>
    <property name="java.vm.specification.vendor" value="Oracle Corporation"/>
    <property name="java.specification.name" value="Java Platform API Specification"/>
    <property name="java.awt.graphicsenv" value="sun.awt.X11GraphicsEnvironment"/>
    <property name="surefire.real.class.path" value="/home/runner/work/ratis/ratis/ratis-test/target/surefire/surefirebooter6579480460470604787.jar"/>
    <property name="sun.boot.class.path" value="/usr/lib/jvm/temurin-8-jdk-amd64/jre/lib/resources.jar:/usr/lib/jvm/temurin-8-jdk-amd64/jre/lib/rt.jar:/usr/lib/jvm/temurin-8-jdk-amd64/jre/lib/sunrsasign.jar:/usr/lib/jvm/temurin-8-jdk-amd64/jre/lib/jsse.jar:/usr/lib/jvm/temurin-8-jdk-amd64/jre/lib/jce.jar:/usr/lib/jvm/temurin-8-jdk-amd64/jre/lib/charsets.jar:/usr/lib/jvm/temurin-8-jdk-amd64/jre/lib/jfr.jar:/usr/lib/jvm/temurin-8-jdk-amd64/jre/classes"/>
    <property name="sun.management.compiler" value="HotSpot 64-Bit Tiered Compilers"/>
    <property name="java.runtime.version" value="1.8.0_332-b09"/>
    <property name="java.net.preferIPv4Stack" value="true"/>
    <property name="user.name" value="runner"/>
    <property name="path.separator" value=":"/>
    <property name="os.version" value="5.4.0-1086-azure"/>
    <property name="java.endorsed.dirs" value="/usr/lib/jvm/temurin-8-jdk-amd64/jre/lib/endorsed"/>
    <property name="java.runtime.name" value="OpenJDK Runtime Environment"/>
    <property name="file.encoding" value="UTF-8"/>
    <property name="java.vm.name" value="OpenJDK 64-Bit Server VM"/>
    <property name="localRepository" value="/home/runner/.m2/repository"/>
    <property name="java.vendor.url.bug" value="https://github.com/adoptium/adoptium-support/issues"/>
    <property name="java.io.tmpdir" value="/tmp"/>
    <property name="java.version" value="1.8.0_332"/>
    <property name="user.dir" value="/home/runner/work/ratis/ratis/ratis-test"/>
    <property name="os.arch" value="amd64"/>
    <property name="ratis.tmp.dir" value="/home/runner/work/ratis/ratis/ratis-test/target/tmp"/>
    <property name="java.vm.specification.name" value="Java Virtual Machine Specification"/>
    <property name="java.awt.printerjob" value="sun.print.PSPrinterJob"/>
    <property name="ratis.log.dir" value="/home/runner/work/ratis/ratis/ratis-test/target/log"/>
    <property name="sun.os.patch.level" value="unknown"/>
    <property name="java.library.path" value="/usr/java/packages/lib/amd64:/usr/lib64:/lib64:/lib:/usr/lib"/>
    <property name="java.vm.info" value="mixed mode"/>
    <property name="java.vendor" value="Temurin"/>
    <property name="java.vm.version" value="25.332-b09"/>
    <property name="java.ext.dirs" value="/usr/lib/jvm/temurin-8-jdk-amd64/jre/lib/ext:/usr/java/packages/lib/ext"/>
    <property name="sun.io.unicode.encoding" value="UnicodeLittle"/>
    <property name="java.class.version" value="52.0"/>
  </properties>
  <testcase name="testMultipleStreamsSingleServer" classname="org.apache.ratis.datastream.TestNettyDataStreamStarTopologyWithGrpcCluster" time="29.705"/>
  <testcase name="testMultipleStreamsMultipleServers" classname="org.apache.ratis.datastream.TestNettyDataStreamStarTopologyWithGrpcCluster" time="97.811"/>
  <testcase name="testMultipleStreamsMultipleServersStepDownLeader" classname="org.apache.ratis.datastream.TestNettyDataStreamStarTopologyWithGrpcCluster" time="300.021">
    <error message="test timed out after 300 seconds" type="org.junit.runners.model.TestTimedOutException">org.junit.runners.model.TestTimedOutException: test timed out after 300 seconds
	at sun.misc.Unsafe.park(Native Method)
	at java.util.concurrent.locks.LockSupport.park(LockSupport.java:175)
	at java.util.concurrent.CompletableFuture$Signaller.block(CompletableFuture.java:1707)
	at java.util.concurrent.ForkJoinPool.managedBlock(ForkJoinPool.java:3323)
	at java.util.concurrent.CompletableFuture.waitingGet(CompletableFuture.java:1742)
	at java.util.concurrent.CompletableFuture.join(CompletableFuture.java:1947)
	at org.apache.ratis.datastream.DataStreamAsyncClusterTests$$Lambda$401/1247852963.apply(Unknown Source)
	at java.util.stream.ReferencePipeline$3$1.accept(ReferencePipeline.java:193)
	at java.util.ArrayList$ArrayListSpliterator.forEachRemaining(ArrayList.java:1384)
	at java.util.stream.AbstractPipeline.copyInto(AbstractPipeline.java:482)
	at java.util.stream.AbstractPipeline.wrapAndCopyInto(AbstractPipeline.java:472)
	at java.util.stream.ReduceOps$ReduceOp.evaluateSequential(ReduceOps.java:708)
	at java.util.stream.AbstractPipeline.evaluate(AbstractPipeline.java:234)
	at java.util.stream.ReferencePipeline.reduce(ReferencePipeline.java:546)
	at java.util.stream.ReferencePipeline.max(ReferencePipeline.java:582)
	at org.apache.ratis.datastream.DataStreamAsyncClusterTests.runTestDataStream(DataStreamAsyncClusterTests.java:97)
	at org.apache.ratis.datastream.DataStreamAsyncClusterTests.runTestDataStreamStepDownLeader(DataStreamAsyncClusterTests.java:82)
	at org.apache.ratis.datastream.DataStreamAsyncClusterTests$$Lambda$839/918943950.accept(Unknown Source)
	at org.apache.ratis.server.impl.MiniRaftCluster$Factory$Get.runWithNewCluster(MiniRaftCluster.java:125)
	at org.apache.ratis.server.impl.MiniRaftCluster$Factory$Get.runWithNewCluster(MiniRaftCluster.java:113)
	at org.apache.ratis.datastream.DataStreamAsyncClusterTests.testMultipleStreamsMultipleServersStepDownLeader(DataStreamAsyncClusterTests.java:78)
	at sun.reflect.NativeMethodAccessorImpl.invoke0(Native Method)
	at sun.reflect.NativeMethodAccessorImpl.invoke(NativeMethodAccessorImpl.java:62)
	at sun.reflect.DelegatingMethodAccessorImpl.invoke(DelegatingMethodAccessorImpl.java:43)
	at java.lang.reflect.Method.invoke(Method.java:498)
	at org.junit.runners.model.FrameworkMethod$1.runReflectiveCall(FrameworkMethod.java:59)
	at org.junit.internal.runners.model.ReflectiveCallable.run(ReflectiveCallable.java:12)
	at org.junit.runners.model.FrameworkMethod.invokeExplosively(FrameworkMethod.java:56)
	at org.junit.internal.runners.statements.InvokeMethod.evaluate(InvokeMethod.java:17)
	at org.junit.internal.runners.statements.RunAfters.evaluate(RunAfters.java:27)
	at org.junit.internal.runners.statements.FailOnTimeout$CallableStatement.call(FailOnTimeout.java:299)
	at org.junit.internal.runners.statements.FailOnTimeout$CallableStatement.call(FailOnTimeout.java:293)
	at java.util.concurrent.FutureTask.run(FutureTask.java:266)
	at java.lang.Thread.run(Thread.java:750)
</error>
    <system-out><![CDATA[2022-07-21 19:36:51,073 [main] INFO  util.LogUtils (Log4jUtils.java:setLogLevel(32)) - Set org.apache.ratis.conf.ConfUtils log level to WARN
2022-07-21 19:36:51,073 [main] INFO  util.LogUtils (Log4jUtils.java:setLogLevel(32)) - Set org.apache.ratis.util.FileUtils log level to TRACE
2022-07-21 19:36:51,085 [Time-limited test] INFO  impl.MiniRaftCluster (MiniRaftCluster.java:runWithNewCluster(119)) - Running runWithNewCluster
2022-07-21 19:36:51,086 [Time-limited test] INFO  impl.MiniRaftCluster (MiniRaftCluster.java:<init>(272)) - new MiniRaftClusterWithRpcTypeGrpcAndDataStreamTypeNetty with group-3F2F94768D39:[s0|rpc:localhost:41459|admin:localhost:39355|client:localhost:35515|dataStream:localhost:32957|priority:0|startupRole:FOLLOWER, s1|rpc:localhost:42501|admin:localhost:40929|client:localhost:40437|dataStream:localhost:34203|priority:0|startupRole:FOLLOWER, s2|rpc:localhost:35871|admin:localhost:34483|client:localhost:43959|dataStream:localhost:39743|priority:0|startupRole:FOLLOWER]
2022-07-21 19:36:51,086 [Time-limited test] INFO  impl.MiniRaftCluster (MiniRaftCluster.java:start(305)) - .............................................................. 
2022-07-21 19:36:51,086 [Time-limited test] INFO  impl.MiniRaftCluster (MiniRaftCluster.java:start(306)) - ... 
2022-07-21 19:36:51,086 [Time-limited test] INFO  impl.MiniRaftCluster (MiniRaftCluster.java:start(307)) - ...     Starting MiniRaftClusterWithRpcTypeGrpcAndDataStreamTypeNetty
2022-07-21 19:36:51,086 [Time-limited test] INFO  impl.MiniRaftCluster (MiniRaftCluster.java:start(308)) - ... 
2022-07-21 19:36:51,087 [Time-limited test] INFO  impl.MiniRaftCluster (MiniRaftCluster.java:start(309)) - .............................................................. 
2022-07-21 19:36:51,087 [Time-limited test] INFO  impl.MiniRaftCluster (MiniRaftCluster.java:initServers(284)) - servers = {}
2022-07-21 19:36:51,087 [Time-limited test] INFO  impl.MiniRaftCluster (MiniRaftCluster.java:newRaftServer(348)) - newRaftServer: s0, group-3F2F94768D39:[s0|rpc:localhost:41459|admin:localhost:39355|client:localhost:35515|dataStream:localhost:32957|priority:0|startupRole:FOLLOWER, s1|rpc:localhost:42501|admin:localhost:40929|client:localhost:40437|dataStream:localhost:34203|priority:0|startupRole:FOLLOWER, s2|rpc:localhost:35871|admin:localhost:34483|client:localhost:43959|dataStream:localhost:39743|priority:0|startupRole:FOLLOWER], format? true
2022-07-21 19:36:51,087 [Time-limited test] TRACE util.FileUtils (FileUtils.java:deleteFully(162)) - deleteFully target/test/data/6043a73c/MiniRaftClusterWithRpcTypeGrpcAndDataStreamTypeNettyf73da000/s0
2022-07-21 19:36:51,087 [Time-limited test] TRACE util.FileUtils (FileUtils.java:deleteFully(178)) - deleteFully: target/test/data/6043a73c/MiniRaftClusterWithRpcTypeGrpcAndDataStreamTypeNettyf73da000/s0 does not exist.
2022-07-21 19:36:51,087 [Time-limited test] INFO  impl.MiniRaftCluster (MiniRaftCluster.java:newRaftServer(353)) - Formatted directory target/test/data/6043a73c/MiniRaftClusterWithRpcTypeGrpcAndDataStreamTypeNettyf73da000/s0
2022-07-21 19:36:51,088 [Time-limited test] INFO  server.RaftServer (ConfUtils.java:logGet(46)) - raft.rpc.type = GRPC (default)
2022-07-21 19:36:51,088 [Time-limited test] INFO  grpc.GrpcConfigKeys (ConfUtils.java:logGet(46)) - raft.grpc.admin.port = 39355 (custom)
2022-07-21 19:36:51,088 [Time-limited test] INFO  grpc.GrpcConfigKeys (ConfUtils.java:logGet(46)) - raft.grpc.client.port = 35515 (custom)
2022-07-21 19:36:51,088 [Time-limited test] INFO  grpc.GrpcConfigKeys (ConfUtils.java:logGet(46)) - raft.grpc.server.port = 41459 (custom)
2022-07-21 19:36:51,088 [Time-limited test] INFO  server.GrpcService (ConfUtils.java:logGet(46)) - raft.grpc.message.size.max = 64MB (=67108864) (default)
2022-07-21 19:36:51,089 [Time-limited test] INFO  server.RaftServerConfigKeys (ConfUtils.java:logGet(46)) - raft.server.log.appender.buffer.byte-limit = 4MB (=4194304) (default)
2022-07-21 19:36:51,089 [Time-limited test] INFO  server.GrpcService (ConfUtils.java:logGet(46)) - raft.grpc.flow.control.window = 1MB (=1048576) (default)
2022-07-21 19:36:51,089 [Time-limited test] INFO  server.RaftServerConfigKeys (ConfUtils.java:logGet(46)) - raft.server.rpc.request.timeout = 3000ms (default)
2022-07-21 19:36:51,089 [Time-limited test] INFO  grpc.GrpcConfigKeys (ConfUtils.java:logGet(46)) - raft.grpc.server.heartbeat.channel = true (default)
2022-07-21 19:36:51,089 [Time-limited test] INFO  grpc.GrpcConfigKeys (ConfUtils.java:logGet(46)) - raft.grpc.server.async.request.thread.pool.cached = true (default)
2022-07-21 19:36:51,089 [Time-limited test] INFO  grpc.GrpcConfigKeys (ConfUtils.java:logGet(46)) - raft.grpc.server.async.request.thread.pool.size = 32 (default)
2022-07-21 19:36:51,091 [Time-limited test] INFO  impl.DataStreamServerImpl (ConfUtils.java:logGet(46)) - raft.datastream.type = NETTY (custom)
2022-07-21 19:36:51,091 [Time-limited test] INFO  netty.NettyConfigKeys$DataStream (ConfUtils.java:logGet(46)) - raft.netty.dataStream.server.tls.conf = null (default)
2022-07-21 19:36:51,091 [Time-limited test] INFO  server.RaftServerConfigKeys (ConfUtils.java:logGet(46)) - raft.server.data-stream.async.request.thread.pool.cached = false (default)
2022-07-21 19:36:51,092 [Time-limited test] INFO  server.RaftServerConfigKeys (ConfUtils.java:logGet(46)) - raft.server.data-stream.async.request.thread.pool.size = 32 (default)
2022-07-21 19:36:51,096 [Time-limited test] INFO  server.RaftServerConfigKeys (ConfUtils.java:logGet(46)) - raft.server.data-stream.async.write.thread.pool.size = 16 (default)
2022-07-21 19:36:51,096 [Time-limited test] INFO  server.RaftServerConfigKeys (ConfUtils.java:logGet(46)) - raft.server.data-stream.client.pool.size = 10 (default)
2022-07-21 19:36:51,097 [Time-limited test] INFO  netty.NettyConfigKeys$DataStream (ConfUtils.java:logGet(46)) - raft.netty.dataStream.server.use-epoll = false (default)
2022-07-21 19:36:51,097 [Time-limited test] INFO  netty.NettyConfigKeys$DataStream (ConfUtils.java:logGet(46)) - raft.netty.dataStream.server.boss-group.size = 0 (default)
2022-07-21 19:36:51,098 [Time-limited test] INFO  netty.NettyConfigKeys$DataStream (ConfUtils.java:logGet(46)) - raft.netty.dataStream.server.worker-group.size = 0 (default)
2022-07-21 19:36:51,098 [Time-limited test] INFO  netty.NettyConfigKeys$DataStream (ConfUtils.java:logGet(46)) - raft.netty.dataStream.host = null (default)
2022-07-21 19:36:51,098 [Time-limited test] INFO  netty.NettyConfigKeys$DataStream (ConfUtils.java:logGet(46)) - raft.netty.dataStream.port = 32957 (custom)
2022-07-21 19:36:51,099 [Time-limited test] INFO  server.RaftServerConfigKeys (ConfUtils.java:logGet(46)) - raft.server.threadpool.proxy.cached = true (default)
2022-07-21 19:36:51,099 [Time-limited test] INFO  server.RaftServerConfigKeys (ConfUtils.java:logGet(46)) - raft.server.threadpool.proxy.size = 0 (default)
2022-07-21 19:36:51,099 [Time-limited test] INFO  server.RaftServerConfigKeys (ConfUtils.java:logGet(46)) - raft.server.rpc.slowness.timeout = 60s (default)
2022-07-21 19:36:51,099 [Time-limited test] INFO  server.RaftServerConfigKeys (ConfUtils.java:logGet(46)) - raft.server.leaderelection.leader.step-down.wait-time = 10s (default)
2022-07-21 19:36:51,100 [Time-limited test] INFO  server.RaftServerConfigKeys (ConfUtils.java:logGet(46)) - raft.server.storage.dir = [/home/runner/work/ratis/ratis/ratis-test/target/test/data/6043a73c/MiniRaftClusterWithRpcTypeGrpcAndDataStreamTypeNettyf73da000/s0] (custom)
2022-07-21 19:36:51,100 [s0-NettyServerStreamRpc-bossGroup--thread1] INFO  logging.LoggingHandler (AbstractInternalLogger.java:log(148)) - [id: 0xf06305cb] REGISTERED
2022-07-21 19:36:51,100 [s0-NettyServerStreamRpc-bossGroup--thread1] INFO  logging.LoggingHandler (AbstractInternalLogger.java:log(148)) - [id: 0xf06305cb] BIND: 0.0.0.0/0.0.0.0:32957
2022-07-21 19:36:51,100 [s0-NettyServerStreamRpc-bossGroup--thread1] INFO  logging.LoggingHandler (AbstractInternalLogger.java:log(148)) - [id: 0xf06305cb, L:/0.0.0.0:32957] ACTIVE
2022-07-21 19:36:51,101 [Time-limited test] INFO  server.RaftServer (RaftServerProxy.java:addNew(96)) - s0: addNew group-3F2F94768D39:[s0|rpc:localhost:41459|admin:localhost:39355|client:localhost:35515|dataStream:localhost:32957|priority:0|startupRole:FOLLOWER, s1|rpc:localhost:42501|admin:localhost:40929|client:localhost:40437|dataStream:localhost:34203|priority:0|startupRole:FOLLOWER, s2|rpc:localhost:35871|admin:localhost:34483|client:localhost:43959|dataStream:localhost:39743|priority:0|startupRole:FOLLOWER] returns group-3F2F94768D39:java.util.concurrent.CompletableFuture@1d5e18ab[Not completed]
2022-07-21 19:36:51,102 [pool-10-thread-1] INFO  server.RaftServer$Division (RaftServerImpl.java:<init>(192)) - s0: new RaftServerImpl for group-3F2F94768D39:[s0|rpc:localhost:41459|admin:localhost:39355|client:localhost:35515|dataStream:localhost:32957|priority:0|startupRole:FOLLOWER, s1|rpc:localhost:42501|admin:localhost:40929|client:localhost:40437|dataStream:localhost:34203|priority:0|startupRole:FOLLOWER, s2|rpc:localhost:35871|admin:localhost:34483|client:localhost:43959|dataStream:localhost:39743|priority:0|startupRole:FOLLOWER] with MultiDataStreamStateMachine:uninitialized
2022-07-21 19:36:51,102 [pool-10-thread-1] INFO  server.RaftServerConfigKeys (ConfUtils.java:logGet(46)) - raft.server.rpc.timeout.min = 150ms (default)
2022-07-21 19:36:51,102 [pool-10-thread-1] INFO  server.RaftServerConfigKeys (ConfUtils.java:logGet(46)) - raft.server.rpc.timeout.max = 300ms (default)
2022-07-21 19:36:51,102 [pool-10-thread-1] INFO  server.RaftServerConfigKeys (ConfUtils.java:logGet(46)) - raft.server.rpc.sleep.time = 25ms (default)
2022-07-21 19:36:51,102 [pool-10-thread-1] INFO  server.RaftServerConfigKeys (ConfUtils.java:logGet(46)) - raft.server.rpc.slowness.timeout = 60s (default)
2022-07-21 19:36:51,102 [pool-10-thread-1] INFO  server.RaftServerConfigKeys (ConfUtils.java:logGet(46)) - raft.server.leaderelection.leader.step-down.wait-time = 10s (default)
2022-07-21 19:36:51,102 [pool-10-thread-1] INFO  server.RaftServerConfigKeys (ConfUtils.java:logGet(46)) - raft.server.sleep.deviation.threshold = 300ms (default)
2022-07-21 19:36:51,102 [pool-10-thread-1] INFO  server.RaftServer$Division (ServerState.java:<init>(118)) - s0@group-3F2F94768D39: ConfigurationManager, init=-1: peers:[s0|rpc:localhost:41459|admin:localhost:39355|client:localhost:35515|dataStream:localhost:32957|priority:0|startupRole:FOLLOWER, s1|rpc:localhost:42501|admin:localhost:40929|client:localhost:40437|dataStream:localhost:34203|priority:0|startupRole:FOLLOWER, s2|rpc:localhost:35871|admin:localhost:34483|client:localhost:43959|dataStream:localhost:39743|priority:0|startupRole:FOLLOWER]|listeners:[], old=null, confs=<EMPTY_MAP>
2022-07-21 19:36:51,103 [Time-limited test] INFO  impl.MiniRaftCluster (MiniRaftCluster.java:newRaftServer(348)) - newRaftServer: s1, group-3F2F94768D39:[s0|rpc:localhost:41459|admin:localhost:39355|client:localhost:35515|dataStream:localhost:32957|priority:0|startupRole:FOLLOWER, s1|rpc:localhost:42501|admin:localhost:40929|client:localhost:40437|dataStream:localhost:34203|priority:0|startupRole:FOLLOWER, s2|rpc:localhost:35871|admin:localhost:34483|client:localhost:43959|dataStream:localhost:39743|priority:0|startupRole:FOLLOWER], format? true
2022-07-21 19:36:51,103 [Time-limited test] TRACE util.FileUtils (FileUtils.java:deleteFully(162)) - deleteFully target/test/data/6043a73c/MiniRaftClusterWithRpcTypeGrpcAndDataStreamTypeNettyf73da000/s1
2022-07-21 19:36:51,103 [Time-limited test] TRACE util.FileUtils (FileUtils.java:deleteFully(178)) - deleteFully: target/test/data/6043a73c/MiniRaftClusterWithRpcTypeGrpcAndDataStreamTypeNettyf73da000/s1 does not exist.
2022-07-21 19:36:51,103 [Time-limited test] INFO  impl.MiniRaftCluster (MiniRaftCluster.java:newRaftServer(353)) - Formatted directory target/test/data/6043a73c/MiniRaftClusterWithRpcTypeGrpcAndDataStreamTypeNettyf73da000/s1
2022-07-21 19:36:51,103 [pool-10-thread-1] INFO  server.RaftServerConfigKeys (ConfUtils.java:logGet(46)) - raft.server.storage.dir = [/home/runner/work/ratis/ratis/ratis-test/target/test/data/6043a73c/MiniRaftClusterWithRpcTypeGrpcAndDataStreamTypeNettyf73da000/s0] (custom)
2022-07-21 19:36:51,103 [Time-limited test] INFO  server.RaftServer (ConfUtils.java:logGet(46)) - raft.rpc.type = GRPC (default)
2022-07-21 19:36:51,103 [Time-limited test] INFO  grpc.GrpcConfigKeys (ConfUtils.java:logGet(46)) - raft.grpc.admin.port = 40929 (custom)
2022-07-21 19:36:51,103 [pool-10-thread-1] INFO  server.RaftServerConfigKeys (ConfUtils.java:logGet(46)) - raft.server.log.corruption.policy = EXCEPTION (default)
2022-07-21 19:36:51,104 [pool-10-thread-1] INFO  server.RaftServerConfigKeys (ConfUtils.java:logGet(46)) - raft.server.storage.free-space.min = 0MB (=0) (default)
2022-07-21 19:36:51,103 [Time-limited test] INFO  grpc.GrpcConfigKeys (ConfUtils.java:logGet(46)) - raft.grpc.client.port = 40437 (custom)
2022-07-21 19:36:51,104 [pool-10-thread-1] INFO  server.RaftServerConfigKeys (ConfUtils.java:logGet(46)) - raft.server.notification.no-leader.timeout = 60s (default)
2022-07-21 19:36:51,104 [Time-limited test] INFO  grpc.GrpcConfigKeys (ConfUtils.java:logGet(46)) - raft.grpc.server.port = 42501 (custom)
2022-07-21 19:36:51,104 [Time-limited test] INFO  server.GrpcService (ConfUtils.java:logGet(46)) - raft.grpc.message.size.max = 64MB (=67108864) (default)
2022-07-21 19:36:51,104 [Time-limited test] INFO  server.RaftServerConfigKeys (ConfUtils.java:logGet(46)) - raft.server.log.appender.buffer.byte-limit = 4MB (=4194304) (default)
2022-07-21 19:36:51,105 [Time-limited test] INFO  server.GrpcService (ConfUtils.java:logGet(46)) - raft.grpc.flow.control.window = 1MB (=1048576) (default)
2022-07-21 19:36:51,105 [Time-limited test] INFO  server.RaftServerConfigKeys (ConfUtils.java:logGet(46)) - raft.server.rpc.request.timeout = 3000ms (default)
2022-07-21 19:36:51,105 [Time-limited test] INFO  grpc.GrpcConfigKeys (ConfUtils.java:logGet(46)) - raft.grpc.server.heartbeat.channel = true (default)
2022-07-21 19:36:51,105 [pool-10-thread-1] INFO  server.RaftServerConfigKeys (ConfUtils.java:logGet(46)) - raft.server.retrycache.expirytime = 60s (default)
2022-07-21 19:36:51,105 [Time-limited test] INFO  grpc.GrpcConfigKeys (ConfUtils.java:logGet(46)) - raft.grpc.server.async.request.thread.pool.cached = true (default)
2022-07-21 19:36:51,112 [Time-limited test] INFO  grpc.GrpcConfigKeys (ConfUtils.java:logGet(46)) - raft.grpc.server.async.request.thread.pool.size = 32 (default)
2022-07-21 19:36:51,113 [Time-limited test] INFO  impl.DataStreamServerImpl (ConfUtils.java:logGet(46)) - raft.datastream.type = NETTY (custom)
2022-07-21 19:36:51,114 [Time-limited test] INFO  netty.NettyConfigKeys$DataStream (ConfUtils.java:logGet(46)) - raft.netty.dataStream.server.tls.conf = null (default)
2022-07-21 19:36:51,114 [Time-limited test] INFO  server.RaftServerConfigKeys (ConfUtils.java:logGet(46)) - raft.server.data-stream.async.request.thread.pool.cached = false (default)
2022-07-21 19:36:51,114 [Time-limited test] INFO  server.RaftServerConfigKeys (ConfUtils.java:logGet(46)) - raft.server.data-stream.async.request.thread.pool.size = 32 (default)
2022-07-21 19:36:51,115 [Time-limited test] INFO  server.RaftServerConfigKeys (ConfUtils.java:logGet(46)) - raft.server.data-stream.async.write.thread.pool.size = 16 (default)
2022-07-21 19:36:51,115 [Time-limited test] INFO  server.RaftServerConfigKeys (ConfUtils.java:logGet(46)) - raft.server.data-stream.client.pool.size = 10 (default)
2022-07-21 19:36:51,115 [Time-limited test] INFO  netty.NettyConfigKeys$DataStream (ConfUtils.java:logGet(46)) - raft.netty.dataStream.server.use-epoll = false (default)
2022-07-21 19:36:51,116 [Time-limited test] INFO  netty.NettyConfigKeys$DataStream (ConfUtils.java:logGet(46)) - raft.netty.dataStream.server.boss-group.size = 0 (default)
2022-07-21 19:36:51,116 [pool-10-thread-1] INFO  server.RaftServerConfigKeys (ConfUtils.java:logGet(46)) - raft.server.retrycache.statistics.expirytime = 100μs (default)
2022-07-21 19:36:51,117 [Time-limited test] INFO  netty.NettyConfigKeys$DataStream (ConfUtils.java:logGet(46)) - raft.netty.dataStream.server.worker-group.size = 0 (default)
2022-07-21 19:36:51,119 [Time-limited test] INFO  netty.NettyConfigKeys$DataStream (ConfUtils.java:logGet(46)) - raft.netty.dataStream.host = null (default)
2022-07-21 19:36:51,119 [pool-10-thread-1] INFO  server.RaftServerConfigKeys (ConfUtils.java:logGet(46)) - raft.server.log.appender.install.snapshot.enabled = true (default)
2022-07-21 19:36:51,120 [pool-10-thread-1] INFO  server.RaftServerConfigKeys (ConfUtils.java:logGet(46)) - raft.server.threadpool.server.cached = true (default)
2022-07-21 19:36:51,120 [Time-limited test] INFO  netty.NettyConfigKeys$DataStream (ConfUtils.java:logGet(46)) - raft.netty.dataStream.port = 34203 (custom)
2022-07-21 19:36:51,120 [pool-10-thread-1] INFO  server.RaftServerConfigKeys (ConfUtils.java:logGet(46)) - raft.server.threadpool.server.size = 0 (default)
2022-07-21 19:36:51,120 [pool-10-thread-1] INFO  server.RaftServerConfigKeys (ConfUtils.java:logGet(46)) - raft.server.threadpool.client.cached = true (default)
2022-07-21 19:36:51,121 [pool-10-thread-1] INFO  server.RaftServerConfigKeys (ConfUtils.java:logGet(46)) - raft.server.threadpool.client.size = 0 (default)
2022-07-21 19:36:51,121 [Time-limited test] INFO  server.RaftServerConfigKeys (ConfUtils.java:logGet(46)) - raft.server.threadpool.proxy.cached = true (default)
2022-07-21 19:36:51,121 [Time-limited test] INFO  server.RaftServerConfigKeys (ConfUtils.java:logGet(46)) - raft.server.threadpool.proxy.size = 0 (default)
2022-07-21 19:36:51,121 [Time-limited test] INFO  server.RaftServerConfigKeys (ConfUtils.java:logGet(46)) - raft.server.rpc.slowness.timeout = 60s (default)
2022-07-21 19:36:51,122 [Time-limited test] INFO  server.RaftServerConfigKeys (ConfUtils.java:logGet(46)) - raft.server.leaderelection.leader.step-down.wait-time = 10s (default)
2022-07-21 19:36:51,122 [Time-limited test] INFO  server.RaftServerConfigKeys (ConfUtils.java:logGet(46)) - raft.server.storage.dir = [/home/runner/work/ratis/ratis/ratis-test/target/test/data/6043a73c/MiniRaftClusterWithRpcTypeGrpcAndDataStreamTypeNettyf73da000/s1] (custom)
2022-07-21 19:36:51,122 [s1-NettyServerStreamRpc-bossGroup--thread1] INFO  logging.LoggingHandler (AbstractInternalLogger.java:log(148)) - [id: 0xed2015e1] REGISTERED
2022-07-21 19:36:51,122 [s1-NettyServerStreamRpc-bossGroup--thread1] INFO  logging.LoggingHandler (AbstractInternalLogger.java:log(148)) - [id: 0xed2015e1] BIND: 0.0.0.0/0.0.0.0:34203
2022-07-21 19:36:51,124 [s1-NettyServerStreamRpc-bossGroup--thread1] INFO  logging.LoggingHandler (AbstractInternalLogger.java:log(148)) - [id: 0xed2015e1, L:/0.0.0.0:34203] ACTIVE
2022-07-21 19:36:51,133 [Time-limited test] INFO  server.RaftServer (RaftServerProxy.java:addNew(96)) - s1: addNew group-3F2F94768D39:[s0|rpc:localhost:41459|admin:localhost:39355|client:localhost:35515|dataStream:localhost:32957|priority:0|startupRole:FOLLOWER, s1|rpc:localhost:42501|admin:localhost:40929|client:localhost:40437|dataStream:localhost:34203|priority:0|startupRole:FOLLOWER, s2|rpc:localhost:35871|admin:localhost:34483|client:localhost:43959|dataStream:localhost:39743|priority:0|startupRole:FOLLOWER] returns group-3F2F94768D39:java.util.concurrent.CompletableFuture@3985b9eb[Not completed]
2022-07-21 19:36:51,134 [pool-11-thread-1] INFO  server.RaftServer$Division (RaftServerImpl.java:<init>(192)) - s1: new RaftServerImpl for group-3F2F94768D39:[s0|rpc:localhost:41459|admin:localhost:39355|client:localhost:35515|dataStream:localhost:32957|priority:0|startupRole:FOLLOWER, s1|rpc:localhost:42501|admin:localhost:40929|client:localhost:40437|dataStream:localhost:34203|priority:0|startupRole:FOLLOWER, s2|rpc:localhost:35871|admin:localhost:34483|client:localhost:43959|dataStream:localhost:39743|priority:0|startupRole:FOLLOWER] with MultiDataStreamStateMachine:uninitialized
2022-07-21 19:36:51,134 [pool-11-thread-1] INFO  server.RaftServerConfigKeys (ConfUtils.java:logGet(46)) - raft.server.rpc.timeout.min = 150ms (default)
2022-07-21 19:36:51,134 [Time-limited test] INFO  impl.MiniRaftCluster (MiniRaftCluster.java:newRaftServer(348)) - newRaftServer: s2, group-3F2F94768D39:[s0|rpc:localhost:41459|admin:localhost:39355|client:localhost:35515|dataStream:localhost:32957|priority:0|startupRole:FOLLOWER, s1|rpc:localhost:42501|admin:localhost:40929|client:localhost:40437|dataStream:localhost:34203|priority:0|startupRole:FOLLOWER, s2|rpc:localhost:35871|admin:localhost:34483|client:localhost:43959|dataStream:localhost:39743|priority:0|startupRole:FOLLOWER], format? true
2022-07-21 19:36:51,134 [Time-limited test] TRACE util.FileUtils (FileUtils.java:deleteFully(162)) - deleteFully target/test/data/6043a73c/MiniRaftClusterWithRpcTypeGrpcAndDataStreamTypeNettyf73da000/s2
2022-07-21 19:36:51,134 [pool-11-thread-1] INFO  server.RaftServerConfigKeys (ConfUtils.java:logGet(46)) - raft.server.rpc.timeout.max = 300ms (default)
2022-07-21 19:36:51,134 [Time-limited test] TRACE util.FileUtils (FileUtils.java:deleteFully(178)) - deleteFully: target/test/data/6043a73c/MiniRaftClusterWithRpcTypeGrpcAndDataStreamTypeNettyf73da000/s2 does not exist.
2022-07-21 19:36:51,135 [Time-limited test] INFO  impl.MiniRaftCluster (MiniRaftCluster.java:newRaftServer(353)) - Formatted directory target/test/data/6043a73c/MiniRaftClusterWithRpcTypeGrpcAndDataStreamTypeNettyf73da000/s2
2022-07-21 19:36:51,135 [pool-11-thread-1] INFO  server.RaftServerConfigKeys (ConfUtils.java:logGet(46)) - raft.server.rpc.sleep.time = 25ms (default)
2022-07-21 19:36:51,135 [pool-11-thread-1] INFO  server.RaftServerConfigKeys (ConfUtils.java:logGet(46)) - raft.server.rpc.slowness.timeout = 60s (default)
2022-07-21 19:36:51,135 [Time-limited test] INFO  server.RaftServer (ConfUtils.java:logGet(46)) - raft.rpc.type = GRPC (default)
2022-07-21 19:36:51,135 [Time-limited test] INFO  grpc.GrpcConfigKeys (ConfUtils.java:logGet(46)) - raft.grpc.admin.port = 34483 (custom)
2022-07-21 19:36:51,135 [Time-limited test] INFO  grpc.GrpcConfigKeys (ConfUtils.java:logGet(46)) - raft.grpc.client.port = 43959 (custom)
2022-07-21 19:36:51,136 [Time-limited test] INFO  grpc.GrpcConfigKeys (ConfUtils.java:logGet(46)) - raft.grpc.server.port = 35871 (custom)
2022-07-21 19:36:51,136 [Time-limited test] INFO  server.GrpcService (ConfUtils.java:logGet(46)) - raft.grpc.message.size.max = 64MB (=67108864) (default)
2022-07-21 19:36:51,136 [Time-limited test] INFO  server.RaftServerConfigKeys (ConfUtils.java:logGet(46)) - raft.server.log.appender.buffer.byte-limit = 4MB (=4194304) (default)
2022-07-21 19:36:51,136 [Time-limited test] INFO  server.GrpcService (ConfUtils.java:logGet(46)) - raft.grpc.flow.control.window = 1MB (=1048576) (default)
2022-07-21 19:36:51,136 [Time-limited test] INFO  server.RaftServerConfigKeys (ConfUtils.java:logGet(46)) - raft.server.rpc.request.timeout = 3000ms (default)
2022-07-21 19:36:51,136 [Time-limited test] INFO  grpc.GrpcConfigKeys (ConfUtils.java:logGet(46)) - raft.grpc.server.heartbeat.channel = true (default)
2022-07-21 19:36:51,136 [Time-limited test] INFO  grpc.GrpcConfigKeys (ConfUtils.java:logGet(46)) - raft.grpc.server.async.request.thread.pool.cached = true (default)
2022-07-21 19:36:51,136 [Time-limited test] INFO  grpc.GrpcConfigKeys (ConfUtils.java:logGet(46)) - raft.grpc.server.async.request.thread.pool.size = 32 (default)
2022-07-21 19:36:51,138 [Time-limited test] INFO  impl.DataStreamServerImpl (ConfUtils.java:logGet(46)) - raft.datastream.type = NETTY (custom)
2022-07-21 19:36:51,139 [Time-limited test] INFO  netty.NettyConfigKeys$DataStream (ConfUtils.java:logGet(46)) - raft.netty.dataStream.server.tls.conf = null (default)
2022-07-21 19:36:51,139 [Time-limited test] INFO  server.RaftServerConfigKeys (ConfUtils.java:logGet(46)) - raft.server.data-stream.async.request.thread.pool.cached = false (default)
2022-07-21 19:36:51,139 [Time-limited test] INFO  server.RaftServerConfigKeys (ConfUtils.java:logGet(46)) - raft.server.data-stream.async.request.thread.pool.size = 32 (default)
2022-07-21 19:36:51,139 [Time-limited test] INFO  server.RaftServerConfigKeys (ConfUtils.java:logGet(46)) - raft.server.data-stream.async.write.thread.pool.size = 16 (default)
2022-07-21 19:36:51,139 [Time-limited test] INFO  server.RaftServerConfigKeys (ConfUtils.java:logGet(46)) - raft.server.data-stream.client.pool.size = 10 (default)
2022-07-21 19:36:51,139 [Time-limited test] INFO  netty.NettyConfigKeys$DataStream (ConfUtils.java:logGet(46)) - raft.netty.dataStream.server.use-epoll = false (default)
2022-07-21 19:36:51,139 [Time-limited test] INFO  netty.NettyConfigKeys$DataStream (ConfUtils.java:logGet(46)) - raft.netty.dataStream.server.boss-group.size = 0 (default)
2022-07-21 19:36:51,139 [pool-11-thread-1] INFO  server.RaftServerConfigKeys (ConfUtils.java:logGet(46)) - raft.server.leaderelection.leader.step-down.wait-time = 10s (default)
2022-07-21 19:36:51,140 [pool-11-thread-1] INFO  server.RaftServerConfigKeys (ConfUtils.java:logGet(46)) - raft.server.sleep.deviation.threshold = 300ms (default)
2022-07-21 19:36:51,140 [Time-limited test] INFO  netty.NettyConfigKeys$DataStream (ConfUtils.java:logGet(46)) - raft.netty.dataStream.server.worker-group.size = 0 (default)
2022-07-21 19:36:51,140 [pool-11-thread-1] INFO  server.RaftServer$Division (ServerState.java:<init>(118)) - s1@group-3F2F94768D39: ConfigurationManager, init=-1: peers:[s0|rpc:localhost:41459|admin:localhost:39355|client:localhost:35515|dataStream:localhost:32957|priority:0|startupRole:FOLLOWER, s1|rpc:localhost:42501|admin:localhost:40929|client:localhost:40437|dataStream:localhost:34203|priority:0|startupRole:FOLLOWER, s2|rpc:localhost:35871|admin:localhost:34483|client:localhost:43959|dataStream:localhost:39743|priority:0|startupRole:FOLLOWER]|listeners:[], old=null, confs=<EMPTY_MAP>
2022-07-21 19:36:51,140 [Time-limited test] INFO  netty.NettyConfigKeys$DataStream (ConfUtils.java:logGet(46)) - raft.netty.dataStream.host = null (default)
2022-07-21 19:36:51,140 [Time-limited test] INFO  netty.NettyConfigKeys$DataStream (ConfUtils.java:logGet(46)) - raft.netty.dataStream.port = 39743 (custom)
2022-07-21 19:36:51,140 [pool-11-thread-1] INFO  server.RaftServerConfigKeys (ConfUtils.java:logGet(46)) - raft.server.storage.dir = [/home/runner/work/ratis/ratis/ratis-test/target/test/data/6043a73c/MiniRaftClusterWithRpcTypeGrpcAndDataStreamTypeNettyf73da000/s1] (custom)
2022-07-21 19:36:51,141 [pool-11-thread-1] INFO  server.RaftServerConfigKeys (ConfUtils.java:logGet(46)) - raft.server.log.corruption.policy = EXCEPTION (default)
2022-07-21 19:36:51,141 [s2-NettyServerStreamRpc-bossGroup--thread1] INFO  logging.LoggingHandler (AbstractInternalLogger.java:log(148)) - [id: 0x935e7424] REGISTERED
2022-07-21 19:36:51,141 [Time-limited test] INFO  server.RaftServerConfigKeys (ConfUtils.java:logGet(46)) - raft.server.threadpool.proxy.cached = true (default)
2022-07-21 19:36:51,142 [Time-limited test] INFO  server.RaftServerConfigKeys (ConfUtils.java:logGet(46)) - raft.server.threadpool.proxy.size = 0 (default)
2022-07-21 19:36:51,142 [Time-limited test] INFO  server.RaftServerConfigKeys (ConfUtils.java:logGet(46)) - raft.server.rpc.slowness.timeout = 60s (default)
2022-07-21 19:36:51,142 [Time-limited test] INFO  server.RaftServerConfigKeys (ConfUtils.java:logGet(46)) - raft.server.leaderelection.leader.step-down.wait-time = 10s (default)
2022-07-21 19:36:51,142 [Time-limited test] INFO  server.RaftServerConfigKeys (ConfUtils.java:logGet(46)) - raft.server.storage.dir = [/home/runner/work/ratis/ratis/ratis-test/target/test/data/6043a73c/MiniRaftClusterWithRpcTypeGrpcAndDataStreamTypeNettyf73da000/s2] (custom)
2022-07-21 19:36:51,141 [pool-11-thread-1] INFO  server.RaftServerConfigKeys (ConfUtils.java:logGet(46)) - raft.server.storage.free-space.min = 0MB (=0) (default)
2022-07-21 19:36:51,142 [s2-NettyServerStreamRpc-bossGroup--thread1] INFO  logging.LoggingHandler (AbstractInternalLogger.java:log(148)) - [id: 0x935e7424] BIND: 0.0.0.0/0.0.0.0:39743
2022-07-21 19:36:51,143 [s2-NettyServerStreamRpc-bossGroup--thread1] INFO  logging.LoggingHandler (AbstractInternalLogger.java:log(148)) - [id: 0x935e7424, L:/0.0.0.0:39743] ACTIVE
2022-07-21 19:36:51,143 [pool-11-thread-1] INFO  server.RaftServerConfigKeys (ConfUtils.java:logGet(46)) - raft.server.notification.no-leader.timeout = 60s (default)
2022-07-21 19:36:51,143 [pool-11-thread-1] INFO  server.RaftServerConfigKeys (ConfUtils.java:logGet(46)) - raft.server.retrycache.expirytime = 60s (default)
2022-07-21 19:36:51,143 [pool-11-thread-1] INFO  server.RaftServerConfigKeys (ConfUtils.java:logGet(46)) - raft.server.retrycache.statistics.expirytime = 100μs (default)
2022-07-21 19:36:51,143 [Time-limited test] INFO  server.RaftServer (RaftServerProxy.java:addNew(96)) - s2: addNew group-3F2F94768D39:[s0|rpc:localhost:41459|admin:localhost:39355|client:localhost:35515|dataStream:localhost:32957|priority:0|startupRole:FOLLOWER, s1|rpc:localhost:42501|admin:localhost:40929|client:localhost:40437|dataStream:localhost:34203|priority:0|startupRole:FOLLOWER, s2|rpc:localhost:35871|admin:localhost:34483|client:localhost:43959|dataStream:localhost:39743|priority:0|startupRole:FOLLOWER] returns group-3F2F94768D39:java.util.concurrent.CompletableFuture@645a8723[Not completed]
2022-07-21 19:36:51,145 [pool-12-thread-1] INFO  server.RaftServer$Division (RaftServerImpl.java:<init>(192)) - s2: new RaftServerImpl for group-3F2F94768D39:[s0|rpc:localhost:41459|admin:localhost:39355|client:localhost:35515|dataStream:localhost:32957|priority:0|startupRole:FOLLOWER, s1|rpc:localhost:42501|admin:localhost:40929|client:localhost:40437|dataStream:localhost:34203|priority:0|startupRole:FOLLOWER, s2|rpc:localhost:35871|admin:localhost:34483|client:localhost:43959|dataStream:localhost:39743|priority:0|startupRole:FOLLOWER] with MultiDataStreamStateMachine:uninitialized
2022-07-21 19:36:51,146 [pool-11-thread-1] INFO  server.RaftServerConfigKeys (ConfUtils.java:logGet(46)) - raft.server.log.appender.install.snapshot.enabled = true (default)
2022-07-21 19:36:51,145 [s0-impl-thread1] INFO  storage.RaftStorageDirectory (RaftStorageDirectoryImpl.java:analyzeStorage(137)) - The storage directory /home/runner/work/ratis/ratis/ratis-test/target/test/data/6043a73c/MiniRaftClusterWithRpcTypeGrpcAndDataStreamTypeNettyf73da000/s0/690677b6-83cd-46c4-b86f-3f2f94768d39 does not exist. Creating ...
2022-07-21 19:36:51,146 [pool-11-thread-1] INFO  server.RaftServerConfigKeys (ConfUtils.java:logGet(46)) - raft.server.threadpool.server.cached = true (default)
2022-07-21 19:36:51,147 [pool-11-thread-1] INFO  server.RaftServerConfigKeys (ConfUtils.java:logGet(46)) - raft.server.threadpool.server.size = 0 (default)
2022-07-21 19:36:51,147 [s0-impl-thread1] TRACE util.FileUtils (LogUtils.java:runAndLog(49)) - Successfully ran Files.createDirectories /home/runner/work/ratis/ratis/ratis-test/target/test/data/6043a73c/MiniRaftClusterWithRpcTypeGrpcAndDataStreamTypeNettyf73da000/s0/690677b6-83cd-46c4-b86f-3f2f94768d39
2022-07-21 19:36:51,146 [pool-12-thread-1] INFO  server.RaftServerConfigKeys (ConfUtils.java:logGet(46)) - raft.server.rpc.timeout.min = 150ms (default)
2022-07-21 19:36:51,148 [pool-12-thread-1] INFO  server.RaftServerConfigKeys (ConfUtils.java:logGet(46)) - raft.server.rpc.timeout.max = 300ms (default)
2022-07-21 19:36:51,148 [pool-12-thread-1] INFO  server.RaftServerConfigKeys (ConfUtils.java:logGet(46)) - raft.server.rpc.sleep.time = 25ms (default)
2022-07-21 19:36:51,148 [pool-12-thread-1] INFO  server.RaftServerConfigKeys (ConfUtils.java:logGet(46)) - raft.server.rpc.slowness.timeout = 60s (default)
2022-07-21 19:36:51,148 [pool-12-thread-1] INFO  server.RaftServerConfigKeys (ConfUtils.java:logGet(46)) - raft.server.leaderelection.leader.step-down.wait-time = 10s (default)
2022-07-21 19:36:51,148 [pool-12-thread-1] INFO  server.RaftServerConfigKeys (ConfUtils.java:logGet(46)) - raft.server.sleep.deviation.threshold = 300ms (default)
2022-07-21 19:36:51,148 [pool-12-thread-1] INFO  server.RaftServer$Division (ServerState.java:<init>(118)) - s2@group-3F2F94768D39: ConfigurationManager, init=-1: peers:[s0|rpc:localhost:41459|admin:localhost:39355|client:localhost:35515|dataStream:localhost:32957|priority:0|startupRole:FOLLOWER, s1|rpc:localhost:42501|admin:localhost:40929|client:localhost:40437|dataStream:localhost:34203|priority:0|startupRole:FOLLOWER, s2|rpc:localhost:35871|admin:localhost:34483|client:localhost:43959|dataStream:localhost:39743|priority:0|startupRole:FOLLOWER]|listeners:[], old=null, confs=<EMPTY_MAP>
2022-07-21 19:36:51,147 [pool-11-thread-1] INFO  server.RaftServerConfigKeys (ConfUtils.java:logGet(46)) - raft.server.threadpool.client.cached = true (default)
2022-07-21 19:36:51,149 [pool-12-thread-1] INFO  server.RaftServerConfigKeys (ConfUtils.java:logGet(46)) - raft.server.storage.dir = [/home/runner/work/ratis/ratis/ratis-test/target/test/data/6043a73c/MiniRaftClusterWithRpcTypeGrpcAndDataStreamTypeNettyf73da000/s2] (custom)
2022-07-21 19:36:51,149 [pool-12-thread-1] INFO  server.RaftServerConfigKeys (ConfUtils.java:logGet(46)) - raft.server.log.corruption.policy = EXCEPTION (default)
2022-07-21 19:36:51,149 [pool-12-thread-1] INFO  server.RaftServerConfigKeys (ConfUtils.java:logGet(46)) - raft.server.storage.free-space.min = 0MB (=0) (default)
2022-07-21 19:36:51,149 [pool-12-thread-1] INFO  server.RaftServerConfigKeys (ConfUtils.java:logGet(46)) - raft.server.notification.no-leader.timeout = 60s (default)
2022-07-21 19:36:51,149 [pool-12-thread-1] INFO  server.RaftServerConfigKeys (ConfUtils.java:logGet(46)) - raft.server.retrycache.expirytime = 60s (default)
2022-07-21 19:36:51,150 [pool-12-thread-1] INFO  server.RaftServerConfigKeys (ConfUtils.java:logGet(46)) - raft.server.retrycache.statistics.expirytime = 100μs (default)
2022-07-21 19:36:51,150 [s0-impl-thread1] INFO  storage.RaftStorageDirectory (RaftStorageDirectoryImpl.java:tryLock(231)) - Lock on /home/runner/work/ratis/ratis/ratis-test/target/test/data/6043a73c/MiniRaftClusterWithRpcTypeGrpcAndDataStreamTypeNettyf73da000/s0/690677b6-83cd-46c4-b86f-3f2f94768d39/in_use.lock acquired by nodename 26189@fv-az66-281.vwcdieab4koerntclszyavmfxa.dx.internal.cloudapp.net
2022-07-21 19:36:51,150 [s0-impl-thread1] TRACE util.FileUtils (LogUtils.java:runAndLog(49)) - Successfully ran Files.createDirectories /home/runner/work/ratis/ratis/ratis-test/target/test/data/6043a73c/MiniRaftClusterWithRpcTypeGrpcAndDataStreamTypeNettyf73da000/s0/690677b6-83cd-46c4-b86f-3f2f94768d39/current
2022-07-21 19:36:51,150 [s0-impl-thread1] TRACE util.FileUtils (LogUtils.java:runAndLog(49)) - Successfully ran Files.createDirectories /home/runner/work/ratis/ratis/ratis-test/target/test/data/6043a73c/MiniRaftClusterWithRpcTypeGrpcAndDataStreamTypeNettyf73da000/s0/690677b6-83cd-46c4-b86f-3f2f94768d39/sm
2022-07-21 19:36:51,149 [pool-11-thread-1] INFO  server.RaftServerConfigKeys (ConfUtils.java:logGet(46)) - raft.server.threadpool.client.size = 0 (default)
2022-07-21 19:36:51,151 [pool-12-thread-1] INFO  server.RaftServerConfigKeys (ConfUtils.java:logGet(46)) - raft.server.log.appender.install.snapshot.enabled = true (default)
2022-07-21 19:36:51,152 [pool-12-thread-1] INFO  server.RaftServerConfigKeys (ConfUtils.java:logGet(46)) - raft.server.threadpool.server.cached = true (default)
2022-07-21 19:36:51,152 [pool-12-thread-1] INFO  server.RaftServerConfigKeys (ConfUtils.java:logGet(46)) - raft.server.threadpool.server.size = 0 (default)
2022-07-21 19:36:51,152 [pool-12-thread-1] INFO  server.RaftServerConfigKeys (ConfUtils.java:logGet(46)) - raft.server.threadpool.client.cached = true (default)
2022-07-21 19:36:51,152 [pool-12-thread-1] INFO  server.RaftServerConfigKeys (ConfUtils.java:logGet(46)) - raft.server.threadpool.client.size = 0 (default)
2022-07-21 19:36:51,152 [s0-impl-thread1] INFO  storage.RaftStorage (RaftStorageImpl.java:format(96)) - Storage directory /home/runner/work/ratis/ratis/ratis-test/target/test/data/6043a73c/MiniRaftClusterWithRpcTypeGrpcAndDataStreamTypeNettyf73da000/s0/690677b6-83cd-46c4-b86f-3f2f94768d39 has been successfully formatted.
2022-07-21 19:36:51,152 [s0-impl-thread1] INFO  server.RaftServerConfigKeys (ConfUtils.java:logGet(46)) - raft.server.log.use.memory = false (default)
2022-07-21 19:36:51,152 [s0-impl-thread1] INFO  server.RaftServerConfigKeys (ConfUtils.java:logGet(46)) - raft.server.log.purge.gap = 1024 (default)
2022-07-21 19:36:51,152 [s0-impl-thread1] INFO  server.RaftServerConfigKeys (ConfUtils.java:logGet(46)) - raft.server.log.appender.buffer.byte-limit = 4MB (=4194304) (default)
2022-07-21 19:36:51,153 [s0-impl-thread1] INFO  server.RaftServerConfigKeys (ConfUtils.java:logGet(46)) - raft.server.log.statemachine.data.read.timeout = 1000ms (default)
2022-07-21 19:36:51,153 [s0-impl-thread1] INFO  server.RaftServerConfigKeys (ConfUtils.java:logGet(46)) - raft.server.log.segment.size.max = 8MB (=8388608) (default)
2022-07-21 19:36:51,153 [s0-impl-thread1] INFO  server.RaftServerConfigKeys (ConfUtils.java:logGet(46)) - raft.server.log.segment.cache.num.max = 6 (default)
2022-07-21 19:36:51,153 [s0-impl-thread1] INFO  server.RaftServerConfigKeys (ConfUtils.java:logGet(46)) - raft.server.log.segment.cache.size.max = 200MB (=209715200) (default)
2022-07-21 19:36:51,153 [s0-impl-thread1] INFO  segmented.SegmentedRaftLogWorker (SegmentedRaftLogWorker.java:<init>(187)) - new s0@group-3F2F94768D39-SegmentedRaftLogWorker for RaftStorageImpl:Storage Directory /home/runner/work/ratis/ratis/ratis-test/target/test/data/6043a73c/MiniRaftClusterWithRpcTypeGrpcAndDataStreamTypeNettyf73da000/s0/690677b6-83cd-46c4-b86f-3f2f94768d39
2022-07-21 19:36:51,153 [s0-impl-thread1] INFO  server.RaftServerConfigKeys (ConfUtils.java:logGet(46)) - raft.server.log.queue.byte-limit = 64MB (=67108864) (default)
2022-07-21 19:36:51,153 [s0-impl-thread1] INFO  server.RaftServerConfigKeys (ConfUtils.java:logGet(46)) - raft.server.log.queue.element-limit = 4096 (default)
2022-07-21 19:36:51,153 [s0-impl-thread1] INFO  server.RaftServerConfigKeys (ConfUtils.java:logGet(46)) - raft.server.log.segment.size.max = 8MB (=8388608) (default)
2022-07-21 19:36:51,153 [s0-impl-thread1] INFO  server.RaftServerConfigKeys (ConfUtils.java:logGet(46)) - raft.server.log.preallocated.size = 4MB (=4194304) (default)
2022-07-21 19:36:51,153 [s0-impl-thread1] INFO  server.RaftServerConfigKeys (ConfUtils.java:logGet(46)) - raft.server.log.force.sync.num = 128 (default)
2022-07-21 19:36:51,154 [s0-impl-thread1] INFO  server.RaftServerConfigKeys (ConfUtils.java:logGet(46)) - raft.server.log.statemachine.data.sync = true (default)
2022-07-21 19:36:51,154 [s0-impl-thread1] INFO  server.RaftServerConfigKeys (ConfUtils.java:logGet(46)) - raft.server.log.statemachine.data.sync.timeout = 10s (default)
2022-07-21 19:36:51,154 [s0-impl-thread1] INFO  server.RaftServerConfigKeys (ConfUtils.java:logGet(46)) - raft.server.log.statemachine.data.sync.timeout.retry = -1 (default)
2022-07-21 19:36:51,155 [s0-impl-thread1] INFO  server.RaftServerConfigKeys (ConfUtils.java:logGet(46)) - raft.server.log.write.buffer.size = 64KB (=65536) (default)
2022-07-21 19:36:51,155 [s0-impl-thread1] INFO  server.RaftServerConfigKeys (ConfUtils.java:logGet(46)) - raft.server.log.unsafe-flush.enabled = false (default)
2022-07-21 19:36:51,155 [s0-impl-thread1] INFO  server.RaftServerConfigKeys (ConfUtils.java:logGet(46)) - raft.server.log.statemachine.data.caching.enabled = false (default)
2022-07-21 19:36:51,155 [s0-impl-thread1] INFO  segmented.SegmentedRaftLogWorker (SegmentedRaftLogWorker.java:lambda$new$0(135)) - s0@group-3F2F94768D39-SegmentedRaftLogWorker: flushIndex: setUnconditionally 0 -> -1
2022-07-21 19:36:51,155 [s0-impl-thread1] INFO  segmented.SegmentedRaftLogWorker (SegmentedRaftLogWorker.java:lambda$new$0(135)) - s0@group-3F2F94768D39-SegmentedRaftLogWorker: safeCacheEvictIndex: setUnconditionally 0 -> -1
2022-07-21 19:36:51,160 [s0-impl-thread1] INFO  server.RaftServer$Division (RaftServerImpl.java:start(314)) - s0@group-3F2F94768D39: start as a follower, conf=-1: peers:[s0|rpc:localhost:41459|admin:localhost:39355|client:localhost:35515|dataStream:localhost:32957|priority:0|startupRole:FOLLOWER, s1|rpc:localhost:42501|admin:localhost:40929|client:localhost:40437|dataStream:localhost:34203|priority:0|startupRole:FOLLOWER, s2|rpc:localhost:35871|admin:localhost:34483|client:localhost:43959|dataStream:localhost:39743|priority:0|startupRole:FOLLOWER]|listeners:[], old=null
2022-07-21 19:36:51,160 [s0-impl-thread1] INFO  server.RaftServer$Division (RaftServerImpl.java:setRole(301)) - s0@group-3F2F94768D39: changes role from      null to FOLLOWER at term 0 for startAsFollower
2022-07-21 19:36:51,160 [s0-impl-thread1] INFO  impl.RoleInfo (RoleInfo.java:updateAndGet(139)) - s0: start s0@group-3F2F94768D39-FollowerState
2022-07-21 19:36:51,165 [s0-impl-thread1] INFO  util.JmxRegister (JmxRegister.java:tryRegister(44)) - Successfully registered JMX Bean with object name Ratis:service=RaftServer,group=group-3F2F94768D39,id=s0
2022-07-21 19:36:51,165 [s0-impl-thread1] INFO  server.RaftServerConfigKeys (ConfUtils.java:logGet(46)) - raft.server.snapshot.auto.trigger.enabled = false (default)
2022-07-21 19:36:51,165 [s0-impl-thread1] INFO  server.RaftServerConfigKeys (ConfUtils.java:logGet(46)) - raft.server.snapshot.retention.file.num = -1 (default)
2022-07-21 19:36:51,165 [s0-impl-thread1] INFO  server.RaftServerConfigKeys (ConfUtils.java:logGet(46)) - raft.server.log.purge.upto.snapshot.index = false (default)
2022-07-21 19:36:51,168 [Time-limited test] INFO  server.RaftServer (RaftServerProxy.java:startImpl(385)) - s0: start RPC server
2022-07-21 19:36:51,189 [Time-limited test] INFO  server.GrpcService (GrpcService.java:startImpl(262)) - s0: GrpcService started, listening on 35515
2022-07-21 19:36:51,192 [Time-limited test] INFO  server.GrpcService (GrpcService.java:startImpl(262)) - s0: GrpcService started, listening on 41459
2022-07-21 19:36:51,195 [Time-limited test] INFO  server.GrpcService (GrpcService.java:startImpl(262)) - s0: GrpcService started, listening on 39355
2022-07-21 19:36:51,196 [s1-impl-thread1] INFO  storage.RaftStorageDirectory (RaftStorageDirectoryImpl.java:analyzeStorage(137)) - The storage directory /home/runner/work/ratis/ratis/ratis-test/target/test/data/6043a73c/MiniRaftClusterWithRpcTypeGrpcAndDataStreamTypeNettyf73da000/s1/690677b6-83cd-46c4-b86f-3f2f94768d39 does not exist. Creating ...
2022-07-21 19:36:51,196 [s1-impl-thread1] TRACE util.FileUtils (LogUtils.java:runAndLog(49)) - Successfully ran Files.createDirectories /home/runner/work/ratis/ratis/ratis-test/target/test/data/6043a73c/MiniRaftClusterWithRpcTypeGrpcAndDataStreamTypeNettyf73da000/s1/690677b6-83cd-46c4-b86f-3f2f94768d39
2022-07-21 19:36:51,197 [org.apache.ratis.util.JvmPauseMonitor$$Lambda$279/2133923994@18e5eed3] INFO  util.JvmPauseMonitor (JvmPauseMonitor.java:run(103)) - JvmPauseMonitor-s0: Started
2022-07-21 19:36:51,198 [s1-impl-thread1] INFO  storage.RaftStorageDirectory (RaftStorageDirectoryImpl.java:tryLock(231)) - Lock on /home/runner/work/ratis/ratis/ratis-test/target/test/data/6043a73c/MiniRaftClusterWithRpcTypeGrpcAndDataStreamTypeNettyf73da000/s1/690677b6-83cd-46c4-b86f-3f2f94768d39/in_use.lock acquired by nodename 26189@fv-az66-281.vwcdieab4koerntclszyavmfxa.dx.internal.cloudapp.net
2022-07-21 19:36:51,198 [s1-impl-thread1] TRACE util.FileUtils (LogUtils.java:runAndLog(49)) - Successfully ran Files.createDirectories /home/runner/work/ratis/ratis/ratis-test/target/test/data/6043a73c/MiniRaftClusterWithRpcTypeGrpcAndDataStreamTypeNettyf73da000/s1/690677b6-83cd-46c4-b86f-3f2f94768d39/current
2022-07-21 19:36:51,198 [s1-impl-thread1] TRACE util.FileUtils (LogUtils.java:runAndLog(49)) - Successfully ran Files.createDirectories /home/runner/work/ratis/ratis/ratis-test/target/test/data/6043a73c/MiniRaftClusterWithRpcTypeGrpcAndDataStreamTypeNettyf73da000/s1/690677b6-83cd-46c4-b86f-3f2f94768d39/sm
2022-07-21 19:36:51,200 [s1-impl-thread1] INFO  storage.RaftStorage (RaftStorageImpl.java:format(96)) - Storage directory /home/runner/work/ratis/ratis/ratis-test/target/test/data/6043a73c/MiniRaftClusterWithRpcTypeGrpcAndDataStreamTypeNettyf73da000/s1/690677b6-83cd-46c4-b86f-3f2f94768d39 has been successfully formatted.
2022-07-21 19:36:51,200 [s1-impl-thread1] INFO  server.RaftServerConfigKeys (ConfUtils.java:logGet(46)) - raft.server.log.use.memory = false (default)
2022-07-21 19:36:51,200 [s1-impl-thread1] INFO  server.RaftServerConfigKeys (ConfUtils.java:logGet(46)) - raft.server.log.purge.gap = 1024 (default)
2022-07-21 19:36:51,200 [s1-impl-thread1] INFO  server.RaftServerConfigKeys (ConfUtils.java:logGet(46)) - raft.server.log.appender.buffer.byte-limit = 4MB (=4194304) (default)
2022-07-21 19:36:51,200 [s1-impl-thread1] INFO  server.RaftServerConfigKeys (ConfUtils.java:logGet(46)) - raft.server.log.statemachine.data.read.timeout = 1000ms (default)
2022-07-21 19:36:51,200 [s1-impl-thread1] INFO  server.RaftServerConfigKeys (ConfUtils.java:logGet(46)) - raft.server.log.segment.size.max = 8MB (=8388608) (default)
2022-07-21 19:36:51,201 [s1-impl-thread1] INFO  server.RaftServerConfigKeys (ConfUtils.java:logGet(46)) - raft.server.log.segment.cache.num.max = 6 (default)
2022-07-21 19:36:51,201 [s1-impl-thread1] INFO  server.RaftServerConfigKeys (ConfUtils.java:logGet(46)) - raft.server.log.segment.cache.size.max = 200MB (=209715200) (default)
2022-07-21 19:36:51,201 [s1-impl-thread1] INFO  segmented.SegmentedRaftLogWorker (SegmentedRaftLogWorker.java:<init>(187)) - new s1@group-3F2F94768D39-SegmentedRaftLogWorker for RaftStorageImpl:Storage Directory /home/runner/work/ratis/ratis/ratis-test/target/test/data/6043a73c/MiniRaftClusterWithRpcTypeGrpcAndDataStreamTypeNettyf73da000/s1/690677b6-83cd-46c4-b86f-3f2f94768d39
2022-07-21 19:36:51,201 [s1-impl-thread1] INFO  server.RaftServerConfigKeys (ConfUtils.java:logGet(46)) - raft.server.log.queue.byte-limit = 64MB (=67108864) (default)
2022-07-21 19:36:51,201 [s1-impl-thread1] INFO  server.RaftServerConfigKeys (ConfUtils.java:logGet(46)) - raft.server.log.queue.element-limit = 4096 (default)
2022-07-21 19:36:51,201 [s1-impl-thread1] INFO  server.RaftServerConfigKeys (ConfUtils.java:logGet(46)) - raft.server.log.segment.size.max = 8MB (=8388608) (default)
2022-07-21 19:36:51,201 [s1-impl-thread1] INFO  server.RaftServerConfigKeys (ConfUtils.java:logGet(46)) - raft.server.log.preallocated.size = 4MB (=4194304) (default)
2022-07-21 19:36:51,201 [s1-impl-thread1] INFO  server.RaftServerConfigKeys (ConfUtils.java:logGet(46)) - raft.server.log.force.sync.num = 128 (default)
2022-07-21 19:36:51,201 [s1-impl-thread1] INFO  server.RaftServerConfigKeys (ConfUtils.java:logGet(46)) - raft.server.log.statemachine.data.sync = true (default)
2022-07-21 19:36:51,201 [s1-impl-thread1] INFO  server.RaftServerConfigKeys (ConfUtils.java:logGet(46)) - raft.server.log.statemachine.data.sync.timeout = 10s (default)
2022-07-21 19:36:51,201 [s1-impl-thread1] INFO  server.RaftServerConfigKeys (ConfUtils.java:logGet(46)) - raft.server.log.statemachine.data.sync.timeout.retry = -1 (default)
2022-07-21 19:36:51,202 [s1-impl-thread1] INFO  server.RaftServerConfigKeys (ConfUtils.java:logGet(46)) - raft.server.log.write.buffer.size = 64KB (=65536) (default)
2022-07-21 19:36:51,202 [s1-impl-thread1] INFO  server.RaftServerConfigKeys (ConfUtils.java:logGet(46)) - raft.server.log.unsafe-flush.enabled = false (default)
2022-07-21 19:36:51,202 [s1-impl-thread1] INFO  server.RaftServerConfigKeys (ConfUtils.java:logGet(46)) - raft.server.log.statemachine.data.caching.enabled = false (default)
2022-07-21 19:36:51,202 [s1-impl-thread1] INFO  segmented.SegmentedRaftLogWorker (SegmentedRaftLogWorker.java:lambda$new$0(135)) - s1@group-3F2F94768D39-SegmentedRaftLogWorker: flushIndex: setUnconditionally 0 -> -1
2022-07-21 19:36:51,202 [s1-impl-thread1] INFO  segmented.SegmentedRaftLogWorker (SegmentedRaftLogWorker.java:lambda$new$0(135)) - s1@group-3F2F94768D39-SegmentedRaftLogWorker: safeCacheEvictIndex: setUnconditionally 0 -> -1
2022-07-21 19:36:51,203 [s1-impl-thread1] INFO  server.RaftServer$Division (RaftServerImpl.java:start(314)) - s1@group-3F2F94768D39: start as a follower, conf=-1: peers:[s0|rpc:localhost:41459|admin:localhost:39355|client:localhost:35515|dataStream:localhost:32957|priority:0|startupRole:FOLLOWER, s1|rpc:localhost:42501|admin:localhost:40929|client:localhost:40437|dataStream:localhost:34203|priority:0|startupRole:FOLLOWER, s2|rpc:localhost:35871|admin:localhost:34483|client:localhost:43959|dataStream:localhost:39743|priority:0|startupRole:FOLLOWER]|listeners:[], old=null
2022-07-21 19:36:51,203 [s1-impl-thread1] INFO  server.RaftServer$Division (RaftServerImpl.java:setRole(301)) - s1@group-3F2F94768D39: changes role from      null to FOLLOWER at term 0 for startAsFollower
2022-07-21 19:36:51,203 [s1-impl-thread1] INFO  impl.RoleInfo (RoleInfo.java:updateAndGet(139)) - s1: start s1@group-3F2F94768D39-FollowerState
2022-07-21 19:36:51,203 [s1-impl-thread1] INFO  util.JmxRegister (JmxRegister.java:tryRegister(44)) - Successfully registered JMX Bean with object name Ratis:service=RaftServer,group=group-3F2F94768D39,id=s1
2022-07-21 19:36:51,203 [s1-impl-thread1] INFO  server.RaftServerConfigKeys (ConfUtils.java:logGet(46)) - raft.server.snapshot.auto.trigger.enabled = false (default)
2022-07-21 19:36:51,203 [s1-impl-thread1] INFO  server.RaftServerConfigKeys (ConfUtils.java:logGet(46)) - raft.server.snapshot.retention.file.num = -1 (default)
2022-07-21 19:36:51,203 [s1-impl-thread1] INFO  server.RaftServerConfigKeys (ConfUtils.java:logGet(46)) - raft.server.log.purge.upto.snapshot.index = false (default)
2022-07-21 19:36:51,207 [Time-limited test] INFO  server.RaftServer (RaftServerProxy.java:startImpl(385)) - s1: start RPC server
2022-07-21 19:36:51,211 [Time-limited test] INFO  server.GrpcService (GrpcService.java:startImpl(262)) - s1: GrpcService started, listening on 40437
2022-07-21 19:36:51,213 [Time-limited test] INFO  server.GrpcService (GrpcService.java:startImpl(262)) - s1: GrpcService started, listening on 42501
2022-07-21 19:36:51,216 [Time-limited test] INFO  server.GrpcService (GrpcService.java:startImpl(262)) - s1: GrpcService started, listening on 40929
2022-07-21 19:36:51,216 [org.apache.ratis.util.JvmPauseMonitor$$Lambda$279/2133923994@fac9096] INFO  util.JvmPauseMonitor (JvmPauseMonitor.java:run(103)) - JvmPauseMonitor-s1: Started
2022-07-21 19:36:51,217 [s2-impl-thread1] INFO  storage.RaftStorageDirectory (RaftStorageDirectoryImpl.java:analyzeStorage(137)) - The storage directory /home/runner/work/ratis/ratis/ratis-test/target/test/data/6043a73c/MiniRaftClusterWithRpcTypeGrpcAndDataStreamTypeNettyf73da000/s2/690677b6-83cd-46c4-b86f-3f2f94768d39 does not exist. Creating ...
2022-07-21 19:36:51,217 [s2-impl-thread1] TRACE util.FileUtils (LogUtils.java:runAndLog(49)) - Successfully ran Files.createDirectories /home/runner/work/ratis/ratis/ratis-test/target/test/data/6043a73c/MiniRaftClusterWithRpcTypeGrpcAndDataStreamTypeNettyf73da000/s2/690677b6-83cd-46c4-b86f-3f2f94768d39
2022-07-21 19:36:51,219 [s2-impl-thread1] INFO  storage.RaftStorageDirectory (RaftStorageDirectoryImpl.java:tryLock(231)) - Lock on /home/runner/work/ratis/ratis/ratis-test/target/test/data/6043a73c/MiniRaftClusterWithRpcTypeGrpcAndDataStreamTypeNettyf73da000/s2/690677b6-83cd-46c4-b86f-3f2f94768d39/in_use.lock acquired by nodename 26189@fv-az66-281.vwcdieab4koerntclszyavmfxa.dx.internal.cloudapp.net
2022-07-21 19:36:51,219 [s2-impl-thread1] TRACE util.FileUtils (LogUtils.java:runAndLog(49)) - Successfully ran Files.createDirectories /home/runner/work/ratis/ratis/ratis-test/target/test/data/6043a73c/MiniRaftClusterWithRpcTypeGrpcAndDataStreamTypeNettyf73da000/s2/690677b6-83cd-46c4-b86f-3f2f94768d39/current
2022-07-21 19:36:51,219 [s2-impl-thread1] TRACE util.FileUtils (LogUtils.java:runAndLog(49)) - Successfully ran Files.createDirectories /home/runner/work/ratis/ratis/ratis-test/target/test/data/6043a73c/MiniRaftClusterWithRpcTypeGrpcAndDataStreamTypeNettyf73da000/s2/690677b6-83cd-46c4-b86f-3f2f94768d39/sm
2022-07-21 19:36:51,221 [s2-impl-thread1] INFO  storage.RaftStorage (RaftStorageImpl.java:format(96)) - Storage directory /home/runner/work/ratis/ratis/ratis-test/target/test/data/6043a73c/MiniRaftClusterWithRpcTypeGrpcAndDataStreamTypeNettyf73da000/s2/690677b6-83cd-46c4-b86f-3f2f94768d39 has been successfully formatted.
2022-07-21 19:36:51,221 [s2-impl-thread1] INFO  server.RaftServerConfigKeys (ConfUtils.java:logGet(46)) - raft.server.log.use.memory = false (default)
2022-07-21 19:36:51,221 [s2-impl-thread1] INFO  server.RaftServerConfigKeys (ConfUtils.java:logGet(46)) - raft.server.log.purge.gap = 1024 (default)
2022-07-21 19:36:51,221 [s2-impl-thread1] INFO  server.RaftServerConfigKeys (ConfUtils.java:logGet(46)) - raft.server.log.appender.buffer.byte-limit = 4MB (=4194304) (default)
2022-07-21 19:36:51,221 [s2-impl-thread1] INFO  server.RaftServerConfigKeys (ConfUtils.java:logGet(46)) - raft.server.log.statemachine.data.read.timeout = 1000ms (default)
2022-07-21 19:36:51,221 [s2-impl-thread1] INFO  server.RaftServerConfigKeys (ConfUtils.java:logGet(46)) - raft.server.log.segment.size.max = 8MB (=8388608) (default)
2022-07-21 19:36:51,221 [s2-impl-thread1] INFO  server.RaftServerConfigKeys (ConfUtils.java:logGet(46)) - raft.server.log.segment.cache.num.max = 6 (default)
2022-07-21 19:36:51,222 [s2-impl-thread1] INFO  server.RaftServerConfigKeys (ConfUtils.java:logGet(46)) - raft.server.log.segment.cache.size.max = 200MB (=209715200) (default)
2022-07-21 19:36:51,222 [s2-impl-thread1] INFO  segmented.SegmentedRaftLogWorker (SegmentedRaftLogWorker.java:<init>(187)) - new s2@group-3F2F94768D39-SegmentedRaftLogWorker for RaftStorageImpl:Storage Directory /home/runner/work/ratis/ratis/ratis-test/target/test/data/6043a73c/MiniRaftClusterWithRpcTypeGrpcAndDataStreamTypeNettyf73da000/s2/690677b6-83cd-46c4-b86f-3f2f94768d39
2022-07-21 19:36:51,222 [s2-impl-thread1] INFO  server.RaftServerConfigKeys (ConfUtils.java:logGet(46)) - raft.server.log.queue.byte-limit = 64MB (=67108864) (default)
2022-07-21 19:36:51,222 [s2-impl-thread1] INFO  server.RaftServerConfigKeys (ConfUtils.java:logGet(46)) - raft.server.log.queue.element-limit = 4096 (default)
2022-07-21 19:36:51,222 [s2-impl-thread1] INFO  server.RaftServerConfigKeys (ConfUtils.java:logGet(46)) - raft.server.log.segment.size.max = 8MB (=8388608) (default)
2022-07-21 19:36:51,222 [s2-impl-thread1] INFO  server.RaftServerConfigKeys (ConfUtils.java:logGet(46)) - raft.server.log.preallocated.size = 4MB (=4194304) (default)
2022-07-21 19:36:51,222 [s2-impl-thread1] INFO  server.RaftServerConfigKeys (ConfUtils.java:logGet(46)) - raft.server.log.force.sync.num = 128 (default)
2022-07-21 19:36:51,222 [s2-impl-thread1] INFO  server.RaftServerConfigKeys (ConfUtils.java:logGet(46)) - raft.server.log.statemachine.data.sync = true (default)
2022-07-21 19:36:51,222 [s2-impl-thread1] INFO  server.RaftServerConfigKeys (ConfUtils.java:logGet(46)) - raft.server.log.statemachine.data.sync.timeout = 10s (default)
2022-07-21 19:36:51,222 [s2-impl-thread1] INFO  server.RaftServerConfigKeys (ConfUtils.java:logGet(46)) - raft.server.log.statemachine.data.sync.timeout.retry = -1 (default)
2022-07-21 19:36:51,223 [s2-impl-thread1] INFO  server.RaftServerConfigKeys (ConfUtils.java:logGet(46)) - raft.server.log.write.buffer.size = 64KB (=65536) (default)
2022-07-21 19:36:51,223 [s2-impl-thread1] INFO  server.RaftServerConfigKeys (ConfUtils.java:logGet(46)) - raft.server.log.unsafe-flush.enabled = false (default)
2022-07-21 19:36:51,223 [s2-impl-thread1] INFO  server.RaftServerConfigKeys (ConfUtils.java:logGet(46)) - raft.server.log.statemachine.data.caching.enabled = false (default)
2022-07-21 19:36:51,223 [s2-impl-thread1] INFO  segmented.SegmentedRaftLogWorker (SegmentedRaftLogWorker.java:lambda$new$0(135)) - s2@group-3F2F94768D39-SegmentedRaftLogWorker: flushIndex: setUnconditionally 0 -> -1
2022-07-21 19:36:51,223 [s2-impl-thread1] INFO  segmented.SegmentedRaftLogWorker (SegmentedRaftLogWorker.java:lambda$new$0(135)) - s2@group-3F2F94768D39-SegmentedRaftLogWorker: safeCacheEvictIndex: setUnconditionally 0 -> -1
2022-07-21 19:36:51,227 [s2-impl-thread1] INFO  server.RaftServer$Division (RaftServerImpl.java:start(314)) - s2@group-3F2F94768D39: start as a follower, conf=-1: peers:[s0|rpc:localhost:41459|admin:localhost:39355|client:localhost:35515|dataStream:localhost:32957|priority:0|startupRole:FOLLOWER, s1|rpc:localhost:42501|admin:localhost:40929|client:localhost:40437|dataStream:localhost:34203|priority:0|startupRole:FOLLOWER, s2|rpc:localhost:35871|admin:localhost:34483|client:localhost:43959|dataStream:localhost:39743|priority:0|startupRole:FOLLOWER]|listeners:[], old=null
2022-07-21 19:36:51,227 [s2-impl-thread1] INFO  server.RaftServer$Division (RaftServerImpl.java:setRole(301)) - s2@group-3F2F94768D39: changes role from      null to FOLLOWER at term 0 for startAsFollower
2022-07-21 19:36:51,228 [s2-impl-thread1] INFO  impl.RoleInfo (RoleInfo.java:updateAndGet(139)) - s2: start s2@group-3F2F94768D39-FollowerState
2022-07-21 19:36:51,235 [s2-impl-thread1] INFO  util.JmxRegister (JmxRegister.java:tryRegister(44)) - Successfully registered JMX Bean with object name Ratis:service=RaftServer,group=group-3F2F94768D39,id=s2
2022-07-21 19:36:51,235 [s2-impl-thread1] INFO  server.RaftServerConfigKeys (ConfUtils.java:logGet(46)) - raft.server.snapshot.auto.trigger.enabled = false (default)
2022-07-21 19:36:51,236 [s2-impl-thread1] INFO  server.RaftServerConfigKeys (ConfUtils.java:logGet(46)) - raft.server.snapshot.retention.file.num = -1 (default)
2022-07-21 19:36:51,236 [s2-impl-thread1] INFO  server.RaftServerConfigKeys (ConfUtils.java:logGet(46)) - raft.server.log.purge.upto.snapshot.index = false (default)
2022-07-21 19:36:51,239 [Time-limited test] INFO  server.RaftServer (RaftServerProxy.java:startImpl(385)) - s2: start RPC server
2022-07-21 19:36:51,252 [Time-limited test] INFO  server.GrpcService (GrpcService.java:startImpl(262)) - s2: GrpcService started, listening on 43959
2022-07-21 19:36:51,258 [Time-limited test] INFO  server.GrpcService (GrpcService.java:startImpl(262)) - s2: GrpcService started, listening on 35871
2022-07-21 19:36:51,261 [Time-limited test] INFO  server.GrpcService (GrpcService.java:startImpl(262)) - s2: GrpcService started, listening on 34483
2022-07-21 19:36:51,261 [org.apache.ratis.util.JvmPauseMonitor$$Lambda$279/2133923994@6651e685] INFO  util.JvmPauseMonitor (JvmPauseMonitor.java:run(103)) - JvmPauseMonitor-s2: Started
2022-07-21 19:36:51,261 [Time-limited test] INFO  server.RaftServerConfigKeys (ConfUtils.java:logGet(46)) - raft.server.rpc.timeout.max = 300ms (default)
2022-07-21 19:36:51,261 [Time-limited test] INFO  ratis.RaftTestUtil (RaftTestUtil.java:waitForLeader(100)) - printing ALL groups
  s0:  RUNNING  FOLLOWER s0@group-3F2F94768D39:t0, leader=null, voted=, raftlog=Memoized:s0@group-3F2F94768D39-SegmentedRaftLog:OPENED:c-1, conf=-1: peers:[s0|rpc:localhost:41459|admin:localhost:39355|client:localhost:35515|dataStream:localhost:32957|priority:0|startupRole:FOLLOWER, s1|rpc:localhost:42501|admin:localhost:40929|client:localhost:40437|dataStream:localhost:34203|priority:0|startupRole:FOLLOWER, s2|rpc:localhost:35871|admin:localhost:34483|client:localhost:43959|dataStream:localhost:39743|priority:0|startupRole:FOLLOWER]|listeners:[], old=null RUNNING
  s1:  RUNNING  FOLLOWER s1@group-3F2F94768D39:t0, leader=null, voted=, raftlog=Memoized:s1@group-3F2F94768D39-SegmentedRaftLog:OPENED:c-1, conf=-1: peers:[s0|rpc:localhost:41459|admin:localhost:39355|client:localhost:35515|dataStream:localhost:32957|priority:0|startupRole:FOLLOWER, s1|rpc:localhost:42501|admin:localhost:40929|client:localhost:40437|dataStream:localhost:34203|priority:0|startupRole:FOLLOWER, s2|rpc:localhost:35871|admin:localhost:34483|client:localhost:43959|dataStream:localhost:39743|priority:0|startupRole:FOLLOWER]|listeners:[], old=null RUNNING
  s2:  RUNNING  FOLLOWER s2@group-3F2F94768D39:t0, leader=null, voted=, raftlog=Memoized:s2@group-3F2F94768D39-SegmentedRaftLog:OPENED:c-1, conf=-1: peers:[s0|rpc:localhost:41459|admin:localhost:39355|client:localhost:35515|dataStream:localhost:32957|priority:0|startupRole:FOLLOWER, s1|rpc:localhost:42501|admin:localhost:40929|client:localhost:40437|dataStream:localhost:34203|priority:0|startupRole:FOLLOWER, s2|rpc:localhost:35871|admin:localhost:34483|client:localhost:43959|dataStream:localhost:39743|priority:0|startupRole:FOLLOWER]|listeners:[], old=null RUNNING
2022-07-21 19:36:51,262 [Time-limited test] WARN  ratis.RaftTestUtil (JavaUtils.java:attempt(172)) - FAILED "waitForLeader-null-(expectLeader? true)", attempt #1/100: java.lang.IllegalStateException: No leader yet : printing ALL groups
  s0:  RUNNING  FOLLOWER s0@group-3F2F94768D39:t0, leader=null, voted=, raftlog=Memoized:s0@group-3F2F94768D39-SegmentedRaftLog:OPENED:c-1, conf=-1: peers:[s0|rpc:localhost:41459|admin:localhost:39355|client:localhost:35515|dataStream:localhost:32957|priority:0|startupRole:FOLLOWER, s1|rpc:localhost:42501|admin:localhost:40929|client:localhost:40437|dataStream:localhost:34203|priority:0|startupRole:FOLLOWER, s2|rpc:localhost:35871|admin:localhost:34483|client:localhost:43959|dataStream:localhost:39743|priority:0|startupRole:FOLLOWER]|listeners:[], old=null RUNNING
  s1:  RUNNING  FOLLOWER s1@group-3F2F94768D39:t0, leader=null, voted=, raftlog=Memoized:s1@group-3F2F94768D39-SegmentedRaftLog:OPENED:c-1, conf=-1: peers:[s0|rpc:localhost:41459|admin:localhost:39355|client:localhost:35515|dataStream:localhost:32957|priority:0|startupRole:FOLLOWER, s1|rpc:localhost:42501|admin:localhost:40929|client:localhost:40437|dataStream:localhost:34203|priority:0|startupRole:FOLLOWER, s2|rpc:localhost:35871|admin:localhost:34483|client:localhost:43959|dataStream:localhost:39743|priority:0|startupRole:FOLLOWER]|listeners:[], old=null RUNNING
  s2:  RUNNING  FOLLOWER s2@group-3F2F94768D39:t0, leader=null, voted=, raftlog=Memoized:s2@group-3F2F94768D39-SegmentedRaftLog:OPENED:c-1, conf=-1: peers:[s0|rpc:localhost:41459|admin:localhost:39355|client:localhost:35515|dataStream:localhost:32957|priority:0|startupRole:FOLLOWER, s1|rpc:localhost:42501|admin:localhost:40929|client:localhost:40437|dataStream:localhost:34203|priority:0|startupRole:FOLLOWER, s2|rpc:localhost:35871|admin:localhost:34483|client:localhost:43959|dataStream:localhost:39743|priority:0|startupRole:FOLLOWER]|listeners:[], old=null RUNNING, sleep 450ms and then retry.
java.lang.IllegalStateException: No leader yet : printing ALL groups
  s0:  RUNNING  FOLLOWER s0@group-3F2F94768D39:t0, leader=null, voted=, raftlog=Memoized:s0@group-3F2F94768D39-SegmentedRaftLog:OPENED:c-1, conf=-1: peers:[s0|rpc:localhost:41459|admin:localhost:39355|client:localhost:35515|dataStream:localhost:32957|priority:0|startupRole:FOLLOWER, s1|rpc:localhost:42501|admin:localhost:40929|client:localhost:40437|dataStream:localhost:34203|priority:0|startupRole:FOLLOWER, s2|rpc:localhost:35871|admin:localhost:34483|client:localhost:43959|dataStream:localhost:39743|priority:0|startupRole:FOLLOWER]|listeners:[], old=null RUNNING
  s1:  RUNNING  FOLLOWER s1@group-3F2F94768D39:t0, leader=null, voted=, raftlog=Memoized:s1@group-3F2F94768D39-SegmentedRaftLog:OPENED:c-1, conf=-1: peers:[s0|rpc:localhost:41459|admin:localhost:39355|client:localhost:35515|dataStream:localhost:32957|priority:0|startupRole:FOLLOWER, s1|rpc:localhost:42501|admin:localhost:40929|client:localhost:40437|dataStream:localhost:34203|priority:0|startupRole:FOLLOWER, s2|rpc:localhost:35871|admin:localhost:34483|client:localhost:43959|dataStream:localhost:39743|priority:0|startupRole:FOLLOWER]|listeners:[], old=null RUNNING
  s2:  RUNNING  FOLLOWER s2@group-3F2F94768D39:t0, leader=null, voted=, raftlog=Memoized:s2@group-3F2F94768D39-SegmentedRaftLog:OPENED:c-1, conf=-1: peers:[s0|rpc:localhost:41459|admin:localhost:39355|client:localhost:35515|dataStream:localhost:32957|priority:0|startupRole:FOLLOWER, s1|rpc:localhost:42501|admin:localhost:40929|client:localhost:40437|dataStream:localhost:34203|priority:0|startupRole:FOLLOWER, s2|rpc:localhost:35871|admin:localhost:34483|client:localhost:43959|dataStream:localhost:39743|priority:0|startupRole:FOLLOWER]|listeners:[], old=null RUNNING
	at org.apache.ratis.server.impl.MiniRaftCluster.newIllegalStateExceptionForNoLeaders(MiniRaftCluster.java:534)
	at org.apache.ratis.RaftTestUtil.lambda$waitForLeader$1(RaftTestUtil.java:104)
	at org.apache.ratis.server.impl.MiniRaftCluster.getLeader(MiniRaftCluster.java:568)
	at org.apache.ratis.server.impl.MiniRaftCluster.getLeader(MiniRaftCluster.java:561)
	at org.apache.ratis.RaftTestUtil.lambda$waitForLeader$3(RaftTestUtil.java:112)
	at org.apache.ratis.util.JavaUtils.attempt(JavaUtils.java:166)
	at org.apache.ratis.util.JavaUtils.attemptRepeatedly(JavaUtils.java:152)
	at org.apache.ratis.RaftTestUtil.waitForLeader(RaftTestUtil.java:111)
	at org.apache.ratis.RaftTestUtil.waitForLeader(RaftTestUtil.java:92)
	at org.apache.ratis.RaftTestUtil.waitForLeader(RaftTestUtil.java:87)
	at org.apache.ratis.datastream.DataStreamAsyncClusterTests.runTestDataStream(DataStreamAsyncClusterTests.java:90)
	at org.apache.ratis.datastream.DataStreamAsyncClusterTests.runTestDataStreamStepDownLeader(DataStreamAsyncClusterTests.java:82)
	at org.apache.ratis.server.impl.MiniRaftCluster$Factory$Get.runWithNewCluster(MiniRaftCluster.java:125)
	at org.apache.ratis.server.impl.MiniRaftCluster$Factory$Get.runWithNewCluster(MiniRaftCluster.java:113)
	at org.apache.ratis.datastream.DataStreamAsyncClusterTests.testMultipleStreamsMultipleServersStepDownLeader(DataStreamAsyncClusterTests.java:78)
	at sun.reflect.NativeMethodAccessorImpl.invoke0(Native Method)
	at sun.reflect.NativeMethodAccessorImpl.invoke(NativeMethodAccessorImpl.java:62)
	at sun.reflect.DelegatingMethodAccessorImpl.invoke(DelegatingMethodAccessorImpl.java:43)
	at java.lang.reflect.Method.invoke(Method.java:498)
	at org.junit.runners.model.FrameworkMethod$1.runReflectiveCall(FrameworkMethod.java:59)
	at org.junit.internal.runners.model.ReflectiveCallable.run(ReflectiveCallable.java:12)
	at org.junit.runners.model.FrameworkMethod.invokeExplosively(FrameworkMethod.java:56)
	at org.junit.internal.runners.statements.InvokeMethod.evaluate(InvokeMethod.java:17)
	at org.junit.internal.runners.statements.RunAfters.evaluate(RunAfters.java:27)
	at org.junit.internal.runners.statements.FailOnTimeout$CallableStatement.call(FailOnTimeout.java:299)
	at org.junit.internal.runners.statements.FailOnTimeout$CallableStatement.call(FailOnTimeout.java:293)
	at java.util.concurrent.FutureTask.run(FutureTask.java:266)
	at java.lang.Thread.run(Thread.java:750)
2022-07-21 19:36:51,318 [s0@group-3F2F94768D39-FollowerState] INFO  impl.FollowerState (FollowerState.java:run(143)) - s0@group-3F2F94768D39-FollowerState: change to CANDIDATE, lastRpcElapsedTime:157725184ns, electionTimeout:152ms
2022-07-21 19:36:51,318 [s0@group-3F2F94768D39-FollowerState] INFO  impl.RoleInfo (RoleInfo.java:shutdownFollowerState(110)) - s0: shutdown s0@group-3F2F94768D39-FollowerState
2022-07-21 19:36:51,318 [s0@group-3F2F94768D39-FollowerState] INFO  server.RaftServer$Division (RaftServerImpl.java:setRole(301)) - s0@group-3F2F94768D39: changes role from  FOLLOWER to CANDIDATE at term 0 for changeToCandidate
2022-07-21 19:36:51,318 [s0@group-3F2F94768D39-FollowerState] INFO  server.RaftServerConfigKeys (ConfUtils.java:logGet(46)) - raft.server.leaderelection.pre-vote = true (default)
2022-07-21 19:36:51,318 [s0@group-3F2F94768D39-FollowerState] INFO  impl.RoleInfo (RoleInfo.java:updateAndGet(139)) - s0: start s0@group-3F2F94768D39-LeaderElection4
2022-07-21 19:36:51,321 [s0@group-3F2F94768D39-LeaderElection4] INFO  impl.LeaderElection (LeaderElection.java:askForVotes(310)) - s0@group-3F2F94768D39-LeaderElection4 PRE_VOTE round 0: submit vote requests at term 0 for -1: peers:[s0|rpc:localhost:41459|admin:localhost:39355|client:localhost:35515|dataStream:localhost:32957|priority:0|startupRole:FOLLOWER, s1|rpc:localhost:42501|admin:localhost:40929|client:localhost:40437|dataStream:localhost:34203|priority:0|startupRole:FOLLOWER, s2|rpc:localhost:35871|admin:localhost:34483|client:localhost:43959|dataStream:localhost:39743|priority:0|startupRole:FOLLOWER]|listeners:[], old=null
2022-07-21 19:36:51,321 [s0@group-3F2F94768D39-LeaderElection4-1] INFO  server.GrpcServerProtocolClient (GrpcServerProtocolClient.java:<init>(63)) - Build channel for s1
2022-07-21 19:36:51,321 [s0@group-3F2F94768D39-LeaderElection4-2] INFO  server.GrpcServerProtocolClient (GrpcServerProtocolClient.java:<init>(63)) - Build channel for s2
2022-07-21 19:36:51,331 [grpc-default-executor-12] INFO  server.RaftServer$Division (RaftServerImpl.java:requestVote(1198)) - s2@group-3F2F94768D39: receive requestVote(PRE_VOTE, s0, group-3F2F94768D39, 0, (t:0, i:0))
2022-07-21 19:36:51,332 [grpc-default-executor-12] INFO  impl.VoteContext (VoteContext.java:log(48)) - s2@group-3F2F94768D39-FOLLOWER: accept PRE_VOTE from s0: our priority 0 <= candidate's priority 0
2022-07-21 19:36:51,332 [grpc-default-executor-12] INFO  server.RaftServer$Division (RaftServerImpl.java:requestVote(1231)) - s2@group-3F2F94768D39 replies to PRE_VOTE vote request: s0<-s2#0:OK-t0. Peer's state: s2@group-3F2F94768D39:t0, leader=null, voted=, raftlog=Memoized:s2@group-3F2F94768D39-SegmentedRaftLog:OPENED:c-1, conf=-1: peers:[s0|rpc:localhost:41459|admin:localhost:39355|client:localhost:35515|dataStream:localhost:32957|priority:0|startupRole:FOLLOWER, s1|rpc:localhost:42501|admin:localhost:40929|client:localhost:40437|dataStream:localhost:34203|priority:0|startupRole:FOLLOWER, s2|rpc:localhost:35871|admin:localhost:34483|client:localhost:43959|dataStream:localhost:39743|priority:0|startupRole:FOLLOWER]|listeners:[], old=null
2022-07-21 19:36:51,333 [s0@group-3F2F94768D39-LeaderElection4] INFO  impl.LeaderElection (LeaderElection.java:logAndReturn(90)) - s0@group-3F2F94768D39-LeaderElection4: PRE_VOTE PASSED received 1 response(s) and 0 exception(s):
2022-07-21 19:36:51,333 [s0@group-3F2F94768D39-LeaderElection4] INFO  impl.LeaderElection (LeaderElection.java:logAndReturn(94)) -   Response 0: s0<-s2#0:OK-t0
2022-07-21 19:36:51,333 [s0@group-3F2F94768D39-LeaderElection4] INFO  impl.LeaderElection (LeaderElection.java:askForVotes(312)) - s0@group-3F2F94768D39-LeaderElection4 PRE_VOTE round 0: result PASSED
2022-07-21 19:36:51,337 [s0@group-3F2F94768D39-LeaderElection4] INFO  impl.LeaderElection (LeaderElection.java:askForVotes(310)) - s0@group-3F2F94768D39-LeaderElection4 ELECTION round 0: submit vote requests at term 1 for -1: peers:[s0|rpc:localhost:41459|admin:localhost:39355|client:localhost:35515|dataStream:localhost:32957|priority:0|startupRole:FOLLOWER, s1|rpc:localhost:42501|admin:localhost:40929|client:localhost:40437|dataStream:localhost:34203|priority:0|startupRole:FOLLOWER, s2|rpc:localhost:35871|admin:localhost:34483|client:localhost:43959|dataStream:localhost:39743|priority:0|startupRole:FOLLOWER]|listeners:[], old=null
2022-07-21 19:36:51,344 [grpc-default-executor-12] INFO  server.RaftServer$Division (RaftServerImpl.java:requestVote(1198)) - s1@group-3F2F94768D39: receive requestVote(ELECTION, s0, group-3F2F94768D39, 1, (t:0, i:0))
2022-07-21 19:36:51,344 [grpc-default-executor-12] INFO  impl.VoteContext (VoteContext.java:log(48)) - s1@group-3F2F94768D39-FOLLOWER: accept ELECTION from s0: our priority 0 <= candidate's priority 0
2022-07-21 19:36:51,344 [grpc-default-executor-12] INFO  server.RaftServer$Division (RaftServerImpl.java:setRole(301)) - s1@group-3F2F94768D39: changes role from  FOLLOWER to FOLLOWER at term 1 for candidate:s0
2022-07-21 19:36:51,344 [grpc-default-executor-12] INFO  impl.RoleInfo (RoleInfo.java:shutdownFollowerState(110)) - s1: shutdown s1@group-3F2F94768D39-FollowerState
2022-07-21 19:36:51,345 [grpc-default-executor-12] INFO  impl.RoleInfo (RoleInfo.java:updateAndGet(139)) - s1: start s1@group-3F2F94768D39-FollowerState
2022-07-21 19:36:51,345 [s1@group-3F2F94768D39-FollowerState] INFO  impl.FollowerState (FollowerState.java:run(152)) - s1@group-3F2F94768D39-FollowerState was interrupted
2022-07-21 19:36:51,349 [grpc-default-executor-1] INFO  server.RaftServer$Division (RaftServerImpl.java:requestVote(1198)) - s1@group-3F2F94768D39: receive requestVote(PRE_VOTE, s0, group-3F2F94768D39, 0, (t:0, i:0))
2022-07-21 19:36:51,351 [grpc-default-executor-0] INFO  server.RaftServer$Division (RaftServerImpl.java:requestVote(1198)) - s2@group-3F2F94768D39: receive requestVote(ELECTION, s0, group-3F2F94768D39, 1, (t:0, i:0))
2022-07-21 19:36:51,352 [grpc-default-executor-12] INFO  server.RaftServer$Division (RaftServerImpl.java:requestVote(1231)) - s1@group-3F2F94768D39 replies to ELECTION vote request: s0<-s1#0:OK-t1. Peer's state: s1@group-3F2F94768D39:t1, leader=null, voted=s0, raftlog=Memoized:s1@group-3F2F94768D39-SegmentedRaftLog:OPENED:c-1, conf=-1: peers:[s0|rpc:localhost:41459|admin:localhost:39355|client:localhost:35515|dataStream:localhost:32957|priority:0|startupRole:FOLLOWER, s1|rpc:localhost:42501|admin:localhost:40929|client:localhost:40437|dataStream:localhost:34203|priority:0|startupRole:FOLLOWER, s2|rpc:localhost:35871|admin:localhost:34483|client:localhost:43959|dataStream:localhost:39743|priority:0|startupRole:FOLLOWER]|listeners:[], old=null
2022-07-21 19:36:51,354 [grpc-default-executor-1] INFO  impl.VoteContext (VoteContext.java:log(48)) - s1@group-3F2F94768D39-FOLLOWER: accept PRE_VOTE from s0: our priority 0 <= candidate's priority 0
2022-07-21 19:36:51,354 [grpc-default-executor-1] INFO  server.RaftServer$Division (RaftServerImpl.java:requestVote(1231)) - s1@group-3F2F94768D39 replies to PRE_VOTE vote request: s0<-s1#0:OK-t1. Peer's state: s1@group-3F2F94768D39:t1, leader=null, voted=s0, raftlog=Memoized:s1@group-3F2F94768D39-SegmentedRaftLog:OPENED:c-1, conf=-1: peers:[s0|rpc:localhost:41459|admin:localhost:39355|client:localhost:35515|dataStream:localhost:32957|priority:0|startupRole:FOLLOWER, s1|rpc:localhost:42501|admin:localhost:40929|client:localhost:40437|dataStream:localhost:34203|priority:0|startupRole:FOLLOWER, s2|rpc:localhost:35871|admin:localhost:34483|client:localhost:43959|dataStream:localhost:39743|priority:0|startupRole:FOLLOWER]|listeners:[], old=null
2022-07-21 19:36:51,352 [grpc-default-executor-0] INFO  impl.VoteContext (VoteContext.java:log(48)) - s2@group-3F2F94768D39-FOLLOWER: accept ELECTION from s0: our priority 0 <= candidate's priority 0
2022-07-21 19:36:51,354 [grpc-default-executor-0] INFO  server.RaftServer$Division (RaftServerImpl.java:setRole(301)) - s2@group-3F2F94768D39: changes role from  FOLLOWER to FOLLOWER at term 1 for candidate:s0
2022-07-21 19:36:51,354 [grpc-default-executor-0] INFO  impl.RoleInfo (RoleInfo.java:shutdownFollowerState(110)) - s2: shutdown s2@group-3F2F94768D39-FollowerState
2022-07-21 19:36:51,354 [grpc-default-executor-0] INFO  impl.RoleInfo (RoleInfo.java:updateAndGet(139)) - s2: start s2@group-3F2F94768D39-FollowerState
2022-07-21 19:36:51,354 [s2@group-3F2F94768D39-FollowerState] INFO  impl.FollowerState (FollowerState.java:run(152)) - s2@group-3F2F94768D39-FollowerState was interrupted
2022-07-21 19:36:51,364 [s0@group-3F2F94768D39-LeaderElection4] INFO  impl.LeaderElection (LeaderElection.java:logAndReturn(90)) - s0@group-3F2F94768D39-LeaderElection4: ELECTION PASSED received 1 response(s) and 0 exception(s):
2022-07-21 19:36:51,364 [s0@group-3F2F94768D39-LeaderElection4] INFO  impl.LeaderElection (LeaderElection.java:logAndReturn(94)) -   Response 0: s0<-s1#0:OK-t1
2022-07-21 19:36:51,364 [s0@group-3F2F94768D39-LeaderElection4] INFO  impl.LeaderElection (LeaderElection.java:askForVotes(312)) - s0@group-3F2F94768D39-LeaderElection4 ELECTION round 0: result PASSED
2022-07-21 19:36:51,365 [s0@group-3F2F94768D39-LeaderElection4] INFO  impl.RoleInfo (RoleInfo.java:shutdownLeaderElection(130)) - s0: shutdown s0@group-3F2F94768D39-LeaderElection4
2022-07-21 19:36:51,365 [s0@group-3F2F94768D39-LeaderElection4] INFO  server.RaftServer$Division (RaftServerImpl.java:setRole(301)) - s0@group-3F2F94768D39: changes role from CANDIDATE to LEADER at term 1 for changeToLeader
2022-07-21 19:36:51,365 [s0@group-3F2F94768D39-LeaderElection4] INFO  server.RaftServer$Division (ServerState.java:setLeader(313)) - s0@group-3F2F94768D39: change Leader from null to s0 at term 1 for becomeLeader, leader elected after 261ms
2022-07-21 19:36:51,365 [s0@group-3F2F94768D39-LeaderElection4] INFO  server.RaftServerConfigKeys (ConfUtils.java:logGet(46)) - raft.server.staging.catchup.gap = 1000 (default)
2022-07-21 19:36:51,365 [s0@group-3F2F94768D39-LeaderElection4] INFO  server.RaftServerConfigKeys (ConfUtils.java:logGet(46)) - raft.server.write.element-limit = 4096 (default)
2022-07-21 19:36:51,365 [s0@group-3F2F94768D39-LeaderElection4] INFO  server.RaftServerConfigKeys (ConfUtils.java:logGet(46)) - raft.server.write.byte-limit = 64MB (=67108864) (default)
2022-07-21 19:36:51,365 [s0@group-3F2F94768D39-LeaderElection4] INFO  server.RaftServerConfigKeys (ConfUtils.java:logGet(46)) - raft.server.watch.timeout = 10s (default)
2022-07-21 19:36:51,365 [s0@group-3F2F94768D39-LeaderElection4] INFO  server.RaftServerConfigKeys (ConfUtils.java:logGet(46)) - raft.server.watch.timeout.denomination = 1s (default)
2022-07-21 19:36:51,365 [s0@group-3F2F94768D39-LeaderElection4] INFO  server.RaftServerConfigKeys (ConfUtils.java:logGet(46)) - raft.server.watch.element-limit = 65536 (default)
2022-07-21 19:36:51,366 [s0@group-3F2F94768D39-LeaderElection4] INFO  server.RaftServerConfigKeys (ConfUtils.java:logGet(46)) - raft.server.write.element-limit = 4096 (default)
2022-07-21 19:36:51,366 [s0@group-3F2F94768D39-LeaderElection4] INFO  server.RaftServerConfigKeys (ConfUtils.java:logGet(46)) - raft.server.write.follower.gap.ratio.max = -1.0 (default)
2022-07-21 19:36:51,366 [grpc-default-executor-0] INFO  server.RaftServer$Division (RaftServerImpl.java:requestVote(1231)) - s2@group-3F2F94768D39 replies to ELECTION vote request: s0<-s2#0:OK-t1. Peer's state: s2@group-3F2F94768D39:t1, leader=null, voted=s0, raftlog=Memoized:s2@group-3F2F94768D39-SegmentedRaftLog:OPENED:c-1, conf=-1: peers:[s0|rpc:localhost:41459|admin:localhost:39355|client:localhost:35515|dataStream:localhost:32957|priority:0|startupRole:FOLLOWER, s1|rpc:localhost:42501|admin:localhost:40929|client:localhost:40437|dataStream:localhost:34203|priority:0|startupRole:FOLLOWER, s2|rpc:localhost:35871|admin:localhost:34483|client:localhost:43959|dataStream:localhost:39743|priority:0|startupRole:FOLLOWER]|listeners:[], old=null
2022-07-21 19:36:51,366 [s0@group-3F2F94768D39-LeaderElection4] INFO  server.RaftServerConfigKeys (ConfUtils.java:logGet(46)) - raft.server.log.appender.snapshot.chunk.size.max = 16MB (=16777216) (default)
2022-07-21 19:36:51,366 [s0@group-3F2F94768D39-LeaderElection4] INFO  server.RaftServerConfigKeys (ConfUtils.java:logGet(46)) - raft.server.log.appender.buffer.byte-limit = 4MB (=4194304) (default)
2022-07-21 19:36:51,366 [s0@group-3F2F94768D39-LeaderElection4] INFO  server.RaftServerConfigKeys (ConfUtils.java:logGet(46)) - raft.server.log.appender.buffer.element-limit = 0 (default)
2022-07-21 19:36:51,367 [s0@group-3F2F94768D39-LeaderElection4] INFO  grpc.GrpcConfigKeys (ConfUtils.java:logGet(46)) - raft.grpc.server.leader.outstanding.appends.max = 128 (default)
2022-07-21 19:36:51,367 [s0@group-3F2F94768D39-LeaderElection4] INFO  server.RaftServerConfigKeys (ConfUtils.java:logGet(46)) - raft.server.rpc.request.timeout = 3000ms (default)
2022-07-21 19:36:51,367 [s0@group-3F2F94768D39-LeaderElection4] INFO  server.RaftServerConfigKeys (ConfUtils.java:logGet(46)) - raft.server.log.appender.install.snapshot.enabled = true (default)
2022-07-21 19:36:51,369 [s0@group-3F2F94768D39-LeaderElection4] INFO  grpc.GrpcConfigKeys (ConfUtils.java:logGet(46)) - raft.grpc.server.heartbeat.channel = true (default)
2022-07-21 19:36:51,369 [s0@group-3F2F94768D39-LeaderElection4] INFO  server.RaftServerConfigKeys (ConfUtils.java:logGet(46)) - raft.server.log.appender.snapshot.chunk.size.max = 16MB (=16777216) (default)
2022-07-21 19:36:51,369 [s0@group-3F2F94768D39-LeaderElection4] INFO  server.RaftServerConfigKeys (ConfUtils.java:logGet(46)) - raft.server.log.appender.buffer.byte-limit = 4MB (=4194304) (default)
2022-07-21 19:36:51,370 [s0@group-3F2F94768D39-LeaderElection4] INFO  server.RaftServerConfigKeys (ConfUtils.java:logGet(46)) - raft.server.log.appender.buffer.element-limit = 0 (default)
2022-07-21 19:36:51,370 [s0@group-3F2F94768D39-LeaderElection4] INFO  grpc.GrpcConfigKeys (ConfUtils.java:logGet(46)) - raft.grpc.server.leader.outstanding.appends.max = 128 (default)
2022-07-21 19:36:51,370 [s0@group-3F2F94768D39-LeaderElection4] INFO  server.RaftServerConfigKeys (ConfUtils.java:logGet(46)) - raft.server.rpc.request.timeout = 3000ms (default)
2022-07-21 19:36:51,370 [s0@group-3F2F94768D39-LeaderElection4] INFO  server.RaftServerConfigKeys (ConfUtils.java:logGet(46)) - raft.server.log.appender.install.snapshot.enabled = true (default)
2022-07-21 19:36:51,370 [s0@group-3F2F94768D39-LeaderElection4] INFO  grpc.GrpcConfigKeys (ConfUtils.java:logGet(46)) - raft.grpc.server.heartbeat.channel = true (default)
2022-07-21 19:36:51,370 [s0@group-3F2F94768D39-LeaderElection4] INFO  impl.RoleInfo (RoleInfo.java:updateAndGet(139)) - s0: start s0@group-3F2F94768D39-LeaderStateImpl
2022-07-21 19:36:51,371 [s0@group-3F2F94768D39-LeaderElection4] INFO  segmented.SegmentedRaftLogWorker (SegmentedRaftLogWorker.java:startLogSegment(425)) - s0@group-3F2F94768D39-SegmentedRaftLogWorker: Starting segment from index:0
2022-07-21 19:36:51,384 [s0@group-3F2F94768D39-LeaderElection4] INFO  server.RaftServer$Division (ServerState.java:setRaftConf(429)) - s0@group-3F2F94768D39: set configuration 0: peers:[s0|rpc:localhost:41459|admin:localhost:39355|client:localhost:35515|dataStream:localhost:32957|priority:0|startupRole:FOLLOWER, s1|rpc:localhost:42501|admin:localhost:40929|client:localhost:40437|dataStream:localhost:34203|priority:0|startupRole:FOLLOWER, s2|rpc:localhost:35871|admin:localhost:34483|client:localhost:43959|dataStream:localhost:39743|priority:0|startupRole:FOLLOWER]|listeners:[], old=null
2022-07-21 19:36:51,385 [s0@group-3F2F94768D39-SegmentedRaftLogWorker] INFO  segmented.SegmentedRaftLogWorker (SegmentedRaftLogWorker.java:execute(629)) - s0@group-3F2F94768D39-SegmentedRaftLogWorker: created new log segment /home/runner/work/ratis/ratis/ratis-test/target/test/data/6043a73c/MiniRaftClusterWithRpcTypeGrpcAndDataStreamTypeNettyf73da000/s0/690677b6-83cd-46c4-b86f-3f2f94768d39/current/log_inprogress_0
2022-07-21 19:36:51,388 [s1-server-thread1] INFO  server.RaftServer$Division (ServerState.java:setLeader(313)) - s1@group-3F2F94768D39: change Leader from null to s0 at term 1 for appendEntries, leader elected after 244ms
2022-07-21 19:36:51,394 [s2-server-thread1] INFO  server.RaftServer$Division (ServerState.java:setLeader(313)) - s2@group-3F2F94768D39: change Leader from null to s0 at term 1 for appendEntries, leader elected after 244ms
2022-07-21 19:36:51,407 [s1-server-thread1] INFO  server.RaftServer$Division (ServerState.java:setRaftConf(429)) - s1@group-3F2F94768D39: set configuration 0: peers:[s0|rpc:localhost:41459|admin:localhost:39355|client:localhost:35515|dataStream:localhost:32957|priority:0|startupRole:FOLLOWER, s1|rpc:localhost:42501|admin:localhost:40929|client:localhost:40437|dataStream:localhost:34203|priority:0|startupRole:FOLLOWER, s2|rpc:localhost:35871|admin:localhost:34483|client:localhost:43959|dataStream:localhost:39743|priority:0|startupRole:FOLLOWER]|listeners:[], old=null
2022-07-21 19:36:51,407 [s1-server-thread1] INFO  segmented.SegmentedRaftLogWorker (SegmentedRaftLogWorker.java:startLogSegment(425)) - s1@group-3F2F94768D39-SegmentedRaftLogWorker: Starting segment from index:0
2022-07-21 19:36:51,412 [s2-server-thread2] INFO  server.RaftServer$Division (ServerState.java:setRaftConf(429)) - s2@group-3F2F94768D39: set configuration 0: peers:[s0|rpc:localhost:41459|admin:localhost:39355|client:localhost:35515|dataStream:localhost:32957|priority:0|startupRole:FOLLOWER, s1|rpc:localhost:42501|admin:localhost:40929|client:localhost:40437|dataStream:localhost:34203|priority:0|startupRole:FOLLOWER, s2|rpc:localhost:35871|admin:localhost:34483|client:localhost:43959|dataStream:localhost:39743|priority:0|startupRole:FOLLOWER]|listeners:[], old=null
2022-07-21 19:36:51,413 [s2-server-thread2] INFO  segmented.SegmentedRaftLogWorker (SegmentedRaftLogWorker.java:startLogSegment(425)) - s2@group-3F2F94768D39-SegmentedRaftLogWorker: Starting segment from index:0
2022-07-21 19:36:51,431 [s2@group-3F2F94768D39-SegmentedRaftLogWorker] INFO  segmented.SegmentedRaftLogWorker (SegmentedRaftLogWorker.java:execute(629)) - s2@group-3F2F94768D39-SegmentedRaftLogWorker: created new log segment /home/runner/work/ratis/ratis/ratis-test/target/test/data/6043a73c/MiniRaftClusterWithRpcTypeGrpcAndDataStreamTypeNettyf73da000/s2/690677b6-83cd-46c4-b86f-3f2f94768d39/current/log_inprogress_0
2022-07-21 19:36:51,431 [s1@group-3F2F94768D39-SegmentedRaftLogWorker] INFO  segmented.SegmentedRaftLogWorker (SegmentedRaftLogWorker.java:execute(629)) - s1@group-3F2F94768D39-SegmentedRaftLogWorker: created new log segment /home/runner/work/ratis/ratis/ratis-test/target/test/data/6043a73c/MiniRaftClusterWithRpcTypeGrpcAndDataStreamTypeNettyf73da000/s1/690677b6-83cd-46c4-b86f-3f2f94768d39/current/log_inprogress_0
2022-07-21 19:36:51,712 [Time-limited test] INFO  ratis.RaftTestUtil (RaftTestUtil.java:waitForLeader(119)) - printing ALL groups
  s0:  RUNNING    LEADER s0@group-3F2F94768D39:t1, leader=s0, voted=s0, raftlog=Memoized:s0@group-3F2F94768D39-SegmentedRaftLog:OPENED:c0, conf=0: peers:[s0|rpc:localhost:41459|admin:localhost:39355|client:localhost:35515|dataStream:localhost:32957|priority:0|startupRole:FOLLOWER, s1|rpc:localhost:42501|admin:localhost:40929|client:localhost:40437|dataStream:localhost:34203|priority:0|startupRole:FOLLOWER, s2|rpc:localhost:35871|admin:localhost:34483|client:localhost:43959|dataStream:localhost:39743|priority:0|startupRole:FOLLOWER]|listeners:[], old=null RUNNING
  s1:  RUNNING  FOLLOWER s1@group-3F2F94768D39:t1, leader=s0, voted=s0, raftlog=Memoized:s1@group-3F2F94768D39-SegmentedRaftLog:OPENED:c0, conf=0: peers:[s0|rpc:localhost:41459|admin:localhost:39355|client:localhost:35515|dataStream:localhost:32957|priority:0|startupRole:FOLLOWER, s1|rpc:localhost:42501|admin:localhost:40929|client:localhost:40437|dataStream:localhost:34203|priority:0|startupRole:FOLLOWER, s2|rpc:localhost:35871|admin:localhost:34483|client:localhost:43959|dataStream:localhost:39743|priority:0|startupRole:FOLLOWER]|listeners:[], old=null RUNNING
  s2:  RUNNING  FOLLOWER s2@group-3F2F94768D39:t1, leader=s0, voted=s0, raftlog=Memoized:s2@group-3F2F94768D39-SegmentedRaftLog:OPENED:c0, conf=0: peers:[s0|rpc:localhost:41459|admin:localhost:39355|client:localhost:35515|dataStream:localhost:32957|priority:0|startupRole:FOLLOWER, s1|rpc:localhost:42501|admin:localhost:40929|client:localhost:40437|dataStream:localhost:34203|priority:0|startupRole:FOLLOWER, s2|rpc:localhost:35871|admin:localhost:34483|client:localhost:43959|dataStream:localhost:39743|priority:0|startupRole:FOLLOWER]|listeners:[], old=null RUNNING
2022-07-21 19:36:51,720 [pool-9-thread-3] INFO  server.RaftServerConfigKeys (ConfUtils.java:logGet(46)) - raft.server.rpc.timeout.max = 300ms (default)
2022-07-21 19:36:51,734 [pool-9-thread-3] INFO  ratis.RaftTestUtil (RaftTestUtil.java:waitForLeader(100)) - printing ALL groups
  s0:  RUNNING    LEADER s0@group-3F2F94768D39:t1, leader=s0, voted=s0, raftlog=Memoized:s0@group-3F2F94768D39-SegmentedRaftLog:OPENED:c0, conf=0: peers:[s0|rpc:localhost:41459|admin:localhost:39355|client:localhost:35515|dataStream:localhost:32957|priority:0|startupRole:FOLLOWER, s1|rpc:localhost:42501|admin:localhost:40929|client:localhost:40437|dataStream:localhost:34203|priority:0|startupRole:FOLLOWER, s2|rpc:localhost:35871|admin:localhost:34483|client:localhost:43959|dataStream:localhost:39743|priority:0|startupRole:FOLLOWER]|listeners:[], old=null RUNNING
  s1:  RUNNING  FOLLOWER s1@group-3F2F94768D39:t1, leader=s0, voted=s0, raftlog=Memoized:s1@group-3F2F94768D39-SegmentedRaftLog:OPENED:c0, conf=0: peers:[s0|rpc:localhost:41459|admin:localhost:39355|client:localhost:35515|dataStream:localhost:32957|priority:0|startupRole:FOLLOWER, s1|rpc:localhost:42501|admin:localhost:40929|client:localhost:40437|dataStream:localhost:34203|priority:0|startupRole:FOLLOWER, s2|rpc:localhost:35871|admin:localhost:34483|client:localhost:43959|dataStream:localhost:39743|priority:0|startupRole:FOLLOWER]|listeners:[], old=null RUNNING
  s2:  RUNNING  FOLLOWER s2@group-3F2F94768D39:t1, leader=s0, voted=s0, raftlog=Memoized:s2@group-3F2F94768D39-SegmentedRaftLog:OPENED:c0, conf=0: peers:[s0|rpc:localhost:41459|admin:localhost:39355|client:localhost:35515|dataStream:localhost:32957|priority:0|startupRole:FOLLOWER, s1|rpc:localhost:42501|admin:localhost:40929|client:localhost:40437|dataStream:localhost:34203|priority:0|startupRole:FOLLOWER, s2|rpc:localhost:35871|admin:localhost:34483|client:localhost:43959|dataStream:localhost:39743|priority:0|startupRole:FOLLOWER]|listeners:[], old=null RUNNING
2022-07-21 19:36:51,734 [pool-9-thread-3] INFO  ratis.RaftTestUtil (RaftTestUtil.java:waitForLeader(119)) - printing ALL groups
  s0:  RUNNING    LEADER s0@group-3F2F94768D39:t1, leader=s0, voted=s0, raftlog=Memoized:s0@group-3F2F94768D39-SegmentedRaftLog:OPENED:c0, conf=0: peers:[s0|rpc:localhost:41459|admin:localhost:39355|client:localhost:35515|dataStream:localhost:32957|priority:0|startupRole:FOLLOWER, s1|rpc:localhost:42501|admin:localhost:40929|client:localhost:40437|dataStream:localhost:34203|priority:0|startupRole:FOLLOWER, s2|rpc:localhost:35871|admin:localhost:34483|client:localhost:43959|dataStream:localhost:39743|priority:0|startupRole:FOLLOWER]|listeners:[], old=null RUNNING
  s1:  RUNNING  FOLLOWER s1@group-3F2F94768D39:t1, leader=s0, voted=s0, raftlog=Memoized:s1@group-3F2F94768D39-SegmentedRaftLog:OPENED:c0, conf=0: peers:[s0|rpc:localhost:41459|admin:localhost:39355|client:localhost:35515|dataStream:localhost:32957|priority:0|startupRole:FOLLOWER, s1|rpc:localhost:42501|admin:localhost:40929|client:localhost:40437|dataStream:localhost:34203|priority:0|startupRole:FOLLOWER, s2|rpc:localhost:35871|admin:localhost:34483|client:localhost:43959|dataStream:localhost:39743|priority:0|startupRole:FOLLOWER]|listeners:[], old=null RUNNING
  s2:  RUNNING  FOLLOWER s2@group-3F2F94768D39:t1, leader=s0, voted=s0, raftlog=Memoized:s2@group-3F2F94768D39-SegmentedRaftLog:OPENED:c0, conf=0: peers:[s0|rpc:localhost:41459|admin:localhost:39355|client:localhost:35515|dataStream:localhost:32957|priority:0|startupRole:FOLLOWER, s1|rpc:localhost:42501|admin:localhost:40929|client:localhost:40437|dataStream:localhost:34203|priority:0|startupRole:FOLLOWER, s2|rpc:localhost:35871|admin:localhost:34483|client:localhost:43959|dataStream:localhost:39743|priority:0|startupRole:FOLLOWER]|listeners:[], old=null RUNNING
2022-07-21 19:36:51,735 [pool-9-thread-3] INFO  client.DataStreamClient (ConfUtils.java:logGet(46)) - raft.datastream.type = NETTY (custom)
2022-07-21 19:36:51,735 [pool-9-thread-3] INFO  netty.NettyConfigKeys$DataStream (ConfUtils.java:logGet(46)) - raft.netty.dataStream.client.tls.conf = null (default)
2022-07-21 19:36:51,735 [pool-9-thread-3] INFO  netty.NettyConfigKeys$DataStream (ConfUtils.java:logGet(46)) - raft.netty.dataStream.client.reply.queue.grace-period = 1s (default)
2022-07-21 19:36:51,735 [pool-9-thread-3] INFO  netty.NettyConfigKeys$DataStream (ConfUtils.java:logGet(46)) - raft.netty.dataStream.client.worker-group.share = false (default)
2022-07-21 19:36:51,735 [pool-9-thread-3] INFO  netty.NettyConfigKeys$DataStream (ConfUtils.java:logGet(46)) - raft.netty.dataStream.client.worker-group.size = 4 (default)
2022-07-21 19:36:51,736 [pool-9-thread-4] INFO  server.RaftServerConfigKeys (ConfUtils.java:logGet(46)) - raft.server.rpc.timeout.max = 300ms (default)
2022-07-21 19:36:51,736 [pool-9-thread-6] INFO  server.RaftServerConfigKeys (ConfUtils.java:logGet(46)) - raft.server.rpc.timeout.max = 300ms (default)
2022-07-21 19:36:51,736 [pool-9-thread-4] INFO  ratis.RaftTestUtil (RaftTestUtil.java:waitForLeader(100)) - printing ALL groups
  s0:  RUNNING    LEADER s0@group-3F2F94768D39:t1, leader=s0, voted=s0, raftlog=Memoized:s0@group-3F2F94768D39-SegmentedRaftLog:OPENED:c0, conf=0: peers:[s0|rpc:localhost:41459|admin:localhost:39355|client:localhost:35515|dataStream:localhost:32957|priority:0|startupRole:FOLLOWER, s1|rpc:localhost:42501|admin:localhost:40929|client:localhost:40437|dataStream:localhost:34203|priority:0|startupRole:FOLLOWER, s2|rpc:localhost:35871|admin:localhost:34483|client:localhost:43959|dataStream:localhost:39743|priority:0|startupRole:FOLLOWER]|listeners:[], old=null RUNNING
  s1:  RUNNING  FOLLOWER s1@group-3F2F94768D39:t1, leader=s0, voted=s0, raftlog=Memoized:s1@group-3F2F94768D39-SegmentedRaftLog:OPENED:c0, conf=0: peers:[s0|rpc:localhost:41459|admin:localhost:39355|client:localhost:35515|dataStream:localhost:32957|priority:0|startupRole:FOLLOWER, s1|rpc:localhost:42501|admin:localhost:40929|client:localhost:40437|dataStream:localhost:34203|priority:0|startupRole:FOLLOWER, s2|rpc:localhost:35871|admin:localhost:34483|client:localhost:43959|dataStream:localhost:39743|priority:0|startupRole:FOLLOWER]|listeners:[], old=null RUNNING
  s2:  RUNNING  FOLLOWER s2@group-3F2F94768D39:t1, leader=s0, voted=s0, raftlog=Memoized:s2@group-3F2F94768D39-SegmentedRaftLog:OPENED:c0, conf=0: peers:[s0|rpc:localhost:41459|admin:localhost:39355|client:localhost:35515|dataStream:localhost:32957|priority:0|startupRole:FOLLOWER, s1|rpc:localhost:42501|admin:localhost:40929|client:localhost:40437|dataStream:localhost:34203|priority:0|startupRole:FOLLOWER, s2|rpc:localhost:35871|admin:localhost:34483|client:localhost:43959|dataStream:localhost:39743|priority:0|startupRole:FOLLOWER]|listeners:[], old=null RUNNING
2022-07-21 19:36:51,737 [pool-9-thread-4] INFO  ratis.RaftTestUtil (RaftTestUtil.java:waitForLeader(119)) - printing ALL groups
  s0:  RUNNING    LEADER s0@group-3F2F94768D39:t1, leader=s0, voted=s0, raftlog=Memoized:s0@group-3F2F94768D39-SegmentedRaftLog:OPENED:c0, conf=0: peers:[s0|rpc:localhost:41459|admin:localhost:39355|client:localhost:35515|dataStream:localhost:32957|priority:0|startupRole:FOLLOWER, s1|rpc:localhost:42501|admin:localhost:40929|client:localhost:40437|dataStream:localhost:34203|priority:0|startupRole:FOLLOWER, s2|rpc:localhost:35871|admin:localhost:34483|client:localhost:43959|dataStream:localhost:39743|priority:0|startupRole:FOLLOWER]|listeners:[], old=null RUNNING
  s1:  RUNNING  FOLLOWER s1@group-3F2F94768D39:t1, leader=s0, voted=s0, raftlog=Memoized:s1@group-3F2F94768D39-SegmentedRaftLog:OPENED:c0, conf=0: peers:[s0|rpc:localhost:41459|admin:localhost:39355|client:localhost:35515|dataStream:localhost:32957|priority:0|startupRole:FOLLOWER, s1|rpc:localhost:42501|admin:localhost:40929|client:localhost:40437|dataStream:localhost:34203|priority:0|startupRole:FOLLOWER, s2|rpc:localhost:35871|admin:localhost:34483|client:localhost:43959|dataStream:localhost:39743|priority:0|startupRole:FOLLOWER]|listeners:[], old=null RUNNING
  s2:  RUNNING  FOLLOWER s2@group-3F2F94768D39:t1, leader=s0, voted=s0, raftlog=Memoized:s2@group-3F2F94768D39-SegmentedRaftLog:OPENED:c0, conf=0: peers:[s0|rpc:localhost:41459|admin:localhost:39355|client:localhost:35515|dataStream:localhost:32957|priority:0|startupRole:FOLLOWER, s1|rpc:localhost:42501|admin:localhost:40929|client:localhost:40437|dataStream:localhost:34203|priority:0|startupRole:FOLLOWER, s2|rpc:localhost:35871|admin:localhost:34483|client:localhost:43959|dataStream:localhost:39743|priority:0|startupRole:FOLLOWER]|listeners:[], old=null RUNNING
2022-07-21 19:36:51,737 [pool-9-thread-6] INFO  ratis.RaftTestUtil (RaftTestUtil.java:waitForLeader(100)) - printing ALL groups
  s0:  RUNNING    LEADER s0@group-3F2F94768D39:t1, leader=s0, voted=s0, raftlog=Memoized:s0@group-3F2F94768D39-SegmentedRaftLog:OPENED:c0, conf=0: peers:[s0|rpc:localhost:41459|admin:localhost:39355|client:localhost:35515|dataStream:localhost:32957|priority:0|startupRole:FOLLOWER, s1|rpc:localhost:42501|admin:localhost:40929|client:localhost:40437|dataStream:localhost:34203|priority:0|startupRole:FOLLOWER, s2|rpc:localhost:35871|admin:localhost:34483|client:localhost:43959|dataStream:localhost:39743|priority:0|startupRole:FOLLOWER]|listeners:[], old=null RUNNING
  s1:  RUNNING  FOLLOWER s1@group-3F2F94768D39:t1, leader=s0, voted=s0, raftlog=Memoized:s1@group-3F2F94768D39-SegmentedRaftLog:OPENED:c0, conf=0: peers:[s0|rpc:localhost:41459|admin:localhost:39355|client:localhost:35515|dataStream:localhost:32957|priority:0|startupRole:FOLLOWER, s1|rpc:localhost:42501|admin:localhost:40929|client:localhost:40437|dataStream:localhost:34203|priority:0|startupRole:FOLLOWER, s2|rpc:localhost:35871|admin:localhost:34483|client:localhost:43959|dataStream:localhost:39743|priority:0|startupRole:FOLLOWER]|listeners:[], old=null RUNNING
  s2:  RUNNING  FOLLOWER s2@group-3F2F94768D39:t1, leader=s0, voted=s0, raftlog=Memoized:s2@group-3F2F94768D39-SegmentedRaftLog:OPENED:c0, conf=0: peers:[s0|rpc:localhost:41459|admin:localhost:39355|client:localhost:35515|dataStream:localhost:32957|priority:0|startupRole:FOLLOWER, s1|rpc:localhost:42501|admin:localhost:40929|client:localhost:40437|dataStream:localhost:34203|priority:0|startupRole:FOLLOWER, s2|rpc:localhost:35871|admin:localhost:34483|client:localhost:43959|dataStream:localhost:39743|priority:0|startupRole:FOLLOWER]|listeners:[], old=null RUNNING
2022-07-21 19:36:51,737 [pool-9-thread-4] INFO  client.DataStreamClient (ConfUtils.java:logGet(46)) - raft.datastream.type = NETTY (custom)
2022-07-21 19:36:51,737 [pool-9-thread-4] INFO  netty.NettyConfigKeys$DataStream (ConfUtils.java:logGet(46)) - raft.netty.dataStream.client.tls.conf = null (default)
2022-07-21 19:36:51,737 [pool-9-thread-6] INFO  ratis.RaftTestUtil (RaftTestUtil.java:waitForLeader(119)) - printing ALL groups
  s0:  RUNNING    LEADER s0@group-3F2F94768D39:t1, leader=s0, voted=s0, raftlog=Memoized:s0@group-3F2F94768D39-SegmentedRaftLog:OPENED:c0, conf=0: peers:[s0|rpc:localhost:41459|admin:localhost:39355|client:localhost:35515|dataStream:localhost:32957|priority:0|startupRole:FOLLOWER, s1|rpc:localhost:42501|admin:localhost:40929|client:localhost:40437|dataStream:localhost:34203|priority:0|startupRole:FOLLOWER, s2|rpc:localhost:35871|admin:localhost:34483|client:localhost:43959|dataStream:localhost:39743|priority:0|startupRole:FOLLOWER]|listeners:[], old=null RUNNING
  s1:  RUNNING  FOLLOWER s1@group-3F2F94768D39:t1, leader=s0, voted=s0, raftlog=Memoized:s1@group-3F2F94768D39-SegmentedRaftLog:OPENED:c0, conf=0: peers:[s0|rpc:localhost:41459|admin:localhost:39355|client:localhost:35515|dataStream:localhost:32957|priority:0|startupRole:FOLLOWER, s1|rpc:localhost:42501|admin:localhost:40929|client:localhost:40437|dataStream:localhost:34203|priority:0|startupRole:FOLLOWER, s2|rpc:localhost:35871|admin:localhost:34483|client:localhost:43959|dataStream:localhost:39743|priority:0|startupRole:FOLLOWER]|listeners:[], old=null RUNNING
  s2:  RUNNING  FOLLOWER s2@group-3F2F94768D39:t1, leader=s0, voted=s0, raftlog=Memoized:s2@group-3F2F94768D39-SegmentedRaftLog:OPENED:c0, conf=0: peers:[s0|rpc:localhost:41459|admin:localhost:39355|client:localhost:35515|dataStream:localhost:32957|priority:0|startupRole:FOLLOWER, s1|rpc:localhost:42501|admin:localhost:40929|client:localhost:40437|dataStream:localhost:34203|priority:0|startupRole:FOLLOWER, s2|rpc:localhost:35871|admin:localhost:34483|client:localhost:43959|dataStream:localhost:39743|priority:0|startupRole:FOLLOWER]|listeners:[], old=null RUNNING
2022-07-21 19:36:51,737 [pool-9-thread-4] INFO  netty.NettyConfigKeys$DataStream (ConfUtils.java:logGet(46)) - raft.netty.dataStream.client.reply.queue.grace-period = 1s (default)
2022-07-21 19:36:51,737 [pool-9-thread-5] INFO  server.RaftServerConfigKeys (ConfUtils.java:logGet(46)) - raft.server.rpc.timeout.max = 300ms (default)
2022-07-21 19:36:51,737 [pool-9-thread-4] INFO  netty.NettyConfigKeys$DataStream (ConfUtils.java:logGet(46)) - raft.netty.dataStream.client.worker-group.share = false (default)
2022-07-21 19:36:51,737 [pool-9-thread-4] INFO  netty.NettyConfigKeys$DataStream (ConfUtils.java:logGet(46)) - raft.netty.dataStream.client.worker-group.size = 4 (default)
2022-07-21 19:36:51,737 [pool-9-thread-5] INFO  ratis.RaftTestUtil (RaftTestUtil.java:waitForLeader(100)) - printing ALL groups
  s0:  RUNNING    LEADER s0@group-3F2F94768D39:t1, leader=s0, voted=s0, raftlog=Memoized:s0@group-3F2F94768D39-SegmentedRaftLog:OPENED:c0, conf=0: peers:[s0|rpc:localhost:41459|admin:localhost:39355|client:localhost:35515|dataStream:localhost:32957|priority:0|startupRole:FOLLOWER, s1|rpc:localhost:42501|admin:localhost:40929|client:localhost:40437|dataStream:localhost:34203|priority:0|startupRole:FOLLOWER, s2|rpc:localhost:35871|admin:localhost:34483|client:localhost:43959|dataStream:localhost:39743|priority:0|startupRole:FOLLOWER]|listeners:[], old=null RUNNING
  s1:  RUNNING  FOLLOWER s1@group-3F2F94768D39:t1, leader=s0, voted=s0, raftlog=Memoized:s1@group-3F2F94768D39-SegmentedRaftLog:OPENED:c0, conf=0: peers:[s0|rpc:localhost:41459|admin:localhost:39355|client:localhost:35515|dataStream:localhost:32957|priority:0|startupRole:FOLLOWER, s1|rpc:localhost:42501|admin:localhost:40929|client:localhost:40437|dataStream:localhost:34203|priority:0|startupRole:FOLLOWER, s2|rpc:localhost:35871|admin:localhost:34483|client:localhost:43959|dataStream:localhost:39743|priority:0|startupRole:FOLLOWER]|listeners:[], old=null RUNNING
  s2:  RUNNING  FOLLOWER s2@group-3F2F94768D39:t1, leader=s0, voted=s0, raftlog=Memoized:s2@group-3F2F94768D39-SegmentedRaftLog:OPENED:c0, conf=0: peers:[s0|rpc:localhost:41459|admin:localhost:39355|client:localhost:35515|dataStream:localhost:32957|priority:0|startupRole:FOLLOWER, s1|rpc:localhost:42501|admin:localhost:40929|client:localhost:40437|dataStream:localhost:34203|priority:0|startupRole:FOLLOWER, s2|rpc:localhost:35871|admin:localhost:34483|client:localhost:43959|dataStream:localhost:39743|priority:0|startupRole:FOLLOWER]|listeners:[], old=null RUNNING
2022-07-21 19:36:51,738 [pool-9-thread-5] INFO  ratis.RaftTestUtil (RaftTestUtil.java:waitForLeader(119)) - printing ALL groups
  s0:  RUNNING    LEADER s0@group-3F2F94768D39:t1, leader=s0, voted=s0, raftlog=Memoized:s0@group-3F2F94768D39-SegmentedRaftLog:OPENED:c0, conf=0: peers:[s0|rpc:localhost:41459|admin:localhost:39355|client:localhost:35515|dataStream:localhost:32957|priority:0|startupRole:FOLLOWER, s1|rpc:localhost:42501|admin:localhost:40929|client:localhost:40437|dataStream:localhost:34203|priority:0|startupRole:FOLLOWER, s2|rpc:localhost:35871|admin:localhost:34483|client:localhost:43959|dataStream:localhost:39743|priority:0|startupRole:FOLLOWER]|listeners:[], old=null RUNNING
  s1:  RUNNING  FOLLOWER s1@group-3F2F94768D39:t1, leader=s0, voted=s0, raftlog=Memoized:s1@group-3F2F94768D39-SegmentedRaftLog:OPENED:c0, conf=0: peers:[s0|rpc:localhost:41459|admin:localhost:39355|client:localhost:35515|dataStream:localhost:32957|priority:0|startupRole:FOLLOWER, s1|rpc:localhost:42501|admin:localhost:40929|client:localhost:40437|dataStream:localhost:34203|priority:0|startupRole:FOLLOWER, s2|rpc:localhost:35871|admin:localhost:34483|client:localhost:43959|dataStream:localhost:39743|priority:0|startupRole:FOLLOWER]|listeners:[], old=null RUNNING
  s2:  RUNNING  FOLLOWER s2@group-3F2F94768D39:t1, leader=s0, voted=s0, raftlog=Memoized:s2@group-3F2F94768D39-SegmentedRaftLog:OPENED:c0, conf=0: peers:[s0|rpc:localhost:41459|admin:localhost:39355|client:localhost:35515|dataStream:localhost:32957|priority:0|startupRole:FOLLOWER, s1|rpc:localhost:42501|admin:localhost:40929|client:localhost:40437|dataStream:localhost:34203|priority:0|startupRole:FOLLOWER, s2|rpc:localhost:35871|admin:localhost:34483|client:localhost:43959|dataStream:localhost:39743|priority:0|startupRole:FOLLOWER]|listeners:[], old=null RUNNING
2022-07-21 19:36:51,738 [pool-9-thread-5] INFO  client.DataStreamClient (ConfUtils.java:logGet(46)) - raft.datastream.type = NETTY (custom)
2022-07-21 19:36:51,738 [pool-9-thread-5] INFO  netty.NettyConfigKeys$DataStream (ConfUtils.java:logGet(46)) - raft.netty.dataStream.client.tls.conf = null (default)
2022-07-21 19:36:51,738 [pool-9-thread-5] INFO  netty.NettyConfigKeys$DataStream (ConfUtils.java:logGet(46)) - raft.netty.dataStream.client.reply.queue.grace-period = 1s (default)
2022-07-21 19:36:51,738 [pool-9-thread-5] INFO  netty.NettyConfigKeys$DataStream (ConfUtils.java:logGet(46)) - raft.netty.dataStream.client.worker-group.share = false (default)
2022-07-21 19:36:51,739 [pool-9-thread-5] INFO  netty.NettyConfigKeys$DataStream (ConfUtils.java:logGet(46)) - raft.netty.dataStream.client.worker-group.size = 4 (default)
2022-07-21 19:36:51,739 [pool-9-thread-6] INFO  client.DataStreamClient (ConfUtils.java:logGet(46)) - raft.datastream.type = NETTY (custom)
2022-07-21 19:36:51,739 [pool-9-thread-6] INFO  netty.NettyConfigKeys$DataStream (ConfUtils.java:logGet(46)) - raft.netty.dataStream.client.tls.conf = null (default)
2022-07-21 19:36:51,740 [pool-9-thread-6] INFO  netty.NettyConfigKeys$DataStream (ConfUtils.java:logGet(46)) - raft.netty.dataStream.client.reply.queue.grace-period = 1s (default)
2022-07-21 19:36:51,740 [pool-9-thread-6] INFO  netty.NettyConfigKeys$DataStream (ConfUtils.java:logGet(46)) - raft.netty.dataStream.client.worker-group.share = false (default)
2022-07-21 19:36:51,740 [pool-9-thread-6] INFO  netty.NettyConfigKeys$DataStream (ConfUtils.java:logGet(46)) - raft.netty.dataStream.client.worker-group.size = 4 (default)
2022-07-21 19:36:51,741 [s1-NettyServerStreamRpc-bossGroup--thread1] INFO  logging.LoggingHandler (AbstractInternalLogger.java:log(148)) - [id: 0xed2015e1, L:/0.0.0.0:34203] READ: [id: 0x518f7bb4, L:/127.0.0.1:34203 - R:/127.0.0.1:36256]
2022-07-21 19:36:51,741 [pool-9-thread-7] INFO  server.RaftServerConfigKeys (ConfUtils.java:logGet(46)) - raft.server.rpc.timeout.max = 300ms (default)
2022-07-21 19:36:51,742 [pool-9-thread-7] INFO  ratis.RaftTestUtil (RaftTestUtil.java:waitForLeader(100)) - printing ALL groups
  s0:  RUNNING    LEADER s0@group-3F2F94768D39:t1, leader=s0, voted=s0, raftlog=Memoized:s0@group-3F2F94768D39-SegmentedRaftLog:OPENED:c0, conf=0: peers:[s0|rpc:localhost:41459|admin:localhost:39355|client:localhost:35515|dataStream:localhost:32957|priority:0|startupRole:FOLLOWER, s1|rpc:localhost:42501|admin:localhost:40929|client:localhost:40437|dataStream:localhost:34203|priority:0|startupRole:FOLLOWER, s2|rpc:localhost:35871|admin:localhost:34483|client:localhost:43959|dataStream:localhost:39743|priority:0|startupRole:FOLLOWER]|listeners:[], old=null RUNNING
  s1:  RUNNING  FOLLOWER s1@group-3F2F94768D39:t1, leader=s0, voted=s0, raftlog=Memoized:s1@group-3F2F94768D39-SegmentedRaftLog:OPENED:c0, conf=0: peers:[s0|rpc:localhost:41459|admin:localhost:39355|client:localhost:35515|dataStream:localhost:32957|priority:0|startupRole:FOLLOWER, s1|rpc:localhost:42501|admin:localhost:40929|client:localhost:40437|dataStream:localhost:34203|priority:0|startupRole:FOLLOWER, s2|rpc:localhost:35871|admin:localhost:34483|client:localhost:43959|dataStream:localhost:39743|priority:0|startupRole:FOLLOWER]|listeners:[], old=null RUNNING
  s2:  RUNNING  FOLLOWER s2@group-3F2F94768D39:t1, leader=s0, voted=s0, raftlog=Memoized:s2@group-3F2F94768D39-SegmentedRaftLog:OPENED:c0, conf=0: peers:[s0|rpc:localhost:41459|admin:localhost:39355|client:localhost:35515|dataStream:localhost:32957|priority:0|startupRole:FOLLOWER, s1|rpc:localhost:42501|admin:localhost:40929|client:localhost:40437|dataStream:localhost:34203|priority:0|startupRole:FOLLOWER, s2|rpc:localhost:35871|admin:localhost:34483|client:localhost:43959|dataStream:localhost:39743|priority:0|startupRole:FOLLOWER]|listeners:[], old=null RUNNING
2022-07-21 19:36:51,742 [pool-9-thread-7] INFO  ratis.RaftTestUtil (RaftTestUtil.java:waitForLeader(119)) - printing ALL groups
  s0:  RUNNING    LEADER s0@group-3F2F94768D39:t1, leader=s0, voted=s0, raftlog=Memoized:s0@group-3F2F94768D39-SegmentedRaftLog:OPENED:c0, conf=0: peers:[s0|rpc:localhost:41459|admin:localhost:39355|client:localhost:35515|dataStream:localhost:32957|priority:0|startupRole:FOLLOWER, s1|rpc:localhost:42501|admin:localhost:40929|client:localhost:40437|dataStream:localhost:34203|priority:0|startupRole:FOLLOWER, s2|rpc:localhost:35871|admin:localhost:34483|client:localhost:43959|dataStream:localhost:39743|priority:0|startupRole:FOLLOWER]|listeners:[], old=null RUNNING
  s1:  RUNNING  FOLLOWER s1@group-3F2F94768D39:t1, leader=s0, voted=s0, raftlog=Memoized:s1@group-3F2F94768D39-SegmentedRaftLog:OPENED:c0, conf=0: peers:[s0|rpc:localhost:41459|admin:localhost:39355|client:localhost:35515|dataStream:localhost:32957|priority:0|startupRole:FOLLOWER, s1|rpc:localhost:42501|admin:localhost:40929|client:localhost:40437|dataStream:localhost:34203|priority:0|startupRole:FOLLOWER, s2|rpc:localhost:35871|admin:localhost:34483|client:localhost:43959|dataStream:localhost:39743|priority:0|startupRole:FOLLOWER]|listeners:[], old=null RUNNING
  s2:  RUNNING  FOLLOWER s2@group-3F2F94768D39:t1, leader=s0, voted=s0, raftlog=Memoized:s2@group-3F2F94768D39-SegmentedRaftLog:OPENED:c0, conf=0: peers:[s0|rpc:localhost:41459|admin:localhost:39355|client:localhost:35515|dataStream:localhost:32957|priority:0|startupRole:FOLLOWER, s1|rpc:localhost:42501|admin:localhost:40929|client:localhost:40437|dataStream:localhost:34203|priority:0|startupRole:FOLLOWER, s2|rpc:localhost:35871|admin:localhost:34483|client:localhost:43959|dataStream:localhost:39743|priority:0|startupRole:FOLLOWER]|listeners:[], old=null RUNNING
2022-07-21 19:36:51,742 [pool-9-thread-9] INFO  datastream.DataStreamTestUtils (DataStreamTestUtils.java:writeAndCloseAndAssertReplies(311)) - start Stream376
2022-07-21 19:36:51,742 [pool-9-thread-7] INFO  client.DataStreamClient (ConfUtils.java:logGet(46)) - raft.datastream.type = NETTY (custom)
2022-07-21 19:36:51,742 [pool-9-thread-7] INFO  netty.NettyConfigKeys$DataStream (ConfUtils.java:logGet(46)) - raft.netty.dataStream.client.tls.conf = null (default)
2022-07-21 19:36:51,742 [pool-9-thread-7] INFO  netty.NettyConfigKeys$DataStream (ConfUtils.java:logGet(46)) - raft.netty.dataStream.client.reply.queue.grace-period = 1s (default)
2022-07-21 19:36:51,742 [pool-9-thread-7] INFO  netty.NettyConfigKeys$DataStream (ConfUtils.java:logGet(46)) - raft.netty.dataStream.client.worker-group.share = false (default)
2022-07-21 19:36:51,743 [pool-9-thread-7] INFO  netty.NettyConfigKeys$DataStream (ConfUtils.java:logGet(46)) - raft.netty.dataStream.client.worker-group.size = 4 (default)
2022-07-21 19:36:51,744 [s2-NettyServerStreamRpc-bossGroup--thread1] INFO  logging.LoggingHandler (AbstractInternalLogger.java:log(148)) - [id: 0x935e7424, L:/0.0.0.0:39743] READ: [id: 0x34c1c057, L:/127.0.0.1:39743 - R:/127.0.0.1:51570]
2022-07-21 19:36:51,744 [pool-9-thread-10] INFO  datastream.DataStreamTestUtils (DataStreamTestUtils.java:writeAndCloseAndAssertReplies(311)) - start Stream378
2022-07-21 19:36:51,748 [pool-9-thread-11] INFO  datastream.DataStreamTestUtils (DataStreamTestUtils.java:writeAndCloseAndAssertReplies(311)) - start Stream379
2022-07-21 19:36:51,754 [pool-9-thread-13] INFO  datastream.DataStreamTestUtils (DataStreamTestUtils.java:writeAndCloseAndAssertReplies(311)) - start Stream380
2022-07-21 19:36:51,758 [pool-9-thread-14] INFO  datastream.DataStreamTestUtils (DataStreamTestUtils.java:writeAndCloseAndAssertReplies(311)) - start Stream381
2022-07-21 19:36:51,760 [s1-NettyServerStreamRpc-bossGroup--thread1] INFO  logging.LoggingHandler (AbstractInternalLogger.java:log(148)) - [id: 0xed2015e1, L:/0.0.0.0:34203] READ COMPLETE
2022-07-21 19:36:51,762 [s1-NettyServerStreamRpc-bossGroup--thread1] INFO  logging.LoggingHandler (AbstractInternalLogger.java:log(148)) - [id: 0xed2015e1, L:/0.0.0.0:34203] READ: [id: 0x8534ae06, L:/127.0.0.1:34203 - R:/127.0.0.1:36260]
2022-07-21 19:36:51,765 [pool-9-thread-8] INFO  server.RaftServerConfigKeys (ConfUtils.java:logGet(46)) - raft.server.rpc.timeout.max = 300ms (default)
2022-07-21 19:36:51,765 [s1-NettyServerStreamRpc-workerGroup--thread1] INFO  client.DataStreamClient (ConfUtils.java:logGet(46)) - raft.datastream.type = NETTY (custom)
2022-07-21 19:36:51,765 [pool-9-thread-8] INFO  ratis.RaftTestUtil (RaftTestUtil.java:waitForLeader(100)) - printing ALL groups
  s0:  RUNNING    LEADER s0@group-3F2F94768D39:t1, leader=s0, voted=s0, raftlog=Memoized:s0@group-3F2F94768D39-SegmentedRaftLog:OPENED:c0, conf=0: peers:[s0|rpc:localhost:41459|admin:localhost:39355|client:localhost:35515|dataStream:localhost:32957|priority:0|startupRole:FOLLOWER, s1|rpc:localhost:42501|admin:localhost:40929|client:localhost:40437|dataStream:localhost:34203|priority:0|startupRole:FOLLOWER, s2|rpc:localhost:35871|admin:localhost:34483|client:localhost:43959|dataStream:localhost:39743|priority:0|startupRole:FOLLOWER]|listeners:[], old=null RUNNING
  s1:  RUNNING  FOLLOWER s1@group-3F2F94768D39:t1, leader=s0, voted=s0, raftlog=Memoized:s1@group-3F2F94768D39-SegmentedRaftLog:OPENED:c0, conf=0: peers:[s0|rpc:localhost:41459|admin:localhost:39355|client:localhost:35515|dataStream:localhost:32957|priority:0|startupRole:FOLLOWER, s1|rpc:localhost:42501|admin:localhost:40929|client:localhost:40437|dataStream:localhost:34203|priority:0|startupRole:FOLLOWER, s2|rpc:localhost:35871|admin:localhost:34483|client:localhost:43959|dataStream:localhost:39743|priority:0|startupRole:FOLLOWER]|listeners:[], old=null RUNNING
  s2:  RUNNING  FOLLOWER s2@group-3F2F94768D39:t1, leader=s0, voted=s0, raftlog=Memoized:s2@group-3F2F94768D39-SegmentedRaftLog:OPENED:c0, conf=0: peers:[s0|rpc:localhost:41459|admin:localhost:39355|client:localhost:35515|dataStream:localhost:32957|priority:0|startupRole:FOLLOWER, s1|rpc:localhost:42501|admin:localhost:40929|client:localhost:40437|dataStream:localhost:34203|priority:0|startupRole:FOLLOWER, s2|rpc:localhost:35871|admin:localhost:34483|client:localhost:43959|dataStream:localhost:39743|priority:0|startupRole:FOLLOWER]|listeners:[], old=null RUNNING
2022-07-21 19:36:51,766 [pool-9-thread-8] INFO  ratis.RaftTestUtil (RaftTestUtil.java:waitForLeader(119)) - printing ALL groups
  s0:  RUNNING    LEADER s0@group-3F2F94768D39:t1, leader=s0, voted=s0, raftlog=Memoized:s0@group-3F2F94768D39-SegmentedRaftLog:OPENED:c0, conf=0: peers:[s0|rpc:localhost:41459|admin:localhost:39355|client:localhost:35515|dataStream:localhost:32957|priority:0|startupRole:FOLLOWER, s1|rpc:localhost:42501|admin:localhost:40929|client:localhost:40437|dataStream:localhost:34203|priority:0|startupRole:FOLLOWER, s2|rpc:localhost:35871|admin:localhost:34483|client:localhost:43959|dataStream:localhost:39743|priority:0|startupRole:FOLLOWER]|listeners:[], old=null RUNNING
  s1:  RUNNING  FOLLOWER s1@group-3F2F94768D39:t1, leader=s0, voted=s0, raftlog=Memoized:s1@group-3F2F94768D39-SegmentedRaftLog:OPENED:c0, conf=0: peers:[s0|rpc:localhost:41459|admin:localhost:39355|client:localhost:35515|dataStream:localhost:32957|priority:0|startupRole:FOLLOWER, s1|rpc:localhost:42501|admin:localhost:40929|client:localhost:40437|dataStream:localhost:34203|priority:0|startupRole:FOLLOWER, s2|rpc:localhost:35871|admin:localhost:34483|client:localhost:43959|dataStream:localhost:39743|priority:0|startupRole:FOLLOWER]|listeners:[], old=null RUNNING
  s2:  RUNNING  FOLLOWER s2@group-3F2F94768D39:t1, leader=s0, voted=s0, raftlog=Memoized:s2@group-3F2F94768D39-SegmentedRaftLog:OPENED:c0, conf=0: peers:[s0|rpc:localhost:41459|admin:localhost:39355|client:localhost:35515|dataStream:localhost:32957|priority:0|startupRole:FOLLOWER, s1|rpc:localhost:42501|admin:localhost:40929|client:localhost:40437|dataStream:localhost:34203|priority:0|startupRole:FOLLOWER, s2|rpc:localhost:35871|admin:localhost:34483|client:localhost:43959|dataStream:localhost:39743|priority:0|startupRole:FOLLOWER]|listeners:[], old=null RUNNING
2022-07-21 19:36:51,766 [s1-NettyServerStreamRpc-workerGroup--thread1] INFO  netty.NettyConfigKeys$DataStream (ConfUtils.java:logGet(46)) - raft.netty.dataStream.client.tls.conf = null (default)
2022-07-21 19:36:51,766 [pool-9-thread-8] INFO  client.DataStreamClient (ConfUtils.java:logGet(46)) - raft.datastream.type = NETTY (custom)
2022-07-21 19:36:51,766 [s1-NettyServerStreamRpc-workerGroup--thread1] INFO  netty.NettyConfigKeys$DataStream (ConfUtils.java:logGet(46)) - raft.netty.dataStream.client.reply.queue.grace-period = 1s (default)
2022-07-21 19:36:51,766 [s1-NettyServerStreamRpc-workerGroup--thread1] INFO  netty.NettyConfigKeys$DataStream (ConfUtils.java:logGet(46)) - raft.netty.dataStream.client.worker-group.share = false (default)
2022-07-21 19:36:51,766 [pool-9-thread-8] INFO  netty.NettyConfigKeys$DataStream (ConfUtils.java:logGet(46)) - raft.netty.dataStream.client.tls.conf = null (default)
2022-07-21 19:36:51,767 [pool-9-thread-8] INFO  netty.NettyConfigKeys$DataStream (ConfUtils.java:logGet(46)) - raft.netty.dataStream.client.reply.queue.grace-period = 1s (default)
2022-07-21 19:36:51,767 [pool-9-thread-8] INFO  netty.NettyConfigKeys$DataStream (ConfUtils.java:logGet(46)) - raft.netty.dataStream.client.worker-group.share = false (default)
2022-07-21 19:36:51,767 [pool-9-thread-8] INFO  netty.NettyConfigKeys$DataStream (ConfUtils.java:logGet(46)) - raft.netty.dataStream.client.worker-group.size = 4 (default)
2022-07-21 19:36:51,767 [s1-NettyServerStreamRpc-workerGroup--thread1] INFO  netty.NettyConfigKeys$DataStream (ConfUtils.java:logGet(46)) - raft.netty.dataStream.client.worker-group.size = 4 (default)
2022-07-21 19:36:51,772 [s2-NettyServerStreamRpc-bossGroup--thread1] INFO  logging.LoggingHandler (AbstractInternalLogger.java:log(148)) - [id: 0x935e7424, L:/0.0.0.0:39743] READ COMPLETE
2022-07-21 19:36:51,772 [s2-NettyServerStreamRpc-workerGroup--thread1] INFO  client.DataStreamClient (ConfUtils.java:logGet(46)) - raft.datastream.type = NETTY (custom)
2022-07-21 19:36:51,773 [s2-NettyServerStreamRpc-workerGroup--thread1] INFO  netty.NettyConfigKeys$DataStream (ConfUtils.java:logGet(46)) - raft.netty.dataStream.client.tls.conf = null (default)
2022-07-21 19:36:51,773 [s2-NettyServerStreamRpc-workerGroup--thread1] INFO  netty.NettyConfigKeys$DataStream (ConfUtils.java:logGet(46)) - raft.netty.dataStream.client.reply.queue.grace-period = 1s (default)
2022-07-21 19:36:51,773 [s2-NettyServerStreamRpc-workerGroup--thread1] INFO  netty.NettyConfigKeys$DataStream (ConfUtils.java:logGet(46)) - raft.netty.dataStream.client.worker-group.share = false (default)
2022-07-21 19:36:51,773 [pool-9-thread-12] INFO  datastream.DataStreamTestUtils (DataStreamTestUtils.java:writeAndCloseAndAssertReplies(311)) - start Stream377
2022-07-21 19:36:51,773 [s2-NettyServerStreamRpc-workerGroup--thread1] INFO  netty.NettyConfigKeys$DataStream (ConfUtils.java:logGet(46)) - raft.netty.dataStream.client.worker-group.size = 4 (default)
2022-07-21 19:36:51,783 [pool-9-thread-16] INFO  server.RaftServerConfigKeys (ConfUtils.java:logGet(46)) - raft.server.rpc.timeout.max = 300ms (default)
2022-07-21 19:36:51,784 [pool-9-thread-16] INFO  ratis.RaftTestUtil (RaftTestUtil.java:waitForLeader(100)) - printing ALL groups
  s0:  RUNNING    LEADER s0@group-3F2F94768D39:t1, leader=s0, voted=s0, raftlog=Memoized:s0@group-3F2F94768D39-SegmentedRaftLog:OPENED:c0, conf=0: peers:[s0|rpc:localhost:41459|admin:localhost:39355|client:localhost:35515|dataStream:localhost:32957|priority:0|startupRole:FOLLOWER, s1|rpc:localhost:42501|admin:localhost:40929|client:localhost:40437|dataStream:localhost:34203|priority:0|startupRole:FOLLOWER, s2|rpc:localhost:35871|admin:localhost:34483|client:localhost:43959|dataStream:localhost:39743|priority:0|startupRole:FOLLOWER]|listeners:[], old=null RUNNING
  s1:  RUNNING  FOLLOWER s1@group-3F2F94768D39:t1, leader=s0, voted=s0, raftlog=Memoized:s1@group-3F2F94768D39-SegmentedRaftLog:OPENED:c0, conf=0: peers:[s0|rpc:localhost:41459|admin:localhost:39355|client:localhost:35515|dataStream:localhost:32957|priority:0|startupRole:FOLLOWER, s1|rpc:localhost:42501|admin:localhost:40929|client:localhost:40437|dataStream:localhost:34203|priority:0|startupRole:FOLLOWER, s2|rpc:localhost:35871|admin:localhost:34483|client:localhost:43959|dataStream:localhost:39743|priority:0|startupRole:FOLLOWER]|listeners:[], old=null RUNNING
  s2:  RUNNING  FOLLOWER s2@group-3F2F94768D39:t1, leader=s0, voted=s0, raftlog=Memoized:s2@group-3F2F94768D39-SegmentedRaftLog:OPENED:c0, conf=0: peers:[s0|rpc:localhost:41459|admin:localhost:39355|client:localhost:35515|dataStream:localhost:32957|priority:0|startupRole:FOLLOWER, s1|rpc:localhost:42501|admin:localhost:40929|client:localhost:40437|dataStream:localhost:34203|priority:0|startupRole:FOLLOWER, s2|rpc:localhost:35871|admin:localhost:34483|client:localhost:43959|dataStream:localhost:39743|priority:0|startupRole:FOLLOWER]|listeners:[], old=null RUNNING
2022-07-21 19:36:51,784 [pool-9-thread-16] INFO  ratis.RaftTestUtil (RaftTestUtil.java:waitForLeader(119)) - printing ALL groups
  s0:  RUNNING    LEADER s0@group-3F2F94768D39:t1, leader=s0, voted=s0, raftlog=Memoized:s0@group-3F2F94768D39-SegmentedRaftLog:OPENED:c0, conf=0: peers:[s0|rpc:localhost:41459|admin:localhost:39355|client:localhost:35515|dataStream:localhost:32957|priority:0|startupRole:FOLLOWER, s1|rpc:localhost:42501|admin:localhost:40929|client:localhost:40437|dataStream:localhost:34203|priority:0|startupRole:FOLLOWER, s2|rpc:localhost:35871|admin:localhost:34483|client:localhost:43959|dataStream:localhost:39743|priority:0|startupRole:FOLLOWER]|listeners:[], old=null RUNNING
  s1:  RUNNING  FOLLOWER s1@group-3F2F94768D39:t1, leader=s0, voted=s0, raftlog=Memoized:s1@group-3F2F94768D39-SegmentedRaftLog:OPENED:c0, conf=0: peers:[s0|rpc:localhost:41459|admin:localhost:39355|client:localhost:35515|dataStream:localhost:32957|priority:0|startupRole:FOLLOWER, s1|rpc:localhost:42501|admin:localhost:40929|client:localhost:40437|dataStream:localhost:34203|priority:0|startupRole:FOLLOWER, s2|rpc:localhost:35871|admin:localhost:34483|client:localhost:43959|dataStream:localhost:39743|priority:0|startupRole:FOLLOWER]|listeners:[], old=null RUNNING
  s2:  RUNNING  FOLLOWER s2@group-3F2F94768D39:t1, leader=s0, voted=s0, raftlog=Memoized:s2@group-3F2F94768D39-SegmentedRaftLog:OPENED:c0, conf=0: peers:[s0|rpc:localhost:41459|admin:localhost:39355|client:localhost:35515|dataStream:localhost:32957|priority:0|startupRole:FOLLOWER, s1|rpc:localhost:42501|admin:localhost:40929|client:localhost:40437|dataStream:localhost:34203|priority:0|startupRole:FOLLOWER, s2|rpc:localhost:35871|admin:localhost:34483|client:localhost:43959|dataStream:localhost:39743|priority:0|startupRole:FOLLOWER]|listeners:[], old=null RUNNING
2022-07-21 19:36:51,785 [s0-NettyServerStreamRpc-bossGroup--thread1] INFO  logging.LoggingHandler (AbstractInternalLogger.java:log(148)) - [id: 0xf06305cb, L:/0.0.0.0:32957] READ: [id: 0xa4a9998c, L:/127.0.0.1:32957 - R:/127.0.0.1:47518]
2022-07-21 19:36:51,785 [pool-9-thread-16] INFO  client.DataStreamClient (ConfUtils.java:logGet(46)) - raft.datastream.type = NETTY (custom)
2022-07-21 19:36:51,785 [pool-9-thread-16] INFO  netty.NettyConfigKeys$DataStream (ConfUtils.java:logGet(46)) - raft.netty.dataStream.client.tls.conf = null (default)
2022-07-21 19:36:51,785 [pool-9-thread-16] INFO  netty.NettyConfigKeys$DataStream (ConfUtils.java:logGet(46)) - raft.netty.dataStream.client.reply.queue.grace-period = 1s (default)
2022-07-21 19:36:51,786 [pool-9-thread-16] INFO  netty.NettyConfigKeys$DataStream (ConfUtils.java:logGet(46)) - raft.netty.dataStream.client.worker-group.share = false (default)
2022-07-21 19:36:51,786 [pool-9-thread-16] INFO  netty.NettyConfigKeys$DataStream (ConfUtils.java:logGet(46)) - raft.netty.dataStream.client.worker-group.size = 4 (default)
2022-07-21 19:36:51,786 [pool-9-thread-15] INFO  datastream.DataStreamTestUtils (DataStreamTestUtils.java:writeAndCloseAndAssertReplies(311)) - start Stream383
2022-07-21 19:36:51,789 [s1-NettyServerStreamRpc-workerGroup--thread1] INFO  client.DataStreamClient (ConfUtils.java:logGet(46)) - raft.datastream.type = NETTY (custom)
2022-07-21 19:36:51,789 [s1-NettyServerStreamRpc-workerGroup--thread1] INFO  netty.NettyConfigKeys$DataStream (ConfUtils.java:logGet(46)) - raft.netty.dataStream.client.tls.conf = null (default)
2022-07-21 19:36:51,789 [s1-NettyServerStreamRpc-workerGroup--thread1] INFO  netty.NettyConfigKeys$DataStream (ConfUtils.java:logGet(46)) - raft.netty.dataStream.client.reply.queue.grace-period = 1s (default)
2022-07-21 19:36:51,789 [s1-NettyServerStreamRpc-workerGroup--thread1] INFO  netty.NettyConfigKeys$DataStream (ConfUtils.java:logGet(46)) - raft.netty.dataStream.client.worker-group.share = false (default)
2022-07-21 19:36:51,790 [s1-NettyServerStreamRpc-workerGroup--thread1] INFO  netty.NettyConfigKeys$DataStream (ConfUtils.java:logGet(46)) - raft.netty.dataStream.client.worker-group.size = 4 (default)
2022-07-21 19:36:51,790 [s0-NettyServerStreamRpc-bossGroup--thread1] INFO  logging.LoggingHandler (AbstractInternalLogger.java:log(148)) - [id: 0xf06305cb, L:/0.0.0.0:32957] READ COMPLETE
2022-07-21 19:36:51,790 [s1-NettyServerStreamRpc-bossGroup--thread1] INFO  logging.LoggingHandler (AbstractInternalLogger.java:log(148)) - [id: 0xed2015e1, L:/0.0.0.0:34203] READ COMPLETE
2022-07-21 19:36:51,799 [s1-NettyServerStreamRpc-bossGroup--thread1] INFO  logging.LoggingHandler (AbstractInternalLogger.java:log(148)) - [id: 0xed2015e1, L:/0.0.0.0:34203] READ: [id: 0x34f9101e, L:/127.0.0.1:34203 - R:/127.0.0.1:36262]
2022-07-21 19:36:51,799 [s0-NettyServerStreamRpc-bossGroup--thread1] INFO  logging.LoggingHandler (AbstractInternalLogger.java:log(148)) - [id: 0xf06305cb, L:/0.0.0.0:32957] READ: [id: 0x5161f8d6, L:/127.0.0.1:32957 - R:/127.0.0.1:47520]
2022-07-21 19:36:51,799 [s2-NettyServerStreamRpc-workerGroup--thread1] INFO  client.DataStreamClient (ConfUtils.java:logGet(46)) - raft.datastream.type = NETTY (custom)
2022-07-21 19:36:51,800 [s2-NettyServerStreamRpc-workerGroup--thread1] INFO  netty.NettyConfigKeys$DataStream (ConfUtils.java:logGet(46)) - raft.netty.dataStream.client.tls.conf = null (default)
2022-07-21 19:36:51,800 [s2-NettyServerStreamRpc-workerGroup--thread1] INFO  netty.NettyConfigKeys$DataStream (ConfUtils.java:logGet(46)) - raft.netty.dataStream.client.reply.queue.grace-period = 1s (default)
2022-07-21 19:36:51,800 [s2-NettyServerStreamRpc-workerGroup--thread1] INFO  netty.NettyConfigKeys$DataStream (ConfUtils.java:logGet(46)) - raft.netty.dataStream.client.worker-group.share = false (default)
2022-07-21 19:36:51,800 [s2-NettyServerStreamRpc-workerGroup--thread1] INFO  netty.NettyConfigKeys$DataStream (ConfUtils.java:logGet(46)) - raft.netty.dataStream.client.worker-group.size = 4 (default)
2022-07-21 19:36:51,803 [s1-NettyServerStreamRpc-bossGroup--thread1] INFO  logging.LoggingHandler (AbstractInternalLogger.java:log(148)) - [id: 0xed2015e1, L:/0.0.0.0:34203] READ: [id: 0x29bd2f2d, L:/127.0.0.1:34203 - R:/127.0.0.1:36264]
2022-07-21 19:36:51,804 [s1-NettyServerStreamRpc-bossGroup--thread1] INFO  logging.LoggingHandler (AbstractInternalLogger.java:log(148)) - [id: 0xed2015e1, L:/0.0.0.0:34203] READ: [id: 0x84d10eb3, L:/127.0.0.1:34203 - R:/127.0.0.1:36266]
2022-07-21 19:36:51,804 [s1-NettyServerStreamRpc-bossGroup--thread1] INFO  logging.LoggingHandler (AbstractInternalLogger.java:log(148)) - [id: 0xed2015e1, L:/0.0.0.0:34203] READ COMPLETE
2022-07-21 19:36:51,805 [s1-NettyServerStreamRpc-workerGroup--thread4] INFO  client.DataStreamClient (ConfUtils.java:logGet(46)) - raft.datastream.type = NETTY (custom)
2022-07-21 19:36:51,805 [s1-NettyServerStreamRpc-workerGroup--thread4] INFO  netty.NettyConfigKeys$DataStream (ConfUtils.java:logGet(46)) - raft.netty.dataStream.client.tls.conf = null (default)
2022-07-21 19:36:51,805 [s1-NettyServerStreamRpc-workerGroup--thread4] INFO  netty.NettyConfigKeys$DataStream (ConfUtils.java:logGet(46)) - raft.netty.dataStream.client.reply.queue.grace-period = 1s (default)
2022-07-21 19:36:51,805 [s1-NettyServerStreamRpc-workerGroup--thread4] INFO  netty.NettyConfigKeys$DataStream (ConfUtils.java:logGet(46)) - raft.netty.dataStream.client.worker-group.share = false (default)
2022-07-21 19:36:51,805 [s1-NettyServerStreamRpc-workerGroup--thread4] INFO  netty.NettyConfigKeys$DataStream (ConfUtils.java:logGet(46)) - raft.netty.dataStream.client.worker-group.size = 4 (default)
2022-07-21 19:36:51,805 [s1-NettyServerStreamRpc-workerGroup--thread3] INFO  client.DataStreamClient (ConfUtils.java:logGet(46)) - raft.datastream.type = NETTY (custom)
2022-07-21 19:36:51,806 [s1-NettyServerStreamRpc-workerGroup--thread3] INFO  netty.NettyConfigKeys$DataStream (ConfUtils.java:logGet(46)) - raft.netty.dataStream.client.tls.conf = null (default)
2022-07-21 19:36:51,806 [s1-NettyServerStreamRpc-workerGroup--thread3] INFO  netty.NettyConfigKeys$DataStream (ConfUtils.java:logGet(46)) - raft.netty.dataStream.client.reply.queue.grace-period = 1s (default)
2022-07-21 19:36:51,807 [s1-NettyServerStreamRpc-workerGroup--thread3] INFO  netty.NettyConfigKeys$DataStream (ConfUtils.java:logGet(46)) - raft.netty.dataStream.client.worker-group.share = false (default)
2022-07-21 19:36:51,807 [s1-NettyServerStreamRpc-workerGroup--thread3] INFO  netty.NettyConfigKeys$DataStream (ConfUtils.java:logGet(46)) - raft.netty.dataStream.client.worker-group.size = 4 (default)
2022-07-21 19:36:51,809 [s1-NettyServerStreamRpc-workerGroup--thread2] INFO  client.DataStreamClient (ConfUtils.java:logGet(46)) - raft.datastream.type = NETTY (custom)
2022-07-21 19:36:51,809 [s1-NettyServerStreamRpc-workerGroup--thread2] INFO  netty.NettyConfigKeys$DataStream (ConfUtils.java:logGet(46)) - raft.netty.dataStream.client.tls.conf = null (default)
2022-07-21 19:36:51,810 [s1-NettyServerStreamRpc-workerGroup--thread2] INFO  netty.NettyConfigKeys$DataStream (ConfUtils.java:logGet(46)) - raft.netty.dataStream.client.reply.queue.grace-period = 1s (default)
2022-07-21 19:36:51,810 [s1-NettyServerStreamRpc-workerGroup--thread2] INFO  netty.NettyConfigKeys$DataStream (ConfUtils.java:logGet(46)) - raft.netty.dataStream.client.worker-group.share = false (default)
2022-07-21 19:36:51,810 [s1-NettyServerStreamRpc-workerGroup--thread2] INFO  netty.NettyConfigKeys$DataStream (ConfUtils.java:logGet(46)) - raft.netty.dataStream.client.worker-group.size = 4 (default)
2022-07-21 19:36:51,810 [s2-NettyServerStreamRpc-bossGroup--thread1] INFO  logging.LoggingHandler (AbstractInternalLogger.java:log(148)) - [id: 0x935e7424, L:/0.0.0.0:39743] READ: [id: 0xbe010a93, L:/127.0.0.1:39743 - R:/127.0.0.1:51584]
2022-07-21 19:36:51,812 [s1-NettyServerStreamRpc-workerGroup--thread3] INFO  client.DataStreamClient (ConfUtils.java:logGet(46)) - raft.datastream.type = NETTY (custom)
2022-07-21 19:36:51,812 [s1-NettyServerStreamRpc-workerGroup--thread3] INFO  netty.NettyConfigKeys$DataStream (ConfUtils.java:logGet(46)) - raft.netty.dataStream.client.tls.conf = null (default)
2022-07-21 19:36:51,812 [s1-NettyServerStreamRpc-workerGroup--thread3] INFO  netty.NettyConfigKeys$DataStream (ConfUtils.java:logGet(46)) - raft.netty.dataStream.client.reply.queue.grace-period = 1s (default)
2022-07-21 19:36:51,812 [s1-NettyServerStreamRpc-workerGroup--thread3] INFO  netty.NettyConfigKeys$DataStream (ConfUtils.java:logGet(46)) - raft.netty.dataStream.client.worker-group.share = false (default)
2022-07-21 19:36:51,812 [s1-NettyServerStreamRpc-workerGroup--thread3] INFO  netty.NettyConfigKeys$DataStream (ConfUtils.java:logGet(46)) - raft.netty.dataStream.client.worker-group.size = 4 (default)
2022-07-21 19:36:51,822 [s1-NettyServerStreamRpc-bossGroup--thread1] INFO  logging.LoggingHandler (AbstractInternalLogger.java:log(148)) - [id: 0xed2015e1, L:/0.0.0.0:34203] READ: [id: 0xf7a14259, L:/127.0.0.1:34203 - R:/127.0.0.1:36276]
2022-07-21 19:36:51,822 [s1-NettyServerStreamRpc-bossGroup--thread1] INFO  logging.LoggingHandler (AbstractInternalLogger.java:log(148)) - [id: 0xed2015e1, L:/0.0.0.0:34203] READ COMPLETE
2022-07-21 19:36:51,827 [s0-NettyServerStreamRpc-bossGroup--thread1] INFO  logging.LoggingHandler (AbstractInternalLogger.java:log(148)) - [id: 0xf06305cb, L:/0.0.0.0:32957] READ COMPLETE
2022-07-21 19:36:51,827 [s0-NettyServerStreamRpc-bossGroup--thread1] INFO  logging.LoggingHandler (AbstractInternalLogger.java:log(148)) - [id: 0xf06305cb, L:/0.0.0.0:32957] READ: [id: 0x95c67bcb, L:/127.0.0.1:32957 - R:/127.0.0.1:47524]
2022-07-21 19:36:51,835 [s0-NettyServerStreamRpc-bossGroup--thread1] INFO  logging.LoggingHandler (AbstractInternalLogger.java:log(148)) - [id: 0xf06305cb, L:/0.0.0.0:32957] READ COMPLETE
2022-07-21 19:36:51,835 [s0-NettyServerStreamRpc-bossGroup--thread1] INFO  logging.LoggingHandler (AbstractInternalLogger.java:log(148)) - [id: 0xf06305cb, L:/0.0.0.0:32957] READ: [id: 0x07d5d722, L:/127.0.0.1:32957 - R:/127.0.0.1:47528]
2022-07-21 19:36:51,839 [s0-NettyServerStreamRpc-bossGroup--thread1] INFO  logging.LoggingHandler (AbstractInternalLogger.java:log(148)) - [id: 0xf06305cb, L:/0.0.0.0:32957] READ COMPLETE
2022-07-21 19:36:51,844 [s0-NettyServerStreamRpc-workerGroup--thread4] INFO  client.DataStreamClient (ConfUtils.java:logGet(46)) - raft.datastream.type = NETTY (custom)
2022-07-21 19:36:51,844 [s0-NettyServerStreamRpc-workerGroup--thread4] INFO  netty.NettyConfigKeys$DataStream (ConfUtils.java:logGet(46)) - raft.netty.dataStream.client.tls.conf = null (default)
2022-07-21 19:36:51,844 [s0-NettyServerStreamRpc-workerGroup--thread4] INFO  netty.NettyConfigKeys$DataStream (ConfUtils.java:logGet(46)) - raft.netty.dataStream.client.reply.queue.grace-period = 1s (default)
2022-07-21 19:36:51,844 [s0-NettyServerStreamRpc-workerGroup--thread4] INFO  netty.NettyConfigKeys$DataStream (ConfUtils.java:logGet(46)) - raft.netty.dataStream.client.worker-group.share = false (default)
2022-07-21 19:36:51,845 [s0-NettyServerStreamRpc-workerGroup--thread4] INFO  netty.NettyConfigKeys$DataStream (ConfUtils.java:logGet(46)) - raft.netty.dataStream.client.worker-group.size = 4 (default)
2022-07-21 19:36:51,849 [s2-NettyServerStreamRpc-workerGroup--thread1] INFO  client.DataStreamClient (ConfUtils.java:logGet(46)) - raft.datastream.type = NETTY (custom)
2022-07-21 19:36:51,849 [s2-NettyServerStreamRpc-workerGroup--thread1] INFO  netty.NettyConfigKeys$DataStream (ConfUtils.java:logGet(46)) - raft.netty.dataStream.client.tls.conf = null (default)
2022-07-21 19:36:51,849 [s2-NettyServerStreamRpc-workerGroup--thread1] INFO  netty.NettyConfigKeys$DataStream (ConfUtils.java:logGet(46)) - raft.netty.dataStream.client.reply.queue.grace-period = 1s (default)
2022-07-21 19:36:51,849 [s2-NettyServerStreamRpc-workerGroup--thread1] INFO  netty.NettyConfigKeys$DataStream (ConfUtils.java:logGet(46)) - raft.netty.dataStream.client.worker-group.share = false (default)
2022-07-21 19:36:51,850 [s2-NettyServerStreamRpc-workerGroup--thread1] INFO  netty.NettyConfigKeys$DataStream (ConfUtils.java:logGet(46)) - raft.netty.dataStream.client.worker-group.size = 4 (default)
2022-07-21 19:36:51,865 [s0-NettyServerStreamRpc-bossGroup--thread1] INFO  logging.LoggingHandler (AbstractInternalLogger.java:log(148)) - [id: 0xf06305cb, L:/0.0.0.0:32957] READ: [id: 0x9b8ad4a1, L:/127.0.0.1:32957 - R:/127.0.0.1:47532]
2022-07-21 19:36:51,865 [s0-NettyServerStreamRpc-bossGroup--thread1] INFO  logging.LoggingHandler (AbstractInternalLogger.java:log(148)) - [id: 0xf06305cb, L:/0.0.0.0:32957] READ COMPLETE
2022-07-21 19:36:51,865 [s1-NettyServerStreamRpc-workerGroup--thread4] INFO  client.DataStreamClient (ConfUtils.java:logGet(46)) - raft.datastream.type = NETTY (custom)
2022-07-21 19:36:51,865 [s1-NettyServerStreamRpc-workerGroup--thread4] INFO  netty.NettyConfigKeys$DataStream (ConfUtils.java:logGet(46)) - raft.netty.dataStream.client.tls.conf = null (default)
2022-07-21 19:36:51,865 [s1-NettyServerStreamRpc-workerGroup--thread4] INFO  netty.NettyConfigKeys$DataStream (ConfUtils.java:logGet(46)) - raft.netty.dataStream.client.reply.queue.grace-period = 1s (default)
2022-07-21 19:36:51,866 [s1-NettyServerStreamRpc-workerGroup--thread4] INFO  netty.NettyConfigKeys$DataStream (ConfUtils.java:logGet(46)) - raft.netty.dataStream.client.worker-group.share = false (default)
2022-07-21 19:36:51,866 [s1-NettyServerStreamRpc-workerGroup--thread4] INFO  netty.NettyConfigKeys$DataStream (ConfUtils.java:logGet(46)) - raft.netty.dataStream.client.worker-group.size = 4 (default)
2022-07-21 19:36:51,868 [s0-NettyServerStreamRpc-bossGroup--thread1] INFO  logging.LoggingHandler (AbstractInternalLogger.java:log(148)) - [id: 0xf06305cb, L:/0.0.0.0:32957] READ: [id: 0x3a6edccf, L:/127.0.0.1:32957 - R:/127.0.0.1:47534]
2022-07-21 19:36:51,869 [s0-NettyServerStreamRpc-bossGroup--thread1] INFO  logging.LoggingHandler (AbstractInternalLogger.java:log(148)) - [id: 0xf06305cb, L:/0.0.0.0:32957] READ COMPLETE
2022-07-21 19:36:51,870 [s1-NettyServerStreamRpc-workerGroup--thread2] INFO  client.DataStreamClient (ConfUtils.java:logGet(46)) - raft.datastream.type = NETTY (custom)
2022-07-21 19:36:51,870 [s1-NettyServerStreamRpc-workerGroup--thread2] INFO  netty.NettyConfigKeys$DataStream (ConfUtils.java:logGet(46)) - raft.netty.dataStream.client.tls.conf = null (default)
2022-07-21 19:36:51,870 [s1-NettyServerStreamRpc-workerGroup--thread2] INFO  netty.NettyConfigKeys$DataStream (ConfUtils.java:logGet(46)) - raft.netty.dataStream.client.reply.queue.grace-period = 1s (default)
2022-07-21 19:36:51,870 [s1-NettyServerStreamRpc-workerGroup--thread2] INFO  netty.NettyConfigKeys$DataStream (ConfUtils.java:logGet(46)) - raft.netty.dataStream.client.worker-group.share = false (default)
2022-07-21 19:36:51,870 [s1-NettyServerStreamRpc-workerGroup--thread2] INFO  netty.NettyConfigKeys$DataStream (ConfUtils.java:logGet(46)) - raft.netty.dataStream.client.worker-group.size = 4 (default)
2022-07-21 19:36:51,874 [s2-NettyServerStreamRpc-bossGroup--thread1] INFO  logging.LoggingHandler (AbstractInternalLogger.java:log(148)) - [id: 0x935e7424, L:/0.0.0.0:39743] READ COMPLETE
2022-07-21 19:36:51,874 [s2-NettyServerStreamRpc-bossGroup--thread1] INFO  logging.LoggingHandler (AbstractInternalLogger.java:log(148)) - [id: 0x935e7424, L:/0.0.0.0:39743] READ: [id: 0x24740796, L:/127.0.0.1:39743 - R:/127.0.0.1:51592]
2022-07-21 19:36:51,875 [s2-NettyServerStreamRpc-bossGroup--thread1] INFO  logging.LoggingHandler (AbstractInternalLogger.java:log(148)) - [id: 0x935e7424, L:/0.0.0.0:39743] READ COMPLETE
2022-07-21 19:36:51,876 [s1-NettyServerStreamRpc-workerGroup--thread1] INFO  client.DataStreamClient (ConfUtils.java:logGet(46)) - raft.datastream.type = NETTY (custom)
2022-07-21 19:36:51,877 [s1-NettyServerStreamRpc-workerGroup--thread1] INFO  netty.NettyConfigKeys$DataStream (ConfUtils.java:logGet(46)) - raft.netty.dataStream.client.tls.conf = null (default)
2022-07-21 19:36:51,877 [s1-NettyServerStreamRpc-workerGroup--thread1] INFO  netty.NettyConfigKeys$DataStream (ConfUtils.java:logGet(46)) - raft.netty.dataStream.client.reply.queue.grace-period = 1s (default)
2022-07-21 19:36:51,877 [s1-NettyServerStreamRpc-workerGroup--thread1] INFO  netty.NettyConfigKeys$DataStream (ConfUtils.java:logGet(46)) - raft.netty.dataStream.client.worker-group.share = false (default)
2022-07-21 19:36:51,877 [s1-NettyServerStreamRpc-workerGroup--thread1] INFO  netty.NettyConfigKeys$DataStream (ConfUtils.java:logGet(46)) - raft.netty.dataStream.client.worker-group.size = 4 (default)
2022-07-21 19:36:51,884 [s2-NettyServerStreamRpc-bossGroup--thread1] INFO  logging.LoggingHandler (AbstractInternalLogger.java:log(148)) - [id: 0x935e7424, L:/0.0.0.0:39743] READ: [id: 0x388f5605, L:/127.0.0.1:39743 - R:/127.0.0.1:51598]
2022-07-21 19:36:51,891 [s1-NettyServerStreamRpc-workerGroup--thread3] INFO  client.DataStreamClient (ConfUtils.java:logGet(46)) - raft.datastream.type = NETTY (custom)
2022-07-21 19:36:51,891 [s1-NettyServerStreamRpc-workerGroup--thread3] INFO  netty.NettyConfigKeys$DataStream (ConfUtils.java:logGet(46)) - raft.netty.dataStream.client.tls.conf = null (default)
2022-07-21 19:36:51,891 [s1-NettyServerStreamRpc-workerGroup--thread3] INFO  netty.NettyConfigKeys$DataStream (ConfUtils.java:logGet(46)) - raft.netty.dataStream.client.reply.queue.grace-period = 1s (default)
2022-07-21 19:36:51,891 [s1-NettyServerStreamRpc-workerGroup--thread3] INFO  netty.NettyConfigKeys$DataStream (ConfUtils.java:logGet(46)) - raft.netty.dataStream.client.worker-group.share = false (default)
2022-07-21 19:36:51,892 [s1-NettyServerStreamRpc-workerGroup--thread3] INFO  netty.NettyConfigKeys$DataStream (ConfUtils.java:logGet(46)) - raft.netty.dataStream.client.worker-group.size = 4 (default)
2022-07-21 19:36:51,906 [s2-NettyServerStreamRpc-workerGroup--thread1] INFO  client.DataStreamClient (ConfUtils.java:logGet(46)) - raft.datastream.type = NETTY (custom)
2022-07-21 19:36:51,906 [s2-NettyServerStreamRpc-workerGroup--thread1] INFO  netty.NettyConfigKeys$DataStream (ConfUtils.java:logGet(46)) - raft.netty.dataStream.client.tls.conf = null (default)
2022-07-21 19:36:51,906 [s2-NettyServerStreamRpc-workerGroup--thread1] INFO  netty.NettyConfigKeys$DataStream (ConfUtils.java:logGet(46)) - raft.netty.dataStream.client.reply.queue.grace-period = 1s (default)
2022-07-21 19:36:51,906 [s0-NettyServerStreamRpc-bossGroup--thread1] INFO  logging.LoggingHandler (AbstractInternalLogger.java:log(148)) - [id: 0xf06305cb, L:/0.0.0.0:32957] READ: [id: 0x843ed3fc, L:/127.0.0.1:32957 - R:/127.0.0.1:47540]
2022-07-21 19:36:51,906 [s2-NettyServerStreamRpc-workerGroup--thread1] INFO  netty.NettyConfigKeys$DataStream (ConfUtils.java:logGet(46)) - raft.netty.dataStream.client.worker-group.share = false (default)
2022-07-21 19:36:51,906 [s2-NettyServerStreamRpc-workerGroup--thread1] INFO  netty.NettyConfigKeys$DataStream (ConfUtils.java:logGet(46)) - raft.netty.dataStream.client.worker-group.size = 4 (default)
2022-07-21 19:36:51,906 [s0-NettyServerStreamRpc-bossGroup--thread1] INFO  logging.LoggingHandler (AbstractInternalLogger.java:log(148)) - [id: 0xf06305cb, L:/0.0.0.0:32957] READ COMPLETE
2022-07-21 19:36:51,908 [s1-NettyServerStreamRpc-bossGroup--thread1] INFO  logging.LoggingHandler (AbstractInternalLogger.java:log(148)) - [id: 0xed2015e1, L:/0.0.0.0:34203] READ: [id: 0xc34debc3, L:/127.0.0.1:34203 - R:/127.0.0.1:36292]
2022-07-21 19:36:51,908 [s1-NettyServerStreamRpc-bossGroup--thread1] INFO  logging.LoggingHandler (AbstractInternalLogger.java:log(148)) - [id: 0xed2015e1, L:/0.0.0.0:34203] READ COMPLETE
2022-07-21 19:36:51,908 [s0-NettyServerStreamRpc-workerGroup--thread4] INFO  client.DataStreamClient (ConfUtils.java:logGet(46)) - raft.datastream.type = NETTY (custom)
2022-07-21 19:36:51,909 [s0-NettyServerStreamRpc-workerGroup--thread4] INFO  netty.NettyConfigKeys$DataStream (ConfUtils.java:logGet(46)) - raft.netty.dataStream.client.tls.conf = null (default)
2022-07-21 19:36:51,909 [s0-NettyServerStreamRpc-workerGroup--thread4] INFO  netty.NettyConfigKeys$DataStream (ConfUtils.java:logGet(46)) - raft.netty.dataStream.client.reply.queue.grace-period = 1s (default)
2022-07-21 19:36:51,909 [s0-NettyServerStreamRpc-workerGroup--thread4] INFO  netty.NettyConfigKeys$DataStream (ConfUtils.java:logGet(46)) - raft.netty.dataStream.client.worker-group.share = false (default)
2022-07-21 19:36:51,909 [s0-NettyServerStreamRpc-workerGroup--thread4] INFO  netty.NettyConfigKeys$DataStream (ConfUtils.java:logGet(46)) - raft.netty.dataStream.client.worker-group.size = 4 (default)
2022-07-21 19:36:51,940 [s0-NettyServerStreamRpc-bossGroup--thread1] INFO  logging.LoggingHandler (AbstractInternalLogger.java:log(148)) - [id: 0xf06305cb, L:/0.0.0.0:32957] READ: [id: 0xf355686a, L:/127.0.0.1:32957 - R:/127.0.0.1:47546]
2022-07-21 19:36:51,940 [s0-NettyServerStreamRpc-bossGroup--thread1] INFO  logging.LoggingHandler (AbstractInternalLogger.java:log(148)) - [id: 0xf06305cb, L:/0.0.0.0:32957] READ COMPLETE
2022-07-21 19:36:51,941 [s1-NettyServerStreamRpc-workerGroup--thread3] INFO  client.DataStreamClient (ConfUtils.java:logGet(46)) - raft.datastream.type = NETTY (custom)
2022-07-21 19:36:51,941 [s1-NettyServerStreamRpc-workerGroup--thread3] INFO  netty.NettyConfigKeys$DataStream (ConfUtils.java:logGet(46)) - raft.netty.dataStream.client.tls.conf = null (default)
2022-07-21 19:36:51,941 [s1-NettyServerStreamRpc-workerGroup--thread3] INFO  netty.NettyConfigKeys$DataStream (ConfUtils.java:logGet(46)) - raft.netty.dataStream.client.reply.queue.grace-period = 1s (default)
2022-07-21 19:36:51,941 [s1-NettyServerStreamRpc-workerGroup--thread3] INFO  netty.NettyConfigKeys$DataStream (ConfUtils.java:logGet(46)) - raft.netty.dataStream.client.worker-group.share = false (default)
2022-07-21 19:36:51,941 [s1-NettyServerStreamRpc-workerGroup--thread3] INFO  netty.NettyConfigKeys$DataStream (ConfUtils.java:logGet(46)) - raft.netty.dataStream.client.worker-group.size = 4 (default)
2022-07-21 19:36:51,943 [s2-NettyServerStreamRpc-bossGroup--thread1] INFO  logging.LoggingHandler (AbstractInternalLogger.java:log(148)) - [id: 0x935e7424, L:/0.0.0.0:39743] READ COMPLETE
2022-07-21 19:36:51,944 [s2-NettyServerStreamRpc-bossGroup--thread1] INFO  logging.LoggingHandler (AbstractInternalLogger.java:log(148)) - [id: 0x935e7424, L:/0.0.0.0:39743] READ: [id: 0xc9545d5a, L:/127.0.0.1:39743 - R:/127.0.0.1:51600]
2022-07-21 19:36:51,944 [s2-NettyServerStreamRpc-bossGroup--thread1] INFO  logging.LoggingHandler (AbstractInternalLogger.java:log(148)) - [id: 0x935e7424, L:/0.0.0.0:39743] READ: [id: 0x09af4fb4, L:/127.0.0.1:39743 - R:/127.0.0.1:51606]
2022-07-21 19:36:51,944 [s2-NettyServerStreamRpc-bossGroup--thread1] INFO  logging.LoggingHandler (AbstractInternalLogger.java:log(148)) - [id: 0x935e7424, L:/0.0.0.0:39743] READ: [id: 0x98a746fb, L:/127.0.0.1:39743 - R:/127.0.0.1:51610]
2022-07-21 19:36:51,944 [s2-NettyServerStreamRpc-bossGroup--thread1] INFO  logging.LoggingHandler (AbstractInternalLogger.java:log(148)) - [id: 0x935e7424, L:/0.0.0.0:39743] READ COMPLETE
2022-07-21 19:36:51,946 [s0-NettyServerStreamRpc-bossGroup--thread1] INFO  logging.LoggingHandler (AbstractInternalLogger.java:log(148)) - [id: 0xf06305cb, L:/0.0.0.0:32957] READ: [id: 0xf9eaa642, L:/127.0.0.1:32957 - R:/127.0.0.1:47550]
2022-07-21 19:36:51,946 [s1-NettyServerStreamRpc-workerGroup--thread1] INFO  client.DataStreamClient (ConfUtils.java:logGet(46)) - raft.datastream.type = NETTY (custom)
2022-07-21 19:36:51,947 [s0-NettyServerStreamRpc-bossGroup--thread1] INFO  logging.LoggingHandler (AbstractInternalLogger.java:log(148)) - [id: 0xf06305cb, L:/0.0.0.0:32957] READ COMPLETE
2022-07-21 19:36:51,947 [s1-NettyServerStreamRpc-workerGroup--thread1] INFO  netty.NettyConfigKeys$DataStream (ConfUtils.java:logGet(46)) - raft.netty.dataStream.client.tls.conf = null (default)
2022-07-21 19:36:51,947 [s1-NettyServerStreamRpc-workerGroup--thread1] INFO  netty.NettyConfigKeys$DataStream (ConfUtils.java:logGet(46)) - raft.netty.dataStream.client.reply.queue.grace-period = 1s (default)
2022-07-21 19:36:51,947 [s1-NettyServerStreamRpc-workerGroup--thread1] INFO  netty.NettyConfigKeys$DataStream (ConfUtils.java:logGet(46)) - raft.netty.dataStream.client.worker-group.share = false (default)
2022-07-21 19:36:51,947 [s1-NettyServerStreamRpc-workerGroup--thread1] INFO  netty.NettyConfigKeys$DataStream (ConfUtils.java:logGet(46)) - raft.netty.dataStream.client.worker-group.size = 4 (default)
2022-07-21 19:36:51,949 [s2-NettyServerStreamRpc-bossGroup--thread1] INFO  logging.LoggingHandler (AbstractInternalLogger.java:log(148)) - [id: 0x935e7424, L:/0.0.0.0:39743] READ: [id: 0x6e28dde0, L:/127.0.0.1:39743 - R:/127.0.0.1:51614]
2022-07-21 19:36:51,949 [s2-NettyServerStreamRpc-bossGroup--thread1] INFO  logging.LoggingHandler (AbstractInternalLogger.java:log(148)) - [id: 0x935e7424, L:/0.0.0.0:39743] READ COMPLETE
2022-07-21 19:36:51,950 [s1-NettyServerStreamRpc-workerGroup--thread3] INFO  client.DataStreamClient (ConfUtils.java:logGet(46)) - raft.datastream.type = NETTY (custom)
2022-07-21 19:36:51,950 [s1-NettyServerStreamRpc-workerGroup--thread3] INFO  netty.NettyConfigKeys$DataStream (ConfUtils.java:logGet(46)) - raft.netty.dataStream.client.tls.conf = null (default)
2022-07-21 19:36:51,950 [s1-NettyServerStreamRpc-workerGroup--thread3] INFO  netty.NettyConfigKeys$DataStream (ConfUtils.java:logGet(46)) - raft.netty.dataStream.client.reply.queue.grace-period = 1s (default)
2022-07-21 19:36:51,950 [s1-NettyServerStreamRpc-workerGroup--thread3] INFO  netty.NettyConfigKeys$DataStream (ConfUtils.java:logGet(46)) - raft.netty.dataStream.client.worker-group.share = false (default)
2022-07-21 19:36:51,950 [s1-NettyServerStreamRpc-workerGroup--thread3] INFO  netty.NettyConfigKeys$DataStream (ConfUtils.java:logGet(46)) - raft.netty.dataStream.client.worker-group.size = 4 (default)
2022-07-21 19:36:51,957 [s0-NettyServerStreamRpc-workerGroup--thread4] INFO  client.DataStreamClient (ConfUtils.java:logGet(46)) - raft.datastream.type = NETTY (custom)
2022-07-21 19:36:51,958 [s0-NettyServerStreamRpc-workerGroup--thread4] INFO  netty.NettyConfigKeys$DataStream (ConfUtils.java:logGet(46)) - raft.netty.dataStream.client.tls.conf = null (default)
2022-07-21 19:36:51,958 [s0-NettyServerStreamRpc-workerGroup--thread4] INFO  netty.NettyConfigKeys$DataStream (ConfUtils.java:logGet(46)) - raft.netty.dataStream.client.reply.queue.grace-period = 1s (default)
2022-07-21 19:36:51,958 [s0-NettyServerStreamRpc-workerGroup--thread4] INFO  netty.NettyConfigKeys$DataStream (ConfUtils.java:logGet(46)) - raft.netty.dataStream.client.worker-group.share = false (default)
2022-07-21 19:36:51,958 [s0-NettyServerStreamRpc-workerGroup--thread4] INFO  netty.NettyConfigKeys$DataStream (ConfUtils.java:logGet(46)) - raft.netty.dataStream.client.worker-group.size = 4 (default)
2022-07-21 19:36:51,959 [s1-NettyServerStreamRpc-bossGroup--thread1] INFO  logging.LoggingHandler (AbstractInternalLogger.java:log(148)) - [id: 0xed2015e1, L:/0.0.0.0:34203] READ: [id: 0x69c57741, L:/127.0.0.1:34203 - R:/127.0.0.1:36304]
2022-07-21 19:36:51,959 [s1-NettyServerStreamRpc-bossGroup--thread1] INFO  logging.LoggingHandler (AbstractInternalLogger.java:log(148)) - [id: 0xed2015e1, L:/0.0.0.0:34203] READ COMPLETE
2022-07-21 19:36:51,962 [s2-NettyServerStreamRpc-workerGroup--thread1] INFO  client.DataStreamClient (ConfUtils.java:logGet(46)) - raft.datastream.type = NETTY (custom)
2022-07-21 19:36:51,962 [s2-NettyServerStreamRpc-workerGroup--thread1] INFO  netty.NettyConfigKeys$DataStream (ConfUtils.java:logGet(46)) - raft.netty.dataStream.client.tls.conf = null (default)
2022-07-21 19:36:51,962 [s2-NettyServerStreamRpc-workerGroup--thread1] INFO  netty.NettyConfigKeys$DataStream (ConfUtils.java:logGet(46)) - raft.netty.dataStream.client.reply.queue.grace-period = 1s (default)
2022-07-21 19:36:51,962 [s2-NettyServerStreamRpc-workerGroup--thread1] INFO  netty.NettyConfigKeys$DataStream (ConfUtils.java:logGet(46)) - raft.netty.dataStream.client.worker-group.share = false (default)
2022-07-21 19:36:51,968 [s2-NettyServerStreamRpc-workerGroup--thread1] INFO  netty.NettyConfigKeys$DataStream (ConfUtils.java:logGet(46)) - raft.netty.dataStream.client.worker-group.size = 4 (default)
2022-07-21 19:36:51,968 [s1-NettyServerStreamRpc-bossGroup--thread1] INFO  logging.LoggingHandler (AbstractInternalLogger.java:log(148)) - [id: 0xed2015e1, L:/0.0.0.0:34203] READ: [id: 0x7a1f6d82, L:/127.0.0.1:34203 - R:/127.0.0.1:36306]
2022-07-21 19:36:51,968 [s1-NettyServerStreamRpc-bossGroup--thread1] INFO  logging.LoggingHandler (AbstractInternalLogger.java:log(148)) - [id: 0xed2015e1, L:/0.0.0.0:34203] READ COMPLETE
2022-07-21 19:36:51,969 [s0-NettyServerStreamRpc-workerGroup--thread4] INFO  client.DataStreamClient (ConfUtils.java:logGet(46)) - raft.datastream.type = NETTY (custom)
2022-07-21 19:36:51,969 [s0-NettyServerStreamRpc-workerGroup--thread4] INFO  netty.NettyConfigKeys$DataStream (ConfUtils.java:logGet(46)) - raft.netty.dataStream.client.tls.conf = null (default)
2022-07-21 19:36:51,969 [s0-NettyServerStreamRpc-workerGroup--thread4] INFO  netty.NettyConfigKeys$DataStream (ConfUtils.java:logGet(46)) - raft.netty.dataStream.client.reply.queue.grace-period = 1s (default)
2022-07-21 19:36:51,969 [s0-NettyServerStreamRpc-workerGroup--thread4] INFO  netty.NettyConfigKeys$DataStream (ConfUtils.java:logGet(46)) - raft.netty.dataStream.client.worker-group.share = false (default)
2022-07-21 19:36:51,969 [s0-NettyServerStreamRpc-workerGroup--thread4] INFO  netty.NettyConfigKeys$DataStream (ConfUtils.java:logGet(46)) - raft.netty.dataStream.client.worker-group.size = 4 (default)
2022-07-21 19:36:51,971 [s1-NettyServerStreamRpc-workerGroup--thread2] INFO  client.DataStreamClient (ConfUtils.java:logGet(46)) - raft.datastream.type = NETTY (custom)
2022-07-21 19:36:51,971 [s1-NettyServerStreamRpc-workerGroup--thread2] INFO  netty.NettyConfigKeys$DataStream (ConfUtils.java:logGet(46)) - raft.netty.dataStream.client.tls.conf = null (default)
2022-07-21 19:36:51,971 [s1-NettyServerStreamRpc-workerGroup--thread2] INFO  netty.NettyConfigKeys$DataStream (ConfUtils.java:logGet(46)) - raft.netty.dataStream.client.reply.queue.grace-period = 1s (default)
2022-07-21 19:36:51,971 [s1-NettyServerStreamRpc-workerGroup--thread2] INFO  netty.NettyConfigKeys$DataStream (ConfUtils.java:logGet(46)) - raft.netty.dataStream.client.worker-group.share = false (default)
2022-07-21 19:36:51,972 [s1-NettyServerStreamRpc-workerGroup--thread2] INFO  netty.NettyConfigKeys$DataStream (ConfUtils.java:logGet(46)) - raft.netty.dataStream.client.worker-group.size = 4 (default)
2022-07-21 19:36:51,973 [s0-NettyServerStreamRpc-bossGroup--thread1] INFO  logging.LoggingHandler (AbstractInternalLogger.java:log(148)) - [id: 0xf06305cb, L:/0.0.0.0:32957] READ: [id: 0x35764c60, L:/127.0.0.1:32957 - R:/127.0.0.1:47558]
2022-07-21 19:36:51,973 [s0-NettyServerStreamRpc-bossGroup--thread1] INFO  logging.LoggingHandler (AbstractInternalLogger.java:log(148)) - [id: 0xf06305cb, L:/0.0.0.0:32957] READ COMPLETE
2022-07-21 19:36:51,974 [s1-NettyServerStreamRpc-workerGroup--thread2] INFO  client.DataStreamClient (ConfUtils.java:logGet(46)) - raft.datastream.type = NETTY (custom)
2022-07-21 19:36:51,974 [s1-NettyServerStreamRpc-workerGroup--thread2] INFO  netty.NettyConfigKeys$DataStream (ConfUtils.java:logGet(46)) - raft.netty.dataStream.client.tls.conf = null (default)
2022-07-21 19:36:51,974 [s1-NettyServerStreamRpc-workerGroup--thread2] INFO  netty.NettyConfigKeys$DataStream (ConfUtils.java:logGet(46)) - raft.netty.dataStream.client.reply.queue.grace-period = 1s (default)
2022-07-21 19:36:51,974 [s1-NettyServerStreamRpc-workerGroup--thread2] INFO  netty.NettyConfigKeys$DataStream (ConfUtils.java:logGet(46)) - raft.netty.dataStream.client.worker-group.share = false (default)
2022-07-21 19:36:51,974 [s1-NettyServerStreamRpc-workerGroup--thread2] INFO  netty.NettyConfigKeys$DataStream (ConfUtils.java:logGet(46)) - raft.netty.dataStream.client.worker-group.size = 4 (default)
2022-07-21 19:36:51,999 [s0-NettyServerStreamRpc-bossGroup--thread1] INFO  logging.LoggingHandler (AbstractInternalLogger.java:log(148)) - [id: 0xf06305cb, L:/0.0.0.0:32957] READ: [id: 0xebd6104d, L:/127.0.0.1:32957 - R:/127.0.0.1:47560]
2022-07-21 19:36:51,999 [s0-NettyServerStreamRpc-bossGroup--thread1] INFO  logging.LoggingHandler (AbstractInternalLogger.java:log(148)) - [id: 0xf06305cb, L:/0.0.0.0:32957] READ COMPLETE
2022-07-21 19:36:51,999 [s0-NettyServerStreamRpc-bossGroup--thread1] INFO  logging.LoggingHandler (AbstractInternalLogger.java:log(148)) - [id: 0xf06305cb, L:/0.0.0.0:32957] READ: [id: 0x3b716396, L:/127.0.0.1:32957 - R:/127.0.0.1:47562]
2022-07-21 19:36:51,999 [s1-NettyServerStreamRpc-workerGroup--thread3] INFO  client.DataStreamClient (ConfUtils.java:logGet(46)) - raft.datastream.type = NETTY (custom)
2022-07-21 19:36:51,999 [s2-NettyServerStreamRpc-workerGroup--thread1] INFO  client.DataStreamClient (ConfUtils.java:logGet(46)) - raft.datastream.type = NETTY (custom)
2022-07-21 19:36:52,000 [s2-NettyServerStreamRpc-workerGroup--thread1] INFO  netty.NettyConfigKeys$DataStream (ConfUtils.java:logGet(46)) - raft.netty.dataStream.client.tls.conf = null (default)
2022-07-21 19:36:51,999 [s1-NettyServerStreamRpc-workerGroup--thread3] INFO  netty.NettyConfigKeys$DataStream (ConfUtils.java:logGet(46)) - raft.netty.dataStream.client.tls.conf = null (default)
2022-07-21 19:36:52,000 [s1-NettyServerStreamRpc-workerGroup--thread3] INFO  netty.NettyConfigKeys$DataStream (ConfUtils.java:logGet(46)) - raft.netty.dataStream.client.reply.queue.grace-period = 1s (default)
2022-07-21 19:36:52,000 [s1-NettyServerStreamRpc-workerGroup--thread3] INFO  netty.NettyConfigKeys$DataStream (ConfUtils.java:logGet(46)) - raft.netty.dataStream.client.worker-group.share = false (default)
2022-07-21 19:36:52,000 [s1-NettyServerStreamRpc-workerGroup--thread3] INFO  netty.NettyConfigKeys$DataStream (ConfUtils.java:logGet(46)) - raft.netty.dataStream.client.worker-group.size = 4 (default)
2022-07-21 19:36:52,000 [s2-NettyServerStreamRpc-workerGroup--thread1] INFO  netty.NettyConfigKeys$DataStream (ConfUtils.java:logGet(46)) - raft.netty.dataStream.client.reply.queue.grace-period = 1s (default)
2022-07-21 19:36:52,001 [s2-NettyServerStreamRpc-workerGroup--thread1] INFO  netty.NettyConfigKeys$DataStream (ConfUtils.java:logGet(46)) - raft.netty.dataStream.client.worker-group.share = false (default)
2022-07-21 19:36:52,001 [s2-NettyServerStreamRpc-workerGroup--thread1] INFO  netty.NettyConfigKeys$DataStream (ConfUtils.java:logGet(46)) - raft.netty.dataStream.client.worker-group.size = 4 (default)
2022-07-21 19:36:52,000 [s0-NettyServerStreamRpc-bossGroup--thread1] INFO  logging.LoggingHandler (AbstractInternalLogger.java:log(148)) - [id: 0xf06305cb, L:/0.0.0.0:32957] READ COMPLETE
2022-07-21 19:36:52,002 [s1-NettyServerStreamRpc-bossGroup--thread1] INFO  logging.LoggingHandler (AbstractInternalLogger.java:log(148)) - [id: 0xed2015e1, L:/0.0.0.0:34203] READ: [id: 0x836ae02e, L:/127.0.0.1:34203 - R:/127.0.0.1:36314]
2022-07-21 19:36:52,002 [s1-NettyServerStreamRpc-bossGroup--thread1] INFO  logging.LoggingHandler (AbstractInternalLogger.java:log(148)) - [id: 0xed2015e1, L:/0.0.0.0:34203] READ COMPLETE
2022-07-21 19:36:52,004 [s2-NettyServerStreamRpc-bossGroup--thread1] INFO  logging.LoggingHandler (AbstractInternalLogger.java:log(148)) - [id: 0x935e7424, L:/0.0.0.0:39743] READ: [id: 0x1b9e27bb, L:/127.0.0.1:39743 - R:/127.0.0.1:51628]
2022-07-21 19:36:52,004 [s2-NettyServerStreamRpc-bossGroup--thread1] INFO  logging.LoggingHandler (AbstractInternalLogger.java:log(148)) - [id: 0x935e7424, L:/0.0.0.0:39743] READ COMPLETE
2022-07-21 19:36:52,006 [s2-NettyServerStreamRpc-bossGroup--thread1] INFO  logging.LoggingHandler (AbstractInternalLogger.java:log(148)) - [id: 0x935e7424, L:/0.0.0.0:39743] READ: [id: 0xe48d3dbf, L:/127.0.0.1:39743 - R:/127.0.0.1:51630]
2022-07-21 19:36:52,006 [s2-NettyServerStreamRpc-bossGroup--thread1] INFO  logging.LoggingHandler (AbstractInternalLogger.java:log(148)) - [id: 0x935e7424, L:/0.0.0.0:39743] READ COMPLETE
2022-07-21 19:36:52,009 [s0-NettyServerStreamRpc-workerGroup--thread4] INFO  client.DataStreamClient (ConfUtils.java:logGet(46)) - raft.datastream.type = NETTY (custom)
2022-07-21 19:36:52,009 [s0-NettyServerStreamRpc-workerGroup--thread4] INFO  netty.NettyConfigKeys$DataStream (ConfUtils.java:logGet(46)) - raft.netty.dataStream.client.tls.conf = null (default)
2022-07-21 19:36:52,009 [s0-NettyServerStreamRpc-workerGroup--thread4] INFO  netty.NettyConfigKeys$DataStream (ConfUtils.java:logGet(46)) - raft.netty.dataStream.client.reply.queue.grace-period = 1s (default)
2022-07-21 19:36:52,009 [s0-NettyServerStreamRpc-workerGroup--thread4] INFO  netty.NettyConfigKeys$DataStream (ConfUtils.java:logGet(46)) - raft.netty.dataStream.client.worker-group.share = false (default)
2022-07-21 19:36:52,009 [s0-NettyServerStreamRpc-workerGroup--thread4] INFO  netty.NettyConfigKeys$DataStream (ConfUtils.java:logGet(46)) - raft.netty.dataStream.client.worker-group.size = 4 (default)
2022-07-21 19:36:52,016 [s2-NettyServerStreamRpc-workerGroup--thread1] INFO  client.DataStreamClient (ConfUtils.java:logGet(46)) - raft.datastream.type = NETTY (custom)
2022-07-21 19:36:52,016 [s2-NettyServerStreamRpc-workerGroup--thread1] INFO  netty.NettyConfigKeys$DataStream (ConfUtils.java:logGet(46)) - raft.netty.dataStream.client.tls.conf = null (default)
2022-07-21 19:36:52,016 [s2-NettyServerStreamRpc-workerGroup--thread1] INFO  netty.NettyConfigKeys$DataStream (ConfUtils.java:logGet(46)) - raft.netty.dataStream.client.reply.queue.grace-period = 1s (default)
2022-07-21 19:36:52,016 [s2-NettyServerStreamRpc-workerGroup--thread1] INFO  netty.NettyConfigKeys$DataStream (ConfUtils.java:logGet(46)) - raft.netty.dataStream.client.worker-group.share = false (default)
2022-07-21 19:36:52,016 [s2-NettyServerStreamRpc-workerGroup--thread1] INFO  netty.NettyConfigKeys$DataStream (ConfUtils.java:logGet(46)) - raft.netty.dataStream.client.worker-group.size = 4 (default)
2022-07-21 19:36:52,018 [s2-NettyServerStreamRpc-bossGroup--thread1] INFO  logging.LoggingHandler (AbstractInternalLogger.java:log(148)) - [id: 0x935e7424, L:/0.0.0.0:39743] READ: [id: 0x570e7793, L:/127.0.0.1:39743 - R:/127.0.0.1:51632]
2022-07-21 19:36:52,018 [s2-NettyServerStreamRpc-bossGroup--thread1] INFO  logging.LoggingHandler (AbstractInternalLogger.java:log(148)) - [id: 0x935e7424, L:/0.0.0.0:39743] READ COMPLETE
2022-07-21 19:36:52,019 [s0-NettyServerStreamRpc-bossGroup--thread1] INFO  logging.LoggingHandler (AbstractInternalLogger.java:log(148)) - [id: 0xf06305cb, L:/0.0.0.0:32957] READ: [id: 0xee0bd72e, L:/127.0.0.1:32957 - R:/127.0.0.1:47572]
2022-07-21 19:36:52,019 [s0-NettyServerStreamRpc-bossGroup--thread1] INFO  logging.LoggingHandler (AbstractInternalLogger.java:log(148)) - [id: 0xf06305cb, L:/0.0.0.0:32957] READ COMPLETE
2022-07-21 19:36:52,020 [s2-NettyServerStreamRpc-workerGroup--thread1] INFO  client.DataStreamClient (ConfUtils.java:logGet(46)) - raft.datastream.type = NETTY (custom)
2022-07-21 19:36:52,020 [s2-NettyServerStreamRpc-workerGroup--thread1] INFO  netty.NettyConfigKeys$DataStream (ConfUtils.java:logGet(46)) - raft.netty.dataStream.client.tls.conf = null (default)
2022-07-21 19:36:52,020 [s2-NettyServerStreamRpc-workerGroup--thread1] INFO  netty.NettyConfigKeys$DataStream (ConfUtils.java:logGet(46)) - raft.netty.dataStream.client.reply.queue.grace-period = 1s (default)
2022-07-21 19:36:52,020 [s2-NettyServerStreamRpc-workerGroup--thread1] INFO  netty.NettyConfigKeys$DataStream (ConfUtils.java:logGet(46)) - raft.netty.dataStream.client.worker-group.share = false (default)
2022-07-21 19:36:52,020 [s2-NettyServerStreamRpc-workerGroup--thread1] INFO  netty.NettyConfigKeys$DataStream (ConfUtils.java:logGet(46)) - raft.netty.dataStream.client.worker-group.size = 4 (default)
2022-07-21 19:36:52,024 [s1-NettyServerStreamRpc-workerGroup--thread4] INFO  client.DataStreamClient (ConfUtils.java:logGet(46)) - raft.datastream.type = NETTY (custom)
2022-07-21 19:36:52,024 [s1-NettyServerStreamRpc-workerGroup--thread4] INFO  netty.NettyConfigKeys$DataStream (ConfUtils.java:logGet(46)) - raft.netty.dataStream.client.tls.conf = null (default)
2022-07-21 19:36:52,025 [s1-NettyServerStreamRpc-workerGroup--thread4] INFO  netty.NettyConfigKeys$DataStream (ConfUtils.java:logGet(46)) - raft.netty.dataStream.client.reply.queue.grace-period = 1s (default)
2022-07-21 19:36:52,025 [s1-NettyServerStreamRpc-workerGroup--thread4] INFO  netty.NettyConfigKeys$DataStream (ConfUtils.java:logGet(46)) - raft.netty.dataStream.client.worker-group.share = false (default)
2022-07-21 19:36:52,025 [s1-NettyServerStreamRpc-workerGroup--thread4] INFO  netty.NettyConfigKeys$DataStream (ConfUtils.java:logGet(46)) - raft.netty.dataStream.client.worker-group.size = 4 (default)
2022-07-21 19:36:52,027 [s0-NettyServerStreamRpc-bossGroup--thread1] INFO  logging.LoggingHandler (AbstractInternalLogger.java:log(148)) - [id: 0xf06305cb, L:/0.0.0.0:32957] READ: [id: 0x48529bbc, L:/127.0.0.1:32957 - R:/127.0.0.1:47574]
2022-07-21 19:36:52,027 [s0-NettyServerStreamRpc-bossGroup--thread1] INFO  logging.LoggingHandler (AbstractInternalLogger.java:log(148)) - [id: 0xf06305cb, L:/0.0.0.0:32957] READ COMPLETE
2022-07-21 19:36:52,027 [s1-NettyServerStreamRpc-workerGroup--thread4] INFO  client.DataStreamClient (ConfUtils.java:logGet(46)) - raft.datastream.type = NETTY (custom)
2022-07-21 19:36:52,027 [s1-NettyServerStreamRpc-workerGroup--thread4] INFO  netty.NettyConfigKeys$DataStream (ConfUtils.java:logGet(46)) - raft.netty.dataStream.client.tls.conf = null (default)
2022-07-21 19:36:52,027 [s1-NettyServerStreamRpc-workerGroup--thread4] INFO  netty.NettyConfigKeys$DataStream (ConfUtils.java:logGet(46)) - raft.netty.dataStream.client.reply.queue.grace-period = 1s (default)
2022-07-21 19:36:52,027 [s1-NettyServerStreamRpc-workerGroup--thread4] INFO  netty.NettyConfigKeys$DataStream (ConfUtils.java:logGet(46)) - raft.netty.dataStream.client.worker-group.share = false (default)
2022-07-21 19:36:52,028 [s1-NettyServerStreamRpc-workerGroup--thread4] INFO  netty.NettyConfigKeys$DataStream (ConfUtils.java:logGet(46)) - raft.netty.dataStream.client.worker-group.size = 4 (default)
2022-07-21 19:36:52,038 [s0-NettyServerStreamRpc-workerGroup--thread4] INFO  client.DataStreamClient (ConfUtils.java:logGet(46)) - raft.datastream.type = NETTY (custom)
2022-07-21 19:36:52,038 [s0-NettyServerStreamRpc-workerGroup--thread4] INFO  netty.NettyConfigKeys$DataStream (ConfUtils.java:logGet(46)) - raft.netty.dataStream.client.tls.conf = null (default)
2022-07-21 19:36:52,038 [s0-NettyServerStreamRpc-workerGroup--thread4] INFO  netty.NettyConfigKeys$DataStream (ConfUtils.java:logGet(46)) - raft.netty.dataStream.client.reply.queue.grace-period = 1s (default)
2022-07-21 19:36:52,038 [s0-NettyServerStreamRpc-workerGroup--thread4] INFO  netty.NettyConfigKeys$DataStream (ConfUtils.java:logGet(46)) - raft.netty.dataStream.client.worker-group.share = false (default)
2022-07-21 19:36:52,038 [s0-NettyServerStreamRpc-workerGroup--thread4] INFO  netty.NettyConfigKeys$DataStream (ConfUtils.java:logGet(46)) - raft.netty.dataStream.client.worker-group.size = 4 (default)
2022-07-21 19:36:52,038 [s1-NettyServerStreamRpc-bossGroup--thread1] INFO  logging.LoggingHandler (AbstractInternalLogger.java:log(148)) - [id: 0xed2015e1, L:/0.0.0.0:34203] READ: [id: 0x4d1e2300, L:/127.0.0.1:34203 - R:/127.0.0.1:36326]
2022-07-21 19:36:52,038 [s1-NettyServerStreamRpc-bossGroup--thread1] INFO  logging.LoggingHandler (AbstractInternalLogger.java:log(148)) - [id: 0xed2015e1, L:/0.0.0.0:34203] READ COMPLETE
2022-07-21 19:36:52,041 [s2-NettyServerStreamRpc-bossGroup--thread1] INFO  logging.LoggingHandler (AbstractInternalLogger.java:log(148)) - [id: 0x935e7424, L:/0.0.0.0:39743] READ: [id: 0xcc7645e0, L:/127.0.0.1:39743 - R:/127.0.0.1:51640]
2022-07-21 19:36:52,041 [s0-NettyServerStreamRpc-workerGroup--thread4] INFO  client.DataStreamClient (ConfUtils.java:logGet(46)) - raft.datastream.type = NETTY (custom)
2022-07-21 19:36:52,041 [s2-NettyServerStreamRpc-bossGroup--thread1] INFO  logging.LoggingHandler (AbstractInternalLogger.java:log(148)) - [id: 0x935e7424, L:/0.0.0.0:39743] READ COMPLETE
2022-07-21 19:36:52,042 [s0-NettyServerStreamRpc-workerGroup--thread4] INFO  netty.NettyConfigKeys$DataStream (ConfUtils.java:logGet(46)) - raft.netty.dataStream.client.tls.conf = null (default)
2022-07-21 19:36:52,042 [s0-NettyServerStreamRpc-workerGroup--thread4] INFO  netty.NettyConfigKeys$DataStream (ConfUtils.java:logGet(46)) - raft.netty.dataStream.client.reply.queue.grace-period = 1s (default)
2022-07-21 19:36:52,042 [s0-NettyServerStreamRpc-workerGroup--thread4] INFO  netty.NettyConfigKeys$DataStream (ConfUtils.java:logGet(46)) - raft.netty.dataStream.client.worker-group.share = false (default)
2022-07-21 19:36:52,042 [s0-NettyServerStreamRpc-workerGroup--thread4] INFO  netty.NettyConfigKeys$DataStream (ConfUtils.java:logGet(46)) - raft.netty.dataStream.client.worker-group.size = 4 (default)
2022-07-21 19:36:52,048 [s2-NettyServerStreamRpc-bossGroup--thread1] INFO  logging.LoggingHandler (AbstractInternalLogger.java:log(148)) - [id: 0x935e7424, L:/0.0.0.0:39743] READ: [id: 0xb00706c2, L:/127.0.0.1:39743 - R:/127.0.0.1:51642]
2022-07-21 19:36:52,048 [s2-NettyServerStreamRpc-bossGroup--thread1] INFO  logging.LoggingHandler (AbstractInternalLogger.java:log(148)) - [id: 0x935e7424, L:/0.0.0.0:39743] READ COMPLETE
2022-07-21 19:36:52,048 [s1-NettyServerStreamRpc-workerGroup--thread2] INFO  client.DataStreamClient (ConfUtils.java:logGet(46)) - raft.datastream.type = NETTY (custom)
2022-07-21 19:36:52,048 [s1-NettyServerStreamRpc-workerGroup--thread2] INFO  netty.NettyConfigKeys$DataStream (ConfUtils.java:logGet(46)) - raft.netty.dataStream.client.tls.conf = null (default)
2022-07-21 19:36:52,048 [s1-NettyServerStreamRpc-workerGroup--thread2] INFO  netty.NettyConfigKeys$DataStream (ConfUtils.java:logGet(46)) - raft.netty.dataStream.client.reply.queue.grace-period = 1s (default)
2022-07-21 19:36:52,049 [s1-NettyServerStreamRpc-workerGroup--thread2] INFO  netty.NettyConfigKeys$DataStream (ConfUtils.java:logGet(46)) - raft.netty.dataStream.client.worker-group.share = false (default)
2022-07-21 19:36:52,049 [s1-NettyServerStreamRpc-workerGroup--thread2] INFO  netty.NettyConfigKeys$DataStream (ConfUtils.java:logGet(46)) - raft.netty.dataStream.client.worker-group.size = 4 (default)
2022-07-21 19:36:52,051 [s1-NettyServerStreamRpc-bossGroup--thread1] INFO  logging.LoggingHandler (AbstractInternalLogger.java:log(148)) - [id: 0xed2015e1, L:/0.0.0.0:34203] READ: [id: 0x27f97c4e, L:/127.0.0.1:34203 - R:/127.0.0.1:36332]
2022-07-21 19:36:52,051 [s1-NettyServerStreamRpc-bossGroup--thread1] INFO  logging.LoggingHandler (AbstractInternalLogger.java:log(148)) - [id: 0xed2015e1, L:/0.0.0.0:34203] READ COMPLETE
2022-07-21 19:36:52,052 [s2-NettyServerStreamRpc-workerGroup--thread1] INFO  client.DataStreamClient (ConfUtils.java:logGet(46)) - raft.datastream.type = NETTY (custom)
2022-07-21 19:36:52,052 [s2-NettyServerStreamRpc-workerGroup--thread1] INFO  netty.NettyConfigKeys$DataStream (ConfUtils.java:logGet(46)) - raft.netty.dataStream.client.tls.conf = null (default)
2022-07-21 19:36:52,052 [s2-NettyServerStreamRpc-workerGroup--thread1] INFO  netty.NettyConfigKeys$DataStream (ConfUtils.java:logGet(46)) - raft.netty.dataStream.client.reply.queue.grace-period = 1s (default)
2022-07-21 19:36:52,052 [s2-NettyServerStreamRpc-workerGroup--thread1] INFO  netty.NettyConfigKeys$DataStream (ConfUtils.java:logGet(46)) - raft.netty.dataStream.client.worker-group.share = false (default)
2022-07-21 19:36:52,052 [s2-NettyServerStreamRpc-workerGroup--thread1] INFO  netty.NettyConfigKeys$DataStream (ConfUtils.java:logGet(46)) - raft.netty.dataStream.client.worker-group.size = 4 (default)
2022-07-21 19:36:52,064 [s0-NettyServerStreamRpc-bossGroup--thread1] INFO  logging.LoggingHandler (AbstractInternalLogger.java:log(148)) - [id: 0xf06305cb, L:/0.0.0.0:32957] READ: [id: 0xdc3a47de, L:/127.0.0.1:32957 - R:/127.0.0.1:47584]
2022-07-21 19:36:52,064 [s0-NettyServerStreamRpc-bossGroup--thread1] INFO  logging.LoggingHandler (AbstractInternalLogger.java:log(148)) - [id: 0xf06305cb, L:/0.0.0.0:32957] READ COMPLETE
2022-07-21 19:36:52,065 [s2-NettyServerStreamRpc-workerGroup--thread1] INFO  client.DataStreamClient (ConfUtils.java:logGet(46)) - raft.datastream.type = NETTY (custom)
2022-07-21 19:36:52,065 [s2-NettyServerStreamRpc-workerGroup--thread1] INFO  netty.NettyConfigKeys$DataStream (ConfUtils.java:logGet(46)) - raft.netty.dataStream.client.tls.conf = null (default)
2022-07-21 19:36:52,065 [s2-NettyServerStreamRpc-workerGroup--thread1] INFO  netty.NettyConfigKeys$DataStream (ConfUtils.java:logGet(46)) - raft.netty.dataStream.client.reply.queue.grace-period = 1s (default)
2022-07-21 19:36:52,066 [s2-NettyServerStreamRpc-workerGroup--thread1] INFO  netty.NettyConfigKeys$DataStream (ConfUtils.java:logGet(46)) - raft.netty.dataStream.client.worker-group.share = false (default)
2022-07-21 19:36:52,066 [s2-NettyServerStreamRpc-workerGroup--thread1] INFO  netty.NettyConfigKeys$DataStream (ConfUtils.java:logGet(46)) - raft.netty.dataStream.client.worker-group.size = 4 (default)
2022-07-21 19:36:52,087 [s1-NettyServerStreamRpc-bossGroup--thread1] INFO  logging.LoggingHandler (AbstractInternalLogger.java:log(148)) - [id: 0xed2015e1, L:/0.0.0.0:34203] READ: [id: 0x9f32e90c, L:/127.0.0.1:34203 - R:/127.0.0.1:36336]
2022-07-21 19:36:52,088 [s1-NettyServerStreamRpc-bossGroup--thread1] INFO  logging.LoggingHandler (AbstractInternalLogger.java:log(148)) - [id: 0xed2015e1, L:/0.0.0.0:34203] READ COMPLETE
2022-07-21 19:36:52,090 [s0-NettyServerStreamRpc-bossGroup--thread1] INFO  logging.LoggingHandler (AbstractInternalLogger.java:log(148)) - [id: 0xf06305cb, L:/0.0.0.0:32957] READ: [id: 0x454cbd04, L:/127.0.0.1:32957 - R:/127.0.0.1:47588]
2022-07-21 19:36:52,090 [s0-NettyServerStreamRpc-bossGroup--thread1] INFO  logging.LoggingHandler (AbstractInternalLogger.java:log(148)) - [id: 0xf06305cb, L:/0.0.0.0:32957] READ COMPLETE
2022-07-21 19:36:52,091 [s0-NettyServerStreamRpc-workerGroup--thread4] INFO  client.DataStreamClient (ConfUtils.java:logGet(46)) - raft.datastream.type = NETTY (custom)
2022-07-21 19:36:52,091 [s1-NettyServerStreamRpc-workerGroup--thread4] INFO  client.DataStreamClient (ConfUtils.java:logGet(46)) - raft.datastream.type = NETTY (custom)
2022-07-21 19:36:52,091 [s1-NettyServerStreamRpc-workerGroup--thread4] INFO  netty.NettyConfigKeys$DataStream (ConfUtils.java:logGet(46)) - raft.netty.dataStream.client.tls.conf = null (default)
2022-07-21 19:36:52,091 [s1-NettyServerStreamRpc-workerGroup--thread4] INFO  netty.NettyConfigKeys$DataStream (ConfUtils.java:logGet(46)) - raft.netty.dataStream.client.reply.queue.grace-period = 1s (default)
2022-07-21 19:36:52,092 [s1-NettyServerStreamRpc-workerGroup--thread4] INFO  netty.NettyConfigKeys$DataStream (ConfUtils.java:logGet(46)) - raft.netty.dataStream.client.worker-group.share = false (default)
2022-07-21 19:36:52,092 [s1-NettyServerStreamRpc-workerGroup--thread4] INFO  netty.NettyConfigKeys$DataStream (ConfUtils.java:logGet(46)) - raft.netty.dataStream.client.worker-group.size = 4 (default)
2022-07-21 19:36:52,091 [s0-NettyServerStreamRpc-workerGroup--thread4] INFO  netty.NettyConfigKeys$DataStream (ConfUtils.java:logGet(46)) - raft.netty.dataStream.client.tls.conf = null (default)
2022-07-21 19:36:52,092 [s0-NettyServerStreamRpc-workerGroup--thread4] INFO  netty.NettyConfigKeys$DataStream (ConfUtils.java:logGet(46)) - raft.netty.dataStream.client.reply.queue.grace-period = 1s (default)
2022-07-21 19:36:52,093 [s0-NettyServerStreamRpc-workerGroup--thread4] INFO  netty.NettyConfigKeys$DataStream (ConfUtils.java:logGet(46)) - raft.netty.dataStream.client.worker-group.share = false (default)
2022-07-21 19:36:52,093 [s0-NettyServerStreamRpc-workerGroup--thread4] INFO  netty.NettyConfigKeys$DataStream (ConfUtils.java:logGet(46)) - raft.netty.dataStream.client.worker-group.size = 4 (default)
2022-07-21 19:36:52,106 [s2-NettyServerStreamRpc-bossGroup--thread1] INFO  logging.LoggingHandler (AbstractInternalLogger.java:log(148)) - [id: 0x935e7424, L:/0.0.0.0:39743] READ: [id: 0x75f0ef72, L:/127.0.0.1:39743 - R:/127.0.0.1:51652]
2022-07-21 19:36:52,106 [s2-NettyServerStreamRpc-bossGroup--thread1] INFO  logging.LoggingHandler (AbstractInternalLogger.java:log(148)) - [id: 0x935e7424, L:/0.0.0.0:39743] READ COMPLETE
2022-07-21 19:36:52,108 [s0-NettyServerStreamRpc-workerGroup--thread4] INFO  client.DataStreamClient (ConfUtils.java:logGet(46)) - raft.datastream.type = NETTY (custom)
2022-07-21 19:36:52,108 [s0-NettyServerStreamRpc-workerGroup--thread4] INFO  netty.NettyConfigKeys$DataStream (ConfUtils.java:logGet(46)) - raft.netty.dataStream.client.tls.conf = null (default)
2022-07-21 19:36:52,108 [s0-NettyServerStreamRpc-workerGroup--thread4] INFO  netty.NettyConfigKeys$DataStream (ConfUtils.java:logGet(46)) - raft.netty.dataStream.client.reply.queue.grace-period = 1s (default)
2022-07-21 19:36:52,108 [s0-NettyServerStreamRpc-workerGroup--thread4] INFO  netty.NettyConfigKeys$DataStream (ConfUtils.java:logGet(46)) - raft.netty.dataStream.client.worker-group.share = false (default)
2022-07-21 19:36:52,108 [s0-NettyServerStreamRpc-workerGroup--thread4] INFO  netty.NettyConfigKeys$DataStream (ConfUtils.java:logGet(46)) - raft.netty.dataStream.client.worker-group.size = 4 (default)
2022-07-21 19:36:52,110 [s2-NettyServerStreamRpc-bossGroup--thread1] INFO  logging.LoggingHandler (AbstractInternalLogger.java:log(148)) - [id: 0x935e7424, L:/0.0.0.0:39743] READ: [id: 0x13e27815, L:/127.0.0.1:39743 - R:/127.0.0.1:51654]
2022-07-21 19:36:52,110 [s2-NettyServerStreamRpc-bossGroup--thread1] INFO  logging.LoggingHandler (AbstractInternalLogger.java:log(148)) - [id: 0x935e7424, L:/0.0.0.0:39743] READ COMPLETE
2022-07-21 19:36:52,116 [s1-NettyServerStreamRpc-bossGroup--thread1] INFO  logging.LoggingHandler (AbstractInternalLogger.java:log(148)) - [id: 0xed2015e1, L:/0.0.0.0:34203] READ: [id: 0xf1934903, L:/127.0.0.1:34203 - R:/127.0.0.1:36344]
2022-07-21 19:36:52,116 [s1-NettyServerStreamRpc-bossGroup--thread1] INFO  logging.LoggingHandler (AbstractInternalLogger.java:log(148)) - [id: 0xed2015e1, L:/0.0.0.0:34203] READ COMPLETE
2022-07-21 19:36:52,116 [s0-NettyServerStreamRpc-workerGroup--thread4] INFO  client.DataStreamClient (ConfUtils.java:logGet(46)) - raft.datastream.type = NETTY (custom)
2022-07-21 19:36:52,116 [s0-NettyServerStreamRpc-workerGroup--thread4] INFO  netty.NettyConfigKeys$DataStream (ConfUtils.java:logGet(46)) - raft.netty.dataStream.client.tls.conf = null (default)
2022-07-21 19:36:52,116 [s0-NettyServerStreamRpc-workerGroup--thread4] INFO  netty.NettyConfigKeys$DataStream (ConfUtils.java:logGet(46)) - raft.netty.dataStream.client.reply.queue.grace-period = 1s (default)
2022-07-21 19:36:52,116 [s0-NettyServerStreamRpc-workerGroup--thread4] INFO  netty.NettyConfigKeys$DataStream (ConfUtils.java:logGet(46)) - raft.netty.dataStream.client.worker-group.share = false (default)
2022-07-21 19:36:52,117 [s0-NettyServerStreamRpc-workerGroup--thread4] INFO  netty.NettyConfigKeys$DataStream (ConfUtils.java:logGet(46)) - raft.netty.dataStream.client.worker-group.size = 4 (default)
2022-07-21 19:36:52,119 [s1-NettyServerStreamRpc-bossGroup--thread1] INFO  logging.LoggingHandler (AbstractInternalLogger.java:log(148)) - [id: 0xed2015e1, L:/0.0.0.0:34203] READ: [id: 0xb1ad92d1, L:/127.0.0.1:34203 - R:/127.0.0.1:36346]
2022-07-21 19:36:52,119 [s1-NettyServerStreamRpc-bossGroup--thread1] INFO  logging.LoggingHandler (AbstractInternalLogger.java:log(148)) - [id: 0xed2015e1, L:/0.0.0.0:34203] READ COMPLETE
2022-07-21 19:36:52,119 [s2-NettyServerStreamRpc-bossGroup--thread1] INFO  logging.LoggingHandler (AbstractInternalLogger.java:log(148)) - [id: 0x935e7424, L:/0.0.0.0:39743] READ: [id: 0x5fee052d, L:/127.0.0.1:39743 - R:/127.0.0.1:51660]
2022-07-21 19:36:52,119 [s2-NettyServerStreamRpc-workerGroup--thread1] INFO  client.DataStreamClient (ConfUtils.java:logGet(46)) - raft.datastream.type = NETTY (custom)
2022-07-21 19:36:52,119 [s2-NettyServerStreamRpc-workerGroup--thread1] INFO  netty.NettyConfigKeys$DataStream (ConfUtils.java:logGet(46)) - raft.netty.dataStream.client.tls.conf = null (default)
2022-07-21 19:36:52,119 [s2-NettyServerStreamRpc-workerGroup--thread1] INFO  netty.NettyConfigKeys$DataStream (ConfUtils.java:logGet(46)) - raft.netty.dataStream.client.reply.queue.grace-period = 1s (default)
2022-07-21 19:36:52,120 [s2-NettyServerStreamRpc-workerGroup--thread1] INFO  netty.NettyConfigKeys$DataStream (ConfUtils.java:logGet(46)) - raft.netty.dataStream.client.worker-group.share = false (default)
2022-07-21 19:36:52,120 [s2-NettyServerStreamRpc-workerGroup--thread1] INFO  netty.NettyConfigKeys$DataStream (ConfUtils.java:logGet(46)) - raft.netty.dataStream.client.worker-group.size = 4 (default)
2022-07-21 19:36:52,119 [s2-NettyServerStreamRpc-bossGroup--thread1] INFO  logging.LoggingHandler (AbstractInternalLogger.java:log(148)) - [id: 0x935e7424, L:/0.0.0.0:39743] READ COMPLETE
2022-07-21 19:36:52,121 [s0-NettyServerStreamRpc-workerGroup--thread4] INFO  client.DataStreamClient (ConfUtils.java:logGet(46)) - raft.datastream.type = NETTY (custom)
2022-07-21 19:36:52,122 [s0-NettyServerStreamRpc-workerGroup--thread4] INFO  netty.NettyConfigKeys$DataStream (ConfUtils.java:logGet(46)) - raft.netty.dataStream.client.tls.conf = null (default)
2022-07-21 19:36:52,122 [s0-NettyServerStreamRpc-workerGroup--thread4] INFO  netty.NettyConfigKeys$DataStream (ConfUtils.java:logGet(46)) - raft.netty.dataStream.client.reply.queue.grace-period = 1s (default)
2022-07-21 19:36:52,122 [s0-NettyServerStreamRpc-workerGroup--thread4] INFO  netty.NettyConfigKeys$DataStream (ConfUtils.java:logGet(46)) - raft.netty.dataStream.client.worker-group.share = false (default)
2022-07-21 19:36:52,122 [s0-NettyServerStreamRpc-workerGroup--thread4] INFO  netty.NettyConfigKeys$DataStream (ConfUtils.java:logGet(46)) - raft.netty.dataStream.client.worker-group.size = 4 (default)
2022-07-21 19:36:52,124 [s0-NettyServerStreamRpc-bossGroup--thread1] INFO  logging.LoggingHandler (AbstractInternalLogger.java:log(148)) - [id: 0xf06305cb, L:/0.0.0.0:32957] READ: [id: 0x8650e686, L:/127.0.0.1:32957 - R:/127.0.0.1:47600]
2022-07-21 19:36:52,124 [s0-NettyServerStreamRpc-bossGroup--thread1] INFO  logging.LoggingHandler (AbstractInternalLogger.java:log(148)) - [id: 0xf06305cb, L:/0.0.0.0:32957] READ COMPLETE
2022-07-21 19:36:52,127 [s2-NettyServerStreamRpc-workerGroup--thread1] INFO  client.DataStreamClient (ConfUtils.java:logGet(46)) - raft.datastream.type = NETTY (custom)
2022-07-21 19:36:52,127 [s2-NettyServerStreamRpc-workerGroup--thread1] INFO  netty.NettyConfigKeys$DataStream (ConfUtils.java:logGet(46)) - raft.netty.dataStream.client.tls.conf = null (default)
2022-07-21 19:36:52,127 [s2-NettyServerStreamRpc-workerGroup--thread1] INFO  netty.NettyConfigKeys$DataStream (ConfUtils.java:logGet(46)) - raft.netty.dataStream.client.reply.queue.grace-period = 1s (default)
2022-07-21 19:36:52,127 [s2-NettyServerStreamRpc-workerGroup--thread1] INFO  netty.NettyConfigKeys$DataStream (ConfUtils.java:logGet(46)) - raft.netty.dataStream.client.worker-group.share = false (default)
2022-07-21 19:36:52,127 [s2-NettyServerStreamRpc-workerGroup--thread1] INFO  netty.NettyConfigKeys$DataStream (ConfUtils.java:logGet(46)) - raft.netty.dataStream.client.worker-group.size = 4 (default)
2022-07-21 19:36:52,128 [s1-NettyServerStreamRpc-bossGroup--thread1] INFO  logging.LoggingHandler (AbstractInternalLogger.java:log(148)) - [id: 0xed2015e1, L:/0.0.0.0:34203] READ: [id: 0x7746bbda, L:/127.0.0.1:34203 - R:/127.0.0.1:36352]
2022-07-21 19:36:52,128 [s1-NettyServerStreamRpc-bossGroup--thread1] INFO  logging.LoggingHandler (AbstractInternalLogger.java:log(148)) - [id: 0xed2015e1, L:/0.0.0.0:34203] READ COMPLETE
2022-07-21 19:36:52,128 [s0-NettyServerStreamRpc-workerGroup--thread4] INFO  client.DataStreamClient (ConfUtils.java:logGet(46)) - raft.datastream.type = NETTY (custom)
2022-07-21 19:36:52,129 [s0-NettyServerStreamRpc-workerGroup--thread4] INFO  netty.NettyConfigKeys$DataStream (ConfUtils.java:logGet(46)) - raft.netty.dataStream.client.tls.conf = null (default)
2022-07-21 19:36:52,129 [s0-NettyServerStreamRpc-workerGroup--thread4] INFO  netty.NettyConfigKeys$DataStream (ConfUtils.java:logGet(46)) - raft.netty.dataStream.client.reply.queue.grace-period = 1s (default)
2022-07-21 19:36:52,129 [s0-NettyServerStreamRpc-workerGroup--thread4] INFO  netty.NettyConfigKeys$DataStream (ConfUtils.java:logGet(46)) - raft.netty.dataStream.client.worker-group.share = false (default)
2022-07-21 19:36:52,129 [s0-NettyServerStreamRpc-workerGroup--thread4] INFO  netty.NettyConfigKeys$DataStream (ConfUtils.java:logGet(46)) - raft.netty.dataStream.client.worker-group.size = 4 (default)
2022-07-21 19:36:52,134 [s1-NettyServerStreamRpc-bossGroup--thread1] INFO  logging.LoggingHandler (AbstractInternalLogger.java:log(148)) - [id: 0xed2015e1, L:/0.0.0.0:34203] READ: [id: 0xd5e6a549, L:/127.0.0.1:34203 - R:/127.0.0.1:36354]
2022-07-21 19:36:52,134 [s2-NettyServerStreamRpc-bossGroup--thread1] INFO  logging.LoggingHandler (AbstractInternalLogger.java:log(148)) - [id: 0x935e7424, L:/0.0.0.0:39743] READ: [id: 0x6205ab08, L:/127.0.0.1:39743 - R:/127.0.0.1:51668]
2022-07-21 19:36:52,134 [s2-NettyServerStreamRpc-bossGroup--thread1] INFO  logging.LoggingHandler (AbstractInternalLogger.java:log(148)) - [id: 0x935e7424, L:/0.0.0.0:39743] READ COMPLETE
2022-07-21 19:36:52,134 [s1-NettyServerStreamRpc-bossGroup--thread1] INFO  logging.LoggingHandler (AbstractInternalLogger.java:log(148)) - [id: 0xed2015e1, L:/0.0.0.0:34203] READ COMPLETE
2022-07-21 19:36:52,134 [s2-NettyServerStreamRpc-workerGroup--thread1] INFO  client.DataStreamClient (ConfUtils.java:logGet(46)) - raft.datastream.type = NETTY (custom)
2022-07-21 19:36:52,135 [s2-NettyServerStreamRpc-workerGroup--thread1] INFO  netty.NettyConfigKeys$DataStream (ConfUtils.java:logGet(46)) - raft.netty.dataStream.client.tls.conf = null (default)
2022-07-21 19:36:52,135 [s2-NettyServerStreamRpc-workerGroup--thread1] INFO  netty.NettyConfigKeys$DataStream (ConfUtils.java:logGet(46)) - raft.netty.dataStream.client.reply.queue.grace-period = 1s (default)
2022-07-21 19:36:52,135 [s2-NettyServerStreamRpc-workerGroup--thread1] INFO  netty.NettyConfigKeys$DataStream (ConfUtils.java:logGet(46)) - raft.netty.dataStream.client.worker-group.share = false (default)
2022-07-21 19:36:52,135 [s2-NettyServerStreamRpc-workerGroup--thread1] INFO  netty.NettyConfigKeys$DataStream (ConfUtils.java:logGet(46)) - raft.netty.dataStream.client.worker-group.size = 4 (default)
2022-07-21 19:36:52,138 [s0-NettyServerStreamRpc-workerGroup--thread4] INFO  client.DataStreamClient (ConfUtils.java:logGet(46)) - raft.datastream.type = NETTY (custom)
2022-07-21 19:36:52,138 [s0-NettyServerStreamRpc-workerGroup--thread4] INFO  netty.NettyConfigKeys$DataStream (ConfUtils.java:logGet(46)) - raft.netty.dataStream.client.tls.conf = null (default)
2022-07-21 19:36:52,138 [s0-NettyServerStreamRpc-workerGroup--thread4] INFO  netty.NettyConfigKeys$DataStream (ConfUtils.java:logGet(46)) - raft.netty.dataStream.client.reply.queue.grace-period = 1s (default)
2022-07-21 19:36:52,139 [s0-NettyServerStreamRpc-workerGroup--thread4] INFO  netty.NettyConfigKeys$DataStream (ConfUtils.java:logGet(46)) - raft.netty.dataStream.client.worker-group.share = false (default)
2022-07-21 19:36:52,139 [s0-NettyServerStreamRpc-workerGroup--thread4] INFO  netty.NettyConfigKeys$DataStream (ConfUtils.java:logGet(46)) - raft.netty.dataStream.client.worker-group.size = 4 (default)
2022-07-21 19:36:52,189 [s0-NettyServerStreamRpc-workerGroup--thread4] INFO  client.DataStreamClient (ConfUtils.java:logGet(46)) - raft.datastream.type = NETTY (custom)
2022-07-21 19:36:52,189 [s1-NettyServerStreamRpc-bossGroup--thread1] INFO  logging.LoggingHandler (AbstractInternalLogger.java:log(148)) - [id: 0xed2015e1, L:/0.0.0.0:34203] READ: [id: 0xf0a90445, L:/127.0.0.1:34203 - R:/127.0.0.1:36358]
2022-07-21 19:36:52,189 [s1-NettyServerStreamRpc-bossGroup--thread1] INFO  logging.LoggingHandler (AbstractInternalLogger.java:log(148)) - [id: 0xed2015e1, L:/0.0.0.0:34203] READ COMPLETE
2022-07-21 19:36:52,189 [s0-NettyServerStreamRpc-workerGroup--thread4] INFO  netty.NettyConfigKeys$DataStream (ConfUtils.java:logGet(46)) - raft.netty.dataStream.client.tls.conf = null (default)
2022-07-21 19:36:52,190 [s0-NettyServerStreamRpc-workerGroup--thread4] INFO  netty.NettyConfigKeys$DataStream (ConfUtils.java:logGet(46)) - raft.netty.dataStream.client.reply.queue.grace-period = 1s (default)
2022-07-21 19:36:52,190 [s0-NettyServerStreamRpc-workerGroup--thread4] INFO  netty.NettyConfigKeys$DataStream (ConfUtils.java:logGet(46)) - raft.netty.dataStream.client.worker-group.share = false (default)
2022-07-21 19:36:52,190 [s0-NettyServerStreamRpc-workerGroup--thread4] INFO  netty.NettyConfigKeys$DataStream (ConfUtils.java:logGet(46)) - raft.netty.dataStream.client.worker-group.size = 4 (default)
2022-07-21 19:36:52,192 [s0-NettyServerStreamRpc-bossGroup--thread1] INFO  logging.LoggingHandler (AbstractInternalLogger.java:log(148)) - [id: 0xf06305cb, L:/0.0.0.0:32957] READ: [id: 0xff22efa0, L:/127.0.0.1:32957 - R:/127.0.0.1:47610]
2022-07-21 19:36:52,192 [s0-NettyServerStreamRpc-bossGroup--thread1] INFO  logging.LoggingHandler (AbstractInternalLogger.java:log(148)) - [id: 0xf06305cb, L:/0.0.0.0:32957] READ COMPLETE
2022-07-21 19:36:52,192 [s2-NettyServerStreamRpc-workerGroup--thread1] INFO  client.DataStreamClient (ConfUtils.java:logGet(46)) - raft.datastream.type = NETTY (custom)
2022-07-21 19:36:52,193 [s2-NettyServerStreamRpc-workerGroup--thread1] INFO  netty.NettyConfigKeys$DataStream (ConfUtils.java:logGet(46)) - raft.netty.dataStream.client.tls.conf = null (default)
2022-07-21 19:36:52,193 [s2-NettyServerStreamRpc-workerGroup--thread1] INFO  netty.NettyConfigKeys$DataStream (ConfUtils.java:logGet(46)) - raft.netty.dataStream.client.reply.queue.grace-period = 1s (default)
2022-07-21 19:36:52,193 [s2-NettyServerStreamRpc-workerGroup--thread1] INFO  netty.NettyConfigKeys$DataStream (ConfUtils.java:logGet(46)) - raft.netty.dataStream.client.worker-group.share = false (default)
2022-07-21 19:36:52,193 [s2-NettyServerStreamRpc-workerGroup--thread1] INFO  netty.NettyConfigKeys$DataStream (ConfUtils.java:logGet(46)) - raft.netty.dataStream.client.worker-group.size = 4 (default)
2022-07-21 19:36:52,197 [s2-NettyServerStreamRpc-bossGroup--thread1] INFO  logging.LoggingHandler (AbstractInternalLogger.java:log(148)) - [id: 0x935e7424, L:/0.0.0.0:39743] READ: [id: 0x9625fab0, L:/127.0.0.1:39743 - R:/127.0.0.1:51674]
2022-07-21 19:36:52,197 [s2-NettyServerStreamRpc-bossGroup--thread1] INFO  logging.LoggingHandler (AbstractInternalLogger.java:log(148)) - [id: 0x935e7424, L:/0.0.0.0:39743] READ COMPLETE
2022-07-21 19:36:52,200 [s0-NettyServerStreamRpc-workerGroup--thread4] INFO  client.DataStreamClient (ConfUtils.java:logGet(46)) - raft.datastream.type = NETTY (custom)
2022-07-21 19:36:52,200 [s0-NettyServerStreamRpc-workerGroup--thread4] INFO  netty.NettyConfigKeys$DataStream (ConfUtils.java:logGet(46)) - raft.netty.dataStream.client.tls.conf = null (default)
2022-07-21 19:36:52,201 [s0-NettyServerStreamRpc-workerGroup--thread4] INFO  netty.NettyConfigKeys$DataStream (ConfUtils.java:logGet(46)) - raft.netty.dataStream.client.reply.queue.grace-period = 1s (default)
2022-07-21 19:36:52,201 [s0-NettyServerStreamRpc-workerGroup--thread4] INFO  netty.NettyConfigKeys$DataStream (ConfUtils.java:logGet(46)) - raft.netty.dataStream.client.worker-group.share = false (default)
2022-07-21 19:36:52,201 [s0-NettyServerStreamRpc-workerGroup--thread4] INFO  netty.NettyConfigKeys$DataStream (ConfUtils.java:logGet(46)) - raft.netty.dataStream.client.worker-group.size = 4 (default)
2022-07-21 19:36:52,209 [s1-NettyServerStreamRpc-bossGroup--thread1] INFO  logging.LoggingHandler (AbstractInternalLogger.java:log(148)) - [id: 0xed2015e1, L:/0.0.0.0:34203] READ: [id: 0x3d3accfa, L:/127.0.0.1:34203 - R:/127.0.0.1:36364]
2022-07-21 19:36:52,210 [s1-NettyServerStreamRpc-bossGroup--thread1] INFO  logging.LoggingHandler (AbstractInternalLogger.java:log(148)) - [id: 0xed2015e1, L:/0.0.0.0:34203] READ COMPLETE
2022-07-21 19:36:52,210 [s0-NettyServerStreamRpc-workerGroup--thread4] INFO  client.DataStreamClient (ConfUtils.java:logGet(46)) - raft.datastream.type = NETTY (custom)
2022-07-21 19:36:52,210 [s0-NettyServerStreamRpc-workerGroup--thread4] INFO  netty.NettyConfigKeys$DataStream (ConfUtils.java:logGet(46)) - raft.netty.dataStream.client.tls.conf = null (default)
2022-07-21 19:36:52,211 [s0-NettyServerStreamRpc-workerGroup--thread4] INFO  netty.NettyConfigKeys$DataStream (ConfUtils.java:logGet(46)) - raft.netty.dataStream.client.reply.queue.grace-period = 1s (default)
2022-07-21 19:36:52,211 [s0-NettyServerStreamRpc-workerGroup--thread4] INFO  netty.NettyConfigKeys$DataStream (ConfUtils.java:logGet(46)) - raft.netty.dataStream.client.worker-group.share = false (default)
2022-07-21 19:36:52,211 [s0-NettyServerStreamRpc-workerGroup--thread4] INFO  netty.NettyConfigKeys$DataStream (ConfUtils.java:logGet(46)) - raft.netty.dataStream.client.worker-group.size = 4 (default)
2022-07-21 19:36:52,224 [s1-NettyServerStreamRpc-bossGroup--thread1] INFO  logging.LoggingHandler (AbstractInternalLogger.java:log(148)) - [id: 0xed2015e1, L:/0.0.0.0:34203] READ: [id: 0x1f753a05, L:/127.0.0.1:34203 - R:/127.0.0.1:36366]
2022-07-21 19:36:52,224 [s1-NettyServerStreamRpc-bossGroup--thread1] INFO  logging.LoggingHandler (AbstractInternalLogger.java:log(148)) - [id: 0xed2015e1, L:/0.0.0.0:34203] READ COMPLETE
2022-07-21 19:36:52,225 [s2-NettyServerStreamRpc-workerGroup--thread1] INFO  client.DataStreamClient (ConfUtils.java:logGet(46)) - raft.datastream.type = NETTY (custom)
2022-07-21 19:36:52,225 [s2-NettyServerStreamRpc-workerGroup--thread1] INFO  netty.NettyConfigKeys$DataStream (ConfUtils.java:logGet(46)) - raft.netty.dataStream.client.tls.conf = null (default)
2022-07-21 19:36:52,225 [s2-NettyServerStreamRpc-workerGroup--thread1] INFO  netty.NettyConfigKeys$DataStream (ConfUtils.java:logGet(46)) - raft.netty.dataStream.client.reply.queue.grace-period = 1s (default)
2022-07-21 19:36:52,225 [s2-NettyServerStreamRpc-workerGroup--thread1] INFO  netty.NettyConfigKeys$DataStream (ConfUtils.java:logGet(46)) - raft.netty.dataStream.client.worker-group.share = false (default)
2022-07-21 19:36:52,225 [s2-NettyServerStreamRpc-workerGroup--thread1] INFO  netty.NettyConfigKeys$DataStream (ConfUtils.java:logGet(46)) - raft.netty.dataStream.client.worker-group.size = 4 (default)
2022-07-21 19:36:52,233 [s2-NettyServerStreamRpc-bossGroup--thread1] INFO  logging.LoggingHandler (AbstractInternalLogger.java:log(148)) - [id: 0x935e7424, L:/0.0.0.0:39743] READ: [id: 0xea2e3750, L:/127.0.0.1:39743 - R:/127.0.0.1:51680]
2022-07-21 19:36:52,234 [s2-NettyServerStreamRpc-bossGroup--thread1] INFO  logging.LoggingHandler (AbstractInternalLogger.java:log(148)) - [id: 0x935e7424, L:/0.0.0.0:39743] READ COMPLETE
2022-07-21 19:36:52,237 [s0-NettyServerStreamRpc-workerGroup--thread4] INFO  client.DataStreamClient (ConfUtils.java:logGet(46)) - raft.datastream.type = NETTY (custom)
2022-07-21 19:36:52,237 [s0-NettyServerStreamRpc-workerGroup--thread4] INFO  netty.NettyConfigKeys$DataStream (ConfUtils.java:logGet(46)) - raft.netty.dataStream.client.tls.conf = null (default)
2022-07-21 19:36:52,237 [s0-NettyServerStreamRpc-workerGroup--thread4] INFO  netty.NettyConfigKeys$DataStream (ConfUtils.java:logGet(46)) - raft.netty.dataStream.client.reply.queue.grace-period = 1s (default)
2022-07-21 19:36:52,237 [s0-NettyServerStreamRpc-workerGroup--thread4] INFO  netty.NettyConfigKeys$DataStream (ConfUtils.java:logGet(46)) - raft.netty.dataStream.client.worker-group.share = false (default)
2022-07-21 19:36:52,237 [s0-NettyServerStreamRpc-workerGroup--thread4] INFO  netty.NettyConfigKeys$DataStream (ConfUtils.java:logGet(46)) - raft.netty.dataStream.client.worker-group.size = 4 (default)
2022-07-21 19:36:52,293 [s0-NettyServerStreamRpc-bossGroup--thread1] INFO  logging.LoggingHandler (AbstractInternalLogger.java:log(148)) - [id: 0xf06305cb, L:/0.0.0.0:32957] READ: [id: 0x21fddb26, L:/127.0.0.1:32957 - R:/127.0.0.1:47620]
2022-07-21 19:36:52,293 [s2-NettyServerStreamRpc-workerGroup--thread1] INFO  client.DataStreamClient (ConfUtils.java:logGet(46)) - raft.datastream.type = NETTY (custom)
2022-07-21 19:36:52,293 [s2-NettyServerStreamRpc-workerGroup--thread1] INFO  netty.NettyConfigKeys$DataStream (ConfUtils.java:logGet(46)) - raft.netty.dataStream.client.tls.conf = null (default)
2022-07-21 19:36:52,293 [s2-NettyServerStreamRpc-workerGroup--thread1] INFO  netty.NettyConfigKeys$DataStream (ConfUtils.java:logGet(46)) - raft.netty.dataStream.client.reply.queue.grace-period = 1s (default)
2022-07-21 19:36:52,294 [s2-NettyServerStreamRpc-workerGroup--thread1] INFO  netty.NettyConfigKeys$DataStream (ConfUtils.java:logGet(46)) - raft.netty.dataStream.client.worker-group.share = false (default)
2022-07-21 19:36:52,294 [s2-NettyServerStreamRpc-workerGroup--thread1] INFO  netty.NettyConfigKeys$DataStream (ConfUtils.java:logGet(46)) - raft.netty.dataStream.client.worker-group.size = 4 (default)
2022-07-21 19:36:52,293 [s0-NettyServerStreamRpc-bossGroup--thread1] INFO  logging.LoggingHandler (AbstractInternalLogger.java:log(148)) - [id: 0xf06305cb, L:/0.0.0.0:32957] READ COMPLETE
2022-07-21 19:36:52,294 [s1-NettyServerStreamRpc-bossGroup--thread1] INFO  logging.LoggingHandler (AbstractInternalLogger.java:log(148)) - [id: 0xed2015e1, L:/0.0.0.0:34203] READ: [id: 0x45ed7049, L:/127.0.0.1:34203 - R:/127.0.0.1:36372]
2022-07-21 19:36:52,295 [s1-NettyServerStreamRpc-bossGroup--thread1] INFO  logging.LoggingHandler (AbstractInternalLogger.java:log(148)) - [id: 0xed2015e1, L:/0.0.0.0:34203] READ COMPLETE
2022-07-21 19:36:52,303 [s0-NettyServerStreamRpc-workerGroup--thread4] INFO  client.DataStreamClient (ConfUtils.java:logGet(46)) - raft.datastream.type = NETTY (custom)
2022-07-21 19:36:52,303 [s0-NettyServerStreamRpc-workerGroup--thread4] INFO  netty.NettyConfigKeys$DataStream (ConfUtils.java:logGet(46)) - raft.netty.dataStream.client.tls.conf = null (default)
2022-07-21 19:36:52,303 [s0-NettyServerStreamRpc-workerGroup--thread4] INFO  netty.NettyConfigKeys$DataStream (ConfUtils.java:logGet(46)) - raft.netty.dataStream.client.reply.queue.grace-period = 1s (default)
2022-07-21 19:36:52,303 [s0-NettyServerStreamRpc-workerGroup--thread4] INFO  netty.NettyConfigKeys$DataStream (ConfUtils.java:logGet(46)) - raft.netty.dataStream.client.worker-group.share = false (default)
2022-07-21 19:36:52,303 [s0-NettyServerStreamRpc-workerGroup--thread4] INFO  netty.NettyConfigKeys$DataStream (ConfUtils.java:logGet(46)) - raft.netty.dataStream.client.worker-group.size = 4 (default)
2022-07-21 19:36:52,308 [s2-NettyServerStreamRpc-bossGroup--thread1] INFO  logging.LoggingHandler (AbstractInternalLogger.java:log(148)) - [id: 0x935e7424, L:/0.0.0.0:39743] READ: [id: 0x294dab75, L:/127.0.0.1:39743 - R:/127.0.0.1:51686]
2022-07-21 19:36:52,308 [s2-NettyServerStreamRpc-bossGroup--thread1] INFO  logging.LoggingHandler (AbstractInternalLogger.java:log(148)) - [id: 0x935e7424, L:/0.0.0.0:39743] READ COMPLETE
2022-07-21 19:36:52,309 [s0-NettyServerStreamRpc-workerGroup--thread4] INFO  client.DataStreamClient (ConfUtils.java:logGet(46)) - raft.datastream.type = NETTY (custom)
2022-07-21 19:36:52,309 [s0-NettyServerStreamRpc-workerGroup--thread4] INFO  netty.NettyConfigKeys$DataStream (ConfUtils.java:logGet(46)) - raft.netty.dataStream.client.tls.conf = null (default)
2022-07-21 19:36:52,309 [s0-NettyServerStreamRpc-workerGroup--thread4] INFO  netty.NettyConfigKeys$DataStream (ConfUtils.java:logGet(46)) - raft.netty.dataStream.client.reply.queue.grace-period = 1s (default)
2022-07-21 19:36:52,310 [s0-NettyServerStreamRpc-workerGroup--thread4] INFO  netty.NettyConfigKeys$DataStream (ConfUtils.java:logGet(46)) - raft.netty.dataStream.client.worker-group.share = false (default)
2022-07-21 19:36:52,310 [s0-NettyServerStreamRpc-workerGroup--thread4] INFO  netty.NettyConfigKeys$DataStream (ConfUtils.java:logGet(46)) - raft.netty.dataStream.client.worker-group.size = 4 (default)
2022-07-21 19:36:52,335 [s1-NettyServerStreamRpc-bossGroup--thread1] INFO  logging.LoggingHandler (AbstractInternalLogger.java:log(148)) - [id: 0xed2015e1, L:/0.0.0.0:34203] READ: [id: 0xe2f754df, L:/127.0.0.1:34203 - R:/127.0.0.1:36376]
2022-07-21 19:36:52,335 [s1-NettyServerStreamRpc-bossGroup--thread1] INFO  logging.LoggingHandler (AbstractInternalLogger.java:log(148)) - [id: 0xed2015e1, L:/0.0.0.0:34203] READ COMPLETE
2022-07-21 19:36:52,336 [s0-NettyServerStreamRpc-workerGroup--thread4] INFO  client.DataStreamClient (ConfUtils.java:logGet(46)) - raft.datastream.type = NETTY (custom)
2022-07-21 19:36:52,336 [s0-NettyServerStreamRpc-workerGroup--thread4] INFO  netty.NettyConfigKeys$DataStream (ConfUtils.java:logGet(46)) - raft.netty.dataStream.client.tls.conf = null (default)
2022-07-21 19:36:52,336 [s0-NettyServerStreamRpc-workerGroup--thread4] INFO  netty.NettyConfigKeys$DataStream (ConfUtils.java:logGet(46)) - raft.netty.dataStream.client.reply.queue.grace-period = 1s (default)
2022-07-21 19:36:52,336 [s0-NettyServerStreamRpc-workerGroup--thread4] INFO  netty.NettyConfigKeys$DataStream (ConfUtils.java:logGet(46)) - raft.netty.dataStream.client.worker-group.share = false (default)
2022-07-21 19:36:52,337 [s0-NettyServerStreamRpc-workerGroup--thread4] INFO  netty.NettyConfigKeys$DataStream (ConfUtils.java:logGet(46)) - raft.netty.dataStream.client.worker-group.size = 4 (default)
2022-07-21 19:36:52,338 [s2-NettyServerStreamRpc-bossGroup--thread1] INFO  logging.LoggingHandler (AbstractInternalLogger.java:log(148)) - [id: 0x935e7424, L:/0.0.0.0:39743] READ: [id: 0xd81e9b0c, L:/127.0.0.1:39743 - R:/127.0.0.1:51690]
2022-07-21 19:36:52,338 [s2-NettyServerStreamRpc-bossGroup--thread1] INFO  logging.LoggingHandler (AbstractInternalLogger.java:log(148)) - [id: 0x935e7424, L:/0.0.0.0:39743] READ COMPLETE
2022-07-21 19:36:52,338 [s1-NettyServerStreamRpc-bossGroup--thread1] INFO  logging.LoggingHandler (AbstractInternalLogger.java:log(148)) - [id: 0xed2015e1, L:/0.0.0.0:34203] READ: [id: 0x39019d99, L:/127.0.0.1:34203 - R:/127.0.0.1:36380]
2022-07-21 19:36:52,338 [s1-NettyServerStreamRpc-bossGroup--thread1] INFO  logging.LoggingHandler (AbstractInternalLogger.java:log(148)) - [id: 0xed2015e1, L:/0.0.0.0:34203] READ COMPLETE
2022-07-21 19:36:52,340 [s2-NettyServerStreamRpc-workerGroup--thread1] INFO  client.DataStreamClient (ConfUtils.java:logGet(46)) - raft.datastream.type = NETTY (custom)
2022-07-21 19:36:52,340 [s2-NettyServerStreamRpc-workerGroup--thread1] INFO  netty.NettyConfigKeys$DataStream (ConfUtils.java:logGet(46)) - raft.netty.dataStream.client.tls.conf = null (default)
2022-07-21 19:36:52,340 [s2-NettyServerStreamRpc-workerGroup--thread1] INFO  netty.NettyConfigKeys$DataStream (ConfUtils.java:logGet(46)) - raft.netty.dataStream.client.reply.queue.grace-period = 1s (default)
2022-07-21 19:36:52,340 [s2-NettyServerStreamRpc-workerGroup--thread1] INFO  netty.NettyConfigKeys$DataStream (ConfUtils.java:logGet(46)) - raft.netty.dataStream.client.worker-group.share = false (default)
2022-07-21 19:36:52,340 [s2-NettyServerStreamRpc-workerGroup--thread1] INFO  netty.NettyConfigKeys$DataStream (ConfUtils.java:logGet(46)) - raft.netty.dataStream.client.worker-group.size = 4 (default)
2022-07-21 19:36:52,372 [s0-NettyServerStreamRpc-bossGroup--thread1] INFO  logging.LoggingHandler (AbstractInternalLogger.java:log(148)) - [id: 0xf06305cb, L:/0.0.0.0:32957] READ: [id: 0x0ec7ef1d, L:/127.0.0.1:32957 - R:/127.0.0.1:47632]
2022-07-21 19:36:52,372 [s0-NettyServerStreamRpc-bossGroup--thread1] INFO  logging.LoggingHandler (AbstractInternalLogger.java:log(148)) - [id: 0xf06305cb, L:/0.0.0.0:32957] READ COMPLETE
2022-07-21 19:36:52,372 [s2-NettyServerStreamRpc-workerGroup--thread1] INFO  client.DataStreamClient (ConfUtils.java:logGet(46)) - raft.datastream.type = NETTY (custom)
2022-07-21 19:36:52,372 [s2-NettyServerStreamRpc-workerGroup--thread1] INFO  netty.NettyConfigKeys$DataStream (ConfUtils.java:logGet(46)) - raft.netty.dataStream.client.tls.conf = null (default)
2022-07-21 19:36:52,372 [s2-NettyServerStreamRpc-workerGroup--thread1] INFO  netty.NettyConfigKeys$DataStream (ConfUtils.java:logGet(46)) - raft.netty.dataStream.client.reply.queue.grace-period = 1s (default)
2022-07-21 19:36:52,372 [s2-NettyServerStreamRpc-workerGroup--thread1] INFO  netty.NettyConfigKeys$DataStream (ConfUtils.java:logGet(46)) - raft.netty.dataStream.client.worker-group.share = false (default)
2022-07-21 19:36:52,372 [s2-NettyServerStreamRpc-workerGroup--thread1] INFO  netty.NettyConfigKeys$DataStream (ConfUtils.java:logGet(46)) - raft.netty.dataStream.client.worker-group.size = 4 (default)
2022-07-21 19:36:52,414 [s1-NettyServerStreamRpc-bossGroup--thread1] INFO  logging.LoggingHandler (AbstractInternalLogger.java:log(148)) - [id: 0xed2015e1, L:/0.0.0.0:34203] READ: [id: 0xf667e874, L:/127.0.0.1:34203 - R:/127.0.0.1:36384]
2022-07-21 19:36:52,414 [s1-NettyServerStreamRpc-bossGroup--thread1] INFO  logging.LoggingHandler (AbstractInternalLogger.java:log(148)) - [id: 0xed2015e1, L:/0.0.0.0:34203] READ COMPLETE
2022-07-21 19:36:52,428 [s2-NettyServerStreamRpc-workerGroup--thread1] INFO  client.DataStreamClient (ConfUtils.java:logGet(46)) - raft.datastream.type = NETTY (custom)
2022-07-21 19:36:52,429 [s2-NettyServerStreamRpc-workerGroup--thread1] INFO  netty.NettyConfigKeys$DataStream (ConfUtils.java:logGet(46)) - raft.netty.dataStream.client.tls.conf = null (default)
2022-07-21 19:36:52,429 [s2-NettyServerStreamRpc-workerGroup--thread1] INFO  netty.NettyConfigKeys$DataStream (ConfUtils.java:logGet(46)) - raft.netty.dataStream.client.reply.queue.grace-period = 1s (default)
2022-07-21 19:36:52,429 [s2-NettyServerStreamRpc-workerGroup--thread1] INFO  netty.NettyConfigKeys$DataStream (ConfUtils.java:logGet(46)) - raft.netty.dataStream.client.worker-group.share = false (default)
2022-07-21 19:36:52,429 [s2-NettyServerStreamRpc-workerGroup--thread1] INFO  netty.NettyConfigKeys$DataStream (ConfUtils.java:logGet(46)) - raft.netty.dataStream.client.worker-group.size = 4 (default)
2022-07-21 19:36:52,456 [s2-NettyServerStreamRpc-workerGroup--thread1] INFO  client.DataStreamClient (ConfUtils.java:logGet(46)) - raft.datastream.type = NETTY (custom)
2022-07-21 19:36:52,456 [s2-NettyServerStreamRpc-workerGroup--thread1] INFO  netty.NettyConfigKeys$DataStream (ConfUtils.java:logGet(46)) - raft.netty.dataStream.client.tls.conf = null (default)
2022-07-21 19:36:52,456 [s2-NettyServerStreamRpc-workerGroup--thread1] INFO  netty.NettyConfigKeys$DataStream (ConfUtils.java:logGet(46)) - raft.netty.dataStream.client.reply.queue.grace-period = 1s (default)
2022-07-21 19:36:52,457 [s2-NettyServerStreamRpc-workerGroup--thread1] INFO  netty.NettyConfigKeys$DataStream (ConfUtils.java:logGet(46)) - raft.netty.dataStream.client.worker-group.share = false (default)
2022-07-21 19:36:52,457 [s2-NettyServerStreamRpc-workerGroup--thread1] INFO  netty.NettyConfigKeys$DataStream (ConfUtils.java:logGet(46)) - raft.netty.dataStream.client.worker-group.size = 4 (default)
2022-07-21 19:36:52,458 [s0-NettyServerStreamRpc-bossGroup--thread1] INFO  logging.LoggingHandler (AbstractInternalLogger.java:log(148)) - [id: 0xf06305cb, L:/0.0.0.0:32957] READ: [id: 0xc4096368, L:/127.0.0.1:32957 - R:/127.0.0.1:47636]
2022-07-21 19:36:52,459 [s0-NettyServerStreamRpc-bossGroup--thread1] INFO  logging.LoggingHandler (AbstractInternalLogger.java:log(148)) - [id: 0xf06305cb, L:/0.0.0.0:32957] READ COMPLETE
2022-07-21 19:36:52,547 [s1-NettyServerStreamRpc-bossGroup--thread1] INFO  logging.LoggingHandler (AbstractInternalLogger.java:log(148)) - [id: 0xed2015e1, L:/0.0.0.0:34203] READ: [id: 0x029c2d6c, L:/127.0.0.1:34203 - R:/127.0.0.1:36388]
2022-07-21 19:36:52,547 [s1-NettyServerStreamRpc-bossGroup--thread1] INFO  logging.LoggingHandler (AbstractInternalLogger.java:log(148)) - [id: 0xed2015e1, L:/0.0.0.0:34203] READ COMPLETE
2022-07-21 19:36:52,616 [pool-9-thread-15] INFO  datastream.DataStreamTestUtils (DataStreamTestUtils.java:writeAndCloseAndAssertReplies(320)) - Stream383: bytesWritten=7585996
2022-07-21 19:36:52,648 [pool-9-thread-9] INFO  datastream.DataStreamTestUtils (DataStreamTestUtils.java:writeAndCloseAndAssertReplies(320)) - Stream376: bytesWritten=7261975
2022-07-21 19:36:52,749 [pool-9-thread-13] INFO  datastream.DataStreamTestUtils (DataStreamTestUtils.java:writeAndCloseAndAssertReplies(320)) - Stream380: bytesWritten=7532708
2022-07-21 19:36:52,773 [pool-9-thread-10] INFO  datastream.DataStreamTestUtils (DataStreamTestUtils.java:writeAndCloseAndAssertReplies(320)) - Stream378: bytesWritten=7425492
2022-07-21 19:36:52,781 [pool-9-thread-14] INFO  datastream.DataStreamTestUtils (DataStreamTestUtils.java:writeAndCloseAndAssertReplies(320)) - Stream381: bytesWritten=7369173
2022-07-21 19:36:52,798 [pool-9-thread-11] INFO  datastream.DataStreamTestUtils (DataStreamTestUtils.java:writeAndCloseAndAssertReplies(320)) - Stream379: bytesWritten=7328552
2022-07-21 19:36:52,822 [s0-client-thread1] INFO  statemachine.StateMachine (DataStreamTestUtils.java:link(157)) - link SingleDataStream: writeRequest=RaftClientRequest:client-EF92285B7F8D->s1@group-3F2F94768D39, cid=383, seq=0, DataStream, Message:<EMPTY>, logEntry=null
2022-07-21 19:36:52,835 [s1-server-thread2] INFO  statemachine.StateMachine (DataStreamTestUtils.java:link(157)) - link SingleDataStream: writeRequest=RaftClientRequest:client-EF92285B7F8D->s1@group-3F2F94768D39, cid=383, seq=0, DataStream, Message:<EMPTY>, logEntry=null
2022-07-21 19:36:52,836 [s2-server-thread2] INFO  statemachine.StateMachine (DataStreamTestUtils.java:link(157)) - link SingleDataStream: writeRequest=RaftClientRequest:client-EF92285B7F8D->s1@group-3F2F94768D39, cid=383, seq=0, DataStream, Message:<EMPTY>, logEntry=null
2022-07-21 19:36:52,837 [s0-client-thread1] INFO  statemachine.StateMachine (DataStreamTestUtils.java:link(157)) - link SingleDataStream: writeRequest=RaftClientRequest:client-3CED3FB4DDD5->s1@group-3F2F94768D39, cid=376, seq=0, DataStream, Message:<EMPTY>, logEntry=null
2022-07-21 19:36:52,838 [s2-server-thread2] INFO  statemachine.StateMachine (DataStreamTestUtils.java:link(157)) - link SingleDataStream: writeRequest=RaftClientRequest:client-3CED3FB4DDD5->s1@group-3F2F94768D39, cid=376, seq=0, DataStream, Message:<EMPTY>, logEntry=null
2022-07-21 19:36:52,839 [s1-server-thread2] INFO  statemachine.StateMachine (DataStreamTestUtils.java:link(157)) - link SingleDataStream: writeRequest=RaftClientRequest:client-3CED3FB4DDD5->s1@group-3F2F94768D39, cid=376, seq=0, DataStream, Message:<EMPTY>, logEntry=null
2022-07-21 19:36:52,840 [s0-client-thread1] INFO  statemachine.StateMachine (DataStreamTestUtils.java:link(157)) - link SingleDataStream: writeRequest=RaftClientRequest:client-3CED3FB4DDD5->s1@group-3F2F94768D39, cid=380, seq=0, DataStream, Message:<EMPTY>, logEntry=null
2022-07-21 19:36:52,841 [s2-server-thread2] INFO  statemachine.StateMachine (DataStreamTestUtils.java:link(157)) - link SingleDataStream: writeRequest=RaftClientRequest:client-3CED3FB4DDD5->s1@group-3F2F94768D39, cid=380, seq=0, DataStream, Message:<EMPTY>, logEntry=null
2022-07-21 19:36:52,841 [s1-server-thread2] INFO  statemachine.StateMachine (DataStreamTestUtils.java:link(157)) - link SingleDataStream: writeRequest=RaftClientRequest:client-3CED3FB4DDD5->s1@group-3F2F94768D39, cid=380, seq=0, DataStream, Message:<EMPTY>, logEntry=null
2022-07-21 19:36:52,844 [s0-client-thread1] INFO  statemachine.StateMachine (DataStreamTestUtils.java:link(157)) - link SingleDataStream: writeRequest=RaftClientRequest:client-3CED3FB4DDD5->s1@group-3F2F94768D39, cid=378, seq=0, DataStream, Message:<EMPTY>, logEntry=null
2022-07-21 19:36:52,845 [s1-server-thread2] INFO  statemachine.StateMachine (DataStreamTestUtils.java:link(157)) - link SingleDataStream: writeRequest=RaftClientRequest:client-3CED3FB4DDD5->s1@group-3F2F94768D39, cid=378, seq=0, DataStream, Message:<EMPTY>, logEntry=null
2022-07-21 19:36:52,845 [s2-server-thread2] INFO  statemachine.StateMachine (DataStreamTestUtils.java:link(157)) - link SingleDataStream: writeRequest=RaftClientRequest:client-3CED3FB4DDD5->s1@group-3F2F94768D39, cid=378, seq=0, DataStream, Message:<EMPTY>, logEntry=null
2022-07-21 19:36:52,846 [s0-client-thread1] INFO  statemachine.StateMachine (DataStreamTestUtils.java:link(157)) - link SingleDataStream: writeRequest=RaftClientRequest:client-3CED3FB4DDD5->s1@group-3F2F94768D39, cid=381, seq=0, DataStream, Message:<EMPTY>, logEntry=null
2022-07-21 19:36:52,847 [s2-server-thread2] INFO  statemachine.StateMachine (DataStreamTestUtils.java:link(157)) - link SingleDataStream: writeRequest=RaftClientRequest:client-3CED3FB4DDD5->s1@group-3F2F94768D39, cid=381, seq=0, DataStream, Message:<EMPTY>, logEntry=null
2022-07-21 19:36:52,847 [s1-server-thread2] INFO  statemachine.StateMachine (DataStreamTestUtils.java:link(157)) - link SingleDataStream: writeRequest=RaftClientRequest:client-3CED3FB4DDD5->s1@group-3F2F94768D39, cid=381, seq=0, DataStream, Message:<EMPTY>, logEntry=null
2022-07-21 19:36:52,848 [s0-client-thread1] INFO  statemachine.StateMachine (DataStreamTestUtils.java:link(157)) - link SingleDataStream: writeRequest=RaftClientRequest:client-3CED3FB4DDD5->s1@group-3F2F94768D39, cid=379, seq=0, DataStream, Message:<EMPTY>, logEntry=null
2022-07-21 19:36:52,849 [s1-server-thread2] INFO  statemachine.StateMachine (DataStreamTestUtils.java:link(157)) - link SingleDataStream: writeRequest=RaftClientRequest:client-3CED3FB4DDD5->s1@group-3F2F94768D39, cid=379, seq=0, DataStream, Message:<EMPTY>, logEntry=null
2022-07-21 19:36:52,849 [s2-server-thread2] INFO  statemachine.StateMachine (DataStreamTestUtils.java:link(157)) - link SingleDataStream: writeRequest=RaftClientRequest:client-3CED3FB4DDD5->s1@group-3F2F94768D39, cid=379, seq=0, DataStream, Message:<EMPTY>, logEntry=null
2022-07-21 19:36:52,968 [pool-9-thread-9] INFO  datastream.DataStreamTestUtils (DataStreamTestUtils.java:writeAndCloseAndAssertReplies(311)) - start Stream384
2022-07-21 19:36:52,972 [pool-9-thread-13] INFO  datastream.DataStreamTestUtils (DataStreamTestUtils.java:writeAndCloseAndAssertReplies(311)) - start Stream385
2022-07-21 19:36:52,979 [pool-9-thread-10] INFO  datastream.DataStreamTestUtils (DataStreamTestUtils.java:writeAndCloseAndAssertReplies(311)) - start Stream386
2022-07-21 19:36:52,991 [pool-9-thread-14] INFO  datastream.DataStreamTestUtils (DataStreamTestUtils.java:writeAndCloseAndAssertReplies(311)) - start Stream387
2022-07-21 19:36:52,996 [pool-9-thread-11] INFO  datastream.DataStreamTestUtils (DataStreamTestUtils.java:writeAndCloseAndAssertReplies(311)) - start Stream388
2022-07-21 19:36:53,157 [pool-9-thread-15] INFO  datastream.DataStreamTestUtils (DataStreamTestUtils.java:writeAndCloseAndAssertReplies(311)) - start Stream389
2022-07-21 19:36:53,378 [pool-9-thread-14] INFO  datastream.DataStreamTestUtils (DataStreamTestUtils.java:writeAndCloseAndAssertReplies(320)) - Stream387: bytesWritten=6797482
2022-07-21 19:36:53,397 [pool-9-thread-13] INFO  datastream.DataStreamTestUtils (DataStreamTestUtils.java:writeAndCloseAndAssertReplies(320)) - Stream385: bytesWritten=7390960
2022-07-21 19:36:53,507 [s0-client-thread1] INFO  statemachine.StateMachine (DataStreamTestUtils.java:link(157)) - link SingleDataStream: writeRequest=RaftClientRequest:client-13624993D0B5->s1@group-3F2F94768D39, cid=387, seq=0, DataStream, Message:<EMPTY>, logEntry=null
2022-07-21 19:36:53,518 [s1-server-thread2] INFO  statemachine.StateMachine (DataStreamTestUtils.java:link(157)) - link SingleDataStream: writeRequest=RaftClientRequest:client-13624993D0B5->s1@group-3F2F94768D39, cid=387, seq=0, DataStream, Message:<EMPTY>, logEntry=null
2022-07-21 19:36:53,523 [s2-server-thread1] INFO  statemachine.StateMachine (DataStreamTestUtils.java:link(157)) - link SingleDataStream: writeRequest=RaftClientRequest:client-13624993D0B5->s1@group-3F2F94768D39, cid=387, seq=0, DataStream, Message:<EMPTY>, logEntry=null
2022-07-21 19:36:53,524 [s0-client-thread1] INFO  statemachine.StateMachine (DataStreamTestUtils.java:link(157)) - link SingleDataStream: writeRequest=RaftClientRequest:client-13624993D0B5->s1@group-3F2F94768D39, cid=385, seq=0, DataStream, Message:<EMPTY>, logEntry=null
2022-07-21 19:36:53,526 [s2-server-thread1] INFO  statemachine.StateMachine (DataStreamTestUtils.java:link(157)) - link SingleDataStream: writeRequest=RaftClientRequest:client-13624993D0B5->s1@group-3F2F94768D39, cid=385, seq=0, DataStream, Message:<EMPTY>, logEntry=null
2022-07-21 19:36:53,532 [s1-server-thread2] INFO  statemachine.StateMachine (DataStreamTestUtils.java:link(157)) - link SingleDataStream: writeRequest=RaftClientRequest:client-13624993D0B5->s1@group-3F2F94768D39, cid=385, seq=0, DataStream, Message:<EMPTY>, logEntry=null
2022-07-21 19:36:53,542 [pool-9-thread-11] INFO  datastream.DataStreamTestUtils (DataStreamTestUtils.java:writeAndCloseAndAssertReplies(320)) - Stream388: bytesWritten=8162164
2022-07-21 19:36:53,545 [s0-client-thread1] INFO  statemachine.StateMachine (DataStreamTestUtils.java:link(157)) - link SingleDataStream: writeRequest=RaftClientRequest:client-13624993D0B5->s1@group-3F2F94768D39, cid=388, seq=0, DataStream, Message:<EMPTY>, logEntry=null
2022-07-21 19:36:53,548 [s1-server-thread1] INFO  statemachine.StateMachine (DataStreamTestUtils.java:link(157)) - link SingleDataStream: writeRequest=RaftClientRequest:client-13624993D0B5->s1@group-3F2F94768D39, cid=388, seq=0, DataStream, Message:<EMPTY>, logEntry=null
2022-07-21 19:36:53,548 [s2-server-thread1] INFO  statemachine.StateMachine (DataStreamTestUtils.java:link(157)) - link SingleDataStream: writeRequest=RaftClientRequest:client-13624993D0B5->s1@group-3F2F94768D39, cid=388, seq=0, DataStream, Message:<EMPTY>, logEntry=null
2022-07-21 19:36:53,553 [pool-9-thread-9] INFO  datastream.DataStreamTestUtils (DataStreamTestUtils.java:writeAndCloseAndAssertReplies(320)) - Stream384: bytesWritten=7390260
2022-07-21 19:36:53,555 [s0-client-thread1] INFO  statemachine.StateMachine (DataStreamTestUtils.java:link(157)) - link SingleDataStream: writeRequest=RaftClientRequest:client-13624993D0B5->s1@group-3F2F94768D39, cid=384, seq=0, DataStream, Message:<EMPTY>, logEntry=null
2022-07-21 19:36:53,556 [s2-server-thread1] INFO  statemachine.StateMachine (DataStreamTestUtils.java:link(157)) - link SingleDataStream: writeRequest=RaftClientRequest:client-13624993D0B5->s1@group-3F2F94768D39, cid=384, seq=0, DataStream, Message:<EMPTY>, logEntry=null
2022-07-21 19:36:53,557 [s1-server-thread1] INFO  statemachine.StateMachine (DataStreamTestUtils.java:link(157)) - link SingleDataStream: writeRequest=RaftClientRequest:client-13624993D0B5->s1@group-3F2F94768D39, cid=384, seq=0, DataStream, Message:<EMPTY>, logEntry=null
2022-07-21 19:36:53,580 [pool-9-thread-15] INFO  datastream.DataStreamTestUtils (DataStreamTestUtils.java:writeAndCloseAndAssertReplies(320)) - Stream389: bytesWritten=6885901
2022-07-21 19:36:53,586 [s0-client-thread1] INFO  statemachine.StateMachine (DataStreamTestUtils.java:link(157)) - link SingleDataStream: writeRequest=RaftClientRequest:client-13624993D0B5->s1@group-3F2F94768D39, cid=389, seq=0, DataStream, Message:<EMPTY>, logEntry=null
2022-07-21 19:36:53,588 [s1-server-thread1] INFO  statemachine.StateMachine (DataStreamTestUtils.java:link(157)) - link SingleDataStream: writeRequest=RaftClientRequest:client-13624993D0B5->s1@group-3F2F94768D39, cid=389, seq=0, DataStream, Message:<EMPTY>, logEntry=null
2022-07-21 19:36:53,589 [s2-server-thread2] INFO  statemachine.StateMachine (DataStreamTestUtils.java:link(157)) - link SingleDataStream: writeRequest=RaftClientRequest:client-13624993D0B5->s1@group-3F2F94768D39, cid=389, seq=0, DataStream, Message:<EMPTY>, logEntry=null
2022-07-21 19:36:53,595 [pool-9-thread-14] INFO  datastream.DataStreamTestUtils (DataStreamTestUtils.java:writeAndCloseAndAssertReplies(311)) - start Stream390
2022-07-21 19:36:53,593 [pool-9-thread-10] INFO  datastream.DataStreamTestUtils (DataStreamTestUtils.java:writeAndCloseAndAssertReplies(320)) - Stream386: bytesWritten=7553704
2022-07-21 19:36:53,599 [pool-9-thread-11] INFO  datastream.DataStreamTestUtils (DataStreamTestUtils.java:writeAndCloseAndAssertReplies(311)) - start Stream392
2022-07-21 19:36:53,597 [pool-9-thread-13] INFO  datastream.DataStreamTestUtils (DataStreamTestUtils.java:writeAndCloseAndAssertReplies(311)) - start Stream391
2022-07-21 19:36:53,634 [s0-client-thread1] INFO  statemachine.StateMachine (DataStreamTestUtils.java:link(157)) - link SingleDataStream: writeRequest=RaftClientRequest:client-13624993D0B5->s1@group-3F2F94768D39, cid=386, seq=0, DataStream, Message:<EMPTY>, logEntry=null
2022-07-21 19:36:53,636 [s1-server-thread2] INFO  statemachine.StateMachine (DataStreamTestUtils.java:link(157)) - link SingleDataStream: writeRequest=RaftClientRequest:client-13624993D0B5->s1@group-3F2F94768D39, cid=386, seq=0, DataStream, Message:<EMPTY>, logEntry=null
2022-07-21 19:36:53,695 [pool-9-thread-15] INFO  datastream.DataStreamTestUtils (DataStreamTestUtils.java:writeAndCloseAndAssertReplies(311)) - start Stream393
2022-07-21 19:36:53,709 [pool-9-thread-9] INFO  datastream.DataStreamTestUtils (DataStreamTestUtils.java:writeAndCloseAndAssertReplies(311)) - start Stream394
2022-07-21 19:36:53,711 [s2-server-thread1] INFO  statemachine.StateMachine (DataStreamTestUtils.java:link(157)) - link SingleDataStream: writeRequest=RaftClientRequest:client-13624993D0B5->s1@group-3F2F94768D39, cid=386, seq=0, DataStream, Message:<EMPTY>, logEntry=null
2022-07-21 19:36:54,547 [org.apache.ratis.util.JvmPauseMonitor$$Lambda$279/2133923994@6651e685] WARN  util.JvmPauseMonitor (JvmPauseMonitor.java:detectPause(124)) - JvmPauseMonitor-s2: Detected pause in JVM or host machine (eg GC): pause of approximately 273216793ns.
GC pool 'PS MarkSweep' had collection(s): count=1 time=615ms
GC pool 'PS Scavenge' had collection(s): count=1 time=115ms
2022-07-21 19:36:54,551 [org.apache.ratis.util.JvmPauseMonitor$$Lambda$279/2133923994@fac9096] WARN  util.JvmPauseMonitor (JvmPauseMonitor.java:detectPause(124)) - JvmPauseMonitor-s1: Detected pause in JVM or host machine (eg GC): pause of approximately 332074673ns.
GC pool 'PS MarkSweep' had collection(s): count=1 time=615ms
GC pool 'PS Scavenge' had collection(s): count=1 time=115ms
2022-07-21 19:36:54,553 [org.apache.ratis.util.JvmPauseMonitor$$Lambda$279/2133923994@18e5eed3] WARN  util.JvmPauseMonitor (JvmPauseMonitor.java:detectPause(124)) - JvmPauseMonitor-s0: Detected pause in JVM or host machine (eg GC): pause of approximately 343489866ns.
GC pool 'PS MarkSweep' had collection(s): count=1 time=615ms
GC pool 'PS Scavenge' had collection(s): count=1 time=115ms
2022-07-21 19:36:54,553 [s2@group-3F2F94768D39-FollowerState] WARN  impl.FollowerState (FollowerState.java:run(130)) - Unexpected long sleep: sleep 245ms but took extra 573204459ns (> threshold = 300ms)
2022-07-21 19:36:54,554 [s1@group-3F2F94768D39-FollowerState] WARN  impl.FollowerState (FollowerState.java:run(130)) - Unexpected long sleep: sleep 257ms but took extra 716104920ns (> threshold = 300ms)
2022-07-21 19:36:54,611 [pool-9-thread-10] INFO  datastream.DataStreamTestUtils (DataStreamTestUtils.java:writeAndCloseAndAssertReplies(311)) - start Stream395
2022-07-21 19:36:54,685 [pool-9-thread-14] INFO  datastream.DataStreamTestUtils (DataStreamTestUtils.java:writeAndCloseAndAssertReplies(320)) - Stream390: bytesWritten=7616632
2022-07-21 19:36:54,693 [pool-9-thread-13] INFO  datastream.DataStreamTestUtils (DataStreamTestUtils.java:writeAndCloseAndAssertReplies(320)) - Stream391: bytesWritten=7286092
2022-07-21 19:36:54,705 [s0-client-thread1] INFO  statemachine.StateMachine (DataStreamTestUtils.java:link(157)) - link SingleDataStream: writeRequest=RaftClientRequest:client-13624993D0B5->s1@group-3F2F94768D39, cid=390, seq=0, DataStream, Message:<EMPTY>, logEntry=null
2022-07-21 19:36:54,706 [s1-server-thread1] INFO  statemachine.StateMachine (DataStreamTestUtils.java:link(157)) - link SingleDataStream: writeRequest=RaftClientRequest:client-13624993D0B5->s1@group-3F2F94768D39, cid=390, seq=0, DataStream, Message:<EMPTY>, logEntry=null
2022-07-21 19:36:54,709 [s2-server-thread1] INFO  statemachine.StateMachine (DataStreamTestUtils.java:link(157)) - link SingleDataStream: writeRequest=RaftClientRequest:client-13624993D0B5->s1@group-3F2F94768D39, cid=390, seq=0, DataStream, Message:<EMPTY>, logEntry=null
2022-07-21 19:36:54,709 [s0-client-thread1] INFO  statemachine.StateMachine (DataStreamTestUtils.java:link(157)) - link SingleDataStream: writeRequest=RaftClientRequest:client-13624993D0B5->s1@group-3F2F94768D39, cid=391, seq=0, DataStream, Message:<EMPTY>, logEntry=null
2022-07-21 19:36:54,710 [s1-server-thread1] INFO  statemachine.StateMachine (DataStreamTestUtils.java:link(157)) - link SingleDataStream: writeRequest=RaftClientRequest:client-13624993D0B5->s1@group-3F2F94768D39, cid=391, seq=0, DataStream, Message:<EMPTY>, logEntry=null
2022-07-21 19:36:54,711 [s2-server-thread1] INFO  statemachine.StateMachine (DataStreamTestUtils.java:link(157)) - link SingleDataStream: writeRequest=RaftClientRequest:client-13624993D0B5->s1@group-3F2F94768D39, cid=391, seq=0, DataStream, Message:<EMPTY>, logEntry=null
2022-07-21 19:36:54,717 [pool-9-thread-11] INFO  datastream.DataStreamTestUtils (DataStreamTestUtils.java:writeAndCloseAndAssertReplies(320)) - Stream392: bytesWritten=7214064
2022-07-21 19:36:54,720 [s0-client-thread1] INFO  statemachine.StateMachine (DataStreamTestUtils.java:link(157)) - link SingleDataStream: writeRequest=RaftClientRequest:client-13624993D0B5->s1@group-3F2F94768D39, cid=392, seq=0, DataStream, Message:<EMPTY>, logEntry=null
2022-07-21 19:36:54,721 [s1-server-thread1] INFO  statemachine.StateMachine (DataStreamTestUtils.java:link(157)) - link SingleDataStream: writeRequest=RaftClientRequest:client-13624993D0B5->s1@group-3F2F94768D39, cid=392, seq=0, DataStream, Message:<EMPTY>, logEntry=null
2022-07-21 19:36:54,721 [s2-server-thread1] INFO  statemachine.StateMachine (DataStreamTestUtils.java:link(157)) - link SingleDataStream: writeRequest=RaftClientRequest:client-13624993D0B5->s1@group-3F2F94768D39, cid=392, seq=0, DataStream, Message:<EMPTY>, logEntry=null
2022-07-21 19:36:54,763 [pool-9-thread-15] INFO  datastream.DataStreamTestUtils (DataStreamTestUtils.java:writeAndCloseAndAssertReplies(320)) - Stream393: bytesWritten=7980065
2022-07-21 19:36:54,779 [pool-9-thread-14] INFO  datastream.DataStreamTestUtils (DataStreamTestUtils.java:writeAndCloseAndAssertReplies(311)) - start Stream396
2022-07-21 19:36:54,785 [s0-client-thread1] INFO  statemachine.StateMachine (DataStreamTestUtils.java:link(157)) - link SingleDataStream: writeRequest=RaftClientRequest:client-13624993D0B5->s1@group-3F2F94768D39, cid=393, seq=0, DataStream, Message:<EMPTY>, logEntry=null
2022-07-21 19:36:54,786 [s2-server-thread1] INFO  statemachine.StateMachine (DataStreamTestUtils.java:link(157)) - link SingleDataStream: writeRequest=RaftClientRequest:client-13624993D0B5->s1@group-3F2F94768D39, cid=393, seq=0, DataStream, Message:<EMPTY>, logEntry=null
2022-07-21 19:36:54,786 [s1-server-thread1] INFO  statemachine.StateMachine (DataStreamTestUtils.java:link(157)) - link SingleDataStream: writeRequest=RaftClientRequest:client-13624993D0B5->s1@group-3F2F94768D39, cid=393, seq=0, DataStream, Message:<EMPTY>, logEntry=null
2022-07-21 19:36:54,814 [pool-9-thread-13] INFO  datastream.DataStreamTestUtils (DataStreamTestUtils.java:writeAndCloseAndAssertReplies(311)) - start Stream397
2022-07-21 19:36:54,820 [pool-9-thread-11] INFO  datastream.DataStreamTestUtils (DataStreamTestUtils.java:writeAndCloseAndAssertReplies(311)) - start Stream398
2022-07-21 19:36:54,867 [pool-9-thread-15] INFO  datastream.DataStreamTestUtils (DataStreamTestUtils.java:writeAndCloseAndAssertReplies(311)) - start Stream399
2022-07-21 19:36:54,911 [pool-9-thread-6] INFO  datastream.DataStreamTestUtils (DataStreamTestUtils.java:writeAndCloseAndAssertReplies(311)) - start Stream400
2022-07-21 19:37:01,261 [Timer-2] INFO  impl.MiniRaftCluster (MiniRaftCluster.java:lambda$null$5(315)) - TIMED-PRINT: printing ALL groups
  s0:  RUNNING    LEADER s0@group-3F2F94768D39:t1, leader=s0, voted=s0, raftlog=Memoized:s0@group-3F2F94768D39-SegmentedRaftLog:OPENED:c30, conf=0: peers:[s0|rpc:localhost:41459|admin:localhost:39355|client:localhost:35515|dataStream:localhost:32957|priority:0|startupRole:FOLLOWER, s1|rpc:localhost:42501|admin:localhost:40929|client:localhost:40437|dataStream:localhost:34203|priority:0|startupRole:FOLLOWER, s2|rpc:localhost:35871|admin:localhost:34483|client:localhost:43959|dataStream:localhost:39743|priority:0|startupRole:FOLLOWER]|listeners:[], old=null RUNNING
  s1:  RUNNING  FOLLOWER s1@group-3F2F94768D39:t1, leader=s0, voted=s0, raftlog=Memoized:s1@group-3F2F94768D39-SegmentedRaftLog:OPENED:c30, conf=0: peers:[s0|rpc:localhost:41459|admin:localhost:39355|client:localhost:35515|dataStream:localhost:32957|priority:0|startupRole:FOLLOWER, s1|rpc:localhost:42501|admin:localhost:40929|client:localhost:40437|dataStream:localhost:34203|priority:0|startupRole:FOLLOWER, s2|rpc:localhost:35871|admin:localhost:34483|client:localhost:43959|dataStream:localhost:39743|priority:0|startupRole:FOLLOWER]|listeners:[], old=null RUNNING
  s2:  RUNNING  FOLLOWER s2@group-3F2F94768D39:t1, leader=s0, voted=s0, raftlog=Memoized:s2@group-3F2F94768D39-SegmentedRaftLog:OPENED:c30, conf=0: peers:[s0|rpc:localhost:41459|admin:localhost:39355|client:localhost:35515|dataStream:localhost:32957|priority:0|startupRole:FOLLOWER, s1|rpc:localhost:42501|admin:localhost:40929|client:localhost:40437|dataStream:localhost:34203|priority:0|startupRole:FOLLOWER, s2|rpc:localhost:35871|admin:localhost:34483|client:localhost:43959|dataStream:localhost:39743|priority:0|startupRole:FOLLOWER]|listeners:[], old=null RUNNING
2022-07-21 19:37:09,640 [pool-9-thread-12] INFO  datastream.DataStreamTestUtils (DataStreamTestUtils.java:writeAndCloseAndAssertReplies(320)) - Stream377: bytesWritten=3747403
2022-07-21 19:37:09,687 [s0-client-thread1] INFO  statemachine.StateMachine (DataStreamTestUtils.java:link(157)) - link SingleDataStream: writeRequest=RaftClientRequest:client-F05BDF1899E5->s2@group-3F2F94768D39, cid=377, seq=0, DataStream, Message:<EMPTY>, logEntry=null
2022-07-21 19:37:09,689 [s2-server-thread1] INFO  statemachine.StateMachine (DataStreamTestUtils.java:link(157)) - link SingleDataStream: writeRequest=RaftClientRequest:client-F05BDF1899E5->s2@group-3F2F94768D39, cid=377, seq=0, DataStream, Message:<EMPTY>, logEntry=null
2022-07-21 19:37:09,690 [s1-server-thread2] INFO  statemachine.StateMachine (DataStreamTestUtils.java:link(157)) - link SingleDataStream: writeRequest=RaftClientRequest:client-F05BDF1899E5->s2@group-3F2F94768D39, cid=377, seq=0, DataStream, Message:<EMPTY>, logEntry=null
2022-07-21 19:37:09,705 [pool-9-thread-12] INFO  datastream.DataStreamTestUtils (DataStreamTestUtils.java:writeAndCloseAndAssertReplies(311)) - start Stream401
2022-07-21 19:37:10,668 [pool-9-thread-9] INFO  datastream.DataStreamTestUtils (DataStreamTestUtils.java:writeAndCloseAndAssertReplies(320)) - Stream394: bytesWritten=3746626
2022-07-21 19:37:10,675 [s0-client-thread1] INFO  statemachine.StateMachine (DataStreamTestUtils.java:link(157)) - link SingleDataStream: writeRequest=RaftClientRequest:client-F05BDF1899E5->s2@group-3F2F94768D39, cid=394, seq=0, DataStream, Message:<EMPTY>, logEntry=null
2022-07-21 19:37:10,676 [s2-server-thread1] INFO  statemachine.StateMachine (DataStreamTestUtils.java:link(157)) - link SingleDataStream: writeRequest=RaftClientRequest:client-F05BDF1899E5->s2@group-3F2F94768D39, cid=394, seq=0, DataStream, Message:<EMPTY>, logEntry=null
2022-07-21 19:37:10,676 [s1-server-thread1] INFO  statemachine.StateMachine (DataStreamTestUtils.java:link(157)) - link SingleDataStream: writeRequest=RaftClientRequest:client-F05BDF1899E5->s2@group-3F2F94768D39, cid=394, seq=0, DataStream, Message:<EMPTY>, logEntry=null
2022-07-21 19:37:10,696 [pool-9-thread-9] INFO  datastream.DataStreamTestUtils (DataStreamTestUtils.java:writeAndCloseAndAssertReplies(311)) - start Stream402
2022-07-21 19:37:11,059 [s2@group-3F2F94768D39-FollowerState] INFO  impl.FollowerState (FollowerState.java:run(143)) - s2@group-3F2F94768D39-FollowerState: change to CANDIDATE, lastRpcElapsedTime:260999819ns, electionTimeout:198ms
2022-07-21 19:37:11,059 [s2@group-3F2F94768D39-FollowerState] INFO  impl.RoleInfo (RoleInfo.java:shutdownFollowerState(110)) - s2: shutdown s2@group-3F2F94768D39-FollowerState
2022-07-21 19:37:11,059 [s2@group-3F2F94768D39-FollowerState] INFO  server.RaftServer$Division (RaftServerImpl.java:setRole(301)) - s2@group-3F2F94768D39: changes role from  FOLLOWER to CANDIDATE at term 1 for changeToCandidate
2022-07-21 19:37:11,059 [s2@group-3F2F94768D39-FollowerState] INFO  server.RaftServerConfigKeys (ConfUtils.java:logGet(46)) - raft.server.leaderelection.pre-vote = true (default)
2022-07-21 19:37:11,060 [s2@group-3F2F94768D39-FollowerState] INFO  impl.RoleInfo (RoleInfo.java:updateAndGet(139)) - s2: start s2@group-3F2F94768D39-LeaderElection5
2022-07-21 19:37:11,061 [s2@group-3F2F94768D39-LeaderElection5] INFO  server.RaftServer$Division (ServerState.java:setLeader(313)) - s2@group-3F2F94768D39: change Leader from s0 to null at term 1 for PRE_VOTE
2022-07-21 19:37:11,061 [s2@group-3F2F94768D39-LeaderElection5] INFO  impl.LeaderElection (LeaderElection.java:askForVotes(310)) - s2@group-3F2F94768D39-LeaderElection5 PRE_VOTE round 0: submit vote requests at term 1 for 0: peers:[s0|rpc:localhost:41459|admin:localhost:39355|client:localhost:35515|dataStream:localhost:32957|priority:0|startupRole:FOLLOWER, s1|rpc:localhost:42501|admin:localhost:40929|client:localhost:40437|dataStream:localhost:34203|priority:0|startupRole:FOLLOWER, s2|rpc:localhost:35871|admin:localhost:34483|client:localhost:43959|dataStream:localhost:39743|priority:0|startupRole:FOLLOWER]|listeners:[], old=null
2022-07-21 19:37:11,062 [s2-server-thread1] INFO  server.RaftServer$Division (RaftServerImpl.java:setRole(301)) - s2@group-3F2F94768D39: changes role from CANDIDATE to FOLLOWER at term 1 for appendEntries
2022-07-21 19:37:11,062 [s2-server-thread1] INFO  impl.RoleInfo (RoleInfo.java:shutdownLeaderElection(130)) - s2: shutdown s2@group-3F2F94768D39-LeaderElection5
2022-07-21 19:37:11,063 [s2@group-3F2F94768D39-LeaderElection5-1] INFO  server.GrpcServerProtocolClient (GrpcServerProtocolClient.java:<init>(63)) - Build channel for s0
2022-07-21 19:37:11,076 [s2@group-3F2F94768D39-LeaderElection5] INFO  impl.LeaderElection (LeaderElection.java:logAndReturn(90)) - s2@group-3F2F94768D39-LeaderElection5: PRE_VOTE REJECTED received 0 response(s) and 0 exception(s):
2022-07-21 19:37:11,076 [s2@group-3F2F94768D39-LeaderElection5] INFO  impl.LeaderElection (LeaderElection.java:askForVotes(312)) - s2@group-3F2F94768D39-LeaderElection5 PRE_VOTE round 0: result REJECTED
2022-07-21 19:37:11,083 [s2@group-3F2F94768D39-LeaderElection5-2] INFO  server.GrpcServerProtocolClient (GrpcServerProtocolClient.java:<init>(63)) - Build channel for s1
2022-07-21 19:37:11,107 [grpc-default-executor-0] INFO  server.RaftServer$Division (RaftServerImpl.java:requestVote(1198)) - s0@group-3F2F94768D39: receive requestVote(PRE_VOTE, s2, group-3F2F94768D39, 1, (t:1, i:34))
2022-07-21 19:37:11,108 [grpc-default-executor-0] INFO  impl.VoteContext (VoteContext.java:log(48)) - s0@group-3F2F94768D39-LEADER: reject PRE_VOTE from s2: this server is the leader and still has leadership
2022-07-21 19:37:11,108 [grpc-default-executor-0] INFO  server.RaftServer$Division (RaftServerImpl.java:requestVote(1231)) - s0@group-3F2F94768D39 replies to PRE_VOTE vote request: s2<-s0#0:FAIL-t1. Peer's state: s0@group-3F2F94768D39:t1, leader=s0, voted=s0, raftlog=Memoized:s0@group-3F2F94768D39-SegmentedRaftLog:OPENED:c34, conf=0: peers:[s0|rpc:localhost:41459|admin:localhost:39355|client:localhost:35515|dataStream:localhost:32957|priority:0|startupRole:FOLLOWER, s1|rpc:localhost:42501|admin:localhost:40929|client:localhost:40437|dataStream:localhost:34203|priority:0|startupRole:FOLLOWER, s2|rpc:localhost:35871|admin:localhost:34483|client:localhost:43959|dataStream:localhost:39743|priority:0|startupRole:FOLLOWER]|listeners:[], old=null
2022-07-21 19:37:11,114 [s2-server-thread1] INFO  impl.RoleInfo (RoleInfo.java:updateAndGet(139)) - s2: start s2@group-3F2F94768D39-FollowerState
2022-07-21 19:37:11,127 [s2-server-thread1] INFO  server.RaftServer$Division (ServerState.java:setLeader(313)) - s2@group-3F2F94768D39: change Leader from null to s0 at term 1 for appendEntries, leader elected after 65ms
2022-07-21 19:37:11,135 [grpc-default-executor-1] INFO  server.RaftServer$Division (RaftServerImpl.java:requestVote(1198)) - s1@group-3F2F94768D39: receive requestVote(PRE_VOTE, s2, group-3F2F94768D39, 1, (t:1, i:34))
2022-07-21 19:37:11,136 [grpc-default-executor-1] INFO  impl.VoteContext (VoteContext.java:log(48)) - s1@group-3F2F94768D39-FOLLOWER: reject PRE_VOTE from s2: this server is a follower and still has a valid leader s0
2022-07-21 19:37:11,136 [grpc-default-executor-1] INFO  server.RaftServer$Division (RaftServerImpl.java:requestVote(1231)) - s1@group-3F2F94768D39 replies to PRE_VOTE vote request: s2<-s1#0:FAIL-t1. Peer's state: s1@group-3F2F94768D39:t1, leader=s0, voted=s0, raftlog=Memoized:s1@group-3F2F94768D39-SegmentedRaftLog:OPENED:c34, conf=0: peers:[s0|rpc:localhost:41459|admin:localhost:39355|client:localhost:35515|dataStream:localhost:32957|priority:0|startupRole:FOLLOWER, s1|rpc:localhost:42501|admin:localhost:40929|client:localhost:40437|dataStream:localhost:34203|priority:0|startupRole:FOLLOWER, s2|rpc:localhost:35871|admin:localhost:34483|client:localhost:43959|dataStream:localhost:39743|priority:0|startupRole:FOLLOWER]|listeners:[], old=null
2022-07-21 19:37:11,256 [pool-9-thread-14] INFO  datastream.DataStreamTestUtils (DataStreamTestUtils.java:writeAndCloseAndAssertReplies(320)) - Stream396: bytesWritten=3740570
2022-07-21 19:37:11,262 [s0-client-thread1] INFO  statemachine.StateMachine (DataStreamTestUtils.java:link(157)) - link SingleDataStream: writeRequest=RaftClientRequest:client-F05BDF1899E5->s2@group-3F2F94768D39, cid=396, seq=0, DataStream, Message:<EMPTY>, logEntry=null
2022-07-21 19:37:11,262 [Timer-2] INFO  impl.MiniRaftCluster (MiniRaftCluster.java:lambda$null$5(315)) - TIMED-PRINT: printing ALL groups
  s0:  RUNNING    LEADER s0@group-3F2F94768D39:t1, leader=s0, voted=s0, raftlog=Memoized:s0@group-3F2F94768D39-SegmentedRaftLog:OPENED:c34, conf=0: peers:[s0|rpc:localhost:41459|admin:localhost:39355|client:localhost:35515|dataStream:localhost:32957|priority:0|startupRole:FOLLOWER, s1|rpc:localhost:42501|admin:localhost:40929|client:localhost:40437|dataStream:localhost:34203|priority:0|startupRole:FOLLOWER, s2|rpc:localhost:35871|admin:localhost:34483|client:localhost:43959|dataStream:localhost:39743|priority:0|startupRole:FOLLOWER]|listeners:[], old=null RUNNING
  s1:  RUNNING  FOLLOWER s1@group-3F2F94768D39:t1, leader=s0, voted=s0, raftlog=Memoized:s1@group-3F2F94768D39-SegmentedRaftLog:OPENED:c34, conf=0: peers:[s0|rpc:localhost:41459|admin:localhost:39355|client:localhost:35515|dataStream:localhost:32957|priority:0|startupRole:FOLLOWER, s1|rpc:localhost:42501|admin:localhost:40929|client:localhost:40437|dataStream:localhost:34203|priority:0|startupRole:FOLLOWER, s2|rpc:localhost:35871|admin:localhost:34483|client:localhost:43959|dataStream:localhost:39743|priority:0|startupRole:FOLLOWER]|listeners:[], old=null RUNNING
  s2:  RUNNING  FOLLOWER s2@group-3F2F94768D39:t1, leader=s0, voted=s0, raftlog=Memoized:s2@group-3F2F94768D39-SegmentedRaftLog:OPENED:c34, conf=0: peers:[s0|rpc:localhost:41459|admin:localhost:39355|client:localhost:35515|dataStream:localhost:32957|priority:0|startupRole:FOLLOWER, s1|rpc:localhost:42501|admin:localhost:40929|client:localhost:40437|dataStream:localhost:34203|priority:0|startupRole:FOLLOWER, s2|rpc:localhost:35871|admin:localhost:34483|client:localhost:43959|dataStream:localhost:39743|priority:0|startupRole:FOLLOWER]|listeners:[], old=null RUNNING
2022-07-21 19:37:11,263 [s2-server-thread1] INFO  statemachine.StateMachine (DataStreamTestUtils.java:link(157)) - link SingleDataStream: writeRequest=RaftClientRequest:client-F05BDF1899E5->s2@group-3F2F94768D39, cid=396, seq=0, DataStream, Message:<EMPTY>, logEntry=null
2022-07-21 19:37:11,264 [s1-server-thread2] INFO  statemachine.StateMachine (DataStreamTestUtils.java:link(157)) - link SingleDataStream: writeRequest=RaftClientRequest:client-F05BDF1899E5->s2@group-3F2F94768D39, cid=396, seq=0, DataStream, Message:<EMPTY>, logEntry=null
2022-07-21 19:37:11,274 [pool-9-thread-14] INFO  datastream.DataStreamTestUtils (DataStreamTestUtils.java:writeAndCloseAndAssertReplies(311)) - start Stream404
2022-07-21 19:37:11,356 [pool-9-thread-6] INFO  datastream.DataStreamTestUtils (DataStreamTestUtils.java:writeAndCloseAndAssertReplies(320)) - Stream400: bytesWritten=3736689
2022-07-21 19:37:11,362 [s0-client-thread1] INFO  statemachine.StateMachine (DataStreamTestUtils.java:link(157)) - link SingleDataStream: writeRequest=RaftClientRequest:client-F05BDF1899E5->s2@group-3F2F94768D39, cid=400, seq=0, DataStream, Message:<EMPTY>, logEntry=null
2022-07-21 19:37:11,363 [s2-server-thread1] INFO  statemachine.StateMachine (DataStreamTestUtils.java:link(157)) - link SingleDataStream: writeRequest=RaftClientRequest:client-F05BDF1899E5->s2@group-3F2F94768D39, cid=400, seq=0, DataStream, Message:<EMPTY>, logEntry=null
2022-07-21 19:37:11,363 [s1-server-thread2] INFO  statemachine.StateMachine (DataStreamTestUtils.java:link(157)) - link SingleDataStream: writeRequest=RaftClientRequest:client-F05BDF1899E5->s2@group-3F2F94768D39, cid=400, seq=0, DataStream, Message:<EMPTY>, logEntry=null
2022-07-21 19:37:11,394 [pool-9-thread-6] INFO  datastream.DataStreamTestUtils (DataStreamTestUtils.java:writeAndCloseAndAssertReplies(311)) - start Stream405
2022-07-21 19:37:11,439 [pool-9-thread-15] INFO  datastream.DataStreamTestUtils (DataStreamTestUtils.java:writeAndCloseAndAssertReplies(320)) - Stream399: bytesWritten=3752559
2022-07-21 19:37:11,449 [s0-client-thread1] INFO  statemachine.StateMachine (DataStreamTestUtils.java:link(157)) - link SingleDataStream: writeRequest=RaftClientRequest:client-F05BDF1899E5->s2@group-3F2F94768D39, cid=399, seq=0, DataStream, Message:<EMPTY>, logEntry=null
2022-07-21 19:37:11,452 [s2-server-thread1] INFO  statemachine.StateMachine (DataStreamTestUtils.java:link(157)) - link SingleDataStream: writeRequest=RaftClientRequest:client-F05BDF1899E5->s2@group-3F2F94768D39, cid=399, seq=0, DataStream, Message:<EMPTY>, logEntry=null
2022-07-21 19:37:11,453 [s1-server-thread2] INFO  statemachine.StateMachine (DataStreamTestUtils.java:link(157)) - link SingleDataStream: writeRequest=RaftClientRequest:client-F05BDF1899E5->s2@group-3F2F94768D39, cid=399, seq=0, DataStream, Message:<EMPTY>, logEntry=null
2022-07-21 19:37:11,485 [pool-9-thread-10] INFO  datastream.DataStreamTestUtils (DataStreamTestUtils.java:writeAndCloseAndAssertReplies(320)) - Stream395: bytesWritten=3754459
2022-07-21 19:37:11,488 [pool-9-thread-15] INFO  datastream.DataStreamTestUtils (DataStreamTestUtils.java:writeAndCloseAndAssertReplies(311)) - start Stream406
2022-07-21 19:37:11,490 [pool-9-thread-11] INFO  datastream.DataStreamTestUtils (DataStreamTestUtils.java:writeAndCloseAndAssertReplies(320)) - Stream398: bytesWritten=3742047
2022-07-21 19:37:11,491 [s0-client-thread1] INFO  statemachine.StateMachine (DataStreamTestUtils.java:link(157)) - link SingleDataStream: writeRequest=RaftClientRequest:client-F05BDF1899E5->s2@group-3F2F94768D39, cid=395, seq=0, DataStream, Message:<EMPTY>, logEntry=null
2022-07-21 19:37:11,492 [s2-server-thread1] INFO  statemachine.StateMachine (DataStreamTestUtils.java:link(157)) - link SingleDataStream: writeRequest=RaftClientRequest:client-F05BDF1899E5->s2@group-3F2F94768D39, cid=395, seq=0, DataStream, Message:<EMPTY>, logEntry=null
2022-07-21 19:37:11,492 [s1-server-thread2] INFO  statemachine.StateMachine (DataStreamTestUtils.java:link(157)) - link SingleDataStream: writeRequest=RaftClientRequest:client-F05BDF1899E5->s2@group-3F2F94768D39, cid=395, seq=0, DataStream, Message:<EMPTY>, logEntry=null
2022-07-21 19:37:11,496 [s0-client-thread1] INFO  statemachine.StateMachine (DataStreamTestUtils.java:link(157)) - link SingleDataStream: writeRequest=RaftClientRequest:client-F05BDF1899E5->s2@group-3F2F94768D39, cid=398, seq=0, DataStream, Message:<EMPTY>, logEntry=null
2022-07-21 19:37:11,497 [s2-server-thread1] INFO  statemachine.StateMachine (DataStreamTestUtils.java:link(157)) - link SingleDataStream: writeRequest=RaftClientRequest:client-F05BDF1899E5->s2@group-3F2F94768D39, cid=398, seq=0, DataStream, Message:<EMPTY>, logEntry=null
2022-07-21 19:37:11,497 [s1-server-thread2] INFO  statemachine.StateMachine (DataStreamTestUtils.java:link(157)) - link SingleDataStream: writeRequest=RaftClientRequest:client-F05BDF1899E5->s2@group-3F2F94768D39, cid=398, seq=0, DataStream, Message:<EMPTY>, logEntry=null
2022-07-21 19:37:11,528 [pool-9-thread-10] INFO  datastream.DataStreamTestUtils (DataStreamTestUtils.java:writeAndCloseAndAssertReplies(311)) - start Stream407
2022-07-21 19:37:11,529 [pool-9-thread-11] INFO  datastream.DataStreamTestUtils (DataStreamTestUtils.java:writeAndCloseAndAssertReplies(311)) - start Stream408
2022-07-21 19:37:11,606 [pool-9-thread-13] INFO  datastream.DataStreamTestUtils (DataStreamTestUtils.java:writeAndCloseAndAssertReplies(320)) - Stream397: bytesWritten=3762339
2022-07-21 19:37:11,611 [s0-client-thread1] INFO  statemachine.StateMachine (DataStreamTestUtils.java:link(157)) - link SingleDataStream: writeRequest=RaftClientRequest:client-F05BDF1899E5->s2@group-3F2F94768D39, cid=397, seq=0, DataStream, Message:<EMPTY>, logEntry=null
2022-07-21 19:37:11,612 [s2-server-thread1] INFO  statemachine.StateMachine (DataStreamTestUtils.java:link(157)) - link SingleDataStream: writeRequest=RaftClientRequest:client-F05BDF1899E5->s2@group-3F2F94768D39, cid=397, seq=0, DataStream, Message:<EMPTY>, logEntry=null
2022-07-21 19:37:11,612 [s1-server-thread2] INFO  statemachine.StateMachine (DataStreamTestUtils.java:link(157)) - link SingleDataStream: writeRequest=RaftClientRequest:client-F05BDF1899E5->s2@group-3F2F94768D39, cid=397, seq=0, DataStream, Message:<EMPTY>, logEntry=null
2022-07-21 19:37:11,629 [pool-9-thread-13] INFO  datastream.DataStreamTestUtils (DataStreamTestUtils.java:writeAndCloseAndAssertReplies(311)) - start Stream409
2022-07-21 19:37:13,578 [s1@group-3F2F94768D39-FollowerState] INFO  impl.FollowerState (FollowerState.java:run(143)) - s1@group-3F2F94768D39-FollowerState: change to CANDIDATE, lastRpcElapsedTime:244314329ns, electionTimeout:195ms
2022-07-21 19:37:13,578 [s1@group-3F2F94768D39-FollowerState] INFO  impl.RoleInfo (RoleInfo.java:shutdownFollowerState(110)) - s1: shutdown s1@group-3F2F94768D39-FollowerState
2022-07-21 19:37:13,579 [s1@group-3F2F94768D39-FollowerState] INFO  server.RaftServer$Division (RaftServerImpl.java:setRole(301)) - s1@group-3F2F94768D39: changes role from  FOLLOWER to CANDIDATE at term 1 for changeToCandidate
2022-07-21 19:37:13,579 [s1@group-3F2F94768D39-FollowerState] INFO  server.RaftServerConfigKeys (ConfUtils.java:logGet(46)) - raft.server.leaderelection.pre-vote = true (default)
2022-07-21 19:37:13,579 [s1@group-3F2F94768D39-FollowerState] INFO  impl.RoleInfo (RoleInfo.java:updateAndGet(139)) - s1: start s1@group-3F2F94768D39-LeaderElection6
2022-07-21 19:37:13,585 [s1-server-thread2] INFO  server.RaftServer$Division (RaftServerImpl.java:setRole(301)) - s1@group-3F2F94768D39: changes role from CANDIDATE to FOLLOWER at term 1 for appendEntries
2022-07-21 19:37:13,585 [s1-server-thread2] INFO  impl.RoleInfo (RoleInfo.java:shutdownLeaderElection(130)) - s1: shutdown s1@group-3F2F94768D39-LeaderElection6
2022-07-21 19:37:13,618 [s1@group-3F2F94768D39-LeaderElection6] INFO  impl.LeaderElection (LeaderElection.java:run(231)) - s1@group-3F2F94768D39-LeaderElection6: skip running since this is already CLOSING
2022-07-21 19:37:13,627 [s1-server-thread2] INFO  impl.RoleInfo (RoleInfo.java:updateAndGet(139)) - s1: start s1@group-3F2F94768D39-FollowerState
2022-07-21 19:37:16,677 [org.apache.ratis.util.JvmPauseMonitor$$Lambda$279/2133923994@18e5eed3] WARN  util.JvmPauseMonitor (JvmPauseMonitor.java:detectPause(124)) - JvmPauseMonitor-s0: Detected pause in JVM or host machine (eg GC): pause of approximately 590188145ns.
GC pool 'PS MarkSweep' had collection(s): count=1 time=740ms
GC pool 'PS Scavenge' had collection(s): count=1 time=149ms
2022-07-21 19:37:16,677 [org.apache.ratis.util.JvmPauseMonitor$$Lambda$279/2133923994@6651e685] WARN  util.JvmPauseMonitor (JvmPauseMonitor.java:detectPause(124)) - JvmPauseMonitor-s2: Detected pause in JVM or host machine (eg GC): pause of approximately 590498940ns.
GC pool 'PS MarkSweep' had collection(s): count=1 time=740ms
GC pool 'PS Scavenge' had collection(s): count=1 time=149ms
2022-07-21 19:37:16,677 [org.apache.ratis.util.JvmPauseMonitor$$Lambda$279/2133923994@fac9096] WARN  util.JvmPauseMonitor (JvmPauseMonitor.java:detectPause(124)) - JvmPauseMonitor-s1: Detected pause in JVM or host machine (eg GC): pause of approximately 590556639ns.
GC pool 'PS MarkSweep' had collection(s): count=1 time=740ms
GC pool 'PS Scavenge' had collection(s): count=1 time=149ms
2022-07-21 19:37:16,677 [s2@group-3F2F94768D39-FollowerState] WARN  impl.FollowerState (FollowerState.java:run(130)) - Unexpected long sleep: sleep 277ms but took extra 625619434ns (> threshold = 300ms)
2022-07-21 19:37:16,678 [s0@group-3F2F94768D39-LeaderStateImpl] WARN  server.RaftServer$Division (LeaderStateImpl.java:checkLeadership(1020)) - s0@group-3F2F94768D39-LeaderStateImpl: Lost leadership on term: 1. Election timeout: 300ms. In charge for: 25312ms. Conf: 0: peers:[s0|rpc:localhost:41459|admin:localhost:39355|client:localhost:35515|dataStream:localhost:32957|priority:0|startupRole:FOLLOWER, s1|rpc:localhost:42501|admin:localhost:40929|client:localhost:40437|dataStream:localhost:34203|priority:0|startupRole:FOLLOWER, s2|rpc:localhost:35871|admin:localhost:34483|client:localhost:43959|dataStream:localhost:39743|priority:0|startupRole:FOLLOWER]|listeners:[], old=null
2022-07-21 19:37:16,678 [s0@group-3F2F94768D39-LeaderStateImpl] WARN  server.RaftServer$Division (LeaderStateImpl.java:lambda$checkLeadership$17(1024)) - Follower s0@group-3F2F94768D39->s1(c46,m46,n47, attendVote=true, lastRpcSendTime=925, lastRpcResponseTime=899)
2022-07-21 19:37:16,679 [s0@group-3F2F94768D39-LeaderStateImpl] WARN  server.RaftServer$Division (LeaderStateImpl.java:lambda$checkLeadership$17(1024)) - Follower s0@group-3F2F94768D39->s2(c46,m46,n47, attendVote=true, lastRpcSendTime=958, lastRpcResponseTime=957)
2022-07-21 19:37:16,679 [s0@group-3F2F94768D39-LeaderStateImpl] INFO  server.RaftServer$Division (RaftServerImpl.java:setRole(301)) - s0@group-3F2F94768D39: changes role from    LEADER to FOLLOWER at term 1 for StepDownReason:LOST_MAJORITY_HEARTBEATS
2022-07-21 19:37:16,679 [s0@group-3F2F94768D39-LeaderStateImpl] INFO  impl.RoleInfo (RoleInfo.java:shutdownLeaderState(93)) - s0: shutdown s0@group-3F2F94768D39-LeaderStateImpl
2022-07-21 19:37:16,679 [s0@group-3F2F94768D39-LeaderStateImpl] INFO  impl.PendingRequests (PendingRequests.java:sendNotLeaderResponses(282)) - s0@group-3F2F94768D39-PendingRequests: sendNotLeaderResponses
2022-07-21 19:37:16,679 [s1@group-3F2F94768D39-FollowerState] WARN  impl.FollowerState (FollowerState.java:run(130)) - Unexpected long sleep: sleep 259ms but took extra 824436945ns (> threshold = 300ms)
2022-07-21 19:37:16,680 [s0@group-3F2F94768D39->s2-GrpcLogAppender-LogAppenderDaemon] WARN  server.GrpcLogAppender (GrpcLogAppender.java:mayWait(183)) - s0@group-3F2F94768D39->s2-GrpcLogAppender: Wait interrupted by java.lang.InterruptedException
2022-07-21 19:37:16,680 [grpc-default-executor-12] INFO  server.GrpcServerProtocolService (GrpcServerProtocolService.java:onCompleted(145)) - s2: Completed APPEND_ENTRIES, lastRequest: null
2022-07-21 19:37:16,683 [grpc-default-executor-1] INFO  server.GrpcServerProtocolService (GrpcServerProtocolService.java:onCompleted(145)) - s2: Completed APPEND_ENTRIES, lastRequest: s0->s2#427-t1,previous=(t:1, i:45),leaderCommit=45,initializing? true,entries: size=1, first=(t:1, i:46), METADATAENTRY(c:45)
2022-07-21 19:37:16,684 [s0@group-3F2F94768D39->s1-GrpcLogAppender-LogAppenderDaemon] WARN  server.GrpcLogAppender (GrpcLogAppender.java:mayWait(183)) - s0@group-3F2F94768D39->s1-GrpcLogAppender: Wait interrupted by java.lang.InterruptedException
2022-07-21 19:37:16,685 [grpc-default-executor-5] INFO  server.GrpcLogAppender (GrpcLogAppender.java:onCompleted(386)) - s0@group-3F2F94768D39->s2-AppendLogResponseHandler: follower responses appendEntries COMPLETED
2022-07-21 19:37:16,685 [grpc-default-executor-5] INFO  leader.FollowerInfo (FollowerInfoImpl.java:lambda$new$0(48)) - s0@group-3F2F94768D39->s2: nextIndex: updateUnconditionally 47 -> 46
2022-07-21 19:37:16,687 [grpc-default-executor-0] INFO  server.GrpcServerProtocolService (GrpcServerProtocolService.java:onCompleted(145)) - s1: Completed APPEND_ENTRIES, lastRequest: s0->s1#450-t1,previous=(t:1, i:45),leaderCommit=45,initializing? true,entries: size=1, first=(t:1, i:46), METADATAENTRY(c:45)
2022-07-21 19:37:16,687 [grpc-default-executor-4] INFO  server.GrpcServerProtocolService (GrpcServerProtocolService.java:onCompleted(145)) - s1: Completed APPEND_ENTRIES, lastRequest: null
2022-07-21 19:37:16,688 [grpc-default-executor-5] INFO  server.GrpcLogAppender (GrpcLogAppender.java:onCompleted(386)) - s0@group-3F2F94768D39->s2-AppendLogResponseHandler: follower responses appendEntries COMPLETED
2022-07-21 19:37:16,689 [grpc-default-executor-5] INFO  leader.FollowerInfo (FollowerInfoImpl.java:lambda$new$0(48)) - s0@group-3F2F94768D39->s2: nextIndex: updateUnconditionally 46 -> 45
2022-07-21 19:37:16,704 [grpc-default-executor-4] INFO  server.GrpcLogAppender (GrpcLogAppender.java:onCompleted(386)) - s0@group-3F2F94768D39->s1-AppendLogResponseHandler: follower responses appendEntries COMPLETED
2022-07-21 19:37:16,704 [grpc-default-executor-4] INFO  leader.FollowerInfo (FollowerInfoImpl.java:lambda$new$0(48)) - s0@group-3F2F94768D39->s1: nextIndex: updateUnconditionally 47 -> 46
2022-07-21 19:37:16,715 [grpc-default-executor-12] INFO  server.GrpcLogAppender (GrpcLogAppender.java:onCompleted(386)) - s0@group-3F2F94768D39->s1-AppendLogResponseHandler: follower responses appendEntries COMPLETED
2022-07-21 19:37:16,715 [grpc-default-executor-12] INFO  leader.FollowerInfo (FollowerInfoImpl.java:lambda$new$0(48)) - s0@group-3F2F94768D39->s1: nextIndex: updateUnconditionally 46 -> 45
2022-07-21 19:37:16,722 [s0@group-3F2F94768D39-LeaderStateImpl] INFO  impl.RoleInfo (RoleInfo.java:updateAndGet(139)) - s0: start s0@group-3F2F94768D39-FollowerState
2022-07-21 19:37:16,939 [s0@group-3F2F94768D39-FollowerState] INFO  impl.FollowerState (FollowerState.java:lostMajorityHeartbeatsRecently(108)) - s0@group-3F2F94768D39-FollowerState: Skipping leader election since it stepped down recently (elapsed = 216ms < waitTime = 10s)
2022-07-21 19:37:16,946 [s1@group-3F2F94768D39-FollowerState] INFO  impl.FollowerState (FollowerState.java:run(143)) - s1@group-3F2F94768D39-FollowerState: change to CANDIDATE, lastRpcElapsedTime:1167444118ns, electionTimeout:266ms
2022-07-21 19:37:16,946 [s1@group-3F2F94768D39-FollowerState] INFO  impl.RoleInfo (RoleInfo.java:shutdownFollowerState(110)) - s1: shutdown s1@group-3F2F94768D39-FollowerState
2022-07-21 19:37:16,946 [s1@group-3F2F94768D39-FollowerState] INFO  server.RaftServer$Division (RaftServerImpl.java:setRole(301)) - s1@group-3F2F94768D39: changes role from  FOLLOWER to CANDIDATE at term 1 for changeToCandidate
2022-07-21 19:37:16,946 [s1@group-3F2F94768D39-FollowerState] INFO  server.RaftServerConfigKeys (ConfUtils.java:logGet(46)) - raft.server.leaderelection.pre-vote = true (default)
2022-07-21 19:37:16,946 [s1@group-3F2F94768D39-FollowerState] INFO  impl.RoleInfo (RoleInfo.java:updateAndGet(139)) - s1: start s1@group-3F2F94768D39-LeaderElection7
2022-07-21 19:37:16,952 [s1@group-3F2F94768D39-LeaderElection7] INFO  server.RaftServer$Division (ServerState.java:setLeader(313)) - s1@group-3F2F94768D39: change Leader from s0 to null at term 1 for PRE_VOTE
2022-07-21 19:37:16,953 [s1@group-3F2F94768D39-LeaderElection7] INFO  impl.LeaderElection (LeaderElection.java:askForVotes(310)) - s1@group-3F2F94768D39-LeaderElection7 PRE_VOTE round 0: submit vote requests at term 1 for 0: peers:[s0|rpc:localhost:41459|admin:localhost:39355|client:localhost:35515|dataStream:localhost:32957|priority:0|startupRole:FOLLOWER, s1|rpc:localhost:42501|admin:localhost:40929|client:localhost:40437|dataStream:localhost:34203|priority:0|startupRole:FOLLOWER, s2|rpc:localhost:35871|admin:localhost:34483|client:localhost:43959|dataStream:localhost:39743|priority:0|startupRole:FOLLOWER]|listeners:[], old=null
2022-07-21 19:37:16,955 [s1@group-3F2F94768D39-LeaderElection7-1] INFO  server.GrpcServerProtocolClient (GrpcServerProtocolClient.java:<init>(63)) - Build channel for s0
2022-07-21 19:37:16,969 [s1@group-3F2F94768D39-LeaderElection7-2] INFO  server.GrpcServerProtocolClient (GrpcServerProtocolClient.java:<init>(63)) - Build channel for s2
2022-07-21 19:37:16,969 [s2@group-3F2F94768D39-FollowerState] INFO  impl.FollowerState (FollowerState.java:run(143)) - s2@group-3F2F94768D39-FollowerState: change to CANDIDATE, lastRpcElapsedTime:1248651812ns, electionTimeout:280ms
2022-07-21 19:37:16,981 [s2@group-3F2F94768D39-FollowerState] INFO  impl.RoleInfo (RoleInfo.java:shutdownFollowerState(110)) - s2: shutdown s2@group-3F2F94768D39-FollowerState
2022-07-21 19:37:16,981 [s2@group-3F2F94768D39-FollowerState] INFO  server.RaftServer$Division (RaftServerImpl.java:setRole(301)) - s2@group-3F2F94768D39: changes role from  FOLLOWER to CANDIDATE at term 1 for changeToCandidate
2022-07-21 19:37:16,981 [s2@group-3F2F94768D39-FollowerState] INFO  server.RaftServerConfigKeys (ConfUtils.java:logGet(46)) - raft.server.leaderelection.pre-vote = true (default)
2022-07-21 19:37:16,982 [s2@group-3F2F94768D39-FollowerState] INFO  impl.RoleInfo (RoleInfo.java:updateAndGet(139)) - s2: start s2@group-3F2F94768D39-LeaderElection8
2022-07-21 19:37:16,983 [grpc-default-executor-4] INFO  server.RaftServer$Division (RaftServerImpl.java:requestVote(1198)) - s0@group-3F2F94768D39: receive requestVote(PRE_VOTE, s1, group-3F2F94768D39, 1, (t:1, i:46))
2022-07-21 19:37:16,983 [grpc-default-executor-4] INFO  impl.VoteContext (VoteContext.java:log(48)) - s0@group-3F2F94768D39-FOLLOWER: accept PRE_VOTE from s1: our priority 0 <= candidate's priority 0
2022-07-21 19:37:16,983 [grpc-default-executor-4] INFO  server.RaftServer$Division (RaftServerImpl.java:requestVote(1231)) - s0@group-3F2F94768D39 replies to PRE_VOTE vote request: s1<-s0#0:OK-t1. Peer's state: s0@group-3F2F94768D39:t1, leader=s0, voted=s0, raftlog=Memoized:s0@group-3F2F94768D39-SegmentedRaftLog:OPENED:c46, conf=0: peers:[s0|rpc:localhost:41459|admin:localhost:39355|client:localhost:35515|dataStream:localhost:32957|priority:0|startupRole:FOLLOWER, s1|rpc:localhost:42501|admin:localhost:40929|client:localhost:40437|dataStream:localhost:34203|priority:0|startupRole:FOLLOWER, s2|rpc:localhost:35871|admin:localhost:34483|client:localhost:43959|dataStream:localhost:39743|priority:0|startupRole:FOLLOWER]|listeners:[], old=null
2022-07-21 19:37:16,989 [s1@group-3F2F94768D39-LeaderElection7] INFO  impl.LeaderElection (LeaderElection.java:logAndReturn(90)) - s1@group-3F2F94768D39-LeaderElection7: PRE_VOTE PASSED received 1 response(s) and 0 exception(s):
2022-07-21 19:37:16,989 [s1@group-3F2F94768D39-LeaderElection7] INFO  impl.LeaderElection (LeaderElection.java:logAndReturn(94)) -   Response 0: s1<-s0#0:OK-t1
2022-07-21 19:37:16,989 [s1@group-3F2F94768D39-LeaderElection7] INFO  impl.LeaderElection (LeaderElection.java:askForVotes(312)) - s1@group-3F2F94768D39-LeaderElection7 PRE_VOTE round 0: result PASSED
2022-07-21 19:37:16,998 [s1@group-3F2F94768D39-LeaderElection7] INFO  impl.LeaderElection (LeaderElection.java:askForVotes(310)) - s1@group-3F2F94768D39-LeaderElection7 ELECTION round 0: submit vote requests at term 2 for 0: peers:[s0|rpc:localhost:41459|admin:localhost:39355|client:localhost:35515|dataStream:localhost:32957|priority:0|startupRole:FOLLOWER, s1|rpc:localhost:42501|admin:localhost:40929|client:localhost:40437|dataStream:localhost:34203|priority:0|startupRole:FOLLOWER, s2|rpc:localhost:35871|admin:localhost:34483|client:localhost:43959|dataStream:localhost:39743|priority:0|startupRole:FOLLOWER]|listeners:[], old=null
2022-07-21 19:37:16,998 [s2@group-3F2F94768D39-LeaderElection8] INFO  server.RaftServer$Division (ServerState.java:setLeader(313)) - s2@group-3F2F94768D39: change Leader from s0 to null at term 1 for PRE_VOTE
2022-07-21 19:37:17,001 [s2@group-3F2F94768D39-LeaderElection8] INFO  impl.LeaderElection (LeaderElection.java:askForVotes(310)) - s2@group-3F2F94768D39-LeaderElection8 PRE_VOTE round 0: submit vote requests at term 1 for 0: peers:[s0|rpc:localhost:41459|admin:localhost:39355|client:localhost:35515|dataStream:localhost:32957|priority:0|startupRole:FOLLOWER, s1|rpc:localhost:42501|admin:localhost:40929|client:localhost:40437|dataStream:localhost:34203|priority:0|startupRole:FOLLOWER, s2|rpc:localhost:35871|admin:localhost:34483|client:localhost:43959|dataStream:localhost:39743|priority:0|startupRole:FOLLOWER]|listeners:[], old=null
2022-07-21 19:37:17,073 [grpc-default-executor-4] INFO  server.RaftServer$Division (RaftServerImpl.java:requestVote(1198)) - s0@group-3F2F94768D39: receive requestVote(ELECTION, s1, group-3F2F94768D39, 2, (t:1, i:46))
2022-07-21 19:37:17,073 [grpc-default-executor-4] INFO  impl.VoteContext (VoteContext.java:log(48)) - s0@group-3F2F94768D39-FOLLOWER: accept ELECTION from s1: our priority 0 <= candidate's priority 0
2022-07-21 19:37:17,073 [grpc-default-executor-4] INFO  server.RaftServer$Division (ServerState.java:setLeader(313)) - s0@group-3F2F94768D39: change Leader from s0 to null at term 2 for updateCurrentTerm
2022-07-21 19:37:17,073 [grpc-default-executor-4] INFO  server.RaftServer$Division (RaftServerImpl.java:setRole(301)) - s0@group-3F2F94768D39: changes role from  FOLLOWER to FOLLOWER at term 2 for candidate:s1
2022-07-21 19:37:17,073 [grpc-default-executor-4] INFO  impl.RoleInfo (RoleInfo.java:shutdownFollowerState(110)) - s0: shutdown s0@group-3F2F94768D39-FollowerState
2022-07-21 19:37:17,076 [grpc-default-executor-1] INFO  server.RaftServer$Division (RaftServerImpl.java:requestVote(1198)) - s1@group-3F2F94768D39: receive requestVote(PRE_VOTE, s2, group-3F2F94768D39, 1, (t:1, i:46))
2022-07-21 19:37:17,076 [grpc-default-executor-1] INFO  impl.VoteContext (VoteContext.java:log(48)) - s1@group-3F2F94768D39-CANDIDATE: accept PRE_VOTE from s2: our priority 0 <= candidate's priority 0
2022-07-21 19:37:17,077 [grpc-default-executor-1] INFO  server.RaftServer$Division (RaftServerImpl.java:requestVote(1231)) - s1@group-3F2F94768D39 replies to PRE_VOTE vote request: s2<-s1#0:OK-t2. Peer's state: s1@group-3F2F94768D39:t2, leader=null, voted=s1, raftlog=Memoized:s1@group-3F2F94768D39-SegmentedRaftLog:OPENED:c46, conf=0: peers:[s0|rpc:localhost:41459|admin:localhost:39355|client:localhost:35515|dataStream:localhost:32957|priority:0|startupRole:FOLLOWER, s1|rpc:localhost:42501|admin:localhost:40929|client:localhost:40437|dataStream:localhost:34203|priority:0|startupRole:FOLLOWER, s2|rpc:localhost:35871|admin:localhost:34483|client:localhost:43959|dataStream:localhost:39743|priority:0|startupRole:FOLLOWER]|listeners:[], old=null
2022-07-21 19:37:17,077 [grpc-default-executor-12] INFO  server.RaftServer$Division (RaftServerImpl.java:requestVote(1198)) - s2@group-3F2F94768D39: receive requestVote(PRE_VOTE, s1, group-3F2F94768D39, 1, (t:1, i:46))
2022-07-21 19:37:17,077 [grpc-default-executor-12] INFO  impl.VoteContext (VoteContext.java:log(48)) - s2@group-3F2F94768D39-CANDIDATE: accept PRE_VOTE from s1: our priority 0 <= candidate's priority 0
2022-07-21 19:37:17,077 [grpc-default-executor-12] INFO  server.RaftServer$Division (RaftServerImpl.java:requestVote(1231)) - s2@group-3F2F94768D39 replies to PRE_VOTE vote request: s1<-s2#0:OK-t1. Peer's state: s2@group-3F2F94768D39:t1, leader=null, voted=s0, raftlog=Memoized:s2@group-3F2F94768D39-SegmentedRaftLog:OPENED:c46, conf=0: peers:[s0|rpc:localhost:41459|admin:localhost:39355|client:localhost:35515|dataStream:localhost:32957|priority:0|startupRole:FOLLOWER, s1|rpc:localhost:42501|admin:localhost:40929|client:localhost:40437|dataStream:localhost:34203|priority:0|startupRole:FOLLOWER, s2|rpc:localhost:35871|admin:localhost:34483|client:localhost:43959|dataStream:localhost:39743|priority:0|startupRole:FOLLOWER]|listeners:[], old=null
2022-07-21 19:37:17,091 [grpc-default-executor-4] INFO  impl.RoleInfo (RoleInfo.java:updateAndGet(139)) - s0: start s0@group-3F2F94768D39-FollowerState
2022-07-21 19:37:17,091 [s0@group-3F2F94768D39-FollowerState] INFO  impl.FollowerState (FollowerState.java:run(152)) - s0@group-3F2F94768D39-FollowerState was interrupted
2022-07-21 19:37:17,137 [s2@group-3F2F94768D39-LeaderElection8] INFO  impl.LeaderElection (LeaderElection.java:logAndReturn(90)) - s2@group-3F2F94768D39-LeaderElection8: PRE_VOTE DISCOVERED_A_NEW_TERM (term=2) received 1 response(s) and 0 exception(s):
2022-07-21 19:37:17,137 [s2@group-3F2F94768D39-LeaderElection8] INFO  impl.LeaderElection (LeaderElection.java:logAndReturn(94)) -   Response 0: s2<-s1#0:OK-t2
2022-07-21 19:37:17,137 [s2@group-3F2F94768D39-LeaderElection8] INFO  impl.LeaderElection (LeaderElection.java:askForVotes(312)) - s2@group-3F2F94768D39-LeaderElection8 PRE_VOTE round 0: result DISCOVERED_A_NEW_TERM (term=2)
2022-07-21 19:37:17,137 [s2@group-3F2F94768D39-LeaderElection8] INFO  server.RaftServer$Division (RaftServerImpl.java:setRole(301)) - s2@group-3F2F94768D39: changes role from CANDIDATE to FOLLOWER at term 2 for DISCOVERED_A_NEW_TERM (term=2)
2022-07-21 19:37:17,137 [s2@group-3F2F94768D39-LeaderElection8] INFO  impl.RoleInfo (RoleInfo.java:shutdownLeaderElection(130)) - s2: shutdown s2@group-3F2F94768D39-LeaderElection8
2022-07-21 19:37:17,137 [s2@group-3F2F94768D39-LeaderElection8] INFO  impl.RoleInfo (RoleInfo.java:updateAndGet(139)) - s2: start s2@group-3F2F94768D39-FollowerState
2022-07-21 19:37:17,140 [grpc-default-executor-4] INFO  server.RaftServer$Division (RaftServerImpl.java:requestVote(1231)) - s0@group-3F2F94768D39 replies to ELECTION vote request: s1<-s0#0:OK-t2. Peer's state: s0@group-3F2F94768D39:t2, leader=null, voted=s1, raftlog=Memoized:s0@group-3F2F94768D39-SegmentedRaftLog:OPENED:c46, conf=0: peers:[s0|rpc:localhost:41459|admin:localhost:39355|client:localhost:35515|dataStream:localhost:32957|priority:0|startupRole:FOLLOWER, s1|rpc:localhost:42501|admin:localhost:40929|client:localhost:40437|dataStream:localhost:34203|priority:0|startupRole:FOLLOWER, s2|rpc:localhost:35871|admin:localhost:34483|client:localhost:43959|dataStream:localhost:39743|priority:0|startupRole:FOLLOWER]|listeners:[], old=null
2022-07-21 19:37:17,151 [grpc-default-executor-5] INFO  server.RaftServer$Division (RaftServerImpl.java:requestVote(1198)) - s0@group-3F2F94768D39: receive requestVote(PRE_VOTE, s2, group-3F2F94768D39, 1, (t:1, i:46))
2022-07-21 19:37:17,151 [grpc-default-executor-5] INFO  impl.VoteContext (VoteContext.java:log(48)) - s0@group-3F2F94768D39-FOLLOWER: accept PRE_VOTE from s2: our priority 0 <= candidate's priority 0
2022-07-21 19:37:17,152 [grpc-default-executor-5] INFO  server.RaftServer$Division (RaftServerImpl.java:requestVote(1231)) - s0@group-3F2F94768D39 replies to PRE_VOTE vote request: s2<-s0#0:OK-t2. Peer's state: s0@group-3F2F94768D39:t2, leader=null, voted=s1, raftlog=Memoized:s0@group-3F2F94768D39-SegmentedRaftLog:OPENED:c46, conf=0: peers:[s0|rpc:localhost:41459|admin:localhost:39355|client:localhost:35515|dataStream:localhost:32957|priority:0|startupRole:FOLLOWER, s1|rpc:localhost:42501|admin:localhost:40929|client:localhost:40437|dataStream:localhost:34203|priority:0|startupRole:FOLLOWER, s2|rpc:localhost:35871|admin:localhost:34483|client:localhost:43959|dataStream:localhost:39743|priority:0|startupRole:FOLLOWER]|listeners:[], old=null
2022-07-21 19:37:17,152 [grpc-default-executor-12] INFO  server.RaftServer$Division (RaftServerImpl.java:requestVote(1198)) - s2@group-3F2F94768D39: receive requestVote(ELECTION, s1, group-3F2F94768D39, 2, (t:1, i:46))
2022-07-21 19:37:17,152 [grpc-default-executor-12] INFO  impl.VoteContext (VoteContext.java:log(48)) - s2@group-3F2F94768D39-FOLLOWER: accept ELECTION from s1: our priority 0 <= candidate's priority 0
2022-07-21 19:37:17,152 [grpc-default-executor-12] INFO  server.RaftServer$Division (RaftServerImpl.java:setRole(301)) - s2@group-3F2F94768D39: changes role from  FOLLOWER to FOLLOWER at term 2 for candidate:s1
2022-07-21 19:37:17,152 [grpc-default-executor-12] INFO  impl.RoleInfo (RoleInfo.java:shutdownFollowerState(110)) - s2: shutdown s2@group-3F2F94768D39-FollowerState
2022-07-21 19:37:17,152 [grpc-default-executor-12] INFO  impl.RoleInfo (RoleInfo.java:updateAndGet(139)) - s2: start s2@group-3F2F94768D39-FollowerState
2022-07-21 19:37:17,152 [s1@group-3F2F94768D39-LeaderElection7] INFO  impl.LeaderElection (LeaderElection.java:logAndReturn(90)) - s1@group-3F2F94768D39-LeaderElection7: ELECTION PASSED received 1 response(s) and 0 exception(s):
2022-07-21 19:37:17,153 [s1@group-3F2F94768D39-LeaderElection7] INFO  impl.LeaderElection (LeaderElection.java:logAndReturn(94)) -   Response 0: s1<-s0#0:OK-t2
2022-07-21 19:37:17,153 [s1@group-3F2F94768D39-LeaderElection7] INFO  impl.LeaderElection (LeaderElection.java:askForVotes(312)) - s1@group-3F2F94768D39-LeaderElection7 ELECTION round 0: result PASSED
2022-07-21 19:37:17,153 [s1@group-3F2F94768D39-LeaderElection7] INFO  impl.RoleInfo (RoleInfo.java:shutdownLeaderElection(130)) - s1: shutdown s1@group-3F2F94768D39-LeaderElection7
2022-07-21 19:37:17,153 [s1@group-3F2F94768D39-LeaderElection7] INFO  server.RaftServer$Division (RaftServerImpl.java:setRole(301)) - s1@group-3F2F94768D39: changes role from CANDIDATE to LEADER at term 2 for changeToLeader
2022-07-21 19:37:17,153 [s1@group-3F2F94768D39-LeaderElection7] INFO  server.RaftServer$Division (ServerState.java:setLeader(313)) - s1@group-3F2F94768D39: change Leader from null to s1 at term 2 for becomeLeader, leader elected after 200ms
2022-07-21 19:37:17,153 [s1@group-3F2F94768D39-LeaderElection7] INFO  server.RaftServerConfigKeys (ConfUtils.java:logGet(46)) - raft.server.staging.catchup.gap = 1000 (default)
2022-07-21 19:37:17,153 [s1@group-3F2F94768D39-LeaderElection7] INFO  server.RaftServerConfigKeys (ConfUtils.java:logGet(46)) - raft.server.write.element-limit = 4096 (default)
2022-07-21 19:37:17,153 [s1@group-3F2F94768D39-LeaderElection7] INFO  server.RaftServerConfigKeys (ConfUtils.java:logGet(46)) - raft.server.write.byte-limit = 64MB (=67108864) (default)
2022-07-21 19:37:17,153 [s1@group-3F2F94768D39-LeaderElection7] INFO  server.RaftServerConfigKeys (ConfUtils.java:logGet(46)) - raft.server.watch.timeout = 10s (default)
2022-07-21 19:37:17,153 [s1@group-3F2F94768D39-LeaderElection7] INFO  server.RaftServerConfigKeys (ConfUtils.java:logGet(46)) - raft.server.watch.timeout.denomination = 1s (default)
2022-07-21 19:37:17,154 [s1@group-3F2F94768D39-LeaderElection7] INFO  server.RaftServerConfigKeys (ConfUtils.java:logGet(46)) - raft.server.watch.element-limit = 65536 (default)
2022-07-21 19:37:17,154 [s1@group-3F2F94768D39-LeaderElection7] INFO  server.RaftServerConfigKeys (ConfUtils.java:logGet(46)) - raft.server.write.element-limit = 4096 (default)
2022-07-21 19:37:17,154 [s1@group-3F2F94768D39-LeaderElection7] INFO  server.RaftServerConfigKeys (ConfUtils.java:logGet(46)) - raft.server.write.follower.gap.ratio.max = -1.0 (default)
2022-07-21 19:37:17,155 [s1@group-3F2F94768D39-LeaderElection7] INFO  server.RaftServerConfigKeys (ConfUtils.java:logGet(46)) - raft.server.log.appender.snapshot.chunk.size.max = 16MB (=16777216) (default)
2022-07-21 19:37:17,155 [s1@group-3F2F94768D39-LeaderElection7] INFO  server.RaftServerConfigKeys (ConfUtils.java:logGet(46)) - raft.server.log.appender.buffer.byte-limit = 4MB (=4194304) (default)
2022-07-21 19:37:17,155 [grpc-default-executor-12] INFO  server.RaftServer$Division (RaftServerImpl.java:requestVote(1231)) - s2@group-3F2F94768D39 replies to ELECTION vote request: s1<-s2#0:OK-t2. Peer's state: s2@group-3F2F94768D39:t2, leader=null, voted=s1, raftlog=Memoized:s2@group-3F2F94768D39-SegmentedRaftLog:OPENED:c46, conf=0: peers:[s0|rpc:localhost:41459|admin:localhost:39355|client:localhost:35515|dataStream:localhost:32957|priority:0|startupRole:FOLLOWER, s1|rpc:localhost:42501|admin:localhost:40929|client:localhost:40437|dataStream:localhost:34203|priority:0|startupRole:FOLLOWER, s2|rpc:localhost:35871|admin:localhost:34483|client:localhost:43959|dataStream:localhost:39743|priority:0|startupRole:FOLLOWER]|listeners:[], old=null
2022-07-21 19:37:17,155 [s1@group-3F2F94768D39-LeaderElection7] INFO  server.RaftServerConfigKeys (ConfUtils.java:logGet(46)) - raft.server.log.appender.buffer.element-limit = 0 (default)
2022-07-21 19:37:17,155 [s1@group-3F2F94768D39-LeaderElection7] INFO  grpc.GrpcConfigKeys (ConfUtils.java:logGet(46)) - raft.grpc.server.leader.outstanding.appends.max = 128 (default)
2022-07-21 19:37:17,155 [s1@group-3F2F94768D39-LeaderElection7] INFO  server.RaftServerConfigKeys (ConfUtils.java:logGet(46)) - raft.server.rpc.request.timeout = 3000ms (default)
2022-07-21 19:37:17,155 [s2@group-3F2F94768D39-FollowerState] INFO  impl.FollowerState (FollowerState.java:shouldRun(117)) - s2@group-3F2F94768D39-FollowerState: Stopping now (isRunning? false, role = FOLLOWER)
2022-07-21 19:37:17,156 [s1@group-3F2F94768D39-LeaderElection7] INFO  server.RaftServerConfigKeys (ConfUtils.java:logGet(46)) - raft.server.log.appender.install.snapshot.enabled = true (default)
2022-07-21 19:37:17,158 [s1@group-3F2F94768D39-LeaderElection7] INFO  grpc.GrpcConfigKeys (ConfUtils.java:logGet(46)) - raft.grpc.server.heartbeat.channel = true (default)
2022-07-21 19:37:17,159 [s1@group-3F2F94768D39-LeaderElection7] INFO  server.RaftServerConfigKeys (ConfUtils.java:logGet(46)) - raft.server.log.appender.snapshot.chunk.size.max = 16MB (=16777216) (default)
2022-07-21 19:37:17,159 [s1@group-3F2F94768D39-LeaderElection7] INFO  server.RaftServerConfigKeys (ConfUtils.java:logGet(46)) - raft.server.log.appender.buffer.byte-limit = 4MB (=4194304) (default)
2022-07-21 19:37:17,159 [s1@group-3F2F94768D39-LeaderElection7] INFO  server.RaftServerConfigKeys (ConfUtils.java:logGet(46)) - raft.server.log.appender.buffer.element-limit = 0 (default)
2022-07-21 19:37:17,159 [s1@group-3F2F94768D39-LeaderElection7] INFO  grpc.GrpcConfigKeys (ConfUtils.java:logGet(46)) - raft.grpc.server.leader.outstanding.appends.max = 128 (default)
2022-07-21 19:37:17,159 [s1@group-3F2F94768D39-LeaderElection7] INFO  server.RaftServerConfigKeys (ConfUtils.java:logGet(46)) - raft.server.rpc.request.timeout = 3000ms (default)
2022-07-21 19:37:17,159 [s1@group-3F2F94768D39-LeaderElection7] INFO  server.RaftServerConfigKeys (ConfUtils.java:logGet(46)) - raft.server.log.appender.install.snapshot.enabled = true (default)
2022-07-21 19:37:17,159 [s1@group-3F2F94768D39-LeaderElection7] INFO  grpc.GrpcConfigKeys (ConfUtils.java:logGet(46)) - raft.grpc.server.heartbeat.channel = true (default)
2022-07-21 19:37:17,159 [s1@group-3F2F94768D39-LeaderElection7] INFO  impl.RoleInfo (RoleInfo.java:updateAndGet(139)) - s1: start s1@group-3F2F94768D39-LeaderStateImpl
2022-07-21 19:37:17,160 [s1@group-3F2F94768D39-LeaderElection7] INFO  segmented.SegmentedRaftLogWorker (SegmentedRaftLogWorker.java:rollLogSegment(430)) - s1@group-3F2F94768D39-SegmentedRaftLogWorker: Rolling segment log-0_46 to index:46
2022-07-21 19:37:17,164 [s1@group-3F2F94768D39-SegmentedRaftLogWorker] TRACE util.FileUtils (LogUtils.java:runAndLog(49)) - Successfully ran Files.move /home/runner/work/ratis/ratis/ratis-test/target/test/data/6043a73c/MiniRaftClusterWithRpcTypeGrpcAndDataStreamTypeNettyf73da000/s1/690677b6-83cd-46c4-b86f-3f2f94768d39/current/log_inprogress_0 to /home/runner/work/ratis/ratis/ratis-test/target/test/data/6043a73c/MiniRaftClusterWithRpcTypeGrpcAndDataStreamTypeNettyf73da000/s1/690677b6-83cd-46c4-b86f-3f2f94768d39/current/log_0-46
2022-07-21 19:37:17,173 [s1@group-3F2F94768D39-SegmentedRaftLogWorker] INFO  segmented.SegmentedRaftLogWorker (SegmentedRaftLogWorker.java:execute(586)) - s1@group-3F2F94768D39-SegmentedRaftLogWorker: Rolled log segment from /home/runner/work/ratis/ratis/ratis-test/target/test/data/6043a73c/MiniRaftClusterWithRpcTypeGrpcAndDataStreamTypeNettyf73da000/s1/690677b6-83cd-46c4-b86f-3f2f94768d39/current/log_inprogress_0 to /home/runner/work/ratis/ratis/ratis-test/target/test/data/6043a73c/MiniRaftClusterWithRpcTypeGrpcAndDataStreamTypeNettyf73da000/s1/690677b6-83cd-46c4-b86f-3f2f94768d39/current/log_0-46
2022-07-21 19:37:17,238 [s1@group-3F2F94768D39-SegmentedRaftLogWorker] INFO  segmented.SegmentedRaftLogWorker (SegmentedRaftLogWorker.java:execute(629)) - s1@group-3F2F94768D39-SegmentedRaftLogWorker: created new log segment /home/runner/work/ratis/ratis/ratis-test/target/test/data/6043a73c/MiniRaftClusterWithRpcTypeGrpcAndDataStreamTypeNettyf73da000/s1/690677b6-83cd-46c4-b86f-3f2f94768d39/current/log_inprogress_47
2022-07-21 19:37:17,246 [s1@group-3F2F94768D39-LeaderElection7] INFO  server.RaftServer$Division (ServerState.java:setRaftConf(429)) - s1@group-3F2F94768D39: set configuration 47: peers:[s0|rpc:localhost:41459|admin:localhost:39355|client:localhost:35515|dataStream:localhost:32957|priority:0|startupRole:FOLLOWER, s1|rpc:localhost:42501|admin:localhost:40929|client:localhost:40437|dataStream:localhost:34203|priority:0|startupRole:FOLLOWER, s2|rpc:localhost:35871|admin:localhost:34483|client:localhost:43959|dataStream:localhost:39743|priority:0|startupRole:FOLLOWER]|listeners:[], old=null
2022-07-21 19:37:17,256 [s0-server-thread1] INFO  server.RaftServer$Division (ServerState.java:setLeader(313)) - s0@group-3F2F94768D39: change Leader from null to s1 at term 2 for appendEntries, leader elected after 183ms
2022-07-21 19:37:17,265 [s0-server-thread2] INFO  server.RaftServer$Division (ServerState.java:setRaftConf(429)) - s0@group-3F2F94768D39: set configuration 47: peers:[s0|rpc:localhost:41459|admin:localhost:39355|client:localhost:35515|dataStream:localhost:32957|priority:0|startupRole:FOLLOWER, s1|rpc:localhost:42501|admin:localhost:40929|client:localhost:40437|dataStream:localhost:34203|priority:0|startupRole:FOLLOWER, s2|rpc:localhost:35871|admin:localhost:34483|client:localhost:43959|dataStream:localhost:39743|priority:0|startupRole:FOLLOWER]|listeners:[], old=null
2022-07-21 19:37:17,265 [s0-server-thread2] INFO  segmented.SegmentedRaftLogWorker (SegmentedRaftLogWorker.java:rollLogSegment(430)) - s0@group-3F2F94768D39-SegmentedRaftLogWorker: Rolling segment log-0_46 to index:46
2022-07-21 19:37:17,267 [s0@group-3F2F94768D39-SegmentedRaftLogWorker] TRACE util.FileUtils (LogUtils.java:runAndLog(49)) - Successfully ran Files.move /home/runner/work/ratis/ratis/ratis-test/target/test/data/6043a73c/MiniRaftClusterWithRpcTypeGrpcAndDataStreamTypeNettyf73da000/s0/690677b6-83cd-46c4-b86f-3f2f94768d39/current/log_inprogress_0 to /home/runner/work/ratis/ratis/ratis-test/target/test/data/6043a73c/MiniRaftClusterWithRpcTypeGrpcAndDataStreamTypeNettyf73da000/s0/690677b6-83cd-46c4-b86f-3f2f94768d39/current/log_0-46
2022-07-21 19:37:17,267 [s0@group-3F2F94768D39-SegmentedRaftLogWorker] INFO  segmented.SegmentedRaftLogWorker (SegmentedRaftLogWorker.java:execute(586)) - s0@group-3F2F94768D39-SegmentedRaftLogWorker: Rolled log segment from /home/runner/work/ratis/ratis/ratis-test/target/test/data/6043a73c/MiniRaftClusterWithRpcTypeGrpcAndDataStreamTypeNettyf73da000/s0/690677b6-83cd-46c4-b86f-3f2f94768d39/current/log_inprogress_0 to /home/runner/work/ratis/ratis/ratis-test/target/test/data/6043a73c/MiniRaftClusterWithRpcTypeGrpcAndDataStreamTypeNettyf73da000/s0/690677b6-83cd-46c4-b86f-3f2f94768d39/current/log_0-46
2022-07-21 19:37:17,279 [s2-server-thread1] INFO  server.RaftServer$Division (ServerState.java:setLeader(313)) - s2@group-3F2F94768D39: change Leader from null to s1 at term 2 for appendEntries, leader elected after 280ms
2022-07-21 19:37:17,279 [s2-server-thread1] INFO  server.RaftServer$Division (ServerState.java:setRaftConf(429)) - s2@group-3F2F94768D39: set configuration 47: peers:[s0|rpc:localhost:41459|admin:localhost:39355|client:localhost:35515|dataStream:localhost:32957|priority:0|startupRole:FOLLOWER, s1|rpc:localhost:42501|admin:localhost:40929|client:localhost:40437|dataStream:localhost:34203|priority:0|startupRole:FOLLOWER, s2|rpc:localhost:35871|admin:localhost:34483|client:localhost:43959|dataStream:localhost:39743|priority:0|startupRole:FOLLOWER]|listeners:[], old=null
2022-07-21 19:37:17,279 [s2-server-thread1] INFO  segmented.SegmentedRaftLogWorker (SegmentedRaftLogWorker.java:rollLogSegment(430)) - s2@group-3F2F94768D39-SegmentedRaftLogWorker: Rolling segment log-0_46 to index:46
2022-07-21 19:37:17,280 [s2@group-3F2F94768D39-SegmentedRaftLogWorker] TRACE util.FileUtils (LogUtils.java:runAndLog(49)) - Successfully ran Files.move /home/runner/work/ratis/ratis/ratis-test/target/test/data/6043a73c/MiniRaftClusterWithRpcTypeGrpcAndDataStreamTypeNettyf73da000/s2/690677b6-83cd-46c4-b86f-3f2f94768d39/current/log_inprogress_0 to /home/runner/work/ratis/ratis/ratis-test/target/test/data/6043a73c/MiniRaftClusterWithRpcTypeGrpcAndDataStreamTypeNettyf73da000/s2/690677b6-83cd-46c4-b86f-3f2f94768d39/current/log_0-46
2022-07-21 19:37:17,280 [s2@group-3F2F94768D39-SegmentedRaftLogWorker] INFO  segmented.SegmentedRaftLogWorker (SegmentedRaftLogWorker.java:execute(586)) - s2@group-3F2F94768D39-SegmentedRaftLogWorker: Rolled log segment from /home/runner/work/ratis/ratis/ratis-test/target/test/data/6043a73c/MiniRaftClusterWithRpcTypeGrpcAndDataStreamTypeNettyf73da000/s2/690677b6-83cd-46c4-b86f-3f2f94768d39/current/log_inprogress_0 to /home/runner/work/ratis/ratis/ratis-test/target/test/data/6043a73c/MiniRaftClusterWithRpcTypeGrpcAndDataStreamTypeNettyf73da000/s2/690677b6-83cd-46c4-b86f-3f2f94768d39/current/log_0-46
2022-07-21 19:37:17,302 [s2@group-3F2F94768D39-SegmentedRaftLogWorker] INFO  segmented.SegmentedRaftLogWorker (SegmentedRaftLogWorker.java:execute(629)) - s2@group-3F2F94768D39-SegmentedRaftLogWorker: created new log segment /home/runner/work/ratis/ratis/ratis-test/target/test/data/6043a73c/MiniRaftClusterWithRpcTypeGrpcAndDataStreamTypeNettyf73da000/s2/690677b6-83cd-46c4-b86f-3f2f94768d39/current/log_inprogress_47
2022-07-21 19:37:17,305 [s0@group-3F2F94768D39-SegmentedRaftLogWorker] INFO  segmented.SegmentedRaftLogWorker (SegmentedRaftLogWorker.java:execute(629)) - s0@group-3F2F94768D39-SegmentedRaftLogWorker: created new log segment /home/runner/work/ratis/ratis/ratis-test/target/test/data/6043a73c/MiniRaftClusterWithRpcTypeGrpcAndDataStreamTypeNettyf73da000/s0/690677b6-83cd-46c4-b86f-3f2f94768d39/current/log_inprogress_47
2022-07-21 19:37:21,263 [Timer-2] INFO  impl.MiniRaftCluster (MiniRaftCluster.java:lambda$null$5(315)) - TIMED-PRINT: printing ALL groups
  s0:  RUNNING  FOLLOWER s0@group-3F2F94768D39:t2, leader=s1, voted=s1, raftlog=Memoized:s0@group-3F2F94768D39-SegmentedRaftLog:OPENED:c48, conf=47: peers:[s0|rpc:localhost:41459|admin:localhost:39355|client:localhost:35515|dataStream:localhost:32957|priority:0|startupRole:FOLLOWER, s1|rpc:localhost:42501|admin:localhost:40929|client:localhost:40437|dataStream:localhost:34203|priority:0|startupRole:FOLLOWER, s2|rpc:localhost:35871|admin:localhost:34483|client:localhost:43959|dataStream:localhost:39743|priority:0|startupRole:FOLLOWER]|listeners:[], old=null RUNNING
  s1:  RUNNING    LEADER s1@group-3F2F94768D39:t2, leader=s1, voted=s1, raftlog=Memoized:s1@group-3F2F94768D39-SegmentedRaftLog:OPENED:c48, conf=47: peers:[s0|rpc:localhost:41459|admin:localhost:39355|client:localhost:35515|dataStream:localhost:32957|priority:0|startupRole:FOLLOWER, s1|rpc:localhost:42501|admin:localhost:40929|client:localhost:40437|dataStream:localhost:34203|priority:0|startupRole:FOLLOWER, s2|rpc:localhost:35871|admin:localhost:34483|client:localhost:43959|dataStream:localhost:39743|priority:0|startupRole:FOLLOWER]|listeners:[], old=null RUNNING
  s2:  RUNNING  FOLLOWER s2@group-3F2F94768D39:t2, leader=s1, voted=s1, raftlog=Memoized:s2@group-3F2F94768D39-SegmentedRaftLog:OPENED:c48, conf=47: peers:[s0|rpc:localhost:41459|admin:localhost:39355|client:localhost:35515|dataStream:localhost:32957|priority:0|startupRole:FOLLOWER, s1|rpc:localhost:42501|admin:localhost:40929|client:localhost:40437|dataStream:localhost:34203|priority:0|startupRole:FOLLOWER, s2|rpc:localhost:35871|admin:localhost:34483|client:localhost:43959|dataStream:localhost:39743|priority:0|startupRole:FOLLOWER]|listeners:[], old=null RUNNING
2022-07-21 19:37:22,553 [pool-9-thread-12] INFO  datastream.DataStreamTestUtils (DataStreamTestUtils.java:writeAndCloseAndAssertReplies(320)) - Stream401: bytesWritten=3749157
2022-07-21 19:37:22,696 [s1-client-thread1] INFO  statemachine.StateMachine (DataStreamTestUtils.java:link(157)) - link SingleDataStream: writeRequest=RaftClientRequest:client-F05BDF1899E5->s2@group-3F2F94768D39, cid=401, seq=0, DataStream, Message:<EMPTY>, logEntry=null
2022-07-21 19:37:22,700 [s0-server-thread2] INFO  statemachine.StateMachine (DataStreamTestUtils.java:link(157)) - link SingleDataStream: writeRequest=RaftClientRequest:client-F05BDF1899E5->s2@group-3F2F94768D39, cid=401, seq=0, DataStream, Message:<EMPTY>, logEntry=null
2022-07-21 19:37:22,701 [s2-server-thread1] INFO  statemachine.StateMachine (DataStreamTestUtils.java:link(157)) - link SingleDataStream: writeRequest=RaftClientRequest:client-F05BDF1899E5->s2@group-3F2F94768D39, cid=401, seq=0, DataStream, Message:<EMPTY>, logEntry=null
2022-07-21 19:37:22,719 [pool-9-thread-12] INFO  datastream.DataStreamTestUtils (DataStreamTestUtils.java:writeAndCloseAndAssertReplies(311)) - start Stream410
2022-07-21 19:37:22,977 [pool-9-thread-9] INFO  datastream.DataStreamTestUtils (DataStreamTestUtils.java:writeAndCloseAndAssertReplies(320)) - Stream402: bytesWritten=3754539
2022-07-21 19:37:23,003 [s1-client-thread1] INFO  statemachine.StateMachine (DataStreamTestUtils.java:link(157)) - link SingleDataStream: writeRequest=RaftClientRequest:client-F05BDF1899E5->s2@group-3F2F94768D39, cid=402, seq=0, DataStream, Message:<EMPTY>, logEntry=null
2022-07-21 19:37:23,004 [s2-server-thread1] INFO  statemachine.StateMachine (DataStreamTestUtils.java:link(157)) - link SingleDataStream: writeRequest=RaftClientRequest:client-F05BDF1899E5->s2@group-3F2F94768D39, cid=402, seq=0, DataStream, Message:<EMPTY>, logEntry=null
2022-07-21 19:37:23,005 [s0-server-thread2] INFO  statemachine.StateMachine (DataStreamTestUtils.java:link(157)) - link SingleDataStream: writeRequest=RaftClientRequest:client-F05BDF1899E5->s2@group-3F2F94768D39, cid=402, seq=0, DataStream, Message:<EMPTY>, logEntry=null
2022-07-21 19:37:23,016 [pool-9-thread-9] INFO  datastream.DataStreamTestUtils (DataStreamTestUtils.java:writeAndCloseAndAssertReplies(311)) - start Stream411
2022-07-21 19:37:30,371 [pool-9-thread-14] INFO  datastream.DataStreamTestUtils (DataStreamTestUtils.java:writeAndCloseAndAssertReplies(320)) - Stream404: bytesWritten=3757152
2022-07-21 19:37:30,429 [pool-9-thread-10] INFO  datastream.DataStreamTestUtils (DataStreamTestUtils.java:writeAndCloseAndAssertReplies(320)) - Stream407: bytesWritten=3751511
2022-07-21 19:37:30,449 [pool-9-thread-11] INFO  datastream.DataStreamTestUtils (DataStreamTestUtils.java:writeAndCloseAndAssertReplies(320)) - Stream408: bytesWritten=3737521
2022-07-21 19:37:30,473 [s1-client-thread1] INFO  statemachine.StateMachine (DataStreamTestUtils.java:link(157)) - link SingleDataStream: writeRequest=RaftClientRequest:client-D8D814A2DDB7->s1@group-3F2F94768D39, cid=404, seq=0, DataStream, Message:<EMPTY>, logEntry=null
2022-07-21 19:37:30,474 [s2-server-thread1] INFO  statemachine.StateMachine (DataStreamTestUtils.java:link(157)) - link SingleDataStream: writeRequest=RaftClientRequest:client-D8D814A2DDB7->s1@group-3F2F94768D39, cid=404, seq=0, DataStream, Message:<EMPTY>, logEntry=null
2022-07-21 19:37:30,474 [s0-server-thread2] INFO  statemachine.StateMachine (DataStreamTestUtils.java:link(157)) - link SingleDataStream: writeRequest=RaftClientRequest:client-D8D814A2DDB7->s1@group-3F2F94768D39, cid=404, seq=0, DataStream, Message:<EMPTY>, logEntry=null
2022-07-21 19:37:30,475 [s1-client-thread1] INFO  statemachine.StateMachine (DataStreamTestUtils.java:link(157)) - link SingleDataStream: writeRequest=RaftClientRequest:client-D8D814A2DDB7->s1@group-3F2F94768D39, cid=407, seq=0, DataStream, Message:<EMPTY>, logEntry=null
2022-07-21 19:37:30,476 [s0-server-thread2] INFO  statemachine.StateMachine (DataStreamTestUtils.java:link(157)) - link SingleDataStream: writeRequest=RaftClientRequest:client-D8D814A2DDB7->s1@group-3F2F94768D39, cid=407, seq=0, DataStream, Message:<EMPTY>, logEntry=null
2022-07-21 19:37:30,476 [s2-server-thread1] INFO  statemachine.StateMachine (DataStreamTestUtils.java:link(157)) - link SingleDataStream: writeRequest=RaftClientRequest:client-D8D814A2DDB7->s1@group-3F2F94768D39, cid=407, seq=0, DataStream, Message:<EMPTY>, logEntry=null
2022-07-21 19:37:30,477 [s1-client-thread1] INFO  statemachine.StateMachine (DataStreamTestUtils.java:link(157)) - link SingleDataStream: writeRequest=RaftClientRequest:client-D8D814A2DDB7->s1@group-3F2F94768D39, cid=408, seq=0, DataStream, Message:<EMPTY>, logEntry=null
2022-07-21 19:37:30,478 [pool-9-thread-14] INFO  datastream.DataStreamTestUtils (DataStreamTestUtils.java:writeAndCloseAndAssertReplies(311)) - start Stream412
2022-07-21 19:37:30,478 [s0-server-thread2] INFO  statemachine.StateMachine (DataStreamTestUtils.java:link(157)) - link SingleDataStream: writeRequest=RaftClientRequest:client-D8D814A2DDB7->s1@group-3F2F94768D39, cid=408, seq=0, DataStream, Message:<EMPTY>, logEntry=null
2022-07-21 19:37:30,479 [s2-server-thread1] INFO  statemachine.StateMachine (DataStreamTestUtils.java:link(157)) - link SingleDataStream: writeRequest=RaftClientRequest:client-D8D814A2DDB7->s1@group-3F2F94768D39, cid=408, seq=0, DataStream, Message:<EMPTY>, logEntry=null
2022-07-21 19:37:30,482 [pool-9-thread-10] INFO  datastream.DataStreamTestUtils (DataStreamTestUtils.java:writeAndCloseAndAssertReplies(311)) - start Stream413
2022-07-21 19:37:30,484 [pool-9-thread-15] INFO  datastream.DataStreamTestUtils (DataStreamTestUtils.java:writeAndCloseAndAssertReplies(320)) - Stream406: bytesWritten=3750043
2022-07-21 19:37:30,491 [s1-client-thread1] INFO  statemachine.StateMachine (DataStreamTestUtils.java:link(157)) - link SingleDataStream: writeRequest=RaftClientRequest:client-D8D814A2DDB7->s1@group-3F2F94768D39, cid=406, seq=0, DataStream, Message:<EMPTY>, logEntry=null
2022-07-21 19:37:30,492 [s2-server-thread1] INFO  statemachine.StateMachine (DataStreamTestUtils.java:link(157)) - link SingleDataStream: writeRequest=RaftClientRequest:client-D8D814A2DDB7->s1@group-3F2F94768D39, cid=406, seq=0, DataStream, Message:<EMPTY>, logEntry=null
2022-07-21 19:37:30,493 [s0-server-thread2] INFO  statemachine.StateMachine (DataStreamTestUtils.java:link(157)) - link SingleDataStream: writeRequest=RaftClientRequest:client-D8D814A2DDB7->s1@group-3F2F94768D39, cid=406, seq=0, DataStream, Message:<EMPTY>, logEntry=null
2022-07-21 19:37:30,495 [pool-9-thread-11] INFO  datastream.DataStreamTestUtils (DataStreamTestUtils.java:writeAndCloseAndAssertReplies(311)) - start Stream415
2022-07-21 19:37:30,508 [pool-9-thread-15] INFO  datastream.DataStreamTestUtils (DataStreamTestUtils.java:writeAndCloseAndAssertReplies(311)) - start Stream416
2022-07-21 19:37:30,654 [pool-9-thread-11] INFO  datastream.DataStreamTestUtils (DataStreamTestUtils.java:writeAndCloseAndAssertReplies(320)) - Stream415: bytesWritten=6810798
2022-07-21 19:37:30,735 [pool-9-thread-15] INFO  datastream.DataStreamTestUtils (DataStreamTestUtils.java:writeAndCloseAndAssertReplies(320)) - Stream416: bytesWritten=7363498
2022-07-21 19:37:30,800 [s1-client-thread1] INFO  statemachine.StateMachine (DataStreamTestUtils.java:link(157)) - link SingleDataStream: writeRequest=RaftClientRequest:client-59140E637B6E->s1@group-3F2F94768D39, cid=415, seq=0, DataStream, Message:<EMPTY>, logEntry=null
2022-07-21 19:37:30,802 [s0-server-thread2] INFO  statemachine.StateMachine (DataStreamTestUtils.java:link(157)) - link SingleDataStream: writeRequest=RaftClientRequest:client-59140E637B6E->s1@group-3F2F94768D39, cid=415, seq=0, DataStream, Message:<EMPTY>, logEntry=null
2022-07-21 19:37:30,802 [s2-server-thread1] INFO  statemachine.StateMachine (DataStreamTestUtils.java:link(157)) - link SingleDataStream: writeRequest=RaftClientRequest:client-59140E637B6E->s1@group-3F2F94768D39, cid=415, seq=0, DataStream, Message:<EMPTY>, logEntry=null
2022-07-21 19:37:30,805 [s1-client-thread1] INFO  statemachine.StateMachine (DataStreamTestUtils.java:link(157)) - link SingleDataStream: writeRequest=RaftClientRequest:client-59140E637B6E->s1@group-3F2F94768D39, cid=416, seq=0, DataStream, Message:<EMPTY>, logEntry=null
2022-07-21 19:37:30,807 [s2-server-thread1] INFO  statemachine.StateMachine (DataStreamTestUtils.java:link(157)) - link SingleDataStream: writeRequest=RaftClientRequest:client-59140E637B6E->s1@group-3F2F94768D39, cid=416, seq=0, DataStream, Message:<EMPTY>, logEntry=null
2022-07-21 19:37:30,819 [s0-server-thread1] INFO  statemachine.StateMachine (DataStreamTestUtils.java:link(157)) - link SingleDataStream: writeRequest=RaftClientRequest:client-59140E637B6E->s1@group-3F2F94768D39, cid=416, seq=0, DataStream, Message:<EMPTY>, logEntry=null
2022-07-21 19:37:30,823 [pool-9-thread-15] INFO  datastream.DataStreamTestUtils (DataStreamTestUtils.java:writeAndCloseAndAssertReplies(311)) - start Stream417
2022-07-21 19:37:30,883 [pool-9-thread-11] INFO  datastream.DataStreamTestUtils (DataStreamTestUtils.java:writeAndCloseAndAssertReplies(311)) - start Stream418
2022-07-21 19:37:30,964 [pool-9-thread-15] INFO  datastream.DataStreamTestUtils (DataStreamTestUtils.java:writeAndCloseAndAssertReplies(320)) - Stream417: bytesWritten=6514471
2022-07-21 19:37:30,969 [s1-client-thread1] INFO  statemachine.StateMachine (DataStreamTestUtils.java:link(157)) - link SingleDataStream: writeRequest=RaftClientRequest:client-59140E637B6E->s1@group-3F2F94768D39, cid=417, seq=0, DataStream, Message:<EMPTY>, logEntry=null
2022-07-21 19:37:30,972 [s2-server-thread1] INFO  statemachine.StateMachine (DataStreamTestUtils.java:link(157)) - link SingleDataStream: writeRequest=RaftClientRequest:client-59140E637B6E->s1@group-3F2F94768D39, cid=417, seq=0, DataStream, Message:<EMPTY>, logEntry=null
2022-07-21 19:37:30,972 [s0-server-thread2] INFO  statemachine.StateMachine (DataStreamTestUtils.java:link(157)) - link SingleDataStream: writeRequest=RaftClientRequest:client-59140E637B6E->s1@group-3F2F94768D39, cid=417, seq=0, DataStream, Message:<EMPTY>, logEntry=null
2022-07-21 19:37:30,976 [pool-9-thread-15] INFO  datastream.DataStreamTestUtils (DataStreamTestUtils.java:writeAndCloseAndAssertReplies(311)) - start Stream419
2022-07-21 19:37:31,015 [pool-9-thread-11] INFO  datastream.DataStreamTestUtils (DataStreamTestUtils.java:writeAndCloseAndAssertReplies(320)) - Stream418: bytesWritten=7446190
2022-07-21 19:37:31,021 [s1-client-thread1] INFO  statemachine.StateMachine (DataStreamTestUtils.java:link(157)) - link SingleDataStream: writeRequest=RaftClientRequest:client-59140E637B6E->s1@group-3F2F94768D39, cid=418, seq=0, DataStream, Message:<EMPTY>, logEntry=null
2022-07-21 19:37:31,022 [s2-server-thread1] INFO  statemachine.StateMachine (DataStreamTestUtils.java:link(157)) - link SingleDataStream: writeRequest=RaftClientRequest:client-59140E637B6E->s1@group-3F2F94768D39, cid=418, seq=0, DataStream, Message:<EMPTY>, logEntry=null
2022-07-21 19:37:31,022 [s0-server-thread2] INFO  statemachine.StateMachine (DataStreamTestUtils.java:link(157)) - link SingleDataStream: writeRequest=RaftClientRequest:client-59140E637B6E->s1@group-3F2F94768D39, cid=418, seq=0, DataStream, Message:<EMPTY>, logEntry=null
2022-07-21 19:37:31,030 [pool-9-thread-11] INFO  datastream.DataStreamTestUtils (DataStreamTestUtils.java:writeAndCloseAndAssertReplies(311)) - start Stream420
2022-07-21 19:37:31,081 [pool-9-thread-6] INFO  datastream.DataStreamTestUtils (DataStreamTestUtils.java:writeAndCloseAndAssertReplies(320)) - Stream405: bytesWritten=3743488
2022-07-21 19:37:31,106 [s1-client-thread1] INFO  statemachine.StateMachine (DataStreamTestUtils.java:link(157)) - link SingleDataStream: writeRequest=RaftClientRequest:client-D8D814A2DDB7->s1@group-3F2F94768D39, cid=405, seq=0, DataStream, Message:<EMPTY>, logEntry=null
2022-07-21 19:37:31,107 [s2-server-thread2] INFO  statemachine.StateMachine (DataStreamTestUtils.java:link(157)) - link SingleDataStream: writeRequest=RaftClientRequest:client-D8D814A2DDB7->s1@group-3F2F94768D39, cid=405, seq=0, DataStream, Message:<EMPTY>, logEntry=null
2022-07-21 19:37:31,108 [s0-server-thread1] INFO  statemachine.StateMachine (DataStreamTestUtils.java:link(157)) - link SingleDataStream: writeRequest=RaftClientRequest:client-D8D814A2DDB7->s1@group-3F2F94768D39, cid=405, seq=0, DataStream, Message:<EMPTY>, logEntry=null
2022-07-21 19:37:31,140 [pool-9-thread-6] INFO  datastream.DataStreamTestUtils (DataStreamTestUtils.java:writeAndCloseAndAssertReplies(311)) - start Stream421
2022-07-21 19:37:31,153 [pool-9-thread-13] INFO  datastream.DataStreamTestUtils (DataStreamTestUtils.java:writeAndCloseAndAssertReplies(320)) - Stream409: bytesWritten=3752101
2022-07-21 19:37:31,173 [s1-client-thread1] INFO  statemachine.StateMachine (DataStreamTestUtils.java:link(157)) - link SingleDataStream: writeRequest=RaftClientRequest:client-D8D814A2DDB7->s1@group-3F2F94768D39, cid=409, seq=0, DataStream, Message:<EMPTY>, logEntry=null
2022-07-21 19:37:31,174 [s0-server-thread2] INFO  statemachine.StateMachine (DataStreamTestUtils.java:link(157)) - link SingleDataStream: writeRequest=RaftClientRequest:client-D8D814A2DDB7->s1@group-3F2F94768D39, cid=409, seq=0, DataStream, Message:<EMPTY>, logEntry=null
2022-07-21 19:37:31,176 [s2-server-thread1] INFO  statemachine.StateMachine (DataStreamTestUtils.java:link(157)) - link SingleDataStream: writeRequest=RaftClientRequest:client-D8D814A2DDB7->s1@group-3F2F94768D39, cid=409, seq=0, DataStream, Message:<EMPTY>, logEntry=null
2022-07-21 19:37:31,214 [pool-9-thread-13] INFO  datastream.DataStreamTestUtils (DataStreamTestUtils.java:writeAndCloseAndAssertReplies(311)) - start Stream422
2022-07-21 19:37:31,270 [Timer-2] INFO  impl.MiniRaftCluster (MiniRaftCluster.java:lambda$null$5(315)) - TIMED-PRINT: printing ALL groups
  s0:  RUNNING  FOLLOWER s0@group-3F2F94768D39:t2, leader=s1, voted=s1, raftlog=Memoized:s0@group-3F2F94768D39-SegmentedRaftLog:OPENED:c70, conf=47: peers:[s0|rpc:localhost:41459|admin:localhost:39355|client:localhost:35515|dataStream:localhost:32957|priority:0|startupRole:FOLLOWER, s1|rpc:localhost:42501|admin:localhost:40929|client:localhost:40437|dataStream:localhost:34203|priority:0|startupRole:FOLLOWER, s2|rpc:localhost:35871|admin:localhost:34483|client:localhost:43959|dataStream:localhost:39743|priority:0|startupRole:FOLLOWER]|listeners:[], old=null RUNNING
  s1:  RUNNING    LEADER s1@group-3F2F94768D39:t2, leader=s1, voted=s1, raftlog=Memoized:s1@group-3F2F94768D39-SegmentedRaftLog:OPENED:c71, conf=47: peers:[s0|rpc:localhost:41459|admin:localhost:39355|client:localhost:35515|dataStream:localhost:32957|priority:0|startupRole:FOLLOWER, s1|rpc:localhost:42501|admin:localhost:40929|client:localhost:40437|dataStream:localhost:34203|priority:0|startupRole:FOLLOWER, s2|rpc:localhost:35871|admin:localhost:34483|client:localhost:43959|dataStream:localhost:39743|priority:0|startupRole:FOLLOWER]|listeners:[], old=null RUNNING
  s2:  RUNNING  FOLLOWER s2@group-3F2F94768D39:t2, leader=s1, voted=s1, raftlog=Memoized:s2@group-3F2F94768D39-SegmentedRaftLog:OPENED:c69, conf=47: peers:[s0|rpc:localhost:41459|admin:localhost:39355|client:localhost:35515|dataStream:localhost:32957|priority:0|startupRole:FOLLOWER, s1|rpc:localhost:42501|admin:localhost:40929|client:localhost:40437|dataStream:localhost:34203|priority:0|startupRole:FOLLOWER, s2|rpc:localhost:35871|admin:localhost:34483|client:localhost:43959|dataStream:localhost:39743|priority:0|startupRole:FOLLOWER]|listeners:[], old=null RUNNING
2022-07-21 19:37:31,317 [pool-9-thread-15] INFO  datastream.DataStreamTestUtils (DataStreamTestUtils.java:writeAndCloseAndAssertReplies(320)) - Stream419: bytesWritten=7480687
2022-07-21 19:37:31,331 [s1-client-thread1] INFO  statemachine.StateMachine (DataStreamTestUtils.java:link(157)) - link SingleDataStream: writeRequest=RaftClientRequest:client-59140E637B6E->s1@group-3F2F94768D39, cid=419, seq=0, DataStream, Message:<EMPTY>, logEntry=null
2022-07-21 19:37:31,332 [s2-server-thread2] INFO  statemachine.StateMachine (DataStreamTestUtils.java:link(157)) - link SingleDataStream: writeRequest=RaftClientRequest:client-59140E637B6E->s1@group-3F2F94768D39, cid=419, seq=0, DataStream, Message:<EMPTY>, logEntry=null
2022-07-21 19:37:31,333 [s0-server-thread1] INFO  statemachine.StateMachine (DataStreamTestUtils.java:link(157)) - link SingleDataStream: writeRequest=RaftClientRequest:client-59140E637B6E->s1@group-3F2F94768D39, cid=419, seq=0, DataStream, Message:<EMPTY>, logEntry=null
2022-07-21 19:37:31,447 [pool-9-thread-6] INFO  datastream.DataStreamTestUtils (DataStreamTestUtils.java:writeAndCloseAndAssertReplies(320)) - Stream421: bytesWritten=8338028
2022-07-21 19:37:31,459 [pool-9-thread-13] INFO  datastream.DataStreamTestUtils (DataStreamTestUtils.java:writeAndCloseAndAssertReplies(320)) - Stream422: bytesWritten=7540426
2022-07-21 19:37:31,460 [s1-client-thread1] INFO  statemachine.StateMachine (DataStreamTestUtils.java:link(157)) - link SingleDataStream: writeRequest=RaftClientRequest:client-59140E637B6E->s1@group-3F2F94768D39, cid=421, seq=0, DataStream, Message:<EMPTY>, logEntry=null
2022-07-21 19:37:31,461 [s2-server-thread2] INFO  statemachine.StateMachine (DataStreamTestUtils.java:link(157)) - link SingleDataStream: writeRequest=RaftClientRequest:client-59140E637B6E->s1@group-3F2F94768D39, cid=421, seq=0, DataStream, Message:<EMPTY>, logEntry=null
2022-07-21 19:37:31,462 [s0-server-thread2] INFO  statemachine.StateMachine (DataStreamTestUtils.java:link(157)) - link SingleDataStream: writeRequest=RaftClientRequest:client-59140E637B6E->s1@group-3F2F94768D39, cid=421, seq=0, DataStream, Message:<EMPTY>, logEntry=null
2022-07-21 19:37:31,464 [s1-client-thread1] INFO  statemachine.StateMachine (DataStreamTestUtils.java:link(157)) - link SingleDataStream: writeRequest=RaftClientRequest:client-59140E637B6E->s1@group-3F2F94768D39, cid=422, seq=0, DataStream, Message:<EMPTY>, logEntry=null
2022-07-21 19:37:31,466 [s2-server-thread2] INFO  statemachine.StateMachine (DataStreamTestUtils.java:link(157)) - link SingleDataStream: writeRequest=RaftClientRequest:client-59140E637B6E->s1@group-3F2F94768D39, cid=422, seq=0, DataStream, Message:<EMPTY>, logEntry=null
2022-07-21 19:37:31,466 [s0-server-thread2] INFO  statemachine.StateMachine (DataStreamTestUtils.java:link(157)) - link SingleDataStream: writeRequest=RaftClientRequest:client-59140E637B6E->s1@group-3F2F94768D39, cid=422, seq=0, DataStream, Message:<EMPTY>, logEntry=null
2022-07-21 19:37:31,479 [pool-9-thread-15] INFO  datastream.DataStreamTestUtils (DataStreamTestUtils.java:writeAndCloseAndAssertReplies(311)) - start Stream423
2022-07-21 19:37:31,484 [pool-9-thread-6] INFO  datastream.DataStreamTestUtils (DataStreamTestUtils.java:writeAndCloseAndAssertReplies(311)) - start Stream424
2022-07-21 19:37:31,649 [pool-9-thread-13] INFO  datastream.DataStreamTestUtils (DataStreamTestUtils.java:writeAndCloseAndAssertReplies(311)) - start Stream425
2022-07-21 19:37:31,660 [pool-9-thread-11] INFO  datastream.DataStreamTestUtils (DataStreamTestUtils.java:writeAndCloseAndAssertReplies(320)) - Stream420: bytesWritten=7820700
2022-07-21 19:37:31,716 [s1-client-thread1] INFO  statemachine.StateMachine (DataStreamTestUtils.java:link(157)) - link SingleDataStream: writeRequest=RaftClientRequest:client-59140E637B6E->s1@group-3F2F94768D39, cid=420, seq=0, DataStream, Message:<EMPTY>, logEntry=null
2022-07-21 19:37:31,717 [s0-server-thread1] INFO  statemachine.StateMachine (DataStreamTestUtils.java:link(157)) - link SingleDataStream: writeRequest=RaftClientRequest:client-59140E637B6E->s1@group-3F2F94768D39, cid=420, seq=0, DataStream, Message:<EMPTY>, logEntry=null
2022-07-21 19:37:31,718 [s2-server-thread2] INFO  statemachine.StateMachine (DataStreamTestUtils.java:link(157)) - link SingleDataStream: writeRequest=RaftClientRequest:client-59140E637B6E->s1@group-3F2F94768D39, cid=420, seq=0, DataStream, Message:<EMPTY>, logEntry=null
2022-07-21 19:37:31,751 [pool-9-thread-11] INFO  datastream.DataStreamTestUtils (DataStreamTestUtils.java:writeAndCloseAndAssertReplies(311)) - start Stream426
2022-07-21 19:37:31,842 [pool-9-thread-6] INFO  datastream.DataStreamTestUtils (DataStreamTestUtils.java:writeAndCloseAndAssertReplies(320)) - Stream424: bytesWritten=6484129
2022-07-21 19:37:31,852 [s1-client-thread1] INFO  statemachine.StateMachine (DataStreamTestUtils.java:link(157)) - link SingleDataStream: writeRequest=RaftClientRequest:client-59140E637B6E->s1@group-3F2F94768D39, cid=424, seq=0, DataStream, Message:<EMPTY>, logEntry=null
2022-07-21 19:37:31,856 [s2-server-thread2] INFO  statemachine.StateMachine (DataStreamTestUtils.java:link(157)) - link SingleDataStream: writeRequest=RaftClientRequest:client-59140E637B6E->s1@group-3F2F94768D39, cid=424, seq=0, DataStream, Message:<EMPTY>, logEntry=null
2022-07-21 19:37:31,856 [s0-server-thread2] INFO  statemachine.StateMachine (DataStreamTestUtils.java:link(157)) - link SingleDataStream: writeRequest=RaftClientRequest:client-59140E637B6E->s1@group-3F2F94768D39, cid=424, seq=0, DataStream, Message:<EMPTY>, logEntry=null
2022-07-21 19:37:31,867 [pool-9-thread-6] INFO  datastream.DataStreamTestUtils (DataStreamTestUtils.java:writeAndCloseAndAssertReplies(311)) - start Stream427
2022-07-21 19:37:31,874 [pool-9-thread-15] INFO  datastream.DataStreamTestUtils (DataStreamTestUtils.java:writeAndCloseAndAssertReplies(320)) - Stream423: bytesWritten=8063107
2022-07-21 19:37:31,898 [s1-client-thread1] INFO  statemachine.StateMachine (DataStreamTestUtils.java:link(157)) - link SingleDataStream: writeRequest=RaftClientRequest:client-59140E637B6E->s1@group-3F2F94768D39, cid=423, seq=0, DataStream, Message:<EMPTY>, logEntry=null
2022-07-21 19:37:31,899 [s2-server-thread1] INFO  statemachine.StateMachine (DataStreamTestUtils.java:link(157)) - link SingleDataStream: writeRequest=RaftClientRequest:client-59140E637B6E->s1@group-3F2F94768D39, cid=423, seq=0, DataStream, Message:<EMPTY>, logEntry=null
2022-07-21 19:37:31,899 [s0-server-thread1] INFO  statemachine.StateMachine (DataStreamTestUtils.java:link(157)) - link SingleDataStream: writeRequest=RaftClientRequest:client-59140E637B6E->s1@group-3F2F94768D39, cid=423, seq=0, DataStream, Message:<EMPTY>, logEntry=null
2022-07-21 19:37:31,936 [pool-9-thread-15] INFO  datastream.DataStreamTestUtils (DataStreamTestUtils.java:writeAndCloseAndAssertReplies(311)) - start Stream428
2022-07-21 19:37:31,952 [pool-9-thread-13] INFO  datastream.DataStreamTestUtils (DataStreamTestUtils.java:writeAndCloseAndAssertReplies(320)) - Stream425: bytesWritten=8025927
2022-07-21 19:37:32,016 [pool-9-thread-8] INFO  datastream.DataStreamTestUtils (DataStreamTestUtils.java:writeAndCloseAndAssertReplies(311)) - start Stream429
2022-07-21 19:37:32,126 [pool-9-thread-11] INFO  datastream.DataStreamTestUtils (DataStreamTestUtils.java:writeAndCloseAndAssertReplies(320)) - Stream426: bytesWritten=7966941
2022-07-21 19:37:32,152 [s1-client-thread1] INFO  statemachine.StateMachine (DataStreamTestUtils.java:link(157)) - link SingleDataStream: writeRequest=RaftClientRequest:client-EF92285B7F8D->s1@group-3F2F94768D39, cid=425, seq=0, DataStream, Message:<EMPTY>, logEntry=null
2022-07-21 19:37:32,154 [s2-server-thread1] INFO  statemachine.StateMachine (DataStreamTestUtils.java:link(157)) - link SingleDataStream: writeRequest=RaftClientRequest:client-EF92285B7F8D->s1@group-3F2F94768D39, cid=425, seq=0, DataStream, Message:<EMPTY>, logEntry=null
2022-07-21 19:37:32,154 [s0-server-thread1] INFO  statemachine.StateMachine (DataStreamTestUtils.java:link(157)) - link SingleDataStream: writeRequest=RaftClientRequest:client-EF92285B7F8D->s1@group-3F2F94768D39, cid=425, seq=0, DataStream, Message:<EMPTY>, logEntry=null
2022-07-21 19:37:32,186 [pool-9-thread-6] INFO  datastream.DataStreamTestUtils (DataStreamTestUtils.java:writeAndCloseAndAssertReplies(320)) - Stream427: bytesWritten=7142170
2022-07-21 19:37:32,279 [pool-9-thread-13] INFO  datastream.DataStreamTestUtils (DataStreamTestUtils.java:writeAndCloseAndAssertReplies(311)) - start Stream430
2022-07-21 19:37:32,286 [pool-9-thread-15] INFO  datastream.DataStreamTestUtils (DataStreamTestUtils.java:writeAndCloseAndAssertReplies(320)) - Stream428: bytesWritten=8133467
2022-07-21 19:37:32,295 [s1-client-thread1] INFO  statemachine.StateMachine (DataStreamTestUtils.java:link(157)) - link SingleDataStream: writeRequest=RaftClientRequest:client-EF92285B7F8D->s1@group-3F2F94768D39, cid=426, seq=0, DataStream, Message:<EMPTY>, logEntry=null
2022-07-21 19:37:32,299 [s0-server-thread1] INFO  statemachine.StateMachine (DataStreamTestUtils.java:link(157)) - link SingleDataStream: writeRequest=RaftClientRequest:client-EF92285B7F8D->s1@group-3F2F94768D39, cid=426, seq=0, DataStream, Message:<EMPTY>, logEntry=null
2022-07-21 19:37:32,299 [s2-server-thread2] INFO  statemachine.StateMachine (DataStreamTestUtils.java:link(157)) - link SingleDataStream: writeRequest=RaftClientRequest:client-EF92285B7F8D->s1@group-3F2F94768D39, cid=426, seq=0, DataStream, Message:<EMPTY>, logEntry=null
2022-07-21 19:37:32,305 [s1-client-thread1] INFO  statemachine.StateMachine (DataStreamTestUtils.java:link(157)) - link SingleDataStream: writeRequest=RaftClientRequest:client-EF92285B7F8D->s1@group-3F2F94768D39, cid=427, seq=0, DataStream, Message:<EMPTY>, logEntry=null
2022-07-21 19:37:32,306 [s2-server-thread2] INFO  statemachine.StateMachine (DataStreamTestUtils.java:link(157)) - link SingleDataStream: writeRequest=RaftClientRequest:client-EF92285B7F8D->s1@group-3F2F94768D39, cid=427, seq=0, DataStream, Message:<EMPTY>, logEntry=null
2022-07-21 19:37:32,307 [s0-server-thread1] INFO  statemachine.StateMachine (DataStreamTestUtils.java:link(157)) - link SingleDataStream: writeRequest=RaftClientRequest:client-EF92285B7F8D->s1@group-3F2F94768D39, cid=427, seq=0, DataStream, Message:<EMPTY>, logEntry=null
2022-07-21 19:37:32,307 [s1-client-thread1] INFO  statemachine.StateMachine (DataStreamTestUtils.java:link(157)) - link SingleDataStream: writeRequest=RaftClientRequest:client-EF92285B7F8D->s1@group-3F2F94768D39, cid=428, seq=0, DataStream, Message:<EMPTY>, logEntry=null
2022-07-21 19:37:32,311 [s0-server-thread1] INFO  statemachine.StateMachine (DataStreamTestUtils.java:link(157)) - link SingleDataStream: writeRequest=RaftClientRequest:client-EF92285B7F8D->s1@group-3F2F94768D39, cid=428, seq=0, DataStream, Message:<EMPTY>, logEntry=null
2022-07-21 19:37:32,312 [s2-server-thread2] INFO  statemachine.StateMachine (DataStreamTestUtils.java:link(157)) - link SingleDataStream: writeRequest=RaftClientRequest:client-EF92285B7F8D->s1@group-3F2F94768D39, cid=428, seq=0, DataStream, Message:<EMPTY>, logEntry=null
2022-07-21 19:37:32,313 [pool-9-thread-11] INFO  datastream.DataStreamTestUtils (DataStreamTestUtils.java:writeAndCloseAndAssertReplies(311)) - start Stream431
2022-07-21 19:37:32,327 [pool-9-thread-6] INFO  datastream.DataStreamTestUtils (DataStreamTestUtils.java:writeAndCloseAndAssertReplies(311)) - start Stream432
2022-07-21 19:37:32,355 [pool-9-thread-15] INFO  datastream.DataStreamTestUtils (DataStreamTestUtils.java:writeAndCloseAndAssertReplies(311)) - start Stream433
2022-07-21 19:37:32,376 [pool-9-thread-8] INFO  datastream.DataStreamTestUtils (DataStreamTestUtils.java:writeAndCloseAndAssertReplies(320)) - Stream429: bytesWritten=7681486
2022-07-21 19:37:32,398 [s1-client-thread1] INFO  statemachine.StateMachine (DataStreamTestUtils.java:link(157)) - link SingleDataStream: writeRequest=RaftClientRequest:client-EF92285B7F8D->s1@group-3F2F94768D39, cid=429, seq=0, DataStream, Message:<EMPTY>, logEntry=null
2022-07-21 19:37:32,399 [s2-server-thread2] INFO  statemachine.StateMachine (DataStreamTestUtils.java:link(157)) - link SingleDataStream: writeRequest=RaftClientRequest:client-EF92285B7F8D->s1@group-3F2F94768D39, cid=429, seq=0, DataStream, Message:<EMPTY>, logEntry=null
2022-07-21 19:37:32,411 [s0-server-thread1] INFO  statemachine.StateMachine (DataStreamTestUtils.java:link(157)) - link SingleDataStream: writeRequest=RaftClientRequest:client-EF92285B7F8D->s1@group-3F2F94768D39, cid=429, seq=0, DataStream, Message:<EMPTY>, logEntry=null
2022-07-21 19:37:32,501 [pool-9-thread-8] INFO  datastream.DataStreamTestUtils (DataStreamTestUtils.java:writeAndCloseAndAssertReplies(311)) - start Stream434
2022-07-21 19:37:32,707 [pool-9-thread-8] INFO  datastream.DataStreamTestUtils (DataStreamTestUtils.java:writeAndCloseAndAssertReplies(320)) - Stream434: bytesWritten=7626817
2022-07-21 19:37:32,707 [pool-9-thread-13] INFO  datastream.DataStreamTestUtils (DataStreamTestUtils.java:writeAndCloseAndAssertReplies(320)) - Stream430: bytesWritten=7327141
2022-07-21 19:37:32,710 [s1-client-thread1] INFO  statemachine.StateMachine (DataStreamTestUtils.java:link(157)) - link SingleDataStream: writeRequest=RaftClientRequest:client-EF92285B7F8D->s1@group-3F2F94768D39, cid=430, seq=0, DataStream, Message:<EMPTY>, logEntry=null
2022-07-21 19:37:32,711 [s2-server-thread2] INFO  statemachine.StateMachine (DataStreamTestUtils.java:link(157)) - link SingleDataStream: writeRequest=RaftClientRequest:client-EF92285B7F8D->s1@group-3F2F94768D39, cid=430, seq=0, DataStream, Message:<EMPTY>, logEntry=null
2022-07-21 19:37:32,713 [s0-server-thread1] INFO  statemachine.StateMachine (DataStreamTestUtils.java:link(157)) - link SingleDataStream: writeRequest=RaftClientRequest:client-EF92285B7F8D->s1@group-3F2F94768D39, cid=430, seq=0, DataStream, Message:<EMPTY>, logEntry=null
2022-07-21 19:37:32,756 [pool-9-thread-15] INFO  datastream.DataStreamTestUtils (DataStreamTestUtils.java:writeAndCloseAndAssertReplies(320)) - Stream433: bytesWritten=8212826
2022-07-21 19:37:32,758 [pool-9-thread-13] INFO  datastream.DataStreamTestUtils (DataStreamTestUtils.java:writeAndCloseAndAssertReplies(311)) - start Stream435
2022-07-21 19:37:32,771 [s1-client-thread1] INFO  statemachine.StateMachine (DataStreamTestUtils.java:link(157)) - link SingleDataStream: writeRequest=RaftClientRequest:client-EF92285B7F8D->s1@group-3F2F94768D39, cid=433, seq=0, DataStream, Message:<EMPTY>, logEntry=null
2022-07-21 19:37:32,773 [s0-server-thread2] INFO  statemachine.StateMachine (DataStreamTestUtils.java:link(157)) - link SingleDataStream: writeRequest=RaftClientRequest:client-EF92285B7F8D->s1@group-3F2F94768D39, cid=433, seq=0, DataStream, Message:<EMPTY>, logEntry=null
2022-07-21 19:37:32,773 [s2-server-thread1] INFO  statemachine.StateMachine (DataStreamTestUtils.java:link(157)) - link SingleDataStream: writeRequest=RaftClientRequest:client-EF92285B7F8D->s1@group-3F2F94768D39, cid=433, seq=0, DataStream, Message:<EMPTY>, logEntry=null
2022-07-21 19:37:32,831 [pool-9-thread-6] INFO  datastream.DataStreamTestUtils (DataStreamTestUtils.java:writeAndCloseAndAssertReplies(320)) - Stream432: bytesWritten=7618970
2022-07-21 19:37:32,832 [pool-9-thread-11] INFO  datastream.DataStreamTestUtils (DataStreamTestUtils.java:writeAndCloseAndAssertReplies(320)) - Stream431: bytesWritten=6809152
2022-07-21 19:37:32,834 [s1-client-thread1] INFO  statemachine.StateMachine (DataStreamTestUtils.java:link(157)) - link SingleDataStream: writeRequest=RaftClientRequest:client-EF92285B7F8D->s1@group-3F2F94768D39, cid=432, seq=0, DataStream, Message:<EMPTY>, logEntry=null
2022-07-21 19:37:32,835 [s2-server-thread1] INFO  statemachine.StateMachine (DataStreamTestUtils.java:link(157)) - link SingleDataStream: writeRequest=RaftClientRequest:client-EF92285B7F8D->s1@group-3F2F94768D39, cid=432, seq=0, DataStream, Message:<EMPTY>, logEntry=null
2022-07-21 19:37:32,836 [s0-server-thread2] INFO  statemachine.StateMachine (DataStreamTestUtils.java:link(157)) - link SingleDataStream: writeRequest=RaftClientRequest:client-EF92285B7F8D->s1@group-3F2F94768D39, cid=432, seq=0, DataStream, Message:<EMPTY>, logEntry=null
2022-07-21 19:37:32,846 [s1-client-thread1] INFO  statemachine.StateMachine (DataStreamTestUtils.java:link(157)) - link SingleDataStream: writeRequest=RaftClientRequest:client-EF92285B7F8D->s1@group-3F2F94768D39, cid=431, seq=0, DataStream, Message:<EMPTY>, logEntry=null
2022-07-21 19:37:32,847 [s2-server-thread1] INFO  statemachine.StateMachine (DataStreamTestUtils.java:link(157)) - link SingleDataStream: writeRequest=RaftClientRequest:client-EF92285B7F8D->s1@group-3F2F94768D39, cid=431, seq=0, DataStream, Message:<EMPTY>, logEntry=null
2022-07-21 19:37:32,847 [s0-server-thread2] INFO  statemachine.StateMachine (DataStreamTestUtils.java:link(157)) - link SingleDataStream: writeRequest=RaftClientRequest:client-EF92285B7F8D->s1@group-3F2F94768D39, cid=431, seq=0, DataStream, Message:<EMPTY>, logEntry=null
2022-07-21 19:37:32,947 [pool-9-thread-13] INFO  datastream.DataStreamTestUtils (DataStreamTestUtils.java:writeAndCloseAndAssertReplies(320)) - Stream435: bytesWritten=7557470
2022-07-21 19:37:32,960 [pool-9-thread-15] INFO  datastream.DataStreamTestUtils (DataStreamTestUtils.java:writeAndCloseAndAssertReplies(311)) - start Stream436
2022-07-21 19:37:32,973 [pool-9-thread-6] INFO  datastream.DataStreamTestUtils (DataStreamTestUtils.java:writeAndCloseAndAssertReplies(311)) - start Stream437
2022-07-21 19:37:32,983 [pool-9-thread-11] INFO  datastream.DataStreamTestUtils (DataStreamTestUtils.java:writeAndCloseAndAssertReplies(311)) - start Stream438
2022-07-21 19:37:33,113 [pool-9-thread-5] INFO  datastream.DataStreamTestUtils (DataStreamTestUtils.java:writeAndCloseAndAssertReplies(311)) - start Stream439
2022-07-21 19:37:33,163 [s1-client-thread1] INFO  statemachine.StateMachine (DataStreamTestUtils.java:link(157)) - link SingleDataStream: writeRequest=RaftClientRequest:client-467D70C479B2->s0@group-3F2F94768D39, cid=434, seq=0, DataStream, Message:<EMPTY>, logEntry=null
2022-07-21 19:37:33,170 [s1-client-thread1] INFO  statemachine.StateMachine (DataStreamTestUtils.java:link(157)) - link SingleDataStream: writeRequest=RaftClientRequest:client-467D70C479B2->s0@group-3F2F94768D39, cid=435, seq=0, DataStream, Message:<EMPTY>, logEntry=null
2022-07-21 19:37:33,172 [s2-server-thread2] INFO  statemachine.StateMachine (DataStreamTestUtils.java:link(157)) - link SingleDataStream: writeRequest=RaftClientRequest:client-467D70C479B2->s0@group-3F2F94768D39, cid=434, seq=0, DataStream, Message:<EMPTY>, logEntry=null
2022-07-21 19:37:33,172 [s0-server-thread1] INFO  statemachine.StateMachine (DataStreamTestUtils.java:link(157)) - link SingleDataStream: writeRequest=RaftClientRequest:client-467D70C479B2->s0@group-3F2F94768D39, cid=434, seq=0, DataStream, Message:<EMPTY>, logEntry=null
2022-07-21 19:37:33,175 [s2-server-thread2] INFO  statemachine.StateMachine (DataStreamTestUtils.java:link(157)) - link SingleDataStream: writeRequest=RaftClientRequest:client-467D70C479B2->s0@group-3F2F94768D39, cid=435, seq=0, DataStream, Message:<EMPTY>, logEntry=null
2022-07-21 19:37:33,175 [s0-server-thread1] INFO  statemachine.StateMachine (DataStreamTestUtils.java:link(157)) - link SingleDataStream: writeRequest=RaftClientRequest:client-467D70C479B2->s0@group-3F2F94768D39, cid=435, seq=0, DataStream, Message:<EMPTY>, logEntry=null
2022-07-21 19:37:33,250 [pool-9-thread-13] INFO  datastream.DataStreamTestUtils (DataStreamTestUtils.java:writeAndCloseAndAssertReplies(311)) - start Stream440
2022-07-21 19:37:33,267 [pool-9-thread-8] INFO  datastream.DataStreamTestUtils (DataStreamTestUtils.java:writeAndCloseAndAssertReplies(311)) - start Stream441
2022-07-21 19:37:33,331 [pool-9-thread-15] INFO  datastream.DataStreamTestUtils (DataStreamTestUtils.java:writeAndCloseAndAssertReplies(320)) - Stream436: bytesWritten=7114839
2022-07-21 19:37:34,082 [org.apache.ratis.util.JvmPauseMonitor$$Lambda$279/2133923994@18e5eed3] WARN  util.JvmPauseMonitor (JvmPauseMonitor.java:detectPause(124)) - JvmPauseMonitor-s0: Detected pause in JVM or host machine (eg GC): pause of approximately 289269265ns.
GC pool 'PS MarkSweep' had collection(s): count=1 time=627ms
GC pool 'PS Scavenge' had collection(s): count=1 time=106ms
2022-07-21 19:37:34,084 [org.apache.ratis.util.JvmPauseMonitor$$Lambda$279/2133923994@6651e685] WARN  util.JvmPauseMonitor (JvmPauseMonitor.java:detectPause(124)) - JvmPauseMonitor-s2: Detected pause in JVM or host machine (eg GC): pause of approximately 293306410ns.
GC pool 'PS MarkSweep' had collection(s): count=1 time=627ms
GC pool 'PS Scavenge' had collection(s): count=1 time=106ms
2022-07-21 19:37:34,084 [org.apache.ratis.util.JvmPauseMonitor$$Lambda$279/2133923994@fac9096] WARN  util.JvmPauseMonitor (JvmPauseMonitor.java:detectPause(124)) - JvmPauseMonitor-s1: Detected pause in JVM or host machine (eg GC): pause of approximately 293484408ns.
GC pool 'PS MarkSweep' had collection(s): count=1 time=627ms
GC pool 'PS Scavenge' had collection(s): count=1 time=106ms
2022-07-21 19:37:34,084 [s1@group-3F2F94768D39-LeaderStateImpl] WARN  server.RaftServer$Division (LeaderStateImpl.java:checkLeadership(1020)) - s1@group-3F2F94768D39-LeaderStateImpl: Lost leadership on term: 2. Election timeout: 300ms. In charge for: 16931ms. Conf: 47: peers:[s0|rpc:localhost:41459|admin:localhost:39355|client:localhost:35515|dataStream:localhost:32957|priority:0|startupRole:FOLLOWER, s1|rpc:localhost:42501|admin:localhost:40929|client:localhost:40437|dataStream:localhost:34203|priority:0|startupRole:FOLLOWER, s2|rpc:localhost:35871|admin:localhost:34483|client:localhost:43959|dataStream:localhost:39743|priority:0|startupRole:FOLLOWER]|listeners:[], old=null
2022-07-21 19:37:34,084 [s1@group-3F2F94768D39-LeaderStateImpl] WARN  server.RaftServer$Division (LeaderStateImpl.java:lambda$checkLeadership$17(1024)) - Follower s1@group-3F2F94768D39->s0(c102,m104,n105, attendVote=true, lastRpcSendTime=835, lastRpcResponseTime=770)
2022-07-21 19:37:34,084 [s1@group-3F2F94768D39-LeaderStateImpl] WARN  server.RaftServer$Division (LeaderStateImpl.java:lambda$checkLeadership$17(1024)) - Follower s1@group-3F2F94768D39->s2(c102,m104,n105, attendVote=true, lastRpcSendTime=832, lastRpcResponseTime=784)
2022-07-21 19:37:34,084 [s1@group-3F2F94768D39-LeaderStateImpl] INFO  server.RaftServer$Division (RaftServerImpl.java:setRole(301)) - s1@group-3F2F94768D39: changes role from    LEADER to FOLLOWER at term 2 for StepDownReason:LOST_MAJORITY_HEARTBEATS
2022-07-21 19:37:34,084 [s1@group-3F2F94768D39-LeaderStateImpl] INFO  impl.RoleInfo (RoleInfo.java:shutdownLeaderState(93)) - s1: shutdown s1@group-3F2F94768D39-LeaderStateImpl
2022-07-21 19:37:34,085 [s1@group-3F2F94768D39-LeaderStateImpl] INFO  impl.PendingRequests (PendingRequests.java:sendNotLeaderResponses(282)) - s1@group-3F2F94768D39-PendingRequests: sendNotLeaderResponses
2022-07-21 19:37:34,085 [s0@group-3F2F94768D39-FollowerState] WARN  impl.FollowerState (FollowerState.java:run(130)) - Unexpected long sleep: sleep 232ms but took extra 617307555ns (> threshold = 300ms)
2022-07-21 19:37:34,091 [s1@group-3F2F94768D39->s0-GrpcLogAppender-LogAppenderDaemon] WARN  server.GrpcLogAppender (GrpcLogAppender.java:mayWait(183)) - s1@group-3F2F94768D39->s0-GrpcLogAppender: Wait interrupted by java.lang.InterruptedException
2022-07-21 19:37:34,091 [s1@group-3F2F94768D39->s2-GrpcLogAppender-LogAppenderDaemon] WARN  server.GrpcLogAppender (GrpcLogAppender.java:mayWait(183)) - s1@group-3F2F94768D39->s2-GrpcLogAppender: Wait interrupted by java.lang.InterruptedException
2022-07-21 19:37:34,093 [grpc-default-executor-1] INFO  server.GrpcServerProtocolService (GrpcServerProtocolService.java:onCompleted(145)) - s0: Completed APPEND_ENTRIES, lastRequest: s1->s0#513-t2,previous=(t:2, i:103),leaderCommit=102,initializing? true,entries: size=1, first=(t:2, i:104), METADATAENTRY(c:102)
2022-07-21 19:37:34,094 [grpc-default-executor-5] INFO  server.GrpcServerProtocolService (GrpcServerProtocolService.java:onCompleted(145)) - s2: Completed APPEND_ENTRIES, lastRequest: null
2022-07-21 19:37:34,094 [grpc-default-executor-0] INFO  server.GrpcServerProtocolService (GrpcServerProtocolService.java:onCompleted(145)) - s2: Completed APPEND_ENTRIES, lastRequest: s1->s2#480-t2,previous=(t:2, i:103),leaderCommit=102,initializing? true,entries: size=1, first=(t:2, i:104), METADATAENTRY(c:102)
2022-07-21 19:37:34,094 [grpc-default-executor-4] INFO  server.GrpcServerProtocolService (GrpcServerProtocolService.java:onCompleted(145)) - s0: Completed APPEND_ENTRIES, lastRequest: null
2022-07-21 19:37:34,094 [grpc-default-executor-12] INFO  server.GrpcLogAppender (GrpcLogAppender.java:onCompleted(386)) - s1@group-3F2F94768D39->s0-AppendLogResponseHandler: follower responses appendEntries COMPLETED
2022-07-21 19:37:34,094 [grpc-default-executor-12] INFO  leader.FollowerInfo (FollowerInfoImpl.java:lambda$new$0(48)) - s1@group-3F2F94768D39->s0: nextIndex: updateUnconditionally 105 -> 104
2022-07-21 19:37:34,095 [grpc-default-executor-12] INFO  server.GrpcLogAppender (GrpcLogAppender.java:onCompleted(386)) - s1@group-3F2F94768D39->s2-AppendLogResponseHandler: follower responses appendEntries COMPLETED
2022-07-21 19:37:34,095 [grpc-default-executor-12] INFO  leader.FollowerInfo (FollowerInfoImpl.java:lambda$new$0(48)) - s1@group-3F2F94768D39->s2: nextIndex: updateUnconditionally 105 -> 104
2022-07-21 19:37:34,097 [grpc-default-executor-12] INFO  server.GrpcLogAppender (GrpcLogAppender.java:onCompleted(386)) - s1@group-3F2F94768D39->s0-AppendLogResponseHandler: follower responses appendEntries COMPLETED
2022-07-21 19:37:34,097 [grpc-default-executor-12] INFO  leader.FollowerInfo (FollowerInfoImpl.java:lambda$new$0(48)) - s1@group-3F2F94768D39->s0: nextIndex: updateUnconditionally 104 -> 103
2022-07-21 19:37:34,104 [s2@group-3F2F94768D39-FollowerState] WARN  impl.FollowerState (FollowerState.java:run(130)) - Unexpected long sleep: sleep 166ms but took extra 759247332ns (> threshold = 300ms)
2022-07-21 19:37:34,116 [grpc-default-executor-4] INFO  server.GrpcLogAppender (GrpcLogAppender.java:onCompleted(386)) - s1@group-3F2F94768D39->s2-AppendLogResponseHandler: follower responses appendEntries COMPLETED
2022-07-21 19:37:34,116 [grpc-default-executor-4] INFO  leader.FollowerInfo (FollowerInfoImpl.java:lambda$new$0(48)) - s1@group-3F2F94768D39->s2: nextIndex: updateUnconditionally 104 -> 103
2022-07-21 19:37:34,124 [pool-9-thread-11] INFO  datastream.DataStreamTestUtils (DataStreamTestUtils.java:writeAndCloseAndAssertReplies(320)) - Stream438: bytesWritten=7398351
2022-07-21 19:37:34,226 [s1@group-3F2F94768D39-LeaderStateImpl] INFO  impl.RoleInfo (RoleInfo.java:updateAndGet(139)) - s1: start s1@group-3F2F94768D39-FollowerState
2022-07-21 19:37:34,241 [pool-9-thread-6] INFO  datastream.DataStreamTestUtils (DataStreamTestUtils.java:writeAndCloseAndAssertReplies(320)) - Stream437: bytesWritten=7589942
2022-07-21 19:37:34,269 [s0@group-3F2F94768D39-FollowerState] INFO  impl.FollowerState (FollowerState.java:run(143)) - s0@group-3F2F94768D39-FollowerState: change to CANDIDATE, lastRpcElapsedTime:969520048ns, electionTimeout:184ms
2022-07-21 19:37:34,269 [s0@group-3F2F94768D39-FollowerState] INFO  impl.RoleInfo (RoleInfo.java:shutdownFollowerState(110)) - s0: shutdown s0@group-3F2F94768D39-FollowerState
2022-07-21 19:37:34,269 [s0@group-3F2F94768D39-FollowerState] INFO  server.RaftServer$Division (RaftServerImpl.java:setRole(301)) - s0@group-3F2F94768D39: changes role from  FOLLOWER to CANDIDATE at term 2 for changeToCandidate
2022-07-21 19:37:34,269 [s0@group-3F2F94768D39-FollowerState] INFO  server.RaftServerConfigKeys (ConfUtils.java:logGet(46)) - raft.server.leaderelection.pre-vote = true (default)
2022-07-21 19:37:34,270 [s0@group-3F2F94768D39-FollowerState] INFO  impl.RoleInfo (RoleInfo.java:updateAndGet(139)) - s0: start s0@group-3F2F94768D39-LeaderElection9
2022-07-21 19:37:34,286 [s0@group-3F2F94768D39-LeaderElection9] INFO  server.RaftServer$Division (ServerState.java:setLeader(313)) - s0@group-3F2F94768D39: change Leader from s1 to null at term 2 for PRE_VOTE
2022-07-21 19:37:34,287 [s0@group-3F2F94768D39-LeaderElection9] INFO  impl.LeaderElection (LeaderElection.java:askForVotes(310)) - s0@group-3F2F94768D39-LeaderElection9 PRE_VOTE round 0: submit vote requests at term 2 for 47: peers:[s0|rpc:localhost:41459|admin:localhost:39355|client:localhost:35515|dataStream:localhost:32957|priority:0|startupRole:FOLLOWER, s1|rpc:localhost:42501|admin:localhost:40929|client:localhost:40437|dataStream:localhost:34203|priority:0|startupRole:FOLLOWER, s2|rpc:localhost:35871|admin:localhost:34483|client:localhost:43959|dataStream:localhost:39743|priority:0|startupRole:FOLLOWER]|listeners:[], old=null
2022-07-21 19:37:34,300 [pool-9-thread-5] INFO  datastream.DataStreamTestUtils (DataStreamTestUtils.java:writeAndCloseAndAssertReplies(320)) - Stream439: bytesWritten=6550604
2022-07-21 19:37:34,319 [grpc-default-executor-4] INFO  server.RaftServer$Division (RaftServerImpl.java:requestVote(1198)) - s1@group-3F2F94768D39: receive requestVote(PRE_VOTE, s0, group-3F2F94768D39, 2, (t:2, i:104))
2022-07-21 19:37:34,319 [grpc-default-executor-4] INFO  impl.VoteContext (VoteContext.java:log(48)) - s1@group-3F2F94768D39-FOLLOWER: reject PRE_VOTE from s0: this server is a follower and still has a valid leader s1
2022-07-21 19:37:34,320 [grpc-default-executor-4] INFO  server.RaftServer$Division (RaftServerImpl.java:requestVote(1231)) - s1@group-3F2F94768D39 replies to PRE_VOTE vote request: s0<-s1#0:FAIL-t2. Peer's state: s1@group-3F2F94768D39:t2, leader=s1, voted=s1, raftlog=Memoized:s1@group-3F2F94768D39-SegmentedRaftLog:OPENED:c104, conf=47: peers:[s0|rpc:localhost:41459|admin:localhost:39355|client:localhost:35515|dataStream:localhost:32957|priority:0|startupRole:FOLLOWER, s1|rpc:localhost:42501|admin:localhost:40929|client:localhost:40437|dataStream:localhost:34203|priority:0|startupRole:FOLLOWER, s2|rpc:localhost:35871|admin:localhost:34483|client:localhost:43959|dataStream:localhost:39743|priority:0|startupRole:FOLLOWER]|listeners:[], old=null
2022-07-21 19:37:34,320 [grpc-default-executor-13] INFO  server.RaftServer$Division (RaftServerImpl.java:requestVote(1198)) - s2@group-3F2F94768D39: receive requestVote(PRE_VOTE, s0, group-3F2F94768D39, 2, (t:2, i:104))
2022-07-21 19:37:34,320 [grpc-default-executor-13] INFO  impl.VoteContext (VoteContext.java:log(48)) - s2@group-3F2F94768D39-FOLLOWER: accept PRE_VOTE from s0: our priority 0 <= candidate's priority 0
2022-07-21 19:37:34,321 [grpc-default-executor-13] INFO  server.RaftServer$Division (RaftServerImpl.java:requestVote(1231)) - s2@group-3F2F94768D39 replies to PRE_VOTE vote request: s0<-s2#0:OK-t2. Peer's state: s2@group-3F2F94768D39:t2, leader=s1, voted=s1, raftlog=Memoized:s2@group-3F2F94768D39-SegmentedRaftLog:OPENED:c102, conf=47: peers:[s0|rpc:localhost:41459|admin:localhost:39355|client:localhost:35515|dataStream:localhost:32957|priority:0|startupRole:FOLLOWER, s1|rpc:localhost:42501|admin:localhost:40929|client:localhost:40437|dataStream:localhost:34203|priority:0|startupRole:FOLLOWER, s2|rpc:localhost:35871|admin:localhost:34483|client:localhost:43959|dataStream:localhost:39743|priority:0|startupRole:FOLLOWER]|listeners:[], old=null
2022-07-21 19:37:34,328 [s0@group-3F2F94768D39-LeaderElection9] INFO  impl.LeaderElection (LeaderElection.java:logAndReturn(90)) - s0@group-3F2F94768D39-LeaderElection9: PRE_VOTE PASSED received 2 response(s) and 0 exception(s):
2022-07-21 19:37:34,328 [s0@group-3F2F94768D39-LeaderElection9] INFO  impl.LeaderElection (LeaderElection.java:logAndReturn(94)) -   Response 0: s0<-s1#0:FAIL-t2
2022-07-21 19:37:34,328 [s0@group-3F2F94768D39-LeaderElection9] INFO  impl.LeaderElection (LeaderElection.java:logAndReturn(94)) -   Response 1: s0<-s2#0:OK-t2
2022-07-21 19:37:34,328 [s0@group-3F2F94768D39-LeaderElection9] INFO  impl.LeaderElection (LeaderElection.java:askForVotes(312)) - s0@group-3F2F94768D39-LeaderElection9 PRE_VOTE round 0: result PASSED
2022-07-21 19:37:34,333 [s0@group-3F2F94768D39-LeaderElection9] INFO  impl.LeaderElection (LeaderElection.java:askForVotes(310)) - s0@group-3F2F94768D39-LeaderElection9 ELECTION round 0: submit vote requests at term 3 for 47: peers:[s0|rpc:localhost:41459|admin:localhost:39355|client:localhost:35515|dataStream:localhost:32957|priority:0|startupRole:FOLLOWER, s1|rpc:localhost:42501|admin:localhost:40929|client:localhost:40437|dataStream:localhost:34203|priority:0|startupRole:FOLLOWER, s2|rpc:localhost:35871|admin:localhost:34483|client:localhost:43959|dataStream:localhost:39743|priority:0|startupRole:FOLLOWER]|listeners:[], old=null
2022-07-21 19:37:34,353 [grpc-default-executor-13] INFO  server.RaftServer$Division (RaftServerImpl.java:requestVote(1198)) - s2@group-3F2F94768D39: receive requestVote(ELECTION, s0, group-3F2F94768D39, 3, (t:2, i:104))
2022-07-21 19:37:34,353 [grpc-default-executor-13] INFO  impl.VoteContext (VoteContext.java:log(48)) - s2@group-3F2F94768D39-FOLLOWER: accept ELECTION from s0: our priority 0 <= candidate's priority 0
2022-07-21 19:37:34,353 [grpc-default-executor-13] INFO  server.RaftServer$Division (ServerState.java:setLeader(313)) - s2@group-3F2F94768D39: change Leader from s1 to null at term 3 for updateCurrentTerm
2022-07-21 19:37:34,353 [grpc-default-executor-13] INFO  server.RaftServer$Division (RaftServerImpl.java:setRole(301)) - s2@group-3F2F94768D39: changes role from  FOLLOWER to FOLLOWER at term 3 for candidate:s0
2022-07-21 19:37:34,354 [grpc-default-executor-13] INFO  impl.RoleInfo (RoleInfo.java:shutdownFollowerState(110)) - s2: shutdown s2@group-3F2F94768D39-FollowerState
2022-07-21 19:37:34,354 [grpc-default-executor-13] INFO  impl.RoleInfo (RoleInfo.java:updateAndGet(139)) - s2: start s2@group-3F2F94768D39-FollowerState
2022-07-21 19:37:34,354 [s2@group-3F2F94768D39-FollowerState] INFO  impl.FollowerState (FollowerState.java:run(152)) - s2@group-3F2F94768D39-FollowerState was interrupted
2022-07-21 19:37:34,358 [grpc-default-executor-13] INFO  server.RaftServer$Division (RaftServerImpl.java:requestVote(1231)) - s2@group-3F2F94768D39 replies to ELECTION vote request: s0<-s2#0:OK-t3. Peer's state: s2@group-3F2F94768D39:t3, leader=null, voted=s0, raftlog=Memoized:s2@group-3F2F94768D39-SegmentedRaftLog:OPENED:c102, conf=47: peers:[s0|rpc:localhost:41459|admin:localhost:39355|client:localhost:35515|dataStream:localhost:32957|priority:0|startupRole:FOLLOWER, s1|rpc:localhost:42501|admin:localhost:40929|client:localhost:40437|dataStream:localhost:34203|priority:0|startupRole:FOLLOWER, s2|rpc:localhost:35871|admin:localhost:34483|client:localhost:43959|dataStream:localhost:39743|priority:0|startupRole:FOLLOWER]|listeners:[], old=null
2022-07-21 19:37:34,367 [s0@group-3F2F94768D39-LeaderElection9] INFO  impl.LeaderElection (LeaderElection.java:logAndReturn(90)) - s0@group-3F2F94768D39-LeaderElection9: ELECTION PASSED received 1 response(s) and 0 exception(s):
2022-07-21 19:37:34,367 [s0@group-3F2F94768D39-LeaderElection9] INFO  impl.LeaderElection (LeaderElection.java:logAndReturn(94)) -   Response 0: s0<-s2#0:OK-t3
2022-07-21 19:37:34,367 [s0@group-3F2F94768D39-LeaderElection9] INFO  impl.LeaderElection (LeaderElection.java:askForVotes(312)) - s0@group-3F2F94768D39-LeaderElection9 ELECTION round 0: result PASSED
2022-07-21 19:37:34,367 [s0@group-3F2F94768D39-LeaderElection9] INFO  impl.RoleInfo (RoleInfo.java:shutdownLeaderElection(130)) - s0: shutdown s0@group-3F2F94768D39-LeaderElection9
2022-07-21 19:37:34,367 [s0@group-3F2F94768D39-LeaderElection9] INFO  server.RaftServer$Division (RaftServerImpl.java:setRole(301)) - s0@group-3F2F94768D39: changes role from CANDIDATE to LEADER at term 3 for changeToLeader
2022-07-21 19:37:34,367 [s0@group-3F2F94768D39-LeaderElection9] INFO  server.RaftServer$Division (ServerState.java:setLeader(313)) - s0@group-3F2F94768D39: change Leader from null to s0 at term 3 for becomeLeader, leader elected after 81ms
2022-07-21 19:37:34,367 [s0@group-3F2F94768D39-LeaderElection9] INFO  server.RaftServerConfigKeys (ConfUtils.java:logGet(46)) - raft.server.staging.catchup.gap = 1000 (default)
2022-07-21 19:37:34,368 [s0@group-3F2F94768D39-LeaderElection9] INFO  server.RaftServerConfigKeys (ConfUtils.java:logGet(46)) - raft.server.write.element-limit = 4096 (default)
2022-07-21 19:37:34,368 [s0@group-3F2F94768D39-LeaderElection9] INFO  server.RaftServerConfigKeys (ConfUtils.java:logGet(46)) - raft.server.write.byte-limit = 64MB (=67108864) (default)
2022-07-21 19:37:34,368 [s0@group-3F2F94768D39-LeaderElection9] INFO  server.RaftServerConfigKeys (ConfUtils.java:logGet(46)) - raft.server.watch.timeout = 10s (default)
2022-07-21 19:37:34,368 [s0@group-3F2F94768D39-LeaderElection9] INFO  server.RaftServerConfigKeys (ConfUtils.java:logGet(46)) - raft.server.watch.timeout.denomination = 1s (default)
2022-07-21 19:37:34,368 [s0@group-3F2F94768D39-LeaderElection9] INFO  server.RaftServerConfigKeys (ConfUtils.java:logGet(46)) - raft.server.watch.element-limit = 65536 (default)
2022-07-21 19:37:34,368 [s0@group-3F2F94768D39-LeaderElection9] INFO  server.RaftServerConfigKeys (ConfUtils.java:logGet(46)) - raft.server.write.element-limit = 4096 (default)
2022-07-21 19:37:34,368 [s0@group-3F2F94768D39-LeaderElection9] INFO  server.RaftServerConfigKeys (ConfUtils.java:logGet(46)) - raft.server.write.follower.gap.ratio.max = -1.0 (default)
2022-07-21 19:37:34,368 [s0@group-3F2F94768D39-LeaderElection9] INFO  server.RaftServerConfigKeys (ConfUtils.java:logGet(46)) - raft.server.log.appender.snapshot.chunk.size.max = 16MB (=16777216) (default)
2022-07-21 19:37:34,368 [s0@group-3F2F94768D39-LeaderElection9] INFO  server.RaftServerConfigKeys (ConfUtils.java:logGet(46)) - raft.server.log.appender.buffer.byte-limit = 4MB (=4194304) (default)
2022-07-21 19:37:34,369 [s0@group-3F2F94768D39-LeaderElection9] INFO  server.RaftServerConfigKeys (ConfUtils.java:logGet(46)) - raft.server.log.appender.buffer.element-limit = 0 (default)
2022-07-21 19:37:34,369 [s0@group-3F2F94768D39-LeaderElection9] INFO  grpc.GrpcConfigKeys (ConfUtils.java:logGet(46)) - raft.grpc.server.leader.outstanding.appends.max = 128 (default)
2022-07-21 19:37:34,369 [s0@group-3F2F94768D39-LeaderElection9] INFO  server.RaftServerConfigKeys (ConfUtils.java:logGet(46)) - raft.server.rpc.request.timeout = 3000ms (default)
2022-07-21 19:37:34,369 [s0@group-3F2F94768D39-LeaderElection9] INFO  server.RaftServerConfigKeys (ConfUtils.java:logGet(46)) - raft.server.log.appender.install.snapshot.enabled = true (default)
2022-07-21 19:37:34,369 [s0@group-3F2F94768D39-LeaderElection9] INFO  grpc.GrpcConfigKeys (ConfUtils.java:logGet(46)) - raft.grpc.server.heartbeat.channel = true (default)
2022-07-21 19:37:34,369 [s0@group-3F2F94768D39-LeaderElection9] INFO  server.RaftServerConfigKeys (ConfUtils.java:logGet(46)) - raft.server.log.appender.snapshot.chunk.size.max = 16MB (=16777216) (default)
2022-07-21 19:37:34,369 [s0@group-3F2F94768D39-LeaderElection9] INFO  server.RaftServerConfigKeys (ConfUtils.java:logGet(46)) - raft.server.log.appender.buffer.byte-limit = 4MB (=4194304) (default)
2022-07-21 19:37:34,369 [s0@group-3F2F94768D39-LeaderElection9] INFO  server.RaftServerConfigKeys (ConfUtils.java:logGet(46)) - raft.server.log.appender.buffer.element-limit = 0 (default)
2022-07-21 19:37:34,369 [s0@group-3F2F94768D39-LeaderElection9] INFO  grpc.GrpcConfigKeys (ConfUtils.java:logGet(46)) - raft.grpc.server.leader.outstanding.appends.max = 128 (default)
2022-07-21 19:37:34,369 [s0@group-3F2F94768D39-LeaderElection9] INFO  server.RaftServerConfigKeys (ConfUtils.java:logGet(46)) - raft.server.rpc.request.timeout = 3000ms (default)
2022-07-21 19:37:34,370 [s0@group-3F2F94768D39-LeaderElection9] INFO  server.RaftServerConfigKeys (ConfUtils.java:logGet(46)) - raft.server.log.appender.install.snapshot.enabled = true (default)
2022-07-21 19:37:34,370 [s0@group-3F2F94768D39-LeaderElection9] INFO  grpc.GrpcConfigKeys (ConfUtils.java:logGet(46)) - raft.grpc.server.heartbeat.channel = true (default)
2022-07-21 19:37:34,370 [s0@group-3F2F94768D39-LeaderElection9] INFO  impl.RoleInfo (RoleInfo.java:updateAndGet(139)) - s0: start s0@group-3F2F94768D39-LeaderStateImpl
2022-07-21 19:37:34,373 [pool-9-thread-13] INFO  datastream.DataStreamTestUtils (DataStreamTestUtils.java:writeAndCloseAndAssertReplies(320)) - Stream440: bytesWritten=7739015
2022-07-21 19:37:34,380 [pool-9-thread-8] INFO  datastream.DataStreamTestUtils (DataStreamTestUtils.java:writeAndCloseAndAssertReplies(320)) - Stream441: bytesWritten=7462961
2022-07-21 19:37:34,382 [s0@group-3F2F94768D39-LeaderElection9] INFO  segmented.SegmentedRaftLogWorker (SegmentedRaftLogWorker.java:rollLogSegment(430)) - s0@group-3F2F94768D39-SegmentedRaftLogWorker: Rolling segment log-47_104 to index:104
2022-07-21 19:37:34,384 [s0@group-3F2F94768D39-SegmentedRaftLogWorker] TRACE util.FileUtils (LogUtils.java:runAndLog(49)) - Successfully ran Files.move /home/runner/work/ratis/ratis/ratis-test/target/test/data/6043a73c/MiniRaftClusterWithRpcTypeGrpcAndDataStreamTypeNettyf73da000/s0/690677b6-83cd-46c4-b86f-3f2f94768d39/current/log_inprogress_47 to /home/runner/work/ratis/ratis/ratis-test/target/test/data/6043a73c/MiniRaftClusterWithRpcTypeGrpcAndDataStreamTypeNettyf73da000/s0/690677b6-83cd-46c4-b86f-3f2f94768d39/current/log_47-104
2022-07-21 19:37:34,384 [s0@group-3F2F94768D39-SegmentedRaftLogWorker] INFO  segmented.SegmentedRaftLogWorker (SegmentedRaftLogWorker.java:execute(586)) - s0@group-3F2F94768D39-SegmentedRaftLogWorker: Rolled log segment from /home/runner/work/ratis/ratis/ratis-test/target/test/data/6043a73c/MiniRaftClusterWithRpcTypeGrpcAndDataStreamTypeNettyf73da000/s0/690677b6-83cd-46c4-b86f-3f2f94768d39/current/log_inprogress_47 to /home/runner/work/ratis/ratis/ratis-test/target/test/data/6043a73c/MiniRaftClusterWithRpcTypeGrpcAndDataStreamTypeNettyf73da000/s0/690677b6-83cd-46c4-b86f-3f2f94768d39/current/log_47-104
2022-07-21 19:37:34,397 [s0@group-3F2F94768D39-SegmentedRaftLogWorker] INFO  segmented.SegmentedRaftLogWorker (SegmentedRaftLogWorker.java:execute(629)) - s0@group-3F2F94768D39-SegmentedRaftLogWorker: created new log segment /home/runner/work/ratis/ratis/ratis-test/target/test/data/6043a73c/MiniRaftClusterWithRpcTypeGrpcAndDataStreamTypeNettyf73da000/s0/690677b6-83cd-46c4-b86f-3f2f94768d39/current/log_inprogress_105
2022-07-21 19:37:34,407 [s1-server-thread2] INFO  server.RaftServer$Division (ServerState.java:setLeader(313)) - s1@group-3F2F94768D39: change Leader from s1 to null at term 3 for updateCurrentTerm
2022-07-21 19:37:34,409 [s1-server-thread2] INFO  server.RaftServer$Division (ServerState.java:setLeader(313)) - s1@group-3F2F94768D39: change Leader from null to s0 at term 3 for appendEntries, leader elected after 1ms
2022-07-21 19:37:34,409 [s1-server-thread1] INFO  server.RaftServer$Division (ServerState.java:setRaftConf(429)) - s1@group-3F2F94768D39: set configuration 105: peers:[s0|rpc:localhost:41459|admin:localhost:39355|client:localhost:35515|dataStream:localhost:32957|priority:0|startupRole:FOLLOWER, s1|rpc:localhost:42501|admin:localhost:40929|client:localhost:40437|dataStream:localhost:34203|priority:0|startupRole:FOLLOWER, s2|rpc:localhost:35871|admin:localhost:34483|client:localhost:43959|dataStream:localhost:39743|priority:0|startupRole:FOLLOWER]|listeners:[], old=null
2022-07-21 19:37:34,409 [s1-server-thread1] INFO  segmented.SegmentedRaftLogWorker (SegmentedRaftLogWorker.java:rollLogSegment(430)) - s1@group-3F2F94768D39-SegmentedRaftLogWorker: Rolling segment log-47_104 to index:104
2022-07-21 19:37:34,410 [s0@group-3F2F94768D39-LeaderElection9] INFO  server.RaftServer$Division (ServerState.java:setRaftConf(429)) - s0@group-3F2F94768D39: set configuration 105: peers:[s0|rpc:localhost:41459|admin:localhost:39355|client:localhost:35515|dataStream:localhost:32957|priority:0|startupRole:FOLLOWER, s1|rpc:localhost:42501|admin:localhost:40929|client:localhost:40437|dataStream:localhost:34203|priority:0|startupRole:FOLLOWER, s2|rpc:localhost:35871|admin:localhost:34483|client:localhost:43959|dataStream:localhost:39743|priority:0|startupRole:FOLLOWER]|listeners:[], old=null
2022-07-21 19:37:34,410 [s1@group-3F2F94768D39-SegmentedRaftLogWorker] TRACE util.FileUtils (LogUtils.java:runAndLog(49)) - Successfully ran Files.move /home/runner/work/ratis/ratis/ratis-test/target/test/data/6043a73c/MiniRaftClusterWithRpcTypeGrpcAndDataStreamTypeNettyf73da000/s1/690677b6-83cd-46c4-b86f-3f2f94768d39/current/log_inprogress_47 to /home/runner/work/ratis/ratis/ratis-test/target/test/data/6043a73c/MiniRaftClusterWithRpcTypeGrpcAndDataStreamTypeNettyf73da000/s1/690677b6-83cd-46c4-b86f-3f2f94768d39/current/log_47-104
2022-07-21 19:37:34,431 [s1@group-3F2F94768D39-SegmentedRaftLogWorker] INFO  segmented.SegmentedRaftLogWorker (SegmentedRaftLogWorker.java:execute(586)) - s1@group-3F2F94768D39-SegmentedRaftLogWorker: Rolled log segment from /home/runner/work/ratis/ratis/ratis-test/target/test/data/6043a73c/MiniRaftClusterWithRpcTypeGrpcAndDataStreamTypeNettyf73da000/s1/690677b6-83cd-46c4-b86f-3f2f94768d39/current/log_inprogress_47 to /home/runner/work/ratis/ratis/ratis-test/target/test/data/6043a73c/MiniRaftClusterWithRpcTypeGrpcAndDataStreamTypeNettyf73da000/s1/690677b6-83cd-46c4-b86f-3f2f94768d39/current/log_47-104
2022-07-21 19:37:34,425 [grpc-default-executor-13] INFO  server.RaftServer$Division (RaftServerImpl.java:requestVote(1198)) - s1@group-3F2F94768D39: receive requestVote(ELECTION, s0, group-3F2F94768D39, 3, (t:2, i:104))
2022-07-21 19:37:34,432 [grpc-default-executor-13] INFO  impl.VoteContext (VoteContext.java:log(48)) - s1@group-3F2F94768D39-FOLLOWER: reject ELECTION from s0: this server is a follower and still has a valid leader s0
2022-07-21 19:37:34,432 [grpc-default-executor-13] INFO  server.RaftServer$Division (RaftServerImpl.java:requestVote(1231)) - s1@group-3F2F94768D39 replies to ELECTION vote request: s0<-s1#0:FAIL-t3. Peer's state: s1@group-3F2F94768D39:t3, leader=s0, voted=null, raftlog=Memoized:s1@group-3F2F94768D39-SegmentedRaftLog:OPENED:c104, conf=105: peers:[s0|rpc:localhost:41459|admin:localhost:39355|client:localhost:35515|dataStream:localhost:32957|priority:0|startupRole:FOLLOWER, s1|rpc:localhost:42501|admin:localhost:40929|client:localhost:40437|dataStream:localhost:34203|priority:0|startupRole:FOLLOWER, s2|rpc:localhost:35871|admin:localhost:34483|client:localhost:43959|dataStream:localhost:39743|priority:0|startupRole:FOLLOWER]|listeners:[], old=null
2022-07-21 19:37:34,449 [s2-server-thread2] INFO  server.RaftServer$Division (ServerState.java:setLeader(313)) - s2@group-3F2F94768D39: change Leader from null to s0 at term 3 for appendEntries, leader elected after 95ms
2022-07-21 19:37:34,450 [s2-server-thread1] INFO  server.RaftServer$Division (ServerState.java:setRaftConf(429)) - s2@group-3F2F94768D39: set configuration 105: peers:[s0|rpc:localhost:41459|admin:localhost:39355|client:localhost:35515|dataStream:localhost:32957|priority:0|startupRole:FOLLOWER, s1|rpc:localhost:42501|admin:localhost:40929|client:localhost:40437|dataStream:localhost:34203|priority:0|startupRole:FOLLOWER, s2|rpc:localhost:35871|admin:localhost:34483|client:localhost:43959|dataStream:localhost:39743|priority:0|startupRole:FOLLOWER]|listeners:[], old=null
2022-07-21 19:37:34,450 [s2-server-thread1] INFO  segmented.SegmentedRaftLogWorker (SegmentedRaftLogWorker.java:rollLogSegment(430)) - s2@group-3F2F94768D39-SegmentedRaftLogWorker: Rolling segment log-47_104 to index:104
2022-07-21 19:37:34,451 [s2@group-3F2F94768D39-SegmentedRaftLogWorker] TRACE util.FileUtils (LogUtils.java:runAndLog(49)) - Successfully ran Files.move /home/runner/work/ratis/ratis/ratis-test/target/test/data/6043a73c/MiniRaftClusterWithRpcTypeGrpcAndDataStreamTypeNettyf73da000/s2/690677b6-83cd-46c4-b86f-3f2f94768d39/current/log_inprogress_47 to /home/runner/work/ratis/ratis/ratis-test/target/test/data/6043a73c/MiniRaftClusterWithRpcTypeGrpcAndDataStreamTypeNettyf73da000/s2/690677b6-83cd-46c4-b86f-3f2f94768d39/current/log_47-104
2022-07-21 19:37:34,451 [s2@group-3F2F94768D39-SegmentedRaftLogWorker] INFO  segmented.SegmentedRaftLogWorker (SegmentedRaftLogWorker.java:execute(586)) - s2@group-3F2F94768D39-SegmentedRaftLogWorker: Rolled log segment from /home/runner/work/ratis/ratis/ratis-test/target/test/data/6043a73c/MiniRaftClusterWithRpcTypeGrpcAndDataStreamTypeNettyf73da000/s2/690677b6-83cd-46c4-b86f-3f2f94768d39/current/log_inprogress_47 to /home/runner/work/ratis/ratis/ratis-test/target/test/data/6043a73c/MiniRaftClusterWithRpcTypeGrpcAndDataStreamTypeNettyf73da000/s2/690677b6-83cd-46c4-b86f-3f2f94768d39/current/log_47-104
2022-07-21 19:37:34,479 [s1@group-3F2F94768D39-SegmentedRaftLogWorker] INFO  segmented.SegmentedRaftLogWorker (SegmentedRaftLogWorker.java:execute(629)) - s1@group-3F2F94768D39-SegmentedRaftLogWorker: created new log segment /home/runner/work/ratis/ratis/ratis-test/target/test/data/6043a73c/MiniRaftClusterWithRpcTypeGrpcAndDataStreamTypeNettyf73da000/s1/690677b6-83cd-46c4-b86f-3f2f94768d39/current/log_inprogress_105
2022-07-21 19:37:34,487 [s2@group-3F2F94768D39-SegmentedRaftLogWorker] INFO  segmented.SegmentedRaftLogWorker (SegmentedRaftLogWorker.java:execute(629)) - s2@group-3F2F94768D39-SegmentedRaftLogWorker: created new log segment /home/runner/work/ratis/ratis/ratis-test/target/test/data/6043a73c/MiniRaftClusterWithRpcTypeGrpcAndDataStreamTypeNettyf73da000/s2/690677b6-83cd-46c4-b86f-3f2f94768d39/current/log_inprogress_105
2022-07-21 19:37:34,753 [s0-client-thread1] INFO  statemachine.StateMachine (DataStreamTestUtils.java:link(157)) - link SingleDataStream: writeRequest=RaftClientRequest:client-467D70C479B2->s0@group-3F2F94768D39, cid=436, seq=0, DataStream, Message:<EMPTY>, logEntry=null
2022-07-21 19:37:34,754 [s2-server-thread2] INFO  statemachine.StateMachine (DataStreamTestUtils.java:link(157)) - link SingleDataStream: writeRequest=RaftClientRequest:client-467D70C479B2->s0@group-3F2F94768D39, cid=436, seq=0, DataStream, Message:<EMPTY>, logEntry=null
2022-07-21 19:37:34,755 [s1-server-thread2] INFO  statemachine.StateMachine (DataStreamTestUtils.java:link(157)) - link SingleDataStream: writeRequest=RaftClientRequest:client-467D70C479B2->s0@group-3F2F94768D39, cid=436, seq=0, DataStream, Message:<EMPTY>, logEntry=null
2022-07-21 19:37:34,825 [pool-9-thread-15] INFO  datastream.DataStreamTestUtils (DataStreamTestUtils.java:writeAndCloseAndAssertReplies(311)) - start Stream442
2022-07-21 19:37:34,834 [s0-client-thread1] INFO  statemachine.StateMachine (DataStreamTestUtils.java:link(157)) - link SingleDataStream: writeRequest=RaftClientRequest:client-467D70C479B2->s0@group-3F2F94768D39, cid=438, seq=0, DataStream, Message:<EMPTY>, logEntry=null
2022-07-21 19:37:34,840 [s2-server-thread2] INFO  statemachine.StateMachine (DataStreamTestUtils.java:link(157)) - link SingleDataStream: writeRequest=RaftClientRequest:client-467D70C479B2->s0@group-3F2F94768D39, cid=438, seq=0, DataStream, Message:<EMPTY>, logEntry=null
2022-07-21 19:37:34,845 [s0-client-thread1] INFO  statemachine.StateMachine (DataStreamTestUtils.java:link(157)) - link SingleDataStream: writeRequest=RaftClientRequest:client-467D70C479B2->s0@group-3F2F94768D39, cid=437, seq=0, DataStream, Message:<EMPTY>, logEntry=null
2022-07-21 19:37:34,848 [pool-9-thread-11] INFO  datastream.DataStreamTestUtils (DataStreamTestUtils.java:writeAndCloseAndAssertReplies(311)) - start Stream443
2022-07-21 19:37:34,850 [s2-server-thread2] INFO  statemachine.StateMachine (DataStreamTestUtils.java:link(157)) - link SingleDataStream: writeRequest=RaftClientRequest:client-467D70C479B2->s0@group-3F2F94768D39, cid=437, seq=0, DataStream, Message:<EMPTY>, logEntry=null
2022-07-21 19:37:34,856 [s0-client-thread1] INFO  statemachine.StateMachine (DataStreamTestUtils.java:link(157)) - link SingleDataStream: writeRequest=RaftClientRequest:client-467D70C479B2->s0@group-3F2F94768D39, cid=439, seq=0, DataStream, Message:<EMPTY>, logEntry=null
2022-07-21 19:37:34,857 [s2-server-thread2] INFO  statemachine.StateMachine (DataStreamTestUtils.java:link(157)) - link SingleDataStream: writeRequest=RaftClientRequest:client-467D70C479B2->s0@group-3F2F94768D39, cid=439, seq=0, DataStream, Message:<EMPTY>, logEntry=null
2022-07-21 19:37:34,860 [s0-client-thread1] INFO  statemachine.StateMachine (DataStreamTestUtils.java:link(157)) - link SingleDataStream: writeRequest=RaftClientRequest:client-467D70C479B2->s0@group-3F2F94768D39, cid=440, seq=0, DataStream, Message:<EMPTY>, logEntry=null
2022-07-21 19:37:34,861 [s2-server-thread2] INFO  statemachine.StateMachine (DataStreamTestUtils.java:link(157)) - link SingleDataStream: writeRequest=RaftClientRequest:client-467D70C479B2->s0@group-3F2F94768D39, cid=440, seq=0, DataStream, Message:<EMPTY>, logEntry=null
2022-07-21 19:37:34,864 [s0-client-thread1] INFO  statemachine.StateMachine (DataStreamTestUtils.java:link(157)) - link SingleDataStream: writeRequest=RaftClientRequest:client-467D70C479B2->s0@group-3F2F94768D39, cid=441, seq=0, DataStream, Message:<EMPTY>, logEntry=null
2022-07-21 19:37:34,865 [s2-server-thread2] INFO  statemachine.StateMachine (DataStreamTestUtils.java:link(157)) - link SingleDataStream: writeRequest=RaftClientRequest:client-467D70C479B2->s0@group-3F2F94768D39, cid=441, seq=0, DataStream, Message:<EMPTY>, logEntry=null
2022-07-21 19:37:34,866 [pool-9-thread-6] INFO  datastream.DataStreamTestUtils (DataStreamTestUtils.java:writeAndCloseAndAssertReplies(311)) - start Stream414
2022-07-21 19:37:34,870 [pool-9-thread-5] INFO  datastream.DataStreamTestUtils (DataStreamTestUtils.java:writeAndCloseAndAssertReplies(311)) - start Stream444
2022-07-21 19:37:34,878 [pool-9-thread-13] INFO  datastream.DataStreamTestUtils (DataStreamTestUtils.java:writeAndCloseAndAssertReplies(311)) - start Stream445
2022-07-21 19:37:34,880 [pool-9-thread-8] INFO  datastream.DataStreamTestUtils (DataStreamTestUtils.java:writeAndCloseAndAssertReplies(311)) - start Stream446
2022-07-21 19:37:34,895 [s1-server-thread2] INFO  statemachine.StateMachine (DataStreamTestUtils.java:link(157)) - link SingleDataStream: writeRequest=RaftClientRequest:client-467D70C479B2->s0@group-3F2F94768D39, cid=438, seq=0, DataStream, Message:<EMPTY>, logEntry=null
2022-07-21 19:37:34,896 [s1-server-thread2] INFO  statemachine.StateMachine (DataStreamTestUtils.java:link(157)) - link SingleDataStream: writeRequest=RaftClientRequest:client-467D70C479B2->s0@group-3F2F94768D39, cid=437, seq=0, DataStream, Message:<EMPTY>, logEntry=null
2022-07-21 19:37:34,897 [s1-server-thread2] INFO  statemachine.StateMachine (DataStreamTestUtils.java:link(157)) - link SingleDataStream: writeRequest=RaftClientRequest:client-467D70C479B2->s0@group-3F2F94768D39, cid=439, seq=0, DataStream, Message:<EMPTY>, logEntry=null
2022-07-21 19:37:34,898 [s1-server-thread2] INFO  statemachine.StateMachine (DataStreamTestUtils.java:link(157)) - link SingleDataStream: writeRequest=RaftClientRequest:client-467D70C479B2->s0@group-3F2F94768D39, cid=440, seq=0, DataStream, Message:<EMPTY>, logEntry=null
2022-07-21 19:37:34,899 [s1-server-thread2] INFO  statemachine.StateMachine (DataStreamTestUtils.java:link(157)) - link SingleDataStream: writeRequest=RaftClientRequest:client-467D70C479B2->s0@group-3F2F94768D39, cid=441, seq=0, DataStream, Message:<EMPTY>, logEntry=null
2022-07-21 19:37:35,016 [pool-9-thread-11] INFO  datastream.DataStreamTestUtils (DataStreamTestUtils.java:writeAndCloseAndAssertReplies(320)) - Stream443: bytesWritten=8208302
2022-07-21 19:37:35,025 [s0-client-thread1] INFO  statemachine.StateMachine (DataStreamTestUtils.java:link(157)) - link SingleDataStream: writeRequest=RaftClientRequest:client-467D70C479B2->s0@group-3F2F94768D39, cid=443, seq=0, DataStream, Message:<EMPTY>, logEntry=null
2022-07-21 19:37:35,026 [s1-server-thread2] INFO  statemachine.StateMachine (DataStreamTestUtils.java:link(157)) - link SingleDataStream: writeRequest=RaftClientRequest:client-467D70C479B2->s0@group-3F2F94768D39, cid=443, seq=0, DataStream, Message:<EMPTY>, logEntry=null
2022-07-21 19:37:35,026 [s2-server-thread1] INFO  statemachine.StateMachine (DataStreamTestUtils.java:link(157)) - link SingleDataStream: writeRequest=RaftClientRequest:client-467D70C479B2->s0@group-3F2F94768D39, cid=443, seq=0, DataStream, Message:<EMPTY>, logEntry=null
2022-07-21 19:37:35,082 [pool-9-thread-15] INFO  datastream.DataStreamTestUtils (DataStreamTestUtils.java:writeAndCloseAndAssertReplies(320)) - Stream442: bytesWritten=7936884
2022-07-21 19:37:35,091 [s0-client-thread1] INFO  statemachine.StateMachine (DataStreamTestUtils.java:link(157)) - link SingleDataStream: writeRequest=RaftClientRequest:client-467D70C479B2->s0@group-3F2F94768D39, cid=442, seq=0, DataStream, Message:<EMPTY>, logEntry=null
2022-07-21 19:37:35,092 [s1-server-thread2] INFO  statemachine.StateMachine (DataStreamTestUtils.java:link(157)) - link SingleDataStream: writeRequest=RaftClientRequest:client-467D70C479B2->s0@group-3F2F94768D39, cid=442, seq=0, DataStream, Message:<EMPTY>, logEntry=null
2022-07-21 19:37:35,094 [s2-server-thread1] INFO  statemachine.StateMachine (DataStreamTestUtils.java:link(157)) - link SingleDataStream: writeRequest=RaftClientRequest:client-467D70C479B2->s0@group-3F2F94768D39, cid=442, seq=0, DataStream, Message:<EMPTY>, logEntry=null
2022-07-21 19:37:35,096 [pool-9-thread-11] INFO  datastream.DataStreamTestUtils (DataStreamTestUtils.java:writeAndCloseAndAssertReplies(311)) - start Stream447
2022-07-21 19:37:35,102 [pool-9-thread-15] INFO  datastream.DataStreamTestUtils (DataStreamTestUtils.java:writeAndCloseAndAssertReplies(311)) - start Stream448
2022-07-21 19:37:35,115 [pool-9-thread-16] INFO  datastream.DataStreamTestUtils (DataStreamTestUtils.java:writeAndCloseAndAssertReplies(311)) - start Stream449
2022-07-21 19:37:41,267 [Timer-2] INFO  impl.MiniRaftCluster (MiniRaftCluster.java:lambda$null$5(315)) - TIMED-PRINT: printing ALL groups
  s0:  RUNNING    LEADER s0@group-3F2F94768D39:t3, leader=s0, voted=s0, raftlog=Memoized:s0@group-3F2F94768D39-SegmentedRaftLog:OPENED:c122, conf=105: peers:[s0|rpc:localhost:41459|admin:localhost:39355|client:localhost:35515|dataStream:localhost:32957|priority:0|startupRole:FOLLOWER, s1|rpc:localhost:42501|admin:localhost:40929|client:localhost:40437|dataStream:localhost:34203|priority:0|startupRole:FOLLOWER, s2|rpc:localhost:35871|admin:localhost:34483|client:localhost:43959|dataStream:localhost:39743|priority:0|startupRole:FOLLOWER]|listeners:[], old=null RUNNING
  s1:  RUNNING  FOLLOWER s1@group-3F2F94768D39:t3, leader=s0, voted=null, raftlog=Memoized:s1@group-3F2F94768D39-SegmentedRaftLog:OPENED:c122, conf=105: peers:[s0|rpc:localhost:41459|admin:localhost:39355|client:localhost:35515|dataStream:localhost:32957|priority:0|startupRole:FOLLOWER, s1|rpc:localhost:42501|admin:localhost:40929|client:localhost:40437|dataStream:localhost:34203|priority:0|startupRole:FOLLOWER, s2|rpc:localhost:35871|admin:localhost:34483|client:localhost:43959|dataStream:localhost:39743|priority:0|startupRole:FOLLOWER]|listeners:[], old=null RUNNING
  s2:  RUNNING  FOLLOWER s2@group-3F2F94768D39:t3, leader=s0, voted=s0, raftlog=Memoized:s2@group-3F2F94768D39-SegmentedRaftLog:OPENED:c122, conf=105: peers:[s0|rpc:localhost:41459|admin:localhost:39355|client:localhost:35515|dataStream:localhost:32957|priority:0|startupRole:FOLLOWER, s1|rpc:localhost:42501|admin:localhost:40929|client:localhost:40437|dataStream:localhost:34203|priority:0|startupRole:FOLLOWER, s2|rpc:localhost:35871|admin:localhost:34483|client:localhost:43959|dataStream:localhost:39743|priority:0|startupRole:FOLLOWER]|listeners:[], old=null RUNNING
2022-07-21 19:37:43,341 [pool-9-thread-12] INFO  datastream.DataStreamTestUtils (DataStreamTestUtils.java:writeAndCloseAndAssertReplies(320)) - Stream410: bytesWritten=3736526
2022-07-21 19:37:43,479 [s0-client-thread1] INFO  statemachine.StateMachine (DataStreamTestUtils.java:link(157)) - link SingleDataStream: writeRequest=RaftClientRequest:client-D8D814A2DDB7->s1@group-3F2F94768D39, cid=410, seq=0, DataStream, Message:<EMPTY>, logEntry=null
2022-07-21 19:37:43,480 [s1-server-thread2] INFO  statemachine.StateMachine (DataStreamTestUtils.java:link(157)) - link SingleDataStream: writeRequest=RaftClientRequest:client-D8D814A2DDB7->s1@group-3F2F94768D39, cid=410, seq=0, DataStream, Message:<EMPTY>, logEntry=null
2022-07-21 19:37:43,480 [s2-server-thread2] INFO  statemachine.StateMachine (DataStreamTestUtils.java:link(157)) - link SingleDataStream: writeRequest=RaftClientRequest:client-D8D814A2DDB7->s1@group-3F2F94768D39, cid=410, seq=0, DataStream, Message:<EMPTY>, logEntry=null
2022-07-21 19:37:43,495 [pool-9-thread-12] INFO  datastream.DataStreamTestUtils (DataStreamTestUtils.java:writeAndCloseAndAssertReplies(311)) - start Stream450
2022-07-21 19:37:44,005 [pool-9-thread-9] INFO  datastream.DataStreamTestUtils (DataStreamTestUtils.java:writeAndCloseAndAssertReplies(320)) - Stream411: bytesWritten=3757378
2022-07-21 19:37:44,022 [s0-client-thread1] INFO  statemachine.StateMachine (DataStreamTestUtils.java:link(157)) - link SingleDataStream: writeRequest=RaftClientRequest:client-D8D814A2DDB7->s1@group-3F2F94768D39, cid=411, seq=0, DataStream, Message:<EMPTY>, logEntry=null
2022-07-21 19:37:44,022 [s2-server-thread2] INFO  statemachine.StateMachine (DataStreamTestUtils.java:link(157)) - link SingleDataStream: writeRequest=RaftClientRequest:client-D8D814A2DDB7->s1@group-3F2F94768D39, cid=411, seq=0, DataStream, Message:<EMPTY>, logEntry=null
2022-07-21 19:37:44,023 [s1-server-thread2] INFO  statemachine.StateMachine (DataStreamTestUtils.java:link(157)) - link SingleDataStream: writeRequest=RaftClientRequest:client-D8D814A2DDB7->s1@group-3F2F94768D39, cid=411, seq=0, DataStream, Message:<EMPTY>, logEntry=null
2022-07-21 19:37:44,027 [pool-9-thread-9] INFO  datastream.DataStreamTestUtils (DataStreamTestUtils.java:writeAndCloseAndAssertReplies(311)) - start Stream451
2022-07-21 19:37:51,268 [Timer-2] INFO  impl.MiniRaftCluster (MiniRaftCluster.java:lambda$null$5(315)) - TIMED-PRINT: printing ALL groups
  s0:  RUNNING    LEADER s0@group-3F2F94768D39:t3, leader=s0, voted=s0, raftlog=Memoized:s0@group-3F2F94768D39-SegmentedRaftLog:OPENED:c126, conf=105: peers:[s0|rpc:localhost:41459|admin:localhost:39355|client:localhost:35515|dataStream:localhost:32957|priority:0|startupRole:FOLLOWER, s1|rpc:localhost:42501|admin:localhost:40929|client:localhost:40437|dataStream:localhost:34203|priority:0|startupRole:FOLLOWER, s2|rpc:localhost:35871|admin:localhost:34483|client:localhost:43959|dataStream:localhost:39743|priority:0|startupRole:FOLLOWER]|listeners:[], old=null RUNNING
  s1:  RUNNING  FOLLOWER s1@group-3F2F94768D39:t3, leader=s0, voted=null, raftlog=Memoized:s1@group-3F2F94768D39-SegmentedRaftLog:OPENED:c126, conf=105: peers:[s0|rpc:localhost:41459|admin:localhost:39355|client:localhost:35515|dataStream:localhost:32957|priority:0|startupRole:FOLLOWER, s1|rpc:localhost:42501|admin:localhost:40929|client:localhost:40437|dataStream:localhost:34203|priority:0|startupRole:FOLLOWER, s2|rpc:localhost:35871|admin:localhost:34483|client:localhost:43959|dataStream:localhost:39743|priority:0|startupRole:FOLLOWER]|listeners:[], old=null RUNNING
  s2:  RUNNING  FOLLOWER s2@group-3F2F94768D39:t3, leader=s0, voted=s0, raftlog=Memoized:s2@group-3F2F94768D39-SegmentedRaftLog:OPENED:c126, conf=105: peers:[s0|rpc:localhost:41459|admin:localhost:39355|client:localhost:35515|dataStream:localhost:32957|priority:0|startupRole:FOLLOWER, s1|rpc:localhost:42501|admin:localhost:40929|client:localhost:40437|dataStream:localhost:34203|priority:0|startupRole:FOLLOWER, s2|rpc:localhost:35871|admin:localhost:34483|client:localhost:43959|dataStream:localhost:39743|priority:0|startupRole:FOLLOWER]|listeners:[], old=null RUNNING
2022-07-21 19:37:54,651 [pool-9-thread-14] INFO  datastream.DataStreamTestUtils (DataStreamTestUtils.java:writeAndCloseAndAssertReplies(320)) - Stream412: bytesWritten=3759496
2022-07-21 19:37:54,656 [s0-client-thread1] INFO  statemachine.StateMachine (DataStreamTestUtils.java:link(157)) - link SingleDataStream: writeRequest=RaftClientRequest:client-D8D814A2DDB7->s1@group-3F2F94768D39, cid=412, seq=0, DataStream, Message:<EMPTY>, logEntry=null
2022-07-21 19:37:54,657 [s1-server-thread2] INFO  statemachine.StateMachine (DataStreamTestUtils.java:link(157)) - link SingleDataStream: writeRequest=RaftClientRequest:client-D8D814A2DDB7->s1@group-3F2F94768D39, cid=412, seq=0, DataStream, Message:<EMPTY>, logEntry=null
2022-07-21 19:37:54,658 [s2-server-thread2] INFO  statemachine.StateMachine (DataStreamTestUtils.java:link(157)) - link SingleDataStream: writeRequest=RaftClientRequest:client-D8D814A2DDB7->s1@group-3F2F94768D39, cid=412, seq=0, DataStream, Message:<EMPTY>, logEntry=null
2022-07-21 19:37:54,666 [pool-9-thread-14] INFO  datastream.DataStreamTestUtils (DataStreamTestUtils.java:writeAndCloseAndAssertReplies(311)) - start Stream452
2022-07-21 19:37:54,807 [pool-9-thread-10] INFO  datastream.DataStreamTestUtils (DataStreamTestUtils.java:writeAndCloseAndAssertReplies(320)) - Stream413: bytesWritten=3748511
2022-07-21 19:37:54,819 [s0-client-thread1] INFO  statemachine.StateMachine (DataStreamTestUtils.java:link(157)) - link SingleDataStream: writeRequest=RaftClientRequest:client-D8D814A2DDB7->s1@group-3F2F94768D39, cid=413, seq=0, DataStream, Message:<EMPTY>, logEntry=null
2022-07-21 19:37:54,820 [s1-server-thread2] INFO  statemachine.StateMachine (DataStreamTestUtils.java:link(157)) - link SingleDataStream: writeRequest=RaftClientRequest:client-D8D814A2DDB7->s1@group-3F2F94768D39, cid=413, seq=0, DataStream, Message:<EMPTY>, logEntry=null
2022-07-21 19:37:54,820 [s2-server-thread2] INFO  statemachine.StateMachine (DataStreamTestUtils.java:link(157)) - link SingleDataStream: writeRequest=RaftClientRequest:client-D8D814A2DDB7->s1@group-3F2F94768D39, cid=413, seq=0, DataStream, Message:<EMPTY>, logEntry=null
2022-07-21 19:37:54,827 [pool-9-thread-10] INFO  datastream.DataStreamTestUtils (DataStreamTestUtils.java:writeAndCloseAndAssertReplies(311)) - start Stream382
2022-07-21 19:37:54,954 [pool-9-thread-10] INFO  datastream.DataStreamTestUtils (DataStreamTestUtils.java:writeAndCloseAndAssertReplies(320)) - Stream382: bytesWritten=6705029
2022-07-21 19:37:55,127 [s0-client-thread1] INFO  statemachine.StateMachine (DataStreamTestUtils.java:link(157)) - link SingleDataStream: writeRequest=RaftClientRequest:client-3CED3FB4DDD5->s1@group-3F2F94768D39, cid=382, seq=0, DataStream, Message:<EMPTY>, logEntry=null
2022-07-21 19:37:55,127 [s1-server-thread2] INFO  statemachine.StateMachine (DataStreamTestUtils.java:link(157)) - link SingleDataStream: writeRequest=RaftClientRequest:client-3CED3FB4DDD5->s1@group-3F2F94768D39, cid=382, seq=0, DataStream, Message:<EMPTY>, logEntry=null
2022-07-21 19:37:55,128 [s2-server-thread2] INFO  statemachine.StateMachine (DataStreamTestUtils.java:link(157)) - link SingleDataStream: writeRequest=RaftClientRequest:client-3CED3FB4DDD5->s1@group-3F2F94768D39, cid=382, seq=0, DataStream, Message:<EMPTY>, logEntry=null
2022-07-21 19:37:55,178 [pool-9-thread-10] INFO  datastream.DataStreamTestUtils (DataStreamTestUtils.java:writeAndCloseAndAssertReplies(311)) - start Stream453
2022-07-21 19:37:55,310 [pool-9-thread-10] INFO  datastream.DataStreamTestUtils (DataStreamTestUtils.java:writeAndCloseAndAssertReplies(320)) - Stream453: bytesWritten=7338131
2022-07-21 19:37:55,321 [s0-client-thread1] INFO  statemachine.StateMachine (DataStreamTestUtils.java:link(157)) - link SingleDataStream: writeRequest=RaftClientRequest:client-3CED3FB4DDD5->s1@group-3F2F94768D39, cid=453, seq=0, DataStream, Message:<EMPTY>, logEntry=null
2022-07-21 19:37:55,322 [s1-server-thread2] INFO  statemachine.StateMachine (DataStreamTestUtils.java:link(157)) - link SingleDataStream: writeRequest=RaftClientRequest:client-3CED3FB4DDD5->s1@group-3F2F94768D39, cid=453, seq=0, DataStream, Message:<EMPTY>, logEntry=null
2022-07-21 19:37:55,322 [s2-server-thread2] INFO  statemachine.StateMachine (DataStreamTestUtils.java:link(157)) - link SingleDataStream: writeRequest=RaftClientRequest:client-3CED3FB4DDD5->s1@group-3F2F94768D39, cid=453, seq=0, DataStream, Message:<EMPTY>, logEntry=null
2022-07-21 19:37:55,343 [pool-9-thread-10] INFO  datastream.DataStreamTestUtils (DataStreamTestUtils.java:writeAndCloseAndAssertReplies(311)) - start Stream403
2022-07-21 19:37:56,972 [s0@group-3F2F94768D39-LeaderStateImpl] WARN  server.RaftServer$Division (LeaderStateImpl.java:checkLeadership(1020)) - s0@group-3F2F94768D39-LeaderStateImpl: Lost leadership on term: 3. Election timeout: 300ms. In charge for: 22604ms. Conf: 105: peers:[s0|rpc:localhost:41459|admin:localhost:39355|client:localhost:35515|dataStream:localhost:32957|priority:0|startupRole:FOLLOWER, s1|rpc:localhost:42501|admin:localhost:40929|client:localhost:40437|dataStream:localhost:34203|priority:0|startupRole:FOLLOWER, s2|rpc:localhost:35871|admin:localhost:34483|client:localhost:43959|dataStream:localhost:39743|priority:0|startupRole:FOLLOWER]|listeners:[], old=null
2022-07-21 19:37:56,973 [s0@group-3F2F94768D39-LeaderStateImpl] WARN  server.RaftServer$Division (LeaderStateImpl.java:lambda$checkLeadership$17(1024)) - Follower s0@group-3F2F94768D39->s1(c134,m134,n135, attendVote=true, lastRpcSendTime=1052, lastRpcResponseTime=1047)
2022-07-21 19:37:56,973 [s0@group-3F2F94768D39-LeaderStateImpl] WARN  server.RaftServer$Division (LeaderStateImpl.java:lambda$checkLeadership$17(1024)) - Follower s0@group-3F2F94768D39->s2(c134,m134,n135, attendVote=true, lastRpcSendTime=1053, lastRpcResponseTime=1051)
2022-07-21 19:37:56,973 [s0@group-3F2F94768D39-LeaderStateImpl] INFO  server.RaftServer$Division (RaftServerImpl.java:setRole(301)) - s0@group-3F2F94768D39: changes role from    LEADER to FOLLOWER at term 3 for StepDownReason:LOST_MAJORITY_HEARTBEATS
2022-07-21 19:37:56,973 [s0@group-3F2F94768D39-LeaderStateImpl] INFO  impl.RoleInfo (RoleInfo.java:shutdownLeaderState(93)) - s0: shutdown s0@group-3F2F94768D39-LeaderStateImpl
2022-07-21 19:37:56,973 [s0@group-3F2F94768D39-LeaderStateImpl] INFO  impl.PendingRequests (PendingRequests.java:sendNotLeaderResponses(282)) - s0@group-3F2F94768D39-PendingRequests: sendNotLeaderResponses
2022-07-21 19:37:56,973 [org.apache.ratis.util.JvmPauseMonitor$$Lambda$279/2133923994@fac9096] WARN  util.JvmPauseMonitor (JvmPauseMonitor.java:detectPause(124)) - JvmPauseMonitor-s1: Detected pause in JVM or host machine (eg GC): pause of approximately 865921988ns.
GC pool 'PS MarkSweep' had collection(s): count=1 time=880ms
GC pool 'PS Scavenge' had collection(s): count=1 time=112ms
2022-07-21 19:37:56,973 [org.apache.ratis.util.JvmPauseMonitor$$Lambda$279/2133923994@18e5eed3] WARN  util.JvmPauseMonitor (JvmPauseMonitor.java:detectPause(124)) - JvmPauseMonitor-s0: Detected pause in JVM or host machine (eg GC): pause of approximately 866111385ns.
GC pool 'PS MarkSweep' had collection(s): count=1 time=880ms
GC pool 'PS Scavenge' had collection(s): count=1 time=112ms
2022-07-21 19:37:56,974 [org.apache.ratis.util.JvmPauseMonitor$$Lambda$279/2133923994@6651e685] WARN  util.JvmPauseMonitor (JvmPauseMonitor.java:detectPause(124)) - JvmPauseMonitor-s2: Detected pause in JVM or host machine (eg GC): pause of approximately 866262184ns.
GC pool 'PS MarkSweep' had collection(s): count=1 time=880ms
GC pool 'PS Scavenge' had collection(s): count=1 time=112ms
2022-07-21 19:37:56,976 [s2@group-3F2F94768D39-FollowerState] WARN  impl.FollowerState (FollowerState.java:run(130)) - Unexpected long sleep: sleep 292ms but took extra 965101785ns (> threshold = 300ms)
2022-07-21 19:37:56,978 [s0@group-3F2F94768D39->s1-GrpcLogAppender-LogAppenderDaemon] WARN  server.GrpcLogAppender (GrpcLogAppender.java:mayWait(183)) - s0@group-3F2F94768D39->s1-GrpcLogAppender: Wait interrupted by java.lang.InterruptedException
2022-07-21 19:37:56,978 [s0@group-3F2F94768D39->s2-GrpcLogAppender-LogAppenderDaemon] WARN  server.GrpcLogAppender (GrpcLogAppender.java:mayWait(183)) - s0@group-3F2F94768D39->s2-GrpcLogAppender: Wait interrupted by java.lang.InterruptedException
2022-07-21 19:37:56,979 [grpc-default-executor-4] INFO  server.GrpcServerProtocolService (GrpcServerProtocolService.java:onCompleted(145)) - s2: Completed APPEND_ENTRIES, lastRequest: s0->s2#395-t3,previous=(t:3, i:133),leaderCommit=133,initializing? true,entries: size=1, first=(t:3, i:134), METADATAENTRY(c:133)
2022-07-21 19:37:56,979 [grpc-default-executor-0] INFO  server.GrpcServerProtocolService (GrpcServerProtocolService.java:onCompleted(145)) - s1: Completed APPEND_ENTRIES, lastRequest: null
2022-07-21 19:37:56,979 [grpc-default-executor-13] INFO  server.GrpcServerProtocolService (GrpcServerProtocolService.java:onCompleted(145)) - s1: Completed APPEND_ENTRIES, lastRequest: s0->s1#389-t3,previous=(t:3, i:133),leaderCommit=133,initializing? true,entries: size=1, first=(t:3, i:134), METADATAENTRY(c:133)
2022-07-21 19:37:56,972 [s1@group-3F2F94768D39-FollowerState] WARN  impl.FollowerState (FollowerState.java:run(130)) - Unexpected long sleep: sleep 281ms but took extra 849766990ns (> threshold = 300ms)
2022-07-21 19:37:56,981 [grpc-default-executor-5] INFO  server.GrpcLogAppender (GrpcLogAppender.java:onCompleted(386)) - s0@group-3F2F94768D39->s1-AppendLogResponseHandler: follower responses appendEntries COMPLETED
2022-07-21 19:37:56,981 [grpc-default-executor-5] INFO  leader.FollowerInfo (FollowerInfoImpl.java:lambda$new$0(48)) - s0@group-3F2F94768D39->s1: nextIndex: updateUnconditionally 135 -> 134
2022-07-21 19:37:56,981 [grpc-default-executor-12] INFO  server.GrpcLogAppender (GrpcLogAppender.java:onCompleted(386)) - s0@group-3F2F94768D39->s2-AppendLogResponseHandler: follower responses appendEntries COMPLETED
2022-07-21 19:37:56,981 [grpc-default-executor-12] INFO  leader.FollowerInfo (FollowerInfoImpl.java:lambda$new$0(48)) - s0@group-3F2F94768D39->s2: nextIndex: updateUnconditionally 135 -> 134
2022-07-21 19:37:56,982 [grpc-default-executor-0] INFO  server.GrpcLogAppender (GrpcLogAppender.java:onCompleted(386)) - s0@group-3F2F94768D39->s1-AppendLogResponseHandler: follower responses appendEntries COMPLETED
2022-07-21 19:37:56,982 [grpc-default-executor-0] INFO  leader.FollowerInfo (FollowerInfoImpl.java:lambda$new$0(48)) - s0@group-3F2F94768D39->s1: nextIndex: updateUnconditionally 134 -> 133
2022-07-21 19:37:56,983 [grpc-default-executor-4] INFO  server.GrpcServerProtocolService (GrpcServerProtocolService.java:onCompleted(145)) - s2: Completed APPEND_ENTRIES, lastRequest: null
2022-07-21 19:37:56,983 [grpc-default-executor-0] INFO  server.GrpcLogAppender (GrpcLogAppender.java:onCompleted(386)) - s0@group-3F2F94768D39->s2-AppendLogResponseHandler: follower responses appendEntries COMPLETED
2022-07-21 19:37:56,983 [grpc-default-executor-0] INFO  leader.FollowerInfo (FollowerInfoImpl.java:lambda$new$0(48)) - s0@group-3F2F94768D39->s2: nextIndex: updateUnconditionally 134 -> 133
2022-07-21 19:37:57,009 [s0@group-3F2F94768D39-LeaderStateImpl] INFO  impl.RoleInfo (RoleInfo.java:updateAndGet(139)) - s0: start s0@group-3F2F94768D39-FollowerState
2022-07-21 19:37:57,163 [s2@group-3F2F94768D39-FollowerState] INFO  impl.FollowerState (FollowerState.java:run(143)) - s2@group-3F2F94768D39-FollowerState: change to CANDIDATE, lastRpcElapsedTime:1241898489ns, electionTimeout:187ms
2022-07-21 19:37:57,163 [s2@group-3F2F94768D39-FollowerState] INFO  impl.RoleInfo (RoleInfo.java:shutdownFollowerState(110)) - s2: shutdown s2@group-3F2F94768D39-FollowerState
2022-07-21 19:37:57,163 [s2@group-3F2F94768D39-FollowerState] INFO  server.RaftServer$Division (RaftServerImpl.java:setRole(301)) - s2@group-3F2F94768D39: changes role from  FOLLOWER to CANDIDATE at term 3 for changeToCandidate
2022-07-21 19:37:57,163 [s2@group-3F2F94768D39-FollowerState] INFO  server.RaftServerConfigKeys (ConfUtils.java:logGet(46)) - raft.server.leaderelection.pre-vote = true (default)
2022-07-21 19:37:57,163 [s2@group-3F2F94768D39-FollowerState] INFO  impl.RoleInfo (RoleInfo.java:updateAndGet(139)) - s2: start s2@group-3F2F94768D39-LeaderElection10
2022-07-21 19:37:57,169 [s2@group-3F2F94768D39-LeaderElection10] INFO  server.RaftServer$Division (ServerState.java:setLeader(313)) - s2@group-3F2F94768D39: change Leader from s0 to null at term 3 for PRE_VOTE
2022-07-21 19:37:57,169 [s2@group-3F2F94768D39-LeaderElection10] INFO  impl.LeaderElection (LeaderElection.java:askForVotes(310)) - s2@group-3F2F94768D39-LeaderElection10 PRE_VOTE round 0: submit vote requests at term 3 for 105: peers:[s0|rpc:localhost:41459|admin:localhost:39355|client:localhost:35515|dataStream:localhost:32957|priority:0|startupRole:FOLLOWER, s1|rpc:localhost:42501|admin:localhost:40929|client:localhost:40437|dataStream:localhost:34203|priority:0|startupRole:FOLLOWER, s2|rpc:localhost:35871|admin:localhost:34483|client:localhost:43959|dataStream:localhost:39743|priority:0|startupRole:FOLLOWER]|listeners:[], old=null
2022-07-21 19:37:57,177 [grpc-default-executor-1] INFO  server.RaftServer$Division (RaftServerImpl.java:requestVote(1198)) - s0@group-3F2F94768D39: receive requestVote(PRE_VOTE, s2, group-3F2F94768D39, 3, (t:3, i:134))
2022-07-21 19:37:57,177 [grpc-default-executor-1] INFO  impl.VoteContext (VoteContext.java:log(48)) - s0@group-3F2F94768D39-FOLLOWER: accept PRE_VOTE from s2: our priority 0 <= candidate's priority 0
2022-07-21 19:37:57,177 [grpc-default-executor-1] INFO  server.RaftServer$Division (RaftServerImpl.java:requestVote(1231)) - s0@group-3F2F94768D39 replies to PRE_VOTE vote request: s2<-s0#0:OK-t3. Peer's state: s0@group-3F2F94768D39:t3, leader=s0, voted=s0, raftlog=Memoized:s0@group-3F2F94768D39-SegmentedRaftLog:OPENED:c134, conf=105: peers:[s0|rpc:localhost:41459|admin:localhost:39355|client:localhost:35515|dataStream:localhost:32957|priority:0|startupRole:FOLLOWER, s1|rpc:localhost:42501|admin:localhost:40929|client:localhost:40437|dataStream:localhost:34203|priority:0|startupRole:FOLLOWER, s2|rpc:localhost:35871|admin:localhost:34483|client:localhost:43959|dataStream:localhost:39743|priority:0|startupRole:FOLLOWER]|listeners:[], old=null
2022-07-21 19:37:57,182 [grpc-default-executor-1] INFO  server.RaftServer$Division (RaftServerImpl.java:requestVote(1198)) - s1@group-3F2F94768D39: receive requestVote(PRE_VOTE, s2, group-3F2F94768D39, 3, (t:3, i:134))
2022-07-21 19:37:57,182 [grpc-default-executor-1] INFO  impl.VoteContext (VoteContext.java:log(48)) - s1@group-3F2F94768D39-FOLLOWER: accept PRE_VOTE from s2: our priority 0 <= candidate's priority 0
2022-07-21 19:37:57,183 [grpc-default-executor-1] INFO  server.RaftServer$Division (RaftServerImpl.java:requestVote(1231)) - s1@group-3F2F94768D39 replies to PRE_VOTE vote request: s2<-s1#0:OK-t3. Peer's state: s1@group-3F2F94768D39:t3, leader=s0, voted=null, raftlog=Memoized:s1@group-3F2F94768D39-SegmentedRaftLog:OPENED:c134, conf=105: peers:[s0|rpc:localhost:41459|admin:localhost:39355|client:localhost:35515|dataStream:localhost:32957|priority:0|startupRole:FOLLOWER, s1|rpc:localhost:42501|admin:localhost:40929|client:localhost:40437|dataStream:localhost:34203|priority:0|startupRole:FOLLOWER, s2|rpc:localhost:35871|admin:localhost:34483|client:localhost:43959|dataStream:localhost:39743|priority:0|startupRole:FOLLOWER]|listeners:[], old=null
2022-07-21 19:37:57,184 [s2@group-3F2F94768D39-LeaderElection10] INFO  impl.LeaderElection (LeaderElection.java:logAndReturn(90)) - s2@group-3F2F94768D39-LeaderElection10: PRE_VOTE PASSED received 1 response(s) and 0 exception(s):
2022-07-21 19:37:57,191 [s2@group-3F2F94768D39-LeaderElection10] INFO  impl.LeaderElection (LeaderElection.java:logAndReturn(94)) -   Response 0: s2<-s0#0:OK-t3
2022-07-21 19:37:57,191 [s2@group-3F2F94768D39-LeaderElection10] INFO  impl.LeaderElection (LeaderElection.java:askForVotes(312)) - s2@group-3F2F94768D39-LeaderElection10 PRE_VOTE round 0: result PASSED
2022-07-21 19:37:57,218 [s2@group-3F2F94768D39-LeaderElection10] INFO  impl.LeaderElection (LeaderElection.java:askForVotes(310)) - s2@group-3F2F94768D39-LeaderElection10 ELECTION round 0: submit vote requests at term 4 for 105: peers:[s0|rpc:localhost:41459|admin:localhost:39355|client:localhost:35515|dataStream:localhost:32957|priority:0|startupRole:FOLLOWER, s1|rpc:localhost:42501|admin:localhost:40929|client:localhost:40437|dataStream:localhost:34203|priority:0|startupRole:FOLLOWER, s2|rpc:localhost:35871|admin:localhost:34483|client:localhost:43959|dataStream:localhost:39743|priority:0|startupRole:FOLLOWER]|listeners:[], old=null
2022-07-21 19:37:57,252 [grpc-default-executor-1] INFO  server.RaftServer$Division (RaftServerImpl.java:requestVote(1198)) - s1@group-3F2F94768D39: receive requestVote(ELECTION, s2, group-3F2F94768D39, 4, (t:3, i:134))
2022-07-21 19:37:57,252 [grpc-default-executor-1] INFO  impl.VoteContext (VoteContext.java:log(48)) - s1@group-3F2F94768D39-FOLLOWER: accept ELECTION from s2: our priority 0 <= candidate's priority 0
2022-07-21 19:37:57,252 [grpc-default-executor-1] INFO  server.RaftServer$Division (ServerState.java:setLeader(313)) - s1@group-3F2F94768D39: change Leader from s0 to null at term 4 for updateCurrentTerm
2022-07-21 19:37:57,253 [grpc-default-executor-1] INFO  server.RaftServer$Division (RaftServerImpl.java:setRole(301)) - s1@group-3F2F94768D39: changes role from  FOLLOWER to FOLLOWER at term 4 for candidate:s2
2022-07-21 19:37:57,253 [grpc-default-executor-1] INFO  impl.RoleInfo (RoleInfo.java:shutdownFollowerState(110)) - s1: shutdown s1@group-3F2F94768D39-FollowerState
2022-07-21 19:37:57,253 [grpc-default-executor-1] INFO  impl.RoleInfo (RoleInfo.java:updateAndGet(139)) - s1: start s1@group-3F2F94768D39-FollowerState
2022-07-21 19:37:57,253 [s1@group-3F2F94768D39-FollowerState] INFO  impl.FollowerState (FollowerState.java:run(152)) - s1@group-3F2F94768D39-FollowerState was interrupted
2022-07-21 19:37:57,261 [grpc-default-executor-4] INFO  server.RaftServer$Division (RaftServerImpl.java:requestVote(1198)) - s0@group-3F2F94768D39: receive requestVote(ELECTION, s2, group-3F2F94768D39, 4, (t:3, i:134))
2022-07-21 19:37:57,261 [grpc-default-executor-4] INFO  impl.VoteContext (VoteContext.java:log(48)) - s0@group-3F2F94768D39-FOLLOWER: accept ELECTION from s2: our priority 0 <= candidate's priority 0
2022-07-21 19:37:57,261 [grpc-default-executor-1] INFO  server.RaftServer$Division (RaftServerImpl.java:requestVote(1231)) - s1@group-3F2F94768D39 replies to ELECTION vote request: s2<-s1#0:OK-t4. Peer's state: s1@group-3F2F94768D39:t4, leader=null, voted=s2, raftlog=Memoized:s1@group-3F2F94768D39-SegmentedRaftLog:OPENED:c134, conf=105: peers:[s0|rpc:localhost:41459|admin:localhost:39355|client:localhost:35515|dataStream:localhost:32957|priority:0|startupRole:FOLLOWER, s1|rpc:localhost:42501|admin:localhost:40929|client:localhost:40437|dataStream:localhost:34203|priority:0|startupRole:FOLLOWER, s2|rpc:localhost:35871|admin:localhost:34483|client:localhost:43959|dataStream:localhost:39743|priority:0|startupRole:FOLLOWER]|listeners:[], old=null
2022-07-21 19:37:57,261 [grpc-default-executor-4] INFO  server.RaftServer$Division (ServerState.java:setLeader(313)) - s0@group-3F2F94768D39: change Leader from s0 to null at term 4 for updateCurrentTerm
2022-07-21 19:37:57,262 [grpc-default-executor-4] INFO  server.RaftServer$Division (RaftServerImpl.java:setRole(301)) - s0@group-3F2F94768D39: changes role from  FOLLOWER to FOLLOWER at term 4 for candidate:s2
2022-07-21 19:37:57,262 [grpc-default-executor-4] INFO  impl.RoleInfo (RoleInfo.java:shutdownFollowerState(110)) - s0: shutdown s0@group-3F2F94768D39-FollowerState
2022-07-21 19:37:57,262 [grpc-default-executor-4] INFO  impl.RoleInfo (RoleInfo.java:updateAndGet(139)) - s0: start s0@group-3F2F94768D39-FollowerState
2022-07-21 19:37:57,262 [s0@group-3F2F94768D39-FollowerState] INFO  impl.FollowerState (FollowerState.java:run(152)) - s0@group-3F2F94768D39-FollowerState was interrupted
2022-07-21 19:37:57,278 [s2@group-3F2F94768D39-LeaderElection10] INFO  impl.LeaderElection (LeaderElection.java:logAndReturn(90)) - s2@group-3F2F94768D39-LeaderElection10: ELECTION PASSED received 1 response(s) and 0 exception(s):
2022-07-21 19:37:57,278 [s2@group-3F2F94768D39-LeaderElection10] INFO  impl.LeaderElection (LeaderElection.java:logAndReturn(94)) -   Response 0: s2<-s1#0:OK-t4
2022-07-21 19:37:57,278 [s2@group-3F2F94768D39-LeaderElection10] INFO  impl.LeaderElection (LeaderElection.java:askForVotes(312)) - s2@group-3F2F94768D39-LeaderElection10 ELECTION round 0: result PASSED
2022-07-21 19:37:57,278 [s2@group-3F2F94768D39-LeaderElection10] INFO  impl.RoleInfo (RoleInfo.java:shutdownLeaderElection(130)) - s2: shutdown s2@group-3F2F94768D39-LeaderElection10
2022-07-21 19:37:57,278 [grpc-default-executor-4] INFO  server.RaftServer$Division (RaftServerImpl.java:requestVote(1231)) - s0@group-3F2F94768D39 replies to ELECTION vote request: s2<-s0#0:OK-t4. Peer's state: s0@group-3F2F94768D39:t4, leader=null, voted=s2, raftlog=Memoized:s0@group-3F2F94768D39-SegmentedRaftLog:OPENED:c134, conf=105: peers:[s0|rpc:localhost:41459|admin:localhost:39355|client:localhost:35515|dataStream:localhost:32957|priority:0|startupRole:FOLLOWER, s1|rpc:localhost:42501|admin:localhost:40929|client:localhost:40437|dataStream:localhost:34203|priority:0|startupRole:FOLLOWER, s2|rpc:localhost:35871|admin:localhost:34483|client:localhost:43959|dataStream:localhost:39743|priority:0|startupRole:FOLLOWER]|listeners:[], old=null
2022-07-21 19:37:57,278 [s2@group-3F2F94768D39-LeaderElection10] INFO  server.RaftServer$Division (RaftServerImpl.java:setRole(301)) - s2@group-3F2F94768D39: changes role from CANDIDATE to LEADER at term 4 for changeToLeader
2022-07-21 19:37:57,278 [s2@group-3F2F94768D39-LeaderElection10] INFO  server.RaftServer$Division (ServerState.java:setLeader(313)) - s2@group-3F2F94768D39: change Leader from null to s2 at term 4 for becomeLeader, leader elected after 109ms
2022-07-21 19:37:57,278 [s2@group-3F2F94768D39-LeaderElection10] INFO  server.RaftServerConfigKeys (ConfUtils.java:logGet(46)) - raft.server.staging.catchup.gap = 1000 (default)
2022-07-21 19:37:57,278 [s2@group-3F2F94768D39-LeaderElection10] INFO  server.RaftServerConfigKeys (ConfUtils.java:logGet(46)) - raft.server.write.element-limit = 4096 (default)
2022-07-21 19:37:57,283 [s2@group-3F2F94768D39-LeaderElection10] INFO  server.RaftServerConfigKeys (ConfUtils.java:logGet(46)) - raft.server.write.byte-limit = 64MB (=67108864) (default)
2022-07-21 19:37:57,284 [s2@group-3F2F94768D39-LeaderElection10] INFO  server.RaftServerConfigKeys (ConfUtils.java:logGet(46)) - raft.server.watch.timeout = 10s (default)
2022-07-21 19:37:57,284 [s2@group-3F2F94768D39-LeaderElection10] INFO  server.RaftServerConfigKeys (ConfUtils.java:logGet(46)) - raft.server.watch.timeout.denomination = 1s (default)
2022-07-21 19:37:57,284 [s2@group-3F2F94768D39-LeaderElection10] INFO  server.RaftServerConfigKeys (ConfUtils.java:logGet(46)) - raft.server.watch.element-limit = 65536 (default)
2022-07-21 19:37:57,284 [s2@group-3F2F94768D39-LeaderElection10] INFO  server.RaftServerConfigKeys (ConfUtils.java:logGet(46)) - raft.server.write.element-limit = 4096 (default)
2022-07-21 19:37:57,285 [s2@group-3F2F94768D39-LeaderElection10] INFO  server.RaftServerConfigKeys (ConfUtils.java:logGet(46)) - raft.server.write.follower.gap.ratio.max = -1.0 (default)
2022-07-21 19:37:57,285 [s2@group-3F2F94768D39-LeaderElection10] INFO  server.RaftServerConfigKeys (ConfUtils.java:logGet(46)) - raft.server.log.appender.snapshot.chunk.size.max = 16MB (=16777216) (default)
2022-07-21 19:37:57,287 [s2@group-3F2F94768D39-LeaderElection10] INFO  server.RaftServerConfigKeys (ConfUtils.java:logGet(46)) - raft.server.log.appender.buffer.byte-limit = 4MB (=4194304) (default)
2022-07-21 19:37:57,287 [s2@group-3F2F94768D39-LeaderElection10] INFO  server.RaftServerConfigKeys (ConfUtils.java:logGet(46)) - raft.server.log.appender.buffer.element-limit = 0 (default)
2022-07-21 19:37:57,288 [s2@group-3F2F94768D39-LeaderElection10] INFO  grpc.GrpcConfigKeys (ConfUtils.java:logGet(46)) - raft.grpc.server.leader.outstanding.appends.max = 128 (default)
2022-07-21 19:37:57,288 [s2@group-3F2F94768D39-LeaderElection10] INFO  server.RaftServerConfigKeys (ConfUtils.java:logGet(46)) - raft.server.rpc.request.timeout = 3000ms (default)
2022-07-21 19:37:57,288 [s2@group-3F2F94768D39-LeaderElection10] INFO  server.RaftServerConfigKeys (ConfUtils.java:logGet(46)) - raft.server.log.appender.install.snapshot.enabled = true (default)
2022-07-21 19:37:57,291 [s2@group-3F2F94768D39-LeaderElection10] INFO  grpc.GrpcConfigKeys (ConfUtils.java:logGet(46)) - raft.grpc.server.heartbeat.channel = true (default)
2022-07-21 19:37:57,293 [s2@group-3F2F94768D39-LeaderElection10] INFO  server.RaftServerConfigKeys (ConfUtils.java:logGet(46)) - raft.server.log.appender.snapshot.chunk.size.max = 16MB (=16777216) (default)
2022-07-21 19:37:57,294 [s2@group-3F2F94768D39-LeaderElection10] INFO  server.RaftServerConfigKeys (ConfUtils.java:logGet(46)) - raft.server.log.appender.buffer.byte-limit = 4MB (=4194304) (default)
2022-07-21 19:37:57,296 [s2@group-3F2F94768D39-LeaderElection10] INFO  server.RaftServerConfigKeys (ConfUtils.java:logGet(46)) - raft.server.log.appender.buffer.element-limit = 0 (default)
2022-07-21 19:37:57,296 [s2@group-3F2F94768D39-LeaderElection10] INFO  grpc.GrpcConfigKeys (ConfUtils.java:logGet(46)) - raft.grpc.server.leader.outstanding.appends.max = 128 (default)
2022-07-21 19:37:57,296 [s2@group-3F2F94768D39-LeaderElection10] INFO  server.RaftServerConfigKeys (ConfUtils.java:logGet(46)) - raft.server.rpc.request.timeout = 3000ms (default)
2022-07-21 19:37:57,296 [s2@group-3F2F94768D39-LeaderElection10] INFO  server.RaftServerConfigKeys (ConfUtils.java:logGet(46)) - raft.server.log.appender.install.snapshot.enabled = true (default)
2022-07-21 19:37:57,296 [s2@group-3F2F94768D39-LeaderElection10] INFO  grpc.GrpcConfigKeys (ConfUtils.java:logGet(46)) - raft.grpc.server.heartbeat.channel = true (default)
2022-07-21 19:37:57,303 [s2@group-3F2F94768D39-LeaderElection10] INFO  impl.RoleInfo (RoleInfo.java:updateAndGet(139)) - s2: start s2@group-3F2F94768D39-LeaderStateImpl
2022-07-21 19:37:57,303 [s2@group-3F2F94768D39-LeaderElection10] INFO  segmented.SegmentedRaftLogWorker (SegmentedRaftLogWorker.java:rollLogSegment(430)) - s2@group-3F2F94768D39-SegmentedRaftLogWorker: Rolling segment log-105_134 to index:134
2022-07-21 19:37:57,308 [s2@group-3F2F94768D39-SegmentedRaftLogWorker] TRACE util.FileUtils (LogUtils.java:runAndLog(49)) - Successfully ran Files.move /home/runner/work/ratis/ratis/ratis-test/target/test/data/6043a73c/MiniRaftClusterWithRpcTypeGrpcAndDataStreamTypeNettyf73da000/s2/690677b6-83cd-46c4-b86f-3f2f94768d39/current/log_inprogress_105 to /home/runner/work/ratis/ratis/ratis-test/target/test/data/6043a73c/MiniRaftClusterWithRpcTypeGrpcAndDataStreamTypeNettyf73da000/s2/690677b6-83cd-46c4-b86f-3f2f94768d39/current/log_105-134
2022-07-21 19:37:57,308 [s2@group-3F2F94768D39-SegmentedRaftLogWorker] INFO  segmented.SegmentedRaftLogWorker (SegmentedRaftLogWorker.java:execute(586)) - s2@group-3F2F94768D39-SegmentedRaftLogWorker: Rolled log segment from /home/runner/work/ratis/ratis/ratis-test/target/test/data/6043a73c/MiniRaftClusterWithRpcTypeGrpcAndDataStreamTypeNettyf73da000/s2/690677b6-83cd-46c4-b86f-3f2f94768d39/current/log_inprogress_105 to /home/runner/work/ratis/ratis/ratis-test/target/test/data/6043a73c/MiniRaftClusterWithRpcTypeGrpcAndDataStreamTypeNettyf73da000/s2/690677b6-83cd-46c4-b86f-3f2f94768d39/current/log_105-134
2022-07-21 19:37:57,357 [s2@group-3F2F94768D39-LeaderElection10] INFO  server.RaftServer$Division (ServerState.java:setRaftConf(429)) - s2@group-3F2F94768D39: set configuration 135: peers:[s0|rpc:localhost:41459|admin:localhost:39355|client:localhost:35515|dataStream:localhost:32957|priority:0|startupRole:FOLLOWER, s1|rpc:localhost:42501|admin:localhost:40929|client:localhost:40437|dataStream:localhost:34203|priority:0|startupRole:FOLLOWER, s2|rpc:localhost:35871|admin:localhost:34483|client:localhost:43959|dataStream:localhost:39743|priority:0|startupRole:FOLLOWER]|listeners:[], old=null
2022-07-21 19:37:57,364 [s2@group-3F2F94768D39-SegmentedRaftLogWorker] INFO  segmented.SegmentedRaftLogWorker (SegmentedRaftLogWorker.java:execute(629)) - s2@group-3F2F94768D39-SegmentedRaftLogWorker: created new log segment /home/runner/work/ratis/ratis/ratis-test/target/test/data/6043a73c/MiniRaftClusterWithRpcTypeGrpcAndDataStreamTypeNettyf73da000/s2/690677b6-83cd-46c4-b86f-3f2f94768d39/current/log_inprogress_135
2022-07-21 19:37:57,365 [s0-server-thread1] INFO  server.RaftServer$Division (ServerState.java:setLeader(313)) - s0@group-3F2F94768D39: change Leader from null to s2 at term 4 for appendEntries, leader elected after 103ms
2022-07-21 19:37:57,367 [s0-server-thread1] INFO  server.RaftServer$Division (ServerState.java:setRaftConf(429)) - s0@group-3F2F94768D39: set configuration 135: peers:[s0|rpc:localhost:41459|admin:localhost:39355|client:localhost:35515|dataStream:localhost:32957|priority:0|startupRole:FOLLOWER, s1|rpc:localhost:42501|admin:localhost:40929|client:localhost:40437|dataStream:localhost:34203|priority:0|startupRole:FOLLOWER, s2|rpc:localhost:35871|admin:localhost:34483|client:localhost:43959|dataStream:localhost:39743|priority:0|startupRole:FOLLOWER]|listeners:[], old=null
2022-07-21 19:37:57,368 [s0-server-thread1] INFO  segmented.SegmentedRaftLogWorker (SegmentedRaftLogWorker.java:rollLogSegment(430)) - s0@group-3F2F94768D39-SegmentedRaftLogWorker: Rolling segment log-105_134 to index:134
2022-07-21 19:37:57,368 [s1-server-thread2] INFO  server.RaftServer$Division (ServerState.java:setLeader(313)) - s1@group-3F2F94768D39: change Leader from null to s2 at term 4 for appendEntries, leader elected after 115ms
2022-07-21 19:37:57,368 [s1-server-thread2] INFO  server.RaftServer$Division (ServerState.java:setRaftConf(429)) - s1@group-3F2F94768D39: set configuration 135: peers:[s0|rpc:localhost:41459|admin:localhost:39355|client:localhost:35515|dataStream:localhost:32957|priority:0|startupRole:FOLLOWER, s1|rpc:localhost:42501|admin:localhost:40929|client:localhost:40437|dataStream:localhost:34203|priority:0|startupRole:FOLLOWER, s2|rpc:localhost:35871|admin:localhost:34483|client:localhost:43959|dataStream:localhost:39743|priority:0|startupRole:FOLLOWER]|listeners:[], old=null
2022-07-21 19:37:57,368 [s1-server-thread2] INFO  segmented.SegmentedRaftLogWorker (SegmentedRaftLogWorker.java:rollLogSegment(430)) - s1@group-3F2F94768D39-SegmentedRaftLogWorker: Rolling segment log-105_134 to index:134
2022-07-21 19:37:57,369 [s0@group-3F2F94768D39-SegmentedRaftLogWorker] TRACE util.FileUtils (LogUtils.java:runAndLog(49)) - Successfully ran Files.move /home/runner/work/ratis/ratis/ratis-test/target/test/data/6043a73c/MiniRaftClusterWithRpcTypeGrpcAndDataStreamTypeNettyf73da000/s0/690677b6-83cd-46c4-b86f-3f2f94768d39/current/log_inprogress_105 to /home/runner/work/ratis/ratis/ratis-test/target/test/data/6043a73c/MiniRaftClusterWithRpcTypeGrpcAndDataStreamTypeNettyf73da000/s0/690677b6-83cd-46c4-b86f-3f2f94768d39/current/log_105-134
2022-07-21 19:37:57,369 [s0@group-3F2F94768D39-SegmentedRaftLogWorker] INFO  segmented.SegmentedRaftLogWorker (SegmentedRaftLogWorker.java:execute(586)) - s0@group-3F2F94768D39-SegmentedRaftLogWorker: Rolled log segment from /home/runner/work/ratis/ratis/ratis-test/target/test/data/6043a73c/MiniRaftClusterWithRpcTypeGrpcAndDataStreamTypeNettyf73da000/s0/690677b6-83cd-46c4-b86f-3f2f94768d39/current/log_inprogress_105 to /home/runner/work/ratis/ratis/ratis-test/target/test/data/6043a73c/MiniRaftClusterWithRpcTypeGrpcAndDataStreamTypeNettyf73da000/s0/690677b6-83cd-46c4-b86f-3f2f94768d39/current/log_105-134
2022-07-21 19:37:57,369 [s1@group-3F2F94768D39-SegmentedRaftLogWorker] TRACE util.FileUtils (LogUtils.java:runAndLog(49)) - Successfully ran Files.move /home/runner/work/ratis/ratis/ratis-test/target/test/data/6043a73c/MiniRaftClusterWithRpcTypeGrpcAndDataStreamTypeNettyf73da000/s1/690677b6-83cd-46c4-b86f-3f2f94768d39/current/log_inprogress_105 to /home/runner/work/ratis/ratis/ratis-test/target/test/data/6043a73c/MiniRaftClusterWithRpcTypeGrpcAndDataStreamTypeNettyf73da000/s1/690677b6-83cd-46c4-b86f-3f2f94768d39/current/log_105-134
2022-07-21 19:37:57,369 [s1@group-3F2F94768D39-SegmentedRaftLogWorker] INFO  segmented.SegmentedRaftLogWorker (SegmentedRaftLogWorker.java:execute(586)) - s1@group-3F2F94768D39-SegmentedRaftLogWorker: Rolled log segment from /home/runner/work/ratis/ratis/ratis-test/target/test/data/6043a73c/MiniRaftClusterWithRpcTypeGrpcAndDataStreamTypeNettyf73da000/s1/690677b6-83cd-46c4-b86f-3f2f94768d39/current/log_inprogress_105 to /home/runner/work/ratis/ratis/ratis-test/target/test/data/6043a73c/MiniRaftClusterWithRpcTypeGrpcAndDataStreamTypeNettyf73da000/s1/690677b6-83cd-46c4-b86f-3f2f94768d39/current/log_105-134
2022-07-21 19:37:57,416 [s1@group-3F2F94768D39-SegmentedRaftLogWorker] INFO  segmented.SegmentedRaftLogWorker (SegmentedRaftLogWorker.java:execute(629)) - s1@group-3F2F94768D39-SegmentedRaftLogWorker: created new log segment /home/runner/work/ratis/ratis/ratis-test/target/test/data/6043a73c/MiniRaftClusterWithRpcTypeGrpcAndDataStreamTypeNettyf73da000/s1/690677b6-83cd-46c4-b86f-3f2f94768d39/current/log_inprogress_135
2022-07-21 19:37:57,417 [s0@group-3F2F94768D39-SegmentedRaftLogWorker] INFO  segmented.SegmentedRaftLogWorker (SegmentedRaftLogWorker.java:execute(629)) - s0@group-3F2F94768D39-SegmentedRaftLogWorker: created new log segment /home/runner/work/ratis/ratis/ratis-test/target/test/data/6043a73c/MiniRaftClusterWithRpcTypeGrpcAndDataStreamTypeNettyf73da000/s0/690677b6-83cd-46c4-b86f-3f2f94768d39/current/log_inprogress_135
2022-07-21 19:37:58,146 [pool-9-thread-6] INFO  datastream.DataStreamTestUtils (DataStreamTestUtils.java:writeAndCloseAndAssertReplies(320)) - Stream414: bytesWritten=3742034
2022-07-21 19:37:58,353 [s2-client-thread1] INFO  statemachine.StateMachine (DataStreamTestUtils.java:link(157)) - link SingleDataStream: writeRequest=RaftClientRequest:client-D8D814A2DDB7->s1@group-3F2F94768D39, cid=414, seq=0, DataStream, Message:<EMPTY>, logEntry=null
2022-07-21 19:37:58,354 [s1-server-thread2] INFO  statemachine.StateMachine (DataStreamTestUtils.java:link(157)) - link SingleDataStream: writeRequest=RaftClientRequest:client-D8D814A2DDB7->s1@group-3F2F94768D39, cid=414, seq=0, DataStream, Message:<EMPTY>, logEntry=null
2022-07-21 19:37:58,354 [s0-server-thread1] INFO  statemachine.StateMachine (DataStreamTestUtils.java:link(157)) - link SingleDataStream: writeRequest=RaftClientRequest:client-D8D814A2DDB7->s1@group-3F2F94768D39, cid=414, seq=0, DataStream, Message:<EMPTY>, logEntry=null
2022-07-21 19:37:58,396 [pool-9-thread-6] INFO  datastream.DataStreamTestUtils (DataStreamTestUtils.java:writeAndCloseAndAssertReplies(311)) - start Stream454
2022-07-21 19:37:58,587 [pool-9-thread-6] INFO  datastream.DataStreamTestUtils (DataStreamTestUtils.java:writeAndCloseAndAssertReplies(320)) - Stream454: bytesWritten=7526987
2022-07-21 19:37:58,649 [pool-9-thread-8] INFO  datastream.DataStreamTestUtils (DataStreamTestUtils.java:writeAndCloseAndAssertReplies(320)) - Stream446: bytesWritten=3757424
2022-07-21 19:37:58,664 [s2-client-thread1] INFO  statemachine.StateMachine (DataStreamTestUtils.java:link(157)) - link SingleDataStream: writeRequest=RaftClientRequest:client-D8D814A2DDB7->s1@group-3F2F94768D39, cid=446, seq=0, DataStream, Message:<EMPTY>, logEntry=null
2022-07-21 19:37:58,665 [s1-server-thread2] INFO  statemachine.StateMachine (DataStreamTestUtils.java:link(157)) - link SingleDataStream: writeRequest=RaftClientRequest:client-D8D814A2DDB7->s1@group-3F2F94768D39, cid=446, seq=0, DataStream, Message:<EMPTY>, logEntry=null
2022-07-21 19:37:58,666 [s0-server-thread1] INFO  statemachine.StateMachine (DataStreamTestUtils.java:link(157)) - link SingleDataStream: writeRequest=RaftClientRequest:client-D8D814A2DDB7->s1@group-3F2F94768D39, cid=446, seq=0, DataStream, Message:<EMPTY>, logEntry=null
2022-07-21 19:37:58,696 [pool-9-thread-8] INFO  datastream.DataStreamTestUtils (DataStreamTestUtils.java:writeAndCloseAndAssertReplies(311)) - start Stream456
2022-07-21 19:37:58,715 [s2-client-thread1] INFO  statemachine.StateMachine (DataStreamTestUtils.java:link(157)) - link SingleDataStream: writeRequest=RaftClientRequest:client-3CED3FB4DDD5->s1@group-3F2F94768D39, cid=454, seq=0, DataStream, Message:<EMPTY>, logEntry=null
2022-07-21 19:37:58,718 [s0-server-thread1] INFO  statemachine.StateMachine (DataStreamTestUtils.java:link(157)) - link SingleDataStream: writeRequest=RaftClientRequest:client-3CED3FB4DDD5->s1@group-3F2F94768D39, cid=454, seq=0, DataStream, Message:<EMPTY>, logEntry=null
2022-07-21 19:37:58,719 [s1-server-thread2] INFO  statemachine.StateMachine (DataStreamTestUtils.java:link(157)) - link SingleDataStream: writeRequest=RaftClientRequest:client-3CED3FB4DDD5->s1@group-3F2F94768D39, cid=454, seq=0, DataStream, Message:<EMPTY>, logEntry=null
2022-07-21 19:37:58,758 [pool-9-thread-6] INFO  datastream.DataStreamTestUtils (DataStreamTestUtils.java:writeAndCloseAndAssertReplies(311)) - start Stream455
2022-07-21 19:37:58,885 [pool-9-thread-15] INFO  datastream.DataStreamTestUtils (DataStreamTestUtils.java:writeAndCloseAndAssertReplies(320)) - Stream448: bytesWritten=3744292
2022-07-21 19:37:58,897 [s2-client-thread1] INFO  statemachine.StateMachine (DataStreamTestUtils.java:link(157)) - link SingleDataStream: writeRequest=RaftClientRequest:client-D8D814A2DDB7->s1@group-3F2F94768D39, cid=448, seq=0, DataStream, Message:<EMPTY>, logEntry=null
2022-07-21 19:37:58,898 [s0-server-thread1] INFO  statemachine.StateMachine (DataStreamTestUtils.java:link(157)) - link SingleDataStream: writeRequest=RaftClientRequest:client-D8D814A2DDB7->s1@group-3F2F94768D39, cid=448, seq=0, DataStream, Message:<EMPTY>, logEntry=null
2022-07-21 19:37:58,898 [s1-server-thread2] INFO  statemachine.StateMachine (DataStreamTestUtils.java:link(157)) - link SingleDataStream: writeRequest=RaftClientRequest:client-D8D814A2DDB7->s1@group-3F2F94768D39, cid=448, seq=0, DataStream, Message:<EMPTY>, logEntry=null
2022-07-21 19:37:58,907 [pool-9-thread-15] INFO  datastream.DataStreamTestUtils (DataStreamTestUtils.java:writeAndCloseAndAssertReplies(311)) - start Stream458
2022-07-21 19:37:58,907 [pool-9-thread-16] INFO  datastream.DataStreamTestUtils (DataStreamTestUtils.java:writeAndCloseAndAssertReplies(320)) - Stream449: bytesWritten=3744421
2022-07-21 19:37:58,916 [pool-9-thread-8] INFO  datastream.DataStreamTestUtils (DataStreamTestUtils.java:writeAndCloseAndAssertReplies(320)) - Stream456: bytesWritten=7112077
2022-07-21 19:37:58,925 [s2-client-thread1] INFO  statemachine.StateMachine (DataStreamTestUtils.java:link(157)) - link SingleDataStream: writeRequest=RaftClientRequest:client-3CED3FB4DDD5->s1@group-3F2F94768D39, cid=456, seq=0, DataStream, Message:<EMPTY>, logEntry=null
2022-07-21 19:37:58,926 [s0-server-thread1] INFO  statemachine.StateMachine (DataStreamTestUtils.java:link(157)) - link SingleDataStream: writeRequest=RaftClientRequest:client-3CED3FB4DDD5->s1@group-3F2F94768D39, cid=456, seq=0, DataStream, Message:<EMPTY>, logEntry=null
2022-07-21 19:37:58,927 [s1-server-thread2] INFO  statemachine.StateMachine (DataStreamTestUtils.java:link(157)) - link SingleDataStream: writeRequest=RaftClientRequest:client-3CED3FB4DDD5->s1@group-3F2F94768D39, cid=456, seq=0, DataStream, Message:<EMPTY>, logEntry=null
2022-07-21 19:37:58,932 [s2-client-thread1] INFO  statemachine.StateMachine (DataStreamTestUtils.java:link(157)) - link SingleDataStream: writeRequest=RaftClientRequest:client-D8D814A2DDB7->s1@group-3F2F94768D39, cid=449, seq=0, DataStream, Message:<EMPTY>, logEntry=null
2022-07-21 19:37:58,933 [pool-9-thread-8] INFO  datastream.DataStreamTestUtils (DataStreamTestUtils.java:writeAndCloseAndAssertReplies(311)) - start Stream457
2022-07-21 19:37:58,937 [s0-server-thread1] INFO  statemachine.StateMachine (DataStreamTestUtils.java:link(157)) - link SingleDataStream: writeRequest=RaftClientRequest:client-D8D814A2DDB7->s1@group-3F2F94768D39, cid=449, seq=0, DataStream, Message:<EMPTY>, logEntry=null
2022-07-21 19:37:58,938 [s1-server-thread2] INFO  statemachine.StateMachine (DataStreamTestUtils.java:link(157)) - link SingleDataStream: writeRequest=RaftClientRequest:client-D8D814A2DDB7->s1@group-3F2F94768D39, cid=449, seq=0, DataStream, Message:<EMPTY>, logEntry=null
2022-07-21 19:37:59,005 [pool-9-thread-16] INFO  datastream.DataStreamTestUtils (DataStreamTestUtils.java:writeAndCloseAndAssertReplies(311)) - start Stream459
2022-07-21 19:37:59,168 [pool-9-thread-8] INFO  datastream.DataStreamTestUtils (DataStreamTestUtils.java:writeAndCloseAndAssertReplies(320)) - Stream457: bytesWritten=7556366
2022-07-21 19:37:59,175 [s2-client-thread1] INFO  statemachine.StateMachine (DataStreamTestUtils.java:link(157)) - link SingleDataStream: writeRequest=RaftClientRequest:client-3CED3FB4DDD5->s1@group-3F2F94768D39, cid=457, seq=0, DataStream, Message:<EMPTY>, logEntry=null
2022-07-21 19:37:59,176 [s1-server-thread2] INFO  statemachine.StateMachine (DataStreamTestUtils.java:link(157)) - link SingleDataStream: writeRequest=RaftClientRequest:client-3CED3FB4DDD5->s1@group-3F2F94768D39, cid=457, seq=0, DataStream, Message:<EMPTY>, logEntry=null
2022-07-21 19:37:59,177 [s0-server-thread1] INFO  statemachine.StateMachine (DataStreamTestUtils.java:link(157)) - link SingleDataStream: writeRequest=RaftClientRequest:client-3CED3FB4DDD5->s1@group-3F2F94768D39, cid=457, seq=0, DataStream, Message:<EMPTY>, logEntry=null
2022-07-21 19:37:59,249 [pool-9-thread-8] INFO  datastream.DataStreamTestUtils (DataStreamTestUtils.java:writeAndCloseAndAssertReplies(311)) - start Stream460
2022-07-21 19:37:59,303 [pool-9-thread-5] INFO  datastream.DataStreamTestUtils (DataStreamTestUtils.java:writeAndCloseAndAssertReplies(320)) - Stream444: bytesWritten=3757446
2022-07-21 19:37:59,320 [s2-client-thread1] INFO  statemachine.StateMachine (DataStreamTestUtils.java:link(157)) - link SingleDataStream: writeRequest=RaftClientRequest:client-D8D814A2DDB7->s1@group-3F2F94768D39, cid=444, seq=0, DataStream, Message:<EMPTY>, logEntry=null
2022-07-21 19:37:59,321 [s1-server-thread2] INFO  statemachine.StateMachine (DataStreamTestUtils.java:link(157)) - link SingleDataStream: writeRequest=RaftClientRequest:client-D8D814A2DDB7->s1@group-3F2F94768D39, cid=444, seq=0, DataStream, Message:<EMPTY>, logEntry=null
2022-07-21 19:37:59,322 [s0-server-thread1] INFO  statemachine.StateMachine (DataStreamTestUtils.java:link(157)) - link SingleDataStream: writeRequest=RaftClientRequest:client-D8D814A2DDB7->s1@group-3F2F94768D39, cid=444, seq=0, DataStream, Message:<EMPTY>, logEntry=null
2022-07-21 19:37:59,353 [pool-9-thread-13] INFO  datastream.DataStreamTestUtils (DataStreamTestUtils.java:writeAndCloseAndAssertReplies(320)) - Stream445: bytesWritten=3775901
2022-07-21 19:37:59,362 [s2-client-thread1] INFO  statemachine.StateMachine (DataStreamTestUtils.java:link(157)) - link SingleDataStream: writeRequest=RaftClientRequest:client-D8D814A2DDB7->s1@group-3F2F94768D39, cid=445, seq=0, DataStream, Message:<EMPTY>, logEntry=null
2022-07-21 19:37:59,363 [s1-server-thread1] INFO  statemachine.StateMachine (DataStreamTestUtils.java:link(157)) - link SingleDataStream: writeRequest=RaftClientRequest:client-D8D814A2DDB7->s1@group-3F2F94768D39, cid=445, seq=0, DataStream, Message:<EMPTY>, logEntry=null
2022-07-21 19:37:59,364 [s0-server-thread2] INFO  statemachine.StateMachine (DataStreamTestUtils.java:link(157)) - link SingleDataStream: writeRequest=RaftClientRequest:client-D8D814A2DDB7->s1@group-3F2F94768D39, cid=445, seq=0, DataStream, Message:<EMPTY>, logEntry=null
2022-07-21 19:37:59,374 [pool-9-thread-11] INFO  datastream.DataStreamTestUtils (DataStreamTestUtils.java:writeAndCloseAndAssertReplies(320)) - Stream447: bytesWritten=3747724
2022-07-21 19:37:59,381 [s2-client-thread1] INFO  statemachine.StateMachine (DataStreamTestUtils.java:link(157)) - link SingleDataStream: writeRequest=RaftClientRequest:client-D8D814A2DDB7->s1@group-3F2F94768D39, cid=447, seq=0, DataStream, Message:<EMPTY>, logEntry=null
2022-07-21 19:37:59,382 [s0-server-thread2] INFO  statemachine.StateMachine (DataStreamTestUtils.java:link(157)) - link SingleDataStream: writeRequest=RaftClientRequest:client-D8D814A2DDB7->s1@group-3F2F94768D39, cid=447, seq=0, DataStream, Message:<EMPTY>, logEntry=null
2022-07-21 19:37:59,382 [pool-9-thread-5] INFO  datastream.DataStreamTestUtils (DataStreamTestUtils.java:writeAndCloseAndAssertReplies(311)) - start Stream461
2022-07-21 19:37:59,382 [s1-server-thread1] INFO  statemachine.StateMachine (DataStreamTestUtils.java:link(157)) - link SingleDataStream: writeRequest=RaftClientRequest:client-D8D814A2DDB7->s1@group-3F2F94768D39, cid=447, seq=0, DataStream, Message:<EMPTY>, logEntry=null
2022-07-21 19:37:59,487 [pool-9-thread-11] INFO  datastream.DataStreamTestUtils (DataStreamTestUtils.java:writeAndCloseAndAssertReplies(311)) - start Stream462
2022-07-21 19:37:59,489 [pool-9-thread-13] INFO  datastream.DataStreamTestUtils (DataStreamTestUtils.java:writeAndCloseAndAssertReplies(311)) - start Stream463
2022-07-21 19:37:59,500 [pool-9-thread-3] INFO  datastream.DataStreamTestUtils (DataStreamTestUtils.java:writeAndCloseAndAssertReplies(311)) - start Stream464
2022-07-21 19:37:59,500 [pool-9-thread-1] INFO  datastream.DataStreamTestUtils (DataStreamTestUtils.java:writeAndCloseAndAssertReplies(311)) - start Stream465
2022-07-21 19:38:01,273 [Timer-2] INFO  impl.MiniRaftCluster (MiniRaftCluster.java:lambda$null$5(315)) - TIMED-PRINT: printing ALL groups
  s0:  RUNNING  FOLLOWER s0@group-3F2F94768D39:t4, leader=s2, voted=s2, raftlog=Memoized:s0@group-3F2F94768D39-SegmentedRaftLog:OPENED:c155, conf=135: peers:[s0|rpc:localhost:41459|admin:localhost:39355|client:localhost:35515|dataStream:localhost:32957|priority:0|startupRole:FOLLOWER, s1|rpc:localhost:42501|admin:localhost:40929|client:localhost:40437|dataStream:localhost:34203|priority:0|startupRole:FOLLOWER, s2|rpc:localhost:35871|admin:localhost:34483|client:localhost:43959|dataStream:localhost:39743|priority:0|startupRole:FOLLOWER]|listeners:[], old=null RUNNING
  s1:  RUNNING  FOLLOWER s1@group-3F2F94768D39:t4, leader=s2, voted=s2, raftlog=Memoized:s1@group-3F2F94768D39-SegmentedRaftLog:OPENED:c155, conf=135: peers:[s0|rpc:localhost:41459|admin:localhost:39355|client:localhost:35515|dataStream:localhost:32957|priority:0|startupRole:FOLLOWER, s1|rpc:localhost:42501|admin:localhost:40929|client:localhost:40437|dataStream:localhost:34203|priority:0|startupRole:FOLLOWER, s2|rpc:localhost:35871|admin:localhost:34483|client:localhost:43959|dataStream:localhost:39743|priority:0|startupRole:FOLLOWER]|listeners:[], old=null RUNNING
  s2:  RUNNING    LEADER s2@group-3F2F94768D39:t4, leader=s2, voted=s2, raftlog=Memoized:s2@group-3F2F94768D39-SegmentedRaftLog:OPENED:c155, conf=135: peers:[s0|rpc:localhost:41459|admin:localhost:39355|client:localhost:35515|dataStream:localhost:32957|priority:0|startupRole:FOLLOWER, s1|rpc:localhost:42501|admin:localhost:40929|client:localhost:40437|dataStream:localhost:34203|priority:0|startupRole:FOLLOWER, s2|rpc:localhost:35871|admin:localhost:34483|client:localhost:43959|dataStream:localhost:39743|priority:0|startupRole:FOLLOWER]|listeners:[], old=null RUNNING
2022-07-21 19:38:04,565 [s1@group-3F2F94768D39-FollowerState] INFO  impl.FollowerState (FollowerState.java:run(143)) - s1@group-3F2F94768D39-FollowerState: change to CANDIDATE, lastRpcElapsedTime:250013471ns, electionTimeout:238ms
2022-07-21 19:38:04,566 [s1@group-3F2F94768D39-FollowerState] INFO  impl.RoleInfo (RoleInfo.java:shutdownFollowerState(110)) - s1: shutdown s1@group-3F2F94768D39-FollowerState
2022-07-21 19:38:04,566 [s1@group-3F2F94768D39-FollowerState] INFO  server.RaftServer$Division (RaftServerImpl.java:setRole(301)) - s1@group-3F2F94768D39: changes role from  FOLLOWER to CANDIDATE at term 4 for changeToCandidate
2022-07-21 19:38:04,566 [s1@group-3F2F94768D39-FollowerState] INFO  server.RaftServerConfigKeys (ConfUtils.java:logGet(46)) - raft.server.leaderelection.pre-vote = true (default)
2022-07-21 19:38:04,566 [s1@group-3F2F94768D39-FollowerState] INFO  impl.RoleInfo (RoleInfo.java:updateAndGet(139)) - s1: start s1@group-3F2F94768D39-LeaderElection11
2022-07-21 19:38:04,577 [s1-server-thread2] INFO  server.RaftServer$Division (RaftServerImpl.java:setRole(301)) - s1@group-3F2F94768D39: changes role from CANDIDATE to FOLLOWER at term 4 for appendEntries
2022-07-21 19:38:04,577 [s1-server-thread2] INFO  impl.RoleInfo (RoleInfo.java:shutdownLeaderElection(130)) - s1: shutdown s1@group-3F2F94768D39-LeaderElection11
2022-07-21 19:38:04,577 [s1-server-thread2] INFO  impl.RoleInfo (RoleInfo.java:updateAndGet(139)) - s1: start s1@group-3F2F94768D39-FollowerState
2022-07-21 19:38:04,591 [s1@group-3F2F94768D39-LeaderElection11] INFO  impl.LeaderElection (LeaderElection.java:run(231)) - s1@group-3F2F94768D39-LeaderElection11: skip running since this is already CLOSING
2022-07-21 19:38:05,749 [pool-9-thread-12] INFO  datastream.DataStreamTestUtils (DataStreamTestUtils.java:writeAndCloseAndAssertReplies(320)) - Stream450: bytesWritten=3750566
2022-07-21 19:38:05,761 [s2-client-thread1] INFO  statemachine.StateMachine (DataStreamTestUtils.java:link(157)) - link SingleDataStream: writeRequest=RaftClientRequest:client-D8D814A2DDB7->s1@group-3F2F94768D39, cid=450, seq=0, DataStream, Message:<EMPTY>, logEntry=null
2022-07-21 19:38:05,762 [s0-server-thread1] INFO  statemachine.StateMachine (DataStreamTestUtils.java:link(157)) - link SingleDataStream: writeRequest=RaftClientRequest:client-D8D814A2DDB7->s1@group-3F2F94768D39, cid=450, seq=0, DataStream, Message:<EMPTY>, logEntry=null
2022-07-21 19:38:05,762 [s1-server-thread2] INFO  statemachine.StateMachine (DataStreamTestUtils.java:link(157)) - link SingleDataStream: writeRequest=RaftClientRequest:client-D8D814A2DDB7->s1@group-3F2F94768D39, cid=450, seq=0, DataStream, Message:<EMPTY>, logEntry=null
2022-07-21 19:38:05,911 [pool-9-thread-9] INFO  datastream.DataStreamTestUtils (DataStreamTestUtils.java:writeAndCloseAndAssertReplies(320)) - Stream451: bytesWritten=3736298
2022-07-21 19:38:05,920 [s2-client-thread1] INFO  statemachine.StateMachine (DataStreamTestUtils.java:link(157)) - link SingleDataStream: writeRequest=RaftClientRequest:client-D8D814A2DDB7->s1@group-3F2F94768D39, cid=451, seq=0, DataStream, Message:<EMPTY>, logEntry=null
2022-07-21 19:38:05,921 [s0-server-thread1] INFO  statemachine.StateMachine (DataStreamTestUtils.java:link(157)) - link SingleDataStream: writeRequest=RaftClientRequest:client-D8D814A2DDB7->s1@group-3F2F94768D39, cid=451, seq=0, DataStream, Message:<EMPTY>, logEntry=null
2022-07-21 19:38:05,921 [s1-server-thread2] INFO  statemachine.StateMachine (DataStreamTestUtils.java:link(157)) - link SingleDataStream: writeRequest=RaftClientRequest:client-D8D814A2DDB7->s1@group-3F2F94768D39, cid=451, seq=0, DataStream, Message:<EMPTY>, logEntry=null
2022-07-21 19:38:08,185 [pool-9-thread-14] INFO  datastream.DataStreamTestUtils (DataStreamTestUtils.java:writeAndCloseAndAssertReplies(320)) - Stream452: bytesWritten=3762787
2022-07-21 19:38:08,187 [s2-client-thread1] INFO  statemachine.StateMachine (DataStreamTestUtils.java:link(157)) - link SingleDataStream: writeRequest=RaftClientRequest:client-D8D814A2DDB7->s1@group-3F2F94768D39, cid=452, seq=0, DataStream, Message:<EMPTY>, logEntry=null
2022-07-21 19:38:08,190 [s1-server-thread2] INFO  statemachine.StateMachine (DataStreamTestUtils.java:link(157)) - link SingleDataStream: writeRequest=RaftClientRequest:client-D8D814A2DDB7->s1@group-3F2F94768D39, cid=452, seq=0, DataStream, Message:<EMPTY>, logEntry=null
2022-07-21 19:38:08,190 [s0-server-thread1] INFO  statemachine.StateMachine (DataStreamTestUtils.java:link(157)) - link SingleDataStream: writeRequest=RaftClientRequest:client-D8D814A2DDB7->s1@group-3F2F94768D39, cid=452, seq=0, DataStream, Message:<EMPTY>, logEntry=null
2022-07-21 19:38:11,275 [Timer-2] INFO  impl.MiniRaftCluster (MiniRaftCluster.java:lambda$null$5(315)) - TIMED-PRINT: printing ALL groups
  s0:  RUNNING  FOLLOWER s0@group-3F2F94768D39:t4, leader=s2, voted=s2, raftlog=Memoized:s0@group-3F2F94768D39-SegmentedRaftLog:OPENED:c161, conf=135: peers:[s0|rpc:localhost:41459|admin:localhost:39355|client:localhost:35515|dataStream:localhost:32957|priority:0|startupRole:FOLLOWER, s1|rpc:localhost:42501|admin:localhost:40929|client:localhost:40437|dataStream:localhost:34203|priority:0|startupRole:FOLLOWER, s2|rpc:localhost:35871|admin:localhost:34483|client:localhost:43959|dataStream:localhost:39743|priority:0|startupRole:FOLLOWER]|listeners:[], old=null RUNNING
  s1:  RUNNING  FOLLOWER s1@group-3F2F94768D39:t4, leader=s2, voted=s2, raftlog=Memoized:s1@group-3F2F94768D39-SegmentedRaftLog:OPENED:c161, conf=135: peers:[s0|rpc:localhost:41459|admin:localhost:39355|client:localhost:35515|dataStream:localhost:32957|priority:0|startupRole:FOLLOWER, s1|rpc:localhost:42501|admin:localhost:40929|client:localhost:40437|dataStream:localhost:34203|priority:0|startupRole:FOLLOWER, s2|rpc:localhost:35871|admin:localhost:34483|client:localhost:43959|dataStream:localhost:39743|priority:0|startupRole:FOLLOWER]|listeners:[], old=null RUNNING
  s2:  RUNNING    LEADER s2@group-3F2F94768D39:t4, leader=s2, voted=s2, raftlog=Memoized:s2@group-3F2F94768D39-SegmentedRaftLog:OPENED:c161, conf=135: peers:[s0|rpc:localhost:41459|admin:localhost:39355|client:localhost:35515|dataStream:localhost:32957|priority:0|startupRole:FOLLOWER, s1|rpc:localhost:42501|admin:localhost:40929|client:localhost:40437|dataStream:localhost:34203|priority:0|startupRole:FOLLOWER, s2|rpc:localhost:35871|admin:localhost:34483|client:localhost:43959|dataStream:localhost:39743|priority:0|startupRole:FOLLOWER]|listeners:[], old=null RUNNING
2022-07-21 19:38:15,718 [pool-9-thread-10] INFO  datastream.DataStreamTestUtils (DataStreamTestUtils.java:writeAndCloseAndAssertReplies(320)) - Stream403: bytesWritten=3742554
2022-07-21 19:38:15,841 [s2-client-thread1] INFO  statemachine.StateMachine (DataStreamTestUtils.java:link(157)) - link SingleDataStream: writeRequest=RaftClientRequest:client-F05BDF1899E5->s2@group-3F2F94768D39, cid=403, seq=0, DataStream, Message:<EMPTY>, logEntry=null
2022-07-21 19:38:15,842 [s1-server-thread2] INFO  statemachine.StateMachine (DataStreamTestUtils.java:link(157)) - link SingleDataStream: writeRequest=RaftClientRequest:client-F05BDF1899E5->s2@group-3F2F94768D39, cid=403, seq=0, DataStream, Message:<EMPTY>, logEntry=null
2022-07-21 19:38:15,843 [s0-server-thread1] INFO  statemachine.StateMachine (DataStreamTestUtils.java:link(157)) - link SingleDataStream: writeRequest=RaftClientRequest:client-F05BDF1899E5->s2@group-3F2F94768D39, cid=403, seq=0, DataStream, Message:<EMPTY>, logEntry=null
2022-07-21 19:38:19,199 [org.apache.ratis.util.JvmPauseMonitor$$Lambda$279/2133923994@fac9096] WARN  util.JvmPauseMonitor (JvmPauseMonitor.java:detectPause(124)) - JvmPauseMonitor-s1: Detected pause in JVM or host machine (eg GC): pause of approximately 122237129ns.
GC pool 'PS Scavenge' had collection(s): count=1 time=122ms
2022-07-21 19:38:19,200 [org.apache.ratis.util.JvmPauseMonitor$$Lambda$279/2133923994@6651e685] WARN  util.JvmPauseMonitor (JvmPauseMonitor.java:detectPause(124)) - JvmPauseMonitor-s2: Detected pause in JVM or host machine (eg GC): pause of approximately 122621325ns.
GC pool 'PS Scavenge' had collection(s): count=1 time=122ms
2022-07-21 19:38:19,200 [org.apache.ratis.util.JvmPauseMonitor$$Lambda$279/2133923994@18e5eed3] WARN  util.JvmPauseMonitor (JvmPauseMonitor.java:detectPause(124)) - JvmPauseMonitor-s0: Detected pause in JVM or host machine (eg GC): pause of approximately 122655125ns.
GC pool 'PS Scavenge' had collection(s): count=1 time=122ms
2022-07-21 19:38:21,274 [Timer-2] INFO  impl.MiniRaftCluster (MiniRaftCluster.java:lambda$null$5(315)) - TIMED-PRINT: printing ALL groups
  s0:  RUNNING  FOLLOWER s0@group-3F2F94768D39:t4, leader=s2, voted=s2, raftlog=Memoized:s0@group-3F2F94768D39-SegmentedRaftLog:OPENED:c163, conf=135: peers:[s0|rpc:localhost:41459|admin:localhost:39355|client:localhost:35515|dataStream:localhost:32957|priority:0|startupRole:FOLLOWER, s1|rpc:localhost:42501|admin:localhost:40929|client:localhost:40437|dataStream:localhost:34203|priority:0|startupRole:FOLLOWER, s2|rpc:localhost:35871|admin:localhost:34483|client:localhost:43959|dataStream:localhost:39743|priority:0|startupRole:FOLLOWER]|listeners:[], old=null RUNNING
  s1:  RUNNING  FOLLOWER s1@group-3F2F94768D39:t4, leader=s2, voted=s2, raftlog=Memoized:s1@group-3F2F94768D39-SegmentedRaftLog:OPENED:c163, conf=135: peers:[s0|rpc:localhost:41459|admin:localhost:39355|client:localhost:35515|dataStream:localhost:32957|priority:0|startupRole:FOLLOWER, s1|rpc:localhost:42501|admin:localhost:40929|client:localhost:40437|dataStream:localhost:34203|priority:0|startupRole:FOLLOWER, s2|rpc:localhost:35871|admin:localhost:34483|client:localhost:43959|dataStream:localhost:39743|priority:0|startupRole:FOLLOWER]|listeners:[], old=null RUNNING
  s2:  RUNNING    LEADER s2@group-3F2F94768D39:t4, leader=s2, voted=s2, raftlog=Memoized:s2@group-3F2F94768D39-SegmentedRaftLog:OPENED:c163, conf=135: peers:[s0|rpc:localhost:41459|admin:localhost:39355|client:localhost:35515|dataStream:localhost:32957|priority:0|startupRole:FOLLOWER, s1|rpc:localhost:42501|admin:localhost:40929|client:localhost:40437|dataStream:localhost:34203|priority:0|startupRole:FOLLOWER, s2|rpc:localhost:35871|admin:localhost:34483|client:localhost:43959|dataStream:localhost:39743|priority:0|startupRole:FOLLOWER]|listeners:[], old=null RUNNING
2022-07-21 19:38:22,021 [pool-9-thread-8] INFO  datastream.DataStreamTestUtils (DataStreamTestUtils.java:writeAndCloseAndAssertReplies(320)) - Stream460: bytesWritten=3750501
2022-07-21 19:38:22,034 [s2-client-thread1] INFO  statemachine.StateMachine (DataStreamTestUtils.java:link(157)) - link SingleDataStream: writeRequest=RaftClientRequest:client-F05BDF1899E5->s2@group-3F2F94768D39, cid=460, seq=0, DataStream, Message:<EMPTY>, logEntry=null
2022-07-21 19:38:22,040 [s1-server-thread2] INFO  statemachine.StateMachine (DataStreamTestUtils.java:link(157)) - link SingleDataStream: writeRequest=RaftClientRequest:client-F05BDF1899E5->s2@group-3F2F94768D39, cid=460, seq=0, DataStream, Message:<EMPTY>, logEntry=null
2022-07-21 19:38:22,040 [s0-server-thread1] INFO  statemachine.StateMachine (DataStreamTestUtils.java:link(157)) - link SingleDataStream: writeRequest=RaftClientRequest:client-F05BDF1899E5->s2@group-3F2F94768D39, cid=460, seq=0, DataStream, Message:<EMPTY>, logEntry=null
2022-07-21 19:38:22,094 [pool-9-thread-15] INFO  datastream.DataStreamTestUtils (DataStreamTestUtils.java:writeAndCloseAndAssertReplies(320)) - Stream458: bytesWritten=3767846
2022-07-21 19:38:22,102 [s2-client-thread1] INFO  statemachine.StateMachine (DataStreamTestUtils.java:link(157)) - link SingleDataStream: writeRequest=RaftClientRequest:client-F05BDF1899E5->s2@group-3F2F94768D39, cid=458, seq=0, DataStream, Message:<EMPTY>, logEntry=null
2022-07-21 19:38:22,104 [s0-server-thread1] INFO  statemachine.StateMachine (DataStreamTestUtils.java:link(157)) - link SingleDataStream: writeRequest=RaftClientRequest:client-F05BDF1899E5->s2@group-3F2F94768D39, cid=458, seq=0, DataStream, Message:<EMPTY>, logEntry=null
2022-07-21 19:38:22,104 [s1-server-thread2] INFO  statemachine.StateMachine (DataStreamTestUtils.java:link(157)) - link SingleDataStream: writeRequest=RaftClientRequest:client-F05BDF1899E5->s2@group-3F2F94768D39, cid=458, seq=0, DataStream, Message:<EMPTY>, logEntry=null
2022-07-21 19:38:22,155 [pool-9-thread-6] INFO  datastream.DataStreamTestUtils (DataStreamTestUtils.java:writeAndCloseAndAssertReplies(320)) - Stream455: bytesWritten=3758125
2022-07-21 19:38:22,162 [s2-client-thread1] INFO  statemachine.StateMachine (DataStreamTestUtils.java:link(157)) - link SingleDataStream: writeRequest=RaftClientRequest:client-F05BDF1899E5->s2@group-3F2F94768D39, cid=455, seq=0, DataStream, Message:<EMPTY>, logEntry=null
2022-07-21 19:38:22,163 [s0-server-thread1] INFO  statemachine.StateMachine (DataStreamTestUtils.java:link(157)) - link SingleDataStream: writeRequest=RaftClientRequest:client-F05BDF1899E5->s2@group-3F2F94768D39, cid=455, seq=0, DataStream, Message:<EMPTY>, logEntry=null
2022-07-21 19:38:22,164 [s1-server-thread2] INFO  statemachine.StateMachine (DataStreamTestUtils.java:link(157)) - link SingleDataStream: writeRequest=RaftClientRequest:client-F05BDF1899E5->s2@group-3F2F94768D39, cid=455, seq=0, DataStream, Message:<EMPTY>, logEntry=null
2022-07-21 19:38:22,309 [pool-9-thread-16] INFO  datastream.DataStreamTestUtils (DataStreamTestUtils.java:writeAndCloseAndAssertReplies(320)) - Stream459: bytesWritten=3762538
2022-07-21 19:38:22,317 [s2-client-thread1] INFO  statemachine.StateMachine (DataStreamTestUtils.java:link(157)) - link SingleDataStream: writeRequest=RaftClientRequest:client-F05BDF1899E5->s2@group-3F2F94768D39, cid=459, seq=0, DataStream, Message:<EMPTY>, logEntry=null
2022-07-21 19:38:22,319 [s0-server-thread1] INFO  statemachine.StateMachine (DataStreamTestUtils.java:link(157)) - link SingleDataStream: writeRequest=RaftClientRequest:client-F05BDF1899E5->s2@group-3F2F94768D39, cid=459, seq=0, DataStream, Message:<EMPTY>, logEntry=null
2022-07-21 19:38:22,319 [s1-server-thread2] INFO  statemachine.StateMachine (DataStreamTestUtils.java:link(157)) - link SingleDataStream: writeRequest=RaftClientRequest:client-F05BDF1899E5->s2@group-3F2F94768D39, cid=459, seq=0, DataStream, Message:<EMPTY>, logEntry=null
2022-07-21 19:38:22,326 [pool-9-thread-5] INFO  datastream.DataStreamTestUtils (DataStreamTestUtils.java:writeAndCloseAndAssertReplies(320)) - Stream461: bytesWritten=3755273
2022-07-21 19:38:22,335 [s2-client-thread1] INFO  statemachine.StateMachine (DataStreamTestUtils.java:link(157)) - link SingleDataStream: writeRequest=RaftClientRequest:client-F05BDF1899E5->s2@group-3F2F94768D39, cid=461, seq=0, DataStream, Message:<EMPTY>, logEntry=null
2022-07-21 19:38:22,336 [s1-server-thread2] INFO  statemachine.StateMachine (DataStreamTestUtils.java:link(157)) - link SingleDataStream: writeRequest=RaftClientRequest:client-F05BDF1899E5->s2@group-3F2F94768D39, cid=461, seq=0, DataStream, Message:<EMPTY>, logEntry=null
2022-07-21 19:38:22,337 [s0-server-thread1] INFO  statemachine.StateMachine (DataStreamTestUtils.java:link(157)) - link SingleDataStream: writeRequest=RaftClientRequest:client-F05BDF1899E5->s2@group-3F2F94768D39, cid=461, seq=0, DataStream, Message:<EMPTY>, logEntry=null
2022-07-21 19:38:22,398 [pool-9-thread-11] INFO  datastream.DataStreamTestUtils (DataStreamTestUtils.java:writeAndCloseAndAssertReplies(320)) - Stream462: bytesWritten=3763135
2022-07-21 19:38:22,405 [s2-client-thread1] INFO  statemachine.StateMachine (DataStreamTestUtils.java:link(157)) - link SingleDataStream: writeRequest=RaftClientRequest:client-F05BDF1899E5->s2@group-3F2F94768D39, cid=462, seq=0, DataStream, Message:<EMPTY>, logEntry=null
2022-07-21 19:38:22,406 [s1-server-thread2] INFO  statemachine.StateMachine (DataStreamTestUtils.java:link(157)) - link SingleDataStream: writeRequest=RaftClientRequest:client-F05BDF1899E5->s2@group-3F2F94768D39, cid=462, seq=0, DataStream, Message:<EMPTY>, logEntry=null
2022-07-21 19:38:22,406 [s0-server-thread1] INFO  statemachine.StateMachine (DataStreamTestUtils.java:link(157)) - link SingleDataStream: writeRequest=RaftClientRequest:client-F05BDF1899E5->s2@group-3F2F94768D39, cid=462, seq=0, DataStream, Message:<EMPTY>, logEntry=null
2022-07-21 19:38:23,308 [s2@group-3F2F94768D39-LeaderStateImpl] WARN  server.RaftServer$Division (LeaderStateImpl.java:checkLeadership(1020)) - s2@group-3F2F94768D39-LeaderStateImpl: Lost leadership on term: 4. Election timeout: 300ms. In charge for: 26029ms. Conf: 135: peers:[s0|rpc:localhost:41459|admin:localhost:39355|client:localhost:35515|dataStream:localhost:32957|priority:0|startupRole:FOLLOWER, s1|rpc:localhost:42501|admin:localhost:40929|client:localhost:40437|dataStream:localhost:34203|priority:0|startupRole:FOLLOWER, s2|rpc:localhost:35871|admin:localhost:34483|client:localhost:43959|dataStream:localhost:39743|priority:0|startupRole:FOLLOWER]|listeners:[], old=null
2022-07-21 19:38:23,308 [org.apache.ratis.util.JvmPauseMonitor$$Lambda$279/2133923994@6651e685] WARN  util.JvmPauseMonitor (JvmPauseMonitor.java:detectPause(124)) - JvmPauseMonitor-s2: Detected pause in JVM or host machine (eg GC): pause of approximately 607148957ns.
GC pool 'PS MarkSweep' had collection(s): count=1 time=766ms
GC pool 'PS Scavenge' had collection(s): count=1 time=124ms
2022-07-21 19:38:23,308 [s2@group-3F2F94768D39-LeaderStateImpl] WARN  server.RaftServer$Division (LeaderStateImpl.java:lambda$checkLeadership$17(1024)) - Follower s2@group-3F2F94768D39->s0(c172,m173,n175, attendVote=true, lastRpcSendTime=902, lastRpcResponseTime=962)
2022-07-21 19:38:23,308 [org.apache.ratis.util.JvmPauseMonitor$$Lambda$279/2133923994@fac9096] WARN  util.JvmPauseMonitor (JvmPauseMonitor.java:detectPause(124)) - JvmPauseMonitor-s1: Detected pause in JVM or host machine (eg GC): pause of approximately 607347555ns.
GC pool 'PS MarkSweep' had collection(s): count=1 time=766ms
GC pool 'PS Scavenge' had collection(s): count=1 time=124ms
2022-07-21 19:38:23,308 [org.apache.ratis.util.JvmPauseMonitor$$Lambda$279/2133923994@18e5eed3] WARN  util.JvmPauseMonitor (JvmPauseMonitor.java:detectPause(124)) - JvmPauseMonitor-s0: Detected pause in JVM or host machine (eg GC): pause of approximately 607570453ns.
GC pool 'PS MarkSweep' had collection(s): count=1 time=766ms
GC pool 'PS Scavenge' had collection(s): count=1 time=124ms
2022-07-21 19:38:23,308 [s0@group-3F2F94768D39-FollowerState] WARN  impl.FollowerState (FollowerState.java:run(130)) - Unexpected long sleep: sleep 188ms but took extra 806792300ns (> threshold = 300ms)
2022-07-21 19:38:23,308 [s1@group-3F2F94768D39-FollowerState] WARN  impl.FollowerState (FollowerState.java:run(130)) - Unexpected long sleep: sleep 296ms but took extra 890673248ns (> threshold = 300ms)
2022-07-21 19:38:23,308 [s2@group-3F2F94768D39-LeaderStateImpl] WARN  server.RaftServer$Division (LeaderStateImpl.java:lambda$checkLeadership$17(1024)) - Follower s2@group-3F2F94768D39->s1(c172,m173,n175, attendVote=true, lastRpcSendTime=902, lastRpcResponseTime=964)
2022-07-21 19:38:23,310 [s2@group-3F2F94768D39-LeaderStateImpl] INFO  server.RaftServer$Division (RaftServerImpl.java:setRole(301)) - s2@group-3F2F94768D39: changes role from    LEADER to FOLLOWER at term 4 for StepDownReason:LOST_MAJORITY_HEARTBEATS
2022-07-21 19:38:23,310 [s2@group-3F2F94768D39-LeaderStateImpl] INFO  impl.RoleInfo (RoleInfo.java:shutdownLeaderState(93)) - s2: shutdown s2@group-3F2F94768D39-LeaderStateImpl
2022-07-21 19:38:23,328 [grpc-default-executor-1] INFO  server.GrpcServerProtocolService (GrpcServerProtocolService.java:onCompleted(145)) - s0: Completed APPEND_ENTRIES, lastRequest: s2->s0#512-t4,previous=(t:4, i:173),leaderCommit=173,initializing? true,entries: size=1, first=(t:4, i:174), STATEMACHINELOGENTRY, 462@client-F05BDF1899E5
2022-07-21 19:38:23,332 [grpc-default-executor-12] INFO  server.GrpcLogAppender (GrpcLogAppender.java:onCompleted(386)) - s2@group-3F2F94768D39->s0-AppendLogResponseHandler: follower responses appendEntries COMPLETED
2022-07-21 19:38:23,332 [grpc-default-executor-12] INFO  leader.FollowerInfo (FollowerInfoImpl.java:lambda$new$0(48)) - s2@group-3F2F94768D39->s0: nextIndex: updateUnconditionally 175 -> 174
2022-07-21 19:38:23,335 [pool-9-thread-3] INFO  datastream.DataStreamTestUtils (DataStreamTestUtils.java:writeAndCloseAndAssertReplies(320)) - Stream464: bytesWritten=3750149
2022-07-21 19:38:23,345 [pool-9-thread-13] INFO  datastream.DataStreamTestUtils (DataStreamTestUtils.java:writeAndCloseAndAssertReplies(320)) - Stream463: bytesWritten=3754325
2022-07-21 19:38:23,367 [s2@group-3F2F94768D39-LeaderStateImpl] INFO  impl.PendingRequests (PendingRequests.java:sendNotLeaderResponses(282)) - s2@group-3F2F94768D39-PendingRequests: sendNotLeaderResponses
2022-07-21 19:38:23,367 [grpc-default-executor-5] INFO  server.GrpcServerProtocolService (GrpcServerProtocolService.java:onCompleted(145)) - s0: Completed APPEND_ENTRIES, lastRequest: null
2022-07-21 19:38:23,388 [s2@group-3F2F94768D39->s1-GrpcLogAppender-LogAppenderDaemon] WARN  server.GrpcLogAppender (GrpcLogAppender.java:mayWait(183)) - s2@group-3F2F94768D39->s1-GrpcLogAppender: Wait interrupted by java.lang.InterruptedException
2022-07-21 19:38:23,392 [grpc-default-executor-12] INFO  server.GrpcLogAppender (GrpcLogAppender.java:onCompleted(386)) - s2@group-3F2F94768D39->s0-AppendLogResponseHandler: follower responses appendEntries COMPLETED
2022-07-21 19:38:23,392 [grpc-default-executor-1] INFO  server.GrpcServerProtocolService (GrpcServerProtocolService.java:onCompleted(145)) - s1: Completed APPEND_ENTRIES, lastRequest: null
2022-07-21 19:38:23,392 [grpc-default-executor-14] INFO  server.GrpcServerProtocolService (GrpcServerProtocolService.java:onCompleted(145)) - s1: Completed APPEND_ENTRIES, lastRequest: s2->s1#519-t4,previous=(t:4, i:173),leaderCommit=173,initializing? true,entries: size=1, first=(t:4, i:174), STATEMACHINELOGENTRY, 462@client-F05BDF1899E5
2022-07-21 19:38:23,392 [grpc-default-executor-12] INFO  leader.FollowerInfo (FollowerInfoImpl.java:lambda$new$0(48)) - s2@group-3F2F94768D39->s0: nextIndex: updateUnconditionally 174 -> 173
2022-07-21 19:38:23,393 [grpc-default-executor-12] INFO  server.GrpcLogAppender (GrpcLogAppender.java:onCompleted(386)) - s2@group-3F2F94768D39->s1-AppendLogResponseHandler: follower responses appendEntries COMPLETED
2022-07-21 19:38:23,394 [grpc-default-executor-12] INFO  leader.FollowerInfo (FollowerInfoImpl.java:lambda$new$0(48)) - s2@group-3F2F94768D39->s1: nextIndex: updateUnconditionally 175 -> 174
2022-07-21 19:38:23,395 [grpc-default-executor-12] INFO  server.GrpcLogAppender (GrpcLogAppender.java:onCompleted(386)) - s2@group-3F2F94768D39->s1-AppendLogResponseHandler: follower responses appendEntries COMPLETED
2022-07-21 19:38:23,395 [grpc-default-executor-12] INFO  leader.FollowerInfo (FollowerInfoImpl.java:lambda$new$0(48)) - s2@group-3F2F94768D39->s1: nextIndex: updateUnconditionally 174 -> 173
2022-07-21 19:38:23,400 [s2@group-3F2F94768D39-LeaderStateImpl] INFO  impl.RoleInfo (RoleInfo.java:updateAndGet(139)) - s2: start s2@group-3F2F94768D39-FollowerState
2022-07-21 19:38:23,401 [pool-9-thread-1] INFO  datastream.DataStreamTestUtils (DataStreamTestUtils.java:writeAndCloseAndAssertReplies(320)) - Stream465: bytesWritten=3757960
2022-07-21 19:38:23,564 [s2@group-3F2F94768D39-FollowerState] INFO  impl.FollowerState (FollowerState.java:lostMajorityHeartbeatsRecently(108)) - s2@group-3F2F94768D39-FollowerState: Skipping leader election since it stepped down recently (elapsed = 163ms < waitTime = 10s)
2022-07-21 19:38:23,680 [s1@group-3F2F94768D39-FollowerState] INFO  impl.FollowerState (FollowerState.java:run(143)) - s1@group-3F2F94768D39-FollowerState: change to CANDIDATE, lastRpcElapsedTime:293279935ns, electionTimeout:202ms
2022-07-21 19:38:23,680 [s1@group-3F2F94768D39-FollowerState] INFO  impl.RoleInfo (RoleInfo.java:shutdownFollowerState(110)) - s1: shutdown s1@group-3F2F94768D39-FollowerState
2022-07-21 19:38:23,680 [s1@group-3F2F94768D39-FollowerState] INFO  server.RaftServer$Division (RaftServerImpl.java:setRole(301)) - s1@group-3F2F94768D39: changes role from  FOLLOWER to CANDIDATE at term 4 for changeToCandidate
2022-07-21 19:38:23,680 [s1@group-3F2F94768D39-FollowerState] INFO  server.RaftServerConfigKeys (ConfUtils.java:logGet(46)) - raft.server.leaderelection.pre-vote = true (default)
2022-07-21 19:38:23,680 [s1@group-3F2F94768D39-FollowerState] INFO  impl.RoleInfo (RoleInfo.java:updateAndGet(139)) - s1: start s1@group-3F2F94768D39-LeaderElection12
2022-07-21 19:38:23,680 [s1@group-3F2F94768D39-LeaderElection12] INFO  server.RaftServer$Division (ServerState.java:setLeader(313)) - s1@group-3F2F94768D39: change Leader from s2 to null at term 4 for PRE_VOTE
2022-07-21 19:38:23,682 [s1@group-3F2F94768D39-LeaderElection12] INFO  impl.LeaderElection (LeaderElection.java:askForVotes(310)) - s1@group-3F2F94768D39-LeaderElection12 PRE_VOTE round 0: submit vote requests at term 4 for 135: peers:[s0|rpc:localhost:41459|admin:localhost:39355|client:localhost:35515|dataStream:localhost:32957|priority:0|startupRole:FOLLOWER, s1|rpc:localhost:42501|admin:localhost:40929|client:localhost:40437|dataStream:localhost:34203|priority:0|startupRole:FOLLOWER, s2|rpc:localhost:35871|admin:localhost:34483|client:localhost:43959|dataStream:localhost:39743|priority:0|startupRole:FOLLOWER]|listeners:[], old=null
2022-07-21 19:38:23,684 [grpc-default-executor-1] INFO  server.RaftServer$Division (RaftServerImpl.java:requestVote(1198)) - s0@group-3F2F94768D39: receive requestVote(PRE_VOTE, s1, group-3F2F94768D39, 4, (t:4, i:174))
2022-07-21 19:38:23,685 [grpc-default-executor-1] INFO  impl.VoteContext (VoteContext.java:log(48)) - s0@group-3F2F94768D39-FOLLOWER: accept PRE_VOTE from s1: our priority 0 <= candidate's priority 0
2022-07-21 19:38:23,685 [grpc-default-executor-1] INFO  server.RaftServer$Division (RaftServerImpl.java:requestVote(1231)) - s0@group-3F2F94768D39 replies to PRE_VOTE vote request: s1<-s0#0:OK-t4. Peer's state: s0@group-3F2F94768D39:t4, leader=s2, voted=s2, raftlog=Memoized:s0@group-3F2F94768D39-SegmentedRaftLog:OPENED:c173, conf=135: peers:[s0|rpc:localhost:41459|admin:localhost:39355|client:localhost:35515|dataStream:localhost:32957|priority:0|startupRole:FOLLOWER, s1|rpc:localhost:42501|admin:localhost:40929|client:localhost:40437|dataStream:localhost:34203|priority:0|startupRole:FOLLOWER, s2|rpc:localhost:35871|admin:localhost:34483|client:localhost:43959|dataStream:localhost:39743|priority:0|startupRole:FOLLOWER]|listeners:[], old=null
2022-07-21 19:38:23,685 [s1@group-3F2F94768D39-LeaderElection12] INFO  impl.LeaderElection (LeaderElection.java:logAndReturn(90)) - s1@group-3F2F94768D39-LeaderElection12: PRE_VOTE PASSED received 1 response(s) and 0 exception(s):
2022-07-21 19:38:23,686 [s1@group-3F2F94768D39-LeaderElection12] INFO  impl.LeaderElection (LeaderElection.java:logAndReturn(94)) -   Response 0: s1<-s0#0:OK-t4
2022-07-21 19:38:23,686 [s1@group-3F2F94768D39-LeaderElection12] INFO  impl.LeaderElection (LeaderElection.java:askForVotes(312)) - s1@group-3F2F94768D39-LeaderElection12 PRE_VOTE round 0: result PASSED
2022-07-21 19:38:23,688 [grpc-default-executor-1] INFO  server.RaftServer$Division (RaftServerImpl.java:requestVote(1198)) - s2@group-3F2F94768D39: receive requestVote(PRE_VOTE, s1, group-3F2F94768D39, 4, (t:4, i:174))
2022-07-21 19:38:23,688 [grpc-default-executor-1] INFO  impl.VoteContext (VoteContext.java:log(48)) - s2@group-3F2F94768D39-FOLLOWER: accept PRE_VOTE from s1: our priority 0 <= candidate's priority 0
2022-07-21 19:38:23,688 [grpc-default-executor-1] INFO  server.RaftServer$Division (RaftServerImpl.java:requestVote(1231)) - s2@group-3F2F94768D39 replies to PRE_VOTE vote request: s1<-s2#0:OK-t4. Peer's state: s2@group-3F2F94768D39:t4, leader=s2, voted=s2, raftlog=Memoized:s2@group-3F2F94768D39-SegmentedRaftLog:OPENED:c173, conf=135: peers:[s0|rpc:localhost:41459|admin:localhost:39355|client:localhost:35515|dataStream:localhost:32957|priority:0|startupRole:FOLLOWER, s1|rpc:localhost:42501|admin:localhost:40929|client:localhost:40437|dataStream:localhost:34203|priority:0|startupRole:FOLLOWER, s2|rpc:localhost:35871|admin:localhost:34483|client:localhost:43959|dataStream:localhost:39743|priority:0|startupRole:FOLLOWER]|listeners:[], old=null
2022-07-21 19:38:23,691 [s1@group-3F2F94768D39-LeaderElection12] INFO  impl.LeaderElection (LeaderElection.java:askForVotes(310)) - s1@group-3F2F94768D39-LeaderElection12 ELECTION round 0: submit vote requests at term 5 for 135: peers:[s0|rpc:localhost:41459|admin:localhost:39355|client:localhost:35515|dataStream:localhost:32957|priority:0|startupRole:FOLLOWER, s1|rpc:localhost:42501|admin:localhost:40929|client:localhost:40437|dataStream:localhost:34203|priority:0|startupRole:FOLLOWER, s2|rpc:localhost:35871|admin:localhost:34483|client:localhost:43959|dataStream:localhost:39743|priority:0|startupRole:FOLLOWER]|listeners:[], old=null
2022-07-21 19:38:23,696 [grpc-default-executor-1] INFO  server.RaftServer$Division (RaftServerImpl.java:requestVote(1198)) - s0@group-3F2F94768D39: receive requestVote(ELECTION, s1, group-3F2F94768D39, 5, (t:4, i:174))
2022-07-21 19:38:23,696 [grpc-default-executor-1] INFO  impl.VoteContext (VoteContext.java:log(48)) - s0@group-3F2F94768D39-FOLLOWER: accept ELECTION from s1: our priority 0 <= candidate's priority 0
2022-07-21 19:38:23,696 [grpc-default-executor-1] INFO  server.RaftServer$Division (ServerState.java:setLeader(313)) - s0@group-3F2F94768D39: change Leader from s2 to null at term 5 for updateCurrentTerm
2022-07-21 19:38:23,696 [grpc-default-executor-1] INFO  server.RaftServer$Division (RaftServerImpl.java:setRole(301)) - s0@group-3F2F94768D39: changes role from  FOLLOWER to FOLLOWER at term 5 for candidate:s1
2022-07-21 19:38:23,696 [grpc-default-executor-1] INFO  impl.RoleInfo (RoleInfo.java:shutdownFollowerState(110)) - s0: shutdown s0@group-3F2F94768D39-FollowerState
2022-07-21 19:38:23,696 [grpc-default-executor-1] INFO  impl.RoleInfo (RoleInfo.java:updateAndGet(139)) - s0: start s0@group-3F2F94768D39-FollowerState
2022-07-21 19:38:23,696 [s0@group-3F2F94768D39-FollowerState] INFO  impl.FollowerState (FollowerState.java:run(152)) - s0@group-3F2F94768D39-FollowerState was interrupted
2022-07-21 19:38:23,698 [grpc-default-executor-1] INFO  server.RaftServer$Division (RaftServerImpl.java:requestVote(1231)) - s0@group-3F2F94768D39 replies to ELECTION vote request: s1<-s0#0:OK-t5. Peer's state: s0@group-3F2F94768D39:t5, leader=null, voted=s1, raftlog=Memoized:s0@group-3F2F94768D39-SegmentedRaftLog:OPENED:c173, conf=135: peers:[s0|rpc:localhost:41459|admin:localhost:39355|client:localhost:35515|dataStream:localhost:32957|priority:0|startupRole:FOLLOWER, s1|rpc:localhost:42501|admin:localhost:40929|client:localhost:40437|dataStream:localhost:34203|priority:0|startupRole:FOLLOWER, s2|rpc:localhost:35871|admin:localhost:34483|client:localhost:43959|dataStream:localhost:39743|priority:0|startupRole:FOLLOWER]|listeners:[], old=null
2022-07-21 19:38:23,699 [grpc-default-executor-5] INFO  server.RaftServer$Division (RaftServerImpl.java:requestVote(1198)) - s2@group-3F2F94768D39: receive requestVote(ELECTION, s1, group-3F2F94768D39, 5, (t:4, i:174))
2022-07-21 19:38:23,699 [grpc-default-executor-5] INFO  impl.VoteContext (VoteContext.java:log(48)) - s2@group-3F2F94768D39-FOLLOWER: accept ELECTION from s1: our priority 0 <= candidate's priority 0
2022-07-21 19:38:23,699 [grpc-default-executor-5] INFO  server.RaftServer$Division (ServerState.java:setLeader(313)) - s2@group-3F2F94768D39: change Leader from s2 to null at term 5 for updateCurrentTerm
2022-07-21 19:38:23,700 [grpc-default-executor-5] INFO  server.RaftServer$Division (RaftServerImpl.java:setRole(301)) - s2@group-3F2F94768D39: changes role from  FOLLOWER to FOLLOWER at term 5 for candidate:s1
2022-07-21 19:38:23,700 [grpc-default-executor-5] INFO  impl.RoleInfo (RoleInfo.java:shutdownFollowerState(110)) - s2: shutdown s2@group-3F2F94768D39-FollowerState
2022-07-21 19:38:23,700 [grpc-default-executor-5] INFO  impl.RoleInfo (RoleInfo.java:updateAndGet(139)) - s2: start s2@group-3F2F94768D39-FollowerState
2022-07-21 19:38:23,700 [s2@group-3F2F94768D39-FollowerState] INFO  impl.FollowerState (FollowerState.java:run(152)) - s2@group-3F2F94768D39-FollowerState was interrupted
2022-07-21 19:38:23,701 [s1@group-3F2F94768D39-LeaderElection12] INFO  impl.LeaderElection (LeaderElection.java:logAndReturn(90)) - s1@group-3F2F94768D39-LeaderElection12: ELECTION PASSED received 1 response(s) and 0 exception(s):
2022-07-21 19:38:23,702 [s1@group-3F2F94768D39-LeaderElection12] INFO  impl.LeaderElection (LeaderElection.java:logAndReturn(94)) -   Response 0: s1<-s0#0:OK-t5
2022-07-21 19:38:23,702 [s1@group-3F2F94768D39-LeaderElection12] INFO  impl.LeaderElection (LeaderElection.java:askForVotes(312)) - s1@group-3F2F94768D39-LeaderElection12 ELECTION round 0: result PASSED
2022-07-21 19:38:23,702 [s1@group-3F2F94768D39-LeaderElection12] INFO  impl.RoleInfo (RoleInfo.java:shutdownLeaderElection(130)) - s1: shutdown s1@group-3F2F94768D39-LeaderElection12
2022-07-21 19:38:23,702 [s1@group-3F2F94768D39-LeaderElection12] INFO  server.RaftServer$Division (RaftServerImpl.java:setRole(301)) - s1@group-3F2F94768D39: changes role from CANDIDATE to LEADER at term 5 for changeToLeader
2022-07-21 19:38:23,703 [grpc-default-executor-5] INFO  server.RaftServer$Division (RaftServerImpl.java:requestVote(1231)) - s2@group-3F2F94768D39 replies to ELECTION vote request: s1<-s2#0:OK-t5. Peer's state: s2@group-3F2F94768D39:t5, leader=null, voted=s1, raftlog=Memoized:s2@group-3F2F94768D39-SegmentedRaftLog:OPENED:c173, conf=135: peers:[s0|rpc:localhost:41459|admin:localhost:39355|client:localhost:35515|dataStream:localhost:32957|priority:0|startupRole:FOLLOWER, s1|rpc:localhost:42501|admin:localhost:40929|client:localhost:40437|dataStream:localhost:34203|priority:0|startupRole:FOLLOWER, s2|rpc:localhost:35871|admin:localhost:34483|client:localhost:43959|dataStream:localhost:39743|priority:0|startupRole:FOLLOWER]|listeners:[], old=null
2022-07-21 19:38:23,703 [s1@group-3F2F94768D39-LeaderElection12] INFO  server.RaftServer$Division (ServerState.java:setLeader(313)) - s1@group-3F2F94768D39: change Leader from null to s1 at term 5 for becomeLeader, leader elected after 22ms
2022-07-21 19:38:23,703 [s1@group-3F2F94768D39-LeaderElection12] INFO  server.RaftServerConfigKeys (ConfUtils.java:logGet(46)) - raft.server.staging.catchup.gap = 1000 (default)
2022-07-21 19:38:23,703 [s1@group-3F2F94768D39-LeaderElection12] INFO  server.RaftServerConfigKeys (ConfUtils.java:logGet(46)) - raft.server.write.element-limit = 4096 (default)
2022-07-21 19:38:23,703 [s1@group-3F2F94768D39-LeaderElection12] INFO  server.RaftServerConfigKeys (ConfUtils.java:logGet(46)) - raft.server.write.byte-limit = 64MB (=67108864) (default)
2022-07-21 19:38:23,703 [s1@group-3F2F94768D39-LeaderElection12] INFO  server.RaftServerConfigKeys (ConfUtils.java:logGet(46)) - raft.server.watch.timeout = 10s (default)
2022-07-21 19:38:23,703 [s1@group-3F2F94768D39-LeaderElection12] INFO  server.RaftServerConfigKeys (ConfUtils.java:logGet(46)) - raft.server.watch.timeout.denomination = 1s (default)
2022-07-21 19:38:23,703 [s1@group-3F2F94768D39-LeaderElection12] INFO  server.RaftServerConfigKeys (ConfUtils.java:logGet(46)) - raft.server.watch.element-limit = 65536 (default)
2022-07-21 19:38:23,704 [s1@group-3F2F94768D39-LeaderElection12] INFO  server.RaftServerConfigKeys (ConfUtils.java:logGet(46)) - raft.server.write.element-limit = 4096 (default)
2022-07-21 19:38:23,704 [s1@group-3F2F94768D39-LeaderElection12] INFO  server.RaftServerConfigKeys (ConfUtils.java:logGet(46)) - raft.server.write.follower.gap.ratio.max = -1.0 (default)
2022-07-21 19:38:23,704 [s1@group-3F2F94768D39-LeaderElection12] INFO  server.RaftServerConfigKeys (ConfUtils.java:logGet(46)) - raft.server.log.appender.snapshot.chunk.size.max = 16MB (=16777216) (default)
2022-07-21 19:38:23,704 [s1@group-3F2F94768D39-LeaderElection12] INFO  server.RaftServerConfigKeys (ConfUtils.java:logGet(46)) - raft.server.log.appender.buffer.byte-limit = 4MB (=4194304) (default)
2022-07-21 19:38:23,704 [s1@group-3F2F94768D39-LeaderElection12] INFO  server.RaftServerConfigKeys (ConfUtils.java:logGet(46)) - raft.server.log.appender.buffer.element-limit = 0 (default)
2022-07-21 19:38:23,704 [s1@group-3F2F94768D39-LeaderElection12] INFO  grpc.GrpcConfigKeys (ConfUtils.java:logGet(46)) - raft.grpc.server.leader.outstanding.appends.max = 128 (default)
2022-07-21 19:38:23,704 [s1@group-3F2F94768D39-LeaderElection12] INFO  server.RaftServerConfigKeys (ConfUtils.java:logGet(46)) - raft.server.rpc.request.timeout = 3000ms (default)
2022-07-21 19:38:23,704 [s1@group-3F2F94768D39-LeaderElection12] INFO  server.RaftServerConfigKeys (ConfUtils.java:logGet(46)) - raft.server.log.appender.install.snapshot.enabled = true (default)
2022-07-21 19:38:23,704 [s1@group-3F2F94768D39-LeaderElection12] INFO  grpc.GrpcConfigKeys (ConfUtils.java:logGet(46)) - raft.grpc.server.heartbeat.channel = true (default)
2022-07-21 19:38:23,705 [s1@group-3F2F94768D39-LeaderElection12] INFO  server.RaftServerConfigKeys (ConfUtils.java:logGet(46)) - raft.server.log.appender.snapshot.chunk.size.max = 16MB (=16777216) (default)
2022-07-21 19:38:23,705 [s1@group-3F2F94768D39-LeaderElection12] INFO  server.RaftServerConfigKeys (ConfUtils.java:logGet(46)) - raft.server.log.appender.buffer.byte-limit = 4MB (=4194304) (default)
2022-07-21 19:38:23,705 [s1@group-3F2F94768D39-LeaderElection12] INFO  server.RaftServerConfigKeys (ConfUtils.java:logGet(46)) - raft.server.log.appender.buffer.element-limit = 0 (default)
2022-07-21 19:38:23,705 [s1@group-3F2F94768D39-LeaderElection12] INFO  grpc.GrpcConfigKeys (ConfUtils.java:logGet(46)) - raft.grpc.server.leader.outstanding.appends.max = 128 (default)
2022-07-21 19:38:23,705 [s1@group-3F2F94768D39-LeaderElection12] INFO  server.RaftServerConfigKeys (ConfUtils.java:logGet(46)) - raft.server.rpc.request.timeout = 3000ms (default)
2022-07-21 19:38:23,705 [s1@group-3F2F94768D39-LeaderElection12] INFO  server.RaftServerConfigKeys (ConfUtils.java:logGet(46)) - raft.server.log.appender.install.snapshot.enabled = true (default)
2022-07-21 19:38:23,705 [s1@group-3F2F94768D39-LeaderElection12] INFO  grpc.GrpcConfigKeys (ConfUtils.java:logGet(46)) - raft.grpc.server.heartbeat.channel = true (default)
2022-07-21 19:38:23,705 [s1@group-3F2F94768D39-LeaderElection12] INFO  impl.RoleInfo (RoleInfo.java:updateAndGet(139)) - s1: start s1@group-3F2F94768D39-LeaderStateImpl
2022-07-21 19:38:23,705 [s1@group-3F2F94768D39-LeaderElection12] INFO  segmented.SegmentedRaftLogWorker (SegmentedRaftLogWorker.java:rollLogSegment(430)) - s1@group-3F2F94768D39-SegmentedRaftLogWorker: Rolling segment log-135_174 to index:174
2022-07-21 19:38:23,706 [s1@group-3F2F94768D39-SegmentedRaftLogWorker] TRACE util.FileUtils (LogUtils.java:runAndLog(49)) - Successfully ran Files.move /home/runner/work/ratis/ratis/ratis-test/target/test/data/6043a73c/MiniRaftClusterWithRpcTypeGrpcAndDataStreamTypeNettyf73da000/s1/690677b6-83cd-46c4-b86f-3f2f94768d39/current/log_inprogress_135 to /home/runner/work/ratis/ratis/ratis-test/target/test/data/6043a73c/MiniRaftClusterWithRpcTypeGrpcAndDataStreamTypeNettyf73da000/s1/690677b6-83cd-46c4-b86f-3f2f94768d39/current/log_135-174
2022-07-21 19:38:23,706 [s1@group-3F2F94768D39-SegmentedRaftLogWorker] INFO  segmented.SegmentedRaftLogWorker (SegmentedRaftLogWorker.java:execute(586)) - s1@group-3F2F94768D39-SegmentedRaftLogWorker: Rolled log segment from /home/runner/work/ratis/ratis/ratis-test/target/test/data/6043a73c/MiniRaftClusterWithRpcTypeGrpcAndDataStreamTypeNettyf73da000/s1/690677b6-83cd-46c4-b86f-3f2f94768d39/current/log_inprogress_135 to /home/runner/work/ratis/ratis/ratis-test/target/test/data/6043a73c/MiniRaftClusterWithRpcTypeGrpcAndDataStreamTypeNettyf73da000/s1/690677b6-83cd-46c4-b86f-3f2f94768d39/current/log_135-174
2022-07-21 19:38:23,713 [s1@group-3F2F94768D39-LeaderElection12] INFO  server.RaftServer$Division (ServerState.java:setRaftConf(429)) - s1@group-3F2F94768D39: set configuration 175: peers:[s0|rpc:localhost:41459|admin:localhost:39355|client:localhost:35515|dataStream:localhost:32957|priority:0|startupRole:FOLLOWER, s1|rpc:localhost:42501|admin:localhost:40929|client:localhost:40437|dataStream:localhost:34203|priority:0|startupRole:FOLLOWER, s2|rpc:localhost:35871|admin:localhost:34483|client:localhost:43959|dataStream:localhost:39743|priority:0|startupRole:FOLLOWER]|listeners:[], old=null
2022-07-21 19:38:23,715 [s0-server-thread2] INFO  server.RaftServer$Division (ServerState.java:setLeader(313)) - s0@group-3F2F94768D39: change Leader from null to s1 at term 5 for appendEntries, leader elected after 19ms
2022-07-21 19:38:23,718 [s1@group-3F2F94768D39-SegmentedRaftLogWorker] INFO  segmented.SegmentedRaftLogWorker (SegmentedRaftLogWorker.java:execute(629)) - s1@group-3F2F94768D39-SegmentedRaftLogWorker: created new log segment /home/runner/work/ratis/ratis/ratis-test/target/test/data/6043a73c/MiniRaftClusterWithRpcTypeGrpcAndDataStreamTypeNettyf73da000/s1/690677b6-83cd-46c4-b86f-3f2f94768d39/current/log_inprogress_175
2022-07-21 19:38:23,720 [s0-server-thread1] INFO  server.RaftServer$Division (ServerState.java:setRaftConf(429)) - s0@group-3F2F94768D39: set configuration 175: peers:[s0|rpc:localhost:41459|admin:localhost:39355|client:localhost:35515|dataStream:localhost:32957|priority:0|startupRole:FOLLOWER, s1|rpc:localhost:42501|admin:localhost:40929|client:localhost:40437|dataStream:localhost:34203|priority:0|startupRole:FOLLOWER, s2|rpc:localhost:35871|admin:localhost:34483|client:localhost:43959|dataStream:localhost:39743|priority:0|startupRole:FOLLOWER]|listeners:[], old=null
2022-07-21 19:38:23,720 [s0-server-thread1] INFO  segmented.SegmentedRaftLogWorker (SegmentedRaftLogWorker.java:rollLogSegment(430)) - s0@group-3F2F94768D39-SegmentedRaftLogWorker: Rolling segment log-135_174 to index:174
2022-07-21 19:38:23,721 [s2-server-thread2] INFO  server.RaftServer$Division (ServerState.java:setLeader(313)) - s2@group-3F2F94768D39: change Leader from null to s1 at term 5 for appendEntries, leader elected after 21ms
2022-07-21 19:38:23,721 [s2-server-thread2] INFO  server.RaftServer$Division (ServerState.java:setRaftConf(429)) - s2@group-3F2F94768D39: set configuration 175: peers:[s0|rpc:localhost:41459|admin:localhost:39355|client:localhost:35515|dataStream:localhost:32957|priority:0|startupRole:FOLLOWER, s1|rpc:localhost:42501|admin:localhost:40929|client:localhost:40437|dataStream:localhost:34203|priority:0|startupRole:FOLLOWER, s2|rpc:localhost:35871|admin:localhost:34483|client:localhost:43959|dataStream:localhost:39743|priority:0|startupRole:FOLLOWER]|listeners:[], old=null
2022-07-21 19:38:23,721 [s2-server-thread2] INFO  segmented.SegmentedRaftLogWorker (SegmentedRaftLogWorker.java:rollLogSegment(430)) - s2@group-3F2F94768D39-SegmentedRaftLogWorker: Rolling segment log-135_174 to index:174
2022-07-21 19:38:23,722 [s0@group-3F2F94768D39-SegmentedRaftLogWorker] TRACE util.FileUtils (LogUtils.java:runAndLog(49)) - Successfully ran Files.move /home/runner/work/ratis/ratis/ratis-test/target/test/data/6043a73c/MiniRaftClusterWithRpcTypeGrpcAndDataStreamTypeNettyf73da000/s0/690677b6-83cd-46c4-b86f-3f2f94768d39/current/log_inprogress_135 to /home/runner/work/ratis/ratis/ratis-test/target/test/data/6043a73c/MiniRaftClusterWithRpcTypeGrpcAndDataStreamTypeNettyf73da000/s0/690677b6-83cd-46c4-b86f-3f2f94768d39/current/log_135-174
2022-07-21 19:38:23,722 [s0@group-3F2F94768D39-SegmentedRaftLogWorker] INFO  segmented.SegmentedRaftLogWorker (SegmentedRaftLogWorker.java:execute(586)) - s0@group-3F2F94768D39-SegmentedRaftLogWorker: Rolled log segment from /home/runner/work/ratis/ratis/ratis-test/target/test/data/6043a73c/MiniRaftClusterWithRpcTypeGrpcAndDataStreamTypeNettyf73da000/s0/690677b6-83cd-46c4-b86f-3f2f94768d39/current/log_inprogress_135 to /home/runner/work/ratis/ratis/ratis-test/target/test/data/6043a73c/MiniRaftClusterWithRpcTypeGrpcAndDataStreamTypeNettyf73da000/s0/690677b6-83cd-46c4-b86f-3f2f94768d39/current/log_135-174
2022-07-21 19:38:23,724 [s2@group-3F2F94768D39-SegmentedRaftLogWorker] TRACE util.FileUtils (LogUtils.java:runAndLog(49)) - Successfully ran Files.move /home/runner/work/ratis/ratis/ratis-test/target/test/data/6043a73c/MiniRaftClusterWithRpcTypeGrpcAndDataStreamTypeNettyf73da000/s2/690677b6-83cd-46c4-b86f-3f2f94768d39/current/log_inprogress_135 to /home/runner/work/ratis/ratis/ratis-test/target/test/data/6043a73c/MiniRaftClusterWithRpcTypeGrpcAndDataStreamTypeNettyf73da000/s2/690677b6-83cd-46c4-b86f-3f2f94768d39/current/log_135-174
2022-07-21 19:38:23,724 [s2@group-3F2F94768D39-SegmentedRaftLogWorker] INFO  segmented.SegmentedRaftLogWorker (SegmentedRaftLogWorker.java:execute(586)) - s2@group-3F2F94768D39-SegmentedRaftLogWorker: Rolled log segment from /home/runner/work/ratis/ratis/ratis-test/target/test/data/6043a73c/MiniRaftClusterWithRpcTypeGrpcAndDataStreamTypeNettyf73da000/s2/690677b6-83cd-46c4-b86f-3f2f94768d39/current/log_inprogress_135 to /home/runner/work/ratis/ratis/ratis-test/target/test/data/6043a73c/MiniRaftClusterWithRpcTypeGrpcAndDataStreamTypeNettyf73da000/s2/690677b6-83cd-46c4-b86f-3f2f94768d39/current/log_135-174
2022-07-21 19:38:23,746 [s2@group-3F2F94768D39-SegmentedRaftLogWorker] INFO  segmented.SegmentedRaftLogWorker (SegmentedRaftLogWorker.java:execute(629)) - s2@group-3F2F94768D39-SegmentedRaftLogWorker: created new log segment /home/runner/work/ratis/ratis/ratis-test/target/test/data/6043a73c/MiniRaftClusterWithRpcTypeGrpcAndDataStreamTypeNettyf73da000/s2/690677b6-83cd-46c4-b86f-3f2f94768d39/current/log_inprogress_175
2022-07-21 19:38:23,746 [s0@group-3F2F94768D39-SegmentedRaftLogWorker] INFO  segmented.SegmentedRaftLogWorker (SegmentedRaftLogWorker.java:execute(629)) - s0@group-3F2F94768D39-SegmentedRaftLogWorker: created new log segment /home/runner/work/ratis/ratis/ratis-test/target/test/data/6043a73c/MiniRaftClusterWithRpcTypeGrpcAndDataStreamTypeNettyf73da000/s0/690677b6-83cd-46c4-b86f-3f2f94768d39/current/log_inprogress_175
2022-07-21 19:38:23,807 [s1-client-thread1] INFO  statemachine.StateMachine (DataStreamTestUtils.java:link(157)) - link null
2022-07-21 19:38:23,898 [s2-server-thread2] INFO  statemachine.StateMachine (DataStreamTestUtils.java:link(157)) - link null
2022-07-21 19:38:23,898 [s0-server-thread1] INFO  statemachine.StateMachine (DataStreamTestUtils.java:link(157)) - link null
2022-07-21 19:38:23,902 [Thread-3739] WARN  server.GrpcServerProtocolService (LogUtils.java:warn(124)) - s0: Failed APPEND_ENTRIES request s1->s0#12-t5,previous=(t:5, i:176),leaderCommit=176,initializing? true,entries: size=1, first=(t:5, i:177), STATEMACHINELOGENTRY, 462@client-F05BDF1899E5
java.util.concurrent.CompletionException: java.io.IOException: java.lang.IllegalStateException: Null stream: entry=term: 5
index: 177
stateMachineLogEntry {
  type: DATASTREAM
  clientId: "~D9\271\016\322O\373\237\252\360[\337\030\231\345"
  callId: 462
}

	at java.util.concurrent.CompletableFuture.encodeThrowable(CompletableFuture.java:292)
	at java.util.concurrent.CompletableFuture.completeThrowable(CompletableFuture.java:308)
	at java.util.concurrent.CompletableFuture.biRelay(CompletableFuture.java:1298)
	at java.util.concurrent.CompletableFuture$BiRelay.tryFire(CompletableFuture.java:1284)
	at java.util.concurrent.CompletableFuture.postComplete(CompletableFuture.java:488)
	at java.util.concurrent.CompletableFuture.completeExceptionally(CompletableFuture.java:1990)
	at org.apache.ratis.server.raftlog.segmented.SegmentedRaftLog$Task.failed(SegmentedRaftLog.java:104)
	at org.apache.ratis.server.raftlog.segmented.SegmentedRaftLogWorker$WriteLog.failed(SegmentedRaftLogWorker.java:513)
	at org.apache.ratis.server.raftlog.segmented.SegmentedRaftLogWorker.run(SegmentedRaftLogWorker.java:319)
	at java.lang.Thread.run(Thread.java:750)
Caused by: java.io.IOException: java.lang.IllegalStateException: Null stream: entry=term: 5
index: 177
stateMachineLogEntry {
  type: DATASTREAM
  clientId: "~D9\271\016\322O\373\237\252\360[\337\030\231\345"
  callId: 462
}

	at org.apache.ratis.util.IOUtils.asIOException(IOUtils.java:56)
	at org.apache.ratis.util.IOUtils.toIOException(IOUtils.java:61)
	at org.apache.ratis.util.IOUtils.getFromFuture(IOUtils.java:85)
	at org.apache.ratis.server.raftlog.segmented.SegmentedRaftLogWorker$StateMachineDataPolicy.getFromFuture(SegmentedRaftLogWorker.java:89)
	at org.apache.ratis.server.raftlog.segmented.SegmentedRaftLogWorker$WriteLog.execute(SegmentedRaftLogWorker.java:534)
	at org.apache.ratis.server.raftlog.segmented.SegmentedRaftLogWorker.run(SegmentedRaftLogWorker.java:310)
	... 1 more
Caused by: java.lang.IllegalStateException: Null stream: entry=term: 5
index: 177
stateMachineLogEntry {
  type: DATASTREAM
  clientId: "~D9\271\016\322O\373\237\252\360[\337\030\231\345"
  callId: 462
}

	at org.apache.ratis.datastream.DataStreamTestUtils$MultiDataStreamStateMachine.link(DataStreamTestUtils.java:159)
	at org.apache.ratis.server.raftlog.segmented.SegmentedRaftLogWorker$WriteLog.<init>(SegmentedRaftLogWorker.java:491)
	at org.apache.ratis.server.raftlog.segmented.SegmentedRaftLogWorker.writeLogEntry(SegmentedRaftLogWorker.java:437)
	at org.apache.ratis.server.raftlog.segmented.SegmentedRaftLog.appendEntryImpl(SegmentedRaftLog.java:408)
	at org.apache.ratis.server.raftlog.RaftLogBase.lambda$appendEntry$10(RaftLogBase.java:323)
	at org.apache.ratis.server.raftlog.RaftLogSequentialOps$Runner.runSequentially(RaftLogSequentialOps.java:77)
	at org.apache.ratis.server.raftlog.RaftLogBase.appendEntry(RaftLogBase.java:323)
	at org.apache.ratis.server.raftlog.segmented.SegmentedRaftLog.appendImpl(SegmentedRaftLog.java:457)
	at org.apache.ratis.server.raftlog.RaftLogBase.lambda$append$11(RaftLogBase.java:330)
	at org.apache.ratis.server.raftlog.RaftLogSequentialOps$Runner.runSequentially(RaftLogSequentialOps.java:68)
	at org.apache.ratis.server.raftlog.RaftLogBase.append(RaftLogBase.java:330)
	at org.apache.ratis.server.impl.RaftServerImpl.appendEntriesAsync(RaftServerImpl.java:1404)
	at org.apache.ratis.server.impl.RaftServerImpl.appendEntriesAsync(RaftServerImpl.java:1290)
	at org.apache.ratis.server.impl.RaftServerProxy.lambda$null$25(RaftServerProxy.java:622)
	at org.apache.ratis.util.JavaUtils.callAsUnchecked(JavaUtils.java:115)
	at org.apache.ratis.server.impl.RaftServerImpl.lambda$executeSubmitServerRequestAsync$11(RaftServerImpl.java:789)
	at java.util.concurrent.CompletableFuture$AsyncSupply.run(CompletableFuture.java:1604)
	at java.util.concurrent.ThreadPoolExecutor.runWorker(ThreadPoolExecutor.java:1149)
	at java.util.concurrent.ThreadPoolExecutor$Worker.run(ThreadPoolExecutor.java:624)
	... 1 more
2022-07-21 19:38:23,905 [Thread-3737] WARN  server.GrpcServerProtocolService (LogUtils.java:warn(124)) - s2: Failed APPEND_ENTRIES request s1->s2#13-t5,previous=(t:5, i:176),leaderCommit=176,initializing? true,entries: size=1, first=(t:5, i:177), STATEMACHINELOGENTRY, 462@client-F05BDF1899E5
java.util.concurrent.CompletionException: java.io.IOException: java.lang.IllegalStateException: Null stream: entry=term: 5
index: 177
stateMachineLogEntry {
  type: DATASTREAM
  clientId: "~D9\271\016\322O\373\237\252\360[\337\030\231\345"
  callId: 462
}

	at java.util.concurrent.CompletableFuture.encodeThrowable(CompletableFuture.java:292)
	at java.util.concurrent.CompletableFuture.completeThrowable(CompletableFuture.java:308)
	at java.util.concurrent.CompletableFuture.biRelay(CompletableFuture.java:1298)
	at java.util.concurrent.CompletableFuture$BiRelay.tryFire(CompletableFuture.java:1284)
	at java.util.concurrent.CompletableFuture.postComplete(CompletableFuture.java:488)
	at java.util.concurrent.CompletableFuture.completeExceptionally(CompletableFuture.java:1990)
	at org.apache.ratis.server.raftlog.segmented.SegmentedRaftLog$Task.failed(SegmentedRaftLog.java:104)
	at org.apache.ratis.server.raftlog.segmented.SegmentedRaftLogWorker$WriteLog.failed(SegmentedRaftLogWorker.java:513)
	at org.apache.ratis.server.raftlog.segmented.SegmentedRaftLogWorker.run(SegmentedRaftLogWorker.java:319)
	at java.lang.Thread.run(Thread.java:750)
Caused by: java.io.IOException: java.lang.IllegalStateException: Null stream: entry=term: 5
index: 177
stateMachineLogEntry {
  type: DATASTREAM
  clientId: "~D9\271\016\322O\373\237\252\360[\337\030\231\345"
  callId: 462
}

	at org.apache.ratis.util.IOUtils.asIOException(IOUtils.java:56)
	at org.apache.ratis.util.IOUtils.toIOException(IOUtils.java:61)
	at org.apache.ratis.util.IOUtils.getFromFuture(IOUtils.java:85)
	at org.apache.ratis.server.raftlog.segmented.SegmentedRaftLogWorker$StateMachineDataPolicy.getFromFuture(SegmentedRaftLogWorker.java:89)
	at org.apache.ratis.server.raftlog.segmented.SegmentedRaftLogWorker$WriteLog.execute(SegmentedRaftLogWorker.java:534)
	at org.apache.ratis.server.raftlog.segmented.SegmentedRaftLogWorker.run(SegmentedRaftLogWorker.java:310)
	... 1 more
Caused by: java.lang.IllegalStateException: Null stream: entry=term: 5
index: 177
stateMachineLogEntry {
  type: DATASTREAM
  clientId: "~D9\271\016\322O\373\237\252\360[\337\030\231\345"
  callId: 462
}

	at org.apache.ratis.datastream.DataStreamTestUtils$MultiDataStreamStateMachine.link(DataStreamTestUtils.java:159)
	at org.apache.ratis.server.raftlog.segmented.SegmentedRaftLogWorker$WriteLog.<init>(SegmentedRaftLogWorker.java:491)
	at org.apache.ratis.server.raftlog.segmented.SegmentedRaftLogWorker.writeLogEntry(SegmentedRaftLogWorker.java:437)
	at org.apache.ratis.server.raftlog.segmented.SegmentedRaftLog.appendEntryImpl(SegmentedRaftLog.java:408)
	at org.apache.ratis.server.raftlog.RaftLogBase.lambda$appendEntry$10(RaftLogBase.java:323)
	at org.apache.ratis.server.raftlog.RaftLogSequentialOps$Runner.runSequentially(RaftLogSequentialOps.java:77)
	at org.apache.ratis.server.raftlog.RaftLogBase.appendEntry(RaftLogBase.java:323)
	at org.apache.ratis.server.raftlog.segmented.SegmentedRaftLog.appendImpl(SegmentedRaftLog.java:457)
	at org.apache.ratis.server.raftlog.RaftLogBase.lambda$append$11(RaftLogBase.java:330)
	at org.apache.ratis.server.raftlog.RaftLogSequentialOps$Runner.runSequentially(RaftLogSequentialOps.java:68)
	at org.apache.ratis.server.raftlog.RaftLogBase.append(RaftLogBase.java:330)
	at org.apache.ratis.server.impl.RaftServerImpl.appendEntriesAsync(RaftServerImpl.java:1404)
	at org.apache.ratis.server.impl.RaftServerImpl.appendEntriesAsync(RaftServerImpl.java:1290)
	at org.apache.ratis.server.impl.RaftServerProxy.lambda$null$25(RaftServerProxy.java:622)
	at org.apache.ratis.util.JavaUtils.callAsUnchecked(JavaUtils.java:115)
	at org.apache.ratis.server.impl.RaftServerImpl.lambda$executeSubmitServerRequestAsync$11(RaftServerImpl.java:789)
	at java.util.concurrent.CompletableFuture$AsyncSupply.run(CompletableFuture.java:1604)
	at java.util.concurrent.ThreadPoolExecutor.runWorker(ThreadPoolExecutor.java:1149)
	at java.util.concurrent.ThreadPoolExecutor$Worker.run(ThreadPoolExecutor.java:624)
	... 1 more
2022-07-21 19:38:23,935 [grpc-default-executor-5] WARN  server.GrpcLogAppender (LogUtils.java:warn(124)) - s1@group-3F2F94768D39->s2-AppendLogResponseHandler: Failed appendEntries
java.io.IOException: java.lang.IllegalStateException: Null stream: entry=term: 5
index: 177
stateMachineLogEntry {
  type: DATASTREAM
  clientId: "~D9\271\016\322O\373\237\252\360[\337\030\231\345"
  callId: 462
}

	at org.apache.ratis.util.IOUtils.asIOException(IOUtils.java:56)
	at org.apache.ratis.util.IOUtils.toIOException(IOUtils.java:61)
	at org.apache.ratis.util.IOUtils.getFromFuture(IOUtils.java:85)
	at org.apache.ratis.server.raftlog.segmented.SegmentedRaftLogWorker$StateMachineDataPolicy.getFromFuture(SegmentedRaftLogWorker.java:89)
	at org.apache.ratis.server.raftlog.segmented.SegmentedRaftLogWorker$WriteLog.execute(SegmentedRaftLogWorker.java:534)
	at org.apache.ratis.server.raftlog.segmented.SegmentedRaftLogWorker.run(SegmentedRaftLogWorker.java:310)
	at java.lang.Thread.run(Thread.java:750)
Caused by: java.lang.IllegalStateException: Null stream: entry=term: 5
index: 177
stateMachineLogEntry {
  type: DATASTREAM
  clientId: "~D9\271\016\322O\373\237\252\360[\337\030\231\345"
  callId: 462
}

	at org.apache.ratis.datastream.DataStreamTestUtils$MultiDataStreamStateMachine.link(DataStreamTestUtils.java:159)
	at org.apache.ratis.server.raftlog.segmented.SegmentedRaftLogWorker$WriteLog.<init>(SegmentedRaftLogWorker.java:491)
	at org.apache.ratis.server.raftlog.segmented.SegmentedRaftLogWorker.writeLogEntry(SegmentedRaftLogWorker.java:437)
	at org.apache.ratis.server.raftlog.segmented.SegmentedRaftLog.appendEntryImpl(SegmentedRaftLog.java:408)
	at org.apache.ratis.server.raftlog.RaftLogBase.lambda$appendEntry$10(RaftLogBase.java:323)
	at org.apache.ratis.server.raftlog.RaftLogSequentialOps$Runner.runSequentially(RaftLogSequentialOps.java:77)
	at org.apache.ratis.server.raftlog.RaftLogBase.appendEntry(RaftLogBase.java:323)
	at org.apache.ratis.server.raftlog.segmented.SegmentedRaftLog.appendImpl(SegmentedRaftLog.java:457)
	at org.apache.ratis.server.raftlog.RaftLogBase.lambda$append$11(RaftLogBase.java:330)
	at org.apache.ratis.server.raftlog.RaftLogSequentialOps$Runner.runSequentially(RaftLogSequentialOps.java:68)
	at org.apache.ratis.server.raftlog.RaftLogBase.append(RaftLogBase.java:330)
	at org.apache.ratis.server.impl.RaftServerImpl.appendEntriesAsync(RaftServerImpl.java:1404)
	at org.apache.ratis.server.impl.RaftServerImpl.appendEntriesAsync(RaftServerImpl.java:1290)
	at org.apache.ratis.server.impl.RaftServerProxy.lambda$null$25(RaftServerProxy.java:622)
	at org.apache.ratis.util.JavaUtils.callAsUnchecked(JavaUtils.java:115)
	at org.apache.ratis.server.impl.RaftServerImpl.lambda$executeSubmitServerRequestAsync$11(RaftServerImpl.java:789)
	at java.util.concurrent.CompletableFuture$AsyncSupply.run(CompletableFuture.java:1604)
	at java.util.concurrent.ThreadPoolExecutor.runWorker(ThreadPoolExecutor.java:1149)
	at java.util.concurrent.ThreadPoolExecutor$Worker.run(ThreadPoolExecutor.java:624)
	... 1 more
2022-07-21 19:38:23,937 [grpc-default-executor-5] INFO  leader.FollowerInfo (FollowerInfoImpl.java:lambda$new$0(48)) - s1@group-3F2F94768D39->s2: nextIndex: updateUnconditionally 178 -> 177
2022-07-21 19:38:23,942 [grpc-default-executor-5] WARN  server.GrpcLogAppender (LogUtils.java:warn(124)) - s1@group-3F2F94768D39->s0-AppendLogResponseHandler: Failed appendEntries
java.io.IOException: java.lang.IllegalStateException: Null stream: entry=term: 5
index: 177
stateMachineLogEntry {
  type: DATASTREAM
  clientId: "~D9\271\016\322O\373\237\252\360[\337\030\231\345"
  callId: 462
}

	at org.apache.ratis.util.IOUtils.asIOException(IOUtils.java:56)
	at org.apache.ratis.util.IOUtils.toIOException(IOUtils.java:61)
	at org.apache.ratis.util.IOUtils.getFromFuture(IOUtils.java:85)
	at org.apache.ratis.server.raftlog.segmented.SegmentedRaftLogWorker$StateMachineDataPolicy.getFromFuture(SegmentedRaftLogWorker.java:89)
	at org.apache.ratis.server.raftlog.segmented.SegmentedRaftLogWorker$WriteLog.execute(SegmentedRaftLogWorker.java:534)
	at org.apache.ratis.server.raftlog.segmented.SegmentedRaftLogWorker.run(SegmentedRaftLogWorker.java:310)
	at java.lang.Thread.run(Thread.java:750)
Caused by: java.lang.IllegalStateException: Null stream: entry=term: 5
index: 177
stateMachineLogEntry {
  type: DATASTREAM
  clientId: "~D9\271\016\322O\373\237\252\360[\337\030\231\345"
  callId: 462
}

	at org.apache.ratis.datastream.DataStreamTestUtils$MultiDataStreamStateMachine.link(DataStreamTestUtils.java:159)
	at org.apache.ratis.server.raftlog.segmented.SegmentedRaftLogWorker$WriteLog.<init>(SegmentedRaftLogWorker.java:491)
	at org.apache.ratis.server.raftlog.segmented.SegmentedRaftLogWorker.writeLogEntry(SegmentedRaftLogWorker.java:437)
	at org.apache.ratis.server.raftlog.segmented.SegmentedRaftLog.appendEntryImpl(SegmentedRaftLog.java:408)
	at org.apache.ratis.server.raftlog.RaftLogBase.lambda$appendEntry$10(RaftLogBase.java:323)
	at org.apache.ratis.server.raftlog.RaftLogSequentialOps$Runner.runSequentially(RaftLogSequentialOps.java:77)
	at org.apache.ratis.server.raftlog.RaftLogBase.appendEntry(RaftLogBase.java:323)
	at org.apache.ratis.server.raftlog.segmented.SegmentedRaftLog.appendImpl(SegmentedRaftLog.java:457)
	at org.apache.ratis.server.raftlog.RaftLogBase.lambda$append$11(RaftLogBase.java:330)
	at org.apache.ratis.server.raftlog.RaftLogSequentialOps$Runner.runSequentially(RaftLogSequentialOps.java:68)
	at org.apache.ratis.server.raftlog.RaftLogBase.append(RaftLogBase.java:330)
	at org.apache.ratis.server.impl.RaftServerImpl.appendEntriesAsync(RaftServerImpl.java:1404)
	at org.apache.ratis.server.impl.RaftServerImpl.appendEntriesAsync(RaftServerImpl.java:1290)
	at org.apache.ratis.server.impl.RaftServerProxy.lambda$null$25(RaftServerProxy.java:622)
	at org.apache.ratis.util.JavaUtils.callAsUnchecked(JavaUtils.java:115)
	at org.apache.ratis.server.impl.RaftServerImpl.lambda$executeSubmitServerRequestAsync$11(RaftServerImpl.java:789)
	at java.util.concurrent.CompletableFuture$AsyncSupply.run(CompletableFuture.java:1604)
	at java.util.concurrent.ThreadPoolExecutor.runWorker(ThreadPoolExecutor.java:1149)
	at java.util.concurrent.ThreadPoolExecutor$Worker.run(ThreadPoolExecutor.java:624)
	... 1 more
2022-07-21 19:38:23,943 [grpc-default-executor-5] INFO  leader.FollowerInfo (FollowerInfoImpl.java:lambda$new$0(48)) - s1@group-3F2F94768D39->s0: nextIndex: updateUnconditionally 178 -> 177
2022-07-21 19:38:29,808 [java.util.concurrent.ThreadPoolExecutor$Worker@29cff591[State = -1, empty queue]] WARN  grpc.GrpcUtil (GrpcUtil.java:shutdownManagedChannel(216)) - Timed out gracefully shutting down connection: ManagedChannelOrphanWrapper{delegate=ManagedChannelImpl{logId=515, target=localhost:40437}}. 
2022-07-21 19:38:31,275 [Timer-2] INFO  impl.MiniRaftCluster (MiniRaftCluster.java:lambda$null$5(315)) - TIMED-PRINT: printing ALL groups
  s0:  RUNNING  FOLLOWER s0@group-3F2F94768D39:t5, leader=s1, voted=s1, raftlog=Memoized:s0@group-3F2F94768D39-SegmentedRaftLog:OPENED:c176, conf=175: peers:[s0|rpc:localhost:41459|admin:localhost:39355|client:localhost:35515|dataStream:localhost:32957|priority:0|startupRole:FOLLOWER, s1|rpc:localhost:42501|admin:localhost:40929|client:localhost:40437|dataStream:localhost:34203|priority:0|startupRole:FOLLOWER, s2|rpc:localhost:35871|admin:localhost:34483|client:localhost:43959|dataStream:localhost:39743|priority:0|startupRole:FOLLOWER]|listeners:[], old=null RUNNING
  s1:  RUNNING    LEADER s1@group-3F2F94768D39:t5, leader=s1, voted=s1, raftlog=Memoized:s1@group-3F2F94768D39-SegmentedRaftLog:OPENED:c176, conf=175: peers:[s0|rpc:localhost:41459|admin:localhost:39355|client:localhost:35515|dataStream:localhost:32957|priority:0|startupRole:FOLLOWER, s1|rpc:localhost:42501|admin:localhost:40929|client:localhost:40437|dataStream:localhost:34203|priority:0|startupRole:FOLLOWER, s2|rpc:localhost:35871|admin:localhost:34483|client:localhost:43959|dataStream:localhost:39743|priority:0|startupRole:FOLLOWER]|listeners:[], old=null RUNNING
  s2:  RUNNING  FOLLOWER s2@group-3F2F94768D39:t5, leader=s1, voted=s1, raftlog=Memoized:s2@group-3F2F94768D39-SegmentedRaftLog:OPENED:c176, conf=175: peers:[s0|rpc:localhost:41459|admin:localhost:39355|client:localhost:35515|dataStream:localhost:32957|priority:0|startupRole:FOLLOWER, s1|rpc:localhost:42501|admin:localhost:40929|client:localhost:40437|dataStream:localhost:34203|priority:0|startupRole:FOLLOWER, s2|rpc:localhost:35871|admin:localhost:34483|client:localhost:43959|dataStream:localhost:39743|priority:0|startupRole:FOLLOWER]|listeners:[], old=null RUNNING
2022-07-21 19:38:35,947 [java.util.concurrent.ThreadPoolExecutor$Worker@2c44a367[State = -1, empty queue]] WARN  grpc.GrpcUtil (GrpcUtil.java:shutdownManagedChannel(216)) - Timed out gracefully shutting down connection: ManagedChannelOrphanWrapper{delegate=ManagedChannelImpl{logId=529, target=localhost:40437}}. 
2022-07-21 19:38:41,274 [Timer-2] INFO  impl.MiniRaftCluster (MiniRaftCluster.java:lambda$null$5(315)) - TIMED-PRINT: printing ALL groups
  s0:  RUNNING  FOLLOWER s0@group-3F2F94768D39:t5, leader=s1, voted=s1, raftlog=Memoized:s0@group-3F2F94768D39-SegmentedRaftLog:OPENED:c176, conf=175: peers:[s0|rpc:localhost:41459|admin:localhost:39355|client:localhost:35515|dataStream:localhost:32957|priority:0|startupRole:FOLLOWER, s1|rpc:localhost:42501|admin:localhost:40929|client:localhost:40437|dataStream:localhost:34203|priority:0|startupRole:FOLLOWER, s2|rpc:localhost:35871|admin:localhost:34483|client:localhost:43959|dataStream:localhost:39743|priority:0|startupRole:FOLLOWER]|listeners:[], old=null RUNNING
  s1:  RUNNING    LEADER s1@group-3F2F94768D39:t5, leader=s1, voted=s1, raftlog=Memoized:s1@group-3F2F94768D39-SegmentedRaftLog:OPENED:c176, conf=175: peers:[s0|rpc:localhost:41459|admin:localhost:39355|client:localhost:35515|dataStream:localhost:32957|priority:0|startupRole:FOLLOWER, s1|rpc:localhost:42501|admin:localhost:40929|client:localhost:40437|dataStream:localhost:34203|priority:0|startupRole:FOLLOWER, s2|rpc:localhost:35871|admin:localhost:34483|client:localhost:43959|dataStream:localhost:39743|priority:0|startupRole:FOLLOWER]|listeners:[], old=null RUNNING
  s2:  RUNNING  FOLLOWER s2@group-3F2F94768D39:t5, leader=s1, voted=s1, raftlog=Memoized:s2@group-3F2F94768D39-SegmentedRaftLog:OPENED:c176, conf=175: peers:[s0|rpc:localhost:41459|admin:localhost:39355|client:localhost:35515|dataStream:localhost:32957|priority:0|startupRole:FOLLOWER, s1|rpc:localhost:42501|admin:localhost:40929|client:localhost:40437|dataStream:localhost:34203|priority:0|startupRole:FOLLOWER, s2|rpc:localhost:35871|admin:localhost:34483|client:localhost:43959|dataStream:localhost:39743|priority:0|startupRole:FOLLOWER]|listeners:[], old=null RUNNING
2022-07-21 19:38:42,081 [java.util.concurrent.ThreadPoolExecutor$Worker@604e0e20[State = -1, empty queue]] WARN  grpc.GrpcUtil (GrpcUtil.java:shutdownManagedChannel(216)) - Timed out gracefully shutting down connection: ManagedChannelOrphanWrapper{delegate=ManagedChannelImpl{logId=543, target=localhost:40437}}. 
2022-07-21 19:38:48,204 [java.util.concurrent.ThreadPoolExecutor$Worker@6aa1baa5[State = -1, empty queue]] WARN  grpc.GrpcUtil (GrpcUtil.java:shutdownManagedChannel(216)) - Timed out gracefully shutting down connection: ManagedChannelOrphanWrapper{delegate=ManagedChannelImpl{logId=557, target=localhost:40437}}. 
2022-07-21 19:38:51,275 [Timer-2] INFO  impl.MiniRaftCluster (MiniRaftCluster.java:lambda$null$5(315)) - TIMED-PRINT: printing ALL groups
  s0:  RUNNING  FOLLOWER s0@group-3F2F94768D39:t5, leader=s1, voted=s1, raftlog=Memoized:s0@group-3F2F94768D39-SegmentedRaftLog:OPENED:c176, conf=175: peers:[s0|rpc:localhost:41459|admin:localhost:39355|client:localhost:35515|dataStream:localhost:32957|priority:0|startupRole:FOLLOWER, s1|rpc:localhost:42501|admin:localhost:40929|client:localhost:40437|dataStream:localhost:34203|priority:0|startupRole:FOLLOWER, s2|rpc:localhost:35871|admin:localhost:34483|client:localhost:43959|dataStream:localhost:39743|priority:0|startupRole:FOLLOWER]|listeners:[], old=null RUNNING
  s1:  RUNNING    LEADER s1@group-3F2F94768D39:t5, leader=s1, voted=s1, raftlog=Memoized:s1@group-3F2F94768D39-SegmentedRaftLog:OPENED:c176, conf=175: peers:[s0|rpc:localhost:41459|admin:localhost:39355|client:localhost:35515|dataStream:localhost:32957|priority:0|startupRole:FOLLOWER, s1|rpc:localhost:42501|admin:localhost:40929|client:localhost:40437|dataStream:localhost:34203|priority:0|startupRole:FOLLOWER, s2|rpc:localhost:35871|admin:localhost:34483|client:localhost:43959|dataStream:localhost:39743|priority:0|startupRole:FOLLOWER]|listeners:[], old=null RUNNING
  s2:  RUNNING  FOLLOWER s2@group-3F2F94768D39:t5, leader=s1, voted=s1, raftlog=Memoized:s2@group-3F2F94768D39-SegmentedRaftLog:OPENED:c176, conf=175: peers:[s0|rpc:localhost:41459|admin:localhost:39355|client:localhost:35515|dataStream:localhost:32957|priority:0|startupRole:FOLLOWER, s1|rpc:localhost:42501|admin:localhost:40929|client:localhost:40437|dataStream:localhost:34203|priority:0|startupRole:FOLLOWER, s2|rpc:localhost:35871|admin:localhost:34483|client:localhost:43959|dataStream:localhost:39743|priority:0|startupRole:FOLLOWER]|listeners:[], old=null RUNNING
2022-07-21 19:38:54,323 [java.util.concurrent.ThreadPoolExecutor$Worker@1cf6223[State = -1, empty queue]] WARN  grpc.GrpcUtil (GrpcUtil.java:shutdownManagedChannel(216)) - Timed out gracefully shutting down connection: ManagedChannelOrphanWrapper{delegate=ManagedChannelImpl{logId=571, target=localhost:40437}}. 
2022-07-21 19:39:00,442 [java.util.concurrent.ThreadPoolExecutor$Worker@4b947978[State = -1, empty queue]] WARN  grpc.GrpcUtil (GrpcUtil.java:shutdownManagedChannel(216)) - Timed out gracefully shutting down connection: ManagedChannelOrphanWrapper{delegate=ManagedChannelImpl{logId=585, target=localhost:40437}}. 
2022-07-21 19:39:01,275 [Timer-2] INFO  impl.MiniRaftCluster (MiniRaftCluster.java:lambda$null$5(315)) - TIMED-PRINT: printing ALL groups
  s0:  RUNNING  FOLLOWER s0@group-3F2F94768D39:t5, leader=s1, voted=s1, raftlog=Memoized:s0@group-3F2F94768D39-SegmentedRaftLog:OPENED:c176, conf=175: peers:[s0|rpc:localhost:41459|admin:localhost:39355|client:localhost:35515|dataStream:localhost:32957|priority:0|startupRole:FOLLOWER, s1|rpc:localhost:42501|admin:localhost:40929|client:localhost:40437|dataStream:localhost:34203|priority:0|startupRole:FOLLOWER, s2|rpc:localhost:35871|admin:localhost:34483|client:localhost:43959|dataStream:localhost:39743|priority:0|startupRole:FOLLOWER]|listeners:[], old=null RUNNING
  s1:  RUNNING    LEADER s1@group-3F2F94768D39:t5, leader=s1, voted=s1, raftlog=Memoized:s1@group-3F2F94768D39-SegmentedRaftLog:OPENED:c176, conf=175: peers:[s0|rpc:localhost:41459|admin:localhost:39355|client:localhost:35515|dataStream:localhost:32957|priority:0|startupRole:FOLLOWER, s1|rpc:localhost:42501|admin:localhost:40929|client:localhost:40437|dataStream:localhost:34203|priority:0|startupRole:FOLLOWER, s2|rpc:localhost:35871|admin:localhost:34483|client:localhost:43959|dataStream:localhost:39743|priority:0|startupRole:FOLLOWER]|listeners:[], old=null RUNNING
  s2:  RUNNING  FOLLOWER s2@group-3F2F94768D39:t5, leader=s1, voted=s1, raftlog=Memoized:s2@group-3F2F94768D39-SegmentedRaftLog:OPENED:c176, conf=175: peers:[s0|rpc:localhost:41459|admin:localhost:39355|client:localhost:35515|dataStream:localhost:32957|priority:0|startupRole:FOLLOWER, s1|rpc:localhost:42501|admin:localhost:40929|client:localhost:40437|dataStream:localhost:34203|priority:0|startupRole:FOLLOWER, s2|rpc:localhost:35871|admin:localhost:34483|client:localhost:43959|dataStream:localhost:39743|priority:0|startupRole:FOLLOWER]|listeners:[], old=null RUNNING
2022-07-21 19:39:06,563 [java.util.concurrent.ThreadPoolExecutor$Worker@1b8fe77a[State = -1, empty queue]] WARN  grpc.GrpcUtil (GrpcUtil.java:shutdownManagedChannel(216)) - Timed out gracefully shutting down connection: ManagedChannelOrphanWrapper{delegate=ManagedChannelImpl{logId=599, target=localhost:40437}}. 
2022-07-21 19:39:11,275 [Timer-2] INFO  impl.MiniRaftCluster (MiniRaftCluster.java:lambda$null$5(315)) - TIMED-PRINT: printing ALL groups
  s0:  RUNNING  FOLLOWER s0@group-3F2F94768D39:t5, leader=s1, voted=s1, raftlog=Memoized:s0@group-3F2F94768D39-SegmentedRaftLog:OPENED:c176, conf=175: peers:[s0|rpc:localhost:41459|admin:localhost:39355|client:localhost:35515|dataStream:localhost:32957|priority:0|startupRole:FOLLOWER, s1|rpc:localhost:42501|admin:localhost:40929|client:localhost:40437|dataStream:localhost:34203|priority:0|startupRole:FOLLOWER, s2|rpc:localhost:35871|admin:localhost:34483|client:localhost:43959|dataStream:localhost:39743|priority:0|startupRole:FOLLOWER]|listeners:[], old=null RUNNING
  s1:  RUNNING    LEADER s1@group-3F2F94768D39:t5, leader=s1, voted=s1, raftlog=Memoized:s1@group-3F2F94768D39-SegmentedRaftLog:OPENED:c176, conf=175: peers:[s0|rpc:localhost:41459|admin:localhost:39355|client:localhost:35515|dataStream:localhost:32957|priority:0|startupRole:FOLLOWER, s1|rpc:localhost:42501|admin:localhost:40929|client:localhost:40437|dataStream:localhost:34203|priority:0|startupRole:FOLLOWER, s2|rpc:localhost:35871|admin:localhost:34483|client:localhost:43959|dataStream:localhost:39743|priority:0|startupRole:FOLLOWER]|listeners:[], old=null RUNNING
  s2:  RUNNING  FOLLOWER s2@group-3F2F94768D39:t5, leader=s1, voted=s1, raftlog=Memoized:s2@group-3F2F94768D39-SegmentedRaftLog:OPENED:c176, conf=175: peers:[s0|rpc:localhost:41459|admin:localhost:39355|client:localhost:35515|dataStream:localhost:32957|priority:0|startupRole:FOLLOWER, s1|rpc:localhost:42501|admin:localhost:40929|client:localhost:40437|dataStream:localhost:34203|priority:0|startupRole:FOLLOWER, s2|rpc:localhost:35871|admin:localhost:34483|client:localhost:43959|dataStream:localhost:39743|priority:0|startupRole:FOLLOWER]|listeners:[], old=null RUNNING
2022-07-21 19:39:12,687 [java.util.concurrent.ThreadPoolExecutor$Worker@4bd0e92a[State = -1, empty queue]] WARN  grpc.GrpcUtil (GrpcUtil.java:shutdownManagedChannel(216)) - Timed out gracefully shutting down connection: ManagedChannelOrphanWrapper{delegate=ManagedChannelImpl{logId=613, target=localhost:40437}}. 
2022-07-21 19:39:18,813 [java.util.concurrent.ThreadPoolExecutor$Worker@6636ccf1[State = -1, empty queue]] WARN  grpc.GrpcUtil (GrpcUtil.java:shutdownManagedChannel(216)) - Timed out gracefully shutting down connection: ManagedChannelOrphanWrapper{delegate=ManagedChannelImpl{logId=627, target=localhost:40437}}. 
2022-07-21 19:39:21,276 [Timer-2] INFO  impl.MiniRaftCluster (MiniRaftCluster.java:lambda$null$5(315)) - TIMED-PRINT: printing ALL groups
  s0:  RUNNING  FOLLOWER s0@group-3F2F94768D39:t5, leader=s1, voted=s1, raftlog=Memoized:s0@group-3F2F94768D39-SegmentedRaftLog:OPENED:c176, conf=175: peers:[s0|rpc:localhost:41459|admin:localhost:39355|client:localhost:35515|dataStream:localhost:32957|priority:0|startupRole:FOLLOWER, s1|rpc:localhost:42501|admin:localhost:40929|client:localhost:40437|dataStream:localhost:34203|priority:0|startupRole:FOLLOWER, s2|rpc:localhost:35871|admin:localhost:34483|client:localhost:43959|dataStream:localhost:39743|priority:0|startupRole:FOLLOWER]|listeners:[], old=null RUNNING
  s1:  RUNNING    LEADER s1@group-3F2F94768D39:t5, leader=s1, voted=s1, raftlog=Memoized:s1@group-3F2F94768D39-SegmentedRaftLog:OPENED:c176, conf=175: peers:[s0|rpc:localhost:41459|admin:localhost:39355|client:localhost:35515|dataStream:localhost:32957|priority:0|startupRole:FOLLOWER, s1|rpc:localhost:42501|admin:localhost:40929|client:localhost:40437|dataStream:localhost:34203|priority:0|startupRole:FOLLOWER, s2|rpc:localhost:35871|admin:localhost:34483|client:localhost:43959|dataStream:localhost:39743|priority:0|startupRole:FOLLOWER]|listeners:[], old=null RUNNING
  s2:  RUNNING  FOLLOWER s2@group-3F2F94768D39:t5, leader=s1, voted=s1, raftlog=Memoized:s2@group-3F2F94768D39-SegmentedRaftLog:OPENED:c176, conf=175: peers:[s0|rpc:localhost:41459|admin:localhost:39355|client:localhost:35515|dataStream:localhost:32957|priority:0|startupRole:FOLLOWER, s1|rpc:localhost:42501|admin:localhost:40929|client:localhost:40437|dataStream:localhost:34203|priority:0|startupRole:FOLLOWER, s2|rpc:localhost:35871|admin:localhost:34483|client:localhost:43959|dataStream:localhost:39743|priority:0|startupRole:FOLLOWER]|listeners:[], old=null RUNNING
2022-07-21 19:39:24,933 [java.util.concurrent.ThreadPoolExecutor$Worker@137aabb4[State = -1, empty queue]] WARN  grpc.GrpcUtil (GrpcUtil.java:shutdownManagedChannel(216)) - Timed out gracefully shutting down connection: ManagedChannelOrphanWrapper{delegate=ManagedChannelImpl{logId=641, target=localhost:40437}}. 
2022-07-21 19:39:25,063 [s1-client-thread1] INFO  statemachine.StateMachine (DataStreamTestUtils.java:link(157)) - link null
2022-07-21 19:39:25,071 [s0-server-thread2] INFO  statemachine.StateMachine (DataStreamTestUtils.java:link(157)) - link null
2022-07-21 19:39:25,077 [Thread-5348] WARN  server.GrpcServerProtocolService (LogUtils.java:warn(124)) - s0: Failed APPEND_ENTRIES request s1->s0#808-t5,previous=(t:5, i:177),leaderCommit=176,initializing? true,entries: size=1, first=(t:5, i:178), STATEMACHINELOGENTRY, 462@client-F05BDF1899E5
java.util.concurrent.CompletionException: org.apache.ratis.server.raftlog.RaftLogIOException: Log already failed at index 177 for task WriteLog:177: (t:5, i:177), STATEMACHINELOGENTRY, StateMachineLogEntryProto:462@client-F05BDF1899E5
	at java.util.concurrent.CompletableFuture.encodeThrowable(CompletableFuture.java:292)
	at java.util.concurrent.CompletableFuture.completeThrowable(CompletableFuture.java:308)
	at java.util.concurrent.CompletableFuture.biRelay(CompletableFuture.java:1298)
	at java.util.concurrent.CompletableFuture$BiRelay.tryFire(CompletableFuture.java:1284)
	at java.util.concurrent.CompletableFuture.postComplete(CompletableFuture.java:488)
	at java.util.concurrent.CompletableFuture.completeExceptionally(CompletableFuture.java:1990)
	at org.apache.ratis.server.raftlog.segmented.SegmentedRaftLog$Task.failed(SegmentedRaftLog.java:104)
	at org.apache.ratis.server.raftlog.segmented.SegmentedRaftLogWorker$WriteLog.failed(SegmentedRaftLogWorker.java:513)
	at org.apache.ratis.server.raftlog.segmented.SegmentedRaftLogWorker.run(SegmentedRaftLogWorker.java:319)
	at java.lang.Thread.run(Thread.java:750)
Caused by: org.apache.ratis.server.raftlog.RaftLogIOException: Log already failed at index 177 for task WriteLog:177: (t:5, i:177), STATEMACHINELOGENTRY, StateMachineLogEntryProto:462@client-F05BDF1899E5
	at org.apache.ratis.server.raftlog.segmented.SegmentedRaftLogWorker.run(SegmentedRaftLogWorker.java:322)
	... 1 more
Caused by: java.io.IOException: java.lang.IllegalStateException: Null stream: entry=term: 5
index: 177
stateMachineLogEntry {
  type: DATASTREAM
  clientId: "~D9\271\016\322O\373\237\252\360[\337\030\231\345"
  callId: 462
}

	at org.apache.ratis.util.IOUtils.asIOException(IOUtils.java:56)
	at org.apache.ratis.util.IOUtils.toIOException(IOUtils.java:61)
	at org.apache.ratis.util.IOUtils.getFromFuture(IOUtils.java:85)
	at org.apache.ratis.server.raftlog.segmented.SegmentedRaftLogWorker$StateMachineDataPolicy.getFromFuture(SegmentedRaftLogWorker.java:89)
	at org.apache.ratis.server.raftlog.segmented.SegmentedRaftLogWorker$WriteLog.execute(SegmentedRaftLogWorker.java:534)
	at org.apache.ratis.server.raftlog.segmented.SegmentedRaftLogWorker.run(SegmentedRaftLogWorker.java:310)
	... 1 more
Caused by: java.lang.IllegalStateException: Null stream: entry=term: 5
index: 177
stateMachineLogEntry {
  type: DATASTREAM
  clientId: "~D9\271\016\322O\373\237\252\360[\337\030\231\345"
  callId: 462
}

	at org.apache.ratis.datastream.DataStreamTestUtils$MultiDataStreamStateMachine.link(DataStreamTestUtils.java:159)
	at org.apache.ratis.server.raftlog.segmented.SegmentedRaftLogWorker$WriteLog.<init>(SegmentedRaftLogWorker.java:491)
	at org.apache.ratis.server.raftlog.segmented.SegmentedRaftLogWorker.writeLogEntry(SegmentedRaftLogWorker.java:437)
	at org.apache.ratis.server.raftlog.segmented.SegmentedRaftLog.appendEntryImpl(SegmentedRaftLog.java:408)
	at org.apache.ratis.server.raftlog.RaftLogBase.lambda$appendEntry$10(RaftLogBase.java:323)
	at org.apache.ratis.server.raftlog.RaftLogSequentialOps$Runner.runSequentially(RaftLogSequentialOps.java:77)
	at org.apache.ratis.server.raftlog.RaftLogBase.appendEntry(RaftLogBase.java:323)
	at org.apache.ratis.server.raftlog.segmented.SegmentedRaftLog.appendImpl(SegmentedRaftLog.java:457)
	at org.apache.ratis.server.raftlog.RaftLogBase.lambda$append$11(RaftLogBase.java:330)
	at org.apache.ratis.server.raftlog.RaftLogSequentialOps$Runner.runSequentially(RaftLogSequentialOps.java:68)
	at org.apache.ratis.server.raftlog.RaftLogBase.append(RaftLogBase.java:330)
	at org.apache.ratis.server.impl.RaftServerImpl.appendEntriesAsync(RaftServerImpl.java:1404)
	at org.apache.ratis.server.impl.RaftServerImpl.appendEntriesAsync(RaftServerImpl.java:1290)
	at org.apache.ratis.server.impl.RaftServerProxy.lambda$null$25(RaftServerProxy.java:622)
	at org.apache.ratis.util.JavaUtils.callAsUnchecked(JavaUtils.java:115)
	at org.apache.ratis.server.impl.RaftServerImpl.lambda$executeSubmitServerRequestAsync$11(RaftServerImpl.java:789)
	at java.util.concurrent.CompletableFuture$AsyncSupply.run(CompletableFuture.java:1604)
	at java.util.concurrent.ThreadPoolExecutor.runWorker(ThreadPoolExecutor.java:1149)
	at java.util.concurrent.ThreadPoolExecutor$Worker.run(ThreadPoolExecutor.java:624)
	... 1 more
2022-07-21 19:39:25,081 [s2-server-thread3] INFO  statemachine.StateMachine (DataStreamTestUtils.java:link(157)) - link null
2022-07-21 19:39:25,094 [grpc-default-executor-13] WARN  server.GrpcLogAppender (LogUtils.java:warn(124)) - s1@group-3F2F94768D39->s0-AppendLogResponseHandler: Failed appendEntries
org.apache.ratis.server.raftlog.RaftLogIOException: Log already failed at index 177 for task WriteLog:177: (t:5, i:177), STATEMACHINELOGENTRY, StateMachineLogEntryProto:462@client-F05BDF1899E5
	at org.apache.ratis.server.raftlog.segmented.SegmentedRaftLogWorker.run(SegmentedRaftLogWorker.java:322)
	at java.lang.Thread.run(Thread.java:750)
Caused by: java.io.IOException: java.lang.IllegalStateException: Null stream: entry=term: 5
index: 177
stateMachineLogEntry {
  type: DATASTREAM
  clientId: "~D9\271\016\322O\373\237\252\360[\337\030\231\345"
  callId: 462
}

	at org.apache.ratis.util.IOUtils.asIOException(IOUtils.java:56)
	at org.apache.ratis.util.IOUtils.toIOException(IOUtils.java:61)
	at org.apache.ratis.util.IOUtils.getFromFuture(IOUtils.java:85)
	at org.apache.ratis.server.raftlog.segmented.SegmentedRaftLogWorker$StateMachineDataPolicy.getFromFuture(SegmentedRaftLogWorker.java:89)
	at org.apache.ratis.server.raftlog.segmented.SegmentedRaftLogWorker$WriteLog.execute(SegmentedRaftLogWorker.java:534)
	at org.apache.ratis.server.raftlog.segmented.SegmentedRaftLogWorker.run(SegmentedRaftLogWorker.java:310)
	... 1 more
Caused by: java.lang.IllegalStateException: Null stream: entry=term: 5
index: 177
stateMachineLogEntry {
  type: DATASTREAM
  clientId: "~D9\271\016\322O\373\237\252\360[\337\030\231\345"
  callId: 462
}

	at org.apache.ratis.datastream.DataStreamTestUtils$MultiDataStreamStateMachine.link(DataStreamTestUtils.java:159)
	at org.apache.ratis.server.raftlog.segmented.SegmentedRaftLogWorker$WriteLog.<init>(SegmentedRaftLogWorker.java:491)
	at org.apache.ratis.server.raftlog.segmented.SegmentedRaftLogWorker.writeLogEntry(SegmentedRaftLogWorker.java:437)
	at org.apache.ratis.server.raftlog.segmented.SegmentedRaftLog.appendEntryImpl(SegmentedRaftLog.java:408)
	at org.apache.ratis.server.raftlog.RaftLogBase.lambda$appendEntry$10(RaftLogBase.java:323)
	at org.apache.ratis.server.raftlog.RaftLogSequentialOps$Runner.runSequentially(RaftLogSequentialOps.java:77)
	at org.apache.ratis.server.raftlog.RaftLogBase.appendEntry(RaftLogBase.java:323)
	at org.apache.ratis.server.raftlog.segmented.SegmentedRaftLog.appendImpl(SegmentedRaftLog.java:457)
	at org.apache.ratis.server.raftlog.RaftLogBase.lambda$append$11(RaftLogBase.java:330)
	at org.apache.ratis.server.raftlog.RaftLogSequentialOps$Runner.runSequentially(RaftLogSequentialOps.java:68)
	at org.apache.ratis.server.raftlog.RaftLogBase.append(RaftLogBase.java:330)
	at org.apache.ratis.server.impl.RaftServerImpl.appendEntriesAsync(RaftServerImpl.java:1404)
	at org.apache.ratis.server.impl.RaftServerImpl.appendEntriesAsync(RaftServerImpl.java:1290)
	at org.apache.ratis.server.impl.RaftServerProxy.lambda$null$25(RaftServerProxy.java:622)
	at org.apache.ratis.util.JavaUtils.callAsUnchecked(JavaUtils.java:115)
	at org.apache.ratis.server.impl.RaftServerImpl.lambda$executeSubmitServerRequestAsync$11(RaftServerImpl.java:789)
	at java.util.concurrent.CompletableFuture$AsyncSupply.run(CompletableFuture.java:1604)
	at java.util.concurrent.ThreadPoolExecutor.runWorker(ThreadPoolExecutor.java:1149)
	at java.util.concurrent.ThreadPoolExecutor$Worker.run(ThreadPoolExecutor.java:624)
	... 1 more
2022-07-21 19:39:25,103 [grpc-default-executor-13] INFO  leader.FollowerInfo (FollowerInfoImpl.java:lambda$new$0(48)) - s1@group-3F2F94768D39->s0: nextIndex: updateUnconditionally 179 -> 178
2022-07-21 19:39:25,103 [Thread-5350] WARN  server.GrpcServerProtocolService (LogUtils.java:warn(124)) - s2: Failed APPEND_ENTRIES request s1->s2#808-t5,previous=(t:5, i:177),leaderCommit=176,initializing? true,entries: size=1, first=(t:5, i:178), STATEMACHINELOGENTRY, 462@client-F05BDF1899E5
java.util.concurrent.CompletionException: org.apache.ratis.server.raftlog.RaftLogIOException: Log already failed at index 177 for task WriteLog:177: (t:5, i:177), STATEMACHINELOGENTRY, StateMachineLogEntryProto:462@client-F05BDF1899E5
	at java.util.concurrent.CompletableFuture.encodeThrowable(CompletableFuture.java:292)
	at java.util.concurrent.CompletableFuture.completeThrowable(CompletableFuture.java:308)
	at java.util.concurrent.CompletableFuture.biRelay(CompletableFuture.java:1298)
	at java.util.concurrent.CompletableFuture.andTree(CompletableFuture.java:1321)
	at java.util.concurrent.CompletableFuture.allOf(CompletableFuture.java:2238)
	at org.apache.ratis.util.JavaUtils.allOf(JavaUtils.java:233)
	at org.apache.ratis.server.impl.RaftServerImpl.appendEntriesAsync(RaftServerImpl.java:1416)
	at org.apache.ratis.server.impl.RaftServerImpl.appendEntriesAsync(RaftServerImpl.java:1290)
	at org.apache.ratis.server.impl.RaftServerProxy.lambda$null$25(RaftServerProxy.java:622)
	at org.apache.ratis.util.JavaUtils.callAsUnchecked(JavaUtils.java:115)
	at org.apache.ratis.server.impl.RaftServerImpl.lambda$executeSubmitServerRequestAsync$11(RaftServerImpl.java:789)
	at java.util.concurrent.CompletableFuture$AsyncSupply.run(CompletableFuture.java:1604)
	at java.util.concurrent.ThreadPoolExecutor.runWorker(ThreadPoolExecutor.java:1149)
	at java.util.concurrent.ThreadPoolExecutor$Worker.run(ThreadPoolExecutor.java:624)
	at java.lang.Thread.run(Thread.java:750)
Caused by: org.apache.ratis.server.raftlog.RaftLogIOException: Log already failed at index 177 for task WriteLog:177: (t:5, i:177), STATEMACHINELOGENTRY, StateMachineLogEntryProto:462@client-F05BDF1899E5
	at org.apache.ratis.server.raftlog.segmented.SegmentedRaftLogWorker.run(SegmentedRaftLogWorker.java:322)
	... 1 more
Caused by: java.io.IOException: java.lang.IllegalStateException: Null stream: entry=term: 5
index: 177
stateMachineLogEntry {
  type: DATASTREAM
  clientId: "~D9\271\016\322O\373\237\252\360[\337\030\231\345"
  callId: 462
}

	at org.apache.ratis.util.IOUtils.asIOException(IOUtils.java:56)
	at org.apache.ratis.util.IOUtils.toIOException(IOUtils.java:61)
	at org.apache.ratis.util.IOUtils.getFromFuture(IOUtils.java:85)
	at org.apache.ratis.server.raftlog.segmented.SegmentedRaftLogWorker$StateMachineDataPolicy.getFromFuture(SegmentedRaftLogWorker.java:89)
	at org.apache.ratis.server.raftlog.segmented.SegmentedRaftLogWorker$WriteLog.execute(SegmentedRaftLogWorker.java:534)
	at org.apache.ratis.server.raftlog.segmented.SegmentedRaftLogWorker.run(SegmentedRaftLogWorker.java:310)
	... 1 more
Caused by: java.lang.IllegalStateException: Null stream: entry=term: 5
index: 177
stateMachineLogEntry {
  type: DATASTREAM
  clientId: "~D9\271\016\322O\373\237\252\360[\337\030\231\345"
  callId: 462
}

	at org.apache.ratis.datastream.DataStreamTestUtils$MultiDataStreamStateMachine.link(DataStreamTestUtils.java:159)
	at org.apache.ratis.server.raftlog.segmented.SegmentedRaftLogWorker$WriteLog.<init>(SegmentedRaftLogWorker.java:491)
	at org.apache.ratis.server.raftlog.segmented.SegmentedRaftLogWorker.writeLogEntry(SegmentedRaftLogWorker.java:437)
	at org.apache.ratis.server.raftlog.segmented.SegmentedRaftLog.appendEntryImpl(SegmentedRaftLog.java:408)
	at org.apache.ratis.server.raftlog.RaftLogBase.lambda$appendEntry$10(RaftLogBase.java:323)
	at org.apache.ratis.server.raftlog.RaftLogSequentialOps$Runner.runSequentially(RaftLogSequentialOps.java:77)
	at org.apache.ratis.server.raftlog.RaftLogBase.appendEntry(RaftLogBase.java:323)
	at org.apache.ratis.server.raftlog.segmented.SegmentedRaftLog.appendImpl(SegmentedRaftLog.java:457)
	at org.apache.ratis.server.raftlog.RaftLogBase.lambda$append$11(RaftLogBase.java:330)
	at org.apache.ratis.server.raftlog.RaftLogSequentialOps$Runner.runSequentially(RaftLogSequentialOps.java:68)
	at org.apache.ratis.server.raftlog.RaftLogBase.append(RaftLogBase.java:330)
	at org.apache.ratis.server.impl.RaftServerImpl.appendEntriesAsync(RaftServerImpl.java:1404)
	at org.apache.ratis.server.impl.RaftServerImpl.appendEntriesAsync(RaftServerImpl.java:1290)
	at org.apache.ratis.server.impl.RaftServerProxy.lambda$null$25(RaftServerProxy.java:622)
	at org.apache.ratis.util.JavaUtils.callAsUnchecked(JavaUtils.java:115)
	at org.apache.ratis.server.impl.RaftServerImpl.lambda$executeSubmitServerRequestAsync$11(RaftServerImpl.java:789)
	at java.util.concurrent.CompletableFuture$AsyncSupply.run(CompletableFuture.java:1604)
	at java.util.concurrent.ThreadPoolExecutor.runWorker(ThreadPoolExecutor.java:1149)
	at java.util.concurrent.ThreadPoolExecutor$Worker.run(ThreadPoolExecutor.java:624)
	... 1 more
2022-07-21 19:39:25,116 [grpc-default-executor-16] WARN  server.GrpcLogAppender (LogUtils.java:warn(124)) - s1@group-3F2F94768D39->s2-AppendLogResponseHandler: Failed appendEntries
org.apache.ratis.server.raftlog.RaftLogIOException: Log already failed at index 177 for task WriteLog:177: (t:5, i:177), STATEMACHINELOGENTRY, StateMachineLogEntryProto:462@client-F05BDF1899E5
	at org.apache.ratis.server.raftlog.segmented.SegmentedRaftLogWorker.run(SegmentedRaftLogWorker.java:322)
	at java.lang.Thread.run(Thread.java:750)
Caused by: java.io.IOException: java.lang.IllegalStateException: Null stream: entry=term: 5
index: 177
stateMachineLogEntry {
  type: DATASTREAM
  clientId: "~D9\271\016\322O\373\237\252\360[\337\030\231\345"
  callId: 462
}

	at org.apache.ratis.util.IOUtils.asIOException(IOUtils.java:56)
	at org.apache.ratis.util.IOUtils.toIOException(IOUtils.java:61)
	at org.apache.ratis.util.IOUtils.getFromFuture(IOUtils.java:85)
	at org.apache.ratis.server.raftlog.segmented.SegmentedRaftLogWorker$StateMachineDataPolicy.getFromFuture(SegmentedRaftLogWorker.java:89)
	at org.apache.ratis.server.raftlog.segmented.SegmentedRaftLogWorker$WriteLog.execute(SegmentedRaftLogWorker.java:534)
	at org.apache.ratis.server.raftlog.segmented.SegmentedRaftLogWorker.run(SegmentedRaftLogWorker.java:310)
	... 1 more
Caused by: java.lang.IllegalStateException: Null stream: entry=term: 5
index: 177
stateMachineLogEntry {
  type: DATASTREAM
  clientId: "~D9\271\016\322O\373\237\252\360[\337\030\231\345"
  callId: 462
}

	at org.apache.ratis.datastream.DataStreamTestUtils$MultiDataStreamStateMachine.link(DataStreamTestUtils.java:159)
	at org.apache.ratis.server.raftlog.segmented.SegmentedRaftLogWorker$WriteLog.<init>(SegmentedRaftLogWorker.java:491)
	at org.apache.ratis.server.raftlog.segmented.SegmentedRaftLogWorker.writeLogEntry(SegmentedRaftLogWorker.java:437)
	at org.apache.ratis.server.raftlog.segmented.SegmentedRaftLog.appendEntryImpl(SegmentedRaftLog.java:408)
	at org.apache.ratis.server.raftlog.RaftLogBase.lambda$appendEntry$10(RaftLogBase.java:323)
	at org.apache.ratis.server.raftlog.RaftLogSequentialOps$Runner.runSequentially(RaftLogSequentialOps.java:77)
	at org.apache.ratis.server.raftlog.RaftLogBase.appendEntry(RaftLogBase.java:323)
	at org.apache.ratis.server.raftlog.segmented.SegmentedRaftLog.appendImpl(SegmentedRaftLog.java:457)
	at org.apache.ratis.server.raftlog.RaftLogBase.lambda$append$11(RaftLogBase.java:330)
	at org.apache.ratis.server.raftlog.RaftLogSequentialOps$Runner.runSequentially(RaftLogSequentialOps.java:68)
	at org.apache.ratis.server.raftlog.RaftLogBase.append(RaftLogBase.java:330)
	at org.apache.ratis.server.impl.RaftServerImpl.appendEntriesAsync(RaftServerImpl.java:1404)
	at org.apache.ratis.server.impl.RaftServerImpl.appendEntriesAsync(RaftServerImpl.java:1290)
	at org.apache.ratis.server.impl.RaftServerProxy.lambda$null$25(RaftServerProxy.java:622)
	at org.apache.ratis.util.JavaUtils.callAsUnchecked(JavaUtils.java:115)
	at org.apache.ratis.server.impl.RaftServerImpl.lambda$executeSubmitServerRequestAsync$11(RaftServerImpl.java:789)
	at java.util.concurrent.CompletableFuture$AsyncSupply.run(CompletableFuture.java:1604)
	at java.util.concurrent.ThreadPoolExecutor.runWorker(ThreadPoolExecutor.java:1149)
	at java.util.concurrent.ThreadPoolExecutor$Worker.run(ThreadPoolExecutor.java:624)
	... 1 more
2022-07-21 19:39:25,121 [grpc-default-executor-16] INFO  leader.FollowerInfo (FollowerInfoImpl.java:lambda$new$0(48)) - s1@group-3F2F94768D39->s2: nextIndex: updateUnconditionally 179 -> 178
2022-07-21 19:39:31,061 [java.util.concurrent.ThreadPoolExecutor$Worker@457b965b[State = -1, empty queue]] WARN  grpc.GrpcUtil (GrpcUtil.java:shutdownManagedChannel(216)) - Timed out gracefully shutting down connection: ManagedChannelOrphanWrapper{delegate=ManagedChannelImpl{logId=655, target=localhost:40437}}. 
2022-07-21 19:39:31,275 [Timer-2] INFO  impl.MiniRaftCluster (MiniRaftCluster.java:lambda$null$5(315)) - TIMED-PRINT: printing ALL groups
  s0:  RUNNING  FOLLOWER s0@group-3F2F94768D39:t5, leader=s1, voted=s1, raftlog=Memoized:s0@group-3F2F94768D39-SegmentedRaftLog:OPENED:c176, conf=175: peers:[s0|rpc:localhost:41459|admin:localhost:39355|client:localhost:35515|dataStream:localhost:32957|priority:0|startupRole:FOLLOWER, s1|rpc:localhost:42501|admin:localhost:40929|client:localhost:40437|dataStream:localhost:34203|priority:0|startupRole:FOLLOWER, s2|rpc:localhost:35871|admin:localhost:34483|client:localhost:43959|dataStream:localhost:39743|priority:0|startupRole:FOLLOWER]|listeners:[], old=null RUNNING
  s1:  RUNNING    LEADER s1@group-3F2F94768D39:t5, leader=s1, voted=s1, raftlog=Memoized:s1@group-3F2F94768D39-SegmentedRaftLog:OPENED:c176, conf=175: peers:[s0|rpc:localhost:41459|admin:localhost:39355|client:localhost:35515|dataStream:localhost:32957|priority:0|startupRole:FOLLOWER, s1|rpc:localhost:42501|admin:localhost:40929|client:localhost:40437|dataStream:localhost:34203|priority:0|startupRole:FOLLOWER, s2|rpc:localhost:35871|admin:localhost:34483|client:localhost:43959|dataStream:localhost:39743|priority:0|startupRole:FOLLOWER]|listeners:[], old=null RUNNING
  s2:  RUNNING  FOLLOWER s2@group-3F2F94768D39:t5, leader=s1, voted=s1, raftlog=Memoized:s2@group-3F2F94768D39-SegmentedRaftLog:OPENED:c176, conf=175: peers:[s0|rpc:localhost:41459|admin:localhost:39355|client:localhost:35515|dataStream:localhost:32957|priority:0|startupRole:FOLLOWER, s1|rpc:localhost:42501|admin:localhost:40929|client:localhost:40437|dataStream:localhost:34203|priority:0|startupRole:FOLLOWER, s2|rpc:localhost:35871|admin:localhost:34483|client:localhost:43959|dataStream:localhost:39743|priority:0|startupRole:FOLLOWER]|listeners:[], old=null RUNNING
2022-07-21 19:39:37,189 [java.util.concurrent.ThreadPoolExecutor$Worker@21373243[State = -1, empty queue]] WARN  grpc.GrpcUtil (GrpcUtil.java:shutdownManagedChannel(216)) - Timed out gracefully shutting down connection: ManagedChannelOrphanWrapper{delegate=ManagedChannelImpl{logId=669, target=localhost:40437}}. 
2022-07-21 19:39:41,275 [Timer-2] INFO  impl.MiniRaftCluster (MiniRaftCluster.java:lambda$null$5(315)) - TIMED-PRINT: printing ALL groups
  s0:  RUNNING  FOLLOWER s0@group-3F2F94768D39:t5, leader=s1, voted=s1, raftlog=Memoized:s0@group-3F2F94768D39-SegmentedRaftLog:OPENED:c176, conf=175: peers:[s0|rpc:localhost:41459|admin:localhost:39355|client:localhost:35515|dataStream:localhost:32957|priority:0|startupRole:FOLLOWER, s1|rpc:localhost:42501|admin:localhost:40929|client:localhost:40437|dataStream:localhost:34203|priority:0|startupRole:FOLLOWER, s2|rpc:localhost:35871|admin:localhost:34483|client:localhost:43959|dataStream:localhost:39743|priority:0|startupRole:FOLLOWER]|listeners:[], old=null RUNNING
  s1:  RUNNING    LEADER s1@group-3F2F94768D39:t5, leader=s1, voted=s1, raftlog=Memoized:s1@group-3F2F94768D39-SegmentedRaftLog:OPENED:c176, conf=175: peers:[s0|rpc:localhost:41459|admin:localhost:39355|client:localhost:35515|dataStream:localhost:32957|priority:0|startupRole:FOLLOWER, s1|rpc:localhost:42501|admin:localhost:40929|client:localhost:40437|dataStream:localhost:34203|priority:0|startupRole:FOLLOWER, s2|rpc:localhost:35871|admin:localhost:34483|client:localhost:43959|dataStream:localhost:39743|priority:0|startupRole:FOLLOWER]|listeners:[], old=null RUNNING
  s2:  RUNNING  FOLLOWER s2@group-3F2F94768D39:t5, leader=s1, voted=s1, raftlog=Memoized:s2@group-3F2F94768D39-SegmentedRaftLog:OPENED:c176, conf=175: peers:[s0|rpc:localhost:41459|admin:localhost:39355|client:localhost:35515|dataStream:localhost:32957|priority:0|startupRole:FOLLOWER, s1|rpc:localhost:42501|admin:localhost:40929|client:localhost:40437|dataStream:localhost:34203|priority:0|startupRole:FOLLOWER, s2|rpc:localhost:35871|admin:localhost:34483|client:localhost:43959|dataStream:localhost:39743|priority:0|startupRole:FOLLOWER]|listeners:[], old=null RUNNING
2022-07-21 19:39:43,320 [java.util.concurrent.ThreadPoolExecutor$Worker@f948286[State = -1, empty queue]] WARN  grpc.GrpcUtil (GrpcUtil.java:shutdownManagedChannel(216)) - Timed out gracefully shutting down connection: ManagedChannelOrphanWrapper{delegate=ManagedChannelImpl{logId=683, target=localhost:40437}}. 
2022-07-21 19:39:49,442 [java.util.concurrent.ThreadPoolExecutor$Worker@748cc3a9[State = -1, empty queue]] WARN  grpc.GrpcUtil (GrpcUtil.java:shutdownManagedChannel(216)) - Timed out gracefully shutting down connection: ManagedChannelOrphanWrapper{delegate=ManagedChannelImpl{logId=697, target=localhost:40437}}. 
2022-07-21 19:39:51,276 [Timer-2] INFO  impl.MiniRaftCluster (MiniRaftCluster.java:lambda$null$5(315)) - TIMED-PRINT: printing ALL groups
  s0:  RUNNING  FOLLOWER s0@group-3F2F94768D39:t5, leader=s1, voted=s1, raftlog=Memoized:s0@group-3F2F94768D39-SegmentedRaftLog:OPENED:c176, conf=175: peers:[s0|rpc:localhost:41459|admin:localhost:39355|client:localhost:35515|dataStream:localhost:32957|priority:0|startupRole:FOLLOWER, s1|rpc:localhost:42501|admin:localhost:40929|client:localhost:40437|dataStream:localhost:34203|priority:0|startupRole:FOLLOWER, s2|rpc:localhost:35871|admin:localhost:34483|client:localhost:43959|dataStream:localhost:39743|priority:0|startupRole:FOLLOWER]|listeners:[], old=null RUNNING
  s1:  RUNNING    LEADER s1@group-3F2F94768D39:t5, leader=s1, voted=s1, raftlog=Memoized:s1@group-3F2F94768D39-SegmentedRaftLog:OPENED:c176, conf=175: peers:[s0|rpc:localhost:41459|admin:localhost:39355|client:localhost:35515|dataStream:localhost:32957|priority:0|startupRole:FOLLOWER, s1|rpc:localhost:42501|admin:localhost:40929|client:localhost:40437|dataStream:localhost:34203|priority:0|startupRole:FOLLOWER, s2|rpc:localhost:35871|admin:localhost:34483|client:localhost:43959|dataStream:localhost:39743|priority:0|startupRole:FOLLOWER]|listeners:[], old=null RUNNING
  s2:  RUNNING  FOLLOWER s2@group-3F2F94768D39:t5, leader=s1, voted=s1, raftlog=Memoized:s2@group-3F2F94768D39-SegmentedRaftLog:OPENED:c176, conf=175: peers:[s0|rpc:localhost:41459|admin:localhost:39355|client:localhost:35515|dataStream:localhost:32957|priority:0|startupRole:FOLLOWER, s1|rpc:localhost:42501|admin:localhost:40929|client:localhost:40437|dataStream:localhost:34203|priority:0|startupRole:FOLLOWER, s2|rpc:localhost:35871|admin:localhost:34483|client:localhost:43959|dataStream:localhost:39743|priority:0|startupRole:FOLLOWER]|listeners:[], old=null RUNNING
2022-07-21 19:39:55,578 [java.util.concurrent.ThreadPoolExecutor$Worker@254a1330[State = -1, empty queue]] WARN  grpc.GrpcUtil (GrpcUtil.java:shutdownManagedChannel(216)) - Timed out gracefully shutting down connection: ManagedChannelOrphanWrapper{delegate=ManagedChannelImpl{logId=711, target=localhost:40437}}. 
2022-07-21 19:40:01,275 [Timer-2] INFO  impl.MiniRaftCluster (MiniRaftCluster.java:lambda$null$5(315)) - TIMED-PRINT: printing ALL groups
  s0:  RUNNING  FOLLOWER s0@group-3F2F94768D39:t5, leader=s1, voted=s1, raftlog=Memoized:s0@group-3F2F94768D39-SegmentedRaftLog:OPENED:c176, conf=175: peers:[s0|rpc:localhost:41459|admin:localhost:39355|client:localhost:35515|dataStream:localhost:32957|priority:0|startupRole:FOLLOWER, s1|rpc:localhost:42501|admin:localhost:40929|client:localhost:40437|dataStream:localhost:34203|priority:0|startupRole:FOLLOWER, s2|rpc:localhost:35871|admin:localhost:34483|client:localhost:43959|dataStream:localhost:39743|priority:0|startupRole:FOLLOWER]|listeners:[], old=null RUNNING
  s1:  RUNNING    LEADER s1@group-3F2F94768D39:t5, leader=s1, voted=s1, raftlog=Memoized:s1@group-3F2F94768D39-SegmentedRaftLog:OPENED:c176, conf=175: peers:[s0|rpc:localhost:41459|admin:localhost:39355|client:localhost:35515|dataStream:localhost:32957|priority:0|startupRole:FOLLOWER, s1|rpc:localhost:42501|admin:localhost:40929|client:localhost:40437|dataStream:localhost:34203|priority:0|startupRole:FOLLOWER, s2|rpc:localhost:35871|admin:localhost:34483|client:localhost:43959|dataStream:localhost:39743|priority:0|startupRole:FOLLOWER]|listeners:[], old=null RUNNING
  s2:  RUNNING  FOLLOWER s2@group-3F2F94768D39:t5, leader=s1, voted=s1, raftlog=Memoized:s2@group-3F2F94768D39-SegmentedRaftLog:OPENED:c176, conf=175: peers:[s0|rpc:localhost:41459|admin:localhost:39355|client:localhost:35515|dataStream:localhost:32957|priority:0|startupRole:FOLLOWER, s1|rpc:localhost:42501|admin:localhost:40929|client:localhost:40437|dataStream:localhost:34203|priority:0|startupRole:FOLLOWER, s2|rpc:localhost:35871|admin:localhost:34483|client:localhost:43959|dataStream:localhost:39743|priority:0|startupRole:FOLLOWER]|listeners:[], old=null RUNNING
2022-07-21 19:40:01,698 [java.util.concurrent.ThreadPoolExecutor$Worker@1f2c557a[State = -1, empty queue]] WARN  grpc.GrpcUtil (GrpcUtil.java:shutdownManagedChannel(216)) - Timed out gracefully shutting down connection: ManagedChannelOrphanWrapper{delegate=ManagedChannelImpl{logId=725, target=localhost:40437}}. 
2022-07-21 19:40:07,825 [java.util.concurrent.ThreadPoolExecutor$Worker@6620a9fe[State = -1, empty queue]] WARN  grpc.GrpcUtil (GrpcUtil.java:shutdownManagedChannel(216)) - Timed out gracefully shutting down connection: ManagedChannelOrphanWrapper{delegate=ManagedChannelImpl{logId=739, target=localhost:40437}}. 
2022-07-21 19:40:11,276 [Timer-2] INFO  impl.MiniRaftCluster (MiniRaftCluster.java:lambda$null$5(315)) - TIMED-PRINT: printing ALL groups
  s0:  RUNNING  FOLLOWER s0@group-3F2F94768D39:t5, leader=s1, voted=s1, raftlog=Memoized:s0@group-3F2F94768D39-SegmentedRaftLog:OPENED:c176, conf=175: peers:[s0|rpc:localhost:41459|admin:localhost:39355|client:localhost:35515|dataStream:localhost:32957|priority:0|startupRole:FOLLOWER, s1|rpc:localhost:42501|admin:localhost:40929|client:localhost:40437|dataStream:localhost:34203|priority:0|startupRole:FOLLOWER, s2|rpc:localhost:35871|admin:localhost:34483|client:localhost:43959|dataStream:localhost:39743|priority:0|startupRole:FOLLOWER]|listeners:[], old=null RUNNING
  s1:  RUNNING    LEADER s1@group-3F2F94768D39:t5, leader=s1, voted=s1, raftlog=Memoized:s1@group-3F2F94768D39-SegmentedRaftLog:OPENED:c176, conf=175: peers:[s0|rpc:localhost:41459|admin:localhost:39355|client:localhost:35515|dataStream:localhost:32957|priority:0|startupRole:FOLLOWER, s1|rpc:localhost:42501|admin:localhost:40929|client:localhost:40437|dataStream:localhost:34203|priority:0|startupRole:FOLLOWER, s2|rpc:localhost:35871|admin:localhost:34483|client:localhost:43959|dataStream:localhost:39743|priority:0|startupRole:FOLLOWER]|listeners:[], old=null RUNNING
  s2:  RUNNING  FOLLOWER s2@group-3F2F94768D39:t5, leader=s1, voted=s1, raftlog=Memoized:s2@group-3F2F94768D39-SegmentedRaftLog:OPENED:c176, conf=175: peers:[s0|rpc:localhost:41459|admin:localhost:39355|client:localhost:35515|dataStream:localhost:32957|priority:0|startupRole:FOLLOWER, s1|rpc:localhost:42501|admin:localhost:40929|client:localhost:40437|dataStream:localhost:34203|priority:0|startupRole:FOLLOWER, s2|rpc:localhost:35871|admin:localhost:34483|client:localhost:43959|dataStream:localhost:39743|priority:0|startupRole:FOLLOWER]|listeners:[], old=null RUNNING
2022-07-21 19:40:13,952 [java.util.concurrent.ThreadPoolExecutor$Worker@730609b1[State = -1, empty queue]] WARN  grpc.GrpcUtil (GrpcUtil.java:shutdownManagedChannel(216)) - Timed out gracefully shutting down connection: ManagedChannelOrphanWrapper{delegate=ManagedChannelImpl{logId=753, target=localhost:40437}}. 
2022-07-21 19:40:20,080 [java.util.concurrent.ThreadPoolExecutor$Worker@4b362c8[State = -1, empty queue]] WARN  grpc.GrpcUtil (GrpcUtil.java:shutdownManagedChannel(216)) - Timed out gracefully shutting down connection: ManagedChannelOrphanWrapper{delegate=ManagedChannelImpl{logId=767, target=localhost:40437}}. 
2022-07-21 19:40:21,276 [Timer-2] INFO  impl.MiniRaftCluster (MiniRaftCluster.java:lambda$null$5(315)) - TIMED-PRINT: printing ALL groups
  s0:  RUNNING  FOLLOWER s0@group-3F2F94768D39:t5, leader=s1, voted=s1, raftlog=Memoized:s0@group-3F2F94768D39-SegmentedRaftLog:OPENED:c176, conf=175: peers:[s0|rpc:localhost:41459|admin:localhost:39355|client:localhost:35515|dataStream:localhost:32957|priority:0|startupRole:FOLLOWER, s1|rpc:localhost:42501|admin:localhost:40929|client:localhost:40437|dataStream:localhost:34203|priority:0|startupRole:FOLLOWER, s2|rpc:localhost:35871|admin:localhost:34483|client:localhost:43959|dataStream:localhost:39743|priority:0|startupRole:FOLLOWER]|listeners:[], old=null RUNNING
  s1:  RUNNING    LEADER s1@group-3F2F94768D39:t5, leader=s1, voted=s1, raftlog=Memoized:s1@group-3F2F94768D39-SegmentedRaftLog:OPENED:c176, conf=175: peers:[s0|rpc:localhost:41459|admin:localhost:39355|client:localhost:35515|dataStream:localhost:32957|priority:0|startupRole:FOLLOWER, s1|rpc:localhost:42501|admin:localhost:40929|client:localhost:40437|dataStream:localhost:34203|priority:0|startupRole:FOLLOWER, s2|rpc:localhost:35871|admin:localhost:34483|client:localhost:43959|dataStream:localhost:39743|priority:0|startupRole:FOLLOWER]|listeners:[], old=null RUNNING
  s2:  RUNNING  FOLLOWER s2@group-3F2F94768D39:t5, leader=s1, voted=s1, raftlog=Memoized:s2@group-3F2F94768D39-SegmentedRaftLog:OPENED:c176, conf=175: peers:[s0|rpc:localhost:41459|admin:localhost:39355|client:localhost:35515|dataStream:localhost:32957|priority:0|startupRole:FOLLOWER, s1|rpc:localhost:42501|admin:localhost:40929|client:localhost:40437|dataStream:localhost:34203|priority:0|startupRole:FOLLOWER, s2|rpc:localhost:35871|admin:localhost:34483|client:localhost:43959|dataStream:localhost:39743|priority:0|startupRole:FOLLOWER]|listeners:[], old=null RUNNING
2022-07-21 19:40:26,203 [java.util.concurrent.ThreadPoolExecutor$Worker@2da5630[State = -1, empty queue]] WARN  grpc.GrpcUtil (GrpcUtil.java:shutdownManagedChannel(216)) - Timed out gracefully shutting down connection: ManagedChannelOrphanWrapper{delegate=ManagedChannelImpl{logId=781, target=localhost:40437}}. 
2022-07-21 19:40:26,335 [s1-client-thread1] INFO  statemachine.StateMachine (DataStreamTestUtils.java:link(157)) - link null
2022-07-21 19:40:26,337 [s2-server-thread3] INFO  statemachine.StateMachine (DataStreamTestUtils.java:link(157)) - link null
2022-07-21 19:40:26,339 [s0-server-thread2] INFO  statemachine.StateMachine (DataStreamTestUtils.java:link(157)) - link null
2022-07-21 19:40:26,341 [Thread-6963] WARN  server.GrpcServerProtocolService (LogUtils.java:warn(124)) - s2: Failed APPEND_ENTRIES request s1->s2#1605-t5,previous=(t:5, i:178),leaderCommit=176,initializing? true,entries: size=1, first=(t:5, i:179), STATEMACHINELOGENTRY, 462@client-F05BDF1899E5
java.util.concurrent.CompletionException: org.apache.ratis.server.raftlog.RaftLogIOException: Log already failed at index 177 for task WriteLog:177: (t:5, i:177), STATEMACHINELOGENTRY, StateMachineLogEntryProto:462@client-F05BDF1899E5
	at java.util.concurrent.CompletableFuture.encodeThrowable(CompletableFuture.java:292)
	at java.util.concurrent.CompletableFuture.completeThrowable(CompletableFuture.java:308)
	at java.util.concurrent.CompletableFuture.biRelay(CompletableFuture.java:1298)
	at java.util.concurrent.CompletableFuture$BiRelay.tryFire(CompletableFuture.java:1284)
	at java.util.concurrent.CompletableFuture.postComplete(CompletableFuture.java:488)
	at java.util.concurrent.CompletableFuture.completeExceptionally(CompletableFuture.java:1990)
	at org.apache.ratis.server.raftlog.segmented.SegmentedRaftLog$Task.failed(SegmentedRaftLog.java:104)
	at org.apache.ratis.server.raftlog.segmented.SegmentedRaftLogWorker$WriteLog.failed(SegmentedRaftLogWorker.java:513)
	at org.apache.ratis.server.raftlog.segmented.SegmentedRaftLogWorker.run(SegmentedRaftLogWorker.java:319)
	at java.lang.Thread.run(Thread.java:750)
Caused by: org.apache.ratis.server.raftlog.RaftLogIOException: Log already failed at index 177 for task WriteLog:177: (t:5, i:177), STATEMACHINELOGENTRY, StateMachineLogEntryProto:462@client-F05BDF1899E5
	at org.apache.ratis.server.raftlog.segmented.SegmentedRaftLogWorker.run(SegmentedRaftLogWorker.java:322)
	... 1 more
Caused by: java.io.IOException: java.lang.IllegalStateException: Null stream: entry=term: 5
index: 177
stateMachineLogEntry {
  type: DATASTREAM
  clientId: "~D9\271\016\322O\373\237\252\360[\337\030\231\345"
  callId: 462
}

	at org.apache.ratis.util.IOUtils.asIOException(IOUtils.java:56)
	at org.apache.ratis.util.IOUtils.toIOException(IOUtils.java:61)
	at org.apache.ratis.util.IOUtils.getFromFuture(IOUtils.java:85)
	at org.apache.ratis.server.raftlog.segmented.SegmentedRaftLogWorker$StateMachineDataPolicy.getFromFuture(SegmentedRaftLogWorker.java:89)
	at org.apache.ratis.server.raftlog.segmented.SegmentedRaftLogWorker$WriteLog.execute(SegmentedRaftLogWorker.java:534)
	at org.apache.ratis.server.raftlog.segmented.SegmentedRaftLogWorker.run(SegmentedRaftLogWorker.java:310)
	... 1 more
Caused by: java.lang.IllegalStateException: Null stream: entry=term: 5
index: 177
stateMachineLogEntry {
  type: DATASTREAM
  clientId: "~D9\271\016\322O\373\237\252\360[\337\030\231\345"
  callId: 462
}

	at org.apache.ratis.datastream.DataStreamTestUtils$MultiDataStreamStateMachine.link(DataStreamTestUtils.java:159)
	at org.apache.ratis.server.raftlog.segmented.SegmentedRaftLogWorker$WriteLog.<init>(SegmentedRaftLogWorker.java:491)
	at org.apache.ratis.server.raftlog.segmented.SegmentedRaftLogWorker.writeLogEntry(SegmentedRaftLogWorker.java:437)
	at org.apache.ratis.server.raftlog.segmented.SegmentedRaftLog.appendEntryImpl(SegmentedRaftLog.java:408)
	at org.apache.ratis.server.raftlog.RaftLogBase.lambda$appendEntry$10(RaftLogBase.java:323)
	at org.apache.ratis.server.raftlog.RaftLogSequentialOps$Runner.runSequentially(RaftLogSequentialOps.java:77)
	at org.apache.ratis.server.raftlog.RaftLogBase.appendEntry(RaftLogBase.java:323)
	at org.apache.ratis.server.raftlog.segmented.SegmentedRaftLog.appendImpl(SegmentedRaftLog.java:457)
	at org.apache.ratis.server.raftlog.RaftLogBase.lambda$append$11(RaftLogBase.java:330)
	at org.apache.ratis.server.raftlog.RaftLogSequentialOps$Runner.runSequentially(RaftLogSequentialOps.java:68)
	at org.apache.ratis.server.raftlog.RaftLogBase.append(RaftLogBase.java:330)
	at org.apache.ratis.server.impl.RaftServerImpl.appendEntriesAsync(RaftServerImpl.java:1404)
	at org.apache.ratis.server.impl.RaftServerImpl.appendEntriesAsync(RaftServerImpl.java:1290)
	at org.apache.ratis.server.impl.RaftServerProxy.lambda$null$25(RaftServerProxy.java:622)
	at org.apache.ratis.util.JavaUtils.callAsUnchecked(JavaUtils.java:115)
	at org.apache.ratis.server.impl.RaftServerImpl.lambda$executeSubmitServerRequestAsync$11(RaftServerImpl.java:789)
	at java.util.concurrent.CompletableFuture$AsyncSupply.run(CompletableFuture.java:1604)
	at java.util.concurrent.ThreadPoolExecutor.runWorker(ThreadPoolExecutor.java:1149)
	at java.util.concurrent.ThreadPoolExecutor$Worker.run(ThreadPoolExecutor.java:624)
	... 1 more
2022-07-21 19:40:26,345 [Thread-6964] WARN  server.GrpcServerProtocolService (LogUtils.java:warn(124)) - s0: Failed APPEND_ENTRIES request s1->s0#1605-t5,previous=(t:5, i:178),leaderCommit=176,initializing? true,entries: size=1, first=(t:5, i:179), STATEMACHINELOGENTRY, 462@client-F05BDF1899E5
java.util.concurrent.CompletionException: org.apache.ratis.server.raftlog.RaftLogIOException: Log already failed at index 177 for task WriteLog:177: (t:5, i:177), STATEMACHINELOGENTRY, StateMachineLogEntryProto:462@client-F05BDF1899E5
	at java.util.concurrent.CompletableFuture.encodeThrowable(CompletableFuture.java:292)
	at java.util.concurrent.CompletableFuture.completeThrowable(CompletableFuture.java:308)
	at java.util.concurrent.CompletableFuture.biRelay(CompletableFuture.java:1298)
	at java.util.concurrent.CompletableFuture$BiRelay.tryFire(CompletableFuture.java:1284)
	at java.util.concurrent.CompletableFuture.postComplete(CompletableFuture.java:488)
	at java.util.concurrent.CompletableFuture.completeExceptionally(CompletableFuture.java:1990)
	at org.apache.ratis.server.raftlog.segmented.SegmentedRaftLog$Task.failed(SegmentedRaftLog.java:104)
	at org.apache.ratis.server.raftlog.segmented.SegmentedRaftLogWorker$WriteLog.failed(SegmentedRaftLogWorker.java:513)
	at org.apache.ratis.server.raftlog.segmented.SegmentedRaftLogWorker.run(SegmentedRaftLogWorker.java:319)
	at java.lang.Thread.run(Thread.java:750)
Caused by: org.apache.ratis.server.raftlog.RaftLogIOException: Log already failed at index 177 for task WriteLog:177: (t:5, i:177), STATEMACHINELOGENTRY, StateMachineLogEntryProto:462@client-F05BDF1899E5
	at org.apache.ratis.server.raftlog.segmented.SegmentedRaftLogWorker.run(SegmentedRaftLogWorker.java:322)
	... 1 more
Caused by: java.io.IOException: java.lang.IllegalStateException: Null stream: entry=term: 5
index: 177
stateMachineLogEntry {
  type: DATASTREAM
  clientId: "~D9\271\016\322O\373\237\252\360[\337\030\231\345"
  callId: 462
}

	at org.apache.ratis.util.IOUtils.asIOException(IOUtils.java:56)
	at org.apache.ratis.util.IOUtils.toIOException(IOUtils.java:61)
	at org.apache.ratis.util.IOUtils.getFromFuture(IOUtils.java:85)
	at org.apache.ratis.server.raftlog.segmented.SegmentedRaftLogWorker$StateMachineDataPolicy.getFromFuture(SegmentedRaftLogWorker.java:89)
	at org.apache.ratis.server.raftlog.segmented.SegmentedRaftLogWorker$WriteLog.execute(SegmentedRaftLogWorker.java:534)
	at org.apache.ratis.server.raftlog.segmented.SegmentedRaftLogWorker.run(SegmentedRaftLogWorker.java:310)
	... 1 more
Caused by: java.lang.IllegalStateException: Null stream: entry=term: 5
index: 177
stateMachineLogEntry {
  type: DATASTREAM
  clientId: "~D9\271\016\322O\373\237\252\360[\337\030\231\345"
  callId: 462
}

	at org.apache.ratis.datastream.DataStreamTestUtils$MultiDataStreamStateMachine.link(DataStreamTestUtils.java:159)
	at org.apache.ratis.server.raftlog.segmented.SegmentedRaftLogWorker$WriteLog.<init>(SegmentedRaftLogWorker.java:491)
	at org.apache.ratis.server.raftlog.segmented.SegmentedRaftLogWorker.writeLogEntry(SegmentedRaftLogWorker.java:437)
	at org.apache.ratis.server.raftlog.segmented.SegmentedRaftLog.appendEntryImpl(SegmentedRaftLog.java:408)
	at org.apache.ratis.server.raftlog.RaftLogBase.lambda$appendEntry$10(RaftLogBase.java:323)
	at org.apache.ratis.server.raftlog.RaftLogSequentialOps$Runner.runSequentially(RaftLogSequentialOps.java:77)
	at org.apache.ratis.server.raftlog.RaftLogBase.appendEntry(RaftLogBase.java:323)
	at org.apache.ratis.server.raftlog.segmented.SegmentedRaftLog.appendImpl(SegmentedRaftLog.java:457)
	at org.apache.ratis.server.raftlog.RaftLogBase.lambda$append$11(RaftLogBase.java:330)
	at org.apache.ratis.server.raftlog.RaftLogSequentialOps$Runner.runSequentially(RaftLogSequentialOps.java:68)
	at org.apache.ratis.server.raftlog.RaftLogBase.append(RaftLogBase.java:330)
	at org.apache.ratis.server.impl.RaftServerImpl.appendEntriesAsync(RaftServerImpl.java:1404)
	at org.apache.ratis.server.impl.RaftServerImpl.appendEntriesAsync(RaftServerImpl.java:1290)
	at org.apache.ratis.server.impl.RaftServerProxy.lambda$null$25(RaftServerProxy.java:622)
	at org.apache.ratis.util.JavaUtils.callAsUnchecked(JavaUtils.java:115)
	at org.apache.ratis.server.impl.RaftServerImpl.lambda$executeSubmitServerRequestAsync$11(RaftServerImpl.java:789)
	at java.util.concurrent.CompletableFuture$AsyncSupply.run(CompletableFuture.java:1604)
	at java.util.concurrent.ThreadPoolExecutor.runWorker(ThreadPoolExecutor.java:1149)
	at java.util.concurrent.ThreadPoolExecutor$Worker.run(ThreadPoolExecutor.java:624)
	... 1 more
2022-07-21 19:40:26,356 [grpc-default-executor-15] WARN  server.GrpcLogAppender (LogUtils.java:warn(124)) - s1@group-3F2F94768D39->s2-AppendLogResponseHandler: Failed appendEntries
org.apache.ratis.server.raftlog.RaftLogIOException: Log already failed at index 177 for task WriteLog:177: (t:5, i:177), STATEMACHINELOGENTRY, StateMachineLogEntryProto:462@client-F05BDF1899E5
	at org.apache.ratis.server.raftlog.segmented.SegmentedRaftLogWorker.run(SegmentedRaftLogWorker.java:322)
	at java.lang.Thread.run(Thread.java:750)
Caused by: java.io.IOException: java.lang.IllegalStateException: Null stream: entry=term: 5
index: 177
stateMachineLogEntry {
  type: DATASTREAM
  clientId: "~D9\271\016\322O\373\237\252\360[\337\030\231\345"
  callId: 462
}

	at org.apache.ratis.util.IOUtils.asIOException(IOUtils.java:56)
	at org.apache.ratis.util.IOUtils.toIOException(IOUtils.java:61)
	at org.apache.ratis.util.IOUtils.getFromFuture(IOUtils.java:85)
	at org.apache.ratis.server.raftlog.segmented.SegmentedRaftLogWorker$StateMachineDataPolicy.getFromFuture(SegmentedRaftLogWorker.java:89)
	at org.apache.ratis.server.raftlog.segmented.SegmentedRaftLogWorker$WriteLog.execute(SegmentedRaftLogWorker.java:534)
	at org.apache.ratis.server.raftlog.segmented.SegmentedRaftLogWorker.run(SegmentedRaftLogWorker.java:310)
	... 1 more
Caused by: java.lang.IllegalStateException: Null stream: entry=term: 5
index: 177
stateMachineLogEntry {
  type: DATASTREAM
  clientId: "~D9\271\016\322O\373\237\252\360[\337\030\231\345"
  callId: 462
}

	at org.apache.ratis.datastream.DataStreamTestUtils$MultiDataStreamStateMachine.link(DataStreamTestUtils.java:159)
	at org.apache.ratis.server.raftlog.segmented.SegmentedRaftLogWorker$WriteLog.<init>(SegmentedRaftLogWorker.java:491)
	at org.apache.ratis.server.raftlog.segmented.SegmentedRaftLogWorker.writeLogEntry(SegmentedRaftLogWorker.java:437)
	at org.apache.ratis.server.raftlog.segmented.SegmentedRaftLog.appendEntryImpl(SegmentedRaftLog.java:408)
	at org.apache.ratis.server.raftlog.RaftLogBase.lambda$appendEntry$10(RaftLogBase.java:323)
	at org.apache.ratis.server.raftlog.RaftLogSequentialOps$Runner.runSequentially(RaftLogSequentialOps.java:77)
	at org.apache.ratis.server.raftlog.RaftLogBase.appendEntry(RaftLogBase.java:323)
	at org.apache.ratis.server.raftlog.segmented.SegmentedRaftLog.appendImpl(SegmentedRaftLog.java:457)
	at org.apache.ratis.server.raftlog.RaftLogBase.lambda$append$11(RaftLogBase.java:330)
	at org.apache.ratis.server.raftlog.RaftLogSequentialOps$Runner.runSequentially(RaftLogSequentialOps.java:68)
	at org.apache.ratis.server.raftlog.RaftLogBase.append(RaftLogBase.java:330)
	at org.apache.ratis.server.impl.RaftServerImpl.appendEntriesAsync(RaftServerImpl.java:1404)
	at org.apache.ratis.server.impl.RaftServerImpl.appendEntriesAsync(RaftServerImpl.java:1290)
	at org.apache.ratis.server.impl.RaftServerProxy.lambda$null$25(RaftServerProxy.java:622)
	at org.apache.ratis.util.JavaUtils.callAsUnchecked(JavaUtils.java:115)
	at org.apache.ratis.server.impl.RaftServerImpl.lambda$executeSubmitServerRequestAsync$11(RaftServerImpl.java:789)
	at java.util.concurrent.CompletableFuture$AsyncSupply.run(CompletableFuture.java:1604)
	at java.util.concurrent.ThreadPoolExecutor.runWorker(ThreadPoolExecutor.java:1149)
	at java.util.concurrent.ThreadPoolExecutor$Worker.run(ThreadPoolExecutor.java:624)
	... 1 more
2022-07-21 19:40:26,360 [grpc-default-executor-15] INFO  leader.FollowerInfo (FollowerInfoImpl.java:lambda$new$0(48)) - s1@group-3F2F94768D39->s2: nextIndex: updateUnconditionally 180 -> 179
2022-07-21 19:40:26,361 [grpc-default-executor-15] WARN  server.GrpcLogAppender (LogUtils.java:warn(124)) - s1@group-3F2F94768D39->s0-AppendLogResponseHandler: Failed appendEntries
org.apache.ratis.server.raftlog.RaftLogIOException: Log already failed at index 177 for task WriteLog:177: (t:5, i:177), STATEMACHINELOGENTRY, StateMachineLogEntryProto:462@client-F05BDF1899E5
	at org.apache.ratis.server.raftlog.segmented.SegmentedRaftLogWorker.run(SegmentedRaftLogWorker.java:322)
	at java.lang.Thread.run(Thread.java:750)
Caused by: java.io.IOException: java.lang.IllegalStateException: Null stream: entry=term: 5
index: 177
stateMachineLogEntry {
  type: DATASTREAM
  clientId: "~D9\271\016\322O\373\237\252\360[\337\030\231\345"
  callId: 462
}

	at org.apache.ratis.util.IOUtils.asIOException(IOUtils.java:56)
	at org.apache.ratis.util.IOUtils.toIOException(IOUtils.java:61)
	at org.apache.ratis.util.IOUtils.getFromFuture(IOUtils.java:85)
	at org.apache.ratis.server.raftlog.segmented.SegmentedRaftLogWorker$StateMachineDataPolicy.getFromFuture(SegmentedRaftLogWorker.java:89)
	at org.apache.ratis.server.raftlog.segmented.SegmentedRaftLogWorker$WriteLog.execute(SegmentedRaftLogWorker.java:534)
	at org.apache.ratis.server.raftlog.segmented.SegmentedRaftLogWorker.run(SegmentedRaftLogWorker.java:310)
	... 1 more
Caused by: java.lang.IllegalStateException: Null stream: entry=term: 5
index: 177
stateMachineLogEntry {
  type: DATASTREAM
  clientId: "~D9\271\016\322O\373\237\252\360[\337\030\231\345"
  callId: 462
}

	at org.apache.ratis.datastream.DataStreamTestUtils$MultiDataStreamStateMachine.link(DataStreamTestUtils.java:159)
	at org.apache.ratis.server.raftlog.segmented.SegmentedRaftLogWorker$WriteLog.<init>(SegmentedRaftLogWorker.java:491)
	at org.apache.ratis.server.raftlog.segmented.SegmentedRaftLogWorker.writeLogEntry(SegmentedRaftLogWorker.java:437)
	at org.apache.ratis.server.raftlog.segmented.SegmentedRaftLog.appendEntryImpl(SegmentedRaftLog.java:408)
	at org.apache.ratis.server.raftlog.RaftLogBase.lambda$appendEntry$10(RaftLogBase.java:323)
	at org.apache.ratis.server.raftlog.RaftLogSequentialOps$Runner.runSequentially(RaftLogSequentialOps.java:77)
	at org.apache.ratis.server.raftlog.RaftLogBase.appendEntry(RaftLogBase.java:323)
	at org.apache.ratis.server.raftlog.segmented.SegmentedRaftLog.appendImpl(SegmentedRaftLog.java:457)
	at org.apache.ratis.server.raftlog.RaftLogBase.lambda$append$11(RaftLogBase.java:330)
	at org.apache.ratis.server.raftlog.RaftLogSequentialOps$Runner.runSequentially(RaftLogSequentialOps.java:68)
	at org.apache.ratis.server.raftlog.RaftLogBase.append(RaftLogBase.java:330)
	at org.apache.ratis.server.impl.RaftServerImpl.appendEntriesAsync(RaftServerImpl.java:1404)
	at org.apache.ratis.server.impl.RaftServerImpl.appendEntriesAsync(RaftServerImpl.java:1290)
	at org.apache.ratis.server.impl.RaftServerProxy.lambda$null$25(RaftServerProxy.java:622)
	at org.apache.ratis.util.JavaUtils.callAsUnchecked(JavaUtils.java:115)
	at org.apache.ratis.server.impl.RaftServerImpl.lambda$executeSubmitServerRequestAsync$11(RaftServerImpl.java:789)
	at java.util.concurrent.CompletableFuture$AsyncSupply.run(CompletableFuture.java:1604)
	at java.util.concurrent.ThreadPoolExecutor.runWorker(ThreadPoolExecutor.java:1149)
	at java.util.concurrent.ThreadPoolExecutor$Worker.run(ThreadPoolExecutor.java:624)
	... 1 more
2022-07-21 19:40:26,371 [grpc-default-executor-15] INFO  leader.FollowerInfo (FollowerInfoImpl.java:lambda$new$0(48)) - s1@group-3F2F94768D39->s0: nextIndex: updateUnconditionally 180 -> 179
2022-07-21 19:40:31,276 [Timer-2] INFO  impl.MiniRaftCluster (MiniRaftCluster.java:lambda$null$5(315)) - TIMED-PRINT: printing ALL groups
  s0:  RUNNING  FOLLOWER s0@group-3F2F94768D39:t5, leader=s1, voted=s1, raftlog=Memoized:s0@group-3F2F94768D39-SegmentedRaftLog:OPENED:c176, conf=175: peers:[s0|rpc:localhost:41459|admin:localhost:39355|client:localhost:35515|dataStream:localhost:32957|priority:0|startupRole:FOLLOWER, s1|rpc:localhost:42501|admin:localhost:40929|client:localhost:40437|dataStream:localhost:34203|priority:0|startupRole:FOLLOWER, s2|rpc:localhost:35871|admin:localhost:34483|client:localhost:43959|dataStream:localhost:39743|priority:0|startupRole:FOLLOWER]|listeners:[], old=null RUNNING
  s1:  RUNNING    LEADER s1@group-3F2F94768D39:t5, leader=s1, voted=s1, raftlog=Memoized:s1@group-3F2F94768D39-SegmentedRaftLog:OPENED:c176, conf=175: peers:[s0|rpc:localhost:41459|admin:localhost:39355|client:localhost:35515|dataStream:localhost:32957|priority:0|startupRole:FOLLOWER, s1|rpc:localhost:42501|admin:localhost:40929|client:localhost:40437|dataStream:localhost:34203|priority:0|startupRole:FOLLOWER, s2|rpc:localhost:35871|admin:localhost:34483|client:localhost:43959|dataStream:localhost:39743|priority:0|startupRole:FOLLOWER]|listeners:[], old=null RUNNING
  s2:  RUNNING  FOLLOWER s2@group-3F2F94768D39:t5, leader=s1, voted=s1, raftlog=Memoized:s2@group-3F2F94768D39-SegmentedRaftLog:OPENED:c176, conf=175: peers:[s0|rpc:localhost:41459|admin:localhost:39355|client:localhost:35515|dataStream:localhost:32957|priority:0|startupRole:FOLLOWER, s1|rpc:localhost:42501|admin:localhost:40929|client:localhost:40437|dataStream:localhost:34203|priority:0|startupRole:FOLLOWER, s2|rpc:localhost:35871|admin:localhost:34483|client:localhost:43959|dataStream:localhost:39743|priority:0|startupRole:FOLLOWER]|listeners:[], old=null RUNNING
2022-07-21 19:40:32,333 [java.util.concurrent.ThreadPoolExecutor$Worker@4c8fb432[State = -1, empty queue]] WARN  grpc.GrpcUtil (GrpcUtil.java:shutdownManagedChannel(216)) - Timed out gracefully shutting down connection: ManagedChannelOrphanWrapper{delegate=ManagedChannelImpl{logId=795, target=localhost:40437}}. 
2022-07-21 19:40:38,469 [java.util.concurrent.ThreadPoolExecutor$Worker@56d0a091[State = -1, empty queue]] WARN  grpc.GrpcUtil (GrpcUtil.java:shutdownManagedChannel(216)) - Timed out gracefully shutting down connection: ManagedChannelOrphanWrapper{delegate=ManagedChannelImpl{logId=809, target=localhost:40437}}. 
2022-07-21 19:40:41,276 [Timer-2] INFO  impl.MiniRaftCluster (MiniRaftCluster.java:lambda$null$5(315)) - TIMED-PRINT: printing ALL groups
  s0:  RUNNING  FOLLOWER s0@group-3F2F94768D39:t5, leader=s1, voted=s1, raftlog=Memoized:s0@group-3F2F94768D39-SegmentedRaftLog:OPENED:c176, conf=175: peers:[s0|rpc:localhost:41459|admin:localhost:39355|client:localhost:35515|dataStream:localhost:32957|priority:0|startupRole:FOLLOWER, s1|rpc:localhost:42501|admin:localhost:40929|client:localhost:40437|dataStream:localhost:34203|priority:0|startupRole:FOLLOWER, s2|rpc:localhost:35871|admin:localhost:34483|client:localhost:43959|dataStream:localhost:39743|priority:0|startupRole:FOLLOWER]|listeners:[], old=null RUNNING
  s1:  RUNNING    LEADER s1@group-3F2F94768D39:t5, leader=s1, voted=s1, raftlog=Memoized:s1@group-3F2F94768D39-SegmentedRaftLog:OPENED:c176, conf=175: peers:[s0|rpc:localhost:41459|admin:localhost:39355|client:localhost:35515|dataStream:localhost:32957|priority:0|startupRole:FOLLOWER, s1|rpc:localhost:42501|admin:localhost:40929|client:localhost:40437|dataStream:localhost:34203|priority:0|startupRole:FOLLOWER, s2|rpc:localhost:35871|admin:localhost:34483|client:localhost:43959|dataStream:localhost:39743|priority:0|startupRole:FOLLOWER]|listeners:[], old=null RUNNING
  s2:  RUNNING  FOLLOWER s2@group-3F2F94768D39:t5, leader=s1, voted=s1, raftlog=Memoized:s2@group-3F2F94768D39-SegmentedRaftLog:OPENED:c176, conf=175: peers:[s0|rpc:localhost:41459|admin:localhost:39355|client:localhost:35515|dataStream:localhost:32957|priority:0|startupRole:FOLLOWER, s1|rpc:localhost:42501|admin:localhost:40929|client:localhost:40437|dataStream:localhost:34203|priority:0|startupRole:FOLLOWER, s2|rpc:localhost:35871|admin:localhost:34483|client:localhost:43959|dataStream:localhost:39743|priority:0|startupRole:FOLLOWER]|listeners:[], old=null RUNNING
2022-07-21 19:40:44,591 [java.util.concurrent.ThreadPoolExecutor$Worker@74f31fb3[State = -1, empty queue]] WARN  grpc.GrpcUtil (GrpcUtil.java:shutdownManagedChannel(216)) - Timed out gracefully shutting down connection: ManagedChannelOrphanWrapper{delegate=ManagedChannelImpl{logId=823, target=localhost:40437}}. 
2022-07-21 19:40:50,729 [java.util.concurrent.ThreadPoolExecutor$Worker@10921889[State = -1, empty queue]] WARN  grpc.GrpcUtil (GrpcUtil.java:shutdownManagedChannel(216)) - Timed out gracefully shutting down connection: ManagedChannelOrphanWrapper{delegate=ManagedChannelImpl{logId=837, target=localhost:40437}}. 
2022-07-21 19:40:51,276 [Timer-2] INFO  impl.MiniRaftCluster (MiniRaftCluster.java:lambda$null$5(315)) - TIMED-PRINT: printing ALL groups
  s0:  RUNNING  FOLLOWER s0@group-3F2F94768D39:t5, leader=s1, voted=s1, raftlog=Memoized:s0@group-3F2F94768D39-SegmentedRaftLog:OPENED:c176, conf=175: peers:[s0|rpc:localhost:41459|admin:localhost:39355|client:localhost:35515|dataStream:localhost:32957|priority:0|startupRole:FOLLOWER, s1|rpc:localhost:42501|admin:localhost:40929|client:localhost:40437|dataStream:localhost:34203|priority:0|startupRole:FOLLOWER, s2|rpc:localhost:35871|admin:localhost:34483|client:localhost:43959|dataStream:localhost:39743|priority:0|startupRole:FOLLOWER]|listeners:[], old=null RUNNING
  s1:  RUNNING    LEADER s1@group-3F2F94768D39:t5, leader=s1, voted=s1, raftlog=Memoized:s1@group-3F2F94768D39-SegmentedRaftLog:OPENED:c176, conf=175: peers:[s0|rpc:localhost:41459|admin:localhost:39355|client:localhost:35515|dataStream:localhost:32957|priority:0|startupRole:FOLLOWER, s1|rpc:localhost:42501|admin:localhost:40929|client:localhost:40437|dataStream:localhost:34203|priority:0|startupRole:FOLLOWER, s2|rpc:localhost:35871|admin:localhost:34483|client:localhost:43959|dataStream:localhost:39743|priority:0|startupRole:FOLLOWER]|listeners:[], old=null RUNNING
  s2:  RUNNING  FOLLOWER s2@group-3F2F94768D39:t5, leader=s1, voted=s1, raftlog=Memoized:s2@group-3F2F94768D39-SegmentedRaftLog:OPENED:c176, conf=175: peers:[s0|rpc:localhost:41459|admin:localhost:39355|client:localhost:35515|dataStream:localhost:32957|priority:0|startupRole:FOLLOWER, s1|rpc:localhost:42501|admin:localhost:40929|client:localhost:40437|dataStream:localhost:34203|priority:0|startupRole:FOLLOWER, s2|rpc:localhost:35871|admin:localhost:34483|client:localhost:43959|dataStream:localhost:39743|priority:0|startupRole:FOLLOWER]|listeners:[], old=null RUNNING
2022-07-21 19:40:56,851 [java.util.concurrent.ThreadPoolExecutor$Worker@7c2e3ba2[State = -1, empty queue]] WARN  grpc.GrpcUtil (GrpcUtil.java:shutdownManagedChannel(216)) - Timed out gracefully shutting down connection: ManagedChannelOrphanWrapper{delegate=ManagedChannelImpl{logId=851, target=localhost:40437}}. 
2022-07-21 19:41:01,277 [Timer-2] INFO  impl.MiniRaftCluster (MiniRaftCluster.java:lambda$null$5(315)) - TIMED-PRINT: printing ALL groups
  s0:  RUNNING  FOLLOWER s0@group-3F2F94768D39:t5, leader=s1, voted=s1, raftlog=Memoized:s0@group-3F2F94768D39-SegmentedRaftLog:OPENED:c176, conf=175: peers:[s0|rpc:localhost:41459|admin:localhost:39355|client:localhost:35515|dataStream:localhost:32957|priority:0|startupRole:FOLLOWER, s1|rpc:localhost:42501|admin:localhost:40929|client:localhost:40437|dataStream:localhost:34203|priority:0|startupRole:FOLLOWER, s2|rpc:localhost:35871|admin:localhost:34483|client:localhost:43959|dataStream:localhost:39743|priority:0|startupRole:FOLLOWER]|listeners:[], old=null RUNNING
  s1:  RUNNING    LEADER s1@group-3F2F94768D39:t5, leader=s1, voted=s1, raftlog=Memoized:s1@group-3F2F94768D39-SegmentedRaftLog:OPENED:c176, conf=175: peers:[s0|rpc:localhost:41459|admin:localhost:39355|client:localhost:35515|dataStream:localhost:32957|priority:0|startupRole:FOLLOWER, s1|rpc:localhost:42501|admin:localhost:40929|client:localhost:40437|dataStream:localhost:34203|priority:0|startupRole:FOLLOWER, s2|rpc:localhost:35871|admin:localhost:34483|client:localhost:43959|dataStream:localhost:39743|priority:0|startupRole:FOLLOWER]|listeners:[], old=null RUNNING
  s2:  RUNNING  FOLLOWER s2@group-3F2F94768D39:t5, leader=s1, voted=s1, raftlog=Memoized:s2@group-3F2F94768D39-SegmentedRaftLog:OPENED:c176, conf=175: peers:[s0|rpc:localhost:41459|admin:localhost:39355|client:localhost:35515|dataStream:localhost:32957|priority:0|startupRole:FOLLOWER, s1|rpc:localhost:42501|admin:localhost:40929|client:localhost:40437|dataStream:localhost:34203|priority:0|startupRole:FOLLOWER, s2|rpc:localhost:35871|admin:localhost:34483|client:localhost:43959|dataStream:localhost:39743|priority:0|startupRole:FOLLOWER]|listeners:[], old=null RUNNING
2022-07-21 19:41:02,970 [java.util.concurrent.ThreadPoolExecutor$Worker@1cfb5fda[State = -1, empty queue]] WARN  grpc.GrpcUtil (GrpcUtil.java:shutdownManagedChannel(216)) - Timed out gracefully shutting down connection: ManagedChannelOrphanWrapper{delegate=ManagedChannelImpl{logId=865, target=localhost:40437}}. 
2022-07-21 19:41:09,097 [java.util.concurrent.ThreadPoolExecutor$Worker@f1e7ed4[State = -1, empty queue]] WARN  grpc.GrpcUtil (GrpcUtil.java:shutdownManagedChannel(216)) - Timed out gracefully shutting down connection: ManagedChannelOrphanWrapper{delegate=ManagedChannelImpl{logId=879, target=localhost:40437}}. 
2022-07-21 19:41:11,276 [Timer-2] INFO  impl.MiniRaftCluster (MiniRaftCluster.java:lambda$null$5(315)) - TIMED-PRINT: printing ALL groups
  s0:  RUNNING  FOLLOWER s0@group-3F2F94768D39:t5, leader=s1, voted=s1, raftlog=Memoized:s0@group-3F2F94768D39-SegmentedRaftLog:OPENED:c176, conf=175: peers:[s0|rpc:localhost:41459|admin:localhost:39355|client:localhost:35515|dataStream:localhost:32957|priority:0|startupRole:FOLLOWER, s1|rpc:localhost:42501|admin:localhost:40929|client:localhost:40437|dataStream:localhost:34203|priority:0|startupRole:FOLLOWER, s2|rpc:localhost:35871|admin:localhost:34483|client:localhost:43959|dataStream:localhost:39743|priority:0|startupRole:FOLLOWER]|listeners:[], old=null RUNNING
  s1:  RUNNING    LEADER s1@group-3F2F94768D39:t5, leader=s1, voted=s1, raftlog=Memoized:s1@group-3F2F94768D39-SegmentedRaftLog:OPENED:c176, conf=175: peers:[s0|rpc:localhost:41459|admin:localhost:39355|client:localhost:35515|dataStream:localhost:32957|priority:0|startupRole:FOLLOWER, s1|rpc:localhost:42501|admin:localhost:40929|client:localhost:40437|dataStream:localhost:34203|priority:0|startupRole:FOLLOWER, s2|rpc:localhost:35871|admin:localhost:34483|client:localhost:43959|dataStream:localhost:39743|priority:0|startupRole:FOLLOWER]|listeners:[], old=null RUNNING
  s2:  RUNNING  FOLLOWER s2@group-3F2F94768D39:t5, leader=s1, voted=s1, raftlog=Memoized:s2@group-3F2F94768D39-SegmentedRaftLog:OPENED:c176, conf=175: peers:[s0|rpc:localhost:41459|admin:localhost:39355|client:localhost:35515|dataStream:localhost:32957|priority:0|startupRole:FOLLOWER, s1|rpc:localhost:42501|admin:localhost:40929|client:localhost:40437|dataStream:localhost:34203|priority:0|startupRole:FOLLOWER, s2|rpc:localhost:35871|admin:localhost:34483|client:localhost:43959|dataStream:localhost:39743|priority:0|startupRole:FOLLOWER]|listeners:[], old=null RUNNING
2022-07-21 19:41:15,225 [java.util.concurrent.ThreadPoolExecutor$Worker@29e1d186[State = -1, empty queue]] WARN  grpc.GrpcUtil (GrpcUtil.java:shutdownManagedChannel(216)) - Timed out gracefully shutting down connection: ManagedChannelOrphanWrapper{delegate=ManagedChannelImpl{logId=893, target=localhost:40437}}. 
2022-07-21 19:41:21,277 [Timer-2] INFO  impl.MiniRaftCluster (MiniRaftCluster.java:lambda$null$5(315)) - TIMED-PRINT: printing ALL groups
  s0:  RUNNING  FOLLOWER s0@group-3F2F94768D39:t5, leader=s1, voted=s1, raftlog=Memoized:s0@group-3F2F94768D39-SegmentedRaftLog:OPENED:c176, conf=175: peers:[s0|rpc:localhost:41459|admin:localhost:39355|client:localhost:35515|dataStream:localhost:32957|priority:0|startupRole:FOLLOWER, s1|rpc:localhost:42501|admin:localhost:40929|client:localhost:40437|dataStream:localhost:34203|priority:0|startupRole:FOLLOWER, s2|rpc:localhost:35871|admin:localhost:34483|client:localhost:43959|dataStream:localhost:39743|priority:0|startupRole:FOLLOWER]|listeners:[], old=null RUNNING
  s1:  RUNNING    LEADER s1@group-3F2F94768D39:t5, leader=s1, voted=s1, raftlog=Memoized:s1@group-3F2F94768D39-SegmentedRaftLog:OPENED:c176, conf=175: peers:[s0|rpc:localhost:41459|admin:localhost:39355|client:localhost:35515|dataStream:localhost:32957|priority:0|startupRole:FOLLOWER, s1|rpc:localhost:42501|admin:localhost:40929|client:localhost:40437|dataStream:localhost:34203|priority:0|startupRole:FOLLOWER, s2|rpc:localhost:35871|admin:localhost:34483|client:localhost:43959|dataStream:localhost:39743|priority:0|startupRole:FOLLOWER]|listeners:[], old=null RUNNING
  s2:  RUNNING  FOLLOWER s2@group-3F2F94768D39:t5, leader=s1, voted=s1, raftlog=Memoized:s2@group-3F2F94768D39-SegmentedRaftLog:OPENED:c176, conf=175: peers:[s0|rpc:localhost:41459|admin:localhost:39355|client:localhost:35515|dataStream:localhost:32957|priority:0|startupRole:FOLLOWER, s1|rpc:localhost:42501|admin:localhost:40929|client:localhost:40437|dataStream:localhost:34203|priority:0|startupRole:FOLLOWER, s2|rpc:localhost:35871|admin:localhost:34483|client:localhost:43959|dataStream:localhost:39743|priority:0|startupRole:FOLLOWER]|listeners:[], old=null RUNNING
2022-07-21 19:41:21,352 [java.util.concurrent.ThreadPoolExecutor$Worker@7049ff45[State = -1, empty queue]] WARN  grpc.GrpcUtil (GrpcUtil.java:shutdownManagedChannel(216)) - Timed out gracefully shutting down connection: ManagedChannelOrphanWrapper{delegate=ManagedChannelImpl{logId=907, target=localhost:40437}}. 
2022-07-21 19:41:27,477 [java.util.concurrent.ThreadPoolExecutor$Worker@100d3729[State = -1, empty queue]] WARN  grpc.GrpcUtil (GrpcUtil.java:shutdownManagedChannel(216)) - Timed out gracefully shutting down connection: ManagedChannelOrphanWrapper{delegate=ManagedChannelImpl{logId=921, target=localhost:40437}}. 
2022-07-21 19:41:27,606 [s1-client-thread1] INFO  statemachine.StateMachine (DataStreamTestUtils.java:link(157)) - link null
2022-07-21 19:41:27,607 [s2-server-thread4] INFO  statemachine.StateMachine (DataStreamTestUtils.java:link(157)) - link null
2022-07-21 19:41:27,608 [s0-server-thread2] INFO  statemachine.StateMachine (DataStreamTestUtils.java:link(157)) - link null
2022-07-21 19:41:27,610 [Thread-8582] WARN  server.GrpcServerProtocolService (LogUtils.java:warn(124)) - s2: Failed APPEND_ENTRIES request s1->s2#2404-t5,previous=(t:5, i:179),leaderCommit=176,initializing? true,entries: size=1, first=(t:5, i:180), STATEMACHINELOGENTRY, 462@client-F05BDF1899E5
java.util.concurrent.CompletionException: org.apache.ratis.server.raftlog.RaftLogIOException: Log already failed at index 177 for task WriteLog:177: (t:5, i:177), STATEMACHINELOGENTRY, StateMachineLogEntryProto:462@client-F05BDF1899E5
	at java.util.concurrent.CompletableFuture.encodeThrowable(CompletableFuture.java:292)
	at java.util.concurrent.CompletableFuture.completeThrowable(CompletableFuture.java:308)
	at java.util.concurrent.CompletableFuture.biRelay(CompletableFuture.java:1298)
	at java.util.concurrent.CompletableFuture$BiRelay.tryFire(CompletableFuture.java:1284)
	at java.util.concurrent.CompletableFuture.postComplete(CompletableFuture.java:488)
	at java.util.concurrent.CompletableFuture.completeExceptionally(CompletableFuture.java:1990)
	at org.apache.ratis.server.raftlog.segmented.SegmentedRaftLog$Task.failed(SegmentedRaftLog.java:104)
	at org.apache.ratis.server.raftlog.segmented.SegmentedRaftLogWorker$WriteLog.failed(SegmentedRaftLogWorker.java:513)
	at org.apache.ratis.server.raftlog.segmented.SegmentedRaftLogWorker.run(SegmentedRaftLogWorker.java:319)
	at java.lang.Thread.run(Thread.java:750)
Caused by: org.apache.ratis.server.raftlog.RaftLogIOException: Log already failed at index 177 for task WriteLog:177: (t:5, i:177), STATEMACHINELOGENTRY, StateMachineLogEntryProto:462@client-F05BDF1899E5
	at org.apache.ratis.server.raftlog.segmented.SegmentedRaftLogWorker.run(SegmentedRaftLogWorker.java:322)
	... 1 more
Caused by: java.io.IOException: java.lang.IllegalStateException: Null stream: entry=term: 5
index: 177
stateMachineLogEntry {
  type: DATASTREAM
  clientId: "~D9\271\016\322O\373\237\252\360[\337\030\231\345"
  callId: 462
}

	at org.apache.ratis.util.IOUtils.asIOException(IOUtils.java:56)
	at org.apache.ratis.util.IOUtils.toIOException(IOUtils.java:61)
	at org.apache.ratis.util.IOUtils.getFromFuture(IOUtils.java:85)
	at org.apache.ratis.server.raftlog.segmented.SegmentedRaftLogWorker$StateMachineDataPolicy.getFromFuture(SegmentedRaftLogWorker.java:89)
	at org.apache.ratis.server.raftlog.segmented.SegmentedRaftLogWorker$WriteLog.execute(SegmentedRaftLogWorker.java:534)
	at org.apache.ratis.server.raftlog.segmented.SegmentedRaftLogWorker.run(SegmentedRaftLogWorker.java:310)
	... 1 more
Caused by: java.lang.IllegalStateException: Null stream: entry=term: 5
index: 177
stateMachineLogEntry {
  type: DATASTREAM
  clientId: "~D9\271\016\322O\373\237\252\360[\337\030\231\345"
  callId: 462
}

	at org.apache.ratis.datastream.DataStreamTestUtils$MultiDataStreamStateMachine.link(DataStreamTestUtils.java:159)
	at org.apache.ratis.server.raftlog.segmented.SegmentedRaftLogWorker$WriteLog.<init>(SegmentedRaftLogWorker.java:491)
	at org.apache.ratis.server.raftlog.segmented.SegmentedRaftLogWorker.writeLogEntry(SegmentedRaftLogWorker.java:437)
	at org.apache.ratis.server.raftlog.segmented.SegmentedRaftLog.appendEntryImpl(SegmentedRaftLog.java:408)
	at org.apache.ratis.server.raftlog.RaftLogBase.lambda$appendEntry$10(RaftLogBase.java:323)
	at org.apache.ratis.server.raftlog.RaftLogSequentialOps$Runner.runSequentially(RaftLogSequentialOps.java:77)
	at org.apache.ratis.server.raftlog.RaftLogBase.appendEntry(RaftLogBase.java:323)
	at org.apache.ratis.server.raftlog.segmented.SegmentedRaftLog.appendImpl(SegmentedRaftLog.java:457)
	at org.apache.ratis.server.raftlog.RaftLogBase.lambda$append$11(RaftLogBase.java:330)
	at org.apache.ratis.server.raftlog.RaftLogSequentialOps$Runner.runSequentially(RaftLogSequentialOps.java:68)
	at org.apache.ratis.server.raftlog.RaftLogBase.append(RaftLogBase.java:330)
	at org.apache.ratis.server.impl.RaftServerImpl.appendEntriesAsync(RaftServerImpl.java:1404)
	at org.apache.ratis.server.impl.RaftServerImpl.appendEntriesAsync(RaftServerImpl.java:1290)
	at org.apache.ratis.server.impl.RaftServerProxy.lambda$null$25(RaftServerProxy.java:622)
	at org.apache.ratis.util.JavaUtils.callAsUnchecked(JavaUtils.java:115)
	at org.apache.ratis.server.impl.RaftServerImpl.lambda$executeSubmitServerRequestAsync$11(RaftServerImpl.java:789)
	at java.util.concurrent.CompletableFuture$AsyncSupply.run(CompletableFuture.java:1604)
	at java.util.concurrent.ThreadPoolExecutor.runWorker(ThreadPoolExecutor.java:1149)
	at java.util.concurrent.ThreadPoolExecutor$Worker.run(ThreadPoolExecutor.java:624)
	... 1 more
2022-07-21 19:41:27,611 [Thread-8583] WARN  server.GrpcServerProtocolService (LogUtils.java:warn(124)) - s0: Failed APPEND_ENTRIES request s1->s0#2404-t5,previous=(t:5, i:179),leaderCommit=176,initializing? true,entries: size=1, first=(t:5, i:180), STATEMACHINELOGENTRY, 462@client-F05BDF1899E5
java.util.concurrent.CompletionException: org.apache.ratis.server.raftlog.RaftLogIOException: Log already failed at index 177 for task WriteLog:177: (t:5, i:177), STATEMACHINELOGENTRY, StateMachineLogEntryProto:462@client-F05BDF1899E5
	at java.util.concurrent.CompletableFuture.encodeThrowable(CompletableFuture.java:292)
	at java.util.concurrent.CompletableFuture.completeThrowable(CompletableFuture.java:308)
	at java.util.concurrent.CompletableFuture.biRelay(CompletableFuture.java:1298)
	at java.util.concurrent.CompletableFuture$BiRelay.tryFire(CompletableFuture.java:1284)
	at java.util.concurrent.CompletableFuture.postComplete(CompletableFuture.java:488)
	at java.util.concurrent.CompletableFuture.completeExceptionally(CompletableFuture.java:1990)
	at org.apache.ratis.server.raftlog.segmented.SegmentedRaftLog$Task.failed(SegmentedRaftLog.java:104)
	at org.apache.ratis.server.raftlog.segmented.SegmentedRaftLogWorker$WriteLog.failed(SegmentedRaftLogWorker.java:513)
	at org.apache.ratis.server.raftlog.segmented.SegmentedRaftLogWorker.run(SegmentedRaftLogWorker.java:319)
	at java.lang.Thread.run(Thread.java:750)
Caused by: org.apache.ratis.server.raftlog.RaftLogIOException: Log already failed at index 177 for task WriteLog:177: (t:5, i:177), STATEMACHINELOGENTRY, StateMachineLogEntryProto:462@client-F05BDF1899E5
	at org.apache.ratis.server.raftlog.segmented.SegmentedRaftLogWorker.run(SegmentedRaftLogWorker.java:322)
	... 1 more
Caused by: java.io.IOException: java.lang.IllegalStateException: Null stream: entry=term: 5
index: 177
stateMachineLogEntry {
  type: DATASTREAM
  clientId: "~D9\271\016\322O\373\237\252\360[\337\030\231\345"
  callId: 462
}

	at org.apache.ratis.util.IOUtils.asIOException(IOUtils.java:56)
	at org.apache.ratis.util.IOUtils.toIOException(IOUtils.java:61)
	at org.apache.ratis.util.IOUtils.getFromFuture(IOUtils.java:85)
	at org.apache.ratis.server.raftlog.segmented.SegmentedRaftLogWorker$StateMachineDataPolicy.getFromFuture(SegmentedRaftLogWorker.java:89)
	at org.apache.ratis.server.raftlog.segmented.SegmentedRaftLogWorker$WriteLog.execute(SegmentedRaftLogWorker.java:534)
	at org.apache.ratis.server.raftlog.segmented.SegmentedRaftLogWorker.run(SegmentedRaftLogWorker.java:310)
	... 1 more
Caused by: java.lang.IllegalStateException: Null stream: entry=term: 5
index: 177
stateMachineLogEntry {
  type: DATASTREAM
  clientId: "~D9\271\016\322O\373\237\252\360[\337\030\231\345"
  callId: 462
}

	at org.apache.ratis.datastream.DataStreamTestUtils$MultiDataStreamStateMachine.link(DataStreamTestUtils.java:159)
	at org.apache.ratis.server.raftlog.segmented.SegmentedRaftLogWorker$WriteLog.<init>(SegmentedRaftLogWorker.java:491)
	at org.apache.ratis.server.raftlog.segmented.SegmentedRaftLogWorker.writeLogEntry(SegmentedRaftLogWorker.java:437)
	at org.apache.ratis.server.raftlog.segmented.SegmentedRaftLog.appendEntryImpl(SegmentedRaftLog.java:408)
	at org.apache.ratis.server.raftlog.RaftLogBase.lambda$appendEntry$10(RaftLogBase.java:323)
	at org.apache.ratis.server.raftlog.RaftLogSequentialOps$Runner.runSequentially(RaftLogSequentialOps.java:77)
	at org.apache.ratis.server.raftlog.RaftLogBase.appendEntry(RaftLogBase.java:323)
	at org.apache.ratis.server.raftlog.segmented.SegmentedRaftLog.appendImpl(SegmentedRaftLog.java:457)
	at org.apache.ratis.server.raftlog.RaftLogBase.lambda$append$11(RaftLogBase.java:330)
	at org.apache.ratis.server.raftlog.RaftLogSequentialOps$Runner.runSequentially(RaftLogSequentialOps.java:68)
	at org.apache.ratis.server.raftlog.RaftLogBase.append(RaftLogBase.java:330)
	at org.apache.ratis.server.impl.RaftServerImpl.appendEntriesAsync(RaftServerImpl.java:1404)
	at org.apache.ratis.server.impl.RaftServerImpl.appendEntriesAsync(RaftServerImpl.java:1290)
	at org.apache.ratis.server.impl.RaftServerProxy.lambda$null$25(RaftServerProxy.java:622)
	at org.apache.ratis.util.JavaUtils.callAsUnchecked(JavaUtils.java:115)
	at org.apache.ratis.server.impl.RaftServerImpl.lambda$executeSubmitServerRequestAsync$11(RaftServerImpl.java:789)
	at java.util.concurrent.CompletableFuture$AsyncSupply.run(CompletableFuture.java:1604)
	at java.util.concurrent.ThreadPoolExecutor.runWorker(ThreadPoolExecutor.java:1149)
	at java.util.concurrent.ThreadPoolExecutor$Worker.run(ThreadPoolExecutor.java:624)
	... 1 more
2022-07-21 19:41:27,618 [grpc-default-executor-13] WARN  server.GrpcLogAppender (LogUtils.java:warn(124)) - s1@group-3F2F94768D39->s2-AppendLogResponseHandler: Failed appendEntries
org.apache.ratis.server.raftlog.RaftLogIOException: Log already failed at index 177 for task WriteLog:177: (t:5, i:177), STATEMACHINELOGENTRY, StateMachineLogEntryProto:462@client-F05BDF1899E5
	at org.apache.ratis.server.raftlog.segmented.SegmentedRaftLogWorker.run(SegmentedRaftLogWorker.java:322)
	at java.lang.Thread.run(Thread.java:750)
Caused by: java.io.IOException: java.lang.IllegalStateException: Null stream: entry=term: 5
index: 177
stateMachineLogEntry {
  type: DATASTREAM
  clientId: "~D9\271\016\322O\373\237\252\360[\337\030\231\345"
  callId: 462
}

	at org.apache.ratis.util.IOUtils.asIOException(IOUtils.java:56)
	at org.apache.ratis.util.IOUtils.toIOException(IOUtils.java:61)
	at org.apache.ratis.util.IOUtils.getFromFuture(IOUtils.java:85)
	at org.apache.ratis.server.raftlog.segmented.SegmentedRaftLogWorker$StateMachineDataPolicy.getFromFuture(SegmentedRaftLogWorker.java:89)
	at org.apache.ratis.server.raftlog.segmented.SegmentedRaftLogWorker$WriteLog.execute(SegmentedRaftLogWorker.java:534)
	at org.apache.ratis.server.raftlog.segmented.SegmentedRaftLogWorker.run(SegmentedRaftLogWorker.java:310)
	... 1 more
Caused by: java.lang.IllegalStateException: Null stream: entry=term: 5
index: 177
stateMachineLogEntry {
  type: DATASTREAM
  clientId: "~D9\271\016\322O\373\237\252\360[\337\030\231\345"
  callId: 462
}

	at org.apache.ratis.datastream.DataStreamTestUtils$MultiDataStreamStateMachine.link(DataStreamTestUtils.java:159)
	at org.apache.ratis.server.raftlog.segmented.SegmentedRaftLogWorker$WriteLog.<init>(SegmentedRaftLogWorker.java:491)
	at org.apache.ratis.server.raftlog.segmented.SegmentedRaftLogWorker.writeLogEntry(SegmentedRaftLogWorker.java:437)
	at org.apache.ratis.server.raftlog.segmented.SegmentedRaftLog.appendEntryImpl(SegmentedRaftLog.java:408)
	at org.apache.ratis.server.raftlog.RaftLogBase.lambda$appendEntry$10(RaftLogBase.java:323)
	at org.apache.ratis.server.raftlog.RaftLogSequentialOps$Runner.runSequentially(RaftLogSequentialOps.java:77)
	at org.apache.ratis.server.raftlog.RaftLogBase.appendEntry(RaftLogBase.java:323)
	at org.apache.ratis.server.raftlog.segmented.SegmentedRaftLog.appendImpl(SegmentedRaftLog.java:457)
	at org.apache.ratis.server.raftlog.RaftLogBase.lambda$append$11(RaftLogBase.java:330)
	at org.apache.ratis.server.raftlog.RaftLogSequentialOps$Runner.runSequentially(RaftLogSequentialOps.java:68)
	at org.apache.ratis.server.raftlog.RaftLogBase.append(RaftLogBase.java:330)
	at org.apache.ratis.server.impl.RaftServerImpl.appendEntriesAsync(RaftServerImpl.java:1404)
	at org.apache.ratis.server.impl.RaftServerImpl.appendEntriesAsync(RaftServerImpl.java:1290)
	at org.apache.ratis.server.impl.RaftServerProxy.lambda$null$25(RaftServerProxy.java:622)
	at org.apache.ratis.util.JavaUtils.callAsUnchecked(JavaUtils.java:115)
	at org.apache.ratis.server.impl.RaftServerImpl.lambda$executeSubmitServerRequestAsync$11(RaftServerImpl.java:789)
	at java.util.concurrent.CompletableFuture$AsyncSupply.run(CompletableFuture.java:1604)
	at java.util.concurrent.ThreadPoolExecutor.runWorker(ThreadPoolExecutor.java:1149)
	at java.util.concurrent.ThreadPoolExecutor$Worker.run(ThreadPoolExecutor.java:624)
	... 1 more
2022-07-21 19:41:27,623 [grpc-default-executor-13] INFO  leader.FollowerInfo (FollowerInfoImpl.java:lambda$new$0(48)) - s1@group-3F2F94768D39->s2: nextIndex: updateUnconditionally 181 -> 180
2022-07-21 19:41:27,628 [grpc-default-executor-15] WARN  server.GrpcLogAppender (LogUtils.java:warn(124)) - s1@group-3F2F94768D39->s0-AppendLogResponseHandler: Failed appendEntries
org.apache.ratis.server.raftlog.RaftLogIOException: Log already failed at index 177 for task WriteLog:177: (t:5, i:177), STATEMACHINELOGENTRY, StateMachineLogEntryProto:462@client-F05BDF1899E5
	at org.apache.ratis.server.raftlog.segmented.SegmentedRaftLogWorker.run(SegmentedRaftLogWorker.java:322)
	at java.lang.Thread.run(Thread.java:750)
Caused by: java.io.IOException: java.lang.IllegalStateException: Null stream: entry=term: 5
index: 177
stateMachineLogEntry {
  type: DATASTREAM
  clientId: "~D9\271\016\322O\373\237\252\360[\337\030\231\345"
  callId: 462
}

	at org.apache.ratis.util.IOUtils.asIOException(IOUtils.java:56)
	at org.apache.ratis.util.IOUtils.toIOException(IOUtils.java:61)
	at org.apache.ratis.util.IOUtils.getFromFuture(IOUtils.java:85)
	at org.apache.ratis.server.raftlog.segmented.SegmentedRaftLogWorker$StateMachineDataPolicy.getFromFuture(SegmentedRaftLogWorker.java:89)
	at org.apache.ratis.server.raftlog.segmented.SegmentedRaftLogWorker$WriteLog.execute(SegmentedRaftLogWorker.java:534)
	at org.apache.ratis.server.raftlog.segmented.SegmentedRaftLogWorker.run(SegmentedRaftLogWorker.java:310)
	... 1 more
Caused by: java.lang.IllegalStateException: Null stream: entry=term: 5
index: 177
stateMachineLogEntry {
  type: DATASTREAM
  clientId: "~D9\271\016\322O\373\237\252\360[\337\030\231\345"
  callId: 462
}

	at org.apache.ratis.datastream.DataStreamTestUtils$MultiDataStreamStateMachine.link(DataStreamTestUtils.java:159)
	at org.apache.ratis.server.raftlog.segmented.SegmentedRaftLogWorker$WriteLog.<init>(SegmentedRaftLogWorker.java:491)
	at org.apache.ratis.server.raftlog.segmented.SegmentedRaftLogWorker.writeLogEntry(SegmentedRaftLogWorker.java:437)
	at org.apache.ratis.server.raftlog.segmented.SegmentedRaftLog.appendEntryImpl(SegmentedRaftLog.java:408)
	at org.apache.ratis.server.raftlog.RaftLogBase.lambda$appendEntry$10(RaftLogBase.java:323)
	at org.apache.ratis.server.raftlog.RaftLogSequentialOps$Runner.runSequentially(RaftLogSequentialOps.java:77)
	at org.apache.ratis.server.raftlog.RaftLogBase.appendEntry(RaftLogBase.java:323)
	at org.apache.ratis.server.raftlog.segmented.SegmentedRaftLog.appendImpl(SegmentedRaftLog.java:457)
	at org.apache.ratis.server.raftlog.RaftLogBase.lambda$append$11(RaftLogBase.java:330)
	at org.apache.ratis.server.raftlog.RaftLogSequentialOps$Runner.runSequentially(RaftLogSequentialOps.java:68)
	at org.apache.ratis.server.raftlog.RaftLogBase.append(RaftLogBase.java:330)
	at org.apache.ratis.server.impl.RaftServerImpl.appendEntriesAsync(RaftServerImpl.java:1404)
	at org.apache.ratis.server.impl.RaftServerImpl.appendEntriesAsync(RaftServerImpl.java:1290)
	at org.apache.ratis.server.impl.RaftServerProxy.lambda$null$25(RaftServerProxy.java:622)
	at org.apache.ratis.util.JavaUtils.callAsUnchecked(JavaUtils.java:115)
	at org.apache.ratis.server.impl.RaftServerImpl.lambda$executeSubmitServerRequestAsync$11(RaftServerImpl.java:789)
	at java.util.concurrent.CompletableFuture$AsyncSupply.run(CompletableFuture.java:1604)
	at java.util.concurrent.ThreadPoolExecutor.runWorker(ThreadPoolExecutor.java:1149)
	at java.util.concurrent.ThreadPoolExecutor$Worker.run(ThreadPoolExecutor.java:624)
	... 1 more
2022-07-21 19:41:27,628 [grpc-default-executor-15] INFO  leader.FollowerInfo (FollowerInfoImpl.java:lambda$new$0(48)) - s1@group-3F2F94768D39->s0: nextIndex: updateUnconditionally 181 -> 180
2022-07-21 19:41:31,277 [Timer-2] INFO  impl.MiniRaftCluster (MiniRaftCluster.java:lambda$null$5(315)) - TIMED-PRINT: printing ALL groups
  s0:  RUNNING  FOLLOWER s0@group-3F2F94768D39:t5, leader=s1, voted=s1, raftlog=Memoized:s0@group-3F2F94768D39-SegmentedRaftLog:OPENED:c176, conf=175: peers:[s0|rpc:localhost:41459|admin:localhost:39355|client:localhost:35515|dataStream:localhost:32957|priority:0|startupRole:FOLLOWER, s1|rpc:localhost:42501|admin:localhost:40929|client:localhost:40437|dataStream:localhost:34203|priority:0|startupRole:FOLLOWER, s2|rpc:localhost:35871|admin:localhost:34483|client:localhost:43959|dataStream:localhost:39743|priority:0|startupRole:FOLLOWER]|listeners:[], old=null RUNNING
  s1:  RUNNING    LEADER s1@group-3F2F94768D39:t5, leader=s1, voted=s1, raftlog=Memoized:s1@group-3F2F94768D39-SegmentedRaftLog:OPENED:c176, conf=175: peers:[s0|rpc:localhost:41459|admin:localhost:39355|client:localhost:35515|dataStream:localhost:32957|priority:0|startupRole:FOLLOWER, s1|rpc:localhost:42501|admin:localhost:40929|client:localhost:40437|dataStream:localhost:34203|priority:0|startupRole:FOLLOWER, s2|rpc:localhost:35871|admin:localhost:34483|client:localhost:43959|dataStream:localhost:39743|priority:0|startupRole:FOLLOWER]|listeners:[], old=null RUNNING
  s2:  RUNNING  FOLLOWER s2@group-3F2F94768D39:t5, leader=s1, voted=s1, raftlog=Memoized:s2@group-3F2F94768D39-SegmentedRaftLog:OPENED:c176, conf=175: peers:[s0|rpc:localhost:41459|admin:localhost:39355|client:localhost:35515|dataStream:localhost:32957|priority:0|startupRole:FOLLOWER, s1|rpc:localhost:42501|admin:localhost:40929|client:localhost:40437|dataStream:localhost:34203|priority:0|startupRole:FOLLOWER, s2|rpc:localhost:35871|admin:localhost:34483|client:localhost:43959|dataStream:localhost:39743|priority:0|startupRole:FOLLOWER]|listeners:[], old=null RUNNING
2022-07-21 19:41:33,603 [java.util.concurrent.ThreadPoolExecutor$Worker@482e164c[State = -1, empty queue]] WARN  grpc.GrpcUtil (GrpcUtil.java:shutdownManagedChannel(216)) - Timed out gracefully shutting down connection: ManagedChannelOrphanWrapper{delegate=ManagedChannelImpl{logId=935, target=localhost:40437}}. 
2022-07-21 19:41:39,725 [java.util.concurrent.ThreadPoolExecutor$Worker@4174920d[State = -1, empty queue]] WARN  grpc.GrpcUtil (GrpcUtil.java:shutdownManagedChannel(216)) - Timed out gracefully shutting down connection: ManagedChannelOrphanWrapper{delegate=ManagedChannelImpl{logId=949, target=localhost:40437}}. 
2022-07-21 19:41:41,278 [Timer-2] INFO  impl.MiniRaftCluster (MiniRaftCluster.java:lambda$null$5(315)) - TIMED-PRINT: printing ALL groups
  s0:  RUNNING  FOLLOWER s0@group-3F2F94768D39:t5, leader=s1, voted=s1, raftlog=Memoized:s0@group-3F2F94768D39-SegmentedRaftLog:OPENED:c176, conf=175: peers:[s0|rpc:localhost:41459|admin:localhost:39355|client:localhost:35515|dataStream:localhost:32957|priority:0|startupRole:FOLLOWER, s1|rpc:localhost:42501|admin:localhost:40929|client:localhost:40437|dataStream:localhost:34203|priority:0|startupRole:FOLLOWER, s2|rpc:localhost:35871|admin:localhost:34483|client:localhost:43959|dataStream:localhost:39743|priority:0|startupRole:FOLLOWER]|listeners:[], old=null RUNNING
  s1:  RUNNING    LEADER s1@group-3F2F94768D39:t5, leader=s1, voted=s1, raftlog=Memoized:s1@group-3F2F94768D39-SegmentedRaftLog:OPENED:c176, conf=175: peers:[s0|rpc:localhost:41459|admin:localhost:39355|client:localhost:35515|dataStream:localhost:32957|priority:0|startupRole:FOLLOWER, s1|rpc:localhost:42501|admin:localhost:40929|client:localhost:40437|dataStream:localhost:34203|priority:0|startupRole:FOLLOWER, s2|rpc:localhost:35871|admin:localhost:34483|client:localhost:43959|dataStream:localhost:39743|priority:0|startupRole:FOLLOWER]|listeners:[], old=null RUNNING
  s2:  RUNNING  FOLLOWER s2@group-3F2F94768D39:t5, leader=s1, voted=s1, raftlog=Memoized:s2@group-3F2F94768D39-SegmentedRaftLog:OPENED:c176, conf=175: peers:[s0|rpc:localhost:41459|admin:localhost:39355|client:localhost:35515|dataStream:localhost:32957|priority:0|startupRole:FOLLOWER, s1|rpc:localhost:42501|admin:localhost:40929|client:localhost:40437|dataStream:localhost:34203|priority:0|startupRole:FOLLOWER, s2|rpc:localhost:35871|admin:localhost:34483|client:localhost:43959|dataStream:localhost:39743|priority:0|startupRole:FOLLOWER]|listeners:[], old=null RUNNING
2022-07-21 19:41:45,855 [java.util.concurrent.ThreadPoolExecutor$Worker@625666a1[State = -1, empty queue]] WARN  grpc.GrpcUtil (GrpcUtil.java:shutdownManagedChannel(216)) - Timed out gracefully shutting down connection: ManagedChannelOrphanWrapper{delegate=ManagedChannelImpl{logId=963, target=localhost:40437}}. 
]]></system-out>
    <system-err><![CDATA[Jul 21, 2022 7:37:34 PM org.apache.ratis.thirdparty.io.grpc.internal.SerializingExecutor run
SEVERE: Exception while executing runnable org.apache.ratis.thirdparty.io.grpc.internal.ServerImpl$JumpToApplicationThreadServerStreamListener$1HalfClosed@56b03df3
java.lang.IllegalStateException: Entry not found for key 4 in map OrderedStreamObservers
	at org.apache.ratis.util.Preconditions.assertTrue(Preconditions.java:72)
	at org.apache.ratis.util.CollectionUtils.removeExisting(CollectionUtils.java:120)
	at org.apache.ratis.grpc.server.GrpcClientProtocolService$OrderedStreamObservers.removeExisting(GrpcClientProtocolService.java:115)
	at org.apache.ratis.grpc.server.GrpcClientProtocolService$OrderedRequestStreamObserver.cleanup(GrpcClientProtocolService.java:395)
	at org.apache.ratis.grpc.server.GrpcClientProtocolService$OrderedRequestStreamObserver.close(GrpcClientProtocolService.java:389)
	at org.apache.ratis.grpc.server.GrpcClientProtocolService$OrderedRequestStreamObserver.onCompleted(GrpcClientProtocolService.java:379)
	at org.apache.ratis.thirdparty.io.grpc.stub.ServerCalls$StreamingServerCallHandler$StreamingServerCallListener.onHalfClose(ServerCalls.java:273)
	at org.apache.ratis.thirdparty.io.grpc.PartialForwardingServerCallListener.onHalfClose(PartialForwardingServerCallListener.java:35)
	at org.apache.ratis.thirdparty.io.grpc.ForwardingServerCallListener.onHalfClose(ForwardingServerCallListener.java:23)
	at org.apache.ratis.thirdparty.io.grpc.internal.ServerCallImpl$ServerStreamListenerImpl.halfClosed(ServerCallImpl.java:340)
	at org.apache.ratis.thirdparty.io.grpc.internal.ServerImpl$JumpToApplicationThreadServerStreamListener$1HalfClosed.runInContext(ServerImpl.java:866)
	at org.apache.ratis.thirdparty.io.grpc.internal.ContextRunnable.run(ContextRunnable.java:37)
	at org.apache.ratis.thirdparty.io.grpc.internal.SerializingExecutor.run(SerializingExecutor.java:133)
	at java.util.concurrent.ThreadPoolExecutor.runWorker(ThreadPoolExecutor.java:1149)
	at java.util.concurrent.ThreadPoolExecutor$Worker.run(ThreadPoolExecutor.java:624)
	at java.lang.Thread.run(Thread.java:750)

]]></system-err>
  </testcase>
  <testcase name="testStreamWrites" classname="org.apache.ratis.datastream.TestNettyDataStreamStarTopologyWithGrpcCluster" time="4.512"/>
</testsuite>