<?xml version="1.0" encoding="UTF-8"?>
<testsuite xmlns:xsi="http://www.w3.org/2001/XMLSchema-instance" xsi:noNamespaceSchemaLocation="https://maven.apache.org/surefire/maven-surefire-plugin/xsd/surefire-test-report.xsd" name="org.apache.ratis.grpc.TestRaftServerWithGrpc" time="31.732" tests="5" errors="0" skipped="0" failures="1">
  <properties>
    <property name="awt.toolkit" value="sun.awt.X11.XToolkit"/>
    <property name="file.encoding.pkg" value="sun.io"/>
    <property name="java.specification.version" value="1.8"/>
    <property name="sun.cpu.isalist" value=""/>
    <property name="sun.jnu.encoding" value="UTF-8"/>
    <property name="java.class.path" value="/home/runner/work/ratis/ratis/ratis-test/target/test-classes:/home/runner/work/ratis/ratis/ratis-test/target/classes:/home/runner/work/ratis/ratis/ratis-common/target/classes:/home/runner/.m2/repository/org/apache/ratis/ratis-thirdparty-misc/1.0.0/ratis-thirdparty-misc-1.0.0.jar:/home/runner/work/ratis/ratis/ratis-proto/target/ratis-proto-3.0.0-SNAPSHOT.jar:/home/runner/work/ratis/ratis/ratis-common/target/test-classes:/home/runner/work/ratis/ratis/ratis-client/target/classes:/home/runner/work/ratis/ratis/ratis-server/target/classes:/home/runner/work/ratis/ratis/ratis-server-api/target/classes:/home/runner/work/ratis/ratis/ratis-metrics/target/classes:/home/runner/.m2/repository/io/dropwizard/metrics/metrics-jmx/4.2.9/metrics-jmx-4.2.9.jar:/home/runner/work/ratis/ratis/ratis-server/target/test-classes:/home/runner/work/ratis/ratis/ratis-netty/target/classes:/home/runner/work/ratis/ratis/ratis-netty/target/test-classes:/home/runner/work/ratis/ratis/ratis-grpc/target/classes:/home/runner/work/ratis/ratis/ratis-grpc/target/test-classes:/home/runner/.m2/repository/org/slf4j/slf4j-api/1.7.29/slf4j-api-1.7.29.jar:/home/runner/.m2/repository/org/slf4j/slf4j-log4j12/1.7.29/slf4j-log4j12-1.7.29.jar:/home/runner/.m2/repository/log4j/log4j/1.2.17/log4j-1.2.17.jar:/home/runner/.m2/repository/junit/junit/4.13.2/junit-4.13.2.jar:/home/runner/.m2/repository/org/hamcrest/hamcrest-core/1.3/hamcrest-core-1.3.jar:/home/runner/.m2/repository/org/mockito/mockito-core/4.3.1/mockito-core-4.3.1.jar:/home/runner/.m2/repository/net/bytebuddy/byte-buddy/1.12.7/byte-buddy-1.12.7.jar:/home/runner/.m2/repository/net/bytebuddy/byte-buddy-agent/1.12.7/byte-buddy-agent-1.12.7.jar:/home/runner/.m2/repository/org/objenesis/objenesis/3.2/objenesis-3.2.jar:/home/runner/.m2/repository/io/dropwizard/metrics/metrics-jvm/4.2.9/metrics-jvm-4.2.9.jar:/home/runner/.m2/repository/io/dropwizard/metrics/metrics-core/4.2.9/metrics-core-4.2.9.jar:/home/runner/work/ratis/ratis/ratis-shell/target/classes:/home/runner/.m2/repository/commons-cli/commons-cli/1.5.0/commons-cli-1.5.0.jar:/home/runner/.m2/repository/org/reflections/reflections/0.10.2/reflections-0.10.2.jar:/home/runner/.m2/repository/org/javassist/javassist/3.28.0-GA/javassist-3.28.0-GA.jar:/home/runner/.m2/repository/com/google/code/findbugs/jsr305/3.0.2/jsr305-3.0.2.jar:"/>
    <property name="java.vm.vendor" value="Temurin"/>
    <property name="sun.arch.data.model" value="64"/>
    <property name="java.vendor.url" value="https://adoptium.net/"/>
    <property name="user.timezone" value=""/>
    <property name="java.vm.specification.version" value="1.8"/>
    <property name="os.name" value="Linux"/>
    <property name="sun.java.launcher" value="SUN_STANDARD"/>
    <property name="sun.boot.library.path" value="/usr/lib/jvm/temurin-8-jdk-amd64/jre/lib/amd64"/>
    <property name="sun.java.command" value="/home/runner/work/ratis/ratis/ratis-test/target/surefire/surefirebooter9212708786901783891.jar /home/runner/work/ratis/ratis/ratis-test/target/surefire 2022-06-17T18-15-12_476-jvmRun1 surefire3616917564416336560tmp surefire_132636291134548488219tmp"/>
    <property name="surefire.test.class.path" value="/home/runner/work/ratis/ratis/ratis-test/target/test-classes:/home/runner/work/ratis/ratis/ratis-test/target/classes:/home/runner/work/ratis/ratis/ratis-common/target/classes:/home/runner/.m2/repository/org/apache/ratis/ratis-thirdparty-misc/1.0.0/ratis-thirdparty-misc-1.0.0.jar:/home/runner/work/ratis/ratis/ratis-proto/target/ratis-proto-3.0.0-SNAPSHOT.jar:/home/runner/work/ratis/ratis/ratis-common/target/test-classes:/home/runner/work/ratis/ratis/ratis-client/target/classes:/home/runner/work/ratis/ratis/ratis-server/target/classes:/home/runner/work/ratis/ratis/ratis-server-api/target/classes:/home/runner/work/ratis/ratis/ratis-metrics/target/classes:/home/runner/.m2/repository/io/dropwizard/metrics/metrics-jmx/4.2.9/metrics-jmx-4.2.9.jar:/home/runner/work/ratis/ratis/ratis-server/target/test-classes:/home/runner/work/ratis/ratis/ratis-netty/target/classes:/home/runner/work/ratis/ratis/ratis-netty/target/test-classes:/home/runner/work/ratis/ratis/ratis-grpc/target/classes:/home/runner/work/ratis/ratis/ratis-grpc/target/test-classes:/home/runner/.m2/repository/org/slf4j/slf4j-api/1.7.29/slf4j-api-1.7.29.jar:/home/runner/.m2/repository/org/slf4j/slf4j-log4j12/1.7.29/slf4j-log4j12-1.7.29.jar:/home/runner/.m2/repository/log4j/log4j/1.2.17/log4j-1.2.17.jar:/home/runner/.m2/repository/junit/junit/4.13.2/junit-4.13.2.jar:/home/runner/.m2/repository/org/hamcrest/hamcrest-core/1.3/hamcrest-core-1.3.jar:/home/runner/.m2/repository/org/mockito/mockito-core/4.3.1/mockito-core-4.3.1.jar:/home/runner/.m2/repository/net/bytebuddy/byte-buddy/1.12.7/byte-buddy-1.12.7.jar:/home/runner/.m2/repository/net/bytebuddy/byte-buddy-agent/1.12.7/byte-buddy-agent-1.12.7.jar:/home/runner/.m2/repository/org/objenesis/objenesis/3.2/objenesis-3.2.jar:/home/runner/.m2/repository/io/dropwizard/metrics/metrics-jvm/4.2.9/metrics-jvm-4.2.9.jar:/home/runner/.m2/repository/io/dropwizard/metrics/metrics-core/4.2.9/metrics-core-4.2.9.jar:/home/runner/work/ratis/ratis/ratis-shell/target/classes:/home/runner/.m2/repository/commons-cli/commons-cli/1.5.0/commons-cli-1.5.0.jar:/home/runner/.m2/repository/org/reflections/reflections/0.10.2/reflections-0.10.2.jar:/home/runner/.m2/repository/org/javassist/javassist/3.28.0-GA/javassist-3.28.0-GA.jar:/home/runner/.m2/repository/com/google/code/findbugs/jsr305/3.0.2/jsr305-3.0.2.jar:"/>
    <property name="sun.cpu.endian" value="little"/>
    <property name="user.home" value="/home/runner"/>
    <property name="user.language" value="en"/>
    <property name="java.specification.vendor" value="Oracle Corporation"/>
    <property name="java.home" value="/usr/lib/jvm/temurin-8-jdk-amd64/jre"/>
    <property name="basedir" value="/home/runner/work/ratis/ratis/ratis-test"/>
    <property name="file.separator" value="/"/>
    <property name="line.separator" value="&#10;"/>
    <property name="java.vm.specification.vendor" value="Oracle Corporation"/>
    <property name="java.specification.name" value="Java Platform API Specification"/>
    <property name="java.awt.graphicsenv" value="sun.awt.X11GraphicsEnvironment"/>
    <property name="surefire.real.class.path" value="/home/runner/work/ratis/ratis/ratis-test/target/surefire/surefirebooter9212708786901783891.jar"/>
    <property name="sun.boot.class.path" value="/usr/lib/jvm/temurin-8-jdk-amd64/jre/lib/resources.jar:/usr/lib/jvm/temurin-8-jdk-amd64/jre/lib/rt.jar:/usr/lib/jvm/temurin-8-jdk-amd64/jre/lib/sunrsasign.jar:/usr/lib/jvm/temurin-8-jdk-amd64/jre/lib/jsse.jar:/usr/lib/jvm/temurin-8-jdk-amd64/jre/lib/jce.jar:/usr/lib/jvm/temurin-8-jdk-amd64/jre/lib/charsets.jar:/usr/lib/jvm/temurin-8-jdk-amd64/jre/lib/jfr.jar:/usr/lib/jvm/temurin-8-jdk-amd64/jre/classes"/>
    <property name="sun.management.compiler" value="HotSpot 64-Bit Tiered Compilers"/>
    <property name="java.runtime.version" value="1.8.0_332-b09"/>
    <property name="java.net.preferIPv4Stack" value="true"/>
    <property name="user.name" value="runner"/>
    <property name="path.separator" value=":"/>
    <property name="os.version" value="5.4.0-1083-azure"/>
    <property name="java.endorsed.dirs" value="/usr/lib/jvm/temurin-8-jdk-amd64/jre/lib/endorsed"/>
    <property name="java.runtime.name" value="OpenJDK Runtime Environment"/>
    <property name="file.encoding" value="UTF-8"/>
    <property name="java.vm.name" value="OpenJDK 64-Bit Server VM"/>
    <property name="localRepository" value="/home/runner/.m2/repository"/>
    <property name="java.vendor.url.bug" value="https://github.com/adoptium/adoptium-support/issues"/>
    <property name="java.io.tmpdir" value="/tmp"/>
    <property name="java.version" value="1.8.0_332"/>
    <property name="user.dir" value="/home/runner/work/ratis/ratis/ratis-test"/>
    <property name="os.arch" value="amd64"/>
    <property name="ratis.tmp.dir" value="/home/runner/work/ratis/ratis/ratis-test/target/tmp"/>
    <property name="java.vm.specification.name" value="Java Virtual Machine Specification"/>
    <property name="java.awt.printerjob" value="sun.print.PSPrinterJob"/>
    <property name="ratis.log.dir" value="/home/runner/work/ratis/ratis/ratis-test/target/log"/>
    <property name="sun.os.patch.level" value="unknown"/>
    <property name="java.library.path" value="/usr/java/packages/lib/amd64:/usr/lib64:/lib64:/lib:/usr/lib"/>
    <property name="java.vm.info" value="mixed mode"/>
    <property name="java.vendor" value="Temurin"/>
    <property name="java.vm.version" value="25.332-b09"/>
    <property name="java.ext.dirs" value="/usr/lib/jvm/temurin-8-jdk-amd64/jre/lib/ext:/usr/java/packages/lib/ext"/>
    <property name="sun.io.unicode.encoding" value="UnicodeLittle"/>
    <property name="java.class.version" value="52.0"/>
  </properties>
  <testcase name="testRaftClientMetrics" classname="org.apache.ratis.grpc.TestRaftServerWithGrpc" time="2.234">
    <failure type="java.lang.AssertionError">java.lang.AssertionError
	at org.junit.Assert.fail(Assert.java:87)
	at org.junit.Assert.assertTrue(Assert.java:42)
	at org.junit.Assert.assertTrue(Assert.java:53)
	at org.apache.ratis.grpc.TestRaftServerWithGrpc.testRaftClientRequestMetrics(TestRaftServerWithGrpc.java:310)
	at org.apache.ratis.server.impl.MiniRaftCluster$Factory$Get.runWithNewCluster(MiniRaftCluster.java:125)
	at org.apache.ratis.server.impl.MiniRaftCluster$Factory$Get.runWithNewCluster(MiniRaftCluster.java:113)
	at org.apache.ratis.grpc.TestRaftServerWithGrpc.testRaftClientMetrics(TestRaftServerWithGrpc.java:209)
	at sun.reflect.NativeMethodAccessorImpl.invoke0(Native Method)
	at sun.reflect.NativeMethodAccessorImpl.invoke(NativeMethodAccessorImpl.java:62)
	at sun.reflect.DelegatingMethodAccessorImpl.invoke(DelegatingMethodAccessorImpl.java:43)
	at java.lang.reflect.Method.invoke(Method.java:498)
	at org.junit.runners.model.FrameworkMethod$1.runReflectiveCall(FrameworkMethod.java:59)
	at org.junit.internal.runners.model.ReflectiveCallable.run(ReflectiveCallable.java:12)
	at org.junit.runners.model.FrameworkMethod.invokeExplosively(FrameworkMethod.java:56)
	at org.junit.internal.runners.statements.InvokeMethod.evaluate(InvokeMethod.java:17)
	at org.junit.internal.runners.statements.RunBefores.evaluate(RunBefores.java:26)
	at org.junit.internal.runners.statements.RunAfters.evaluate(RunAfters.java:27)
	at org.junit.internal.runners.statements.FailOnTimeout$CallableStatement.call(FailOnTimeout.java:299)
	at org.junit.internal.runners.statements.FailOnTimeout$CallableStatement.call(FailOnTimeout.java:293)
	at java.util.concurrent.FutureTask.run(FutureTask.java:266)
	at java.lang.Thread.run(Thread.java:750)
</failure>
    <system-out><![CDATA[2022-06-17 18:18:36,955 [main] INFO  util.LogUtils (Log4jUtils.java:setLogLevel(32)) - Set org.apache.ratis.conf.ConfUtils log level to WARN
2022-06-17 18:18:36,958 [main] INFO  util.LogUtils (Log4jUtils.java:setLogLevel(32)) - Set org.apache.ratis.util.FileUtils log level to TRACE
2022-06-17 18:18:36,963 [main] INFO  util.LogUtils (Log4jUtils.java:setLogLevel(32)) - Set org.apache.ratis.grpc.client.GrpcClientProtocolClient log level to ALL
2022-06-17 18:18:36,975 [Time-limited test] INFO  impl.MiniRaftCluster (MiniRaftCluster.java:runWithNewCluster(119)) - Running runWithNewCluster
2022-06-17 18:18:37,022 [Time-limited test] INFO  impl.MiniRaftCluster (MiniRaftCluster.java:<init>(272)) - new MiniRaftClusterWithGrpc with group-082BF26D8677:[s0|rpc:localhost:35077|admin:localhost:40845|client:localhost:35419|dataStream:localhost:44437|priority:0, s1|rpc:localhost:44401|admin:localhost:36685|client:localhost:34645|dataStream:localhost:39085|priority:0, s2|rpc:localhost:35007|admin:localhost:43603|client:localhost:43447|dataStream:localhost:38965|priority:0]
2022-06-17 18:18:37,023 [Time-limited test] INFO  impl.MiniRaftCluster (MiniRaftCluster.java:start(315)) - .............................................................. 
2022-06-17 18:18:37,023 [Time-limited test] INFO  impl.MiniRaftCluster (MiniRaftCluster.java:start(316)) - ... 
2022-06-17 18:18:37,023 [Time-limited test] INFO  impl.MiniRaftCluster (MiniRaftCluster.java:start(317)) - ...     Starting MiniRaftClusterWithGrpc
2022-06-17 18:18:37,023 [Time-limited test] INFO  impl.MiniRaftCluster (MiniRaftCluster.java:start(318)) - ... 
2022-06-17 18:18:37,023 [Time-limited test] INFO  impl.MiniRaftCluster (MiniRaftCluster.java:start(319)) - .............................................................. 
2022-06-17 18:18:37,023 [Time-limited test] INFO  impl.MiniRaftCluster (MiniRaftCluster.java:initServers(284)) - servers = {}
2022-06-17 18:18:37,032 [Time-limited test] INFO  impl.MiniRaftCluster (MiniRaftCluster.java:newRaftServer(358)) - newRaftServer: s0, group-082BF26D8677:[s0|rpc:localhost:35077|admin:localhost:40845|client:localhost:35419|dataStream:localhost:44437|priority:0, s1|rpc:localhost:44401|admin:localhost:36685|client:localhost:34645|dataStream:localhost:39085|priority:0, s2|rpc:localhost:35007|admin:localhost:43603|client:localhost:43447|dataStream:localhost:38965|priority:0], format? true
2022-06-17 18:18:37,034 [Time-limited test] TRACE util.FileUtils (FileUtils.java:deleteFully(162)) - deleteFully target/test/data/70519703/MiniRaftClusterWithGrpcce442cb4/s0
2022-06-17 18:18:37,037 [Time-limited test] TRACE util.FileUtils (FileUtils.java:deleteFully(178)) - deleteFully: target/test/data/70519703/MiniRaftClusterWithGrpcce442cb4/s0 does not exist.
2022-06-17 18:18:37,037 [Time-limited test] INFO  impl.MiniRaftCluster (MiniRaftCluster.java:newRaftServer(363)) - Formatted directory target/test/data/70519703/MiniRaftClusterWithGrpcce442cb4/s0
2022-06-17 18:18:37,063 [Time-limited test] INFO  server.RaftServer (ConfUtils.java:logGet(46)) - raft.rpc.type = GRPC (default)
2022-06-17 18:18:37,113 [Time-limited test] INFO  grpc.GrpcFactory (GrpcFactory.java:checkPooledByteBufAllocatorUseCacheForAllThreads(48)) - PERFORMANCE WARNING: useCacheForAllThreads is true that may cause Netty to create a lot garbage objects and, as a result, trigger GC.
	It is recommended to disable useCacheForAllThreads by setting -Dorg.apache.ratis.thirdparty.io.netty.allocator.useCacheForAllThreads=false in command line.
2022-06-17 18:18:37,116 [Time-limited test] INFO  grpc.GrpcConfigKeys (ConfUtils.java:logGet(46)) - raft.grpc.admin.port = 40845 (custom)
2022-06-17 18:18:37,117 [Time-limited test] INFO  grpc.GrpcConfigKeys (ConfUtils.java:logGet(46)) - raft.grpc.client.port = 35419 (custom)
2022-06-17 18:18:37,117 [Time-limited test] INFO  grpc.GrpcConfigKeys (ConfUtils.java:logGet(46)) - raft.grpc.server.port = 35077 (custom)
2022-06-17 18:18:37,118 [Time-limited test] INFO  server.GrpcService (ConfUtils.java:logGet(46)) - raft.grpc.message.size.max = 64MB (=67108864) (default)
2022-06-17 18:18:37,120 [Time-limited test] INFO  server.RaftServerConfigKeys (ConfUtils.java:logGet(46)) - raft.server.log.appender.buffer.byte-limit = 4MB (=4194304) (default)
2022-06-17 18:18:37,121 [Time-limited test] INFO  server.GrpcService (ConfUtils.java:logGet(46)) - raft.grpc.flow.control.window = 1MB (=1048576) (default)
2022-06-17 18:18:37,122 [Time-limited test] INFO  server.RaftServerConfigKeys (ConfUtils.java:logGet(46)) - raft.server.rpc.request.timeout = 3000ms (default)
2022-06-17 18:18:37,141 [Time-limited test] INFO  grpc.GrpcConfigKeys (ConfUtils.java:logGet(46)) - raft.grpc.server.async.request.thread.pool.cached = true (default)
2022-06-17 18:18:37,142 [Time-limited test] INFO  grpc.GrpcConfigKeys (ConfUtils.java:logGet(46)) - raft.grpc.server.async.request.thread.pool.size = 32 (default)
2022-06-17 18:18:37,316 [Time-limited test] INFO  impl.DataStreamServerImpl (ConfUtils.java:logGet(46)) - raft.datastream.type = DISABLED (default)
2022-06-17 18:18:37,318 [Time-limited test] INFO  server.RaftServerConfigKeys (ConfUtils.java:logGet(46)) - raft.server.threadpool.proxy.cached = true (default)
2022-06-17 18:18:37,318 [Time-limited test] INFO  server.RaftServerConfigKeys (ConfUtils.java:logGet(46)) - raft.server.threadpool.proxy.size = 0 (default)
2022-06-17 18:18:37,319 [Time-limited test] INFO  server.RaftServerConfigKeys (ConfUtils.java:logGet(46)) - raft.server.rpc.slowness.timeout = 60s (default)
2022-06-17 18:18:37,319 [Time-limited test] INFO  server.RaftServerConfigKeys (ConfUtils.java:logGet(46)) - raft.server.leaderelection.leader.step-down.wait-time = 10s (default)
2022-06-17 18:18:37,322 [Time-limited test] INFO  server.RaftServerConfigKeys (ConfUtils.java:logGet(46)) - raft.server.storage.dir = [/home/runner/work/ratis/ratis/ratis-test/target/test/data/70519703/MiniRaftClusterWithGrpcce442cb4/s0] (custom)
2022-06-17 18:18:37,333 [Time-limited test] INFO  server.RaftServer (RaftServerProxy.java:addNew(96)) - s0: addNew group-082BF26D8677:[s0|rpc:localhost:35077|admin:localhost:40845|client:localhost:35419|dataStream:localhost:44437|priority:0, s1|rpc:localhost:44401|admin:localhost:36685|client:localhost:34645|dataStream:localhost:39085|priority:0, s2|rpc:localhost:35007|admin:localhost:43603|client:localhost:43447|dataStream:localhost:38965|priority:0] returns group-082BF26D8677:java.util.concurrent.CompletableFuture@4b9d5be1[Not completed]
2022-06-17 18:18:37,333 [Time-limited test] INFO  impl.MiniRaftCluster (MiniRaftCluster.java:newRaftServer(358)) - newRaftServer: s1, group-082BF26D8677:[s0|rpc:localhost:35077|admin:localhost:40845|client:localhost:35419|dataStream:localhost:44437|priority:0, s1|rpc:localhost:44401|admin:localhost:36685|client:localhost:34645|dataStream:localhost:39085|priority:0, s2|rpc:localhost:35007|admin:localhost:43603|client:localhost:43447|dataStream:localhost:38965|priority:0], format? true
2022-06-17 18:18:37,334 [Time-limited test] TRACE util.FileUtils (FileUtils.java:deleteFully(162)) - deleteFully target/test/data/70519703/MiniRaftClusterWithGrpcce442cb4/s1
2022-06-17 18:18:37,334 [Time-limited test] TRACE util.FileUtils (FileUtils.java:deleteFully(178)) - deleteFully: target/test/data/70519703/MiniRaftClusterWithGrpcce442cb4/s1 does not exist.
2022-06-17 18:18:37,334 [Time-limited test] INFO  impl.MiniRaftCluster (MiniRaftCluster.java:newRaftServer(363)) - Formatted directory target/test/data/70519703/MiniRaftClusterWithGrpcce442cb4/s1
2022-06-17 18:18:37,334 [Time-limited test] INFO  server.RaftServer (ConfUtils.java:logGet(46)) - raft.rpc.type = GRPC (default)
2022-06-17 18:18:37,335 [Time-limited test] INFO  grpc.GrpcFactory (GrpcFactory.java:checkPooledByteBufAllocatorUseCacheForAllThreads(48)) - PERFORMANCE WARNING: useCacheForAllThreads is true that may cause Netty to create a lot garbage objects and, as a result, trigger GC.
	It is recommended to disable useCacheForAllThreads by setting -Dorg.apache.ratis.thirdparty.io.netty.allocator.useCacheForAllThreads=false in command line.
2022-06-17 18:18:37,335 [Time-limited test] INFO  grpc.GrpcConfigKeys (ConfUtils.java:logGet(46)) - raft.grpc.admin.port = 36685 (custom)
2022-06-17 18:18:37,335 [Time-limited test] INFO  grpc.GrpcConfigKeys (ConfUtils.java:logGet(46)) - raft.grpc.client.port = 34645 (custom)
2022-06-17 18:18:37,335 [Time-limited test] INFO  grpc.GrpcConfigKeys (ConfUtils.java:logGet(46)) - raft.grpc.server.port = 44401 (custom)
2022-06-17 18:18:37,335 [Time-limited test] INFO  server.GrpcService (ConfUtils.java:logGet(46)) - raft.grpc.message.size.max = 64MB (=67108864) (default)
2022-06-17 18:18:37,335 [Time-limited test] INFO  server.RaftServerConfigKeys (ConfUtils.java:logGet(46)) - raft.server.log.appender.buffer.byte-limit = 4MB (=4194304) (default)
2022-06-17 18:18:37,336 [Time-limited test] INFO  server.GrpcService (ConfUtils.java:logGet(46)) - raft.grpc.flow.control.window = 1MB (=1048576) (default)
2022-06-17 18:18:37,336 [Time-limited test] INFO  server.RaftServerConfigKeys (ConfUtils.java:logGet(46)) - raft.server.rpc.request.timeout = 3000ms (default)
2022-06-17 18:18:37,336 [Time-limited test] INFO  grpc.GrpcConfigKeys (ConfUtils.java:logGet(46)) - raft.grpc.server.async.request.thread.pool.cached = true (default)
2022-06-17 18:18:37,336 [Time-limited test] INFO  grpc.GrpcConfigKeys (ConfUtils.java:logGet(46)) - raft.grpc.server.async.request.thread.pool.size = 32 (default)
2022-06-17 18:18:37,338 [Time-limited test] INFO  impl.DataStreamServerImpl (ConfUtils.java:logGet(46)) - raft.datastream.type = DISABLED (default)
2022-06-17 18:18:37,338 [Time-limited test] INFO  server.RaftServerConfigKeys (ConfUtils.java:logGet(46)) - raft.server.threadpool.proxy.cached = true (default)
2022-06-17 18:18:37,338 [Time-limited test] INFO  server.RaftServerConfigKeys (ConfUtils.java:logGet(46)) - raft.server.threadpool.proxy.size = 0 (default)
2022-06-17 18:18:37,339 [Time-limited test] INFO  server.RaftServerConfigKeys (ConfUtils.java:logGet(46)) - raft.server.rpc.slowness.timeout = 60s (default)
2022-06-17 18:18:37,339 [Time-limited test] INFO  server.RaftServerConfigKeys (ConfUtils.java:logGet(46)) - raft.server.leaderelection.leader.step-down.wait-time = 10s (default)
2022-06-17 18:18:37,339 [Time-limited test] INFO  server.RaftServerConfigKeys (ConfUtils.java:logGet(46)) - raft.server.storage.dir = [/home/runner/work/ratis/ratis/ratis-test/target/test/data/70519703/MiniRaftClusterWithGrpcce442cb4/s1] (custom)
2022-06-17 18:18:37,340 [Time-limited test] INFO  server.RaftServer (RaftServerProxy.java:addNew(96)) - s1: addNew group-082BF26D8677:[s0|rpc:localhost:35077|admin:localhost:40845|client:localhost:35419|dataStream:localhost:44437|priority:0, s1|rpc:localhost:44401|admin:localhost:36685|client:localhost:34645|dataStream:localhost:39085|priority:0, s2|rpc:localhost:35007|admin:localhost:43603|client:localhost:43447|dataStream:localhost:38965|priority:0] returns group-082BF26D8677:java.util.concurrent.CompletableFuture@7c6b8720[Not completed]
2022-06-17 18:18:37,340 [Time-limited test] INFO  impl.MiniRaftCluster (MiniRaftCluster.java:newRaftServer(358)) - newRaftServer: s2, group-082BF26D8677:[s0|rpc:localhost:35077|admin:localhost:40845|client:localhost:35419|dataStream:localhost:44437|priority:0, s1|rpc:localhost:44401|admin:localhost:36685|client:localhost:34645|dataStream:localhost:39085|priority:0, s2|rpc:localhost:35007|admin:localhost:43603|client:localhost:43447|dataStream:localhost:38965|priority:0], format? true
2022-06-17 18:18:37,340 [Time-limited test] TRACE util.FileUtils (FileUtils.java:deleteFully(162)) - deleteFully target/test/data/70519703/MiniRaftClusterWithGrpcce442cb4/s2
2022-06-17 18:18:37,340 [Time-limited test] TRACE util.FileUtils (FileUtils.java:deleteFully(178)) - deleteFully: target/test/data/70519703/MiniRaftClusterWithGrpcce442cb4/s2 does not exist.
2022-06-17 18:18:37,340 [Time-limited test] INFO  impl.MiniRaftCluster (MiniRaftCluster.java:newRaftServer(363)) - Formatted directory target/test/data/70519703/MiniRaftClusterWithGrpcce442cb4/s2
2022-06-17 18:18:37,340 [Time-limited test] INFO  server.RaftServer (ConfUtils.java:logGet(46)) - raft.rpc.type = GRPC (default)
2022-06-17 18:18:37,341 [Time-limited test] INFO  grpc.GrpcFactory (GrpcFactory.java:checkPooledByteBufAllocatorUseCacheForAllThreads(48)) - PERFORMANCE WARNING: useCacheForAllThreads is true that may cause Netty to create a lot garbage objects and, as a result, trigger GC.
	It is recommended to disable useCacheForAllThreads by setting -Dorg.apache.ratis.thirdparty.io.netty.allocator.useCacheForAllThreads=false in command line.
2022-06-17 18:18:37,341 [Time-limited test] INFO  grpc.GrpcConfigKeys (ConfUtils.java:logGet(46)) - raft.grpc.admin.port = 43603 (custom)
2022-06-17 18:18:37,341 [Time-limited test] INFO  grpc.GrpcConfigKeys (ConfUtils.java:logGet(46)) - raft.grpc.client.port = 43447 (custom)
2022-06-17 18:18:37,341 [Time-limited test] INFO  grpc.GrpcConfigKeys (ConfUtils.java:logGet(46)) - raft.grpc.server.port = 35007 (custom)
2022-06-17 18:18:37,341 [Time-limited test] INFO  server.GrpcService (ConfUtils.java:logGet(46)) - raft.grpc.message.size.max = 64MB (=67108864) (default)
2022-06-17 18:18:37,341 [Time-limited test] INFO  server.RaftServerConfigKeys (ConfUtils.java:logGet(46)) - raft.server.log.appender.buffer.byte-limit = 4MB (=4194304) (default)
2022-06-17 18:18:37,341 [Time-limited test] INFO  server.GrpcService (ConfUtils.java:logGet(46)) - raft.grpc.flow.control.window = 1MB (=1048576) (default)
2022-06-17 18:18:37,342 [Time-limited test] INFO  server.RaftServerConfigKeys (ConfUtils.java:logGet(46)) - raft.server.rpc.request.timeout = 3000ms (default)
2022-06-17 18:18:37,342 [Time-limited test] INFO  grpc.GrpcConfigKeys (ConfUtils.java:logGet(46)) - raft.grpc.server.async.request.thread.pool.cached = true (default)
2022-06-17 18:18:37,342 [Time-limited test] INFO  grpc.GrpcConfigKeys (ConfUtils.java:logGet(46)) - raft.grpc.server.async.request.thread.pool.size = 32 (default)
2022-06-17 18:18:37,343 [Time-limited test] INFO  impl.DataStreamServerImpl (ConfUtils.java:logGet(46)) - raft.datastream.type = DISABLED (default)
2022-06-17 18:18:37,344 [Time-limited test] INFO  server.RaftServerConfigKeys (ConfUtils.java:logGet(46)) - raft.server.threadpool.proxy.cached = true (default)
2022-06-17 18:18:37,344 [Time-limited test] INFO  server.RaftServerConfigKeys (ConfUtils.java:logGet(46)) - raft.server.threadpool.proxy.size = 0 (default)
2022-06-17 18:18:37,344 [Time-limited test] INFO  server.RaftServerConfigKeys (ConfUtils.java:logGet(46)) - raft.server.rpc.slowness.timeout = 60s (default)
2022-06-17 18:18:37,344 [Time-limited test] INFO  server.RaftServerConfigKeys (ConfUtils.java:logGet(46)) - raft.server.leaderelection.leader.step-down.wait-time = 10s (default)
2022-06-17 18:18:37,344 [Time-limited test] INFO  server.RaftServerConfigKeys (ConfUtils.java:logGet(46)) - raft.server.storage.dir = [/home/runner/work/ratis/ratis/ratis-test/target/test/data/70519703/MiniRaftClusterWithGrpcce442cb4/s2] (custom)
2022-06-17 18:18:37,345 [Time-limited test] INFO  server.RaftServer (RaftServerProxy.java:addNew(96)) - s2: addNew group-082BF26D8677:[s0|rpc:localhost:35077|admin:localhost:40845|client:localhost:35419|dataStream:localhost:44437|priority:0, s1|rpc:localhost:44401|admin:localhost:36685|client:localhost:34645|dataStream:localhost:39085|priority:0, s2|rpc:localhost:35007|admin:localhost:43603|client:localhost:43447|dataStream:localhost:38965|priority:0] returns group-082BF26D8677:java.util.concurrent.CompletableFuture@5313e80b[Not completed]
2022-06-17 18:18:37,354 [pool-2-thread-1] INFO  server.RaftServerConfigKeys (ConfUtils.java:logGet(46)) - raft.server.log.segment.size.max = 8MB (=8388608) (default)
2022-06-17 18:18:37,354 [pool-1-thread-1] INFO  server.RaftServerConfigKeys (ConfUtils.java:logGet(46)) - raft.server.log.segment.size.max = 8MB (=8388608) (default)
2022-06-17 18:18:37,354 [pool-2-thread-1] INFO  server.RaftServerConfigKeys (ConfUtils.java:logGet(46)) - raft.server.log.preallocated.size = 4MB (=4194304) (default)
2022-06-17 18:18:37,354 [pool-3-thread-1] INFO  server.RaftServerConfigKeys (ConfUtils.java:logGet(46)) - raft.server.log.segment.size.max = 8MB (=8388608) (default)
2022-06-17 18:18:37,354 [pool-1-thread-1] INFO  server.RaftServerConfigKeys (ConfUtils.java:logGet(46)) - raft.server.log.preallocated.size = 4MB (=4194304) (default)
2022-06-17 18:18:37,355 [pool-1-thread-1] INFO  server.RaftServerConfigKeys (ConfUtils.java:logGet(46)) - raft.server.log.write.buffer.size = 64KB (=65536) (default)
2022-06-17 18:18:37,355 [pool-2-thread-1] INFO  server.RaftServerConfigKeys (ConfUtils.java:logGet(46)) - raft.server.log.write.buffer.size = 64KB (=65536) (default)
2022-06-17 18:18:37,355 [pool-3-thread-1] INFO  server.RaftServerConfigKeys (ConfUtils.java:logGet(46)) - raft.server.log.preallocated.size = 4MB (=4194304) (default)
2022-06-17 18:18:37,355 [pool-3-thread-1] INFO  server.RaftServerConfigKeys (ConfUtils.java:logGet(46)) - raft.server.log.write.buffer.size = 64KB (=65536) (default)
2022-06-17 18:18:37,357 [pool-3-thread-1] INFO  server.RaftServer$Division (RaftServerImpl.java:<init>(190)) - s2: new RaftServerImpl for group-082BF26D8677:[s0|rpc:localhost:35077|admin:localhost:40845|client:localhost:35419|dataStream:localhost:44437|priority:0, s1|rpc:localhost:44401|admin:localhost:36685|client:localhost:34645|dataStream:localhost:39085|priority:0, s2|rpc:localhost:35007|admin:localhost:43603|client:localhost:43447|dataStream:localhost:38965|priority:0] with SimpleStateMachine4Testing:uninitialized
2022-06-17 18:18:37,358 [pool-2-thread-1] INFO  server.RaftServer$Division (RaftServerImpl.java:<init>(190)) - s1: new RaftServerImpl for group-082BF26D8677:[s0|rpc:localhost:35077|admin:localhost:40845|client:localhost:35419|dataStream:localhost:44437|priority:0, s1|rpc:localhost:44401|admin:localhost:36685|client:localhost:34645|dataStream:localhost:39085|priority:0, s2|rpc:localhost:35007|admin:localhost:43603|client:localhost:43447|dataStream:localhost:38965|priority:0] with SimpleStateMachine4Testing:uninitialized
2022-06-17 18:18:37,359 [pool-3-thread-1] INFO  server.RaftServerConfigKeys (ConfUtils.java:logGet(46)) - raft.server.rpc.timeout.min = 150ms (default)
2022-06-17 18:18:37,359 [pool-3-thread-1] INFO  server.RaftServerConfigKeys (ConfUtils.java:logGet(46)) - raft.server.rpc.timeout.max = 300ms (default)
2022-06-17 18:18:37,359 [pool-3-thread-1] INFO  server.RaftServerConfigKeys (ConfUtils.java:logGet(46)) - raft.server.rpc.sleep.time = 25ms (default)
2022-06-17 18:18:37,360 [pool-3-thread-1] INFO  server.RaftServerConfigKeys (ConfUtils.java:logGet(46)) - raft.server.rpc.slowness.timeout = 60s (default)
2022-06-17 18:18:37,360 [pool-3-thread-1] INFO  server.RaftServerConfigKeys (ConfUtils.java:logGet(46)) - raft.server.leaderelection.leader.step-down.wait-time = 10s (default)
2022-06-17 18:18:37,360 [pool-3-thread-1] INFO  server.RaftServerConfigKeys (ConfUtils.java:logGet(46)) - raft.server.sleep.deviation.threshold = 300ms (default)
2022-06-17 18:18:37,362 [pool-2-thread-1] INFO  server.RaftServerConfigKeys (ConfUtils.java:logGet(46)) - raft.server.rpc.timeout.min = 150ms (default)
2022-06-17 18:18:37,362 [pool-2-thread-1] INFO  server.RaftServerConfigKeys (ConfUtils.java:logGet(46)) - raft.server.rpc.timeout.max = 300ms (default)
2022-06-17 18:18:37,362 [pool-2-thread-1] INFO  server.RaftServerConfigKeys (ConfUtils.java:logGet(46)) - raft.server.rpc.sleep.time = 25ms (default)
2022-06-17 18:18:37,362 [pool-2-thread-1] INFO  server.RaftServerConfigKeys (ConfUtils.java:logGet(46)) - raft.server.rpc.slowness.timeout = 60s (default)
2022-06-17 18:18:37,362 [pool-2-thread-1] INFO  server.RaftServerConfigKeys (ConfUtils.java:logGet(46)) - raft.server.leaderelection.leader.step-down.wait-time = 10s (default)
2022-06-17 18:18:37,362 [pool-2-thread-1] INFO  server.RaftServerConfigKeys (ConfUtils.java:logGet(46)) - raft.server.sleep.deviation.threshold = 300ms (default)
2022-06-17 18:18:37,362 [pool-1-thread-1] INFO  server.RaftServer$Division (RaftServerImpl.java:<init>(190)) - s0: new RaftServerImpl for group-082BF26D8677:[s0|rpc:localhost:35077|admin:localhost:40845|client:localhost:35419|dataStream:localhost:44437|priority:0, s1|rpc:localhost:44401|admin:localhost:36685|client:localhost:34645|dataStream:localhost:39085|priority:0, s2|rpc:localhost:35007|admin:localhost:43603|client:localhost:43447|dataStream:localhost:38965|priority:0] with SimpleStateMachine4Testing:uninitialized
2022-06-17 18:18:37,363 [pool-1-thread-1] INFO  server.RaftServerConfigKeys (ConfUtils.java:logGet(46)) - raft.server.rpc.timeout.min = 150ms (default)
2022-06-17 18:18:37,363 [pool-1-thread-1] INFO  server.RaftServerConfigKeys (ConfUtils.java:logGet(46)) - raft.server.rpc.timeout.max = 300ms (default)
2022-06-17 18:18:37,363 [pool-1-thread-1] INFO  server.RaftServerConfigKeys (ConfUtils.java:logGet(46)) - raft.server.rpc.sleep.time = 25ms (default)
2022-06-17 18:18:37,363 [pool-1-thread-1] INFO  server.RaftServerConfigKeys (ConfUtils.java:logGet(46)) - raft.server.rpc.slowness.timeout = 60s (default)
2022-06-17 18:18:37,363 [pool-1-thread-1] INFO  server.RaftServerConfigKeys (ConfUtils.java:logGet(46)) - raft.server.leaderelection.leader.step-down.wait-time = 10s (default)
2022-06-17 18:18:37,363 [pool-1-thread-1] INFO  server.RaftServerConfigKeys (ConfUtils.java:logGet(46)) - raft.server.sleep.deviation.threshold = 300ms (default)
2022-06-17 18:18:37,365 [pool-3-thread-1] INFO  server.RaftServer$Division (ServerState.java:<init>(107)) - s2@group-082BF26D8677: ConfigurationManager, init=-1: [s0|rpc:localhost:35077|admin:localhost:40845|client:localhost:35419|dataStream:localhost:44437|priority:0, s1|rpc:localhost:44401|admin:localhost:36685|client:localhost:34645|dataStream:localhost:39085|priority:0, s2|rpc:localhost:35007|admin:localhost:43603|client:localhost:43447|dataStream:localhost:38965|priority:0], old=null, confs=<EMPTY_MAP>
2022-06-17 18:18:37,366 [pool-3-thread-1] INFO  server.RaftServerConfigKeys (ConfUtils.java:logGet(46)) - raft.server.storage.dir = [/home/runner/work/ratis/ratis/ratis-test/target/test/data/70519703/MiniRaftClusterWithGrpcce442cb4/s2] (custom)
2022-06-17 18:18:37,366 [pool-2-thread-1] INFO  server.RaftServer$Division (ServerState.java:<init>(107)) - s1@group-082BF26D8677: ConfigurationManager, init=-1: [s0|rpc:localhost:35077|admin:localhost:40845|client:localhost:35419|dataStream:localhost:44437|priority:0, s1|rpc:localhost:44401|admin:localhost:36685|client:localhost:34645|dataStream:localhost:39085|priority:0, s2|rpc:localhost:35007|admin:localhost:43603|client:localhost:43447|dataStream:localhost:38965|priority:0], old=null, confs=<EMPTY_MAP>
2022-06-17 18:18:37,367 [pool-2-thread-1] INFO  server.RaftServerConfigKeys (ConfUtils.java:logGet(46)) - raft.server.storage.dir = [/home/runner/work/ratis/ratis/ratis-test/target/test/data/70519703/MiniRaftClusterWithGrpcce442cb4/s1] (custom)
2022-06-17 18:18:37,367 [pool-1-thread-1] INFO  server.RaftServer$Division (ServerState.java:<init>(107)) - s0@group-082BF26D8677: ConfigurationManager, init=-1: [s0|rpc:localhost:35077|admin:localhost:40845|client:localhost:35419|dataStream:localhost:44437|priority:0, s1|rpc:localhost:44401|admin:localhost:36685|client:localhost:34645|dataStream:localhost:39085|priority:0, s2|rpc:localhost:35007|admin:localhost:43603|client:localhost:43447|dataStream:localhost:38965|priority:0], old=null, confs=<EMPTY_MAP>
2022-06-17 18:18:37,367 [pool-1-thread-1] INFO  server.RaftServerConfigKeys (ConfUtils.java:logGet(46)) - raft.server.storage.dir = [/home/runner/work/ratis/ratis/ratis-test/target/test/data/70519703/MiniRaftClusterWithGrpcce442cb4/s0] (custom)
2022-06-17 18:18:37,370 [pool-1-thread-1] INFO  server.RaftServerConfigKeys (ConfUtils.java:logGet(46)) - raft.server.log.corruption.policy = EXCEPTION (default)
2022-06-17 18:18:37,370 [pool-3-thread-1] INFO  server.RaftServerConfigKeys (ConfUtils.java:logGet(46)) - raft.server.log.corruption.policy = EXCEPTION (default)
2022-06-17 18:18:37,370 [pool-1-thread-1] INFO  server.RaftServerConfigKeys (ConfUtils.java:logGet(46)) - raft.server.storage.free-space.min = 0MB (=0) (default)
2022-06-17 18:18:37,370 [pool-3-thread-1] INFO  server.RaftServerConfigKeys (ConfUtils.java:logGet(46)) - raft.server.storage.free-space.min = 0MB (=0) (default)
2022-06-17 18:18:37,371 [pool-2-thread-1] INFO  server.RaftServerConfigKeys (ConfUtils.java:logGet(46)) - raft.server.log.corruption.policy = EXCEPTION (default)
2022-06-17 18:18:37,371 [pool-2-thread-1] INFO  server.RaftServerConfigKeys (ConfUtils.java:logGet(46)) - raft.server.storage.free-space.min = 0MB (=0) (default)
2022-06-17 18:18:37,373 [pool-3-thread-1] INFO  storage.RaftStorageDirectory (RaftStorageDirectoryImpl.java:analyzeStorage(135)) - The storage directory /home/runner/work/ratis/ratis/ratis-test/target/test/data/70519703/MiniRaftClusterWithGrpcce442cb4/s2/ede21475-922e-487a-a389-082bf26d8677 does not exist. Creating ...
2022-06-17 18:18:37,373 [pool-1-thread-1] INFO  storage.RaftStorageDirectory (RaftStorageDirectoryImpl.java:analyzeStorage(135)) - The storage directory /home/runner/work/ratis/ratis/ratis-test/target/test/data/70519703/MiniRaftClusterWithGrpcce442cb4/s0/ede21475-922e-487a-a389-082bf26d8677 does not exist. Creating ...
2022-06-17 18:18:37,373 [pool-2-thread-1] INFO  storage.RaftStorageDirectory (RaftStorageDirectoryImpl.java:analyzeStorage(135)) - The storage directory /home/runner/work/ratis/ratis/ratis-test/target/test/data/70519703/MiniRaftClusterWithGrpcce442cb4/s1/ede21475-922e-487a-a389-082bf26d8677 does not exist. Creating ...
2022-06-17 18:18:37,378 [pool-2-thread-1] TRACE util.FileUtils (LogUtils.java:runAndLog(49)) - Successfully ran Files.createDirectories /home/runner/work/ratis/ratis/ratis-test/target/test/data/70519703/MiniRaftClusterWithGrpcce442cb4/s1/ede21475-922e-487a-a389-082bf26d8677
2022-06-17 18:18:37,378 [pool-3-thread-1] TRACE util.FileUtils (LogUtils.java:runAndLog(49)) - Successfully ran Files.createDirectories /home/runner/work/ratis/ratis/ratis-test/target/test/data/70519703/MiniRaftClusterWithGrpcce442cb4/s2/ede21475-922e-487a-a389-082bf26d8677
2022-06-17 18:18:37,380 [pool-1-thread-1] TRACE util.FileUtils (LogUtils.java:runAndLog(49)) - Successfully ran Files.createDirectories /home/runner/work/ratis/ratis/ratis-test/target/test/data/70519703/MiniRaftClusterWithGrpcce442cb4/s0/ede21475-922e-487a-a389-082bf26d8677
2022-06-17 18:18:37,382 [pool-1-thread-1] INFO  storage.RaftStorageDirectory (RaftStorageDirectoryImpl.java:tryLock(230)) - Lock on /home/runner/work/ratis/ratis/ratis-test/target/test/data/70519703/MiniRaftClusterWithGrpcce442cb4/s0/ede21475-922e-487a-a389-082bf26d8677/in_use.lock acquired by nodename 12214@fv-az100-34.lvikyppndulupckvvu2z5ab3fa.bx.internal.cloudapp.net
2022-06-17 18:18:37,382 [pool-3-thread-1] INFO  storage.RaftStorageDirectory (RaftStorageDirectoryImpl.java:tryLock(230)) - Lock on /home/runner/work/ratis/ratis/ratis-test/target/test/data/70519703/MiniRaftClusterWithGrpcce442cb4/s2/ede21475-922e-487a-a389-082bf26d8677/in_use.lock acquired by nodename 12214@fv-az100-34.lvikyppndulupckvvu2z5ab3fa.bx.internal.cloudapp.net
2022-06-17 18:18:37,386 [pool-1-thread-1] TRACE util.FileUtils (LogUtils.java:runAndLog(49)) - Successfully ran Files.createDirectories /home/runner/work/ratis/ratis/ratis-test/target/test/data/70519703/MiniRaftClusterWithGrpcce442cb4/s0/ede21475-922e-487a-a389-082bf26d8677/current
2022-06-17 18:18:37,386 [pool-1-thread-1] TRACE util.FileUtils (LogUtils.java:runAndLog(49)) - Successfully ran Files.createDirectories /home/runner/work/ratis/ratis/ratis-test/target/test/data/70519703/MiniRaftClusterWithGrpcce442cb4/s0/ede21475-922e-487a-a389-082bf26d8677/sm
2022-06-17 18:18:37,389 [pool-3-thread-1] TRACE util.FileUtils (LogUtils.java:runAndLog(49)) - Successfully ran Files.createDirectories /home/runner/work/ratis/ratis/ratis-test/target/test/data/70519703/MiniRaftClusterWithGrpcce442cb4/s2/ede21475-922e-487a-a389-082bf26d8677/current
2022-06-17 18:18:37,389 [pool-3-thread-1] TRACE util.FileUtils (LogUtils.java:runAndLog(49)) - Successfully ran Files.createDirectories /home/runner/work/ratis/ratis/ratis-test/target/test/data/70519703/MiniRaftClusterWithGrpcce442cb4/s2/ede21475-922e-487a-a389-082bf26d8677/sm
2022-06-17 18:18:37,392 [pool-2-thread-1] INFO  storage.RaftStorageDirectory (RaftStorageDirectoryImpl.java:tryLock(230)) - Lock on /home/runner/work/ratis/ratis/ratis-test/target/test/data/70519703/MiniRaftClusterWithGrpcce442cb4/s1/ede21475-922e-487a-a389-082bf26d8677/in_use.lock acquired by nodename 12214@fv-az100-34.lvikyppndulupckvvu2z5ab3fa.bx.internal.cloudapp.net
2022-06-17 18:18:37,393 [pool-2-thread-1] TRACE util.FileUtils (LogUtils.java:runAndLog(49)) - Successfully ran Files.createDirectories /home/runner/work/ratis/ratis/ratis-test/target/test/data/70519703/MiniRaftClusterWithGrpcce442cb4/s1/ede21475-922e-487a-a389-082bf26d8677/current
2022-06-17 18:18:37,393 [pool-2-thread-1] TRACE util.FileUtils (LogUtils.java:runAndLog(49)) - Successfully ran Files.createDirectories /home/runner/work/ratis/ratis/ratis-test/target/test/data/70519703/MiniRaftClusterWithGrpcce442cb4/s1/ede21475-922e-487a-a389-082bf26d8677/sm
2022-06-17 18:18:37,393 [pool-1-thread-1] INFO  storage.RaftStorage (RaftStorageImpl.java:format(79)) - Storage directory /home/runner/work/ratis/ratis/ratis-test/target/test/data/70519703/MiniRaftClusterWithGrpcce442cb4/s0/ede21475-922e-487a-a389-082bf26d8677 has been successfully formatted.
2022-06-17 18:18:37,395 [pool-1-thread-1] INFO  statemachine.SimpleStateMachine4Testing (SimpleStateMachine4Testing.java:initialize(212)) - Initializing SimpleStateMachine4Testing:uninitialized
2022-06-17 18:18:37,396 [pool-1-thread-1] INFO  statemachine.SimpleStateMachine4Testing (SimpleStateMachine4Testing.java:loadSnapshot(306)) - The snapshot file null does not exist
2022-06-17 18:18:37,397 [pool-1-thread-1] INFO  server.RaftServerConfigKeys (ConfUtils.java:logGet(46)) - raft.server.notification.no-leader.timeout = 60s (default)
2022-06-17 18:18:37,393 [pool-3-thread-1] INFO  storage.RaftStorage (RaftStorageImpl.java:format(79)) - Storage directory /home/runner/work/ratis/ratis/ratis-test/target/test/data/70519703/MiniRaftClusterWithGrpcce442cb4/s2/ede21475-922e-487a-a389-082bf26d8677 has been successfully formatted.
2022-06-17 18:18:37,398 [pool-3-thread-1] INFO  statemachine.SimpleStateMachine4Testing (SimpleStateMachine4Testing.java:initialize(212)) - Initializing SimpleStateMachine4Testing:uninitialized
2022-06-17 18:18:37,398 [pool-3-thread-1] INFO  statemachine.SimpleStateMachine4Testing (SimpleStateMachine4Testing.java:loadSnapshot(306)) - The snapshot file null does not exist
2022-06-17 18:18:37,398 [pool-3-thread-1] INFO  server.RaftServerConfigKeys (ConfUtils.java:logGet(46)) - raft.server.notification.no-leader.timeout = 60s (default)
2022-06-17 18:18:37,400 [pool-3-thread-1] INFO  server.RaftServerConfigKeys (ConfUtils.java:logGet(46)) - raft.server.log.use.memory = false (default)
2022-06-17 18:18:37,402 [pool-2-thread-1] INFO  storage.RaftStorage (RaftStorageImpl.java:format(79)) - Storage directory /home/runner/work/ratis/ratis/ratis-test/target/test/data/70519703/MiniRaftClusterWithGrpcce442cb4/s1/ede21475-922e-487a-a389-082bf26d8677 has been successfully formatted.
2022-06-17 18:18:37,402 [pool-2-thread-1] INFO  statemachine.SimpleStateMachine4Testing (SimpleStateMachine4Testing.java:initialize(212)) - Initializing SimpleStateMachine4Testing:uninitialized
2022-06-17 18:18:37,402 [pool-2-thread-1] INFO  statemachine.SimpleStateMachine4Testing (SimpleStateMachine4Testing.java:loadSnapshot(306)) - The snapshot file null does not exist
2022-06-17 18:18:37,402 [pool-2-thread-1] INFO  server.RaftServerConfigKeys (ConfUtils.java:logGet(46)) - raft.server.notification.no-leader.timeout = 60s (default)
2022-06-17 18:18:37,402 [pool-2-thread-1] INFO  server.RaftServerConfigKeys (ConfUtils.java:logGet(46)) - raft.server.log.use.memory = false (default)
2022-06-17 18:18:37,403 [pool-1-thread-1] INFO  server.RaftServerConfigKeys (ConfUtils.java:logGet(46)) - raft.server.log.use.memory = false (default)
2022-06-17 18:18:37,407 [pool-2-thread-1] INFO  server.RaftServerConfigKeys (ConfUtils.java:logGet(46)) - raft.server.log.purge.gap = 1024 (default)
2022-06-17 18:18:37,408 [pool-2-thread-1] INFO  server.RaftServerConfigKeys (ConfUtils.java:logGet(46)) - raft.server.log.appender.buffer.byte-limit = 4MB (=4194304) (default)
2022-06-17 18:18:37,409 [pool-2-thread-1] INFO  server.RaftServerConfigKeys (ConfUtils.java:logGet(46)) - raft.server.log.statemachine.data.read.timeout = 1000ms (default)
2022-06-17 18:18:37,409 [pool-3-thread-1] INFO  server.RaftServerConfigKeys (ConfUtils.java:logGet(46)) - raft.server.log.purge.gap = 1024 (default)
2022-06-17 18:18:37,409 [pool-3-thread-1] INFO  server.RaftServerConfigKeys (ConfUtils.java:logGet(46)) - raft.server.log.appender.buffer.byte-limit = 4MB (=4194304) (default)
2022-06-17 18:18:37,409 [pool-3-thread-1] INFO  server.RaftServerConfigKeys (ConfUtils.java:logGet(46)) - raft.server.log.statemachine.data.read.timeout = 1000ms (default)
2022-06-17 18:18:37,411 [pool-1-thread-1] INFO  server.RaftServerConfigKeys (ConfUtils.java:logGet(46)) - raft.server.log.purge.gap = 1024 (default)
2022-06-17 18:18:37,411 [pool-1-thread-1] INFO  server.RaftServerConfigKeys (ConfUtils.java:logGet(46)) - raft.server.log.appender.buffer.byte-limit = 4MB (=4194304) (default)
2022-06-17 18:18:37,411 [pool-1-thread-1] INFO  server.RaftServerConfigKeys (ConfUtils.java:logGet(46)) - raft.server.log.statemachine.data.read.timeout = 1000ms (default)
2022-06-17 18:18:37,413 [pool-2-thread-1] INFO  metrics.MetricRegistries (MetricRegistriesLoader.java:load(64)) - Loaded MetricRegistries class org.apache.ratis.metrics.impl.MetricRegistriesImpl
2022-06-17 18:18:37,463 [pool-2-thread-1] INFO  server.RaftServerConfigKeys (ConfUtils.java:logGet(46)) - raft.server.log.segment.size.max = 8MB (=8388608) (default)
2022-06-17 18:18:37,463 [pool-1-thread-1] INFO  server.RaftServerConfigKeys (ConfUtils.java:logGet(46)) - raft.server.log.segment.size.max = 8MB (=8388608) (default)
2022-06-17 18:18:37,465 [pool-3-thread-1] INFO  server.RaftServerConfigKeys (ConfUtils.java:logGet(46)) - raft.server.log.segment.size.max = 8MB (=8388608) (default)
2022-06-17 18:18:37,470 [pool-2-thread-1] INFO  server.RaftServerConfigKeys (ConfUtils.java:logGet(46)) - raft.server.log.segment.cache.num.max = 6 (default)
2022-06-17 18:18:37,470 [pool-1-thread-1] INFO  server.RaftServerConfigKeys (ConfUtils.java:logGet(46)) - raft.server.log.segment.cache.num.max = 6 (default)
2022-06-17 18:18:37,470 [pool-2-thread-1] INFO  server.RaftServerConfigKeys (ConfUtils.java:logGet(46)) - raft.server.log.segment.cache.size.max = 200MB (=209715200) (default)
2022-06-17 18:18:37,470 [pool-1-thread-1] INFO  server.RaftServerConfigKeys (ConfUtils.java:logGet(46)) - raft.server.log.segment.cache.size.max = 200MB (=209715200) (default)
2022-06-17 18:18:37,473 [pool-3-thread-1] INFO  server.RaftServerConfigKeys (ConfUtils.java:logGet(46)) - raft.server.log.segment.cache.num.max = 6 (default)
2022-06-17 18:18:37,473 [pool-3-thread-1] INFO  server.RaftServerConfigKeys (ConfUtils.java:logGet(46)) - raft.server.log.segment.cache.size.max = 200MB (=209715200) (default)
2022-06-17 18:18:37,474 [pool-3-thread-1] INFO  segmented.SegmentedRaftLogWorker (SegmentedRaftLogWorker.java:<init>(187)) - new s2@group-082BF26D8677-SegmentedRaftLogWorker for RaftStorageImpl:Storage Directory /home/runner/work/ratis/ratis/ratis-test/target/test/data/70519703/MiniRaftClusterWithGrpcce442cb4/s2/ede21475-922e-487a-a389-082bf26d8677
2022-06-17 18:18:37,474 [pool-1-thread-1] INFO  segmented.SegmentedRaftLogWorker (SegmentedRaftLogWorker.java:<init>(187)) - new s0@group-082BF26D8677-SegmentedRaftLogWorker for RaftStorageImpl:Storage Directory /home/runner/work/ratis/ratis/ratis-test/target/test/data/70519703/MiniRaftClusterWithGrpcce442cb4/s0/ede21475-922e-487a-a389-082bf26d8677
2022-06-17 18:18:37,474 [pool-3-thread-1] INFO  server.RaftServerConfigKeys (ConfUtils.java:logGet(46)) - raft.server.log.queue.byte-limit = 64MB (=67108864) (default)
2022-06-17 18:18:37,474 [pool-1-thread-1] INFO  server.RaftServerConfigKeys (ConfUtils.java:logGet(46)) - raft.server.log.queue.byte-limit = 64MB (=67108864) (default)
2022-06-17 18:18:37,474 [pool-3-thread-1] INFO  server.RaftServerConfigKeys (ConfUtils.java:logGet(46)) - raft.server.log.queue.element-limit = 4096 (default)
2022-06-17 18:18:37,475 [pool-1-thread-1] INFO  server.RaftServerConfigKeys (ConfUtils.java:logGet(46)) - raft.server.log.queue.element-limit = 4096 (default)
2022-06-17 18:18:37,475 [pool-3-thread-1] INFO  server.RaftServerConfigKeys (ConfUtils.java:logGet(46)) - raft.server.log.segment.size.max = 8MB (=8388608) (default)
2022-06-17 18:18:37,475 [pool-3-thread-1] INFO  server.RaftServerConfigKeys (ConfUtils.java:logGet(46)) - raft.server.log.preallocated.size = 4MB (=4194304) (default)
2022-06-17 18:18:37,475 [pool-1-thread-1] INFO  server.RaftServerConfigKeys (ConfUtils.java:logGet(46)) - raft.server.log.segment.size.max = 8MB (=8388608) (default)
2022-06-17 18:18:37,476 [pool-1-thread-1] INFO  server.RaftServerConfigKeys (ConfUtils.java:logGet(46)) - raft.server.log.preallocated.size = 4MB (=4194304) (default)
2022-06-17 18:18:37,476 [pool-3-thread-1] INFO  server.RaftServerConfigKeys (ConfUtils.java:logGet(46)) - raft.server.log.force.sync.num = 128 (default)
2022-06-17 18:18:37,476 [pool-1-thread-1] INFO  server.RaftServerConfigKeys (ConfUtils.java:logGet(46)) - raft.server.log.force.sync.num = 128 (default)
2022-06-17 18:18:37,476 [pool-3-thread-1] INFO  server.RaftServerConfigKeys (ConfUtils.java:logGet(46)) - raft.server.log.statemachine.data.sync = true (default)
2022-06-17 18:18:37,477 [pool-3-thread-1] INFO  server.RaftServerConfigKeys (ConfUtils.java:logGet(46)) - raft.server.log.statemachine.data.sync.timeout = 10s (default)
2022-06-17 18:18:37,477 [pool-1-thread-1] INFO  server.RaftServerConfigKeys (ConfUtils.java:logGet(46)) - raft.server.log.statemachine.data.sync = true (default)
2022-06-17 18:18:37,477 [pool-1-thread-1] INFO  server.RaftServerConfigKeys (ConfUtils.java:logGet(46)) - raft.server.log.statemachine.data.sync.timeout = 10s (default)
2022-06-17 18:18:37,477 [pool-3-thread-1] INFO  server.RaftServerConfigKeys (ConfUtils.java:logGet(46)) - raft.server.log.statemachine.data.sync.timeout.retry = -1 (default)
2022-06-17 18:18:37,477 [pool-1-thread-1] INFO  server.RaftServerConfigKeys (ConfUtils.java:logGet(46)) - raft.server.log.statemachine.data.sync.timeout.retry = -1 (default)
2022-06-17 18:18:37,478 [pool-2-thread-1] INFO  segmented.SegmentedRaftLogWorker (SegmentedRaftLogWorker.java:<init>(187)) - new s1@group-082BF26D8677-SegmentedRaftLogWorker for RaftStorageImpl:Storage Directory /home/runner/work/ratis/ratis/ratis-test/target/test/data/70519703/MiniRaftClusterWithGrpcce442cb4/s1/ede21475-922e-487a-a389-082bf26d8677
2022-06-17 18:18:37,478 [pool-2-thread-1] INFO  server.RaftServerConfigKeys (ConfUtils.java:logGet(46)) - raft.server.log.queue.byte-limit = 64MB (=67108864) (default)
2022-06-17 18:18:37,479 [pool-2-thread-1] INFO  server.RaftServerConfigKeys (ConfUtils.java:logGet(46)) - raft.server.log.queue.element-limit = 4096 (default)
2022-06-17 18:18:37,479 [pool-2-thread-1] INFO  server.RaftServerConfigKeys (ConfUtils.java:logGet(46)) - raft.server.log.segment.size.max = 8MB (=8388608) (default)
2022-06-17 18:18:37,479 [pool-2-thread-1] INFO  server.RaftServerConfigKeys (ConfUtils.java:logGet(46)) - raft.server.log.preallocated.size = 4MB (=4194304) (default)
2022-06-17 18:18:37,479 [pool-2-thread-1] INFO  server.RaftServerConfigKeys (ConfUtils.java:logGet(46)) - raft.server.log.force.sync.num = 128 (default)
2022-06-17 18:18:37,479 [pool-2-thread-1] INFO  server.RaftServerConfigKeys (ConfUtils.java:logGet(46)) - raft.server.log.statemachine.data.sync = true (default)
2022-06-17 18:18:37,479 [pool-2-thread-1] INFO  server.RaftServerConfigKeys (ConfUtils.java:logGet(46)) - raft.server.log.statemachine.data.sync.timeout = 10s (default)
2022-06-17 18:18:37,479 [pool-2-thread-1] INFO  server.RaftServerConfigKeys (ConfUtils.java:logGet(46)) - raft.server.log.statemachine.data.sync.timeout.retry = -1 (default)
2022-06-17 18:18:37,487 [pool-3-thread-1] INFO  server.RaftServerConfigKeys (ConfUtils.java:logGet(46)) - raft.server.log.write.buffer.size = 64KB (=65536) (default)
2022-06-17 18:18:37,487 [pool-1-thread-1] INFO  server.RaftServerConfigKeys (ConfUtils.java:logGet(46)) - raft.server.log.write.buffer.size = 64KB (=65536) (default)
2022-06-17 18:18:37,487 [pool-3-thread-1] INFO  server.RaftServerConfigKeys (ConfUtils.java:logGet(46)) - raft.server.log.unsafe-flush.enabled = false (default)
2022-06-17 18:18:37,487 [pool-1-thread-1] INFO  server.RaftServerConfigKeys (ConfUtils.java:logGet(46)) - raft.server.log.unsafe-flush.enabled = false (default)
2022-06-17 18:18:37,488 [pool-3-thread-1] INFO  server.RaftServerConfigKeys (ConfUtils.java:logGet(46)) - raft.server.log.statemachine.data.caching.enabled = false (default)
2022-06-17 18:18:37,488 [pool-1-thread-1] INFO  server.RaftServerConfigKeys (ConfUtils.java:logGet(46)) - raft.server.log.statemachine.data.caching.enabled = false (default)
2022-06-17 18:18:37,488 [pool-2-thread-1] INFO  server.RaftServerConfigKeys (ConfUtils.java:logGet(46)) - raft.server.log.write.buffer.size = 64KB (=65536) (default)
2022-06-17 18:18:37,488 [pool-2-thread-1] INFO  server.RaftServerConfigKeys (ConfUtils.java:logGet(46)) - raft.server.log.unsafe-flush.enabled = false (default)
2022-06-17 18:18:37,488 [pool-2-thread-1] INFO  server.RaftServerConfigKeys (ConfUtils.java:logGet(46)) - raft.server.log.statemachine.data.caching.enabled = false (default)
2022-06-17 18:18:37,493 [pool-1-thread-1] INFO  segmented.SegmentedRaftLogWorker (SegmentedRaftLogWorker.java:lambda$new$0(135)) - s0@group-082BF26D8677-SegmentedRaftLogWorker: flushIndex: setUnconditionally 0 -> -1
2022-06-17 18:18:37,493 [pool-1-thread-1] INFO  segmented.SegmentedRaftLogWorker (SegmentedRaftLogWorker.java:lambda$new$0(135)) - s0@group-082BF26D8677-SegmentedRaftLogWorker: safeCacheEvictIndex: setUnconditionally 0 -> -1
2022-06-17 18:18:37,493 [pool-2-thread-1] INFO  segmented.SegmentedRaftLogWorker (SegmentedRaftLogWorker.java:lambda$new$0(135)) - s1@group-082BF26D8677-SegmentedRaftLogWorker: flushIndex: setUnconditionally 0 -> -1
2022-06-17 18:18:37,493 [pool-2-thread-1] INFO  segmented.SegmentedRaftLogWorker (SegmentedRaftLogWorker.java:lambda$new$0(135)) - s1@group-082BF26D8677-SegmentedRaftLogWorker: safeCacheEvictIndex: setUnconditionally 0 -> -1
2022-06-17 18:18:37,493 [pool-3-thread-1] INFO  segmented.SegmentedRaftLogWorker (SegmentedRaftLogWorker.java:lambda$new$0(135)) - s2@group-082BF26D8677-SegmentedRaftLogWorker: flushIndex: setUnconditionally 0 -> -1
2022-06-17 18:18:37,493 [pool-3-thread-1] INFO  segmented.SegmentedRaftLogWorker (SegmentedRaftLogWorker.java:lambda$new$0(135)) - s2@group-082BF26D8677-SegmentedRaftLogWorker: safeCacheEvictIndex: setUnconditionally 0 -> -1
2022-06-17 18:18:37,499 [pool-1-thread-1] INFO  server.RaftServerConfigKeys (ConfUtils.java:logGet(46)) - raft.server.snapshot.auto.trigger.enabled = false (default)
2022-06-17 18:18:37,500 [pool-1-thread-1] INFO  server.RaftServerConfigKeys (ConfUtils.java:logGet(46)) - raft.server.snapshot.retention.file.num = -1 (default)
2022-06-17 18:18:37,500 [pool-1-thread-1] INFO  server.RaftServerConfigKeys (ConfUtils.java:logGet(46)) - raft.server.log.purge.upto.snapshot.index = false (default)
2022-06-17 18:18:37,502 [pool-3-thread-1] INFO  server.RaftServerConfigKeys (ConfUtils.java:logGet(46)) - raft.server.snapshot.auto.trigger.enabled = false (default)
2022-06-17 18:18:37,502 [pool-3-thread-1] INFO  server.RaftServerConfigKeys (ConfUtils.java:logGet(46)) - raft.server.snapshot.retention.file.num = -1 (default)
2022-06-17 18:18:37,502 [pool-3-thread-1] INFO  server.RaftServerConfigKeys (ConfUtils.java:logGet(46)) - raft.server.log.purge.upto.snapshot.index = false (default)
2022-06-17 18:18:37,502 [pool-2-thread-1] INFO  server.RaftServerConfigKeys (ConfUtils.java:logGet(46)) - raft.server.snapshot.auto.trigger.enabled = false (default)
2022-06-17 18:18:37,503 [pool-2-thread-1] INFO  server.RaftServerConfigKeys (ConfUtils.java:logGet(46)) - raft.server.snapshot.retention.file.num = -1 (default)
2022-06-17 18:18:37,503 [pool-2-thread-1] INFO  server.RaftServerConfigKeys (ConfUtils.java:logGet(46)) - raft.server.log.purge.upto.snapshot.index = false (default)
2022-06-17 18:18:37,504 [pool-2-thread-1] INFO  server.RaftServerConfigKeys (ConfUtils.java:logGet(46)) - raft.server.retrycache.expirytime = 60s (default)
2022-06-17 18:18:37,504 [pool-2-thread-1] INFO  server.RaftServerConfigKeys (ConfUtils.java:logGet(46)) - raft.server.retrycache.statistics.expirytime = 100μs (default)
2022-06-17 18:18:37,506 [pool-1-thread-1] INFO  server.RaftServerConfigKeys (ConfUtils.java:logGet(46)) - raft.server.retrycache.expirytime = 60s (default)
2022-06-17 18:18:37,506 [pool-1-thread-1] INFO  server.RaftServerConfigKeys (ConfUtils.java:logGet(46)) - raft.server.retrycache.statistics.expirytime = 100μs (default)
2022-06-17 18:18:37,506 [pool-3-thread-1] INFO  server.RaftServerConfigKeys (ConfUtils.java:logGet(46)) - raft.server.retrycache.expirytime = 60s (default)
2022-06-17 18:18:37,506 [pool-3-thread-1] INFO  server.RaftServerConfigKeys (ConfUtils.java:logGet(46)) - raft.server.retrycache.statistics.expirytime = 100μs (default)
2022-06-17 18:18:37,529 [pool-3-thread-1] INFO  server.RaftServerConfigKeys (ConfUtils.java:logGet(46)) - raft.server.log.appender.install.snapshot.enabled = true (default)
2022-06-17 18:18:37,530 [pool-2-thread-1] INFO  server.RaftServerConfigKeys (ConfUtils.java:logGet(46)) - raft.server.log.appender.install.snapshot.enabled = true (default)
2022-06-17 18:18:37,530 [pool-2-thread-1] INFO  server.RaftServerConfigKeys (ConfUtils.java:logGet(46)) - raft.server.threadpool.server.cached = true (default)
2022-06-17 18:18:37,530 [pool-2-thread-1] INFO  server.RaftServerConfigKeys (ConfUtils.java:logGet(46)) - raft.server.threadpool.server.size = 0 (default)
2022-06-17 18:18:37,531 [pool-2-thread-1] INFO  server.RaftServerConfigKeys (ConfUtils.java:logGet(46)) - raft.server.threadpool.client.cached = true (default)
2022-06-17 18:18:37,531 [pool-2-thread-1] INFO  server.RaftServerConfigKeys (ConfUtils.java:logGet(46)) - raft.server.threadpool.client.size = 0 (default)
2022-06-17 18:18:37,531 [pool-3-thread-1] INFO  server.RaftServerConfigKeys (ConfUtils.java:logGet(46)) - raft.server.threadpool.server.cached = true (default)
2022-06-17 18:18:37,531 [pool-3-thread-1] INFO  server.RaftServerConfigKeys (ConfUtils.java:logGet(46)) - raft.server.threadpool.server.size = 0 (default)
2022-06-17 18:18:37,531 [pool-3-thread-1] INFO  server.RaftServerConfigKeys (ConfUtils.java:logGet(46)) - raft.server.threadpool.client.cached = true (default)
2022-06-17 18:18:37,532 [pool-3-thread-1] INFO  server.RaftServerConfigKeys (ConfUtils.java:logGet(46)) - raft.server.threadpool.client.size = 0 (default)
2022-06-17 18:18:37,537 [pool-1-thread-1] INFO  server.RaftServerConfigKeys (ConfUtils.java:logGet(46)) - raft.server.log.appender.install.snapshot.enabled = true (default)
2022-06-17 18:18:37,537 [pool-1-thread-1] INFO  server.RaftServerConfigKeys (ConfUtils.java:logGet(46)) - raft.server.threadpool.server.cached = true (default)
2022-06-17 18:18:37,537 [pool-1-thread-1] INFO  server.RaftServerConfigKeys (ConfUtils.java:logGet(46)) - raft.server.threadpool.server.size = 0 (default)
2022-06-17 18:18:37,537 [pool-1-thread-1] INFO  server.RaftServerConfigKeys (ConfUtils.java:logGet(46)) - raft.server.threadpool.client.cached = true (default)
2022-06-17 18:18:37,537 [pool-1-thread-1] INFO  server.RaftServerConfigKeys (ConfUtils.java:logGet(46)) - raft.server.threadpool.client.size = 0 (default)
2022-06-17 18:18:37,539 [s0-impl-thread1] INFO  server.RaftServer$Division (RaftServerImpl.java:start(310)) - s0@group-082BF26D8677: start as a follower, conf=-1: [s0|rpc:localhost:35077|admin:localhost:40845|client:localhost:35419|dataStream:localhost:44437|priority:0, s1|rpc:localhost:44401|admin:localhost:36685|client:localhost:34645|dataStream:localhost:39085|priority:0, s2|rpc:localhost:35007|admin:localhost:43603|client:localhost:43447|dataStream:localhost:38965|priority:0], old=null
2022-06-17 18:18:37,539 [s0-impl-thread1] INFO  server.RaftServer$Division (RaftServerImpl.java:setRole(299)) - s0@group-082BF26D8677: changes role from      null to FOLLOWER at term 0 for startAsFollower
2022-06-17 18:18:37,540 [s0-impl-thread1] INFO  impl.RoleInfo (RoleInfo.java:updateAndGet(139)) - s0: start s0@group-082BF26D8677-FollowerState
2022-06-17 18:18:37,543 [s0-impl-thread1] INFO  util.JmxRegister (JmxRegister.java:tryRegister(44)) - Successfully registered JMX Bean with object name Ratis:service=RaftServer,group=group-082BF26D8677,id=s0
2022-06-17 18:18:37,546 [Time-limited test] INFO  server.RaftServer (RaftServerProxy.java:lambda$start$6(382)) - s0: start RPC server
2022-06-17 18:18:37,579 [Time-limited test] INFO  server.GrpcService (GrpcService.java:startImpl(260)) - s0: GrpcService started, listening on 35077
2022-06-17 18:18:37,580 [Time-limited test] INFO  server.GrpcService (GrpcService.java:startImpl(260)) - s0: GrpcService started, listening on 40845
2022-06-17 18:18:37,582 [Time-limited test] INFO  server.GrpcService (GrpcService.java:startImpl(260)) - s0: GrpcService started, listening on 35419
2022-06-17 18:18:37,585 [s1-impl-thread1] INFO  server.RaftServer$Division (RaftServerImpl.java:start(310)) - s1@group-082BF26D8677: start as a follower, conf=-1: [s0|rpc:localhost:35077|admin:localhost:40845|client:localhost:35419|dataStream:localhost:44437|priority:0, s1|rpc:localhost:44401|admin:localhost:36685|client:localhost:34645|dataStream:localhost:39085|priority:0, s2|rpc:localhost:35007|admin:localhost:43603|client:localhost:43447|dataStream:localhost:38965|priority:0], old=null
2022-06-17 18:18:37,585 [s1-impl-thread1] INFO  server.RaftServer$Division (RaftServerImpl.java:setRole(299)) - s1@group-082BF26D8677: changes role from      null to FOLLOWER at term 0 for startAsFollower
2022-06-17 18:18:37,585 [s1-impl-thread1] INFO  impl.RoleInfo (RoleInfo.java:updateAndGet(139)) - s1: start s1@group-082BF26D8677-FollowerState
2022-06-17 18:18:37,586 [org.apache.ratis.util.JvmPauseMonitor$$Lambda$309/689968265@7282a492] INFO  util.JvmPauseMonitor (JvmPauseMonitor.java:run(103)) - JvmPauseMonitor-s0: Started
2022-06-17 18:18:37,589 [s1-impl-thread1] INFO  util.JmxRegister (JmxRegister.java:tryRegister(44)) - Successfully registered JMX Bean with object name Ratis:service=RaftServer,group=group-082BF26D8677,id=s1
2022-06-17 18:18:37,590 [Time-limited test] INFO  server.RaftServer (RaftServerProxy.java:lambda$start$6(382)) - s1: start RPC server
2022-06-17 18:18:37,591 [Time-limited test] INFO  server.GrpcService (GrpcService.java:startImpl(260)) - s1: GrpcService started, listening on 44401
2022-06-17 18:18:37,591 [Time-limited test] INFO  server.GrpcService (GrpcService.java:startImpl(260)) - s1: GrpcService started, listening on 36685
2022-06-17 18:18:37,592 [Time-limited test] INFO  server.GrpcService (GrpcService.java:startImpl(260)) - s1: GrpcService started, listening on 34645
2022-06-17 18:18:37,592 [s2-impl-thread1] INFO  server.RaftServer$Division (RaftServerImpl.java:start(310)) - s2@group-082BF26D8677: start as a follower, conf=-1: [s0|rpc:localhost:35077|admin:localhost:40845|client:localhost:35419|dataStream:localhost:44437|priority:0, s1|rpc:localhost:44401|admin:localhost:36685|client:localhost:34645|dataStream:localhost:39085|priority:0, s2|rpc:localhost:35007|admin:localhost:43603|client:localhost:43447|dataStream:localhost:38965|priority:0], old=null
2022-06-17 18:18:37,592 [s2-impl-thread1] INFO  server.RaftServer$Division (RaftServerImpl.java:setRole(299)) - s2@group-082BF26D8677: changes role from      null to FOLLOWER at term 0 for startAsFollower
2022-06-17 18:18:37,592 [s2-impl-thread1] INFO  impl.RoleInfo (RoleInfo.java:updateAndGet(139)) - s2: start s2@group-082BF26D8677-FollowerState
2022-06-17 18:18:37,593 [org.apache.ratis.util.JvmPauseMonitor$$Lambda$309/689968265@4b872762] INFO  util.JvmPauseMonitor (JvmPauseMonitor.java:run(103)) - JvmPauseMonitor-s1: Started
2022-06-17 18:18:37,593 [s2-impl-thread1] INFO  util.JmxRegister (JmxRegister.java:tryRegister(44)) - Successfully registered JMX Bean with object name Ratis:service=RaftServer,group=group-082BF26D8677,id=s2
2022-06-17 18:18:37,593 [Time-limited test] INFO  server.RaftServer (RaftServerProxy.java:lambda$start$6(382)) - s2: start RPC server
2022-06-17 18:18:37,594 [Time-limited test] INFO  server.GrpcService (GrpcService.java:startImpl(260)) - s2: GrpcService started, listening on 35007
2022-06-17 18:18:37,594 [Time-limited test] INFO  server.GrpcService (GrpcService.java:startImpl(260)) - s2: GrpcService started, listening on 43603
2022-06-17 18:18:37,595 [Time-limited test] INFO  server.GrpcService (GrpcService.java:startImpl(260)) - s2: GrpcService started, listening on 43447
2022-06-17 18:18:37,596 [org.apache.ratis.util.JvmPauseMonitor$$Lambda$309/689968265@2cc6acb4] INFO  util.JvmPauseMonitor (JvmPauseMonitor.java:run(103)) - JvmPauseMonitor-s2: Started
2022-06-17 18:18:37,598 [Time-limited test] INFO  server.RaftServerConfigKeys (ConfUtils.java:logGet(46)) - raft.server.rpc.timeout.max = 300ms (default)
2022-06-17 18:18:37,599 [Time-limited test] INFO  ratis.RaftTestUtil (RaftTestUtil.java:waitForLeader(100)) - printing ALL groups
  s0:  RUNNING  FOLLOWER s0@group-082BF26D8677:t0, leader=null, voted=, raftlog=s0@group-082BF26D8677-SegmentedRaftLog:OPENED:c-1, conf=-1: [s0|rpc:localhost:35077|admin:localhost:40845|client:localhost:35419|dataStream:localhost:44437|priority:0, s1|rpc:localhost:44401|admin:localhost:36685|client:localhost:34645|dataStream:localhost:39085|priority:0, s2|rpc:localhost:35007|admin:localhost:43603|client:localhost:43447|dataStream:localhost:38965|priority:0], old=null RUNNING
  s1:  RUNNING  FOLLOWER s1@group-082BF26D8677:t0, leader=null, voted=, raftlog=s1@group-082BF26D8677-SegmentedRaftLog:OPENED:c-1, conf=-1: [s0|rpc:localhost:35077|admin:localhost:40845|client:localhost:35419|dataStream:localhost:44437|priority:0, s1|rpc:localhost:44401|admin:localhost:36685|client:localhost:34645|dataStream:localhost:39085|priority:0, s2|rpc:localhost:35007|admin:localhost:43603|client:localhost:43447|dataStream:localhost:38965|priority:0], old=null RUNNING
  s2:  RUNNING  FOLLOWER s2@group-082BF26D8677:t0, leader=null, voted=, raftlog=s2@group-082BF26D8677-SegmentedRaftLog:OPENED:c-1, conf=-1: [s0|rpc:localhost:35077|admin:localhost:40845|client:localhost:35419|dataStream:localhost:44437|priority:0, s1|rpc:localhost:44401|admin:localhost:36685|client:localhost:34645|dataStream:localhost:39085|priority:0, s2|rpc:localhost:35007|admin:localhost:43603|client:localhost:43447|dataStream:localhost:38965|priority:0], old=null RUNNING
2022-06-17 18:18:37,602 [Time-limited test] WARN  ratis.RaftTestUtil (JavaUtils.java:attempt(172)) - FAILED "waitForLeader-null-(expectLeader? true)", attempt #1/100: java.lang.IllegalStateException: No leader yet : printing ALL groups
  s0:  RUNNING  FOLLOWER s0@group-082BF26D8677:t0, leader=null, voted=, raftlog=s0@group-082BF26D8677-SegmentedRaftLog:OPENED:c-1, conf=-1: [s0|rpc:localhost:35077|admin:localhost:40845|client:localhost:35419|dataStream:localhost:44437|priority:0, s1|rpc:localhost:44401|admin:localhost:36685|client:localhost:34645|dataStream:localhost:39085|priority:0, s2|rpc:localhost:35007|admin:localhost:43603|client:localhost:43447|dataStream:localhost:38965|priority:0], old=null RUNNING
  s1:  RUNNING  FOLLOWER s1@group-082BF26D8677:t0, leader=null, voted=, raftlog=s1@group-082BF26D8677-SegmentedRaftLog:OPENED:c-1, conf=-1: [s0|rpc:localhost:35077|admin:localhost:40845|client:localhost:35419|dataStream:localhost:44437|priority:0, s1|rpc:localhost:44401|admin:localhost:36685|client:localhost:34645|dataStream:localhost:39085|priority:0, s2|rpc:localhost:35007|admin:localhost:43603|client:localhost:43447|dataStream:localhost:38965|priority:0], old=null RUNNING
  s2:  RUNNING  FOLLOWER s2@group-082BF26D8677:t0, leader=null, voted=, raftlog=s2@group-082BF26D8677-SegmentedRaftLog:OPENED:c-1, conf=-1: [s0|rpc:localhost:35077|admin:localhost:40845|client:localhost:35419|dataStream:localhost:44437|priority:0, s1|rpc:localhost:44401|admin:localhost:36685|client:localhost:34645|dataStream:localhost:39085|priority:0, s2|rpc:localhost:35007|admin:localhost:43603|client:localhost:43447|dataStream:localhost:38965|priority:0], old=null RUNNING, sleep 450ms and then retry.
java.lang.IllegalStateException: No leader yet : printing ALL groups
  s0:  RUNNING  FOLLOWER s0@group-082BF26D8677:t0, leader=null, voted=, raftlog=s0@group-082BF26D8677-SegmentedRaftLog:OPENED:c-1, conf=-1: [s0|rpc:localhost:35077|admin:localhost:40845|client:localhost:35419|dataStream:localhost:44437|priority:0, s1|rpc:localhost:44401|admin:localhost:36685|client:localhost:34645|dataStream:localhost:39085|priority:0, s2|rpc:localhost:35007|admin:localhost:43603|client:localhost:43447|dataStream:localhost:38965|priority:0], old=null RUNNING
  s1:  RUNNING  FOLLOWER s1@group-082BF26D8677:t0, leader=null, voted=, raftlog=s1@group-082BF26D8677-SegmentedRaftLog:OPENED:c-1, conf=-1: [s0|rpc:localhost:35077|admin:localhost:40845|client:localhost:35419|dataStream:localhost:44437|priority:0, s1|rpc:localhost:44401|admin:localhost:36685|client:localhost:34645|dataStream:localhost:39085|priority:0, s2|rpc:localhost:35007|admin:localhost:43603|client:localhost:43447|dataStream:localhost:38965|priority:0], old=null RUNNING
  s2:  RUNNING  FOLLOWER s2@group-082BF26D8677:t0, leader=null, voted=, raftlog=s2@group-082BF26D8677-SegmentedRaftLog:OPENED:c-1, conf=-1: [s0|rpc:localhost:35077|admin:localhost:40845|client:localhost:35419|dataStream:localhost:44437|priority:0, s1|rpc:localhost:44401|admin:localhost:36685|client:localhost:34645|dataStream:localhost:39085|priority:0, s2|rpc:localhost:35007|admin:localhost:43603|client:localhost:43447|dataStream:localhost:38965|priority:0], old=null RUNNING
	at org.apache.ratis.server.impl.MiniRaftCluster.newIllegalStateExceptionForNoLeaders(MiniRaftCluster.java:533)
	at org.apache.ratis.RaftTestUtil.lambda$waitForLeader$1(RaftTestUtil.java:104)
	at org.apache.ratis.server.impl.MiniRaftCluster.getLeader(MiniRaftCluster.java:567)
	at org.apache.ratis.server.impl.MiniRaftCluster.getLeader(MiniRaftCluster.java:560)
	at org.apache.ratis.RaftTestUtil.lambda$waitForLeader$3(RaftTestUtil.java:112)
	at org.apache.ratis.util.JavaUtils.attempt(JavaUtils.java:166)
	at org.apache.ratis.util.JavaUtils.attemptRepeatedly(JavaUtils.java:152)
	at org.apache.ratis.RaftTestUtil.waitForLeader(RaftTestUtil.java:111)
	at org.apache.ratis.RaftTestUtil.waitForLeader(RaftTestUtil.java:92)
	at org.apache.ratis.RaftTestUtil.waitForLeader(RaftTestUtil.java:87)
	at org.apache.ratis.grpc.TestRaftServerWithGrpc.testRaftClientRequestMetrics(TestRaftServerWithGrpc.java:304)
	at org.apache.ratis.server.impl.MiniRaftCluster$Factory$Get.runWithNewCluster(MiniRaftCluster.java:125)
	at org.apache.ratis.server.impl.MiniRaftCluster$Factory$Get.runWithNewCluster(MiniRaftCluster.java:113)
	at org.apache.ratis.grpc.TestRaftServerWithGrpc.testRaftClientMetrics(TestRaftServerWithGrpc.java:209)
	at sun.reflect.NativeMethodAccessorImpl.invoke0(Native Method)
	at sun.reflect.NativeMethodAccessorImpl.invoke(NativeMethodAccessorImpl.java:62)
	at sun.reflect.DelegatingMethodAccessorImpl.invoke(DelegatingMethodAccessorImpl.java:43)
	at java.lang.reflect.Method.invoke(Method.java:498)
	at org.junit.runners.model.FrameworkMethod$1.runReflectiveCall(FrameworkMethod.java:59)
	at org.junit.internal.runners.model.ReflectiveCallable.run(ReflectiveCallable.java:12)
	at org.junit.runners.model.FrameworkMethod.invokeExplosively(FrameworkMethod.java:56)
	at org.junit.internal.runners.statements.InvokeMethod.evaluate(InvokeMethod.java:17)
	at org.junit.internal.runners.statements.RunBefores.evaluate(RunBefores.java:26)
	at org.junit.internal.runners.statements.RunAfters.evaluate(RunAfters.java:27)
	at org.junit.internal.runners.statements.FailOnTimeout$CallableStatement.call(FailOnTimeout.java:299)
	at org.junit.internal.runners.statements.FailOnTimeout$CallableStatement.call(FailOnTimeout.java:293)
	at java.util.concurrent.FutureTask.run(FutureTask.java:266)
	at java.lang.Thread.run(Thread.java:750)
2022-06-17 18:18:37,767 [s1@group-082BF26D8677-FollowerState] INFO  impl.FollowerState (FollowerState.java:run(143)) - s1@group-082BF26D8677-FollowerState: change to CANDIDATE, lastRpcElapsedTime:181703971ns, electionTimeout:175ms
2022-06-17 18:18:37,768 [s1@group-082BF26D8677-FollowerState] INFO  impl.RoleInfo (RoleInfo.java:shutdownFollowerState(110)) - s1: shutdown s1@group-082BF26D8677-FollowerState
2022-06-17 18:18:37,769 [s1@group-082BF26D8677-FollowerState] INFO  server.RaftServer$Division (RaftServerImpl.java:setRole(299)) - s1@group-082BF26D8677: changes role from  FOLLOWER to CANDIDATE at term 0 for changeToCandidate
2022-06-17 18:18:37,771 [s1@group-082BF26D8677-FollowerState] INFO  server.RaftServerConfigKeys (ConfUtils.java:logGet(46)) - raft.server.leaderelection.pre-vote = true (default)
2022-06-17 18:18:37,771 [s1@group-082BF26D8677-FollowerState] INFO  impl.RoleInfo (RoleInfo.java:updateAndGet(139)) - s1: start s1@group-082BF26D8677-LeaderElection1
2022-06-17 18:18:37,773 [s1@group-082BF26D8677-LeaderElection1] INFO  impl.LeaderElection (LeaderElection.java:askForVotes(310)) - s1@group-082BF26D8677-LeaderElection1 PRE_VOTE round 0: submit vote requests at term 0 for -1: [s0|rpc:localhost:35077|admin:localhost:40845|client:localhost:35419|dataStream:localhost:44437|priority:0, s1|rpc:localhost:44401|admin:localhost:36685|client:localhost:34645|dataStream:localhost:39085|priority:0, s2|rpc:localhost:35007|admin:localhost:43603|client:localhost:43447|dataStream:localhost:38965|priority:0], old=null
2022-06-17 18:18:37,781 [s0@group-082BF26D8677-FollowerState] INFO  impl.FollowerState (FollowerState.java:run(143)) - s0@group-082BF26D8677-FollowerState: change to CANDIDATE, lastRpcElapsedTime:241708689ns, electionTimeout:236ms
2022-06-17 18:18:37,781 [s0@group-082BF26D8677-FollowerState] INFO  impl.RoleInfo (RoleInfo.java:shutdownFollowerState(110)) - s0: shutdown s0@group-082BF26D8677-FollowerState
2022-06-17 18:18:37,826 [s0@group-082BF26D8677-FollowerState] INFO  server.RaftServer$Division (RaftServerImpl.java:setRole(299)) - s0@group-082BF26D8677: changes role from  FOLLOWER to CANDIDATE at term 0 for changeToCandidate
2022-06-17 18:18:37,826 [s0@group-082BF26D8677-FollowerState] INFO  server.RaftServerConfigKeys (ConfUtils.java:logGet(46)) - raft.server.leaderelection.pre-vote = true (default)
2022-06-17 18:18:37,826 [s0@group-082BF26D8677-FollowerState] INFO  impl.RoleInfo (RoleInfo.java:updateAndGet(139)) - s0: start s0@group-082BF26D8677-LeaderElection2
2022-06-17 18:18:37,830 [s0@group-082BF26D8677-LeaderElection2] INFO  impl.LeaderElection (LeaderElection.java:askForVotes(310)) - s0@group-082BF26D8677-LeaderElection2 PRE_VOTE round 0: submit vote requests at term 0 for -1: [s0|rpc:localhost:35077|admin:localhost:40845|client:localhost:35419|dataStream:localhost:44437|priority:0, s1|rpc:localhost:44401|admin:localhost:36685|client:localhost:34645|dataStream:localhost:39085|priority:0, s2|rpc:localhost:35007|admin:localhost:43603|client:localhost:43447|dataStream:localhost:38965|priority:0], old=null
2022-06-17 18:18:37,874 [s2@group-082BF26D8677-FollowerState] INFO  impl.FollowerState (FollowerState.java:run(143)) - s2@group-082BF26D8677-FollowerState: change to CANDIDATE, lastRpcElapsedTime:281305732ns, electionTimeout:280ms
2022-06-17 18:18:37,874 [s2@group-082BF26D8677-FollowerState] INFO  impl.RoleInfo (RoleInfo.java:shutdownFollowerState(110)) - s2: shutdown s2@group-082BF26D8677-FollowerState
2022-06-17 18:18:37,874 [s2@group-082BF26D8677-FollowerState] INFO  server.RaftServer$Division (RaftServerImpl.java:setRole(299)) - s2@group-082BF26D8677: changes role from  FOLLOWER to CANDIDATE at term 0 for changeToCandidate
2022-06-17 18:18:37,874 [s2@group-082BF26D8677-FollowerState] INFO  server.RaftServerConfigKeys (ConfUtils.java:logGet(46)) - raft.server.leaderelection.pre-vote = true (default)
2022-06-17 18:18:37,874 [s2@group-082BF26D8677-FollowerState] INFO  impl.RoleInfo (RoleInfo.java:updateAndGet(139)) - s2: start s2@group-082BF26D8677-LeaderElection3
2022-06-17 18:18:37,875 [s2@group-082BF26D8677-LeaderElection3] INFO  impl.LeaderElection (LeaderElection.java:askForVotes(310)) - s2@group-082BF26D8677-LeaderElection3 PRE_VOTE round 0: submit vote requests at term 0 for -1: [s0|rpc:localhost:35077|admin:localhost:40845|client:localhost:35419|dataStream:localhost:44437|priority:0, s1|rpc:localhost:44401|admin:localhost:36685|client:localhost:34645|dataStream:localhost:39085|priority:0, s2|rpc:localhost:35007|admin:localhost:43603|client:localhost:43447|dataStream:localhost:38965|priority:0], old=null
2022-06-17 18:18:38,055 [Time-limited test] WARN  ratis.RaftTestUtil (JavaUtils.java:attempt(172)) - FAILED "waitForLeader-null-(expectLeader? true)", attempt #2/100: java.lang.IllegalStateException: No leader yet : printing ALL groups
  s0:  RUNNING CANDIDATE s0@group-082BF26D8677:t0, leader=null, voted=, raftlog=s0@group-082BF26D8677-SegmentedRaftLog:OPENED:c-1, conf=-1: [s0|rpc:localhost:35077|admin:localhost:40845|client:localhost:35419|dataStream:localhost:44437|priority:0, s1|rpc:localhost:44401|admin:localhost:36685|client:localhost:34645|dataStream:localhost:39085|priority:0, s2|rpc:localhost:35007|admin:localhost:43603|client:localhost:43447|dataStream:localhost:38965|priority:0], old=null RUNNING
  s1:  RUNNING CANDIDATE s1@group-082BF26D8677:t0, leader=null, voted=, raftlog=s1@group-082BF26D8677-SegmentedRaftLog:OPENED:c-1, conf=-1: [s0|rpc:localhost:35077|admin:localhost:40845|client:localhost:35419|dataStream:localhost:44437|priority:0, s1|rpc:localhost:44401|admin:localhost:36685|client:localhost:34645|dataStream:localhost:39085|priority:0, s2|rpc:localhost:35007|admin:localhost:43603|client:localhost:43447|dataStream:localhost:38965|priority:0], old=null RUNNING
  s2:  RUNNING CANDIDATE s2@group-082BF26D8677:t0, leader=null, voted=, raftlog=s2@group-082BF26D8677-SegmentedRaftLog:OPENED:c-1, conf=-1: [s0|rpc:localhost:35077|admin:localhost:40845|client:localhost:35419|dataStream:localhost:44437|priority:0, s1|rpc:localhost:44401|admin:localhost:36685|client:localhost:34645|dataStream:localhost:39085|priority:0, s2|rpc:localhost:35007|admin:localhost:43603|client:localhost:43447|dataStream:localhost:38965|priority:0], old=null RUNNING, sleep 450ms and then retry.
java.lang.IllegalStateException: No leader yet : printing ALL groups
  s0:  RUNNING CANDIDATE s0@group-082BF26D8677:t0, leader=null, voted=, raftlog=s0@group-082BF26D8677-SegmentedRaftLog:OPENED:c-1, conf=-1: [s0|rpc:localhost:35077|admin:localhost:40845|client:localhost:35419|dataStream:localhost:44437|priority:0, s1|rpc:localhost:44401|admin:localhost:36685|client:localhost:34645|dataStream:localhost:39085|priority:0, s2|rpc:localhost:35007|admin:localhost:43603|client:localhost:43447|dataStream:localhost:38965|priority:0], old=null RUNNING
  s1:  RUNNING CANDIDATE s1@group-082BF26D8677:t0, leader=null, voted=, raftlog=s1@group-082BF26D8677-SegmentedRaftLog:OPENED:c-1, conf=-1: [s0|rpc:localhost:35077|admin:localhost:40845|client:localhost:35419|dataStream:localhost:44437|priority:0, s1|rpc:localhost:44401|admin:localhost:36685|client:localhost:34645|dataStream:localhost:39085|priority:0, s2|rpc:localhost:35007|admin:localhost:43603|client:localhost:43447|dataStream:localhost:38965|priority:0], old=null RUNNING
  s2:  RUNNING CANDIDATE s2@group-082BF26D8677:t0, leader=null, voted=, raftlog=s2@group-082BF26D8677-SegmentedRaftLog:OPENED:c-1, conf=-1: [s0|rpc:localhost:35077|admin:localhost:40845|client:localhost:35419|dataStream:localhost:44437|priority:0, s1|rpc:localhost:44401|admin:localhost:36685|client:localhost:34645|dataStream:localhost:39085|priority:0, s2|rpc:localhost:35007|admin:localhost:43603|client:localhost:43447|dataStream:localhost:38965|priority:0], old=null RUNNING
	at org.apache.ratis.server.impl.MiniRaftCluster.newIllegalStateExceptionForNoLeaders(MiniRaftCluster.java:533)
	at org.apache.ratis.RaftTestUtil.lambda$waitForLeader$1(RaftTestUtil.java:104)
	at org.apache.ratis.server.impl.MiniRaftCluster.getLeader(MiniRaftCluster.java:567)
	at org.apache.ratis.server.impl.MiniRaftCluster.getLeader(MiniRaftCluster.java:560)
	at org.apache.ratis.RaftTestUtil.lambda$waitForLeader$3(RaftTestUtil.java:112)
	at org.apache.ratis.util.JavaUtils.attempt(JavaUtils.java:166)
	at org.apache.ratis.util.JavaUtils.attemptRepeatedly(JavaUtils.java:152)
	at org.apache.ratis.RaftTestUtil.waitForLeader(RaftTestUtil.java:111)
	at org.apache.ratis.RaftTestUtil.waitForLeader(RaftTestUtil.java:92)
	at org.apache.ratis.RaftTestUtil.waitForLeader(RaftTestUtil.java:87)
	at org.apache.ratis.grpc.TestRaftServerWithGrpc.testRaftClientRequestMetrics(TestRaftServerWithGrpc.java:304)
	at org.apache.ratis.server.impl.MiniRaftCluster$Factory$Get.runWithNewCluster(MiniRaftCluster.java:125)
	at org.apache.ratis.server.impl.MiniRaftCluster$Factory$Get.runWithNewCluster(MiniRaftCluster.java:113)
	at org.apache.ratis.grpc.TestRaftServerWithGrpc.testRaftClientMetrics(TestRaftServerWithGrpc.java:209)
	at sun.reflect.NativeMethodAccessorImpl.invoke0(Native Method)
	at sun.reflect.NativeMethodAccessorImpl.invoke(NativeMethodAccessorImpl.java:62)
	at sun.reflect.DelegatingMethodAccessorImpl.invoke(DelegatingMethodAccessorImpl.java:43)
	at java.lang.reflect.Method.invoke(Method.java:498)
	at org.junit.runners.model.FrameworkMethod$1.runReflectiveCall(FrameworkMethod.java:59)
	at org.junit.internal.runners.model.ReflectiveCallable.run(ReflectiveCallable.java:12)
	at org.junit.runners.model.FrameworkMethod.invokeExplosively(FrameworkMethod.java:56)
	at org.junit.internal.runners.statements.InvokeMethod.evaluate(InvokeMethod.java:17)
	at org.junit.internal.runners.statements.RunBefores.evaluate(RunBefores.java:26)
	at org.junit.internal.runners.statements.RunAfters.evaluate(RunAfters.java:27)
	at org.junit.internal.runners.statements.FailOnTimeout$CallableStatement.call(FailOnTimeout.java:299)
	at org.junit.internal.runners.statements.FailOnTimeout$CallableStatement.call(FailOnTimeout.java:293)
	at java.util.concurrent.FutureTask.run(FutureTask.java:266)
	at java.lang.Thread.run(Thread.java:750)
2022-06-17 18:18:38,070 [s1@group-082BF26D8677-LeaderElection1] INFO  impl.LeaderElection (LeaderElection.java:logAndReturn(90)) - s1@group-082BF26D8677-LeaderElection1: PRE_VOTE TIMEOUT received 0 response(s) and 0 exception(s):
2022-06-17 18:18:38,071 [s1@group-082BF26D8677-LeaderElection1] INFO  impl.LeaderElection (LeaderElection.java:askForVotes(312)) - s1@group-082BF26D8677-LeaderElection1 PRE_VOTE round 0: result TIMEOUT
2022-06-17 18:18:38,071 [s1@group-082BF26D8677-LeaderElection1] INFO  impl.LeaderElection (LeaderElection.java:askForVotes(310)) - s1@group-082BF26D8677-LeaderElection1 PRE_VOTE round 1: submit vote requests at term 0 for -1: [s0|rpc:localhost:35077|admin:localhost:40845|client:localhost:35419|dataStream:localhost:44437|priority:0, s1|rpc:localhost:44401|admin:localhost:36685|client:localhost:34645|dataStream:localhost:39085|priority:0, s2|rpc:localhost:35007|admin:localhost:43603|client:localhost:43447|dataStream:localhost:38965|priority:0], old=null
2022-06-17 18:18:38,077 [s0@group-082BF26D8677-LeaderElection2] INFO  impl.LeaderElection (LeaderElection.java:logAndReturn(90)) - s0@group-082BF26D8677-LeaderElection2: PRE_VOTE TIMEOUT received 0 response(s) and 0 exception(s):
2022-06-17 18:18:38,085 [s0@group-082BF26D8677-LeaderElection2] INFO  impl.LeaderElection (LeaderElection.java:askForVotes(312)) - s0@group-082BF26D8677-LeaderElection2 PRE_VOTE round 0: result TIMEOUT
2022-06-17 18:18:38,085 [s0@group-082BF26D8677-LeaderElection2] INFO  impl.LeaderElection (LeaderElection.java:askForVotes(310)) - s0@group-082BF26D8677-LeaderElection2 PRE_VOTE round 1: submit vote requests at term 0 for -1: [s0|rpc:localhost:35077|admin:localhost:40845|client:localhost:35419|dataStream:localhost:44437|priority:0, s1|rpc:localhost:44401|admin:localhost:36685|client:localhost:34645|dataStream:localhost:39085|priority:0, s2|rpc:localhost:35007|admin:localhost:43603|client:localhost:43447|dataStream:localhost:38965|priority:0], old=null
2022-06-17 18:18:38,118 [grpc-default-executor-5] INFO  server.RaftServer$Division (RaftServerImpl.java:requestVote(1152)) - s1@group-082BF26D8677: receive requestVote(PRE_VOTE, s2, group-082BF26D8677, 0, (t:0, i:0))
2022-06-17 18:18:38,118 [grpc-default-executor-0] INFO  server.RaftServer$Division (RaftServerImpl.java:requestVote(1152)) - s0@group-082BF26D8677: receive requestVote(PRE_VOTE, s1, group-082BF26D8677, 0, (t:0, i:0))
2022-06-17 18:18:38,120 [grpc-default-executor-0] INFO  impl.VoteContext (VoteContext.java:log(48)) - s0@group-082BF26D8677-CANDIDATE: accept PRE_VOTE from s1: our priority 0 <= candidate's priority 0
2022-06-17 18:18:38,120 [grpc-default-executor-1] INFO  server.RaftServer$Division (RaftServerImpl.java:requestVote(1152)) - s0@group-082BF26D8677: receive requestVote(PRE_VOTE, s2, group-082BF26D8677, 0, (t:0, i:0))
2022-06-17 18:18:38,121 [grpc-default-executor-4] INFO  server.RaftServer$Division (RaftServerImpl.java:requestVote(1152)) - s1@group-082BF26D8677: receive requestVote(PRE_VOTE, s0, group-082BF26D8677, 0, (t:0, i:0))
2022-06-17 18:18:38,121 [grpc-default-executor-3] INFO  server.RaftServer$Division (RaftServerImpl.java:requestVote(1152)) - s1@group-082BF26D8677: receive requestVote(PRE_VOTE, s0, group-082BF26D8677, 0, (t:0, i:0))
2022-06-17 18:18:38,122 [grpc-default-executor-2] INFO  server.RaftServer$Division (RaftServerImpl.java:requestVote(1152)) - s0@group-082BF26D8677: receive requestVote(PRE_VOTE, s1, group-082BF26D8677, 0, (t:0, i:0))
2022-06-17 18:18:38,124 [grpc-default-executor-0] INFO  server.RaftServer$Division (RaftServerImpl.java:requestVote(1184)) - s0@group-082BF26D8677 replies to PRE_VOTE vote request: s1<-s0#0:OK-t0. Peer's state: s0@group-082BF26D8677:t0, leader=null, voted=, raftlog=s0@group-082BF26D8677-SegmentedRaftLog:OPENED:c-1, conf=-1: [s0|rpc:localhost:35077|admin:localhost:40845|client:localhost:35419|dataStream:localhost:44437|priority:0, s1|rpc:localhost:44401|admin:localhost:36685|client:localhost:34645|dataStream:localhost:39085|priority:0, s2|rpc:localhost:35007|admin:localhost:43603|client:localhost:43447|dataStream:localhost:38965|priority:0], old=null
2022-06-17 18:18:38,124 [grpc-default-executor-5] INFO  impl.VoteContext (VoteContext.java:log(48)) - s1@group-082BF26D8677-CANDIDATE: accept PRE_VOTE from s2: our priority 0 <= candidate's priority 0
2022-06-17 18:18:38,124 [grpc-default-executor-5] INFO  server.RaftServer$Division (RaftServerImpl.java:requestVote(1184)) - s1@group-082BF26D8677 replies to PRE_VOTE vote request: s2<-s1#0:OK-t0. Peer's state: s1@group-082BF26D8677:t0, leader=null, voted=, raftlog=s1@group-082BF26D8677-SegmentedRaftLog:OPENED:c-1, conf=-1: [s0|rpc:localhost:35077|admin:localhost:40845|client:localhost:35419|dataStream:localhost:44437|priority:0, s1|rpc:localhost:44401|admin:localhost:36685|client:localhost:34645|dataStream:localhost:39085|priority:0, s2|rpc:localhost:35007|admin:localhost:43603|client:localhost:43447|dataStream:localhost:38965|priority:0], old=null
2022-06-17 18:18:38,124 [grpc-default-executor-3] INFO  impl.VoteContext (VoteContext.java:log(48)) - s1@group-082BF26D8677-CANDIDATE: accept PRE_VOTE from s0: our priority 0 <= candidate's priority 0
2022-06-17 18:18:38,125 [grpc-default-executor-3] INFO  server.RaftServer$Division (RaftServerImpl.java:requestVote(1184)) - s1@group-082BF26D8677 replies to PRE_VOTE vote request: s0<-s1#0:OK-t0. Peer's state: s1@group-082BF26D8677:t0, leader=null, voted=, raftlog=s1@group-082BF26D8677-SegmentedRaftLog:OPENED:c-1, conf=-1: [s0|rpc:localhost:35077|admin:localhost:40845|client:localhost:35419|dataStream:localhost:44437|priority:0, s1|rpc:localhost:44401|admin:localhost:36685|client:localhost:34645|dataStream:localhost:39085|priority:0, s2|rpc:localhost:35007|admin:localhost:43603|client:localhost:43447|dataStream:localhost:38965|priority:0], old=null
2022-06-17 18:18:38,125 [grpc-default-executor-4] INFO  impl.VoteContext (VoteContext.java:log(48)) - s1@group-082BF26D8677-CANDIDATE: accept PRE_VOTE from s0: our priority 0 <= candidate's priority 0
2022-06-17 18:18:38,125 [grpc-default-executor-4] INFO  server.RaftServer$Division (RaftServerImpl.java:requestVote(1184)) - s1@group-082BF26D8677 replies to PRE_VOTE vote request: s0<-s1#0:OK-t0. Peer's state: s1@group-082BF26D8677:t0, leader=null, voted=, raftlog=s1@group-082BF26D8677-SegmentedRaftLog:OPENED:c-1, conf=-1: [s0|rpc:localhost:35077|admin:localhost:40845|client:localhost:35419|dataStream:localhost:44437|priority:0, s1|rpc:localhost:44401|admin:localhost:36685|client:localhost:34645|dataStream:localhost:39085|priority:0, s2|rpc:localhost:35007|admin:localhost:43603|client:localhost:43447|dataStream:localhost:38965|priority:0], old=null
2022-06-17 18:18:38,125 [grpc-default-executor-2] INFO  impl.VoteContext (VoteContext.java:log(48)) - s0@group-082BF26D8677-CANDIDATE: accept PRE_VOTE from s1: our priority 0 <= candidate's priority 0
2022-06-17 18:18:38,125 [grpc-default-executor-2] INFO  server.RaftServer$Division (RaftServerImpl.java:requestVote(1184)) - s0@group-082BF26D8677 replies to PRE_VOTE vote request: s1<-s0#0:OK-t0. Peer's state: s0@group-082BF26D8677:t0, leader=null, voted=, raftlog=s0@group-082BF26D8677-SegmentedRaftLog:OPENED:c-1, conf=-1: [s0|rpc:localhost:35077|admin:localhost:40845|client:localhost:35419|dataStream:localhost:44437|priority:0, s1|rpc:localhost:44401|admin:localhost:36685|client:localhost:34645|dataStream:localhost:39085|priority:0, s2|rpc:localhost:35007|admin:localhost:43603|client:localhost:43447|dataStream:localhost:38965|priority:0], old=null
2022-06-17 18:18:38,128 [grpc-default-executor-5] INFO  server.RaftServer$Division (RaftServerImpl.java:requestVote(1152)) - s2@group-082BF26D8677: receive requestVote(PRE_VOTE, s1, group-082BF26D8677, 0, (t:0, i:0))
2022-06-17 18:18:38,128 [grpc-default-executor-5] INFO  impl.VoteContext (VoteContext.java:log(48)) - s2@group-082BF26D8677-CANDIDATE: accept PRE_VOTE from s1: our priority 0 <= candidate's priority 0
2022-06-17 18:18:38,128 [grpc-default-executor-5] INFO  server.RaftServer$Division (RaftServerImpl.java:requestVote(1184)) - s2@group-082BF26D8677 replies to PRE_VOTE vote request: s1<-s2#0:OK-t0. Peer's state: s2@group-082BF26D8677:t0, leader=null, voted=, raftlog=s2@group-082BF26D8677-SegmentedRaftLog:OPENED:c-1, conf=-1: [s0|rpc:localhost:35077|admin:localhost:40845|client:localhost:35419|dataStream:localhost:44437|priority:0, s1|rpc:localhost:44401|admin:localhost:36685|client:localhost:34645|dataStream:localhost:39085|priority:0, s2|rpc:localhost:35007|admin:localhost:43603|client:localhost:43447|dataStream:localhost:38965|priority:0], old=null
2022-06-17 18:18:38,128 [grpc-default-executor-4] INFO  server.RaftServer$Division (RaftServerImpl.java:requestVote(1152)) - s2@group-082BF26D8677: receive requestVote(PRE_VOTE, s1, group-082BF26D8677, 0, (t:0, i:0))
2022-06-17 18:18:38,128 [grpc-default-executor-4] INFO  impl.VoteContext (VoteContext.java:log(48)) - s2@group-082BF26D8677-CANDIDATE: accept PRE_VOTE from s1: our priority 0 <= candidate's priority 0
2022-06-17 18:18:38,128 [grpc-default-executor-4] INFO  server.RaftServer$Division (RaftServerImpl.java:requestVote(1184)) - s2@group-082BF26D8677 replies to PRE_VOTE vote request: s1<-s2#0:OK-t0. Peer's state: s2@group-082BF26D8677:t0, leader=null, voted=, raftlog=s2@group-082BF26D8677-SegmentedRaftLog:OPENED:c-1, conf=-1: [s0|rpc:localhost:35077|admin:localhost:40845|client:localhost:35419|dataStream:localhost:44437|priority:0, s1|rpc:localhost:44401|admin:localhost:36685|client:localhost:34645|dataStream:localhost:39085|priority:0, s2|rpc:localhost:35007|admin:localhost:43603|client:localhost:43447|dataStream:localhost:38965|priority:0], old=null
2022-06-17 18:18:38,130 [grpc-default-executor-1] INFO  impl.VoteContext (VoteContext.java:log(48)) - s0@group-082BF26D8677-CANDIDATE: accept PRE_VOTE from s2: our priority 0 <= candidate's priority 0
2022-06-17 18:18:38,130 [grpc-default-executor-1] INFO  server.RaftServer$Division (RaftServerImpl.java:requestVote(1184)) - s0@group-082BF26D8677 replies to PRE_VOTE vote request: s2<-s0#0:OK-t0. Peer's state: s0@group-082BF26D8677:t0, leader=null, voted=, raftlog=s0@group-082BF26D8677-SegmentedRaftLog:OPENED:c-1, conf=-1: [s0|rpc:localhost:35077|admin:localhost:40845|client:localhost:35419|dataStream:localhost:44437|priority:0, s1|rpc:localhost:44401|admin:localhost:36685|client:localhost:34645|dataStream:localhost:39085|priority:0, s2|rpc:localhost:35007|admin:localhost:43603|client:localhost:43447|dataStream:localhost:38965|priority:0], old=null
2022-06-17 18:18:38,131 [grpc-default-executor-0] INFO  server.RaftServer$Division (RaftServerImpl.java:requestVote(1152)) - s2@group-082BF26D8677: receive requestVote(PRE_VOTE, s0, group-082BF26D8677, 0, (t:0, i:0))
2022-06-17 18:18:38,132 [grpc-default-executor-0] INFO  impl.VoteContext (VoteContext.java:log(48)) - s2@group-082BF26D8677-CANDIDATE: accept PRE_VOTE from s0: our priority 0 <= candidate's priority 0
2022-06-17 18:18:38,132 [grpc-default-executor-0] INFO  server.RaftServer$Division (RaftServerImpl.java:requestVote(1184)) - s2@group-082BF26D8677 replies to PRE_VOTE vote request: s0<-s2#0:OK-t0. Peer's state: s2@group-082BF26D8677:t0, leader=null, voted=, raftlog=s2@group-082BF26D8677-SegmentedRaftLog:OPENED:c-1, conf=-1: [s0|rpc:localhost:35077|admin:localhost:40845|client:localhost:35419|dataStream:localhost:44437|priority:0, s1|rpc:localhost:44401|admin:localhost:36685|client:localhost:34645|dataStream:localhost:39085|priority:0, s2|rpc:localhost:35007|admin:localhost:43603|client:localhost:43447|dataStream:localhost:38965|priority:0], old=null
2022-06-17 18:18:38,135 [grpc-default-executor-6] INFO  server.RaftServer$Division (RaftServerImpl.java:requestVote(1152)) - s2@group-082BF26D8677: receive requestVote(PRE_VOTE, s0, group-082BF26D8677, 0, (t:0, i:0))
2022-06-17 18:18:38,135 [grpc-default-executor-6] INFO  impl.VoteContext (VoteContext.java:log(48)) - s2@group-082BF26D8677-CANDIDATE: accept PRE_VOTE from s0: our priority 0 <= candidate's priority 0
2022-06-17 18:18:38,135 [grpc-default-executor-6] INFO  server.RaftServer$Division (RaftServerImpl.java:requestVote(1184)) - s2@group-082BF26D8677 replies to PRE_VOTE vote request: s0<-s2#0:OK-t0. Peer's state: s2@group-082BF26D8677:t0, leader=null, voted=, raftlog=s2@group-082BF26D8677-SegmentedRaftLog:OPENED:c-1, conf=-1: [s0|rpc:localhost:35077|admin:localhost:40845|client:localhost:35419|dataStream:localhost:44437|priority:0, s1|rpc:localhost:44401|admin:localhost:36685|client:localhost:34645|dataStream:localhost:39085|priority:0, s2|rpc:localhost:35007|admin:localhost:43603|client:localhost:43447|dataStream:localhost:38965|priority:0], old=null
2022-06-17 18:18:38,137 [s0@group-082BF26D8677-LeaderElection2] INFO  impl.LeaderElection (LeaderElection.java:logAndReturn(90)) - s0@group-082BF26D8677-LeaderElection2: PRE_VOTE PASSED received 1 response(s) and 0 exception(s):
2022-06-17 18:18:38,137 [s0@group-082BF26D8677-LeaderElection2] INFO  impl.LeaderElection (LeaderElection.java:logAndReturn(94)) -   Response 0: s0<-s2#0:OK-t0
2022-06-17 18:18:38,137 [s0@group-082BF26D8677-LeaderElection2] INFO  impl.LeaderElection (LeaderElection.java:askForVotes(312)) - s0@group-082BF26D8677-LeaderElection2 PRE_VOTE round 1: result PASSED
2022-06-17 18:18:38,139 [s2@group-082BF26D8677-LeaderElection3] INFO  impl.LeaderElection (LeaderElection.java:logAndReturn(90)) - s2@group-082BF26D8677-LeaderElection3: PRE_VOTE PASSED received 1 response(s) and 0 exception(s):
2022-06-17 18:18:38,139 [s0@group-082BF26D8677-LeaderElection2] INFO  impl.LeaderElection (LeaderElection.java:askForVotes(310)) - s0@group-082BF26D8677-LeaderElection2 ELECTION round 0: submit vote requests at term 1 for -1: [s0|rpc:localhost:35077|admin:localhost:40845|client:localhost:35419|dataStream:localhost:44437|priority:0, s1|rpc:localhost:44401|admin:localhost:36685|client:localhost:34645|dataStream:localhost:39085|priority:0, s2|rpc:localhost:35007|admin:localhost:43603|client:localhost:43447|dataStream:localhost:38965|priority:0], old=null
2022-06-17 18:18:38,139 [s2@group-082BF26D8677-LeaderElection3] INFO  impl.LeaderElection (LeaderElection.java:logAndReturn(94)) -   Response 0: s2<-s1#0:OK-t0
2022-06-17 18:18:38,140 [s2@group-082BF26D8677-LeaderElection3] INFO  impl.LeaderElection (LeaderElection.java:askForVotes(312)) - s2@group-082BF26D8677-LeaderElection3 PRE_VOTE round 0: result PASSED
2022-06-17 18:18:38,141 [s2@group-082BF26D8677-LeaderElection3] INFO  impl.LeaderElection (LeaderElection.java:askForVotes(310)) - s2@group-082BF26D8677-LeaderElection3 ELECTION round 0: submit vote requests at term 1 for -1: [s0|rpc:localhost:35077|admin:localhost:40845|client:localhost:35419|dataStream:localhost:44437|priority:0, s1|rpc:localhost:44401|admin:localhost:36685|client:localhost:34645|dataStream:localhost:39085|priority:0, s2|rpc:localhost:35007|admin:localhost:43603|client:localhost:43447|dataStream:localhost:38965|priority:0], old=null
2022-06-17 18:18:38,147 [s1@group-082BF26D8677-LeaderElection1] INFO  impl.LeaderElection (LeaderElection.java:logAndReturn(90)) - s1@group-082BF26D8677-LeaderElection1: PRE_VOTE PASSED received 1 response(s) and 0 exception(s):
2022-06-17 18:18:38,147 [s1@group-082BF26D8677-LeaderElection1] INFO  impl.LeaderElection (LeaderElection.java:logAndReturn(94)) -   Response 0: s1<-s2#0:OK-t0
2022-06-17 18:18:38,147 [s1@group-082BF26D8677-LeaderElection1] INFO  impl.LeaderElection (LeaderElection.java:askForVotes(312)) - s1@group-082BF26D8677-LeaderElection1 PRE_VOTE round 1: result PASSED
2022-06-17 18:18:38,148 [s1@group-082BF26D8677-LeaderElection1] INFO  impl.LeaderElection (LeaderElection.java:askForVotes(310)) - s1@group-082BF26D8677-LeaderElection1 ELECTION round 0: submit vote requests at term 1 for -1: [s0|rpc:localhost:35077|admin:localhost:40845|client:localhost:35419|dataStream:localhost:44437|priority:0, s1|rpc:localhost:44401|admin:localhost:36685|client:localhost:34645|dataStream:localhost:39085|priority:0, s2|rpc:localhost:35007|admin:localhost:43603|client:localhost:43447|dataStream:localhost:38965|priority:0], old=null
2022-06-17 18:18:38,151 [grpc-default-executor-2] INFO  server.RaftServer$Division (RaftServerImpl.java:requestVote(1152)) - s1@group-082BF26D8677: receive requestVote(ELECTION, s0, group-082BF26D8677, 1, (t:0, i:0))
2022-06-17 18:18:38,151 [grpc-default-executor-2] INFO  impl.VoteContext (VoteContext.java:log(48)) - s1@group-082BF26D8677-CANDIDATE: reject ELECTION from s0: already has voted for s1 at current term 1
2022-06-17 18:18:38,151 [grpc-default-executor-2] INFO  server.RaftServer$Division (RaftServerImpl.java:requestVote(1184)) - s1@group-082BF26D8677 replies to ELECTION vote request: s0<-s1#0:FAIL-t1. Peer's state: s1@group-082BF26D8677:t1, leader=null, voted=s1, raftlog=s1@group-082BF26D8677-SegmentedRaftLog:OPENED:c-1, conf=-1: [s0|rpc:localhost:35077|admin:localhost:40845|client:localhost:35419|dataStream:localhost:44437|priority:0, s1|rpc:localhost:44401|admin:localhost:36685|client:localhost:34645|dataStream:localhost:39085|priority:0, s2|rpc:localhost:35007|admin:localhost:43603|client:localhost:43447|dataStream:localhost:38965|priority:0], old=null
2022-06-17 18:18:38,155 [grpc-default-executor-6] INFO  server.RaftServer$Division (RaftServerImpl.java:requestVote(1152)) - s2@group-082BF26D8677: receive requestVote(ELECTION, s0, group-082BF26D8677, 1, (t:0, i:0))
2022-06-17 18:18:38,155 [grpc-default-executor-6] INFO  impl.VoteContext (VoteContext.java:log(48)) - s2@group-082BF26D8677-CANDIDATE: reject ELECTION from s0: already has voted for s2 at current term 1
2022-06-17 18:18:38,156 [grpc-default-executor-6] INFO  server.RaftServer$Division (RaftServerImpl.java:requestVote(1184)) - s2@group-082BF26D8677 replies to ELECTION vote request: s0<-s2#0:FAIL-t1. Peer's state: s2@group-082BF26D8677:t1, leader=null, voted=s2, raftlog=s2@group-082BF26D8677-SegmentedRaftLog:OPENED:c-1, conf=-1: [s0|rpc:localhost:35077|admin:localhost:40845|client:localhost:35419|dataStream:localhost:44437|priority:0, s1|rpc:localhost:44401|admin:localhost:36685|client:localhost:34645|dataStream:localhost:39085|priority:0, s2|rpc:localhost:35007|admin:localhost:43603|client:localhost:43447|dataStream:localhost:38965|priority:0], old=null
2022-06-17 18:18:38,158 [s0@group-082BF26D8677-LeaderElection2] INFO  impl.LeaderElection (LeaderElection.java:logAndReturn(90)) - s0@group-082BF26D8677-LeaderElection2: ELECTION REJECTED received 2 response(s) and 0 exception(s):
2022-06-17 18:18:38,158 [s0@group-082BF26D8677-LeaderElection2] INFO  impl.LeaderElection (LeaderElection.java:logAndReturn(94)) -   Response 0: s0<-s1#0:FAIL-t1
2022-06-17 18:18:38,158 [s0@group-082BF26D8677-LeaderElection2] INFO  impl.LeaderElection (LeaderElection.java:logAndReturn(94)) -   Response 1: s0<-s2#0:FAIL-t1
2022-06-17 18:18:38,158 [s0@group-082BF26D8677-LeaderElection2] INFO  impl.LeaderElection (LeaderElection.java:askForVotes(312)) - s0@group-082BF26D8677-LeaderElection2 ELECTION round 0: result REJECTED
2022-06-17 18:18:38,158 [grpc-default-executor-6] INFO  server.RaftServer$Division (RaftServerImpl.java:requestVote(1152)) - s1@group-082BF26D8677: receive requestVote(ELECTION, s2, group-082BF26D8677, 1, (t:0, i:0))
2022-06-17 18:18:38,158 [grpc-default-executor-6] INFO  impl.VoteContext (VoteContext.java:log(48)) - s1@group-082BF26D8677-CANDIDATE: reject ELECTION from s2: already has voted for s1 at current term 1
2022-06-17 18:18:38,158 [grpc-default-executor-6] INFO  server.RaftServer$Division (RaftServerImpl.java:requestVote(1184)) - s1@group-082BF26D8677 replies to ELECTION vote request: s2<-s1#0:FAIL-t1. Peer's state: s1@group-082BF26D8677:t1, leader=null, voted=s1, raftlog=s1@group-082BF26D8677-SegmentedRaftLog:OPENED:c-1, conf=-1: [s0|rpc:localhost:35077|admin:localhost:40845|client:localhost:35419|dataStream:localhost:44437|priority:0, s1|rpc:localhost:44401|admin:localhost:36685|client:localhost:34645|dataStream:localhost:39085|priority:0, s2|rpc:localhost:35007|admin:localhost:43603|client:localhost:43447|dataStream:localhost:38965|priority:0], old=null
2022-06-17 18:18:38,159 [s0@group-082BF26D8677-LeaderElection2] INFO  server.RaftServer$Division (RaftServerImpl.java:setRole(299)) - s0@group-082BF26D8677: changes role from CANDIDATE to FOLLOWER at term 1 for REJECTED
2022-06-17 18:18:38,159 [s0@group-082BF26D8677-LeaderElection2] INFO  impl.RoleInfo (RoleInfo.java:shutdownLeaderElection(130)) - s0: shutdown s0@group-082BF26D8677-LeaderElection2
2022-06-17 18:18:38,159 [s0@group-082BF26D8677-LeaderElection2] INFO  impl.RoleInfo (RoleInfo.java:updateAndGet(139)) - s0: start s0@group-082BF26D8677-FollowerState
2022-06-17 18:18:38,159 [grpc-default-executor-6] INFO  server.RaftServer$Division (RaftServerImpl.java:requestVote(1152)) - s0@group-082BF26D8677: receive requestVote(ELECTION, s2, group-082BF26D8677, 1, (t:0, i:0))
2022-06-17 18:18:38,159 [grpc-default-executor-2] INFO  server.RaftServer$Division (RaftServerImpl.java:requestVote(1152)) - s0@group-082BF26D8677: receive requestVote(ELECTION, s1, group-082BF26D8677, 1, (t:0, i:0))
2022-06-17 18:18:38,161 [grpc-default-executor-3] INFO  server.RaftServer$Division (RaftServerImpl.java:requestVote(1152)) - s2@group-082BF26D8677: receive requestVote(ELECTION, s1, group-082BF26D8677, 1, (t:0, i:0))
2022-06-17 18:18:38,161 [grpc-default-executor-3] INFO  impl.VoteContext (VoteContext.java:log(48)) - s2@group-082BF26D8677-CANDIDATE: reject ELECTION from s1: already has voted for s2 at current term 1
2022-06-17 18:18:38,162 [grpc-default-executor-3] INFO  server.RaftServer$Division (RaftServerImpl.java:requestVote(1184)) - s2@group-082BF26D8677 replies to ELECTION vote request: s1<-s2#0:FAIL-t1. Peer's state: s2@group-082BF26D8677:t1, leader=null, voted=s2, raftlog=s2@group-082BF26D8677-SegmentedRaftLog:OPENED:c-1, conf=-1: [s0|rpc:localhost:35077|admin:localhost:40845|client:localhost:35419|dataStream:localhost:44437|priority:0, s1|rpc:localhost:44401|admin:localhost:36685|client:localhost:34645|dataStream:localhost:39085|priority:0, s2|rpc:localhost:35007|admin:localhost:43603|client:localhost:43447|dataStream:localhost:38965|priority:0], old=null
2022-06-17 18:18:38,165 [grpc-default-executor-2] INFO  impl.VoteContext (VoteContext.java:log(48)) - s0@group-082BF26D8677-FOLLOWER: reject ELECTION from s1: already has voted for s0 at current term 1
2022-06-17 18:18:38,165 [grpc-default-executor-2] INFO  server.RaftServer$Division (RaftServerImpl.java:requestVote(1184)) - s0@group-082BF26D8677 replies to ELECTION vote request: s1<-s0#0:FAIL-t1. Peer's state: s0@group-082BF26D8677:t1, leader=null, voted=s0, raftlog=s0@group-082BF26D8677-SegmentedRaftLog:OPENED:c-1, conf=-1: [s0|rpc:localhost:35077|admin:localhost:40845|client:localhost:35419|dataStream:localhost:44437|priority:0, s1|rpc:localhost:44401|admin:localhost:36685|client:localhost:34645|dataStream:localhost:39085|priority:0, s2|rpc:localhost:35007|admin:localhost:43603|client:localhost:43447|dataStream:localhost:38965|priority:0], old=null
2022-06-17 18:18:38,165 [grpc-default-executor-6] INFO  impl.VoteContext (VoteContext.java:log(48)) - s0@group-082BF26D8677-FOLLOWER: reject ELECTION from s2: already has voted for s0 at current term 1
2022-06-17 18:18:38,165 [grpc-default-executor-6] INFO  server.RaftServer$Division (RaftServerImpl.java:requestVote(1184)) - s0@group-082BF26D8677 replies to ELECTION vote request: s2<-s0#0:FAIL-t1. Peer's state: s0@group-082BF26D8677:t1, leader=null, voted=s0, raftlog=s0@group-082BF26D8677-SegmentedRaftLog:OPENED:c-1, conf=-1: [s0|rpc:localhost:35077|admin:localhost:40845|client:localhost:35419|dataStream:localhost:44437|priority:0, s1|rpc:localhost:44401|admin:localhost:36685|client:localhost:34645|dataStream:localhost:39085|priority:0, s2|rpc:localhost:35007|admin:localhost:43603|client:localhost:43447|dataStream:localhost:38965|priority:0], old=null
2022-06-17 18:18:38,167 [s1@group-082BF26D8677-LeaderElection1] INFO  impl.LeaderElection (LeaderElection.java:logAndReturn(90)) - s1@group-082BF26D8677-LeaderElection1: ELECTION REJECTED received 2 response(s) and 0 exception(s):
2022-06-17 18:18:38,167 [s1@group-082BF26D8677-LeaderElection1] INFO  impl.LeaderElection (LeaderElection.java:logAndReturn(94)) -   Response 0: s1<-s0#0:FAIL-t1
2022-06-17 18:18:38,167 [s1@group-082BF26D8677-LeaderElection1] INFO  impl.LeaderElection (LeaderElection.java:logAndReturn(94)) -   Response 1: s1<-s2#0:FAIL-t1
2022-06-17 18:18:38,167 [s1@group-082BF26D8677-LeaderElection1] INFO  impl.LeaderElection (LeaderElection.java:askForVotes(312)) - s1@group-082BF26D8677-LeaderElection1 ELECTION round 0: result REJECTED
2022-06-17 18:18:38,167 [s1@group-082BF26D8677-LeaderElection1] INFO  server.RaftServer$Division (RaftServerImpl.java:setRole(299)) - s1@group-082BF26D8677: changes role from CANDIDATE to FOLLOWER at term 1 for REJECTED
2022-06-17 18:18:38,167 [s1@group-082BF26D8677-LeaderElection1] INFO  impl.RoleInfo (RoleInfo.java:shutdownLeaderElection(130)) - s1: shutdown s1@group-082BF26D8677-LeaderElection1
2022-06-17 18:18:38,167 [s1@group-082BF26D8677-LeaderElection1] INFO  impl.RoleInfo (RoleInfo.java:updateAndGet(139)) - s1: start s1@group-082BF26D8677-FollowerState
2022-06-17 18:18:38,168 [s2@group-082BF26D8677-LeaderElection3] INFO  impl.LeaderElection (LeaderElection.java:logAndReturn(90)) - s2@group-082BF26D8677-LeaderElection3: ELECTION REJECTED received 2 response(s) and 0 exception(s):
2022-06-17 18:18:38,168 [s2@group-082BF26D8677-LeaderElection3] INFO  impl.LeaderElection (LeaderElection.java:logAndReturn(94)) -   Response 0: s2<-s0#0:FAIL-t1
2022-06-17 18:18:38,168 [s2@group-082BF26D8677-LeaderElection3] INFO  impl.LeaderElection (LeaderElection.java:logAndReturn(94)) -   Response 1: s2<-s1#0:FAIL-t1
2022-06-17 18:18:38,170 [s2@group-082BF26D8677-LeaderElection3] INFO  impl.LeaderElection (LeaderElection.java:askForVotes(312)) - s2@group-082BF26D8677-LeaderElection3 ELECTION round 0: result REJECTED
2022-06-17 18:18:38,170 [s2@group-082BF26D8677-LeaderElection3] INFO  server.RaftServer$Division (RaftServerImpl.java:setRole(299)) - s2@group-082BF26D8677: changes role from CANDIDATE to FOLLOWER at term 1 for REJECTED
2022-06-17 18:18:38,170 [s2@group-082BF26D8677-LeaderElection3] INFO  impl.RoleInfo (RoleInfo.java:shutdownLeaderElection(130)) - s2: shutdown s2@group-082BF26D8677-LeaderElection3
2022-06-17 18:18:38,171 [s2@group-082BF26D8677-LeaderElection3] INFO  impl.RoleInfo (RoleInfo.java:updateAndGet(139)) - s2: start s2@group-082BF26D8677-FollowerState
2022-06-17 18:18:38,368 [s1@group-082BF26D8677-FollowerState] INFO  impl.FollowerState (FollowerState.java:run(143)) - s1@group-082BF26D8677-FollowerState: change to CANDIDATE, lastRpcElapsedTime:200973333ns, electionTimeout:197ms
2022-06-17 18:18:38,369 [s1@group-082BF26D8677-FollowerState] INFO  impl.RoleInfo (RoleInfo.java:shutdownFollowerState(110)) - s1: shutdown s1@group-082BF26D8677-FollowerState
2022-06-17 18:18:38,369 [s1@group-082BF26D8677-FollowerState] INFO  server.RaftServer$Division (RaftServerImpl.java:setRole(299)) - s1@group-082BF26D8677: changes role from  FOLLOWER to CANDIDATE at term 1 for changeToCandidate
2022-06-17 18:18:38,369 [s1@group-082BF26D8677-FollowerState] INFO  server.RaftServerConfigKeys (ConfUtils.java:logGet(46)) - raft.server.leaderelection.pre-vote = true (default)
2022-06-17 18:18:38,369 [s1@group-082BF26D8677-FollowerState] INFO  impl.RoleInfo (RoleInfo.java:updateAndGet(139)) - s1: start s1@group-082BF26D8677-LeaderElection4
2022-06-17 18:18:38,370 [s1@group-082BF26D8677-LeaderElection4] INFO  impl.LeaderElection (LeaderElection.java:askForVotes(310)) - s1@group-082BF26D8677-LeaderElection4 PRE_VOTE round 0: submit vote requests at term 1 for -1: [s0|rpc:localhost:35077|admin:localhost:40845|client:localhost:35419|dataStream:localhost:44437|priority:0, s1|rpc:localhost:44401|admin:localhost:36685|client:localhost:34645|dataStream:localhost:39085|priority:0, s2|rpc:localhost:35007|admin:localhost:43603|client:localhost:43447|dataStream:localhost:38965|priority:0], old=null
2022-06-17 18:18:38,373 [grpc-default-executor-6] INFO  server.RaftServer$Division (RaftServerImpl.java:requestVote(1152)) - s0@group-082BF26D8677: receive requestVote(PRE_VOTE, s1, group-082BF26D8677, 1, (t:0, i:0))
2022-06-17 18:18:38,373 [grpc-default-executor-6] INFO  impl.VoteContext (VoteContext.java:log(48)) - s0@group-082BF26D8677-FOLLOWER: accept PRE_VOTE from s1: our priority 0 <= candidate's priority 0
2022-06-17 18:18:38,374 [grpc-default-executor-2] INFO  server.RaftServer$Division (RaftServerImpl.java:requestVote(1152)) - s2@group-082BF26D8677: receive requestVote(PRE_VOTE, s1, group-082BF26D8677, 1, (t:0, i:0))
2022-06-17 18:18:38,374 [grpc-default-executor-2] INFO  impl.VoteContext (VoteContext.java:log(48)) - s2@group-082BF26D8677-FOLLOWER: accept PRE_VOTE from s1: our priority 0 <= candidate's priority 0
2022-06-17 18:18:38,375 [grpc-default-executor-2] INFO  server.RaftServer$Division (RaftServerImpl.java:requestVote(1184)) - s2@group-082BF26D8677 replies to PRE_VOTE vote request: s1<-s2#0:OK-t1. Peer's state: s2@group-082BF26D8677:t1, leader=null, voted=s2, raftlog=s2@group-082BF26D8677-SegmentedRaftLog:OPENED:c-1, conf=-1: [s0|rpc:localhost:35077|admin:localhost:40845|client:localhost:35419|dataStream:localhost:44437|priority:0, s1|rpc:localhost:44401|admin:localhost:36685|client:localhost:34645|dataStream:localhost:39085|priority:0, s2|rpc:localhost:35007|admin:localhost:43603|client:localhost:43447|dataStream:localhost:38965|priority:0], old=null
2022-06-17 18:18:38,377 [s1@group-082BF26D8677-LeaderElection4] INFO  impl.LeaderElection (LeaderElection.java:logAndReturn(90)) - s1@group-082BF26D8677-LeaderElection4: PRE_VOTE PASSED received 1 response(s) and 0 exception(s):
2022-06-17 18:18:38,377 [s1@group-082BF26D8677-LeaderElection4] INFO  impl.LeaderElection (LeaderElection.java:logAndReturn(94)) -   Response 0: s1<-s2#0:OK-t1
2022-06-17 18:18:38,377 [s1@group-082BF26D8677-LeaderElection4] INFO  impl.LeaderElection (LeaderElection.java:askForVotes(312)) - s1@group-082BF26D8677-LeaderElection4 PRE_VOTE round 0: result PASSED
2022-06-17 18:18:38,375 [grpc-default-executor-6] INFO  server.RaftServer$Division (RaftServerImpl.java:requestVote(1184)) - s0@group-082BF26D8677 replies to PRE_VOTE vote request: s1<-s0#0:OK-t1. Peer's state: s0@group-082BF26D8677:t1, leader=null, voted=s0, raftlog=s0@group-082BF26D8677-SegmentedRaftLog:OPENED:c-1, conf=-1: [s0|rpc:localhost:35077|admin:localhost:40845|client:localhost:35419|dataStream:localhost:44437|priority:0, s1|rpc:localhost:44401|admin:localhost:36685|client:localhost:34645|dataStream:localhost:39085|priority:0, s2|rpc:localhost:35007|admin:localhost:43603|client:localhost:43447|dataStream:localhost:38965|priority:0], old=null
2022-06-17 18:18:38,379 [s1@group-082BF26D8677-LeaderElection4] INFO  impl.LeaderElection (LeaderElection.java:askForVotes(310)) - s1@group-082BF26D8677-LeaderElection4 ELECTION round 0: submit vote requests at term 2 for -1: [s0|rpc:localhost:35077|admin:localhost:40845|client:localhost:35419|dataStream:localhost:44437|priority:0, s1|rpc:localhost:44401|admin:localhost:36685|client:localhost:34645|dataStream:localhost:39085|priority:0, s2|rpc:localhost:35007|admin:localhost:43603|client:localhost:43447|dataStream:localhost:38965|priority:0], old=null
2022-06-17 18:18:38,383 [grpc-default-executor-6] INFO  server.RaftServer$Division (RaftServerImpl.java:requestVote(1152)) - s0@group-082BF26D8677: receive requestVote(ELECTION, s1, group-082BF26D8677, 2, (t:0, i:0))
2022-06-17 18:18:38,383 [grpc-default-executor-6] INFO  impl.VoteContext (VoteContext.java:log(48)) - s0@group-082BF26D8677-FOLLOWER: accept ELECTION from s1: our priority 0 <= candidate's priority 0
2022-06-17 18:18:38,383 [grpc-default-executor-6] INFO  server.RaftServer$Division (RaftServerImpl.java:setRole(299)) - s0@group-082BF26D8677: changes role from  FOLLOWER to FOLLOWER at term 2 for candidate:s1
2022-06-17 18:18:38,383 [grpc-default-executor-6] INFO  impl.RoleInfo (RoleInfo.java:shutdownFollowerState(110)) - s0: shutdown s0@group-082BF26D8677-FollowerState
2022-06-17 18:18:38,384 [grpc-default-executor-6] INFO  impl.RoleInfo (RoleInfo.java:updateAndGet(139)) - s0: start s0@group-082BF26D8677-FollowerState
2022-06-17 18:18:38,384 [s0@group-082BF26D8677-FollowerState] INFO  impl.FollowerState (FollowerState.java:run(152)) - s0@group-082BF26D8677-FollowerState was interrupted
2022-06-17 18:18:38,384 [grpc-default-executor-2] INFO  server.RaftServer$Division (RaftServerImpl.java:requestVote(1152)) - s2@group-082BF26D8677: receive requestVote(ELECTION, s1, group-082BF26D8677, 2, (t:0, i:0))
2022-06-17 18:18:38,384 [grpc-default-executor-2] INFO  impl.VoteContext (VoteContext.java:log(48)) - s2@group-082BF26D8677-FOLLOWER: accept ELECTION from s1: our priority 0 <= candidate's priority 0
2022-06-17 18:18:38,385 [grpc-default-executor-2] INFO  server.RaftServer$Division (RaftServerImpl.java:setRole(299)) - s2@group-082BF26D8677: changes role from  FOLLOWER to FOLLOWER at term 2 for candidate:s1
2022-06-17 18:18:38,385 [grpc-default-executor-2] INFO  impl.RoleInfo (RoleInfo.java:shutdownFollowerState(110)) - s2: shutdown s2@group-082BF26D8677-FollowerState
2022-06-17 18:18:38,385 [s2@group-082BF26D8677-FollowerState] INFO  impl.FollowerState (FollowerState.java:run(152)) - s2@group-082BF26D8677-FollowerState was interrupted
2022-06-17 18:18:38,385 [grpc-default-executor-2] INFO  impl.RoleInfo (RoleInfo.java:updateAndGet(139)) - s2: start s2@group-082BF26D8677-FollowerState
2022-06-17 18:18:38,386 [grpc-default-executor-6] INFO  server.RaftServer$Division (RaftServerImpl.java:requestVote(1184)) - s0@group-082BF26D8677 replies to ELECTION vote request: s1<-s0#0:OK-t2. Peer's state: s0@group-082BF26D8677:t2, leader=null, voted=s1, raftlog=s0@group-082BF26D8677-SegmentedRaftLog:OPENED:c-1, conf=-1: [s0|rpc:localhost:35077|admin:localhost:40845|client:localhost:35419|dataStream:localhost:44437|priority:0, s1|rpc:localhost:44401|admin:localhost:36685|client:localhost:34645|dataStream:localhost:39085|priority:0, s2|rpc:localhost:35007|admin:localhost:43603|client:localhost:43447|dataStream:localhost:38965|priority:0], old=null
2022-06-17 18:18:38,388 [s1@group-082BF26D8677-LeaderElection4] INFO  impl.LeaderElection (LeaderElection.java:logAndReturn(90)) - s1@group-082BF26D8677-LeaderElection4: ELECTION PASSED received 1 response(s) and 0 exception(s):
2022-06-17 18:18:38,388 [s1@group-082BF26D8677-LeaderElection4] INFO  impl.LeaderElection (LeaderElection.java:logAndReturn(94)) -   Response 0: s1<-s0#0:OK-t2
2022-06-17 18:18:38,388 [s1@group-082BF26D8677-LeaderElection4] INFO  impl.LeaderElection (LeaderElection.java:askForVotes(312)) - s1@group-082BF26D8677-LeaderElection4 ELECTION round 0: result PASSED
2022-06-17 18:18:38,388 [s1@group-082BF26D8677-LeaderElection4] INFO  impl.RoleInfo (RoleInfo.java:shutdownLeaderElection(130)) - s1: shutdown s1@group-082BF26D8677-LeaderElection4
2022-06-17 18:18:38,388 [s1@group-082BF26D8677-LeaderElection4] INFO  server.RaftServer$Division (RaftServerImpl.java:setRole(299)) - s1@group-082BF26D8677: changes role from CANDIDATE to LEADER at term 2 for changeToLeader
2022-06-17 18:18:38,389 [s1@group-082BF26D8677-LeaderElection4] INFO  server.RaftServer$Division (ServerState.java:setLeader(291)) - s1@group-082BF26D8677: change Leader from null to s1 at term 2 for becomeLeader, leader elected after 986ms
2022-06-17 18:18:38,390 [grpc-default-executor-2] INFO  server.RaftServer$Division (RaftServerImpl.java:requestVote(1184)) - s2@group-082BF26D8677 replies to ELECTION vote request: s1<-s2#0:OK-t2. Peer's state: s2@group-082BF26D8677:t2, leader=null, voted=s1, raftlog=s2@group-082BF26D8677-SegmentedRaftLog:OPENED:c-1, conf=-1: [s0|rpc:localhost:35077|admin:localhost:40845|client:localhost:35419|dataStream:localhost:44437|priority:0, s1|rpc:localhost:44401|admin:localhost:36685|client:localhost:34645|dataStream:localhost:39085|priority:0, s2|rpc:localhost:35007|admin:localhost:43603|client:localhost:43447|dataStream:localhost:38965|priority:0], old=null
2022-06-17 18:18:38,393 [s1@group-082BF26D8677-LeaderElection4] INFO  server.RaftServerConfigKeys (ConfUtils.java:logGet(46)) - raft.server.staging.catchup.gap = 1000 (default)
2022-06-17 18:18:38,396 [s1@group-082BF26D8677-LeaderElection4] INFO  server.RaftServerConfigKeys (ConfUtils.java:logGet(46)) - raft.server.write.element-limit = 4096 (default)
2022-06-17 18:18:38,396 [s1@group-082BF26D8677-LeaderElection4] INFO  server.RaftServerConfigKeys (ConfUtils.java:logGet(46)) - raft.server.write.byte-limit = 64MB (=67108864) (default)
2022-06-17 18:18:38,401 [s1@group-082BF26D8677-LeaderElection4] INFO  server.RaftServerConfigKeys (ConfUtils.java:logGet(46)) - raft.server.watch.timeout = 10s (default)
2022-06-17 18:18:38,401 [s1@group-082BF26D8677-LeaderElection4] INFO  server.RaftServerConfigKeys (ConfUtils.java:logGet(46)) - raft.server.watch.timeout.denomination = 1s (default)
2022-06-17 18:18:38,402 [s1@group-082BF26D8677-LeaderElection4] INFO  server.RaftServerConfigKeys (ConfUtils.java:logGet(46)) - raft.server.watch.element-limit = 65536 (default)
2022-06-17 18:18:38,406 [s1@group-082BF26D8677-LeaderElection4] INFO  server.RaftServerConfigKeys (ConfUtils.java:logGet(46)) - raft.server.write.element-limit = 4096 (default)
2022-06-17 18:18:38,408 [s1@group-082BF26D8677-LeaderElection4] INFO  server.RaftServerConfigKeys (ConfUtils.java:logGet(46)) - raft.server.write.follower.gap.ratio.max = -1.0 (default)
2022-06-17 18:18:38,415 [s1@group-082BF26D8677-LeaderElection4] INFO  server.RaftServerConfigKeys (ConfUtils.java:logGet(46)) - raft.server.log.appender.snapshot.chunk.size.max = 16MB (=16777216) (default)
2022-06-17 18:18:38,415 [s1@group-082BF26D8677-LeaderElection4] INFO  server.RaftServerConfigKeys (ConfUtils.java:logGet(46)) - raft.server.log.appender.buffer.byte-limit = 4MB (=4194304) (default)
2022-06-17 18:18:38,415 [s1@group-082BF26D8677-LeaderElection4] INFO  server.RaftServerConfigKeys (ConfUtils.java:logGet(46)) - raft.server.log.appender.buffer.element-limit = 0 (default)
2022-06-17 18:18:38,417 [s1@group-082BF26D8677-LeaderElection4] INFO  grpc.GrpcConfigKeys (ConfUtils.java:logGet(46)) - raft.grpc.server.leader.outstanding.appends.max = 128 (default)
2022-06-17 18:18:38,418 [s1@group-082BF26D8677-LeaderElection4] INFO  server.RaftServerConfigKeys (ConfUtils.java:logGet(46)) - raft.server.rpc.request.timeout = 3000ms (default)
2022-06-17 18:18:38,418 [s1@group-082BF26D8677-LeaderElection4] INFO  server.RaftServerConfigKeys (ConfUtils.java:logGet(46)) - raft.server.log.appender.install.snapshot.enabled = true (default)
2022-06-17 18:18:38,419 [s1@group-082BF26D8677-LeaderElection4] INFO  server.RaftServerConfigKeys (ConfUtils.java:logGet(46)) - raft.server.log.appender.snapshot.chunk.size.max = 16MB (=16777216) (default)
2022-06-17 18:18:38,419 [s1@group-082BF26D8677-LeaderElection4] INFO  server.RaftServerConfigKeys (ConfUtils.java:logGet(46)) - raft.server.log.appender.buffer.byte-limit = 4MB (=4194304) (default)
2022-06-17 18:18:38,419 [s1@group-082BF26D8677-LeaderElection4] INFO  server.RaftServerConfigKeys (ConfUtils.java:logGet(46)) - raft.server.log.appender.buffer.element-limit = 0 (default)
2022-06-17 18:18:38,420 [s1@group-082BF26D8677-LeaderElection4] INFO  grpc.GrpcConfigKeys (ConfUtils.java:logGet(46)) - raft.grpc.server.leader.outstanding.appends.max = 128 (default)
2022-06-17 18:18:38,420 [s1@group-082BF26D8677-LeaderElection4] INFO  server.RaftServerConfigKeys (ConfUtils.java:logGet(46)) - raft.server.rpc.request.timeout = 3000ms (default)
2022-06-17 18:18:38,420 [s1@group-082BF26D8677-LeaderElection4] INFO  server.RaftServerConfigKeys (ConfUtils.java:logGet(46)) - raft.server.log.appender.install.snapshot.enabled = true (default)
2022-06-17 18:18:38,421 [s1@group-082BF26D8677-LeaderElection4] INFO  impl.RoleInfo (RoleInfo.java:updateAndGet(139)) - s1: start s1@group-082BF26D8677-LeaderStateImpl
2022-06-17 18:18:38,435 [s1@group-082BF26D8677-LeaderElection4] INFO  segmented.SegmentedRaftLogWorker (SegmentedRaftLogWorker.java:startLogSegment(425)) - s1@group-082BF26D8677-SegmentedRaftLogWorker: Starting segment from index:0
2022-06-17 18:18:38,463 [s1@group-082BF26D8677-LeaderElection4] INFO  server.RaftServer$Division (ServerState.java:setRaftConf(397)) - s1@group-082BF26D8677: set configuration 0: [s0|rpc:localhost:35077|admin:localhost:40845|client:localhost:35419|dataStream:localhost:44437|priority:0, s1|rpc:localhost:44401|admin:localhost:36685|client:localhost:34645|dataStream:localhost:39085|priority:0, s2|rpc:localhost:35007|admin:localhost:43603|client:localhost:43447|dataStream:localhost:38965|priority:0], old=null
2022-06-17 18:18:38,479 [s0-server-thread1] INFO  server.RaftServer$Division (ServerState.java:setLeader(291)) - s0@group-082BF26D8677: change Leader from null to s1 at term 2 for appendEntries, leader elected after 1081ms
2022-06-17 18:18:38,482 [s2-server-thread1] INFO  server.RaftServer$Division (ServerState.java:setLeader(291)) - s2@group-082BF26D8677: change Leader from null to s1 at term 2 for appendEntries, leader elected after 1083ms
2022-06-17 18:18:38,492 [s2-server-thread1] INFO  server.RaftServer$Division (ServerState.java:setRaftConf(397)) - s2@group-082BF26D8677: set configuration 0: [s0|rpc:localhost:35077|admin:localhost:40845|client:localhost:35419|dataStream:localhost:44437|priority:0, s1|rpc:localhost:44401|admin:localhost:36685|client:localhost:34645|dataStream:localhost:39085|priority:0, s2|rpc:localhost:35007|admin:localhost:43603|client:localhost:43447|dataStream:localhost:38965|priority:0], old=null
2022-06-17 18:18:38,492 [s2-server-thread1] INFO  segmented.SegmentedRaftLogWorker (SegmentedRaftLogWorker.java:startLogSegment(425)) - s2@group-082BF26D8677-SegmentedRaftLogWorker: Starting segment from index:0
2022-06-17 18:18:38,497 [s0-server-thread2] INFO  server.RaftServer$Division (ServerState.java:setRaftConf(397)) - s0@group-082BF26D8677: set configuration 0: [s0|rpc:localhost:35077|admin:localhost:40845|client:localhost:35419|dataStream:localhost:44437|priority:0, s1|rpc:localhost:44401|admin:localhost:36685|client:localhost:34645|dataStream:localhost:39085|priority:0, s2|rpc:localhost:35007|admin:localhost:43603|client:localhost:43447|dataStream:localhost:38965|priority:0], old=null
2022-06-17 18:18:38,499 [s0-server-thread2] INFO  segmented.SegmentedRaftLogWorker (SegmentedRaftLogWorker.java:startLogSegment(425)) - s0@group-082BF26D8677-SegmentedRaftLogWorker: Starting segment from index:0
2022-06-17 18:18:38,507 [Time-limited test] WARN  ratis.RaftTestUtil (JavaUtils.java:attempt(172)) - FAILED "waitForLeader-null-(expectLeader? true)", attempt #3/100: java.lang.IllegalStateException: Leader: s1@group-082BF26D8677 not ready, sleep 450ms and then retry.
java.lang.IllegalStateException: Leader: s1@group-082BF26D8677 not ready
	at org.apache.ratis.RaftTestUtil.lambda$waitForLeader$3(RaftTestUtil.java:114)
	at org.apache.ratis.util.JavaUtils.attempt(JavaUtils.java:166)
	at org.apache.ratis.util.JavaUtils.attemptRepeatedly(JavaUtils.java:152)
	at org.apache.ratis.RaftTestUtil.waitForLeader(RaftTestUtil.java:111)
	at org.apache.ratis.RaftTestUtil.waitForLeader(RaftTestUtil.java:92)
	at org.apache.ratis.RaftTestUtil.waitForLeader(RaftTestUtil.java:87)
	at org.apache.ratis.grpc.TestRaftServerWithGrpc.testRaftClientRequestMetrics(TestRaftServerWithGrpc.java:304)
	at org.apache.ratis.server.impl.MiniRaftCluster$Factory$Get.runWithNewCluster(MiniRaftCluster.java:125)
	at org.apache.ratis.server.impl.MiniRaftCluster$Factory$Get.runWithNewCluster(MiniRaftCluster.java:113)
	at org.apache.ratis.grpc.TestRaftServerWithGrpc.testRaftClientMetrics(TestRaftServerWithGrpc.java:209)
	at sun.reflect.NativeMethodAccessorImpl.invoke0(Native Method)
	at sun.reflect.NativeMethodAccessorImpl.invoke(NativeMethodAccessorImpl.java:62)
	at sun.reflect.DelegatingMethodAccessorImpl.invoke(DelegatingMethodAccessorImpl.java:43)
	at java.lang.reflect.Method.invoke(Method.java:498)
	at org.junit.runners.model.FrameworkMethod$1.runReflectiveCall(FrameworkMethod.java:59)
	at org.junit.internal.runners.model.ReflectiveCallable.run(ReflectiveCallable.java:12)
	at org.junit.runners.model.FrameworkMethod.invokeExplosively(FrameworkMethod.java:56)
	at org.junit.internal.runners.statements.InvokeMethod.evaluate(InvokeMethod.java:17)
	at org.junit.internal.runners.statements.RunBefores.evaluate(RunBefores.java:26)
	at org.junit.internal.runners.statements.RunAfters.evaluate(RunAfters.java:27)
	at org.junit.internal.runners.statements.FailOnTimeout$CallableStatement.call(FailOnTimeout.java:299)
	at org.junit.internal.runners.statements.FailOnTimeout$CallableStatement.call(FailOnTimeout.java:293)
	at java.util.concurrent.FutureTask.run(FutureTask.java:266)
	at java.lang.Thread.run(Thread.java:750)
2022-06-17 18:18:38,552 [s2@group-082BF26D8677-SegmentedRaftLogWorker] INFO  segmented.SegmentedRaftLogWorker (SegmentedRaftLogWorker.java:execute(629)) - s2@group-082BF26D8677-SegmentedRaftLogWorker: created new log segment /home/runner/work/ratis/ratis/ratis-test/target/test/data/70519703/MiniRaftClusterWithGrpcce442cb4/s2/ede21475-922e-487a-a389-082bf26d8677/current/log_inprogress_0
2022-06-17 18:18:38,552 [s0@group-082BF26D8677-SegmentedRaftLogWorker] INFO  segmented.SegmentedRaftLogWorker (SegmentedRaftLogWorker.java:execute(629)) - s0@group-082BF26D8677-SegmentedRaftLogWorker: created new log segment /home/runner/work/ratis/ratis/ratis-test/target/test/data/70519703/MiniRaftClusterWithGrpcce442cb4/s0/ede21475-922e-487a-a389-082bf26d8677/current/log_inprogress_0
2022-06-17 18:18:38,553 [s1@group-082BF26D8677-SegmentedRaftLogWorker] INFO  segmented.SegmentedRaftLogWorker (SegmentedRaftLogWorker.java:execute(629)) - s1@group-082BF26D8677-SegmentedRaftLogWorker: created new log segment /home/runner/work/ratis/ratis/ratis-test/target/test/data/70519703/MiniRaftClusterWithGrpcce442cb4/s1/ede21475-922e-487a-a389-082bf26d8677/current/log_inprogress_0
2022-06-17 18:18:38,958 [Time-limited test] INFO  ratis.RaftTestUtil (RaftTestUtil.java:waitForLeader(119)) - printing ALL groups
  s0:  RUNNING  FOLLOWER s0@group-082BF26D8677:t2, leader=s1, voted=s1, raftlog=s0@group-082BF26D8677-SegmentedRaftLog:OPENED:c0, conf=0: [s0|rpc:localhost:35077|admin:localhost:40845|client:localhost:35419|dataStream:localhost:44437|priority:0, s1|rpc:localhost:44401|admin:localhost:36685|client:localhost:34645|dataStream:localhost:39085|priority:0, s2|rpc:localhost:35007|admin:localhost:43603|client:localhost:43447|dataStream:localhost:38965|priority:0], old=null RUNNING
  s1:  RUNNING    LEADER s1@group-082BF26D8677:t2, leader=s1, voted=s1, raftlog=s1@group-082BF26D8677-SegmentedRaftLog:OPENED:c0, conf=0: [s0|rpc:localhost:35077|admin:localhost:40845|client:localhost:35419|dataStream:localhost:44437|priority:0, s1|rpc:localhost:44401|admin:localhost:36685|client:localhost:34645|dataStream:localhost:39085|priority:0, s2|rpc:localhost:35007|admin:localhost:43603|client:localhost:43447|dataStream:localhost:38965|priority:0], old=null RUNNING
  s2:  RUNNING  FOLLOWER s2@group-082BF26D8677:t2, leader=s1, voted=s1, raftlog=s2@group-082BF26D8677-SegmentedRaftLog:OPENED:c0, conf=0: [s0|rpc:localhost:35077|admin:localhost:40845|client:localhost:35419|dataStream:localhost:44437|priority:0, s1|rpc:localhost:44401|admin:localhost:36685|client:localhost:34645|dataStream:localhost:39085|priority:0, s2|rpc:localhost:35007|admin:localhost:43603|client:localhost:43447|dataStream:localhost:38965|priority:0], old=null RUNNING
2022-06-17 18:18:38,988 [Time-limited test] DEBUG client.GrpcClientProtocolClient (ConfUtils.java:logGet(46)) - raft.grpc.flow.control.window = 1MB (=1048576) (default)
2022-06-17 18:18:38,988 [Time-limited test] DEBUG client.GrpcClientProtocolClient (ConfUtils.java:logGet(46)) - raft.grpc.message.size.max = 64MB (=67108864) (default)
2022-06-17 18:18:39,024 [grpc-default-executor-2] TRACE client.GrpcClientProtocolClient (GrpcClientProtocolClient.java:onNext(322)) - client-219F017ADFF7->s0: receive RaftClientReply:client-219F017ADFF7->s0@group-082BF26D8677, cid=0, FAILED org.apache.ratis.protocol.exceptions.NotLeaderException: Server s0@group-082BF26D8677 is not the leader s1|rpc:localhost:44401|admin:localhost:36685|client:localhost:34645|dataStream:localhost:39085|priority:0, logIndex=0, commits[s0:c0, s1:c0, s2:c0]
2022-06-17 18:18:39,035 [java.util.concurrent.ThreadPoolExecutor$Worker@12b910e1[State = -1, empty queue]] DEBUG client.GrpcClientProtocolClient (ConfUtils.java:logGet(46)) - raft.grpc.flow.control.window = 1MB (=1048576) (default)
2022-06-17 18:18:39,036 [java.util.concurrent.ThreadPoolExecutor$Worker@12b910e1[State = -1, empty queue]] DEBUG client.GrpcClientProtocolClient (ConfUtils.java:logGet(46)) - raft.grpc.message.size.max = 64MB (=67108864) (default)
2022-06-17 18:18:39,058 [grpc-default-executor-2] TRACE client.GrpcClientProtocolClient (GrpcClientProtocolClient.java:onNext(322)) - client-219F017ADFF7->s1: receive RaftClientReply:client-219F017ADFF7->s1@group-082BF26D8677, cid=0, SUCCESS, logIndex=0, commits[s1:c0, s0:c0, s2:c0]
2022-06-17 18:18:39,086 [s1@group-082BF26D8677-StateMachineUpdater] INFO  statemachine.SimpleStateMachine4Testing (SimpleStateMachine4Testing.java:put(204)) - s1: put 1, testing -> (t:2, i:1), STATEMACHINELOGENTRY, 1@client-219F017ADFF7
2022-06-17 18:18:39,089 [grpc-default-executor-2] TRACE client.GrpcClientProtocolClient (GrpcClientProtocolClient.java:onNext(322)) - client-219F017ADFF7->s1: receive RaftClientReply:client-219F017ADFF7->s1@group-082BF26D8677, cid=1, SUCCESS, logIndex=1, commits[s1:c1, s0:c0, s2:c0]
2022-06-17 18:18:39,094 [s0@group-082BF26D8677-StateMachineUpdater] INFO  statemachine.SimpleStateMachine4Testing (SimpleStateMachine4Testing.java:put(204)) - s0: put 1, testing -> (t:2, i:1), STATEMACHINELOGENTRY, 1@client-219F017ADFF7
2022-06-17 18:18:39,098 [s2@group-082BF26D8677-StateMachineUpdater] INFO  statemachine.SimpleStateMachine4Testing (SimpleStateMachine4Testing.java:put(204)) - s2: put 1, testing -> (t:2, i:1), STATEMACHINELOGENTRY, 1@client-219F017ADFF7
2022-06-17 18:18:39,102 [Time-limited test] INFO  impl.MiniRaftCluster (MiniRaftCluster.java:shutdown(760)) - ************************************************************** 
2022-06-17 18:18:39,102 [Time-limited test] INFO  impl.MiniRaftCluster (MiniRaftCluster.java:shutdown(761)) - *** 
2022-06-17 18:18:39,102 [Time-limited test] INFO  impl.MiniRaftCluster (MiniRaftCluster.java:shutdown(762)) - ***     Stopping MiniRaftClusterWithGrpc
2022-06-17 18:18:39,103 [Time-limited test] INFO  impl.MiniRaftCluster (MiniRaftCluster.java:shutdown(763)) - *** 
2022-06-17 18:18:39,103 [Time-limited test] INFO  impl.MiniRaftCluster (MiniRaftCluster.java:shutdown(764)) - ************************************************************** 
2022-06-17 18:18:39,103 [Time-limited test] INFO  impl.MiniRaftCluster (MiniRaftCluster.java:shutdown(765)) - printing ALL groups
  s0:  RUNNING  FOLLOWER s0@group-082BF26D8677:t2, leader=s1, voted=s1, raftlog=s0@group-082BF26D8677-SegmentedRaftLog:OPENED:c1, conf=0: [s0|rpc:localhost:35077|admin:localhost:40845|client:localhost:35419|dataStream:localhost:44437|priority:0, s1|rpc:localhost:44401|admin:localhost:36685|client:localhost:34645|dataStream:localhost:39085|priority:0, s2|rpc:localhost:35007|admin:localhost:43603|client:localhost:43447|dataStream:localhost:38965|priority:0], old=null RUNNING
  s1:  RUNNING    LEADER s1@group-082BF26D8677:t2, leader=s1, voted=s1, raftlog=s1@group-082BF26D8677-SegmentedRaftLog:OPENED:c2, conf=0: [s0|rpc:localhost:35077|admin:localhost:40845|client:localhost:35419|dataStream:localhost:44437|priority:0, s1|rpc:localhost:44401|admin:localhost:36685|client:localhost:34645|dataStream:localhost:39085|priority:0, s2|rpc:localhost:35007|admin:localhost:43603|client:localhost:43447|dataStream:localhost:38965|priority:0], old=null RUNNING
  s2:  RUNNING  FOLLOWER s2@group-082BF26D8677:t2, leader=s1, voted=s1, raftlog=s2@group-082BF26D8677-SegmentedRaftLog:OPENED:c1, conf=0: [s0|rpc:localhost:35077|admin:localhost:40845|client:localhost:35419|dataStream:localhost:44437|priority:0, s1|rpc:localhost:44401|admin:localhost:36685|client:localhost:34645|dataStream:localhost:39085|priority:0, s2|rpc:localhost:35007|admin:localhost:43603|client:localhost:43447|dataStream:localhost:38965|priority:0], old=null RUNNING
2022-06-17 18:18:39,105 [java.util.concurrent.ThreadPoolExecutor$Worker@18397c3c[State = -1, empty queue]] INFO  server.RaftServer (RaftServerProxy.java:lambda$close$7(398)) - s0: close
2022-06-17 18:18:39,106 [java.util.concurrent.ThreadPoolExecutor$Worker@18397c3c[State = -1, empty queue]] INFO  server.RaftServer$Division (RaftServerImpl.java:lambda$close$4(434)) - s0@group-082BF26D8677: shutdown
2022-06-17 18:18:39,106 [java.util.concurrent.ThreadPoolExecutor$Worker@18397c3c[State = -1, empty queue]] INFO  util.JmxRegister (JmxRegister.java:unregister(73)) - Successfully un-registered JMX Bean with object name Ratis:service=RaftServer,group=group-082BF26D8677,id=s0
2022-06-17 18:18:39,106 [java.util.concurrent.ThreadPoolExecutor$Worker@18397c3c[State = -1, empty queue]] INFO  impl.RoleInfo (RoleInfo.java:shutdownFollowerState(110)) - s0: shutdown s0@group-082BF26D8677-FollowerState
2022-06-17 18:18:39,106 [java.util.concurrent.ThreadPoolExecutor$Worker@18397c3c[State = -1, empty queue]] INFO  impl.StateMachineUpdater (StateMachineUpdater.java:stopAndJoin(153)) - s0@group-082BF26D8677-StateMachineUpdater: set stopIndex = 1
2022-06-17 18:18:39,106 [s0@group-082BF26D8677-FollowerState] INFO  impl.FollowerState (FollowerState.java:run(152)) - s0@group-082BF26D8677-FollowerState was interrupted
2022-06-17 18:18:39,107 [java.util.concurrent.ThreadPoolExecutor$Worker@571860b7[State = -1, empty queue]] INFO  server.RaftServer (RaftServerProxy.java:lambda$close$7(398)) - s1: close
2022-06-17 18:18:39,107 [java.util.concurrent.ThreadPoolExecutor$Worker@571860b7[State = -1, empty queue]] INFO  server.RaftServer$Division (RaftServerImpl.java:lambda$close$4(434)) - s1@group-082BF26D8677: shutdown
2022-06-17 18:18:39,107 [java.util.concurrent.ThreadPoolExecutor$Worker@571860b7[State = -1, empty queue]] INFO  util.JmxRegister (JmxRegister.java:unregister(73)) - Successfully un-registered JMX Bean with object name Ratis:service=RaftServer,group=group-082BF26D8677,id=s1
2022-06-17 18:18:39,107 [java.util.concurrent.ThreadPoolExecutor$Worker@571860b7[State = -1, empty queue]] INFO  impl.RoleInfo (RoleInfo.java:shutdownLeaderState(93)) - s1: shutdown s1@group-082BF26D8677-LeaderStateImpl
2022-06-17 18:18:39,107 [s1@group-082BF26D8677->s0-GrpcLogAppender-LogAppenderDaemon] WARN  server.GrpcLogAppender (GrpcLogAppender.java:mayWait(172)) - s1@group-082BF26D8677->s0-GrpcLogAppender: Wait interrupted by java.lang.InterruptedException
2022-06-17 18:18:39,107 [java.util.concurrent.ThreadPoolExecutor$Worker@18397c3c[State = -1, empty queue]] INFO  server.RaftServer$Division (ServerState.java:close(433)) - s0@group-082BF26D8677: closes. applyIndex: 1
2022-06-17 18:18:39,108 [s1@group-082BF26D8677->s2-GrpcLogAppender-LogAppenderDaemon] WARN  server.GrpcLogAppender (GrpcLogAppender.java:mayWait(172)) - s1@group-082BF26D8677->s2-GrpcLogAppender: Wait interrupted by java.lang.InterruptedException
2022-06-17 18:18:39,109 [s0@group-082BF26D8677-SegmentedRaftLogWorker] INFO  segmented.SegmentedRaftLogWorker (SegmentedRaftLogWorker.java:run(336)) - s0@group-082BF26D8677-SegmentedRaftLogWorker was interrupted, exiting. There are 0 tasks remaining in the queue.
2022-06-17 18:18:39,110 [grpc-default-executor-2] INFO  server.GrpcServerProtocolService (GrpcServerProtocolService.java:onCompleted(140)) - s2: Completed APPEND_ENTRIES, lastRequest: s1->s2#19-t2,previous=(t:2, i:1),leaderCommit=1,initializing? true,entries: size=1, first=(t:2, i:2), METADATAENTRY(c:1)
2022-06-17 18:18:39,110 [java.util.concurrent.ThreadPoolExecutor$Worker@18397c3c[State = -1, empty queue]] INFO  segmented.SegmentedRaftLogWorker (SegmentedRaftLogWorker.java:close(246)) - s0@group-082BF26D8677-SegmentedRaftLogWorker close()
2022-06-17 18:18:39,111 [grpc-default-executor-6] INFO  server.GrpcLogAppender (GrpcLogAppender.java:onCompleted(340)) - s1@group-082BF26D8677->s2-AppendLogResponseHandler: follower responses appendEntries COMPLETED
2022-06-17 18:18:39,107 [java.util.concurrent.ThreadPoolExecutor$Worker@571860b7[State = -1, empty queue]] INFO  impl.PendingRequests (PendingRequests.java:sendNotLeaderResponses(282)) - s1@group-082BF26D8677-PendingRequests: sendNotLeaderResponses
2022-06-17 18:18:39,110 [grpc-default-executor-0] INFO  server.GrpcServerProtocolService (GrpcServerProtocolService.java:onCompleted(140)) - s0: Completed APPEND_ENTRIES, lastRequest: s1->s0#18-t2,previous=(t:2, i:1),leaderCommit=1,initializing? true,entries: size=1, first=(t:2, i:2), METADATAENTRY(c:1)
2022-06-17 18:18:39,112 [grpc-default-executor-2] INFO  server.GrpcLogAppender (GrpcLogAppender.java:onCompleted(340)) - s1@group-082BF26D8677->s0-AppendLogResponseHandler: follower responses appendEntries COMPLETED
2022-06-17 18:18:39,113 [grpc-default-executor-2] INFO  leader.FollowerInfo (FollowerInfoImpl.java:lambda$new$0(48)) - s1@group-082BF26D8677->s0: nextIndex: updateUnconditionally 3 -> 2
2022-06-17 18:18:39,113 [grpc-default-executor-6] INFO  leader.FollowerInfo (FollowerInfoImpl.java:lambda$new$0(48)) - s1@group-082BF26D8677->s2: nextIndex: updateUnconditionally 3 -> 2
2022-06-17 18:18:39,113 [java.util.concurrent.ThreadPoolExecutor$Worker@18397c3c[State = -1, empty queue]] INFO  server.GrpcService (GrpcService.java:closeImpl(269)) - s0: shutdown server with port 35077 now
2022-06-17 18:18:39,114 [java.util.concurrent.ThreadPoolExecutor$Worker@571860b7[State = -1, empty queue]] INFO  impl.StateMachineUpdater (StateMachineUpdater.java:stopAndJoin(153)) - s1@group-082BF26D8677-StateMachineUpdater: set stopIndex = 2
2022-06-17 18:18:39,114 [java.util.concurrent.ThreadPoolExecutor$Worker@571860b7[State = -1, empty queue]] INFO  server.RaftServer$Division (ServerState.java:close(433)) - s1@group-082BF26D8677: closes. applyIndex: 2
2022-06-17 18:18:39,114 [s1@group-082BF26D8677-SegmentedRaftLogWorker] INFO  segmented.SegmentedRaftLogWorker (SegmentedRaftLogWorker.java:run(336)) - s1@group-082BF26D8677-SegmentedRaftLogWorker was interrupted, exiting. There are 0 tasks remaining in the queue.
2022-06-17 18:18:39,115 [java.util.concurrent.ThreadPoolExecutor$Worker@571860b7[State = -1, empty queue]] INFO  segmented.SegmentedRaftLogWorker (SegmentedRaftLogWorker.java:close(246)) - s1@group-082BF26D8677-SegmentedRaftLogWorker close()
2022-06-17 18:18:39,115 [java.util.concurrent.ThreadPoolExecutor$Worker@26049fcf[State = -1, empty queue]] INFO  server.RaftServer (RaftServerProxy.java:lambda$close$7(398)) - s2: close
2022-06-17 18:18:39,115 [java.util.concurrent.ThreadPoolExecutor$Worker@26049fcf[State = -1, empty queue]] INFO  server.RaftServer$Division (RaftServerImpl.java:lambda$close$4(434)) - s2@group-082BF26D8677: shutdown
2022-06-17 18:18:39,115 [java.util.concurrent.ThreadPoolExecutor$Worker@26049fcf[State = -1, empty queue]] INFO  util.JmxRegister (JmxRegister.java:unregister(73)) - Successfully un-registered JMX Bean with object name Ratis:service=RaftServer,group=group-082BF26D8677,id=s2
2022-06-17 18:18:39,115 [java.util.concurrent.ThreadPoolExecutor$Worker@26049fcf[State = -1, empty queue]] INFO  impl.RoleInfo (RoleInfo.java:shutdownFollowerState(110)) - s2: shutdown s2@group-082BF26D8677-FollowerState
2022-06-17 18:18:39,116 [java.util.concurrent.ThreadPoolExecutor$Worker@571860b7[State = -1, empty queue]] INFO  server.GrpcService (GrpcService.java:closeImpl(269)) - s1: shutdown server with port 44401 now
2022-06-17 18:18:39,116 [s2@group-082BF26D8677-FollowerState] INFO  impl.FollowerState (FollowerState.java:run(152)) - s2@group-082BF26D8677-FollowerState was interrupted
2022-06-17 18:18:39,116 [java.util.concurrent.ThreadPoolExecutor$Worker@26049fcf[State = -1, empty queue]] INFO  impl.StateMachineUpdater (StateMachineUpdater.java:stopAndJoin(153)) - s2@group-082BF26D8677-StateMachineUpdater: set stopIndex = 1
2022-06-17 18:18:39,116 [java.util.concurrent.ThreadPoolExecutor$Worker@26049fcf[State = -1, empty queue]] INFO  server.RaftServer$Division (ServerState.java:close(433)) - s2@group-082BF26D8677: closes. applyIndex: 1
2022-06-17 18:18:39,116 [s2@group-082BF26D8677-SegmentedRaftLogWorker] INFO  segmented.SegmentedRaftLogWorker (SegmentedRaftLogWorker.java:run(336)) - s2@group-082BF26D8677-SegmentedRaftLogWorker was interrupted, exiting. There are 0 tasks remaining in the queue.
2022-06-17 18:18:39,117 [java.util.concurrent.ThreadPoolExecutor$Worker@26049fcf[State = -1, empty queue]] INFO  segmented.SegmentedRaftLogWorker (SegmentedRaftLogWorker.java:close(246)) - s2@group-082BF26D8677-SegmentedRaftLogWorker close()
2022-06-17 18:18:39,125 [java.util.concurrent.ThreadPoolExecutor$Worker@571860b7[State = -1, empty queue]] INFO  server.GrpcService (GrpcService.java:closeImpl(278)) - s1: shutdown server with port 44401 successfully
2022-06-17 18:18:39,125 [java.util.concurrent.ThreadPoolExecutor$Worker@571860b7[State = -1, empty queue]] INFO  server.GrpcService (GrpcService.java:closeImpl(269)) - s1: shutdown server with port 36685 now
2022-06-17 18:18:39,126 [java.util.concurrent.ThreadPoolExecutor$Worker@26049fcf[State = -1, empty queue]] INFO  server.GrpcService (GrpcService.java:closeImpl(269)) - s2: shutdown server with port 35007 now
2022-06-17 18:18:39,127 [java.util.concurrent.ThreadPoolExecutor$Worker@18397c3c[State = -1, empty queue]] INFO  server.GrpcService (GrpcService.java:closeImpl(278)) - s0: shutdown server with port 35077 successfully
2022-06-17 18:18:39,127 [java.util.concurrent.ThreadPoolExecutor$Worker@18397c3c[State = -1, empty queue]] INFO  server.GrpcService (GrpcService.java:closeImpl(269)) - s0: shutdown server with port 40845 now
2022-06-17 18:18:39,127 [java.util.concurrent.ThreadPoolExecutor$Worker@571860b7[State = -1, empty queue]] INFO  server.GrpcService (GrpcService.java:closeImpl(278)) - s1: shutdown server with port 36685 successfully
2022-06-17 18:18:39,127 [java.util.concurrent.ThreadPoolExecutor$Worker@571860b7[State = -1, empty queue]] INFO  server.GrpcService (GrpcService.java:closeImpl(269)) - s1: shutdown server with port 34645 now
2022-06-17 18:18:39,127 [java.util.concurrent.ThreadPoolExecutor$Worker@26049fcf[State = -1, empty queue]] INFO  server.GrpcService (GrpcService.java:closeImpl(278)) - s2: shutdown server with port 35007 successfully
2022-06-17 18:18:39,128 [java.util.concurrent.ThreadPoolExecutor$Worker@26049fcf[State = -1, empty queue]] INFO  server.GrpcService (GrpcService.java:closeImpl(269)) - s2: shutdown server with port 43603 now
2022-06-17 18:18:39,128 [java.util.concurrent.ThreadPoolExecutor$Worker@26049fcf[State = -1, empty queue]] INFO  server.GrpcService (GrpcService.java:closeImpl(278)) - s2: shutdown server with port 43603 successfully
2022-06-17 18:18:39,128 [java.util.concurrent.ThreadPoolExecutor$Worker@26049fcf[State = -1, empty queue]] INFO  server.GrpcService (GrpcService.java:closeImpl(269)) - s2: shutdown server with port 43447 now
2022-06-17 18:18:39,128 [java.util.concurrent.ThreadPoolExecutor$Worker@571860b7[State = -1, empty queue]] INFO  server.GrpcService (GrpcService.java:closeImpl(278)) - s1: shutdown server with port 34645 successfully
2022-06-17 18:18:39,129 [org.apache.ratis.util.JvmPauseMonitor$$Lambda$309/689968265@4b872762] INFO  util.JvmPauseMonitor (JvmPauseMonitor.java:run(109)) - JvmPauseMonitor-s1: Stopped
2022-06-17 18:18:39,129 [java.util.concurrent.ThreadPoolExecutor$Worker@26049fcf[State = -1, empty queue]] INFO  server.GrpcService (GrpcService.java:closeImpl(278)) - s2: shutdown server with port 43447 successfully
2022-06-17 18:18:39,129 [java.util.concurrent.ThreadPoolExecutor$Worker@18397c3c[State = -1, empty queue]] INFO  server.GrpcService (GrpcService.java:closeImpl(278)) - s0: shutdown server with port 40845 successfully
2022-06-17 18:18:39,129 [java.util.concurrent.ThreadPoolExecutor$Worker@18397c3c[State = -1, empty queue]] INFO  server.GrpcService (GrpcService.java:closeImpl(269)) - s0: shutdown server with port 35419 now
2022-06-17 18:18:39,131 [java.util.concurrent.ThreadPoolExecutor$Worker@18397c3c[State = -1, empty queue]] INFO  server.GrpcService (GrpcService.java:closeImpl(278)) - s0: shutdown server with port 35419 successfully
2022-06-17 18:18:39,131 [org.apache.ratis.util.JvmPauseMonitor$$Lambda$309/689968265@7282a492] INFO  util.JvmPauseMonitor (JvmPauseMonitor.java:run(109)) - JvmPauseMonitor-s0: Stopped
2022-06-17 18:18:39,131 [org.apache.ratis.util.JvmPauseMonitor$$Lambda$309/689968265@2cc6acb4] INFO  util.JvmPauseMonitor (JvmPauseMonitor.java:run(109)) - JvmPauseMonitor-s2: Stopped
2022-06-17 18:18:39,133 [Time-limited test] INFO  impl.MiniRaftCluster (MiniRaftCluster.java:shutdown(783)) - MiniRaftClusterWithGrpc shutdown completed
]]></system-out>
  </testcase>
  <testcase name="testRaftServerMetrics" classname="org.apache.ratis.grpc.TestRaftServerWithGrpc" time="0.885"/>
  <testcase name="testUnsupportedMethods" classname="org.apache.ratis.grpc.TestRaftServerWithGrpc" time="0.481"/>
  <testcase name="testServerRestartOnException" classname="org.apache.ratis.grpc.TestRaftServerWithGrpc" time="22.581"/>
  <testcase name="testLeaderRestart" classname="org.apache.ratis.grpc.TestRaftServerWithGrpc" time="5.492"/>
</testsuite>