<?xml version="1.0" encoding="UTF-8"?>
<testsuite xmlns:xsi="http://www.w3.org/2001/XMLSchema-instance" xsi:noNamespaceSchemaLocation="https://maven.apache.org/surefire/maven-surefire-plugin/xsd/surefire-test-report.xsd" name="org.apache.ratis.grpc.TestRaftServerWithGrpc" time="34.268" tests="5" errors="0" skipped="0" failures="1">
  <properties>
    <property name="awt.toolkit" value="sun.awt.X11.XToolkit"/>
    <property name="file.encoding.pkg" value="sun.io"/>
    <property name="java.specification.version" value="1.8"/>
    <property name="sun.cpu.isalist" value=""/>
    <property name="sun.jnu.encoding" value="UTF-8"/>
    <property name="java.class.path" value="/home/runner/work/ratis/ratis/ratis-test/target/test-classes:/home/runner/work/ratis/ratis/ratis-test/target/classes:/home/runner/work/ratis/ratis/ratis-common/target/classes:/home/runner/.m2/repository/org/apache/ratis/ratis-thirdparty-misc/1.0.0/ratis-thirdparty-misc-1.0.0.jar:/home/runner/work/ratis/ratis/ratis-proto/target/ratis-proto-3.0.0-SNAPSHOT.jar:/home/runner/work/ratis/ratis/ratis-common/target/test-classes:/home/runner/work/ratis/ratis/ratis-client/target/classes:/home/runner/work/ratis/ratis/ratis-server/target/classes:/home/runner/work/ratis/ratis/ratis-server-api/target/classes:/home/runner/work/ratis/ratis/ratis-metrics/target/classes:/home/runner/.m2/repository/io/dropwizard/metrics/metrics-jmx/4.2.9/metrics-jmx-4.2.9.jar:/home/runner/work/ratis/ratis/ratis-server/target/test-classes:/home/runner/work/ratis/ratis/ratis-netty/target/classes:/home/runner/work/ratis/ratis/ratis-netty/target/test-classes:/home/runner/work/ratis/ratis/ratis-grpc/target/classes:/home/runner/work/ratis/ratis/ratis-grpc/target/test-classes:/home/runner/.m2/repository/org/slf4j/slf4j-api/1.7.29/slf4j-api-1.7.29.jar:/home/runner/.m2/repository/org/slf4j/slf4j-log4j12/1.7.29/slf4j-log4j12-1.7.29.jar:/home/runner/.m2/repository/log4j/log4j/1.2.17/log4j-1.2.17.jar:/home/runner/.m2/repository/junit/junit/4.13.2/junit-4.13.2.jar:/home/runner/.m2/repository/org/hamcrest/hamcrest-core/1.3/hamcrest-core-1.3.jar:/home/runner/.m2/repository/org/mockito/mockito-core/4.3.1/mockito-core-4.3.1.jar:/home/runner/.m2/repository/net/bytebuddy/byte-buddy/1.12.7/byte-buddy-1.12.7.jar:/home/runner/.m2/repository/net/bytebuddy/byte-buddy-agent/1.12.7/byte-buddy-agent-1.12.7.jar:/home/runner/.m2/repository/org/objenesis/objenesis/3.2/objenesis-3.2.jar:/home/runner/.m2/repository/io/dropwizard/metrics/metrics-jvm/4.2.9/metrics-jvm-4.2.9.jar:/home/runner/.m2/repository/io/dropwizard/metrics/metrics-core/4.2.9/metrics-core-4.2.9.jar:/home/runner/work/ratis/ratis/ratis-shell/target/classes:/home/runner/.m2/repository/commons-cli/commons-cli/1.5.0/commons-cli-1.5.0.jar:/home/runner/.m2/repository/org/reflections/reflections/0.10.2/reflections-0.10.2.jar:/home/runner/.m2/repository/org/javassist/javassist/3.28.0-GA/javassist-3.28.0-GA.jar:/home/runner/.m2/repository/com/google/code/findbugs/jsr305/3.0.2/jsr305-3.0.2.jar:"/>
    <property name="java.vm.vendor" value="Temurin"/>
    <property name="sun.arch.data.model" value="64"/>
    <property name="java.vendor.url" value="https://adoptium.net/"/>
    <property name="user.timezone" value=""/>
    <property name="java.vm.specification.version" value="1.8"/>
    <property name="os.name" value="Linux"/>
    <property name="sun.java.launcher" value="SUN_STANDARD"/>
    <property name="sun.boot.library.path" value="/usr/lib/jvm/temurin-8-jdk-amd64/jre/lib/amd64"/>
    <property name="sun.java.command" value="/home/runner/work/ratis/ratis/ratis-test/target/surefire/surefirebooter5162146325888010190.jar /home/runner/work/ratis/ratis/ratis-test/target/surefire 2022-06-30T14-59-12_356-jvmRun1 surefire5034672337020635816tmp surefire_214359974149757188663tmp"/>
    <property name="surefire.test.class.path" value="/home/runner/work/ratis/ratis/ratis-test/target/test-classes:/home/runner/work/ratis/ratis/ratis-test/target/classes:/home/runner/work/ratis/ratis/ratis-common/target/classes:/home/runner/.m2/repository/org/apache/ratis/ratis-thirdparty-misc/1.0.0/ratis-thirdparty-misc-1.0.0.jar:/home/runner/work/ratis/ratis/ratis-proto/target/ratis-proto-3.0.0-SNAPSHOT.jar:/home/runner/work/ratis/ratis/ratis-common/target/test-classes:/home/runner/work/ratis/ratis/ratis-client/target/classes:/home/runner/work/ratis/ratis/ratis-server/target/classes:/home/runner/work/ratis/ratis/ratis-server-api/target/classes:/home/runner/work/ratis/ratis/ratis-metrics/target/classes:/home/runner/.m2/repository/io/dropwizard/metrics/metrics-jmx/4.2.9/metrics-jmx-4.2.9.jar:/home/runner/work/ratis/ratis/ratis-server/target/test-classes:/home/runner/work/ratis/ratis/ratis-netty/target/classes:/home/runner/work/ratis/ratis/ratis-netty/target/test-classes:/home/runner/work/ratis/ratis/ratis-grpc/target/classes:/home/runner/work/ratis/ratis/ratis-grpc/target/test-classes:/home/runner/.m2/repository/org/slf4j/slf4j-api/1.7.29/slf4j-api-1.7.29.jar:/home/runner/.m2/repository/org/slf4j/slf4j-log4j12/1.7.29/slf4j-log4j12-1.7.29.jar:/home/runner/.m2/repository/log4j/log4j/1.2.17/log4j-1.2.17.jar:/home/runner/.m2/repository/junit/junit/4.13.2/junit-4.13.2.jar:/home/runner/.m2/repository/org/hamcrest/hamcrest-core/1.3/hamcrest-core-1.3.jar:/home/runner/.m2/repository/org/mockito/mockito-core/4.3.1/mockito-core-4.3.1.jar:/home/runner/.m2/repository/net/bytebuddy/byte-buddy/1.12.7/byte-buddy-1.12.7.jar:/home/runner/.m2/repository/net/bytebuddy/byte-buddy-agent/1.12.7/byte-buddy-agent-1.12.7.jar:/home/runner/.m2/repository/org/objenesis/objenesis/3.2/objenesis-3.2.jar:/home/runner/.m2/repository/io/dropwizard/metrics/metrics-jvm/4.2.9/metrics-jvm-4.2.9.jar:/home/runner/.m2/repository/io/dropwizard/metrics/metrics-core/4.2.9/metrics-core-4.2.9.jar:/home/runner/work/ratis/ratis/ratis-shell/target/classes:/home/runner/.m2/repository/commons-cli/commons-cli/1.5.0/commons-cli-1.5.0.jar:/home/runner/.m2/repository/org/reflections/reflections/0.10.2/reflections-0.10.2.jar:/home/runner/.m2/repository/org/javassist/javassist/3.28.0-GA/javassist-3.28.0-GA.jar:/home/runner/.m2/repository/com/google/code/findbugs/jsr305/3.0.2/jsr305-3.0.2.jar:"/>
    <property name="sun.cpu.endian" value="little"/>
    <property name="user.home" value="/home/runner"/>
    <property name="user.language" value="en"/>
    <property name="java.specification.vendor" value="Oracle Corporation"/>
    <property name="java.home" value="/usr/lib/jvm/temurin-8-jdk-amd64/jre"/>
    <property name="basedir" value="/home/runner/work/ratis/ratis/ratis-test"/>
    <property name="file.separator" value="/"/>
    <property name="line.separator" value="&#10;"/>
    <property name="java.vm.specification.vendor" value="Oracle Corporation"/>
    <property name="java.specification.name" value="Java Platform API Specification"/>
    <property name="java.awt.graphicsenv" value="sun.awt.X11GraphicsEnvironment"/>
    <property name="surefire.real.class.path" value="/home/runner/work/ratis/ratis/ratis-test/target/surefire/surefirebooter5162146325888010190.jar"/>
    <property name="sun.boot.class.path" value="/usr/lib/jvm/temurin-8-jdk-amd64/jre/lib/resources.jar:/usr/lib/jvm/temurin-8-jdk-amd64/jre/lib/rt.jar:/usr/lib/jvm/temurin-8-jdk-amd64/jre/lib/sunrsasign.jar:/usr/lib/jvm/temurin-8-jdk-amd64/jre/lib/jsse.jar:/usr/lib/jvm/temurin-8-jdk-amd64/jre/lib/jce.jar:/usr/lib/jvm/temurin-8-jdk-amd64/jre/lib/charsets.jar:/usr/lib/jvm/temurin-8-jdk-amd64/jre/lib/jfr.jar:/usr/lib/jvm/temurin-8-jdk-amd64/jre/classes"/>
    <property name="sun.management.compiler" value="HotSpot 64-Bit Tiered Compilers"/>
    <property name="java.runtime.version" value="1.8.0_332-b09"/>
    <property name="java.net.preferIPv4Stack" value="true"/>
    <property name="user.name" value="runner"/>
    <property name="path.separator" value=":"/>
    <property name="os.version" value="5.4.0-1085-azure"/>
    <property name="java.endorsed.dirs" value="/usr/lib/jvm/temurin-8-jdk-amd64/jre/lib/endorsed"/>
    <property name="java.runtime.name" value="OpenJDK Runtime Environment"/>
    <property name="file.encoding" value="UTF-8"/>
    <property name="java.vm.name" value="OpenJDK 64-Bit Server VM"/>
    <property name="localRepository" value="/home/runner/.m2/repository"/>
    <property name="java.vendor.url.bug" value="https://github.com/adoptium/adoptium-support/issues"/>
    <property name="java.io.tmpdir" value="/tmp"/>
    <property name="java.version" value="1.8.0_332"/>
    <property name="user.dir" value="/home/runner/work/ratis/ratis/ratis-test"/>
    <property name="os.arch" value="amd64"/>
    <property name="ratis.tmp.dir" value="/home/runner/work/ratis/ratis/ratis-test/target/tmp"/>
    <property name="java.vm.specification.name" value="Java Virtual Machine Specification"/>
    <property name="java.awt.printerjob" value="sun.print.PSPrinterJob"/>
    <property name="ratis.log.dir" value="/home/runner/work/ratis/ratis/ratis-test/target/log"/>
    <property name="sun.os.patch.level" value="unknown"/>
    <property name="java.library.path" value="/usr/java/packages/lib/amd64:/usr/lib64:/lib64:/lib:/usr/lib"/>
    <property name="java.vm.info" value="mixed mode"/>
    <property name="java.vendor" value="Temurin"/>
    <property name="java.vm.version" value="25.332-b09"/>
    <property name="java.ext.dirs" value="/usr/lib/jvm/temurin-8-jdk-amd64/jre/lib/ext:/usr/java/packages/lib/ext"/>
    <property name="sun.io.unicode.encoding" value="UnicodeLittle"/>
    <property name="java.class.version" value="52.0"/>
  </properties>
  <testcase name="testRaftClientMetrics" classname="org.apache.ratis.grpc.TestRaftServerWithGrpc" time="3.509">
    <failure type="java.lang.AssertionError">java.lang.AssertionError
	at org.junit.Assert.fail(Assert.java:87)
	at org.junit.Assert.assertTrue(Assert.java:42)
	at org.junit.Assert.assertTrue(Assert.java:53)
	at org.apache.ratis.grpc.TestRaftServerWithGrpc.testRaftClientRequestMetrics(TestRaftServerWithGrpc.java:310)
	at org.apache.ratis.server.impl.MiniRaftCluster$Factory$Get.runWithNewCluster(MiniRaftCluster.java:125)
	at org.apache.ratis.server.impl.MiniRaftCluster$Factory$Get.runWithNewCluster(MiniRaftCluster.java:113)
	at org.apache.ratis.grpc.TestRaftServerWithGrpc.testRaftClientMetrics(TestRaftServerWithGrpc.java:209)
	at sun.reflect.NativeMethodAccessorImpl.invoke0(Native Method)
	at sun.reflect.NativeMethodAccessorImpl.invoke(NativeMethodAccessorImpl.java:62)
	at sun.reflect.DelegatingMethodAccessorImpl.invoke(DelegatingMethodAccessorImpl.java:43)
	at java.lang.reflect.Method.invoke(Method.java:498)
	at org.junit.runners.model.FrameworkMethod$1.runReflectiveCall(FrameworkMethod.java:59)
	at org.junit.internal.runners.model.ReflectiveCallable.run(ReflectiveCallable.java:12)
	at org.junit.runners.model.FrameworkMethod.invokeExplosively(FrameworkMethod.java:56)
	at org.junit.internal.runners.statements.InvokeMethod.evaluate(InvokeMethod.java:17)
	at org.junit.internal.runners.statements.RunBefores.evaluate(RunBefores.java:26)
	at org.junit.internal.runners.statements.RunAfters.evaluate(RunAfters.java:27)
	at org.junit.internal.runners.statements.FailOnTimeout$CallableStatement.call(FailOnTimeout.java:299)
	at org.junit.internal.runners.statements.FailOnTimeout$CallableStatement.call(FailOnTimeout.java:293)
	at java.util.concurrent.FutureTask.run(FutureTask.java:266)
	at java.lang.Thread.run(Thread.java:750)
</failure>
    <system-out><![CDATA[2022-06-30 15:08:32,251 [main] INFO  util.LogUtils (Log4jUtils.java:setLogLevel(32)) - Set org.apache.ratis.conf.ConfUtils log level to WARN
2022-06-30 15:08:32,258 [main] INFO  util.LogUtils (Log4jUtils.java:setLogLevel(32)) - Set org.apache.ratis.util.FileUtils log level to TRACE
2022-06-30 15:08:32,266 [main] INFO  util.LogUtils (Log4jUtils.java:setLogLevel(32)) - Set org.apache.ratis.grpc.client.GrpcClientProtocolClient log level to ALL
2022-06-30 15:08:32,287 [Time-limited test] INFO  impl.MiniRaftCluster (MiniRaftCluster.java:runWithNewCluster(119)) - Running runWithNewCluster
2022-06-30 15:08:32,388 [Time-limited test] INFO  impl.MiniRaftCluster (MiniRaftCluster.java:<init>(272)) - new MiniRaftClusterWithGrpc with group-B70D0BCDD840:[s0|rpc:localhost:45751|admin:localhost:32913|client:localhost:45073|dataStream:localhost:36663|priority:0, s1|rpc:localhost:36515|admin:localhost:36247|client:localhost:34351|dataStream:localhost:39477|priority:0, s2|rpc:localhost:32785|admin:localhost:38615|client:localhost:45737|dataStream:localhost:40173|priority:0]
2022-06-30 15:08:32,389 [Time-limited test] INFO  impl.MiniRaftCluster (MiniRaftCluster.java:start(315)) - .............................................................. 
2022-06-30 15:08:32,389 [Time-limited test] INFO  impl.MiniRaftCluster (MiniRaftCluster.java:start(316)) - ... 
2022-06-30 15:08:32,389 [Time-limited test] INFO  impl.MiniRaftCluster (MiniRaftCluster.java:start(317)) - ...     Starting MiniRaftClusterWithGrpc
2022-06-30 15:08:32,390 [Time-limited test] INFO  impl.MiniRaftCluster (MiniRaftCluster.java:start(318)) - ... 
2022-06-30 15:08:32,391 [Time-limited test] INFO  impl.MiniRaftCluster (MiniRaftCluster.java:start(319)) - .............................................................. 
2022-06-30 15:08:32,391 [Time-limited test] INFO  impl.MiniRaftCluster (MiniRaftCluster.java:initServers(284)) - servers = {}
2022-06-30 15:08:32,412 [Time-limited test] INFO  impl.MiniRaftCluster (MiniRaftCluster.java:newRaftServer(358)) - newRaftServer: s0, group-B70D0BCDD840:[s0|rpc:localhost:45751|admin:localhost:32913|client:localhost:45073|dataStream:localhost:36663|priority:0, s1|rpc:localhost:36515|admin:localhost:36247|client:localhost:34351|dataStream:localhost:39477|priority:0, s2|rpc:localhost:32785|admin:localhost:38615|client:localhost:45737|dataStream:localhost:40173|priority:0], format? true
2022-06-30 15:08:32,416 [Time-limited test] TRACE util.FileUtils (FileUtils.java:deleteFully(162)) - deleteFully target/test/data/6e6ca39f/MiniRaftClusterWithGrpc9339ab33/s0
2022-06-30 15:08:32,422 [Time-limited test] TRACE util.FileUtils (FileUtils.java:deleteFully(178)) - deleteFully: target/test/data/6e6ca39f/MiniRaftClusterWithGrpc9339ab33/s0 does not exist.
2022-06-30 15:08:32,422 [Time-limited test] INFO  impl.MiniRaftCluster (MiniRaftCluster.java:newRaftServer(363)) - Formatted directory target/test/data/6e6ca39f/MiniRaftClusterWithGrpc9339ab33/s0
2022-06-30 15:08:32,477 [Time-limited test] INFO  server.RaftServer (ConfUtils.java:logGet(46)) - raft.rpc.type = GRPC (default)
2022-06-30 15:08:32,574 [Time-limited test] INFO  grpc.GrpcFactory (GrpcFactory.java:checkPooledByteBufAllocatorUseCacheForAllThreads(48)) - PERFORMANCE WARNING: useCacheForAllThreads is true that may cause Netty to create a lot garbage objects and, as a result, trigger GC.
	It is recommended to disable useCacheForAllThreads by setting -Dorg.apache.ratis.thirdparty.io.netty.allocator.useCacheForAllThreads=false in command line.
2022-06-30 15:08:32,579 [Time-limited test] INFO  grpc.GrpcConfigKeys (ConfUtils.java:logGet(46)) - raft.grpc.admin.port = 32913 (custom)
2022-06-30 15:08:32,581 [Time-limited test] INFO  grpc.GrpcConfigKeys (ConfUtils.java:logGet(46)) - raft.grpc.client.port = 45073 (custom)
2022-06-30 15:08:32,582 [Time-limited test] INFO  grpc.GrpcConfigKeys (ConfUtils.java:logGet(46)) - raft.grpc.server.port = 45751 (custom)
2022-06-30 15:08:32,583 [Time-limited test] INFO  server.GrpcService (ConfUtils.java:logGet(46)) - raft.grpc.message.size.max = 64MB (=67108864) (default)
2022-06-30 15:08:32,587 [Time-limited test] INFO  server.RaftServerConfigKeys (ConfUtils.java:logGet(46)) - raft.server.log.appender.buffer.byte-limit = 4MB (=4194304) (default)
2022-06-30 15:08:32,588 [Time-limited test] INFO  server.GrpcService (ConfUtils.java:logGet(46)) - raft.grpc.flow.control.window = 1MB (=1048576) (default)
2022-06-30 15:08:32,591 [Time-limited test] INFO  server.RaftServerConfigKeys (ConfUtils.java:logGet(46)) - raft.server.rpc.request.timeout = 3000ms (default)
2022-06-30 15:08:32,628 [Time-limited test] INFO  grpc.GrpcConfigKeys (ConfUtils.java:logGet(46)) - raft.grpc.server.async.request.thread.pool.cached = true (default)
2022-06-30 15:08:32,629 [Time-limited test] INFO  grpc.GrpcConfigKeys (ConfUtils.java:logGet(46)) - raft.grpc.server.async.request.thread.pool.size = 32 (default)
2022-06-30 15:08:32,992 [Time-limited test] INFO  impl.DataStreamServerImpl (ConfUtils.java:logGet(46)) - raft.datastream.type = DISABLED (default)
2022-06-30 15:08:32,996 [Time-limited test] INFO  server.RaftServerConfigKeys (ConfUtils.java:logGet(46)) - raft.server.threadpool.proxy.cached = true (default)
2022-06-30 15:08:32,997 [Time-limited test] INFO  server.RaftServerConfigKeys (ConfUtils.java:logGet(46)) - raft.server.threadpool.proxy.size = 0 (default)
2022-06-30 15:08:32,997 [Time-limited test] INFO  server.RaftServerConfigKeys (ConfUtils.java:logGet(46)) - raft.server.rpc.slowness.timeout = 60s (default)
2022-06-30 15:08:32,998 [Time-limited test] INFO  server.RaftServerConfigKeys (ConfUtils.java:logGet(46)) - raft.server.leaderelection.leader.step-down.wait-time = 10s (default)
2022-06-30 15:08:33,004 [Time-limited test] INFO  server.RaftServerConfigKeys (ConfUtils.java:logGet(46)) - raft.server.storage.dir = [/home/runner/work/ratis/ratis/ratis-test/target/test/data/6e6ca39f/MiniRaftClusterWithGrpc9339ab33/s0] (custom)
2022-06-30 15:08:33,024 [Time-limited test] INFO  server.RaftServer (RaftServerProxy.java:addNew(96)) - s0: addNew group-B70D0BCDD840:[s0|rpc:localhost:45751|admin:localhost:32913|client:localhost:45073|dataStream:localhost:36663|priority:0, s1|rpc:localhost:36515|admin:localhost:36247|client:localhost:34351|dataStream:localhost:39477|priority:0, s2|rpc:localhost:32785|admin:localhost:38615|client:localhost:45737|dataStream:localhost:40173|priority:0] returns group-B70D0BCDD840:java.util.concurrent.CompletableFuture@79b05309[Not completed]
2022-06-30 15:08:33,025 [Time-limited test] INFO  impl.MiniRaftCluster (MiniRaftCluster.java:newRaftServer(358)) - newRaftServer: s1, group-B70D0BCDD840:[s0|rpc:localhost:45751|admin:localhost:32913|client:localhost:45073|dataStream:localhost:36663|priority:0, s1|rpc:localhost:36515|admin:localhost:36247|client:localhost:34351|dataStream:localhost:39477|priority:0, s2|rpc:localhost:32785|admin:localhost:38615|client:localhost:45737|dataStream:localhost:40173|priority:0], format? true
2022-06-30 15:08:33,025 [Time-limited test] TRACE util.FileUtils (FileUtils.java:deleteFully(162)) - deleteFully target/test/data/6e6ca39f/MiniRaftClusterWithGrpc9339ab33/s1
2022-06-30 15:08:33,026 [Time-limited test] TRACE util.FileUtils (FileUtils.java:deleteFully(178)) - deleteFully: target/test/data/6e6ca39f/MiniRaftClusterWithGrpc9339ab33/s1 does not exist.
2022-06-30 15:08:33,026 [Time-limited test] INFO  impl.MiniRaftCluster (MiniRaftCluster.java:newRaftServer(363)) - Formatted directory target/test/data/6e6ca39f/MiniRaftClusterWithGrpc9339ab33/s1
2022-06-30 15:08:33,027 [Time-limited test] INFO  server.RaftServer (ConfUtils.java:logGet(46)) - raft.rpc.type = GRPC (default)
2022-06-30 15:08:33,027 [Time-limited test] INFO  grpc.GrpcFactory (GrpcFactory.java:checkPooledByteBufAllocatorUseCacheForAllThreads(48)) - PERFORMANCE WARNING: useCacheForAllThreads is true that may cause Netty to create a lot garbage objects and, as a result, trigger GC.
	It is recommended to disable useCacheForAllThreads by setting -Dorg.apache.ratis.thirdparty.io.netty.allocator.useCacheForAllThreads=false in command line.
2022-06-30 15:08:33,027 [Time-limited test] INFO  grpc.GrpcConfigKeys (ConfUtils.java:logGet(46)) - raft.grpc.admin.port = 36247 (custom)
2022-06-30 15:08:33,027 [Time-limited test] INFO  grpc.GrpcConfigKeys (ConfUtils.java:logGet(46)) - raft.grpc.client.port = 34351 (custom)
2022-06-30 15:08:33,028 [Time-limited test] INFO  grpc.GrpcConfigKeys (ConfUtils.java:logGet(46)) - raft.grpc.server.port = 36515 (custom)
2022-06-30 15:08:33,028 [Time-limited test] INFO  server.GrpcService (ConfUtils.java:logGet(46)) - raft.grpc.message.size.max = 64MB (=67108864) (default)
2022-06-30 15:08:33,028 [Time-limited test] INFO  server.RaftServerConfigKeys (ConfUtils.java:logGet(46)) - raft.server.log.appender.buffer.byte-limit = 4MB (=4194304) (default)
2022-06-30 15:08:33,029 [Time-limited test] INFO  server.GrpcService (ConfUtils.java:logGet(46)) - raft.grpc.flow.control.window = 1MB (=1048576) (default)
2022-06-30 15:08:33,029 [Time-limited test] INFO  server.RaftServerConfigKeys (ConfUtils.java:logGet(46)) - raft.server.rpc.request.timeout = 3000ms (default)
2022-06-30 15:08:33,029 [Time-limited test] INFO  grpc.GrpcConfigKeys (ConfUtils.java:logGet(46)) - raft.grpc.server.async.request.thread.pool.cached = true (default)
2022-06-30 15:08:33,029 [Time-limited test] INFO  grpc.GrpcConfigKeys (ConfUtils.java:logGet(46)) - raft.grpc.server.async.request.thread.pool.size = 32 (default)
2022-06-30 15:08:33,033 [Time-limited test] INFO  impl.DataStreamServerImpl (ConfUtils.java:logGet(46)) - raft.datastream.type = DISABLED (default)
2022-06-30 15:08:33,033 [Time-limited test] INFO  server.RaftServerConfigKeys (ConfUtils.java:logGet(46)) - raft.server.threadpool.proxy.cached = true (default)
2022-06-30 15:08:33,033 [Time-limited test] INFO  server.RaftServerConfigKeys (ConfUtils.java:logGet(46)) - raft.server.threadpool.proxy.size = 0 (default)
2022-06-30 15:08:33,033 [Time-limited test] INFO  server.RaftServerConfigKeys (ConfUtils.java:logGet(46)) - raft.server.rpc.slowness.timeout = 60s (default)
2022-06-30 15:08:33,034 [Time-limited test] INFO  server.RaftServerConfigKeys (ConfUtils.java:logGet(46)) - raft.server.leaderelection.leader.step-down.wait-time = 10s (default)
2022-06-30 15:08:33,034 [Time-limited test] INFO  server.RaftServerConfigKeys (ConfUtils.java:logGet(46)) - raft.server.storage.dir = [/home/runner/work/ratis/ratis/ratis-test/target/test/data/6e6ca39f/MiniRaftClusterWithGrpc9339ab33/s1] (custom)
2022-06-30 15:08:33,035 [Time-limited test] INFO  server.RaftServer (RaftServerProxy.java:addNew(96)) - s1: addNew group-B70D0BCDD840:[s0|rpc:localhost:45751|admin:localhost:32913|client:localhost:45073|dataStream:localhost:36663|priority:0, s1|rpc:localhost:36515|admin:localhost:36247|client:localhost:34351|dataStream:localhost:39477|priority:0, s2|rpc:localhost:32785|admin:localhost:38615|client:localhost:45737|dataStream:localhost:40173|priority:0] returns group-B70D0BCDD840:java.util.concurrent.CompletableFuture@6c6da010[Not completed]
2022-06-30 15:08:33,036 [Time-limited test] INFO  impl.MiniRaftCluster (MiniRaftCluster.java:newRaftServer(358)) - newRaftServer: s2, group-B70D0BCDD840:[s0|rpc:localhost:45751|admin:localhost:32913|client:localhost:45073|dataStream:localhost:36663|priority:0, s1|rpc:localhost:36515|admin:localhost:36247|client:localhost:34351|dataStream:localhost:39477|priority:0, s2|rpc:localhost:32785|admin:localhost:38615|client:localhost:45737|dataStream:localhost:40173|priority:0], format? true
2022-06-30 15:08:33,036 [Time-limited test] TRACE util.FileUtils (FileUtils.java:deleteFully(162)) - deleteFully target/test/data/6e6ca39f/MiniRaftClusterWithGrpc9339ab33/s2
2022-06-30 15:08:33,036 [Time-limited test] TRACE util.FileUtils (FileUtils.java:deleteFully(178)) - deleteFully: target/test/data/6e6ca39f/MiniRaftClusterWithGrpc9339ab33/s2 does not exist.
2022-06-30 15:08:33,036 [Time-limited test] INFO  impl.MiniRaftCluster (MiniRaftCluster.java:newRaftServer(363)) - Formatted directory target/test/data/6e6ca39f/MiniRaftClusterWithGrpc9339ab33/s2
2022-06-30 15:08:33,037 [Time-limited test] INFO  server.RaftServer (ConfUtils.java:logGet(46)) - raft.rpc.type = GRPC (default)
2022-06-30 15:08:33,037 [Time-limited test] INFO  grpc.GrpcFactory (GrpcFactory.java:checkPooledByteBufAllocatorUseCacheForAllThreads(48)) - PERFORMANCE WARNING: useCacheForAllThreads is true that may cause Netty to create a lot garbage objects and, as a result, trigger GC.
	It is recommended to disable useCacheForAllThreads by setting -Dorg.apache.ratis.thirdparty.io.netty.allocator.useCacheForAllThreads=false in command line.
2022-06-30 15:08:33,038 [Time-limited test] INFO  grpc.GrpcConfigKeys (ConfUtils.java:logGet(46)) - raft.grpc.admin.port = 38615 (custom)
2022-06-30 15:08:33,038 [Time-limited test] INFO  grpc.GrpcConfigKeys (ConfUtils.java:logGet(46)) - raft.grpc.client.port = 45737 (custom)
2022-06-30 15:08:33,038 [Time-limited test] INFO  grpc.GrpcConfigKeys (ConfUtils.java:logGet(46)) - raft.grpc.server.port = 32785 (custom)
2022-06-30 15:08:33,038 [Time-limited test] INFO  server.GrpcService (ConfUtils.java:logGet(46)) - raft.grpc.message.size.max = 64MB (=67108864) (default)
2022-06-30 15:08:33,039 [Time-limited test] INFO  server.RaftServerConfigKeys (ConfUtils.java:logGet(46)) - raft.server.log.appender.buffer.byte-limit = 4MB (=4194304) (default)
2022-06-30 15:08:33,039 [Time-limited test] INFO  server.GrpcService (ConfUtils.java:logGet(46)) - raft.grpc.flow.control.window = 1MB (=1048576) (default)
2022-06-30 15:08:33,039 [Time-limited test] INFO  server.RaftServerConfigKeys (ConfUtils.java:logGet(46)) - raft.server.rpc.request.timeout = 3000ms (default)
2022-06-30 15:08:33,039 [Time-limited test] INFO  grpc.GrpcConfigKeys (ConfUtils.java:logGet(46)) - raft.grpc.server.async.request.thread.pool.cached = true (default)
2022-06-30 15:08:33,039 [Time-limited test] INFO  grpc.GrpcConfigKeys (ConfUtils.java:logGet(46)) - raft.grpc.server.async.request.thread.pool.size = 32 (default)
2022-06-30 15:08:33,042 [Time-limited test] INFO  impl.DataStreamServerImpl (ConfUtils.java:logGet(46)) - raft.datastream.type = DISABLED (default)
2022-06-30 15:08:33,043 [Time-limited test] INFO  server.RaftServerConfigKeys (ConfUtils.java:logGet(46)) - raft.server.threadpool.proxy.cached = true (default)
2022-06-30 15:08:33,043 [Time-limited test] INFO  server.RaftServerConfigKeys (ConfUtils.java:logGet(46)) - raft.server.threadpool.proxy.size = 0 (default)
2022-06-30 15:08:33,043 [Time-limited test] INFO  server.RaftServerConfigKeys (ConfUtils.java:logGet(46)) - raft.server.rpc.slowness.timeout = 60s (default)
2022-06-30 15:08:33,044 [Time-limited test] INFO  server.RaftServerConfigKeys (ConfUtils.java:logGet(46)) - raft.server.leaderelection.leader.step-down.wait-time = 10s (default)
2022-06-30 15:08:33,044 [Time-limited test] INFO  server.RaftServerConfigKeys (ConfUtils.java:logGet(46)) - raft.server.storage.dir = [/home/runner/work/ratis/ratis/ratis-test/target/test/data/6e6ca39f/MiniRaftClusterWithGrpc9339ab33/s2] (custom)
2022-06-30 15:08:33,045 [Time-limited test] INFO  server.RaftServer (RaftServerProxy.java:addNew(96)) - s2: addNew group-B70D0BCDD840:[s0|rpc:localhost:45751|admin:localhost:32913|client:localhost:45073|dataStream:localhost:36663|priority:0, s1|rpc:localhost:36515|admin:localhost:36247|client:localhost:34351|dataStream:localhost:39477|priority:0, s2|rpc:localhost:32785|admin:localhost:38615|client:localhost:45737|dataStream:localhost:40173|priority:0] returns group-B70D0BCDD840:java.util.concurrent.CompletableFuture@23fdc30c[Not completed]
2022-06-30 15:08:33,067 [pool-2-thread-1] INFO  server.RaftServerConfigKeys (ConfUtils.java:logGet(46)) - raft.server.log.segment.size.max = 8MB (=8388608) (default)
2022-06-30 15:08:33,068 [pool-2-thread-1] INFO  server.RaftServerConfigKeys (ConfUtils.java:logGet(46)) - raft.server.log.preallocated.size = 4MB (=4194304) (default)
2022-06-30 15:08:33,069 [pool-1-thread-1] INFO  server.RaftServerConfigKeys (ConfUtils.java:logGet(46)) - raft.server.log.segment.size.max = 8MB (=8388608) (default)
2022-06-30 15:08:33,070 [pool-2-thread-1] INFO  server.RaftServerConfigKeys (ConfUtils.java:logGet(46)) - raft.server.log.write.buffer.size = 64KB (=65536) (default)
2022-06-30 15:08:33,069 [pool-3-thread-1] INFO  server.RaftServerConfigKeys (ConfUtils.java:logGet(46)) - raft.server.log.segment.size.max = 8MB (=8388608) (default)
2022-06-30 15:08:33,070 [pool-3-thread-1] INFO  server.RaftServerConfigKeys (ConfUtils.java:logGet(46)) - raft.server.log.preallocated.size = 4MB (=4194304) (default)
2022-06-30 15:08:33,071 [pool-3-thread-1] INFO  server.RaftServerConfigKeys (ConfUtils.java:logGet(46)) - raft.server.log.write.buffer.size = 64KB (=65536) (default)
2022-06-30 15:08:33,075 [pool-2-thread-1] INFO  server.RaftServer$Division (RaftServerImpl.java:<init>(190)) - s1: new RaftServerImpl for group-B70D0BCDD840:[s0|rpc:localhost:45751|admin:localhost:32913|client:localhost:45073|dataStream:localhost:36663|priority:0, s1|rpc:localhost:36515|admin:localhost:36247|client:localhost:34351|dataStream:localhost:39477|priority:0, s2|rpc:localhost:32785|admin:localhost:38615|client:localhost:45737|dataStream:localhost:40173|priority:0] with SimpleStateMachine4Testing:uninitialized
2022-06-30 15:08:33,075 [pool-3-thread-1] INFO  server.RaftServer$Division (RaftServerImpl.java:<init>(190)) - s2: new RaftServerImpl for group-B70D0BCDD840:[s0|rpc:localhost:45751|admin:localhost:32913|client:localhost:45073|dataStream:localhost:36663|priority:0, s1|rpc:localhost:36515|admin:localhost:36247|client:localhost:34351|dataStream:localhost:39477|priority:0, s2|rpc:localhost:32785|admin:localhost:38615|client:localhost:45737|dataStream:localhost:40173|priority:0] with SimpleStateMachine4Testing:uninitialized
2022-06-30 15:08:33,077 [pool-1-thread-1] INFO  server.RaftServerConfigKeys (ConfUtils.java:logGet(46)) - raft.server.log.preallocated.size = 4MB (=4194304) (default)
2022-06-30 15:08:33,077 [pool-1-thread-1] INFO  server.RaftServerConfigKeys (ConfUtils.java:logGet(46)) - raft.server.log.write.buffer.size = 64KB (=65536) (default)
2022-06-30 15:08:33,078 [pool-1-thread-1] INFO  server.RaftServer$Division (RaftServerImpl.java:<init>(190)) - s0: new RaftServerImpl for group-B70D0BCDD840:[s0|rpc:localhost:45751|admin:localhost:32913|client:localhost:45073|dataStream:localhost:36663|priority:0, s1|rpc:localhost:36515|admin:localhost:36247|client:localhost:34351|dataStream:localhost:39477|priority:0, s2|rpc:localhost:32785|admin:localhost:38615|client:localhost:45737|dataStream:localhost:40173|priority:0] with SimpleStateMachine4Testing:uninitialized
2022-06-30 15:08:33,081 [pool-1-thread-1] INFO  server.RaftServerConfigKeys (ConfUtils.java:logGet(46)) - raft.server.rpc.timeout.min = 150ms (default)
2022-06-30 15:08:33,081 [pool-3-thread-1] INFO  server.RaftServerConfigKeys (ConfUtils.java:logGet(46)) - raft.server.rpc.timeout.min = 150ms (default)
2022-06-30 15:08:33,082 [pool-3-thread-1] INFO  server.RaftServerConfigKeys (ConfUtils.java:logGet(46)) - raft.server.rpc.timeout.max = 300ms (default)
2022-06-30 15:08:33,082 [pool-3-thread-1] INFO  server.RaftServerConfigKeys (ConfUtils.java:logGet(46)) - raft.server.rpc.sleep.time = 25ms (default)
2022-06-30 15:08:33,082 [pool-3-thread-1] INFO  server.RaftServerConfigKeys (ConfUtils.java:logGet(46)) - raft.server.rpc.slowness.timeout = 60s (default)
2022-06-30 15:08:33,082 [pool-3-thread-1] INFO  server.RaftServerConfigKeys (ConfUtils.java:logGet(46)) - raft.server.leaderelection.leader.step-down.wait-time = 10s (default)
2022-06-30 15:08:33,082 [pool-3-thread-1] INFO  server.RaftServerConfigKeys (ConfUtils.java:logGet(46)) - raft.server.sleep.deviation.threshold = 300ms (default)
2022-06-30 15:08:33,083 [pool-1-thread-1] INFO  server.RaftServerConfigKeys (ConfUtils.java:logGet(46)) - raft.server.rpc.timeout.max = 300ms (default)
2022-06-30 15:08:33,083 [pool-1-thread-1] INFO  server.RaftServerConfigKeys (ConfUtils.java:logGet(46)) - raft.server.rpc.sleep.time = 25ms (default)
2022-06-30 15:08:33,083 [pool-1-thread-1] INFO  server.RaftServerConfigKeys (ConfUtils.java:logGet(46)) - raft.server.rpc.slowness.timeout = 60s (default)
2022-06-30 15:08:33,084 [pool-1-thread-1] INFO  server.RaftServerConfigKeys (ConfUtils.java:logGet(46)) - raft.server.leaderelection.leader.step-down.wait-time = 10s (default)
2022-06-30 15:08:33,084 [pool-1-thread-1] INFO  server.RaftServerConfigKeys (ConfUtils.java:logGet(46)) - raft.server.sleep.deviation.threshold = 300ms (default)
2022-06-30 15:08:33,084 [pool-2-thread-1] INFO  server.RaftServerConfigKeys (ConfUtils.java:logGet(46)) - raft.server.rpc.timeout.min = 150ms (default)
2022-06-30 15:08:33,085 [pool-2-thread-1] INFO  server.RaftServerConfigKeys (ConfUtils.java:logGet(46)) - raft.server.rpc.timeout.max = 300ms (default)
2022-06-30 15:08:33,085 [pool-2-thread-1] INFO  server.RaftServerConfigKeys (ConfUtils.java:logGet(46)) - raft.server.rpc.sleep.time = 25ms (default)
2022-06-30 15:08:33,086 [pool-2-thread-1] INFO  server.RaftServerConfigKeys (ConfUtils.java:logGet(46)) - raft.server.rpc.slowness.timeout = 60s (default)
2022-06-30 15:08:33,088 [pool-2-thread-1] INFO  server.RaftServerConfigKeys (ConfUtils.java:logGet(46)) - raft.server.leaderelection.leader.step-down.wait-time = 10s (default)
2022-06-30 15:08:33,090 [pool-2-thread-1] INFO  server.RaftServerConfigKeys (ConfUtils.java:logGet(46)) - raft.server.sleep.deviation.threshold = 300ms (default)
2022-06-30 15:08:33,095 [pool-1-thread-1] INFO  server.RaftServer$Division (ServerState.java:<init>(107)) - s0@group-B70D0BCDD840: ConfigurationManager, init=-1: [s0|rpc:localhost:45751|admin:localhost:32913|client:localhost:45073|dataStream:localhost:36663|priority:0, s1|rpc:localhost:36515|admin:localhost:36247|client:localhost:34351|dataStream:localhost:39477|priority:0, s2|rpc:localhost:32785|admin:localhost:38615|client:localhost:45737|dataStream:localhost:40173|priority:0], old=null, confs=<EMPTY_MAP>
2022-06-30 15:08:33,096 [pool-3-thread-1] INFO  server.RaftServer$Division (ServerState.java:<init>(107)) - s2@group-B70D0BCDD840: ConfigurationManager, init=-1: [s0|rpc:localhost:45751|admin:localhost:32913|client:localhost:45073|dataStream:localhost:36663|priority:0, s1|rpc:localhost:36515|admin:localhost:36247|client:localhost:34351|dataStream:localhost:39477|priority:0, s2|rpc:localhost:32785|admin:localhost:38615|client:localhost:45737|dataStream:localhost:40173|priority:0], old=null, confs=<EMPTY_MAP>
2022-06-30 15:08:33,096 [pool-3-thread-1] INFO  server.RaftServerConfigKeys (ConfUtils.java:logGet(46)) - raft.server.storage.dir = [/home/runner/work/ratis/ratis/ratis-test/target/test/data/6e6ca39f/MiniRaftClusterWithGrpc9339ab33/s2] (custom)
2022-06-30 15:08:33,100 [pool-2-thread-1] INFO  server.RaftServer$Division (ServerState.java:<init>(107)) - s1@group-B70D0BCDD840: ConfigurationManager, init=-1: [s0|rpc:localhost:45751|admin:localhost:32913|client:localhost:45073|dataStream:localhost:36663|priority:0, s1|rpc:localhost:36515|admin:localhost:36247|client:localhost:34351|dataStream:localhost:39477|priority:0, s2|rpc:localhost:32785|admin:localhost:38615|client:localhost:45737|dataStream:localhost:40173|priority:0], old=null, confs=<EMPTY_MAP>
2022-06-30 15:08:33,101 [pool-2-thread-1] INFO  server.RaftServerConfigKeys (ConfUtils.java:logGet(46)) - raft.server.storage.dir = [/home/runner/work/ratis/ratis/ratis-test/target/test/data/6e6ca39f/MiniRaftClusterWithGrpc9339ab33/s1] (custom)
2022-06-30 15:08:33,096 [pool-1-thread-1] INFO  server.RaftServerConfigKeys (ConfUtils.java:logGet(46)) - raft.server.storage.dir = [/home/runner/work/ratis/ratis/ratis-test/target/test/data/6e6ca39f/MiniRaftClusterWithGrpc9339ab33/s0] (custom)
2022-06-30 15:08:33,113 [pool-1-thread-1] INFO  server.RaftServerConfigKeys (ConfUtils.java:logGet(46)) - raft.server.log.corruption.policy = EXCEPTION (default)
2022-06-30 15:08:33,114 [pool-1-thread-1] INFO  server.RaftServerConfigKeys (ConfUtils.java:logGet(46)) - raft.server.storage.free-space.min = 0MB (=0) (default)
2022-06-30 15:08:33,116 [pool-3-thread-1] INFO  server.RaftServerConfigKeys (ConfUtils.java:logGet(46)) - raft.server.log.corruption.policy = EXCEPTION (default)
2022-06-30 15:08:33,116 [pool-3-thread-1] INFO  server.RaftServerConfigKeys (ConfUtils.java:logGet(46)) - raft.server.storage.free-space.min = 0MB (=0) (default)
2022-06-30 15:08:33,116 [pool-2-thread-1] INFO  server.RaftServerConfigKeys (ConfUtils.java:logGet(46)) - raft.server.log.corruption.policy = EXCEPTION (default)
2022-06-30 15:08:33,117 [pool-2-thread-1] INFO  server.RaftServerConfigKeys (ConfUtils.java:logGet(46)) - raft.server.storage.free-space.min = 0MB (=0) (default)
2022-06-30 15:08:33,122 [pool-2-thread-1] INFO  storage.RaftStorageDirectory (RaftStorageDirectoryImpl.java:analyzeStorage(136)) - The storage directory /home/runner/work/ratis/ratis/ratis-test/target/test/data/6e6ca39f/MiniRaftClusterWithGrpc9339ab33/s1/a23d1754-ea55-4028-aaee-b70d0bcdd840 does not exist. Creating ...
2022-06-30 15:08:33,122 [pool-3-thread-1] INFO  storage.RaftStorageDirectory (RaftStorageDirectoryImpl.java:analyzeStorage(136)) - The storage directory /home/runner/work/ratis/ratis/ratis-test/target/test/data/6e6ca39f/MiniRaftClusterWithGrpc9339ab33/s2/a23d1754-ea55-4028-aaee-b70d0bcdd840 does not exist. Creating ...
2022-06-30 15:08:33,123 [pool-1-thread-1] INFO  storage.RaftStorageDirectory (RaftStorageDirectoryImpl.java:analyzeStorage(136)) - The storage directory /home/runner/work/ratis/ratis/ratis-test/target/test/data/6e6ca39f/MiniRaftClusterWithGrpc9339ab33/s0/a23d1754-ea55-4028-aaee-b70d0bcdd840 does not exist. Creating ...
2022-06-30 15:08:33,125 [pool-2-thread-1] TRACE util.FileUtils (LogUtils.java:runAndLog(49)) - Successfully ran Files.createDirectories /home/runner/work/ratis/ratis/ratis-test/target/test/data/6e6ca39f/MiniRaftClusterWithGrpc9339ab33/s1/a23d1754-ea55-4028-aaee-b70d0bcdd840
2022-06-30 15:08:33,125 [pool-3-thread-1] TRACE util.FileUtils (LogUtils.java:runAndLog(49)) - Successfully ran Files.createDirectories /home/runner/work/ratis/ratis/ratis-test/target/test/data/6e6ca39f/MiniRaftClusterWithGrpc9339ab33/s2/a23d1754-ea55-4028-aaee-b70d0bcdd840
2022-06-30 15:08:33,129 [pool-1-thread-1] TRACE util.FileUtils (LogUtils.java:runAndLog(49)) - Successfully ran Files.createDirectories /home/runner/work/ratis/ratis/ratis-test/target/test/data/6e6ca39f/MiniRaftClusterWithGrpc9339ab33/s0/a23d1754-ea55-4028-aaee-b70d0bcdd840
2022-06-30 15:08:33,131 [pool-1-thread-1] INFO  storage.RaftStorageDirectory (RaftStorageDirectoryImpl.java:tryLock(230)) - Lock on /home/runner/work/ratis/ratis/ratis-test/target/test/data/6e6ca39f/MiniRaftClusterWithGrpc9339ab33/s0/a23d1754-ea55-4028-aaee-b70d0bcdd840/in_use.lock acquired by nodename 31674@fv-az81-529.dobqdbmmam0ezg52mx3pjgux2h.jx.internal.cloudapp.net
2022-06-30 15:08:33,139 [pool-1-thread-1] TRACE util.FileUtils (LogUtils.java:runAndLog(49)) - Successfully ran Files.createDirectories /home/runner/work/ratis/ratis/ratis-test/target/test/data/6e6ca39f/MiniRaftClusterWithGrpc9339ab33/s0/a23d1754-ea55-4028-aaee-b70d0bcdd840/current
2022-06-30 15:08:33,139 [pool-1-thread-1] TRACE util.FileUtils (LogUtils.java:runAndLog(49)) - Successfully ran Files.createDirectories /home/runner/work/ratis/ratis/ratis-test/target/test/data/6e6ca39f/MiniRaftClusterWithGrpc9339ab33/s0/a23d1754-ea55-4028-aaee-b70d0bcdd840/sm
2022-06-30 15:08:33,140 [pool-3-thread-1] INFO  storage.RaftStorageDirectory (RaftStorageDirectoryImpl.java:tryLock(230)) - Lock on /home/runner/work/ratis/ratis/ratis-test/target/test/data/6e6ca39f/MiniRaftClusterWithGrpc9339ab33/s2/a23d1754-ea55-4028-aaee-b70d0bcdd840/in_use.lock acquired by nodename 31674@fv-az81-529.dobqdbmmam0ezg52mx3pjgux2h.jx.internal.cloudapp.net
2022-06-30 15:08:33,141 [pool-2-thread-1] INFO  storage.RaftStorageDirectory (RaftStorageDirectoryImpl.java:tryLock(230)) - Lock on /home/runner/work/ratis/ratis/ratis-test/target/test/data/6e6ca39f/MiniRaftClusterWithGrpc9339ab33/s1/a23d1754-ea55-4028-aaee-b70d0bcdd840/in_use.lock acquired by nodename 31674@fv-az81-529.dobqdbmmam0ezg52mx3pjgux2h.jx.internal.cloudapp.net
2022-06-30 15:08:33,142 [pool-2-thread-1] TRACE util.FileUtils (LogUtils.java:runAndLog(49)) - Successfully ran Files.createDirectories /home/runner/work/ratis/ratis/ratis-test/target/test/data/6e6ca39f/MiniRaftClusterWithGrpc9339ab33/s1/a23d1754-ea55-4028-aaee-b70d0bcdd840/current
2022-06-30 15:08:33,142 [pool-2-thread-1] TRACE util.FileUtils (LogUtils.java:runAndLog(49)) - Successfully ran Files.createDirectories /home/runner/work/ratis/ratis/ratis-test/target/test/data/6e6ca39f/MiniRaftClusterWithGrpc9339ab33/s1/a23d1754-ea55-4028-aaee-b70d0bcdd840/sm
2022-06-30 15:08:33,142 [pool-3-thread-1] TRACE util.FileUtils (LogUtils.java:runAndLog(49)) - Successfully ran Files.createDirectories /home/runner/work/ratis/ratis/ratis-test/target/test/data/6e6ca39f/MiniRaftClusterWithGrpc9339ab33/s2/a23d1754-ea55-4028-aaee-b70d0bcdd840/current
2022-06-30 15:08:33,147 [pool-3-thread-1] TRACE util.FileUtils (LogUtils.java:runAndLog(49)) - Successfully ran Files.createDirectories /home/runner/work/ratis/ratis/ratis-test/target/test/data/6e6ca39f/MiniRaftClusterWithGrpc9339ab33/s2/a23d1754-ea55-4028-aaee-b70d0bcdd840/sm
2022-06-30 15:08:33,155 [pool-1-thread-1] INFO  storage.RaftStorage (RaftStorageImpl.java:format(79)) - Storage directory /home/runner/work/ratis/ratis/ratis-test/target/test/data/6e6ca39f/MiniRaftClusterWithGrpc9339ab33/s0/a23d1754-ea55-4028-aaee-b70d0bcdd840 has been successfully formatted.
2022-06-30 15:08:33,155 [pool-2-thread-1] INFO  storage.RaftStorage (RaftStorageImpl.java:format(79)) - Storage directory /home/runner/work/ratis/ratis/ratis-test/target/test/data/6e6ca39f/MiniRaftClusterWithGrpc9339ab33/s1/a23d1754-ea55-4028-aaee-b70d0bcdd840 has been successfully formatted.
2022-06-30 15:08:33,155 [pool-3-thread-1] INFO  storage.RaftStorage (RaftStorageImpl.java:format(79)) - Storage directory /home/runner/work/ratis/ratis/ratis-test/target/test/data/6e6ca39f/MiniRaftClusterWithGrpc9339ab33/s2/a23d1754-ea55-4028-aaee-b70d0bcdd840 has been successfully formatted.
2022-06-30 15:08:33,157 [pool-2-thread-1] INFO  statemachine.SimpleStateMachine4Testing (SimpleStateMachine4Testing.java:initialize(212)) - Initializing SimpleStateMachine4Testing:uninitialized
2022-06-30 15:08:33,161 [pool-1-thread-1] INFO  statemachine.SimpleStateMachine4Testing (SimpleStateMachine4Testing.java:initialize(212)) - Initializing SimpleStateMachine4Testing:uninitialized
2022-06-30 15:08:33,161 [pool-3-thread-1] INFO  statemachine.SimpleStateMachine4Testing (SimpleStateMachine4Testing.java:initialize(212)) - Initializing SimpleStateMachine4Testing:uninitialized
2022-06-30 15:08:33,161 [pool-1-thread-1] INFO  statemachine.SimpleStateMachine4Testing (SimpleStateMachine4Testing.java:loadSnapshot(306)) - The snapshot file null does not exist
2022-06-30 15:08:33,162 [pool-3-thread-1] INFO  statemachine.SimpleStateMachine4Testing (SimpleStateMachine4Testing.java:loadSnapshot(306)) - The snapshot file null does not exist
2022-06-30 15:08:33,161 [pool-2-thread-1] INFO  statemachine.SimpleStateMachine4Testing (SimpleStateMachine4Testing.java:loadSnapshot(306)) - The snapshot file null does not exist
2022-06-30 15:08:33,163 [pool-1-thread-1] INFO  server.RaftServerConfigKeys (ConfUtils.java:logGet(46)) - raft.server.notification.no-leader.timeout = 60s (default)
2022-06-30 15:08:33,164 [pool-3-thread-1] INFO  server.RaftServerConfigKeys (ConfUtils.java:logGet(46)) - raft.server.notification.no-leader.timeout = 60s (default)
2022-06-30 15:08:33,165 [pool-2-thread-1] INFO  server.RaftServerConfigKeys (ConfUtils.java:logGet(46)) - raft.server.notification.no-leader.timeout = 60s (default)
2022-06-30 15:08:33,168 [pool-2-thread-1] INFO  server.RaftServerConfigKeys (ConfUtils.java:logGet(46)) - raft.server.log.use.memory = false (default)
2022-06-30 15:08:33,171 [pool-1-thread-1] INFO  server.RaftServerConfigKeys (ConfUtils.java:logGet(46)) - raft.server.log.use.memory = false (default)
2022-06-30 15:08:33,171 [pool-3-thread-1] INFO  server.RaftServerConfigKeys (ConfUtils.java:logGet(46)) - raft.server.log.use.memory = false (default)
2022-06-30 15:08:33,181 [pool-1-thread-1] INFO  server.RaftServerConfigKeys (ConfUtils.java:logGet(46)) - raft.server.log.purge.gap = 1024 (default)
2022-06-30 15:08:33,181 [pool-1-thread-1] INFO  server.RaftServerConfigKeys (ConfUtils.java:logGet(46)) - raft.server.log.appender.buffer.byte-limit = 4MB (=4194304) (default)
2022-06-30 15:08:33,183 [pool-1-thread-1] INFO  server.RaftServerConfigKeys (ConfUtils.java:logGet(46)) - raft.server.log.statemachine.data.read.timeout = 1000ms (default)
2022-06-30 15:08:33,187 [pool-2-thread-1] INFO  server.RaftServerConfigKeys (ConfUtils.java:logGet(46)) - raft.server.log.purge.gap = 1024 (default)
2022-06-30 15:08:33,188 [pool-2-thread-1] INFO  server.RaftServerConfigKeys (ConfUtils.java:logGet(46)) - raft.server.log.appender.buffer.byte-limit = 4MB (=4194304) (default)
2022-06-30 15:08:33,188 [pool-2-thread-1] INFO  server.RaftServerConfigKeys (ConfUtils.java:logGet(46)) - raft.server.log.statemachine.data.read.timeout = 1000ms (default)
2022-06-30 15:08:33,190 [pool-3-thread-1] INFO  server.RaftServerConfigKeys (ConfUtils.java:logGet(46)) - raft.server.log.purge.gap = 1024 (default)
2022-06-30 15:08:33,191 [pool-3-thread-1] INFO  server.RaftServerConfigKeys (ConfUtils.java:logGet(46)) - raft.server.log.appender.buffer.byte-limit = 4MB (=4194304) (default)
2022-06-30 15:08:33,191 [pool-3-thread-1] INFO  server.RaftServerConfigKeys (ConfUtils.java:logGet(46)) - raft.server.log.statemachine.data.read.timeout = 1000ms (default)
2022-06-30 15:08:33,195 [pool-2-thread-1] INFO  metrics.MetricRegistries (MetricRegistriesLoader.java:load(64)) - Loaded MetricRegistries class org.apache.ratis.metrics.impl.MetricRegistriesImpl
2022-06-30 15:08:33,282 [pool-3-thread-1] INFO  server.RaftServerConfigKeys (ConfUtils.java:logGet(46)) - raft.server.log.segment.size.max = 8MB (=8388608) (default)
2022-06-30 15:08:33,290 [pool-2-thread-1] INFO  server.RaftServerConfigKeys (ConfUtils.java:logGet(46)) - raft.server.log.segment.size.max = 8MB (=8388608) (default)
2022-06-30 15:08:33,290 [pool-1-thread-1] INFO  server.RaftServerConfigKeys (ConfUtils.java:logGet(46)) - raft.server.log.segment.size.max = 8MB (=8388608) (default)
2022-06-30 15:08:33,300 [pool-1-thread-1] INFO  server.RaftServerConfigKeys (ConfUtils.java:logGet(46)) - raft.server.log.segment.cache.num.max = 6 (default)
2022-06-30 15:08:33,301 [pool-1-thread-1] INFO  server.RaftServerConfigKeys (ConfUtils.java:logGet(46)) - raft.server.log.segment.cache.size.max = 200MB (=209715200) (default)
2022-06-30 15:08:33,305 [pool-3-thread-1] INFO  server.RaftServerConfigKeys (ConfUtils.java:logGet(46)) - raft.server.log.segment.cache.num.max = 6 (default)
2022-06-30 15:08:33,305 [pool-3-thread-1] INFO  server.RaftServerConfigKeys (ConfUtils.java:logGet(46)) - raft.server.log.segment.cache.size.max = 200MB (=209715200) (default)
2022-06-30 15:08:33,305 [pool-2-thread-1] INFO  server.RaftServerConfigKeys (ConfUtils.java:logGet(46)) - raft.server.log.segment.cache.num.max = 6 (default)
2022-06-30 15:08:33,308 [pool-2-thread-1] INFO  server.RaftServerConfigKeys (ConfUtils.java:logGet(46)) - raft.server.log.segment.cache.size.max = 200MB (=209715200) (default)
2022-06-30 15:08:33,309 [pool-3-thread-1] INFO  segmented.SegmentedRaftLogWorker (SegmentedRaftLogWorker.java:<init>(187)) - new s2@group-B70D0BCDD840-SegmentedRaftLogWorker for RaftStorageImpl:Storage Directory /home/runner/work/ratis/ratis/ratis-test/target/test/data/6e6ca39f/MiniRaftClusterWithGrpc9339ab33/s2/a23d1754-ea55-4028-aaee-b70d0bcdd840
2022-06-30 15:08:33,309 [pool-2-thread-1] INFO  segmented.SegmentedRaftLogWorker (SegmentedRaftLogWorker.java:<init>(187)) - new s1@group-B70D0BCDD840-SegmentedRaftLogWorker for RaftStorageImpl:Storage Directory /home/runner/work/ratis/ratis/ratis-test/target/test/data/6e6ca39f/MiniRaftClusterWithGrpc9339ab33/s1/a23d1754-ea55-4028-aaee-b70d0bcdd840
2022-06-30 15:08:33,310 [pool-3-thread-1] INFO  server.RaftServerConfigKeys (ConfUtils.java:logGet(46)) - raft.server.log.queue.byte-limit = 64MB (=67108864) (default)
2022-06-30 15:08:33,310 [pool-2-thread-1] INFO  server.RaftServerConfigKeys (ConfUtils.java:logGet(46)) - raft.server.log.queue.byte-limit = 64MB (=67108864) (default)
2022-06-30 15:08:33,310 [pool-3-thread-1] INFO  server.RaftServerConfigKeys (ConfUtils.java:logGet(46)) - raft.server.log.queue.element-limit = 4096 (default)
2022-06-30 15:08:33,312 [pool-3-thread-1] INFO  server.RaftServerConfigKeys (ConfUtils.java:logGet(46)) - raft.server.log.segment.size.max = 8MB (=8388608) (default)
2022-06-30 15:08:33,312 [pool-3-thread-1] INFO  server.RaftServerConfigKeys (ConfUtils.java:logGet(46)) - raft.server.log.preallocated.size = 4MB (=4194304) (default)
2022-06-30 15:08:33,312 [pool-2-thread-1] INFO  server.RaftServerConfigKeys (ConfUtils.java:logGet(46)) - raft.server.log.queue.element-limit = 4096 (default)
2022-06-30 15:08:33,313 [pool-3-thread-1] INFO  server.RaftServerConfigKeys (ConfUtils.java:logGet(46)) - raft.server.log.force.sync.num = 128 (default)
2022-06-30 15:08:33,314 [pool-3-thread-1] INFO  server.RaftServerConfigKeys (ConfUtils.java:logGet(46)) - raft.server.log.statemachine.data.sync = true (default)
2022-06-30 15:08:33,314 [pool-3-thread-1] INFO  server.RaftServerConfigKeys (ConfUtils.java:logGet(46)) - raft.server.log.statemachine.data.sync.timeout = 10s (default)
2022-06-30 15:08:33,314 [pool-3-thread-1] INFO  server.RaftServerConfigKeys (ConfUtils.java:logGet(46)) - raft.server.log.statemachine.data.sync.timeout.retry = -1 (default)
2022-06-30 15:08:33,313 [pool-2-thread-1] INFO  server.RaftServerConfigKeys (ConfUtils.java:logGet(46)) - raft.server.log.segment.size.max = 8MB (=8388608) (default)
2022-06-30 15:08:33,317 [pool-2-thread-1] INFO  server.RaftServerConfigKeys (ConfUtils.java:logGet(46)) - raft.server.log.preallocated.size = 4MB (=4194304) (default)
2022-06-30 15:08:33,317 [pool-2-thread-1] INFO  server.RaftServerConfigKeys (ConfUtils.java:logGet(46)) - raft.server.log.force.sync.num = 128 (default)
2022-06-30 15:08:33,317 [pool-2-thread-1] INFO  server.RaftServerConfigKeys (ConfUtils.java:logGet(46)) - raft.server.log.statemachine.data.sync = true (default)
2022-06-30 15:08:33,317 [pool-1-thread-1] INFO  segmented.SegmentedRaftLogWorker (SegmentedRaftLogWorker.java:<init>(187)) - new s0@group-B70D0BCDD840-SegmentedRaftLogWorker for RaftStorageImpl:Storage Directory /home/runner/work/ratis/ratis/ratis-test/target/test/data/6e6ca39f/MiniRaftClusterWithGrpc9339ab33/s0/a23d1754-ea55-4028-aaee-b70d0bcdd840
2022-06-30 15:08:33,317 [pool-2-thread-1] INFO  server.RaftServerConfigKeys (ConfUtils.java:logGet(46)) - raft.server.log.statemachine.data.sync.timeout = 10s (default)
2022-06-30 15:08:33,320 [pool-1-thread-1] INFO  server.RaftServerConfigKeys (ConfUtils.java:logGet(46)) - raft.server.log.queue.byte-limit = 64MB (=67108864) (default)
2022-06-30 15:08:33,321 [pool-2-thread-1] INFO  server.RaftServerConfigKeys (ConfUtils.java:logGet(46)) - raft.server.log.statemachine.data.sync.timeout.retry = -1 (default)
2022-06-30 15:08:33,321 [pool-1-thread-1] INFO  server.RaftServerConfigKeys (ConfUtils.java:logGet(46)) - raft.server.log.queue.element-limit = 4096 (default)
2022-06-30 15:08:33,321 [pool-1-thread-1] INFO  server.RaftServerConfigKeys (ConfUtils.java:logGet(46)) - raft.server.log.segment.size.max = 8MB (=8388608) (default)
2022-06-30 15:08:33,321 [pool-1-thread-1] INFO  server.RaftServerConfigKeys (ConfUtils.java:logGet(46)) - raft.server.log.preallocated.size = 4MB (=4194304) (default)
2022-06-30 15:08:33,322 [pool-1-thread-1] INFO  server.RaftServerConfigKeys (ConfUtils.java:logGet(46)) - raft.server.log.force.sync.num = 128 (default)
2022-06-30 15:08:33,328 [pool-1-thread-1] INFO  server.RaftServerConfigKeys (ConfUtils.java:logGet(46)) - raft.server.log.statemachine.data.sync = true (default)
2022-06-30 15:08:33,328 [pool-1-thread-1] INFO  server.RaftServerConfigKeys (ConfUtils.java:logGet(46)) - raft.server.log.statemachine.data.sync.timeout = 10s (default)
2022-06-30 15:08:33,328 [pool-1-thread-1] INFO  server.RaftServerConfigKeys (ConfUtils.java:logGet(46)) - raft.server.log.statemachine.data.sync.timeout.retry = -1 (default)
2022-06-30 15:08:33,332 [pool-2-thread-1] INFO  server.RaftServerConfigKeys (ConfUtils.java:logGet(46)) - raft.server.log.write.buffer.size = 64KB (=65536) (default)
2022-06-30 15:08:33,333 [pool-2-thread-1] INFO  server.RaftServerConfigKeys (ConfUtils.java:logGet(46)) - raft.server.log.unsafe-flush.enabled = false (default)
2022-06-30 15:08:33,333 [pool-1-thread-1] INFO  server.RaftServerConfigKeys (ConfUtils.java:logGet(46)) - raft.server.log.write.buffer.size = 64KB (=65536) (default)
2022-06-30 15:08:33,333 [pool-1-thread-1] INFO  server.RaftServerConfigKeys (ConfUtils.java:logGet(46)) - raft.server.log.unsafe-flush.enabled = false (default)
2022-06-30 15:08:33,334 [pool-1-thread-1] INFO  server.RaftServerConfigKeys (ConfUtils.java:logGet(46)) - raft.server.log.statemachine.data.caching.enabled = false (default)
2022-06-30 15:08:33,334 [pool-3-thread-1] INFO  server.RaftServerConfigKeys (ConfUtils.java:logGet(46)) - raft.server.log.write.buffer.size = 64KB (=65536) (default)
2022-06-30 15:08:33,335 [pool-3-thread-1] INFO  server.RaftServerConfigKeys (ConfUtils.java:logGet(46)) - raft.server.log.unsafe-flush.enabled = false (default)
2022-06-30 15:08:33,335 [pool-3-thread-1] INFO  server.RaftServerConfigKeys (ConfUtils.java:logGet(46)) - raft.server.log.statemachine.data.caching.enabled = false (default)
2022-06-30 15:08:33,334 [pool-2-thread-1] INFO  server.RaftServerConfigKeys (ConfUtils.java:logGet(46)) - raft.server.log.statemachine.data.caching.enabled = false (default)
2022-06-30 15:08:33,348 [pool-2-thread-1] INFO  segmented.SegmentedRaftLogWorker (SegmentedRaftLogWorker.java:lambda$new$0(135)) - s1@group-B70D0BCDD840-SegmentedRaftLogWorker: flushIndex: setUnconditionally 0 -> -1
2022-06-30 15:08:33,348 [pool-2-thread-1] INFO  segmented.SegmentedRaftLogWorker (SegmentedRaftLogWorker.java:lambda$new$0(135)) - s1@group-B70D0BCDD840-SegmentedRaftLogWorker: safeCacheEvictIndex: setUnconditionally 0 -> -1
2022-06-30 15:08:33,348 [pool-1-thread-1] INFO  segmented.SegmentedRaftLogWorker (SegmentedRaftLogWorker.java:lambda$new$0(135)) - s0@group-B70D0BCDD840-SegmentedRaftLogWorker: flushIndex: setUnconditionally 0 -> -1
2022-06-30 15:08:33,348 [pool-1-thread-1] INFO  segmented.SegmentedRaftLogWorker (SegmentedRaftLogWorker.java:lambda$new$0(135)) - s0@group-B70D0BCDD840-SegmentedRaftLogWorker: safeCacheEvictIndex: setUnconditionally 0 -> -1
2022-06-30 15:08:33,349 [pool-3-thread-1] INFO  segmented.SegmentedRaftLogWorker (SegmentedRaftLogWorker.java:lambda$new$0(135)) - s2@group-B70D0BCDD840-SegmentedRaftLogWorker: flushIndex: setUnconditionally 0 -> -1
2022-06-30 15:08:33,349 [pool-3-thread-1] INFO  segmented.SegmentedRaftLogWorker (SegmentedRaftLogWorker.java:lambda$new$0(135)) - s2@group-B70D0BCDD840-SegmentedRaftLogWorker: safeCacheEvictIndex: setUnconditionally 0 -> -1
2022-06-30 15:08:33,358 [pool-3-thread-1] INFO  server.RaftServerConfigKeys (ConfUtils.java:logGet(46)) - raft.server.snapshot.auto.trigger.enabled = false (default)
2022-06-30 15:08:33,360 [pool-3-thread-1] INFO  server.RaftServerConfigKeys (ConfUtils.java:logGet(46)) - raft.server.snapshot.retention.file.num = -1 (default)
2022-06-30 15:08:33,361 [pool-3-thread-1] INFO  server.RaftServerConfigKeys (ConfUtils.java:logGet(46)) - raft.server.log.purge.upto.snapshot.index = false (default)
2022-06-30 15:08:33,361 [pool-2-thread-1] INFO  server.RaftServerConfigKeys (ConfUtils.java:logGet(46)) - raft.server.snapshot.auto.trigger.enabled = false (default)
2022-06-30 15:08:33,362 [pool-2-thread-1] INFO  server.RaftServerConfigKeys (ConfUtils.java:logGet(46)) - raft.server.snapshot.retention.file.num = -1 (default)
2022-06-30 15:08:33,362 [pool-2-thread-1] INFO  server.RaftServerConfigKeys (ConfUtils.java:logGet(46)) - raft.server.log.purge.upto.snapshot.index = false (default)
2022-06-30 15:08:33,362 [pool-1-thread-1] INFO  server.RaftServerConfigKeys (ConfUtils.java:logGet(46)) - raft.server.snapshot.auto.trigger.enabled = false (default)
2022-06-30 15:08:33,362 [pool-1-thread-1] INFO  server.RaftServerConfigKeys (ConfUtils.java:logGet(46)) - raft.server.snapshot.retention.file.num = -1 (default)
2022-06-30 15:08:33,362 [pool-1-thread-1] INFO  server.RaftServerConfigKeys (ConfUtils.java:logGet(46)) - raft.server.log.purge.upto.snapshot.index = false (default)
2022-06-30 15:08:33,365 [pool-1-thread-1] INFO  server.RaftServerConfigKeys (ConfUtils.java:logGet(46)) - raft.server.retrycache.expirytime = 60s (default)
2022-06-30 15:08:33,365 [pool-1-thread-1] INFO  server.RaftServerConfigKeys (ConfUtils.java:logGet(46)) - raft.server.retrycache.statistics.expirytime = 100μs (default)
2022-06-30 15:08:33,367 [pool-3-thread-1] INFO  server.RaftServerConfigKeys (ConfUtils.java:logGet(46)) - raft.server.retrycache.expirytime = 60s (default)
2022-06-30 15:08:33,368 [pool-3-thread-1] INFO  server.RaftServerConfigKeys (ConfUtils.java:logGet(46)) - raft.server.retrycache.statistics.expirytime = 100μs (default)
2022-06-30 15:08:33,368 [pool-2-thread-1] INFO  server.RaftServerConfigKeys (ConfUtils.java:logGet(46)) - raft.server.retrycache.expirytime = 60s (default)
2022-06-30 15:08:33,368 [pool-2-thread-1] INFO  server.RaftServerConfigKeys (ConfUtils.java:logGet(46)) - raft.server.retrycache.statistics.expirytime = 100μs (default)
2022-06-30 15:08:33,417 [pool-1-thread-1] INFO  server.RaftServerConfigKeys (ConfUtils.java:logGet(46)) - raft.server.log.appender.install.snapshot.enabled = true (default)
2022-06-30 15:08:33,418 [pool-1-thread-1] INFO  server.RaftServerConfigKeys (ConfUtils.java:logGet(46)) - raft.server.threadpool.server.cached = true (default)
2022-06-30 15:08:33,418 [pool-1-thread-1] INFO  server.RaftServerConfigKeys (ConfUtils.java:logGet(46)) - raft.server.threadpool.server.size = 0 (default)
2022-06-30 15:08:33,419 [pool-3-thread-1] INFO  server.RaftServerConfigKeys (ConfUtils.java:logGet(46)) - raft.server.log.appender.install.snapshot.enabled = true (default)
2022-06-30 15:08:33,419 [pool-3-thread-1] INFO  server.RaftServerConfigKeys (ConfUtils.java:logGet(46)) - raft.server.threadpool.server.cached = true (default)
2022-06-30 15:08:33,419 [pool-3-thread-1] INFO  server.RaftServerConfigKeys (ConfUtils.java:logGet(46)) - raft.server.threadpool.server.size = 0 (default)
2022-06-30 15:08:33,420 [pool-3-thread-1] INFO  server.RaftServerConfigKeys (ConfUtils.java:logGet(46)) - raft.server.threadpool.client.cached = true (default)
2022-06-30 15:08:33,421 [pool-3-thread-1] INFO  server.RaftServerConfigKeys (ConfUtils.java:logGet(46)) - raft.server.threadpool.client.size = 0 (default)
2022-06-30 15:08:33,421 [pool-1-thread-1] INFO  server.RaftServerConfigKeys (ConfUtils.java:logGet(46)) - raft.server.threadpool.client.cached = true (default)
2022-06-30 15:08:33,421 [pool-1-thread-1] INFO  server.RaftServerConfigKeys (ConfUtils.java:logGet(46)) - raft.server.threadpool.client.size = 0 (default)
2022-06-30 15:08:33,423 [s0-impl-thread1] INFO  server.RaftServer$Division (RaftServerImpl.java:start(310)) - s0@group-B70D0BCDD840: start as a follower, conf=-1: [s0|rpc:localhost:45751|admin:localhost:32913|client:localhost:45073|dataStream:localhost:36663|priority:0, s1|rpc:localhost:36515|admin:localhost:36247|client:localhost:34351|dataStream:localhost:39477|priority:0, s2|rpc:localhost:32785|admin:localhost:38615|client:localhost:45737|dataStream:localhost:40173|priority:0], old=null
2022-06-30 15:08:33,423 [s0-impl-thread1] INFO  server.RaftServer$Division (RaftServerImpl.java:setRole(299)) - s0@group-B70D0BCDD840: changes role from      null to FOLLOWER at term 0 for startAsFollower
2022-06-30 15:08:33,425 [s0-impl-thread1] INFO  impl.RoleInfo (RoleInfo.java:updateAndGet(139)) - s0: start s0@group-B70D0BCDD840-FollowerState
2022-06-30 15:08:33,427 [s0-impl-thread1] INFO  util.JmxRegister (JmxRegister.java:tryRegister(44)) - Successfully registered JMX Bean with object name Ratis:service=RaftServer,group=group-B70D0BCDD840,id=s0
2022-06-30 15:08:33,432 [Time-limited test] INFO  server.RaftServer (RaftServerProxy.java:lambda$start$6(382)) - s0: start RPC server
2022-06-30 15:08:33,434 [pool-2-thread-1] INFO  server.RaftServerConfigKeys (ConfUtils.java:logGet(46)) - raft.server.log.appender.install.snapshot.enabled = true (default)
2022-06-30 15:08:33,440 [pool-2-thread-1] INFO  server.RaftServerConfigKeys (ConfUtils.java:logGet(46)) - raft.server.threadpool.server.cached = true (default)
2022-06-30 15:08:33,441 [pool-2-thread-1] INFO  server.RaftServerConfigKeys (ConfUtils.java:logGet(46)) - raft.server.threadpool.server.size = 0 (default)
2022-06-30 15:08:33,441 [pool-2-thread-1] INFO  server.RaftServerConfigKeys (ConfUtils.java:logGet(46)) - raft.server.threadpool.client.cached = true (default)
2022-06-30 15:08:33,441 [pool-2-thread-1] INFO  server.RaftServerConfigKeys (ConfUtils.java:logGet(46)) - raft.server.threadpool.client.size = 0 (default)
2022-06-30 15:08:33,496 [Time-limited test] INFO  server.GrpcService (GrpcService.java:startImpl(260)) - s0: GrpcService started, listening on 45751
2022-06-30 15:08:33,498 [Time-limited test] INFO  server.GrpcService (GrpcService.java:startImpl(260)) - s0: GrpcService started, listening on 32913
2022-06-30 15:08:33,501 [Time-limited test] INFO  server.GrpcService (GrpcService.java:startImpl(260)) - s0: GrpcService started, listening on 45073
2022-06-30 15:08:33,504 [s1-impl-thread1] INFO  server.RaftServer$Division (RaftServerImpl.java:start(310)) - s1@group-B70D0BCDD840: start as a follower, conf=-1: [s0|rpc:localhost:45751|admin:localhost:32913|client:localhost:45073|dataStream:localhost:36663|priority:0, s1|rpc:localhost:36515|admin:localhost:36247|client:localhost:34351|dataStream:localhost:39477|priority:0, s2|rpc:localhost:32785|admin:localhost:38615|client:localhost:45737|dataStream:localhost:40173|priority:0], old=null
2022-06-30 15:08:33,504 [org.apache.ratis.util.JvmPauseMonitor$$Lambda$287/1379044476@5657905a] INFO  util.JvmPauseMonitor (JvmPauseMonitor.java:run(103)) - JvmPauseMonitor-s0: Started
2022-06-30 15:08:33,505 [s1-impl-thread1] INFO  server.RaftServer$Division (RaftServerImpl.java:setRole(299)) - s1@group-B70D0BCDD840: changes role from      null to FOLLOWER at term 0 for startAsFollower
2022-06-30 15:08:33,505 [s1-impl-thread1] INFO  impl.RoleInfo (RoleInfo.java:updateAndGet(139)) - s1: start s1@group-B70D0BCDD840-FollowerState
2022-06-30 15:08:33,506 [s1-impl-thread1] INFO  util.JmxRegister (JmxRegister.java:tryRegister(44)) - Successfully registered JMX Bean with object name Ratis:service=RaftServer,group=group-B70D0BCDD840,id=s1
2022-06-30 15:08:33,508 [Time-limited test] INFO  server.RaftServer (RaftServerProxy.java:lambda$start$6(382)) - s1: start RPC server
2022-06-30 15:08:33,509 [Time-limited test] INFO  server.GrpcService (GrpcService.java:startImpl(260)) - s1: GrpcService started, listening on 36515
2022-06-30 15:08:33,510 [Time-limited test] INFO  server.GrpcService (GrpcService.java:startImpl(260)) - s1: GrpcService started, listening on 36247
2022-06-30 15:08:33,510 [Time-limited test] INFO  server.GrpcService (GrpcService.java:startImpl(260)) - s1: GrpcService started, listening on 34351
2022-06-30 15:08:33,520 [s2-impl-thread1] INFO  server.RaftServer$Division (RaftServerImpl.java:start(310)) - s2@group-B70D0BCDD840: start as a follower, conf=-1: [s0|rpc:localhost:45751|admin:localhost:32913|client:localhost:45073|dataStream:localhost:36663|priority:0, s1|rpc:localhost:36515|admin:localhost:36247|client:localhost:34351|dataStream:localhost:39477|priority:0, s2|rpc:localhost:32785|admin:localhost:38615|client:localhost:45737|dataStream:localhost:40173|priority:0], old=null
2022-06-30 15:08:33,520 [s2-impl-thread1] INFO  server.RaftServer$Division (RaftServerImpl.java:setRole(299)) - s2@group-B70D0BCDD840: changes role from      null to FOLLOWER at term 0 for startAsFollower
2022-06-30 15:08:33,520 [s2-impl-thread1] INFO  impl.RoleInfo (RoleInfo.java:updateAndGet(139)) - s2: start s2@group-B70D0BCDD840-FollowerState
2022-06-30 15:08:33,521 [org.apache.ratis.util.JvmPauseMonitor$$Lambda$287/1379044476@635b9a2b] INFO  util.JvmPauseMonitor (JvmPauseMonitor.java:run(103)) - JvmPauseMonitor-s1: Started
2022-06-30 15:08:33,522 [s2-impl-thread1] INFO  util.JmxRegister (JmxRegister.java:tryRegister(44)) - Successfully registered JMX Bean with object name Ratis:service=RaftServer,group=group-B70D0BCDD840,id=s2
2022-06-30 15:08:33,523 [Time-limited test] INFO  server.RaftServer (RaftServerProxy.java:lambda$start$6(382)) - s2: start RPC server
2022-06-30 15:08:33,525 [Time-limited test] INFO  server.GrpcService (GrpcService.java:startImpl(260)) - s2: GrpcService started, listening on 32785
2022-06-30 15:08:33,527 [Time-limited test] INFO  server.GrpcService (GrpcService.java:startImpl(260)) - s2: GrpcService started, listening on 38615
2022-06-30 15:08:33,528 [Time-limited test] INFO  server.GrpcService (GrpcService.java:startImpl(260)) - s2: GrpcService started, listening on 45737
2022-06-30 15:08:33,532 [org.apache.ratis.util.JvmPauseMonitor$$Lambda$287/1379044476@964035a] INFO  util.JvmPauseMonitor (JvmPauseMonitor.java:run(103)) - JvmPauseMonitor-s2: Started
2022-06-30 15:08:33,534 [Time-limited test] INFO  server.RaftServerConfigKeys (ConfUtils.java:logGet(46)) - raft.server.rpc.timeout.max = 300ms (default)
2022-06-30 15:08:33,537 [Time-limited test] INFO  ratis.RaftTestUtil (RaftTestUtil.java:waitForLeader(100)) - printing ALL groups
  s0:  RUNNING  FOLLOWER s0@group-B70D0BCDD840:t0, leader=null, voted=, raftlog=s0@group-B70D0BCDD840-SegmentedRaftLog:OPENED:c-1, conf=-1: [s0|rpc:localhost:45751|admin:localhost:32913|client:localhost:45073|dataStream:localhost:36663|priority:0, s1|rpc:localhost:36515|admin:localhost:36247|client:localhost:34351|dataStream:localhost:39477|priority:0, s2|rpc:localhost:32785|admin:localhost:38615|client:localhost:45737|dataStream:localhost:40173|priority:0], old=null RUNNING
  s1:  RUNNING  FOLLOWER s1@group-B70D0BCDD840:t0, leader=null, voted=, raftlog=s1@group-B70D0BCDD840-SegmentedRaftLog:OPENED:c-1, conf=-1: [s0|rpc:localhost:45751|admin:localhost:32913|client:localhost:45073|dataStream:localhost:36663|priority:0, s1|rpc:localhost:36515|admin:localhost:36247|client:localhost:34351|dataStream:localhost:39477|priority:0, s2|rpc:localhost:32785|admin:localhost:38615|client:localhost:45737|dataStream:localhost:40173|priority:0], old=null RUNNING
  s2:  RUNNING  FOLLOWER s2@group-B70D0BCDD840:t0, leader=null, voted=, raftlog=s2@group-B70D0BCDD840-SegmentedRaftLog:OPENED:c-1, conf=-1: [s0|rpc:localhost:45751|admin:localhost:32913|client:localhost:45073|dataStream:localhost:36663|priority:0, s1|rpc:localhost:36515|admin:localhost:36247|client:localhost:34351|dataStream:localhost:39477|priority:0, s2|rpc:localhost:32785|admin:localhost:38615|client:localhost:45737|dataStream:localhost:40173|priority:0], old=null RUNNING
2022-06-30 15:08:33,543 [Time-limited test] WARN  ratis.RaftTestUtil (JavaUtils.java:attempt(172)) - FAILED "waitForLeader-null-(expectLeader? true)", attempt #1/100: java.lang.IllegalStateException: No leader yet : printing ALL groups
  s0:  RUNNING  FOLLOWER s0@group-B70D0BCDD840:t0, leader=null, voted=, raftlog=s0@group-B70D0BCDD840-SegmentedRaftLog:OPENED:c-1, conf=-1: [s0|rpc:localhost:45751|admin:localhost:32913|client:localhost:45073|dataStream:localhost:36663|priority:0, s1|rpc:localhost:36515|admin:localhost:36247|client:localhost:34351|dataStream:localhost:39477|priority:0, s2|rpc:localhost:32785|admin:localhost:38615|client:localhost:45737|dataStream:localhost:40173|priority:0], old=null RUNNING
  s1:  RUNNING  FOLLOWER s1@group-B70D0BCDD840:t0, leader=null, voted=, raftlog=s1@group-B70D0BCDD840-SegmentedRaftLog:OPENED:c-1, conf=-1: [s0|rpc:localhost:45751|admin:localhost:32913|client:localhost:45073|dataStream:localhost:36663|priority:0, s1|rpc:localhost:36515|admin:localhost:36247|client:localhost:34351|dataStream:localhost:39477|priority:0, s2|rpc:localhost:32785|admin:localhost:38615|client:localhost:45737|dataStream:localhost:40173|priority:0], old=null RUNNING
  s2:  RUNNING  FOLLOWER s2@group-B70D0BCDD840:t0, leader=null, voted=, raftlog=s2@group-B70D0BCDD840-SegmentedRaftLog:OPENED:c-1, conf=-1: [s0|rpc:localhost:45751|admin:localhost:32913|client:localhost:45073|dataStream:localhost:36663|priority:0, s1|rpc:localhost:36515|admin:localhost:36247|client:localhost:34351|dataStream:localhost:39477|priority:0, s2|rpc:localhost:32785|admin:localhost:38615|client:localhost:45737|dataStream:localhost:40173|priority:0], old=null RUNNING, sleep 450ms and then retry.
java.lang.IllegalStateException: No leader yet : printing ALL groups
  s0:  RUNNING  FOLLOWER s0@group-B70D0BCDD840:t0, leader=null, voted=, raftlog=s0@group-B70D0BCDD840-SegmentedRaftLog:OPENED:c-1, conf=-1: [s0|rpc:localhost:45751|admin:localhost:32913|client:localhost:45073|dataStream:localhost:36663|priority:0, s1|rpc:localhost:36515|admin:localhost:36247|client:localhost:34351|dataStream:localhost:39477|priority:0, s2|rpc:localhost:32785|admin:localhost:38615|client:localhost:45737|dataStream:localhost:40173|priority:0], old=null RUNNING
  s1:  RUNNING  FOLLOWER s1@group-B70D0BCDD840:t0, leader=null, voted=, raftlog=s1@group-B70D0BCDD840-SegmentedRaftLog:OPENED:c-1, conf=-1: [s0|rpc:localhost:45751|admin:localhost:32913|client:localhost:45073|dataStream:localhost:36663|priority:0, s1|rpc:localhost:36515|admin:localhost:36247|client:localhost:34351|dataStream:localhost:39477|priority:0, s2|rpc:localhost:32785|admin:localhost:38615|client:localhost:45737|dataStream:localhost:40173|priority:0], old=null RUNNING
  s2:  RUNNING  FOLLOWER s2@group-B70D0BCDD840:t0, leader=null, voted=, raftlog=s2@group-B70D0BCDD840-SegmentedRaftLog:OPENED:c-1, conf=-1: [s0|rpc:localhost:45751|admin:localhost:32913|client:localhost:45073|dataStream:localhost:36663|priority:0, s1|rpc:localhost:36515|admin:localhost:36247|client:localhost:34351|dataStream:localhost:39477|priority:0, s2|rpc:localhost:32785|admin:localhost:38615|client:localhost:45737|dataStream:localhost:40173|priority:0], old=null RUNNING
	at org.apache.ratis.server.impl.MiniRaftCluster.newIllegalStateExceptionForNoLeaders(MiniRaftCluster.java:533)
	at org.apache.ratis.RaftTestUtil.lambda$waitForLeader$1(RaftTestUtil.java:104)
	at org.apache.ratis.server.impl.MiniRaftCluster.getLeader(MiniRaftCluster.java:567)
	at org.apache.ratis.server.impl.MiniRaftCluster.getLeader(MiniRaftCluster.java:560)
	at org.apache.ratis.RaftTestUtil.lambda$waitForLeader$3(RaftTestUtil.java:112)
	at org.apache.ratis.util.JavaUtils.attempt(JavaUtils.java:166)
	at org.apache.ratis.util.JavaUtils.attemptRepeatedly(JavaUtils.java:152)
	at org.apache.ratis.RaftTestUtil.waitForLeader(RaftTestUtil.java:111)
	at org.apache.ratis.RaftTestUtil.waitForLeader(RaftTestUtil.java:92)
	at org.apache.ratis.RaftTestUtil.waitForLeader(RaftTestUtil.java:87)
	at org.apache.ratis.grpc.TestRaftServerWithGrpc.testRaftClientRequestMetrics(TestRaftServerWithGrpc.java:304)
	at org.apache.ratis.server.impl.MiniRaftCluster$Factory$Get.runWithNewCluster(MiniRaftCluster.java:125)
	at org.apache.ratis.server.impl.MiniRaftCluster$Factory$Get.runWithNewCluster(MiniRaftCluster.java:113)
	at org.apache.ratis.grpc.TestRaftServerWithGrpc.testRaftClientMetrics(TestRaftServerWithGrpc.java:209)
	at sun.reflect.NativeMethodAccessorImpl.invoke0(Native Method)
	at sun.reflect.NativeMethodAccessorImpl.invoke(NativeMethodAccessorImpl.java:62)
	at sun.reflect.DelegatingMethodAccessorImpl.invoke(DelegatingMethodAccessorImpl.java:43)
	at java.lang.reflect.Method.invoke(Method.java:498)
	at org.junit.runners.model.FrameworkMethod$1.runReflectiveCall(FrameworkMethod.java:59)
	at org.junit.internal.runners.model.ReflectiveCallable.run(ReflectiveCallable.java:12)
	at org.junit.runners.model.FrameworkMethod.invokeExplosively(FrameworkMethod.java:56)
	at org.junit.internal.runners.statements.InvokeMethod.evaluate(InvokeMethod.java:17)
	at org.junit.internal.runners.statements.RunBefores.evaluate(RunBefores.java:26)
	at org.junit.internal.runners.statements.RunAfters.evaluate(RunAfters.java:27)
	at org.junit.internal.runners.statements.FailOnTimeout$CallableStatement.call(FailOnTimeout.java:299)
	at org.junit.internal.runners.statements.FailOnTimeout$CallableStatement.call(FailOnTimeout.java:293)
	at java.util.concurrent.FutureTask.run(FutureTask.java:266)
	at java.lang.Thread.run(Thread.java:750)
2022-06-30 15:08:33,647 [s0@group-B70D0BCDD840-FollowerState] INFO  impl.FollowerState (FollowerState.java:run(143)) - s0@group-B70D0BCDD840-FollowerState: change to CANDIDATE, lastRpcElapsedTime:222772488ns, electionTimeout:214ms
2022-06-30 15:08:33,650 [s0@group-B70D0BCDD840-FollowerState] INFO  impl.RoleInfo (RoleInfo.java:shutdownFollowerState(110)) - s0: shutdown s0@group-B70D0BCDD840-FollowerState
2022-06-30 15:08:33,650 [s0@group-B70D0BCDD840-FollowerState] INFO  server.RaftServer$Division (RaftServerImpl.java:setRole(299)) - s0@group-B70D0BCDD840: changes role from  FOLLOWER to CANDIDATE at term 0 for changeToCandidate
2022-06-30 15:08:33,654 [s0@group-B70D0BCDD840-FollowerState] INFO  server.RaftServerConfigKeys (ConfUtils.java:logGet(46)) - raft.server.leaderelection.pre-vote = true (default)
2022-06-30 15:08:33,654 [s0@group-B70D0BCDD840-FollowerState] INFO  impl.RoleInfo (RoleInfo.java:updateAndGet(139)) - s0: start s0@group-B70D0BCDD840-LeaderElection1
2022-06-30 15:08:33,658 [s0@group-B70D0BCDD840-LeaderElection1] INFO  impl.LeaderElection (LeaderElection.java:askForVotes(310)) - s0@group-B70D0BCDD840-LeaderElection1 PRE_VOTE round 0: submit vote requests at term 0 for -1: [s0|rpc:localhost:45751|admin:localhost:32913|client:localhost:45073|dataStream:localhost:36663|priority:0, s1|rpc:localhost:36515|admin:localhost:36247|client:localhost:34351|dataStream:localhost:39477|priority:0, s2|rpc:localhost:32785|admin:localhost:38615|client:localhost:45737|dataStream:localhost:40173|priority:0], old=null
2022-06-30 15:08:33,744 [s2@group-B70D0BCDD840-FollowerState] INFO  impl.FollowerState (FollowerState.java:run(143)) - s2@group-B70D0BCDD840-FollowerState: change to CANDIDATE, lastRpcElapsedTime:224018441ns, electionTimeout:221ms
2022-06-30 15:08:33,745 [s2@group-B70D0BCDD840-FollowerState] INFO  impl.RoleInfo (RoleInfo.java:shutdownFollowerState(110)) - s2: shutdown s2@group-B70D0BCDD840-FollowerState
2022-06-30 15:08:33,745 [s2@group-B70D0BCDD840-FollowerState] INFO  server.RaftServer$Division (RaftServerImpl.java:setRole(299)) - s2@group-B70D0BCDD840: changes role from  FOLLOWER to CANDIDATE at term 0 for changeToCandidate
2022-06-30 15:08:33,745 [s2@group-B70D0BCDD840-FollowerState] INFO  server.RaftServerConfigKeys (ConfUtils.java:logGet(46)) - raft.server.leaderelection.pre-vote = true (default)
2022-06-30 15:08:33,745 [s2@group-B70D0BCDD840-FollowerState] INFO  impl.RoleInfo (RoleInfo.java:updateAndGet(139)) - s2: start s2@group-B70D0BCDD840-LeaderElection2
2022-06-30 15:08:33,749 [s2@group-B70D0BCDD840-LeaderElection2] INFO  impl.LeaderElection (LeaderElection.java:askForVotes(310)) - s2@group-B70D0BCDD840-LeaderElection2 PRE_VOTE round 0: submit vote requests at term 0 for -1: [s0|rpc:localhost:45751|admin:localhost:32913|client:localhost:45073|dataStream:localhost:36663|priority:0, s1|rpc:localhost:36515|admin:localhost:36247|client:localhost:34351|dataStream:localhost:39477|priority:0, s2|rpc:localhost:32785|admin:localhost:38615|client:localhost:45737|dataStream:localhost:40173|priority:0], old=null
2022-06-30 15:08:33,774 [s1@group-B70D0BCDD840-FollowerState] INFO  impl.FollowerState (FollowerState.java:run(143)) - s1@group-B70D0BCDD840-FollowerState: change to CANDIDATE, lastRpcElapsedTime:268627861ns, electionTimeout:266ms
2022-06-30 15:08:33,774 [s1@group-B70D0BCDD840-FollowerState] INFO  impl.RoleInfo (RoleInfo.java:shutdownFollowerState(110)) - s1: shutdown s1@group-B70D0BCDD840-FollowerState
2022-06-30 15:08:33,774 [s1@group-B70D0BCDD840-FollowerState] INFO  server.RaftServer$Division (RaftServerImpl.java:setRole(299)) - s1@group-B70D0BCDD840: changes role from  FOLLOWER to CANDIDATE at term 0 for changeToCandidate
2022-06-30 15:08:33,775 [s1@group-B70D0BCDD840-FollowerState] INFO  server.RaftServerConfigKeys (ConfUtils.java:logGet(46)) - raft.server.leaderelection.pre-vote = true (default)
2022-06-30 15:08:33,775 [s1@group-B70D0BCDD840-FollowerState] INFO  impl.RoleInfo (RoleInfo.java:updateAndGet(139)) - s1: start s1@group-B70D0BCDD840-LeaderElection3
2022-06-30 15:08:33,778 [s1@group-B70D0BCDD840-LeaderElection3] INFO  impl.LeaderElection (LeaderElection.java:askForVotes(310)) - s1@group-B70D0BCDD840-LeaderElection3 PRE_VOTE round 0: submit vote requests at term 0 for -1: [s0|rpc:localhost:45751|admin:localhost:32913|client:localhost:45073|dataStream:localhost:36663|priority:0, s1|rpc:localhost:36515|admin:localhost:36247|client:localhost:34351|dataStream:localhost:39477|priority:0, s2|rpc:localhost:32785|admin:localhost:38615|client:localhost:45737|dataStream:localhost:40173|priority:0], old=null
2022-06-30 15:08:33,955 [s1@group-B70D0BCDD840-LeaderElection3] INFO  impl.LeaderElection (LeaderElection.java:logAndReturn(90)) - s1@group-B70D0BCDD840-LeaderElection3: PRE_VOTE TIMEOUT received 0 response(s) and 0 exception(s):
2022-06-30 15:08:33,956 [s1@group-B70D0BCDD840-LeaderElection3] INFO  impl.LeaderElection (LeaderElection.java:askForVotes(312)) - s1@group-B70D0BCDD840-LeaderElection3 PRE_VOTE round 0: result TIMEOUT
2022-06-30 15:08:33,957 [s1@group-B70D0BCDD840-LeaderElection3] INFO  impl.LeaderElection (LeaderElection.java:askForVotes(310)) - s1@group-B70D0BCDD840-LeaderElection3 PRE_VOTE round 1: submit vote requests at term 0 for -1: [s0|rpc:localhost:45751|admin:localhost:32913|client:localhost:45073|dataStream:localhost:36663|priority:0, s1|rpc:localhost:36515|admin:localhost:36247|client:localhost:34351|dataStream:localhost:39477|priority:0, s2|rpc:localhost:32785|admin:localhost:38615|client:localhost:45737|dataStream:localhost:40173|priority:0], old=null
2022-06-30 15:08:33,997 [Time-limited test] WARN  ratis.RaftTestUtil (JavaUtils.java:attempt(172)) - FAILED "waitForLeader-null-(expectLeader? true)", attempt #2/100: java.lang.IllegalStateException: No leader yet : printing ALL groups
  s0:  RUNNING CANDIDATE s0@group-B70D0BCDD840:t0, leader=null, voted=, raftlog=s0@group-B70D0BCDD840-SegmentedRaftLog:OPENED:c-1, conf=-1: [s0|rpc:localhost:45751|admin:localhost:32913|client:localhost:45073|dataStream:localhost:36663|priority:0, s1|rpc:localhost:36515|admin:localhost:36247|client:localhost:34351|dataStream:localhost:39477|priority:0, s2|rpc:localhost:32785|admin:localhost:38615|client:localhost:45737|dataStream:localhost:40173|priority:0], old=null RUNNING
  s1:  RUNNING CANDIDATE s1@group-B70D0BCDD840:t0, leader=null, voted=, raftlog=s1@group-B70D0BCDD840-SegmentedRaftLog:OPENED:c-1, conf=-1: [s0|rpc:localhost:45751|admin:localhost:32913|client:localhost:45073|dataStream:localhost:36663|priority:0, s1|rpc:localhost:36515|admin:localhost:36247|client:localhost:34351|dataStream:localhost:39477|priority:0, s2|rpc:localhost:32785|admin:localhost:38615|client:localhost:45737|dataStream:localhost:40173|priority:0], old=null RUNNING
  s2:  RUNNING CANDIDATE s2@group-B70D0BCDD840:t0, leader=null, voted=, raftlog=s2@group-B70D0BCDD840-SegmentedRaftLog:OPENED:c-1, conf=-1: [s0|rpc:localhost:45751|admin:localhost:32913|client:localhost:45073|dataStream:localhost:36663|priority:0, s1|rpc:localhost:36515|admin:localhost:36247|client:localhost:34351|dataStream:localhost:39477|priority:0, s2|rpc:localhost:32785|admin:localhost:38615|client:localhost:45737|dataStream:localhost:40173|priority:0], old=null RUNNING, sleep 450ms and then retry.
java.lang.IllegalStateException: No leader yet : printing ALL groups
  s0:  RUNNING CANDIDATE s0@group-B70D0BCDD840:t0, leader=null, voted=, raftlog=s0@group-B70D0BCDD840-SegmentedRaftLog:OPENED:c-1, conf=-1: [s0|rpc:localhost:45751|admin:localhost:32913|client:localhost:45073|dataStream:localhost:36663|priority:0, s1|rpc:localhost:36515|admin:localhost:36247|client:localhost:34351|dataStream:localhost:39477|priority:0, s2|rpc:localhost:32785|admin:localhost:38615|client:localhost:45737|dataStream:localhost:40173|priority:0], old=null RUNNING
  s1:  RUNNING CANDIDATE s1@group-B70D0BCDD840:t0, leader=null, voted=, raftlog=s1@group-B70D0BCDD840-SegmentedRaftLog:OPENED:c-1, conf=-1: [s0|rpc:localhost:45751|admin:localhost:32913|client:localhost:45073|dataStream:localhost:36663|priority:0, s1|rpc:localhost:36515|admin:localhost:36247|client:localhost:34351|dataStream:localhost:39477|priority:0, s2|rpc:localhost:32785|admin:localhost:38615|client:localhost:45737|dataStream:localhost:40173|priority:0], old=null RUNNING
  s2:  RUNNING CANDIDATE s2@group-B70D0BCDD840:t0, leader=null, voted=, raftlog=s2@group-B70D0BCDD840-SegmentedRaftLog:OPENED:c-1, conf=-1: [s0|rpc:localhost:45751|admin:localhost:32913|client:localhost:45073|dataStream:localhost:36663|priority:0, s1|rpc:localhost:36515|admin:localhost:36247|client:localhost:34351|dataStream:localhost:39477|priority:0, s2|rpc:localhost:32785|admin:localhost:38615|client:localhost:45737|dataStream:localhost:40173|priority:0], old=null RUNNING
	at org.apache.ratis.server.impl.MiniRaftCluster.newIllegalStateExceptionForNoLeaders(MiniRaftCluster.java:533)
	at org.apache.ratis.RaftTestUtil.lambda$waitForLeader$1(RaftTestUtil.java:104)
	at org.apache.ratis.server.impl.MiniRaftCluster.getLeader(MiniRaftCluster.java:567)
	at org.apache.ratis.server.impl.MiniRaftCluster.getLeader(MiniRaftCluster.java:560)
	at org.apache.ratis.RaftTestUtil.lambda$waitForLeader$3(RaftTestUtil.java:112)
	at org.apache.ratis.util.JavaUtils.attempt(JavaUtils.java:166)
	at org.apache.ratis.util.JavaUtils.attemptRepeatedly(JavaUtils.java:152)
	at org.apache.ratis.RaftTestUtil.waitForLeader(RaftTestUtil.java:111)
	at org.apache.ratis.RaftTestUtil.waitForLeader(RaftTestUtil.java:92)
	at org.apache.ratis.RaftTestUtil.waitForLeader(RaftTestUtil.java:87)
	at org.apache.ratis.grpc.TestRaftServerWithGrpc.testRaftClientRequestMetrics(TestRaftServerWithGrpc.java:304)
	at org.apache.ratis.server.impl.MiniRaftCluster$Factory$Get.runWithNewCluster(MiniRaftCluster.java:125)
	at org.apache.ratis.server.impl.MiniRaftCluster$Factory$Get.runWithNewCluster(MiniRaftCluster.java:113)
	at org.apache.ratis.grpc.TestRaftServerWithGrpc.testRaftClientMetrics(TestRaftServerWithGrpc.java:209)
	at sun.reflect.NativeMethodAccessorImpl.invoke0(Native Method)
	at sun.reflect.NativeMethodAccessorImpl.invoke(NativeMethodAccessorImpl.java:62)
	at sun.reflect.DelegatingMethodAccessorImpl.invoke(DelegatingMethodAccessorImpl.java:43)
	at java.lang.reflect.Method.invoke(Method.java:498)
	at org.junit.runners.model.FrameworkMethod$1.runReflectiveCall(FrameworkMethod.java:59)
	at org.junit.internal.runners.model.ReflectiveCallable.run(ReflectiveCallable.java:12)
	at org.junit.runners.model.FrameworkMethod.invokeExplosively(FrameworkMethod.java:56)
	at org.junit.internal.runners.statements.InvokeMethod.evaluate(InvokeMethod.java:17)
	at org.junit.internal.runners.statements.RunBefores.evaluate(RunBefores.java:26)
	at org.junit.internal.runners.statements.RunAfters.evaluate(RunAfters.java:27)
	at org.junit.internal.runners.statements.FailOnTimeout$CallableStatement.call(FailOnTimeout.java:299)
	at org.junit.internal.runners.statements.FailOnTimeout$CallableStatement.call(FailOnTimeout.java:293)
	at java.util.concurrent.FutureTask.run(FutureTask.java:266)
	at java.lang.Thread.run(Thread.java:750)
2022-06-30 15:08:34,011 [s0@group-B70D0BCDD840-LeaderElection1] INFO  impl.LeaderElection (LeaderElection.java:logAndReturn(90)) - s0@group-B70D0BCDD840-LeaderElection1: PRE_VOTE TIMEOUT received 0 response(s) and 0 exception(s):
2022-06-30 15:08:34,011 [s0@group-B70D0BCDD840-LeaderElection1] INFO  impl.LeaderElection (LeaderElection.java:askForVotes(312)) - s0@group-B70D0BCDD840-LeaderElection1 PRE_VOTE round 0: result TIMEOUT
2022-06-30 15:08:34,011 [s0@group-B70D0BCDD840-LeaderElection1] INFO  impl.LeaderElection (LeaderElection.java:askForVotes(310)) - s0@group-B70D0BCDD840-LeaderElection1 PRE_VOTE round 1: submit vote requests at term 0 for -1: [s0|rpc:localhost:45751|admin:localhost:32913|client:localhost:45073|dataStream:localhost:36663|priority:0, s1|rpc:localhost:36515|admin:localhost:36247|client:localhost:34351|dataStream:localhost:39477|priority:0, s2|rpc:localhost:32785|admin:localhost:38615|client:localhost:45737|dataStream:localhost:40173|priority:0], old=null
2022-06-30 15:08:34,031 [s2@group-B70D0BCDD840-LeaderElection2] INFO  impl.LeaderElection (LeaderElection.java:logAndReturn(90)) - s2@group-B70D0BCDD840-LeaderElection2: PRE_VOTE TIMEOUT received 0 response(s) and 0 exception(s):
2022-06-30 15:08:34,031 [s2@group-B70D0BCDD840-LeaderElection2] INFO  impl.LeaderElection (LeaderElection.java:askForVotes(312)) - s2@group-B70D0BCDD840-LeaderElection2 PRE_VOTE round 0: result TIMEOUT
2022-06-30 15:08:34,031 [s2@group-B70D0BCDD840-LeaderElection2] INFO  impl.LeaderElection (LeaderElection.java:askForVotes(310)) - s2@group-B70D0BCDD840-LeaderElection2 PRE_VOTE round 1: submit vote requests at term 0 for -1: [s0|rpc:localhost:45751|admin:localhost:32913|client:localhost:45073|dataStream:localhost:36663|priority:0, s1|rpc:localhost:36515|admin:localhost:36247|client:localhost:34351|dataStream:localhost:39477|priority:0, s2|rpc:localhost:32785|admin:localhost:38615|client:localhost:45737|dataStream:localhost:40173|priority:0], old=null
2022-06-30 15:08:34,171 [s0@group-B70D0BCDD840-LeaderElection1] INFO  impl.LeaderElection (LeaderElection.java:logAndReturn(90)) - s0@group-B70D0BCDD840-LeaderElection1: PRE_VOTE TIMEOUT received 0 response(s) and 0 exception(s):
2022-06-30 15:08:34,171 [s0@group-B70D0BCDD840-LeaderElection1] INFO  impl.LeaderElection (LeaderElection.java:askForVotes(312)) - s0@group-B70D0BCDD840-LeaderElection1 PRE_VOTE round 1: result TIMEOUT
2022-06-30 15:08:34,171 [s0@group-B70D0BCDD840-LeaderElection1] INFO  impl.LeaderElection (LeaderElection.java:askForVotes(310)) - s0@group-B70D0BCDD840-LeaderElection1 PRE_VOTE round 2: submit vote requests at term 0 for -1: [s0|rpc:localhost:45751|admin:localhost:32913|client:localhost:45073|dataStream:localhost:36663|priority:0, s1|rpc:localhost:36515|admin:localhost:36247|client:localhost:34351|dataStream:localhost:39477|priority:0, s2|rpc:localhost:32785|admin:localhost:38615|client:localhost:45737|dataStream:localhost:40173|priority:0], old=null
2022-06-30 15:08:34,202 [s1@group-B70D0BCDD840-LeaderElection3] INFO  impl.LeaderElection (LeaderElection.java:logAndReturn(90)) - s1@group-B70D0BCDD840-LeaderElection3: PRE_VOTE TIMEOUT received 0 response(s) and 0 exception(s):
2022-06-30 15:08:34,202 [s1@group-B70D0BCDD840-LeaderElection3] INFO  impl.LeaderElection (LeaderElection.java:askForVotes(312)) - s1@group-B70D0BCDD840-LeaderElection3 PRE_VOTE round 1: result TIMEOUT
2022-06-30 15:08:34,202 [s1@group-B70D0BCDD840-LeaderElection3] INFO  impl.LeaderElection (LeaderElection.java:askForVotes(310)) - s1@group-B70D0BCDD840-LeaderElection3 PRE_VOTE round 2: submit vote requests at term 0 for -1: [s0|rpc:localhost:45751|admin:localhost:32913|client:localhost:45073|dataStream:localhost:36663|priority:0, s1|rpc:localhost:36515|admin:localhost:36247|client:localhost:34351|dataStream:localhost:39477|priority:0, s2|rpc:localhost:32785|admin:localhost:38615|client:localhost:45737|dataStream:localhost:40173|priority:0], old=null
2022-06-30 15:08:34,222 [s2@group-B70D0BCDD840-LeaderElection2] INFO  impl.LeaderElection (LeaderElection.java:logAndReturn(90)) - s2@group-B70D0BCDD840-LeaderElection2: PRE_VOTE TIMEOUT received 0 response(s) and 0 exception(s):
2022-06-30 15:08:34,222 [s2@group-B70D0BCDD840-LeaderElection2] INFO  impl.LeaderElection (LeaderElection.java:askForVotes(312)) - s2@group-B70D0BCDD840-LeaderElection2 PRE_VOTE round 1: result TIMEOUT
2022-06-30 15:08:34,222 [s2@group-B70D0BCDD840-LeaderElection2] INFO  impl.LeaderElection (LeaderElection.java:askForVotes(310)) - s2@group-B70D0BCDD840-LeaderElection2 PRE_VOTE round 2: submit vote requests at term 0 for -1: [s0|rpc:localhost:45751|admin:localhost:32913|client:localhost:45073|dataStream:localhost:36663|priority:0, s1|rpc:localhost:36515|admin:localhost:36247|client:localhost:34351|dataStream:localhost:39477|priority:0, s2|rpc:localhost:32785|admin:localhost:38615|client:localhost:45737|dataStream:localhost:40173|priority:0], old=null
2022-06-30 15:08:34,301 [grpc-default-executor-4] INFO  server.RaftServer$Division (RaftServerImpl.java:requestVote(1152)) - s2@group-B70D0BCDD840: receive requestVote(PRE_VOTE, s0, group-B70D0BCDD840, 0, (t:0, i:0))
2022-06-30 15:08:34,301 [grpc-default-executor-0] INFO  server.RaftServer$Division (RaftServerImpl.java:requestVote(1152)) - s1@group-B70D0BCDD840: receive requestVote(PRE_VOTE, s0, group-B70D0BCDD840, 0, (t:0, i:0))
2022-06-30 15:08:34,303 [grpc-default-executor-3] INFO  server.RaftServer$Division (RaftServerImpl.java:requestVote(1152)) - s1@group-B70D0BCDD840: receive requestVote(PRE_VOTE, s0, group-B70D0BCDD840, 0, (t:0, i:0))
2022-06-30 15:08:34,303 [grpc-default-executor-0] INFO  impl.VoteContext (VoteContext.java:log(48)) - s1@group-B70D0BCDD840-CANDIDATE: accept PRE_VOTE from s0: our priority 0 <= candidate's priority 0
2022-06-30 15:08:34,304 [grpc-default-executor-2] INFO  server.RaftServer$Division (RaftServerImpl.java:requestVote(1152)) - s1@group-B70D0BCDD840: receive requestVote(PRE_VOTE, s0, group-B70D0BCDD840, 0, (t:0, i:0))
2022-06-30 15:08:34,305 [grpc-default-executor-5] INFO  server.RaftServer$Division (RaftServerImpl.java:requestVote(1152)) - s2@group-B70D0BCDD840: receive requestVote(PRE_VOTE, s1, group-B70D0BCDD840, 0, (t:0, i:0))
2022-06-30 15:08:34,305 [grpc-default-executor-1] INFO  server.RaftServer$Division (RaftServerImpl.java:requestVote(1152)) - s2@group-B70D0BCDD840: receive requestVote(PRE_VOTE, s1, group-B70D0BCDD840, 0, (t:0, i:0))
2022-06-30 15:08:34,304 [grpc-default-executor-4] INFO  impl.VoteContext (VoteContext.java:log(48)) - s2@group-B70D0BCDD840-CANDIDATE: accept PRE_VOTE from s0: our priority 0 <= candidate's priority 0
2022-06-30 15:08:34,312 [grpc-default-executor-0] INFO  server.RaftServer$Division (RaftServerImpl.java:requestVote(1184)) - s1@group-B70D0BCDD840 replies to PRE_VOTE vote request: s0<-s1#0:OK-t0. Peer's state: s1@group-B70D0BCDD840:t0, leader=null, voted=, raftlog=s1@group-B70D0BCDD840-SegmentedRaftLog:OPENED:c-1, conf=-1: [s0|rpc:localhost:45751|admin:localhost:32913|client:localhost:45073|dataStream:localhost:36663|priority:0, s1|rpc:localhost:36515|admin:localhost:36247|client:localhost:34351|dataStream:localhost:39477|priority:0, s2|rpc:localhost:32785|admin:localhost:38615|client:localhost:45737|dataStream:localhost:40173|priority:0], old=null
2022-06-30 15:08:34,312 [grpc-default-executor-4] INFO  server.RaftServer$Division (RaftServerImpl.java:requestVote(1184)) - s2@group-B70D0BCDD840 replies to PRE_VOTE vote request: s0<-s2#0:OK-t0. Peer's state: s2@group-B70D0BCDD840:t0, leader=null, voted=, raftlog=s2@group-B70D0BCDD840-SegmentedRaftLog:OPENED:c-1, conf=-1: [s0|rpc:localhost:45751|admin:localhost:32913|client:localhost:45073|dataStream:localhost:36663|priority:0, s1|rpc:localhost:36515|admin:localhost:36247|client:localhost:34351|dataStream:localhost:39477|priority:0, s2|rpc:localhost:32785|admin:localhost:38615|client:localhost:45737|dataStream:localhost:40173|priority:0], old=null
2022-06-30 15:08:34,313 [grpc-default-executor-1] INFO  impl.VoteContext (VoteContext.java:log(48)) - s2@group-B70D0BCDD840-CANDIDATE: accept PRE_VOTE from s1: our priority 0 <= candidate's priority 0
2022-06-30 15:08:34,313 [grpc-default-executor-1] INFO  server.RaftServer$Division (RaftServerImpl.java:requestVote(1184)) - s2@group-B70D0BCDD840 replies to PRE_VOTE vote request: s1<-s2#0:OK-t0. Peer's state: s2@group-B70D0BCDD840:t0, leader=null, voted=, raftlog=s2@group-B70D0BCDD840-SegmentedRaftLog:OPENED:c-1, conf=-1: [s0|rpc:localhost:45751|admin:localhost:32913|client:localhost:45073|dataStream:localhost:36663|priority:0, s1|rpc:localhost:36515|admin:localhost:36247|client:localhost:34351|dataStream:localhost:39477|priority:0, s2|rpc:localhost:32785|admin:localhost:38615|client:localhost:45737|dataStream:localhost:40173|priority:0], old=null
2022-06-30 15:08:34,316 [grpc-default-executor-5] INFO  impl.VoteContext (VoteContext.java:log(48)) - s2@group-B70D0BCDD840-CANDIDATE: accept PRE_VOTE from s1: our priority 0 <= candidate's priority 0
2022-06-30 15:08:34,317 [grpc-default-executor-5] INFO  server.RaftServer$Division (RaftServerImpl.java:requestVote(1184)) - s2@group-B70D0BCDD840 replies to PRE_VOTE vote request: s1<-s2#0:OK-t0. Peer's state: s2@group-B70D0BCDD840:t0, leader=null, voted=, raftlog=s2@group-B70D0BCDD840-SegmentedRaftLog:OPENED:c-1, conf=-1: [s0|rpc:localhost:45751|admin:localhost:32913|client:localhost:45073|dataStream:localhost:36663|priority:0, s1|rpc:localhost:36515|admin:localhost:36247|client:localhost:34351|dataStream:localhost:39477|priority:0, s2|rpc:localhost:32785|admin:localhost:38615|client:localhost:45737|dataStream:localhost:40173|priority:0], old=null
2022-06-30 15:08:34,318 [grpc-default-executor-2] INFO  impl.VoteContext (VoteContext.java:log(48)) - s1@group-B70D0BCDD840-CANDIDATE: accept PRE_VOTE from s0: our priority 0 <= candidate's priority 0
2022-06-30 15:08:34,318 [grpc-default-executor-2] INFO  server.RaftServer$Division (RaftServerImpl.java:requestVote(1184)) - s1@group-B70D0BCDD840 replies to PRE_VOTE vote request: s0<-s1#0:OK-t0. Peer's state: s1@group-B70D0BCDD840:t0, leader=null, voted=, raftlog=s1@group-B70D0BCDD840-SegmentedRaftLog:OPENED:c-1, conf=-1: [s0|rpc:localhost:45751|admin:localhost:32913|client:localhost:45073|dataStream:localhost:36663|priority:0, s1|rpc:localhost:36515|admin:localhost:36247|client:localhost:34351|dataStream:localhost:39477|priority:0, s2|rpc:localhost:32785|admin:localhost:38615|client:localhost:45737|dataStream:localhost:40173|priority:0], old=null
2022-06-30 15:08:34,319 [grpc-default-executor-3] INFO  impl.VoteContext (VoteContext.java:log(48)) - s1@group-B70D0BCDD840-CANDIDATE: accept PRE_VOTE from s0: our priority 0 <= candidate's priority 0
2022-06-30 15:08:34,319 [grpc-default-executor-3] INFO  server.RaftServer$Division (RaftServerImpl.java:requestVote(1184)) - s1@group-B70D0BCDD840 replies to PRE_VOTE vote request: s0<-s1#0:OK-t0. Peer's state: s1@group-B70D0BCDD840:t0, leader=null, voted=, raftlog=s1@group-B70D0BCDD840-SegmentedRaftLog:OPENED:c-1, conf=-1: [s0|rpc:localhost:45751|admin:localhost:32913|client:localhost:45073|dataStream:localhost:36663|priority:0, s1|rpc:localhost:36515|admin:localhost:36247|client:localhost:34351|dataStream:localhost:39477|priority:0, s2|rpc:localhost:32785|admin:localhost:38615|client:localhost:45737|dataStream:localhost:40173|priority:0], old=null
2022-06-30 15:08:34,321 [grpc-default-executor-6] INFO  server.RaftServer$Division (RaftServerImpl.java:requestVote(1152)) - s0@group-B70D0BCDD840: receive requestVote(PRE_VOTE, s1, group-B70D0BCDD840, 0, (t:0, i:0))
2022-06-30 15:08:34,321 [grpc-default-executor-6] INFO  impl.VoteContext (VoteContext.java:log(48)) - s0@group-B70D0BCDD840-CANDIDATE: accept PRE_VOTE from s1: our priority 0 <= candidate's priority 0
2022-06-30 15:08:34,321 [grpc-default-executor-6] INFO  server.RaftServer$Division (RaftServerImpl.java:requestVote(1184)) - s0@group-B70D0BCDD840 replies to PRE_VOTE vote request: s1<-s0#0:OK-t0. Peer's state: s0@group-B70D0BCDD840:t0, leader=null, voted=, raftlog=s0@group-B70D0BCDD840-SegmentedRaftLog:OPENED:c-1, conf=-1: [s0|rpc:localhost:45751|admin:localhost:32913|client:localhost:45073|dataStream:localhost:36663|priority:0, s1|rpc:localhost:36515|admin:localhost:36247|client:localhost:34351|dataStream:localhost:39477|priority:0, s2|rpc:localhost:32785|admin:localhost:38615|client:localhost:45737|dataStream:localhost:40173|priority:0], old=null
2022-06-30 15:08:34,323 [grpc-default-executor-7] INFO  server.RaftServer$Division (RaftServerImpl.java:requestVote(1152)) - s2@group-B70D0BCDD840: receive requestVote(PRE_VOTE, s0, group-B70D0BCDD840, 0, (t:0, i:0))
2022-06-30 15:08:34,323 [grpc-default-executor-7] INFO  impl.VoteContext (VoteContext.java:log(48)) - s2@group-B70D0BCDD840-CANDIDATE: accept PRE_VOTE from s0: our priority 0 <= candidate's priority 0
2022-06-30 15:08:34,323 [grpc-default-executor-7] INFO  server.RaftServer$Division (RaftServerImpl.java:requestVote(1184)) - s2@group-B70D0BCDD840 replies to PRE_VOTE vote request: s0<-s2#0:OK-t0. Peer's state: s2@group-B70D0BCDD840:t0, leader=null, voted=, raftlog=s2@group-B70D0BCDD840-SegmentedRaftLog:OPENED:c-1, conf=-1: [s0|rpc:localhost:45751|admin:localhost:32913|client:localhost:45073|dataStream:localhost:36663|priority:0, s1|rpc:localhost:36515|admin:localhost:36247|client:localhost:34351|dataStream:localhost:39477|priority:0, s2|rpc:localhost:32785|admin:localhost:38615|client:localhost:45737|dataStream:localhost:40173|priority:0], old=null
2022-06-30 15:08:34,328 [grpc-default-executor-6] INFO  server.RaftServer$Division (RaftServerImpl.java:requestVote(1152)) - s2@group-B70D0BCDD840: receive requestVote(PRE_VOTE, s0, group-B70D0BCDD840, 0, (t:0, i:0))
2022-06-30 15:08:34,328 [grpc-default-executor-6] INFO  impl.VoteContext (VoteContext.java:log(48)) - s2@group-B70D0BCDD840-CANDIDATE: accept PRE_VOTE from s0: our priority 0 <= candidate's priority 0
2022-06-30 15:08:34,328 [grpc-default-executor-6] INFO  server.RaftServer$Division (RaftServerImpl.java:requestVote(1184)) - s2@group-B70D0BCDD840 replies to PRE_VOTE vote request: s0<-s2#0:OK-t0. Peer's state: s2@group-B70D0BCDD840:t0, leader=null, voted=, raftlog=s2@group-B70D0BCDD840-SegmentedRaftLog:OPENED:c-1, conf=-1: [s0|rpc:localhost:45751|admin:localhost:32913|client:localhost:45073|dataStream:localhost:36663|priority:0, s1|rpc:localhost:36515|admin:localhost:36247|client:localhost:34351|dataStream:localhost:39477|priority:0, s2|rpc:localhost:32785|admin:localhost:38615|client:localhost:45737|dataStream:localhost:40173|priority:0], old=null
2022-06-30 15:08:34,330 [grpc-default-executor-1] INFO  server.RaftServer$Division (RaftServerImpl.java:requestVote(1152)) - s0@group-B70D0BCDD840: receive requestVote(PRE_VOTE, s2, group-B70D0BCDD840, 0, (t:0, i:0))
2022-06-30 15:08:34,331 [grpc-default-executor-1] INFO  impl.VoteContext (VoteContext.java:log(48)) - s0@group-B70D0BCDD840-CANDIDATE: accept PRE_VOTE from s2: our priority 0 <= candidate's priority 0
2022-06-30 15:08:34,332 [grpc-default-executor-1] INFO  server.RaftServer$Division (RaftServerImpl.java:requestVote(1184)) - s0@group-B70D0BCDD840 replies to PRE_VOTE vote request: s2<-s0#0:OK-t0. Peer's state: s0@group-B70D0BCDD840:t0, leader=null, voted=, raftlog=s0@group-B70D0BCDD840-SegmentedRaftLog:OPENED:c-1, conf=-1: [s0|rpc:localhost:45751|admin:localhost:32913|client:localhost:45073|dataStream:localhost:36663|priority:0, s1|rpc:localhost:36515|admin:localhost:36247|client:localhost:34351|dataStream:localhost:39477|priority:0, s2|rpc:localhost:32785|admin:localhost:38615|client:localhost:45737|dataStream:localhost:40173|priority:0], old=null
2022-06-30 15:08:34,330 [grpc-default-executor-5] INFO  server.RaftServer$Division (RaftServerImpl.java:requestVote(1152)) - s0@group-B70D0BCDD840: receive requestVote(PRE_VOTE, s2, group-B70D0BCDD840, 0, (t:0, i:0))
2022-06-30 15:08:34,333 [grpc-default-executor-5] INFO  impl.VoteContext (VoteContext.java:log(48)) - s0@group-B70D0BCDD840-CANDIDATE: accept PRE_VOTE from s2: our priority 0 <= candidate's priority 0
2022-06-30 15:08:34,333 [grpc-default-executor-5] INFO  server.RaftServer$Division (RaftServerImpl.java:requestVote(1184)) - s0@group-B70D0BCDD840 replies to PRE_VOTE vote request: s2<-s0#0:OK-t0. Peer's state: s0@group-B70D0BCDD840:t0, leader=null, voted=, raftlog=s0@group-B70D0BCDD840-SegmentedRaftLog:OPENED:c-1, conf=-1: [s0|rpc:localhost:45751|admin:localhost:32913|client:localhost:45073|dataStream:localhost:36663|priority:0, s1|rpc:localhost:36515|admin:localhost:36247|client:localhost:34351|dataStream:localhost:39477|priority:0, s2|rpc:localhost:32785|admin:localhost:38615|client:localhost:45737|dataStream:localhost:40173|priority:0], old=null
2022-06-30 15:08:34,330 [grpc-default-executor-4] INFO  server.RaftServer$Division (RaftServerImpl.java:requestVote(1152)) - s1@group-B70D0BCDD840: receive requestVote(PRE_VOTE, s2, group-B70D0BCDD840, 0, (t:0, i:0))
2022-06-30 15:08:34,329 [grpc-default-executor-2] INFO  server.RaftServer$Division (RaftServerImpl.java:requestVote(1152)) - s0@group-B70D0BCDD840: receive requestVote(PRE_VOTE, s1, group-B70D0BCDD840, 0, (t:0, i:0))
2022-06-30 15:08:34,334 [grpc-default-executor-2] INFO  impl.VoteContext (VoteContext.java:log(48)) - s0@group-B70D0BCDD840-CANDIDATE: accept PRE_VOTE from s1: our priority 0 <= candidate's priority 0
2022-06-30 15:08:34,334 [grpc-default-executor-2] INFO  server.RaftServer$Division (RaftServerImpl.java:requestVote(1184)) - s0@group-B70D0BCDD840 replies to PRE_VOTE vote request: s1<-s0#0:OK-t0. Peer's state: s0@group-B70D0BCDD840:t0, leader=null, voted=, raftlog=s0@group-B70D0BCDD840-SegmentedRaftLog:OPENED:c-1, conf=-1: [s0|rpc:localhost:45751|admin:localhost:32913|client:localhost:45073|dataStream:localhost:36663|priority:0, s1|rpc:localhost:36515|admin:localhost:36247|client:localhost:34351|dataStream:localhost:39477|priority:0, s2|rpc:localhost:32785|admin:localhost:38615|client:localhost:45737|dataStream:localhost:40173|priority:0], old=null
2022-06-30 15:08:34,329 [grpc-default-executor-0] INFO  server.RaftServer$Division (RaftServerImpl.java:requestVote(1152)) - s0@group-B70D0BCDD840: receive requestVote(PRE_VOTE, s1, group-B70D0BCDD840, 0, (t:0, i:0))
2022-06-30 15:08:34,329 [grpc-default-executor-3] INFO  server.RaftServer$Division (RaftServerImpl.java:requestVote(1152)) - s1@group-B70D0BCDD840: receive requestVote(PRE_VOTE, s2, group-B70D0BCDD840, 0, (t:0, i:0))
2022-06-30 15:08:34,335 [grpc-default-executor-0] INFO  impl.VoteContext (VoteContext.java:log(48)) - s0@group-B70D0BCDD840-CANDIDATE: accept PRE_VOTE from s1: our priority 0 <= candidate's priority 0
2022-06-30 15:08:34,334 [grpc-default-executor-7] INFO  server.RaftServer$Division (RaftServerImpl.java:requestVote(1152)) - s1@group-B70D0BCDD840: receive requestVote(PRE_VOTE, s2, group-B70D0BCDD840, 0, (t:0, i:0))
2022-06-30 15:08:34,333 [grpc-default-executor-4] INFO  impl.VoteContext (VoteContext.java:log(48)) - s1@group-B70D0BCDD840-CANDIDATE: accept PRE_VOTE from s2: our priority 0 <= candidate's priority 0
2022-06-30 15:08:34,336 [grpc-default-executor-0] INFO  server.RaftServer$Division (RaftServerImpl.java:requestVote(1184)) - s0@group-B70D0BCDD840 replies to PRE_VOTE vote request: s1<-s0#0:OK-t0. Peer's state: s0@group-B70D0BCDD840:t0, leader=null, voted=, raftlog=s0@group-B70D0BCDD840-SegmentedRaftLog:OPENED:c-1, conf=-1: [s0|rpc:localhost:45751|admin:localhost:32913|client:localhost:45073|dataStream:localhost:36663|priority:0, s1|rpc:localhost:36515|admin:localhost:36247|client:localhost:34351|dataStream:localhost:39477|priority:0, s2|rpc:localhost:32785|admin:localhost:38615|client:localhost:45737|dataStream:localhost:40173|priority:0], old=null
2022-06-30 15:08:34,336 [grpc-default-executor-4] INFO  server.RaftServer$Division (RaftServerImpl.java:requestVote(1184)) - s1@group-B70D0BCDD840 replies to PRE_VOTE vote request: s2<-s1#0:OK-t0. Peer's state: s1@group-B70D0BCDD840:t0, leader=null, voted=, raftlog=s1@group-B70D0BCDD840-SegmentedRaftLog:OPENED:c-1, conf=-1: [s0|rpc:localhost:45751|admin:localhost:32913|client:localhost:45073|dataStream:localhost:36663|priority:0, s1|rpc:localhost:36515|admin:localhost:36247|client:localhost:34351|dataStream:localhost:39477|priority:0, s2|rpc:localhost:32785|admin:localhost:38615|client:localhost:45737|dataStream:localhost:40173|priority:0], old=null
2022-06-30 15:08:34,337 [grpc-default-executor-3] INFO  impl.VoteContext (VoteContext.java:log(48)) - s1@group-B70D0BCDD840-CANDIDATE: accept PRE_VOTE from s2: our priority 0 <= candidate's priority 0
2022-06-30 15:08:34,337 [grpc-default-executor-3] INFO  server.RaftServer$Division (RaftServerImpl.java:requestVote(1184)) - s1@group-B70D0BCDD840 replies to PRE_VOTE vote request: s2<-s1#0:OK-t0. Peer's state: s1@group-B70D0BCDD840:t0, leader=null, voted=, raftlog=s1@group-B70D0BCDD840-SegmentedRaftLog:OPENED:c-1, conf=-1: [s0|rpc:localhost:45751|admin:localhost:32913|client:localhost:45073|dataStream:localhost:36663|priority:0, s1|rpc:localhost:36515|admin:localhost:36247|client:localhost:34351|dataStream:localhost:39477|priority:0, s2|rpc:localhost:32785|admin:localhost:38615|client:localhost:45737|dataStream:localhost:40173|priority:0], old=null
2022-06-30 15:08:34,338 [grpc-default-executor-7] INFO  impl.VoteContext (VoteContext.java:log(48)) - s1@group-B70D0BCDD840-CANDIDATE: accept PRE_VOTE from s2: our priority 0 <= candidate's priority 0
2022-06-30 15:08:34,338 [grpc-default-executor-7] INFO  server.RaftServer$Division (RaftServerImpl.java:requestVote(1184)) - s1@group-B70D0BCDD840 replies to PRE_VOTE vote request: s2<-s1#0:OK-t0. Peer's state: s1@group-B70D0BCDD840:t0, leader=null, voted=, raftlog=s1@group-B70D0BCDD840-SegmentedRaftLog:OPENED:c-1, conf=-1: [s0|rpc:localhost:45751|admin:localhost:32913|client:localhost:45073|dataStream:localhost:36663|priority:0, s1|rpc:localhost:36515|admin:localhost:36247|client:localhost:34351|dataStream:localhost:39477|priority:0, s2|rpc:localhost:32785|admin:localhost:38615|client:localhost:45737|dataStream:localhost:40173|priority:0], old=null
2022-06-30 15:08:34,339 [grpc-default-executor-8] INFO  server.RaftServer$Division (RaftServerImpl.java:requestVote(1152)) - s2@group-B70D0BCDD840: receive requestVote(PRE_VOTE, s1, group-B70D0BCDD840, 0, (t:0, i:0))
2022-06-30 15:08:34,339 [grpc-default-executor-8] INFO  impl.VoteContext (VoteContext.java:log(48)) - s2@group-B70D0BCDD840-CANDIDATE: accept PRE_VOTE from s1: our priority 0 <= candidate's priority 0
2022-06-30 15:08:34,339 [grpc-default-executor-8] INFO  server.RaftServer$Division (RaftServerImpl.java:requestVote(1184)) - s2@group-B70D0BCDD840 replies to PRE_VOTE vote request: s1<-s2#0:OK-t0. Peer's state: s2@group-B70D0BCDD840:t0, leader=null, voted=, raftlog=s2@group-B70D0BCDD840-SegmentedRaftLog:OPENED:c-1, conf=-1: [s0|rpc:localhost:45751|admin:localhost:32913|client:localhost:45073|dataStream:localhost:36663|priority:0, s1|rpc:localhost:36515|admin:localhost:36247|client:localhost:34351|dataStream:localhost:39477|priority:0, s2|rpc:localhost:32785|admin:localhost:38615|client:localhost:45737|dataStream:localhost:40173|priority:0], old=null
2022-06-30 15:08:34,341 [grpc-default-executor-9] INFO  server.RaftServer$Division (RaftServerImpl.java:requestVote(1152)) - s0@group-B70D0BCDD840: receive requestVote(PRE_VOTE, s2, group-B70D0BCDD840, 0, (t:0, i:0))
2022-06-30 15:08:34,342 [grpc-default-executor-9] INFO  impl.VoteContext (VoteContext.java:log(48)) - s0@group-B70D0BCDD840-CANDIDATE: accept PRE_VOTE from s2: our priority 0 <= candidate's priority 0
2022-06-30 15:08:34,342 [grpc-default-executor-9] INFO  server.RaftServer$Division (RaftServerImpl.java:requestVote(1184)) - s0@group-B70D0BCDD840 replies to PRE_VOTE vote request: s2<-s0#0:OK-t0. Peer's state: s0@group-B70D0BCDD840:t0, leader=null, voted=, raftlog=s0@group-B70D0BCDD840-SegmentedRaftLog:OPENED:c-1, conf=-1: [s0|rpc:localhost:45751|admin:localhost:32913|client:localhost:45073|dataStream:localhost:36663|priority:0, s1|rpc:localhost:36515|admin:localhost:36247|client:localhost:34351|dataStream:localhost:39477|priority:0, s2|rpc:localhost:32785|admin:localhost:38615|client:localhost:45737|dataStream:localhost:40173|priority:0], old=null
2022-06-30 15:08:34,361 [s0@group-B70D0BCDD840-LeaderElection1] INFO  impl.LeaderElection (LeaderElection.java:logAndReturn(90)) - s0@group-B70D0BCDD840-LeaderElection1: PRE_VOTE PASSED received 1 response(s) and 0 exception(s):
2022-06-30 15:08:34,361 [s0@group-B70D0BCDD840-LeaderElection1] INFO  impl.LeaderElection (LeaderElection.java:logAndReturn(94)) -   Response 0: s0<-s2#0:OK-t0
2022-06-30 15:08:34,361 [s0@group-B70D0BCDD840-LeaderElection1] INFO  impl.LeaderElection (LeaderElection.java:askForVotes(312)) - s0@group-B70D0BCDD840-LeaderElection1 PRE_VOTE round 2: result PASSED
2022-06-30 15:08:34,365 [s0@group-B70D0BCDD840-LeaderElection1] INFO  impl.LeaderElection (LeaderElection.java:askForVotes(310)) - s0@group-B70D0BCDD840-LeaderElection1 ELECTION round 0: submit vote requests at term 1 for -1: [s0|rpc:localhost:45751|admin:localhost:32913|client:localhost:45073|dataStream:localhost:36663|priority:0, s1|rpc:localhost:36515|admin:localhost:36247|client:localhost:34351|dataStream:localhost:39477|priority:0, s2|rpc:localhost:32785|admin:localhost:38615|client:localhost:45737|dataStream:localhost:40173|priority:0], old=null
2022-06-30 15:08:34,372 [s2@group-B70D0BCDD840-LeaderElection2] INFO  impl.LeaderElection (LeaderElection.java:logAndReturn(90)) - s2@group-B70D0BCDD840-LeaderElection2: PRE_VOTE PASSED received 1 response(s) and 0 exception(s):
2022-06-30 15:08:34,372 [s2@group-B70D0BCDD840-LeaderElection2] INFO  impl.LeaderElection (LeaderElection.java:logAndReturn(94)) -   Response 0: s2<-s1#0:OK-t0
2022-06-30 15:08:34,372 [s2@group-B70D0BCDD840-LeaderElection2] INFO  impl.LeaderElection (LeaderElection.java:askForVotes(312)) - s2@group-B70D0BCDD840-LeaderElection2 PRE_VOTE round 2: result PASSED
2022-06-30 15:08:34,373 [s1@group-B70D0BCDD840-LeaderElection3] INFO  impl.LeaderElection (LeaderElection.java:logAndReturn(90)) - s1@group-B70D0BCDD840-LeaderElection3: PRE_VOTE PASSED received 1 response(s) and 0 exception(s):
2022-06-30 15:08:34,373 [s1@group-B70D0BCDD840-LeaderElection3] INFO  impl.LeaderElection (LeaderElection.java:logAndReturn(94)) -   Response 0: s1<-s2#0:OK-t0
2022-06-30 15:08:34,373 [s1@group-B70D0BCDD840-LeaderElection3] INFO  impl.LeaderElection (LeaderElection.java:askForVotes(312)) - s1@group-B70D0BCDD840-LeaderElection3 PRE_VOTE round 2: result PASSED
2022-06-30 15:08:34,375 [s1@group-B70D0BCDD840-LeaderElection3] INFO  impl.LeaderElection (LeaderElection.java:askForVotes(310)) - s1@group-B70D0BCDD840-LeaderElection3 ELECTION round 0: submit vote requests at term 1 for -1: [s0|rpc:localhost:45751|admin:localhost:32913|client:localhost:45073|dataStream:localhost:36663|priority:0, s1|rpc:localhost:36515|admin:localhost:36247|client:localhost:34351|dataStream:localhost:39477|priority:0, s2|rpc:localhost:32785|admin:localhost:38615|client:localhost:45737|dataStream:localhost:40173|priority:0], old=null
2022-06-30 15:08:34,376 [s2@group-B70D0BCDD840-LeaderElection2] INFO  impl.LeaderElection (LeaderElection.java:askForVotes(310)) - s2@group-B70D0BCDD840-LeaderElection2 ELECTION round 0: submit vote requests at term 1 for -1: [s0|rpc:localhost:45751|admin:localhost:32913|client:localhost:45073|dataStream:localhost:36663|priority:0, s1|rpc:localhost:36515|admin:localhost:36247|client:localhost:34351|dataStream:localhost:39477|priority:0, s2|rpc:localhost:32785|admin:localhost:38615|client:localhost:45737|dataStream:localhost:40173|priority:0], old=null
2022-06-30 15:08:34,380 [grpc-default-executor-9] INFO  server.RaftServer$Division (RaftServerImpl.java:requestVote(1152)) - s1@group-B70D0BCDD840: receive requestVote(ELECTION, s0, group-B70D0BCDD840, 1, (t:0, i:0))
2022-06-30 15:08:34,380 [grpc-default-executor-9] INFO  impl.VoteContext (VoteContext.java:log(48)) - s1@group-B70D0BCDD840-CANDIDATE: reject ELECTION from s0: already has voted for s1 at current term 1
2022-06-30 15:08:34,380 [grpc-default-executor-9] INFO  server.RaftServer$Division (RaftServerImpl.java:requestVote(1184)) - s1@group-B70D0BCDD840 replies to ELECTION vote request: s0<-s1#0:FAIL-t1. Peer's state: s1@group-B70D0BCDD840:t1, leader=null, voted=s1, raftlog=s1@group-B70D0BCDD840-SegmentedRaftLog:OPENED:c-1, conf=-1: [s0|rpc:localhost:45751|admin:localhost:32913|client:localhost:45073|dataStream:localhost:36663|priority:0, s1|rpc:localhost:36515|admin:localhost:36247|client:localhost:34351|dataStream:localhost:39477|priority:0, s2|rpc:localhost:32785|admin:localhost:38615|client:localhost:45737|dataStream:localhost:40173|priority:0], old=null
2022-06-30 15:08:34,385 [grpc-default-executor-9] INFO  server.RaftServer$Division (RaftServerImpl.java:requestVote(1152)) - s2@group-B70D0BCDD840: receive requestVote(ELECTION, s1, group-B70D0BCDD840, 1, (t:0, i:0))
2022-06-30 15:08:34,385 [grpc-default-executor-9] INFO  impl.VoteContext (VoteContext.java:log(48)) - s2@group-B70D0BCDD840-CANDIDATE: reject ELECTION from s1: already has voted for s2 at current term 1
2022-06-30 15:08:34,385 [grpc-default-executor-9] INFO  server.RaftServer$Division (RaftServerImpl.java:requestVote(1184)) - s2@group-B70D0BCDD840 replies to ELECTION vote request: s1<-s2#0:FAIL-t1. Peer's state: s2@group-B70D0BCDD840:t1, leader=null, voted=s2, raftlog=s2@group-B70D0BCDD840-SegmentedRaftLog:OPENED:c-1, conf=-1: [s0|rpc:localhost:45751|admin:localhost:32913|client:localhost:45073|dataStream:localhost:36663|priority:0, s1|rpc:localhost:36515|admin:localhost:36247|client:localhost:34351|dataStream:localhost:39477|priority:0, s2|rpc:localhost:32785|admin:localhost:38615|client:localhost:45737|dataStream:localhost:40173|priority:0], old=null
2022-06-30 15:08:34,397 [grpc-default-executor-9] INFO  server.RaftServer$Division (RaftServerImpl.java:requestVote(1152)) - s1@group-B70D0BCDD840: receive requestVote(ELECTION, s2, group-B70D0BCDD840, 1, (t:0, i:0))
2022-06-30 15:08:34,397 [grpc-default-executor-9] INFO  impl.VoteContext (VoteContext.java:log(48)) - s1@group-B70D0BCDD840-CANDIDATE: reject ELECTION from s2: already has voted for s1 at current term 1
2022-06-30 15:08:34,397 [grpc-default-executor-8] INFO  server.RaftServer$Division (RaftServerImpl.java:requestVote(1152)) - s0@group-B70D0BCDD840: receive requestVote(ELECTION, s1, group-B70D0BCDD840, 1, (t:0, i:0))
2022-06-30 15:08:34,398 [grpc-default-executor-9] INFO  server.RaftServer$Division (RaftServerImpl.java:requestVote(1184)) - s1@group-B70D0BCDD840 replies to ELECTION vote request: s2<-s1#0:FAIL-t1. Peer's state: s1@group-B70D0BCDD840:t1, leader=null, voted=s1, raftlog=s1@group-B70D0BCDD840-SegmentedRaftLog:OPENED:c-1, conf=-1: [s0|rpc:localhost:45751|admin:localhost:32913|client:localhost:45073|dataStream:localhost:36663|priority:0, s1|rpc:localhost:36515|admin:localhost:36247|client:localhost:34351|dataStream:localhost:39477|priority:0, s2|rpc:localhost:32785|admin:localhost:38615|client:localhost:45737|dataStream:localhost:40173|priority:0], old=null
2022-06-30 15:08:34,398 [grpc-default-executor-8] INFO  impl.VoteContext (VoteContext.java:log(48)) - s0@group-B70D0BCDD840-CANDIDATE: reject ELECTION from s1: already has voted for s0 at current term 1
2022-06-30 15:08:34,398 [grpc-default-executor-8] INFO  server.RaftServer$Division (RaftServerImpl.java:requestVote(1184)) - s0@group-B70D0BCDD840 replies to ELECTION vote request: s1<-s0#0:FAIL-t1. Peer's state: s0@group-B70D0BCDD840:t1, leader=null, voted=s0, raftlog=s0@group-B70D0BCDD840-SegmentedRaftLog:OPENED:c-1, conf=-1: [s0|rpc:localhost:45751|admin:localhost:32913|client:localhost:45073|dataStream:localhost:36663|priority:0, s1|rpc:localhost:36515|admin:localhost:36247|client:localhost:34351|dataStream:localhost:39477|priority:0, s2|rpc:localhost:32785|admin:localhost:38615|client:localhost:45737|dataStream:localhost:40173|priority:0], old=null
2022-06-30 15:08:34,401 [grpc-default-executor-0] INFO  server.RaftServer$Division (RaftServerImpl.java:requestVote(1152)) - s0@group-B70D0BCDD840: receive requestVote(ELECTION, s2, group-B70D0BCDD840, 1, (t:0, i:0))
2022-06-30 15:08:34,401 [grpc-default-executor-0] INFO  impl.VoteContext (VoteContext.java:log(48)) - s0@group-B70D0BCDD840-CANDIDATE: reject ELECTION from s2: already has voted for s0 at current term 1
2022-06-30 15:08:34,401 [grpc-default-executor-9] INFO  server.RaftServer$Division (RaftServerImpl.java:requestVote(1152)) - s2@group-B70D0BCDD840: receive requestVote(ELECTION, s0, group-B70D0BCDD840, 1, (t:0, i:0))
2022-06-30 15:08:34,401 [grpc-default-executor-0] INFO  server.RaftServer$Division (RaftServerImpl.java:requestVote(1184)) - s0@group-B70D0BCDD840 replies to ELECTION vote request: s2<-s0#0:FAIL-t1. Peer's state: s0@group-B70D0BCDD840:t1, leader=null, voted=s0, raftlog=s0@group-B70D0BCDD840-SegmentedRaftLog:OPENED:c-1, conf=-1: [s0|rpc:localhost:45751|admin:localhost:32913|client:localhost:45073|dataStream:localhost:36663|priority:0, s1|rpc:localhost:36515|admin:localhost:36247|client:localhost:34351|dataStream:localhost:39477|priority:0, s2|rpc:localhost:32785|admin:localhost:38615|client:localhost:45737|dataStream:localhost:40173|priority:0], old=null
2022-06-30 15:08:34,401 [grpc-default-executor-9] INFO  impl.VoteContext (VoteContext.java:log(48)) - s2@group-B70D0BCDD840-CANDIDATE: reject ELECTION from s0: already has voted for s2 at current term 1
2022-06-30 15:08:34,402 [grpc-default-executor-9] INFO  server.RaftServer$Division (RaftServerImpl.java:requestVote(1184)) - s2@group-B70D0BCDD840 replies to ELECTION vote request: s0<-s2#0:FAIL-t1. Peer's state: s2@group-B70D0BCDD840:t1, leader=null, voted=s2, raftlog=s2@group-B70D0BCDD840-SegmentedRaftLog:OPENED:c-1, conf=-1: [s0|rpc:localhost:45751|admin:localhost:32913|client:localhost:45073|dataStream:localhost:36663|priority:0, s1|rpc:localhost:36515|admin:localhost:36247|client:localhost:34351|dataStream:localhost:39477|priority:0, s2|rpc:localhost:32785|admin:localhost:38615|client:localhost:45737|dataStream:localhost:40173|priority:0], old=null
2022-06-30 15:08:34,406 [s0@group-B70D0BCDD840-LeaderElection1] INFO  impl.LeaderElection (LeaderElection.java:logAndReturn(90)) - s0@group-B70D0BCDD840-LeaderElection1: ELECTION REJECTED received 2 response(s) and 0 exception(s):
2022-06-30 15:08:34,406 [s0@group-B70D0BCDD840-LeaderElection1] INFO  impl.LeaderElection (LeaderElection.java:logAndReturn(94)) -   Response 0: s0<-s1#0:FAIL-t1
2022-06-30 15:08:34,406 [s0@group-B70D0BCDD840-LeaderElection1] INFO  impl.LeaderElection (LeaderElection.java:logAndReturn(94)) -   Response 1: s0<-s2#0:FAIL-t1
2022-06-30 15:08:34,406 [s0@group-B70D0BCDD840-LeaderElection1] INFO  impl.LeaderElection (LeaderElection.java:askForVotes(312)) - s0@group-B70D0BCDD840-LeaderElection1 ELECTION round 0: result REJECTED
2022-06-30 15:08:34,407 [s0@group-B70D0BCDD840-LeaderElection1] INFO  server.RaftServer$Division (RaftServerImpl.java:setRole(299)) - s0@group-B70D0BCDD840: changes role from CANDIDATE to FOLLOWER at term 1 for REJECTED
2022-06-30 15:08:34,407 [s0@group-B70D0BCDD840-LeaderElection1] INFO  impl.RoleInfo (RoleInfo.java:shutdownLeaderElection(130)) - s0: shutdown s0@group-B70D0BCDD840-LeaderElection1
2022-06-30 15:08:34,408 [s1@group-B70D0BCDD840-LeaderElection3] INFO  impl.LeaderElection (LeaderElection.java:logAndReturn(90)) - s1@group-B70D0BCDD840-LeaderElection3: ELECTION REJECTED received 2 response(s) and 0 exception(s):
2022-06-30 15:08:34,408 [s1@group-B70D0BCDD840-LeaderElection3] INFO  impl.LeaderElection (LeaderElection.java:logAndReturn(94)) -   Response 0: s1<-s0#0:FAIL-t1
2022-06-30 15:08:34,408 [s1@group-B70D0BCDD840-LeaderElection3] INFO  impl.LeaderElection (LeaderElection.java:logAndReturn(94)) -   Response 1: s1<-s2#0:FAIL-t1
2022-06-30 15:08:34,408 [s1@group-B70D0BCDD840-LeaderElection3] INFO  impl.LeaderElection (LeaderElection.java:askForVotes(312)) - s1@group-B70D0BCDD840-LeaderElection3 ELECTION round 0: result REJECTED
2022-06-30 15:08:34,408 [s1@group-B70D0BCDD840-LeaderElection3] INFO  server.RaftServer$Division (RaftServerImpl.java:setRole(299)) - s1@group-B70D0BCDD840: changes role from CANDIDATE to FOLLOWER at term 1 for REJECTED
2022-06-30 15:08:34,408 [s1@group-B70D0BCDD840-LeaderElection3] INFO  impl.RoleInfo (RoleInfo.java:shutdownLeaderElection(130)) - s1: shutdown s1@group-B70D0BCDD840-LeaderElection3
2022-06-30 15:08:34,409 [s1@group-B70D0BCDD840-LeaderElection3] INFO  impl.RoleInfo (RoleInfo.java:updateAndGet(139)) - s1: start s1@group-B70D0BCDD840-FollowerState
2022-06-30 15:08:34,409 [s2@group-B70D0BCDD840-LeaderElection2] INFO  impl.LeaderElection (LeaderElection.java:logAndReturn(90)) - s2@group-B70D0BCDD840-LeaderElection2: ELECTION REJECTED received 2 response(s) and 0 exception(s):
2022-06-30 15:08:34,409 [s2@group-B70D0BCDD840-LeaderElection2] INFO  impl.LeaderElection (LeaderElection.java:logAndReturn(94)) -   Response 0: s2<-s0#0:FAIL-t1
2022-06-30 15:08:34,409 [s2@group-B70D0BCDD840-LeaderElection2] INFO  impl.LeaderElection (LeaderElection.java:logAndReturn(94)) -   Response 1: s2<-s1#0:FAIL-t1
2022-06-30 15:08:34,411 [s0@group-B70D0BCDD840-LeaderElection1] INFO  impl.RoleInfo (RoleInfo.java:updateAndGet(139)) - s0: start s0@group-B70D0BCDD840-FollowerState
2022-06-30 15:08:34,413 [s2@group-B70D0BCDD840-LeaderElection2] INFO  impl.LeaderElection (LeaderElection.java:askForVotes(312)) - s2@group-B70D0BCDD840-LeaderElection2 ELECTION round 0: result REJECTED
2022-06-30 15:08:34,414 [s2@group-B70D0BCDD840-LeaderElection2] INFO  server.RaftServer$Division (RaftServerImpl.java:setRole(299)) - s2@group-B70D0BCDD840: changes role from CANDIDATE to FOLLOWER at term 1 for REJECTED
2022-06-30 15:08:34,414 [s2@group-B70D0BCDD840-LeaderElection2] INFO  impl.RoleInfo (RoleInfo.java:shutdownLeaderElection(130)) - s2: shutdown s2@group-B70D0BCDD840-LeaderElection2
2022-06-30 15:08:34,414 [s2@group-B70D0BCDD840-LeaderElection2] INFO  impl.RoleInfo (RoleInfo.java:updateAndGet(139)) - s2: start s2@group-B70D0BCDD840-FollowerState
2022-06-30 15:08:34,450 [Time-limited test] WARN  ratis.RaftTestUtil (JavaUtils.java:attempt(172)) - FAILED "waitForLeader-null-(expectLeader? true)", attempt #3/100: java.lang.IllegalStateException: No leader yet : printing ALL groups
  s0:  RUNNING  FOLLOWER s0@group-B70D0BCDD840:t1, leader=null, voted=s0, raftlog=s0@group-B70D0BCDD840-SegmentedRaftLog:OPENED:c-1, conf=-1: [s0|rpc:localhost:45751|admin:localhost:32913|client:localhost:45073|dataStream:localhost:36663|priority:0, s1|rpc:localhost:36515|admin:localhost:36247|client:localhost:34351|dataStream:localhost:39477|priority:0, s2|rpc:localhost:32785|admin:localhost:38615|client:localhost:45737|dataStream:localhost:40173|priority:0], old=null RUNNING
  s1:  RUNNING  FOLLOWER s1@group-B70D0BCDD840:t1, leader=null, voted=s1, raftlog=s1@group-B70D0BCDD840-SegmentedRaftLog:OPENED:c-1, conf=-1: [s0|rpc:localhost:45751|admin:localhost:32913|client:localhost:45073|dataStream:localhost:36663|priority:0, s1|rpc:localhost:36515|admin:localhost:36247|client:localhost:34351|dataStream:localhost:39477|priority:0, s2|rpc:localhost:32785|admin:localhost:38615|client:localhost:45737|dataStream:localhost:40173|priority:0], old=null RUNNING
  s2:  RUNNING  FOLLOWER s2@group-B70D0BCDD840:t1, leader=null, voted=s2, raftlog=s2@group-B70D0BCDD840-SegmentedRaftLog:OPENED:c-1, conf=-1: [s0|rpc:localhost:45751|admin:localhost:32913|client:localhost:45073|dataStream:localhost:36663|priority:0, s1|rpc:localhost:36515|admin:localhost:36247|client:localhost:34351|dataStream:localhost:39477|priority:0, s2|rpc:localhost:32785|admin:localhost:38615|client:localhost:45737|dataStream:localhost:40173|priority:0], old=null RUNNING, sleep 450ms and then retry.
java.lang.IllegalStateException: No leader yet : printing ALL groups
  s0:  RUNNING  FOLLOWER s0@group-B70D0BCDD840:t1, leader=null, voted=s0, raftlog=s0@group-B70D0BCDD840-SegmentedRaftLog:OPENED:c-1, conf=-1: [s0|rpc:localhost:45751|admin:localhost:32913|client:localhost:45073|dataStream:localhost:36663|priority:0, s1|rpc:localhost:36515|admin:localhost:36247|client:localhost:34351|dataStream:localhost:39477|priority:0, s2|rpc:localhost:32785|admin:localhost:38615|client:localhost:45737|dataStream:localhost:40173|priority:0], old=null RUNNING
  s1:  RUNNING  FOLLOWER s1@group-B70D0BCDD840:t1, leader=null, voted=s1, raftlog=s1@group-B70D0BCDD840-SegmentedRaftLog:OPENED:c-1, conf=-1: [s0|rpc:localhost:45751|admin:localhost:32913|client:localhost:45073|dataStream:localhost:36663|priority:0, s1|rpc:localhost:36515|admin:localhost:36247|client:localhost:34351|dataStream:localhost:39477|priority:0, s2|rpc:localhost:32785|admin:localhost:38615|client:localhost:45737|dataStream:localhost:40173|priority:0], old=null RUNNING
  s2:  RUNNING  FOLLOWER s2@group-B70D0BCDD840:t1, leader=null, voted=s2, raftlog=s2@group-B70D0BCDD840-SegmentedRaftLog:OPENED:c-1, conf=-1: [s0|rpc:localhost:45751|admin:localhost:32913|client:localhost:45073|dataStream:localhost:36663|priority:0, s1|rpc:localhost:36515|admin:localhost:36247|client:localhost:34351|dataStream:localhost:39477|priority:0, s2|rpc:localhost:32785|admin:localhost:38615|client:localhost:45737|dataStream:localhost:40173|priority:0], old=null RUNNING
	at org.apache.ratis.server.impl.MiniRaftCluster.newIllegalStateExceptionForNoLeaders(MiniRaftCluster.java:533)
	at org.apache.ratis.RaftTestUtil.lambda$waitForLeader$1(RaftTestUtil.java:104)
	at org.apache.ratis.server.impl.MiniRaftCluster.getLeader(MiniRaftCluster.java:567)
	at org.apache.ratis.server.impl.MiniRaftCluster.getLeader(MiniRaftCluster.java:560)
	at org.apache.ratis.RaftTestUtil.lambda$waitForLeader$3(RaftTestUtil.java:112)
	at org.apache.ratis.util.JavaUtils.attempt(JavaUtils.java:166)
	at org.apache.ratis.util.JavaUtils.attemptRepeatedly(JavaUtils.java:152)
	at org.apache.ratis.RaftTestUtil.waitForLeader(RaftTestUtil.java:111)
	at org.apache.ratis.RaftTestUtil.waitForLeader(RaftTestUtil.java:92)
	at org.apache.ratis.RaftTestUtil.waitForLeader(RaftTestUtil.java:87)
	at org.apache.ratis.grpc.TestRaftServerWithGrpc.testRaftClientRequestMetrics(TestRaftServerWithGrpc.java:304)
	at org.apache.ratis.server.impl.MiniRaftCluster$Factory$Get.runWithNewCluster(MiniRaftCluster.java:125)
	at org.apache.ratis.server.impl.MiniRaftCluster$Factory$Get.runWithNewCluster(MiniRaftCluster.java:113)
	at org.apache.ratis.grpc.TestRaftServerWithGrpc.testRaftClientMetrics(TestRaftServerWithGrpc.java:209)
	at sun.reflect.NativeMethodAccessorImpl.invoke0(Native Method)
	at sun.reflect.NativeMethodAccessorImpl.invoke(NativeMethodAccessorImpl.java:62)
	at sun.reflect.DelegatingMethodAccessorImpl.invoke(DelegatingMethodAccessorImpl.java:43)
	at java.lang.reflect.Method.invoke(Method.java:498)
	at org.junit.runners.model.FrameworkMethod$1.runReflectiveCall(FrameworkMethod.java:59)
	at org.junit.internal.runners.model.ReflectiveCallable.run(ReflectiveCallable.java:12)
	at org.junit.runners.model.FrameworkMethod.invokeExplosively(FrameworkMethod.java:56)
	at org.junit.internal.runners.statements.InvokeMethod.evaluate(InvokeMethod.java:17)
	at org.junit.internal.runners.statements.RunBefores.evaluate(RunBefores.java:26)
	at org.junit.internal.runners.statements.RunAfters.evaluate(RunAfters.java:27)
	at org.junit.internal.runners.statements.FailOnTimeout$CallableStatement.call(FailOnTimeout.java:299)
	at org.junit.internal.runners.statements.FailOnTimeout$CallableStatement.call(FailOnTimeout.java:293)
	at java.util.concurrent.FutureTask.run(FutureTask.java:266)
	at java.lang.Thread.run(Thread.java:750)
2022-06-30 15:08:34,589 [s0@group-B70D0BCDD840-FollowerState] INFO  impl.FollowerState (FollowerState.java:run(143)) - s0@group-B70D0BCDD840-FollowerState: change to CANDIDATE, lastRpcElapsedTime:177146006ns, electionTimeout:174ms
2022-06-30 15:08:34,589 [s0@group-B70D0BCDD840-FollowerState] INFO  impl.RoleInfo (RoleInfo.java:shutdownFollowerState(110)) - s0: shutdown s0@group-B70D0BCDD840-FollowerState
2022-06-30 15:08:34,589 [s0@group-B70D0BCDD840-FollowerState] INFO  server.RaftServer$Division (RaftServerImpl.java:setRole(299)) - s0@group-B70D0BCDD840: changes role from  FOLLOWER to CANDIDATE at term 1 for changeToCandidate
2022-06-30 15:08:34,589 [s0@group-B70D0BCDD840-FollowerState] INFO  server.RaftServerConfigKeys (ConfUtils.java:logGet(46)) - raft.server.leaderelection.pre-vote = true (default)
2022-06-30 15:08:34,590 [s0@group-B70D0BCDD840-FollowerState] INFO  impl.RoleInfo (RoleInfo.java:updateAndGet(139)) - s0: start s0@group-B70D0BCDD840-LeaderElection4
2022-06-30 15:08:34,590 [s0@group-B70D0BCDD840-LeaderElection4] INFO  impl.LeaderElection (LeaderElection.java:askForVotes(310)) - s0@group-B70D0BCDD840-LeaderElection4 PRE_VOTE round 0: submit vote requests at term 1 for -1: [s0|rpc:localhost:45751|admin:localhost:32913|client:localhost:45073|dataStream:localhost:36663|priority:0, s1|rpc:localhost:36515|admin:localhost:36247|client:localhost:34351|dataStream:localhost:39477|priority:0, s2|rpc:localhost:32785|admin:localhost:38615|client:localhost:45737|dataStream:localhost:40173|priority:0], old=null
2022-06-30 15:08:34,596 [s2@group-B70D0BCDD840-FollowerState] INFO  impl.FollowerState (FollowerState.java:run(143)) - s2@group-B70D0BCDD840-FollowerState: change to CANDIDATE, lastRpcElapsedTime:182404232ns, electionTimeout:180ms
2022-06-30 15:08:34,596 [s2@group-B70D0BCDD840-FollowerState] INFO  impl.RoleInfo (RoleInfo.java:shutdownFollowerState(110)) - s2: shutdown s2@group-B70D0BCDD840-FollowerState
2022-06-30 15:08:34,597 [s2@group-B70D0BCDD840-FollowerState] INFO  server.RaftServer$Division (RaftServerImpl.java:setRole(299)) - s2@group-B70D0BCDD840: changes role from  FOLLOWER to CANDIDATE at term 1 for changeToCandidate
2022-06-30 15:08:34,597 [s2@group-B70D0BCDD840-FollowerState] INFO  server.RaftServerConfigKeys (ConfUtils.java:logGet(46)) - raft.server.leaderelection.pre-vote = true (default)
2022-06-30 15:08:34,597 [s2@group-B70D0BCDD840-FollowerState] INFO  impl.RoleInfo (RoleInfo.java:updateAndGet(139)) - s2: start s2@group-B70D0BCDD840-LeaderElection5
2022-06-30 15:08:34,597 [grpc-default-executor-9] INFO  server.RaftServer$Division (RaftServerImpl.java:requestVote(1152)) - s1@group-B70D0BCDD840: receive requestVote(PRE_VOTE, s0, group-B70D0BCDD840, 1, (t:0, i:0))
2022-06-30 15:08:34,598 [grpc-default-executor-9] INFO  impl.VoteContext (VoteContext.java:log(48)) - s1@group-B70D0BCDD840-FOLLOWER: accept PRE_VOTE from s0: our priority 0 <= candidate's priority 0
2022-06-30 15:08:34,600 [grpc-default-executor-0] INFO  server.RaftServer$Division (RaftServerImpl.java:requestVote(1152)) - s2@group-B70D0BCDD840: receive requestVote(PRE_VOTE, s0, group-B70D0BCDD840, 1, (t:0, i:0))
2022-06-30 15:08:34,601 [grpc-default-executor-9] INFO  server.RaftServer$Division (RaftServerImpl.java:requestVote(1184)) - s1@group-B70D0BCDD840 replies to PRE_VOTE vote request: s0<-s1#0:OK-t1. Peer's state: s1@group-B70D0BCDD840:t1, leader=null, voted=s1, raftlog=s1@group-B70D0BCDD840-SegmentedRaftLog:OPENED:c-1, conf=-1: [s0|rpc:localhost:45751|admin:localhost:32913|client:localhost:45073|dataStream:localhost:36663|priority:0, s1|rpc:localhost:36515|admin:localhost:36247|client:localhost:34351|dataStream:localhost:39477|priority:0, s2|rpc:localhost:32785|admin:localhost:38615|client:localhost:45737|dataStream:localhost:40173|priority:0], old=null
2022-06-30 15:08:34,607 [grpc-default-executor-0] INFO  impl.VoteContext (VoteContext.java:log(48)) - s2@group-B70D0BCDD840-CANDIDATE: accept PRE_VOTE from s0: our priority 0 <= candidate's priority 0
2022-06-30 15:08:34,607 [grpc-default-executor-0] INFO  server.RaftServer$Division (RaftServerImpl.java:requestVote(1184)) - s2@group-B70D0BCDD840 replies to PRE_VOTE vote request: s0<-s2#0:OK-t1. Peer's state: s2@group-B70D0BCDD840:t1, leader=null, voted=s2, raftlog=s2@group-B70D0BCDD840-SegmentedRaftLog:OPENED:c-1, conf=-1: [s0|rpc:localhost:45751|admin:localhost:32913|client:localhost:45073|dataStream:localhost:36663|priority:0, s1|rpc:localhost:36515|admin:localhost:36247|client:localhost:34351|dataStream:localhost:39477|priority:0, s2|rpc:localhost:32785|admin:localhost:38615|client:localhost:45737|dataStream:localhost:40173|priority:0], old=null
2022-06-30 15:08:34,608 [s0@group-B70D0BCDD840-LeaderElection4] INFO  impl.LeaderElection (LeaderElection.java:logAndReturn(90)) - s0@group-B70D0BCDD840-LeaderElection4: PRE_VOTE PASSED received 1 response(s) and 0 exception(s):
2022-06-30 15:08:34,608 [s0@group-B70D0BCDD840-LeaderElection4] INFO  impl.LeaderElection (LeaderElection.java:logAndReturn(94)) -   Response 0: s0<-s1#0:OK-t1
2022-06-30 15:08:34,609 [s0@group-B70D0BCDD840-LeaderElection4] INFO  impl.LeaderElection (LeaderElection.java:askForVotes(312)) - s0@group-B70D0BCDD840-LeaderElection4 PRE_VOTE round 0: result PASSED
2022-06-30 15:08:34,609 [s2@group-B70D0BCDD840-LeaderElection5] INFO  impl.LeaderElection (LeaderElection.java:askForVotes(310)) - s2@group-B70D0BCDD840-LeaderElection5 PRE_VOTE round 0: submit vote requests at term 1 for -1: [s0|rpc:localhost:45751|admin:localhost:32913|client:localhost:45073|dataStream:localhost:36663|priority:0, s1|rpc:localhost:36515|admin:localhost:36247|client:localhost:34351|dataStream:localhost:39477|priority:0, s2|rpc:localhost:32785|admin:localhost:38615|client:localhost:45737|dataStream:localhost:40173|priority:0], old=null
2022-06-30 15:08:34,611 [s0@group-B70D0BCDD840-LeaderElection4] INFO  impl.LeaderElection (LeaderElection.java:askForVotes(310)) - s0@group-B70D0BCDD840-LeaderElection4 ELECTION round 0: submit vote requests at term 2 for -1: [s0|rpc:localhost:45751|admin:localhost:32913|client:localhost:45073|dataStream:localhost:36663|priority:0, s1|rpc:localhost:36515|admin:localhost:36247|client:localhost:34351|dataStream:localhost:39477|priority:0, s2|rpc:localhost:32785|admin:localhost:38615|client:localhost:45737|dataStream:localhost:40173|priority:0], old=null
2022-06-30 15:08:34,616 [grpc-default-executor-0] INFO  server.RaftServer$Division (RaftServerImpl.java:requestVote(1152)) - s0@group-B70D0BCDD840: receive requestVote(PRE_VOTE, s2, group-B70D0BCDD840, 1, (t:0, i:0))
2022-06-30 15:08:34,616 [grpc-default-executor-0] INFO  impl.VoteContext (VoteContext.java:log(48)) - s0@group-B70D0BCDD840-CANDIDATE: accept PRE_VOTE from s2: our priority 0 <= candidate's priority 0
2022-06-30 15:08:34,616 [grpc-default-executor-0] INFO  server.RaftServer$Division (RaftServerImpl.java:requestVote(1184)) - s0@group-B70D0BCDD840 replies to PRE_VOTE vote request: s2<-s0#0:OK-t2. Peer's state: s0@group-B70D0BCDD840:t2, leader=null, voted=s0, raftlog=s0@group-B70D0BCDD840-SegmentedRaftLog:OPENED:c-1, conf=-1: [s0|rpc:localhost:45751|admin:localhost:32913|client:localhost:45073|dataStream:localhost:36663|priority:0, s1|rpc:localhost:36515|admin:localhost:36247|client:localhost:34351|dataStream:localhost:39477|priority:0, s2|rpc:localhost:32785|admin:localhost:38615|client:localhost:45737|dataStream:localhost:40173|priority:0], old=null
2022-06-30 15:08:34,622 [grpc-default-executor-0] INFO  server.RaftServer$Division (RaftServerImpl.java:requestVote(1152)) - s1@group-B70D0BCDD840: receive requestVote(ELECTION, s0, group-B70D0BCDD840, 2, (t:0, i:0))
2022-06-30 15:08:34,622 [grpc-default-executor-0] INFO  impl.VoteContext (VoteContext.java:log(48)) - s1@group-B70D0BCDD840-FOLLOWER: accept ELECTION from s0: our priority 0 <= candidate's priority 0
2022-06-30 15:08:34,622 [grpc-default-executor-0] INFO  server.RaftServer$Division (RaftServerImpl.java:setRole(299)) - s1@group-B70D0BCDD840: changes role from  FOLLOWER to FOLLOWER at term 2 for candidate:s0
2022-06-30 15:08:34,623 [grpc-default-executor-0] INFO  impl.RoleInfo (RoleInfo.java:shutdownFollowerState(110)) - s1: shutdown s1@group-B70D0BCDD840-FollowerState
2022-06-30 15:08:34,624 [s2@group-B70D0BCDD840-LeaderElection5] INFO  impl.LeaderElection (LeaderElection.java:logAndReturn(90)) - s2@group-B70D0BCDD840-LeaderElection5: PRE_VOTE DISCOVERED_A_NEW_TERM (term=2) received 1 response(s) and 0 exception(s):
2022-06-30 15:08:34,624 [s2@group-B70D0BCDD840-LeaderElection5] INFO  impl.LeaderElection (LeaderElection.java:logAndReturn(94)) -   Response 0: s2<-s0#0:OK-t2
2022-06-30 15:08:34,625 [s2@group-B70D0BCDD840-LeaderElection5] INFO  impl.LeaderElection (LeaderElection.java:askForVotes(312)) - s2@group-B70D0BCDD840-LeaderElection5 PRE_VOTE round 0: result DISCOVERED_A_NEW_TERM (term=2)
2022-06-30 15:08:34,625 [s2@group-B70D0BCDD840-LeaderElection5] INFO  server.RaftServer$Division (RaftServerImpl.java:setRole(299)) - s2@group-B70D0BCDD840: changes role from CANDIDATE to FOLLOWER at term 2 for DISCOVERED_A_NEW_TERM (term=2)
2022-06-30 15:08:34,625 [s2@group-B70D0BCDD840-LeaderElection5] INFO  impl.RoleInfo (RoleInfo.java:shutdownLeaderElection(130)) - s2: shutdown s2@group-B70D0BCDD840-LeaderElection5
2022-06-30 15:08:34,625 [s2@group-B70D0BCDD840-LeaderElection5] INFO  impl.RoleInfo (RoleInfo.java:updateAndGet(139)) - s2: start s2@group-B70D0BCDD840-FollowerState
2022-06-30 15:08:34,625 [grpc-default-executor-9] INFO  server.RaftServer$Division (RaftServerImpl.java:requestVote(1152)) - s2@group-B70D0BCDD840: receive requestVote(ELECTION, s0, group-B70D0BCDD840, 2, (t:0, i:0))
2022-06-30 15:08:34,625 [s1@group-B70D0BCDD840-FollowerState] INFO  impl.FollowerState (FollowerState.java:run(152)) - s1@group-B70D0BCDD840-FollowerState was interrupted
2022-06-30 15:08:34,625 [grpc-default-executor-0] INFO  impl.RoleInfo (RoleInfo.java:updateAndGet(139)) - s1: start s1@group-B70D0BCDD840-FollowerState
2022-06-30 15:08:34,628 [grpc-default-executor-8] INFO  server.RaftServer$Division (RaftServerImpl.java:requestVote(1152)) - s1@group-B70D0BCDD840: receive requestVote(PRE_VOTE, s2, group-B70D0BCDD840, 1, (t:0, i:0))
2022-06-30 15:08:34,630 [grpc-default-executor-9] INFO  impl.VoteContext (VoteContext.java:log(48)) - s2@group-B70D0BCDD840-FOLLOWER: accept ELECTION from s0: our priority 0 <= candidate's priority 0
2022-06-30 15:08:34,630 [grpc-default-executor-9] INFO  server.RaftServer$Division (RaftServerImpl.java:setRole(299)) - s2@group-B70D0BCDD840: changes role from  FOLLOWER to FOLLOWER at term 2 for candidate:s0
2022-06-30 15:08:34,630 [grpc-default-executor-9] INFO  impl.RoleInfo (RoleInfo.java:shutdownFollowerState(110)) - s2: shutdown s2@group-B70D0BCDD840-FollowerState
2022-06-30 15:08:34,630 [grpc-default-executor-9] INFO  impl.RoleInfo (RoleInfo.java:updateAndGet(139)) - s2: start s2@group-B70D0BCDD840-FollowerState
2022-06-30 15:08:34,631 [s2@group-B70D0BCDD840-FollowerState] INFO  impl.FollowerState (FollowerState.java:run(152)) - s2@group-B70D0BCDD840-FollowerState was interrupted
2022-06-30 15:08:34,633 [grpc-default-executor-0] INFO  server.RaftServer$Division (RaftServerImpl.java:requestVote(1184)) - s1@group-B70D0BCDD840 replies to ELECTION vote request: s0<-s1#0:OK-t2. Peer's state: s1@group-B70D0BCDD840:t2, leader=null, voted=s0, raftlog=s1@group-B70D0BCDD840-SegmentedRaftLog:OPENED:c-1, conf=-1: [s0|rpc:localhost:45751|admin:localhost:32913|client:localhost:45073|dataStream:localhost:36663|priority:0, s1|rpc:localhost:36515|admin:localhost:36247|client:localhost:34351|dataStream:localhost:39477|priority:0, s2|rpc:localhost:32785|admin:localhost:38615|client:localhost:45737|dataStream:localhost:40173|priority:0], old=null
2022-06-30 15:08:34,634 [grpc-default-executor-8] INFO  impl.VoteContext (VoteContext.java:log(48)) - s1@group-B70D0BCDD840-FOLLOWER: accept PRE_VOTE from s2: our priority 0 <= candidate's priority 0
2022-06-30 15:08:34,634 [grpc-default-executor-8] INFO  server.RaftServer$Division (RaftServerImpl.java:requestVote(1184)) - s1@group-B70D0BCDD840 replies to PRE_VOTE vote request: s2<-s1#0:OK-t2. Peer's state: s1@group-B70D0BCDD840:t2, leader=null, voted=s0, raftlog=s1@group-B70D0BCDD840-SegmentedRaftLog:OPENED:c-1, conf=-1: [s0|rpc:localhost:45751|admin:localhost:32913|client:localhost:45073|dataStream:localhost:36663|priority:0, s1|rpc:localhost:36515|admin:localhost:36247|client:localhost:34351|dataStream:localhost:39477|priority:0, s2|rpc:localhost:32785|admin:localhost:38615|client:localhost:45737|dataStream:localhost:40173|priority:0], old=null
2022-06-30 15:08:34,638 [s0@group-B70D0BCDD840-LeaderElection4] INFO  impl.LeaderElection (LeaderElection.java:logAndReturn(90)) - s0@group-B70D0BCDD840-LeaderElection4: ELECTION PASSED received 1 response(s) and 0 exception(s):
2022-06-30 15:08:34,638 [s0@group-B70D0BCDD840-LeaderElection4] INFO  impl.LeaderElection (LeaderElection.java:logAndReturn(94)) -   Response 0: s0<-s1#0:OK-t2
2022-06-30 15:08:34,638 [s0@group-B70D0BCDD840-LeaderElection4] INFO  impl.LeaderElection (LeaderElection.java:askForVotes(312)) - s0@group-B70D0BCDD840-LeaderElection4 ELECTION round 0: result PASSED
2022-06-30 15:08:34,639 [s0@group-B70D0BCDD840-LeaderElection4] INFO  impl.RoleInfo (RoleInfo.java:shutdownLeaderElection(130)) - s0: shutdown s0@group-B70D0BCDD840-LeaderElection4
2022-06-30 15:08:34,639 [s0@group-B70D0BCDD840-LeaderElection4] INFO  server.RaftServer$Division (RaftServerImpl.java:setRole(299)) - s0@group-B70D0BCDD840: changes role from CANDIDATE to LEADER at term 2 for changeToLeader
2022-06-30 15:08:34,639 [s0@group-B70D0BCDD840-LeaderElection4] INFO  server.RaftServer$Division (ServerState.java:setLeader(291)) - s0@group-B70D0BCDD840: change Leader from null to s0 at term 2 for becomeLeader, leader elected after 1476ms
2022-06-30 15:08:34,639 [grpc-default-executor-9] INFO  server.RaftServer$Division (RaftServerImpl.java:requestVote(1184)) - s2@group-B70D0BCDD840 replies to ELECTION vote request: s0<-s2#0:OK-t2. Peer's state: s2@group-B70D0BCDD840:t2, leader=null, voted=s0, raftlog=s2@group-B70D0BCDD840-SegmentedRaftLog:OPENED:c-1, conf=-1: [s0|rpc:localhost:45751|admin:localhost:32913|client:localhost:45073|dataStream:localhost:36663|priority:0, s1|rpc:localhost:36515|admin:localhost:36247|client:localhost:34351|dataStream:localhost:39477|priority:0, s2|rpc:localhost:32785|admin:localhost:38615|client:localhost:45737|dataStream:localhost:40173|priority:0], old=null
2022-06-30 15:08:34,647 [s0@group-B70D0BCDD840-LeaderElection4] INFO  server.RaftServerConfigKeys (ConfUtils.java:logGet(46)) - raft.server.staging.catchup.gap = 1000 (default)
2022-06-30 15:08:34,653 [s0@group-B70D0BCDD840-LeaderElection4] INFO  server.RaftServerConfigKeys (ConfUtils.java:logGet(46)) - raft.server.write.element-limit = 4096 (default)
2022-06-30 15:08:34,654 [s0@group-B70D0BCDD840-LeaderElection4] INFO  server.RaftServerConfigKeys (ConfUtils.java:logGet(46)) - raft.server.write.byte-limit = 64MB (=67108864) (default)
2022-06-30 15:08:34,663 [s0@group-B70D0BCDD840-LeaderElection4] INFO  server.RaftServerConfigKeys (ConfUtils.java:logGet(46)) - raft.server.watch.timeout = 10s (default)
2022-06-30 15:08:34,664 [s0@group-B70D0BCDD840-LeaderElection4] INFO  server.RaftServerConfigKeys (ConfUtils.java:logGet(46)) - raft.server.watch.timeout.denomination = 1s (default)
2022-06-30 15:08:34,665 [s0@group-B70D0BCDD840-LeaderElection4] INFO  server.RaftServerConfigKeys (ConfUtils.java:logGet(46)) - raft.server.watch.element-limit = 65536 (default)
2022-06-30 15:08:34,673 [s0@group-B70D0BCDD840-LeaderElection4] INFO  server.RaftServerConfigKeys (ConfUtils.java:logGet(46)) - raft.server.write.element-limit = 4096 (default)
2022-06-30 15:08:34,677 [s0@group-B70D0BCDD840-LeaderElection4] INFO  server.RaftServerConfigKeys (ConfUtils.java:logGet(46)) - raft.server.write.follower.gap.ratio.max = -1.0 (default)
2022-06-30 15:08:34,695 [s0@group-B70D0BCDD840-LeaderElection4] INFO  server.RaftServerConfigKeys (ConfUtils.java:logGet(46)) - raft.server.log.appender.snapshot.chunk.size.max = 16MB (=16777216) (default)
2022-06-30 15:08:34,695 [s0@group-B70D0BCDD840-LeaderElection4] INFO  server.RaftServerConfigKeys (ConfUtils.java:logGet(46)) - raft.server.log.appender.buffer.byte-limit = 4MB (=4194304) (default)
2022-06-30 15:08:34,696 [s0@group-B70D0BCDD840-LeaderElection4] INFO  server.RaftServerConfigKeys (ConfUtils.java:logGet(46)) - raft.server.log.appender.buffer.element-limit = 0 (default)
2022-06-30 15:08:34,700 [s0@group-B70D0BCDD840-LeaderElection4] INFO  grpc.GrpcConfigKeys (ConfUtils.java:logGet(46)) - raft.grpc.server.leader.outstanding.appends.max = 128 (default)
2022-06-30 15:08:34,701 [s0@group-B70D0BCDD840-LeaderElection4] INFO  server.RaftServerConfigKeys (ConfUtils.java:logGet(46)) - raft.server.rpc.request.timeout = 3000ms (default)
2022-06-30 15:08:34,701 [s0@group-B70D0BCDD840-LeaderElection4] INFO  server.RaftServerConfigKeys (ConfUtils.java:logGet(46)) - raft.server.log.appender.install.snapshot.enabled = true (default)
2022-06-30 15:08:34,704 [s0@group-B70D0BCDD840-LeaderElection4] INFO  server.RaftServerConfigKeys (ConfUtils.java:logGet(46)) - raft.server.log.appender.snapshot.chunk.size.max = 16MB (=16777216) (default)
2022-06-30 15:08:34,704 [s0@group-B70D0BCDD840-LeaderElection4] INFO  server.RaftServerConfigKeys (ConfUtils.java:logGet(46)) - raft.server.log.appender.buffer.byte-limit = 4MB (=4194304) (default)
2022-06-30 15:08:34,704 [s0@group-B70D0BCDD840-LeaderElection4] INFO  server.RaftServerConfigKeys (ConfUtils.java:logGet(46)) - raft.server.log.appender.buffer.element-limit = 0 (default)
2022-06-30 15:08:34,704 [s0@group-B70D0BCDD840-LeaderElection4] INFO  grpc.GrpcConfigKeys (ConfUtils.java:logGet(46)) - raft.grpc.server.leader.outstanding.appends.max = 128 (default)
2022-06-30 15:08:34,705 [s0@group-B70D0BCDD840-LeaderElection4] INFO  server.RaftServerConfigKeys (ConfUtils.java:logGet(46)) - raft.server.rpc.request.timeout = 3000ms (default)
2022-06-30 15:08:34,705 [s0@group-B70D0BCDD840-LeaderElection4] INFO  server.RaftServerConfigKeys (ConfUtils.java:logGet(46)) - raft.server.log.appender.install.snapshot.enabled = true (default)
2022-06-30 15:08:34,707 [s0@group-B70D0BCDD840-LeaderElection4] INFO  impl.RoleInfo (RoleInfo.java:updateAndGet(139)) - s0: start s0@group-B70D0BCDD840-LeaderStateImpl
2022-06-30 15:08:34,730 [s0@group-B70D0BCDD840-LeaderElection4] INFO  segmented.SegmentedRaftLogWorker (SegmentedRaftLogWorker.java:startLogSegment(425)) - s0@group-B70D0BCDD840-SegmentedRaftLogWorker: Starting segment from index:0
2022-06-30 15:08:34,765 [s0@group-B70D0BCDD840-LeaderElection4] INFO  server.RaftServer$Division (ServerState.java:setRaftConf(397)) - s0@group-B70D0BCDD840: set configuration 0: [s0|rpc:localhost:45751|admin:localhost:32913|client:localhost:45073|dataStream:localhost:36663|priority:0, s1|rpc:localhost:36515|admin:localhost:36247|client:localhost:34351|dataStream:localhost:39477|priority:0, s2|rpc:localhost:32785|admin:localhost:38615|client:localhost:45737|dataStream:localhost:40173|priority:0], old=null
2022-06-30 15:08:34,821 [s2-server-thread1] INFO  server.RaftServer$Division (ServerState.java:setLeader(291)) - s2@group-B70D0BCDD840: change Leader from null to s0 at term 2 for appendEntries, leader elected after 1659ms
2022-06-30 15:08:34,823 [s1-server-thread1] INFO  server.RaftServer$Division (ServerState.java:setLeader(291)) - s1@group-B70D0BCDD840: change Leader from null to s0 at term 2 for appendEntries, leader elected after 1660ms
2022-06-30 15:08:34,836 [s2-server-thread1] INFO  server.RaftServer$Division (ServerState.java:setRaftConf(397)) - s2@group-B70D0BCDD840: set configuration 0: [s0|rpc:localhost:45751|admin:localhost:32913|client:localhost:45073|dataStream:localhost:36663|priority:0, s1|rpc:localhost:36515|admin:localhost:36247|client:localhost:34351|dataStream:localhost:39477|priority:0, s2|rpc:localhost:32785|admin:localhost:38615|client:localhost:45737|dataStream:localhost:40173|priority:0], old=null
2022-06-30 15:08:34,846 [s2-server-thread1] INFO  segmented.SegmentedRaftLogWorker (SegmentedRaftLogWorker.java:startLogSegment(425)) - s2@group-B70D0BCDD840-SegmentedRaftLogWorker: Starting segment from index:0
2022-06-30 15:08:34,864 [s1-server-thread2] INFO  server.RaftServer$Division (ServerState.java:setRaftConf(397)) - s1@group-B70D0BCDD840: set configuration 0: [s0|rpc:localhost:45751|admin:localhost:32913|client:localhost:45073|dataStream:localhost:36663|priority:0, s1|rpc:localhost:36515|admin:localhost:36247|client:localhost:34351|dataStream:localhost:39477|priority:0, s2|rpc:localhost:32785|admin:localhost:38615|client:localhost:45737|dataStream:localhost:40173|priority:0], old=null
2022-06-30 15:08:34,865 [s1-server-thread2] INFO  segmented.SegmentedRaftLogWorker (SegmentedRaftLogWorker.java:startLogSegment(425)) - s1@group-B70D0BCDD840-SegmentedRaftLogWorker: Starting segment from index:0
2022-06-30 15:08:34,901 [Time-limited test] WARN  ratis.RaftTestUtil (JavaUtils.java:attempt(172)) - FAILED "waitForLeader-null-(expectLeader? true)", attempt #4/100: java.lang.IllegalStateException: Leader: s0@group-B70D0BCDD840 not ready, sleep 450ms and then retry.
java.lang.IllegalStateException: Leader: s0@group-B70D0BCDD840 not ready
	at org.apache.ratis.RaftTestUtil.lambda$waitForLeader$3(RaftTestUtil.java:114)
	at org.apache.ratis.util.JavaUtils.attempt(JavaUtils.java:166)
	at org.apache.ratis.util.JavaUtils.attemptRepeatedly(JavaUtils.java:152)
	at org.apache.ratis.RaftTestUtil.waitForLeader(RaftTestUtil.java:111)
	at org.apache.ratis.RaftTestUtil.waitForLeader(RaftTestUtil.java:92)
	at org.apache.ratis.RaftTestUtil.waitForLeader(RaftTestUtil.java:87)
	at org.apache.ratis.grpc.TestRaftServerWithGrpc.testRaftClientRequestMetrics(TestRaftServerWithGrpc.java:304)
	at org.apache.ratis.server.impl.MiniRaftCluster$Factory$Get.runWithNewCluster(MiniRaftCluster.java:125)
	at org.apache.ratis.server.impl.MiniRaftCluster$Factory$Get.runWithNewCluster(MiniRaftCluster.java:113)
	at org.apache.ratis.grpc.TestRaftServerWithGrpc.testRaftClientMetrics(TestRaftServerWithGrpc.java:209)
	at sun.reflect.NativeMethodAccessorImpl.invoke0(Native Method)
	at sun.reflect.NativeMethodAccessorImpl.invoke(NativeMethodAccessorImpl.java:62)
	at sun.reflect.DelegatingMethodAccessorImpl.invoke(DelegatingMethodAccessorImpl.java:43)
	at java.lang.reflect.Method.invoke(Method.java:498)
	at org.junit.runners.model.FrameworkMethod$1.runReflectiveCall(FrameworkMethod.java:59)
	at org.junit.internal.runners.model.ReflectiveCallable.run(ReflectiveCallable.java:12)
	at org.junit.runners.model.FrameworkMethod.invokeExplosively(FrameworkMethod.java:56)
	at org.junit.internal.runners.statements.InvokeMethod.evaluate(InvokeMethod.java:17)
	at org.junit.internal.runners.statements.RunBefores.evaluate(RunBefores.java:26)
	at org.junit.internal.runners.statements.RunAfters.evaluate(RunAfters.java:27)
	at org.junit.internal.runners.statements.FailOnTimeout$CallableStatement.call(FailOnTimeout.java:299)
	at org.junit.internal.runners.statements.FailOnTimeout$CallableStatement.call(FailOnTimeout.java:293)
	at java.util.concurrent.FutureTask.run(FutureTask.java:266)
	at java.lang.Thread.run(Thread.java:750)
2022-06-30 15:08:34,929 [s1@group-B70D0BCDD840-SegmentedRaftLogWorker] INFO  segmented.SegmentedRaftLogWorker (SegmentedRaftLogWorker.java:execute(629)) - s1@group-B70D0BCDD840-SegmentedRaftLogWorker: created new log segment /home/runner/work/ratis/ratis/ratis-test/target/test/data/6e6ca39f/MiniRaftClusterWithGrpc9339ab33/s1/a23d1754-ea55-4028-aaee-b70d0bcdd840/current/log_inprogress_0
2022-06-30 15:08:34,929 [s0@group-B70D0BCDD840-SegmentedRaftLogWorker] INFO  segmented.SegmentedRaftLogWorker (SegmentedRaftLogWorker.java:execute(629)) - s0@group-B70D0BCDD840-SegmentedRaftLogWorker: created new log segment /home/runner/work/ratis/ratis/ratis-test/target/test/data/6e6ca39f/MiniRaftClusterWithGrpc9339ab33/s0/a23d1754-ea55-4028-aaee-b70d0bcdd840/current/log_inprogress_0
2022-06-30 15:08:34,929 [s2@group-B70D0BCDD840-SegmentedRaftLogWorker] INFO  segmented.SegmentedRaftLogWorker (SegmentedRaftLogWorker.java:execute(629)) - s2@group-B70D0BCDD840-SegmentedRaftLogWorker: created new log segment /home/runner/work/ratis/ratis/ratis-test/target/test/data/6e6ca39f/MiniRaftClusterWithGrpc9339ab33/s2/a23d1754-ea55-4028-aaee-b70d0bcdd840/current/log_inprogress_0
2022-06-30 15:08:35,353 [Time-limited test] INFO  ratis.RaftTestUtil (RaftTestUtil.java:waitForLeader(119)) - printing ALL groups
  s0:  RUNNING    LEADER s0@group-B70D0BCDD840:t2, leader=s0, voted=s0, raftlog=s0@group-B70D0BCDD840-SegmentedRaftLog:OPENED:c0, conf=0: [s0|rpc:localhost:45751|admin:localhost:32913|client:localhost:45073|dataStream:localhost:36663|priority:0, s1|rpc:localhost:36515|admin:localhost:36247|client:localhost:34351|dataStream:localhost:39477|priority:0, s2|rpc:localhost:32785|admin:localhost:38615|client:localhost:45737|dataStream:localhost:40173|priority:0], old=null RUNNING
  s1:  RUNNING  FOLLOWER s1@group-B70D0BCDD840:t2, leader=s0, voted=s0, raftlog=s1@group-B70D0BCDD840-SegmentedRaftLog:OPENED:c0, conf=0: [s0|rpc:localhost:45751|admin:localhost:32913|client:localhost:45073|dataStream:localhost:36663|priority:0, s1|rpc:localhost:36515|admin:localhost:36247|client:localhost:34351|dataStream:localhost:39477|priority:0, s2|rpc:localhost:32785|admin:localhost:38615|client:localhost:45737|dataStream:localhost:40173|priority:0], old=null RUNNING
  s2:  RUNNING  FOLLOWER s2@group-B70D0BCDD840:t2, leader=s0, voted=s0, raftlog=s2@group-B70D0BCDD840-SegmentedRaftLog:OPENED:c0, conf=0: [s0|rpc:localhost:45751|admin:localhost:32913|client:localhost:45073|dataStream:localhost:36663|priority:0, s1|rpc:localhost:36515|admin:localhost:36247|client:localhost:34351|dataStream:localhost:39477|priority:0, s2|rpc:localhost:32785|admin:localhost:38615|client:localhost:45737|dataStream:localhost:40173|priority:0], old=null RUNNING
2022-06-30 15:08:35,409 [Time-limited test] DEBUG client.GrpcClientProtocolClient (ConfUtils.java:logGet(46)) - raft.grpc.flow.control.window = 1MB (=1048576) (default)
2022-06-30 15:08:35,410 [Time-limited test] DEBUG client.GrpcClientProtocolClient (ConfUtils.java:logGet(46)) - raft.grpc.message.size.max = 64MB (=67108864) (default)
2022-06-30 15:08:35,481 [grpc-default-executor-8] TRACE client.GrpcClientProtocolClient (GrpcClientProtocolClient.java:onNext(322)) - client-18F166B9E78C->s0: receive RaftClientReply:client-18F166B9E78C->s0@group-B70D0BCDD840, cid=0, SUCCESS, logIndex=0, commits[s0:c0, s1:c0, s2:c0]
2022-06-30 15:08:35,521 [s0@group-B70D0BCDD840-StateMachineUpdater] INFO  statemachine.SimpleStateMachine4Testing (SimpleStateMachine4Testing.java:put(204)) - s0: put 1, testing -> (t:2, i:1), STATEMACHINELOGENTRY, 1@client-18F166B9E78C
2022-06-30 15:08:35,536 [grpc-default-executor-8] TRACE client.GrpcClientProtocolClient (GrpcClientProtocolClient.java:onNext(322)) - client-18F166B9E78C->s0: receive RaftClientReply:client-18F166B9E78C->s0@group-B70D0BCDD840, cid=1, SUCCESS, logIndex=1, commits[s0:c1, s1:c0, s2:c0]
2022-06-30 15:08:35,543 [s1@group-B70D0BCDD840-StateMachineUpdater] INFO  statemachine.SimpleStateMachine4Testing (SimpleStateMachine4Testing.java:put(204)) - s1: put 1, testing -> (t:2, i:1), STATEMACHINELOGENTRY, 1@client-18F166B9E78C
2022-06-30 15:08:35,551 [s2@group-B70D0BCDD840-StateMachineUpdater] INFO  statemachine.SimpleStateMachine4Testing (SimpleStateMachine4Testing.java:put(204)) - s2: put 1, testing -> (t:2, i:1), STATEMACHINELOGENTRY, 1@client-18F166B9E78C
2022-06-30 15:08:35,574 [Time-limited test] INFO  impl.MiniRaftCluster (MiniRaftCluster.java:shutdown(760)) - ************************************************************** 
2022-06-30 15:08:35,575 [Time-limited test] INFO  impl.MiniRaftCluster (MiniRaftCluster.java:shutdown(761)) - *** 
2022-06-30 15:08:35,575 [Time-limited test] INFO  impl.MiniRaftCluster (MiniRaftCluster.java:shutdown(762)) - ***     Stopping MiniRaftClusterWithGrpc
2022-06-30 15:08:35,575 [Time-limited test] INFO  impl.MiniRaftCluster (MiniRaftCluster.java:shutdown(763)) - *** 
2022-06-30 15:08:35,575 [Time-limited test] INFO  impl.MiniRaftCluster (MiniRaftCluster.java:shutdown(764)) - ************************************************************** 
2022-06-30 15:08:35,576 [Time-limited test] INFO  impl.MiniRaftCluster (MiniRaftCluster.java:shutdown(765)) - printing ALL groups
  s0:  RUNNING    LEADER s0@group-B70D0BCDD840:t2, leader=s0, voted=s0, raftlog=s0@group-B70D0BCDD840-SegmentedRaftLog:OPENED:c2, conf=0: [s0|rpc:localhost:45751|admin:localhost:32913|client:localhost:45073|dataStream:localhost:36663|priority:0, s1|rpc:localhost:36515|admin:localhost:36247|client:localhost:34351|dataStream:localhost:39477|priority:0, s2|rpc:localhost:32785|admin:localhost:38615|client:localhost:45737|dataStream:localhost:40173|priority:0], old=null RUNNING
  s1:  RUNNING  FOLLOWER s1@group-B70D0BCDD840:t2, leader=s0, voted=s0, raftlog=s1@group-B70D0BCDD840-SegmentedRaftLog:OPENED:c1, conf=0: [s0|rpc:localhost:45751|admin:localhost:32913|client:localhost:45073|dataStream:localhost:36663|priority:0, s1|rpc:localhost:36515|admin:localhost:36247|client:localhost:34351|dataStream:localhost:39477|priority:0, s2|rpc:localhost:32785|admin:localhost:38615|client:localhost:45737|dataStream:localhost:40173|priority:0], old=null RUNNING
  s2:  RUNNING  FOLLOWER s2@group-B70D0BCDD840:t2, leader=s0, voted=s0, raftlog=s2@group-B70D0BCDD840-SegmentedRaftLog:OPENED:c1, conf=0: [s0|rpc:localhost:45751|admin:localhost:32913|client:localhost:45073|dataStream:localhost:36663|priority:0, s1|rpc:localhost:36515|admin:localhost:36247|client:localhost:34351|dataStream:localhost:39477|priority:0, s2|rpc:localhost:32785|admin:localhost:38615|client:localhost:45737|dataStream:localhost:40173|priority:0], old=null RUNNING
2022-06-30 15:08:35,588 [java.util.concurrent.ThreadPoolExecutor$Worker@69409aa6[State = -1, empty queue]] INFO  server.RaftServer (RaftServerProxy.java:lambda$close$7(398)) - s0: close
2022-06-30 15:08:35,589 [java.util.concurrent.ThreadPoolExecutor$Worker@69409aa6[State = -1, empty queue]] INFO  server.RaftServer$Division (RaftServerImpl.java:lambda$close$4(434)) - s0@group-B70D0BCDD840: shutdown
2022-06-30 15:08:35,590 [java.util.concurrent.ThreadPoolExecutor$Worker@69409aa6[State = -1, empty queue]] INFO  util.JmxRegister (JmxRegister.java:unregister(73)) - Successfully un-registered JMX Bean with object name Ratis:service=RaftServer,group=group-B70D0BCDD840,id=s0
2022-06-30 15:08:35,590 [java.util.concurrent.ThreadPoolExecutor$Worker@69409aa6[State = -1, empty queue]] INFO  impl.RoleInfo (RoleInfo.java:shutdownLeaderState(93)) - s0: shutdown s0@group-B70D0BCDD840-LeaderStateImpl
2022-06-30 15:08:35,590 [java.util.concurrent.ThreadPoolExecutor$Worker@3a7a8f28[State = -1, empty queue]] INFO  server.RaftServer (RaftServerProxy.java:lambda$close$7(398)) - s1: close
2022-06-30 15:08:35,592 [java.util.concurrent.ThreadPoolExecutor$Worker@3a7a8f28[State = -1, empty queue]] INFO  server.RaftServer$Division (RaftServerImpl.java:lambda$close$4(434)) - s1@group-B70D0BCDD840: shutdown
2022-06-30 15:08:35,592 [java.util.concurrent.ThreadPoolExecutor$Worker@3a7a8f28[State = -1, empty queue]] INFO  util.JmxRegister (JmxRegister.java:unregister(73)) - Successfully un-registered JMX Bean with object name Ratis:service=RaftServer,group=group-B70D0BCDD840,id=s1
2022-06-30 15:08:35,592 [java.util.concurrent.ThreadPoolExecutor$Worker@3a7a8f28[State = -1, empty queue]] INFO  impl.RoleInfo (RoleInfo.java:shutdownFollowerState(110)) - s1: shutdown s1@group-B70D0BCDD840-FollowerState
2022-06-30 15:08:35,593 [s1@group-B70D0BCDD840-FollowerState] INFO  impl.FollowerState (FollowerState.java:run(152)) - s1@group-B70D0BCDD840-FollowerState was interrupted
2022-06-30 15:08:35,593 [java.util.concurrent.ThreadPoolExecutor$Worker@3a7a8f28[State = -1, empty queue]] INFO  impl.StateMachineUpdater (StateMachineUpdater.java:stopAndJoin(153)) - s1@group-B70D0BCDD840-StateMachineUpdater: set stopIndex = 1
2022-06-30 15:08:35,593 [java.util.concurrent.ThreadPoolExecutor$Worker@3a7a8f28[State = -1, empty queue]] INFO  server.RaftServer$Division (ServerState.java:close(433)) - s1@group-B70D0BCDD840: closes. applyIndex: 1
2022-06-30 15:08:35,594 [java.util.concurrent.ThreadPoolExecutor$Worker@40cb3a89[State = -1, empty queue]] INFO  server.RaftServer (RaftServerProxy.java:lambda$close$7(398)) - s2: close
2022-06-30 15:08:35,595 [java.util.concurrent.ThreadPoolExecutor$Worker@40cb3a89[State = -1, empty queue]] INFO  server.RaftServer$Division (RaftServerImpl.java:lambda$close$4(434)) - s2@group-B70D0BCDD840: shutdown
2022-06-30 15:08:35,595 [java.util.concurrent.ThreadPoolExecutor$Worker@40cb3a89[State = -1, empty queue]] INFO  util.JmxRegister (JmxRegister.java:unregister(73)) - Successfully un-registered JMX Bean with object name Ratis:service=RaftServer,group=group-B70D0BCDD840,id=s2
2022-06-30 15:08:35,596 [java.util.concurrent.ThreadPoolExecutor$Worker@40cb3a89[State = -1, empty queue]] INFO  impl.RoleInfo (RoleInfo.java:shutdownFollowerState(110)) - s2: shutdown s2@group-B70D0BCDD840-FollowerState
2022-06-30 15:08:35,598 [s2@group-B70D0BCDD840-FollowerState] INFO  impl.FollowerState (FollowerState.java:run(152)) - s2@group-B70D0BCDD840-FollowerState was interrupted
2022-06-30 15:08:35,599 [java.util.concurrent.ThreadPoolExecutor$Worker@40cb3a89[State = -1, empty queue]] INFO  impl.StateMachineUpdater (StateMachineUpdater.java:stopAndJoin(153)) - s2@group-B70D0BCDD840-StateMachineUpdater: set stopIndex = 1
2022-06-30 15:08:35,599 [grpc-default-executor-0] INFO  server.GrpcServerProtocolService (GrpcServerProtocolService.java:onCompleted(140)) - s1: Completed APPEND_ENTRIES, lastRequest: s0->s1#19-t2,previous=(t:2, i:1),leaderCommit=1,initializing? true,entries: size=1, first=(t:2, i:2), METADATAENTRY(c:1)
2022-06-30 15:08:35,599 [s0@group-B70D0BCDD840->s2-GrpcLogAppender-LogAppenderDaemon] WARN  server.GrpcLogAppender (GrpcLogAppender.java:mayWait(172)) - s0@group-B70D0BCDD840->s2-GrpcLogAppender: Wait interrupted by java.lang.InterruptedException
2022-06-30 15:08:35,601 [java.util.concurrent.ThreadPoolExecutor$Worker@69409aa6[State = -1, empty queue]] INFO  impl.PendingRequests (PendingRequests.java:sendNotLeaderResponses(282)) - s0@group-B70D0BCDD840-PendingRequests: sendNotLeaderResponses
2022-06-30 15:08:35,602 [grpc-default-executor-8] INFO  server.GrpcLogAppender (GrpcLogAppender.java:onCompleted(340)) - s0@group-B70D0BCDD840->s1-AppendLogResponseHandler: follower responses appendEntries COMPLETED
2022-06-30 15:08:35,603 [java.util.concurrent.ThreadPoolExecutor$Worker@40cb3a89[State = -1, empty queue]] INFO  server.RaftServer$Division (ServerState.java:close(433)) - s2@group-B70D0BCDD840: closes. applyIndex: 1
2022-06-30 15:08:35,604 [s1@group-B70D0BCDD840-SegmentedRaftLogWorker] INFO  segmented.SegmentedRaftLogWorker (SegmentedRaftLogWorker.java:run(336)) - s1@group-B70D0BCDD840-SegmentedRaftLogWorker was interrupted, exiting. There are 0 tasks remaining in the queue.
2022-06-30 15:08:35,604 [s2@group-B70D0BCDD840-SegmentedRaftLogWorker] INFO  segmented.SegmentedRaftLogWorker (SegmentedRaftLogWorker.java:run(336)) - s2@group-B70D0BCDD840-SegmentedRaftLogWorker was interrupted, exiting. There are 0 tasks remaining in the queue.
2022-06-30 15:08:35,605 [grpc-default-executor-0] INFO  server.GrpcServerProtocolService (GrpcServerProtocolService.java:onCompleted(140)) - s2: Completed APPEND_ENTRIES, lastRequest: s0->s2#17-t2,previous=(t:2, i:1),leaderCommit=1,initializing? true,entries: size=1, first=(t:2, i:2), METADATAENTRY(c:1)
2022-06-30 15:08:35,607 [grpc-default-executor-4] INFO  server.GrpcLogAppender (GrpcLogAppender.java:onCompleted(340)) - s0@group-B70D0BCDD840->s2-AppendLogResponseHandler: follower responses appendEntries COMPLETED
2022-06-30 15:08:35,607 [java.util.concurrent.ThreadPoolExecutor$Worker@69409aa6[State = -1, empty queue]] INFO  impl.StateMachineUpdater (StateMachineUpdater.java:stopAndJoin(153)) - s0@group-B70D0BCDD840-StateMachineUpdater: set stopIndex = 2
2022-06-30 15:08:35,607 [java.util.concurrent.ThreadPoolExecutor$Worker@69409aa6[State = -1, empty queue]] INFO  server.RaftServer$Division (ServerState.java:close(433)) - s0@group-B70D0BCDD840: closes. applyIndex: 2
2022-06-30 15:08:35,608 [grpc-default-executor-4] INFO  leader.FollowerInfo (FollowerInfoImpl.java:lambda$new$0(48)) - s0@group-B70D0BCDD840->s2: nextIndex: updateUnconditionally 3 -> 2
2022-06-30 15:08:35,608 [s0@group-B70D0BCDD840-SegmentedRaftLogWorker] INFO  segmented.SegmentedRaftLogWorker (SegmentedRaftLogWorker.java:run(336)) - s0@group-B70D0BCDD840-SegmentedRaftLogWorker was interrupted, exiting. There are 0 tasks remaining in the queue.
2022-06-30 15:08:35,608 [grpc-default-executor-8] INFO  leader.FollowerInfo (FollowerInfoImpl.java:lambda$new$0(48)) - s0@group-B70D0BCDD840->s1: nextIndex: updateUnconditionally 3 -> 2
2022-06-30 15:08:35,611 [java.util.concurrent.ThreadPoolExecutor$Worker@3a7a8f28[State = -1, empty queue]] INFO  segmented.SegmentedRaftLogWorker (SegmentedRaftLogWorker.java:close(246)) - s1@group-B70D0BCDD840-SegmentedRaftLogWorker close()
2022-06-30 15:08:35,612 [java.util.concurrent.ThreadPoolExecutor$Worker@3a7a8f28[State = -1, empty queue]] INFO  server.GrpcService (GrpcService.java:closeImpl(269)) - s1: shutdown server with port 36515 now
2022-06-30 15:08:35,616 [java.util.concurrent.ThreadPoolExecutor$Worker@69409aa6[State = -1, empty queue]] INFO  segmented.SegmentedRaftLogWorker (SegmentedRaftLogWorker.java:close(246)) - s0@group-B70D0BCDD840-SegmentedRaftLogWorker close()
2022-06-30 15:08:35,617 [java.util.concurrent.ThreadPoolExecutor$Worker@40cb3a89[State = -1, empty queue]] INFO  segmented.SegmentedRaftLogWorker (SegmentedRaftLogWorker.java:close(246)) - s2@group-B70D0BCDD840-SegmentedRaftLogWorker close()
2022-06-30 15:08:35,617 [java.util.concurrent.ThreadPoolExecutor$Worker@40cb3a89[State = -1, empty queue]] INFO  server.GrpcService (GrpcService.java:closeImpl(269)) - s2: shutdown server with port 32785 now
2022-06-30 15:08:35,620 [java.util.concurrent.ThreadPoolExecutor$Worker@69409aa6[State = -1, empty queue]] INFO  server.GrpcService (GrpcService.java:closeImpl(269)) - s0: shutdown server with port 45751 now
2022-06-30 15:08:35,637 [java.util.concurrent.ThreadPoolExecutor$Worker@69409aa6[State = -1, empty queue]] INFO  server.GrpcService (GrpcService.java:closeImpl(278)) - s0: shutdown server with port 45751 successfully
2022-06-30 15:08:35,637 [java.util.concurrent.ThreadPoolExecutor$Worker@69409aa6[State = -1, empty queue]] INFO  server.GrpcService (GrpcService.java:closeImpl(269)) - s0: shutdown server with port 32913 now
2022-06-30 15:08:35,637 [java.util.concurrent.ThreadPoolExecutor$Worker@3a7a8f28[State = -1, empty queue]] INFO  server.GrpcService (GrpcService.java:closeImpl(278)) - s1: shutdown server with port 36515 successfully
2022-06-30 15:08:35,638 [java.util.concurrent.ThreadPoolExecutor$Worker@3a7a8f28[State = -1, empty queue]] INFO  server.GrpcService (GrpcService.java:closeImpl(269)) - s1: shutdown server with port 36247 now
2022-06-30 15:08:35,638 [java.util.concurrent.ThreadPoolExecutor$Worker@3a7a8f28[State = -1, empty queue]] INFO  server.GrpcService (GrpcService.java:closeImpl(278)) - s1: shutdown server with port 36247 successfully
2022-06-30 15:08:35,638 [java.util.concurrent.ThreadPoolExecutor$Worker@3a7a8f28[State = -1, empty queue]] INFO  server.GrpcService (GrpcService.java:closeImpl(269)) - s1: shutdown server with port 34351 now
2022-06-30 15:08:35,639 [java.util.concurrent.ThreadPoolExecutor$Worker@3a7a8f28[State = -1, empty queue]] INFO  server.GrpcService (GrpcService.java:closeImpl(278)) - s1: shutdown server with port 34351 successfully
2022-06-30 15:08:35,639 [java.util.concurrent.ThreadPoolExecutor$Worker@69409aa6[State = -1, empty queue]] INFO  server.GrpcService (GrpcService.java:closeImpl(278)) - s0: shutdown server with port 32913 successfully
2022-06-30 15:08:35,639 [java.util.concurrent.ThreadPoolExecutor$Worker@69409aa6[State = -1, empty queue]] INFO  server.GrpcService (GrpcService.java:closeImpl(269)) - s0: shutdown server with port 45073 now
2022-06-30 15:08:35,639 [org.apache.ratis.util.JvmPauseMonitor$$Lambda$287/1379044476@635b9a2b] INFO  util.JvmPauseMonitor (JvmPauseMonitor.java:run(109)) - JvmPauseMonitor-s1: Stopped
2022-06-30 15:08:35,640 [java.util.concurrent.ThreadPoolExecutor$Worker@69409aa6[State = -1, empty queue]] INFO  server.GrpcService (GrpcService.java:closeImpl(278)) - s0: shutdown server with port 45073 successfully
2022-06-30 15:08:35,640 [org.apache.ratis.util.JvmPauseMonitor$$Lambda$287/1379044476@5657905a] INFO  util.JvmPauseMonitor (JvmPauseMonitor.java:run(109)) - JvmPauseMonitor-s0: Stopped
2022-06-30 15:08:35,640 [java.util.concurrent.ThreadPoolExecutor$Worker@40cb3a89[State = -1, empty queue]] INFO  server.GrpcService (GrpcService.java:closeImpl(278)) - s2: shutdown server with port 32785 successfully
2022-06-30 15:08:35,641 [java.util.concurrent.ThreadPoolExecutor$Worker@40cb3a89[State = -1, empty queue]] INFO  server.GrpcService (GrpcService.java:closeImpl(269)) - s2: shutdown server with port 38615 now
2022-06-30 15:08:35,641 [java.util.concurrent.ThreadPoolExecutor$Worker@40cb3a89[State = -1, empty queue]] INFO  server.GrpcService (GrpcService.java:closeImpl(278)) - s2: shutdown server with port 38615 successfully
2022-06-30 15:08:35,641 [java.util.concurrent.ThreadPoolExecutor$Worker@40cb3a89[State = -1, empty queue]] INFO  server.GrpcService (GrpcService.java:closeImpl(269)) - s2: shutdown server with port 45737 now
2022-06-30 15:08:35,643 [java.util.concurrent.ThreadPoolExecutor$Worker@40cb3a89[State = -1, empty queue]] INFO  server.GrpcService (GrpcService.java:closeImpl(278)) - s2: shutdown server with port 45737 successfully
2022-06-30 15:08:35,644 [org.apache.ratis.util.JvmPauseMonitor$$Lambda$287/1379044476@964035a] INFO  util.JvmPauseMonitor (JvmPauseMonitor.java:run(109)) - JvmPauseMonitor-s2: Stopped
2022-06-30 15:08:35,649 [Time-limited test] INFO  impl.MiniRaftCluster (MiniRaftCluster.java:shutdown(783)) - MiniRaftClusterWithGrpc shutdown completed
]]></system-out>
  </testcase>
  <testcase name="testRaftServerMetrics" classname="org.apache.ratis.grpc.TestRaftServerWithGrpc" time="1.91"/>
  <testcase name="testUnsupportedMethods" classname="org.apache.ratis.grpc.TestRaftServerWithGrpc" time="0.539"/>
  <testcase name="testServerRestartOnException" classname="org.apache.ratis.grpc.TestRaftServerWithGrpc" time="22.628"/>
  <testcase name="testLeaderRestart" classname="org.apache.ratis.grpc.TestRaftServerWithGrpc" time="5.571"/>
</testsuite>