<?xml version="1.0" encoding="UTF-8"?>
<testsuite xmlns:xsi="http://www.w3.org/2001/XMLSchema-instance" xsi:noNamespaceSchemaLocation="https://maven.apache.org/surefire/maven-surefire-plugin/xsd/surefire-test-report.xsd" name="org.apache.ratis.datastream.TestNettyDataStreamChainTopologyWithGrpcCluster" time="138.499" tests="4" errors="1" skipped="0" failures="0">
  <properties>
    <property name="awt.toolkit" value="sun.awt.X11.XToolkit"/>
    <property name="file.encoding.pkg" value="sun.io"/>
    <property name="java.specification.version" value="1.8"/>
    <property name="sun.cpu.isalist" value=""/>
    <property name="sun.jnu.encoding" value="UTF-8"/>
    <property name="java.class.path" value="/home/runner/work/ratis/ratis/ratis-test/target/test-classes:/home/runner/work/ratis/ratis/ratis-test/target/classes:/home/runner/work/ratis/ratis/ratis-common/target/classes:/home/runner/.m2/repository/org/apache/ratis/ratis-thirdparty-misc/1.0.0/ratis-thirdparty-misc-1.0.0.jar:/home/runner/work/ratis/ratis/ratis-proto/target/ratis-proto-2.3.0-SNAPSHOT.jar:/home/runner/work/ratis/ratis/ratis-common/target/test-classes:/home/runner/work/ratis/ratis/ratis-client/target/classes:/home/runner/work/ratis/ratis/ratis-server/target/classes:/home/runner/work/ratis/ratis/ratis-server-api/target/classes:/home/runner/work/ratis/ratis/ratis-metrics/target/classes:/home/runner/work/ratis/ratis/ratis-server/target/test-classes:/home/runner/work/ratis/ratis/ratis-netty/target/classes:/home/runner/work/ratis/ratis/ratis-netty/target/test-classes:/home/runner/work/ratis/ratis/ratis-grpc/target/classes:/home/runner/work/ratis/ratis/ratis-grpc/target/test-classes:/home/runner/.m2/repository/org/slf4j/slf4j-api/1.7.29/slf4j-api-1.7.29.jar:/home/runner/.m2/repository/org/slf4j/slf4j-log4j12/1.7.29/slf4j-log4j12-1.7.29.jar:/home/runner/.m2/repository/log4j/log4j/1.2.17/log4j-1.2.17.jar:/home/runner/.m2/repository/junit/junit/4.13.2/junit-4.13.2.jar:/home/runner/.m2/repository/org/hamcrest/hamcrest-core/1.3/hamcrest-core-1.3.jar:/home/runner/.m2/repository/org/mockito/mockito-core/4.3.1/mockito-core-4.3.1.jar:/home/runner/.m2/repository/net/bytebuddy/byte-buddy/1.12.7/byte-buddy-1.12.7.jar:/home/runner/.m2/repository/net/bytebuddy/byte-buddy-agent/1.12.7/byte-buddy-agent-1.12.7.jar:/home/runner/.m2/repository/org/objenesis/objenesis/3.2/objenesis-3.2.jar:/home/runner/.m2/repository/io/dropwizard/metrics/metrics-jvm/3.2.5/metrics-jvm-3.2.5.jar:/home/runner/.m2/repository/io/dropwizard/metrics/metrics-core/3.2.5/metrics-core-3.2.5.jar:/home/runner/work/ratis/ratis/ratis-shell/target/classes:/home/runner/.m2/repository/commons-cli/commons-cli/1.5.0/commons-cli-1.5.0.jar:/home/runner/.m2/repository/org/reflections/reflections/0.10.2/reflections-0.10.2.jar:/home/runner/.m2/repository/org/javassist/javassist/3.28.0-GA/javassist-3.28.0-GA.jar:/home/runner/.m2/repository/com/google/code/findbugs/jsr305/3.0.2/jsr305-3.0.2.jar:"/>
    <property name="java.vm.vendor" value="Temurin"/>
    <property name="sun.arch.data.model" value="64"/>
    <property name="java.vendor.url" value="https://adoptium.net/"/>
    <property name="user.timezone" value=""/>
    <property name="java.vm.specification.version" value="1.8"/>
    <property name="os.name" value="Linux"/>
    <property name="sun.java.launcher" value="SUN_STANDARD"/>
    <property name="sun.boot.library.path" value="/usr/lib/jvm/temurin-8-jdk-amd64/jre/lib/amd64"/>
    <property name="sun.java.command" value="/home/runner/work/ratis/ratis/ratis-test/target/surefire/surefirebooter307714374657077596.jar /home/runner/work/ratis/ratis/ratis-test/target/surefire 2022-05-08T08-43-55_739-jvmRun1 surefire7913555331300746790tmp surefire_367159209038649760449tmp"/>
    <property name="surefire.test.class.path" value="/home/runner/work/ratis/ratis/ratis-test/target/test-classes:/home/runner/work/ratis/ratis/ratis-test/target/classes:/home/runner/work/ratis/ratis/ratis-common/target/classes:/home/runner/.m2/repository/org/apache/ratis/ratis-thirdparty-misc/1.0.0/ratis-thirdparty-misc-1.0.0.jar:/home/runner/work/ratis/ratis/ratis-proto/target/ratis-proto-2.3.0-SNAPSHOT.jar:/home/runner/work/ratis/ratis/ratis-common/target/test-classes:/home/runner/work/ratis/ratis/ratis-client/target/classes:/home/runner/work/ratis/ratis/ratis-server/target/classes:/home/runner/work/ratis/ratis/ratis-server-api/target/classes:/home/runner/work/ratis/ratis/ratis-metrics/target/classes:/home/runner/work/ratis/ratis/ratis-server/target/test-classes:/home/runner/work/ratis/ratis/ratis-netty/target/classes:/home/runner/work/ratis/ratis/ratis-netty/target/test-classes:/home/runner/work/ratis/ratis/ratis-grpc/target/classes:/home/runner/work/ratis/ratis/ratis-grpc/target/test-classes:/home/runner/.m2/repository/org/slf4j/slf4j-api/1.7.29/slf4j-api-1.7.29.jar:/home/runner/.m2/repository/org/slf4j/slf4j-log4j12/1.7.29/slf4j-log4j12-1.7.29.jar:/home/runner/.m2/repository/log4j/log4j/1.2.17/log4j-1.2.17.jar:/home/runner/.m2/repository/junit/junit/4.13.2/junit-4.13.2.jar:/home/runner/.m2/repository/org/hamcrest/hamcrest-core/1.3/hamcrest-core-1.3.jar:/home/runner/.m2/repository/org/mockito/mockito-core/4.3.1/mockito-core-4.3.1.jar:/home/runner/.m2/repository/net/bytebuddy/byte-buddy/1.12.7/byte-buddy-1.12.7.jar:/home/runner/.m2/repository/net/bytebuddy/byte-buddy-agent/1.12.7/byte-buddy-agent-1.12.7.jar:/home/runner/.m2/repository/org/objenesis/objenesis/3.2/objenesis-3.2.jar:/home/runner/.m2/repository/io/dropwizard/metrics/metrics-jvm/3.2.5/metrics-jvm-3.2.5.jar:/home/runner/.m2/repository/io/dropwizard/metrics/metrics-core/3.2.5/metrics-core-3.2.5.jar:/home/runner/work/ratis/ratis/ratis-shell/target/classes:/home/runner/.m2/repository/commons-cli/commons-cli/1.5.0/commons-cli-1.5.0.jar:/home/runner/.m2/repository/org/reflections/reflections/0.10.2/reflections-0.10.2.jar:/home/runner/.m2/repository/org/javassist/javassist/3.28.0-GA/javassist-3.28.0-GA.jar:/home/runner/.m2/repository/com/google/code/findbugs/jsr305/3.0.2/jsr305-3.0.2.jar:"/>
    <property name="sun.cpu.endian" value="little"/>
    <property name="user.home" value="/home/runner"/>
    <property name="user.language" value="en"/>
    <property name="java.specification.vendor" value="Oracle Corporation"/>
    <property name="java.home" value="/usr/lib/jvm/temurin-8-jdk-amd64/jre"/>
    <property name="basedir" value="/home/runner/work/ratis/ratis/ratis-test"/>
    <property name="file.separator" value="/"/>
    <property name="line.separator" value="&#10;"/>
    <property name="java.vm.specification.vendor" value="Oracle Corporation"/>
    <property name="java.specification.name" value="Java Platform API Specification"/>
    <property name="java.awt.graphicsenv" value="sun.awt.X11GraphicsEnvironment"/>
    <property name="surefire.real.class.path" value="/home/runner/work/ratis/ratis/ratis-test/target/surefire/surefirebooter307714374657077596.jar"/>
    <property name="sun.boot.class.path" value="/usr/lib/jvm/temurin-8-jdk-amd64/jre/lib/resources.jar:/usr/lib/jvm/temurin-8-jdk-amd64/jre/lib/rt.jar:/usr/lib/jvm/temurin-8-jdk-amd64/jre/lib/sunrsasign.jar:/usr/lib/jvm/temurin-8-jdk-amd64/jre/lib/jsse.jar:/usr/lib/jvm/temurin-8-jdk-amd64/jre/lib/jce.jar:/usr/lib/jvm/temurin-8-jdk-amd64/jre/lib/charsets.jar:/usr/lib/jvm/temurin-8-jdk-amd64/jre/lib/jfr.jar:/usr/lib/jvm/temurin-8-jdk-amd64/jre/classes"/>
    <property name="sun.management.compiler" value="HotSpot 64-Bit Tiered Compilers"/>
    <property name="java.runtime.version" value="1.8.0_322-b06"/>
    <property name="java.net.preferIPv4Stack" value="true"/>
    <property name="user.name" value="runner"/>
    <property name="path.separator" value=":"/>
    <property name="os.version" value="5.4.0-1077-azure"/>
    <property name="java.endorsed.dirs" value="/usr/lib/jvm/temurin-8-jdk-amd64/jre/lib/endorsed"/>
    <property name="java.runtime.name" value="OpenJDK Runtime Environment"/>
    <property name="file.encoding" value="UTF-8"/>
    <property name="java.vm.name" value="OpenJDK 64-Bit Server VM"/>
    <property name="localRepository" value="/home/runner/.m2/repository"/>
    <property name="java.vendor.url.bug" value="https://github.com/adoptium/adoptium-support/issues"/>
    <property name="java.io.tmpdir" value="/tmp"/>
    <property name="java.version" value="1.8.0_322"/>
    <property name="user.dir" value="/home/runner/work/ratis/ratis/ratis-test"/>
    <property name="os.arch" value="amd64"/>
    <property name="ratis.tmp.dir" value="/home/runner/work/ratis/ratis/ratis-test/target/tmp"/>
    <property name="java.vm.specification.name" value="Java Virtual Machine Specification"/>
    <property name="java.awt.printerjob" value="sun.print.PSPrinterJob"/>
    <property name="ratis.log.dir" value="/home/runner/work/ratis/ratis/ratis-test/target/log"/>
    <property name="sun.os.patch.level" value="unknown"/>
    <property name="java.library.path" value="/usr/java/packages/lib/amd64:/usr/lib64:/lib64:/lib:/usr/lib"/>
    <property name="java.vm.info" value="mixed mode"/>
    <property name="java.vendor" value="Temurin"/>
    <property name="java.vm.version" value="25.322-b06"/>
    <property name="java.ext.dirs" value="/usr/lib/jvm/temurin-8-jdk-amd64/jre/lib/ext:/usr/java/packages/lib/ext"/>
    <property name="sun.io.unicode.encoding" value="UnicodeLittle"/>
    <property name="java.class.version" value="52.0"/>
  </properties>
  <testcase name="testMultipleStreamsSingleServer" classname="org.apache.ratis.datastream.TestNettyDataStreamChainTopologyWithGrpcCluster" time="21.638"/>
  <testcase name="testMultipleStreamsMultipleServers" classname="org.apache.ratis.datastream.TestNettyDataStreamChainTopologyWithGrpcCluster" time="65.048"/>
  <testcase name="testMultipleStreamsMultipleServersStepDownLeader" classname="org.apache.ratis.datastream.TestNettyDataStreamChainTopologyWithGrpcCluster" time="38.335">
    <error message="org.apache.ratis.protocol.exceptions.TimeoutIOException: Timeout 10000ms: Failed to send DataStreamWindowRequest:seqNum=12,DataStreamRequestHeader:clientId=client-5E8A48055DD4,type=STREAM_DATA,id=375,offset=8096184,length=0" type="java.util.concurrent.CompletionException">java.util.concurrent.CompletionException: org.apache.ratis.protocol.exceptions.TimeoutIOException: Timeout 10000ms: Failed to send DataStreamWindowRequest:seqNum=12,DataStreamRequestHeader:clientId=client-5E8A48055DD4,type=STREAM_DATA,id=375,offset=8096184,length=0
	at java.util.concurrent.CompletableFuture.encodeThrowable(CompletableFuture.java:292)
	at java.util.concurrent.CompletableFuture.completeThrowable(CompletableFuture.java:308)
	at java.util.concurrent.CompletableFuture.uniWhenComplete(CompletableFuture.java:783)
	at java.util.concurrent.CompletableFuture$UniWhenComplete.tryFire(CompletableFuture.java:750)
	at java.util.concurrent.CompletableFuture.postComplete(CompletableFuture.java:488)
	at java.util.concurrent.CompletableFuture.completeExceptionally(CompletableFuture.java:1990)
	at org.apache.ratis.client.impl.OrderedStreamAsync.lambda$scheduleWithTimeout$7(OrderedStreamAsync.java:172)
	at org.apache.ratis.util.TimeoutScheduler.lambda$onTimeout$0(TimeoutScheduler.java:141)
	at org.apache.ratis.util.TimeoutScheduler.lambda$onTimeout$1(TimeoutScheduler.java:155)
	at org.apache.ratis.util.LogUtils.runAndLog(LogUtils.java:38)
	at org.apache.ratis.util.LogUtils$1.run(LogUtils.java:79)
	at java.util.concurrent.Executors$RunnableAdapter.call(Executors.java:511)
	at java.util.concurrent.FutureTask.run(FutureTask.java:266)
	at java.util.concurrent.ScheduledThreadPoolExecutor$ScheduledFutureTask.access$201(ScheduledThreadPoolExecutor.java:180)
	at java.util.concurrent.ScheduledThreadPoolExecutor$ScheduledFutureTask.run(ScheduledThreadPoolExecutor.java:293)
	at java.util.concurrent.ThreadPoolExecutor.runWorker(ThreadPoolExecutor.java:1149)
	at java.util.concurrent.ThreadPoolExecutor$Worker.run(ThreadPoolExecutor.java:624)
	at java.lang.Thread.run(Thread.java:750)
Caused by: org.apache.ratis.protocol.exceptions.TimeoutIOException: Timeout 10000ms: Failed to send DataStreamWindowRequest:seqNum=12,DataStreamRequestHeader:clientId=client-5E8A48055DD4,type=STREAM_DATA,id=375,offset=8096184,length=0
	... 12 more
</error>
    <system-out><![CDATA[2022-05-08 08:52:01,334 [main] INFO  util.LogUtils (Log4jUtils.java:setLogLevel(32)) - Set org.apache.ratis.conf.ConfUtils log level to WARN
2022-05-08 08:52:01,334 [main] INFO  util.LogUtils (Log4jUtils.java:setLogLevel(32)) - Set org.apache.ratis.util.FileUtils log level to TRACE
2022-05-08 08:52:01,335 [Time-limited test] INFO  impl.MiniRaftCluster (MiniRaftCluster.java:runWithNewCluster(119)) - Running runWithNewCluster
2022-05-08 08:52:01,335 [Time-limited test] INFO  impl.MiniRaftCluster (MiniRaftCluster.java:<init>(272)) - new MiniRaftClusterWithRpcTypeGrpcAndDataStreamTypeNetty with group-79EE622B0DCB:[s0|rpc:localhost:42959|admin:localhost:40575|client:localhost:33833|dataStream:localhost:36315|priority:0, s1|rpc:localhost:40643|admin:localhost:41257|client:localhost:45923|dataStream:localhost:35479|priority:0, s2|rpc:localhost:40737|admin:localhost:42805|client:localhost:34699|dataStream:localhost:41373|priority:0]
2022-05-08 08:52:01,336 [Time-limited test] INFO  impl.MiniRaftCluster (MiniRaftCluster.java:start(315)) - .............................................................. 
2022-05-08 08:52:01,336 [Time-limited test] INFO  impl.MiniRaftCluster (MiniRaftCluster.java:start(316)) - ... 
2022-05-08 08:52:01,336 [Time-limited test] INFO  impl.MiniRaftCluster (MiniRaftCluster.java:start(317)) - ...     Starting MiniRaftClusterWithRpcTypeGrpcAndDataStreamTypeNetty
2022-05-08 08:52:01,336 [Time-limited test] INFO  impl.MiniRaftCluster (MiniRaftCluster.java:start(318)) - ... 
2022-05-08 08:52:01,336 [Time-limited test] INFO  impl.MiniRaftCluster (MiniRaftCluster.java:start(319)) - .............................................................. 
2022-05-08 08:52:01,336 [Time-limited test] INFO  impl.MiniRaftCluster (MiniRaftCluster.java:initServers(284)) - servers = {}
2022-05-08 08:52:01,336 [Time-limited test] INFO  impl.MiniRaftCluster (MiniRaftCluster.java:newRaftServer(358)) - newRaftServer: s0, group-79EE622B0DCB:[s0|rpc:localhost:42959|admin:localhost:40575|client:localhost:33833|dataStream:localhost:36315|priority:0, s1|rpc:localhost:40643|admin:localhost:41257|client:localhost:45923|dataStream:localhost:35479|priority:0, s2|rpc:localhost:40737|admin:localhost:42805|client:localhost:34699|dataStream:localhost:41373|priority:0], format? true
2022-05-08 08:52:01,336 [Time-limited test] TRACE util.FileUtils (FileUtils.java:deleteFully(162)) - deleteFully target/test/data/4d59a56a/MiniRaftClusterWithRpcTypeGrpcAndDataStreamTypeNettyf98b5a90/s0
2022-05-08 08:52:01,336 [Time-limited test] TRACE util.FileUtils (FileUtils.java:deleteFully(178)) - deleteFully: target/test/data/4d59a56a/MiniRaftClusterWithRpcTypeGrpcAndDataStreamTypeNettyf98b5a90/s0 does not exist.
2022-05-08 08:52:01,336 [Time-limited test] INFO  impl.MiniRaftCluster (MiniRaftCluster.java:newRaftServer(363)) - Formatted directory target/test/data/4d59a56a/MiniRaftClusterWithRpcTypeGrpcAndDataStreamTypeNettyf98b5a90/s0
2022-05-08 08:52:01,337 [Time-limited test] INFO  server.RaftServer (ConfUtils.java:logGet(46)) - raft.rpc.type = GRPC (default)
2022-05-08 08:52:01,337 [Time-limited test] INFO  grpc.GrpcFactory (GrpcFactory.java:checkPooledByteBufAllocatorUseCacheForAllThreads(48)) - PERFORMANCE WARNING: useCacheForAllThreads is true that may cause Netty to create a lot garbage objects and, as a result, trigger GC.
	It is recommended to disable useCacheForAllThreads by setting -Dorg.apache.ratis.thirdparty.io.netty.allocator.useCacheForAllThreads=false in command line.
2022-05-08 08:52:01,337 [Time-limited test] INFO  grpc.GrpcConfigKeys (ConfUtils.java:logGet(46)) - raft.grpc.admin.port = 40575 (custom)
2022-05-08 08:52:01,337 [Time-limited test] INFO  grpc.GrpcConfigKeys (ConfUtils.java:logGet(46)) - raft.grpc.client.port = 33833 (custom)
2022-05-08 08:52:01,337 [Time-limited test] INFO  grpc.GrpcConfigKeys (ConfUtils.java:logGet(46)) - raft.grpc.server.port = 42959 (custom)
2022-05-08 08:52:01,337 [Time-limited test] INFO  server.GrpcService (ConfUtils.java:logGet(46)) - raft.grpc.message.size.max = 64MB (=67108864) (default)
2022-05-08 08:52:01,338 [Time-limited test] INFO  server.RaftServerConfigKeys (ConfUtils.java:logGet(46)) - raft.server.log.appender.buffer.byte-limit = 4MB (=4194304) (default)
2022-05-08 08:52:01,338 [Time-limited test] INFO  server.GrpcService (ConfUtils.java:logGet(46)) - raft.grpc.flow.control.window = 1MB (=1048576) (default)
2022-05-08 08:52:01,338 [Time-limited test] INFO  server.RaftServerConfigKeys (ConfUtils.java:logGet(46)) - raft.server.rpc.request.timeout = 3000ms (default)
2022-05-08 08:52:01,338 [Time-limited test] INFO  grpc.GrpcConfigKeys (ConfUtils.java:logGet(46)) - raft.grpc.server.async.request.thread.pool.cached = true (default)
2022-05-08 08:52:01,338 [Time-limited test] INFO  grpc.GrpcConfigKeys (ConfUtils.java:logGet(46)) - raft.grpc.server.async.request.thread.pool.size = 32 (default)
2022-05-08 08:52:01,339 [Time-limited test] INFO  impl.DataStreamServerImpl (ConfUtils.java:logGet(46)) - raft.datastream.type = NETTY (custom)
2022-05-08 08:52:01,339 [Time-limited test] INFO  netty.NettyConfigKeys$DataStream (ConfUtils.java:logGet(46)) - raft.netty.dataStream.server.tls.conf = null (default)
2022-05-08 08:52:01,339 [Time-limited test] INFO  server.RaftServerConfigKeys (ConfUtils.java:logGet(46)) - raft.server.data-stream.async.request.thread.pool.cached = false (default)
2022-05-08 08:52:01,340 [Time-limited test] INFO  server.RaftServerConfigKeys (ConfUtils.java:logGet(46)) - raft.server.data-stream.async.request.thread.pool.size = 32 (default)
2022-05-08 08:52:01,340 [Time-limited test] INFO  server.RaftServerConfigKeys (ConfUtils.java:logGet(46)) - raft.server.data-stream.async.write.thread.pool.size = 16 (default)
2022-05-08 08:52:01,340 [Time-limited test] INFO  server.RaftServerConfigKeys (ConfUtils.java:logGet(46)) - raft.server.data-stream.client.pool.size = 10 (default)
2022-05-08 08:52:01,340 [Time-limited test] INFO  netty.NettyConfigKeys$DataStream (ConfUtils.java:logGet(46)) - raft.netty.dataStream.server.use-epoll = false (default)
2022-05-08 08:52:01,340 [Time-limited test] INFO  netty.NettyConfigKeys$DataStream (ConfUtils.java:logGet(46)) - raft.netty.dataStream.server.boss-group.size = 0 (default)
2022-05-08 08:52:01,340 [Time-limited test] INFO  netty.NettyConfigKeys$DataStream (ConfUtils.java:logGet(46)) - raft.netty.dataStream.server.worker-group.size = 0 (default)
2022-05-08 08:52:01,341 [Time-limited test] INFO  netty.NettyConfigKeys$DataStream (ConfUtils.java:logGet(46)) - raft.netty.dataStream.port = 36315 (custom)
2022-05-08 08:52:01,341 [Time-limited test] INFO  server.RaftServerConfigKeys (ConfUtils.java:logGet(46)) - raft.server.threadpool.proxy.cached = true (default)
2022-05-08 08:52:01,341 [Time-limited test] INFO  server.RaftServerConfigKeys (ConfUtils.java:logGet(46)) - raft.server.threadpool.proxy.size = 0 (default)
2022-05-08 08:52:01,341 [Time-limited test] INFO  server.RaftServerConfigKeys (ConfUtils.java:logGet(46)) - raft.server.rpc.slowness.timeout = 60s (default)
2022-05-08 08:52:01,341 [s0-NettyServerStreamRpc-bossGroup--thread1] INFO  logging.LoggingHandler (AbstractInternalLogger.java:log(148)) - [id: 0x82489cef] REGISTERED
2022-05-08 08:52:01,341 [Time-limited test] INFO  server.RaftServerConfigKeys (ConfUtils.java:logGet(46)) - raft.server.leaderelection.leader.step-down.wait-time = 10s (default)
2022-05-08 08:52:01,342 [s0-NettyServerStreamRpc-bossGroup--thread1] INFO  logging.LoggingHandler (AbstractInternalLogger.java:log(148)) - [id: 0x82489cef] BIND: 0.0.0.0/0.0.0.0:36315
2022-05-08 08:52:01,342 [Time-limited test] INFO  server.RaftServerConfigKeys (ConfUtils.java:logGet(46)) - raft.server.storage.dir = [/home/runner/work/ratis/ratis/ratis-test/target/test/data/4d59a56a/MiniRaftClusterWithRpcTypeGrpcAndDataStreamTypeNettyf98b5a90/s0] (custom)
2022-05-08 08:52:01,342 [s0-NettyServerStreamRpc-bossGroup--thread1] INFO  logging.LoggingHandler (AbstractInternalLogger.java:log(148)) - [id: 0x82489cef, L:/0.0.0.0:36315] ACTIVE
2022-05-08 08:52:01,342 [Time-limited test] INFO  server.RaftServer (RaftServerProxy.java:addNew(96)) - s0: addNew group-79EE622B0DCB:[s0|rpc:localhost:42959|admin:localhost:40575|client:localhost:33833|dataStream:localhost:36315|priority:0, s1|rpc:localhost:40643|admin:localhost:41257|client:localhost:45923|dataStream:localhost:35479|priority:0, s2|rpc:localhost:40737|admin:localhost:42805|client:localhost:34699|dataStream:localhost:41373|priority:0] returns group-79EE622B0DCB:java.util.concurrent.CompletableFuture@4c8cf637[Not completed]
2022-05-08 08:52:01,343 [pool-10-thread-1] INFO  server.RaftServer$Division (RaftServerImpl.java:<init>(184)) - s0: new RaftServerImpl for group-79EE622B0DCB:[s0|rpc:localhost:42959|admin:localhost:40575|client:localhost:33833|dataStream:localhost:36315|priority:0, s1|rpc:localhost:40643|admin:localhost:41257|client:localhost:45923|dataStream:localhost:35479|priority:0, s2|rpc:localhost:40737|admin:localhost:42805|client:localhost:34699|dataStream:localhost:41373|priority:0] with MultiDataStreamStateMachine:uninitialized
2022-05-08 08:52:01,343 [Time-limited test] INFO  impl.MiniRaftCluster (MiniRaftCluster.java:newRaftServer(358)) - newRaftServer: s1, group-79EE622B0DCB:[s0|rpc:localhost:42959|admin:localhost:40575|client:localhost:33833|dataStream:localhost:36315|priority:0, s1|rpc:localhost:40643|admin:localhost:41257|client:localhost:45923|dataStream:localhost:35479|priority:0, s2|rpc:localhost:40737|admin:localhost:42805|client:localhost:34699|dataStream:localhost:41373|priority:0], format? true
2022-05-08 08:52:01,344 [Time-limited test] TRACE util.FileUtils (FileUtils.java:deleteFully(162)) - deleteFully target/test/data/4d59a56a/MiniRaftClusterWithRpcTypeGrpcAndDataStreamTypeNettyf98b5a90/s1
2022-05-08 08:52:01,343 [pool-10-thread-1] INFO  server.RaftServerConfigKeys (ConfUtils.java:logGet(46)) - raft.server.rpc.timeout.min = 150ms (default)
2022-05-08 08:52:01,344 [Time-limited test] TRACE util.FileUtils (FileUtils.java:deleteFully(178)) - deleteFully: target/test/data/4d59a56a/MiniRaftClusterWithRpcTypeGrpcAndDataStreamTypeNettyf98b5a90/s1 does not exist.
2022-05-08 08:52:01,345 [pool-10-thread-1] INFO  server.RaftServerConfigKeys (ConfUtils.java:logGet(46)) - raft.server.rpc.timeout.max = 300ms (default)
2022-05-08 08:52:01,345 [Time-limited test] INFO  impl.MiniRaftCluster (MiniRaftCluster.java:newRaftServer(363)) - Formatted directory target/test/data/4d59a56a/MiniRaftClusterWithRpcTypeGrpcAndDataStreamTypeNettyf98b5a90/s1
2022-05-08 08:52:01,345 [pool-10-thread-1] INFO  server.RaftServerConfigKeys (ConfUtils.java:logGet(46)) - raft.server.rpc.sleep.time = 25ms (default)
2022-05-08 08:52:01,345 [pool-10-thread-1] INFO  server.RaftServerConfigKeys (ConfUtils.java:logGet(46)) - raft.server.rpc.slowness.timeout = 60s (default)
2022-05-08 08:52:01,346 [pool-10-thread-1] INFO  server.RaftServerConfigKeys (ConfUtils.java:logGet(46)) - raft.server.leaderelection.leader.step-down.wait-time = 10s (default)
2022-05-08 08:52:01,346 [pool-10-thread-1] INFO  server.RaftServerConfigKeys (ConfUtils.java:logGet(46)) - raft.server.sleep.deviation.threshold = 300ms (default)
2022-05-08 08:52:01,346 [Time-limited test] INFO  server.RaftServer (ConfUtils.java:logGet(46)) - raft.rpc.type = GRPC (default)
2022-05-08 08:52:01,346 [Time-limited test] INFO  grpc.GrpcFactory (GrpcFactory.java:checkPooledByteBufAllocatorUseCacheForAllThreads(48)) - PERFORMANCE WARNING: useCacheForAllThreads is true that may cause Netty to create a lot garbage objects and, as a result, trigger GC.
	It is recommended to disable useCacheForAllThreads by setting -Dorg.apache.ratis.thirdparty.io.netty.allocator.useCacheForAllThreads=false in command line.
2022-05-08 08:52:01,346 [Time-limited test] INFO  grpc.GrpcConfigKeys (ConfUtils.java:logGet(46)) - raft.grpc.admin.port = 41257 (custom)
2022-05-08 08:52:01,346 [Time-limited test] INFO  grpc.GrpcConfigKeys (ConfUtils.java:logGet(46)) - raft.grpc.client.port = 45923 (custom)
2022-05-08 08:52:01,346 [Time-limited test] INFO  grpc.GrpcConfigKeys (ConfUtils.java:logGet(46)) - raft.grpc.server.port = 40643 (custom)
2022-05-08 08:52:01,346 [Time-limited test] INFO  server.GrpcService (ConfUtils.java:logGet(46)) - raft.grpc.message.size.max = 64MB (=67108864) (default)
2022-05-08 08:52:01,346 [Time-limited test] INFO  server.RaftServerConfigKeys (ConfUtils.java:logGet(46)) - raft.server.log.appender.buffer.byte-limit = 4MB (=4194304) (default)
2022-05-08 08:52:01,346 [Time-limited test] INFO  server.GrpcService (ConfUtils.java:logGet(46)) - raft.grpc.flow.control.window = 1MB (=1048576) (default)
2022-05-08 08:52:01,346 [Time-limited test] INFO  server.RaftServerConfigKeys (ConfUtils.java:logGet(46)) - raft.server.rpc.request.timeout = 3000ms (default)
2022-05-08 08:52:01,346 [Time-limited test] INFO  grpc.GrpcConfigKeys (ConfUtils.java:logGet(46)) - raft.grpc.server.async.request.thread.pool.cached = true (default)
2022-05-08 08:52:01,346 [Time-limited test] INFO  grpc.GrpcConfigKeys (ConfUtils.java:logGet(46)) - raft.grpc.server.async.request.thread.pool.size = 32 (default)
2022-05-08 08:52:01,347 [Time-limited test] INFO  impl.DataStreamServerImpl (ConfUtils.java:logGet(46)) - raft.datastream.type = NETTY (custom)
2022-05-08 08:52:01,348 [Time-limited test] INFO  netty.NettyConfigKeys$DataStream (ConfUtils.java:logGet(46)) - raft.netty.dataStream.server.tls.conf = null (default)
2022-05-08 08:52:01,348 [Time-limited test] INFO  server.RaftServerConfigKeys (ConfUtils.java:logGet(46)) - raft.server.data-stream.async.request.thread.pool.cached = false (default)
2022-05-08 08:52:01,348 [Time-limited test] INFO  server.RaftServerConfigKeys (ConfUtils.java:logGet(46)) - raft.server.data-stream.async.request.thread.pool.size = 32 (default)
2022-05-08 08:52:01,348 [pool-10-thread-1] INFO  server.RaftServer$Division (ServerState.java:<init>(107)) - s0@group-79EE622B0DCB: ConfigurationManager, init=-1: [s0|rpc:localhost:42959|admin:localhost:40575|client:localhost:33833|dataStream:localhost:36315|priority:0, s1|rpc:localhost:40643|admin:localhost:41257|client:localhost:45923|dataStream:localhost:35479|priority:0, s2|rpc:localhost:40737|admin:localhost:42805|client:localhost:34699|dataStream:localhost:41373|priority:0], old=null, confs=<EMPTY_MAP>
2022-05-08 08:52:01,348 [Time-limited test] INFO  server.RaftServerConfigKeys (ConfUtils.java:logGet(46)) - raft.server.data-stream.async.write.thread.pool.size = 16 (default)
2022-05-08 08:52:01,348 [pool-10-thread-1] INFO  server.RaftServerConfigKeys (ConfUtils.java:logGet(46)) - raft.server.storage.dir = [/home/runner/work/ratis/ratis/ratis-test/target/test/data/4d59a56a/MiniRaftClusterWithRpcTypeGrpcAndDataStreamTypeNettyf98b5a90/s0] (custom)
2022-05-08 08:52:01,348 [Time-limited test] INFO  server.RaftServerConfigKeys (ConfUtils.java:logGet(46)) - raft.server.data-stream.client.pool.size = 10 (default)
2022-05-08 08:52:01,348 [Time-limited test] INFO  netty.NettyConfigKeys$DataStream (ConfUtils.java:logGet(46)) - raft.netty.dataStream.server.use-epoll = false (default)
2022-05-08 08:52:01,348 [Time-limited test] INFO  netty.NettyConfigKeys$DataStream (ConfUtils.java:logGet(46)) - raft.netty.dataStream.server.boss-group.size = 0 (default)
2022-05-08 08:52:01,349 [Time-limited test] INFO  netty.NettyConfigKeys$DataStream (ConfUtils.java:logGet(46)) - raft.netty.dataStream.server.worker-group.size = 0 (default)
2022-05-08 08:52:01,349 [Time-limited test] INFO  netty.NettyConfigKeys$DataStream (ConfUtils.java:logGet(46)) - raft.netty.dataStream.port = 35479 (custom)
2022-05-08 08:52:01,348 [pool-10-thread-1] INFO  server.RaftServerConfigKeys (ConfUtils.java:logGet(46)) - raft.server.log.corruption.policy = EXCEPTION (default)
2022-05-08 08:52:01,350 [pool-10-thread-1] INFO  server.RaftServerConfigKeys (ConfUtils.java:logGet(46)) - raft.server.storage.free-space.min = 0MB (=0) (default)
2022-05-08 08:52:01,350 [pool-10-thread-1] INFO  storage.RaftStorageDirectory (RaftStorageDirectoryImpl.java:analyzeStorage(135)) - The storage directory /home/runner/work/ratis/ratis/ratis-test/target/test/data/4d59a56a/MiniRaftClusterWithRpcTypeGrpcAndDataStreamTypeNettyf98b5a90/s0/74a77927-ad9e-4784-b354-79ee622b0dcb does not exist. Creating ...
2022-05-08 08:52:01,350 [pool-10-thread-1] TRACE util.FileUtils (LogUtils.java:runAndLog(49)) - Successfully ran Files.createDirectories /home/runner/work/ratis/ratis/ratis-test/target/test/data/4d59a56a/MiniRaftClusterWithRpcTypeGrpcAndDataStreamTypeNettyf98b5a90/s0/74a77927-ad9e-4784-b354-79ee622b0dcb
2022-05-08 08:52:01,351 [Time-limited test] INFO  server.RaftServerConfigKeys (ConfUtils.java:logGet(46)) - raft.server.threadpool.proxy.cached = true (default)
2022-05-08 08:52:01,351 [s1-NettyServerStreamRpc-bossGroup--thread1] INFO  logging.LoggingHandler (AbstractInternalLogger.java:log(148)) - [id: 0x010427d0] REGISTERED
2022-05-08 08:52:01,351 [Time-limited test] INFO  server.RaftServerConfigKeys (ConfUtils.java:logGet(46)) - raft.server.threadpool.proxy.size = 0 (default)
2022-05-08 08:52:01,351 [s1-NettyServerStreamRpc-bossGroup--thread1] INFO  logging.LoggingHandler (AbstractInternalLogger.java:log(148)) - [id: 0x010427d0] BIND: 0.0.0.0/0.0.0.0:35479
2022-05-08 08:52:01,351 [Time-limited test] INFO  server.RaftServerConfigKeys (ConfUtils.java:logGet(46)) - raft.server.rpc.slowness.timeout = 60s (default)
2022-05-08 08:52:01,351 [s1-NettyServerStreamRpc-bossGroup--thread1] INFO  logging.LoggingHandler (AbstractInternalLogger.java:log(148)) - [id: 0x010427d0, L:/0.0.0.0:35479] ACTIVE
2022-05-08 08:52:01,352 [pool-10-thread-1] INFO  storage.RaftStorageDirectory (RaftStorageDirectoryImpl.java:tryLock(230)) - Lock on /home/runner/work/ratis/ratis/ratis-test/target/test/data/4d59a56a/MiniRaftClusterWithRpcTypeGrpcAndDataStreamTypeNettyf98b5a90/s0/74a77927-ad9e-4784-b354-79ee622b0dcb/in_use.lock acquired by nodename 23200@fv-az241-15.bb25ywkzvhnelkltyshw0e441e.jx.internal.cloudapp.net
2022-05-08 08:52:01,352 [pool-10-thread-1] TRACE util.FileUtils (LogUtils.java:runAndLog(49)) - Successfully ran Files.createDirectories /home/runner/work/ratis/ratis/ratis-test/target/test/data/4d59a56a/MiniRaftClusterWithRpcTypeGrpcAndDataStreamTypeNettyf98b5a90/s0/74a77927-ad9e-4784-b354-79ee622b0dcb/current
2022-05-08 08:52:01,352 [pool-10-thread-1] TRACE util.FileUtils (LogUtils.java:runAndLog(49)) - Successfully ran Files.createDirectories /home/runner/work/ratis/ratis/ratis-test/target/test/data/4d59a56a/MiniRaftClusterWithRpcTypeGrpcAndDataStreamTypeNettyf98b5a90/s0/74a77927-ad9e-4784-b354-79ee622b0dcb/sm
2022-05-08 08:52:01,351 [Time-limited test] INFO  server.RaftServerConfigKeys (ConfUtils.java:logGet(46)) - raft.server.leaderelection.leader.step-down.wait-time = 10s (default)
2022-05-08 08:52:01,353 [Time-limited test] INFO  server.RaftServerConfigKeys (ConfUtils.java:logGet(46)) - raft.server.storage.dir = [/home/runner/work/ratis/ratis/ratis-test/target/test/data/4d59a56a/MiniRaftClusterWithRpcTypeGrpcAndDataStreamTypeNettyf98b5a90/s1] (custom)
2022-05-08 08:52:01,353 [pool-10-thread-1] INFO  storage.RaftStorage (RaftStorageImpl.java:format(89)) - Storage directory /home/runner/work/ratis/ratis/ratis-test/target/test/data/4d59a56a/MiniRaftClusterWithRpcTypeGrpcAndDataStreamTypeNettyf98b5a90/s0/74a77927-ad9e-4784-b354-79ee622b0dcb has been successfully formatted.
2022-05-08 08:52:01,353 [Time-limited test] INFO  server.RaftServer (RaftServerProxy.java:addNew(96)) - s1: addNew group-79EE622B0DCB:[s0|rpc:localhost:42959|admin:localhost:40575|client:localhost:33833|dataStream:localhost:36315|priority:0, s1|rpc:localhost:40643|admin:localhost:41257|client:localhost:45923|dataStream:localhost:35479|priority:0, s2|rpc:localhost:40737|admin:localhost:42805|client:localhost:34699|dataStream:localhost:41373|priority:0] returns group-79EE622B0DCB:java.util.concurrent.CompletableFuture@18b90c3e[Not completed]
2022-05-08 08:52:01,353 [pool-10-thread-1] INFO  server.RaftServerConfigKeys (ConfUtils.java:logGet(46)) - raft.server.notification.no-leader.timeout = 60s (default)
2022-05-08 08:52:01,354 [pool-11-thread-1] INFO  server.RaftServer$Division (RaftServerImpl.java:<init>(184)) - s1: new RaftServerImpl for group-79EE622B0DCB:[s0|rpc:localhost:42959|admin:localhost:40575|client:localhost:33833|dataStream:localhost:36315|priority:0, s1|rpc:localhost:40643|admin:localhost:41257|client:localhost:45923|dataStream:localhost:35479|priority:0, s2|rpc:localhost:40737|admin:localhost:42805|client:localhost:34699|dataStream:localhost:41373|priority:0] with MultiDataStreamStateMachine:uninitialized
2022-05-08 08:52:01,355 [Time-limited test] INFO  impl.MiniRaftCluster (MiniRaftCluster.java:newRaftServer(358)) - newRaftServer: s2, group-79EE622B0DCB:[s0|rpc:localhost:42959|admin:localhost:40575|client:localhost:33833|dataStream:localhost:36315|priority:0, s1|rpc:localhost:40643|admin:localhost:41257|client:localhost:45923|dataStream:localhost:35479|priority:0, s2|rpc:localhost:40737|admin:localhost:42805|client:localhost:34699|dataStream:localhost:41373|priority:0], format? true
2022-05-08 08:52:01,355 [Time-limited test] TRACE util.FileUtils (FileUtils.java:deleteFully(162)) - deleteFully target/test/data/4d59a56a/MiniRaftClusterWithRpcTypeGrpcAndDataStreamTypeNettyf98b5a90/s2
2022-05-08 08:52:01,355 [pool-11-thread-1] INFO  server.RaftServerConfigKeys (ConfUtils.java:logGet(46)) - raft.server.rpc.timeout.min = 150ms (default)
2022-05-08 08:52:01,356 [pool-10-thread-1] INFO  server.RaftServerConfigKeys (ConfUtils.java:logGet(46)) - raft.server.log.use.memory = false (default)
2022-05-08 08:52:01,356 [Time-limited test] TRACE util.FileUtils (FileUtils.java:deleteFully(178)) - deleteFully: target/test/data/4d59a56a/MiniRaftClusterWithRpcTypeGrpcAndDataStreamTypeNettyf98b5a90/s2 does not exist.
2022-05-08 08:52:01,356 [Time-limited test] INFO  impl.MiniRaftCluster (MiniRaftCluster.java:newRaftServer(363)) - Formatted directory target/test/data/4d59a56a/MiniRaftClusterWithRpcTypeGrpcAndDataStreamTypeNettyf98b5a90/s2
2022-05-08 08:52:01,356 [Time-limited test] INFO  server.RaftServer (ConfUtils.java:logGet(46)) - raft.rpc.type = GRPC (default)
2022-05-08 08:52:01,356 [Time-limited test] INFO  grpc.GrpcFactory (GrpcFactory.java:checkPooledByteBufAllocatorUseCacheForAllThreads(48)) - PERFORMANCE WARNING: useCacheForAllThreads is true that may cause Netty to create a lot garbage objects and, as a result, trigger GC.
	It is recommended to disable useCacheForAllThreads by setting -Dorg.apache.ratis.thirdparty.io.netty.allocator.useCacheForAllThreads=false in command line.
2022-05-08 08:52:01,356 [Time-limited test] INFO  grpc.GrpcConfigKeys (ConfUtils.java:logGet(46)) - raft.grpc.admin.port = 42805 (custom)
2022-05-08 08:52:01,356 [Time-limited test] INFO  grpc.GrpcConfigKeys (ConfUtils.java:logGet(46)) - raft.grpc.client.port = 34699 (custom)
2022-05-08 08:52:01,356 [Time-limited test] INFO  grpc.GrpcConfigKeys (ConfUtils.java:logGet(46)) - raft.grpc.server.port = 40737 (custom)
2022-05-08 08:52:01,357 [Time-limited test] INFO  server.GrpcService (ConfUtils.java:logGet(46)) - raft.grpc.message.size.max = 64MB (=67108864) (default)
2022-05-08 08:52:01,357 [Time-limited test] INFO  server.RaftServerConfigKeys (ConfUtils.java:logGet(46)) - raft.server.log.appender.buffer.byte-limit = 4MB (=4194304) (default)
2022-05-08 08:52:01,357 [Time-limited test] INFO  server.GrpcService (ConfUtils.java:logGet(46)) - raft.grpc.flow.control.window = 1MB (=1048576) (default)
2022-05-08 08:52:01,357 [Time-limited test] INFO  server.RaftServerConfigKeys (ConfUtils.java:logGet(46)) - raft.server.rpc.request.timeout = 3000ms (default)
2022-05-08 08:52:01,357 [Time-limited test] INFO  grpc.GrpcConfigKeys (ConfUtils.java:logGet(46)) - raft.grpc.server.async.request.thread.pool.cached = true (default)
2022-05-08 08:52:01,357 [Time-limited test] INFO  grpc.GrpcConfigKeys (ConfUtils.java:logGet(46)) - raft.grpc.server.async.request.thread.pool.size = 32 (default)
2022-05-08 08:52:01,356 [pool-10-thread-1] INFO  server.RaftServerConfigKeys (ConfUtils.java:logGet(46)) - raft.server.log.purge.gap = 1024 (default)
2022-05-08 08:52:01,357 [pool-10-thread-1] INFO  server.RaftServerConfigKeys (ConfUtils.java:logGet(46)) - raft.server.log.appender.buffer.byte-limit = 4MB (=4194304) (default)
2022-05-08 08:52:01,357 [pool-10-thread-1] INFO  server.RaftServerConfigKeys (ConfUtils.java:logGet(46)) - raft.server.log.statemachine.data.read.timeout = 1000ms (default)
2022-05-08 08:52:01,357 [pool-10-thread-1] INFO  server.RaftServerConfigKeys (ConfUtils.java:logGet(46)) - raft.server.log.segment.size.max = 8MB (=8388608) (default)
2022-05-08 08:52:01,358 [pool-10-thread-1] INFO  server.RaftServerConfigKeys (ConfUtils.java:logGet(46)) - raft.server.log.segment.cache.num.max = 6 (default)
2022-05-08 08:52:01,358 [pool-10-thread-1] INFO  server.RaftServerConfigKeys (ConfUtils.java:logGet(46)) - raft.server.log.segment.cache.size.max = 200MB (=209715200) (default)
2022-05-08 08:52:01,358 [pool-10-thread-1] INFO  segmented.SegmentedRaftLogWorker (SegmentedRaftLogWorker.java:<init>(187)) - new s0@group-79EE622B0DCB-SegmentedRaftLogWorker for RaftStorageImpl:Storage Directory /home/runner/work/ratis/ratis/ratis-test/target/test/data/4d59a56a/MiniRaftClusterWithRpcTypeGrpcAndDataStreamTypeNettyf98b5a90/s0/74a77927-ad9e-4784-b354-79ee622b0dcb
2022-05-08 08:52:01,358 [pool-10-thread-1] INFO  server.RaftServerConfigKeys (ConfUtils.java:logGet(46)) - raft.server.log.queue.byte-limit = 64MB (=67108864) (default)
2022-05-08 08:52:01,358 [pool-10-thread-1] INFO  server.RaftServerConfigKeys (ConfUtils.java:logGet(46)) - raft.server.log.queue.element-limit = 4096 (default)
2022-05-08 08:52:01,358 [pool-10-thread-1] INFO  server.RaftServerConfigKeys (ConfUtils.java:logGet(46)) - raft.server.log.segment.size.max = 8MB (=8388608) (default)
2022-05-08 08:52:01,358 [pool-10-thread-1] INFO  server.RaftServerConfigKeys (ConfUtils.java:logGet(46)) - raft.server.log.preallocated.size = 4MB (=4194304) (default)
2022-05-08 08:52:01,358 [pool-10-thread-1] INFO  server.RaftServerConfigKeys (ConfUtils.java:logGet(46)) - raft.server.log.force.sync.num = 128 (default)
2022-05-08 08:52:01,358 [pool-10-thread-1] INFO  server.RaftServerConfigKeys (ConfUtils.java:logGet(46)) - raft.server.log.statemachine.data.sync = true (default)
2022-05-08 08:52:01,358 [pool-10-thread-1] INFO  server.RaftServerConfigKeys (ConfUtils.java:logGet(46)) - raft.server.log.statemachine.data.sync.timeout = 10s (default)
2022-05-08 08:52:01,358 [pool-10-thread-1] INFO  server.RaftServerConfigKeys (ConfUtils.java:logGet(46)) - raft.server.log.statemachine.data.sync.timeout.retry = -1 (default)
2022-05-08 08:52:01,358 [Time-limited test] INFO  impl.DataStreamServerImpl (ConfUtils.java:logGet(46)) - raft.datastream.type = NETTY (custom)
2022-05-08 08:52:01,358 [Time-limited test] INFO  netty.NettyConfigKeys$DataStream (ConfUtils.java:logGet(46)) - raft.netty.dataStream.server.tls.conf = null (default)
2022-05-08 08:52:01,358 [Time-limited test] INFO  server.RaftServerConfigKeys (ConfUtils.java:logGet(46)) - raft.server.data-stream.async.request.thread.pool.cached = false (default)
2022-05-08 08:52:01,358 [Time-limited test] INFO  server.RaftServerConfigKeys (ConfUtils.java:logGet(46)) - raft.server.data-stream.async.request.thread.pool.size = 32 (default)
2022-05-08 08:52:01,359 [Time-limited test] INFO  server.RaftServerConfigKeys (ConfUtils.java:logGet(46)) - raft.server.data-stream.async.write.thread.pool.size = 16 (default)
2022-05-08 08:52:01,359 [Time-limited test] INFO  server.RaftServerConfigKeys (ConfUtils.java:logGet(46)) - raft.server.data-stream.client.pool.size = 10 (default)
2022-05-08 08:52:01,359 [Time-limited test] INFO  netty.NettyConfigKeys$DataStream (ConfUtils.java:logGet(46)) - raft.netty.dataStream.server.use-epoll = false (default)
2022-05-08 08:52:01,359 [Time-limited test] INFO  netty.NettyConfigKeys$DataStream (ConfUtils.java:logGet(46)) - raft.netty.dataStream.server.boss-group.size = 0 (default)
2022-05-08 08:52:01,359 [Time-limited test] INFO  netty.NettyConfigKeys$DataStream (ConfUtils.java:logGet(46)) - raft.netty.dataStream.server.worker-group.size = 0 (default)
2022-05-08 08:52:01,359 [Time-limited test] INFO  netty.NettyConfigKeys$DataStream (ConfUtils.java:logGet(46)) - raft.netty.dataStream.port = 41373 (custom)
2022-05-08 08:52:01,358 [pool-10-thread-1] INFO  server.RaftServerConfigKeys (ConfUtils.java:logGet(46)) - raft.server.log.write.buffer.size = 64KB (=65536) (default)
2022-05-08 08:52:01,362 [pool-10-thread-1] INFO  server.RaftServerConfigKeys (ConfUtils.java:logGet(46)) - raft.server.log.unsafe-flush.enabled = false (default)
2022-05-08 08:52:01,362 [pool-10-thread-1] INFO  server.RaftServerConfigKeys (ConfUtils.java:logGet(46)) - raft.server.log.statemachine.data.caching.enabled = false (default)
2022-05-08 08:52:01,362 [pool-10-thread-1] INFO  segmented.SegmentedRaftLogWorker (SegmentedRaftLogWorker.java:lambda$new$0(135)) - s0@group-79EE622B0DCB-SegmentedRaftLogWorker: flushIndex: setUnconditionally 0 -> -1
2022-05-08 08:52:01,362 [pool-10-thread-1] INFO  segmented.SegmentedRaftLogWorker (SegmentedRaftLogWorker.java:lambda$new$0(135)) - s0@group-79EE622B0DCB-SegmentedRaftLogWorker: safeCacheEvictIndex: setUnconditionally 0 -> -1
2022-05-08 08:52:01,362 [pool-11-thread-1] INFO  server.RaftServerConfigKeys (ConfUtils.java:logGet(46)) - raft.server.rpc.timeout.max = 300ms (default)
2022-05-08 08:52:01,363 [Time-limited test] INFO  server.RaftServerConfigKeys (ConfUtils.java:logGet(46)) - raft.server.threadpool.proxy.cached = true (default)
2022-05-08 08:52:01,363 [Time-limited test] INFO  server.RaftServerConfigKeys (ConfUtils.java:logGet(46)) - raft.server.threadpool.proxy.size = 0 (default)
2022-05-08 08:52:01,363 [Time-limited test] INFO  server.RaftServerConfigKeys (ConfUtils.java:logGet(46)) - raft.server.rpc.slowness.timeout = 60s (default)
2022-05-08 08:52:01,363 [Time-limited test] INFO  server.RaftServerConfigKeys (ConfUtils.java:logGet(46)) - raft.server.leaderelection.leader.step-down.wait-time = 10s (default)
2022-05-08 08:52:01,363 [pool-10-thread-1] INFO  server.RaftServerConfigKeys (ConfUtils.java:logGet(46)) - raft.server.snapshot.auto.trigger.enabled = false (default)
2022-05-08 08:52:01,363 [pool-10-thread-1] INFO  server.RaftServerConfigKeys (ConfUtils.java:logGet(46)) - raft.server.snapshot.retention.file.num = -1 (default)
2022-05-08 08:52:01,363 [Time-limited test] INFO  server.RaftServerConfigKeys (ConfUtils.java:logGet(46)) - raft.server.storage.dir = [/home/runner/work/ratis/ratis/ratis-test/target/test/data/4d59a56a/MiniRaftClusterWithRpcTypeGrpcAndDataStreamTypeNettyf98b5a90/s2] (custom)
2022-05-08 08:52:01,363 [pool-11-thread-1] INFO  server.RaftServerConfigKeys (ConfUtils.java:logGet(46)) - raft.server.rpc.sleep.time = 25ms (default)
2022-05-08 08:52:01,363 [s2-NettyServerStreamRpc-bossGroup--thread1] INFO  logging.LoggingHandler (AbstractInternalLogger.java:log(148)) - [id: 0x97038635] REGISTERED
2022-05-08 08:52:01,364 [pool-11-thread-1] INFO  server.RaftServerConfigKeys (ConfUtils.java:logGet(46)) - raft.server.rpc.slowness.timeout = 60s (default)
2022-05-08 08:52:01,363 [pool-10-thread-1] INFO  server.RaftServerConfigKeys (ConfUtils.java:logGet(46)) - raft.server.log.purge.upto.snapshot.index = false (default)
2022-05-08 08:52:01,364 [pool-10-thread-1] INFO  server.RaftServerConfigKeys (ConfUtils.java:logGet(46)) - raft.server.retrycache.expirytime = 60s (default)
2022-05-08 08:52:01,364 [pool-10-thread-1] INFO  server.RaftServerConfigKeys (ConfUtils.java:logGet(46)) - raft.server.retrycache.statistics.expirytime = 100μs (default)
2022-05-08 08:52:01,364 [pool-11-thread-1] INFO  server.RaftServerConfigKeys (ConfUtils.java:logGet(46)) - raft.server.leaderelection.leader.step-down.wait-time = 10s (default)
2022-05-08 08:52:01,365 [pool-11-thread-1] INFO  server.RaftServerConfigKeys (ConfUtils.java:logGet(46)) - raft.server.sleep.deviation.threshold = 300ms (default)
2022-05-08 08:52:01,364 [s2-NettyServerStreamRpc-bossGroup--thread1] INFO  logging.LoggingHandler (AbstractInternalLogger.java:log(148)) - [id: 0x97038635] BIND: 0.0.0.0/0.0.0.0:41373
2022-05-08 08:52:01,369 [s2-NettyServerStreamRpc-bossGroup--thread1] INFO  logging.LoggingHandler (AbstractInternalLogger.java:log(148)) - [id: 0x97038635, L:/0.0.0.0:41373] ACTIVE
2022-05-08 08:52:01,365 [pool-12-thread-1] INFO  server.RaftServer$Division (RaftServerImpl.java:<init>(184)) - s2: new RaftServerImpl for group-79EE622B0DCB:[s0|rpc:localhost:42959|admin:localhost:40575|client:localhost:33833|dataStream:localhost:36315|priority:0, s1|rpc:localhost:40643|admin:localhost:41257|client:localhost:45923|dataStream:localhost:35479|priority:0, s2|rpc:localhost:40737|admin:localhost:42805|client:localhost:34699|dataStream:localhost:41373|priority:0] with MultiDataStreamStateMachine:uninitialized
2022-05-08 08:52:01,365 [Time-limited test] INFO  server.RaftServer (RaftServerProxy.java:addNew(96)) - s2: addNew group-79EE622B0DCB:[s0|rpc:localhost:42959|admin:localhost:40575|client:localhost:33833|dataStream:localhost:36315|priority:0, s1|rpc:localhost:40643|admin:localhost:41257|client:localhost:45923|dataStream:localhost:35479|priority:0, s2|rpc:localhost:40737|admin:localhost:42805|client:localhost:34699|dataStream:localhost:41373|priority:0] returns group-79EE622B0DCB:java.util.concurrent.CompletableFuture@506a3413[Not completed]
2022-05-08 08:52:01,365 [pool-10-thread-1] INFO  server.RaftServerConfigKeys (ConfUtils.java:logGet(46)) - raft.server.log.appender.install.snapshot.enabled = true (default)
2022-05-08 08:52:01,374 [pool-10-thread-1] INFO  server.RaftServerConfigKeys (ConfUtils.java:logGet(46)) - raft.server.threadpool.server.cached = true (default)
2022-05-08 08:52:01,374 [pool-10-thread-1] INFO  server.RaftServerConfigKeys (ConfUtils.java:logGet(46)) - raft.server.threadpool.server.size = 0 (default)
2022-05-08 08:52:01,374 [pool-10-thread-1] INFO  server.RaftServerConfigKeys (ConfUtils.java:logGet(46)) - raft.server.threadpool.client.cached = true (default)
2022-05-08 08:52:01,374 [pool-10-thread-1] INFO  server.RaftServerConfigKeys (ConfUtils.java:logGet(46)) - raft.server.threadpool.client.size = 0 (default)
2022-05-08 08:52:01,374 [pool-12-thread-1] INFO  server.RaftServerConfigKeys (ConfUtils.java:logGet(46)) - raft.server.rpc.timeout.min = 150ms (default)
2022-05-08 08:52:01,375 [s0-impl-thread1] INFO  server.RaftServer$Division (RaftServerImpl.java:start(304)) - s0@group-79EE622B0DCB: start as a follower, conf=-1: [s0|rpc:localhost:42959|admin:localhost:40575|client:localhost:33833|dataStream:localhost:36315|priority:0, s1|rpc:localhost:40643|admin:localhost:41257|client:localhost:45923|dataStream:localhost:35479|priority:0, s2|rpc:localhost:40737|admin:localhost:42805|client:localhost:34699|dataStream:localhost:41373|priority:0], old=null
2022-05-08 08:52:01,375 [pool-12-thread-1] INFO  server.RaftServerConfigKeys (ConfUtils.java:logGet(46)) - raft.server.rpc.timeout.max = 300ms (default)
2022-05-08 08:52:01,375 [s0-impl-thread1] INFO  server.RaftServer$Division (RaftServerImpl.java:setRole(293)) - s0@group-79EE622B0DCB: changes role from      null to FOLLOWER at term 0 for startAsFollower
2022-05-08 08:52:01,376 [s0-impl-thread1] INFO  impl.RoleInfo (RoleInfo.java:updateAndGet(139)) - s0: start s0@group-79EE622B0DCB-FollowerState
2022-05-08 08:52:01,376 [pool-12-thread-1] INFO  server.RaftServerConfigKeys (ConfUtils.java:logGet(46)) - raft.server.rpc.sleep.time = 25ms (default)
2022-05-08 08:52:01,376 [pool-12-thread-1] INFO  server.RaftServerConfigKeys (ConfUtils.java:logGet(46)) - raft.server.rpc.slowness.timeout = 60s (default)
2022-05-08 08:52:01,377 [pool-12-thread-1] INFO  server.RaftServerConfigKeys (ConfUtils.java:logGet(46)) - raft.server.leaderelection.leader.step-down.wait-time = 10s (default)
2022-05-08 08:52:01,377 [pool-12-thread-1] INFO  server.RaftServerConfigKeys (ConfUtils.java:logGet(46)) - raft.server.sleep.deviation.threshold = 300ms (default)
2022-05-08 08:52:01,377 [pool-12-thread-1] INFO  server.RaftServer$Division (ServerState.java:<init>(107)) - s2@group-79EE622B0DCB: ConfigurationManager, init=-1: [s0|rpc:localhost:42959|admin:localhost:40575|client:localhost:33833|dataStream:localhost:36315|priority:0, s1|rpc:localhost:40643|admin:localhost:41257|client:localhost:45923|dataStream:localhost:35479|priority:0, s2|rpc:localhost:40737|admin:localhost:42805|client:localhost:34699|dataStream:localhost:41373|priority:0], old=null, confs=<EMPTY_MAP>
2022-05-08 08:52:01,377 [pool-12-thread-1] INFO  server.RaftServerConfigKeys (ConfUtils.java:logGet(46)) - raft.server.storage.dir = [/home/runner/work/ratis/ratis/ratis-test/target/test/data/4d59a56a/MiniRaftClusterWithRpcTypeGrpcAndDataStreamTypeNettyf98b5a90/s2] (custom)
2022-05-08 08:52:01,377 [pool-12-thread-1] INFO  server.RaftServerConfigKeys (ConfUtils.java:logGet(46)) - raft.server.log.corruption.policy = EXCEPTION (default)
2022-05-08 08:52:01,377 [pool-12-thread-1] INFO  server.RaftServerConfigKeys (ConfUtils.java:logGet(46)) - raft.server.storage.free-space.min = 0MB (=0) (default)
2022-05-08 08:52:01,377 [pool-12-thread-1] INFO  storage.RaftStorageDirectory (RaftStorageDirectoryImpl.java:analyzeStorage(135)) - The storage directory /home/runner/work/ratis/ratis/ratis-test/target/test/data/4d59a56a/MiniRaftClusterWithRpcTypeGrpcAndDataStreamTypeNettyf98b5a90/s2/74a77927-ad9e-4784-b354-79ee622b0dcb does not exist. Creating ...
2022-05-08 08:52:01,378 [pool-12-thread-1] TRACE util.FileUtils (LogUtils.java:runAndLog(49)) - Successfully ran Files.createDirectories /home/runner/work/ratis/ratis/ratis-test/target/test/data/4d59a56a/MiniRaftClusterWithRpcTypeGrpcAndDataStreamTypeNettyf98b5a90/s2/74a77927-ad9e-4784-b354-79ee622b0dcb
2022-05-08 08:52:01,378 [pool-11-thread-1] INFO  server.RaftServer$Division (ServerState.java:<init>(107)) - s1@group-79EE622B0DCB: ConfigurationManager, init=-1: [s0|rpc:localhost:42959|admin:localhost:40575|client:localhost:33833|dataStream:localhost:36315|priority:0, s1|rpc:localhost:40643|admin:localhost:41257|client:localhost:45923|dataStream:localhost:35479|priority:0, s2|rpc:localhost:40737|admin:localhost:42805|client:localhost:34699|dataStream:localhost:41373|priority:0], old=null, confs=<EMPTY_MAP>
2022-05-08 08:52:01,378 [s0-impl-thread1] INFO  util.JmxRegister (JmxRegister.java:tryRegister(44)) - Successfully registered JMX Bean with object name Ratis:service=RaftServer,group=group-79EE622B0DCB,id=s0
2022-05-08 08:52:01,378 [pool-11-thread-1] INFO  server.RaftServerConfigKeys (ConfUtils.java:logGet(46)) - raft.server.storage.dir = [/home/runner/work/ratis/ratis/ratis-test/target/test/data/4d59a56a/MiniRaftClusterWithRpcTypeGrpcAndDataStreamTypeNettyf98b5a90/s1] (custom)
2022-05-08 08:52:01,379 [Time-limited test] INFO  server.RaftServer (RaftServerProxy.java:lambda$start$6(382)) - s0: start RPC server
2022-05-08 08:52:01,379 [pool-12-thread-1] INFO  storage.RaftStorageDirectory (RaftStorageDirectoryImpl.java:tryLock(230)) - Lock on /home/runner/work/ratis/ratis/ratis-test/target/test/data/4d59a56a/MiniRaftClusterWithRpcTypeGrpcAndDataStreamTypeNettyf98b5a90/s2/74a77927-ad9e-4784-b354-79ee622b0dcb/in_use.lock acquired by nodename 23200@fv-az241-15.bb25ywkzvhnelkltyshw0e441e.jx.internal.cloudapp.net
2022-05-08 08:52:01,384 [pool-12-thread-1] TRACE util.FileUtils (LogUtils.java:runAndLog(49)) - Successfully ran Files.createDirectories /home/runner/work/ratis/ratis/ratis-test/target/test/data/4d59a56a/MiniRaftClusterWithRpcTypeGrpcAndDataStreamTypeNettyf98b5a90/s2/74a77927-ad9e-4784-b354-79ee622b0dcb/current
2022-05-08 08:52:01,384 [pool-12-thread-1] TRACE util.FileUtils (LogUtils.java:runAndLog(49)) - Successfully ran Files.createDirectories /home/runner/work/ratis/ratis/ratis-test/target/test/data/4d59a56a/MiniRaftClusterWithRpcTypeGrpcAndDataStreamTypeNettyf98b5a90/s2/74a77927-ad9e-4784-b354-79ee622b0dcb/sm
2022-05-08 08:52:01,384 [pool-11-thread-1] INFO  server.RaftServerConfigKeys (ConfUtils.java:logGet(46)) - raft.server.log.corruption.policy = EXCEPTION (default)
2022-05-08 08:52:01,384 [pool-11-thread-1] INFO  server.RaftServerConfigKeys (ConfUtils.java:logGet(46)) - raft.server.storage.free-space.min = 0MB (=0) (default)
2022-05-08 08:52:01,384 [pool-11-thread-1] INFO  storage.RaftStorageDirectory (RaftStorageDirectoryImpl.java:analyzeStorage(135)) - The storage directory /home/runner/work/ratis/ratis/ratis-test/target/test/data/4d59a56a/MiniRaftClusterWithRpcTypeGrpcAndDataStreamTypeNettyf98b5a90/s1/74a77927-ad9e-4784-b354-79ee622b0dcb does not exist. Creating ...
2022-05-08 08:52:01,386 [Time-limited test] INFO  server.GrpcService (GrpcService.java:startImpl(260)) - s0: GrpcService started, listening on 42959
2022-05-08 08:52:01,386 [pool-11-thread-1] TRACE util.FileUtils (LogUtils.java:runAndLog(49)) - Successfully ran Files.createDirectories /home/runner/work/ratis/ratis/ratis-test/target/test/data/4d59a56a/MiniRaftClusterWithRpcTypeGrpcAndDataStreamTypeNettyf98b5a90/s1/74a77927-ad9e-4784-b354-79ee622b0dcb
2022-05-08 08:52:01,386 [pool-12-thread-1] INFO  storage.RaftStorage (RaftStorageImpl.java:format(89)) - Storage directory /home/runner/work/ratis/ratis/ratis-test/target/test/data/4d59a56a/MiniRaftClusterWithRpcTypeGrpcAndDataStreamTypeNettyf98b5a90/s2/74a77927-ad9e-4784-b354-79ee622b0dcb has been successfully formatted.
2022-05-08 08:52:01,388 [Time-limited test] INFO  server.GrpcService (GrpcService.java:startImpl(260)) - s0: GrpcService started, listening on 40575
2022-05-08 08:52:01,388 [pool-12-thread-1] INFO  server.RaftServerConfigKeys (ConfUtils.java:logGet(46)) - raft.server.notification.no-leader.timeout = 60s (default)
2022-05-08 08:52:01,389 [pool-12-thread-1] INFO  server.RaftServerConfigKeys (ConfUtils.java:logGet(46)) - raft.server.log.use.memory = false (default)
2022-05-08 08:52:01,389 [pool-12-thread-1] INFO  server.RaftServerConfigKeys (ConfUtils.java:logGet(46)) - raft.server.log.purge.gap = 1024 (default)
2022-05-08 08:52:01,389 [pool-12-thread-1] INFO  server.RaftServerConfigKeys (ConfUtils.java:logGet(46)) - raft.server.log.appender.buffer.byte-limit = 4MB (=4194304) (default)
2022-05-08 08:52:01,389 [pool-12-thread-1] INFO  server.RaftServerConfigKeys (ConfUtils.java:logGet(46)) - raft.server.log.statemachine.data.read.timeout = 1000ms (default)
2022-05-08 08:52:01,392 [pool-12-thread-1] INFO  server.RaftServerConfigKeys (ConfUtils.java:logGet(46)) - raft.server.log.segment.size.max = 8MB (=8388608) (default)
2022-05-08 08:52:01,393 [pool-12-thread-1] INFO  server.RaftServerConfigKeys (ConfUtils.java:logGet(46)) - raft.server.log.segment.cache.num.max = 6 (default)
2022-05-08 08:52:01,393 [pool-12-thread-1] INFO  server.RaftServerConfigKeys (ConfUtils.java:logGet(46)) - raft.server.log.segment.cache.size.max = 200MB (=209715200) (default)
2022-05-08 08:52:01,393 [pool-12-thread-1] INFO  segmented.SegmentedRaftLogWorker (SegmentedRaftLogWorker.java:<init>(187)) - new s2@group-79EE622B0DCB-SegmentedRaftLogWorker for RaftStorageImpl:Storage Directory /home/runner/work/ratis/ratis/ratis-test/target/test/data/4d59a56a/MiniRaftClusterWithRpcTypeGrpcAndDataStreamTypeNettyf98b5a90/s2/74a77927-ad9e-4784-b354-79ee622b0dcb
2022-05-08 08:52:01,393 [pool-12-thread-1] INFO  server.RaftServerConfigKeys (ConfUtils.java:logGet(46)) - raft.server.log.queue.byte-limit = 64MB (=67108864) (default)
2022-05-08 08:52:01,393 [pool-12-thread-1] INFO  server.RaftServerConfigKeys (ConfUtils.java:logGet(46)) - raft.server.log.queue.element-limit = 4096 (default)
2022-05-08 08:52:01,393 [pool-12-thread-1] INFO  server.RaftServerConfigKeys (ConfUtils.java:logGet(46)) - raft.server.log.segment.size.max = 8MB (=8388608) (default)
2022-05-08 08:52:01,393 [pool-12-thread-1] INFO  server.RaftServerConfigKeys (ConfUtils.java:logGet(46)) - raft.server.log.preallocated.size = 4MB (=4194304) (default)
2022-05-08 08:52:01,393 [pool-12-thread-1] INFO  server.RaftServerConfigKeys (ConfUtils.java:logGet(46)) - raft.server.log.force.sync.num = 128 (default)
2022-05-08 08:52:01,393 [pool-12-thread-1] INFO  server.RaftServerConfigKeys (ConfUtils.java:logGet(46)) - raft.server.log.statemachine.data.sync = true (default)
2022-05-08 08:52:01,393 [pool-12-thread-1] INFO  server.RaftServerConfigKeys (ConfUtils.java:logGet(46)) - raft.server.log.statemachine.data.sync.timeout = 10s (default)
2022-05-08 08:52:01,393 [pool-12-thread-1] INFO  server.RaftServerConfigKeys (ConfUtils.java:logGet(46)) - raft.server.log.statemachine.data.sync.timeout.retry = -1 (default)
2022-05-08 08:52:01,393 [pool-12-thread-1] INFO  server.RaftServerConfigKeys (ConfUtils.java:logGet(46)) - raft.server.log.write.buffer.size = 64KB (=65536) (default)
2022-05-08 08:52:01,393 [pool-12-thread-1] INFO  server.RaftServerConfigKeys (ConfUtils.java:logGet(46)) - raft.server.log.unsafe-flush.enabled = false (default)
2022-05-08 08:52:01,394 [pool-12-thread-1] INFO  server.RaftServerConfigKeys (ConfUtils.java:logGet(46)) - raft.server.log.statemachine.data.caching.enabled = false (default)
2022-05-08 08:52:01,394 [pool-12-thread-1] INFO  segmented.SegmentedRaftLogWorker (SegmentedRaftLogWorker.java:lambda$new$0(135)) - s2@group-79EE622B0DCB-SegmentedRaftLogWorker: flushIndex: setUnconditionally 0 -> -1
2022-05-08 08:52:01,394 [pool-12-thread-1] INFO  segmented.SegmentedRaftLogWorker (SegmentedRaftLogWorker.java:lambda$new$0(135)) - s2@group-79EE622B0DCB-SegmentedRaftLogWorker: safeCacheEvictIndex: setUnconditionally 0 -> -1
2022-05-08 08:52:01,392 [pool-11-thread-1] INFO  storage.RaftStorageDirectory (RaftStorageDirectoryImpl.java:tryLock(230)) - Lock on /home/runner/work/ratis/ratis/ratis-test/target/test/data/4d59a56a/MiniRaftClusterWithRpcTypeGrpcAndDataStreamTypeNettyf98b5a90/s1/74a77927-ad9e-4784-b354-79ee622b0dcb/in_use.lock acquired by nodename 23200@fv-az241-15.bb25ywkzvhnelkltyshw0e441e.jx.internal.cloudapp.net
2022-05-08 08:52:01,390 [Time-limited test] INFO  server.GrpcService (GrpcService.java:startImpl(260)) - s0: GrpcService started, listening on 33833
2022-05-08 08:52:01,394 [pool-12-thread-1] INFO  server.RaftServerConfigKeys (ConfUtils.java:logGet(46)) - raft.server.snapshot.auto.trigger.enabled = false (default)
2022-05-08 08:52:01,394 [pool-12-thread-1] INFO  server.RaftServerConfigKeys (ConfUtils.java:logGet(46)) - raft.server.snapshot.retention.file.num = -1 (default)
2022-05-08 08:52:01,394 [pool-12-thread-1] INFO  server.RaftServerConfigKeys (ConfUtils.java:logGet(46)) - raft.server.log.purge.upto.snapshot.index = false (default)
2022-05-08 08:52:01,394 [pool-12-thread-1] INFO  server.RaftServerConfigKeys (ConfUtils.java:logGet(46)) - raft.server.retrycache.expirytime = 60s (default)
2022-05-08 08:52:01,395 [pool-12-thread-1] INFO  server.RaftServerConfigKeys (ConfUtils.java:logGet(46)) - raft.server.retrycache.statistics.expirytime = 100μs (default)
2022-05-08 08:52:01,403 [pool-12-thread-1] INFO  server.RaftServerConfigKeys (ConfUtils.java:logGet(46)) - raft.server.log.appender.install.snapshot.enabled = true (default)
2022-05-08 08:52:01,403 [pool-12-thread-1] INFO  server.RaftServerConfigKeys (ConfUtils.java:logGet(46)) - raft.server.threadpool.server.cached = true (default)
2022-05-08 08:52:01,403 [pool-12-thread-1] INFO  server.RaftServerConfigKeys (ConfUtils.java:logGet(46)) - raft.server.threadpool.server.size = 0 (default)
2022-05-08 08:52:01,403 [pool-12-thread-1] INFO  server.RaftServerConfigKeys (ConfUtils.java:logGet(46)) - raft.server.threadpool.client.cached = true (default)
2022-05-08 08:52:01,403 [pool-12-thread-1] INFO  server.RaftServerConfigKeys (ConfUtils.java:logGet(46)) - raft.server.threadpool.client.size = 0 (default)
2022-05-08 08:52:01,395 [pool-11-thread-1] TRACE util.FileUtils (LogUtils.java:runAndLog(49)) - Successfully ran Files.createDirectories /home/runner/work/ratis/ratis/ratis-test/target/test/data/4d59a56a/MiniRaftClusterWithRpcTypeGrpcAndDataStreamTypeNettyf98b5a90/s1/74a77927-ad9e-4784-b354-79ee622b0dcb/current
2022-05-08 08:52:01,404 [pool-11-thread-1] TRACE util.FileUtils (LogUtils.java:runAndLog(49)) - Successfully ran Files.createDirectories /home/runner/work/ratis/ratis/ratis-test/target/test/data/4d59a56a/MiniRaftClusterWithRpcTypeGrpcAndDataStreamTypeNettyf98b5a90/s1/74a77927-ad9e-4784-b354-79ee622b0dcb/sm
2022-05-08 08:52:01,404 [org.apache.ratis.util.JvmPauseMonitor$$Lambda$270/1443454677@5bc141dc] INFO  util.JvmPauseMonitor (JvmPauseMonitor.java:run(103)) - JvmPauseMonitor-s0: Started
2022-05-08 08:52:01,404 [pool-11-thread-1] INFO  storage.RaftStorage (RaftStorageImpl.java:format(89)) - Storage directory /home/runner/work/ratis/ratis/ratis-test/target/test/data/4d59a56a/MiniRaftClusterWithRpcTypeGrpcAndDataStreamTypeNettyf98b5a90/s1/74a77927-ad9e-4784-b354-79ee622b0dcb has been successfully formatted.
2022-05-08 08:52:01,405 [pool-11-thread-1] INFO  server.RaftServerConfigKeys (ConfUtils.java:logGet(46)) - raft.server.notification.no-leader.timeout = 60s (default)
2022-05-08 08:52:01,405 [pool-11-thread-1] INFO  server.RaftServerConfigKeys (ConfUtils.java:logGet(46)) - raft.server.log.use.memory = false (default)
2022-05-08 08:52:01,405 [pool-11-thread-1] INFO  server.RaftServerConfigKeys (ConfUtils.java:logGet(46)) - raft.server.log.purge.gap = 1024 (default)
2022-05-08 08:52:01,405 [pool-11-thread-1] INFO  server.RaftServerConfigKeys (ConfUtils.java:logGet(46)) - raft.server.log.appender.buffer.byte-limit = 4MB (=4194304) (default)
2022-05-08 08:52:01,405 [pool-11-thread-1] INFO  server.RaftServerConfigKeys (ConfUtils.java:logGet(46)) - raft.server.log.statemachine.data.read.timeout = 1000ms (default)
2022-05-08 08:52:01,405 [pool-11-thread-1] INFO  server.RaftServerConfigKeys (ConfUtils.java:logGet(46)) - raft.server.log.segment.size.max = 8MB (=8388608) (default)
2022-05-08 08:52:01,405 [pool-11-thread-1] INFO  server.RaftServerConfigKeys (ConfUtils.java:logGet(46)) - raft.server.log.segment.cache.num.max = 6 (default)
2022-05-08 08:52:01,405 [pool-11-thread-1] INFO  server.RaftServerConfigKeys (ConfUtils.java:logGet(46)) - raft.server.log.segment.cache.size.max = 200MB (=209715200) (default)
2022-05-08 08:52:01,405 [pool-11-thread-1] INFO  segmented.SegmentedRaftLogWorker (SegmentedRaftLogWorker.java:<init>(187)) - new s1@group-79EE622B0DCB-SegmentedRaftLogWorker for RaftStorageImpl:Storage Directory /home/runner/work/ratis/ratis/ratis-test/target/test/data/4d59a56a/MiniRaftClusterWithRpcTypeGrpcAndDataStreamTypeNettyf98b5a90/s1/74a77927-ad9e-4784-b354-79ee622b0dcb
2022-05-08 08:52:01,405 [pool-11-thread-1] INFO  server.RaftServerConfigKeys (ConfUtils.java:logGet(46)) - raft.server.log.queue.byte-limit = 64MB (=67108864) (default)
2022-05-08 08:52:01,405 [pool-11-thread-1] INFO  server.RaftServerConfigKeys (ConfUtils.java:logGet(46)) - raft.server.log.queue.element-limit = 4096 (default)
2022-05-08 08:52:01,405 [pool-11-thread-1] INFO  server.RaftServerConfigKeys (ConfUtils.java:logGet(46)) - raft.server.log.segment.size.max = 8MB (=8388608) (default)
2022-05-08 08:52:01,405 [pool-11-thread-1] INFO  server.RaftServerConfigKeys (ConfUtils.java:logGet(46)) - raft.server.log.preallocated.size = 4MB (=4194304) (default)
2022-05-08 08:52:01,405 [pool-11-thread-1] INFO  server.RaftServerConfigKeys (ConfUtils.java:logGet(46)) - raft.server.log.force.sync.num = 128 (default)
2022-05-08 08:52:01,406 [pool-11-thread-1] INFO  server.RaftServerConfigKeys (ConfUtils.java:logGet(46)) - raft.server.log.statemachine.data.sync = true (default)
2022-05-08 08:52:01,406 [pool-11-thread-1] INFO  server.RaftServerConfigKeys (ConfUtils.java:logGet(46)) - raft.server.log.statemachine.data.sync.timeout = 10s (default)
2022-05-08 08:52:01,406 [pool-11-thread-1] INFO  server.RaftServerConfigKeys (ConfUtils.java:logGet(46)) - raft.server.log.statemachine.data.sync.timeout.retry = -1 (default)
2022-05-08 08:52:01,406 [pool-11-thread-1] INFO  server.RaftServerConfigKeys (ConfUtils.java:logGet(46)) - raft.server.log.write.buffer.size = 64KB (=65536) (default)
2022-05-08 08:52:01,406 [pool-11-thread-1] INFO  server.RaftServerConfigKeys (ConfUtils.java:logGet(46)) - raft.server.log.unsafe-flush.enabled = false (default)
2022-05-08 08:52:01,406 [pool-11-thread-1] INFO  server.RaftServerConfigKeys (ConfUtils.java:logGet(46)) - raft.server.log.statemachine.data.caching.enabled = false (default)
2022-05-08 08:52:01,406 [pool-11-thread-1] INFO  segmented.SegmentedRaftLogWorker (SegmentedRaftLogWorker.java:lambda$new$0(135)) - s1@group-79EE622B0DCB-SegmentedRaftLogWorker: flushIndex: setUnconditionally 0 -> -1
2022-05-08 08:52:01,406 [pool-11-thread-1] INFO  segmented.SegmentedRaftLogWorker (SegmentedRaftLogWorker.java:lambda$new$0(135)) - s1@group-79EE622B0DCB-SegmentedRaftLogWorker: safeCacheEvictIndex: setUnconditionally 0 -> -1
2022-05-08 08:52:01,409 [pool-11-thread-1] INFO  server.RaftServerConfigKeys (ConfUtils.java:logGet(46)) - raft.server.snapshot.auto.trigger.enabled = false (default)
2022-05-08 08:52:01,409 [pool-11-thread-1] INFO  server.RaftServerConfigKeys (ConfUtils.java:logGet(46)) - raft.server.snapshot.retention.file.num = -1 (default)
2022-05-08 08:52:01,409 [pool-11-thread-1] INFO  server.RaftServerConfigKeys (ConfUtils.java:logGet(46)) - raft.server.log.purge.upto.snapshot.index = false (default)
2022-05-08 08:52:01,409 [pool-11-thread-1] INFO  server.RaftServerConfigKeys (ConfUtils.java:logGet(46)) - raft.server.retrycache.expirytime = 60s (default)
2022-05-08 08:52:01,409 [pool-11-thread-1] INFO  server.RaftServerConfigKeys (ConfUtils.java:logGet(46)) - raft.server.retrycache.statistics.expirytime = 100μs (default)
2022-05-08 08:52:01,410 [pool-11-thread-1] INFO  server.RaftServerConfigKeys (ConfUtils.java:logGet(46)) - raft.server.log.appender.install.snapshot.enabled = true (default)
2022-05-08 08:52:01,410 [pool-11-thread-1] INFO  server.RaftServerConfigKeys (ConfUtils.java:logGet(46)) - raft.server.threadpool.server.cached = true (default)
2022-05-08 08:52:01,410 [pool-11-thread-1] INFO  server.RaftServerConfigKeys (ConfUtils.java:logGet(46)) - raft.server.threadpool.server.size = 0 (default)
2022-05-08 08:52:01,410 [pool-11-thread-1] INFO  server.RaftServerConfigKeys (ConfUtils.java:logGet(46)) - raft.server.threadpool.client.cached = true (default)
2022-05-08 08:52:01,410 [pool-11-thread-1] INFO  server.RaftServerConfigKeys (ConfUtils.java:logGet(46)) - raft.server.threadpool.client.size = 0 (default)
2022-05-08 08:52:01,410 [s1-impl-thread1] INFO  server.RaftServer$Division (RaftServerImpl.java:start(304)) - s1@group-79EE622B0DCB: start as a follower, conf=-1: [s0|rpc:localhost:42959|admin:localhost:40575|client:localhost:33833|dataStream:localhost:36315|priority:0, s1|rpc:localhost:40643|admin:localhost:41257|client:localhost:45923|dataStream:localhost:35479|priority:0, s2|rpc:localhost:40737|admin:localhost:42805|client:localhost:34699|dataStream:localhost:41373|priority:0], old=null
2022-05-08 08:52:01,410 [s1-impl-thread1] INFO  server.RaftServer$Division (RaftServerImpl.java:setRole(293)) - s1@group-79EE622B0DCB: changes role from      null to FOLLOWER at term 0 for startAsFollower
2022-05-08 08:52:01,410 [s1-impl-thread1] INFO  impl.RoleInfo (RoleInfo.java:updateAndGet(139)) - s1: start s1@group-79EE622B0DCB-FollowerState
2022-05-08 08:52:01,413 [s1-impl-thread1] INFO  util.JmxRegister (JmxRegister.java:tryRegister(44)) - Successfully registered JMX Bean with object name Ratis:service=RaftServer,group=group-79EE622B0DCB,id=s1
2022-05-08 08:52:01,414 [Time-limited test] INFO  server.RaftServer (RaftServerProxy.java:lambda$start$6(382)) - s1: start RPC server
2022-05-08 08:52:01,419 [Time-limited test] INFO  server.GrpcService (GrpcService.java:startImpl(260)) - s1: GrpcService started, listening on 40643
2022-05-08 08:52:01,421 [Time-limited test] INFO  server.GrpcService (GrpcService.java:startImpl(260)) - s1: GrpcService started, listening on 41257
2022-05-08 08:52:01,423 [Time-limited test] INFO  server.GrpcService (GrpcService.java:startImpl(260)) - s1: GrpcService started, listening on 45923
2022-05-08 08:52:01,423 [s2-impl-thread1] INFO  server.RaftServer$Division (RaftServerImpl.java:start(304)) - s2@group-79EE622B0DCB: start as a follower, conf=-1: [s0|rpc:localhost:42959|admin:localhost:40575|client:localhost:33833|dataStream:localhost:36315|priority:0, s1|rpc:localhost:40643|admin:localhost:41257|client:localhost:45923|dataStream:localhost:35479|priority:0, s2|rpc:localhost:40737|admin:localhost:42805|client:localhost:34699|dataStream:localhost:41373|priority:0], old=null
2022-05-08 08:52:01,423 [s2-impl-thread1] INFO  server.RaftServer$Division (RaftServerImpl.java:setRole(293)) - s2@group-79EE622B0DCB: changes role from      null to FOLLOWER at term 0 for startAsFollower
2022-05-08 08:52:01,423 [org.apache.ratis.util.JvmPauseMonitor$$Lambda$270/1443454677@2f04f39] INFO  util.JvmPauseMonitor (JvmPauseMonitor.java:run(103)) - JvmPauseMonitor-s1: Started
2022-05-08 08:52:01,423 [s2-impl-thread1] INFO  impl.RoleInfo (RoleInfo.java:updateAndGet(139)) - s2: start s2@group-79EE622B0DCB-FollowerState
2022-05-08 08:52:01,423 [s2-impl-thread1] INFO  util.JmxRegister (JmxRegister.java:tryRegister(44)) - Successfully registered JMX Bean with object name Ratis:service=RaftServer,group=group-79EE622B0DCB,id=s2
2022-05-08 08:52:01,426 [Time-limited test] INFO  server.RaftServer (RaftServerProxy.java:lambda$start$6(382)) - s2: start RPC server
2022-05-08 08:52:01,431 [Time-limited test] INFO  server.GrpcService (GrpcService.java:startImpl(260)) - s2: GrpcService started, listening on 40737
2022-05-08 08:52:01,433 [Time-limited test] INFO  server.GrpcService (GrpcService.java:startImpl(260)) - s2: GrpcService started, listening on 42805
2022-05-08 08:52:01,435 [Time-limited test] INFO  server.GrpcService (GrpcService.java:startImpl(260)) - s2: GrpcService started, listening on 34699
2022-05-08 08:52:01,435 [org.apache.ratis.util.JvmPauseMonitor$$Lambda$270/1443454677@1b4ea679] INFO  util.JvmPauseMonitor (JvmPauseMonitor.java:run(103)) - JvmPauseMonitor-s2: Started
2022-05-08 08:52:01,435 [Time-limited test] INFO  server.RaftServerConfigKeys (ConfUtils.java:logGet(46)) - raft.server.rpc.timeout.max = 300ms (default)
2022-05-08 08:52:01,435 [Time-limited test] INFO  ratis.RaftTestUtil (RaftTestUtil.java:waitForLeader(100)) - printing ALL groups
  s0:  RUNNING  FOLLOWER s0@group-79EE622B0DCB:t0, leader=null, voted=, raftlog=s0@group-79EE622B0DCB-SegmentedRaftLog:OPENED:c-1, conf=-1: [s0|rpc:localhost:42959|admin:localhost:40575|client:localhost:33833|dataStream:localhost:36315|priority:0, s1|rpc:localhost:40643|admin:localhost:41257|client:localhost:45923|dataStream:localhost:35479|priority:0, s2|rpc:localhost:40737|admin:localhost:42805|client:localhost:34699|dataStream:localhost:41373|priority:0], old=null RUNNING
  s1:  RUNNING  FOLLOWER s1@group-79EE622B0DCB:t0, leader=null, voted=, raftlog=s1@group-79EE622B0DCB-SegmentedRaftLog:OPENED:c-1, conf=-1: [s0|rpc:localhost:42959|admin:localhost:40575|client:localhost:33833|dataStream:localhost:36315|priority:0, s1|rpc:localhost:40643|admin:localhost:41257|client:localhost:45923|dataStream:localhost:35479|priority:0, s2|rpc:localhost:40737|admin:localhost:42805|client:localhost:34699|dataStream:localhost:41373|priority:0], old=null RUNNING
  s2:  RUNNING  FOLLOWER s2@group-79EE622B0DCB:t0, leader=null, voted=, raftlog=s2@group-79EE622B0DCB-SegmentedRaftLog:OPENED:c-1, conf=-1: [s0|rpc:localhost:42959|admin:localhost:40575|client:localhost:33833|dataStream:localhost:36315|priority:0, s1|rpc:localhost:40643|admin:localhost:41257|client:localhost:45923|dataStream:localhost:35479|priority:0, s2|rpc:localhost:40737|admin:localhost:42805|client:localhost:34699|dataStream:localhost:41373|priority:0], old=null RUNNING
2022-05-08 08:52:01,436 [Time-limited test] WARN  ratis.RaftTestUtil (JavaUtils.java:attempt(172)) - FAILED "waitForLeader-null-(expectLeader? true)", attempt #1/100: java.lang.IllegalStateException: No leader yet : printing ALL groups
  s0:  RUNNING  FOLLOWER s0@group-79EE622B0DCB:t0, leader=null, voted=, raftlog=s0@group-79EE622B0DCB-SegmentedRaftLog:OPENED:c-1, conf=-1: [s0|rpc:localhost:42959|admin:localhost:40575|client:localhost:33833|dataStream:localhost:36315|priority:0, s1|rpc:localhost:40643|admin:localhost:41257|client:localhost:45923|dataStream:localhost:35479|priority:0, s2|rpc:localhost:40737|admin:localhost:42805|client:localhost:34699|dataStream:localhost:41373|priority:0], old=null RUNNING
  s1:  RUNNING  FOLLOWER s1@group-79EE622B0DCB:t0, leader=null, voted=, raftlog=s1@group-79EE622B0DCB-SegmentedRaftLog:OPENED:c-1, conf=-1: [s0|rpc:localhost:42959|admin:localhost:40575|client:localhost:33833|dataStream:localhost:36315|priority:0, s1|rpc:localhost:40643|admin:localhost:41257|client:localhost:45923|dataStream:localhost:35479|priority:0, s2|rpc:localhost:40737|admin:localhost:42805|client:localhost:34699|dataStream:localhost:41373|priority:0], old=null RUNNING
  s2:  RUNNING  FOLLOWER s2@group-79EE622B0DCB:t0, leader=null, voted=, raftlog=s2@group-79EE622B0DCB-SegmentedRaftLog:OPENED:c-1, conf=-1: [s0|rpc:localhost:42959|admin:localhost:40575|client:localhost:33833|dataStream:localhost:36315|priority:0, s1|rpc:localhost:40643|admin:localhost:41257|client:localhost:45923|dataStream:localhost:35479|priority:0, s2|rpc:localhost:40737|admin:localhost:42805|client:localhost:34699|dataStream:localhost:41373|priority:0], old=null RUNNING, sleep 450ms and then retry.
java.lang.IllegalStateException: No leader yet : printing ALL groups
  s0:  RUNNING  FOLLOWER s0@group-79EE622B0DCB:t0, leader=null, voted=, raftlog=s0@group-79EE622B0DCB-SegmentedRaftLog:OPENED:c-1, conf=-1: [s0|rpc:localhost:42959|admin:localhost:40575|client:localhost:33833|dataStream:localhost:36315|priority:0, s1|rpc:localhost:40643|admin:localhost:41257|client:localhost:45923|dataStream:localhost:35479|priority:0, s2|rpc:localhost:40737|admin:localhost:42805|client:localhost:34699|dataStream:localhost:41373|priority:0], old=null RUNNING
  s1:  RUNNING  FOLLOWER s1@group-79EE622B0DCB:t0, leader=null, voted=, raftlog=s1@group-79EE622B0DCB-SegmentedRaftLog:OPENED:c-1, conf=-1: [s0|rpc:localhost:42959|admin:localhost:40575|client:localhost:33833|dataStream:localhost:36315|priority:0, s1|rpc:localhost:40643|admin:localhost:41257|client:localhost:45923|dataStream:localhost:35479|priority:0, s2|rpc:localhost:40737|admin:localhost:42805|client:localhost:34699|dataStream:localhost:41373|priority:0], old=null RUNNING
  s2:  RUNNING  FOLLOWER s2@group-79EE622B0DCB:t0, leader=null, voted=, raftlog=s2@group-79EE622B0DCB-SegmentedRaftLog:OPENED:c-1, conf=-1: [s0|rpc:localhost:42959|admin:localhost:40575|client:localhost:33833|dataStream:localhost:36315|priority:0, s1|rpc:localhost:40643|admin:localhost:41257|client:localhost:45923|dataStream:localhost:35479|priority:0, s2|rpc:localhost:40737|admin:localhost:42805|client:localhost:34699|dataStream:localhost:41373|priority:0], old=null RUNNING
	at org.apache.ratis.server.impl.MiniRaftCluster.newIllegalStateExceptionForNoLeaders(MiniRaftCluster.java:533)
	at org.apache.ratis.RaftTestUtil.lambda$waitForLeader$1(RaftTestUtil.java:104)
	at org.apache.ratis.server.impl.MiniRaftCluster.getLeader(MiniRaftCluster.java:567)
	at org.apache.ratis.server.impl.MiniRaftCluster.getLeader(MiniRaftCluster.java:560)
	at org.apache.ratis.RaftTestUtil.lambda$waitForLeader$3(RaftTestUtil.java:112)
	at org.apache.ratis.util.JavaUtils.attempt(JavaUtils.java:166)
	at org.apache.ratis.util.JavaUtils.attemptRepeatedly(JavaUtils.java:152)
	at org.apache.ratis.RaftTestUtil.waitForLeader(RaftTestUtil.java:111)
	at org.apache.ratis.RaftTestUtil.waitForLeader(RaftTestUtil.java:92)
	at org.apache.ratis.RaftTestUtil.waitForLeader(RaftTestUtil.java:87)
	at org.apache.ratis.datastream.DataStreamAsyncClusterTests.runTestDataStream(DataStreamAsyncClusterTests.java:90)
	at org.apache.ratis.datastream.DataStreamAsyncClusterTests.runTestDataStreamStepDownLeader(DataStreamAsyncClusterTests.java:82)
	at org.apache.ratis.server.impl.MiniRaftCluster$Factory$Get.runWithNewCluster(MiniRaftCluster.java:125)
	at org.apache.ratis.server.impl.MiniRaftCluster$Factory$Get.runWithNewCluster(MiniRaftCluster.java:113)
	at org.apache.ratis.datastream.DataStreamAsyncClusterTests.testMultipleStreamsMultipleServersStepDownLeader(DataStreamAsyncClusterTests.java:78)
	at sun.reflect.NativeMethodAccessorImpl.invoke0(Native Method)
	at sun.reflect.NativeMethodAccessorImpl.invoke(NativeMethodAccessorImpl.java:62)
	at sun.reflect.DelegatingMethodAccessorImpl.invoke(DelegatingMethodAccessorImpl.java:43)
	at java.lang.reflect.Method.invoke(Method.java:498)
	at org.junit.runners.model.FrameworkMethod$1.runReflectiveCall(FrameworkMethod.java:59)
	at org.junit.internal.runners.model.ReflectiveCallable.run(ReflectiveCallable.java:12)
	at org.junit.runners.model.FrameworkMethod.invokeExplosively(FrameworkMethod.java:56)
	at org.junit.internal.runners.statements.InvokeMethod.evaluate(InvokeMethod.java:17)
	at org.junit.internal.runners.statements.RunAfters.evaluate(RunAfters.java:27)
	at org.junit.internal.runners.statements.FailOnTimeout$CallableStatement.call(FailOnTimeout.java:299)
	at org.junit.internal.runners.statements.FailOnTimeout$CallableStatement.call(FailOnTimeout.java:293)
	at java.util.concurrent.FutureTask.run(FutureTask.java:266)
	at java.lang.Thread.run(Thread.java:750)
2022-05-08 08:52:01,573 [s1@group-79EE622B0DCB-FollowerState] INFO  impl.FollowerState (FollowerState.java:run(143)) - s1@group-79EE622B0DCB-FollowerState: change to CANDIDATE, lastRpcElapsedTime:163163775ns, electionTimeout:160ms
2022-05-08 08:52:01,575 [s1@group-79EE622B0DCB-FollowerState] INFO  impl.RoleInfo (RoleInfo.java:shutdownFollowerState(110)) - s1: shutdown s1@group-79EE622B0DCB-FollowerState
2022-05-08 08:52:01,575 [s1@group-79EE622B0DCB-FollowerState] INFO  server.RaftServer$Division (RaftServerImpl.java:setRole(293)) - s1@group-79EE622B0DCB: changes role from  FOLLOWER to CANDIDATE at term 0 for changeToCandidate
2022-05-08 08:52:01,575 [s1@group-79EE622B0DCB-FollowerState] INFO  server.RaftServerConfigKeys (ConfUtils.java:logGet(46)) - raft.server.leaderelection.pre-vote = true (default)
2022-05-08 08:52:01,575 [s1@group-79EE622B0DCB-FollowerState] INFO  impl.RoleInfo (RoleInfo.java:updateAndGet(139)) - s1: start s1@group-79EE622B0DCB-LeaderElection3
2022-05-08 08:52:01,577 [s1@group-79EE622B0DCB-LeaderElection3] INFO  impl.LeaderElection (LeaderElection.java:askForVotes(310)) - s1@group-79EE622B0DCB-LeaderElection3 PRE_VOTE round 0: submit vote requests at term 0 for -1: [s0|rpc:localhost:42959|admin:localhost:40575|client:localhost:33833|dataStream:localhost:36315|priority:0, s1|rpc:localhost:40643|admin:localhost:41257|client:localhost:45923|dataStream:localhost:35479|priority:0, s2|rpc:localhost:40737|admin:localhost:42805|client:localhost:34699|dataStream:localhost:41373|priority:0], old=null
2022-05-08 08:52:01,591 [s2@group-79EE622B0DCB-FollowerState] INFO  impl.FollowerState (FollowerState.java:run(143)) - s2@group-79EE622B0DCB-FollowerState: change to CANDIDATE, lastRpcElapsedTime:167744238ns, electionTimeout:164ms
2022-05-08 08:52:01,591 [grpc-default-executor-4] INFO  server.RaftServer$Division (RaftServerImpl.java:requestVote(1146)) - s0@group-79EE622B0DCB: receive requestVote(PRE_VOTE, s1, group-79EE622B0DCB, 0, (t:0, i:0))
2022-05-08 08:52:01,594 [grpc-default-executor-4] INFO  impl.VoteContext (VoteContext.java:log(48)) - s0@group-79EE622B0DCB-FOLLOWER: accept PRE_VOTE from s1: our priority 0 <= candidate's priority 0
2022-05-08 08:52:01,594 [grpc-default-executor-4] INFO  server.RaftServer$Division (RaftServerImpl.java:requestVote(1178)) - s0@group-79EE622B0DCB replies to PRE_VOTE vote request: s1<-s0#0:OK-t0. Peer's state: s0@group-79EE622B0DCB:t0, leader=null, voted=, raftlog=s0@group-79EE622B0DCB-SegmentedRaftLog:OPENED:c-1, conf=-1: [s0|rpc:localhost:42959|admin:localhost:40575|client:localhost:33833|dataStream:localhost:36315|priority:0, s1|rpc:localhost:40643|admin:localhost:41257|client:localhost:45923|dataStream:localhost:35479|priority:0, s2|rpc:localhost:40737|admin:localhost:42805|client:localhost:34699|dataStream:localhost:41373|priority:0], old=null
2022-05-08 08:52:01,591 [s2@group-79EE622B0DCB-FollowerState] INFO  impl.RoleInfo (RoleInfo.java:shutdownFollowerState(110)) - s2: shutdown s2@group-79EE622B0DCB-FollowerState
2022-05-08 08:52:01,594 [s2@group-79EE622B0DCB-FollowerState] INFO  server.RaftServer$Division (RaftServerImpl.java:setRole(293)) - s2@group-79EE622B0DCB: changes role from  FOLLOWER to CANDIDATE at term 0 for changeToCandidate
2022-05-08 08:52:01,595 [s2@group-79EE622B0DCB-FollowerState] INFO  server.RaftServerConfigKeys (ConfUtils.java:logGet(46)) - raft.server.leaderelection.pre-vote = true (default)
2022-05-08 08:52:01,595 [s2@group-79EE622B0DCB-FollowerState] INFO  impl.RoleInfo (RoleInfo.java:updateAndGet(139)) - s2: start s2@group-79EE622B0DCB-LeaderElection4
2022-05-08 08:52:01,601 [s1@group-79EE622B0DCB-LeaderElection3] INFO  impl.LeaderElection (LeaderElection.java:logAndReturn(90)) - s1@group-79EE622B0DCB-LeaderElection3: PRE_VOTE PASSED received 1 response(s) and 0 exception(s):
2022-05-08 08:52:01,602 [s1@group-79EE622B0DCB-LeaderElection3] INFO  impl.LeaderElection (LeaderElection.java:logAndReturn(94)) -   Response 0: s1<-s0#0:OK-t0
2022-05-08 08:52:01,602 [s1@group-79EE622B0DCB-LeaderElection3] INFO  impl.LeaderElection (LeaderElection.java:askForVotes(312)) - s1@group-79EE622B0DCB-LeaderElection3 PRE_VOTE round 0: result PASSED
2022-05-08 08:52:01,603 [s1@group-79EE622B0DCB-LeaderElection3] INFO  impl.LeaderElection (LeaderElection.java:askForVotes(310)) - s1@group-79EE622B0DCB-LeaderElection3 ELECTION round 0: submit vote requests at term 1 for -1: [s0|rpc:localhost:42959|admin:localhost:40575|client:localhost:33833|dataStream:localhost:36315|priority:0, s1|rpc:localhost:40643|admin:localhost:41257|client:localhost:45923|dataStream:localhost:35479|priority:0, s2|rpc:localhost:40737|admin:localhost:42805|client:localhost:34699|dataStream:localhost:41373|priority:0], old=null
2022-05-08 08:52:01,603 [grpc-default-executor-0] INFO  server.RaftServer$Division (RaftServerImpl.java:requestVote(1146)) - s2@group-79EE622B0DCB: receive requestVote(PRE_VOTE, s1, group-79EE622B0DCB, 0, (t:0, i:0))
2022-05-08 08:52:01,608 [grpc-default-executor-0] INFO  impl.VoteContext (VoteContext.java:log(48)) - s2@group-79EE622B0DCB-CANDIDATE: accept PRE_VOTE from s1: our priority 0 <= candidate's priority 0
2022-05-08 08:52:01,609 [grpc-default-executor-0] INFO  server.RaftServer$Division (RaftServerImpl.java:requestVote(1178)) - s2@group-79EE622B0DCB replies to PRE_VOTE vote request: s1<-s2#0:OK-t0. Peer's state: s2@group-79EE622B0DCB:t0, leader=null, voted=, raftlog=s2@group-79EE622B0DCB-SegmentedRaftLog:OPENED:c-1, conf=-1: [s0|rpc:localhost:42959|admin:localhost:40575|client:localhost:33833|dataStream:localhost:36315|priority:0, s1|rpc:localhost:40643|admin:localhost:41257|client:localhost:45923|dataStream:localhost:35479|priority:0, s2|rpc:localhost:40737|admin:localhost:42805|client:localhost:34699|dataStream:localhost:41373|priority:0], old=null
2022-05-08 08:52:01,611 [s2@group-79EE622B0DCB-LeaderElection4] INFO  impl.LeaderElection (LeaderElection.java:askForVotes(310)) - s2@group-79EE622B0DCB-LeaderElection4 PRE_VOTE round 0: submit vote requests at term 0 for -1: [s0|rpc:localhost:42959|admin:localhost:40575|client:localhost:33833|dataStream:localhost:36315|priority:0, s1|rpc:localhost:40643|admin:localhost:41257|client:localhost:45923|dataStream:localhost:35479|priority:0, s2|rpc:localhost:40737|admin:localhost:42805|client:localhost:34699|dataStream:localhost:41373|priority:0], old=null
2022-05-08 08:52:01,618 [grpc-default-executor-0] INFO  server.RaftServer$Division (RaftServerImpl.java:requestVote(1146)) - s2@group-79EE622B0DCB: receive requestVote(ELECTION, s1, group-79EE622B0DCB, 1, (t:0, i:0))
2022-05-08 08:52:01,618 [grpc-default-executor-0] INFO  impl.VoteContext (VoteContext.java:log(48)) - s2@group-79EE622B0DCB-CANDIDATE: accept ELECTION from s1: our priority 0 <= candidate's priority 0
2022-05-08 08:52:01,618 [grpc-default-executor-4] INFO  server.RaftServer$Division (RaftServerImpl.java:requestVote(1146)) - s0@group-79EE622B0DCB: receive requestVote(ELECTION, s1, group-79EE622B0DCB, 1, (t:0, i:0))
2022-05-08 08:52:01,619 [grpc-default-executor-4] INFO  impl.VoteContext (VoteContext.java:log(48)) - s0@group-79EE622B0DCB-FOLLOWER: accept ELECTION from s1: our priority 0 <= candidate's priority 0
2022-05-08 08:52:01,619 [grpc-default-executor-4] INFO  server.RaftServer$Division (RaftServerImpl.java:setRole(293)) - s0@group-79EE622B0DCB: changes role from  FOLLOWER to FOLLOWER at term 1 for candidate:s1
2022-05-08 08:52:01,619 [grpc-default-executor-4] INFO  impl.RoleInfo (RoleInfo.java:shutdownFollowerState(110)) - s0: shutdown s0@group-79EE622B0DCB-FollowerState
2022-05-08 08:52:01,619 [grpc-default-executor-4] INFO  impl.RoleInfo (RoleInfo.java:updateAndGet(139)) - s0: start s0@group-79EE622B0DCB-FollowerState
2022-05-08 08:52:01,619 [s0@group-79EE622B0DCB-FollowerState] INFO  impl.FollowerState (FollowerState.java:run(152)) - s0@group-79EE622B0DCB-FollowerState was interrupted
2022-05-08 08:52:01,627 [grpc-default-executor-0] INFO  server.RaftServer$Division (RaftServerImpl.java:setRole(293)) - s2@group-79EE622B0DCB: changes role from CANDIDATE to FOLLOWER at term 1 for candidate:s1
2022-05-08 08:52:01,627 [grpc-default-executor-0] INFO  impl.RoleInfo (RoleInfo.java:shutdownLeaderElection(130)) - s2: shutdown s2@group-79EE622B0DCB-LeaderElection4
2022-05-08 08:52:01,627 [grpc-default-executor-0] INFO  impl.RoleInfo (RoleInfo.java:updateAndGet(139)) - s2: start s2@group-79EE622B0DCB-FollowerState
2022-05-08 08:52:01,628 [grpc-default-executor-0] INFO  server.RaftServer$Division (RaftServerImpl.java:requestVote(1178)) - s2@group-79EE622B0DCB replies to ELECTION vote request: s1<-s2#0:OK-t1. Peer's state: s2@group-79EE622B0DCB:t1, leader=null, voted=s1, raftlog=s2@group-79EE622B0DCB-SegmentedRaftLog:OPENED:c-1, conf=-1: [s0|rpc:localhost:42959|admin:localhost:40575|client:localhost:33833|dataStream:localhost:36315|priority:0, s1|rpc:localhost:40643|admin:localhost:41257|client:localhost:45923|dataStream:localhost:35479|priority:0, s2|rpc:localhost:40737|admin:localhost:42805|client:localhost:34699|dataStream:localhost:41373|priority:0], old=null
2022-05-08 08:52:01,630 [s1@group-79EE622B0DCB-LeaderElection3] INFO  impl.LeaderElection (LeaderElection.java:logAndReturn(90)) - s1@group-79EE622B0DCB-LeaderElection3: ELECTION PASSED received 1 response(s) and 0 exception(s):
2022-05-08 08:52:01,630 [s1@group-79EE622B0DCB-LeaderElection3] INFO  impl.LeaderElection (LeaderElection.java:logAndReturn(94)) -   Response 0: s1<-s2#0:OK-t1
2022-05-08 08:52:01,630 [s1@group-79EE622B0DCB-LeaderElection3] INFO  impl.LeaderElection (LeaderElection.java:askForVotes(312)) - s1@group-79EE622B0DCB-LeaderElection3 ELECTION round 0: result PASSED
2022-05-08 08:52:01,630 [s1@group-79EE622B0DCB-LeaderElection3] INFO  impl.RoleInfo (RoleInfo.java:shutdownLeaderElection(130)) - s1: shutdown s1@group-79EE622B0DCB-LeaderElection3
2022-05-08 08:52:01,630 [s1@group-79EE622B0DCB-LeaderElection3] INFO  server.RaftServer$Division (RaftServerImpl.java:setRole(293)) - s1@group-79EE622B0DCB: changes role from CANDIDATE to LEADER at term 1 for changeToLeader
2022-05-08 08:52:01,631 [grpc-default-executor-4] INFO  server.RaftServer$Division (RaftServerImpl.java:requestVote(1178)) - s0@group-79EE622B0DCB replies to ELECTION vote request: s1<-s0#0:OK-t1. Peer's state: s0@group-79EE622B0DCB:t1, leader=null, voted=s1, raftlog=s0@group-79EE622B0DCB-SegmentedRaftLog:OPENED:c-1, conf=-1: [s0|rpc:localhost:42959|admin:localhost:40575|client:localhost:33833|dataStream:localhost:36315|priority:0, s1|rpc:localhost:40643|admin:localhost:41257|client:localhost:45923|dataStream:localhost:35479|priority:0, s2|rpc:localhost:40737|admin:localhost:42805|client:localhost:34699|dataStream:localhost:41373|priority:0], old=null
2022-05-08 08:52:01,632 [s1@group-79EE622B0DCB-LeaderElection3] INFO  server.RaftServer$Division (ServerState.java:setLeader(287)) - s1@group-79EE622B0DCB: change Leader from null to s1 at term 1 for becomeLeader, leader elected after 226ms
2022-05-08 08:52:01,632 [s1@group-79EE622B0DCB-LeaderElection3] INFO  server.RaftServerConfigKeys (ConfUtils.java:logGet(46)) - raft.server.staging.catchup.gap = 1000 (default)
2022-05-08 08:52:01,632 [s1@group-79EE622B0DCB-LeaderElection3] INFO  server.RaftServerConfigKeys (ConfUtils.java:logGet(46)) - raft.server.write.element-limit = 4096 (default)
2022-05-08 08:52:01,632 [s1@group-79EE622B0DCB-LeaderElection3] INFO  server.RaftServerConfigKeys (ConfUtils.java:logGet(46)) - raft.server.write.byte-limit = 64MB (=67108864) (default)
2022-05-08 08:52:01,632 [s1@group-79EE622B0DCB-LeaderElection3] INFO  server.RaftServerConfigKeys (ConfUtils.java:logGet(46)) - raft.server.watch.timeout = 10s (default)
2022-05-08 08:52:01,632 [s1@group-79EE622B0DCB-LeaderElection3] INFO  server.RaftServerConfigKeys (ConfUtils.java:logGet(46)) - raft.server.watch.timeout.denomination = 1s (default)
2022-05-08 08:52:01,633 [s1@group-79EE622B0DCB-LeaderElection3] INFO  server.RaftServerConfigKeys (ConfUtils.java:logGet(46)) - raft.server.watch.element-limit = 65536 (default)
2022-05-08 08:52:01,633 [s1@group-79EE622B0DCB-LeaderElection3] INFO  server.RaftServerConfigKeys (ConfUtils.java:logGet(46)) - raft.server.write.element-limit = 4096 (default)
2022-05-08 08:52:01,633 [s1@group-79EE622B0DCB-LeaderElection3] INFO  server.RaftServerConfigKeys (ConfUtils.java:logGet(46)) - raft.server.write.follower.gap.ratio.max = -1.0 (default)
2022-05-08 08:52:01,633 [s1@group-79EE622B0DCB-LeaderElection3] INFO  server.RaftServerConfigKeys (ConfUtils.java:logGet(46)) - raft.server.log.appender.snapshot.chunk.size.max = 16MB (=16777216) (default)
2022-05-08 08:52:01,633 [s1@group-79EE622B0DCB-LeaderElection3] INFO  server.RaftServerConfigKeys (ConfUtils.java:logGet(46)) - raft.server.log.appender.buffer.byte-limit = 4MB (=4194304) (default)
2022-05-08 08:52:01,633 [s1@group-79EE622B0DCB-LeaderElection3] INFO  server.RaftServerConfigKeys (ConfUtils.java:logGet(46)) - raft.server.log.appender.buffer.element-limit = 0 (default)
2022-05-08 08:52:01,633 [s1@group-79EE622B0DCB-LeaderElection3] INFO  grpc.GrpcConfigKeys (ConfUtils.java:logGet(46)) - raft.grpc.server.leader.outstanding.appends.max = 128 (default)
2022-05-08 08:52:01,633 [s1@group-79EE622B0DCB-LeaderElection3] INFO  server.RaftServerConfigKeys (ConfUtils.java:logGet(46)) - raft.server.rpc.request.timeout = 3000ms (default)
2022-05-08 08:52:01,633 [s1@group-79EE622B0DCB-LeaderElection3] INFO  server.RaftServerConfigKeys (ConfUtils.java:logGet(46)) - raft.server.log.appender.install.snapshot.enabled = true (default)
2022-05-08 08:52:01,634 [s1@group-79EE622B0DCB-LeaderElection3] INFO  server.RaftServerConfigKeys (ConfUtils.java:logGet(46)) - raft.server.log.appender.snapshot.chunk.size.max = 16MB (=16777216) (default)
2022-05-08 08:52:01,634 [s1@group-79EE622B0DCB-LeaderElection3] INFO  server.RaftServerConfigKeys (ConfUtils.java:logGet(46)) - raft.server.log.appender.buffer.byte-limit = 4MB (=4194304) (default)
2022-05-08 08:52:01,634 [s1@group-79EE622B0DCB-LeaderElection3] INFO  server.RaftServerConfigKeys (ConfUtils.java:logGet(46)) - raft.server.log.appender.buffer.element-limit = 0 (default)
2022-05-08 08:52:01,634 [s1@group-79EE622B0DCB-LeaderElection3] INFO  grpc.GrpcConfigKeys (ConfUtils.java:logGet(46)) - raft.grpc.server.leader.outstanding.appends.max = 128 (default)
2022-05-08 08:52:01,634 [s1@group-79EE622B0DCB-LeaderElection3] INFO  server.RaftServerConfigKeys (ConfUtils.java:logGet(46)) - raft.server.rpc.request.timeout = 3000ms (default)
2022-05-08 08:52:01,634 [s1@group-79EE622B0DCB-LeaderElection3] INFO  server.RaftServerConfigKeys (ConfUtils.java:logGet(46)) - raft.server.log.appender.install.snapshot.enabled = true (default)
2022-05-08 08:52:01,635 [s1@group-79EE622B0DCB-LeaderElection3] INFO  impl.RoleInfo (RoleInfo.java:updateAndGet(139)) - s1: start s1@group-79EE622B0DCB-LeaderStateImpl
2022-05-08 08:52:01,639 [s1@group-79EE622B0DCB-LeaderElection3] INFO  segmented.SegmentedRaftLogWorker (SegmentedRaftLogWorker.java:startLogSegment(425)) - s1@group-79EE622B0DCB-SegmentedRaftLogWorker: Starting segment from index:0
2022-05-08 08:52:01,649 [s1@group-79EE622B0DCB-SegmentedRaftLogWorker] INFO  segmented.SegmentedRaftLogWorker (SegmentedRaftLogWorker.java:execute(629)) - s1@group-79EE622B0DCB-SegmentedRaftLogWorker: created new log segment /home/runner/work/ratis/ratis/ratis-test/target/test/data/4d59a56a/MiniRaftClusterWithRpcTypeGrpcAndDataStreamTypeNettyf98b5a90/s1/74a77927-ad9e-4784-b354-79ee622b0dcb/current/log_inprogress_0
2022-05-08 08:52:01,655 [grpc-default-executor-4] INFO  server.RaftServer$Division (RaftServerImpl.java:requestVote(1146)) - s0@group-79EE622B0DCB: receive requestVote(PRE_VOTE, s2, group-79EE622B0DCB, 0, (t:0, i:0))
2022-05-08 08:52:01,655 [grpc-default-executor-4] INFO  impl.VoteContext (VoteContext.java:log(48)) - s0@group-79EE622B0DCB-FOLLOWER: accept PRE_VOTE from s2: our priority 0 <= candidate's priority 0
2022-05-08 08:52:01,655 [grpc-default-executor-4] INFO  server.RaftServer$Division (RaftServerImpl.java:requestVote(1178)) - s0@group-79EE622B0DCB replies to PRE_VOTE vote request: s2<-s0#0:OK-t1. Peer's state: s0@group-79EE622B0DCB:t1, leader=null, voted=s1, raftlog=s0@group-79EE622B0DCB-SegmentedRaftLog:OPENED:c-1, conf=-1: [s0|rpc:localhost:42959|admin:localhost:40575|client:localhost:33833|dataStream:localhost:36315|priority:0, s1|rpc:localhost:40643|admin:localhost:41257|client:localhost:45923|dataStream:localhost:35479|priority:0, s2|rpc:localhost:40737|admin:localhost:42805|client:localhost:34699|dataStream:localhost:41373|priority:0], old=null
2022-05-08 08:52:01,658 [s1@group-79EE622B0DCB-LeaderElection3] INFO  server.RaftServer$Division (ServerState.java:setRaftConf(393)) - s1@group-79EE622B0DCB: set configuration 0: [s0|rpc:localhost:42959|admin:localhost:40575|client:localhost:33833|dataStream:localhost:36315|priority:0, s1|rpc:localhost:40643|admin:localhost:41257|client:localhost:45923|dataStream:localhost:35479|priority:0, s2|rpc:localhost:40737|admin:localhost:42805|client:localhost:34699|dataStream:localhost:41373|priority:0], old=null
2022-05-08 08:52:01,659 [s2@group-79EE622B0DCB-LeaderElection4] INFO  impl.LeaderElection (LeaderElection.java:logAndReturn(90)) - s2@group-79EE622B0DCB-LeaderElection4: PRE_VOTE DISCOVERED_A_NEW_TERM (term=1) received 1 response(s) and 0 exception(s):
2022-05-08 08:52:01,661 [s2@group-79EE622B0DCB-LeaderElection4] INFO  impl.LeaderElection (LeaderElection.java:logAndReturn(94)) -   Response 0: s2<-s0#0:OK-t1
2022-05-08 08:52:01,661 [grpc-default-executor-4] INFO  server.RaftServer$Division (RaftServerImpl.java:requestVote(1146)) - s1@group-79EE622B0DCB: receive requestVote(PRE_VOTE, s2, group-79EE622B0DCB, 0, (t:0, i:0))
2022-05-08 08:52:01,661 [s2@group-79EE622B0DCB-LeaderElection4] INFO  impl.LeaderElection (LeaderElection.java:askForVotes(312)) - s2@group-79EE622B0DCB-LeaderElection4 PRE_VOTE round 0: result DISCOVERED_A_NEW_TERM (term=1)
2022-05-08 08:52:01,666 [grpc-default-executor-4] INFO  impl.VoteContext (VoteContext.java:log(48)) - s1@group-79EE622B0DCB-LEADER: reject PRE_VOTE from s2: this server is the leader and still has leadership
2022-05-08 08:52:01,666 [grpc-default-executor-4] INFO  server.RaftServer$Division (RaftServerImpl.java:requestVote(1178)) - s1@group-79EE622B0DCB replies to PRE_VOTE vote request: s2<-s1#0:FAIL-t1. Peer's state: s1@group-79EE622B0DCB:t1, leader=s1, voted=s1, raftlog=s1@group-79EE622B0DCB-SegmentedRaftLog:OPENED:c0, conf=0: [s0|rpc:localhost:42959|admin:localhost:40575|client:localhost:33833|dataStream:localhost:36315|priority:0, s1|rpc:localhost:40643|admin:localhost:41257|client:localhost:45923|dataStream:localhost:35479|priority:0, s2|rpc:localhost:40737|admin:localhost:42805|client:localhost:34699|dataStream:localhost:41373|priority:0], old=null
2022-05-08 08:52:01,673 [s0-server-thread1] INFO  server.RaftServer$Division (ServerState.java:setLeader(287)) - s0@group-79EE622B0DCB: change Leader from null to s1 at term 1 for appendEntries, leader elected after 320ms
2022-05-08 08:52:01,678 [s0-server-thread1] INFO  server.RaftServer$Division (ServerState.java:setRaftConf(393)) - s0@group-79EE622B0DCB: set configuration 0: [s0|rpc:localhost:42959|admin:localhost:40575|client:localhost:33833|dataStream:localhost:36315|priority:0, s1|rpc:localhost:40643|admin:localhost:41257|client:localhost:45923|dataStream:localhost:35479|priority:0, s2|rpc:localhost:40737|admin:localhost:42805|client:localhost:34699|dataStream:localhost:41373|priority:0], old=null
2022-05-08 08:52:01,678 [s0-server-thread1] INFO  segmented.SegmentedRaftLogWorker (SegmentedRaftLogWorker.java:startLogSegment(425)) - s0@group-79EE622B0DCB-SegmentedRaftLogWorker: Starting segment from index:0
2022-05-08 08:52:01,680 [s2-server-thread1] INFO  server.RaftServer$Division (ServerState.java:setLeader(287)) - s2@group-79EE622B0DCB: change Leader from null to s1 at term 1 for appendEntries, leader elected after 291ms
2022-05-08 08:52:01,684 [s2-server-thread2] INFO  server.RaftServer$Division (ServerState.java:setRaftConf(393)) - s2@group-79EE622B0DCB: set configuration 0: [s0|rpc:localhost:42959|admin:localhost:40575|client:localhost:33833|dataStream:localhost:36315|priority:0, s1|rpc:localhost:40643|admin:localhost:41257|client:localhost:45923|dataStream:localhost:35479|priority:0, s2|rpc:localhost:40737|admin:localhost:42805|client:localhost:34699|dataStream:localhost:41373|priority:0], old=null
2022-05-08 08:52:01,684 [s2-server-thread2] INFO  segmented.SegmentedRaftLogWorker (SegmentedRaftLogWorker.java:startLogSegment(425)) - s2@group-79EE622B0DCB-SegmentedRaftLogWorker: Starting segment from index:0
2022-05-08 08:52:01,695 [s0@group-79EE622B0DCB-SegmentedRaftLogWorker] INFO  segmented.SegmentedRaftLogWorker (SegmentedRaftLogWorker.java:execute(629)) - s0@group-79EE622B0DCB-SegmentedRaftLogWorker: created new log segment /home/runner/work/ratis/ratis/ratis-test/target/test/data/4d59a56a/MiniRaftClusterWithRpcTypeGrpcAndDataStreamTypeNettyf98b5a90/s0/74a77927-ad9e-4784-b354-79ee622b0dcb/current/log_inprogress_0
2022-05-08 08:52:01,695 [s2@group-79EE622B0DCB-SegmentedRaftLogWorker] INFO  segmented.SegmentedRaftLogWorker (SegmentedRaftLogWorker.java:execute(629)) - s2@group-79EE622B0DCB-SegmentedRaftLogWorker: created new log segment /home/runner/work/ratis/ratis/ratis-test/target/test/data/4d59a56a/MiniRaftClusterWithRpcTypeGrpcAndDataStreamTypeNettyf98b5a90/s2/74a77927-ad9e-4784-b354-79ee622b0dcb/current/log_inprogress_0
2022-05-08 08:52:01,886 [Time-limited test] INFO  ratis.RaftTestUtil (RaftTestUtil.java:waitForLeader(119)) - printing ALL groups
  s0:  RUNNING  FOLLOWER s0@group-79EE622B0DCB:t1, leader=s1, voted=s1, raftlog=s0@group-79EE622B0DCB-SegmentedRaftLog:OPENED:c0, conf=0: [s0|rpc:localhost:42959|admin:localhost:40575|client:localhost:33833|dataStream:localhost:36315|priority:0, s1|rpc:localhost:40643|admin:localhost:41257|client:localhost:45923|dataStream:localhost:35479|priority:0, s2|rpc:localhost:40737|admin:localhost:42805|client:localhost:34699|dataStream:localhost:41373|priority:0], old=null RUNNING
  s1:  RUNNING    LEADER s1@group-79EE622B0DCB:t1, leader=s1, voted=s1, raftlog=s1@group-79EE622B0DCB-SegmentedRaftLog:OPENED:c0, conf=0: [s0|rpc:localhost:42959|admin:localhost:40575|client:localhost:33833|dataStream:localhost:36315|priority:0, s1|rpc:localhost:40643|admin:localhost:41257|client:localhost:45923|dataStream:localhost:35479|priority:0, s2|rpc:localhost:40737|admin:localhost:42805|client:localhost:34699|dataStream:localhost:41373|priority:0], old=null RUNNING
  s2:  RUNNING  FOLLOWER s2@group-79EE622B0DCB:t1, leader=s1, voted=s1, raftlog=s2@group-79EE622B0DCB-SegmentedRaftLog:OPENED:c0, conf=0: [s0|rpc:localhost:42959|admin:localhost:40575|client:localhost:33833|dataStream:localhost:36315|priority:0, s1|rpc:localhost:40643|admin:localhost:41257|client:localhost:45923|dataStream:localhost:35479|priority:0, s2|rpc:localhost:40737|admin:localhost:42805|client:localhost:34699|dataStream:localhost:41373|priority:0], old=null RUNNING
2022-05-08 08:52:01,896 [pool-9-thread-3] INFO  client.DataStreamClient (ConfUtils.java:logGet(46)) - raft.datastream.type = NETTY (custom)
2022-05-08 08:52:01,896 [pool-9-thread-3] INFO  netty.NettyConfigKeys$DataStream (ConfUtils.java:logGet(46)) - raft.netty.dataStream.client.tls.conf = null (default)
2022-05-08 08:52:01,896 [pool-9-thread-3] INFO  netty.NettyConfigKeys$DataStream (ConfUtils.java:logGet(46)) - raft.netty.dataStream.client.reply.queue.grace-period = 1s (default)
2022-05-08 08:52:01,897 [pool-9-thread-3] INFO  netty.NettyConfigKeys$DataStream (ConfUtils.java:logGet(46)) - raft.netty.dataStream.client.worker-group.share = false (default)
2022-05-08 08:52:01,897 [pool-9-thread-3] INFO  netty.NettyConfigKeys$DataStream (ConfUtils.java:logGet(46)) - raft.netty.dataStream.client.worker-group.size = 4 (default)
2022-05-08 08:52:01,898 [pool-9-thread-4] INFO  client.DataStreamClient (ConfUtils.java:logGet(46)) - raft.datastream.type = NETTY (custom)
2022-05-08 08:52:01,901 [pool-9-thread-4] INFO  netty.NettyConfigKeys$DataStream (ConfUtils.java:logGet(46)) - raft.netty.dataStream.client.tls.conf = null (default)
2022-05-08 08:52:01,901 [pool-9-thread-4] INFO  netty.NettyConfigKeys$DataStream (ConfUtils.java:logGet(46)) - raft.netty.dataStream.client.reply.queue.grace-period = 1s (default)
2022-05-08 08:52:01,901 [pool-9-thread-4] INFO  netty.NettyConfigKeys$DataStream (ConfUtils.java:logGet(46)) - raft.netty.dataStream.client.worker-group.share = false (default)
2022-05-08 08:52:01,902 [pool-9-thread-4] INFO  netty.NettyConfigKeys$DataStream (ConfUtils.java:logGet(46)) - raft.netty.dataStream.client.worker-group.size = 4 (default)
2022-05-08 08:52:01,905 [pool-9-thread-5] INFO  client.DataStreamClient (ConfUtils.java:logGet(46)) - raft.datastream.type = NETTY (custom)
2022-05-08 08:52:01,905 [pool-9-thread-5] INFO  netty.NettyConfigKeys$DataStream (ConfUtils.java:logGet(46)) - raft.netty.dataStream.client.tls.conf = null (default)
2022-05-08 08:52:01,905 [pool-9-thread-5] INFO  netty.NettyConfigKeys$DataStream (ConfUtils.java:logGet(46)) - raft.netty.dataStream.client.reply.queue.grace-period = 1s (default)
2022-05-08 08:52:01,905 [pool-9-thread-5] INFO  netty.NettyConfigKeys$DataStream (ConfUtils.java:logGet(46)) - raft.netty.dataStream.client.worker-group.share = false (default)
2022-05-08 08:52:01,905 [pool-9-thread-5] INFO  netty.NettyConfigKeys$DataStream (ConfUtils.java:logGet(46)) - raft.netty.dataStream.client.worker-group.size = 4 (default)
2022-05-08 08:52:01,906 [pool-9-thread-6] INFO  client.DataStreamClient (ConfUtils.java:logGet(46)) - raft.datastream.type = NETTY (custom)
2022-05-08 08:52:01,909 [pool-9-thread-6] INFO  netty.NettyConfigKeys$DataStream (ConfUtils.java:logGet(46)) - raft.netty.dataStream.client.tls.conf = null (default)
2022-05-08 08:52:01,910 [pool-9-thread-6] INFO  netty.NettyConfigKeys$DataStream (ConfUtils.java:logGet(46)) - raft.netty.dataStream.client.reply.queue.grace-period = 1s (default)
2022-05-08 08:52:01,910 [pool-9-thread-6] INFO  netty.NettyConfigKeys$DataStream (ConfUtils.java:logGet(46)) - raft.netty.dataStream.client.worker-group.share = false (default)
2022-05-08 08:52:01,910 [pool-9-thread-6] INFO  netty.NettyConfigKeys$DataStream (ConfUtils.java:logGet(46)) - raft.netty.dataStream.client.worker-group.size = 4 (default)
2022-05-08 08:52:01,911 [pool-9-thread-8] INFO  client.DataStreamClient (ConfUtils.java:logGet(46)) - raft.datastream.type = NETTY (custom)
2022-05-08 08:52:01,912 [pool-9-thread-8] INFO  netty.NettyConfigKeys$DataStream (ConfUtils.java:logGet(46)) - raft.netty.dataStream.client.tls.conf = null (default)
2022-05-08 08:52:01,912 [pool-9-thread-8] INFO  netty.NettyConfigKeys$DataStream (ConfUtils.java:logGet(46)) - raft.netty.dataStream.client.reply.queue.grace-period = 1s (default)
2022-05-08 08:52:01,912 [pool-9-thread-8] INFO  netty.NettyConfigKeys$DataStream (ConfUtils.java:logGet(46)) - raft.netty.dataStream.client.worker-group.share = false (default)
2022-05-08 08:52:01,912 [pool-9-thread-8] INFO  netty.NettyConfigKeys$DataStream (ConfUtils.java:logGet(46)) - raft.netty.dataStream.client.worker-group.size = 4 (default)
2022-05-08 08:52:01,915 [pool-9-thread-9] INFO  client.DataStreamClient (ConfUtils.java:logGet(46)) - raft.datastream.type = NETTY (custom)
2022-05-08 08:52:01,915 [pool-9-thread-9] INFO  netty.NettyConfigKeys$DataStream (ConfUtils.java:logGet(46)) - raft.netty.dataStream.client.tls.conf = null (default)
2022-05-08 08:52:01,915 [pool-9-thread-9] INFO  netty.NettyConfigKeys$DataStream (ConfUtils.java:logGet(46)) - raft.netty.dataStream.client.reply.queue.grace-period = 1s (default)
2022-05-08 08:52:01,915 [pool-9-thread-9] INFO  netty.NettyConfigKeys$DataStream (ConfUtils.java:logGet(46)) - raft.netty.dataStream.client.worker-group.share = false (default)
2022-05-08 08:52:01,915 [pool-9-thread-9] INFO  netty.NettyConfigKeys$DataStream (ConfUtils.java:logGet(46)) - raft.netty.dataStream.client.worker-group.size = 4 (default)
2022-05-08 08:52:01,915 [pool-9-thread-7] INFO  client.DataStreamClient (ConfUtils.java:logGet(46)) - raft.datastream.type = NETTY (custom)
2022-05-08 08:52:01,916 [pool-9-thread-7] INFO  netty.NettyConfigKeys$DataStream (ConfUtils.java:logGet(46)) - raft.netty.dataStream.client.tls.conf = null (default)
2022-05-08 08:52:01,916 [pool-9-thread-7] INFO  netty.NettyConfigKeys$DataStream (ConfUtils.java:logGet(46)) - raft.netty.dataStream.client.reply.queue.grace-period = 1s (default)
2022-05-08 08:52:01,916 [pool-9-thread-7] INFO  netty.NettyConfigKeys$DataStream (ConfUtils.java:logGet(46)) - raft.netty.dataStream.client.worker-group.share = false (default)
2022-05-08 08:52:01,916 [pool-9-thread-7] INFO  netty.NettyConfigKeys$DataStream (ConfUtils.java:logGet(46)) - raft.netty.dataStream.client.worker-group.size = 4 (default)
2022-05-08 08:52:01,922 [s0-NettyServerStreamRpc-bossGroup--thread1] INFO  logging.LoggingHandler (AbstractInternalLogger.java:log(148)) - [id: 0x82489cef, L:/0.0.0.0:36315] READ: [id: 0x49e87eb1, L:/127.0.0.1:36315 - R:/127.0.0.1:54656]
2022-05-08 08:52:01,942 [s2-NettyServerStreamRpc-bossGroup--thread1] INFO  logging.LoggingHandler (AbstractInternalLogger.java:log(148)) - [id: 0x97038635, L:/0.0.0.0:41373] READ: [id: 0xb2d06643, L:/127.0.0.1:41373 - R:/127.0.0.1:45492]
2022-05-08 08:52:01,946 [pool-9-thread-10] INFO  datastream.DataStreamTestUtils (DataStreamTestUtils.java:writeAndCloseAndAssertReplies(311)) - start Stream365
2022-05-08 08:52:01,949 [s0-NettyServerStreamRpc-bossGroup--thread1] INFO  logging.LoggingHandler (AbstractInternalLogger.java:log(148)) - [id: 0x82489cef, L:/0.0.0.0:36315] READ COMPLETE
2022-05-08 08:52:01,950 [pool-9-thread-12] INFO  datastream.DataStreamTestUtils (DataStreamTestUtils.java:writeAndCloseAndAssertReplies(311)) - start Stream368
2022-05-08 08:52:01,952 [s0-NettyServerStreamRpc-workerGroup--thread1] INFO  client.DataStreamClient (ConfUtils.java:logGet(46)) - raft.datastream.type = NETTY (custom)
2022-05-08 08:52:01,952 [s0-NettyServerStreamRpc-workerGroup--thread1] INFO  netty.NettyConfigKeys$DataStream (ConfUtils.java:logGet(46)) - raft.netty.dataStream.client.tls.conf = null (default)
2022-05-08 08:52:01,952 [s0-NettyServerStreamRpc-workerGroup--thread1] INFO  netty.NettyConfigKeys$DataStream (ConfUtils.java:logGet(46)) - raft.netty.dataStream.client.reply.queue.grace-period = 1s (default)
2022-05-08 08:52:01,952 [s0-NettyServerStreamRpc-workerGroup--thread1] INFO  netty.NettyConfigKeys$DataStream (ConfUtils.java:logGet(46)) - raft.netty.dataStream.client.worker-group.share = false (default)
2022-05-08 08:52:01,953 [s0-NettyServerStreamRpc-workerGroup--thread1] INFO  netty.NettyConfigKeys$DataStream (ConfUtils.java:logGet(46)) - raft.netty.dataStream.client.worker-group.size = 4 (default)
2022-05-08 08:52:01,955 [s0-NettyServerStreamRpc-bossGroup--thread1] INFO  logging.LoggingHandler (AbstractInternalLogger.java:log(148)) - [id: 0x82489cef, L:/0.0.0.0:36315] READ: [id: 0x49d9fb2d, L:/127.0.0.1:36315 - R:/127.0.0.1:54660]
2022-05-08 08:52:01,955 [pool-9-thread-11] INFO  datastream.DataStreamTestUtils (DataStreamTestUtils.java:writeAndCloseAndAssertReplies(311)) - start Stream366
2022-05-08 08:52:01,956 [pool-9-thread-13] INFO  datastream.DataStreamTestUtils (DataStreamTestUtils.java:writeAndCloseAndAssertReplies(311)) - start Stream372
2022-05-08 08:52:01,959 [s2-NettyServerStreamRpc-bossGroup--thread1] INFO  logging.LoggingHandler (AbstractInternalLogger.java:log(148)) - [id: 0x97038635, L:/0.0.0.0:41373] READ COMPLETE
2022-05-08 08:52:01,962 [s2-NettyServerStreamRpc-workerGroup--thread1] INFO  client.DataStreamClient (ConfUtils.java:logGet(46)) - raft.datastream.type = NETTY (custom)
2022-05-08 08:52:01,962 [s2-NettyServerStreamRpc-workerGroup--thread1] INFO  netty.NettyConfigKeys$DataStream (ConfUtils.java:logGet(46)) - raft.netty.dataStream.client.tls.conf = null (default)
2022-05-08 08:52:01,963 [s2-NettyServerStreamRpc-workerGroup--thread1] INFO  netty.NettyConfigKeys$DataStream (ConfUtils.java:logGet(46)) - raft.netty.dataStream.client.reply.queue.grace-period = 1s (default)
2022-05-08 08:52:01,964 [s2-NettyServerStreamRpc-workerGroup--thread1] INFO  netty.NettyConfigKeys$DataStream (ConfUtils.java:logGet(46)) - raft.netty.dataStream.client.worker-group.share = false (default)
2022-05-08 08:52:01,964 [s2-NettyServerStreamRpc-workerGroup--thread1] INFO  netty.NettyConfigKeys$DataStream (ConfUtils.java:logGet(46)) - raft.netty.dataStream.client.worker-group.size = 4 (default)
2022-05-08 08:52:02,051 [pool-9-thread-15] INFO  datastream.DataStreamTestUtils (DataStreamTestUtils.java:writeAndCloseAndAssertReplies(311)) - start Stream373
2022-05-08 08:52:02,057 [s1-NettyServerStreamRpc-bossGroup--thread1] INFO  logging.LoggingHandler (AbstractInternalLogger.java:log(148)) - [id: 0x010427d0, L:/0.0.0.0:35479] READ: [id: 0x22d5dd48, L:/127.0.0.1:35479 - R:/127.0.0.1:39778]
2022-05-08 08:52:02,058 [s1-NettyServerStreamRpc-bossGroup--thread1] INFO  logging.LoggingHandler (AbstractInternalLogger.java:log(148)) - [id: 0x010427d0, L:/0.0.0.0:35479] READ COMPLETE
2022-05-08 08:52:02,058 [pool-9-thread-14] INFO  datastream.DataStreamTestUtils (DataStreamTestUtils.java:writeAndCloseAndAssertReplies(311)) - start Stream367
2022-05-08 08:52:02,061 [s1-NettyServerStreamRpc-workerGroup--thread1] INFO  client.DataStreamClient (ConfUtils.java:logGet(46)) - raft.datastream.type = NETTY (custom)
2022-05-08 08:52:02,062 [s1-NettyServerStreamRpc-workerGroup--thread1] INFO  netty.NettyConfigKeys$DataStream (ConfUtils.java:logGet(46)) - raft.netty.dataStream.client.tls.conf = null (default)
2022-05-08 08:52:02,062 [s1-NettyServerStreamRpc-workerGroup--thread1] INFO  netty.NettyConfigKeys$DataStream (ConfUtils.java:logGet(46)) - raft.netty.dataStream.client.reply.queue.grace-period = 1s (default)
2022-05-08 08:52:02,062 [s1-NettyServerStreamRpc-workerGroup--thread1] INFO  netty.NettyConfigKeys$DataStream (ConfUtils.java:logGet(46)) - raft.netty.dataStream.client.worker-group.share = false (default)
2022-05-08 08:52:02,062 [s1-NettyServerStreamRpc-workerGroup--thread1] INFO  netty.NettyConfigKeys$DataStream (ConfUtils.java:logGet(46)) - raft.netty.dataStream.client.worker-group.size = 4 (default)
2022-05-08 08:52:02,063 [pool-9-thread-16] INFO  datastream.DataStreamTestUtils (DataStreamTestUtils.java:writeAndCloseAndAssertReplies(311)) - start Stream371
2022-05-08 08:52:02,065 [s0-NettyServerStreamRpc-bossGroup--thread1] INFO  logging.LoggingHandler (AbstractInternalLogger.java:log(148)) - [id: 0x82489cef, L:/0.0.0.0:36315] READ COMPLETE
2022-05-08 08:52:02,066 [s0-NettyServerStreamRpc-bossGroup--thread1] INFO  logging.LoggingHandler (AbstractInternalLogger.java:log(148)) - [id: 0x82489cef, L:/0.0.0.0:36315] READ: [id: 0x5502125a, L:/127.0.0.1:36315 - R:/127.0.0.1:54662]
2022-05-08 08:52:02,067 [s0-NettyServerStreamRpc-workerGroup--thread2] INFO  client.DataStreamClient (ConfUtils.java:logGet(46)) - raft.datastream.type = NETTY (custom)
2022-05-08 08:52:02,068 [s0-NettyServerStreamRpc-workerGroup--thread2] INFO  netty.NettyConfigKeys$DataStream (ConfUtils.java:logGet(46)) - raft.netty.dataStream.client.tls.conf = null (default)
2022-05-08 08:52:02,068 [s0-NettyServerStreamRpc-workerGroup--thread2] INFO  netty.NettyConfigKeys$DataStream (ConfUtils.java:logGet(46)) - raft.netty.dataStream.client.reply.queue.grace-period = 1s (default)
2022-05-08 08:52:02,068 [s0-NettyServerStreamRpc-workerGroup--thread2] INFO  netty.NettyConfigKeys$DataStream (ConfUtils.java:logGet(46)) - raft.netty.dataStream.client.worker-group.share = false (default)
2022-05-08 08:52:02,068 [s0-NettyServerStreamRpc-workerGroup--thread2] INFO  netty.NettyConfigKeys$DataStream (ConfUtils.java:logGet(46)) - raft.netty.dataStream.client.worker-group.size = 4 (default)
2022-05-08 08:52:02,068 [s0-NettyServerStreamRpc-bossGroup--thread1] INFO  logging.LoggingHandler (AbstractInternalLogger.java:log(148)) - [id: 0x82489cef, L:/0.0.0.0:36315] READ: [id: 0xed40066c, L:/127.0.0.1:36315 - R:/127.0.0.1:54666]
2022-05-08 08:52:02,069 [s0-NettyServerStreamRpc-workerGroup--thread3] INFO  client.DataStreamClient (ConfUtils.java:logGet(46)) - raft.datastream.type = NETTY (custom)
2022-05-08 08:52:02,069 [s0-NettyServerStreamRpc-bossGroup--thread1] INFO  logging.LoggingHandler (AbstractInternalLogger.java:log(148)) - [id: 0x82489cef, L:/0.0.0.0:36315] READ COMPLETE
2022-05-08 08:52:02,070 [s0-NettyServerStreamRpc-workerGroup--thread3] INFO  netty.NettyConfigKeys$DataStream (ConfUtils.java:logGet(46)) - raft.netty.dataStream.client.tls.conf = null (default)
2022-05-08 08:52:02,071 [s0-NettyServerStreamRpc-workerGroup--thread3] INFO  netty.NettyConfigKeys$DataStream (ConfUtils.java:logGet(46)) - raft.netty.dataStream.client.reply.queue.grace-period = 1s (default)
2022-05-08 08:52:02,079 [s0-NettyServerStreamRpc-workerGroup--thread1] INFO  client.DataStreamClient (ConfUtils.java:logGet(46)) - raft.datastream.type = NETTY (custom)
2022-05-08 08:52:02,079 [s0-NettyServerStreamRpc-workerGroup--thread1] INFO  netty.NettyConfigKeys$DataStream (ConfUtils.java:logGet(46)) - raft.netty.dataStream.client.tls.conf = null (default)
2022-05-08 08:52:02,079 [s0-NettyServerStreamRpc-workerGroup--thread1] INFO  netty.NettyConfigKeys$DataStream (ConfUtils.java:logGet(46)) - raft.netty.dataStream.client.reply.queue.grace-period = 1s (default)
2022-05-08 08:52:02,079 [s0-NettyServerStreamRpc-workerGroup--thread3] INFO  netty.NettyConfigKeys$DataStream (ConfUtils.java:logGet(46)) - raft.netty.dataStream.client.worker-group.share = false (default)
2022-05-08 08:52:02,078 [s1-NettyServerStreamRpc-bossGroup--thread1] INFO  logging.LoggingHandler (AbstractInternalLogger.java:log(148)) - [id: 0x010427d0, L:/0.0.0.0:35479] READ: [id: 0xf10bb1d1, L:/127.0.0.1:35479 - R:/127.0.0.1:39780]
2022-05-08 08:52:02,080 [s0-NettyServerStreamRpc-workerGroup--thread1] INFO  netty.NettyConfigKeys$DataStream (ConfUtils.java:logGet(46)) - raft.netty.dataStream.client.worker-group.share = false (default)
2022-05-08 08:52:02,080 [s0-NettyServerStreamRpc-workerGroup--thread1] INFO  netty.NettyConfigKeys$DataStream (ConfUtils.java:logGet(46)) - raft.netty.dataStream.client.worker-group.size = 4 (default)
2022-05-08 08:52:02,081 [s0-NettyServerStreamRpc-workerGroup--thread3] INFO  netty.NettyConfigKeys$DataStream (ConfUtils.java:logGet(46)) - raft.netty.dataStream.client.worker-group.size = 4 (default)
2022-05-08 08:52:02,087 [s2-NettyServerStreamRpc-bossGroup--thread1] INFO  logging.LoggingHandler (AbstractInternalLogger.java:log(148)) - [id: 0x97038635, L:/0.0.0.0:41373] READ: [id: 0x9c86fbe4, L:/127.0.0.1:41373 - R:/127.0.0.1:45498]
2022-05-08 08:52:02,093 [s2-NettyServerStreamRpc-bossGroup--thread1] INFO  logging.LoggingHandler (AbstractInternalLogger.java:log(148)) - [id: 0x97038635, L:/0.0.0.0:41373] READ COMPLETE
2022-05-08 08:52:02,094 [s2-NettyServerStreamRpc-workerGroup--thread2] INFO  client.DataStreamClient (ConfUtils.java:logGet(46)) - raft.datastream.type = NETTY (custom)
2022-05-08 08:52:02,094 [s2-NettyServerStreamRpc-workerGroup--thread2] INFO  netty.NettyConfigKeys$DataStream (ConfUtils.java:logGet(46)) - raft.netty.dataStream.client.tls.conf = null (default)
2022-05-08 08:52:02,095 [s2-NettyServerStreamRpc-workerGroup--thread2] INFO  netty.NettyConfigKeys$DataStream (ConfUtils.java:logGet(46)) - raft.netty.dataStream.client.reply.queue.grace-period = 1s (default)
2022-05-08 08:52:02,095 [s2-NettyServerStreamRpc-workerGroup--thread2] INFO  netty.NettyConfigKeys$DataStream (ConfUtils.java:logGet(46)) - raft.netty.dataStream.client.worker-group.share = false (default)
2022-05-08 08:52:02,095 [s2-NettyServerStreamRpc-workerGroup--thread2] INFO  netty.NettyConfigKeys$DataStream (ConfUtils.java:logGet(46)) - raft.netty.dataStream.client.worker-group.size = 4 (default)
2022-05-08 08:52:02,098 [s0-NettyServerStreamRpc-bossGroup--thread1] INFO  logging.LoggingHandler (AbstractInternalLogger.java:log(148)) - [id: 0x82489cef, L:/0.0.0.0:36315] READ: [id: 0xa0569e3d, L:/127.0.0.1:36315 - R:/127.0.0.1:54672]
2022-05-08 08:52:02,098 [s0-NettyServerStreamRpc-bossGroup--thread1] INFO  logging.LoggingHandler (AbstractInternalLogger.java:log(148)) - [id: 0x82489cef, L:/0.0.0.0:36315] READ COMPLETE
2022-05-08 08:52:02,100 [s1-NettyServerStreamRpc-bossGroup--thread1] INFO  logging.LoggingHandler (AbstractInternalLogger.java:log(148)) - [id: 0x010427d0, L:/0.0.0.0:35479] READ COMPLETE
2022-05-08 08:52:02,111 [s1-NettyServerStreamRpc-bossGroup--thread1] INFO  logging.LoggingHandler (AbstractInternalLogger.java:log(148)) - [id: 0x010427d0, L:/0.0.0.0:35479] READ: [id: 0xf510ad7f, L:/127.0.0.1:35479 - R:/127.0.0.1:39784]
2022-05-08 08:52:02,111 [s1-NettyServerStreamRpc-workerGroup--thread2] INFO  client.DataStreamClient (ConfUtils.java:logGet(46)) - raft.datastream.type = NETTY (custom)
2022-05-08 08:52:02,110 [s0-NettyServerStreamRpc-workerGroup--thread4] INFO  client.DataStreamClient (ConfUtils.java:logGet(46)) - raft.datastream.type = NETTY (custom)
2022-05-08 08:52:02,112 [s0-NettyServerStreamRpc-workerGroup--thread4] INFO  netty.NettyConfigKeys$DataStream (ConfUtils.java:logGet(46)) - raft.netty.dataStream.client.tls.conf = null (default)
2022-05-08 08:52:02,112 [s0-NettyServerStreamRpc-workerGroup--thread4] INFO  netty.NettyConfigKeys$DataStream (ConfUtils.java:logGet(46)) - raft.netty.dataStream.client.reply.queue.grace-period = 1s (default)
2022-05-08 08:52:02,112 [s0-NettyServerStreamRpc-workerGroup--thread4] INFO  netty.NettyConfigKeys$DataStream (ConfUtils.java:logGet(46)) - raft.netty.dataStream.client.worker-group.share = false (default)
2022-05-08 08:52:02,112 [s0-NettyServerStreamRpc-workerGroup--thread4] INFO  netty.NettyConfigKeys$DataStream (ConfUtils.java:logGet(46)) - raft.netty.dataStream.client.worker-group.size = 4 (default)
2022-05-08 08:52:02,110 [s0-NettyServerStreamRpc-workerGroup--thread3] INFO  client.DataStreamClient (ConfUtils.java:logGet(46)) - raft.datastream.type = NETTY (custom)
2022-05-08 08:52:02,113 [s0-NettyServerStreamRpc-workerGroup--thread3] INFO  netty.NettyConfigKeys$DataStream (ConfUtils.java:logGet(46)) - raft.netty.dataStream.client.tls.conf = null (default)
2022-05-08 08:52:02,113 [s0-NettyServerStreamRpc-workerGroup--thread3] INFO  netty.NettyConfigKeys$DataStream (ConfUtils.java:logGet(46)) - raft.netty.dataStream.client.reply.queue.grace-period = 1s (default)
2022-05-08 08:52:02,113 [s0-NettyServerStreamRpc-workerGroup--thread3] INFO  netty.NettyConfigKeys$DataStream (ConfUtils.java:logGet(46)) - raft.netty.dataStream.client.worker-group.share = false (default)
2022-05-08 08:52:02,113 [s0-NettyServerStreamRpc-workerGroup--thread3] INFO  netty.NettyConfigKeys$DataStream (ConfUtils.java:logGet(46)) - raft.netty.dataStream.client.worker-group.size = 4 (default)
2022-05-08 08:52:02,109 [s1-NettyServerStreamRpc-workerGroup--thread1] INFO  client.DataStreamClient (ConfUtils.java:logGet(46)) - raft.datastream.type = NETTY (custom)
2022-05-08 08:52:02,113 [s1-NettyServerStreamRpc-workerGroup--thread1] INFO  netty.NettyConfigKeys$DataStream (ConfUtils.java:logGet(46)) - raft.netty.dataStream.client.tls.conf = null (default)
2022-05-08 08:52:02,113 [s1-NettyServerStreamRpc-workerGroup--thread1] INFO  netty.NettyConfigKeys$DataStream (ConfUtils.java:logGet(46)) - raft.netty.dataStream.client.reply.queue.grace-period = 1s (default)
2022-05-08 08:52:02,113 [s1-NettyServerStreamRpc-workerGroup--thread1] INFO  netty.NettyConfigKeys$DataStream (ConfUtils.java:logGet(46)) - raft.netty.dataStream.client.worker-group.share = false (default)
2022-05-08 08:52:02,113 [s1-NettyServerStreamRpc-workerGroup--thread1] INFO  netty.NettyConfigKeys$DataStream (ConfUtils.java:logGet(46)) - raft.netty.dataStream.client.worker-group.size = 4 (default)
2022-05-08 08:52:02,108 [s0-NettyServerStreamRpc-bossGroup--thread1] INFO  logging.LoggingHandler (AbstractInternalLogger.java:log(148)) - [id: 0x82489cef, L:/0.0.0.0:36315] READ: [id: 0x124af482, L:/127.0.0.1:36315 - R:/127.0.0.1:54676]
2022-05-08 08:52:02,114 [s0-NettyServerStreamRpc-bossGroup--thread1] INFO  logging.LoggingHandler (AbstractInternalLogger.java:log(148)) - [id: 0x82489cef, L:/0.0.0.0:36315] READ COMPLETE
2022-05-08 08:52:02,102 [s2-NettyServerStreamRpc-workerGroup--thread1] INFO  client.DataStreamClient (ConfUtils.java:logGet(46)) - raft.datastream.type = NETTY (custom)
2022-05-08 08:52:02,111 [s1-NettyServerStreamRpc-workerGroup--thread2] INFO  netty.NettyConfigKeys$DataStream (ConfUtils.java:logGet(46)) - raft.netty.dataStream.client.tls.conf = null (default)
2022-05-08 08:52:02,114 [s1-NettyServerStreamRpc-workerGroup--thread2] INFO  netty.NettyConfigKeys$DataStream (ConfUtils.java:logGet(46)) - raft.netty.dataStream.client.reply.queue.grace-period = 1s (default)
2022-05-08 08:52:02,114 [s2-NettyServerStreamRpc-workerGroup--thread1] INFO  netty.NettyConfigKeys$DataStream (ConfUtils.java:logGet(46)) - raft.netty.dataStream.client.tls.conf = null (default)
2022-05-08 08:52:02,115 [s2-NettyServerStreamRpc-workerGroup--thread1] INFO  netty.NettyConfigKeys$DataStream (ConfUtils.java:logGet(46)) - raft.netty.dataStream.client.reply.queue.grace-period = 1s (default)
2022-05-08 08:52:02,114 [s1-NettyServerStreamRpc-workerGroup--thread2] INFO  netty.NettyConfigKeys$DataStream (ConfUtils.java:logGet(46)) - raft.netty.dataStream.client.worker-group.share = false (default)
2022-05-08 08:52:02,115 [s1-NettyServerStreamRpc-workerGroup--thread2] INFO  netty.NettyConfigKeys$DataStream (ConfUtils.java:logGet(46)) - raft.netty.dataStream.client.worker-group.size = 4 (default)
2022-05-08 08:52:02,115 [s2-NettyServerStreamRpc-workerGroup--thread1] INFO  netty.NettyConfigKeys$DataStream (ConfUtils.java:logGet(46)) - raft.netty.dataStream.client.worker-group.share = false (default)
2022-05-08 08:52:02,115 [s2-NettyServerStreamRpc-workerGroup--thread1] INFO  netty.NettyConfigKeys$DataStream (ConfUtils.java:logGet(46)) - raft.netty.dataStream.client.worker-group.size = 4 (default)
2022-05-08 08:52:02,118 [s1-NettyServerStreamRpc-bossGroup--thread1] INFO  logging.LoggingHandler (AbstractInternalLogger.java:log(148)) - [id: 0x010427d0, L:/0.0.0.0:35479] READ: [id: 0xafa3c010, L:/127.0.0.1:35479 - R:/127.0.0.1:39788]
2022-05-08 08:52:02,122 [s0-NettyServerStreamRpc-bossGroup--thread1] INFO  logging.LoggingHandler (AbstractInternalLogger.java:log(148)) - [id: 0x82489cef, L:/0.0.0.0:36315] READ: [id: 0xffb1c2dd, L:/127.0.0.1:36315 - R:/127.0.0.1:54682]
2022-05-08 08:52:02,122 [s0-NettyServerStreamRpc-bossGroup--thread1] INFO  logging.LoggingHandler (AbstractInternalLogger.java:log(148)) - [id: 0x82489cef, L:/0.0.0.0:36315] READ COMPLETE
2022-05-08 08:52:02,122 [s1-NettyServerStreamRpc-bossGroup--thread1] INFO  logging.LoggingHandler (AbstractInternalLogger.java:log(148)) - [id: 0x010427d0, L:/0.0.0.0:35479] READ COMPLETE
2022-05-08 08:52:02,122 [s1-NettyServerStreamRpc-bossGroup--thread1] INFO  logging.LoggingHandler (AbstractInternalLogger.java:log(148)) - [id: 0x010427d0, L:/0.0.0.0:35479] READ: [id: 0x8dd862c2, L:/127.0.0.1:35479 - R:/127.0.0.1:39790]
2022-05-08 08:52:02,123 [s1-NettyServerStreamRpc-bossGroup--thread1] INFO  logging.LoggingHandler (AbstractInternalLogger.java:log(148)) - [id: 0x010427d0, L:/0.0.0.0:35479] READ COMPLETE
2022-05-08 08:52:02,123 [s1-NettyServerStreamRpc-workerGroup--thread4] INFO  client.DataStreamClient (ConfUtils.java:logGet(46)) - raft.datastream.type = NETTY (custom)
2022-05-08 08:52:02,123 [s1-NettyServerStreamRpc-workerGroup--thread4] INFO  netty.NettyConfigKeys$DataStream (ConfUtils.java:logGet(46)) - raft.netty.dataStream.client.tls.conf = null (default)
2022-05-08 08:52:02,123 [s1-NettyServerStreamRpc-workerGroup--thread4] INFO  netty.NettyConfigKeys$DataStream (ConfUtils.java:logGet(46)) - raft.netty.dataStream.client.reply.queue.grace-period = 1s (default)
2022-05-08 08:52:02,123 [s1-NettyServerStreamRpc-workerGroup--thread4] INFO  netty.NettyConfigKeys$DataStream (ConfUtils.java:logGet(46)) - raft.netty.dataStream.client.worker-group.share = false (default)
2022-05-08 08:52:02,124 [s1-NettyServerStreamRpc-workerGroup--thread4] INFO  netty.NettyConfigKeys$DataStream (ConfUtils.java:logGet(46)) - raft.netty.dataStream.client.worker-group.size = 4 (default)
2022-05-08 08:52:02,119 [s1-NettyServerStreamRpc-workerGroup--thread3] INFO  client.DataStreamClient (ConfUtils.java:logGet(46)) - raft.datastream.type = NETTY (custom)
2022-05-08 08:52:02,130 [s1-NettyServerStreamRpc-workerGroup--thread3] INFO  netty.NettyConfigKeys$DataStream (ConfUtils.java:logGet(46)) - raft.netty.dataStream.client.tls.conf = null (default)
2022-05-08 08:52:02,130 [s1-NettyServerStreamRpc-workerGroup--thread3] INFO  netty.NettyConfigKeys$DataStream (ConfUtils.java:logGet(46)) - raft.netty.dataStream.client.reply.queue.grace-period = 1s (default)
2022-05-08 08:52:02,130 [s1-NettyServerStreamRpc-workerGroup--thread3] INFO  netty.NettyConfigKeys$DataStream (ConfUtils.java:logGet(46)) - raft.netty.dataStream.client.worker-group.share = false (default)
2022-05-08 08:52:02,130 [s1-NettyServerStreamRpc-workerGroup--thread3] INFO  netty.NettyConfigKeys$DataStream (ConfUtils.java:logGet(46)) - raft.netty.dataStream.client.worker-group.size = 4 (default)
2022-05-08 08:52:02,128 [s0-NettyServerStreamRpc-workerGroup--thread1] INFO  client.DataStreamClient (ConfUtils.java:logGet(46)) - raft.datastream.type = NETTY (custom)
2022-05-08 08:52:02,131 [s0-NettyServerStreamRpc-workerGroup--thread1] INFO  netty.NettyConfigKeys$DataStream (ConfUtils.java:logGet(46)) - raft.netty.dataStream.client.tls.conf = null (default)
2022-05-08 08:52:02,131 [s0-NettyServerStreamRpc-workerGroup--thread1] INFO  netty.NettyConfigKeys$DataStream (ConfUtils.java:logGet(46)) - raft.netty.dataStream.client.reply.queue.grace-period = 1s (default)
2022-05-08 08:52:02,131 [s0-NettyServerStreamRpc-workerGroup--thread1] INFO  netty.NettyConfigKeys$DataStream (ConfUtils.java:logGet(46)) - raft.netty.dataStream.client.worker-group.share = false (default)
2022-05-08 08:52:02,131 [s0-NettyServerStreamRpc-workerGroup--thread1] INFO  netty.NettyConfigKeys$DataStream (ConfUtils.java:logGet(46)) - raft.netty.dataStream.client.worker-group.size = 4 (default)
2022-05-08 08:52:02,133 [s0-NettyServerStreamRpc-bossGroup--thread1] INFO  logging.LoggingHandler (AbstractInternalLogger.java:log(148)) - [id: 0x82489cef, L:/0.0.0.0:36315] READ: [id: 0x215a0fb0, L:/127.0.0.1:36315 - R:/127.0.0.1:54684]
2022-05-08 08:52:02,133 [s0-NettyServerStreamRpc-bossGroup--thread1] INFO  logging.LoggingHandler (AbstractInternalLogger.java:log(148)) - [id: 0x82489cef, L:/0.0.0.0:36315] READ COMPLETE
2022-05-08 08:52:02,136 [s1-NettyServerStreamRpc-bossGroup--thread1] INFO  logging.LoggingHandler (AbstractInternalLogger.java:log(148)) - [id: 0x010427d0, L:/0.0.0.0:35479] READ: [id: 0xd9d07b25, L:/127.0.0.1:35479 - R:/127.0.0.1:39796]
2022-05-08 08:52:02,136 [s1-NettyServerStreamRpc-bossGroup--thread1] INFO  logging.LoggingHandler (AbstractInternalLogger.java:log(148)) - [id: 0x010427d0, L:/0.0.0.0:35479] READ COMPLETE
2022-05-08 08:52:02,142 [s2-NettyServerStreamRpc-bossGroup--thread1] INFO  logging.LoggingHandler (AbstractInternalLogger.java:log(148)) - [id: 0x97038635, L:/0.0.0.0:41373] READ: [id: 0x83b10646, L:/127.0.0.1:41373 - R:/127.0.0.1:45522]
2022-05-08 08:52:02,146 [s0-NettyServerStreamRpc-bossGroup--thread1] INFO  logging.LoggingHandler (AbstractInternalLogger.java:log(148)) - [id: 0x82489cef, L:/0.0.0.0:36315] READ: [id: 0xe359c3cb, L:/127.0.0.1:36315 - R:/127.0.0.1:54690]
2022-05-08 08:52:02,146 [s0-NettyServerStreamRpc-bossGroup--thread1] INFO  logging.LoggingHandler (AbstractInternalLogger.java:log(148)) - [id: 0x82489cef, L:/0.0.0.0:36315] READ COMPLETE
2022-05-08 08:52:02,146 [s2-NettyServerStreamRpc-bossGroup--thread1] INFO  logging.LoggingHandler (AbstractInternalLogger.java:log(148)) - [id: 0x97038635, L:/0.0.0.0:41373] READ COMPLETE
2022-05-08 08:52:02,147 [s2-NettyServerStreamRpc-workerGroup--thread2] INFO  client.DataStreamClient (ConfUtils.java:logGet(46)) - raft.datastream.type = NETTY (custom)
2022-05-08 08:52:02,147 [s2-NettyServerStreamRpc-workerGroup--thread2] INFO  netty.NettyConfigKeys$DataStream (ConfUtils.java:logGet(46)) - raft.netty.dataStream.client.tls.conf = null (default)
2022-05-08 08:52:02,147 [s2-NettyServerStreamRpc-workerGroup--thread2] INFO  netty.NettyConfigKeys$DataStream (ConfUtils.java:logGet(46)) - raft.netty.dataStream.client.reply.queue.grace-period = 1s (default)
2022-05-08 08:52:02,147 [s2-NettyServerStreamRpc-workerGroup--thread2] INFO  netty.NettyConfigKeys$DataStream (ConfUtils.java:logGet(46)) - raft.netty.dataStream.client.worker-group.share = false (default)
2022-05-08 08:52:02,148 [s2-NettyServerStreamRpc-workerGroup--thread2] INFO  netty.NettyConfigKeys$DataStream (ConfUtils.java:logGet(46)) - raft.netty.dataStream.client.worker-group.size = 4 (default)
2022-05-08 08:52:02,150 [s1-NettyServerStreamRpc-workerGroup--thread2] INFO  client.DataStreamClient (ConfUtils.java:logGet(46)) - raft.datastream.type = NETTY (custom)
2022-05-08 08:52:02,150 [s1-NettyServerStreamRpc-workerGroup--thread2] INFO  netty.NettyConfigKeys$DataStream (ConfUtils.java:logGet(46)) - raft.netty.dataStream.client.tls.conf = null (default)
2022-05-08 08:52:02,150 [s1-NettyServerStreamRpc-workerGroup--thread2] INFO  netty.NettyConfigKeys$DataStream (ConfUtils.java:logGet(46)) - raft.netty.dataStream.client.reply.queue.grace-period = 1s (default)
2022-05-08 08:52:02,150 [s1-NettyServerStreamRpc-workerGroup--thread2] INFO  netty.NettyConfigKeys$DataStream (ConfUtils.java:logGet(46)) - raft.netty.dataStream.client.worker-group.share = false (default)
2022-05-08 08:52:02,151 [s1-NettyServerStreamRpc-workerGroup--thread2] INFO  netty.NettyConfigKeys$DataStream (ConfUtils.java:logGet(46)) - raft.netty.dataStream.client.worker-group.size = 4 (default)
2022-05-08 08:52:02,162 [s2-NettyServerStreamRpc-bossGroup--thread1] INFO  logging.LoggingHandler (AbstractInternalLogger.java:log(148)) - [id: 0x97038635, L:/0.0.0.0:41373] READ: [id: 0x31753fb2, L:/127.0.0.1:41373 - R:/127.0.0.1:45526]
2022-05-08 08:52:02,163 [s2-NettyServerStreamRpc-bossGroup--thread1] INFO  logging.LoggingHandler (AbstractInternalLogger.java:log(148)) - [id: 0x97038635, L:/0.0.0.0:41373] READ COMPLETE
2022-05-08 08:52:02,168 [s1-NettyServerStreamRpc-bossGroup--thread1] INFO  logging.LoggingHandler (AbstractInternalLogger.java:log(148)) - [id: 0x010427d0, L:/0.0.0.0:35479] READ: [id: 0x0241d170, L:/127.0.0.1:35479 - R:/127.0.0.1:39804]
2022-05-08 08:52:02,168 [s1-NettyServerStreamRpc-bossGroup--thread1] INFO  logging.LoggingHandler (AbstractInternalLogger.java:log(148)) - [id: 0x010427d0, L:/0.0.0.0:35479] READ: [id: 0x5375814d, L:/127.0.0.1:35479 - R:/127.0.0.1:39808]
2022-05-08 08:52:02,168 [s1-NettyServerStreamRpc-bossGroup--thread1] INFO  logging.LoggingHandler (AbstractInternalLogger.java:log(148)) - [id: 0x010427d0, L:/0.0.0.0:35479] READ COMPLETE
2022-05-08 08:52:02,169 [s0-NettyServerStreamRpc-bossGroup--thread1] INFO  logging.LoggingHandler (AbstractInternalLogger.java:log(148)) - [id: 0x82489cef, L:/0.0.0.0:36315] READ: [id: 0x01840977, L:/127.0.0.1:36315 - R:/127.0.0.1:54700]
2022-05-08 08:52:02,169 [s0-NettyServerStreamRpc-bossGroup--thread1] INFO  logging.LoggingHandler (AbstractInternalLogger.java:log(148)) - [id: 0x82489cef, L:/0.0.0.0:36315] READ COMPLETE
2022-05-08 08:52:02,169 [s1-NettyServerStreamRpc-workerGroup--thread1] INFO  client.DataStreamClient (ConfUtils.java:logGet(46)) - raft.datastream.type = NETTY (custom)
2022-05-08 08:52:02,170 [s1-NettyServerStreamRpc-workerGroup--thread1] INFO  netty.NettyConfigKeys$DataStream (ConfUtils.java:logGet(46)) - raft.netty.dataStream.client.tls.conf = null (default)
2022-05-08 08:52:02,170 [s1-NettyServerStreamRpc-workerGroup--thread1] INFO  netty.NettyConfigKeys$DataStream (ConfUtils.java:logGet(46)) - raft.netty.dataStream.client.reply.queue.grace-period = 1s (default)
2022-05-08 08:52:02,170 [s1-NettyServerStreamRpc-workerGroup--thread1] INFO  netty.NettyConfigKeys$DataStream (ConfUtils.java:logGet(46)) - raft.netty.dataStream.client.worker-group.share = false (default)
2022-05-08 08:52:02,170 [s1-NettyServerStreamRpc-workerGroup--thread1] INFO  netty.NettyConfigKeys$DataStream (ConfUtils.java:logGet(46)) - raft.netty.dataStream.client.worker-group.size = 4 (default)
2022-05-08 08:52:02,172 [s1-NettyServerStreamRpc-workerGroup--thread4] INFO  client.DataStreamClient (ConfUtils.java:logGet(46)) - raft.datastream.type = NETTY (custom)
2022-05-08 08:52:02,172 [s1-NettyServerStreamRpc-workerGroup--thread4] INFO  netty.NettyConfigKeys$DataStream (ConfUtils.java:logGet(46)) - raft.netty.dataStream.client.tls.conf = null (default)
2022-05-08 08:52:02,172 [s1-NettyServerStreamRpc-workerGroup--thread4] INFO  netty.NettyConfigKeys$DataStream (ConfUtils.java:logGet(46)) - raft.netty.dataStream.client.reply.queue.grace-period = 1s (default)
2022-05-08 08:52:02,172 [s1-NettyServerStreamRpc-workerGroup--thread4] INFO  netty.NettyConfigKeys$DataStream (ConfUtils.java:logGet(46)) - raft.netty.dataStream.client.worker-group.share = false (default)
2022-05-08 08:52:02,172 [s1-NettyServerStreamRpc-workerGroup--thread4] INFO  netty.NettyConfigKeys$DataStream (ConfUtils.java:logGet(46)) - raft.netty.dataStream.client.worker-group.size = 4 (default)
2022-05-08 08:52:02,173 [s2-NettyServerStreamRpc-bossGroup--thread1] INFO  logging.LoggingHandler (AbstractInternalLogger.java:log(148)) - [id: 0x97038635, L:/0.0.0.0:41373] READ: [id: 0x7892bec2, L:/127.0.0.1:41373 - R:/127.0.0.1:45530]
2022-05-08 08:52:02,173 [s2-NettyServerStreamRpc-bossGroup--thread1] INFO  logging.LoggingHandler (AbstractInternalLogger.java:log(148)) - [id: 0x97038635, L:/0.0.0.0:41373] READ: [id: 0xcdba0800, L:/127.0.0.1:41373 - R:/127.0.0.1:45536]
2022-05-08 08:52:02,173 [s0-NettyServerStreamRpc-bossGroup--thread1] INFO  logging.LoggingHandler (AbstractInternalLogger.java:log(148)) - [id: 0x82489cef, L:/0.0.0.0:36315] READ: [id: 0xec18b9c4, L:/127.0.0.1:36315 - R:/127.0.0.1:54704]
2022-05-08 08:52:02,173 [s0-NettyServerStreamRpc-bossGroup--thread1] INFO  logging.LoggingHandler (AbstractInternalLogger.java:log(148)) - [id: 0x82489cef, L:/0.0.0.0:36315] READ COMPLETE
2022-05-08 08:52:02,173 [s2-NettyServerStreamRpc-bossGroup--thread1] INFO  logging.LoggingHandler (AbstractInternalLogger.java:log(148)) - [id: 0x97038635, L:/0.0.0.0:41373] READ COMPLETE
2022-05-08 08:52:02,174 [s1-NettyServerStreamRpc-workerGroup--thread1] INFO  client.DataStreamClient (ConfUtils.java:logGet(46)) - raft.datastream.type = NETTY (custom)
2022-05-08 08:52:02,174 [s1-NettyServerStreamRpc-workerGroup--thread1] INFO  netty.NettyConfigKeys$DataStream (ConfUtils.java:logGet(46)) - raft.netty.dataStream.client.tls.conf = null (default)
2022-05-08 08:52:02,174 [s1-NettyServerStreamRpc-workerGroup--thread1] INFO  netty.NettyConfigKeys$DataStream (ConfUtils.java:logGet(46)) - raft.netty.dataStream.client.reply.queue.grace-period = 1s (default)
2022-05-08 08:52:02,174 [s1-NettyServerStreamRpc-workerGroup--thread1] INFO  netty.NettyConfigKeys$DataStream (ConfUtils.java:logGet(46)) - raft.netty.dataStream.client.worker-group.share = false (default)
2022-05-08 08:52:02,174 [s1-NettyServerStreamRpc-workerGroup--thread1] INFO  netty.NettyConfigKeys$DataStream (ConfUtils.java:logGet(46)) - raft.netty.dataStream.client.worker-group.size = 4 (default)
2022-05-08 08:52:02,175 [s2-NettyServerStreamRpc-bossGroup--thread1] INFO  logging.LoggingHandler (AbstractInternalLogger.java:log(148)) - [id: 0x97038635, L:/0.0.0.0:41373] READ: [id: 0x571db269, L:/127.0.0.1:41373 - R:/127.0.0.1:45540]
2022-05-08 08:52:02,175 [s2-NettyServerStreamRpc-bossGroup--thread1] INFO  logging.LoggingHandler (AbstractInternalLogger.java:log(148)) - [id: 0x97038635, L:/0.0.0.0:41373] READ COMPLETE
2022-05-08 08:52:02,177 [s0-NettyServerStreamRpc-bossGroup--thread1] INFO  logging.LoggingHandler (AbstractInternalLogger.java:log(148)) - [id: 0x82489cef, L:/0.0.0.0:36315] READ: [id: 0x93291f9b, L:/127.0.0.1:36315 - R:/127.0.0.1:54708]
2022-05-08 08:52:02,177 [s0-NettyServerStreamRpc-bossGroup--thread1] INFO  logging.LoggingHandler (AbstractInternalLogger.java:log(148)) - [id: 0x82489cef, L:/0.0.0.0:36315] READ COMPLETE
2022-05-08 08:52:02,177 [s0-NettyServerStreamRpc-workerGroup--thread2] INFO  client.DataStreamClient (ConfUtils.java:logGet(46)) - raft.datastream.type = NETTY (custom)
2022-05-08 08:52:02,178 [s0-NettyServerStreamRpc-workerGroup--thread2] INFO  netty.NettyConfigKeys$DataStream (ConfUtils.java:logGet(46)) - raft.netty.dataStream.client.tls.conf = null (default)
2022-05-08 08:52:02,178 [s0-NettyServerStreamRpc-workerGroup--thread2] INFO  netty.NettyConfigKeys$DataStream (ConfUtils.java:logGet(46)) - raft.netty.dataStream.client.reply.queue.grace-period = 1s (default)
2022-05-08 08:52:02,178 [s0-NettyServerStreamRpc-workerGroup--thread2] INFO  netty.NettyConfigKeys$DataStream (ConfUtils.java:logGet(46)) - raft.netty.dataStream.client.worker-group.share = false (default)
2022-05-08 08:52:02,178 [s0-NettyServerStreamRpc-workerGroup--thread2] INFO  netty.NettyConfigKeys$DataStream (ConfUtils.java:logGet(46)) - raft.netty.dataStream.client.worker-group.size = 4 (default)
2022-05-08 08:52:02,179 [s1-NettyServerStreamRpc-bossGroup--thread1] INFO  logging.LoggingHandler (AbstractInternalLogger.java:log(148)) - [id: 0x010427d0, L:/0.0.0.0:35479] READ: [id: 0xcf4fddf2, L:/127.0.0.1:35479 - R:/127.0.0.1:39820]
2022-05-08 08:52:02,179 [s1-NettyServerStreamRpc-bossGroup--thread1] INFO  logging.LoggingHandler (AbstractInternalLogger.java:log(148)) - [id: 0x010427d0, L:/0.0.0.0:35479] READ COMPLETE
2022-05-08 08:52:02,180 [s2-NettyServerStreamRpc-workerGroup--thread2] INFO  client.DataStreamClient (ConfUtils.java:logGet(46)) - raft.datastream.type = NETTY (custom)
2022-05-08 08:52:02,180 [s2-NettyServerStreamRpc-workerGroup--thread2] INFO  netty.NettyConfigKeys$DataStream (ConfUtils.java:logGet(46)) - raft.netty.dataStream.client.tls.conf = null (default)
2022-05-08 08:52:02,180 [s2-NettyServerStreamRpc-workerGroup--thread2] INFO  netty.NettyConfigKeys$DataStream (ConfUtils.java:logGet(46)) - raft.netty.dataStream.client.reply.queue.grace-period = 1s (default)
2022-05-08 08:52:02,180 [s2-NettyServerStreamRpc-workerGroup--thread2] INFO  netty.NettyConfigKeys$DataStream (ConfUtils.java:logGet(46)) - raft.netty.dataStream.client.worker-group.share = false (default)
2022-05-08 08:52:02,180 [s2-NettyServerStreamRpc-workerGroup--thread2] INFO  netty.NettyConfigKeys$DataStream (ConfUtils.java:logGet(46)) - raft.netty.dataStream.client.worker-group.size = 4 (default)
2022-05-08 08:52:02,181 [s0-NettyServerStreamRpc-bossGroup--thread1] INFO  logging.LoggingHandler (AbstractInternalLogger.java:log(148)) - [id: 0x82489cef, L:/0.0.0.0:36315] READ: [id: 0xa68c1ad4, L:/127.0.0.1:36315 - R:/127.0.0.1:54712]
2022-05-08 08:52:02,181 [s0-NettyServerStreamRpc-bossGroup--thread1] INFO  logging.LoggingHandler (AbstractInternalLogger.java:log(148)) - [id: 0x82489cef, L:/0.0.0.0:36315] READ COMPLETE
2022-05-08 08:52:02,206 [s0-NettyServerStreamRpc-workerGroup--thread3] INFO  client.DataStreamClient (ConfUtils.java:logGet(46)) - raft.datastream.type = NETTY (custom)
2022-05-08 08:52:02,206 [s0-NettyServerStreamRpc-workerGroup--thread3] INFO  netty.NettyConfigKeys$DataStream (ConfUtils.java:logGet(46)) - raft.netty.dataStream.client.tls.conf = null (default)
2022-05-08 08:52:02,206 [s0-NettyServerStreamRpc-workerGroup--thread3] INFO  netty.NettyConfigKeys$DataStream (ConfUtils.java:logGet(46)) - raft.netty.dataStream.client.reply.queue.grace-period = 1s (default)
2022-05-08 08:52:02,206 [s0-NettyServerStreamRpc-workerGroup--thread3] INFO  netty.NettyConfigKeys$DataStream (ConfUtils.java:logGet(46)) - raft.netty.dataStream.client.worker-group.share = false (default)
2022-05-08 08:52:02,206 [s0-NettyServerStreamRpc-workerGroup--thread3] INFO  netty.NettyConfigKeys$DataStream (ConfUtils.java:logGet(46)) - raft.netty.dataStream.client.worker-group.size = 4 (default)
2022-05-08 08:52:02,209 [s1-NettyServerStreamRpc-workerGroup--thread3] INFO  client.DataStreamClient (ConfUtils.java:logGet(46)) - raft.datastream.type = NETTY (custom)
2022-05-08 08:52:02,209 [s1-NettyServerStreamRpc-workerGroup--thread3] INFO  netty.NettyConfigKeys$DataStream (ConfUtils.java:logGet(46)) - raft.netty.dataStream.client.tls.conf = null (default)
2022-05-08 08:52:02,209 [s1-NettyServerStreamRpc-workerGroup--thread3] INFO  netty.NettyConfigKeys$DataStream (ConfUtils.java:logGet(46)) - raft.netty.dataStream.client.reply.queue.grace-period = 1s (default)
2022-05-08 08:52:02,209 [s1-NettyServerStreamRpc-workerGroup--thread3] INFO  netty.NettyConfigKeys$DataStream (ConfUtils.java:logGet(46)) - raft.netty.dataStream.client.worker-group.share = false (default)
2022-05-08 08:52:02,209 [s1-NettyServerStreamRpc-workerGroup--thread3] INFO  netty.NettyConfigKeys$DataStream (ConfUtils.java:logGet(46)) - raft.netty.dataStream.client.worker-group.size = 4 (default)
2022-05-08 08:52:02,211 [s2-NettyServerStreamRpc-bossGroup--thread1] INFO  logging.LoggingHandler (AbstractInternalLogger.java:log(148)) - [id: 0x97038635, L:/0.0.0.0:41373] READ: [id: 0x09c67272, L:/127.0.0.1:41373 - R:/127.0.0.1:45548]
2022-05-08 08:52:02,211 [s2-NettyServerStreamRpc-bossGroup--thread1] INFO  logging.LoggingHandler (AbstractInternalLogger.java:log(148)) - [id: 0x97038635, L:/0.0.0.0:41373] READ COMPLETE
2022-05-08 08:52:02,246 [s1-NettyServerStreamRpc-bossGroup--thread1] INFO  logging.LoggingHandler (AbstractInternalLogger.java:log(148)) - [id: 0x010427d0, L:/0.0.0.0:35479] READ: [id: 0xad04b165, L:/127.0.0.1:35479 - R:/127.0.0.1:39826]
2022-05-08 08:52:02,246 [s1-NettyServerStreamRpc-bossGroup--thread1] INFO  logging.LoggingHandler (AbstractInternalLogger.java:log(148)) - [id: 0x010427d0, L:/0.0.0.0:35479] READ COMPLETE
2022-05-08 08:52:02,268 [s1-NettyServerStreamRpc-workerGroup--thread1] INFO  client.DataStreamClient (ConfUtils.java:logGet(46)) - raft.datastream.type = NETTY (custom)
2022-05-08 08:52:02,268 [s1-NettyServerStreamRpc-workerGroup--thread1] INFO  netty.NettyConfigKeys$DataStream (ConfUtils.java:logGet(46)) - raft.netty.dataStream.client.tls.conf = null (default)
2022-05-08 08:52:02,268 [s1-NettyServerStreamRpc-workerGroup--thread1] INFO  netty.NettyConfigKeys$DataStream (ConfUtils.java:logGet(46)) - raft.netty.dataStream.client.reply.queue.grace-period = 1s (default)
2022-05-08 08:52:02,268 [s1-NettyServerStreamRpc-workerGroup--thread1] INFO  netty.NettyConfigKeys$DataStream (ConfUtils.java:logGet(46)) - raft.netty.dataStream.client.worker-group.share = false (default)
2022-05-08 08:52:02,268 [s1-NettyServerStreamRpc-workerGroup--thread1] INFO  netty.NettyConfigKeys$DataStream (ConfUtils.java:logGet(46)) - raft.netty.dataStream.client.worker-group.size = 4 (default)
2022-05-08 08:52:02,269 [s0-NettyServerStreamRpc-workerGroup--thread2] INFO  client.DataStreamClient (ConfUtils.java:logGet(46)) - raft.datastream.type = NETTY (custom)
2022-05-08 08:52:02,269 [s0-NettyServerStreamRpc-workerGroup--thread2] INFO  netty.NettyConfigKeys$DataStream (ConfUtils.java:logGet(46)) - raft.netty.dataStream.client.tls.conf = null (default)
2022-05-08 08:52:02,269 [s0-NettyServerStreamRpc-workerGroup--thread2] INFO  netty.NettyConfigKeys$DataStream (ConfUtils.java:logGet(46)) - raft.netty.dataStream.client.reply.queue.grace-period = 1s (default)
2022-05-08 08:52:02,269 [s0-NettyServerStreamRpc-workerGroup--thread2] INFO  netty.NettyConfigKeys$DataStream (ConfUtils.java:logGet(46)) - raft.netty.dataStream.client.worker-group.share = false (default)
2022-05-08 08:52:02,269 [s0-NettyServerStreamRpc-workerGroup--thread2] INFO  netty.NettyConfigKeys$DataStream (ConfUtils.java:logGet(46)) - raft.netty.dataStream.client.worker-group.size = 4 (default)
2022-05-08 08:52:02,273 [s0-NettyServerStreamRpc-workerGroup--thread4] INFO  client.DataStreamClient (ConfUtils.java:logGet(46)) - raft.datastream.type = NETTY (custom)
2022-05-08 08:52:02,273 [s0-NettyServerStreamRpc-workerGroup--thread4] INFO  netty.NettyConfigKeys$DataStream (ConfUtils.java:logGet(46)) - raft.netty.dataStream.client.tls.conf = null (default)
2022-05-08 08:52:02,273 [s0-NettyServerStreamRpc-workerGroup--thread4] INFO  netty.NettyConfigKeys$DataStream (ConfUtils.java:logGet(46)) - raft.netty.dataStream.client.reply.queue.grace-period = 1s (default)
2022-05-08 08:52:02,273 [s0-NettyServerStreamRpc-bossGroup--thread1] INFO  logging.LoggingHandler (AbstractInternalLogger.java:log(148)) - [id: 0x82489cef, L:/0.0.0.0:36315] READ: [id: 0x8320b4ee, L:/127.0.0.1:36315 - R:/127.0.0.1:54718]
2022-05-08 08:52:02,273 [s2-NettyServerStreamRpc-workerGroup--thread2] INFO  client.DataStreamClient (ConfUtils.java:logGet(46)) - raft.datastream.type = NETTY (custom)
2022-05-08 08:52:02,273 [s2-NettyServerStreamRpc-workerGroup--thread2] INFO  netty.NettyConfigKeys$DataStream (ConfUtils.java:logGet(46)) - raft.netty.dataStream.client.tls.conf = null (default)
2022-05-08 08:52:02,274 [s2-NettyServerStreamRpc-workerGroup--thread2] INFO  netty.NettyConfigKeys$DataStream (ConfUtils.java:logGet(46)) - raft.netty.dataStream.client.reply.queue.grace-period = 1s (default)
2022-05-08 08:52:02,274 [s2-NettyServerStreamRpc-workerGroup--thread2] INFO  netty.NettyConfigKeys$DataStream (ConfUtils.java:logGet(46)) - raft.netty.dataStream.client.worker-group.share = false (default)
2022-05-08 08:52:02,274 [s2-NettyServerStreamRpc-workerGroup--thread2] INFO  netty.NettyConfigKeys$DataStream (ConfUtils.java:logGet(46)) - raft.netty.dataStream.client.worker-group.size = 4 (default)
2022-05-08 08:52:02,273 [s0-NettyServerStreamRpc-workerGroup--thread4] INFO  netty.NettyConfigKeys$DataStream (ConfUtils.java:logGet(46)) - raft.netty.dataStream.client.worker-group.share = false (default)
2022-05-08 08:52:02,275 [s0-NettyServerStreamRpc-workerGroup--thread4] INFO  netty.NettyConfigKeys$DataStream (ConfUtils.java:logGet(46)) - raft.netty.dataStream.client.worker-group.size = 4 (default)
2022-05-08 08:52:02,273 [s0-NettyServerStreamRpc-bossGroup--thread1] INFO  logging.LoggingHandler (AbstractInternalLogger.java:log(148)) - [id: 0x82489cef, L:/0.0.0.0:36315] READ COMPLETE
2022-05-08 08:52:02,277 [s1-NettyServerStreamRpc-bossGroup--thread1] INFO  logging.LoggingHandler (AbstractInternalLogger.java:log(148)) - [id: 0x010427d0, L:/0.0.0.0:35479] READ: [id: 0xeeb0f9df, L:/127.0.0.1:35479 - R:/127.0.0.1:39830]
2022-05-08 08:52:02,277 [s1-NettyServerStreamRpc-bossGroup--thread1] INFO  logging.LoggingHandler (AbstractInternalLogger.java:log(148)) - [id: 0x010427d0, L:/0.0.0.0:35479] READ COMPLETE
2022-05-08 08:52:02,278 [s0-NettyServerStreamRpc-bossGroup--thread1] INFO  logging.LoggingHandler (AbstractInternalLogger.java:log(148)) - [id: 0x82489cef, L:/0.0.0.0:36315] READ: [id: 0xa537057f, L:/127.0.0.1:36315 - R:/127.0.0.1:54722]
2022-05-08 08:52:02,278 [s0-NettyServerStreamRpc-bossGroup--thread1] INFO  logging.LoggingHandler (AbstractInternalLogger.java:log(148)) - [id: 0x82489cef, L:/0.0.0.0:36315] READ COMPLETE
2022-05-08 08:52:02,279 [s2-NettyServerStreamRpc-workerGroup--thread2] INFO  client.DataStreamClient (ConfUtils.java:logGet(46)) - raft.datastream.type = NETTY (custom)
2022-05-08 08:52:02,279 [s2-NettyServerStreamRpc-workerGroup--thread2] INFO  netty.NettyConfigKeys$DataStream (ConfUtils.java:logGet(46)) - raft.netty.dataStream.client.tls.conf = null (default)
2022-05-08 08:52:02,279 [s2-NettyServerStreamRpc-workerGroup--thread2] INFO  netty.NettyConfigKeys$DataStream (ConfUtils.java:logGet(46)) - raft.netty.dataStream.client.reply.queue.grace-period = 1s (default)
2022-05-08 08:52:02,279 [s2-NettyServerStreamRpc-workerGroup--thread2] INFO  netty.NettyConfigKeys$DataStream (ConfUtils.java:logGet(46)) - raft.netty.dataStream.client.worker-group.share = false (default)
2022-05-08 08:52:02,279 [s2-NettyServerStreamRpc-workerGroup--thread2] INFO  netty.NettyConfigKeys$DataStream (ConfUtils.java:logGet(46)) - raft.netty.dataStream.client.worker-group.size = 4 (default)
2022-05-08 08:52:02,280 [s1-NettyServerStreamRpc-workerGroup--thread3] INFO  client.DataStreamClient (ConfUtils.java:logGet(46)) - raft.datastream.type = NETTY (custom)
2022-05-08 08:52:02,280 [s1-NettyServerStreamRpc-workerGroup--thread3] INFO  netty.NettyConfigKeys$DataStream (ConfUtils.java:logGet(46)) - raft.netty.dataStream.client.tls.conf = null (default)
2022-05-08 08:52:02,280 [s1-NettyServerStreamRpc-workerGroup--thread3] INFO  netty.NettyConfigKeys$DataStream (ConfUtils.java:logGet(46)) - raft.netty.dataStream.client.reply.queue.grace-period = 1s (default)
2022-05-08 08:52:02,280 [s1-NettyServerStreamRpc-workerGroup--thread3] INFO  netty.NettyConfigKeys$DataStream (ConfUtils.java:logGet(46)) - raft.netty.dataStream.client.worker-group.share = false (default)
2022-05-08 08:52:02,280 [s1-NettyServerStreamRpc-workerGroup--thread3] INFO  netty.NettyConfigKeys$DataStream (ConfUtils.java:logGet(46)) - raft.netty.dataStream.client.worker-group.size = 4 (default)
2022-05-08 08:52:02,287 [s1-NettyServerStreamRpc-workerGroup--thread1] INFO  client.DataStreamClient (ConfUtils.java:logGet(46)) - raft.datastream.type = NETTY (custom)
2022-05-08 08:52:02,288 [s1-NettyServerStreamRpc-workerGroup--thread1] INFO  netty.NettyConfigKeys$DataStream (ConfUtils.java:logGet(46)) - raft.netty.dataStream.client.tls.conf = null (default)
2022-05-08 08:52:02,288 [s1-NettyServerStreamRpc-workerGroup--thread1] INFO  netty.NettyConfigKeys$DataStream (ConfUtils.java:logGet(46)) - raft.netty.dataStream.client.reply.queue.grace-period = 1s (default)
2022-05-08 08:52:02,288 [s1-NettyServerStreamRpc-workerGroup--thread1] INFO  netty.NettyConfigKeys$DataStream (ConfUtils.java:logGet(46)) - raft.netty.dataStream.client.worker-group.share = false (default)
2022-05-08 08:52:02,288 [s1-NettyServerStreamRpc-workerGroup--thread1] INFO  netty.NettyConfigKeys$DataStream (ConfUtils.java:logGet(46)) - raft.netty.dataStream.client.worker-group.size = 4 (default)
2022-05-08 08:52:02,292 [s0-NettyServerStreamRpc-workerGroup--thread3] INFO  client.DataStreamClient (ConfUtils.java:logGet(46)) - raft.datastream.type = NETTY (custom)
2022-05-08 08:52:02,292 [s0-NettyServerStreamRpc-workerGroup--thread3] INFO  netty.NettyConfigKeys$DataStream (ConfUtils.java:logGet(46)) - raft.netty.dataStream.client.tls.conf = null (default)
2022-05-08 08:52:02,292 [s0-NettyServerStreamRpc-workerGroup--thread3] INFO  netty.NettyConfigKeys$DataStream (ConfUtils.java:logGet(46)) - raft.netty.dataStream.client.reply.queue.grace-period = 1s (default)
2022-05-08 08:52:02,292 [s0-NettyServerStreamRpc-workerGroup--thread3] INFO  netty.NettyConfigKeys$DataStream (ConfUtils.java:logGet(46)) - raft.netty.dataStream.client.worker-group.share = false (default)
2022-05-08 08:52:02,292 [s0-NettyServerStreamRpc-workerGroup--thread3] INFO  netty.NettyConfigKeys$DataStream (ConfUtils.java:logGet(46)) - raft.netty.dataStream.client.worker-group.size = 4 (default)
2022-05-08 08:52:02,294 [s2-NettyServerStreamRpc-bossGroup--thread1] INFO  logging.LoggingHandler (AbstractInternalLogger.java:log(148)) - [id: 0x97038635, L:/0.0.0.0:41373] READ: [id: 0xa11b9fd4, L:/127.0.0.1:41373 - R:/127.0.0.1:45558]
2022-05-08 08:52:02,294 [s2-NettyServerStreamRpc-bossGroup--thread1] INFO  logging.LoggingHandler (AbstractInternalLogger.java:log(148)) - [id: 0x97038635, L:/0.0.0.0:41373] READ COMPLETE
2022-05-08 08:52:02,309 [s0-NettyServerStreamRpc-bossGroup--thread1] INFO  logging.LoggingHandler (AbstractInternalLogger.java:log(148)) - [id: 0x82489cef, L:/0.0.0.0:36315] READ: [id: 0x92db7511, L:/127.0.0.1:36315 - R:/127.0.0.1:54726]
2022-05-08 08:52:02,310 [s0-NettyServerStreamRpc-bossGroup--thread1] INFO  logging.LoggingHandler (AbstractInternalLogger.java:log(148)) - [id: 0x82489cef, L:/0.0.0.0:36315] READ COMPLETE
2022-05-08 08:52:02,310 [s1-NettyServerStreamRpc-workerGroup--thread1] INFO  client.DataStreamClient (ConfUtils.java:logGet(46)) - raft.datastream.type = NETTY (custom)
2022-05-08 08:52:02,310 [s1-NettyServerStreamRpc-workerGroup--thread1] INFO  netty.NettyConfigKeys$DataStream (ConfUtils.java:logGet(46)) - raft.netty.dataStream.client.tls.conf = null (default)
2022-05-08 08:52:02,310 [s1-NettyServerStreamRpc-workerGroup--thread1] INFO  netty.NettyConfigKeys$DataStream (ConfUtils.java:logGet(46)) - raft.netty.dataStream.client.reply.queue.grace-period = 1s (default)
2022-05-08 08:52:02,310 [s1-NettyServerStreamRpc-workerGroup--thread1] INFO  netty.NettyConfigKeys$DataStream (ConfUtils.java:logGet(46)) - raft.netty.dataStream.client.worker-group.share = false (default)
2022-05-08 08:52:02,310 [s1-NettyServerStreamRpc-workerGroup--thread1] INFO  netty.NettyConfigKeys$DataStream (ConfUtils.java:logGet(46)) - raft.netty.dataStream.client.worker-group.size = 4 (default)
2022-05-08 08:52:02,312 [s2-NettyServerStreamRpc-bossGroup--thread1] INFO  logging.LoggingHandler (AbstractInternalLogger.java:log(148)) - [id: 0x97038635, L:/0.0.0.0:41373] READ: [id: 0xcb9b94a5, L:/127.0.0.1:41373 - R:/127.0.0.1:45562]
2022-05-08 08:52:02,312 [s2-NettyServerStreamRpc-bossGroup--thread1] INFO  logging.LoggingHandler (AbstractInternalLogger.java:log(148)) - [id: 0x97038635, L:/0.0.0.0:41373] READ COMPLETE
2022-05-08 08:52:02,313 [s0-NettyServerStreamRpc-workerGroup--thread2] INFO  client.DataStreamClient (ConfUtils.java:logGet(46)) - raft.datastream.type = NETTY (custom)
2022-05-08 08:52:02,314 [s0-NettyServerStreamRpc-workerGroup--thread2] INFO  netty.NettyConfigKeys$DataStream (ConfUtils.java:logGet(46)) - raft.netty.dataStream.client.tls.conf = null (default)
2022-05-08 08:52:02,314 [s0-NettyServerStreamRpc-workerGroup--thread2] INFO  netty.NettyConfigKeys$DataStream (ConfUtils.java:logGet(46)) - raft.netty.dataStream.client.reply.queue.grace-period = 1s (default)
2022-05-08 08:52:02,314 [s0-NettyServerStreamRpc-workerGroup--thread2] INFO  netty.NettyConfigKeys$DataStream (ConfUtils.java:logGet(46)) - raft.netty.dataStream.client.worker-group.share = false (default)
2022-05-08 08:52:02,314 [s0-NettyServerStreamRpc-workerGroup--thread2] INFO  netty.NettyConfigKeys$DataStream (ConfUtils.java:logGet(46)) - raft.netty.dataStream.client.worker-group.size = 4 (default)
2022-05-08 08:52:02,326 [s2-NettyServerStreamRpc-bossGroup--thread1] INFO  logging.LoggingHandler (AbstractInternalLogger.java:log(148)) - [id: 0x97038635, L:/0.0.0.0:41373] READ: [id: 0xebc26a09, L:/127.0.0.1:41373 - R:/127.0.0.1:45564]
2022-05-08 08:52:02,326 [s2-NettyServerStreamRpc-bossGroup--thread1] INFO  logging.LoggingHandler (AbstractInternalLogger.java:log(148)) - [id: 0x97038635, L:/0.0.0.0:41373] READ COMPLETE
2022-05-08 08:52:02,327 [s0-NettyServerStreamRpc-bossGroup--thread1] INFO  logging.LoggingHandler (AbstractInternalLogger.java:log(148)) - [id: 0x82489cef, L:/0.0.0.0:36315] READ: [id: 0xa1ec1f33, L:/127.0.0.1:36315 - R:/127.0.0.1:54732]
2022-05-08 08:52:02,327 [s0-NettyServerStreamRpc-bossGroup--thread1] INFO  logging.LoggingHandler (AbstractInternalLogger.java:log(148)) - [id: 0x82489cef, L:/0.0.0.0:36315] READ COMPLETE
2022-05-08 08:52:02,334 [s0-NettyServerStreamRpc-workerGroup--thread4] INFO  client.DataStreamClient (ConfUtils.java:logGet(46)) - raft.datastream.type = NETTY (custom)
2022-05-08 08:52:02,334 [s0-NettyServerStreamRpc-workerGroup--thread4] INFO  netty.NettyConfigKeys$DataStream (ConfUtils.java:logGet(46)) - raft.netty.dataStream.client.tls.conf = null (default)
2022-05-08 08:52:02,334 [s0-NettyServerStreamRpc-workerGroup--thread4] INFO  netty.NettyConfigKeys$DataStream (ConfUtils.java:logGet(46)) - raft.netty.dataStream.client.reply.queue.grace-period = 1s (default)
2022-05-08 08:52:02,334 [s0-NettyServerStreamRpc-workerGroup--thread4] INFO  netty.NettyConfigKeys$DataStream (ConfUtils.java:logGet(46)) - raft.netty.dataStream.client.worker-group.share = false (default)
2022-05-08 08:52:02,334 [s0-NettyServerStreamRpc-workerGroup--thread4] INFO  netty.NettyConfigKeys$DataStream (ConfUtils.java:logGet(46)) - raft.netty.dataStream.client.worker-group.size = 4 (default)
2022-05-08 08:52:02,335 [s2-NettyServerStreamRpc-workerGroup--thread2] INFO  client.DataStreamClient (ConfUtils.java:logGet(46)) - raft.datastream.type = NETTY (custom)
2022-05-08 08:52:02,336 [s2-NettyServerStreamRpc-workerGroup--thread2] INFO  netty.NettyConfigKeys$DataStream (ConfUtils.java:logGet(46)) - raft.netty.dataStream.client.tls.conf = null (default)
2022-05-08 08:52:02,336 [s2-NettyServerStreamRpc-workerGroup--thread2] INFO  netty.NettyConfigKeys$DataStream (ConfUtils.java:logGet(46)) - raft.netty.dataStream.client.reply.queue.grace-period = 1s (default)
2022-05-08 08:52:02,336 [s2-NettyServerStreamRpc-workerGroup--thread2] INFO  netty.NettyConfigKeys$DataStream (ConfUtils.java:logGet(46)) - raft.netty.dataStream.client.worker-group.share = false (default)
2022-05-08 08:52:02,336 [s2-NettyServerStreamRpc-workerGroup--thread2] INFO  netty.NettyConfigKeys$DataStream (ConfUtils.java:logGet(46)) - raft.netty.dataStream.client.worker-group.size = 4 (default)
2022-05-08 08:52:02,337 [s1-NettyServerStreamRpc-workerGroup--thread2] INFO  client.DataStreamClient (ConfUtils.java:logGet(46)) - raft.datastream.type = NETTY (custom)
2022-05-08 08:52:02,337 [s1-NettyServerStreamRpc-workerGroup--thread2] INFO  netty.NettyConfigKeys$DataStream (ConfUtils.java:logGet(46)) - raft.netty.dataStream.client.tls.conf = null (default)
2022-05-08 08:52:02,337 [s1-NettyServerStreamRpc-workerGroup--thread2] INFO  netty.NettyConfigKeys$DataStream (ConfUtils.java:logGet(46)) - raft.netty.dataStream.client.reply.queue.grace-period = 1s (default)
2022-05-08 08:52:02,337 [s1-NettyServerStreamRpc-workerGroup--thread2] INFO  netty.NettyConfigKeys$DataStream (ConfUtils.java:logGet(46)) - raft.netty.dataStream.client.worker-group.share = false (default)
2022-05-08 08:52:02,337 [s1-NettyServerStreamRpc-workerGroup--thread2] INFO  netty.NettyConfigKeys$DataStream (ConfUtils.java:logGet(46)) - raft.netty.dataStream.client.worker-group.size = 4 (default)
2022-05-08 08:52:02,339 [s2-NettyServerStreamRpc-bossGroup--thread1] INFO  logging.LoggingHandler (AbstractInternalLogger.java:log(148)) - [id: 0x97038635, L:/0.0.0.0:41373] READ: [id: 0xf38794d3, L:/127.0.0.1:41373 - R:/127.0.0.1:45568]
2022-05-08 08:52:02,339 [s2-NettyServerStreamRpc-bossGroup--thread1] INFO  logging.LoggingHandler (AbstractInternalLogger.java:log(148)) - [id: 0x97038635, L:/0.0.0.0:41373] READ COMPLETE
2022-05-08 08:52:02,345 [s2-NettyServerStreamRpc-bossGroup--thread1] INFO  logging.LoggingHandler (AbstractInternalLogger.java:log(148)) - [id: 0x97038635, L:/0.0.0.0:41373] READ: [id: 0x4f6efb37, L:/127.0.0.1:41373 - R:/127.0.0.1:45570]
2022-05-08 08:52:02,345 [s2-NettyServerStreamRpc-bossGroup--thread1] INFO  logging.LoggingHandler (AbstractInternalLogger.java:log(148)) - [id: 0x97038635, L:/0.0.0.0:41373] READ COMPLETE
2022-05-08 08:52:02,345 [s0-NettyServerStreamRpc-workerGroup--thread4] INFO  client.DataStreamClient (ConfUtils.java:logGet(46)) - raft.datastream.type = NETTY (custom)
2022-05-08 08:52:02,345 [s0-NettyServerStreamRpc-workerGroup--thread4] INFO  netty.NettyConfigKeys$DataStream (ConfUtils.java:logGet(46)) - raft.netty.dataStream.client.tls.conf = null (default)
2022-05-08 08:52:02,345 [s0-NettyServerStreamRpc-workerGroup--thread4] INFO  netty.NettyConfigKeys$DataStream (ConfUtils.java:logGet(46)) - raft.netty.dataStream.client.reply.queue.grace-period = 1s (default)
2022-05-08 08:52:02,345 [s0-NettyServerStreamRpc-workerGroup--thread4] INFO  netty.NettyConfigKeys$DataStream (ConfUtils.java:logGet(46)) - raft.netty.dataStream.client.worker-group.share = false (default)
2022-05-08 08:52:02,345 [s0-NettyServerStreamRpc-workerGroup--thread4] INFO  netty.NettyConfigKeys$DataStream (ConfUtils.java:logGet(46)) - raft.netty.dataStream.client.worker-group.size = 4 (default)
2022-05-08 08:52:02,353 [s2-NettyServerStreamRpc-bossGroup--thread1] INFO  logging.LoggingHandler (AbstractInternalLogger.java:log(148)) - [id: 0x97038635, L:/0.0.0.0:41373] READ: [id: 0x191c259a, L:/127.0.0.1:41373 - R:/127.0.0.1:45572]
2022-05-08 08:52:02,354 [s2-NettyServerStreamRpc-bossGroup--thread1] INFO  logging.LoggingHandler (AbstractInternalLogger.java:log(148)) - [id: 0x97038635, L:/0.0.0.0:41373] READ COMPLETE
2022-05-08 08:52:02,355 [s0-NettyServerStreamRpc-bossGroup--thread1] INFO  logging.LoggingHandler (AbstractInternalLogger.java:log(148)) - [id: 0x82489cef, L:/0.0.0.0:36315] READ: [id: 0x5b700049, L:/127.0.0.1:36315 - R:/127.0.0.1:54740]
2022-05-08 08:52:02,355 [s0-NettyServerStreamRpc-bossGroup--thread1] INFO  logging.LoggingHandler (AbstractInternalLogger.java:log(148)) - [id: 0x82489cef, L:/0.0.0.0:36315] READ COMPLETE
2022-05-08 08:52:02,355 [s1-NettyServerStreamRpc-workerGroup--thread1] INFO  client.DataStreamClient (ConfUtils.java:logGet(46)) - raft.datastream.type = NETTY (custom)
2022-05-08 08:52:02,355 [s1-NettyServerStreamRpc-workerGroup--thread1] INFO  netty.NettyConfigKeys$DataStream (ConfUtils.java:logGet(46)) - raft.netty.dataStream.client.tls.conf = null (default)
2022-05-08 08:52:02,355 [s1-NettyServerStreamRpc-workerGroup--thread1] INFO  netty.NettyConfigKeys$DataStream (ConfUtils.java:logGet(46)) - raft.netty.dataStream.client.reply.queue.grace-period = 1s (default)
2022-05-08 08:52:02,355 [s1-NettyServerStreamRpc-workerGroup--thread1] INFO  netty.NettyConfigKeys$DataStream (ConfUtils.java:logGet(46)) - raft.netty.dataStream.client.worker-group.share = false (default)
2022-05-08 08:52:02,355 [s1-NettyServerStreamRpc-workerGroup--thread1] INFO  netty.NettyConfigKeys$DataStream (ConfUtils.java:logGet(46)) - raft.netty.dataStream.client.worker-group.size = 4 (default)
2022-05-08 08:52:02,357 [s0-NettyServerStreamRpc-workerGroup--thread2] INFO  client.DataStreamClient (ConfUtils.java:logGet(46)) - raft.datastream.type = NETTY (custom)
2022-05-08 08:52:02,357 [s0-NettyServerStreamRpc-workerGroup--thread2] INFO  netty.NettyConfigKeys$DataStream (ConfUtils.java:logGet(46)) - raft.netty.dataStream.client.tls.conf = null (default)
2022-05-08 08:52:02,357 [s0-NettyServerStreamRpc-workerGroup--thread2] INFO  netty.NettyConfigKeys$DataStream (ConfUtils.java:logGet(46)) - raft.netty.dataStream.client.reply.queue.grace-period = 1s (default)
2022-05-08 08:52:02,357 [s0-NettyServerStreamRpc-workerGroup--thread2] INFO  netty.NettyConfigKeys$DataStream (ConfUtils.java:logGet(46)) - raft.netty.dataStream.client.worker-group.share = false (default)
2022-05-08 08:52:02,357 [s0-NettyServerStreamRpc-workerGroup--thread2] INFO  netty.NettyConfigKeys$DataStream (ConfUtils.java:logGet(46)) - raft.netty.dataStream.client.worker-group.size = 4 (default)
2022-05-08 08:52:02,358 [s0-NettyServerStreamRpc-bossGroup--thread1] INFO  logging.LoggingHandler (AbstractInternalLogger.java:log(148)) - [id: 0x82489cef, L:/0.0.0.0:36315] READ: [id: 0x11a0d8e9, L:/127.0.0.1:36315 - R:/127.0.0.1:54742]
2022-05-08 08:52:02,358 [s0-NettyServerStreamRpc-bossGroup--thread1] INFO  logging.LoggingHandler (AbstractInternalLogger.java:log(148)) - [id: 0x82489cef, L:/0.0.0.0:36315] READ COMPLETE
2022-05-08 08:52:02,359 [s1-NettyServerStreamRpc-workerGroup--thread1] INFO  client.DataStreamClient (ConfUtils.java:logGet(46)) - raft.datastream.type = NETTY (custom)
2022-05-08 08:52:02,359 [s1-NettyServerStreamRpc-workerGroup--thread1] INFO  netty.NettyConfigKeys$DataStream (ConfUtils.java:logGet(46)) - raft.netty.dataStream.client.tls.conf = null (default)
2022-05-08 08:52:02,359 [s1-NettyServerStreamRpc-workerGroup--thread1] INFO  netty.NettyConfigKeys$DataStream (ConfUtils.java:logGet(46)) - raft.netty.dataStream.client.reply.queue.grace-period = 1s (default)
2022-05-08 08:52:02,359 [s1-NettyServerStreamRpc-workerGroup--thread1] INFO  netty.NettyConfigKeys$DataStream (ConfUtils.java:logGet(46)) - raft.netty.dataStream.client.worker-group.share = false (default)
2022-05-08 08:52:02,359 [s1-NettyServerStreamRpc-workerGroup--thread1] INFO  netty.NettyConfigKeys$DataStream (ConfUtils.java:logGet(46)) - raft.netty.dataStream.client.worker-group.size = 4 (default)
2022-05-08 08:52:02,360 [s0-NettyServerStreamRpc-workerGroup--thread3] INFO  client.DataStreamClient (ConfUtils.java:logGet(46)) - raft.datastream.type = NETTY (custom)
2022-05-08 08:52:02,360 [s0-NettyServerStreamRpc-workerGroup--thread3] INFO  netty.NettyConfigKeys$DataStream (ConfUtils.java:logGet(46)) - raft.netty.dataStream.client.tls.conf = null (default)
2022-05-08 08:52:02,360 [s0-NettyServerStreamRpc-workerGroup--thread3] INFO  netty.NettyConfigKeys$DataStream (ConfUtils.java:logGet(46)) - raft.netty.dataStream.client.reply.queue.grace-period = 1s (default)
2022-05-08 08:52:02,360 [s0-NettyServerStreamRpc-workerGroup--thread3] INFO  netty.NettyConfigKeys$DataStream (ConfUtils.java:logGet(46)) - raft.netty.dataStream.client.worker-group.share = false (default)
2022-05-08 08:52:02,360 [s0-NettyServerStreamRpc-workerGroup--thread3] INFO  netty.NettyConfigKeys$DataStream (ConfUtils.java:logGet(46)) - raft.netty.dataStream.client.worker-group.size = 4 (default)
2022-05-08 08:52:02,367 [s2-NettyServerStreamRpc-bossGroup--thread1] INFO  logging.LoggingHandler (AbstractInternalLogger.java:log(148)) - [id: 0x97038635, L:/0.0.0.0:41373] READ: [id: 0x0862ef89, L:/127.0.0.1:41373 - R:/127.0.0.1:45578]
2022-05-08 08:52:02,367 [s2-NettyServerStreamRpc-bossGroup--thread1] INFO  logging.LoggingHandler (AbstractInternalLogger.java:log(148)) - [id: 0x97038635, L:/0.0.0.0:41373] READ COMPLETE
2022-05-08 08:52:02,368 [s0-NettyServerStreamRpc-bossGroup--thread1] INFO  logging.LoggingHandler (AbstractInternalLogger.java:log(148)) - [id: 0x82489cef, L:/0.0.0.0:36315] READ: [id: 0x61671d95, L:/127.0.0.1:36315 - R:/127.0.0.1:54746]
2022-05-08 08:52:02,368 [s0-NettyServerStreamRpc-bossGroup--thread1] INFO  logging.LoggingHandler (AbstractInternalLogger.java:log(148)) - [id: 0x82489cef, L:/0.0.0.0:36315] READ COMPLETE
2022-05-08 08:52:02,368 [s1-NettyServerStreamRpc-workerGroup--thread1] INFO  client.DataStreamClient (ConfUtils.java:logGet(46)) - raft.datastream.type = NETTY (custom)
2022-05-08 08:52:02,369 [s1-NettyServerStreamRpc-workerGroup--thread1] INFO  netty.NettyConfigKeys$DataStream (ConfUtils.java:logGet(46)) - raft.netty.dataStream.client.tls.conf = null (default)
2022-05-08 08:52:02,369 [s1-NettyServerStreamRpc-workerGroup--thread1] INFO  netty.NettyConfigKeys$DataStream (ConfUtils.java:logGet(46)) - raft.netty.dataStream.client.reply.queue.grace-period = 1s (default)
2022-05-08 08:52:02,369 [s1-NettyServerStreamRpc-workerGroup--thread1] INFO  netty.NettyConfigKeys$DataStream (ConfUtils.java:logGet(46)) - raft.netty.dataStream.client.worker-group.share = false (default)
2022-05-08 08:52:02,369 [s1-NettyServerStreamRpc-workerGroup--thread1] INFO  netty.NettyConfigKeys$DataStream (ConfUtils.java:logGet(46)) - raft.netty.dataStream.client.worker-group.size = 4 (default)
2022-05-08 08:52:02,379 [s2-NettyServerStreamRpc-bossGroup--thread1] INFO  logging.LoggingHandler (AbstractInternalLogger.java:log(148)) - [id: 0x97038635, L:/0.0.0.0:41373] READ: [id: 0x8bfd68ec, L:/127.0.0.1:41373 - R:/127.0.0.1:45582]
2022-05-08 08:52:02,380 [s2-NettyServerStreamRpc-bossGroup--thread1] INFO  logging.LoggingHandler (AbstractInternalLogger.java:log(148)) - [id: 0x97038635, L:/0.0.0.0:41373] READ COMPLETE
2022-05-08 08:52:02,390 [s0-NettyServerStreamRpc-bossGroup--thread1] INFO  logging.LoggingHandler (AbstractInternalLogger.java:log(148)) - [id: 0x82489cef, L:/0.0.0.0:36315] READ: [id: 0xfdc3f7ce, L:/127.0.0.1:36315 - R:/127.0.0.1:54750]
2022-05-08 08:52:02,390 [s0-NettyServerStreamRpc-bossGroup--thread1] INFO  logging.LoggingHandler (AbstractInternalLogger.java:log(148)) - [id: 0x82489cef, L:/0.0.0.0:36315] READ COMPLETE
2022-05-08 08:52:02,391 [s2-NettyServerStreamRpc-workerGroup--thread2] INFO  client.DataStreamClient (ConfUtils.java:logGet(46)) - raft.datastream.type = NETTY (custom)
2022-05-08 08:52:02,391 [s2-NettyServerStreamRpc-workerGroup--thread2] INFO  netty.NettyConfigKeys$DataStream (ConfUtils.java:logGet(46)) - raft.netty.dataStream.client.tls.conf = null (default)
2022-05-08 08:52:02,391 [s2-NettyServerStreamRpc-workerGroup--thread2] INFO  netty.NettyConfigKeys$DataStream (ConfUtils.java:logGet(46)) - raft.netty.dataStream.client.reply.queue.grace-period = 1s (default)
2022-05-08 08:52:02,391 [s2-NettyServerStreamRpc-workerGroup--thread2] INFO  netty.NettyConfigKeys$DataStream (ConfUtils.java:logGet(46)) - raft.netty.dataStream.client.worker-group.share = false (default)
2022-05-08 08:52:02,391 [s2-NettyServerStreamRpc-workerGroup--thread2] INFO  netty.NettyConfigKeys$DataStream (ConfUtils.java:logGet(46)) - raft.netty.dataStream.client.worker-group.size = 4 (default)
2022-05-08 08:52:02,400 [s0-NettyServerStreamRpc-workerGroup--thread4] INFO  client.DataStreamClient (ConfUtils.java:logGet(46)) - raft.datastream.type = NETTY (custom)
2022-05-08 08:52:02,401 [s0-NettyServerStreamRpc-workerGroup--thread4] INFO  netty.NettyConfigKeys$DataStream (ConfUtils.java:logGet(46)) - raft.netty.dataStream.client.tls.conf = null (default)
2022-05-08 08:52:02,401 [s0-NettyServerStreamRpc-workerGroup--thread4] INFO  netty.NettyConfigKeys$DataStream (ConfUtils.java:logGet(46)) - raft.netty.dataStream.client.reply.queue.grace-period = 1s (default)
2022-05-08 08:52:02,401 [s0-NettyServerStreamRpc-workerGroup--thread4] INFO  netty.NettyConfigKeys$DataStream (ConfUtils.java:logGet(46)) - raft.netty.dataStream.client.worker-group.share = false (default)
2022-05-08 08:52:02,401 [s0-NettyServerStreamRpc-workerGroup--thread4] INFO  netty.NettyConfigKeys$DataStream (ConfUtils.java:logGet(46)) - raft.netty.dataStream.client.worker-group.size = 4 (default)
2022-05-08 08:52:02,401 [s0-NettyServerStreamRpc-bossGroup--thread1] INFO  logging.LoggingHandler (AbstractInternalLogger.java:log(148)) - [id: 0x82489cef, L:/0.0.0.0:36315] READ: [id: 0x5fa45460, L:/127.0.0.1:36315 - R:/127.0.0.1:54754]
2022-05-08 08:52:02,401 [s0-NettyServerStreamRpc-bossGroup--thread1] INFO  logging.LoggingHandler (AbstractInternalLogger.java:log(148)) - [id: 0x82489cef, L:/0.0.0.0:36315] READ COMPLETE
2022-05-08 08:52:02,402 [s1-NettyServerStreamRpc-workerGroup--thread1] INFO  client.DataStreamClient (ConfUtils.java:logGet(46)) - raft.datastream.type = NETTY (custom)
2022-05-08 08:52:02,402 [s1-NettyServerStreamRpc-workerGroup--thread1] INFO  netty.NettyConfigKeys$DataStream (ConfUtils.java:logGet(46)) - raft.netty.dataStream.client.tls.conf = null (default)
2022-05-08 08:52:02,402 [s1-NettyServerStreamRpc-workerGroup--thread1] INFO  netty.NettyConfigKeys$DataStream (ConfUtils.java:logGet(46)) - raft.netty.dataStream.client.reply.queue.grace-period = 1s (default)
2022-05-08 08:52:02,403 [s1-NettyServerStreamRpc-workerGroup--thread1] INFO  netty.NettyConfigKeys$DataStream (ConfUtils.java:logGet(46)) - raft.netty.dataStream.client.worker-group.share = false (default)
2022-05-08 08:52:02,403 [s1-NettyServerStreamRpc-workerGroup--thread1] INFO  netty.NettyConfigKeys$DataStream (ConfUtils.java:logGet(46)) - raft.netty.dataStream.client.worker-group.size = 4 (default)
2022-05-08 08:52:02,404 [s0-NettyServerStreamRpc-workerGroup--thread2] INFO  client.DataStreamClient (ConfUtils.java:logGet(46)) - raft.datastream.type = NETTY (custom)
2022-05-08 08:52:02,404 [s0-NettyServerStreamRpc-workerGroup--thread2] INFO  netty.NettyConfigKeys$DataStream (ConfUtils.java:logGet(46)) - raft.netty.dataStream.client.tls.conf = null (default)
2022-05-08 08:52:02,404 [s0-NettyServerStreamRpc-workerGroup--thread2] INFO  netty.NettyConfigKeys$DataStream (ConfUtils.java:logGet(46)) - raft.netty.dataStream.client.reply.queue.grace-period = 1s (default)
2022-05-08 08:52:02,405 [s0-NettyServerStreamRpc-workerGroup--thread2] INFO  netty.NettyConfigKeys$DataStream (ConfUtils.java:logGet(46)) - raft.netty.dataStream.client.worker-group.share = false (default)
2022-05-08 08:52:02,405 [s0-NettyServerStreamRpc-workerGroup--thread2] INFO  netty.NettyConfigKeys$DataStream (ConfUtils.java:logGet(46)) - raft.netty.dataStream.client.worker-group.size = 4 (default)
2022-05-08 08:52:02,413 [s1-NettyServerStreamRpc-workerGroup--thread1] INFO  client.DataStreamClient (ConfUtils.java:logGet(46)) - raft.datastream.type = NETTY (custom)
2022-05-08 08:52:02,413 [s1-NettyServerStreamRpc-workerGroup--thread1] INFO  netty.NettyConfigKeys$DataStream (ConfUtils.java:logGet(46)) - raft.netty.dataStream.client.tls.conf = null (default)
2022-05-08 08:52:02,413 [s1-NettyServerStreamRpc-workerGroup--thread1] INFO  netty.NettyConfigKeys$DataStream (ConfUtils.java:logGet(46)) - raft.netty.dataStream.client.reply.queue.grace-period = 1s (default)
2022-05-08 08:52:02,413 [s1-NettyServerStreamRpc-workerGroup--thread1] INFO  netty.NettyConfigKeys$DataStream (ConfUtils.java:logGet(46)) - raft.netty.dataStream.client.worker-group.share = false (default)
2022-05-08 08:52:02,413 [s1-NettyServerStreamRpc-workerGroup--thread1] INFO  netty.NettyConfigKeys$DataStream (ConfUtils.java:logGet(46)) - raft.netty.dataStream.client.worker-group.size = 4 (default)
2022-05-08 08:52:02,413 [s0-NettyServerStreamRpc-workerGroup--thread4] INFO  client.DataStreamClient (ConfUtils.java:logGet(46)) - raft.datastream.type = NETTY (custom)
2022-05-08 08:52:02,413 [s0-NettyServerStreamRpc-workerGroup--thread4] INFO  netty.NettyConfigKeys$DataStream (ConfUtils.java:logGet(46)) - raft.netty.dataStream.client.tls.conf = null (default)
2022-05-08 08:52:02,413 [s0-NettyServerStreamRpc-workerGroup--thread4] INFO  netty.NettyConfigKeys$DataStream (ConfUtils.java:logGet(46)) - raft.netty.dataStream.client.reply.queue.grace-period = 1s (default)
2022-05-08 08:52:02,413 [s0-NettyServerStreamRpc-workerGroup--thread4] INFO  netty.NettyConfigKeys$DataStream (ConfUtils.java:logGet(46)) - raft.netty.dataStream.client.worker-group.share = false (default)
2022-05-08 08:52:02,414 [s0-NettyServerStreamRpc-workerGroup--thread4] INFO  netty.NettyConfigKeys$DataStream (ConfUtils.java:logGet(46)) - raft.netty.dataStream.client.worker-group.size = 4 (default)
2022-05-08 08:52:02,418 [s2-NettyServerStreamRpc-bossGroup--thread1] INFO  logging.LoggingHandler (AbstractInternalLogger.java:log(148)) - [id: 0x97038635, L:/0.0.0.0:41373] READ: [id: 0x4c6739c0, L:/127.0.0.1:41373 - R:/127.0.0.1:45586]
2022-05-08 08:52:02,418 [s2-NettyServerStreamRpc-bossGroup--thread1] INFO  logging.LoggingHandler (AbstractInternalLogger.java:log(148)) - [id: 0x97038635, L:/0.0.0.0:41373] READ: [id: 0x8d4aa6ee, L:/127.0.0.1:41373 - R:/127.0.0.1:45590]
2022-05-08 08:52:02,418 [s2-NettyServerStreamRpc-bossGroup--thread1] INFO  logging.LoggingHandler (AbstractInternalLogger.java:log(148)) - [id: 0x97038635, L:/0.0.0.0:41373] READ: [id: 0xbf91dac0, L:/127.0.0.1:41373 - R:/127.0.0.1:45592]
2022-05-08 08:52:02,418 [s2-NettyServerStreamRpc-bossGroup--thread1] INFO  logging.LoggingHandler (AbstractInternalLogger.java:log(148)) - [id: 0x97038635, L:/0.0.0.0:41373] READ: [id: 0x92f250f6, L:/127.0.0.1:41373 - R:/127.0.0.1:45594]
2022-05-08 08:52:02,418 [s2-NettyServerStreamRpc-bossGroup--thread1] INFO  logging.LoggingHandler (AbstractInternalLogger.java:log(148)) - [id: 0x97038635, L:/0.0.0.0:41373] READ COMPLETE
2022-05-08 08:52:02,425 [s0-NettyServerStreamRpc-bossGroup--thread1] INFO  logging.LoggingHandler (AbstractInternalLogger.java:log(148)) - [id: 0x82489cef, L:/0.0.0.0:36315] READ: [id: 0x75fe64ec, L:/127.0.0.1:36315 - R:/127.0.0.1:54762]
2022-05-08 08:52:02,425 [s0-NettyServerStreamRpc-bossGroup--thread1] INFO  logging.LoggingHandler (AbstractInternalLogger.java:log(148)) - [id: 0x82489cef, L:/0.0.0.0:36315] READ COMPLETE
2022-05-08 08:52:02,435 [s2-NettyServerStreamRpc-bossGroup--thread1] INFO  logging.LoggingHandler (AbstractInternalLogger.java:log(148)) - [id: 0x97038635, L:/0.0.0.0:41373] READ: [id: 0xbbd2b245, L:/127.0.0.1:41373 - R:/127.0.0.1:45598]
2022-05-08 08:52:02,435 [s2-NettyServerStreamRpc-bossGroup--thread1] INFO  logging.LoggingHandler (AbstractInternalLogger.java:log(148)) - [id: 0x97038635, L:/0.0.0.0:41373] READ COMPLETE
2022-05-08 08:52:02,440 [s2-NettyServerStreamRpc-bossGroup--thread1] INFO  logging.LoggingHandler (AbstractInternalLogger.java:log(148)) - [id: 0x97038635, L:/0.0.0.0:41373] READ: [id: 0xc821f82a, L:/127.0.0.1:41373 - R:/127.0.0.1:45600]
2022-05-08 08:52:02,440 [s2-NettyServerStreamRpc-bossGroup--thread1] INFO  logging.LoggingHandler (AbstractInternalLogger.java:log(148)) - [id: 0x97038635, L:/0.0.0.0:41373] READ COMPLETE
2022-05-08 08:52:02,604 [pool-9-thread-16] INFO  datastream.DataStreamTestUtils (DataStreamTestUtils.java:writeAndCloseAndAssertReplies(320)) - Stream371: bytesWritten=7332606
2022-05-08 08:52:02,706 [pool-9-thread-13] INFO  datastream.DataStreamTestUtils (DataStreamTestUtils.java:writeAndCloseAndAssertReplies(320)) - Stream372: bytesWritten=7490293
2022-05-08 08:52:02,727 [pool-9-thread-15] INFO  datastream.DataStreamTestUtils (DataStreamTestUtils.java:writeAndCloseAndAssertReplies(320)) - Stream373: bytesWritten=8052012
2022-05-08 08:52:02,739 [pool-9-thread-14] INFO  datastream.DataStreamTestUtils (DataStreamTestUtils.java:writeAndCloseAndAssertReplies(320)) - Stream367: bytesWritten=7552815
2022-05-08 08:52:02,748 [pool-9-thread-11] INFO  datastream.DataStreamTestUtils (DataStreamTestUtils.java:writeAndCloseAndAssertReplies(320)) - Stream366: bytesWritten=7122440
2022-05-08 08:52:02,758 [s1-client-thread1] INFO  statemachine.StateMachine (DataStreamTestUtils.java:link(157)) - link SingleDataStream: writeRequest=RaftClientRequest:client-237E229D324E->s0@group-79EE622B0DCB, cid=371, seq=0, DataStream, Message:<EMPTY>, logEntry=null
2022-05-08 08:52:02,759 [s0-server-thread1] INFO  statemachine.StateMachine (DataStreamTestUtils.java:link(157)) - link SingleDataStream: writeRequest=RaftClientRequest:client-237E229D324E->s0@group-79EE622B0DCB, cid=371, seq=0, DataStream, Message:<EMPTY>, logEntry=null
2022-05-08 08:52:02,759 [s2-server-thread2] INFO  statemachine.StateMachine (DataStreamTestUtils.java:link(157)) - link SingleDataStream: writeRequest=RaftClientRequest:client-237E229D324E->s0@group-79EE622B0DCB, cid=371, seq=0, DataStream, Message:<EMPTY>, logEntry=null
2022-05-08 08:52:02,760 [s1-client-thread1] INFO  statemachine.StateMachine (DataStreamTestUtils.java:link(157)) - link SingleDataStream: writeRequest=RaftClientRequest:client-E29491B22142->s0@group-79EE622B0DCB, cid=367, seq=0, DataStream, Message:<EMPTY>, logEntry=null
2022-05-08 08:52:02,761 [s2-server-thread2] INFO  statemachine.StateMachine (DataStreamTestUtils.java:link(157)) - link SingleDataStream: writeRequest=RaftClientRequest:client-E29491B22142->s0@group-79EE622B0DCB, cid=367, seq=0, DataStream, Message:<EMPTY>, logEntry=null
2022-05-08 08:52:02,761 [s0-server-thread1] INFO  statemachine.StateMachine (DataStreamTestUtils.java:link(157)) - link SingleDataStream: writeRequest=RaftClientRequest:client-E29491B22142->s0@group-79EE622B0DCB, cid=367, seq=0, DataStream, Message:<EMPTY>, logEntry=null
2022-05-08 08:52:02,842 [pool-9-thread-16] INFO  datastream.DataStreamTestUtils (DataStreamTestUtils.java:writeAndCloseAndAssertReplies(311)) - start Stream376
2022-05-08 08:52:02,844 [pool-9-thread-14] INFO  datastream.DataStreamTestUtils (DataStreamTestUtils.java:writeAndCloseAndAssertReplies(311)) - start Stream377
2022-05-08 08:52:02,858 [s1-client-thread1] INFO  statemachine.StateMachine (DataStreamTestUtils.java:link(157)) - link SingleDataStream: writeRequest=RaftClientRequest:client-5E8A48055DD4->s2@group-79EE622B0DCB, cid=372, seq=0, DataStream, Message:<EMPTY>, logEntry=null
2022-05-08 08:52:02,860 [s2-server-thread2] INFO  statemachine.StateMachine (DataStreamTestUtils.java:link(157)) - link SingleDataStream: writeRequest=RaftClientRequest:client-5E8A48055DD4->s2@group-79EE622B0DCB, cid=372, seq=0, DataStream, Message:<EMPTY>, logEntry=null
2022-05-08 08:52:02,860 [s0-server-thread1] INFO  statemachine.StateMachine (DataStreamTestUtils.java:link(157)) - link SingleDataStream: writeRequest=RaftClientRequest:client-5E8A48055DD4->s2@group-79EE622B0DCB, cid=372, seq=0, DataStream, Message:<EMPTY>, logEntry=null
2022-05-08 08:52:02,861 [s1-client-thread1] INFO  statemachine.StateMachine (DataStreamTestUtils.java:link(157)) - link SingleDataStream: writeRequest=RaftClientRequest:client-5E8A48055DD4->s2@group-79EE622B0DCB, cid=373, seq=0, DataStream, Message:<EMPTY>, logEntry=null
2022-05-08 08:52:02,863 [s0-server-thread1] INFO  statemachine.StateMachine (DataStreamTestUtils.java:link(157)) - link SingleDataStream: writeRequest=RaftClientRequest:client-5E8A48055DD4->s2@group-79EE622B0DCB, cid=373, seq=0, DataStream, Message:<EMPTY>, logEntry=null
2022-05-08 08:52:02,863 [s2-server-thread2] INFO  statemachine.StateMachine (DataStreamTestUtils.java:link(157)) - link SingleDataStream: writeRequest=RaftClientRequest:client-5E8A48055DD4->s2@group-79EE622B0DCB, cid=373, seq=0, DataStream, Message:<EMPTY>, logEntry=null
2022-05-08 08:52:02,864 [s1-client-thread1] INFO  statemachine.StateMachine (DataStreamTestUtils.java:link(157)) - link SingleDataStream: writeRequest=RaftClientRequest:client-5E8A48055DD4->s2@group-79EE622B0DCB, cid=366, seq=0, DataStream, Message:<EMPTY>, logEntry=null
2022-05-08 08:52:02,865 [s2-server-thread2] INFO  statemachine.StateMachine (DataStreamTestUtils.java:link(157)) - link SingleDataStream: writeRequest=RaftClientRequest:client-5E8A48055DD4->s2@group-79EE622B0DCB, cid=366, seq=0, DataStream, Message:<EMPTY>, logEntry=null
2022-05-08 08:52:02,865 [s0-server-thread1] INFO  statemachine.StateMachine (DataStreamTestUtils.java:link(157)) - link SingleDataStream: writeRequest=RaftClientRequest:client-5E8A48055DD4->s2@group-79EE622B0DCB, cid=366, seq=0, DataStream, Message:<EMPTY>, logEntry=null
2022-05-08 08:52:02,968 [pool-9-thread-13] INFO  datastream.DataStreamTestUtils (DataStreamTestUtils.java:writeAndCloseAndAssertReplies(311)) - start Stream378
2022-05-08 08:52:02,971 [pool-9-thread-15] INFO  datastream.DataStreamTestUtils (DataStreamTestUtils.java:writeAndCloseAndAssertReplies(311)) - start Stream379
2022-05-08 08:52:02,973 [pool-9-thread-11] INFO  datastream.DataStreamTestUtils (DataStreamTestUtils.java:writeAndCloseAndAssertReplies(311)) - start Stream380
2022-05-08 08:52:03,028 [pool-9-thread-14] INFO  datastream.DataStreamTestUtils (DataStreamTestUtils.java:writeAndCloseAndAssertReplies(320)) - Stream377: bytesWritten=7308289
2022-05-08 08:52:03,049 [s1-client-thread1] INFO  statemachine.StateMachine (DataStreamTestUtils.java:link(157)) - link SingleDataStream: writeRequest=RaftClientRequest:client-E29491B22142->s0@group-79EE622B0DCB, cid=377, seq=0, DataStream, Message:<EMPTY>, logEntry=null
2022-05-08 08:52:03,050 [s0-server-thread1] INFO  statemachine.StateMachine (DataStreamTestUtils.java:link(157)) - link SingleDataStream: writeRequest=RaftClientRequest:client-E29491B22142->s0@group-79EE622B0DCB, cid=377, seq=0, DataStream, Message:<EMPTY>, logEntry=null
2022-05-08 08:52:03,051 [s2-server-thread2] INFO  statemachine.StateMachine (DataStreamTestUtils.java:link(157)) - link SingleDataStream: writeRequest=RaftClientRequest:client-E29491B22142->s0@group-79EE622B0DCB, cid=377, seq=0, DataStream, Message:<EMPTY>, logEntry=null
2022-05-08 08:52:03,102 [pool-9-thread-14] INFO  datastream.DataStreamTestUtils (DataStreamTestUtils.java:writeAndCloseAndAssertReplies(311)) - start Stream381
2022-05-08 08:52:03,149 [pool-9-thread-16] INFO  datastream.DataStreamTestUtils (DataStreamTestUtils.java:writeAndCloseAndAssertReplies(320)) - Stream376: bytesWritten=7968951
2022-05-08 08:52:03,164 [s1-client-thread1] INFO  statemachine.StateMachine (DataStreamTestUtils.java:link(157)) - link SingleDataStream: writeRequest=RaftClientRequest:client-E29491B22142->s0@group-79EE622B0DCB, cid=376, seq=0, DataStream, Message:<EMPTY>, logEntry=null
2022-05-08 08:52:03,225 [pool-9-thread-13] INFO  datastream.DataStreamTestUtils (DataStreamTestUtils.java:writeAndCloseAndAssertReplies(320)) - Stream378: bytesWritten=7083083
2022-05-08 08:52:03,242 [s1-client-thread1] INFO  statemachine.StateMachine (DataStreamTestUtils.java:link(157)) - link SingleDataStream: writeRequest=RaftClientRequest:client-E29491B22142->s0@group-79EE622B0DCB, cid=378, seq=0, DataStream, Message:<EMPTY>, logEntry=null
2022-05-08 08:52:03,284 [pool-9-thread-15] INFO  datastream.DataStreamTestUtils (DataStreamTestUtils.java:writeAndCloseAndAssertReplies(320)) - Stream379: bytesWritten=7093016
2022-05-08 08:52:03,292 [s1-client-thread1] INFO  statemachine.StateMachine (DataStreamTestUtils.java:link(157)) - link SingleDataStream: writeRequest=RaftClientRequest:client-E29491B22142->s0@group-79EE622B0DCB, cid=379, seq=0, DataStream, Message:<EMPTY>, logEntry=null
2022-05-08 08:52:03,388 [s0-server-thread1] INFO  statemachine.StateMachine (DataStreamTestUtils.java:link(157)) - link SingleDataStream: writeRequest=RaftClientRequest:client-E29491B22142->s0@group-79EE622B0DCB, cid=376, seq=0, DataStream, Message:<EMPTY>, logEntry=null
2022-05-08 08:52:03,388 [s2-server-thread2] INFO  statemachine.StateMachine (DataStreamTestUtils.java:link(157)) - link SingleDataStream: writeRequest=RaftClientRequest:client-E29491B22142->s0@group-79EE622B0DCB, cid=376, seq=0, DataStream, Message:<EMPTY>, logEntry=null
2022-05-08 08:52:03,410 [pool-9-thread-11] INFO  datastream.DataStreamTestUtils (DataStreamTestUtils.java:writeAndCloseAndAssertReplies(320)) - Stream380: bytesWritten=7477807
2022-05-08 08:52:03,413 [s1-client-thread1] INFO  statemachine.StateMachine (DataStreamTestUtils.java:link(157)) - link SingleDataStream: writeRequest=RaftClientRequest:client-E29491B22142->s0@group-79EE622B0DCB, cid=380, seq=0, DataStream, Message:<EMPTY>, logEntry=null
2022-05-08 08:52:03,416 [s0-server-thread1] INFO  statemachine.StateMachine (DataStreamTestUtils.java:link(157)) - link SingleDataStream: writeRequest=RaftClientRequest:client-E29491B22142->s0@group-79EE622B0DCB, cid=378, seq=0, DataStream, Message:<EMPTY>, logEntry=null
2022-05-08 08:52:03,429 [pool-9-thread-14] INFO  datastream.DataStreamTestUtils (DataStreamTestUtils.java:writeAndCloseAndAssertReplies(320)) - Stream381: bytesWritten=7716935
2022-05-08 08:52:03,434 [s1-client-thread1] INFO  statemachine.StateMachine (DataStreamTestUtils.java:link(157)) - link SingleDataStream: writeRequest=RaftClientRequest:client-E29491B22142->s0@group-79EE622B0DCB, cid=381, seq=0, DataStream, Message:<EMPTY>, logEntry=null
2022-05-08 08:52:03,436 [s2-server-thread2] INFO  statemachine.StateMachine (DataStreamTestUtils.java:link(157)) - link SingleDataStream: writeRequest=RaftClientRequest:client-E29491B22142->s0@group-79EE622B0DCB, cid=378, seq=0, DataStream, Message:<EMPTY>, logEntry=null
2022-05-08 08:52:03,437 [s2-server-thread2] INFO  statemachine.StateMachine (DataStreamTestUtils.java:link(157)) - link SingleDataStream: writeRequest=RaftClientRequest:client-E29491B22142->s0@group-79EE622B0DCB, cid=379, seq=0, DataStream, Message:<EMPTY>, logEntry=null
2022-05-08 08:52:03,439 [s2-server-thread2] INFO  statemachine.StateMachine (DataStreamTestUtils.java:link(157)) - link SingleDataStream: writeRequest=RaftClientRequest:client-E29491B22142->s0@group-79EE622B0DCB, cid=380, seq=0, DataStream, Message:<EMPTY>, logEntry=null
2022-05-08 08:52:03,442 [pool-9-thread-16] INFO  datastream.DataStreamTestUtils (DataStreamTestUtils.java:writeAndCloseAndAssertReplies(311)) - start Stream382
2022-05-08 08:52:03,488 [pool-9-thread-13] INFO  datastream.DataStreamTestUtils (DataStreamTestUtils.java:writeAndCloseAndAssertReplies(311)) - start Stream383
2022-05-08 08:52:03,494 [pool-9-thread-15] INFO  datastream.DataStreamTestUtils (DataStreamTestUtils.java:writeAndCloseAndAssertReplies(311)) - start Stream384
2022-05-08 08:52:03,567 [s0-server-thread1] INFO  statemachine.StateMachine (DataStreamTestUtils.java:link(157)) - link SingleDataStream: writeRequest=RaftClientRequest:client-E29491B22142->s0@group-79EE622B0DCB, cid=379, seq=0, DataStream, Message:<EMPTY>, logEntry=null
2022-05-08 08:52:03,582 [s2-server-thread2] INFO  statemachine.StateMachine (DataStreamTestUtils.java:link(157)) - link SingleDataStream: writeRequest=RaftClientRequest:client-E29491B22142->s0@group-79EE622B0DCB, cid=381, seq=0, DataStream, Message:<EMPTY>, logEntry=null
2022-05-08 08:52:03,588 [pool-9-thread-11] INFO  datastream.DataStreamTestUtils (DataStreamTestUtils.java:writeAndCloseAndAssertReplies(311)) - start Stream374
2022-05-08 08:52:03,629 [pool-9-thread-16] INFO  datastream.DataStreamTestUtils (DataStreamTestUtils.java:writeAndCloseAndAssertReplies(320)) - Stream382: bytesWritten=7485090
2022-05-08 08:52:03,639 [s1-client-thread1] INFO  statemachine.StateMachine (DataStreamTestUtils.java:link(157)) - link SingleDataStream: writeRequest=RaftClientRequest:client-E29491B22142->s0@group-79EE622B0DCB, cid=382, seq=0, DataStream, Message:<EMPTY>, logEntry=null
2022-05-08 08:52:03,665 [pool-9-thread-14] INFO  datastream.DataStreamTestUtils (DataStreamTestUtils.java:writeAndCloseAndAssertReplies(311)) - start Stream385
2022-05-08 08:52:03,666 [s0-server-thread1] INFO  statemachine.StateMachine (DataStreamTestUtils.java:link(157)) - link SingleDataStream: writeRequest=RaftClientRequest:client-E29491B22142->s0@group-79EE622B0DCB, cid=380, seq=0, DataStream, Message:<EMPTY>, logEntry=null
2022-05-08 08:52:03,667 [s2-server-thread2] INFO  statemachine.StateMachine (DataStreamTestUtils.java:link(157)) - link SingleDataStream: writeRequest=RaftClientRequest:client-E29491B22142->s0@group-79EE622B0DCB, cid=382, seq=0, DataStream, Message:<EMPTY>, logEntry=null
2022-05-08 08:52:03,670 [s0-server-thread1] INFO  statemachine.StateMachine (DataStreamTestUtils.java:link(157)) - link SingleDataStream: writeRequest=RaftClientRequest:client-E29491B22142->s0@group-79EE622B0DCB, cid=381, seq=0, DataStream, Message:<EMPTY>, logEntry=null
2022-05-08 08:52:03,677 [s0-server-thread1] INFO  statemachine.StateMachine (DataStreamTestUtils.java:link(157)) - link SingleDataStream: writeRequest=RaftClientRequest:client-E29491B22142->s0@group-79EE622B0DCB, cid=382, seq=0, DataStream, Message:<EMPTY>, logEntry=null
2022-05-08 08:52:03,692 [pool-9-thread-15] INFO  datastream.DataStreamTestUtils (DataStreamTestUtils.java:writeAndCloseAndAssertReplies(320)) - Stream384: bytesWritten=7251003
2022-05-08 08:52:03,703 [s1-client-thread1] INFO  statemachine.StateMachine (DataStreamTestUtils.java:link(157)) - link SingleDataStream: writeRequest=RaftClientRequest:client-E29491B22142->s0@group-79EE622B0DCB, cid=384, seq=0, DataStream, Message:<EMPTY>, logEntry=null
2022-05-08 08:52:03,742 [pool-9-thread-16] INFO  datastream.DataStreamTestUtils (DataStreamTestUtils.java:writeAndCloseAndAssertReplies(311)) - start Stream386
2022-05-08 08:52:03,747 [s2-server-thread2] INFO  statemachine.StateMachine (DataStreamTestUtils.java:link(157)) - link SingleDataStream: writeRequest=RaftClientRequest:client-E29491B22142->s0@group-79EE622B0DCB, cid=384, seq=0, DataStream, Message:<EMPTY>, logEntry=null
2022-05-08 08:52:03,748 [pool-9-thread-13] INFO  datastream.DataStreamTestUtils (DataStreamTestUtils.java:writeAndCloseAndAssertReplies(320)) - Stream383: bytesWritten=7998272
2022-05-08 08:52:03,750 [s1-client-thread1] INFO  statemachine.StateMachine (DataStreamTestUtils.java:link(157)) - link SingleDataStream: writeRequest=RaftClientRequest:client-E29491B22142->s0@group-79EE622B0DCB, cid=383, seq=0, DataStream, Message:<EMPTY>, logEntry=null
2022-05-08 08:52:03,751 [s2-server-thread2] INFO  statemachine.StateMachine (DataStreamTestUtils.java:link(157)) - link SingleDataStream: writeRequest=RaftClientRequest:client-E29491B22142->s0@group-79EE622B0DCB, cid=383, seq=0, DataStream, Message:<EMPTY>, logEntry=null
2022-05-08 08:52:03,770 [s0-server-thread1] INFO  statemachine.StateMachine (DataStreamTestUtils.java:link(157)) - link SingleDataStream: writeRequest=RaftClientRequest:client-E29491B22142->s0@group-79EE622B0DCB, cid=384, seq=0, DataStream, Message:<EMPTY>, logEntry=null
2022-05-08 08:52:03,796 [s0-server-thread1] INFO  statemachine.StateMachine (DataStreamTestUtils.java:link(157)) - link SingleDataStream: writeRequest=RaftClientRequest:client-E29491B22142->s0@group-79EE622B0DCB, cid=383, seq=0, DataStream, Message:<EMPTY>, logEntry=null
2022-05-08 08:52:03,813 [pool-9-thread-15] INFO  datastream.DataStreamTestUtils (DataStreamTestUtils.java:writeAndCloseAndAssertReplies(311)) - start Stream387
2022-05-08 08:52:03,837 [pool-9-thread-13] INFO  datastream.DataStreamTestUtils (DataStreamTestUtils.java:writeAndCloseAndAssertReplies(311)) - start Stream388
2022-05-08 08:52:03,969 [pool-9-thread-5] INFO  datastream.DataStreamTestUtils (DataStreamTestUtils.java:writeAndCloseAndAssertReplies(311)) - start Stream389
2022-05-08 08:52:05,462 [org.apache.ratis.util.JvmPauseMonitor$$Lambda$270/1443454677@1b4ea679] WARN  util.JvmPauseMonitor (JvmPauseMonitor.java:detectPause(124)) - JvmPauseMonitor-s2: Detected pause in JVM or host machine (eg GC): pause of approximately 490658132ns.
GC pool 'PS MarkSweep' had collection(s): count=1 time=766ms
GC pool 'PS Scavenge' had collection(s): count=1 time=80ms
2022-05-08 08:52:05,464 [org.apache.ratis.util.JvmPauseMonitor$$Lambda$270/1443454677@2f04f39] WARN  util.JvmPauseMonitor (JvmPauseMonitor.java:detectPause(124)) - JvmPauseMonitor-s1: Detected pause in JVM or host machine (eg GC): pause of approximately 540180620ns.
GC pool 'PS MarkSweep' had collection(s): count=1 time=766ms
GC pool 'PS Scavenge' had collection(s): count=1 time=80ms
2022-05-08 08:52:05,464 [org.apache.ratis.util.JvmPauseMonitor$$Lambda$270/1443454677@5bc141dc] WARN  util.JvmPauseMonitor (JvmPauseMonitor.java:detectPause(124)) - JvmPauseMonitor-s0: Detected pause in JVM or host machine (eg GC): pause of approximately 557103254ns.
GC pool 'PS MarkSweep' had collection(s): count=1 time=766ms
GC pool 'PS Scavenge' had collection(s): count=1 time=80ms
2022-05-08 08:52:05,468 [s0@group-79EE622B0DCB-FollowerState] WARN  impl.FollowerState (FollowerState.java:run(130)) - Unexpected long sleep: sleep 250ms but took extra 658928498ns (> threshold = 300ms)
2022-05-08 08:52:05,468 [s1@group-79EE622B0DCB-LeaderStateImpl] WARN  server.RaftServer$Division (LeaderStateImpl.java:checkLeadership(1018)) - s1@group-79EE622B0DCB-LeaderStateImpl: Lost leadership on term: 1. Election timeout: 300ms. In charge for: 3838ms. Conf: 0: [s0|rpc:localhost:42959|admin:localhost:40575|client:localhost:33833|dataStream:localhost:36315|priority:0, s1|rpc:localhost:40643|admin:localhost:41257|client:localhost:45923|dataStream:localhost:35479|priority:0, s2|rpc:localhost:40737|admin:localhost:42805|client:localhost:34699|dataStream:localhost:41373|priority:0], old=null
2022-05-08 08:52:05,469 [s1@group-79EE622B0DCB-LeaderStateImpl] WARN  server.RaftServer$Division (LeaderStateImpl.java:lambda$checkLeadership$17(1022)) - Follower s1@group-79EE622B0DCB->s0(c28,m28,n29, attendVote=true, lastRpcSendTime=912, lastRpcResponseTime=893)
2022-05-08 08:52:05,469 [s1@group-79EE622B0DCB-LeaderStateImpl] WARN  server.RaftServer$Division (LeaderStateImpl.java:lambda$checkLeadership$17(1022)) - Follower s1@group-79EE622B0DCB->s2(c28,m28,n29, attendVote=true, lastRpcSendTime=867, lastRpcResponseTime=858)
2022-05-08 08:52:05,469 [s1@group-79EE622B0DCB-LeaderStateImpl] INFO  server.RaftServer$Division (RaftServerImpl.java:setRole(293)) - s1@group-79EE622B0DCB: changes role from    LEADER to FOLLOWER at term 1 for StepDownReason:LOST_MAJORITY_HEARTBEATS
2022-05-08 08:52:05,469 [s1@group-79EE622B0DCB-LeaderStateImpl] INFO  impl.RoleInfo (RoleInfo.java:shutdownLeaderState(93)) - s1: shutdown s1@group-79EE622B0DCB-LeaderStateImpl
2022-05-08 08:52:05,470 [s1@group-79EE622B0DCB-LeaderStateImpl] INFO  impl.PendingRequests (PendingRequests.java:sendNotLeaderResponses(282)) - s1@group-79EE622B0DCB-PendingRequests: sendNotLeaderResponses
2022-05-08 08:52:05,470 [s2@group-79EE622B0DCB-FollowerState] WARN  impl.FollowerState (FollowerState.java:run(130)) - Unexpected long sleep: sleep 161ms but took extra 778527822ns (> threshold = 300ms)
2022-05-08 08:52:05,477 [s1@group-79EE622B0DCB->s2-GrpcLogAppender-LogAppenderDaemon] WARN  server.GrpcLogAppender (GrpcLogAppender.java:mayWait(171)) - s1@group-79EE622B0DCB->s2-GrpcLogAppender: Wait interrupted by java.lang.InterruptedException
2022-05-08 08:52:05,477 [s1@group-79EE622B0DCB->s0-GrpcLogAppender-LogAppenderDaemon] WARN  server.GrpcLogAppender (GrpcLogAppender.java:mayWait(171)) - s1@group-79EE622B0DCB->s0-GrpcLogAppender: Wait interrupted by java.lang.InterruptedException
2022-05-08 08:52:05,480 [grpc-default-executor-1] INFO  server.GrpcServerProtocolService (GrpcServerProtocolService.java:onCompleted(140)) - s2: Completed APPEND_ENTRIES, lastRequest: s1->s2#135-t1,previous=(t:1, i:27),leaderCommit=26,initializing? true,entries: size=1, first=(t:1, i:28), METADATAENTRY(c:26)
2022-05-08 08:52:05,488 [s1@group-79EE622B0DCB-LeaderStateImpl] INFO  impl.RoleInfo (RoleInfo.java:updateAndGet(139)) - s1: start s1@group-79EE622B0DCB-FollowerState
2022-05-08 08:52:05,488 [grpc-default-executor-1] INFO  server.GrpcServerProtocolService (GrpcServerProtocolService.java:onCompleted(140)) - s0: Completed APPEND_ENTRIES, lastRequest: s1->s0#147-t1,previous=(t:1, i:27),leaderCommit=26,initializing? true,entries: size=1, first=(t:1, i:28), METADATAENTRY(c:26)
2022-05-08 08:52:05,491 [grpc-default-executor-2] INFO  server.GrpcLogAppender (GrpcLogAppender.java:onCompleted(339)) - s1@group-79EE622B0DCB->s0-AppendLogResponseHandler: follower responses appendEntries COMPLETED
2022-05-08 08:52:05,491 [grpc-default-executor-2] INFO  leader.FollowerInfo (FollowerInfoImpl.java:lambda$new$0(48)) - s1@group-79EE622B0DCB->s0: nextIndex: updateUnconditionally 29 -> 28
2022-05-08 08:52:05,500 [grpc-default-executor-4] INFO  server.GrpcLogAppender (GrpcLogAppender.java:onCompleted(339)) - s1@group-79EE622B0DCB->s2-AppendLogResponseHandler: follower responses appendEntries COMPLETED
2022-05-08 08:52:05,500 [grpc-default-executor-4] INFO  leader.FollowerInfo (FollowerInfoImpl.java:lambda$new$0(48)) - s1@group-79EE622B0DCB->s2: nextIndex: updateUnconditionally 29 -> 28
2022-05-08 08:52:05,659 [s0@group-79EE622B0DCB-FollowerState] INFO  impl.FollowerState (FollowerState.java:run(143)) - s0@group-79EE622B0DCB-FollowerState: change to CANDIDATE, lastRpcElapsedTime:1086431956ns, electionTimeout:190ms
2022-05-08 08:52:05,659 [s0@group-79EE622B0DCB-FollowerState] INFO  impl.RoleInfo (RoleInfo.java:shutdownFollowerState(110)) - s0: shutdown s0@group-79EE622B0DCB-FollowerState
2022-05-08 08:52:05,659 [s0@group-79EE622B0DCB-FollowerState] INFO  server.RaftServer$Division (RaftServerImpl.java:setRole(293)) - s0@group-79EE622B0DCB: changes role from  FOLLOWER to CANDIDATE at term 1 for changeToCandidate
2022-05-08 08:52:05,659 [s0@group-79EE622B0DCB-FollowerState] INFO  server.RaftServerConfigKeys (ConfUtils.java:logGet(46)) - raft.server.leaderelection.pre-vote = true (default)
2022-05-08 08:52:05,659 [s0@group-79EE622B0DCB-FollowerState] INFO  impl.RoleInfo (RoleInfo.java:updateAndGet(139)) - s0: start s0@group-79EE622B0DCB-LeaderElection5
2022-05-08 08:52:05,670 [s2@group-79EE622B0DCB-FollowerState] INFO  impl.FollowerState (FollowerState.java:run(143)) - s2@group-79EE622B0DCB-FollowerState: change to CANDIDATE, lastRpcElapsedTime:1059177878ns, electionTimeout:192ms
2022-05-08 08:52:05,670 [s2@group-79EE622B0DCB-FollowerState] INFO  impl.RoleInfo (RoleInfo.java:shutdownFollowerState(110)) - s2: shutdown s2@group-79EE622B0DCB-FollowerState
2022-05-08 08:52:05,670 [s2@group-79EE622B0DCB-FollowerState] INFO  server.RaftServer$Division (RaftServerImpl.java:setRole(293)) - s2@group-79EE622B0DCB: changes role from  FOLLOWER to CANDIDATE at term 1 for changeToCandidate
2022-05-08 08:52:05,670 [s2@group-79EE622B0DCB-FollowerState] INFO  server.RaftServerConfigKeys (ConfUtils.java:logGet(46)) - raft.server.leaderelection.pre-vote = true (default)
2022-05-08 08:52:05,670 [s2@group-79EE622B0DCB-FollowerState] INFO  impl.RoleInfo (RoleInfo.java:updateAndGet(139)) - s2: start s2@group-79EE622B0DCB-LeaderElection6
2022-05-08 08:52:05,692 [s0@group-79EE622B0DCB-LeaderElection5] INFO  server.RaftServer$Division (ServerState.java:setLeader(287)) - s0@group-79EE622B0DCB: change Leader from s1 to null at term 1 for PRE_VOTE
2022-05-08 08:52:05,692 [s0@group-79EE622B0DCB-LeaderElection5] INFO  impl.LeaderElection (LeaderElection.java:askForVotes(310)) - s0@group-79EE622B0DCB-LeaderElection5 PRE_VOTE round 0: submit vote requests at term 1 for 0: [s0|rpc:localhost:42959|admin:localhost:40575|client:localhost:33833|dataStream:localhost:36315|priority:0, s1|rpc:localhost:40643|admin:localhost:41257|client:localhost:45923|dataStream:localhost:35479|priority:0, s2|rpc:localhost:40737|admin:localhost:42805|client:localhost:34699|dataStream:localhost:41373|priority:0], old=null
2022-05-08 08:52:05,698 [s2@group-79EE622B0DCB-LeaderElection6] INFO  server.RaftServer$Division (ServerState.java:setLeader(287)) - s2@group-79EE622B0DCB: change Leader from s1 to null at term 1 for PRE_VOTE
2022-05-08 08:52:05,698 [s2@group-79EE622B0DCB-LeaderElection6] INFO  impl.LeaderElection (LeaderElection.java:askForVotes(310)) - s2@group-79EE622B0DCB-LeaderElection6 PRE_VOTE round 0: submit vote requests at term 1 for 0: [s0|rpc:localhost:42959|admin:localhost:40575|client:localhost:33833|dataStream:localhost:36315|priority:0, s1|rpc:localhost:40643|admin:localhost:41257|client:localhost:45923|dataStream:localhost:35479|priority:0, s2|rpc:localhost:40737|admin:localhost:42805|client:localhost:34699|dataStream:localhost:41373|priority:0], old=null
2022-05-08 08:52:05,740 [s1@group-79EE622B0DCB-FollowerState] INFO  impl.FollowerState (FollowerState.java:lostMajorityHeartbeatsRecently(108)) - s1@group-79EE622B0DCB-FollowerState: Skipping leader election since it stepped down recently (elapsed = 252ms < waitTime = 10s)
2022-05-08 08:52:05,764 [grpc-default-executor-3] INFO  server.RaftServer$Division (RaftServerImpl.java:requestVote(1146)) - s0@group-79EE622B0DCB: receive requestVote(PRE_VOTE, s2, group-79EE622B0DCB, 1, (t:1, i:28))
2022-05-08 08:52:05,765 [grpc-default-executor-3] INFO  impl.VoteContext (VoteContext.java:log(48)) - s0@group-79EE622B0DCB-CANDIDATE: accept PRE_VOTE from s2: our priority 0 <= candidate's priority 0
2022-05-08 08:52:05,765 [grpc-default-executor-3] INFO  server.RaftServer$Division (RaftServerImpl.java:requestVote(1178)) - s0@group-79EE622B0DCB replies to PRE_VOTE vote request: s2<-s0#0:OK-t1. Peer's state: s0@group-79EE622B0DCB:t1, leader=null, voted=s1, raftlog=s0@group-79EE622B0DCB-SegmentedRaftLog:OPENED:c28, conf=0: [s0|rpc:localhost:42959|admin:localhost:40575|client:localhost:33833|dataStream:localhost:36315|priority:0, s1|rpc:localhost:40643|admin:localhost:41257|client:localhost:45923|dataStream:localhost:35479|priority:0, s2|rpc:localhost:40737|admin:localhost:42805|client:localhost:34699|dataStream:localhost:41373|priority:0], old=null
2022-05-08 08:52:05,768 [s2@group-79EE622B0DCB-LeaderElection6] INFO  impl.LeaderElection (LeaderElection.java:logAndReturn(90)) - s2@group-79EE622B0DCB-LeaderElection6: PRE_VOTE PASSED received 1 response(s) and 0 exception(s):
2022-05-08 08:52:05,768 [s2@group-79EE622B0DCB-LeaderElection6] INFO  impl.LeaderElection (LeaderElection.java:logAndReturn(94)) -   Response 0: s2<-s0#0:OK-t1
2022-05-08 08:52:05,768 [s2@group-79EE622B0DCB-LeaderElection6] INFO  impl.LeaderElection (LeaderElection.java:askForVotes(312)) - s2@group-79EE622B0DCB-LeaderElection6 PRE_VOTE round 0: result PASSED
2022-05-08 08:52:05,773 [s2@group-79EE622B0DCB-LeaderElection6] INFO  impl.LeaderElection (LeaderElection.java:askForVotes(310)) - s2@group-79EE622B0DCB-LeaderElection6 ELECTION round 0: submit vote requests at term 2 for 0: [s0|rpc:localhost:42959|admin:localhost:40575|client:localhost:33833|dataStream:localhost:36315|priority:0, s1|rpc:localhost:40643|admin:localhost:41257|client:localhost:45923|dataStream:localhost:35479|priority:0, s2|rpc:localhost:40737|admin:localhost:42805|client:localhost:34699|dataStream:localhost:41373|priority:0], old=null
2022-05-08 08:52:05,782 [grpc-default-executor-5] INFO  server.RaftServer$Division (RaftServerImpl.java:requestVote(1146)) - s2@group-79EE622B0DCB: receive requestVote(PRE_VOTE, s0, group-79EE622B0DCB, 1, (t:1, i:28))
2022-05-08 08:52:05,782 [grpc-default-executor-5] INFO  impl.VoteContext (VoteContext.java:log(48)) - s2@group-79EE622B0DCB-CANDIDATE: accept PRE_VOTE from s0: our priority 0 <= candidate's priority 0
2022-05-08 08:52:05,782 [grpc-default-executor-5] INFO  server.RaftServer$Division (RaftServerImpl.java:requestVote(1178)) - s2@group-79EE622B0DCB replies to PRE_VOTE vote request: s0<-s2#0:OK-t2. Peer's state: s2@group-79EE622B0DCB:t2, leader=null, voted=s2, raftlog=s2@group-79EE622B0DCB-SegmentedRaftLog:OPENED:c28, conf=0: [s0|rpc:localhost:42959|admin:localhost:40575|client:localhost:33833|dataStream:localhost:36315|priority:0, s1|rpc:localhost:40643|admin:localhost:41257|client:localhost:45923|dataStream:localhost:35479|priority:0, s2|rpc:localhost:40737|admin:localhost:42805|client:localhost:34699|dataStream:localhost:41373|priority:0], old=null
2022-05-08 08:52:05,782 [grpc-default-executor-3] INFO  server.RaftServer$Division (RaftServerImpl.java:requestVote(1146)) - s1@group-79EE622B0DCB: receive requestVote(PRE_VOTE, s0, group-79EE622B0DCB, 1, (t:1, i:28))
2022-05-08 08:52:05,783 [grpc-default-executor-3] INFO  impl.VoteContext (VoteContext.java:log(48)) - s1@group-79EE622B0DCB-FOLLOWER: accept PRE_VOTE from s0: our priority 0 <= candidate's priority 0
2022-05-08 08:52:05,783 [grpc-default-executor-3] INFO  server.RaftServer$Division (RaftServerImpl.java:requestVote(1178)) - s1@group-79EE622B0DCB replies to PRE_VOTE vote request: s0<-s1#0:OK-t1. Peer's state: s1@group-79EE622B0DCB:t1, leader=s1, voted=s1, raftlog=s1@group-79EE622B0DCB-SegmentedRaftLog:OPENED:c28, conf=0: [s0|rpc:localhost:42959|admin:localhost:40575|client:localhost:33833|dataStream:localhost:36315|priority:0, s1|rpc:localhost:40643|admin:localhost:41257|client:localhost:45923|dataStream:localhost:35479|priority:0, s2|rpc:localhost:40737|admin:localhost:42805|client:localhost:34699|dataStream:localhost:41373|priority:0], old=null
2022-05-08 08:52:05,784 [grpc-default-executor-4] INFO  server.RaftServer$Division (RaftServerImpl.java:requestVote(1146)) - s1@group-79EE622B0DCB: receive requestVote(PRE_VOTE, s2, group-79EE622B0DCB, 1, (t:1, i:28))
2022-05-08 08:52:05,785 [grpc-default-executor-4] INFO  impl.VoteContext (VoteContext.java:log(48)) - s1@group-79EE622B0DCB-FOLLOWER: reject PRE_VOTE from s2: this server is a follower and still has a valid leader s1
2022-05-08 08:52:05,785 [grpc-default-executor-4] INFO  server.RaftServer$Division (RaftServerImpl.java:requestVote(1178)) - s1@group-79EE622B0DCB replies to PRE_VOTE vote request: s2<-s1#0:FAIL-t1. Peer's state: s1@group-79EE622B0DCB:t1, leader=s1, voted=s1, raftlog=s1@group-79EE622B0DCB-SegmentedRaftLog:OPENED:c28, conf=0: [s0|rpc:localhost:42959|admin:localhost:40575|client:localhost:33833|dataStream:localhost:36315|priority:0, s1|rpc:localhost:40643|admin:localhost:41257|client:localhost:45923|dataStream:localhost:35479|priority:0, s2|rpc:localhost:40737|admin:localhost:42805|client:localhost:34699|dataStream:localhost:41373|priority:0], old=null
2022-05-08 08:52:05,784 [grpc-default-executor-0] INFO  server.RaftServer$Division (RaftServerImpl.java:requestVote(1146)) - s0@group-79EE622B0DCB: receive requestVote(ELECTION, s2, group-79EE622B0DCB, 2, (t:1, i:28))
2022-05-08 08:52:05,785 [grpc-default-executor-0] INFO  impl.VoteContext (VoteContext.java:log(48)) - s0@group-79EE622B0DCB-CANDIDATE: accept ELECTION from s2: our priority 0 <= candidate's priority 0
2022-05-08 08:52:05,785 [grpc-default-executor-0] INFO  server.RaftServer$Division (RaftServerImpl.java:setRole(293)) - s0@group-79EE622B0DCB: changes role from CANDIDATE to FOLLOWER at term 2 for candidate:s2
2022-05-08 08:52:05,785 [grpc-default-executor-0] INFO  impl.RoleInfo (RoleInfo.java:shutdownLeaderElection(130)) - s0: shutdown s0@group-79EE622B0DCB-LeaderElection5
2022-05-08 08:52:05,785 [grpc-default-executor-0] INFO  impl.RoleInfo (RoleInfo.java:updateAndGet(139)) - s0: start s0@group-79EE622B0DCB-FollowerState
2022-05-08 08:52:05,793 [grpc-default-executor-0] INFO  server.RaftServer$Division (RaftServerImpl.java:requestVote(1178)) - s0@group-79EE622B0DCB replies to ELECTION vote request: s2<-s0#0:OK-t2. Peer's state: s0@group-79EE622B0DCB:t2, leader=null, voted=s2, raftlog=s0@group-79EE622B0DCB-SegmentedRaftLog:OPENED:c28, conf=0: [s0|rpc:localhost:42959|admin:localhost:40575|client:localhost:33833|dataStream:localhost:36315|priority:0, s1|rpc:localhost:40643|admin:localhost:41257|client:localhost:45923|dataStream:localhost:35479|priority:0, s2|rpc:localhost:40737|admin:localhost:42805|client:localhost:34699|dataStream:localhost:41373|priority:0], old=null
2022-05-08 08:52:05,796 [s0@group-79EE622B0DCB-LeaderElection5] INFO  impl.LeaderElection (LeaderElection.java:logAndReturn(90)) - s0@group-79EE622B0DCB-LeaderElection5: PRE_VOTE DISCOVERED_A_NEW_TERM (term=2) received 1 response(s) and 0 exception(s):
2022-05-08 08:52:05,796 [s0@group-79EE622B0DCB-LeaderElection5] INFO  impl.LeaderElection (LeaderElection.java:logAndReturn(94)) -   Response 0: s0<-s2#0:OK-t2
2022-05-08 08:52:05,796 [s0@group-79EE622B0DCB-LeaderElection5] INFO  impl.LeaderElection (LeaderElection.java:askForVotes(312)) - s0@group-79EE622B0DCB-LeaderElection5 PRE_VOTE round 0: result DISCOVERED_A_NEW_TERM (term=2)
2022-05-08 08:52:05,798 [s2@group-79EE622B0DCB-LeaderElection6] INFO  impl.LeaderElection (LeaderElection.java:logAndReturn(90)) - s2@group-79EE622B0DCB-LeaderElection6: ELECTION PASSED received 1 response(s) and 0 exception(s):
2022-05-08 08:52:05,798 [s2@group-79EE622B0DCB-LeaderElection6] INFO  impl.LeaderElection (LeaderElection.java:logAndReturn(94)) -   Response 0: s2<-s0#0:OK-t2
2022-05-08 08:52:05,798 [s2@group-79EE622B0DCB-LeaderElection6] INFO  impl.LeaderElection (LeaderElection.java:askForVotes(312)) - s2@group-79EE622B0DCB-LeaderElection6 ELECTION round 0: result PASSED
2022-05-08 08:52:05,798 [s2@group-79EE622B0DCB-LeaderElection6] INFO  impl.RoleInfo (RoleInfo.java:shutdownLeaderElection(130)) - s2: shutdown s2@group-79EE622B0DCB-LeaderElection6
2022-05-08 08:52:05,801 [grpc-default-executor-4] INFO  server.RaftServer$Division (RaftServerImpl.java:requestVote(1146)) - s1@group-79EE622B0DCB: receive requestVote(ELECTION, s2, group-79EE622B0DCB, 2, (t:1, i:28))
2022-05-08 08:52:05,801 [grpc-default-executor-4] INFO  impl.VoteContext (VoteContext.java:log(48)) - s1@group-79EE622B0DCB-FOLLOWER: accept ELECTION from s2: our priority 0 <= candidate's priority 0
2022-05-08 08:52:05,801 [grpc-default-executor-4] INFO  server.RaftServer$Division (ServerState.java:setLeader(287)) - s1@group-79EE622B0DCB: change Leader from s1 to null at term 2 for updateCurrentTerm
2022-05-08 08:52:05,801 [grpc-default-executor-4] INFO  server.RaftServer$Division (RaftServerImpl.java:setRole(293)) - s1@group-79EE622B0DCB: changes role from  FOLLOWER to FOLLOWER at term 2 for candidate:s2
2022-05-08 08:52:05,801 [grpc-default-executor-4] INFO  impl.RoleInfo (RoleInfo.java:shutdownFollowerState(110)) - s1: shutdown s1@group-79EE622B0DCB-FollowerState
2022-05-08 08:52:05,802 [grpc-default-executor-4] INFO  impl.RoleInfo (RoleInfo.java:updateAndGet(139)) - s1: start s1@group-79EE622B0DCB-FollowerState
2022-05-08 08:52:05,802 [s1@group-79EE622B0DCB-FollowerState] INFO  impl.FollowerState (FollowerState.java:run(152)) - s1@group-79EE622B0DCB-FollowerState was interrupted
2022-05-08 08:52:05,805 [grpc-default-executor-4] INFO  server.RaftServer$Division (RaftServerImpl.java:requestVote(1178)) - s1@group-79EE622B0DCB replies to ELECTION vote request: s2<-s1#0:OK-t2. Peer's state: s1@group-79EE622B0DCB:t2, leader=null, voted=s2, raftlog=s1@group-79EE622B0DCB-SegmentedRaftLog:OPENED:c28, conf=0: [s0|rpc:localhost:42959|admin:localhost:40575|client:localhost:33833|dataStream:localhost:36315|priority:0, s1|rpc:localhost:40643|admin:localhost:41257|client:localhost:45923|dataStream:localhost:35479|priority:0, s2|rpc:localhost:40737|admin:localhost:42805|client:localhost:34699|dataStream:localhost:41373|priority:0], old=null
2022-05-08 08:52:05,807 [s2@group-79EE622B0DCB-LeaderElection6] INFO  server.RaftServer$Division (RaftServerImpl.java:setRole(293)) - s2@group-79EE622B0DCB: changes role from CANDIDATE to LEADER at term 2 for changeToLeader
2022-05-08 08:52:05,807 [s2@group-79EE622B0DCB-LeaderElection6] INFO  server.RaftServer$Division (ServerState.java:setLeader(287)) - s2@group-79EE622B0DCB: change Leader from null to s2 at term 2 for becomeLeader, leader elected after 109ms
2022-05-08 08:52:05,807 [s2@group-79EE622B0DCB-LeaderElection6] INFO  server.RaftServerConfigKeys (ConfUtils.java:logGet(46)) - raft.server.staging.catchup.gap = 1000 (default)
2022-05-08 08:52:05,807 [s2@group-79EE622B0DCB-LeaderElection6] INFO  server.RaftServerConfigKeys (ConfUtils.java:logGet(46)) - raft.server.write.element-limit = 4096 (default)
2022-05-08 08:52:05,807 [s2@group-79EE622B0DCB-LeaderElection6] INFO  server.RaftServerConfigKeys (ConfUtils.java:logGet(46)) - raft.server.write.byte-limit = 64MB (=67108864) (default)
2022-05-08 08:52:05,807 [s2@group-79EE622B0DCB-LeaderElection6] INFO  server.RaftServerConfigKeys (ConfUtils.java:logGet(46)) - raft.server.watch.timeout = 10s (default)
2022-05-08 08:52:05,807 [s2@group-79EE622B0DCB-LeaderElection6] INFO  server.RaftServerConfigKeys (ConfUtils.java:logGet(46)) - raft.server.watch.timeout.denomination = 1s (default)
2022-05-08 08:52:05,808 [s2@group-79EE622B0DCB-LeaderElection6] INFO  server.RaftServerConfigKeys (ConfUtils.java:logGet(46)) - raft.server.watch.element-limit = 65536 (default)
2022-05-08 08:52:05,808 [s2@group-79EE622B0DCB-LeaderElection6] INFO  server.RaftServerConfigKeys (ConfUtils.java:logGet(46)) - raft.server.write.element-limit = 4096 (default)
2022-05-08 08:52:05,808 [s2@group-79EE622B0DCB-LeaderElection6] INFO  server.RaftServerConfigKeys (ConfUtils.java:logGet(46)) - raft.server.write.follower.gap.ratio.max = -1.0 (default)
2022-05-08 08:52:05,808 [s2@group-79EE622B0DCB-LeaderElection6] INFO  server.RaftServerConfigKeys (ConfUtils.java:logGet(46)) - raft.server.log.appender.snapshot.chunk.size.max = 16MB (=16777216) (default)
2022-05-08 08:52:05,808 [s2@group-79EE622B0DCB-LeaderElection6] INFO  server.RaftServerConfigKeys (ConfUtils.java:logGet(46)) - raft.server.log.appender.buffer.byte-limit = 4MB (=4194304) (default)
2022-05-08 08:52:05,808 [s2@group-79EE622B0DCB-LeaderElection6] INFO  server.RaftServerConfigKeys (ConfUtils.java:logGet(46)) - raft.server.log.appender.buffer.element-limit = 0 (default)
2022-05-08 08:52:05,808 [s2@group-79EE622B0DCB-LeaderElection6] INFO  grpc.GrpcConfigKeys (ConfUtils.java:logGet(46)) - raft.grpc.server.leader.outstanding.appends.max = 128 (default)
2022-05-08 08:52:05,808 [s2@group-79EE622B0DCB-LeaderElection6] INFO  server.RaftServerConfigKeys (ConfUtils.java:logGet(46)) - raft.server.rpc.request.timeout = 3000ms (default)
2022-05-08 08:52:05,808 [s2@group-79EE622B0DCB-LeaderElection6] INFO  server.RaftServerConfigKeys (ConfUtils.java:logGet(46)) - raft.server.log.appender.install.snapshot.enabled = true (default)
2022-05-08 08:52:05,808 [s2@group-79EE622B0DCB-LeaderElection6] INFO  server.RaftServerConfigKeys (ConfUtils.java:logGet(46)) - raft.server.log.appender.snapshot.chunk.size.max = 16MB (=16777216) (default)
2022-05-08 08:52:05,809 [s2@group-79EE622B0DCB-LeaderElection6] INFO  server.RaftServerConfigKeys (ConfUtils.java:logGet(46)) - raft.server.log.appender.buffer.byte-limit = 4MB (=4194304) (default)
2022-05-08 08:52:05,809 [s2@group-79EE622B0DCB-LeaderElection6] INFO  server.RaftServerConfigKeys (ConfUtils.java:logGet(46)) - raft.server.log.appender.buffer.element-limit = 0 (default)
2022-05-08 08:52:05,809 [s2@group-79EE622B0DCB-LeaderElection6] INFO  grpc.GrpcConfigKeys (ConfUtils.java:logGet(46)) - raft.grpc.server.leader.outstanding.appends.max = 128 (default)
2022-05-08 08:52:05,809 [s2@group-79EE622B0DCB-LeaderElection6] INFO  server.RaftServerConfigKeys (ConfUtils.java:logGet(46)) - raft.server.rpc.request.timeout = 3000ms (default)
2022-05-08 08:52:05,809 [s2@group-79EE622B0DCB-LeaderElection6] INFO  server.RaftServerConfigKeys (ConfUtils.java:logGet(46)) - raft.server.log.appender.install.snapshot.enabled = true (default)
2022-05-08 08:52:05,809 [s2@group-79EE622B0DCB-LeaderElection6] INFO  impl.RoleInfo (RoleInfo.java:updateAndGet(139)) - s2: start s2@group-79EE622B0DCB-LeaderStateImpl
2022-05-08 08:52:05,830 [s2@group-79EE622B0DCB-LeaderElection6] INFO  segmented.SegmentedRaftLogWorker (SegmentedRaftLogWorker.java:rollLogSegment(430)) - s2@group-79EE622B0DCB-SegmentedRaftLogWorker: Rolling segment log-0_28 to index:28
2022-05-08 08:52:05,838 [s2@group-79EE622B0DCB-SegmentedRaftLogWorker] TRACE util.FileUtils (LogUtils.java:runAndLog(49)) - Successfully ran Files.move /home/runner/work/ratis/ratis/ratis-test/target/test/data/4d59a56a/MiniRaftClusterWithRpcTypeGrpcAndDataStreamTypeNettyf98b5a90/s2/74a77927-ad9e-4784-b354-79ee622b0dcb/current/log_inprogress_0 to /home/runner/work/ratis/ratis/ratis-test/target/test/data/4d59a56a/MiniRaftClusterWithRpcTypeGrpcAndDataStreamTypeNettyf98b5a90/s2/74a77927-ad9e-4784-b354-79ee622b0dcb/current/log_0-28
2022-05-08 08:52:05,839 [s2@group-79EE622B0DCB-SegmentedRaftLogWorker] INFO  segmented.SegmentedRaftLogWorker (SegmentedRaftLogWorker.java:execute(586)) - s2@group-79EE622B0DCB-SegmentedRaftLogWorker: Rolled log segment from /home/runner/work/ratis/ratis/ratis-test/target/test/data/4d59a56a/MiniRaftClusterWithRpcTypeGrpcAndDataStreamTypeNettyf98b5a90/s2/74a77927-ad9e-4784-b354-79ee622b0dcb/current/log_inprogress_0 to /home/runner/work/ratis/ratis/ratis-test/target/test/data/4d59a56a/MiniRaftClusterWithRpcTypeGrpcAndDataStreamTypeNettyf98b5a90/s2/74a77927-ad9e-4784-b354-79ee622b0dcb/current/log_0-28
2022-05-08 08:52:05,851 [s2@group-79EE622B0DCB-LeaderElection6] INFO  server.RaftServer$Division (ServerState.java:setRaftConf(393)) - s2@group-79EE622B0DCB: set configuration 29: [s0|rpc:localhost:42959|admin:localhost:40575|client:localhost:33833|dataStream:localhost:36315|priority:0, s1|rpc:localhost:40643|admin:localhost:41257|client:localhost:45923|dataStream:localhost:35479|priority:0, s2|rpc:localhost:40737|admin:localhost:42805|client:localhost:34699|dataStream:localhost:41373|priority:0], old=null
2022-05-08 08:52:05,862 [s2@group-79EE622B0DCB-SegmentedRaftLogWorker] INFO  segmented.SegmentedRaftLogWorker (SegmentedRaftLogWorker.java:execute(629)) - s2@group-79EE622B0DCB-SegmentedRaftLogWorker: created new log segment /home/runner/work/ratis/ratis/ratis-test/target/test/data/4d59a56a/MiniRaftClusterWithRpcTypeGrpcAndDataStreamTypeNettyf98b5a90/s2/74a77927-ad9e-4784-b354-79ee622b0dcb/current/log_inprogress_29
2022-05-08 08:52:05,869 [s0-server-thread1] INFO  server.RaftServer$Division (ServerState.java:setLeader(287)) - s0@group-79EE622B0DCB: change Leader from null to s2 at term 2 for appendEntries, leader elected after 177ms
2022-05-08 08:52:05,877 [s0-server-thread1] INFO  server.RaftServer$Division (ServerState.java:setRaftConf(393)) - s0@group-79EE622B0DCB: set configuration 29: [s0|rpc:localhost:42959|admin:localhost:40575|client:localhost:33833|dataStream:localhost:36315|priority:0, s1|rpc:localhost:40643|admin:localhost:41257|client:localhost:45923|dataStream:localhost:35479|priority:0, s2|rpc:localhost:40737|admin:localhost:42805|client:localhost:34699|dataStream:localhost:41373|priority:0], old=null
2022-05-08 08:52:05,877 [s0-server-thread1] INFO  segmented.SegmentedRaftLogWorker (SegmentedRaftLogWorker.java:rollLogSegment(430)) - s0@group-79EE622B0DCB-SegmentedRaftLogWorker: Rolling segment log-0_28 to index:28
2022-05-08 08:52:05,878 [s0@group-79EE622B0DCB-SegmentedRaftLogWorker] TRACE util.FileUtils (LogUtils.java:runAndLog(49)) - Successfully ran Files.move /home/runner/work/ratis/ratis/ratis-test/target/test/data/4d59a56a/MiniRaftClusterWithRpcTypeGrpcAndDataStreamTypeNettyf98b5a90/s0/74a77927-ad9e-4784-b354-79ee622b0dcb/current/log_inprogress_0 to /home/runner/work/ratis/ratis/ratis-test/target/test/data/4d59a56a/MiniRaftClusterWithRpcTypeGrpcAndDataStreamTypeNettyf98b5a90/s0/74a77927-ad9e-4784-b354-79ee622b0dcb/current/log_0-28
2022-05-08 08:52:05,878 [s0@group-79EE622B0DCB-SegmentedRaftLogWorker] INFO  segmented.SegmentedRaftLogWorker (SegmentedRaftLogWorker.java:execute(586)) - s0@group-79EE622B0DCB-SegmentedRaftLogWorker: Rolled log segment from /home/runner/work/ratis/ratis/ratis-test/target/test/data/4d59a56a/MiniRaftClusterWithRpcTypeGrpcAndDataStreamTypeNettyf98b5a90/s0/74a77927-ad9e-4784-b354-79ee622b0dcb/current/log_inprogress_0 to /home/runner/work/ratis/ratis/ratis-test/target/test/data/4d59a56a/MiniRaftClusterWithRpcTypeGrpcAndDataStreamTypeNettyf98b5a90/s0/74a77927-ad9e-4784-b354-79ee622b0dcb/current/log_0-28
2022-05-08 08:52:05,880 [s1-server-thread1] INFO  server.RaftServer$Division (ServerState.java:setLeader(287)) - s1@group-79EE622B0DCB: change Leader from null to s2 at term 2 for appendEntries, leader elected after 78ms
2022-05-08 08:52:05,880 [s1-server-thread1] INFO  server.RaftServer$Division (ServerState.java:setRaftConf(393)) - s1@group-79EE622B0DCB: set configuration 29: [s0|rpc:localhost:42959|admin:localhost:40575|client:localhost:33833|dataStream:localhost:36315|priority:0, s1|rpc:localhost:40643|admin:localhost:41257|client:localhost:45923|dataStream:localhost:35479|priority:0, s2|rpc:localhost:40737|admin:localhost:42805|client:localhost:34699|dataStream:localhost:41373|priority:0], old=null
2022-05-08 08:52:05,880 [s1-server-thread1] INFO  segmented.SegmentedRaftLogWorker (SegmentedRaftLogWorker.java:rollLogSegment(430)) - s1@group-79EE622B0DCB-SegmentedRaftLogWorker: Rolling segment log-0_28 to index:28
2022-05-08 08:52:05,881 [s1@group-79EE622B0DCB-SegmentedRaftLogWorker] TRACE util.FileUtils (LogUtils.java:runAndLog(49)) - Successfully ran Files.move /home/runner/work/ratis/ratis/ratis-test/target/test/data/4d59a56a/MiniRaftClusterWithRpcTypeGrpcAndDataStreamTypeNettyf98b5a90/s1/74a77927-ad9e-4784-b354-79ee622b0dcb/current/log_inprogress_0 to /home/runner/work/ratis/ratis/ratis-test/target/test/data/4d59a56a/MiniRaftClusterWithRpcTypeGrpcAndDataStreamTypeNettyf98b5a90/s1/74a77927-ad9e-4784-b354-79ee622b0dcb/current/log_0-28
2022-05-08 08:52:05,881 [s1@group-79EE622B0DCB-SegmentedRaftLogWorker] INFO  segmented.SegmentedRaftLogWorker (SegmentedRaftLogWorker.java:execute(586)) - s1@group-79EE622B0DCB-SegmentedRaftLogWorker: Rolled log segment from /home/runner/work/ratis/ratis/ratis-test/target/test/data/4d59a56a/MiniRaftClusterWithRpcTypeGrpcAndDataStreamTypeNettyf98b5a90/s1/74a77927-ad9e-4784-b354-79ee622b0dcb/current/log_inprogress_0 to /home/runner/work/ratis/ratis/ratis-test/target/test/data/4d59a56a/MiniRaftClusterWithRpcTypeGrpcAndDataStreamTypeNettyf98b5a90/s1/74a77927-ad9e-4784-b354-79ee622b0dcb/current/log_0-28
2022-05-08 08:52:05,902 [s1@group-79EE622B0DCB-SegmentedRaftLogWorker] INFO  segmented.SegmentedRaftLogWorker (SegmentedRaftLogWorker.java:execute(629)) - s1@group-79EE622B0DCB-SegmentedRaftLogWorker: created new log segment /home/runner/work/ratis/ratis/ratis-test/target/test/data/4d59a56a/MiniRaftClusterWithRpcTypeGrpcAndDataStreamTypeNettyf98b5a90/s1/74a77927-ad9e-4784-b354-79ee622b0dcb/current/log_inprogress_29
2022-05-08 08:52:05,947 [s0@group-79EE622B0DCB-SegmentedRaftLogWorker] INFO  segmented.SegmentedRaftLogWorker (SegmentedRaftLogWorker.java:execute(629)) - s0@group-79EE622B0DCB-SegmentedRaftLogWorker: created new log segment /home/runner/work/ratis/ratis/ratis-test/target/test/data/4d59a56a/MiniRaftClusterWithRpcTypeGrpcAndDataStreamTypeNettyf98b5a90/s0/74a77927-ad9e-4784-b354-79ee622b0dcb/current/log_inprogress_29
2022-05-08 08:52:11,436 [Timer-2] INFO  impl.MiniRaftCluster (MiniRaftCluster.java:lambda$null$6(325)) - TIMED-PRINT: printing ALL groups
  s0:  RUNNING  FOLLOWER s0@group-79EE622B0DCB:t2, leader=s2, voted=s2, raftlog=s0@group-79EE622B0DCB-SegmentedRaftLog:OPENED:c30, conf=29: [s0|rpc:localhost:42959|admin:localhost:40575|client:localhost:33833|dataStream:localhost:36315|priority:0, s1|rpc:localhost:40643|admin:localhost:41257|client:localhost:45923|dataStream:localhost:35479|priority:0, s2|rpc:localhost:40737|admin:localhost:42805|client:localhost:34699|dataStream:localhost:41373|priority:0], old=null RUNNING
  s1:  RUNNING  FOLLOWER s1@group-79EE622B0DCB:t2, leader=s2, voted=s2, raftlog=s1@group-79EE622B0DCB-SegmentedRaftLog:OPENED:c30, conf=29: [s0|rpc:localhost:42959|admin:localhost:40575|client:localhost:33833|dataStream:localhost:36315|priority:0, s1|rpc:localhost:40643|admin:localhost:41257|client:localhost:45923|dataStream:localhost:35479|priority:0, s2|rpc:localhost:40737|admin:localhost:42805|client:localhost:34699|dataStream:localhost:41373|priority:0], old=null RUNNING
  s2:  RUNNING    LEADER s2@group-79EE622B0DCB:t2, leader=s2, voted=s2, raftlog=s2@group-79EE622B0DCB-SegmentedRaftLog:OPENED:c30, conf=29: [s0|rpc:localhost:42959|admin:localhost:40575|client:localhost:33833|dataStream:localhost:36315|priority:0, s1|rpc:localhost:40643|admin:localhost:41257|client:localhost:45923|dataStream:localhost:35479|priority:0, s2|rpc:localhost:40737|admin:localhost:42805|client:localhost:34699|dataStream:localhost:41373|priority:0], old=null RUNNING
2022-05-08 08:52:11,675 [pool-9-thread-12] INFO  datastream.DataStreamTestUtils (DataStreamTestUtils.java:writeAndCloseAndAssertReplies(320)) - Stream368: bytesWritten=3753631
2022-05-08 08:52:11,700 [s2-client-thread1] INFO  statemachine.StateMachine (DataStreamTestUtils.java:link(157)) - link SingleDataStream: writeRequest=RaftClientRequest:client-F7B222470BA0->s0@group-79EE622B0DCB, cid=368, seq=0, DataStream, Message:<EMPTY>, logEntry=null
2022-05-08 08:52:11,702 [s0-server-thread1] INFO  statemachine.StateMachine (DataStreamTestUtils.java:link(157)) - link SingleDataStream: writeRequest=RaftClientRequest:client-F7B222470BA0->s0@group-79EE622B0DCB, cid=368, seq=0, DataStream, Message:<EMPTY>, logEntry=null
2022-05-08 08:52:11,703 [s1-server-thread1] INFO  statemachine.StateMachine (DataStreamTestUtils.java:link(157)) - link SingleDataStream: writeRequest=RaftClientRequest:client-F7B222470BA0->s0@group-79EE622B0DCB, cid=368, seq=0, DataStream, Message:<EMPTY>, logEntry=null
2022-05-08 08:52:11,726 [pool-9-thread-12] INFO  datastream.DataStreamTestUtils (DataStreamTestUtils.java:writeAndCloseAndAssertReplies(311)) - start Stream390
2022-05-08 08:52:11,753 [pool-9-thread-10] INFO  datastream.DataStreamTestUtils (DataStreamTestUtils.java:writeAndCloseAndAssertReplies(320)) - Stream365: bytesWritten=3741410
2022-05-08 08:52:11,758 [s2-client-thread1] INFO  statemachine.StateMachine (DataStreamTestUtils.java:link(157)) - link SingleDataStream: writeRequest=RaftClientRequest:client-F7B222470BA0->s0@group-79EE622B0DCB, cid=365, seq=0, DataStream, Message:<EMPTY>, logEntry=null
2022-05-08 08:52:11,759 [s1-server-thread1] INFO  statemachine.StateMachine (DataStreamTestUtils.java:link(157)) - link SingleDataStream: writeRequest=RaftClientRequest:client-F7B222470BA0->s0@group-79EE622B0DCB, cid=365, seq=0, DataStream, Message:<EMPTY>, logEntry=null
2022-05-08 08:52:11,759 [s0-server-thread1] INFO  statemachine.StateMachine (DataStreamTestUtils.java:link(157)) - link SingleDataStream: writeRequest=RaftClientRequest:client-F7B222470BA0->s0@group-79EE622B0DCB, cid=365, seq=0, DataStream, Message:<EMPTY>, logEntry=null
2022-05-08 08:52:11,764 [pool-9-thread-10] INFO  datastream.DataStreamTestUtils (DataStreamTestUtils.java:writeAndCloseAndAssertReplies(311)) - start Stream391
2022-05-08 08:52:15,085 [pool-9-thread-11] INFO  datastream.DataStreamTestUtils (DataStreamTestUtils.java:writeAndCloseAndAssertReplies(320)) - Stream374: bytesWritten=3749993
2022-05-08 08:52:15,105 [pool-9-thread-14] INFO  datastream.DataStreamTestUtils (DataStreamTestUtils.java:writeAndCloseAndAssertReplies(320)) - Stream385: bytesWritten=3750714
2022-05-08 08:52:15,159 [s2-client-thread1] INFO  statemachine.StateMachine (DataStreamTestUtils.java:link(157)) - link SingleDataStream: writeRequest=RaftClientRequest:client-31DDC6E78BED->s1@group-79EE622B0DCB, cid=374, seq=0, DataStream, Message:<EMPTY>, logEntry=null
2022-05-08 08:52:15,160 [s1-server-thread1] INFO  statemachine.StateMachine (DataStreamTestUtils.java:link(157)) - link SingleDataStream: writeRequest=RaftClientRequest:client-31DDC6E78BED->s1@group-79EE622B0DCB, cid=374, seq=0, DataStream, Message:<EMPTY>, logEntry=null
2022-05-08 08:52:15,160 [s0-server-thread1] INFO  statemachine.StateMachine (DataStreamTestUtils.java:link(157)) - link SingleDataStream: writeRequest=RaftClientRequest:client-31DDC6E78BED->s1@group-79EE622B0DCB, cid=374, seq=0, DataStream, Message:<EMPTY>, logEntry=null
2022-05-08 08:52:15,161 [s2-client-thread1] INFO  statemachine.StateMachine (DataStreamTestUtils.java:link(157)) - link SingleDataStream: writeRequest=RaftClientRequest:client-31DDC6E78BED->s1@group-79EE622B0DCB, cid=385, seq=0, DataStream, Message:<EMPTY>, logEntry=null
2022-05-08 08:52:15,162 [s0-server-thread1] INFO  statemachine.StateMachine (DataStreamTestUtils.java:link(157)) - link SingleDataStream: writeRequest=RaftClientRequest:client-31DDC6E78BED->s1@group-79EE622B0DCB, cid=385, seq=0, DataStream, Message:<EMPTY>, logEntry=null
2022-05-08 08:52:15,162 [s1-server-thread1] INFO  statemachine.StateMachine (DataStreamTestUtils.java:link(157)) - link SingleDataStream: writeRequest=RaftClientRequest:client-31DDC6E78BED->s1@group-79EE622B0DCB, cid=385, seq=0, DataStream, Message:<EMPTY>, logEntry=null
2022-05-08 08:52:15,175 [pool-9-thread-11] INFO  datastream.DataStreamTestUtils (DataStreamTestUtils.java:writeAndCloseAndAssertReplies(311)) - start Stream392
2022-05-08 08:52:15,206 [pool-9-thread-14] INFO  datastream.DataStreamTestUtils (DataStreamTestUtils.java:writeAndCloseAndAssertReplies(311)) - start Stream393
2022-05-08 08:52:15,387 [pool-9-thread-15] INFO  datastream.DataStreamTestUtils (DataStreamTestUtils.java:writeAndCloseAndAssertReplies(320)) - Stream387: bytesWritten=3723924
2022-05-08 08:52:15,393 [s2-client-thread1] INFO  statemachine.StateMachine (DataStreamTestUtils.java:link(157)) - link SingleDataStream: writeRequest=RaftClientRequest:client-31DDC6E78BED->s1@group-79EE622B0DCB, cid=387, seq=0, DataStream, Message:<EMPTY>, logEntry=null
2022-05-08 08:52:15,394 [s1-server-thread1] INFO  statemachine.StateMachine (DataStreamTestUtils.java:link(157)) - link SingleDataStream: writeRequest=RaftClientRequest:client-31DDC6E78BED->s1@group-79EE622B0DCB, cid=387, seq=0, DataStream, Message:<EMPTY>, logEntry=null
2022-05-08 08:52:15,395 [s0-server-thread1] INFO  statemachine.StateMachine (DataStreamTestUtils.java:link(157)) - link SingleDataStream: writeRequest=RaftClientRequest:client-31DDC6E78BED->s1@group-79EE622B0DCB, cid=387, seq=0, DataStream, Message:<EMPTY>, logEntry=null
2022-05-08 08:52:15,404 [pool-9-thread-13] INFO  datastream.DataStreamTestUtils (DataStreamTestUtils.java:writeAndCloseAndAssertReplies(320)) - Stream388: bytesWritten=3751394
2022-05-08 08:52:15,409 [s2-client-thread1] INFO  statemachine.StateMachine (DataStreamTestUtils.java:link(157)) - link SingleDataStream: writeRequest=RaftClientRequest:client-31DDC6E78BED->s1@group-79EE622B0DCB, cid=388, seq=0, DataStream, Message:<EMPTY>, logEntry=null
2022-05-08 08:52:15,410 [s1-server-thread1] INFO  statemachine.StateMachine (DataStreamTestUtils.java:link(157)) - link SingleDataStream: writeRequest=RaftClientRequest:client-31DDC6E78BED->s1@group-79EE622B0DCB, cid=388, seq=0, DataStream, Message:<EMPTY>, logEntry=null
2022-05-08 08:52:15,413 [pool-9-thread-16] INFO  datastream.DataStreamTestUtils (DataStreamTestUtils.java:writeAndCloseAndAssertReplies(320)) - Stream386: bytesWritten=3754121
2022-05-08 08:52:15,413 [pool-9-thread-15] INFO  datastream.DataStreamTestUtils (DataStreamTestUtils.java:writeAndCloseAndAssertReplies(311)) - start Stream395
2022-05-08 08:52:15,417 [s0-server-thread1] INFO  statemachine.StateMachine (DataStreamTestUtils.java:link(157)) - link SingleDataStream: writeRequest=RaftClientRequest:client-31DDC6E78BED->s1@group-79EE622B0DCB, cid=388, seq=0, DataStream, Message:<EMPTY>, logEntry=null
2022-05-08 08:52:15,427 [s2-client-thread1] INFO  statemachine.StateMachine (DataStreamTestUtils.java:link(157)) - link SingleDataStream: writeRequest=RaftClientRequest:client-31DDC6E78BED->s1@group-79EE622B0DCB, cid=386, seq=0, DataStream, Message:<EMPTY>, logEntry=null
2022-05-08 08:52:15,428 [pool-9-thread-13] INFO  datastream.DataStreamTestUtils (DataStreamTestUtils.java:writeAndCloseAndAssertReplies(311)) - start Stream396
2022-05-08 08:52:15,436 [s0-server-thread1] INFO  statemachine.StateMachine (DataStreamTestUtils.java:link(157)) - link SingleDataStream: writeRequest=RaftClientRequest:client-31DDC6E78BED->s1@group-79EE622B0DCB, cid=386, seq=0, DataStream, Message:<EMPTY>, logEntry=null
2022-05-08 08:52:15,436 [s1-server-thread1] INFO  statemachine.StateMachine (DataStreamTestUtils.java:link(157)) - link SingleDataStream: writeRequest=RaftClientRequest:client-31DDC6E78BED->s1@group-79EE622B0DCB, cid=386, seq=0, DataStream, Message:<EMPTY>, logEntry=null
2022-05-08 08:52:15,582 [pool-9-thread-16] INFO  datastream.DataStreamTestUtils (DataStreamTestUtils.java:writeAndCloseAndAssertReplies(311)) - start Stream397
2022-05-08 08:52:15,602 [pool-9-thread-13] INFO  datastream.DataStreamTestUtils (DataStreamTestUtils.java:writeAndCloseAndAssertReplies(320)) - Stream396: bytesWritten=7445487
2022-05-08 08:52:15,611 [pool-9-thread-15] INFO  datastream.DataStreamTestUtils (DataStreamTestUtils.java:writeAndCloseAndAssertReplies(320)) - Stream395: bytesWritten=7340056
2022-05-08 08:52:15,612 [s2-client-thread1] INFO  statemachine.StateMachine (DataStreamTestUtils.java:link(157)) - link SingleDataStream: writeRequest=RaftClientRequest:client-237E229D324E->s0@group-79EE622B0DCB, cid=396, seq=0, DataStream, Message:<EMPTY>, logEntry=null
2022-05-08 08:52:15,613 [s1-server-thread1] INFO  statemachine.StateMachine (DataStreamTestUtils.java:link(157)) - link SingleDataStream: writeRequest=RaftClientRequest:client-237E229D324E->s0@group-79EE622B0DCB, cid=396, seq=0, DataStream, Message:<EMPTY>, logEntry=null
2022-05-08 08:52:15,630 [s2-client-thread1] INFO  statemachine.StateMachine (DataStreamTestUtils.java:link(157)) - link SingleDataStream: writeRequest=RaftClientRequest:client-237E229D324E->s0@group-79EE622B0DCB, cid=395, seq=0, DataStream, Message:<EMPTY>, logEntry=null
2022-05-08 08:52:15,631 [s1-server-thread1] INFO  statemachine.StateMachine (DataStreamTestUtils.java:link(157)) - link SingleDataStream: writeRequest=RaftClientRequest:client-237E229D324E->s0@group-79EE622B0DCB, cid=395, seq=0, DataStream, Message:<EMPTY>, logEntry=null
2022-05-08 08:52:15,717 [s0-server-thread1] INFO  statemachine.StateMachine (DataStreamTestUtils.java:link(157)) - link SingleDataStream: writeRequest=RaftClientRequest:client-237E229D324E->s0@group-79EE622B0DCB, cid=396, seq=0, DataStream, Message:<EMPTY>, logEntry=null
2022-05-08 08:52:15,717 [s0-server-thread1] INFO  statemachine.StateMachine (DataStreamTestUtils.java:link(157)) - link SingleDataStream: writeRequest=RaftClientRequest:client-237E229D324E->s0@group-79EE622B0DCB, cid=395, seq=0, DataStream, Message:<EMPTY>, logEntry=null
2022-05-08 08:52:15,752 [pool-9-thread-5] INFO  datastream.DataStreamTestUtils (DataStreamTestUtils.java:writeAndCloseAndAssertReplies(320)) - Stream389: bytesWritten=3747317
2022-05-08 08:52:15,754 [s2-client-thread1] INFO  statemachine.StateMachine (DataStreamTestUtils.java:link(157)) - link SingleDataStream: writeRequest=RaftClientRequest:client-31DDC6E78BED->s1@group-79EE622B0DCB, cid=389, seq=0, DataStream, Message:<EMPTY>, logEntry=null
2022-05-08 08:52:15,757 [s0-server-thread1] INFO  statemachine.StateMachine (DataStreamTestUtils.java:link(157)) - link SingleDataStream: writeRequest=RaftClientRequest:client-31DDC6E78BED->s1@group-79EE622B0DCB, cid=389, seq=0, DataStream, Message:<EMPTY>, logEntry=null
2022-05-08 08:52:15,765 [s1-server-thread1] INFO  statemachine.StateMachine (DataStreamTestUtils.java:link(157)) - link SingleDataStream: writeRequest=RaftClientRequest:client-31DDC6E78BED->s1@group-79EE622B0DCB, cid=389, seq=0, DataStream, Message:<EMPTY>, logEntry=null
2022-05-08 08:52:15,788 [pool-9-thread-13] INFO  datastream.DataStreamTestUtils (DataStreamTestUtils.java:writeAndCloseAndAssertReplies(311)) - start Stream398
2022-05-08 08:52:15,837 [pool-9-thread-15] INFO  datastream.DataStreamTestUtils (DataStreamTestUtils.java:writeAndCloseAndAssertReplies(311)) - start Stream399
2022-05-08 08:52:15,857 [pool-9-thread-16] INFO  datastream.DataStreamTestUtils (DataStreamTestUtils.java:writeAndCloseAndAssertReplies(320)) - Stream397: bytesWritten=7583026
2022-05-08 08:52:16,030 [s2-client-thread1] INFO  statemachine.StateMachine (DataStreamTestUtils.java:link(157)) - link SingleDataStream: writeRequest=RaftClientRequest:client-237E229D324E->s0@group-79EE622B0DCB, cid=397, seq=0, DataStream, Message:<EMPTY>, logEntry=null
2022-05-08 08:52:16,030 [s0-server-thread1] INFO  statemachine.StateMachine (DataStreamTestUtils.java:link(157)) - link SingleDataStream: writeRequest=RaftClientRequest:client-237E229D324E->s0@group-79EE622B0DCB, cid=397, seq=0, DataStream, Message:<EMPTY>, logEntry=null
2022-05-08 08:52:16,032 [pool-9-thread-5] INFO  datastream.DataStreamTestUtils (DataStreamTestUtils.java:writeAndCloseAndAssertReplies(311)) - start Stream400
2022-05-08 08:52:16,040 [s1-server-thread1] INFO  statemachine.StateMachine (DataStreamTestUtils.java:link(157)) - link SingleDataStream: writeRequest=RaftClientRequest:client-237E229D324E->s0@group-79EE622B0DCB, cid=397, seq=0, DataStream, Message:<EMPTY>, logEntry=null
2022-05-08 08:52:16,089 [pool-9-thread-16] INFO  datastream.DataStreamTestUtils (DataStreamTestUtils.java:writeAndCloseAndAssertReplies(311)) - start Stream401
2022-05-08 08:52:16,147 [pool-9-thread-13] INFO  datastream.DataStreamTestUtils (DataStreamTestUtils.java:writeAndCloseAndAssertReplies(320)) - Stream398: bytesWritten=6933313
2022-05-08 08:52:16,155 [s2-client-thread1] INFO  statemachine.StateMachine (DataStreamTestUtils.java:link(157)) - link SingleDataStream: writeRequest=RaftClientRequest:client-237E229D324E->s0@group-79EE622B0DCB, cid=398, seq=0, DataStream, Message:<EMPTY>, logEntry=null
2022-05-08 08:52:16,157 [s0-server-thread1] INFO  statemachine.StateMachine (DataStreamTestUtils.java:link(157)) - link SingleDataStream: writeRequest=RaftClientRequest:client-237E229D324E->s0@group-79EE622B0DCB, cid=398, seq=0, DataStream, Message:<EMPTY>, logEntry=null
2022-05-08 08:52:16,157 [s1-server-thread1] INFO  statemachine.StateMachine (DataStreamTestUtils.java:link(157)) - link SingleDataStream: writeRequest=RaftClientRequest:client-237E229D324E->s0@group-79EE622B0DCB, cid=398, seq=0, DataStream, Message:<EMPTY>, logEntry=null
2022-05-08 08:52:16,205 [pool-9-thread-15] INFO  datastream.DataStreamTestUtils (DataStreamTestUtils.java:writeAndCloseAndAssertReplies(320)) - Stream399: bytesWritten=7226942
2022-05-08 08:52:16,212 [s2-client-thread1] INFO  statemachine.StateMachine (DataStreamTestUtils.java:link(157)) - link SingleDataStream: writeRequest=RaftClientRequest:client-237E229D324E->s0@group-79EE622B0DCB, cid=399, seq=0, DataStream, Message:<EMPTY>, logEntry=null
2022-05-08 08:52:16,218 [pool-9-thread-5] INFO  datastream.DataStreamTestUtils (DataStreamTestUtils.java:writeAndCloseAndAssertReplies(320)) - Stream400: bytesWritten=7588714
2022-05-08 08:52:16,226 [s0-server-thread1] INFO  statemachine.StateMachine (DataStreamTestUtils.java:link(157)) - link SingleDataStream: writeRequest=RaftClientRequest:client-237E229D324E->s0@group-79EE622B0DCB, cid=399, seq=0, DataStream, Message:<EMPTY>, logEntry=null
2022-05-08 08:52:16,227 [s1-server-thread1] INFO  statemachine.StateMachine (DataStreamTestUtils.java:link(157)) - link SingleDataStream: writeRequest=RaftClientRequest:client-237E229D324E->s0@group-79EE622B0DCB, cid=399, seq=0, DataStream, Message:<EMPTY>, logEntry=null
2022-05-08 08:52:16,228 [pool-9-thread-13] INFO  datastream.DataStreamTestUtils (DataStreamTestUtils.java:writeAndCloseAndAssertReplies(311)) - start Stream402
2022-05-08 08:52:16,234 [s2-client-thread1] INFO  statemachine.StateMachine (DataStreamTestUtils.java:link(157)) - link SingleDataStream: writeRequest=RaftClientRequest:client-237E229D324E->s0@group-79EE622B0DCB, cid=400, seq=0, DataStream, Message:<EMPTY>, logEntry=null
2022-05-08 08:52:16,240 [s1-server-thread1] INFO  statemachine.StateMachine (DataStreamTestUtils.java:link(157)) - link SingleDataStream: writeRequest=RaftClientRequest:client-237E229D324E->s0@group-79EE622B0DCB, cid=400, seq=0, DataStream, Message:<EMPTY>, logEntry=null
2022-05-08 08:52:16,240 [s0-server-thread1] INFO  statemachine.StateMachine (DataStreamTestUtils.java:link(157)) - link SingleDataStream: writeRequest=RaftClientRequest:client-237E229D324E->s0@group-79EE622B0DCB, cid=400, seq=0, DataStream, Message:<EMPTY>, logEntry=null
2022-05-08 08:52:16,273 [pool-9-thread-15] INFO  datastream.DataStreamTestUtils (DataStreamTestUtils.java:writeAndCloseAndAssertReplies(311)) - start Stream403
2022-05-08 08:52:16,340 [pool-9-thread-5] INFO  datastream.DataStreamTestUtils (DataStreamTestUtils.java:writeAndCloseAndAssertReplies(311)) - start Stream370
2022-05-08 08:52:16,390 [pool-9-thread-16] INFO  datastream.DataStreamTestUtils (DataStreamTestUtils.java:writeAndCloseAndAssertReplies(320)) - Stream401: bytesWritten=7607112
2022-05-08 08:52:16,412 [s2-client-thread1] INFO  statemachine.StateMachine (DataStreamTestUtils.java:link(157)) - link SingleDataStream: writeRequest=RaftClientRequest:client-237E229D324E->s0@group-79EE622B0DCB, cid=401, seq=0, DataStream, Message:<EMPTY>, logEntry=null
2022-05-08 08:52:16,414 [s0-server-thread1] INFO  statemachine.StateMachine (DataStreamTestUtils.java:link(157)) - link SingleDataStream: writeRequest=RaftClientRequest:client-237E229D324E->s0@group-79EE622B0DCB, cid=401, seq=0, DataStream, Message:<EMPTY>, logEntry=null
2022-05-08 08:52:16,418 [s1-server-thread1] INFO  statemachine.StateMachine (DataStreamTestUtils.java:link(157)) - link SingleDataStream: writeRequest=RaftClientRequest:client-237E229D324E->s0@group-79EE622B0DCB, cid=401, seq=0, DataStream, Message:<EMPTY>, logEntry=null
2022-05-08 08:52:16,422 [pool-9-thread-16] INFO  datastream.DataStreamTestUtils (DataStreamTestUtils.java:writeAndCloseAndAssertReplies(311)) - start Stream404
2022-05-08 08:52:16,489 [pool-9-thread-15] INFO  datastream.DataStreamTestUtils (DataStreamTestUtils.java:writeAndCloseAndAssertReplies(320)) - Stream403: bytesWritten=6717281
2022-05-08 08:52:16,493 [pool-9-thread-13] INFO  datastream.DataStreamTestUtils (DataStreamTestUtils.java:writeAndCloseAndAssertReplies(320)) - Stream402: bytesWritten=7349168
2022-05-08 08:52:16,496 [s2-client-thread1] INFO  statemachine.StateMachine (DataStreamTestUtils.java:link(157)) - link SingleDataStream: writeRequest=RaftClientRequest:client-237E229D324E->s0@group-79EE622B0DCB, cid=403, seq=0, DataStream, Message:<EMPTY>, logEntry=null
2022-05-08 08:52:16,497 [s1-server-thread1] INFO  statemachine.StateMachine (DataStreamTestUtils.java:link(157)) - link SingleDataStream: writeRequest=RaftClientRequest:client-237E229D324E->s0@group-79EE622B0DCB, cid=403, seq=0, DataStream, Message:<EMPTY>, logEntry=null
2022-05-08 08:52:16,497 [s0-server-thread1] INFO  statemachine.StateMachine (DataStreamTestUtils.java:link(157)) - link SingleDataStream: writeRequest=RaftClientRequest:client-237E229D324E->s0@group-79EE622B0DCB, cid=403, seq=0, DataStream, Message:<EMPTY>, logEntry=null
2022-05-08 08:52:16,498 [s2-client-thread1] INFO  statemachine.StateMachine (DataStreamTestUtils.java:link(157)) - link SingleDataStream: writeRequest=RaftClientRequest:client-237E229D324E->s0@group-79EE622B0DCB, cid=402, seq=0, DataStream, Message:<EMPTY>, logEntry=null
2022-05-08 08:52:16,498 [s0-server-thread1] INFO  statemachine.StateMachine (DataStreamTestUtils.java:link(157)) - link SingleDataStream: writeRequest=RaftClientRequest:client-237E229D324E->s0@group-79EE622B0DCB, cid=402, seq=0, DataStream, Message:<EMPTY>, logEntry=null
2022-05-08 08:52:16,499 [s1-server-thread1] INFO  statemachine.StateMachine (DataStreamTestUtils.java:link(157)) - link SingleDataStream: writeRequest=RaftClientRequest:client-237E229D324E->s0@group-79EE622B0DCB, cid=402, seq=0, DataStream, Message:<EMPTY>, logEntry=null
2022-05-08 08:52:16,514 [pool-9-thread-15] INFO  datastream.DataStreamTestUtils (DataStreamTestUtils.java:writeAndCloseAndAssertReplies(311)) - start Stream405
2022-05-08 08:52:16,538 [pool-9-thread-13] INFO  datastream.DataStreamTestUtils (DataStreamTestUtils.java:writeAndCloseAndAssertReplies(311)) - start Stream406
2022-05-08 08:52:16,555 [pool-9-thread-9] INFO  datastream.DataStreamTestUtils (DataStreamTestUtils.java:writeAndCloseAndAssertReplies(311)) - start Stream407
2022-05-08 08:52:16,655 [pool-9-thread-5] INFO  datastream.DataStreamTestUtils (DataStreamTestUtils.java:writeAndCloseAndAssertReplies(320)) - Stream370: bytesWritten=7591878
2022-05-08 08:52:16,674 [pool-9-thread-16] INFO  datastream.DataStreamTestUtils (DataStreamTestUtils.java:writeAndCloseAndAssertReplies(320)) - Stream404: bytesWritten=7592670
2022-05-08 08:52:16,761 [pool-9-thread-9] INFO  datastream.DataStreamTestUtils (DataStreamTestUtils.java:writeAndCloseAndAssertReplies(320)) - Stream407: bytesWritten=7617216
2022-05-08 08:52:16,761 [pool-9-thread-15] INFO  datastream.DataStreamTestUtils (DataStreamTestUtils.java:writeAndCloseAndAssertReplies(320)) - Stream405: bytesWritten=6819163
2022-05-08 08:52:16,776 [s2-client-thread1] INFO  statemachine.StateMachine (DataStreamTestUtils.java:link(157)) - link SingleDataStream: writeRequest=RaftClientRequest:client-F12A055438F2->s2@group-79EE622B0DCB, cid=370, seq=0, DataStream, Message:<EMPTY>, logEntry=null
2022-05-08 08:52:16,777 [s0-server-thread1] INFO  statemachine.StateMachine (DataStreamTestUtils.java:link(157)) - link SingleDataStream: writeRequest=RaftClientRequest:client-F12A055438F2->s2@group-79EE622B0DCB, cid=370, seq=0, DataStream, Message:<EMPTY>, logEntry=null
2022-05-08 08:52:16,778 [s1-server-thread1] INFO  statemachine.StateMachine (DataStreamTestUtils.java:link(157)) - link SingleDataStream: writeRequest=RaftClientRequest:client-F12A055438F2->s2@group-79EE622B0DCB, cid=370, seq=0, DataStream, Message:<EMPTY>, logEntry=null
2022-05-08 08:52:16,794 [pool-9-thread-5] INFO  datastream.DataStreamTestUtils (DataStreamTestUtils.java:writeAndCloseAndAssertReplies(311)) - start Stream408
2022-05-08 08:52:16,795 [s2-client-thread1] INFO  statemachine.StateMachine (DataStreamTestUtils.java:link(157)) - link SingleDataStream: writeRequest=RaftClientRequest:client-F12A055438F2->s2@group-79EE622B0DCB, cid=404, seq=0, DataStream, Message:<EMPTY>, logEntry=null
2022-05-08 08:52:16,806 [s1-server-thread1] INFO  statemachine.StateMachine (DataStreamTestUtils.java:link(157)) - link SingleDataStream: writeRequest=RaftClientRequest:client-F12A055438F2->s2@group-79EE622B0DCB, cid=404, seq=0, DataStream, Message:<EMPTY>, logEntry=null
2022-05-08 08:52:16,807 [s0-server-thread1] INFO  statemachine.StateMachine (DataStreamTestUtils.java:link(157)) - link SingleDataStream: writeRequest=RaftClientRequest:client-F12A055438F2->s2@group-79EE622B0DCB, cid=404, seq=0, DataStream, Message:<EMPTY>, logEntry=null
2022-05-08 08:52:16,808 [s2-client-thread1] INFO  statemachine.StateMachine (DataStreamTestUtils.java:link(157)) - link SingleDataStream: writeRequest=RaftClientRequest:client-F12A055438F2->s2@group-79EE622B0DCB, cid=405, seq=0, DataStream, Message:<EMPTY>, logEntry=null
2022-05-08 08:52:16,809 [s1-server-thread1] INFO  statemachine.StateMachine (DataStreamTestUtils.java:link(157)) - link SingleDataStream: writeRequest=RaftClientRequest:client-F12A055438F2->s2@group-79EE622B0DCB, cid=405, seq=0, DataStream, Message:<EMPTY>, logEntry=null
2022-05-08 08:52:16,809 [s2-client-thread1] INFO  statemachine.StateMachine (DataStreamTestUtils.java:link(157)) - link SingleDataStream: writeRequest=RaftClientRequest:client-F12A055438F2->s2@group-79EE622B0DCB, cid=407, seq=0, DataStream, Message:<EMPTY>, logEntry=null
2022-05-08 08:52:16,810 [s1-server-thread1] INFO  statemachine.StateMachine (DataStreamTestUtils.java:link(157)) - link SingleDataStream: writeRequest=RaftClientRequest:client-F12A055438F2->s2@group-79EE622B0DCB, cid=407, seq=0, DataStream, Message:<EMPTY>, logEntry=null
2022-05-08 08:52:16,812 [s0-server-thread1] INFO  statemachine.StateMachine (DataStreamTestUtils.java:link(157)) - link SingleDataStream: writeRequest=RaftClientRequest:client-F12A055438F2->s2@group-79EE622B0DCB, cid=405, seq=0, DataStream, Message:<EMPTY>, logEntry=null
2022-05-08 08:52:16,812 [s0-server-thread1] INFO  statemachine.StateMachine (DataStreamTestUtils.java:link(157)) - link SingleDataStream: writeRequest=RaftClientRequest:client-F12A055438F2->s2@group-79EE622B0DCB, cid=407, seq=0, DataStream, Message:<EMPTY>, logEntry=null
2022-05-08 08:52:16,819 [pool-9-thread-13] INFO  datastream.DataStreamTestUtils (DataStreamTestUtils.java:writeAndCloseAndAssertReplies(320)) - Stream406: bytesWritten=8378038
2022-05-08 08:52:16,827 [s2-client-thread1] INFO  statemachine.StateMachine (DataStreamTestUtils.java:link(157)) - link SingleDataStream: writeRequest=RaftClientRequest:client-F12A055438F2->s2@group-79EE622B0DCB, cid=406, seq=0, DataStream, Message:<EMPTY>, logEntry=null
2022-05-08 08:52:16,828 [s0-server-thread1] INFO  statemachine.StateMachine (DataStreamTestUtils.java:link(157)) - link SingleDataStream: writeRequest=RaftClientRequest:client-F12A055438F2->s2@group-79EE622B0DCB, cid=406, seq=0, DataStream, Message:<EMPTY>, logEntry=null
2022-05-08 08:52:16,829 [s1-server-thread1] INFO  statemachine.StateMachine (DataStreamTestUtils.java:link(157)) - link SingleDataStream: writeRequest=RaftClientRequest:client-F12A055438F2->s2@group-79EE622B0DCB, cid=406, seq=0, DataStream, Message:<EMPTY>, logEntry=null
2022-05-08 08:52:16,849 [pool-9-thread-16] INFO  datastream.DataStreamTestUtils (DataStreamTestUtils.java:writeAndCloseAndAssertReplies(311)) - start Stream409
2022-05-08 08:52:16,874 [pool-9-thread-15] INFO  datastream.DataStreamTestUtils (DataStreamTestUtils.java:writeAndCloseAndAssertReplies(311)) - start Stream410
2022-05-08 08:52:16,877 [pool-9-thread-9] INFO  datastream.DataStreamTestUtils (DataStreamTestUtils.java:writeAndCloseAndAssertReplies(311)) - start Stream411
2022-05-08 08:52:16,881 [pool-9-thread-13] INFO  datastream.DataStreamTestUtils (DataStreamTestUtils.java:writeAndCloseAndAssertReplies(311)) - start Stream412
2022-05-08 08:52:17,253 [pool-9-thread-5] INFO  datastream.DataStreamTestUtils (DataStreamTestUtils.java:writeAndCloseAndAssertReplies(320)) - Stream408: bytesWritten=7133204
2022-05-08 08:52:17,267 [org.apache.ratis.util.JvmPauseMonitor$$Lambda$270/1443454677@1b4ea679] WARN  util.JvmPauseMonitor (JvmPauseMonitor.java:detectPause(124)) - JvmPauseMonitor-s2: Detected pause in JVM or host machine (eg GC): pause of approximately 244618625ns.
GC pool 'PS Scavenge' had collection(s): count=1 time=224ms
2022-05-08 08:52:17,268 [org.apache.ratis.util.JvmPauseMonitor$$Lambda$270/1443454677@2f04f39] WARN  util.JvmPauseMonitor (JvmPauseMonitor.java:detectPause(124)) - JvmPauseMonitor-s1: Detected pause in JVM or host machine (eg GC): pause of approximately 246532652ns.
GC pool 'PS Scavenge' had collection(s): count=1 time=224ms
2022-05-08 08:52:17,268 [org.apache.ratis.util.JvmPauseMonitor$$Lambda$270/1443454677@5bc141dc] WARN  util.JvmPauseMonitor (JvmPauseMonitor.java:detectPause(124)) - JvmPauseMonitor-s0: Detected pause in JVM or host machine (eg GC): pause of approximately 246709054ns.
GC pool 'PS Scavenge' had collection(s): count=1 time=224ms
2022-05-08 08:52:17,296 [s2-client-thread1] INFO  statemachine.StateMachine (DataStreamTestUtils.java:link(157)) - link SingleDataStream: writeRequest=RaftClientRequest:client-F12A055438F2->s2@group-79EE622B0DCB, cid=408, seq=0, DataStream, Message:<EMPTY>, logEntry=null
2022-05-08 08:52:17,297 [s0-server-thread1] INFO  statemachine.StateMachine (DataStreamTestUtils.java:link(157)) - link SingleDataStream: writeRequest=RaftClientRequest:client-F12A055438F2->s2@group-79EE622B0DCB, cid=408, seq=0, DataStream, Message:<EMPTY>, logEntry=null
2022-05-08 08:52:17,352 [s1-server-thread1] INFO  statemachine.StateMachine (DataStreamTestUtils.java:link(157)) - link SingleDataStream: writeRequest=RaftClientRequest:client-F12A055438F2->s2@group-79EE622B0DCB, cid=408, seq=0, DataStream, Message:<EMPTY>, logEntry=null
2022-05-08 08:52:17,374 [pool-9-thread-16] INFO  datastream.DataStreamTestUtils (DataStreamTestUtils.java:writeAndCloseAndAssertReplies(320)) - Stream409: bytesWritten=7656075
2022-05-08 08:52:17,377 [pool-9-thread-5] INFO  datastream.DataStreamTestUtils (DataStreamTestUtils.java:writeAndCloseAndAssertReplies(311)) - start Stream413
2022-05-08 08:52:17,390 [s2-client-thread1] INFO  statemachine.StateMachine (DataStreamTestUtils.java:link(157)) - link SingleDataStream: writeRequest=RaftClientRequest:client-F12A055438F2->s2@group-79EE622B0DCB, cid=409, seq=0, DataStream, Message:<EMPTY>, logEntry=null
2022-05-08 08:52:17,394 [pool-9-thread-15] INFO  datastream.DataStreamTestUtils (DataStreamTestUtils.java:writeAndCloseAndAssertReplies(320)) - Stream410: bytesWritten=7724863
2022-05-08 08:52:17,395 [pool-9-thread-9] INFO  datastream.DataStreamTestUtils (DataStreamTestUtils.java:writeAndCloseAndAssertReplies(320)) - Stream411: bytesWritten=7067036
2022-05-08 08:52:17,399 [s0-server-thread1] INFO  statemachine.StateMachine (DataStreamTestUtils.java:link(157)) - link SingleDataStream: writeRequest=RaftClientRequest:client-F12A055438F2->s2@group-79EE622B0DCB, cid=409, seq=0, DataStream, Message:<EMPTY>, logEntry=null
2022-05-08 08:52:17,402 [pool-9-thread-13] INFO  datastream.DataStreamTestUtils (DataStreamTestUtils.java:writeAndCloseAndAssertReplies(320)) - Stream412: bytesWritten=7328860
2022-05-08 08:52:17,403 [s2-client-thread1] INFO  statemachine.StateMachine (DataStreamTestUtils.java:link(157)) - link SingleDataStream: writeRequest=RaftClientRequest:client-F12A055438F2->s2@group-79EE622B0DCB, cid=410, seq=0, DataStream, Message:<EMPTY>, logEntry=null
2022-05-08 08:52:17,405 [s0-server-thread1] INFO  statemachine.StateMachine (DataStreamTestUtils.java:link(157)) - link SingleDataStream: writeRequest=RaftClientRequest:client-F12A055438F2->s2@group-79EE622B0DCB, cid=410, seq=0, DataStream, Message:<EMPTY>, logEntry=null
2022-05-08 08:52:17,407 [s2-client-thread1] INFO  statemachine.StateMachine (DataStreamTestUtils.java:link(157)) - link SingleDataStream: writeRequest=RaftClientRequest:client-F12A055438F2->s2@group-79EE622B0DCB, cid=411, seq=0, DataStream, Message:<EMPTY>, logEntry=null
2022-05-08 08:52:17,408 [s0-server-thread1] INFO  statemachine.StateMachine (DataStreamTestUtils.java:link(157)) - link SingleDataStream: writeRequest=RaftClientRequest:client-F12A055438F2->s2@group-79EE622B0DCB, cid=411, seq=0, DataStream, Message:<EMPTY>, logEntry=null
2022-05-08 08:52:17,411 [s2-client-thread1] INFO  statemachine.StateMachine (DataStreamTestUtils.java:link(157)) - link SingleDataStream: writeRequest=RaftClientRequest:client-F12A055438F2->s2@group-79EE622B0DCB, cid=412, seq=0, DataStream, Message:<EMPTY>, logEntry=null
2022-05-08 08:52:17,412 [s0-server-thread1] INFO  statemachine.StateMachine (DataStreamTestUtils.java:link(157)) - link SingleDataStream: writeRequest=RaftClientRequest:client-F12A055438F2->s2@group-79EE622B0DCB, cid=412, seq=0, DataStream, Message:<EMPTY>, logEntry=null
2022-05-08 08:52:17,442 [s1-server-thread1] INFO  statemachine.StateMachine (DataStreamTestUtils.java:link(157)) - link SingleDataStream: writeRequest=RaftClientRequest:client-F12A055438F2->s2@group-79EE622B0DCB, cid=409, seq=0, DataStream, Message:<EMPTY>, logEntry=null
2022-05-08 08:52:17,443 [s1-server-thread1] INFO  statemachine.StateMachine (DataStreamTestUtils.java:link(157)) - link SingleDataStream: writeRequest=RaftClientRequest:client-F12A055438F2->s2@group-79EE622B0DCB, cid=410, seq=0, DataStream, Message:<EMPTY>, logEntry=null
2022-05-08 08:52:17,443 [s1-server-thread1] INFO  statemachine.StateMachine (DataStreamTestUtils.java:link(157)) - link SingleDataStream: writeRequest=RaftClientRequest:client-F12A055438F2->s2@group-79EE622B0DCB, cid=411, seq=0, DataStream, Message:<EMPTY>, logEntry=null
2022-05-08 08:52:17,443 [s1-server-thread1] INFO  statemachine.StateMachine (DataStreamTestUtils.java:link(157)) - link SingleDataStream: writeRequest=RaftClientRequest:client-F12A055438F2->s2@group-79EE622B0DCB, cid=412, seq=0, DataStream, Message:<EMPTY>, logEntry=null
2022-05-08 08:52:17,504 [pool-9-thread-16] INFO  datastream.DataStreamTestUtils (DataStreamTestUtils.java:writeAndCloseAndAssertReplies(311)) - start Stream414
2022-05-08 08:52:17,523 [pool-9-thread-15] INFO  datastream.DataStreamTestUtils (DataStreamTestUtils.java:writeAndCloseAndAssertReplies(311)) - start Stream415
2022-05-08 08:52:17,532 [pool-9-thread-9] INFO  datastream.DataStreamTestUtils (DataStreamTestUtils.java:writeAndCloseAndAssertReplies(311)) - start Stream416
2022-05-08 08:52:17,584 [pool-9-thread-5] INFO  datastream.DataStreamTestUtils (DataStreamTestUtils.java:writeAndCloseAndAssertReplies(320)) - Stream413: bytesWritten=7674455
2022-05-08 08:52:17,590 [pool-9-thread-13] INFO  datastream.DataStreamTestUtils (DataStreamTestUtils.java:writeAndCloseAndAssertReplies(311)) - start Stream417
2022-05-08 08:52:17,590 [s2-client-thread1] INFO  statemachine.StateMachine (DataStreamTestUtils.java:link(157)) - link SingleDataStream: writeRequest=RaftClientRequest:client-37CCB68DA803->s0@group-79EE622B0DCB, cid=413, seq=0, DataStream, Message:<EMPTY>, logEntry=null
2022-05-08 08:52:17,592 [s1-server-thread1] INFO  statemachine.StateMachine (DataStreamTestUtils.java:link(157)) - link SingleDataStream: writeRequest=RaftClientRequest:client-37CCB68DA803->s0@group-79EE622B0DCB, cid=413, seq=0, DataStream, Message:<EMPTY>, logEntry=null
2022-05-08 08:52:17,616 [s0-server-thread1] INFO  statemachine.StateMachine (DataStreamTestUtils.java:link(157)) - link SingleDataStream: writeRequest=RaftClientRequest:client-37CCB68DA803->s0@group-79EE622B0DCB, cid=413, seq=0, DataStream, Message:<EMPTY>, logEntry=null
2022-05-08 08:52:17,631 [pool-9-thread-8] INFO  datastream.DataStreamTestUtils (DataStreamTestUtils.java:writeAndCloseAndAssertReplies(311)) - start Stream418
2022-05-08 08:52:17,637 [pool-9-thread-5] INFO  datastream.DataStreamTestUtils (DataStreamTestUtils.java:writeAndCloseAndAssertReplies(311)) - start Stream419
2022-05-08 08:52:17,831 [pool-9-thread-15] INFO  datastream.DataStreamTestUtils (DataStreamTestUtils.java:writeAndCloseAndAssertReplies(320)) - Stream415: bytesWritten=7122644
2022-05-08 08:52:17,868 [s2-client-thread1] INFO  statemachine.StateMachine (DataStreamTestUtils.java:link(157)) - link SingleDataStream: writeRequest=RaftClientRequest:client-37CCB68DA803->s0@group-79EE622B0DCB, cid=415, seq=0, DataStream, Message:<EMPTY>, logEntry=null
2022-05-08 08:52:17,870 [s1-server-thread1] INFO  statemachine.StateMachine (DataStreamTestUtils.java:link(157)) - link SingleDataStream: writeRequest=RaftClientRequest:client-37CCB68DA803->s0@group-79EE622B0DCB, cid=415, seq=0, DataStream, Message:<EMPTY>, logEntry=null
2022-05-08 08:52:17,870 [s0-server-thread1] INFO  statemachine.StateMachine (DataStreamTestUtils.java:link(157)) - link SingleDataStream: writeRequest=RaftClientRequest:client-37CCB68DA803->s0@group-79EE622B0DCB, cid=415, seq=0, DataStream, Message:<EMPTY>, logEntry=null
2022-05-08 08:52:17,872 [pool-9-thread-9] INFO  datastream.DataStreamTestUtils (DataStreamTestUtils.java:writeAndCloseAndAssertReplies(320)) - Stream416: bytesWritten=7522633
2022-05-08 08:52:17,881 [pool-9-thread-16] INFO  datastream.DataStreamTestUtils (DataStreamTestUtils.java:writeAndCloseAndAssertReplies(320)) - Stream414: bytesWritten=7606640
2022-05-08 08:52:17,884 [s2-client-thread1] INFO  statemachine.StateMachine (DataStreamTestUtils.java:link(157)) - link SingleDataStream: writeRequest=RaftClientRequest:client-37CCB68DA803->s0@group-79EE622B0DCB, cid=416, seq=0, DataStream, Message:<EMPTY>, logEntry=null
2022-05-08 08:52:17,887 [s0-server-thread1] INFO  statemachine.StateMachine (DataStreamTestUtils.java:link(157)) - link SingleDataStream: writeRequest=RaftClientRequest:client-37CCB68DA803->s0@group-79EE622B0DCB, cid=416, seq=0, DataStream, Message:<EMPTY>, logEntry=null
2022-05-08 08:52:17,888 [s1-server-thread1] INFO  statemachine.StateMachine (DataStreamTestUtils.java:link(157)) - link SingleDataStream: writeRequest=RaftClientRequest:client-37CCB68DA803->s0@group-79EE622B0DCB, cid=416, seq=0, DataStream, Message:<EMPTY>, logEntry=null
2022-05-08 08:52:17,889 [pool-9-thread-15] INFO  datastream.DataStreamTestUtils (DataStreamTestUtils.java:writeAndCloseAndAssertReplies(311)) - start Stream420
2022-05-08 08:52:17,898 [pool-9-thread-9] INFO  datastream.DataStreamTestUtils (DataStreamTestUtils.java:writeAndCloseAndAssertReplies(311)) - start Stream421
2022-05-08 08:52:17,898 [s2-client-thread1] INFO  statemachine.StateMachine (DataStreamTestUtils.java:link(157)) - link SingleDataStream: writeRequest=RaftClientRequest:client-37CCB68DA803->s0@group-79EE622B0DCB, cid=414, seq=0, DataStream, Message:<EMPTY>, logEntry=null
2022-05-08 08:52:17,899 [s1-server-thread1] INFO  statemachine.StateMachine (DataStreamTestUtils.java:link(157)) - link SingleDataStream: writeRequest=RaftClientRequest:client-37CCB68DA803->s0@group-79EE622B0DCB, cid=414, seq=0, DataStream, Message:<EMPTY>, logEntry=null
2022-05-08 08:52:17,901 [s0-server-thread1] INFO  statemachine.StateMachine (DataStreamTestUtils.java:link(157)) - link SingleDataStream: writeRequest=RaftClientRequest:client-37CCB68DA803->s0@group-79EE622B0DCB, cid=414, seq=0, DataStream, Message:<EMPTY>, logEntry=null
2022-05-08 08:52:17,945 [pool-9-thread-16] INFO  datastream.DataStreamTestUtils (DataStreamTestUtils.java:writeAndCloseAndAssertReplies(311)) - start Stream422
2022-05-08 08:52:17,967 [pool-9-thread-13] INFO  datastream.DataStreamTestUtils (DataStreamTestUtils.java:writeAndCloseAndAssertReplies(320)) - Stream417: bytesWritten=6937718
2022-05-08 08:52:17,992 [s2-client-thread1] INFO  statemachine.StateMachine (DataStreamTestUtils.java:link(157)) - link SingleDataStream: writeRequest=RaftClientRequest:client-37CCB68DA803->s0@group-79EE622B0DCB, cid=417, seq=0, DataStream, Message:<EMPTY>, logEntry=null
2022-05-08 08:52:17,993 [s1-server-thread1] INFO  statemachine.StateMachine (DataStreamTestUtils.java:link(157)) - link SingleDataStream: writeRequest=RaftClientRequest:client-37CCB68DA803->s0@group-79EE622B0DCB, cid=417, seq=0, DataStream, Message:<EMPTY>, logEntry=null
2022-05-08 08:52:17,994 [s0-server-thread1] INFO  statemachine.StateMachine (DataStreamTestUtils.java:link(157)) - link SingleDataStream: writeRequest=RaftClientRequest:client-37CCB68DA803->s0@group-79EE622B0DCB, cid=417, seq=0, DataStream, Message:<EMPTY>, logEntry=null
2022-05-08 08:52:18,001 [pool-9-thread-8] INFO  datastream.DataStreamTestUtils (DataStreamTestUtils.java:writeAndCloseAndAssertReplies(320)) - Stream418: bytesWritten=7650299
2022-05-08 08:52:18,013 [s2-client-thread1] INFO  statemachine.StateMachine (DataStreamTestUtils.java:link(157)) - link SingleDataStream: writeRequest=RaftClientRequest:client-37CCB68DA803->s0@group-79EE622B0DCB, cid=418, seq=0, DataStream, Message:<EMPTY>, logEntry=null
2022-05-08 08:52:18,018 [s0-server-thread1] INFO  statemachine.StateMachine (DataStreamTestUtils.java:link(157)) - link SingleDataStream: writeRequest=RaftClientRequest:client-37CCB68DA803->s0@group-79EE622B0DCB, cid=418, seq=0, DataStream, Message:<EMPTY>, logEntry=null
2022-05-08 08:52:18,019 [s1-server-thread1] INFO  statemachine.StateMachine (DataStreamTestUtils.java:link(157)) - link SingleDataStream: writeRequest=RaftClientRequest:client-37CCB68DA803->s0@group-79EE622B0DCB, cid=418, seq=0, DataStream, Message:<EMPTY>, logEntry=null
2022-05-08 08:52:18,038 [pool-9-thread-5] INFO  datastream.DataStreamTestUtils (DataStreamTestUtils.java:writeAndCloseAndAssertReplies(320)) - Stream419: bytesWritten=8111558
2022-05-08 08:52:18,048 [s2-client-thread1] INFO  statemachine.StateMachine (DataStreamTestUtils.java:link(157)) - link SingleDataStream: writeRequest=RaftClientRequest:client-37CCB68DA803->s0@group-79EE622B0DCB, cid=419, seq=0, DataStream, Message:<EMPTY>, logEntry=null
2022-05-08 08:52:18,063 [s1-server-thread1] INFO  statemachine.StateMachine (DataStreamTestUtils.java:link(157)) - link SingleDataStream: writeRequest=RaftClientRequest:client-37CCB68DA803->s0@group-79EE622B0DCB, cid=419, seq=0, DataStream, Message:<EMPTY>, logEntry=null
2022-05-08 08:52:18,104 [s0-server-thread1] INFO  statemachine.StateMachine (DataStreamTestUtils.java:link(157)) - link SingleDataStream: writeRequest=RaftClientRequest:client-37CCB68DA803->s0@group-79EE622B0DCB, cid=419, seq=0, DataStream, Message:<EMPTY>, logEntry=null
2022-05-08 08:52:18,114 [pool-9-thread-13] INFO  datastream.DataStreamTestUtils (DataStreamTestUtils.java:writeAndCloseAndAssertReplies(311)) - start Stream369
2022-05-08 08:52:18,121 [pool-9-thread-8] INFO  datastream.DataStreamTestUtils (DataStreamTestUtils.java:writeAndCloseAndAssertReplies(311)) - start Stream375
2022-05-08 08:52:19,147 [s2@group-79EE622B0DCB-LeaderStateImpl] WARN  server.RaftServer$Division (LeaderStateImpl.java:checkLeadership(1018)) - s2@group-79EE622B0DCB-LeaderStateImpl: Lost leadership on term: 2. Election timeout: 300ms. In charge for: 13339ms. Conf: 29: [s0|rpc:localhost:42959|admin:localhost:40575|client:localhost:33833|dataStream:localhost:36315|priority:0, s1|rpc:localhost:40643|admin:localhost:41257|client:localhost:45923|dataStream:localhost:35479|priority:0, s2|rpc:localhost:40737|admin:localhost:42805|client:localhost:34699|dataStream:localhost:41373|priority:0], old=null
2022-05-08 08:52:19,147 [s2@group-79EE622B0DCB-LeaderStateImpl] WARN  server.RaftServer$Division (LeaderStateImpl.java:lambda$checkLeadership$17(1022)) - Follower s2@group-79EE622B0DCB->s0(c90,m93,n97, attendVote=true, lastRpcSendTime=1052, lastRpcResponseTime=1039)
2022-05-08 08:52:19,147 [s2@group-79EE622B0DCB-LeaderStateImpl] WARN  server.RaftServer$Division (LeaderStateImpl.java:lambda$checkLeadership$17(1022)) - Follower s2@group-79EE622B0DCB->s1(c90,m93,n97, attendVote=true, lastRpcSendTime=0, lastRpcResponseTime=995)
2022-05-08 08:52:19,147 [s2@group-79EE622B0DCB-LeaderStateImpl] INFO  server.RaftServer$Division (RaftServerImpl.java:setRole(293)) - s2@group-79EE622B0DCB: changes role from    LEADER to FOLLOWER at term 2 for StepDownReason:LOST_MAJORITY_HEARTBEATS
2022-05-08 08:52:19,147 [s2@group-79EE622B0DCB-LeaderStateImpl] INFO  impl.RoleInfo (RoleInfo.java:shutdownLeaderState(93)) - s2: shutdown s2@group-79EE622B0DCB-LeaderStateImpl
2022-05-08 08:52:19,151 [s0@group-79EE622B0DCB-FollowerState] WARN  impl.FollowerState (FollowerState.java:run(130)) - Unexpected long sleep: sleep 225ms but took extra 840350248ns (> threshold = 300ms)
2022-05-08 08:52:19,153 [s1@group-79EE622B0DCB-FollowerState] WARN  impl.FollowerState (FollowerState.java:run(130)) - Unexpected long sleep: sleep 165ms but took extra 850230468ns (> threshold = 300ms)
2022-05-08 08:52:19,183 [org.apache.ratis.util.JvmPauseMonitor$$Lambda$270/1443454677@1b4ea679] WARN  util.JvmPauseMonitor (JvmPauseMonitor.java:detectPause(124)) - JvmPauseMonitor-s2: Detected pause in JVM or host machine (eg GC): pause of approximately 914908593ns.
GC pool 'PS MarkSweep' had collection(s): count=1 time=857ms
GC pool 'PS Scavenge' had collection(s): count=1 time=112ms
2022-05-08 08:52:19,184 [org.apache.ratis.util.JvmPauseMonitor$$Lambda$270/1443454677@5bc141dc] WARN  util.JvmPauseMonitor (JvmPauseMonitor.java:detectPause(124)) - JvmPauseMonitor-s0: Detected pause in JVM or host machine (eg GC): pause of approximately 915860906ns.
GC pool 'PS MarkSweep' had collection(s): count=1 time=857ms
GC pool 'PS Scavenge' had collection(s): count=1 time=112ms
2022-05-08 08:52:19,184 [org.apache.ratis.util.JvmPauseMonitor$$Lambda$270/1443454677@2f04f39] WARN  util.JvmPauseMonitor (JvmPauseMonitor.java:detectPause(124)) - JvmPauseMonitor-s1: Detected pause in JVM or host machine (eg GC): pause of approximately 916044809ns.
GC pool 'PS MarkSweep' had collection(s): count=1 time=857ms
GC pool 'PS Scavenge' had collection(s): count=1 time=112ms
2022-05-08 08:52:19,188 [grpc-default-executor-3] INFO  server.GrpcServerProtocolService (GrpcServerProtocolService.java:onCompleted(140)) - s0: Completed APPEND_ENTRIES, lastRequest: s2->s0#438-t2,previous=(t:2, i:95),leaderCommit=93,initializing? true,entries: size=1, first=(t:2, i:96), METADATAENTRY(c:93)
2022-05-08 08:52:19,188 [grpc-default-executor-4] INFO  server.GrpcLogAppender (GrpcLogAppender.java:onCompleted(339)) - s2@group-79EE622B0DCB->s0-AppendLogResponseHandler: follower responses appendEntries COMPLETED
2022-05-08 08:52:19,189 [grpc-default-executor-4] INFO  leader.FollowerInfo (FollowerInfoImpl.java:lambda$new$0(48)) - s2@group-79EE622B0DCB->s0: nextIndex: updateUnconditionally 97 -> 96
2022-05-08 08:52:19,213 [pool-9-thread-15] INFO  datastream.DataStreamTestUtils (DataStreamTestUtils.java:writeAndCloseAndAssertReplies(320)) - Stream420: bytesWritten=7527645
2022-05-08 08:52:19,217 [grpc-default-executor-3] INFO  server.GrpcServerProtocolService (GrpcServerProtocolService.java:onCompleted(140)) - s1: Completed APPEND_ENTRIES, lastRequest: s2->s1#424-t2,previous=(t:2, i:95),leaderCommit=93,initializing? true,entries: size=1, first=(t:2, i:96), METADATAENTRY(c:93)
2022-05-08 08:52:19,218 [grpc-default-executor-4] INFO  server.GrpcLogAppender (GrpcLogAppender.java:onCompleted(339)) - s2@group-79EE622B0DCB->s1-AppendLogResponseHandler: follower responses appendEntries COMPLETED
2022-05-08 08:52:19,218 [grpc-default-executor-4] INFO  leader.FollowerInfo (FollowerInfoImpl.java:lambda$new$0(48)) - s2@group-79EE622B0DCB->s1: nextIndex: updateUnconditionally 97 -> 95
2022-05-08 08:52:19,230 [pool-9-thread-9] INFO  datastream.DataStreamTestUtils (DataStreamTestUtils.java:writeAndCloseAndAssertReplies(320)) - Stream421: bytesWritten=7778458
2022-05-08 08:52:19,233 [pool-9-thread-16] INFO  datastream.DataStreamTestUtils (DataStreamTestUtils.java:writeAndCloseAndAssertReplies(320)) - Stream422: bytesWritten=7057372
2022-05-08 08:52:19,258 [s2@group-79EE622B0DCB-LeaderStateImpl] INFO  impl.PendingRequests (PendingRequests.java:sendNotLeaderResponses(282)) - s2@group-79EE622B0DCB-PendingRequests: sendNotLeaderResponses
2022-05-08 08:52:19,281 [s2@group-79EE622B0DCB-LeaderStateImpl] INFO  impl.RoleInfo (RoleInfo.java:updateAndGet(139)) - s2: start s2@group-79EE622B0DCB-FollowerState
2022-05-08 08:52:19,301 [pool-9-thread-8] INFO  datastream.DataStreamTestUtils (DataStreamTestUtils.java:writeAndCloseAndAssertReplies(320)) - Stream375: bytesWritten=8096184
2022-05-08 08:52:19,519 [s1@group-79EE622B0DCB-FollowerState] INFO  impl.FollowerState (FollowerState.java:run(143)) - s1@group-79EE622B0DCB-FollowerState: change to CANDIDATE, lastRpcElapsedTime:249851484ns, electionTimeout:168ms
2022-05-08 08:52:19,519 [s1@group-79EE622B0DCB-FollowerState] INFO  impl.RoleInfo (RoleInfo.java:shutdownFollowerState(110)) - s1: shutdown s1@group-79EE622B0DCB-FollowerState
2022-05-08 08:52:19,519 [s1@group-79EE622B0DCB-FollowerState] INFO  server.RaftServer$Division (RaftServerImpl.java:setRole(293)) - s1@group-79EE622B0DCB: changes role from  FOLLOWER to CANDIDATE at term 2 for changeToCandidate
2022-05-08 08:52:19,519 [s1@group-79EE622B0DCB-FollowerState] INFO  server.RaftServerConfigKeys (ConfUtils.java:logGet(46)) - raft.server.leaderelection.pre-vote = true (default)
2022-05-08 08:52:19,519 [s1@group-79EE622B0DCB-FollowerState] INFO  impl.RoleInfo (RoleInfo.java:updateAndGet(139)) - s1: start s1@group-79EE622B0DCB-LeaderElection7
2022-05-08 08:52:19,534 [s2@group-79EE622B0DCB-FollowerState] INFO  impl.FollowerState (FollowerState.java:lostMajorityHeartbeatsRecently(108)) - s2@group-79EE622B0DCB-FollowerState: Skipping leader election since it stepped down recently (elapsed = 253ms < waitTime = 10s)
2022-05-08 08:52:19,554 [s0@group-79EE622B0DCB-FollowerState] INFO  impl.FollowerState (FollowerState.java:run(143)) - s0@group-79EE622B0DCB-FollowerState: change to CANDIDATE, lastRpcElapsedTime:371285729ns, electionTimeout:203ms
2022-05-08 08:52:19,554 [s0@group-79EE622B0DCB-FollowerState] INFO  impl.RoleInfo (RoleInfo.java:shutdownFollowerState(110)) - s0: shutdown s0@group-79EE622B0DCB-FollowerState
2022-05-08 08:52:19,554 [s0@group-79EE622B0DCB-FollowerState] INFO  server.RaftServer$Division (RaftServerImpl.java:setRole(293)) - s0@group-79EE622B0DCB: changes role from  FOLLOWER to CANDIDATE at term 2 for changeToCandidate
2022-05-08 08:52:19,586 [s0@group-79EE622B0DCB-FollowerState] INFO  server.RaftServerConfigKeys (ConfUtils.java:logGet(46)) - raft.server.leaderelection.pre-vote = true (default)
2022-05-08 08:52:19,586 [s0@group-79EE622B0DCB-FollowerState] INFO  impl.RoleInfo (RoleInfo.java:updateAndGet(139)) - s0: start s0@group-79EE622B0DCB-LeaderElection8
2022-05-08 08:52:19,586 [s1@group-79EE622B0DCB-LeaderElection7] INFO  server.RaftServer$Division (ServerState.java:setLeader(287)) - s1@group-79EE622B0DCB: change Leader from s2 to null at term 2 for PRE_VOTE
2022-05-08 08:52:19,589 [s1@group-79EE622B0DCB-LeaderElection7] INFO  impl.LeaderElection (LeaderElection.java:askForVotes(310)) - s1@group-79EE622B0DCB-LeaderElection7 PRE_VOTE round 0: submit vote requests at term 2 for 29: [s0|rpc:localhost:42959|admin:localhost:40575|client:localhost:33833|dataStream:localhost:36315|priority:0, s1|rpc:localhost:40643|admin:localhost:41257|client:localhost:45923|dataStream:localhost:35479|priority:0, s2|rpc:localhost:40737|admin:localhost:42805|client:localhost:34699|dataStream:localhost:41373|priority:0], old=null
2022-05-08 08:52:19,610 [s0@group-79EE622B0DCB-LeaderElection8] INFO  server.RaftServer$Division (ServerState.java:setLeader(287)) - s0@group-79EE622B0DCB: change Leader from s2 to null at term 2 for PRE_VOTE
2022-05-08 08:52:19,612 [s0@group-79EE622B0DCB-LeaderElection8] INFO  impl.LeaderElection (LeaderElection.java:askForVotes(310)) - s0@group-79EE622B0DCB-LeaderElection8 PRE_VOTE round 0: submit vote requests at term 2 for 29: [s0|rpc:localhost:42959|admin:localhost:40575|client:localhost:33833|dataStream:localhost:36315|priority:0, s1|rpc:localhost:40643|admin:localhost:41257|client:localhost:45923|dataStream:localhost:35479|priority:0, s2|rpc:localhost:40737|admin:localhost:42805|client:localhost:34699|dataStream:localhost:41373|priority:0], old=null
2022-05-08 08:52:19,730 [grpc-default-executor-1] INFO  server.RaftServer$Division (RaftServerImpl.java:requestVote(1146)) - s0@group-79EE622B0DCB: receive requestVote(PRE_VOTE, s1, group-79EE622B0DCB, 2, (t:2, i:96))
2022-05-08 08:52:19,730 [grpc-default-executor-1] INFO  impl.VoteContext (VoteContext.java:log(48)) - s0@group-79EE622B0DCB-CANDIDATE: accept PRE_VOTE from s1: our priority 0 <= candidate's priority 0
2022-05-08 08:52:19,730 [grpc-default-executor-1] INFO  server.RaftServer$Division (RaftServerImpl.java:requestVote(1178)) - s0@group-79EE622B0DCB replies to PRE_VOTE vote request: s1<-s0#0:OK-t2. Peer's state: s0@group-79EE622B0DCB:t2, leader=null, voted=s2, raftlog=s0@group-79EE622B0DCB-SegmentedRaftLog:OPENED:c93, conf=29: [s0|rpc:localhost:42959|admin:localhost:40575|client:localhost:33833|dataStream:localhost:36315|priority:0, s1|rpc:localhost:40643|admin:localhost:41257|client:localhost:45923|dataStream:localhost:35479|priority:0, s2|rpc:localhost:40737|admin:localhost:42805|client:localhost:34699|dataStream:localhost:41373|priority:0], old=null
2022-05-08 08:52:19,748 [s2@group-79EE622B0DCB-FollowerState] INFO  impl.FollowerState (FollowerState.java:lostMajorityHeartbeatsRecently(108)) - s2@group-79EE622B0DCB-FollowerState: Skipping leader election since it stepped down recently (elapsed = 466ms < waitTime = 10s)
2022-05-08 08:52:19,793 [s1@group-79EE622B0DCB-LeaderElection7] INFO  impl.LeaderElection (LeaderElection.java:logAndReturn(90)) - s1@group-79EE622B0DCB-LeaderElection7: PRE_VOTE PASSED received 1 response(s) and 0 exception(s):
2022-05-08 08:52:19,794 [s1@group-79EE622B0DCB-LeaderElection7] INFO  impl.LeaderElection (LeaderElection.java:logAndReturn(94)) -   Response 0: s1<-s0#0:OK-t2
2022-05-08 08:52:19,794 [s1@group-79EE622B0DCB-LeaderElection7] INFO  impl.LeaderElection (LeaderElection.java:askForVotes(312)) - s1@group-79EE622B0DCB-LeaderElection7 PRE_VOTE round 0: result PASSED
2022-05-08 08:52:19,795 [grpc-default-executor-3] INFO  server.RaftServer$Division (RaftServerImpl.java:requestVote(1146)) - s2@group-79EE622B0DCB: receive requestVote(PRE_VOTE, s0, group-79EE622B0DCB, 2, (t:2, i:96))
2022-05-08 08:52:19,795 [grpc-default-executor-3] INFO  impl.VoteContext (VoteContext.java:log(48)) - s2@group-79EE622B0DCB-FOLLOWER: accept PRE_VOTE from s0: our priority 0 <= candidate's priority 0
2022-05-08 08:52:19,795 [grpc-default-executor-3] INFO  server.RaftServer$Division (RaftServerImpl.java:requestVote(1178)) - s2@group-79EE622B0DCB replies to PRE_VOTE vote request: s0<-s2#0:OK-t2. Peer's state: s2@group-79EE622B0DCB:t2, leader=s2, voted=s2, raftlog=s2@group-79EE622B0DCB-SegmentedRaftLog:OPENED:c93, conf=29: [s0|rpc:localhost:42959|admin:localhost:40575|client:localhost:33833|dataStream:localhost:36315|priority:0, s1|rpc:localhost:40643|admin:localhost:41257|client:localhost:45923|dataStream:localhost:35479|priority:0, s2|rpc:localhost:40737|admin:localhost:42805|client:localhost:34699|dataStream:localhost:41373|priority:0], old=null
2022-05-08 08:52:19,796 [grpc-default-executor-4] INFO  server.RaftServer$Division (RaftServerImpl.java:requestVote(1146)) - s2@group-79EE622B0DCB: receive requestVote(PRE_VOTE, s1, group-79EE622B0DCB, 2, (t:2, i:96))
2022-05-08 08:52:19,796 [grpc-default-executor-4] INFO  impl.VoteContext (VoteContext.java:log(48)) - s2@group-79EE622B0DCB-FOLLOWER: reject PRE_VOTE from s1: this server is a follower and still has a valid leader s2
2022-05-08 08:52:19,796 [grpc-default-executor-4] INFO  server.RaftServer$Division (RaftServerImpl.java:requestVote(1178)) - s2@group-79EE622B0DCB replies to PRE_VOTE vote request: s1<-s2#0:FAIL-t2. Peer's state: s2@group-79EE622B0DCB:t2, leader=s2, voted=s2, raftlog=s2@group-79EE622B0DCB-SegmentedRaftLog:OPENED:c93, conf=29: [s0|rpc:localhost:42959|admin:localhost:40575|client:localhost:33833|dataStream:localhost:36315|priority:0, s1|rpc:localhost:40643|admin:localhost:41257|client:localhost:45923|dataStream:localhost:35479|priority:0, s2|rpc:localhost:40737|admin:localhost:42805|client:localhost:34699|dataStream:localhost:41373|priority:0], old=null
2022-05-08 08:52:19,797 [s1@group-79EE622B0DCB-LeaderElection7] INFO  impl.LeaderElection (LeaderElection.java:askForVotes(310)) - s1@group-79EE622B0DCB-LeaderElection7 ELECTION round 0: submit vote requests at term 3 for 29: [s0|rpc:localhost:42959|admin:localhost:40575|client:localhost:33833|dataStream:localhost:36315|priority:0, s1|rpc:localhost:40643|admin:localhost:41257|client:localhost:45923|dataStream:localhost:35479|priority:0, s2|rpc:localhost:40737|admin:localhost:42805|client:localhost:34699|dataStream:localhost:41373|priority:0], old=null
2022-05-08 08:52:19,806 [s0@group-79EE622B0DCB-LeaderElection8] INFO  impl.LeaderElection (LeaderElection.java:logAndReturn(90)) - s0@group-79EE622B0DCB-LeaderElection8: PRE_VOTE PASSED received 1 response(s) and 0 exception(s):
2022-05-08 08:52:19,806 [s0@group-79EE622B0DCB-LeaderElection8] INFO  impl.LeaderElection (LeaderElection.java:logAndReturn(94)) -   Response 0: s0<-s2#0:OK-t2
2022-05-08 08:52:19,806 [s0@group-79EE622B0DCB-LeaderElection8] INFO  impl.LeaderElection (LeaderElection.java:askForVotes(312)) - s0@group-79EE622B0DCB-LeaderElection8 PRE_VOTE round 0: result PASSED
2022-05-08 08:52:19,808 [s0@group-79EE622B0DCB-LeaderElection8] INFO  impl.LeaderElection (LeaderElection.java:askForVotes(310)) - s0@group-79EE622B0DCB-LeaderElection8 ELECTION round 0: submit vote requests at term 3 for 29: [s0|rpc:localhost:42959|admin:localhost:40575|client:localhost:33833|dataStream:localhost:36315|priority:0, s1|rpc:localhost:40643|admin:localhost:41257|client:localhost:45923|dataStream:localhost:35479|priority:0, s2|rpc:localhost:40737|admin:localhost:42805|client:localhost:34699|dataStream:localhost:41373|priority:0], old=null
2022-05-08 08:52:19,809 [grpc-default-executor-1] INFO  server.RaftServer$Division (RaftServerImpl.java:requestVote(1146)) - s1@group-79EE622B0DCB: receive requestVote(PRE_VOTE, s0, group-79EE622B0DCB, 2, (t:2, i:96))
2022-05-08 08:52:19,809 [grpc-default-executor-1] INFO  impl.VoteContext (VoteContext.java:log(48)) - s1@group-79EE622B0DCB-CANDIDATE: accept PRE_VOTE from s0: our priority 0 <= candidate's priority 0
2022-05-08 08:52:19,809 [grpc-default-executor-1] INFO  server.RaftServer$Division (RaftServerImpl.java:requestVote(1178)) - s1@group-79EE622B0DCB replies to PRE_VOTE vote request: s0<-s1#0:OK-t3. Peer's state: s1@group-79EE622B0DCB:t3, leader=null, voted=s1, raftlog=s1@group-79EE622B0DCB-SegmentedRaftLog:OPENED:c93, conf=29: [s0|rpc:localhost:42959|admin:localhost:40575|client:localhost:33833|dataStream:localhost:36315|priority:0, s1|rpc:localhost:40643|admin:localhost:41257|client:localhost:45923|dataStream:localhost:35479|priority:0, s2|rpc:localhost:40737|admin:localhost:42805|client:localhost:34699|dataStream:localhost:41373|priority:0], old=null
2022-05-08 08:52:19,823 [grpc-default-executor-4] INFO  server.RaftServer$Division (RaftServerImpl.java:requestVote(1146)) - s0@group-79EE622B0DCB: receive requestVote(ELECTION, s1, group-79EE622B0DCB, 3, (t:2, i:96))
2022-05-08 08:52:19,823 [grpc-default-executor-4] INFO  impl.VoteContext (VoteContext.java:log(48)) - s0@group-79EE622B0DCB-CANDIDATE: reject ELECTION from s1: already has voted for s0 at current term 3
2022-05-08 08:52:19,823 [grpc-default-executor-4] INFO  server.RaftServer$Division (RaftServerImpl.java:requestVote(1178)) - s0@group-79EE622B0DCB replies to ELECTION vote request: s1<-s0#0:FAIL-t3. Peer's state: s0@group-79EE622B0DCB:t3, leader=null, voted=s0, raftlog=s0@group-79EE622B0DCB-SegmentedRaftLog:OPENED:c93, conf=29: [s0|rpc:localhost:42959|admin:localhost:40575|client:localhost:33833|dataStream:localhost:36315|priority:0, s1|rpc:localhost:40643|admin:localhost:41257|client:localhost:45923|dataStream:localhost:35479|priority:0, s2|rpc:localhost:40737|admin:localhost:42805|client:localhost:34699|dataStream:localhost:41373|priority:0], old=null
2022-05-08 08:52:19,823 [grpc-default-executor-0] INFO  server.RaftServer$Division (RaftServerImpl.java:requestVote(1146)) - s2@group-79EE622B0DCB: receive requestVote(ELECTION, s1, group-79EE622B0DCB, 3, (t:2, i:96))
2022-05-08 08:52:19,823 [grpc-default-executor-0] INFO  impl.VoteContext (VoteContext.java:log(48)) - s2@group-79EE622B0DCB-FOLLOWER: accept ELECTION from s1: our priority 0 <= candidate's priority 0
2022-05-08 08:52:19,823 [grpc-default-executor-0] INFO  server.RaftServer$Division (ServerState.java:setLeader(287)) - s2@group-79EE622B0DCB: change Leader from s2 to null at term 3 for updateCurrentTerm
2022-05-08 08:52:19,823 [grpc-default-executor-0] INFO  server.RaftServer$Division (RaftServerImpl.java:setRole(293)) - s2@group-79EE622B0DCB: changes role from  FOLLOWER to FOLLOWER at term 3 for candidate:s1
2022-05-08 08:52:19,824 [grpc-default-executor-0] INFO  impl.RoleInfo (RoleInfo.java:shutdownFollowerState(110)) - s2: shutdown s2@group-79EE622B0DCB-FollowerState
2022-05-08 08:52:19,824 [grpc-default-executor-0] INFO  impl.RoleInfo (RoleInfo.java:updateAndGet(139)) - s2: start s2@group-79EE622B0DCB-FollowerState
2022-05-08 08:52:19,824 [s2@group-79EE622B0DCB-FollowerState] INFO  impl.FollowerState (FollowerState.java:run(152)) - s2@group-79EE622B0DCB-FollowerState was interrupted
2022-05-08 08:52:19,835 [grpc-default-executor-1] INFO  server.RaftServer$Division (RaftServerImpl.java:requestVote(1146)) - s1@group-79EE622B0DCB: receive requestVote(ELECTION, s0, group-79EE622B0DCB, 3, (t:2, i:96))
2022-05-08 08:52:19,835 [grpc-default-executor-1] INFO  impl.VoteContext (VoteContext.java:log(48)) - s1@group-79EE622B0DCB-CANDIDATE: reject ELECTION from s0: already has voted for s1 at current term 3
2022-05-08 08:52:19,835 [grpc-default-executor-1] INFO  server.RaftServer$Division (RaftServerImpl.java:requestVote(1178)) - s1@group-79EE622B0DCB replies to ELECTION vote request: s0<-s1#0:FAIL-t3. Peer's state: s1@group-79EE622B0DCB:t3, leader=null, voted=s1, raftlog=s1@group-79EE622B0DCB-SegmentedRaftLog:OPENED:c93, conf=29: [s0|rpc:localhost:42959|admin:localhost:40575|client:localhost:33833|dataStream:localhost:36315|priority:0, s1|rpc:localhost:40643|admin:localhost:41257|client:localhost:45923|dataStream:localhost:35479|priority:0, s2|rpc:localhost:40737|admin:localhost:42805|client:localhost:34699|dataStream:localhost:41373|priority:0], old=null
2022-05-08 08:52:19,835 [grpc-default-executor-2] INFO  server.RaftServer$Division (RaftServerImpl.java:requestVote(1146)) - s2@group-79EE622B0DCB: receive requestVote(ELECTION, s0, group-79EE622B0DCB, 3, (t:2, i:96))
2022-05-08 08:52:19,837 [grpc-default-executor-0] INFO  server.RaftServer$Division (RaftServerImpl.java:requestVote(1178)) - s2@group-79EE622B0DCB replies to ELECTION vote request: s1<-s2#0:OK-t3. Peer's state: s2@group-79EE622B0DCB:t3, leader=null, voted=s1, raftlog=s2@group-79EE622B0DCB-SegmentedRaftLog:OPENED:c93, conf=29: [s0|rpc:localhost:42959|admin:localhost:40575|client:localhost:33833|dataStream:localhost:36315|priority:0, s1|rpc:localhost:40643|admin:localhost:41257|client:localhost:45923|dataStream:localhost:35479|priority:0, s2|rpc:localhost:40737|admin:localhost:42805|client:localhost:34699|dataStream:localhost:41373|priority:0], old=null
2022-05-08 08:52:19,837 [grpc-default-executor-2] INFO  impl.VoteContext (VoteContext.java:log(48)) - s2@group-79EE622B0DCB-FOLLOWER: reject ELECTION from s0: already has voted for s1 at current term 3
2022-05-08 08:52:19,837 [grpc-default-executor-2] INFO  server.RaftServer$Division (RaftServerImpl.java:requestVote(1178)) - s2@group-79EE622B0DCB replies to ELECTION vote request: s0<-s2#0:FAIL-t3. Peer's state: s2@group-79EE622B0DCB:t3, leader=null, voted=s1, raftlog=s2@group-79EE622B0DCB-SegmentedRaftLog:OPENED:c93, conf=29: [s0|rpc:localhost:42959|admin:localhost:40575|client:localhost:33833|dataStream:localhost:36315|priority:0, s1|rpc:localhost:40643|admin:localhost:41257|client:localhost:45923|dataStream:localhost:35479|priority:0, s2|rpc:localhost:40737|admin:localhost:42805|client:localhost:34699|dataStream:localhost:41373|priority:0], old=null
2022-05-08 08:52:19,839 [s1@group-79EE622B0DCB-LeaderElection7] INFO  impl.LeaderElection (LeaderElection.java:logAndReturn(90)) - s1@group-79EE622B0DCB-LeaderElection7: ELECTION PASSED received 2 response(s) and 0 exception(s):
2022-05-08 08:52:19,839 [s1@group-79EE622B0DCB-LeaderElection7] INFO  impl.LeaderElection (LeaderElection.java:logAndReturn(94)) -   Response 0: s1<-s0#0:FAIL-t3
2022-05-08 08:52:19,839 [s1@group-79EE622B0DCB-LeaderElection7] INFO  impl.LeaderElection (LeaderElection.java:logAndReturn(94)) -   Response 1: s1<-s2#0:OK-t3
2022-05-08 08:52:19,839 [s1@group-79EE622B0DCB-LeaderElection7] INFO  impl.LeaderElection (LeaderElection.java:askForVotes(312)) - s1@group-79EE622B0DCB-LeaderElection7 ELECTION round 0: result PASSED
2022-05-08 08:52:19,839 [s1@group-79EE622B0DCB-LeaderElection7] INFO  impl.RoleInfo (RoleInfo.java:shutdownLeaderElection(130)) - s1: shutdown s1@group-79EE622B0DCB-LeaderElection7
2022-05-08 08:52:19,839 [s1@group-79EE622B0DCB-LeaderElection7] INFO  server.RaftServer$Division (RaftServerImpl.java:setRole(293)) - s1@group-79EE622B0DCB: changes role from CANDIDATE to LEADER at term 3 for changeToLeader
2022-05-08 08:52:19,839 [s1@group-79EE622B0DCB-LeaderElection7] INFO  server.RaftServer$Division (ServerState.java:setLeader(287)) - s1@group-79EE622B0DCB: change Leader from null to s1 at term 3 for becomeLeader, leader elected after 253ms
2022-05-08 08:52:19,839 [s1@group-79EE622B0DCB-LeaderElection7] INFO  server.RaftServerConfigKeys (ConfUtils.java:logGet(46)) - raft.server.staging.catchup.gap = 1000 (default)
2022-05-08 08:52:19,839 [s1@group-79EE622B0DCB-LeaderElection7] INFO  server.RaftServerConfigKeys (ConfUtils.java:logGet(46)) - raft.server.write.element-limit = 4096 (default)
2022-05-08 08:52:19,839 [s1@group-79EE622B0DCB-LeaderElection7] INFO  server.RaftServerConfigKeys (ConfUtils.java:logGet(46)) - raft.server.write.byte-limit = 64MB (=67108864) (default)
2022-05-08 08:52:19,839 [s1@group-79EE622B0DCB-LeaderElection7] INFO  server.RaftServerConfigKeys (ConfUtils.java:logGet(46)) - raft.server.watch.timeout = 10s (default)
2022-05-08 08:52:19,839 [s1@group-79EE622B0DCB-LeaderElection7] INFO  server.RaftServerConfigKeys (ConfUtils.java:logGet(46)) - raft.server.watch.timeout.denomination = 1s (default)
2022-05-08 08:52:19,839 [s1@group-79EE622B0DCB-LeaderElection7] INFO  server.RaftServerConfigKeys (ConfUtils.java:logGet(46)) - raft.server.watch.element-limit = 65536 (default)
2022-05-08 08:52:19,839 [s1@group-79EE622B0DCB-LeaderElection7] INFO  server.RaftServerConfigKeys (ConfUtils.java:logGet(46)) - raft.server.write.element-limit = 4096 (default)
2022-05-08 08:52:19,839 [s1@group-79EE622B0DCB-LeaderElection7] INFO  server.RaftServerConfigKeys (ConfUtils.java:logGet(46)) - raft.server.write.follower.gap.ratio.max = -1.0 (default)
2022-05-08 08:52:19,840 [s1@group-79EE622B0DCB-LeaderElection7] INFO  server.RaftServerConfigKeys (ConfUtils.java:logGet(46)) - raft.server.log.appender.snapshot.chunk.size.max = 16MB (=16777216) (default)
2022-05-08 08:52:19,840 [s1@group-79EE622B0DCB-LeaderElection7] INFO  server.RaftServerConfigKeys (ConfUtils.java:logGet(46)) - raft.server.log.appender.buffer.byte-limit = 4MB (=4194304) (default)
2022-05-08 08:52:19,840 [s1@group-79EE622B0DCB-LeaderElection7] INFO  server.RaftServerConfigKeys (ConfUtils.java:logGet(46)) - raft.server.log.appender.buffer.element-limit = 0 (default)
2022-05-08 08:52:19,840 [s1@group-79EE622B0DCB-LeaderElection7] INFO  grpc.GrpcConfigKeys (ConfUtils.java:logGet(46)) - raft.grpc.server.leader.outstanding.appends.max = 128 (default)
2022-05-08 08:52:19,840 [s1@group-79EE622B0DCB-LeaderElection7] INFO  server.RaftServerConfigKeys (ConfUtils.java:logGet(46)) - raft.server.rpc.request.timeout = 3000ms (default)
2022-05-08 08:52:19,840 [s1@group-79EE622B0DCB-LeaderElection7] INFO  server.RaftServerConfigKeys (ConfUtils.java:logGet(46)) - raft.server.log.appender.install.snapshot.enabled = true (default)
2022-05-08 08:52:19,840 [s1@group-79EE622B0DCB-LeaderElection7] INFO  server.RaftServerConfigKeys (ConfUtils.java:logGet(46)) - raft.server.log.appender.snapshot.chunk.size.max = 16MB (=16777216) (default)
2022-05-08 08:52:19,840 [s1@group-79EE622B0DCB-LeaderElection7] INFO  server.RaftServerConfigKeys (ConfUtils.java:logGet(46)) - raft.server.log.appender.buffer.byte-limit = 4MB (=4194304) (default)
2022-05-08 08:52:19,840 [s1@group-79EE622B0DCB-LeaderElection7] INFO  server.RaftServerConfigKeys (ConfUtils.java:logGet(46)) - raft.server.log.appender.buffer.element-limit = 0 (default)
2022-05-08 08:52:19,840 [s1@group-79EE622B0DCB-LeaderElection7] INFO  grpc.GrpcConfigKeys (ConfUtils.java:logGet(46)) - raft.grpc.server.leader.outstanding.appends.max = 128 (default)
2022-05-08 08:52:19,840 [s1@group-79EE622B0DCB-LeaderElection7] INFO  server.RaftServerConfigKeys (ConfUtils.java:logGet(46)) - raft.server.rpc.request.timeout = 3000ms (default)
2022-05-08 08:52:19,840 [s1@group-79EE622B0DCB-LeaderElection7] INFO  server.RaftServerConfigKeys (ConfUtils.java:logGet(46)) - raft.server.log.appender.install.snapshot.enabled = true (default)
2022-05-08 08:52:19,840 [s1@group-79EE622B0DCB-LeaderElection7] INFO  impl.RoleInfo (RoleInfo.java:updateAndGet(139)) - s1: start s1@group-79EE622B0DCB-LeaderStateImpl
2022-05-08 08:52:19,840 [s1@group-79EE622B0DCB-LeaderElection7] INFO  segmented.SegmentedRaftLogWorker (SegmentedRaftLogWorker.java:rollLogSegment(430)) - s1@group-79EE622B0DCB-SegmentedRaftLogWorker: Rolling segment log-29_96 to index:96
2022-05-08 08:52:19,844 [s1@group-79EE622B0DCB-SegmentedRaftLogWorker] TRACE util.FileUtils (LogUtils.java:runAndLog(49)) - Successfully ran Files.move /home/runner/work/ratis/ratis/ratis-test/target/test/data/4d59a56a/MiniRaftClusterWithRpcTypeGrpcAndDataStreamTypeNettyf98b5a90/s1/74a77927-ad9e-4784-b354-79ee622b0dcb/current/log_inprogress_29 to /home/runner/work/ratis/ratis/ratis-test/target/test/data/4d59a56a/MiniRaftClusterWithRpcTypeGrpcAndDataStreamTypeNettyf98b5a90/s1/74a77927-ad9e-4784-b354-79ee622b0dcb/current/log_29-96
2022-05-08 08:52:19,844 [s1@group-79EE622B0DCB-SegmentedRaftLogWorker] INFO  segmented.SegmentedRaftLogWorker (SegmentedRaftLogWorker.java:execute(586)) - s1@group-79EE622B0DCB-SegmentedRaftLogWorker: Rolled log segment from /home/runner/work/ratis/ratis/ratis-test/target/test/data/4d59a56a/MiniRaftClusterWithRpcTypeGrpcAndDataStreamTypeNettyf98b5a90/s1/74a77927-ad9e-4784-b354-79ee622b0dcb/current/log_inprogress_29 to /home/runner/work/ratis/ratis/ratis-test/target/test/data/4d59a56a/MiniRaftClusterWithRpcTypeGrpcAndDataStreamTypeNettyf98b5a90/s1/74a77927-ad9e-4784-b354-79ee622b0dcb/current/log_29-96
2022-05-08 08:52:19,935 [s1@group-79EE622B0DCB-SegmentedRaftLogWorker] INFO  segmented.SegmentedRaftLogWorker (SegmentedRaftLogWorker.java:execute(629)) - s1@group-79EE622B0DCB-SegmentedRaftLogWorker: created new log segment /home/runner/work/ratis/ratis/ratis-test/target/test/data/4d59a56a/MiniRaftClusterWithRpcTypeGrpcAndDataStreamTypeNettyf98b5a90/s1/74a77927-ad9e-4784-b354-79ee622b0dcb/current/log_inprogress_97
2022-05-08 08:52:19,936 [s1@group-79EE622B0DCB-LeaderElection7] INFO  server.RaftServer$Division (ServerState.java:setRaftConf(393)) - s1@group-79EE622B0DCB: set configuration 97: [s0|rpc:localhost:42959|admin:localhost:40575|client:localhost:33833|dataStream:localhost:36315|priority:0, s1|rpc:localhost:40643|admin:localhost:41257|client:localhost:45923|dataStream:localhost:35479|priority:0, s2|rpc:localhost:40737|admin:localhost:42805|client:localhost:34699|dataStream:localhost:41373|priority:0], old=null
2022-05-08 08:52:19,937 [s0@group-79EE622B0DCB-LeaderElection8] INFO  impl.LeaderElection (LeaderElection.java:logAndReturn(90)) - s0@group-79EE622B0DCB-LeaderElection8: ELECTION REJECTED received 2 response(s) and 0 exception(s):
2022-05-08 08:52:19,938 [s0@group-79EE622B0DCB-LeaderElection8] INFO  impl.LeaderElection (LeaderElection.java:logAndReturn(94)) -   Response 0: s0<-s1#0:FAIL-t3
2022-05-08 08:52:19,938 [s0@group-79EE622B0DCB-LeaderElection8] INFO  impl.LeaderElection (LeaderElection.java:logAndReturn(94)) -   Response 1: s0<-s2#0:FAIL-t3
2022-05-08 08:52:19,938 [s0@group-79EE622B0DCB-LeaderElection8] INFO  impl.LeaderElection (LeaderElection.java:askForVotes(312)) - s0@group-79EE622B0DCB-LeaderElection8 ELECTION round 0: result REJECTED
2022-05-08 08:52:19,938 [s0@group-79EE622B0DCB-LeaderElection8] INFO  server.RaftServer$Division (RaftServerImpl.java:setRole(293)) - s0@group-79EE622B0DCB: changes role from CANDIDATE to FOLLOWER at term 3 for REJECTED
2022-05-08 08:52:19,938 [s0@group-79EE622B0DCB-LeaderElection8] INFO  impl.RoleInfo (RoleInfo.java:shutdownLeaderElection(130)) - s0: shutdown s0@group-79EE622B0DCB-LeaderElection8
2022-05-08 08:52:19,938 [s0@group-79EE622B0DCB-LeaderElection8] INFO  impl.RoleInfo (RoleInfo.java:updateAndGet(139)) - s0: start s0@group-79EE622B0DCB-FollowerState
2022-05-08 08:52:19,971 [s0-server-thread1] INFO  server.RaftServer$Division (ServerState.java:setLeader(287)) - s0@group-79EE622B0DCB: change Leader from null to s1 at term 3 for appendEntries, leader elected after 362ms
2022-05-08 08:52:19,974 [s2-server-thread2] INFO  server.RaftServer$Division (ServerState.java:setLeader(287)) - s2@group-79EE622B0DCB: change Leader from null to s1 at term 3 for appendEntries, leader elected after 150ms
2022-05-08 08:52:19,975 [s0-server-thread1] INFO  server.RaftServer$Division (ServerState.java:setRaftConf(393)) - s0@group-79EE622B0DCB: set configuration 97: [s0|rpc:localhost:42959|admin:localhost:40575|client:localhost:33833|dataStream:localhost:36315|priority:0, s1|rpc:localhost:40643|admin:localhost:41257|client:localhost:45923|dataStream:localhost:35479|priority:0, s2|rpc:localhost:40737|admin:localhost:42805|client:localhost:34699|dataStream:localhost:41373|priority:0], old=null
2022-05-08 08:52:19,975 [s0-server-thread1] INFO  segmented.SegmentedRaftLogWorker (SegmentedRaftLogWorker.java:rollLogSegment(430)) - s0@group-79EE622B0DCB-SegmentedRaftLogWorker: Rolling segment log-29_96 to index:96
2022-05-08 08:52:19,976 [s0@group-79EE622B0DCB-SegmentedRaftLogWorker] TRACE util.FileUtils (LogUtils.java:runAndLog(49)) - Successfully ran Files.move /home/runner/work/ratis/ratis/ratis-test/target/test/data/4d59a56a/MiniRaftClusterWithRpcTypeGrpcAndDataStreamTypeNettyf98b5a90/s0/74a77927-ad9e-4784-b354-79ee622b0dcb/current/log_inprogress_29 to /home/runner/work/ratis/ratis/ratis-test/target/test/data/4d59a56a/MiniRaftClusterWithRpcTypeGrpcAndDataStreamTypeNettyf98b5a90/s0/74a77927-ad9e-4784-b354-79ee622b0dcb/current/log_29-96
2022-05-08 08:52:19,976 [s0@group-79EE622B0DCB-SegmentedRaftLogWorker] INFO  segmented.SegmentedRaftLogWorker (SegmentedRaftLogWorker.java:execute(586)) - s0@group-79EE622B0DCB-SegmentedRaftLogWorker: Rolled log segment from /home/runner/work/ratis/ratis/ratis-test/target/test/data/4d59a56a/MiniRaftClusterWithRpcTypeGrpcAndDataStreamTypeNettyf98b5a90/s0/74a77927-ad9e-4784-b354-79ee622b0dcb/current/log_inprogress_29 to /home/runner/work/ratis/ratis/ratis-test/target/test/data/4d59a56a/MiniRaftClusterWithRpcTypeGrpcAndDataStreamTypeNettyf98b5a90/s0/74a77927-ad9e-4784-b354-79ee622b0dcb/current/log_29-96
2022-05-08 08:52:19,987 [s0@group-79EE622B0DCB-SegmentedRaftLogWorker] INFO  segmented.SegmentedRaftLogWorker (SegmentedRaftLogWorker.java:execute(629)) - s0@group-79EE622B0DCB-SegmentedRaftLogWorker: created new log segment /home/runner/work/ratis/ratis/ratis-test/target/test/data/4d59a56a/MiniRaftClusterWithRpcTypeGrpcAndDataStreamTypeNettyf98b5a90/s0/74a77927-ad9e-4784-b354-79ee622b0dcb/current/log_inprogress_97
2022-05-08 08:52:19,994 [s2-server-thread2] INFO  server.RaftServer$Division (ServerState.java:setRaftConf(393)) - s2@group-79EE622B0DCB: set configuration 97: [s0|rpc:localhost:42959|admin:localhost:40575|client:localhost:33833|dataStream:localhost:36315|priority:0, s1|rpc:localhost:40643|admin:localhost:41257|client:localhost:45923|dataStream:localhost:35479|priority:0, s2|rpc:localhost:40737|admin:localhost:42805|client:localhost:34699|dataStream:localhost:41373|priority:0], old=null
2022-05-08 08:52:19,994 [s2-server-thread2] INFO  segmented.SegmentedRaftLogWorker (SegmentedRaftLogWorker.java:rollLogSegment(430)) - s2@group-79EE622B0DCB-SegmentedRaftLogWorker: Rolling segment log-29_96 to index:96
2022-05-08 08:52:19,995 [s2@group-79EE622B0DCB-SegmentedRaftLogWorker] TRACE util.FileUtils (LogUtils.java:runAndLog(49)) - Successfully ran Files.move /home/runner/work/ratis/ratis/ratis-test/target/test/data/4d59a56a/MiniRaftClusterWithRpcTypeGrpcAndDataStreamTypeNettyf98b5a90/s2/74a77927-ad9e-4784-b354-79ee622b0dcb/current/log_inprogress_29 to /home/runner/work/ratis/ratis/ratis-test/target/test/data/4d59a56a/MiniRaftClusterWithRpcTypeGrpcAndDataStreamTypeNettyf98b5a90/s2/74a77927-ad9e-4784-b354-79ee622b0dcb/current/log_29-96
2022-05-08 08:52:19,995 [s2@group-79EE622B0DCB-SegmentedRaftLogWorker] INFO  segmented.SegmentedRaftLogWorker (SegmentedRaftLogWorker.java:execute(586)) - s2@group-79EE622B0DCB-SegmentedRaftLogWorker: Rolled log segment from /home/runner/work/ratis/ratis/ratis-test/target/test/data/4d59a56a/MiniRaftClusterWithRpcTypeGrpcAndDataStreamTypeNettyf98b5a90/s2/74a77927-ad9e-4784-b354-79ee622b0dcb/current/log_inprogress_29 to /home/runner/work/ratis/ratis/ratis-test/target/test/data/4d59a56a/MiniRaftClusterWithRpcTypeGrpcAndDataStreamTypeNettyf98b5a90/s2/74a77927-ad9e-4784-b354-79ee622b0dcb/current/log_29-96
2022-05-08 08:52:20,025 [s2@group-79EE622B0DCB-SegmentedRaftLogWorker] INFO  segmented.SegmentedRaftLogWorker (SegmentedRaftLogWorker.java:execute(629)) - s2@group-79EE622B0DCB-SegmentedRaftLogWorker: created new log segment /home/runner/work/ratis/ratis/ratis-test/target/test/data/4d59a56a/MiniRaftClusterWithRpcTypeGrpcAndDataStreamTypeNettyf98b5a90/s2/74a77927-ad9e-4784-b354-79ee622b0dcb/current/log_inprogress_97
2022-05-08 08:52:20,233 [s1-client-thread1] INFO  statemachine.StateMachine (DataStreamTestUtils.java:link(157)) - link null
2022-05-08 08:52:20,407 [s1-client-thread2] INFO  statemachine.StateMachine (DataStreamTestUtils.java:link(157)) - link SingleDataStream: writeRequest=RaftClientRequest:client-5E8A48055DD4->s2@group-79EE622B0DCB, cid=375, seq=0, DataStream, Message:<EMPTY>, logEntry=null
2022-05-08 08:52:20,416 [s0-server-thread1] INFO  statemachine.StateMachine (DataStreamTestUtils.java:link(157)) - link null
2022-05-08 08:52:20,416 [s0-server-thread1] INFO  statemachine.StateMachine (DataStreamTestUtils.java:link(157)) - link SingleDataStream: writeRequest=RaftClientRequest:client-5E8A48055DD4->s2@group-79EE622B0DCB, cid=375, seq=0, DataStream, Message:<EMPTY>, logEntry=null
2022-05-08 08:52:20,424 [s2-server-thread2] INFO  statemachine.StateMachine (DataStreamTestUtils.java:link(157)) - link null
2022-05-08 08:52:20,424 [s2-server-thread2] INFO  statemachine.StateMachine (DataStreamTestUtils.java:link(157)) - link SingleDataStream: writeRequest=RaftClientRequest:client-5E8A48055DD4->s2@group-79EE622B0DCB, cid=375, seq=0, DataStream, Message:<EMPTY>, logEntry=null
2022-05-08 08:52:21,435 [Timer-2] INFO  impl.MiniRaftCluster (MiniRaftCluster.java:lambda$null$6(325)) - TIMED-PRINT: printing ALL groups
  s0:  RUNNING  FOLLOWER s0@group-79EE622B0DCB:t3, leader=s1, voted=s0, raftlog=s0@group-79EE622B0DCB-SegmentedRaftLog:OPENED:c98, conf=97: [s0|rpc:localhost:42959|admin:localhost:40575|client:localhost:33833|dataStream:localhost:36315|priority:0, s1|rpc:localhost:40643|admin:localhost:41257|client:localhost:45923|dataStream:localhost:35479|priority:0, s2|rpc:localhost:40737|admin:localhost:42805|client:localhost:34699|dataStream:localhost:41373|priority:0], old=null RUNNING
  s1:  RUNNING    LEADER s1@group-79EE622B0DCB:t3, leader=s1, voted=s1, raftlog=s1@group-79EE622B0DCB-SegmentedRaftLog:OPENED:c98, conf=97: [s0|rpc:localhost:42959|admin:localhost:40575|client:localhost:33833|dataStream:localhost:36315|priority:0, s1|rpc:localhost:40643|admin:localhost:41257|client:localhost:45923|dataStream:localhost:35479|priority:0, s2|rpc:localhost:40737|admin:localhost:42805|client:localhost:34699|dataStream:localhost:41373|priority:0], old=null RUNNING
  s2:  RUNNING  FOLLOWER s2@group-79EE622B0DCB:t3, leader=s1, voted=s1, raftlog=s2@group-79EE622B0DCB-SegmentedRaftLog:OPENED:c98, conf=97: [s0|rpc:localhost:42959|admin:localhost:40575|client:localhost:33833|dataStream:localhost:36315|priority:0, s1|rpc:localhost:40643|admin:localhost:41257|client:localhost:45923|dataStream:localhost:35479|priority:0, s2|rpc:localhost:40737|admin:localhost:42805|client:localhost:34699|dataStream:localhost:41373|priority:0], old=null RUNNING
2022-05-08 08:52:23,386 [pool-9-thread-10] INFO  datastream.DataStreamTestUtils (DataStreamTestUtils.java:writeAndCloseAndAssertReplies(320)) - Stream391: bytesWritten=3751592
2022-05-08 08:52:23,510 [s1-client-thread2] INFO  statemachine.StateMachine (DataStreamTestUtils.java:link(157)) - link SingleDataStream: writeRequest=RaftClientRequest:client-31DDC6E78BED->s1@group-79EE622B0DCB, cid=391, seq=0, DataStream, Message:<EMPTY>, logEntry=null
2022-05-08 08:52:23,511 [s2-server-thread2] INFO  statemachine.StateMachine (DataStreamTestUtils.java:link(157)) - link SingleDataStream: writeRequest=RaftClientRequest:client-31DDC6E78BED->s1@group-79EE622B0DCB, cid=391, seq=0, DataStream, Message:<EMPTY>, logEntry=null
2022-05-08 08:52:23,512 [s0-server-thread1] INFO  statemachine.StateMachine (DataStreamTestUtils.java:link(157)) - link SingleDataStream: writeRequest=RaftClientRequest:client-31DDC6E78BED->s1@group-79EE622B0DCB, cid=391, seq=0, DataStream, Message:<EMPTY>, logEntry=null
2022-05-08 08:52:23,544 [pool-9-thread-12] INFO  datastream.DataStreamTestUtils (DataStreamTestUtils.java:writeAndCloseAndAssertReplies(320)) - Stream390: bytesWritten=3746672
2022-05-08 08:52:23,733 [pool-9-thread-13] INFO  datastream.DataStreamTestUtils (DataStreamTestUtils.java:writeAndCloseAndAssertReplies(320)) - Stream369: bytesWritten=3754345
2022-05-08 08:52:24,409 [pool-9-thread-11] INFO  datastream.DataStreamTestUtils (DataStreamTestUtils.java:writeAndCloseAndAssertReplies(320)) - Stream392: bytesWritten=3752554
2022-05-08 08:52:24,413 [pool-9-thread-14] INFO  datastream.DataStreamTestUtils (DataStreamTestUtils.java:writeAndCloseAndAssertReplies(320)) - Stream393: bytesWritten=3759439
2022-05-08 08:52:26,287 [java.util.concurrent.ThreadPoolExecutor$Worker@6d57248a[State = -1, empty queue]] WARN  grpc.GrpcUtil (GrpcUtil.java:shutdownManagedChannel(216)) - Timed out gracefully shutting down connection: ManagedChannelOrphanWrapper{delegate=ManagedChannelImpl{logId=272, target=localhost:45923}}. 
2022-05-08 08:52:29,293 [java.util.concurrent.ThreadPoolExecutor$Worker@6d57248a[State = -1, empty queue]] WARN  grpc.GrpcUtil (GrpcUtil.java:shutdownManagedChannel(216)) - Timed out gracefully shutting down connection: ManagedChannelOrphanWrapper{delegate=ManagedChannelImpl{logId=276, target=localhost:45923}}. 
2022-05-08 08:52:29,300 [java.util.concurrent.ThreadPoolExecutor$Worker@6d57248a[State = -1, empty queue]] WARN  server.GrpcLogAppender (GrpcLogAppender.java:timeoutAppendRequest(239)) - s1@group-79EE622B0DCB->s0-GrpcLogAppender:  appendEntries Timeout, request=AppendEntriesRequest:cid=18,entriesCount=2,lastEntry=(t:3, i:100)
2022-05-08 08:52:29,301 [java.util.concurrent.ThreadPoolExecutor$Worker@6d57248a[State = -1, empty queue]] WARN  server.GrpcLogAppender (GrpcLogAppender.java:timeoutAppendRequest(239)) - s1@group-79EE622B0DCB->s2-GrpcLogAppender:  appendEntries Timeout, request=AppendEntriesRequest:cid=22,entriesCount=2,lastEntry=(t:3, i:100)
2022-05-08 08:52:29,500 [java.util.concurrent.ThreadPoolExecutor$Worker@2ea36e1b[State = -1, empty queue]] WARN  grpc.GrpcUtil (GrpcUtil.java:shutdownManagedChannel(216)) - Timed out gracefully shutting down connection: ManagedChannelOrphanWrapper{delegate=ManagedChannelImpl{logId=293, target=localhost:45923}}. 
2022-05-08 08:52:29,506 [java.util.concurrent.ThreadPoolExecutor$Worker@2ea36e1b[State = -1, empty queue]] WARN  server.GrpcLogAppender (GrpcLogAppender.java:timeoutAppendRequest(239)) - s1@group-79EE622B0DCB->s0-GrpcLogAppender:  appendEntries Timeout, request=AppendEntriesRequest:cid=52,entriesCount=1,lastEntry=(t:3, i:101)
2022-05-08 08:52:29,507 [java.util.concurrent.ThreadPoolExecutor$Worker@2ea36e1b[State = -1, empty queue]] WARN  server.GrpcLogAppender (GrpcLogAppender.java:timeoutAppendRequest(239)) - s1@group-79EE622B0DCB->s2-GrpcLogAppender:  appendEntries Timeout, request=AppendEntriesRequest:cid=57,entriesCount=1,lastEntry=(t:3, i:101)
2022-05-08 08:52:31,435 [Timer-2] INFO  impl.MiniRaftCluster (MiniRaftCluster.java:lambda$null$6(325)) - TIMED-PRINT: printing ALL groups
  s0:  RUNNING  FOLLOWER s0@group-79EE622B0DCB:t3, leader=s1, voted=s0, raftlog=s0@group-79EE622B0DCB-SegmentedRaftLog:OPENED:c98, conf=97: [s0|rpc:localhost:42959|admin:localhost:40575|client:localhost:33833|dataStream:localhost:36315|priority:0, s1|rpc:localhost:40643|admin:localhost:41257|client:localhost:45923|dataStream:localhost:35479|priority:0, s2|rpc:localhost:40737|admin:localhost:42805|client:localhost:34699|dataStream:localhost:41373|priority:0], old=null RUNNING
  s1:  RUNNING    LEADER s1@group-79EE622B0DCB:t3, leader=s1, voted=s1, raftlog=s1@group-79EE622B0DCB-SegmentedRaftLog:OPENED:c98, conf=97: [s0|rpc:localhost:42959|admin:localhost:40575|client:localhost:33833|dataStream:localhost:36315|priority:0, s1|rpc:localhost:40643|admin:localhost:41257|client:localhost:45923|dataStream:localhost:35479|priority:0, s2|rpc:localhost:40737|admin:localhost:42805|client:localhost:34699|dataStream:localhost:41373|priority:0], old=null RUNNING
  s2:  RUNNING  FOLLOWER s2@group-79EE622B0DCB:t3, leader=s1, voted=s1, raftlog=s2@group-79EE622B0DCB-SegmentedRaftLog:OPENED:c98, conf=97: [s0|rpc:localhost:42959|admin:localhost:40575|client:localhost:33833|dataStream:localhost:36315|priority:0, s1|rpc:localhost:40643|admin:localhost:41257|client:localhost:45923|dataStream:localhost:35479|priority:0, s2|rpc:localhost:40737|admin:localhost:42805|client:localhost:34699|dataStream:localhost:41373|priority:0], old=null RUNNING
2022-05-08 08:52:32,315 [java.util.concurrent.ThreadPoolExecutor$Worker@387d6185[State = -1, empty queue]] WARN  grpc.GrpcUtil (GrpcUtil.java:shutdownManagedChannel(216)) - Timed out gracefully shutting down connection: ManagedChannelOrphanWrapper{delegate=ManagedChannelImpl{logId=307, target=localhost:45923}}. 
2022-05-08 08:52:35,342 [java.util.concurrent.ThreadPoolExecutor$Worker@7f6e9f2d[State = -1, empty queue]] WARN  grpc.GrpcUtil (GrpcUtil.java:shutdownManagedChannel(216)) - Timed out gracefully shutting down connection: ManagedChannelOrphanWrapper{delegate=ManagedChannelImpl{logId=321, target=localhost:45923}}. 
2022-05-08 08:52:35,532 [java.util.concurrent.ThreadPoolExecutor$Worker@4f92f48[State = -1, empty queue]] WARN  grpc.GrpcUtil (GrpcUtil.java:shutdownManagedChannel(216)) - Timed out gracefully shutting down connection: ManagedChannelOrphanWrapper{delegate=ManagedChannelImpl{logId=335, target=localhost:45923}}. 
2022-05-08 08:52:38,039 [java.util.concurrent.ThreadPoolExecutor$Worker@5ad185d5[State = -1, empty queue]] ERROR impl.OrderedStreamAsync (OrderedStreamAsync.java:lambda$sendRequest$2(132)) - Failed to send request, header=DataStreamRequestHeader:clientId=client-37CCB68DA803,type=STREAM_DATA,id=419,offset=8111558,length=0
org.apache.ratis.protocol.exceptions.TimeoutIOException: Timeout 10000ms: Failed to send DataStreamWindowRequest:seqNum=12,DataStreamRequestHeader:clientId=client-37CCB68DA803,type=STREAM_DATA,id=419,offset=8111558,length=0
	at org.apache.ratis.client.impl.OrderedStreamAsync.lambda$scheduleWithTimeout$7(OrderedStreamAsync.java:172)
	at org.apache.ratis.util.TimeoutScheduler.lambda$onTimeout$0(TimeoutScheduler.java:141)
	at org.apache.ratis.util.TimeoutScheduler.lambda$onTimeout$1(TimeoutScheduler.java:155)
	at org.apache.ratis.util.LogUtils.runAndLog(LogUtils.java:38)
	at org.apache.ratis.util.LogUtils$1.run(LogUtils.java:79)
	at java.util.concurrent.Executors$RunnableAdapter.call(Executors.java:511)
	at java.util.concurrent.FutureTask.run(FutureTask.java:266)
	at java.util.concurrent.ScheduledThreadPoolExecutor$ScheduledFutureTask.access$201(ScheduledThreadPoolExecutor.java:180)
	at java.util.concurrent.ScheduledThreadPoolExecutor$ScheduledFutureTask.run(ScheduledThreadPoolExecutor.java:293)
	at java.util.concurrent.ThreadPoolExecutor.runWorker(ThreadPoolExecutor.java:1149)
	at java.util.concurrent.ThreadPoolExecutor$Worker.run(ThreadPoolExecutor.java:624)
	at java.lang.Thread.run(Thread.java:750)
2022-05-08 08:52:38,040 [pool-9-thread-5] INFO  datastream.DataStreamTestUtils (DataStreamTestUtils.java:writeAndCloseAndAssertReplies(311)) - start Stream394
2022-05-08 08:52:38,044 [pool-9-thread-7] INFO  datastream.DataStreamTestUtils (DataStreamTestUtils.java:writeAndCloseAndAssertReplies(311)) - start Stream425
2022-05-08 08:52:38,347 [java.util.concurrent.ThreadPoolExecutor$Worker@1b7b6fa9[State = -1, empty queue]] WARN  grpc.GrpcUtil (GrpcUtil.java:shutdownManagedChannel(216)) - Timed out gracefully shutting down connection: ManagedChannelOrphanWrapper{delegate=ManagedChannelImpl{logId=349, target=localhost:45923}}. 
2022-05-08 08:52:39,214 [java.util.concurrent.ThreadPoolExecutor$Worker@5ad185d5[State = -1, empty queue]] ERROR impl.OrderedStreamAsync (OrderedStreamAsync.java:lambda$sendRequest$2(132)) - Failed to send request, header=DataStreamRequestHeader:clientId=client-37CCB68DA803,type=STREAM_DATA,id=420,offset=7527645,length=0
org.apache.ratis.protocol.exceptions.TimeoutIOException: Timeout 10000ms: Failed to send DataStreamWindowRequest:seqNum=12,DataStreamRequestHeader:clientId=client-37CCB68DA803,type=STREAM_DATA,id=420,offset=7527645,length=0
	at org.apache.ratis.client.impl.OrderedStreamAsync.lambda$scheduleWithTimeout$7(OrderedStreamAsync.java:172)
	at org.apache.ratis.util.TimeoutScheduler.lambda$onTimeout$0(TimeoutScheduler.java:141)
	at org.apache.ratis.util.TimeoutScheduler.lambda$onTimeout$1(TimeoutScheduler.java:155)
	at org.apache.ratis.util.LogUtils.runAndLog(LogUtils.java:38)
	at org.apache.ratis.util.LogUtils$1.run(LogUtils.java:79)
	at java.util.concurrent.Executors$RunnableAdapter.call(Executors.java:511)
	at java.util.concurrent.FutureTask.run(FutureTask.java:266)
	at java.util.concurrent.ScheduledThreadPoolExecutor$ScheduledFutureTask.access$201(ScheduledThreadPoolExecutor.java:180)
	at java.util.concurrent.ScheduledThreadPoolExecutor$ScheduledFutureTask.run(ScheduledThreadPoolExecutor.java:293)
	at java.util.concurrent.ThreadPoolExecutor.runWorker(ThreadPoolExecutor.java:1149)
	at java.util.concurrent.ThreadPoolExecutor$Worker.run(ThreadPoolExecutor.java:624)
	at java.lang.Thread.run(Thread.java:750)
2022-05-08 08:52:39,215 [pool-9-thread-15] INFO  datastream.DataStreamTestUtils (DataStreamTestUtils.java:writeAndCloseAndAssertReplies(311)) - start Stream426
2022-05-08 08:52:39,231 [java.util.concurrent.ThreadPoolExecutor$Worker@5ad185d5[State = -1, empty queue]] ERROR impl.OrderedStreamAsync (OrderedStreamAsync.java:lambda$sendRequest$2(132)) - Failed to send request, header=DataStreamRequestHeader:clientId=client-37CCB68DA803,type=STREAM_DATA,id=421,offset=7778458,length=0
org.apache.ratis.protocol.exceptions.TimeoutIOException: Timeout 10000ms: Failed to send DataStreamWindowRequest:seqNum=12,DataStreamRequestHeader:clientId=client-37CCB68DA803,type=STREAM_DATA,id=421,offset=7778458,length=0
	at org.apache.ratis.client.impl.OrderedStreamAsync.lambda$scheduleWithTimeout$7(OrderedStreamAsync.java:172)
	at org.apache.ratis.util.TimeoutScheduler.lambda$onTimeout$0(TimeoutScheduler.java:141)
	at org.apache.ratis.util.TimeoutScheduler.lambda$onTimeout$1(TimeoutScheduler.java:155)
	at org.apache.ratis.util.LogUtils.runAndLog(LogUtils.java:38)
	at org.apache.ratis.util.LogUtils$1.run(LogUtils.java:79)
	at java.util.concurrent.Executors$RunnableAdapter.call(Executors.java:511)
	at java.util.concurrent.FutureTask.run(FutureTask.java:266)
	at java.util.concurrent.ScheduledThreadPoolExecutor$ScheduledFutureTask.access$201(ScheduledThreadPoolExecutor.java:180)
	at java.util.concurrent.ScheduledThreadPoolExecutor$ScheduledFutureTask.run(ScheduledThreadPoolExecutor.java:293)
	at java.util.concurrent.ThreadPoolExecutor.runWorker(ThreadPoolExecutor.java:1149)
	at java.util.concurrent.ThreadPoolExecutor$Worker.run(ThreadPoolExecutor.java:624)
	at java.lang.Thread.run(Thread.java:750)
2022-05-08 08:52:39,231 [pool-9-thread-9] INFO  datastream.DataStreamTestUtils (DataStreamTestUtils.java:writeAndCloseAndAssertReplies(311)) - start Stream427
2022-05-08 08:52:39,233 [java.util.concurrent.ThreadPoolExecutor$Worker@5ad185d5[State = -1, empty queue]] ERROR impl.OrderedStreamAsync (OrderedStreamAsync.java:lambda$sendRequest$2(132)) - Failed to send request, header=DataStreamRequestHeader:clientId=client-37CCB68DA803,type=STREAM_DATA,id=422,offset=7057372,length=0
org.apache.ratis.protocol.exceptions.TimeoutIOException: Timeout 10000ms: Failed to send DataStreamWindowRequest:seqNum=12,DataStreamRequestHeader:clientId=client-37CCB68DA803,type=STREAM_DATA,id=422,offset=7057372,length=0
	at org.apache.ratis.client.impl.OrderedStreamAsync.lambda$scheduleWithTimeout$7(OrderedStreamAsync.java:172)
	at org.apache.ratis.util.TimeoutScheduler.lambda$onTimeout$0(TimeoutScheduler.java:141)
	at org.apache.ratis.util.TimeoutScheduler.lambda$onTimeout$1(TimeoutScheduler.java:155)
	at org.apache.ratis.util.LogUtils.runAndLog(LogUtils.java:38)
	at org.apache.ratis.util.LogUtils$1.run(LogUtils.java:79)
	at java.util.concurrent.Executors$RunnableAdapter.call(Executors.java:511)
	at java.util.concurrent.FutureTask.run(FutureTask.java:266)
	at java.util.concurrent.ScheduledThreadPoolExecutor$ScheduledFutureTask.access$201(ScheduledThreadPoolExecutor.java:180)
	at java.util.concurrent.ScheduledThreadPoolExecutor$ScheduledFutureTask.run(ScheduledThreadPoolExecutor.java:293)
	at java.util.concurrent.ThreadPoolExecutor.runWorker(ThreadPoolExecutor.java:1149)
	at java.util.concurrent.ThreadPoolExecutor$Worker.run(ThreadPoolExecutor.java:624)
	at java.lang.Thread.run(Thread.java:750)
2022-05-08 08:52:39,234 [pool-9-thread-16] INFO  datastream.DataStreamTestUtils (DataStreamTestUtils.java:writeAndCloseAndAssertReplies(311)) - start Stream428
2022-05-08 08:52:39,305 [java.util.concurrent.ThreadPoolExecutor$Worker@287f23df[State = -1, empty queue]] ERROR impl.OrderedStreamAsync (OrderedStreamAsync.java:lambda$sendRequest$2(132)) - Failed to send request, header=DataStreamRequestHeader:clientId=client-5E8A48055DD4,type=STREAM_DATA,id=375,offset=8096184,length=0
org.apache.ratis.protocol.exceptions.TimeoutIOException: Timeout 10000ms: Failed to send DataStreamWindowRequest:seqNum=12,DataStreamRequestHeader:clientId=client-5E8A48055DD4,type=STREAM_DATA,id=375,offset=8096184,length=0
	at org.apache.ratis.client.impl.OrderedStreamAsync.lambda$scheduleWithTimeout$7(OrderedStreamAsync.java:172)
	at org.apache.ratis.util.TimeoutScheduler.lambda$onTimeout$0(TimeoutScheduler.java:141)
	at org.apache.ratis.util.TimeoutScheduler.lambda$onTimeout$1(TimeoutScheduler.java:155)
	at org.apache.ratis.util.LogUtils.runAndLog(LogUtils.java:38)
	at org.apache.ratis.util.LogUtils$1.run(LogUtils.java:79)
	at java.util.concurrent.Executors$RunnableAdapter.call(Executors.java:511)
	at java.util.concurrent.FutureTask.run(FutureTask.java:266)
	at java.util.concurrent.ScheduledThreadPoolExecutor$ScheduledFutureTask.access$201(ScheduledThreadPoolExecutor.java:180)
	at java.util.concurrent.ScheduledThreadPoolExecutor$ScheduledFutureTask.run(ScheduledThreadPoolExecutor.java:293)
	at java.util.concurrent.ThreadPoolExecutor.runWorker(ThreadPoolExecutor.java:1149)
	at java.util.concurrent.ThreadPoolExecutor$Worker.run(ThreadPoolExecutor.java:624)
	at java.lang.Thread.run(Thread.java:750)
2022-05-08 08:52:39,305 [pool-9-thread-8] INFO  datastream.DataStreamTestUtils (DataStreamTestUtils.java:writeAndCloseAndAssertReplies(311)) - start Stream429
2022-05-08 08:52:39,322 [pool-9-thread-6] INFO  datastream.DataStreamTestUtils (DataStreamTestUtils.java:writeAndCloseAndAssertReplies(311)) - start Stream430
2022-05-08 08:52:39,322 [pool-9-thread-1] INFO  datastream.DataStreamTestUtils (DataStreamTestUtils.java:writeAndCloseAndAssertReplies(311)) - start Stream431
2022-05-08 08:52:39,322 [Time-limited test] INFO  impl.MiniRaftCluster (MiniRaftCluster.java:runWithNewCluster(127)) - printing ALL groups
  s0:  RUNNING  FOLLOWER s0@group-79EE622B0DCB:t3, leader=s1, voted=s0, raftlog=s0@group-79EE622B0DCB-SegmentedRaftLog:OPENED:c98, conf=97: [s0|rpc:localhost:42959|admin:localhost:40575|client:localhost:33833|dataStream:localhost:36315|priority:0, s1|rpc:localhost:40643|admin:localhost:41257|client:localhost:45923|dataStream:localhost:35479|priority:0, s2|rpc:localhost:40737|admin:localhost:42805|client:localhost:34699|dataStream:localhost:41373|priority:0], old=null RUNNING
  s1:  RUNNING    LEADER s1@group-79EE622B0DCB:t3, leader=s1, voted=s1, raftlog=s1@group-79EE622B0DCB-SegmentedRaftLog:OPENED:c98, conf=97: [s0|rpc:localhost:42959|admin:localhost:40575|client:localhost:33833|dataStream:localhost:36315|priority:0, s1|rpc:localhost:40643|admin:localhost:41257|client:localhost:45923|dataStream:localhost:35479|priority:0, s2|rpc:localhost:40737|admin:localhost:42805|client:localhost:34699|dataStream:localhost:41373|priority:0], old=null RUNNING
  s2:  RUNNING  FOLLOWER s2@group-79EE622B0DCB:t3, leader=s1, voted=s1, raftlog=s2@group-79EE622B0DCB-SegmentedRaftLog:OPENED:c98, conf=97: [s0|rpc:localhost:42959|admin:localhost:40575|client:localhost:33833|dataStream:localhost:36315|priority:0, s1|rpc:localhost:40643|admin:localhost:41257|client:localhost:45923|dataStream:localhost:35479|priority:0, s2|rpc:localhost:40737|admin:localhost:42805|client:localhost:34699|dataStream:localhost:41373|priority:0], old=null RUNNING
2022-05-08 08:52:39,323 [Time-limited test] ERROR impl.MiniRaftCluster (MiniRaftCluster.java:runWithNewCluster(128)) - Failed org.apache.ratis.server.impl.MiniRaftCluster$Factory$Get.runWithNewCluster(MiniRaftCluster.java:113)
java.util.concurrent.CompletionException: org.apache.ratis.protocol.exceptions.TimeoutIOException: Timeout 10000ms: Failed to send DataStreamWindowRequest:seqNum=12,DataStreamRequestHeader:clientId=client-5E8A48055DD4,type=STREAM_DATA,id=375,offset=8096184,length=0
	at java.util.concurrent.CompletableFuture.encodeThrowable(CompletableFuture.java:292)
	at java.util.concurrent.CompletableFuture.completeThrowable(CompletableFuture.java:308)
	at java.util.concurrent.CompletableFuture.uniWhenComplete(CompletableFuture.java:783)
	at java.util.concurrent.CompletableFuture$UniWhenComplete.tryFire(CompletableFuture.java:750)
	at java.util.concurrent.CompletableFuture.postComplete(CompletableFuture.java:488)
	at java.util.concurrent.CompletableFuture.completeExceptionally(CompletableFuture.java:1990)
	at org.apache.ratis.client.impl.OrderedStreamAsync.lambda$scheduleWithTimeout$7(OrderedStreamAsync.java:172)
	at org.apache.ratis.util.TimeoutScheduler.lambda$onTimeout$0(TimeoutScheduler.java:141)
	at org.apache.ratis.util.TimeoutScheduler.lambda$onTimeout$1(TimeoutScheduler.java:155)
	at org.apache.ratis.util.LogUtils.runAndLog(LogUtils.java:38)
	at org.apache.ratis.util.LogUtils$1.run(LogUtils.java:79)
	at java.util.concurrent.Executors$RunnableAdapter.call(Executors.java:511)
	at java.util.concurrent.FutureTask.run(FutureTask.java:266)
	at java.util.concurrent.ScheduledThreadPoolExecutor$ScheduledFutureTask.access$201(ScheduledThreadPoolExecutor.java:180)
	at java.util.concurrent.ScheduledThreadPoolExecutor$ScheduledFutureTask.run(ScheduledThreadPoolExecutor.java:293)
	at java.util.concurrent.ThreadPoolExecutor.runWorker(ThreadPoolExecutor.java:1149)
	at java.util.concurrent.ThreadPoolExecutor$Worker.run(ThreadPoolExecutor.java:624)
	at java.lang.Thread.run(Thread.java:750)
Caused by: org.apache.ratis.protocol.exceptions.TimeoutIOException: Timeout 10000ms: Failed to send DataStreamWindowRequest:seqNum=12,DataStreamRequestHeader:clientId=client-5E8A48055DD4,type=STREAM_DATA,id=375,offset=8096184,length=0
	... 12 more
2022-05-08 08:52:39,329 [Time-limited test] INFO  impl.MiniRaftCluster (MiniRaftCluster.java:shutdown(760)) - ************************************************************** 
2022-05-08 08:52:39,329 [Time-limited test] INFO  impl.MiniRaftCluster (MiniRaftCluster.java:shutdown(761)) - *** 
2022-05-08 08:52:39,329 [Time-limited test] INFO  impl.MiniRaftCluster (MiniRaftCluster.java:shutdown(762)) - ***     Stopping MiniRaftClusterWithRpcTypeGrpcAndDataStreamTypeNetty
2022-05-08 08:52:39,329 [Time-limited test] INFO  impl.MiniRaftCluster (MiniRaftCluster.java:shutdown(763)) - *** 
2022-05-08 08:52:39,329 [Time-limited test] INFO  impl.MiniRaftCluster (MiniRaftCluster.java:shutdown(764)) - ************************************************************** 
2022-05-08 08:52:39,330 [Time-limited test] INFO  impl.MiniRaftCluster (MiniRaftCluster.java:shutdown(765)) - printing ALL groups
  s0:  RUNNING  FOLLOWER s0@group-79EE622B0DCB:t3, leader=s1, voted=s0, raftlog=s0@group-79EE622B0DCB-SegmentedRaftLog:OPENED:c98, conf=97: [s0|rpc:localhost:42959|admin:localhost:40575|client:localhost:33833|dataStream:localhost:36315|priority:0, s1|rpc:localhost:40643|admin:localhost:41257|client:localhost:45923|dataStream:localhost:35479|priority:0, s2|rpc:localhost:40737|admin:localhost:42805|client:localhost:34699|dataStream:localhost:41373|priority:0], old=null RUNNING
  s1:  RUNNING    LEADER s1@group-79EE622B0DCB:t3, leader=s1, voted=s1, raftlog=s1@group-79EE622B0DCB-SegmentedRaftLog:OPENED:c98, conf=97: [s0|rpc:localhost:42959|admin:localhost:40575|client:localhost:33833|dataStream:localhost:36315|priority:0, s1|rpc:localhost:40643|admin:localhost:41257|client:localhost:45923|dataStream:localhost:35479|priority:0, s2|rpc:localhost:40737|admin:localhost:42805|client:localhost:34699|dataStream:localhost:41373|priority:0], old=null RUNNING
  s2:  RUNNING  FOLLOWER s2@group-79EE622B0DCB:t3, leader=s1, voted=s1, raftlog=s2@group-79EE622B0DCB-SegmentedRaftLog:OPENED:c98, conf=97: [s0|rpc:localhost:42959|admin:localhost:40575|client:localhost:33833|dataStream:localhost:36315|priority:0, s1|rpc:localhost:40643|admin:localhost:41257|client:localhost:45923|dataStream:localhost:35479|priority:0, s2|rpc:localhost:40737|admin:localhost:42805|client:localhost:34699|dataStream:localhost:41373|priority:0], old=null RUNNING
2022-05-08 08:52:39,331 [java.util.concurrent.ThreadPoolExecutor$Worker@59525e73[State = -1, empty queue]] INFO  server.RaftServer (RaftServerProxy.java:lambda$close$7(398)) - s2: close
2022-05-08 08:52:39,332 [java.util.concurrent.ThreadPoolExecutor$Worker@7545797[State = -1, empty queue]] INFO  server.RaftServer (RaftServerProxy.java:lambda$close$7(398)) - s1: close
2022-05-08 08:52:39,332 [java.util.concurrent.ThreadPoolExecutor$Worker@7545797[State = -1, empty queue]] INFO  server.RaftServer$Division (RaftServerImpl.java:lambda$close$4(428)) - s1@group-79EE622B0DCB: shutdown
2022-05-08 08:52:39,333 [java.util.concurrent.ThreadPoolExecutor$Worker@7545797[State = -1, empty queue]] INFO  util.JmxRegister (JmxRegister.java:unregister(73)) - Successfully un-registered JMX Bean with object name Ratis:service=RaftServer,group=group-79EE622B0DCB,id=s1
2022-05-08 08:52:39,333 [java.util.concurrent.ThreadPoolExecutor$Worker@7545797[State = -1, empty queue]] INFO  impl.RoleInfo (RoleInfo.java:shutdownLeaderState(93)) - s1: shutdown s1@group-79EE622B0DCB-LeaderStateImpl
2022-05-08 08:52:39,334 [java.util.concurrent.ThreadPoolExecutor$Worker@7545797[State = -1, empty queue]] INFO  impl.PendingRequests (PendingRequests.java:sendNotLeaderResponses(282)) - s1@group-79EE622B0DCB-PendingRequests: sendNotLeaderResponses
2022-05-08 08:52:39,342 [java.util.concurrent.ThreadPoolExecutor$Worker@11ad949e[State = -1, empty queue]] INFO  server.RaftServer (RaftServerProxy.java:lambda$close$7(398)) - s0: close
2022-05-08 08:52:39,342 [java.util.concurrent.ThreadPoolExecutor$Worker@11ad949e[State = -1, empty queue]] INFO  server.RaftServer$Division (RaftServerImpl.java:lambda$close$4(428)) - s0@group-79EE622B0DCB: shutdown
2022-05-08 08:52:39,343 [java.util.concurrent.ThreadPoolExecutor$Worker@11ad949e[State = -1, empty queue]] INFO  util.JmxRegister (JmxRegister.java:unregister(73)) - Successfully un-registered JMX Bean with object name Ratis:service=RaftServer,group=group-79EE622B0DCB,id=s0
2022-05-08 08:52:39,343 [java.util.concurrent.ThreadPoolExecutor$Worker@11ad949e[State = -1, empty queue]] INFO  impl.RoleInfo (RoleInfo.java:shutdownFollowerState(110)) - s0: shutdown s0@group-79EE622B0DCB-FollowerState
2022-05-08 08:52:39,343 [s1@group-79EE622B0DCB->s0-GrpcLogAppender-LogAppenderDaemon] WARN  server.GrpcLogAppender (GrpcLogAppender.java:mayWait(171)) - s1@group-79EE622B0DCB->s0-GrpcLogAppender: Wait interrupted by java.lang.InterruptedException
2022-05-08 08:52:39,343 [java.util.concurrent.ThreadPoolExecutor$Worker@11ad949e[State = -1, empty queue]] INFO  impl.StateMachineUpdater (StateMachineUpdater.java:stopAndJoin(153)) - s0@group-79EE622B0DCB-StateMachineUpdater: set stopIndex = 98
2022-05-08 08:52:39,343 [java.util.concurrent.ThreadPoolExecutor$Worker@11ad949e[State = -1, empty queue]] INFO  server.RaftServer$Division (ServerState.java:close(429)) - s0@group-79EE622B0DCB: closes. applyIndex: 98
2022-05-08 08:52:39,345 [s0@group-79EE622B0DCB-SegmentedRaftLogWorker] INFO  segmented.SegmentedRaftLogWorker (SegmentedRaftLogWorker.java:run(336)) - s0@group-79EE622B0DCB-SegmentedRaftLogWorker was interrupted, exiting. There are 0 tasks remaining in the queue.
2022-05-08 08:52:39,345 [s0@group-79EE622B0DCB-FollowerState] INFO  impl.FollowerState (FollowerState.java:run(152)) - s0@group-79EE622B0DCB-FollowerState was interrupted
2022-05-08 08:52:39,343 [s1@group-79EE622B0DCB->s2-GrpcLogAppender-LogAppenderDaemon] WARN  server.GrpcLogAppender (GrpcLogAppender.java:mayWait(171)) - s1@group-79EE622B0DCB->s2-GrpcLogAppender: Wait interrupted by java.lang.InterruptedException
2022-05-08 08:52:39,346 [java.util.concurrent.ThreadPoolExecutor$Worker@59525e73[State = -1, empty queue]] INFO  server.RaftServer$Division (RaftServerImpl.java:lambda$close$4(428)) - s2@group-79EE622B0DCB: shutdown
2022-05-08 08:52:39,346 [java.util.concurrent.ThreadPoolExecutor$Worker@59525e73[State = -1, empty queue]] INFO  util.JmxRegister (JmxRegister.java:unregister(73)) - Successfully un-registered JMX Bean with object name Ratis:service=RaftServer,group=group-79EE622B0DCB,id=s2
2022-05-08 08:52:39,346 [java.util.concurrent.ThreadPoolExecutor$Worker@59525e73[State = -1, empty queue]] INFO  impl.RoleInfo (RoleInfo.java:shutdownFollowerState(110)) - s2: shutdown s2@group-79EE622B0DCB-FollowerState
2022-05-08 08:52:39,347 [grpc-default-executor-2] INFO  server.GrpcServerProtocolService (GrpcServerProtocolService.java:onCompleted(140)) - s2: Completed APPEND_ENTRIES, lastRequest: s1->s2#57-t3,previous=(t:3, i:100),leaderCommit=98,initializing? true,entries: size=1, first=(t:3, i:101), STATEMACHINELOGENTRY, 391@client-31DDC6E78BED
2022-05-08 08:52:39,347 [java.util.concurrent.ThreadPoolExecutor$Worker@59525e73[State = -1, empty queue]] INFO  impl.StateMachineUpdater (StateMachineUpdater.java:stopAndJoin(153)) - s2@group-79EE622B0DCB-StateMachineUpdater: set stopIndex = 98
2022-05-08 08:52:39,350 [grpc-default-executor-1] INFO  server.GrpcLogAppender (GrpcLogAppender.java:onCompleted(339)) - s1@group-79EE622B0DCB->s2-AppendLogResponseHandler: follower responses appendEntries COMPLETED
2022-05-08 08:52:39,355 [grpc-default-executor-1] INFO  leader.FollowerInfo (FollowerInfoImpl.java:lambda$new$0(48)) - s1@group-79EE622B0DCB->s2: nextIndex: updateUnconditionally 102 -> 99
2022-05-08 08:52:39,355 [java.util.concurrent.ThreadPoolExecutor$Worker@59525e73[State = -1, empty queue]] INFO  server.RaftServer$Division (ServerState.java:close(429)) - s2@group-79EE622B0DCB: closes. applyIndex: 98
2022-05-08 08:52:39,349 [grpc-default-executor-4] INFO  server.GrpcServerProtocolService (GrpcServerProtocolService.java:onCompleted(140)) - s0: Completed APPEND_ENTRIES, lastRequest: s1->s0#52-t3,previous=(t:3, i:100),leaderCommit=98,initializing? true,entries: size=1, first=(t:3, i:101), STATEMACHINELOGENTRY, 391@client-31DDC6E78BED
2022-05-08 08:52:39,357 [s2@group-79EE622B0DCB-SegmentedRaftLogWorker] INFO  segmented.SegmentedRaftLogWorker (SegmentedRaftLogWorker.java:run(336)) - s2@group-79EE622B0DCB-SegmentedRaftLogWorker was interrupted, exiting. There are 0 tasks remaining in the queue.
2022-05-08 08:52:39,347 [s2@group-79EE622B0DCB-FollowerState] INFO  impl.FollowerState (FollowerState.java:run(152)) - s2@group-79EE622B0DCB-FollowerState was interrupted
2022-05-08 08:52:39,359 [java.util.concurrent.ThreadPoolExecutor$Worker@11ad949e[State = -1, empty queue]] INFO  segmented.SegmentedRaftLogWorker (SegmentedRaftLogWorker.java:close(246)) - s0@group-79EE622B0DCB-SegmentedRaftLogWorker close()
2022-05-08 08:52:39,361 [java.util.concurrent.ThreadPoolExecutor$Worker@7545797[State = -1, empty queue]] INFO  impl.StateMachineUpdater (StateMachineUpdater.java:stopAndJoin(153)) - s1@group-79EE622B0DCB-StateMachineUpdater: set stopIndex = 98
2022-05-08 08:52:39,361 [java.util.concurrent.ThreadPoolExecutor$Worker@7545797[State = -1, empty queue]] INFO  server.RaftServer$Division (ServerState.java:close(429)) - s1@group-79EE622B0DCB: closes. applyIndex: 98
2022-05-08 08:52:39,361 [s1@group-79EE622B0DCB-SegmentedRaftLogWorker] INFO  segmented.SegmentedRaftLogWorker (SegmentedRaftLogWorker.java:run(336)) - s1@group-79EE622B0DCB-SegmentedRaftLogWorker was interrupted, exiting. There are 0 tasks remaining in the queue.
2022-05-08 08:52:39,372 [java.util.concurrent.ThreadPoolExecutor$Worker@59525e73[State = -1, empty queue]] INFO  segmented.SegmentedRaftLogWorker (SegmentedRaftLogWorker.java:close(246)) - s2@group-79EE622B0DCB-SegmentedRaftLogWorker close()
2022-05-08 08:52:39,381 [java.util.concurrent.ThreadPoolExecutor$Worker@7545797[State = -1, empty queue]] INFO  segmented.SegmentedRaftLogWorker (SegmentedRaftLogWorker.java:close(246)) - s1@group-79EE622B0DCB-SegmentedRaftLogWorker close()
2022-05-08 08:52:39,384 [java.util.concurrent.ThreadPoolExecutor$Worker@11ad949e[State = -1, empty queue]] INFO  server.GrpcService (GrpcService.java:closeImpl(269)) - s0: shutdown server with port 42959 now
2022-05-08 08:52:39,389 [grpc-default-executor-2] INFO  server.GrpcLogAppender (GrpcLogAppender.java:onCompleted(339)) - s1@group-79EE622B0DCB->s0-AppendLogResponseHandler: follower responses appendEntries COMPLETED
2022-05-08 08:52:39,389 [grpc-default-executor-2] INFO  leader.FollowerInfo (FollowerInfoImpl.java:lambda$new$0(48)) - s1@group-79EE622B0DCB->s0: nextIndex: updateUnconditionally 102 -> 99
2022-05-08 08:52:39,409 [java.util.concurrent.ThreadPoolExecutor$Worker@7545797[State = -1, empty queue]] INFO  server.GrpcService (GrpcService.java:closeImpl(269)) - s1: shutdown server with port 40643 now
2022-05-08 08:52:39,473 [java.util.concurrent.ThreadPoolExecutor$Worker@11ad949e[State = -1, empty queue]] INFO  server.GrpcService (GrpcService.java:closeImpl(278)) - s0: shutdown server with port 42959 successfully
2022-05-08 08:52:39,474 [java.util.concurrent.ThreadPoolExecutor$Worker@11ad949e[State = -1, empty queue]] INFO  server.GrpcService (GrpcService.java:closeImpl(269)) - s0: shutdown server with port 40575 now
2022-05-08 08:52:39,475 [java.util.concurrent.ThreadPoolExecutor$Worker@11ad949e[State = -1, empty queue]] INFO  server.GrpcService (GrpcService.java:closeImpl(278)) - s0: shutdown server with port 40575 successfully
2022-05-08 08:52:39,475 [java.util.concurrent.ThreadPoolExecutor$Worker@11ad949e[State = -1, empty queue]] INFO  server.GrpcService (GrpcService.java:closeImpl(269)) - s0: shutdown server with port 33833 now
2022-05-08 08:52:39,476 [java.util.concurrent.ThreadPoolExecutor$Worker@7545797[State = -1, empty queue]] INFO  server.GrpcService (GrpcService.java:closeImpl(278)) - s1: shutdown server with port 40643 successfully
2022-05-08 08:52:39,476 [java.util.concurrent.ThreadPoolExecutor$Worker@7545797[State = -1, empty queue]] INFO  server.GrpcService (GrpcService.java:closeImpl(269)) - s1: shutdown server with port 41257 now
2022-05-08 08:52:39,477 [java.util.concurrent.ThreadPoolExecutor$Worker@7545797[State = -1, empty queue]] INFO  server.GrpcService (GrpcService.java:closeImpl(278)) - s1: shutdown server with port 41257 successfully
2022-05-08 08:52:39,477 [java.util.concurrent.ThreadPoolExecutor$Worker@7545797[State = -1, empty queue]] INFO  server.GrpcService (GrpcService.java:closeImpl(269)) - s1: shutdown server with port 45923 now
2022-05-08 08:52:39,478 [java.util.concurrent.ThreadPoolExecutor$Worker@7545797[State = -1, empty queue]] INFO  server.GrpcService (GrpcService.java:closeImpl(278)) - s1: shutdown server with port 45923 successfully
2022-05-08 08:52:39,480 [grpc-default-executor-5] WARN  server.GrpcClientProtocolService (LogUtils.java:warn(122)) - 9-OrderedRequestStreamObserver9: onError: org.apache.ratis.thirdparty.io.grpc.StatusRuntimeException: CANCELLED: client cancelled
2022-05-08 08:52:39,480 [java.util.concurrent.ThreadPoolExecutor$Worker@11ad949e[State = -1, empty queue]] INFO  server.GrpcService (GrpcService.java:closeImpl(278)) - s0: shutdown server with port 33833 successfully
2022-05-08 08:52:39,480 [s0-NettyServerStreamRpc-bossGroup--thread1] INFO  logging.LoggingHandler (AbstractInternalLogger.java:log(148)) - [id: 0x82489cef, L:/0.0.0.0:36315] CLOSE
2022-05-08 08:52:39,480 [s0-NettyServerStreamRpc-bossGroup--thread1] INFO  logging.LoggingHandler (AbstractInternalLogger.java:log(148)) - [id: 0x82489cef, L:0.0.0.0/0.0.0.0:36315] INACTIVE
2022-05-08 08:52:39,480 [s0-NettyServerStreamRpc-bossGroup--thread1] INFO  logging.LoggingHandler (AbstractInternalLogger.java:log(148)) - [id: 0x82489cef, L:0.0.0.0/0.0.0.0:36315] UNREGISTERED
2022-05-08 08:52:39,487 [NettyClientStreamRpc-workerGroup--thread1] WARN  client.NettyClientStreamRpc (NettyClientStreamRpc.java:scheduleReconnect(197)) - Connection-localhost/127.0.0.1:36315: channel is inactive; schedule reconnecting to localhost/127.0.0.1:36315 in 100ms
2022-05-08 08:52:39,487 [NettyClientStreamRpc-workerGroup--thread1] WARN  client.NettyClientStreamRpc (NettyClientStreamRpc.java:scheduleReconnect(197)) - Connection-localhost/127.0.0.1:36315: channel is inactive; schedule reconnecting to localhost/127.0.0.1:36315 in 100ms
2022-05-08 08:52:39,487 [NettyClientStreamRpc-workerGroup--thread1] WARN  client.NettyClientStreamRpc (NettyClientStreamRpc.java:scheduleReconnect(197)) - Connection-localhost/127.0.0.1:36315: channel is inactive; schedule reconnecting to localhost/127.0.0.1:36315 in 100ms
2022-05-08 08:52:39,487 [NettyClientStreamRpc-workerGroup--thread1] WARN  client.NettyClientStreamRpc (NettyClientStreamRpc.java:scheduleReconnect(197)) - Connection-localhost/127.0.0.1:36315: channel is inactive; schedule reconnecting to localhost/127.0.0.1:36315 in 100ms
2022-05-08 08:52:39,487 [NettyClientStreamRpc-workerGroup--thread1] WARN  client.NettyClientStreamRpc (NettyClientStreamRpc.java:scheduleReconnect(197)) - Connection-localhost/127.0.0.1:36315: channel is inactive; schedule reconnecting to localhost/127.0.0.1:36315 in 100ms
2022-05-08 08:52:39,487 [NettyClientStreamRpc-workerGroup--thread1] WARN  client.NettyClientStreamRpc (NettyClientStreamRpc.java:scheduleReconnect(197)) - Connection-localhost/127.0.0.1:36315: channel is inactive; schedule reconnecting to localhost/127.0.0.1:36315 in 100ms
2022-05-08 08:52:39,488 [NettyClientStreamRpc-workerGroup--thread1] WARN  client.NettyClientStreamRpc (NettyClientStreamRpc.java:scheduleReconnect(197)) - Connection-localhost/127.0.0.1:36315: channel is inactive; schedule reconnecting to localhost/127.0.0.1:36315 in 100ms
2022-05-08 08:52:39,488 [NettyClientStreamRpc-workerGroup--thread1] WARN  client.NettyClientStreamRpc (NettyClientStreamRpc.java:scheduleReconnect(197)) - Connection-localhost/127.0.0.1:36315: channel is inactive; schedule reconnecting to localhost/127.0.0.1:36315 in 100ms
2022-05-08 08:52:39,488 [NettyClientStreamRpc-workerGroup--thread1] WARN  client.NettyClientStreamRpc (NettyClientStreamRpc.java:scheduleReconnect(197)) - Connection-localhost/127.0.0.1:36315: channel is inactive; schedule reconnecting to localhost/127.0.0.1:36315 in 100ms
2022-05-08 08:52:39,488 [NettyClientStreamRpc-workerGroup--thread1] WARN  client.NettyClientStreamRpc (NettyClientStreamRpc.java:scheduleReconnect(197)) - Connection-localhost/127.0.0.1:36315: channel is inactive; schedule reconnecting to localhost/127.0.0.1:36315 in 100ms
2022-05-08 08:52:39,488 [NettyClientStreamRpc-workerGroup--thread1] WARN  client.NettyClientStreamRpc (NettyClientStreamRpc.java:scheduleReconnect(197)) - Connection-localhost/127.0.0.1:36315: channel is inactive; schedule reconnecting to localhost/127.0.0.1:36315 in 100ms
2022-05-08 08:52:39,487 [NettyClientStreamRpc-workerGroup--thread1] WARN  client.NettyClientStreamRpc (NettyClientStreamRpc.java:scheduleReconnect(197)) - Connection-localhost/127.0.0.1:36315: channel is inactive; schedule reconnecting to localhost/127.0.0.1:36315 in 100ms
2022-05-08 08:52:39,488 [NettyClientStreamRpc-workerGroup--thread1] WARN  client.NettyClientStreamRpc (NettyClientStreamRpc.java:scheduleReconnect(197)) - Connection-localhost/127.0.0.1:36315: channel is inactive; schedule reconnecting to localhost/127.0.0.1:36315 in 100ms
2022-05-08 08:52:39,488 [NettyClientStreamRpc-workerGroup--thread1] WARN  client.NettyClientStreamRpc (NettyClientStreamRpc.java:scheduleReconnect(197)) - Connection-localhost/127.0.0.1:36315: channel is inactive; schedule reconnecting to localhost/127.0.0.1:36315 in 100ms
2022-05-08 08:52:39,487 [NettyClientStreamRpc-workerGroup--thread1] WARN  client.NettyClientStreamRpc (NettyClientStreamRpc.java:scheduleReconnect(197)) - Connection-localhost/127.0.0.1:36315: channel is inactive; schedule reconnecting to localhost/127.0.0.1:36315 in 100ms
2022-05-08 08:52:39,487 [NettyClientStreamRpc-workerGroup--thread1] WARN  client.NettyClientStreamRpc (NettyClientStreamRpc.java:scheduleReconnect(197)) - Connection-localhost/127.0.0.1:36315: channel is inactive; schedule reconnecting to localhost/127.0.0.1:36315 in 100ms
2022-05-08 08:52:39,487 [NettyClientStreamRpc-workerGroup--thread1] WARN  client.NettyClientStreamRpc (NettyClientStreamRpc.java:scheduleReconnect(197)) - Connection-localhost/127.0.0.1:36315: channel is inactive; schedule reconnecting to localhost/127.0.0.1:36315 in 100ms
2022-05-08 08:52:39,487 [NettyClientStreamRpc-workerGroup--thread1] WARN  client.NettyClientStreamRpc (NettyClientStreamRpc.java:scheduleReconnect(197)) - Connection-localhost/127.0.0.1:36315: channel is inactive; schedule reconnecting to localhost/127.0.0.1:36315 in 100ms
2022-05-08 08:52:39,487 [NettyClientStreamRpc-workerGroup--thread1] WARN  client.NettyClientStreamRpc (NettyClientStreamRpc.java:scheduleReconnect(197)) - Connection-localhost/127.0.0.1:36315: channel is inactive; schedule reconnecting to localhost/127.0.0.1:36315 in 100ms
2022-05-08 08:52:39,488 [NettyClientStreamRpc-workerGroup--thread1] WARN  client.NettyClientStreamRpc (NettyClientStreamRpc.java:scheduleReconnect(197)) - Connection-localhost/127.0.0.1:36315: channel is inactive; schedule reconnecting to localhost/127.0.0.1:36315 in 100ms
2022-05-08 08:52:39,517 [s1-NettyServerStreamRpc-bossGroup--thread1] INFO  logging.LoggingHandler (AbstractInternalLogger.java:log(148)) - [id: 0x010427d0, L:/0.0.0.0:35479] CLOSE
2022-05-08 08:52:39,517 [s1-NettyServerStreamRpc-bossGroup--thread1] INFO  logging.LoggingHandler (AbstractInternalLogger.java:log(148)) - [id: 0x010427d0, L:0.0.0.0/0.0.0.0:35479] INACTIVE
2022-05-08 08:52:39,517 [s1-NettyServerStreamRpc-bossGroup--thread1] INFO  logging.LoggingHandler (AbstractInternalLogger.java:log(148)) - [id: 0x010427d0, L:0.0.0.0/0.0.0.0:35479] UNREGISTERED
2022-05-08 08:52:39,536 [NettyClientStreamRpc-workerGroup--thread1] WARN  client.NettyClientStreamRpc (NettyClientStreamRpc.java:scheduleReconnect(197)) - Connection-localhost/127.0.0.1:35479: channel is inactive; schedule reconnecting to localhost/127.0.0.1:35479 in 100ms
2022-05-08 08:52:39,536 [NettyClientStreamRpc-workerGroup--thread1] WARN  client.NettyClientStreamRpc (NettyClientStreamRpc.java:scheduleReconnect(197)) - Connection-localhost/127.0.0.1:35479: channel is inactive; schedule reconnecting to localhost/127.0.0.1:35479 in 100ms
2022-05-08 08:52:39,536 [NettyClientStreamRpc-workerGroup--thread1] WARN  client.NettyClientStreamRpc (NettyClientStreamRpc.java:scheduleReconnect(197)) - Connection-localhost/127.0.0.1:35479: channel is inactive; schedule reconnecting to localhost/127.0.0.1:35479 in 100ms
2022-05-08 08:52:39,536 [NettyClientStreamRpc-workerGroup--thread1] WARN  client.NettyClientStreamRpc (NettyClientStreamRpc.java:scheduleReconnect(197)) - Connection-localhost/127.0.0.1:35479: channel is inactive; schedule reconnecting to localhost/127.0.0.1:35479 in 100ms
2022-05-08 08:52:39,537 [NettyClientStreamRpc-workerGroup--thread1] WARN  client.NettyClientStreamRpc (NettyClientStreamRpc.java:scheduleReconnect(197)) - Connection-localhost/127.0.0.1:35479: channel is inactive; schedule reconnecting to localhost/127.0.0.1:35479 in 100ms
2022-05-08 08:52:39,565 [org.apache.ratis.util.JvmPauseMonitor$$Lambda$270/1443454677@5bc141dc] INFO  util.JvmPauseMonitor (JvmPauseMonitor.java:run(109)) - JvmPauseMonitor-s0: Stopped
2022-05-08 08:52:39,574 [org.apache.ratis.util.JvmPauseMonitor$$Lambda$270/1443454677@2f04f39] INFO  util.JvmPauseMonitor (JvmPauseMonitor.java:run(109)) - JvmPauseMonitor-s1: Stopped
2022-05-08 08:52:39,579 [java.util.concurrent.ThreadPoolExecutor$Worker@59525e73[State = -1, empty queue]] INFO  server.GrpcService (GrpcService.java:closeImpl(269)) - s2: shutdown server with port 40737 now
2022-05-08 08:52:39,586 [java.util.concurrent.ThreadPoolExecutor$Worker@59525e73[State = -1, empty queue]] INFO  server.GrpcService (GrpcService.java:closeImpl(278)) - s2: shutdown server with port 40737 successfully
2022-05-08 08:52:39,586 [java.util.concurrent.ThreadPoolExecutor$Worker@59525e73[State = -1, empty queue]] INFO  server.GrpcService (GrpcService.java:closeImpl(269)) - s2: shutdown server with port 42805 now
2022-05-08 08:52:39,609 [java.util.concurrent.ThreadPoolExecutor$Worker@59525e73[State = -1, empty queue]] INFO  server.GrpcService (GrpcService.java:closeImpl(278)) - s2: shutdown server with port 42805 successfully
2022-05-08 08:52:39,609 [java.util.concurrent.ThreadPoolExecutor$Worker@59525e73[State = -1, empty queue]] INFO  server.GrpcService (GrpcService.java:closeImpl(269)) - s2: shutdown server with port 34699 now
2022-05-08 08:52:39,611 [NettyClientStreamRpc-workerGroup--thread3] WARN  client.NettyClientStreamRpc (NettyClientStreamRpc.java:scheduleReconnect(197)) - Connection-localhost/127.0.0.1:36315: org.apache.ratis.netty.client.NettyClientStreamRpc$Connection$1@5f926823 failed; schedule reconnecting to localhost/127.0.0.1:36315 in 100ms
2022-05-08 08:52:39,611 [NettyClientStreamRpc-workerGroup--thread3] WARN  client.NettyClientStreamRpc (NettyClientStreamRpc.java:scheduleReconnect(199)) - 
org.apache.ratis.thirdparty.io.netty.channel.AbstractChannel$AnnotatedConnectException: Connection refused: localhost/127.0.0.1:36315
Caused by: java.net.ConnectException: Connection refused
	at sun.nio.ch.SocketChannelImpl.checkConnect(Native Method)
	at sun.nio.ch.SocketChannelImpl.finishConnect(SocketChannelImpl.java:716)
	at org.apache.ratis.thirdparty.io.netty.channel.socket.nio.NioSocketChannel.doFinishConnect(NioSocketChannel.java:330)
	at org.apache.ratis.thirdparty.io.netty.channel.nio.AbstractNioChannel$AbstractNioUnsafe.finishConnect(AbstractNioChannel.java:334)
	at org.apache.ratis.thirdparty.io.netty.channel.nio.NioEventLoop.processSelectedKey(NioEventLoop.java:710)
	at org.apache.ratis.thirdparty.io.netty.channel.nio.NioEventLoop.processSelectedKeysOptimized(NioEventLoop.java:658)
	at org.apache.ratis.thirdparty.io.netty.channel.nio.NioEventLoop.processSelectedKeys(NioEventLoop.java:584)
	at org.apache.ratis.thirdparty.io.netty.channel.nio.NioEventLoop.run(NioEventLoop.java:496)
	at org.apache.ratis.thirdparty.io.netty.util.concurrent.SingleThreadEventExecutor$4.run(SingleThreadEventExecutor.java:986)
	at org.apache.ratis.thirdparty.io.netty.util.internal.ThreadExecutorMap$2.run(ThreadExecutorMap.java:74)
	at java.lang.Thread.run(Thread.java:750)
2022-05-08 08:52:39,611 [NettyClientStreamRpc-workerGroup--thread3] WARN  client.NettyClientStreamRpc (NettyClientStreamRpc.java:scheduleReconnect(197)) - Connection-localhost/127.0.0.1:36315: org.apache.ratis.netty.client.NettyClientStreamRpc$Connection$1@8e4f280 failed; schedule reconnecting to localhost/127.0.0.1:36315 in 100ms
2022-05-08 08:52:39,611 [NettyClientStreamRpc-workerGroup--thread3] WARN  client.NettyClientStreamRpc (NettyClientStreamRpc.java:scheduleReconnect(199)) - 
org.apache.ratis.thirdparty.io.netty.channel.AbstractChannel$AnnotatedConnectException: Connection refused: localhost/127.0.0.1:36315
Caused by: java.net.ConnectException: Connection refused
	at sun.nio.ch.SocketChannelImpl.checkConnect(Native Method)
	at sun.nio.ch.SocketChannelImpl.finishConnect(SocketChannelImpl.java:716)
	at org.apache.ratis.thirdparty.io.netty.channel.socket.nio.NioSocketChannel.doFinishConnect(NioSocketChannel.java:330)
	at org.apache.ratis.thirdparty.io.netty.channel.nio.AbstractNioChannel$AbstractNioUnsafe.finishConnect(AbstractNioChannel.java:334)
	at org.apache.ratis.thirdparty.io.netty.channel.nio.NioEventLoop.processSelectedKey(NioEventLoop.java:710)
	at org.apache.ratis.thirdparty.io.netty.channel.nio.NioEventLoop.processSelectedKeysOptimized(NioEventLoop.java:658)
	at org.apache.ratis.thirdparty.io.netty.channel.nio.NioEventLoop.processSelectedKeys(NioEventLoop.java:584)
	at org.apache.ratis.thirdparty.io.netty.channel.nio.NioEventLoop.run(NioEventLoop.java:496)
	at org.apache.ratis.thirdparty.io.netty.util.concurrent.SingleThreadEventExecutor$4.run(SingleThreadEventExecutor.java:986)
	at org.apache.ratis.thirdparty.io.netty.util.internal.ThreadExecutorMap$2.run(ThreadExecutorMap.java:74)
	at java.lang.Thread.run(Thread.java:750)
2022-05-08 08:52:39,612 [java.util.concurrent.ThreadPoolExecutor$Worker@59525e73[State = -1, empty queue]] INFO  server.GrpcService (GrpcService.java:closeImpl(278)) - s2: shutdown server with port 34699 successfully
2022-05-08 08:52:39,612 [NettyClientStreamRpc-workerGroup--thread3] WARN  client.NettyClientStreamRpc (NettyClientStreamRpc.java:scheduleReconnect(197)) - Connection-localhost/127.0.0.1:36315: org.apache.ratis.netty.client.NettyClientStreamRpc$Connection$1@1c011cb0 failed; schedule reconnecting to localhost/127.0.0.1:36315 in 100ms
2022-05-08 08:52:39,613 [NettyClientStreamRpc-workerGroup--thread3] WARN  client.NettyClientStreamRpc (NettyClientStreamRpc.java:scheduleReconnect(199)) - 
org.apache.ratis.thirdparty.io.netty.channel.AbstractChannel$AnnotatedConnectException: Connection refused: localhost/127.0.0.1:36315
Caused by: java.net.ConnectException: Connection refused
	at sun.nio.ch.SocketChannelImpl.checkConnect(Native Method)
	at sun.nio.ch.SocketChannelImpl.finishConnect(SocketChannelImpl.java:716)
	at org.apache.ratis.thirdparty.io.netty.channel.socket.nio.NioSocketChannel.doFinishConnect(NioSocketChannel.java:330)
	at org.apache.ratis.thirdparty.io.netty.channel.nio.AbstractNioChannel$AbstractNioUnsafe.finishConnect(AbstractNioChannel.java:334)
	at org.apache.ratis.thirdparty.io.netty.channel.nio.NioEventLoop.processSelectedKey(NioEventLoop.java:710)
	at org.apache.ratis.thirdparty.io.netty.channel.nio.NioEventLoop.processSelectedKeysOptimized(NioEventLoop.java:658)
	at org.apache.ratis.thirdparty.io.netty.channel.nio.NioEventLoop.processSelectedKeys(NioEventLoop.java:584)
	at org.apache.ratis.thirdparty.io.netty.channel.nio.NioEventLoop.run(NioEventLoop.java:496)
	at org.apache.ratis.thirdparty.io.netty.util.concurrent.SingleThreadEventExecutor$4.run(SingleThreadEventExecutor.java:986)
	at org.apache.ratis.thirdparty.io.netty.util.internal.ThreadExecutorMap$2.run(ThreadExecutorMap.java:74)
	at java.lang.Thread.run(Thread.java:750)
2022-05-08 08:52:39,612 [NettyClientStreamRpc-workerGroup--thread3] WARN  client.NettyClientStreamRpc (NettyClientStreamRpc.java:scheduleReconnect(197)) - Connection-localhost/127.0.0.1:36315: org.apache.ratis.netty.client.NettyClientStreamRpc$Connection$1@4e005a33 failed; schedule reconnecting to localhost/127.0.0.1:36315 in 100ms
2022-05-08 08:52:39,613 [NettyClientStreamRpc-workerGroup--thread3] WARN  client.NettyClientStreamRpc (NettyClientStreamRpc.java:scheduleReconnect(199)) - 
org.apache.ratis.thirdparty.io.netty.channel.AbstractChannel$AnnotatedConnectException: Connection refused: localhost/127.0.0.1:36315
Caused by: java.net.ConnectException: Connection refused
	at sun.nio.ch.SocketChannelImpl.checkConnect(Native Method)
	at sun.nio.ch.SocketChannelImpl.finishConnect(SocketChannelImpl.java:716)
	at org.apache.ratis.thirdparty.io.netty.channel.socket.nio.NioSocketChannel.doFinishConnect(NioSocketChannel.java:330)
	at org.apache.ratis.thirdparty.io.netty.channel.nio.AbstractNioChannel$AbstractNioUnsafe.finishConnect(AbstractNioChannel.java:334)
	at org.apache.ratis.thirdparty.io.netty.channel.nio.NioEventLoop.processSelectedKey(NioEventLoop.java:710)
	at org.apache.ratis.thirdparty.io.netty.channel.nio.NioEventLoop.processSelectedKeysOptimized(NioEventLoop.java:658)
	at org.apache.ratis.thirdparty.io.netty.channel.nio.NioEventLoop.processSelectedKeys(NioEventLoop.java:584)
	at org.apache.ratis.thirdparty.io.netty.channel.nio.NioEventLoop.run(NioEventLoop.java:496)
	at org.apache.ratis.thirdparty.io.netty.util.concurrent.SingleThreadEventExecutor$4.run(SingleThreadEventExecutor.java:986)
	at org.apache.ratis.thirdparty.io.netty.util.internal.ThreadExecutorMap$2.run(ThreadExecutorMap.java:74)
	at java.lang.Thread.run(Thread.java:750)
2022-05-08 08:52:39,612 [NettyClientStreamRpc-workerGroup--thread3] WARN  client.NettyClientStreamRpc (NettyClientStreamRpc.java:scheduleReconnect(197)) - Connection-localhost/127.0.0.1:36315: org.apache.ratis.netty.client.NettyClientStreamRpc$Connection$1@d8efc06 failed; schedule reconnecting to localhost/127.0.0.1:36315 in 100ms
2022-05-08 08:52:39,613 [NettyClientStreamRpc-workerGroup--thread3] WARN  client.NettyClientStreamRpc (NettyClientStreamRpc.java:scheduleReconnect(199)) - 
org.apache.ratis.thirdparty.io.netty.channel.AbstractChannel$AnnotatedConnectException: Connection refused: localhost/127.0.0.1:36315
Caused by: java.net.ConnectException: Connection refused
	at sun.nio.ch.SocketChannelImpl.checkConnect(Native Method)
	at sun.nio.ch.SocketChannelImpl.finishConnect(SocketChannelImpl.java:716)
	at org.apache.ratis.thirdparty.io.netty.channel.socket.nio.NioSocketChannel.doFinishConnect(NioSocketChannel.java:330)
	at org.apache.ratis.thirdparty.io.netty.channel.nio.AbstractNioChannel$AbstractNioUnsafe.finishConnect(AbstractNioChannel.java:334)
	at org.apache.ratis.thirdparty.io.netty.channel.nio.NioEventLoop.processSelectedKey(NioEventLoop.java:710)
	at org.apache.ratis.thirdparty.io.netty.channel.nio.NioEventLoop.processSelectedKeysOptimized(NioEventLoop.java:658)
	at org.apache.ratis.thirdparty.io.netty.channel.nio.NioEventLoop.processSelectedKeys(NioEventLoop.java:584)
	at org.apache.ratis.thirdparty.io.netty.channel.nio.NioEventLoop.run(NioEventLoop.java:496)
	at org.apache.ratis.thirdparty.io.netty.util.concurrent.SingleThreadEventExecutor$4.run(SingleThreadEventExecutor.java:986)
	at org.apache.ratis.thirdparty.io.netty.util.internal.ThreadExecutorMap$2.run(ThreadExecutorMap.java:74)
	at java.lang.Thread.run(Thread.java:750)
2022-05-08 08:52:39,612 [NettyClientStreamRpc-workerGroup--thread3] WARN  client.NettyClientStreamRpc (NettyClientStreamRpc.java:scheduleReconnect(197)) - Connection-localhost/127.0.0.1:36315: org.apache.ratis.netty.client.NettyClientStreamRpc$Connection$1@682fcc52 failed; schedule reconnecting to localhost/127.0.0.1:36315 in 100ms
2022-05-08 08:52:39,614 [NettyClientStreamRpc-workerGroup--thread3] WARN  client.NettyClientStreamRpc (NettyClientStreamRpc.java:scheduleReconnect(199)) - 
org.apache.ratis.thirdparty.io.netty.channel.AbstractChannel$AnnotatedConnectException: Connection refused: localhost/127.0.0.1:36315
Caused by: java.net.ConnectException: Connection refused
	at sun.nio.ch.SocketChannelImpl.checkConnect(Native Method)
	at sun.nio.ch.SocketChannelImpl.finishConnect(SocketChannelImpl.java:716)
	at org.apache.ratis.thirdparty.io.netty.channel.socket.nio.NioSocketChannel.doFinishConnect(NioSocketChannel.java:330)
	at org.apache.ratis.thirdparty.io.netty.channel.nio.AbstractNioChannel$AbstractNioUnsafe.finishConnect(AbstractNioChannel.java:334)
	at org.apache.ratis.thirdparty.io.netty.channel.nio.NioEventLoop.processSelectedKey(NioEventLoop.java:710)
	at org.apache.ratis.thirdparty.io.netty.channel.nio.NioEventLoop.processSelectedKeysOptimized(NioEventLoop.java:658)
	at org.apache.ratis.thirdparty.io.netty.channel.nio.NioEventLoop.processSelectedKeys(NioEventLoop.java:584)
	at org.apache.ratis.thirdparty.io.netty.channel.nio.NioEventLoop.run(NioEventLoop.java:496)
	at org.apache.ratis.thirdparty.io.netty.util.concurrent.SingleThreadEventExecutor$4.run(SingleThreadEventExecutor.java:986)
	at org.apache.ratis.thirdparty.io.netty.util.internal.ThreadExecutorMap$2.run(ThreadExecutorMap.java:74)
	at java.lang.Thread.run(Thread.java:750)
2022-05-08 08:52:39,612 [NettyClientStreamRpc-workerGroup--thread3] WARN  client.NettyClientStreamRpc (NettyClientStreamRpc.java:scheduleReconnect(197)) - Connection-localhost/127.0.0.1:36315: org.apache.ratis.netty.client.NettyClientStreamRpc$Connection$1@5df64058 failed; schedule reconnecting to localhost/127.0.0.1:36315 in 100ms
2022-05-08 08:52:39,614 [NettyClientStreamRpc-workerGroup--thread3] WARN  client.NettyClientStreamRpc (NettyClientStreamRpc.java:scheduleReconnect(199)) - 
org.apache.ratis.thirdparty.io.netty.channel.AbstractChannel$AnnotatedConnectException: Connection refused: localhost/127.0.0.1:36315
Caused by: java.net.ConnectException: Connection refused
	at sun.nio.ch.SocketChannelImpl.checkConnect(Native Method)
	at sun.nio.ch.SocketChannelImpl.finishConnect(SocketChannelImpl.java:716)
	at org.apache.ratis.thirdparty.io.netty.channel.socket.nio.NioSocketChannel.doFinishConnect(NioSocketChannel.java:330)
	at org.apache.ratis.thirdparty.io.netty.channel.nio.AbstractNioChannel$AbstractNioUnsafe.finishConnect(AbstractNioChannel.java:334)
	at org.apache.ratis.thirdparty.io.netty.channel.nio.NioEventLoop.processSelectedKey(NioEventLoop.java:710)
	at org.apache.ratis.thirdparty.io.netty.channel.nio.NioEventLoop.processSelectedKeysOptimized(NioEventLoop.java:658)
	at org.apache.ratis.thirdparty.io.netty.channel.nio.NioEventLoop.processSelectedKeys(NioEventLoop.java:584)
	at org.apache.ratis.thirdparty.io.netty.channel.nio.NioEventLoop.run(NioEventLoop.java:496)
	at org.apache.ratis.thirdparty.io.netty.util.concurrent.SingleThreadEventExecutor$4.run(SingleThreadEventExecutor.java:986)
	at org.apache.ratis.thirdparty.io.netty.util.internal.ThreadExecutorMap$2.run(ThreadExecutorMap.java:74)
	at java.lang.Thread.run(Thread.java:750)
2022-05-08 08:52:39,612 [NettyClientStreamRpc-workerGroup--thread3] WARN  client.NettyClientStreamRpc (NettyClientStreamRpc.java:scheduleReconnect(197)) - Connection-localhost/127.0.0.1:36315: org.apache.ratis.netty.client.NettyClientStreamRpc$Connection$1@41f2c0e0 failed; schedule reconnecting to localhost/127.0.0.1:36315 in 100ms
2022-05-08 08:52:39,614 [NettyClientStreamRpc-workerGroup--thread3] WARN  client.NettyClientStreamRpc (NettyClientStreamRpc.java:scheduleReconnect(199)) - 
org.apache.ratis.thirdparty.io.netty.channel.AbstractChannel$AnnotatedConnectException: Connection refused: localhost/127.0.0.1:36315
Caused by: java.net.ConnectException: Connection refused
	at sun.nio.ch.SocketChannelImpl.checkConnect(Native Method)
	at sun.nio.ch.SocketChannelImpl.finishConnect(SocketChannelImpl.java:716)
	at org.apache.ratis.thirdparty.io.netty.channel.socket.nio.NioSocketChannel.doFinishConnect(NioSocketChannel.java:330)
	at org.apache.ratis.thirdparty.io.netty.channel.nio.AbstractNioChannel$AbstractNioUnsafe.finishConnect(AbstractNioChannel.java:334)
	at org.apache.ratis.thirdparty.io.netty.channel.nio.NioEventLoop.processSelectedKey(NioEventLoop.java:710)
	at org.apache.ratis.thirdparty.io.netty.channel.nio.NioEventLoop.processSelectedKeysOptimized(NioEventLoop.java:658)
	at org.apache.ratis.thirdparty.io.netty.channel.nio.NioEventLoop.processSelectedKeys(NioEventLoop.java:584)
	at org.apache.ratis.thirdparty.io.netty.channel.nio.NioEventLoop.run(NioEventLoop.java:496)
	at org.apache.ratis.thirdparty.io.netty.util.concurrent.SingleThreadEventExecutor$4.run(SingleThreadEventExecutor.java:986)
	at org.apache.ratis.thirdparty.io.netty.util.internal.ThreadExecutorMap$2.run(ThreadExecutorMap.java:74)
	at java.lang.Thread.run(Thread.java:750)
2022-05-08 08:52:39,614 [NettyClientStreamRpc-workerGroup--thread3] WARN  client.NettyClientStreamRpc (NettyClientStreamRpc.java:scheduleReconnect(197)) - Connection-localhost/127.0.0.1:36315: org.apache.ratis.netty.client.NettyClientStreamRpc$Connection$1@43098d1c failed; schedule reconnecting to localhost/127.0.0.1:36315 in 100ms
2022-05-08 08:52:39,615 [NettyClientStreamRpc-workerGroup--thread3] WARN  client.NettyClientStreamRpc (NettyClientStreamRpc.java:scheduleReconnect(199)) - 
org.apache.ratis.thirdparty.io.netty.channel.AbstractChannel$AnnotatedConnectException: Connection refused: localhost/127.0.0.1:36315
Caused by: java.net.ConnectException: Connection refused
	at sun.nio.ch.SocketChannelImpl.checkConnect(Native Method)
	at sun.nio.ch.SocketChannelImpl.finishConnect(SocketChannelImpl.java:716)
	at org.apache.ratis.thirdparty.io.netty.channel.socket.nio.NioSocketChannel.doFinishConnect(NioSocketChannel.java:330)
	at org.apache.ratis.thirdparty.io.netty.channel.nio.AbstractNioChannel$AbstractNioUnsafe.finishConnect(AbstractNioChannel.java:334)
	at org.apache.ratis.thirdparty.io.netty.channel.nio.NioEventLoop.processSelectedKey(NioEventLoop.java:710)
	at org.apache.ratis.thirdparty.io.netty.channel.nio.NioEventLoop.processSelectedKeysOptimized(NioEventLoop.java:658)
	at org.apache.ratis.thirdparty.io.netty.channel.nio.NioEventLoop.processSelectedKeys(NioEventLoop.java:584)
	at org.apache.ratis.thirdparty.io.netty.channel.nio.NioEventLoop.run(NioEventLoop.java:496)
	at org.apache.ratis.thirdparty.io.netty.util.concurrent.SingleThreadEventExecutor$4.run(SingleThreadEventExecutor.java:986)
	at org.apache.ratis.thirdparty.io.netty.util.internal.ThreadExecutorMap$2.run(ThreadExecutorMap.java:74)
	at java.lang.Thread.run(Thread.java:750)
2022-05-08 08:52:39,617 [NettyClientStreamRpc-workerGroup--thread3] WARN  client.NettyClientStreamRpc (NettyClientStreamRpc.java:scheduleReconnect(197)) - Connection-localhost/127.0.0.1:36315: org.apache.ratis.netty.client.NettyClientStreamRpc$Connection$1@114f70f8 failed; schedule reconnecting to localhost/127.0.0.1:36315 in 100ms
2022-05-08 08:52:39,617 [NettyClientStreamRpc-workerGroup--thread3] WARN  client.NettyClientStreamRpc (NettyClientStreamRpc.java:scheduleReconnect(199)) - 
org.apache.ratis.thirdparty.io.netty.channel.AbstractChannel$AnnotatedConnectException: Connection refused: localhost/127.0.0.1:36315
Caused by: java.net.ConnectException: Connection refused
	at sun.nio.ch.SocketChannelImpl.checkConnect(Native Method)
	at sun.nio.ch.SocketChannelImpl.finishConnect(SocketChannelImpl.java:716)
	at org.apache.ratis.thirdparty.io.netty.channel.socket.nio.NioSocketChannel.doFinishConnect(NioSocketChannel.java:330)
	at org.apache.ratis.thirdparty.io.netty.channel.nio.AbstractNioChannel$AbstractNioUnsafe.finishConnect(AbstractNioChannel.java:334)
	at org.apache.ratis.thirdparty.io.netty.channel.nio.NioEventLoop.processSelectedKey(NioEventLoop.java:710)
	at org.apache.ratis.thirdparty.io.netty.channel.nio.NioEventLoop.processSelectedKeysOptimized(NioEventLoop.java:658)
	at org.apache.ratis.thirdparty.io.netty.channel.nio.NioEventLoop.processSelectedKeys(NioEventLoop.java:584)
	at org.apache.ratis.thirdparty.io.netty.channel.nio.NioEventLoop.run(NioEventLoop.java:496)
	at org.apache.ratis.thirdparty.io.netty.util.concurrent.SingleThreadEventExecutor$4.run(SingleThreadEventExecutor.java:986)
	at org.apache.ratis.thirdparty.io.netty.util.internal.ThreadExecutorMap$2.run(ThreadExecutorMap.java:74)
	at java.lang.Thread.run(Thread.java:750)
2022-05-08 08:52:39,618 [s2-NettyServerStreamRpc-bossGroup--thread1] INFO  logging.LoggingHandler (AbstractInternalLogger.java:log(148)) - [id: 0x97038635, L:/0.0.0.0:41373] CLOSE
2022-05-08 08:52:39,618 [s2-NettyServerStreamRpc-bossGroup--thread1] INFO  logging.LoggingHandler (AbstractInternalLogger.java:log(148)) - [id: 0x97038635, L:0.0.0.0/0.0.0.0:41373] INACTIVE
2022-05-08 08:52:39,618 [s2-NettyServerStreamRpc-bossGroup--thread1] INFO  logging.LoggingHandler (AbstractInternalLogger.java:log(148)) - [id: 0x97038635, L:0.0.0.0/0.0.0.0:41373] UNREGISTERED
2022-05-08 08:52:39,646 [org.apache.ratis.util.JvmPauseMonitor$$Lambda$270/1443454677@1b4ea679] INFO  util.JvmPauseMonitor (JvmPauseMonitor.java:run(109)) - JvmPauseMonitor-s2: Stopped
2022-05-08 08:52:39,655 [Time-limited test] INFO  impl.MiniRaftCluster (MiniRaftCluster.java:shutdown(783)) - MiniRaftClusterWithRpcTypeGrpcAndDataStreamTypeNetty shutdown completed
]]></system-out>
  </testcase>
  <testcase name="testStreamWrites" classname="org.apache.ratis.datastream.TestNettyDataStreamChainTopologyWithGrpcCluster" time="13.418"/>
</testsuite>