<?xml version="1.0" encoding="UTF-8"?>
<testsuite xmlns:xsi="http://www.w3.org/2001/XMLSchema-instance" xsi:noNamespaceSchemaLocation="https://maven.apache.org/surefire/maven-surefire-plugin/xsd/surefire-test-report.xsd" name="org.apache.ratis.grpc.TestRaftServerWithGrpc" time="33.105" tests="12" errors="0" skipped="0" failures="1">
  <properties>
    <property name="awt.toolkit" value="sun.awt.X11.XToolkit"/>
    <property name="java.specification.version" value="11"/>
    <property name="sun.cpu.isalist" value=""/>
    <property name="sun.jnu.encoding" value="UTF-8"/>
    <property name="java.class.path" value="/home/runner/work/ratis/ratis/ratis-test/target/test-classes:/home/runner/work/ratis/ratis/ratis-test/target/classes:/home/runner/work/ratis/ratis/ratis-common/target/classes:/home/runner/.m2/repository/org/apache/ratis/ratis-thirdparty-misc/1.0.3/ratis-thirdparty-misc-1.0.3.jar:/home/runner/work/ratis/ratis/ratis-proto/target/ratis-proto-3.0.0-SNAPSHOT.jar:/home/runner/work/ratis/ratis/ratis-common/target/test-classes:/home/runner/work/ratis/ratis/ratis-client/target/classes:/home/runner/work/ratis/ratis/ratis-server/target/classes:/home/runner/work/ratis/ratis/ratis-server-api/target/classes:/home/runner/work/ratis/ratis/ratis-metrics-api/target/classes:/home/runner/work/ratis/ratis/ratis-server/target/test-classes:/home/runner/work/ratis/ratis/ratis-metrics-default/target/classes:/home/runner/work/ratis/ratis/ratis-netty/target/classes:/home/runner/work/ratis/ratis/ratis-netty/target/test-classes:/home/runner/work/ratis/ratis/ratis-grpc/target/classes:/home/runner/work/ratis/ratis/ratis-grpc/target/test-classes:/home/runner/work/ratis/ratis/ratis-shell/target/classes:/home/runner/.m2/repository/commons-cli/commons-cli/1.5.0/commons-cli-1.5.0.jar:/home/runner/.m2/repository/org/reflections/reflections/0.10.2/reflections-0.10.2.jar:/home/runner/.m2/repository/org/javassist/javassist/3.28.0-GA/javassist-3.28.0-GA.jar:/home/runner/.m2/repository/com/google/code/findbugs/jsr305/3.0.2/jsr305-3.0.2.jar:/home/runner/.m2/repository/org/bouncycastle/bcprov-jdk15on/1.70/bcprov-jdk15on-1.70.jar:/home/runner/.m2/repository/org/bouncycastle/bcpkix-jdk15on/1.70/bcpkix-jdk15on-1.70.jar:/home/runner/.m2/repository/org/bouncycastle/bcutil-jdk15on/1.70/bcutil-jdk15on-1.70.jar:/home/runner/.m2/repository/org/slf4j/slf4j-api/1.7.29/slf4j-api-1.7.29.jar:/home/runner/.m2/repository/org/slf4j/slf4j-log4j12/1.7.29/slf4j-log4j12-1.7.29.jar:/home/runner/.m2/repository/log4j/log4j/1.2.17/log4j-1.2.17.jar:/home/runner/.m2/repository/junit/junit/4.13.2/junit-4.13.2.jar:/home/runner/.m2/repository/org/hamcrest/hamcrest-core/1.3/hamcrest-core-1.3.jar:/home/runner/.m2/repository/org/mockito/mockito-core/4.3.1/mockito-core-4.3.1.jar:/home/runner/.m2/repository/net/bytebuddy/byte-buddy/1.12.7/byte-buddy-1.12.7.jar:/home/runner/.m2/repository/net/bytebuddy/byte-buddy-agent/1.12.7/byte-buddy-agent-1.12.7.jar:/home/runner/.m2/repository/org/objenesis/objenesis/3.2/objenesis-3.2.jar:"/>
    <property name="java.vm.vendor" value="Eclipse Adoptium"/>
    <property name="sun.arch.data.model" value="64"/>
    <property name="java.vendor.url" value="https://adoptium.net/"/>
    <property name="user.timezone" value=""/>
    <property name="java.vm.specification.version" value="11"/>
    <property name="os.name" value="Linux"/>
    <property name="sun.java.launcher" value="SUN_STANDARD"/>
    <property name="sun.boot.library.path" value="/usr/lib/jvm/temurin-11-jdk-amd64/lib"/>
    <property name="sun.java.command" value="/home/runner/work/ratis/ratis/ratis-test/target/surefire/surefirebooter9985333326543599545.jar /home/runner/work/ratis/ratis/ratis-test/target/surefire 2022-12-04T13-21-07_220-jvmRun1 surefire14939731918656567214tmp surefire_78637960570516019731tmp"/>
    <property name="jdk.debug" value="release"/>
    <property name="surefire.test.class.path" value="/home/runner/work/ratis/ratis/ratis-test/target/test-classes:/home/runner/work/ratis/ratis/ratis-test/target/classes:/home/runner/work/ratis/ratis/ratis-common/target/classes:/home/runner/.m2/repository/org/apache/ratis/ratis-thirdparty-misc/1.0.3/ratis-thirdparty-misc-1.0.3.jar:/home/runner/work/ratis/ratis/ratis-proto/target/ratis-proto-3.0.0-SNAPSHOT.jar:/home/runner/work/ratis/ratis/ratis-common/target/test-classes:/home/runner/work/ratis/ratis/ratis-client/target/classes:/home/runner/work/ratis/ratis/ratis-server/target/classes:/home/runner/work/ratis/ratis/ratis-server-api/target/classes:/home/runner/work/ratis/ratis/ratis-metrics-api/target/classes:/home/runner/work/ratis/ratis/ratis-server/target/test-classes:/home/runner/work/ratis/ratis/ratis-metrics-default/target/classes:/home/runner/work/ratis/ratis/ratis-netty/target/classes:/home/runner/work/ratis/ratis/ratis-netty/target/test-classes:/home/runner/work/ratis/ratis/ratis-grpc/target/classes:/home/runner/work/ratis/ratis/ratis-grpc/target/test-classes:/home/runner/work/ratis/ratis/ratis-shell/target/classes:/home/runner/.m2/repository/commons-cli/commons-cli/1.5.0/commons-cli-1.5.0.jar:/home/runner/.m2/repository/org/reflections/reflections/0.10.2/reflections-0.10.2.jar:/home/runner/.m2/repository/org/javassist/javassist/3.28.0-GA/javassist-3.28.0-GA.jar:/home/runner/.m2/repository/com/google/code/findbugs/jsr305/3.0.2/jsr305-3.0.2.jar:/home/runner/.m2/repository/org/bouncycastle/bcprov-jdk15on/1.70/bcprov-jdk15on-1.70.jar:/home/runner/.m2/repository/org/bouncycastle/bcpkix-jdk15on/1.70/bcpkix-jdk15on-1.70.jar:/home/runner/.m2/repository/org/bouncycastle/bcutil-jdk15on/1.70/bcutil-jdk15on-1.70.jar:/home/runner/.m2/repository/org/slf4j/slf4j-api/1.7.29/slf4j-api-1.7.29.jar:/home/runner/.m2/repository/org/slf4j/slf4j-log4j12/1.7.29/slf4j-log4j12-1.7.29.jar:/home/runner/.m2/repository/log4j/log4j/1.2.17/log4j-1.2.17.jar:/home/runner/.m2/repository/junit/junit/4.13.2/junit-4.13.2.jar:/home/runner/.m2/repository/org/hamcrest/hamcrest-core/1.3/hamcrest-core-1.3.jar:/home/runner/.m2/repository/org/mockito/mockito-core/4.3.1/mockito-core-4.3.1.jar:/home/runner/.m2/repository/net/bytebuddy/byte-buddy/1.12.7/byte-buddy-1.12.7.jar:/home/runner/.m2/repository/net/bytebuddy/byte-buddy-agent/1.12.7/byte-buddy-agent-1.12.7.jar:/home/runner/.m2/repository/org/objenesis/objenesis/3.2/objenesis-3.2.jar:"/>
    <property name="sun.cpu.endian" value="little"/>
    <property name="user.home" value="/home/runner"/>
    <property name="user.language" value="en"/>
    <property name="java.specification.vendor" value="Oracle Corporation"/>
    <property name="java.version.date" value="2022-10-18"/>
    <property name="java.home" value="/usr/lib/jvm/temurin-11-jdk-amd64"/>
    <property name="file.separator" value="/"/>
    <property name="basedir" value="/home/runner/work/ratis/ratis/ratis-test"/>
    <property name="java.vm.compressedOopsMode" value="32-bit"/>
    <property name="line.separator" value="&#10;"/>
    <property name="java.specification.name" value="Java Platform API Specification"/>
    <property name="java.vm.specification.vendor" value="Oracle Corporation"/>
    <property name="java.awt.graphicsenv" value="sun.awt.X11GraphicsEnvironment"/>
    <property name="surefire.real.class.path" value="/home/runner/work/ratis/ratis/ratis-test/target/surefire/surefirebooter9985333326543599545.jar"/>
    <property name="sun.management.compiler" value="HotSpot 64-Bit Tiered Compilers"/>
    <property name="java.runtime.version" value="11.0.17+8"/>
    <property name="user.name" value="runner"/>
    <property name="java.net.preferIPv4Stack" value="true"/>
    <property name="path.separator" value=":"/>
    <property name="os.version" value="5.15.0-1023-azure"/>
    <property name="java.runtime.name" value="OpenJDK Runtime Environment"/>
    <property name="file.encoding" value="UTF-8"/>
    <property name="java.vm.name" value="OpenJDK 64-Bit Server VM"/>
    <property name="java.vendor.version" value="Temurin-11.0.17+8"/>
    <property name="localRepository" value="/home/runner/.m2/repository"/>
    <property name="java.vendor.url.bug" value="https://github.com/adoptium/adoptium-support/issues"/>
    <property name="java.io.tmpdir" value="/tmp"/>
    <property name="java.version" value="11.0.17"/>
    <property name="user.dir" value="/home/runner/work/ratis/ratis/ratis-test"/>
    <property name="os.arch" value="amd64"/>
    <property name="ratis.tmp.dir" value="/home/runner/work/ratis/ratis/ratis-test/target/tmp"/>
    <property name="java.vm.specification.name" value="Java Virtual Machine Specification"/>
    <property name="java.awt.printerjob" value="sun.print.PSPrinterJob"/>
    <property name="ratis.log.dir" value="/home/runner/work/ratis/ratis/ratis-test/target/log"/>
    <property name="sun.os.patch.level" value="unknown"/>
    <property name="java.library.path" value="/usr/java/packages/lib:/usr/lib64:/lib64:/lib:/usr/lib"/>
    <property name="java.vm.info" value="mixed mode"/>
    <property name="java.vendor" value="Eclipse Adoptium"/>
    <property name="java.vm.version" value="11.0.17+8"/>
    <property name="sun.io.unicode.encoding" value="UnicodeLittle"/>
    <property name="java.class.version" value="55.0"/>
  </properties>
  <testcase name="testRaftClientMetrics[0]" classname="org.apache.ratis.grpc.TestRaftServerWithGrpc" time="1.963">
    <failure type="java.lang.AssertionError">java.lang.AssertionError
	at org.junit.Assert.fail(Assert.java:87)
	at org.junit.Assert.assertTrue(Assert.java:42)
	at org.junit.Assert.assertTrue(Assert.java:53)
	at org.apache.ratis.grpc.TestRaftServerWithGrpc.testRaftClientRequestMetrics(TestRaftServerWithGrpc.java:316)
	at org.apache.ratis.server.impl.MiniRaftCluster$Factory$Get.runWithNewCluster(MiniRaftCluster.java:141)
	at org.apache.ratis.server.impl.MiniRaftCluster$Factory$Get.runWithNewCluster(MiniRaftCluster.java:121)
	at org.apache.ratis.grpc.TestRaftServerWithGrpc.testRaftClientMetrics(TestRaftServerWithGrpc.java:219)
	at java.base/jdk.internal.reflect.NativeMethodAccessorImpl.invoke0(Native Method)
	at java.base/jdk.internal.reflect.NativeMethodAccessorImpl.invoke(NativeMethodAccessorImpl.java:62)
	at java.base/jdk.internal.reflect.DelegatingMethodAccessorImpl.invoke(DelegatingMethodAccessorImpl.java:43)
	at java.base/java.lang.reflect.Method.invoke(Method.java:566)
	at org.junit.runners.model.FrameworkMethod$1.runReflectiveCall(FrameworkMethod.java:59)
	at org.junit.internal.runners.model.ReflectiveCallable.run(ReflectiveCallable.java:12)
	at org.junit.runners.model.FrameworkMethod.invokeExplosively(FrameworkMethod.java:56)
	at org.junit.internal.runners.statements.InvokeMethod.evaluate(InvokeMethod.java:17)
	at org.junit.internal.runners.statements.RunBefores.evaluate(RunBefores.java:26)
	at org.junit.internal.runners.statements.RunAfters.evaluate(RunAfters.java:27)
	at org.junit.internal.runners.statements.FailOnTimeout$CallableStatement.call(FailOnTimeout.java:299)
	at org.junit.internal.runners.statements.FailOnTimeout$CallableStatement.call(FailOnTimeout.java:293)
	at java.base/java.util.concurrent.FutureTask.run(FutureTask.java:264)
	at java.base/java.lang.Thread.run(Thread.java:829)
</failure>
    <system-out><![CDATA[2022-12-04 13:25:32,784 [main] INFO  util.LogUtils (Slf4jUtils.java:setLogLevel(38)) - Successfully set org.apache.ratis.conf.ConfUtils log level to WARN
2022-12-04 13:25:32,795 [main] INFO  util.LogUtils (Slf4jUtils.java:setLogLevel(38)) - Successfully set org.apache.ratis.util.FileUtils log level to TRACE
2022-12-04 13:25:32,798 [main] INFO  util.LogUtils (Slf4jUtils.java:setLogLevel(38)) - Successfully set org.apache.ratis.grpc.client.GrpcClientProtocolClient log level to TRACE
2022-12-04 13:25:32,817 [Time-limited test] INFO  impl.MiniRaftCluster (MiniRaftCluster.java:runWithNewCluster(135)) - Running runWithNewCluster
2022-12-04 13:25:32,865 [Time-limited test] INFO  impl.MiniRaftCluster (MiniRaftCluster.java:<init>(306)) - new MiniRaftClusterWithGrpc with group-972AA49E29D3:[s0|rpc:localhost:40711|admin:localhost:36203|client:localhost:34773|dataStream:localhost:35727|priority:0|startupRole:FOLLOWER, s1|rpc:localhost:46201|admin:localhost:42025|client:localhost:42051|dataStream:localhost:36903|priority:0|startupRole:FOLLOWER, s2|rpc:localhost:44193|admin:localhost:37671|client:localhost:43231|dataStream:localhost:42371|priority:0|startupRole:FOLLOWER]
2022-12-04 13:25:32,866 [Time-limited test] INFO  impl.MiniRaftCluster (MiniRaftCluster.java:start(339)) - .............................................................. 
2022-12-04 13:25:32,866 [Time-limited test] INFO  impl.MiniRaftCluster (MiniRaftCluster.java:start(340)) - ... 
2022-12-04 13:25:32,867 [Time-limited test] INFO  impl.MiniRaftCluster (MiniRaftCluster.java:start(341)) - ...     Starting MiniRaftClusterWithGrpc
2022-12-04 13:25:32,868 [Time-limited test] INFO  impl.MiniRaftCluster (MiniRaftCluster.java:start(342)) - ... 
2022-12-04 13:25:32,868 [Time-limited test] INFO  impl.MiniRaftCluster (MiniRaftCluster.java:start(343)) - .............................................................. 
2022-12-04 13:25:32,868 [Time-limited test] INFO  impl.MiniRaftCluster (MiniRaftCluster.java:initServers(318)) - servers = {}
2022-12-04 13:25:32,873 [Time-limited test] INFO  impl.MiniRaftCluster (MiniRaftCluster.java:newRaftServer(382)) - newRaftServer: s0, group-972AA49E29D3:[s0|rpc:localhost:40711|admin:localhost:36203|client:localhost:34773|dataStream:localhost:35727|priority:0|startupRole:FOLLOWER, s1|rpc:localhost:46201|admin:localhost:42025|client:localhost:42051|dataStream:localhost:36903|priority:0|startupRole:FOLLOWER, s2|rpc:localhost:44193|admin:localhost:37671|client:localhost:43231|dataStream:localhost:42371|priority:0|startupRole:FOLLOWER], format? true
2022-12-04 13:25:32,875 [Time-limited test] TRACE util.FileUtils (FileUtils.java:deleteFully(186)) - deleteFully target/test/data/fbf6a140/MiniRaftClusterWithGrpcdedd8257/s0
2022-12-04 13:25:32,875 [Time-limited test] TRACE util.FileUtils (FileUtils.java:deleteFully(202)) - deleteFully: target/test/data/fbf6a140/MiniRaftClusterWithGrpcdedd8257/s0 does not exist.
2022-12-04 13:25:32,876 [Time-limited test] INFO  impl.MiniRaftCluster (MiniRaftCluster.java:newRaftServer(387)) - Formatted directory target/test/data/fbf6a140/MiniRaftClusterWithGrpcdedd8257/s0
2022-12-04 13:25:32,895 [Time-limited test] INFO  server.RaftServer (ConfUtils.java:logGet(46)) - raft.rpc.type = GRPC (default)
2022-12-04 13:25:32,946 [Time-limited test] INFO  grpc.GrpcConfigKeys (ConfUtils.java:logFallback(53)) - raft.grpc.admin.host = null (fallback to raft.grpc.server.host)
2022-12-04 13:25:32,947 [Time-limited test] INFO  grpc.GrpcConfigKeys (ConfUtils.java:logGet(46)) - raft.grpc.admin.port = 36203 (custom)
2022-12-04 13:25:32,948 [Time-limited test] INFO  grpc.GrpcConfigKeys (ConfUtils.java:logFallback(53)) - raft.grpc.client.host = null (fallback to raft.grpc.server.host)
2022-12-04 13:25:32,948 [Time-limited test] INFO  grpc.GrpcConfigKeys (ConfUtils.java:logGet(46)) - raft.grpc.client.port = 34773 (custom)
2022-12-04 13:25:32,949 [Time-limited test] INFO  grpc.GrpcConfigKeys (ConfUtils.java:logGet(46)) - raft.grpc.server.host = null (default)
2022-12-04 13:25:32,949 [Time-limited test] INFO  grpc.GrpcConfigKeys (ConfUtils.java:logGet(46)) - raft.grpc.server.port = 40711 (custom)
2022-12-04 13:25:32,949 [Time-limited test] INFO  server.GrpcService (ConfUtils.java:logGet(46)) - raft.grpc.message.size.max = 64MB (=67108864) (default)
2022-12-04 13:25:32,952 [Time-limited test] INFO  server.RaftServerConfigKeys (ConfUtils.java:logGet(46)) - raft.server.log.appender.buffer.byte-limit = 4MB (=4194304) (default)
2022-12-04 13:25:32,952 [Time-limited test] INFO  server.GrpcService (ConfUtils.java:logGet(46)) - raft.grpc.flow.control.window = 1MB (=1048576) (default)
2022-12-04 13:25:32,953 [Time-limited test] INFO  server.RaftServerConfigKeys (ConfUtils.java:logGet(46)) - raft.server.rpc.request.timeout = 3000ms (default)
2022-12-04 13:25:32,966 [Time-limited test] INFO  grpc.GrpcConfigKeys (ConfUtils.java:logGet(46)) - raft.grpc.server.heartbeat.channel = false (custom)
2022-12-04 13:25:32,969 [Time-limited test] INFO  grpc.GrpcConfigKeys (ConfUtils.java:logGet(46)) - raft.grpc.server.async.request.thread.pool.cached = true (default)
2022-12-04 13:25:32,970 [Time-limited test] INFO  grpc.GrpcConfigKeys (ConfUtils.java:logGet(46)) - raft.grpc.server.async.request.thread.pool.size = 32 (default)
2022-12-04 13:25:33,129 [Time-limited test] INFO  impl.DataStreamServerImpl (ConfUtils.java:logGet(46)) - raft.datastream.type = DISABLED (default)
2022-12-04 13:25:33,131 [Time-limited test] INFO  server.RaftServerConfigKeys (ConfUtils.java:logGet(46)) - raft.server.threadpool.proxy.cached = true (default)
2022-12-04 13:25:33,132 [Time-limited test] INFO  server.RaftServerConfigKeys (ConfUtils.java:logGet(46)) - raft.server.threadpool.proxy.size = 0 (default)
2022-12-04 13:25:33,132 [Time-limited test] INFO  server.RaftServerConfigKeys (ConfUtils.java:logGet(46)) - raft.server.rpc.slowness.timeout = 60s (default)
2022-12-04 13:25:33,133 [Time-limited test] INFO  server.RaftServerConfigKeys (ConfUtils.java:logGet(46)) - raft.server.leaderelection.leader.step-down.wait-time = 10s (default)
2022-12-04 13:25:33,135 [Time-limited test] INFO  server.RaftServerConfigKeys (ConfUtils.java:logGet(46)) - raft.server.storage.dir = [/home/runner/work/ratis/ratis/ratis-test/target/test/data/fbf6a140/MiniRaftClusterWithGrpcdedd8257/s0] (custom)
2022-12-04 13:25:33,144 [Time-limited test] INFO  server.RaftServer (RaftServerProxy.java:addNew(99)) - s0: addNew group-972AA49E29D3:[s0|rpc:localhost:40711|admin:localhost:36203|client:localhost:34773|dataStream:localhost:35727|priority:0|startupRole:FOLLOWER, s1|rpc:localhost:46201|admin:localhost:42025|client:localhost:42051|dataStream:localhost:36903|priority:0|startupRole:FOLLOWER, s2|rpc:localhost:44193|admin:localhost:37671|client:localhost:43231|dataStream:localhost:42371|priority:0|startupRole:FOLLOWER] returns group-972AA49E29D3:java.util.concurrent.CompletableFuture@7d4eab6e[Not completed]
2022-12-04 13:25:33,144 [Time-limited test] INFO  impl.MiniRaftCluster (MiniRaftCluster.java:newRaftServer(382)) - newRaftServer: s1, group-972AA49E29D3:[s0|rpc:localhost:40711|admin:localhost:36203|client:localhost:34773|dataStream:localhost:35727|priority:0|startupRole:FOLLOWER, s1|rpc:localhost:46201|admin:localhost:42025|client:localhost:42051|dataStream:localhost:36903|priority:0|startupRole:FOLLOWER, s2|rpc:localhost:44193|admin:localhost:37671|client:localhost:43231|dataStream:localhost:42371|priority:0|startupRole:FOLLOWER], format? true
2022-12-04 13:25:33,144 [Time-limited test] TRACE util.FileUtils (FileUtils.java:deleteFully(186)) - deleteFully target/test/data/fbf6a140/MiniRaftClusterWithGrpcdedd8257/s1
2022-12-04 13:25:33,144 [Time-limited test] TRACE util.FileUtils (FileUtils.java:deleteFully(202)) - deleteFully: target/test/data/fbf6a140/MiniRaftClusterWithGrpcdedd8257/s1 does not exist.
2022-12-04 13:25:33,144 [Time-limited test] INFO  impl.MiniRaftCluster (MiniRaftCluster.java:newRaftServer(387)) - Formatted directory target/test/data/fbf6a140/MiniRaftClusterWithGrpcdedd8257/s1
2022-12-04 13:25:33,145 [Time-limited test] INFO  server.RaftServer (ConfUtils.java:logGet(46)) - raft.rpc.type = GRPC (default)
2022-12-04 13:25:33,145 [Time-limited test] INFO  grpc.GrpcConfigKeys (ConfUtils.java:logFallback(53)) - raft.grpc.admin.host = null (fallback to raft.grpc.server.host)
2022-12-04 13:25:33,145 [Time-limited test] INFO  grpc.GrpcConfigKeys (ConfUtils.java:logGet(46)) - raft.grpc.admin.port = 42025 (custom)
2022-12-04 13:25:33,145 [Time-limited test] INFO  grpc.GrpcConfigKeys (ConfUtils.java:logFallback(53)) - raft.grpc.client.host = null (fallback to raft.grpc.server.host)
2022-12-04 13:25:33,145 [Time-limited test] INFO  grpc.GrpcConfigKeys (ConfUtils.java:logGet(46)) - raft.grpc.client.port = 42051 (custom)
2022-12-04 13:25:33,146 [Time-limited test] INFO  grpc.GrpcConfigKeys (ConfUtils.java:logGet(46)) - raft.grpc.server.host = null (default)
2022-12-04 13:25:33,146 [Time-limited test] INFO  grpc.GrpcConfigKeys (ConfUtils.java:logGet(46)) - raft.grpc.server.port = 46201 (custom)
2022-12-04 13:25:33,146 [Time-limited test] INFO  server.GrpcService (ConfUtils.java:logGet(46)) - raft.grpc.message.size.max = 64MB (=67108864) (default)
2022-12-04 13:25:33,146 [Time-limited test] INFO  server.RaftServerConfigKeys (ConfUtils.java:logGet(46)) - raft.server.log.appender.buffer.byte-limit = 4MB (=4194304) (default)
2022-12-04 13:25:33,146 [Time-limited test] INFO  server.GrpcService (ConfUtils.java:logGet(46)) - raft.grpc.flow.control.window = 1MB (=1048576) (default)
2022-12-04 13:25:33,146 [Time-limited test] INFO  server.RaftServerConfigKeys (ConfUtils.java:logGet(46)) - raft.server.rpc.request.timeout = 3000ms (default)
2022-12-04 13:25:33,146 [Time-limited test] INFO  grpc.GrpcConfigKeys (ConfUtils.java:logGet(46)) - raft.grpc.server.heartbeat.channel = false (custom)
2022-12-04 13:25:33,147 [Time-limited test] INFO  grpc.GrpcConfigKeys (ConfUtils.java:logGet(46)) - raft.grpc.server.async.request.thread.pool.cached = true (default)
2022-12-04 13:25:33,147 [Time-limited test] INFO  grpc.GrpcConfigKeys (ConfUtils.java:logGet(46)) - raft.grpc.server.async.request.thread.pool.size = 32 (default)
2022-12-04 13:25:33,149 [Time-limited test] INFO  impl.DataStreamServerImpl (ConfUtils.java:logGet(46)) - raft.datastream.type = DISABLED (default)
2022-12-04 13:25:33,149 [Time-limited test] INFO  server.RaftServerConfigKeys (ConfUtils.java:logGet(46)) - raft.server.threadpool.proxy.cached = true (default)
2022-12-04 13:25:33,152 [Time-limited test] INFO  server.RaftServerConfigKeys (ConfUtils.java:logGet(46)) - raft.server.threadpool.proxy.size = 0 (default)
2022-12-04 13:25:33,152 [Time-limited test] INFO  server.RaftServerConfigKeys (ConfUtils.java:logGet(46)) - raft.server.rpc.slowness.timeout = 60s (default)
2022-12-04 13:25:33,153 [Time-limited test] INFO  server.RaftServerConfigKeys (ConfUtils.java:logGet(46)) - raft.server.leaderelection.leader.step-down.wait-time = 10s (default)
2022-12-04 13:25:33,153 [Time-limited test] INFO  server.RaftServerConfigKeys (ConfUtils.java:logGet(46)) - raft.server.storage.dir = [/home/runner/work/ratis/ratis/ratis-test/target/test/data/fbf6a140/MiniRaftClusterWithGrpcdedd8257/s1] (custom)
2022-12-04 13:25:33,161 [Time-limited test] INFO  server.RaftServer (RaftServerProxy.java:addNew(99)) - s1: addNew group-972AA49E29D3:[s0|rpc:localhost:40711|admin:localhost:36203|client:localhost:34773|dataStream:localhost:35727|priority:0|startupRole:FOLLOWER, s1|rpc:localhost:46201|admin:localhost:42025|client:localhost:42051|dataStream:localhost:36903|priority:0|startupRole:FOLLOWER, s2|rpc:localhost:44193|admin:localhost:37671|client:localhost:43231|dataStream:localhost:42371|priority:0|startupRole:FOLLOWER] returns group-972AA49E29D3:java.util.concurrent.CompletableFuture@396295d[Not completed]
2022-12-04 13:25:33,161 [Time-limited test] INFO  impl.MiniRaftCluster (MiniRaftCluster.java:newRaftServer(382)) - newRaftServer: s2, group-972AA49E29D3:[s0|rpc:localhost:40711|admin:localhost:36203|client:localhost:34773|dataStream:localhost:35727|priority:0|startupRole:FOLLOWER, s1|rpc:localhost:46201|admin:localhost:42025|client:localhost:42051|dataStream:localhost:36903|priority:0|startupRole:FOLLOWER, s2|rpc:localhost:44193|admin:localhost:37671|client:localhost:43231|dataStream:localhost:42371|priority:0|startupRole:FOLLOWER], format? true
2022-12-04 13:25:33,161 [Time-limited test] TRACE util.FileUtils (FileUtils.java:deleteFully(186)) - deleteFully target/test/data/fbf6a140/MiniRaftClusterWithGrpcdedd8257/s2
2022-12-04 13:25:33,161 [Time-limited test] TRACE util.FileUtils (FileUtils.java:deleteFully(202)) - deleteFully: target/test/data/fbf6a140/MiniRaftClusterWithGrpcdedd8257/s2 does not exist.
2022-12-04 13:25:33,161 [Time-limited test] INFO  impl.MiniRaftCluster (MiniRaftCluster.java:newRaftServer(387)) - Formatted directory target/test/data/fbf6a140/MiniRaftClusterWithGrpcdedd8257/s2
2022-12-04 13:25:33,162 [Time-limited test] INFO  server.RaftServer (ConfUtils.java:logGet(46)) - raft.rpc.type = GRPC (default)
2022-12-04 13:25:33,162 [Time-limited test] INFO  grpc.GrpcConfigKeys (ConfUtils.java:logFallback(53)) - raft.grpc.admin.host = null (fallback to raft.grpc.server.host)
2022-12-04 13:25:33,162 [Time-limited test] INFO  grpc.GrpcConfigKeys (ConfUtils.java:logGet(46)) - raft.grpc.admin.port = 37671 (custom)
2022-12-04 13:25:33,162 [Time-limited test] INFO  grpc.GrpcConfigKeys (ConfUtils.java:logFallback(53)) - raft.grpc.client.host = null (fallback to raft.grpc.server.host)
2022-12-04 13:25:33,163 [Time-limited test] INFO  grpc.GrpcConfigKeys (ConfUtils.java:logGet(46)) - raft.grpc.client.port = 43231 (custom)
2022-12-04 13:25:33,163 [Time-limited test] INFO  grpc.GrpcConfigKeys (ConfUtils.java:logGet(46)) - raft.grpc.server.host = null (default)
2022-12-04 13:25:33,163 [Time-limited test] INFO  grpc.GrpcConfigKeys (ConfUtils.java:logGet(46)) - raft.grpc.server.port = 44193 (custom)
2022-12-04 13:25:33,163 [Time-limited test] INFO  server.GrpcService (ConfUtils.java:logGet(46)) - raft.grpc.message.size.max = 64MB (=67108864) (default)
2022-12-04 13:25:33,163 [Time-limited test] INFO  server.RaftServerConfigKeys (ConfUtils.java:logGet(46)) - raft.server.log.appender.buffer.byte-limit = 4MB (=4194304) (default)
2022-12-04 13:25:33,163 [Time-limited test] INFO  server.GrpcService (ConfUtils.java:logGet(46)) - raft.grpc.flow.control.window = 1MB (=1048576) (default)
2022-12-04 13:25:33,163 [Time-limited test] INFO  server.RaftServerConfigKeys (ConfUtils.java:logGet(46)) - raft.server.rpc.request.timeout = 3000ms (default)
2022-12-04 13:25:33,164 [Time-limited test] INFO  grpc.GrpcConfigKeys (ConfUtils.java:logGet(46)) - raft.grpc.server.heartbeat.channel = false (custom)
2022-12-04 13:25:33,164 [Time-limited test] INFO  grpc.GrpcConfigKeys (ConfUtils.java:logGet(46)) - raft.grpc.server.async.request.thread.pool.cached = true (default)
2022-12-04 13:25:33,164 [Time-limited test] INFO  grpc.GrpcConfigKeys (ConfUtils.java:logGet(46)) - raft.grpc.server.async.request.thread.pool.size = 32 (default)
2022-12-04 13:25:33,172 [Time-limited test] INFO  impl.DataStreamServerImpl (ConfUtils.java:logGet(46)) - raft.datastream.type = DISABLED (default)
2022-12-04 13:25:33,173 [Time-limited test] INFO  server.RaftServerConfigKeys (ConfUtils.java:logGet(46)) - raft.server.threadpool.proxy.cached = true (default)
2022-12-04 13:25:33,173 [Time-limited test] INFO  server.RaftServerConfigKeys (ConfUtils.java:logGet(46)) - raft.server.threadpool.proxy.size = 0 (default)
2022-12-04 13:25:33,173 [Time-limited test] INFO  server.RaftServerConfigKeys (ConfUtils.java:logGet(46)) - raft.server.rpc.slowness.timeout = 60s (default)
2022-12-04 13:25:33,173 [pool-1-thread-1] INFO  server.RaftServerConfigKeys (ConfUtils.java:logGet(46)) - raft.server.log.segment.size.max = 8MB (=8388608) (default)
2022-12-04 13:25:33,175 [pool-1-thread-1] INFO  server.RaftServerConfigKeys (ConfUtils.java:logGet(46)) - raft.server.log.preallocated.size = 4MB (=4194304) (default)
2022-12-04 13:25:33,175 [pool-1-thread-1] INFO  server.RaftServerConfigKeys (ConfUtils.java:logGet(46)) - raft.server.log.write.buffer.size = 64KB (=65536) (default)
2022-12-04 13:25:33,174 [pool-2-thread-1] INFO  server.RaftServerConfigKeys (ConfUtils.java:logGet(46)) - raft.server.log.segment.size.max = 8MB (=8388608) (default)
2022-12-04 13:25:33,177 [pool-2-thread-1] INFO  server.RaftServerConfigKeys (ConfUtils.java:logGet(46)) - raft.server.log.preallocated.size = 4MB (=4194304) (default)
2022-12-04 13:25:33,178 [pool-2-thread-1] INFO  server.RaftServerConfigKeys (ConfUtils.java:logGet(46)) - raft.server.log.write.buffer.size = 64KB (=65536) (default)
2022-12-04 13:25:33,179 [pool-2-thread-1] INFO  server.RaftServer$Division (RaftServerImpl.java:<init>(198)) - s1: new RaftServerImpl for group-972AA49E29D3:[s0|rpc:localhost:40711|admin:localhost:36203|client:localhost:34773|dataStream:localhost:35727|priority:0|startupRole:FOLLOWER, s1|rpc:localhost:46201|admin:localhost:42025|client:localhost:42051|dataStream:localhost:36903|priority:0|startupRole:FOLLOWER, s2|rpc:localhost:44193|admin:localhost:37671|client:localhost:43231|dataStream:localhost:42371|priority:0|startupRole:FOLLOWER] with SimpleStateMachine4Testing:uninitialized
2022-12-04 13:25:33,174 [Time-limited test] INFO  server.RaftServerConfigKeys (ConfUtils.java:logGet(46)) - raft.server.leaderelection.leader.step-down.wait-time = 10s (default)
2022-12-04 13:25:33,180 [Time-limited test] INFO  server.RaftServerConfigKeys (ConfUtils.java:logGet(46)) - raft.server.storage.dir = [/home/runner/work/ratis/ratis/ratis-test/target/test/data/fbf6a140/MiniRaftClusterWithGrpcdedd8257/s2] (custom)
2022-12-04 13:25:33,179 [pool-1-thread-1] INFO  server.RaftServer$Division (RaftServerImpl.java:<init>(198)) - s0: new RaftServerImpl for group-972AA49E29D3:[s0|rpc:localhost:40711|admin:localhost:36203|client:localhost:34773|dataStream:localhost:35727|priority:0|startupRole:FOLLOWER, s1|rpc:localhost:46201|admin:localhost:42025|client:localhost:42051|dataStream:localhost:36903|priority:0|startupRole:FOLLOWER, s2|rpc:localhost:44193|admin:localhost:37671|client:localhost:43231|dataStream:localhost:42371|priority:0|startupRole:FOLLOWER] with SimpleStateMachine4Testing:uninitialized
2022-12-04 13:25:33,185 [pool-1-thread-1] INFO  server.RaftServerConfigKeys (ConfUtils.java:logGet(46)) - raft.server.rpc.timeout.min = 150ms (default)
2022-12-04 13:25:33,186 [pool-1-thread-1] INFO  server.RaftServerConfigKeys (ConfUtils.java:logGet(46)) - raft.server.rpc.timeout.max = 300ms (default)
2022-12-04 13:25:33,186 [pool-1-thread-1] INFO  server.RaftServerConfigKeys (ConfUtils.java:logGet(46)) - raft.server.rpc.sleep.time = 25ms (default)
2022-12-04 13:25:33,186 [pool-1-thread-1] INFO  server.RaftServerConfigKeys (ConfUtils.java:logGet(46)) - raft.server.rpc.slowness.timeout = 60s (default)
2022-12-04 13:25:33,186 [pool-1-thread-1] INFO  server.RaftServerConfigKeys (ConfUtils.java:logGet(46)) - raft.server.leaderelection.leader.step-down.wait-time = 10s (default)
2022-12-04 13:25:33,184 [pool-2-thread-1] INFO  server.RaftServerConfigKeys (ConfUtils.java:logGet(46)) - raft.server.rpc.timeout.min = 150ms (default)
2022-12-04 13:25:33,189 [pool-1-thread-1] INFO  server.RaftServerConfigKeys (ConfUtils.java:logGet(46)) - raft.server.sleep.deviation.threshold = 300ms (default)
2022-12-04 13:25:33,190 [pool-2-thread-1] INFO  server.RaftServerConfigKeys (ConfUtils.java:logGet(46)) - raft.server.rpc.timeout.max = 300ms (default)
2022-12-04 13:25:33,192 [pool-2-thread-1] INFO  server.RaftServerConfigKeys (ConfUtils.java:logGet(46)) - raft.server.rpc.sleep.time = 25ms (default)
2022-12-04 13:25:33,192 [pool-2-thread-1] INFO  server.RaftServerConfigKeys (ConfUtils.java:logGet(46)) - raft.server.rpc.slowness.timeout = 60s (default)
2022-12-04 13:25:33,193 [pool-2-thread-1] INFO  server.RaftServerConfigKeys (ConfUtils.java:logGet(46)) - raft.server.leaderelection.leader.step-down.wait-time = 10s (default)
2022-12-04 13:25:33,195 [pool-2-thread-1] INFO  server.RaftServerConfigKeys (ConfUtils.java:logGet(46)) - raft.server.sleep.deviation.threshold = 300ms (default)
2022-12-04 13:25:33,216 [Time-limited test] INFO  server.RaftServer (RaftServerProxy.java:addNew(99)) - s2: addNew group-972AA49E29D3:[s0|rpc:localhost:40711|admin:localhost:36203|client:localhost:34773|dataStream:localhost:35727|priority:0|startupRole:FOLLOWER, s1|rpc:localhost:46201|admin:localhost:42025|client:localhost:42051|dataStream:localhost:36903|priority:0|startupRole:FOLLOWER, s2|rpc:localhost:44193|admin:localhost:37671|client:localhost:43231|dataStream:localhost:42371|priority:0|startupRole:FOLLOWER] returns group-972AA49E29D3:java.util.concurrent.CompletableFuture@25afb38c[Not completed]
2022-12-04 13:25:33,216 [pool-3-thread-1] INFO  server.RaftServerConfigKeys (ConfUtils.java:logGet(46)) - raft.server.log.segment.size.max = 8MB (=8388608) (default)
2022-12-04 13:25:33,216 [pool-3-thread-1] INFO  server.RaftServerConfigKeys (ConfUtils.java:logGet(46)) - raft.server.log.preallocated.size = 4MB (=4194304) (default)
2022-12-04 13:25:33,226 [pool-3-thread-1] INFO  server.RaftServerConfigKeys (ConfUtils.java:logGet(46)) - raft.server.log.write.buffer.size = 64KB (=65536) (default)
2022-12-04 13:25:33,226 [pool-3-thread-1] INFO  server.RaftServer$Division (RaftServerImpl.java:<init>(198)) - s2: new RaftServerImpl for group-972AA49E29D3:[s0|rpc:localhost:40711|admin:localhost:36203|client:localhost:34773|dataStream:localhost:35727|priority:0|startupRole:FOLLOWER, s1|rpc:localhost:46201|admin:localhost:42025|client:localhost:42051|dataStream:localhost:36903|priority:0|startupRole:FOLLOWER, s2|rpc:localhost:44193|admin:localhost:37671|client:localhost:43231|dataStream:localhost:42371|priority:0|startupRole:FOLLOWER] with SimpleStateMachine4Testing:uninitialized
2022-12-04 13:25:33,226 [pool-3-thread-1] INFO  server.RaftServerConfigKeys (ConfUtils.java:logGet(46)) - raft.server.rpc.timeout.min = 150ms (default)
2022-12-04 13:25:33,226 [pool-3-thread-1] INFO  server.RaftServerConfigKeys (ConfUtils.java:logGet(46)) - raft.server.rpc.timeout.max = 300ms (default)
2022-12-04 13:25:33,226 [pool-3-thread-1] INFO  server.RaftServerConfigKeys (ConfUtils.java:logGet(46)) - raft.server.rpc.sleep.time = 25ms (default)
2022-12-04 13:25:33,224 [pool-1-thread-1] INFO  server.RaftServer$Division (ServerState.java:<init>(113)) - s0@group-972AA49E29D3: ConfigurationManager, init=-1: peers:[s0|rpc:localhost:40711|admin:localhost:36203|client:localhost:34773|dataStream:localhost:35727|priority:0|startupRole:FOLLOWER, s1|rpc:localhost:46201|admin:localhost:42025|client:localhost:42051|dataStream:localhost:36903|priority:0|startupRole:FOLLOWER, s2|rpc:localhost:44193|admin:localhost:37671|client:localhost:43231|dataStream:localhost:42371|priority:0|startupRole:FOLLOWER]|listeners:[], old=null, confs=<EMPTY_MAP>
2022-12-04 13:25:33,221 [pool-2-thread-1] INFO  server.RaftServer$Division (ServerState.java:<init>(113)) - s1@group-972AA49E29D3: ConfigurationManager, init=-1: peers:[s0|rpc:localhost:40711|admin:localhost:36203|client:localhost:34773|dataStream:localhost:35727|priority:0|startupRole:FOLLOWER, s1|rpc:localhost:46201|admin:localhost:42025|client:localhost:42051|dataStream:localhost:36903|priority:0|startupRole:FOLLOWER, s2|rpc:localhost:44193|admin:localhost:37671|client:localhost:43231|dataStream:localhost:42371|priority:0|startupRole:FOLLOWER]|listeners:[], old=null, confs=<EMPTY_MAP>
2022-12-04 13:25:33,229 [pool-3-thread-1] INFO  server.RaftServerConfigKeys (ConfUtils.java:logGet(46)) - raft.server.rpc.slowness.timeout = 60s (default)
2022-12-04 13:25:33,237 [pool-3-thread-1] INFO  server.RaftServerConfigKeys (ConfUtils.java:logGet(46)) - raft.server.leaderelection.leader.step-down.wait-time = 10s (default)
2022-12-04 13:25:33,237 [pool-3-thread-1] INFO  server.RaftServerConfigKeys (ConfUtils.java:logGet(46)) - raft.server.sleep.deviation.threshold = 300ms (default)
2022-12-04 13:25:33,237 [pool-3-thread-1] INFO  server.RaftServer$Division (ServerState.java:<init>(113)) - s2@group-972AA49E29D3: ConfigurationManager, init=-1: peers:[s0|rpc:localhost:40711|admin:localhost:36203|client:localhost:34773|dataStream:localhost:35727|priority:0|startupRole:FOLLOWER, s1|rpc:localhost:46201|admin:localhost:42025|client:localhost:42051|dataStream:localhost:36903|priority:0|startupRole:FOLLOWER, s2|rpc:localhost:44193|admin:localhost:37671|client:localhost:43231|dataStream:localhost:42371|priority:0|startupRole:FOLLOWER]|listeners:[], old=null, confs=<EMPTY_MAP>
2022-12-04 13:25:33,237 [pool-3-thread-1] INFO  server.RaftServerConfigKeys (ConfUtils.java:logGet(46)) - raft.server.notification.no-leader.timeout = 60s (default)
2022-12-04 13:25:33,240 [pool-3-thread-1] INFO  server.RaftServerConfigKeys (ConfUtils.java:logGet(46)) - raft.server.read.timeout = 10s (default)
2022-12-04 13:25:33,237 [pool-2-thread-1] INFO  server.RaftServerConfigKeys (ConfUtils.java:logGet(46)) - raft.server.notification.no-leader.timeout = 60s (default)
2022-12-04 13:25:33,240 [pool-2-thread-1] INFO  server.RaftServerConfigKeys (ConfUtils.java:logGet(46)) - raft.server.read.timeout = 10s (default)
2022-12-04 13:25:33,240 [pool-1-thread-1] INFO  server.RaftServerConfigKeys (ConfUtils.java:logGet(46)) - raft.server.notification.no-leader.timeout = 60s (default)
2022-12-04 13:25:33,241 [pool-1-thread-1] INFO  server.RaftServerConfigKeys (ConfUtils.java:logGet(46)) - raft.server.read.timeout = 10s (default)
2022-12-04 13:25:33,243 [pool-2-thread-1] INFO  server.RaftServerConfigKeys (ConfUtils.java:logGet(46)) - raft.server.retrycache.expirytime = 60s (default)
2022-12-04 13:25:33,244 [pool-2-thread-1] INFO  server.RaftServerConfigKeys (ConfUtils.java:logGet(46)) - raft.server.retrycache.statistics.expirytime = 100μs (default)
2022-12-04 13:25:33,243 [pool-1-thread-1] INFO  server.RaftServerConfigKeys (ConfUtils.java:logGet(46)) - raft.server.retrycache.expirytime = 60s (default)
2022-12-04 13:25:33,245 [pool-1-thread-1] INFO  server.RaftServerConfigKeys (ConfUtils.java:logGet(46)) - raft.server.retrycache.statistics.expirytime = 100μs (default)
2022-12-04 13:25:33,243 [pool-3-thread-1] INFO  server.RaftServerConfigKeys (ConfUtils.java:logGet(46)) - raft.server.retrycache.expirytime = 60s (default)
2022-12-04 13:25:33,245 [pool-3-thread-1] INFO  server.RaftServerConfigKeys (ConfUtils.java:logGet(46)) - raft.server.retrycache.statistics.expirytime = 100μs (default)
2022-12-04 13:25:33,258 [pool-2-thread-1] INFO  server.RaftServerConfigKeys (ConfUtils.java:logGet(46)) - raft.server.read.option = DEFAULT (default)
2022-12-04 13:25:33,258 [pool-3-thread-1] INFO  server.RaftServerConfigKeys (ConfUtils.java:logGet(46)) - raft.server.read.option = DEFAULT (default)
2022-12-04 13:25:33,268 [pool-3-thread-1] INFO  metrics.MetricRegistries (MetricRegistriesLoader.java:load(64)) - Loaded MetricRegistries class org.apache.ratis.metrics.impl.MetricRegistriesImpl
2022-12-04 13:25:33,268 [pool-1-thread-1] INFO  server.RaftServerConfigKeys (ConfUtils.java:logGet(46)) - raft.server.read.option = DEFAULT (default)
2022-12-04 13:25:33,377 [pool-2-thread-1] INFO  server.RaftServerConfigKeys (ConfUtils.java:logGet(46)) - raft.server.log.appender.install.snapshot.enabled = true (default)
2022-12-04 13:25:33,377 [pool-3-thread-1] INFO  server.RaftServerConfigKeys (ConfUtils.java:logGet(46)) - raft.server.log.appender.install.snapshot.enabled = true (default)
2022-12-04 13:25:33,377 [pool-2-thread-1] INFO  server.RaftServerConfigKeys (ConfUtils.java:logGet(46)) - raft.server.threadpool.server.cached = true (default)
2022-12-04 13:25:33,377 [pool-3-thread-1] INFO  server.RaftServerConfigKeys (ConfUtils.java:logGet(46)) - raft.server.threadpool.server.cached = true (default)
2022-12-04 13:25:33,378 [pool-2-thread-1] INFO  server.RaftServerConfigKeys (ConfUtils.java:logGet(46)) - raft.server.threadpool.server.size = 0 (default)
2022-12-04 13:25:33,378 [pool-3-thread-1] INFO  server.RaftServerConfigKeys (ConfUtils.java:logGet(46)) - raft.server.threadpool.server.size = 0 (default)
2022-12-04 13:25:33,378 [pool-2-thread-1] INFO  server.RaftServerConfigKeys (ConfUtils.java:logGet(46)) - raft.server.threadpool.client.cached = true (default)
2022-12-04 13:25:33,378 [pool-3-thread-1] INFO  server.RaftServerConfigKeys (ConfUtils.java:logGet(46)) - raft.server.threadpool.client.cached = true (default)
2022-12-04 13:25:33,378 [pool-1-thread-1] INFO  server.RaftServerConfigKeys (ConfUtils.java:logGet(46)) - raft.server.log.appender.install.snapshot.enabled = true (default)
2022-12-04 13:25:33,378 [pool-1-thread-1] INFO  server.RaftServerConfigKeys (ConfUtils.java:logGet(46)) - raft.server.threadpool.server.cached = true (default)
2022-12-04 13:25:33,379 [pool-1-thread-1] INFO  server.RaftServerConfigKeys (ConfUtils.java:logGet(46)) - raft.server.threadpool.server.size = 0 (default)
2022-12-04 13:25:33,379 [pool-1-thread-1] INFO  server.RaftServerConfigKeys (ConfUtils.java:logGet(46)) - raft.server.threadpool.client.cached = true (default)
2022-12-04 13:25:33,380 [pool-1-thread-1] INFO  server.RaftServerConfigKeys (ConfUtils.java:logGet(46)) - raft.server.threadpool.client.size = 0 (default)
2022-12-04 13:25:33,381 [s0-impl-thread1] INFO  server.RaftServerConfigKeys (ConfUtils.java:logGet(46)) - raft.server.storage.free-space.min = 0MB (=0) (default)
2022-12-04 13:25:33,381 [s0-impl-thread1] INFO  server.RaftServerConfigKeys (ConfUtils.java:logGet(46)) - raft.server.log.corruption.policy = EXCEPTION (default)
2022-12-04 13:25:33,382 [s0-impl-thread1] INFO  server.RaftServerConfigKeys (ConfUtils.java:logGet(46)) - raft.server.storage.dir = [/home/runner/work/ratis/ratis/ratis-test/target/test/data/fbf6a140/MiniRaftClusterWithGrpcdedd8257/s0] (custom)
2022-12-04 13:25:33,383 [pool-3-thread-1] INFO  server.RaftServerConfigKeys (ConfUtils.java:logGet(46)) - raft.server.threadpool.client.size = 0 (default)
2022-12-04 13:25:33,383 [pool-2-thread-1] INFO  server.RaftServerConfigKeys (ConfUtils.java:logGet(46)) - raft.server.threadpool.client.size = 0 (default)
2022-12-04 13:25:33,391 [s0-impl-thread1] INFO  storage.RaftStorageDirectory (RaftStorageDirectoryImpl.java:analyzeStorage(138)) - The storage directory /home/runner/work/ratis/ratis/ratis-test/target/test/data/fbf6a140/MiniRaftClusterWithGrpcdedd8257/s0/002905f4-b9f9-423a-acfa-972aa49e29d3 does not exist. Creating ...
2022-12-04 13:25:33,395 [s0-impl-thread1] TRACE util.FileUtils (LogUtils.java:runAndLog(49)) - Successfully ran Files.createDirectories /home/runner/work/ratis/ratis/ratis-test/target/test/data/fbf6a140/MiniRaftClusterWithGrpcdedd8257/s0/002905f4-b9f9-423a-acfa-972aa49e29d3
2022-12-04 13:25:33,400 [s0-impl-thread1] INFO  storage.RaftStorageDirectory (RaftStorageDirectoryImpl.java:tryLock(232)) - Lock on /home/runner/work/ratis/ratis/ratis-test/target/test/data/fbf6a140/MiniRaftClusterWithGrpcdedd8257/s0/002905f4-b9f9-423a-acfa-972aa49e29d3/in_use.lock acquired by nodename 6658@fv-az203-367
2022-12-04 13:25:33,401 [s0-impl-thread1] TRACE util.FileUtils (LogUtils.java:runAndLog(49)) - Successfully ran Files.createDirectories /home/runner/work/ratis/ratis/ratis-test/target/test/data/fbf6a140/MiniRaftClusterWithGrpcdedd8257/s0/002905f4-b9f9-423a-acfa-972aa49e29d3/current
2022-12-04 13:25:33,401 [s0-impl-thread1] TRACE util.FileUtils (LogUtils.java:runAndLog(49)) - Successfully ran Files.createDirectories /home/runner/work/ratis/ratis/ratis-test/target/test/data/fbf6a140/MiniRaftClusterWithGrpcdedd8257/s0/002905f4-b9f9-423a-acfa-972aa49e29d3/sm
2022-12-04 13:25:33,411 [s0-impl-thread1] INFO  storage.RaftStorage (RaftStorageImpl.java:format(96)) - Storage directory /home/runner/work/ratis/ratis/ratis-test/target/test/data/fbf6a140/MiniRaftClusterWithGrpcdedd8257/s0/002905f4-b9f9-423a-acfa-972aa49e29d3 has been successfully formatted.
2022-12-04 13:25:33,412 [s0-impl-thread1] INFO  impl.SimpleStateMachine4Testing (SimpleStateMachine4Testing.java:initialize(213)) - Initializing SimpleStateMachine4Testing:uninitialized
2022-12-04 13:25:33,414 [s0-impl-thread1] INFO  impl.SimpleStateMachine4Testing (SimpleStateMachine4Testing.java:loadSnapshot(293)) - Loading snapshot null
2022-12-04 13:25:33,415 [s0-impl-thread1] INFO  server.RaftServerConfigKeys (ConfUtils.java:logGet(46)) - raft.server.log.use.memory = false (default)
2022-12-04 13:25:33,420 [s0-impl-thread1] INFO  server.RaftServerConfigKeys (ConfUtils.java:logGet(46)) - raft.server.log.purge.gap = 1024 (default)
2022-12-04 13:25:33,420 [s0-impl-thread1] INFO  server.RaftServerConfigKeys (ConfUtils.java:logGet(46)) - raft.server.log.appender.buffer.byte-limit = 4MB (=4194304) (default)
2022-12-04 13:25:33,421 [s0-impl-thread1] INFO  server.RaftServerConfigKeys (ConfUtils.java:logGet(46)) - raft.server.log.statemachine.data.read.timeout = 1000ms (default)
2022-12-04 13:25:33,426 [s0-impl-thread1] INFO  server.RaftServerConfigKeys (ConfUtils.java:logGet(46)) - raft.server.log.purge.preservation.log.num = 0 (default)
2022-12-04 13:25:33,434 [s0-impl-thread1] INFO  server.RaftServerConfigKeys (ConfUtils.java:logGet(46)) - raft.server.log.segment.size.max = 8MB (=8388608) (default)
2022-12-04 13:25:33,438 [s0-impl-thread1] INFO  server.RaftServerConfigKeys (ConfUtils.java:logGet(46)) - raft.server.log.segment.cache.num.max = 6 (default)
2022-12-04 13:25:33,439 [s0-impl-thread1] INFO  server.RaftServerConfigKeys (ConfUtils.java:logGet(46)) - raft.server.log.segment.cache.size.max = 200MB (=209715200) (default)
2022-12-04 13:25:33,444 [s0-impl-thread1] INFO  segmented.SegmentedRaftLogWorker (SegmentedRaftLogWorker.java:<init>(184)) - new s0@group-972AA49E29D3-SegmentedRaftLogWorker for RaftStorageImpl:Storage Directory /home/runner/work/ratis/ratis/ratis-test/target/test/data/fbf6a140/MiniRaftClusterWithGrpcdedd8257/s0/002905f4-b9f9-423a-acfa-972aa49e29d3
2022-12-04 13:25:33,444 [s0-impl-thread1] INFO  server.RaftServerConfigKeys (ConfUtils.java:logGet(46)) - raft.server.log.queue.byte-limit = 64MB (=67108864) (default)
2022-12-04 13:25:33,444 [s0-impl-thread1] INFO  server.RaftServerConfigKeys (ConfUtils.java:logGet(46)) - raft.server.log.queue.element-limit = 4096 (default)
2022-12-04 13:25:33,445 [s0-impl-thread1] INFO  server.RaftServerConfigKeys (ConfUtils.java:logGet(46)) - raft.server.log.segment.size.max = 8MB (=8388608) (default)
2022-12-04 13:25:33,446 [s0-impl-thread1] INFO  server.RaftServerConfigKeys (ConfUtils.java:logGet(46)) - raft.server.log.preallocated.size = 4MB (=4194304) (default)
2022-12-04 13:25:33,446 [s0-impl-thread1] INFO  server.RaftServerConfigKeys (ConfUtils.java:logGet(46)) - raft.server.log.force.sync.num = 128 (default)
2022-12-04 13:25:33,447 [s0-impl-thread1] INFO  server.RaftServerConfigKeys (ConfUtils.java:logGet(46)) - raft.server.log.statemachine.data.sync = true (default)
2022-12-04 13:25:33,447 [s0-impl-thread1] INFO  server.RaftServerConfigKeys (ConfUtils.java:logGet(46)) - raft.server.log.statemachine.data.sync.timeout = 10s (default)
2022-12-04 13:25:33,447 [s0-impl-thread1] INFO  server.RaftServerConfigKeys (ConfUtils.java:logGet(46)) - raft.server.log.statemachine.data.sync.timeout.retry = -1 (default)
2022-12-04 13:25:33,452 [s0-impl-thread1] INFO  server.RaftServerConfigKeys (ConfUtils.java:logGet(46)) - raft.server.log.write.buffer.size = 64KB (=65536) (default)
2022-12-04 13:25:33,453 [s0-impl-thread1] INFO  server.RaftServerConfigKeys (ConfUtils.java:logGet(46)) - raft.server.log.appender.buffer.byte-limit = 4MB (=4194304) (default)
2022-12-04 13:25:33,455 [s0-impl-thread1] INFO  server.RaftServerConfigKeys (ConfUtils.java:logGet(46)) - raft.server.log.unsafe-flush.enabled = false (default)
2022-12-04 13:25:33,455 [s0-impl-thread1] INFO  server.RaftServerConfigKeys (ConfUtils.java:logGet(46)) - raft.server.log.async-flush.enabled = false (default)
2022-12-04 13:25:33,455 [s0-impl-thread1] INFO  server.RaftServerConfigKeys (ConfUtils.java:logGet(46)) - raft.server.log.statemachine.data.caching.enabled = false (default)
2022-12-04 13:25:33,460 [s0-impl-thread1] INFO  segmented.SegmentedRaftLogWorker (SegmentedRaftLogWorker.java:lambda$new$0(134)) - s0@group-972AA49E29D3-SegmentedRaftLogWorker: flushIndex: setUnconditionally 0 -> -1
2022-12-04 13:25:33,460 [s0-impl-thread1] INFO  segmented.SegmentedRaftLogWorker (SegmentedRaftLogWorker.java:lambda$new$0(134)) - s0@group-972AA49E29D3-SegmentedRaftLogWorker: safeCacheEvictIndex: setUnconditionally 0 -> -1
2022-12-04 13:25:33,461 [s0-impl-thread1] INFO  server.RaftServer$Division (RaftServerImpl.java:start(338)) - s0@group-972AA49E29D3: start as a follower, conf=-1: peers:[s0|rpc:localhost:40711|admin:localhost:36203|client:localhost:34773|dataStream:localhost:35727|priority:0|startupRole:FOLLOWER, s1|rpc:localhost:46201|admin:localhost:42025|client:localhost:42051|dataStream:localhost:36903|priority:0|startupRole:FOLLOWER, s2|rpc:localhost:44193|admin:localhost:37671|client:localhost:43231|dataStream:localhost:42371|priority:0|startupRole:FOLLOWER]|listeners:[], old=null
2022-12-04 13:25:33,461 [s0-impl-thread1] INFO  server.RaftServer$Division (RaftServerImpl.java:setRole(325)) - s0@group-972AA49E29D3: changes role from      null to FOLLOWER at term 0 for startAsFollower
2022-12-04 13:25:33,465 [s0-impl-thread1] INFO  impl.RoleInfo (RoleInfo.java:updateAndGet(139)) - s0: start s0@group-972AA49E29D3-FollowerState
2022-12-04 13:25:33,466 [s0@group-972AA49E29D3-FollowerState] INFO  server.RaftServerConfigKeys (ConfUtils.java:logFallback(53)) - raft.server.rpc.first-election.timeout.min = 150ms (fallback to raft.server.rpc.timeout.min)
2022-12-04 13:25:33,470 [s0-impl-thread1] INFO  util.JmxRegister (JmxRegister.java:tryRegister(44)) - Successfully registered JMX Bean with object name Ratis:service=RaftServer,group=group-972AA49E29D3,id=s0
2022-12-04 13:25:33,472 [s0-impl-thread1] INFO  server.RaftServerConfigKeys (ConfUtils.java:logGet(46)) - raft.server.snapshot.auto.trigger.enabled = false (default)
2022-12-04 13:25:33,472 [s0-impl-thread1] INFO  server.RaftServerConfigKeys (ConfUtils.java:logGet(46)) - raft.server.snapshot.retention.file.num = -1 (default)
2022-12-04 13:25:33,473 [s0-impl-thread1] INFO  server.RaftServerConfigKeys (ConfUtils.java:logGet(46)) - raft.server.log.purge.upto.snapshot.index = false (default)
2022-12-04 13:25:33,475 [s0@group-972AA49E29D3-FollowerState] INFO  server.RaftServerConfigKeys (ConfUtils.java:logFallback(53)) - raft.server.rpc.first-election.timeout.max = 300ms (fallback to raft.server.rpc.timeout.max)
2022-12-04 13:25:33,480 [Time-limited test] INFO  server.RaftServer (RaftServerProxy.java:startImpl(396)) - s0: start RPC server
2022-12-04 13:25:33,514 [Time-limited test] INFO  server.GrpcService (GrpcService.java:startImpl(302)) - s0: GrpcService started, listening on 34773
2022-12-04 13:25:33,518 [Time-limited test] INFO  server.GrpcService (GrpcService.java:startImpl(302)) - s0: GrpcService started, listening on 40711
2022-12-04 13:25:33,519 [Time-limited test] INFO  server.GrpcService (GrpcService.java:startImpl(302)) - s0: GrpcService started, listening on 36203
2022-12-04 13:25:33,524 [s1-impl-thread1] INFO  server.RaftServerConfigKeys (ConfUtils.java:logGet(46)) - raft.server.storage.free-space.min = 0MB (=0) (default)
2022-12-04 13:25:33,524 [s1-impl-thread1] INFO  server.RaftServerConfigKeys (ConfUtils.java:logGet(46)) - raft.server.log.corruption.policy = EXCEPTION (default)
2022-12-04 13:25:33,525 [s1-impl-thread1] INFO  server.RaftServerConfigKeys (ConfUtils.java:logGet(46)) - raft.server.storage.dir = [/home/runner/work/ratis/ratis/ratis-test/target/test/data/fbf6a140/MiniRaftClusterWithGrpcdedd8257/s1] (custom)
2022-12-04 13:25:33,525 [s1-impl-thread1] INFO  storage.RaftStorageDirectory (RaftStorageDirectoryImpl.java:analyzeStorage(138)) - The storage directory /home/runner/work/ratis/ratis/ratis-test/target/test/data/fbf6a140/MiniRaftClusterWithGrpcdedd8257/s1/002905f4-b9f9-423a-acfa-972aa49e29d3 does not exist. Creating ...
2022-12-04 13:25:33,529 [s1-impl-thread1] TRACE util.FileUtils (LogUtils.java:runAndLog(49)) - Successfully ran Files.createDirectories /home/runner/work/ratis/ratis/ratis-test/target/test/data/fbf6a140/MiniRaftClusterWithGrpcdedd8257/s1/002905f4-b9f9-423a-acfa-972aa49e29d3
2022-12-04 13:25:33,530 [JvmPauseMonitor0] INFO  util.JvmPauseMonitor (JvmPauseMonitor.java:run(105)) - JvmPauseMonitor-s0: Started
2022-12-04 13:25:33,531 [s1-impl-thread1] INFO  storage.RaftStorageDirectory (RaftStorageDirectoryImpl.java:tryLock(232)) - Lock on /home/runner/work/ratis/ratis/ratis-test/target/test/data/fbf6a140/MiniRaftClusterWithGrpcdedd8257/s1/002905f4-b9f9-423a-acfa-972aa49e29d3/in_use.lock acquired by nodename 6658@fv-az203-367
2022-12-04 13:25:33,531 [s1-impl-thread1] TRACE util.FileUtils (LogUtils.java:runAndLog(49)) - Successfully ran Files.createDirectories /home/runner/work/ratis/ratis/ratis-test/target/test/data/fbf6a140/MiniRaftClusterWithGrpcdedd8257/s1/002905f4-b9f9-423a-acfa-972aa49e29d3/current
2022-12-04 13:25:33,531 [s1-impl-thread1] TRACE util.FileUtils (LogUtils.java:runAndLog(49)) - Successfully ran Files.createDirectories /home/runner/work/ratis/ratis/ratis-test/target/test/data/fbf6a140/MiniRaftClusterWithGrpcdedd8257/s1/002905f4-b9f9-423a-acfa-972aa49e29d3/sm
2022-12-04 13:25:33,532 [s1-impl-thread1] INFO  storage.RaftStorage (RaftStorageImpl.java:format(96)) - Storage directory /home/runner/work/ratis/ratis/ratis-test/target/test/data/fbf6a140/MiniRaftClusterWithGrpcdedd8257/s1/002905f4-b9f9-423a-acfa-972aa49e29d3 has been successfully formatted.
2022-12-04 13:25:33,535 [s1-impl-thread1] INFO  impl.SimpleStateMachine4Testing (SimpleStateMachine4Testing.java:initialize(213)) - Initializing SimpleStateMachine4Testing:uninitialized
2022-12-04 13:25:33,536 [s1-impl-thread1] INFO  impl.SimpleStateMachine4Testing (SimpleStateMachine4Testing.java:loadSnapshot(293)) - Loading snapshot null
2022-12-04 13:25:33,536 [s1-impl-thread1] INFO  server.RaftServerConfigKeys (ConfUtils.java:logGet(46)) - raft.server.log.use.memory = false (default)
2022-12-04 13:25:33,536 [s1-impl-thread1] INFO  server.RaftServerConfigKeys (ConfUtils.java:logGet(46)) - raft.server.log.purge.gap = 1024 (default)
2022-12-04 13:25:33,537 [s1-impl-thread1] INFO  server.RaftServerConfigKeys (ConfUtils.java:logGet(46)) - raft.server.log.appender.buffer.byte-limit = 4MB (=4194304) (default)
2022-12-04 13:25:33,537 [s1-impl-thread1] INFO  server.RaftServerConfigKeys (ConfUtils.java:logGet(46)) - raft.server.log.statemachine.data.read.timeout = 1000ms (default)
2022-12-04 13:25:33,537 [s1-impl-thread1] INFO  server.RaftServerConfigKeys (ConfUtils.java:logGet(46)) - raft.server.log.purge.preservation.log.num = 0 (default)
2022-12-04 13:25:33,539 [s1-impl-thread1] INFO  server.RaftServerConfigKeys (ConfUtils.java:logGet(46)) - raft.server.log.segment.size.max = 8MB (=8388608) (default)
2022-12-04 13:25:33,539 [s1-impl-thread1] INFO  server.RaftServerConfigKeys (ConfUtils.java:logGet(46)) - raft.server.log.segment.cache.num.max = 6 (default)
2022-12-04 13:25:33,540 [s1-impl-thread1] INFO  server.RaftServerConfigKeys (ConfUtils.java:logGet(46)) - raft.server.log.segment.cache.size.max = 200MB (=209715200) (default)
2022-12-04 13:25:33,540 [s1-impl-thread1] INFO  segmented.SegmentedRaftLogWorker (SegmentedRaftLogWorker.java:<init>(184)) - new s1@group-972AA49E29D3-SegmentedRaftLogWorker for RaftStorageImpl:Storage Directory /home/runner/work/ratis/ratis/ratis-test/target/test/data/fbf6a140/MiniRaftClusterWithGrpcdedd8257/s1/002905f4-b9f9-423a-acfa-972aa49e29d3
2022-12-04 13:25:33,541 [s1-impl-thread1] INFO  server.RaftServerConfigKeys (ConfUtils.java:logGet(46)) - raft.server.log.queue.byte-limit = 64MB (=67108864) (default)
2022-12-04 13:25:33,541 [s1-impl-thread1] INFO  server.RaftServerConfigKeys (ConfUtils.java:logGet(46)) - raft.server.log.queue.element-limit = 4096 (default)
2022-12-04 13:25:33,541 [s1-impl-thread1] INFO  server.RaftServerConfigKeys (ConfUtils.java:logGet(46)) - raft.server.log.segment.size.max = 8MB (=8388608) (default)
2022-12-04 13:25:33,541 [s1-impl-thread1] INFO  server.RaftServerConfigKeys (ConfUtils.java:logGet(46)) - raft.server.log.preallocated.size = 4MB (=4194304) (default)
2022-12-04 13:25:33,541 [s1-impl-thread1] INFO  server.RaftServerConfigKeys (ConfUtils.java:logGet(46)) - raft.server.log.force.sync.num = 128 (default)
2022-12-04 13:25:33,541 [s1-impl-thread1] INFO  server.RaftServerConfigKeys (ConfUtils.java:logGet(46)) - raft.server.log.statemachine.data.sync = true (default)
2022-12-04 13:25:33,542 [s1-impl-thread1] INFO  server.RaftServerConfigKeys (ConfUtils.java:logGet(46)) - raft.server.log.statemachine.data.sync.timeout = 10s (default)
2022-12-04 13:25:33,542 [s1-impl-thread1] INFO  server.RaftServerConfigKeys (ConfUtils.java:logGet(46)) - raft.server.log.statemachine.data.sync.timeout.retry = -1 (default)
2022-12-04 13:25:33,542 [s1-impl-thread1] INFO  server.RaftServerConfigKeys (ConfUtils.java:logGet(46)) - raft.server.log.write.buffer.size = 64KB (=65536) (default)
2022-12-04 13:25:33,542 [s1-impl-thread1] INFO  server.RaftServerConfigKeys (ConfUtils.java:logGet(46)) - raft.server.log.appender.buffer.byte-limit = 4MB (=4194304) (default)
2022-12-04 13:25:33,543 [s1-impl-thread1] INFO  server.RaftServerConfigKeys (ConfUtils.java:logGet(46)) - raft.server.log.unsafe-flush.enabled = false (default)
2022-12-04 13:25:33,544 [s1-impl-thread1] INFO  server.RaftServerConfigKeys (ConfUtils.java:logGet(46)) - raft.server.log.async-flush.enabled = false (default)
2022-12-04 13:25:33,544 [s1-impl-thread1] INFO  server.RaftServerConfigKeys (ConfUtils.java:logGet(46)) - raft.server.log.statemachine.data.caching.enabled = false (default)
2022-12-04 13:25:33,544 [s1-impl-thread1] INFO  segmented.SegmentedRaftLogWorker (SegmentedRaftLogWorker.java:lambda$new$0(134)) - s1@group-972AA49E29D3-SegmentedRaftLogWorker: flushIndex: setUnconditionally 0 -> -1
2022-12-04 13:25:33,544 [s1-impl-thread1] INFO  segmented.SegmentedRaftLogWorker (SegmentedRaftLogWorker.java:lambda$new$0(134)) - s1@group-972AA49E29D3-SegmentedRaftLogWorker: safeCacheEvictIndex: setUnconditionally 0 -> -1
2022-12-04 13:25:33,547 [s1-impl-thread1] INFO  server.RaftServer$Division (RaftServerImpl.java:start(338)) - s1@group-972AA49E29D3: start as a follower, conf=-1: peers:[s0|rpc:localhost:40711|admin:localhost:36203|client:localhost:34773|dataStream:localhost:35727|priority:0|startupRole:FOLLOWER, s1|rpc:localhost:46201|admin:localhost:42025|client:localhost:42051|dataStream:localhost:36903|priority:0|startupRole:FOLLOWER, s2|rpc:localhost:44193|admin:localhost:37671|client:localhost:43231|dataStream:localhost:42371|priority:0|startupRole:FOLLOWER]|listeners:[], old=null
2022-12-04 13:25:33,547 [s1-impl-thread1] INFO  server.RaftServer$Division (RaftServerImpl.java:setRole(325)) - s1@group-972AA49E29D3: changes role from      null to FOLLOWER at term 0 for startAsFollower
2022-12-04 13:25:33,547 [s1-impl-thread1] INFO  impl.RoleInfo (RoleInfo.java:updateAndGet(139)) - s1: start s1@group-972AA49E29D3-FollowerState
2022-12-04 13:25:33,552 [s1-impl-thread1] INFO  util.JmxRegister (JmxRegister.java:tryRegister(44)) - Successfully registered JMX Bean with object name Ratis:service=RaftServer,group=group-972AA49E29D3,id=s1
2022-12-04 13:25:33,555 [s1-impl-thread1] INFO  server.RaftServerConfigKeys (ConfUtils.java:logGet(46)) - raft.server.snapshot.auto.trigger.enabled = false (default)
2022-12-04 13:25:33,555 [s1-impl-thread1] INFO  server.RaftServerConfigKeys (ConfUtils.java:logGet(46)) - raft.server.snapshot.retention.file.num = -1 (default)
2022-12-04 13:25:33,556 [s1-impl-thread1] INFO  server.RaftServerConfigKeys (ConfUtils.java:logGet(46)) - raft.server.log.purge.upto.snapshot.index = false (default)
2022-12-04 13:25:33,556 [s1@group-972AA49E29D3-FollowerState] INFO  server.RaftServerConfigKeys (ConfUtils.java:logFallback(53)) - raft.server.rpc.first-election.timeout.min = 150ms (fallback to raft.server.rpc.timeout.min)
2022-12-04 13:25:33,557 [Time-limited test] INFO  server.RaftServer (RaftServerProxy.java:startImpl(396)) - s1: start RPC server
2022-12-04 13:25:33,558 [Time-limited test] INFO  server.GrpcService (GrpcService.java:startImpl(302)) - s1: GrpcService started, listening on 42051
2022-12-04 13:25:33,559 [Time-limited test] INFO  server.GrpcService (GrpcService.java:startImpl(302)) - s1: GrpcService started, listening on 46201
2022-12-04 13:25:33,559 [Time-limited test] INFO  server.GrpcService (GrpcService.java:startImpl(302)) - s1: GrpcService started, listening on 42025
2022-12-04 13:25:33,560 [s2-impl-thread1] INFO  server.RaftServerConfigKeys (ConfUtils.java:logGet(46)) - raft.server.storage.free-space.min = 0MB (=0) (default)
2022-12-04 13:25:33,560 [s2-impl-thread1] INFO  server.RaftServerConfigKeys (ConfUtils.java:logGet(46)) - raft.server.log.corruption.policy = EXCEPTION (default)
2022-12-04 13:25:33,560 [s2-impl-thread1] INFO  server.RaftServerConfigKeys (ConfUtils.java:logGet(46)) - raft.server.storage.dir = [/home/runner/work/ratis/ratis/ratis-test/target/test/data/fbf6a140/MiniRaftClusterWithGrpcdedd8257/s2] (custom)
2022-12-04 13:25:33,560 [s2-impl-thread1] INFO  storage.RaftStorageDirectory (RaftStorageDirectoryImpl.java:analyzeStorage(138)) - The storage directory /home/runner/work/ratis/ratis/ratis-test/target/test/data/fbf6a140/MiniRaftClusterWithGrpcdedd8257/s2/002905f4-b9f9-423a-acfa-972aa49e29d3 does not exist. Creating ...
2022-12-04 13:25:33,559 [JvmPauseMonitor1] INFO  util.JvmPauseMonitor (JvmPauseMonitor.java:run(105)) - JvmPauseMonitor-s1: Started
2022-12-04 13:25:33,560 [s1@group-972AA49E29D3-FollowerState] INFO  server.RaftServerConfigKeys (ConfUtils.java:logFallback(53)) - raft.server.rpc.first-election.timeout.max = 300ms (fallback to raft.server.rpc.timeout.max)
2022-12-04 13:25:33,560 [s2-impl-thread1] TRACE util.FileUtils (LogUtils.java:runAndLog(49)) - Successfully ran Files.createDirectories /home/runner/work/ratis/ratis/ratis-test/target/test/data/fbf6a140/MiniRaftClusterWithGrpcdedd8257/s2/002905f4-b9f9-423a-acfa-972aa49e29d3
2022-12-04 13:25:33,566 [s2-impl-thread1] INFO  storage.RaftStorageDirectory (RaftStorageDirectoryImpl.java:tryLock(232)) - Lock on /home/runner/work/ratis/ratis/ratis-test/target/test/data/fbf6a140/MiniRaftClusterWithGrpcdedd8257/s2/002905f4-b9f9-423a-acfa-972aa49e29d3/in_use.lock acquired by nodename 6658@fv-az203-367
2022-12-04 13:25:33,566 [s2-impl-thread1] TRACE util.FileUtils (LogUtils.java:runAndLog(49)) - Successfully ran Files.createDirectories /home/runner/work/ratis/ratis/ratis-test/target/test/data/fbf6a140/MiniRaftClusterWithGrpcdedd8257/s2/002905f4-b9f9-423a-acfa-972aa49e29d3/current
2022-12-04 13:25:33,566 [s2-impl-thread1] TRACE util.FileUtils (LogUtils.java:runAndLog(49)) - Successfully ran Files.createDirectories /home/runner/work/ratis/ratis/ratis-test/target/test/data/fbf6a140/MiniRaftClusterWithGrpcdedd8257/s2/002905f4-b9f9-423a-acfa-972aa49e29d3/sm
2022-12-04 13:25:33,567 [s2-impl-thread1] INFO  storage.RaftStorage (RaftStorageImpl.java:format(96)) - Storage directory /home/runner/work/ratis/ratis/ratis-test/target/test/data/fbf6a140/MiniRaftClusterWithGrpcdedd8257/s2/002905f4-b9f9-423a-acfa-972aa49e29d3 has been successfully formatted.
2022-12-04 13:25:33,567 [s2-impl-thread1] INFO  impl.SimpleStateMachine4Testing (SimpleStateMachine4Testing.java:initialize(213)) - Initializing SimpleStateMachine4Testing:uninitialized
2022-12-04 13:25:33,568 [s2-impl-thread1] INFO  impl.SimpleStateMachine4Testing (SimpleStateMachine4Testing.java:loadSnapshot(293)) - Loading snapshot null
2022-12-04 13:25:33,568 [s2-impl-thread1] INFO  server.RaftServerConfigKeys (ConfUtils.java:logGet(46)) - raft.server.log.use.memory = false (default)
2022-12-04 13:25:33,568 [s2-impl-thread1] INFO  server.RaftServerConfigKeys (ConfUtils.java:logGet(46)) - raft.server.log.purge.gap = 1024 (default)
2022-12-04 13:25:33,568 [s2-impl-thread1] INFO  server.RaftServerConfigKeys (ConfUtils.java:logGet(46)) - raft.server.log.appender.buffer.byte-limit = 4MB (=4194304) (default)
2022-12-04 13:25:33,568 [s2-impl-thread1] INFO  server.RaftServerConfigKeys (ConfUtils.java:logGet(46)) - raft.server.log.statemachine.data.read.timeout = 1000ms (default)
2022-12-04 13:25:33,568 [s2-impl-thread1] INFO  server.RaftServerConfigKeys (ConfUtils.java:logGet(46)) - raft.server.log.purge.preservation.log.num = 0 (default)
2022-12-04 13:25:33,570 [s2-impl-thread1] INFO  server.RaftServerConfigKeys (ConfUtils.java:logGet(46)) - raft.server.log.segment.size.max = 8MB (=8388608) (default)
2022-12-04 13:25:33,570 [s2-impl-thread1] INFO  server.RaftServerConfigKeys (ConfUtils.java:logGet(46)) - raft.server.log.segment.cache.num.max = 6 (default)
2022-12-04 13:25:33,571 [s2-impl-thread1] INFO  server.RaftServerConfigKeys (ConfUtils.java:logGet(46)) - raft.server.log.segment.cache.size.max = 200MB (=209715200) (default)
2022-12-04 13:25:33,571 [s2-impl-thread1] INFO  segmented.SegmentedRaftLogWorker (SegmentedRaftLogWorker.java:<init>(184)) - new s2@group-972AA49E29D3-SegmentedRaftLogWorker for RaftStorageImpl:Storage Directory /home/runner/work/ratis/ratis/ratis-test/target/test/data/fbf6a140/MiniRaftClusterWithGrpcdedd8257/s2/002905f4-b9f9-423a-acfa-972aa49e29d3
2022-12-04 13:25:33,571 [s2-impl-thread1] INFO  server.RaftServerConfigKeys (ConfUtils.java:logGet(46)) - raft.server.log.queue.byte-limit = 64MB (=67108864) (default)
2022-12-04 13:25:33,571 [s2-impl-thread1] INFO  server.RaftServerConfigKeys (ConfUtils.java:logGet(46)) - raft.server.log.queue.element-limit = 4096 (default)
2022-12-04 13:25:33,571 [s2-impl-thread1] INFO  server.RaftServerConfigKeys (ConfUtils.java:logGet(46)) - raft.server.log.segment.size.max = 8MB (=8388608) (default)
2022-12-04 13:25:33,571 [s2-impl-thread1] INFO  server.RaftServerConfigKeys (ConfUtils.java:logGet(46)) - raft.server.log.preallocated.size = 4MB (=4194304) (default)
2022-12-04 13:25:33,571 [s2-impl-thread1] INFO  server.RaftServerConfigKeys (ConfUtils.java:logGet(46)) - raft.server.log.force.sync.num = 128 (default)
2022-12-04 13:25:33,571 [s2-impl-thread1] INFO  server.RaftServerConfigKeys (ConfUtils.java:logGet(46)) - raft.server.log.statemachine.data.sync = true (default)
2022-12-04 13:25:33,571 [s2-impl-thread1] INFO  server.RaftServerConfigKeys (ConfUtils.java:logGet(46)) - raft.server.log.statemachine.data.sync.timeout = 10s (default)
2022-12-04 13:25:33,571 [s2-impl-thread1] INFO  server.RaftServerConfigKeys (ConfUtils.java:logGet(46)) - raft.server.log.statemachine.data.sync.timeout.retry = -1 (default)
2022-12-04 13:25:33,572 [s2-impl-thread1] INFO  server.RaftServerConfigKeys (ConfUtils.java:logGet(46)) - raft.server.log.write.buffer.size = 64KB (=65536) (default)
2022-12-04 13:25:33,572 [s2-impl-thread1] INFO  server.RaftServerConfigKeys (ConfUtils.java:logGet(46)) - raft.server.log.appender.buffer.byte-limit = 4MB (=4194304) (default)
2022-12-04 13:25:33,577 [s2-impl-thread1] INFO  server.RaftServerConfigKeys (ConfUtils.java:logGet(46)) - raft.server.log.unsafe-flush.enabled = false (default)
2022-12-04 13:25:33,578 [s2-impl-thread1] INFO  server.RaftServerConfigKeys (ConfUtils.java:logGet(46)) - raft.server.log.async-flush.enabled = false (default)
2022-12-04 13:25:33,578 [s2-impl-thread1] INFO  server.RaftServerConfigKeys (ConfUtils.java:logGet(46)) - raft.server.log.statemachine.data.caching.enabled = false (default)
2022-12-04 13:25:33,579 [s2-impl-thread1] INFO  segmented.SegmentedRaftLogWorker (SegmentedRaftLogWorker.java:lambda$new$0(134)) - s2@group-972AA49E29D3-SegmentedRaftLogWorker: flushIndex: setUnconditionally 0 -> -1
2022-12-04 13:25:33,579 [s2-impl-thread1] INFO  segmented.SegmentedRaftLogWorker (SegmentedRaftLogWorker.java:lambda$new$0(134)) - s2@group-972AA49E29D3-SegmentedRaftLogWorker: safeCacheEvictIndex: setUnconditionally 0 -> -1
2022-12-04 13:25:33,579 [s2-impl-thread1] INFO  server.RaftServer$Division (RaftServerImpl.java:start(338)) - s2@group-972AA49E29D3: start as a follower, conf=-1: peers:[s0|rpc:localhost:40711|admin:localhost:36203|client:localhost:34773|dataStream:localhost:35727|priority:0|startupRole:FOLLOWER, s1|rpc:localhost:46201|admin:localhost:42025|client:localhost:42051|dataStream:localhost:36903|priority:0|startupRole:FOLLOWER, s2|rpc:localhost:44193|admin:localhost:37671|client:localhost:43231|dataStream:localhost:42371|priority:0|startupRole:FOLLOWER]|listeners:[], old=null
2022-12-04 13:25:33,579 [s2-impl-thread1] INFO  server.RaftServer$Division (RaftServerImpl.java:setRole(325)) - s2@group-972AA49E29D3: changes role from      null to FOLLOWER at term 0 for startAsFollower
2022-12-04 13:25:33,579 [s2-impl-thread1] INFO  impl.RoleInfo (RoleInfo.java:updateAndGet(139)) - s2: start s2@group-972AA49E29D3-FollowerState
2022-12-04 13:25:33,580 [s2-impl-thread1] INFO  util.JmxRegister (JmxRegister.java:tryRegister(44)) - Successfully registered JMX Bean with object name Ratis:service=RaftServer,group=group-972AA49E29D3,id=s2
2022-12-04 13:25:33,580 [s2-impl-thread1] INFO  server.RaftServerConfigKeys (ConfUtils.java:logGet(46)) - raft.server.snapshot.auto.trigger.enabled = false (default)
2022-12-04 13:25:33,580 [s2-impl-thread1] INFO  server.RaftServerConfigKeys (ConfUtils.java:logGet(46)) - raft.server.snapshot.retention.file.num = -1 (default)
2022-12-04 13:25:33,580 [s2-impl-thread1] INFO  server.RaftServerConfigKeys (ConfUtils.java:logGet(46)) - raft.server.log.purge.upto.snapshot.index = false (default)
2022-12-04 13:25:33,583 [s2@group-972AA49E29D3-FollowerState] INFO  server.RaftServerConfigKeys (ConfUtils.java:logFallback(53)) - raft.server.rpc.first-election.timeout.min = 150ms (fallback to raft.server.rpc.timeout.min)
2022-12-04 13:25:33,587 [s2@group-972AA49E29D3-FollowerState] INFO  server.RaftServerConfigKeys (ConfUtils.java:logFallback(53)) - raft.server.rpc.first-election.timeout.max = 300ms (fallback to raft.server.rpc.timeout.max)
2022-12-04 13:25:33,587 [Time-limited test] INFO  server.RaftServer (RaftServerProxy.java:startImpl(396)) - s2: start RPC server
2022-12-04 13:25:33,589 [Time-limited test] INFO  server.GrpcService (GrpcService.java:startImpl(302)) - s2: GrpcService started, listening on 43231
2022-12-04 13:25:33,589 [Time-limited test] INFO  server.GrpcService (GrpcService.java:startImpl(302)) - s2: GrpcService started, listening on 44193
2022-12-04 13:25:33,590 [Time-limited test] INFO  server.GrpcService (GrpcService.java:startImpl(302)) - s2: GrpcService started, listening on 37671
2022-12-04 13:25:33,591 [JvmPauseMonitor2] INFO  util.JvmPauseMonitor (JvmPauseMonitor.java:run(105)) - JvmPauseMonitor-s2: Started
2022-12-04 13:25:33,593 [Time-limited test] INFO  server.RaftServerConfigKeys (ConfUtils.java:logGet(46)) - raft.server.rpc.timeout.max = 300ms (default)
2022-12-04 13:25:33,594 [Time-limited test] INFO  ratis.RaftTestUtil (RaftTestUtil.java:waitForLeader(100)) - printing ALL groups
  s0:  RUNNING  FOLLOWER s0@group-972AA49E29D3:t0, leader=null, voted=, raftlog=Memoized:s0@group-972AA49E29D3-SegmentedRaftLog:OPENED:c-1, conf=-1: peers:[s0|rpc:localhost:40711|admin:localhost:36203|client:localhost:34773|dataStream:localhost:35727|priority:0|startupRole:FOLLOWER, s1|rpc:localhost:46201|admin:localhost:42025|client:localhost:42051|dataStream:localhost:36903|priority:0|startupRole:FOLLOWER, s2|rpc:localhost:44193|admin:localhost:37671|client:localhost:43231|dataStream:localhost:42371|priority:0|startupRole:FOLLOWER]|listeners:[], old=null RUNNING
  s1:  RUNNING  FOLLOWER s1@group-972AA49E29D3:t0, leader=null, voted=, raftlog=Memoized:s1@group-972AA49E29D3-SegmentedRaftLog:OPENED:c-1, conf=-1: peers:[s0|rpc:localhost:40711|admin:localhost:36203|client:localhost:34773|dataStream:localhost:35727|priority:0|startupRole:FOLLOWER, s1|rpc:localhost:46201|admin:localhost:42025|client:localhost:42051|dataStream:localhost:36903|priority:0|startupRole:FOLLOWER, s2|rpc:localhost:44193|admin:localhost:37671|client:localhost:43231|dataStream:localhost:42371|priority:0|startupRole:FOLLOWER]|listeners:[], old=null RUNNING
  s2:  RUNNING  FOLLOWER s2@group-972AA49E29D3:t0, leader=null, voted=, raftlog=Memoized:s2@group-972AA49E29D3-SegmentedRaftLog:OPENED:c-1, conf=-1: peers:[s0|rpc:localhost:40711|admin:localhost:36203|client:localhost:34773|dataStream:localhost:35727|priority:0|startupRole:FOLLOWER, s1|rpc:localhost:46201|admin:localhost:42025|client:localhost:42051|dataStream:localhost:36903|priority:0|startupRole:FOLLOWER, s2|rpc:localhost:44193|admin:localhost:37671|client:localhost:43231|dataStream:localhost:42371|priority:0|startupRole:FOLLOWER]|listeners:[], old=null RUNNING
2022-12-04 13:25:33,599 [Time-limited test] WARN  ratis.RaftTestUtil (JavaUtils.java:attempt(217)) - FAILED "waitForLeader-null-(expectLeader? true)", attempt #1/100: java.lang.IllegalStateException: No leader yet : printing ALL groups
  s0:  RUNNING  FOLLOWER s0@group-972AA49E29D3:t0, leader=null, voted=, raftlog=Memoized:s0@group-972AA49E29D3-SegmentedRaftLog:OPENED:c-1, conf=-1: peers:[s0|rpc:localhost:40711|admin:localhost:36203|client:localhost:34773|dataStream:localhost:35727|priority:0|startupRole:FOLLOWER, s1|rpc:localhost:46201|admin:localhost:42025|client:localhost:42051|dataStream:localhost:36903|priority:0|startupRole:FOLLOWER, s2|rpc:localhost:44193|admin:localhost:37671|client:localhost:43231|dataStream:localhost:42371|priority:0|startupRole:FOLLOWER]|listeners:[], old=null RUNNING
  s1:  RUNNING  FOLLOWER s1@group-972AA49E29D3:t0, leader=null, voted=, raftlog=Memoized:s1@group-972AA49E29D3-SegmentedRaftLog:OPENED:c-1, conf=-1: peers:[s0|rpc:localhost:40711|admin:localhost:36203|client:localhost:34773|dataStream:localhost:35727|priority:0|startupRole:FOLLOWER, s1|rpc:localhost:46201|admin:localhost:42025|client:localhost:42051|dataStream:localhost:36903|priority:0|startupRole:FOLLOWER, s2|rpc:localhost:44193|admin:localhost:37671|client:localhost:43231|dataStream:localhost:42371|priority:0|startupRole:FOLLOWER]|listeners:[], old=null RUNNING
  s2:  RUNNING  FOLLOWER s2@group-972AA49E29D3:t0, leader=null, voted=, raftlog=Memoized:s2@group-972AA49E29D3-SegmentedRaftLog:OPENED:c-1, conf=-1: peers:[s0|rpc:localhost:40711|admin:localhost:36203|client:localhost:34773|dataStream:localhost:35727|priority:0|startupRole:FOLLOWER, s1|rpc:localhost:46201|admin:localhost:42025|client:localhost:42051|dataStream:localhost:36903|priority:0|startupRole:FOLLOWER, s2|rpc:localhost:44193|admin:localhost:37671|client:localhost:43231|dataStream:localhost:42371|priority:0|startupRole:FOLLOWER]|listeners:[], old=null RUNNING, sleep 450ms and then retry.
java.lang.IllegalStateException: No leader yet : printing ALL groups
  s0:  RUNNING  FOLLOWER s0@group-972AA49E29D3:t0, leader=null, voted=, raftlog=Memoized:s0@group-972AA49E29D3-SegmentedRaftLog:OPENED:c-1, conf=-1: peers:[s0|rpc:localhost:40711|admin:localhost:36203|client:localhost:34773|dataStream:localhost:35727|priority:0|startupRole:FOLLOWER, s1|rpc:localhost:46201|admin:localhost:42025|client:localhost:42051|dataStream:localhost:36903|priority:0|startupRole:FOLLOWER, s2|rpc:localhost:44193|admin:localhost:37671|client:localhost:43231|dataStream:localhost:42371|priority:0|startupRole:FOLLOWER]|listeners:[], old=null RUNNING
  s1:  RUNNING  FOLLOWER s1@group-972AA49E29D3:t0, leader=null, voted=, raftlog=Memoized:s1@group-972AA49E29D3-SegmentedRaftLog:OPENED:c-1, conf=-1: peers:[s0|rpc:localhost:40711|admin:localhost:36203|client:localhost:34773|dataStream:localhost:35727|priority:0|startupRole:FOLLOWER, s1|rpc:localhost:46201|admin:localhost:42025|client:localhost:42051|dataStream:localhost:36903|priority:0|startupRole:FOLLOWER, s2|rpc:localhost:44193|admin:localhost:37671|client:localhost:43231|dataStream:localhost:42371|priority:0|startupRole:FOLLOWER]|listeners:[], old=null RUNNING
  s2:  RUNNING  FOLLOWER s2@group-972AA49E29D3:t0, leader=null, voted=, raftlog=Memoized:s2@group-972AA49E29D3-SegmentedRaftLog:OPENED:c-1, conf=-1: peers:[s0|rpc:localhost:40711|admin:localhost:36203|client:localhost:34773|dataStream:localhost:35727|priority:0|startupRole:FOLLOWER, s1|rpc:localhost:46201|admin:localhost:42025|client:localhost:42051|dataStream:localhost:36903|priority:0|startupRole:FOLLOWER, s2|rpc:localhost:44193|admin:localhost:37671|client:localhost:43231|dataStream:localhost:42371|priority:0|startupRole:FOLLOWER]|listeners:[], old=null RUNNING
	at org.apache.ratis.server.impl.MiniRaftCluster.newIllegalStateExceptionForNoLeaders(MiniRaftCluster.java:581)
	at org.apache.ratis.RaftTestUtil.lambda$waitForLeader$1(RaftTestUtil.java:104)
	at org.apache.ratis.server.impl.MiniRaftCluster.getLeader(MiniRaftCluster.java:615)
	at org.apache.ratis.server.impl.MiniRaftCluster.getLeader(MiniRaftCluster.java:608)
	at org.apache.ratis.RaftTestUtil.lambda$waitForLeader$3(RaftTestUtil.java:112)
	at org.apache.ratis.util.JavaUtils.attempt(JavaUtils.java:211)
	at org.apache.ratis.util.JavaUtils.attemptRepeatedly(JavaUtils.java:197)
	at org.apache.ratis.RaftTestUtil.waitForLeader(RaftTestUtil.java:111)
	at org.apache.ratis.RaftTestUtil.waitForLeader(RaftTestUtil.java:92)
	at org.apache.ratis.RaftTestUtil.waitForLeader(RaftTestUtil.java:87)
	at org.apache.ratis.grpc.TestRaftServerWithGrpc.testRaftClientRequestMetrics(TestRaftServerWithGrpc.java:308)
	at org.apache.ratis.server.impl.MiniRaftCluster$Factory$Get.runWithNewCluster(MiniRaftCluster.java:141)
	at org.apache.ratis.server.impl.MiniRaftCluster$Factory$Get.runWithNewCluster(MiniRaftCluster.java:121)
	at org.apache.ratis.grpc.TestRaftServerWithGrpc.testRaftClientMetrics(TestRaftServerWithGrpc.java:219)
	at java.base/jdk.internal.reflect.NativeMethodAccessorImpl.invoke0(Native Method)
	at java.base/jdk.internal.reflect.NativeMethodAccessorImpl.invoke(NativeMethodAccessorImpl.java:62)
	at java.base/jdk.internal.reflect.DelegatingMethodAccessorImpl.invoke(DelegatingMethodAccessorImpl.java:43)
	at java.base/java.lang.reflect.Method.invoke(Method.java:566)
	at org.junit.runners.model.FrameworkMethod$1.runReflectiveCall(FrameworkMethod.java:59)
	at org.junit.internal.runners.model.ReflectiveCallable.run(ReflectiveCallable.java:12)
	at org.junit.runners.model.FrameworkMethod.invokeExplosively(FrameworkMethod.java:56)
	at org.junit.internal.runners.statements.InvokeMethod.evaluate(InvokeMethod.java:17)
	at org.junit.internal.runners.statements.RunBefores.evaluate(RunBefores.java:26)
	at org.junit.internal.runners.statements.RunAfters.evaluate(RunAfters.java:27)
	at org.junit.internal.runners.statements.FailOnTimeout$CallableStatement.call(FailOnTimeout.java:299)
	at org.junit.internal.runners.statements.FailOnTimeout$CallableStatement.call(FailOnTimeout.java:293)
	at java.base/java.util.concurrent.FutureTask.run(FutureTask.java:264)
	at java.base/java.lang.Thread.run(Thread.java:829)
2022-12-04 13:25:33,744 [s0@group-972AA49E29D3-FollowerState] INFO  impl.FollowerState (FollowerState.java:run(143)) - s0@group-972AA49E29D3-FollowerState: change to CANDIDATE, lastRpcElapsedTime:279994628ns, electionTimeout:268ms
2022-12-04 13:25:33,745 [s0@group-972AA49E29D3-FollowerState] INFO  impl.RoleInfo (RoleInfo.java:shutdownFollowerState(110)) - s0: shutdown s0@group-972AA49E29D3-FollowerState
2022-12-04 13:25:33,745 [s0@group-972AA49E29D3-FollowerState] INFO  server.RaftServer$Division (RaftServerImpl.java:setRole(325)) - s0@group-972AA49E29D3: changes role from  FOLLOWER to CANDIDATE at term 0 for changeToCandidate
2022-12-04 13:25:33,747 [s0@group-972AA49E29D3-FollowerState] INFO  server.RaftServerConfigKeys (ConfUtils.java:logGet(46)) - raft.server.leaderelection.pre-vote = true (default)
2022-12-04 13:25:33,747 [s0@group-972AA49E29D3-FollowerState] INFO  impl.RoleInfo (RoleInfo.java:updateAndGet(139)) - s0: start s0@group-972AA49E29D3-LeaderElection1
2022-12-04 13:25:33,753 [s0@group-972AA49E29D3-LeaderElection1] INFO  impl.LeaderElection (LeaderElection.java:askForVotes(309)) - s0@group-972AA49E29D3-LeaderElection1 PRE_VOTE round 0: submit vote requests at term 0 for -1: peers:[s0|rpc:localhost:40711|admin:localhost:36203|client:localhost:34773|dataStream:localhost:35727|priority:0|startupRole:FOLLOWER, s1|rpc:localhost:46201|admin:localhost:42025|client:localhost:42051|dataStream:localhost:36903|priority:0|startupRole:FOLLOWER, s2|rpc:localhost:44193|admin:localhost:37671|client:localhost:43231|dataStream:localhost:42371|priority:0|startupRole:FOLLOWER]|listeners:[], old=null
2022-12-04 13:25:33,763 [s1@group-972AA49E29D3-FollowerState] INFO  impl.FollowerState (FollowerState.java:run(143)) - s1@group-972AA49E29D3-FollowerState: change to CANDIDATE, lastRpcElapsedTime:215465508ns, electionTimeout:198ms
2022-12-04 13:25:33,763 [s1@group-972AA49E29D3-FollowerState] INFO  impl.RoleInfo (RoleInfo.java:shutdownFollowerState(110)) - s1: shutdown s1@group-972AA49E29D3-FollowerState
2022-12-04 13:25:33,763 [s1@group-972AA49E29D3-FollowerState] INFO  server.RaftServer$Division (RaftServerImpl.java:setRole(325)) - s1@group-972AA49E29D3: changes role from  FOLLOWER to CANDIDATE at term 0 for changeToCandidate
2022-12-04 13:25:33,768 [s0@group-972AA49E29D3-LeaderElection1] INFO  server.RaftServerConfigKeys (ConfUtils.java:logFallback(53)) - raft.server.rpc.first-election.timeout.min = 150ms (fallback to raft.server.rpc.timeout.min)
2022-12-04 13:25:33,768 [s1@group-972AA49E29D3-FollowerState] INFO  server.RaftServerConfigKeys (ConfUtils.java:logGet(46)) - raft.server.leaderelection.pre-vote = true (default)
2022-12-04 13:25:33,769 [s1@group-972AA49E29D3-FollowerState] INFO  impl.RoleInfo (RoleInfo.java:updateAndGet(139)) - s1: start s1@group-972AA49E29D3-LeaderElection2
2022-12-04 13:25:33,768 [s0@group-972AA49E29D3-LeaderElection1] INFO  server.RaftServerConfigKeys (ConfUtils.java:logFallback(53)) - raft.server.rpc.first-election.timeout.max = 300ms (fallback to raft.server.rpc.timeout.max)
2022-12-04 13:25:33,769 [s0@group-972AA49E29D3-LeaderElection1-1] INFO  server.GrpcServerProtocolClient (GrpcServerProtocolClient.java:<init>(63)) - Build channel for s1
2022-12-04 13:25:33,769 [s0@group-972AA49E29D3-LeaderElection1-2] INFO  server.GrpcServerProtocolClient (GrpcServerProtocolClient.java:<init>(63)) - Build channel for s2
2022-12-04 13:25:33,773 [s1@group-972AA49E29D3-LeaderElection2] INFO  impl.LeaderElection (LeaderElection.java:askForVotes(309)) - s1@group-972AA49E29D3-LeaderElection2 PRE_VOTE round 0: submit vote requests at term 0 for -1: peers:[s0|rpc:localhost:40711|admin:localhost:36203|client:localhost:34773|dataStream:localhost:35727|priority:0|startupRole:FOLLOWER, s1|rpc:localhost:46201|admin:localhost:42025|client:localhost:42051|dataStream:localhost:36903|priority:0|startupRole:FOLLOWER, s2|rpc:localhost:44193|admin:localhost:37671|client:localhost:43231|dataStream:localhost:42371|priority:0|startupRole:FOLLOWER]|listeners:[], old=null
2022-12-04 13:25:33,782 [s1@group-972AA49E29D3-LeaderElection2] INFO  server.RaftServerConfigKeys (ConfUtils.java:logFallback(53)) - raft.server.rpc.first-election.timeout.min = 150ms (fallback to raft.server.rpc.timeout.min)
2022-12-04 13:25:33,782 [s1@group-972AA49E29D3-LeaderElection2] INFO  server.RaftServerConfigKeys (ConfUtils.java:logFallback(53)) - raft.server.rpc.first-election.timeout.max = 300ms (fallback to raft.server.rpc.timeout.max)
2022-12-04 13:25:33,783 [s1@group-972AA49E29D3-LeaderElection2-2] INFO  server.GrpcServerProtocolClient (GrpcServerProtocolClient.java:<init>(63)) - Build channel for s2
2022-12-04 13:25:33,783 [s1@group-972AA49E29D3-LeaderElection2-1] INFO  server.GrpcServerProtocolClient (GrpcServerProtocolClient.java:<init>(63)) - Build channel for s0
2022-12-04 13:25:33,873 [s2@group-972AA49E29D3-FollowerState] INFO  impl.FollowerState (FollowerState.java:run(143)) - s2@group-972AA49E29D3-FollowerState: change to CANDIDATE, lastRpcElapsedTime:294126852ns, electionTimeout:286ms
2022-12-04 13:25:33,874 [s2@group-972AA49E29D3-FollowerState] INFO  impl.RoleInfo (RoleInfo.java:shutdownFollowerState(110)) - s2: shutdown s2@group-972AA49E29D3-FollowerState
2022-12-04 13:25:33,874 [s2@group-972AA49E29D3-FollowerState] INFO  server.RaftServer$Division (RaftServerImpl.java:setRole(325)) - s2@group-972AA49E29D3: changes role from  FOLLOWER to CANDIDATE at term 0 for changeToCandidate
2022-12-04 13:25:33,874 [s2@group-972AA49E29D3-FollowerState] INFO  server.RaftServerConfigKeys (ConfUtils.java:logGet(46)) - raft.server.leaderelection.pre-vote = true (default)
2022-12-04 13:25:33,874 [s2@group-972AA49E29D3-FollowerState] INFO  impl.RoleInfo (RoleInfo.java:updateAndGet(139)) - s2: start s2@group-972AA49E29D3-LeaderElection3
2022-12-04 13:25:33,878 [s2@group-972AA49E29D3-LeaderElection3] INFO  impl.LeaderElection (LeaderElection.java:askForVotes(309)) - s2@group-972AA49E29D3-LeaderElection3 PRE_VOTE round 0: submit vote requests at term 0 for -1: peers:[s0|rpc:localhost:40711|admin:localhost:36203|client:localhost:34773|dataStream:localhost:35727|priority:0|startupRole:FOLLOWER, s1|rpc:localhost:46201|admin:localhost:42025|client:localhost:42051|dataStream:localhost:36903|priority:0|startupRole:FOLLOWER, s2|rpc:localhost:44193|admin:localhost:37671|client:localhost:43231|dataStream:localhost:42371|priority:0|startupRole:FOLLOWER]|listeners:[], old=null
2022-12-04 13:25:33,879 [s2@group-972AA49E29D3-LeaderElection3-1] INFO  server.GrpcServerProtocolClient (GrpcServerProtocolClient.java:<init>(63)) - Build channel for s0
2022-12-04 13:25:33,882 [s2@group-972AA49E29D3-LeaderElection3] INFO  server.RaftServerConfigKeys (ConfUtils.java:logFallback(53)) - raft.server.rpc.first-election.timeout.min = 150ms (fallback to raft.server.rpc.timeout.min)
2022-12-04 13:25:33,883 [s2@group-972AA49E29D3-LeaderElection3] INFO  server.RaftServerConfigKeys (ConfUtils.java:logFallback(53)) - raft.server.rpc.first-election.timeout.max = 300ms (fallback to raft.server.rpc.timeout.max)
2022-12-04 13:25:33,882 [s2@group-972AA49E29D3-LeaderElection3-2] INFO  server.GrpcServerProtocolClient (GrpcServerProtocolClient.java:<init>(63)) - Build channel for s1
2022-12-04 13:25:34,016 [s0@group-972AA49E29D3-LeaderElection1] INFO  impl.LeaderElection (LeaderElection.java:logAndReturn(89)) - s0@group-972AA49E29D3-LeaderElection1: PRE_VOTE TIMEOUT received 0 response(s) and 0 exception(s):
2022-12-04 13:25:34,016 [s0@group-972AA49E29D3-LeaderElection1] INFO  impl.LeaderElection (LeaderElection.java:askForVotes(311)) - s0@group-972AA49E29D3-LeaderElection1 PRE_VOTE round 0: result TIMEOUT
2022-12-04 13:25:34,016 [s0@group-972AA49E29D3-LeaderElection1] INFO  impl.LeaderElection (LeaderElection.java:askForVotes(309)) - s0@group-972AA49E29D3-LeaderElection1 PRE_VOTE round 1: submit vote requests at term 0 for -1: peers:[s0|rpc:localhost:40711|admin:localhost:36203|client:localhost:34773|dataStream:localhost:35727|priority:0|startupRole:FOLLOWER, s1|rpc:localhost:46201|admin:localhost:42025|client:localhost:42051|dataStream:localhost:36903|priority:0|startupRole:FOLLOWER, s2|rpc:localhost:44193|admin:localhost:37671|client:localhost:43231|dataStream:localhost:42371|priority:0|startupRole:FOLLOWER]|listeners:[], old=null
2022-12-04 13:25:34,034 [s0@group-972AA49E29D3-LeaderElection1] INFO  server.RaftServerConfigKeys (ConfUtils.java:logFallback(53)) - raft.server.rpc.first-election.timeout.min = 150ms (fallback to raft.server.rpc.timeout.min)
2022-12-04 13:25:34,035 [s0@group-972AA49E29D3-LeaderElection1] INFO  server.RaftServerConfigKeys (ConfUtils.java:logFallback(53)) - raft.server.rpc.first-election.timeout.max = 300ms (fallback to raft.server.rpc.timeout.max)
2022-12-04 13:25:34,052 [Time-limited test] WARN  ratis.RaftTestUtil (JavaUtils.java:attempt(217)) - FAILED "waitForLeader-null-(expectLeader? true)", attempt #2/100: java.lang.IllegalStateException: No leader yet : printing ALL groups
  s0:  RUNNING CANDIDATE s0@group-972AA49E29D3:t0, leader=null, voted=, raftlog=Memoized:s0@group-972AA49E29D3-SegmentedRaftLog:OPENED:c-1, conf=-1: peers:[s0|rpc:localhost:40711|admin:localhost:36203|client:localhost:34773|dataStream:localhost:35727|priority:0|startupRole:FOLLOWER, s1|rpc:localhost:46201|admin:localhost:42025|client:localhost:42051|dataStream:localhost:36903|priority:0|startupRole:FOLLOWER, s2|rpc:localhost:44193|admin:localhost:37671|client:localhost:43231|dataStream:localhost:42371|priority:0|startupRole:FOLLOWER]|listeners:[], old=null RUNNING
  s1:  RUNNING CANDIDATE s1@group-972AA49E29D3:t0, leader=null, voted=, raftlog=Memoized:s1@group-972AA49E29D3-SegmentedRaftLog:OPENED:c-1, conf=-1: peers:[s0|rpc:localhost:40711|admin:localhost:36203|client:localhost:34773|dataStream:localhost:35727|priority:0|startupRole:FOLLOWER, s1|rpc:localhost:46201|admin:localhost:42025|client:localhost:42051|dataStream:localhost:36903|priority:0|startupRole:FOLLOWER, s2|rpc:localhost:44193|admin:localhost:37671|client:localhost:43231|dataStream:localhost:42371|priority:0|startupRole:FOLLOWER]|listeners:[], old=null RUNNING
  s2:  RUNNING CANDIDATE s2@group-972AA49E29D3:t0, leader=null, voted=, raftlog=Memoized:s2@group-972AA49E29D3-SegmentedRaftLog:OPENED:c-1, conf=-1: peers:[s0|rpc:localhost:40711|admin:localhost:36203|client:localhost:34773|dataStream:localhost:35727|priority:0|startupRole:FOLLOWER, s1|rpc:localhost:46201|admin:localhost:42025|client:localhost:42051|dataStream:localhost:36903|priority:0|startupRole:FOLLOWER, s2|rpc:localhost:44193|admin:localhost:37671|client:localhost:43231|dataStream:localhost:42371|priority:0|startupRole:FOLLOWER]|listeners:[], old=null RUNNING, sleep 450ms and then retry.
java.lang.IllegalStateException: No leader yet : printing ALL groups
  s0:  RUNNING CANDIDATE s0@group-972AA49E29D3:t0, leader=null, voted=, raftlog=Memoized:s0@group-972AA49E29D3-SegmentedRaftLog:OPENED:c-1, conf=-1: peers:[s0|rpc:localhost:40711|admin:localhost:36203|client:localhost:34773|dataStream:localhost:35727|priority:0|startupRole:FOLLOWER, s1|rpc:localhost:46201|admin:localhost:42025|client:localhost:42051|dataStream:localhost:36903|priority:0|startupRole:FOLLOWER, s2|rpc:localhost:44193|admin:localhost:37671|client:localhost:43231|dataStream:localhost:42371|priority:0|startupRole:FOLLOWER]|listeners:[], old=null RUNNING
  s1:  RUNNING CANDIDATE s1@group-972AA49E29D3:t0, leader=null, voted=, raftlog=Memoized:s1@group-972AA49E29D3-SegmentedRaftLog:OPENED:c-1, conf=-1: peers:[s0|rpc:localhost:40711|admin:localhost:36203|client:localhost:34773|dataStream:localhost:35727|priority:0|startupRole:FOLLOWER, s1|rpc:localhost:46201|admin:localhost:42025|client:localhost:42051|dataStream:localhost:36903|priority:0|startupRole:FOLLOWER, s2|rpc:localhost:44193|admin:localhost:37671|client:localhost:43231|dataStream:localhost:42371|priority:0|startupRole:FOLLOWER]|listeners:[], old=null RUNNING
  s2:  RUNNING CANDIDATE s2@group-972AA49E29D3:t0, leader=null, voted=, raftlog=Memoized:s2@group-972AA49E29D3-SegmentedRaftLog:OPENED:c-1, conf=-1: peers:[s0|rpc:localhost:40711|admin:localhost:36203|client:localhost:34773|dataStream:localhost:35727|priority:0|startupRole:FOLLOWER, s1|rpc:localhost:46201|admin:localhost:42025|client:localhost:42051|dataStream:localhost:36903|priority:0|startupRole:FOLLOWER, s2|rpc:localhost:44193|admin:localhost:37671|client:localhost:43231|dataStream:localhost:42371|priority:0|startupRole:FOLLOWER]|listeners:[], old=null RUNNING
	at org.apache.ratis.server.impl.MiniRaftCluster.newIllegalStateExceptionForNoLeaders(MiniRaftCluster.java:581)
	at org.apache.ratis.RaftTestUtil.lambda$waitForLeader$1(RaftTestUtil.java:104)
	at org.apache.ratis.server.impl.MiniRaftCluster.getLeader(MiniRaftCluster.java:615)
	at org.apache.ratis.server.impl.MiniRaftCluster.getLeader(MiniRaftCluster.java:608)
	at org.apache.ratis.RaftTestUtil.lambda$waitForLeader$3(RaftTestUtil.java:112)
	at org.apache.ratis.util.JavaUtils.attempt(JavaUtils.java:211)
	at org.apache.ratis.util.JavaUtils.attemptRepeatedly(JavaUtils.java:197)
	at org.apache.ratis.RaftTestUtil.waitForLeader(RaftTestUtil.java:111)
	at org.apache.ratis.RaftTestUtil.waitForLeader(RaftTestUtil.java:92)
	at org.apache.ratis.RaftTestUtil.waitForLeader(RaftTestUtil.java:87)
	at org.apache.ratis.grpc.TestRaftServerWithGrpc.testRaftClientRequestMetrics(TestRaftServerWithGrpc.java:308)
	at org.apache.ratis.server.impl.MiniRaftCluster$Factory$Get.runWithNewCluster(MiniRaftCluster.java:141)
	at org.apache.ratis.server.impl.MiniRaftCluster$Factory$Get.runWithNewCluster(MiniRaftCluster.java:121)
	at org.apache.ratis.grpc.TestRaftServerWithGrpc.testRaftClientMetrics(TestRaftServerWithGrpc.java:219)
	at java.base/jdk.internal.reflect.NativeMethodAccessorImpl.invoke0(Native Method)
	at java.base/jdk.internal.reflect.NativeMethodAccessorImpl.invoke(NativeMethodAccessorImpl.java:62)
	at java.base/jdk.internal.reflect.DelegatingMethodAccessorImpl.invoke(DelegatingMethodAccessorImpl.java:43)
	at java.base/java.lang.reflect.Method.invoke(Method.java:566)
	at org.junit.runners.model.FrameworkMethod$1.runReflectiveCall(FrameworkMethod.java:59)
	at org.junit.internal.runners.model.ReflectiveCallable.run(ReflectiveCallable.java:12)
	at org.junit.runners.model.FrameworkMethod.invokeExplosively(FrameworkMethod.java:56)
	at org.junit.internal.runners.statements.InvokeMethod.evaluate(InvokeMethod.java:17)
	at org.junit.internal.runners.statements.RunBefores.evaluate(RunBefores.java:26)
	at org.junit.internal.runners.statements.RunAfters.evaluate(RunAfters.java:27)
	at org.junit.internal.runners.statements.FailOnTimeout$CallableStatement.call(FailOnTimeout.java:299)
	at org.junit.internal.runners.statements.FailOnTimeout$CallableStatement.call(FailOnTimeout.java:293)
	at java.base/java.util.concurrent.FutureTask.run(FutureTask.java:264)
	at java.base/java.lang.Thread.run(Thread.java:829)
2022-12-04 13:25:34,075 [s1@group-972AA49E29D3-LeaderElection2] INFO  impl.LeaderElection (LeaderElection.java:logAndReturn(89)) - s1@group-972AA49E29D3-LeaderElection2: PRE_VOTE TIMEOUT received 0 response(s) and 0 exception(s):
2022-12-04 13:25:34,076 [s1@group-972AA49E29D3-LeaderElection2] INFO  impl.LeaderElection (LeaderElection.java:askForVotes(311)) - s1@group-972AA49E29D3-LeaderElection2 PRE_VOTE round 0: result TIMEOUT
2022-12-04 13:25:34,076 [s1@group-972AA49E29D3-LeaderElection2] INFO  impl.LeaderElection (LeaderElection.java:askForVotes(309)) - s1@group-972AA49E29D3-LeaderElection2 PRE_VOTE round 1: submit vote requests at term 0 for -1: peers:[s0|rpc:localhost:40711|admin:localhost:36203|client:localhost:34773|dataStream:localhost:35727|priority:0|startupRole:FOLLOWER, s1|rpc:localhost:46201|admin:localhost:42025|client:localhost:42051|dataStream:localhost:36903|priority:0|startupRole:FOLLOWER, s2|rpc:localhost:44193|admin:localhost:37671|client:localhost:43231|dataStream:localhost:42371|priority:0|startupRole:FOLLOWER]|listeners:[], old=null
2022-12-04 13:25:34,078 [grpc-default-executor-0] INFO  server.RaftServer$Division (RaftServerImpl.java:requestVote(1294)) - s1@group-972AA49E29D3: receive requestVote(PRE_VOTE, s2, group-972AA49E29D3, 0, (t:0, i:0))
2022-12-04 13:25:34,086 [grpc-default-executor-4] INFO  server.RaftServer$Division (RaftServerImpl.java:requestVote(1294)) - s0@group-972AA49E29D3: receive requestVote(PRE_VOTE, s1, group-972AA49E29D3, 0, (t:0, i:0))
2022-12-04 13:25:34,086 [grpc-default-executor-4] INFO  impl.VoteContext (VoteContext.java:log(49)) - s0@group-972AA49E29D3-CANDIDATE: accept PRE_VOTE from s1: our priority 0 <= candidate's priority 0
2022-12-04 13:25:34,079 [grpc-default-executor-2] INFO  server.RaftServer$Division (RaftServerImpl.java:requestVote(1294)) - s2@group-972AA49E29D3: receive requestVote(PRE_VOTE, s1, group-972AA49E29D3, 0, (t:0, i:0))
2022-12-04 13:25:34,081 [s1@group-972AA49E29D3-LeaderElection2] INFO  server.RaftServerConfigKeys (ConfUtils.java:logFallback(53)) - raft.server.rpc.first-election.timeout.min = 150ms (fallback to raft.server.rpc.timeout.min)
2022-12-04 13:25:34,088 [s1@group-972AA49E29D3-LeaderElection2] INFO  server.RaftServerConfigKeys (ConfUtils.java:logFallback(53)) - raft.server.rpc.first-election.timeout.max = 300ms (fallback to raft.server.rpc.timeout.max)
2022-12-04 13:25:34,089 [grpc-default-executor-2] INFO  impl.VoteContext (VoteContext.java:log(49)) - s2@group-972AA49E29D3-CANDIDATE: accept PRE_VOTE from s1: our priority 0 <= candidate's priority 0
2022-12-04 13:25:34,089 [grpc-default-executor-0] INFO  impl.VoteContext (VoteContext.java:log(49)) - s1@group-972AA49E29D3-CANDIDATE: accept PRE_VOTE from s2: our priority 0 <= candidate's priority 0
2022-12-04 13:25:34,091 [grpc-default-executor-1] INFO  server.RaftServer$Division (RaftServerImpl.java:requestVote(1294)) - s2@group-972AA49E29D3: receive requestVote(PRE_VOTE, s1, group-972AA49E29D3, 0, (t:0, i:0))
2022-12-04 13:25:34,092 [grpc-default-executor-0] INFO  server.RaftServer$Division (RaftServerImpl.java:requestVote(1327)) - s1@group-972AA49E29D3 replies to PRE_VOTE vote request: s2<-s1#0:OK-t0. Peer's state: s1@group-972AA49E29D3:t0, leader=null, voted=, raftlog=Memoized:s1@group-972AA49E29D3-SegmentedRaftLog:OPENED:c-1, conf=-1: peers:[s0|rpc:localhost:40711|admin:localhost:36203|client:localhost:34773|dataStream:localhost:35727|priority:0|startupRole:FOLLOWER, s1|rpc:localhost:46201|admin:localhost:42025|client:localhost:42051|dataStream:localhost:36903|priority:0|startupRole:FOLLOWER, s2|rpc:localhost:44193|admin:localhost:37671|client:localhost:43231|dataStream:localhost:42371|priority:0|startupRole:FOLLOWER]|listeners:[], old=null
2022-12-04 13:25:34,093 [s2@group-972AA49E29D3-LeaderElection3] INFO  impl.LeaderElection (LeaderElection.java:logAndReturn(89)) - s2@group-972AA49E29D3-LeaderElection3: PRE_VOTE TIMEOUT received 0 response(s) and 0 exception(s):
2022-12-04 13:25:34,093 [s2@group-972AA49E29D3-LeaderElection3] INFO  impl.LeaderElection (LeaderElection.java:askForVotes(311)) - s2@group-972AA49E29D3-LeaderElection3 PRE_VOTE round 0: result TIMEOUT
2022-12-04 13:25:34,093 [grpc-default-executor-2] INFO  server.RaftServer$Division (RaftServerImpl.java:requestVote(1327)) - s2@group-972AA49E29D3 replies to PRE_VOTE vote request: s1<-s2#0:OK-t0. Peer's state: s2@group-972AA49E29D3:t0, leader=null, voted=, raftlog=Memoized:s2@group-972AA49E29D3-SegmentedRaftLog:OPENED:c-1, conf=-1: peers:[s0|rpc:localhost:40711|admin:localhost:36203|client:localhost:34773|dataStream:localhost:35727|priority:0|startupRole:FOLLOWER, s1|rpc:localhost:46201|admin:localhost:42025|client:localhost:42051|dataStream:localhost:36903|priority:0|startupRole:FOLLOWER, s2|rpc:localhost:44193|admin:localhost:37671|client:localhost:43231|dataStream:localhost:42371|priority:0|startupRole:FOLLOWER]|listeners:[], old=null
2022-12-04 13:25:34,094 [s2@group-972AA49E29D3-LeaderElection3] INFO  impl.LeaderElection (LeaderElection.java:askForVotes(309)) - s2@group-972AA49E29D3-LeaderElection3 PRE_VOTE round 1: submit vote requests at term 0 for -1: peers:[s0|rpc:localhost:40711|admin:localhost:36203|client:localhost:34773|dataStream:localhost:35727|priority:0|startupRole:FOLLOWER, s1|rpc:localhost:46201|admin:localhost:42025|client:localhost:42051|dataStream:localhost:36903|priority:0|startupRole:FOLLOWER, s2|rpc:localhost:44193|admin:localhost:37671|client:localhost:43231|dataStream:localhost:42371|priority:0|startupRole:FOLLOWER]|listeners:[], old=null
2022-12-04 13:25:34,094 [grpc-default-executor-1] INFO  impl.VoteContext (VoteContext.java:log(49)) - s2@group-972AA49E29D3-CANDIDATE: accept PRE_VOTE from s1: our priority 0 <= candidate's priority 0
2022-12-04 13:25:34,095 [grpc-default-executor-1] INFO  server.RaftServer$Division (RaftServerImpl.java:requestVote(1327)) - s2@group-972AA49E29D3 replies to PRE_VOTE vote request: s1<-s2#0:OK-t0. Peer's state: s2@group-972AA49E29D3:t0, leader=null, voted=, raftlog=Memoized:s2@group-972AA49E29D3-SegmentedRaftLog:OPENED:c-1, conf=-1: peers:[s0|rpc:localhost:40711|admin:localhost:36203|client:localhost:34773|dataStream:localhost:35727|priority:0|startupRole:FOLLOWER, s1|rpc:localhost:46201|admin:localhost:42025|client:localhost:42051|dataStream:localhost:36903|priority:0|startupRole:FOLLOWER, s2|rpc:localhost:44193|admin:localhost:37671|client:localhost:43231|dataStream:localhost:42371|priority:0|startupRole:FOLLOWER]|listeners:[], old=null
2022-12-04 13:25:34,099 [grpc-default-executor-4] INFO  server.RaftServer$Division (RaftServerImpl.java:requestVote(1327)) - s0@group-972AA49E29D3 replies to PRE_VOTE vote request: s1<-s0#0:OK-t0. Peer's state: s0@group-972AA49E29D3:t0, leader=null, voted=, raftlog=Memoized:s0@group-972AA49E29D3-SegmentedRaftLog:OPENED:c-1, conf=-1: peers:[s0|rpc:localhost:40711|admin:localhost:36203|client:localhost:34773|dataStream:localhost:35727|priority:0|startupRole:FOLLOWER, s1|rpc:localhost:46201|admin:localhost:42025|client:localhost:42051|dataStream:localhost:36903|priority:0|startupRole:FOLLOWER, s2|rpc:localhost:44193|admin:localhost:37671|client:localhost:43231|dataStream:localhost:42371|priority:0|startupRole:FOLLOWER]|listeners:[], old=null
2022-12-04 13:25:34,105 [s2@group-972AA49E29D3-LeaderElection3] INFO  server.RaftServerConfigKeys (ConfUtils.java:logFallback(53)) - raft.server.rpc.first-election.timeout.min = 150ms (fallback to raft.server.rpc.timeout.min)
2022-12-04 13:25:34,110 [s2@group-972AA49E29D3-LeaderElection3] INFO  server.RaftServerConfigKeys (ConfUtils.java:logFallback(53)) - raft.server.rpc.first-election.timeout.max = 300ms (fallback to raft.server.rpc.timeout.max)
2022-12-04 13:25:34,106 [grpc-default-executor-2] INFO  server.RaftServer$Division (RaftServerImpl.java:requestVote(1294)) - s2@group-972AA49E29D3: receive requestVote(PRE_VOTE, s0, group-972AA49E29D3, 0, (t:0, i:0))
2022-12-04 13:25:34,115 [grpc-default-executor-2] INFO  impl.VoteContext (VoteContext.java:log(49)) - s2@group-972AA49E29D3-CANDIDATE: accept PRE_VOTE from s0: our priority 0 <= candidate's priority 0
2022-12-04 13:25:34,115 [grpc-default-executor-2] INFO  server.RaftServer$Division (RaftServerImpl.java:requestVote(1327)) - s2@group-972AA49E29D3 replies to PRE_VOTE vote request: s0<-s2#0:OK-t0. Peer's state: s2@group-972AA49E29D3:t0, leader=null, voted=, raftlog=Memoized:s2@group-972AA49E29D3-SegmentedRaftLog:OPENED:c-1, conf=-1: peers:[s0|rpc:localhost:40711|admin:localhost:36203|client:localhost:34773|dataStream:localhost:35727|priority:0|startupRole:FOLLOWER, s1|rpc:localhost:46201|admin:localhost:42025|client:localhost:42051|dataStream:localhost:36903|priority:0|startupRole:FOLLOWER, s2|rpc:localhost:44193|admin:localhost:37671|client:localhost:43231|dataStream:localhost:42371|priority:0|startupRole:FOLLOWER]|listeners:[], old=null
2022-12-04 13:25:34,110 [grpc-default-executor-5] INFO  server.RaftServer$Division (RaftServerImpl.java:requestVote(1294)) - s2@group-972AA49E29D3: receive requestVote(PRE_VOTE, s0, group-972AA49E29D3, 0, (t:0, i:0))
2022-12-04 13:25:34,116 [grpc-default-executor-5] INFO  impl.VoteContext (VoteContext.java:log(49)) - s2@group-972AA49E29D3-CANDIDATE: accept PRE_VOTE from s0: our priority 0 <= candidate's priority 0
2022-12-04 13:25:34,116 [grpc-default-executor-5] INFO  server.RaftServer$Division (RaftServerImpl.java:requestVote(1327)) - s2@group-972AA49E29D3 replies to PRE_VOTE vote request: s0<-s2#0:OK-t0. Peer's state: s2@group-972AA49E29D3:t0, leader=null, voted=, raftlog=Memoized:s2@group-972AA49E29D3-SegmentedRaftLog:OPENED:c-1, conf=-1: peers:[s0|rpc:localhost:40711|admin:localhost:36203|client:localhost:34773|dataStream:localhost:35727|priority:0|startupRole:FOLLOWER, s1|rpc:localhost:46201|admin:localhost:42025|client:localhost:42051|dataStream:localhost:36903|priority:0|startupRole:FOLLOWER, s2|rpc:localhost:44193|admin:localhost:37671|client:localhost:43231|dataStream:localhost:42371|priority:0|startupRole:FOLLOWER]|listeners:[], old=null
2022-12-04 13:25:34,117 [grpc-default-executor-4] INFO  server.RaftServer$Division (RaftServerImpl.java:requestVote(1294)) - s0@group-972AA49E29D3: receive requestVote(PRE_VOTE, s2, group-972AA49E29D3, 0, (t:0, i:0))
2022-12-04 13:25:34,120 [grpc-default-executor-4] INFO  impl.VoteContext (VoteContext.java:log(49)) - s0@group-972AA49E29D3-CANDIDATE: accept PRE_VOTE from s2: our priority 0 <= candidate's priority 0
2022-12-04 13:25:34,120 [grpc-default-executor-4] INFO  server.RaftServer$Division (RaftServerImpl.java:requestVote(1327)) - s0@group-972AA49E29D3 replies to PRE_VOTE vote request: s2<-s0#0:OK-t0. Peer's state: s0@group-972AA49E29D3:t0, leader=null, voted=, raftlog=Memoized:s0@group-972AA49E29D3-SegmentedRaftLog:OPENED:c-1, conf=-1: peers:[s0|rpc:localhost:40711|admin:localhost:36203|client:localhost:34773|dataStream:localhost:35727|priority:0|startupRole:FOLLOWER, s1|rpc:localhost:46201|admin:localhost:42025|client:localhost:42051|dataStream:localhost:36903|priority:0|startupRole:FOLLOWER, s2|rpc:localhost:44193|admin:localhost:37671|client:localhost:43231|dataStream:localhost:42371|priority:0|startupRole:FOLLOWER]|listeners:[], old=null
2022-12-04 13:25:34,122 [grpc-default-executor-4] INFO  server.RaftServer$Division (RaftServerImpl.java:requestVote(1294)) - s1@group-972AA49E29D3: receive requestVote(PRE_VOTE, s0, group-972AA49E29D3, 0, (t:0, i:0))
2022-12-04 13:25:34,122 [grpc-default-executor-4] INFO  impl.VoteContext (VoteContext.java:log(49)) - s1@group-972AA49E29D3-CANDIDATE: accept PRE_VOTE from s0: our priority 0 <= candidate's priority 0
2022-12-04 13:25:34,122 [grpc-default-executor-4] INFO  server.RaftServer$Division (RaftServerImpl.java:requestVote(1327)) - s1@group-972AA49E29D3 replies to PRE_VOTE vote request: s0<-s1#0:OK-t0. Peer's state: s1@group-972AA49E29D3:t0, leader=null, voted=, raftlog=Memoized:s1@group-972AA49E29D3-SegmentedRaftLog:OPENED:c-1, conf=-1: peers:[s0|rpc:localhost:40711|admin:localhost:36203|client:localhost:34773|dataStream:localhost:35727|priority:0|startupRole:FOLLOWER, s1|rpc:localhost:46201|admin:localhost:42025|client:localhost:42051|dataStream:localhost:36903|priority:0|startupRole:FOLLOWER, s2|rpc:localhost:44193|admin:localhost:37671|client:localhost:43231|dataStream:localhost:42371|priority:0|startupRole:FOLLOWER]|listeners:[], old=null
2022-12-04 13:25:34,123 [grpc-default-executor-4] INFO  server.RaftServer$Division (RaftServerImpl.java:requestVote(1294)) - s1@group-972AA49E29D3: receive requestVote(PRE_VOTE, s0, group-972AA49E29D3, 0, (t:0, i:0))
2022-12-04 13:25:34,123 [grpc-default-executor-4] INFO  impl.VoteContext (VoteContext.java:log(49)) - s1@group-972AA49E29D3-CANDIDATE: accept PRE_VOTE from s0: our priority 0 <= candidate's priority 0
2022-12-04 13:25:34,123 [grpc-default-executor-4] INFO  server.RaftServer$Division (RaftServerImpl.java:requestVote(1327)) - s1@group-972AA49E29D3 replies to PRE_VOTE vote request: s0<-s1#0:OK-t0. Peer's state: s1@group-972AA49E29D3:t0, leader=null, voted=, raftlog=Memoized:s1@group-972AA49E29D3-SegmentedRaftLog:OPENED:c-1, conf=-1: peers:[s0|rpc:localhost:40711|admin:localhost:36203|client:localhost:34773|dataStream:localhost:35727|priority:0|startupRole:FOLLOWER, s1|rpc:localhost:46201|admin:localhost:42025|client:localhost:42051|dataStream:localhost:36903|priority:0|startupRole:FOLLOWER, s2|rpc:localhost:44193|admin:localhost:37671|client:localhost:43231|dataStream:localhost:42371|priority:0|startupRole:FOLLOWER]|listeners:[], old=null
2022-12-04 13:25:34,125 [s1@group-972AA49E29D3-LeaderElection2] INFO  impl.LeaderElection (LeaderElection.java:logAndReturn(89)) - s1@group-972AA49E29D3-LeaderElection2: PRE_VOTE PASSED received 1 response(s) and 0 exception(s):
2022-12-04 13:25:34,130 [s1@group-972AA49E29D3-LeaderElection2] INFO  impl.LeaderElection (LeaderElection.java:logAndReturn(93)) -   Response 0: s1<-s2#0:OK-t0
2022-12-04 13:25:34,130 [s1@group-972AA49E29D3-LeaderElection2] INFO  impl.LeaderElection (LeaderElection.java:askForVotes(311)) - s1@group-972AA49E29D3-LeaderElection2 PRE_VOTE round 1: result PASSED
2022-12-04 13:25:34,132 [grpc-default-executor-4] INFO  server.RaftServer$Division (RaftServerImpl.java:requestVote(1294)) - s0@group-972AA49E29D3: receive requestVote(PRE_VOTE, s1, group-972AA49E29D3, 0, (t:0, i:0))
2022-12-04 13:25:34,134 [s0@group-972AA49E29D3-LeaderElection1] INFO  impl.LeaderElection (LeaderElection.java:logAndReturn(89)) - s0@group-972AA49E29D3-LeaderElection1: PRE_VOTE PASSED received 1 response(s) and 0 exception(s):
2022-12-04 13:25:34,134 [s1@group-972AA49E29D3-LeaderElection2] INFO  impl.LeaderElection (LeaderElection.java:askForVotes(309)) - s1@group-972AA49E29D3-LeaderElection2 ELECTION round 0: submit vote requests at term 1 for -1: peers:[s0|rpc:localhost:40711|admin:localhost:36203|client:localhost:34773|dataStream:localhost:35727|priority:0|startupRole:FOLLOWER, s1|rpc:localhost:46201|admin:localhost:42025|client:localhost:42051|dataStream:localhost:36903|priority:0|startupRole:FOLLOWER, s2|rpc:localhost:44193|admin:localhost:37671|client:localhost:43231|dataStream:localhost:42371|priority:0|startupRole:FOLLOWER]|listeners:[], old=null
2022-12-04 13:25:34,135 [grpc-default-executor-4] INFO  impl.VoteContext (VoteContext.java:log(49)) - s0@group-972AA49E29D3-CANDIDATE: accept PRE_VOTE from s1: our priority 0 <= candidate's priority 0
2022-12-04 13:25:34,135 [s0@group-972AA49E29D3-LeaderElection1] INFO  impl.LeaderElection (LeaderElection.java:logAndReturn(93)) -   Response 0: s0<-s2#0:OK-t0
2022-12-04 13:25:34,144 [s0@group-972AA49E29D3-LeaderElection1] INFO  impl.LeaderElection (LeaderElection.java:askForVotes(311)) - s0@group-972AA49E29D3-LeaderElection1 PRE_VOTE round 1: result PASSED
2022-12-04 13:25:34,144 [grpc-default-executor-5] INFO  server.RaftServer$Division (RaftServerImpl.java:requestVote(1294)) - s1@group-972AA49E29D3: receive requestVote(PRE_VOTE, s2, group-972AA49E29D3, 0, (t:0, i:0))
2022-12-04 13:25:34,144 [s1@group-972AA49E29D3-LeaderElection2] INFO  server.RaftServerConfigKeys (ConfUtils.java:logFallback(53)) - raft.server.rpc.first-election.timeout.min = 150ms (fallback to raft.server.rpc.timeout.min)
2022-12-04 13:25:34,144 [grpc-default-executor-5] INFO  impl.VoteContext (VoteContext.java:log(49)) - s1@group-972AA49E29D3-CANDIDATE: accept PRE_VOTE from s2: our priority 0 <= candidate's priority 0
2022-12-04 13:25:34,144 [s1@group-972AA49E29D3-LeaderElection2] INFO  server.RaftServerConfigKeys (ConfUtils.java:logFallback(53)) - raft.server.rpc.first-election.timeout.max = 300ms (fallback to raft.server.rpc.timeout.max)
2022-12-04 13:25:34,144 [grpc-default-executor-5] INFO  server.RaftServer$Division (RaftServerImpl.java:requestVote(1327)) - s1@group-972AA49E29D3 replies to PRE_VOTE vote request: s2<-s1#0:OK-t1. Peer's state: s1@group-972AA49E29D3:t1, leader=null, voted=s1, raftlog=Memoized:s1@group-972AA49E29D3-SegmentedRaftLog:OPENED:c-1, conf=-1: peers:[s0|rpc:localhost:40711|admin:localhost:36203|client:localhost:34773|dataStream:localhost:35727|priority:0|startupRole:FOLLOWER, s1|rpc:localhost:46201|admin:localhost:42025|client:localhost:42051|dataStream:localhost:36903|priority:0|startupRole:FOLLOWER, s2|rpc:localhost:44193|admin:localhost:37671|client:localhost:43231|dataStream:localhost:42371|priority:0|startupRole:FOLLOWER]|listeners:[], old=null
2022-12-04 13:25:34,136 [grpc-default-executor-4] INFO  server.RaftServer$Division (RaftServerImpl.java:requestVote(1327)) - s0@group-972AA49E29D3 replies to PRE_VOTE vote request: s1<-s0#0:OK-t0. Peer's state: s0@group-972AA49E29D3:t0, leader=null, voted=, raftlog=Memoized:s0@group-972AA49E29D3-SegmentedRaftLog:OPENED:c-1, conf=-1: peers:[s0|rpc:localhost:40711|admin:localhost:36203|client:localhost:34773|dataStream:localhost:35727|priority:0|startupRole:FOLLOWER, s1|rpc:localhost:46201|admin:localhost:42025|client:localhost:42051|dataStream:localhost:36903|priority:0|startupRole:FOLLOWER, s2|rpc:localhost:44193|admin:localhost:37671|client:localhost:43231|dataStream:localhost:42371|priority:0|startupRole:FOLLOWER]|listeners:[], old=null
2022-12-04 13:25:34,146 [s0@group-972AA49E29D3-LeaderElection1] INFO  impl.LeaderElection (LeaderElection.java:askForVotes(309)) - s0@group-972AA49E29D3-LeaderElection1 ELECTION round 0: submit vote requests at term 1 for -1: peers:[s0|rpc:localhost:40711|admin:localhost:36203|client:localhost:34773|dataStream:localhost:35727|priority:0|startupRole:FOLLOWER, s1|rpc:localhost:46201|admin:localhost:42025|client:localhost:42051|dataStream:localhost:36903|priority:0|startupRole:FOLLOWER, s2|rpc:localhost:44193|admin:localhost:37671|client:localhost:43231|dataStream:localhost:42371|priority:0|startupRole:FOLLOWER]|listeners:[], old=null
2022-12-04 13:25:34,148 [s2@group-972AA49E29D3-LeaderElection3] INFO  impl.LeaderElection (LeaderElection.java:logAndReturn(89)) - s2@group-972AA49E29D3-LeaderElection3: PRE_VOTE DISCOVERED_A_NEW_TERM (term=1) received 1 response(s) and 0 exception(s):
2022-12-04 13:25:34,153 [s2@group-972AA49E29D3-LeaderElection3] INFO  impl.LeaderElection (LeaderElection.java:logAndReturn(93)) -   Response 0: s2<-s1#0:OK-t1
2022-12-04 13:25:34,153 [s2@group-972AA49E29D3-LeaderElection3] INFO  impl.LeaderElection (LeaderElection.java:askForVotes(311)) - s2@group-972AA49E29D3-LeaderElection3 PRE_VOTE round 1: result DISCOVERED_A_NEW_TERM (term=1)
2022-12-04 13:25:34,154 [s2@group-972AA49E29D3-LeaderElection3] INFO  server.RaftServer$Division (RaftServerImpl.java:setRole(325)) - s2@group-972AA49E29D3: changes role from CANDIDATE to FOLLOWER at term 1 for DISCOVERED_A_NEW_TERM (term=1)
2022-12-04 13:25:34,154 [s2@group-972AA49E29D3-LeaderElection3] INFO  impl.RoleInfo (RoleInfo.java:shutdownLeaderElection(130)) - s2: shutdown s2@group-972AA49E29D3-LeaderElection3
2022-12-04 13:25:34,154 [s2@group-972AA49E29D3-LeaderElection3] INFO  impl.RoleInfo (RoleInfo.java:updateAndGet(139)) - s2: start s2@group-972AA49E29D3-FollowerState
2022-12-04 13:25:34,152 [s0@group-972AA49E29D3-LeaderElection1] INFO  server.RaftServerConfigKeys (ConfUtils.java:logFallback(53)) - raft.server.rpc.first-election.timeout.min = 150ms (fallback to raft.server.rpc.timeout.min)
2022-12-04 13:25:34,159 [s0@group-972AA49E29D3-LeaderElection1] INFO  server.RaftServerConfigKeys (ConfUtils.java:logFallback(53)) - raft.server.rpc.first-election.timeout.max = 300ms (fallback to raft.server.rpc.timeout.max)
2022-12-04 13:25:34,164 [s2@group-972AA49E29D3-FollowerState] INFO  server.RaftServerConfigKeys (ConfUtils.java:logFallback(53)) - raft.server.rpc.first-election.timeout.min = 150ms (fallback to raft.server.rpc.timeout.min)
2022-12-04 13:25:34,165 [s2@group-972AA49E29D3-FollowerState] INFO  server.RaftServerConfigKeys (ConfUtils.java:logFallback(53)) - raft.server.rpc.first-election.timeout.max = 300ms (fallback to raft.server.rpc.timeout.max)
2022-12-04 13:25:34,170 [grpc-default-executor-5] INFO  server.RaftServer$Division (RaftServerImpl.java:requestVote(1294)) - s0@group-972AA49E29D3: receive requestVote(PRE_VOTE, s2, group-972AA49E29D3, 0, (t:0, i:0))
2022-12-04 13:25:34,170 [grpc-default-executor-5] INFO  impl.VoteContext (VoteContext.java:log(49)) - s0@group-972AA49E29D3-CANDIDATE: accept PRE_VOTE from s2: our priority 0 <= candidate's priority 0
2022-12-04 13:25:34,170 [grpc-default-executor-5] INFO  server.RaftServer$Division (RaftServerImpl.java:requestVote(1327)) - s0@group-972AA49E29D3 replies to PRE_VOTE vote request: s2<-s0#0:OK-t1. Peer's state: s0@group-972AA49E29D3:t1, leader=null, voted=s0, raftlog=Memoized:s0@group-972AA49E29D3-SegmentedRaftLog:OPENED:c-1, conf=-1: peers:[s0|rpc:localhost:40711|admin:localhost:36203|client:localhost:34773|dataStream:localhost:35727|priority:0|startupRole:FOLLOWER, s1|rpc:localhost:46201|admin:localhost:42025|client:localhost:42051|dataStream:localhost:36903|priority:0|startupRole:FOLLOWER, s2|rpc:localhost:44193|admin:localhost:37671|client:localhost:43231|dataStream:localhost:42371|priority:0|startupRole:FOLLOWER]|listeners:[], old=null
2022-12-04 13:25:34,171 [grpc-default-executor-4] INFO  server.RaftServer$Division (RaftServerImpl.java:requestVote(1294)) - s2@group-972AA49E29D3: receive requestVote(ELECTION, s1, group-972AA49E29D3, 1, (t:0, i:0))
2022-12-04 13:25:34,171 [grpc-default-executor-4] INFO  impl.VoteContext (VoteContext.java:log(49)) - s2@group-972AA49E29D3-FOLLOWER: accept ELECTION from s1: our priority 0 <= candidate's priority 0
2022-12-04 13:25:34,171 [grpc-default-executor-4] INFO  server.RaftServer$Division (RaftServerImpl.java:setRole(325)) - s2@group-972AA49E29D3: changes role from  FOLLOWER to FOLLOWER at term 1 for candidate:s1
2022-12-04 13:25:34,171 [grpc-default-executor-4] INFO  impl.RoleInfo (RoleInfo.java:shutdownFollowerState(110)) - s2: shutdown s2@group-972AA49E29D3-FollowerState
2022-12-04 13:25:34,171 [grpc-default-executor-4] INFO  impl.RoleInfo (RoleInfo.java:updateAndGet(139)) - s2: start s2@group-972AA49E29D3-FollowerState
2022-12-04 13:25:34,175 [s2@group-972AA49E29D3-FollowerState] INFO  server.RaftServerConfigKeys (ConfUtils.java:logFallback(53)) - raft.server.rpc.first-election.timeout.min = 150ms (fallback to raft.server.rpc.timeout.min)
2022-12-04 13:25:34,179 [grpc-default-executor-1] INFO  server.RaftServer$Division (RaftServerImpl.java:requestVote(1294)) - s1@group-972AA49E29D3: receive requestVote(ELECTION, s0, group-972AA49E29D3, 1, (t:0, i:0))
2022-12-04 13:25:34,179 [grpc-default-executor-1] INFO  impl.VoteContext (VoteContext.java:log(49)) - s1@group-972AA49E29D3-CANDIDATE: reject ELECTION from s0: already has voted for s1 at current term 1
2022-12-04 13:25:34,179 [grpc-default-executor-1] INFO  server.RaftServer$Division (RaftServerImpl.java:requestVote(1327)) - s1@group-972AA49E29D3 replies to ELECTION vote request: s0<-s1#0:FAIL-t1. Peer's state: s1@group-972AA49E29D3:t1, leader=null, voted=s1, raftlog=Memoized:s1@group-972AA49E29D3-SegmentedRaftLog:OPENED:c-1, conf=-1: peers:[s0|rpc:localhost:40711|admin:localhost:36203|client:localhost:34773|dataStream:localhost:35727|priority:0|startupRole:FOLLOWER, s1|rpc:localhost:46201|admin:localhost:42025|client:localhost:42051|dataStream:localhost:36903|priority:0|startupRole:FOLLOWER, s2|rpc:localhost:44193|admin:localhost:37671|client:localhost:43231|dataStream:localhost:42371|priority:0|startupRole:FOLLOWER]|listeners:[], old=null
2022-12-04 13:25:34,178 [grpc-default-executor-2] INFO  server.RaftServer$Division (RaftServerImpl.java:requestVote(1294)) - s2@group-972AA49E29D3: receive requestVote(ELECTION, s0, group-972AA49E29D3, 1, (t:0, i:0))
2022-12-04 13:25:34,178 [grpc-default-executor-4] INFO  server.RaftServer$Division (RaftServerImpl.java:requestVote(1327)) - s2@group-972AA49E29D3 replies to ELECTION vote request: s1<-s2#0:OK-t1. Peer's state: s2@group-972AA49E29D3:t1, leader=null, voted=s1, raftlog=Memoized:s2@group-972AA49E29D3-SegmentedRaftLog:OPENED:c-1, conf=-1: peers:[s0|rpc:localhost:40711|admin:localhost:36203|client:localhost:34773|dataStream:localhost:35727|priority:0|startupRole:FOLLOWER, s1|rpc:localhost:46201|admin:localhost:42025|client:localhost:42051|dataStream:localhost:36903|priority:0|startupRole:FOLLOWER, s2|rpc:localhost:44193|admin:localhost:37671|client:localhost:43231|dataStream:localhost:42371|priority:0|startupRole:FOLLOWER]|listeners:[], old=null
2022-12-04 13:25:34,180 [grpc-default-executor-2] INFO  impl.VoteContext (VoteContext.java:log(49)) - s2@group-972AA49E29D3-FOLLOWER: reject ELECTION from s0: already has voted for s1 at current term 1
2022-12-04 13:25:34,180 [grpc-default-executor-2] INFO  server.RaftServer$Division (RaftServerImpl.java:requestVote(1327)) - s2@group-972AA49E29D3 replies to ELECTION vote request: s0<-s2#0:FAIL-t1. Peer's state: s2@group-972AA49E29D3:t1, leader=null, voted=s1, raftlog=Memoized:s2@group-972AA49E29D3-SegmentedRaftLog:OPENED:c-1, conf=-1: peers:[s0|rpc:localhost:40711|admin:localhost:36203|client:localhost:34773|dataStream:localhost:35727|priority:0|startupRole:FOLLOWER, s1|rpc:localhost:46201|admin:localhost:42025|client:localhost:42051|dataStream:localhost:36903|priority:0|startupRole:FOLLOWER, s2|rpc:localhost:44193|admin:localhost:37671|client:localhost:43231|dataStream:localhost:42371|priority:0|startupRole:FOLLOWER]|listeners:[], old=null
2022-12-04 13:25:34,178 [grpc-default-executor-5] INFO  server.RaftServer$Division (RaftServerImpl.java:requestVote(1294)) - s0@group-972AA49E29D3: receive requestVote(ELECTION, s1, group-972AA49E29D3, 1, (t:0, i:0))
2022-12-04 13:25:34,181 [grpc-default-executor-5] INFO  impl.VoteContext (VoteContext.java:log(49)) - s0@group-972AA49E29D3-CANDIDATE: reject ELECTION from s1: already has voted for s0 at current term 1
2022-12-04 13:25:34,181 [grpc-default-executor-5] INFO  server.RaftServer$Division (RaftServerImpl.java:requestVote(1327)) - s0@group-972AA49E29D3 replies to ELECTION vote request: s1<-s0#0:FAIL-t1. Peer's state: s0@group-972AA49E29D3:t1, leader=null, voted=s0, raftlog=Memoized:s0@group-972AA49E29D3-SegmentedRaftLog:OPENED:c-1, conf=-1: peers:[s0|rpc:localhost:40711|admin:localhost:36203|client:localhost:34773|dataStream:localhost:35727|priority:0|startupRole:FOLLOWER, s1|rpc:localhost:46201|admin:localhost:42025|client:localhost:42051|dataStream:localhost:36903|priority:0|startupRole:FOLLOWER, s2|rpc:localhost:44193|admin:localhost:37671|client:localhost:43231|dataStream:localhost:42371|priority:0|startupRole:FOLLOWER]|listeners:[], old=null
2022-12-04 13:25:34,183 [s2@group-972AA49E29D3-FollowerState] INFO  server.RaftServerConfigKeys (ConfUtils.java:logFallback(53)) - raft.server.rpc.first-election.timeout.max = 300ms (fallback to raft.server.rpc.timeout.max)
2022-12-04 13:25:34,184 [s1@group-972AA49E29D3-LeaderElection2] INFO  impl.LeaderElection (LeaderElection.java:logAndReturn(89)) - s1@group-972AA49E29D3-LeaderElection2: ELECTION PASSED received 1 response(s) and 0 exception(s):
2022-12-04 13:25:34,184 [s1@group-972AA49E29D3-LeaderElection2] INFO  impl.LeaderElection (LeaderElection.java:logAndReturn(93)) -   Response 0: s1<-s2#0:OK-t1
2022-12-04 13:25:34,184 [s1@group-972AA49E29D3-LeaderElection2] INFO  impl.LeaderElection (LeaderElection.java:askForVotes(311)) - s1@group-972AA49E29D3-LeaderElection2 ELECTION round 0: result PASSED
2022-12-04 13:25:34,184 [s1@group-972AA49E29D3-LeaderElection2] INFO  impl.RoleInfo (RoleInfo.java:shutdownLeaderElection(130)) - s1: shutdown s1@group-972AA49E29D3-LeaderElection2
2022-12-04 13:25:34,184 [s1@group-972AA49E29D3-LeaderElection2] INFO  server.RaftServer$Division (RaftServerImpl.java:setRole(325)) - s1@group-972AA49E29D3: changes role from CANDIDATE to LEADER at term 1 for changeToLeader
2022-12-04 13:25:34,184 [s1@group-972AA49E29D3-LeaderElection2] INFO  server.RaftServer$Division (ServerState.java:setLeader(260)) - s1@group-972AA49E29D3: change Leader from null to s1 at term 1 for becomeLeader, leader elected after 947ms
2022-12-04 13:25:34,183 [s2@group-972AA49E29D3-FollowerState] INFO  impl.FollowerState (FollowerState.java:run(152)) - s2@group-972AA49E29D3-FollowerState was interrupted
2022-12-04 13:25:34,189 [s0@group-972AA49E29D3-LeaderElection1] INFO  impl.LeaderElection (LeaderElection.java:logAndReturn(89)) - s0@group-972AA49E29D3-LeaderElection1: ELECTION REJECTED received 2 response(s) and 0 exception(s):
2022-12-04 13:25:34,191 [s0@group-972AA49E29D3-LeaderElection1] INFO  impl.LeaderElection (LeaderElection.java:logAndReturn(93)) -   Response 0: s0<-s1#0:FAIL-t1
2022-12-04 13:25:34,191 [s0@group-972AA49E29D3-LeaderElection1] INFO  impl.LeaderElection (LeaderElection.java:logAndReturn(93)) -   Response 1: s0<-s2#0:FAIL-t1
2022-12-04 13:25:34,191 [s0@group-972AA49E29D3-LeaderElection1] INFO  impl.LeaderElection (LeaderElection.java:askForVotes(311)) - s0@group-972AA49E29D3-LeaderElection1 ELECTION round 0: result REJECTED
2022-12-04 13:25:34,188 [s1@group-972AA49E29D3-LeaderElection2] INFO  server.RaftServerConfigKeys (ConfUtils.java:logGet(46)) - raft.server.staging.catchup.gap = 1000 (default)
2022-12-04 13:25:34,191 [s0@group-972AA49E29D3-LeaderElection1] INFO  server.RaftServer$Division (RaftServerImpl.java:setRole(325)) - s0@group-972AA49E29D3: changes role from CANDIDATE to FOLLOWER at term 1 for REJECTED
2022-12-04 13:25:34,192 [s0@group-972AA49E29D3-LeaderElection1] INFO  impl.RoleInfo (RoleInfo.java:shutdownLeaderElection(130)) - s0: shutdown s0@group-972AA49E29D3-LeaderElection1
2022-12-04 13:25:34,192 [s0@group-972AA49E29D3-LeaderElection1] INFO  impl.RoleInfo (RoleInfo.java:updateAndGet(139)) - s0: start s0@group-972AA49E29D3-FollowerState
2022-12-04 13:25:34,195 [s0@group-972AA49E29D3-FollowerState] INFO  server.RaftServerConfigKeys (ConfUtils.java:logFallback(53)) - raft.server.rpc.first-election.timeout.min = 150ms (fallback to raft.server.rpc.timeout.min)
2022-12-04 13:25:34,196 [s0@group-972AA49E29D3-FollowerState] INFO  server.RaftServerConfigKeys (ConfUtils.java:logFallback(53)) - raft.server.rpc.first-election.timeout.max = 300ms (fallback to raft.server.rpc.timeout.max)
2022-12-04 13:25:34,198 [s1@group-972AA49E29D3-LeaderElection2] INFO  server.RaftServerConfigKeys (ConfUtils.java:logGet(46)) - raft.server.write.element-limit = 4096 (default)
2022-12-04 13:25:34,198 [s1@group-972AA49E29D3-LeaderElection2] INFO  server.RaftServerConfigKeys (ConfUtils.java:logGet(46)) - raft.server.write.byte-limit = 64MB (=67108864) (default)
2022-12-04 13:25:34,201 [s1@group-972AA49E29D3-LeaderElection2] INFO  server.RaftServerConfigKeys (ConfUtils.java:logGet(46)) - raft.server.watch.timeout = 10s (default)
2022-12-04 13:25:34,201 [s1@group-972AA49E29D3-LeaderElection2] INFO  server.RaftServerConfigKeys (ConfUtils.java:logGet(46)) - raft.server.watch.timeout.denomination = 1s (default)
2022-12-04 13:25:34,201 [s1@group-972AA49E29D3-LeaderElection2] INFO  server.RaftServerConfigKeys (ConfUtils.java:logGet(46)) - raft.server.watch.element-limit = 65536 (default)
2022-12-04 13:25:34,207 [s1@group-972AA49E29D3-LeaderElection2] INFO  server.RaftServerConfigKeys (ConfUtils.java:logGet(46)) - raft.server.write.element-limit = 4096 (default)
2022-12-04 13:25:34,209 [s1@group-972AA49E29D3-LeaderElection2] INFO  server.RaftServerConfigKeys (ConfUtils.java:logGet(46)) - raft.server.write.follower.gap.ratio.max = -1.0 (default)
2022-12-04 13:25:34,220 [s1@group-972AA49E29D3-LeaderElection2] INFO  server.RaftServerConfigKeys (ConfUtils.java:logGet(46)) - raft.server.log.appender.snapshot.chunk.size.max = 16MB (=16777216) (default)
2022-12-04 13:25:34,220 [s1@group-972AA49E29D3-LeaderElection2] INFO  server.RaftServerConfigKeys (ConfUtils.java:logGet(46)) - raft.server.log.appender.buffer.byte-limit = 4MB (=4194304) (default)
2022-12-04 13:25:34,221 [s1@group-972AA49E29D3-LeaderElection2] INFO  server.RaftServerConfigKeys (ConfUtils.java:logGet(46)) - raft.server.log.appender.buffer.element-limit = 0 (default)
2022-12-04 13:25:34,223 [s1@group-972AA49E29D3-LeaderElection2] INFO  grpc.GrpcConfigKeys (ConfUtils.java:logGet(46)) - raft.grpc.server.leader.outstanding.appends.max = 128 (default)
2022-12-04 13:25:34,223 [s1@group-972AA49E29D3-LeaderElection2] INFO  server.RaftServerConfigKeys (ConfUtils.java:logGet(46)) - raft.server.rpc.request.timeout = 3000ms (default)
2022-12-04 13:25:34,224 [s1@group-972AA49E29D3-LeaderElection2] INFO  server.RaftServerConfigKeys (ConfUtils.java:logGet(46)) - raft.server.log.appender.install.snapshot.enabled = true (default)
2022-12-04 13:25:34,224 [s1@group-972AA49E29D3-LeaderElection2] INFO  grpc.GrpcConfigKeys (ConfUtils.java:logGet(46)) - raft.grpc.server.heartbeat.channel = false (custom)
2022-12-04 13:25:34,224 [s1@group-972AA49E29D3-LeaderElection2] INFO  server.RaftServerConfigKeys (ConfUtils.java:logGet(46)) - raft.server.log.appender.wait-time.min = 10ms (default)
2022-12-04 13:25:34,227 [s1@group-972AA49E29D3-LeaderElection2] INFO  server.RaftServerConfigKeys (ConfUtils.java:logGet(46)) - raft.server.log.appender.snapshot.chunk.size.max = 16MB (=16777216) (default)
2022-12-04 13:25:34,228 [s1@group-972AA49E29D3-LeaderElection2] INFO  server.RaftServerConfigKeys (ConfUtils.java:logGet(46)) - raft.server.log.appender.buffer.byte-limit = 4MB (=4194304) (default)
2022-12-04 13:25:34,228 [s1@group-972AA49E29D3-LeaderElection2] INFO  server.RaftServerConfigKeys (ConfUtils.java:logGet(46)) - raft.server.log.appender.buffer.element-limit = 0 (default)
2022-12-04 13:25:34,228 [s1@group-972AA49E29D3-LeaderElection2] INFO  grpc.GrpcConfigKeys (ConfUtils.java:logGet(46)) - raft.grpc.server.leader.outstanding.appends.max = 128 (default)
2022-12-04 13:25:34,229 [s1@group-972AA49E29D3-LeaderElection2] INFO  server.RaftServerConfigKeys (ConfUtils.java:logGet(46)) - raft.server.rpc.request.timeout = 3000ms (default)
2022-12-04 13:25:34,229 [s1@group-972AA49E29D3-LeaderElection2] INFO  server.RaftServerConfigKeys (ConfUtils.java:logGet(46)) - raft.server.log.appender.install.snapshot.enabled = true (default)
2022-12-04 13:25:34,229 [s1@group-972AA49E29D3-LeaderElection2] INFO  grpc.GrpcConfigKeys (ConfUtils.java:logGet(46)) - raft.grpc.server.heartbeat.channel = false (custom)
2022-12-04 13:25:34,229 [s1@group-972AA49E29D3-LeaderElection2] INFO  server.RaftServerConfigKeys (ConfUtils.java:logGet(46)) - raft.server.log.appender.wait-time.min = 10ms (default)
2022-12-04 13:25:34,232 [s1@group-972AA49E29D3-LeaderElection2] INFO  impl.RoleInfo (RoleInfo.java:updateAndGet(139)) - s1: start s1@group-972AA49E29D3-LeaderStateImpl
2022-12-04 13:25:34,244 [s1@group-972AA49E29D3-LeaderElection2] INFO  segmented.SegmentedRaftLogWorker (SegmentedRaftLogWorker.java:startLogSegment(431)) - s1@group-972AA49E29D3-SegmentedRaftLogWorker: Starting segment from index:0
2022-12-04 13:25:34,281 [s1@group-972AA49E29D3-LeaderElection2] INFO  server.RaftServer$Division (ServerState.java:setRaftConf(377)) - s1@group-972AA49E29D3: set configuration 0: peers:[s0|rpc:localhost:40711|admin:localhost:36203|client:localhost:34773|dataStream:localhost:35727|priority:0|startupRole:FOLLOWER, s1|rpc:localhost:46201|admin:localhost:42025|client:localhost:42051|dataStream:localhost:36903|priority:0|startupRole:FOLLOWER, s2|rpc:localhost:44193|admin:localhost:37671|client:localhost:43231|dataStream:localhost:42371|priority:0|startupRole:FOLLOWER]|listeners:[], old=null
2022-12-04 13:25:34,301 [s2-server-thread1] INFO  server.RaftServer$Division (ServerState.java:setLeader(260)) - s2@group-972AA49E29D3: change Leader from null to s1 at term 1 for appendEntries, leader elected after 1063ms
2022-12-04 13:25:34,305 [s0-server-thread1] INFO  server.RaftServer$Division (ServerState.java:setLeader(260)) - s0@group-972AA49E29D3: change Leader from null to s1 at term 1 for appendEntries, leader elected after 1064ms
2022-12-04 13:25:34,351 [s0-server-thread1] INFO  server.RaftServer$Division (ServerState.java:setRaftConf(377)) - s0@group-972AA49E29D3: set configuration 0: peers:[s0|rpc:localhost:40711|admin:localhost:36203|client:localhost:34773|dataStream:localhost:35727|priority:0|startupRole:FOLLOWER, s1|rpc:localhost:46201|admin:localhost:42025|client:localhost:42051|dataStream:localhost:36903|priority:0|startupRole:FOLLOWER, s2|rpc:localhost:44193|admin:localhost:37671|client:localhost:43231|dataStream:localhost:42371|priority:0|startupRole:FOLLOWER]|listeners:[], old=null
2022-12-04 13:25:34,351 [s0-server-thread1] INFO  segmented.SegmentedRaftLogWorker (SegmentedRaftLogWorker.java:startLogSegment(431)) - s0@group-972AA49E29D3-SegmentedRaftLogWorker: Starting segment from index:0
2022-12-04 13:25:34,352 [s2-server-thread2] INFO  server.RaftServer$Division (ServerState.java:setRaftConf(377)) - s2@group-972AA49E29D3: set configuration 0: peers:[s0|rpc:localhost:40711|admin:localhost:36203|client:localhost:34773|dataStream:localhost:35727|priority:0|startupRole:FOLLOWER, s1|rpc:localhost:46201|admin:localhost:42025|client:localhost:42051|dataStream:localhost:36903|priority:0|startupRole:FOLLOWER, s2|rpc:localhost:44193|admin:localhost:37671|client:localhost:43231|dataStream:localhost:42371|priority:0|startupRole:FOLLOWER]|listeners:[], old=null
2022-12-04 13:25:34,361 [s2-server-thread2] INFO  segmented.SegmentedRaftLogWorker (SegmentedRaftLogWorker.java:startLogSegment(431)) - s2@group-972AA49E29D3-SegmentedRaftLogWorker: Starting segment from index:0
2022-12-04 13:25:34,389 [s2@group-972AA49E29D3-SegmentedRaftLogWorker] INFO  segmented.SegmentedRaftLogWorker (SegmentedRaftLogWorker.java:execute(635)) - s2@group-972AA49E29D3-SegmentedRaftLogWorker: created new log segment /home/runner/work/ratis/ratis/ratis-test/target/test/data/fbf6a140/MiniRaftClusterWithGrpcdedd8257/s2/002905f4-b9f9-423a-acfa-972aa49e29d3/current/log_inprogress_0
2022-12-04 13:25:34,393 [s0@group-972AA49E29D3-SegmentedRaftLogWorker] INFO  segmented.SegmentedRaftLogWorker (SegmentedRaftLogWorker.java:execute(635)) - s0@group-972AA49E29D3-SegmentedRaftLogWorker: created new log segment /home/runner/work/ratis/ratis/ratis-test/target/test/data/fbf6a140/MiniRaftClusterWithGrpcdedd8257/s0/002905f4-b9f9-423a-acfa-972aa49e29d3/current/log_inprogress_0
2022-12-04 13:25:34,406 [s1@group-972AA49E29D3-SegmentedRaftLogWorker] INFO  segmented.SegmentedRaftLogWorker (SegmentedRaftLogWorker.java:execute(635)) - s1@group-972AA49E29D3-SegmentedRaftLogWorker: created new log segment /home/runner/work/ratis/ratis/ratis-test/target/test/data/fbf6a140/MiniRaftClusterWithGrpcdedd8257/s1/002905f4-b9f9-423a-acfa-972aa49e29d3/current/log_inprogress_0
2022-12-04 13:25:34,508 [Time-limited test] INFO  ratis.RaftTestUtil (RaftTestUtil.java:waitForLeader(119)) - printing ALL groups
  s0:  RUNNING  FOLLOWER s0@group-972AA49E29D3:t1, leader=s1, voted=s0, raftlog=Memoized:s0@group-972AA49E29D3-SegmentedRaftLog:OPENED:c0, conf=0: peers:[s0|rpc:localhost:40711|admin:localhost:36203|client:localhost:34773|dataStream:localhost:35727|priority:0|startupRole:FOLLOWER, s1|rpc:localhost:46201|admin:localhost:42025|client:localhost:42051|dataStream:localhost:36903|priority:0|startupRole:FOLLOWER, s2|rpc:localhost:44193|admin:localhost:37671|client:localhost:43231|dataStream:localhost:42371|priority:0|startupRole:FOLLOWER]|listeners:[], old=null RUNNING
  s1:  RUNNING    LEADER s1@group-972AA49E29D3:t1, leader=s1, voted=s1, raftlog=Memoized:s1@group-972AA49E29D3-SegmentedRaftLog:OPENED:c0, conf=0: peers:[s0|rpc:localhost:40711|admin:localhost:36203|client:localhost:34773|dataStream:localhost:35727|priority:0|startupRole:FOLLOWER, s1|rpc:localhost:46201|admin:localhost:42025|client:localhost:42051|dataStream:localhost:36903|priority:0|startupRole:FOLLOWER, s2|rpc:localhost:44193|admin:localhost:37671|client:localhost:43231|dataStream:localhost:42371|priority:0|startupRole:FOLLOWER]|listeners:[], old=null RUNNING
  s2:  RUNNING  FOLLOWER s2@group-972AA49E29D3:t1, leader=s1, voted=s1, raftlog=Memoized:s2@group-972AA49E29D3-SegmentedRaftLog:OPENED:c0, conf=0: peers:[s0|rpc:localhost:40711|admin:localhost:36203|client:localhost:34773|dataStream:localhost:35727|priority:0|startupRole:FOLLOWER, s1|rpc:localhost:46201|admin:localhost:42025|client:localhost:42051|dataStream:localhost:36903|priority:0|startupRole:FOLLOWER, s2|rpc:localhost:44193|admin:localhost:37671|client:localhost:43231|dataStream:localhost:42371|priority:0|startupRole:FOLLOWER]|listeners:[], old=null RUNNING
2022-12-04 13:25:34,530 [Time-limited test] DEBUG client.GrpcClientProtocolClient (ConfUtils.java:logGet(46)) - raft.grpc.flow.control.window = 1MB (=1048576) (default)
2022-12-04 13:25:34,531 [Time-limited test] DEBUG client.GrpcClientProtocolClient (ConfUtils.java:logGet(46)) - raft.grpc.message.size.max = 64MB (=67108864) (default)
2022-12-04 13:25:34,586 [grpc-default-executor-2] TRACE client.GrpcClientProtocolClient (GrpcClientProtocolClient.java:onNext(311)) - client-B043165FFC95->s0: receive RaftClientReply:client-B043165FFC95->s0@group-972AA49E29D3, cid=0, FAILED org.apache.ratis.protocol.exceptions.NotLeaderException: Server s0@group-972AA49E29D3 is not the leader s1|rpc:localhost:46201|admin:localhost:42025|client:localhost:42051|dataStream:localhost:36903|priority:0|startupRole:FOLLOWER, logIndex=0, commits[s0:c0, s1:c0, s2:c0]
2022-12-04 13:25:34,601 [timer3] DEBUG client.GrpcClientProtocolClient (ConfUtils.java:logGet(46)) - raft.grpc.flow.control.window = 1MB (=1048576) (default)
2022-12-04 13:25:34,601 [timer3] DEBUG client.GrpcClientProtocolClient (ConfUtils.java:logGet(46)) - raft.grpc.message.size.max = 64MB (=67108864) (default)
2022-12-04 13:25:34,624 [grpc-default-executor-4] TRACE client.GrpcClientProtocolClient (GrpcClientProtocolClient.java:onNext(311)) - client-B043165FFC95->s1: receive RaftClientReply:client-B043165FFC95->s1@group-972AA49E29D3, cid=0, SUCCESS, logIndex=0, commits[s1:c0, s0:c0, s2:c0]
2022-12-04 13:25:34,649 [s1@group-972AA49E29D3-StateMachineUpdater] INFO  impl.SimpleStateMachine4Testing (SimpleStateMachine4Testing.java:put(205)) - s1: put 1, testing -> (t:1, i:1), STATEMACHINELOGENTRY, 1@client-B043165FFC95
2022-12-04 13:25:34,652 [grpc-default-executor-4] TRACE client.GrpcClientProtocolClient (GrpcClientProtocolClient.java:onNext(311)) - client-B043165FFC95->s1: receive RaftClientReply:client-B043165FFC95->s1@group-972AA49E29D3, cid=1, SUCCESS, logIndex=1, commits[s1:c1, s0:c0, s2:c0]
2022-12-04 13:25:34,657 [s0@group-972AA49E29D3-StateMachineUpdater] INFO  impl.SimpleStateMachine4Testing (SimpleStateMachine4Testing.java:put(205)) - s0: put 1, testing -> (t:1, i:1), STATEMACHINELOGENTRY, 1@client-B043165FFC95
2022-12-04 13:25:34,658 [s2@group-972AA49E29D3-StateMachineUpdater] INFO  impl.SimpleStateMachine4Testing (SimpleStateMachine4Testing.java:put(205)) - s2: put 1, testing -> (t:1, i:1), STATEMACHINELOGENTRY, 1@client-B043165FFC95
2022-12-04 13:25:34,668 [Time-limited test] INFO  impl.MiniRaftCluster (MiniRaftCluster.java:shutdown(831)) - ************************************************************** 
2022-12-04 13:25:34,668 [Time-limited test] INFO  impl.MiniRaftCluster (MiniRaftCluster.java:shutdown(832)) - *** 
2022-12-04 13:25:34,668 [Time-limited test] INFO  impl.MiniRaftCluster (MiniRaftCluster.java:shutdown(833)) - ***     Stopping MiniRaftClusterWithGrpc
2022-12-04 13:25:34,668 [Time-limited test] INFO  impl.MiniRaftCluster (MiniRaftCluster.java:shutdown(834)) - *** 
2022-12-04 13:25:34,668 [Time-limited test] INFO  impl.MiniRaftCluster (MiniRaftCluster.java:shutdown(835)) - ************************************************************** 
2022-12-04 13:25:34,668 [Time-limited test] INFO  impl.MiniRaftCluster (MiniRaftCluster.java:shutdown(836)) - printing ALL groups
  s0:  RUNNING  FOLLOWER s0@group-972AA49E29D3:t1, leader=s1, voted=s0, raftlog=Memoized:s0@group-972AA49E29D3-SegmentedRaftLog:OPENED:c1, conf=0: peers:[s0|rpc:localhost:40711|admin:localhost:36203|client:localhost:34773|dataStream:localhost:35727|priority:0|startupRole:FOLLOWER, s1|rpc:localhost:46201|admin:localhost:42025|client:localhost:42051|dataStream:localhost:36903|priority:0|startupRole:FOLLOWER, s2|rpc:localhost:44193|admin:localhost:37671|client:localhost:43231|dataStream:localhost:42371|priority:0|startupRole:FOLLOWER]|listeners:[], old=null RUNNING
  s1:  RUNNING    LEADER s1@group-972AA49E29D3:t1, leader=s1, voted=s1, raftlog=Memoized:s1@group-972AA49E29D3-SegmentedRaftLog:OPENED:c2, conf=0: peers:[s0|rpc:localhost:40711|admin:localhost:36203|client:localhost:34773|dataStream:localhost:35727|priority:0|startupRole:FOLLOWER, s1|rpc:localhost:46201|admin:localhost:42025|client:localhost:42051|dataStream:localhost:36903|priority:0|startupRole:FOLLOWER, s2|rpc:localhost:44193|admin:localhost:37671|client:localhost:43231|dataStream:localhost:42371|priority:0|startupRole:FOLLOWER]|listeners:[], old=null RUNNING
  s2:  RUNNING  FOLLOWER s2@group-972AA49E29D3:t1, leader=s1, voted=s1, raftlog=Memoized:s2@group-972AA49E29D3-SegmentedRaftLog:OPENED:c1, conf=0: peers:[s0|rpc:localhost:40711|admin:localhost:36203|client:localhost:34773|dataStream:localhost:35727|priority:0|startupRole:FOLLOWER, s1|rpc:localhost:46201|admin:localhost:42025|client:localhost:42051|dataStream:localhost:36903|priority:0|startupRole:FOLLOWER, s2|rpc:localhost:44193|admin:localhost:37671|client:localhost:43231|dataStream:localhost:42371|priority:0|startupRole:FOLLOWER]|listeners:[], old=null RUNNING
2022-12-04 13:25:34,670 [MiniRaftCluster-1] INFO  server.RaftServer (RaftServerProxy.java:lambda$close$7(412)) - s0: close
2022-12-04 13:25:34,671 [MiniRaftCluster-2] INFO  server.RaftServer (RaftServerProxy.java:lambda$close$7(412)) - s1: close
2022-12-04 13:25:34,671 [MiniRaftCluster-3] INFO  server.RaftServer (RaftServerProxy.java:lambda$close$7(412)) - s2: close
2022-12-04 13:25:34,677 [MiniRaftCluster-1] INFO  server.GrpcService (GrpcService.java:closeImpl(311)) - s0: shutdown server org.apache.ratis.grpc.server.GrpcClientProtocolService now
2022-12-04 13:25:34,679 [s0-impl-thread1] INFO  server.RaftServer$Division (RaftServerImpl.java:lambda$close$4(462)) - s0@group-972AA49E29D3: shutdown
2022-12-04 13:25:34,679 [s0-impl-thread1] INFO  util.JmxRegister (JmxRegister.java:unregister(73)) - Successfully un-registered JMX Bean with object name Ratis:service=RaftServer,group=group-972AA49E29D3,id=s0
2022-12-04 13:25:34,679 [s0-impl-thread1] INFO  impl.RoleInfo (RoleInfo.java:shutdownFollowerState(110)) - s0: shutdown s0@group-972AA49E29D3-FollowerState
2022-12-04 13:25:34,679 [s0-impl-thread1] INFO  impl.StateMachineUpdater (StateMachineUpdater.java:stopAndJoin(154)) - s0@group-972AA49E29D3-StateMachineUpdater: set stopIndex = 1
2022-12-04 13:25:34,679 [s0@group-972AA49E29D3-FollowerState] INFO  impl.FollowerState (FollowerState.java:run(152)) - s0@group-972AA49E29D3-FollowerState was interrupted
2022-12-04 13:25:34,681 [s0-impl-thread1] INFO  server.RaftServer$Division (ServerState.java:close(413)) - s0@group-972AA49E29D3: applyIndex: 1
2022-12-04 13:25:34,681 [s2-impl-thread1] INFO  server.RaftServer$Division (RaftServerImpl.java:lambda$close$4(462)) - s2@group-972AA49E29D3: shutdown
2022-12-04 13:25:34,681 [s2-impl-thread1] INFO  util.JmxRegister (JmxRegister.java:unregister(73)) - Successfully un-registered JMX Bean with object name Ratis:service=RaftServer,group=group-972AA49E29D3,id=s2
2022-12-04 13:25:34,682 [s2-impl-thread1] INFO  impl.RoleInfo (RoleInfo.java:shutdownFollowerState(110)) - s2: shutdown s2@group-972AA49E29D3-FollowerState
2022-12-04 13:25:34,682 [s1-impl-thread1] INFO  server.RaftServer$Division (RaftServerImpl.java:lambda$close$4(462)) - s1@group-972AA49E29D3: shutdown
2022-12-04 13:25:34,682 [s1-impl-thread1] INFO  util.JmxRegister (JmxRegister.java:unregister(73)) - Successfully un-registered JMX Bean with object name Ratis:service=RaftServer,group=group-972AA49E29D3,id=s1
2022-12-04 13:25:34,682 [s1-impl-thread1] INFO  impl.RoleInfo (RoleInfo.java:shutdownLeaderState(93)) - s1: shutdown s1@group-972AA49E29D3-LeaderStateImpl
2022-12-04 13:25:34,682 [s2@group-972AA49E29D3-FollowerState] INFO  impl.FollowerState (FollowerState.java:run(152)) - s2@group-972AA49E29D3-FollowerState was interrupted
2022-12-04 13:25:34,682 [s0@group-972AA49E29D3-SegmentedRaftLogWorker] INFO  segmented.SegmentedRaftLogWorker (SegmentedRaftLogWorker.java:run(334)) - s0@group-972AA49E29D3-SegmentedRaftLogWorker was interrupted, exiting. There are 0 tasks remaining in the queue.
2022-12-04 13:25:34,684 [s1-impl-thread1] INFO  impl.PendingRequests (PendingRequests.java:sendNotLeaderResponses(282)) - s1@group-972AA49E29D3-PendingRequests: sendNotLeaderResponses
2022-12-04 13:25:34,684 [s1@group-972AA49E29D3->s2-GrpcLogAppender-LogAppenderDaemon] WARN  server.GrpcLogAppender (GrpcLogAppender.java:mayWait(199)) - s1@group-972AA49E29D3->s2-GrpcLogAppender: Wait interrupted by java.lang.InterruptedException
2022-12-04 13:25:34,686 [grpc-default-executor-4] INFO  server.GrpcServerProtocolService (GrpcServerProtocolService.java:onCompleted(143)) - s2: Completed APPEND_ENTRIES, lastRequest: s1->s2#13-t1,previous=(t:1, i:1),leaderCommit=1,initializing? true,entries: size=1, first=(t:1, i:2), METADATAENTRY(c:1)
2022-12-04 13:25:34,687 [MiniRaftCluster-1] INFO  server.GrpcServerProtocolClient (GrpcServerProtocolClient.java:close(101)) - s1 Close channels
2022-12-04 13:25:34,685 [s1@group-972AA49E29D3->s0-GrpcLogAppender-LogAppenderDaemon] WARN  server.GrpcLogAppender (GrpcLogAppender.java:mayWait(199)) - s1@group-972AA49E29D3->s0-GrpcLogAppender: Wait interrupted by java.lang.InterruptedException
2022-12-04 13:25:34,687 [grpc-default-executor-5] INFO  server.GrpcLogAppender (GrpcLogAppender.java:onCompleted(413)) - s1@group-972AA49E29D3->s2-AppendLogResponseHandler: follower responses appendEntries COMPLETED
2022-12-04 13:25:34,694 [grpc-default-executor-5] INFO  leader.FollowerInfo (FollowerInfoImpl.java:lambda$new$0(48)) - s1@group-972AA49E29D3->s2: nextIndex: updateUnconditionally 3 -> 2
2022-12-04 13:25:34,682 [s2-impl-thread1] INFO  impl.StateMachineUpdater (StateMachineUpdater.java:stopAndJoin(154)) - s2@group-972AA49E29D3-StateMachineUpdater: set stopIndex = 1
2022-12-04 13:25:34,681 [MiniRaftCluster-2] INFO  server.GrpcService (GrpcService.java:closeImpl(311)) - s1: shutdown server org.apache.ratis.grpc.server.GrpcClientProtocolService now
2022-12-04 13:25:34,682 [MiniRaftCluster-3] INFO  server.GrpcService (GrpcService.java:closeImpl(311)) - s2: shutdown server org.apache.ratis.grpc.server.GrpcClientProtocolService now
2022-12-04 13:25:34,697 [s2-impl-thread1] INFO  server.RaftServer$Division (ServerState.java:close(413)) - s2@group-972AA49E29D3: applyIndex: 1
2022-12-04 13:25:34,698 [s2@group-972AA49E29D3-SegmentedRaftLogWorker] INFO  segmented.SegmentedRaftLogWorker (SegmentedRaftLogWorker.java:run(334)) - s2@group-972AA49E29D3-SegmentedRaftLogWorker was interrupted, exiting. There are 0 tasks remaining in the queue.
2022-12-04 13:25:34,699 [s0-impl-thread1] INFO  segmented.SegmentedRaftLogWorker (SegmentedRaftLogWorker.java:close(247)) - s0@group-972AA49E29D3-SegmentedRaftLogWorker close()
2022-12-04 13:25:34,689 [grpc-default-executor-2] INFO  server.GrpcServerProtocolService (GrpcServerProtocolService.java:onCompleted(143)) - s0: Completed APPEND_ENTRIES, lastRequest: s1->s0#14-t1,previous=(t:1, i:1),leaderCommit=1,initializing? true,entries: size=1, first=(t:1, i:2), METADATAENTRY(c:1)
2022-12-04 13:25:34,700 [grpc-default-executor-5] INFO  server.GrpcLogAppender (GrpcLogAppender.java:onCompleted(413)) - s1@group-972AA49E29D3->s0-AppendLogResponseHandler: follower responses appendEntries COMPLETED
2022-12-04 13:25:34,700 [grpc-default-executor-5] INFO  leader.FollowerInfo (FollowerInfoImpl.java:lambda$new$0(48)) - s1@group-972AA49E29D3->s0: nextIndex: updateUnconditionally 3 -> 2
2022-12-04 13:25:34,702 [MiniRaftCluster-1] INFO  server.GrpcServerProtocolClient (GrpcServerProtocolClient.java:close(101)) - s2 Close channels
2022-12-04 13:25:34,702 [MiniRaftCluster-2] INFO  server.GrpcServerProtocolClient (GrpcServerProtocolClient.java:close(101)) - s0 Close channels
2022-12-04 13:25:34,703 [MiniRaftCluster-3] INFO  server.GrpcServerProtocolClient (GrpcServerProtocolClient.java:close(101)) - s0 Close channels
2022-12-04 13:25:34,703 [s2-impl-thread1] INFO  segmented.SegmentedRaftLogWorker (SegmentedRaftLogWorker.java:close(247)) - s2@group-972AA49E29D3-SegmentedRaftLogWorker close()
2022-12-04 13:25:34,704 [s1-impl-thread1] INFO  impl.StateMachineUpdater (StateMachineUpdater.java:stopAndJoin(154)) - s1@group-972AA49E29D3-StateMachineUpdater: set stopIndex = 2
2022-12-04 13:25:34,705 [s1-impl-thread1] INFO  server.RaftServer$Division (ServerState.java:close(413)) - s1@group-972AA49E29D3: applyIndex: 2
2022-12-04 13:25:34,705 [s1@group-972AA49E29D3-SegmentedRaftLogWorker] INFO  segmented.SegmentedRaftLogWorker (SegmentedRaftLogWorker.java:run(334)) - s1@group-972AA49E29D3-SegmentedRaftLogWorker was interrupted, exiting. There are 0 tasks remaining in the queue.
2022-12-04 13:25:34,705 [MiniRaftCluster-1] INFO  server.GrpcService (GrpcService.java:closeImpl(320)) - s0: shutdown server org.apache.ratis.grpc.server.GrpcClientProtocolService successfully
2022-12-04 13:25:34,706 [MiniRaftCluster-1] INFO  server.GrpcService (GrpcService.java:closeImpl(311)) - s0: shutdown server GrpcServerProtocolService now
2022-12-04 13:25:34,706 [MiniRaftCluster-2] INFO  server.GrpcServerProtocolClient (GrpcServerProtocolClient.java:close(101)) - s2 Close channels
2022-12-04 13:25:34,706 [MiniRaftCluster-3] INFO  server.GrpcServerProtocolClient (GrpcServerProtocolClient.java:close(101)) - s1 Close channels
2022-12-04 13:25:34,708 [MiniRaftCluster-2] INFO  server.GrpcService (GrpcService.java:closeImpl(320)) - s1: shutdown server org.apache.ratis.grpc.server.GrpcClientProtocolService successfully
2022-12-04 13:25:34,708 [MiniRaftCluster-2] INFO  server.GrpcService (GrpcService.java:closeImpl(311)) - s1: shutdown server GrpcServerProtocolService now
2022-12-04 13:25:34,708 [MiniRaftCluster-2] INFO  server.GrpcService (GrpcService.java:closeImpl(320)) - s1: shutdown server GrpcServerProtocolService successfully
2022-12-04 13:25:34,708 [MiniRaftCluster-2] INFO  server.GrpcService (GrpcService.java:closeImpl(311)) - s1: shutdown server org.apache.ratis.grpc.server.GrpcAdminProtocolService now
2022-12-04 13:25:34,708 [MiniRaftCluster-3] INFO  server.GrpcService (GrpcService.java:closeImpl(320)) - s2: shutdown server org.apache.ratis.grpc.server.GrpcClientProtocolService successfully
2022-12-04 13:25:34,708 [s1-impl-thread1] INFO  segmented.SegmentedRaftLogWorker (SegmentedRaftLogWorker.java:close(247)) - s1@group-972AA49E29D3-SegmentedRaftLogWorker close()
2022-12-04 13:25:34,708 [MiniRaftCluster-3] INFO  server.GrpcService (GrpcService.java:closeImpl(311)) - s2: shutdown server GrpcServerProtocolService now
2022-12-04 13:25:34,709 [MiniRaftCluster-2] INFO  server.GrpcService (GrpcService.java:closeImpl(320)) - s1: shutdown server org.apache.ratis.grpc.server.GrpcAdminProtocolService successfully
2022-12-04 13:25:34,709 [MiniRaftCluster-1] INFO  server.GrpcService (GrpcService.java:closeImpl(320)) - s0: shutdown server GrpcServerProtocolService successfully
2022-12-04 13:25:34,709 [MiniRaftCluster-1] INFO  server.GrpcService (GrpcService.java:closeImpl(311)) - s0: shutdown server org.apache.ratis.grpc.server.GrpcAdminProtocolService now
2022-12-04 13:25:34,709 [MiniRaftCluster-3] INFO  server.GrpcService (GrpcService.java:closeImpl(320)) - s2: shutdown server GrpcServerProtocolService successfully
2022-12-04 13:25:34,709 [MiniRaftCluster-3] INFO  server.GrpcService (GrpcService.java:closeImpl(311)) - s2: shutdown server org.apache.ratis.grpc.server.GrpcAdminProtocolService now
2022-12-04 13:25:34,710 [MiniRaftCluster-1] INFO  server.GrpcService (GrpcService.java:closeImpl(320)) - s0: shutdown server org.apache.ratis.grpc.server.GrpcAdminProtocolService successfully
2022-12-04 13:25:34,711 [JvmPauseMonitor1] INFO  util.JvmPauseMonitor (JvmPauseMonitor.java:run(111)) - JvmPauseMonitor-s1: Stopped
2022-12-04 13:25:34,711 [JvmPauseMonitor0] INFO  util.JvmPauseMonitor (JvmPauseMonitor.java:run(111)) - JvmPauseMonitor-s0: Stopped
2022-12-04 13:25:34,716 [MiniRaftCluster-3] INFO  server.GrpcService (GrpcService.java:closeImpl(320)) - s2: shutdown server org.apache.ratis.grpc.server.GrpcAdminProtocolService successfully
2022-12-04 13:25:34,717 [JvmPauseMonitor2] INFO  util.JvmPauseMonitor (JvmPauseMonitor.java:run(111)) - JvmPauseMonitor-s2: Stopped
2022-12-04 13:25:34,718 [Time-limited test] INFO  impl.MiniRaftCluster (MiniRaftCluster.java:shutdown(855)) - MiniRaftClusterWithGrpc shutdown completed
]]></system-out>
  </testcase>
  <testcase name="testTlsWithKeyAndTrustManager[0]" classname="org.apache.ratis.grpc.TestRaftServerWithGrpc" time="2.302"/>
  <testcase name="testRaftServerMetrics[0]" classname="org.apache.ratis.grpc.TestRaftServerWithGrpc" time="1.161"/>
  <testcase name="testUnsupportedMethods[0]" classname="org.apache.ratis.grpc.TestRaftServerWithGrpc" time="0.495"/>
  <testcase name="testServerRestartOnException[0]" classname="org.apache.ratis.grpc.TestRaftServerWithGrpc" time="4.539"/>
  <testcase name="testLeaderRestart[0]" classname="org.apache.ratis.grpc.TestRaftServerWithGrpc" time="5.458"/>
  <testcase name="testRaftClientMetrics[1]" classname="org.apache.ratis.grpc.TestRaftServerWithGrpc" time="4.713"/>
  <testcase name="testTlsWithKeyAndTrustManager[1]" classname="org.apache.ratis.grpc.TestRaftServerWithGrpc" time="1.254"/>
  <testcase name="testRaftServerMetrics[1]" classname="org.apache.ratis.grpc.TestRaftServerWithGrpc" time="1.039"/>
  <testcase name="testUnsupportedMethods[1]" classname="org.apache.ratis.grpc.TestRaftServerWithGrpc" time="0.478"/>
  <testcase name="testServerRestartOnException[1]" classname="org.apache.ratis.grpc.TestRaftServerWithGrpc" time="4.51"/>
  <testcase name="testLeaderRestart[1]" classname="org.apache.ratis.grpc.TestRaftServerWithGrpc" time="4.981"/>
</testsuite>