<?xml version="1.0" encoding="UTF-8"?>
<testsuite xmlns:xsi="http://www.w3.org/2001/XMLSchema-instance" xsi:noNamespaceSchemaLocation="https://maven.apache.org/surefire/maven-surefire-plugin/xsd/surefire-test-report-3.0.xsd" version="3.0" name="org.apache.ratis.grpc.TestLeaderElectionWithGrpc" time="0.012" tests="1" errors="0" skipped="1" failures="0">
  <properties>
    <property name="awt.toolkit" value="sun.awt.X11.XToolkit"/>
    <property name="file.encoding.pkg" value="sun.io"/>
    <property name="java.specification.version" value="1.8"/>
    <property name="sun.cpu.isalist" value=""/>
    <property name="sun.jnu.encoding" value="UTF-8"/>
    <property name="java.class.path" value="/home/runner/work/ratis/ratis/ratis-test/target/test-classes:/home/runner/work/ratis/ratis/ratis-test/target/classes:/home/runner/work/ratis/ratis/ratis-common/target/classes:/home/runner/.m2/repository/org/apache/ratis/ratis-thirdparty-misc/1.0.8/ratis-thirdparty-misc-1.0.8.jar:/home/runner/work/ratis/ratis/ratis-proto/target/classes:/home/runner/work/ratis/ratis/ratis-common/target/test-classes:/home/runner/work/ratis/ratis/ratis-client/target/classes:/home/runner/work/ratis/ratis/ratis-server/target/classes:/home/runner/work/ratis/ratis/ratis-server-api/target/classes:/home/runner/work/ratis/ratis/ratis-metrics-api/target/classes:/home/runner/work/ratis/ratis/ratis-server/target/test-classes:/home/runner/work/ratis/ratis/ratis-metrics-default/target/classes:/home/runner/work/ratis/ratis/ratis-netty/target/classes:/home/runner/work/ratis/ratis/ratis-netty/target/test-classes:/home/runner/work/ratis/ratis/ratis-grpc/target/classes:/home/runner/work/ratis/ratis/ratis-grpc/target/test-classes:/home/runner/work/ratis/ratis/ratis-shell/target/classes:/home/runner/.m2/repository/commons-cli/commons-cli/1.5.0/commons-cli-1.5.0.jar:/home/runner/.m2/repository/org/reflections/reflections/0.10.2/reflections-0.10.2.jar:/home/runner/.m2/repository/org/javassist/javassist/3.28.0-GA/javassist-3.28.0-GA.jar:/home/runner/.m2/repository/com/google/code/findbugs/jsr305/3.0.2/jsr305-3.0.2.jar:/home/runner/.m2/repository/org/bouncycastle/bcprov-jdk18on/1.78.1/bcprov-jdk18on-1.78.1.jar:/home/runner/.m2/repository/org/bouncycastle/bcpkix-jdk18on/1.78.1/bcpkix-jdk18on-1.78.1.jar:/home/runner/.m2/repository/org/bouncycastle/bcutil-jdk18on/1.78.1/bcutil-jdk18on-1.78.1.jar:/home/runner/.m2/repository/org/slf4j/slf4j-api/2.0.7/slf4j-api-2.0.7.jar:/home/runner/.m2/repository/org/slf4j/slf4j-reload4j/2.0.7/slf4j-reload4j-2.0.7.jar:/home/runner/.m2/repository/ch/qos/reload4j/reload4j/1.2.22/reload4j-1.2.22.jar:/home/runner/.m2/repository/junit/junit/4.13.2/junit-4.13.2.jar:/home/runner/.m2/repository/org/hamcrest/hamcrest-core/1.3/hamcrest-core-1.3.jar:/home/runner/.m2/repository/org/junit/jupiter/junit-jupiter-engine/5.11.2/junit-jupiter-engine-5.11.2.jar:/home/runner/.m2/repository/org/junit/platform/junit-platform-engine/1.11.2/junit-platform-engine-1.11.2.jar:/home/runner/.m2/repository/org/apiguardian/apiguardian-api/1.1.2/apiguardian-api-1.1.2.jar:/home/runner/.m2/repository/org/junit/jupiter/junit-jupiter-api/5.11.2/junit-jupiter-api-5.11.2.jar:/home/runner/.m2/repository/org/opentest4j/opentest4j/1.3.0/opentest4j-1.3.0.jar:/home/runner/.m2/repository/org/junit/platform/junit-platform-commons/1.11.2/junit-platform-commons-1.11.2.jar:/home/runner/.m2/repository/org/junit/jupiter/junit-jupiter-params/5.11.2/junit-jupiter-params-5.11.2.jar:/home/runner/.m2/repository/org/mockito/mockito-core/4.3.1/mockito-core-4.3.1.jar:/home/runner/.m2/repository/net/bytebuddy/byte-buddy/1.12.7/byte-buddy-1.12.7.jar:/home/runner/.m2/repository/net/bytebuddy/byte-buddy-agent/1.12.7/byte-buddy-agent-1.12.7.jar:/home/runner/.m2/repository/org/objenesis/objenesis/3.2/objenesis-3.2.jar:/home/runner/work/ratis/ratis/ratis-test/target/gradle-enterprise/test-listeners.jar:"/>
    <property name="surefire.timeout" value="1200"/>
    <property name="java.vm.vendor" value="Temurin"/>
    <property name="sun.arch.data.model" value="64"/>
    <property name="java.vendor.url" value="https://adoptium.net/"/>
    <property name="user.timezone" value="Etc/UTC"/>
    <property name="java.vm.specification.version" value="1.8"/>
    <property name="os.name" value="Linux"/>
    <property name="sun.java.launcher" value="SUN_STANDARD"/>
    <property name="sun.boot.library.path" value="/usr/lib/jvm/temurin-8-jdk-amd64/jre/lib/amd64"/>
    <property name="sun.java.command" value="/home/runner/work/ratis/ratis/ratis-test/target/surefire/surefirebooter6797444332347401942.jar /home/runner/work/ratis/ratis/ratis-test/target/surefire 2025-03-31T08-08-30_437-jvmRun1 surefire3476324170539005221tmp surefire_04025175593067635016tmp"/>
    <property name="surefire.test.class.path" value="/home/runner/work/ratis/ratis/ratis-test/target/test-classes:/home/runner/work/ratis/ratis/ratis-test/target/classes:/home/runner/work/ratis/ratis/ratis-common/target/classes:/home/runner/.m2/repository/org/apache/ratis/ratis-thirdparty-misc/1.0.8/ratis-thirdparty-misc-1.0.8.jar:/home/runner/work/ratis/ratis/ratis-proto/target/classes:/home/runner/work/ratis/ratis/ratis-common/target/test-classes:/home/runner/work/ratis/ratis/ratis-client/target/classes:/home/runner/work/ratis/ratis/ratis-server/target/classes:/home/runner/work/ratis/ratis/ratis-server-api/target/classes:/home/runner/work/ratis/ratis/ratis-metrics-api/target/classes:/home/runner/work/ratis/ratis/ratis-server/target/test-classes:/home/runner/work/ratis/ratis/ratis-metrics-default/target/classes:/home/runner/work/ratis/ratis/ratis-netty/target/classes:/home/runner/work/ratis/ratis/ratis-netty/target/test-classes:/home/runner/work/ratis/ratis/ratis-grpc/target/classes:/home/runner/work/ratis/ratis/ratis-grpc/target/test-classes:/home/runner/work/ratis/ratis/ratis-shell/target/classes:/home/runner/.m2/repository/commons-cli/commons-cli/1.5.0/commons-cli-1.5.0.jar:/home/runner/.m2/repository/org/reflections/reflections/0.10.2/reflections-0.10.2.jar:/home/runner/.m2/repository/org/javassist/javassist/3.28.0-GA/javassist-3.28.0-GA.jar:/home/runner/.m2/repository/com/google/code/findbugs/jsr305/3.0.2/jsr305-3.0.2.jar:/home/runner/.m2/repository/org/bouncycastle/bcprov-jdk18on/1.78.1/bcprov-jdk18on-1.78.1.jar:/home/runner/.m2/repository/org/bouncycastle/bcpkix-jdk18on/1.78.1/bcpkix-jdk18on-1.78.1.jar:/home/runner/.m2/repository/org/bouncycastle/bcutil-jdk18on/1.78.1/bcutil-jdk18on-1.78.1.jar:/home/runner/.m2/repository/org/slf4j/slf4j-api/2.0.7/slf4j-api-2.0.7.jar:/home/runner/.m2/repository/org/slf4j/slf4j-reload4j/2.0.7/slf4j-reload4j-2.0.7.jar:/home/runner/.m2/repository/ch/qos/reload4j/reload4j/1.2.22/reload4j-1.2.22.jar:/home/runner/.m2/repository/junit/junit/4.13.2/junit-4.13.2.jar:/home/runner/.m2/repository/org/hamcrest/hamcrest-core/1.3/hamcrest-core-1.3.jar:/home/runner/.m2/repository/org/junit/jupiter/junit-jupiter-engine/5.11.2/junit-jupiter-engine-5.11.2.jar:/home/runner/.m2/repository/org/junit/platform/junit-platform-engine/1.11.2/junit-platform-engine-1.11.2.jar:/home/runner/.m2/repository/org/apiguardian/apiguardian-api/1.1.2/apiguardian-api-1.1.2.jar:/home/runner/.m2/repository/org/junit/jupiter/junit-jupiter-api/5.11.2/junit-jupiter-api-5.11.2.jar:/home/runner/.m2/repository/org/opentest4j/opentest4j/1.3.0/opentest4j-1.3.0.jar:/home/runner/.m2/repository/org/junit/platform/junit-platform-commons/1.11.2/junit-platform-commons-1.11.2.jar:/home/runner/.m2/repository/org/junit/jupiter/junit-jupiter-params/5.11.2/junit-jupiter-params-5.11.2.jar:/home/runner/.m2/repository/org/mockito/mockito-core/4.3.1/mockito-core-4.3.1.jar:/home/runner/.m2/repository/net/bytebuddy/byte-buddy/1.12.7/byte-buddy-1.12.7.jar:/home/runner/.m2/repository/net/bytebuddy/byte-buddy-agent/1.12.7/byte-buddy-agent-1.12.7.jar:/home/runner/.m2/repository/org/objenesis/objenesis/3.2/objenesis-3.2.jar:/home/runner/work/ratis/ratis/ratis-test/target/gradle-enterprise/test-listeners.jar:"/>
    <property name="sun.cpu.endian" value="little"/>
    <property name="user.home" value="/home/runner"/>
    <property name="user.language" value="en"/>
    <property name="java.specification.vendor" value="Oracle Corporation"/>
    <property name="java.home" value="/usr/lib/jvm/temurin-8-jdk-amd64/jre"/>
    <property name="jacoco.skip" value="true"/>
    <property name="basedir" value="/home/runner/work/ratis/ratis/ratis-test"/>
    <property name="file.separator" value="/"/>
    <property name="line.separator" value="&#10;"/>
    <property name="java.vm.specification.vendor" value="Oracle Corporation"/>
    <property name="java.specification.name" value="Java Platform API Specification"/>
    <property name="java.awt.graphicsenv" value="sun.awt.X11GraphicsEnvironment"/>
    <property name="surefire.real.class.path" value="/home/runner/work/ratis/ratis/ratis-test/target/surefire/surefirebooter6797444332347401942.jar"/>
    <property name="sun.boot.class.path" value="/usr/lib/jvm/temurin-8-jdk-amd64/jre/lib/resources.jar:/usr/lib/jvm/temurin-8-jdk-amd64/jre/lib/rt.jar:/usr/lib/jvm/temurin-8-jdk-amd64/jre/lib/sunrsasign.jar:/usr/lib/jvm/temurin-8-jdk-amd64/jre/lib/jsse.jar:/usr/lib/jvm/temurin-8-jdk-amd64/jre/lib/jce.jar:/usr/lib/jvm/temurin-8-jdk-amd64/jre/lib/charsets.jar:/usr/lib/jvm/temurin-8-jdk-amd64/jre/lib/jfr.jar:/usr/lib/jvm/temurin-8-jdk-amd64/jre/classes"/>
    <property name="sun.management.compiler" value="HotSpot 64-Bit Tiered Compilers"/>
    <property name="java.runtime.version" value="1.8.0_442-b06"/>
    <property name="java.net.preferIPv4Stack" value="true"/>
    <property name="user.name" value="runner"/>
    <property name="path.separator" value=":"/>
    <property name="os.version" value="6.8.0-1021-azure"/>
    <property name="java.endorsed.dirs" value="/usr/lib/jvm/temurin-8-jdk-amd64/jre/lib/endorsed"/>
    <property name="java.runtime.name" value="OpenJDK Runtime Environment"/>
    <property name="com.gradle.maven.scan.extension.test.listener.junitplatform.NestedExecutionSafeDelegatingTestExecutionListener" value="177bea38"/>
    <property name="file.encoding" value="UTF-8"/>
    <property name="java.vm.name" value="OpenJDK 64-Bit Server VM"/>
    <property name="develocity.listener.surefire.forkId" value="1"/>
    <property name="localRepository" value="/home/runner/.m2/repository"/>
    <property name="java.vendor.url.bug" value="https://github.com/adoptium/adoptium-support/issues"/>
    <property name="java.io.tmpdir" value="/tmp"/>
    <property name="surefire.rerunFailingTestsCount" value="5"/>
    <property name="java.version" value="1.8.0_442"/>
    <property name="user.dir" value="/home/runner/work/ratis/ratis/ratis-test"/>
    <property name="os.arch" value="amd64"/>
    <property name="ratis.tmp.dir" value="/home/runner/work/ratis/ratis/ratis-test/target/tmp"/>
    <property name="java.vm.specification.name" value="Java Virtual Machine Specification"/>
    <property name="java.awt.printerjob" value="sun.print.PSPrinterJob"/>
    <property name="ratis.log.dir" value="/home/runner/work/ratis/ratis/ratis-test/target/log"/>
    <property name="sun.os.patch.level" value="unknown"/>
    <property name="org.apache.ratis.thirdparty.io.netty.allocator.useCacheForAllThreads" value="false"/>
    <property name="java.library.path" value="/usr/java/packages/lib/amd64:/usr/lib64:/lib64:/lib:/usr/lib"/>
    <property name="java.vm.info" value="mixed mode"/>
    <property name="java.vendor" value="Temurin"/>
    <property name="java.vm.version" value="25.442-b06"/>
    <property name="java.specification.maintenance.version" value="6"/>
    <property name="develocity.listener.port" value="43837"/>
    <property name="java.ext.dirs" value="/usr/lib/jvm/temurin-8-jdk-amd64/jre/lib/ext:/usr/java/packages/lib/ext"/>
    <property name="sun.io.unicode.encoding" value="UnicodeLittle"/>
    <property name="java.class.version" value="52.0"/>
  </properties>
  <testcase name="testLeaderLeaseDuringReconfiguration" classname="org.apache.ratis.grpc.TestLeaderElectionWithGrpc" time="33.065">
    <error type="java.lang.IllegalStateException"><![CDATA[java.lang.IllegalStateException: #leaks = 1 > 0, #leaks == set.size = 1
	at org.apache.ratis.util.Preconditions.assertTrue(Preconditions.java:77)
	at org.apache.ratis.util.LeakDetector$LeakTrackerSet.assertNoLeaks(LeakDetector.java:100)
	at org.apache.ratis.util.LeakDetector$LeakTrackerSet.getNumLeaks(LeakDetector.java:94)
	at org.apache.ratis.util.LeakDetector.assertNoLeaks(LeakDetector.java:178)
	at org.apache.ratis.server.impl.MiniRaftCluster.shutdown(MiniRaftCluster.java:892)
	at org.apache.ratis.grpc.MiniRaftClusterWithGrpc.shutdown(MiniRaftClusterWithGrpc.java:97)
	at org.apache.ratis.server.impl.MiniRaftCluster$Factory$Get.runWithNewCluster(MiniRaftCluster.java:152)
	at org.apache.ratis.server.impl.MiniRaftCluster$Factory$Get.runWithNewCluster(MiniRaftCluster.java:121)
	at org.apache.ratis.server.impl.LeaderElectionTests.testLeaderLeaseDuringReconfiguration(LeaderElectionTests.java:740)
	at java.lang.reflect.Method.invoke(Method.java:498)
	at java.util.ArrayList.forEach(ArrayList.java:1259)
	at java.util.ArrayList.forEach(ArrayList.java:1259)
]]></error>
    <system-out><![CDATA[2025-03-31 08:08:51,156 [main] INFO  util.LogUtils (Slf4jUtils.java:setLogLevel(38)) - Successfully set org.apache.ratis.conf.ConfUtils log level to WARN
2025-03-31 08:08:51,159 [main] INFO  util.LogUtils (Slf4jUtils.java:setLogLevel(38)) - Successfully set org.apache.ratis.util.FileUtils log level to TRACE
2025-03-31 08:08:51,160 [main] INFO  util.LogUtils (Slf4jUtils.java:setLogLevel(38)) - Successfully set org.apache.ratis.server.RaftServer$Division log level to DEBUG
2025-03-31 08:08:51,160 [main] INFO  util.LogUtils (Slf4jUtils.java:setLogLevel(38)) - Successfully set org.apache.ratis.client.RaftClient log level to DEBUG
2025-03-31 08:08:51,180 [main] INFO  util.LeakDetector (LeakDetector.java:start(124)) - Starting leak detector thread NONE0.
2025-03-31 08:08:51,196 [main] INFO  impl.MiniRaftCluster (MiniRaftCluster.java:runWithNewCluster(137)) - Running runWithNewCluster
2025-03-31 08:08:51,225 [main] INFO  impl.MiniRaftCluster (MiniRaftCluster.java:<init>(319)) - new MiniRaftClusterWithGrpc with group-335064819EA1:[s0|localhost:15000, s1|localhost:15004, s2|localhost:15008]
2025-03-31 08:08:51,226 [main] INFO  impl.MiniRaftCluster (MiniRaftCluster.java:start(352)) - .............................................................. 
2025-03-31 08:08:51,226 [main] INFO  impl.MiniRaftCluster (MiniRaftCluster.java:start(353)) - ... 
2025-03-31 08:08:51,226 [main] INFO  impl.MiniRaftCluster (MiniRaftCluster.java:start(354)) - ...     Starting MiniRaftClusterWithGrpc
2025-03-31 08:08:51,226 [main] INFO  impl.MiniRaftCluster (MiniRaftCluster.java:start(355)) - ... 
2025-03-31 08:08:51,227 [main] INFO  impl.MiniRaftCluster (MiniRaftCluster.java:start(356)) - .............................................................. 
2025-03-31 08:08:51,227 [main] INFO  impl.MiniRaftCluster (MiniRaftCluster.java:initServers(331)) - servers = {}
2025-03-31 08:08:51,230 [main] INFO  impl.MiniRaftCluster (MiniRaftCluster.java:newRaftServer(396)) - newRaftServer: s0, group-335064819EA1:[s0|localhost:15000, s1|localhost:15004, s2|localhost:15008], format? true
2025-03-31 08:08:51,232 [main] TRACE util.FileUtils (FileUtils.java:deleteFully(318)) - deleteFully target/test/data/b8d225a/MiniRaftClusterWithGrpc698db09b/s0
2025-03-31 08:08:51,234 [main] TRACE util.FileUtils (FileUtils.java:deleteFully(331)) - deleteFully: target/test/data/b8d225a/MiniRaftClusterWithGrpc698db09b/s0 does not exist.
2025-03-31 08:08:51,234 [main] INFO  impl.MiniRaftCluster (MiniRaftCluster.java:newRaftServer(401)) - Formatted directory target/test/data/b8d225a/MiniRaftClusterWithGrpc698db09b/s0
2025-03-31 08:08:51,248 [main] INFO  server.RaftServer (ConfUtils.java:logGet(62)) - raft.rpc.type = GRPC (default)
2025-03-31 08:08:51,299 [main] INFO  grpc.GrpcConfigKeys (ConfUtils.java:logFallback(69)) - raft.grpc.admin.host = null (fallback to raft.grpc.server.host)
2025-03-31 08:08:51,301 [main] INFO  grpc.GrpcConfigKeys (ConfUtils.java:logGet(62)) - raft.grpc.admin.port = 15001 (custom)
2025-03-31 08:08:51,301 [main] INFO  grpc.GrpcConfigKeys (ConfUtils.java:logFallback(69)) - raft.grpc.client.host = null (fallback to raft.grpc.server.host)
2025-03-31 08:08:51,302 [main] INFO  grpc.GrpcConfigKeys (ConfUtils.java:logGet(62)) - raft.grpc.client.port = 15002 (custom)
2025-03-31 08:08:51,303 [main] INFO  grpc.GrpcConfigKeys (ConfUtils.java:logGet(62)) - raft.grpc.server.port = 15000 (custom)
2025-03-31 08:08:51,303 [main] INFO  server.GrpcServicesImpl (ConfUtils.java:logGet(62)) - raft.grpc.message.size.max = 64MB (=67108864) (default)
2025-03-31 08:08:51,305 [main] INFO  server.GrpcServicesImpl (ConfUtils.java:logGet(62)) - raft.grpc.flow.control.window = 1MB (=1048576) (default)
2025-03-31 08:08:51,307 [main] INFO  server.RaftServerConfigKeys (ConfUtils.java:logGet(62)) - raft.server.rpc.request.timeout = 3000ms (default)
2025-03-31 08:08:51,315 [main] INFO  grpc.GrpcConfigKeys (ConfUtils.java:logGet(62)) - raft.grpc.server.heartbeat.channel = true (default)
2025-03-31 08:08:51,316 [main] INFO  grpc.GrpcConfigKeys (ConfUtils.java:logGet(62)) - raft.grpc.server.zerocopy.enabled = true (custom)
2025-03-31 08:08:51,317 [main] INFO  server.RaftServerConfigKeys (ConfUtils.java:logGet(62)) - raft.server.log.appender.buffer.byte-limit = 4MB (=4194304) (default)
2025-03-31 08:08:51,427 [main] INFO  grpc.GrpcConfigKeys (ConfUtils.java:logGet(62)) - raft.grpc.server.async.request.thread.pool.cached = true (default)
2025-03-31 08:08:51,428 [main] INFO  grpc.GrpcConfigKeys (ConfUtils.java:logGet(62)) - raft.grpc.server.async.request.thread.pool.size = 32 (default)
2025-03-31 08:08:51,619 [main] INFO  impl.DataStreamServerImpl (ConfUtils.java:logGet(62)) - raft.datastream.type = DISABLED (default)
2025-03-31 08:08:51,621 [main] INFO  server.RaftServerConfigKeys (ConfUtils.java:logGet(62)) - raft.server.sleep.deviation.threshold = 300ms (default)
2025-03-31 08:08:51,622 [main] INFO  server.RaftServerConfigKeys (ConfUtils.java:logGet(62)) - raft.server.close.threshold = 60s (default)
2025-03-31 08:08:51,622 [main] INFO  server.RaftServerConfigKeys (ConfUtils.java:logGet(62)) - raft.server.leaderelection.leader.step-down.wait-time = 10s (default)
2025-03-31 08:08:51,625 [main] INFO  server.RaftServerConfigKeys (ConfUtils.java:logGet(62)) - raft.server.storage.dir = [/home/runner/work/ratis/ratis/ratis-test/target/test/data/b8d225a/MiniRaftClusterWithGrpc698db09b/s0] (custom)
2025-03-31 08:08:51,626 [main] INFO  server.RaftServerConfigKeys (ConfUtils.java:logGet(62)) - raft.server.threadpool.proxy.cached = true (default)
2025-03-31 08:08:51,627 [main] INFO  server.RaftServerConfigKeys (ConfUtils.java:logGet(62)) - raft.server.threadpool.proxy.size = 0 (default)
2025-03-31 08:08:51,635 [main] INFO  server.RaftServer (RaftServerProxy.java:addNew(106)) - s0: addNew group-335064819EA1:[s0|localhost:15000, s1|localhost:15004, s2|localhost:15008] returns group-335064819EA1:java.util.concurrent.CompletableFuture@282cb7c7[Not completed]
2025-03-31 08:08:51,636 [main] INFO  impl.MiniRaftCluster (MiniRaftCluster.java:newRaftServer(396)) - newRaftServer: s1, group-335064819EA1:[s0|localhost:15000, s1|localhost:15004, s2|localhost:15008], format? true
2025-03-31 08:08:51,636 [main] TRACE util.FileUtils (FileUtils.java:deleteFully(318)) - deleteFully target/test/data/b8d225a/MiniRaftClusterWithGrpc698db09b/s1
2025-03-31 08:08:51,637 [main] TRACE util.FileUtils (FileUtils.java:deleteFully(331)) - deleteFully: target/test/data/b8d225a/MiniRaftClusterWithGrpc698db09b/s1 does not exist.
2025-03-31 08:08:51,637 [main] INFO  impl.MiniRaftCluster (MiniRaftCluster.java:newRaftServer(401)) - Formatted directory target/test/data/b8d225a/MiniRaftClusterWithGrpc698db09b/s1
2025-03-31 08:08:51,638 [main] INFO  grpc.GrpcConfigKeys (ConfUtils.java:logFallback(69)) - raft.grpc.admin.host = null (fallback to raft.grpc.server.host)
2025-03-31 08:08:51,639 [main] INFO  grpc.GrpcConfigKeys (ConfUtils.java:logGet(62)) - raft.grpc.admin.port = 15005 (custom)
2025-03-31 08:08:51,639 [main] INFO  grpc.GrpcConfigKeys (ConfUtils.java:logFallback(69)) - raft.grpc.client.host = null (fallback to raft.grpc.server.host)
2025-03-31 08:08:51,640 [main] INFO  grpc.GrpcConfigKeys (ConfUtils.java:logGet(62)) - raft.grpc.client.port = 15006 (custom)
2025-03-31 08:08:51,640 [main] INFO  grpc.GrpcConfigKeys (ConfUtils.java:logGet(62)) - raft.grpc.server.port = 15004 (custom)
2025-03-31 08:08:51,643 [main] INFO  server.RaftServerConfigKeys (ConfUtils.java:logGet(62)) - raft.server.storage.dir = [/home/runner/work/ratis/ratis/ratis-test/target/test/data/b8d225a/MiniRaftClusterWithGrpc698db09b/s1] (custom)
2025-03-31 08:08:51,649 [main] INFO  server.RaftServer (RaftServerProxy.java:addNew(106)) - s1: addNew group-335064819EA1:[s0|localhost:15000, s1|localhost:15004, s2|localhost:15008] returns group-335064819EA1:java.util.concurrent.CompletableFuture@258d79be[Not completed]
2025-03-31 08:08:51,649 [main] INFO  impl.MiniRaftCluster (MiniRaftCluster.java:newRaftServer(396)) - newRaftServer: s2, group-335064819EA1:[s0|localhost:15000, s1|localhost:15004, s2|localhost:15008], format? true
2025-03-31 08:08:51,649 [main] TRACE util.FileUtils (FileUtils.java:deleteFully(318)) - deleteFully target/test/data/b8d225a/MiniRaftClusterWithGrpc698db09b/s2
2025-03-31 08:08:51,650 [main] TRACE util.FileUtils (FileUtils.java:deleteFully(331)) - deleteFully: target/test/data/b8d225a/MiniRaftClusterWithGrpc698db09b/s2 does not exist.
2025-03-31 08:08:51,650 [main] INFO  impl.MiniRaftCluster (MiniRaftCluster.java:newRaftServer(401)) - Formatted directory target/test/data/b8d225a/MiniRaftClusterWithGrpc698db09b/s2
2025-03-31 08:08:51,654 [main] INFO  grpc.GrpcConfigKeys (ConfUtils.java:logFallback(69)) - raft.grpc.admin.host = null (fallback to raft.grpc.server.host)
2025-03-31 08:08:51,654 [main] INFO  grpc.GrpcConfigKeys (ConfUtils.java:logGet(62)) - raft.grpc.admin.port = 15009 (custom)
2025-03-31 08:08:51,655 [main] INFO  grpc.GrpcConfigKeys (ConfUtils.java:logFallback(69)) - raft.grpc.client.host = null (fallback to raft.grpc.server.host)
2025-03-31 08:08:51,655 [main] INFO  grpc.GrpcConfigKeys (ConfUtils.java:logGet(62)) - raft.grpc.client.port = 15010 (custom)
2025-03-31 08:08:51,656 [main] INFO  grpc.GrpcConfigKeys (ConfUtils.java:logGet(62)) - raft.grpc.server.port = 15008 (custom)
2025-03-31 08:08:51,659 [main] INFO  server.RaftServerConfigKeys (ConfUtils.java:logGet(62)) - raft.server.storage.dir = [/home/runner/work/ratis/ratis/ratis-test/target/test/data/b8d225a/MiniRaftClusterWithGrpc698db09b/s2] (custom)
2025-03-31 08:08:51,661 [main] INFO  server.RaftServer (RaftServerProxy.java:addNew(106)) - s2: addNew group-335064819EA1:[s0|localhost:15000, s1|localhost:15004, s2|localhost:15008] returns group-335064819EA1:java.util.concurrent.CompletableFuture@176b75f7[Not completed]
2025-03-31 08:08:51,663 [s0-groupManagement] INFO  server.RaftServer$Division (RaftServerImpl.java:<init>(271)) - s0: new RaftServerImpl for group-335064819EA1:[s0|localhost:15000, s1|localhost:15004, s2|localhost:15008] with BaseStateMachine:uninitialized
2025-03-31 08:08:51,664 [s2-groupManagement] INFO  server.RaftServer$Division (RaftServerImpl.java:<init>(271)) - s2: new RaftServerImpl for group-335064819EA1:[s0|localhost:15000, s1|localhost:15004, s2|localhost:15008] with BaseStateMachine:uninitialized
2025-03-31 08:08:51,663 [s1-groupManagement] INFO  server.RaftServer$Division (RaftServerImpl.java:<init>(271)) - s1: new RaftServerImpl for group-335064819EA1:[s0|localhost:15000, s1|localhost:15004, s2|localhost:15008] with BaseStateMachine:uninitialized
2025-03-31 08:08:51,665 [s1-groupManagement] INFO  server.RaftServerConfigKeys (ConfUtils.java:logGet(62)) - raft.server.rpc.timeout.max = 300ms (default)
2025-03-31 08:08:51,665 [s1-groupManagement] INFO  server.RaftServerConfigKeys (ConfUtils.java:logGet(62)) - raft.server.rpc.sleep.time = 25ms (default)
2025-03-31 08:08:51,665 [s0-groupManagement] INFO  server.RaftServerConfigKeys (ConfUtils.java:logGet(62)) - raft.server.rpc.timeout.min = 150ms (default)
2025-03-31 08:08:51,666 [s2-groupManagement] INFO  server.RaftServerConfigKeys (ConfUtils.java:logGet(62)) - raft.server.rpc.slowness.timeout = 60s (default)
2025-03-31 08:08:51,667 [s2-groupManagement] INFO  server.RaftServerConfigKeys (ConfUtils.java:logGet(62)) - raft.server.leaderelection.member.majority-add = false (default)
2025-03-31 08:08:51,673 [s2-groupManagement] INFO  server.RaftServer$Division (ServerState.java:<init>(114)) - s2@group-335064819EA1: ConfigurationManager, init=conf: {index: -1, cur=peers:[s0|localhost:15000, s1|localhost:15004, s2|localhost:15008]|listeners:[], old=null}, confs=<EMPTY_MAP>
2025-03-31 08:08:51,673 [s1-groupManagement] INFO  server.RaftServer$Division (ServerState.java:<init>(114)) - s1@group-335064819EA1: ConfigurationManager, init=conf: {index: -1, cur=peers:[s0|localhost:15000, s1|localhost:15004, s2|localhost:15008]|listeners:[], old=null}, confs=<EMPTY_MAP>
2025-03-31 08:08:51,673 [s0-groupManagement] INFO  server.RaftServer$Division (ServerState.java:<init>(114)) - s0@group-335064819EA1: ConfigurationManager, init=conf: {index: -1, cur=peers:[s0|localhost:15000, s1|localhost:15004, s2|localhost:15008]|listeners:[], old=null}, confs=<EMPTY_MAP>
2025-03-31 08:08:51,678 [s0-groupManagement] INFO  server.RaftServerConfigKeys (ConfUtils.java:logGet(62)) - raft.server.notification.no-leader.timeout = 60s (default)
2025-03-31 08:08:51,679 [s2-groupManagement] INFO  server.RaftServerConfigKeys (ConfUtils.java:logGet(62)) - raft.server.read.timeout = 10s (default)
2025-03-31 08:08:51,683 [s1-groupManagement] INFO  server.RaftServerConfigKeys (ConfUtils.java:logGet(62)) - raft.server.retrycache.expirytime = 60s (default)
2025-03-31 08:08:51,683 [s0-groupManagement] INFO  server.RaftServerConfigKeys (ConfUtils.java:logGet(62)) - raft.server.retrycache.statistics.expirytime = 100ms (default)
2025-03-31 08:08:51,696 [s1-groupManagement] INFO  server.RaftServerConfigKeys (ConfUtils.java:logGet(62)) - raft.server.read.option = DEFAULT (default)
2025-03-31 08:08:51,696 [s2-groupManagement] INFO  server.RaftServerConfigKeys (ConfUtils.java:logGet(62)) - raft.server.read.read-after-write-consistent.write-index-cache.expiry-time = 60s (default)
2025-03-31 08:08:51,720 [s2-groupManagement] INFO  server.RaftServerConfigKeys (ConfUtils.java:logGet(62)) - raft.server.log.appender.install.snapshot.enabled = true (default)
2025-03-31 08:08:51,721 [s0-groupManagement] INFO  server.RaftServerConfigKeys (ConfUtils.java:logGet(62)) - raft.server.threadpool.server.cached = true (default)
2025-03-31 08:08:51,721 [s0-groupManagement] INFO  server.RaftServerConfigKeys (ConfUtils.java:logGet(62)) - raft.server.threadpool.client.cached = true (default)
2025-03-31 08:08:51,721 [s1-groupManagement] INFO  server.RaftServerConfigKeys (ConfUtils.java:logGet(62)) - raft.server.threadpool.client.size = 0 (default)
2025-03-31 08:08:51,721 [s2-groupManagement] INFO  server.RaftServerConfigKeys (ConfUtils.java:logGet(62)) - raft.server.threadpool.server.size = 0 (default)
2025-03-31 08:08:51,724 [s0-impl-thread1] INFO  server.RaftServerConfigKeys (ConfUtils.java:logGet(62)) - raft.server.storage.free-space.min = 0MB (=0) (default)
2025-03-31 08:08:51,725 [s0-impl-thread1] INFO  server.RaftServerConfigKeys (ConfUtils.java:logGet(62)) - raft.server.log.corruption.policy = EXCEPTION (default)
2025-03-31 08:08:51,726 [s0-impl-thread1] INFO  server.RaftServerConfigKeys (ConfUtils.java:logGet(62)) - raft.server.storage.dir = [/home/runner/work/ratis/ratis/ratis-test/target/test/data/b8d225a/MiniRaftClusterWithGrpc698db09b/s0] (custom)
2025-03-31 08:08:51,730 [s0-impl-thread1] INFO  storage.RaftStorageDirectory (RaftStorageDirectoryImpl.java:analyzeStorage(138)) - The storage directory /home/runner/work/ratis/ratis/ratis-test/target/test/data/b8d225a/MiniRaftClusterWithGrpc698db09b/s0/e0ab71ab-99d2-418b-a0f2-335064819ea1 does not exist. Creating ...
2025-03-31 08:08:51,732 [s0-impl-thread1] TRACE util.FileUtils (LogUtils.java:runAndLog(49)) - Successfully ran Files.createDirectories /home/runner/work/ratis/ratis/ratis-test/target/test/data/b8d225a/MiniRaftClusterWithGrpc698db09b/s0/e0ab71ab-99d2-418b-a0f2-335064819ea1
2025-03-31 08:08:51,740 [s0-impl-thread1] INFO  storage.RaftStorageDirectory (RaftStorageDirectoryImpl.java:tryLock(229)) - Lock on /home/runner/work/ratis/ratis/ratis-test/target/test/data/b8d225a/MiniRaftClusterWithGrpc698db09b/s0/e0ab71ab-99d2-418b-a0f2-335064819ea1/in_use.lock acquired by nodename 2506@fv-az1979-757.weyvzlf0ic0udbi5oe1vusek0f.dx.internal.cloudapp.net
2025-03-31 08:08:51,741 [s0-impl-thread1] TRACE util.FileUtils (LogUtils.java:runAndLog(49)) - Successfully ran Files.createDirectories /home/runner/work/ratis/ratis/ratis-test/target/test/data/b8d225a/MiniRaftClusterWithGrpc698db09b/s0/e0ab71ab-99d2-418b-a0f2-335064819ea1/current
2025-03-31 08:08:51,741 [s0-impl-thread1] TRACE util.FileUtils (LogUtils.java:runAndLog(49)) - Successfully ran Files.createDirectories /home/runner/work/ratis/ratis/ratis-test/target/test/data/b8d225a/MiniRaftClusterWithGrpc698db09b/s0/e0ab71ab-99d2-418b-a0f2-335064819ea1/sm
2025-03-31 08:08:51,746 [s0-impl-thread1] TRACE util.FileUtils (LogUtils.java:supplyAndLog(69)) - Successfully supplied FileChannel.open /home/runner/work/ratis/ratis/ratis-test/target/test/data/b8d225a/MiniRaftClusterWithGrpc698db09b/s0/e0ab71ab-99d2-418b-a0f2-335064819ea1/current/raft-meta.tmp with options [CREATE, TRUNCATE_EXISTING, WRITE]: sun.nio.ch.FileChannelImpl@7053fa8b
2025-03-31 08:08:51,753 [s0-impl-thread1] TRACE util.FileUtils (LogUtils.java:runAndLog(49)) - Successfully ran Atomic Files.move /home/runner/work/ratis/ratis/ratis-test/target/test/data/b8d225a/MiniRaftClusterWithGrpc698db09b/s0/e0ab71ab-99d2-418b-a0f2-335064819ea1/current/raft-meta.tmp to /home/runner/work/ratis/ratis/ratis-test/target/test/data/b8d225a/MiniRaftClusterWithGrpc698db09b/s0/e0ab71ab-99d2-418b-a0f2-335064819ea1/current/raft-meta with options [REPLACE_EXISTING]
2025-03-31 08:08:51,754 [s0-impl-thread1] INFO  storage.RaftStorage (RaftStorageImpl.java:format(98)) - Storage directory /home/runner/work/ratis/ratis/ratis-test/target/test/data/b8d225a/MiniRaftClusterWithGrpc698db09b/s0/e0ab71ab-99d2-418b-a0f2-335064819ea1 has been successfully formatted.
2025-03-31 08:08:51,755 [s0-impl-thread1] INFO  server.RaftServerConfigKeys (ConfUtils.java:logGet(62)) - raft.server.log.use.memory = false (default)
2025-03-31 08:08:51,762 [s0-impl-thread1] INFO  server.RaftServerConfigKeys (ConfUtils.java:logGet(62)) - raft.server.log.purge.gap = 1024 (default)
2025-03-31 08:08:51,764 [s0-impl-thread1] INFO  server.RaftServerConfigKeys (ConfUtils.java:logGet(62)) - raft.server.log.statemachine.data.read.timeout = 1000ms (default)
2025-03-31 08:08:51,764 [s0-impl-thread1] INFO  server.RaftServerConfigKeys (ConfUtils.java:logGet(62)) - raft.server.log.purge.preservation.log.num = 0 (default)
2025-03-31 08:08:51,767 [s0-impl-thread1] INFO  server.RaftServerConfigKeys (ConfUtils.java:logGet(62)) - raft.server.log.segment.size.max = 32MB (=33554432) (default)
2025-03-31 08:08:51,771 [s0-impl-thread1] INFO  server.RaftServerConfigKeys (ConfUtils.java:logGet(62)) - raft.server.log.segment.cache.num.max = 6 (default)
2025-03-31 08:08:51,772 [s0-impl-thread1] INFO  server.RaftServerConfigKeys (ConfUtils.java:logGet(62)) - raft.server.log.segment.cache.size.max = 200MB (=209715200) (default)
2025-03-31 08:08:51,773 [s0-impl-thread1] INFO  util.AwaitToRun (AwaitToRun.java:start(81)) - Thread[s0@group-335064819EA1-cacheEviction-AwaitToRun,5,main] started
2025-03-31 08:08:51,777 [s0-impl-thread1] INFO  segmented.SegmentedRaftLogWorker (SegmentedRaftLogWorker.java:<init>(191)) - new s0@group-335064819EA1-SegmentedRaftLogWorker for RaftStorageImpl:Storage Directory /home/runner/work/ratis/ratis/ratis-test/target/test/data/b8d225a/MiniRaftClusterWithGrpc698db09b/s0/e0ab71ab-99d2-418b-a0f2-335064819ea1
2025-03-31 08:08:51,777 [s0-impl-thread1] INFO  server.RaftServerConfigKeys (ConfUtils.java:logGet(62)) - raft.server.log.queue.byte-limit = 64MB (=67108864) (default)
2025-03-31 08:08:51,778 [s0-impl-thread1] INFO  server.RaftServerConfigKeys (ConfUtils.java:logGet(62)) - raft.server.log.queue.element-limit = 4096 (default)
2025-03-31 08:08:51,779 [s0-impl-thread1] INFO  server.RaftServerConfigKeys (ConfUtils.java:logGet(62)) - raft.server.log.preallocated.size = 4MB (=4194304) (default)
2025-03-31 08:08:51,780 [s0-impl-thread1] INFO  server.RaftServerConfigKeys (ConfUtils.java:logGet(62)) - raft.server.log.force.sync.num = 128 (default)
2025-03-31 08:08:51,781 [s0-impl-thread1] INFO  server.RaftServerConfigKeys (ConfUtils.java:logGet(62)) - raft.server.log.statemachine.data.sync = true (default)
2025-03-31 08:08:51,781 [s0-impl-thread1] INFO  server.RaftServerConfigKeys (ConfUtils.java:logGet(62)) - raft.server.log.statemachine.data.sync.timeout = 10s (default)
2025-03-31 08:08:51,781 [s0-impl-thread1] INFO  server.RaftServerConfigKeys (ConfUtils.java:logGet(62)) - raft.server.log.statemachine.data.sync.timeout.retry = -1 (default)
2025-03-31 08:08:51,783 [s0-impl-thread1] INFO  server.RaftServerConfigKeys (ConfUtils.java:logGet(62)) - raft.server.log.write.buffer.size = 8MB (=8388608) (default)
2025-03-31 08:08:51,784 [s0-impl-thread1] INFO  server.RaftServerConfigKeys (ConfUtils.java:logGet(62)) - raft.server.log.unsafe-flush.enabled = false (default)
2025-03-31 08:08:51,785 [s0-impl-thread1] INFO  server.RaftServerConfigKeys (ConfUtils.java:logGet(62)) - raft.server.log.async-flush.enabled = false (default)
2025-03-31 08:08:51,785 [s0-impl-thread1] INFO  server.RaftServerConfigKeys (ConfUtils.java:logGet(62)) - raft.server.log.statemachine.data.caching.enabled = false (default)
2025-03-31 08:08:51,791 [s0-impl-thread1] INFO  segmented.SegmentedRaftLogWorker (SegmentedRaftLogWorker.java:lambda$new$0(142)) - s0@group-335064819EA1-SegmentedRaftLogWorker: flushIndex: setUnconditionally 0 -> -1
2025-03-31 08:08:51,791 [s0-impl-thread1] INFO  segmented.SegmentedRaftLogWorker (SegmentedRaftLogWorker.java:lambda$new$0(142)) - s0@group-335064819EA1-SegmentedRaftLogWorker: safeCacheEvictIndex: setUnconditionally 0 -> -1
2025-03-31 08:08:51,792 [s0-impl-thread1] INFO  server.RaftServer$Division (RaftServerImpl.java:start(408)) - s0@group-335064819EA1: start as a follower, conf=conf: {index: -1, cur=peers:[s0|localhost:15000, s1|localhost:15004, s2|localhost:15008]|listeners:[], old=null}
2025-03-31 08:08:51,793 [s0-impl-thread1] INFO  server.RaftServer$Division (RaftServerImpl.java:setRole(395)) - s0@group-335064819EA1: changes role from      null to FOLLOWER at term 0 for startAsFollower
2025-03-31 08:08:51,794 [s0-impl-thread1] INFO  impl.RoleInfo (RoleInfo.java:updateAndGet(148)) - s0: start s0@group-335064819EA1-FollowerState
2025-03-31 08:08:51,795 [s0@group-335064819EA1-FollowerState] INFO  server.RaftServerConfigKeys (ConfUtils.java:logFallback(69)) - raft.server.rpc.first-election.timeout.min = 150ms (fallback to raft.server.rpc.timeout.min)
2025-03-31 08:08:51,795 [s0@group-335064819EA1-FollowerState] INFO  server.RaftServerConfigKeys (ConfUtils.java:logFallback(69)) - raft.server.rpc.first-election.timeout.max = 300ms (fallback to raft.server.rpc.timeout.max)
2025-03-31 08:08:51,796 [s0-impl-thread1] INFO  util.JmxRegister (JmxRegister.java:tryRegister(44)) - Successfully registered JMX Bean with object name Ratis:service=RaftServer,group=group-335064819EA1,id=s0
2025-03-31 08:08:51,796 [s0-impl-thread1] INFO  util.JmxRegister (JmxRegister.java:register(58)) - register mxBean class org.apache.ratis.server.impl.RaftServerJmxAdapter as Ratis:service=RaftServer,group=group-335064819EA1,id=s0
2025-03-31 08:08:51,798 [s0-impl-thread1] INFO  server.RaftServerConfigKeys (ConfUtils.java:logGet(62)) - raft.server.snapshot.trigger-when-stop.enabled = true (default)
2025-03-31 08:08:51,798 [s0-impl-thread1] INFO  server.RaftServerConfigKeys (ConfUtils.java:logGet(62)) - raft.server.snapshot.trigger-when-remove.enabled = true (default)
2025-03-31 08:08:51,799 [s0-impl-thread1] INFO  server.RaftServerConfigKeys (ConfUtils.java:logGet(62)) - raft.server.snapshot.auto.trigger.enabled = false (default)
2025-03-31 08:08:51,800 [s0-impl-thread1] INFO  server.RaftServerConfigKeys (ConfUtils.java:logGet(62)) - raft.server.snapshot.retention.file.num = -1 (default)
2025-03-31 08:08:51,800 [s0-impl-thread1] INFO  server.RaftServerConfigKeys (ConfUtils.java:logGet(62)) - raft.server.log.purge.upto.snapshot.index = false (default)
2025-03-31 08:08:51,804 [s0-impl-thread1] INFO  server.RaftServer$Division (RaftServerImpl.java:start(422)) - s0@group-335064819EA1: Successfully started.
2025-03-31 08:08:51,804 [main] INFO  server.RaftServer (RaftServerProxy.java:startImpl(413)) - s0: start RPC server
2025-03-31 08:08:51,833 [main] INFO  server.GrpcServicesImpl (GrpcServicesImpl.java:startImpl(353)) - s0: GrpcServicesImpl started, listening on 15002
2025-03-31 08:08:51,834 [main] INFO  server.GrpcServicesImpl (GrpcServicesImpl.java:startImpl(353)) - s0: GrpcServicesImpl started, listening on 15000
2025-03-31 08:08:51,835 [main] INFO  server.GrpcServicesImpl (GrpcServicesImpl.java:startImpl(353)) - s0: GrpcServicesImpl started, listening on 15001
2025-03-31 08:08:51,836 [JvmPauseMonitor0] INFO  util.JvmPauseMonitor (JvmPauseMonitor.java:run(146)) - JvmPauseMonitor-s0: Started
2025-03-31 08:08:51,836 [s1-impl-thread1] INFO  server.RaftServerConfigKeys (ConfUtils.java:logGet(62)) - raft.server.storage.dir = [/home/runner/work/ratis/ratis/ratis-test/target/test/data/b8d225a/MiniRaftClusterWithGrpc698db09b/s1] (custom)
2025-03-31 08:08:51,837 [s1-impl-thread1] INFO  storage.RaftStorageDirectory (RaftStorageDirectoryImpl.java:analyzeStorage(138)) - The storage directory /home/runner/work/ratis/ratis/ratis-test/target/test/data/b8d225a/MiniRaftClusterWithGrpc698db09b/s1/e0ab71ab-99d2-418b-a0f2-335064819ea1 does not exist. Creating ...
2025-03-31 08:08:51,837 [s1-impl-thread1] TRACE util.FileUtils (LogUtils.java:runAndLog(49)) - Successfully ran Files.createDirectories /home/runner/work/ratis/ratis/ratis-test/target/test/data/b8d225a/MiniRaftClusterWithGrpc698db09b/s1/e0ab71ab-99d2-418b-a0f2-335064819ea1
2025-03-31 08:08:51,839 [s1-impl-thread1] INFO  storage.RaftStorageDirectory (RaftStorageDirectoryImpl.java:tryLock(229)) - Lock on /home/runner/work/ratis/ratis/ratis-test/target/test/data/b8d225a/MiniRaftClusterWithGrpc698db09b/s1/e0ab71ab-99d2-418b-a0f2-335064819ea1/in_use.lock acquired by nodename 2506@fv-az1979-757.weyvzlf0ic0udbi5oe1vusek0f.dx.internal.cloudapp.net
2025-03-31 08:08:51,839 [s1-impl-thread1] TRACE util.FileUtils (LogUtils.java:runAndLog(49)) - Successfully ran Files.createDirectories /home/runner/work/ratis/ratis/ratis-test/target/test/data/b8d225a/MiniRaftClusterWithGrpc698db09b/s1/e0ab71ab-99d2-418b-a0f2-335064819ea1/current
2025-03-31 08:08:51,839 [s1-impl-thread1] TRACE util.FileUtils (LogUtils.java:runAndLog(49)) - Successfully ran Files.createDirectories /home/runner/work/ratis/ratis/ratis-test/target/test/data/b8d225a/MiniRaftClusterWithGrpc698db09b/s1/e0ab71ab-99d2-418b-a0f2-335064819ea1/sm
2025-03-31 08:08:51,840 [s1-impl-thread1] TRACE util.FileUtils (LogUtils.java:supplyAndLog(69)) - Successfully supplied FileChannel.open /home/runner/work/ratis/ratis/ratis-test/target/test/data/b8d225a/MiniRaftClusterWithGrpc698db09b/s1/e0ab71ab-99d2-418b-a0f2-335064819ea1/current/raft-meta.tmp with options [CREATE, TRUNCATE_EXISTING, WRITE]: sun.nio.ch.FileChannelImpl@4cfd7086
2025-03-31 08:08:51,842 [s1-impl-thread1] TRACE util.FileUtils (LogUtils.java:runAndLog(49)) - Successfully ran Atomic Files.move /home/runner/work/ratis/ratis/ratis-test/target/test/data/b8d225a/MiniRaftClusterWithGrpc698db09b/s1/e0ab71ab-99d2-418b-a0f2-335064819ea1/current/raft-meta.tmp to /home/runner/work/ratis/ratis/ratis-test/target/test/data/b8d225a/MiniRaftClusterWithGrpc698db09b/s1/e0ab71ab-99d2-418b-a0f2-335064819ea1/current/raft-meta with options [REPLACE_EXISTING]
2025-03-31 08:08:51,842 [s1-impl-thread1] INFO  storage.RaftStorage (RaftStorageImpl.java:format(98)) - Storage directory /home/runner/work/ratis/ratis/ratis-test/target/test/data/b8d225a/MiniRaftClusterWithGrpc698db09b/s1/e0ab71ab-99d2-418b-a0f2-335064819ea1 has been successfully formatted.
2025-03-31 08:08:51,843 [s1-impl-thread1] INFO  util.AwaitToRun (AwaitToRun.java:start(81)) - Thread[s1@group-335064819EA1-cacheEviction-AwaitToRun,5,main] started
2025-03-31 08:08:51,843 [s1-impl-thread1] INFO  segmented.SegmentedRaftLogWorker (SegmentedRaftLogWorker.java:<init>(191)) - new s1@group-335064819EA1-SegmentedRaftLogWorker for RaftStorageImpl:Storage Directory /home/runner/work/ratis/ratis/ratis-test/target/test/data/b8d225a/MiniRaftClusterWithGrpc698db09b/s1/e0ab71ab-99d2-418b-a0f2-335064819ea1
2025-03-31 08:08:51,845 [s1-impl-thread1] INFO  segmented.SegmentedRaftLogWorker (SegmentedRaftLogWorker.java:lambda$new$0(142)) - s1@group-335064819EA1-SegmentedRaftLogWorker: flushIndex: setUnconditionally 0 -> -1
2025-03-31 08:08:51,845 [s1-impl-thread1] INFO  segmented.SegmentedRaftLogWorker (SegmentedRaftLogWorker.java:lambda$new$0(142)) - s1@group-335064819EA1-SegmentedRaftLogWorker: safeCacheEvictIndex: setUnconditionally 0 -> -1
2025-03-31 08:08:51,846 [s1-impl-thread1] INFO  server.RaftServer$Division (RaftServerImpl.java:start(408)) - s1@group-335064819EA1: start as a follower, conf=conf: {index: -1, cur=peers:[s0|localhost:15000, s1|localhost:15004, s2|localhost:15008]|listeners:[], old=null}
2025-03-31 08:08:51,846 [s1-impl-thread1] INFO  server.RaftServer$Division (RaftServerImpl.java:setRole(395)) - s1@group-335064819EA1: changes role from      null to FOLLOWER at term 0 for startAsFollower
2025-03-31 08:08:51,846 [s1-impl-thread1] INFO  impl.RoleInfo (RoleInfo.java:updateAndGet(148)) - s1: start s1@group-335064819EA1-FollowerState
2025-03-31 08:08:51,847 [s1@group-335064819EA1-FollowerState] INFO  server.RaftServerConfigKeys (ConfUtils.java:logFallback(69)) - raft.server.rpc.first-election.timeout.min = 150ms (fallback to raft.server.rpc.timeout.min)
2025-03-31 08:08:51,847 [s1-impl-thread1] INFO  util.JmxRegister (JmxRegister.java:tryRegister(44)) - Successfully registered JMX Bean with object name Ratis:service=RaftServer,group=group-335064819EA1,id=s1
2025-03-31 08:08:51,847 [s1-impl-thread1] INFO  util.JmxRegister (JmxRegister.java:register(58)) - register mxBean class org.apache.ratis.server.impl.RaftServerJmxAdapter as Ratis:service=RaftServer,group=group-335064819EA1,id=s1
2025-03-31 08:08:51,847 [s1@group-335064819EA1-FollowerState] INFO  server.RaftServerConfigKeys (ConfUtils.java:logFallback(69)) - raft.server.rpc.first-election.timeout.max = 300ms (fallback to raft.server.rpc.timeout.max)
2025-03-31 08:08:51,848 [s1-impl-thread1] INFO  server.RaftServer$Division (RaftServerImpl.java:start(422)) - s1@group-335064819EA1: Successfully started.
2025-03-31 08:08:51,848 [main] INFO  server.RaftServer (RaftServerProxy.java:startImpl(413)) - s1: start RPC server
2025-03-31 08:08:51,849 [main] INFO  server.GrpcServicesImpl (GrpcServicesImpl.java:startImpl(353)) - s1: GrpcServicesImpl started, listening on 15006
2025-03-31 08:08:51,850 [main] INFO  server.GrpcServicesImpl (GrpcServicesImpl.java:startImpl(353)) - s1: GrpcServicesImpl started, listening on 15004
2025-03-31 08:08:51,851 [main] INFO  server.GrpcServicesImpl (GrpcServicesImpl.java:startImpl(353)) - s1: GrpcServicesImpl started, listening on 15005
2025-03-31 08:08:51,851 [JvmPauseMonitor1] INFO  util.JvmPauseMonitor (JvmPauseMonitor.java:run(146)) - JvmPauseMonitor-s1: Started
2025-03-31 08:08:51,851 [s2-impl-thread1] INFO  server.RaftServerConfigKeys (ConfUtils.java:logGet(62)) - raft.server.storage.dir = [/home/runner/work/ratis/ratis/ratis-test/target/test/data/b8d225a/MiniRaftClusterWithGrpc698db09b/s2] (custom)
2025-03-31 08:08:51,852 [s2-impl-thread1] INFO  storage.RaftStorageDirectory (RaftStorageDirectoryImpl.java:analyzeStorage(138)) - The storage directory /home/runner/work/ratis/ratis/ratis-test/target/test/data/b8d225a/MiniRaftClusterWithGrpc698db09b/s2/e0ab71ab-99d2-418b-a0f2-335064819ea1 does not exist. Creating ...
2025-03-31 08:08:51,852 [s2-impl-thread1] TRACE util.FileUtils (LogUtils.java:runAndLog(49)) - Successfully ran Files.createDirectories /home/runner/work/ratis/ratis/ratis-test/target/test/data/b8d225a/MiniRaftClusterWithGrpc698db09b/s2/e0ab71ab-99d2-418b-a0f2-335064819ea1
2025-03-31 08:08:51,853 [s2-impl-thread1] INFO  storage.RaftStorageDirectory (RaftStorageDirectoryImpl.java:tryLock(229)) - Lock on /home/runner/work/ratis/ratis/ratis-test/target/test/data/b8d225a/MiniRaftClusterWithGrpc698db09b/s2/e0ab71ab-99d2-418b-a0f2-335064819ea1/in_use.lock acquired by nodename 2506@fv-az1979-757.weyvzlf0ic0udbi5oe1vusek0f.dx.internal.cloudapp.net
2025-03-31 08:08:51,853 [s2-impl-thread1] TRACE util.FileUtils (LogUtils.java:runAndLog(49)) - Successfully ran Files.createDirectories /home/runner/work/ratis/ratis/ratis-test/target/test/data/b8d225a/MiniRaftClusterWithGrpc698db09b/s2/e0ab71ab-99d2-418b-a0f2-335064819ea1/current
2025-03-31 08:08:51,854 [s2-impl-thread1] TRACE util.FileUtils (LogUtils.java:runAndLog(49)) - Successfully ran Files.createDirectories /home/runner/work/ratis/ratis/ratis-test/target/test/data/b8d225a/MiniRaftClusterWithGrpc698db09b/s2/e0ab71ab-99d2-418b-a0f2-335064819ea1/sm
2025-03-31 08:08:51,854 [s2-impl-thread1] TRACE util.FileUtils (LogUtils.java:supplyAndLog(69)) - Successfully supplied FileChannel.open /home/runner/work/ratis/ratis/ratis-test/target/test/data/b8d225a/MiniRaftClusterWithGrpc698db09b/s2/e0ab71ab-99d2-418b-a0f2-335064819ea1/current/raft-meta.tmp with options [CREATE, TRUNCATE_EXISTING, WRITE]: sun.nio.ch.FileChannelImpl@59cfe3a6
2025-03-31 08:08:51,856 [s2-impl-thread1] TRACE util.FileUtils (LogUtils.java:runAndLog(49)) - Successfully ran Atomic Files.move /home/runner/work/ratis/ratis/ratis-test/target/test/data/b8d225a/MiniRaftClusterWithGrpc698db09b/s2/e0ab71ab-99d2-418b-a0f2-335064819ea1/current/raft-meta.tmp to /home/runner/work/ratis/ratis/ratis-test/target/test/data/b8d225a/MiniRaftClusterWithGrpc698db09b/s2/e0ab71ab-99d2-418b-a0f2-335064819ea1/current/raft-meta with options [REPLACE_EXISTING]
2025-03-31 08:08:51,856 [s2-impl-thread1] INFO  storage.RaftStorage (RaftStorageImpl.java:format(98)) - Storage directory /home/runner/work/ratis/ratis/ratis-test/target/test/data/b8d225a/MiniRaftClusterWithGrpc698db09b/s2/e0ab71ab-99d2-418b-a0f2-335064819ea1 has been successfully formatted.
2025-03-31 08:08:51,858 [s2-impl-thread1] INFO  util.AwaitToRun (AwaitToRun.java:start(81)) - Thread[s2@group-335064819EA1-cacheEviction-AwaitToRun,5,main] started
2025-03-31 08:08:51,858 [s2-impl-thread1] INFO  segmented.SegmentedRaftLogWorker (SegmentedRaftLogWorker.java:<init>(191)) - new s2@group-335064819EA1-SegmentedRaftLogWorker for RaftStorageImpl:Storage Directory /home/runner/work/ratis/ratis/ratis-test/target/test/data/b8d225a/MiniRaftClusterWithGrpc698db09b/s2/e0ab71ab-99d2-418b-a0f2-335064819ea1
2025-03-31 08:08:51,860 [s2-impl-thread1] INFO  segmented.SegmentedRaftLogWorker (SegmentedRaftLogWorker.java:lambda$new$0(142)) - s2@group-335064819EA1-SegmentedRaftLogWorker: flushIndex: setUnconditionally 0 -> -1
2025-03-31 08:08:51,860 [s2-impl-thread1] INFO  segmented.SegmentedRaftLogWorker (SegmentedRaftLogWorker.java:lambda$new$0(142)) - s2@group-335064819EA1-SegmentedRaftLogWorker: safeCacheEvictIndex: setUnconditionally 0 -> -1
2025-03-31 08:08:51,860 [s2-impl-thread1] INFO  server.RaftServer$Division (RaftServerImpl.java:start(408)) - s2@group-335064819EA1: start as a follower, conf=conf: {index: -1, cur=peers:[s0|localhost:15000, s1|localhost:15004, s2|localhost:15008]|listeners:[], old=null}
2025-03-31 08:08:51,861 [s2-impl-thread1] INFO  server.RaftServer$Division (RaftServerImpl.java:setRole(395)) - s2@group-335064819EA1: changes role from      null to FOLLOWER at term 0 for startAsFollower
2025-03-31 08:08:51,861 [s2-impl-thread1] INFO  impl.RoleInfo (RoleInfo.java:updateAndGet(148)) - s2: start s2@group-335064819EA1-FollowerState
2025-03-31 08:08:51,861 [s2-impl-thread1] INFO  util.JmxRegister (JmxRegister.java:tryRegister(44)) - Successfully registered JMX Bean with object name Ratis:service=RaftServer,group=group-335064819EA1,id=s2
2025-03-31 08:08:51,861 [s2@group-335064819EA1-FollowerState] INFO  server.RaftServerConfigKeys (ConfUtils.java:logFallback(69)) - raft.server.rpc.first-election.timeout.min = 150ms (fallback to raft.server.rpc.timeout.min)
2025-03-31 08:08:51,861 [s2-impl-thread1] INFO  util.JmxRegister (JmxRegister.java:register(58)) - register mxBean class org.apache.ratis.server.impl.RaftServerJmxAdapter as Ratis:service=RaftServer,group=group-335064819EA1,id=s2
2025-03-31 08:08:51,861 [s2@group-335064819EA1-FollowerState] INFO  server.RaftServerConfigKeys (ConfUtils.java:logFallback(69)) - raft.server.rpc.first-election.timeout.max = 300ms (fallback to raft.server.rpc.timeout.max)
2025-03-31 08:08:51,862 [s2-impl-thread1] INFO  server.RaftServer$Division (RaftServerImpl.java:start(422)) - s2@group-335064819EA1: Successfully started.
2025-03-31 08:08:51,862 [main] INFO  server.RaftServer (RaftServerProxy.java:startImpl(413)) - s2: start RPC server
2025-03-31 08:08:51,863 [main] INFO  server.GrpcServicesImpl (GrpcServicesImpl.java:startImpl(353)) - s2: GrpcServicesImpl started, listening on 15010
2025-03-31 08:08:51,864 [main] INFO  server.GrpcServicesImpl (GrpcServicesImpl.java:startImpl(353)) - s2: GrpcServicesImpl started, listening on 15008
2025-03-31 08:08:51,865 [main] INFO  server.GrpcServicesImpl (GrpcServicesImpl.java:startImpl(353)) - s2: GrpcServicesImpl started, listening on 15009
2025-03-31 08:08:51,865 [JvmPauseMonitor2] INFO  util.JvmPauseMonitor (JvmPauseMonitor.java:run(146)) - JvmPauseMonitor-s2: Started
2025-03-31 08:08:51,868 [main] INFO  server.RaftServerConfigKeys (ConfUtils.java:logGet(62)) - raft.server.read.leader.lease.timeout.ratio = 0.5 (custom)
2025-03-31 08:08:51,872 [main] INFO  ratis.RaftTestUtil (RaftTestUtil.java:waitForLeader(108)) - printing ALL groups
  s0:  RUNNING  FOLLOWER s0@group-335064819EA1:t0, leader=null, voted=, raftlog=Memoized:s0@group-335064819EA1-SegmentedRaftLog:OPENED:c-1:lastnull, conf=conf: {index: -1, cur=peers:[s0|localhost:15000, s1|localhost:15004, s2|localhost:15008]|listeners:[], old=null} RUNNING
  s1:  RUNNING  FOLLOWER s1@group-335064819EA1:t0, leader=null, voted=, raftlog=Memoized:s1@group-335064819EA1-SegmentedRaftLog:OPENED:c-1:lastnull, conf=conf: {index: -1, cur=peers:[s0|localhost:15000, s1|localhost:15004, s2|localhost:15008]|listeners:[], old=null} RUNNING
  s2:  RUNNING  FOLLOWER s2@group-335064819EA1:t0, leader=null, voted=, raftlog=Memoized:s2@group-335064819EA1-SegmentedRaftLog:OPENED:c-1:lastnull, conf=conf: {index: -1, cur=peers:[s0|localhost:15000, s1|localhost:15004, s2|localhost:15008]|listeners:[], old=null} RUNNING
2025-03-31 08:08:51,874 [main] WARN  ratis.RaftTestUtil (RaftTestUtil.java:lambda$waitForLeader$3(127)) - Attempt #1 failed: java.lang.IllegalStateException: No leader yet : printing ALL groups
  s0:  RUNNING  FOLLOWER s0@group-335064819EA1:t0, leader=null, voted=, raftlog=Memoized:s0@group-335064819EA1-SegmentedRaftLog:OPENED:c-1:lastnull, conf=conf: {index: -1, cur=peers:[s0|localhost:15000, s1|localhost:15004, s2|localhost:15008]|listeners:[], old=null} RUNNING
  s1:  RUNNING  FOLLOWER s1@group-335064819EA1:t0, leader=null, voted=, raftlog=Memoized:s1@group-335064819EA1-SegmentedRaftLog:OPENED:c-1:lastnull, conf=conf: {index: -1, cur=peers:[s0|localhost:15000, s1|localhost:15004, s2|localhost:15008]|listeners:[], old=null} RUNNING
  s2:  RUNNING  FOLLOWER s2@group-335064819EA1:t0, leader=null, voted=, raftlog=Memoized:s2@group-335064819EA1-SegmentedRaftLog:OPENED:c-1:lastnull, conf=conf: {index: -1, cur=peers:[s0|localhost:15000, s1|localhost:15004, s2|localhost:15008]|listeners:[], old=null} RUNNING
2025-03-31 08:08:52,024 [s1@group-335064819EA1-FollowerState] INFO  impl.FollowerState (FollowerState.java:runImpl(161)) - s1@group-335064819EA1-FollowerState: change to CANDIDATE, lastRpcElapsedTime:177520336ns, electionTimeout:175ms
2025-03-31 08:08:52,024 [s1@group-335064819EA1-FollowerState] INFO  impl.RoleInfo (RoleInfo.java:shutdownFollowerState(121)) - s1: shutdown s1@group-335064819EA1-FollowerState
2025-03-31 08:08:52,024 [s1@group-335064819EA1-FollowerState] INFO  server.RaftServer$Division (RaftServerImpl.java:setRole(395)) - s1@group-335064819EA1: changes role from  FOLLOWER to CANDIDATE at term 0 for changeToCandidate
2025-03-31 08:08:52,026 [s1@group-335064819EA1-FollowerState] INFO  server.RaftServerConfigKeys (ConfUtils.java:logGet(62)) - raft.server.leaderelection.pre-vote = true (default)
2025-03-31 08:08:52,026 [s1@group-335064819EA1-FollowerState] INFO  impl.RoleInfo (RoleInfo.java:updateAndGet(148)) - s1: start s1@group-335064819EA1-LeaderElection1
2025-03-31 08:08:52,029 [s1@group-335064819EA1-LeaderElection1] INFO  impl.LeaderElection (LeaderElection.java:askForVotes(332)) - s1@group-335064819EA1-LeaderElection1 PRE_VOTE round 0: submit vote requests at term 0 for conf: {index: -1, cur=peers:[s0|localhost:15000, s1|localhost:15004, s2|localhost:15008]|listeners:[], old=null}
2025-03-31 08:08:52,032 [s0@group-335064819EA1-FollowerState] INFO  impl.FollowerState (FollowerState.java:runImpl(161)) - s0@group-335064819EA1-FollowerState: change to CANDIDATE, lastRpcElapsedTime:237798397ns, electionTimeout:236ms
2025-03-31 08:08:52,032 [s0@group-335064819EA1-FollowerState] INFO  impl.RoleInfo (RoleInfo.java:shutdownFollowerState(121)) - s0: shutdown s0@group-335064819EA1-FollowerState
2025-03-31 08:08:52,032 [s0@group-335064819EA1-FollowerState] INFO  server.RaftServer$Division (RaftServerImpl.java:setRole(395)) - s0@group-335064819EA1: changes role from  FOLLOWER to CANDIDATE at term 0 for changeToCandidate
2025-03-31 08:08:52,032 [s0@group-335064819EA1-FollowerState] INFO  impl.RoleInfo (RoleInfo.java:updateAndGet(148)) - s0: start s0@group-335064819EA1-LeaderElection2
2025-03-31 08:08:52,032 [s0@group-335064819EA1-LeaderElection2] INFO  impl.LeaderElection (LeaderElection.java:askForVotes(332)) - s0@group-335064819EA1-LeaderElection2 PRE_VOTE round 0: submit vote requests at term 0 for conf: {index: -1, cur=peers:[s0|localhost:15000, s1|localhost:15004, s2|localhost:15008]|listeners:[], old=null}
2025-03-31 08:08:52,043 [s0@group-335064819EA1-LeaderElection2] INFO  server.RaftServerConfigKeys (ConfUtils.java:logFallback(69)) - raft.server.rpc.first-election.timeout.min = 150ms (fallback to raft.server.rpc.timeout.min)
2025-03-31 08:08:52,044 [s0@group-335064819EA1-LeaderElection2] INFO  server.RaftServerConfigKeys (ConfUtils.java:logFallback(69)) - raft.server.rpc.first-election.timeout.max = 300ms (fallback to raft.server.rpc.timeout.max)
2025-03-31 08:08:52,045 [s1@group-335064819EA1-LeaderElection1-2] INFO  server.GrpcServerProtocolClient (GrpcServerProtocolClient.java:<init>(65)) - Build channel for s2|localhost:15008
2025-03-31 08:08:52,044 [s1@group-335064819EA1-LeaderElection1] INFO  server.RaftServerConfigKeys (ConfUtils.java:logFallback(69)) - raft.server.rpc.first-election.timeout.min = 150ms (fallback to raft.server.rpc.timeout.min)
2025-03-31 08:08:52,045 [s1@group-335064819EA1-LeaderElection1] INFO  server.RaftServerConfigKeys (ConfUtils.java:logFallback(69)) - raft.server.rpc.first-election.timeout.max = 300ms (fallback to raft.server.rpc.timeout.max)
2025-03-31 08:08:52,045 [s1@group-335064819EA1-LeaderElection1-1] INFO  server.GrpcServerProtocolClient (GrpcServerProtocolClient.java:<init>(65)) - Build channel for s0|localhost:15000
2025-03-31 08:08:52,045 [s0@group-335064819EA1-LeaderElection2-1] INFO  server.GrpcServerProtocolClient (GrpcServerProtocolClient.java:<init>(65)) - Build channel for s1|localhost:15004
2025-03-31 08:08:52,045 [s0@group-335064819EA1-LeaderElection2-2] INFO  server.GrpcServerProtocolClient (GrpcServerProtocolClient.java:<init>(65)) - Build channel for s2|localhost:15008
2025-03-31 08:08:52,093 [s2@group-335064819EA1-FollowerState] INFO  impl.FollowerState (FollowerState.java:runImpl(161)) - s2@group-335064819EA1-FollowerState: change to CANDIDATE, lastRpcElapsedTime:232135868ns, electionTimeout:231ms
2025-03-31 08:08:52,093 [s2@group-335064819EA1-FollowerState] INFO  impl.RoleInfo (RoleInfo.java:shutdownFollowerState(121)) - s2: shutdown s2@group-335064819EA1-FollowerState
2025-03-31 08:08:52,093 [s2@group-335064819EA1-FollowerState] INFO  server.RaftServer$Division (RaftServerImpl.java:setRole(395)) - s2@group-335064819EA1: changes role from  FOLLOWER to CANDIDATE at term 0 for changeToCandidate
2025-03-31 08:08:52,094 [s2@group-335064819EA1-FollowerState] INFO  impl.RoleInfo (RoleInfo.java:updateAndGet(148)) - s2: start s2@group-335064819EA1-LeaderElection3
2025-03-31 08:08:52,094 [s2@group-335064819EA1-LeaderElection3] INFO  impl.LeaderElection (LeaderElection.java:askForVotes(332)) - s2@group-335064819EA1-LeaderElection3 PRE_VOTE round 0: submit vote requests at term 0 for conf: {index: -1, cur=peers:[s0|localhost:15000, s1|localhost:15004, s2|localhost:15008]|listeners:[], old=null}
2025-03-31 08:08:52,095 [s2@group-335064819EA1-LeaderElection3-1] INFO  server.GrpcServerProtocolClient (GrpcServerProtocolClient.java:<init>(65)) - Build channel for s0|localhost:15000
2025-03-31 08:08:52,095 [s2@group-335064819EA1-LeaderElection3-2] INFO  server.GrpcServerProtocolClient (GrpcServerProtocolClient.java:<init>(65)) - Build channel for s1|localhost:15004
2025-03-31 08:08:52,095 [s2@group-335064819EA1-LeaderElection3] INFO  server.RaftServerConfigKeys (ConfUtils.java:logFallback(69)) - raft.server.rpc.first-election.timeout.min = 150ms (fallback to raft.server.rpc.timeout.min)
2025-03-31 08:08:52,096 [s2@group-335064819EA1-LeaderElection3] INFO  server.RaftServerConfigKeys (ConfUtils.java:logFallback(69)) - raft.server.rpc.first-election.timeout.max = 300ms (fallback to raft.server.rpc.timeout.max)
2025-03-31 08:08:52,242 [s1@group-335064819EA1-LeaderElection1] INFO  impl.LeaderElection (LeaderElection.java:logAndReturn(90)) - s1@group-335064819EA1-LeaderElection1: PRE_VOTE TIMEOUT received 0 response(s) and 0 exception(s):
2025-03-31 08:08:52,242 [s1@group-335064819EA1-LeaderElection1] INFO  impl.LeaderElection (LeaderElection.java:askForVotes(334)) - s1@group-335064819EA1-LeaderElection1 PRE_VOTE round 0: result TIMEOUT
2025-03-31 08:08:52,244 [s1@group-335064819EA1-LeaderElection1] INFO  impl.LeaderElection (LeaderElection.java:askForVotes(332)) - s1@group-335064819EA1-LeaderElection1 PRE_VOTE round 1: submit vote requests at term 0 for conf: {index: -1, cur=peers:[s0|localhost:15000, s1|localhost:15004, s2|localhost:15008]|listeners:[], old=null}
2025-03-31 08:08:52,246 [s1@group-335064819EA1-LeaderElection1] INFO  server.RaftServerConfigKeys (ConfUtils.java:logFallback(69)) - raft.server.rpc.first-election.timeout.min = 150ms (fallback to raft.server.rpc.timeout.min)
2025-03-31 08:08:52,247 [s1@group-335064819EA1-LeaderElection1] INFO  server.RaftServerConfigKeys (ConfUtils.java:logFallback(69)) - raft.server.rpc.first-election.timeout.max = 300ms (fallback to raft.server.rpc.timeout.max)
2025-03-31 08:08:52,261 [s0@group-335064819EA1-LeaderElection2] INFO  impl.LeaderElection (LeaderElection.java:logAndReturn(90)) - s0@group-335064819EA1-LeaderElection2: PRE_VOTE TIMEOUT received 0 response(s) and 0 exception(s):
2025-03-31 08:08:52,261 [s0@group-335064819EA1-LeaderElection2] INFO  impl.LeaderElection (LeaderElection.java:askForVotes(334)) - s0@group-335064819EA1-LeaderElection2 PRE_VOTE round 0: result TIMEOUT
2025-03-31 08:08:52,262 [s0@group-335064819EA1-LeaderElection2] INFO  impl.LeaderElection (LeaderElection.java:askForVotes(332)) - s0@group-335064819EA1-LeaderElection2 PRE_VOTE round 1: submit vote requests at term 0 for conf: {index: -1, cur=peers:[s0|localhost:15000, s1|localhost:15004, s2|localhost:15008]|listeners:[], old=null}
2025-03-31 08:08:52,264 [s0@group-335064819EA1-LeaderElection2] INFO  server.RaftServerConfigKeys (ConfUtils.java:logFallback(69)) - raft.server.rpc.first-election.timeout.min = 150ms (fallback to raft.server.rpc.timeout.min)
2025-03-31 08:08:52,264 [s0@group-335064819EA1-LeaderElection2] INFO  server.RaftServerConfigKeys (ConfUtils.java:logFallback(69)) - raft.server.rpc.first-election.timeout.max = 300ms (fallback to raft.server.rpc.timeout.max)
2025-03-31 08:08:52,265 [s2@group-335064819EA1-LeaderElection3] INFO  impl.LeaderElection (LeaderElection.java:logAndReturn(90)) - s2@group-335064819EA1-LeaderElection3: PRE_VOTE TIMEOUT received 0 response(s) and 0 exception(s):
2025-03-31 08:08:52,266 [s2@group-335064819EA1-LeaderElection3] INFO  impl.LeaderElection (LeaderElection.java:askForVotes(334)) - s2@group-335064819EA1-LeaderElection3 PRE_VOTE round 0: result TIMEOUT
2025-03-31 08:08:52,266 [s2@group-335064819EA1-LeaderElection3] INFO  impl.LeaderElection (LeaderElection.java:askForVotes(332)) - s2@group-335064819EA1-LeaderElection3 PRE_VOTE round 1: submit vote requests at term 0 for conf: {index: -1, cur=peers:[s0|localhost:15000, s1|localhost:15004, s2|localhost:15008]|listeners:[], old=null}
2025-03-31 08:08:52,270 [s2@group-335064819EA1-LeaderElection3] INFO  server.RaftServerConfigKeys (ConfUtils.java:logFallback(69)) - raft.server.rpc.first-election.timeout.min = 150ms (fallback to raft.server.rpc.timeout.min)
2025-03-31 08:08:52,270 [s2@group-335064819EA1-LeaderElection3] INFO  server.RaftServerConfigKeys (ConfUtils.java:logFallback(69)) - raft.server.rpc.first-election.timeout.max = 300ms (fallback to raft.server.rpc.timeout.max)
2025-03-31 08:08:52,308 [grpc-default-executor-7] INFO  server.RaftServer$Division (RaftServerImpl.java:requestVote(1475)) - s2@group-335064819EA1: receive requestVote(PRE_VOTE, s1, group-335064819EA1, 0, (t:0, i:0))
2025-03-31 08:08:52,308 [grpc-default-executor-10] INFO  server.RaftServer$Division (RaftServerImpl.java:requestVote(1475)) - s0@group-335064819EA1: receive requestVote(PRE_VOTE, s2, group-335064819EA1, 0, (t:0, i:0))
2025-03-31 08:08:52,308 [grpc-default-executor-3] INFO  server.RaftServer$Division (RaftServerImpl.java:requestVote(1475)) - s2@group-335064819EA1: receive requestVote(PRE_VOTE, s0, group-335064819EA1, 0, (t:0, i:0))
2025-03-31 08:08:52,308 [grpc-default-executor-8] INFO  server.RaftServer$Division (RaftServerImpl.java:requestVote(1475)) - s1@group-335064819EA1: receive requestVote(PRE_VOTE, s0, group-335064819EA1, 0, (t:0, i:0))
2025-03-31 08:08:52,309 [grpc-default-executor-7] INFO  impl.VoteContext (VoteContext.java:log(49)) - s2@group-335064819EA1-CANDIDATE: accept PRE_VOTE from s1: our priority 0 <= candidate's priority 0
2025-03-31 08:08:52,310 [grpc-default-executor-9] INFO  server.RaftServer$Division (RaftServerImpl.java:requestVote(1475)) - s0@group-335064819EA1: receive requestVote(PRE_VOTE, s1, group-335064819EA1, 0, (t:0, i:0))
2025-03-31 08:08:52,311 [grpc-default-executor-10] INFO  impl.VoteContext (VoteContext.java:log(49)) - s0@group-335064819EA1-CANDIDATE: accept PRE_VOTE from s2: our priority 0 <= candidate's priority 0
2025-03-31 08:08:52,311 [grpc-default-executor-8] INFO  impl.VoteContext (VoteContext.java:log(49)) - s1@group-335064819EA1-CANDIDATE: accept PRE_VOTE from s0: our priority 0 <= candidate's priority 0
2025-03-31 08:08:52,308 [grpc-default-executor-0] INFO  server.RaftServer$Division (RaftServerImpl.java:requestVote(1475)) - s1@group-335064819EA1: receive requestVote(PRE_VOTE, s2, group-335064819EA1, 0, (t:0, i:0))
2025-03-31 08:08:52,316 [grpc-default-executor-10] INFO  server.RaftServer$Division (RaftServerImpl.java:requestVote(1509)) - s0@group-335064819EA1 replies to PRE_VOTE vote request: s2<-s0#0:OK-t0. Peer's state: s0@group-335064819EA1:t0, leader=null, voted=, raftlog=Memoized:s0@group-335064819EA1-SegmentedRaftLog:OPENED:c-1:lastnull, conf=conf: {index: -1, cur=peers:[s0|localhost:15000, s1|localhost:15004, s2|localhost:15008]|listeners:[], old=null}
2025-03-31 08:08:52,316 [grpc-default-executor-7] INFO  server.RaftServer$Division (RaftServerImpl.java:requestVote(1509)) - s2@group-335064819EA1 replies to PRE_VOTE vote request: s1<-s2#0:OK-t0. Peer's state: s2@group-335064819EA1:t0, leader=null, voted=, raftlog=Memoized:s2@group-335064819EA1-SegmentedRaftLog:OPENED:c-1:lastnull, conf=conf: {index: -1, cur=peers:[s0|localhost:15000, s1|localhost:15004, s2|localhost:15008]|listeners:[], old=null}
2025-03-31 08:08:52,316 [grpc-default-executor-8] INFO  server.RaftServer$Division (RaftServerImpl.java:requestVote(1509)) - s1@group-335064819EA1 replies to PRE_VOTE vote request: s0<-s1#0:OK-t0. Peer's state: s1@group-335064819EA1:t0, leader=null, voted=, raftlog=Memoized:s1@group-335064819EA1-SegmentedRaftLog:OPENED:c-1:lastnull, conf=conf: {index: -1, cur=peers:[s0|localhost:15000, s1|localhost:15004, s2|localhost:15008]|listeners:[], old=null}
2025-03-31 08:08:52,319 [grpc-default-executor-9] INFO  impl.VoteContext (VoteContext.java:log(49)) - s0@group-335064819EA1-CANDIDATE: accept PRE_VOTE from s1: our priority 0 <= candidate's priority 0
2025-03-31 08:08:52,319 [grpc-default-executor-0] INFO  impl.VoteContext (VoteContext.java:log(49)) - s1@group-335064819EA1-CANDIDATE: accept PRE_VOTE from s2: our priority 0 <= candidate's priority 0
2025-03-31 08:08:52,319 [grpc-default-executor-3] INFO  impl.VoteContext (VoteContext.java:log(49)) - s2@group-335064819EA1-CANDIDATE: accept PRE_VOTE from s0: our priority 0 <= candidate's priority 0
2025-03-31 08:08:52,320 [grpc-default-executor-3] INFO  server.RaftServer$Division (RaftServerImpl.java:requestVote(1509)) - s2@group-335064819EA1 replies to PRE_VOTE vote request: s0<-s2#0:OK-t0. Peer's state: s2@group-335064819EA1:t0, leader=null, voted=, raftlog=Memoized:s2@group-335064819EA1-SegmentedRaftLog:OPENED:c-1:lastnull, conf=conf: {index: -1, cur=peers:[s0|localhost:15000, s1|localhost:15004, s2|localhost:15008]|listeners:[], old=null}
2025-03-31 08:08:52,319 [grpc-default-executor-9] INFO  server.RaftServer$Division (RaftServerImpl.java:requestVote(1509)) - s0@group-335064819EA1 replies to PRE_VOTE vote request: s1<-s0#0:OK-t0. Peer's state: s0@group-335064819EA1:t0, leader=null, voted=, raftlog=Memoized:s0@group-335064819EA1-SegmentedRaftLog:OPENED:c-1:lastnull, conf=conf: {index: -1, cur=peers:[s0|localhost:15000, s1|localhost:15004, s2|localhost:15008]|listeners:[], old=null}
2025-03-31 08:08:52,319 [grpc-default-executor-0] INFO  server.RaftServer$Division (RaftServerImpl.java:requestVote(1509)) - s1@group-335064819EA1 replies to PRE_VOTE vote request: s2<-s1#0:OK-t0. Peer's state: s1@group-335064819EA1:t0, leader=null, voted=, raftlog=Memoized:s1@group-335064819EA1-SegmentedRaftLog:OPENED:c-1:lastnull, conf=conf: {index: -1, cur=peers:[s0|localhost:15000, s1|localhost:15004, s2|localhost:15008]|listeners:[], old=null}
2025-03-31 08:08:52,326 [main] WARN  ratis.RaftTestUtil (RaftTestUtil.java:lambda$waitForLeader$3(127)) - Attempt #2 failed: java.lang.IllegalStateException: No leader yet : printing ALL groups
  s0:  RUNNING CANDIDATE s0@group-335064819EA1:t0, leader=null, voted=, raftlog=Memoized:s0@group-335064819EA1-SegmentedRaftLog:OPENED:c-1:lastnull, conf=conf: {index: -1, cur=peers:[s0|localhost:15000, s1|localhost:15004, s2|localhost:15008]|listeners:[], old=null} RUNNING
  s1:  RUNNING CANDIDATE s1@group-335064819EA1:t0, leader=null, voted=, raftlog=Memoized:s1@group-335064819EA1-SegmentedRaftLog:OPENED:c-1:lastnull, conf=conf: {index: -1, cur=peers:[s0|localhost:15000, s1|localhost:15004, s2|localhost:15008]|listeners:[], old=null} RUNNING
  s2:  RUNNING CANDIDATE s2@group-335064819EA1:t0, leader=null, voted=, raftlog=Memoized:s2@group-335064819EA1-SegmentedRaftLog:OPENED:c-1:lastnull, conf=conf: {index: -1, cur=peers:[s0|localhost:15000, s1|localhost:15004, s2|localhost:15008]|listeners:[], old=null} RUNNING
2025-03-31 08:08:52,327 [s1@group-335064819EA1-LeaderElection1] INFO  impl.LeaderElection (LeaderElection.java:logAndReturn(90)) - s1@group-335064819EA1-LeaderElection1: PRE_VOTE PASSED received 1 response(s) and 0 exception(s):
2025-03-31 08:08:52,327 [s1@group-335064819EA1-LeaderElection1] INFO  impl.LeaderElection (LeaderElection.java:logAndReturn(94)) -   Response 0: s1<-s2#0:OK-t0
2025-03-31 08:08:52,327 [s1@group-335064819EA1-LeaderElection1] INFO  impl.LeaderElection (LeaderElection.java:askForVotes(334)) - s1@group-335064819EA1-LeaderElection1 PRE_VOTE round 1: result PASSED
2025-03-31 08:08:52,328 [s1@group-335064819EA1-LeaderElection1] TRACE util.FileUtils (LogUtils.java:supplyAndLog(69)) - Successfully supplied FileChannel.open /home/runner/work/ratis/ratis/ratis-test/target/test/data/b8d225a/MiniRaftClusterWithGrpc698db09b/s1/e0ab71ab-99d2-418b-a0f2-335064819ea1/current/raft-meta.tmp with options [CREATE, TRUNCATE_EXISTING, WRITE]: sun.nio.ch.FileChannelImpl@77ba99f8
2025-03-31 08:08:52,329 [s0@group-335064819EA1-LeaderElection2] INFO  impl.LeaderElection (LeaderElection.java:logAndReturn(90)) - s0@group-335064819EA1-LeaderElection2: PRE_VOTE PASSED received 1 response(s) and 0 exception(s):
2025-03-31 08:08:52,329 [s0@group-335064819EA1-LeaderElection2] INFO  impl.LeaderElection (LeaderElection.java:logAndReturn(94)) -   Response 0: s0<-s2#0:OK-t0
2025-03-31 08:08:52,329 [s2@group-335064819EA1-LeaderElection3] INFO  impl.LeaderElection (LeaderElection.java:logAndReturn(90)) - s2@group-335064819EA1-LeaderElection3: PRE_VOTE PASSED received 1 response(s) and 0 exception(s):
2025-03-31 08:08:52,329 [s2@group-335064819EA1-LeaderElection3] INFO  impl.LeaderElection (LeaderElection.java:logAndReturn(94)) -   Response 0: s2<-s1#0:OK-t0
2025-03-31 08:08:52,330 [s2@group-335064819EA1-LeaderElection3] INFO  impl.LeaderElection (LeaderElection.java:askForVotes(334)) - s2@group-335064819EA1-LeaderElection3 PRE_VOTE round 1: result PASSED
2025-03-31 08:08:52,329 [s0@group-335064819EA1-LeaderElection2] INFO  impl.LeaderElection (LeaderElection.java:askForVotes(334)) - s0@group-335064819EA1-LeaderElection2 PRE_VOTE round 1: result PASSED
2025-03-31 08:08:52,331 [s0@group-335064819EA1-LeaderElection2] TRACE util.FileUtils (LogUtils.java:supplyAndLog(69)) - Successfully supplied FileChannel.open /home/runner/work/ratis/ratis/ratis-test/target/test/data/b8d225a/MiniRaftClusterWithGrpc698db09b/s0/e0ab71ab-99d2-418b-a0f2-335064819ea1/current/raft-meta.tmp with options [CREATE, TRUNCATE_EXISTING, WRITE]: sun.nio.ch.FileChannelImpl@c6f8e8a
2025-03-31 08:08:52,331 [s2@group-335064819EA1-LeaderElection3] TRACE util.FileUtils (LogUtils.java:supplyAndLog(69)) - Successfully supplied FileChannel.open /home/runner/work/ratis/ratis/ratis-test/target/test/data/b8d225a/MiniRaftClusterWithGrpc698db09b/s2/e0ab71ab-99d2-418b-a0f2-335064819ea1/current/raft-meta.tmp with options [CREATE, TRUNCATE_EXISTING, WRITE]: sun.nio.ch.FileChannelImpl@af26858
2025-03-31 08:08:52,332 [s1@group-335064819EA1-LeaderElection1] TRACE util.FileUtils (LogUtils.java:runAndLog(49)) - Successfully ran Atomic Files.move /home/runner/work/ratis/ratis/ratis-test/target/test/data/b8d225a/MiniRaftClusterWithGrpc698db09b/s1/e0ab71ab-99d2-418b-a0f2-335064819ea1/current/raft-meta.tmp to /home/runner/work/ratis/ratis/ratis-test/target/test/data/b8d225a/MiniRaftClusterWithGrpc698db09b/s1/e0ab71ab-99d2-418b-a0f2-335064819ea1/current/raft-meta with options [REPLACE_EXISTING]
2025-03-31 08:08:52,333 [s1@group-335064819EA1-LeaderElection1] INFO  impl.LeaderElection (LeaderElection.java:askForVotes(332)) - s1@group-335064819EA1-LeaderElection1 ELECTION round 1: submit vote requests at term 1 for conf: {index: -1, cur=peers:[s0|localhost:15000, s1|localhost:15004, s2|localhost:15008]|listeners:[], old=null}
2025-03-31 08:08:52,339 [s1@group-335064819EA1-LeaderElection1] INFO  server.RaftServerConfigKeys (ConfUtils.java:logFallback(69)) - raft.server.rpc.first-election.timeout.min = 150ms (fallback to raft.server.rpc.timeout.min)
2025-03-31 08:08:52,339 [grpc-default-executor-3] INFO  server.RaftServer$Division (RaftServerImpl.java:requestVote(1475)) - s0@group-335064819EA1: receive requestVote(ELECTION, s1, group-335064819EA1, 1, (t:0, i:0))
2025-03-31 08:08:52,339 [s1@group-335064819EA1-LeaderElection1] INFO  server.RaftServerConfigKeys (ConfUtils.java:logFallback(69)) - raft.server.rpc.first-election.timeout.max = 300ms (fallback to raft.server.rpc.timeout.max)
2025-03-31 08:08:52,341 [s2@group-335064819EA1-LeaderElection3] TRACE util.FileUtils (LogUtils.java:runAndLog(49)) - Successfully ran Atomic Files.move /home/runner/work/ratis/ratis/ratis-test/target/test/data/b8d225a/MiniRaftClusterWithGrpc698db09b/s2/e0ab71ab-99d2-418b-a0f2-335064819ea1/current/raft-meta.tmp to /home/runner/work/ratis/ratis/ratis-test/target/test/data/b8d225a/MiniRaftClusterWithGrpc698db09b/s2/e0ab71ab-99d2-418b-a0f2-335064819ea1/current/raft-meta with options [REPLACE_EXISTING]
2025-03-31 08:08:52,341 [s2@group-335064819EA1-LeaderElection3] INFO  impl.LeaderElection (LeaderElection.java:askForVotes(332)) - s2@group-335064819EA1-LeaderElection3 ELECTION round 1: submit vote requests at term 1 for conf: {index: -1, cur=peers:[s0|localhost:15000, s1|localhost:15004, s2|localhost:15008]|listeners:[], old=null}
2025-03-31 08:08:52,342 [s0@group-335064819EA1-LeaderElection2] TRACE util.FileUtils (LogUtils.java:runAndLog(49)) - Successfully ran Atomic Files.move /home/runner/work/ratis/ratis/ratis-test/target/test/data/b8d225a/MiniRaftClusterWithGrpc698db09b/s0/e0ab71ab-99d2-418b-a0f2-335064819ea1/current/raft-meta.tmp to /home/runner/work/ratis/ratis/ratis-test/target/test/data/b8d225a/MiniRaftClusterWithGrpc698db09b/s0/e0ab71ab-99d2-418b-a0f2-335064819ea1/current/raft-meta with options [REPLACE_EXISTING]
2025-03-31 08:08:52,342 [s0@group-335064819EA1-LeaderElection2] INFO  impl.LeaderElection (LeaderElection.java:askForVotes(332)) - s0@group-335064819EA1-LeaderElection2 ELECTION round 1: submit vote requests at term 1 for conf: {index: -1, cur=peers:[s0|localhost:15000, s1|localhost:15004, s2|localhost:15008]|listeners:[], old=null}
2025-03-31 08:08:52,341 [grpc-default-executor-9] INFO  server.RaftServer$Division (RaftServerImpl.java:requestVote(1475)) - s2@group-335064819EA1: receive requestVote(ELECTION, s1, group-335064819EA1, 1, (t:0, i:0))
2025-03-31 08:08:52,342 [grpc-default-executor-9] INFO  impl.VoteContext (VoteContext.java:log(49)) - s2@group-335064819EA1-CANDIDATE: reject ELECTION from s1: already has voted for s2 at current term 1
2025-03-31 08:08:52,343 [grpc-default-executor-9] INFO  server.RaftServer$Division (RaftServerImpl.java:requestVote(1509)) - s2@group-335064819EA1 replies to ELECTION vote request: s1<-s2#0:FAIL-t1. Peer's state: s2@group-335064819EA1:t1, leader=null, voted=s2, raftlog=Memoized:s2@group-335064819EA1-SegmentedRaftLog:OPENED:c-1:lastnull, conf=conf: {index: -1, cur=peers:[s0|localhost:15000, s1|localhost:15004, s2|localhost:15008]|listeners:[], old=null}
2025-03-31 08:08:52,343 [grpc-default-executor-3] INFO  impl.VoteContext (VoteContext.java:log(49)) - s0@group-335064819EA1-CANDIDATE: reject ELECTION from s1: already has voted for s0 at current term 1
2025-03-31 08:08:52,343 [grpc-default-executor-3] INFO  server.RaftServer$Division (RaftServerImpl.java:requestVote(1509)) - s0@group-335064819EA1 replies to ELECTION vote request: s1<-s0#0:FAIL-t1. Peer's state: s0@group-335064819EA1:t1, leader=null, voted=s0, raftlog=Memoized:s0@group-335064819EA1-SegmentedRaftLog:OPENED:c-1:lastnull, conf=conf: {index: -1, cur=peers:[s0|localhost:15000, s1|localhost:15004, s2|localhost:15008]|listeners:[], old=null}
2025-03-31 08:08:52,345 [s0@group-335064819EA1-LeaderElection2] INFO  server.RaftServerConfigKeys (ConfUtils.java:logFallback(69)) - raft.server.rpc.first-election.timeout.min = 150ms (fallback to raft.server.rpc.timeout.min)
2025-03-31 08:08:52,345 [s0@group-335064819EA1-LeaderElection2] INFO  server.RaftServerConfigKeys (ConfUtils.java:logFallback(69)) - raft.server.rpc.first-election.timeout.max = 300ms (fallback to raft.server.rpc.timeout.max)
2025-03-31 08:08:52,347 [s2@group-335064819EA1-LeaderElection3] INFO  server.RaftServerConfigKeys (ConfUtils.java:logFallback(69)) - raft.server.rpc.first-election.timeout.min = 150ms (fallback to raft.server.rpc.timeout.min)
2025-03-31 08:08:52,347 [s2@group-335064819EA1-LeaderElection3] INFO  server.RaftServerConfigKeys (ConfUtils.java:logFallback(69)) - raft.server.rpc.first-election.timeout.max = 300ms (fallback to raft.server.rpc.timeout.max)
2025-03-31 08:08:52,350 [grpc-default-executor-9] INFO  server.RaftServer$Division (RaftServerImpl.java:requestVote(1475)) - s2@group-335064819EA1: receive requestVote(ELECTION, s0, group-335064819EA1, 1, (t:0, i:0))
2025-03-31 08:08:52,350 [grpc-default-executor-0] INFO  server.RaftServer$Division (RaftServerImpl.java:requestVote(1475)) - s1@group-335064819EA1: receive requestVote(ELECTION, s0, group-335064819EA1, 1, (t:0, i:0))
2025-03-31 08:08:52,350 [grpc-default-executor-0] INFO  impl.VoteContext (VoteContext.java:log(49)) - s1@group-335064819EA1-CANDIDATE: reject ELECTION from s0: already has voted for s1 at current term 1
2025-03-31 08:08:52,351 [grpc-default-executor-0] INFO  server.RaftServer$Division (RaftServerImpl.java:requestVote(1509)) - s1@group-335064819EA1 replies to ELECTION vote request: s0<-s1#0:FAIL-t1. Peer's state: s1@group-335064819EA1:t1, leader=null, voted=s1, raftlog=Memoized:s1@group-335064819EA1-SegmentedRaftLog:OPENED:c-1:lastnull, conf=conf: {index: -1, cur=peers:[s0|localhost:15000, s1|localhost:15004, s2|localhost:15008]|listeners:[], old=null}
2025-03-31 08:08:52,351 [grpc-default-executor-9] INFO  impl.VoteContext (VoteContext.java:log(49)) - s2@group-335064819EA1-CANDIDATE: reject ELECTION from s0: already has voted for s2 at current term 1
2025-03-31 08:08:52,351 [grpc-default-executor-9] INFO  server.RaftServer$Division (RaftServerImpl.java:requestVote(1509)) - s2@group-335064819EA1 replies to ELECTION vote request: s0<-s2#0:FAIL-t1. Peer's state: s2@group-335064819EA1:t1, leader=null, voted=s2, raftlog=Memoized:s2@group-335064819EA1-SegmentedRaftLog:OPENED:c-1:lastnull, conf=conf: {index: -1, cur=peers:[s0|localhost:15000, s1|localhost:15004, s2|localhost:15008]|listeners:[], old=null}
2025-03-31 08:08:52,352 [grpc-default-executor-3] INFO  server.RaftServer$Division (RaftServerImpl.java:requestVote(1475)) - s1@group-335064819EA1: receive requestVote(ELECTION, s2, group-335064819EA1, 1, (t:0, i:0))
2025-03-31 08:08:52,353 [grpc-default-executor-3] INFO  impl.VoteContext (VoteContext.java:log(49)) - s1@group-335064819EA1-CANDIDATE: reject ELECTION from s2: already has voted for s1 at current term 1
2025-03-31 08:08:52,354 [grpc-default-executor-3] INFO  server.RaftServer$Division (RaftServerImpl.java:requestVote(1509)) - s1@group-335064819EA1 replies to ELECTION vote request: s2<-s1#0:FAIL-t1. Peer's state: s1@group-335064819EA1:t1, leader=null, voted=s1, raftlog=Memoized:s1@group-335064819EA1-SegmentedRaftLog:OPENED:c-1:lastnull, conf=conf: {index: -1, cur=peers:[s0|localhost:15000, s1|localhost:15004, s2|localhost:15008]|listeners:[], old=null}
2025-03-31 08:08:52,352 [s1@group-335064819EA1-LeaderElection1] INFO  impl.LeaderElection (LeaderElection.java:logAndReturn(90)) - s1@group-335064819EA1-LeaderElection1: ELECTION REJECTED received 2 response(s) and 0 exception(s):
2025-03-31 08:08:52,354 [s1@group-335064819EA1-LeaderElection1] INFO  impl.LeaderElection (LeaderElection.java:logAndReturn(94)) -   Response 0: s1<-s0#0:FAIL-t1
2025-03-31 08:08:52,354 [s1@group-335064819EA1-LeaderElection1] INFO  impl.LeaderElection (LeaderElection.java:logAndReturn(94)) -   Response 1: s1<-s2#0:FAIL-t1
2025-03-31 08:08:52,354 [s1@group-335064819EA1-LeaderElection1] INFO  impl.LeaderElection (LeaderElection.java:askForVotes(334)) - s1@group-335064819EA1-LeaderElection1 ELECTION round 1: result REJECTED
2025-03-31 08:08:52,354 [s1@group-335064819EA1-LeaderElection1] INFO  server.RaftServer$Division (RaftServerImpl.java:setRole(395)) - s1@group-335064819EA1: changes role from CANDIDATE to FOLLOWER at term 1 for REJECTED
2025-03-31 08:08:52,354 [s1@group-335064819EA1-LeaderElection1] INFO  impl.RoleInfo (RoleInfo.java:shutdownLeaderElection(141)) - s1: shutdown s1@group-335064819EA1-LeaderElection1
2025-03-31 08:08:52,355 [grpc-default-executor-9] INFO  server.RaftServer$Division (RaftServerImpl.java:requestVote(1475)) - s0@group-335064819EA1: receive requestVote(ELECTION, s2, group-335064819EA1, 1, (t:0, i:0))
2025-03-31 08:08:52,355 [grpc-default-executor-9] INFO  impl.VoteContext (VoteContext.java:log(49)) - s0@group-335064819EA1-CANDIDATE: reject ELECTION from s2: already has voted for s0 at current term 1
2025-03-31 08:08:52,355 [grpc-default-executor-9] INFO  server.RaftServer$Division (RaftServerImpl.java:requestVote(1509)) - s0@group-335064819EA1 replies to ELECTION vote request: s2<-s0#0:FAIL-t1. Peer's state: s0@group-335064819EA1:t1, leader=null, voted=s0, raftlog=Memoized:s0@group-335064819EA1-SegmentedRaftLog:OPENED:c-1:lastnull, conf=conf: {index: -1, cur=peers:[s0|localhost:15000, s1|localhost:15004, s2|localhost:15008]|listeners:[], old=null}
2025-03-31 08:08:52,356 [s0@group-335064819EA1-LeaderElection2] INFO  impl.LeaderElection (LeaderElection.java:logAndReturn(90)) - s0@group-335064819EA1-LeaderElection2: ELECTION REJECTED received 2 response(s) and 0 exception(s):
2025-03-31 08:08:52,356 [s0@group-335064819EA1-LeaderElection2] INFO  impl.LeaderElection (LeaderElection.java:logAndReturn(94)) -   Response 0: s0<-s1#0:FAIL-t1
2025-03-31 08:08:52,356 [s0@group-335064819EA1-LeaderElection2] INFO  impl.LeaderElection (LeaderElection.java:logAndReturn(94)) -   Response 1: s0<-s2#0:FAIL-t1
2025-03-31 08:08:52,356 [s0@group-335064819EA1-LeaderElection2] INFO  impl.LeaderElection (LeaderElection.java:askForVotes(334)) - s0@group-335064819EA1-LeaderElection2 ELECTION round 1: result REJECTED
2025-03-31 08:08:52,356 [s0@group-335064819EA1-LeaderElection2] INFO  server.RaftServer$Division (RaftServerImpl.java:setRole(395)) - s0@group-335064819EA1: changes role from CANDIDATE to FOLLOWER at term 1 for REJECTED
2025-03-31 08:08:52,356 [s0@group-335064819EA1-LeaderElection2] INFO  impl.RoleInfo (RoleInfo.java:shutdownLeaderElection(141)) - s0: shutdown s0@group-335064819EA1-LeaderElection2
2025-03-31 08:08:52,356 [s0@group-335064819EA1-LeaderElection2] INFO  impl.RoleInfo (RoleInfo.java:updateAndGet(148)) - s0: start s0@group-335064819EA1-FollowerState
2025-03-31 08:08:52,355 [s1@group-335064819EA1-LeaderElection1] INFO  impl.RoleInfo (RoleInfo.java:updateAndGet(148)) - s1: start s1@group-335064819EA1-FollowerState
2025-03-31 08:08:52,358 [s0@group-335064819EA1-LeaderElection2] INFO  server.RaftServer$Division (RaftServerImpl.java:setFirstElection(579)) - s0@group-335064819EA1: set firstElectionSinceStartup to false for REJECTED
2025-03-31 08:08:52,359 [s1@group-335064819EA1-LeaderElection1] INFO  server.RaftServer$Division (RaftServerImpl.java:setFirstElection(579)) - s1@group-335064819EA1: set firstElectionSinceStartup to false for REJECTED
2025-03-31 08:08:52,361 [s2@group-335064819EA1-LeaderElection3] INFO  impl.LeaderElection (LeaderElection.java:logAndReturn(90)) - s2@group-335064819EA1-LeaderElection3: ELECTION REJECTED received 2 response(s) and 0 exception(s):
2025-03-31 08:08:52,361 [s2@group-335064819EA1-LeaderElection3] INFO  impl.LeaderElection (LeaderElection.java:logAndReturn(94)) -   Response 0: s2<-s0#0:FAIL-t1
2025-03-31 08:08:52,362 [s2@group-335064819EA1-LeaderElection3] INFO  impl.LeaderElection (LeaderElection.java:logAndReturn(94)) -   Response 1: s2<-s1#0:FAIL-t1
2025-03-31 08:08:52,362 [s2@group-335064819EA1-LeaderElection3] INFO  impl.LeaderElection (LeaderElection.java:askForVotes(334)) - s2@group-335064819EA1-LeaderElection3 ELECTION round 1: result REJECTED
2025-03-31 08:08:52,363 [s2@group-335064819EA1-LeaderElection3] INFO  server.RaftServer$Division (RaftServerImpl.java:setRole(395)) - s2@group-335064819EA1: changes role from CANDIDATE to FOLLOWER at term 1 for REJECTED
2025-03-31 08:08:52,364 [s2@group-335064819EA1-LeaderElection3] INFO  impl.RoleInfo (RoleInfo.java:shutdownLeaderElection(141)) - s2: shutdown s2@group-335064819EA1-LeaderElection3
2025-03-31 08:08:52,364 [s2@group-335064819EA1-LeaderElection3] INFO  impl.RoleInfo (RoleInfo.java:updateAndGet(148)) - s2: start s2@group-335064819EA1-FollowerState
2025-03-31 08:08:52,365 [s2@group-335064819EA1-LeaderElection3] INFO  server.RaftServer$Division (RaftServerImpl.java:setFirstElection(579)) - s2@group-335064819EA1: set firstElectionSinceStartup to false for REJECTED
2025-03-31 08:08:52,515 [s1@group-335064819EA1-FollowerState] INFO  impl.FollowerState (FollowerState.java:runImpl(161)) - s1@group-335064819EA1-FollowerState: change to CANDIDATE, lastRpcElapsedTime:159715428ns, electionTimeout:155ms
2025-03-31 08:08:52,515 [s1@group-335064819EA1-FollowerState] INFO  impl.RoleInfo (RoleInfo.java:shutdownFollowerState(121)) - s1: shutdown s1@group-335064819EA1-FollowerState
2025-03-31 08:08:52,515 [s1@group-335064819EA1-FollowerState] INFO  server.RaftServer$Division (RaftServerImpl.java:setRole(395)) - s1@group-335064819EA1: changes role from  FOLLOWER to CANDIDATE at term 1 for changeToCandidate
2025-03-31 08:08:52,516 [s1@group-335064819EA1-FollowerState] INFO  impl.RoleInfo (RoleInfo.java:updateAndGet(148)) - s1: start s1@group-335064819EA1-LeaderElection4
2025-03-31 08:08:52,516 [s1@group-335064819EA1-LeaderElection4] INFO  impl.LeaderElection (LeaderElection.java:askForVotes(332)) - s1@group-335064819EA1-LeaderElection4 PRE_VOTE round 0: submit vote requests at term 1 for conf: {index: -1, cur=peers:[s0|localhost:15000, s1|localhost:15004, s2|localhost:15008]|listeners:[], old=null}
2025-03-31 08:08:52,519 [grpc-default-executor-3] INFO  server.RaftServer$Division (RaftServerImpl.java:requestVote(1475)) - s2@group-335064819EA1: receive requestVote(PRE_VOTE, s1, group-335064819EA1, 1, (t:0, i:0))
2025-03-31 08:08:52,519 [grpc-default-executor-9] INFO  server.RaftServer$Division (RaftServerImpl.java:requestVote(1475)) - s0@group-335064819EA1: receive requestVote(PRE_VOTE, s1, group-335064819EA1, 1, (t:0, i:0))
2025-03-31 08:08:52,519 [grpc-default-executor-9] INFO  impl.VoteContext (VoteContext.java:log(49)) - s0@group-335064819EA1-FOLLOWER: accept PRE_VOTE from s1: our priority 0 <= candidate's priority 0
2025-03-31 08:08:52,519 [grpc-default-executor-3] INFO  impl.VoteContext (VoteContext.java:log(49)) - s2@group-335064819EA1-FOLLOWER: accept PRE_VOTE from s1: our priority 0 <= candidate's priority 0
2025-03-31 08:08:52,521 [grpc-default-executor-9] INFO  server.RaftServer$Division (RaftServerImpl.java:requestVote(1509)) - s0@group-335064819EA1 replies to PRE_VOTE vote request: s1<-s0#0:OK-t1. Peer's state: s0@group-335064819EA1:t1, leader=null, voted=s0, raftlog=Memoized:s0@group-335064819EA1-SegmentedRaftLog:OPENED:c-1:lastnull, conf=conf: {index: -1, cur=peers:[s0|localhost:15000, s1|localhost:15004, s2|localhost:15008]|listeners:[], old=null}
2025-03-31 08:08:52,521 [grpc-default-executor-3] INFO  server.RaftServer$Division (RaftServerImpl.java:requestVote(1509)) - s2@group-335064819EA1 replies to PRE_VOTE vote request: s1<-s2#0:OK-t1. Peer's state: s2@group-335064819EA1:t1, leader=null, voted=s2, raftlog=Memoized:s2@group-335064819EA1-SegmentedRaftLog:OPENED:c-1:lastnull, conf=conf: {index: -1, cur=peers:[s0|localhost:15000, s1|localhost:15004, s2|localhost:15008]|listeners:[], old=null}
2025-03-31 08:08:52,523 [s1@group-335064819EA1-LeaderElection4] INFO  impl.LeaderElection (LeaderElection.java:logAndReturn(90)) - s1@group-335064819EA1-LeaderElection4: PRE_VOTE PASSED received 1 response(s) and 0 exception(s):
2025-03-31 08:08:52,523 [s1@group-335064819EA1-LeaderElection4] INFO  impl.LeaderElection (LeaderElection.java:logAndReturn(94)) -   Response 0: s1<-s0#0:OK-t1
2025-03-31 08:08:52,524 [s1@group-335064819EA1-LeaderElection4] INFO  impl.LeaderElection (LeaderElection.java:askForVotes(334)) - s1@group-335064819EA1-LeaderElection4 PRE_VOTE round 0: result PASSED
2025-03-31 08:08:52,524 [s1@group-335064819EA1-LeaderElection4] TRACE util.FileUtils (LogUtils.java:supplyAndLog(69)) - Successfully supplied FileChannel.open /home/runner/work/ratis/ratis/ratis-test/target/test/data/b8d225a/MiniRaftClusterWithGrpc698db09b/s1/e0ab71ab-99d2-418b-a0f2-335064819ea1/current/raft-meta.tmp with options [CREATE, TRUNCATE_EXISTING, WRITE]: sun.nio.ch.FileChannelImpl@45fab45c
2025-03-31 08:08:52,529 [s1@group-335064819EA1-LeaderElection4] TRACE util.FileUtils (LogUtils.java:runAndLog(49)) - Successfully ran Atomic Files.move /home/runner/work/ratis/ratis/ratis-test/target/test/data/b8d225a/MiniRaftClusterWithGrpc698db09b/s1/e0ab71ab-99d2-418b-a0f2-335064819ea1/current/raft-meta.tmp to /home/runner/work/ratis/ratis/ratis-test/target/test/data/b8d225a/MiniRaftClusterWithGrpc698db09b/s1/e0ab71ab-99d2-418b-a0f2-335064819ea1/current/raft-meta with options [REPLACE_EXISTING]
2025-03-31 08:08:52,530 [s1@group-335064819EA1-LeaderElection4] INFO  impl.LeaderElection (LeaderElection.java:askForVotes(332)) - s1@group-335064819EA1-LeaderElection4 ELECTION round 0: submit vote requests at term 2 for conf: {index: -1, cur=peers:[s0|localhost:15000, s1|localhost:15004, s2|localhost:15008]|listeners:[], old=null}
2025-03-31 08:08:52,534 [grpc-default-executor-9] INFO  server.RaftServer$Division (RaftServerImpl.java:requestVote(1475)) - s0@group-335064819EA1: receive requestVote(ELECTION, s1, group-335064819EA1, 2, (t:0, i:0))
2025-03-31 08:08:52,535 [grpc-default-executor-9] INFO  impl.VoteContext (VoteContext.java:log(49)) - s0@group-335064819EA1-FOLLOWER: accept ELECTION from s1: our priority 0 <= candidate's priority 0
2025-03-31 08:08:52,535 [grpc-default-executor-9] INFO  server.RaftServer$Division (RaftServerImpl.java:setRole(395)) - s0@group-335064819EA1: changes role from  FOLLOWER to FOLLOWER at term 1 for candidate:s1
2025-03-31 08:08:52,536 [grpc-default-executor-9] INFO  impl.RoleInfo (RoleInfo.java:shutdownFollowerState(121)) - s0: shutdown s0@group-335064819EA1-FollowerState
2025-03-31 08:08:52,536 [grpc-default-executor-3] INFO  server.RaftServer$Division (RaftServerImpl.java:requestVote(1475)) - s2@group-335064819EA1: receive requestVote(ELECTION, s1, group-335064819EA1, 2, (t:0, i:0))
2025-03-31 08:08:52,538 [grpc-default-executor-3] INFO  impl.VoteContext (VoteContext.java:log(49)) - s2@group-335064819EA1-FOLLOWER: accept ELECTION from s1: our priority 0 <= candidate's priority 0
2025-03-31 08:08:52,538 [grpc-default-executor-9] INFO  impl.RoleInfo (RoleInfo.java:updateAndGet(148)) - s0: start s0@group-335064819EA1-FollowerState
2025-03-31 08:08:52,538 [s0@group-335064819EA1-FollowerState] INFO  impl.FollowerState (FollowerState.java:runImpl(170)) - s0@group-335064819EA1-FollowerState was interrupted
2025-03-31 08:08:52,538 [grpc-default-executor-9] TRACE util.FileUtils (LogUtils.java:supplyAndLog(69)) - Successfully supplied FileChannel.open /home/runner/work/ratis/ratis/ratis-test/target/test/data/b8d225a/MiniRaftClusterWithGrpc698db09b/s0/e0ab71ab-99d2-418b-a0f2-335064819ea1/current/raft-meta.tmp with options [CREATE, TRUNCATE_EXISTING, WRITE]: sun.nio.ch.FileChannelImpl@2d342616
2025-03-31 08:08:52,540 [grpc-default-executor-3] INFO  server.RaftServer$Division (RaftServerImpl.java:setRole(395)) - s2@group-335064819EA1: changes role from  FOLLOWER to FOLLOWER at term 1 for candidate:s1
2025-03-31 08:08:52,540 [grpc-default-executor-3] INFO  impl.RoleInfo (RoleInfo.java:shutdownFollowerState(121)) - s2: shutdown s2@group-335064819EA1-FollowerState
2025-03-31 08:08:52,540 [grpc-default-executor-3] INFO  impl.RoleInfo (RoleInfo.java:updateAndGet(148)) - s2: start s2@group-335064819EA1-FollowerState
2025-03-31 08:08:52,541 [s2@group-335064819EA1-FollowerState] INFO  impl.FollowerState (FollowerState.java:runImpl(170)) - s2@group-335064819EA1-FollowerState was interrupted
2025-03-31 08:08:52,541 [grpc-default-executor-3] TRACE util.FileUtils (LogUtils.java:supplyAndLog(69)) - Successfully supplied FileChannel.open /home/runner/work/ratis/ratis/ratis-test/target/test/data/b8d225a/MiniRaftClusterWithGrpc698db09b/s2/e0ab71ab-99d2-418b-a0f2-335064819ea1/current/raft-meta.tmp with options [CREATE, TRUNCATE_EXISTING, WRITE]: sun.nio.ch.FileChannelImpl@3644a879
2025-03-31 08:08:52,541 [grpc-default-executor-9] TRACE util.FileUtils (LogUtils.java:runAndLog(49)) - Successfully ran Atomic Files.move /home/runner/work/ratis/ratis/ratis-test/target/test/data/b8d225a/MiniRaftClusterWithGrpc698db09b/s0/e0ab71ab-99d2-418b-a0f2-335064819ea1/current/raft-meta.tmp to /home/runner/work/ratis/ratis/ratis-test/target/test/data/b8d225a/MiniRaftClusterWithGrpc698db09b/s0/e0ab71ab-99d2-418b-a0f2-335064819ea1/current/raft-meta with options [REPLACE_EXISTING]
2025-03-31 08:08:52,543 [grpc-default-executor-9] INFO  server.RaftServer$Division (RaftServerImpl.java:requestVote(1509)) - s0@group-335064819EA1 replies to ELECTION vote request: s1<-s0#0:OK-t2. Peer's state: s0@group-335064819EA1:t2, leader=null, voted=s1, raftlog=Memoized:s0@group-335064819EA1-SegmentedRaftLog:OPENED:c-1:lastnull, conf=conf: {index: -1, cur=peers:[s0|localhost:15000, s1|localhost:15004, s2|localhost:15008]|listeners:[], old=null}
2025-03-31 08:08:52,545 [s1@group-335064819EA1-LeaderElection4] INFO  impl.LeaderElection (LeaderElection.java:logAndReturn(90)) - s1@group-335064819EA1-LeaderElection4: ELECTION PASSED received 1 response(s) and 0 exception(s):
2025-03-31 08:08:52,545 [s1@group-335064819EA1-LeaderElection4] INFO  impl.LeaderElection (LeaderElection.java:logAndReturn(94)) -   Response 0: s1<-s0#0:OK-t2
2025-03-31 08:08:52,546 [grpc-default-executor-3] TRACE util.FileUtils (LogUtils.java:runAndLog(49)) - Successfully ran Atomic Files.move /home/runner/work/ratis/ratis/ratis-test/target/test/data/b8d225a/MiniRaftClusterWithGrpc698db09b/s2/e0ab71ab-99d2-418b-a0f2-335064819ea1/current/raft-meta.tmp to /home/runner/work/ratis/ratis/ratis-test/target/test/data/b8d225a/MiniRaftClusterWithGrpc698db09b/s2/e0ab71ab-99d2-418b-a0f2-335064819ea1/current/raft-meta with options [REPLACE_EXISTING]
2025-03-31 08:08:52,546 [grpc-default-executor-3] INFO  server.RaftServer$Division (RaftServerImpl.java:requestVote(1509)) - s2@group-335064819EA1 replies to ELECTION vote request: s1<-s2#0:OK-t2. Peer's state: s2@group-335064819EA1:t2, leader=null, voted=s1, raftlog=Memoized:s2@group-335064819EA1-SegmentedRaftLog:OPENED:c-1:lastnull, conf=conf: {index: -1, cur=peers:[s0|localhost:15000, s1|localhost:15004, s2|localhost:15008]|listeners:[], old=null}
2025-03-31 08:08:52,547 [s1@group-335064819EA1-LeaderElection4] INFO  impl.LeaderElection (LeaderElection.java:askForVotes(334)) - s1@group-335064819EA1-LeaderElection4 ELECTION round 0: result PASSED
2025-03-31 08:08:52,547 [s1@group-335064819EA1-LeaderElection4] INFO  impl.RoleInfo (RoleInfo.java:shutdownLeaderElection(141)) - s1: shutdown s1@group-335064819EA1-LeaderElection4
2025-03-31 08:08:52,547 [s1@group-335064819EA1-LeaderElection4] INFO  server.RaftServer$Division (RaftServerImpl.java:setRole(395)) - s1@group-335064819EA1: changes role from CANDIDATE to LEADER at term 2 for changeToLeader
2025-03-31 08:08:52,552 [s1@group-335064819EA1-LeaderElection4] INFO  server.RaftServerConfigKeys (ConfUtils.java:logGet(62)) - raft.server.staging.catchup.gap = 1000 (default)
2025-03-31 08:08:52,552 [s1@group-335064819EA1-LeaderElection4] INFO  server.RaftServerConfigKeys (ConfUtils.java:logFallback(69)) - raft.server.staging.timeout = 900ms (fallback to raft.server.rpc.timeout.max)
2025-03-31 08:08:52,556 [s1@group-335064819EA1-LeaderElection4] INFO  server.RaftServerConfigKeys (ConfUtils.java:logGet(62)) - raft.server.write.element-limit = 4096 (default)
2025-03-31 08:08:52,557 [s1@group-335064819EA1-LeaderElection4] INFO  server.RaftServerConfigKeys (ConfUtils.java:logGet(62)) - raft.server.write.byte-limit = 64MB (=67108864) (default)
2025-03-31 08:08:52,560 [s1@group-335064819EA1-LeaderElection4] INFO  server.RaftServerConfigKeys (ConfUtils.java:logGet(62)) - raft.server.watch.timeout = 10s (default)
2025-03-31 08:08:52,560 [s1@group-335064819EA1-LeaderElection4] INFO  server.RaftServerConfigKeys (ConfUtils.java:logGet(62)) - raft.server.watch.timeout.denomination = 1s (default)
2025-03-31 08:08:52,560 [s1@group-335064819EA1-LeaderElection4] INFO  server.RaftServerConfigKeys (ConfUtils.java:logGet(62)) - raft.server.watch.element-limit = 65536 (default)
2025-03-31 08:08:52,565 [s1@group-335064819EA1-LeaderElection4] INFO  server.RaftServerConfigKeys (ConfUtils.java:logGet(62)) - raft.server.read.leader.lease.enabled = true (custom)
2025-03-31 08:08:52,565 [s1@group-335064819EA1-LeaderElection4] INFO  server.RaftServerConfigKeys (ConfUtils.java:logGet(62)) - raft.server.log.log-metadata.enabled = true (default)
2025-03-31 08:08:52,566 [s1@group-335064819EA1-LeaderElection4] INFO  server.RaftServerConfigKeys (ConfUtils.java:logGet(62)) - raft.server.write.follower.gap.ratio.max = -1.0 (default)
2025-03-31 08:08:52,574 [s1@group-335064819EA1-LeaderElection4] INFO  server.RaftServerConfigKeys (ConfUtils.java:logGet(62)) - raft.server.log.appender.snapshot.chunk.size.max = 16MB (=16777216) (default)
2025-03-31 08:08:52,576 [s1@group-335064819EA1-LeaderElection4] INFO  server.RaftServerConfigKeys (ConfUtils.java:logGet(62)) - raft.server.log.appender.wait-time.min = 1ms (default)
2025-03-31 08:08:52,577 [s1@group-335064819EA1-LeaderElection4] INFO  grpc.GrpcConfigKeys (ConfUtils.java:logGet(62)) - raft.grpc.server.leader.outstanding.appends.max = 8 (default)
2025-03-31 08:08:52,578 [s1@group-335064819EA1-LeaderElection4] INFO  grpc.GrpcConfigKeys (ConfUtils.java:logGet(62)) - raft.grpc.server.install_snapshot.request.element-limit = 8 (default)
2025-03-31 08:08:52,578 [s1@group-335064819EA1-LeaderElection4] INFO  grpc.GrpcConfigKeys (ConfUtils.java:logGet(62)) - raft.grpc.server.install_snapshot.request.timeout = 3000ms (default)
2025-03-31 08:08:52,578 [s1@group-335064819EA1-LeaderElection4] INFO  grpc.GrpcConfigKeys (ConfUtils.java:logGet(62)) - raft.grpc.server.log-message.batch.duration = 5s (default)
2025-03-31 08:08:52,583 [s1@group-335064819EA1-LeaderElection4] INFO  impl.RoleInfo (RoleInfo.java:updateAndGet(148)) - s1: start s1@group-335064819EA1-LeaderStateImpl
2025-03-31 08:08:52,583 [s1@group-335064819EA1-LeaderElection4] INFO  server.RaftServer$Division (ServerState.java:setLeader(272)) - s1@group-335064819EA1: change Leader from null to s1 at term 2 for becomeLeader, leader elected after 905ms
2025-03-31 08:08:52,692 [s1@group-335064819EA1-LeaderElection4] INFO  segmented.SegmentedRaftLogWorker (SegmentedRaftLogWorker.java:startLogSegment(445)) - s1@group-335064819EA1-SegmentedRaftLogWorker: Starting segment from index:0
2025-03-31 08:08:52,697 [s1@group-335064819EA1-LeaderElection4] INFO  server.RaftServer$Division (ServerState.java:setRaftConf(386)) - s1@group-335064819EA1: set configuration conf: {index: 0, cur=peers:[s0|localhost:15000, s1|localhost:15004, s2|localhost:15008]|listeners:[], old=null}
2025-03-31 08:08:52,706 [s1@group-335064819EA1-SegmentedRaftLogWorker] INFO  segmented.BufferedWriteChannel (BufferedWriteChannel.java:open(61)) - open log_inprogress_0 at position 0
2025-03-31 08:08:52,720 [s1@group-335064819EA1-SegmentedRaftLogWorker] INFO  segmented.SegmentedRaftLogWorker (SegmentedRaftLogWorker.java:execute(669)) - s1@group-335064819EA1-SegmentedRaftLogWorker: created new log segment /home/runner/work/ratis/ratis/ratis-test/target/test/data/b8d225a/MiniRaftClusterWithGrpc698db09b/s1/e0ab71ab-99d2-418b-a0f2-335064819ea1/current/log_inprogress_0
2025-03-31 08:08:52,728 [s1@group-335064819EA1->s0-GrpcLogAppender-LogAppenderDaemon] INFO  server.RaftServerConfigKeys (ConfUtils.java:logGet(62)) - raft.server.log.appender.buffer.element-limit = 0 (default)
2025-03-31 08:08:52,730 [grpc-default-executor-10] INFO  server.RaftServer$Division (ServerState.java:setLeader(272)) - s0@group-335064819EA1: change Leader from null to s1 at term 2 for appendEntries, leader elected after 1052ms
2025-03-31 08:08:52,731 [grpc-default-executor-0] INFO  server.RaftServer$Division (ServerState.java:setLeader(272)) - s2@group-335064819EA1: change Leader from null to s1 at term 2 for appendEntries, leader elected after 1053ms
2025-03-31 08:08:52,741 [grpc-default-executor-9] DEBUG server.RaftServer$Division (RaftServerImpl.java:logAppendEntries(1581)) - s0@group-335064819EA1: appendEntries* s1->s0#1-t2,previous=(t:0, i:0),leaderCommit=-1,initializing? false,entries: size=1, first=(t:2, i:0), CONFIGURATIONENTRY(current:id:"s0"address:"localhost:15000"dataStreamAddress:"localhost:15003"clientAddress:"localhost:15002"adminAddress:"localhost:15001"startupRole:FOLLOWER, id:"s1"address:"localhost:15004"dataStreamAddress:"localhost:15007"clientAddress:"localhost:15006"adminAddress:"localhost:15005"startupRole:FOLLOWER, id:"s2"address:"localhost:15008"dataStreamAddress:"localhost:15011"clientAddress:"localhost:15010"adminAddress:"localhost:15009"startupRole:FOLLOWER, old:)
2025-03-31 08:08:52,741 [grpc-default-executor-7] DEBUG server.RaftServer$Division (RaftServerImpl.java:logAppendEntries(1581)) - s2@group-335064819EA1: appendEntries* s1->s2#1-t2,previous=(t:0, i:0),leaderCommit=-1,initializing? false,entries: size=1, first=(t:2, i:0), CONFIGURATIONENTRY(current:id:"s0"address:"localhost:15000"dataStreamAddress:"localhost:15003"clientAddress:"localhost:15002"adminAddress:"localhost:15001"startupRole:FOLLOWER, id:"s1"address:"localhost:15004"dataStreamAddress:"localhost:15007"clientAddress:"localhost:15006"adminAddress:"localhost:15005"startupRole:FOLLOWER, id:"s2"address:"localhost:15008"dataStreamAddress:"localhost:15011"clientAddress:"localhost:15010"adminAddress:"localhost:15009"startupRole:FOLLOWER, old:)
2025-03-31 08:08:52,742 [grpc-default-executor-7] INFO  server.RaftServer$Division (ServerState.java:setRaftConf(386)) - s2@group-335064819EA1: set configuration conf: {index: 0, cur=peers:[s0|localhost:15000, s1|localhost:15004, s2|localhost:15008]|listeners:[], old=null}
2025-03-31 08:08:52,745 [grpc-default-executor-9] INFO  server.RaftServer$Division (ServerState.java:setRaftConf(386)) - s0@group-335064819EA1: set configuration conf: {index: 0, cur=peers:[s0|localhost:15000, s1|localhost:15004, s2|localhost:15008]|listeners:[], old=null}
2025-03-31 08:08:52,747 [grpc-default-executor-9] INFO  segmented.SegmentedRaftLogWorker (SegmentedRaftLogWorker.java:startLogSegment(445)) - s0@group-335064819EA1-SegmentedRaftLogWorker: Starting segment from index:0
2025-03-31 08:08:52,747 [grpc-default-executor-7] INFO  segmented.SegmentedRaftLogWorker (SegmentedRaftLogWorker.java:startLogSegment(445)) - s2@group-335064819EA1-SegmentedRaftLogWorker: Starting segment from index:0
2025-03-31 08:08:52,748 [s0@group-335064819EA1-SegmentedRaftLogWorker] INFO  segmented.BufferedWriteChannel (BufferedWriteChannel.java:open(61)) - open log_inprogress_0 at position 0
2025-03-31 08:08:52,749 [s2@group-335064819EA1-SegmentedRaftLogWorker] INFO  segmented.BufferedWriteChannel (BufferedWriteChannel.java:open(61)) - open log_inprogress_0 at position 0
2025-03-31 08:08:52,762 [s0@group-335064819EA1-SegmentedRaftLogWorker] INFO  segmented.SegmentedRaftLogWorker (SegmentedRaftLogWorker.java:execute(669)) - s0@group-335064819EA1-SegmentedRaftLogWorker: created new log segment /home/runner/work/ratis/ratis/ratis-test/target/test/data/b8d225a/MiniRaftClusterWithGrpc698db09b/s0/e0ab71ab-99d2-418b-a0f2-335064819ea1/current/log_inprogress_0
2025-03-31 08:08:52,763 [s2@group-335064819EA1-SegmentedRaftLogWorker] INFO  segmented.SegmentedRaftLogWorker (SegmentedRaftLogWorker.java:execute(669)) - s2@group-335064819EA1-SegmentedRaftLogWorker: created new log segment /home/runner/work/ratis/ratis/ratis-test/target/test/data/b8d225a/MiniRaftClusterWithGrpc698db09b/s2/e0ab71ab-99d2-418b-a0f2-335064819ea1/current/log_inprogress_0
2025-03-31 08:08:52,764 [s2-server-thread1] DEBUG server.RaftServer$Division (RaftServerImpl.java:logAppendEntries(1581)) - s2@group-335064819EA1: appendEntries* reply s1<-s2#1:OK-t2,SUCCESS,nextIndex=1,followerCommit=-1,matchIndex=0
2025-03-31 08:08:52,764 [s0-server-thread1] DEBUG server.RaftServer$Division (RaftServerImpl.java:logAppendEntries(1581)) - s0@group-335064819EA1: appendEntries* reply s1<-s0#1:OK-t2,SUCCESS,nextIndex=1,followerCommit=-1,matchIndex=0
2025-03-31 08:08:52,768 [s1@group-335064819EA1-StateMachineUpdater] TRACE util.FileUtils (LogUtils.java:supplyAndLog(69)) - Successfully supplied FileChannel.open /home/runner/work/ratis/ratis/ratis-test/target/test/data/b8d225a/MiniRaftClusterWithGrpc698db09b/s1/e0ab71ab-99d2-418b-a0f2-335064819ea1/current/raft-meta.conf.tmp with options [CREATE, TRUNCATE_EXISTING, WRITE]: sun.nio.ch.FileChannelImpl@1563e4c5
2025-03-31 08:08:52,772 [s1@group-335064819EA1-StateMachineUpdater] TRACE util.FileUtils (LogUtils.java:runAndLog(49)) - Successfully ran Atomic Files.move /home/runner/work/ratis/ratis/ratis-test/target/test/data/b8d225a/MiniRaftClusterWithGrpc698db09b/s1/e0ab71ab-99d2-418b-a0f2-335064819ea1/current/raft-meta.conf.tmp to /home/runner/work/ratis/ratis/ratis-test/target/test/data/b8d225a/MiniRaftClusterWithGrpc698db09b/s1/e0ab71ab-99d2-418b-a0f2-335064819ea1/current/raft-meta.conf with options [REPLACE_EXISTING]
2025-03-31 08:08:52,772 [s1@group-335064819EA1-StateMachineUpdater] INFO  server.RaftServer$Division (LeaderStateImpl.java:checkStartIndex(314)) - Leader s1@group-335064819EA1-LeaderStateImpl is ready since appliedIndex == startIndex == 0
2025-03-31 08:08:52,777 [main] INFO  ratis.RaftTestUtil (RaftTestUtil.java:waitForLeader(132)) - printing ALL groups
  s0:  RUNNING  FOLLOWER s0@group-335064819EA1:t2, leader=s1, voted=s1, raftlog=Memoized:s0@group-335064819EA1-SegmentedRaftLog:OPENED:c-1:last(t:2, i:0), conf=conf: {index: 0, cur=peers:[s0|localhost:15000, s1|localhost:15004, s2|localhost:15008]|listeners:[], old=null} RUNNING
  s1:  RUNNING    LEADER s1@group-335064819EA1:t2, leader=s1, voted=s1, raftlog=Memoized:s1@group-335064819EA1-SegmentedRaftLog:OPENED:c0:last(t:2, i:0), conf=conf: {index: 0, cur=peers:[s0|localhost:15000, s1|localhost:15004, s2|localhost:15008]|listeners:[], old=null} RUNNING
  s2:  RUNNING  FOLLOWER s2@group-335064819EA1:t2, leader=s1, voted=s1, raftlog=Memoized:s2@group-335064819EA1-SegmentedRaftLog:OPENED:c-1:last(t:2, i:0), conf=conf: {index: 0, cur=peers:[s0|localhost:15000, s1|localhost:15004, s2|localhost:15008]|listeners:[], old=null} RUNNING
2025-03-31 08:08:52,794 [main] DEBUG client.RaftClient (RaftClientImpl.java:get(158)) - client-8B1EB1B92E7C: get 1 returns []
2025-03-31 08:08:52,795 [main] DEBUG client.RaftClient (RaftClientImpl.java:newRequest(95)) - attempt #1, newRequest RaftClientRequest:client-8B1EB1B92E7C->s1@group-335064819EA1, cid=1, seq=null, RW, message
2025-03-31 08:08:52,815 [s1-client-thread1] DEBUG server.RaftServer$Division (RaftServerImpl.java:submitClientRequestAsync(951)) - s1@group-335064819EA1: receive client request(RaftClientRequest:client-8B1EB1B92E7C->s1@group-335064819EA1, cid=1, seq=null, RW, Message:6d657373616765)
2025-03-31 08:08:52,825 [s1-client-thread1] DEBUG server.RaftServer$Division (LeaderStateImpl.java:addPendingRequest(531)) - s1@group-335064819EA1-LeaderStateImpl: addPendingRequest at RaftClientRequest:client-8B1EB1B92E7C->s1@group-335064819EA1, cid=1, seq=null, RW, Message:6d657373616765, entry=(t:2, i:1), STATEMACHINELOGENTRY, WRITE: logData.size=7, stateMachineData.size=0, logEntryProtoSerializedSize=0
2025-03-31 08:08:52,831 [grpc-default-executor-7] DEBUG server.RaftServer$Division (RaftServerImpl.java:logAppendEntries(1581)) - s0@group-335064819EA1: appendEntries* s1->s0#4-t2,previous=(t:2, i:0),leaderCommit=0,initializing? false,entries: size=1, first=(t:2, i:1), STATEMACHINELOGENTRY, StateMachineLogEntryProto:1@client-8B1EB1B92E7C
2025-03-31 08:08:52,832 [grpc-default-executor-9] DEBUG server.RaftServer$Division (RaftServerImpl.java:logAppendEntries(1581)) - s2@group-335064819EA1: appendEntries* s1->s2#4-t2,previous=(t:2, i:0),leaderCommit=0,initializing? false,entries: size=1, first=(t:2, i:1), STATEMACHINELOGENTRY, StateMachineLogEntryProto:1@client-8B1EB1B92E7C
2025-03-31 08:08:52,836 [s2-server-thread1] DEBUG server.RaftServer$Division (RaftServerImpl.java:logAppendEntries(1581)) - s2@group-335064819EA1: appendEntries* reply s1<-s2#4:OK-t2,SUCCESS,nextIndex=2,followerCommit=0,matchIndex=1
2025-03-31 08:08:52,836 [s0-server-thread1] DEBUG server.RaftServer$Division (RaftServerImpl.java:logAppendEntries(1581)) - s0@group-335064819EA1: appendEntries* reply s1<-s0#4:OK-t2,SUCCESS,nextIndex=2,followerCommit=0,matchIndex=1
2025-03-31 08:08:52,836 [s0@group-335064819EA1-StateMachineUpdater] TRACE util.FileUtils (LogUtils.java:supplyAndLog(69)) - Successfully supplied FileChannel.open /home/runner/work/ratis/ratis/ratis-test/target/test/data/b8d225a/MiniRaftClusterWithGrpc698db09b/s0/e0ab71ab-99d2-418b-a0f2-335064819ea1/current/raft-meta.conf.tmp with options [CREATE, TRUNCATE_EXISTING, WRITE]: sun.nio.ch.FileChannelImpl@2b2c4169
2025-03-31 08:08:52,836 [s2@group-335064819EA1-StateMachineUpdater] TRACE util.FileUtils (LogUtils.java:supplyAndLog(69)) - Successfully supplied FileChannel.open /home/runner/work/ratis/ratis/ratis-test/target/test/data/b8d225a/MiniRaftClusterWithGrpc698db09b/s2/e0ab71ab-99d2-418b-a0f2-335064819ea1/current/raft-meta.conf.tmp with options [CREATE, TRUNCATE_EXISTING, WRITE]: sun.nio.ch.FileChannelImpl@6f76ff77
2025-03-31 08:08:52,839 [s0@group-335064819EA1-StateMachineUpdater] TRACE util.FileUtils (LogUtils.java:runAndLog(49)) - Successfully ran Atomic Files.move /home/runner/work/ratis/ratis/ratis-test/target/test/data/b8d225a/MiniRaftClusterWithGrpc698db09b/s0/e0ab71ab-99d2-418b-a0f2-335064819ea1/current/raft-meta.conf.tmp to /home/runner/work/ratis/ratis/ratis-test/target/test/data/b8d225a/MiniRaftClusterWithGrpc698db09b/s0/e0ab71ab-99d2-418b-a0f2-335064819ea1/current/raft-meta.conf with options [REPLACE_EXISTING]
2025-03-31 08:08:52,841 [s2@group-335064819EA1-StateMachineUpdater] TRACE util.FileUtils (LogUtils.java:runAndLog(49)) - Successfully ran Atomic Files.move /home/runner/work/ratis/ratis/ratis-test/target/test/data/b8d225a/MiniRaftClusterWithGrpc698db09b/s2/e0ab71ab-99d2-418b-a0f2-335064819ea1/current/raft-meta.conf.tmp to /home/runner/work/ratis/ratis/ratis-test/target/test/data/b8d225a/MiniRaftClusterWithGrpc698db09b/s2/e0ab71ab-99d2-418b-a0f2-335064819ea1/current/raft-meta.conf with options [REPLACE_EXISTING]
2025-03-31 08:08:52,849 [grpc-default-executor-7] DEBUG server.RaftServer$Division (RaftServerImpl.java:logAppendEntries(1581)) - s2@group-335064819EA1: appendEntries* s1->s2#7-t2,previous=(t:2, i:1),leaderCommit=1,initializing? false,entries: size=1, first=(t:2, i:2), METADATAENTRY(c:1)
2025-03-31 08:08:52,849 [grpc-default-executor-9] DEBUG server.RaftServer$Division (RaftServerImpl.java:logAppendEntries(1581)) - s0@group-335064819EA1: appendEntries* s1->s0#7-t2,previous=(t:2, i:1),leaderCommit=1,initializing? false,entries: size=1, first=(t:2, i:2), METADATAENTRY(c:1)
2025-03-31 08:08:52,852 [s0-server-thread1] DEBUG server.RaftServer$Division (RaftServerImpl.java:logAppendEntries(1581)) - s0@group-335064819EA1: appendEntries* reply s1<-s0#7:OK-t2,SUCCESS,nextIndex=3,followerCommit=1,matchIndex=2
2025-03-31 08:08:52,852 [s2-server-thread1] DEBUG server.RaftServer$Division (RaftServerImpl.java:logAppendEntries(1581)) - s2@group-335064819EA1: appendEntries* reply s1<-s2#7:OK-t2,SUCCESS,nextIndex=3,followerCommit=1,matchIndex=2
2025-03-31 08:08:52,856 [main] DEBUG client.RaftClient (RaftClientImpl.java:add(146)) - client-8B1EB1B92E7C: add replied callId 1
2025-03-31 08:08:52,862 [main] INFO  impl.MiniRaftCluster (MiniRaftCluster.java:addNewPeers(478)) - Add new peers [s3, s4]
2025-03-31 08:08:52,864 [main] INFO  impl.MiniRaftCluster (MiniRaftCluster.java:newRaftServer(396)) - newRaftServer: s3, group-335064819EA1:[s3|localhost:15012, s4|localhost:15016, s0|localhost:15000, s1|localhost:15004, s2|localhost:15008], format? true
2025-03-31 08:08:52,864 [main] TRACE util.FileUtils (FileUtils.java:deleteFully(318)) - deleteFully target/test/data/b8d225a/MiniRaftClusterWithGrpc698db09b/s3
2025-03-31 08:08:52,864 [main] TRACE util.FileUtils (FileUtils.java:deleteFully(331)) - deleteFully: target/test/data/b8d225a/MiniRaftClusterWithGrpc698db09b/s3 does not exist.
2025-03-31 08:08:52,864 [main] INFO  impl.MiniRaftCluster (MiniRaftCluster.java:newRaftServer(401)) - Formatted directory target/test/data/b8d225a/MiniRaftClusterWithGrpc698db09b/s3
2025-03-31 08:08:52,865 [main] INFO  grpc.GrpcConfigKeys (ConfUtils.java:logFallback(69)) - raft.grpc.admin.host = null (fallback to raft.grpc.server.host)
2025-03-31 08:08:52,865 [main] INFO  grpc.GrpcConfigKeys (ConfUtils.java:logGet(62)) - raft.grpc.admin.port = 15013 (custom)
2025-03-31 08:08:52,866 [main] INFO  grpc.GrpcConfigKeys (ConfUtils.java:logFallback(69)) - raft.grpc.client.host = null (fallback to raft.grpc.server.host)
2025-03-31 08:08:52,866 [main] INFO  grpc.GrpcConfigKeys (ConfUtils.java:logGet(62)) - raft.grpc.client.port = 15014 (custom)
2025-03-31 08:08:52,866 [main] INFO  grpc.GrpcConfigKeys (ConfUtils.java:logGet(62)) - raft.grpc.server.port = 15012 (custom)
2025-03-31 08:08:52,868 [main] INFO  server.RaftServerConfigKeys (ConfUtils.java:logGet(62)) - raft.server.storage.dir = [/home/runner/work/ratis/ratis/ratis-test/target/test/data/b8d225a/MiniRaftClusterWithGrpc698db09b/s3] (custom)
2025-03-31 08:08:52,869 [main] INFO  server.RaftServer (RaftServerProxy.java:addNew(106)) - s3: addNew group-335064819EA1:[s3|localhost:15012, s4|localhost:15016, s0|localhost:15000, s1|localhost:15004, s2|localhost:15008] returns group-335064819EA1:java.util.concurrent.CompletableFuture@ca30bc1[Not completed]
2025-03-31 08:08:52,869 [s3-groupManagement] INFO  server.RaftServer$Division (RaftServerImpl.java:<init>(271)) - s3: new RaftServerImpl for group-335064819EA1:[s3|localhost:15012, s4|localhost:15016, s0|localhost:15000, s1|localhost:15004, s2|localhost:15008] with BaseStateMachine:uninitialized
2025-03-31 08:08:52,869 [main] INFO  impl.MiniRaftCluster (MiniRaftCluster.java:newRaftServer(396)) - newRaftServer: s4, group-335064819EA1:[s3|localhost:15012, s4|localhost:15016, s0|localhost:15000, s1|localhost:15004, s2|localhost:15008], format? true
2025-03-31 08:08:52,870 [s3-groupManagement] INFO  server.RaftServer$Division (ServerState.java:<init>(114)) - s3@group-335064819EA1: ConfigurationManager, init=conf: {index: -1, cur=peers:[s3|localhost:15012, s4|localhost:15016, s0|localhost:15000, s1|localhost:15004, s2|localhost:15008]|listeners:[], old=null}, confs=<EMPTY_MAP>
2025-03-31 08:08:52,870 [main] TRACE util.FileUtils (FileUtils.java:deleteFully(318)) - deleteFully target/test/data/b8d225a/MiniRaftClusterWithGrpc698db09b/s4
2025-03-31 08:08:52,870 [main] TRACE util.FileUtils (FileUtils.java:deleteFully(331)) - deleteFully: target/test/data/b8d225a/MiniRaftClusterWithGrpc698db09b/s4 does not exist.
2025-03-31 08:08:52,870 [main] INFO  impl.MiniRaftCluster (MiniRaftCluster.java:newRaftServer(401)) - Formatted directory target/test/data/b8d225a/MiniRaftClusterWithGrpc698db09b/s4
2025-03-31 08:08:52,871 [main] INFO  grpc.GrpcConfigKeys (ConfUtils.java:logFallback(69)) - raft.grpc.admin.host = null (fallback to raft.grpc.server.host)
2025-03-31 08:08:52,871 [main] INFO  grpc.GrpcConfigKeys (ConfUtils.java:logGet(62)) - raft.grpc.admin.port = 15017 (custom)
2025-03-31 08:08:52,871 [main] INFO  grpc.GrpcConfigKeys (ConfUtils.java:logFallback(69)) - raft.grpc.client.host = null (fallback to raft.grpc.server.host)
2025-03-31 08:08:52,871 [main] INFO  grpc.GrpcConfigKeys (ConfUtils.java:logGet(62)) - raft.grpc.client.port = 15018 (custom)
2025-03-31 08:08:52,872 [main] INFO  grpc.GrpcConfigKeys (ConfUtils.java:logGet(62)) - raft.grpc.server.port = 15016 (custom)
2025-03-31 08:08:52,873 [main] INFO  server.RaftServerConfigKeys (ConfUtils.java:logGet(62)) - raft.server.storage.dir = [/home/runner/work/ratis/ratis/ratis-test/target/test/data/b8d225a/MiniRaftClusterWithGrpc698db09b/s4] (custom)
2025-03-31 08:08:52,874 [main] INFO  server.RaftServer (RaftServerProxy.java:addNew(106)) - s4: addNew group-335064819EA1:[s3|localhost:15012, s4|localhost:15016, s0|localhost:15000, s1|localhost:15004, s2|localhost:15008] returns group-335064819EA1:java.util.concurrent.CompletableFuture@416c58f5[Not completed]
2025-03-31 08:08:52,874 [s4-groupManagement] INFO  server.RaftServer$Division (RaftServerImpl.java:<init>(271)) - s4: new RaftServerImpl for group-335064819EA1:[s3|localhost:15012, s4|localhost:15016, s0|localhost:15000, s1|localhost:15004, s2|localhost:15008] with BaseStateMachine:uninitialized
2025-03-31 08:08:52,874 [s4-groupManagement] INFO  server.RaftServer$Division (ServerState.java:<init>(114)) - s4@group-335064819EA1: ConfigurationManager, init=conf: {index: -1, cur=peers:[s3|localhost:15012, s4|localhost:15016, s0|localhost:15000, s1|localhost:15004, s2|localhost:15008]|listeners:[], old=null}, confs=<EMPTY_MAP>
2025-03-31 08:08:52,874 [s3-impl-thread1] INFO  server.RaftServerConfigKeys (ConfUtils.java:logGet(62)) - raft.server.storage.dir = [/home/runner/work/ratis/ratis/ratis-test/target/test/data/b8d225a/MiniRaftClusterWithGrpc698db09b/s3] (custom)
2025-03-31 08:08:52,875 [s3-impl-thread1] INFO  storage.RaftStorageDirectory (RaftStorageDirectoryImpl.java:analyzeStorage(138)) - The storage directory /home/runner/work/ratis/ratis/ratis-test/target/test/data/b8d225a/MiniRaftClusterWithGrpc698db09b/s3/e0ab71ab-99d2-418b-a0f2-335064819ea1 does not exist. Creating ...
2025-03-31 08:08:52,875 [s3-impl-thread1] TRACE util.FileUtils (LogUtils.java:runAndLog(49)) - Successfully ran Files.createDirectories /home/runner/work/ratis/ratis/ratis-test/target/test/data/b8d225a/MiniRaftClusterWithGrpc698db09b/s3/e0ab71ab-99d2-418b-a0f2-335064819ea1
2025-03-31 08:08:52,876 [s3-impl-thread1] INFO  storage.RaftStorageDirectory (RaftStorageDirectoryImpl.java:tryLock(229)) - Lock on /home/runner/work/ratis/ratis/ratis-test/target/test/data/b8d225a/MiniRaftClusterWithGrpc698db09b/s3/e0ab71ab-99d2-418b-a0f2-335064819ea1/in_use.lock acquired by nodename 2506@fv-az1979-757.weyvzlf0ic0udbi5oe1vusek0f.dx.internal.cloudapp.net
2025-03-31 08:08:52,877 [s3-impl-thread1] TRACE util.FileUtils (LogUtils.java:runAndLog(49)) - Successfully ran Files.createDirectories /home/runner/work/ratis/ratis/ratis-test/target/test/data/b8d225a/MiniRaftClusterWithGrpc698db09b/s3/e0ab71ab-99d2-418b-a0f2-335064819ea1/current
2025-03-31 08:08:52,877 [s3-impl-thread1] TRACE util.FileUtils (LogUtils.java:runAndLog(49)) - Successfully ran Files.createDirectories /home/runner/work/ratis/ratis/ratis-test/target/test/data/b8d225a/MiniRaftClusterWithGrpc698db09b/s3/e0ab71ab-99d2-418b-a0f2-335064819ea1/sm
2025-03-31 08:08:52,877 [s3-impl-thread1] TRACE util.FileUtils (LogUtils.java:supplyAndLog(69)) - Successfully supplied FileChannel.open /home/runner/work/ratis/ratis/ratis-test/target/test/data/b8d225a/MiniRaftClusterWithGrpc698db09b/s3/e0ab71ab-99d2-418b-a0f2-335064819ea1/current/raft-meta.tmp with options [CREATE, TRUNCATE_EXISTING, WRITE]: sun.nio.ch.FileChannelImpl@e5d4109
2025-03-31 08:08:52,878 [s3-impl-thread1] TRACE util.FileUtils (LogUtils.java:runAndLog(49)) - Successfully ran Atomic Files.move /home/runner/work/ratis/ratis/ratis-test/target/test/data/b8d225a/MiniRaftClusterWithGrpc698db09b/s3/e0ab71ab-99d2-418b-a0f2-335064819ea1/current/raft-meta.tmp to /home/runner/work/ratis/ratis/ratis-test/target/test/data/b8d225a/MiniRaftClusterWithGrpc698db09b/s3/e0ab71ab-99d2-418b-a0f2-335064819ea1/current/raft-meta with options [REPLACE_EXISTING]
2025-03-31 08:08:52,878 [s3-impl-thread1] INFO  storage.RaftStorage (RaftStorageImpl.java:format(98)) - Storage directory /home/runner/work/ratis/ratis/ratis-test/target/test/data/b8d225a/MiniRaftClusterWithGrpc698db09b/s3/e0ab71ab-99d2-418b-a0f2-335064819ea1 has been successfully formatted.
2025-03-31 08:08:52,879 [s3-impl-thread1] INFO  util.AwaitToRun (AwaitToRun.java:start(81)) - Thread[s3@group-335064819EA1-cacheEviction-AwaitToRun,5,main] started
2025-03-31 08:08:52,880 [s3-impl-thread1] INFO  segmented.SegmentedRaftLogWorker (SegmentedRaftLogWorker.java:<init>(191)) - new s3@group-335064819EA1-SegmentedRaftLogWorker for RaftStorageImpl:Storage Directory /home/runner/work/ratis/ratis/ratis-test/target/test/data/b8d225a/MiniRaftClusterWithGrpc698db09b/s3/e0ab71ab-99d2-418b-a0f2-335064819ea1
2025-03-31 08:08:52,881 [s3-impl-thread1] INFO  segmented.SegmentedRaftLogWorker (SegmentedRaftLogWorker.java:lambda$new$0(142)) - s3@group-335064819EA1-SegmentedRaftLogWorker: flushIndex: setUnconditionally 0 -> -1
2025-03-31 08:08:52,881 [s3-impl-thread1] INFO  segmented.SegmentedRaftLogWorker (SegmentedRaftLogWorker.java:lambda$new$0(142)) - s3@group-335064819EA1-SegmentedRaftLogWorker: safeCacheEvictIndex: setUnconditionally 0 -> -1
2025-03-31 08:08:52,881 [s3-impl-thread1] INFO  server.RaftServer$Division (RaftServerImpl.java:start(408)) - s3@group-335064819EA1: start as a follower, conf=conf: {index: -1, cur=peers:[s3|localhost:15012, s4|localhost:15016, s0|localhost:15000, s1|localhost:15004, s2|localhost:15008]|listeners:[], old=null}
2025-03-31 08:08:52,881 [s3-impl-thread1] INFO  server.RaftServer$Division (RaftServerImpl.java:setRole(395)) - s3@group-335064819EA1: changes role from      null to FOLLOWER at term 0 for startAsFollower
2025-03-31 08:08:52,882 [s3-impl-thread1] INFO  impl.RoleInfo (RoleInfo.java:updateAndGet(148)) - s3: start s3@group-335064819EA1-FollowerState
2025-03-31 08:08:52,882 [s3@group-335064819EA1-FollowerState] INFO  server.RaftServerConfigKeys (ConfUtils.java:logFallback(69)) - raft.server.rpc.first-election.timeout.min = 150ms (fallback to raft.server.rpc.timeout.min)
2025-03-31 08:08:52,882 [s3@group-335064819EA1-FollowerState] INFO  server.RaftServerConfigKeys (ConfUtils.java:logFallback(69)) - raft.server.rpc.first-election.timeout.max = 300ms (fallback to raft.server.rpc.timeout.max)
2025-03-31 08:08:52,882 [s3-impl-thread1] INFO  util.JmxRegister (JmxRegister.java:tryRegister(44)) - Successfully registered JMX Bean with object name Ratis:service=RaftServer,group=group-335064819EA1,id=s3
2025-03-31 08:08:52,883 [s3-impl-thread1] INFO  util.JmxRegister (JmxRegister.java:register(58)) - register mxBean class org.apache.ratis.server.impl.RaftServerJmxAdapter as Ratis:service=RaftServer,group=group-335064819EA1,id=s3
2025-03-31 08:08:52,883 [s3-impl-thread1] INFO  server.RaftServer$Division (RaftServerImpl.java:start(422)) - s3@group-335064819EA1: Successfully started.
2025-03-31 08:08:52,883 [main] INFO  server.RaftServer (RaftServerProxy.java:startImpl(413)) - s3: start RPC server
2025-03-31 08:08:52,884 [main] INFO  server.GrpcServicesImpl (GrpcServicesImpl.java:startImpl(353)) - s3: GrpcServicesImpl started, listening on 15014
2025-03-31 08:08:52,885 [main] INFO  server.GrpcServicesImpl (GrpcServicesImpl.java:startImpl(353)) - s3: GrpcServicesImpl started, listening on 15012
2025-03-31 08:08:52,885 [main] INFO  server.GrpcServicesImpl (GrpcServicesImpl.java:startImpl(353)) - s3: GrpcServicesImpl started, listening on 15013
2025-03-31 08:08:52,886 [JvmPauseMonitor3] INFO  util.JvmPauseMonitor (JvmPauseMonitor.java:run(146)) - JvmPauseMonitor-s3: Started
2025-03-31 08:08:52,886 [s4-impl-thread1] INFO  server.RaftServerConfigKeys (ConfUtils.java:logGet(62)) - raft.server.storage.dir = [/home/runner/work/ratis/ratis/ratis-test/target/test/data/b8d225a/MiniRaftClusterWithGrpc698db09b/s4] (custom)
2025-03-31 08:08:52,886 [s4-impl-thread1] INFO  storage.RaftStorageDirectory (RaftStorageDirectoryImpl.java:analyzeStorage(138)) - The storage directory /home/runner/work/ratis/ratis/ratis-test/target/test/data/b8d225a/MiniRaftClusterWithGrpc698db09b/s4/e0ab71ab-99d2-418b-a0f2-335064819ea1 does not exist. Creating ...
2025-03-31 08:08:52,887 [s4-impl-thread1] TRACE util.FileUtils (LogUtils.java:runAndLog(49)) - Successfully ran Files.createDirectories /home/runner/work/ratis/ratis/ratis-test/target/test/data/b8d225a/MiniRaftClusterWithGrpc698db09b/s4/e0ab71ab-99d2-418b-a0f2-335064819ea1
2025-03-31 08:08:52,889 [s4-impl-thread1] INFO  storage.RaftStorageDirectory (RaftStorageDirectoryImpl.java:tryLock(229)) - Lock on /home/runner/work/ratis/ratis/ratis-test/target/test/data/b8d225a/MiniRaftClusterWithGrpc698db09b/s4/e0ab71ab-99d2-418b-a0f2-335064819ea1/in_use.lock acquired by nodename 2506@fv-az1979-757.weyvzlf0ic0udbi5oe1vusek0f.dx.internal.cloudapp.net
2025-03-31 08:08:52,889 [s4-impl-thread1] TRACE util.FileUtils (LogUtils.java:runAndLog(49)) - Successfully ran Files.createDirectories /home/runner/work/ratis/ratis/ratis-test/target/test/data/b8d225a/MiniRaftClusterWithGrpc698db09b/s4/e0ab71ab-99d2-418b-a0f2-335064819ea1/current
2025-03-31 08:08:52,889 [s4-impl-thread1] TRACE util.FileUtils (LogUtils.java:runAndLog(49)) - Successfully ran Files.createDirectories /home/runner/work/ratis/ratis/ratis-test/target/test/data/b8d225a/MiniRaftClusterWithGrpc698db09b/s4/e0ab71ab-99d2-418b-a0f2-335064819ea1/sm
2025-03-31 08:08:52,889 [s4-impl-thread1] TRACE util.FileUtils (LogUtils.java:supplyAndLog(69)) - Successfully supplied FileChannel.open /home/runner/work/ratis/ratis/ratis-test/target/test/data/b8d225a/MiniRaftClusterWithGrpc698db09b/s4/e0ab71ab-99d2-418b-a0f2-335064819ea1/current/raft-meta.tmp with options [CREATE, TRUNCATE_EXISTING, WRITE]: sun.nio.ch.FileChannelImpl@4ecc966b
2025-03-31 08:08:52,890 [s4-impl-thread1] TRACE util.FileUtils (LogUtils.java:runAndLog(49)) - Successfully ran Atomic Files.move /home/runner/work/ratis/ratis/ratis-test/target/test/data/b8d225a/MiniRaftClusterWithGrpc698db09b/s4/e0ab71ab-99d2-418b-a0f2-335064819ea1/current/raft-meta.tmp to /home/runner/work/ratis/ratis/ratis-test/target/test/data/b8d225a/MiniRaftClusterWithGrpc698db09b/s4/e0ab71ab-99d2-418b-a0f2-335064819ea1/current/raft-meta with options [REPLACE_EXISTING]
2025-03-31 08:08:52,890 [s4-impl-thread1] INFO  storage.RaftStorage (RaftStorageImpl.java:format(98)) - Storage directory /home/runner/work/ratis/ratis/ratis-test/target/test/data/b8d225a/MiniRaftClusterWithGrpc698db09b/s4/e0ab71ab-99d2-418b-a0f2-335064819ea1 has been successfully formatted.
2025-03-31 08:08:52,892 [s4-impl-thread1] INFO  util.AwaitToRun (AwaitToRun.java:start(81)) - Thread[s4@group-335064819EA1-cacheEviction-AwaitToRun,5,main] started
2025-03-31 08:08:52,892 [s4-impl-thread1] INFO  segmented.SegmentedRaftLogWorker (SegmentedRaftLogWorker.java:<init>(191)) - new s4@group-335064819EA1-SegmentedRaftLogWorker for RaftStorageImpl:Storage Directory /home/runner/work/ratis/ratis/ratis-test/target/test/data/b8d225a/MiniRaftClusterWithGrpc698db09b/s4/e0ab71ab-99d2-418b-a0f2-335064819ea1
2025-03-31 08:08:52,894 [s4-impl-thread1] INFO  segmented.SegmentedRaftLogWorker (SegmentedRaftLogWorker.java:lambda$new$0(142)) - s4@group-335064819EA1-SegmentedRaftLogWorker: flushIndex: setUnconditionally 0 -> -1
2025-03-31 08:08:52,894 [s4-impl-thread1] INFO  segmented.SegmentedRaftLogWorker (SegmentedRaftLogWorker.java:lambda$new$0(142)) - s4@group-335064819EA1-SegmentedRaftLogWorker: safeCacheEvictIndex: setUnconditionally 0 -> -1
2025-03-31 08:08:52,894 [s4-impl-thread1] INFO  server.RaftServer$Division (RaftServerImpl.java:start(408)) - s4@group-335064819EA1: start as a follower, conf=conf: {index: -1, cur=peers:[s3|localhost:15012, s4|localhost:15016, s0|localhost:15000, s1|localhost:15004, s2|localhost:15008]|listeners:[], old=null}
2025-03-31 08:08:52,894 [s4-impl-thread1] INFO  server.RaftServer$Division (RaftServerImpl.java:setRole(395)) - s4@group-335064819EA1: changes role from      null to FOLLOWER at term 0 for startAsFollower
2025-03-31 08:08:52,894 [s4-impl-thread1] INFO  impl.RoleInfo (RoleInfo.java:updateAndGet(148)) - s4: start s4@group-335064819EA1-FollowerState
2025-03-31 08:08:52,895 [s4@group-335064819EA1-FollowerState] INFO  server.RaftServerConfigKeys (ConfUtils.java:logFallback(69)) - raft.server.rpc.first-election.timeout.min = 150ms (fallback to raft.server.rpc.timeout.min)
2025-03-31 08:08:52,895 [s4@group-335064819EA1-FollowerState] INFO  server.RaftServerConfigKeys (ConfUtils.java:logFallback(69)) - raft.server.rpc.first-election.timeout.max = 300ms (fallback to raft.server.rpc.timeout.max)
2025-03-31 08:08:52,895 [s4-impl-thread1] INFO  util.JmxRegister (JmxRegister.java:tryRegister(44)) - Successfully registered JMX Bean with object name Ratis:service=RaftServer,group=group-335064819EA1,id=s4
2025-03-31 08:08:52,896 [s4-impl-thread1] INFO  util.JmxRegister (JmxRegister.java:register(58)) - register mxBean class org.apache.ratis.server.impl.RaftServerJmxAdapter as Ratis:service=RaftServer,group=group-335064819EA1,id=s4
2025-03-31 08:08:52,897 [s4-impl-thread1] INFO  server.RaftServer$Division (RaftServerImpl.java:start(422)) - s4@group-335064819EA1: Successfully started.
2025-03-31 08:08:52,897 [main] INFO  server.RaftServer (RaftServerProxy.java:startImpl(413)) - s4: start RPC server
2025-03-31 08:08:52,898 [main] INFO  server.GrpcServicesImpl (GrpcServicesImpl.java:startImpl(353)) - s4: GrpcServicesImpl started, listening on 15018
2025-03-31 08:08:52,898 [main] INFO  server.GrpcServicesImpl (GrpcServicesImpl.java:startImpl(353)) - s4: GrpcServicesImpl started, listening on 15016
2025-03-31 08:08:52,899 [main] INFO  server.GrpcServicesImpl (GrpcServicesImpl.java:startImpl(353)) - s4: GrpcServicesImpl started, listening on 15017
2025-03-31 08:08:52,899 [JvmPauseMonitor4] INFO  util.JvmPauseMonitor (JvmPauseMonitor.java:run(146)) - JvmPauseMonitor-s4: Started
2025-03-31 08:08:52,902 [Thread-85] DEBUG client.RaftClient (RaftClientImpl.java:newRequest(95)) - attempt #1, newRequest SetConfigurationRequest:client-8B1EB1B92E7C->s1@group-335064819EA1, cid=2, seq=null, RW, null, SET_UNCONDITIONALLY, servers:[s3|0.0.0.0:15012, s4|0.0.0.0:15016, s0|localhost:15000, s1|localhost:15004, s2|localhost:15008], listeners:[]
2025-03-31 08:08:52,915 [s1-server-thread1] INFO  server.RaftServer$Division (RaftServerImpl.java:setConfigurationAsync(1364)) - s1@group-335064819EA1: receive setConfiguration SetConfigurationRequest:client-8B1EB1B92E7C->s1@group-335064819EA1, cid=2, seq=null, RW, null, SET_UNCONDITIONALLY, servers:[s3|0.0.0.0:15012, s4|0.0.0.0:15016, s0|localhost:15000, s1|localhost:15004, s2|localhost:15008], listeners:[]
2025-03-31 08:08:52,916 [s1-server-thread1] INFO  server.RaftServer$Division (LeaderStateImpl.java:startSetConfiguration(488)) - s1@group-335064819EA1-LeaderStateImpl: startSetConfiguration SetConfigurationRequest:client-8B1EB1B92E7C->s1@group-335064819EA1, cid=2, seq=null, RW, null, SET_UNCONDITIONALLY, servers:[s3|0.0.0.0:15012, s4|0.0.0.0:15016, s0|localhost:15000, s1|localhost:15004, s2|localhost:15008], listeners:[]
2025-03-31 08:08:52,918 [s1@group-335064819EA1->s3-GrpcLogAppender-LogAppenderDaemon] INFO  leader.FollowerInfo (FollowerInfoImpl.java:setAttemptedToInstallSnapshot(154)) - Follower s1@group-335064819EA1->s3 acknowledged installing snapshot
2025-03-31 08:08:52,918 [s1@group-335064819EA1->s4-GrpcLogAppender-LogAppenderDaemon] INFO  leader.FollowerInfo (FollowerInfoImpl.java:setAttemptedToInstallSnapshot(154)) - Follower s1@group-335064819EA1->s4 acknowledged installing snapshot
2025-03-31 08:08:52,921 [s1@group-335064819EA1->s3-GrpcLogAppender-LogAppenderDaemon] INFO  server.GrpcServerProtocolClient (GrpcServerProtocolClient.java:<init>(65)) - Build channel for s3|0.0.0.0:15012
2025-03-31 08:08:52,922 [s1@group-335064819EA1->s4-GrpcLogAppender-LogAppenderDaemon] INFO  server.GrpcServerProtocolClient (GrpcServerProtocolClient.java:<init>(65)) - Build channel for s4|0.0.0.0:15016
2025-03-31 08:08:52,934 [grpc-default-executor-8] TRACE util.FileUtils (LogUtils.java:supplyAndLog(69)) - Successfully supplied FileChannel.open /home/runner/work/ratis/ratis/ratis-test/target/test/data/b8d225a/MiniRaftClusterWithGrpc698db09b/s4/e0ab71ab-99d2-418b-a0f2-335064819ea1/current/raft-meta.tmp with options [CREATE, TRUNCATE_EXISTING, WRITE]: sun.nio.ch.FileChannelImpl@64d5d4fd
2025-03-31 08:08:52,934 [grpc-default-executor-9] INFO  util.CodeInjectionForTesting (BlockRequestHandlingInjection.java:execute(77)) - s2: Block request from s1
2025-03-31 08:08:52,938 [grpc-default-executor-8] TRACE util.FileUtils (LogUtils.java:runAndLog(49)) - Successfully ran Atomic Files.move /home/runner/work/ratis/ratis/ratis-test/target/test/data/b8d225a/MiniRaftClusterWithGrpc698db09b/s4/e0ab71ab-99d2-418b-a0f2-335064819ea1/current/raft-meta.tmp to /home/runner/work/ratis/ratis/ratis-test/target/test/data/b8d225a/MiniRaftClusterWithGrpc698db09b/s4/e0ab71ab-99d2-418b-a0f2-335064819ea1/current/raft-meta with options [REPLACE_EXISTING]
2025-03-31 08:08:52,938 [grpc-default-executor-8] INFO  server.RaftServer$Division (RaftServerImpl.java:setFirstElection(579)) - s4@group-335064819EA1: set firstElectionSinceStartup to false for appendEntries
2025-03-31 08:08:52,938 [grpc-default-executor-8] INFO  server.RaftServer$Division (ServerState.java:setLeader(272)) - s4@group-335064819EA1: change Leader from null to s1 at term 2 for appendEntries, leader elected after 63ms
2025-03-31 08:08:52,940 [grpc-default-executor-1] INFO  util.CodeInjectionForTesting (BlockRequestHandlingInjection.java:execute(77)) - s0: Block request from s1
2025-03-31 08:08:52,942 [grpc-default-executor-7] DEBUG server.RaftServer$Division (RaftServerImpl.java:logAppendEntries(1581)) - s3@group-335064819EA1: appendEntries* s1->s3#1-t2,previous=(t:0, i:0),leaderCommit=2,initializing? true,entries: size=3, first=(t:2, i:0), CONFIGURATIONENTRY(current:id:"s0"address:"localhost:15000"dataStreamAddress:"localhost:15003"clientAddress:"localhost:15002"adminAddress:"localhost:15001"startupRole:FOLLOWER, id:"s1"address:"localhost:15004"dataStreamAddress:"localhost:15007"clientAddress:"localhost:15006"adminAddress:"localhost:15005"startupRole:FOLLOWER, id:"s2"address:"localhost:15008"dataStreamAddress:"localhost:15011"clientAddress:"localhost:15010"adminAddress:"localhost:15009"startupRole:FOLLOWER, old:)
2025-03-31 08:08:52,942 [grpc-default-executor-3] TRACE util.FileUtils (LogUtils.java:supplyAndLog(69)) - Successfully supplied FileChannel.open /home/runner/work/ratis/ratis/ratis-test/target/test/data/b8d225a/MiniRaftClusterWithGrpc698db09b/s3/e0ab71ab-99d2-418b-a0f2-335064819ea1/current/raft-meta.tmp with options [CREATE, TRUNCATE_EXISTING, WRITE]: sun.nio.ch.FileChannelImpl@2f93a59d
2025-03-31 08:08:52,944 [grpc-default-executor-10] DEBUG server.RaftServer$Division (RaftServerImpl.java:logAppendEntries(1581)) - s4@group-335064819EA1: appendEntries* s1->s4#1-t2,previous=(t:0, i:0),leaderCommit=2,initializing? true,entries: size=3, first=(t:2, i:0), CONFIGURATIONENTRY(current:id:"s0"address:"localhost:15000"dataStreamAddress:"localhost:15003"clientAddress:"localhost:15002"adminAddress:"localhost:15001"startupRole:FOLLOWER, id:"s1"address:"localhost:15004"dataStreamAddress:"localhost:15007"clientAddress:"localhost:15006"adminAddress:"localhost:15005"startupRole:FOLLOWER, id:"s2"address:"localhost:15008"dataStreamAddress:"localhost:15011"clientAddress:"localhost:15010"adminAddress:"localhost:15009"startupRole:FOLLOWER, old:)
2025-03-31 08:08:52,945 [grpc-default-executor-10] INFO  server.RaftServer$Division (ServerState.java:setRaftConf(386)) - s4@group-335064819EA1: set configuration conf: {index: 0, cur=peers:[s0|localhost:15000, s1|localhost:15004, s2|localhost:15008]|listeners:[], old=null}
2025-03-31 08:08:52,945 [grpc-default-executor-10] INFO  segmented.SegmentedRaftLogWorker (SegmentedRaftLogWorker.java:startLogSegment(445)) - s4@group-335064819EA1-SegmentedRaftLogWorker: Starting segment from index:0
2025-03-31 08:08:52,946 [s4@group-335064819EA1-SegmentedRaftLogWorker] INFO  segmented.BufferedWriteChannel (BufferedWriteChannel.java:open(61)) - open log_inprogress_0 at position 0
2025-03-31 08:08:52,950 [grpc-default-executor-3] TRACE util.FileUtils (LogUtils.java:runAndLog(49)) - Successfully ran Atomic Files.move /home/runner/work/ratis/ratis/ratis-test/target/test/data/b8d225a/MiniRaftClusterWithGrpc698db09b/s3/e0ab71ab-99d2-418b-a0f2-335064819ea1/current/raft-meta.tmp to /home/runner/work/ratis/ratis/ratis-test/target/test/data/b8d225a/MiniRaftClusterWithGrpc698db09b/s3/e0ab71ab-99d2-418b-a0f2-335064819ea1/current/raft-meta with options [REPLACE_EXISTING]
2025-03-31 08:08:52,951 [grpc-default-executor-3] INFO  server.RaftServer$Division (RaftServerImpl.java:setFirstElection(579)) - s3@group-335064819EA1: set firstElectionSinceStartup to false for appendEntries
2025-03-31 08:08:52,951 [grpc-default-executor-3] INFO  server.RaftServer$Division (ServerState.java:setLeader(272)) - s3@group-335064819EA1: change Leader from null to s1 at term 2 for appendEntries, leader elected after 80ms
2025-03-31 08:08:52,951 [grpc-default-executor-7] INFO  server.RaftServer$Division (ServerState.java:setRaftConf(386)) - s3@group-335064819EA1: set configuration conf: {index: 0, cur=peers:[s0|localhost:15000, s1|localhost:15004, s2|localhost:15008]|listeners:[], old=null}
2025-03-31 08:08:52,952 [grpc-default-executor-7] INFO  segmented.SegmentedRaftLogWorker (SegmentedRaftLogWorker.java:startLogSegment(445)) - s3@group-335064819EA1-SegmentedRaftLogWorker: Starting segment from index:0
2025-03-31 08:08:52,953 [s3@group-335064819EA1-SegmentedRaftLogWorker] INFO  segmented.BufferedWriteChannel (BufferedWriteChannel.java:open(61)) - open log_inprogress_0 at position 0
2025-03-31 08:08:52,965 [s4@group-335064819EA1-SegmentedRaftLogWorker] INFO  segmented.SegmentedRaftLogWorker (SegmentedRaftLogWorker.java:execute(669)) - s4@group-335064819EA1-SegmentedRaftLogWorker: created new log segment /home/runner/work/ratis/ratis/ratis-test/target/test/data/b8d225a/MiniRaftClusterWithGrpc698db09b/s4/e0ab71ab-99d2-418b-a0f2-335064819ea1/current/log_inprogress_0
2025-03-31 08:08:52,966 [s3@group-335064819EA1-SegmentedRaftLogWorker] INFO  segmented.SegmentedRaftLogWorker (SegmentedRaftLogWorker.java:execute(669)) - s3@group-335064819EA1-SegmentedRaftLogWorker: created new log segment /home/runner/work/ratis/ratis/ratis-test/target/test/data/b8d225a/MiniRaftClusterWithGrpc698db09b/s3/e0ab71ab-99d2-418b-a0f2-335064819ea1/current/log_inprogress_0
2025-03-31 08:08:52,966 [s4-server-thread1] DEBUG server.RaftServer$Division (RaftServerImpl.java:logAppendEntries(1581)) - s4@group-335064819EA1: appendEntries* reply s1<-s4#1:OK-t2,SUCCESS,nextIndex=3,followerCommit=2,matchIndex=2
2025-03-31 08:08:52,967 [s4@group-335064819EA1-StateMachineUpdater] TRACE util.FileUtils (LogUtils.java:supplyAndLog(69)) - Successfully supplied FileChannel.open /home/runner/work/ratis/ratis/ratis-test/target/test/data/b8d225a/MiniRaftClusterWithGrpc698db09b/s4/e0ab71ab-99d2-418b-a0f2-335064819ea1/current/raft-meta.conf.tmp with options [CREATE, TRUNCATE_EXISTING, WRITE]: sun.nio.ch.FileChannelImpl@5be5d1dd
2025-03-31 08:08:52,968 [s3-server-thread1] DEBUG server.RaftServer$Division (RaftServerImpl.java:logAppendEntries(1581)) - s3@group-335064819EA1: appendEntries* reply s1<-s3#1:OK-t2,SUCCESS,nextIndex=3,followerCommit=2,matchIndex=2
2025-03-31 08:08:52,969 [s3@group-335064819EA1-StateMachineUpdater] TRACE util.FileUtils (LogUtils.java:supplyAndLog(69)) - Successfully supplied FileChannel.open /home/runner/work/ratis/ratis/ratis-test/target/test/data/b8d225a/MiniRaftClusterWithGrpc698db09b/s3/e0ab71ab-99d2-418b-a0f2-335064819ea1/current/raft-meta.conf.tmp with options [CREATE, TRUNCATE_EXISTING, WRITE]: sun.nio.ch.FileChannelImpl@6916e708
2025-03-31 08:08:52,971 [s1@group-335064819EA1-LeaderStateImpl] INFO  server.RaftServer$Division (ServerState.java:setRaftConf(386)) - s1@group-335064819EA1: set configuration conf: {index: 3, cur=peers:[s3|0.0.0.0:15012, s4|0.0.0.0:15016, s0|localhost:15000, s1|localhost:15004, s2|localhost:15008]|listeners:[], old=peers:[s0|localhost:15000, s1|localhost:15004, s2|localhost:15008]|listeners:[]}
2025-03-31 08:08:52,971 [s4@group-335064819EA1-StateMachineUpdater] TRACE util.FileUtils (LogUtils.java:runAndLog(49)) - Successfully ran Atomic Files.move /home/runner/work/ratis/ratis/ratis-test/target/test/data/b8d225a/MiniRaftClusterWithGrpc698db09b/s4/e0ab71ab-99d2-418b-a0f2-335064819ea1/current/raft-meta.conf.tmp to /home/runner/work/ratis/ratis/ratis-test/target/test/data/b8d225a/MiniRaftClusterWithGrpc698db09b/s4/e0ab71ab-99d2-418b-a0f2-335064819ea1/current/raft-meta.conf with options [REPLACE_EXISTING]
2025-03-31 08:08:52,972 [s3@group-335064819EA1-StateMachineUpdater] TRACE util.FileUtils (LogUtils.java:runAndLog(49)) - Successfully ran Atomic Files.move /home/runner/work/ratis/ratis/ratis-test/target/test/data/b8d225a/MiniRaftClusterWithGrpc698db09b/s3/e0ab71ab-99d2-418b-a0f2-335064819ea1/current/raft-meta.conf.tmp to /home/runner/work/ratis/ratis/ratis-test/target/test/data/b8d225a/MiniRaftClusterWithGrpc698db09b/s3/e0ab71ab-99d2-418b-a0f2-335064819ea1/current/raft-meta.conf with options [REPLACE_EXISTING]
2025-03-31 08:08:52,976 [grpc-default-executor-7] INFO  util.CodeInjectionForTesting (BlockRequestHandlingInjection.java:execute(77)) - s0: Block request from s1
2025-03-31 08:08:52,977 [grpc-default-executor-10] INFO  util.CodeInjectionForTesting (BlockRequestHandlingInjection.java:execute(77)) - s2: Block request from s1
2025-03-31 08:08:52,978 [grpc-default-executor-8] DEBUG server.RaftServer$Division (RaftServerImpl.java:logAppendEntries(1581)) - s3@group-335064819EA1: appendEntries* s1->s3#4-t2,previous=(t:2, i:2),leaderCommit=2,initializing? false,entries: size=1, first=(t:2, i:3), CONFIGURATIONENTRY(current:id:"s3"address:"0.0.0.0:15012"clientAddress:"0.0.0.0:15014"adminAddress:"0.0.0.0:15013"startupRole:FOLLOWER, id:"s4"address:"0.0.0.0:15016"clientAddress:"0.0.0.0:15018"adminAddress:"0.0.0.0:15017"startupRole:FOLLOWER, id:"s0"address:"localhost:15000"dataStreamAddress:"localhost:15003"clientAddress:"localhost:15002"adminAddress:"localhost:15001"startupRole:FOLLOWER, id:"s1"address:"localhost:15004"dataStreamAddress:"localhost:15007"clientAddress:"localhost:15006"adminAddress:"localhost:15005"startupRole:FOLLOWER, id:"s2"address:"localhost:15008"dataStreamAddress:"localhost:15011"clientAddress:"localhost:15010"adminAddress:"localhost:15009"startupRole:FOLLOWER, old:id:"s0"address:"localhost:15000"dataStreamAddress:"localhost:15003"clientAddress:"localhost:15002"adminAddress:"localhost:15001"startupRole:FOLLOWER, id:"s1"address:"localhost:15004"dataStreamAddress:"localhost:15007"clientAddress:"localhost:15006"adminAddress:"localhost:15005"startupRole:FOLLOWER, id:"s2"address:"localhost:15008"dataStreamAddress:"localhost:15011"clientAddress:"localhost:15010"adminAddress:"localhost:15009"startupRole:FOLLOWER)
2025-03-31 08:08:52,979 [grpc-default-executor-8] INFO  server.RaftServer$Division (ServerState.java:setRaftConf(386)) - s3@group-335064819EA1: set configuration conf: {index: 3, cur=peers:[s3|0.0.0.0:15012, s4|0.0.0.0:15016, s0|localhost:15000, s1|localhost:15004, s2|localhost:15008]|listeners:[], old=peers:[s0|localhost:15000, s1|localhost:15004, s2|localhost:15008]|listeners:[]}
2025-03-31 08:08:52,976 [main] DEBUG client.RaftClient (RaftClientImpl.java:close(465)) - close client-8B1EB1B92E7C
2025-03-31 08:08:52,982 [grpc-default-executor-3] DEBUG server.RaftServer$Division (RaftServerImpl.java:logAppendEntries(1581)) - s4@group-335064819EA1: appendEntries* s1->s4#3-t2,previous=(t:2, i:2),leaderCommit=2,initializing? false,entries: size=1, first=(t:2, i:3), CONFIGURATIONENTRY(current:id:"s3"address:"0.0.0.0:15012"clientAddress:"0.0.0.0:15014"adminAddress:"0.0.0.0:15013"startupRole:FOLLOWER, id:"s4"address:"0.0.0.0:15016"clientAddress:"0.0.0.0:15018"adminAddress:"0.0.0.0:15017"startupRole:FOLLOWER, id:"s0"address:"localhost:15000"dataStreamAddress:"localhost:15003"clientAddress:"localhost:15002"adminAddress:"localhost:15001"startupRole:FOLLOWER, id:"s1"address:"localhost:15004"dataStreamAddress:"localhost:15007"clientAddress:"localhost:15006"adminAddress:"localhost:15005"startupRole:FOLLOWER, id:"s2"address:"localhost:15008"dataStreamAddress:"localhost:15011"clientAddress:"localhost:15010"adminAddress:"localhost:15009"startupRole:FOLLOWER, old:id:"s0"address:"localhost:15000"dataStreamAddress:"localhost:15003"clientAddress:"localhost:15002"adminAddress:"localhost:15001"startupRole:FOLLOWER, id:"s1"address:"localhost:15004"dataStreamAddress:"localhost:15007"clientAddress:"localhost:15006"adminAddress:"localhost:15005"startupRole:FOLLOWER, id:"s2"address:"localhost:15008"dataStreamAddress:"localhost:15011"clientAddress:"localhost:15010"adminAddress:"localhost:15009"startupRole:FOLLOWER)
2025-03-31 08:08:52,986 [grpc-default-executor-3] INFO  server.RaftServer$Division (ServerState.java:setRaftConf(386)) - s4@group-335064819EA1: set configuration conf: {index: 3, cur=peers:[s3|0.0.0.0:15012, s4|0.0.0.0:15016, s0|localhost:15000, s1|localhost:15004, s2|localhost:15008]|listeners:[], old=peers:[s0|localhost:15000, s1|localhost:15004, s2|localhost:15008]|listeners:[]}
2025-03-31 08:08:52,984 [s3-server-thread1] DEBUG server.RaftServer$Division (RaftServerImpl.java:logAppendEntries(1581)) - s3@group-335064819EA1: appendEntries* reply s1<-s3#4:OK-t2,SUCCESS,nextIndex=4,followerCommit=2,matchIndex=3
2025-03-31 08:08:52,989 [s4-server-thread1] DEBUG server.RaftServer$Division (RaftServerImpl.java:logAppendEntries(1581)) - s4@group-335064819EA1: appendEntries* reply s1<-s4#3:OK-t2,SUCCESS,nextIndex=4,followerCommit=2,matchIndex=3
2025-03-31 08:08:53,262 [s2@group-335064819EA1-FollowerState] INFO  impl.FollowerState (FollowerState.java:runImpl(161)) - s2@group-335064819EA1-FollowerState: change to CANDIDATE, lastRpcElapsedTime:410422364ns, electionTimeout:291ms
2025-03-31 08:08:53,262 [s2@group-335064819EA1-FollowerState] INFO  impl.RoleInfo (RoleInfo.java:shutdownFollowerState(121)) - s2: shutdown s2@group-335064819EA1-FollowerState
2025-03-31 08:08:53,262 [s2@group-335064819EA1-FollowerState] INFO  server.RaftServer$Division (RaftServerImpl.java:setRole(395)) - s2@group-335064819EA1: changes role from  FOLLOWER to CANDIDATE at term 2 for changeToCandidate
2025-03-31 08:08:53,262 [s2@group-335064819EA1-FollowerState] INFO  impl.RoleInfo (RoleInfo.java:updateAndGet(148)) - s2: start s2@group-335064819EA1-LeaderElection5
2025-03-31 08:08:53,263 [s2@group-335064819EA1-LeaderElection5] INFO  server.RaftServer$Division (ServerState.java:setLeader(272)) - s2@group-335064819EA1: change Leader from s1 to null at term 2 for PRE_VOTE
2025-03-31 08:08:53,263 [s2@group-335064819EA1-LeaderElection5] INFO  impl.LeaderElection (LeaderElection.java:askForVotes(332)) - s2@group-335064819EA1-LeaderElection5 PRE_VOTE round 0: submit vote requests at term 2 for conf: {index: 0, cur=peers:[s0|localhost:15000, s1|localhost:15004, s2|localhost:15008]|listeners:[], old=null}
2025-03-31 08:08:53,265 [grpc-default-executor-8] INFO  util.CodeInjectionForTesting (BlockRequestHandlingInjection.java:execute(77)) - s0: Block request from s2
2025-03-31 08:08:53,265 [grpc-default-executor-3] INFO  server.RaftServer$Division (RaftServerImpl.java:requestVote(1475)) - s1@group-335064819EA1: receive requestVote(PRE_VOTE, s2, group-335064819EA1, 2, (t:2, i:2))
2025-03-31 08:08:53,267 [grpc-default-executor-3] WARN  server.RaftServer$Division (LeaderStateImpl.java:checkLeadership(1119)) - s1@group-335064819EA1-LeaderStateImpl: Lost leadership on term: 2. Election timeout: 300ms. In charge for: 719ms. Conf: conf: {index: 3, cur=peers:[s3|0.0.0.0:15012, s4|0.0.0.0:15016, s0|localhost:15000, s1|localhost:15004, s2|localhost:15008]|listeners:[], old=peers:[s0|localhost:15000, s1|localhost:15004, s2|localhost:15008]|listeners:[]}
2025-03-31 08:08:53,267 [grpc-default-executor-3] WARN  server.RaftServer$Division (LeaderStateImpl.java:lambda$checkLeadership$20(1123)) - Follower s1@group-335064819EA1->s0(c1,m2,n4, caughtUp=true, lastRpcSendTime=28, lastRpcResponseTime=413)
2025-03-31 08:08:53,267 [grpc-default-executor-3] WARN  server.RaftServer$Division (LeaderStateImpl.java:lambda$checkLeadership$20(1123)) - Follower s1@group-335064819EA1->s2(c1,m2,n4, caughtUp=true, lastRpcSendTime=27, lastRpcResponseTime=413)
2025-03-31 08:08:53,268 [grpc-default-executor-3] WARN  server.RaftServer$Division (LeaderStateImpl.java:lambda$checkLeadership$20(1123)) - Follower s1@group-335064819EA1->s3(c2,m3,n4, caughtUp=true, lastRpcSendTime=41, lastRpcResponseTime=39)
2025-03-31 08:08:53,268 [grpc-default-executor-3] WARN  server.RaftServer$Division (LeaderStateImpl.java:lambda$checkLeadership$20(1123)) - Follower s1@group-335064819EA1->s4(c2,m3,n4, caughtUp=true, lastRpcSendTime=41, lastRpcResponseTime=39)
2025-03-31 08:08:53,268 [grpc-default-executor-3] INFO  server.RaftServer$Division (RaftServerImpl.java:setRole(395)) - s1@group-335064819EA1: changes role from    LEADER to FOLLOWER at term 2 for StepDownReason:LOST_MAJORITY_HEARTBEATS
2025-03-31 08:08:53,268 [grpc-default-executor-3] INFO  impl.RoleInfo (RoleInfo.java:shutdownLeaderState(103)) - s1: shutdown s1@group-335064819EA1-LeaderStateImpl
2025-03-31 08:08:53,270 [s1@group-335064819EA1->s4-GrpcLogAppender-LogAppenderDaemon] WARN  server.GrpcLogAppender (GrpcLogAppender.java:mayWait(300)) - s1@group-335064819EA1->s4-GrpcLogAppender: Wait interrupted by java.lang.InterruptedException
2025-03-31 08:08:53,270 [grpc-default-executor-3] INFO  impl.PendingRequests (PendingRequests.java:sendNotLeaderResponses(287)) - s1@group-335064819EA1-PendingRequests: sendNotLeaderResponses
2025-03-31 08:08:53,271 [s1@group-335064819EA1->s2-GrpcLogAppender-LogAppenderDaemon] WARN  server.GrpcLogAppender (GrpcLogAppender.java:mayWait(300)) - s1@group-335064819EA1->s2-GrpcLogAppender: Wait interrupted by java.lang.InterruptedException
2025-03-31 08:08:53,271 [s1@group-335064819EA1->s3-GrpcLogAppender-LogAppenderDaemon] WARN  server.GrpcLogAppender (GrpcLogAppender.java:mayWait(300)) - s1@group-335064819EA1->s3-GrpcLogAppender: Wait interrupted by java.lang.InterruptedException
2025-03-31 08:08:53,271 [s1@group-335064819EA1->s0-GrpcLogAppender-LogAppenderDaemon] WARN  server.GrpcLogAppender (GrpcLogAppender.java:mayWait(300)) - s1@group-335064819EA1->s0-GrpcLogAppender: Wait interrupted by java.lang.InterruptedException
2025-03-31 08:08:53,277 [grpc-default-executor-3] INFO  server.RaftServer$Division (ServerState.java:setLeader(272)) - s1@group-335064819EA1: change Leader from s1 to null at term 2 for StepDownReason:LOST_MAJORITY_HEARTBEATS
2025-03-31 08:08:53,277 [main] INFO  impl.MiniRaftCluster (MiniRaftCluster.java:shutdown(847)) - ************************************************************** 
2025-03-31 08:08:53,277 [main] INFO  impl.MiniRaftCluster (MiniRaftCluster.java:shutdown(848)) - *** 
2025-03-31 08:08:53,278 [main] INFO  impl.MiniRaftCluster (MiniRaftCluster.java:shutdown(849)) - ***     Stopping MiniRaftClusterWithGrpc
2025-03-31 08:08:53,278 [main] INFO  impl.MiniRaftCluster (MiniRaftCluster.java:shutdown(850)) - *** 
2025-03-31 08:08:53,278 [main] INFO  impl.MiniRaftCluster (MiniRaftCluster.java:shutdown(851)) - ************************************************************** 
2025-03-31 08:08:53,277 [Thread-85] DEBUG client.RaftClient (RaftClientImpl.java:handleIOException(418)) - client-8B1EB1B92E7C: suggested new leader: null. Failed SetConfigurationRequest:client-8B1EB1B92E7C->s1@group-335064819EA1, cid=2, seq=null, RW, null, SET_UNCONDITIONALLY, servers:[s3|0.0.0.0:15012, s4|0.0.0.0:15016, s0|localhost:15000, s1|localhost:15004, s2|localhost:15008], listeners:[]
org.apache.ratis.protocol.exceptions.NotLeaderException: Server s1@group-335064819EA1 is not the leader
	at org.apache.ratis.client.impl.ClientProtoUtils.toRaftClientReply(ClientProtoUtils.java:402)
	at org.apache.ratis.grpc.client.GrpcClientRpc.sendRequest(GrpcClientRpc.java:102)
	at org.apache.ratis.client.impl.BlockingImpl.sendRequest(BlockingImpl.java:147)
	at org.apache.ratis.client.impl.BlockingImpl.sendRequestWithRetry(BlockingImpl.java:109)
	at org.apache.ratis.client.impl.AdminImpl.setConfiguration(AdminImpl.java:46)
	at org.apache.ratis.client.api.AdminApi.setConfiguration(AdminApi.java:51)
	at org.apache.ratis.client.api.AdminApi.setConfiguration(AdminApi.java:45)
	at org.apache.ratis.server.impl.LeaderElectionTests.lambda$runTestLeaderLeaseDuringReconfiguration$13(LeaderElectionTests.java:762)
	at java.lang.Thread.run(Thread.java:750)
2025-03-31 08:08:53,279 [main] INFO  impl.MiniRaftCluster (MiniRaftCluster.java:shutdown(852)) - printing ALL groups
  s3:  RUNNING  FOLLOWER s3@group-335064819EA1:t2, leader=s1, voted=null, raftlog=Memoized:s3@group-335064819EA1-SegmentedRaftLog:OPENED:c2:last(t:2, i:3), conf=conf: {index: 3, cur=peers:[s3|0.0.0.0:15012, s4|0.0.0.0:15016, s0|localhost:15000, s1|localhost:15004, s2|localhost:15008]|listeners:[], old=peers:[s0|localhost:15000, s1|localhost:15004, s2|localhost:15008]|listeners:[]} RUNNING
  s4:  RUNNING  FOLLOWER s4@group-335064819EA1:t2, leader=s1, voted=null, raftlog=Memoized:s4@group-335064819EA1-SegmentedRaftLog:OPENED:c2:last(t:2, i:3), conf=conf: {index: 3, cur=peers:[s3|0.0.0.0:15012, s4|0.0.0.0:15016, s0|localhost:15000, s1|localhost:15004, s2|localhost:15008]|listeners:[], old=peers:[s0|localhost:15000, s1|localhost:15004, s2|localhost:15008]|listeners:[]} RUNNING
  s0:  RUNNING  FOLLOWER s0@group-335064819EA1:t2, leader=s1, voted=s1, raftlog=Memoized:s0@group-335064819EA1-SegmentedRaftLog:OPENED:c1:last(t:2, i:2), conf=conf: {index: 0, cur=peers:[s0|localhost:15000, s1|localhost:15004, s2|localhost:15008]|listeners:[], old=null} RUNNING
  s1:  RUNNING  FOLLOWER s1@group-335064819EA1:t2, leader=null, voted=s1, raftlog=Memoized:s1@group-335064819EA1-SegmentedRaftLog:OPENED:c2:last(t:2, i:3), conf=conf: {index: 3, cur=peers:[s3|0.0.0.0:15012, s4|0.0.0.0:15016, s0|localhost:15000, s1|localhost:15004, s2|localhost:15008]|listeners:[], old=peers:[s0|localhost:15000, s1|localhost:15004, s2|localhost:15008]|listeners:[]} RUNNING
  s2:  RUNNING CANDIDATE s2@group-335064819EA1:t2, leader=null, voted=s1, raftlog=Memoized:s2@group-335064819EA1-SegmentedRaftLog:OPENED:c1:last(t:2, i:2), conf=conf: {index: 0, cur=peers:[s0|localhost:15000, s1|localhost:15004, s2|localhost:15008]|listeners:[], old=null} RUNNING
2025-03-31 08:08:53,281 [Thread-85] DEBUG client.RaftClient (RaftClientImpl.java:handleIOException(436)) - client-8B1EB1B92E7C: oldLeader=s1,  curLeader=s1, newLeader=s3
2025-03-31 08:08:53,281 [Thread-85] DEBUG client.RaftClient (RaftClientImpl.java:handleIOException(442)) - client-8B1EB1B92E7C changes Leader from s1 to s3 for group-335064819EA1
org.apache.ratis.protocol.exceptions.NotLeaderException: Server s1@group-335064819EA1 is not the leader
	at org.apache.ratis.client.impl.ClientProtoUtils.toRaftClientReply(ClientProtoUtils.java:402)
	at org.apache.ratis.grpc.client.GrpcClientRpc.sendRequest(GrpcClientRpc.java:102)
	at org.apache.ratis.client.impl.BlockingImpl.sendRequest(BlockingImpl.java:147)
	at org.apache.ratis.client.impl.BlockingImpl.sendRequestWithRetry(BlockingImpl.java:109)
	at org.apache.ratis.client.impl.AdminImpl.setConfiguration(AdminImpl.java:46)
	at org.apache.ratis.client.api.AdminApi.setConfiguration(AdminApi.java:51)
	at org.apache.ratis.client.api.AdminApi.setConfiguration(AdminApi.java:45)
	at org.apache.ratis.server.impl.LeaderElectionTests.lambda$runTestLeaderLeaseDuringReconfiguration$13(LeaderElectionTests.java:762)
	at java.lang.Thread.run(Thread.java:750)
as expected: org.apache.ratis.client.impl.BlockingImpl@5eae5321 is closed.
2025-03-31 08:08:53,277 [grpc-default-executor-10] INFO  util.CodeInjectionForTesting (BlockRequestHandlingInjection.java:execute(84)) - s2: unBlock request from s1
2025-03-31 08:08:53,282 [MiniRaftCluster-2] INFO  server.RaftServer (RaftServerProxy.java:lambda$close$9(423)) - s4: close
2025-03-31 08:08:53,283 [grpc-default-executor-10] DEBUG server.RaftServer$Division (RaftServerImpl.java:logAppendEntries(1581)) - s2@group-335064819EA1: appendEntries* s1->s2#12-t2,previous=(t:2, i:2),leaderCommit=2,initializing? false,entries: size=1, first=(t:2, i:3), CONFIGURATIONENTRY(current:id:"s3"address:"0.0.0.0:15012"clientAddress:"0.0.0.0:15014"adminAddress:"0.0.0.0:15013"startupRole:FOLLOWER, id:"s4"address:"0.0.0.0:15016"clientAddress:"0.0.0.0:15018"adminAddress:"0.0.0.0:15017"startupRole:FOLLOWER, id:"s0"address:"localhost:15000"dataStreamAddress:"localhost:15003"clientAddress:"localhost:15002"adminAddress:"localhost:15001"startupRole:FOLLOWER, id:"s1"address:"localhost:15004"dataStreamAddress:"localhost:15007"clientAddress:"localhost:15006"adminAddress:"localhost:15005"startupRole:FOLLOWER, id:"s2"address:"localhost:15008"dataStreamAddress:"localhost:15011"clientAddress:"localhost:15010"adminAddress:"localhost:15009"startupRole:FOLLOWER, old:id:"s0"address:"localhost:15000"dataStreamAddress:"localhost:15003"clientAddress:"localhost:15002"adminAddress:"localhost:15001"startupRole:FOLLOWER, id:"s1"address:"localhost:15004"dataStreamAddress:"localhost:15007"clientAddress:"localhost:15006"adminAddress:"localhost:15005"startupRole:FOLLOWER, id:"s2"address:"localhost:15008"dataStreamAddress:"localhost:15011"clientAddress:"localhost:15010"adminAddress:"localhost:15009"startupRole:FOLLOWER)
2025-03-31 08:08:53,283 [grpc-default-executor-10] INFO  server.RaftServer$Division (RaftServerImpl.java:setRole(395)) - s2@group-335064819EA1: changes role from CANDIDATE to FOLLOWER at term 2 for appendEntries
2025-03-31 08:08:53,283 [grpc-default-executor-10] INFO  impl.RoleInfo (RoleInfo.java:shutdownLeaderElection(141)) - s2: shutdown s2@group-335064819EA1-LeaderElection5
2025-03-31 08:08:53,277 [grpc-default-executor-3] INFO  impl.RoleInfo (RoleInfo.java:updateAndGet(148)) - s1: start s1@group-335064819EA1-FollowerState
2025-03-31 08:08:53,283 [MiniRaftCluster-4] INFO  server.RaftServer (RaftServerProxy.java:lambda$close$9(423)) - s1: close
2025-03-31 08:08:53,283 [MiniRaftCluster-3] INFO  server.RaftServer (RaftServerProxy.java:lambda$close$9(423)) - s0: close
2025-03-31 08:08:53,282 [MiniRaftCluster-1] INFO  server.RaftServer (RaftServerProxy.java:lambda$close$9(423)) - s3: close
2025-03-31 08:08:53,284 [grpc-default-executor-10] INFO  impl.RoleInfo (RoleInfo.java:updateAndGet(148)) - s2: start s2@group-335064819EA1-FollowerState
2025-03-31 08:08:53,284 [MiniRaftCluster-5] INFO  server.RaftServer (RaftServerProxy.java:lambda$close$9(423)) - s2: close
2025-03-31 08:08:53,285 [MiniRaftCluster-4] INFO  server.GrpcServicesImpl (GrpcServicesImpl.java:closeImpl(362)) - s1: shutdown server org.apache.ratis.grpc.server.GrpcClientProtocolService now
2025-03-31 08:08:53,285 [grpc-default-executor-3] INFO  impl.VoteContext (VoteContext.java:log(49)) - s1@group-335064819EA1-FOLLOWER: reject PRE_VOTE from s2: our last entry (t:2, i:3) > candidate's last entry (t:2, i:2)
2025-03-31 08:08:53,286 [grpc-default-executor-3] INFO  server.RaftServer$Division (RaftServerImpl.java:requestVote(1509)) - s1@group-335064819EA1 replies to PRE_VOTE vote request: s2<-s1#0:FAIL-t2. Peer's state: s1@group-335064819EA1:t2, leader=null, voted=s1, raftlog=Memoized:s1@group-335064819EA1-SegmentedRaftLog:OPENED:c2:last(t:2, i:3), conf=conf: {index: 3, cur=peers:[s3|0.0.0.0:15012, s4|0.0.0.0:15016, s0|localhost:15000, s1|localhost:15004, s2|localhost:15008]|listeners:[], old=peers:[s0|localhost:15000, s1|localhost:15004, s2|localhost:15008]|listeners:[]}
2025-03-31 08:08:53,287 [s1-impl-thread1] INFO  server.RaftServer$Division (RaftServerImpl.java:lambda$close$1(530)) - s1@group-335064819EA1: shutdown
2025-03-31 08:08:53,288 [s1-impl-thread1] INFO  util.JmxRegister (JmxRegister.java:unregister(74)) - Successfully un-registered JMX Bean with object name Ratis:service=RaftServer,group=group-335064819EA1,id=s1
2025-03-31 08:08:53,288 [s1-impl-thread1] INFO  impl.RoleInfo (RoleInfo.java:shutdownFollowerState(121)) - s1: shutdown s1@group-335064819EA1-FollowerState
2025-03-31 08:08:53,288 [grpc-default-executor-10] INFO  server.RaftServer$Division (ServerState.java:setLeader(272)) - s2@group-335064819EA1: change Leader from null to s1 at term 2 for appendEntries, leader elected after 25ms
2025-03-31 08:08:53,289 [grpc-default-executor-10] INFO  server.RaftServer$Division (ServerState.java:setRaftConf(386)) - s2@group-335064819EA1: set configuration conf: {index: 3, cur=peers:[s3|0.0.0.0:15012, s4|0.0.0.0:15016, s0|localhost:15000, s1|localhost:15004, s2|localhost:15008]|listeners:[], old=peers:[s0|localhost:15000, s1|localhost:15004, s2|localhost:15008]|listeners:[]}
2025-03-31 08:08:53,289 [MiniRaftCluster-3] INFO  server.GrpcServicesImpl (GrpcServicesImpl.java:closeImpl(362)) - s0: shutdown server org.apache.ratis.grpc.server.GrpcClientProtocolService now
2025-03-31 08:08:53,290 [s1@group-335064819EA1-StateMachineUpdater] INFO  impl.StateMachineUpdater (StateMachineUpdater.java:stop(139)) - s1@group-335064819EA1-StateMachineUpdater: closing BaseStateMachine, lastApplied=(t:2, i:2)
2025-03-31 08:08:53,290 [s1-impl-thread1] INFO  impl.StateMachineUpdater (StateMachineUpdater.java:stopAndJoin(162)) - s1@group-335064819EA1-StateMachineUpdater: set stopIndex = 2
2025-03-31 08:08:53,289 [s1@group-335064819EA1-FollowerState] INFO  impl.FollowerState (FollowerState.java:runImpl(170)) - s1@group-335064819EA1-FollowerState was interrupted
2025-03-31 08:08:53,290 [s0-impl-thread1] INFO  server.RaftServer$Division (RaftServerImpl.java:lambda$close$1(530)) - s0@group-335064819EA1: shutdown
2025-03-31 08:08:53,291 [s0-impl-thread1] INFO  util.JmxRegister (JmxRegister.java:unregister(74)) - Successfully un-registered JMX Bean with object name Ratis:service=RaftServer,group=group-335064819EA1,id=s0
2025-03-31 08:08:53,292 [s0-impl-thread1] INFO  impl.RoleInfo (RoleInfo.java:shutdownFollowerState(121)) - s0: shutdown s0@group-335064819EA1-FollowerState
2025-03-31 08:08:53,291 [s1-impl-thread1] INFO  raftlog.RaftLog (SegmentedRaftLog.java:close(569)) - Start closing s1@group-335064819EA1-SegmentedRaftLog:OPENED:c2:last(t:2, i:3)
2025-03-31 08:08:53,292 [s0@group-335064819EA1-FollowerState] INFO  impl.FollowerState (FollowerState.java:shouldRun(122)) - s0@group-335064819EA1-FollowerState: Stopping now (isRunning? false, role = FOLLOWER)
2025-03-31 08:08:53,293 [MiniRaftCluster-2] INFO  server.GrpcServicesImpl (GrpcServicesImpl.java:closeImpl(362)) - s4: shutdown server org.apache.ratis.grpc.server.GrpcClientProtocolService now
2025-03-31 08:08:53,293 [MiniRaftCluster-5] INFO  server.GrpcServicesImpl (GrpcServicesImpl.java:closeImpl(362)) - s2: shutdown server org.apache.ratis.grpc.server.GrpcClientProtocolService now
2025-03-31 08:08:53,295 [s3-impl-thread1] INFO  server.RaftServer$Division (RaftServerImpl.java:lambda$close$1(530)) - s3@group-335064819EA1: shutdown
2025-03-31 08:08:53,295 [s3-impl-thread1] INFO  util.JmxRegister (JmxRegister.java:unregister(74)) - Successfully un-registered JMX Bean with object name Ratis:service=RaftServer,group=group-335064819EA1,id=s3
2025-03-31 08:08:53,295 [s3-impl-thread1] INFO  impl.RoleInfo (RoleInfo.java:shutdownFollowerState(121)) - s3: shutdown s3@group-335064819EA1-FollowerState
2025-03-31 08:08:53,294 [MiniRaftCluster-1] INFO  server.GrpcServicesImpl (GrpcServicesImpl.java:closeImpl(362)) - s3: shutdown server org.apache.ratis.grpc.server.GrpcClientProtocolService now
2025-03-31 08:08:53,293 [s0@group-335064819EA1-StateMachineUpdater] INFO  impl.StateMachineUpdater (StateMachineUpdater.java:stop(139)) - s0@group-335064819EA1-StateMachineUpdater: closing BaseStateMachine, lastApplied=(t:2, i:1)
2025-03-31 08:08:53,293 [s1@group-335064819EA1-cacheEviction-AwaitToRun] INFO  util.AwaitToRun (AwaitToRun.java:run(49)) - s1@group-335064819EA1-cacheEviction-AwaitToRun-AwaitForSignal is interrupted
2025-03-31 08:08:53,293 [s0-impl-thread1] INFO  impl.StateMachineUpdater (StateMachineUpdater.java:stopAndJoin(162)) - s0@group-335064819EA1-StateMachineUpdater: set stopIndex = 1
2025-03-31 08:08:53,298 [s1-impl-thread1] INFO  segmented.LogSegment (LogSegment.java:close(350)) - Successfully closed EntryCache-log_inprogress_0
2025-03-31 08:08:53,299 [MiniRaftCluster-2] INFO  server.GrpcServicesImpl (GrpcServicesImpl.java:closeImpl(371)) - s4: shutdown server org.apache.ratis.grpc.server.GrpcClientProtocolService successfully
2025-03-31 08:08:53,299 [MiniRaftCluster-2] INFO  server.GrpcServicesImpl (GrpcServicesImpl.java:closeImpl(362)) - s4: shutdown server GrpcServerProtocolService now
2025-03-31 08:08:53,299 [Thread-116] INFO  server.GrpcServerProtocolClient (GrpcServerProtocolClient.java:close(105)) - s0 Close channels
2025-03-31 08:08:53,300 [Thread-109] INFO  server.GrpcServerProtocolClient (GrpcServerProtocolClient.java:close(105)) - s4 Close channels
2025-03-31 08:08:53,293 [s2-impl-thread1] INFO  server.RaftServer$Division (RaftServerImpl.java:lambda$close$1(530)) - s2@group-335064819EA1: shutdown
2025-03-31 08:08:53,301 [s2-impl-thread1] INFO  util.JmxRegister (JmxRegister.java:unregister(74)) - Successfully un-registered JMX Bean with object name Ratis:service=RaftServer,group=group-335064819EA1,id=s2
2025-03-31 08:08:53,301 [s2-impl-thread1] INFO  impl.RoleInfo (RoleInfo.java:shutdownFollowerState(121)) - s2: shutdown s2@group-335064819EA1-FollowerState
2025-03-31 08:08:53,301 [s0-impl-thread1] INFO  raftlog.RaftLog (SegmentedRaftLog.java:close(569)) - Start closing s0@group-335064819EA1-SegmentedRaftLog:OPENED:c1:last(t:2, i:2)
2025-03-31 08:08:53,301 [Thread-118] INFO  server.GrpcServerProtocolClient (GrpcServerProtocolClient.java:close(105)) - s2 Close channels
2025-03-31 08:08:53,302 [s0@group-335064819EA1-cacheEviction-AwaitToRun] INFO  util.AwaitToRun (AwaitToRun.java:run(49)) - s0@group-335064819EA1-cacheEviction-AwaitToRun-AwaitForSignal is interrupted
2025-03-31 08:08:53,293 [s4-impl-thread1] INFO  server.RaftServer$Division (RaftServerImpl.java:lambda$close$1(530)) - s4@group-335064819EA1: shutdown
2025-03-31 08:08:53,302 [s0-impl-thread1] INFO  segmented.LogSegment (LogSegment.java:close(350)) - Successfully closed EntryCache-log_inprogress_0
2025-03-31 08:08:53,301 [s2@group-335064819EA1-FollowerState] INFO  impl.FollowerState (FollowerState.java:runImpl(170)) - s2@group-335064819EA1-FollowerState was interrupted
2025-03-31 08:08:53,301 [s2-impl-thread1] INFO  impl.StateMachineUpdater (StateMachineUpdater.java:stopAndJoin(162)) - s2@group-335064819EA1-StateMachineUpdater: set stopIndex = 1
2025-03-31 08:08:53,297 [s2@group-335064819EA1-LeaderElection5] INFO  impl.LeaderElection (LeaderElection.java:logAndReturn(90)) - s2@group-335064819EA1-LeaderElection5: PRE_VOTE REJECTED received 1 response(s) and 0 exception(s):
2025-03-31 08:08:53,302 [s2@group-335064819EA1-LeaderElection5] INFO  impl.LeaderElection (LeaderElection.java:logAndReturn(94)) -   Response 0: s2<-s1#0:FAIL-t2
2025-03-31 08:08:53,295 [Thread-106] INFO  server.GrpcServerProtocolClient (GrpcServerProtocolClient.java:close(105)) - s3 Close channels
2025-03-31 08:08:53,303 [s2@group-335064819EA1-StateMachineUpdater] INFO  impl.StateMachineUpdater (StateMachineUpdater.java:stop(139)) - s2@group-335064819EA1-StateMachineUpdater: closing BaseStateMachine, lastApplied=(t:2, i:1)
2025-03-31 08:08:53,303 [s2-impl-thread1] INFO  raftlog.RaftLog (SegmentedRaftLog.java:close(569)) - Start closing s2@group-335064819EA1-SegmentedRaftLog:OPENED:c1:last(t:2, i:2)
2025-03-31 08:08:53,302 [s4-impl-thread1] INFO  util.JmxRegister (JmxRegister.java:unregister(74)) - Successfully un-registered JMX Bean with object name Ratis:service=RaftServer,group=group-335064819EA1,id=s4
2025-03-31 08:08:53,303 [s4-impl-thread1] INFO  impl.RoleInfo (RoleInfo.java:shutdownFollowerState(121)) - s4: shutdown s4@group-335064819EA1-FollowerState
2025-03-31 08:08:53,306 [MiniRaftCluster-2] INFO  server.GrpcServicesImpl (GrpcServicesImpl.java:closeImpl(371)) - s4: shutdown server GrpcServerProtocolService successfully
2025-03-31 08:08:53,306 [MiniRaftCluster-2] INFO  server.GrpcServicesImpl (GrpcServicesImpl.java:closeImpl(362)) - s4: shutdown server org.apache.ratis.grpc.server.GrpcAdminProtocolService now
2025-03-31 08:08:53,307 [MiniRaftCluster-2] INFO  server.GrpcServicesImpl (GrpcServicesImpl.java:closeImpl(371)) - s4: shutdown server org.apache.ratis.grpc.server.GrpcAdminProtocolService successfully
2025-03-31 08:08:53,308 [Thread-119] INFO  server.GrpcServerProtocolClient (GrpcServerProtocolClient.java:close(105)) - s1 Close channels
2025-03-31 08:08:53,308 [Thread-120] INFO  server.GrpcServerProtocolClient (GrpcServerProtocolClient.java:close(105)) - s2 Close channels
2025-03-31 08:08:53,309 [grpc-default-executor-0] WARN  server.GrpcServerProtocolService (LogUtils.java:warn(127)) - s4: APPEND_ENTRIES onError, lastRequest: null: org.apache.ratis.thirdparty.io.grpc.StatusRuntimeException: CANCELLED: client cancelled
2025-03-31 08:08:53,309 [grpc-default-executor-2] WARN  server.GrpcServerProtocolService (LogUtils.java:warn(127)) - s4: APPEND_ENTRIES onError, lastRequest: s1->s4#3-t2,previous=(t:2, i:2),leaderCommit=2,initializing? false,entries: size=1, first=(t:2, i:3), CONFIGURATIONENTRY(current:id:"s3"address:"0.0.0.0:15012"clientAddress:"0.0.0.0:15014"adminAddress:"0.0.0.0:15013"startupRole:FOLLOWER, id:"s4"address:"0.0.0.0:15016"clientAddress:"0.0.0.0:15018"adminAddress:"0.0.0.0:15017"startupRole:FOLLOWER, id:"s0"address:"localhost:15000"dataStreamAddress:"localhost:15003"clientAddress:"localhost:15002"adminAddress:"localhost:15001"startupRole:FOLLOWER, id:"s1"address:"localhost:15004"dataStreamAddress:"localhost:15007"clientAddress:"localhost:15006"adminAddress:"localhost:15005"startupRole:FOLLOWER, id:"s2"address:"localhost:15008"dataStreamAddress:"localhost:15011"clientAddress:"localhost:15010"adminAddress:"localhost:15009"startupRole:FOLLOWER, old:id:"s0"address:"localhost:15000"dataStreamAddress:"localhost:15003"clientAddress:"localhost:15002"adminAddress:"localhost:15001"startupRole:FOLLOWER, id:"s1"address:"localhost:15004"dataStreamAddress:"localhost:15007"clientAddress:"localhost:15006"adminAddress:"localhost:15005"startupRole:FOLLOWER, id:"s2"address:"localhost:15008"dataStreamAddress:"localhost:15011"clientAddress:"localhost:15010"adminAddress:"localhost:15009"startupRole:FOLLOWER): org.apache.ratis.thirdparty.io.grpc.StatusRuntimeException: CANCELLED: client cancelled
2025-03-31 08:08:53,313 [Thread-124] INFO  server.GrpcServerProtocolClient (GrpcServerProtocolClient.java:close(105)) - s0 Close channels
2025-03-31 08:08:53,313 [grpc-default-executor-0] INFO  server.GrpcLogAppender (GrpcLogAppender.java:onError(563)) - s1@group-335064819EA1->s4-GrpcLogAppender is already stopped
2025-03-31 08:08:53,313 [Thread-125] INFO  server.GrpcServerProtocolClient (GrpcServerProtocolClient.java:close(105)) - s1 Close channels
2025-03-31 08:08:53,314 [s3@group-335064819EA1-StateMachineUpdater] INFO  impl.StateMachineUpdater (StateMachineUpdater.java:stop(139)) - s3@group-335064819EA1-StateMachineUpdater: closing BaseStateMachine, lastApplied=(t:2, i:2)
2025-03-31 08:08:53,314 [s3@group-335064819EA1-FollowerState] INFO  impl.FollowerState (FollowerState.java:runImpl(170)) - s3@group-335064819EA1-FollowerState was interrupted
2025-03-31 08:08:53,314 [grpc-default-executor-0] INFO  server.GrpcLogAppender (GrpcLogAppender.java:onError(563)) - s1@group-335064819EA1->s4-GrpcLogAppender is already stopped
2025-03-31 08:08:53,314 [s3-impl-thread1] INFO  impl.StateMachineUpdater (StateMachineUpdater.java:stopAndJoin(162)) - s3@group-335064819EA1-StateMachineUpdater: set stopIndex = 2
2025-03-31 08:08:53,315 [s3-impl-thread1] INFO  raftlog.RaftLog (SegmentedRaftLog.java:close(569)) - Start closing s3@group-335064819EA1-SegmentedRaftLog:OPENED:c2:last(t:2, i:3)
2025-03-31 08:08:53,317 [s4-impl-thread1] INFO  impl.StateMachineUpdater (StateMachineUpdater.java:stopAndJoin(162)) - s4@group-335064819EA1-StateMachineUpdater: set stopIndex = 2
2025-03-31 08:08:53,317 [s4@group-335064819EA1-FollowerState] INFO  impl.FollowerState (FollowerState.java:runImpl(170)) - s4@group-335064819EA1-FollowerState was interrupted
2025-03-31 08:08:53,317 [s2@group-335064819EA1-cacheEviction-AwaitToRun] INFO  util.AwaitToRun (AwaitToRun.java:run(49)) - s2@group-335064819EA1-cacheEviction-AwaitToRun-AwaitForSignal is interrupted
2025-03-31 08:08:53,319 [s2-impl-thread1] INFO  segmented.LogSegment (LogSegment.java:close(350)) - Successfully closed EntryCache-log_inprogress_0
2025-03-31 08:08:53,317 [s4@group-335064819EA1-StateMachineUpdater] INFO  impl.StateMachineUpdater (StateMachineUpdater.java:stop(139)) - s4@group-335064819EA1-StateMachineUpdater: closing BaseStateMachine, lastApplied=(t:2, i:2)
2025-03-31 08:08:53,320 [s4-impl-thread1] INFO  raftlog.RaftLog (SegmentedRaftLog.java:close(569)) - Start closing s4@group-335064819EA1-SegmentedRaftLog:OPENED:c2:last(t:2, i:3)
2025-03-31 08:08:53,320 [MiniRaftCluster-1] INFO  server.GrpcServicesImpl (GrpcServicesImpl.java:closeImpl(371)) - s3: shutdown server org.apache.ratis.grpc.server.GrpcClientProtocolService successfully
2025-03-31 08:08:53,320 [MiniRaftCluster-1] INFO  server.GrpcServicesImpl (GrpcServicesImpl.java:closeImpl(362)) - s3: shutdown server GrpcServerProtocolService now
2025-03-31 08:08:53,320 [s2@group-335064819EA1-LeaderElection5] INFO  impl.LeaderElection (LeaderElection.java:askForVotes(334)) - s2@group-335064819EA1-LeaderElection5 PRE_VOTE round 0: result REJECTED
2025-03-31 08:08:53,321 [s4@group-335064819EA1-cacheEviction-AwaitToRun] INFO  util.AwaitToRun (AwaitToRun.java:run(49)) - s4@group-335064819EA1-cacheEviction-AwaitToRun-AwaitForSignal is interrupted
2025-03-31 08:08:53,321 [s4-impl-thread1] INFO  segmented.LogSegment (LogSegment.java:close(350)) - Successfully closed EntryCache-log_inprogress_0
2025-03-31 08:08:53,322 [grpc-default-executor-4] WARN  server.GrpcServerProtocolService (LogUtils.java:warn(127)) - s3: APPEND_ENTRIES onError, lastRequest: null: org.apache.ratis.thirdparty.io.grpc.StatusRuntimeException: CANCELLED: client cancelled
2025-03-31 08:08:53,322 [MiniRaftCluster-5] INFO  server.GrpcServicesImpl (GrpcServicesImpl.java:closeImpl(371)) - s2: shutdown server org.apache.ratis.grpc.server.GrpcClientProtocolService successfully
2025-03-31 08:08:53,322 [MiniRaftCluster-5] INFO  server.GrpcServicesImpl (GrpcServicesImpl.java:closeImpl(362)) - s2: shutdown server GrpcServerProtocolService now
2025-03-31 08:08:53,324 [grpc-default-executor-0] WARN  server.GrpcServerProtocolService (LogUtils.java:warn(127)) - s3: APPEND_ENTRIES onError, lastRequest: s1->s3#4-t2,previous=(t:2, i:2),leaderCommit=2,initializing? false,entries: size=1, first=(t:2, i:3), CONFIGURATIONENTRY(current:id:"s3"address:"0.0.0.0:15012"clientAddress:"0.0.0.0:15014"adminAddress:"0.0.0.0:15013"startupRole:FOLLOWER, id:"s4"address:"0.0.0.0:15016"clientAddress:"0.0.0.0:15018"adminAddress:"0.0.0.0:15017"startupRole:FOLLOWER, id:"s0"address:"localhost:15000"dataStreamAddress:"localhost:15003"clientAddress:"localhost:15002"adminAddress:"localhost:15001"startupRole:FOLLOWER, id:"s1"address:"localhost:15004"dataStreamAddress:"localhost:15007"clientAddress:"localhost:15006"adminAddress:"localhost:15005"startupRole:FOLLOWER, id:"s2"address:"localhost:15008"dataStreamAddress:"localhost:15011"clientAddress:"localhost:15010"adminAddress:"localhost:15009"startupRole:FOLLOWER, old:id:"s0"address:"localhost:15000"dataStreamAddress:"localhost:15003"clientAddress:"localhost:15002"adminAddress:"localhost:15001"startupRole:FOLLOWER, id:"s1"address:"localhost:15004"dataStreamAddress:"localhost:15007"clientAddress:"localhost:15006"adminAddress:"localhost:15005"startupRole:FOLLOWER, id:"s2"address:"localhost:15008"dataStreamAddress:"localhost:15011"clientAddress:"localhost:15010"adminAddress:"localhost:15009"startupRole:FOLLOWER): org.apache.ratis.thirdparty.io.grpc.StatusRuntimeException: CANCELLED: client cancelled
2025-03-31 08:08:53,325 [MiniRaftCluster-1] INFO  server.GrpcServicesImpl (GrpcServicesImpl.java:closeImpl(371)) - s3: shutdown server GrpcServerProtocolService successfully
2025-03-31 08:08:53,325 [MiniRaftCluster-1] INFO  server.GrpcServicesImpl (GrpcServicesImpl.java:closeImpl(362)) - s3: shutdown server org.apache.ratis.grpc.server.GrpcAdminProtocolService now
2025-03-31 08:08:53,325 [MiniRaftCluster-3] INFO  server.GrpcServicesImpl (GrpcServicesImpl.java:closeImpl(371)) - s0: shutdown server org.apache.ratis.grpc.server.GrpcClientProtocolService successfully
2025-03-31 08:08:53,325 [MiniRaftCluster-3] INFO  server.GrpcServicesImpl (GrpcServicesImpl.java:closeImpl(362)) - s0: shutdown server GrpcServerProtocolService now
2025-03-31 08:08:53,326 [MiniRaftCluster-1] INFO  server.GrpcServicesImpl (GrpcServicesImpl.java:closeImpl(371)) - s3: shutdown server org.apache.ratis.grpc.server.GrpcAdminProtocolService successfully
2025-03-31 08:08:53,326 [MiniRaftCluster-5] INFO  server.GrpcServicesImpl (GrpcServicesImpl.java:closeImpl(371)) - s2: shutdown server GrpcServerProtocolService successfully
2025-03-31 08:08:53,326 [MiniRaftCluster-5] INFO  server.GrpcServicesImpl (GrpcServicesImpl.java:closeImpl(362)) - s2: shutdown server org.apache.ratis.grpc.server.GrpcAdminProtocolService now
2025-03-31 08:08:53,326 [grpc-default-executor-2] INFO  server.GrpcLogAppender (GrpcLogAppender.java:onError(563)) - s1@group-335064819EA1->s3-GrpcLogAppender is already stopped
2025-03-31 08:08:53,326 [s2-server-thread1] WARN  server.GrpcServerProtocolService (LogUtils.java:warn(129)) - s2: Failed APPEND_ENTRIES request cid=12, isHeartbeat? false
java.util.concurrent.CompletionException: java.lang.IllegalStateException: s2@group-335064819EA1-SegmentedRaftLog is expected to be opened but it is CLOSED
	at java.util.concurrent.CompletableFuture.encodeThrowable(CompletableFuture.java:273)
	at java.util.concurrent.CompletableFuture.uniComposeStage(CompletableFuture.java:1005)
	at java.util.concurrent.CompletableFuture.thenCompose(CompletableFuture.java:2137)
	at org.apache.ratis.server.impl.RaftServerImpl.lambda$appendLog$41(RaftServerImpl.java:1701)
	at java.util.concurrent.atomic.AtomicReference.updateAndGet(AtomicReference.java:179)
	at org.apache.ratis.server.impl.RaftServerImpl.appendLog(RaftServerImpl.java:1701)
	at org.apache.ratis.server.impl.RaftServerImpl.appendEntriesAsync(RaftServerImpl.java:1661)
	at org.apache.ratis.server.impl.RaftServerImpl.appendEntriesAsync(RaftServerImpl.java:1548)
	at org.apache.ratis.server.impl.RaftServerProxy.lambda$null$28(RaftServerProxy.java:662)
	at org.apache.ratis.util.JavaUtils.callAsUnchecked(JavaUtils.java:118)
	at org.apache.ratis.server.impl.RaftServerProxy.lambda$appendEntriesAsync$29(RaftServerProxy.java:661)
	at java.util.concurrent.CompletableFuture.uniComposeStage(CompletableFuture.java:995)
	at java.util.concurrent.CompletableFuture.thenCompose(CompletableFuture.java:2137)
	at org.apache.ratis.server.impl.RaftServerProxy.appendEntriesAsync(RaftServerProxy.java:661)
	at org.apache.ratis.grpc.server.GrpcServerProtocolService$1.process(GrpcServerProtocolService.java:323)
	at org.apache.ratis.grpc.server.GrpcServerProtocolService$ServerRequestStreamObserver.onNext(GrpcServerProtocolService.java:187)
	at org.apache.ratis.thirdparty.io.grpc.stub.ServerCalls$StreamingServerCallHandler$StreamingServerCallListener.onMessage(ServerCalls.java:262)
	at org.apache.ratis.thirdparty.io.grpc.internal.ServerCallImpl$ServerStreamListenerImpl.messagesAvailableInternal(ServerCallImpl.java:334)
	at org.apache.ratis.thirdparty.io.grpc.internal.ServerCallImpl$ServerStreamListenerImpl.messagesAvailable(ServerCallImpl.java:319)
	at org.apache.ratis.thirdparty.io.grpc.internal.ServerImpl$JumpToApplicationThreadServerStreamListener$1MessagesAvailable.runInContext(ServerImpl.java:834)
	at org.apache.ratis.thirdparty.io.grpc.internal.ContextRunnable.run(ContextRunnable.java:37)
	at org.apache.ratis.thirdparty.io.grpc.internal.SerializingExecutor.run(SerializingExecutor.java:133)
	at java.util.concurrent.ThreadPoolExecutor.runWorker(ThreadPoolExecutor.java:1149)
	at java.util.concurrent.ThreadPoolExecutor$Worker.run(ThreadPoolExecutor.java:624)
	at java.lang.Thread.run(Thread.java:750)
Caused by: java.lang.IllegalStateException: s2@group-335064819EA1-SegmentedRaftLog is expected to be opened but it is CLOSED
	at org.apache.ratis.util.OpenCloseState.assertOpen(OpenCloseState.java:63)
	at org.apache.ratis.server.raftlog.RaftLogBase.checkLogState(RaftLogBase.java:115)
	at org.apache.ratis.server.raftlog.segmented.SegmentedRaftLog.appendImpl(SegmentedRaftLog.java:494)
	at org.apache.ratis.server.raftlog.RaftLogBase.lambda$append$11(RaftLogBase.java:366)
	at org.apache.ratis.server.raftlog.RaftLogSequentialOps$Runner.runSequentially(RaftLogSequentialOps.java:71)
	at org.apache.ratis.server.raftlog.RaftLogBase.append(RaftLogBase.java:366)
	at org.apache.ratis.server.impl.RaftServerImpl.lambda$null$40(RaftServerImpl.java:1702)
	at java.util.concurrent.CompletableFuture.uniComposeStage(CompletableFuture.java:995)
	... 23 more
Caused by: org.apache.ratis.util.OpenCloseState$CloseTrace: Close s2@group-335064819EA1-SegmentedRaftLog
	at org.apache.ratis.util.OpenCloseState.lambda$close$1(OpenCloseState.java:109)
	at java.util.concurrent.atomic.AtomicReference.getAndUpdate(AtomicReference.java:160)
	at org.apache.ratis.util.OpenCloseState.close(OpenCloseState.java:109)
	at org.apache.ratis.server.raftlog.RaftLogBase.close(RaftLogBase.java:407)
	at org.apache.ratis.server.raftlog.segmented.SegmentedRaftLog.close(SegmentedRaftLog.java:570)
	at org.apache.ratis.server.impl.ServerState.close(ServerState.java:434)
	at org.apache.ratis.server.impl.RaftServerImpl.lambda$close$1(RaftServerImpl.java:552)
	at org.apache.ratis.util.LifeCycle.lambda$checkStateAndClose$7(LifeCycle.java:306)
	at org.apache.ratis.util.LifeCycle.checkStateAndClose(LifeCycle.java:326)
	at org.apache.ratis.util.LifeCycle.checkStateAndClose(LifeCycle.java:304)
	at org.apache.ratis.server.impl.RaftServerImpl.close(RaftServerImpl.java:529)
	at org.apache.ratis.server.impl.RaftServerProxy$ImplMap.close(RaftServerProxy.java:142)
	at org.apache.ratis.server.impl.RaftServerProxy$ImplMap.lambda$close$0(RaftServerProxy.java:129)
	at org.apache.ratis.util.ConcurrentUtils.accept(ConcurrentUtils.java:203)
	at org.apache.ratis.util.ConcurrentUtils.lambda$null$4(ConcurrentUtils.java:182)
	... 3 more
2025-03-31 08:08:53,327 [MiniRaftCluster-5] INFO  server.GrpcServicesImpl (GrpcServicesImpl.java:closeImpl(371)) - s2: shutdown server org.apache.ratis.grpc.server.GrpcAdminProtocolService successfully
2025-03-31 08:08:53,327 [grpc-default-executor-0] INFO  server.GrpcLogAppender (GrpcLogAppender.java:onError(563)) - s1@group-335064819EA1->s3-GrpcLogAppender is already stopped
2025-03-31 08:08:53,327 [grpc-default-executor-10] WARN  server.GrpcServerProtocolService (LogUtils.java:warn(127)) - s2: APPEND_ENTRIES onError, lastRequest: s1->s2#12-t2,previous=(t:2, i:2),leaderCommit=2,initializing? false,entries: size=1, first=(t:2, i:3), CONFIGURATIONENTRY(current:id:"s3"address:"0.0.0.0:15012"clientAddress:"0.0.0.0:15014"adminAddress:"0.0.0.0:15013"startupRole:FOLLOWER, id:"s4"address:"0.0.0.0:15016"clientAddress:"0.0.0.0:15018"adminAddress:"0.0.0.0:15017"startupRole:FOLLOWER, id:"s0"address:"localhost:15000"dataStreamAddress:"localhost:15003"clientAddress:"localhost:15002"adminAddress:"localhost:15001"startupRole:FOLLOWER, id:"s1"address:"localhost:15004"dataStreamAddress:"localhost:15007"clientAddress:"localhost:15006"adminAddress:"localhost:15005"startupRole:FOLLOWER, id:"s2"address:"localhost:15008"dataStreamAddress:"localhost:15011"clientAddress:"localhost:15010"adminAddress:"localhost:15009"startupRole:FOLLOWER, old:id:"s0"address:"localhost:15000"dataStreamAddress:"localhost:15003"clientAddress:"localhost:15002"adminAddress:"localhost:15001"startupRole:FOLLOWER, id:"s1"address:"localhost:15004"dataStreamAddress:"localhost:15007"clientAddress:"localhost:15006"adminAddress:"localhost:15005"startupRole:FOLLOWER, id:"s2"address:"localhost:15008"dataStreamAddress:"localhost:15011"clientAddress:"localhost:15010"adminAddress:"localhost:15009"startupRole:FOLLOWER): org.apache.ratis.thirdparty.io.grpc.StatusRuntimeException: CANCELLED: client cancelled
2025-03-31 08:08:53,329 [s3@group-335064819EA1-cacheEviction-AwaitToRun] INFO  util.AwaitToRun (AwaitToRun.java:run(49)) - s3@group-335064819EA1-cacheEviction-AwaitToRun-AwaitForSignal is interrupted
2025-03-31 08:08:53,330 [grpc-default-executor-0] INFO  server.GrpcLogAppender (GrpcLogAppender.java:onError(563)) - s1@group-335064819EA1->s2-GrpcLogAppender is already stopped
2025-03-31 08:08:53,331 [grpc-default-executor-0] INFO  server.GrpcLogAppender (GrpcLogAppender.java:onError(563)) - s1@group-335064819EA1->s0-GrpcLogAppender is already stopped
2025-03-31 08:08:53,331 [grpc-default-executor-2] INFO  server.GrpcLogAppender (GrpcLogAppender.java:onError(563)) - s1@group-335064819EA1->s2-GrpcLogAppender is already stopped
2025-03-31 08:08:53,331 [MiniRaftCluster-3] INFO  server.GrpcServicesImpl (GrpcServicesImpl.java:closeImpl(371)) - s0: shutdown server GrpcServerProtocolService successfully
2025-03-31 08:08:53,332 [MiniRaftCluster-3] INFO  server.GrpcServicesImpl (GrpcServicesImpl.java:closeImpl(362)) - s0: shutdown server org.apache.ratis.grpc.server.GrpcAdminProtocolService now
2025-03-31 08:08:53,332 [MiniRaftCluster-3] INFO  server.GrpcServicesImpl (GrpcServicesImpl.java:closeImpl(371)) - s0: shutdown server org.apache.ratis.grpc.server.GrpcAdminProtocolService successfully
2025-03-31 08:08:53,333 [s3-impl-thread1] INFO  segmented.LogSegment (LogSegment.java:close(350)) - Successfully closed EntryCache-log_inprogress_0
2025-03-31 08:08:53,336 [grpc-default-executor-10] INFO  server.GrpcLogAppender (GrpcLogAppender.java:onError(563)) - s1@group-335064819EA1->s0-GrpcLogAppender is already stopped
2025-03-31 08:08:53,337 [MiniRaftCluster-4] INFO  server.GrpcServicesImpl (GrpcServicesImpl.java:closeImpl(371)) - s1: shutdown server org.apache.ratis.grpc.server.GrpcClientProtocolService successfully
2025-03-31 08:08:53,337 [MiniRaftCluster-4] INFO  server.GrpcServicesImpl (GrpcServicesImpl.java:closeImpl(362)) - s1: shutdown server GrpcServerProtocolService now
2025-03-31 08:08:53,341 [MiniRaftCluster-4] INFO  server.GrpcServicesImpl (GrpcServicesImpl.java:closeImpl(371)) - s1: shutdown server GrpcServerProtocolService successfully
2025-03-31 08:08:53,341 [MiniRaftCluster-4] INFO  server.GrpcServicesImpl (GrpcServicesImpl.java:closeImpl(362)) - s1: shutdown server org.apache.ratis.grpc.server.GrpcAdminProtocolService now
2025-03-31 08:08:53,344 [MiniRaftCluster-4] INFO  server.GrpcServicesImpl (GrpcServicesImpl.java:closeImpl(371)) - s1: shutdown server org.apache.ratis.grpc.server.GrpcAdminProtocolService successfully
2025-03-31 08:08:53,536 [grpc-default-executor-9] INFO  util.CodeInjectionForTesting (BlockRequestHandlingInjection.java:execute(84)) - s2: unBlock request from s1
2025-03-31 08:08:53,537 [grpc-default-executor-9] ERROR server.RaftServer$Division (RaftServerImpl.java:appendEntriesAsync(1550)) - s2@group-335064819EA1: Failed appendEntries* s1->s2#9-t2,previous=(t:2, i:2),leaderCommit=2,initializing? false,HEARTBEAT
org.apache.ratis.protocol.exceptions.ServerNotReadyException: s2@group-335064819EA1 is not in [STARTING, RUNNING]: current state is CLOSING
	at org.apache.ratis.server.impl.RaftServerImpl.lambda$assertLifeCycleState$7(RaftServerImpl.java:821)
	at org.apache.ratis.util.LifeCycle.assertCurrentState(LifeCycle.java:260)
	at org.apache.ratis.server.impl.RaftServerImpl.assertLifeCycleState(RaftServerImpl.java:820)
	at org.apache.ratis.server.impl.RaftServerImpl.appendEntriesAsync(RaftServerImpl.java:1541)
	at org.apache.ratis.server.impl.RaftServerProxy.lambda$null$28(RaftServerProxy.java:662)
	at org.apache.ratis.util.JavaUtils.callAsUnchecked(JavaUtils.java:118)
	at org.apache.ratis.server.impl.RaftServerProxy.lambda$appendEntriesAsync$29(RaftServerProxy.java:661)
	at java.util.concurrent.CompletableFuture.uniComposeStage(CompletableFuture.java:995)
	at java.util.concurrent.CompletableFuture.thenCompose(CompletableFuture.java:2137)
	at org.apache.ratis.server.impl.RaftServerProxy.appendEntriesAsync(RaftServerProxy.java:661)
	at org.apache.ratis.grpc.server.GrpcServerProtocolService$1.process(GrpcServerProtocolService.java:323)
	at org.apache.ratis.grpc.server.GrpcServerProtocolService$ServerRequestStreamObserver.onNext(GrpcServerProtocolService.java:172)
	at org.apache.ratis.thirdparty.io.grpc.stub.ServerCalls$StreamingServerCallHandler$StreamingServerCallListener.onMessage(ServerCalls.java:262)
	at org.apache.ratis.thirdparty.io.grpc.internal.ServerCallImpl$ServerStreamListenerImpl.messagesAvailableInternal(ServerCallImpl.java:334)
	at org.apache.ratis.thirdparty.io.grpc.internal.ServerCallImpl$ServerStreamListenerImpl.messagesAvailable(ServerCallImpl.java:319)
	at org.apache.ratis.thirdparty.io.grpc.internal.ServerImpl$JumpToApplicationThreadServerStreamListener$1MessagesAvailable.runInContext(ServerImpl.java:834)
	at org.apache.ratis.thirdparty.io.grpc.internal.ContextRunnable.run(ContextRunnable.java:37)
	at org.apache.ratis.thirdparty.io.grpc.internal.SerializingExecutor.run(SerializingExecutor.java:133)
	at java.util.concurrent.ThreadPoolExecutor.runWorker(ThreadPoolExecutor.java:1149)
	at java.util.concurrent.ThreadPoolExecutor$Worker.run(ThreadPoolExecutor.java:624)
	at java.lang.Thread.run(Thread.java:750)
2025-03-31 08:08:53,538 [grpc-default-executor-9] WARN  server.GrpcServerProtocolService (LogUtils.java:warn(127)) - s2: APPEND_ENTRIES onError, lastRequest: null: org.apache.ratis.thirdparty.io.grpc.StatusRuntimeException: CANCELLED: client cancelled
2025-03-31 08:08:53,542 [grpc-default-executor-1] INFO  util.CodeInjectionForTesting (BlockRequestHandlingInjection.java:execute(84)) - s0: unBlock request from s1
2025-03-31 08:08:53,543 [grpc-default-executor-1] ERROR server.RaftServer$Division (RaftServerImpl.java:appendEntriesAsync(1550)) - s0@group-335064819EA1: Failed appendEntries* s1->s0#9-t2,previous=(t:2, i:2),leaderCommit=2,initializing? false,HEARTBEAT
org.apache.ratis.protocol.exceptions.ServerNotReadyException: s0@group-335064819EA1 is not in [STARTING, RUNNING]: current state is CLOSING
	at org.apache.ratis.server.impl.RaftServerImpl.lambda$assertLifeCycleState$7(RaftServerImpl.java:821)
	at org.apache.ratis.util.LifeCycle.assertCurrentState(LifeCycle.java:260)
	at org.apache.ratis.server.impl.RaftServerImpl.assertLifeCycleState(RaftServerImpl.java:820)
	at org.apache.ratis.server.impl.RaftServerImpl.appendEntriesAsync(RaftServerImpl.java:1541)
	at org.apache.ratis.server.impl.RaftServerProxy.lambda$null$28(RaftServerProxy.java:662)
	at org.apache.ratis.util.JavaUtils.callAsUnchecked(JavaUtils.java:118)
	at org.apache.ratis.server.impl.RaftServerProxy.lambda$appendEntriesAsync$29(RaftServerProxy.java:661)
	at java.util.concurrent.CompletableFuture.uniComposeStage(CompletableFuture.java:995)
	at java.util.concurrent.CompletableFuture.thenCompose(CompletableFuture.java:2137)
	at org.apache.ratis.server.impl.RaftServerProxy.appendEntriesAsync(RaftServerProxy.java:661)
	at org.apache.ratis.grpc.server.GrpcServerProtocolService$1.process(GrpcServerProtocolService.java:323)
	at org.apache.ratis.grpc.server.GrpcServerProtocolService$ServerRequestStreamObserver.onNext(GrpcServerProtocolService.java:172)
	at org.apache.ratis.thirdparty.io.grpc.stub.ServerCalls$StreamingServerCallHandler$StreamingServerCallListener.onMessage(ServerCalls.java:262)
	at org.apache.ratis.thirdparty.io.grpc.internal.ServerCallImpl$ServerStreamListenerImpl.messagesAvailableInternal(ServerCallImpl.java:334)
	at org.apache.ratis.thirdparty.io.grpc.internal.ServerCallImpl$ServerStreamListenerImpl.messagesAvailable(ServerCallImpl.java:319)
	at org.apache.ratis.thirdparty.io.grpc.internal.ServerImpl$JumpToApplicationThreadServerStreamListener$1MessagesAvailable.runInContext(ServerImpl.java:834)
	at org.apache.ratis.thirdparty.io.grpc.internal.ContextRunnable.run(ContextRunnable.java:37)
	at org.apache.ratis.thirdparty.io.grpc.internal.SerializingExecutor.run(SerializingExecutor.java:133)
	at java.util.concurrent.ThreadPoolExecutor.runWorker(ThreadPoolExecutor.java:1149)
	at java.util.concurrent.ThreadPoolExecutor$Worker.run(ThreadPoolExecutor.java:624)
	at java.lang.Thread.run(Thread.java:750)
2025-03-31 08:08:53,543 [grpc-default-executor-1] WARN  server.GrpcServerProtocolService (LogUtils.java:warn(127)) - s0: APPEND_ENTRIES onError, lastRequest: null: org.apache.ratis.thirdparty.io.grpc.StatusRuntimeException: CANCELLED: client cancelled
2025-03-31 08:08:53,566 [grpc-default-executor-8] INFO  util.CodeInjectionForTesting (BlockRequestHandlingInjection.java:execute(84)) - s0: unBlock request from s2
2025-03-31 08:08:53,566 [grpc-default-executor-8] INFO  server.RaftServer$Division (RaftServerImpl.java:requestVote(1475)) - s0@group-335064819EA1: receive requestVote(PRE_VOTE, s2, group-335064819EA1, 2, (t:2, i:2))
2025-03-31 08:08:53,567 [grpc-default-executor-8] WARN  server.GrpcServerProtocolService (LogUtils.java:warn(127)) - s0: Failed requestVote s2->s0#0: org.apache.ratis.protocol.exceptions.ServerNotReadyException: s0@group-335064819EA1 is not in [RUNNING]: current state is CLOSING
2025-03-31 08:08:53,577 [grpc-default-executor-7] INFO  util.CodeInjectionForTesting (BlockRequestHandlingInjection.java:execute(84)) - s0: unBlock request from s1
2025-03-31 08:08:53,578 [grpc-default-executor-7] ERROR server.RaftServer$Division (RaftServerImpl.java:appendEntriesAsync(1550)) - s0@group-335064819EA1: Failed appendEntries* s1->s0#11-t2,previous=(t:2, i:2),leaderCommit=2,initializing? false,entries: size=1, first=(t:2, i:3), CONFIGURATIONENTRY(current:id:"s3"address:"0.0.0.0:15012"clientAddress:"0.0.0.0:15014"adminAddress:"0.0.0.0:15013"startupRole:FOLLOWER, id:"s4"address:"0.0.0.0:15016"clientAddress:"0.0.0.0:15018"adminAddress:"0.0.0.0:15017"startupRole:FOLLOWER, id:"s0"address:"localhost:15000"dataStreamAddress:"localhost:15003"clientAddress:"localhost:15002"adminAddress:"localhost:15001"startupRole:FOLLOWER, id:"s1"address:"localhost:15004"dataStreamAddress:"localhost:15007"clientAddress:"localhost:15006"adminAddress:"localhost:15005"startupRole:FOLLOWER, id:"s2"address:"localhost:15008"dataStreamAddress:"localhost:15011"clientAddress:"localhost:15010"adminAddress:"localhost:15009"startupRole:FOLLOWER, old:id:"s0"address:"localhost:15000"dataStreamAddress:"localhost:15003"clientAddress:"localhost:15002"adminAddress:"localhost:15001"startupRole:FOLLOWER, id:"s1"address:"localhost:15004"dataStreamAddress:"localhost:15007"clientAddress:"localhost:15006"adminAddress:"localhost:15005"startupRole:FOLLOWER, id:"s2"address:"localhost:15008"dataStreamAddress:"localhost:15011"clientAddress:"localhost:15010"adminAddress:"localhost:15009"startupRole:FOLLOWER)
org.apache.ratis.protocol.exceptions.ServerNotReadyException: s0@group-335064819EA1 is not in [STARTING, RUNNING]: current state is CLOSING
	at org.apache.ratis.server.impl.RaftServerImpl.lambda$assertLifeCycleState$7(RaftServerImpl.java:821)
	at org.apache.ratis.util.LifeCycle.assertCurrentState(LifeCycle.java:260)
	at org.apache.ratis.server.impl.RaftServerImpl.assertLifeCycleState(RaftServerImpl.java:820)
	at org.apache.ratis.server.impl.RaftServerImpl.appendEntriesAsync(RaftServerImpl.java:1541)
	at org.apache.ratis.server.impl.RaftServerProxy.lambda$null$28(RaftServerProxy.java:662)
	at org.apache.ratis.util.JavaUtils.callAsUnchecked(JavaUtils.java:118)
	at org.apache.ratis.server.impl.RaftServerProxy.lambda$appendEntriesAsync$29(RaftServerProxy.java:661)
	at java.util.concurrent.CompletableFuture.uniComposeStage(CompletableFuture.java:995)
	at java.util.concurrent.CompletableFuture.thenCompose(CompletableFuture.java:2137)
	at org.apache.ratis.server.impl.RaftServerProxy.appendEntriesAsync(RaftServerProxy.java:661)
	at org.apache.ratis.grpc.server.GrpcServerProtocolService$1.process(GrpcServerProtocolService.java:323)
	at org.apache.ratis.grpc.server.GrpcServerProtocolService$ServerRequestStreamObserver.onNext(GrpcServerProtocolService.java:187)
	at org.apache.ratis.thirdparty.io.grpc.stub.ServerCalls$StreamingServerCallHandler$StreamingServerCallListener.onMessage(ServerCalls.java:262)
	at org.apache.ratis.thirdparty.io.grpc.internal.ServerCallImpl$ServerStreamListenerImpl.messagesAvailableInternal(ServerCallImpl.java:334)
	at org.apache.ratis.thirdparty.io.grpc.internal.ServerCallImpl$ServerStreamListenerImpl.messagesAvailable(ServerCallImpl.java:319)
	at org.apache.ratis.thirdparty.io.grpc.internal.ServerImpl$JumpToApplicationThreadServerStreamListener$1MessagesAvailable.runInContext(ServerImpl.java:834)
	at org.apache.ratis.thirdparty.io.grpc.internal.ContextRunnable.run(ContextRunnable.java:37)
	at org.apache.ratis.thirdparty.io.grpc.internal.SerializingExecutor.run(SerializingExecutor.java:133)
	at java.util.concurrent.ThreadPoolExecutor.runWorker(ThreadPoolExecutor.java:1149)
	at java.util.concurrent.ThreadPoolExecutor$Worker.run(ThreadPoolExecutor.java:624)
	at java.lang.Thread.run(Thread.java:750)
2025-03-31 08:08:53,578 [grpc-default-executor-7] WARN  server.GrpcServerProtocolService (LogUtils.java:warn(129)) - s0: Failed APPEND_ENTRIES request cid=11, isHeartbeat? false
java.util.concurrent.CompletionException: org.apache.ratis.protocol.exceptions.ServerNotReadyException: s0@group-335064819EA1 is not in [STARTING, RUNNING]: current state is CLOSING
	at org.apache.ratis.util.JavaUtils.callAsUnchecked(JavaUtils.java:122)
	at org.apache.ratis.server.impl.RaftServerProxy.lambda$appendEntriesAsync$29(RaftServerProxy.java:661)
	at java.util.concurrent.CompletableFuture.uniComposeStage(CompletableFuture.java:995)
	at java.util.concurrent.CompletableFuture.thenCompose(CompletableFuture.java:2137)
	at org.apache.ratis.server.impl.RaftServerProxy.appendEntriesAsync(RaftServerProxy.java:661)
	at org.apache.ratis.grpc.server.GrpcServerProtocolService$1.process(GrpcServerProtocolService.java:323)
	at org.apache.ratis.grpc.server.GrpcServerProtocolService$ServerRequestStreamObserver.onNext(GrpcServerProtocolService.java:187)
	at org.apache.ratis.thirdparty.io.grpc.stub.ServerCalls$StreamingServerCallHandler$StreamingServerCallListener.onMessage(ServerCalls.java:262)
	at org.apache.ratis.thirdparty.io.grpc.internal.ServerCallImpl$ServerStreamListenerImpl.messagesAvailableInternal(ServerCallImpl.java:334)
	at org.apache.ratis.thirdparty.io.grpc.internal.ServerCallImpl$ServerStreamListenerImpl.messagesAvailable(ServerCallImpl.java:319)
	at org.apache.ratis.thirdparty.io.grpc.internal.ServerImpl$JumpToApplicationThreadServerStreamListener$1MessagesAvailable.runInContext(ServerImpl.java:834)
	at org.apache.ratis.thirdparty.io.grpc.internal.ContextRunnable.run(ContextRunnable.java:37)
	at org.apache.ratis.thirdparty.io.grpc.internal.SerializingExecutor.run(SerializingExecutor.java:133)
	at java.util.concurrent.ThreadPoolExecutor.runWorker(ThreadPoolExecutor.java:1149)
	at java.util.concurrent.ThreadPoolExecutor$Worker.run(ThreadPoolExecutor.java:624)
	at java.lang.Thread.run(Thread.java:750)
Caused by: org.apache.ratis.protocol.exceptions.ServerNotReadyException: s0@group-335064819EA1 is not in [STARTING, RUNNING]: current state is CLOSING
	at org.apache.ratis.server.impl.RaftServerImpl.lambda$assertLifeCycleState$7(RaftServerImpl.java:821)
	at org.apache.ratis.util.LifeCycle.assertCurrentState(LifeCycle.java:260)
	at org.apache.ratis.server.impl.RaftServerImpl.assertLifeCycleState(RaftServerImpl.java:820)
	at org.apache.ratis.server.impl.RaftServerImpl.appendEntriesAsync(RaftServerImpl.java:1541)
	at org.apache.ratis.server.impl.RaftServerProxy.lambda$null$28(RaftServerProxy.java:662)
	at org.apache.ratis.util.JavaUtils.callAsUnchecked(JavaUtils.java:118)
	... 15 more
2025-03-31 08:08:53,579 [grpc-default-executor-7] WARN  server.GrpcServerProtocolService (LogUtils.java:warn(127)) - s0: APPEND_ENTRIES onError, lastRequest: null: org.apache.ratis.thirdparty.io.grpc.StatusRuntimeException: CANCELLED: client cancelled
2025-03-31 08:08:53,853 [s2-impl-thread1] INFO  segmented.SegmentedRaftLogWorker (SegmentedRaftLogWorker.java:close(256)) - s2@group-335064819EA1-SegmentedRaftLogWorker close()
2025-03-31 08:08:53,853 [s0-impl-thread1] INFO  segmented.SegmentedRaftLogWorker (SegmentedRaftLogWorker.java:close(256)) - s0@group-335064819EA1-SegmentedRaftLogWorker close()
2025-03-31 08:08:53,855 [s2-impl-thread1] INFO  raftlog.RaftLog (SegmentedRaftLog.java:close(577)) - Successfully closed s2@group-335064819EA1-SegmentedRaftLog:CLOSED:c1
2025-03-31 08:08:53,855 [s0-impl-thread1] INFO  raftlog.RaftLog (SegmentedRaftLog.java:close(577)) - Successfully closed s0@group-335064819EA1-SegmentedRaftLog:CLOSED:c1
2025-03-31 08:08:53,861 [JvmPauseMonitor2] INFO  util.JvmPauseMonitor (JvmPauseMonitor.java:run(152)) - JvmPauseMonitor-s2: Stopped
2025-03-31 08:08:53,861 [JvmPauseMonitor0] INFO  util.JvmPauseMonitor (JvmPauseMonitor.java:run(152)) - JvmPauseMonitor-s0: Stopped
2025-03-31 08:08:53,974 [s1-impl-thread1] INFO  segmented.SegmentedRaftLogWorker (SegmentedRaftLogWorker.java:close(256)) - s1@group-335064819EA1-SegmentedRaftLogWorker close()
2025-03-31 08:08:53,975 [s1-impl-thread1] INFO  raftlog.RaftLog (SegmentedRaftLog.java:close(577)) - Successfully closed s1@group-335064819EA1-SegmentedRaftLog:CLOSED:c2
2025-03-31 08:08:53,976 [JvmPauseMonitor1] INFO  util.JvmPauseMonitor (JvmPauseMonitor.java:run(152)) - JvmPauseMonitor-s1: Stopped
2025-03-31 08:08:53,984 [s3-impl-thread1] INFO  segmented.SegmentedRaftLogWorker (SegmentedRaftLogWorker.java:close(256)) - s3@group-335064819EA1-SegmentedRaftLogWorker close()
2025-03-31 08:08:53,984 [s3-impl-thread1] INFO  raftlog.RaftLog (SegmentedRaftLog.java:close(577)) - Successfully closed s3@group-335064819EA1-SegmentedRaftLog:CLOSED:c2
2025-03-31 08:08:53,985 [JvmPauseMonitor3] INFO  util.JvmPauseMonitor (JvmPauseMonitor.java:run(152)) - JvmPauseMonitor-s3: Stopped
2025-03-31 08:08:53,990 [s4-impl-thread1] INFO  segmented.SegmentedRaftLogWorker (SegmentedRaftLogWorker.java:close(256)) - s4@group-335064819EA1-SegmentedRaftLogWorker close()
2025-03-31 08:08:53,991 [s4-impl-thread1] INFO  raftlog.RaftLog (SegmentedRaftLog.java:close(577)) - Successfully closed s4@group-335064819EA1-SegmentedRaftLog:CLOSED:c2
2025-03-31 08:08:53,993 [JvmPauseMonitor4] INFO  util.JvmPauseMonitor (JvmPauseMonitor.java:run(152)) - JvmPauseMonitor-s4: Stopped
2025-03-31 08:08:53,993 [main] INFO  impl.MiniRaftCluster (MiniRaftCluster.java:shutdown(883)) - MiniRaftClusterWithGrpc shutdown completed
2025-03-31 08:08:53,994 [main] INFO  ratis.RaftTestUtil (RaftTestUtil.java:gc(607)) - gc 0
2025-03-31 08:08:54,190 [main] WARN  util.ReferenceCountedLeakDetector (ReferenceCountedLeakDetector.java:logLeakMessage(167)) - LEAK: (class org.apache.ratis.proto.RaftProtos$AppendEntriesRequestProto, count=1, value=serverRequest {
  requestorId: "s1"
  replyId: "s2"
  raftGroupId {
    id: "\340\253q\253\231\322A\213\240\3623Pd\201\236\241"
  }
  callId: 12
}
leaderTerm: 2
previousLog {
  term: 2
  index: 2
}
entries {
  term: 2
  index: 3
  configurationEntry {
    peers {
      id: "s3"
      address: "0.0.0.0:15012"
      clientAddress: "0.0.0.0:15014"
      adminAddress: "0.0.0.0:15013"
      startupRole: FOLLOWER
    }
    peers {
      id: "s4"
      address: "0.0.0.0:15016"
      clientAddress: "0.0.0.0:15018"
      adminAddress: "0.0.0.0:15017"
      startupRole: FOLLOWER
    }
    peers {
      id: "s0"
      address: "localhost:15000"
      dataStreamAddress: "localhost:15003"
      clientAddress: "localhost:15002"
      adminAddress: "localhost:15001"
      startupRole: FOLLOWER
    }
    peers {
      id: "s1"
      address: "localhost:15004"
      dataStreamAddress: "localhost:15007"
      clientAddress: "localhost:15006"
      adminAddress: "localhost:15005"
      startupRole: FOLLOWER
    }
    peers {
      id: "s2"
      address: "localhost:15008"
      dataStreamAddress: "localhost:15011"
      clientAddress: "localhost:15010"
      adminAddress: "localhost:15009"
      startupRole: FOLLOWER
    }
    oldPeers {
      id: "s0"
      address: "localhost:15000"
      dataStreamAddress: "localhost:15003"
      clientAddress: "localhost:15002"
      adminAddress: "localhost:15001"
      startupRole: FOLLOWER
    }
    oldPeers {
      id: "s1"
      address: "localhost:15004"
      dataStreamAddress: "localhost:15007"
      clientAddress: "localhost:15006"
      adminAddress: "localhost:15005"
      startupRole: FOLLOWER
    }
    oldPeers {
      id: "s2"
      address: "localhost:15008"
      dataStreamAddress: "localhost:15011"
      clientAddress: "localhost:15010"
      adminAddress: "localhost:15009"
      startupRole: FOLLOWER
    }
  }
}
leaderCommit: 2
commitInfos {
  server {
    id: "s1"
    address: "localhost:15004"
    dataStreamAddress: "localhost:15007"
    clientAddress: "localhost:15006"
    adminAddress: "localhost:15005"
    startupRole: FOLLOWER
  }
  commitIndex: 2
}
commitInfos {
  server {
    id: "s0"
    address: "localhost:15000"
    dataStreamAddress: "localhost:15003"
    clientAddress: "localhost:15002"
    adminAddress: "localhost:15001"
    startupRole: FOLLOWER
  }
  commitIndex: 1
}
commitInfos {
  server {
    id: "s2"
    address: "localhost:15008"
    dataStreamAddress: "localhost:15011"
    clientAddress: "localhost:15010"
    adminAddress: "localhost:15009"
    startupRole: FOLLOWER
  }
  commitIndex: 1
}
commitInfos {
  server {
    id: "s3"
    address: "0.0.0.0:15012"
    clientAddress: "0.0.0.0:15014"
    adminAddress: "0.0.0.0:15013"
    startupRole: FOLLOWER
  }
  commitIndex: 18446744073709551615
}
commitInfos {
  server {
    id: "s4"
    address: "0.0.0.0:15016"
    clientAddress: "0.0.0.0:15018"
    adminAddress: "0.0.0.0:15017"
    startupRole: FOLLOWER
  }
  commitIndex: 2
}
)
2025-03-31 08:08:54,191 [main] WARN  util.LeakDetector (LeakDetector.java:assertNoLeaks(175)) - 0/30) numLeaks == 1 > 0, will wait and retry ...
2025-03-31 08:08:55,191 [main] WARN  util.ReferenceCountedLeakDetector (ReferenceCountedLeakDetector.java:logLeakMessage(167)) - LEAK: (class org.apache.ratis.proto.RaftProtos$AppendEntriesRequestProto, count=1, value=serverRequest {
  requestorId: "s1"
  replyId: "s2"
  raftGroupId {
    id: "\340\253q\253\231\322A\213\240\3623Pd\201\236\241"
  }
  callId: 12
}
leaderTerm: 2
previousLog {
  term: 2
  index: 2
}
entries {
  term: 2
  index: 3
  configurationEntry {
    peers {
      id: "s3"
      address: "0.0.0.0:15012"
      clientAddress: "0.0.0.0:15014"
      adminAddress: "0.0.0.0:15013"
      startupRole: FOLLOWER
    }
    peers {
      id: "s4"
      address: "0.0.0.0:15016"
      clientAddress: "0.0.0.0:15018"
      adminAddress: "0.0.0.0:15017"
      startupRole: FOLLOWER
    }
    peers {
      id: "s0"
      address: "localhost:15000"
      dataStreamAddress: "localhost:15003"
      clientAddress: "localhost:15002"
      adminAddress: "localhost:15001"
      startupRole: FOLLOWER
    }
    peers {
      id: "s1"
      address: "localhost:15004"
      dataStreamAddress: "localhost:15007"
      clientAddress: "localhost:15006"
      adminAddress: "localhost:15005"
      startupRole: FOLLOWER
    }
    peers {
      id: "s2"
      address: "localhost:15008"
      dataStreamAddress: "localhost:15011"
      clientAddress: "localhost:15010"
      adminAddress: "localhost:15009"
      startupRole: FOLLOWER
    }
    oldPeers {
      id: "s0"
      address: "localhost:15000"
      dataStreamAddress: "localhost:15003"
      clientAddress: "localhost:15002"
      adminAddress: "localhost:15001"
      startupRole: FOLLOWER
    }
    oldPeers {
      id: "s1"
      address: "localhost:15004"
      dataStreamAddress: "localhost:15007"
      clientAddress: "localhost:15006"
      adminAddress: "localhost:15005"
      startupRole: FOLLOWER
    }
    oldPeers {
      id: "s2"
      address: "localhost:15008"
      dataStreamAddress: "localhost:15011"
      clientAddress: "localhost:15010"
      adminAddress: "localhost:15009"
      startupRole: FOLLOWER
    }
  }
}
leaderCommit: 2
commitInfos {
  server {
    id: "s1"
    address: "localhost:15004"
    dataStreamAddress: "localhost:15007"
    clientAddress: "localhost:15006"
    adminAddress: "localhost:15005"
    startupRole: FOLLOWER
  }
  commitIndex: 2
}
commitInfos {
  server {
    id: "s0"
    address: "localhost:15000"
    dataStreamAddress: "localhost:15003"
    clientAddress: "localhost:15002"
    adminAddress: "localhost:15001"
    startupRole: FOLLOWER
  }
  commitIndex: 1
}
commitInfos {
  server {
    id: "s2"
    address: "localhost:15008"
    dataStreamAddress: "localhost:15011"
    clientAddress: "localhost:15010"
    adminAddress: "localhost:15009"
    startupRole: FOLLOWER
  }
  commitIndex: 1
}
commitInfos {
  server {
    id: "s3"
    address: "0.0.0.0:15012"
    clientAddress: "0.0.0.0:15014"
    adminAddress: "0.0.0.0:15013"
    startupRole: FOLLOWER
  }
  commitIndex: 18446744073709551615
}
commitInfos {
  server {
    id: "s4"
    address: "0.0.0.0:15016"
    clientAddress: "0.0.0.0:15018"
    adminAddress: "0.0.0.0:15017"
    startupRole: FOLLOWER
  }
  commitIndex: 2
}
)
2025-03-31 08:08:55,192 [main] WARN  util.LeakDetector (LeakDetector.java:assertNoLeaks(175)) - 1/30) numLeaks == 1 > 0, will wait and retry ...
2025-03-31 08:08:55,931 [timer2] WARN  server.GrpcLogAppender (GrpcLogAppender.java:timeoutAppendRequest(466)) - s1@group-335064819EA1->s0-GrpcLogAppender: Timed out HEARTBEAT appendEntries, errorCount=1, request=AppendEntriesRequest:cid=9,entriesCount=0
2025-03-31 08:08:55,932 [timer3] WARN  server.GrpcLogAppender (GrpcLogAppender.java:timeoutAppendRequest(466)) - s1@group-335064819EA1->s2-GrpcLogAppender: Timed out HEARTBEAT appendEntries, errorCount=1, request=AppendEntriesRequest:cid=9,entriesCount=0
2025-03-31 08:08:55,970 [timer0] WARN  server.GrpcLogAppender (GrpcLogAppender.java:timeoutAppendRequest(466)) - s1@group-335064819EA1->s0-GrpcLogAppender: Timed out HEARTBEAT appendEntries, errorCount=2, request=AppendEntriesRequest:cid=10,entriesCount=0
2025-03-31 08:08:55,970 [timer7] WARN  server.GrpcLogAppender (GrpcLogAppender.java:timeoutAppendRequest(466)) - s1@group-335064819EA1->s2-GrpcLogAppender: Timed out HEARTBEAT appendEntries, errorCount=2, request=AppendEntriesRequest:cid=11,entriesCount=0
2025-03-31 08:08:55,972 [timer1] WARN  server.GrpcLogAppender (GrpcLogAppender.java:timeoutAppendRequest(466)) - s1@group-335064819EA1->s0-GrpcLogAppender: Timed out appendEntries, errorCount=3, request=AppendEntriesRequest:cid=11,entriesCount=1,entry=(t:2, i:3)
2025-03-31 08:08:55,975 [timer3] WARN  server.GrpcLogAppender (GrpcLogAppender.java:timeoutAppendRequest(466)) - s1@group-335064819EA1->s2-GrpcLogAppender: Timed out appendEntries, errorCount=3, request=AppendEntriesRequest:cid=12,entriesCount=1,entry=(t:2, i:3)
2025-03-31 08:08:56,009 [timer6] WARN  server.GrpcLogAppender (GrpcLogAppender.java:timeoutAppendRequest(466)) - s1@group-335064819EA1->s2-GrpcLogAppender: Timed out HEARTBEAT appendEntries, errorCount=4, request=AppendEntriesRequest:cid=13,entriesCount=0
2025-03-31 08:08:56,010 [timer5] WARN  server.GrpcLogAppender (GrpcLogAppender.java:timeoutAppendRequest(466)) - s1@group-335064819EA1->s0-GrpcLogAppender: Timed out HEARTBEAT appendEntries, errorCount=4, request=AppendEntriesRequest:cid=13,entriesCount=0
2025-03-31 08:08:56,047 [timer7] WARN  server.GrpcLogAppender (GrpcLogAppender.java:timeoutAppendRequest(466)) - s1@group-335064819EA1->s0-GrpcLogAppender: Timed out HEARTBEAT appendEntries, errorCount=5, request=AppendEntriesRequest:cid=14,entriesCount=0
2025-03-31 08:08:56,048 [timer0] WARN  server.GrpcLogAppender (GrpcLogAppender.java:timeoutAppendRequest(466)) - s1@group-335064819EA1->s2-GrpcLogAppender: Timed out HEARTBEAT appendEntries, errorCount=5, request=AppendEntriesRequest:cid=14,entriesCount=0
2025-03-31 08:08:56,085 [timer3] WARN  server.GrpcLogAppender (GrpcLogAppender.java:timeoutAppendRequest(466)) - s1@group-335064819EA1->s0-GrpcLogAppender: Timed out HEARTBEAT appendEntries, errorCount=6, request=AppendEntriesRequest:cid=15,entriesCount=0
2025-03-31 08:08:56,087 [timer4] WARN  server.GrpcLogAppender (GrpcLogAppender.java:timeoutAppendRequest(466)) - s1@group-335064819EA1->s2-GrpcLogAppender: Timed out HEARTBEAT appendEntries, errorCount=6, request=AppendEntriesRequest:cid=15,entriesCount=0
2025-03-31 08:08:56,124 [timer5] WARN  server.GrpcLogAppender (GrpcLogAppender.java:timeoutAppendRequest(466)) - s1@group-335064819EA1->s0-GrpcLogAppender: Timed out HEARTBEAT appendEntries, errorCount=7, request=AppendEntriesRequest:cid=16,entriesCount=0
2025-03-31 08:08:56,125 [timer6] WARN  server.GrpcLogAppender (GrpcLogAppender.java:timeoutAppendRequest(466)) - s1@group-335064819EA1->s2-GrpcLogAppender: Timed out HEARTBEAT appendEntries, errorCount=7, request=AppendEntriesRequest:cid=16,entriesCount=0
2025-03-31 08:08:56,162 [timer1] WARN  server.GrpcLogAppender (GrpcLogAppender.java:timeoutAppendRequest(466)) - s1@group-335064819EA1->s0-GrpcLogAppender: Timed out HEARTBEAT appendEntries, errorCount=8, request=AppendEntriesRequest:cid=17,entriesCount=0
2025-03-31 08:08:56,163 [timer2] WARN  server.GrpcLogAppender (GrpcLogAppender.java:timeoutAppendRequest(466)) - s1@group-335064819EA1->s2-GrpcLogAppender: Timed out HEARTBEAT appendEntries, errorCount=8, request=AppendEntriesRequest:cid=17,entriesCount=0
2025-03-31 08:08:56,192 [main] WARN  util.ReferenceCountedLeakDetector (ReferenceCountedLeakDetector.java:logLeakMessage(167)) - LEAK: (class org.apache.ratis.proto.RaftProtos$AppendEntriesRequestProto, count=1, value=serverRequest {
  requestorId: "s1"
  replyId: "s2"
  raftGroupId {
    id: "\340\253q\253\231\322A\213\240\3623Pd\201\236\241"
  }
  callId: 12
}
leaderTerm: 2
previousLog {
  term: 2
  index: 2
}
entries {
  term: 2
  index: 3
  configurationEntry {
    peers {
      id: "s3"
      address: "0.0.0.0:15012"
      clientAddress: "0.0.0.0:15014"
      adminAddress: "0.0.0.0:15013"
      startupRole: FOLLOWER
    }
    peers {
      id: "s4"
      address: "0.0.0.0:15016"
      clientAddress: "0.0.0.0:15018"
      adminAddress: "0.0.0.0:15017"
      startupRole: FOLLOWER
    }
    peers {
      id: "s0"
      address: "localhost:15000"
      dataStreamAddress: "localhost:15003"
      clientAddress: "localhost:15002"
      adminAddress: "localhost:15001"
      startupRole: FOLLOWER
    }
    peers {
      id: "s1"
      address: "localhost:15004"
      dataStreamAddress: "localhost:15007"
      clientAddress: "localhost:15006"
      adminAddress: "localhost:15005"
      startupRole: FOLLOWER
    }
    peers {
      id: "s2"
      address: "localhost:15008"
      dataStreamAddress: "localhost:15011"
      clientAddress: "localhost:15010"
      adminAddress: "localhost:15009"
      startupRole: FOLLOWER
    }
    oldPeers {
      id: "s0"
      address: "localhost:15000"
      dataStreamAddress: "localhost:15003"
      clientAddress: "localhost:15002"
      adminAddress: "localhost:15001"
      startupRole: FOLLOWER
    }
    oldPeers {
      id: "s1"
      address: "localhost:15004"
      dataStreamAddress: "localhost:15007"
      clientAddress: "localhost:15006"
      adminAddress: "localhost:15005"
      startupRole: FOLLOWER
    }
    oldPeers {
      id: "s2"
      address: "localhost:15008"
      dataStreamAddress: "localhost:15011"
      clientAddress: "localhost:15010"
      adminAddress: "localhost:15009"
      startupRole: FOLLOWER
    }
  }
}
leaderCommit: 2
commitInfos {
  server {
    id: "s1"
    address: "localhost:15004"
    dataStreamAddress: "localhost:15007"
    clientAddress: "localhost:15006"
    adminAddress: "localhost:15005"
    startupRole: FOLLOWER
  }
  commitIndex: 2
}
commitInfos {
  server {
    id: "s0"
    address: "localhost:15000"
    dataStreamAddress: "localhost:15003"
    clientAddress: "localhost:15002"
    adminAddress: "localhost:15001"
    startupRole: FOLLOWER
  }
  commitIndex: 1
}
commitInfos {
  server {
    id: "s2"
    address: "localhost:15008"
    dataStreamAddress: "localhost:15011"
    clientAddress: "localhost:15010"
    adminAddress: "localhost:15009"
    startupRole: FOLLOWER
  }
  commitIndex: 1
}
commitInfos {
  server {
    id: "s3"
    address: "0.0.0.0:15012"
    clientAddress: "0.0.0.0:15014"
    adminAddress: "0.0.0.0:15013"
    startupRole: FOLLOWER
  }
  commitIndex: 18446744073709551615
}
commitInfos {
  server {
    id: "s4"
    address: "0.0.0.0:15016"
    clientAddress: "0.0.0.0:15018"
    adminAddress: "0.0.0.0:15017"
    startupRole: FOLLOWER
  }
  commitIndex: 2
}
)
2025-03-31 08:08:56,192 [main] WARN  util.LeakDetector (LeakDetector.java:assertNoLeaks(175)) - 2/30) numLeaks == 1 > 0, will wait and retry ...
2025-03-31 08:08:56,201 [timer4] WARN  server.GrpcLogAppender (GrpcLogAppender.java:timeoutAppendRequest(466)) - s1@group-335064819EA1->s2-GrpcLogAppender: Timed out HEARTBEAT appendEntries, errorCount=9, request=AppendEntriesRequest:cid=18,entriesCount=0
2025-03-31 08:08:56,202 [timer3] WARN  server.GrpcLogAppender (GrpcLogAppender.java:timeoutAppendRequest(466)) - s1@group-335064819EA1->s0-GrpcLogAppender: Timed out HEARTBEAT appendEntries, errorCount=9, request=AppendEntriesRequest:cid=18,entriesCount=0
2025-03-31 08:08:56,239 [timer7] WARN  server.GrpcLogAppender (GrpcLogAppender.java:timeoutAppendRequest(466)) - s1@group-335064819EA1->s0-GrpcLogAppender: Timed out HEARTBEAT appendEntries, errorCount=10, request=AppendEntriesRequest:cid=19,entriesCount=0
2025-03-31 08:08:56,240 [timer0] WARN  server.GrpcLogAppender (GrpcLogAppender.java:timeoutAppendRequest(466)) - s1@group-335064819EA1->s2-GrpcLogAppender: Timed out HEARTBEAT appendEntries, errorCount=10, request=AppendEntriesRequest:cid=19,entriesCount=0
2025-03-31 08:08:57,193 [main] WARN  util.ReferenceCountedLeakDetector (ReferenceCountedLeakDetector.java:logLeakMessage(167)) - LEAK: (class org.apache.ratis.proto.RaftProtos$AppendEntriesRequestProto, count=1, value=serverRequest {
  requestorId: "s1"
  replyId: "s2"
  raftGroupId {
    id: "\340\253q\253\231\322A\213\240\3623Pd\201\236\241"
  }
  callId: 12
}
leaderTerm: 2
previousLog {
  term: 2
  index: 2
}
entries {
  term: 2
  index: 3
  configurationEntry {
    peers {
      id: "s3"
      address: "0.0.0.0:15012"
      clientAddress: "0.0.0.0:15014"
      adminAddress: "0.0.0.0:15013"
      startupRole: FOLLOWER
    }
    peers {
      id: "s4"
      address: "0.0.0.0:15016"
      clientAddress: "0.0.0.0:15018"
      adminAddress: "0.0.0.0:15017"
      startupRole: FOLLOWER
    }
    peers {
      id: "s0"
      address: "localhost:15000"
      dataStreamAddress: "localhost:15003"
      clientAddress: "localhost:15002"
      adminAddress: "localhost:15001"
      startupRole: FOLLOWER
    }
    peers {
      id: "s1"
      address: "localhost:15004"
      dataStreamAddress: "localhost:15007"
      clientAddress: "localhost:15006"
      adminAddress: "localhost:15005"
      startupRole: FOLLOWER
    }
    peers {
      id: "s2"
      address: "localhost:15008"
      dataStreamAddress: "localhost:15011"
      clientAddress: "localhost:15010"
      adminAddress: "localhost:15009"
      startupRole: FOLLOWER
    }
    oldPeers {
      id: "s0"
      address: "localhost:15000"
      dataStreamAddress: "localhost:15003"
      clientAddress: "localhost:15002"
      adminAddress: "localhost:15001"
      startupRole: FOLLOWER
    }
    oldPeers {
      id: "s1"
      address: "localhost:15004"
      dataStreamAddress: "localhost:15007"
      clientAddress: "localhost:15006"
      adminAddress: "localhost:15005"
      startupRole: FOLLOWER
    }
    oldPeers {
      id: "s2"
      address: "localhost:15008"
      dataStreamAddress: "localhost:15011"
      clientAddress: "localhost:15010"
      adminAddress: "localhost:15009"
      startupRole: FOLLOWER
    }
  }
}
leaderCommit: 2
commitInfos {
  server {
    id: "s1"
    address: "localhost:15004"
    dataStreamAddress: "localhost:15007"
    clientAddress: "localhost:15006"
    adminAddress: "localhost:15005"
    startupRole: FOLLOWER
  }
  commitIndex: 2
}
commitInfos {
  server {
    id: "s0"
    address: "localhost:15000"
    dataStreamAddress: "localhost:15003"
    clientAddress: "localhost:15002"
    adminAddress: "localhost:15001"
    startupRole: FOLLOWER
  }
  commitIndex: 1
}
commitInfos {
  server {
    id: "s2"
    address: "localhost:15008"
    dataStreamAddress: "localhost:15011"
    clientAddress: "localhost:15010"
    adminAddress: "localhost:15009"
    startupRole: FOLLOWER
  }
  commitIndex: 1
}
commitInfos {
  server {
    id: "s3"
    address: "0.0.0.0:15012"
    clientAddress: "0.0.0.0:15014"
    adminAddress: "0.0.0.0:15013"
    startupRole: FOLLOWER
  }
  commitIndex: 18446744073709551615
}
commitInfos {
  server {
    id: "s4"
    address: "0.0.0.0:15016"
    clientAddress: "0.0.0.0:15018"
    adminAddress: "0.0.0.0:15017"
    startupRole: FOLLOWER
  }
  commitIndex: 2
}
)
2025-03-31 08:08:57,193 [main] WARN  util.LeakDetector (LeakDetector.java:assertNoLeaks(175)) - 3/30) numLeaks == 1 > 0, will wait and retry ...
2025-03-31 08:08:58,193 [main] WARN  util.ReferenceCountedLeakDetector (ReferenceCountedLeakDetector.java:logLeakMessage(167)) - LEAK: (class org.apache.ratis.proto.RaftProtos$AppendEntriesRequestProto, count=1, value=serverRequest {
  requestorId: "s1"
  replyId: "s2"
  raftGroupId {
    id: "\340\253q\253\231\322A\213\240\3623Pd\201\236\241"
  }
  callId: 12
}
leaderTerm: 2
previousLog {
  term: 2
  index: 2
}
entries {
  term: 2
  index: 3
  configurationEntry {
    peers {
      id: "s3"
      address: "0.0.0.0:15012"
      clientAddress: "0.0.0.0:15014"
      adminAddress: "0.0.0.0:15013"
      startupRole: FOLLOWER
    }
    peers {
      id: "s4"
      address: "0.0.0.0:15016"
      clientAddress: "0.0.0.0:15018"
      adminAddress: "0.0.0.0:15017"
      startupRole: FOLLOWER
    }
    peers {
      id: "s0"
      address: "localhost:15000"
      dataStreamAddress: "localhost:15003"
      clientAddress: "localhost:15002"
      adminAddress: "localhost:15001"
      startupRole: FOLLOWER
    }
    peers {
      id: "s1"
      address: "localhost:15004"
      dataStreamAddress: "localhost:15007"
      clientAddress: "localhost:15006"
      adminAddress: "localhost:15005"
      startupRole: FOLLOWER
    }
    peers {
      id: "s2"
      address: "localhost:15008"
      dataStreamAddress: "localhost:15011"
      clientAddress: "localhost:15010"
      adminAddress: "localhost:15009"
      startupRole: FOLLOWER
    }
    oldPeers {
      id: "s0"
      address: "localhost:15000"
      dataStreamAddress: "localhost:15003"
      clientAddress: "localhost:15002"
      adminAddress: "localhost:15001"
      startupRole: FOLLOWER
    }
    oldPeers {
      id: "s1"
      address: "localhost:15004"
      dataStreamAddress: "localhost:15007"
      clientAddress: "localhost:15006"
      adminAddress: "localhost:15005"
      startupRole: FOLLOWER
    }
    oldPeers {
      id: "s2"
      address: "localhost:15008"
      dataStreamAddress: "localhost:15011"
      clientAddress: "localhost:15010"
      adminAddress: "localhost:15009"
      startupRole: FOLLOWER
    }
  }
}
leaderCommit: 2
commitInfos {
  server {
    id: "s1"
    address: "localhost:15004"
    dataStreamAddress: "localhost:15007"
    clientAddress: "localhost:15006"
    adminAddress: "localhost:15005"
    startupRole: FOLLOWER
  }
  commitIndex: 2
}
commitInfos {
  server {
    id: "s0"
    address: "localhost:15000"
    dataStreamAddress: "localhost:15003"
    clientAddress: "localhost:15002"
    adminAddress: "localhost:15001"
    startupRole: FOLLOWER
  }
  commitIndex: 1
}
commitInfos {
  server {
    id: "s2"
    address: "localhost:15008"
    dataStreamAddress: "localhost:15011"
    clientAddress: "localhost:15010"
    adminAddress: "localhost:15009"
    startupRole: FOLLOWER
  }
  commitIndex: 1
}
commitInfos {
  server {
    id: "s3"
    address: "0.0.0.0:15012"
    clientAddress: "0.0.0.0:15014"
    adminAddress: "0.0.0.0:15013"
    startupRole: FOLLOWER
  }
  commitIndex: 18446744073709551615
}
commitInfos {
  server {
    id: "s4"
    address: "0.0.0.0:15016"
    clientAddress: "0.0.0.0:15018"
    adminAddress: "0.0.0.0:15017"
    startupRole: FOLLOWER
  }
  commitIndex: 2
}
)
2025-03-31 08:08:58,194 [main] WARN  util.LeakDetector (LeakDetector.java:assertNoLeaks(175)) - 4/30) numLeaks == 1 > 0, will wait and retry ...
2025-03-31 08:08:59,194 [main] WARN  util.ReferenceCountedLeakDetector (ReferenceCountedLeakDetector.java:logLeakMessage(167)) - LEAK: (class org.apache.ratis.proto.RaftProtos$AppendEntriesRequestProto, count=1, value=serverRequest {
  requestorId: "s1"
  replyId: "s2"
  raftGroupId {
    id: "\340\253q\253\231\322A\213\240\3623Pd\201\236\241"
  }
  callId: 12
}
leaderTerm: 2
previousLog {
  term: 2
  index: 2
}
entries {
  term: 2
  index: 3
  configurationEntry {
    peers {
      id: "s3"
      address: "0.0.0.0:15012"
      clientAddress: "0.0.0.0:15014"
      adminAddress: "0.0.0.0:15013"
      startupRole: FOLLOWER
    }
    peers {
      id: "s4"
      address: "0.0.0.0:15016"
      clientAddress: "0.0.0.0:15018"
      adminAddress: "0.0.0.0:15017"
      startupRole: FOLLOWER
    }
    peers {
      id: "s0"
      address: "localhost:15000"
      dataStreamAddress: "localhost:15003"
      clientAddress: "localhost:15002"
      adminAddress: "localhost:15001"
      startupRole: FOLLOWER
    }
    peers {
      id: "s1"
      address: "localhost:15004"
      dataStreamAddress: "localhost:15007"
      clientAddress: "localhost:15006"
      adminAddress: "localhost:15005"
      startupRole: FOLLOWER
    }
    peers {
      id: "s2"
      address: "localhost:15008"
      dataStreamAddress: "localhost:15011"
      clientAddress: "localhost:15010"
      adminAddress: "localhost:15009"
      startupRole: FOLLOWER
    }
    oldPeers {
      id: "s0"
      address: "localhost:15000"
      dataStreamAddress: "localhost:15003"
      clientAddress: "localhost:15002"
      adminAddress: "localhost:15001"
      startupRole: FOLLOWER
    }
    oldPeers {
      id: "s1"
      address: "localhost:15004"
      dataStreamAddress: "localhost:15007"
      clientAddress: "localhost:15006"
      adminAddress: "localhost:15005"
      startupRole: FOLLOWER
    }
    oldPeers {
      id: "s2"
      address: "localhost:15008"
      dataStreamAddress: "localhost:15011"
      clientAddress: "localhost:15010"
      adminAddress: "localhost:15009"
      startupRole: FOLLOWER
    }
  }
}
leaderCommit: 2
commitInfos {
  server {
    id: "s1"
    address: "localhost:15004"
    dataStreamAddress: "localhost:15007"
    clientAddress: "localhost:15006"
    adminAddress: "localhost:15005"
    startupRole: FOLLOWER
  }
  commitIndex: 2
}
commitInfos {
  server {
    id: "s0"
    address: "localhost:15000"
    dataStreamAddress: "localhost:15003"
    clientAddress: "localhost:15002"
    adminAddress: "localhost:15001"
    startupRole: FOLLOWER
  }
  commitIndex: 1
}
commitInfos {
  server {
    id: "s2"
    address: "localhost:15008"
    dataStreamAddress: "localhost:15011"
    clientAddress: "localhost:15010"
    adminAddress: "localhost:15009"
    startupRole: FOLLOWER
  }
  commitIndex: 1
}
commitInfos {
  server {
    id: "s3"
    address: "0.0.0.0:15012"
    clientAddress: "0.0.0.0:15014"
    adminAddress: "0.0.0.0:15013"
    startupRole: FOLLOWER
  }
  commitIndex: 18446744073709551615
}
commitInfos {
  server {
    id: "s4"
    address: "0.0.0.0:15016"
    clientAddress: "0.0.0.0:15018"
    adminAddress: "0.0.0.0:15017"
    startupRole: FOLLOWER
  }
  commitIndex: 2
}
)
2025-03-31 08:08:59,195 [main] WARN  util.LeakDetector (LeakDetector.java:assertNoLeaks(175)) - 5/30) numLeaks == 1 > 0, will wait and retry ...
2025-03-31 08:09:00,195 [main] WARN  util.ReferenceCountedLeakDetector (ReferenceCountedLeakDetector.java:logLeakMessage(167)) - LEAK: (class org.apache.ratis.proto.RaftProtos$AppendEntriesRequestProto, count=1, value=serverRequest {
  requestorId: "s1"
  replyId: "s2"
  raftGroupId {
    id: "\340\253q\253\231\322A\213\240\3623Pd\201\236\241"
  }
  callId: 12
}
leaderTerm: 2
previousLog {
  term: 2
  index: 2
}
entries {
  term: 2
  index: 3
  configurationEntry {
    peers {
      id: "s3"
      address: "0.0.0.0:15012"
      clientAddress: "0.0.0.0:15014"
      adminAddress: "0.0.0.0:15013"
      startupRole: FOLLOWER
    }
    peers {
      id: "s4"
      address: "0.0.0.0:15016"
      clientAddress: "0.0.0.0:15018"
      adminAddress: "0.0.0.0:15017"
      startupRole: FOLLOWER
    }
    peers {
      id: "s0"
      address: "localhost:15000"
      dataStreamAddress: "localhost:15003"
      clientAddress: "localhost:15002"
      adminAddress: "localhost:15001"
      startupRole: FOLLOWER
    }
    peers {
      id: "s1"
      address: "localhost:15004"
      dataStreamAddress: "localhost:15007"
      clientAddress: "localhost:15006"
      adminAddress: "localhost:15005"
      startupRole: FOLLOWER
    }
    peers {
      id: "s2"
      address: "localhost:15008"
      dataStreamAddress: "localhost:15011"
      clientAddress: "localhost:15010"
      adminAddress: "localhost:15009"
      startupRole: FOLLOWER
    }
    oldPeers {
      id: "s0"
      address: "localhost:15000"
      dataStreamAddress: "localhost:15003"
      clientAddress: "localhost:15002"
      adminAddress: "localhost:15001"
      startupRole: FOLLOWER
    }
    oldPeers {
      id: "s1"
      address: "localhost:15004"
      dataStreamAddress: "localhost:15007"
      clientAddress: "localhost:15006"
      adminAddress: "localhost:15005"
      startupRole: FOLLOWER
    }
    oldPeers {
      id: "s2"
      address: "localhost:15008"
      dataStreamAddress: "localhost:15011"
      clientAddress: "localhost:15010"
      adminAddress: "localhost:15009"
      startupRole: FOLLOWER
    }
  }
}
leaderCommit: 2
commitInfos {
  server {
    id: "s1"
    address: "localhost:15004"
    dataStreamAddress: "localhost:15007"
    clientAddress: "localhost:15006"
    adminAddress: "localhost:15005"
    startupRole: FOLLOWER
  }
  commitIndex: 2
}
commitInfos {
  server {
    id: "s0"
    address: "localhost:15000"
    dataStreamAddress: "localhost:15003"
    clientAddress: "localhost:15002"
    adminAddress: "localhost:15001"
    startupRole: FOLLOWER
  }
  commitIndex: 1
}
commitInfos {
  server {
    id: "s2"
    address: "localhost:15008"
    dataStreamAddress: "localhost:15011"
    clientAddress: "localhost:15010"
    adminAddress: "localhost:15009"
    startupRole: FOLLOWER
  }
  commitIndex: 1
}
commitInfos {
  server {
    id: "s3"
    address: "0.0.0.0:15012"
    clientAddress: "0.0.0.0:15014"
    adminAddress: "0.0.0.0:15013"
    startupRole: FOLLOWER
  }
  commitIndex: 18446744073709551615
}
commitInfos {
  server {
    id: "s4"
    address: "0.0.0.0:15016"
    clientAddress: "0.0.0.0:15018"
    adminAddress: "0.0.0.0:15017"
    startupRole: FOLLOWER
  }
  commitIndex: 2
}
)
2025-03-31 08:09:00,195 [main] WARN  util.LeakDetector (LeakDetector.java:assertNoLeaks(175)) - 6/30) numLeaks == 1 > 0, will wait and retry ...
2025-03-31 08:09:01,196 [main] WARN  util.ReferenceCountedLeakDetector (ReferenceCountedLeakDetector.java:logLeakMessage(167)) - LEAK: (class org.apache.ratis.proto.RaftProtos$AppendEntriesRequestProto, count=1, value=serverRequest {
  requestorId: "s1"
  replyId: "s2"
  raftGroupId {
    id: "\340\253q\253\231\322A\213\240\3623Pd\201\236\241"
  }
  callId: 12
}
leaderTerm: 2
previousLog {
  term: 2
  index: 2
}
entries {
  term: 2
  index: 3
  configurationEntry {
    peers {
      id: "s3"
      address: "0.0.0.0:15012"
      clientAddress: "0.0.0.0:15014"
      adminAddress: "0.0.0.0:15013"
      startupRole: FOLLOWER
    }
    peers {
      id: "s4"
      address: "0.0.0.0:15016"
      clientAddress: "0.0.0.0:15018"
      adminAddress: "0.0.0.0:15017"
      startupRole: FOLLOWER
    }
    peers {
      id: "s0"
      address: "localhost:15000"
      dataStreamAddress: "localhost:15003"
      clientAddress: "localhost:15002"
      adminAddress: "localhost:15001"
      startupRole: FOLLOWER
    }
    peers {
      id: "s1"
      address: "localhost:15004"
      dataStreamAddress: "localhost:15007"
      clientAddress: "localhost:15006"
      adminAddress: "localhost:15005"
      startupRole: FOLLOWER
    }
    peers {
      id: "s2"
      address: "localhost:15008"
      dataStreamAddress: "localhost:15011"
      clientAddress: "localhost:15010"
      adminAddress: "localhost:15009"
      startupRole: FOLLOWER
    }
    oldPeers {
      id: "s0"
      address: "localhost:15000"
      dataStreamAddress: "localhost:15003"
      clientAddress: "localhost:15002"
      adminAddress: "localhost:15001"
      startupRole: FOLLOWER
    }
    oldPeers {
      id: "s1"
      address: "localhost:15004"
      dataStreamAddress: "localhost:15007"
      clientAddress: "localhost:15006"
      adminAddress: "localhost:15005"
      startupRole: FOLLOWER
    }
    oldPeers {
      id: "s2"
      address: "localhost:15008"
      dataStreamAddress: "localhost:15011"
      clientAddress: "localhost:15010"
      adminAddress: "localhost:15009"
      startupRole: FOLLOWER
    }
  }
}
leaderCommit: 2
commitInfos {
  server {
    id: "s1"
    address: "localhost:15004"
    dataStreamAddress: "localhost:15007"
    clientAddress: "localhost:15006"
    adminAddress: "localhost:15005"
    startupRole: FOLLOWER
  }
  commitIndex: 2
}
commitInfos {
  server {
    id: "s0"
    address: "localhost:15000"
    dataStreamAddress: "localhost:15003"
    clientAddress: "localhost:15002"
    adminAddress: "localhost:15001"
    startupRole: FOLLOWER
  }
  commitIndex: 1
}
commitInfos {
  server {
    id: "s2"
    address: "localhost:15008"
    dataStreamAddress: "localhost:15011"
    clientAddress: "localhost:15010"
    adminAddress: "localhost:15009"
    startupRole: FOLLOWER
  }
  commitIndex: 1
}
commitInfos {
  server {
    id: "s3"
    address: "0.0.0.0:15012"
    clientAddress: "0.0.0.0:15014"
    adminAddress: "0.0.0.0:15013"
    startupRole: FOLLOWER
  }
  commitIndex: 18446744073709551615
}
commitInfos {
  server {
    id: "s4"
    address: "0.0.0.0:15016"
    clientAddress: "0.0.0.0:15018"
    adminAddress: "0.0.0.0:15017"
    startupRole: FOLLOWER
  }
  commitIndex: 2
}
)
2025-03-31 08:09:01,196 [main] WARN  util.LeakDetector (LeakDetector.java:assertNoLeaks(175)) - 7/30) numLeaks == 1 > 0, will wait and retry ...
2025-03-31 08:09:02,196 [main] WARN  util.ReferenceCountedLeakDetector (ReferenceCountedLeakDetector.java:logLeakMessage(167)) - LEAK: (class org.apache.ratis.proto.RaftProtos$AppendEntriesRequestProto, count=1, value=serverRequest {
  requestorId: "s1"
  replyId: "s2"
  raftGroupId {
    id: "\340\253q\253\231\322A\213\240\3623Pd\201\236\241"
  }
  callId: 12
}
leaderTerm: 2
previousLog {
  term: 2
  index: 2
}
entries {
  term: 2
  index: 3
  configurationEntry {
    peers {
      id: "s3"
      address: "0.0.0.0:15012"
      clientAddress: "0.0.0.0:15014"
      adminAddress: "0.0.0.0:15013"
      startupRole: FOLLOWER
    }
    peers {
      id: "s4"
      address: "0.0.0.0:15016"
      clientAddress: "0.0.0.0:15018"
      adminAddress: "0.0.0.0:15017"
      startupRole: FOLLOWER
    }
    peers {
      id: "s0"
      address: "localhost:15000"
      dataStreamAddress: "localhost:15003"
      clientAddress: "localhost:15002"
      adminAddress: "localhost:15001"
      startupRole: FOLLOWER
    }
    peers {
      id: "s1"
      address: "localhost:15004"
      dataStreamAddress: "localhost:15007"
      clientAddress: "localhost:15006"
      adminAddress: "localhost:15005"
      startupRole: FOLLOWER
    }
    peers {
      id: "s2"
      address: "localhost:15008"
      dataStreamAddress: "localhost:15011"
      clientAddress: "localhost:15010"
      adminAddress: "localhost:15009"
      startupRole: FOLLOWER
    }
    oldPeers {
      id: "s0"
      address: "localhost:15000"
      dataStreamAddress: "localhost:15003"
      clientAddress: "localhost:15002"
      adminAddress: "localhost:15001"
      startupRole: FOLLOWER
    }
    oldPeers {
      id: "s1"
      address: "localhost:15004"
      dataStreamAddress: "localhost:15007"
      clientAddress: "localhost:15006"
      adminAddress: "localhost:15005"
      startupRole: FOLLOWER
    }
    oldPeers {
      id: "s2"
      address: "localhost:15008"
      dataStreamAddress: "localhost:15011"
      clientAddress: "localhost:15010"
      adminAddress: "localhost:15009"
      startupRole: FOLLOWER
    }
  }
}
leaderCommit: 2
commitInfos {
  server {
    id: "s1"
    address: "localhost:15004"
    dataStreamAddress: "localhost:15007"
    clientAddress: "localhost:15006"
    adminAddress: "localhost:15005"
    startupRole: FOLLOWER
  }
  commitIndex: 2
}
commitInfos {
  server {
    id: "s0"
    address: "localhost:15000"
    dataStreamAddress: "localhost:15003"
    clientAddress: "localhost:15002"
    adminAddress: "localhost:15001"
    startupRole: FOLLOWER
  }
  commitIndex: 1
}
commitInfos {
  server {
    id: "s2"
    address: "localhost:15008"
    dataStreamAddress: "localhost:15011"
    clientAddress: "localhost:15010"
    adminAddress: "localhost:15009"
    startupRole: FOLLOWER
  }
  commitIndex: 1
}
commitInfos {
  server {
    id: "s3"
    address: "0.0.0.0:15012"
    clientAddress: "0.0.0.0:15014"
    adminAddress: "0.0.0.0:15013"
    startupRole: FOLLOWER
  }
  commitIndex: 18446744073709551615
}
commitInfos {
  server {
    id: "s4"
    address: "0.0.0.0:15016"
    clientAddress: "0.0.0.0:15018"
    adminAddress: "0.0.0.0:15017"
    startupRole: FOLLOWER
  }
  commitIndex: 2
}
)
2025-03-31 08:09:02,197 [main] WARN  util.LeakDetector (LeakDetector.java:assertNoLeaks(175)) - 8/30) numLeaks == 1 > 0, will wait and retry ...
2025-03-31 08:09:03,197 [main] WARN  util.ReferenceCountedLeakDetector (ReferenceCountedLeakDetector.java:logLeakMessage(167)) - LEAK: (class org.apache.ratis.proto.RaftProtos$AppendEntriesRequestProto, count=1, value=serverRequest {
  requestorId: "s1"
  replyId: "s2"
  raftGroupId {
    id: "\340\253q\253\231\322A\213\240\3623Pd\201\236\241"
  }
  callId: 12
}
leaderTerm: 2
previousLog {
  term: 2
  index: 2
}
entries {
  term: 2
  index: 3
  configurationEntry {
    peers {
      id: "s3"
      address: "0.0.0.0:15012"
      clientAddress: "0.0.0.0:15014"
      adminAddress: "0.0.0.0:15013"
      startupRole: FOLLOWER
    }
    peers {
      id: "s4"
      address: "0.0.0.0:15016"
      clientAddress: "0.0.0.0:15018"
      adminAddress: "0.0.0.0:15017"
      startupRole: FOLLOWER
    }
    peers {
      id: "s0"
      address: "localhost:15000"
      dataStreamAddress: "localhost:15003"
      clientAddress: "localhost:15002"
      adminAddress: "localhost:15001"
      startupRole: FOLLOWER
    }
    peers {
      id: "s1"
      address: "localhost:15004"
      dataStreamAddress: "localhost:15007"
      clientAddress: "localhost:15006"
      adminAddress: "localhost:15005"
      startupRole: FOLLOWER
    }
    peers {
      id: "s2"
      address: "localhost:15008"
      dataStreamAddress: "localhost:15011"
      clientAddress: "localhost:15010"
      adminAddress: "localhost:15009"
      startupRole: FOLLOWER
    }
    oldPeers {
      id: "s0"
      address: "localhost:15000"
      dataStreamAddress: "localhost:15003"
      clientAddress: "localhost:15002"
      adminAddress: "localhost:15001"
      startupRole: FOLLOWER
    }
    oldPeers {
      id: "s1"
      address: "localhost:15004"
      dataStreamAddress: "localhost:15007"
      clientAddress: "localhost:15006"
      adminAddress: "localhost:15005"
      startupRole: FOLLOWER
    }
    oldPeers {
      id: "s2"
      address: "localhost:15008"
      dataStreamAddress: "localhost:15011"
      clientAddress: "localhost:15010"
      adminAddress: "localhost:15009"
      startupRole: FOLLOWER
    }
  }
}
leaderCommit: 2
commitInfos {
  server {
    id: "s1"
    address: "localhost:15004"
    dataStreamAddress: "localhost:15007"
    clientAddress: "localhost:15006"
    adminAddress: "localhost:15005"
    startupRole: FOLLOWER
  }
  commitIndex: 2
}
commitInfos {
  server {
    id: "s0"
    address: "localhost:15000"
    dataStreamAddress: "localhost:15003"
    clientAddress: "localhost:15002"
    adminAddress: "localhost:15001"
    startupRole: FOLLOWER
  }
  commitIndex: 1
}
commitInfos {
  server {
    id: "s2"
    address: "localhost:15008"
    dataStreamAddress: "localhost:15011"
    clientAddress: "localhost:15010"
    adminAddress: "localhost:15009"
    startupRole: FOLLOWER
  }
  commitIndex: 1
}
commitInfos {
  server {
    id: "s3"
    address: "0.0.0.0:15012"
    clientAddress: "0.0.0.0:15014"
    adminAddress: "0.0.0.0:15013"
    startupRole: FOLLOWER
  }
  commitIndex: 18446744073709551615
}
commitInfos {
  server {
    id: "s4"
    address: "0.0.0.0:15016"
    clientAddress: "0.0.0.0:15018"
    adminAddress: "0.0.0.0:15017"
    startupRole: FOLLOWER
  }
  commitIndex: 2
}
)
2025-03-31 08:09:03,198 [main] WARN  util.LeakDetector (LeakDetector.java:assertNoLeaks(175)) - 9/30) numLeaks == 1 > 0, will wait and retry ...
2025-03-31 08:09:04,198 [main] WARN  util.ReferenceCountedLeakDetector (ReferenceCountedLeakDetector.java:logLeakMessage(167)) - LEAK: (class org.apache.ratis.proto.RaftProtos$AppendEntriesRequestProto, count=1, value=serverRequest {
  requestorId: "s1"
  replyId: "s2"
  raftGroupId {
    id: "\340\253q\253\231\322A\213\240\3623Pd\201\236\241"
  }
  callId: 12
}
leaderTerm: 2
previousLog {
  term: 2
  index: 2
}
entries {
  term: 2
  index: 3
  configurationEntry {
    peers {
      id: "s3"
      address: "0.0.0.0:15012"
      clientAddress: "0.0.0.0:15014"
      adminAddress: "0.0.0.0:15013"
      startupRole: FOLLOWER
    }
    peers {
      id: "s4"
      address: "0.0.0.0:15016"
      clientAddress: "0.0.0.0:15018"
      adminAddress: "0.0.0.0:15017"
      startupRole: FOLLOWER
    }
    peers {
      id: "s0"
      address: "localhost:15000"
      dataStreamAddress: "localhost:15003"
      clientAddress: "localhost:15002"
      adminAddress: "localhost:15001"
      startupRole: FOLLOWER
    }
    peers {
      id: "s1"
      address: "localhost:15004"
      dataStreamAddress: "localhost:15007"
      clientAddress: "localhost:15006"
      adminAddress: "localhost:15005"
      startupRole: FOLLOWER
    }
    peers {
      id: "s2"
      address: "localhost:15008"
      dataStreamAddress: "localhost:15011"
      clientAddress: "localhost:15010"
      adminAddress: "localhost:15009"
      startupRole: FOLLOWER
    }
    oldPeers {
      id: "s0"
      address: "localhost:15000"
      dataStreamAddress: "localhost:15003"
      clientAddress: "localhost:15002"
      adminAddress: "localhost:15001"
      startupRole: FOLLOWER
    }
    oldPeers {
      id: "s1"
      address: "localhost:15004"
      dataStreamAddress: "localhost:15007"
      clientAddress: "localhost:15006"
      adminAddress: "localhost:15005"
      startupRole: FOLLOWER
    }
    oldPeers {
      id: "s2"
      address: "localhost:15008"
      dataStreamAddress: "localhost:15011"
      clientAddress: "localhost:15010"
      adminAddress: "localhost:15009"
      startupRole: FOLLOWER
    }
  }
}
leaderCommit: 2
commitInfos {
  server {
    id: "s1"
    address: "localhost:15004"
    dataStreamAddress: "localhost:15007"
    clientAddress: "localhost:15006"
    adminAddress: "localhost:15005"
    startupRole: FOLLOWER
  }
  commitIndex: 2
}
commitInfos {
  server {
    id: "s0"
    address: "localhost:15000"
    dataStreamAddress: "localhost:15003"
    clientAddress: "localhost:15002"
    adminAddress: "localhost:15001"
    startupRole: FOLLOWER
  }
  commitIndex: 1
}
commitInfos {
  server {
    id: "s2"
    address: "localhost:15008"
    dataStreamAddress: "localhost:15011"
    clientAddress: "localhost:15010"
    adminAddress: "localhost:15009"
    startupRole: FOLLOWER
  }
  commitIndex: 1
}
commitInfos {
  server {
    id: "s3"
    address: "0.0.0.0:15012"
    clientAddress: "0.0.0.0:15014"
    adminAddress: "0.0.0.0:15013"
    startupRole: FOLLOWER
  }
  commitIndex: 18446744073709551615
}
commitInfos {
  server {
    id: "s4"
    address: "0.0.0.0:15016"
    clientAddress: "0.0.0.0:15018"
    adminAddress: "0.0.0.0:15017"
    startupRole: FOLLOWER
  }
  commitIndex: 2
}
)
2025-03-31 08:09:04,198 [main] WARN  util.LeakDetector (LeakDetector.java:assertNoLeaks(175)) - 10/30) numLeaks == 1 > 0, will wait and retry ...
2025-03-31 08:09:05,199 [main] WARN  util.ReferenceCountedLeakDetector (ReferenceCountedLeakDetector.java:logLeakMessage(167)) - LEAK: (class org.apache.ratis.proto.RaftProtos$AppendEntriesRequestProto, count=1, value=serverRequest {
  requestorId: "s1"
  replyId: "s2"
  raftGroupId {
    id: "\340\253q\253\231\322A\213\240\3623Pd\201\236\241"
  }
  callId: 12
}
leaderTerm: 2
previousLog {
  term: 2
  index: 2
}
entries {
  term: 2
  index: 3
  configurationEntry {
    peers {
      id: "s3"
      address: "0.0.0.0:15012"
      clientAddress: "0.0.0.0:15014"
      adminAddress: "0.0.0.0:15013"
      startupRole: FOLLOWER
    }
    peers {
      id: "s4"
      address: "0.0.0.0:15016"
      clientAddress: "0.0.0.0:15018"
      adminAddress: "0.0.0.0:15017"
      startupRole: FOLLOWER
    }
    peers {
      id: "s0"
      address: "localhost:15000"
      dataStreamAddress: "localhost:15003"
      clientAddress: "localhost:15002"
      adminAddress: "localhost:15001"
      startupRole: FOLLOWER
    }
    peers {
      id: "s1"
      address: "localhost:15004"
      dataStreamAddress: "localhost:15007"
      clientAddress: "localhost:15006"
      adminAddress: "localhost:15005"
      startupRole: FOLLOWER
    }
    peers {
      id: "s2"
      address: "localhost:15008"
      dataStreamAddress: "localhost:15011"
      clientAddress: "localhost:15010"
      adminAddress: "localhost:15009"
      startupRole: FOLLOWER
    }
    oldPeers {
      id: "s0"
      address: "localhost:15000"
      dataStreamAddress: "localhost:15003"
      clientAddress: "localhost:15002"
      adminAddress: "localhost:15001"
      startupRole: FOLLOWER
    }
    oldPeers {
      id: "s1"
      address: "localhost:15004"
      dataStreamAddress: "localhost:15007"
      clientAddress: "localhost:15006"
      adminAddress: "localhost:15005"
      startupRole: FOLLOWER
    }
    oldPeers {
      id: "s2"
      address: "localhost:15008"
      dataStreamAddress: "localhost:15011"
      clientAddress: "localhost:15010"
      adminAddress: "localhost:15009"
      startupRole: FOLLOWER
    }
  }
}
leaderCommit: 2
commitInfos {
  server {
    id: "s1"
    address: "localhost:15004"
    dataStreamAddress: "localhost:15007"
    clientAddress: "localhost:15006"
    adminAddress: "localhost:15005"
    startupRole: FOLLOWER
  }
  commitIndex: 2
}
commitInfos {
  server {
    id: "s0"
    address: "localhost:15000"
    dataStreamAddress: "localhost:15003"
    clientAddress: "localhost:15002"
    adminAddress: "localhost:15001"
    startupRole: FOLLOWER
  }
  commitIndex: 1
}
commitInfos {
  server {
    id: "s2"
    address: "localhost:15008"
    dataStreamAddress: "localhost:15011"
    clientAddress: "localhost:15010"
    adminAddress: "localhost:15009"
    startupRole: FOLLOWER
  }
  commitIndex: 1
}
commitInfos {
  server {
    id: "s3"
    address: "0.0.0.0:15012"
    clientAddress: "0.0.0.0:15014"
    adminAddress: "0.0.0.0:15013"
    startupRole: FOLLOWER
  }
  commitIndex: 18446744073709551615
}
commitInfos {
  server {
    id: "s4"
    address: "0.0.0.0:15016"
    clientAddress: "0.0.0.0:15018"
    adminAddress: "0.0.0.0:15017"
    startupRole: FOLLOWER
  }
  commitIndex: 2
}
)
2025-03-31 08:09:05,199 [main] WARN  util.LeakDetector (LeakDetector.java:assertNoLeaks(175)) - 11/30) numLeaks == 1 > 0, will wait and retry ...
2025-03-31 08:09:06,199 [main] WARN  util.ReferenceCountedLeakDetector (ReferenceCountedLeakDetector.java:logLeakMessage(167)) - LEAK: (class org.apache.ratis.proto.RaftProtos$AppendEntriesRequestProto, count=1, value=serverRequest {
  requestorId: "s1"
  replyId: "s2"
  raftGroupId {
    id: "\340\253q\253\231\322A\213\240\3623Pd\201\236\241"
  }
  callId: 12
}
leaderTerm: 2
previousLog {
  term: 2
  index: 2
}
entries {
  term: 2
  index: 3
  configurationEntry {
    peers {
      id: "s3"
      address: "0.0.0.0:15012"
      clientAddress: "0.0.0.0:15014"
      adminAddress: "0.0.0.0:15013"
      startupRole: FOLLOWER
    }
    peers {
      id: "s4"
      address: "0.0.0.0:15016"
      clientAddress: "0.0.0.0:15018"
      adminAddress: "0.0.0.0:15017"
      startupRole: FOLLOWER
    }
    peers {
      id: "s0"
      address: "localhost:15000"
      dataStreamAddress: "localhost:15003"
      clientAddress: "localhost:15002"
      adminAddress: "localhost:15001"
      startupRole: FOLLOWER
    }
    peers {
      id: "s1"
      address: "localhost:15004"
      dataStreamAddress: "localhost:15007"
      clientAddress: "localhost:15006"
      adminAddress: "localhost:15005"
      startupRole: FOLLOWER
    }
    peers {
      id: "s2"
      address: "localhost:15008"
      dataStreamAddress: "localhost:15011"
      clientAddress: "localhost:15010"
      adminAddress: "localhost:15009"
      startupRole: FOLLOWER
    }
    oldPeers {
      id: "s0"
      address: "localhost:15000"
      dataStreamAddress: "localhost:15003"
      clientAddress: "localhost:15002"
      adminAddress: "localhost:15001"
      startupRole: FOLLOWER
    }
    oldPeers {
      id: "s1"
      address: "localhost:15004"
      dataStreamAddress: "localhost:15007"
      clientAddress: "localhost:15006"
      adminAddress: "localhost:15005"
      startupRole: FOLLOWER
    }
    oldPeers {
      id: "s2"
      address: "localhost:15008"
      dataStreamAddress: "localhost:15011"
      clientAddress: "localhost:15010"
      adminAddress: "localhost:15009"
      startupRole: FOLLOWER
    }
  }
}
leaderCommit: 2
commitInfos {
  server {
    id: "s1"
    address: "localhost:15004"
    dataStreamAddress: "localhost:15007"
    clientAddress: "localhost:15006"
    adminAddress: "localhost:15005"
    startupRole: FOLLOWER
  }
  commitIndex: 2
}
commitInfos {
  server {
    id: "s0"
    address: "localhost:15000"
    dataStreamAddress: "localhost:15003"
    clientAddress: "localhost:15002"
    adminAddress: "localhost:15001"
    startupRole: FOLLOWER
  }
  commitIndex: 1
}
commitInfos {
  server {
    id: "s2"
    address: "localhost:15008"
    dataStreamAddress: "localhost:15011"
    clientAddress: "localhost:15010"
    adminAddress: "localhost:15009"
    startupRole: FOLLOWER
  }
  commitIndex: 1
}
commitInfos {
  server {
    id: "s3"
    address: "0.0.0.0:15012"
    clientAddress: "0.0.0.0:15014"
    adminAddress: "0.0.0.0:15013"
    startupRole: FOLLOWER
  }
  commitIndex: 18446744073709551615
}
commitInfos {
  server {
    id: "s4"
    address: "0.0.0.0:15016"
    clientAddress: "0.0.0.0:15018"
    adminAddress: "0.0.0.0:15017"
    startupRole: FOLLOWER
  }
  commitIndex: 2
}
)
2025-03-31 08:09:06,200 [main] WARN  util.LeakDetector (LeakDetector.java:assertNoLeaks(175)) - 12/30) numLeaks == 1 > 0, will wait and retry ...
2025-03-31 08:09:07,200 [main] WARN  util.ReferenceCountedLeakDetector (ReferenceCountedLeakDetector.java:logLeakMessage(167)) - LEAK: (class org.apache.ratis.proto.RaftProtos$AppendEntriesRequestProto, count=1, value=serverRequest {
  requestorId: "s1"
  replyId: "s2"
  raftGroupId {
    id: "\340\253q\253\231\322A\213\240\3623Pd\201\236\241"
  }
  callId: 12
}
leaderTerm: 2
previousLog {
  term: 2
  index: 2
}
entries {
  term: 2
  index: 3
  configurationEntry {
    peers {
      id: "s3"
      address: "0.0.0.0:15012"
      clientAddress: "0.0.0.0:15014"
      adminAddress: "0.0.0.0:15013"
      startupRole: FOLLOWER
    }
    peers {
      id: "s4"
      address: "0.0.0.0:15016"
      clientAddress: "0.0.0.0:15018"
      adminAddress: "0.0.0.0:15017"
      startupRole: FOLLOWER
    }
    peers {
      id: "s0"
      address: "localhost:15000"
      dataStreamAddress: "localhost:15003"
      clientAddress: "localhost:15002"
      adminAddress: "localhost:15001"
      startupRole: FOLLOWER
    }
    peers {
      id: "s1"
      address: "localhost:15004"
      dataStreamAddress: "localhost:15007"
      clientAddress: "localhost:15006"
      adminAddress: "localhost:15005"
      startupRole: FOLLOWER
    }
    peers {
      id: "s2"
      address: "localhost:15008"
      dataStreamAddress: "localhost:15011"
      clientAddress: "localhost:15010"
      adminAddress: "localhost:15009"
      startupRole: FOLLOWER
    }
    oldPeers {
      id: "s0"
      address: "localhost:15000"
      dataStreamAddress: "localhost:15003"
      clientAddress: "localhost:15002"
      adminAddress: "localhost:15001"
      startupRole: FOLLOWER
    }
    oldPeers {
      id: "s1"
      address: "localhost:15004"
      dataStreamAddress: "localhost:15007"
      clientAddress: "localhost:15006"
      adminAddress: "localhost:15005"
      startupRole: FOLLOWER
    }
    oldPeers {
      id: "s2"
      address: "localhost:15008"
      dataStreamAddress: "localhost:15011"
      clientAddress: "localhost:15010"
      adminAddress: "localhost:15009"
      startupRole: FOLLOWER
    }
  }
}
leaderCommit: 2
commitInfos {
  server {
    id: "s1"
    address: "localhost:15004"
    dataStreamAddress: "localhost:15007"
    clientAddress: "localhost:15006"
    adminAddress: "localhost:15005"
    startupRole: FOLLOWER
  }
  commitIndex: 2
}
commitInfos {
  server {
    id: "s0"
    address: "localhost:15000"
    dataStreamAddress: "localhost:15003"
    clientAddress: "localhost:15002"
    adminAddress: "localhost:15001"
    startupRole: FOLLOWER
  }
  commitIndex: 1
}
commitInfos {
  server {
    id: "s2"
    address: "localhost:15008"
    dataStreamAddress: "localhost:15011"
    clientAddress: "localhost:15010"
    adminAddress: "localhost:15009"
    startupRole: FOLLOWER
  }
  commitIndex: 1
}
commitInfos {
  server {
    id: "s3"
    address: "0.0.0.0:15012"
    clientAddress: "0.0.0.0:15014"
    adminAddress: "0.0.0.0:15013"
    startupRole: FOLLOWER
  }
  commitIndex: 18446744073709551615
}
commitInfos {
  server {
    id: "s4"
    address: "0.0.0.0:15016"
    clientAddress: "0.0.0.0:15018"
    adminAddress: "0.0.0.0:15017"
    startupRole: FOLLOWER
  }
  commitIndex: 2
}
)
2025-03-31 08:09:07,201 [main] WARN  util.LeakDetector (LeakDetector.java:assertNoLeaks(175)) - 13/30) numLeaks == 1 > 0, will wait and retry ...
2025-03-31 08:09:08,201 [main] WARN  util.ReferenceCountedLeakDetector (ReferenceCountedLeakDetector.java:logLeakMessage(167)) - LEAK: (class org.apache.ratis.proto.RaftProtos$AppendEntriesRequestProto, count=1, value=serverRequest {
  requestorId: "s1"
  replyId: "s2"
  raftGroupId {
    id: "\340\253q\253\231\322A\213\240\3623Pd\201\236\241"
  }
  callId: 12
}
leaderTerm: 2
previousLog {
  term: 2
  index: 2
}
entries {
  term: 2
  index: 3
  configurationEntry {
    peers {
      id: "s3"
      address: "0.0.0.0:15012"
      clientAddress: "0.0.0.0:15014"
      adminAddress: "0.0.0.0:15013"
      startupRole: FOLLOWER
    }
    peers {
      id: "s4"
      address: "0.0.0.0:15016"
      clientAddress: "0.0.0.0:15018"
      adminAddress: "0.0.0.0:15017"
      startupRole: FOLLOWER
    }
    peers {
      id: "s0"
      address: "localhost:15000"
      dataStreamAddress: "localhost:15003"
      clientAddress: "localhost:15002"
      adminAddress: "localhost:15001"
      startupRole: FOLLOWER
    }
    peers {
      id: "s1"
      address: "localhost:15004"
      dataStreamAddress: "localhost:15007"
      clientAddress: "localhost:15006"
      adminAddress: "localhost:15005"
      startupRole: FOLLOWER
    }
    peers {
      id: "s2"
      address: "localhost:15008"
      dataStreamAddress: "localhost:15011"
      clientAddress: "localhost:15010"
      adminAddress: "localhost:15009"
      startupRole: FOLLOWER
    }
    oldPeers {
      id: "s0"
      address: "localhost:15000"
      dataStreamAddress: "localhost:15003"
      clientAddress: "localhost:15002"
      adminAddress: "localhost:15001"
      startupRole: FOLLOWER
    }
    oldPeers {
      id: "s1"
      address: "localhost:15004"
      dataStreamAddress: "localhost:15007"
      clientAddress: "localhost:15006"
      adminAddress: "localhost:15005"
      startupRole: FOLLOWER
    }
    oldPeers {
      id: "s2"
      address: "localhost:15008"
      dataStreamAddress: "localhost:15011"
      clientAddress: "localhost:15010"
      adminAddress: "localhost:15009"
      startupRole: FOLLOWER
    }
  }
}
leaderCommit: 2
commitInfos {
  server {
    id: "s1"
    address: "localhost:15004"
    dataStreamAddress: "localhost:15007"
    clientAddress: "localhost:15006"
    adminAddress: "localhost:15005"
    startupRole: FOLLOWER
  }
  commitIndex: 2
}
commitInfos {
  server {
    id: "s0"
    address: "localhost:15000"
    dataStreamAddress: "localhost:15003"
    clientAddress: "localhost:15002"
    adminAddress: "localhost:15001"
    startupRole: FOLLOWER
  }
  commitIndex: 1
}
commitInfos {
  server {
    id: "s2"
    address: "localhost:15008"
    dataStreamAddress: "localhost:15011"
    clientAddress: "localhost:15010"
    adminAddress: "localhost:15009"
    startupRole: FOLLOWER
  }
  commitIndex: 1
}
commitInfos {
  server {
    id: "s3"
    address: "0.0.0.0:15012"
    clientAddress: "0.0.0.0:15014"
    adminAddress: "0.0.0.0:15013"
    startupRole: FOLLOWER
  }
  commitIndex: 18446744073709551615
}
commitInfos {
  server {
    id: "s4"
    address: "0.0.0.0:15016"
    clientAddress: "0.0.0.0:15018"
    adminAddress: "0.0.0.0:15017"
    startupRole: FOLLOWER
  }
  commitIndex: 2
}
)
2025-03-31 08:09:08,201 [main] WARN  util.LeakDetector (LeakDetector.java:assertNoLeaks(175)) - 14/30) numLeaks == 1 > 0, will wait and retry ...
2025-03-31 08:09:09,202 [main] WARN  util.ReferenceCountedLeakDetector (ReferenceCountedLeakDetector.java:logLeakMessage(167)) - LEAK: (class org.apache.ratis.proto.RaftProtos$AppendEntriesRequestProto, count=1, value=serverRequest {
  requestorId: "s1"
  replyId: "s2"
  raftGroupId {
    id: "\340\253q\253\231\322A\213\240\3623Pd\201\236\241"
  }
  callId: 12
}
leaderTerm: 2
previousLog {
  term: 2
  index: 2
}
entries {
  term: 2
  index: 3
  configurationEntry {
    peers {
      id: "s3"
      address: "0.0.0.0:15012"
      clientAddress: "0.0.0.0:15014"
      adminAddress: "0.0.0.0:15013"
      startupRole: FOLLOWER
    }
    peers {
      id: "s4"
      address: "0.0.0.0:15016"
      clientAddress: "0.0.0.0:15018"
      adminAddress: "0.0.0.0:15017"
      startupRole: FOLLOWER
    }
    peers {
      id: "s0"
      address: "localhost:15000"
      dataStreamAddress: "localhost:15003"
      clientAddress: "localhost:15002"
      adminAddress: "localhost:15001"
      startupRole: FOLLOWER
    }
    peers {
      id: "s1"
      address: "localhost:15004"
      dataStreamAddress: "localhost:15007"
      clientAddress: "localhost:15006"
      adminAddress: "localhost:15005"
      startupRole: FOLLOWER
    }
    peers {
      id: "s2"
      address: "localhost:15008"
      dataStreamAddress: "localhost:15011"
      clientAddress: "localhost:15010"
      adminAddress: "localhost:15009"
      startupRole: FOLLOWER
    }
    oldPeers {
      id: "s0"
      address: "localhost:15000"
      dataStreamAddress: "localhost:15003"
      clientAddress: "localhost:15002"
      adminAddress: "localhost:15001"
      startupRole: FOLLOWER
    }
    oldPeers {
      id: "s1"
      address: "localhost:15004"
      dataStreamAddress: "localhost:15007"
      clientAddress: "localhost:15006"
      adminAddress: "localhost:15005"
      startupRole: FOLLOWER
    }
    oldPeers {
      id: "s2"
      address: "localhost:15008"
      dataStreamAddress: "localhost:15011"
      clientAddress: "localhost:15010"
      adminAddress: "localhost:15009"
      startupRole: FOLLOWER
    }
  }
}
leaderCommit: 2
commitInfos {
  server {
    id: "s1"
    address: "localhost:15004"
    dataStreamAddress: "localhost:15007"
    clientAddress: "localhost:15006"
    adminAddress: "localhost:15005"
    startupRole: FOLLOWER
  }
  commitIndex: 2
}
commitInfos {
  server {
    id: "s0"
    address: "localhost:15000"
    dataStreamAddress: "localhost:15003"
    clientAddress: "localhost:15002"
    adminAddress: "localhost:15001"
    startupRole: FOLLOWER
  }
  commitIndex: 1
}
commitInfos {
  server {
    id: "s2"
    address: "localhost:15008"
    dataStreamAddress: "localhost:15011"
    clientAddress: "localhost:15010"
    adminAddress: "localhost:15009"
    startupRole: FOLLOWER
  }
  commitIndex: 1
}
commitInfos {
  server {
    id: "s3"
    address: "0.0.0.0:15012"
    clientAddress: "0.0.0.0:15014"
    adminAddress: "0.0.0.0:15013"
    startupRole: FOLLOWER
  }
  commitIndex: 18446744073709551615
}
commitInfos {
  server {
    id: "s4"
    address: "0.0.0.0:15016"
    clientAddress: "0.0.0.0:15018"
    adminAddress: "0.0.0.0:15017"
    startupRole: FOLLOWER
  }
  commitIndex: 2
}
)
2025-03-31 08:09:09,202 [main] WARN  util.LeakDetector (LeakDetector.java:assertNoLeaks(175)) - 15/30) numLeaks == 1 > 0, will wait and retry ...
2025-03-31 08:09:10,203 [main] WARN  util.ReferenceCountedLeakDetector (ReferenceCountedLeakDetector.java:logLeakMessage(167)) - LEAK: (class org.apache.ratis.proto.RaftProtos$AppendEntriesRequestProto, count=1, value=serverRequest {
  requestorId: "s1"
  replyId: "s2"
  raftGroupId {
    id: "\340\253q\253\231\322A\213\240\3623Pd\201\236\241"
  }
  callId: 12
}
leaderTerm: 2
previousLog {
  term: 2
  index: 2
}
entries {
  term: 2
  index: 3
  configurationEntry {
    peers {
      id: "s3"
      address: "0.0.0.0:15012"
      clientAddress: "0.0.0.0:15014"
      adminAddress: "0.0.0.0:15013"
      startupRole: FOLLOWER
    }
    peers {
      id: "s4"
      address: "0.0.0.0:15016"
      clientAddress: "0.0.0.0:15018"
      adminAddress: "0.0.0.0:15017"
      startupRole: FOLLOWER
    }
    peers {
      id: "s0"
      address: "localhost:15000"
      dataStreamAddress: "localhost:15003"
      clientAddress: "localhost:15002"
      adminAddress: "localhost:15001"
      startupRole: FOLLOWER
    }
    peers {
      id: "s1"
      address: "localhost:15004"
      dataStreamAddress: "localhost:15007"
      clientAddress: "localhost:15006"
      adminAddress: "localhost:15005"
      startupRole: FOLLOWER
    }
    peers {
      id: "s2"
      address: "localhost:15008"
      dataStreamAddress: "localhost:15011"
      clientAddress: "localhost:15010"
      adminAddress: "localhost:15009"
      startupRole: FOLLOWER
    }
    oldPeers {
      id: "s0"
      address: "localhost:15000"
      dataStreamAddress: "localhost:15003"
      clientAddress: "localhost:15002"
      adminAddress: "localhost:15001"
      startupRole: FOLLOWER
    }
    oldPeers {
      id: "s1"
      address: "localhost:15004"
      dataStreamAddress: "localhost:15007"
      clientAddress: "localhost:15006"
      adminAddress: "localhost:15005"
      startupRole: FOLLOWER
    }
    oldPeers {
      id: "s2"
      address: "localhost:15008"
      dataStreamAddress: "localhost:15011"
      clientAddress: "localhost:15010"
      adminAddress: "localhost:15009"
      startupRole: FOLLOWER
    }
  }
}
leaderCommit: 2
commitInfos {
  server {
    id: "s1"
    address: "localhost:15004"
    dataStreamAddress: "localhost:15007"
    clientAddress: "localhost:15006"
    adminAddress: "localhost:15005"
    startupRole: FOLLOWER
  }
  commitIndex: 2
}
commitInfos {
  server {
    id: "s0"
    address: "localhost:15000"
    dataStreamAddress: "localhost:15003"
    clientAddress: "localhost:15002"
    adminAddress: "localhost:15001"
    startupRole: FOLLOWER
  }
  commitIndex: 1
}
commitInfos {
  server {
    id: "s2"
    address: "localhost:15008"
    dataStreamAddress: "localhost:15011"
    clientAddress: "localhost:15010"
    adminAddress: "localhost:15009"
    startupRole: FOLLOWER
  }
  commitIndex: 1
}
commitInfos {
  server {
    id: "s3"
    address: "0.0.0.0:15012"
    clientAddress: "0.0.0.0:15014"
    adminAddress: "0.0.0.0:15013"
    startupRole: FOLLOWER
  }
  commitIndex: 18446744073709551615
}
commitInfos {
  server {
    id: "s4"
    address: "0.0.0.0:15016"
    clientAddress: "0.0.0.0:15018"
    adminAddress: "0.0.0.0:15017"
    startupRole: FOLLOWER
  }
  commitIndex: 2
}
)
2025-03-31 08:09:10,203 [main] WARN  util.LeakDetector (LeakDetector.java:assertNoLeaks(175)) - 16/30) numLeaks == 1 > 0, will wait and retry ...
2025-03-31 08:09:11,203 [main] WARN  util.ReferenceCountedLeakDetector (ReferenceCountedLeakDetector.java:logLeakMessage(167)) - LEAK: (class org.apache.ratis.proto.RaftProtos$AppendEntriesRequestProto, count=1, value=serverRequest {
  requestorId: "s1"
  replyId: "s2"
  raftGroupId {
    id: "\340\253q\253\231\322A\213\240\3623Pd\201\236\241"
  }
  callId: 12
}
leaderTerm: 2
previousLog {
  term: 2
  index: 2
}
entries {
  term: 2
  index: 3
  configurationEntry {
    peers {
      id: "s3"
      address: "0.0.0.0:15012"
      clientAddress: "0.0.0.0:15014"
      adminAddress: "0.0.0.0:15013"
      startupRole: FOLLOWER
    }
    peers {
      id: "s4"
      address: "0.0.0.0:15016"
      clientAddress: "0.0.0.0:15018"
      adminAddress: "0.0.0.0:15017"
      startupRole: FOLLOWER
    }
    peers {
      id: "s0"
      address: "localhost:15000"
      dataStreamAddress: "localhost:15003"
      clientAddress: "localhost:15002"
      adminAddress: "localhost:15001"
      startupRole: FOLLOWER
    }
    peers {
      id: "s1"
      address: "localhost:15004"
      dataStreamAddress: "localhost:15007"
      clientAddress: "localhost:15006"
      adminAddress: "localhost:15005"
      startupRole: FOLLOWER
    }
    peers {
      id: "s2"
      address: "localhost:15008"
      dataStreamAddress: "localhost:15011"
      clientAddress: "localhost:15010"
      adminAddress: "localhost:15009"
      startupRole: FOLLOWER
    }
    oldPeers {
      id: "s0"
      address: "localhost:15000"
      dataStreamAddress: "localhost:15003"
      clientAddress: "localhost:15002"
      adminAddress: "localhost:15001"
      startupRole: FOLLOWER
    }
    oldPeers {
      id: "s1"
      address: "localhost:15004"
      dataStreamAddress: "localhost:15007"
      clientAddress: "localhost:15006"
      adminAddress: "localhost:15005"
      startupRole: FOLLOWER
    }
    oldPeers {
      id: "s2"
      address: "localhost:15008"
      dataStreamAddress: "localhost:15011"
      clientAddress: "localhost:15010"
      adminAddress: "localhost:15009"
      startupRole: FOLLOWER
    }
  }
}
leaderCommit: 2
commitInfos {
  server {
    id: "s1"
    address: "localhost:15004"
    dataStreamAddress: "localhost:15007"
    clientAddress: "localhost:15006"
    adminAddress: "localhost:15005"
    startupRole: FOLLOWER
  }
  commitIndex: 2
}
commitInfos {
  server {
    id: "s0"
    address: "localhost:15000"
    dataStreamAddress: "localhost:15003"
    clientAddress: "localhost:15002"
    adminAddress: "localhost:15001"
    startupRole: FOLLOWER
  }
  commitIndex: 1
}
commitInfos {
  server {
    id: "s2"
    address: "localhost:15008"
    dataStreamAddress: "localhost:15011"
    clientAddress: "localhost:15010"
    adminAddress: "localhost:15009"
    startupRole: FOLLOWER
  }
  commitIndex: 1
}
commitInfos {
  server {
    id: "s3"
    address: "0.0.0.0:15012"
    clientAddress: "0.0.0.0:15014"
    adminAddress: "0.0.0.0:15013"
    startupRole: FOLLOWER
  }
  commitIndex: 18446744073709551615
}
commitInfos {
  server {
    id: "s4"
    address: "0.0.0.0:15016"
    clientAddress: "0.0.0.0:15018"
    adminAddress: "0.0.0.0:15017"
    startupRole: FOLLOWER
  }
  commitIndex: 2
}
)
2025-03-31 08:09:11,204 [main] WARN  util.LeakDetector (LeakDetector.java:assertNoLeaks(175)) - 17/30) numLeaks == 1 > 0, will wait and retry ...
2025-03-31 08:09:12,204 [main] WARN  util.ReferenceCountedLeakDetector (ReferenceCountedLeakDetector.java:logLeakMessage(167)) - LEAK: (class org.apache.ratis.proto.RaftProtos$AppendEntriesRequestProto, count=1, value=serverRequest {
  requestorId: "s1"
  replyId: "s2"
  raftGroupId {
    id: "\340\253q\253\231\322A\213\240\3623Pd\201\236\241"
  }
  callId: 12
}
leaderTerm: 2
previousLog {
  term: 2
  index: 2
}
entries {
  term: 2
  index: 3
  configurationEntry {
    peers {
      id: "s3"
      address: "0.0.0.0:15012"
      clientAddress: "0.0.0.0:15014"
      adminAddress: "0.0.0.0:15013"
      startupRole: FOLLOWER
    }
    peers {
      id: "s4"
      address: "0.0.0.0:15016"
      clientAddress: "0.0.0.0:15018"
      adminAddress: "0.0.0.0:15017"
      startupRole: FOLLOWER
    }
    peers {
      id: "s0"
      address: "localhost:15000"
      dataStreamAddress: "localhost:15003"
      clientAddress: "localhost:15002"
      adminAddress: "localhost:15001"
      startupRole: FOLLOWER
    }
    peers {
      id: "s1"
      address: "localhost:15004"
      dataStreamAddress: "localhost:15007"
      clientAddress: "localhost:15006"
      adminAddress: "localhost:15005"
      startupRole: FOLLOWER
    }
    peers {
      id: "s2"
      address: "localhost:15008"
      dataStreamAddress: "localhost:15011"
      clientAddress: "localhost:15010"
      adminAddress: "localhost:15009"
      startupRole: FOLLOWER
    }
    oldPeers {
      id: "s0"
      address: "localhost:15000"
      dataStreamAddress: "localhost:15003"
      clientAddress: "localhost:15002"
      adminAddress: "localhost:15001"
      startupRole: FOLLOWER
    }
    oldPeers {
      id: "s1"
      address: "localhost:15004"
      dataStreamAddress: "localhost:15007"
      clientAddress: "localhost:15006"
      adminAddress: "localhost:15005"
      startupRole: FOLLOWER
    }
    oldPeers {
      id: "s2"
      address: "localhost:15008"
      dataStreamAddress: "localhost:15011"
      clientAddress: "localhost:15010"
      adminAddress: "localhost:15009"
      startupRole: FOLLOWER
    }
  }
}
leaderCommit: 2
commitInfos {
  server {
    id: "s1"
    address: "localhost:15004"
    dataStreamAddress: "localhost:15007"
    clientAddress: "localhost:15006"
    adminAddress: "localhost:15005"
    startupRole: FOLLOWER
  }
  commitIndex: 2
}
commitInfos {
  server {
    id: "s0"
    address: "localhost:15000"
    dataStreamAddress: "localhost:15003"
    clientAddress: "localhost:15002"
    adminAddress: "localhost:15001"
    startupRole: FOLLOWER
  }
  commitIndex: 1
}
commitInfos {
  server {
    id: "s2"
    address: "localhost:15008"
    dataStreamAddress: "localhost:15011"
    clientAddress: "localhost:15010"
    adminAddress: "localhost:15009"
    startupRole: FOLLOWER
  }
  commitIndex: 1
}
commitInfos {
  server {
    id: "s3"
    address: "0.0.0.0:15012"
    clientAddress: "0.0.0.0:15014"
    adminAddress: "0.0.0.0:15013"
    startupRole: FOLLOWER
  }
  commitIndex: 18446744073709551615
}
commitInfos {
  server {
    id: "s4"
    address: "0.0.0.0:15016"
    clientAddress: "0.0.0.0:15018"
    adminAddress: "0.0.0.0:15017"
    startupRole: FOLLOWER
  }
  commitIndex: 2
}
)
2025-03-31 08:09:12,205 [main] WARN  util.LeakDetector (LeakDetector.java:assertNoLeaks(175)) - 18/30) numLeaks == 1 > 0, will wait and retry ...
2025-03-31 08:09:13,205 [main] WARN  util.ReferenceCountedLeakDetector (ReferenceCountedLeakDetector.java:logLeakMessage(167)) - LEAK: (class org.apache.ratis.proto.RaftProtos$AppendEntriesRequestProto, count=1, value=serverRequest {
  requestorId: "s1"
  replyId: "s2"
  raftGroupId {
    id: "\340\253q\253\231\322A\213\240\3623Pd\201\236\241"
  }
  callId: 12
}
leaderTerm: 2
previousLog {
  term: 2
  index: 2
}
entries {
  term: 2
  index: 3
  configurationEntry {
    peers {
      id: "s3"
      address: "0.0.0.0:15012"
      clientAddress: "0.0.0.0:15014"
      adminAddress: "0.0.0.0:15013"
      startupRole: FOLLOWER
    }
    peers {
      id: "s4"
      address: "0.0.0.0:15016"
      clientAddress: "0.0.0.0:15018"
      adminAddress: "0.0.0.0:15017"
      startupRole: FOLLOWER
    }
    peers {
      id: "s0"
      address: "localhost:15000"
      dataStreamAddress: "localhost:15003"
      clientAddress: "localhost:15002"
      adminAddress: "localhost:15001"
      startupRole: FOLLOWER
    }
    peers {
      id: "s1"
      address: "localhost:15004"
      dataStreamAddress: "localhost:15007"
      clientAddress: "localhost:15006"
      adminAddress: "localhost:15005"
      startupRole: FOLLOWER
    }
    peers {
      id: "s2"
      address: "localhost:15008"
      dataStreamAddress: "localhost:15011"
      clientAddress: "localhost:15010"
      adminAddress: "localhost:15009"
      startupRole: FOLLOWER
    }
    oldPeers {
      id: "s0"
      address: "localhost:15000"
      dataStreamAddress: "localhost:15003"
      clientAddress: "localhost:15002"
      adminAddress: "localhost:15001"
      startupRole: FOLLOWER
    }
    oldPeers {
      id: "s1"
      address: "localhost:15004"
      dataStreamAddress: "localhost:15007"
      clientAddress: "localhost:15006"
      adminAddress: "localhost:15005"
      startupRole: FOLLOWER
    }
    oldPeers {
      id: "s2"
      address: "localhost:15008"
      dataStreamAddress: "localhost:15011"
      clientAddress: "localhost:15010"
      adminAddress: "localhost:15009"
      startupRole: FOLLOWER
    }
  }
}
leaderCommit: 2
commitInfos {
  server {
    id: "s1"
    address: "localhost:15004"
    dataStreamAddress: "localhost:15007"
    clientAddress: "localhost:15006"
    adminAddress: "localhost:15005"
    startupRole: FOLLOWER
  }
  commitIndex: 2
}
commitInfos {
  server {
    id: "s0"
    address: "localhost:15000"
    dataStreamAddress: "localhost:15003"
    clientAddress: "localhost:15002"
    adminAddress: "localhost:15001"
    startupRole: FOLLOWER
  }
  commitIndex: 1
}
commitInfos {
  server {
    id: "s2"
    address: "localhost:15008"
    dataStreamAddress: "localhost:15011"
    clientAddress: "localhost:15010"
    adminAddress: "localhost:15009"
    startupRole: FOLLOWER
  }
  commitIndex: 1
}
commitInfos {
  server {
    id: "s3"
    address: "0.0.0.0:15012"
    clientAddress: "0.0.0.0:15014"
    adminAddress: "0.0.0.0:15013"
    startupRole: FOLLOWER
  }
  commitIndex: 18446744073709551615
}
commitInfos {
  server {
    id: "s4"
    address: "0.0.0.0:15016"
    clientAddress: "0.0.0.0:15018"
    adminAddress: "0.0.0.0:15017"
    startupRole: FOLLOWER
  }
  commitIndex: 2
}
)
2025-03-31 08:09:13,206 [main] WARN  util.LeakDetector (LeakDetector.java:assertNoLeaks(175)) - 19/30) numLeaks == 1 > 0, will wait and retry ...
2025-03-31 08:09:14,206 [main] WARN  util.ReferenceCountedLeakDetector (ReferenceCountedLeakDetector.java:logLeakMessage(167)) - LEAK: (class org.apache.ratis.proto.RaftProtos$AppendEntriesRequestProto, count=1, value=serverRequest {
  requestorId: "s1"
  replyId: "s2"
  raftGroupId {
    id: "\340\253q\253\231\322A\213\240\3623Pd\201\236\241"
  }
  callId: 12
}
leaderTerm: 2
previousLog {
  term: 2
  index: 2
}
entries {
  term: 2
  index: 3
  configurationEntry {
    peers {
      id: "s3"
      address: "0.0.0.0:15012"
      clientAddress: "0.0.0.0:15014"
      adminAddress: "0.0.0.0:15013"
      startupRole: FOLLOWER
    }
    peers {
      id: "s4"
      address: "0.0.0.0:15016"
      clientAddress: "0.0.0.0:15018"
      adminAddress: "0.0.0.0:15017"
      startupRole: FOLLOWER
    }
    peers {
      id: "s0"
      address: "localhost:15000"
      dataStreamAddress: "localhost:15003"
      clientAddress: "localhost:15002"
      adminAddress: "localhost:15001"
      startupRole: FOLLOWER
    }
    peers {
      id: "s1"
      address: "localhost:15004"
      dataStreamAddress: "localhost:15007"
      clientAddress: "localhost:15006"
      adminAddress: "localhost:15005"
      startupRole: FOLLOWER
    }
    peers {
      id: "s2"
      address: "localhost:15008"
      dataStreamAddress: "localhost:15011"
      clientAddress: "localhost:15010"
      adminAddress: "localhost:15009"
      startupRole: FOLLOWER
    }
    oldPeers {
      id: "s0"
      address: "localhost:15000"
      dataStreamAddress: "localhost:15003"
      clientAddress: "localhost:15002"
      adminAddress: "localhost:15001"
      startupRole: FOLLOWER
    }
    oldPeers {
      id: "s1"
      address: "localhost:15004"
      dataStreamAddress: "localhost:15007"
      clientAddress: "localhost:15006"
      adminAddress: "localhost:15005"
      startupRole: FOLLOWER
    }
    oldPeers {
      id: "s2"
      address: "localhost:15008"
      dataStreamAddress: "localhost:15011"
      clientAddress: "localhost:15010"
      adminAddress: "localhost:15009"
      startupRole: FOLLOWER
    }
  }
}
leaderCommit: 2
commitInfos {
  server {
    id: "s1"
    address: "localhost:15004"
    dataStreamAddress: "localhost:15007"
    clientAddress: "localhost:15006"
    adminAddress: "localhost:15005"
    startupRole: FOLLOWER
  }
  commitIndex: 2
}
commitInfos {
  server {
    id: "s0"
    address: "localhost:15000"
    dataStreamAddress: "localhost:15003"
    clientAddress: "localhost:15002"
    adminAddress: "localhost:15001"
    startupRole: FOLLOWER
  }
  commitIndex: 1
}
commitInfos {
  server {
    id: "s2"
    address: "localhost:15008"
    dataStreamAddress: "localhost:15011"
    clientAddress: "localhost:15010"
    adminAddress: "localhost:15009"
    startupRole: FOLLOWER
  }
  commitIndex: 1
}
commitInfos {
  server {
    id: "s3"
    address: "0.0.0.0:15012"
    clientAddress: "0.0.0.0:15014"
    adminAddress: "0.0.0.0:15013"
    startupRole: FOLLOWER
  }
  commitIndex: 18446744073709551615
}
commitInfos {
  server {
    id: "s4"
    address: "0.0.0.0:15016"
    clientAddress: "0.0.0.0:15018"
    adminAddress: "0.0.0.0:15017"
    startupRole: FOLLOWER
  }
  commitIndex: 2
}
)
2025-03-31 08:09:14,206 [main] WARN  util.LeakDetector (LeakDetector.java:assertNoLeaks(175)) - 20/30) numLeaks == 1 > 0, will wait and retry ...
2025-03-31 08:09:15,207 [main] WARN  util.ReferenceCountedLeakDetector (ReferenceCountedLeakDetector.java:logLeakMessage(167)) - LEAK: (class org.apache.ratis.proto.RaftProtos$AppendEntriesRequestProto, count=1, value=serverRequest {
  requestorId: "s1"
  replyId: "s2"
  raftGroupId {
    id: "\340\253q\253\231\322A\213\240\3623Pd\201\236\241"
  }
  callId: 12
}
leaderTerm: 2
previousLog {
  term: 2
  index: 2
}
entries {
  term: 2
  index: 3
  configurationEntry {
    peers {
      id: "s3"
      address: "0.0.0.0:15012"
      clientAddress: "0.0.0.0:15014"
      adminAddress: "0.0.0.0:15013"
      startupRole: FOLLOWER
    }
    peers {
      id: "s4"
      address: "0.0.0.0:15016"
      clientAddress: "0.0.0.0:15018"
      adminAddress: "0.0.0.0:15017"
      startupRole: FOLLOWER
    }
    peers {
      id: "s0"
      address: "localhost:15000"
      dataStreamAddress: "localhost:15003"
      clientAddress: "localhost:15002"
      adminAddress: "localhost:15001"
      startupRole: FOLLOWER
    }
    peers {
      id: "s1"
      address: "localhost:15004"
      dataStreamAddress: "localhost:15007"
      clientAddress: "localhost:15006"
      adminAddress: "localhost:15005"
      startupRole: FOLLOWER
    }
    peers {
      id: "s2"
      address: "localhost:15008"
      dataStreamAddress: "localhost:15011"
      clientAddress: "localhost:15010"
      adminAddress: "localhost:15009"
      startupRole: FOLLOWER
    }
    oldPeers {
      id: "s0"
      address: "localhost:15000"
      dataStreamAddress: "localhost:15003"
      clientAddress: "localhost:15002"
      adminAddress: "localhost:15001"
      startupRole: FOLLOWER
    }
    oldPeers {
      id: "s1"
      address: "localhost:15004"
      dataStreamAddress: "localhost:15007"
      clientAddress: "localhost:15006"
      adminAddress: "localhost:15005"
      startupRole: FOLLOWER
    }
    oldPeers {
      id: "s2"
      address: "localhost:15008"
      dataStreamAddress: "localhost:15011"
      clientAddress: "localhost:15010"
      adminAddress: "localhost:15009"
      startupRole: FOLLOWER
    }
  }
}
leaderCommit: 2
commitInfos {
  server {
    id: "s1"
    address: "localhost:15004"
    dataStreamAddress: "localhost:15007"
    clientAddress: "localhost:15006"
    adminAddress: "localhost:15005"
    startupRole: FOLLOWER
  }
  commitIndex: 2
}
commitInfos {
  server {
    id: "s0"
    address: "localhost:15000"
    dataStreamAddress: "localhost:15003"
    clientAddress: "localhost:15002"
    adminAddress: "localhost:15001"
    startupRole: FOLLOWER
  }
  commitIndex: 1
}
commitInfos {
  server {
    id: "s2"
    address: "localhost:15008"
    dataStreamAddress: "localhost:15011"
    clientAddress: "localhost:15010"
    adminAddress: "localhost:15009"
    startupRole: FOLLOWER
  }
  commitIndex: 1
}
commitInfos {
  server {
    id: "s3"
    address: "0.0.0.0:15012"
    clientAddress: "0.0.0.0:15014"
    adminAddress: "0.0.0.0:15013"
    startupRole: FOLLOWER
  }
  commitIndex: 18446744073709551615
}
commitInfos {
  server {
    id: "s4"
    address: "0.0.0.0:15016"
    clientAddress: "0.0.0.0:15018"
    adminAddress: "0.0.0.0:15017"
    startupRole: FOLLOWER
  }
  commitIndex: 2
}
)
2025-03-31 08:09:15,207 [main] WARN  util.LeakDetector (LeakDetector.java:assertNoLeaks(175)) - 21/30) numLeaks == 1 > 0, will wait and retry ...
2025-03-31 08:09:16,207 [main] WARN  util.ReferenceCountedLeakDetector (ReferenceCountedLeakDetector.java:logLeakMessage(167)) - LEAK: (class org.apache.ratis.proto.RaftProtos$AppendEntriesRequestProto, count=1, value=serverRequest {
  requestorId: "s1"
  replyId: "s2"
  raftGroupId {
    id: "\340\253q\253\231\322A\213\240\3623Pd\201\236\241"
  }
  callId: 12
}
leaderTerm: 2
previousLog {
  term: 2
  index: 2
}
entries {
  term: 2
  index: 3
  configurationEntry {
    peers {
      id: "s3"
      address: "0.0.0.0:15012"
      clientAddress: "0.0.0.0:15014"
      adminAddress: "0.0.0.0:15013"
      startupRole: FOLLOWER
    }
    peers {
      id: "s4"
      address: "0.0.0.0:15016"
      clientAddress: "0.0.0.0:15018"
      adminAddress: "0.0.0.0:15017"
      startupRole: FOLLOWER
    }
    peers {
      id: "s0"
      address: "localhost:15000"
      dataStreamAddress: "localhost:15003"
      clientAddress: "localhost:15002"
      adminAddress: "localhost:15001"
      startupRole: FOLLOWER
    }
    peers {
      id: "s1"
      address: "localhost:15004"
      dataStreamAddress: "localhost:15007"
      clientAddress: "localhost:15006"
      adminAddress: "localhost:15005"
      startupRole: FOLLOWER
    }
    peers {
      id: "s2"
      address: "localhost:15008"
      dataStreamAddress: "localhost:15011"
      clientAddress: "localhost:15010"
      adminAddress: "localhost:15009"
      startupRole: FOLLOWER
    }
    oldPeers {
      id: "s0"
      address: "localhost:15000"
      dataStreamAddress: "localhost:15003"
      clientAddress: "localhost:15002"
      adminAddress: "localhost:15001"
      startupRole: FOLLOWER
    }
    oldPeers {
      id: "s1"
      address: "localhost:15004"
      dataStreamAddress: "localhost:15007"
      clientAddress: "localhost:15006"
      adminAddress: "localhost:15005"
      startupRole: FOLLOWER
    }
    oldPeers {
      id: "s2"
      address: "localhost:15008"
      dataStreamAddress: "localhost:15011"
      clientAddress: "localhost:15010"
      adminAddress: "localhost:15009"
      startupRole: FOLLOWER
    }
  }
}
leaderCommit: 2
commitInfos {
  server {
    id: "s1"
    address: "localhost:15004"
    dataStreamAddress: "localhost:15007"
    clientAddress: "localhost:15006"
    adminAddress: "localhost:15005"
    startupRole: FOLLOWER
  }
  commitIndex: 2
}
commitInfos {
  server {
    id: "s0"
    address: "localhost:15000"
    dataStreamAddress: "localhost:15003"
    clientAddress: "localhost:15002"
    adminAddress: "localhost:15001"
    startupRole: FOLLOWER
  }
  commitIndex: 1
}
commitInfos {
  server {
    id: "s2"
    address: "localhost:15008"
    dataStreamAddress: "localhost:15011"
    clientAddress: "localhost:15010"
    adminAddress: "localhost:15009"
    startupRole: FOLLOWER
  }
  commitIndex: 1
}
commitInfos {
  server {
    id: "s3"
    address: "0.0.0.0:15012"
    clientAddress: "0.0.0.0:15014"
    adminAddress: "0.0.0.0:15013"
    startupRole: FOLLOWER
  }
  commitIndex: 18446744073709551615
}
commitInfos {
  server {
    id: "s4"
    address: "0.0.0.0:15016"
    clientAddress: "0.0.0.0:15018"
    adminAddress: "0.0.0.0:15017"
    startupRole: FOLLOWER
  }
  commitIndex: 2
}
)
2025-03-31 08:09:16,208 [main] WARN  util.LeakDetector (LeakDetector.java:assertNoLeaks(175)) - 22/30) numLeaks == 1 > 0, will wait and retry ...
2025-03-31 08:09:17,208 [main] WARN  util.ReferenceCountedLeakDetector (ReferenceCountedLeakDetector.java:logLeakMessage(167)) - LEAK: (class org.apache.ratis.proto.RaftProtos$AppendEntriesRequestProto, count=1, value=serverRequest {
  requestorId: "s1"
  replyId: "s2"
  raftGroupId {
    id: "\340\253q\253\231\322A\213\240\3623Pd\201\236\241"
  }
  callId: 12
}
leaderTerm: 2
previousLog {
  term: 2
  index: 2
}
entries {
  term: 2
  index: 3
  configurationEntry {
    peers {
      id: "s3"
      address: "0.0.0.0:15012"
      clientAddress: "0.0.0.0:15014"
      adminAddress: "0.0.0.0:15013"
      startupRole: FOLLOWER
    }
    peers {
      id: "s4"
      address: "0.0.0.0:15016"
      clientAddress: "0.0.0.0:15018"
      adminAddress: "0.0.0.0:15017"
      startupRole: FOLLOWER
    }
    peers {
      id: "s0"
      address: "localhost:15000"
      dataStreamAddress: "localhost:15003"
      clientAddress: "localhost:15002"
      adminAddress: "localhost:15001"
      startupRole: FOLLOWER
    }
    peers {
      id: "s1"
      address: "localhost:15004"
      dataStreamAddress: "localhost:15007"
      clientAddress: "localhost:15006"
      adminAddress: "localhost:15005"
      startupRole: FOLLOWER
    }
    peers {
      id: "s2"
      address: "localhost:15008"
      dataStreamAddress: "localhost:15011"
      clientAddress: "localhost:15010"
      adminAddress: "localhost:15009"
      startupRole: FOLLOWER
    }
    oldPeers {
      id: "s0"
      address: "localhost:15000"
      dataStreamAddress: "localhost:15003"
      clientAddress: "localhost:15002"
      adminAddress: "localhost:15001"
      startupRole: FOLLOWER
    }
    oldPeers {
      id: "s1"
      address: "localhost:15004"
      dataStreamAddress: "localhost:15007"
      clientAddress: "localhost:15006"
      adminAddress: "localhost:15005"
      startupRole: FOLLOWER
    }
    oldPeers {
      id: "s2"
      address: "localhost:15008"
      dataStreamAddress: "localhost:15011"
      clientAddress: "localhost:15010"
      adminAddress: "localhost:15009"
      startupRole: FOLLOWER
    }
  }
}
leaderCommit: 2
commitInfos {
  server {
    id: "s1"
    address: "localhost:15004"
    dataStreamAddress: "localhost:15007"
    clientAddress: "localhost:15006"
    adminAddress: "localhost:15005"
    startupRole: FOLLOWER
  }
  commitIndex: 2
}
commitInfos {
  server {
    id: "s0"
    address: "localhost:15000"
    dataStreamAddress: "localhost:15003"
    clientAddress: "localhost:15002"
    adminAddress: "localhost:15001"
    startupRole: FOLLOWER
  }
  commitIndex: 1
}
commitInfos {
  server {
    id: "s2"
    address: "localhost:15008"
    dataStreamAddress: "localhost:15011"
    clientAddress: "localhost:15010"
    adminAddress: "localhost:15009"
    startupRole: FOLLOWER
  }
  commitIndex: 1
}
commitInfos {
  server {
    id: "s3"
    address: "0.0.0.0:15012"
    clientAddress: "0.0.0.0:15014"
    adminAddress: "0.0.0.0:15013"
    startupRole: FOLLOWER
  }
  commitIndex: 18446744073709551615
}
commitInfos {
  server {
    id: "s4"
    address: "0.0.0.0:15016"
    clientAddress: "0.0.0.0:15018"
    adminAddress: "0.0.0.0:15017"
    startupRole: FOLLOWER
  }
  commitIndex: 2
}
)
2025-03-31 08:09:17,209 [main] WARN  util.LeakDetector (LeakDetector.java:assertNoLeaks(175)) - 23/30) numLeaks == 1 > 0, will wait and retry ...
2025-03-31 08:09:18,209 [main] WARN  util.ReferenceCountedLeakDetector (ReferenceCountedLeakDetector.java:logLeakMessage(167)) - LEAK: (class org.apache.ratis.proto.RaftProtos$AppendEntriesRequestProto, count=1, value=serverRequest {
  requestorId: "s1"
  replyId: "s2"
  raftGroupId {
    id: "\340\253q\253\231\322A\213\240\3623Pd\201\236\241"
  }
  callId: 12
}
leaderTerm: 2
previousLog {
  term: 2
  index: 2
}
entries {
  term: 2
  index: 3
  configurationEntry {
    peers {
      id: "s3"
      address: "0.0.0.0:15012"
      clientAddress: "0.0.0.0:15014"
      adminAddress: "0.0.0.0:15013"
      startupRole: FOLLOWER
    }
    peers {
      id: "s4"
      address: "0.0.0.0:15016"
      clientAddress: "0.0.0.0:15018"
      adminAddress: "0.0.0.0:15017"
      startupRole: FOLLOWER
    }
    peers {
      id: "s0"
      address: "localhost:15000"
      dataStreamAddress: "localhost:15003"
      clientAddress: "localhost:15002"
      adminAddress: "localhost:15001"
      startupRole: FOLLOWER
    }
    peers {
      id: "s1"
      address: "localhost:15004"
      dataStreamAddress: "localhost:15007"
      clientAddress: "localhost:15006"
      adminAddress: "localhost:15005"
      startupRole: FOLLOWER
    }
    peers {
      id: "s2"
      address: "localhost:15008"
      dataStreamAddress: "localhost:15011"
      clientAddress: "localhost:15010"
      adminAddress: "localhost:15009"
      startupRole: FOLLOWER
    }
    oldPeers {
      id: "s0"
      address: "localhost:15000"
      dataStreamAddress: "localhost:15003"
      clientAddress: "localhost:15002"
      adminAddress: "localhost:15001"
      startupRole: FOLLOWER
    }
    oldPeers {
      id: "s1"
      address: "localhost:15004"
      dataStreamAddress: "localhost:15007"
      clientAddress: "localhost:15006"
      adminAddress: "localhost:15005"
      startupRole: FOLLOWER
    }
    oldPeers {
      id: "s2"
      address: "localhost:15008"
      dataStreamAddress: "localhost:15011"
      clientAddress: "localhost:15010"
      adminAddress: "localhost:15009"
      startupRole: FOLLOWER
    }
  }
}
leaderCommit: 2
commitInfos {
  server {
    id: "s1"
    address: "localhost:15004"
    dataStreamAddress: "localhost:15007"
    clientAddress: "localhost:15006"
    adminAddress: "localhost:15005"
    startupRole: FOLLOWER
  }
  commitIndex: 2
}
commitInfos {
  server {
    id: "s0"
    address: "localhost:15000"
    dataStreamAddress: "localhost:15003"
    clientAddress: "localhost:15002"
    adminAddress: "localhost:15001"
    startupRole: FOLLOWER
  }
  commitIndex: 1
}
commitInfos {
  server {
    id: "s2"
    address: "localhost:15008"
    dataStreamAddress: "localhost:15011"
    clientAddress: "localhost:15010"
    adminAddress: "localhost:15009"
    startupRole: FOLLOWER
  }
  commitIndex: 1
}
commitInfos {
  server {
    id: "s3"
    address: "0.0.0.0:15012"
    clientAddress: "0.0.0.0:15014"
    adminAddress: "0.0.0.0:15013"
    startupRole: FOLLOWER
  }
  commitIndex: 18446744073709551615
}
commitInfos {
  server {
    id: "s4"
    address: "0.0.0.0:15016"
    clientAddress: "0.0.0.0:15018"
    adminAddress: "0.0.0.0:15017"
    startupRole: FOLLOWER
  }
  commitIndex: 2
}
)
2025-03-31 08:09:18,209 [main] WARN  util.LeakDetector (LeakDetector.java:assertNoLeaks(175)) - 24/30) numLeaks == 1 > 0, will wait and retry ...
2025-03-31 08:09:19,210 [main] WARN  util.ReferenceCountedLeakDetector (ReferenceCountedLeakDetector.java:logLeakMessage(167)) - LEAK: (class org.apache.ratis.proto.RaftProtos$AppendEntriesRequestProto, count=1, value=serverRequest {
  requestorId: "s1"
  replyId: "s2"
  raftGroupId {
    id: "\340\253q\253\231\322A\213\240\3623Pd\201\236\241"
  }
  callId: 12
}
leaderTerm: 2
previousLog {
  term: 2
  index: 2
}
entries {
  term: 2
  index: 3
  configurationEntry {
    peers {
      id: "s3"
      address: "0.0.0.0:15012"
      clientAddress: "0.0.0.0:15014"
      adminAddress: "0.0.0.0:15013"
      startupRole: FOLLOWER
    }
    peers {
      id: "s4"
      address: "0.0.0.0:15016"
      clientAddress: "0.0.0.0:15018"
      adminAddress: "0.0.0.0:15017"
      startupRole: FOLLOWER
    }
    peers {
      id: "s0"
      address: "localhost:15000"
      dataStreamAddress: "localhost:15003"
      clientAddress: "localhost:15002"
      adminAddress: "localhost:15001"
      startupRole: FOLLOWER
    }
    peers {
      id: "s1"
      address: "localhost:15004"
      dataStreamAddress: "localhost:15007"
      clientAddress: "localhost:15006"
      adminAddress: "localhost:15005"
      startupRole: FOLLOWER
    }
    peers {
      id: "s2"
      address: "localhost:15008"
      dataStreamAddress: "localhost:15011"
      clientAddress: "localhost:15010"
      adminAddress: "localhost:15009"
      startupRole: FOLLOWER
    }
    oldPeers {
      id: "s0"
      address: "localhost:15000"
      dataStreamAddress: "localhost:15003"
      clientAddress: "localhost:15002"
      adminAddress: "localhost:15001"
      startupRole: FOLLOWER
    }
    oldPeers {
      id: "s1"
      address: "localhost:15004"
      dataStreamAddress: "localhost:15007"
      clientAddress: "localhost:15006"
      adminAddress: "localhost:15005"
      startupRole: FOLLOWER
    }
    oldPeers {
      id: "s2"
      address: "localhost:15008"
      dataStreamAddress: "localhost:15011"
      clientAddress: "localhost:15010"
      adminAddress: "localhost:15009"
      startupRole: FOLLOWER
    }
  }
}
leaderCommit: 2
commitInfos {
  server {
    id: "s1"
    address: "localhost:15004"
    dataStreamAddress: "localhost:15007"
    clientAddress: "localhost:15006"
    adminAddress: "localhost:15005"
    startupRole: FOLLOWER
  }
  commitIndex: 2
}
commitInfos {
  server {
    id: "s0"
    address: "localhost:15000"
    dataStreamAddress: "localhost:15003"
    clientAddress: "localhost:15002"
    adminAddress: "localhost:15001"
    startupRole: FOLLOWER
  }
  commitIndex: 1
}
commitInfos {
  server {
    id: "s2"
    address: "localhost:15008"
    dataStreamAddress: "localhost:15011"
    clientAddress: "localhost:15010"
    adminAddress: "localhost:15009"
    startupRole: FOLLOWER
  }
  commitIndex: 1
}
commitInfos {
  server {
    id: "s3"
    address: "0.0.0.0:15012"
    clientAddress: "0.0.0.0:15014"
    adminAddress: "0.0.0.0:15013"
    startupRole: FOLLOWER
  }
  commitIndex: 18446744073709551615
}
commitInfos {
  server {
    id: "s4"
    address: "0.0.0.0:15016"
    clientAddress: "0.0.0.0:15018"
    adminAddress: "0.0.0.0:15017"
    startupRole: FOLLOWER
  }
  commitIndex: 2
}
)
2025-03-31 08:09:19,210 [main] WARN  util.LeakDetector (LeakDetector.java:assertNoLeaks(175)) - 25/30) numLeaks == 1 > 0, will wait and retry ...
2025-03-31 08:09:20,211 [main] WARN  util.ReferenceCountedLeakDetector (ReferenceCountedLeakDetector.java:logLeakMessage(167)) - LEAK: (class org.apache.ratis.proto.RaftProtos$AppendEntriesRequestProto, count=1, value=serverRequest {
  requestorId: "s1"
  replyId: "s2"
  raftGroupId {
    id: "\340\253q\253\231\322A\213\240\3623Pd\201\236\241"
  }
  callId: 12
}
leaderTerm: 2
previousLog {
  term: 2
  index: 2
}
entries {
  term: 2
  index: 3
  configurationEntry {
    peers {
      id: "s3"
      address: "0.0.0.0:15012"
      clientAddress: "0.0.0.0:15014"
      adminAddress: "0.0.0.0:15013"
      startupRole: FOLLOWER
    }
    peers {
      id: "s4"
      address: "0.0.0.0:15016"
      clientAddress: "0.0.0.0:15018"
      adminAddress: "0.0.0.0:15017"
      startupRole: FOLLOWER
    }
    peers {
      id: "s0"
      address: "localhost:15000"
      dataStreamAddress: "localhost:15003"
      clientAddress: "localhost:15002"
      adminAddress: "localhost:15001"
      startupRole: FOLLOWER
    }
    peers {
      id: "s1"
      address: "localhost:15004"
      dataStreamAddress: "localhost:15007"
      clientAddress: "localhost:15006"
      adminAddress: "localhost:15005"
      startupRole: FOLLOWER
    }
    peers {
      id: "s2"
      address: "localhost:15008"
      dataStreamAddress: "localhost:15011"
      clientAddress: "localhost:15010"
      adminAddress: "localhost:15009"
      startupRole: FOLLOWER
    }
    oldPeers {
      id: "s0"
      address: "localhost:15000"
      dataStreamAddress: "localhost:15003"
      clientAddress: "localhost:15002"
      adminAddress: "localhost:15001"
      startupRole: FOLLOWER
    }
    oldPeers {
      id: "s1"
      address: "localhost:15004"
      dataStreamAddress: "localhost:15007"
      clientAddress: "localhost:15006"
      adminAddress: "localhost:15005"
      startupRole: FOLLOWER
    }
    oldPeers {
      id: "s2"
      address: "localhost:15008"
      dataStreamAddress: "localhost:15011"
      clientAddress: "localhost:15010"
      adminAddress: "localhost:15009"
      startupRole: FOLLOWER
    }
  }
}
leaderCommit: 2
commitInfos {
  server {
    id: "s1"
    address: "localhost:15004"
    dataStreamAddress: "localhost:15007"
    clientAddress: "localhost:15006"
    adminAddress: "localhost:15005"
    startupRole: FOLLOWER
  }
  commitIndex: 2
}
commitInfos {
  server {
    id: "s0"
    address: "localhost:15000"
    dataStreamAddress: "localhost:15003"
    clientAddress: "localhost:15002"
    adminAddress: "localhost:15001"
    startupRole: FOLLOWER
  }
  commitIndex: 1
}
commitInfos {
  server {
    id: "s2"
    address: "localhost:15008"
    dataStreamAddress: "localhost:15011"
    clientAddress: "localhost:15010"
    adminAddress: "localhost:15009"
    startupRole: FOLLOWER
  }
  commitIndex: 1
}
commitInfos {
  server {
    id: "s3"
    address: "0.0.0.0:15012"
    clientAddress: "0.0.0.0:15014"
    adminAddress: "0.0.0.0:15013"
    startupRole: FOLLOWER
  }
  commitIndex: 18446744073709551615
}
commitInfos {
  server {
    id: "s4"
    address: "0.0.0.0:15016"
    clientAddress: "0.0.0.0:15018"
    adminAddress: "0.0.0.0:15017"
    startupRole: FOLLOWER
  }
  commitIndex: 2
}
)
2025-03-31 08:09:20,211 [main] WARN  util.LeakDetector (LeakDetector.java:assertNoLeaks(175)) - 26/30) numLeaks == 1 > 0, will wait and retry ...
2025-03-31 08:09:21,211 [main] WARN  util.ReferenceCountedLeakDetector (ReferenceCountedLeakDetector.java:logLeakMessage(167)) - LEAK: (class org.apache.ratis.proto.RaftProtos$AppendEntriesRequestProto, count=1, value=serverRequest {
  requestorId: "s1"
  replyId: "s2"
  raftGroupId {
    id: "\340\253q\253\231\322A\213\240\3623Pd\201\236\241"
  }
  callId: 12
}
leaderTerm: 2
previousLog {
  term: 2
  index: 2
}
entries {
  term: 2
  index: 3
  configurationEntry {
    peers {
      id: "s3"
      address: "0.0.0.0:15012"
      clientAddress: "0.0.0.0:15014"
      adminAddress: "0.0.0.0:15013"
      startupRole: FOLLOWER
    }
    peers {
      id: "s4"
      address: "0.0.0.0:15016"
      clientAddress: "0.0.0.0:15018"
      adminAddress: "0.0.0.0:15017"
      startupRole: FOLLOWER
    }
    peers {
      id: "s0"
      address: "localhost:15000"
      dataStreamAddress: "localhost:15003"
      clientAddress: "localhost:15002"
      adminAddress: "localhost:15001"
      startupRole: FOLLOWER
    }
    peers {
      id: "s1"
      address: "localhost:15004"
      dataStreamAddress: "localhost:15007"
      clientAddress: "localhost:15006"
      adminAddress: "localhost:15005"
      startupRole: FOLLOWER
    }
    peers {
      id: "s2"
      address: "localhost:15008"
      dataStreamAddress: "localhost:15011"
      clientAddress: "localhost:15010"
      adminAddress: "localhost:15009"
      startupRole: FOLLOWER
    }
    oldPeers {
      id: "s0"
      address: "localhost:15000"
      dataStreamAddress: "localhost:15003"
      clientAddress: "localhost:15002"
      adminAddress: "localhost:15001"
      startupRole: FOLLOWER
    }
    oldPeers {
      id: "s1"
      address: "localhost:15004"
      dataStreamAddress: "localhost:15007"
      clientAddress: "localhost:15006"
      adminAddress: "localhost:15005"
      startupRole: FOLLOWER
    }
    oldPeers {
      id: "s2"
      address: "localhost:15008"
      dataStreamAddress: "localhost:15011"
      clientAddress: "localhost:15010"
      adminAddress: "localhost:15009"
      startupRole: FOLLOWER
    }
  }
}
leaderCommit: 2
commitInfos {
  server {
    id: "s1"
    address: "localhost:15004"
    dataStreamAddress: "localhost:15007"
    clientAddress: "localhost:15006"
    adminAddress: "localhost:15005"
    startupRole: FOLLOWER
  }
  commitIndex: 2
}
commitInfos {
  server {
    id: "s0"
    address: "localhost:15000"
    dataStreamAddress: "localhost:15003"
    clientAddress: "localhost:15002"
    adminAddress: "localhost:15001"
    startupRole: FOLLOWER
  }
  commitIndex: 1
}
commitInfos {
  server {
    id: "s2"
    address: "localhost:15008"
    dataStreamAddress: "localhost:15011"
    clientAddress: "localhost:15010"
    adminAddress: "localhost:15009"
    startupRole: FOLLOWER
  }
  commitIndex: 1
}
commitInfos {
  server {
    id: "s3"
    address: "0.0.0.0:15012"
    clientAddress: "0.0.0.0:15014"
    adminAddress: "0.0.0.0:15013"
    startupRole: FOLLOWER
  }
  commitIndex: 18446744073709551615
}
commitInfos {
  server {
    id: "s4"
    address: "0.0.0.0:15016"
    clientAddress: "0.0.0.0:15018"
    adminAddress: "0.0.0.0:15017"
    startupRole: FOLLOWER
  }
  commitIndex: 2
}
)
2025-03-31 08:09:21,212 [main] WARN  util.LeakDetector (LeakDetector.java:assertNoLeaks(175)) - 27/30) numLeaks == 1 > 0, will wait and retry ...
2025-03-31 08:09:22,212 [main] WARN  util.ReferenceCountedLeakDetector (ReferenceCountedLeakDetector.java:logLeakMessage(167)) - LEAK: (class org.apache.ratis.proto.RaftProtos$AppendEntriesRequestProto, count=1, value=serverRequest {
  requestorId: "s1"
  replyId: "s2"
  raftGroupId {
    id: "\340\253q\253\231\322A\213\240\3623Pd\201\236\241"
  }
  callId: 12
}
leaderTerm: 2
previousLog {
  term: 2
  index: 2
}
entries {
  term: 2
  index: 3
  configurationEntry {
    peers {
      id: "s3"
      address: "0.0.0.0:15012"
      clientAddress: "0.0.0.0:15014"
      adminAddress: "0.0.0.0:15013"
      startupRole: FOLLOWER
    }
    peers {
      id: "s4"
      address: "0.0.0.0:15016"
      clientAddress: "0.0.0.0:15018"
      adminAddress: "0.0.0.0:15017"
      startupRole: FOLLOWER
    }
    peers {
      id: "s0"
      address: "localhost:15000"
      dataStreamAddress: "localhost:15003"
      clientAddress: "localhost:15002"
      adminAddress: "localhost:15001"
      startupRole: FOLLOWER
    }
    peers {
      id: "s1"
      address: "localhost:15004"
      dataStreamAddress: "localhost:15007"
      clientAddress: "localhost:15006"
      adminAddress: "localhost:15005"
      startupRole: FOLLOWER
    }
    peers {
      id: "s2"
      address: "localhost:15008"
      dataStreamAddress: "localhost:15011"
      clientAddress: "localhost:15010"
      adminAddress: "localhost:15009"
      startupRole: FOLLOWER
    }
    oldPeers {
      id: "s0"
      address: "localhost:15000"
      dataStreamAddress: "localhost:15003"
      clientAddress: "localhost:15002"
      adminAddress: "localhost:15001"
      startupRole: FOLLOWER
    }
    oldPeers {
      id: "s1"
      address: "localhost:15004"
      dataStreamAddress: "localhost:15007"
      clientAddress: "localhost:15006"
      adminAddress: "localhost:15005"
      startupRole: FOLLOWER
    }
    oldPeers {
      id: "s2"
      address: "localhost:15008"
      dataStreamAddress: "localhost:15011"
      clientAddress: "localhost:15010"
      adminAddress: "localhost:15009"
      startupRole: FOLLOWER
    }
  }
}
leaderCommit: 2
commitInfos {
  server {
    id: "s1"
    address: "localhost:15004"
    dataStreamAddress: "localhost:15007"
    clientAddress: "localhost:15006"
    adminAddress: "localhost:15005"
    startupRole: FOLLOWER
  }
  commitIndex: 2
}
commitInfos {
  server {
    id: "s0"
    address: "localhost:15000"
    dataStreamAddress: "localhost:15003"
    clientAddress: "localhost:15002"
    adminAddress: "localhost:15001"
    startupRole: FOLLOWER
  }
  commitIndex: 1
}
commitInfos {
  server {
    id: "s2"
    address: "localhost:15008"
    dataStreamAddress: "localhost:15011"
    clientAddress: "localhost:15010"
    adminAddress: "localhost:15009"
    startupRole: FOLLOWER
  }
  commitIndex: 1
}
commitInfos {
  server {
    id: "s3"
    address: "0.0.0.0:15012"
    clientAddress: "0.0.0.0:15014"
    adminAddress: "0.0.0.0:15013"
    startupRole: FOLLOWER
  }
  commitIndex: 18446744073709551615
}
commitInfos {
  server {
    id: "s4"
    address: "0.0.0.0:15016"
    clientAddress: "0.0.0.0:15018"
    adminAddress: "0.0.0.0:15017"
    startupRole: FOLLOWER
  }
  commitIndex: 2
}
)
2025-03-31 08:09:22,213 [main] WARN  util.LeakDetector (LeakDetector.java:assertNoLeaks(175)) - 28/30) numLeaks == 1 > 0, will wait and retry ...
2025-03-31 08:09:23,213 [main] WARN  util.ReferenceCountedLeakDetector (ReferenceCountedLeakDetector.java:logLeakMessage(167)) - LEAK: (class org.apache.ratis.proto.RaftProtos$AppendEntriesRequestProto, count=1, value=serverRequest {
  requestorId: "s1"
  replyId: "s2"
  raftGroupId {
    id: "\340\253q\253\231\322A\213\240\3623Pd\201\236\241"
  }
  callId: 12
}
leaderTerm: 2
previousLog {
  term: 2
  index: 2
}
entries {
  term: 2
  index: 3
  configurationEntry {
    peers {
      id: "s3"
      address: "0.0.0.0:15012"
      clientAddress: "0.0.0.0:15014"
      adminAddress: "0.0.0.0:15013"
      startupRole: FOLLOWER
    }
    peers {
      id: "s4"
      address: "0.0.0.0:15016"
      clientAddress: "0.0.0.0:15018"
      adminAddress: "0.0.0.0:15017"
      startupRole: FOLLOWER
    }
    peers {
      id: "s0"
      address: "localhost:15000"
      dataStreamAddress: "localhost:15003"
      clientAddress: "localhost:15002"
      adminAddress: "localhost:15001"
      startupRole: FOLLOWER
    }
    peers {
      id: "s1"
      address: "localhost:15004"
      dataStreamAddress: "localhost:15007"
      clientAddress: "localhost:15006"
      adminAddress: "localhost:15005"
      startupRole: FOLLOWER
    }
    peers {
      id: "s2"
      address: "localhost:15008"
      dataStreamAddress: "localhost:15011"
      clientAddress: "localhost:15010"
      adminAddress: "localhost:15009"
      startupRole: FOLLOWER
    }
    oldPeers {
      id: "s0"
      address: "localhost:15000"
      dataStreamAddress: "localhost:15003"
      clientAddress: "localhost:15002"
      adminAddress: "localhost:15001"
      startupRole: FOLLOWER
    }
    oldPeers {
      id: "s1"
      address: "localhost:15004"
      dataStreamAddress: "localhost:15007"
      clientAddress: "localhost:15006"
      adminAddress: "localhost:15005"
      startupRole: FOLLOWER
    }
    oldPeers {
      id: "s2"
      address: "localhost:15008"
      dataStreamAddress: "localhost:15011"
      clientAddress: "localhost:15010"
      adminAddress: "localhost:15009"
      startupRole: FOLLOWER
    }
  }
}
leaderCommit: 2
commitInfos {
  server {
    id: "s1"
    address: "localhost:15004"
    dataStreamAddress: "localhost:15007"
    clientAddress: "localhost:15006"
    adminAddress: "localhost:15005"
    startupRole: FOLLOWER
  }
  commitIndex: 2
}
commitInfos {
  server {
    id: "s0"
    address: "localhost:15000"
    dataStreamAddress: "localhost:15003"
    clientAddress: "localhost:15002"
    adminAddress: "localhost:15001"
    startupRole: FOLLOWER
  }
  commitIndex: 1
}
commitInfos {
  server {
    id: "s2"
    address: "localhost:15008"
    dataStreamAddress: "localhost:15011"
    clientAddress: "localhost:15010"
    adminAddress: "localhost:15009"
    startupRole: FOLLOWER
  }
  commitIndex: 1
}
commitInfos {
  server {
    id: "s3"
    address: "0.0.0.0:15012"
    clientAddress: "0.0.0.0:15014"
    adminAddress: "0.0.0.0:15013"
    startupRole: FOLLOWER
  }
  commitIndex: 18446744073709551615
}
commitInfos {
  server {
    id: "s4"
    address: "0.0.0.0:15016"
    clientAddress: "0.0.0.0:15018"
    adminAddress: "0.0.0.0:15017"
    startupRole: FOLLOWER
  }
  commitIndex: 2
}
)
2025-03-31 08:09:23,213 [main] WARN  util.LeakDetector (LeakDetector.java:assertNoLeaks(175)) - 29/30) numLeaks == 1 > 0, will wait and retry ...
2025-03-31 08:09:24,214 [main] WARN  util.ReferenceCountedLeakDetector (ReferenceCountedLeakDetector.java:logLeakMessage(167)) - LEAK: (class org.apache.ratis.proto.RaftProtos$AppendEntriesRequestProto, count=1, value=serverRequest {
  requestorId: "s1"
  replyId: "s2"
  raftGroupId {
    id: "\340\253q\253\231\322A\213\240\3623Pd\201\236\241"
  }
  callId: 12
}
leaderTerm: 2
previousLog {
  term: 2
  index: 2
}
entries {
  term: 2
  index: 3
  configurationEntry {
    peers {
      id: "s3"
      address: "0.0.0.0:15012"
      clientAddress: "0.0.0.0:15014"
      adminAddress: "0.0.0.0:15013"
      startupRole: FOLLOWER
    }
    peers {
      id: "s4"
      address: "0.0.0.0:15016"
      clientAddress: "0.0.0.0:15018"
      adminAddress: "0.0.0.0:15017"
      startupRole: FOLLOWER
    }
    peers {
      id: "s0"
      address: "localhost:15000"
      dataStreamAddress: "localhost:15003"
      clientAddress: "localhost:15002"
      adminAddress: "localhost:15001"
      startupRole: FOLLOWER
    }
    peers {
      id: "s1"
      address: "localhost:15004"
      dataStreamAddress: "localhost:15007"
      clientAddress: "localhost:15006"
      adminAddress: "localhost:15005"
      startupRole: FOLLOWER
    }
    peers {
      id: "s2"
      address: "localhost:15008"
      dataStreamAddress: "localhost:15011"
      clientAddress: "localhost:15010"
      adminAddress: "localhost:15009"
      startupRole: FOLLOWER
    }
    oldPeers {
      id: "s0"
      address: "localhost:15000"
      dataStreamAddress: "localhost:15003"
      clientAddress: "localhost:15002"
      adminAddress: "localhost:15001"
      startupRole: FOLLOWER
    }
    oldPeers {
      id: "s1"
      address: "localhost:15004"
      dataStreamAddress: "localhost:15007"
      clientAddress: "localhost:15006"
      adminAddress: "localhost:15005"
      startupRole: FOLLOWER
    }
    oldPeers {
      id: "s2"
      address: "localhost:15008"
      dataStreamAddress: "localhost:15011"
      clientAddress: "localhost:15010"
      adminAddress: "localhost:15009"
      startupRole: FOLLOWER
    }
  }
}
leaderCommit: 2
commitInfos {
  server {
    id: "s1"
    address: "localhost:15004"
    dataStreamAddress: "localhost:15007"
    clientAddress: "localhost:15006"
    adminAddress: "localhost:15005"
    startupRole: FOLLOWER
  }
  commitIndex: 2
}
commitInfos {
  server {
    id: "s0"
    address: "localhost:15000"
    dataStreamAddress: "localhost:15003"
    clientAddress: "localhost:15002"
    adminAddress: "localhost:15001"
    startupRole: FOLLOWER
  }
  commitIndex: 1
}
commitInfos {
  server {
    id: "s2"
    address: "localhost:15008"
    dataStreamAddress: "localhost:15011"
    clientAddress: "localhost:15010"
    adminAddress: "localhost:15009"
    startupRole: FOLLOWER
  }
  commitIndex: 1
}
commitInfos {
  server {
    id: "s3"
    address: "0.0.0.0:15012"
    clientAddress: "0.0.0.0:15014"
    adminAddress: "0.0.0.0:15013"
    startupRole: FOLLOWER
  }
  commitIndex: 18446744073709551615
}
commitInfos {
  server {
    id: "s4"
    address: "0.0.0.0:15016"
    clientAddress: "0.0.0.0:15018"
    adminAddress: "0.0.0.0:15017"
    startupRole: FOLLOWER
  }
  commitIndex: 2
}
)
]]></system-out>
    < type="org.opentest4j.TestAbortedException">
      <stackTrace><![CDATA[org.opentest4j.TestAbortedException: Assumption failed: numLeaks 1 > 0
	at org.apache.ratis.BaseTest.checkAssumptions(BaseTest.java:93)
	at org.apache.ratis.BaseTest.setup(BaseTest.java:81)
	at java.lang.reflect.Method.invoke(Method.java:498)
	at java.util.ArrayList.forEach(ArrayList.java:1259)
	at java.util.ArrayList.forEach(ArrayList.java:1259)
]]></stackTrace>
      <system-out><![CDATA[2025-03-31 08:09:24,268 [main] INFO  util.LogUtils (Slf4jUtils.java:setLogLevel(38)) - Successfully set org.apache.ratis.conf.ConfUtils log level to WARN
2025-03-31 08:09:24,271 [main] INFO  util.LogUtils (Slf4jUtils.java:setLogLevel(38)) - Successfully set org.apache.ratis.util.FileUtils log level to TRACE
2025-03-31 08:09:24,271 [main] INFO  util.LogUtils (Slf4jUtils.java:setLogLevel(38)) - Successfully set org.apache.ratis.server.RaftServer$Division log level to DEBUG
2025-03-31 08:09:24,272 [main] INFO  util.LogUtils (Slf4jUtils.java:setLogLevel(38)) - Successfully set org.apache.ratis.client.RaftClient log level to DEBUG
2025-03-31 08:09:24,273 [main] WARN  util.ReferenceCountedLeakDetector (ReferenceCountedLeakDetector.java:logLeakMessage(167)) - LEAK: (class org.apache.ratis.proto.RaftProtos$AppendEntriesRequestProto, count=1, value=serverRequest {
  requestorId: "s1"
  replyId: "s2"
  raftGroupId {
    id: "\340\253q\253\231\322A\213\240\3623Pd\201\236\241"
  }
  callId: 12
}
leaderTerm: 2
previousLog {
  term: 2
  index: 2
}
entries {
  term: 2
  index: 3
  configurationEntry {
    peers {
      id: "s3"
      address: "0.0.0.0:15012"
      clientAddress: "0.0.0.0:15014"
      adminAddress: "0.0.0.0:15013"
      startupRole: FOLLOWER
    }
    peers {
      id: "s4"
      address: "0.0.0.0:15016"
      clientAddress: "0.0.0.0:15018"
      adminAddress: "0.0.0.0:15017"
      startupRole: FOLLOWER
    }
    peers {
      id: "s0"
      address: "localhost:15000"
      dataStreamAddress: "localhost:15003"
      clientAddress: "localhost:15002"
      adminAddress: "localhost:15001"
      startupRole: FOLLOWER
    }
    peers {
      id: "s1"
      address: "localhost:15004"
      dataStreamAddress: "localhost:15007"
      clientAddress: "localhost:15006"
      adminAddress: "localhost:15005"
      startupRole: FOLLOWER
    }
    peers {
      id: "s2"
      address: "localhost:15008"
      dataStreamAddress: "localhost:15011"
      clientAddress: "localhost:15010"
      adminAddress: "localhost:15009"
      startupRole: FOLLOWER
    }
    oldPeers {
      id: "s0"
      address: "localhost:15000"
      dataStreamAddress: "localhost:15003"
      clientAddress: "localhost:15002"
      adminAddress: "localhost:15001"
      startupRole: FOLLOWER
    }
    oldPeers {
      id: "s1"
      address: "localhost:15004"
      dataStreamAddress: "localhost:15007"
      clientAddress: "localhost:15006"
      adminAddress: "localhost:15005"
      startupRole: FOLLOWER
    }
    oldPeers {
      id: "s2"
      address: "localhost:15008"
      dataStreamAddress: "localhost:15011"
      clientAddress: "localhost:15010"
      adminAddress: "localhost:15009"
      startupRole: FOLLOWER
    }
  }
}
leaderCommit: 2
commitInfos {
  server {
    id: "s1"
    address: "localhost:15004"
    dataStreamAddress: "localhost:15007"
    clientAddress: "localhost:15006"
    adminAddress: "localhost:15005"
    startupRole: FOLLOWER
  }
  commitIndex: 2
}
commitInfos {
  server {
    id: "s0"
    address: "localhost:15000"
    dataStreamAddress: "localhost:15003"
    clientAddress: "localhost:15002"
    adminAddress: "localhost:15001"
    startupRole: FOLLOWER
  }
  commitIndex: 1
}
commitInfos {
  server {
    id: "s2"
    address: "localhost:15008"
    dataStreamAddress: "localhost:15011"
    clientAddress: "localhost:15010"
    adminAddress: "localhost:15009"
    startupRole: FOLLOWER
  }
  commitIndex: 1
}
commitInfos {
  server {
    id: "s3"
    address: "0.0.0.0:15012"
    clientAddress: "0.0.0.0:15014"
    adminAddress: "0.0.0.0:15013"
    startupRole: FOLLOWER
  }
  commitIndex: 18446744073709551615
}
commitInfos {
  server {
    id: "s4"
    address: "0.0.0.0:15016"
    clientAddress: "0.0.0.0:15018"
    adminAddress: "0.0.0.0:15017"
    startupRole: FOLLOWER
  }
  commitIndex: 2
}
)
]]></system-out>
    </>
  </testcase>
</testsuite>