<?xml version="1.0" encoding="UTF-8"?>
<testsuite xmlns:xsi="http://www.w3.org/2001/XMLSchema-instance" xsi:noNamespaceSchemaLocation="https://maven.apache.org/surefire/maven-surefire-plugin/xsd/surefire-test-report.xsd" name="org.apache.ratis.grpc.TestLogAppenderWithGrpc" time="45.424" tests="10" errors="0" skipped="0" failures="1">
  <properties>
    <property name="awt.toolkit" value="sun.awt.X11.XToolkit"/>
    <property name="java.specification.version" value="11"/>
    <property name="sun.cpu.isalist" value=""/>
    <property name="sun.jnu.encoding" value="UTF-8"/>
    <property name="java.class.path" value="/home/runner/work/ratis/ratis/ratis-test/target/test-classes:/home/runner/work/ratis/ratis/ratis-test/target/classes:/home/runner/work/ratis/ratis/ratis-common/target/classes:/home/runner/.m2/repository/org/apache/ratis/ratis-thirdparty-misc/1.0.3/ratis-thirdparty-misc-1.0.3.jar:/home/runner/work/ratis/ratis/ratis-proto/target/ratis-proto-3.0.0-SNAPSHOT.jar:/home/runner/work/ratis/ratis/ratis-common/target/test-classes:/home/runner/work/ratis/ratis/ratis-client/target/classes:/home/runner/work/ratis/ratis/ratis-server/target/classes:/home/runner/work/ratis/ratis/ratis-server-api/target/classes:/home/runner/work/ratis/ratis/ratis-metrics-api/target/classes:/home/runner/work/ratis/ratis/ratis-server/target/test-classes:/home/runner/work/ratis/ratis/ratis-metrics-default/target/classes:/home/runner/work/ratis/ratis/ratis-netty/target/classes:/home/runner/work/ratis/ratis/ratis-netty/target/test-classes:/home/runner/work/ratis/ratis/ratis-grpc/target/classes:/home/runner/work/ratis/ratis/ratis-grpc/target/test-classes:/home/runner/work/ratis/ratis/ratis-shell/target/classes:/home/runner/.m2/repository/commons-cli/commons-cli/1.5.0/commons-cli-1.5.0.jar:/home/runner/.m2/repository/org/reflections/reflections/0.10.2/reflections-0.10.2.jar:/home/runner/.m2/repository/org/javassist/javassist/3.28.0-GA/javassist-3.28.0-GA.jar:/home/runner/.m2/repository/com/google/code/findbugs/jsr305/3.0.2/jsr305-3.0.2.jar:/home/runner/.m2/repository/org/bouncycastle/bcprov-jdk15on/1.70/bcprov-jdk15on-1.70.jar:/home/runner/.m2/repository/org/bouncycastle/bcpkix-jdk15on/1.70/bcpkix-jdk15on-1.70.jar:/home/runner/.m2/repository/org/bouncycastle/bcutil-jdk15on/1.70/bcutil-jdk15on-1.70.jar:/home/runner/.m2/repository/org/slf4j/slf4j-api/1.7.36/slf4j-api-1.7.36.jar:/home/runner/.m2/repository/org/slf4j/slf4j-reload4j/1.7.36/slf4j-reload4j-1.7.36.jar:/home/runner/.m2/repository/ch/qos/reload4j/reload4j/1.2.19/reload4j-1.2.19.jar:/home/runner/.m2/repository/junit/junit/4.13.2/junit-4.13.2.jar:/home/runner/.m2/repository/org/hamcrest/hamcrest-core/1.3/hamcrest-core-1.3.jar:/home/runner/.m2/repository/org/mockito/mockito-core/4.3.1/mockito-core-4.3.1.jar:/home/runner/.m2/repository/net/bytebuddy/byte-buddy/1.12.7/byte-buddy-1.12.7.jar:/home/runner/.m2/repository/net/bytebuddy/byte-buddy-agent/1.12.7/byte-buddy-agent-1.12.7.jar:/home/runner/.m2/repository/org/objenesis/objenesis/3.2/objenesis-3.2.jar:"/>
    <property name="java.vm.vendor" value="Eclipse Adoptium"/>
    <property name="sun.arch.data.model" value="64"/>
    <property name="java.vendor.url" value="https://adoptium.net/"/>
    <property name="user.timezone" value=""/>
    <property name="java.vm.specification.version" value="11"/>
    <property name="os.name" value="Linux"/>
    <property name="sun.java.launcher" value="SUN_STANDARD"/>
    <property name="sun.boot.library.path" value="/usr/lib/jvm/temurin-11-jdk-amd64/lib"/>
    <property name="sun.java.command" value="/home/runner/work/ratis/ratis/ratis-test/target/surefire/surefirebooter8039692222125547459.jar /home/runner/work/ratis/ratis/ratis-test/target/surefire 2023-03-01T19-13-29_806-jvmRun1 surefire9379297422870093209tmp surefire_173275163213737350039tmp"/>
    <property name="jdk.debug" value="release"/>
    <property name="surefire.test.class.path" value="/home/runner/work/ratis/ratis/ratis-test/target/test-classes:/home/runner/work/ratis/ratis/ratis-test/target/classes:/home/runner/work/ratis/ratis/ratis-common/target/classes:/home/runner/.m2/repository/org/apache/ratis/ratis-thirdparty-misc/1.0.3/ratis-thirdparty-misc-1.0.3.jar:/home/runner/work/ratis/ratis/ratis-proto/target/ratis-proto-3.0.0-SNAPSHOT.jar:/home/runner/work/ratis/ratis/ratis-common/target/test-classes:/home/runner/work/ratis/ratis/ratis-client/target/classes:/home/runner/work/ratis/ratis/ratis-server/target/classes:/home/runner/work/ratis/ratis/ratis-server-api/target/classes:/home/runner/work/ratis/ratis/ratis-metrics-api/target/classes:/home/runner/work/ratis/ratis/ratis-server/target/test-classes:/home/runner/work/ratis/ratis/ratis-metrics-default/target/classes:/home/runner/work/ratis/ratis/ratis-netty/target/classes:/home/runner/work/ratis/ratis/ratis-netty/target/test-classes:/home/runner/work/ratis/ratis/ratis-grpc/target/classes:/home/runner/work/ratis/ratis/ratis-grpc/target/test-classes:/home/runner/work/ratis/ratis/ratis-shell/target/classes:/home/runner/.m2/repository/commons-cli/commons-cli/1.5.0/commons-cli-1.5.0.jar:/home/runner/.m2/repository/org/reflections/reflections/0.10.2/reflections-0.10.2.jar:/home/runner/.m2/repository/org/javassist/javassist/3.28.0-GA/javassist-3.28.0-GA.jar:/home/runner/.m2/repository/com/google/code/findbugs/jsr305/3.0.2/jsr305-3.0.2.jar:/home/runner/.m2/repository/org/bouncycastle/bcprov-jdk15on/1.70/bcprov-jdk15on-1.70.jar:/home/runner/.m2/repository/org/bouncycastle/bcpkix-jdk15on/1.70/bcpkix-jdk15on-1.70.jar:/home/runner/.m2/repository/org/bouncycastle/bcutil-jdk15on/1.70/bcutil-jdk15on-1.70.jar:/home/runner/.m2/repository/org/slf4j/slf4j-api/1.7.36/slf4j-api-1.7.36.jar:/home/runner/.m2/repository/org/slf4j/slf4j-reload4j/1.7.36/slf4j-reload4j-1.7.36.jar:/home/runner/.m2/repository/ch/qos/reload4j/reload4j/1.2.19/reload4j-1.2.19.jar:/home/runner/.m2/repository/junit/junit/4.13.2/junit-4.13.2.jar:/home/runner/.m2/repository/org/hamcrest/hamcrest-core/1.3/hamcrest-core-1.3.jar:/home/runner/.m2/repository/org/mockito/mockito-core/4.3.1/mockito-core-4.3.1.jar:/home/runner/.m2/repository/net/bytebuddy/byte-buddy/1.12.7/byte-buddy-1.12.7.jar:/home/runner/.m2/repository/net/bytebuddy/byte-buddy-agent/1.12.7/byte-buddy-agent-1.12.7.jar:/home/runner/.m2/repository/org/objenesis/objenesis/3.2/objenesis-3.2.jar:"/>
    <property name="sun.cpu.endian" value="little"/>
    <property name="user.home" value="/home/runner"/>
    <property name="user.language" value="en"/>
    <property name="java.specification.vendor" value="Oracle Corporation"/>
    <property name="java.version.date" value="2023-01-17"/>
    <property name="java.home" value="/usr/lib/jvm/temurin-11-jdk-amd64"/>
    <property name="file.separator" value="/"/>
    <property name="basedir" value="/home/runner/work/ratis/ratis/ratis-test"/>
    <property name="java.vm.compressedOopsMode" value="32-bit"/>
    <property name="line.separator" value="&#10;"/>
    <property name="java.specification.name" value="Java Platform API Specification"/>
    <property name="java.vm.specification.vendor" value="Oracle Corporation"/>
    <property name="java.awt.graphicsenv" value="sun.awt.X11GraphicsEnvironment"/>
    <property name="surefire.real.class.path" value="/home/runner/work/ratis/ratis/ratis-test/target/surefire/surefirebooter8039692222125547459.jar"/>
    <property name="sun.management.compiler" value="HotSpot 64-Bit Tiered Compilers"/>
    <property name="java.runtime.version" value="11.0.18+10"/>
    <property name="user.name" value="runner"/>
    <property name="java.net.preferIPv4Stack" value="true"/>
    <property name="path.separator" value=":"/>
    <property name="os.version" value="5.15.0-1033-azure"/>
    <property name="java.runtime.name" value="OpenJDK Runtime Environment"/>
    <property name="file.encoding" value="UTF-8"/>
    <property name="java.vm.name" value="OpenJDK 64-Bit Server VM"/>
    <property name="java.vendor.version" value="Temurin-11.0.18+10"/>
    <property name="localRepository" value="/home/runner/.m2/repository"/>
    <property name="java.vendor.url.bug" value="https://github.com/adoptium/adoptium-support/issues"/>
    <property name="java.io.tmpdir" value="/tmp"/>
    <property name="java.version" value="11.0.18"/>
    <property name="user.dir" value="/home/runner/work/ratis/ratis/ratis-test"/>
    <property name="os.arch" value="amd64"/>
    <property name="ratis.tmp.dir" value="/home/runner/work/ratis/ratis/ratis-test/target/tmp"/>
    <property name="java.vm.specification.name" value="Java Virtual Machine Specification"/>
    <property name="java.awt.printerjob" value="sun.print.PSPrinterJob"/>
    <property name="ratis.log.dir" value="/home/runner/work/ratis/ratis/ratis-test/target/log"/>
    <property name="sun.os.patch.level" value="unknown"/>
    <property name="java.library.path" value="/usr/java/packages/lib:/usr/lib64:/lib64:/lib:/usr/lib"/>
    <property name="java.vm.info" value="mixed mode"/>
    <property name="java.vendor" value="Eclipse Adoptium"/>
    <property name="java.vm.version" value="11.0.18+10"/>
    <property name="sun.io.unicode.encoding" value="UnicodeLittle"/>
    <property name="java.class.version" value="55.0"/>
  </properties>
  <testcase name="testRestartLogAppender[0]" classname="org.apache.ratis.grpc.TestLogAppenderWithGrpc" time="3.942"/>
  <testcase name="testPendingLimits[0]" classname="org.apache.ratis.grpc.TestLogAppenderWithGrpc" time="5.687">
    <failure message="expected:&lt;13&gt; but was:&lt;11&gt;" type="java.lang.AssertionError"><![CDATA[java.lang.AssertionError: expected:<13> but was:<11>
	at org.junit.Assert.fail(Assert.java:89)
	at org.junit.Assert.failNotEquals(Assert.java:835)
	at org.junit.Assert.assertEquals(Assert.java:647)
	at org.junit.Assert.assertEquals(Assert.java:633)
	at org.apache.ratis.grpc.TestLogAppenderWithGrpc.testPendingLimits(TestLogAppenderWithGrpc.java:95)
	at java.base/jdk.internal.reflect.NativeMethodAccessorImpl.invoke0(Native Method)
	at java.base/jdk.internal.reflect.NativeMethodAccessorImpl.invoke(NativeMethodAccessorImpl.java:62)
	at java.base/jdk.internal.reflect.DelegatingMethodAccessorImpl.invoke(DelegatingMethodAccessorImpl.java:43)
	at java.base/java.lang.reflect.Method.invoke(Method.java:566)
	at org.junit.runners.model.FrameworkMethod$1.runReflectiveCall(FrameworkMethod.java:59)
	at org.junit.internal.runners.model.ReflectiveCallable.run(ReflectiveCallable.java:12)
	at org.junit.runners.model.FrameworkMethod.invokeExplosively(FrameworkMethod.java:56)
	at org.junit.internal.runners.statements.InvokeMethod.evaluate(InvokeMethod.java:17)
	at org.junit.internal.runners.statements.RunAfters.evaluate(RunAfters.java:27)
	at org.junit.internal.runners.statements.FailOnTimeout$CallableStatement.call(FailOnTimeout.java:299)
	at org.junit.internal.runners.statements.FailOnTimeout$CallableStatement.call(FailOnTimeout.java:293)
	at java.base/java.util.concurrent.FutureTask.run(FutureTask.java:264)
	at java.base/java.lang.Thread.run(Thread.java:829)
]]></failure>
    <system-out><![CDATA[2023-03-01 19:22:01,554 [main] INFO  util.LogUtils (Slf4jUtils.java:setLogLevel(38)) - Successfully set org.apache.ratis.conf.ConfUtils log level to WARN
2023-03-01 19:22:01,554 [main] INFO  util.LogUtils (Slf4jUtils.java:setLogLevel(38)) - Successfully set org.apache.ratis.util.FileUtils log level to TRACE
2023-03-01 19:22:01,554 [main] INFO  util.LogUtils (Slf4jUtils.java:setLogLevel(38)) - Successfully set org.apache.ratis.server.leader.LogAppender log level to DEBUG
2023-03-01 19:22:01,554 [main] INFO  util.LogUtils (Slf4jUtils.java:setLogLevel(38)) - Successfully set org.apache.ratis.server.leader.FollowerInfo log level to DEBUG
2023-03-01 19:22:01,557 [Time-limited test] INFO  impl.MiniRaftCluster (MiniRaftCluster.java:<init>(306)) - new MiniRaftClusterWithGrpc with group-BFB16B80E2B1:[s0|rpc:localhost:38067|admin:localhost:43369|client:localhost:41083|dataStream:localhost:33675|priority:0|startupRole:FOLLOWER, s1|rpc:localhost:46335|admin:localhost:36509|client:localhost:33403|dataStream:localhost:33087|priority:0|startupRole:FOLLOWER, s2|rpc:localhost:39101|admin:localhost:41809|client:localhost:42529|dataStream:localhost:44499|priority:0|startupRole:FOLLOWER]
2023-03-01 19:22:01,557 [Time-limited test] INFO  impl.MiniRaftCluster (MiniRaftCluster.java:start(339)) - .............................................................. 
2023-03-01 19:22:01,557 [Time-limited test] INFO  impl.MiniRaftCluster (MiniRaftCluster.java:start(340)) - ... 
2023-03-01 19:22:01,558 [Time-limited test] INFO  impl.MiniRaftCluster (MiniRaftCluster.java:start(341)) - ...     Starting MiniRaftClusterWithGrpc
2023-03-01 19:22:01,558 [Time-limited test] INFO  impl.MiniRaftCluster (MiniRaftCluster.java:start(342)) - ... 
2023-03-01 19:22:01,558 [Time-limited test] INFO  impl.MiniRaftCluster (MiniRaftCluster.java:start(343)) - .............................................................. 
2023-03-01 19:22:01,558 [Time-limited test] INFO  impl.MiniRaftCluster (MiniRaftCluster.java:initServers(318)) - servers = {}
2023-03-01 19:22:01,558 [Time-limited test] INFO  impl.MiniRaftCluster (MiniRaftCluster.java:newRaftServer(382)) - newRaftServer: s0, group-BFB16B80E2B1:[s0|rpc:localhost:38067|admin:localhost:43369|client:localhost:41083|dataStream:localhost:33675|priority:0|startupRole:FOLLOWER, s1|rpc:localhost:46335|admin:localhost:36509|client:localhost:33403|dataStream:localhost:33087|priority:0|startupRole:FOLLOWER, s2|rpc:localhost:39101|admin:localhost:41809|client:localhost:42529|dataStream:localhost:44499|priority:0|startupRole:FOLLOWER], format? true
2023-03-01 19:22:01,558 [Time-limited test] TRACE util.FileUtils (FileUtils.java:deleteFully(201)) - deleteFully target/test/data/7bc9a986/MiniRaftClusterWithGrpc7eaf634f/s0
2023-03-01 19:22:01,558 [Time-limited test] TRACE util.FileUtils (FileUtils.java:deleteFully(217)) - deleteFully: target/test/data/7bc9a986/MiniRaftClusterWithGrpc7eaf634f/s0 does not exist.
2023-03-01 19:22:01,558 [Time-limited test] INFO  impl.MiniRaftCluster (MiniRaftCluster.java:newRaftServer(387)) - Formatted directory target/test/data/7bc9a986/MiniRaftClusterWithGrpc7eaf634f/s0
2023-03-01 19:22:01,559 [Time-limited test] INFO  server.RaftServer (ConfUtils.java:logGet(46)) - raft.rpc.type = GRPC (default)
2023-03-01 19:22:01,559 [Time-limited test] INFO  grpc.GrpcConfigKeys (ConfUtils.java:logFallback(53)) - raft.grpc.admin.host = null (fallback to raft.grpc.server.host)
2023-03-01 19:22:01,559 [Time-limited test] INFO  grpc.GrpcConfigKeys (ConfUtils.java:logGet(46)) - raft.grpc.admin.port = 43369 (custom)
2023-03-01 19:22:01,559 [Time-limited test] INFO  grpc.GrpcConfigKeys (ConfUtils.java:logFallback(53)) - raft.grpc.client.host = null (fallback to raft.grpc.server.host)
2023-03-01 19:22:01,559 [Time-limited test] INFO  grpc.GrpcConfigKeys (ConfUtils.java:logGet(46)) - raft.grpc.client.port = 41083 (custom)
2023-03-01 19:22:01,559 [Time-limited test] INFO  grpc.GrpcConfigKeys (ConfUtils.java:logGet(46)) - raft.grpc.server.host = null (default)
2023-03-01 19:22:01,560 [Time-limited test] INFO  grpc.GrpcConfigKeys (ConfUtils.java:logGet(46)) - raft.grpc.server.port = 38067 (custom)
2023-03-01 19:22:01,560 [Time-limited test] INFO  server.GrpcService (ConfUtils.java:logGet(46)) - raft.grpc.message.size.max = 64MB (=67108864) (default)
2023-03-01 19:22:01,560 [Time-limited test] INFO  server.RaftServerConfigKeys (ConfUtils.java:logGet(46)) - raft.server.log.appender.buffer.byte-limit = 4MB (=4194304) (default)
2023-03-01 19:22:01,560 [Time-limited test] INFO  server.GrpcService (ConfUtils.java:logGet(46)) - raft.grpc.flow.control.window = 1MB (=1048576) (default)
2023-03-01 19:22:01,560 [Time-limited test] INFO  server.RaftServerConfigKeys (ConfUtils.java:logGet(46)) - raft.server.rpc.request.timeout = 3000ms (default)
2023-03-01 19:22:01,560 [Time-limited test] INFO  grpc.GrpcConfigKeys (ConfUtils.java:logGet(46)) - raft.grpc.server.heartbeat.channel = true (default)
2023-03-01 19:22:01,560 [Time-limited test] INFO  grpc.GrpcConfigKeys (ConfUtils.java:logGet(46)) - raft.grpc.server.async.request.thread.pool.cached = true (default)
2023-03-01 19:22:01,560 [Time-limited test] INFO  grpc.GrpcConfigKeys (ConfUtils.java:logGet(46)) - raft.grpc.server.async.request.thread.pool.size = 32 (default)
2023-03-01 19:22:01,562 [Time-limited test] INFO  impl.DataStreamServerImpl (ConfUtils.java:logGet(46)) - raft.datastream.type = DISABLED (default)
2023-03-01 19:22:01,562 [Time-limited test] INFO  server.RaftServerConfigKeys (ConfUtils.java:logGet(46)) - raft.server.threadpool.proxy.cached = true (default)
2023-03-01 19:22:01,562 [Time-limited test] INFO  server.RaftServerConfigKeys (ConfUtils.java:logGet(46)) - raft.server.threadpool.proxy.size = 0 (default)
2023-03-01 19:22:01,562 [Time-limited test] INFO  server.RaftServerConfigKeys (ConfUtils.java:logGet(46)) - raft.server.rpc.slowness.timeout = 60s (default)
2023-03-01 19:22:01,562 [Time-limited test] INFO  server.RaftServerConfigKeys (ConfUtils.java:logGet(46)) - raft.server.leaderelection.leader.step-down.wait-time = 10s (default)
2023-03-01 19:22:01,562 [Time-limited test] INFO  server.RaftServerConfigKeys (ConfUtils.java:logGet(46)) - raft.server.storage.dir = [/home/runner/work/ratis/ratis/ratis-test/target/test/data/7bc9a986/MiniRaftClusterWithGrpc7eaf634f/s0] (custom)
2023-03-01 19:22:01,563 [Time-limited test] INFO  server.RaftServer (RaftServerProxy.java:addNew(99)) - s0: addNew group-BFB16B80E2B1:[s0|rpc:localhost:38067|admin:localhost:43369|client:localhost:41083|dataStream:localhost:33675|priority:0|startupRole:FOLLOWER, s1|rpc:localhost:46335|admin:localhost:36509|client:localhost:33403|dataStream:localhost:33087|priority:0|startupRole:FOLLOWER, s2|rpc:localhost:39101|admin:localhost:41809|client:localhost:42529|dataStream:localhost:44499|priority:0|startupRole:FOLLOWER] returns group-BFB16B80E2B1:java.util.concurrent.CompletableFuture@564c075[Not completed]
2023-03-01 19:22:01,563 [Time-limited test] INFO  impl.MiniRaftCluster (MiniRaftCluster.java:newRaftServer(382)) - newRaftServer: s1, group-BFB16B80E2B1:[s0|rpc:localhost:38067|admin:localhost:43369|client:localhost:41083|dataStream:localhost:33675|priority:0|startupRole:FOLLOWER, s1|rpc:localhost:46335|admin:localhost:36509|client:localhost:33403|dataStream:localhost:33087|priority:0|startupRole:FOLLOWER, s2|rpc:localhost:39101|admin:localhost:41809|client:localhost:42529|dataStream:localhost:44499|priority:0|startupRole:FOLLOWER], format? true
2023-03-01 19:22:01,563 [Time-limited test] TRACE util.FileUtils (FileUtils.java:deleteFully(201)) - deleteFully target/test/data/7bc9a986/MiniRaftClusterWithGrpc7eaf634f/s1
2023-03-01 19:22:01,563 [Time-limited test] TRACE util.FileUtils (FileUtils.java:deleteFully(217)) - deleteFully: target/test/data/7bc9a986/MiniRaftClusterWithGrpc7eaf634f/s1 does not exist.
2023-03-01 19:22:01,563 [Time-limited test] INFO  impl.MiniRaftCluster (MiniRaftCluster.java:newRaftServer(387)) - Formatted directory target/test/data/7bc9a986/MiniRaftClusterWithGrpc7eaf634f/s1
2023-03-01 19:22:01,564 [Time-limited test] INFO  server.RaftServer (ConfUtils.java:logGet(46)) - raft.rpc.type = GRPC (default)
2023-03-01 19:22:01,564 [Time-limited test] INFO  grpc.GrpcConfigKeys (ConfUtils.java:logFallback(53)) - raft.grpc.admin.host = null (fallback to raft.grpc.server.host)
2023-03-01 19:22:01,564 [Time-limited test] INFO  grpc.GrpcConfigKeys (ConfUtils.java:logGet(46)) - raft.grpc.admin.port = 36509 (custom)
2023-03-01 19:22:01,564 [Time-limited test] INFO  grpc.GrpcConfigKeys (ConfUtils.java:logFallback(53)) - raft.grpc.client.host = null (fallback to raft.grpc.server.host)
2023-03-01 19:22:01,564 [Time-limited test] INFO  grpc.GrpcConfigKeys (ConfUtils.java:logGet(46)) - raft.grpc.client.port = 33403 (custom)
2023-03-01 19:22:01,564 [Time-limited test] INFO  grpc.GrpcConfigKeys (ConfUtils.java:logGet(46)) - raft.grpc.server.host = null (default)
2023-03-01 19:22:01,564 [Time-limited test] INFO  grpc.GrpcConfigKeys (ConfUtils.java:logGet(46)) - raft.grpc.server.port = 46335 (custom)
2023-03-01 19:22:01,564 [Time-limited test] INFO  server.GrpcService (ConfUtils.java:logGet(46)) - raft.grpc.message.size.max = 64MB (=67108864) (default)
2023-03-01 19:22:01,564 [Time-limited test] INFO  server.RaftServerConfigKeys (ConfUtils.java:logGet(46)) - raft.server.log.appender.buffer.byte-limit = 4MB (=4194304) (default)
2023-03-01 19:22:01,564 [Time-limited test] INFO  server.GrpcService (ConfUtils.java:logGet(46)) - raft.grpc.flow.control.window = 1MB (=1048576) (default)
2023-03-01 19:22:01,564 [Time-limited test] INFO  server.RaftServerConfigKeys (ConfUtils.java:logGet(46)) - raft.server.rpc.request.timeout = 3000ms (default)
2023-03-01 19:22:01,564 [Time-limited test] INFO  grpc.GrpcConfigKeys (ConfUtils.java:logGet(46)) - raft.grpc.server.heartbeat.channel = true (default)
2023-03-01 19:22:01,564 [Time-limited test] INFO  grpc.GrpcConfigKeys (ConfUtils.java:logGet(46)) - raft.grpc.server.async.request.thread.pool.cached = true (default)
2023-03-01 19:22:01,565 [Time-limited test] INFO  grpc.GrpcConfigKeys (ConfUtils.java:logGet(46)) - raft.grpc.server.async.request.thread.pool.size = 32 (default)
2023-03-01 19:22:01,566 [Time-limited test] INFO  impl.DataStreamServerImpl (ConfUtils.java:logGet(46)) - raft.datastream.type = DISABLED (default)
2023-03-01 19:22:01,566 [Time-limited test] INFO  server.RaftServerConfigKeys (ConfUtils.java:logGet(46)) - raft.server.threadpool.proxy.cached = true (default)
2023-03-01 19:22:01,566 [Time-limited test] INFO  server.RaftServerConfigKeys (ConfUtils.java:logGet(46)) - raft.server.threadpool.proxy.size = 0 (default)
2023-03-01 19:22:01,566 [Time-limited test] INFO  server.RaftServerConfigKeys (ConfUtils.java:logGet(46)) - raft.server.rpc.slowness.timeout = 60s (default)
2023-03-01 19:22:01,566 [Time-limited test] INFO  server.RaftServerConfigKeys (ConfUtils.java:logGet(46)) - raft.server.leaderelection.leader.step-down.wait-time = 10s (default)
2023-03-01 19:22:01,566 [Time-limited test] INFO  server.RaftServerConfigKeys (ConfUtils.java:logGet(46)) - raft.server.storage.dir = [/home/runner/work/ratis/ratis/ratis-test/target/test/data/7bc9a986/MiniRaftClusterWithGrpc7eaf634f/s1] (custom)
2023-03-01 19:22:01,567 [s0-groupManagement] INFO  server.RaftServerConfigKeys (ConfUtils.java:logGet(46)) - raft.server.log.segment.size.max = 8MB (=8388608) (default)
2023-03-01 19:22:01,574 [s0-groupManagement] INFO  server.RaftServerConfigKeys (ConfUtils.java:logGet(46)) - raft.server.log.preallocated.size = 4MB (=4194304) (default)
2023-03-01 19:22:01,574 [s0-groupManagement] INFO  server.RaftServerConfigKeys (ConfUtils.java:logGet(46)) - raft.server.log.write.buffer.size = 64KB (=65536) (default)
2023-03-01 19:22:01,574 [s0-groupManagement] INFO  server.RaftServer$Division (RaftServerImpl.java:<init>(198)) - s0: new RaftServerImpl for group-BFB16B80E2B1:[s0|rpc:localhost:38067|admin:localhost:43369|client:localhost:41083|dataStream:localhost:33675|priority:0|startupRole:FOLLOWER, s1|rpc:localhost:46335|admin:localhost:36509|client:localhost:33403|dataStream:localhost:33087|priority:0|startupRole:FOLLOWER, s2|rpc:localhost:39101|admin:localhost:41809|client:localhost:42529|dataStream:localhost:44499|priority:0|startupRole:FOLLOWER] with SimpleStateMachine4Testing:uninitialized
2023-03-01 19:22:01,574 [s0-groupManagement] INFO  server.RaftServerConfigKeys (ConfUtils.java:logGet(46)) - raft.server.rpc.timeout.min = 150ms (default)
2023-03-01 19:22:01,574 [s0-groupManagement] INFO  server.RaftServerConfigKeys (ConfUtils.java:logGet(46)) - raft.server.rpc.timeout.max = 300ms (default)
2023-03-01 19:22:01,574 [s0-groupManagement] INFO  server.RaftServerConfigKeys (ConfUtils.java:logGet(46)) - raft.server.rpc.sleep.time = 25ms (default)
2023-03-01 19:22:01,574 [s0-groupManagement] INFO  server.RaftServerConfigKeys (ConfUtils.java:logGet(46)) - raft.server.rpc.slowness.timeout = 60s (default)
2023-03-01 19:22:01,574 [s0-groupManagement] INFO  server.RaftServerConfigKeys (ConfUtils.java:logGet(46)) - raft.server.leaderelection.leader.step-down.wait-time = 10s (default)
2023-03-01 19:22:01,574 [s0-groupManagement] INFO  server.RaftServerConfigKeys (ConfUtils.java:logGet(46)) - raft.server.sleep.deviation.threshold = 300ms (default)
2023-03-01 19:22:01,575 [s0-groupManagement] INFO  server.RaftServer$Division (ServerState.java:<init>(113)) - s0@group-BFB16B80E2B1: ConfigurationManager, init=-1: peers:[s0|rpc:localhost:38067|admin:localhost:43369|client:localhost:41083|dataStream:localhost:33675|priority:0|startupRole:FOLLOWER, s1|rpc:localhost:46335|admin:localhost:36509|client:localhost:33403|dataStream:localhost:33087|priority:0|startupRole:FOLLOWER, s2|rpc:localhost:39101|admin:localhost:41809|client:localhost:42529|dataStream:localhost:44499|priority:0|startupRole:FOLLOWER]|listeners:[], old=null, confs=<EMPTY_MAP>
2023-03-01 19:22:01,575 [s0-groupManagement] INFO  server.RaftServerConfigKeys (ConfUtils.java:logGet(46)) - raft.server.notification.no-leader.timeout = 60s (default)
2023-03-01 19:22:01,575 [s0-groupManagement] INFO  server.RaftServerConfigKeys (ConfUtils.java:logGet(46)) - raft.server.read.timeout = 10s (default)
2023-03-01 19:22:01,575 [s0-groupManagement] INFO  server.RaftServerConfigKeys (ConfUtils.java:logGet(46)) - raft.server.retrycache.expirytime = 60s (default)
2023-03-01 19:22:01,575 [s0-groupManagement] INFO  server.RaftServerConfigKeys (ConfUtils.java:logGet(46)) - raft.server.retrycache.statistics.expirytime = 100μs (default)
2023-03-01 19:22:01,575 [s0-groupManagement] INFO  server.RaftServerConfigKeys (ConfUtils.java:logGet(46)) - raft.server.read.option = DEFAULT (default)
2023-03-01 19:22:01,578 [s0-groupManagement] INFO  server.RaftServerConfigKeys (ConfUtils.java:logGet(46)) - raft.server.log.appender.install.snapshot.enabled = true (default)
2023-03-01 19:22:01,579 [s0-groupManagement] INFO  server.RaftServerConfigKeys (ConfUtils.java:logGet(46)) - raft.server.threadpool.server.cached = true (default)
2023-03-01 19:22:01,579 [s0-groupManagement] INFO  server.RaftServerConfigKeys (ConfUtils.java:logGet(46)) - raft.server.threadpool.server.size = 0 (default)
2023-03-01 19:22:01,581 [s0-groupManagement] INFO  server.RaftServerConfigKeys (ConfUtils.java:logGet(46)) - raft.server.threadpool.client.cached = true (default)
2023-03-01 19:22:01,581 [s0-groupManagement] INFO  server.RaftServerConfigKeys (ConfUtils.java:logGet(46)) - raft.server.threadpool.client.size = 0 (default)
2023-03-01 19:22:01,585 [Time-limited test] INFO  server.RaftServer (RaftServerProxy.java:addNew(99)) - s1: addNew group-BFB16B80E2B1:[s0|rpc:localhost:38067|admin:localhost:43369|client:localhost:41083|dataStream:localhost:33675|priority:0|startupRole:FOLLOWER, s1|rpc:localhost:46335|admin:localhost:36509|client:localhost:33403|dataStream:localhost:33087|priority:0|startupRole:FOLLOWER, s2|rpc:localhost:39101|admin:localhost:41809|client:localhost:42529|dataStream:localhost:44499|priority:0|startupRole:FOLLOWER] returns group-BFB16B80E2B1:java.util.concurrent.CompletableFuture@37ac4198[Not completed]
2023-03-01 19:22:01,586 [Time-limited test] INFO  impl.MiniRaftCluster (MiniRaftCluster.java:newRaftServer(382)) - newRaftServer: s2, group-BFB16B80E2B1:[s0|rpc:localhost:38067|admin:localhost:43369|client:localhost:41083|dataStream:localhost:33675|priority:0|startupRole:FOLLOWER, s1|rpc:localhost:46335|admin:localhost:36509|client:localhost:33403|dataStream:localhost:33087|priority:0|startupRole:FOLLOWER, s2|rpc:localhost:39101|admin:localhost:41809|client:localhost:42529|dataStream:localhost:44499|priority:0|startupRole:FOLLOWER], format? true
2023-03-01 19:22:01,586 [Time-limited test] TRACE util.FileUtils (FileUtils.java:deleteFully(201)) - deleteFully target/test/data/7bc9a986/MiniRaftClusterWithGrpc7eaf634f/s2
2023-03-01 19:22:01,586 [Time-limited test] TRACE util.FileUtils (FileUtils.java:deleteFully(217)) - deleteFully: target/test/data/7bc9a986/MiniRaftClusterWithGrpc7eaf634f/s2 does not exist.
2023-03-01 19:22:01,586 [Time-limited test] INFO  impl.MiniRaftCluster (MiniRaftCluster.java:newRaftServer(387)) - Formatted directory target/test/data/7bc9a986/MiniRaftClusterWithGrpc7eaf634f/s2
2023-03-01 19:22:01,586 [Time-limited test] INFO  server.RaftServer (ConfUtils.java:logGet(46)) - raft.rpc.type = GRPC (default)
2023-03-01 19:22:01,587 [Time-limited test] INFO  grpc.GrpcConfigKeys (ConfUtils.java:logFallback(53)) - raft.grpc.admin.host = null (fallback to raft.grpc.server.host)
2023-03-01 19:22:01,587 [Time-limited test] INFO  grpc.GrpcConfigKeys (ConfUtils.java:logGet(46)) - raft.grpc.admin.port = 41809 (custom)
2023-03-01 19:22:01,587 [Time-limited test] INFO  grpc.GrpcConfigKeys (ConfUtils.java:logFallback(53)) - raft.grpc.client.host = null (fallback to raft.grpc.server.host)
2023-03-01 19:22:01,587 [Time-limited test] INFO  grpc.GrpcConfigKeys (ConfUtils.java:logGet(46)) - raft.grpc.client.port = 42529 (custom)
2023-03-01 19:22:01,587 [Time-limited test] INFO  grpc.GrpcConfigKeys (ConfUtils.java:logGet(46)) - raft.grpc.server.host = null (default)
2023-03-01 19:22:01,587 [Time-limited test] INFO  grpc.GrpcConfigKeys (ConfUtils.java:logGet(46)) - raft.grpc.server.port = 39101 (custom)
2023-03-01 19:22:01,587 [Time-limited test] INFO  server.GrpcService (ConfUtils.java:logGet(46)) - raft.grpc.message.size.max = 64MB (=67108864) (default)
2023-03-01 19:22:01,587 [Time-limited test] INFO  server.RaftServerConfigKeys (ConfUtils.java:logGet(46)) - raft.server.log.appender.buffer.byte-limit = 4MB (=4194304) (default)
2023-03-01 19:22:01,587 [Time-limited test] INFO  server.GrpcService (ConfUtils.java:logGet(46)) - raft.grpc.flow.control.window = 1MB (=1048576) (default)
2023-03-01 19:22:01,587 [Time-limited test] INFO  server.RaftServerConfigKeys (ConfUtils.java:logGet(46)) - raft.server.rpc.request.timeout = 3000ms (default)
2023-03-01 19:22:01,587 [Time-limited test] INFO  grpc.GrpcConfigKeys (ConfUtils.java:logGet(46)) - raft.grpc.server.heartbeat.channel = true (default)
2023-03-01 19:22:01,587 [Time-limited test] INFO  grpc.GrpcConfigKeys (ConfUtils.java:logGet(46)) - raft.grpc.server.async.request.thread.pool.cached = true (default)
2023-03-01 19:22:01,587 [Time-limited test] INFO  grpc.GrpcConfigKeys (ConfUtils.java:logGet(46)) - raft.grpc.server.async.request.thread.pool.size = 32 (default)
2023-03-01 19:22:01,589 [Time-limited test] INFO  impl.DataStreamServerImpl (ConfUtils.java:logGet(46)) - raft.datastream.type = DISABLED (default)
2023-03-01 19:22:01,589 [Time-limited test] INFO  server.RaftServerConfigKeys (ConfUtils.java:logGet(46)) - raft.server.threadpool.proxy.cached = true (default)
2023-03-01 19:22:01,589 [Time-limited test] INFO  server.RaftServerConfigKeys (ConfUtils.java:logGet(46)) - raft.server.threadpool.proxy.size = 0 (default)
2023-03-01 19:22:01,589 [Time-limited test] INFO  server.RaftServerConfigKeys (ConfUtils.java:logGet(46)) - raft.server.rpc.slowness.timeout = 60s (default)
2023-03-01 19:22:01,591 [Time-limited test] INFO  server.RaftServerConfigKeys (ConfUtils.java:logGet(46)) - raft.server.leaderelection.leader.step-down.wait-time = 10s (default)
2023-03-01 19:22:01,591 [Time-limited test] INFO  server.RaftServerConfigKeys (ConfUtils.java:logGet(46)) - raft.server.storage.dir = [/home/runner/work/ratis/ratis/ratis-test/target/test/data/7bc9a986/MiniRaftClusterWithGrpc7eaf634f/s2] (custom)
2023-03-01 19:22:01,595 [s1-groupManagement] INFO  server.RaftServerConfigKeys (ConfUtils.java:logGet(46)) - raft.server.log.segment.size.max = 8MB (=8388608) (default)
2023-03-01 19:22:01,596 [s1-groupManagement] INFO  server.RaftServerConfigKeys (ConfUtils.java:logGet(46)) - raft.server.log.preallocated.size = 4MB (=4194304) (default)
2023-03-01 19:22:01,596 [s1-groupManagement] INFO  server.RaftServerConfigKeys (ConfUtils.java:logGet(46)) - raft.server.log.write.buffer.size = 64KB (=65536) (default)
2023-03-01 19:22:01,596 [s1-groupManagement] INFO  server.RaftServer$Division (RaftServerImpl.java:<init>(198)) - s1: new RaftServerImpl for group-BFB16B80E2B1:[s0|rpc:localhost:38067|admin:localhost:43369|client:localhost:41083|dataStream:localhost:33675|priority:0|startupRole:FOLLOWER, s1|rpc:localhost:46335|admin:localhost:36509|client:localhost:33403|dataStream:localhost:33087|priority:0|startupRole:FOLLOWER, s2|rpc:localhost:39101|admin:localhost:41809|client:localhost:42529|dataStream:localhost:44499|priority:0|startupRole:FOLLOWER] with SimpleStateMachine4Testing:uninitialized
2023-03-01 19:22:01,596 [s1-groupManagement] INFO  server.RaftServerConfigKeys (ConfUtils.java:logGet(46)) - raft.server.rpc.timeout.min = 150ms (default)
2023-03-01 19:22:01,596 [s1-groupManagement] INFO  server.RaftServerConfigKeys (ConfUtils.java:logGet(46)) - raft.server.rpc.timeout.max = 300ms (default)
2023-03-01 19:22:01,596 [s1-groupManagement] INFO  server.RaftServerConfigKeys (ConfUtils.java:logGet(46)) - raft.server.rpc.sleep.time = 25ms (default)
2023-03-01 19:22:01,597 [Time-limited test] INFO  server.RaftServer (RaftServerProxy.java:addNew(99)) - s2: addNew group-BFB16B80E2B1:[s0|rpc:localhost:38067|admin:localhost:43369|client:localhost:41083|dataStream:localhost:33675|priority:0|startupRole:FOLLOWER, s1|rpc:localhost:46335|admin:localhost:36509|client:localhost:33403|dataStream:localhost:33087|priority:0|startupRole:FOLLOWER, s2|rpc:localhost:39101|admin:localhost:41809|client:localhost:42529|dataStream:localhost:44499|priority:0|startupRole:FOLLOWER] returns group-BFB16B80E2B1:java.util.concurrent.CompletableFuture@6697a746[Not completed]
2023-03-01 19:22:01,599 [s1-groupManagement] INFO  server.RaftServerConfigKeys (ConfUtils.java:logGet(46)) - raft.server.rpc.slowness.timeout = 60s (default)
2023-03-01 19:22:01,599 [s1-groupManagement] INFO  server.RaftServerConfigKeys (ConfUtils.java:logGet(46)) - raft.server.leaderelection.leader.step-down.wait-time = 10s (default)
2023-03-01 19:22:01,599 [s1-groupManagement] INFO  server.RaftServerConfigKeys (ConfUtils.java:logGet(46)) - raft.server.sleep.deviation.threshold = 300ms (default)
2023-03-01 19:22:01,599 [s1-groupManagement] INFO  server.RaftServer$Division (ServerState.java:<init>(113)) - s1@group-BFB16B80E2B1: ConfigurationManager, init=-1: peers:[s0|rpc:localhost:38067|admin:localhost:43369|client:localhost:41083|dataStream:localhost:33675|priority:0|startupRole:FOLLOWER, s1|rpc:localhost:46335|admin:localhost:36509|client:localhost:33403|dataStream:localhost:33087|priority:0|startupRole:FOLLOWER, s2|rpc:localhost:39101|admin:localhost:41809|client:localhost:42529|dataStream:localhost:44499|priority:0|startupRole:FOLLOWER]|listeners:[], old=null, confs=<EMPTY_MAP>
2023-03-01 19:22:01,599 [s1-groupManagement] INFO  server.RaftServerConfigKeys (ConfUtils.java:logGet(46)) - raft.server.notification.no-leader.timeout = 60s (default)
2023-03-01 19:22:01,599 [s1-groupManagement] INFO  server.RaftServerConfigKeys (ConfUtils.java:logGet(46)) - raft.server.read.timeout = 10s (default)
2023-03-01 19:22:01,599 [s1-groupManagement] INFO  server.RaftServerConfigKeys (ConfUtils.java:logGet(46)) - raft.server.retrycache.expirytime = 60s (default)
2023-03-01 19:22:01,599 [s1-groupManagement] INFO  server.RaftServerConfigKeys (ConfUtils.java:logGet(46)) - raft.server.retrycache.statistics.expirytime = 100μs (default)
2023-03-01 19:22:01,600 [s1-groupManagement] INFO  server.RaftServerConfigKeys (ConfUtils.java:logGet(46)) - raft.server.read.option = DEFAULT (default)
2023-03-01 19:22:01,601 [s0-impl-thread1] INFO  server.RaftServerConfigKeys (ConfUtils.java:logGet(46)) - raft.server.storage.free-space.min = 0MB (=0) (default)
2023-03-01 19:22:01,606 [s0-impl-thread1] INFO  server.RaftServerConfigKeys (ConfUtils.java:logGet(46)) - raft.server.log.corruption.policy = EXCEPTION (default)
2023-03-01 19:22:01,606 [s0-impl-thread1] INFO  server.RaftServerConfigKeys (ConfUtils.java:logGet(46)) - raft.server.storage.dir = [/home/runner/work/ratis/ratis/ratis-test/target/test/data/7bc9a986/MiniRaftClusterWithGrpc7eaf634f/s0] (custom)
2023-03-01 19:22:01,606 [s0-impl-thread1] INFO  storage.RaftStorageDirectory (RaftStorageDirectoryImpl.java:analyzeStorage(138)) - The storage directory /home/runner/work/ratis/ratis/ratis-test/target/test/data/7bc9a986/MiniRaftClusterWithGrpc7eaf634f/s0/786d14c4-b601-471a-8a94-bfb16b80e2b1 does not exist. Creating ...
2023-03-01 19:22:01,606 [s0-impl-thread1] TRACE util.FileUtils (LogUtils.java:runAndLog(49)) - Successfully ran Files.createDirectories /home/runner/work/ratis/ratis/ratis-test/target/test/data/7bc9a986/MiniRaftClusterWithGrpc7eaf634f/s0/786d14c4-b601-471a-8a94-bfb16b80e2b1
2023-03-01 19:22:01,600 [s2-groupManagement] INFO  server.RaftServerConfigKeys (ConfUtils.java:logGet(46)) - raft.server.log.segment.size.max = 8MB (=8388608) (default)
2023-03-01 19:22:01,607 [s2-groupManagement] INFO  server.RaftServerConfigKeys (ConfUtils.java:logGet(46)) - raft.server.log.preallocated.size = 4MB (=4194304) (default)
2023-03-01 19:22:01,607 [s2-groupManagement] INFO  server.RaftServerConfigKeys (ConfUtils.java:logGet(46)) - raft.server.log.write.buffer.size = 64KB (=65536) (default)
2023-03-01 19:22:01,607 [s2-groupManagement] INFO  server.RaftServer$Division (RaftServerImpl.java:<init>(198)) - s2: new RaftServerImpl for group-BFB16B80E2B1:[s0|rpc:localhost:38067|admin:localhost:43369|client:localhost:41083|dataStream:localhost:33675|priority:0|startupRole:FOLLOWER, s1|rpc:localhost:46335|admin:localhost:36509|client:localhost:33403|dataStream:localhost:33087|priority:0|startupRole:FOLLOWER, s2|rpc:localhost:39101|admin:localhost:41809|client:localhost:42529|dataStream:localhost:44499|priority:0|startupRole:FOLLOWER] with SimpleStateMachine4Testing:uninitialized
2023-03-01 19:22:01,607 [s2-groupManagement] INFO  server.RaftServerConfigKeys (ConfUtils.java:logGet(46)) - raft.server.rpc.timeout.min = 150ms (default)
2023-03-01 19:22:01,607 [s2-groupManagement] INFO  server.RaftServerConfigKeys (ConfUtils.java:logGet(46)) - raft.server.rpc.timeout.max = 300ms (default)
2023-03-01 19:22:01,607 [s2-groupManagement] INFO  server.RaftServerConfigKeys (ConfUtils.java:logGet(46)) - raft.server.rpc.sleep.time = 25ms (default)
2023-03-01 19:22:01,607 [s2-groupManagement] INFO  server.RaftServerConfigKeys (ConfUtils.java:logGet(46)) - raft.server.rpc.slowness.timeout = 60s (default)
2023-03-01 19:22:01,607 [s2-groupManagement] INFO  server.RaftServerConfigKeys (ConfUtils.java:logGet(46)) - raft.server.leaderelection.leader.step-down.wait-time = 10s (default)
2023-03-01 19:22:01,607 [s2-groupManagement] INFO  server.RaftServerConfigKeys (ConfUtils.java:logGet(46)) - raft.server.sleep.deviation.threshold = 300ms (default)
2023-03-01 19:22:01,607 [s2-groupManagement] INFO  server.RaftServer$Division (ServerState.java:<init>(113)) - s2@group-BFB16B80E2B1: ConfigurationManager, init=-1: peers:[s0|rpc:localhost:38067|admin:localhost:43369|client:localhost:41083|dataStream:localhost:33675|priority:0|startupRole:FOLLOWER, s1|rpc:localhost:46335|admin:localhost:36509|client:localhost:33403|dataStream:localhost:33087|priority:0|startupRole:FOLLOWER, s2|rpc:localhost:39101|admin:localhost:41809|client:localhost:42529|dataStream:localhost:44499|priority:0|startupRole:FOLLOWER]|listeners:[], old=null, confs=<EMPTY_MAP>
2023-03-01 19:22:01,608 [s2-groupManagement] INFO  server.RaftServerConfigKeys (ConfUtils.java:logGet(46)) - raft.server.notification.no-leader.timeout = 60s (default)
2023-03-01 19:22:01,608 [s2-groupManagement] INFO  server.RaftServerConfigKeys (ConfUtils.java:logGet(46)) - raft.server.read.timeout = 10s (default)
2023-03-01 19:22:01,608 [s2-groupManagement] INFO  server.RaftServerConfigKeys (ConfUtils.java:logGet(46)) - raft.server.retrycache.expirytime = 60s (default)
2023-03-01 19:22:01,608 [s2-groupManagement] INFO  server.RaftServerConfigKeys (ConfUtils.java:logGet(46)) - raft.server.retrycache.statistics.expirytime = 100μs (default)
2023-03-01 19:22:01,608 [s2-groupManagement] INFO  server.RaftServerConfigKeys (ConfUtils.java:logGet(46)) - raft.server.read.option = DEFAULT (default)
2023-03-01 19:22:01,602 [s1-groupManagement] INFO  server.RaftServerConfigKeys (ConfUtils.java:logGet(46)) - raft.server.log.appender.install.snapshot.enabled = true (default)
2023-03-01 19:22:01,610 [s0-impl-thread1] INFO  storage.RaftStorageDirectory (RaftStorageDirectoryImpl.java:tryLock(232)) - Lock on /home/runner/work/ratis/ratis/ratis-test/target/test/data/7bc9a986/MiniRaftClusterWithGrpc7eaf634f/s0/786d14c4-b601-471a-8a94-bfb16b80e2b1/in_use.lock acquired by nodename 14875@fv-az198-314
2023-03-01 19:22:01,610 [s0-impl-thread1] TRACE util.FileUtils (LogUtils.java:runAndLog(49)) - Successfully ran Files.createDirectories /home/runner/work/ratis/ratis/ratis-test/target/test/data/7bc9a986/MiniRaftClusterWithGrpc7eaf634f/s0/786d14c4-b601-471a-8a94-bfb16b80e2b1/current
2023-03-01 19:22:01,610 [s0-impl-thread1] TRACE util.FileUtils (LogUtils.java:runAndLog(49)) - Successfully ran Files.createDirectories /home/runner/work/ratis/ratis/ratis-test/target/test/data/7bc9a986/MiniRaftClusterWithGrpc7eaf634f/s0/786d14c4-b601-471a-8a94-bfb16b80e2b1/sm
2023-03-01 19:22:01,611 [s1-groupManagement] INFO  server.RaftServerConfigKeys (ConfUtils.java:logGet(46)) - raft.server.threadpool.server.cached = true (default)
2023-03-01 19:22:01,611 [s1-groupManagement] INFO  server.RaftServerConfigKeys (ConfUtils.java:logGet(46)) - raft.server.threadpool.server.size = 0 (default)
2023-03-01 19:22:01,611 [s1-groupManagement] INFO  server.RaftServerConfigKeys (ConfUtils.java:logGet(46)) - raft.server.threadpool.client.cached = true (default)
2023-03-01 19:22:01,611 [s1-groupManagement] INFO  server.RaftServerConfigKeys (ConfUtils.java:logGet(46)) - raft.server.threadpool.client.size = 0 (default)
2023-03-01 19:22:01,612 [s0-impl-thread1] INFO  storage.RaftStorage (RaftStorageImpl.java:format(96)) - Storage directory /home/runner/work/ratis/ratis/ratis-test/target/test/data/7bc9a986/MiniRaftClusterWithGrpc7eaf634f/s0/786d14c4-b601-471a-8a94-bfb16b80e2b1 has been successfully formatted.
2023-03-01 19:22:01,612 [s0-impl-thread1] INFO  impl.SimpleStateMachine4Testing (SimpleStateMachine4Testing.java:initialize(213)) - Initializing SimpleStateMachine4Testing:uninitialized
2023-03-01 19:22:01,612 [s0-impl-thread1] INFO  impl.SimpleStateMachine4Testing (SimpleStateMachine4Testing.java:loadSnapshot(293)) - Loading snapshot null
2023-03-01 19:22:01,612 [s0-impl-thread1] INFO  server.RaftServerConfigKeys (ConfUtils.java:logGet(46)) - raft.server.log.use.memory = false (default)
2023-03-01 19:22:01,612 [s0-impl-thread1] INFO  server.RaftServerConfigKeys (ConfUtils.java:logGet(46)) - raft.server.log.purge.gap = 1024 (default)
2023-03-01 19:22:01,612 [s0-impl-thread1] INFO  server.RaftServerConfigKeys (ConfUtils.java:logGet(46)) - raft.server.log.appender.buffer.byte-limit = 4MB (=4194304) (default)
2023-03-01 19:22:01,613 [s0-impl-thread1] INFO  server.RaftServerConfigKeys (ConfUtils.java:logGet(46)) - raft.server.log.statemachine.data.read.timeout = 1000ms (default)
2023-03-01 19:22:01,613 [s0-impl-thread1] INFO  server.RaftServerConfigKeys (ConfUtils.java:logGet(46)) - raft.server.log.purge.preservation.log.num = 0 (default)
2023-03-01 19:22:01,614 [s0-impl-thread1] INFO  server.RaftServerConfigKeys (ConfUtils.java:logGet(46)) - raft.server.log.segment.size.max = 8MB (=8388608) (default)
2023-03-01 19:22:01,614 [s0-impl-thread1] INFO  server.RaftServerConfigKeys (ConfUtils.java:logGet(46)) - raft.server.log.segment.cache.num.max = 6 (default)
2023-03-01 19:22:01,615 [s0-impl-thread1] INFO  server.RaftServerConfigKeys (ConfUtils.java:logGet(46)) - raft.server.log.segment.cache.size.max = 200MB (=209715200) (default)
2023-03-01 19:22:01,615 [s0-impl-thread1] INFO  server.RaftServerConfigKeys (ConfUtils.java:logGet(46)) - raft.server.log.appender.buffer.byte-limit = 4MB (=4194304) (default)
2023-03-01 19:22:01,615 [s0-impl-thread1] INFO  segmented.SegmentedRaftLogWorker (SegmentedRaftLogWorker.java:<init>(183)) - new s0@group-BFB16B80E2B1-SegmentedRaftLogWorker for RaftStorageImpl:Storage Directory /home/runner/work/ratis/ratis/ratis-test/target/test/data/7bc9a986/MiniRaftClusterWithGrpc7eaf634f/s0/786d14c4-b601-471a-8a94-bfb16b80e2b1
2023-03-01 19:22:01,615 [s0-impl-thread1] INFO  server.RaftServerConfigKeys (ConfUtils.java:logGet(46)) - raft.server.log.queue.byte-limit = 64MB (=67108864) (default)
2023-03-01 19:22:01,615 [s0-impl-thread1] INFO  server.RaftServerConfigKeys (ConfUtils.java:logGet(46)) - raft.server.log.queue.element-limit = 4096 (default)
2023-03-01 19:22:01,615 [s0-impl-thread1] INFO  server.RaftServerConfigKeys (ConfUtils.java:logGet(46)) - raft.server.log.segment.size.max = 8MB (=8388608) (default)
2023-03-01 19:22:01,615 [s0-impl-thread1] INFO  server.RaftServerConfigKeys (ConfUtils.java:logGet(46)) - raft.server.log.preallocated.size = 4MB (=4194304) (default)
2023-03-01 19:22:01,615 [s0-impl-thread1] INFO  server.RaftServerConfigKeys (ConfUtils.java:logGet(46)) - raft.server.log.force.sync.num = 128 (default)
2023-03-01 19:22:01,616 [s0-impl-thread1] INFO  server.RaftServerConfigKeys (ConfUtils.java:logGet(46)) - raft.server.log.statemachine.data.sync = true (default)
2023-03-01 19:22:01,616 [s0-impl-thread1] INFO  server.RaftServerConfigKeys (ConfUtils.java:logGet(46)) - raft.server.log.statemachine.data.sync.timeout = 10s (default)
2023-03-01 19:22:01,616 [s0-impl-thread1] INFO  server.RaftServerConfigKeys (ConfUtils.java:logGet(46)) - raft.server.log.statemachine.data.sync.timeout.retry = -1 (default)
2023-03-01 19:22:01,616 [s0-impl-thread1] INFO  server.RaftServerConfigKeys (ConfUtils.java:logGet(46)) - raft.server.log.write.buffer.size = 64KB (=65536) (default)
2023-03-01 19:22:01,616 [s0-impl-thread1] INFO  server.RaftServerConfigKeys (ConfUtils.java:logGet(46)) - raft.server.log.appender.buffer.byte-limit = 4MB (=4194304) (default)
2023-03-01 19:22:01,615 [s2-groupManagement] INFO  server.RaftServerConfigKeys (ConfUtils.java:logGet(46)) - raft.server.log.appender.install.snapshot.enabled = true (default)
2023-03-01 19:22:01,619 [s2-groupManagement] INFO  server.RaftServerConfigKeys (ConfUtils.java:logGet(46)) - raft.server.threadpool.server.cached = true (default)
2023-03-01 19:22:01,619 [s2-groupManagement] INFO  server.RaftServerConfigKeys (ConfUtils.java:logGet(46)) - raft.server.threadpool.server.size = 0 (default)
2023-03-01 19:22:01,620 [s2-groupManagement] INFO  server.RaftServerConfigKeys (ConfUtils.java:logGet(46)) - raft.server.threadpool.client.cached = true (default)
2023-03-01 19:22:01,620 [s2-groupManagement] INFO  server.RaftServerConfigKeys (ConfUtils.java:logGet(46)) - raft.server.threadpool.client.size = 0 (default)
2023-03-01 19:22:01,624 [s0-impl-thread1] INFO  server.RaftServerConfigKeys (ConfUtils.java:logGet(46)) - raft.server.log.unsafe-flush.enabled = false (default)
2023-03-01 19:22:01,625 [s0-impl-thread1] INFO  server.RaftServerConfigKeys (ConfUtils.java:logGet(46)) - raft.server.log.async-flush.enabled = false (default)
2023-03-01 19:22:01,625 [s0-impl-thread1] INFO  server.RaftServerConfigKeys (ConfUtils.java:logGet(46)) - raft.server.log.statemachine.data.caching.enabled = false (default)
2023-03-01 19:22:01,625 [s0-impl-thread1] INFO  segmented.SegmentedRaftLogWorker (SegmentedRaftLogWorker.java:lambda$new$0(134)) - s0@group-BFB16B80E2B1-SegmentedRaftLogWorker: flushIndex: setUnconditionally 0 -> -1
2023-03-01 19:22:01,625 [s0-impl-thread1] INFO  segmented.SegmentedRaftLogWorker (SegmentedRaftLogWorker.java:lambda$new$0(134)) - s0@group-BFB16B80E2B1-SegmentedRaftLogWorker: safeCacheEvictIndex: setUnconditionally 0 -> -1
2023-03-01 19:22:01,629 [s0-impl-thread1] INFO  server.RaftServer$Division (RaftServerImpl.java:start(342)) - s0@group-BFB16B80E2B1: start as a follower, conf=-1: peers:[s0|rpc:localhost:38067|admin:localhost:43369|client:localhost:41083|dataStream:localhost:33675|priority:0|startupRole:FOLLOWER, s1|rpc:localhost:46335|admin:localhost:36509|client:localhost:33403|dataStream:localhost:33087|priority:0|startupRole:FOLLOWER, s2|rpc:localhost:39101|admin:localhost:41809|client:localhost:42529|dataStream:localhost:44499|priority:0|startupRole:FOLLOWER]|listeners:[], old=null
2023-03-01 19:22:01,629 [s0-impl-thread1] INFO  server.RaftServer$Division (RaftServerImpl.java:setRole(329)) - s0@group-BFB16B80E2B1: changes role from      null to FOLLOWER at term 0 for startAsFollower
2023-03-01 19:22:01,629 [s0-impl-thread1] INFO  impl.RoleInfo (RoleInfo.java:updateAndGet(139)) - s0: start s0@group-BFB16B80E2B1-FollowerState
2023-03-01 19:22:01,630 [s0-impl-thread1] INFO  util.JmxRegister (JmxRegister.java:tryRegister(44)) - Successfully registered JMX Bean with object name Ratis:service=RaftServer,group=group-BFB16B80E2B1,id=s0
2023-03-01 19:22:01,630 [s0-impl-thread1] INFO  server.RaftServerConfigKeys (ConfUtils.java:logGet(46)) - raft.server.snapshot.auto.trigger.enabled = false (default)
2023-03-01 19:22:01,630 [s0-impl-thread1] INFO  server.RaftServerConfigKeys (ConfUtils.java:logGet(46)) - raft.server.snapshot.retention.file.num = -1 (default)
2023-03-01 19:22:01,630 [s0-impl-thread1] INFO  server.RaftServerConfigKeys (ConfUtils.java:logGet(46)) - raft.server.log.purge.upto.snapshot.index = false (default)
2023-03-01 19:22:01,631 [Time-limited test] INFO  server.RaftServer (RaftServerProxy.java:startImpl(401)) - s0: start RPC server
2023-03-01 19:22:01,635 [s0@group-BFB16B80E2B1-FollowerState] INFO  server.RaftServerConfigKeys (ConfUtils.java:logFallback(53)) - raft.server.rpc.first-election.timeout.min = 150ms (fallback to raft.server.rpc.timeout.min)
2023-03-01 19:22:01,635 [s0@group-BFB16B80E2B1-FollowerState] INFO  server.RaftServerConfigKeys (ConfUtils.java:logFallback(53)) - raft.server.rpc.first-election.timeout.max = 300ms (fallback to raft.server.rpc.timeout.max)
2023-03-01 19:22:01,635 [Time-limited test] INFO  server.GrpcService (GrpcService.java:startImpl(302)) - s0: GrpcService started, listening on 41083
2023-03-01 19:22:01,636 [Time-limited test] INFO  server.GrpcService (GrpcService.java:startImpl(302)) - s0: GrpcService started, listening on 38067
2023-03-01 19:22:01,637 [Time-limited test] INFO  server.GrpcService (GrpcService.java:startImpl(302)) - s0: GrpcService started, listening on 43369
2023-03-01 19:22:01,637 [s1-impl-thread1] INFO  server.RaftServerConfigKeys (ConfUtils.java:logGet(46)) - raft.server.storage.free-space.min = 0MB (=0) (default)
2023-03-01 19:22:01,637 [s1-impl-thread1] INFO  server.RaftServerConfigKeys (ConfUtils.java:logGet(46)) - raft.server.log.corruption.policy = EXCEPTION (default)
2023-03-01 19:22:01,637 [s1-impl-thread1] INFO  server.RaftServerConfigKeys (ConfUtils.java:logGet(46)) - raft.server.storage.dir = [/home/runner/work/ratis/ratis/ratis-test/target/test/data/7bc9a986/MiniRaftClusterWithGrpc7eaf634f/s1] (custom)
2023-03-01 19:22:01,638 [s1-impl-thread1] INFO  storage.RaftStorageDirectory (RaftStorageDirectoryImpl.java:analyzeStorage(138)) - The storage directory /home/runner/work/ratis/ratis/ratis-test/target/test/data/7bc9a986/MiniRaftClusterWithGrpc7eaf634f/s1/786d14c4-b601-471a-8a94-bfb16b80e2b1 does not exist. Creating ...
2023-03-01 19:22:01,638 [s1-impl-thread1] TRACE util.FileUtils (LogUtils.java:runAndLog(49)) - Successfully ran Files.createDirectories /home/runner/work/ratis/ratis/ratis-test/target/test/data/7bc9a986/MiniRaftClusterWithGrpc7eaf634f/s1/786d14c4-b601-471a-8a94-bfb16b80e2b1
2023-03-01 19:22:01,638 [JvmPauseMonitor2] INFO  util.JvmPauseMonitor (JvmPauseMonitor.java:run(103)) - JvmPauseMonitor-s0: Started
2023-03-01 19:22:01,640 [s1-impl-thread1] INFO  storage.RaftStorageDirectory (RaftStorageDirectoryImpl.java:tryLock(232)) - Lock on /home/runner/work/ratis/ratis/ratis-test/target/test/data/7bc9a986/MiniRaftClusterWithGrpc7eaf634f/s1/786d14c4-b601-471a-8a94-bfb16b80e2b1/in_use.lock acquired by nodename 14875@fv-az198-314
2023-03-01 19:22:01,640 [s1-impl-thread1] TRACE util.FileUtils (LogUtils.java:runAndLog(49)) - Successfully ran Files.createDirectories /home/runner/work/ratis/ratis/ratis-test/target/test/data/7bc9a986/MiniRaftClusterWithGrpc7eaf634f/s1/786d14c4-b601-471a-8a94-bfb16b80e2b1/current
2023-03-01 19:22:01,640 [s1-impl-thread1] TRACE util.FileUtils (LogUtils.java:runAndLog(49)) - Successfully ran Files.createDirectories /home/runner/work/ratis/ratis/ratis-test/target/test/data/7bc9a986/MiniRaftClusterWithGrpc7eaf634f/s1/786d14c4-b601-471a-8a94-bfb16b80e2b1/sm
2023-03-01 19:22:01,641 [s1-impl-thread1] INFO  storage.RaftStorage (RaftStorageImpl.java:format(96)) - Storage directory /home/runner/work/ratis/ratis/ratis-test/target/test/data/7bc9a986/MiniRaftClusterWithGrpc7eaf634f/s1/786d14c4-b601-471a-8a94-bfb16b80e2b1 has been successfully formatted.
2023-03-01 19:22:01,641 [s1-impl-thread1] INFO  impl.SimpleStateMachine4Testing (SimpleStateMachine4Testing.java:initialize(213)) - Initializing SimpleStateMachine4Testing:uninitialized
2023-03-01 19:22:01,642 [s1-impl-thread1] INFO  impl.SimpleStateMachine4Testing (SimpleStateMachine4Testing.java:loadSnapshot(293)) - Loading snapshot null
2023-03-01 19:22:01,642 [s1-impl-thread1] INFO  server.RaftServerConfigKeys (ConfUtils.java:logGet(46)) - raft.server.log.use.memory = false (default)
2023-03-01 19:22:01,642 [s1-impl-thread1] INFO  server.RaftServerConfigKeys (ConfUtils.java:logGet(46)) - raft.server.log.purge.gap = 1024 (default)
2023-03-01 19:22:01,642 [s1-impl-thread1] INFO  server.RaftServerConfigKeys (ConfUtils.java:logGet(46)) - raft.server.log.appender.buffer.byte-limit = 4MB (=4194304) (default)
2023-03-01 19:22:01,642 [s1-impl-thread1] INFO  server.RaftServerConfigKeys (ConfUtils.java:logGet(46)) - raft.server.log.statemachine.data.read.timeout = 1000ms (default)
2023-03-01 19:22:01,642 [s1-impl-thread1] INFO  server.RaftServerConfigKeys (ConfUtils.java:logGet(46)) - raft.server.log.purge.preservation.log.num = 0 (default)
2023-03-01 19:22:01,643 [s1-impl-thread1] INFO  server.RaftServerConfigKeys (ConfUtils.java:logGet(46)) - raft.server.log.segment.size.max = 8MB (=8388608) (default)
2023-03-01 19:22:01,644 [s1-impl-thread1] INFO  server.RaftServerConfigKeys (ConfUtils.java:logGet(46)) - raft.server.log.segment.cache.num.max = 6 (default)
2023-03-01 19:22:01,644 [s1-impl-thread1] INFO  server.RaftServerConfigKeys (ConfUtils.java:logGet(46)) - raft.server.log.segment.cache.size.max = 200MB (=209715200) (default)
2023-03-01 19:22:01,644 [s1-impl-thread1] INFO  server.RaftServerConfigKeys (ConfUtils.java:logGet(46)) - raft.server.log.appender.buffer.byte-limit = 4MB (=4194304) (default)
2023-03-01 19:22:01,644 [s1-impl-thread1] INFO  segmented.SegmentedRaftLogWorker (SegmentedRaftLogWorker.java:<init>(183)) - new s1@group-BFB16B80E2B1-SegmentedRaftLogWorker for RaftStorageImpl:Storage Directory /home/runner/work/ratis/ratis/ratis-test/target/test/data/7bc9a986/MiniRaftClusterWithGrpc7eaf634f/s1/786d14c4-b601-471a-8a94-bfb16b80e2b1
2023-03-01 19:22:01,644 [s1-impl-thread1] INFO  server.RaftServerConfigKeys (ConfUtils.java:logGet(46)) - raft.server.log.queue.byte-limit = 64MB (=67108864) (default)
2023-03-01 19:22:01,644 [s1-impl-thread1] INFO  server.RaftServerConfigKeys (ConfUtils.java:logGet(46)) - raft.server.log.queue.element-limit = 4096 (default)
2023-03-01 19:22:01,644 [s1-impl-thread1] INFO  server.RaftServerConfigKeys (ConfUtils.java:logGet(46)) - raft.server.log.segment.size.max = 8MB (=8388608) (default)
2023-03-01 19:22:01,644 [s1-impl-thread1] INFO  server.RaftServerConfigKeys (ConfUtils.java:logGet(46)) - raft.server.log.preallocated.size = 4MB (=4194304) (default)
2023-03-01 19:22:01,644 [s1-impl-thread1] INFO  server.RaftServerConfigKeys (ConfUtils.java:logGet(46)) - raft.server.log.force.sync.num = 128 (default)
2023-03-01 19:22:01,644 [s1-impl-thread1] INFO  server.RaftServerConfigKeys (ConfUtils.java:logGet(46)) - raft.server.log.statemachine.data.sync = true (default)
2023-03-01 19:22:01,644 [s1-impl-thread1] INFO  server.RaftServerConfigKeys (ConfUtils.java:logGet(46)) - raft.server.log.statemachine.data.sync.timeout = 10s (default)
2023-03-01 19:22:01,644 [s1-impl-thread1] INFO  server.RaftServerConfigKeys (ConfUtils.java:logGet(46)) - raft.server.log.statemachine.data.sync.timeout.retry = -1 (default)
2023-03-01 19:22:01,644 [s1-impl-thread1] INFO  server.RaftServerConfigKeys (ConfUtils.java:logGet(46)) - raft.server.log.write.buffer.size = 64KB (=65536) (default)
2023-03-01 19:22:01,645 [s1-impl-thread1] INFO  server.RaftServerConfigKeys (ConfUtils.java:logGet(46)) - raft.server.log.appender.buffer.byte-limit = 4MB (=4194304) (default)
2023-03-01 19:22:01,647 [s1-impl-thread1] INFO  server.RaftServerConfigKeys (ConfUtils.java:logGet(46)) - raft.server.log.unsafe-flush.enabled = false (default)
2023-03-01 19:22:01,647 [s1-impl-thread1] INFO  server.RaftServerConfigKeys (ConfUtils.java:logGet(46)) - raft.server.log.async-flush.enabled = false (default)
2023-03-01 19:22:01,647 [s1-impl-thread1] INFO  server.RaftServerConfigKeys (ConfUtils.java:logGet(46)) - raft.server.log.statemachine.data.caching.enabled = false (default)
2023-03-01 19:22:01,647 [s1-impl-thread1] INFO  segmented.SegmentedRaftLogWorker (SegmentedRaftLogWorker.java:lambda$new$0(134)) - s1@group-BFB16B80E2B1-SegmentedRaftLogWorker: flushIndex: setUnconditionally 0 -> -1
2023-03-01 19:22:01,647 [s1-impl-thread1] INFO  segmented.SegmentedRaftLogWorker (SegmentedRaftLogWorker.java:lambda$new$0(134)) - s1@group-BFB16B80E2B1-SegmentedRaftLogWorker: safeCacheEvictIndex: setUnconditionally 0 -> -1
2023-03-01 19:22:01,648 [s1-impl-thread1] INFO  server.RaftServer$Division (RaftServerImpl.java:start(342)) - s1@group-BFB16B80E2B1: start as a follower, conf=-1: peers:[s0|rpc:localhost:38067|admin:localhost:43369|client:localhost:41083|dataStream:localhost:33675|priority:0|startupRole:FOLLOWER, s1|rpc:localhost:46335|admin:localhost:36509|client:localhost:33403|dataStream:localhost:33087|priority:0|startupRole:FOLLOWER, s2|rpc:localhost:39101|admin:localhost:41809|client:localhost:42529|dataStream:localhost:44499|priority:0|startupRole:FOLLOWER]|listeners:[], old=null
2023-03-01 19:22:01,648 [s1-impl-thread1] INFO  server.RaftServer$Division (RaftServerImpl.java:setRole(329)) - s1@group-BFB16B80E2B1: changes role from      null to FOLLOWER at term 0 for startAsFollower
2023-03-01 19:22:01,648 [s1-impl-thread1] INFO  impl.RoleInfo (RoleInfo.java:updateAndGet(139)) - s1: start s1@group-BFB16B80E2B1-FollowerState
2023-03-01 19:22:01,649 [s1-impl-thread1] INFO  util.JmxRegister (JmxRegister.java:tryRegister(44)) - Successfully registered JMX Bean with object name Ratis:service=RaftServer,group=group-BFB16B80E2B1,id=s1
2023-03-01 19:22:01,649 [s1-impl-thread1] INFO  server.RaftServerConfigKeys (ConfUtils.java:logGet(46)) - raft.server.snapshot.auto.trigger.enabled = false (default)
2023-03-01 19:22:01,649 [s1-impl-thread1] INFO  server.RaftServerConfigKeys (ConfUtils.java:logGet(46)) - raft.server.snapshot.retention.file.num = -1 (default)
2023-03-01 19:22:01,649 [s1-impl-thread1] INFO  server.RaftServerConfigKeys (ConfUtils.java:logGet(46)) - raft.server.log.purge.upto.snapshot.index = false (default)
2023-03-01 19:22:01,649 [s1@group-BFB16B80E2B1-FollowerState] INFO  server.RaftServerConfigKeys (ConfUtils.java:logFallback(53)) - raft.server.rpc.first-election.timeout.min = 150ms (fallback to raft.server.rpc.timeout.min)
2023-03-01 19:22:01,656 [s1@group-BFB16B80E2B1-FollowerState] INFO  server.RaftServerConfigKeys (ConfUtils.java:logFallback(53)) - raft.server.rpc.first-election.timeout.max = 300ms (fallback to raft.server.rpc.timeout.max)
2023-03-01 19:22:01,656 [Time-limited test] INFO  server.RaftServer (RaftServerProxy.java:startImpl(401)) - s1: start RPC server
2023-03-01 19:22:01,658 [Time-limited test] INFO  server.GrpcService (GrpcService.java:startImpl(302)) - s1: GrpcService started, listening on 33403
2023-03-01 19:22:01,659 [Time-limited test] INFO  server.GrpcService (GrpcService.java:startImpl(302)) - s1: GrpcService started, listening on 46335
2023-03-01 19:22:01,660 [Time-limited test] INFO  server.GrpcService (GrpcService.java:startImpl(302)) - s1: GrpcService started, listening on 36509
2023-03-01 19:22:01,660 [s2-impl-thread1] INFO  server.RaftServerConfigKeys (ConfUtils.java:logGet(46)) - raft.server.storage.free-space.min = 0MB (=0) (default)
2023-03-01 19:22:01,660 [JvmPauseMonitor3] INFO  util.JvmPauseMonitor (JvmPauseMonitor.java:run(103)) - JvmPauseMonitor-s1: Started
2023-03-01 19:22:01,660 [s2-impl-thread1] INFO  server.RaftServerConfigKeys (ConfUtils.java:logGet(46)) - raft.server.log.corruption.policy = EXCEPTION (default)
2023-03-01 19:22:01,660 [s2-impl-thread1] INFO  server.RaftServerConfigKeys (ConfUtils.java:logGet(46)) - raft.server.storage.dir = [/home/runner/work/ratis/ratis/ratis-test/target/test/data/7bc9a986/MiniRaftClusterWithGrpc7eaf634f/s2] (custom)
2023-03-01 19:22:01,661 [s2-impl-thread1] INFO  storage.RaftStorageDirectory (RaftStorageDirectoryImpl.java:analyzeStorage(138)) - The storage directory /home/runner/work/ratis/ratis/ratis-test/target/test/data/7bc9a986/MiniRaftClusterWithGrpc7eaf634f/s2/786d14c4-b601-471a-8a94-bfb16b80e2b1 does not exist. Creating ...
2023-03-01 19:22:01,661 [s2-impl-thread1] TRACE util.FileUtils (LogUtils.java:runAndLog(49)) - Successfully ran Files.createDirectories /home/runner/work/ratis/ratis/ratis-test/target/test/data/7bc9a986/MiniRaftClusterWithGrpc7eaf634f/s2/786d14c4-b601-471a-8a94-bfb16b80e2b1
2023-03-01 19:22:01,662 [s2-impl-thread1] INFO  storage.RaftStorageDirectory (RaftStorageDirectoryImpl.java:tryLock(232)) - Lock on /home/runner/work/ratis/ratis/ratis-test/target/test/data/7bc9a986/MiniRaftClusterWithGrpc7eaf634f/s2/786d14c4-b601-471a-8a94-bfb16b80e2b1/in_use.lock acquired by nodename 14875@fv-az198-314
2023-03-01 19:22:01,662 [s2-impl-thread1] TRACE util.FileUtils (LogUtils.java:runAndLog(49)) - Successfully ran Files.createDirectories /home/runner/work/ratis/ratis/ratis-test/target/test/data/7bc9a986/MiniRaftClusterWithGrpc7eaf634f/s2/786d14c4-b601-471a-8a94-bfb16b80e2b1/current
2023-03-01 19:22:01,662 [s2-impl-thread1] TRACE util.FileUtils (LogUtils.java:runAndLog(49)) - Successfully ran Files.createDirectories /home/runner/work/ratis/ratis/ratis-test/target/test/data/7bc9a986/MiniRaftClusterWithGrpc7eaf634f/s2/786d14c4-b601-471a-8a94-bfb16b80e2b1/sm
2023-03-01 19:22:01,663 [s2-impl-thread1] INFO  storage.RaftStorage (RaftStorageImpl.java:format(96)) - Storage directory /home/runner/work/ratis/ratis/ratis-test/target/test/data/7bc9a986/MiniRaftClusterWithGrpc7eaf634f/s2/786d14c4-b601-471a-8a94-bfb16b80e2b1 has been successfully formatted.
2023-03-01 19:22:01,664 [s2-impl-thread1] INFO  impl.SimpleStateMachine4Testing (SimpleStateMachine4Testing.java:initialize(213)) - Initializing SimpleStateMachine4Testing:uninitialized
2023-03-01 19:22:01,664 [s2-impl-thread1] INFO  impl.SimpleStateMachine4Testing (SimpleStateMachine4Testing.java:loadSnapshot(293)) - Loading snapshot null
2023-03-01 19:22:01,664 [s2-impl-thread1] INFO  server.RaftServerConfigKeys (ConfUtils.java:logGet(46)) - raft.server.log.use.memory = false (default)
2023-03-01 19:22:01,664 [s2-impl-thread1] INFO  server.RaftServerConfigKeys (ConfUtils.java:logGet(46)) - raft.server.log.purge.gap = 1024 (default)
2023-03-01 19:22:01,664 [s2-impl-thread1] INFO  server.RaftServerConfigKeys (ConfUtils.java:logGet(46)) - raft.server.log.appender.buffer.byte-limit = 4MB (=4194304) (default)
2023-03-01 19:22:01,664 [s2-impl-thread1] INFO  server.RaftServerConfigKeys (ConfUtils.java:logGet(46)) - raft.server.log.statemachine.data.read.timeout = 1000ms (default)
2023-03-01 19:22:01,664 [s2-impl-thread1] INFO  server.RaftServerConfigKeys (ConfUtils.java:logGet(46)) - raft.server.log.purge.preservation.log.num = 0 (default)
2023-03-01 19:22:01,666 [s2-impl-thread1] INFO  server.RaftServerConfigKeys (ConfUtils.java:logGet(46)) - raft.server.log.segment.size.max = 8MB (=8388608) (default)
2023-03-01 19:22:01,666 [s2-impl-thread1] INFO  server.RaftServerConfigKeys (ConfUtils.java:logGet(46)) - raft.server.log.segment.cache.num.max = 6 (default)
2023-03-01 19:22:01,666 [s2-impl-thread1] INFO  server.RaftServerConfigKeys (ConfUtils.java:logGet(46)) - raft.server.log.segment.cache.size.max = 200MB (=209715200) (default)
2023-03-01 19:22:01,666 [s2-impl-thread1] INFO  server.RaftServerConfigKeys (ConfUtils.java:logGet(46)) - raft.server.log.appender.buffer.byte-limit = 4MB (=4194304) (default)
2023-03-01 19:22:01,666 [s2-impl-thread1] INFO  segmented.SegmentedRaftLogWorker (SegmentedRaftLogWorker.java:<init>(183)) - new s2@group-BFB16B80E2B1-SegmentedRaftLogWorker for RaftStorageImpl:Storage Directory /home/runner/work/ratis/ratis/ratis-test/target/test/data/7bc9a986/MiniRaftClusterWithGrpc7eaf634f/s2/786d14c4-b601-471a-8a94-bfb16b80e2b1
2023-03-01 19:22:01,666 [s2-impl-thread1] INFO  server.RaftServerConfigKeys (ConfUtils.java:logGet(46)) - raft.server.log.queue.byte-limit = 64MB (=67108864) (default)
2023-03-01 19:22:01,666 [s2-impl-thread1] INFO  server.RaftServerConfigKeys (ConfUtils.java:logGet(46)) - raft.server.log.queue.element-limit = 4096 (default)
2023-03-01 19:22:01,666 [s2-impl-thread1] INFO  server.RaftServerConfigKeys (ConfUtils.java:logGet(46)) - raft.server.log.segment.size.max = 8MB (=8388608) (default)
2023-03-01 19:22:01,666 [s2-impl-thread1] INFO  server.RaftServerConfigKeys (ConfUtils.java:logGet(46)) - raft.server.log.preallocated.size = 4MB (=4194304) (default)
2023-03-01 19:22:01,666 [s2-impl-thread1] INFO  server.RaftServerConfigKeys (ConfUtils.java:logGet(46)) - raft.server.log.force.sync.num = 128 (default)
2023-03-01 19:22:01,666 [s2-impl-thread1] INFO  server.RaftServerConfigKeys (ConfUtils.java:logGet(46)) - raft.server.log.statemachine.data.sync = true (default)
2023-03-01 19:22:01,666 [s2-impl-thread1] INFO  server.RaftServerConfigKeys (ConfUtils.java:logGet(46)) - raft.server.log.statemachine.data.sync.timeout = 10s (default)
2023-03-01 19:22:01,666 [s2-impl-thread1] INFO  server.RaftServerConfigKeys (ConfUtils.java:logGet(46)) - raft.server.log.statemachine.data.sync.timeout.retry = -1 (default)
2023-03-01 19:22:01,667 [s2-impl-thread1] INFO  server.RaftServerConfigKeys (ConfUtils.java:logGet(46)) - raft.server.log.write.buffer.size = 64KB (=65536) (default)
2023-03-01 19:22:01,667 [s2-impl-thread1] INFO  server.RaftServerConfigKeys (ConfUtils.java:logGet(46)) - raft.server.log.appender.buffer.byte-limit = 4MB (=4194304) (default)
2023-03-01 19:22:01,671 [s2-impl-thread1] INFO  server.RaftServerConfigKeys (ConfUtils.java:logGet(46)) - raft.server.log.unsafe-flush.enabled = false (default)
2023-03-01 19:22:01,671 [s2-impl-thread1] INFO  server.RaftServerConfigKeys (ConfUtils.java:logGet(46)) - raft.server.log.async-flush.enabled = false (default)
2023-03-01 19:22:01,671 [s2-impl-thread1] INFO  server.RaftServerConfigKeys (ConfUtils.java:logGet(46)) - raft.server.log.statemachine.data.caching.enabled = false (default)
2023-03-01 19:22:01,671 [s2-impl-thread1] INFO  segmented.SegmentedRaftLogWorker (SegmentedRaftLogWorker.java:lambda$new$0(134)) - s2@group-BFB16B80E2B1-SegmentedRaftLogWorker: flushIndex: setUnconditionally 0 -> -1
2023-03-01 19:22:01,671 [s2-impl-thread1] INFO  segmented.SegmentedRaftLogWorker (SegmentedRaftLogWorker.java:lambda$new$0(134)) - s2@group-BFB16B80E2B1-SegmentedRaftLogWorker: safeCacheEvictIndex: setUnconditionally 0 -> -1
2023-03-01 19:22:01,672 [s2-impl-thread1] INFO  server.RaftServer$Division (RaftServerImpl.java:start(342)) - s2@group-BFB16B80E2B1: start as a follower, conf=-1: peers:[s0|rpc:localhost:38067|admin:localhost:43369|client:localhost:41083|dataStream:localhost:33675|priority:0|startupRole:FOLLOWER, s1|rpc:localhost:46335|admin:localhost:36509|client:localhost:33403|dataStream:localhost:33087|priority:0|startupRole:FOLLOWER, s2|rpc:localhost:39101|admin:localhost:41809|client:localhost:42529|dataStream:localhost:44499|priority:0|startupRole:FOLLOWER]|listeners:[], old=null
2023-03-01 19:22:01,672 [s2-impl-thread1] INFO  server.RaftServer$Division (RaftServerImpl.java:setRole(329)) - s2@group-BFB16B80E2B1: changes role from      null to FOLLOWER at term 0 for startAsFollower
2023-03-01 19:22:01,672 [s2-impl-thread1] INFO  impl.RoleInfo (RoleInfo.java:updateAndGet(139)) - s2: start s2@group-BFB16B80E2B1-FollowerState
2023-03-01 19:22:01,672 [s2-impl-thread1] INFO  util.JmxRegister (JmxRegister.java:tryRegister(44)) - Successfully registered JMX Bean with object name Ratis:service=RaftServer,group=group-BFB16B80E2B1,id=s2
2023-03-01 19:22:01,672 [s2-impl-thread1] INFO  server.RaftServerConfigKeys (ConfUtils.java:logGet(46)) - raft.server.snapshot.auto.trigger.enabled = false (default)
2023-03-01 19:22:01,672 [s2-impl-thread1] INFO  server.RaftServerConfigKeys (ConfUtils.java:logGet(46)) - raft.server.snapshot.retention.file.num = -1 (default)
2023-03-01 19:22:01,673 [s2-impl-thread1] INFO  server.RaftServerConfigKeys (ConfUtils.java:logGet(46)) - raft.server.log.purge.upto.snapshot.index = false (default)
2023-03-01 19:22:01,673 [s2@group-BFB16B80E2B1-FollowerState] INFO  server.RaftServerConfigKeys (ConfUtils.java:logFallback(53)) - raft.server.rpc.first-election.timeout.min = 150ms (fallback to raft.server.rpc.timeout.min)
2023-03-01 19:22:01,680 [s2@group-BFB16B80E2B1-FollowerState] INFO  server.RaftServerConfigKeys (ConfUtils.java:logFallback(53)) - raft.server.rpc.first-election.timeout.max = 300ms (fallback to raft.server.rpc.timeout.max)
2023-03-01 19:22:01,680 [Time-limited test] INFO  server.RaftServer (RaftServerProxy.java:startImpl(401)) - s2: start RPC server
2023-03-01 19:22:01,684 [Time-limited test] INFO  server.GrpcService (GrpcService.java:startImpl(302)) - s2: GrpcService started, listening on 42529
2023-03-01 19:22:01,685 [Time-limited test] INFO  server.GrpcService (GrpcService.java:startImpl(302)) - s2: GrpcService started, listening on 39101
2023-03-01 19:22:01,685 [Time-limited test] INFO  server.GrpcService (GrpcService.java:startImpl(302)) - s2: GrpcService started, listening on 41809
2023-03-01 19:22:01,687 [JvmPauseMonitor4] INFO  util.JvmPauseMonitor (JvmPauseMonitor.java:run(103)) - JvmPauseMonitor-s2: Started
2023-03-01 19:22:01,703 [null-request--thread1] INFO  server.GrpcClientProtocolService (GrpcClientProtocolService.java:lambda$processClientRequest$0(284)) - Failed RaftClientRequest:client-39504D65200F->s0@group-BFB16B80E2B1, cid=20, seq=0, RW, Message:6d, reply=RaftClientReply:client-39504D65200F->s0@group-BFB16B80E2B1, cid=20, FAILED org.apache.ratis.protocol.exceptions.NotLeaderException: Server s0@group-BFB16B80E2B1 is not the leader, logIndex=0, commits[s0:c-1]
2023-03-01 19:22:01,826 [null-request--thread1] INFO  server.GrpcClientProtocolService (GrpcClientProtocolService.java:lambda$processClientRequest$0(284)) - Failed RaftClientRequest:client-39504D65200F->s2@group-BFB16B80E2B1, cid=20, seq=0, RW, Message:6d, reply=RaftClientReply:client-39504D65200F->s2@group-BFB16B80E2B1, cid=20, FAILED org.apache.ratis.protocol.exceptions.NotLeaderException: Server s2@group-BFB16B80E2B1 is not the leader, logIndex=0, commits[s2:c-1]
2023-03-01 19:22:01,844 [s2@group-BFB16B80E2B1-FollowerState] INFO  impl.FollowerState (FollowerState.java:run(143)) - s2@group-BFB16B80E2B1-FollowerState: change to CANDIDATE, lastRpcElapsedTime:172554427ns, electionTimeout:164ms
2023-03-01 19:22:01,845 [s2@group-BFB16B80E2B1-FollowerState] INFO  impl.RoleInfo (RoleInfo.java:shutdownFollowerState(110)) - s2: shutdown s2@group-BFB16B80E2B1-FollowerState
2023-03-01 19:22:01,845 [s2@group-BFB16B80E2B1-FollowerState] INFO  server.RaftServer$Division (RaftServerImpl.java:setRole(329)) - s2@group-BFB16B80E2B1: changes role from  FOLLOWER to CANDIDATE at term 0 for changeToCandidate
2023-03-01 19:22:01,845 [s2@group-BFB16B80E2B1-FollowerState] INFO  server.RaftServerConfigKeys (ConfUtils.java:logGet(46)) - raft.server.leaderelection.pre-vote = true (default)
2023-03-01 19:22:01,845 [s2@group-BFB16B80E2B1-FollowerState] INFO  impl.RoleInfo (RoleInfo.java:updateAndGet(139)) - s2: start s2@group-BFB16B80E2B1-LeaderElection4
2023-03-01 19:22:01,848 [s2@group-BFB16B80E2B1-LeaderElection4] INFO  impl.LeaderElection (LeaderElection.java:askForVotes(309)) - s2@group-BFB16B80E2B1-LeaderElection4 PRE_VOTE round 0: submit vote requests at term 0 for -1: peers:[s0|rpc:localhost:38067|admin:localhost:43369|client:localhost:41083|dataStream:localhost:33675|priority:0|startupRole:FOLLOWER, s1|rpc:localhost:46335|admin:localhost:36509|client:localhost:33403|dataStream:localhost:33087|priority:0|startupRole:FOLLOWER, s2|rpc:localhost:39101|admin:localhost:41809|client:localhost:42529|dataStream:localhost:44499|priority:0|startupRole:FOLLOWER]|listeners:[], old=null
2023-03-01 19:22:01,849 [s2@group-BFB16B80E2B1-LeaderElection4-1] INFO  server.GrpcServerProtocolClient (GrpcServerProtocolClient.java:<init>(63)) - Build channel for s0
2023-03-01 19:22:01,850 [s2@group-BFB16B80E2B1-LeaderElection4] INFO  server.RaftServerConfigKeys (ConfUtils.java:logFallback(53)) - raft.server.rpc.first-election.timeout.min = 150ms (fallback to raft.server.rpc.timeout.min)
2023-03-01 19:22:01,853 [s2@group-BFB16B80E2B1-LeaderElection4] INFO  server.RaftServerConfigKeys (ConfUtils.java:logFallback(53)) - raft.server.rpc.first-election.timeout.max = 300ms (fallback to raft.server.rpc.timeout.max)
2023-03-01 19:22:01,857 [s2@group-BFB16B80E2B1-LeaderElection4-2] INFO  server.GrpcServerProtocolClient (GrpcServerProtocolClient.java:<init>(63)) - Build channel for s1
2023-03-01 19:22:01,866 [grpc-default-executor-0] INFO  server.RaftServer$Division (RaftServerImpl.java:requestVote(1302)) - s0@group-BFB16B80E2B1: receive requestVote(PRE_VOTE, s2, group-BFB16B80E2B1, 0, (t:0, i:0))
2023-03-01 19:22:01,867 [grpc-default-executor-0] INFO  impl.VoteContext (VoteContext.java:log(49)) - s0@group-BFB16B80E2B1-FOLLOWER: accept PRE_VOTE from s2: our priority 0 <= candidate's priority 0
2023-03-01 19:22:01,867 [grpc-default-executor-0] INFO  server.RaftServer$Division (RaftServerImpl.java:requestVote(1335)) - s0@group-BFB16B80E2B1 replies to PRE_VOTE vote request: s2<-s0#0:OK-t0. Peer's state: s0@group-BFB16B80E2B1:t0, leader=null, voted=, raftlog=Memoized:s0@group-BFB16B80E2B1-SegmentedRaftLog:OPENED:c-1, conf=-1: peers:[s0|rpc:localhost:38067|admin:localhost:43369|client:localhost:41083|dataStream:localhost:33675|priority:0|startupRole:FOLLOWER, s1|rpc:localhost:46335|admin:localhost:36509|client:localhost:33403|dataStream:localhost:33087|priority:0|startupRole:FOLLOWER, s2|rpc:localhost:39101|admin:localhost:41809|client:localhost:42529|dataStream:localhost:44499|priority:0|startupRole:FOLLOWER]|listeners:[], old=null
2023-03-01 19:22:01,869 [s2@group-BFB16B80E2B1-LeaderElection4] INFO  impl.LeaderElection (LeaderElection.java:logAndReturn(89)) - s2@group-BFB16B80E2B1-LeaderElection4: PRE_VOTE PASSED received 1 response(s) and 0 exception(s):
2023-03-01 19:22:01,869 [s2@group-BFB16B80E2B1-LeaderElection4] INFO  impl.LeaderElection (LeaderElection.java:logAndReturn(93)) -   Response 0: s2<-s0#0:OK-t0
2023-03-01 19:22:01,869 [s2@group-BFB16B80E2B1-LeaderElection4] INFO  impl.LeaderElection (LeaderElection.java:askForVotes(311)) - s2@group-BFB16B80E2B1-LeaderElection4 PRE_VOTE round 0: result PASSED
2023-03-01 19:22:01,871 [s2@group-BFB16B80E2B1-LeaderElection4] INFO  impl.LeaderElection (LeaderElection.java:askForVotes(309)) - s2@group-BFB16B80E2B1-LeaderElection4 ELECTION round 0: submit vote requests at term 1 for -1: peers:[s0|rpc:localhost:38067|admin:localhost:43369|client:localhost:41083|dataStream:localhost:33675|priority:0|startupRole:FOLLOWER, s1|rpc:localhost:46335|admin:localhost:36509|client:localhost:33403|dataStream:localhost:33087|priority:0|startupRole:FOLLOWER, s2|rpc:localhost:39101|admin:localhost:41809|client:localhost:42529|dataStream:localhost:44499|priority:0|startupRole:FOLLOWER]|listeners:[], old=null
2023-03-01 19:22:01,873 [s2@group-BFB16B80E2B1-LeaderElection4] INFO  server.RaftServerConfigKeys (ConfUtils.java:logFallback(53)) - raft.server.rpc.first-election.timeout.min = 150ms (fallback to raft.server.rpc.timeout.min)
2023-03-01 19:22:01,873 [s2@group-BFB16B80E2B1-LeaderElection4] INFO  server.RaftServerConfigKeys (ConfUtils.java:logFallback(53)) - raft.server.rpc.first-election.timeout.max = 300ms (fallback to raft.server.rpc.timeout.max)
2023-03-01 19:22:01,876 [grpc-default-executor-1] INFO  server.RaftServer$Division (RaftServerImpl.java:requestVote(1302)) - s0@group-BFB16B80E2B1: receive requestVote(ELECTION, s2, group-BFB16B80E2B1, 1, (t:0, i:0))
2023-03-01 19:22:01,876 [grpc-default-executor-0] INFO  server.RaftServer$Division (RaftServerImpl.java:requestVote(1302)) - s1@group-BFB16B80E2B1: receive requestVote(PRE_VOTE, s2, group-BFB16B80E2B1, 0, (t:0, i:0))
2023-03-01 19:22:01,880 [grpc-default-executor-0] INFO  impl.VoteContext (VoteContext.java:log(49)) - s1@group-BFB16B80E2B1-FOLLOWER: accept PRE_VOTE from s2: our priority 0 <= candidate's priority 0
2023-03-01 19:22:01,881 [grpc-default-executor-0] INFO  server.RaftServer$Division (RaftServerImpl.java:requestVote(1335)) - s1@group-BFB16B80E2B1 replies to PRE_VOTE vote request: s2<-s1#0:OK-t0. Peer's state: s1@group-BFB16B80E2B1:t0, leader=null, voted=, raftlog=Memoized:s1@group-BFB16B80E2B1-SegmentedRaftLog:OPENED:c-1, conf=-1: peers:[s0|rpc:localhost:38067|admin:localhost:43369|client:localhost:41083|dataStream:localhost:33675|priority:0|startupRole:FOLLOWER, s1|rpc:localhost:46335|admin:localhost:36509|client:localhost:33403|dataStream:localhost:33087|priority:0|startupRole:FOLLOWER, s2|rpc:localhost:39101|admin:localhost:41809|client:localhost:42529|dataStream:localhost:44499|priority:0|startupRole:FOLLOWER]|listeners:[], old=null
2023-03-01 19:22:01,881 [grpc-default-executor-1] INFO  impl.VoteContext (VoteContext.java:log(49)) - s0@group-BFB16B80E2B1-FOLLOWER: accept ELECTION from s2: our priority 0 <= candidate's priority 0
2023-03-01 19:22:01,881 [grpc-default-executor-1] INFO  server.RaftServer$Division (RaftServerImpl.java:setRole(329)) - s0@group-BFB16B80E2B1: changes role from  FOLLOWER to FOLLOWER at term 1 for candidate:s2
2023-03-01 19:22:01,882 [grpc-default-executor-1] INFO  impl.RoleInfo (RoleInfo.java:shutdownFollowerState(110)) - s0: shutdown s0@group-BFB16B80E2B1-FollowerState
2023-03-01 19:22:01,882 [grpc-default-executor-1] INFO  impl.RoleInfo (RoleInfo.java:updateAndGet(139)) - s0: start s0@group-BFB16B80E2B1-FollowerState
2023-03-01 19:22:01,882 [s0@group-BFB16B80E2B1-FollowerState] INFO  impl.FollowerState (FollowerState.java:run(152)) - s0@group-BFB16B80E2B1-FollowerState was interrupted
2023-03-01 19:22:01,889 [s0@group-BFB16B80E2B1-FollowerState] INFO  server.RaftServerConfigKeys (ConfUtils.java:logFallback(53)) - raft.server.rpc.first-election.timeout.min = 150ms (fallback to raft.server.rpc.timeout.min)
2023-03-01 19:22:01,891 [s0@group-BFB16B80E2B1-FollowerState] INFO  server.RaftServerConfigKeys (ConfUtils.java:logFallback(53)) - raft.server.rpc.first-election.timeout.max = 300ms (fallback to raft.server.rpc.timeout.max)
2023-03-01 19:22:01,891 [s1@group-BFB16B80E2B1-FollowerState] INFO  server.RaftServerConfigKeys (ConfUtils.java:logFallback(53)) - raft.server.rpc.first-election.timeout.min = 150ms (fallback to raft.server.rpc.timeout.min)
2023-03-01 19:22:01,891 [s1@group-BFB16B80E2B1-FollowerState] INFO  server.RaftServerConfigKeys (ConfUtils.java:logFallback(53)) - raft.server.rpc.first-election.timeout.max = 300ms (fallback to raft.server.rpc.timeout.max)
2023-03-01 19:22:01,886 [grpc-default-executor-1] INFO  server.RaftServer$Division (RaftServerImpl.java:requestVote(1335)) - s0@group-BFB16B80E2B1 replies to ELECTION vote request: s2<-s0#0:OK-t1. Peer's state: s0@group-BFB16B80E2B1:t1, leader=null, voted=s2, raftlog=Memoized:s0@group-BFB16B80E2B1-SegmentedRaftLog:OPENED:c-1, conf=-1: peers:[s0|rpc:localhost:38067|admin:localhost:43369|client:localhost:41083|dataStream:localhost:33675|priority:0|startupRole:FOLLOWER, s1|rpc:localhost:46335|admin:localhost:36509|client:localhost:33403|dataStream:localhost:33087|priority:0|startupRole:FOLLOWER, s2|rpc:localhost:39101|admin:localhost:41809|client:localhost:42529|dataStream:localhost:44499|priority:0|startupRole:FOLLOWER]|listeners:[], old=null
2023-03-01 19:22:01,893 [s2@group-BFB16B80E2B1-LeaderElection4] INFO  impl.LeaderElection (LeaderElection.java:logAndReturn(89)) - s2@group-BFB16B80E2B1-LeaderElection4: ELECTION PASSED received 1 response(s) and 0 exception(s):
2023-03-01 19:22:01,893 [s2@group-BFB16B80E2B1-LeaderElection4] INFO  impl.LeaderElection (LeaderElection.java:logAndReturn(93)) -   Response 0: s2<-s0#0:OK-t1
2023-03-01 19:22:01,893 [s2@group-BFB16B80E2B1-LeaderElection4] INFO  impl.LeaderElection (LeaderElection.java:askForVotes(311)) - s2@group-BFB16B80E2B1-LeaderElection4 ELECTION round 0: result PASSED
2023-03-01 19:22:01,893 [s2@group-BFB16B80E2B1-LeaderElection4] INFO  impl.RoleInfo (RoleInfo.java:shutdownLeaderElection(130)) - s2: shutdown s2@group-BFB16B80E2B1-LeaderElection4
2023-03-01 19:22:01,893 [s2@group-BFB16B80E2B1-LeaderElection4] INFO  server.RaftServer$Division (RaftServerImpl.java:setRole(329)) - s2@group-BFB16B80E2B1: changes role from CANDIDATE to LEADER at term 1 for changeToLeader
2023-03-01 19:22:01,893 [grpc-default-executor-2] INFO  server.RaftServer$Division (RaftServerImpl.java:requestVote(1302)) - s1@group-BFB16B80E2B1: receive requestVote(ELECTION, s2, group-BFB16B80E2B1, 1, (t:0, i:0))
2023-03-01 19:22:01,893 [s2@group-BFB16B80E2B1-LeaderElection4] INFO  server.RaftServer$Division (ServerState.java:setLeader(260)) - s2@group-BFB16B80E2B1: change Leader from null to s2 at term 1 for becomeLeader, leader elected after 285ms
2023-03-01 19:22:01,894 [s2@group-BFB16B80E2B1-LeaderElection4] INFO  server.RaftServerConfigKeys (ConfUtils.java:logGet(46)) - raft.server.staging.catchup.gap = 1000 (default)
2023-03-01 19:22:01,894 [grpc-default-executor-2] INFO  impl.VoteContext (VoteContext.java:log(49)) - s1@group-BFB16B80E2B1-FOLLOWER: accept ELECTION from s2: our priority 0 <= candidate's priority 0
2023-03-01 19:22:01,895 [grpc-default-executor-2] INFO  server.RaftServer$Division (RaftServerImpl.java:setRole(329)) - s1@group-BFB16B80E2B1: changes role from  FOLLOWER to FOLLOWER at term 1 for candidate:s2
2023-03-01 19:22:01,895 [grpc-default-executor-2] INFO  impl.RoleInfo (RoleInfo.java:shutdownFollowerState(110)) - s1: shutdown s1@group-BFB16B80E2B1-FollowerState
2023-03-01 19:22:01,895 [s2@group-BFB16B80E2B1-LeaderElection4] INFO  server.RaftServerConfigKeys (ConfUtils.java:logGet(46)) - raft.server.write.element-limit = 4096 (default)
2023-03-01 19:22:01,895 [s2@group-BFB16B80E2B1-LeaderElection4] INFO  server.RaftServerConfigKeys (ConfUtils.java:logGet(46)) - raft.server.write.byte-limit = 64MB (=67108864) (default)
2023-03-01 19:22:01,895 [s2@group-BFB16B80E2B1-LeaderElection4] INFO  server.RaftServerConfigKeys (ConfUtils.java:logGet(46)) - raft.server.watch.timeout = 10s (default)
2023-03-01 19:22:01,895 [s2@group-BFB16B80E2B1-LeaderElection4] INFO  server.RaftServerConfigKeys (ConfUtils.java:logGet(46)) - raft.server.watch.timeout.denomination = 1s (default)
2023-03-01 19:22:01,895 [s2@group-BFB16B80E2B1-LeaderElection4] INFO  server.RaftServerConfigKeys (ConfUtils.java:logGet(46)) - raft.server.watch.element-limit = 65536 (default)
2023-03-01 19:22:01,895 [s2@group-BFB16B80E2B1-LeaderElection4] INFO  server.RaftServerConfigKeys (ConfUtils.java:logGet(46)) - raft.server.write.element-limit = 4096 (default)
2023-03-01 19:22:01,895 [s2@group-BFB16B80E2B1-LeaderElection4] INFO  server.RaftServerConfigKeys (ConfUtils.java:logGet(46)) - raft.server.write.follower.gap.ratio.max = -1.0 (default)
2023-03-01 19:22:01,896 [s2@group-BFB16B80E2B1-LeaderElection4] INFO  server.RaftServerConfigKeys (ConfUtils.java:logGet(46)) - raft.server.log.appender.snapshot.chunk.size.max = 16MB (=16777216) (default)
2023-03-01 19:22:01,896 [s2@group-BFB16B80E2B1-LeaderElection4] INFO  server.RaftServerConfigKeys (ConfUtils.java:logGet(46)) - raft.server.log.appender.buffer.byte-limit = 4MB (=4194304) (default)
2023-03-01 19:22:01,896 [s2@group-BFB16B80E2B1-LeaderElection4] INFO  server.RaftServerConfigKeys (ConfUtils.java:logGet(46)) - raft.server.log.appender.buffer.element-limit = 1 (custom)
2023-03-01 19:22:01,896 [s2@group-BFB16B80E2B1-LeaderElection4] INFO  server.RaftServerConfigKeys (ConfUtils.java:logGet(46)) - raft.server.log.appender.wait-time.min = 10ms (default)
2023-03-01 19:22:01,896 [s2@group-BFB16B80E2B1-LeaderElection4] INFO  grpc.GrpcConfigKeys (ConfUtils.java:logGet(46)) - raft.grpc.server.leader.outstanding.appends.max = 10 (custom)
2023-03-01 19:22:01,896 [s2@group-BFB16B80E2B1-LeaderElection4] INFO  server.RaftServerConfigKeys (ConfUtils.java:logGet(46)) - raft.server.rpc.request.timeout = 3000ms (default)
2023-03-01 19:22:01,896 [s2@group-BFB16B80E2B1-LeaderElection4] INFO  server.RaftServerConfigKeys (ConfUtils.java:logGet(46)) - raft.server.log.appender.install.snapshot.enabled = true (default)
2023-03-01 19:22:01,896 [s2@group-BFB16B80E2B1-LeaderElection4] INFO  grpc.GrpcConfigKeys (ConfUtils.java:logGet(46)) - raft.grpc.server.heartbeat.channel = true (default)
2023-03-01 19:22:01,897 [s2@group-BFB16B80E2B1-LeaderElection4] INFO  server.RaftServerConfigKeys (ConfUtils.java:logGet(46)) - raft.server.log.appender.snapshot.chunk.size.max = 16MB (=16777216) (default)
2023-03-01 19:22:01,897 [s2@group-BFB16B80E2B1-LeaderElection4] INFO  server.RaftServerConfigKeys (ConfUtils.java:logGet(46)) - raft.server.log.appender.buffer.byte-limit = 4MB (=4194304) (default)
2023-03-01 19:22:01,898 [s1@group-BFB16B80E2B1-FollowerState] INFO  impl.FollowerState (FollowerState.java:run(152)) - s1@group-BFB16B80E2B1-FollowerState was interrupted
2023-03-01 19:22:01,898 [s2@group-BFB16B80E2B1-LeaderElection4] INFO  server.RaftServerConfigKeys (ConfUtils.java:logGet(46)) - raft.server.log.appender.buffer.element-limit = 1 (custom)
2023-03-01 19:22:01,901 [s2@group-BFB16B80E2B1-LeaderElection4] INFO  server.RaftServerConfigKeys (ConfUtils.java:logGet(46)) - raft.server.log.appender.wait-time.min = 10ms (default)
2023-03-01 19:22:01,901 [s2@group-BFB16B80E2B1-LeaderElection4] INFO  grpc.GrpcConfigKeys (ConfUtils.java:logGet(46)) - raft.grpc.server.leader.outstanding.appends.max = 10 (custom)
2023-03-01 19:22:01,901 [s2@group-BFB16B80E2B1-LeaderElection4] INFO  server.RaftServerConfigKeys (ConfUtils.java:logGet(46)) - raft.server.rpc.request.timeout = 3000ms (default)
2023-03-01 19:22:01,901 [s2@group-BFB16B80E2B1-LeaderElection4] INFO  server.RaftServerConfigKeys (ConfUtils.java:logGet(46)) - raft.server.log.appender.install.snapshot.enabled = true (default)
2023-03-01 19:22:01,901 [s2@group-BFB16B80E2B1-LeaderElection4] INFO  grpc.GrpcConfigKeys (ConfUtils.java:logGet(46)) - raft.grpc.server.heartbeat.channel = true (default)
2023-03-01 19:22:01,902 [s2@group-BFB16B80E2B1-LeaderElection4] INFO  impl.RoleInfo (RoleInfo.java:updateAndGet(139)) - s2: start s2@group-BFB16B80E2B1-LeaderStateImpl
2023-03-01 19:22:01,902 [s2@group-BFB16B80E2B1-LeaderElection4] INFO  segmented.SegmentedRaftLogWorker (SegmentedRaftLogWorker.java:startLogSegment(426)) - s2@group-BFB16B80E2B1-SegmentedRaftLogWorker: Starting segment from index:0
2023-03-01 19:22:01,909 [grpc-default-executor-2] INFO  impl.RoleInfo (RoleInfo.java:updateAndGet(139)) - s1: start s1@group-BFB16B80E2B1-FollowerState
2023-03-01 19:22:01,914 [s2@group-BFB16B80E2B1-SegmentedRaftLogWorker] INFO  segmented.SegmentedRaftLogWorker (SegmentedRaftLogWorker.java:execute(630)) - s2@group-BFB16B80E2B1-SegmentedRaftLogWorker: created new log segment /home/runner/work/ratis/ratis/ratis-test/target/test/data/7bc9a986/MiniRaftClusterWithGrpc7eaf634f/s2/786d14c4-b601-471a-8a94-bfb16b80e2b1/current/log_inprogress_0
2023-03-01 19:22:01,916 [s2@group-BFB16B80E2B1-LeaderElection4] INFO  server.RaftServer$Division (ServerState.java:setRaftConf(378)) - s2@group-BFB16B80E2B1: set configuration 0: peers:[s0|rpc:localhost:38067|admin:localhost:43369|client:localhost:41083|dataStream:localhost:33675|priority:0|startupRole:FOLLOWER, s1|rpc:localhost:46335|admin:localhost:36509|client:localhost:33403|dataStream:localhost:33087|priority:0|startupRole:FOLLOWER, s2|rpc:localhost:39101|admin:localhost:41809|client:localhost:42529|dataStream:localhost:44499|priority:0|startupRole:FOLLOWER]|listeners:[], old=null
2023-03-01 19:22:01,917 [grpc-default-executor-2] INFO  server.RaftServer$Division (RaftServerImpl.java:requestVote(1335)) - s1@group-BFB16B80E2B1 replies to ELECTION vote request: s2<-s1#0:OK-t1. Peer's state: s1@group-BFB16B80E2B1:t1, leader=null, voted=s2, raftlog=Memoized:s1@group-BFB16B80E2B1-SegmentedRaftLog:OPENED:c-1, conf=-1: peers:[s0|rpc:localhost:38067|admin:localhost:43369|client:localhost:41083|dataStream:localhost:33675|priority:0|startupRole:FOLLOWER, s1|rpc:localhost:46335|admin:localhost:36509|client:localhost:33403|dataStream:localhost:33087|priority:0|startupRole:FOLLOWER, s2|rpc:localhost:39101|admin:localhost:41809|client:localhost:42529|dataStream:localhost:44499|priority:0|startupRole:FOLLOWER]|listeners:[], old=null
2023-03-01 19:22:01,920 [s2@group-BFB16B80E2B1->s0-GrpcLogAppender-LogAppenderDaemon] DEBUG leader.FollowerInfo (FollowerInfoImpl.java:lambda$new$1(53)) - s2@group-BFB16B80E2B1->s0: nextIndex: updateIncreasingly 0 -> 1
2023-03-01 19:22:01,923 [s2@group-BFB16B80E2B1->s1-GrpcLogAppender-LogAppenderDaemon] DEBUG leader.FollowerInfo (FollowerInfoImpl.java:lambda$new$1(53)) - s2@group-BFB16B80E2B1->s1: nextIndex: updateIncreasingly 0 -> 1
2023-03-01 19:22:01,931 [s1@group-BFB16B80E2B1-FollowerState] INFO  server.RaftServerConfigKeys (ConfUtils.java:logFallback(53)) - raft.server.rpc.first-election.timeout.min = 150ms (fallback to raft.server.rpc.timeout.min)
2023-03-01 19:22:01,931 [s1@group-BFB16B80E2B1-FollowerState] INFO  server.RaftServerConfigKeys (ConfUtils.java:logFallback(53)) - raft.server.rpc.first-election.timeout.max = 300ms (fallback to raft.server.rpc.timeout.max)
2023-03-01 19:22:01,931 [s0-server-thread1] INFO  server.RaftServer$Division (ServerState.java:setLeader(260)) - s0@group-BFB16B80E2B1: change Leader from null to s2 at term 1 for appendEntries, leader elected after 356ms
2023-03-01 19:22:01,936 [s1-server-thread2] INFO  server.RaftServer$Division (ServerState.java:setLeader(260)) - s1@group-BFB16B80E2B1: change Leader from null to s2 at term 1 for appendEntries, leader elected after 336ms
2023-03-01 19:22:01,941 [s0-server-thread1] INFO  server.RaftServer$Division (ServerState.java:setRaftConf(378)) - s0@group-BFB16B80E2B1: set configuration 0: peers:[s0|rpc:localhost:38067|admin:localhost:43369|client:localhost:41083|dataStream:localhost:33675|priority:0|startupRole:FOLLOWER, s1|rpc:localhost:46335|admin:localhost:36509|client:localhost:33403|dataStream:localhost:33087|priority:0|startupRole:FOLLOWER, s2|rpc:localhost:39101|admin:localhost:41809|client:localhost:42529|dataStream:localhost:44499|priority:0|startupRole:FOLLOWER]|listeners:[], old=null
2023-03-01 19:22:01,941 [s0-server-thread1] INFO  segmented.SegmentedRaftLogWorker (SegmentedRaftLogWorker.java:startLogSegment(426)) - s0@group-BFB16B80E2B1-SegmentedRaftLogWorker: Starting segment from index:0
2023-03-01 19:22:01,942 [s1-server-thread1] INFO  server.RaftServer$Division (ServerState.java:setRaftConf(378)) - s1@group-BFB16B80E2B1: set configuration 0: peers:[s0|rpc:localhost:38067|admin:localhost:43369|client:localhost:41083|dataStream:localhost:33675|priority:0|startupRole:FOLLOWER, s1|rpc:localhost:46335|admin:localhost:36509|client:localhost:33403|dataStream:localhost:33087|priority:0|startupRole:FOLLOWER, s2|rpc:localhost:39101|admin:localhost:41809|client:localhost:42529|dataStream:localhost:44499|priority:0|startupRole:FOLLOWER]|listeners:[], old=null
2023-03-01 19:22:01,952 [s1-server-thread1] INFO  segmented.SegmentedRaftLogWorker (SegmentedRaftLogWorker.java:startLogSegment(426)) - s1@group-BFB16B80E2B1-SegmentedRaftLogWorker: Starting segment from index:0
2023-03-01 19:22:01,953 [s0@group-BFB16B80E2B1-SegmentedRaftLogWorker] INFO  segmented.SegmentedRaftLogWorker (SegmentedRaftLogWorker.java:execute(630)) - s0@group-BFB16B80E2B1-SegmentedRaftLogWorker: created new log segment /home/runner/work/ratis/ratis/ratis-test/target/test/data/7bc9a986/MiniRaftClusterWithGrpc7eaf634f/s0/786d14c4-b601-471a-8a94-bfb16b80e2b1/current/log_inprogress_0
2023-03-01 19:22:01,966 [s1@group-BFB16B80E2B1-SegmentedRaftLogWorker] INFO  segmented.SegmentedRaftLogWorker (SegmentedRaftLogWorker.java:execute(630)) - s1@group-BFB16B80E2B1-SegmentedRaftLogWorker: created new log segment /home/runner/work/ratis/ratis/ratis-test/target/test/data/7bc9a986/MiniRaftClusterWithGrpc7eaf634f/s1/786d14c4-b601-471a-8a94-bfb16b80e2b1/current/log_inprogress_0
2023-03-01 19:22:01,985 [grpc-default-executor-5] DEBUG leader.FollowerInfo (FollowerInfoImpl.java:lambda$new$1(53)) - s2@group-BFB16B80E2B1->s0: matchIndex: updateToMax old=-1, new=0, updated? true
2023-03-01 19:22:01,998 [grpc-default-executor-2] DEBUG leader.FollowerInfo (FollowerInfoImpl.java:lambda$new$1(53)) - s2@group-BFB16B80E2B1->s1: matchIndex: updateToMax old=-1, new=0, updated? true
2023-03-01 19:22:02,018 [null-request--thread1] INFO  server.GrpcClientProtocolService (GrpcClientProtocolService.java:lambda$processClientRequest$0(284)) - Failed RaftClientRequest:client-39504D65200F->s1@group-BFB16B80E2B1, cid=20, seq=0, RW, Message:6d, reply=RaftClientReply:client-39504D65200F->s1@group-BFB16B80E2B1, cid=20, FAILED org.apache.ratis.protocol.exceptions.NotLeaderException: Server s1@group-BFB16B80E2B1 is not the leader s2|rpc:localhost:39101|admin:localhost:41809|client:localhost:42529|dataStream:localhost:44499|priority:0|startupRole:FOLLOWER, logIndex=0, commits[s1:c-1, s0:c-1, s2:c-1]
2023-03-01 19:22:02,064 [grpc-default-executor-2] DEBUG leader.FollowerInfo (FollowerInfoImpl.java:lambda$new$1(53)) - s2@group-BFB16B80E2B1->s0: commitIndex: updateToMax old=-1, new=0, updated? true
2023-03-01 19:22:02,104 [grpc-default-executor-2] DEBUG leader.FollowerInfo (FollowerInfoImpl.java:lambda$new$1(53)) - s2@group-BFB16B80E2B1->s1: commitIndex: updateToMax old=-1, new=0, updated? true
2023-03-01 19:22:02,144 [s2@group-BFB16B80E2B1->s0-GrpcLogAppender-LogAppenderDaemon] DEBUG leader.FollowerInfo (FollowerInfoImpl.java:lambda$new$1(53)) - s2@group-BFB16B80E2B1->s0: nextIndex: updateIncreasingly 1 -> 2
2023-03-01 19:22:02,146 [s2@group-BFB16B80E2B1->s1-GrpcLogAppender-LogAppenderDaemon] DEBUG leader.FollowerInfo (FollowerInfoImpl.java:lambda$new$1(53)) - s2@group-BFB16B80E2B1->s1: nextIndex: updateIncreasingly 1 -> 2
2023-03-01 19:22:02,148 [grpc-default-executor-1] DEBUG leader.FollowerInfo (FollowerInfoImpl.java:lambda$new$1(53)) - s2@group-BFB16B80E2B1->s1: matchIndex: updateToMax old=0, new=1, updated? true
2023-03-01 19:22:02,149 [s2@group-BFB16B80E2B1-StateMachineUpdater] INFO  impl.SimpleStateMachine4Testing (SimpleStateMachine4Testing.java:put(205)) - s2: put 1, m -> (t:1, i:1), STATEMACHINELOGENTRY, 20@client-39504D65200F
2023-03-01 19:22:02,151 [Time-limited test] INFO  server.RaftServerConfigKeys (ConfUtils.java:logGet(46)) - raft.server.rpc.timeout.max = 300ms (default)
2023-03-01 19:22:02,152 [Time-limited test] INFO  ratis.RaftTestUtil (RaftTestUtil.java:waitForLeader(100)) - printing ALL groups
  s0:  RUNNING  FOLLOWER s0@group-BFB16B80E2B1:t1, leader=s2, voted=s2, raftlog=Memoized:s0@group-BFB16B80E2B1-SegmentedRaftLog:OPENED:c0, conf=0: peers:[s0|rpc:localhost:38067|admin:localhost:43369|client:localhost:41083|dataStream:localhost:33675|priority:0|startupRole:FOLLOWER, s1|rpc:localhost:46335|admin:localhost:36509|client:localhost:33403|dataStream:localhost:33087|priority:0|startupRole:FOLLOWER, s2|rpc:localhost:39101|admin:localhost:41809|client:localhost:42529|dataStream:localhost:44499|priority:0|startupRole:FOLLOWER]|listeners:[], old=null RUNNING
  s1:  RUNNING  FOLLOWER s1@group-BFB16B80E2B1:t1, leader=s2, voted=s2, raftlog=Memoized:s1@group-BFB16B80E2B1-SegmentedRaftLog:OPENED:c0, conf=0: peers:[s0|rpc:localhost:38067|admin:localhost:43369|client:localhost:41083|dataStream:localhost:33675|priority:0|startupRole:FOLLOWER, s1|rpc:localhost:46335|admin:localhost:36509|client:localhost:33403|dataStream:localhost:33087|priority:0|startupRole:FOLLOWER, s2|rpc:localhost:39101|admin:localhost:41809|client:localhost:42529|dataStream:localhost:44499|priority:0|startupRole:FOLLOWER]|listeners:[], old=null RUNNING
  s2:  RUNNING    LEADER s2@group-BFB16B80E2B1:t1, leader=s2, voted=s2, raftlog=Memoized:s2@group-BFB16B80E2B1-SegmentedRaftLog:OPENED:c1, conf=0: peers:[s0|rpc:localhost:38067|admin:localhost:43369|client:localhost:41083|dataStream:localhost:33675|priority:0|startupRole:FOLLOWER, s1|rpc:localhost:46335|admin:localhost:36509|client:localhost:33403|dataStream:localhost:33087|priority:0|startupRole:FOLLOWER, s2|rpc:localhost:39101|admin:localhost:41809|client:localhost:42529|dataStream:localhost:44499|priority:0|startupRole:FOLLOWER]|listeners:[], old=null RUNNING
2023-03-01 19:22:02,152 [Time-limited test] INFO  ratis.RaftTestUtil (RaftTestUtil.java:waitForLeader(119)) - printing ALL groups
  s0:  RUNNING  FOLLOWER s0@group-BFB16B80E2B1:t1, leader=s2, voted=s2, raftlog=Memoized:s0@group-BFB16B80E2B1-SegmentedRaftLog:OPENED:c0, conf=0: peers:[s0|rpc:localhost:38067|admin:localhost:43369|client:localhost:41083|dataStream:localhost:33675|priority:0|startupRole:FOLLOWER, s1|rpc:localhost:46335|admin:localhost:36509|client:localhost:33403|dataStream:localhost:33087|priority:0|startupRole:FOLLOWER, s2|rpc:localhost:39101|admin:localhost:41809|client:localhost:42529|dataStream:localhost:44499|priority:0|startupRole:FOLLOWER]|listeners:[], old=null RUNNING
  s1:  RUNNING  FOLLOWER s1@group-BFB16B80E2B1:t1, leader=s2, voted=s2, raftlog=Memoized:s1@group-BFB16B80E2B1-SegmentedRaftLog:OPENED:c0, conf=0: peers:[s0|rpc:localhost:38067|admin:localhost:43369|client:localhost:41083|dataStream:localhost:33675|priority:0|startupRole:FOLLOWER, s1|rpc:localhost:46335|admin:localhost:36509|client:localhost:33403|dataStream:localhost:33087|priority:0|startupRole:FOLLOWER, s2|rpc:localhost:39101|admin:localhost:41809|client:localhost:42529|dataStream:localhost:44499|priority:0|startupRole:FOLLOWER]|listeners:[], old=null RUNNING
  s2:  RUNNING    LEADER s2@group-BFB16B80E2B1:t1, leader=s2, voted=s2, raftlog=Memoized:s2@group-BFB16B80E2B1-SegmentedRaftLog:OPENED:c1, conf=0: peers:[s0|rpc:localhost:38067|admin:localhost:43369|client:localhost:41083|dataStream:localhost:33675|priority:0|startupRole:FOLLOWER, s1|rpc:localhost:46335|admin:localhost:36509|client:localhost:33403|dataStream:localhost:33087|priority:0|startupRole:FOLLOWER, s2|rpc:localhost:39101|admin:localhost:41809|client:localhost:42529|dataStream:localhost:44499|priority:0|startupRole:FOLLOWER]|listeners:[], old=null RUNNING
2023-03-01 19:22:02,152 [Time-limited test] INFO  impl.SimpleStateMachine4Testing (SimpleStateMachine4Testing.java:block(135)) - block WRITE_STATE_MACHINE_DATA
2023-03-01 19:22:02,152 [Time-limited test] INFO  impl.SimpleStateMachine4Testing (SimpleStateMachine4Testing.java:block(135)) - block WRITE_STATE_MACHINE_DATA
2023-03-01 19:22:02,158 [s2@group-BFB16B80E2B1->s1-GrpcLogAppender-LogAppenderDaemon] DEBUG leader.FollowerInfo (FollowerInfoImpl.java:lambda$new$1(53)) - s2@group-BFB16B80E2B1->s1: nextIndex: updateIncreasingly 2 -> 3
2023-03-01 19:22:02,161 [s2@group-BFB16B80E2B1->s0-GrpcLogAppender-LogAppenderDaemon] DEBUG leader.FollowerInfo (FollowerInfoImpl.java:lambda$new$1(53)) - s2@group-BFB16B80E2B1->s0: nextIndex: updateIncreasingly 2 -> 3
2023-03-01 19:22:02,166 [s1@group-BFB16B80E2B1-StateMachineUpdater] INFO  impl.SimpleStateMachine4Testing (SimpleStateMachine4Testing.java:put(205)) - s1: put 1, m -> (t:1, i:1), STATEMACHINELOGENTRY, 20@client-39504D65200F
2023-03-01 19:22:02,168 [grpc-default-executor-1] DEBUG leader.FollowerInfo (FollowerInfoImpl.java:lambda$new$1(53)) - s2@group-BFB16B80E2B1->s1: commitIndex: updateToMax old=0, new=1, updated? true
2023-03-01 19:22:02,168 [grpc-default-executor-1] DEBUG leader.FollowerInfo (FollowerInfoImpl.java:lambda$new$1(53)) - s2@group-BFB16B80E2B1->s1: matchIndex: updateToMax old=1, new=2, updated? true
2023-03-01 19:22:02,193 [s2@group-BFB16B80E2B1->s0-GrpcLogAppender-LogAppenderDaemon] DEBUG leader.FollowerInfo (FollowerInfoImpl.java:lambda$new$1(53)) - s2@group-BFB16B80E2B1->s0: nextIndex: updateIncreasingly 3 -> 4
2023-03-01 19:22:02,194 [s2@group-BFB16B80E2B1->s1-GrpcLogAppender-LogAppenderDaemon] DEBUG leader.FollowerInfo (FollowerInfoImpl.java:lambda$new$1(53)) - s2@group-BFB16B80E2B1->s1: nextIndex: updateIncreasingly 3 -> 4
2023-03-01 19:22:02,199 [s2@group-BFB16B80E2B1->s1-GrpcLogAppender-LogAppenderDaemon] DEBUG leader.FollowerInfo (FollowerInfoImpl.java:lambda$new$1(53)) - s2@group-BFB16B80E2B1->s1: nextIndex: updateIncreasingly 4 -> 5
2023-03-01 19:22:02,207 [s2@group-BFB16B80E2B1->s0-GrpcLogAppender-LogAppenderDaemon] DEBUG leader.FollowerInfo (FollowerInfoImpl.java:lambda$new$1(53)) - s2@group-BFB16B80E2B1->s0: nextIndex: updateIncreasingly 4 -> 5
2023-03-01 19:22:02,211 [s2@group-BFB16B80E2B1->s1-GrpcLogAppender-LogAppenderDaemon] DEBUG leader.FollowerInfo (FollowerInfoImpl.java:lambda$new$1(53)) - s2@group-BFB16B80E2B1->s1: nextIndex: updateIncreasingly 5 -> 6
2023-03-01 19:22:02,212 [s2@group-BFB16B80E2B1->s0-GrpcLogAppender-LogAppenderDaemon] DEBUG leader.FollowerInfo (FollowerInfoImpl.java:lambda$new$1(53)) - s2@group-BFB16B80E2B1->s0: nextIndex: updateIncreasingly 5 -> 6
2023-03-01 19:22:02,231 [s2@group-BFB16B80E2B1->s1-GrpcLogAppender-LogAppenderDaemon] DEBUG leader.FollowerInfo (FollowerInfoImpl.java:lambda$new$1(53)) - s2@group-BFB16B80E2B1->s1: nextIndex: updateIncreasingly 6 -> 7
2023-03-01 19:22:02,233 [s2@group-BFB16B80E2B1->s0-GrpcLogAppender-LogAppenderDaemon] DEBUG leader.FollowerInfo (FollowerInfoImpl.java:lambda$new$1(53)) - s2@group-BFB16B80E2B1->s0: nextIndex: updateIncreasingly 6 -> 7
2023-03-01 19:22:02,245 [s2@group-BFB16B80E2B1->s1-GrpcLogAppender-LogAppenderDaemon] DEBUG leader.FollowerInfo (FollowerInfoImpl.java:lambda$new$1(53)) - s2@group-BFB16B80E2B1->s1: nextIndex: updateIncreasingly 7 -> 8
2023-03-01 19:22:02,252 [s2@group-BFB16B80E2B1->s0-GrpcLogAppender-LogAppenderDaemon] DEBUG leader.FollowerInfo (FollowerInfoImpl.java:lambda$new$1(53)) - s2@group-BFB16B80E2B1->s0: nextIndex: updateIncreasingly 7 -> 8
2023-03-01 19:22:02,263 [s2@group-BFB16B80E2B1->s0-GrpcLogAppender-LogAppenderDaemon] DEBUG leader.FollowerInfo (FollowerInfoImpl.java:lambda$new$1(53)) - s2@group-BFB16B80E2B1->s0: nextIndex: updateIncreasingly 8 -> 9
2023-03-01 19:22:02,265 [s2@group-BFB16B80E2B1->s1-GrpcLogAppender-LogAppenderDaemon] DEBUG leader.FollowerInfo (FollowerInfoImpl.java:lambda$new$1(53)) - s2@group-BFB16B80E2B1->s1: nextIndex: updateIncreasingly 8 -> 9
2023-03-01 19:22:02,273 [s2@group-BFB16B80E2B1->s0-GrpcLogAppender-LogAppenderDaemon] DEBUG leader.FollowerInfo (FollowerInfoImpl.java:lambda$new$1(53)) - s2@group-BFB16B80E2B1->s0: nextIndex: updateIncreasingly 9 -> 10
2023-03-01 19:22:02,276 [s2@group-BFB16B80E2B1->s1-GrpcLogAppender-LogAppenderDaemon] DEBUG leader.FollowerInfo (FollowerInfoImpl.java:lambda$new$1(53)) - s2@group-BFB16B80E2B1->s1: nextIndex: updateIncreasingly 9 -> 10
2023-03-01 19:22:02,284 [s2@group-BFB16B80E2B1->s0-GrpcLogAppender-LogAppenderDaemon] DEBUG leader.FollowerInfo (FollowerInfoImpl.java:lambda$new$1(53)) - s2@group-BFB16B80E2B1->s0: nextIndex: updateIncreasingly 10 -> 11
2023-03-01 19:22:02,286 [s2@group-BFB16B80E2B1->s1-GrpcLogAppender-LogAppenderDaemon] DEBUG leader.FollowerInfo (FollowerInfoImpl.java:lambda$new$1(53)) - s2@group-BFB16B80E2B1->s1: nextIndex: updateIncreasingly 10 -> 11
2023-03-01 19:22:02,297 [s2@group-BFB16B80E2B1->s1-GrpcLogAppender-LogAppenderDaemon] DEBUG leader.FollowerInfo (FollowerInfoImpl.java:lambda$new$1(53)) - s2@group-BFB16B80E2B1->s1: nextIndex: updateIncreasingly 11 -> 12
2023-03-01 19:22:02,308 [s2@group-BFB16B80E2B1->s1-GrpcLogAppender-LogAppenderDaemon] DEBUG leader.FollowerInfo (FollowerInfoImpl.java:lambda$new$1(53)) - s2@group-BFB16B80E2B1->s1: nextIndex: updateIncreasingly 12 -> 13
2023-03-01 19:22:05,151 [timer4] WARN  server.GrpcLogAppender (GrpcLogAppender.java:timeoutAppendRequest(311)) - s2@group-BFB16B80E2B1->s0-GrpcLogAppender:  appendEntries Timeout, request=AppendEntriesRequest:cid=1628,entriesCount=1,lastEntry=(t:1, i:1)
2023-03-01 19:22:05,167 [timer6] WARN  server.GrpcLogAppender (GrpcLogAppender.java:timeoutAppendRequest(311)) - s2@group-BFB16B80E2B1->s0-GrpcLogAppender:  appendEntries Timeout, request=AppendEntriesRequest:cid=1629,entriesCount=1,lastEntry=(t:1, i:2)
2023-03-01 19:22:05,197 [timer2] WARN  server.GrpcLogAppender (GrpcLogAppender.java:timeoutAppendRequest(311)) - s2@group-BFB16B80E2B1->s1-GrpcLogAppender:  appendEntries Timeout, request=AppendEntriesRequest:cid=4938,entriesCount=1,lastEntry=(t:1, i:3)
2023-03-01 19:22:05,201 [timer5] WARN  server.GrpcLogAppender (GrpcLogAppender.java:timeoutAppendRequest(311)) - s2@group-BFB16B80E2B1->s0-GrpcLogAppender:  appendEntries Timeout, request=AppendEntriesRequest:cid=2146,entriesCount=1,lastEntry=(t:1, i:3)
2023-03-01 19:22:05,209 [timer5] WARN  server.GrpcLogAppender (GrpcLogAppender.java:timeoutAppendRequest(311)) - s2@group-BFB16B80E2B1->s1-GrpcLogAppender:  appendEntries Timeout, request=AppendEntriesRequest:cid=4939,entriesCount=1,lastEntry=(t:1, i:4)
2023-03-01 19:22:05,211 [timer7] WARN  server.GrpcLogAppender (GrpcLogAppender.java:timeoutAppendRequest(311)) - s2@group-BFB16B80E2B1->s0-GrpcLogAppender:  appendEntries Timeout, request=AppendEntriesRequest:cid=2147,entriesCount=1,lastEntry=(t:1, i:4)
2023-03-01 19:22:05,220 [timer1] WARN  server.GrpcLogAppender (GrpcLogAppender.java:timeoutAppendRequest(311)) - s2@group-BFB16B80E2B1->s0-GrpcLogAppender:  appendEntries Timeout, request=AppendEntriesRequest:cid=2148,entriesCount=1,lastEntry=(t:1, i:5)
2023-03-01 19:22:05,233 [timer3] WARN  server.GrpcLogAppender (GrpcLogAppender.java:timeoutAppendRequest(311)) - s2@group-BFB16B80E2B1->s1-GrpcLogAppender:  appendEntries Timeout, request=AppendEntriesRequest:cid=4941,entriesCount=1,lastEntry=(t:1, i:6)
2023-03-01 19:22:05,241 [timer4] WARN  server.GrpcLogAppender (GrpcLogAppender.java:timeoutAppendRequest(311)) - s2@group-BFB16B80E2B1->s0-GrpcLogAppender:  appendEntries Timeout, request=AppendEntriesRequest:cid=2150,entriesCount=1,lastEntry=(t:1, i:6)
2023-03-01 19:22:05,252 [timer6] WARN  server.GrpcLogAppender (GrpcLogAppender.java:timeoutAppendRequest(311)) - s2@group-BFB16B80E2B1->s0-GrpcLogAppender:  appendEntries Timeout, request=AppendEntriesRequest:cid=2151,entriesCount=1,lastEntry=(t:1, i:7)
2023-03-01 19:22:05,255 [timer7] WARN  server.GrpcLogAppender (GrpcLogAppender.java:timeoutAppendRequest(311)) - s2@group-BFB16B80E2B1->s1-GrpcLogAppender:  appendEntries Timeout, request=AppendEntriesRequest:cid=4943,entriesCount=1,lastEntry=(t:1, i:7)
2023-03-01 19:22:05,265 [timer1] WARN  server.GrpcLogAppender (GrpcLogAppender.java:timeoutAppendRequest(311)) - s2@group-BFB16B80E2B1->s1-GrpcLogAppender:  appendEntries Timeout, request=AppendEntriesRequest:cid=4944,entriesCount=1,lastEntry=(t:1, i:8)
2023-03-01 19:22:05,275 [timer2] WARN  server.GrpcLogAppender (GrpcLogAppender.java:timeoutAppendRequest(311)) - s2@group-BFB16B80E2B1->s0-GrpcLogAppender:  appendEntries Timeout, request=AppendEntriesRequest:cid=2153,entriesCount=1,lastEntry=(t:1, i:9)
2023-03-01 19:22:05,277 [timer3] WARN  server.GrpcLogAppender (GrpcLogAppender.java:timeoutAppendRequest(311)) - s2@group-BFB16B80E2B1->s1-GrpcLogAppender:  appendEntries Timeout, request=AppendEntriesRequest:cid=4945,entriesCount=1,lastEntry=(t:1, i:9)
2023-03-01 19:22:05,284 [timer4] WARN  server.GrpcLogAppender (GrpcLogAppender.java:timeoutAppendRequest(311)) - s2@group-BFB16B80E2B1->s0-GrpcLogAppender:  appendEntries Timeout, request=AppendEntriesRequest:cid=2154,entriesCount=1,lastEntry=(t:1, i:10)
2023-03-01 19:22:05,287 [timer5] WARN  server.GrpcLogAppender (GrpcLogAppender.java:timeoutAppendRequest(311)) - s2@group-BFB16B80E2B1->s1-GrpcLogAppender:  appendEntries Timeout, request=AppendEntriesRequest:cid=4946,entriesCount=1,lastEntry=(t:1, i:10)
2023-03-01 19:22:05,297 [timer6] WARN  server.GrpcLogAppender (GrpcLogAppender.java:timeoutAppendRequest(311)) - s2@group-BFB16B80E2B1->s1-GrpcLogAppender:  appendEntries Timeout, request=AppendEntriesRequest:cid=4947,entriesCount=1,lastEntry=(t:1, i:11)
2023-03-01 19:22:05,308 [timer7] WARN  server.GrpcLogAppender (GrpcLogAppender.java:timeoutAppendRequest(311)) - s2@group-BFB16B80E2B1->s1-GrpcLogAppender:  appendEntries Timeout, request=AppendEntriesRequest:cid=4948,entriesCount=1,lastEntry=(t:1, i:12)
]]></system-out>
  </testcase>
  <testcase name="testSingleElementBuffer[0]" classname="org.apache.ratis.grpc.TestLogAppenderWithGrpc" time="7.998"/>
  <testcase name="testFollowerHeartbeatMetric[0]" classname="org.apache.ratis.grpc.TestLogAppenderWithGrpc" time="0.755"/>
  <testcase name="testUnlimitedElementBuffer[0]" classname="org.apache.ratis.grpc.TestLogAppenderWithGrpc" time="3.994"/>
  <testcase name="testRestartLogAppender[1]" classname="org.apache.ratis.grpc.TestLogAppenderWithGrpc" time="2.142"/>
  <testcase name="testPendingLimits[1]" classname="org.apache.ratis.grpc.TestLogAppenderWithGrpc" time="7.77"/>
  <testcase name="testSingleElementBuffer[1]" classname="org.apache.ratis.grpc.TestLogAppenderWithGrpc" time="8.133"/>
  <testcase name="testFollowerHeartbeatMetric[1]" classname="org.apache.ratis.grpc.TestLogAppenderWithGrpc" time="0.786"/>
  <testcase name="testUnlimitedElementBuffer[1]" classname="org.apache.ratis.grpc.TestLogAppenderWithGrpc" time="4.014"/>
</testsuite>