<?xml version="1.0" encoding="UTF-8"?>
<testsuite xmlns:xsi="http://www.w3.org/2001/XMLSchema-instance" xsi:noNamespaceSchemaLocation="https://maven.apache.org/surefire/maven-surefire-plugin/xsd/surefire-test-report.xsd" name="org.apache.ratis.grpc.TestLeaderInstallSnapshot" time="14.902" tests="4" errors="0" skipped="0" failures="1">
  <properties>
    <property name="awt.toolkit" value="sun.awt.X11.XToolkit"/>
    <property name="java.specification.version" value="11"/>
    <property name="sun.cpu.isalist" value=""/>
    <property name="sun.jnu.encoding" value="UTF-8"/>
    <property name="java.class.path" value="/home/runner/work/ratis/ratis/ratis-test/target/test-classes:/home/runner/work/ratis/ratis/ratis-test/target/classes:/home/runner/work/ratis/ratis/ratis-common/target/classes:/home/runner/.m2/repository/org/apache/ratis/ratis-thirdparty-misc/1.0.3/ratis-thirdparty-misc-1.0.3.jar:/home/runner/work/ratis/ratis/ratis-proto/target/ratis-proto-3.0.0-SNAPSHOT.jar:/home/runner/work/ratis/ratis/ratis-common/target/test-classes:/home/runner/work/ratis/ratis/ratis-client/target/classes:/home/runner/work/ratis/ratis/ratis-server/target/classes:/home/runner/work/ratis/ratis/ratis-server-api/target/classes:/home/runner/work/ratis/ratis/ratis-metrics-api/target/classes:/home/runner/work/ratis/ratis/ratis-server/target/test-classes:/home/runner/work/ratis/ratis/ratis-metrics-default/target/classes:/home/runner/work/ratis/ratis/ratis-netty/target/classes:/home/runner/work/ratis/ratis/ratis-netty/target/test-classes:/home/runner/work/ratis/ratis/ratis-grpc/target/classes:/home/runner/work/ratis/ratis/ratis-grpc/target/test-classes:/home/runner/work/ratis/ratis/ratis-shell/target/classes:/home/runner/.m2/repository/commons-cli/commons-cli/1.5.0/commons-cli-1.5.0.jar:/home/runner/.m2/repository/org/reflections/reflections/0.10.2/reflections-0.10.2.jar:/home/runner/.m2/repository/org/javassist/javassist/3.28.0-GA/javassist-3.28.0-GA.jar:/home/runner/.m2/repository/com/google/code/findbugs/jsr305/3.0.2/jsr305-3.0.2.jar:/home/runner/.m2/repository/org/bouncycastle/bcprov-jdk15on/1.70/bcprov-jdk15on-1.70.jar:/home/runner/.m2/repository/org/bouncycastle/bcpkix-jdk15on/1.70/bcpkix-jdk15on-1.70.jar:/home/runner/.m2/repository/org/bouncycastle/bcutil-jdk15on/1.70/bcutil-jdk15on-1.70.jar:/home/runner/.m2/repository/org/slf4j/slf4j-api/1.7.36/slf4j-api-1.7.36.jar:/home/runner/.m2/repository/org/slf4j/slf4j-reload4j/1.7.36/slf4j-reload4j-1.7.36.jar:/home/runner/.m2/repository/ch/qos/reload4j/reload4j/1.2.19/reload4j-1.2.19.jar:/home/runner/.m2/repository/junit/junit/4.13.2/junit-4.13.2.jar:/home/runner/.m2/repository/org/hamcrest/hamcrest-core/1.3/hamcrest-core-1.3.jar:/home/runner/.m2/repository/org/mockito/mockito-core/4.3.1/mockito-core-4.3.1.jar:/home/runner/.m2/repository/net/bytebuddy/byte-buddy/1.12.7/byte-buddy-1.12.7.jar:/home/runner/.m2/repository/net/bytebuddy/byte-buddy-agent/1.12.7/byte-buddy-agent-1.12.7.jar:/home/runner/.m2/repository/org/objenesis/objenesis/3.2/objenesis-3.2.jar:"/>
    <property name="java.vm.vendor" value="Eclipse Adoptium"/>
    <property name="sun.arch.data.model" value="64"/>
    <property name="java.vendor.url" value="https://adoptium.net/"/>
    <property name="user.timezone" value=""/>
    <property name="java.vm.specification.version" value="11"/>
    <property name="os.name" value="Linux"/>
    <property name="sun.java.launcher" value="SUN_STANDARD"/>
    <property name="sun.boot.library.path" value="/usr/lib/jvm/temurin-11-jdk-amd64/lib"/>
    <property name="sun.java.command" value="/home/runner/work/ratis/ratis/ratis-test/target/surefire/surefirebooter6654401346375809214.jar /home/runner/work/ratis/ratis/ratis-test/target/surefire 2023-03-01T19-13-29_806-jvmRun1 surefire13935053846710212521tmp surefire_26726859380947829278tmp"/>
    <property name="jdk.debug" value="release"/>
    <property name="surefire.test.class.path" value="/home/runner/work/ratis/ratis/ratis-test/target/test-classes:/home/runner/work/ratis/ratis/ratis-test/target/classes:/home/runner/work/ratis/ratis/ratis-common/target/classes:/home/runner/.m2/repository/org/apache/ratis/ratis-thirdparty-misc/1.0.3/ratis-thirdparty-misc-1.0.3.jar:/home/runner/work/ratis/ratis/ratis-proto/target/ratis-proto-3.0.0-SNAPSHOT.jar:/home/runner/work/ratis/ratis/ratis-common/target/test-classes:/home/runner/work/ratis/ratis/ratis-client/target/classes:/home/runner/work/ratis/ratis/ratis-server/target/classes:/home/runner/work/ratis/ratis/ratis-server-api/target/classes:/home/runner/work/ratis/ratis/ratis-metrics-api/target/classes:/home/runner/work/ratis/ratis/ratis-server/target/test-classes:/home/runner/work/ratis/ratis/ratis-metrics-default/target/classes:/home/runner/work/ratis/ratis/ratis-netty/target/classes:/home/runner/work/ratis/ratis/ratis-netty/target/test-classes:/home/runner/work/ratis/ratis/ratis-grpc/target/classes:/home/runner/work/ratis/ratis/ratis-grpc/target/test-classes:/home/runner/work/ratis/ratis/ratis-shell/target/classes:/home/runner/.m2/repository/commons-cli/commons-cli/1.5.0/commons-cli-1.5.0.jar:/home/runner/.m2/repository/org/reflections/reflections/0.10.2/reflections-0.10.2.jar:/home/runner/.m2/repository/org/javassist/javassist/3.28.0-GA/javassist-3.28.0-GA.jar:/home/runner/.m2/repository/com/google/code/findbugs/jsr305/3.0.2/jsr305-3.0.2.jar:/home/runner/.m2/repository/org/bouncycastle/bcprov-jdk15on/1.70/bcprov-jdk15on-1.70.jar:/home/runner/.m2/repository/org/bouncycastle/bcpkix-jdk15on/1.70/bcpkix-jdk15on-1.70.jar:/home/runner/.m2/repository/org/bouncycastle/bcutil-jdk15on/1.70/bcutil-jdk15on-1.70.jar:/home/runner/.m2/repository/org/slf4j/slf4j-api/1.7.36/slf4j-api-1.7.36.jar:/home/runner/.m2/repository/org/slf4j/slf4j-reload4j/1.7.36/slf4j-reload4j-1.7.36.jar:/home/runner/.m2/repository/ch/qos/reload4j/reload4j/1.2.19/reload4j-1.2.19.jar:/home/runner/.m2/repository/junit/junit/4.13.2/junit-4.13.2.jar:/home/runner/.m2/repository/org/hamcrest/hamcrest-core/1.3/hamcrest-core-1.3.jar:/home/runner/.m2/repository/org/mockito/mockito-core/4.3.1/mockito-core-4.3.1.jar:/home/runner/.m2/repository/net/bytebuddy/byte-buddy/1.12.7/byte-buddy-1.12.7.jar:/home/runner/.m2/repository/net/bytebuddy/byte-buddy-agent/1.12.7/byte-buddy-agent-1.12.7.jar:/home/runner/.m2/repository/org/objenesis/objenesis/3.2/objenesis-3.2.jar:"/>
    <property name="sun.cpu.endian" value="little"/>
    <property name="user.home" value="/home/runner"/>
    <property name="user.language" value="en"/>
    <property name="java.specification.vendor" value="Oracle Corporation"/>
    <property name="java.version.date" value="2023-01-17"/>
    <property name="java.home" value="/usr/lib/jvm/temurin-11-jdk-amd64"/>
    <property name="file.separator" value="/"/>
    <property name="basedir" value="/home/runner/work/ratis/ratis/ratis-test"/>
    <property name="java.vm.compressedOopsMode" value="32-bit"/>
    <property name="line.separator" value="&#10;"/>
    <property name="java.specification.name" value="Java Platform API Specification"/>
    <property name="java.vm.specification.vendor" value="Oracle Corporation"/>
    <property name="java.awt.graphicsenv" value="sun.awt.X11GraphicsEnvironment"/>
    <property name="surefire.real.class.path" value="/home/runner/work/ratis/ratis/ratis-test/target/surefire/surefirebooter6654401346375809214.jar"/>
    <property name="sun.management.compiler" value="HotSpot 64-Bit Tiered Compilers"/>
    <property name="java.runtime.version" value="11.0.18+10"/>
    <property name="user.name" value="runner"/>
    <property name="java.net.preferIPv4Stack" value="true"/>
    <property name="path.separator" value=":"/>
    <property name="os.version" value="5.15.0-1033-azure"/>
    <property name="java.runtime.name" value="OpenJDK Runtime Environment"/>
    <property name="file.encoding" value="UTF-8"/>
    <property name="java.vm.name" value="OpenJDK 64-Bit Server VM"/>
    <property name="java.vendor.version" value="Temurin-11.0.18+10"/>
    <property name="localRepository" value="/home/runner/.m2/repository"/>
    <property name="java.vendor.url.bug" value="https://github.com/adoptium/adoptium-support/issues"/>
    <property name="java.io.tmpdir" value="/tmp"/>
    <property name="java.version" value="11.0.18"/>
    <property name="user.dir" value="/home/runner/work/ratis/ratis/ratis-test"/>
    <property name="os.arch" value="amd64"/>
    <property name="ratis.tmp.dir" value="/home/runner/work/ratis/ratis/ratis-test/target/tmp"/>
    <property name="java.vm.specification.name" value="Java Virtual Machine Specification"/>
    <property name="java.awt.printerjob" value="sun.print.PSPrinterJob"/>
    <property name="ratis.log.dir" value="/home/runner/work/ratis/ratis/ratis-test/target/log"/>
    <property name="sun.os.patch.level" value="unknown"/>
    <property name="java.library.path" value="/usr/java/packages/lib:/usr/lib64:/lib64:/lib:/usr/lib"/>
    <property name="java.vm.info" value="mixed mode"/>
    <property name="java.vendor" value="Eclipse Adoptium"/>
    <property name="java.vm.version" value="11.0.18+10"/>
    <property name="sun.io.unicode.encoding" value="UnicodeLittle"/>
    <property name="java.class.version" value="55.0"/>
  </properties>
  <testcase name="testMultiFileInstallSnapshot[0]" classname="org.apache.ratis.grpc.TestLeaderInstallSnapshot" time="4"/>
  <testcase name="testSeparateSnapshotInstallPath[0]" classname="org.apache.ratis.grpc.TestLeaderInstallSnapshot" time="2.199"/>
  <testcase name="testMultiFileInstallSnapshot[1]" classname="org.apache.ratis.grpc.TestLeaderInstallSnapshot" time="6.153">
    <failure type="java.lang.AssertionError">java.lang.AssertionError
	at org.junit.Assert.fail(Assert.java:87)
	at org.junit.Assert.assertTrue(Assert.java:42)
	at org.junit.Assert.assertNotNull(Assert.java:713)
	at org.junit.Assert.assertNotNull(Assert.java:723)
	at org.apache.ratis.InstallSnapshotFromLeaderTests.testMultiFileInstallSnapshot(InstallSnapshotFromLeaderTests.java:121)
	at org.apache.ratis.server.impl.MiniRaftCluster$Factory$Get.runWithNewCluster(MiniRaftCluster.java:141)
	at org.apache.ratis.server.impl.MiniRaftCluster$Factory$Get.runWithNewCluster(MiniRaftCluster.java:121)
	at org.apache.ratis.InstallSnapshotFromLeaderTests.testMultiFileInstallSnapshot(InstallSnapshotFromLeaderTests.java:79)
	at java.base/jdk.internal.reflect.NativeMethodAccessorImpl.invoke0(Native Method)
	at java.base/jdk.internal.reflect.NativeMethodAccessorImpl.invoke(NativeMethodAccessorImpl.java:62)
	at java.base/jdk.internal.reflect.DelegatingMethodAccessorImpl.invoke(DelegatingMethodAccessorImpl.java:43)
	at java.base/java.lang.reflect.Method.invoke(Method.java:566)
	at org.junit.runners.model.FrameworkMethod$1.runReflectiveCall(FrameworkMethod.java:59)
	at org.junit.internal.runners.model.ReflectiveCallable.run(ReflectiveCallable.java:12)
	at org.junit.runners.model.FrameworkMethod.invokeExplosively(FrameworkMethod.java:56)
	at org.junit.internal.runners.statements.InvokeMethod.evaluate(InvokeMethod.java:17)
	at org.junit.internal.runners.statements.RunAfters.evaluate(RunAfters.java:27)
	at org.junit.internal.runners.statements.FailOnTimeout$CallableStatement.call(FailOnTimeout.java:299)
	at org.junit.internal.runners.statements.FailOnTimeout$CallableStatement.call(FailOnTimeout.java:293)
	at java.base/java.util.concurrent.FutureTask.run(FutureTask.java:264)
	at java.base/java.lang.Thread.run(Thread.java:829)
</failure>
    <system-out><![CDATA[2023-03-01 19:15:19,809 [main] INFO  util.LogUtils (Slf4jUtils.java:setLogLevel(38)) - Successfully set org.apache.ratis.conf.ConfUtils log level to WARN
2023-03-01 19:15:19,810 [main] INFO  util.LogUtils (Slf4jUtils.java:setLogLevel(38)) - Successfully set org.apache.ratis.util.FileUtils log level to TRACE
2023-03-01 19:15:19,810 [Time-limited test] INFO  impl.MiniRaftCluster (MiniRaftCluster.java:runWithNewCluster(135)) - Running runWithNewCluster
2023-03-01 19:15:19,812 [Time-limited test] INFO  impl.MiniRaftCluster (MiniRaftCluster.java:<init>(306)) - new MiniRaftClusterWithGrpc with group-B7D5749140D7:[s0|rpc:localhost:33199|admin:localhost:33153|client:localhost:42989|dataStream:localhost:45895|priority:0|startupRole:FOLLOWER]
2023-03-01 19:15:19,812 [Time-limited test] INFO  impl.MiniRaftCluster (MiniRaftCluster.java:start(339)) - .............................................................. 
2023-03-01 19:15:19,812 [Time-limited test] INFO  impl.MiniRaftCluster (MiniRaftCluster.java:start(340)) - ... 
2023-03-01 19:15:19,812 [Time-limited test] INFO  impl.MiniRaftCluster (MiniRaftCluster.java:start(341)) - ...     Starting MiniRaftClusterWithGrpc
2023-03-01 19:15:19,812 [Time-limited test] INFO  impl.MiniRaftCluster (MiniRaftCluster.java:start(342)) - ... 
2023-03-01 19:15:19,812 [Time-limited test] INFO  impl.MiniRaftCluster (MiniRaftCluster.java:start(343)) - .............................................................. 
2023-03-01 19:15:19,812 [Time-limited test] INFO  impl.MiniRaftCluster (MiniRaftCluster.java:initServers(318)) - servers = {}
2023-03-01 19:15:19,812 [Time-limited test] INFO  impl.MiniRaftCluster (MiniRaftCluster.java:newRaftServer(382)) - newRaftServer: s0, group-B7D5749140D7:[s0|rpc:localhost:33199|admin:localhost:33153|client:localhost:42989|dataStream:localhost:45895|priority:0|startupRole:FOLLOWER], format? true
2023-03-01 19:15:19,812 [Time-limited test] TRACE util.FileUtils (FileUtils.java:deleteFully(201)) - deleteFully target/test/data/bfdeacae/MiniRaftClusterWithGrpcd4a997cd/s0
2023-03-01 19:15:19,813 [Time-limited test] TRACE util.FileUtils (FileUtils.java:deleteFully(217)) - deleteFully: target/test/data/bfdeacae/MiniRaftClusterWithGrpcd4a997cd/s0 does not exist.
2023-03-01 19:15:19,813 [Time-limited test] INFO  impl.MiniRaftCluster (MiniRaftCluster.java:newRaftServer(387)) - Formatted directory target/test/data/bfdeacae/MiniRaftClusterWithGrpcd4a997cd/s0
2023-03-01 19:15:19,813 [Time-limited test] INFO  server.RaftServer (ConfUtils.java:logGet(46)) - raft.rpc.type = GRPC (default)
2023-03-01 19:15:19,813 [Time-limited test] INFO  grpc.GrpcConfigKeys (ConfUtils.java:logFallback(53)) - raft.grpc.admin.host = null (fallback to raft.grpc.server.host)
2023-03-01 19:15:19,813 [Time-limited test] INFO  grpc.GrpcConfigKeys (ConfUtils.java:logGet(46)) - raft.grpc.admin.port = 33153 (custom)
2023-03-01 19:15:19,813 [Time-limited test] INFO  grpc.GrpcConfigKeys (ConfUtils.java:logFallback(53)) - raft.grpc.client.host = null (fallback to raft.grpc.server.host)
2023-03-01 19:15:19,813 [Time-limited test] INFO  grpc.GrpcConfigKeys (ConfUtils.java:logGet(46)) - raft.grpc.client.port = 42989 (custom)
2023-03-01 19:15:19,814 [Time-limited test] INFO  grpc.GrpcConfigKeys (ConfUtils.java:logGet(46)) - raft.grpc.server.host = null (default)
2023-03-01 19:15:19,814 [Time-limited test] INFO  grpc.GrpcConfigKeys (ConfUtils.java:logGet(46)) - raft.grpc.server.port = 33199 (custom)
2023-03-01 19:15:19,814 [Time-limited test] INFO  server.GrpcService (ConfUtils.java:logGet(46)) - raft.grpc.message.size.max = 64MB (=67108864) (default)
2023-03-01 19:15:19,814 [Time-limited test] INFO  server.RaftServerConfigKeys (ConfUtils.java:logGet(46)) - raft.server.log.appender.buffer.byte-limit = 4MB (=4194304) (default)
2023-03-01 19:15:19,814 [Time-limited test] INFO  server.GrpcService (ConfUtils.java:logGet(46)) - raft.grpc.flow.control.window = 1MB (=1048576) (default)
2023-03-01 19:15:19,814 [Time-limited test] INFO  server.RaftServerConfigKeys (ConfUtils.java:logGet(46)) - raft.server.rpc.request.timeout = 3000ms (default)
2023-03-01 19:15:19,814 [Time-limited test] INFO  grpc.GrpcConfigKeys (ConfUtils.java:logGet(46)) - raft.grpc.server.heartbeat.channel = true (default)
2023-03-01 19:15:19,814 [Time-limited test] INFO  grpc.GrpcConfigKeys (ConfUtils.java:logGet(46)) - raft.grpc.server.async.request.thread.pool.cached = true (default)
2023-03-01 19:15:19,814 [Time-limited test] INFO  grpc.GrpcConfigKeys (ConfUtils.java:logGet(46)) - raft.grpc.server.async.request.thread.pool.size = 32 (default)
2023-03-01 19:15:19,815 [Time-limited test] INFO  impl.DataStreamServerImpl (ConfUtils.java:logGet(46)) - raft.datastream.type = DISABLED (default)
2023-03-01 19:15:19,815 [Time-limited test] INFO  server.RaftServerConfigKeys (ConfUtils.java:logGet(46)) - raft.server.threadpool.proxy.cached = true (default)
2023-03-01 19:15:19,815 [Time-limited test] INFO  server.RaftServerConfigKeys (ConfUtils.java:logGet(46)) - raft.server.threadpool.proxy.size = 0 (default)
2023-03-01 19:15:19,815 [Time-limited test] INFO  server.RaftServerConfigKeys (ConfUtils.java:logGet(46)) - raft.server.rpc.slowness.timeout = 60s (default)
2023-03-01 19:15:19,816 [Time-limited test] INFO  server.RaftServerConfigKeys (ConfUtils.java:logGet(46)) - raft.server.leaderelection.leader.step-down.wait-time = 10s (default)
2023-03-01 19:15:19,816 [Time-limited test] INFO  server.RaftServerConfigKeys (ConfUtils.java:logGet(46)) - raft.server.storage.dir = [/home/runner/work/ratis/ratis/ratis-test/target/test/data/bfdeacae/MiniRaftClusterWithGrpcd4a997cd/s0] (custom)
2023-03-01 19:15:19,816 [Time-limited test] INFO  server.RaftServer (RaftServerProxy.java:addNew(99)) - s0: addNew group-B7D5749140D7:[s0|rpc:localhost:33199|admin:localhost:33153|client:localhost:42989|dataStream:localhost:45895|priority:0|startupRole:FOLLOWER] returns group-B7D5749140D7:java.util.concurrent.CompletableFuture@6d67ba7e[Not completed]
2023-03-01 19:15:19,816 [s0-groupManagement] INFO  server.RaftServerConfigKeys (ConfUtils.java:logGet(46)) - raft.server.log.segment.size.max = 8MB (=8388608) (default)
2023-03-01 19:15:19,817 [s0-groupManagement] INFO  server.RaftServerConfigKeys (ConfUtils.java:logGet(46)) - raft.server.log.preallocated.size = 4MB (=4194304) (default)
2023-03-01 19:15:19,817 [s0-groupManagement] INFO  server.RaftServerConfigKeys (ConfUtils.java:logGet(46)) - raft.server.log.write.buffer.size = 64KB (=65536) (default)
2023-03-01 19:15:19,817 [s0-groupManagement] INFO  server.RaftServer$Division (RaftServerImpl.java:<init>(198)) - s0: new RaftServerImpl for group-B7D5749140D7:[s0|rpc:localhost:33199|admin:localhost:33153|client:localhost:42989|dataStream:localhost:45895|priority:0|startupRole:FOLLOWER] with StateMachineWithMultiNestedSnapshotFile:uninitialized
2023-03-01 19:15:19,817 [s0-groupManagement] INFO  server.RaftServerConfigKeys (ConfUtils.java:logGet(46)) - raft.server.rpc.timeout.min = 150ms (default)
2023-03-01 19:15:19,817 [s0-groupManagement] INFO  server.RaftServerConfigKeys (ConfUtils.java:logGet(46)) - raft.server.rpc.timeout.max = 300ms (default)
2023-03-01 19:15:19,817 [s0-groupManagement] INFO  server.RaftServerConfigKeys (ConfUtils.java:logGet(46)) - raft.server.rpc.sleep.time = 25ms (default)
2023-03-01 19:15:19,817 [s0-groupManagement] INFO  server.RaftServerConfigKeys (ConfUtils.java:logGet(46)) - raft.server.rpc.slowness.timeout = 60s (default)
2023-03-01 19:15:19,817 [s0-groupManagement] INFO  server.RaftServerConfigKeys (ConfUtils.java:logGet(46)) - raft.server.leaderelection.leader.step-down.wait-time = 10s (default)
2023-03-01 19:15:19,817 [s0-groupManagement] INFO  server.RaftServerConfigKeys (ConfUtils.java:logGet(46)) - raft.server.sleep.deviation.threshold = 300ms (default)
2023-03-01 19:15:19,817 [s0-groupManagement] INFO  server.RaftServer$Division (ServerState.java:<init>(113)) - s0@group-B7D5749140D7: ConfigurationManager, init=-1: peers:[s0|rpc:localhost:33199|admin:localhost:33153|client:localhost:42989|dataStream:localhost:45895|priority:0|startupRole:FOLLOWER]|listeners:[], old=null, confs=<EMPTY_MAP>
2023-03-01 19:15:19,817 [s0-groupManagement] INFO  server.RaftServerConfigKeys (ConfUtils.java:logGet(46)) - raft.server.notification.no-leader.timeout = 60s (default)
2023-03-01 19:15:19,817 [s0-groupManagement] INFO  server.RaftServerConfigKeys (ConfUtils.java:logGet(46)) - raft.server.read.timeout = 10s (default)
2023-03-01 19:15:19,817 [s0-groupManagement] INFO  server.RaftServerConfigKeys (ConfUtils.java:logGet(46)) - raft.server.retrycache.expirytime = 60s (default)
2023-03-01 19:15:19,817 [s0-groupManagement] INFO  server.RaftServerConfigKeys (ConfUtils.java:logGet(46)) - raft.server.retrycache.statistics.expirytime = 100μs (default)
2023-03-01 19:15:19,817 [s0-groupManagement] INFO  server.RaftServerConfigKeys (ConfUtils.java:logGet(46)) - raft.server.read.option = DEFAULT (default)
2023-03-01 19:15:19,819 [s0-groupManagement] INFO  server.RaftServerConfigKeys (ConfUtils.java:logGet(46)) - raft.server.log.appender.install.snapshot.enabled = true (default)
2023-03-01 19:15:19,819 [s0-groupManagement] INFO  server.RaftServerConfigKeys (ConfUtils.java:logGet(46)) - raft.server.threadpool.server.cached = true (default)
2023-03-01 19:15:19,819 [s0-groupManagement] INFO  server.RaftServerConfigKeys (ConfUtils.java:logGet(46)) - raft.server.threadpool.server.size = 0 (default)
2023-03-01 19:15:19,819 [s0-groupManagement] INFO  server.RaftServerConfigKeys (ConfUtils.java:logGet(46)) - raft.server.threadpool.client.cached = true (default)
2023-03-01 19:15:19,819 [s0-groupManagement] INFO  server.RaftServerConfigKeys (ConfUtils.java:logGet(46)) - raft.server.threadpool.client.size = 0 (default)
2023-03-01 19:15:19,819 [s0-impl-thread1] INFO  server.RaftServerConfigKeys (ConfUtils.java:logGet(46)) - raft.server.storage.free-space.min = 0MB (=0) (default)
2023-03-01 19:15:19,819 [s0-impl-thread1] INFO  server.RaftServerConfigKeys (ConfUtils.java:logGet(46)) - raft.server.log.corruption.policy = EXCEPTION (default)
2023-03-01 19:15:19,819 [s0-impl-thread1] INFO  server.RaftServerConfigKeys (ConfUtils.java:logGet(46)) - raft.server.storage.dir = [/home/runner/work/ratis/ratis/ratis-test/target/test/data/bfdeacae/MiniRaftClusterWithGrpcd4a997cd/s0] (custom)
2023-03-01 19:15:19,819 [s0-impl-thread1] INFO  storage.RaftStorageDirectory (RaftStorageDirectoryImpl.java:analyzeStorage(138)) - The storage directory /home/runner/work/ratis/ratis/ratis-test/target/test/data/bfdeacae/MiniRaftClusterWithGrpcd4a997cd/s0/785ae1c5-4b3e-45a3-89f2-b7d5749140d7 does not exist. Creating ...
2023-03-01 19:15:19,820 [s0-impl-thread1] TRACE util.FileUtils (LogUtils.java:runAndLog(49)) - Successfully ran Files.createDirectories /home/runner/work/ratis/ratis/ratis-test/target/test/data/bfdeacae/MiniRaftClusterWithGrpcd4a997cd/s0/785ae1c5-4b3e-45a3-89f2-b7d5749140d7
2023-03-01 19:15:19,821 [s0-impl-thread1] INFO  storage.RaftStorageDirectory (RaftStorageDirectoryImpl.java:tryLock(232)) - Lock on /home/runner/work/ratis/ratis/ratis-test/target/test/data/bfdeacae/MiniRaftClusterWithGrpcd4a997cd/s0/785ae1c5-4b3e-45a3-89f2-b7d5749140d7/in_use.lock acquired by nodename 3623@fv-az198-314
2023-03-01 19:15:19,821 [s0-impl-thread1] TRACE util.FileUtils (LogUtils.java:runAndLog(49)) - Successfully ran Files.createDirectories /home/runner/work/ratis/ratis/ratis-test/target/test/data/bfdeacae/MiniRaftClusterWithGrpcd4a997cd/s0/785ae1c5-4b3e-45a3-89f2-b7d5749140d7/current
2023-03-01 19:15:19,821 [s0-impl-thread1] TRACE util.FileUtils (LogUtils.java:runAndLog(49)) - Successfully ran Files.createDirectories /home/runner/work/ratis/ratis/ratis-test/target/test/data/bfdeacae/MiniRaftClusterWithGrpcd4a997cd/s0/785ae1c5-4b3e-45a3-89f2-b7d5749140d7/sm
2023-03-01 19:15:19,822 [s0-impl-thread1] INFO  storage.RaftStorage (RaftStorageImpl.java:format(96)) - Storage directory /home/runner/work/ratis/ratis/ratis-test/target/test/data/bfdeacae/MiniRaftClusterWithGrpcd4a997cd/s0/785ae1c5-4b3e-45a3-89f2-b7d5749140d7 has been successfully formatted.
2023-03-01 19:15:19,822 [s0-impl-thread1] INFO  impl.SimpleStateMachine4Testing (SimpleStateMachine4Testing.java:initialize(213)) - Initializing StateMachineWithMultiNestedSnapshotFile:uninitialized
2023-03-01 19:15:19,822 [s0-impl-thread1] INFO  impl.SimpleStateMachine4Testing (SimpleStateMachine4Testing.java:loadSnapshot(293)) - Loading snapshot null
2023-03-01 19:15:19,822 [s0-impl-thread1] INFO  server.RaftServerConfigKeys (ConfUtils.java:logGet(46)) - raft.server.log.use.memory = false (default)
2023-03-01 19:15:19,823 [s0-impl-thread1] INFO  server.RaftServerConfigKeys (ConfUtils.java:logGet(46)) - raft.server.log.purge.gap = 8 (custom)
2023-03-01 19:15:19,823 [s0-impl-thread1] INFO  server.RaftServerConfigKeys (ConfUtils.java:logGet(46)) - raft.server.log.appender.buffer.byte-limit = 4MB (=4194304) (default)
2023-03-01 19:15:19,823 [s0-impl-thread1] INFO  server.RaftServerConfigKeys (ConfUtils.java:logGet(46)) - raft.server.log.statemachine.data.read.timeout = 1000ms (default)
2023-03-01 19:15:19,823 [s0-impl-thread1] INFO  server.RaftServerConfigKeys (ConfUtils.java:logGet(46)) - raft.server.log.purge.preservation.log.num = 0 (default)
2023-03-01 19:15:19,823 [s0-impl-thread1] INFO  server.RaftServerConfigKeys (ConfUtils.java:logGet(46)) - raft.server.log.segment.size.max = 8MB (=8388608) (default)
2023-03-01 19:15:19,824 [s0-impl-thread1] INFO  server.RaftServerConfigKeys (ConfUtils.java:logGet(46)) - raft.server.log.segment.cache.num.max = 6 (default)
2023-03-01 19:15:19,824 [s0-impl-thread1] INFO  server.RaftServerConfigKeys (ConfUtils.java:logGet(46)) - raft.server.log.segment.cache.size.max = 200MB (=209715200) (default)
2023-03-01 19:15:19,824 [s0-impl-thread1] INFO  server.RaftServerConfigKeys (ConfUtils.java:logGet(46)) - raft.server.log.appender.buffer.byte-limit = 4MB (=4194304) (default)
2023-03-01 19:15:19,824 [s0-impl-thread1] INFO  segmented.SegmentedRaftLogWorker (SegmentedRaftLogWorker.java:<init>(183)) - new s0@group-B7D5749140D7-SegmentedRaftLogWorker for RaftStorageImpl:Storage Directory /home/runner/work/ratis/ratis/ratis-test/target/test/data/bfdeacae/MiniRaftClusterWithGrpcd4a997cd/s0/785ae1c5-4b3e-45a3-89f2-b7d5749140d7
2023-03-01 19:15:19,824 [s0-impl-thread1] INFO  server.RaftServerConfigKeys (ConfUtils.java:logGet(46)) - raft.server.log.queue.byte-limit = 64MB (=67108864) (default)
2023-03-01 19:15:19,824 [s0-impl-thread1] INFO  server.RaftServerConfigKeys (ConfUtils.java:logGet(46)) - raft.server.log.queue.element-limit = 4096 (default)
2023-03-01 19:15:19,824 [s0-impl-thread1] INFO  server.RaftServerConfigKeys (ConfUtils.java:logGet(46)) - raft.server.log.segment.size.max = 8MB (=8388608) (default)
2023-03-01 19:15:19,824 [s0-impl-thread1] INFO  server.RaftServerConfigKeys (ConfUtils.java:logGet(46)) - raft.server.log.preallocated.size = 4MB (=4194304) (default)
2023-03-01 19:15:19,824 [s0-impl-thread1] INFO  server.RaftServerConfigKeys (ConfUtils.java:logGet(46)) - raft.server.log.force.sync.num = 128 (default)
2023-03-01 19:15:19,824 [s0-impl-thread1] INFO  server.RaftServerConfigKeys (ConfUtils.java:logGet(46)) - raft.server.log.statemachine.data.sync = true (default)
2023-03-01 19:15:19,824 [s0-impl-thread1] INFO  server.RaftServerConfigKeys (ConfUtils.java:logGet(46)) - raft.server.log.statemachine.data.sync.timeout = 10s (default)
2023-03-01 19:15:19,824 [s0-impl-thread1] INFO  server.RaftServerConfigKeys (ConfUtils.java:logGet(46)) - raft.server.log.statemachine.data.sync.timeout.retry = -1 (default)
2023-03-01 19:15:19,824 [s0-impl-thread1] INFO  server.RaftServerConfigKeys (ConfUtils.java:logGet(46)) - raft.server.log.write.buffer.size = 64KB (=65536) (default)
2023-03-01 19:15:19,824 [s0-impl-thread1] INFO  server.RaftServerConfigKeys (ConfUtils.java:logGet(46)) - raft.server.log.appender.buffer.byte-limit = 4MB (=4194304) (default)
2023-03-01 19:15:19,826 [s0-impl-thread1] INFO  server.RaftServerConfigKeys (ConfUtils.java:logGet(46)) - raft.server.log.unsafe-flush.enabled = false (default)
2023-03-01 19:15:19,826 [s0-impl-thread1] INFO  server.RaftServerConfigKeys (ConfUtils.java:logGet(46)) - raft.server.log.async-flush.enabled = false (default)
2023-03-01 19:15:19,826 [s0-impl-thread1] INFO  server.RaftServerConfigKeys (ConfUtils.java:logGet(46)) - raft.server.log.statemachine.data.caching.enabled = false (default)
2023-03-01 19:15:19,826 [s0-impl-thread1] INFO  segmented.SegmentedRaftLogWorker (SegmentedRaftLogWorker.java:lambda$new$0(134)) - s0@group-B7D5749140D7-SegmentedRaftLogWorker: flushIndex: setUnconditionally 0 -> -1
2023-03-01 19:15:19,826 [s0-impl-thread1] INFO  segmented.SegmentedRaftLogWorker (SegmentedRaftLogWorker.java:lambda$new$0(134)) - s0@group-B7D5749140D7-SegmentedRaftLogWorker: safeCacheEvictIndex: setUnconditionally 0 -> -1
2023-03-01 19:15:19,829 [s0-impl-thread1] INFO  server.RaftServer$Division (RaftServerImpl.java:start(342)) - s0@group-B7D5749140D7: start as a follower, conf=-1: peers:[s0|rpc:localhost:33199|admin:localhost:33153|client:localhost:42989|dataStream:localhost:45895|priority:0|startupRole:FOLLOWER]|listeners:[], old=null
2023-03-01 19:15:19,829 [s0-impl-thread1] INFO  server.RaftServer$Division (RaftServerImpl.java:setRole(329)) - s0@group-B7D5749140D7: changes role from      null to FOLLOWER at term 0 for startAsFollower
2023-03-01 19:15:19,829 [s0-impl-thread1] INFO  impl.RoleInfo (RoleInfo.java:updateAndGet(139)) - s0: start s0@group-B7D5749140D7-FollowerState
2023-03-01 19:15:19,834 [s0-impl-thread1] INFO  util.JmxRegister (JmxRegister.java:tryRegister(44)) - Successfully registered JMX Bean with object name Ratis:service=RaftServer,group=group-B7D5749140D7,id=s0
2023-03-01 19:15:19,834 [s0-impl-thread1] INFO  server.RaftServerConfigKeys (ConfUtils.java:logGet(46)) - raft.server.snapshot.auto.trigger.enabled = true (custom)
2023-03-01 19:15:19,834 [s0-impl-thread1] INFO  server.RaftServerConfigKeys (ConfUtils.java:logGet(46)) - raft.server.snapshot.auto.trigger.threshold = 64 (custom)
2023-03-01 19:15:19,834 [s0-impl-thread1] INFO  server.RaftServerConfigKeys (ConfUtils.java:logGet(46)) - raft.server.snapshot.retention.file.num = -1 (default)
2023-03-01 19:15:19,834 [s0-impl-thread1] INFO  server.RaftServerConfigKeys (ConfUtils.java:logGet(46)) - raft.server.log.purge.upto.snapshot.index = false (default)
2023-03-01 19:15:19,835 [Time-limited test] INFO  server.RaftServer (RaftServerProxy.java:startImpl(401)) - s0: start RPC server
2023-03-01 19:15:19,835 [s0@group-B7D5749140D7-FollowerState] INFO  server.RaftServerConfigKeys (ConfUtils.java:logFallback(53)) - raft.server.rpc.first-election.timeout.min = 150ms (fallback to raft.server.rpc.timeout.min)
2023-03-01 19:15:19,835 [s0@group-B7D5749140D7-FollowerState] INFO  server.RaftServerConfigKeys (ConfUtils.java:logFallback(53)) - raft.server.rpc.first-election.timeout.max = 300ms (fallback to raft.server.rpc.timeout.max)
2023-03-01 19:15:19,839 [Time-limited test] INFO  server.GrpcService (GrpcService.java:startImpl(302)) - s0: GrpcService started, listening on 42989
2023-03-01 19:15:19,841 [Time-limited test] INFO  server.GrpcService (GrpcService.java:startImpl(302)) - s0: GrpcService started, listening on 33199
2023-03-01 19:15:19,842 [Time-limited test] INFO  server.GrpcService (GrpcService.java:startImpl(302)) - s0: GrpcService started, listening on 33153
2023-03-01 19:15:19,843 [JvmPauseMonitor6] INFO  util.JvmPauseMonitor (JvmPauseMonitor.java:run(103)) - JvmPauseMonitor-s0: Started
2023-03-01 19:15:19,845 [Time-limited test] INFO  server.RaftServerConfigKeys (ConfUtils.java:logGet(46)) - raft.server.rpc.timeout.max = 300ms (default)
2023-03-01 19:15:19,845 [Time-limited test] INFO  ratis.RaftTestUtil (RaftTestUtil.java:waitForLeader(100)) - printing ALL groups
  s0:  RUNNING  FOLLOWER s0@group-B7D5749140D7:t0, leader=null, voted=, raftlog=Memoized:s0@group-B7D5749140D7-SegmentedRaftLog:OPENED:c-1, conf=-1: peers:[s0|rpc:localhost:33199|admin:localhost:33153|client:localhost:42989|dataStream:localhost:45895|priority:0|startupRole:FOLLOWER]|listeners:[], old=null RUNNING
2023-03-01 19:15:19,846 [Time-limited test] WARN  ratis.RaftTestUtil (JavaUtils.java:attempt(217)) - FAILED "waitForLeader-null-(expectLeader? true)", attempt #1/100: java.lang.IllegalStateException: No leader yet : printing ALL groups
  s0:  RUNNING  FOLLOWER s0@group-B7D5749140D7:t0, leader=null, voted=, raftlog=Memoized:s0@group-B7D5749140D7-SegmentedRaftLog:OPENED:c-1, conf=-1: peers:[s0|rpc:localhost:33199|admin:localhost:33153|client:localhost:42989|dataStream:localhost:45895|priority:0|startupRole:FOLLOWER]|listeners:[], old=null RUNNING, sleep 450ms and then retry.
java.lang.IllegalStateException: No leader yet : printing ALL groups
  s0:  RUNNING  FOLLOWER s0@group-B7D5749140D7:t0, leader=null, voted=, raftlog=Memoized:s0@group-B7D5749140D7-SegmentedRaftLog:OPENED:c-1, conf=-1: peers:[s0|rpc:localhost:33199|admin:localhost:33153|client:localhost:42989|dataStream:localhost:45895|priority:0|startupRole:FOLLOWER]|listeners:[], old=null RUNNING
	at org.apache.ratis.server.impl.MiniRaftCluster.newIllegalStateExceptionForNoLeaders(MiniRaftCluster.java:581)
	at org.apache.ratis.RaftTestUtil.lambda$waitForLeader$1(RaftTestUtil.java:104)
	at org.apache.ratis.server.impl.MiniRaftCluster.getLeader(MiniRaftCluster.java:615)
	at org.apache.ratis.server.impl.MiniRaftCluster.getLeader(MiniRaftCluster.java:608)
	at org.apache.ratis.RaftTestUtil.lambda$waitForLeader$3(RaftTestUtil.java:112)
	at org.apache.ratis.util.JavaUtils.attempt(JavaUtils.java:211)
	at org.apache.ratis.util.JavaUtils.attemptRepeatedly(JavaUtils.java:197)
	at org.apache.ratis.RaftTestUtil.waitForLeader(RaftTestUtil.java:111)
	at org.apache.ratis.RaftTestUtil.waitForLeader(RaftTestUtil.java:92)
	at org.apache.ratis.RaftTestUtil.waitForLeader(RaftTestUtil.java:87)
	at org.apache.ratis.InstallSnapshotFromLeaderTests.testMultiFileInstallSnapshot(InstallSnapshotFromLeaderTests.java:92)
	at org.apache.ratis.server.impl.MiniRaftCluster$Factory$Get.runWithNewCluster(MiniRaftCluster.java:141)
	at org.apache.ratis.server.impl.MiniRaftCluster$Factory$Get.runWithNewCluster(MiniRaftCluster.java:121)
	at org.apache.ratis.InstallSnapshotFromLeaderTests.testMultiFileInstallSnapshot(InstallSnapshotFromLeaderTests.java:79)
	at java.base/jdk.internal.reflect.NativeMethodAccessorImpl.invoke0(Native Method)
	at java.base/jdk.internal.reflect.NativeMethodAccessorImpl.invoke(NativeMethodAccessorImpl.java:62)
	at java.base/jdk.internal.reflect.DelegatingMethodAccessorImpl.invoke(DelegatingMethodAccessorImpl.java:43)
	at java.base/java.lang.reflect.Method.invoke(Method.java:566)
	at org.junit.runners.model.FrameworkMethod$1.runReflectiveCall(FrameworkMethod.java:59)
	at org.junit.internal.runners.model.ReflectiveCallable.run(ReflectiveCallable.java:12)
	at org.junit.runners.model.FrameworkMethod.invokeExplosively(FrameworkMethod.java:56)
	at org.junit.internal.runners.statements.InvokeMethod.evaluate(InvokeMethod.java:17)
	at org.junit.internal.runners.statements.RunAfters.evaluate(RunAfters.java:27)
	at org.junit.internal.runners.statements.FailOnTimeout$CallableStatement.call(FailOnTimeout.java:299)
	at org.junit.internal.runners.statements.FailOnTimeout$CallableStatement.call(FailOnTimeout.java:293)
	at java.base/java.util.concurrent.FutureTask.run(FutureTask.java:264)
	at java.base/java.lang.Thread.run(Thread.java:829)
2023-03-01 19:15:20,030 [s0@group-B7D5749140D7-FollowerState] INFO  impl.FollowerState (FollowerState.java:run(143)) - s0@group-B7D5749140D7-FollowerState: change to CANDIDATE, lastRpcElapsedTime:200690862ns, electionTimeout:195ms
2023-03-01 19:15:20,030 [s0@group-B7D5749140D7-FollowerState] INFO  impl.RoleInfo (RoleInfo.java:shutdownFollowerState(110)) - s0: shutdown s0@group-B7D5749140D7-FollowerState
2023-03-01 19:15:20,031 [s0@group-B7D5749140D7-FollowerState] INFO  server.RaftServer$Division (RaftServerImpl.java:setRole(329)) - s0@group-B7D5749140D7: changes role from  FOLLOWER to CANDIDATE at term 0 for changeToCandidate
2023-03-01 19:15:20,031 [s0@group-B7D5749140D7-FollowerState] INFO  server.RaftServerConfigKeys (ConfUtils.java:logGet(46)) - raft.server.leaderelection.pre-vote = true (default)
2023-03-01 19:15:20,031 [s0@group-B7D5749140D7-FollowerState] INFO  impl.RoleInfo (RoleInfo.java:updateAndGet(139)) - s0: start s0@group-B7D5749140D7-LeaderElection3
2023-03-01 19:15:20,034 [s0@group-B7D5749140D7-LeaderElection3] INFO  impl.LeaderElection (LeaderElection.java:askForVotes(309)) - s0@group-B7D5749140D7-LeaderElection3 PRE_VOTE round 0: submit vote requests at term 0 for -1: peers:[s0|rpc:localhost:33199|admin:localhost:33153|client:localhost:42989|dataStream:localhost:45895|priority:0|startupRole:FOLLOWER]|listeners:[], old=null
2023-03-01 19:15:20,034 [s0@group-B7D5749140D7-LeaderElection3] INFO  impl.LeaderElection (LeaderElection.java:askForVotes(311)) - s0@group-B7D5749140D7-LeaderElection3 PRE_VOTE round 0: result PASSED (term=0)
2023-03-01 19:15:20,035 [s0@group-B7D5749140D7-LeaderElection3] INFO  impl.LeaderElection (LeaderElection.java:askForVotes(309)) - s0@group-B7D5749140D7-LeaderElection3 ELECTION round 0: submit vote requests at term 1 for -1: peers:[s0|rpc:localhost:33199|admin:localhost:33153|client:localhost:42989|dataStream:localhost:45895|priority:0|startupRole:FOLLOWER]|listeners:[], old=null
2023-03-01 19:15:20,035 [s0@group-B7D5749140D7-LeaderElection3] INFO  impl.LeaderElection (LeaderElection.java:askForVotes(311)) - s0@group-B7D5749140D7-LeaderElection3 ELECTION round 0: result PASSED (term=1)
2023-03-01 19:15:20,035 [s0@group-B7D5749140D7-LeaderElection3] INFO  impl.RoleInfo (RoleInfo.java:shutdownLeaderElection(130)) - s0: shutdown s0@group-B7D5749140D7-LeaderElection3
2023-03-01 19:15:20,035 [s0@group-B7D5749140D7-LeaderElection3] INFO  server.RaftServer$Division (RaftServerImpl.java:setRole(329)) - s0@group-B7D5749140D7: changes role from CANDIDATE to LEADER at term 1 for changeToLeader
2023-03-01 19:15:20,035 [s0@group-B7D5749140D7-LeaderElection3] INFO  server.RaftServer$Division (ServerState.java:setLeader(260)) - s0@group-B7D5749140D7: change Leader from null to s0 at term 1 for becomeLeader, leader elected after 218ms
2023-03-01 19:15:20,036 [s0@group-B7D5749140D7-LeaderElection3] INFO  server.RaftServerConfigKeys (ConfUtils.java:logGet(46)) - raft.server.staging.catchup.gap = 1000 (default)
2023-03-01 19:15:20,036 [s0@group-B7D5749140D7-LeaderElection3] INFO  server.RaftServerConfigKeys (ConfUtils.java:logGet(46)) - raft.server.write.element-limit = 4096 (default)
2023-03-01 19:15:20,036 [s0@group-B7D5749140D7-LeaderElection3] INFO  server.RaftServerConfigKeys (ConfUtils.java:logGet(46)) - raft.server.write.byte-limit = 64MB (=67108864) (default)
2023-03-01 19:15:20,036 [s0@group-B7D5749140D7-LeaderElection3] INFO  server.RaftServerConfigKeys (ConfUtils.java:logGet(46)) - raft.server.watch.timeout = 10s (default)
2023-03-01 19:15:20,036 [s0@group-B7D5749140D7-LeaderElection3] INFO  server.RaftServerConfigKeys (ConfUtils.java:logGet(46)) - raft.server.watch.timeout.denomination = 1s (default)
2023-03-01 19:15:20,036 [s0@group-B7D5749140D7-LeaderElection3] INFO  server.RaftServerConfigKeys (ConfUtils.java:logGet(46)) - raft.server.watch.element-limit = 65536 (default)
2023-03-01 19:15:20,036 [s0@group-B7D5749140D7-LeaderElection3] INFO  server.RaftServerConfigKeys (ConfUtils.java:logGet(46)) - raft.server.write.element-limit = 4096 (default)
2023-03-01 19:15:20,037 [s0@group-B7D5749140D7-LeaderElection3] INFO  server.RaftServerConfigKeys (ConfUtils.java:logGet(46)) - raft.server.write.follower.gap.ratio.max = -1.0 (default)
2023-03-01 19:15:20,037 [s0@group-B7D5749140D7-LeaderElection3] INFO  impl.RoleInfo (RoleInfo.java:updateAndGet(139)) - s0: start s0@group-B7D5749140D7-LeaderStateImpl
2023-03-01 19:15:20,037 [s0@group-B7D5749140D7-LeaderElection3] INFO  segmented.SegmentedRaftLogWorker (SegmentedRaftLogWorker.java:startLogSegment(426)) - s0@group-B7D5749140D7-SegmentedRaftLogWorker: Starting segment from index:0
2023-03-01 19:15:20,041 [s0@group-B7D5749140D7-LeaderElection3] INFO  server.RaftServer$Division (ServerState.java:setRaftConf(378)) - s0@group-B7D5749140D7: set configuration 0: peers:[s0|rpc:localhost:33199|admin:localhost:33153|client:localhost:42989|dataStream:localhost:45895|priority:0|startupRole:FOLLOWER]|listeners:[], old=null
2023-03-01 19:15:20,052 [s0@group-B7D5749140D7-SegmentedRaftLogWorker] INFO  segmented.SegmentedRaftLogWorker (SegmentedRaftLogWorker.java:execute(630)) - s0@group-B7D5749140D7-SegmentedRaftLogWorker: created new log segment /home/runner/work/ratis/ratis/ratis-test/target/test/data/bfdeacae/MiniRaftClusterWithGrpcd4a997cd/s0/785ae1c5-4b3e-45a3-89f2-b7d5749140d7/current/log_inprogress_0
2023-03-01 19:15:20,297 [Time-limited test] INFO  ratis.RaftTestUtil (RaftTestUtil.java:waitForLeader(119)) - printing ALL groups
  s0:  RUNNING    LEADER s0@group-B7D5749140D7:t1, leader=s0, voted=s0, raftlog=Memoized:s0@group-B7D5749140D7-SegmentedRaftLog:OPENED:c0, conf=0: peers:[s0|rpc:localhost:33199|admin:localhost:33153|client:localhost:42989|dataStream:localhost:45895|priority:0|startupRole:FOLLOWER]|listeners:[], old=null RUNNING
2023-03-01 19:15:20,307 [s0@group-B7D5749140D7-StateMachineUpdater] INFO  impl.SimpleStateMachine4Testing (SimpleStateMachine4Testing.java:put(205)) - s0: put 1, m0 -> (t:1, i:1), STATEMACHINELOGENTRY, 258@client-7CA809478611
2023-03-01 19:15:20,314 [s0@group-B7D5749140D7-StateMachineUpdater] INFO  impl.SimpleStateMachine4Testing (SimpleStateMachine4Testing.java:put(205)) - s0: put 3, m1 -> (t:1, i:3), STATEMACHINELOGENTRY, 259@client-7CA809478611
2023-03-01 19:15:20,317 [s0@group-B7D5749140D7-StateMachineUpdater] INFO  impl.SimpleStateMachine4Testing (SimpleStateMachine4Testing.java:put(205)) - s0: put 5, m2 -> (t:1, i:5), STATEMACHINELOGENTRY, 260@client-7CA809478611
2023-03-01 19:15:20,320 [s0@group-B7D5749140D7-StateMachineUpdater] INFO  impl.SimpleStateMachine4Testing (SimpleStateMachine4Testing.java:put(205)) - s0: put 7, m3 -> (t:1, i:7), STATEMACHINELOGENTRY, 261@client-7CA809478611
2023-03-01 19:15:20,322 [s0@group-B7D5749140D7-StateMachineUpdater] INFO  impl.SimpleStateMachine4Testing (SimpleStateMachine4Testing.java:put(205)) - s0: put 9, m4 -> (t:1, i:9), STATEMACHINELOGENTRY, 262@client-7CA809478611
2023-03-01 19:15:20,325 [s0@group-B7D5749140D7-StateMachineUpdater] INFO  impl.SimpleStateMachine4Testing (SimpleStateMachine4Testing.java:put(205)) - s0: put 11, m5 -> (t:1, i:11), STATEMACHINELOGENTRY, 263@client-7CA809478611
2023-03-01 19:15:20,327 [s0@group-B7D5749140D7-StateMachineUpdater] INFO  impl.SimpleStateMachine4Testing (SimpleStateMachine4Testing.java:put(205)) - s0: put 13, m6 -> (t:1, i:13), STATEMACHINELOGENTRY, 264@client-7CA809478611
2023-03-01 19:15:20,330 [s0@group-B7D5749140D7-StateMachineUpdater] INFO  impl.SimpleStateMachine4Testing (SimpleStateMachine4Testing.java:put(205)) - s0: put 15, m7 -> (t:1, i:15), STATEMACHINELOGENTRY, 265@client-7CA809478611
2023-03-01 19:15:20,332 [s0@group-B7D5749140D7-StateMachineUpdater] INFO  impl.SimpleStateMachine4Testing (SimpleStateMachine4Testing.java:put(205)) - s0: put 17, m8 -> (t:1, i:17), STATEMACHINELOGENTRY, 266@client-7CA809478611
2023-03-01 19:15:20,341 [s0@group-B7D5749140D7-StateMachineUpdater] INFO  impl.SimpleStateMachine4Testing (SimpleStateMachine4Testing.java:put(205)) - s0: put 19, m9 -> (t:1, i:19), STATEMACHINELOGENTRY, 267@client-7CA809478611
2023-03-01 19:15:20,344 [s0@group-B7D5749140D7-StateMachineUpdater] INFO  impl.SimpleStateMachine4Testing (SimpleStateMachine4Testing.java:put(205)) - s0: put 21, m10 -> (t:1, i:21), STATEMACHINELOGENTRY, 268@client-7CA809478611
2023-03-01 19:15:20,346 [s0@group-B7D5749140D7-StateMachineUpdater] INFO  impl.SimpleStateMachine4Testing (SimpleStateMachine4Testing.java:put(205)) - s0: put 23, m11 -> (t:1, i:23), STATEMACHINELOGENTRY, 269@client-7CA809478611
2023-03-01 19:15:20,349 [s0@group-B7D5749140D7-StateMachineUpdater] INFO  impl.SimpleStateMachine4Testing (SimpleStateMachine4Testing.java:put(205)) - s0: put 25, m12 -> (t:1, i:25), STATEMACHINELOGENTRY, 270@client-7CA809478611
2023-03-01 19:15:20,351 [s0@group-B7D5749140D7-StateMachineUpdater] INFO  impl.SimpleStateMachine4Testing (SimpleStateMachine4Testing.java:put(205)) - s0: put 27, m13 -> (t:1, i:27), STATEMACHINELOGENTRY, 271@client-7CA809478611
2023-03-01 19:15:20,354 [s0@group-B7D5749140D7-StateMachineUpdater] INFO  impl.SimpleStateMachine4Testing (SimpleStateMachine4Testing.java:put(205)) - s0: put 29, m14 -> (t:1, i:29), STATEMACHINELOGENTRY, 272@client-7CA809478611
2023-03-01 19:15:20,356 [s0@group-B7D5749140D7-StateMachineUpdater] INFO  impl.SimpleStateMachine4Testing (SimpleStateMachine4Testing.java:put(205)) - s0: put 31, m15 -> (t:1, i:31), STATEMACHINELOGENTRY, 273@client-7CA809478611
2023-03-01 19:15:20,358 [s0@group-B7D5749140D7-StateMachineUpdater] INFO  impl.SimpleStateMachine4Testing (SimpleStateMachine4Testing.java:put(205)) - s0: put 33, m16 -> (t:1, i:33), STATEMACHINELOGENTRY, 274@client-7CA809478611
2023-03-01 19:15:20,361 [s0@group-B7D5749140D7-StateMachineUpdater] INFO  impl.SimpleStateMachine4Testing (SimpleStateMachine4Testing.java:put(205)) - s0: put 35, m17 -> (t:1, i:35), STATEMACHINELOGENTRY, 275@client-7CA809478611
2023-03-01 19:15:20,363 [s0@group-B7D5749140D7-StateMachineUpdater] INFO  impl.SimpleStateMachine4Testing (SimpleStateMachine4Testing.java:put(205)) - s0: put 37, m18 -> (t:1, i:37), STATEMACHINELOGENTRY, 276@client-7CA809478611
2023-03-01 19:15:20,366 [s0@group-B7D5749140D7-StateMachineUpdater] INFO  impl.SimpleStateMachine4Testing (SimpleStateMachine4Testing.java:put(205)) - s0: put 39, m19 -> (t:1, i:39), STATEMACHINELOGENTRY, 277@client-7CA809478611
2023-03-01 19:15:20,368 [s0@group-B7D5749140D7-StateMachineUpdater] INFO  impl.SimpleStateMachine4Testing (SimpleStateMachine4Testing.java:put(205)) - s0: put 41, m20 -> (t:1, i:41), STATEMACHINELOGENTRY, 278@client-7CA809478611
2023-03-01 19:15:20,370 [s0@group-B7D5749140D7-StateMachineUpdater] INFO  impl.SimpleStateMachine4Testing (SimpleStateMachine4Testing.java:put(205)) - s0: put 43, m21 -> (t:1, i:43), STATEMACHINELOGENTRY, 279@client-7CA809478611
2023-03-01 19:15:20,373 [s0@group-B7D5749140D7-StateMachineUpdater] INFO  impl.SimpleStateMachine4Testing (SimpleStateMachine4Testing.java:put(205)) - s0: put 45, m22 -> (t:1, i:45), STATEMACHINELOGENTRY, 280@client-7CA809478611
2023-03-01 19:15:20,375 [s0@group-B7D5749140D7-StateMachineUpdater] INFO  impl.SimpleStateMachine4Testing (SimpleStateMachine4Testing.java:put(205)) - s0: put 47, m23 -> (t:1, i:47), STATEMACHINELOGENTRY, 281@client-7CA809478611
2023-03-01 19:15:20,377 [s0@group-B7D5749140D7-StateMachineUpdater] INFO  impl.SimpleStateMachine4Testing (SimpleStateMachine4Testing.java:put(205)) - s0: put 49, m24 -> (t:1, i:49), STATEMACHINELOGENTRY, 282@client-7CA809478611
2023-03-01 19:15:20,379 [s0@group-B7D5749140D7-StateMachineUpdater] INFO  impl.SimpleStateMachine4Testing (SimpleStateMachine4Testing.java:put(205)) - s0: put 51, m25 -> (t:1, i:51), STATEMACHINELOGENTRY, 283@client-7CA809478611
2023-03-01 19:15:20,381 [s0@group-B7D5749140D7-StateMachineUpdater] INFO  impl.SimpleStateMachine4Testing (SimpleStateMachine4Testing.java:put(205)) - s0: put 53, m26 -> (t:1, i:53), STATEMACHINELOGENTRY, 284@client-7CA809478611
2023-03-01 19:15:20,383 [s0@group-B7D5749140D7-StateMachineUpdater] INFO  impl.SimpleStateMachine4Testing (SimpleStateMachine4Testing.java:put(205)) - s0: put 55, m27 -> (t:1, i:55), STATEMACHINELOGENTRY, 285@client-7CA809478611
2023-03-01 19:15:20,386 [s0@group-B7D5749140D7-StateMachineUpdater] INFO  impl.SimpleStateMachine4Testing (SimpleStateMachine4Testing.java:put(205)) - s0: put 57, m28 -> (t:1, i:57), STATEMACHINELOGENTRY, 286@client-7CA809478611
2023-03-01 19:15:20,388 [s0@group-B7D5749140D7-StateMachineUpdater] INFO  impl.SimpleStateMachine4Testing (SimpleStateMachine4Testing.java:put(205)) - s0: put 59, m29 -> (t:1, i:59), STATEMACHINELOGENTRY, 287@client-7CA809478611
2023-03-01 19:15:20,390 [s0@group-B7D5749140D7-StateMachineUpdater] INFO  impl.SimpleStateMachine4Testing (SimpleStateMachine4Testing.java:put(205)) - s0: put 61, m30 -> (t:1, i:61), STATEMACHINELOGENTRY, 288@client-7CA809478611
2023-03-01 19:15:20,393 [s0@group-B7D5749140D7-StateMachineUpdater] INFO  impl.SimpleStateMachine4Testing (SimpleStateMachine4Testing.java:put(205)) - s0: put 63, m31 -> (t:1, i:63), STATEMACHINELOGENTRY, 289@client-7CA809478611
2023-03-01 19:15:20,393 [s0@group-B7D5749140D7-StateMachineUpdater] TRACE util.FileUtils (LogUtils.java:runAndLog(49)) - Successfully ran Files.createDirectories /home/runner/work/ratis/ratis/ratis-test/target/test/data/bfdeacae/MiniRaftClusterWithGrpcd4a997cd/s0/785ae1c5-4b3e-45a3-89f2-b7d5749140d7/sm/snapshot
2023-03-01 19:15:20,393 [s0@group-B7D5749140D7-StateMachineUpdater] TRACE util.FileUtils (LogUtils.java:runAndLog(49)) - Successfully ran Files.createDirectories /home/runner/work/ratis/ratis/ratis-test/target/test/data/bfdeacae/MiniRaftClusterWithGrpcd4a997cd/s0/785ae1c5-4b3e-45a3-89f2-b7d5749140d7/sm/snapshot
2023-03-01 19:15:20,393 [s0@group-B7D5749140D7-StateMachineUpdater] TRACE util.FileUtils (LogUtils.java:runAndLog(49)) - Successfully ran Files.createDirectories /home/runner/work/ratis/ratis/ratis-test/target/test/data/bfdeacae/MiniRaftClusterWithGrpcd4a997cd/s0/785ae1c5-4b3e-45a3-89f2-b7d5749140d7/sm/snapshot/sub
2023-03-01 19:15:20,394 [s0@group-B7D5749140D7-StateMachineUpdater] TRACE util.FileUtils (LogUtils.java:supplyAndLog(70)) - Successfully supplied Files.newOutputStream CREATE_NEW /home/runner/work/ratis/ratis/ratis-test/target/test/data/bfdeacae/MiniRaftClusterWithGrpcd4a997cd/s0/785ae1c5-4b3e-45a3-89f2-b7d5749140d7/sm/snapshot/1.bin: java.nio.channels.Channels$1@6e326b89
2023-03-01 19:15:20,394 [s0@group-B7D5749140D7-StateMachineUpdater] TRACE util.FileUtils (LogUtils.java:supplyAndLog(70)) - Successfully supplied Files.newOutputStream CREATE_NEW /home/runner/work/ratis/ratis/ratis-test/target/test/data/bfdeacae/MiniRaftClusterWithGrpcd4a997cd/s0/785ae1c5-4b3e-45a3-89f2-b7d5749140d7/sm/snapshot/sub/2.bin: java.nio.channels.Channels$1@6a0df297
2023-03-01 19:15:20,408 [s0@group-B7D5749140D7-StateMachineUpdater] INFO  impl.StateMachineUpdater (StateMachineUpdater.java:takeSnapshot(290)) - s0@group-B7D5749140D7-StateMachineUpdater: Took a snapshot at index 63
2023-03-01 19:15:20,408 [s0@group-B7D5749140D7-StateMachineUpdater] INFO  impl.StateMachineUpdater (StateMachineUpdater.java:lambda$new$0(96)) - s0@group-B7D5749140D7-StateMachineUpdater: snapshotIndex: updateIncreasingly -1 -> 63
2023-03-01 19:15:20,408 [s0@group-B7D5749140D7-StateMachineUpdater] INFO  raftlog.RaftLog (RaftLogBase.java:purge(314)) - s0@group-B7D5749140D7-SegmentedRaftLog: purge 63
2023-03-01 19:15:20,408 [s0@group-B7D5749140D7-StateMachineUpdater] INFO  raftlog.RaftLog (RaftLogBase.java:lambda$new$0(53)) - s0@group-B7D5749140D7-SegmentedRaftLog: snapshotIndex: updateIncreasingly -1 -> 63
2023-03-01 19:15:20,408 [s0@group-B7D5749140D7-StateMachineUpdater] INFO  raftlog.RaftLog (RaftLogBase.java:lambda$new$0(53)) - s0@group-B7D5749140D7-SegmentedRaftLog: purgeIndex: updateToMax old=-1, new=63, updated? true
2023-03-01 19:15:20,409 [s0@group-B7D5749140D7-StateMachineUpdater] INFO  impl.SimpleStateMachine4Testing (SimpleStateMachine4Testing.java:put(205)) - s0: put 65, m32 -> (t:1, i:65), STATEMACHINELOGENTRY, 290@client-7CA809478611
2023-03-01 19:15:20,412 [s0@group-B7D5749140D7-StateMachineUpdater] INFO  impl.SimpleStateMachine4Testing (SimpleStateMachine4Testing.java:put(205)) - s0: put 67, m33 -> (t:1, i:67), STATEMACHINELOGENTRY, 291@client-7CA809478611
2023-03-01 19:15:20,415 [s0@group-B7D5749140D7-StateMachineUpdater] INFO  impl.SimpleStateMachine4Testing (SimpleStateMachine4Testing.java:put(205)) - s0: put 69, m34 -> (t:1, i:69), STATEMACHINELOGENTRY, 292@client-7CA809478611
2023-03-01 19:15:20,417 [s0@group-B7D5749140D7-StateMachineUpdater] INFO  impl.SimpleStateMachine4Testing (SimpleStateMachine4Testing.java:put(205)) - s0: put 71, m35 -> (t:1, i:71), STATEMACHINELOGENTRY, 293@client-7CA809478611
2023-03-01 19:15:20,420 [s0@group-B7D5749140D7-StateMachineUpdater] INFO  impl.SimpleStateMachine4Testing (SimpleStateMachine4Testing.java:put(205)) - s0: put 73, m36 -> (t:1, i:73), STATEMACHINELOGENTRY, 294@client-7CA809478611
2023-03-01 19:15:20,422 [s0@group-B7D5749140D7-StateMachineUpdater] INFO  impl.SimpleStateMachine4Testing (SimpleStateMachine4Testing.java:put(205)) - s0: put 75, m37 -> (t:1, i:75), STATEMACHINELOGENTRY, 295@client-7CA809478611
2023-03-01 19:15:20,424 [s0@group-B7D5749140D7-StateMachineUpdater] INFO  impl.SimpleStateMachine4Testing (SimpleStateMachine4Testing.java:put(205)) - s0: put 77, m38 -> (t:1, i:77), STATEMACHINELOGENTRY, 296@client-7CA809478611
2023-03-01 19:15:20,427 [s0@group-B7D5749140D7-StateMachineUpdater] INFO  impl.SimpleStateMachine4Testing (SimpleStateMachine4Testing.java:put(205)) - s0: put 79, m39 -> (t:1, i:79), STATEMACHINELOGENTRY, 297@client-7CA809478611
2023-03-01 19:15:20,430 [s0@group-B7D5749140D7-StateMachineUpdater] INFO  impl.SimpleStateMachine4Testing (SimpleStateMachine4Testing.java:put(205)) - s0: put 81, m40 -> (t:1, i:81), STATEMACHINELOGENTRY, 298@client-7CA809478611
2023-03-01 19:15:20,432 [s0@group-B7D5749140D7-StateMachineUpdater] INFO  impl.SimpleStateMachine4Testing (SimpleStateMachine4Testing.java:put(205)) - s0: put 83, m41 -> (t:1, i:83), STATEMACHINELOGENTRY, 299@client-7CA809478611
2023-03-01 19:15:20,434 [s0@group-B7D5749140D7-StateMachineUpdater] INFO  impl.SimpleStateMachine4Testing (SimpleStateMachine4Testing.java:put(205)) - s0: put 85, m42 -> (t:1, i:85), STATEMACHINELOGENTRY, 300@client-7CA809478611
2023-03-01 19:15:20,436 [s0@group-B7D5749140D7-StateMachineUpdater] INFO  impl.SimpleStateMachine4Testing (SimpleStateMachine4Testing.java:put(205)) - s0: put 87, m43 -> (t:1, i:87), STATEMACHINELOGENTRY, 301@client-7CA809478611
2023-03-01 19:15:20,439 [s0@group-B7D5749140D7-StateMachineUpdater] INFO  impl.SimpleStateMachine4Testing (SimpleStateMachine4Testing.java:put(205)) - s0: put 89, m44 -> (t:1, i:89), STATEMACHINELOGENTRY, 302@client-7CA809478611
2023-03-01 19:15:20,441 [s0@group-B7D5749140D7-StateMachineUpdater] INFO  impl.SimpleStateMachine4Testing (SimpleStateMachine4Testing.java:put(205)) - s0: put 91, m45 -> (t:1, i:91), STATEMACHINELOGENTRY, 303@client-7CA809478611
2023-03-01 19:15:20,443 [s0@group-B7D5749140D7-StateMachineUpdater] INFO  impl.SimpleStateMachine4Testing (SimpleStateMachine4Testing.java:put(205)) - s0: put 93, m46 -> (t:1, i:93), STATEMACHINELOGENTRY, 304@client-7CA809478611
2023-03-01 19:15:20,446 [s0@group-B7D5749140D7-StateMachineUpdater] INFO  impl.SimpleStateMachine4Testing (SimpleStateMachine4Testing.java:put(205)) - s0: put 95, m47 -> (t:1, i:95), STATEMACHINELOGENTRY, 305@client-7CA809478611
2023-03-01 19:15:20,448 [s0@group-B7D5749140D7-StateMachineUpdater] INFO  impl.SimpleStateMachine4Testing (SimpleStateMachine4Testing.java:put(205)) - s0: put 97, m48 -> (t:1, i:97), STATEMACHINELOGENTRY, 306@client-7CA809478611
2023-03-01 19:15:20,451 [s0@group-B7D5749140D7-StateMachineUpdater] INFO  impl.SimpleStateMachine4Testing (SimpleStateMachine4Testing.java:put(205)) - s0: put 99, m49 -> (t:1, i:99), STATEMACHINELOGENTRY, 307@client-7CA809478611
2023-03-01 19:15:20,453 [s0@group-B7D5749140D7-StateMachineUpdater] INFO  impl.SimpleStateMachine4Testing (SimpleStateMachine4Testing.java:put(205)) - s0: put 101, m50 -> (t:1, i:101), STATEMACHINELOGENTRY, 308@client-7CA809478611
2023-03-01 19:15:20,455 [s0@group-B7D5749140D7-StateMachineUpdater] INFO  impl.SimpleStateMachine4Testing (SimpleStateMachine4Testing.java:put(205)) - s0: put 103, m51 -> (t:1, i:103), STATEMACHINELOGENTRY, 309@client-7CA809478611
2023-03-01 19:15:20,458 [s0@group-B7D5749140D7-StateMachineUpdater] INFO  impl.SimpleStateMachine4Testing (SimpleStateMachine4Testing.java:put(205)) - s0: put 105, m52 -> (t:1, i:105), STATEMACHINELOGENTRY, 310@client-7CA809478611
2023-03-01 19:15:20,460 [s0@group-B7D5749140D7-StateMachineUpdater] INFO  impl.SimpleStateMachine4Testing (SimpleStateMachine4Testing.java:put(205)) - s0: put 107, m53 -> (t:1, i:107), STATEMACHINELOGENTRY, 311@client-7CA809478611
2023-03-01 19:15:20,462 [s0@group-B7D5749140D7-StateMachineUpdater] INFO  impl.SimpleStateMachine4Testing (SimpleStateMachine4Testing.java:put(205)) - s0: put 109, m54 -> (t:1, i:109), STATEMACHINELOGENTRY, 312@client-7CA809478611
2023-03-01 19:15:20,465 [s0@group-B7D5749140D7-StateMachineUpdater] INFO  impl.SimpleStateMachine4Testing (SimpleStateMachine4Testing.java:put(205)) - s0: put 111, m55 -> (t:1, i:111), STATEMACHINELOGENTRY, 313@client-7CA809478611
2023-03-01 19:15:20,467 [s0@group-B7D5749140D7-StateMachineUpdater] INFO  impl.SimpleStateMachine4Testing (SimpleStateMachine4Testing.java:put(205)) - s0: put 113, m56 -> (t:1, i:113), STATEMACHINELOGENTRY, 314@client-7CA809478611
2023-03-01 19:15:20,470 [s0@group-B7D5749140D7-StateMachineUpdater] INFO  impl.SimpleStateMachine4Testing (SimpleStateMachine4Testing.java:put(205)) - s0: put 115, m57 -> (t:1, i:115), STATEMACHINELOGENTRY, 315@client-7CA809478611
2023-03-01 19:15:20,472 [s0@group-B7D5749140D7-StateMachineUpdater] INFO  impl.SimpleStateMachine4Testing (SimpleStateMachine4Testing.java:put(205)) - s0: put 117, m58 -> (t:1, i:117), STATEMACHINELOGENTRY, 316@client-7CA809478611
2023-03-01 19:15:20,474 [s0@group-B7D5749140D7-StateMachineUpdater] INFO  impl.SimpleStateMachine4Testing (SimpleStateMachine4Testing.java:put(205)) - s0: put 119, m59 -> (t:1, i:119), STATEMACHINELOGENTRY, 317@client-7CA809478611
2023-03-01 19:15:20,477 [s0@group-B7D5749140D7-StateMachineUpdater] INFO  impl.SimpleStateMachine4Testing (SimpleStateMachine4Testing.java:put(205)) - s0: put 121, m60 -> (t:1, i:121), STATEMACHINELOGENTRY, 318@client-7CA809478611
2023-03-01 19:15:20,479 [s0@group-B7D5749140D7-StateMachineUpdater] INFO  impl.SimpleStateMachine4Testing (SimpleStateMachine4Testing.java:put(205)) - s0: put 123, m61 -> (t:1, i:123), STATEMACHINELOGENTRY, 319@client-7CA809478611
2023-03-01 19:15:20,482 [s0@group-B7D5749140D7-StateMachineUpdater] INFO  impl.SimpleStateMachine4Testing (SimpleStateMachine4Testing.java:put(205)) - s0: put 125, m62 -> (t:1, i:125), STATEMACHINELOGENTRY, 320@client-7CA809478611
2023-03-01 19:15:20,484 [s0@group-B7D5749140D7-StateMachineUpdater] INFO  impl.SimpleStateMachine4Testing (SimpleStateMachine4Testing.java:put(205)) - s0: put 127, m63 -> (t:1, i:127), STATEMACHINELOGENTRY, 321@client-7CA809478611
2023-03-01 19:15:20,497 [s0@group-B7D5749140D7-StateMachineUpdater] INFO  impl.StateMachineUpdater (StateMachineUpdater.java:takeSnapshot(290)) - s0@group-B7D5749140D7-StateMachineUpdater: Took a snapshot at index 127
2023-03-01 19:15:20,497 [s0@group-B7D5749140D7-StateMachineUpdater] INFO  impl.StateMachineUpdater (StateMachineUpdater.java:lambda$new$0(96)) - s0@group-B7D5749140D7-StateMachineUpdater: snapshotIndex: updateIncreasingly 63 -> 127
2023-03-01 19:15:20,498 [s0@group-B7D5749140D7-StateMachineUpdater] INFO  raftlog.RaftLog (RaftLogBase.java:purge(314)) - s0@group-B7D5749140D7-SegmentedRaftLog: purge 127
2023-03-01 19:15:20,498 [s0@group-B7D5749140D7-StateMachineUpdater] INFO  raftlog.RaftLog (RaftLogBase.java:lambda$new$0(53)) - s0@group-B7D5749140D7-SegmentedRaftLog: snapshotIndex: updateIncreasingly 63 -> 127
2023-03-01 19:15:20,498 [s0@group-B7D5749140D7-StateMachineUpdater] INFO  raftlog.RaftLog (RaftLogBase.java:lambda$new$0(53)) - s0@group-B7D5749140D7-SegmentedRaftLog: purgeIndex: updateToMax old=63, new=127, updated? true
2023-03-01 19:15:20,498 [s0@group-B7D5749140D7-StateMachineUpdater] INFO  impl.SimpleStateMachine4Testing (SimpleStateMachine4Testing.java:put(205)) - s0: put 129, m64 -> (t:1, i:129), STATEMACHINELOGENTRY, 322@client-7CA809478611
2023-03-01 19:15:20,503 [s0@group-B7D5749140D7-StateMachineUpdater] INFO  impl.SimpleStateMachine4Testing (SimpleStateMachine4Testing.java:put(205)) - s0: put 131, m65 -> (t:1, i:131), STATEMACHINELOGENTRY, 323@client-7CA809478611
2023-03-01 19:15:20,505 [s0@group-B7D5749140D7-StateMachineUpdater] INFO  impl.SimpleStateMachine4Testing (SimpleStateMachine4Testing.java:put(205)) - s0: put 133, m66 -> (t:1, i:133), STATEMACHINELOGENTRY, 324@client-7CA809478611
2023-03-01 19:15:20,508 [s0@group-B7D5749140D7-StateMachineUpdater] INFO  impl.SimpleStateMachine4Testing (SimpleStateMachine4Testing.java:put(205)) - s0: put 135, m67 -> (t:1, i:135), STATEMACHINELOGENTRY, 325@client-7CA809478611
2023-03-01 19:15:20,510 [s0@group-B7D5749140D7-StateMachineUpdater] INFO  impl.SimpleStateMachine4Testing (SimpleStateMachine4Testing.java:put(205)) - s0: put 137, m68 -> (t:1, i:137), STATEMACHINELOGENTRY, 326@client-7CA809478611
2023-03-01 19:15:20,512 [s0@group-B7D5749140D7-StateMachineUpdater] INFO  impl.SimpleStateMachine4Testing (SimpleStateMachine4Testing.java:put(205)) - s0: put 139, m69 -> (t:1, i:139), STATEMACHINELOGENTRY, 327@client-7CA809478611
2023-03-01 19:15:20,515 [s0@group-B7D5749140D7-StateMachineUpdater] INFO  impl.SimpleStateMachine4Testing (SimpleStateMachine4Testing.java:put(205)) - s0: put 141, m70 -> (t:1, i:141), STATEMACHINELOGENTRY, 328@client-7CA809478611
2023-03-01 19:15:20,517 [s0@group-B7D5749140D7-StateMachineUpdater] INFO  impl.SimpleStateMachine4Testing (SimpleStateMachine4Testing.java:put(205)) - s0: put 143, m71 -> (t:1, i:143), STATEMACHINELOGENTRY, 329@client-7CA809478611
2023-03-01 19:15:20,519 [s0@group-B7D5749140D7-StateMachineUpdater] INFO  impl.SimpleStateMachine4Testing (SimpleStateMachine4Testing.java:put(205)) - s0: put 145, m72 -> (t:1, i:145), STATEMACHINELOGENTRY, 330@client-7CA809478611
2023-03-01 19:15:20,521 [s0@group-B7D5749140D7-StateMachineUpdater] INFO  impl.SimpleStateMachine4Testing (SimpleStateMachine4Testing.java:put(205)) - s0: put 147, m73 -> (t:1, i:147), STATEMACHINELOGENTRY, 331@client-7CA809478611
2023-03-01 19:15:20,523 [s0@group-B7D5749140D7-StateMachineUpdater] INFO  impl.SimpleStateMachine4Testing (SimpleStateMachine4Testing.java:put(205)) - s0: put 149, m74 -> (t:1, i:149), STATEMACHINELOGENTRY, 332@client-7CA809478611
2023-03-01 19:15:20,526 [s0@group-B7D5749140D7-StateMachineUpdater] INFO  impl.SimpleStateMachine4Testing (SimpleStateMachine4Testing.java:put(205)) - s0: put 151, m75 -> (t:1, i:151), STATEMACHINELOGENTRY, 333@client-7CA809478611
2023-03-01 19:15:20,528 [s0@group-B7D5749140D7-StateMachineUpdater] INFO  impl.SimpleStateMachine4Testing (SimpleStateMachine4Testing.java:put(205)) - s0: put 153, m76 -> (t:1, i:153), STATEMACHINELOGENTRY, 334@client-7CA809478611
2023-03-01 19:15:20,531 [s0@group-B7D5749140D7-StateMachineUpdater] INFO  impl.SimpleStateMachine4Testing (SimpleStateMachine4Testing.java:put(205)) - s0: put 155, m77 -> (t:1, i:155), STATEMACHINELOGENTRY, 335@client-7CA809478611
2023-03-01 19:15:20,533 [s0@group-B7D5749140D7-StateMachineUpdater] INFO  impl.SimpleStateMachine4Testing (SimpleStateMachine4Testing.java:put(205)) - s0: put 157, m78 -> (t:1, i:157), STATEMACHINELOGENTRY, 336@client-7CA809478611
2023-03-01 19:15:20,535 [s0@group-B7D5749140D7-StateMachineUpdater] INFO  impl.SimpleStateMachine4Testing (SimpleStateMachine4Testing.java:put(205)) - s0: put 159, m79 -> (t:1, i:159), STATEMACHINELOGENTRY, 337@client-7CA809478611
2023-03-01 19:15:20,538 [s0@group-B7D5749140D7-StateMachineUpdater] INFO  impl.SimpleStateMachine4Testing (SimpleStateMachine4Testing.java:put(205)) - s0: put 161, m80 -> (t:1, i:161), STATEMACHINELOGENTRY, 338@client-7CA809478611
2023-03-01 19:15:20,540 [s0@group-B7D5749140D7-StateMachineUpdater] INFO  impl.SimpleStateMachine4Testing (SimpleStateMachine4Testing.java:put(205)) - s0: put 163, m81 -> (t:1, i:163), STATEMACHINELOGENTRY, 339@client-7CA809478611
2023-03-01 19:15:20,542 [s0@group-B7D5749140D7-StateMachineUpdater] INFO  impl.SimpleStateMachine4Testing (SimpleStateMachine4Testing.java:put(205)) - s0: put 165, m82 -> (t:1, i:165), STATEMACHINELOGENTRY, 340@client-7CA809478611
2023-03-01 19:15:20,545 [s0@group-B7D5749140D7-StateMachineUpdater] INFO  impl.SimpleStateMachine4Testing (SimpleStateMachine4Testing.java:put(205)) - s0: put 167, m83 -> (t:1, i:167), STATEMACHINELOGENTRY, 341@client-7CA809478611
2023-03-01 19:15:20,547 [s0@group-B7D5749140D7-StateMachineUpdater] INFO  impl.SimpleStateMachine4Testing (SimpleStateMachine4Testing.java:put(205)) - s0: put 169, m84 -> (t:1, i:169), STATEMACHINELOGENTRY, 342@client-7CA809478611
2023-03-01 19:15:20,549 [s0@group-B7D5749140D7-StateMachineUpdater] INFO  impl.SimpleStateMachine4Testing (SimpleStateMachine4Testing.java:put(205)) - s0: put 171, m85 -> (t:1, i:171), STATEMACHINELOGENTRY, 343@client-7CA809478611
2023-03-01 19:15:20,551 [s0@group-B7D5749140D7-StateMachineUpdater] INFO  impl.SimpleStateMachine4Testing (SimpleStateMachine4Testing.java:put(205)) - s0: put 173, m86 -> (t:1, i:173), STATEMACHINELOGENTRY, 344@client-7CA809478611
2023-03-01 19:15:20,553 [s0@group-B7D5749140D7-StateMachineUpdater] INFO  impl.SimpleStateMachine4Testing (SimpleStateMachine4Testing.java:put(205)) - s0: put 175, m87 -> (t:1, i:175), STATEMACHINELOGENTRY, 345@client-7CA809478611
2023-03-01 19:15:20,556 [s0@group-B7D5749140D7-StateMachineUpdater] INFO  impl.SimpleStateMachine4Testing (SimpleStateMachine4Testing.java:put(205)) - s0: put 177, m88 -> (t:1, i:177), STATEMACHINELOGENTRY, 346@client-7CA809478611
2023-03-01 19:15:20,558 [s0@group-B7D5749140D7-StateMachineUpdater] INFO  impl.SimpleStateMachine4Testing (SimpleStateMachine4Testing.java:put(205)) - s0: put 179, m89 -> (t:1, i:179), STATEMACHINELOGENTRY, 347@client-7CA809478611
2023-03-01 19:15:20,560 [s0@group-B7D5749140D7-StateMachineUpdater] INFO  impl.SimpleStateMachine4Testing (SimpleStateMachine4Testing.java:put(205)) - s0: put 181, m90 -> (t:1, i:181), STATEMACHINELOGENTRY, 348@client-7CA809478611
2023-03-01 19:15:20,562 [s0@group-B7D5749140D7-StateMachineUpdater] INFO  impl.SimpleStateMachine4Testing (SimpleStateMachine4Testing.java:put(205)) - s0: put 183, m91 -> (t:1, i:183), STATEMACHINELOGENTRY, 349@client-7CA809478611
2023-03-01 19:15:20,564 [s0@group-B7D5749140D7-StateMachineUpdater] INFO  impl.SimpleStateMachine4Testing (SimpleStateMachine4Testing.java:put(205)) - s0: put 185, m92 -> (t:1, i:185), STATEMACHINELOGENTRY, 350@client-7CA809478611
2023-03-01 19:15:20,566 [s0@group-B7D5749140D7-StateMachineUpdater] INFO  impl.SimpleStateMachine4Testing (SimpleStateMachine4Testing.java:put(205)) - s0: put 187, m93 -> (t:1, i:187), STATEMACHINELOGENTRY, 351@client-7CA809478611
2023-03-01 19:15:20,569 [s0@group-B7D5749140D7-StateMachineUpdater] INFO  impl.SimpleStateMachine4Testing (SimpleStateMachine4Testing.java:put(205)) - s0: put 189, m94 -> (t:1, i:189), STATEMACHINELOGENTRY, 352@client-7CA809478611
2023-03-01 19:15:20,571 [s0@group-B7D5749140D7-StateMachineUpdater] INFO  impl.SimpleStateMachine4Testing (SimpleStateMachine4Testing.java:put(205)) - s0: put 191, m95 -> (t:1, i:191), STATEMACHINELOGENTRY, 353@client-7CA809478611
2023-03-01 19:15:20,585 [s0@group-B7D5749140D7-StateMachineUpdater] INFO  impl.StateMachineUpdater (StateMachineUpdater.java:takeSnapshot(290)) - s0@group-B7D5749140D7-StateMachineUpdater: Took a snapshot at index 191
2023-03-01 19:15:20,585 [s0@group-B7D5749140D7-StateMachineUpdater] INFO  impl.StateMachineUpdater (StateMachineUpdater.java:lambda$new$0(96)) - s0@group-B7D5749140D7-StateMachineUpdater: snapshotIndex: updateIncreasingly 127 -> 191
2023-03-01 19:15:20,585 [s0@group-B7D5749140D7-StateMachineUpdater] INFO  raftlog.RaftLog (RaftLogBase.java:purge(314)) - s0@group-B7D5749140D7-SegmentedRaftLog: purge 191
2023-03-01 19:15:20,585 [s0@group-B7D5749140D7-StateMachineUpdater] INFO  raftlog.RaftLog (RaftLogBase.java:lambda$new$0(53)) - s0@group-B7D5749140D7-SegmentedRaftLog: snapshotIndex: updateIncreasingly 127 -> 191
2023-03-01 19:15:20,585 [s0@group-B7D5749140D7-StateMachineUpdater] INFO  raftlog.RaftLog (RaftLogBase.java:lambda$new$0(53)) - s0@group-B7D5749140D7-SegmentedRaftLog: purgeIndex: updateToMax old=127, new=191, updated? true
2023-03-01 19:15:20,586 [s0@group-B7D5749140D7-StateMachineUpdater] INFO  impl.SimpleStateMachine4Testing (SimpleStateMachine4Testing.java:put(205)) - s0: put 193, m96 -> (t:1, i:193), STATEMACHINELOGENTRY, 354@client-7CA809478611
2023-03-01 19:15:20,590 [s0@group-B7D5749140D7-StateMachineUpdater] INFO  impl.SimpleStateMachine4Testing (SimpleStateMachine4Testing.java:put(205)) - s0: put 195, m97 -> (t:1, i:195), STATEMACHINELOGENTRY, 355@client-7CA809478611
2023-03-01 19:15:20,592 [s0@group-B7D5749140D7-StateMachineUpdater] INFO  impl.SimpleStateMachine4Testing (SimpleStateMachine4Testing.java:put(205)) - s0: put 197, m98 -> (t:1, i:197), STATEMACHINELOGENTRY, 356@client-7CA809478611
2023-03-01 19:15:20,595 [s0@group-B7D5749140D7-StateMachineUpdater] INFO  impl.SimpleStateMachine4Testing (SimpleStateMachine4Testing.java:put(205)) - s0: put 199, m99 -> (t:1, i:199), STATEMACHINELOGENTRY, 357@client-7CA809478611
2023-03-01 19:15:20,597 [s0@group-B7D5749140D7-StateMachineUpdater] INFO  impl.SimpleStateMachine4Testing (SimpleStateMachine4Testing.java:put(205)) - s0: put 201, m100 -> (t:1, i:201), STATEMACHINELOGENTRY, 358@client-7CA809478611
2023-03-01 19:15:20,599 [s0@group-B7D5749140D7-StateMachineUpdater] INFO  impl.SimpleStateMachine4Testing (SimpleStateMachine4Testing.java:put(205)) - s0: put 203, m101 -> (t:1, i:203), STATEMACHINELOGENTRY, 359@client-7CA809478611
2023-03-01 19:15:20,602 [s0@group-B7D5749140D7-StateMachineUpdater] INFO  impl.SimpleStateMachine4Testing (SimpleStateMachine4Testing.java:put(205)) - s0: put 205, m102 -> (t:1, i:205), STATEMACHINELOGENTRY, 360@client-7CA809478611
2023-03-01 19:15:20,604 [s0@group-B7D5749140D7-StateMachineUpdater] INFO  impl.SimpleStateMachine4Testing (SimpleStateMachine4Testing.java:put(205)) - s0: put 207, m103 -> (t:1, i:207), STATEMACHINELOGENTRY, 361@client-7CA809478611
2023-03-01 19:15:20,606 [s0@group-B7D5749140D7-StateMachineUpdater] INFO  impl.SimpleStateMachine4Testing (SimpleStateMachine4Testing.java:put(205)) - s0: put 209, m104 -> (t:1, i:209), STATEMACHINELOGENTRY, 362@client-7CA809478611
2023-03-01 19:15:20,609 [s0@group-B7D5749140D7-StateMachineUpdater] INFO  impl.SimpleStateMachine4Testing (SimpleStateMachine4Testing.java:put(205)) - s0: put 211, m105 -> (t:1, i:211), STATEMACHINELOGENTRY, 363@client-7CA809478611
2023-03-01 19:15:20,611 [s0@group-B7D5749140D7-StateMachineUpdater] INFO  impl.SimpleStateMachine4Testing (SimpleStateMachine4Testing.java:put(205)) - s0: put 213, m106 -> (t:1, i:213), STATEMACHINELOGENTRY, 364@client-7CA809478611
2023-03-01 19:15:20,613 [s0@group-B7D5749140D7-StateMachineUpdater] INFO  impl.SimpleStateMachine4Testing (SimpleStateMachine4Testing.java:put(205)) - s0: put 215, m107 -> (t:1, i:215), STATEMACHINELOGENTRY, 365@client-7CA809478611
2023-03-01 19:15:20,615 [s0@group-B7D5749140D7-StateMachineUpdater] INFO  impl.SimpleStateMachine4Testing (SimpleStateMachine4Testing.java:put(205)) - s0: put 217, m108 -> (t:1, i:217), STATEMACHINELOGENTRY, 366@client-7CA809478611
2023-03-01 19:15:20,618 [s0@group-B7D5749140D7-StateMachineUpdater] INFO  impl.SimpleStateMachine4Testing (SimpleStateMachine4Testing.java:put(205)) - s0: put 219, m109 -> (t:1, i:219), STATEMACHINELOGENTRY, 367@client-7CA809478611
2023-03-01 19:15:20,620 [s0@group-B7D5749140D7-StateMachineUpdater] INFO  impl.SimpleStateMachine4Testing (SimpleStateMachine4Testing.java:put(205)) - s0: put 221, m110 -> (t:1, i:221), STATEMACHINELOGENTRY, 368@client-7CA809478611
2023-03-01 19:15:20,622 [s0@group-B7D5749140D7-StateMachineUpdater] INFO  impl.SimpleStateMachine4Testing (SimpleStateMachine4Testing.java:put(205)) - s0: put 223, m111 -> (t:1, i:223), STATEMACHINELOGENTRY, 369@client-7CA809478611
2023-03-01 19:15:20,624 [s0@group-B7D5749140D7-StateMachineUpdater] INFO  impl.SimpleStateMachine4Testing (SimpleStateMachine4Testing.java:put(205)) - s0: put 225, m112 -> (t:1, i:225), STATEMACHINELOGENTRY, 370@client-7CA809478611
2023-03-01 19:15:20,626 [s0@group-B7D5749140D7-StateMachineUpdater] INFO  impl.SimpleStateMachine4Testing (SimpleStateMachine4Testing.java:put(205)) - s0: put 227, m113 -> (t:1, i:227), STATEMACHINELOGENTRY, 371@client-7CA809478611
2023-03-01 19:15:20,629 [s0@group-B7D5749140D7-StateMachineUpdater] INFO  impl.SimpleStateMachine4Testing (SimpleStateMachine4Testing.java:put(205)) - s0: put 229, m114 -> (t:1, i:229), STATEMACHINELOGENTRY, 372@client-7CA809478611
2023-03-01 19:15:20,631 [s0@group-B7D5749140D7-StateMachineUpdater] INFO  impl.SimpleStateMachine4Testing (SimpleStateMachine4Testing.java:put(205)) - s0: put 231, m115 -> (t:1, i:231), STATEMACHINELOGENTRY, 373@client-7CA809478611
2023-03-01 19:15:20,633 [s0@group-B7D5749140D7-StateMachineUpdater] INFO  impl.SimpleStateMachine4Testing (SimpleStateMachine4Testing.java:put(205)) - s0: put 233, m116 -> (t:1, i:233), STATEMACHINELOGENTRY, 374@client-7CA809478611
2023-03-01 19:15:20,635 [s0@group-B7D5749140D7-StateMachineUpdater] INFO  impl.SimpleStateMachine4Testing (SimpleStateMachine4Testing.java:put(205)) - s0: put 235, m117 -> (t:1, i:235), STATEMACHINELOGENTRY, 375@client-7CA809478611
2023-03-01 19:15:20,638 [s0@group-B7D5749140D7-StateMachineUpdater] INFO  impl.SimpleStateMachine4Testing (SimpleStateMachine4Testing.java:put(205)) - s0: put 237, m118 -> (t:1, i:237), STATEMACHINELOGENTRY, 376@client-7CA809478611
2023-03-01 19:15:20,640 [s0@group-B7D5749140D7-StateMachineUpdater] INFO  impl.SimpleStateMachine4Testing (SimpleStateMachine4Testing.java:put(205)) - s0: put 239, m119 -> (t:1, i:239), STATEMACHINELOGENTRY, 377@client-7CA809478611
2023-03-01 19:15:20,642 [s0@group-B7D5749140D7-StateMachineUpdater] INFO  impl.SimpleStateMachine4Testing (SimpleStateMachine4Testing.java:put(205)) - s0: put 241, m120 -> (t:1, i:241), STATEMACHINELOGENTRY, 378@client-7CA809478611
2023-03-01 19:15:20,644 [s0@group-B7D5749140D7-StateMachineUpdater] INFO  impl.SimpleStateMachine4Testing (SimpleStateMachine4Testing.java:put(205)) - s0: put 243, m121 -> (t:1, i:243), STATEMACHINELOGENTRY, 379@client-7CA809478611
2023-03-01 19:15:20,647 [s0@group-B7D5749140D7-StateMachineUpdater] INFO  impl.SimpleStateMachine4Testing (SimpleStateMachine4Testing.java:put(205)) - s0: put 245, m122 -> (t:1, i:245), STATEMACHINELOGENTRY, 380@client-7CA809478611
2023-03-01 19:15:20,649 [s0@group-B7D5749140D7-StateMachineUpdater] INFO  impl.SimpleStateMachine4Testing (SimpleStateMachine4Testing.java:put(205)) - s0: put 247, m123 -> (t:1, i:247), STATEMACHINELOGENTRY, 381@client-7CA809478611
2023-03-01 19:15:20,651 [s0@group-B7D5749140D7-StateMachineUpdater] INFO  impl.SimpleStateMachine4Testing (SimpleStateMachine4Testing.java:put(205)) - s0: put 249, m124 -> (t:1, i:249), STATEMACHINELOGENTRY, 382@client-7CA809478611
2023-03-01 19:15:20,653 [s0@group-B7D5749140D7-StateMachineUpdater] INFO  impl.SimpleStateMachine4Testing (SimpleStateMachine4Testing.java:put(205)) - s0: put 251, m125 -> (t:1, i:251), STATEMACHINELOGENTRY, 383@client-7CA809478611
2023-03-01 19:15:20,656 [s0@group-B7D5749140D7-StateMachineUpdater] INFO  impl.SimpleStateMachine4Testing (SimpleStateMachine4Testing.java:put(205)) - s0: put 253, m126 -> (t:1, i:253), STATEMACHINELOGENTRY, 384@client-7CA809478611
2023-03-01 19:15:20,663 [s0-server-thread1] INFO  server.RaftServer$Division (RaftServerImpl.java:takeSnapshotAsync(1128)) - s0@group-B7D5749140D7: takeSnapshotAsync SnapshotManagementRequest:client-7CA809478611->s0@group-B7D5749140D7, cid=385, seq=0, RO, null, Create:
2023-03-01 19:15:20,663 [s0-server-thread1] INFO  server.RaftServerConfigKeys (ConfUtils.java:logGet(46)) - raft.server.snapshot.creation.gap = 1024 (default)
2023-03-01 19:15:20,670 [Time-limited test] INFO  impl.MiniRaftCluster (MiniRaftCluster.java:addNewPeers(464)) - Add new peers [s1, s2]
2023-03-01 19:15:20,671 [Time-limited test] INFO  impl.MiniRaftCluster (MiniRaftCluster.java:newRaftServer(382)) - newRaftServer: s1, group-B7D5749140D7:[], format? true
2023-03-01 19:15:20,671 [Time-limited test] TRACE util.FileUtils (FileUtils.java:deleteFully(201)) - deleteFully target/test/data/bfdeacae/MiniRaftClusterWithGrpcd4a997cd/s1
2023-03-01 19:15:20,671 [Time-limited test] TRACE util.FileUtils (FileUtils.java:deleteFully(217)) - deleteFully: target/test/data/bfdeacae/MiniRaftClusterWithGrpcd4a997cd/s1 does not exist.
2023-03-01 19:15:20,671 [Time-limited test] INFO  impl.MiniRaftCluster (MiniRaftCluster.java:newRaftServer(387)) - Formatted directory target/test/data/bfdeacae/MiniRaftClusterWithGrpcd4a997cd/s1
2023-03-01 19:15:20,671 [Time-limited test] INFO  server.RaftServer (ConfUtils.java:logGet(46)) - raft.rpc.type = GRPC (default)
2023-03-01 19:15:20,671 [Time-limited test] INFO  grpc.GrpcConfigKeys (ConfUtils.java:logFallback(53)) - raft.grpc.admin.host = null (fallback to raft.grpc.server.host)
2023-03-01 19:15:20,671 [Time-limited test] INFO  grpc.GrpcConfigKeys (ConfUtils.java:logFallback(53)) - raft.grpc.admin.port = 45363 (fallback to raft.grpc.server.port)
2023-03-01 19:15:20,671 [Time-limited test] INFO  grpc.GrpcConfigKeys (ConfUtils.java:logFallback(53)) - raft.grpc.client.host = null (fallback to raft.grpc.server.host)
2023-03-01 19:15:20,672 [Time-limited test] INFO  grpc.GrpcConfigKeys (ConfUtils.java:logFallback(53)) - raft.grpc.client.port = 45363 (fallback to raft.grpc.server.port)
2023-03-01 19:15:20,672 [Time-limited test] INFO  grpc.GrpcConfigKeys (ConfUtils.java:logGet(46)) - raft.grpc.server.host = null (default)
2023-03-01 19:15:20,672 [Time-limited test] INFO  grpc.GrpcConfigKeys (ConfUtils.java:logGet(46)) - raft.grpc.server.port = 45363 (custom)
2023-03-01 19:15:20,672 [Time-limited test] INFO  server.GrpcService (ConfUtils.java:logGet(46)) - raft.grpc.message.size.max = 64MB (=67108864) (default)
2023-03-01 19:15:20,672 [Time-limited test] INFO  server.RaftServerConfigKeys (ConfUtils.java:logGet(46)) - raft.server.log.appender.buffer.byte-limit = 4MB (=4194304) (default)
2023-03-01 19:15:20,672 [Time-limited test] INFO  server.GrpcService (ConfUtils.java:logGet(46)) - raft.grpc.flow.control.window = 1MB (=1048576) (default)
2023-03-01 19:15:20,672 [Time-limited test] INFO  server.RaftServerConfigKeys (ConfUtils.java:logGet(46)) - raft.server.rpc.request.timeout = 3000ms (default)
2023-03-01 19:15:20,672 [Time-limited test] INFO  grpc.GrpcConfigKeys (ConfUtils.java:logGet(46)) - raft.grpc.server.heartbeat.channel = true (default)
2023-03-01 19:15:20,672 [Time-limited test] INFO  grpc.GrpcConfigKeys (ConfUtils.java:logGet(46)) - raft.grpc.server.async.request.thread.pool.cached = true (default)
2023-03-01 19:15:20,672 [Time-limited test] INFO  grpc.GrpcConfigKeys (ConfUtils.java:logGet(46)) - raft.grpc.server.async.request.thread.pool.size = 32 (default)
2023-03-01 19:15:20,673 [Time-limited test] INFO  impl.DataStreamServerImpl (ConfUtils.java:logGet(46)) - raft.datastream.type = DISABLED (default)
2023-03-01 19:15:20,673 [Time-limited test] INFO  server.RaftServerConfigKeys (ConfUtils.java:logGet(46)) - raft.server.threadpool.proxy.cached = true (default)
2023-03-01 19:15:20,673 [Time-limited test] INFO  server.RaftServerConfigKeys (ConfUtils.java:logGet(46)) - raft.server.threadpool.proxy.size = 0 (default)
2023-03-01 19:15:20,673 [Time-limited test] INFO  server.RaftServerConfigKeys (ConfUtils.java:logGet(46)) - raft.server.rpc.slowness.timeout = 60s (default)
2023-03-01 19:15:20,673 [Time-limited test] INFO  server.RaftServerConfigKeys (ConfUtils.java:logGet(46)) - raft.server.leaderelection.leader.step-down.wait-time = 10s (default)
2023-03-01 19:15:20,673 [Time-limited test] INFO  server.RaftServerConfigKeys (ConfUtils.java:logGet(46)) - raft.server.storage.dir = [/home/runner/work/ratis/ratis/ratis-test/target/test/data/bfdeacae/MiniRaftClusterWithGrpcd4a997cd/s1] (custom)
2023-03-01 19:15:20,674 [Time-limited test] INFO  server.RaftServer (RaftServerProxy.java:addNew(99)) - s1: addNew group-B7D5749140D7:[] returns group-B7D5749140D7:java.util.concurrent.CompletableFuture@54dffb04[Not completed]
2023-03-01 19:15:20,674 [Time-limited test] INFO  impl.MiniRaftCluster (MiniRaftCluster.java:newRaftServer(382)) - newRaftServer: s2, group-B7D5749140D7:[], format? true
2023-03-01 19:15:20,674 [Time-limited test] TRACE util.FileUtils (FileUtils.java:deleteFully(201)) - deleteFully target/test/data/bfdeacae/MiniRaftClusterWithGrpcd4a997cd/s2
2023-03-01 19:15:20,674 [Time-limited test] TRACE util.FileUtils (FileUtils.java:deleteFully(217)) - deleteFully: target/test/data/bfdeacae/MiniRaftClusterWithGrpcd4a997cd/s2 does not exist.
2023-03-01 19:15:20,674 [Time-limited test] INFO  impl.MiniRaftCluster (MiniRaftCluster.java:newRaftServer(387)) - Formatted directory target/test/data/bfdeacae/MiniRaftClusterWithGrpcd4a997cd/s2
2023-03-01 19:15:20,674 [Time-limited test] INFO  server.RaftServer (ConfUtils.java:logGet(46)) - raft.rpc.type = GRPC (default)
2023-03-01 19:15:20,674 [Time-limited test] INFO  grpc.GrpcConfigKeys (ConfUtils.java:logFallback(53)) - raft.grpc.admin.host = null (fallback to raft.grpc.server.host)
2023-03-01 19:15:20,674 [Time-limited test] INFO  grpc.GrpcConfigKeys (ConfUtils.java:logFallback(53)) - raft.grpc.admin.port = 40133 (fallback to raft.grpc.server.port)
2023-03-01 19:15:20,675 [Time-limited test] INFO  grpc.GrpcConfigKeys (ConfUtils.java:logFallback(53)) - raft.grpc.client.host = null (fallback to raft.grpc.server.host)
2023-03-01 19:15:20,675 [Time-limited test] INFO  grpc.GrpcConfigKeys (ConfUtils.java:logFallback(53)) - raft.grpc.client.port = 40133 (fallback to raft.grpc.server.port)
2023-03-01 19:15:20,675 [Time-limited test] INFO  grpc.GrpcConfigKeys (ConfUtils.java:logGet(46)) - raft.grpc.server.host = null (default)
2023-03-01 19:15:20,675 [Time-limited test] INFO  grpc.GrpcConfigKeys (ConfUtils.java:logGet(46)) - raft.grpc.server.port = 40133 (custom)
2023-03-01 19:15:20,675 [Time-limited test] INFO  server.GrpcService (ConfUtils.java:logGet(46)) - raft.grpc.message.size.max = 64MB (=67108864) (default)
2023-03-01 19:15:20,675 [Time-limited test] INFO  server.RaftServerConfigKeys (ConfUtils.java:logGet(46)) - raft.server.log.appender.buffer.byte-limit = 4MB (=4194304) (default)
2023-03-01 19:15:20,675 [Time-limited test] INFO  server.GrpcService (ConfUtils.java:logGet(46)) - raft.grpc.flow.control.window = 1MB (=1048576) (default)
2023-03-01 19:15:20,675 [Time-limited test] INFO  server.RaftServerConfigKeys (ConfUtils.java:logGet(46)) - raft.server.rpc.request.timeout = 3000ms (default)
2023-03-01 19:15:20,675 [Time-limited test] INFO  grpc.GrpcConfigKeys (ConfUtils.java:logGet(46)) - raft.grpc.server.heartbeat.channel = true (default)
2023-03-01 19:15:20,675 [Time-limited test] INFO  grpc.GrpcConfigKeys (ConfUtils.java:logGet(46)) - raft.grpc.server.async.request.thread.pool.cached = true (default)
2023-03-01 19:15:20,675 [Time-limited test] INFO  grpc.GrpcConfigKeys (ConfUtils.java:logGet(46)) - raft.grpc.server.async.request.thread.pool.size = 32 (default)
2023-03-01 19:15:20,676 [Time-limited test] INFO  impl.DataStreamServerImpl (ConfUtils.java:logGet(46)) - raft.datastream.type = DISABLED (default)
2023-03-01 19:15:20,676 [Time-limited test] INFO  server.RaftServerConfigKeys (ConfUtils.java:logGet(46)) - raft.server.threadpool.proxy.cached = true (default)
2023-03-01 19:15:20,676 [Time-limited test] INFO  server.RaftServerConfigKeys (ConfUtils.java:logGet(46)) - raft.server.threadpool.proxy.size = 0 (default)
2023-03-01 19:15:20,676 [Time-limited test] INFO  server.RaftServerConfigKeys (ConfUtils.java:logGet(46)) - raft.server.rpc.slowness.timeout = 60s (default)
2023-03-01 19:15:20,676 [Time-limited test] INFO  server.RaftServerConfigKeys (ConfUtils.java:logGet(46)) - raft.server.leaderelection.leader.step-down.wait-time = 10s (default)
2023-03-01 19:15:20,676 [Time-limited test] INFO  server.RaftServerConfigKeys (ConfUtils.java:logGet(46)) - raft.server.storage.dir = [/home/runner/work/ratis/ratis/ratis-test/target/test/data/bfdeacae/MiniRaftClusterWithGrpcd4a997cd/s2] (custom)
2023-03-01 19:15:20,678 [s1-groupManagement] INFO  server.RaftServerConfigKeys (ConfUtils.java:logGet(46)) - raft.server.log.segment.size.max = 8MB (=8388608) (default)
2023-03-01 19:15:20,678 [s1-groupManagement] INFO  server.RaftServerConfigKeys (ConfUtils.java:logGet(46)) - raft.server.log.preallocated.size = 4MB (=4194304) (default)
2023-03-01 19:15:20,678 [s1-groupManagement] INFO  server.RaftServerConfigKeys (ConfUtils.java:logGet(46)) - raft.server.log.write.buffer.size = 64KB (=65536) (default)
2023-03-01 19:15:20,678 [s1-groupManagement] INFO  server.RaftServer$Division (RaftServerImpl.java:<init>(198)) - s1: new RaftServerImpl for group-B7D5749140D7:[] with StateMachineWithMultiNestedSnapshotFile:uninitialized
2023-03-01 19:15:20,678 [s1-groupManagement] INFO  server.RaftServerConfigKeys (ConfUtils.java:logGet(46)) - raft.server.rpc.timeout.min = 150ms (default)
2023-03-01 19:15:20,678 [s1-groupManagement] INFO  server.RaftServerConfigKeys (ConfUtils.java:logGet(46)) - raft.server.rpc.timeout.max = 300ms (default)
2023-03-01 19:15:20,678 [s1-groupManagement] INFO  server.RaftServerConfigKeys (ConfUtils.java:logGet(46)) - raft.server.rpc.sleep.time = 25ms (default)
2023-03-01 19:15:20,678 [s1-groupManagement] INFO  server.RaftServerConfigKeys (ConfUtils.java:logGet(46)) - raft.server.rpc.slowness.timeout = 60s (default)
2023-03-01 19:15:20,678 [s1-groupManagement] INFO  server.RaftServerConfigKeys (ConfUtils.java:logGet(46)) - raft.server.leaderelection.leader.step-down.wait-time = 10s (default)
2023-03-01 19:15:20,678 [s1-groupManagement] INFO  server.RaftServerConfigKeys (ConfUtils.java:logGet(46)) - raft.server.sleep.deviation.threshold = 300ms (default)
2023-03-01 19:15:20,678 [s1-groupManagement] INFO  server.RaftServer$Division (ServerState.java:<init>(113)) - s1@group-B7D5749140D7: ConfigurationManager, init=-1: peers:[]|listeners:[], old=null, confs=<EMPTY_MAP>
2023-03-01 19:15:20,679 [s1-groupManagement] INFO  server.RaftServerConfigKeys (ConfUtils.java:logGet(46)) - raft.server.notification.no-leader.timeout = 60s (default)
2023-03-01 19:15:20,679 [s1-groupManagement] INFO  server.RaftServerConfigKeys (ConfUtils.java:logGet(46)) - raft.server.read.timeout = 10s (default)
2023-03-01 19:15:20,679 [s1-groupManagement] INFO  server.RaftServerConfigKeys (ConfUtils.java:logGet(46)) - raft.server.retrycache.expirytime = 60s (default)
2023-03-01 19:15:20,679 [s1-groupManagement] INFO  server.RaftServerConfigKeys (ConfUtils.java:logGet(46)) - raft.server.retrycache.statistics.expirytime = 100μs (default)
2023-03-01 19:15:20,679 [s1-groupManagement] INFO  server.RaftServerConfigKeys (ConfUtils.java:logGet(46)) - raft.server.read.option = DEFAULT (default)
2023-03-01 19:15:20,681 [s1-groupManagement] INFO  server.RaftServerConfigKeys (ConfUtils.java:logGet(46)) - raft.server.log.appender.install.snapshot.enabled = true (default)
2023-03-01 19:15:20,681 [s1-groupManagement] INFO  server.RaftServerConfigKeys (ConfUtils.java:logGet(46)) - raft.server.threadpool.server.cached = true (default)
2023-03-01 19:15:20,681 [s1-groupManagement] INFO  server.RaftServerConfigKeys (ConfUtils.java:logGet(46)) - raft.server.threadpool.server.size = 0 (default)
2023-03-01 19:15:20,681 [s1-groupManagement] INFO  server.RaftServerConfigKeys (ConfUtils.java:logGet(46)) - raft.server.threadpool.client.cached = true (default)
2023-03-01 19:15:20,681 [s1-groupManagement] INFO  server.RaftServerConfigKeys (ConfUtils.java:logGet(46)) - raft.server.threadpool.client.size = 0 (default)
2023-03-01 19:15:20,684 [Time-limited test] INFO  server.RaftServer (RaftServerProxy.java:addNew(99)) - s2: addNew group-B7D5749140D7:[] returns group-B7D5749140D7:java.util.concurrent.CompletableFuture@26e90eec[Not completed]
2023-03-01 19:15:20,684 [s1-impl-thread1] INFO  server.RaftServerConfigKeys (ConfUtils.java:logGet(46)) - raft.server.storage.free-space.min = 0MB (=0) (default)
2023-03-01 19:15:20,684 [s1-impl-thread1] INFO  server.RaftServerConfigKeys (ConfUtils.java:logGet(46)) - raft.server.log.corruption.policy = EXCEPTION (default)
2023-03-01 19:15:20,684 [s2-groupManagement] INFO  server.RaftServerConfigKeys (ConfUtils.java:logGet(46)) - raft.server.log.segment.size.max = 8MB (=8388608) (default)
2023-03-01 19:15:20,684 [s1-impl-thread1] INFO  server.RaftServerConfigKeys (ConfUtils.java:logGet(46)) - raft.server.storage.dir = [/home/runner/work/ratis/ratis/ratis-test/target/test/data/bfdeacae/MiniRaftClusterWithGrpcd4a997cd/s1] (custom)
2023-03-01 19:15:20,684 [s2-groupManagement] INFO  server.RaftServerConfigKeys (ConfUtils.java:logGet(46)) - raft.server.log.preallocated.size = 4MB (=4194304) (default)
2023-03-01 19:15:20,684 [s2-groupManagement] INFO  server.RaftServerConfigKeys (ConfUtils.java:logGet(46)) - raft.server.log.write.buffer.size = 64KB (=65536) (default)
2023-03-01 19:15:20,684 [s2-groupManagement] INFO  server.RaftServer$Division (RaftServerImpl.java:<init>(198)) - s2: new RaftServerImpl for group-B7D5749140D7:[] with StateMachineWithMultiNestedSnapshotFile:uninitialized
2023-03-01 19:15:20,684 [s1-impl-thread1] INFO  storage.RaftStorageDirectory (RaftStorageDirectoryImpl.java:analyzeStorage(138)) - The storage directory /home/runner/work/ratis/ratis/ratis-test/target/test/data/bfdeacae/MiniRaftClusterWithGrpcd4a997cd/s1/785ae1c5-4b3e-45a3-89f2-b7d5749140d7 does not exist. Creating ...
2023-03-01 19:15:20,684 [s2-groupManagement] INFO  server.RaftServerConfigKeys (ConfUtils.java:logGet(46)) - raft.server.rpc.timeout.min = 150ms (default)
2023-03-01 19:15:20,684 [s2-groupManagement] INFO  server.RaftServerConfigKeys (ConfUtils.java:logGet(46)) - raft.server.rpc.timeout.max = 300ms (default)
2023-03-01 19:15:20,684 [s2-groupManagement] INFO  server.RaftServerConfigKeys (ConfUtils.java:logGet(46)) - raft.server.rpc.sleep.time = 25ms (default)
2023-03-01 19:15:20,685 [s2-groupManagement] INFO  server.RaftServerConfigKeys (ConfUtils.java:logGet(46)) - raft.server.rpc.slowness.timeout = 60s (default)
2023-03-01 19:15:20,685 [s2-groupManagement] INFO  server.RaftServerConfigKeys (ConfUtils.java:logGet(46)) - raft.server.leaderelection.leader.step-down.wait-time = 10s (default)
2023-03-01 19:15:20,685 [s2-groupManagement] INFO  server.RaftServerConfigKeys (ConfUtils.java:logGet(46)) - raft.server.sleep.deviation.threshold = 300ms (default)
2023-03-01 19:15:20,685 [s2-groupManagement] INFO  server.RaftServer$Division (ServerState.java:<init>(113)) - s2@group-B7D5749140D7: ConfigurationManager, init=-1: peers:[]|listeners:[], old=null, confs=<EMPTY_MAP>
2023-03-01 19:15:20,685 [s2-groupManagement] INFO  server.RaftServerConfigKeys (ConfUtils.java:logGet(46)) - raft.server.notification.no-leader.timeout = 60s (default)
2023-03-01 19:15:20,685 [s2-groupManagement] INFO  server.RaftServerConfigKeys (ConfUtils.java:logGet(46)) - raft.server.read.timeout = 10s (default)
2023-03-01 19:15:20,685 [s1-impl-thread1] TRACE util.FileUtils (LogUtils.java:runAndLog(49)) - Successfully ran Files.createDirectories /home/runner/work/ratis/ratis/ratis-test/target/test/data/bfdeacae/MiniRaftClusterWithGrpcd4a997cd/s1/785ae1c5-4b3e-45a3-89f2-b7d5749140d7
2023-03-01 19:15:20,685 [s2-groupManagement] INFO  server.RaftServerConfigKeys (ConfUtils.java:logGet(46)) - raft.server.retrycache.expirytime = 60s (default)
2023-03-01 19:15:20,685 [s2-groupManagement] INFO  server.RaftServerConfigKeys (ConfUtils.java:logGet(46)) - raft.server.retrycache.statistics.expirytime = 100μs (default)
2023-03-01 19:15:20,685 [s2-groupManagement] INFO  server.RaftServerConfigKeys (ConfUtils.java:logGet(46)) - raft.server.read.option = DEFAULT (default)
2023-03-01 19:15:20,686 [s1-impl-thread1] INFO  storage.RaftStorageDirectory (RaftStorageDirectoryImpl.java:tryLock(232)) - Lock on /home/runner/work/ratis/ratis/ratis-test/target/test/data/bfdeacae/MiniRaftClusterWithGrpcd4a997cd/s1/785ae1c5-4b3e-45a3-89f2-b7d5749140d7/in_use.lock acquired by nodename 3623@fv-az198-314
2023-03-01 19:15:20,686 [s1-impl-thread1] TRACE util.FileUtils (LogUtils.java:runAndLog(49)) - Successfully ran Files.createDirectories /home/runner/work/ratis/ratis/ratis-test/target/test/data/bfdeacae/MiniRaftClusterWithGrpcd4a997cd/s1/785ae1c5-4b3e-45a3-89f2-b7d5749140d7/current
2023-03-01 19:15:20,686 [s1-impl-thread1] TRACE util.FileUtils (LogUtils.java:runAndLog(49)) - Successfully ran Files.createDirectories /home/runner/work/ratis/ratis/ratis-test/target/test/data/bfdeacae/MiniRaftClusterWithGrpcd4a997cd/s1/785ae1c5-4b3e-45a3-89f2-b7d5749140d7/sm
2023-03-01 19:15:20,687 [s1-impl-thread1] INFO  storage.RaftStorage (RaftStorageImpl.java:format(96)) - Storage directory /home/runner/work/ratis/ratis/ratis-test/target/test/data/bfdeacae/MiniRaftClusterWithGrpcd4a997cd/s1/785ae1c5-4b3e-45a3-89f2-b7d5749140d7 has been successfully formatted.
2023-03-01 19:15:20,688 [s1-impl-thread1] INFO  impl.SimpleStateMachine4Testing (SimpleStateMachine4Testing.java:initialize(213)) - Initializing StateMachineWithMultiNestedSnapshotFile:uninitialized
2023-03-01 19:15:20,688 [s1-impl-thread1] INFO  impl.SimpleStateMachine4Testing (SimpleStateMachine4Testing.java:loadSnapshot(293)) - Loading snapshot null
2023-03-01 19:15:20,688 [s1-impl-thread1] INFO  server.RaftServerConfigKeys (ConfUtils.java:logGet(46)) - raft.server.log.use.memory = false (default)
2023-03-01 19:15:20,688 [s1-impl-thread1] INFO  server.RaftServerConfigKeys (ConfUtils.java:logGet(46)) - raft.server.log.purge.gap = 8 (custom)
2023-03-01 19:15:20,688 [s1-impl-thread1] INFO  server.RaftServerConfigKeys (ConfUtils.java:logGet(46)) - raft.server.log.appender.buffer.byte-limit = 4MB (=4194304) (default)
2023-03-01 19:15:20,688 [s1-impl-thread1] INFO  server.RaftServerConfigKeys (ConfUtils.java:logGet(46)) - raft.server.log.statemachine.data.read.timeout = 1000ms (default)
2023-03-01 19:15:20,688 [s1-impl-thread1] INFO  server.RaftServerConfigKeys (ConfUtils.java:logGet(46)) - raft.server.log.purge.preservation.log.num = 0 (default)
2023-03-01 19:15:20,688 [s1-impl-thread1] INFO  server.RaftServerConfigKeys (ConfUtils.java:logGet(46)) - raft.server.log.segment.size.max = 8MB (=8388608) (default)
2023-03-01 19:15:20,689 [s1-impl-thread1] INFO  server.RaftServerConfigKeys (ConfUtils.java:logGet(46)) - raft.server.log.segment.cache.num.max = 6 (default)
2023-03-01 19:15:20,689 [s1-impl-thread1] INFO  server.RaftServerConfigKeys (ConfUtils.java:logGet(46)) - raft.server.log.segment.cache.size.max = 200MB (=209715200) (default)
2023-03-01 19:15:20,689 [s1-impl-thread1] INFO  server.RaftServerConfigKeys (ConfUtils.java:logGet(46)) - raft.server.log.appender.buffer.byte-limit = 4MB (=4194304) (default)
2023-03-01 19:15:20,689 [s1-impl-thread1] INFO  segmented.SegmentedRaftLogWorker (SegmentedRaftLogWorker.java:<init>(183)) - new s1@group-B7D5749140D7-SegmentedRaftLogWorker for RaftStorageImpl:Storage Directory /home/runner/work/ratis/ratis/ratis-test/target/test/data/bfdeacae/MiniRaftClusterWithGrpcd4a997cd/s1/785ae1c5-4b3e-45a3-89f2-b7d5749140d7
2023-03-01 19:15:20,689 [s1-impl-thread1] INFO  server.RaftServerConfigKeys (ConfUtils.java:logGet(46)) - raft.server.log.queue.byte-limit = 64MB (=67108864) (default)
2023-03-01 19:15:20,689 [s1-impl-thread1] INFO  server.RaftServerConfigKeys (ConfUtils.java:logGet(46)) - raft.server.log.queue.element-limit = 4096 (default)
2023-03-01 19:15:20,689 [s1-impl-thread1] INFO  server.RaftServerConfigKeys (ConfUtils.java:logGet(46)) - raft.server.log.segment.size.max = 8MB (=8388608) (default)
2023-03-01 19:15:20,689 [s1-impl-thread1] INFO  server.RaftServerConfigKeys (ConfUtils.java:logGet(46)) - raft.server.log.preallocated.size = 4MB (=4194304) (default)
2023-03-01 19:15:20,689 [s1-impl-thread1] INFO  server.RaftServerConfigKeys (ConfUtils.java:logGet(46)) - raft.server.log.force.sync.num = 128 (default)
2023-03-01 19:15:20,689 [s1-impl-thread1] INFO  server.RaftServerConfigKeys (ConfUtils.java:logGet(46)) - raft.server.log.statemachine.data.sync = true (default)
2023-03-01 19:15:20,689 [s1-impl-thread1] INFO  server.RaftServerConfigKeys (ConfUtils.java:logGet(46)) - raft.server.log.statemachine.data.sync.timeout = 10s (default)
2023-03-01 19:15:20,690 [s1-impl-thread1] INFO  server.RaftServerConfigKeys (ConfUtils.java:logGet(46)) - raft.server.log.statemachine.data.sync.timeout.retry = -1 (default)
2023-03-01 19:15:20,690 [s1-impl-thread1] INFO  server.RaftServerConfigKeys (ConfUtils.java:logGet(46)) - raft.server.log.write.buffer.size = 64KB (=65536) (default)
2023-03-01 19:15:20,690 [s1-impl-thread1] INFO  server.RaftServerConfigKeys (ConfUtils.java:logGet(46)) - raft.server.log.appender.buffer.byte-limit = 4MB (=4194304) (default)
2023-03-01 19:15:20,691 [s1-impl-thread1] INFO  server.RaftServerConfigKeys (ConfUtils.java:logGet(46)) - raft.server.log.unsafe-flush.enabled = false (default)
2023-03-01 19:15:20,691 [s1-impl-thread1] INFO  server.RaftServerConfigKeys (ConfUtils.java:logGet(46)) - raft.server.log.async-flush.enabled = false (default)
2023-03-01 19:15:20,691 [s1-impl-thread1] INFO  server.RaftServerConfigKeys (ConfUtils.java:logGet(46)) - raft.server.log.statemachine.data.caching.enabled = false (default)
2023-03-01 19:15:20,692 [s1-impl-thread1] INFO  segmented.SegmentedRaftLogWorker (SegmentedRaftLogWorker.java:lambda$new$0(134)) - s1@group-B7D5749140D7-SegmentedRaftLogWorker: flushIndex: setUnconditionally 0 -> -1
2023-03-01 19:15:20,692 [s1-impl-thread1] INFO  segmented.SegmentedRaftLogWorker (SegmentedRaftLogWorker.java:lambda$new$0(134)) - s1@group-B7D5749140D7-SegmentedRaftLogWorker: safeCacheEvictIndex: setUnconditionally 0 -> -1
2023-03-01 19:15:20,692 [s1-impl-thread1] INFO  server.RaftServer$Division (RaftServerImpl.java:start(348)) - s1@group-B7D5749140D7: start with initializing state, conf=-1: peers:[]|listeners:[], old=null
2023-03-01 19:15:20,692 [s1-impl-thread1] INFO  server.RaftServer$Division (RaftServerImpl.java:setRole(329)) - s1@group-B7D5749140D7: changes role from      null to FOLLOWER at term 0 for startInitializing
2023-03-01 19:15:20,692 [s1-impl-thread1] INFO  util.JmxRegister (JmxRegister.java:tryRegister(44)) - Successfully registered JMX Bean with object name Ratis:service=RaftServer,group=group-B7D5749140D7,id=s1
2023-03-01 19:15:20,692 [s1-impl-thread1] INFO  server.RaftServerConfigKeys (ConfUtils.java:logGet(46)) - raft.server.snapshot.auto.trigger.enabled = true (custom)
2023-03-01 19:15:20,692 [s1-impl-thread1] INFO  server.RaftServerConfigKeys (ConfUtils.java:logGet(46)) - raft.server.snapshot.auto.trigger.threshold = 64 (custom)
2023-03-01 19:15:20,692 [s1-impl-thread1] INFO  server.RaftServerConfigKeys (ConfUtils.java:logGet(46)) - raft.server.snapshot.retention.file.num = -1 (default)
2023-03-01 19:15:20,692 [s1-impl-thread1] INFO  server.RaftServerConfigKeys (ConfUtils.java:logGet(46)) - raft.server.log.purge.upto.snapshot.index = false (default)
2023-03-01 19:15:20,693 [Time-limited test] INFO  server.RaftServer (RaftServerProxy.java:startImpl(401)) - s1: start RPC server
2023-03-01 19:15:20,694 [Time-limited test] INFO  server.GrpcService (GrpcService.java:startImpl(302)) - s1: GrpcService started, listening on 45363
2023-03-01 19:15:20,695 [JvmPauseMonitor7] INFO  util.JvmPauseMonitor (JvmPauseMonitor.java:run(103)) - JvmPauseMonitor-s1: Started
2023-03-01 19:15:20,695 [s2-groupManagement] INFO  server.RaftServerConfigKeys (ConfUtils.java:logGet(46)) - raft.server.log.appender.install.snapshot.enabled = true (default)
2023-03-01 19:15:20,695 [s2-groupManagement] INFO  server.RaftServerConfigKeys (ConfUtils.java:logGet(46)) - raft.server.threadpool.server.cached = true (default)
2023-03-01 19:15:20,695 [s2-groupManagement] INFO  server.RaftServerConfigKeys (ConfUtils.java:logGet(46)) - raft.server.threadpool.server.size = 0 (default)
2023-03-01 19:15:20,695 [s2-groupManagement] INFO  server.RaftServerConfigKeys (ConfUtils.java:logGet(46)) - raft.server.threadpool.client.cached = true (default)
2023-03-01 19:15:20,695 [s2-groupManagement] INFO  server.RaftServerConfigKeys (ConfUtils.java:logGet(46)) - raft.server.threadpool.client.size = 0 (default)
2023-03-01 19:15:20,695 [s2-impl-thread1] INFO  server.RaftServerConfigKeys (ConfUtils.java:logGet(46)) - raft.server.storage.free-space.min = 0MB (=0) (default)
2023-03-01 19:15:20,695 [s2-impl-thread1] INFO  server.RaftServerConfigKeys (ConfUtils.java:logGet(46)) - raft.server.log.corruption.policy = EXCEPTION (default)
2023-03-01 19:15:20,695 [s2-impl-thread1] INFO  server.RaftServerConfigKeys (ConfUtils.java:logGet(46)) - raft.server.storage.dir = [/home/runner/work/ratis/ratis/ratis-test/target/test/data/bfdeacae/MiniRaftClusterWithGrpcd4a997cd/s2] (custom)
2023-03-01 19:15:20,695 [s2-impl-thread1] INFO  storage.RaftStorageDirectory (RaftStorageDirectoryImpl.java:analyzeStorage(138)) - The storage directory /home/runner/work/ratis/ratis/ratis-test/target/test/data/bfdeacae/MiniRaftClusterWithGrpcd4a997cd/s2/785ae1c5-4b3e-45a3-89f2-b7d5749140d7 does not exist. Creating ...
2023-03-01 19:15:20,696 [s2-impl-thread1] TRACE util.FileUtils (LogUtils.java:runAndLog(49)) - Successfully ran Files.createDirectories /home/runner/work/ratis/ratis/ratis-test/target/test/data/bfdeacae/MiniRaftClusterWithGrpcd4a997cd/s2/785ae1c5-4b3e-45a3-89f2-b7d5749140d7
2023-03-01 19:15:20,697 [s2-impl-thread1] INFO  storage.RaftStorageDirectory (RaftStorageDirectoryImpl.java:tryLock(232)) - Lock on /home/runner/work/ratis/ratis/ratis-test/target/test/data/bfdeacae/MiniRaftClusterWithGrpcd4a997cd/s2/785ae1c5-4b3e-45a3-89f2-b7d5749140d7/in_use.lock acquired by nodename 3623@fv-az198-314
2023-03-01 19:15:20,697 [s2-impl-thread1] TRACE util.FileUtils (LogUtils.java:runAndLog(49)) - Successfully ran Files.createDirectories /home/runner/work/ratis/ratis/ratis-test/target/test/data/bfdeacae/MiniRaftClusterWithGrpcd4a997cd/s2/785ae1c5-4b3e-45a3-89f2-b7d5749140d7/current
2023-03-01 19:15:20,697 [s2-impl-thread1] TRACE util.FileUtils (LogUtils.java:runAndLog(49)) - Successfully ran Files.createDirectories /home/runner/work/ratis/ratis/ratis-test/target/test/data/bfdeacae/MiniRaftClusterWithGrpcd4a997cd/s2/785ae1c5-4b3e-45a3-89f2-b7d5749140d7/sm
2023-03-01 19:15:20,698 [s2-impl-thread1] INFO  storage.RaftStorage (RaftStorageImpl.java:format(96)) - Storage directory /home/runner/work/ratis/ratis/ratis-test/target/test/data/bfdeacae/MiniRaftClusterWithGrpcd4a997cd/s2/785ae1c5-4b3e-45a3-89f2-b7d5749140d7 has been successfully formatted.
2023-03-01 19:15:20,698 [s2-impl-thread1] INFO  impl.SimpleStateMachine4Testing (SimpleStateMachine4Testing.java:initialize(213)) - Initializing StateMachineWithMultiNestedSnapshotFile:uninitialized
2023-03-01 19:15:20,698 [s2-impl-thread1] INFO  impl.SimpleStateMachine4Testing (SimpleStateMachine4Testing.java:loadSnapshot(293)) - Loading snapshot null
2023-03-01 19:15:20,698 [s2-impl-thread1] INFO  server.RaftServerConfigKeys (ConfUtils.java:logGet(46)) - raft.server.log.use.memory = false (default)
2023-03-01 19:15:20,698 [s2-impl-thread1] INFO  server.RaftServerConfigKeys (ConfUtils.java:logGet(46)) - raft.server.log.purge.gap = 8 (custom)
2023-03-01 19:15:20,698 [s2-impl-thread1] INFO  server.RaftServerConfigKeys (ConfUtils.java:logGet(46)) - raft.server.log.appender.buffer.byte-limit = 4MB (=4194304) (default)
2023-03-01 19:15:20,699 [s2-impl-thread1] INFO  server.RaftServerConfigKeys (ConfUtils.java:logGet(46)) - raft.server.log.statemachine.data.read.timeout = 1000ms (default)
2023-03-01 19:15:20,699 [s2-impl-thread1] INFO  server.RaftServerConfigKeys (ConfUtils.java:logGet(46)) - raft.server.log.purge.preservation.log.num = 0 (default)
2023-03-01 19:15:20,699 [s2-impl-thread1] INFO  server.RaftServerConfigKeys (ConfUtils.java:logGet(46)) - raft.server.log.segment.size.max = 8MB (=8388608) (default)
2023-03-01 19:15:20,699 [s2-impl-thread1] INFO  server.RaftServerConfigKeys (ConfUtils.java:logGet(46)) - raft.server.log.segment.cache.num.max = 6 (default)
2023-03-01 19:15:20,699 [s2-impl-thread1] INFO  server.RaftServerConfigKeys (ConfUtils.java:logGet(46)) - raft.server.log.segment.cache.size.max = 200MB (=209715200) (default)
2023-03-01 19:15:20,699 [s2-impl-thread1] INFO  server.RaftServerConfigKeys (ConfUtils.java:logGet(46)) - raft.server.log.appender.buffer.byte-limit = 4MB (=4194304) (default)
2023-03-01 19:15:20,699 [s2-impl-thread1] INFO  segmented.SegmentedRaftLogWorker (SegmentedRaftLogWorker.java:<init>(183)) - new s2@group-B7D5749140D7-SegmentedRaftLogWorker for RaftStorageImpl:Storage Directory /home/runner/work/ratis/ratis/ratis-test/target/test/data/bfdeacae/MiniRaftClusterWithGrpcd4a997cd/s2/785ae1c5-4b3e-45a3-89f2-b7d5749140d7
2023-03-01 19:15:20,699 [s2-impl-thread1] INFO  server.RaftServerConfigKeys (ConfUtils.java:logGet(46)) - raft.server.log.queue.byte-limit = 64MB (=67108864) (default)
2023-03-01 19:15:20,699 [s2-impl-thread1] INFO  server.RaftServerConfigKeys (ConfUtils.java:logGet(46)) - raft.server.log.queue.element-limit = 4096 (default)
2023-03-01 19:15:20,699 [s2-impl-thread1] INFO  server.RaftServerConfigKeys (ConfUtils.java:logGet(46)) - raft.server.log.segment.size.max = 8MB (=8388608) (default)
2023-03-01 19:15:20,699 [s2-impl-thread1] INFO  server.RaftServerConfigKeys (ConfUtils.java:logGet(46)) - raft.server.log.preallocated.size = 4MB (=4194304) (default)
2023-03-01 19:15:20,699 [s2-impl-thread1] INFO  server.RaftServerConfigKeys (ConfUtils.java:logGet(46)) - raft.server.log.force.sync.num = 128 (default)
2023-03-01 19:15:20,700 [s2-impl-thread1] INFO  server.RaftServerConfigKeys (ConfUtils.java:logGet(46)) - raft.server.log.statemachine.data.sync = true (default)
2023-03-01 19:15:20,700 [s2-impl-thread1] INFO  server.RaftServerConfigKeys (ConfUtils.java:logGet(46)) - raft.server.log.statemachine.data.sync.timeout = 10s (default)
2023-03-01 19:15:20,700 [s2-impl-thread1] INFO  server.RaftServerConfigKeys (ConfUtils.java:logGet(46)) - raft.server.log.statemachine.data.sync.timeout.retry = -1 (default)
2023-03-01 19:15:20,700 [s2-impl-thread1] INFO  server.RaftServerConfigKeys (ConfUtils.java:logGet(46)) - raft.server.log.write.buffer.size = 64KB (=65536) (default)
2023-03-01 19:15:20,700 [s2-impl-thread1] INFO  server.RaftServerConfigKeys (ConfUtils.java:logGet(46)) - raft.server.log.appender.buffer.byte-limit = 4MB (=4194304) (default)
2023-03-01 19:15:20,701 [s2-impl-thread1] INFO  server.RaftServerConfigKeys (ConfUtils.java:logGet(46)) - raft.server.log.unsafe-flush.enabled = false (default)
2023-03-01 19:15:20,701 [s2-impl-thread1] INFO  server.RaftServerConfigKeys (ConfUtils.java:logGet(46)) - raft.server.log.async-flush.enabled = false (default)
2023-03-01 19:15:20,701 [s2-impl-thread1] INFO  server.RaftServerConfigKeys (ConfUtils.java:logGet(46)) - raft.server.log.statemachine.data.caching.enabled = false (default)
2023-03-01 19:15:20,701 [s2-impl-thread1] INFO  segmented.SegmentedRaftLogWorker (SegmentedRaftLogWorker.java:lambda$new$0(134)) - s2@group-B7D5749140D7-SegmentedRaftLogWorker: flushIndex: setUnconditionally 0 -> -1
2023-03-01 19:15:20,701 [s2-impl-thread1] INFO  segmented.SegmentedRaftLogWorker (SegmentedRaftLogWorker.java:lambda$new$0(134)) - s2@group-B7D5749140D7-SegmentedRaftLogWorker: safeCacheEvictIndex: setUnconditionally 0 -> -1
2023-03-01 19:15:20,707 [s2-impl-thread1] INFO  server.RaftServer$Division (RaftServerImpl.java:start(348)) - s2@group-B7D5749140D7: start with initializing state, conf=-1: peers:[]|listeners:[], old=null
2023-03-01 19:15:20,707 [s2-impl-thread1] INFO  server.RaftServer$Division (RaftServerImpl.java:setRole(329)) - s2@group-B7D5749140D7: changes role from      null to FOLLOWER at term 0 for startInitializing
2023-03-01 19:15:20,707 [s2-impl-thread1] INFO  util.JmxRegister (JmxRegister.java:tryRegister(44)) - Successfully registered JMX Bean with object name Ratis:service=RaftServer,group=group-B7D5749140D7,id=s2
2023-03-01 19:15:20,707 [s2-impl-thread1] INFO  server.RaftServerConfigKeys (ConfUtils.java:logGet(46)) - raft.server.snapshot.auto.trigger.enabled = true (custom)
2023-03-01 19:15:20,707 [s2-impl-thread1] INFO  server.RaftServerConfigKeys (ConfUtils.java:logGet(46)) - raft.server.snapshot.auto.trigger.threshold = 64 (custom)
2023-03-01 19:15:20,707 [s2-impl-thread1] INFO  server.RaftServerConfigKeys (ConfUtils.java:logGet(46)) - raft.server.snapshot.retention.file.num = -1 (default)
2023-03-01 19:15:20,707 [s2-impl-thread1] INFO  server.RaftServerConfigKeys (ConfUtils.java:logGet(46)) - raft.server.log.purge.upto.snapshot.index = false (default)
2023-03-01 19:15:20,708 [Time-limited test] INFO  server.RaftServer (RaftServerProxy.java:startImpl(401)) - s2: start RPC server
2023-03-01 19:15:20,710 [Time-limited test] INFO  server.GrpcService (GrpcService.java:startImpl(302)) - s2: GrpcService started, listening on 40133
2023-03-01 19:15:20,710 [JvmPauseMonitor8] INFO  util.JvmPauseMonitor (JvmPauseMonitor.java:run(103)) - JvmPauseMonitor-s2: Started
2023-03-01 19:15:20,710 [Time-limited test] INFO  impl.MiniRaftCluster (MiniRaftCluster.java:setConfiguration(819)) - Start changing the configuration: [s1|rpc:0.0.0.0:45363|priority:0|startupRole:FOLLOWER, s2|rpc:0.0.0.0:40133|priority:0|startupRole:FOLLOWER, s0|rpc:localhost:33199|admin:localhost:33153|client:localhost:42989|dataStream:localhost:45895|priority:0|startupRole:FOLLOWER]
2023-03-01 19:15:20,718 [s0-server-thread1] INFO  server.RaftServer$Division (RaftServerImpl.java:setConfigurationAsync(1196)) - s0@group-B7D5749140D7: receive setConfiguration SetConfigurationRequest:client-67C462E435AC->s0@group-B7D5749140D7, cid=386, seq=0, RW, null, SET_UNCONDITIONALLY, servers:[s1|rpc:0.0.0.0:45363|dataStream:|priority:0|startupRole:FOLLOWER, s2|rpc:0.0.0.0:40133|dataStream:|priority:0|startupRole:FOLLOWER, s0|rpc:localhost:33199|admin:localhost:33153|client:localhost:42989|dataStream:localhost:45895|priority:0|startupRole:FOLLOWER], listeners:[]
2023-03-01 19:15:20,718 [s0-server-thread1] INFO  server.RaftServer$Division (LeaderStateImpl.java:startSetConfiguration(440)) - s0@group-B7D5749140D7-LeaderStateImpl: startSetConfiguration SetConfigurationRequest:client-67C462E435AC->s0@group-B7D5749140D7, cid=386, seq=0, RW, null, SET_UNCONDITIONALLY, servers:[s1|rpc:0.0.0.0:45363|dataStream:|priority:0|startupRole:FOLLOWER, s2|rpc:0.0.0.0:40133|dataStream:|priority:0|startupRole:FOLLOWER, s0|rpc:localhost:33199|admin:localhost:33153|client:localhost:42989|dataStream:localhost:45895|priority:0|startupRole:FOLLOWER], listeners:[]
2023-03-01 19:15:20,719 [s0-server-thread1] INFO  server.RaftServerConfigKeys (ConfUtils.java:logGet(46)) - raft.server.log.appender.snapshot.chunk.size.max = 1k (=1024) (custom)
2023-03-01 19:15:20,719 [s0-server-thread1] INFO  server.RaftServerConfigKeys (ConfUtils.java:logGet(46)) - raft.server.log.appender.buffer.byte-limit = 4MB (=4194304) (default)
2023-03-01 19:15:20,719 [s0-server-thread1] INFO  server.RaftServerConfigKeys (ConfUtils.java:logGet(46)) - raft.server.log.appender.buffer.element-limit = 0 (default)
2023-03-01 19:15:20,719 [s0-server-thread1] INFO  server.RaftServerConfigKeys (ConfUtils.java:logGet(46)) - raft.server.log.appender.wait-time.min = 10ms (default)
2023-03-01 19:15:20,719 [s0-server-thread1] INFO  grpc.GrpcConfigKeys (ConfUtils.java:logGet(46)) - raft.grpc.server.leader.outstanding.appends.max = 128 (default)
2023-03-01 19:15:20,719 [s0-server-thread1] INFO  server.RaftServerConfigKeys (ConfUtils.java:logGet(46)) - raft.server.rpc.request.timeout = 3000ms (default)
2023-03-01 19:15:20,719 [s0-server-thread1] INFO  server.RaftServerConfigKeys (ConfUtils.java:logGet(46)) - raft.server.log.appender.install.snapshot.enabled = true (default)
2023-03-01 19:15:20,719 [s0-server-thread1] INFO  grpc.GrpcConfigKeys (ConfUtils.java:logGet(46)) - raft.grpc.server.heartbeat.channel = true (default)
2023-03-01 19:15:20,720 [s0-server-thread1] INFO  server.RaftServerConfigKeys (ConfUtils.java:logGet(46)) - raft.server.log.appender.snapshot.chunk.size.max = 1k (=1024) (custom)
2023-03-01 19:15:20,720 [s0-server-thread1] INFO  server.RaftServerConfigKeys (ConfUtils.java:logGet(46)) - raft.server.log.appender.buffer.byte-limit = 4MB (=4194304) (default)
2023-03-01 19:15:20,720 [s0-server-thread1] INFO  server.RaftServerConfigKeys (ConfUtils.java:logGet(46)) - raft.server.log.appender.buffer.element-limit = 0 (default)
2023-03-01 19:15:20,720 [s0-server-thread1] INFO  server.RaftServerConfigKeys (ConfUtils.java:logGet(46)) - raft.server.log.appender.wait-time.min = 10ms (default)
2023-03-01 19:15:20,720 [s0-server-thread1] INFO  grpc.GrpcConfigKeys (ConfUtils.java:logGet(46)) - raft.grpc.server.leader.outstanding.appends.max = 128 (default)
2023-03-01 19:15:20,720 [s0-server-thread1] INFO  server.RaftServerConfigKeys (ConfUtils.java:logGet(46)) - raft.server.rpc.request.timeout = 3000ms (default)
2023-03-01 19:15:20,720 [s0-server-thread1] INFO  server.RaftServerConfigKeys (ConfUtils.java:logGet(46)) - raft.server.log.appender.install.snapshot.enabled = true (default)
2023-03-01 19:15:20,720 [s0-server-thread1] INFO  grpc.GrpcConfigKeys (ConfUtils.java:logGet(46)) - raft.grpc.server.heartbeat.channel = true (default)
2023-03-01 19:15:20,725 [s0@group-B7D5749140D7->s1-GrpcLogAppender-LogAppenderDaemon] INFO  server.GrpcLogAppender (GrpcLogAppender.java:installSnapshot(590)) - s0@group-B7D5749140D7->s1-GrpcLogAppender: followerNextIndex = 0 but logStartIndex = 0, send snapshot FileListSnapshotInfo(t:1, i:191):[/home/runner/work/ratis/ratis/ratis-test/target/test/data/bfdeacae/MiniRaftClusterWithGrpcd4a997cd/s0/785ae1c5-4b3e-45a3-89f2-b7d5749140d7/sm/snapshot/1.bin, /home/runner/work/ratis/ratis/ratis-test/target/test/data/bfdeacae/MiniRaftClusterWithGrpcd4a997cd/s0/785ae1c5-4b3e-45a3-89f2-b7d5749140d7/sm/snapshot/sub/2.bin, /home/runner/work/ratis/ratis/ratis-test/target/test/data/bfdeacae/MiniRaftClusterWithGrpcd4a997cd/s0/785ae1c5-4b3e-45a3-89f2-b7d5749140d7/sm/snapshot.1_191] to follower
2023-03-01 19:15:20,728 [s0@group-B7D5749140D7->s1-GrpcLogAppender-LogAppenderDaemon] INFO  server.GrpcServerProtocolClient (GrpcServerProtocolClient.java:<init>(63)) - Build channel for s1
2023-03-01 19:15:20,733 [s0@group-B7D5749140D7->s2-GrpcLogAppender-LogAppenderDaemon] INFO  server.GrpcLogAppender (GrpcLogAppender.java:installSnapshot(590)) - s0@group-B7D5749140D7->s2-GrpcLogAppender: followerNextIndex = 0 but logStartIndex = 0, send snapshot FileListSnapshotInfo(t:1, i:191):[/home/runner/work/ratis/ratis/ratis-test/target/test/data/bfdeacae/MiniRaftClusterWithGrpcd4a997cd/s0/785ae1c5-4b3e-45a3-89f2-b7d5749140d7/sm/snapshot/1.bin, /home/runner/work/ratis/ratis/ratis-test/target/test/data/bfdeacae/MiniRaftClusterWithGrpcd4a997cd/s0/785ae1c5-4b3e-45a3-89f2-b7d5749140d7/sm/snapshot/sub/2.bin, /home/runner/work/ratis/ratis/ratis-test/target/test/data/bfdeacae/MiniRaftClusterWithGrpcd4a997cd/s0/785ae1c5-4b3e-45a3-89f2-b7d5749140d7/sm/snapshot.1_191] to follower
2023-03-01 19:15:20,734 [s0@group-B7D5749140D7->s2-GrpcLogAppender-LogAppenderDaemon] INFO  server.GrpcServerProtocolClient (GrpcServerProtocolClient.java:<init>(63)) - Build channel for s2
2023-03-01 19:15:20,742 [grpc-default-executor-3] INFO  impl.SnapshotInstallationHandler (SnapshotInstallationHandler.java:installSnapshot(89)) - s2@group-B7D5749140D7: receive installSnapshot: s0->s2#0-t1,chunk:9fd5bc59-ff80-4767-9ef4-e3bea80ec229,0
2023-03-01 19:15:20,744 [grpc-default-executor-0] INFO  impl.SnapshotInstallationHandler (SnapshotInstallationHandler.java:installSnapshot(89)) - s1@group-B7D5749140D7: receive installSnapshot: s0->s1#0-t1,chunk:d2db8613-16bb-48de-906d-c4bb585d3eae,0
2023-03-01 19:15:20,745 [grpc-default-executor-3] INFO  server.RaftServer$Division (ServerState.java:setLeader(260)) - s2@group-B7D5749140D7: change Leader from null to s0 at term 1 for installSnapshot, leader elected after 60ms
2023-03-01 19:15:20,745 [grpc-default-executor-0] INFO  server.RaftServer$Division (ServerState.java:setLeader(260)) - s1@group-B7D5749140D7: change Leader from null to s0 at term 1 for installSnapshot, leader elected after 66ms
2023-03-01 19:15:20,746 [grpc-default-executor-3] TRACE util.FileUtils (LogUtils.java:runAndLog(49)) - Successfully ran Files.createDirectories /home/runner/work/ratis/ratis/ratis-test/target/test/data/bfdeacae/MiniRaftClusterWithGrpcd4a997cd/s2/785ae1c5-4b3e-45a3-89f2-b7d5749140d7/tmp/snapshot-9fd5bc59-ff80-4767-9ef4-e3bea80ec229
2023-03-01 19:15:20,746 [grpc-default-executor-3] INFO  storage.SnapshotManager (SnapshotManager.java:installSnapshot(89)) - Installing snapshot:s0->s2#0-t1,chunk:9fd5bc59-ff80-4767-9ef4-e3bea80ec229,0, to tmp dir:/home/runner/work/ratis/ratis/ratis-test/target/test/data/bfdeacae/MiniRaftClusterWithGrpcd4a997cd/s2/785ae1c5-4b3e-45a3-89f2-b7d5749140d7/tmp/snapshot-9fd5bc59-ff80-4767-9ef4-e3bea80ec229
2023-03-01 19:15:20,746 [grpc-default-executor-3] TRACE util.FileUtils (LogUtils.java:runAndLog(49)) - Successfully ran Files.createDirectories /home/runner/work/ratis/ratis/ratis-test/target/test/data/bfdeacae/MiniRaftClusterWithGrpcd4a997cd/s2/785ae1c5-4b3e-45a3-89f2-b7d5749140d7/tmp/snapshot-9fd5bc59-ff80-4767-9ef4-e3bea80ec229/snapshot
2023-03-01 19:15:20,746 [grpc-default-executor-0] TRACE util.FileUtils (LogUtils.java:runAndLog(49)) - Successfully ran Files.createDirectories /home/runner/work/ratis/ratis/ratis-test/target/test/data/bfdeacae/MiniRaftClusterWithGrpcd4a997cd/s1/785ae1c5-4b3e-45a3-89f2-b7d5749140d7/tmp/snapshot-d2db8613-16bb-48de-906d-c4bb585d3eae
2023-03-01 19:15:20,747 [grpc-default-executor-0] INFO  storage.SnapshotManager (SnapshotManager.java:installSnapshot(89)) - Installing snapshot:s0->s1#0-t1,chunk:d2db8613-16bb-48de-906d-c4bb585d3eae,0, to tmp dir:/home/runner/work/ratis/ratis/ratis-test/target/test/data/bfdeacae/MiniRaftClusterWithGrpcd4a997cd/s1/785ae1c5-4b3e-45a3-89f2-b7d5749140d7/tmp/snapshot-d2db8613-16bb-48de-906d-c4bb585d3eae
2023-03-01 19:15:20,747 [grpc-default-executor-0] TRACE util.FileUtils (LogUtils.java:runAndLog(49)) - Successfully ran Files.createDirectories /home/runner/work/ratis/ratis/ratis-test/target/test/data/bfdeacae/MiniRaftClusterWithGrpcd4a997cd/s1/785ae1c5-4b3e-45a3-89f2-b7d5749140d7/tmp/snapshot-d2db8613-16bb-48de-906d-c4bb585d3eae/snapshot
2023-03-01 19:15:20,748 [grpc-default-executor-3] INFO  segmented.SegmentedRaftLogWorker (SegmentedRaftLogWorker.java:lambda$new$0(134)) - s2@group-B7D5749140D7-SegmentedRaftLogWorker: flushIndex: setUnconditionally -1 -> 191
2023-03-01 19:15:20,748 [grpc-default-executor-3] INFO  segmented.SegmentedRaftLogWorker (SegmentedRaftLogWorker.java:lambda$new$0(134)) - s2@group-B7D5749140D7-SegmentedRaftLogWorker: safeCacheEvictIndex: setUnconditionally -1 -> 191
2023-03-01 19:15:20,749 [grpc-default-executor-3] INFO  impl.SnapshotInstallationHandler (SnapshotInstallationHandler.java:installSnapshotImpl(134)) - s2@group-B7D5749140D7: set new configuration configurationEntry {
  peers {
    id: "s0"
    address: "localhost:33199"
    dataStreamAddress: "localhost:45895"
    clientAddress: "localhost:42989"
    adminAddress: "localhost:33153"
    startupRole: FOLLOWER
  }
}
 from snapshot
2023-03-01 19:15:20,748 [grpc-default-executor-0] INFO  segmented.SegmentedRaftLogWorker (SegmentedRaftLogWorker.java:lambda$new$0(134)) - s1@group-B7D5749140D7-SegmentedRaftLogWorker: flushIndex: setUnconditionally -1 -> 191
2023-03-01 19:15:20,749 [grpc-default-executor-0] INFO  segmented.SegmentedRaftLogWorker (SegmentedRaftLogWorker.java:lambda$new$0(134)) - s1@group-B7D5749140D7-SegmentedRaftLogWorker: safeCacheEvictIndex: setUnconditionally -1 -> 191
2023-03-01 19:15:20,749 [grpc-default-executor-0] INFO  impl.SnapshotInstallationHandler (SnapshotInstallationHandler.java:installSnapshotImpl(134)) - s1@group-B7D5749140D7: set new configuration configurationEntry {
  peers {
    id: "s0"
    address: "localhost:33199"
    dataStreamAddress: "localhost:45895"
    clientAddress: "localhost:42989"
    adminAddress: "localhost:33153"
    startupRole: FOLLOWER
  }
}
 from snapshot
2023-03-01 19:15:20,750 [grpc-default-executor-3] INFO  server.RaftServer$Division (ServerState.java:setRaftConf(378)) - s2@group-B7D5749140D7: set configuration 0: peers:[s0|rpc:localhost:33199|admin:localhost:33153|client:localhost:42989|dataStream:localhost:45895|priority:0|startupRole:FOLLOWER]|listeners:[], old=null
2023-03-01 19:15:20,750 [grpc-default-executor-3] INFO  impl.SnapshotInstallationHandler (SnapshotInstallationHandler.java:installSnapshot(100)) - s2@group-B7D5749140D7: reply installSnapshot: s0<-s2#0:OK-t0,SUCCESS,requestIndex=0
2023-03-01 19:15:20,751 [grpc-default-executor-2] INFO  server.GrpcLogAppender (GrpcLogAppender.java:onNext(496)) - s0@group-B7D5749140D7->s2-InstallSnapshotResponseHandler: received the first reply s0<-s2#0:OK-t0,SUCCESS,requestIndex=0
2023-03-01 19:15:20,751 [grpc-default-executor-2] INFO  server.GrpcLogAppender (GrpcLogAppender.java:onNext(509)) - s0@group-B7D5749140D7->s2-InstallSnapshotResponseHandler: Completed InstallSnapshot. Reply: serverReply {
  requestorId: "s0"
  replyId: "s2"
  raftGroupId {
    id: "xZ\341\305K>E\243\211\362\267\325t\221@\327"
  }
  success: true
}
requestIndex: 0

2023-03-01 19:15:20,751 [grpc-default-executor-2] INFO  leader.FollowerInfo (FollowerInfoImpl.java:setAttemptedToInstallSnapshot(126)) - Follower s0@group-B7D5749140D7->s2 acknowledged installing snapshot
2023-03-01 19:15:20,750 [grpc-default-executor-0] INFO  server.RaftServer$Division (ServerState.java:setRaftConf(378)) - s1@group-B7D5749140D7: set configuration 0: peers:[s0|rpc:localhost:33199|admin:localhost:33153|client:localhost:42989|dataStream:localhost:45895|priority:0|startupRole:FOLLOWER]|listeners:[], old=null
2023-03-01 19:15:20,751 [grpc-default-executor-0] INFO  impl.SnapshotInstallationHandler (SnapshotInstallationHandler.java:installSnapshot(100)) - s1@group-B7D5749140D7: reply installSnapshot: s0<-s1#0:OK-t0,SUCCESS,requestIndex=0
2023-03-01 19:15:20,752 [grpc-default-executor-2] INFO  server.GrpcLogAppender (GrpcLogAppender.java:onNext(496)) - s0@group-B7D5749140D7->s1-InstallSnapshotResponseHandler: received the first reply s0<-s1#0:OK-t0,SUCCESS,requestIndex=0
2023-03-01 19:15:20,752 [grpc-default-executor-2] INFO  server.GrpcLogAppender (GrpcLogAppender.java:onNext(509)) - s0@group-B7D5749140D7->s1-InstallSnapshotResponseHandler: Completed InstallSnapshot. Reply: serverReply {
  requestorId: "s0"
  replyId: "s1"
  raftGroupId {
    id: "xZ\341\305K>E\243\211\362\267\325t\221@\327"
  }
  success: true
}
requestIndex: 0

2023-03-01 19:15:20,752 [grpc-default-executor-2] INFO  leader.FollowerInfo (FollowerInfoImpl.java:setAttemptedToInstallSnapshot(126)) - Follower s0@group-B7D5749140D7->s1 acknowledged installing snapshot
2023-03-01 19:15:20,752 [grpc-default-executor-0] INFO  impl.SnapshotInstallationHandler (SnapshotInstallationHandler.java:installSnapshot(89)) - s1@group-B7D5749140D7: receive installSnapshot: s0->s1#0-t1,chunk:d2db8613-16bb-48de-906d-c4bb585d3eae,1
2023-03-01 19:15:20,752 [grpc-default-executor-0] TRACE util.FileUtils (LogUtils.java:runAndLog(49)) - Successfully ran Files.createDirectories /home/runner/work/ratis/ratis/ratis-test/target/test/data/bfdeacae/MiniRaftClusterWithGrpcd4a997cd/s1/785ae1c5-4b3e-45a3-89f2-b7d5749140d7/tmp/snapshot-d2db8613-16bb-48de-906d-c4bb585d3eae
2023-03-01 19:15:20,753 [grpc-default-executor-0] INFO  storage.SnapshotManager (SnapshotManager.java:installSnapshot(89)) - Installing snapshot:s0->s1#0-t1,chunk:d2db8613-16bb-48de-906d-c4bb585d3eae,1, to tmp dir:/home/runner/work/ratis/ratis/ratis-test/target/test/data/bfdeacae/MiniRaftClusterWithGrpcd4a997cd/s1/785ae1c5-4b3e-45a3-89f2-b7d5749140d7/tmp/snapshot-d2db8613-16bb-48de-906d-c4bb585d3eae
2023-03-01 19:15:20,753 [grpc-default-executor-0] TRACE util.FileUtils (LogUtils.java:runAndLog(49)) - Successfully ran Files.createDirectories /home/runner/work/ratis/ratis/ratis-test/target/test/data/bfdeacae/MiniRaftClusterWithGrpcd4a997cd/s1/785ae1c5-4b3e-45a3-89f2-b7d5749140d7/tmp/snapshot-d2db8613-16bb-48de-906d-c4bb585d3eae/snapshot/sub
2023-03-01 19:15:20,753 [grpc-default-executor-0] INFO  impl.SnapshotInstallationHandler (SnapshotInstallationHandler.java:installSnapshot(100)) - s1@group-B7D5749140D7: reply installSnapshot: s0<-s1#0:OK-t1,SUCCESS,requestIndex=1
2023-03-01 19:15:20,753 [grpc-default-executor-2] INFO  server.GrpcLogAppender (GrpcLogAppender.java:onNext(496)) - s0@group-B7D5749140D7->s1-InstallSnapshotResponseHandler: received a reply s0<-s1#0:OK-t1,SUCCESS,requestIndex=1
2023-03-01 19:15:20,754 [grpc-default-executor-2] INFO  server.GrpcLogAppender (GrpcLogAppender.java:onNext(509)) - s0@group-B7D5749140D7->s1-InstallSnapshotResponseHandler: Completed InstallSnapshot. Reply: serverReply {
  requestorId: "s0"
  replyId: "s1"
  raftGroupId {
    id: "xZ\341\305K>E\243\211\362\267\325t\221@\327"
  }
  success: true
}
term: 1
requestIndex: 1

2023-03-01 19:15:20,754 [grpc-default-executor-2] INFO  leader.FollowerInfo (FollowerInfoImpl.java:setAttemptedToInstallSnapshot(126)) - Follower s0@group-B7D5749140D7->s1 acknowledged installing snapshot
2023-03-01 19:15:20,754 [grpc-default-executor-0] INFO  impl.SnapshotInstallationHandler (SnapshotInstallationHandler.java:installSnapshot(89)) - s1@group-B7D5749140D7: receive installSnapshot: s0->s1#0-t1,chunk:d2db8613-16bb-48de-906d-c4bb585d3eae,2
2023-03-01 19:15:20,754 [grpc-default-executor-0] TRACE util.FileUtils (LogUtils.java:runAndLog(49)) - Successfully ran Files.createDirectories /home/runner/work/ratis/ratis/ratis-test/target/test/data/bfdeacae/MiniRaftClusterWithGrpcd4a997cd/s1/785ae1c5-4b3e-45a3-89f2-b7d5749140d7/tmp/snapshot-d2db8613-16bb-48de-906d-c4bb585d3eae
2023-03-01 19:15:20,754 [grpc-default-executor-0] INFO  storage.SnapshotManager (SnapshotManager.java:installSnapshot(89)) - Installing snapshot:s0->s1#0-t1,chunk:d2db8613-16bb-48de-906d-c4bb585d3eae,2, to tmp dir:/home/runner/work/ratis/ratis/ratis-test/target/test/data/bfdeacae/MiniRaftClusterWithGrpcd4a997cd/s1/785ae1c5-4b3e-45a3-89f2-b7d5749140d7/tmp/snapshot-d2db8613-16bb-48de-906d-c4bb585d3eae
2023-03-01 19:15:20,754 [grpc-default-executor-0] TRACE util.FileUtils (LogUtils.java:runAndLog(49)) - Successfully ran Files.createDirectories /home/runner/work/ratis/ratis/ratis-test/target/test/data/bfdeacae/MiniRaftClusterWithGrpcd4a997cd/s1/785ae1c5-4b3e-45a3-89f2-b7d5749140d7/tmp/snapshot-d2db8613-16bb-48de-906d-c4bb585d3eae/snapshot/sub
2023-03-01 19:15:20,755 [grpc-default-executor-0] INFO  impl.SnapshotInstallationHandler (SnapshotInstallationHandler.java:installSnapshot(100)) - s1@group-B7D5749140D7: reply installSnapshot: s0<-s1#0:OK-t1,SUCCESS,requestIndex=2
2023-03-01 19:15:20,754 [grpc-default-executor-3] INFO  impl.SnapshotInstallationHandler (SnapshotInstallationHandler.java:installSnapshot(89)) - s2@group-B7D5749140D7: receive installSnapshot: s0->s2#0-t1,chunk:9fd5bc59-ff80-4767-9ef4-e3bea80ec229,1
2023-03-01 19:15:20,755 [grpc-default-executor-3] TRACE util.FileUtils (LogUtils.java:runAndLog(49)) - Successfully ran Files.createDirectories /home/runner/work/ratis/ratis/ratis-test/target/test/data/bfdeacae/MiniRaftClusterWithGrpcd4a997cd/s2/785ae1c5-4b3e-45a3-89f2-b7d5749140d7/tmp/snapshot-9fd5bc59-ff80-4767-9ef4-e3bea80ec229
2023-03-01 19:15:20,755 [grpc-default-executor-3] INFO  storage.SnapshotManager (SnapshotManager.java:installSnapshot(89)) - Installing snapshot:s0->s2#0-t1,chunk:9fd5bc59-ff80-4767-9ef4-e3bea80ec229,1, to tmp dir:/home/runner/work/ratis/ratis/ratis-test/target/test/data/bfdeacae/MiniRaftClusterWithGrpcd4a997cd/s2/785ae1c5-4b3e-45a3-89f2-b7d5749140d7/tmp/snapshot-9fd5bc59-ff80-4767-9ef4-e3bea80ec229
2023-03-01 19:15:20,755 [grpc-default-executor-3] TRACE util.FileUtils (LogUtils.java:runAndLog(49)) - Successfully ran Files.createDirectories /home/runner/work/ratis/ratis/ratis-test/target/test/data/bfdeacae/MiniRaftClusterWithGrpcd4a997cd/s2/785ae1c5-4b3e-45a3-89f2-b7d5749140d7/tmp/snapshot-9fd5bc59-ff80-4767-9ef4-e3bea80ec229/snapshot/sub
2023-03-01 19:15:20,756 [grpc-default-executor-3] INFO  impl.SnapshotInstallationHandler (SnapshotInstallationHandler.java:installSnapshot(100)) - s2@group-B7D5749140D7: reply installSnapshot: s0<-s2#0:OK-t1,SUCCESS,requestIndex=1
2023-03-01 19:15:20,756 [grpc-default-executor-1] INFO  server.GrpcLogAppender (GrpcLogAppender.java:onNext(496)) - s0@group-B7D5749140D7->s2-InstallSnapshotResponseHandler: received a reply s0<-s2#0:OK-t1,SUCCESS,requestIndex=1
2023-03-01 19:15:20,756 [grpc-default-executor-1] INFO  server.GrpcLogAppender (GrpcLogAppender.java:onNext(509)) - s0@group-B7D5749140D7->s2-InstallSnapshotResponseHandler: Completed InstallSnapshot. Reply: serverReply {
  requestorId: "s0"
  replyId: "s2"
  raftGroupId {
    id: "xZ\341\305K>E\243\211\362\267\325t\221@\327"
  }
  success: true
}
term: 1
requestIndex: 1

2023-03-01 19:15:20,756 [grpc-default-executor-1] INFO  leader.FollowerInfo (FollowerInfoImpl.java:setAttemptedToInstallSnapshot(126)) - Follower s0@group-B7D5749140D7->s2 acknowledged installing snapshot
2023-03-01 19:15:20,755 [grpc-default-executor-2] INFO  server.GrpcLogAppender (GrpcLogAppender.java:onNext(496)) - s0@group-B7D5749140D7->s1-InstallSnapshotResponseHandler: received a reply s0<-s1#0:OK-t1,SUCCESS,requestIndex=2
2023-03-01 19:15:20,757 [grpc-default-executor-2] INFO  server.GrpcLogAppender (GrpcLogAppender.java:onNext(509)) - s0@group-B7D5749140D7->s1-InstallSnapshotResponseHandler: Completed InstallSnapshot. Reply: serverReply {
  requestorId: "s0"
  replyId: "s1"
  raftGroupId {
    id: "xZ\341\305K>E\243\211\362\267\325t\221@\327"
  }
  success: true
}
term: 1
requestIndex: 2

2023-03-01 19:15:20,757 [grpc-default-executor-2] INFO  leader.FollowerInfo (FollowerInfoImpl.java:setAttemptedToInstallSnapshot(126)) - Follower s0@group-B7D5749140D7->s1 acknowledged installing snapshot
2023-03-01 19:15:20,756 [grpc-default-executor-0] INFO  impl.SnapshotInstallationHandler (SnapshotInstallationHandler.java:installSnapshot(89)) - s1@group-B7D5749140D7: receive installSnapshot: s0->s1#0-t1,chunk:d2db8613-16bb-48de-906d-c4bb585d3eae,3
2023-03-01 19:15:20,757 [grpc-default-executor-0] TRACE util.FileUtils (LogUtils.java:runAndLog(49)) - Successfully ran Files.createDirectories /home/runner/work/ratis/ratis/ratis-test/target/test/data/bfdeacae/MiniRaftClusterWithGrpcd4a997cd/s1/785ae1c5-4b3e-45a3-89f2-b7d5749140d7/tmp/snapshot-d2db8613-16bb-48de-906d-c4bb585d3eae
2023-03-01 19:15:20,757 [grpc-default-executor-0] INFO  storage.SnapshotManager (SnapshotManager.java:installSnapshot(89)) - Installing snapshot:s0->s1#0-t1,chunk:d2db8613-16bb-48de-906d-c4bb585d3eae,3, to tmp dir:/home/runner/work/ratis/ratis/ratis-test/target/test/data/bfdeacae/MiniRaftClusterWithGrpcd4a997cd/s1/785ae1c5-4b3e-45a3-89f2-b7d5749140d7/tmp/snapshot-d2db8613-16bb-48de-906d-c4bb585d3eae
2023-03-01 19:15:20,757 [grpc-default-executor-0] TRACE util.FileUtils (LogUtils.java:runAndLog(49)) - Successfully ran Files.createDirectories /home/runner/work/ratis/ratis/ratis-test/target/test/data/bfdeacae/MiniRaftClusterWithGrpcd4a997cd/s1/785ae1c5-4b3e-45a3-89f2-b7d5749140d7/tmp/snapshot-d2db8613-16bb-48de-906d-c4bb585d3eae/snapshot/sub
2023-03-01 19:15:20,758 [grpc-default-executor-0] INFO  impl.SnapshotInstallationHandler (SnapshotInstallationHandler.java:installSnapshot(100)) - s1@group-B7D5749140D7: reply installSnapshot: s0<-s1#0:OK-t1,SUCCESS,requestIndex=3
2023-03-01 19:15:20,758 [grpc-default-executor-3] INFO  server.GrpcLogAppender (GrpcLogAppender.java:onNext(496)) - s0@group-B7D5749140D7->s1-InstallSnapshotResponseHandler: received a reply s0<-s1#0:OK-t1,SUCCESS,requestIndex=3
2023-03-01 19:15:20,758 [grpc-default-executor-3] INFO  server.GrpcLogAppender (GrpcLogAppender.java:onNext(509)) - s0@group-B7D5749140D7->s1-InstallSnapshotResponseHandler: Completed InstallSnapshot. Reply: serverReply {
  requestorId: "s0"
  replyId: "s1"
  raftGroupId {
    id: "xZ\341\305K>E\243\211\362\267\325t\221@\327"
  }
  success: true
}
term: 1
requestIndex: 3

2023-03-01 19:15:20,758 [grpc-default-executor-3] INFO  leader.FollowerInfo (FollowerInfoImpl.java:setAttemptedToInstallSnapshot(126)) - Follower s0@group-B7D5749140D7->s1 acknowledged installing snapshot
2023-03-01 19:15:20,758 [grpc-default-executor-0] INFO  impl.SnapshotInstallationHandler (SnapshotInstallationHandler.java:installSnapshot(89)) - s1@group-B7D5749140D7: receive installSnapshot: s0->s1#0-t1,chunk:d2db8613-16bb-48de-906d-c4bb585d3eae,4
2023-03-01 19:15:20,759 [grpc-default-executor-0] TRACE util.FileUtils (LogUtils.java:runAndLog(49)) - Successfully ran Files.createDirectories /home/runner/work/ratis/ratis/ratis-test/target/test/data/bfdeacae/MiniRaftClusterWithGrpcd4a997cd/s1/785ae1c5-4b3e-45a3-89f2-b7d5749140d7/tmp/snapshot-d2db8613-16bb-48de-906d-c4bb585d3eae
2023-03-01 19:15:20,759 [grpc-default-executor-0] INFO  storage.SnapshotManager (SnapshotManager.java:installSnapshot(89)) - Installing snapshot:s0->s1#0-t1,chunk:d2db8613-16bb-48de-906d-c4bb585d3eae,4, to tmp dir:/home/runner/work/ratis/ratis/ratis-test/target/test/data/bfdeacae/MiniRaftClusterWithGrpcd4a997cd/s1/785ae1c5-4b3e-45a3-89f2-b7d5749140d7/tmp/snapshot-d2db8613-16bb-48de-906d-c4bb585d3eae
2023-03-01 19:15:20,759 [grpc-default-executor-0] TRACE util.FileUtils (LogUtils.java:runAndLog(49)) - Successfully ran Files.createDirectories /home/runner/work/ratis/ratis/ratis-test/target/test/data/bfdeacae/MiniRaftClusterWithGrpcd4a997cd/s1/785ae1c5-4b3e-45a3-89f2-b7d5749140d7/tmp/snapshot-d2db8613-16bb-48de-906d-c4bb585d3eae/snapshot/sub
2023-03-01 19:15:20,759 [grpc-default-executor-3] INFO  impl.SnapshotInstallationHandler (SnapshotInstallationHandler.java:installSnapshot(89)) - s2@group-B7D5749140D7: receive installSnapshot: s0->s2#0-t1,chunk:9fd5bc59-ff80-4767-9ef4-e3bea80ec229,2
2023-03-01 19:15:20,760 [grpc-default-executor-3] TRACE util.FileUtils (LogUtils.java:runAndLog(49)) - Successfully ran Files.createDirectories /home/runner/work/ratis/ratis/ratis-test/target/test/data/bfdeacae/MiniRaftClusterWithGrpcd4a997cd/s2/785ae1c5-4b3e-45a3-89f2-b7d5749140d7/tmp/snapshot-9fd5bc59-ff80-4767-9ef4-e3bea80ec229
2023-03-01 19:15:20,760 [grpc-default-executor-3] INFO  storage.SnapshotManager (SnapshotManager.java:installSnapshot(89)) - Installing snapshot:s0->s2#0-t1,chunk:9fd5bc59-ff80-4767-9ef4-e3bea80ec229,2, to tmp dir:/home/runner/work/ratis/ratis/ratis-test/target/test/data/bfdeacae/MiniRaftClusterWithGrpcd4a997cd/s2/785ae1c5-4b3e-45a3-89f2-b7d5749140d7/tmp/snapshot-9fd5bc59-ff80-4767-9ef4-e3bea80ec229
2023-03-01 19:15:20,760 [grpc-default-executor-3] TRACE util.FileUtils (LogUtils.java:runAndLog(49)) - Successfully ran Files.createDirectories /home/runner/work/ratis/ratis/ratis-test/target/test/data/bfdeacae/MiniRaftClusterWithGrpcd4a997cd/s2/785ae1c5-4b3e-45a3-89f2-b7d5749140d7/tmp/snapshot-9fd5bc59-ff80-4767-9ef4-e3bea80ec229/snapshot/sub
2023-03-01 19:15:20,760 [grpc-default-executor-3] INFO  impl.SnapshotInstallationHandler (SnapshotInstallationHandler.java:installSnapshot(100)) - s2@group-B7D5749140D7: reply installSnapshot: s0<-s2#0:OK-t1,SUCCESS,requestIndex=2
2023-03-01 19:15:20,760 [grpc-default-executor-2] INFO  server.GrpcLogAppender (GrpcLogAppender.java:onNext(496)) - s0@group-B7D5749140D7->s2-InstallSnapshotResponseHandler: received a reply s0<-s2#0:OK-t1,SUCCESS,requestIndex=2
2023-03-01 19:15:20,761 [grpc-default-executor-2] INFO  server.GrpcLogAppender (GrpcLogAppender.java:onNext(509)) - s0@group-B7D5749140D7->s2-InstallSnapshotResponseHandler: Completed InstallSnapshot. Reply: serverReply {
  requestorId: "s0"
  replyId: "s2"
  raftGroupId {
    id: "xZ\341\305K>E\243\211\362\267\325t\221@\327"
  }
  success: true
}
term: 1
requestIndex: 2

2023-03-01 19:15:20,761 [grpc-default-executor-2] INFO  leader.FollowerInfo (FollowerInfoImpl.java:setAttemptedToInstallSnapshot(126)) - Follower s0@group-B7D5749140D7->s2 acknowledged installing snapshot
2023-03-01 19:15:20,763 [grpc-default-executor-2] WARN  server.GrpcLogAppender (LogUtils.java:warn(122)) - s0@group-B7D5749140D7->s2-InstallSnapshotResponseHandler: Failed InstallSnapshot: org.apache.ratis.thirdparty.io.grpc.StatusRuntimeException: CANCELLED: Failed to read message.
2023-03-01 19:15:20,763 [grpc-default-executor-3] WARN  server.GrpcServerProtocolService (LogUtils.java:warn(122)) - s2: installSnapshot onError, lastRequest: s0->s2#0-t1,chunk:9fd5bc59-ff80-4767-9ef4-e3bea80ec229,2: org.apache.ratis.thirdparty.io.grpc.StatusRuntimeException: CANCELLED: client cancelled
2023-03-01 19:15:20,767 [grpc-default-executor-0] INFO  impl.SnapshotInstallationHandler (SnapshotInstallationHandler.java:installSnapshot(100)) - s1@group-B7D5749140D7: reply installSnapshot: s0<-s1#0:OK-t1,SUCCESS,requestIndex=4
2023-03-01 19:15:20,768 [grpc-default-executor-3] INFO  server.GrpcLogAppender (GrpcLogAppender.java:onNext(496)) - s0@group-B7D5749140D7->s1-InstallSnapshotResponseHandler: received a reply s0<-s1#0:OK-t1,SUCCESS,requestIndex=4
2023-03-01 19:15:20,768 [grpc-default-executor-3] INFO  server.GrpcLogAppender (GrpcLogAppender.java:onNext(509)) - s0@group-B7D5749140D7->s1-InstallSnapshotResponseHandler: Completed InstallSnapshot. Reply: serverReply {
  requestorId: "s0"
  replyId: "s1"
  raftGroupId {
    id: "xZ\341\305K>E\243\211\362\267\325t\221@\327"
  }
  success: true
}
term: 1
requestIndex: 4

2023-03-01 19:15:20,768 [grpc-default-executor-3] INFO  leader.FollowerInfo (FollowerInfoImpl.java:setAttemptedToInstallSnapshot(126)) - Follower s0@group-B7D5749140D7->s1 acknowledged installing snapshot
2023-03-01 19:15:20,768 [grpc-default-executor-0] INFO  impl.SnapshotInstallationHandler (SnapshotInstallationHandler.java:installSnapshot(89)) - s1@group-B7D5749140D7: receive installSnapshot: s0->s1#0-t1,chunk:d2db8613-16bb-48de-906d-c4bb585d3eae,5
2023-03-01 19:15:20,768 [grpc-default-executor-0] TRACE util.FileUtils (LogUtils.java:runAndLog(49)) - Successfully ran Files.createDirectories /home/runner/work/ratis/ratis/ratis-test/target/test/data/bfdeacae/MiniRaftClusterWithGrpcd4a997cd/s1/785ae1c5-4b3e-45a3-89f2-b7d5749140d7/tmp/snapshot-d2db8613-16bb-48de-906d-c4bb585d3eae
2023-03-01 19:15:20,769 [grpc-default-executor-0] INFO  storage.SnapshotManager (SnapshotManager.java:installSnapshot(89)) - Installing snapshot:s0->s1#0-t1,chunk:d2db8613-16bb-48de-906d-c4bb585d3eae,5, to tmp dir:/home/runner/work/ratis/ratis/ratis-test/target/test/data/bfdeacae/MiniRaftClusterWithGrpcd4a997cd/s1/785ae1c5-4b3e-45a3-89f2-b7d5749140d7/tmp/snapshot-d2db8613-16bb-48de-906d-c4bb585d3eae
2023-03-01 19:15:20,769 [grpc-default-executor-0] TRACE util.FileUtils (LogUtils.java:runAndLog(49)) - Successfully ran Files.createDirectories /home/runner/work/ratis/ratis/ratis-test/target/test/data/bfdeacae/MiniRaftClusterWithGrpcd4a997cd/s1/785ae1c5-4b3e-45a3-89f2-b7d5749140d7/tmp/snapshot-d2db8613-16bb-48de-906d-c4bb585d3eae
2023-03-01 19:15:20,769 [grpc-default-executor-0] INFO  impl.SnapshotInstallationHandler (SnapshotInstallationHandler.java:installSnapshot(100)) - s1@group-B7D5749140D7: reply installSnapshot: s0<-s1#0:OK-t1,SUCCESS,requestIndex=5
2023-03-01 19:15:20,769 [grpc-default-executor-3] INFO  server.GrpcLogAppender (GrpcLogAppender.java:onNext(496)) - s0@group-B7D5749140D7->s1-InstallSnapshotResponseHandler: received a reply s0<-s1#0:OK-t1,SUCCESS,requestIndex=5
2023-03-01 19:15:20,770 [grpc-default-executor-3] INFO  server.GrpcLogAppender (GrpcLogAppender.java:onNext(509)) - s0@group-B7D5749140D7->s1-InstallSnapshotResponseHandler: Completed InstallSnapshot. Reply: serverReply {
  requestorId: "s0"
  replyId: "s1"
  raftGroupId {
    id: "xZ\341\305K>E\243\211\362\267\325t\221@\327"
  }
  success: true
}
term: 1
requestIndex: 5

2023-03-01 19:15:20,770 [grpc-default-executor-3] INFO  leader.FollowerInfo (FollowerInfoImpl.java:setAttemptedToInstallSnapshot(126)) - Follower s0@group-B7D5749140D7->s1 acknowledged installing snapshot
2023-03-01 19:15:20,770 [grpc-default-executor-0] INFO  impl.SnapshotInstallationHandler (SnapshotInstallationHandler.java:installSnapshot(89)) - s1@group-B7D5749140D7: receive installSnapshot: s0->s1#0-t1,chunk:d2db8613-16bb-48de-906d-c4bb585d3eae,6
2023-03-01 19:15:20,770 [grpc-default-executor-0] TRACE util.FileUtils (LogUtils.java:runAndLog(49)) - Successfully ran Files.createDirectories /home/runner/work/ratis/ratis/ratis-test/target/test/data/bfdeacae/MiniRaftClusterWithGrpcd4a997cd/s1/785ae1c5-4b3e-45a3-89f2-b7d5749140d7/tmp/snapshot-d2db8613-16bb-48de-906d-c4bb585d3eae
2023-03-01 19:15:20,770 [grpc-default-executor-0] INFO  storage.SnapshotManager (SnapshotManager.java:installSnapshot(89)) - Installing snapshot:s0->s1#0-t1,chunk:d2db8613-16bb-48de-906d-c4bb585d3eae,6, to tmp dir:/home/runner/work/ratis/ratis/ratis-test/target/test/data/bfdeacae/MiniRaftClusterWithGrpcd4a997cd/s1/785ae1c5-4b3e-45a3-89f2-b7d5749140d7/tmp/snapshot-d2db8613-16bb-48de-906d-c4bb585d3eae
2023-03-01 19:15:20,770 [grpc-default-executor-0] TRACE util.FileUtils (LogUtils.java:runAndLog(49)) - Successfully ran Files.createDirectories /home/runner/work/ratis/ratis/ratis-test/target/test/data/bfdeacae/MiniRaftClusterWithGrpcd4a997cd/s1/785ae1c5-4b3e-45a3-89f2-b7d5749140d7/tmp/snapshot-d2db8613-16bb-48de-906d-c4bb585d3eae
2023-03-01 19:15:20,772 [grpc-default-executor-0] INFO  impl.SnapshotInstallationHandler (SnapshotInstallationHandler.java:installSnapshot(100)) - s1@group-B7D5749140D7: reply installSnapshot: s0<-s1#0:OK-t1,SUCCESS,requestIndex=6
2023-03-01 19:15:20,772 [grpc-default-executor-3] INFO  server.GrpcLogAppender (GrpcLogAppender.java:onNext(496)) - s0@group-B7D5749140D7->s1-InstallSnapshotResponseHandler: received a reply s0<-s1#0:OK-t1,SUCCESS,requestIndex=6
2023-03-01 19:15:20,772 [grpc-default-executor-3] INFO  server.GrpcLogAppender (GrpcLogAppender.java:onNext(509)) - s0@group-B7D5749140D7->s1-InstallSnapshotResponseHandler: Completed InstallSnapshot. Reply: serverReply {
  requestorId: "s0"
  replyId: "s1"
  raftGroupId {
    id: "xZ\341\305K>E\243\211\362\267\325t\221@\327"
  }
  success: true
}
term: 1
requestIndex: 6

2023-03-01 19:15:20,773 [grpc-default-executor-3] INFO  leader.FollowerInfo (FollowerInfoImpl.java:setAttemptedToInstallSnapshot(126)) - Follower s0@group-B7D5749140D7->s1 acknowledged installing snapshot
2023-03-01 19:15:20,773 [grpc-default-executor-0] INFO  impl.SnapshotInstallationHandler (SnapshotInstallationHandler.java:installSnapshot(89)) - s1@group-B7D5749140D7: receive installSnapshot: s0->s1#0-t1,chunk:d2db8613-16bb-48de-906d-c4bb585d3eae,7
2023-03-01 19:15:20,773 [grpc-default-executor-0] TRACE util.FileUtils (LogUtils.java:runAndLog(49)) - Successfully ran Files.createDirectories /home/runner/work/ratis/ratis/ratis-test/target/test/data/bfdeacae/MiniRaftClusterWithGrpcd4a997cd/s1/785ae1c5-4b3e-45a3-89f2-b7d5749140d7/tmp/snapshot-d2db8613-16bb-48de-906d-c4bb585d3eae
2023-03-01 19:15:20,773 [grpc-default-executor-0] INFO  storage.SnapshotManager (SnapshotManager.java:installSnapshot(89)) - Installing snapshot:s0->s1#0-t1,chunk:d2db8613-16bb-48de-906d-c4bb585d3eae,7, to tmp dir:/home/runner/work/ratis/ratis/ratis-test/target/test/data/bfdeacae/MiniRaftClusterWithGrpcd4a997cd/s1/785ae1c5-4b3e-45a3-89f2-b7d5749140d7/tmp/snapshot-d2db8613-16bb-48de-906d-c4bb585d3eae
2023-03-01 19:15:20,773 [grpc-default-executor-0] TRACE util.FileUtils (LogUtils.java:runAndLog(49)) - Successfully ran Files.createDirectories /home/runner/work/ratis/ratis/ratis-test/target/test/data/bfdeacae/MiniRaftClusterWithGrpcd4a997cd/s1/785ae1c5-4b3e-45a3-89f2-b7d5749140d7/tmp/snapshot-d2db8613-16bb-48de-906d-c4bb585d3eae
2023-03-01 19:15:20,773 [grpc-default-executor-0] INFO  impl.SnapshotInstallationHandler (SnapshotInstallationHandler.java:installSnapshot(100)) - s1@group-B7D5749140D7: reply installSnapshot: s0<-s1#0:OK-t1,SUCCESS,requestIndex=7
2023-03-01 19:15:20,775 [grpc-default-executor-3] INFO  server.GrpcLogAppender (GrpcLogAppender.java:onNext(496)) - s0@group-B7D5749140D7->s1-InstallSnapshotResponseHandler: received a reply s0<-s1#0:OK-t1,SUCCESS,requestIndex=7
2023-03-01 19:15:20,775 [grpc-default-executor-3] INFO  server.GrpcLogAppender (GrpcLogAppender.java:onNext(509)) - s0@group-B7D5749140D7->s1-InstallSnapshotResponseHandler: Completed InstallSnapshot. Reply: serverReply {
  requestorId: "s0"
  replyId: "s1"
  raftGroupId {
    id: "xZ\341\305K>E\243\211\362\267\325t\221@\327"
  }
  success: true
}
term: 1
requestIndex: 7

2023-03-01 19:15:20,776 [grpc-default-executor-3] INFO  leader.FollowerInfo (FollowerInfoImpl.java:setAttemptedToInstallSnapshot(126)) - Follower s0@group-B7D5749140D7->s1 acknowledged installing snapshot
2023-03-01 19:15:20,777 [grpc-default-executor-0] INFO  impl.SnapshotInstallationHandler (SnapshotInstallationHandler.java:installSnapshot(89)) - s1@group-B7D5749140D7: receive installSnapshot: s0->s1#0-t1,chunk:d2db8613-16bb-48de-906d-c4bb585d3eae,8
2023-03-01 19:15:20,777 [grpc-default-executor-0] TRACE util.FileUtils (LogUtils.java:runAndLog(49)) - Successfully ran Files.createDirectories /home/runner/work/ratis/ratis/ratis-test/target/test/data/bfdeacae/MiniRaftClusterWithGrpcd4a997cd/s1/785ae1c5-4b3e-45a3-89f2-b7d5749140d7/tmp/snapshot-d2db8613-16bb-48de-906d-c4bb585d3eae
2023-03-01 19:15:20,777 [grpc-default-executor-0] INFO  storage.SnapshotManager (SnapshotManager.java:installSnapshot(89)) - Installing snapshot:s0->s1#0-t1,chunk:d2db8613-16bb-48de-906d-c4bb585d3eae,8, to tmp dir:/home/runner/work/ratis/ratis/ratis-test/target/test/data/bfdeacae/MiniRaftClusterWithGrpcd4a997cd/s1/785ae1c5-4b3e-45a3-89f2-b7d5749140d7/tmp/snapshot-d2db8613-16bb-48de-906d-c4bb585d3eae
2023-03-01 19:15:20,778 [grpc-default-executor-0] TRACE util.FileUtils (LogUtils.java:runAndLog(49)) - Successfully ran Files.createDirectories /home/runner/work/ratis/ratis/ratis-test/target/test/data/bfdeacae/MiniRaftClusterWithGrpcd4a997cd/s1/785ae1c5-4b3e-45a3-89f2-b7d5749140d7/tmp/snapshot-d2db8613-16bb-48de-906d-c4bb585d3eae
2023-03-01 19:15:20,778 [grpc-default-executor-0] INFO  impl.SnapshotInstallationHandler (SnapshotInstallationHandler.java:installSnapshot(100)) - s1@group-B7D5749140D7: reply installSnapshot: s0<-s1#0:OK-t1,SUCCESS,requestIndex=8
2023-03-01 19:15:20,778 [grpc-default-executor-2] INFO  server.GrpcLogAppender (GrpcLogAppender.java:onNext(496)) - s0@group-B7D5749140D7->s1-InstallSnapshotResponseHandler: received a reply s0<-s1#0:OK-t1,SUCCESS,requestIndex=8
2023-03-01 19:15:20,778 [grpc-default-executor-2] INFO  server.GrpcLogAppender (GrpcLogAppender.java:onNext(509)) - s0@group-B7D5749140D7->s1-InstallSnapshotResponseHandler: Completed InstallSnapshot. Reply: serverReply {
  requestorId: "s0"
  replyId: "s1"
  raftGroupId {
    id: "xZ\341\305K>E\243\211\362\267\325t\221@\327"
  }
  success: true
}
term: 1
requestIndex: 8

2023-03-01 19:15:20,778 [grpc-default-executor-2] INFO  leader.FollowerInfo (FollowerInfoImpl.java:setAttemptedToInstallSnapshot(126)) - Follower s0@group-B7D5749140D7->s1 acknowledged installing snapshot
2023-03-01 19:15:20,779 [grpc-default-executor-0] INFO  impl.SnapshotInstallationHandler (SnapshotInstallationHandler.java:installSnapshot(89)) - s1@group-B7D5749140D7: receive installSnapshot: s0->s1#0-t1,chunk:d2db8613-16bb-48de-906d-c4bb585d3eae,9
2023-03-01 19:15:20,779 [grpc-default-executor-0] TRACE util.FileUtils (LogUtils.java:runAndLog(49)) - Successfully ran Files.createDirectories /home/runner/work/ratis/ratis/ratis-test/target/test/data/bfdeacae/MiniRaftClusterWithGrpcd4a997cd/s1/785ae1c5-4b3e-45a3-89f2-b7d5749140d7/tmp/snapshot-d2db8613-16bb-48de-906d-c4bb585d3eae
2023-03-01 19:15:20,779 [grpc-default-executor-0] INFO  storage.SnapshotManager (SnapshotManager.java:installSnapshot(89)) - Installing snapshot:s0->s1#0-t1,chunk:d2db8613-16bb-48de-906d-c4bb585d3eae,9, to tmp dir:/home/runner/work/ratis/ratis/ratis-test/target/test/data/bfdeacae/MiniRaftClusterWithGrpcd4a997cd/s1/785ae1c5-4b3e-45a3-89f2-b7d5749140d7/tmp/snapshot-d2db8613-16bb-48de-906d-c4bb585d3eae
2023-03-01 19:15:20,779 [grpc-default-executor-0] TRACE util.FileUtils (LogUtils.java:runAndLog(49)) - Successfully ran Files.createDirectories /home/runner/work/ratis/ratis/ratis-test/target/test/data/bfdeacae/MiniRaftClusterWithGrpcd4a997cd/s1/785ae1c5-4b3e-45a3-89f2-b7d5749140d7/tmp/snapshot-d2db8613-16bb-48de-906d-c4bb585d3eae
2023-03-01 19:15:20,779 [grpc-default-executor-0] INFO  impl.SnapshotInstallationHandler (SnapshotInstallationHandler.java:installSnapshot(100)) - s1@group-B7D5749140D7: reply installSnapshot: s0<-s1#0:OK-t1,SUCCESS,requestIndex=9
2023-03-01 19:15:20,780 [grpc-default-executor-2] INFO  server.GrpcLogAppender (GrpcLogAppender.java:onNext(496)) - s0@group-B7D5749140D7->s1-InstallSnapshotResponseHandler: received a reply s0<-s1#0:OK-t1,SUCCESS,requestIndex=9
2023-03-01 19:15:20,780 [grpc-default-executor-2] INFO  server.GrpcLogAppender (GrpcLogAppender.java:onNext(509)) - s0@group-B7D5749140D7->s1-InstallSnapshotResponseHandler: Completed InstallSnapshot. Reply: serverReply {
  requestorId: "s0"
  replyId: "s1"
  raftGroupId {
    id: "xZ\341\305K>E\243\211\362\267\325t\221@\327"
  }
  success: true
}
term: 1
requestIndex: 9

2023-03-01 19:15:20,780 [grpc-default-executor-2] INFO  leader.FollowerInfo (FollowerInfoImpl.java:setAttemptedToInstallSnapshot(126)) - Follower s0@group-B7D5749140D7->s1 acknowledged installing snapshot
2023-03-01 19:15:20,780 [grpc-default-executor-0] INFO  impl.SnapshotInstallationHandler (SnapshotInstallationHandler.java:installSnapshot(89)) - s1@group-B7D5749140D7: receive installSnapshot: s0->s1#0-t1,chunk:d2db8613-16bb-48de-906d-c4bb585d3eae,10
2023-03-01 19:15:20,780 [grpc-default-executor-0] TRACE util.FileUtils (LogUtils.java:runAndLog(49)) - Successfully ran Files.createDirectories /home/runner/work/ratis/ratis/ratis-test/target/test/data/bfdeacae/MiniRaftClusterWithGrpcd4a997cd/s1/785ae1c5-4b3e-45a3-89f2-b7d5749140d7/tmp/snapshot-d2db8613-16bb-48de-906d-c4bb585d3eae
2023-03-01 19:15:20,780 [grpc-default-executor-0] INFO  storage.SnapshotManager (SnapshotManager.java:installSnapshot(89)) - Installing snapshot:s0->s1#0-t1,chunk:d2db8613-16bb-48de-906d-c4bb585d3eae,10, to tmp dir:/home/runner/work/ratis/ratis/ratis-test/target/test/data/bfdeacae/MiniRaftClusterWithGrpcd4a997cd/s1/785ae1c5-4b3e-45a3-89f2-b7d5749140d7/tmp/snapshot-d2db8613-16bb-48de-906d-c4bb585d3eae
2023-03-01 19:15:20,780 [grpc-default-executor-0] TRACE util.FileUtils (LogUtils.java:runAndLog(49)) - Successfully ran Files.createDirectories /home/runner/work/ratis/ratis/ratis-test/target/test/data/bfdeacae/MiniRaftClusterWithGrpcd4a997cd/s1/785ae1c5-4b3e-45a3-89f2-b7d5749140d7/tmp/snapshot-d2db8613-16bb-48de-906d-c4bb585d3eae
2023-03-01 19:15:20,781 [s2-server-thread1] INFO  impl.RoleInfo (RoleInfo.java:updateAndGet(139)) - s2: start s2@group-B7D5749140D7-FollowerState
2023-03-01 19:15:20,782 [grpc-default-executor-0] INFO  storage.SnapshotManager (SnapshotManager.java:rename(168)) - Installed snapshot, renaming temporary dir /home/runner/work/ratis/ratis/ratis-test/target/test/data/bfdeacae/MiniRaftClusterWithGrpcd4a997cd/s1/785ae1c5-4b3e-45a3-89f2-b7d5749140d7/tmp/snapshot-d2db8613-16bb-48de-906d-c4bb585d3eae to /home/runner/work/ratis/ratis/ratis-test/target/test/data/bfdeacae/MiniRaftClusterWithGrpcd4a997cd/s1/785ae1c5-4b3e-45a3-89f2-b7d5749140d7/sm
2023-03-01 19:15:20,782 [grpc-default-executor-0] TRACE util.FileUtils (LogUtils.java:runAndLog(49)) - Successfully ran Atomic Files.move /home/runner/work/ratis/ratis/ratis-test/target/test/data/bfdeacae/MiniRaftClusterWithGrpcd4a997cd/s1/785ae1c5-4b3e-45a3-89f2-b7d5749140d7/sm to /home/runner/work/ratis/ratis/ratis-test/target/test/data/bfdeacae/MiniRaftClusterWithGrpcd4a997cd/s1/785ae1c5-4b3e-45a3-89f2-b7d5749140d7/sm.tmp20230301-191520_782
2023-03-01 19:15:20,782 [grpc-default-executor-0] TRACE util.FileUtils (LogUtils.java:runAndLog(49)) - Successfully ran Atomic Files.move /home/runner/work/ratis/ratis/ratis-test/target/test/data/bfdeacae/MiniRaftClusterWithGrpcd4a997cd/s1/785ae1c5-4b3e-45a3-89f2-b7d5749140d7/tmp/snapshot-d2db8613-16bb-48de-906d-c4bb585d3eae to /home/runner/work/ratis/ratis/ratis-test/target/test/data/bfdeacae/MiniRaftClusterWithGrpcd4a997cd/s1/785ae1c5-4b3e-45a3-89f2-b7d5749140d7/sm
2023-03-01 19:15:20,782 [grpc-default-executor-0] TRACE util.FileUtils (FileUtils.java:deleteFully(201)) - deleteFully /home/runner/work/ratis/ratis/ratis-test/target/test/data/bfdeacae/MiniRaftClusterWithGrpcd4a997cd/s1/785ae1c5-4b3e-45a3-89f2-b7d5749140d7/sm.tmp20230301-191520_782
2023-03-01 19:15:20,783 [grpc-default-executor-0] TRACE util.FileUtils (LogUtils.java:runAndLog(49)) - Successfully ran Files.delete /home/runner/work/ratis/ratis/ratis-test/target/test/data/bfdeacae/MiniRaftClusterWithGrpcd4a997cd/s1/785ae1c5-4b3e-45a3-89f2-b7d5749140d7/sm.tmp20230301-191520_782
2023-03-01 19:15:20,783 [grpc-default-executor-0] INFO  raftlog.RaftLog (RaftLogBase.java:lambda$new$0(53)) - s1@group-B7D5749140D7-SegmentedRaftLog: snapshotIndex: updateIncreasingly -1 -> 191
2023-03-01 19:15:20,783 [grpc-default-executor-0] INFO  impl.SnapshotInstallationHandler (SnapshotInstallationHandler.java:checkAndInstallSnapshot(193)) - s1@group-B7D5749140D7: successfully install the entire snapshot-191
2023-03-01 19:15:20,783 [grpc-default-executor-0] INFO  impl.SnapshotInstallationHandler (SnapshotInstallationHandler.java:installSnapshot(100)) - s1@group-B7D5749140D7: reply installSnapshot: s0<-s1#0:OK-t1,SUCCESS,requestIndex=10
2023-03-01 19:15:20,783 [grpc-default-executor-0] INFO  server.GrpcServerProtocolService (GrpcServerProtocolService.java:onCompleted(143)) - s1: Completed INSTALL_SNAPSHOT, lastRequest: s0->s1#0-t1,chunk:d2db8613-16bb-48de-906d-c4bb585d3eae,10
2023-03-01 19:15:20,784 [s1@group-B7D5749140D7-StateMachineUpdater] INFO  impl.SimpleStateMachine4Testing (SimpleStateMachine4Testing.java:reinitialize(236)) - Reinitializing StateMachineWithMultiNestedSnapshotFile:s1:group-B7D5749140D7
2023-03-01 19:15:20,784 [s1@group-B7D5749140D7-StateMachineUpdater] INFO  impl.SimpleStateMachine4Testing (SimpleStateMachine4Testing.java:loadSnapshot(293)) - Loading snapshot SingleFileSnapshotInfo(t:1, i:191):[/home/runner/work/ratis/ratis/ratis-test/target/test/data/bfdeacae/MiniRaftClusterWithGrpcd4a997cd/s1/785ae1c5-4b3e-45a3-89f2-b7d5749140d7/sm/snapshot.1_191]
2023-03-01 19:15:20,784 [s1@group-B7D5749140D7-StateMachineUpdater] INFO  impl.SimpleStateMachine4Testing (SimpleStateMachine4Testing.java:put(205)) - s1: put 1, m0 -> (t:1, i:1), STATEMACHINELOGENTRY, 258@client-7CA809478611
2023-03-01 19:15:20,784 [s1@group-B7D5749140D7-StateMachineUpdater] INFO  impl.SimpleStateMachine4Testing (SimpleStateMachine4Testing.java:put(205)) - s1: put 3, m1 -> (t:1, i:3), STATEMACHINELOGENTRY, 259@client-7CA809478611
2023-03-01 19:15:20,784 [s1@group-B7D5749140D7-StateMachineUpdater] INFO  impl.SimpleStateMachine4Testing (SimpleStateMachine4Testing.java:put(205)) - s1: put 5, m2 -> (t:1, i:5), STATEMACHINELOGENTRY, 260@client-7CA809478611
2023-03-01 19:15:20,784 [s1@group-B7D5749140D7-StateMachineUpdater] INFO  impl.SimpleStateMachine4Testing (SimpleStateMachine4Testing.java:put(205)) - s1: put 7, m3 -> (t:1, i:7), STATEMACHINELOGENTRY, 261@client-7CA809478611
2023-03-01 19:15:20,784 [s1@group-B7D5749140D7-StateMachineUpdater] INFO  impl.SimpleStateMachine4Testing (SimpleStateMachine4Testing.java:put(205)) - s1: put 9, m4 -> (t:1, i:9), STATEMACHINELOGENTRY, 262@client-7CA809478611
2023-03-01 19:15:20,784 [s1@group-B7D5749140D7-StateMachineUpdater] INFO  impl.SimpleStateMachine4Testing (SimpleStateMachine4Testing.java:put(205)) - s1: put 11, m5 -> (t:1, i:11), STATEMACHINELOGENTRY, 263@client-7CA809478611
2023-03-01 19:15:20,784 [s1@group-B7D5749140D7-StateMachineUpdater] INFO  impl.SimpleStateMachine4Testing (SimpleStateMachine4Testing.java:put(205)) - s1: put 13, m6 -> (t:1, i:13), STATEMACHINELOGENTRY, 264@client-7CA809478611
2023-03-01 19:15:20,784 [s1@group-B7D5749140D7-StateMachineUpdater] INFO  impl.SimpleStateMachine4Testing (SimpleStateMachine4Testing.java:put(205)) - s1: put 15, m7 -> (t:1, i:15), STATEMACHINELOGENTRY, 265@client-7CA809478611
2023-03-01 19:15:20,784 [s1@group-B7D5749140D7-StateMachineUpdater] INFO  impl.SimpleStateMachine4Testing (SimpleStateMachine4Testing.java:put(205)) - s1: put 17, m8 -> (t:1, i:17), STATEMACHINELOGENTRY, 266@client-7CA809478611
2023-03-01 19:15:20,784 [s1@group-B7D5749140D7-StateMachineUpdater] INFO  impl.SimpleStateMachine4Testing (SimpleStateMachine4Testing.java:put(205)) - s1: put 19, m9 -> (t:1, i:19), STATEMACHINELOGENTRY, 267@client-7CA809478611
2023-03-01 19:15:20,784 [s1@group-B7D5749140D7-StateMachineUpdater] INFO  impl.SimpleStateMachine4Testing (SimpleStateMachine4Testing.java:put(205)) - s1: put 21, m10 -> (t:1, i:21), STATEMACHINELOGENTRY, 268@client-7CA809478611
2023-03-01 19:15:20,785 [s1@group-B7D5749140D7-StateMachineUpdater] INFO  impl.SimpleStateMachine4Testing (SimpleStateMachine4Testing.java:put(205)) - s1: put 23, m11 -> (t:1, i:23), STATEMACHINELOGENTRY, 269@client-7CA809478611
2023-03-01 19:15:20,785 [s1@group-B7D5749140D7-StateMachineUpdater] INFO  impl.SimpleStateMachine4Testing (SimpleStateMachine4Testing.java:put(205)) - s1: put 25, m12 -> (t:1, i:25), STATEMACHINELOGENTRY, 270@client-7CA809478611
2023-03-01 19:15:20,785 [s1@group-B7D5749140D7-StateMachineUpdater] INFO  impl.SimpleStateMachine4Testing (SimpleStateMachine4Testing.java:put(205)) - s1: put 27, m13 -> (t:1, i:27), STATEMACHINELOGENTRY, 271@client-7CA809478611
2023-03-01 19:15:20,785 [s1@group-B7D5749140D7-StateMachineUpdater] INFO  impl.SimpleStateMachine4Testing (SimpleStateMachine4Testing.java:put(205)) - s1: put 29, m14 -> (t:1, i:29), STATEMACHINELOGENTRY, 272@client-7CA809478611
2023-03-01 19:15:20,785 [s1@group-B7D5749140D7-StateMachineUpdater] INFO  impl.SimpleStateMachine4Testing (SimpleStateMachine4Testing.java:put(205)) - s1: put 31, m15 -> (t:1, i:31), STATEMACHINELOGENTRY, 273@client-7CA809478611
2023-03-01 19:15:20,785 [grpc-default-executor-2] INFO  server.GrpcLogAppender (GrpcLogAppender.java:onNext(496)) - s0@group-B7D5749140D7->s1-InstallSnapshotResponseHandler: received a reply s0<-s1#0:OK-t1,SUCCESS,requestIndex=10
2023-03-01 19:15:20,785 [s1@group-B7D5749140D7-StateMachineUpdater] INFO  impl.SimpleStateMachine4Testing (SimpleStateMachine4Testing.java:put(205)) - s1: put 33, m16 -> (t:1, i:33), STATEMACHINELOGENTRY, 274@client-7CA809478611
2023-03-01 19:15:20,785 [s1@group-B7D5749140D7-StateMachineUpdater] INFO  impl.SimpleStateMachine4Testing (SimpleStateMachine4Testing.java:put(205)) - s1: put 35, m17 -> (t:1, i:35), STATEMACHINELOGENTRY, 275@client-7CA809478611
2023-03-01 19:15:20,785 [grpc-default-executor-2] INFO  server.GrpcLogAppender (GrpcLogAppender.java:onNext(509)) - s0@group-B7D5749140D7->s1-InstallSnapshotResponseHandler: Completed InstallSnapshot. Reply: serverReply {
  requestorId: "s0"
  replyId: "s1"
  raftGroupId {
    id: "xZ\341\305K>E\243\211\362\267\325t\221@\327"
  }
  success: true
}
term: 1
requestIndex: 10

2023-03-01 19:15:20,785 [grpc-default-executor-2] INFO  leader.FollowerInfo (FollowerInfoImpl.java:setAttemptedToInstallSnapshot(126)) - Follower s0@group-B7D5749140D7->s1 acknowledged installing snapshot
2023-03-01 19:15:20,785 [s1@group-B7D5749140D7-StateMachineUpdater] INFO  impl.SimpleStateMachine4Testing (SimpleStateMachine4Testing.java:put(205)) - s1: put 37, m18 -> (t:1, i:37), STATEMACHINELOGENTRY, 276@client-7CA809478611
2023-03-01 19:15:20,785 [s1@group-B7D5749140D7-StateMachineUpdater] INFO  impl.SimpleStateMachine4Testing (SimpleStateMachine4Testing.java:put(205)) - s1: put 39, m19 -> (t:1, i:39), STATEMACHINELOGENTRY, 277@client-7CA809478611
2023-03-01 19:15:20,785 [s1@group-B7D5749140D7-StateMachineUpdater] INFO  impl.SimpleStateMachine4Testing (SimpleStateMachine4Testing.java:put(205)) - s1: put 41, m20 -> (t:1, i:41), STATEMACHINELOGENTRY, 278@client-7CA809478611
2023-03-01 19:15:20,786 [s1@group-B7D5749140D7-StateMachineUpdater] INFO  impl.SimpleStateMachine4Testing (SimpleStateMachine4Testing.java:put(205)) - s1: put 43, m21 -> (t:1, i:43), STATEMACHINELOGENTRY, 279@client-7CA809478611
2023-03-01 19:15:20,786 [s1@group-B7D5749140D7-StateMachineUpdater] INFO  impl.SimpleStateMachine4Testing (SimpleStateMachine4Testing.java:put(205)) - s1: put 45, m22 -> (t:1, i:45), STATEMACHINELOGENTRY, 280@client-7CA809478611
2023-03-01 19:15:20,786 [s1@group-B7D5749140D7-StateMachineUpdater] INFO  impl.SimpleStateMachine4Testing (SimpleStateMachine4Testing.java:put(205)) - s1: put 47, m23 -> (t:1, i:47), STATEMACHINELOGENTRY, 281@client-7CA809478611
2023-03-01 19:15:20,786 [s1@group-B7D5749140D7-StateMachineUpdater] INFO  impl.SimpleStateMachine4Testing (SimpleStateMachine4Testing.java:put(205)) - s1: put 49, m24 -> (t:1, i:49), STATEMACHINELOGENTRY, 282@client-7CA809478611
2023-03-01 19:15:20,786 [s1@group-B7D5749140D7-StateMachineUpdater] INFO  impl.SimpleStateMachine4Testing (SimpleStateMachine4Testing.java:put(205)) - s1: put 51, m25 -> (t:1, i:51), STATEMACHINELOGENTRY, 283@client-7CA809478611
2023-03-01 19:15:20,786 [grpc-default-executor-2] INFO  server.GrpcLogAppender (GrpcLogAppender.java:onCompleted(574)) - s0@group-B7D5749140D7->s1-InstallSnapshotResponseHandler: follower responded installSnapshot COMPLETED
2023-03-01 19:15:20,786 [s1@group-B7D5749140D7-StateMachineUpdater] INFO  impl.SimpleStateMachine4Testing (SimpleStateMachine4Testing.java:put(205)) - s1: put 53, m26 -> (t:1, i:53), STATEMACHINELOGENTRY, 284@client-7CA809478611
2023-03-01 19:15:20,786 [s1@group-B7D5749140D7-StateMachineUpdater] INFO  impl.SimpleStateMachine4Testing (SimpleStateMachine4Testing.java:put(205)) - s1: put 55, m27 -> (t:1, i:55), STATEMACHINELOGENTRY, 285@client-7CA809478611
2023-03-01 19:15:20,786 [s1@group-B7D5749140D7-StateMachineUpdater] INFO  impl.SimpleStateMachine4Testing (SimpleStateMachine4Testing.java:put(205)) - s1: put 57, m28 -> (t:1, i:57), STATEMACHINELOGENTRY, 286@client-7CA809478611
2023-03-01 19:15:20,786 [s1@group-B7D5749140D7-StateMachineUpdater] INFO  impl.SimpleStateMachine4Testing (SimpleStateMachine4Testing.java:put(205)) - s1: put 59, m29 -> (t:1, i:59), STATEMACHINELOGENTRY, 287@client-7CA809478611
2023-03-01 19:15:20,786 [s1@group-B7D5749140D7-StateMachineUpdater] INFO  impl.SimpleStateMachine4Testing (SimpleStateMachine4Testing.java:put(205)) - s1: put 61, m30 -> (t:1, i:61), STATEMACHINELOGENTRY, 288@client-7CA809478611
2023-03-01 19:15:20,786 [s1@group-B7D5749140D7-StateMachineUpdater] INFO  impl.SimpleStateMachine4Testing (SimpleStateMachine4Testing.java:put(205)) - s1: put 63, m31 -> (t:1, i:63), STATEMACHINELOGENTRY, 289@client-7CA809478611
2023-03-01 19:15:20,786 [s1@group-B7D5749140D7-StateMachineUpdater] INFO  impl.SimpleStateMachine4Testing (SimpleStateMachine4Testing.java:put(205)) - s1: put 65, m32 -> (t:1, i:65), STATEMACHINELOGENTRY, 290@client-7CA809478611
2023-03-01 19:15:20,786 [s1@group-B7D5749140D7-StateMachineUpdater] INFO  impl.SimpleStateMachine4Testing (SimpleStateMachine4Testing.java:put(205)) - s1: put 67, m33 -> (t:1, i:67), STATEMACHINELOGENTRY, 291@client-7CA809478611
2023-03-01 19:15:20,786 [s1@group-B7D5749140D7-StateMachineUpdater] INFO  impl.SimpleStateMachine4Testing (SimpleStateMachine4Testing.java:put(205)) - s1: put 69, m34 -> (t:1, i:69), STATEMACHINELOGENTRY, 292@client-7CA809478611
2023-03-01 19:15:20,786 [s1@group-B7D5749140D7-StateMachineUpdater] INFO  impl.SimpleStateMachine4Testing (SimpleStateMachine4Testing.java:put(205)) - s1: put 71, m35 -> (t:1, i:71), STATEMACHINELOGENTRY, 293@client-7CA809478611
2023-03-01 19:15:20,787 [s1@group-B7D5749140D7-StateMachineUpdater] INFO  impl.SimpleStateMachine4Testing (SimpleStateMachine4Testing.java:put(205)) - s1: put 73, m36 -> (t:1, i:73), STATEMACHINELOGENTRY, 294@client-7CA809478611
2023-03-01 19:15:20,787 [s1@group-B7D5749140D7-StateMachineUpdater] INFO  impl.SimpleStateMachine4Testing (SimpleStateMachine4Testing.java:put(205)) - s1: put 75, m37 -> (t:1, i:75), STATEMACHINELOGENTRY, 295@client-7CA809478611
2023-03-01 19:15:20,787 [s1@group-B7D5749140D7-StateMachineUpdater] INFO  impl.SimpleStateMachine4Testing (SimpleStateMachine4Testing.java:put(205)) - s1: put 77, m38 -> (t:1, i:77), STATEMACHINELOGENTRY, 296@client-7CA809478611
2023-03-01 19:15:20,787 [s1@group-B7D5749140D7-StateMachineUpdater] INFO  impl.SimpleStateMachine4Testing (SimpleStateMachine4Testing.java:put(205)) - s1: put 79, m39 -> (t:1, i:79), STATEMACHINELOGENTRY, 297@client-7CA809478611
2023-03-01 19:15:20,787 [s1@group-B7D5749140D7-StateMachineUpdater] INFO  impl.SimpleStateMachine4Testing (SimpleStateMachine4Testing.java:put(205)) - s1: put 81, m40 -> (t:1, i:81), STATEMACHINELOGENTRY, 298@client-7CA809478611
2023-03-01 19:15:20,787 [s1@group-B7D5749140D7-StateMachineUpdater] INFO  impl.SimpleStateMachine4Testing (SimpleStateMachine4Testing.java:put(205)) - s1: put 83, m41 -> (t:1, i:83), STATEMACHINELOGENTRY, 299@client-7CA809478611
2023-03-01 19:15:20,787 [s1@group-B7D5749140D7-StateMachineUpdater] INFO  impl.SimpleStateMachine4Testing (SimpleStateMachine4Testing.java:put(205)) - s1: put 85, m42 -> (t:1, i:85), STATEMACHINELOGENTRY, 300@client-7CA809478611
2023-03-01 19:15:20,787 [s1@group-B7D5749140D7-StateMachineUpdater] INFO  impl.SimpleStateMachine4Testing (SimpleStateMachine4Testing.java:put(205)) - s1: put 87, m43 -> (t:1, i:87), STATEMACHINELOGENTRY, 301@client-7CA809478611
2023-03-01 19:15:20,787 [s1@group-B7D5749140D7-StateMachineUpdater] INFO  impl.SimpleStateMachine4Testing (SimpleStateMachine4Testing.java:put(205)) - s1: put 89, m44 -> (t:1, i:89), STATEMACHINELOGENTRY, 302@client-7CA809478611
2023-03-01 19:15:20,787 [s1@group-B7D5749140D7-StateMachineUpdater] INFO  impl.SimpleStateMachine4Testing (SimpleStateMachine4Testing.java:put(205)) - s1: put 91, m45 -> (t:1, i:91), STATEMACHINELOGENTRY, 303@client-7CA809478611
2023-03-01 19:15:20,787 [s1@group-B7D5749140D7-StateMachineUpdater] INFO  impl.SimpleStateMachine4Testing (SimpleStateMachine4Testing.java:put(205)) - s1: put 93, m46 -> (t:1, i:93), STATEMACHINELOGENTRY, 304@client-7CA809478611
2023-03-01 19:15:20,787 [s1@group-B7D5749140D7-StateMachineUpdater] INFO  impl.SimpleStateMachine4Testing (SimpleStateMachine4Testing.java:put(205)) - s1: put 95, m47 -> (t:1, i:95), STATEMACHINELOGENTRY, 305@client-7CA809478611
2023-03-01 19:15:20,787 [s1@group-B7D5749140D7-StateMachineUpdater] INFO  impl.SimpleStateMachine4Testing (SimpleStateMachine4Testing.java:put(205)) - s1: put 97, m48 -> (t:1, i:97), STATEMACHINELOGENTRY, 306@client-7CA809478611
2023-03-01 19:15:20,787 [s1@group-B7D5749140D7-StateMachineUpdater] INFO  impl.SimpleStateMachine4Testing (SimpleStateMachine4Testing.java:put(205)) - s1: put 99, m49 -> (t:1, i:99), STATEMACHINELOGENTRY, 307@client-7CA809478611
2023-03-01 19:15:20,787 [s1@group-B7D5749140D7-StateMachineUpdater] INFO  impl.SimpleStateMachine4Testing (SimpleStateMachine4Testing.java:put(205)) - s1: put 101, m50 -> (t:1, i:101), STATEMACHINELOGENTRY, 308@client-7CA809478611
2023-03-01 19:15:20,787 [s1@group-B7D5749140D7-StateMachineUpdater] INFO  impl.SimpleStateMachine4Testing (SimpleStateMachine4Testing.java:put(205)) - s1: put 103, m51 -> (t:1, i:103), STATEMACHINELOGENTRY, 309@client-7CA809478611
2023-03-01 19:15:20,787 [s1@group-B7D5749140D7-StateMachineUpdater] INFO  impl.SimpleStateMachine4Testing (SimpleStateMachine4Testing.java:put(205)) - s1: put 105, m52 -> (t:1, i:105), STATEMACHINELOGENTRY, 310@client-7CA809478611
2023-03-01 19:15:20,787 [s1@group-B7D5749140D7-StateMachineUpdater] INFO  impl.SimpleStateMachine4Testing (SimpleStateMachine4Testing.java:put(205)) - s1: put 107, m53 -> (t:1, i:107), STATEMACHINELOGENTRY, 311@client-7CA809478611
2023-03-01 19:15:20,788 [s1@group-B7D5749140D7-StateMachineUpdater] INFO  impl.SimpleStateMachine4Testing (SimpleStateMachine4Testing.java:put(205)) - s1: put 109, m54 -> (t:1, i:109), STATEMACHINELOGENTRY, 312@client-7CA809478611
2023-03-01 19:15:20,788 [s1@group-B7D5749140D7-StateMachineUpdater] INFO  impl.SimpleStateMachine4Testing (SimpleStateMachine4Testing.java:put(205)) - s1: put 111, m55 -> (t:1, i:111), STATEMACHINELOGENTRY, 313@client-7CA809478611
2023-03-01 19:15:20,788 [s1@group-B7D5749140D7-StateMachineUpdater] INFO  impl.SimpleStateMachine4Testing (SimpleStateMachine4Testing.java:put(205)) - s1: put 113, m56 -> (t:1, i:113), STATEMACHINELOGENTRY, 314@client-7CA809478611
2023-03-01 19:15:20,788 [s1@group-B7D5749140D7-StateMachineUpdater] INFO  impl.SimpleStateMachine4Testing (SimpleStateMachine4Testing.java:put(205)) - s1: put 115, m57 -> (t:1, i:115), STATEMACHINELOGENTRY, 315@client-7CA809478611
2023-03-01 19:15:20,788 [s1@group-B7D5749140D7-StateMachineUpdater] INFO  impl.SimpleStateMachine4Testing (SimpleStateMachine4Testing.java:put(205)) - s1: put 117, m58 -> (t:1, i:117), STATEMACHINELOGENTRY, 316@client-7CA809478611
2023-03-01 19:15:20,788 [s1@group-B7D5749140D7-StateMachineUpdater] INFO  impl.SimpleStateMachine4Testing (SimpleStateMachine4Testing.java:put(205)) - s1: put 119, m59 -> (t:1, i:119), STATEMACHINELOGENTRY, 317@client-7CA809478611
2023-03-01 19:15:20,788 [s1@group-B7D5749140D7-StateMachineUpdater] INFO  impl.SimpleStateMachine4Testing (SimpleStateMachine4Testing.java:put(205)) - s1: put 121, m60 -> (t:1, i:121), STATEMACHINELOGENTRY, 318@client-7CA809478611
2023-03-01 19:15:20,788 [s1@group-B7D5749140D7-StateMachineUpdater] INFO  impl.SimpleStateMachine4Testing (SimpleStateMachine4Testing.java:put(205)) - s1: put 123, m61 -> (t:1, i:123), STATEMACHINELOGENTRY, 319@client-7CA809478611
2023-03-01 19:15:20,788 [s1@group-B7D5749140D7-StateMachineUpdater] INFO  impl.SimpleStateMachine4Testing (SimpleStateMachine4Testing.java:put(205)) - s1: put 125, m62 -> (t:1, i:125), STATEMACHINELOGENTRY, 320@client-7CA809478611
2023-03-01 19:15:20,788 [s1@group-B7D5749140D7-StateMachineUpdater] INFO  impl.SimpleStateMachine4Testing (SimpleStateMachine4Testing.java:put(205)) - s1: put 127, m63 -> (t:1, i:127), STATEMACHINELOGENTRY, 321@client-7CA809478611
2023-03-01 19:15:20,788 [s1@group-B7D5749140D7-StateMachineUpdater] INFO  impl.SimpleStateMachine4Testing (SimpleStateMachine4Testing.java:put(205)) - s1: put 129, m64 -> (t:1, i:129), STATEMACHINELOGENTRY, 322@client-7CA809478611
2023-03-01 19:15:20,788 [s1@group-B7D5749140D7-StateMachineUpdater] INFO  impl.SimpleStateMachine4Testing (SimpleStateMachine4Testing.java:put(205)) - s1: put 131, m65 -> (t:1, i:131), STATEMACHINELOGENTRY, 323@client-7CA809478611
2023-03-01 19:15:20,788 [s1@group-B7D5749140D7-StateMachineUpdater] INFO  impl.SimpleStateMachine4Testing (SimpleStateMachine4Testing.java:put(205)) - s1: put 133, m66 -> (t:1, i:133), STATEMACHINELOGENTRY, 324@client-7CA809478611
2023-03-01 19:15:20,788 [s1@group-B7D5749140D7-StateMachineUpdater] INFO  impl.SimpleStateMachine4Testing (SimpleStateMachine4Testing.java:put(205)) - s1: put 135, m67 -> (t:1, i:135), STATEMACHINELOGENTRY, 325@client-7CA809478611
2023-03-01 19:15:20,788 [s1@group-B7D5749140D7-StateMachineUpdater] INFO  impl.SimpleStateMachine4Testing (SimpleStateMachine4Testing.java:put(205)) - s1: put 137, m68 -> (t:1, i:137), STATEMACHINELOGENTRY, 326@client-7CA809478611
2023-03-01 19:15:20,788 [s1@group-B7D5749140D7-StateMachineUpdater] INFO  impl.SimpleStateMachine4Testing (SimpleStateMachine4Testing.java:put(205)) - s1: put 139, m69 -> (t:1, i:139), STATEMACHINELOGENTRY, 327@client-7CA809478611
2023-03-01 19:15:20,788 [s1@group-B7D5749140D7-StateMachineUpdater] INFO  impl.SimpleStateMachine4Testing (SimpleStateMachine4Testing.java:put(205)) - s1: put 141, m70 -> (t:1, i:141), STATEMACHINELOGENTRY, 328@client-7CA809478611
2023-03-01 19:15:20,789 [s1@group-B7D5749140D7-StateMachineUpdater] INFO  impl.SimpleStateMachine4Testing (SimpleStateMachine4Testing.java:put(205)) - s1: put 143, m71 -> (t:1, i:143), STATEMACHINELOGENTRY, 329@client-7CA809478611
2023-03-01 19:15:20,789 [s1@group-B7D5749140D7-StateMachineUpdater] INFO  impl.SimpleStateMachine4Testing (SimpleStateMachine4Testing.java:put(205)) - s1: put 145, m72 -> (t:1, i:145), STATEMACHINELOGENTRY, 330@client-7CA809478611
2023-03-01 19:15:20,789 [s1@group-B7D5749140D7-StateMachineUpdater] INFO  impl.SimpleStateMachine4Testing (SimpleStateMachine4Testing.java:put(205)) - s1: put 147, m73 -> (t:1, i:147), STATEMACHINELOGENTRY, 331@client-7CA809478611
2023-03-01 19:15:20,789 [s1@group-B7D5749140D7-StateMachineUpdater] INFO  impl.SimpleStateMachine4Testing (SimpleStateMachine4Testing.java:put(205)) - s1: put 149, m74 -> (t:1, i:149), STATEMACHINELOGENTRY, 332@client-7CA809478611
2023-03-01 19:15:20,789 [s1@group-B7D5749140D7-StateMachineUpdater] INFO  impl.SimpleStateMachine4Testing (SimpleStateMachine4Testing.java:put(205)) - s1: put 151, m75 -> (t:1, i:151), STATEMACHINELOGENTRY, 333@client-7CA809478611
2023-03-01 19:15:20,789 [s1@group-B7D5749140D7-StateMachineUpdater] INFO  impl.SimpleStateMachine4Testing (SimpleStateMachine4Testing.java:put(205)) - s1: put 153, m76 -> (t:1, i:153), STATEMACHINELOGENTRY, 334@client-7CA809478611
2023-03-01 19:15:20,789 [s1@group-B7D5749140D7-StateMachineUpdater] INFO  impl.SimpleStateMachine4Testing (SimpleStateMachine4Testing.java:put(205)) - s1: put 155, m77 -> (t:1, i:155), STATEMACHINELOGENTRY, 335@client-7CA809478611
2023-03-01 19:15:20,789 [s1@group-B7D5749140D7-StateMachineUpdater] INFO  impl.SimpleStateMachine4Testing (SimpleStateMachine4Testing.java:put(205)) - s1: put 157, m78 -> (t:1, i:157), STATEMACHINELOGENTRY, 336@client-7CA809478611
2023-03-01 19:15:20,789 [s1@group-B7D5749140D7-StateMachineUpdater] INFO  impl.SimpleStateMachine4Testing (SimpleStateMachine4Testing.java:put(205)) - s1: put 159, m79 -> (t:1, i:159), STATEMACHINELOGENTRY, 337@client-7CA809478611
2023-03-01 19:15:20,789 [s1@group-B7D5749140D7-StateMachineUpdater] INFO  impl.SimpleStateMachine4Testing (SimpleStateMachine4Testing.java:put(205)) - s1: put 161, m80 -> (t:1, i:161), STATEMACHINELOGENTRY, 338@client-7CA809478611
2023-03-01 19:15:20,789 [s1@group-B7D5749140D7-StateMachineUpdater] INFO  impl.SimpleStateMachine4Testing (SimpleStateMachine4Testing.java:put(205)) - s1: put 163, m81 -> (t:1, i:163), STATEMACHINELOGENTRY, 339@client-7CA809478611
2023-03-01 19:15:20,786 [s0@group-B7D5749140D7->s1-GrpcLogAppender-LogAppenderDaemon] INFO  leader.FollowerInfo (FollowerInfoImpl.java:lambda$new$0(52)) - s0@group-B7D5749140D7->s1: snapshotIndex: setUnconditionally 0 -> 191
2023-03-01 19:15:20,789 [s0@group-B7D5749140D7->s1-GrpcLogAppender-LogAppenderDaemon] INFO  leader.FollowerInfo (FollowerInfoImpl.java:lambda$new$0(52)) - s0@group-B7D5749140D7->s1: matchIndex: setUnconditionally -1 -> 191
2023-03-01 19:15:20,789 [s0@group-B7D5749140D7->s1-GrpcLogAppender-LogAppenderDaemon] INFO  leader.FollowerInfo (FollowerInfoImpl.java:lambda$new$0(52)) - s0@group-B7D5749140D7->s1: nextIndex: setUnconditionally 0 -> 192
2023-03-01 19:15:20,789 [s0@group-B7D5749140D7->s1-GrpcLogAppender-LogAppenderDaemon] INFO  server.GrpcLogAppender (GrpcLogAppender.java:installSnapshot(627)) - s0@group-B7D5749140D7->s1-GrpcLogAppender: installed snapshot FileListSnapshotInfo(t:1, i:191):[/home/runner/work/ratis/ratis/ratis-test/target/test/data/bfdeacae/MiniRaftClusterWithGrpcd4a997cd/s0/785ae1c5-4b3e-45a3-89f2-b7d5749140d7/sm/snapshot/1.bin, /home/runner/work/ratis/ratis/ratis-test/target/test/data/bfdeacae/MiniRaftClusterWithGrpcd4a997cd/s0/785ae1c5-4b3e-45a3-89f2-b7d5749140d7/sm/snapshot/sub/2.bin, /home/runner/work/ratis/ratis/ratis-test/target/test/data/bfdeacae/MiniRaftClusterWithGrpcd4a997cd/s0/785ae1c5-4b3e-45a3-89f2-b7d5749140d7/sm/snapshot.1_191] successfully
2023-03-01 19:15:20,790 [s1@group-B7D5749140D7-StateMachineUpdater] INFO  impl.SimpleStateMachine4Testing (SimpleStateMachine4Testing.java:put(205)) - s1: put 165, m82 -> (t:1, i:165), STATEMACHINELOGENTRY, 340@client-7CA809478611
2023-03-01 19:15:20,790 [s1@group-B7D5749140D7-StateMachineUpdater] INFO  impl.SimpleStateMachine4Testing (SimpleStateMachine4Testing.java:put(205)) - s1: put 167, m83 -> (t:1, i:167), STATEMACHINELOGENTRY, 341@client-7CA809478611
2023-03-01 19:15:20,790 [s1@group-B7D5749140D7-StateMachineUpdater] INFO  impl.SimpleStateMachine4Testing (SimpleStateMachine4Testing.java:put(205)) - s1: put 169, m84 -> (t:1, i:169), STATEMACHINELOGENTRY, 342@client-7CA809478611
2023-03-01 19:15:20,790 [s1@group-B7D5749140D7-StateMachineUpdater] INFO  impl.SimpleStateMachine4Testing (SimpleStateMachine4Testing.java:put(205)) - s1: put 171, m85 -> (t:1, i:171), STATEMACHINELOGENTRY, 343@client-7CA809478611
2023-03-01 19:15:20,790 [s1@group-B7D5749140D7-StateMachineUpdater] INFO  impl.SimpleStateMachine4Testing (SimpleStateMachine4Testing.java:put(205)) - s1: put 173, m86 -> (t:1, i:173), STATEMACHINELOGENTRY, 344@client-7CA809478611
2023-03-01 19:15:20,790 [s1@group-B7D5749140D7-StateMachineUpdater] INFO  impl.SimpleStateMachine4Testing (SimpleStateMachine4Testing.java:put(205)) - s1: put 175, m87 -> (t:1, i:175), STATEMACHINELOGENTRY, 345@client-7CA809478611
2023-03-01 19:15:20,790 [s1@group-B7D5749140D7-StateMachineUpdater] INFO  impl.SimpleStateMachine4Testing (SimpleStateMachine4Testing.java:put(205)) - s1: put 177, m88 -> (t:1, i:177), STATEMACHINELOGENTRY, 346@client-7CA809478611
2023-03-01 19:15:20,790 [s1@group-B7D5749140D7-StateMachineUpdater] INFO  impl.SimpleStateMachine4Testing (SimpleStateMachine4Testing.java:put(205)) - s1: put 179, m89 -> (t:1, i:179), STATEMACHINELOGENTRY, 347@client-7CA809478611
2023-03-01 19:15:20,790 [s1@group-B7D5749140D7-StateMachineUpdater] INFO  impl.SimpleStateMachine4Testing (SimpleStateMachine4Testing.java:put(205)) - s1: put 181, m90 -> (t:1, i:181), STATEMACHINELOGENTRY, 348@client-7CA809478611
2023-03-01 19:15:20,790 [s1@group-B7D5749140D7-StateMachineUpdater] INFO  impl.SimpleStateMachine4Testing (SimpleStateMachine4Testing.java:put(205)) - s1: put 183, m91 -> (t:1, i:183), STATEMACHINELOGENTRY, 349@client-7CA809478611
2023-03-01 19:15:20,791 [s1@group-B7D5749140D7-StateMachineUpdater] INFO  impl.SimpleStateMachine4Testing (SimpleStateMachine4Testing.java:put(205)) - s1: put 185, m92 -> (t:1, i:185), STATEMACHINELOGENTRY, 350@client-7CA809478611
2023-03-01 19:15:20,791 [s1@group-B7D5749140D7-StateMachineUpdater] INFO  impl.SimpleStateMachine4Testing (SimpleStateMachine4Testing.java:put(205)) - s1: put 187, m93 -> (t:1, i:187), STATEMACHINELOGENTRY, 351@client-7CA809478611
2023-03-01 19:15:20,791 [s1@group-B7D5749140D7-StateMachineUpdater] INFO  impl.SimpleStateMachine4Testing (SimpleStateMachine4Testing.java:put(205)) - s1: put 189, m94 -> (t:1, i:189), STATEMACHINELOGENTRY, 352@client-7CA809478611
2023-03-01 19:15:20,791 [s1@group-B7D5749140D7-StateMachineUpdater] INFO  impl.SimpleStateMachine4Testing (SimpleStateMachine4Testing.java:put(205)) - s1: put 191, m95 -> (t:1, i:191), STATEMACHINELOGENTRY, 353@client-7CA809478611
2023-03-01 19:15:20,793 [s1@group-B7D5749140D7-StateMachineUpdater] INFO  impl.StateMachineUpdater (StateMachineUpdater.java:lambda$new$0(96)) - s1@group-B7D5749140D7-StateMachineUpdater: snapshotIndex: setUnconditionally -1 -> 191
2023-03-01 19:15:20,793 [s1@group-B7D5749140D7-StateMachineUpdater] INFO  impl.StateMachineUpdater (StateMachineUpdater.java:lambda$new$0(96)) - s1@group-B7D5749140D7-StateMachineUpdater: appliedIndex: setUnconditionally -1 -> 191
2023-03-01 19:15:20,814 [s2-server-thread2] INFO  server.RaftServer$Division (RaftServerImpl.java:checkInconsistentAppendEntries(1599)) - s2@group-B7D5749140D7: Failed appendEntries as the first entry (index 0) already exists (snapshotIndex: 191, commitIndex: 0)
2023-03-01 19:15:20,837 [s2-server-thread2] INFO  server.RaftServer$Division (RaftServerImpl.java:checkInconsistentAppendEntries(1579)) - s2@group-B7D5749140D7: inconsistency entries. Reply:s0<-s2#1:FAIL-t1,INCONSISTENCY,nextIndex=192,followerCommit=0,matchIndex=-1
2023-03-01 19:15:20,840 [grpc-default-executor-0] WARN  server.GrpcLogAppender (GrpcLogAppender.java:onNextImpl(390)) - s0@group-B7D5749140D7->s2-AppendLogResponseHandler: received INCONSISTENCY reply with nextIndex 192
2023-03-01 19:15:20,840 [grpc-default-executor-0] INFO  leader.FollowerInfo (FollowerInfoImpl.java:lambda$new$0(52)) - s0@group-B7D5749140D7->s2: setNextIndex nextIndex: updateUnconditionally 255 -> 192
2023-03-01 19:15:20,841 [s1-server-thread1] INFO  impl.RoleInfo (RoleInfo.java:updateAndGet(139)) - s1: start s1@group-B7D5749140D7-FollowerState
2023-03-01 19:15:20,849 [s1-server-thread1] INFO  segmented.SegmentedRaftLogWorker (SegmentedRaftLogWorker.java:startLogSegment(426)) - s1@group-B7D5749140D7-SegmentedRaftLogWorker: Starting segment from index:192
2023-03-01 19:15:20,860 [s2-server-thread2] INFO  segmented.SegmentedRaftLogWorker (SegmentedRaftLogWorker.java:startLogSegment(426)) - s2@group-B7D5749140D7-SegmentedRaftLogWorker: Starting segment from index:192
2023-03-01 19:15:20,872 [s2@group-B7D5749140D7-SegmentedRaftLogWorker] INFO  segmented.SegmentedRaftLogWorker (SegmentedRaftLogWorker.java:execute(630)) - s2@group-B7D5749140D7-SegmentedRaftLogWorker: created new log segment /home/runner/work/ratis/ratis/ratis-test/target/test/data/bfdeacae/MiniRaftClusterWithGrpcd4a997cd/s2/785ae1c5-4b3e-45a3-89f2-b7d5749140d7/current/log_inprogress_192
2023-03-01 19:15:20,872 [s1@group-B7D5749140D7-SegmentedRaftLogWorker] INFO  segmented.SegmentedRaftLogWorker (SegmentedRaftLogWorker.java:execute(630)) - s1@group-B7D5749140D7-SegmentedRaftLogWorker: created new log segment /home/runner/work/ratis/ratis/ratis-test/target/test/data/bfdeacae/MiniRaftClusterWithGrpcd4a997cd/s1/785ae1c5-4b3e-45a3-89f2-b7d5749140d7/current/log_inprogress_192
2023-03-01 19:15:20,879 [s0@group-B7D5749140D7-LeaderStateImpl] INFO  server.RaftServer$Division (ServerState.java:setRaftConf(378)) - s0@group-B7D5749140D7: set configuration 255: peers:[s0|rpc:localhost:33199|admin:localhost:33153|client:localhost:42989|dataStream:localhost:45895|priority:0|startupRole:FOLLOWER, s1|rpc:0.0.0.0:45363|dataStream:|priority:0|startupRole:FOLLOWER, s2|rpc:0.0.0.0:40133|dataStream:|priority:0|startupRole:FOLLOWER]|listeners:[], old=peers:[s0|rpc:localhost:33199|admin:localhost:33153|client:localhost:42989|dataStream:localhost:45895|priority:0|startupRole:FOLLOWER]|listeners:[]
2023-03-01 19:15:20,890 [s1@group-B7D5749140D7-StateMachineUpdater] INFO  impl.SimpleStateMachine4Testing (SimpleStateMachine4Testing.java:put(205)) - s1: put 193, m96 -> (t:1, i:193), STATEMACHINELOGENTRY, 354@client-7CA809478611
2023-03-01 19:15:20,891 [s1@group-B7D5749140D7-StateMachineUpdater] INFO  impl.SimpleStateMachine4Testing (SimpleStateMachine4Testing.java:put(205)) - s1: put 195, m97 -> (t:1, i:195), STATEMACHINELOGENTRY, 355@client-7CA809478611
2023-03-01 19:15:20,891 [s1@group-B7D5749140D7-StateMachineUpdater] INFO  impl.SimpleStateMachine4Testing (SimpleStateMachine4Testing.java:put(205)) - s1: put 197, m98 -> (t:1, i:197), STATEMACHINELOGENTRY, 356@client-7CA809478611
2023-03-01 19:15:20,891 [s1@group-B7D5749140D7-StateMachineUpdater] INFO  impl.SimpleStateMachine4Testing (SimpleStateMachine4Testing.java:put(205)) - s1: put 199, m99 -> (t:1, i:199), STATEMACHINELOGENTRY, 357@client-7CA809478611
2023-03-01 19:15:20,891 [s1@group-B7D5749140D7-StateMachineUpdater] INFO  impl.SimpleStateMachine4Testing (SimpleStateMachine4Testing.java:put(205)) - s1: put 201, m100 -> (t:1, i:201), STATEMACHINELOGENTRY, 358@client-7CA809478611
2023-03-01 19:15:20,891 [s1@group-B7D5749140D7-StateMachineUpdater] INFO  impl.SimpleStateMachine4Testing (SimpleStateMachine4Testing.java:put(205)) - s1: put 203, m101 -> (t:1, i:203), STATEMACHINELOGENTRY, 359@client-7CA809478611
2023-03-01 19:15:20,891 [s1@group-B7D5749140D7-StateMachineUpdater] INFO  impl.SimpleStateMachine4Testing (SimpleStateMachine4Testing.java:put(205)) - s1: put 205, m102 -> (t:1, i:205), STATEMACHINELOGENTRY, 360@client-7CA809478611
2023-03-01 19:15:20,891 [s1@group-B7D5749140D7-StateMachineUpdater] INFO  impl.SimpleStateMachine4Testing (SimpleStateMachine4Testing.java:put(205)) - s1: put 207, m103 -> (t:1, i:207), STATEMACHINELOGENTRY, 361@client-7CA809478611
2023-03-01 19:15:20,892 [s1@group-B7D5749140D7-StateMachineUpdater] INFO  impl.SimpleStateMachine4Testing (SimpleStateMachine4Testing.java:put(205)) - s1: put 209, m104 -> (t:1, i:209), STATEMACHINELOGENTRY, 362@client-7CA809478611
2023-03-01 19:15:20,892 [s1@group-B7D5749140D7-StateMachineUpdater] INFO  impl.SimpleStateMachine4Testing (SimpleStateMachine4Testing.java:put(205)) - s1: put 211, m105 -> (t:1, i:211), STATEMACHINELOGENTRY, 363@client-7CA809478611
2023-03-01 19:15:20,892 [s1@group-B7D5749140D7-StateMachineUpdater] INFO  impl.SimpleStateMachine4Testing (SimpleStateMachine4Testing.java:put(205)) - s1: put 213, m106 -> (t:1, i:213), STATEMACHINELOGENTRY, 364@client-7CA809478611
2023-03-01 19:15:20,892 [s1@group-B7D5749140D7-StateMachineUpdater] INFO  impl.SimpleStateMachine4Testing (SimpleStateMachine4Testing.java:put(205)) - s1: put 215, m107 -> (t:1, i:215), STATEMACHINELOGENTRY, 365@client-7CA809478611
2023-03-01 19:15:20,892 [s1@group-B7D5749140D7-StateMachineUpdater] INFO  impl.SimpleStateMachine4Testing (SimpleStateMachine4Testing.java:put(205)) - s1: put 217, m108 -> (t:1, i:217), STATEMACHINELOGENTRY, 366@client-7CA809478611
2023-03-01 19:15:20,892 [s1@group-B7D5749140D7-StateMachineUpdater] INFO  impl.SimpleStateMachine4Testing (SimpleStateMachine4Testing.java:put(205)) - s1: put 219, m109 -> (t:1, i:219), STATEMACHINELOGENTRY, 367@client-7CA809478611
2023-03-01 19:15:20,892 [s1@group-B7D5749140D7-StateMachineUpdater] INFO  impl.SimpleStateMachine4Testing (SimpleStateMachine4Testing.java:put(205)) - s1: put 221, m110 -> (t:1, i:221), STATEMACHINELOGENTRY, 368@client-7CA809478611
2023-03-01 19:15:20,892 [s1@group-B7D5749140D7-StateMachineUpdater] INFO  impl.SimpleStateMachine4Testing (SimpleStateMachine4Testing.java:put(205)) - s1: put 223, m111 -> (t:1, i:223), STATEMACHINELOGENTRY, 369@client-7CA809478611
2023-03-01 19:15:20,893 [s1@group-B7D5749140D7-StateMachineUpdater] INFO  impl.SimpleStateMachine4Testing (SimpleStateMachine4Testing.java:put(205)) - s1: put 225, m112 -> (t:1, i:225), STATEMACHINELOGENTRY, 370@client-7CA809478611
2023-03-01 19:15:20,893 [s1@group-B7D5749140D7-StateMachineUpdater] INFO  impl.SimpleStateMachine4Testing (SimpleStateMachine4Testing.java:put(205)) - s1: put 227, m113 -> (t:1, i:227), STATEMACHINELOGENTRY, 371@client-7CA809478611
2023-03-01 19:15:20,893 [s1@group-B7D5749140D7-StateMachineUpdater] INFO  impl.SimpleStateMachine4Testing (SimpleStateMachine4Testing.java:put(205)) - s1: put 229, m114 -> (t:1, i:229), STATEMACHINELOGENTRY, 372@client-7CA809478611
2023-03-01 19:15:20,893 [s1@group-B7D5749140D7-StateMachineUpdater] INFO  impl.SimpleStateMachine4Testing (SimpleStateMachine4Testing.java:put(205)) - s1: put 231, m115 -> (t:1, i:231), STATEMACHINELOGENTRY, 373@client-7CA809478611
2023-03-01 19:15:20,894 [s1-server-thread2] INFO  server.RaftServer$Division (ServerState.java:setRaftConf(378)) - s1@group-B7D5749140D7: set configuration 255: peers:[s0|rpc:localhost:33199|admin:localhost:33153|client:localhost:42989|dataStream:localhost:45895|priority:0|startupRole:FOLLOWER, s1|rpc:0.0.0.0:45363|dataStream:|priority:0|startupRole:FOLLOWER, s2|rpc:0.0.0.0:40133|dataStream:|priority:0|startupRole:FOLLOWER]|listeners:[], old=peers:[s0|rpc:localhost:33199|admin:localhost:33153|client:localhost:42989|dataStream:localhost:45895|priority:0|startupRole:FOLLOWER]|listeners:[]
2023-03-01 19:15:20,897 [s2-server-thread2] INFO  server.RaftServer$Division (ServerState.java:setRaftConf(378)) - s2@group-B7D5749140D7: set configuration 255: peers:[s0|rpc:localhost:33199|admin:localhost:33153|client:localhost:42989|dataStream:localhost:45895|priority:0|startupRole:FOLLOWER, s1|rpc:0.0.0.0:45363|dataStream:|priority:0|startupRole:FOLLOWER, s2|rpc:0.0.0.0:40133|dataStream:|priority:0|startupRole:FOLLOWER]|listeners:[], old=peers:[s0|rpc:localhost:33199|admin:localhost:33153|client:localhost:42989|dataStream:localhost:45895|priority:0|startupRole:FOLLOWER]|listeners:[]
2023-03-01 19:15:20,898 [s0@group-B7D5749140D7-LeaderStateImpl] INFO  server.RaftServer$Division (ServerState.java:setRaftConf(378)) - s0@group-B7D5749140D7: set configuration 257: peers:[s0|rpc:localhost:33199|admin:localhost:33153|client:localhost:42989|dataStream:localhost:45895|priority:0|startupRole:FOLLOWER, s1|rpc:0.0.0.0:45363|dataStream:|priority:0|startupRole:FOLLOWER, s2|rpc:0.0.0.0:40133|dataStream:|priority:0|startupRole:FOLLOWER]|listeners:[], old=null
2023-03-01 19:15:20,901 [s1-server-thread2] INFO  server.RaftServer$Division (ServerState.java:setRaftConf(378)) - s1@group-B7D5749140D7: set configuration 257: peers:[s0|rpc:localhost:33199|admin:localhost:33153|client:localhost:42989|dataStream:localhost:45895|priority:0|startupRole:FOLLOWER, s1|rpc:0.0.0.0:45363|dataStream:|priority:0|startupRole:FOLLOWER, s2|rpc:0.0.0.0:40133|dataStream:|priority:0|startupRole:FOLLOWER]|listeners:[], old=null
2023-03-01 19:15:20,901 [s1@group-B7D5749140D7-StateMachineUpdater] INFO  impl.SimpleStateMachine4Testing (SimpleStateMachine4Testing.java:put(205)) - s1: put 233, m116 -> (t:1, i:233), STATEMACHINELOGENTRY, 374@client-7CA809478611
2023-03-01 19:15:20,901 [s1@group-B7D5749140D7-StateMachineUpdater] INFO  impl.SimpleStateMachine4Testing (SimpleStateMachine4Testing.java:put(205)) - s1: put 235, m117 -> (t:1, i:235), STATEMACHINELOGENTRY, 375@client-7CA809478611
2023-03-01 19:15:20,901 [s1@group-B7D5749140D7-StateMachineUpdater] INFO  impl.SimpleStateMachine4Testing (SimpleStateMachine4Testing.java:put(205)) - s1: put 237, m118 -> (t:1, i:237), STATEMACHINELOGENTRY, 376@client-7CA809478611
2023-03-01 19:15:20,902 [s1@group-B7D5749140D7-StateMachineUpdater] INFO  impl.SimpleStateMachine4Testing (SimpleStateMachine4Testing.java:put(205)) - s1: put 239, m119 -> (t:1, i:239), STATEMACHINELOGENTRY, 377@client-7CA809478611
2023-03-01 19:15:20,902 [s1@group-B7D5749140D7-StateMachineUpdater] INFO  impl.SimpleStateMachine4Testing (SimpleStateMachine4Testing.java:put(205)) - s1: put 241, m120 -> (t:1, i:241), STATEMACHINELOGENTRY, 378@client-7CA809478611
2023-03-01 19:15:20,902 [s1@group-B7D5749140D7-StateMachineUpdater] INFO  impl.SimpleStateMachine4Testing (SimpleStateMachine4Testing.java:put(205)) - s1: put 243, m121 -> (t:1, i:243), STATEMACHINELOGENTRY, 379@client-7CA809478611
2023-03-01 19:15:20,902 [s1@group-B7D5749140D7-StateMachineUpdater] INFO  impl.SimpleStateMachine4Testing (SimpleStateMachine4Testing.java:put(205)) - s1: put 245, m122 -> (t:1, i:245), STATEMACHINELOGENTRY, 380@client-7CA809478611
2023-03-01 19:15:20,902 [s1@group-B7D5749140D7-StateMachineUpdater] INFO  impl.SimpleStateMachine4Testing (SimpleStateMachine4Testing.java:put(205)) - s1: put 247, m123 -> (t:1, i:247), STATEMACHINELOGENTRY, 381@client-7CA809478611
2023-03-01 19:15:20,902 [s1@group-B7D5749140D7-StateMachineUpdater] INFO  impl.SimpleStateMachine4Testing (SimpleStateMachine4Testing.java:put(205)) - s1: put 249, m124 -> (t:1, i:249), STATEMACHINELOGENTRY, 382@client-7CA809478611
2023-03-01 19:15:20,902 [s1@group-B7D5749140D7-StateMachineUpdater] INFO  impl.SimpleStateMachine4Testing (SimpleStateMachine4Testing.java:put(205)) - s1: put 251, m125 -> (t:1, i:251), STATEMACHINELOGENTRY, 383@client-7CA809478611
2023-03-01 19:15:20,902 [s1@group-B7D5749140D7-StateMachineUpdater] INFO  impl.SimpleStateMachine4Testing (SimpleStateMachine4Testing.java:put(205)) - s1: put 253, m126 -> (t:1, i:253), STATEMACHINELOGENTRY, 384@client-7CA809478611
2023-03-01 19:15:20,903 [s2-server-thread2] INFO  server.RaftServer$Division (ServerState.java:setRaftConf(378)) - s2@group-B7D5749140D7: set configuration 257: peers:[s0|rpc:localhost:33199|admin:localhost:33153|client:localhost:42989|dataStream:localhost:45895|priority:0|startupRole:FOLLOWER, s1|rpc:0.0.0.0:45363|dataStream:|priority:0|startupRole:FOLLOWER, s2|rpc:0.0.0.0:40133|dataStream:|priority:0|startupRole:FOLLOWER]|listeners:[], old=null
2023-03-01 19:15:20,925 [s0@group-B7D5749140D7-StateMachineUpdater] INFO  impl.StateMachineUpdater (StateMachineUpdater.java:takeSnapshot(290)) - s0@group-B7D5749140D7-StateMachineUpdater: Took a snapshot at index 255
2023-03-01 19:15:20,925 [s0@group-B7D5749140D7-StateMachineUpdater] INFO  impl.StateMachineUpdater (StateMachineUpdater.java:lambda$new$0(96)) - s0@group-B7D5749140D7-StateMachineUpdater: snapshotIndex: updateIncreasingly 191 -> 255
2023-03-01 19:15:20,925 [s0@group-B7D5749140D7-StateMachineUpdater] INFO  raftlog.RaftLog (RaftLogBase.java:purge(314)) - s0@group-B7D5749140D7-SegmentedRaftLog: purge 255
2023-03-01 19:15:20,925 [s0@group-B7D5749140D7-StateMachineUpdater] INFO  raftlog.RaftLog (RaftLogBase.java:lambda$new$0(53)) - s0@group-B7D5749140D7-SegmentedRaftLog: snapshotIndex: updateIncreasingly 191 -> 255
2023-03-01 19:15:20,925 [s0@group-B7D5749140D7-StateMachineUpdater] INFO  raftlog.RaftLog (RaftLogBase.java:lambda$new$0(53)) - s0@group-B7D5749140D7-SegmentedRaftLog: purgeIndex: updateToMax old=191, new=255, updated? true
2023-03-01 19:15:20,938 [Time-limited test] INFO  server.RaftServerConfigKeys (ConfUtils.java:logGet(46)) - raft.server.rpc.timeout.max = 300ms (default)
2023-03-01 19:15:20,938 [s1@group-B7D5749140D7-StateMachineUpdater] INFO  impl.StateMachineUpdater (StateMachineUpdater.java:takeSnapshot(290)) - s1@group-B7D5749140D7-StateMachineUpdater: Took a snapshot at index 255
2023-03-01 19:15:20,939 [s1@group-B7D5749140D7-StateMachineUpdater] INFO  impl.StateMachineUpdater (StateMachineUpdater.java:lambda$new$0(96)) - s1@group-B7D5749140D7-StateMachineUpdater: snapshotIndex: updateIncreasingly 191 -> 255
2023-03-01 19:15:20,939 [s1@group-B7D5749140D7-StateMachineUpdater] INFO  raftlog.RaftLog (RaftLogBase.java:purge(314)) - s1@group-B7D5749140D7-SegmentedRaftLog: purge 255
2023-03-01 19:15:20,939 [Time-limited test] INFO  impl.RaftServerTestUtil (RaftServerTestUtil.java:waitAndCheckNewConf(87)) - waitAndCheckNewConf: peers=[s1|rpc:0.0.0.0:45363|priority:0|startupRole:FOLLOWER, s2|rpc:0.0.0.0:40133|priority:0|startupRole:FOLLOWER, s0|rpc:localhost:33199|admin:localhost:33153|client:localhost:42989|dataStream:localhost:45895|priority:0|startupRole:FOLLOWER], deadPeers=null, printing ALL groups
  s0:  RUNNING    LEADER s0@group-B7D5749140D7:t1, leader=s0, voted=s0, raftlog=Memoized:s0@group-B7D5749140D7-SegmentedRaftLog:OPENED:c258, conf=257: peers:[s0|rpc:localhost:33199|admin:localhost:33153|client:localhost:42989|dataStream:localhost:45895|priority:0|startupRole:FOLLOWER, s1|rpc:0.0.0.0:45363|dataStream:|priority:0|startupRole:FOLLOWER, s2|rpc:0.0.0.0:40133|dataStream:|priority:0|startupRole:FOLLOWER]|listeners:[], old=null RUNNING
  s1:  RUNNING  FOLLOWER s1@group-B7D5749140D7:t1, leader=s0, voted=null, raftlog=Memoized:s1@group-B7D5749140D7-SegmentedRaftLog:OPENED:c257, conf=257: peers:[s0|rpc:localhost:33199|admin:localhost:33153|client:localhost:42989|dataStream:localhost:45895|priority:0|startupRole:FOLLOWER, s1|rpc:0.0.0.0:45363|dataStream:|priority:0|startupRole:FOLLOWER, s2|rpc:0.0.0.0:40133|dataStream:|priority:0|startupRole:FOLLOWER]|listeners:[], old=null RUNNING
  s2:  RUNNING  FOLLOWER s2@group-B7D5749140D7:t1, leader=s0, voted=null, raftlog=Memoized:s2@group-B7D5749140D7-SegmentedRaftLog:OPENED:c257, conf=257: peers:[s0|rpc:localhost:33199|admin:localhost:33153|client:localhost:42989|dataStream:localhost:45895|priority:0|startupRole:FOLLOWER, s1|rpc:0.0.0.0:45363|dataStream:|priority:0|startupRole:FOLLOWER, s2|rpc:0.0.0.0:40133|dataStream:|priority:0|startupRole:FOLLOWER]|listeners:[], old=null RUNNING
2023-03-01 19:15:20,939 [s1@group-B7D5749140D7-StateMachineUpdater] INFO  raftlog.RaftLog (RaftLogBase.java:lambda$new$0(53)) - s1@group-B7D5749140D7-SegmentedRaftLog: snapshotIndex: updateIncreasingly 191 -> 255
2023-03-01 19:15:20,939 [s1@group-B7D5749140D7-StateMachineUpdater] INFO  raftlog.RaftLog (RaftLogBase.java:lambda$new$0(53)) - s1@group-B7D5749140D7-SegmentedRaftLog: purgeIndex: updateToMax old=-1, new=255, updated? true
2023-03-01 19:15:20,939 [Time-limited test] INFO  impl.RaftServerTestUtil (RaftServerTestUtil.java:waitAndCheckNewConf(96)) - checking    LEADER s0@group-B7D5749140D7:t1, leader=s0, voted=s0, raftlog=Memoized:s0@group-B7D5749140D7-SegmentedRaftLog:OPENED:c258, conf=257: peers:[s0|rpc:localhost:33199|admin:localhost:33153|client:localhost:42989|dataStream:localhost:45895|priority:0|startupRole:FOLLOWER, s1|rpc:0.0.0.0:45363|dataStream:|priority:0|startupRole:FOLLOWER, s2|rpc:0.0.0.0:40133|dataStream:|priority:0|startupRole:FOLLOWER]|listeners:[], old=null RUNNING
2023-03-01 19:15:20,939 [Time-limited test] INFO  impl.RaftServerTestUtil (RaftServerTestUtil.java:waitAndCheckNewConf(96)) - checking  FOLLOWER s1@group-B7D5749140D7:t1, leader=s0, voted=null, raftlog=Memoized:s1@group-B7D5749140D7-SegmentedRaftLog:OPENED:c257, conf=257: peers:[s0|rpc:localhost:33199|admin:localhost:33153|client:localhost:42989|dataStream:localhost:45895|priority:0|startupRole:FOLLOWER, s1|rpc:0.0.0.0:45363|dataStream:|priority:0|startupRole:FOLLOWER, s2|rpc:0.0.0.0:40133|dataStream:|priority:0|startupRole:FOLLOWER]|listeners:[], old=null RUNNING
2023-03-01 19:15:20,939 [Time-limited test] INFO  impl.RaftServerTestUtil (RaftServerTestUtil.java:waitAndCheckNewConf(96)) - checking  FOLLOWER s2@group-B7D5749140D7:t1, leader=s0, voted=null, raftlog=Memoized:s2@group-B7D5749140D7-SegmentedRaftLog:OPENED:c257, conf=257: peers:[s0|rpc:localhost:33199|admin:localhost:33153|client:localhost:42989|dataStream:localhost:45895|priority:0|startupRole:FOLLOWER, s1|rpc:0.0.0.0:45363|dataStream:|priority:0|startupRole:FOLLOWER, s2|rpc:0.0.0.0:40133|dataStream:|priority:0|startupRole:FOLLOWER]|listeners:[], old=null RUNNING
2023-03-01 19:15:20,940 [Time-limited test] INFO  impl.MiniRaftCluster (MiniRaftCluster.java:shutdown(831)) - ************************************************************** 
2023-03-01 19:15:20,940 [Time-limited test] INFO  impl.MiniRaftCluster (MiniRaftCluster.java:shutdown(832)) - *** 
2023-03-01 19:15:20,940 [Time-limited test] INFO  impl.MiniRaftCluster (MiniRaftCluster.java:shutdown(833)) - ***     Stopping MiniRaftClusterWithGrpc
2023-03-01 19:15:20,940 [Time-limited test] INFO  impl.MiniRaftCluster (MiniRaftCluster.java:shutdown(834)) - *** 
2023-03-01 19:15:20,940 [Time-limited test] INFO  impl.MiniRaftCluster (MiniRaftCluster.java:shutdown(835)) - ************************************************************** 
2023-03-01 19:15:20,940 [Time-limited test] INFO  impl.MiniRaftCluster (MiniRaftCluster.java:shutdown(836)) - printing ALL groups
  s0:  RUNNING    LEADER s0@group-B7D5749140D7:t1, leader=s0, voted=s0, raftlog=Memoized:s0@group-B7D5749140D7-SegmentedRaftLog:OPENED:c258, conf=257: peers:[s0|rpc:localhost:33199|admin:localhost:33153|client:localhost:42989|dataStream:localhost:45895|priority:0|startupRole:FOLLOWER, s1|rpc:0.0.0.0:45363|dataStream:|priority:0|startupRole:FOLLOWER, s2|rpc:0.0.0.0:40133|dataStream:|priority:0|startupRole:FOLLOWER]|listeners:[], old=null RUNNING
  s1:  RUNNING  FOLLOWER s1@group-B7D5749140D7:t1, leader=s0, voted=null, raftlog=Memoized:s1@group-B7D5749140D7-SegmentedRaftLog:OPENED:c257, conf=257: peers:[s0|rpc:localhost:33199|admin:localhost:33153|client:localhost:42989|dataStream:localhost:45895|priority:0|startupRole:FOLLOWER, s1|rpc:0.0.0.0:45363|dataStream:|priority:0|startupRole:FOLLOWER, s2|rpc:0.0.0.0:40133|dataStream:|priority:0|startupRole:FOLLOWER]|listeners:[], old=null RUNNING
  s2:  RUNNING  FOLLOWER s2@group-B7D5749140D7:t1, leader=s0, voted=null, raftlog=Memoized:s2@group-B7D5749140D7-SegmentedRaftLog:OPENED:c257, conf=257: peers:[s0|rpc:localhost:33199|admin:localhost:33153|client:localhost:42989|dataStream:localhost:45895|priority:0|startupRole:FOLLOWER, s1|rpc:0.0.0.0:45363|dataStream:|priority:0|startupRole:FOLLOWER, s2|rpc:0.0.0.0:40133|dataStream:|priority:0|startupRole:FOLLOWER]|listeners:[], old=null RUNNING
2023-03-01 19:15:20,940 [MiniRaftCluster-13] INFO  server.RaftServer (RaftServerProxy.java:lambda$close$7(417)) - s0: close
2023-03-01 19:15:20,941 [MiniRaftCluster-14] INFO  server.RaftServer (RaftServerProxy.java:lambda$close$7(417)) - s1: close
2023-03-01 19:15:20,944 [s0-impl-thread1] INFO  server.RaftServer$Division (RaftServerImpl.java:lambda$close$4(466)) - s0@group-B7D5749140D7: shutdown
2023-03-01 19:15:20,944 [s0-impl-thread1] INFO  util.JmxRegister (JmxRegister.java:unregister(73)) - Successfully un-registered JMX Bean with object name Ratis:service=RaftServer,group=group-B7D5749140D7,id=s0
2023-03-01 19:15:20,944 [s0-impl-thread1] INFO  impl.RoleInfo (RoleInfo.java:shutdownLeaderState(93)) - s0: shutdown s0@group-B7D5749140D7-LeaderStateImpl
2023-03-01 19:15:20,944 [s0-impl-thread1] INFO  impl.PendingRequests (PendingRequests.java:sendNotLeaderResponses(282)) - s0@group-B7D5749140D7-PendingRequests: sendNotLeaderResponses
2023-03-01 19:15:20,944 [MiniRaftCluster-13] INFO  server.GrpcService (GrpcService.java:closeImpl(311)) - s0: shutdown server org.apache.ratis.grpc.server.GrpcClientProtocolService now
2023-03-01 19:15:20,941 [MiniRaftCluster-15] INFO  server.RaftServer (RaftServerProxy.java:lambda$close$7(417)) - s2: close
2023-03-01 19:15:20,947 [MiniRaftCluster-14] INFO  server.GrpcService (GrpcService.java:closeImpl(311)) - s1: shutdown server GrpcServerProtocolService now
2023-03-01 19:15:20,947 [s1-impl-thread1] INFO  server.RaftServer$Division (RaftServerImpl.java:lambda$close$4(466)) - s1@group-B7D5749140D7: shutdown
2023-03-01 19:15:20,947 [s1-impl-thread1] INFO  util.JmxRegister (JmxRegister.java:unregister(73)) - Successfully un-registered JMX Bean with object name Ratis:service=RaftServer,group=group-B7D5749140D7,id=s1
2023-03-01 19:15:20,947 [s1-impl-thread1] INFO  impl.RoleInfo (RoleInfo.java:shutdownFollowerState(110)) - s1: shutdown s1@group-B7D5749140D7-FollowerState
2023-03-01 19:15:20,947 [s1-impl-thread1] INFO  impl.StateMachineUpdater (StateMachineUpdater.java:stopAndJoin(154)) - s1@group-B7D5749140D7-StateMachineUpdater: set stopIndex = 257
2023-03-01 19:15:20,947 [s1@group-B7D5749140D7-FollowerState] INFO  impl.FollowerState (FollowerState.java:run(152)) - s1@group-B7D5749140D7-FollowerState was interrupted
2023-03-01 19:15:20,950 [grpc-default-executor-4] INFO  server.GrpcServerProtocolService (GrpcServerProtocolService.java:onCompleted(143)) - s1: Completed APPEND_ENTRIES, lastRequest: s0->s1#1668-t1,previous=(t:1, i:257),leaderCommit=257,initializing? true,entries: size=1, first=(t:1, i:258), METADATAENTRY(c:257)
2023-03-01 19:15:20,950 [grpc-default-executor-3] INFO  server.GrpcServerProtocolService (GrpcServerProtocolService.java:onCompleted(143)) - s1: Completed APPEND_ENTRIES, lastRequest: null
2023-03-01 19:15:20,951 [grpc-default-executor-0] INFO  server.GrpcLogAppender (GrpcLogAppender.java:onCompleted(417)) - s0@group-B7D5749140D7->s1-AppendLogResponseHandler: follower responses appendEntries COMPLETED
2023-03-01 19:15:20,951 [grpc-default-executor-0] INFO  leader.FollowerInfo (FollowerInfoImpl.java:lambda$new$0(52)) - s0@group-B7D5749140D7->s1: decreaseNextIndex nextIndex: updateUnconditionally 259 -> 258
2023-03-01 19:15:20,951 [grpc-default-executor-4] INFO  server.GrpcServerProtocolService (GrpcServerProtocolService.java:onCompleted(143)) - s2: Completed APPEND_ENTRIES, lastRequest: s0->s2#531-t1,previous=(t:1, i:257),leaderCommit=257,initializing? true,entries: size=1, first=(t:1, i:258), METADATAENTRY(c:257)
2023-03-01 19:15:20,952 [MiniRaftCluster-15] INFO  server.GrpcService (GrpcService.java:closeImpl(311)) - s2: shutdown server GrpcServerProtocolService now
2023-03-01 19:15:20,952 [s2-impl-thread1] INFO  server.RaftServer$Division (RaftServerImpl.java:lambda$close$4(466)) - s2@group-B7D5749140D7: shutdown
2023-03-01 19:15:20,952 [s2-impl-thread1] INFO  util.JmxRegister (JmxRegister.java:unregister(73)) - Successfully un-registered JMX Bean with object name Ratis:service=RaftServer,group=group-B7D5749140D7,id=s2
2023-03-01 19:15:20,952 [s2-impl-thread1] INFO  impl.RoleInfo (RoleInfo.java:shutdownFollowerState(110)) - s2: shutdown s2@group-B7D5749140D7-FollowerState
2023-03-01 19:15:20,952 [s2-impl-thread1] INFO  impl.StateMachineUpdater (StateMachineUpdater.java:stopAndJoin(154)) - s2@group-B7D5749140D7-StateMachineUpdater: set stopIndex = 257
2023-03-01 19:15:20,952 [grpc-default-executor-4] INFO  server.GrpcLogAppender (GrpcLogAppender.java:onCompleted(417)) - s0@group-B7D5749140D7->s2-AppendLogResponseHandler: follower responses appendEntries COMPLETED
2023-03-01 19:15:20,952 [s2@group-B7D5749140D7-FollowerState] INFO  impl.FollowerState (FollowerState.java:run(152)) - s2@group-B7D5749140D7-FollowerState was interrupted
2023-03-01 19:15:20,952 [grpc-default-executor-4] INFO  leader.FollowerInfo (FollowerInfoImpl.java:lambda$new$0(52)) - s0@group-B7D5749140D7->s2: decreaseNextIndex nextIndex: updateUnconditionally 259 -> 258
2023-03-01 19:15:20,952 [grpc-default-executor-4] INFO  server.GrpcServerProtocolService (GrpcServerProtocolService.java:onCompleted(143)) - s2: Completed APPEND_ENTRIES, lastRequest: null
2023-03-01 19:15:20,953 [grpc-default-executor-0] INFO  server.GrpcLogAppender (GrpcLogAppender.java:onCompleted(417)) - s0@group-B7D5749140D7->s2-AppendLogResponseHandler: follower responses appendEntries COMPLETED
2023-03-01 19:15:20,958 [grpc-default-executor-3] INFO  server.GrpcLogAppender (GrpcLogAppender.java:onCompleted(417)) - s0@group-B7D5749140D7->s1-AppendLogResponseHandler: follower responses appendEntries COMPLETED
2023-03-01 19:15:20,958 [grpc-default-executor-3] INFO  leader.FollowerInfo (FollowerInfoImpl.java:lambda$new$0(52)) - s0@group-B7D5749140D7->s1: decreaseNextIndex nextIndex: updateUnconditionally 258 -> 257
2023-03-01 19:15:20,960 [Thread-174] INFO  server.GrpcServerProtocolClient (GrpcServerProtocolClient.java:close(101)) - s1 Close channels
2023-03-01 19:15:20,965 [grpc-default-executor-0] INFO  leader.FollowerInfo (FollowerInfoImpl.java:lambda$new$0(52)) - s0@group-B7D5749140D7->s2: decreaseNextIndex nextIndex: updateUnconditionally 258 -> 257
2023-03-01 19:15:20,968 [s1@group-B7D5749140D7-StateMachineUpdater] INFO  impl.StateMachineUpdater (StateMachineUpdater.java:takeSnapshot(290)) - s1@group-B7D5749140D7-StateMachineUpdater: Took a snapshot at index 257
2023-03-01 19:15:20,968 [s1@group-B7D5749140D7-StateMachineUpdater] INFO  impl.StateMachineUpdater (StateMachineUpdater.java:lambda$new$0(96)) - s1@group-B7D5749140D7-StateMachineUpdater: snapshotIndex: updateIncreasingly 255 -> 257
2023-03-01 19:15:20,968 [s1-impl-thread1] INFO  server.RaftServer$Division (ServerState.java:close(414)) - s1@group-B7D5749140D7: applyIndex: 257
2023-03-01 19:15:20,975 [MiniRaftCluster-14] INFO  server.GrpcService (GrpcService.java:closeImpl(320)) - s1: shutdown server GrpcServerProtocolService successfully
2023-03-01 19:15:20,985 [s0-impl-thread1] INFO  impl.StateMachineUpdater (StateMachineUpdater.java:stopAndJoin(154)) - s0@group-B7D5749140D7-StateMachineUpdater: set stopIndex = 258
2023-03-01 19:15:20,985 [Thread-175] INFO  server.GrpcServerProtocolClient (GrpcServerProtocolClient.java:close(101)) - s2 Close channels
2023-03-01 19:15:20,990 [MiniRaftCluster-15] INFO  server.GrpcService (GrpcService.java:closeImpl(320)) - s2: shutdown server GrpcServerProtocolService successfully
2023-03-01 19:15:20,990 [MiniRaftCluster-13] INFO  server.GrpcService (GrpcService.java:closeImpl(320)) - s0: shutdown server org.apache.ratis.grpc.server.GrpcClientProtocolService successfully
2023-03-01 19:15:20,990 [MiniRaftCluster-13] INFO  server.GrpcService (GrpcService.java:closeImpl(311)) - s0: shutdown server GrpcServerProtocolService now
2023-03-01 19:15:20,993 [MiniRaftCluster-13] INFO  server.GrpcService (GrpcService.java:closeImpl(320)) - s0: shutdown server GrpcServerProtocolService successfully
2023-03-01 19:15:20,993 [MiniRaftCluster-13] INFO  server.GrpcService (GrpcService.java:closeImpl(311)) - s0: shutdown server org.apache.ratis.grpc.server.GrpcAdminProtocolService now
2023-03-01 19:15:20,999 [s0@group-B7D5749140D7-StateMachineUpdater] INFO  impl.StateMachineUpdater (StateMachineUpdater.java:takeSnapshot(290)) - s0@group-B7D5749140D7-StateMachineUpdater: Took a snapshot at index 258
2023-03-01 19:15:20,999 [s0@group-B7D5749140D7-StateMachineUpdater] INFO  impl.StateMachineUpdater (StateMachineUpdater.java:lambda$new$0(96)) - s0@group-B7D5749140D7-StateMachineUpdater: snapshotIndex: updateIncreasingly 255 -> 258
2023-03-01 19:15:21,000 [s0-impl-thread1] INFO  server.RaftServer$Division (ServerState.java:close(414)) - s0@group-B7D5749140D7: applyIndex: 258
2023-03-01 19:15:21,009 [MiniRaftCluster-13] INFO  server.GrpcService (GrpcService.java:closeImpl(320)) - s0: shutdown server org.apache.ratis.grpc.server.GrpcAdminProtocolService successfully
2023-03-01 19:15:21,922 [s0-impl-thread1] INFO  segmented.SegmentedRaftLogWorker (SegmentedRaftLogWorker.java:close(242)) - s0@group-B7D5749140D7-SegmentedRaftLogWorker close()
2023-03-01 19:15:21,924 [s1-impl-thread1] INFO  segmented.SegmentedRaftLogWorker (SegmentedRaftLogWorker.java:close(242)) - s1@group-B7D5749140D7-SegmentedRaftLogWorker close()
2023-03-01 19:15:21,926 [JvmPauseMonitor7] INFO  util.JvmPauseMonitor (JvmPauseMonitor.java:run(109)) - JvmPauseMonitor-s1: Stopped
2023-03-01 19:15:21,927 [JvmPauseMonitor6] INFO  util.JvmPauseMonitor (JvmPauseMonitor.java:run(109)) - JvmPauseMonitor-s0: Stopped
2023-03-01 19:15:25,941 [Time-limited test] INFO  impl.MiniRaftCluster (MiniRaftCluster.java:shutdown(855)) - MiniRaftClusterWithGrpc shutdown completed
2023-03-01 19:15:25,942 [Time-limited test] INFO  impl.MiniRaftCluster (MiniRaftCluster.java:shutdown(831)) - ************************************************************** 
2023-03-01 19:15:25,942 [Time-limited test] INFO  impl.MiniRaftCluster (MiniRaftCluster.java:shutdown(832)) - *** 
2023-03-01 19:15:25,942 [Time-limited test] INFO  impl.MiniRaftCluster (MiniRaftCluster.java:shutdown(833)) - ***     Stopping MiniRaftClusterWithGrpc
2023-03-01 19:15:25,942 [Time-limited test] INFO  impl.MiniRaftCluster (MiniRaftCluster.java:shutdown(834)) - *** 
2023-03-01 19:15:25,942 [Time-limited test] INFO  impl.MiniRaftCluster (MiniRaftCluster.java:shutdown(835)) - ************************************************************** 
2023-03-01 19:15:25,942 [Time-limited test] INFO  impl.MiniRaftCluster (MiniRaftCluster.java:shutdown(836)) - printing ALL groups
  s0:   CLOSED    LEADER s0@group-B7D5749140D7:t1, leader=s0, voted=s0, raftlog=Memoized:s0@group-B7D5749140D7-SegmentedRaftLog:CLOSED:c258, conf=257: peers:[s0|rpc:localhost:33199|admin:localhost:33153|client:localhost:42989|dataStream:localhost:45895|priority:0|startupRole:FOLLOWER, s1|rpc:0.0.0.0:45363|dataStream:|priority:0|startupRole:FOLLOWER, s2|rpc:0.0.0.0:40133|dataStream:|priority:0|startupRole:FOLLOWER]|listeners:[], old=null CLOSED
  s1:   CLOSED  FOLLOWER s1@group-B7D5749140D7:t1, leader=s0, voted=null, raftlog=Memoized:s1@group-B7D5749140D7-SegmentedRaftLog:CLOSED:c257, conf=257: peers:[s0|rpc:localhost:33199|admin:localhost:33153|client:localhost:42989|dataStream:localhost:45895|priority:0|startupRole:FOLLOWER, s1|rpc:0.0.0.0:45363|dataStream:|priority:0|startupRole:FOLLOWER, s2|rpc:0.0.0.0:40133|dataStream:|priority:0|startupRole:FOLLOWER]|listeners:[], old=null CLOSED
  s2:  CLOSING  FOLLOWER s2@group-B7D5749140D7:t1, leader=s0, voted=null, raftlog=Memoized:s2@group-B7D5749140D7-SegmentedRaftLog:OPENED:c257, conf=257: peers:[s0|rpc:localhost:33199|admin:localhost:33153|client:localhost:42989|dataStream:localhost:45895|priority:0|startupRole:FOLLOWER, s1|rpc:0.0.0.0:45363|dataStream:|priority:0|startupRole:FOLLOWER, s2|rpc:0.0.0.0:40133|dataStream:|priority:0|startupRole:FOLLOWER]|listeners:[], old=null CLOSING
2023-03-01 19:15:25,946 [JvmPauseMonitor8] INFO  util.JvmPauseMonitor (JvmPauseMonitor.java:run(109)) - JvmPauseMonitor-s2: Stopped
2023-03-01 19:15:25,946 [Time-limited test] INFO  impl.MiniRaftCluster (MiniRaftCluster.java:shutdown(855)) - MiniRaftClusterWithGrpc shutdown completed
]]></system-out>
  </testcase>
  <testcase name="testSeparateSnapshotInstallPath[1]" classname="org.apache.ratis.grpc.TestLeaderInstallSnapshot" time="2.316"/>
</testsuite>