<?xml version="1.0" encoding="UTF-8"?>
<testsuite xmlns:xsi="http://www.w3.org/2001/XMLSchema-instance" xsi:noNamespaceSchemaLocation="https://maven.apache.org/surefire/maven-surefire-plugin/xsd/surefire-test-report.xsd" name="org.apache.ratis.server.simulation.TestServerRestartWithSimulatedRpc" time="5.94" tests="5" errors="0" skipped="0" failures="1">
  <properties>
    <property name="awt.toolkit" value="sun.awt.X11.XToolkit"/>
    <property name="file.encoding.pkg" value="sun.io"/>
    <property name="java.specification.version" value="1.8"/>
    <property name="sun.cpu.isalist" value=""/>
    <property name="sun.jnu.encoding" value="UTF-8"/>
    <property name="java.class.path" value="/home/runner/work/ratis/ratis/ratis-test/target/test-classes:/home/runner/work/ratis/ratis/ratis-test/target/classes:/home/runner/work/ratis/ratis/ratis-common/target/classes:/home/runner/.m2/repository/org/apache/ratis/ratis-thirdparty-misc/1.0.1/ratis-thirdparty-misc-1.0.1.jar:/home/runner/work/ratis/ratis/ratis-proto/target/ratis-proto-3.0.0-SNAPSHOT.jar:/home/runner/work/ratis/ratis/ratis-common/target/test-classes:/home/runner/work/ratis/ratis/ratis-client/target/classes:/home/runner/work/ratis/ratis/ratis-server/target/classes:/home/runner/work/ratis/ratis/ratis-server-api/target/classes:/home/runner/work/ratis/ratis/ratis-metrics/target/classes:/home/runner/work/ratis/ratis/ratis-server/target/test-classes:/home/runner/work/ratis/ratis/ratis-netty/target/classes:/home/runner/work/ratis/ratis/ratis-netty/target/test-classes:/home/runner/work/ratis/ratis/ratis-grpc/target/classes:/home/runner/work/ratis/ratis/ratis-grpc/target/test-classes:/home/runner/.m2/repository/org/slf4j/slf4j-api/1.7.29/slf4j-api-1.7.29.jar:/home/runner/.m2/repository/org/slf4j/slf4j-log4j12/1.7.29/slf4j-log4j12-1.7.29.jar:/home/runner/.m2/repository/log4j/log4j/1.2.17/log4j-1.2.17.jar:/home/runner/.m2/repository/junit/junit/4.13.2/junit-4.13.2.jar:/home/runner/.m2/repository/org/hamcrest/hamcrest-core/1.3/hamcrest-core-1.3.jar:/home/runner/.m2/repository/org/mockito/mockito-core/4.3.1/mockito-core-4.3.1.jar:/home/runner/.m2/repository/net/bytebuddy/byte-buddy/1.12.7/byte-buddy-1.12.7.jar:/home/runner/.m2/repository/net/bytebuddy/byte-buddy-agent/1.12.7/byte-buddy-agent-1.12.7.jar:/home/runner/.m2/repository/org/objenesis/objenesis/3.2/objenesis-3.2.jar:/home/runner/work/ratis/ratis/ratis-shell/target/classes:/home/runner/.m2/repository/commons-cli/commons-cli/1.5.0/commons-cli-1.5.0.jar:/home/runner/.m2/repository/org/reflections/reflections/0.10.2/reflections-0.10.2.jar:/home/runner/.m2/repository/org/javassist/javassist/3.28.0-GA/javassist-3.28.0-GA.jar:/home/runner/.m2/repository/com/google/code/findbugs/jsr305/3.0.2/jsr305-3.0.2.jar:"/>
    <property name="java.vm.vendor" value="Temurin"/>
    <property name="sun.arch.data.model" value="64"/>
    <property name="java.vendor.url" value="https://adoptium.net/"/>
    <property name="user.timezone" value=""/>
    <property name="java.vm.specification.version" value="1.8"/>
    <property name="os.name" value="Linux"/>
    <property name="sun.java.launcher" value="SUN_STANDARD"/>
    <property name="sun.boot.library.path" value="/usr/lib/jvm/temurin-8-jdk-amd64/jre/lib/amd64"/>
    <property name="sun.java.command" value="/home/runner/work/ratis/ratis/ratis-test/target/surefire/surefirebooter2261163319175191150.jar /home/runner/work/ratis/ratis/ratis-test/target/surefire 2022-08-08T17-03-25_580-jvmRun1 surefire1550719809924009616tmp surefire_125433629929148462680tmp"/>
    <property name="surefire.test.class.path" value="/home/runner/work/ratis/ratis/ratis-test/target/test-classes:/home/runner/work/ratis/ratis/ratis-test/target/classes:/home/runner/work/ratis/ratis/ratis-common/target/classes:/home/runner/.m2/repository/org/apache/ratis/ratis-thirdparty-misc/1.0.1/ratis-thirdparty-misc-1.0.1.jar:/home/runner/work/ratis/ratis/ratis-proto/target/ratis-proto-3.0.0-SNAPSHOT.jar:/home/runner/work/ratis/ratis/ratis-common/target/test-classes:/home/runner/work/ratis/ratis/ratis-client/target/classes:/home/runner/work/ratis/ratis/ratis-server/target/classes:/home/runner/work/ratis/ratis/ratis-server-api/target/classes:/home/runner/work/ratis/ratis/ratis-metrics/target/classes:/home/runner/work/ratis/ratis/ratis-server/target/test-classes:/home/runner/work/ratis/ratis/ratis-netty/target/classes:/home/runner/work/ratis/ratis/ratis-netty/target/test-classes:/home/runner/work/ratis/ratis/ratis-grpc/target/classes:/home/runner/work/ratis/ratis/ratis-grpc/target/test-classes:/home/runner/.m2/repository/org/slf4j/slf4j-api/1.7.29/slf4j-api-1.7.29.jar:/home/runner/.m2/repository/org/slf4j/slf4j-log4j12/1.7.29/slf4j-log4j12-1.7.29.jar:/home/runner/.m2/repository/log4j/log4j/1.2.17/log4j-1.2.17.jar:/home/runner/.m2/repository/junit/junit/4.13.2/junit-4.13.2.jar:/home/runner/.m2/repository/org/hamcrest/hamcrest-core/1.3/hamcrest-core-1.3.jar:/home/runner/.m2/repository/org/mockito/mockito-core/4.3.1/mockito-core-4.3.1.jar:/home/runner/.m2/repository/net/bytebuddy/byte-buddy/1.12.7/byte-buddy-1.12.7.jar:/home/runner/.m2/repository/net/bytebuddy/byte-buddy-agent/1.12.7/byte-buddy-agent-1.12.7.jar:/home/runner/.m2/repository/org/objenesis/objenesis/3.2/objenesis-3.2.jar:/home/runner/work/ratis/ratis/ratis-shell/target/classes:/home/runner/.m2/repository/commons-cli/commons-cli/1.5.0/commons-cli-1.5.0.jar:/home/runner/.m2/repository/org/reflections/reflections/0.10.2/reflections-0.10.2.jar:/home/runner/.m2/repository/org/javassist/javassist/3.28.0-GA/javassist-3.28.0-GA.jar:/home/runner/.m2/repository/com/google/code/findbugs/jsr305/3.0.2/jsr305-3.0.2.jar:"/>
    <property name="sun.cpu.endian" value="little"/>
    <property name="user.home" value="/home/runner"/>
    <property name="user.language" value="en"/>
    <property name="java.specification.vendor" value="Oracle Corporation"/>
    <property name="java.home" value="/usr/lib/jvm/temurin-8-jdk-amd64/jre"/>
    <property name="basedir" value="/home/runner/work/ratis/ratis/ratis-test"/>
    <property name="file.separator" value="/"/>
    <property name="line.separator" value="&#10;"/>
    <property name="java.vm.specification.vendor" value="Oracle Corporation"/>
    <property name="java.specification.name" value="Java Platform API Specification"/>
    <property name="java.awt.graphicsenv" value="sun.awt.X11GraphicsEnvironment"/>
    <property name="surefire.real.class.path" value="/home/runner/work/ratis/ratis/ratis-test/target/surefire/surefirebooter2261163319175191150.jar"/>
    <property name="sun.boot.class.path" value="/usr/lib/jvm/temurin-8-jdk-amd64/jre/lib/resources.jar:/usr/lib/jvm/temurin-8-jdk-amd64/jre/lib/rt.jar:/usr/lib/jvm/temurin-8-jdk-amd64/jre/lib/sunrsasign.jar:/usr/lib/jvm/temurin-8-jdk-amd64/jre/lib/jsse.jar:/usr/lib/jvm/temurin-8-jdk-amd64/jre/lib/jce.jar:/usr/lib/jvm/temurin-8-jdk-amd64/jre/lib/charsets.jar:/usr/lib/jvm/temurin-8-jdk-amd64/jre/lib/jfr.jar:/usr/lib/jvm/temurin-8-jdk-amd64/jre/classes"/>
    <property name="sun.management.compiler" value="HotSpot 64-Bit Tiered Compilers"/>
    <property name="java.runtime.version" value="1.8.0_332-b09"/>
    <property name="java.net.preferIPv4Stack" value="true"/>
    <property name="user.name" value="runner"/>
    <property name="path.separator" value=":"/>
    <property name="os.version" value="5.4.0-1086-azure"/>
    <property name="java.endorsed.dirs" value="/usr/lib/jvm/temurin-8-jdk-amd64/jre/lib/endorsed"/>
    <property name="java.runtime.name" value="OpenJDK Runtime Environment"/>
    <property name="file.encoding" value="UTF-8"/>
    <property name="java.vm.name" value="OpenJDK 64-Bit Server VM"/>
    <property name="localRepository" value="/home/runner/.m2/repository"/>
    <property name="java.vendor.url.bug" value="https://github.com/adoptium/adoptium-support/issues"/>
    <property name="java.io.tmpdir" value="/tmp"/>
    <property name="java.version" value="1.8.0_332"/>
    <property name="user.dir" value="/home/runner/work/ratis/ratis/ratis-test"/>
    <property name="os.arch" value="amd64"/>
    <property name="ratis.tmp.dir" value="/home/runner/work/ratis/ratis/ratis-test/target/tmp"/>
    <property name="java.vm.specification.name" value="Java Virtual Machine Specification"/>
    <property name="java.awt.printerjob" value="sun.print.PSPrinterJob"/>
    <property name="ratis.log.dir" value="/home/runner/work/ratis/ratis/ratis-test/target/log"/>
    <property name="sun.os.patch.level" value="unknown"/>
    <property name="java.library.path" value="/usr/java/packages/lib/amd64:/usr/lib64:/lib64:/lib:/usr/lib"/>
    <property name="java.vm.info" value="mixed mode"/>
    <property name="java.vendor" value="Temurin"/>
    <property name="java.vm.version" value="25.332-b09"/>
    <property name="java.ext.dirs" value="/usr/lib/jvm/temurin-8-jdk-amd64/jre/lib/ext:/usr/java/packages/lib/ext"/>
    <property name="sun.io.unicode.encoding" value="UnicodeLittle"/>
    <property name="java.class.version" value="52.0"/>
  </properties>
  <testcase name="testRestartWithCorruptedLogHeader" classname="org.apache.ratis.server.simulation.TestServerRestartWithSimulatedRpc" time="1.429"/>
  <testcase name="testRestartWithCorruptedLogEntryWithWarnAndReturn" classname="org.apache.ratis.server.simulation.TestServerRestartWithSimulatedRpc" time="1.15"/>
  <testcase name="testRestartCommitIndex" classname="org.apache.ratis.server.simulation.TestServerRestartWithSimulatedRpc" time="0.529"/>
  <testcase name="testRestartFollower" classname="org.apache.ratis.server.simulation.TestServerRestartWithSimulatedRpc" time="1.928">
    <failure message="expected:&lt;38&gt; but was:&lt;39&gt;" type="java.lang.AssertionError"><![CDATA[java.lang.AssertionError: expected:<38> but was:<39>
	at org.junit.Assert.fail(Assert.java:89)
	at org.junit.Assert.failNotEquals(Assert.java:835)
	at org.junit.Assert.assertEquals(Assert.java:647)
	at org.junit.Assert.assertEquals(Assert.java:633)
	at org.apache.ratis.server.ServerRestartTests.assertTruncatedLog(ServerRestartTests.java:169)
	at org.apache.ratis.server.ServerRestartTests.runTestRestartFollower(ServerRestartTests.java:133)
	at org.apache.ratis.server.impl.MiniRaftCluster$Factory$Get.runWithNewCluster(MiniRaftCluster.java:138)
	at org.apache.ratis.server.impl.MiniRaftCluster$Factory$Get.runWithNewCluster(MiniRaftCluster.java:118)
	at org.apache.ratis.server.ServerRestartTests.testRestartFollower(ServerRestartTests.java:88)
	at sun.reflect.NativeMethodAccessorImpl.invoke0(Native Method)
	at sun.reflect.NativeMethodAccessorImpl.invoke(NativeMethodAccessorImpl.java:62)
	at sun.reflect.DelegatingMethodAccessorImpl.invoke(DelegatingMethodAccessorImpl.java:43)
	at java.lang.reflect.Method.invoke(Method.java:498)
	at org.junit.runners.model.FrameworkMethod$1.runReflectiveCall(FrameworkMethod.java:59)
	at org.junit.internal.runners.model.ReflectiveCallable.run(ReflectiveCallable.java:12)
	at org.junit.runners.model.FrameworkMethod.invokeExplosively(FrameworkMethod.java:56)
	at org.junit.internal.runners.statements.InvokeMethod.evaluate(InvokeMethod.java:17)
	at org.junit.internal.runners.statements.RunAfters.evaluate(RunAfters.java:27)
	at org.junit.internal.runners.statements.FailOnTimeout$CallableStatement.call(FailOnTimeout.java:299)
	at org.junit.internal.runners.statements.FailOnTimeout$CallableStatement.call(FailOnTimeout.java:293)
	at java.util.concurrent.FutureTask.run(FutureTask.java:266)
	at java.lang.Thread.run(Thread.java:750)
]]></failure>
    <system-out><![CDATA[2022-08-08 17:04:51,361 [main] INFO  util.LogUtils (Log4jUtils.java:setLogLevel(32)) - Set org.apache.ratis.conf.ConfUtils log level to WARN
2022-08-08 17:04:51,361 [main] INFO  util.LogUtils (Log4jUtils.java:setLogLevel(32)) - Set org.apache.ratis.util.FileUtils log level to TRACE
2022-08-08 17:04:51,361 [main] INFO  util.LogUtils (Log4jUtils.java:setLogLevel(32)) - Set org.apache.ratis.server.raftlog.RaftLog log level to DEBUG
2022-08-08 17:04:51,362 [Time-limited test] INFO  impl.MiniRaftCluster (MiniRaftCluster.java:runWithNewCluster(132)) - Running runWithNewCluster
2022-08-08 17:04:51,362 [Time-limited test] INFO  simulation.MiniRaftClusterWithSimulatedRpc (ConfUtils.java:logGet(46)) - org.apache.ratis.server.simulation.SimulatedRequestReply.simulateLatencyMs = 0 (custom)
2022-08-08 17:04:51,363 [Time-limited test] INFO  impl.MiniRaftCluster (MiniRaftCluster.java:<init>(303)) - new MiniRaftClusterWithSimulatedRpc with group-B24AF063D807:[s0|rpc:localhost:44329|admin:localhost:44721|client:localhost:39371|dataStream:localhost:42645|priority:0|startupRole:FOLLOWER, s1|rpc:localhost:41361|admin:localhost:40185|client:localhost:33019|dataStream:localhost:39869|priority:0|startupRole:FOLLOWER, s2|rpc:localhost:38737|admin:localhost:36401|client:localhost:33787|dataStream:localhost:36623|priority:0|startupRole:FOLLOWER]
2022-08-08 17:04:51,363 [Time-limited test] INFO  impl.MiniRaftCluster (MiniRaftCluster.java:start(336)) - .............................................................. 
2022-08-08 17:04:51,363 [Time-limited test] INFO  impl.MiniRaftCluster (MiniRaftCluster.java:start(337)) - ... 
2022-08-08 17:04:51,363 [Time-limited test] INFO  impl.MiniRaftCluster (MiniRaftCluster.java:start(338)) - ...     Starting MiniRaftClusterWithSimulatedRpc
2022-08-08 17:04:51,363 [Time-limited test] INFO  impl.MiniRaftCluster (MiniRaftCluster.java:start(339)) - ... 
2022-08-08 17:04:51,363 [Time-limited test] INFO  impl.MiniRaftCluster (MiniRaftCluster.java:start(340)) - .............................................................. 
2022-08-08 17:04:51,363 [Time-limited test] INFO  impl.MiniRaftCluster (MiniRaftCluster.java:initServers(315)) - servers = {}
2022-08-08 17:04:51,363 [Time-limited test] INFO  impl.MiniRaftCluster (MiniRaftCluster.java:newRaftServer(379)) - newRaftServer: s0, group-B24AF063D807:[s0|rpc:localhost:44329|admin:localhost:44721|client:localhost:39371|dataStream:localhost:42645|priority:0|startupRole:FOLLOWER, s1|rpc:localhost:41361|admin:localhost:40185|client:localhost:33019|dataStream:localhost:39869|priority:0|startupRole:FOLLOWER, s2|rpc:localhost:38737|admin:localhost:36401|client:localhost:33787|dataStream:localhost:36623|priority:0|startupRole:FOLLOWER], format? true
2022-08-08 17:04:51,363 [Time-limited test] TRACE util.FileUtils (FileUtils.java:deleteFully(162)) - deleteFully target/test/data/b051e71b/MiniRaftClusterWithSimulatedRpc1ec78f08/s0
2022-08-08 17:04:51,364 [Time-limited test] TRACE util.FileUtils (FileUtils.java:deleteFully(178)) - deleteFully: target/test/data/b051e71b/MiniRaftClusterWithSimulatedRpc1ec78f08/s0 does not exist.
2022-08-08 17:04:51,364 [Time-limited test] INFO  impl.MiniRaftCluster (MiniRaftCluster.java:newRaftServer(384)) - Formatted directory target/test/data/b051e71b/MiniRaftClusterWithSimulatedRpc1ec78f08/s0
2022-08-08 17:04:51,364 [Time-limited test] INFO  server.RaftServer (ConfUtils.java:logGet(46)) - raft.rpc.type = org.apache.ratis.server.simulation.SimulatedRpc (custom)
2022-08-08 17:04:51,364 [Time-limited test] INFO  impl.DataStreamServerImpl (ConfUtils.java:logGet(46)) - raft.datastream.type = DISABLED (default)
2022-08-08 17:04:51,365 [Time-limited test] INFO  server.RaftServerConfigKeys (ConfUtils.java:logGet(46)) - raft.server.threadpool.proxy.cached = true (default)
2022-08-08 17:04:51,365 [Time-limited test] INFO  server.RaftServerConfigKeys (ConfUtils.java:logGet(46)) - raft.server.threadpool.proxy.size = 0 (default)
2022-08-08 17:04:51,365 [Time-limited test] INFO  server.RaftServerConfigKeys (ConfUtils.java:logGet(46)) - raft.server.rpc.slowness.timeout = 60s (default)
2022-08-08 17:04:51,365 [Time-limited test] INFO  server.RaftServerConfigKeys (ConfUtils.java:logGet(46)) - raft.server.leaderelection.leader.step-down.wait-time = 10s (default)
2022-08-08 17:04:51,365 [Time-limited test] INFO  server.RaftServerConfigKeys (ConfUtils.java:logGet(46)) - raft.server.storage.dir = [/home/runner/work/ratis/ratis/ratis-test/target/test/data/b051e71b/MiniRaftClusterWithSimulatedRpc1ec78f08/s0] (custom)
2022-08-08 17:04:51,368 [Time-limited test] INFO  server.RaftServer (RaftServerProxy.java:addNew(96)) - s0: addNew group-B24AF063D807:[s0|rpc:localhost:44329|admin:localhost:44721|client:localhost:39371|dataStream:localhost:42645|priority:0|startupRole:FOLLOWER, s1|rpc:localhost:41361|admin:localhost:40185|client:localhost:33019|dataStream:localhost:39869|priority:0|startupRole:FOLLOWER, s2|rpc:localhost:38737|admin:localhost:36401|client:localhost:33787|dataStream:localhost:36623|priority:0|startupRole:FOLLOWER] returns group-B24AF063D807:java.util.concurrent.CompletableFuture@602cdd08[Not completed]
2022-08-08 17:04:51,369 [Time-limited test] INFO  impl.MiniRaftCluster (MiniRaftCluster.java:newRaftServer(379)) - newRaftServer: s1, group-B24AF063D807:[s0|rpc:localhost:44329|admin:localhost:44721|client:localhost:39371|dataStream:localhost:42645|priority:0|startupRole:FOLLOWER, s1|rpc:localhost:41361|admin:localhost:40185|client:localhost:33019|dataStream:localhost:39869|priority:0|startupRole:FOLLOWER, s2|rpc:localhost:38737|admin:localhost:36401|client:localhost:33787|dataStream:localhost:36623|priority:0|startupRole:FOLLOWER], format? true
2022-08-08 17:04:51,369 [Time-limited test] TRACE util.FileUtils (FileUtils.java:deleteFully(162)) - deleteFully target/test/data/b051e71b/MiniRaftClusterWithSimulatedRpc1ec78f08/s1
2022-08-08 17:04:51,369 [Time-limited test] TRACE util.FileUtils (FileUtils.java:deleteFully(178)) - deleteFully: target/test/data/b051e71b/MiniRaftClusterWithSimulatedRpc1ec78f08/s1 does not exist.
2022-08-08 17:04:51,369 [Time-limited test] INFO  impl.MiniRaftCluster (MiniRaftCluster.java:newRaftServer(384)) - Formatted directory target/test/data/b051e71b/MiniRaftClusterWithSimulatedRpc1ec78f08/s1
2022-08-08 17:04:51,369 [Time-limited test] INFO  server.RaftServer (ConfUtils.java:logGet(46)) - raft.rpc.type = org.apache.ratis.server.simulation.SimulatedRpc (custom)
2022-08-08 17:04:51,369 [Time-limited test] INFO  impl.DataStreamServerImpl (ConfUtils.java:logGet(46)) - raft.datastream.type = DISABLED (default)
2022-08-08 17:04:51,369 [Time-limited test] INFO  server.RaftServerConfigKeys (ConfUtils.java:logGet(46)) - raft.server.threadpool.proxy.cached = true (default)
2022-08-08 17:04:51,369 [Time-limited test] INFO  server.RaftServerConfigKeys (ConfUtils.java:logGet(46)) - raft.server.threadpool.proxy.size = 0 (default)
2022-08-08 17:04:51,369 [Time-limited test] INFO  server.RaftServerConfigKeys (ConfUtils.java:logGet(46)) - raft.server.rpc.slowness.timeout = 60s (default)
2022-08-08 17:04:51,369 [Time-limited test] INFO  server.RaftServerConfigKeys (ConfUtils.java:logGet(46)) - raft.server.leaderelection.leader.step-down.wait-time = 10s (default)
2022-08-08 17:04:51,369 [Time-limited test] INFO  server.RaftServerConfigKeys (ConfUtils.java:logGet(46)) - raft.server.storage.dir = [/home/runner/work/ratis/ratis/ratis-test/target/test/data/b051e71b/MiniRaftClusterWithSimulatedRpc1ec78f08/s1] (custom)
2022-08-08 17:04:51,370 [pool-36-thread-1] INFO  server.RaftServerConfigKeys (ConfUtils.java:logGet(46)) - raft.server.log.segment.size.max = 8MB (=8388608) (default)
2022-08-08 17:04:51,370 [pool-36-thread-1] INFO  server.RaftServerConfigKeys (ConfUtils.java:logGet(46)) - raft.server.log.preallocated.size = 4MB (=4194304) (default)
2022-08-08 17:04:51,370 [pool-36-thread-1] INFO  server.RaftServerConfigKeys (ConfUtils.java:logGet(46)) - raft.server.log.write.buffer.size = 64KB (=65536) (default)
2022-08-08 17:04:51,370 [pool-36-thread-1] INFO  server.RaftServer$Division (RaftServerImpl.java:<init>(192)) - s0: new RaftServerImpl for group-B24AF063D807:[s0|rpc:localhost:44329|admin:localhost:44721|client:localhost:39371|dataStream:localhost:42645|priority:0|startupRole:FOLLOWER, s1|rpc:localhost:41361|admin:localhost:40185|client:localhost:33019|dataStream:localhost:39869|priority:0|startupRole:FOLLOWER, s2|rpc:localhost:38737|admin:localhost:36401|client:localhost:33787|dataStream:localhost:36623|priority:0|startupRole:FOLLOWER] with SimpleStateMachine4Testing:uninitialized
2022-08-08 17:04:51,370 [pool-36-thread-1] INFO  server.RaftServerConfigKeys (ConfUtils.java:logGet(46)) - raft.server.rpc.timeout.min = 150ms (default)
2022-08-08 17:04:51,370 [pool-36-thread-1] INFO  server.RaftServerConfigKeys (ConfUtils.java:logGet(46)) - raft.server.rpc.timeout.max = 300ms (default)
2022-08-08 17:04:51,370 [pool-36-thread-1] INFO  server.RaftServerConfigKeys (ConfUtils.java:logGet(46)) - raft.server.rpc.sleep.time = 25ms (default)
2022-08-08 17:04:51,370 [pool-36-thread-1] INFO  server.RaftServerConfigKeys (ConfUtils.java:logGet(46)) - raft.server.rpc.slowness.timeout = 60s (default)
2022-08-08 17:04:51,370 [pool-36-thread-1] INFO  server.RaftServerConfigKeys (ConfUtils.java:logGet(46)) - raft.server.leaderelection.leader.step-down.wait-time = 10s (default)
2022-08-08 17:04:51,370 [pool-36-thread-1] INFO  server.RaftServerConfigKeys (ConfUtils.java:logGet(46)) - raft.server.sleep.deviation.threshold = 300ms (default)
2022-08-08 17:04:51,370 [pool-36-thread-1] INFO  server.RaftServer$Division (ServerState.java:<init>(118)) - s0@group-B24AF063D807: ConfigurationManager, init=-1: peers:[s0|rpc:localhost:44329|admin:localhost:44721|client:localhost:39371|dataStream:localhost:42645|priority:0|startupRole:FOLLOWER, s1|rpc:localhost:41361|admin:localhost:40185|client:localhost:33019|dataStream:localhost:39869|priority:0|startupRole:FOLLOWER, s2|rpc:localhost:38737|admin:localhost:36401|client:localhost:33787|dataStream:localhost:36623|priority:0|startupRole:FOLLOWER]|listeners:[], old=null, confs=<EMPTY_MAP>
2022-08-08 17:04:51,371 [pool-36-thread-1] INFO  server.RaftServerConfigKeys (ConfUtils.java:logGet(46)) - raft.server.storage.dir = [/home/runner/work/ratis/ratis/ratis-test/target/test/data/b051e71b/MiniRaftClusterWithSimulatedRpc1ec78f08/s0] (custom)
2022-08-08 17:04:51,371 [pool-36-thread-1] INFO  server.RaftServerConfigKeys (ConfUtils.java:logGet(46)) - raft.server.log.corruption.policy = EXCEPTION (default)
2022-08-08 17:04:51,371 [pool-36-thread-1] INFO  server.RaftServerConfigKeys (ConfUtils.java:logGet(46)) - raft.server.storage.free-space.min = 0MB (=0) (default)
2022-08-08 17:04:51,371 [pool-36-thread-1] INFO  server.RaftServerConfigKeys (ConfUtils.java:logGet(46)) - raft.server.notification.no-leader.timeout = 60s (default)
2022-08-08 17:04:51,371 [pool-36-thread-1] INFO  server.RaftServerConfigKeys (ConfUtils.java:logGet(46)) - raft.server.retrycache.expirytime = 60s (default)
2022-08-08 17:04:51,371 [pool-36-thread-1] INFO  server.RaftServerConfigKeys (ConfUtils.java:logGet(46)) - raft.server.retrycache.statistics.expirytime = 100μs (default)
2022-08-08 17:04:51,372 [pool-36-thread-1] INFO  server.RaftServerConfigKeys (ConfUtils.java:logGet(46)) - raft.server.log.appender.install.snapshot.enabled = true (default)
2022-08-08 17:04:51,372 [pool-36-thread-1] INFO  server.RaftServerConfigKeys (ConfUtils.java:logGet(46)) - raft.server.threadpool.server.cached = true (default)
2022-08-08 17:04:51,372 [pool-36-thread-1] INFO  server.RaftServerConfigKeys (ConfUtils.java:logGet(46)) - raft.server.threadpool.server.size = 0 (default)
2022-08-08 17:04:51,372 [pool-36-thread-1] INFO  server.RaftServerConfigKeys (ConfUtils.java:logGet(46)) - raft.server.threadpool.client.cached = true (default)
2022-08-08 17:04:51,372 [pool-36-thread-1] INFO  server.RaftServerConfigKeys (ConfUtils.java:logGet(46)) - raft.server.threadpool.client.size = 0 (default)
2022-08-08 17:04:51,372 [Time-limited test] INFO  server.RaftServer (RaftServerProxy.java:addNew(96)) - s1: addNew group-B24AF063D807:[s0|rpc:localhost:44329|admin:localhost:44721|client:localhost:39371|dataStream:localhost:42645|priority:0|startupRole:FOLLOWER, s1|rpc:localhost:41361|admin:localhost:40185|client:localhost:33019|dataStream:localhost:39869|priority:0|startupRole:FOLLOWER, s2|rpc:localhost:38737|admin:localhost:36401|client:localhost:33787|dataStream:localhost:36623|priority:0|startupRole:FOLLOWER] returns group-B24AF063D807:java.util.concurrent.CompletableFuture@6416b1a[Not completed]
2022-08-08 17:04:51,372 [Time-limited test] INFO  impl.MiniRaftCluster (MiniRaftCluster.java:newRaftServer(379)) - newRaftServer: s2, group-B24AF063D807:[s0|rpc:localhost:44329|admin:localhost:44721|client:localhost:39371|dataStream:localhost:42645|priority:0|startupRole:FOLLOWER, s1|rpc:localhost:41361|admin:localhost:40185|client:localhost:33019|dataStream:localhost:39869|priority:0|startupRole:FOLLOWER, s2|rpc:localhost:38737|admin:localhost:36401|client:localhost:33787|dataStream:localhost:36623|priority:0|startupRole:FOLLOWER], format? true
2022-08-08 17:04:51,372 [Time-limited test] TRACE util.FileUtils (FileUtils.java:deleteFully(162)) - deleteFully target/test/data/b051e71b/MiniRaftClusterWithSimulatedRpc1ec78f08/s2
2022-08-08 17:04:51,372 [Time-limited test] TRACE util.FileUtils (FileUtils.java:deleteFully(178)) - deleteFully: target/test/data/b051e71b/MiniRaftClusterWithSimulatedRpc1ec78f08/s2 does not exist.
2022-08-08 17:04:51,372 [Time-limited test] INFO  impl.MiniRaftCluster (MiniRaftCluster.java:newRaftServer(384)) - Formatted directory target/test/data/b051e71b/MiniRaftClusterWithSimulatedRpc1ec78f08/s2
2022-08-08 17:04:51,373 [Time-limited test] INFO  server.RaftServer (ConfUtils.java:logGet(46)) - raft.rpc.type = org.apache.ratis.server.simulation.SimulatedRpc (custom)
2022-08-08 17:04:51,373 [Time-limited test] INFO  impl.DataStreamServerImpl (ConfUtils.java:logGet(46)) - raft.datastream.type = DISABLED (default)
2022-08-08 17:04:51,373 [Time-limited test] INFO  server.RaftServerConfigKeys (ConfUtils.java:logGet(46)) - raft.server.threadpool.proxy.cached = true (default)
2022-08-08 17:04:51,373 [Time-limited test] INFO  server.RaftServerConfigKeys (ConfUtils.java:logGet(46)) - raft.server.threadpool.proxy.size = 0 (default)
2022-08-08 17:04:51,373 [Time-limited test] INFO  server.RaftServerConfigKeys (ConfUtils.java:logGet(46)) - raft.server.rpc.slowness.timeout = 60s (default)
2022-08-08 17:04:51,373 [Time-limited test] INFO  server.RaftServerConfigKeys (ConfUtils.java:logGet(46)) - raft.server.leaderelection.leader.step-down.wait-time = 10s (default)
2022-08-08 17:04:51,373 [Time-limited test] INFO  server.RaftServerConfigKeys (ConfUtils.java:logGet(46)) - raft.server.storage.dir = [/home/runner/work/ratis/ratis/ratis-test/target/test/data/b051e71b/MiniRaftClusterWithSimulatedRpc1ec78f08/s2] (custom)
2022-08-08 17:04:51,374 [pool-37-thread-1] INFO  server.RaftServerConfigKeys (ConfUtils.java:logGet(46)) - raft.server.log.segment.size.max = 8MB (=8388608) (default)
2022-08-08 17:04:51,374 [pool-37-thread-1] INFO  server.RaftServerConfigKeys (ConfUtils.java:logGet(46)) - raft.server.log.preallocated.size = 4MB (=4194304) (default)
2022-08-08 17:04:51,374 [pool-37-thread-1] INFO  server.RaftServerConfigKeys (ConfUtils.java:logGet(46)) - raft.server.log.write.buffer.size = 64KB (=65536) (default)
2022-08-08 17:04:51,374 [pool-37-thread-1] INFO  server.RaftServer$Division (RaftServerImpl.java:<init>(192)) - s1: new RaftServerImpl for group-B24AF063D807:[s0|rpc:localhost:44329|admin:localhost:44721|client:localhost:39371|dataStream:localhost:42645|priority:0|startupRole:FOLLOWER, s1|rpc:localhost:41361|admin:localhost:40185|client:localhost:33019|dataStream:localhost:39869|priority:0|startupRole:FOLLOWER, s2|rpc:localhost:38737|admin:localhost:36401|client:localhost:33787|dataStream:localhost:36623|priority:0|startupRole:FOLLOWER] with SimpleStateMachine4Testing:uninitialized
2022-08-08 17:04:51,374 [pool-37-thread-1] INFO  server.RaftServerConfigKeys (ConfUtils.java:logGet(46)) - raft.server.rpc.timeout.min = 150ms (default)
2022-08-08 17:04:51,374 [pool-37-thread-1] INFO  server.RaftServerConfigKeys (ConfUtils.java:logGet(46)) - raft.server.rpc.timeout.max = 300ms (default)
2022-08-08 17:04:51,374 [pool-37-thread-1] INFO  server.RaftServerConfigKeys (ConfUtils.java:logGet(46)) - raft.server.rpc.sleep.time = 25ms (default)
2022-08-08 17:04:51,375 [pool-37-thread-1] INFO  server.RaftServerConfigKeys (ConfUtils.java:logGet(46)) - raft.server.rpc.slowness.timeout = 60s (default)
2022-08-08 17:04:51,375 [pool-37-thread-1] INFO  server.RaftServerConfigKeys (ConfUtils.java:logGet(46)) - raft.server.leaderelection.leader.step-down.wait-time = 10s (default)
2022-08-08 17:04:51,375 [pool-37-thread-1] INFO  server.RaftServerConfigKeys (ConfUtils.java:logGet(46)) - raft.server.sleep.deviation.threshold = 300ms (default)
2022-08-08 17:04:51,375 [pool-37-thread-1] INFO  server.RaftServer$Division (ServerState.java:<init>(118)) - s1@group-B24AF063D807: ConfigurationManager, init=-1: peers:[s0|rpc:localhost:44329|admin:localhost:44721|client:localhost:39371|dataStream:localhost:42645|priority:0|startupRole:FOLLOWER, s1|rpc:localhost:41361|admin:localhost:40185|client:localhost:33019|dataStream:localhost:39869|priority:0|startupRole:FOLLOWER, s2|rpc:localhost:38737|admin:localhost:36401|client:localhost:33787|dataStream:localhost:36623|priority:0|startupRole:FOLLOWER]|listeners:[], old=null, confs=<EMPTY_MAP>
2022-08-08 17:04:51,375 [pool-37-thread-1] INFO  server.RaftServerConfigKeys (ConfUtils.java:logGet(46)) - raft.server.storage.dir = [/home/runner/work/ratis/ratis/ratis-test/target/test/data/b051e71b/MiniRaftClusterWithSimulatedRpc1ec78f08/s1] (custom)
2022-08-08 17:04:51,375 [pool-37-thread-1] INFO  server.RaftServerConfigKeys (ConfUtils.java:logGet(46)) - raft.server.log.corruption.policy = EXCEPTION (default)
2022-08-08 17:04:51,375 [pool-37-thread-1] INFO  server.RaftServerConfigKeys (ConfUtils.java:logGet(46)) - raft.server.storage.free-space.min = 0MB (=0) (default)
2022-08-08 17:04:51,375 [pool-37-thread-1] INFO  server.RaftServerConfigKeys (ConfUtils.java:logGet(46)) - raft.server.notification.no-leader.timeout = 60s (default)
2022-08-08 17:04:51,375 [pool-37-thread-1] INFO  server.RaftServerConfigKeys (ConfUtils.java:logGet(46)) - raft.server.retrycache.expirytime = 60s (default)
2022-08-08 17:04:51,375 [pool-37-thread-1] INFO  server.RaftServerConfigKeys (ConfUtils.java:logGet(46)) - raft.server.retrycache.statistics.expirytime = 100μs (default)
2022-08-08 17:04:51,375 [pool-37-thread-1] INFO  server.RaftServerConfigKeys (ConfUtils.java:logGet(46)) - raft.server.log.appender.install.snapshot.enabled = true (default)
2022-08-08 17:04:51,375 [pool-37-thread-1] INFO  server.RaftServerConfigKeys (ConfUtils.java:logGet(46)) - raft.server.threadpool.server.cached = true (default)
2022-08-08 17:04:51,376 [pool-37-thread-1] INFO  server.RaftServerConfigKeys (ConfUtils.java:logGet(46)) - raft.server.threadpool.server.size = 0 (default)
2022-08-08 17:04:51,376 [pool-37-thread-1] INFO  server.RaftServerConfigKeys (ConfUtils.java:logGet(46)) - raft.server.threadpool.client.cached = true (default)
2022-08-08 17:04:51,376 [pool-37-thread-1] INFO  server.RaftServerConfigKeys (ConfUtils.java:logGet(46)) - raft.server.threadpool.client.size = 0 (default)
2022-08-08 17:04:51,376 [Time-limited test] INFO  server.RaftServer (RaftServerProxy.java:addNew(96)) - s2: addNew group-B24AF063D807:[s0|rpc:localhost:44329|admin:localhost:44721|client:localhost:39371|dataStream:localhost:42645|priority:0|startupRole:FOLLOWER, s1|rpc:localhost:41361|admin:localhost:40185|client:localhost:33019|dataStream:localhost:39869|priority:0|startupRole:FOLLOWER, s2|rpc:localhost:38737|admin:localhost:36401|client:localhost:33787|dataStream:localhost:36623|priority:0|startupRole:FOLLOWER] returns group-B24AF063D807:java.util.concurrent.CompletableFuture@10d1e6ab[Not completed]
2022-08-08 17:04:51,376 [s0-impl-thread1] INFO  storage.RaftStorageDirectory (RaftStorageDirectoryImpl.java:analyzeStorage(137)) - The storage directory /home/runner/work/ratis/ratis/ratis-test/target/test/data/b051e71b/MiniRaftClusterWithSimulatedRpc1ec78f08/s0/0d1e7fc9-4c77-451a-91df-b24af063d807 does not exist. Creating ...
2022-08-08 17:04:51,377 [s0-impl-thread1] TRACE util.FileUtils (LogUtils.java:runAndLog(49)) - Successfully ran Files.createDirectories /home/runner/work/ratis/ratis/ratis-test/target/test/data/b051e71b/MiniRaftClusterWithSimulatedRpc1ec78f08/s0/0d1e7fc9-4c77-451a-91df-b24af063d807
2022-08-08 17:04:51,377 [pool-38-thread-1] INFO  server.RaftServerConfigKeys (ConfUtils.java:logGet(46)) - raft.server.log.segment.size.max = 8MB (=8388608) (default)
2022-08-08 17:04:51,378 [pool-38-thread-1] INFO  server.RaftServerConfigKeys (ConfUtils.java:logGet(46)) - raft.server.log.preallocated.size = 4MB (=4194304) (default)
2022-08-08 17:04:51,378 [pool-38-thread-1] INFO  server.RaftServerConfigKeys (ConfUtils.java:logGet(46)) - raft.server.log.write.buffer.size = 64KB (=65536) (default)
2022-08-08 17:04:51,378 [s0-impl-thread1] INFO  storage.RaftStorageDirectory (RaftStorageDirectoryImpl.java:tryLock(231)) - Lock on /home/runner/work/ratis/ratis/ratis-test/target/test/data/b051e71b/MiniRaftClusterWithSimulatedRpc1ec78f08/s0/0d1e7fc9-4c77-451a-91df-b24af063d807/in_use.lock acquired by nodename 4120@fv-az243-784.kztbcxys31bebirtrtfpqc42zb.jx.internal.cloudapp.net
2022-08-08 17:04:51,378 [s0-impl-thread1] TRACE util.FileUtils (LogUtils.java:runAndLog(49)) - Successfully ran Files.createDirectories /home/runner/work/ratis/ratis/ratis-test/target/test/data/b051e71b/MiniRaftClusterWithSimulatedRpc1ec78f08/s0/0d1e7fc9-4c77-451a-91df-b24af063d807/current
2022-08-08 17:04:51,378 [s0-impl-thread1] TRACE util.FileUtils (LogUtils.java:runAndLog(49)) - Successfully ran Files.createDirectories /home/runner/work/ratis/ratis/ratis-test/target/test/data/b051e71b/MiniRaftClusterWithSimulatedRpc1ec78f08/s0/0d1e7fc9-4c77-451a-91df-b24af063d807/sm
2022-08-08 17:04:51,378 [pool-38-thread-1] INFO  server.RaftServer$Division (RaftServerImpl.java:<init>(192)) - s2: new RaftServerImpl for group-B24AF063D807:[s0|rpc:localhost:44329|admin:localhost:44721|client:localhost:39371|dataStream:localhost:42645|priority:0|startupRole:FOLLOWER, s1|rpc:localhost:41361|admin:localhost:40185|client:localhost:33019|dataStream:localhost:39869|priority:0|startupRole:FOLLOWER, s2|rpc:localhost:38737|admin:localhost:36401|client:localhost:33787|dataStream:localhost:36623|priority:0|startupRole:FOLLOWER] with SimpleStateMachine4Testing:uninitialized
2022-08-08 17:04:51,378 [pool-38-thread-1] INFO  server.RaftServerConfigKeys (ConfUtils.java:logGet(46)) - raft.server.rpc.timeout.min = 150ms (default)
2022-08-08 17:04:51,379 [pool-38-thread-1] INFO  server.RaftServerConfigKeys (ConfUtils.java:logGet(46)) - raft.server.rpc.timeout.max = 300ms (default)
2022-08-08 17:04:51,379 [pool-38-thread-1] INFO  server.RaftServerConfigKeys (ConfUtils.java:logGet(46)) - raft.server.rpc.sleep.time = 25ms (default)
2022-08-08 17:04:51,379 [pool-38-thread-1] INFO  server.RaftServerConfigKeys (ConfUtils.java:logGet(46)) - raft.server.rpc.slowness.timeout = 60s (default)
2022-08-08 17:04:51,379 [pool-38-thread-1] INFO  server.RaftServerConfigKeys (ConfUtils.java:logGet(46)) - raft.server.leaderelection.leader.step-down.wait-time = 10s (default)
2022-08-08 17:04:51,379 [pool-38-thread-1] INFO  server.RaftServerConfigKeys (ConfUtils.java:logGet(46)) - raft.server.sleep.deviation.threshold = 300ms (default)
2022-08-08 17:04:51,379 [pool-38-thread-1] INFO  server.RaftServer$Division (ServerState.java:<init>(118)) - s2@group-B24AF063D807: ConfigurationManager, init=-1: peers:[s0|rpc:localhost:44329|admin:localhost:44721|client:localhost:39371|dataStream:localhost:42645|priority:0|startupRole:FOLLOWER, s1|rpc:localhost:41361|admin:localhost:40185|client:localhost:33019|dataStream:localhost:39869|priority:0|startupRole:FOLLOWER, s2|rpc:localhost:38737|admin:localhost:36401|client:localhost:33787|dataStream:localhost:36623|priority:0|startupRole:FOLLOWER]|listeners:[], old=null, confs=<EMPTY_MAP>
2022-08-08 17:04:51,379 [s0-impl-thread1] INFO  storage.RaftStorage (RaftStorageImpl.java:format(96)) - Storage directory /home/runner/work/ratis/ratis/ratis-test/target/test/data/b051e71b/MiniRaftClusterWithSimulatedRpc1ec78f08/s0/0d1e7fc9-4c77-451a-91df-b24af063d807 has been successfully formatted.
2022-08-08 17:04:51,379 [s0-impl-thread1] INFO  statemachine.SimpleStateMachine4Testing (SimpleStateMachine4Testing.java:initialize(212)) - Initializing SimpleStateMachine4Testing:uninitialized
2022-08-08 17:04:51,379 [s0-impl-thread1] INFO  statemachine.SimpleStateMachine4Testing (SimpleStateMachine4Testing.java:loadSnapshot(306)) - The snapshot file null does not exist
2022-08-08 17:04:51,379 [s0-impl-thread1] INFO  server.RaftServerConfigKeys (ConfUtils.java:logGet(46)) - raft.server.log.use.memory = false (default)
2022-08-08 17:04:51,379 [s0-impl-thread1] INFO  server.RaftServerConfigKeys (ConfUtils.java:logGet(46)) - raft.server.log.purge.gap = 1024 (default)
2022-08-08 17:04:51,380 [s0-impl-thread1] INFO  server.RaftServerConfigKeys (ConfUtils.java:logGet(46)) - raft.server.log.appender.buffer.byte-limit = 4MB (=4194304) (default)
2022-08-08 17:04:51,380 [s0-impl-thread1] INFO  server.RaftServerConfigKeys (ConfUtils.java:logGet(46)) - raft.server.log.statemachine.data.read.timeout = 1000ms (default)
2022-08-08 17:04:51,380 [s0-impl-thread1] INFO  server.RaftServerConfigKeys (ConfUtils.java:logGet(46)) - raft.server.log.purge.preservation.log.num = 0 (default)
2022-08-08 17:04:51,380 [s0-impl-thread1] INFO  server.RaftServerConfigKeys (ConfUtils.java:logGet(46)) - raft.server.log.segment.size.max = 8KB (=8192) (custom)
2022-08-08 17:04:51,380 [s0-impl-thread1] INFO  server.RaftServerConfigKeys (ConfUtils.java:logGet(46)) - raft.server.log.segment.cache.num.max = 6 (default)
2022-08-08 17:04:51,380 [s0-impl-thread1] INFO  server.RaftServerConfigKeys (ConfUtils.java:logGet(46)) - raft.server.log.segment.cache.size.max = 200MB (=209715200) (default)
2022-08-08 17:04:51,380 [s0-impl-thread1] INFO  segmented.SegmentedRaftLogWorker (SegmentedRaftLogWorker.java:<init>(187)) - new s0@group-B24AF063D807-SegmentedRaftLogWorker for RaftStorageImpl:Storage Directory /home/runner/work/ratis/ratis/ratis-test/target/test/data/b051e71b/MiniRaftClusterWithSimulatedRpc1ec78f08/s0/0d1e7fc9-4c77-451a-91df-b24af063d807
2022-08-08 17:04:51,380 [s0-impl-thread1] INFO  server.RaftServerConfigKeys (ConfUtils.java:logGet(46)) - raft.server.log.queue.byte-limit = 64MB (=67108864) (default)
2022-08-08 17:04:51,380 [s0-impl-thread1] INFO  server.RaftServerConfigKeys (ConfUtils.java:logGet(46)) - raft.server.log.queue.element-limit = 4096 (default)
2022-08-08 17:04:51,380 [s0-impl-thread1] INFO  server.RaftServerConfigKeys (ConfUtils.java:logGet(46)) - raft.server.log.segment.size.max = 8KB (=8192) (custom)
2022-08-08 17:04:51,380 [s0-impl-thread1] INFO  server.RaftServerConfigKeys (ConfUtils.java:logGet(46)) - raft.server.log.preallocated.size = 4MB (=4194304) (default)
2022-08-08 17:04:51,380 [s0-impl-thread1] INFO  server.RaftServerConfigKeys (ConfUtils.java:logGet(46)) - raft.server.log.force.sync.num = 128 (default)
2022-08-08 17:04:51,380 [s0-impl-thread1] INFO  server.RaftServerConfigKeys (ConfUtils.java:logGet(46)) - raft.server.log.statemachine.data.sync = true (default)
2022-08-08 17:04:51,380 [s0-impl-thread1] INFO  server.RaftServerConfigKeys (ConfUtils.java:logGet(46)) - raft.server.log.statemachine.data.sync.timeout = 10s (default)
2022-08-08 17:04:51,380 [s0-impl-thread1] INFO  server.RaftServerConfigKeys (ConfUtils.java:logGet(46)) - raft.server.log.statemachine.data.sync.timeout.retry = -1 (default)
2022-08-08 17:04:51,380 [s0-impl-thread1] INFO  server.RaftServerConfigKeys (ConfUtils.java:logGet(46)) - raft.server.log.write.buffer.size = 64KB (=65536) (default)
2022-08-08 17:04:51,380 [s0-impl-thread1] INFO  server.RaftServerConfigKeys (ConfUtils.java:logGet(46)) - raft.server.log.unsafe-flush.enabled = false (default)
2022-08-08 17:04:51,380 [s0-impl-thread1] INFO  server.RaftServerConfigKeys (ConfUtils.java:logGet(46)) - raft.server.log.statemachine.data.caching.enabled = false (default)
2022-08-08 17:04:51,381 [s0-impl-thread1] TRACE segmented.SegmentedRaftLogCache (AutoCloseableReadWriteLock.java:logLocking(65)) - s0@group-B24AF063D807: readLock ACQUIRED 1 by SegmentedRaftLogCache$LogSegmentList.isEmpty
2022-08-08 17:04:51,381 [s0-impl-thread1] TRACE segmented.SegmentedRaftLogCache (AutoCloseableReadWriteLock.java:logLocking(65)) - s0@group-B24AF063D807: readLock RELEASED 0 by SegmentedRaftLogCache$LogSegmentList.isEmpty
2022-08-08 17:04:51,381 [s0-impl-thread1] TRACE segmented.SegmentedRaftLogCache (AutoCloseableReadWriteLock.java:logLocking(65)) - s0@group-B24AF063D807: readLock ACQUIRED 1 by SegmentedRaftLogCache.getEndIndex
2022-08-08 17:04:51,381 [s0-impl-thread1] TRACE segmented.SegmentedRaftLogCache (AutoCloseableReadWriteLock.java:logLocking(65)) -   s0@group-B24AF063D807: readLock ACQUIRED 2 by SegmentedRaftLogCache$LogSegmentList.isEmpty
2022-08-08 17:04:51,381 [s0-impl-thread1] TRACE segmented.SegmentedRaftLogCache (AutoCloseableReadWriteLock.java:logLocking(65)) -   s0@group-B24AF063D807: readLock RELEASED 1 by SegmentedRaftLogCache$LogSegmentList.isEmpty
2022-08-08 17:04:51,381 [s0-impl-thread1] TRACE segmented.SegmentedRaftLogCache (AutoCloseableReadWriteLock.java:logLocking(65)) - s0@group-B24AF063D807: readLock RELEASED 0 by SegmentedRaftLogCache.getEndIndex
2022-08-08 17:04:51,381 [s0-impl-thread1] TRACE segmented.SegmentedRaftLogCache (AutoCloseableReadWriteLock.java:logLocking(65)) - s0@group-B24AF063D807: readLock ACQUIRED 1 by SegmentedRaftLogCache.getLastIndexInClosedSegments
2022-08-08 17:04:51,381 [s0-impl-thread1] TRACE segmented.SegmentedRaftLogCache (AutoCloseableReadWriteLock.java:logLocking(65)) -   s0@group-B24AF063D807: readLock ACQUIRED 2 by SegmentedRaftLogCache$LogSegmentList.isEmpty
2022-08-08 17:04:51,381 [s0-impl-thread1] TRACE segmented.SegmentedRaftLogCache (AutoCloseableReadWriteLock.java:logLocking(65)) -   s0@group-B24AF063D807: readLock RELEASED 1 by SegmentedRaftLogCache$LogSegmentList.isEmpty
2022-08-08 17:04:51,381 [s0-impl-thread1] TRACE segmented.SegmentedRaftLogCache (AutoCloseableReadWriteLock.java:logLocking(65)) - s0@group-B24AF063D807: readLock RELEASED 0 by SegmentedRaftLogCache.getLastIndexInClosedSegments
2022-08-08 17:04:51,381 [s0-impl-thread1] INFO  segmented.SegmentedRaftLogWorker (SegmentedRaftLogWorker.java:lambda$new$0(135)) - s0@group-B24AF063D807-SegmentedRaftLogWorker: flushIndex: setUnconditionally 0 -> -1
2022-08-08 17:04:51,381 [s0-impl-thread1] INFO  segmented.SegmentedRaftLogWorker (SegmentedRaftLogWorker.java:lambda$new$0(135)) - s0@group-B24AF063D807-SegmentedRaftLogWorker: safeCacheEvictIndex: setUnconditionally 0 -> -1
2022-08-08 17:04:51,381 [pool-38-thread-1] INFO  server.RaftServerConfigKeys (ConfUtils.java:logGet(46)) - raft.server.storage.dir = [/home/runner/work/ratis/ratis/ratis-test/target/test/data/b051e71b/MiniRaftClusterWithSimulatedRpc1ec78f08/s2] (custom)
2022-08-08 17:04:51,381 [pool-38-thread-1] INFO  server.RaftServerConfigKeys (ConfUtils.java:logGet(46)) - raft.server.log.corruption.policy = EXCEPTION (default)
2022-08-08 17:04:51,382 [pool-38-thread-1] INFO  server.RaftServerConfigKeys (ConfUtils.java:logGet(46)) - raft.server.storage.free-space.min = 0MB (=0) (default)
2022-08-08 17:04:51,382 [pool-38-thread-1] INFO  server.RaftServerConfigKeys (ConfUtils.java:logGet(46)) - raft.server.notification.no-leader.timeout = 60s (default)
2022-08-08 17:04:51,382 [pool-38-thread-1] INFO  server.RaftServerConfigKeys (ConfUtils.java:logGet(46)) - raft.server.retrycache.expirytime = 60s (default)
2022-08-08 17:04:51,382 [pool-38-thread-1] INFO  server.RaftServerConfigKeys (ConfUtils.java:logGet(46)) - raft.server.retrycache.statistics.expirytime = 100μs (default)
2022-08-08 17:04:51,382 [pool-38-thread-1] INFO  server.RaftServerConfigKeys (ConfUtils.java:logGet(46)) - raft.server.log.appender.install.snapshot.enabled = true (default)
2022-08-08 17:04:51,382 [pool-38-thread-1] INFO  server.RaftServerConfigKeys (ConfUtils.java:logGet(46)) - raft.server.threadpool.server.cached = true (default)
2022-08-08 17:04:51,382 [pool-38-thread-1] INFO  server.RaftServerConfigKeys (ConfUtils.java:logGet(46)) - raft.server.threadpool.server.size = 0 (default)
2022-08-08 17:04:51,382 [pool-38-thread-1] INFO  server.RaftServerConfigKeys (ConfUtils.java:logGet(46)) - raft.server.threadpool.client.cached = true (default)
2022-08-08 17:04:51,382 [pool-38-thread-1] INFO  server.RaftServerConfigKeys (ConfUtils.java:logGet(46)) - raft.server.threadpool.client.size = 0 (default)
2022-08-08 17:04:51,382 [s0-impl-thread1] TRACE segmented.SegmentedRaftLogCache (AutoCloseableReadWriteLock.java:logLocking(65)) - s0@group-B24AF063D807: readLock ACQUIRED 1 by SegmentedRaftLogCache.getStartIndex
2022-08-08 17:04:51,382 [s0-impl-thread1] TRACE segmented.SegmentedRaftLogCache (AutoCloseableReadWriteLock.java:logLocking(65)) -   s0@group-B24AF063D807: readLock ACQUIRED 2 by SegmentedRaftLogCache$LogSegmentList.isEmpty
2022-08-08 17:04:51,382 [s0-impl-thread1] TRACE segmented.SegmentedRaftLogCache (AutoCloseableReadWriteLock.java:logLocking(65)) -   s0@group-B24AF063D807: readLock RELEASED 1 by SegmentedRaftLogCache$LogSegmentList.isEmpty
2022-08-08 17:04:51,382 [s0-impl-thread1] TRACE segmented.SegmentedRaftLogCache (AutoCloseableReadWriteLock.java:logLocking(65)) - s0@group-B24AF063D807: readLock RELEASED 0 by SegmentedRaftLogCache.getStartIndex
2022-08-08 17:04:51,383 [s0-impl-thread1] INFO  server.RaftServer$Division (RaftServerImpl.java:start(314)) - s0@group-B24AF063D807: start as a follower, conf=-1: peers:[s0|rpc:localhost:44329|admin:localhost:44721|client:localhost:39371|dataStream:localhost:42645|priority:0|startupRole:FOLLOWER, s1|rpc:localhost:41361|admin:localhost:40185|client:localhost:33019|dataStream:localhost:39869|priority:0|startupRole:FOLLOWER, s2|rpc:localhost:38737|admin:localhost:36401|client:localhost:33787|dataStream:localhost:36623|priority:0|startupRole:FOLLOWER]|listeners:[], old=null
2022-08-08 17:04:51,383 [s0-impl-thread1] INFO  server.RaftServer$Division (RaftServerImpl.java:setRole(301)) - s0@group-B24AF063D807: changes role from      null to FOLLOWER at term 0 for startAsFollower
2022-08-08 17:04:51,383 [s0-impl-thread1] INFO  impl.RoleInfo (RoleInfo.java:updateAndGet(139)) - s0: start s0@group-B24AF063D807-FollowerState
2022-08-08 17:04:51,383 [s0-impl-thread1] INFO  util.JmxRegister (JmxRegister.java:tryRegister(44)) - Successfully registered JMX Bean with object name Ratis:service=RaftServer,group=group-B24AF063D807,id=s0
2022-08-08 17:04:51,383 [s0-impl-thread1] INFO  server.RaftServerConfigKeys (ConfUtils.java:logGet(46)) - raft.server.snapshot.auto.trigger.enabled = false (default)
2022-08-08 17:04:51,383 [s0-impl-thread1] INFO  server.RaftServerConfigKeys (ConfUtils.java:logGet(46)) - raft.server.snapshot.retention.file.num = -1 (default)
2022-08-08 17:04:51,383 [s0-impl-thread1] INFO  server.RaftServerConfigKeys (ConfUtils.java:logGet(46)) - raft.server.log.purge.upto.snapshot.index = false (default)
2022-08-08 17:04:51,383 [Time-limited test] INFO  server.RaftServer (RaftServerProxy.java:startImpl(387)) - s0: start RPC server
2022-08-08 17:04:51,386 [s1-impl-thread1] INFO  storage.RaftStorageDirectory (RaftStorageDirectoryImpl.java:analyzeStorage(137)) - The storage directory /home/runner/work/ratis/ratis/ratis-test/target/test/data/b051e71b/MiniRaftClusterWithSimulatedRpc1ec78f08/s1/0d1e7fc9-4c77-451a-91df-b24af063d807 does not exist. Creating ...
2022-08-08 17:04:51,386 [s1-impl-thread1] TRACE util.FileUtils (LogUtils.java:runAndLog(49)) - Successfully ran Files.createDirectories /home/runner/work/ratis/ratis/ratis-test/target/test/data/b051e71b/MiniRaftClusterWithSimulatedRpc1ec78f08/s1/0d1e7fc9-4c77-451a-91df-b24af063d807
2022-08-08 17:04:51,387 [org.apache.ratis.util.JvmPauseMonitor$$Lambda$263/548170058@1d454610] INFO  util.JvmPauseMonitor (JvmPauseMonitor.java:run(103)) - JvmPauseMonitor-s0: Started
2022-08-08 17:04:51,387 [s1-impl-thread1] INFO  storage.RaftStorageDirectory (RaftStorageDirectoryImpl.java:tryLock(231)) - Lock on /home/runner/work/ratis/ratis/ratis-test/target/test/data/b051e71b/MiniRaftClusterWithSimulatedRpc1ec78f08/s1/0d1e7fc9-4c77-451a-91df-b24af063d807/in_use.lock acquired by nodename 4120@fv-az243-784.kztbcxys31bebirtrtfpqc42zb.jx.internal.cloudapp.net
2022-08-08 17:04:51,387 [s1-impl-thread1] TRACE util.FileUtils (LogUtils.java:runAndLog(49)) - Successfully ran Files.createDirectories /home/runner/work/ratis/ratis/ratis-test/target/test/data/b051e71b/MiniRaftClusterWithSimulatedRpc1ec78f08/s1/0d1e7fc9-4c77-451a-91df-b24af063d807/current
2022-08-08 17:04:51,388 [s1-impl-thread1] TRACE util.FileUtils (LogUtils.java:runAndLog(49)) - Successfully ran Files.createDirectories /home/runner/work/ratis/ratis/ratis-test/target/test/data/b051e71b/MiniRaftClusterWithSimulatedRpc1ec78f08/s1/0d1e7fc9-4c77-451a-91df-b24af063d807/sm
2022-08-08 17:04:51,389 [s1-impl-thread1] INFO  storage.RaftStorage (RaftStorageImpl.java:format(96)) - Storage directory /home/runner/work/ratis/ratis/ratis-test/target/test/data/b051e71b/MiniRaftClusterWithSimulatedRpc1ec78f08/s1/0d1e7fc9-4c77-451a-91df-b24af063d807 has been successfully formatted.
2022-08-08 17:04:51,389 [s1-impl-thread1] INFO  statemachine.SimpleStateMachine4Testing (SimpleStateMachine4Testing.java:initialize(212)) - Initializing SimpleStateMachine4Testing:uninitialized
2022-08-08 17:04:51,389 [s1-impl-thread1] INFO  statemachine.SimpleStateMachine4Testing (SimpleStateMachine4Testing.java:loadSnapshot(306)) - The snapshot file null does not exist
2022-08-08 17:04:51,389 [s1-impl-thread1] INFO  server.RaftServerConfigKeys (ConfUtils.java:logGet(46)) - raft.server.log.use.memory = false (default)
2022-08-08 17:04:51,389 [s1-impl-thread1] INFO  server.RaftServerConfigKeys (ConfUtils.java:logGet(46)) - raft.server.log.purge.gap = 1024 (default)
2022-08-08 17:04:51,389 [s1-impl-thread1] INFO  server.RaftServerConfigKeys (ConfUtils.java:logGet(46)) - raft.server.log.appender.buffer.byte-limit = 4MB (=4194304) (default)
2022-08-08 17:04:51,389 [s1-impl-thread1] INFO  server.RaftServerConfigKeys (ConfUtils.java:logGet(46)) - raft.server.log.statemachine.data.read.timeout = 1000ms (default)
2022-08-08 17:04:51,389 [s1-impl-thread1] INFO  server.RaftServerConfigKeys (ConfUtils.java:logGet(46)) - raft.server.log.purge.preservation.log.num = 0 (default)
2022-08-08 17:04:51,389 [s1-impl-thread1] INFO  server.RaftServerConfigKeys (ConfUtils.java:logGet(46)) - raft.server.log.segment.size.max = 8KB (=8192) (custom)
2022-08-08 17:04:51,390 [s1-impl-thread1] INFO  server.RaftServerConfigKeys (ConfUtils.java:logGet(46)) - raft.server.log.segment.cache.num.max = 6 (default)
2022-08-08 17:04:51,390 [s1-impl-thread1] INFO  server.RaftServerConfigKeys (ConfUtils.java:logGet(46)) - raft.server.log.segment.cache.size.max = 200MB (=209715200) (default)
2022-08-08 17:04:51,390 [s1-impl-thread1] INFO  segmented.SegmentedRaftLogWorker (SegmentedRaftLogWorker.java:<init>(187)) - new s1@group-B24AF063D807-SegmentedRaftLogWorker for RaftStorageImpl:Storage Directory /home/runner/work/ratis/ratis/ratis-test/target/test/data/b051e71b/MiniRaftClusterWithSimulatedRpc1ec78f08/s1/0d1e7fc9-4c77-451a-91df-b24af063d807
2022-08-08 17:04:51,390 [s1-impl-thread1] INFO  server.RaftServerConfigKeys (ConfUtils.java:logGet(46)) - raft.server.log.queue.byte-limit = 64MB (=67108864) (default)
2022-08-08 17:04:51,390 [s1-impl-thread1] INFO  server.RaftServerConfigKeys (ConfUtils.java:logGet(46)) - raft.server.log.queue.element-limit = 4096 (default)
2022-08-08 17:04:51,390 [s1-impl-thread1] INFO  server.RaftServerConfigKeys (ConfUtils.java:logGet(46)) - raft.server.log.segment.size.max = 8KB (=8192) (custom)
2022-08-08 17:04:51,390 [s1-impl-thread1] INFO  server.RaftServerConfigKeys (ConfUtils.java:logGet(46)) - raft.server.log.preallocated.size = 4MB (=4194304) (default)
2022-08-08 17:04:51,390 [s1-impl-thread1] INFO  server.RaftServerConfigKeys (ConfUtils.java:logGet(46)) - raft.server.log.force.sync.num = 128 (default)
2022-08-08 17:04:51,390 [s1-impl-thread1] INFO  server.RaftServerConfigKeys (ConfUtils.java:logGet(46)) - raft.server.log.statemachine.data.sync = true (default)
2022-08-08 17:04:51,390 [s1-impl-thread1] INFO  server.RaftServerConfigKeys (ConfUtils.java:logGet(46)) - raft.server.log.statemachine.data.sync.timeout = 10s (default)
2022-08-08 17:04:51,390 [s1-impl-thread1] INFO  server.RaftServerConfigKeys (ConfUtils.java:logGet(46)) - raft.server.log.statemachine.data.sync.timeout.retry = -1 (default)
2022-08-08 17:04:51,390 [s1-impl-thread1] INFO  server.RaftServerConfigKeys (ConfUtils.java:logGet(46)) - raft.server.log.write.buffer.size = 64KB (=65536) (default)
2022-08-08 17:04:51,390 [s1-impl-thread1] INFO  server.RaftServerConfigKeys (ConfUtils.java:logGet(46)) - raft.server.log.unsafe-flush.enabled = false (default)
2022-08-08 17:04:51,390 [s1-impl-thread1] INFO  server.RaftServerConfigKeys (ConfUtils.java:logGet(46)) - raft.server.log.statemachine.data.caching.enabled = false (default)
2022-08-08 17:04:51,390 [s1-impl-thread1] TRACE segmented.SegmentedRaftLogCache (AutoCloseableReadWriteLock.java:logLocking(65)) - s1@group-B24AF063D807: readLock ACQUIRED 1 by SegmentedRaftLogCache$LogSegmentList.isEmpty
2022-08-08 17:04:51,390 [s1-impl-thread1] TRACE segmented.SegmentedRaftLogCache (AutoCloseableReadWriteLock.java:logLocking(65)) - s1@group-B24AF063D807: readLock RELEASED 0 by SegmentedRaftLogCache$LogSegmentList.isEmpty
2022-08-08 17:04:51,391 [s1-impl-thread1] TRACE segmented.SegmentedRaftLogCache (AutoCloseableReadWriteLock.java:logLocking(65)) - s1@group-B24AF063D807: readLock ACQUIRED 1 by SegmentedRaftLogCache.getEndIndex
2022-08-08 17:04:51,391 [s1-impl-thread1] TRACE segmented.SegmentedRaftLogCache (AutoCloseableReadWriteLock.java:logLocking(65)) -   s1@group-B24AF063D807: readLock ACQUIRED 2 by SegmentedRaftLogCache$LogSegmentList.isEmpty
2022-08-08 17:04:51,391 [s1-impl-thread1] TRACE segmented.SegmentedRaftLogCache (AutoCloseableReadWriteLock.java:logLocking(65)) -   s1@group-B24AF063D807: readLock RELEASED 1 by SegmentedRaftLogCache$LogSegmentList.isEmpty
2022-08-08 17:04:51,391 [s1-impl-thread1] TRACE segmented.SegmentedRaftLogCache (AutoCloseableReadWriteLock.java:logLocking(65)) - s1@group-B24AF063D807: readLock RELEASED 0 by SegmentedRaftLogCache.getEndIndex
2022-08-08 17:04:51,391 [s1-impl-thread1] TRACE segmented.SegmentedRaftLogCache (AutoCloseableReadWriteLock.java:logLocking(65)) - s1@group-B24AF063D807: readLock ACQUIRED 1 by SegmentedRaftLogCache.getLastIndexInClosedSegments
2022-08-08 17:04:51,391 [s1-impl-thread1] TRACE segmented.SegmentedRaftLogCache (AutoCloseableReadWriteLock.java:logLocking(65)) -   s1@group-B24AF063D807: readLock ACQUIRED 2 by SegmentedRaftLogCache$LogSegmentList.isEmpty
2022-08-08 17:04:51,391 [s1-impl-thread1] TRACE segmented.SegmentedRaftLogCache (AutoCloseableReadWriteLock.java:logLocking(65)) -   s1@group-B24AF063D807: readLock RELEASED 1 by SegmentedRaftLogCache$LogSegmentList.isEmpty
2022-08-08 17:04:51,391 [s1-impl-thread1] TRACE segmented.SegmentedRaftLogCache (AutoCloseableReadWriteLock.java:logLocking(65)) - s1@group-B24AF063D807: readLock RELEASED 0 by SegmentedRaftLogCache.getLastIndexInClosedSegments
2022-08-08 17:04:51,391 [s1-impl-thread1] INFO  segmented.SegmentedRaftLogWorker (SegmentedRaftLogWorker.java:lambda$new$0(135)) - s1@group-B24AF063D807-SegmentedRaftLogWorker: flushIndex: setUnconditionally 0 -> -1
2022-08-08 17:04:51,391 [s1-impl-thread1] INFO  segmented.SegmentedRaftLogWorker (SegmentedRaftLogWorker.java:lambda$new$0(135)) - s1@group-B24AF063D807-SegmentedRaftLogWorker: safeCacheEvictIndex: setUnconditionally 0 -> -1
2022-08-08 17:04:51,392 [s1-impl-thread1] TRACE segmented.SegmentedRaftLogCache (AutoCloseableReadWriteLock.java:logLocking(65)) - s1@group-B24AF063D807: readLock ACQUIRED 1 by SegmentedRaftLogCache.getStartIndex
2022-08-08 17:04:51,392 [s1-impl-thread1] TRACE segmented.SegmentedRaftLogCache (AutoCloseableReadWriteLock.java:logLocking(65)) -   s1@group-B24AF063D807: readLock ACQUIRED 2 by SegmentedRaftLogCache$LogSegmentList.isEmpty
2022-08-08 17:04:51,392 [s1-impl-thread1] TRACE segmented.SegmentedRaftLogCache (AutoCloseableReadWriteLock.java:logLocking(65)) -   s1@group-B24AF063D807: readLock RELEASED 1 by SegmentedRaftLogCache$LogSegmentList.isEmpty
2022-08-08 17:04:51,392 [s1-impl-thread1] TRACE segmented.SegmentedRaftLogCache (AutoCloseableReadWriteLock.java:logLocking(65)) - s1@group-B24AF063D807: readLock RELEASED 0 by SegmentedRaftLogCache.getStartIndex
2022-08-08 17:04:51,392 [s1-impl-thread1] INFO  server.RaftServer$Division (RaftServerImpl.java:start(314)) - s1@group-B24AF063D807: start as a follower, conf=-1: peers:[s0|rpc:localhost:44329|admin:localhost:44721|client:localhost:39371|dataStream:localhost:42645|priority:0|startupRole:FOLLOWER, s1|rpc:localhost:41361|admin:localhost:40185|client:localhost:33019|dataStream:localhost:39869|priority:0|startupRole:FOLLOWER, s2|rpc:localhost:38737|admin:localhost:36401|client:localhost:33787|dataStream:localhost:36623|priority:0|startupRole:FOLLOWER]|listeners:[], old=null
2022-08-08 17:04:51,392 [s1-impl-thread1] INFO  server.RaftServer$Division (RaftServerImpl.java:setRole(301)) - s1@group-B24AF063D807: changes role from      null to FOLLOWER at term 0 for startAsFollower
2022-08-08 17:04:51,393 [s1-impl-thread1] INFO  impl.RoleInfo (RoleInfo.java:updateAndGet(139)) - s1: start s1@group-B24AF063D807-FollowerState
2022-08-08 17:04:51,396 [s1-impl-thread1] INFO  util.JmxRegister (JmxRegister.java:tryRegister(44)) - Successfully registered JMX Bean with object name Ratis:service=RaftServer,group=group-B24AF063D807,id=s1
2022-08-08 17:04:51,396 [s1-impl-thread1] INFO  server.RaftServerConfigKeys (ConfUtils.java:logGet(46)) - raft.server.snapshot.auto.trigger.enabled = false (default)
2022-08-08 17:04:51,396 [s1-impl-thread1] INFO  server.RaftServerConfigKeys (ConfUtils.java:logGet(46)) - raft.server.snapshot.retention.file.num = -1 (default)
2022-08-08 17:04:51,396 [s1-impl-thread1] INFO  server.RaftServerConfigKeys (ConfUtils.java:logGet(46)) - raft.server.log.purge.upto.snapshot.index = false (default)
2022-08-08 17:04:51,398 [Time-limited test] INFO  server.RaftServer (RaftServerProxy.java:startImpl(387)) - s1: start RPC server
2022-08-08 17:04:51,399 [s2-impl-thread1] INFO  storage.RaftStorageDirectory (RaftStorageDirectoryImpl.java:analyzeStorage(137)) - The storage directory /home/runner/work/ratis/ratis/ratis-test/target/test/data/b051e71b/MiniRaftClusterWithSimulatedRpc1ec78f08/s2/0d1e7fc9-4c77-451a-91df-b24af063d807 does not exist. Creating ...
2022-08-08 17:04:51,400 [org.apache.ratis.util.JvmPauseMonitor$$Lambda$263/548170058@44d5ee5] INFO  util.JvmPauseMonitor (JvmPauseMonitor.java:run(103)) - JvmPauseMonitor-s1: Started
2022-08-08 17:04:51,400 [s2-impl-thread1] TRACE util.FileUtils (LogUtils.java:runAndLog(49)) - Successfully ran Files.createDirectories /home/runner/work/ratis/ratis/ratis-test/target/test/data/b051e71b/MiniRaftClusterWithSimulatedRpc1ec78f08/s2/0d1e7fc9-4c77-451a-91df-b24af063d807
2022-08-08 17:04:51,401 [s2-impl-thread1] INFO  storage.RaftStorageDirectory (RaftStorageDirectoryImpl.java:tryLock(231)) - Lock on /home/runner/work/ratis/ratis/ratis-test/target/test/data/b051e71b/MiniRaftClusterWithSimulatedRpc1ec78f08/s2/0d1e7fc9-4c77-451a-91df-b24af063d807/in_use.lock acquired by nodename 4120@fv-az243-784.kztbcxys31bebirtrtfpqc42zb.jx.internal.cloudapp.net
2022-08-08 17:04:51,401 [s2-impl-thread1] TRACE util.FileUtils (LogUtils.java:runAndLog(49)) - Successfully ran Files.createDirectories /home/runner/work/ratis/ratis/ratis-test/target/test/data/b051e71b/MiniRaftClusterWithSimulatedRpc1ec78f08/s2/0d1e7fc9-4c77-451a-91df-b24af063d807/current
2022-08-08 17:04:51,401 [s2-impl-thread1] TRACE util.FileUtils (LogUtils.java:runAndLog(49)) - Successfully ran Files.createDirectories /home/runner/work/ratis/ratis/ratis-test/target/test/data/b051e71b/MiniRaftClusterWithSimulatedRpc1ec78f08/s2/0d1e7fc9-4c77-451a-91df-b24af063d807/sm
2022-08-08 17:04:51,402 [s2-impl-thread1] INFO  storage.RaftStorage (RaftStorageImpl.java:format(96)) - Storage directory /home/runner/work/ratis/ratis/ratis-test/target/test/data/b051e71b/MiniRaftClusterWithSimulatedRpc1ec78f08/s2/0d1e7fc9-4c77-451a-91df-b24af063d807 has been successfully formatted.
2022-08-08 17:04:51,402 [s2-impl-thread1] INFO  statemachine.SimpleStateMachine4Testing (SimpleStateMachine4Testing.java:initialize(212)) - Initializing SimpleStateMachine4Testing:uninitialized
2022-08-08 17:04:51,402 [s2-impl-thread1] INFO  statemachine.SimpleStateMachine4Testing (SimpleStateMachine4Testing.java:loadSnapshot(306)) - The snapshot file null does not exist
2022-08-08 17:04:51,402 [s2-impl-thread1] INFO  server.RaftServerConfigKeys (ConfUtils.java:logGet(46)) - raft.server.log.use.memory = false (default)
2022-08-08 17:04:51,402 [s2-impl-thread1] INFO  server.RaftServerConfigKeys (ConfUtils.java:logGet(46)) - raft.server.log.purge.gap = 1024 (default)
2022-08-08 17:04:51,403 [s2-impl-thread1] INFO  server.RaftServerConfigKeys (ConfUtils.java:logGet(46)) - raft.server.log.appender.buffer.byte-limit = 4MB (=4194304) (default)
2022-08-08 17:04:51,403 [s2-impl-thread1] INFO  server.RaftServerConfigKeys (ConfUtils.java:logGet(46)) - raft.server.log.statemachine.data.read.timeout = 1000ms (default)
2022-08-08 17:04:51,403 [s2-impl-thread1] INFO  server.RaftServerConfigKeys (ConfUtils.java:logGet(46)) - raft.server.log.purge.preservation.log.num = 0 (default)
2022-08-08 17:04:51,403 [s2-impl-thread1] INFO  server.RaftServerConfigKeys (ConfUtils.java:logGet(46)) - raft.server.log.segment.size.max = 8KB (=8192) (custom)
2022-08-08 17:04:51,403 [s2-impl-thread1] INFO  server.RaftServerConfigKeys (ConfUtils.java:logGet(46)) - raft.server.log.segment.cache.num.max = 6 (default)
2022-08-08 17:04:51,403 [s2-impl-thread1] INFO  server.RaftServerConfigKeys (ConfUtils.java:logGet(46)) - raft.server.log.segment.cache.size.max = 200MB (=209715200) (default)
2022-08-08 17:04:51,403 [s2-impl-thread1] INFO  segmented.SegmentedRaftLogWorker (SegmentedRaftLogWorker.java:<init>(187)) - new s2@group-B24AF063D807-SegmentedRaftLogWorker for RaftStorageImpl:Storage Directory /home/runner/work/ratis/ratis/ratis-test/target/test/data/b051e71b/MiniRaftClusterWithSimulatedRpc1ec78f08/s2/0d1e7fc9-4c77-451a-91df-b24af063d807
2022-08-08 17:04:51,403 [s2-impl-thread1] INFO  server.RaftServerConfigKeys (ConfUtils.java:logGet(46)) - raft.server.log.queue.byte-limit = 64MB (=67108864) (default)
2022-08-08 17:04:51,403 [s2-impl-thread1] INFO  server.RaftServerConfigKeys (ConfUtils.java:logGet(46)) - raft.server.log.queue.element-limit = 4096 (default)
2022-08-08 17:04:51,403 [s2-impl-thread1] INFO  server.RaftServerConfigKeys (ConfUtils.java:logGet(46)) - raft.server.log.segment.size.max = 8KB (=8192) (custom)
2022-08-08 17:04:51,403 [s2-impl-thread1] INFO  server.RaftServerConfigKeys (ConfUtils.java:logGet(46)) - raft.server.log.preallocated.size = 4MB (=4194304) (default)
2022-08-08 17:04:51,403 [s2-impl-thread1] INFO  server.RaftServerConfigKeys (ConfUtils.java:logGet(46)) - raft.server.log.force.sync.num = 128 (default)
2022-08-08 17:04:51,403 [s2-impl-thread1] INFO  server.RaftServerConfigKeys (ConfUtils.java:logGet(46)) - raft.server.log.statemachine.data.sync = true (default)
2022-08-08 17:04:51,403 [s2-impl-thread1] INFO  server.RaftServerConfigKeys (ConfUtils.java:logGet(46)) - raft.server.log.statemachine.data.sync.timeout = 10s (default)
2022-08-08 17:04:51,403 [s2-impl-thread1] INFO  server.RaftServerConfigKeys (ConfUtils.java:logGet(46)) - raft.server.log.statemachine.data.sync.timeout.retry = -1 (default)
2022-08-08 17:04:51,403 [s2-impl-thread1] INFO  server.RaftServerConfigKeys (ConfUtils.java:logGet(46)) - raft.server.log.write.buffer.size = 64KB (=65536) (default)
2022-08-08 17:04:51,404 [s2-impl-thread1] INFO  server.RaftServerConfigKeys (ConfUtils.java:logGet(46)) - raft.server.log.unsafe-flush.enabled = false (default)
2022-08-08 17:04:51,404 [s2-impl-thread1] INFO  server.RaftServerConfigKeys (ConfUtils.java:logGet(46)) - raft.server.log.statemachine.data.caching.enabled = false (default)
2022-08-08 17:04:51,404 [s2-impl-thread1] TRACE segmented.SegmentedRaftLogCache (AutoCloseableReadWriteLock.java:logLocking(65)) - s2@group-B24AF063D807: readLock ACQUIRED 1 by SegmentedRaftLogCache$LogSegmentList.isEmpty
2022-08-08 17:04:51,404 [s2-impl-thread1] TRACE segmented.SegmentedRaftLogCache (AutoCloseableReadWriteLock.java:logLocking(65)) - s2@group-B24AF063D807: readLock RELEASED 0 by SegmentedRaftLogCache$LogSegmentList.isEmpty
2022-08-08 17:04:51,404 [s2-impl-thread1] TRACE segmented.SegmentedRaftLogCache (AutoCloseableReadWriteLock.java:logLocking(65)) - s2@group-B24AF063D807: readLock ACQUIRED 1 by SegmentedRaftLogCache.getEndIndex
2022-08-08 17:04:51,404 [s2-impl-thread1] TRACE segmented.SegmentedRaftLogCache (AutoCloseableReadWriteLock.java:logLocking(65)) -   s2@group-B24AF063D807: readLock ACQUIRED 2 by SegmentedRaftLogCache$LogSegmentList.isEmpty
2022-08-08 17:04:51,404 [s2-impl-thread1] TRACE segmented.SegmentedRaftLogCache (AutoCloseableReadWriteLock.java:logLocking(65)) -   s2@group-B24AF063D807: readLock RELEASED 1 by SegmentedRaftLogCache$LogSegmentList.isEmpty
2022-08-08 17:04:51,404 [s2-impl-thread1] TRACE segmented.SegmentedRaftLogCache (AutoCloseableReadWriteLock.java:logLocking(65)) - s2@group-B24AF063D807: readLock RELEASED 0 by SegmentedRaftLogCache.getEndIndex
2022-08-08 17:04:51,404 [s2-impl-thread1] TRACE segmented.SegmentedRaftLogCache (AutoCloseableReadWriteLock.java:logLocking(65)) - s2@group-B24AF063D807: readLock ACQUIRED 1 by SegmentedRaftLogCache.getLastIndexInClosedSegments
2022-08-08 17:04:51,404 [s2-impl-thread1] TRACE segmented.SegmentedRaftLogCache (AutoCloseableReadWriteLock.java:logLocking(65)) -   s2@group-B24AF063D807: readLock ACQUIRED 2 by SegmentedRaftLogCache$LogSegmentList.isEmpty
2022-08-08 17:04:51,404 [s2-impl-thread1] TRACE segmented.SegmentedRaftLogCache (AutoCloseableReadWriteLock.java:logLocking(65)) -   s2@group-B24AF063D807: readLock RELEASED 1 by SegmentedRaftLogCache$LogSegmentList.isEmpty
2022-08-08 17:04:51,404 [s2-impl-thread1] TRACE segmented.SegmentedRaftLogCache (AutoCloseableReadWriteLock.java:logLocking(65)) - s2@group-B24AF063D807: readLock RELEASED 0 by SegmentedRaftLogCache.getLastIndexInClosedSegments
2022-08-08 17:04:51,404 [s2-impl-thread1] INFO  segmented.SegmentedRaftLogWorker (SegmentedRaftLogWorker.java:lambda$new$0(135)) - s2@group-B24AF063D807-SegmentedRaftLogWorker: flushIndex: setUnconditionally 0 -> -1
2022-08-08 17:04:51,404 [s2-impl-thread1] INFO  segmented.SegmentedRaftLogWorker (SegmentedRaftLogWorker.java:lambda$new$0(135)) - s2@group-B24AF063D807-SegmentedRaftLogWorker: safeCacheEvictIndex: setUnconditionally 0 -> -1
2022-08-08 17:04:51,405 [s2-impl-thread1] TRACE segmented.SegmentedRaftLogCache (AutoCloseableReadWriteLock.java:logLocking(65)) - s2@group-B24AF063D807: readLock ACQUIRED 1 by SegmentedRaftLogCache.getStartIndex
2022-08-08 17:04:51,405 [s2-impl-thread1] TRACE segmented.SegmentedRaftLogCache (AutoCloseableReadWriteLock.java:logLocking(65)) -   s2@group-B24AF063D807: readLock ACQUIRED 2 by SegmentedRaftLogCache$LogSegmentList.isEmpty
2022-08-08 17:04:51,405 [s2-impl-thread1] TRACE segmented.SegmentedRaftLogCache (AutoCloseableReadWriteLock.java:logLocking(65)) -   s2@group-B24AF063D807: readLock RELEASED 1 by SegmentedRaftLogCache$LogSegmentList.isEmpty
2022-08-08 17:04:51,405 [s2-impl-thread1] TRACE segmented.SegmentedRaftLogCache (AutoCloseableReadWriteLock.java:logLocking(65)) - s2@group-B24AF063D807: readLock RELEASED 0 by SegmentedRaftLogCache.getStartIndex
2022-08-08 17:04:51,406 [s2-impl-thread1] INFO  server.RaftServer$Division (RaftServerImpl.java:start(314)) - s2@group-B24AF063D807: start as a follower, conf=-1: peers:[s0|rpc:localhost:44329|admin:localhost:44721|client:localhost:39371|dataStream:localhost:42645|priority:0|startupRole:FOLLOWER, s1|rpc:localhost:41361|admin:localhost:40185|client:localhost:33019|dataStream:localhost:39869|priority:0|startupRole:FOLLOWER, s2|rpc:localhost:38737|admin:localhost:36401|client:localhost:33787|dataStream:localhost:36623|priority:0|startupRole:FOLLOWER]|listeners:[], old=null
2022-08-08 17:04:51,406 [s2-impl-thread1] INFO  server.RaftServer$Division (RaftServerImpl.java:setRole(301)) - s2@group-B24AF063D807: changes role from      null to FOLLOWER at term 0 for startAsFollower
2022-08-08 17:04:51,406 [s2-impl-thread1] INFO  impl.RoleInfo (RoleInfo.java:updateAndGet(139)) - s2: start s2@group-B24AF063D807-FollowerState
2022-08-08 17:04:51,406 [s2-impl-thread1] INFO  util.JmxRegister (JmxRegister.java:tryRegister(44)) - Successfully registered JMX Bean with object name Ratis:service=RaftServer,group=group-B24AF063D807,id=s2
2022-08-08 17:04:51,406 [s2-impl-thread1] INFO  server.RaftServerConfigKeys (ConfUtils.java:logGet(46)) - raft.server.snapshot.auto.trigger.enabled = false (default)
2022-08-08 17:04:51,406 [s2-impl-thread1] INFO  server.RaftServerConfigKeys (ConfUtils.java:logGet(46)) - raft.server.snapshot.retention.file.num = -1 (default)
2022-08-08 17:04:51,406 [s2-impl-thread1] INFO  server.RaftServerConfigKeys (ConfUtils.java:logGet(46)) - raft.server.log.purge.upto.snapshot.index = false (default)
2022-08-08 17:04:51,406 [Time-limited test] INFO  server.RaftServer (RaftServerProxy.java:startImpl(387)) - s2: start RPC server
2022-08-08 17:04:51,407 [org.apache.ratis.util.JvmPauseMonitor$$Lambda$263/548170058@62d13be2] INFO  util.JvmPauseMonitor (JvmPauseMonitor.java:run(103)) - JvmPauseMonitor-s2: Started
2022-08-08 17:04:51,407 [Time-limited test] INFO  server.RaftServerConfigKeys (ConfUtils.java:logGet(46)) - raft.server.rpc.timeout.max = 300ms (default)
2022-08-08 17:04:51,408 [Time-limited test] INFO  ratis.RaftTestUtil (RaftTestUtil.java:waitForLeader(100)) - printing ALL groups
  s0:  RUNNING  FOLLOWER s0@group-B24AF063D807:t0, leader=null, voted=, raftlog=Memoized:s0@group-B24AF063D807-SegmentedRaftLog:OPENED:c-1, conf=-1: peers:[s0|rpc:localhost:44329|admin:localhost:44721|client:localhost:39371|dataStream:localhost:42645|priority:0|startupRole:FOLLOWER, s1|rpc:localhost:41361|admin:localhost:40185|client:localhost:33019|dataStream:localhost:39869|priority:0|startupRole:FOLLOWER, s2|rpc:localhost:38737|admin:localhost:36401|client:localhost:33787|dataStream:localhost:36623|priority:0|startupRole:FOLLOWER]|listeners:[], old=null RUNNING
  s1:  RUNNING  FOLLOWER s1@group-B24AF063D807:t0, leader=null, voted=, raftlog=Memoized:s1@group-B24AF063D807-SegmentedRaftLog:OPENED:c-1, conf=-1: peers:[s0|rpc:localhost:44329|admin:localhost:44721|client:localhost:39371|dataStream:localhost:42645|priority:0|startupRole:FOLLOWER, s1|rpc:localhost:41361|admin:localhost:40185|client:localhost:33019|dataStream:localhost:39869|priority:0|startupRole:FOLLOWER, s2|rpc:localhost:38737|admin:localhost:36401|client:localhost:33787|dataStream:localhost:36623|priority:0|startupRole:FOLLOWER]|listeners:[], old=null RUNNING
  s2:  RUNNING  FOLLOWER s2@group-B24AF063D807:t0, leader=null, voted=, raftlog=Memoized:s2@group-B24AF063D807-SegmentedRaftLog:OPENED:c-1, conf=-1: peers:[s0|rpc:localhost:44329|admin:localhost:44721|client:localhost:39371|dataStream:localhost:42645|priority:0|startupRole:FOLLOWER, s1|rpc:localhost:41361|admin:localhost:40185|client:localhost:33019|dataStream:localhost:39869|priority:0|startupRole:FOLLOWER, s2|rpc:localhost:38737|admin:localhost:36401|client:localhost:33787|dataStream:localhost:36623|priority:0|startupRole:FOLLOWER]|listeners:[], old=null RUNNING
2022-08-08 17:04:51,408 [Time-limited test] WARN  ratis.RaftTestUtil (JavaUtils.java:attempt(172)) - FAILED "waitForLeader-null-(expectLeader? true)", attempt #1/100: java.lang.IllegalStateException: No leader yet : printing ALL groups
  s0:  RUNNING  FOLLOWER s0@group-B24AF063D807:t0, leader=null, voted=, raftlog=Memoized:s0@group-B24AF063D807-SegmentedRaftLog:OPENED:c-1, conf=-1: peers:[s0|rpc:localhost:44329|admin:localhost:44721|client:localhost:39371|dataStream:localhost:42645|priority:0|startupRole:FOLLOWER, s1|rpc:localhost:41361|admin:localhost:40185|client:localhost:33019|dataStream:localhost:39869|priority:0|startupRole:FOLLOWER, s2|rpc:localhost:38737|admin:localhost:36401|client:localhost:33787|dataStream:localhost:36623|priority:0|startupRole:FOLLOWER]|listeners:[], old=null RUNNING
  s1:  RUNNING  FOLLOWER s1@group-B24AF063D807:t0, leader=null, voted=, raftlog=Memoized:s1@group-B24AF063D807-SegmentedRaftLog:OPENED:c-1, conf=-1: peers:[s0|rpc:localhost:44329|admin:localhost:44721|client:localhost:39371|dataStream:localhost:42645|priority:0|startupRole:FOLLOWER, s1|rpc:localhost:41361|admin:localhost:40185|client:localhost:33019|dataStream:localhost:39869|priority:0|startupRole:FOLLOWER, s2|rpc:localhost:38737|admin:localhost:36401|client:localhost:33787|dataStream:localhost:36623|priority:0|startupRole:FOLLOWER]|listeners:[], old=null RUNNING
  s2:  RUNNING  FOLLOWER s2@group-B24AF063D807:t0, leader=null, voted=, raftlog=Memoized:s2@group-B24AF063D807-SegmentedRaftLog:OPENED:c-1, conf=-1: peers:[s0|rpc:localhost:44329|admin:localhost:44721|client:localhost:39371|dataStream:localhost:42645|priority:0|startupRole:FOLLOWER, s1|rpc:localhost:41361|admin:localhost:40185|client:localhost:33019|dataStream:localhost:39869|priority:0|startupRole:FOLLOWER, s2|rpc:localhost:38737|admin:localhost:36401|client:localhost:33787|dataStream:localhost:36623|priority:0|startupRole:FOLLOWER]|listeners:[], old=null RUNNING, sleep 450ms and then retry.
java.lang.IllegalStateException: No leader yet : printing ALL groups
  s0:  RUNNING  FOLLOWER s0@group-B24AF063D807:t0, leader=null, voted=, raftlog=Memoized:s0@group-B24AF063D807-SegmentedRaftLog:OPENED:c-1, conf=-1: peers:[s0|rpc:localhost:44329|admin:localhost:44721|client:localhost:39371|dataStream:localhost:42645|priority:0|startupRole:FOLLOWER, s1|rpc:localhost:41361|admin:localhost:40185|client:localhost:33019|dataStream:localhost:39869|priority:0|startupRole:FOLLOWER, s2|rpc:localhost:38737|admin:localhost:36401|client:localhost:33787|dataStream:localhost:36623|priority:0|startupRole:FOLLOWER]|listeners:[], old=null RUNNING
  s1:  RUNNING  FOLLOWER s1@group-B24AF063D807:t0, leader=null, voted=, raftlog=Memoized:s1@group-B24AF063D807-SegmentedRaftLog:OPENED:c-1, conf=-1: peers:[s0|rpc:localhost:44329|admin:localhost:44721|client:localhost:39371|dataStream:localhost:42645|priority:0|startupRole:FOLLOWER, s1|rpc:localhost:41361|admin:localhost:40185|client:localhost:33019|dataStream:localhost:39869|priority:0|startupRole:FOLLOWER, s2|rpc:localhost:38737|admin:localhost:36401|client:localhost:33787|dataStream:localhost:36623|priority:0|startupRole:FOLLOWER]|listeners:[], old=null RUNNING
  s2:  RUNNING  FOLLOWER s2@group-B24AF063D807:t0, leader=null, voted=, raftlog=Memoized:s2@group-B24AF063D807-SegmentedRaftLog:OPENED:c-1, conf=-1: peers:[s0|rpc:localhost:44329|admin:localhost:44721|client:localhost:39371|dataStream:localhost:42645|priority:0|startupRole:FOLLOWER, s1|rpc:localhost:41361|admin:localhost:40185|client:localhost:33019|dataStream:localhost:39869|priority:0|startupRole:FOLLOWER, s2|rpc:localhost:38737|admin:localhost:36401|client:localhost:33787|dataStream:localhost:36623|priority:0|startupRole:FOLLOWER]|listeners:[], old=null RUNNING
	at org.apache.ratis.server.impl.MiniRaftCluster.newIllegalStateExceptionForNoLeaders(MiniRaftCluster.java:577)
	at org.apache.ratis.RaftTestUtil.lambda$waitForLeader$1(RaftTestUtil.java:104)
	at org.apache.ratis.server.impl.MiniRaftCluster.getLeader(MiniRaftCluster.java:611)
	at org.apache.ratis.server.impl.MiniRaftCluster.getLeader(MiniRaftCluster.java:604)
	at org.apache.ratis.RaftTestUtil.lambda$waitForLeader$3(RaftTestUtil.java:112)
	at org.apache.ratis.util.JavaUtils.attempt(JavaUtils.java:166)
	at org.apache.ratis.util.JavaUtils.attemptRepeatedly(JavaUtils.java:152)
	at org.apache.ratis.RaftTestUtil.waitForLeader(RaftTestUtil.java:111)
	at org.apache.ratis.RaftTestUtil.waitForLeader(RaftTestUtil.java:92)
	at org.apache.ratis.RaftTestUtil.waitForLeader(RaftTestUtil.java:87)
	at org.apache.ratis.server.ServerRestartTests.runTestRestartFollower(ServerRestartTests.java:92)
	at org.apache.ratis.server.impl.MiniRaftCluster$Factory$Get.runWithNewCluster(MiniRaftCluster.java:138)
	at org.apache.ratis.server.impl.MiniRaftCluster$Factory$Get.runWithNewCluster(MiniRaftCluster.java:118)
	at org.apache.ratis.server.ServerRestartTests.testRestartFollower(ServerRestartTests.java:88)
	at sun.reflect.NativeMethodAccessorImpl.invoke0(Native Method)
	at sun.reflect.NativeMethodAccessorImpl.invoke(NativeMethodAccessorImpl.java:62)
	at sun.reflect.DelegatingMethodAccessorImpl.invoke(DelegatingMethodAccessorImpl.java:43)
	at java.lang.reflect.Method.invoke(Method.java:498)
	at org.junit.runners.model.FrameworkMethod$1.runReflectiveCall(FrameworkMethod.java:59)
	at org.junit.internal.runners.model.ReflectiveCallable.run(ReflectiveCallable.java:12)
	at org.junit.runners.model.FrameworkMethod.invokeExplosively(FrameworkMethod.java:56)
	at org.junit.internal.runners.statements.InvokeMethod.evaluate(InvokeMethod.java:17)
	at org.junit.internal.runners.statements.RunAfters.evaluate(RunAfters.java:27)
	at org.junit.internal.runners.statements.FailOnTimeout$CallableStatement.call(FailOnTimeout.java:299)
	at org.junit.internal.runners.statements.FailOnTimeout$CallableStatement.call(FailOnTimeout.java:293)
	at java.util.concurrent.FutureTask.run(FutureTask.java:266)
	at java.lang.Thread.run(Thread.java:750)
2022-08-08 17:04:51,571 [s2@group-B24AF063D807-FollowerState] INFO  impl.FollowerState (FollowerState.java:run(143)) - s2@group-B24AF063D807-FollowerState: change to CANDIDATE, lastRpcElapsedTime:165407607ns, electionTimeout:165ms
2022-08-08 17:04:51,571 [s2@group-B24AF063D807-FollowerState] INFO  impl.RoleInfo (RoleInfo.java:shutdownFollowerState(110)) - s2: shutdown s2@group-B24AF063D807-FollowerState
2022-08-08 17:04:51,571 [s2@group-B24AF063D807-FollowerState] INFO  server.RaftServer$Division (RaftServerImpl.java:setRole(301)) - s2@group-B24AF063D807: changes role from  FOLLOWER to CANDIDATE at term 0 for changeToCandidate
2022-08-08 17:04:51,572 [s2@group-B24AF063D807-FollowerState] INFO  server.RaftServerConfigKeys (ConfUtils.java:logGet(46)) - raft.server.leaderelection.pre-vote = true (default)
2022-08-08 17:04:51,572 [s2@group-B24AF063D807-FollowerState] INFO  impl.RoleInfo (RoleInfo.java:updateAndGet(139)) - s2: start s2@group-B24AF063D807-LeaderElection5
2022-08-08 17:04:51,572 [s2@group-B24AF063D807-LeaderElection5] INFO  impl.LeaderElection (LeaderElection.java:askForVotes(310)) - s2@group-B24AF063D807-LeaderElection5 PRE_VOTE round 0: submit vote requests at term 0 for -1: peers:[s0|rpc:localhost:44329|admin:localhost:44721|client:localhost:39371|dataStream:localhost:42645|priority:0|startupRole:FOLLOWER, s1|rpc:localhost:41361|admin:localhost:40185|client:localhost:33019|dataStream:localhost:39869|priority:0|startupRole:FOLLOWER, s2|rpc:localhost:38737|admin:localhost:36401|client:localhost:33787|dataStream:localhost:36623|priority:0|startupRole:FOLLOWER]|listeners:[], old=null
2022-08-08 17:04:51,572 [s2@group-B24AF063D807-LeaderElection5] TRACE segmented.SegmentedRaftLogCache (AutoCloseableReadWriteLock.java:logLocking(65)) - s2@group-B24AF063D807: readLock ACQUIRED 1 by SegmentedRaftLogCache.getLastTermIndex
2022-08-08 17:04:51,572 [s2@group-B24AF063D807-LeaderElection5] TRACE segmented.SegmentedRaftLogCache (AutoCloseableReadWriteLock.java:logLocking(65)) -   s2@group-B24AF063D807: readLock ACQUIRED 2 by SegmentedRaftLogCache$LogSegmentList.isEmpty
2022-08-08 17:04:51,572 [s2@group-B24AF063D807-LeaderElection5] TRACE segmented.SegmentedRaftLogCache (AutoCloseableReadWriteLock.java:logLocking(65)) -   s2@group-B24AF063D807: readLock RELEASED 1 by SegmentedRaftLogCache$LogSegmentList.isEmpty
2022-08-08 17:04:51,572 [s2@group-B24AF063D807-LeaderElection5] TRACE segmented.SegmentedRaftLogCache (AutoCloseableReadWriteLock.java:logLocking(65)) - s2@group-B24AF063D807: readLock RELEASED 0 by SegmentedRaftLogCache.getLastTermIndex
2022-08-08 17:04:51,573 [Thread-460] INFO  server.RaftServer$Division (RaftServerImpl.java:requestVote(1198)) - s0@group-B24AF063D807: receive requestVote(PRE_VOTE, s2, group-B24AF063D807, 0, (t:0, i:0))
2022-08-08 17:04:51,573 [Thread-460] TRACE segmented.SegmentedRaftLogCache (AutoCloseableReadWriteLock.java:logLocking(65)) - s0@group-B24AF063D807: readLock ACQUIRED 1 by SegmentedRaftLogCache.getLastTermIndex
2022-08-08 17:04:51,573 [Thread-467] INFO  server.RaftServer$Division (RaftServerImpl.java:requestVote(1198)) - s1@group-B24AF063D807: receive requestVote(PRE_VOTE, s2, group-B24AF063D807, 0, (t:0, i:0))
2022-08-08 17:04:51,573 [Thread-467] TRACE segmented.SegmentedRaftLogCache (AutoCloseableReadWriteLock.java:logLocking(65)) - s1@group-B24AF063D807: readLock ACQUIRED 1 by SegmentedRaftLogCache.getLastTermIndex
2022-08-08 17:04:51,573 [Thread-467] TRACE segmented.SegmentedRaftLogCache (AutoCloseableReadWriteLock.java:logLocking(65)) -   s1@group-B24AF063D807: readLock ACQUIRED 2 by SegmentedRaftLogCache$LogSegmentList.isEmpty
2022-08-08 17:04:51,573 [Thread-467] TRACE segmented.SegmentedRaftLogCache (AutoCloseableReadWriteLock.java:logLocking(65)) -   s1@group-B24AF063D807: readLock RELEASED 1 by SegmentedRaftLogCache$LogSegmentList.isEmpty
2022-08-08 17:04:51,573 [Thread-467] TRACE segmented.SegmentedRaftLogCache (AutoCloseableReadWriteLock.java:logLocking(65)) - s1@group-B24AF063D807: readLock RELEASED 0 by SegmentedRaftLogCache.getLastTermIndex
2022-08-08 17:04:51,573 [Thread-467] INFO  impl.VoteContext (VoteContext.java:log(48)) - s1@group-B24AF063D807-FOLLOWER: accept PRE_VOTE from s2: our priority 0 <= candidate's priority 0
2022-08-08 17:04:51,573 [Thread-467] INFO  server.RaftServer$Division (RaftServerImpl.java:requestVote(1231)) - s1@group-B24AF063D807 replies to PRE_VOTE vote request: s2<-s1#0:OK-t0. Peer's state: s1@group-B24AF063D807:t0, leader=null, voted=, raftlog=Memoized:s1@group-B24AF063D807-SegmentedRaftLog:OPENED:c-1, conf=-1: peers:[s0|rpc:localhost:44329|admin:localhost:44721|client:localhost:39371|dataStream:localhost:42645|priority:0|startupRole:FOLLOWER, s1|rpc:localhost:41361|admin:localhost:40185|client:localhost:33019|dataStream:localhost:39869|priority:0|startupRole:FOLLOWER, s2|rpc:localhost:38737|admin:localhost:36401|client:localhost:33787|dataStream:localhost:36623|priority:0|startupRole:FOLLOWER]|listeners:[], old=null
2022-08-08 17:04:51,573 [Thread-460] TRACE segmented.SegmentedRaftLogCache (AutoCloseableReadWriteLock.java:logLocking(65)) -   s0@group-B24AF063D807: readLock ACQUIRED 2 by SegmentedRaftLogCache$LogSegmentList.isEmpty
2022-08-08 17:04:51,574 [Thread-460] TRACE segmented.SegmentedRaftLogCache (AutoCloseableReadWriteLock.java:logLocking(65)) -   s0@group-B24AF063D807: readLock RELEASED 1 by SegmentedRaftLogCache$LogSegmentList.isEmpty
2022-08-08 17:04:51,574 [Thread-460] TRACE segmented.SegmentedRaftLogCache (AutoCloseableReadWriteLock.java:logLocking(65)) - s0@group-B24AF063D807: readLock RELEASED 0 by SegmentedRaftLogCache.getLastTermIndex
2022-08-08 17:04:51,574 [Thread-460] INFO  impl.VoteContext (VoteContext.java:log(48)) - s0@group-B24AF063D807-FOLLOWER: accept PRE_VOTE from s2: our priority 0 <= candidate's priority 0
2022-08-08 17:04:51,574 [Thread-460] INFO  server.RaftServer$Division (RaftServerImpl.java:requestVote(1231)) - s0@group-B24AF063D807 replies to PRE_VOTE vote request: s2<-s0#0:OK-t0. Peer's state: s0@group-B24AF063D807:t0, leader=null, voted=, raftlog=Memoized:s0@group-B24AF063D807-SegmentedRaftLog:OPENED:c-1, conf=-1: peers:[s0|rpc:localhost:44329|admin:localhost:44721|client:localhost:39371|dataStream:localhost:42645|priority:0|startupRole:FOLLOWER, s1|rpc:localhost:41361|admin:localhost:40185|client:localhost:33019|dataStream:localhost:39869|priority:0|startupRole:FOLLOWER, s2|rpc:localhost:38737|admin:localhost:36401|client:localhost:33787|dataStream:localhost:36623|priority:0|startupRole:FOLLOWER]|listeners:[], old=null
2022-08-08 17:04:51,574 [s2@group-B24AF063D807-LeaderElection5] INFO  impl.LeaderElection (LeaderElection.java:logAndReturn(90)) - s2@group-B24AF063D807-LeaderElection5: PRE_VOTE PASSED received 1 response(s) and 0 exception(s):
2022-08-08 17:04:51,574 [s2@group-B24AF063D807-LeaderElection5] INFO  impl.LeaderElection (LeaderElection.java:logAndReturn(94)) -   Response 0: s2<-s1#0:OK-t0
2022-08-08 17:04:51,574 [s2@group-B24AF063D807-LeaderElection5] INFO  impl.LeaderElection (LeaderElection.java:askForVotes(312)) - s2@group-B24AF063D807-LeaderElection5 PRE_VOTE round 0: result PASSED
2022-08-08 17:04:51,575 [s2@group-B24AF063D807-LeaderElection5] INFO  impl.LeaderElection (LeaderElection.java:askForVotes(310)) - s2@group-B24AF063D807-LeaderElection5 ELECTION round 0: submit vote requests at term 1 for -1: peers:[s0|rpc:localhost:44329|admin:localhost:44721|client:localhost:39371|dataStream:localhost:42645|priority:0|startupRole:FOLLOWER, s1|rpc:localhost:41361|admin:localhost:40185|client:localhost:33019|dataStream:localhost:39869|priority:0|startupRole:FOLLOWER, s2|rpc:localhost:38737|admin:localhost:36401|client:localhost:33787|dataStream:localhost:36623|priority:0|startupRole:FOLLOWER]|listeners:[], old=null
2022-08-08 17:04:51,575 [s2@group-B24AF063D807-LeaderElection5] TRACE segmented.SegmentedRaftLogCache (AutoCloseableReadWriteLock.java:logLocking(65)) - s2@group-B24AF063D807: readLock ACQUIRED 1 by SegmentedRaftLogCache.getLastTermIndex
2022-08-08 17:04:51,575 [s2@group-B24AF063D807-LeaderElection5] TRACE segmented.SegmentedRaftLogCache (AutoCloseableReadWriteLock.java:logLocking(65)) -   s2@group-B24AF063D807: readLock ACQUIRED 2 by SegmentedRaftLogCache$LogSegmentList.isEmpty
2022-08-08 17:04:51,575 [s2@group-B24AF063D807-LeaderElection5] TRACE segmented.SegmentedRaftLogCache (AutoCloseableReadWriteLock.java:logLocking(65)) -   s2@group-B24AF063D807: readLock RELEASED 1 by SegmentedRaftLogCache$LogSegmentList.isEmpty
2022-08-08 17:04:51,575 [s2@group-B24AF063D807-LeaderElection5] TRACE segmented.SegmentedRaftLogCache (AutoCloseableReadWriteLock.java:logLocking(65)) - s2@group-B24AF063D807: readLock RELEASED 0 by SegmentedRaftLogCache.getLastTermIndex
2022-08-08 17:04:51,576 [Thread-461] INFO  server.RaftServer$Division (RaftServerImpl.java:requestVote(1198)) - s0@group-B24AF063D807: receive requestVote(ELECTION, s2, group-B24AF063D807, 1, (t:0, i:0))
2022-08-08 17:04:51,576 [Thread-461] TRACE segmented.SegmentedRaftLogCache (AutoCloseableReadWriteLock.java:logLocking(65)) - s0@group-B24AF063D807: readLock ACQUIRED 1 by SegmentedRaftLogCache.getLastTermIndex
2022-08-08 17:04:51,576 [Thread-461] TRACE segmented.SegmentedRaftLogCache (AutoCloseableReadWriteLock.java:logLocking(65)) -   s0@group-B24AF063D807: readLock ACQUIRED 2 by SegmentedRaftLogCache$LogSegmentList.isEmpty
2022-08-08 17:04:51,576 [Thread-461] TRACE segmented.SegmentedRaftLogCache (AutoCloseableReadWriteLock.java:logLocking(65)) -   s0@group-B24AF063D807: readLock RELEASED 1 by SegmentedRaftLogCache$LogSegmentList.isEmpty
2022-08-08 17:04:51,576 [Thread-461] TRACE segmented.SegmentedRaftLogCache (AutoCloseableReadWriteLock.java:logLocking(65)) - s0@group-B24AF063D807: readLock RELEASED 0 by SegmentedRaftLogCache.getLastTermIndex
2022-08-08 17:04:51,576 [Thread-461] INFO  impl.VoteContext (VoteContext.java:log(48)) - s0@group-B24AF063D807-FOLLOWER: accept ELECTION from s2: our priority 0 <= candidate's priority 0
2022-08-08 17:04:51,576 [Thread-461] INFO  server.RaftServer$Division (RaftServerImpl.java:setRole(301)) - s0@group-B24AF063D807: changes role from  FOLLOWER to FOLLOWER at term 1 for candidate:s2
2022-08-08 17:04:51,576 [Thread-461] INFO  impl.RoleInfo (RoleInfo.java:shutdownFollowerState(110)) - s0: shutdown s0@group-B24AF063D807-FollowerState
2022-08-08 17:04:51,576 [Thread-461] INFO  impl.RoleInfo (RoleInfo.java:updateAndGet(139)) - s0: start s0@group-B24AF063D807-FollowerState
2022-08-08 17:04:51,576 [s0@group-B24AF063D807-FollowerState] INFO  impl.FollowerState (FollowerState.java:run(152)) - s0@group-B24AF063D807-FollowerState was interrupted
2022-08-08 17:04:51,578 [Thread-468] INFO  server.RaftServer$Division (RaftServerImpl.java:requestVote(1198)) - s1@group-B24AF063D807: receive requestVote(ELECTION, s2, group-B24AF063D807, 1, (t:0, i:0))
2022-08-08 17:04:51,578 [Thread-468] TRACE segmented.SegmentedRaftLogCache (AutoCloseableReadWriteLock.java:logLocking(65)) - s1@group-B24AF063D807: readLock ACQUIRED 1 by SegmentedRaftLogCache.getLastTermIndex
2022-08-08 17:04:51,578 [Thread-468] TRACE segmented.SegmentedRaftLogCache (AutoCloseableReadWriteLock.java:logLocking(65)) -   s1@group-B24AF063D807: readLock ACQUIRED 2 by SegmentedRaftLogCache$LogSegmentList.isEmpty
2022-08-08 17:04:51,578 [Thread-468] TRACE segmented.SegmentedRaftLogCache (AutoCloseableReadWriteLock.java:logLocking(65)) -   s1@group-B24AF063D807: readLock RELEASED 1 by SegmentedRaftLogCache$LogSegmentList.isEmpty
2022-08-08 17:04:51,578 [Thread-468] TRACE segmented.SegmentedRaftLogCache (AutoCloseableReadWriteLock.java:logLocking(65)) - s1@group-B24AF063D807: readLock RELEASED 0 by SegmentedRaftLogCache.getLastTermIndex
2022-08-08 17:04:51,578 [Thread-468] INFO  impl.VoteContext (VoteContext.java:log(48)) - s1@group-B24AF063D807-FOLLOWER: accept ELECTION from s2: our priority 0 <= candidate's priority 0
2022-08-08 17:04:51,578 [Thread-468] INFO  server.RaftServer$Division (RaftServerImpl.java:setRole(301)) - s1@group-B24AF063D807: changes role from  FOLLOWER to FOLLOWER at term 1 for candidate:s2
2022-08-08 17:04:51,578 [Thread-468] INFO  impl.RoleInfo (RoleInfo.java:shutdownFollowerState(110)) - s1: shutdown s1@group-B24AF063D807-FollowerState
2022-08-08 17:04:51,578 [Thread-468] INFO  impl.RoleInfo (RoleInfo.java:updateAndGet(139)) - s1: start s1@group-B24AF063D807-FollowerState
2022-08-08 17:04:51,578 [s1@group-B24AF063D807-FollowerState] INFO  impl.FollowerState (FollowerState.java:run(152)) - s1@group-B24AF063D807-FollowerState was interrupted
2022-08-08 17:04:51,579 [Thread-461] INFO  server.RaftServer$Division (RaftServerImpl.java:requestVote(1231)) - s0@group-B24AF063D807 replies to ELECTION vote request: s2<-s0#0:OK-t1. Peer's state: s0@group-B24AF063D807:t1, leader=null, voted=s2, raftlog=Memoized:s0@group-B24AF063D807-SegmentedRaftLog:OPENED:c-1, conf=-1: peers:[s0|rpc:localhost:44329|admin:localhost:44721|client:localhost:39371|dataStream:localhost:42645|priority:0|startupRole:FOLLOWER, s1|rpc:localhost:41361|admin:localhost:40185|client:localhost:33019|dataStream:localhost:39869|priority:0|startupRole:FOLLOWER, s2|rpc:localhost:38737|admin:localhost:36401|client:localhost:33787|dataStream:localhost:36623|priority:0|startupRole:FOLLOWER]|listeners:[], old=null
2022-08-08 17:04:51,580 [Thread-468] INFO  server.RaftServer$Division (RaftServerImpl.java:requestVote(1231)) - s1@group-B24AF063D807 replies to ELECTION vote request: s2<-s1#0:OK-t1. Peer's state: s1@group-B24AF063D807:t1, leader=null, voted=s2, raftlog=Memoized:s1@group-B24AF063D807-SegmentedRaftLog:OPENED:c-1, conf=-1: peers:[s0|rpc:localhost:44329|admin:localhost:44721|client:localhost:39371|dataStream:localhost:42645|priority:0|startupRole:FOLLOWER, s1|rpc:localhost:41361|admin:localhost:40185|client:localhost:33019|dataStream:localhost:39869|priority:0|startupRole:FOLLOWER, s2|rpc:localhost:38737|admin:localhost:36401|client:localhost:33787|dataStream:localhost:36623|priority:0|startupRole:FOLLOWER]|listeners:[], old=null
2022-08-08 17:04:51,580 [s2@group-B24AF063D807-LeaderElection5] INFO  impl.LeaderElection (LeaderElection.java:logAndReturn(90)) - s2@group-B24AF063D807-LeaderElection5: ELECTION PASSED received 1 response(s) and 0 exception(s):
2022-08-08 17:04:51,580 [s2@group-B24AF063D807-LeaderElection5] INFO  impl.LeaderElection (LeaderElection.java:logAndReturn(94)) -   Response 0: s2<-s1#0:OK-t1
2022-08-08 17:04:51,580 [s2@group-B24AF063D807-LeaderElection5] INFO  impl.LeaderElection (LeaderElection.java:askForVotes(312)) - s2@group-B24AF063D807-LeaderElection5 ELECTION round 0: result PASSED
2022-08-08 17:04:51,580 [s2@group-B24AF063D807-LeaderElection5] INFO  impl.RoleInfo (RoleInfo.java:shutdownLeaderElection(130)) - s2: shutdown s2@group-B24AF063D807-LeaderElection5
2022-08-08 17:04:51,580 [s2@group-B24AF063D807-LeaderElection5] INFO  server.RaftServer$Division (RaftServerImpl.java:setRole(301)) - s2@group-B24AF063D807: changes role from CANDIDATE to LEADER at term 1 for changeToLeader
2022-08-08 17:04:51,580 [s2@group-B24AF063D807-LeaderElection5] INFO  server.RaftServer$Division (ServerState.java:setLeader(313)) - s2@group-B24AF063D807: change Leader from null to s2 at term 1 for becomeLeader, leader elected after 198ms
2022-08-08 17:04:51,580 [s2@group-B24AF063D807-LeaderElection5] INFO  server.RaftServerConfigKeys (ConfUtils.java:logGet(46)) - raft.server.staging.catchup.gap = 1000 (default)
2022-08-08 17:04:51,580 [s2@group-B24AF063D807-LeaderElection5] INFO  server.RaftServerConfigKeys (ConfUtils.java:logGet(46)) - raft.server.write.element-limit = 4096 (default)
2022-08-08 17:04:51,580 [s2@group-B24AF063D807-LeaderElection5] INFO  server.RaftServerConfigKeys (ConfUtils.java:logGet(46)) - raft.server.write.byte-limit = 64MB (=67108864) (default)
2022-08-08 17:04:51,580 [s2@group-B24AF063D807-LeaderElection5] INFO  server.RaftServerConfigKeys (ConfUtils.java:logGet(46)) - raft.server.watch.timeout = 10s (default)
2022-08-08 17:04:51,580 [s2@group-B24AF063D807-LeaderElection5] INFO  server.RaftServerConfigKeys (ConfUtils.java:logGet(46)) - raft.server.watch.timeout.denomination = 1s (default)
2022-08-08 17:04:51,580 [s2@group-B24AF063D807-LeaderElection5] INFO  server.RaftServerConfigKeys (ConfUtils.java:logGet(46)) - raft.server.watch.element-limit = 65536 (default)
2022-08-08 17:04:51,580 [s2@group-B24AF063D807-LeaderElection5] INFO  server.RaftServerConfigKeys (ConfUtils.java:logGet(46)) - raft.server.write.element-limit = 4096 (default)
2022-08-08 17:04:51,580 [s2@group-B24AF063D807-LeaderElection5] INFO  server.RaftServerConfigKeys (ConfUtils.java:logGet(46)) - raft.server.write.follower.gap.ratio.max = -1.0 (default)
2022-08-08 17:04:51,580 [s2@group-B24AF063D807-LeaderElection5] TRACE segmented.SegmentedRaftLogCache (AutoCloseableReadWriteLock.java:logLocking(65)) - s2@group-B24AF063D807: readLock ACQUIRED 1 by SegmentedRaftLogCache.getLastTermIndex
2022-08-08 17:04:51,581 [s2@group-B24AF063D807-LeaderElection5] TRACE segmented.SegmentedRaftLogCache (AutoCloseableReadWriteLock.java:logLocking(65)) -   s2@group-B24AF063D807: readLock ACQUIRED 2 by SegmentedRaftLogCache$LogSegmentList.isEmpty
2022-08-08 17:04:51,581 [s2@group-B24AF063D807-LeaderElection5] TRACE segmented.SegmentedRaftLogCache (AutoCloseableReadWriteLock.java:logLocking(65)) -   s2@group-B24AF063D807: readLock RELEASED 1 by SegmentedRaftLogCache$LogSegmentList.isEmpty
2022-08-08 17:04:51,581 [s2@group-B24AF063D807-LeaderElection5] TRACE segmented.SegmentedRaftLogCache (AutoCloseableReadWriteLock.java:logLocking(65)) - s2@group-B24AF063D807: readLock RELEASED 0 by SegmentedRaftLogCache.getLastTermIndex
2022-08-08 17:04:51,581 [s2@group-B24AF063D807-LeaderElection5] INFO  server.RaftServerConfigKeys (ConfUtils.java:logGet(46)) - raft.server.log.appender.snapshot.chunk.size.max = 16MB (=16777216) (default)
2022-08-08 17:04:51,581 [s2@group-B24AF063D807-LeaderElection5] INFO  server.RaftServerConfigKeys (ConfUtils.java:logGet(46)) - raft.server.log.appender.buffer.byte-limit = 4MB (=4194304) (default)
2022-08-08 17:04:51,581 [s2@group-B24AF063D807-LeaderElection5] INFO  server.RaftServerConfigKeys (ConfUtils.java:logGet(46)) - raft.server.log.appender.buffer.element-limit = 0 (default)
2022-08-08 17:04:51,581 [s2@group-B24AF063D807-LeaderElection5] INFO  server.RaftServerConfigKeys (ConfUtils.java:logGet(46)) - raft.server.log.appender.snapshot.chunk.size.max = 16MB (=16777216) (default)
2022-08-08 17:04:51,581 [s2@group-B24AF063D807-LeaderElection5] INFO  server.RaftServerConfigKeys (ConfUtils.java:logGet(46)) - raft.server.log.appender.buffer.byte-limit = 4MB (=4194304) (default)
2022-08-08 17:04:51,581 [s2@group-B24AF063D807-LeaderElection5] INFO  server.RaftServerConfigKeys (ConfUtils.java:logGet(46)) - raft.server.log.appender.buffer.element-limit = 0 (default)
2022-08-08 17:04:51,581 [s2@group-B24AF063D807-LeaderElection5] INFO  impl.RoleInfo (RoleInfo.java:updateAndGet(139)) - s2: start s2@group-B24AF063D807-LeaderStateImpl
2022-08-08 17:04:51,581 [s2@group-B24AF063D807-LeaderElection5] TRACE segmented.SegmentedRaftLogCache (AutoCloseableReadWriteLock.java:logLocking(65)) - s2@group-B24AF063D807: readLock ACQUIRED 1 by SegmentedRaftLogCache.getLastTermIndex
2022-08-08 17:04:51,581 [s2@group-B24AF063D807-LeaderElection5] TRACE segmented.SegmentedRaftLogCache (AutoCloseableReadWriteLock.java:logLocking(65)) -   s2@group-B24AF063D807: readLock ACQUIRED 2 by SegmentedRaftLogCache$LogSegmentList.isEmpty
2022-08-08 17:04:51,581 [s2@group-B24AF063D807-LeaderElection5] TRACE segmented.SegmentedRaftLogCache (AutoCloseableReadWriteLock.java:logLocking(65)) -   s2@group-B24AF063D807: readLock RELEASED 1 by SegmentedRaftLogCache$LogSegmentList.isEmpty
2022-08-08 17:04:51,581 [s2@group-B24AF063D807-LeaderElection5] TRACE segmented.SegmentedRaftLogCache (AutoCloseableReadWriteLock.java:logLocking(65)) - s2@group-B24AF063D807: readLock RELEASED 0 by SegmentedRaftLogCache.getLastTermIndex
2022-08-08 17:04:51,582 [s2@group-B24AF063D807-LeaderElection5] TRACE segmented.SegmentedRaftLogCache (AutoCloseableReadWriteLock.java:logLocking(65)) - s2@group-B24AF063D807: readLock ACQUIRED 1 by SegmentedRaftLogCache.computeTruncateIndices
2022-08-08 17:04:51,582 [s2@group-B24AF063D807-LeaderElection5] TRACE segmented.SegmentedRaftLogCache (AutoCloseableReadWriteLock.java:logLocking(65)) -   s2@group-B24AF063D807: readLock ACQUIRED 2 by SegmentedRaftLogCache$LogSegmentList.binarySearch
2022-08-08 17:04:51,582 [s2@group-B24AF063D807-LeaderElection5] TRACE segmented.SegmentedRaftLogCache (AutoCloseableReadWriteLock.java:logLocking(65)) -   s2@group-B24AF063D807: readLock RELEASED 1 by SegmentedRaftLogCache$LogSegmentList.binarySearch
2022-08-08 17:04:51,582 [s2@group-B24AF063D807-LeaderElection5] TRACE segmented.SegmentedRaftLogCache (AutoCloseableReadWriteLock.java:logLocking(65)) -   s2@group-B24AF063D807: readLock ACQUIRED 2 by SegmentedRaftLogCache$LogSegmentList.size
2022-08-08 17:04:51,582 [s2@group-B24AF063D807-LeaderElection5] TRACE segmented.SegmentedRaftLogCache (AutoCloseableReadWriteLock.java:logLocking(65)) -   s2@group-B24AF063D807: readLock RELEASED 1 by SegmentedRaftLogCache$LogSegmentList.size
2022-08-08 17:04:51,582 [s2@group-B24AF063D807-LeaderElection5] TRACE segmented.SegmentedRaftLogCache (AutoCloseableReadWriteLock.java:logLocking(65)) - s2@group-B24AF063D807: readLock RELEASED 0 by SegmentedRaftLogCache.computeTruncateIndices
2022-08-08 17:04:51,582 [s2@group-B24AF063D807-LeaderElection5] DEBUG raftlog.RaftLog (SegmentedRaftLog.java:appendImpl(447)) - truncateIndex=-1, arrayIndex=0
2022-08-08 17:04:51,582 [s2@group-B24AF063D807-LeaderElection5] TRACE segmented.SegmentedRaftLogCache (AutoCloseableReadWriteLock.java:logLocking(65)) - s2@group-B24AF063D807: readLock ACQUIRED 1 by SegmentedRaftLogCache.getLastTermIndex
2022-08-08 17:04:51,582 [s2@group-B24AF063D807-LeaderElection5] TRACE segmented.SegmentedRaftLogCache (AutoCloseableReadWriteLock.java:logLocking(65)) -   s2@group-B24AF063D807: readLock ACQUIRED 2 by SegmentedRaftLogCache$LogSegmentList.isEmpty
2022-08-08 17:04:51,582 [s2@group-B24AF063D807-LeaderElection5] TRACE segmented.SegmentedRaftLogCache (AutoCloseableReadWriteLock.java:logLocking(65)) -   s2@group-B24AF063D807: readLock RELEASED 1 by SegmentedRaftLogCache$LogSegmentList.isEmpty
2022-08-08 17:04:51,582 [s2@group-B24AF063D807-LeaderElection5] TRACE segmented.SegmentedRaftLogCache (AutoCloseableReadWriteLock.java:logLocking(65)) - s2@group-B24AF063D807: readLock RELEASED 0 by SegmentedRaftLogCache.getLastTermIndex
2022-08-08 17:04:51,582 [s2@group-B24AF063D807-LeaderElection5] TRACE segmented.SegmentedRaftLogCache (SegmentedRaftLogCache.java:setOpenSegment(450)) - s2@group-B24AF063D807-SegmentedRaftLogCache: setOpenSegment to log_inprogress_0
2022-08-08 17:04:51,582 [s2@group-B24AF063D807-LeaderElection5] INFO  segmented.SegmentedRaftLogWorker (SegmentedRaftLogWorker.java:startLogSegment(425)) - s2@group-B24AF063D807-SegmentedRaftLogWorker: Starting segment from index:0
2022-08-08 17:04:51,582 [s2@group-B24AF063D807-LeaderElection5] DEBUG segmented.SegmentedRaftLogWorker (SegmentedRaftLogWorker.java:addIOTask(270)) - s2@group-B24AF063D807-SegmentedRaftLogWorker adds IO task StartLogSegment:0
2022-08-08 17:04:51,582 [s2@group-B24AF063D807-LeaderElection5] TRACE segmented.SegmentedRaftLogCache (AutoCloseableReadWriteLock.java:logLocking(65)) - s2@group-B24AF063D807: readLock ACQUIRED 1 by SegmentedRaftLogCache$LogSegmentList.countCached
2022-08-08 17:04:51,582 [s2@group-B24AF063D807-LeaderElection5] TRACE segmented.SegmentedRaftLogCache (AutoCloseableReadWriteLock.java:logLocking(65)) - s2@group-B24AF063D807: readLock RELEASED 0 by SegmentedRaftLogCache$LogSegmentList.countCached
2022-08-08 17:04:51,582 [s2@group-B24AF063D807-LeaderElection5] TRACE segmented.SegmentedRaftLogCache (AutoCloseableReadWriteLock.java:logLocking(65)) - s2@group-B24AF063D807: readLock ACQUIRED 1 by SegmentedRaftLogCache$LogSegmentList.getTotalCacheSize
2022-08-08 17:04:51,582 [s2@group-B24AF063D807-LeaderElection5] TRACE segmented.SegmentedRaftLogCache (AutoCloseableReadWriteLock.java:logLocking(65)) - s2@group-B24AF063D807: readLock RELEASED 0 by SegmentedRaftLogCache$LogSegmentList.getTotalCacheSize
2022-08-08 17:04:51,583 [s2@group-B24AF063D807-LeaderElection5] DEBUG segmented.SegmentedRaftLogWorker (SegmentedRaftLogWorker.java:addIOTask(270)) - s2@group-B24AF063D807-SegmentedRaftLogWorker adds IO task WriteLog:0: (t:1, i:0), CONFIGURATIONENTRY(current:id: "s0"
address: "localhost:44329"
dataStreamAddress: "localhost:42645"
clientAddress: "localhost:39371"
adminAddress: "localhost:44721"
startupRole: FOLLOWER
,id: "s1"
address: "localhost:41361"
dataStreamAddress: "localhost:39869"
clientAddress: "localhost:33019"
adminAddress: "localhost:40185"
startupRole: FOLLOWER
,id: "s2"
address: "localhost:38737"
dataStreamAddress: "localhost:36623"
clientAddress: "localhost:33787"
adminAddress: "localhost:36401"
startupRole: FOLLOWER
, old:)
2022-08-08 17:04:51,584 [s2@group-B24AF063D807-SegmentedRaftLogWorker] INFO  segmented.SegmentedRaftLogWorker (SegmentedRaftLogWorker.java:execute(629)) - s2@group-B24AF063D807-SegmentedRaftLogWorker: created new log segment /home/runner/work/ratis/ratis/ratis-test/target/test/data/b051e71b/MiniRaftClusterWithSimulatedRpc1ec78f08/s2/0d1e7fc9-4c77-451a-91df-b24af063d807/current/log_inprogress_0
2022-08-08 17:04:51,584 [s2@group-B24AF063D807-SegmentedRaftLogWorker] DEBUG segmented.SegmentedRaftLogWorker (SegmentedRaftLogWorker.java:flushIfNecessary(365)) - s2@group-B24AF063D807-SegmentedRaftLogWorker: flush SegmentedRaftLogOutputStream(/home/runner/work/ratis/ratis/ratis-test/target/test/data/b051e71b/MiniRaftClusterWithSimulatedRpc1ec78f08/s2/0d1e7fc9-4c77-451a-91df-b24af063d807/current/log_inprogress_0)
2022-08-08 17:04:51,589 [s2@group-B24AF063D807->s0-LogAppenderDefault-LogAppenderDaemon] TRACE segmented.SegmentedRaftLogCache (AutoCloseableReadWriteLock.java:logLocking(65)) - s2@group-B24AF063D807: readLock ACQUIRED 1 by SegmentedRaftLogCache.getLastTermIndex
2022-08-08 17:04:51,589 [s2@group-B24AF063D807->s0-LogAppenderDefault-LogAppenderDaemon] TRACE segmented.SegmentedRaftLogCache (AutoCloseableReadWriteLock.java:logLocking(65)) - s2@group-B24AF063D807: readLock RELEASED 0 by SegmentedRaftLogCache.getLastTermIndex
2022-08-08 17:04:51,589 [s2@group-B24AF063D807->s0-LogAppenderDefault-LogAppenderDaemon] TRACE segmented.SegmentedRaftLogCache (AutoCloseableReadWriteLock.java:logLocking(65)) - s2@group-B24AF063D807: readLock ACQUIRED 1 by SegmentedRaftLogCache.getLastTermIndex
2022-08-08 17:04:51,589 [s2@group-B24AF063D807->s0-LogAppenderDefault-LogAppenderDaemon] TRACE segmented.SegmentedRaftLogCache (AutoCloseableReadWriteLock.java:logLocking(65)) - s2@group-B24AF063D807: readLock RELEASED 0 by SegmentedRaftLogCache.getLastTermIndex
2022-08-08 17:04:51,589 [s2@group-B24AF063D807->s0-LogAppenderDefault-LogAppenderDaemon] TRACE segmented.SegmentedRaftLogCache (AutoCloseableReadWriteLock.java:logLocking(65)) - s2@group-B24AF063D807: readLock ACQUIRED 1 by SegmentedRaftLogCache.getStartIndex
2022-08-08 17:04:51,589 [s2@group-B24AF063D807->s0-LogAppenderDefault-LogAppenderDaemon] TRACE segmented.SegmentedRaftLogCache (AutoCloseableReadWriteLock.java:logLocking(65)) -   s2@group-B24AF063D807: readLock ACQUIRED 2 by SegmentedRaftLogCache$LogSegmentList.isEmpty
2022-08-08 17:04:51,589 [s2@group-B24AF063D807->s0-LogAppenderDefault-LogAppenderDaemon] TRACE segmented.SegmentedRaftLogCache (AutoCloseableReadWriteLock.java:logLocking(65)) -   s2@group-B24AF063D807: readLock RELEASED 1 by SegmentedRaftLogCache$LogSegmentList.isEmpty
2022-08-08 17:04:51,589 [s2@group-B24AF063D807->s0-LogAppenderDefault-LogAppenderDaemon] TRACE segmented.SegmentedRaftLogCache (AutoCloseableReadWriteLock.java:logLocking(65)) - s2@group-B24AF063D807: readLock RELEASED 0 by SegmentedRaftLogCache.getStartIndex
2022-08-08 17:04:51,589 [s2@group-B24AF063D807-LeaderElection5] INFO  server.RaftServer$Division (ServerState.java:setRaftConf(429)) - s2@group-B24AF063D807: set configuration 0: peers:[s0|rpc:localhost:44329|admin:localhost:44721|client:localhost:39371|dataStream:localhost:42645|priority:0|startupRole:FOLLOWER, s1|rpc:localhost:41361|admin:localhost:40185|client:localhost:33019|dataStream:localhost:39869|priority:0|startupRole:FOLLOWER, s2|rpc:localhost:38737|admin:localhost:36401|client:localhost:33787|dataStream:localhost:36623|priority:0|startupRole:FOLLOWER]|listeners:[], old=null
2022-08-08 17:04:51,589 [s2@group-B24AF063D807-LeaderStateImpl] TRACE segmented.SegmentedRaftLogCache (AutoCloseableReadWriteLock.java:logLocking(65)) - s2@group-B24AF063D807: readLock ACQUIRED 1 by SegmentedRaftLogCache.getStartIndex
2022-08-08 17:04:51,589 [s2@group-B24AF063D807-LeaderStateImpl] TRACE segmented.SegmentedRaftLogCache (AutoCloseableReadWriteLock.java:logLocking(65)) -   s2@group-B24AF063D807: readLock ACQUIRED 2 by SegmentedRaftLogCache$LogSegmentList.isEmpty
2022-08-08 17:04:51,590 [s2@group-B24AF063D807-LeaderStateImpl] TRACE segmented.SegmentedRaftLogCache (AutoCloseableReadWriteLock.java:logLocking(65)) -   s2@group-B24AF063D807: readLock RELEASED 1 by SegmentedRaftLogCache$LogSegmentList.isEmpty
2022-08-08 17:04:51,590 [s2@group-B24AF063D807-LeaderStateImpl] TRACE segmented.SegmentedRaftLogCache (AutoCloseableReadWriteLock.java:logLocking(65)) - s2@group-B24AF063D807: readLock RELEASED 0 by SegmentedRaftLogCache.getStartIndex
2022-08-08 17:04:51,590 [s2@group-B24AF063D807-LeaderStateImpl] TRACE segmented.SegmentedRaftLogCache (AutoCloseableReadWriteLock.java:logLocking(65)) - s2@group-B24AF063D807: readLock ACQUIRED 1 by SegmentedRaftLogCache.getEndIndex
2022-08-08 17:04:51,590 [s2@group-B24AF063D807-LeaderStateImpl] TRACE segmented.SegmentedRaftLogCache (AutoCloseableReadWriteLock.java:logLocking(65)) - s2@group-B24AF063D807: readLock RELEASED 0 by SegmentedRaftLogCache.getEndIndex
2022-08-08 17:04:51,590 [s2@group-B24AF063D807-LeaderStateImpl] TRACE segmented.SegmentedRaftLogCache (AutoCloseableReadWriteLock.java:logLocking(65)) - s2@group-B24AF063D807: readLock ACQUIRED 1 by SegmentedRaftLogCache$LogSegmentList.getTermIndex
2022-08-08 17:04:51,590 [s2@group-B24AF063D807-LeaderStateImpl] TRACE segmented.SegmentedRaftLogCache (AutoCloseableReadWriteLock.java:logLocking(65)) - s2@group-B24AF063D807: readLock RELEASED 0 by SegmentedRaftLogCache$LogSegmentList.getTermIndex
2022-08-08 17:04:51,590 [Thread-462] INFO  server.RaftServer$Division (ServerState.java:setLeader(313)) - s0@group-B24AF063D807: change Leader from null to s2 at term 1 for appendEntries, leader elected after 218ms
2022-08-08 17:04:51,590 [s2@group-B24AF063D807->s1-LogAppenderDefault-LogAppenderDaemon] TRACE segmented.SegmentedRaftLogCache (AutoCloseableReadWriteLock.java:logLocking(65)) - s2@group-B24AF063D807: readLock ACQUIRED 1 by SegmentedRaftLogCache.getLastTermIndex
2022-08-08 17:04:51,590 [s2@group-B24AF063D807->s1-LogAppenderDefault-LogAppenderDaemon] TRACE segmented.SegmentedRaftLogCache (AutoCloseableReadWriteLock.java:logLocking(65)) - s2@group-B24AF063D807: readLock RELEASED 0 by SegmentedRaftLogCache.getLastTermIndex
2022-08-08 17:04:51,590 [s2@group-B24AF063D807->s1-LogAppenderDefault-LogAppenderDaemon] TRACE segmented.SegmentedRaftLogCache (AutoCloseableReadWriteLock.java:logLocking(65)) - s2@group-B24AF063D807: readLock ACQUIRED 1 by SegmentedRaftLogCache.getLastTermIndex
2022-08-08 17:04:51,590 [s2@group-B24AF063D807->s1-LogAppenderDefault-LogAppenderDaemon] TRACE segmented.SegmentedRaftLogCache (AutoCloseableReadWriteLock.java:logLocking(65)) - s2@group-B24AF063D807: readLock RELEASED 0 by SegmentedRaftLogCache.getLastTermIndex
2022-08-08 17:04:51,590 [s2@group-B24AF063D807->s1-LogAppenderDefault-LogAppenderDaemon] TRACE segmented.SegmentedRaftLogCache (AutoCloseableReadWriteLock.java:logLocking(65)) - s2@group-B24AF063D807: readLock ACQUIRED 1 by SegmentedRaftLogCache.getStartIndex
2022-08-08 17:04:51,590 [s2@group-B24AF063D807->s1-LogAppenderDefault-LogAppenderDaemon] TRACE segmented.SegmentedRaftLogCache (AutoCloseableReadWriteLock.java:logLocking(65)) -   s2@group-B24AF063D807: readLock ACQUIRED 2 by SegmentedRaftLogCache$LogSegmentList.isEmpty
2022-08-08 17:04:51,590 [s2@group-B24AF063D807->s1-LogAppenderDefault-LogAppenderDaemon] TRACE segmented.SegmentedRaftLogCache (AutoCloseableReadWriteLock.java:logLocking(65)) -   s2@group-B24AF063D807: readLock RELEASED 1 by SegmentedRaftLogCache$LogSegmentList.isEmpty
2022-08-08 17:04:51,590 [s2@group-B24AF063D807->s1-LogAppenderDefault-LogAppenderDaemon] TRACE segmented.SegmentedRaftLogCache (AutoCloseableReadWriteLock.java:logLocking(65)) - s2@group-B24AF063D807: readLock RELEASED 0 by SegmentedRaftLogCache.getStartIndex
2022-08-08 17:04:51,593 [s0-server-thread1] TRACE segmented.SegmentedRaftLogCache (AutoCloseableReadWriteLock.java:logLocking(65)) - s0@group-B24AF063D807: readLock ACQUIRED 1 by SegmentedRaftLogCache.getLastTermIndex
2022-08-08 17:04:51,593 [s0-server-thread1] TRACE segmented.SegmentedRaftLogCache (AutoCloseableReadWriteLock.java:logLocking(65)) -   s0@group-B24AF063D807: readLock ACQUIRED 2 by SegmentedRaftLogCache$LogSegmentList.isEmpty
2022-08-08 17:04:51,593 [Thread-469] INFO  server.RaftServer$Division (ServerState.java:setLeader(313)) - s1@group-B24AF063D807: change Leader from null to s2 at term 1 for appendEntries, leader elected after 217ms
2022-08-08 17:04:51,593 [s0-server-thread1] TRACE segmented.SegmentedRaftLogCache (AutoCloseableReadWriteLock.java:logLocking(65)) -   s0@group-B24AF063D807: readLock RELEASED 1 by SegmentedRaftLogCache$LogSegmentList.isEmpty
2022-08-08 17:04:51,593 [s0-server-thread1] TRACE segmented.SegmentedRaftLogCache (AutoCloseableReadWriteLock.java:logLocking(65)) - s0@group-B24AF063D807: readLock RELEASED 0 by SegmentedRaftLogCache.getLastTermIndex
2022-08-08 17:04:51,593 [s2@group-B24AF063D807->s0-LogAppenderDefault-LogAppenderDaemon] TRACE segmented.SegmentedRaftLogCache (AutoCloseableReadWriteLock.java:logLocking(65)) - s2@group-B24AF063D807: readLock ACQUIRED 1 by SegmentedRaftLogCache.getLastTermIndex
2022-08-08 17:04:51,593 [s2@group-B24AF063D807->s0-LogAppenderDefault-LogAppenderDaemon] TRACE segmented.SegmentedRaftLogCache (AutoCloseableReadWriteLock.java:logLocking(65)) - s2@group-B24AF063D807: readLock RELEASED 0 by SegmentedRaftLogCache.getLastTermIndex
2022-08-08 17:04:51,593 [s1-server-thread1] TRACE segmented.SegmentedRaftLogCache (AutoCloseableReadWriteLock.java:logLocking(65)) - s1@group-B24AF063D807: readLock ACQUIRED 1 by SegmentedRaftLogCache.getLastTermIndex
2022-08-08 17:04:51,593 [s2@group-B24AF063D807->s0-LogAppenderDefault-LogAppenderDaemon] TRACE segmented.SegmentedRaftLogCache (AutoCloseableReadWriteLock.java:logLocking(65)) - s2@group-B24AF063D807: readLock ACQUIRED 1 by SegmentedRaftLogCache.getLastTermIndex
2022-08-08 17:04:51,594 [s2@group-B24AF063D807->s0-LogAppenderDefault-LogAppenderDaemon] TRACE segmented.SegmentedRaftLogCache (AutoCloseableReadWriteLock.java:logLocking(65)) - s2@group-B24AF063D807: readLock RELEASED 0 by SegmentedRaftLogCache.getLastTermIndex
2022-08-08 17:04:51,594 [s1-server-thread1] TRACE segmented.SegmentedRaftLogCache (AutoCloseableReadWriteLock.java:logLocking(65)) -   s1@group-B24AF063D807: readLock ACQUIRED 2 by SegmentedRaftLogCache$LogSegmentList.isEmpty
2022-08-08 17:04:51,594 [s1-server-thread1] TRACE segmented.SegmentedRaftLogCache (AutoCloseableReadWriteLock.java:logLocking(65)) -   s1@group-B24AF063D807: readLock RELEASED 1 by SegmentedRaftLogCache$LogSegmentList.isEmpty
2022-08-08 17:04:51,594 [s1-server-thread1] TRACE segmented.SegmentedRaftLogCache (AutoCloseableReadWriteLock.java:logLocking(65)) - s1@group-B24AF063D807: readLock RELEASED 0 by SegmentedRaftLogCache.getLastTermIndex
2022-08-08 17:04:51,594 [s2@group-B24AF063D807->s0-LogAppenderDefault-LogAppenderDaemon] TRACE segmented.SegmentedRaftLogCache (AutoCloseableReadWriteLock.java:logLocking(65)) - s2@group-B24AF063D807: readLock ACQUIRED 1 by SegmentedRaftLogCache.getLastTermIndex
2022-08-08 17:04:51,594 [s2@group-B24AF063D807->s0-LogAppenderDefault-LogAppenderDaemon] TRACE segmented.SegmentedRaftLogCache (AutoCloseableReadWriteLock.java:logLocking(65)) - s2@group-B24AF063D807: readLock RELEASED 0 by SegmentedRaftLogCache.getLastTermIndex
2022-08-08 17:04:51,594 [s2@group-B24AF063D807->s0-LogAppenderDefault-LogAppenderDaemon] TRACE segmented.SegmentedRaftLogCache (AutoCloseableReadWriteLock.java:logLocking(65)) - s2@group-B24AF063D807: readLock ACQUIRED 1 by SegmentedRaftLogCache.getStartIndex
2022-08-08 17:04:51,594 [s2@group-B24AF063D807->s0-LogAppenderDefault-LogAppenderDaemon] TRACE segmented.SegmentedRaftLogCache (AutoCloseableReadWriteLock.java:logLocking(65)) -   s2@group-B24AF063D807: readLock ACQUIRED 2 by SegmentedRaftLogCache$LogSegmentList.isEmpty
2022-08-08 17:04:51,594 [s2@group-B24AF063D807->s0-LogAppenderDefault-LogAppenderDaemon] TRACE segmented.SegmentedRaftLogCache (AutoCloseableReadWriteLock.java:logLocking(65)) -   s2@group-B24AF063D807: readLock RELEASED 1 by SegmentedRaftLogCache$LogSegmentList.isEmpty
2022-08-08 17:04:51,594 [s2@group-B24AF063D807->s0-LogAppenderDefault-LogAppenderDaemon] TRACE segmented.SegmentedRaftLogCache (AutoCloseableReadWriteLock.java:logLocking(65)) - s2@group-B24AF063D807: readLock RELEASED 0 by SegmentedRaftLogCache.getStartIndex
2022-08-08 17:04:51,594 [s2@group-B24AF063D807->s0-LogAppenderDefault-LogAppenderDaemon] TRACE segmented.SegmentedRaftLogCache (AutoCloseableReadWriteLock.java:logLocking(65)) - s2@group-B24AF063D807: readLock ACQUIRED 1 by SegmentedRaftLogCache.getLastTermIndex
2022-08-08 17:04:51,594 [s2@group-B24AF063D807->s0-LogAppenderDefault-LogAppenderDaemon] TRACE segmented.SegmentedRaftLogCache (AutoCloseableReadWriteLock.java:logLocking(65)) - s2@group-B24AF063D807: readLock RELEASED 0 by SegmentedRaftLogCache.getLastTermIndex
2022-08-08 17:04:51,594 [s2@group-B24AF063D807->s1-LogAppenderDefault-LogAppenderDaemon] TRACE segmented.SegmentedRaftLogCache (AutoCloseableReadWriteLock.java:logLocking(65)) - s2@group-B24AF063D807: readLock ACQUIRED 1 by SegmentedRaftLogCache.getLastTermIndex
2022-08-08 17:04:51,594 [s2@group-B24AF063D807->s1-LogAppenderDefault-LogAppenderDaemon] TRACE segmented.SegmentedRaftLogCache (AutoCloseableReadWriteLock.java:logLocking(65)) - s2@group-B24AF063D807: readLock RELEASED 0 by SegmentedRaftLogCache.getLastTermIndex
2022-08-08 17:04:51,594 [s2@group-B24AF063D807->s1-LogAppenderDefault-LogAppenderDaemon] TRACE segmented.SegmentedRaftLogCache (AutoCloseableReadWriteLock.java:logLocking(65)) - s2@group-B24AF063D807: readLock ACQUIRED 1 by SegmentedRaftLogCache.getLastTermIndex
2022-08-08 17:04:51,594 [s2@group-B24AF063D807->s1-LogAppenderDefault-LogAppenderDaemon] TRACE segmented.SegmentedRaftLogCache (AutoCloseableReadWriteLock.java:logLocking(65)) - s2@group-B24AF063D807: readLock RELEASED 0 by SegmentedRaftLogCache.getLastTermIndex
2022-08-08 17:04:51,594 [s2@group-B24AF063D807->s1-LogAppenderDefault-LogAppenderDaemon] TRACE segmented.SegmentedRaftLogCache (AutoCloseableReadWriteLock.java:logLocking(65)) - s2@group-B24AF063D807: readLock ACQUIRED 1 by SegmentedRaftLogCache.getLastTermIndex
2022-08-08 17:04:51,594 [Thread-460] INFO  server.RaftServer$Division (ServerState.java:setRaftConf(429)) - s0@group-B24AF063D807: set configuration 0: peers:[s0|rpc:localhost:44329|admin:localhost:44721|client:localhost:39371|dataStream:localhost:42645|priority:0|startupRole:FOLLOWER, s1|rpc:localhost:41361|admin:localhost:40185|client:localhost:33019|dataStream:localhost:39869|priority:0|startupRole:FOLLOWER, s2|rpc:localhost:38737|admin:localhost:36401|client:localhost:33787|dataStream:localhost:36623|priority:0|startupRole:FOLLOWER]|listeners:[], old=null
2022-08-08 17:04:51,594 [s2@group-B24AF063D807->s1-LogAppenderDefault-LogAppenderDaemon] TRACE segmented.SegmentedRaftLogCache (AutoCloseableReadWriteLock.java:logLocking(65)) - s2@group-B24AF063D807: readLock RELEASED 0 by SegmentedRaftLogCache.getLastTermIndex
2022-08-08 17:04:51,594 [Thread-460] TRACE segmented.SegmentedRaftLogCache (AutoCloseableReadWriteLock.java:logLocking(65)) - s0@group-B24AF063D807: readLock ACQUIRED 1 by SegmentedRaftLogCache.computeTruncateIndices
2022-08-08 17:04:51,594 [s2@group-B24AF063D807->s1-LogAppenderDefault-LogAppenderDaemon] TRACE segmented.SegmentedRaftLogCache (AutoCloseableReadWriteLock.java:logLocking(65)) - s2@group-B24AF063D807: readLock ACQUIRED 1 by SegmentedRaftLogCache.getStartIndex
2022-08-08 17:04:51,595 [Thread-460] TRACE segmented.SegmentedRaftLogCache (AutoCloseableReadWriteLock.java:logLocking(65)) -   s0@group-B24AF063D807: readLock ACQUIRED 2 by SegmentedRaftLogCache$LogSegmentList.binarySearch
2022-08-08 17:04:51,595 [s2@group-B24AF063D807->s1-LogAppenderDefault-LogAppenderDaemon] TRACE segmented.SegmentedRaftLogCache (AutoCloseableReadWriteLock.java:logLocking(65)) -   s2@group-B24AF063D807: readLock ACQUIRED 2 by SegmentedRaftLogCache$LogSegmentList.isEmpty
2022-08-08 17:04:51,595 [s2@group-B24AF063D807->s1-LogAppenderDefault-LogAppenderDaemon] TRACE segmented.SegmentedRaftLogCache (AutoCloseableReadWriteLock.java:logLocking(65)) -   s2@group-B24AF063D807: readLock RELEASED 1 by SegmentedRaftLogCache$LogSegmentList.isEmpty
2022-08-08 17:04:51,595 [s2@group-B24AF063D807->s1-LogAppenderDefault-LogAppenderDaemon] TRACE segmented.SegmentedRaftLogCache (AutoCloseableReadWriteLock.java:logLocking(65)) - s2@group-B24AF063D807: readLock RELEASED 0 by SegmentedRaftLogCache.getStartIndex
2022-08-08 17:04:51,595 [s2@group-B24AF063D807->s1-LogAppenderDefault-LogAppenderDaemon] TRACE segmented.SegmentedRaftLogCache (AutoCloseableReadWriteLock.java:logLocking(65)) - s2@group-B24AF063D807: readLock ACQUIRED 1 by SegmentedRaftLogCache.getLastTermIndex
2022-08-08 17:04:51,595 [s2@group-B24AF063D807->s1-LogAppenderDefault-LogAppenderDaemon] TRACE segmented.SegmentedRaftLogCache (AutoCloseableReadWriteLock.java:logLocking(65)) - s2@group-B24AF063D807: readLock RELEASED 0 by SegmentedRaftLogCache.getLastTermIndex
2022-08-08 17:04:51,596 [Thread-467] INFO  server.RaftServer$Division (ServerState.java:setRaftConf(429)) - s1@group-B24AF063D807: set configuration 0: peers:[s0|rpc:localhost:44329|admin:localhost:44721|client:localhost:39371|dataStream:localhost:42645|priority:0|startupRole:FOLLOWER, s1|rpc:localhost:41361|admin:localhost:40185|client:localhost:33019|dataStream:localhost:39869|priority:0|startupRole:FOLLOWER, s2|rpc:localhost:38737|admin:localhost:36401|client:localhost:33787|dataStream:localhost:36623|priority:0|startupRole:FOLLOWER]|listeners:[], old=null
2022-08-08 17:04:51,596 [Thread-467] TRACE segmented.SegmentedRaftLogCache (AutoCloseableReadWriteLock.java:logLocking(65)) - s1@group-B24AF063D807: readLock ACQUIRED 1 by SegmentedRaftLogCache.computeTruncateIndices
2022-08-08 17:04:51,596 [Thread-467] TRACE segmented.SegmentedRaftLogCache (AutoCloseableReadWriteLock.java:logLocking(65)) -   s1@group-B24AF063D807: readLock ACQUIRED 2 by SegmentedRaftLogCache$LogSegmentList.binarySearch
2022-08-08 17:04:51,596 [Thread-467] TRACE segmented.SegmentedRaftLogCache (AutoCloseableReadWriteLock.java:logLocking(65)) -   s1@group-B24AF063D807: readLock RELEASED 1 by SegmentedRaftLogCache$LogSegmentList.binarySearch
2022-08-08 17:04:51,596 [Thread-467] TRACE segmented.SegmentedRaftLogCache (AutoCloseableReadWriteLock.java:logLocking(65)) -   s1@group-B24AF063D807: readLock ACQUIRED 2 by SegmentedRaftLogCache$LogSegmentList.size
2022-08-08 17:04:51,596 [Thread-467] TRACE segmented.SegmentedRaftLogCache (AutoCloseableReadWriteLock.java:logLocking(65)) -   s1@group-B24AF063D807: readLock RELEASED 1 by SegmentedRaftLogCache$LogSegmentList.size
2022-08-08 17:04:51,596 [Thread-467] TRACE segmented.SegmentedRaftLogCache (AutoCloseableReadWriteLock.java:logLocking(65)) - s1@group-B24AF063D807: readLock RELEASED 0 by SegmentedRaftLogCache.computeTruncateIndices
2022-08-08 17:04:51,596 [Thread-467] DEBUG raftlog.RaftLog (SegmentedRaftLog.java:appendImpl(447)) - truncateIndex=-1, arrayIndex=0
2022-08-08 17:04:51,596 [Thread-467] TRACE segmented.SegmentedRaftLogCache (AutoCloseableReadWriteLock.java:logLocking(65)) - s1@group-B24AF063D807: readLock ACQUIRED 1 by SegmentedRaftLogCache.getLastTermIndex
2022-08-08 17:04:51,596 [Thread-467] TRACE segmented.SegmentedRaftLogCache (AutoCloseableReadWriteLock.java:logLocking(65)) -   s1@group-B24AF063D807: readLock ACQUIRED 2 by SegmentedRaftLogCache$LogSegmentList.isEmpty
2022-08-08 17:04:51,596 [Thread-467] TRACE segmented.SegmentedRaftLogCache (AutoCloseableReadWriteLock.java:logLocking(65)) -   s1@group-B24AF063D807: readLock RELEASED 1 by SegmentedRaftLogCache$LogSegmentList.isEmpty
2022-08-08 17:04:51,596 [Thread-467] TRACE segmented.SegmentedRaftLogCache (AutoCloseableReadWriteLock.java:logLocking(65)) - s1@group-B24AF063D807: readLock RELEASED 0 by SegmentedRaftLogCache.getLastTermIndex
2022-08-08 17:04:51,596 [Thread-467] TRACE segmented.SegmentedRaftLogCache (SegmentedRaftLogCache.java:setOpenSegment(450)) - s1@group-B24AF063D807-SegmentedRaftLogCache: setOpenSegment to log_inprogress_0
2022-08-08 17:04:51,596 [Thread-467] INFO  segmented.SegmentedRaftLogWorker (SegmentedRaftLogWorker.java:startLogSegment(425)) - s1@group-B24AF063D807-SegmentedRaftLogWorker: Starting segment from index:0
2022-08-08 17:04:51,596 [Thread-467] DEBUG segmented.SegmentedRaftLogWorker (SegmentedRaftLogWorker.java:addIOTask(270)) - s1@group-B24AF063D807-SegmentedRaftLogWorker adds IO task StartLogSegment:0
2022-08-08 17:04:51,596 [Thread-467] TRACE segmented.SegmentedRaftLogCache (AutoCloseableReadWriteLock.java:logLocking(65)) - s1@group-B24AF063D807: readLock ACQUIRED 1 by SegmentedRaftLogCache$LogSegmentList.countCached
2022-08-08 17:04:51,596 [Thread-467] TRACE segmented.SegmentedRaftLogCache (AutoCloseableReadWriteLock.java:logLocking(65)) - s1@group-B24AF063D807: readLock RELEASED 0 by SegmentedRaftLogCache$LogSegmentList.countCached
2022-08-08 17:04:51,596 [Thread-467] TRACE segmented.SegmentedRaftLogCache (AutoCloseableReadWriteLock.java:logLocking(65)) - s1@group-B24AF063D807: readLock ACQUIRED 1 by SegmentedRaftLogCache$LogSegmentList.getTotalCacheSize
2022-08-08 17:04:51,596 [Thread-467] TRACE segmented.SegmentedRaftLogCache (AutoCloseableReadWriteLock.java:logLocking(65)) - s1@group-B24AF063D807: readLock RELEASED 0 by SegmentedRaftLogCache$LogSegmentList.getTotalCacheSize
2022-08-08 17:04:51,597 [Thread-467] DEBUG segmented.SegmentedRaftLogWorker (SegmentedRaftLogWorker.java:addIOTask(270)) - s1@group-B24AF063D807-SegmentedRaftLogWorker adds IO task WriteLog:0: (t:1, i:0), CONFIGURATIONENTRY(current:id: "s0"
address: "localhost:44329"
dataStreamAddress: "localhost:42645"
clientAddress: "localhost:39371"
adminAddress: "localhost:44721"
startupRole: FOLLOWER
,id: "s1"
address: "localhost:41361"
dataStreamAddress: "localhost:39869"
clientAddress: "localhost:33019"
adminAddress: "localhost:40185"
startupRole: FOLLOWER
,id: "s2"
address: "localhost:38737"
dataStreamAddress: "localhost:36623"
clientAddress: "localhost:33787"
adminAddress: "localhost:36401"
startupRole: FOLLOWER
, old:)
2022-08-08 17:04:51,595 [Thread-460] TRACE segmented.SegmentedRaftLogCache (AutoCloseableReadWriteLock.java:logLocking(65)) -   s0@group-B24AF063D807: readLock RELEASED 1 by SegmentedRaftLogCache$LogSegmentList.binarySearch
2022-08-08 17:04:51,597 [Thread-460] TRACE segmented.SegmentedRaftLogCache (AutoCloseableReadWriteLock.java:logLocking(65)) -   s0@group-B24AF063D807: readLock ACQUIRED 2 by SegmentedRaftLogCache$LogSegmentList.size
2022-08-08 17:04:51,597 [Thread-460] TRACE segmented.SegmentedRaftLogCache (AutoCloseableReadWriteLock.java:logLocking(65)) -   s0@group-B24AF063D807: readLock RELEASED 1 by SegmentedRaftLogCache$LogSegmentList.size
2022-08-08 17:04:51,597 [Thread-460] TRACE segmented.SegmentedRaftLogCache (AutoCloseableReadWriteLock.java:logLocking(65)) - s0@group-B24AF063D807: readLock RELEASED 0 by SegmentedRaftLogCache.computeTruncateIndices
2022-08-08 17:04:51,597 [s1@group-B24AF063D807-SegmentedRaftLogWorker] INFO  segmented.SegmentedRaftLogWorker (SegmentedRaftLogWorker.java:execute(629)) - s1@group-B24AF063D807-SegmentedRaftLogWorker: created new log segment /home/runner/work/ratis/ratis/ratis-test/target/test/data/b051e71b/MiniRaftClusterWithSimulatedRpc1ec78f08/s1/0d1e7fc9-4c77-451a-91df-b24af063d807/current/log_inprogress_0
2022-08-08 17:04:51,598 [s1@group-B24AF063D807-SegmentedRaftLogWorker] DEBUG segmented.SegmentedRaftLogWorker (SegmentedRaftLogWorker.java:flushIfNecessary(365)) - s1@group-B24AF063D807-SegmentedRaftLogWorker: flush SegmentedRaftLogOutputStream(/home/runner/work/ratis/ratis/ratis-test/target/test/data/b051e71b/MiniRaftClusterWithSimulatedRpc1ec78f08/s1/0d1e7fc9-4c77-451a-91df-b24af063d807/current/log_inprogress_0)
2022-08-08 17:04:51,598 [Thread-460] DEBUG raftlog.RaftLog (SegmentedRaftLog.java:appendImpl(447)) - truncateIndex=-1, arrayIndex=0
2022-08-08 17:04:51,598 [Thread-460] TRACE segmented.SegmentedRaftLogCache (AutoCloseableReadWriteLock.java:logLocking(65)) - s0@group-B24AF063D807: readLock ACQUIRED 1 by SegmentedRaftLogCache.getLastTermIndex
2022-08-08 17:04:51,598 [Thread-460] TRACE segmented.SegmentedRaftLogCache (AutoCloseableReadWriteLock.java:logLocking(65)) -   s0@group-B24AF063D807: readLock ACQUIRED 2 by SegmentedRaftLogCache$LogSegmentList.isEmpty
2022-08-08 17:04:51,598 [Thread-460] TRACE segmented.SegmentedRaftLogCache (AutoCloseableReadWriteLock.java:logLocking(65)) -   s0@group-B24AF063D807: readLock RELEASED 1 by SegmentedRaftLogCache$LogSegmentList.isEmpty
2022-08-08 17:04:51,598 [Thread-460] TRACE segmented.SegmentedRaftLogCache (AutoCloseableReadWriteLock.java:logLocking(65)) - s0@group-B24AF063D807: readLock RELEASED 0 by SegmentedRaftLogCache.getLastTermIndex
2022-08-08 17:04:51,598 [Thread-460] TRACE segmented.SegmentedRaftLogCache (SegmentedRaftLogCache.java:setOpenSegment(450)) - s0@group-B24AF063D807-SegmentedRaftLogCache: setOpenSegment to log_inprogress_0
2022-08-08 17:04:51,598 [Thread-460] INFO  segmented.SegmentedRaftLogWorker (SegmentedRaftLogWorker.java:startLogSegment(425)) - s0@group-B24AF063D807-SegmentedRaftLogWorker: Starting segment from index:0
2022-08-08 17:04:51,598 [Thread-460] DEBUG segmented.SegmentedRaftLogWorker (SegmentedRaftLogWorker.java:addIOTask(270)) - s0@group-B24AF063D807-SegmentedRaftLogWorker adds IO task StartLogSegment:0
2022-08-08 17:04:51,598 [Thread-460] TRACE segmented.SegmentedRaftLogCache (AutoCloseableReadWriteLock.java:logLocking(65)) - s0@group-B24AF063D807: readLock ACQUIRED 1 by SegmentedRaftLogCache$LogSegmentList.countCached
2022-08-08 17:04:51,598 [Thread-460] TRACE segmented.SegmentedRaftLogCache (AutoCloseableReadWriteLock.java:logLocking(65)) - s0@group-B24AF063D807: readLock RELEASED 0 by SegmentedRaftLogCache$LogSegmentList.countCached
2022-08-08 17:04:51,598 [Thread-460] TRACE segmented.SegmentedRaftLogCache (AutoCloseableReadWriteLock.java:logLocking(65)) - s0@group-B24AF063D807: readLock ACQUIRED 1 by SegmentedRaftLogCache$LogSegmentList.getTotalCacheSize
2022-08-08 17:04:51,598 [Thread-460] TRACE segmented.SegmentedRaftLogCache (AutoCloseableReadWriteLock.java:logLocking(65)) - s0@group-B24AF063D807: readLock RELEASED 0 by SegmentedRaftLogCache$LogSegmentList.getTotalCacheSize
2022-08-08 17:04:51,599 [s0@group-B24AF063D807-SegmentedRaftLogWorker] INFO  segmented.SegmentedRaftLogWorker (SegmentedRaftLogWorker.java:execute(629)) - s0@group-B24AF063D807-SegmentedRaftLogWorker: created new log segment /home/runner/work/ratis/ratis/ratis-test/target/test/data/b051e71b/MiniRaftClusterWithSimulatedRpc1ec78f08/s0/0d1e7fc9-4c77-451a-91df-b24af063d807/current/log_inprogress_0
2022-08-08 17:04:51,599 [Thread-460] DEBUG segmented.SegmentedRaftLogWorker (SegmentedRaftLogWorker.java:addIOTask(270)) - s0@group-B24AF063D807-SegmentedRaftLogWorker adds IO task WriteLog:0: (t:1, i:0), CONFIGURATIONENTRY(current:id: "s0"
address: "localhost:44329"
dataStreamAddress: "localhost:42645"
clientAddress: "localhost:39371"
adminAddress: "localhost:44721"
startupRole: FOLLOWER
,id: "s1"
address: "localhost:41361"
dataStreamAddress: "localhost:39869"
clientAddress: "localhost:33019"
adminAddress: "localhost:40185"
startupRole: FOLLOWER
,id: "s2"
address: "localhost:38737"
dataStreamAddress: "localhost:36623"
clientAddress: "localhost:33787"
adminAddress: "localhost:36401"
startupRole: FOLLOWER
, old:)
2022-08-08 17:04:51,599 [s0@group-B24AF063D807-SegmentedRaftLogWorker] DEBUG segmented.SegmentedRaftLogWorker (SegmentedRaftLogWorker.java:flushIfNecessary(365)) - s0@group-B24AF063D807-SegmentedRaftLogWorker: flush SegmentedRaftLogOutputStream(/home/runner/work/ratis/ratis/ratis-test/target/test/data/b051e71b/MiniRaftClusterWithSimulatedRpc1ec78f08/s0/0d1e7fc9-4c77-451a-91df-b24af063d807/current/log_inprogress_0)
2022-08-08 17:04:51,600 [s2@group-B24AF063D807->s0-LogAppenderDefault-LogAppenderDaemon] TRACE segmented.SegmentedRaftLogCache (AutoCloseableReadWriteLock.java:logLocking(65)) - s2@group-B24AF063D807: readLock ACQUIRED 1 by SegmentedRaftLogCache.getLastTermIndex
2022-08-08 17:04:51,600 [s2@group-B24AF063D807->s0-LogAppenderDefault-LogAppenderDaemon] TRACE segmented.SegmentedRaftLogCache (AutoCloseableReadWriteLock.java:logLocking(65)) - s2@group-B24AF063D807: readLock RELEASED 0 by SegmentedRaftLogCache.getLastTermIndex
2022-08-08 17:04:51,600 [s2@group-B24AF063D807->s1-LogAppenderDefault-LogAppenderDaemon] TRACE segmented.SegmentedRaftLogCache (AutoCloseableReadWriteLock.java:logLocking(65)) - s2@group-B24AF063D807: readLock ACQUIRED 1 by SegmentedRaftLogCache.getLastTermIndex
2022-08-08 17:04:51,600 [s2@group-B24AF063D807->s1-LogAppenderDefault-LogAppenderDaemon] TRACE segmented.SegmentedRaftLogCache (AutoCloseableReadWriteLock.java:logLocking(65)) -   s2@group-B24AF063D807: readLock RELEASED 1 by SegmentedRaftLogCache.getLastTermIndex
2022-08-08 17:04:51,600 [s2@group-B24AF063D807->s0-LogAppenderDefault-LogAppenderDaemon] TRACE segmented.SegmentedRaftLogCache (AutoCloseableReadWriteLock.java:logLocking(65)) -   s2@group-B24AF063D807: readLock ACQUIRED 2 by SegmentedRaftLogCache.getLastTermIndex
2022-08-08 17:04:51,600 [s2@group-B24AF063D807->s0-LogAppenderDefault-LogAppenderDaemon] TRACE segmented.SegmentedRaftLogCache (AutoCloseableReadWriteLock.java:logLocking(65)) - s2@group-B24AF063D807: readLock RELEASED 0 by SegmentedRaftLogCache.getLastTermIndex
2022-08-08 17:04:51,601 [s2@group-B24AF063D807->s0-LogAppenderDefault-LogAppenderDaemon] TRACE segmented.SegmentedRaftLogCache (AutoCloseableReadWriteLock.java:logLocking(65)) - s2@group-B24AF063D807: readLock ACQUIRED 1 by SegmentedRaftLogCache.getLastTermIndex
2022-08-08 17:04:51,601 [s2@group-B24AF063D807->s0-LogAppenderDefault-LogAppenderDaemon] TRACE segmented.SegmentedRaftLogCache (AutoCloseableReadWriteLock.java:logLocking(65)) - s2@group-B24AF063D807: readLock RELEASED 0 by SegmentedRaftLogCache.getLastTermIndex
2022-08-08 17:04:51,676 [s2@group-B24AF063D807->s1-LogAppenderDefault-LogAppenderDaemon] TRACE segmented.SegmentedRaftLogCache (AutoCloseableReadWriteLock.java:logLocking(65)) - s2@group-B24AF063D807: readLock ACQUIRED 1 by SegmentedRaftLogCache.getLastTermIndex
2022-08-08 17:04:51,676 [s2@group-B24AF063D807->s1-LogAppenderDefault-LogAppenderDaemon] TRACE segmented.SegmentedRaftLogCache (AutoCloseableReadWriteLock.java:logLocking(65)) - s2@group-B24AF063D807: readLock RELEASED 0 by SegmentedRaftLogCache.getLastTermIndex
2022-08-08 17:04:51,676 [s2@group-B24AF063D807->s1-LogAppenderDefault-LogAppenderDaemon] TRACE segmented.SegmentedRaftLogCache (AutoCloseableReadWriteLock.java:logLocking(65)) - s2@group-B24AF063D807: readLock ACQUIRED 1 by SegmentedRaftLogCache.getLastTermIndex
2022-08-08 17:04:51,676 [s2@group-B24AF063D807->s1-LogAppenderDefault-LogAppenderDaemon] TRACE segmented.SegmentedRaftLogCache (AutoCloseableReadWriteLock.java:logLocking(65)) - s2@group-B24AF063D807: readLock RELEASED 0 by SegmentedRaftLogCache.getLastTermIndex
2022-08-08 17:04:51,677 [s2@group-B24AF063D807->s0-LogAppenderDefault-LogAppenderDaemon] TRACE segmented.SegmentedRaftLogCache (AutoCloseableReadWriteLock.java:logLocking(65)) - s2@group-B24AF063D807: readLock ACQUIRED 1 by SegmentedRaftLogCache.getLastTermIndex
2022-08-08 17:04:51,677 [s2@group-B24AF063D807->s0-LogAppenderDefault-LogAppenderDaemon] TRACE segmented.SegmentedRaftLogCache (AutoCloseableReadWriteLock.java:logLocking(65)) - s2@group-B24AF063D807: readLock RELEASED 0 by SegmentedRaftLogCache.getLastTermIndex
2022-08-08 17:04:51,677 [s2@group-B24AF063D807->s0-LogAppenderDefault-LogAppenderDaemon] TRACE segmented.SegmentedRaftLogCache (AutoCloseableReadWriteLock.java:logLocking(65)) - s2@group-B24AF063D807: readLock ACQUIRED 1 by SegmentedRaftLogCache.getLastTermIndex
2022-08-08 17:04:51,677 [s2@group-B24AF063D807->s0-LogAppenderDefault-LogAppenderDaemon] TRACE segmented.SegmentedRaftLogCache (AutoCloseableReadWriteLock.java:logLocking(65)) - s2@group-B24AF063D807: readLock RELEASED 0 by SegmentedRaftLogCache.getLastTermIndex
2022-08-08 17:04:51,677 [s0-server-thread1] TRACE segmented.SegmentedRaftLogCache (AutoCloseableReadWriteLock.java:logLocking(65)) - s0@group-B24AF063D807: readLock ACQUIRED 1 by SegmentedRaftLogCache.getLastTermIndex
2022-08-08 17:04:51,677 [s0-server-thread1] TRACE segmented.SegmentedRaftLogCache (AutoCloseableReadWriteLock.java:logLocking(65)) - s0@group-B24AF063D807: readLock RELEASED 0 by SegmentedRaftLogCache.getLastTermIndex
2022-08-08 17:04:51,677 [s2@group-B24AF063D807->s0-LogAppenderDefault-LogAppenderDaemon] TRACE segmented.SegmentedRaftLogCache (AutoCloseableReadWriteLock.java:logLocking(65)) - s2@group-B24AF063D807: readLock ACQUIRED 1 by SegmentedRaftLogCache.getLastTermIndex
2022-08-08 17:04:51,677 [s2@group-B24AF063D807->s0-LogAppenderDefault-LogAppenderDaemon] TRACE segmented.SegmentedRaftLogCache (AutoCloseableReadWriteLock.java:logLocking(65)) - s2@group-B24AF063D807: readLock RELEASED 0 by SegmentedRaftLogCache.getLastTermIndex
2022-08-08 17:04:51,677 [s1-server-thread1] TRACE segmented.SegmentedRaftLogCache (AutoCloseableReadWriteLock.java:logLocking(65)) - s1@group-B24AF063D807: readLock ACQUIRED 1 by SegmentedRaftLogCache.getLastTermIndex
2022-08-08 17:04:51,678 [s1-server-thread1] TRACE segmented.SegmentedRaftLogCache (AutoCloseableReadWriteLock.java:logLocking(65)) - s1@group-B24AF063D807: readLock RELEASED 0 by SegmentedRaftLogCache.getLastTermIndex
2022-08-08 17:04:51,678 [s2@group-B24AF063D807->s1-LogAppenderDefault-LogAppenderDaemon] TRACE segmented.SegmentedRaftLogCache (AutoCloseableReadWriteLock.java:logLocking(65)) - s2@group-B24AF063D807: readLock ACQUIRED 1 by SegmentedRaftLogCache.getLastTermIndex
2022-08-08 17:04:51,678 [s2@group-B24AF063D807->s1-LogAppenderDefault-LogAppenderDaemon] TRACE segmented.SegmentedRaftLogCache (AutoCloseableReadWriteLock.java:logLocking(65)) - s2@group-B24AF063D807: readLock RELEASED 0 by SegmentedRaftLogCache.getLastTermIndex
2022-08-08 17:04:51,753 [s2@group-B24AF063D807->s0-LogAppenderDefault-LogAppenderDaemon] TRACE segmented.SegmentedRaftLogCache (AutoCloseableReadWriteLock.java:logLocking(65)) - s2@group-B24AF063D807: readLock ACQUIRED 1 by SegmentedRaftLogCache.getLastTermIndex
2022-08-08 17:04:51,753 [s2@group-B24AF063D807->s0-LogAppenderDefault-LogAppenderDaemon] TRACE segmented.SegmentedRaftLogCache (AutoCloseableReadWriteLock.java:logLocking(65)) - s2@group-B24AF063D807: readLock RELEASED 0 by SegmentedRaftLogCache.getLastTermIndex
2022-08-08 17:04:51,753 [s2@group-B24AF063D807->s1-LogAppenderDefault-LogAppenderDaemon] TRACE segmented.SegmentedRaftLogCache (AutoCloseableReadWriteLock.java:logLocking(65)) - s2@group-B24AF063D807: readLock ACQUIRED 1 by SegmentedRaftLogCache.getLastTermIndex
2022-08-08 17:04:51,753 [s2@group-B24AF063D807->s1-LogAppenderDefault-LogAppenderDaemon] TRACE segmented.SegmentedRaftLogCache (AutoCloseableReadWriteLock.java:logLocking(65)) -   s2@group-B24AF063D807: readLock RELEASED 1 by SegmentedRaftLogCache.getLastTermIndex
2022-08-08 17:04:51,753 [s2@group-B24AF063D807->s1-LogAppenderDefault-LogAppenderDaemon] TRACE segmented.SegmentedRaftLogCache (AutoCloseableReadWriteLock.java:logLocking(65)) -   s2@group-B24AF063D807: readLock ACQUIRED 2 by SegmentedRaftLogCache.getLastTermIndex
2022-08-08 17:04:51,753 [s2@group-B24AF063D807->s1-LogAppenderDefault-LogAppenderDaemon] TRACE segmented.SegmentedRaftLogCache (AutoCloseableReadWriteLock.java:logLocking(65)) -   s2@group-B24AF063D807: readLock RELEASED 1 by SegmentedRaftLogCache.getLastTermIndex
2022-08-08 17:04:51,753 [s2@group-B24AF063D807->s0-LogAppenderDefault-LogAppenderDaemon] TRACE segmented.SegmentedRaftLogCache (AutoCloseableReadWriteLock.java:logLocking(65)) -   s2@group-B24AF063D807: readLock ACQUIRED 2 by SegmentedRaftLogCache.getLastTermIndex
2022-08-08 17:04:51,754 [s2@group-B24AF063D807->s0-LogAppenderDefault-LogAppenderDaemon] TRACE segmented.SegmentedRaftLogCache (AutoCloseableReadWriteLock.java:logLocking(65)) - s2@group-B24AF063D807: readLock RELEASED 0 by SegmentedRaftLogCache.getLastTermIndex
2022-08-08 17:04:51,754 [s1-server-thread1] TRACE segmented.SegmentedRaftLogCache (AutoCloseableReadWriteLock.java:logLocking(65)) - s1@group-B24AF063D807: readLock ACQUIRED 1 by SegmentedRaftLogCache.getLastTermIndex
2022-08-08 17:04:51,754 [s1-server-thread1] TRACE segmented.SegmentedRaftLogCache (AutoCloseableReadWriteLock.java:logLocking(65)) - s1@group-B24AF063D807: readLock RELEASED 0 by SegmentedRaftLogCache.getLastTermIndex
2022-08-08 17:04:51,754 [s2@group-B24AF063D807->s1-LogAppenderDefault-LogAppenderDaemon] TRACE segmented.SegmentedRaftLogCache (AutoCloseableReadWriteLock.java:logLocking(65)) - s2@group-B24AF063D807: readLock ACQUIRED 1 by SegmentedRaftLogCache.getLastTermIndex
2022-08-08 17:04:51,754 [s2@group-B24AF063D807->s1-LogAppenderDefault-LogAppenderDaemon] TRACE segmented.SegmentedRaftLogCache (AutoCloseableReadWriteLock.java:logLocking(65)) - s2@group-B24AF063D807: readLock RELEASED 0 by SegmentedRaftLogCache.getLastTermIndex
2022-08-08 17:04:51,755 [s0-server-thread1] TRACE segmented.SegmentedRaftLogCache (AutoCloseableReadWriteLock.java:logLocking(65)) - s0@group-B24AF063D807: readLock ACQUIRED 1 by SegmentedRaftLogCache.getLastTermIndex
2022-08-08 17:04:51,755 [s0-server-thread1] TRACE segmented.SegmentedRaftLogCache (AutoCloseableReadWriteLock.java:logLocking(65)) - s0@group-B24AF063D807: readLock RELEASED 0 by SegmentedRaftLogCache.getLastTermIndex
2022-08-08 17:04:51,755 [s2@group-B24AF063D807->s0-LogAppenderDefault-LogAppenderDaemon] TRACE segmented.SegmentedRaftLogCache (AutoCloseableReadWriteLock.java:logLocking(65)) - s2@group-B24AF063D807: readLock ACQUIRED 1 by SegmentedRaftLogCache.getLastTermIndex
2022-08-08 17:04:51,755 [s2@group-B24AF063D807->s0-LogAppenderDefault-LogAppenderDaemon] TRACE segmented.SegmentedRaftLogCache (AutoCloseableReadWriteLock.java:logLocking(65)) - s2@group-B24AF063D807: readLock RELEASED 0 by SegmentedRaftLogCache.getLastTermIndex
2022-08-08 17:04:51,830 [s2@group-B24AF063D807->s1-LogAppenderDefault-LogAppenderDaemon] TRACE segmented.SegmentedRaftLogCache (AutoCloseableReadWriteLock.java:logLocking(65)) - s2@group-B24AF063D807: readLock ACQUIRED 1 by SegmentedRaftLogCache.getLastTermIndex
2022-08-08 17:04:51,830 [s2@group-B24AF063D807->s1-LogAppenderDefault-LogAppenderDaemon] TRACE segmented.SegmentedRaftLogCache (AutoCloseableReadWriteLock.java:logLocking(65)) - s2@group-B24AF063D807: readLock RELEASED 0 by SegmentedRaftLogCache.getLastTermIndex
2022-08-08 17:04:51,830 [s2@group-B24AF063D807->s1-LogAppenderDefault-LogAppenderDaemon] TRACE segmented.SegmentedRaftLogCache (AutoCloseableReadWriteLock.java:logLocking(65)) - s2@group-B24AF063D807: readLock ACQUIRED 1 by SegmentedRaftLogCache.getLastTermIndex
2022-08-08 17:04:51,830 [s2@group-B24AF063D807->s1-LogAppenderDefault-LogAppenderDaemon] TRACE segmented.SegmentedRaftLogCache (AutoCloseableReadWriteLock.java:logLocking(65)) - s2@group-B24AF063D807: readLock RELEASED 0 by SegmentedRaftLogCache.getLastTermIndex
2022-08-08 17:04:51,830 [s2@group-B24AF063D807->s0-LogAppenderDefault-LogAppenderDaemon] TRACE segmented.SegmentedRaftLogCache (AutoCloseableReadWriteLock.java:logLocking(65)) - s2@group-B24AF063D807: readLock ACQUIRED 1 by SegmentedRaftLogCache.getLastTermIndex
2022-08-08 17:04:51,830 [s2@group-B24AF063D807->s0-LogAppenderDefault-LogAppenderDaemon] TRACE segmented.SegmentedRaftLogCache (AutoCloseableReadWriteLock.java:logLocking(65)) - s2@group-B24AF063D807: readLock RELEASED 0 by SegmentedRaftLogCache.getLastTermIndex
2022-08-08 17:04:51,830 [s2@group-B24AF063D807->s0-LogAppenderDefault-LogAppenderDaemon] TRACE segmented.SegmentedRaftLogCache (AutoCloseableReadWriteLock.java:logLocking(65)) - s2@group-B24AF063D807: readLock ACQUIRED 1 by SegmentedRaftLogCache.getLastTermIndex
2022-08-08 17:04:51,830 [s2@group-B24AF063D807->s0-LogAppenderDefault-LogAppenderDaemon] TRACE segmented.SegmentedRaftLogCache (AutoCloseableReadWriteLock.java:logLocking(65)) - s2@group-B24AF063D807: readLock RELEASED 0 by SegmentedRaftLogCache.getLastTermIndex
2022-08-08 17:04:51,830 [s1-server-thread1] TRACE segmented.SegmentedRaftLogCache (AutoCloseableReadWriteLock.java:logLocking(65)) - s1@group-B24AF063D807: readLock ACQUIRED 1 by SegmentedRaftLogCache.getLastTermIndex
2022-08-08 17:04:51,830 [s1-server-thread1] TRACE segmented.SegmentedRaftLogCache (AutoCloseableReadWriteLock.java:logLocking(65)) - s1@group-B24AF063D807: readLock RELEASED 0 by SegmentedRaftLogCache.getLastTermIndex
2022-08-08 17:04:51,831 [s2@group-B24AF063D807->s1-LogAppenderDefault-LogAppenderDaemon] TRACE segmented.SegmentedRaftLogCache (AutoCloseableReadWriteLock.java:logLocking(65)) - s2@group-B24AF063D807: readLock ACQUIRED 1 by SegmentedRaftLogCache.getLastTermIndex
2022-08-08 17:04:51,831 [s2@group-B24AF063D807->s1-LogAppenderDefault-LogAppenderDaemon] TRACE segmented.SegmentedRaftLogCache (AutoCloseableReadWriteLock.java:logLocking(65)) - s2@group-B24AF063D807: readLock RELEASED 0 by SegmentedRaftLogCache.getLastTermIndex
2022-08-08 17:04:51,831 [s0-server-thread1] TRACE segmented.SegmentedRaftLogCache (AutoCloseableReadWriteLock.java:logLocking(65)) - s0@group-B24AF063D807: readLock ACQUIRED 1 by SegmentedRaftLogCache.getLastTermIndex
2022-08-08 17:04:51,831 [s0-server-thread1] TRACE segmented.SegmentedRaftLogCache (AutoCloseableReadWriteLock.java:logLocking(65)) - s0@group-B24AF063D807: readLock RELEASED 0 by SegmentedRaftLogCache.getLastTermIndex
2022-08-08 17:04:51,831 [s2@group-B24AF063D807->s0-LogAppenderDefault-LogAppenderDaemon] TRACE segmented.SegmentedRaftLogCache (AutoCloseableReadWriteLock.java:logLocking(65)) - s2@group-B24AF063D807: readLock ACQUIRED 1 by SegmentedRaftLogCache.getLastTermIndex
2022-08-08 17:04:51,832 [s2@group-B24AF063D807->s0-LogAppenderDefault-LogAppenderDaemon] TRACE segmented.SegmentedRaftLogCache (AutoCloseableReadWriteLock.java:logLocking(65)) - s2@group-B24AF063D807: readLock RELEASED 0 by SegmentedRaftLogCache.getLastTermIndex
2022-08-08 17:04:51,858 [Time-limited test] INFO  ratis.RaftTestUtil (RaftTestUtil.java:waitForLeader(119)) - printing ALL groups
  s0:  RUNNING  FOLLOWER s0@group-B24AF063D807:t1, leader=s2, voted=s2, raftlog=Memoized:s0@group-B24AF063D807-SegmentedRaftLog:OPENED:c0, conf=0: peers:[s0|rpc:localhost:44329|admin:localhost:44721|client:localhost:39371|dataStream:localhost:42645|priority:0|startupRole:FOLLOWER, s1|rpc:localhost:41361|admin:localhost:40185|client:localhost:33019|dataStream:localhost:39869|priority:0|startupRole:FOLLOWER, s2|rpc:localhost:38737|admin:localhost:36401|client:localhost:33787|dataStream:localhost:36623|priority:0|startupRole:FOLLOWER]|listeners:[], old=null RUNNING
  s1:  RUNNING  FOLLOWER s1@group-B24AF063D807:t1, leader=s2, voted=s2, raftlog=Memoized:s1@group-B24AF063D807-SegmentedRaftLog:OPENED:c0, conf=0: peers:[s0|rpc:localhost:44329|admin:localhost:44721|client:localhost:39371|dataStream:localhost:42645|priority:0|startupRole:FOLLOWER, s1|rpc:localhost:41361|admin:localhost:40185|client:localhost:33019|dataStream:localhost:39869|priority:0|startupRole:FOLLOWER, s2|rpc:localhost:38737|admin:localhost:36401|client:localhost:33787|dataStream:localhost:36623|priority:0|startupRole:FOLLOWER]|listeners:[], old=null RUNNING
  s2:  RUNNING    LEADER s2@group-B24AF063D807:t1, leader=s2, voted=s2, raftlog=Memoized:s2@group-B24AF063D807-SegmentedRaftLog:OPENED:c0, conf=0: peers:[s0|rpc:localhost:44329|admin:localhost:44721|client:localhost:39371|dataStream:localhost:42645|priority:0|startupRole:FOLLOWER, s1|rpc:localhost:41361|admin:localhost:40185|client:localhost:33019|dataStream:localhost:39869|priority:0|startupRole:FOLLOWER, s2|rpc:localhost:38737|admin:localhost:36401|client:localhost:33787|dataStream:localhost:36623|priority:0|startupRole:FOLLOWER]|listeners:[], old=null RUNNING
2022-08-08 17:04:51,906 [s2@group-B24AF063D807->s1-LogAppenderDefault-LogAppenderDaemon] TRACE segmented.SegmentedRaftLogCache (AutoCloseableReadWriteLock.java:logLocking(65)) - s2@group-B24AF063D807: readLock ACQUIRED 1 by SegmentedRaftLogCache.getLastTermIndex
2022-08-08 17:04:51,906 [s2@group-B24AF063D807->s1-LogAppenderDefault-LogAppenderDaemon] TRACE segmented.SegmentedRaftLogCache (AutoCloseableReadWriteLock.java:logLocking(65)) - s2@group-B24AF063D807: readLock RELEASED 0 by SegmentedRaftLogCache.getLastTermIndex
2022-08-08 17:04:51,906 [s2@group-B24AF063D807->s1-LogAppenderDefault-LogAppenderDaemon] TRACE segmented.SegmentedRaftLogCache (AutoCloseableReadWriteLock.java:logLocking(65)) - s2@group-B24AF063D807: readLock ACQUIRED 1 by SegmentedRaftLogCache.getLastTermIndex
2022-08-08 17:04:51,906 [s2@group-B24AF063D807->s1-LogAppenderDefault-LogAppenderDaemon] TRACE segmented.SegmentedRaftLogCache (AutoCloseableReadWriteLock.java:logLocking(65)) - s2@group-B24AF063D807: readLock RELEASED 0 by SegmentedRaftLogCache.getLastTermIndex
2022-08-08 17:04:51,907 [s1-server-thread1] TRACE segmented.SegmentedRaftLogCache (AutoCloseableReadWriteLock.java:logLocking(65)) - s1@group-B24AF063D807: readLock ACQUIRED 1 by SegmentedRaftLogCache.getLastTermIndex
2022-08-08 17:04:51,907 [s1-server-thread1] TRACE segmented.SegmentedRaftLogCache (AutoCloseableReadWriteLock.java:logLocking(65)) - s1@group-B24AF063D807: readLock RELEASED 0 by SegmentedRaftLogCache.getLastTermIndex
2022-08-08 17:04:51,907 [s2@group-B24AF063D807->s0-LogAppenderDefault-LogAppenderDaemon] TRACE segmented.SegmentedRaftLogCache (AutoCloseableReadWriteLock.java:logLocking(65)) - s2@group-B24AF063D807: readLock ACQUIRED 1 by SegmentedRaftLogCache.getLastTermIndex
2022-08-08 17:04:51,907 [s2@group-B24AF063D807->s0-LogAppenderDefault-LogAppenderDaemon] TRACE segmented.SegmentedRaftLogCache (AutoCloseableReadWriteLock.java:logLocking(65)) - s2@group-B24AF063D807: readLock RELEASED 0 by SegmentedRaftLogCache.getLastTermIndex
2022-08-08 17:04:51,907 [s2@group-B24AF063D807->s0-LogAppenderDefault-LogAppenderDaemon] TRACE segmented.SegmentedRaftLogCache (AutoCloseableReadWriteLock.java:logLocking(65)) - s2@group-B24AF063D807: readLock ACQUIRED 1 by SegmentedRaftLogCache.getLastTermIndex
2022-08-08 17:04:51,907 [s2@group-B24AF063D807->s0-LogAppenderDefault-LogAppenderDaemon] TRACE segmented.SegmentedRaftLogCache (AutoCloseableReadWriteLock.java:logLocking(65)) - s2@group-B24AF063D807: readLock RELEASED 0 by SegmentedRaftLogCache.getLastTermIndex
2022-08-08 17:04:51,907 [s0-server-thread1] TRACE segmented.SegmentedRaftLogCache (AutoCloseableReadWriteLock.java:logLocking(65)) - s0@group-B24AF063D807: readLock ACQUIRED 1 by SegmentedRaftLogCache.getLastTermIndex
2022-08-08 17:04:51,907 [s0-server-thread1] TRACE segmented.SegmentedRaftLogCache (AutoCloseableReadWriteLock.java:logLocking(65)) - s0@group-B24AF063D807: readLock RELEASED 0 by SegmentedRaftLogCache.getLastTermIndex
2022-08-08 17:04:51,907 [s2@group-B24AF063D807->s0-LogAppenderDefault-LogAppenderDaemon] TRACE segmented.SegmentedRaftLogCache (AutoCloseableReadWriteLock.java:logLocking(65)) - s2@group-B24AF063D807: readLock ACQUIRED 1 by SegmentedRaftLogCache.getLastTermIndex
2022-08-08 17:04:51,907 [s2@group-B24AF063D807->s0-LogAppenderDefault-LogAppenderDaemon] TRACE segmented.SegmentedRaftLogCache (AutoCloseableReadWriteLock.java:logLocking(65)) - s2@group-B24AF063D807: readLock RELEASED 0 by SegmentedRaftLogCache.getLastTermIndex
2022-08-08 17:04:51,907 [s2@group-B24AF063D807->s1-LogAppenderDefault-LogAppenderDaemon] TRACE segmented.SegmentedRaftLogCache (AutoCloseableReadWriteLock.java:logLocking(65)) - s2@group-B24AF063D807: readLock ACQUIRED 1 by SegmentedRaftLogCache.getLastTermIndex
2022-08-08 17:04:51,907 [s2@group-B24AF063D807->s1-LogAppenderDefault-LogAppenderDaemon] TRACE segmented.SegmentedRaftLogCache (AutoCloseableReadWriteLock.java:logLocking(65)) - s2@group-B24AF063D807: readLock RELEASED 0 by SegmentedRaftLogCache.getLastTermIndex
2022-08-08 17:04:51,961 [s2-client-thread1] TRACE segmented.SegmentedRaftLogCache (AutoCloseableReadWriteLock.java:logLocking(65)) - s2@group-B24AF063D807: readLock ACQUIRED 1 by SegmentedRaftLogCache.getLastTermIndex
2022-08-08 17:04:51,961 [s2-client-thread1] TRACE segmented.SegmentedRaftLogCache (AutoCloseableReadWriteLock.java:logLocking(65)) - s2@group-B24AF063D807: readLock RELEASED 0 by SegmentedRaftLogCache.getLastTermIndex
2022-08-08 17:04:51,961 [s2-client-thread1] TRACE segmented.SegmentedRaftLogCache (AutoCloseableReadWriteLock.java:logLocking(65)) - s2@group-B24AF063D807: readLock ACQUIRED 1 by SegmentedRaftLogCache.getLastTermIndex
2022-08-08 17:04:51,961 [s2-client-thread1] TRACE segmented.SegmentedRaftLogCache (AutoCloseableReadWriteLock.java:logLocking(65)) - s2@group-B24AF063D807: readLock RELEASED 0 by SegmentedRaftLogCache.getLastTermIndex
2022-08-08 17:04:51,962 [s2-client-thread1] TRACE segmented.SegmentedRaftLogCache (AutoCloseableReadWriteLock.java:logLocking(65)) - s2@group-B24AF063D807: readLock ACQUIRED 1 by SegmentedRaftLogCache$LogSegmentList.countCached
2022-08-08 17:04:51,962 [s2-client-thread1] TRACE segmented.SegmentedRaftLogCache (AutoCloseableReadWriteLock.java:logLocking(65)) - s2@group-B24AF063D807: readLock RELEASED 0 by SegmentedRaftLogCache$LogSegmentList.countCached
2022-08-08 17:04:51,962 [s2-client-thread1] TRACE segmented.SegmentedRaftLogCache (AutoCloseableReadWriteLock.java:logLocking(65)) - s2@group-B24AF063D807: readLock ACQUIRED 1 by SegmentedRaftLogCache$LogSegmentList.getTotalCacheSize
2022-08-08 17:04:51,962 [s2-client-thread1] TRACE segmented.SegmentedRaftLogCache (AutoCloseableReadWriteLock.java:logLocking(65)) - s2@group-B24AF063D807: readLock RELEASED 0 by SegmentedRaftLogCache$LogSegmentList.getTotalCacheSize
2022-08-08 17:04:51,962 [s2-client-thread1] DEBUG segmented.SegmentedRaftLogWorker (SegmentedRaftLogWorker.java:addIOTask(270)) - s2@group-B24AF063D807-SegmentedRaftLogWorker adds IO task WriteLog:1: (t:1, i:1), STATEMACHINELOGENTRY, StateMachineLogEntryProto:143@client-6250EC404864
2022-08-08 17:04:51,962 [s2@group-B24AF063D807->s0-LogAppenderDefault-LogAppenderDaemon] TRACE segmented.SegmentedRaftLogCache (AutoCloseableReadWriteLock.java:logLocking(65)) - s2@group-B24AF063D807: readLock ACQUIRED 1 by SegmentedRaftLogCache.getLastTermIndex
2022-08-08 17:04:51,962 [s2@group-B24AF063D807->s0-LogAppenderDefault-LogAppenderDaemon] TRACE segmented.SegmentedRaftLogCache (AutoCloseableReadWriteLock.java:logLocking(65)) - s2@group-B24AF063D807: readLock RELEASED 0 by SegmentedRaftLogCache.getLastTermIndex
2022-08-08 17:04:51,962 [s2@group-B24AF063D807->s0-LogAppenderDefault-LogAppenderDaemon] TRACE segmented.SegmentedRaftLogCache (AutoCloseableReadWriteLock.java:logLocking(65)) - s2@group-B24AF063D807: readLock ACQUIRED 1 by SegmentedRaftLogCache.getLastTermIndex
2022-08-08 17:04:51,962 [s2@group-B24AF063D807->s0-LogAppenderDefault-LogAppenderDaemon] TRACE segmented.SegmentedRaftLogCache (AutoCloseableReadWriteLock.java:logLocking(65)) - s2@group-B24AF063D807: readLock RELEASED 0 by SegmentedRaftLogCache.getLastTermIndex
2022-08-08 17:04:51,962 [s2@group-B24AF063D807->s0-LogAppenderDefault-LogAppenderDaemon] TRACE segmented.SegmentedRaftLogCache (AutoCloseableReadWriteLock.java:logLocking(65)) - s2@group-B24AF063D807: readLock ACQUIRED 1 by SegmentedRaftLogCache.getStartIndex
2022-08-08 17:04:51,962 [s2@group-B24AF063D807->s0-LogAppenderDefault-LogAppenderDaemon] TRACE segmented.SegmentedRaftLogCache (AutoCloseableReadWriteLock.java:logLocking(65)) -   s2@group-B24AF063D807: readLock ACQUIRED 2 by SegmentedRaftLogCache$LogSegmentList.isEmpty
2022-08-08 17:04:51,962 [s2@group-B24AF063D807->s0-LogAppenderDefault-LogAppenderDaemon] TRACE segmented.SegmentedRaftLogCache (AutoCloseableReadWriteLock.java:logLocking(65)) -   s2@group-B24AF063D807: readLock RELEASED 1 by SegmentedRaftLogCache$LogSegmentList.isEmpty
2022-08-08 17:04:51,962 [s2@group-B24AF063D807->s0-LogAppenderDefault-LogAppenderDaemon] TRACE segmented.SegmentedRaftLogCache (AutoCloseableReadWriteLock.java:logLocking(65)) - s2@group-B24AF063D807: readLock RELEASED 0 by SegmentedRaftLogCache.getStartIndex
2022-08-08 17:04:51,962 [s2@group-B24AF063D807->s0-LogAppenderDefault-LogAppenderDaemon] TRACE segmented.SegmentedRaftLogCache (AutoCloseableReadWriteLock.java:logLocking(65)) - s2@group-B24AF063D807: readLock ACQUIRED 1 by SegmentedRaftLogCache.getLastTermIndex
2022-08-08 17:04:51,962 [s2@group-B24AF063D807->s0-LogAppenderDefault-LogAppenderDaemon] TRACE segmented.SegmentedRaftLogCache (AutoCloseableReadWriteLock.java:logLocking(65)) - s2@group-B24AF063D807: readLock RELEASED 0 by SegmentedRaftLogCache.getLastTermIndex
2022-08-08 17:04:51,963 [Thread-462] TRACE segmented.SegmentedRaftLogCache (AutoCloseableReadWriteLock.java:logLocking(65)) - s0@group-B24AF063D807: readLock ACQUIRED 1 by SegmentedRaftLogCache.computeTruncateIndices
2022-08-08 17:04:51,963 [Thread-462] TRACE segmented.SegmentedRaftLogCache (AutoCloseableReadWriteLock.java:logLocking(65)) -   s0@group-B24AF063D807: readLock ACQUIRED 2 by SegmentedRaftLogCache$LogSegmentList.binarySearch
2022-08-08 17:04:51,963 [Thread-462] TRACE segmented.SegmentedRaftLogCache (AutoCloseableReadWriteLock.java:logLocking(65)) -   s0@group-B24AF063D807: readLock RELEASED 1 by SegmentedRaftLogCache$LogSegmentList.binarySearch
2022-08-08 17:04:51,963 [Thread-462] TRACE segmented.SegmentedRaftLogCache (AutoCloseableReadWriteLock.java:logLocking(65)) -   s0@group-B24AF063D807: readLock ACQUIRED 2 by SegmentedRaftLogCache$LogSegmentList.size
2022-08-08 17:04:51,963 [Thread-462] TRACE segmented.SegmentedRaftLogCache (AutoCloseableReadWriteLock.java:logLocking(65)) -   s0@group-B24AF063D807: readLock RELEASED 1 by SegmentedRaftLogCache$LogSegmentList.size
2022-08-08 17:04:51,963 [Thread-462] TRACE segmented.SegmentedRaftLogCache (AutoCloseableReadWriteLock.java:logLocking(65)) - s0@group-B24AF063D807: readLock RELEASED 0 by SegmentedRaftLogCache.computeTruncateIndices
2022-08-08 17:04:51,963 [Thread-462] DEBUG raftlog.RaftLog (SegmentedRaftLog.java:appendImpl(447)) - truncateIndex=-1, arrayIndex=0
2022-08-08 17:04:51,963 [Thread-462] TRACE segmented.SegmentedRaftLogCache (AutoCloseableReadWriteLock.java:logLocking(65)) - s0@group-B24AF063D807: readLock ACQUIRED 1 by SegmentedRaftLogCache.getLastTermIndex
2022-08-08 17:04:51,963 [Thread-462] TRACE segmented.SegmentedRaftLogCache (AutoCloseableReadWriteLock.java:logLocking(65)) - s0@group-B24AF063D807: readLock RELEASED 0 by SegmentedRaftLogCache.getLastTermIndex
2022-08-08 17:04:51,963 [Thread-462] TRACE segmented.SegmentedRaftLogCache (AutoCloseableReadWriteLock.java:logLocking(65)) - s0@group-B24AF063D807: readLock ACQUIRED 1 by SegmentedRaftLogCache$LogSegmentList.countCached
2022-08-08 17:04:51,963 [Thread-462] TRACE segmented.SegmentedRaftLogCache (AutoCloseableReadWriteLock.java:logLocking(65)) - s0@group-B24AF063D807: readLock RELEASED 0 by SegmentedRaftLogCache$LogSegmentList.countCached
2022-08-08 17:04:51,963 [Thread-462] TRACE segmented.SegmentedRaftLogCache (AutoCloseableReadWriteLock.java:logLocking(65)) - s0@group-B24AF063D807: readLock ACQUIRED 1 by SegmentedRaftLogCache$LogSegmentList.getTotalCacheSize
2022-08-08 17:04:51,963 [Thread-462] TRACE segmented.SegmentedRaftLogCache (AutoCloseableReadWriteLock.java:logLocking(65)) - s0@group-B24AF063D807: readLock RELEASED 0 by SegmentedRaftLogCache$LogSegmentList.getTotalCacheSize
2022-08-08 17:04:51,963 [Thread-462] DEBUG segmented.SegmentedRaftLogWorker (SegmentedRaftLogWorker.java:addIOTask(270)) - s0@group-B24AF063D807-SegmentedRaftLogWorker adds IO task WriteLog:1: (t:1, i:1), STATEMACHINELOGENTRY, StateMachineLogEntryProto:143@client-6250EC404864
2022-08-08 17:04:51,964 [s0@group-B24AF063D807-SegmentedRaftLogWorker] DEBUG segmented.SegmentedRaftLogWorker (SegmentedRaftLogWorker.java:flushIfNecessary(365)) - s0@group-B24AF063D807-SegmentedRaftLogWorker: flush SegmentedRaftLogOutputStream(/home/runner/work/ratis/ratis/ratis-test/target/test/data/b051e71b/MiniRaftClusterWithSimulatedRpc1ec78f08/s0/0d1e7fc9-4c77-451a-91df-b24af063d807/current/log_inprogress_0)
2022-08-08 17:04:51,964 [s2@group-B24AF063D807-SegmentedRaftLogWorker] DEBUG segmented.SegmentedRaftLogWorker (SegmentedRaftLogWorker.java:flushIfNecessary(365)) - s2@group-B24AF063D807-SegmentedRaftLogWorker: flush SegmentedRaftLogOutputStream(/home/runner/work/ratis/ratis/ratis-test/target/test/data/b051e71b/MiniRaftClusterWithSimulatedRpc1ec78f08/s2/0d1e7fc9-4c77-451a-91df-b24af063d807/current/log_inprogress_0)
2022-08-08 17:04:51,964 [s2@group-B24AF063D807->s1-LogAppenderDefault-LogAppenderDaemon] TRACE segmented.SegmentedRaftLogCache (AutoCloseableReadWriteLock.java:logLocking(65)) - s2@group-B24AF063D807: readLock ACQUIRED 1 by SegmentedRaftLogCache.getLastTermIndex
2022-08-08 17:04:51,964 [s2@group-B24AF063D807->s1-LogAppenderDefault-LogAppenderDaemon] TRACE segmented.SegmentedRaftLogCache (AutoCloseableReadWriteLock.java:logLocking(65)) - s2@group-B24AF063D807: readLock RELEASED 0 by SegmentedRaftLogCache.getLastTermIndex
2022-08-08 17:04:51,964 [s2@group-B24AF063D807->s1-LogAppenderDefault-LogAppenderDaemon] TRACE segmented.SegmentedRaftLogCache (AutoCloseableReadWriteLock.java:logLocking(65)) - s2@group-B24AF063D807: readLock ACQUIRED 1 by SegmentedRaftLogCache.getLastTermIndex
2022-08-08 17:04:51,964 [s2@group-B24AF063D807->s1-LogAppenderDefault-LogAppenderDaemon] TRACE segmented.SegmentedRaftLogCache (AutoCloseableReadWriteLock.java:logLocking(65)) - s2@group-B24AF063D807: readLock RELEASED 0 by SegmentedRaftLogCache.getLastTermIndex
2022-08-08 17:04:51,965 [s2@group-B24AF063D807->s1-LogAppenderDefault-LogAppenderDaemon] TRACE segmented.SegmentedRaftLogCache (AutoCloseableReadWriteLock.java:logLocking(65)) - s2@group-B24AF063D807: readLock ACQUIRED 1 by SegmentedRaftLogCache.getStartIndex
2022-08-08 17:04:51,965 [s2@group-B24AF063D807->s1-LogAppenderDefault-LogAppenderDaemon] TRACE segmented.SegmentedRaftLogCache (AutoCloseableReadWriteLock.java:logLocking(65)) -   s2@group-B24AF063D807: readLock ACQUIRED 2 by SegmentedRaftLogCache$LogSegmentList.isEmpty
2022-08-08 17:04:51,965 [s2@group-B24AF063D807->s1-LogAppenderDefault-LogAppenderDaemon] TRACE segmented.SegmentedRaftLogCache (AutoCloseableReadWriteLock.java:logLocking(65)) -   s2@group-B24AF063D807: readLock RELEASED 1 by SegmentedRaftLogCache$LogSegmentList.isEmpty
2022-08-08 17:04:51,965 [s2@group-B24AF063D807->s1-LogAppenderDefault-LogAppenderDaemon] TRACE segmented.SegmentedRaftLogCache (AutoCloseableReadWriteLock.java:logLocking(65)) - s2@group-B24AF063D807: readLock RELEASED 0 by SegmentedRaftLogCache.getStartIndex
2022-08-08 17:04:51,965 [s2@group-B24AF063D807->s1-LogAppenderDefault-LogAppenderDaemon] TRACE segmented.SegmentedRaftLogCache (AutoCloseableReadWriteLock.java:logLocking(65)) - s2@group-B24AF063D807: readLock ACQUIRED 1 by SegmentedRaftLogCache.getLastTermIndex
2022-08-08 17:04:51,965 [s2@group-B24AF063D807->s1-LogAppenderDefault-LogAppenderDaemon] TRACE segmented.SegmentedRaftLogCache (AutoCloseableReadWriteLock.java:logLocking(65)) - s2@group-B24AF063D807: readLock RELEASED 0 by SegmentedRaftLogCache.getLastTermIndex
2022-08-08 17:04:51,965 [Thread-469] TRACE segmented.SegmentedRaftLogCache (AutoCloseableReadWriteLock.java:logLocking(65)) - s1@group-B24AF063D807: readLock ACQUIRED 1 by SegmentedRaftLogCache.computeTruncateIndices
2022-08-08 17:04:51,965 [Thread-469] TRACE segmented.SegmentedRaftLogCache (AutoCloseableReadWriteLock.java:logLocking(65)) -   s1@group-B24AF063D807: readLock ACQUIRED 2 by SegmentedRaftLogCache$LogSegmentList.binarySearch
2022-08-08 17:04:51,965 [Thread-469] TRACE segmented.SegmentedRaftLogCache (AutoCloseableReadWriteLock.java:logLocking(65)) -   s1@group-B24AF063D807: readLock RELEASED 1 by SegmentedRaftLogCache$LogSegmentList.binarySearch
2022-08-08 17:04:51,965 [Thread-469] TRACE segmented.SegmentedRaftLogCache (AutoCloseableReadWriteLock.java:logLocking(65)) -   s1@group-B24AF063D807: readLock ACQUIRED 2 by SegmentedRaftLogCache$LogSegmentList.size
2022-08-08 17:04:51,965 [Thread-469] TRACE segmented.SegmentedRaftLogCache (AutoCloseableReadWriteLock.java:logLocking(65)) -   s1@group-B24AF063D807: readLock RELEASED 1 by SegmentedRaftLogCache$LogSegmentList.size
2022-08-08 17:04:51,965 [Thread-469] TRACE segmented.SegmentedRaftLogCache (AutoCloseableReadWriteLock.java:logLocking(65)) - s1@group-B24AF063D807: readLock RELEASED 0 by SegmentedRaftLogCache.computeTruncateIndices
2022-08-08 17:04:51,965 [Thread-469] DEBUG raftlog.RaftLog (SegmentedRaftLog.java:appendImpl(447)) - truncateIndex=-1, arrayIndex=0
2022-08-08 17:04:51,966 [Thread-469] TRACE segmented.SegmentedRaftLogCache (AutoCloseableReadWriteLock.java:logLocking(65)) - s1@group-B24AF063D807: readLock ACQUIRED 1 by SegmentedRaftLogCache.getLastTermIndex
2022-08-08 17:04:51,966 [Thread-469] TRACE segmented.SegmentedRaftLogCache (AutoCloseableReadWriteLock.java:logLocking(65)) - s1@group-B24AF063D807: readLock RELEASED 0 by SegmentedRaftLogCache.getLastTermIndex
2022-08-08 17:04:51,966 [Thread-469] TRACE segmented.SegmentedRaftLogCache (AutoCloseableReadWriteLock.java:logLocking(65)) - s1@group-B24AF063D807: readLock ACQUIRED 1 by SegmentedRaftLogCache$LogSegmentList.countCached
2022-08-08 17:04:51,966 [Thread-469] TRACE segmented.SegmentedRaftLogCache (AutoCloseableReadWriteLock.java:logLocking(65)) - s1@group-B24AF063D807: readLock RELEASED 0 by SegmentedRaftLogCache$LogSegmentList.countCached
2022-08-08 17:04:51,966 [Thread-469] TRACE segmented.SegmentedRaftLogCache (AutoCloseableReadWriteLock.java:logLocking(65)) - s1@group-B24AF063D807: readLock ACQUIRED 1 by SegmentedRaftLogCache$LogSegmentList.getTotalCacheSize
2022-08-08 17:04:51,966 [Thread-469] TRACE segmented.SegmentedRaftLogCache (AutoCloseableReadWriteLock.java:logLocking(65)) - s1@group-B24AF063D807: readLock RELEASED 0 by SegmentedRaftLogCache$LogSegmentList.getTotalCacheSize
2022-08-08 17:04:51,966 [Thread-469] DEBUG segmented.SegmentedRaftLogWorker (SegmentedRaftLogWorker.java:addIOTask(270)) - s1@group-B24AF063D807-SegmentedRaftLogWorker adds IO task WriteLog:1: (t:1, i:1), STATEMACHINELOGENTRY, StateMachineLogEntryProto:143@client-6250EC404864
2022-08-08 17:04:51,966 [s1@group-B24AF063D807-SegmentedRaftLogWorker] DEBUG segmented.SegmentedRaftLogWorker (SegmentedRaftLogWorker.java:flushIfNecessary(365)) - s1@group-B24AF063D807-SegmentedRaftLogWorker: flush SegmentedRaftLogOutputStream(/home/runner/work/ratis/ratis/ratis-test/target/test/data/b051e71b/MiniRaftClusterWithSimulatedRpc1ec78f08/s1/0d1e7fc9-4c77-451a-91df-b24af063d807/current/log_inprogress_0)
2022-08-08 17:04:51,966 [s2@group-B24AF063D807->s0-LogAppenderDefault-LogAppenderDaemon] TRACE segmented.SegmentedRaftLogCache (AutoCloseableReadWriteLock.java:logLocking(65)) - s2@group-B24AF063D807: readLock ACQUIRED 1 by SegmentedRaftLogCache.getLastTermIndex
2022-08-08 17:04:51,966 [s2@group-B24AF063D807->s0-LogAppenderDefault-LogAppenderDaemon] TRACE segmented.SegmentedRaftLogCache (AutoCloseableReadWriteLock.java:logLocking(65)) - s2@group-B24AF063D807: readLock RELEASED 0 by SegmentedRaftLogCache.getLastTermIndex
2022-08-08 17:04:51,967 [s2@group-B24AF063D807-LeaderStateImpl] TRACE segmented.SegmentedRaftLogCache (AutoCloseableReadWriteLock.java:logLocking(65)) - s2@group-B24AF063D807: readLock ACQUIRED 1 by SegmentedRaftLogCache.getStartIndex
2022-08-08 17:04:51,967 [s2@group-B24AF063D807-LeaderStateImpl] TRACE segmented.SegmentedRaftLogCache (AutoCloseableReadWriteLock.java:logLocking(65)) -   s2@group-B24AF063D807: readLock ACQUIRED 2 by SegmentedRaftLogCache$LogSegmentList.isEmpty
2022-08-08 17:04:51,967 [s2@group-B24AF063D807-LeaderStateImpl] TRACE segmented.SegmentedRaftLogCache (AutoCloseableReadWriteLock.java:logLocking(65)) -   s2@group-B24AF063D807: readLock RELEASED 1 by SegmentedRaftLogCache$LogSegmentList.isEmpty
2022-08-08 17:04:51,967 [s2@group-B24AF063D807-LeaderStateImpl] TRACE segmented.SegmentedRaftLogCache (AutoCloseableReadWriteLock.java:logLocking(65)) - s2@group-B24AF063D807: readLock RELEASED 0 by SegmentedRaftLogCache.getStartIndex
2022-08-08 17:04:51,967 [s2@group-B24AF063D807-LeaderStateImpl] TRACE segmented.SegmentedRaftLogCache (AutoCloseableReadWriteLock.java:logLocking(65)) - s2@group-B24AF063D807: readLock ACQUIRED 1 by SegmentedRaftLogCache.getEndIndex
2022-08-08 17:04:51,967 [s2@group-B24AF063D807-LeaderStateImpl] TRACE segmented.SegmentedRaftLogCache (AutoCloseableReadWriteLock.java:logLocking(65)) - s2@group-B24AF063D807: readLock RELEASED 0 by SegmentedRaftLogCache.getEndIndex
2022-08-08 17:04:51,967 [s2@group-B24AF063D807->s1-LogAppenderDefault-LogAppenderDaemon] TRACE segmented.SegmentedRaftLogCache (AutoCloseableReadWriteLock.java:logLocking(65)) - s2@group-B24AF063D807: readLock ACQUIRED 1 by SegmentedRaftLogCache.getLastTermIndex
2022-08-08 17:04:51,967 [s2@group-B24AF063D807->s1-LogAppenderDefault-LogAppenderDaemon] TRACE segmented.SegmentedRaftLogCache (AutoCloseableReadWriteLock.java:logLocking(65)) -   s2@group-B24AF063D807: readLock RELEASED 1 by SegmentedRaftLogCache.getLastTermIndex
2022-08-08 17:04:51,967 [s2@group-B24AF063D807-LeaderStateImpl] TRACE segmented.SegmentedRaftLogCache (AutoCloseableReadWriteLock.java:logLocking(65)) -   s2@group-B24AF063D807: readLock ACQUIRED 2 by SegmentedRaftLogCache$LogSegmentList.getTermIndex
2022-08-08 17:04:51,967 [s2@group-B24AF063D807-LeaderStateImpl] TRACE segmented.SegmentedRaftLogCache (AutoCloseableReadWriteLock.java:logLocking(65)) - s2@group-B24AF063D807: readLock RELEASED 0 by SegmentedRaftLogCache$LogSegmentList.getTermIndex
2022-08-08 17:04:51,967 [s2@group-B24AF063D807-LeaderStateImpl] TRACE segmented.SegmentedRaftLogCache (AutoCloseableReadWriteLock.java:logLocking(65)) - s2@group-B24AF063D807: readLock ACQUIRED 1 by SegmentedRaftLogCache.getLastTermIndex
2022-08-08 17:04:51,967 [s2@group-B24AF063D807-LeaderStateImpl] TRACE segmented.SegmentedRaftLogCache (AutoCloseableReadWriteLock.java:logLocking(65)) - s2@group-B24AF063D807: readLock RELEASED 0 by SegmentedRaftLogCache.getLastTermIndex
2022-08-08 17:04:51,967 [s2@group-B24AF063D807-LeaderStateImpl] TRACE segmented.SegmentedRaftLogCache (AutoCloseableReadWriteLock.java:logLocking(65)) - s2@group-B24AF063D807: readLock ACQUIRED 1 by SegmentedRaftLogCache$LogSegmentList.countCached
2022-08-08 17:04:51,967 [s2@group-B24AF063D807-LeaderStateImpl] TRACE segmented.SegmentedRaftLogCache (AutoCloseableReadWriteLock.java:logLocking(65)) - s2@group-B24AF063D807: readLock RELEASED 0 by SegmentedRaftLogCache$LogSegmentList.countCached
2022-08-08 17:04:51,967 [s2@group-B24AF063D807-LeaderStateImpl] TRACE segmented.SegmentedRaftLogCache (AutoCloseableReadWriteLock.java:logLocking(65)) - s2@group-B24AF063D807: readLock ACQUIRED 1 by SegmentedRaftLogCache$LogSegmentList.getTotalCacheSize
2022-08-08 17:04:51,967 [s2@group-B24AF063D807-LeaderStateImpl] TRACE segmented.SegmentedRaftLogCache (AutoCloseableReadWriteLock.java:logLocking(65)) - s2@group-B24AF063D807: readLock RELEASED 0 by SegmentedRaftLogCache$LogSegmentList.getTotalCacheSize
2022-08-08 17:04:51,967 [s2@group-B24AF063D807-LeaderStateImpl] DEBUG segmented.SegmentedRaftLogWorker (SegmentedRaftLogWorker.java:addIOTask(270)) - s2@group-B24AF063D807-SegmentedRaftLogWorker adds IO task WriteLog:2: (t:1, i:2), METADATAENTRY(c:1)
2022-08-08 17:04:51,968 [s2@group-B24AF063D807-StateMachineUpdater] INFO  statemachine.SimpleStateMachine4Testing (SimpleStateMachine4Testing.java:put(204)) - s2: put 1, m0 -> (t:1, i:1), STATEMACHINELOGENTRY, 143@client-6250EC404864
2022-08-08 17:04:51,968 [s2@group-B24AF063D807->s0-LogAppenderDefault-LogAppenderDaemon] TRACE segmented.SegmentedRaftLogCache (AutoCloseableReadWriteLock.java:logLocking(65)) - s2@group-B24AF063D807: readLock ACQUIRED 1 by SegmentedRaftLogCache.getLastTermIndex
2022-08-08 17:04:51,968 [s2@group-B24AF063D807->s0-LogAppenderDefault-LogAppenderDaemon] TRACE segmented.SegmentedRaftLogCache (AutoCloseableReadWriteLock.java:logLocking(65)) - s2@group-B24AF063D807: readLock RELEASED 0 by SegmentedRaftLogCache.getLastTermIndex
2022-08-08 17:04:51,968 [s2@group-B24AF063D807-SegmentedRaftLogWorker] DEBUG segmented.SegmentedRaftLogWorker (SegmentedRaftLogWorker.java:flushIfNecessary(365)) - s2@group-B24AF063D807-SegmentedRaftLogWorker: flush SegmentedRaftLogOutputStream(/home/runner/work/ratis/ratis/ratis-test/target/test/data/b051e71b/MiniRaftClusterWithSimulatedRpc1ec78f08/s2/0d1e7fc9-4c77-451a-91df-b24af063d807/current/log_inprogress_0)
2022-08-08 17:04:51,968 [s2@group-B24AF063D807->s1-LogAppenderDefault-LogAppenderDaemon] TRACE segmented.SegmentedRaftLogCache (AutoCloseableReadWriteLock.java:logLocking(65)) -   s2@group-B24AF063D807: readLock ACQUIRED 2 by SegmentedRaftLogCache.getLastTermIndex
2022-08-08 17:04:51,968 [s2@group-B24AF063D807->s1-LogAppenderDefault-LogAppenderDaemon] TRACE segmented.SegmentedRaftLogCache (AutoCloseableReadWriteLock.java:logLocking(65)) -   s2@group-B24AF063D807: readLock RELEASED 1 by SegmentedRaftLogCache.getLastTermIndex
2022-08-08 17:04:51,968 [s2@group-B24AF063D807->s1-LogAppenderDefault-LogAppenderDaemon] TRACE segmented.SegmentedRaftLogCache (AutoCloseableReadWriteLock.java:logLocking(65)) -   s2@group-B24AF063D807: readLock ACQUIRED 2 by SegmentedRaftLogCache.getLastTermIndex
2022-08-08 17:04:51,968 [s2@group-B24AF063D807->s1-LogAppenderDefault-LogAppenderDaemon] TRACE segmented.SegmentedRaftLogCache (AutoCloseableReadWriteLock.java:logLocking(65)) -   s2@group-B24AF063D807: readLock RELEASED 1 by SegmentedRaftLogCache.getLastTermIndex
2022-08-08 17:04:51,968 [s2@group-B24AF063D807->s1-LogAppenderDefault-LogAppenderDaemon] TRACE segmented.SegmentedRaftLogCache (AutoCloseableReadWriteLock.java:logLocking(65)) -   s2@group-B24AF063D807: readLock ACQUIRED 2 by SegmentedRaftLogCache.getStartIndex
2022-08-08 17:04:51,968 [s2@group-B24AF063D807->s1-LogAppenderDefault-LogAppenderDaemon] TRACE segmented.SegmentedRaftLogCache (AutoCloseableReadWriteLock.java:logLocking(65)) -     s2@group-B24AF063D807: readLock ACQUIRED 3 by SegmentedRaftLogCache$LogSegmentList.isEmpty
2022-08-08 17:04:51,968 [s2@group-B24AF063D807->s1-LogAppenderDefault-LogAppenderDaemon] TRACE segmented.SegmentedRaftLogCache (AutoCloseableReadWriteLock.java:logLocking(65)) -     s2@group-B24AF063D807: readLock RELEASED 2 by SegmentedRaftLogCache$LogSegmentList.isEmpty
2022-08-08 17:04:51,968 [s2@group-B24AF063D807->s1-LogAppenderDefault-LogAppenderDaemon] TRACE segmented.SegmentedRaftLogCache (AutoCloseableReadWriteLock.java:logLocking(65)) -   s2@group-B24AF063D807: readLock RELEASED 1 by SegmentedRaftLogCache.getStartIndex
2022-08-08 17:04:51,969 [s2@group-B24AF063D807->s1-LogAppenderDefault-LogAppenderDaemon] TRACE segmented.SegmentedRaftLogCache (AutoCloseableReadWriteLock.java:logLocking(65)) -   s2@group-B24AF063D807: readLock ACQUIRED 2 by SegmentedRaftLogCache.getLastTermIndex
2022-08-08 17:04:51,969 [s2@group-B24AF063D807->s1-LogAppenderDefault-LogAppenderDaemon] TRACE segmented.SegmentedRaftLogCache (AutoCloseableReadWriteLock.java:logLocking(65)) -   s2@group-B24AF063D807: readLock RELEASED 1 by SegmentedRaftLogCache.getLastTermIndex
2022-08-08 17:04:51,968 [s2@group-B24AF063D807->s0-LogAppenderDefault-LogAppenderDaemon] TRACE segmented.SegmentedRaftLogCache (AutoCloseableReadWriteLock.java:logLocking(65)) - s2@group-B24AF063D807: readLock ACQUIRED 1 by SegmentedRaftLogCache.getLastTermIndex
2022-08-08 17:04:51,969 [s2@group-B24AF063D807->s0-LogAppenderDefault-LogAppenderDaemon] TRACE segmented.SegmentedRaftLogCache (AutoCloseableReadWriteLock.java:logLocking(65)) - s2@group-B24AF063D807: readLock RELEASED 0 by SegmentedRaftLogCache.getLastTermIndex
2022-08-08 17:04:51,969 [s2@group-B24AF063D807->s0-LogAppenderDefault-LogAppenderDaemon] TRACE segmented.SegmentedRaftLogCache (AutoCloseableReadWriteLock.java:logLocking(65)) - s2@group-B24AF063D807: readLock ACQUIRED 1 by SegmentedRaftLogCache.getStartIndex
2022-08-08 17:04:51,969 [Thread-467] TRACE segmented.SegmentedRaftLogCache (AutoCloseableReadWriteLock.java:logLocking(65)) - s1@group-B24AF063D807: readLock ACQUIRED 1 by SegmentedRaftLogCache.computeTruncateIndices
2022-08-08 17:04:51,969 [s2@group-B24AF063D807->s0-LogAppenderDefault-LogAppenderDaemon] TRACE segmented.SegmentedRaftLogCache (AutoCloseableReadWriteLock.java:logLocking(65)) -   s2@group-B24AF063D807: readLock ACQUIRED 2 by SegmentedRaftLogCache$LogSegmentList.isEmpty
2022-08-08 17:04:51,969 [s2@group-B24AF063D807->s0-LogAppenderDefault-LogAppenderDaemon] TRACE segmented.SegmentedRaftLogCache (AutoCloseableReadWriteLock.java:logLocking(65)) -   s2@group-B24AF063D807: readLock RELEASED 1 by SegmentedRaftLogCache$LogSegmentList.isEmpty
2022-08-08 17:04:51,969 [s2@group-B24AF063D807->s0-LogAppenderDefault-LogAppenderDaemon] TRACE segmented.SegmentedRaftLogCache (AutoCloseableReadWriteLock.java:logLocking(65)) - s2@group-B24AF063D807: readLock RELEASED 0 by SegmentedRaftLogCache.getStartIndex
2022-08-08 17:04:51,969 [s2@group-B24AF063D807->s0-LogAppenderDefault-LogAppenderDaemon] TRACE segmented.SegmentedRaftLogCache (AutoCloseableReadWriteLock.java:logLocking(65)) - s2@group-B24AF063D807: readLock ACQUIRED 1 by SegmentedRaftLogCache.getLastTermIndex
2022-08-08 17:04:51,969 [s2@group-B24AF063D807->s0-LogAppenderDefault-LogAppenderDaemon] TRACE segmented.SegmentedRaftLogCache (AutoCloseableReadWriteLock.java:logLocking(65)) - s2@group-B24AF063D807: readLock RELEASED 0 by SegmentedRaftLogCache.getLastTermIndex
2022-08-08 17:04:51,969 [Thread-460] TRACE segmented.SegmentedRaftLogCache (AutoCloseableReadWriteLock.java:logLocking(65)) - s0@group-B24AF063D807: readLock ACQUIRED 1 by SegmentedRaftLogCache.computeTruncateIndices
2022-08-08 17:04:51,969 [Thread-460] TRACE segmented.SegmentedRaftLogCache (AutoCloseableReadWriteLock.java:logLocking(65)) -   s0@group-B24AF063D807: readLock ACQUIRED 2 by SegmentedRaftLogCache$LogSegmentList.binarySearch
2022-08-08 17:04:51,969 [Thread-460] TRACE segmented.SegmentedRaftLogCache (AutoCloseableReadWriteLock.java:logLocking(65)) -   s0@group-B24AF063D807: readLock RELEASED 1 by SegmentedRaftLogCache$LogSegmentList.binarySearch
2022-08-08 17:04:51,969 [Thread-460] TRACE segmented.SegmentedRaftLogCache (AutoCloseableReadWriteLock.java:logLocking(65)) -   s0@group-B24AF063D807: readLock ACQUIRED 2 by SegmentedRaftLogCache$LogSegmentList.size
2022-08-08 17:04:51,970 [Thread-460] TRACE segmented.SegmentedRaftLogCache (AutoCloseableReadWriteLock.java:logLocking(65)) -   s0@group-B24AF063D807: readLock RELEASED 1 by SegmentedRaftLogCache$LogSegmentList.size
2022-08-08 17:04:51,970 [Thread-460] TRACE segmented.SegmentedRaftLogCache (AutoCloseableReadWriteLock.java:logLocking(65)) - s0@group-B24AF063D807: readLock RELEASED 0 by SegmentedRaftLogCache.computeTruncateIndices
2022-08-08 17:04:51,970 [Thread-460] DEBUG raftlog.RaftLog (SegmentedRaftLog.java:appendImpl(447)) - truncateIndex=-1, arrayIndex=0
2022-08-08 17:04:51,970 [Thread-460] TRACE segmented.SegmentedRaftLogCache (AutoCloseableReadWriteLock.java:logLocking(65)) - s0@group-B24AF063D807: readLock ACQUIRED 1 by SegmentedRaftLogCache$LogSegmentList.countCached
2022-08-08 17:04:51,970 [Thread-460] TRACE segmented.SegmentedRaftLogCache (AutoCloseableReadWriteLock.java:logLocking(65)) - s0@group-B24AF063D807: readLock RELEASED 0 by SegmentedRaftLogCache$LogSegmentList.countCached
2022-08-08 17:04:51,970 [Thread-460] TRACE segmented.SegmentedRaftLogCache (AutoCloseableReadWriteLock.java:logLocking(65)) - s0@group-B24AF063D807: readLock ACQUIRED 1 by SegmentedRaftLogCache$LogSegmentList.getTotalCacheSize
2022-08-08 17:04:51,970 [Thread-460] TRACE segmented.SegmentedRaftLogCache (AutoCloseableReadWriteLock.java:logLocking(65)) - s0@group-B24AF063D807: readLock RELEASED 0 by SegmentedRaftLogCache$LogSegmentList.getTotalCacheSize
2022-08-08 17:04:51,970 [Thread-460] DEBUG segmented.SegmentedRaftLogWorker (SegmentedRaftLogWorker.java:addIOTask(270)) - s0@group-B24AF063D807-SegmentedRaftLogWorker adds IO task WriteLog:2: (t:1, i:2), METADATAENTRY(c:1)
2022-08-08 17:04:51,969 [Thread-467] TRACE segmented.SegmentedRaftLogCache (AutoCloseableReadWriteLock.java:logLocking(65)) -   s1@group-B24AF063D807: readLock ACQUIRED 2 by SegmentedRaftLogCache$LogSegmentList.binarySearch
2022-08-08 17:04:51,970 [Thread-467] TRACE segmented.SegmentedRaftLogCache (AutoCloseableReadWriteLock.java:logLocking(65)) -   s1@group-B24AF063D807: readLock RELEASED 1 by SegmentedRaftLogCache$LogSegmentList.binarySearch
2022-08-08 17:04:51,970 [Thread-467] TRACE segmented.SegmentedRaftLogCache (AutoCloseableReadWriteLock.java:logLocking(65)) -   s1@group-B24AF063D807: readLock ACQUIRED 2 by SegmentedRaftLogCache$LogSegmentList.size
2022-08-08 17:04:51,970 [Thread-467] TRACE segmented.SegmentedRaftLogCache (AutoCloseableReadWriteLock.java:logLocking(65)) -   s1@group-B24AF063D807: readLock RELEASED 1 by SegmentedRaftLogCache$LogSegmentList.size
2022-08-08 17:04:51,970 [Thread-467] TRACE segmented.SegmentedRaftLogCache (AutoCloseableReadWriteLock.java:logLocking(65)) - s1@group-B24AF063D807: readLock RELEASED 0 by SegmentedRaftLogCache.computeTruncateIndices
2022-08-08 17:04:51,970 [Thread-467] DEBUG raftlog.RaftLog (SegmentedRaftLog.java:appendImpl(447)) - truncateIndex=-1, arrayIndex=0
2022-08-08 17:04:51,970 [Thread-467] TRACE segmented.SegmentedRaftLogCache (AutoCloseableReadWriteLock.java:logLocking(65)) - s1@group-B24AF063D807: readLock ACQUIRED 1 by SegmentedRaftLogCache$LogSegmentList.countCached
2022-08-08 17:04:51,970 [Thread-467] TRACE segmented.SegmentedRaftLogCache (AutoCloseableReadWriteLock.java:logLocking(65)) - s1@group-B24AF063D807: readLock RELEASED 0 by SegmentedRaftLogCache$LogSegmentList.countCached
2022-08-08 17:04:51,970 [Thread-467] TRACE segmented.SegmentedRaftLogCache (AutoCloseableReadWriteLock.java:logLocking(65)) - s1@group-B24AF063D807: readLock ACQUIRED 1 by SegmentedRaftLogCache$LogSegmentList.getTotalCacheSize
2022-08-08 17:04:51,970 [Thread-467] TRACE segmented.SegmentedRaftLogCache (AutoCloseableReadWriteLock.java:logLocking(65)) - s1@group-B24AF063D807: readLock RELEASED 0 by SegmentedRaftLogCache$LogSegmentList.getTotalCacheSize
2022-08-08 17:04:51,971 [Thread-467] DEBUG segmented.SegmentedRaftLogWorker (SegmentedRaftLogWorker.java:addIOTask(270)) - s1@group-B24AF063D807-SegmentedRaftLogWorker adds IO task WriteLog:2: (t:1, i:2), METADATAENTRY(c:1)
2022-08-08 17:04:51,971 [s1@group-B24AF063D807-SegmentedRaftLogWorker] DEBUG segmented.SegmentedRaftLogWorker (SegmentedRaftLogWorker.java:flushIfNecessary(365)) - s1@group-B24AF063D807-SegmentedRaftLogWorker: flush SegmentedRaftLogOutputStream(/home/runner/work/ratis/ratis/ratis-test/target/test/data/b051e71b/MiniRaftClusterWithSimulatedRpc1ec78f08/s1/0d1e7fc9-4c77-451a-91df-b24af063d807/current/log_inprogress_0)
2022-08-08 17:04:51,971 [s0@group-B24AF063D807-SegmentedRaftLogWorker] DEBUG segmented.SegmentedRaftLogWorker (SegmentedRaftLogWorker.java:flushIfNecessary(365)) - s0@group-B24AF063D807-SegmentedRaftLogWorker: flush SegmentedRaftLogOutputStream(/home/runner/work/ratis/ratis/ratis-test/target/test/data/b051e71b/MiniRaftClusterWithSimulatedRpc1ec78f08/s0/0d1e7fc9-4c77-451a-91df-b24af063d807/current/log_inprogress_0)
2022-08-08 17:04:51,971 [s1@group-B24AF063D807-StateMachineUpdater] INFO  statemachine.SimpleStateMachine4Testing (SimpleStateMachine4Testing.java:put(204)) - s1: put 1, m0 -> (t:1, i:1), STATEMACHINELOGENTRY, 143@client-6250EC404864
2022-08-08 17:04:51,972 [s0@group-B24AF063D807-StateMachineUpdater] INFO  statemachine.SimpleStateMachine4Testing (SimpleStateMachine4Testing.java:put(204)) - s0: put 1, m0 -> (t:1, i:1), STATEMACHINELOGENTRY, 143@client-6250EC404864
2022-08-08 17:04:51,972 [s2@group-B24AF063D807->s0-LogAppenderDefault-LogAppenderDaemon] TRACE segmented.SegmentedRaftLogCache (AutoCloseableReadWriteLock.java:logLocking(65)) - s2@group-B24AF063D807: readLock ACQUIRED 1 by SegmentedRaftLogCache.getLastTermIndex
2022-08-08 17:04:51,972 [s2@group-B24AF063D807->s0-LogAppenderDefault-LogAppenderDaemon] TRACE segmented.SegmentedRaftLogCache (AutoCloseableReadWriteLock.java:logLocking(65)) - s2@group-B24AF063D807: readLock RELEASED 0 by SegmentedRaftLogCache.getLastTermIndex
2022-08-08 17:04:51,972 [s2@group-B24AF063D807-LeaderStateImpl] TRACE segmented.SegmentedRaftLogCache (AutoCloseableReadWriteLock.java:logLocking(65)) - s2@group-B24AF063D807: readLock ACQUIRED 1 by SegmentedRaftLogCache.getStartIndex
2022-08-08 17:04:51,972 [s2@group-B24AF063D807-LeaderStateImpl] TRACE segmented.SegmentedRaftLogCache (AutoCloseableReadWriteLock.java:logLocking(65)) -   s2@group-B24AF063D807: readLock ACQUIRED 2 by SegmentedRaftLogCache$LogSegmentList.isEmpty
2022-08-08 17:04:51,972 [s2@group-B24AF063D807-LeaderStateImpl] TRACE segmented.SegmentedRaftLogCache (AutoCloseableReadWriteLock.java:logLocking(65)) -   s2@group-B24AF063D807: readLock RELEASED 1 by SegmentedRaftLogCache$LogSegmentList.isEmpty
2022-08-08 17:04:51,972 [s2@group-B24AF063D807-LeaderStateImpl] TRACE segmented.SegmentedRaftLogCache (AutoCloseableReadWriteLock.java:logLocking(65)) - s2@group-B24AF063D807: readLock RELEASED 0 by SegmentedRaftLogCache.getStartIndex
2022-08-08 17:04:51,972 [s2@group-B24AF063D807-LeaderStateImpl] TRACE segmented.SegmentedRaftLogCache (AutoCloseableReadWriteLock.java:logLocking(65)) - s2@group-B24AF063D807: readLock ACQUIRED 1 by SegmentedRaftLogCache.getEndIndex
2022-08-08 17:04:51,972 [s2@group-B24AF063D807-LeaderStateImpl] TRACE segmented.SegmentedRaftLogCache (AutoCloseableReadWriteLock.java:logLocking(65)) - s2@group-B24AF063D807: readLock RELEASED 0 by SegmentedRaftLogCache.getEndIndex
2022-08-08 17:04:51,972 [s2@group-B24AF063D807-LeaderStateImpl] TRACE segmented.SegmentedRaftLogCache (AutoCloseableReadWriteLock.java:logLocking(65)) - s2@group-B24AF063D807: readLock ACQUIRED 1 by SegmentedRaftLogCache$LogSegmentList.getTermIndex
2022-08-08 17:04:51,972 [s2@group-B24AF063D807-LeaderStateImpl] TRACE segmented.SegmentedRaftLogCache (AutoCloseableReadWriteLock.java:logLocking(65)) - s2@group-B24AF063D807: readLock RELEASED 0 by SegmentedRaftLogCache$LogSegmentList.getTermIndex
2022-08-08 17:04:51,972 [s2@group-B24AF063D807->s0-LogAppenderDefault-LogAppenderDaemon] TRACE segmented.SegmentedRaftLogCache (AutoCloseableReadWriteLock.java:logLocking(65)) - s2@group-B24AF063D807: readLock ACQUIRED 1 by SegmentedRaftLogCache.getLastTermIndex
2022-08-08 17:04:51,973 [s2@group-B24AF063D807->s0-LogAppenderDefault-LogAppenderDaemon] TRACE segmented.SegmentedRaftLogCache (AutoCloseableReadWriteLock.java:logLocking(65)) - s2@group-B24AF063D807: readLock RELEASED 0 by SegmentedRaftLogCache.getLastTermIndex
2022-08-08 17:04:51,973 [s2@group-B24AF063D807->s0-LogAppenderDefault-LogAppenderDaemon] TRACE segmented.SegmentedRaftLogCache (AutoCloseableReadWriteLock.java:logLocking(65)) - s2@group-B24AF063D807: readLock ACQUIRED 1 by SegmentedRaftLogCache.getLastTermIndex
2022-08-08 17:04:51,973 [s2@group-B24AF063D807->s0-LogAppenderDefault-LogAppenderDaemon] TRACE segmented.SegmentedRaftLogCache (AutoCloseableReadWriteLock.java:logLocking(65)) - s2@group-B24AF063D807: readLock RELEASED 0 by SegmentedRaftLogCache.getLastTermIndex
2022-08-08 17:04:51,973 [s2@group-B24AF063D807->s1-LogAppenderDefault-LogAppenderDaemon] TRACE segmented.SegmentedRaftLogCache (AutoCloseableReadWriteLock.java:logLocking(65)) - s2@group-B24AF063D807: readLock ACQUIRED 1 by SegmentedRaftLogCache.getLastTermIndex
2022-08-08 17:04:51,973 [s2@group-B24AF063D807->s1-LogAppenderDefault-LogAppenderDaemon] TRACE segmented.SegmentedRaftLogCache (AutoCloseableReadWriteLock.java:logLocking(65)) - s2@group-B24AF063D807: readLock RELEASED 0 by SegmentedRaftLogCache.getLastTermIndex
2022-08-08 17:04:51,973 [s2@group-B24AF063D807->s0-LogAppenderDefault-LogAppenderDaemon] TRACE segmented.SegmentedRaftLogCache (AutoCloseableReadWriteLock.java:logLocking(65)) - s2@group-B24AF063D807: readLock ACQUIRED 1 by SegmentedRaftLogCache.getLastTermIndex
2022-08-08 17:04:51,973 [s2@group-B24AF063D807->s0-LogAppenderDefault-LogAppenderDaemon] TRACE segmented.SegmentedRaftLogCache (AutoCloseableReadWriteLock.java:logLocking(65)) - s2@group-B24AF063D807: readLock RELEASED 0 by SegmentedRaftLogCache.getLastTermIndex
2022-08-08 17:04:51,973 [s2@group-B24AF063D807->s0-LogAppenderDefault-LogAppenderDaemon] TRACE segmented.SegmentedRaftLogCache (AutoCloseableReadWriteLock.java:logLocking(65)) - s2@group-B24AF063D807: readLock ACQUIRED 1 by SegmentedRaftLogCache.getLastTermIndex
2022-08-08 17:04:51,973 [s2@group-B24AF063D807->s0-LogAppenderDefault-LogAppenderDaemon] TRACE segmented.SegmentedRaftLogCache (AutoCloseableReadWriteLock.java:logLocking(65)) - s2@group-B24AF063D807: readLock RELEASED 0 by SegmentedRaftLogCache.getLastTermIndex
2022-08-08 17:04:51,977 [s2-client-thread1] TRACE segmented.SegmentedRaftLogCache (AutoCloseableReadWriteLock.java:logLocking(65)) - s2@group-B24AF063D807: readLock ACQUIRED 1 by SegmentedRaftLogCache.getLastTermIndex
2022-08-08 17:04:51,977 [s2-client-thread1] TRACE segmented.SegmentedRaftLogCache (AutoCloseableReadWriteLock.java:logLocking(65)) - s2@group-B24AF063D807: readLock RELEASED 0 by SegmentedRaftLogCache.getLastTermIndex
2022-08-08 17:04:51,978 [s2-client-thread1] TRACE segmented.SegmentedRaftLogCache (AutoCloseableReadWriteLock.java:logLocking(65)) - s2@group-B24AF063D807: readLock ACQUIRED 1 by SegmentedRaftLogCache.getLastTermIndex
2022-08-08 17:04:51,978 [s2-client-thread1] TRACE segmented.SegmentedRaftLogCache (AutoCloseableReadWriteLock.java:logLocking(65)) - s2@group-B24AF063D807: readLock RELEASED 0 by SegmentedRaftLogCache.getLastTermIndex
2022-08-08 17:04:51,978 [s2-client-thread1] TRACE segmented.SegmentedRaftLogCache (AutoCloseableReadWriteLock.java:logLocking(65)) - s2@group-B24AF063D807: readLock ACQUIRED 1 by SegmentedRaftLogCache$LogSegmentList.countCached
2022-08-08 17:04:51,978 [s2-client-thread1] TRACE segmented.SegmentedRaftLogCache (AutoCloseableReadWriteLock.java:logLocking(65)) - s2@group-B24AF063D807: readLock RELEASED 0 by SegmentedRaftLogCache$LogSegmentList.countCached
2022-08-08 17:04:51,978 [s2-client-thread1] TRACE segmented.SegmentedRaftLogCache (AutoCloseableReadWriteLock.java:logLocking(65)) - s2@group-B24AF063D807: readLock ACQUIRED 1 by SegmentedRaftLogCache$LogSegmentList.getTotalCacheSize
2022-08-08 17:04:51,978 [s2-client-thread1] TRACE segmented.SegmentedRaftLogCache (AutoCloseableReadWriteLock.java:logLocking(65)) - s2@group-B24AF063D807: readLock RELEASED 0 by SegmentedRaftLogCache$LogSegmentList.getTotalCacheSize
2022-08-08 17:04:51,978 [s2-client-thread1] DEBUG segmented.SegmentedRaftLogWorker (SegmentedRaftLogWorker.java:addIOTask(270)) - s2@group-B24AF063D807-SegmentedRaftLogWorker adds IO task WriteLog:3: (t:1, i:3), STATEMACHINELOGENTRY, StateMachineLogEntryProto:150@client-6250EC404864
2022-08-08 17:04:51,978 [s2@group-B24AF063D807->s0-LogAppenderDefault-LogAppenderDaemon] TRACE segmented.SegmentedRaftLogCache (AutoCloseableReadWriteLock.java:logLocking(65)) - s2@group-B24AF063D807: readLock ACQUIRED 1 by SegmentedRaftLogCache.getLastTermIndex
2022-08-08 17:04:51,978 [s2@group-B24AF063D807->s0-LogAppenderDefault-LogAppenderDaemon] TRACE segmented.SegmentedRaftLogCache (AutoCloseableReadWriteLock.java:logLocking(65)) - s2@group-B24AF063D807: readLock RELEASED 0 by SegmentedRaftLogCache.getLastTermIndex
2022-08-08 17:04:51,978 [s2@group-B24AF063D807-SegmentedRaftLogWorker] DEBUG segmented.SegmentedRaftLogWorker (SegmentedRaftLogWorker.java:flushIfNecessary(365)) - s2@group-B24AF063D807-SegmentedRaftLogWorker: flush SegmentedRaftLogOutputStream(/home/runner/work/ratis/ratis/ratis-test/target/test/data/b051e71b/MiniRaftClusterWithSimulatedRpc1ec78f08/s2/0d1e7fc9-4c77-451a-91df-b24af063d807/current/log_inprogress_0)
2022-08-08 17:04:51,978 [s2@group-B24AF063D807->s1-LogAppenderDefault-LogAppenderDaemon] TRACE segmented.SegmentedRaftLogCache (AutoCloseableReadWriteLock.java:logLocking(65)) -   s2@group-B24AF063D807: readLock ACQUIRED 2 by SegmentedRaftLogCache.getLastTermIndex
2022-08-08 17:04:51,978 [s2@group-B24AF063D807->s1-LogAppenderDefault-LogAppenderDaemon] TRACE segmented.SegmentedRaftLogCache (AutoCloseableReadWriteLock.java:logLocking(65)) -   s2@group-B24AF063D807: readLock RELEASED 1 by SegmentedRaftLogCache.getLastTermIndex
2022-08-08 17:04:51,978 [s2@group-B24AF063D807->s1-LogAppenderDefault-LogAppenderDaemon] TRACE segmented.SegmentedRaftLogCache (AutoCloseableReadWriteLock.java:logLocking(65)) -   s2@group-B24AF063D807: readLock ACQUIRED 2 by SegmentedRaftLogCache.getLastTermIndex
2022-08-08 17:04:51,978 [s2@group-B24AF063D807->s1-LogAppenderDefault-LogAppenderDaemon] TRACE segmented.SegmentedRaftLogCache (AutoCloseableReadWriteLock.java:logLocking(65)) -   s2@group-B24AF063D807: readLock RELEASED 1 by SegmentedRaftLogCache.getLastTermIndex
2022-08-08 17:04:51,978 [s2@group-B24AF063D807->s0-LogAppenderDefault-LogAppenderDaemon] TRACE segmented.SegmentedRaftLogCache (AutoCloseableReadWriteLock.java:logLocking(65)) - s2@group-B24AF063D807: readLock ACQUIRED 1 by SegmentedRaftLogCache.getLastTermIndex
2022-08-08 17:04:51,979 [s2@group-B24AF063D807->s0-LogAppenderDefault-LogAppenderDaemon] TRACE segmented.SegmentedRaftLogCache (AutoCloseableReadWriteLock.java:logLocking(65)) -   s2@group-B24AF063D807: readLock RELEASED 1 by SegmentedRaftLogCache.getLastTermIndex
2022-08-08 17:04:51,979 [s2@group-B24AF063D807->s0-LogAppenderDefault-LogAppenderDaemon] TRACE segmented.SegmentedRaftLogCache (AutoCloseableReadWriteLock.java:logLocking(65)) -   s2@group-B24AF063D807: readLock ACQUIRED 2 by SegmentedRaftLogCache.getStartIndex
2022-08-08 17:04:51,979 [s2@group-B24AF063D807->s0-LogAppenderDefault-LogAppenderDaemon] TRACE segmented.SegmentedRaftLogCache (AutoCloseableReadWriteLock.java:logLocking(65)) -     s2@group-B24AF063D807: readLock ACQUIRED 3 by SegmentedRaftLogCache$LogSegmentList.isEmpty
2022-08-08 17:04:51,979 [s2@group-B24AF063D807->s0-LogAppenderDefault-LogAppenderDaemon] TRACE segmented.SegmentedRaftLogCache (AutoCloseableReadWriteLock.java:logLocking(65)) -     s2@group-B24AF063D807: readLock RELEASED 2 by SegmentedRaftLogCache$LogSegmentList.isEmpty
2022-08-08 17:04:51,979 [s2@group-B24AF063D807->s0-LogAppenderDefault-LogAppenderDaemon] TRACE segmented.SegmentedRaftLogCache (AutoCloseableReadWriteLock.java:logLocking(65)) -   s2@group-B24AF063D807: readLock RELEASED 1 by SegmentedRaftLogCache.getStartIndex
2022-08-08 17:04:51,979 [s2@group-B24AF063D807->s0-LogAppenderDefault-LogAppenderDaemon] TRACE segmented.SegmentedRaftLogCache (AutoCloseableReadWriteLock.java:logLocking(65)) -   s2@group-B24AF063D807: readLock ACQUIRED 2 by SegmentedRaftLogCache.getLastTermIndex
2022-08-08 17:04:51,979 [s2@group-B24AF063D807->s0-LogAppenderDefault-LogAppenderDaemon] TRACE segmented.SegmentedRaftLogCache (AutoCloseableReadWriteLock.java:logLocking(65)) -   s2@group-B24AF063D807: readLock RELEASED 1 by SegmentedRaftLogCache.getLastTermIndex
2022-08-08 17:04:51,979 [Thread-461] TRACE segmented.SegmentedRaftLogCache (AutoCloseableReadWriteLock.java:logLocking(65)) - s0@group-B24AF063D807: readLock ACQUIRED 1 by SegmentedRaftLogCache.computeTruncateIndices
2022-08-08 17:04:51,979 [Thread-461] TRACE segmented.SegmentedRaftLogCache (AutoCloseableReadWriteLock.java:logLocking(65)) -   s0@group-B24AF063D807: readLock ACQUIRED 2 by SegmentedRaftLogCache$LogSegmentList.binarySearch
2022-08-08 17:04:51,979 [Thread-461] TRACE segmented.SegmentedRaftLogCache (AutoCloseableReadWriteLock.java:logLocking(65)) -   s0@group-B24AF063D807: readLock RELEASED 1 by SegmentedRaftLogCache$LogSegmentList.binarySearch
2022-08-08 17:04:51,979 [Thread-461] TRACE segmented.SegmentedRaftLogCache (AutoCloseableReadWriteLock.java:logLocking(65)) -   s0@group-B24AF063D807: readLock ACQUIRED 2 by SegmentedRaftLogCache$LogSegmentList.size
2022-08-08 17:04:51,979 [Thread-461] TRACE segmented.SegmentedRaftLogCache (AutoCloseableReadWriteLock.java:logLocking(65)) -   s0@group-B24AF063D807: readLock RELEASED 1 by SegmentedRaftLogCache$LogSegmentList.size
2022-08-08 17:04:51,979 [Thread-461] TRACE segmented.SegmentedRaftLogCache (AutoCloseableReadWriteLock.java:logLocking(65)) - s0@group-B24AF063D807: readLock RELEASED 0 by SegmentedRaftLogCache.computeTruncateIndices
2022-08-08 17:04:51,979 [Thread-461] DEBUG raftlog.RaftLog (SegmentedRaftLog.java:appendImpl(447)) - truncateIndex=-1, arrayIndex=0
2022-08-08 17:04:51,979 [Thread-461] TRACE segmented.SegmentedRaftLogCache (AutoCloseableReadWriteLock.java:logLocking(65)) - s0@group-B24AF063D807: readLock ACQUIRED 1 by SegmentedRaftLogCache.getLastTermIndex
2022-08-08 17:04:51,979 [Thread-461] TRACE segmented.SegmentedRaftLogCache (AutoCloseableReadWriteLock.java:logLocking(65)) - s0@group-B24AF063D807: readLock RELEASED 0 by SegmentedRaftLogCache.getLastTermIndex
2022-08-08 17:04:51,980 [Thread-461] TRACE segmented.SegmentedRaftLogCache (AutoCloseableReadWriteLock.java:logLocking(65)) - s0@group-B24AF063D807: readLock ACQUIRED 1 by SegmentedRaftLogCache$LogSegmentList.countCached
2022-08-08 17:04:51,980 [Thread-461] TRACE segmented.SegmentedRaftLogCache (AutoCloseableReadWriteLock.java:logLocking(65)) - s0@group-B24AF063D807: readLock RELEASED 0 by SegmentedRaftLogCache$LogSegmentList.countCached
2022-08-08 17:04:51,980 [Thread-461] TRACE segmented.SegmentedRaftLogCache (AutoCloseableReadWriteLock.java:logLocking(65)) - s0@group-B24AF063D807: readLock ACQUIRED 1 by SegmentedRaftLogCache$LogSegmentList.getTotalCacheSize
2022-08-08 17:04:51,980 [Thread-461] TRACE segmented.SegmentedRaftLogCache (AutoCloseableReadWriteLock.java:logLocking(65)) - s0@group-B24AF063D807: readLock RELEASED 0 by SegmentedRaftLogCache$LogSegmentList.getTotalCacheSize
2022-08-08 17:04:51,980 [Thread-461] DEBUG segmented.SegmentedRaftLogWorker (SegmentedRaftLogWorker.java:addIOTask(270)) - s0@group-B24AF063D807-SegmentedRaftLogWorker adds IO task WriteLog:3: (t:1, i:3), STATEMACHINELOGENTRY, StateMachineLogEntryProto:150@client-6250EC404864
2022-08-08 17:04:51,980 [s0@group-B24AF063D807-SegmentedRaftLogWorker] DEBUG segmented.SegmentedRaftLogWorker (SegmentedRaftLogWorker.java:flushIfNecessary(365)) - s0@group-B24AF063D807-SegmentedRaftLogWorker: flush SegmentedRaftLogOutputStream(/home/runner/work/ratis/ratis/ratis-test/target/test/data/b051e71b/MiniRaftClusterWithSimulatedRpc1ec78f08/s0/0d1e7fc9-4c77-451a-91df-b24af063d807/current/log_inprogress_0)
2022-08-08 17:04:51,979 [s2@group-B24AF063D807->s1-LogAppenderDefault-LogAppenderDaemon] TRACE segmented.SegmentedRaftLogCache (AutoCloseableReadWriteLock.java:logLocking(65)) -   s2@group-B24AF063D807: readLock ACQUIRED 2 by SegmentedRaftLogCache.getStartIndex
2022-08-08 17:04:51,980 [s2@group-B24AF063D807->s1-LogAppenderDefault-LogAppenderDaemon] TRACE segmented.SegmentedRaftLogCache (AutoCloseableReadWriteLock.java:logLocking(65)) -   s2@group-B24AF063D807: readLock ACQUIRED 2 by SegmentedRaftLogCache$LogSegmentList.isEmpty
2022-08-08 17:04:51,980 [s2@group-B24AF063D807->s1-LogAppenderDefault-LogAppenderDaemon] TRACE segmented.SegmentedRaftLogCache (AutoCloseableReadWriteLock.java:logLocking(65)) -   s2@group-B24AF063D807: readLock RELEASED 1 by SegmentedRaftLogCache$LogSegmentList.isEmpty
2022-08-08 17:04:51,980 [s2@group-B24AF063D807->s1-LogAppenderDefault-LogAppenderDaemon] TRACE segmented.SegmentedRaftLogCache (AutoCloseableReadWriteLock.java:logLocking(65)) - s2@group-B24AF063D807: readLock RELEASED 0 by SegmentedRaftLogCache.getStartIndex
2022-08-08 17:04:51,980 [s2@group-B24AF063D807->s1-LogAppenderDefault-LogAppenderDaemon] TRACE segmented.SegmentedRaftLogCache (AutoCloseableReadWriteLock.java:logLocking(65)) - s2@group-B24AF063D807: readLock ACQUIRED 1 by SegmentedRaftLogCache.getLastTermIndex
2022-08-08 17:04:51,980 [s2@group-B24AF063D807->s1-LogAppenderDefault-LogAppenderDaemon] TRACE segmented.SegmentedRaftLogCache (AutoCloseableReadWriteLock.java:logLocking(65)) - s2@group-B24AF063D807: readLock RELEASED 0 by SegmentedRaftLogCache.getLastTermIndex
2022-08-08 17:04:51,980 [Thread-468] TRACE segmented.SegmentedRaftLogCache (AutoCloseableReadWriteLock.java:logLocking(65)) - s1@group-B24AF063D807: readLock ACQUIRED 1 by SegmentedRaftLogCache.computeTruncateIndices
2022-08-08 17:04:51,981 [Thread-468] TRACE segmented.SegmentedRaftLogCache (AutoCloseableReadWriteLock.java:logLocking(65)) -   s1@group-B24AF063D807: readLock ACQUIRED 2 by SegmentedRaftLogCache$LogSegmentList.binarySearch
2022-08-08 17:04:51,981 [Thread-468] TRACE segmented.SegmentedRaftLogCache (AutoCloseableReadWriteLock.java:logLocking(65)) -   s1@group-B24AF063D807: readLock RELEASED 1 by SegmentedRaftLogCache$LogSegmentList.binarySearch
2022-08-08 17:04:51,981 [Thread-468] TRACE segmented.SegmentedRaftLogCache (AutoCloseableReadWriteLock.java:logLocking(65)) -   s1@group-B24AF063D807: readLock ACQUIRED 2 by SegmentedRaftLogCache$LogSegmentList.size
2022-08-08 17:04:51,981 [Thread-468] TRACE segmented.SegmentedRaftLogCache (AutoCloseableReadWriteLock.java:logLocking(65)) -   s1@group-B24AF063D807: readLock RELEASED 1 by SegmentedRaftLogCache$LogSegmentList.size
2022-08-08 17:04:51,981 [Thread-468] TRACE segmented.SegmentedRaftLogCache (AutoCloseableReadWriteLock.java:logLocking(65)) - s1@group-B24AF063D807: readLock RELEASED 0 by SegmentedRaftLogCache.computeTruncateIndices
2022-08-08 17:04:51,981 [Thread-468] DEBUG raftlog.RaftLog (SegmentedRaftLog.java:appendImpl(447)) - truncateIndex=-1, arrayIndex=0
2022-08-08 17:04:51,981 [Thread-468] TRACE segmented.SegmentedRaftLogCache (AutoCloseableReadWriteLock.java:logLocking(65)) - s1@group-B24AF063D807: readLock ACQUIRED 1 by SegmentedRaftLogCache.getLastTermIndex
2022-08-08 17:04:51,981 [Thread-468] TRACE segmented.SegmentedRaftLogCache (AutoCloseableReadWriteLock.java:logLocking(65)) - s1@group-B24AF063D807: readLock RELEASED 0 by SegmentedRaftLogCache.getLastTermIndex
2022-08-08 17:04:51,981 [s2@group-B24AF063D807-LeaderStateImpl] TRACE segmented.SegmentedRaftLogCache (AutoCloseableReadWriteLock.java:logLocking(65)) -   s2@group-B24AF063D807: readLock ACQUIRED 2 by SegmentedRaftLogCache.getStartIndex
2022-08-08 17:04:51,981 [s2@group-B24AF063D807-LeaderStateImpl] TRACE segmented.SegmentedRaftLogCache (AutoCloseableReadWriteLock.java:logLocking(65)) -     s2@group-B24AF063D807: readLock ACQUIRED 3 by SegmentedRaftLogCache$LogSegmentList.isEmpty
2022-08-08 17:04:51,981 [s2@group-B24AF063D807-LeaderStateImpl] TRACE segmented.SegmentedRaftLogCache (AutoCloseableReadWriteLock.java:logLocking(65)) -     s2@group-B24AF063D807: readLock RELEASED 2 by SegmentedRaftLogCache$LogSegmentList.isEmpty
2022-08-08 17:04:51,981 [s2@group-B24AF063D807-LeaderStateImpl] TRACE segmented.SegmentedRaftLogCache (AutoCloseableReadWriteLock.java:logLocking(65)) -   s2@group-B24AF063D807: readLock RELEASED 1 by SegmentedRaftLogCache.getStartIndex
2022-08-08 17:04:51,981 [s2@group-B24AF063D807-LeaderStateImpl] TRACE segmented.SegmentedRaftLogCache (AutoCloseableReadWriteLock.java:logLocking(65)) -   s2@group-B24AF063D807: readLock ACQUIRED 2 by SegmentedRaftLogCache.getEndIndex
2022-08-08 17:04:51,981 [s2@group-B24AF063D807-LeaderStateImpl] TRACE segmented.SegmentedRaftLogCache (AutoCloseableReadWriteLock.java:logLocking(65)) -   s2@group-B24AF063D807: readLock RELEASED 1 by SegmentedRaftLogCache.getEndIndex
2022-08-08 17:04:51,981 [s2@group-B24AF063D807-LeaderStateImpl] TRACE segmented.SegmentedRaftLogCache (AutoCloseableReadWriteLock.java:logLocking(65)) -   s2@group-B24AF063D807: readLock ACQUIRED 2 by SegmentedRaftLogCache$LogSegmentList.getTermIndex
2022-08-08 17:04:51,981 [s2@group-B24AF063D807-LeaderStateImpl] TRACE segmented.SegmentedRaftLogCache (AutoCloseableReadWriteLock.java:logLocking(65)) -   s2@group-B24AF063D807: readLock RELEASED 1 by SegmentedRaftLogCache$LogSegmentList.getTermIndex
2022-08-08 17:04:51,981 [s2@group-B24AF063D807->s0-LogAppenderDefault-LogAppenderDaemon] TRACE segmented.SegmentedRaftLogCache (AutoCloseableReadWriteLock.java:logLocking(65)) - s2@group-B24AF063D807: readLock ACQUIRED 1 by SegmentedRaftLogCache.getLastTermIndex
2022-08-08 17:04:51,981 [s2@group-B24AF063D807->s0-LogAppenderDefault-LogAppenderDaemon] TRACE segmented.SegmentedRaftLogCache (AutoCloseableReadWriteLock.java:logLocking(65)) - s2@group-B24AF063D807: readLock RELEASED 0 by SegmentedRaftLogCache.getLastTermIndex
2022-08-08 17:04:51,981 [Thread-468] TRACE segmented.SegmentedRaftLogCache (AutoCloseableReadWriteLock.java:logLocking(65)) - s1@group-B24AF063D807: readLock ACQUIRED 1 by SegmentedRaftLogCache$LogSegmentList.countCached
2022-08-08 17:04:51,981 [s2@group-B24AF063D807-LeaderStateImpl] TRACE segmented.SegmentedRaftLogCache (AutoCloseableReadWriteLock.java:logLocking(65)) - s2@group-B24AF063D807: readLock ACQUIRED 1 by SegmentedRaftLogCache.getLastTermIndex
2022-08-08 17:04:51,981 [s2@group-B24AF063D807-LeaderStateImpl] TRACE segmented.SegmentedRaftLogCache (AutoCloseableReadWriteLock.java:logLocking(65)) - s2@group-B24AF063D807: readLock RELEASED 0 by SegmentedRaftLogCache.getLastTermIndex
2022-08-08 17:04:51,981 [Thread-468] TRACE segmented.SegmentedRaftLogCache (AutoCloseableReadWriteLock.java:logLocking(65)) - s1@group-B24AF063D807: readLock RELEASED 0 by SegmentedRaftLogCache$LogSegmentList.countCached
2022-08-08 17:04:51,982 [s2@group-B24AF063D807-LeaderStateImpl] TRACE segmented.SegmentedRaftLogCache (AutoCloseableReadWriteLock.java:logLocking(65)) - s2@group-B24AF063D807: readLock ACQUIRED 1 by SegmentedRaftLogCache$LogSegmentList.countCached
2022-08-08 17:04:51,982 [s2@group-B24AF063D807-LeaderStateImpl] TRACE segmented.SegmentedRaftLogCache (AutoCloseableReadWriteLock.java:logLocking(65)) - s2@group-B24AF063D807: readLock RELEASED 0 by SegmentedRaftLogCache$LogSegmentList.countCached
2022-08-08 17:04:51,982 [s2@group-B24AF063D807-LeaderStateImpl] TRACE segmented.SegmentedRaftLogCache (AutoCloseableReadWriteLock.java:logLocking(65)) - s2@group-B24AF063D807: readLock ACQUIRED 1 by SegmentedRaftLogCache$LogSegmentList.getTotalCacheSize
2022-08-08 17:04:51,982 [s2@group-B24AF063D807-LeaderStateImpl] TRACE segmented.SegmentedRaftLogCache (AutoCloseableReadWriteLock.java:logLocking(65)) - s2@group-B24AF063D807: readLock RELEASED 0 by SegmentedRaftLogCache$LogSegmentList.getTotalCacheSize
2022-08-08 17:04:51,982 [s2@group-B24AF063D807-LeaderStateImpl] DEBUG segmented.SegmentedRaftLogWorker (SegmentedRaftLogWorker.java:addIOTask(270)) - s2@group-B24AF063D807-SegmentedRaftLogWorker adds IO task WriteLog:4: (t:1, i:4), METADATAENTRY(c:3)
2022-08-08 17:04:51,982 [s2@group-B24AF063D807-SegmentedRaftLogWorker] DEBUG segmented.SegmentedRaftLogWorker (SegmentedRaftLogWorker.java:flushIfNecessary(365)) - s2@group-B24AF063D807-SegmentedRaftLogWorker: flush SegmentedRaftLogOutputStream(/home/runner/work/ratis/ratis/ratis-test/target/test/data/b051e71b/MiniRaftClusterWithSimulatedRpc1ec78f08/s2/0d1e7fc9-4c77-451a-91df-b24af063d807/current/log_inprogress_0)
2022-08-08 17:04:51,982 [Thread-468] TRACE segmented.SegmentedRaftLogCache (AutoCloseableReadWriteLock.java:logLocking(65)) - s1@group-B24AF063D807: readLock ACQUIRED 1 by SegmentedRaftLogCache$LogSegmentList.getTotalCacheSize
2022-08-08 17:04:51,982 [Thread-468] TRACE segmented.SegmentedRaftLogCache (AutoCloseableReadWriteLock.java:logLocking(65)) - s1@group-B24AF063D807: readLock RELEASED 0 by SegmentedRaftLogCache$LogSegmentList.getTotalCacheSize
2022-08-08 17:04:51,982 [Thread-468] DEBUG segmented.SegmentedRaftLogWorker (SegmentedRaftLogWorker.java:addIOTask(270)) - s1@group-B24AF063D807-SegmentedRaftLogWorker adds IO task WriteLog:3: (t:1, i:3), STATEMACHINELOGENTRY, StateMachineLogEntryProto:150@client-6250EC404864
2022-08-08 17:04:51,982 [s2@group-B24AF063D807-StateMachineUpdater] INFO  statemachine.SimpleStateMachine4Testing (SimpleStateMachine4Testing.java:put(204)) - s2: put 3, m1 -> (t:1, i:3), STATEMACHINELOGENTRY, 150@client-6250EC404864
2022-08-08 17:04:51,982 [s1@group-B24AF063D807-SegmentedRaftLogWorker] DEBUG segmented.SegmentedRaftLogWorker (SegmentedRaftLogWorker.java:flushIfNecessary(365)) - s1@group-B24AF063D807-SegmentedRaftLogWorker: flush SegmentedRaftLogOutputStream(/home/runner/work/ratis/ratis/ratis-test/target/test/data/b051e71b/MiniRaftClusterWithSimulatedRpc1ec78f08/s1/0d1e7fc9-4c77-451a-91df-b24af063d807/current/log_inprogress_0)
2022-08-08 17:04:51,983 [s2@group-B24AF063D807->s0-LogAppenderDefault-LogAppenderDaemon] TRACE segmented.SegmentedRaftLogCache (AutoCloseableReadWriteLock.java:logLocking(65)) - s2@group-B24AF063D807: readLock ACQUIRED 1 by SegmentedRaftLogCache.getLastTermIndex
2022-08-08 17:04:51,983 [s2@group-B24AF063D807->s0-LogAppenderDefault-LogAppenderDaemon] TRACE segmented.SegmentedRaftLogCache (AutoCloseableReadWriteLock.java:logLocking(65)) - s2@group-B24AF063D807: readLock RELEASED 0 by SegmentedRaftLogCache.getLastTermIndex
2022-08-08 17:04:51,983 [s2@group-B24AF063D807->s0-LogAppenderDefault-LogAppenderDaemon] TRACE segmented.SegmentedRaftLogCache (AutoCloseableReadWriteLock.java:logLocking(65)) - s2@group-B24AF063D807: readLock ACQUIRED 1 by SegmentedRaftLogCache.getLastTermIndex
2022-08-08 17:04:51,983 [s2@group-B24AF063D807->s0-LogAppenderDefault-LogAppenderDaemon] TRACE segmented.SegmentedRaftLogCache (AutoCloseableReadWriteLock.java:logLocking(65)) - s2@group-B24AF063D807: readLock RELEASED 0 by SegmentedRaftLogCache.getLastTermIndex
2022-08-08 17:04:51,983 [s2@group-B24AF063D807->s0-LogAppenderDefault-LogAppenderDaemon] TRACE segmented.SegmentedRaftLogCache (AutoCloseableReadWriteLock.java:logLocking(65)) - s2@group-B24AF063D807: readLock ACQUIRED 1 by SegmentedRaftLogCache.getStartIndex
2022-08-08 17:04:51,983 [s2@group-B24AF063D807->s0-LogAppenderDefault-LogAppenderDaemon] TRACE segmented.SegmentedRaftLogCache (AutoCloseableReadWriteLock.java:logLocking(65)) -   s2@group-B24AF063D807: readLock ACQUIRED 2 by SegmentedRaftLogCache$LogSegmentList.isEmpty
2022-08-08 17:04:51,983 [s2@group-B24AF063D807->s0-LogAppenderDefault-LogAppenderDaemon] TRACE segmented.SegmentedRaftLogCache (AutoCloseableReadWriteLock.java:logLocking(65)) -   s2@group-B24AF063D807: readLock RELEASED 1 by SegmentedRaftLogCache$LogSegmentList.isEmpty
2022-08-08 17:04:51,983 [s2@group-B24AF063D807->s0-LogAppenderDefault-LogAppenderDaemon] TRACE segmented.SegmentedRaftLogCache (AutoCloseableReadWriteLock.java:logLocking(65)) - s2@group-B24AF063D807: readLock RELEASED 0 by SegmentedRaftLogCache.getStartIndex
2022-08-08 17:04:51,983 [s2@group-B24AF063D807->s0-LogAppenderDefault-LogAppenderDaemon] TRACE segmented.SegmentedRaftLogCache (AutoCloseableReadWriteLock.java:logLocking(65)) - s2@group-B24AF063D807: readLock ACQUIRED 1 by SegmentedRaftLogCache.getLastTermIndex
2022-08-08 17:04:51,983 [s2@group-B24AF063D807->s0-LogAppenderDefault-LogAppenderDaemon] TRACE segmented.SegmentedRaftLogCache (AutoCloseableReadWriteLock.java:logLocking(65)) - s2@group-B24AF063D807: readLock RELEASED 0 by SegmentedRaftLogCache.getLastTermIndex
2022-08-08 17:04:51,983 [Thread-462] TRACE segmented.SegmentedRaftLogCache (AutoCloseableReadWriteLock.java:logLocking(65)) - s0@group-B24AF063D807: readLock ACQUIRED 1 by SegmentedRaftLogCache.computeTruncateIndices
2022-08-08 17:04:51,983 [Thread-462] TRACE segmented.SegmentedRaftLogCache (AutoCloseableReadWriteLock.java:logLocking(65)) -   s0@group-B24AF063D807: readLock ACQUIRED 2 by SegmentedRaftLogCache$LogSegmentList.binarySearch
2022-08-08 17:04:51,983 [Thread-462] TRACE segmented.SegmentedRaftLogCache (AutoCloseableReadWriteLock.java:logLocking(65)) -   s0@group-B24AF063D807: readLock RELEASED 1 by SegmentedRaftLogCache$LogSegmentList.binarySearch
2022-08-08 17:04:51,983 [s2@group-B24AF063D807->s1-LogAppenderDefault-LogAppenderDaemon] TRACE segmented.SegmentedRaftLogCache (AutoCloseableReadWriteLock.java:logLocking(65)) - s2@group-B24AF063D807: readLock ACQUIRED 1 by SegmentedRaftLogCache.getLastTermIndex
2022-08-08 17:04:51,983 [s2@group-B24AF063D807->s1-LogAppenderDefault-LogAppenderDaemon] TRACE segmented.SegmentedRaftLogCache (AutoCloseableReadWriteLock.java:logLocking(65)) - s2@group-B24AF063D807: readLock RELEASED 0 by SegmentedRaftLogCache.getLastTermIndex
2022-08-08 17:04:51,983 [s2@group-B24AF063D807->s1-LogAppenderDefault-LogAppenderDaemon] TRACE segmented.SegmentedRaftLogCache (AutoCloseableReadWriteLock.java:logLocking(65)) - s2@group-B24AF063D807: readLock ACQUIRED 1 by SegmentedRaftLogCache.getLastTermIndex
2022-08-08 17:04:51,983 [s2@group-B24AF063D807->s1-LogAppenderDefault-LogAppenderDaemon] TRACE segmented.SegmentedRaftLogCache (AutoCloseableReadWriteLock.java:logLocking(65)) - s2@group-B24AF063D807: readLock RELEASED 0 by SegmentedRaftLogCache.getLastTermIndex
2022-08-08 17:04:51,983 [s2@group-B24AF063D807->s1-LogAppenderDefault-LogAppenderDaemon] TRACE segmented.SegmentedRaftLogCache (AutoCloseableReadWriteLock.java:logLocking(65)) - s2@group-B24AF063D807: readLock ACQUIRED 1 by SegmentedRaftLogCache.getLastTermIndex
2022-08-08 17:04:51,983 [s2@group-B24AF063D807->s1-LogAppenderDefault-LogAppenderDaemon] TRACE segmented.SegmentedRaftLogCache (AutoCloseableReadWriteLock.java:logLocking(65)) - s2@group-B24AF063D807: readLock RELEASED 0 by SegmentedRaftLogCache.getLastTermIndex
2022-08-08 17:04:51,983 [Thread-462] TRACE segmented.SegmentedRaftLogCache (AutoCloseableReadWriteLock.java:logLocking(65)) -   s0@group-B24AF063D807: readLock ACQUIRED 2 by SegmentedRaftLogCache$LogSegmentList.size
2022-08-08 17:04:51,983 [Thread-462] TRACE segmented.SegmentedRaftLogCache (AutoCloseableReadWriteLock.java:logLocking(65)) -   s0@group-B24AF063D807: readLock RELEASED 1 by SegmentedRaftLogCache$LogSegmentList.size
2022-08-08 17:04:51,983 [s2@group-B24AF063D807->s1-LogAppenderDefault-LogAppenderDaemon] TRACE segmented.SegmentedRaftLogCache (AutoCloseableReadWriteLock.java:logLocking(65)) - s2@group-B24AF063D807: readLock ACQUIRED 1 by SegmentedRaftLogCache.getStartIndex
2022-08-08 17:04:51,984 [s2@group-B24AF063D807->s1-LogAppenderDefault-LogAppenderDaemon] TRACE segmented.SegmentedRaftLogCache (AutoCloseableReadWriteLock.java:logLocking(65)) -   s2@group-B24AF063D807: readLock ACQUIRED 2 by SegmentedRaftLogCache$LogSegmentList.isEmpty
2022-08-08 17:04:51,984 [s2@group-B24AF063D807->s1-LogAppenderDefault-LogAppenderDaemon] TRACE segmented.SegmentedRaftLogCache (AutoCloseableReadWriteLock.java:logLocking(65)) -   s2@group-B24AF063D807: readLock RELEASED 1 by SegmentedRaftLogCache$LogSegmentList.isEmpty
2022-08-08 17:04:51,984 [s2@group-B24AF063D807->s1-LogAppenderDefault-LogAppenderDaemon] TRACE segmented.SegmentedRaftLogCache (AutoCloseableReadWriteLock.java:logLocking(65)) - s2@group-B24AF063D807: readLock RELEASED 0 by SegmentedRaftLogCache.getStartIndex
2022-08-08 17:04:51,983 [Thread-462] TRACE segmented.SegmentedRaftLogCache (AutoCloseableReadWriteLock.java:logLocking(65)) - s0@group-B24AF063D807: readLock RELEASED 0 by SegmentedRaftLogCache.computeTruncateIndices
2022-08-08 17:04:51,984 [s2@group-B24AF063D807->s1-LogAppenderDefault-LogAppenderDaemon] TRACE segmented.SegmentedRaftLogCache (AutoCloseableReadWriteLock.java:logLocking(65)) - s2@group-B24AF063D807: readLock ACQUIRED 1 by SegmentedRaftLogCache.getLastTermIndex
2022-08-08 17:04:51,984 [s2@group-B24AF063D807->s1-LogAppenderDefault-LogAppenderDaemon] TRACE segmented.SegmentedRaftLogCache (AutoCloseableReadWriteLock.java:logLocking(65)) - s2@group-B24AF063D807: readLock RELEASED 0 by SegmentedRaftLogCache.getLastTermIndex
2022-08-08 17:04:51,984 [Thread-462] DEBUG raftlog.RaftLog (SegmentedRaftLog.java:appendImpl(447)) - truncateIndex=-1, arrayIndex=0
2022-08-08 17:04:51,984 [Thread-462] TRACE segmented.SegmentedRaftLogCache (AutoCloseableReadWriteLock.java:logLocking(65)) - s0@group-B24AF063D807: readLock ACQUIRED 1 by SegmentedRaftLogCache$LogSegmentList.countCached
2022-08-08 17:04:51,984 [Thread-462] TRACE segmented.SegmentedRaftLogCache (AutoCloseableReadWriteLock.java:logLocking(65)) - s0@group-B24AF063D807: readLock RELEASED 0 by SegmentedRaftLogCache$LogSegmentList.countCached
2022-08-08 17:04:51,984 [Thread-469] TRACE segmented.SegmentedRaftLogCache (AutoCloseableReadWriteLock.java:logLocking(65)) - s1@group-B24AF063D807: readLock ACQUIRED 1 by SegmentedRaftLogCache.computeTruncateIndices
2022-08-08 17:04:51,984 [Thread-462] TRACE segmented.SegmentedRaftLogCache (AutoCloseableReadWriteLock.java:logLocking(65)) - s0@group-B24AF063D807: readLock ACQUIRED 1 by SegmentedRaftLogCache$LogSegmentList.getTotalCacheSize
2022-08-08 17:04:51,984 [Thread-462] TRACE segmented.SegmentedRaftLogCache (AutoCloseableReadWriteLock.java:logLocking(65)) - s0@group-B24AF063D807: readLock RELEASED 0 by SegmentedRaftLogCache$LogSegmentList.getTotalCacheSize
2022-08-08 17:04:51,984 [Thread-469] TRACE segmented.SegmentedRaftLogCache (AutoCloseableReadWriteLock.java:logLocking(65)) -   s1@group-B24AF063D807: readLock ACQUIRED 2 by SegmentedRaftLogCache$LogSegmentList.binarySearch
2022-08-08 17:04:51,984 [Thread-469] TRACE segmented.SegmentedRaftLogCache (AutoCloseableReadWriteLock.java:logLocking(65)) -   s1@group-B24AF063D807: readLock RELEASED 1 by SegmentedRaftLogCache$LogSegmentList.binarySearch
2022-08-08 17:04:51,984 [Thread-462] DEBUG segmented.SegmentedRaftLogWorker (SegmentedRaftLogWorker.java:addIOTask(270)) - s0@group-B24AF063D807-SegmentedRaftLogWorker adds IO task WriteLog:4: (t:1, i:4), METADATAENTRY(c:3)
2022-08-08 17:04:51,984 [Thread-469] TRACE segmented.SegmentedRaftLogCache (AutoCloseableReadWriteLock.java:logLocking(65)) -   s1@group-B24AF063D807: readLock ACQUIRED 2 by SegmentedRaftLogCache$LogSegmentList.size
2022-08-08 17:04:51,984 [Thread-469] TRACE segmented.SegmentedRaftLogCache (AutoCloseableReadWriteLock.java:logLocking(65)) -   s1@group-B24AF063D807: readLock RELEASED 1 by SegmentedRaftLogCache$LogSegmentList.size
2022-08-08 17:04:51,984 [Thread-469] TRACE segmented.SegmentedRaftLogCache (AutoCloseableReadWriteLock.java:logLocking(65)) - s1@group-B24AF063D807: readLock RELEASED 0 by SegmentedRaftLogCache.computeTruncateIndices
2022-08-08 17:04:51,984 [s0@group-B24AF063D807-SegmentedRaftLogWorker] DEBUG segmented.SegmentedRaftLogWorker (SegmentedRaftLogWorker.java:flushIfNecessary(365)) - s0@group-B24AF063D807-SegmentedRaftLogWorker: flush SegmentedRaftLogOutputStream(/home/runner/work/ratis/ratis/ratis-test/target/test/data/b051e71b/MiniRaftClusterWithSimulatedRpc1ec78f08/s0/0d1e7fc9-4c77-451a-91df-b24af063d807/current/log_inprogress_0)
2022-08-08 17:04:51,984 [Thread-469] DEBUG raftlog.RaftLog (SegmentedRaftLog.java:appendImpl(447)) - truncateIndex=-1, arrayIndex=0
2022-08-08 17:04:51,985 [Thread-469] TRACE segmented.SegmentedRaftLogCache (AutoCloseableReadWriteLock.java:logLocking(65)) - s1@group-B24AF063D807: readLock ACQUIRED 1 by SegmentedRaftLogCache$LogSegmentList.countCached
2022-08-08 17:04:51,985 [Thread-469] TRACE segmented.SegmentedRaftLogCache (AutoCloseableReadWriteLock.java:logLocking(65)) - s1@group-B24AF063D807: readLock RELEASED 0 by SegmentedRaftLogCache$LogSegmentList.countCached
2022-08-08 17:04:51,985 [Thread-469] TRACE segmented.SegmentedRaftLogCache (AutoCloseableReadWriteLock.java:logLocking(65)) - s1@group-B24AF063D807: readLock ACQUIRED 1 by SegmentedRaftLogCache$LogSegmentList.getTotalCacheSize
2022-08-08 17:04:51,985 [Thread-469] TRACE segmented.SegmentedRaftLogCache (AutoCloseableReadWriteLock.java:logLocking(65)) - s1@group-B24AF063D807: readLock RELEASED 0 by SegmentedRaftLogCache$LogSegmentList.getTotalCacheSize
2022-08-08 17:04:51,985 [Thread-469] DEBUG segmented.SegmentedRaftLogWorker (SegmentedRaftLogWorker.java:addIOTask(270)) - s1@group-B24AF063D807-SegmentedRaftLogWorker adds IO task WriteLog:4: (t:1, i:4), METADATAENTRY(c:3)
2022-08-08 17:04:51,985 [s1@group-B24AF063D807-SegmentedRaftLogWorker] DEBUG segmented.SegmentedRaftLogWorker (SegmentedRaftLogWorker.java:flushIfNecessary(365)) - s1@group-B24AF063D807-SegmentedRaftLogWorker: flush SegmentedRaftLogOutputStream(/home/runner/work/ratis/ratis/ratis-test/target/test/data/b051e71b/MiniRaftClusterWithSimulatedRpc1ec78f08/s1/0d1e7fc9-4c77-451a-91df-b24af063d807/current/log_inprogress_0)
2022-08-08 17:04:51,985 [s2-client-thread1] TRACE segmented.SegmentedRaftLogCache (AutoCloseableReadWriteLock.java:logLocking(65)) - s2@group-B24AF063D807: readLock ACQUIRED 1 by SegmentedRaftLogCache.getLastTermIndex
2022-08-08 17:04:51,985 [s2-client-thread1] TRACE segmented.SegmentedRaftLogCache (AutoCloseableReadWriteLock.java:logLocking(65)) - s2@group-B24AF063D807: readLock RELEASED 0 by SegmentedRaftLogCache.getLastTermIndex
2022-08-08 17:04:51,985 [s2-client-thread1] TRACE segmented.SegmentedRaftLogCache (AutoCloseableReadWriteLock.java:logLocking(65)) - s2@group-B24AF063D807: readLock ACQUIRED 1 by SegmentedRaftLogCache.getLastTermIndex
2022-08-08 17:04:51,985 [s2-client-thread1] TRACE segmented.SegmentedRaftLogCache (AutoCloseableReadWriteLock.java:logLocking(65)) - s2@group-B24AF063D807: readLock RELEASED 0 by SegmentedRaftLogCache.getLastTermIndex
2022-08-08 17:04:51,985 [s2-client-thread1] TRACE segmented.SegmentedRaftLogCache (AutoCloseableReadWriteLock.java:logLocking(65)) - s2@group-B24AF063D807: readLock ACQUIRED 1 by SegmentedRaftLogCache$LogSegmentList.countCached
2022-08-08 17:04:51,985 [s2-client-thread1] TRACE segmented.SegmentedRaftLogCache (AutoCloseableReadWriteLock.java:logLocking(65)) - s2@group-B24AF063D807: readLock RELEASED 0 by SegmentedRaftLogCache$LogSegmentList.countCached
2022-08-08 17:04:51,985 [s2-client-thread1] TRACE segmented.SegmentedRaftLogCache (AutoCloseableReadWriteLock.java:logLocking(65)) - s2@group-B24AF063D807: readLock ACQUIRED 1 by SegmentedRaftLogCache$LogSegmentList.getTotalCacheSize
2022-08-08 17:04:51,985 [s2-client-thread1] TRACE segmented.SegmentedRaftLogCache (AutoCloseableReadWriteLock.java:logLocking(65)) - s2@group-B24AF063D807: readLock RELEASED 0 by SegmentedRaftLogCache$LogSegmentList.getTotalCacheSize
2022-08-08 17:04:51,985 [s2-client-thread1] DEBUG segmented.SegmentedRaftLogWorker (SegmentedRaftLogWorker.java:addIOTask(270)) - s2@group-B24AF063D807-SegmentedRaftLogWorker adds IO task WriteLog:5: (t:1, i:5), STATEMACHINELOGENTRY, StateMachineLogEntryProto:155@client-6250EC404864
2022-08-08 17:04:51,985 [s2@group-B24AF063D807-SegmentedRaftLogWorker] DEBUG segmented.SegmentedRaftLogWorker (SegmentedRaftLogWorker.java:flushIfNecessary(365)) - s2@group-B24AF063D807-SegmentedRaftLogWorker: flush SegmentedRaftLogOutputStream(/home/runner/work/ratis/ratis/ratis-test/target/test/data/b051e71b/MiniRaftClusterWithSimulatedRpc1ec78f08/s2/0d1e7fc9-4c77-451a-91df-b24af063d807/current/log_inprogress_0)
2022-08-08 17:04:51,986 [s0@group-B24AF063D807-StateMachineUpdater] INFO  statemachine.SimpleStateMachine4Testing (SimpleStateMachine4Testing.java:put(204)) - s0: put 3, m1 -> (t:1, i:3), STATEMACHINELOGENTRY, 150@client-6250EC404864
2022-08-08 17:04:51,986 [s2@group-B24AF063D807->s0-LogAppenderDefault-LogAppenderDaemon] TRACE segmented.SegmentedRaftLogCache (AutoCloseableReadWriteLock.java:logLocking(65)) - s2@group-B24AF063D807: readLock ACQUIRED 1 by SegmentedRaftLogCache.getLastTermIndex
2022-08-08 17:04:51,986 [s2@group-B24AF063D807-LeaderStateImpl] TRACE segmented.SegmentedRaftLogCache (AutoCloseableReadWriteLock.java:logLocking(65)) -   s2@group-B24AF063D807: readLock ACQUIRED 2 by SegmentedRaftLogCache.getStartIndex
2022-08-08 17:04:51,986 [s2@group-B24AF063D807-LeaderStateImpl] TRACE segmented.SegmentedRaftLogCache (AutoCloseableReadWriteLock.java:logLocking(65)) -   s2@group-B24AF063D807: readLock ACQUIRED 2 by SegmentedRaftLogCache$LogSegmentList.isEmpty
2022-08-08 17:04:51,986 [s2@group-B24AF063D807-LeaderStateImpl] TRACE segmented.SegmentedRaftLogCache (AutoCloseableReadWriteLock.java:logLocking(65)) -   s2@group-B24AF063D807: readLock RELEASED 1 by SegmentedRaftLogCache$LogSegmentList.isEmpty
2022-08-08 17:04:51,986 [s2@group-B24AF063D807-LeaderStateImpl] TRACE segmented.SegmentedRaftLogCache (AutoCloseableReadWriteLock.java:logLocking(65)) - s2@group-B24AF063D807: readLock RELEASED 0 by SegmentedRaftLogCache.getStartIndex
2022-08-08 17:04:51,986 [s2@group-B24AF063D807-LeaderStateImpl] TRACE segmented.SegmentedRaftLogCache (AutoCloseableReadWriteLock.java:logLocking(65)) - s2@group-B24AF063D807: readLock ACQUIRED 1 by SegmentedRaftLogCache.getEndIndex
2022-08-08 17:04:51,986 [s2@group-B24AF063D807-LeaderStateImpl] TRACE segmented.SegmentedRaftLogCache (AutoCloseableReadWriteLock.java:logLocking(65)) - s2@group-B24AF063D807: readLock RELEASED 0 by SegmentedRaftLogCache.getEndIndex
2022-08-08 17:04:51,986 [s2@group-B24AF063D807-LeaderStateImpl] TRACE segmented.SegmentedRaftLogCache (AutoCloseableReadWriteLock.java:logLocking(65)) - s2@group-B24AF063D807: readLock ACQUIRED 1 by SegmentedRaftLogCache$LogSegmentList.getTermIndex
2022-08-08 17:04:51,986 [s2@group-B24AF063D807-LeaderStateImpl] TRACE segmented.SegmentedRaftLogCache (AutoCloseableReadWriteLock.java:logLocking(65)) - s2@group-B24AF063D807: readLock RELEASED 0 by SegmentedRaftLogCache$LogSegmentList.getTermIndex
2022-08-08 17:04:51,986 [s2@group-B24AF063D807->s0-LogAppenderDefault-LogAppenderDaemon] TRACE segmented.SegmentedRaftLogCache (AutoCloseableReadWriteLock.java:logLocking(65)) -   s2@group-B24AF063D807: readLock RELEASED 1 by SegmentedRaftLogCache.getLastTermIndex
2022-08-08 17:04:51,986 [s1@group-B24AF063D807-StateMachineUpdater] INFO  statemachine.SimpleStateMachine4Testing (SimpleStateMachine4Testing.java:put(204)) - s1: put 3, m1 -> (t:1, i:3), STATEMACHINELOGENTRY, 150@client-6250EC404864
2022-08-08 17:04:51,987 [s2@group-B24AF063D807->s0-LogAppenderDefault-LogAppenderDaemon] TRACE segmented.SegmentedRaftLogCache (AutoCloseableReadWriteLock.java:logLocking(65)) - s2@group-B24AF063D807: readLock ACQUIRED 1 by SegmentedRaftLogCache.getLastTermIndex
2022-08-08 17:04:51,987 [s2@group-B24AF063D807->s0-LogAppenderDefault-LogAppenderDaemon] TRACE segmented.SegmentedRaftLogCache (AutoCloseableReadWriteLock.java:logLocking(65)) - s2@group-B24AF063D807: readLock RELEASED 0 by SegmentedRaftLogCache.getLastTermIndex
2022-08-08 17:04:51,987 [s2@group-B24AF063D807->s0-LogAppenderDefault-LogAppenderDaemon] TRACE segmented.SegmentedRaftLogCache (AutoCloseableReadWriteLock.java:logLocking(65)) - s2@group-B24AF063D807: readLock ACQUIRED 1 by SegmentedRaftLogCache.getLastTermIndex
2022-08-08 17:04:51,987 [s2@group-B24AF063D807->s0-LogAppenderDefault-LogAppenderDaemon] TRACE segmented.SegmentedRaftLogCache (AutoCloseableReadWriteLock.java:logLocking(65)) - s2@group-B24AF063D807: readLock RELEASED 0 by SegmentedRaftLogCache.getLastTermIndex
2022-08-08 17:04:51,987 [s2@group-B24AF063D807->s0-LogAppenderDefault-LogAppenderDaemon] TRACE segmented.SegmentedRaftLogCache (AutoCloseableReadWriteLock.java:logLocking(65)) - s2@group-B24AF063D807: readLock ACQUIRED 1 by SegmentedRaftLogCache.getStartIndex
2022-08-08 17:04:51,987 [s2@group-B24AF063D807->s0-LogAppenderDefault-LogAppenderDaemon] TRACE segmented.SegmentedRaftLogCache (AutoCloseableReadWriteLock.java:logLocking(65)) -   s2@group-B24AF063D807: readLock ACQUIRED 2 by SegmentedRaftLogCache$LogSegmentList.isEmpty
2022-08-08 17:04:51,987 [s2@group-B24AF063D807->s0-LogAppenderDefault-LogAppenderDaemon] TRACE segmented.SegmentedRaftLogCache (AutoCloseableReadWriteLock.java:logLocking(65)) -   s2@group-B24AF063D807: readLock RELEASED 1 by SegmentedRaftLogCache$LogSegmentList.isEmpty
2022-08-08 17:04:51,987 [s2@group-B24AF063D807->s0-LogAppenderDefault-LogAppenderDaemon] TRACE segmented.SegmentedRaftLogCache (AutoCloseableReadWriteLock.java:logLocking(65)) - s2@group-B24AF063D807: readLock RELEASED 0 by SegmentedRaftLogCache.getStartIndex
2022-08-08 17:04:51,987 [s2@group-B24AF063D807->s0-LogAppenderDefault-LogAppenderDaemon] TRACE segmented.SegmentedRaftLogCache (AutoCloseableReadWriteLock.java:logLocking(65)) - s2@group-B24AF063D807: readLock ACQUIRED 1 by SegmentedRaftLogCache.getLastTermIndex
2022-08-08 17:04:51,987 [s2@group-B24AF063D807->s0-LogAppenderDefault-LogAppenderDaemon] TRACE segmented.SegmentedRaftLogCache (AutoCloseableReadWriteLock.java:logLocking(65)) - s2@group-B24AF063D807: readLock RELEASED 0 by SegmentedRaftLogCache.getLastTermIndex
2022-08-08 17:04:51,987 [Thread-460] TRACE segmented.SegmentedRaftLogCache (AutoCloseableReadWriteLock.java:logLocking(65)) - s0@group-B24AF063D807: readLock ACQUIRED 1 by SegmentedRaftLogCache.computeTruncateIndices
2022-08-08 17:04:51,987 [Thread-460] TRACE segmented.SegmentedRaftLogCache (AutoCloseableReadWriteLock.java:logLocking(65)) -   s0@group-B24AF063D807: readLock ACQUIRED 2 by SegmentedRaftLogCache$LogSegmentList.binarySearch
2022-08-08 17:04:51,987 [Thread-460] TRACE segmented.SegmentedRaftLogCache (AutoCloseableReadWriteLock.java:logLocking(65)) -   s0@group-B24AF063D807: readLock RELEASED 1 by SegmentedRaftLogCache$LogSegmentList.binarySearch
2022-08-08 17:04:51,987 [Thread-460] TRACE segmented.SegmentedRaftLogCache (AutoCloseableReadWriteLock.java:logLocking(65)) -   s0@group-B24AF063D807: readLock ACQUIRED 2 by SegmentedRaftLogCache$LogSegmentList.size
2022-08-08 17:04:51,988 [Thread-460] TRACE segmented.SegmentedRaftLogCache (AutoCloseableReadWriteLock.java:logLocking(65)) -   s0@group-B24AF063D807: readLock RELEASED 1 by SegmentedRaftLogCache$LogSegmentList.size
2022-08-08 17:04:51,988 [Thread-460] TRACE segmented.SegmentedRaftLogCache (AutoCloseableReadWriteLock.java:logLocking(65)) - s0@group-B24AF063D807: readLock RELEASED 0 by SegmentedRaftLogCache.computeTruncateIndices
2022-08-08 17:04:51,988 [Thread-460] DEBUG raftlog.RaftLog (SegmentedRaftLog.java:appendImpl(447)) - truncateIndex=-1, arrayIndex=0
2022-08-08 17:04:51,988 [Thread-460] TRACE segmented.SegmentedRaftLogCache (AutoCloseableReadWriteLock.java:logLocking(65)) - s0@group-B24AF063D807: readLock ACQUIRED 1 by SegmentedRaftLogCache.getLastTermIndex
2022-08-08 17:04:51,988 [Thread-460] TRACE segmented.SegmentedRaftLogCache (AutoCloseableReadWriteLock.java:logLocking(65)) - s0@group-B24AF063D807: readLock RELEASED 0 by SegmentedRaftLogCache.getLastTermIndex
2022-08-08 17:04:51,988 [Thread-460] TRACE segmented.SegmentedRaftLogCache (AutoCloseableReadWriteLock.java:logLocking(65)) - s0@group-B24AF063D807: readLock ACQUIRED 1 by SegmentedRaftLogCache$LogSegmentList.countCached
2022-08-08 17:04:51,988 [Thread-460] TRACE segmented.SegmentedRaftLogCache (AutoCloseableReadWriteLock.java:logLocking(65)) - s0@group-B24AF063D807: readLock RELEASED 0 by SegmentedRaftLogCache$LogSegmentList.countCached
2022-08-08 17:04:51,988 [Thread-460] TRACE segmented.SegmentedRaftLogCache (AutoCloseableReadWriteLock.java:logLocking(65)) - s0@group-B24AF063D807: readLock ACQUIRED 1 by SegmentedRaftLogCache$LogSegmentList.getTotalCacheSize
2022-08-08 17:04:51,988 [Thread-460] TRACE segmented.SegmentedRaftLogCache (AutoCloseableReadWriteLock.java:logLocking(65)) - s0@group-B24AF063D807: readLock RELEASED 0 by SegmentedRaftLogCache$LogSegmentList.getTotalCacheSize
2022-08-08 17:04:51,988 [Thread-460] DEBUG segmented.SegmentedRaftLogWorker (SegmentedRaftLogWorker.java:addIOTask(270)) - s0@group-B24AF063D807-SegmentedRaftLogWorker adds IO task WriteLog:5: (t:1, i:5), STATEMACHINELOGENTRY, StateMachineLogEntryProto:155@client-6250EC404864
2022-08-08 17:04:51,988 [s0@group-B24AF063D807-SegmentedRaftLogWorker] DEBUG segmented.SegmentedRaftLogWorker (SegmentedRaftLogWorker.java:flushIfNecessary(365)) - s0@group-B24AF063D807-SegmentedRaftLogWorker: flush SegmentedRaftLogOutputStream(/home/runner/work/ratis/ratis/ratis-test/target/test/data/b051e71b/MiniRaftClusterWithSimulatedRpc1ec78f08/s0/0d1e7fc9-4c77-451a-91df-b24af063d807/current/log_inprogress_0)
2022-08-08 17:04:51,988 [s2@group-B24AF063D807->s1-LogAppenderDefault-LogAppenderDaemon] TRACE segmented.SegmentedRaftLogCache (AutoCloseableReadWriteLock.java:logLocking(65)) - s2@group-B24AF063D807: readLock ACQUIRED 1 by SegmentedRaftLogCache.getLastTermIndex
2022-08-08 17:04:51,988 [s2@group-B24AF063D807->s1-LogAppenderDefault-LogAppenderDaemon] TRACE segmented.SegmentedRaftLogCache (AutoCloseableReadWriteLock.java:logLocking(65)) - s2@group-B24AF063D807: readLock RELEASED 0 by SegmentedRaftLogCache.getLastTermIndex
2022-08-08 17:04:51,988 [s2@group-B24AF063D807->s1-LogAppenderDefault-LogAppenderDaemon] TRACE segmented.SegmentedRaftLogCache (AutoCloseableReadWriteLock.java:logLocking(65)) - s2@group-B24AF063D807: readLock ACQUIRED 1 by SegmentedRaftLogCache.getLastTermIndex
2022-08-08 17:04:51,988 [s2@group-B24AF063D807->s1-LogAppenderDefault-LogAppenderDaemon] TRACE segmented.SegmentedRaftLogCache (AutoCloseableReadWriteLock.java:logLocking(65)) - s2@group-B24AF063D807: readLock RELEASED 0 by SegmentedRaftLogCache.getLastTermIndex
2022-08-08 17:04:51,989 [s2@group-B24AF063D807->s1-LogAppenderDefault-LogAppenderDaemon] TRACE segmented.SegmentedRaftLogCache (AutoCloseableReadWriteLock.java:logLocking(65)) - s2@group-B24AF063D807: readLock ACQUIRED 1 by SegmentedRaftLogCache.getLastTermIndex
2022-08-08 17:04:51,989 [s2@group-B24AF063D807->s1-LogAppenderDefault-LogAppenderDaemon] TRACE segmented.SegmentedRaftLogCache (AutoCloseableReadWriteLock.java:logLocking(65)) - s2@group-B24AF063D807: readLock RELEASED 0 by SegmentedRaftLogCache.getLastTermIndex
2022-08-08 17:04:51,989 [s2@group-B24AF063D807->s1-LogAppenderDefault-LogAppenderDaemon] TRACE segmented.SegmentedRaftLogCache (AutoCloseableReadWriteLock.java:logLocking(65)) - s2@group-B24AF063D807: readLock ACQUIRED 1 by SegmentedRaftLogCache.getStartIndex
2022-08-08 17:04:51,989 [s2@group-B24AF063D807->s1-LogAppenderDefault-LogAppenderDaemon] TRACE segmented.SegmentedRaftLogCache (AutoCloseableReadWriteLock.java:logLocking(65)) -   s2@group-B24AF063D807: readLock ACQUIRED 2 by SegmentedRaftLogCache$LogSegmentList.isEmpty
2022-08-08 17:04:51,989 [s2@group-B24AF063D807->s1-LogAppenderDefault-LogAppenderDaemon] TRACE segmented.SegmentedRaftLogCache (AutoCloseableReadWriteLock.java:logLocking(65)) -   s2@group-B24AF063D807: readLock RELEASED 1 by SegmentedRaftLogCache$LogSegmentList.isEmpty
2022-08-08 17:04:51,989 [s2@group-B24AF063D807->s1-LogAppenderDefault-LogAppenderDaemon] TRACE segmented.SegmentedRaftLogCache (AutoCloseableReadWriteLock.java:logLocking(65)) - s2@group-B24AF063D807: readLock RELEASED 0 by SegmentedRaftLogCache.getStartIndex
2022-08-08 17:04:51,989 [s2@group-B24AF063D807->s1-LogAppenderDefault-LogAppenderDaemon] TRACE segmented.SegmentedRaftLogCache (AutoCloseableReadWriteLock.java:logLocking(65)) - s2@group-B24AF063D807: readLock ACQUIRED 1 by SegmentedRaftLogCache.getLastTermIndex
2022-08-08 17:04:51,989 [s2@group-B24AF063D807->s1-LogAppenderDefault-LogAppenderDaemon] TRACE segmented.SegmentedRaftLogCache (AutoCloseableReadWriteLock.java:logLocking(65)) - s2@group-B24AF063D807: readLock RELEASED 0 by SegmentedRaftLogCache.getLastTermIndex
2022-08-08 17:04:51,989 [Thread-467] TRACE segmented.SegmentedRaftLogCache (AutoCloseableReadWriteLock.java:logLocking(65)) - s1@group-B24AF063D807: readLock ACQUIRED 1 by SegmentedRaftLogCache.computeTruncateIndices
2022-08-08 17:04:51,989 [Thread-467] TRACE segmented.SegmentedRaftLogCache (AutoCloseableReadWriteLock.java:logLocking(65)) -   s1@group-B24AF063D807: readLock ACQUIRED 2 by SegmentedRaftLogCache$LogSegmentList.binarySearch
2022-08-08 17:04:51,989 [Thread-467] TRACE segmented.SegmentedRaftLogCache (AutoCloseableReadWriteLock.java:logLocking(65)) -   s1@group-B24AF063D807: readLock RELEASED 1 by SegmentedRaftLogCache$LogSegmentList.binarySearch
2022-08-08 17:04:51,989 [Thread-467] TRACE segmented.SegmentedRaftLogCache (AutoCloseableReadWriteLock.java:logLocking(65)) -   s1@group-B24AF063D807: readLock ACQUIRED 2 by SegmentedRaftLogCache$LogSegmentList.size
2022-08-08 17:04:51,989 [Thread-467] TRACE segmented.SegmentedRaftLogCache (AutoCloseableReadWriteLock.java:logLocking(65)) -   s1@group-B24AF063D807: readLock RELEASED 1 by SegmentedRaftLogCache$LogSegmentList.size
2022-08-08 17:04:51,989 [Thread-467] TRACE segmented.SegmentedRaftLogCache (AutoCloseableReadWriteLock.java:logLocking(65)) - s1@group-B24AF063D807: readLock RELEASED 0 by SegmentedRaftLogCache.computeTruncateIndices
2022-08-08 17:04:51,989 [Thread-467] DEBUG raftlog.RaftLog (SegmentedRaftLog.java:appendImpl(447)) - truncateIndex=-1, arrayIndex=0
2022-08-08 17:04:51,989 [Thread-467] TRACE segmented.SegmentedRaftLogCache (AutoCloseableReadWriteLock.java:logLocking(65)) - s1@group-B24AF063D807: readLock ACQUIRED 1 by SegmentedRaftLogCache.getLastTermIndex
2022-08-08 17:04:51,989 [Thread-467] TRACE segmented.SegmentedRaftLogCache (AutoCloseableReadWriteLock.java:logLocking(65)) - s1@group-B24AF063D807: readLock RELEASED 0 by SegmentedRaftLogCache.getLastTermIndex
2022-08-08 17:04:51,989 [Thread-467] TRACE segmented.SegmentedRaftLogCache (AutoCloseableReadWriteLock.java:logLocking(65)) - s1@group-B24AF063D807: readLock ACQUIRED 1 by SegmentedRaftLogCache$LogSegmentList.countCached
2022-08-08 17:04:51,989 [Thread-467] TRACE segmented.SegmentedRaftLogCache (AutoCloseableReadWriteLock.java:logLocking(65)) - s1@group-B24AF063D807: readLock RELEASED 0 by SegmentedRaftLogCache$LogSegmentList.countCached
2022-08-08 17:04:51,990 [Thread-467] TRACE segmented.SegmentedRaftLogCache (AutoCloseableReadWriteLock.java:logLocking(65)) - s1@group-B24AF063D807: readLock ACQUIRED 1 by SegmentedRaftLogCache$LogSegmentList.getTotalCacheSize
2022-08-08 17:04:51,990 [Thread-467] TRACE segmented.SegmentedRaftLogCache (AutoCloseableReadWriteLock.java:logLocking(65)) - s1@group-B24AF063D807: readLock RELEASED 0 by SegmentedRaftLogCache$LogSegmentList.getTotalCacheSize
2022-08-08 17:04:51,990 [Thread-467] DEBUG segmented.SegmentedRaftLogWorker (SegmentedRaftLogWorker.java:addIOTask(270)) - s1@group-B24AF063D807-SegmentedRaftLogWorker adds IO task WriteLog:5: (t:1, i:5), STATEMACHINELOGENTRY, StateMachineLogEntryProto:155@client-6250EC404864
2022-08-08 17:04:51,990 [s1@group-B24AF063D807-SegmentedRaftLogWorker] DEBUG segmented.SegmentedRaftLogWorker (SegmentedRaftLogWorker.java:flushIfNecessary(365)) - s1@group-B24AF063D807-SegmentedRaftLogWorker: flush SegmentedRaftLogOutputStream(/home/runner/work/ratis/ratis/ratis-test/target/test/data/b051e71b/MiniRaftClusterWithSimulatedRpc1ec78f08/s1/0d1e7fc9-4c77-451a-91df-b24af063d807/current/log_inprogress_0)
2022-08-08 17:04:51,990 [s2@group-B24AF063D807->s0-LogAppenderDefault-LogAppenderDaemon] TRACE segmented.SegmentedRaftLogCache (AutoCloseableReadWriteLock.java:logLocking(65)) - s2@group-B24AF063D807: readLock ACQUIRED 1 by SegmentedRaftLogCache.getLastTermIndex
2022-08-08 17:04:51,990 [s2@group-B24AF063D807->s0-LogAppenderDefault-LogAppenderDaemon] TRACE segmented.SegmentedRaftLogCache (AutoCloseableReadWriteLock.java:logLocking(65)) - s2@group-B24AF063D807: readLock RELEASED 0 by SegmentedRaftLogCache.getLastTermIndex
2022-08-08 17:04:51,990 [s2@group-B24AF063D807-LeaderStateImpl] TRACE segmented.SegmentedRaftLogCache (AutoCloseableReadWriteLock.java:logLocking(65)) - s2@group-B24AF063D807: readLock ACQUIRED 1 by SegmentedRaftLogCache.getStartIndex
2022-08-08 17:04:51,990 [s2@group-B24AF063D807-LeaderStateImpl] TRACE segmented.SegmentedRaftLogCache (AutoCloseableReadWriteLock.java:logLocking(65)) -   s2@group-B24AF063D807: readLock ACQUIRED 2 by SegmentedRaftLogCache$LogSegmentList.isEmpty
2022-08-08 17:04:51,990 [s2@group-B24AF063D807-LeaderStateImpl] TRACE segmented.SegmentedRaftLogCache (AutoCloseableReadWriteLock.java:logLocking(65)) -   s2@group-B24AF063D807: readLock RELEASED 1 by SegmentedRaftLogCache$LogSegmentList.isEmpty
2022-08-08 17:04:51,990 [s2@group-B24AF063D807-LeaderStateImpl] TRACE segmented.SegmentedRaftLogCache (AutoCloseableReadWriteLock.java:logLocking(65)) - s2@group-B24AF063D807: readLock RELEASED 0 by SegmentedRaftLogCache.getStartIndex
2022-08-08 17:04:51,990 [s2@group-B24AF063D807-LeaderStateImpl] TRACE segmented.SegmentedRaftLogCache (AutoCloseableReadWriteLock.java:logLocking(65)) - s2@group-B24AF063D807: readLock ACQUIRED 1 by SegmentedRaftLogCache.getEndIndex
2022-08-08 17:04:51,990 [s2@group-B24AF063D807-LeaderStateImpl] TRACE segmented.SegmentedRaftLogCache (AutoCloseableReadWriteLock.java:logLocking(65)) - s2@group-B24AF063D807: readLock RELEASED 0 by SegmentedRaftLogCache.getEndIndex
2022-08-08 17:04:51,991 [s2@group-B24AF063D807-LeaderStateImpl] TRACE segmented.SegmentedRaftLogCache (AutoCloseableReadWriteLock.java:logLocking(65)) - s2@group-B24AF063D807: readLock ACQUIRED 1 by SegmentedRaftLogCache$LogSegmentList.getTermIndex
2022-08-08 17:04:51,991 [s2@group-B24AF063D807-LeaderStateImpl] TRACE segmented.SegmentedRaftLogCache (AutoCloseableReadWriteLock.java:logLocking(65)) - s2@group-B24AF063D807: readLock RELEASED 0 by SegmentedRaftLogCache$LogSegmentList.getTermIndex
2022-08-08 17:04:51,991 [s2@group-B24AF063D807-LeaderStateImpl] TRACE segmented.SegmentedRaftLogCache (AutoCloseableReadWriteLock.java:logLocking(65)) - s2@group-B24AF063D807: readLock ACQUIRED 1 by SegmentedRaftLogCache.getLastTermIndex
2022-08-08 17:04:51,991 [s2@group-B24AF063D807-LeaderStateImpl] TRACE segmented.SegmentedRaftLogCache (AutoCloseableReadWriteLock.java:logLocking(65)) - s2@group-B24AF063D807: readLock RELEASED 0 by SegmentedRaftLogCache.getLastTermIndex
2022-08-08 17:04:51,991 [s2@group-B24AF063D807-LeaderStateImpl] TRACE segmented.SegmentedRaftLogCache (AutoCloseableReadWriteLock.java:logLocking(65)) - s2@group-B24AF063D807: readLock ACQUIRED 1 by SegmentedRaftLogCache$LogSegmentList.countCached
2022-08-08 17:04:51,991 [s2@group-B24AF063D807-LeaderStateImpl] TRACE segmented.SegmentedRaftLogCache (AutoCloseableReadWriteLock.java:logLocking(65)) - s2@group-B24AF063D807: readLock RELEASED 0 by SegmentedRaftLogCache$LogSegmentList.countCached
2022-08-08 17:04:51,991 [s2@group-B24AF063D807-LeaderStateImpl] TRACE segmented.SegmentedRaftLogCache (AutoCloseableReadWriteLock.java:logLocking(65)) - s2@group-B24AF063D807: readLock ACQUIRED 1 by SegmentedRaftLogCache$LogSegmentList.getTotalCacheSize
2022-08-08 17:04:51,991 [s2@group-B24AF063D807-LeaderStateImpl] TRACE segmented.SegmentedRaftLogCache (AutoCloseableReadWriteLock.java:logLocking(65)) - s2@group-B24AF063D807: readLock RELEASED 0 by SegmentedRaftLogCache$LogSegmentList.getTotalCacheSize
2022-08-08 17:04:51,991 [s2@group-B24AF063D807-LeaderStateImpl] DEBUG segmented.SegmentedRaftLogWorker (SegmentedRaftLogWorker.java:addIOTask(270)) - s2@group-B24AF063D807-SegmentedRaftLogWorker adds IO task WriteLog:6: (t:1, i:6), METADATAENTRY(c:5)
2022-08-08 17:04:51,991 [s2@group-B24AF063D807-StateMachineUpdater] INFO  statemachine.SimpleStateMachine4Testing (SimpleStateMachine4Testing.java:put(204)) - s2: put 5, m2 -> (t:1, i:5), STATEMACHINELOGENTRY, 155@client-6250EC404864
2022-08-08 17:04:51,991 [s2@group-B24AF063D807-SegmentedRaftLogWorker] DEBUG segmented.SegmentedRaftLogWorker (SegmentedRaftLogWorker.java:flushIfNecessary(365)) - s2@group-B24AF063D807-SegmentedRaftLogWorker: flush SegmentedRaftLogOutputStream(/home/runner/work/ratis/ratis/ratis-test/target/test/data/b051e71b/MiniRaftClusterWithSimulatedRpc1ec78f08/s2/0d1e7fc9-4c77-451a-91df-b24af063d807/current/log_inprogress_0)
2022-08-08 17:04:51,991 [s2@group-B24AF063D807->s0-LogAppenderDefault-LogAppenderDaemon] TRACE segmented.SegmentedRaftLogCache (AutoCloseableReadWriteLock.java:logLocking(65)) - s2@group-B24AF063D807: readLock ACQUIRED 1 by SegmentedRaftLogCache.getLastTermIndex
2022-08-08 17:04:51,991 [s2@group-B24AF063D807->s0-LogAppenderDefault-LogAppenderDaemon] TRACE segmented.SegmentedRaftLogCache (AutoCloseableReadWriteLock.java:logLocking(65)) - s2@group-B24AF063D807: readLock RELEASED 0 by SegmentedRaftLogCache.getLastTermIndex
2022-08-08 17:04:51,992 [s2@group-B24AF063D807->s0-LogAppenderDefault-LogAppenderDaemon] TRACE segmented.SegmentedRaftLogCache (AutoCloseableReadWriteLock.java:logLocking(65)) - s2@group-B24AF063D807: readLock ACQUIRED 1 by SegmentedRaftLogCache.getLastTermIndex
2022-08-08 17:04:51,992 [s2@group-B24AF063D807->s0-LogAppenderDefault-LogAppenderDaemon] TRACE segmented.SegmentedRaftLogCache (AutoCloseableReadWriteLock.java:logLocking(65)) - s2@group-B24AF063D807: readLock RELEASED 0 by SegmentedRaftLogCache.getLastTermIndex
2022-08-08 17:04:51,992 [s2@group-B24AF063D807->s0-LogAppenderDefault-LogAppenderDaemon] TRACE segmented.SegmentedRaftLogCache (AutoCloseableReadWriteLock.java:logLocking(65)) - s2@group-B24AF063D807: readLock ACQUIRED 1 by SegmentedRaftLogCache.getStartIndex
2022-08-08 17:04:51,992 [s2@group-B24AF063D807->s0-LogAppenderDefault-LogAppenderDaemon] TRACE segmented.SegmentedRaftLogCache (AutoCloseableReadWriteLock.java:logLocking(65)) -   s2@group-B24AF063D807: readLock ACQUIRED 2 by SegmentedRaftLogCache$LogSegmentList.isEmpty
2022-08-08 17:04:51,992 [s2@group-B24AF063D807->s0-LogAppenderDefault-LogAppenderDaemon] TRACE segmented.SegmentedRaftLogCache (AutoCloseableReadWriteLock.java:logLocking(65)) -   s2@group-B24AF063D807: readLock RELEASED 1 by SegmentedRaftLogCache$LogSegmentList.isEmpty
2022-08-08 17:04:51,992 [s2@group-B24AF063D807->s0-LogAppenderDefault-LogAppenderDaemon] TRACE segmented.SegmentedRaftLogCache (AutoCloseableReadWriteLock.java:logLocking(65)) - s2@group-B24AF063D807: readLock RELEASED 0 by SegmentedRaftLogCache.getStartIndex
2022-08-08 17:04:51,992 [s2@group-B24AF063D807->s0-LogAppenderDefault-LogAppenderDaemon] TRACE segmented.SegmentedRaftLogCache (AutoCloseableReadWriteLock.java:logLocking(65)) - s2@group-B24AF063D807: readLock ACQUIRED 1 by SegmentedRaftLogCache.getLastTermIndex
2022-08-08 17:04:51,992 [s2@group-B24AF063D807->s0-LogAppenderDefault-LogAppenderDaemon] TRACE segmented.SegmentedRaftLogCache (AutoCloseableReadWriteLock.java:logLocking(65)) - s2@group-B24AF063D807: readLock RELEASED 0 by SegmentedRaftLogCache.getLastTermIndex
2022-08-08 17:04:51,992 [s2@group-B24AF063D807->s1-LogAppenderDefault-LogAppenderDaemon] TRACE segmented.SegmentedRaftLogCache (AutoCloseableReadWriteLock.java:logLocking(65)) - s2@group-B24AF063D807: readLock ACQUIRED 1 by SegmentedRaftLogCache.getLastTermIndex
2022-08-08 17:04:51,992 [s2@group-B24AF063D807->s1-LogAppenderDefault-LogAppenderDaemon] TRACE segmented.SegmentedRaftLogCache (AutoCloseableReadWriteLock.java:logLocking(65)) - s2@group-B24AF063D807: readLock RELEASED 0 by SegmentedRaftLogCache.getLastTermIndex
2022-08-08 17:04:51,992 [Thread-461] TRACE segmented.SegmentedRaftLogCache (AutoCloseableReadWriteLock.java:logLocking(65)) - s0@group-B24AF063D807: readLock ACQUIRED 1 by SegmentedRaftLogCache.computeTruncateIndices
2022-08-08 17:04:51,992 [s2@group-B24AF063D807->s1-LogAppenderDefault-LogAppenderDaemon] TRACE segmented.SegmentedRaftLogCache (AutoCloseableReadWriteLock.java:logLocking(65)) - s2@group-B24AF063D807: readLock ACQUIRED 1 by SegmentedRaftLogCache.getLastTermIndex
2022-08-08 17:04:51,992 [s2@group-B24AF063D807->s1-LogAppenderDefault-LogAppenderDaemon] TRACE segmented.SegmentedRaftLogCache (AutoCloseableReadWriteLock.java:logLocking(65)) - s2@group-B24AF063D807: readLock RELEASED 0 by SegmentedRaftLogCache.getLastTermIndex
2022-08-08 17:04:51,992 [s2@group-B24AF063D807->s1-LogAppenderDefault-LogAppenderDaemon] TRACE segmented.SegmentedRaftLogCache (AutoCloseableReadWriteLock.java:logLocking(65)) - s2@group-B24AF063D807: readLock ACQUIRED 1 by SegmentedRaftLogCache.getLastTermIndex
2022-08-08 17:04:51,992 [s2@group-B24AF063D807->s1-LogAppenderDefault-LogAppenderDaemon] TRACE segmented.SegmentedRaftLogCache (AutoCloseableReadWriteLock.java:logLocking(65)) - s2@group-B24AF063D807: readLock RELEASED 0 by SegmentedRaftLogCache.getLastTermIndex
2022-08-08 17:04:51,992 [s2@group-B24AF063D807->s1-LogAppenderDefault-LogAppenderDaemon] TRACE segmented.SegmentedRaftLogCache (AutoCloseableReadWriteLock.java:logLocking(65)) - s2@group-B24AF063D807: readLock ACQUIRED 1 by SegmentedRaftLogCache.getStartIndex
2022-08-08 17:04:51,992 [s2@group-B24AF063D807->s1-LogAppenderDefault-LogAppenderDaemon] TRACE segmented.SegmentedRaftLogCache (AutoCloseableReadWriteLock.java:logLocking(65)) -   s2@group-B24AF063D807: readLock ACQUIRED 2 by SegmentedRaftLogCache$LogSegmentList.isEmpty
2022-08-08 17:04:51,992 [s2@group-B24AF063D807->s1-LogAppenderDefault-LogAppenderDaemon] TRACE segmented.SegmentedRaftLogCache (AutoCloseableReadWriteLock.java:logLocking(65)) -   s2@group-B24AF063D807: readLock RELEASED 1 by SegmentedRaftLogCache$LogSegmentList.isEmpty
2022-08-08 17:04:51,992 [s2@group-B24AF063D807->s1-LogAppenderDefault-LogAppenderDaemon] TRACE segmented.SegmentedRaftLogCache (AutoCloseableReadWriteLock.java:logLocking(65)) - s2@group-B24AF063D807: readLock RELEASED 0 by SegmentedRaftLogCache.getStartIndex
2022-08-08 17:04:51,992 [Thread-461] TRACE segmented.SegmentedRaftLogCache (AutoCloseableReadWriteLock.java:logLocking(65)) -   s0@group-B24AF063D807: readLock ACQUIRED 2 by SegmentedRaftLogCache$LogSegmentList.binarySearch
2022-08-08 17:04:51,992 [Thread-461] TRACE segmented.SegmentedRaftLogCache (AutoCloseableReadWriteLock.java:logLocking(65)) -   s0@group-B24AF063D807: readLock RELEASED 1 by SegmentedRaftLogCache$LogSegmentList.binarySearch
2022-08-08 17:04:51,993 [Thread-461] TRACE segmented.SegmentedRaftLogCache (AutoCloseableReadWriteLock.java:logLocking(65)) -   s0@group-B24AF063D807: readLock ACQUIRED 2 by SegmentedRaftLogCache$LogSegmentList.size
2022-08-08 17:04:51,993 [Thread-461] TRACE segmented.SegmentedRaftLogCache (AutoCloseableReadWriteLock.java:logLocking(65)) -   s0@group-B24AF063D807: readLock RELEASED 1 by SegmentedRaftLogCache$LogSegmentList.size
2022-08-08 17:04:51,993 [Thread-461] TRACE segmented.SegmentedRaftLogCache (AutoCloseableReadWriteLock.java:logLocking(65)) - s0@group-B24AF063D807: readLock RELEASED 0 by SegmentedRaftLogCache.computeTruncateIndices
2022-08-08 17:04:51,993 [Thread-461] DEBUG raftlog.RaftLog (SegmentedRaftLog.java:appendImpl(447)) - truncateIndex=-1, arrayIndex=0
2022-08-08 17:04:51,993 [Thread-461] TRACE segmented.SegmentedRaftLogCache (AutoCloseableReadWriteLock.java:logLocking(65)) - s0@group-B24AF063D807: readLock ACQUIRED 1 by SegmentedRaftLogCache$LogSegmentList.countCached
2022-08-08 17:04:51,993 [Thread-461] TRACE segmented.SegmentedRaftLogCache (AutoCloseableReadWriteLock.java:logLocking(65)) - s0@group-B24AF063D807: readLock RELEASED 0 by SegmentedRaftLogCache$LogSegmentList.countCached
2022-08-08 17:04:51,993 [Thread-461] TRACE segmented.SegmentedRaftLogCache (AutoCloseableReadWriteLock.java:logLocking(65)) - s0@group-B24AF063D807: readLock ACQUIRED 1 by SegmentedRaftLogCache$LogSegmentList.getTotalCacheSize
2022-08-08 17:04:51,993 [Thread-461] TRACE segmented.SegmentedRaftLogCache (AutoCloseableReadWriteLock.java:logLocking(65)) - s0@group-B24AF063D807: readLock RELEASED 0 by SegmentedRaftLogCache$LogSegmentList.getTotalCacheSize
2022-08-08 17:04:51,992 [s2@group-B24AF063D807->s1-LogAppenderDefault-LogAppenderDaemon] TRACE segmented.SegmentedRaftLogCache (AutoCloseableReadWriteLock.java:logLocking(65)) - s2@group-B24AF063D807: readLock ACQUIRED 1 by SegmentedRaftLogCache.getLastTermIndex
2022-08-08 17:04:51,993 [s2@group-B24AF063D807->s1-LogAppenderDefault-LogAppenderDaemon] TRACE segmented.SegmentedRaftLogCache (AutoCloseableReadWriteLock.java:logLocking(65)) - s2@group-B24AF063D807: readLock RELEASED 0 by SegmentedRaftLogCache.getLastTermIndex
2022-08-08 17:04:51,993 [Thread-461] DEBUG segmented.SegmentedRaftLogWorker (SegmentedRaftLogWorker.java:addIOTask(270)) - s0@group-B24AF063D807-SegmentedRaftLogWorker adds IO task WriteLog:6: (t:1, i:6), METADATAENTRY(c:5)
2022-08-08 17:04:51,993 [s0@group-B24AF063D807-SegmentedRaftLogWorker] DEBUG segmented.SegmentedRaftLogWorker (SegmentedRaftLogWorker.java:flushIfNecessary(365)) - s0@group-B24AF063D807-SegmentedRaftLogWorker: flush SegmentedRaftLogOutputStream(/home/runner/work/ratis/ratis/ratis-test/target/test/data/b051e71b/MiniRaftClusterWithSimulatedRpc1ec78f08/s0/0d1e7fc9-4c77-451a-91df-b24af063d807/current/log_inprogress_0)
2022-08-08 17:04:51,993 [Thread-468] TRACE segmented.SegmentedRaftLogCache (AutoCloseableReadWriteLock.java:logLocking(65)) - s1@group-B24AF063D807: readLock ACQUIRED 1 by SegmentedRaftLogCache.computeTruncateIndices
2022-08-08 17:04:51,993 [Thread-468] TRACE segmented.SegmentedRaftLogCache (AutoCloseableReadWriteLock.java:logLocking(65)) -   s1@group-B24AF063D807: readLock ACQUIRED 2 by SegmentedRaftLogCache$LogSegmentList.binarySearch
2022-08-08 17:04:51,993 [Thread-468] TRACE segmented.SegmentedRaftLogCache (AutoCloseableReadWriteLock.java:logLocking(65)) -   s1@group-B24AF063D807: readLock RELEASED 1 by SegmentedRaftLogCache$LogSegmentList.binarySearch
2022-08-08 17:04:51,994 [Thread-468] TRACE segmented.SegmentedRaftLogCache (AutoCloseableReadWriteLock.java:logLocking(65)) -   s1@group-B24AF063D807: readLock ACQUIRED 2 by SegmentedRaftLogCache$LogSegmentList.size
2022-08-08 17:04:51,994 [Thread-468] TRACE segmented.SegmentedRaftLogCache (AutoCloseableReadWriteLock.java:logLocking(65)) -   s1@group-B24AF063D807: readLock RELEASED 1 by SegmentedRaftLogCache$LogSegmentList.size
2022-08-08 17:04:51,994 [Thread-468] TRACE segmented.SegmentedRaftLogCache (AutoCloseableReadWriteLock.java:logLocking(65)) - s1@group-B24AF063D807: readLock RELEASED 0 by SegmentedRaftLogCache.computeTruncateIndices
2022-08-08 17:04:51,994 [Thread-468] DEBUG raftlog.RaftLog (SegmentedRaftLog.java:appendImpl(447)) - truncateIndex=-1, arrayIndex=0
2022-08-08 17:04:51,994 [Thread-468] TRACE segmented.SegmentedRaftLogCache (AutoCloseableReadWriteLock.java:logLocking(65)) - s1@group-B24AF063D807: readLock ACQUIRED 1 by SegmentedRaftLogCache$LogSegmentList.countCached
2022-08-08 17:04:51,994 [Thread-468] TRACE segmented.SegmentedRaftLogCache (AutoCloseableReadWriteLock.java:logLocking(65)) - s1@group-B24AF063D807: readLock RELEASED 0 by SegmentedRaftLogCache$LogSegmentList.countCached
2022-08-08 17:04:51,994 [Thread-468] TRACE segmented.SegmentedRaftLogCache (AutoCloseableReadWriteLock.java:logLocking(65)) - s1@group-B24AF063D807: readLock ACQUIRED 1 by SegmentedRaftLogCache$LogSegmentList.getTotalCacheSize
2022-08-08 17:04:51,994 [Thread-468] TRACE segmented.SegmentedRaftLogCache (AutoCloseableReadWriteLock.java:logLocking(65)) - s1@group-B24AF063D807: readLock RELEASED 0 by SegmentedRaftLogCache$LogSegmentList.getTotalCacheSize
2022-08-08 17:04:51,994 [Thread-468] DEBUG segmented.SegmentedRaftLogWorker (SegmentedRaftLogWorker.java:addIOTask(270)) - s1@group-B24AF063D807-SegmentedRaftLogWorker adds IO task WriteLog:6: (t:1, i:6), METADATAENTRY(c:5)
2022-08-08 17:04:51,994 [s0@group-B24AF063D807-StateMachineUpdater] INFO  statemachine.SimpleStateMachine4Testing (SimpleStateMachine4Testing.java:put(204)) - s0: put 5, m2 -> (t:1, i:5), STATEMACHINELOGENTRY, 155@client-6250EC404864
2022-08-08 17:04:51,994 [s1@group-B24AF063D807-SegmentedRaftLogWorker] DEBUG segmented.SegmentedRaftLogWorker (SegmentedRaftLogWorker.java:flushIfNecessary(365)) - s1@group-B24AF063D807-SegmentedRaftLogWorker: flush SegmentedRaftLogOutputStream(/home/runner/work/ratis/ratis/ratis-test/target/test/data/b051e71b/MiniRaftClusterWithSimulatedRpc1ec78f08/s1/0d1e7fc9-4c77-451a-91df-b24af063d807/current/log_inprogress_0)
2022-08-08 17:04:51,994 [s2@group-B24AF063D807->s0-LogAppenderDefault-LogAppenderDaemon] TRACE segmented.SegmentedRaftLogCache (AutoCloseableReadWriteLock.java:logLocking(65)) - s2@group-B24AF063D807: readLock ACQUIRED 1 by SegmentedRaftLogCache.getLastTermIndex
2022-08-08 17:04:51,995 [s2@group-B24AF063D807->s0-LogAppenderDefault-LogAppenderDaemon] TRACE segmented.SegmentedRaftLogCache (AutoCloseableReadWriteLock.java:logLocking(65)) - s2@group-B24AF063D807: readLock RELEASED 0 by SegmentedRaftLogCache.getLastTermIndex
2022-08-08 17:04:51,995 [s2@group-B24AF063D807-LeaderStateImpl] TRACE segmented.SegmentedRaftLogCache (AutoCloseableReadWriteLock.java:logLocking(65)) - s2@group-B24AF063D807: readLock ACQUIRED 1 by SegmentedRaftLogCache.getStartIndex
2022-08-08 17:04:51,995 [s2@group-B24AF063D807-LeaderStateImpl] TRACE segmented.SegmentedRaftLogCache (AutoCloseableReadWriteLock.java:logLocking(65)) -   s2@group-B24AF063D807: readLock ACQUIRED 2 by SegmentedRaftLogCache$LogSegmentList.isEmpty
2022-08-08 17:04:51,995 [s2@group-B24AF063D807-LeaderStateImpl] TRACE segmented.SegmentedRaftLogCache (AutoCloseableReadWriteLock.java:logLocking(65)) -   s2@group-B24AF063D807: readLock RELEASED 1 by SegmentedRaftLogCache$LogSegmentList.isEmpty
2022-08-08 17:04:51,995 [s2@group-B24AF063D807-LeaderStateImpl] TRACE segmented.SegmentedRaftLogCache (AutoCloseableReadWriteLock.java:logLocking(65)) - s2@group-B24AF063D807: readLock RELEASED 0 by SegmentedRaftLogCache.getStartIndex
2022-08-08 17:04:51,995 [s2@group-B24AF063D807-LeaderStateImpl] TRACE segmented.SegmentedRaftLogCache (AutoCloseableReadWriteLock.java:logLocking(65)) - s2@group-B24AF063D807: readLock ACQUIRED 1 by SegmentedRaftLogCache.getEndIndex
2022-08-08 17:04:51,995 [s2@group-B24AF063D807-LeaderStateImpl] TRACE segmented.SegmentedRaftLogCache (AutoCloseableReadWriteLock.java:logLocking(65)) - s2@group-B24AF063D807: readLock RELEASED 0 by SegmentedRaftLogCache.getEndIndex
2022-08-08 17:04:51,995 [s2@group-B24AF063D807-LeaderStateImpl] TRACE segmented.SegmentedRaftLogCache (AutoCloseableReadWriteLock.java:logLocking(65)) - s2@group-B24AF063D807: readLock ACQUIRED 1 by SegmentedRaftLogCache$LogSegmentList.getTermIndex
2022-08-08 17:04:51,995 [s2@group-B24AF063D807-LeaderStateImpl] TRACE segmented.SegmentedRaftLogCache (AutoCloseableReadWriteLock.java:logLocking(65)) - s2@group-B24AF063D807: readLock RELEASED 0 by SegmentedRaftLogCache$LogSegmentList.getTermIndex
2022-08-08 17:04:51,995 [s1@group-B24AF063D807-StateMachineUpdater] INFO  statemachine.SimpleStateMachine4Testing (SimpleStateMachine4Testing.java:put(204)) - s1: put 5, m2 -> (t:1, i:5), STATEMACHINELOGENTRY, 155@client-6250EC404864
2022-08-08 17:04:51,995 [s2@group-B24AF063D807->s0-LogAppenderDefault-LogAppenderDaemon] TRACE segmented.SegmentedRaftLogCache (AutoCloseableReadWriteLock.java:logLocking(65)) - s2@group-B24AF063D807: readLock ACQUIRED 1 by SegmentedRaftLogCache.getLastTermIndex
2022-08-08 17:04:51,995 [s2@group-B24AF063D807->s0-LogAppenderDefault-LogAppenderDaemon] TRACE segmented.SegmentedRaftLogCache (AutoCloseableReadWriteLock.java:logLocking(65)) - s2@group-B24AF063D807: readLock RELEASED 0 by SegmentedRaftLogCache.getLastTermIndex
2022-08-08 17:04:51,995 [s2@group-B24AF063D807->s0-LogAppenderDefault-LogAppenderDaemon] TRACE segmented.SegmentedRaftLogCache (AutoCloseableReadWriteLock.java:logLocking(65)) - s2@group-B24AF063D807: readLock ACQUIRED 1 by SegmentedRaftLogCache.getLastTermIndex
2022-08-08 17:04:51,995 [s2@group-B24AF063D807->s0-LogAppenderDefault-LogAppenderDaemon] TRACE segmented.SegmentedRaftLogCache (AutoCloseableReadWriteLock.java:logLocking(65)) - s2@group-B24AF063D807: readLock RELEASED 0 by SegmentedRaftLogCache.getLastTermIndex
2022-08-08 17:04:51,995 [s2@group-B24AF063D807->s1-LogAppenderDefault-LogAppenderDaemon] TRACE segmented.SegmentedRaftLogCache (AutoCloseableReadWriteLock.java:logLocking(65)) - s2@group-B24AF063D807: readLock ACQUIRED 1 by SegmentedRaftLogCache.getLastTermIndex
2022-08-08 17:04:51,996 [s2@group-B24AF063D807->s1-LogAppenderDefault-LogAppenderDaemon] TRACE segmented.SegmentedRaftLogCache (AutoCloseableReadWriteLock.java:logLocking(65)) - s2@group-B24AF063D807: readLock RELEASED 0 by SegmentedRaftLogCache.getLastTermIndex
2022-08-08 17:04:51,996 [s2@group-B24AF063D807->s0-LogAppenderDefault-LogAppenderDaemon] TRACE segmented.SegmentedRaftLogCache (AutoCloseableReadWriteLock.java:logLocking(65)) - s2@group-B24AF063D807: readLock ACQUIRED 1 by SegmentedRaftLogCache.getLastTermIndex
2022-08-08 17:04:51,996 [s2@group-B24AF063D807->s0-LogAppenderDefault-LogAppenderDaemon] TRACE segmented.SegmentedRaftLogCache (AutoCloseableReadWriteLock.java:logLocking(65)) - s2@group-B24AF063D807: readLock RELEASED 0 by SegmentedRaftLogCache.getLastTermIndex
2022-08-08 17:04:51,996 [s2@group-B24AF063D807->s0-LogAppenderDefault-LogAppenderDaemon] TRACE segmented.SegmentedRaftLogCache (AutoCloseableReadWriteLock.java:logLocking(65)) - s2@group-B24AF063D807: readLock ACQUIRED 1 by SegmentedRaftLogCache.getLastTermIndex
2022-08-08 17:04:51,996 [s2@group-B24AF063D807->s0-LogAppenderDefault-LogAppenderDaemon] TRACE segmented.SegmentedRaftLogCache (AutoCloseableReadWriteLock.java:logLocking(65)) - s2@group-B24AF063D807: readLock RELEASED 0 by SegmentedRaftLogCache.getLastTermIndex
2022-08-08 17:04:51,996 [s2-client-thread1] TRACE segmented.SegmentedRaftLogCache (AutoCloseableReadWriteLock.java:logLocking(65)) - s2@group-B24AF063D807: readLock ACQUIRED 1 by SegmentedRaftLogCache.getLastTermIndex
2022-08-08 17:04:51,996 [s2-client-thread1] TRACE segmented.SegmentedRaftLogCache (AutoCloseableReadWriteLock.java:logLocking(65)) - s2@group-B24AF063D807: readLock RELEASED 0 by SegmentedRaftLogCache.getLastTermIndex
2022-08-08 17:04:51,996 [s2-client-thread1] TRACE segmented.SegmentedRaftLogCache (AutoCloseableReadWriteLock.java:logLocking(65)) - s2@group-B24AF063D807: readLock ACQUIRED 1 by SegmentedRaftLogCache.getLastTermIndex
2022-08-08 17:04:51,996 [s2-client-thread1] TRACE segmented.SegmentedRaftLogCache (AutoCloseableReadWriteLock.java:logLocking(65)) - s2@group-B24AF063D807: readLock RELEASED 0 by SegmentedRaftLogCache.getLastTermIndex
2022-08-08 17:04:51,996 [s2-client-thread1] TRACE segmented.SegmentedRaftLogCache (AutoCloseableReadWriteLock.java:logLocking(65)) - s2@group-B24AF063D807: readLock ACQUIRED 1 by SegmentedRaftLogCache$LogSegmentList.countCached
2022-08-08 17:04:51,996 [s2-client-thread1] TRACE segmented.SegmentedRaftLogCache (AutoCloseableReadWriteLock.java:logLocking(65)) - s2@group-B24AF063D807: readLock RELEASED 0 by SegmentedRaftLogCache$LogSegmentList.countCached
2022-08-08 17:04:51,996 [s2-client-thread1] TRACE segmented.SegmentedRaftLogCache (AutoCloseableReadWriteLock.java:logLocking(65)) - s2@group-B24AF063D807: readLock ACQUIRED 1 by SegmentedRaftLogCache$LogSegmentList.getTotalCacheSize
2022-08-08 17:04:51,996 [s2-client-thread1] TRACE segmented.SegmentedRaftLogCache (AutoCloseableReadWriteLock.java:logLocking(65)) - s2@group-B24AF063D807: readLock RELEASED 0 by SegmentedRaftLogCache$LogSegmentList.getTotalCacheSize
2022-08-08 17:04:51,996 [s2-client-thread1] DEBUG segmented.SegmentedRaftLogWorker (SegmentedRaftLogWorker.java:addIOTask(270)) - s2@group-B24AF063D807-SegmentedRaftLogWorker adds IO task WriteLog:7: (t:1, i:7), STATEMACHINELOGENTRY, StateMachineLogEntryProto:160@client-6250EC404864
2022-08-08 17:04:51,997 [s2@group-B24AF063D807-SegmentedRaftLogWorker] DEBUG segmented.SegmentedRaftLogWorker (SegmentedRaftLogWorker.java:flushIfNecessary(365)) - s2@group-B24AF063D807-SegmentedRaftLogWorker: flush SegmentedRaftLogOutputStream(/home/runner/work/ratis/ratis/ratis-test/target/test/data/b051e71b/MiniRaftClusterWithSimulatedRpc1ec78f08/s2/0d1e7fc9-4c77-451a-91df-b24af063d807/current/log_inprogress_0)
2022-08-08 17:04:51,997 [s2@group-B24AF063D807->s0-LogAppenderDefault-LogAppenderDaemon] TRACE segmented.SegmentedRaftLogCache (AutoCloseableReadWriteLock.java:logLocking(65)) - s2@group-B24AF063D807: readLock ACQUIRED 1 by SegmentedRaftLogCache.getLastTermIndex
2022-08-08 17:04:51,997 [s2@group-B24AF063D807->s0-LogAppenderDefault-LogAppenderDaemon] TRACE segmented.SegmentedRaftLogCache (AutoCloseableReadWriteLock.java:logLocking(65)) - s2@group-B24AF063D807: readLock RELEASED 0 by SegmentedRaftLogCache.getLastTermIndex
2022-08-08 17:04:51,997 [s2@group-B24AF063D807->s0-LogAppenderDefault-LogAppenderDaemon] TRACE segmented.SegmentedRaftLogCache (AutoCloseableReadWriteLock.java:logLocking(65)) - s2@group-B24AF063D807: readLock ACQUIRED 1 by SegmentedRaftLogCache.getLastTermIndex
2022-08-08 17:04:51,997 [s2@group-B24AF063D807->s0-LogAppenderDefault-LogAppenderDaemon] TRACE segmented.SegmentedRaftLogCache (AutoCloseableReadWriteLock.java:logLocking(65)) - s2@group-B24AF063D807: readLock RELEASED 0 by SegmentedRaftLogCache.getLastTermIndex
2022-08-08 17:04:51,997 [s2@group-B24AF063D807->s0-LogAppenderDefault-LogAppenderDaemon] TRACE segmented.SegmentedRaftLogCache (AutoCloseableReadWriteLock.java:logLocking(65)) - s2@group-B24AF063D807: readLock ACQUIRED 1 by SegmentedRaftLogCache.getStartIndex
2022-08-08 17:04:51,997 [s2@group-B24AF063D807->s0-LogAppenderDefault-LogAppenderDaemon] TRACE segmented.SegmentedRaftLogCache (AutoCloseableReadWriteLock.java:logLocking(65)) -   s2@group-B24AF063D807: readLock ACQUIRED 2 by SegmentedRaftLogCache$LogSegmentList.isEmpty
2022-08-08 17:04:51,997 [s2@group-B24AF063D807->s0-LogAppenderDefault-LogAppenderDaemon] TRACE segmented.SegmentedRaftLogCache (AutoCloseableReadWriteLock.java:logLocking(65)) -   s2@group-B24AF063D807: readLock RELEASED 1 by SegmentedRaftLogCache$LogSegmentList.isEmpty
2022-08-08 17:04:51,997 [s2@group-B24AF063D807->s0-LogAppenderDefault-LogAppenderDaemon] TRACE segmented.SegmentedRaftLogCache (AutoCloseableReadWriteLock.java:logLocking(65)) - s2@group-B24AF063D807: readLock RELEASED 0 by SegmentedRaftLogCache.getStartIndex
2022-08-08 17:04:51,997 [s2@group-B24AF063D807->s0-LogAppenderDefault-LogAppenderDaemon] TRACE segmented.SegmentedRaftLogCache (AutoCloseableReadWriteLock.java:logLocking(65)) - s2@group-B24AF063D807: readLock ACQUIRED 1 by SegmentedRaftLogCache.getLastTermIndex
2022-08-08 17:04:51,997 [s2@group-B24AF063D807->s0-LogAppenderDefault-LogAppenderDaemon] TRACE segmented.SegmentedRaftLogCache (AutoCloseableReadWriteLock.java:logLocking(65)) - s2@group-B24AF063D807: readLock RELEASED 0 by SegmentedRaftLogCache.getLastTermIndex
2022-08-08 17:04:51,997 [s2@group-B24AF063D807->s1-LogAppenderDefault-LogAppenderDaemon] TRACE segmented.SegmentedRaftLogCache (AutoCloseableReadWriteLock.java:logLocking(65)) - s2@group-B24AF063D807: readLock ACQUIRED 1 by SegmentedRaftLogCache.getLastTermIndex
2022-08-08 17:04:51,997 [s2@group-B24AF063D807->s1-LogAppenderDefault-LogAppenderDaemon] TRACE segmented.SegmentedRaftLogCache (AutoCloseableReadWriteLock.java:logLocking(65)) - s2@group-B24AF063D807: readLock RELEASED 0 by SegmentedRaftLogCache.getLastTermIndex
2022-08-08 17:04:51,997 [Thread-462] TRACE segmented.SegmentedRaftLogCache (AutoCloseableReadWriteLock.java:logLocking(65)) - s0@group-B24AF063D807: readLock ACQUIRED 1 by SegmentedRaftLogCache.computeTruncateIndices
2022-08-08 17:04:51,997 [Thread-462] TRACE segmented.SegmentedRaftLogCache (AutoCloseableReadWriteLock.java:logLocking(65)) -   s0@group-B24AF063D807: readLock ACQUIRED 2 by SegmentedRaftLogCache$LogSegmentList.binarySearch
2022-08-08 17:04:51,998 [Thread-462] TRACE segmented.SegmentedRaftLogCache (AutoCloseableReadWriteLock.java:logLocking(65)) -   s0@group-B24AF063D807: readLock RELEASED 1 by SegmentedRaftLogCache$LogSegmentList.binarySearch
2022-08-08 17:04:51,998 [Thread-462] TRACE segmented.SegmentedRaftLogCache (AutoCloseableReadWriteLock.java:logLocking(65)) -   s0@group-B24AF063D807: readLock ACQUIRED 2 by SegmentedRaftLogCache$LogSegmentList.size
2022-08-08 17:04:51,998 [Thread-462] TRACE segmented.SegmentedRaftLogCache (AutoCloseableReadWriteLock.java:logLocking(65)) -   s0@group-B24AF063D807: readLock RELEASED 1 by SegmentedRaftLogCache$LogSegmentList.size
2022-08-08 17:04:51,998 [Thread-462] TRACE segmented.SegmentedRaftLogCache (AutoCloseableReadWriteLock.java:logLocking(65)) - s0@group-B24AF063D807: readLock RELEASED 0 by SegmentedRaftLogCache.computeTruncateIndices
2022-08-08 17:04:51,998 [Thread-462] DEBUG raftlog.RaftLog (SegmentedRaftLog.java:appendImpl(447)) - truncateIndex=-1, arrayIndex=0
2022-08-08 17:04:51,997 [s2@group-B24AF063D807->s1-LogAppenderDefault-LogAppenderDaemon] TRACE segmented.SegmentedRaftLogCache (AutoCloseableReadWriteLock.java:logLocking(65)) - s2@group-B24AF063D807: readLock ACQUIRED 1 by SegmentedRaftLogCache.getLastTermIndex
2022-08-08 17:04:51,998 [s2@group-B24AF063D807->s1-LogAppenderDefault-LogAppenderDaemon] TRACE segmented.SegmentedRaftLogCache (AutoCloseableReadWriteLock.java:logLocking(65)) - s2@group-B24AF063D807: readLock RELEASED 0 by SegmentedRaftLogCache.getLastTermIndex
2022-08-08 17:04:51,998 [Thread-462] TRACE segmented.SegmentedRaftLogCache (AutoCloseableReadWriteLock.java:logLocking(65)) - s0@group-B24AF063D807: readLock ACQUIRED 1 by SegmentedRaftLogCache.getLastTermIndex
2022-08-08 17:04:51,998 [Thread-462] TRACE segmented.SegmentedRaftLogCache (AutoCloseableReadWriteLock.java:logLocking(65)) - s0@group-B24AF063D807: readLock RELEASED 0 by SegmentedRaftLogCache.getLastTermIndex
2022-08-08 17:04:51,998 [s2@group-B24AF063D807->s1-LogAppenderDefault-LogAppenderDaemon] TRACE segmented.SegmentedRaftLogCache (AutoCloseableReadWriteLock.java:logLocking(65)) - s2@group-B24AF063D807: readLock ACQUIRED 1 by SegmentedRaftLogCache.getStartIndex
2022-08-08 17:04:51,998 [Thread-462] TRACE segmented.SegmentedRaftLogCache (AutoCloseableReadWriteLock.java:logLocking(65)) - s0@group-B24AF063D807: readLock ACQUIRED 1 by SegmentedRaftLogCache$LogSegmentList.countCached
2022-08-08 17:04:51,998 [Thread-462] TRACE segmented.SegmentedRaftLogCache (AutoCloseableReadWriteLock.java:logLocking(65)) - s0@group-B24AF063D807: readLock RELEASED 0 by SegmentedRaftLogCache$LogSegmentList.countCached
2022-08-08 17:04:51,998 [s2@group-B24AF063D807->s1-LogAppenderDefault-LogAppenderDaemon] TRACE segmented.SegmentedRaftLogCache (AutoCloseableReadWriteLock.java:logLocking(65)) -   s2@group-B24AF063D807: readLock ACQUIRED 2 by SegmentedRaftLogCache$LogSegmentList.isEmpty
2022-08-08 17:04:51,998 [s2@group-B24AF063D807->s1-LogAppenderDefault-LogAppenderDaemon] TRACE segmented.SegmentedRaftLogCache (AutoCloseableReadWriteLock.java:logLocking(65)) -   s2@group-B24AF063D807: readLock RELEASED 1 by SegmentedRaftLogCache$LogSegmentList.isEmpty
2022-08-08 17:04:51,998 [Thread-462] TRACE segmented.SegmentedRaftLogCache (AutoCloseableReadWriteLock.java:logLocking(65)) - s0@group-B24AF063D807: readLock ACQUIRED 1 by SegmentedRaftLogCache$LogSegmentList.getTotalCacheSize
2022-08-08 17:04:51,998 [Thread-462] TRACE segmented.SegmentedRaftLogCache (AutoCloseableReadWriteLock.java:logLocking(65)) - s0@group-B24AF063D807: readLock RELEASED 0 by SegmentedRaftLogCache$LogSegmentList.getTotalCacheSize
2022-08-08 17:04:51,998 [s2@group-B24AF063D807->s1-LogAppenderDefault-LogAppenderDaemon] TRACE segmented.SegmentedRaftLogCache (AutoCloseableReadWriteLock.java:logLocking(65)) - s2@group-B24AF063D807: readLock RELEASED 0 by SegmentedRaftLogCache.getStartIndex
2022-08-08 17:04:51,998 [Thread-462] DEBUG segmented.SegmentedRaftLogWorker (SegmentedRaftLogWorker.java:addIOTask(270)) - s0@group-B24AF063D807-SegmentedRaftLogWorker adds IO task WriteLog:7: (t:1, i:7), STATEMACHINELOGENTRY, StateMachineLogEntryProto:160@client-6250EC404864
2022-08-08 17:04:51,999 [s0@group-B24AF063D807-SegmentedRaftLogWorker] DEBUG segmented.SegmentedRaftLogWorker (SegmentedRaftLogWorker.java:flushIfNecessary(365)) - s0@group-B24AF063D807-SegmentedRaftLogWorker: flush SegmentedRaftLogOutputStream(/home/runner/work/ratis/ratis/ratis-test/target/test/data/b051e71b/MiniRaftClusterWithSimulatedRpc1ec78f08/s0/0d1e7fc9-4c77-451a-91df-b24af063d807/current/log_inprogress_0)
2022-08-08 17:04:51,998 [s2@group-B24AF063D807->s1-LogAppenderDefault-LogAppenderDaemon] TRACE segmented.SegmentedRaftLogCache (AutoCloseableReadWriteLock.java:logLocking(65)) - s2@group-B24AF063D807: readLock ACQUIRED 1 by SegmentedRaftLogCache.getLastTermIndex
2022-08-08 17:04:51,999 [s2@group-B24AF063D807->s1-LogAppenderDefault-LogAppenderDaemon] TRACE segmented.SegmentedRaftLogCache (AutoCloseableReadWriteLock.java:logLocking(65)) - s2@group-B24AF063D807: readLock RELEASED 0 by SegmentedRaftLogCache.getLastTermIndex
2022-08-08 17:04:51,999 [Thread-469] TRACE segmented.SegmentedRaftLogCache (AutoCloseableReadWriteLock.java:logLocking(65)) - s1@group-B24AF063D807: readLock ACQUIRED 1 by SegmentedRaftLogCache.computeTruncateIndices
2022-08-08 17:04:51,999 [Thread-469] TRACE segmented.SegmentedRaftLogCache (AutoCloseableReadWriteLock.java:logLocking(65)) -   s1@group-B24AF063D807: readLock ACQUIRED 2 by SegmentedRaftLogCache$LogSegmentList.binarySearch
2022-08-08 17:04:51,999 [Thread-469] TRACE segmented.SegmentedRaftLogCache (AutoCloseableReadWriteLock.java:logLocking(65)) -   s1@group-B24AF063D807: readLock RELEASED 1 by SegmentedRaftLogCache$LogSegmentList.binarySearch
2022-08-08 17:04:51,999 [Thread-469] TRACE segmented.SegmentedRaftLogCache (AutoCloseableReadWriteLock.java:logLocking(65)) -   s1@group-B24AF063D807: readLock ACQUIRED 2 by SegmentedRaftLogCache$LogSegmentList.size
2022-08-08 17:04:51,999 [Thread-469] TRACE segmented.SegmentedRaftLogCache (AutoCloseableReadWriteLock.java:logLocking(65)) -   s1@group-B24AF063D807: readLock RELEASED 1 by SegmentedRaftLogCache$LogSegmentList.size
2022-08-08 17:04:51,999 [Thread-469] TRACE segmented.SegmentedRaftLogCache (AutoCloseableReadWriteLock.java:logLocking(65)) - s1@group-B24AF063D807: readLock RELEASED 0 by SegmentedRaftLogCache.computeTruncateIndices
2022-08-08 17:04:51,999 [Thread-469] DEBUG raftlog.RaftLog (SegmentedRaftLog.java:appendImpl(447)) - truncateIndex=-1, arrayIndex=0
2022-08-08 17:04:51,999 [Thread-469] TRACE segmented.SegmentedRaftLogCache (AutoCloseableReadWriteLock.java:logLocking(65)) - s1@group-B24AF063D807: readLock ACQUIRED 1 by SegmentedRaftLogCache.getLastTermIndex
2022-08-08 17:04:51,999 [Thread-469] TRACE segmented.SegmentedRaftLogCache (AutoCloseableReadWriteLock.java:logLocking(65)) - s1@group-B24AF063D807: readLock RELEASED 0 by SegmentedRaftLogCache.getLastTermIndex
2022-08-08 17:04:51,999 [Thread-469] TRACE segmented.SegmentedRaftLogCache (AutoCloseableReadWriteLock.java:logLocking(65)) - s1@group-B24AF063D807: readLock ACQUIRED 1 by SegmentedRaftLogCache$LogSegmentList.countCached
2022-08-08 17:04:51,999 [Thread-469] TRACE segmented.SegmentedRaftLogCache (AutoCloseableReadWriteLock.java:logLocking(65)) - s1@group-B24AF063D807: readLock RELEASED 0 by SegmentedRaftLogCache$LogSegmentList.countCached
2022-08-08 17:04:51,999 [Thread-469] TRACE segmented.SegmentedRaftLogCache (AutoCloseableReadWriteLock.java:logLocking(65)) - s1@group-B24AF063D807: readLock ACQUIRED 1 by SegmentedRaftLogCache$LogSegmentList.getTotalCacheSize
2022-08-08 17:04:52,000 [Thread-469] TRACE segmented.SegmentedRaftLogCache (AutoCloseableReadWriteLock.java:logLocking(65)) - s1@group-B24AF063D807: readLock RELEASED 0 by SegmentedRaftLogCache$LogSegmentList.getTotalCacheSize
2022-08-08 17:04:52,000 [Thread-469] DEBUG segmented.SegmentedRaftLogWorker (SegmentedRaftLogWorker.java:addIOTask(270)) - s1@group-B24AF063D807-SegmentedRaftLogWorker adds IO task WriteLog:7: (t:1, i:7), STATEMACHINELOGENTRY, StateMachineLogEntryProto:160@client-6250EC404864
2022-08-08 17:04:52,000 [s1@group-B24AF063D807-SegmentedRaftLogWorker] DEBUG segmented.SegmentedRaftLogWorker (SegmentedRaftLogWorker.java:flushIfNecessary(365)) - s1@group-B24AF063D807-SegmentedRaftLogWorker: flush SegmentedRaftLogOutputStream(/home/runner/work/ratis/ratis/ratis-test/target/test/data/b051e71b/MiniRaftClusterWithSimulatedRpc1ec78f08/s1/0d1e7fc9-4c77-451a-91df-b24af063d807/current/log_inprogress_0)
2022-08-08 17:04:52,000 [s2@group-B24AF063D807-LeaderStateImpl] TRACE segmented.SegmentedRaftLogCache (AutoCloseableReadWriteLock.java:logLocking(65)) -   s2@group-B24AF063D807: readLock ACQUIRED 2 by SegmentedRaftLogCache.getStartIndex
2022-08-08 17:04:52,000 [s2@group-B24AF063D807-LeaderStateImpl] TRACE segmented.SegmentedRaftLogCache (AutoCloseableReadWriteLock.java:logLocking(65)) -     s2@group-B24AF063D807: readLock ACQUIRED 3 by SegmentedRaftLogCache$LogSegmentList.isEmpty
2022-08-08 17:04:52,000 [s2@group-B24AF063D807-LeaderStateImpl] TRACE segmented.SegmentedRaftLogCache (AutoCloseableReadWriteLock.java:logLocking(65)) -     s2@group-B24AF063D807: readLock RELEASED 2 by SegmentedRaftLogCache$LogSegmentList.isEmpty
2022-08-08 17:04:52,000 [s2@group-B24AF063D807-LeaderStateImpl] TRACE segmented.SegmentedRaftLogCache (AutoCloseableReadWriteLock.java:logLocking(65)) -   s2@group-B24AF063D807: readLock RELEASED 1 by SegmentedRaftLogCache.getStartIndex
2022-08-08 17:04:52,000 [s2@group-B24AF063D807-LeaderStateImpl] TRACE segmented.SegmentedRaftLogCache (AutoCloseableReadWriteLock.java:logLocking(65)) -   s2@group-B24AF063D807: readLock ACQUIRED 2 by SegmentedRaftLogCache.getEndIndex
2022-08-08 17:04:52,000 [s2@group-B24AF063D807-LeaderStateImpl] TRACE segmented.SegmentedRaftLogCache (AutoCloseableReadWriteLock.java:logLocking(65)) -   s2@group-B24AF063D807: readLock RELEASED 1 by SegmentedRaftLogCache.getEndIndex
2022-08-08 17:04:52,000 [s2@group-B24AF063D807-LeaderStateImpl] TRACE segmented.SegmentedRaftLogCache (AutoCloseableReadWriteLock.java:logLocking(65)) -   s2@group-B24AF063D807: readLock ACQUIRED 2 by SegmentedRaftLogCache$LogSegmentList.getTermIndex
2022-08-08 17:04:52,000 [s2@group-B24AF063D807-LeaderStateImpl] TRACE segmented.SegmentedRaftLogCache (AutoCloseableReadWriteLock.java:logLocking(65)) -   s2@group-B24AF063D807: readLock RELEASED 1 by SegmentedRaftLogCache$LogSegmentList.getTermIndex
2022-08-08 17:04:52,000 [s2@group-B24AF063D807->s0-LogAppenderDefault-LogAppenderDaemon] TRACE segmented.SegmentedRaftLogCache (AutoCloseableReadWriteLock.java:logLocking(65)) - s2@group-B24AF063D807: readLock ACQUIRED 1 by SegmentedRaftLogCache.getLastTermIndex
2022-08-08 17:04:52,000 [s2@group-B24AF063D807->s0-LogAppenderDefault-LogAppenderDaemon] TRACE segmented.SegmentedRaftLogCache (AutoCloseableReadWriteLock.java:logLocking(65)) - s2@group-B24AF063D807: readLock RELEASED 0 by SegmentedRaftLogCache.getLastTermIndex
2022-08-08 17:04:52,000 [s2@group-B24AF063D807-LeaderStateImpl] TRACE segmented.SegmentedRaftLogCache (AutoCloseableReadWriteLock.java:logLocking(65)) - s2@group-B24AF063D807: readLock ACQUIRED 1 by SegmentedRaftLogCache.getLastTermIndex
2022-08-08 17:04:52,001 [s2@group-B24AF063D807-LeaderStateImpl] TRACE segmented.SegmentedRaftLogCache (AutoCloseableReadWriteLock.java:logLocking(65)) - s2@group-B24AF063D807: readLock RELEASED 0 by SegmentedRaftLogCache.getLastTermIndex
2022-08-08 17:04:52,000 [s2@group-B24AF063D807-StateMachineUpdater] INFO  statemachine.SimpleStateMachine4Testing (SimpleStateMachine4Testing.java:put(204)) - s2: put 7, m3 -> (t:1, i:7), STATEMACHINELOGENTRY, 160@client-6250EC404864
2022-08-08 17:04:52,001 [s2@group-B24AF063D807-LeaderStateImpl] TRACE segmented.SegmentedRaftLogCache (AutoCloseableReadWriteLock.java:logLocking(65)) - s2@group-B24AF063D807: readLock ACQUIRED 1 by SegmentedRaftLogCache$LogSegmentList.countCached
2022-08-08 17:04:52,001 [s2@group-B24AF063D807-LeaderStateImpl] TRACE segmented.SegmentedRaftLogCache (AutoCloseableReadWriteLock.java:logLocking(65)) - s2@group-B24AF063D807: readLock RELEASED 0 by SegmentedRaftLogCache$LogSegmentList.countCached
2022-08-08 17:04:52,001 [s2@group-B24AF063D807-LeaderStateImpl] TRACE segmented.SegmentedRaftLogCache (AutoCloseableReadWriteLock.java:logLocking(65)) - s2@group-B24AF063D807: readLock ACQUIRED 1 by SegmentedRaftLogCache$LogSegmentList.getTotalCacheSize
2022-08-08 17:04:52,001 [s2@group-B24AF063D807-LeaderStateImpl] TRACE segmented.SegmentedRaftLogCache (AutoCloseableReadWriteLock.java:logLocking(65)) - s2@group-B24AF063D807: readLock RELEASED 0 by SegmentedRaftLogCache$LogSegmentList.getTotalCacheSize
2022-08-08 17:04:52,001 [s2@group-B24AF063D807-LeaderStateImpl] DEBUG segmented.SegmentedRaftLogWorker (SegmentedRaftLogWorker.java:addIOTask(270)) - s2@group-B24AF063D807-SegmentedRaftLogWorker adds IO task WriteLog:8: (t:1, i:8), METADATAENTRY(c:7)
2022-08-08 17:04:52,001 [s2@group-B24AF063D807-SegmentedRaftLogWorker] DEBUG segmented.SegmentedRaftLogWorker (SegmentedRaftLogWorker.java:flushIfNecessary(365)) - s2@group-B24AF063D807-SegmentedRaftLogWorker: flush SegmentedRaftLogOutputStream(/home/runner/work/ratis/ratis/ratis-test/target/test/data/b051e71b/MiniRaftClusterWithSimulatedRpc1ec78f08/s2/0d1e7fc9-4c77-451a-91df-b24af063d807/current/log_inprogress_0)
2022-08-08 17:04:52,001 [s2@group-B24AF063D807->s0-LogAppenderDefault-LogAppenderDaemon] TRACE segmented.SegmentedRaftLogCache (AutoCloseableReadWriteLock.java:logLocking(65)) - s2@group-B24AF063D807: readLock ACQUIRED 1 by SegmentedRaftLogCache.getLastTermIndex
2022-08-08 17:04:52,001 [s2@group-B24AF063D807->s0-LogAppenderDefault-LogAppenderDaemon] TRACE segmented.SegmentedRaftLogCache (AutoCloseableReadWriteLock.java:logLocking(65)) - s2@group-B24AF063D807: readLock RELEASED 0 by SegmentedRaftLogCache.getLastTermIndex
2022-08-08 17:04:52,001 [s2@group-B24AF063D807->s1-LogAppenderDefault-LogAppenderDaemon] TRACE segmented.SegmentedRaftLogCache (AutoCloseableReadWriteLock.java:logLocking(65)) - s2@group-B24AF063D807: readLock ACQUIRED 1 by SegmentedRaftLogCache.getLastTermIndex
2022-08-08 17:04:52,001 [s2@group-B24AF063D807->s1-LogAppenderDefault-LogAppenderDaemon] TRACE segmented.SegmentedRaftLogCache (AutoCloseableReadWriteLock.java:logLocking(65)) - s2@group-B24AF063D807: readLock RELEASED 0 by SegmentedRaftLogCache.getLastTermIndex
2022-08-08 17:04:52,001 [s2-client-thread1] TRACE segmented.SegmentedRaftLogCache (AutoCloseableReadWriteLock.java:logLocking(65)) - s2@group-B24AF063D807: readLock ACQUIRED 1 by SegmentedRaftLogCache.getLastTermIndex
2022-08-08 17:04:52,001 [s2-client-thread1] TRACE segmented.SegmentedRaftLogCache (AutoCloseableReadWriteLock.java:logLocking(65)) - s2@group-B24AF063D807: readLock RELEASED 0 by SegmentedRaftLogCache.getLastTermIndex
2022-08-08 17:04:52,001 [s2-client-thread1] TRACE segmented.SegmentedRaftLogCache (AutoCloseableReadWriteLock.java:logLocking(65)) - s2@group-B24AF063D807: readLock ACQUIRED 1 by SegmentedRaftLogCache.getLastTermIndex
2022-08-08 17:04:52,001 [s2-client-thread1] TRACE segmented.SegmentedRaftLogCache (AutoCloseableReadWriteLock.java:logLocking(65)) - s2@group-B24AF063D807: readLock RELEASED 0 by SegmentedRaftLogCache.getLastTermIndex
2022-08-08 17:04:52,002 [s2-client-thread1] TRACE segmented.SegmentedRaftLogCache (AutoCloseableReadWriteLock.java:logLocking(65)) - s2@group-B24AF063D807: readLock ACQUIRED 1 by SegmentedRaftLogCache$LogSegmentList.countCached
2022-08-08 17:04:52,002 [s2-client-thread1] TRACE segmented.SegmentedRaftLogCache (AutoCloseableReadWriteLock.java:logLocking(65)) - s2@group-B24AF063D807: readLock RELEASED 0 by SegmentedRaftLogCache$LogSegmentList.countCached
2022-08-08 17:04:52,002 [s2-client-thread1] TRACE segmented.SegmentedRaftLogCache (AutoCloseableReadWriteLock.java:logLocking(65)) - s2@group-B24AF063D807: readLock ACQUIRED 1 by SegmentedRaftLogCache$LogSegmentList.getTotalCacheSize
2022-08-08 17:04:52,002 [s2-client-thread1] TRACE segmented.SegmentedRaftLogCache (AutoCloseableReadWriteLock.java:logLocking(65)) - s2@group-B24AF063D807: readLock RELEASED 0 by SegmentedRaftLogCache$LogSegmentList.getTotalCacheSize
2022-08-08 17:04:52,002 [s2-client-thread1] DEBUG segmented.SegmentedRaftLogWorker (SegmentedRaftLogWorker.java:addIOTask(270)) - s2@group-B24AF063D807-SegmentedRaftLogWorker adds IO task WriteLog:9: (t:1, i:9), STATEMACHINELOGENTRY, StateMachineLogEntryProto:163@client-6250EC404864
2022-08-08 17:04:52,002 [s2@group-B24AF063D807->s0-LogAppenderDefault-LogAppenderDaemon] TRACE segmented.SegmentedRaftLogCache (AutoCloseableReadWriteLock.java:logLocking(65)) - s2@group-B24AF063D807: readLock ACQUIRED 1 by SegmentedRaftLogCache.getLastTermIndex
2022-08-08 17:04:52,002 [s2@group-B24AF063D807->s0-LogAppenderDefault-LogAppenderDaemon] TRACE segmented.SegmentedRaftLogCache (AutoCloseableReadWriteLock.java:logLocking(65)) - s2@group-B24AF063D807: readLock RELEASED 0 by SegmentedRaftLogCache.getLastTermIndex
2022-08-08 17:04:52,002 [s2@group-B24AF063D807->s0-LogAppenderDefault-LogAppenderDaemon] TRACE segmented.SegmentedRaftLogCache (AutoCloseableReadWriteLock.java:logLocking(65)) - s2@group-B24AF063D807: readLock ACQUIRED 1 by SegmentedRaftLogCache.getStartIndex
2022-08-08 17:04:52,002 [s2@group-B24AF063D807->s0-LogAppenderDefault-LogAppenderDaemon] TRACE segmented.SegmentedRaftLogCache (AutoCloseableReadWriteLock.java:logLocking(65)) -   s2@group-B24AF063D807: readLock ACQUIRED 2 by SegmentedRaftLogCache$LogSegmentList.isEmpty
2022-08-08 17:04:52,002 [s2@group-B24AF063D807->s0-LogAppenderDefault-LogAppenderDaemon] TRACE segmented.SegmentedRaftLogCache (AutoCloseableReadWriteLock.java:logLocking(65)) -   s2@group-B24AF063D807: readLock RELEASED 1 by SegmentedRaftLogCache$LogSegmentList.isEmpty
2022-08-08 17:04:52,002 [s2@group-B24AF063D807->s0-LogAppenderDefault-LogAppenderDaemon] TRACE segmented.SegmentedRaftLogCache (AutoCloseableReadWriteLock.java:logLocking(65)) - s2@group-B24AF063D807: readLock RELEASED 0 by SegmentedRaftLogCache.getStartIndex
2022-08-08 17:04:52,002 [s2@group-B24AF063D807-SegmentedRaftLogWorker] DEBUG segmented.SegmentedRaftLogWorker (SegmentedRaftLogWorker.java:flushIfNecessary(365)) - s2@group-B24AF063D807-SegmentedRaftLogWorker: flush SegmentedRaftLogOutputStream(/home/runner/work/ratis/ratis/ratis-test/target/test/data/b051e71b/MiniRaftClusterWithSimulatedRpc1ec78f08/s2/0d1e7fc9-4c77-451a-91df-b24af063d807/current/log_inprogress_0)
2022-08-08 17:04:52,002 [s2@group-B24AF063D807->s1-LogAppenderDefault-LogAppenderDaemon] TRACE segmented.SegmentedRaftLogCache (AutoCloseableReadWriteLock.java:logLocking(65)) -   s2@group-B24AF063D807: readLock ACQUIRED 2 by SegmentedRaftLogCache.getLastTermIndex
2022-08-08 17:04:52,002 [s2@group-B24AF063D807->s1-LogAppenderDefault-LogAppenderDaemon] TRACE segmented.SegmentedRaftLogCache (AutoCloseableReadWriteLock.java:logLocking(65)) -   s2@group-B24AF063D807: readLock RELEASED 1 by SegmentedRaftLogCache.getLastTermIndex
2022-08-08 17:04:52,002 [s2@group-B24AF063D807->s1-LogAppenderDefault-LogAppenderDaemon] TRACE segmented.SegmentedRaftLogCache (AutoCloseableReadWriteLock.java:logLocking(65)) -   s2@group-B24AF063D807: readLock ACQUIRED 2 by SegmentedRaftLogCache.getLastTermIndex
2022-08-08 17:04:52,002 [s2@group-B24AF063D807->s1-LogAppenderDefault-LogAppenderDaemon] TRACE segmented.SegmentedRaftLogCache (AutoCloseableReadWriteLock.java:logLocking(65)) -   s2@group-B24AF063D807: readLock RELEASED 1 by SegmentedRaftLogCache.getLastTermIndex
2022-08-08 17:04:52,002 [s2@group-B24AF063D807->s1-LogAppenderDefault-LogAppenderDaemon] TRACE segmented.SegmentedRaftLogCache (AutoCloseableReadWriteLock.java:logLocking(65)) -   s2@group-B24AF063D807: readLock ACQUIRED 2 by SegmentedRaftLogCache.getStartIndex
2022-08-08 17:04:52,002 [s2@group-B24AF063D807->s1-LogAppenderDefault-LogAppenderDaemon] TRACE segmented.SegmentedRaftLogCache (AutoCloseableReadWriteLock.java:logLocking(65)) -     s2@group-B24AF063D807: readLock ACQUIRED 3 by SegmentedRaftLogCache$LogSegmentList.isEmpty
2022-08-08 17:04:52,002 [s2@group-B24AF063D807->s1-LogAppenderDefault-LogAppenderDaemon] TRACE segmented.SegmentedRaftLogCache (AutoCloseableReadWriteLock.java:logLocking(65)) -     s2@group-B24AF063D807: readLock RELEASED 2 by SegmentedRaftLogCache$LogSegmentList.isEmpty
2022-08-08 17:04:52,002 [s2@group-B24AF063D807->s1-LogAppenderDefault-LogAppenderDaemon] TRACE segmented.SegmentedRaftLogCache (AutoCloseableReadWriteLock.java:logLocking(65)) -   s2@group-B24AF063D807: readLock RELEASED 1 by SegmentedRaftLogCache.getStartIndex
2022-08-08 17:04:52,002 [s2@group-B24AF063D807->s1-LogAppenderDefault-LogAppenderDaemon] TRACE segmented.SegmentedRaftLogCache (AutoCloseableReadWriteLock.java:logLocking(65)) -   s2@group-B24AF063D807: readLock ACQUIRED 2 by SegmentedRaftLogCache.getLastTermIndex
2022-08-08 17:04:52,002 [s2@group-B24AF063D807->s1-LogAppenderDefault-LogAppenderDaemon] TRACE segmented.SegmentedRaftLogCache (AutoCloseableReadWriteLock.java:logLocking(65)) -   s2@group-B24AF063D807: readLock RELEASED 1 by SegmentedRaftLogCache.getLastTermIndex
2022-08-08 17:04:52,002 [s2@group-B24AF063D807->s0-LogAppenderDefault-LogAppenderDaemon] TRACE segmented.SegmentedRaftLogCache (AutoCloseableReadWriteLock.java:logLocking(65)) - s2@group-B24AF063D807: readLock ACQUIRED 1 by SegmentedRaftLogCache.getLastTermIndex
2022-08-08 17:04:52,003 [s2@group-B24AF063D807->s0-LogAppenderDefault-LogAppenderDaemon] TRACE segmented.SegmentedRaftLogCache (AutoCloseableReadWriteLock.java:logLocking(65)) - s2@group-B24AF063D807: readLock RELEASED 0 by SegmentedRaftLogCache.getLastTermIndex
2022-08-08 17:04:52,003 [Thread-467] TRACE segmented.SegmentedRaftLogCache (AutoCloseableReadWriteLock.java:logLocking(65)) - s1@group-B24AF063D807: readLock ACQUIRED 1 by SegmentedRaftLogCache.computeTruncateIndices
2022-08-08 17:04:52,003 [Thread-467] TRACE segmented.SegmentedRaftLogCache (AutoCloseableReadWriteLock.java:logLocking(65)) -   s1@group-B24AF063D807: readLock ACQUIRED 2 by SegmentedRaftLogCache$LogSegmentList.binarySearch
2022-08-08 17:04:52,003 [Thread-467] TRACE segmented.SegmentedRaftLogCache (AutoCloseableReadWriteLock.java:logLocking(65)) -   s1@group-B24AF063D807: readLock RELEASED 1 by SegmentedRaftLogCache$LogSegmentList.binarySearch
2022-08-08 17:04:52,003 [Thread-467] TRACE segmented.SegmentedRaftLogCache (AutoCloseableReadWriteLock.java:logLocking(65)) -   s1@group-B24AF063D807: readLock ACQUIRED 2 by SegmentedRaftLogCache$LogSegmentList.size
2022-08-08 17:04:52,003 [Thread-467] TRACE segmented.SegmentedRaftLogCache (AutoCloseableReadWriteLock.java:logLocking(65)) -   s1@group-B24AF063D807: readLock RELEASED 1 by SegmentedRaftLogCache$LogSegmentList.size
2022-08-08 17:04:52,003 [Thread-467] TRACE segmented.SegmentedRaftLogCache (AutoCloseableReadWriteLock.java:logLocking(65)) - s1@group-B24AF063D807: readLock RELEASED 0 by SegmentedRaftLogCache.computeTruncateIndices
2022-08-08 17:04:52,003 [Thread-467] DEBUG raftlog.RaftLog (SegmentedRaftLog.java:appendImpl(447)) - truncateIndex=-1, arrayIndex=0
2022-08-08 17:04:52,003 [Thread-467] TRACE segmented.SegmentedRaftLogCache (AutoCloseableReadWriteLock.java:logLocking(65)) - s1@group-B24AF063D807: readLock ACQUIRED 1 by SegmentedRaftLogCache$LogSegmentList.countCached
2022-08-08 17:04:52,003 [Thread-467] TRACE segmented.SegmentedRaftLogCache (AutoCloseableReadWriteLock.java:logLocking(65)) - s1@group-B24AF063D807: readLock RELEASED 0 by SegmentedRaftLogCache$LogSegmentList.countCached
2022-08-08 17:04:52,003 [Thread-467] TRACE segmented.SegmentedRaftLogCache (AutoCloseableReadWriteLock.java:logLocking(65)) - s1@group-B24AF063D807: readLock ACQUIRED 1 by SegmentedRaftLogCache$LogSegmentList.getTotalCacheSize
2022-08-08 17:04:52,003 [Thread-467] TRACE segmented.SegmentedRaftLogCache (AutoCloseableReadWriteLock.java:logLocking(65)) - s1@group-B24AF063D807: readLock RELEASED 0 by SegmentedRaftLogCache$LogSegmentList.getTotalCacheSize
2022-08-08 17:04:52,003 [Thread-467] DEBUG segmented.SegmentedRaftLogWorker (SegmentedRaftLogWorker.java:addIOTask(270)) - s1@group-B24AF063D807-SegmentedRaftLogWorker adds IO task WriteLog:8: (t:1, i:8), METADATAENTRY(c:7)
2022-08-08 17:04:52,003 [Thread-467] TRACE segmented.SegmentedRaftLogCache (AutoCloseableReadWriteLock.java:logLocking(65)) - s1@group-B24AF063D807: readLock ACQUIRED 1 by SegmentedRaftLogCache.getLastTermIndex
2022-08-08 17:04:52,003 [Thread-467] TRACE segmented.SegmentedRaftLogCache (AutoCloseableReadWriteLock.java:logLocking(65)) - s1@group-B24AF063D807: readLock RELEASED 0 by SegmentedRaftLogCache.getLastTermIndex
2022-08-08 17:04:52,003 [Thread-467] TRACE segmented.SegmentedRaftLogCache (AutoCloseableReadWriteLock.java:logLocking(65)) - s1@group-B24AF063D807: readLock ACQUIRED 1 by SegmentedRaftLogCache$LogSegmentList.countCached
2022-08-08 17:04:52,003 [Thread-467] TRACE segmented.SegmentedRaftLogCache (AutoCloseableReadWriteLock.java:logLocking(65)) - s1@group-B24AF063D807: readLock RELEASED 0 by SegmentedRaftLogCache$LogSegmentList.countCached
2022-08-08 17:04:52,003 [Thread-467] TRACE segmented.SegmentedRaftLogCache (AutoCloseableReadWriteLock.java:logLocking(65)) - s1@group-B24AF063D807: readLock ACQUIRED 1 by SegmentedRaftLogCache$LogSegmentList.getTotalCacheSize
2022-08-08 17:04:52,004 [Thread-467] TRACE segmented.SegmentedRaftLogCache (AutoCloseableReadWriteLock.java:logLocking(65)) - s1@group-B24AF063D807: readLock RELEASED 0 by SegmentedRaftLogCache$LogSegmentList.getTotalCacheSize
2022-08-08 17:04:52,004 [Thread-467] DEBUG segmented.SegmentedRaftLogWorker (SegmentedRaftLogWorker.java:addIOTask(270)) - s1@group-B24AF063D807-SegmentedRaftLogWorker adds IO task WriteLog:9: (t:1, i:9), STATEMACHINELOGENTRY, StateMachineLogEntryProto:163@client-6250EC404864
2022-08-08 17:04:52,004 [s1@group-B24AF063D807-SegmentedRaftLogWorker] DEBUG segmented.SegmentedRaftLogWorker (SegmentedRaftLogWorker.java:flushIfNecessary(365)) - s1@group-B24AF063D807-SegmentedRaftLogWorker: flush SegmentedRaftLogOutputStream(/home/runner/work/ratis/ratis/ratis-test/target/test/data/b051e71b/MiniRaftClusterWithSimulatedRpc1ec78f08/s1/0d1e7fc9-4c77-451a-91df-b24af063d807/current/log_inprogress_0)
2022-08-08 17:04:52,004 [Thread-460] TRACE segmented.SegmentedRaftLogCache (AutoCloseableReadWriteLock.java:logLocking(65)) - s0@group-B24AF063D807: readLock ACQUIRED 1 by SegmentedRaftLogCache.computeTruncateIndices
2022-08-08 17:04:52,004 [Thread-460] TRACE segmented.SegmentedRaftLogCache (AutoCloseableReadWriteLock.java:logLocking(65)) -   s0@group-B24AF063D807: readLock ACQUIRED 2 by SegmentedRaftLogCache$LogSegmentList.binarySearch
2022-08-08 17:04:52,004 [Thread-460] TRACE segmented.SegmentedRaftLogCache (AutoCloseableReadWriteLock.java:logLocking(65)) -   s0@group-B24AF063D807: readLock RELEASED 1 by SegmentedRaftLogCache$LogSegmentList.binarySearch
2022-08-08 17:04:52,004 [Thread-460] TRACE segmented.SegmentedRaftLogCache (AutoCloseableReadWriteLock.java:logLocking(65)) -   s0@group-B24AF063D807: readLock ACQUIRED 2 by SegmentedRaftLogCache$LogSegmentList.size
2022-08-08 17:04:52,004 [Thread-460] TRACE segmented.SegmentedRaftLogCache (AutoCloseableReadWriteLock.java:logLocking(65)) -   s0@group-B24AF063D807: readLock RELEASED 1 by SegmentedRaftLogCache$LogSegmentList.size
2022-08-08 17:04:52,004 [Thread-460] TRACE segmented.SegmentedRaftLogCache (AutoCloseableReadWriteLock.java:logLocking(65)) - s0@group-B24AF063D807: readLock RELEASED 0 by SegmentedRaftLogCache.computeTruncateIndices
2022-08-08 17:04:52,004 [Thread-460] DEBUG raftlog.RaftLog (SegmentedRaftLog.java:appendImpl(447)) - truncateIndex=-1, arrayIndex=0
2022-08-08 17:04:52,004 [Thread-460] TRACE segmented.SegmentedRaftLogCache (AutoCloseableReadWriteLock.java:logLocking(65)) - s0@group-B24AF063D807: readLock ACQUIRED 1 by SegmentedRaftLogCache$LogSegmentList.countCached
2022-08-08 17:04:52,004 [Thread-460] TRACE segmented.SegmentedRaftLogCache (AutoCloseableReadWriteLock.java:logLocking(65)) - s0@group-B24AF063D807: readLock RELEASED 0 by SegmentedRaftLogCache$LogSegmentList.countCached
2022-08-08 17:04:52,004 [Thread-460] TRACE segmented.SegmentedRaftLogCache (AutoCloseableReadWriteLock.java:logLocking(65)) - s0@group-B24AF063D807: readLock ACQUIRED 1 by SegmentedRaftLogCache$LogSegmentList.getTotalCacheSize
2022-08-08 17:04:52,004 [Thread-460] TRACE segmented.SegmentedRaftLogCache (AutoCloseableReadWriteLock.java:logLocking(65)) - s0@group-B24AF063D807: readLock RELEASED 0 by SegmentedRaftLogCache$LogSegmentList.getTotalCacheSize
2022-08-08 17:04:52,004 [Thread-460] DEBUG segmented.SegmentedRaftLogWorker (SegmentedRaftLogWorker.java:addIOTask(270)) - s0@group-B24AF063D807-SegmentedRaftLogWorker adds IO task WriteLog:8: (t:1, i:8), METADATAENTRY(c:7)
2022-08-08 17:04:52,005 [Thread-460] TRACE segmented.SegmentedRaftLogCache (AutoCloseableReadWriteLock.java:logLocking(65)) - s0@group-B24AF063D807: readLock ACQUIRED 1 by SegmentedRaftLogCache.getLastTermIndex
2022-08-08 17:04:52,005 [Thread-460] TRACE segmented.SegmentedRaftLogCache (AutoCloseableReadWriteLock.java:logLocking(65)) - s0@group-B24AF063D807: readLock RELEASED 0 by SegmentedRaftLogCache.getLastTermIndex
2022-08-08 17:04:52,005 [Thread-460] TRACE segmented.SegmentedRaftLogCache (AutoCloseableReadWriteLock.java:logLocking(65)) - s0@group-B24AF063D807: readLock ACQUIRED 1 by SegmentedRaftLogCache$LogSegmentList.countCached
2022-08-08 17:04:52,005 [Thread-460] TRACE segmented.SegmentedRaftLogCache (AutoCloseableReadWriteLock.java:logLocking(65)) - s0@group-B24AF063D807: readLock RELEASED 0 by SegmentedRaftLogCache$LogSegmentList.countCached
2022-08-08 17:04:52,005 [Thread-460] TRACE segmented.SegmentedRaftLogCache (AutoCloseableReadWriteLock.java:logLocking(65)) - s0@group-B24AF063D807: readLock ACQUIRED 1 by SegmentedRaftLogCache$LogSegmentList.getTotalCacheSize
2022-08-08 17:04:52,005 [Thread-460] TRACE segmented.SegmentedRaftLogCache (AutoCloseableReadWriteLock.java:logLocking(65)) - s0@group-B24AF063D807: readLock RELEASED 0 by SegmentedRaftLogCache$LogSegmentList.getTotalCacheSize
2022-08-08 17:04:52,005 [Thread-460] DEBUG segmented.SegmentedRaftLogWorker (SegmentedRaftLogWorker.java:addIOTask(270)) - s0@group-B24AF063D807-SegmentedRaftLogWorker adds IO task WriteLog:9: (t:1, i:9), STATEMACHINELOGENTRY, StateMachineLogEntryProto:163@client-6250EC404864
2022-08-08 17:04:52,005 [s0@group-B24AF063D807-SegmentedRaftLogWorker] DEBUG segmented.SegmentedRaftLogWorker (SegmentedRaftLogWorker.java:flushIfNecessary(365)) - s0@group-B24AF063D807-SegmentedRaftLogWorker: flush SegmentedRaftLogOutputStream(/home/runner/work/ratis/ratis/ratis-test/target/test/data/b051e71b/MiniRaftClusterWithSimulatedRpc1ec78f08/s0/0d1e7fc9-4c77-451a-91df-b24af063d807/current/log_inprogress_0)
2022-08-08 17:04:52,005 [s1@group-B24AF063D807-StateMachineUpdater] INFO  statemachine.SimpleStateMachine4Testing (SimpleStateMachine4Testing.java:put(204)) - s1: put 7, m3 -> (t:1, i:7), STATEMACHINELOGENTRY, 160@client-6250EC404864
2022-08-08 17:04:52,005 [s0@group-B24AF063D807-StateMachineUpdater] INFO  statemachine.SimpleStateMachine4Testing (SimpleStateMachine4Testing.java:put(204)) - s0: put 7, m3 -> (t:1, i:7), STATEMACHINELOGENTRY, 160@client-6250EC404864
2022-08-08 17:04:52,006 [s2@group-B24AF063D807->s0-LogAppenderDefault-LogAppenderDaemon] TRACE segmented.SegmentedRaftLogCache (AutoCloseableReadWriteLock.java:logLocking(65)) - s2@group-B24AF063D807: readLock ACQUIRED 1 by SegmentedRaftLogCache.getLastTermIndex
2022-08-08 17:04:52,006 [s2@group-B24AF063D807->s0-LogAppenderDefault-LogAppenderDaemon] TRACE segmented.SegmentedRaftLogCache (AutoCloseableReadWriteLock.java:logLocking(65)) -   s2@group-B24AF063D807: readLock RELEASED 1 by SegmentedRaftLogCache.getLastTermIndex
2022-08-08 17:04:52,006 [s2@group-B24AF063D807-LeaderStateImpl] TRACE segmented.SegmentedRaftLogCache (AutoCloseableReadWriteLock.java:logLocking(65)) -   s2@group-B24AF063D807: readLock ACQUIRED 2 by SegmentedRaftLogCache.getStartIndex
2022-08-08 17:04:52,006 [s2@group-B24AF063D807-LeaderStateImpl] TRACE segmented.SegmentedRaftLogCache (AutoCloseableReadWriteLock.java:logLocking(65)) -     s2@group-B24AF063D807: readLock ACQUIRED 3 by SegmentedRaftLogCache$LogSegmentList.isEmpty
2022-08-08 17:04:52,006 [s2@group-B24AF063D807-LeaderStateImpl] TRACE segmented.SegmentedRaftLogCache (AutoCloseableReadWriteLock.java:logLocking(65)) -       s2@group-B24AF063D807: readLock RELEASED 3 by SegmentedRaftLogCache$LogSegmentList.isEmpty
2022-08-08 17:04:52,006 [s2@group-B24AF063D807->s1-LogAppenderDefault-LogAppenderDaemon] TRACE segmented.SegmentedRaftLogCache (AutoCloseableReadWriteLock.java:logLocking(65)) -   s2@group-B24AF063D807: readLock ACQUIRED 2 by SegmentedRaftLogCache.getLastTermIndex
2022-08-08 17:04:52,006 [s2@group-B24AF063D807->s1-LogAppenderDefault-LogAppenderDaemon] TRACE segmented.SegmentedRaftLogCache (AutoCloseableReadWriteLock.java:logLocking(65)) -   s2@group-B24AF063D807: readLock RELEASED 1 by SegmentedRaftLogCache.getLastTermIndex
2022-08-08 17:04:52,006 [s2@group-B24AF063D807-LeaderStateImpl] TRACE segmented.SegmentedRaftLogCache (AutoCloseableReadWriteLock.java:logLocking(65)) -     s2@group-B24AF063D807: readLock RELEASED 2 by SegmentedRaftLogCache.getStartIndex
2022-08-08 17:04:52,006 [s2@group-B24AF063D807->s0-LogAppenderDefault-LogAppenderDaemon] TRACE segmented.SegmentedRaftLogCache (AutoCloseableReadWriteLock.java:logLocking(65)) -       s2@group-B24AF063D807: readLock ACQUIRED 4 by SegmentedRaftLogCache.getLastTermIndex
2022-08-08 17:04:52,006 [s2@group-B24AF063D807->s0-LogAppenderDefault-LogAppenderDaemon] TRACE segmented.SegmentedRaftLogCache (AutoCloseableReadWriteLock.java:logLocking(65)) -   s2@group-B24AF063D807: readLock RELEASED 1 by SegmentedRaftLogCache.getLastTermIndex
2022-08-08 17:04:52,006 [s2@group-B24AF063D807-LeaderStateImpl] TRACE segmented.SegmentedRaftLogCache (AutoCloseableReadWriteLock.java:logLocking(65)) -   s2@group-B24AF063D807: readLock ACQUIRED 2 by SegmentedRaftLogCache.getEndIndex
2022-08-08 17:04:52,006 [s2@group-B24AF063D807-LeaderStateImpl] TRACE segmented.SegmentedRaftLogCache (AutoCloseableReadWriteLock.java:logLocking(65)) -   s2@group-B24AF063D807: readLock RELEASED 1 by SegmentedRaftLogCache.getEndIndex
2022-08-08 17:04:52,006 [s2@group-B24AF063D807->s0-LogAppenderDefault-LogAppenderDaemon] TRACE segmented.SegmentedRaftLogCache (AutoCloseableReadWriteLock.java:logLocking(65)) -   s2@group-B24AF063D807: readLock ACQUIRED 2 by SegmentedRaftLogCache.getLastTermIndex
2022-08-08 17:04:52,006 [s2@group-B24AF063D807->s0-LogAppenderDefault-LogAppenderDaemon] TRACE segmented.SegmentedRaftLogCache (AutoCloseableReadWriteLock.java:logLocking(65)) -   s2@group-B24AF063D807: readLock RELEASED 1 by SegmentedRaftLogCache.getLastTermIndex
2022-08-08 17:04:52,006 [s2@group-B24AF063D807-LeaderStateImpl] TRACE segmented.SegmentedRaftLogCache (AutoCloseableReadWriteLock.java:logLocking(65)) -   s2@group-B24AF063D807: readLock ACQUIRED 2 by SegmentedRaftLogCache$LogSegmentList.getTermIndex
2022-08-08 17:04:52,007 [s2@group-B24AF063D807-LeaderStateImpl] TRACE segmented.SegmentedRaftLogCache (AutoCloseableReadWriteLock.java:logLocking(65)) - s2@group-B24AF063D807: readLock RELEASED 0 by SegmentedRaftLogCache$LogSegmentList.getTermIndex
2022-08-08 17:04:52,007 [s2@group-B24AF063D807-StateMachineUpdater] INFO  statemachine.SimpleStateMachine4Testing (SimpleStateMachine4Testing.java:put(204)) - s2: put 9, m4 -> (t:1, i:9), STATEMACHINELOGENTRY, 163@client-6250EC404864
2022-08-08 17:04:52,007 [s2@group-B24AF063D807-LeaderStateImpl] TRACE segmented.SegmentedRaftLogCache (AutoCloseableReadWriteLock.java:logLocking(65)) - s2@group-B24AF063D807: readLock ACQUIRED 1 by SegmentedRaftLogCache.getLastTermIndex
2022-08-08 17:04:52,007 [s2@group-B24AF063D807-LeaderStateImpl] TRACE segmented.SegmentedRaftLogCache (AutoCloseableReadWriteLock.java:logLocking(65)) - s2@group-B24AF063D807: readLock RELEASED 0 by SegmentedRaftLogCache.getLastTermIndex
2022-08-08 17:04:52,007 [s2@group-B24AF063D807-LeaderStateImpl] TRACE segmented.SegmentedRaftLogCache (AutoCloseableReadWriteLock.java:logLocking(65)) - s2@group-B24AF063D807: readLock ACQUIRED 1 by SegmentedRaftLogCache$LogSegmentList.countCached
2022-08-08 17:04:52,007 [s2@group-B24AF063D807-LeaderStateImpl] TRACE segmented.SegmentedRaftLogCache (AutoCloseableReadWriteLock.java:logLocking(65)) - s2@group-B24AF063D807: readLock RELEASED 0 by SegmentedRaftLogCache$LogSegmentList.countCached
2022-08-08 17:04:52,007 [s2@group-B24AF063D807-LeaderStateImpl] TRACE segmented.SegmentedRaftLogCache (AutoCloseableReadWriteLock.java:logLocking(65)) - s2@group-B24AF063D807: readLock ACQUIRED 1 by SegmentedRaftLogCache$LogSegmentList.getTotalCacheSize
2022-08-08 17:04:52,007 [s2@group-B24AF063D807-LeaderStateImpl] TRACE segmented.SegmentedRaftLogCache (AutoCloseableReadWriteLock.java:logLocking(65)) - s2@group-B24AF063D807: readLock RELEASED 0 by SegmentedRaftLogCache$LogSegmentList.getTotalCacheSize
2022-08-08 17:04:52,007 [s2@group-B24AF063D807-LeaderStateImpl] DEBUG segmented.SegmentedRaftLogWorker (SegmentedRaftLogWorker.java:addIOTask(270)) - s2@group-B24AF063D807-SegmentedRaftLogWorker adds IO task WriteLog:10: (t:1, i:10), METADATAENTRY(c:9)
2022-08-08 17:04:52,007 [s2@group-B24AF063D807-SegmentedRaftLogWorker] DEBUG segmented.SegmentedRaftLogWorker (SegmentedRaftLogWorker.java:flushIfNecessary(365)) - s2@group-B24AF063D807-SegmentedRaftLogWorker: flush SegmentedRaftLogOutputStream(/home/runner/work/ratis/ratis/ratis-test/target/test/data/b051e71b/MiniRaftClusterWithSimulatedRpc1ec78f08/s2/0d1e7fc9-4c77-451a-91df-b24af063d807/current/log_inprogress_0)
2022-08-08 17:04:52,008 [s2@group-B24AF063D807->s0-LogAppenderDefault-LogAppenderDaemon] TRACE segmented.SegmentedRaftLogCache (AutoCloseableReadWriteLock.java:logLocking(65)) - s2@group-B24AF063D807: readLock ACQUIRED 1 by SegmentedRaftLogCache.getLastTermIndex
2022-08-08 17:04:52,008 [s2@group-B24AF063D807->s0-LogAppenderDefault-LogAppenderDaemon] TRACE segmented.SegmentedRaftLogCache (AutoCloseableReadWriteLock.java:logLocking(65)) -   s2@group-B24AF063D807: readLock RELEASED 1 by SegmentedRaftLogCache.getLastTermIndex
2022-08-08 17:04:52,008 [s2@group-B24AF063D807->s1-LogAppenderDefault-LogAppenderDaemon] TRACE segmented.SegmentedRaftLogCache (AutoCloseableReadWriteLock.java:logLocking(65)) -   s2@group-B24AF063D807: readLock ACQUIRED 2 by SegmentedRaftLogCache.getLastTermIndex
2022-08-08 17:04:52,008 [s2@group-B24AF063D807->s1-LogAppenderDefault-LogAppenderDaemon] TRACE segmented.SegmentedRaftLogCache (AutoCloseableReadWriteLock.java:logLocking(65)) -   s2@group-B24AF063D807: readLock RELEASED 1 by SegmentedRaftLogCache.getLastTermIndex
2022-08-08 17:04:52,008 [s2@group-B24AF063D807->s0-LogAppenderDefault-LogAppenderDaemon] TRACE segmented.SegmentedRaftLogCache (AutoCloseableReadWriteLock.java:logLocking(65)) -   s2@group-B24AF063D807: readLock ACQUIRED 2 by SegmentedRaftLogCache.getLastTermIndex
2022-08-08 17:04:52,008 [s2@group-B24AF063D807->s0-LogAppenderDefault-LogAppenderDaemon] TRACE segmented.SegmentedRaftLogCache (AutoCloseableReadWriteLock.java:logLocking(65)) -   s2@group-B24AF063D807: readLock RELEASED 1 by SegmentedRaftLogCache.getLastTermIndex
2022-08-08 17:04:52,008 [s2@group-B24AF063D807->s0-LogAppenderDefault-LogAppenderDaemon] TRACE segmented.SegmentedRaftLogCache (AutoCloseableReadWriteLock.java:logLocking(65)) -   s2@group-B24AF063D807: readLock ACQUIRED 2 by SegmentedRaftLogCache.getStartIndex
2022-08-08 17:04:52,008 [s2@group-B24AF063D807->s0-LogAppenderDefault-LogAppenderDaemon] TRACE segmented.SegmentedRaftLogCache (AutoCloseableReadWriteLock.java:logLocking(65)) -     s2@group-B24AF063D807: readLock ACQUIRED 3 by SegmentedRaftLogCache$LogSegmentList.isEmpty
2022-08-08 17:04:52,008 [s2@group-B24AF063D807->s0-LogAppenderDefault-LogAppenderDaemon] TRACE segmented.SegmentedRaftLogCache (AutoCloseableReadWriteLock.java:logLocking(65)) -     s2@group-B24AF063D807: readLock RELEASED 2 by SegmentedRaftLogCache$LogSegmentList.isEmpty
2022-08-08 17:04:52,008 [s2@group-B24AF063D807->s0-LogAppenderDefault-LogAppenderDaemon] TRACE segmented.SegmentedRaftLogCache (AutoCloseableReadWriteLock.java:logLocking(65)) -   s2@group-B24AF063D807: readLock RELEASED 1 by SegmentedRaftLogCache.getStartIndex
2022-08-08 17:04:52,008 [s2@group-B24AF063D807->s0-LogAppenderDefault-LogAppenderDaemon] TRACE segmented.SegmentedRaftLogCache (AutoCloseableReadWriteLock.java:logLocking(65)) -   s2@group-B24AF063D807: readLock ACQUIRED 2 by SegmentedRaftLogCache.getLastTermIndex
2022-08-08 17:04:52,008 [s2@group-B24AF063D807->s0-LogAppenderDefault-LogAppenderDaemon] TRACE segmented.SegmentedRaftLogCache (AutoCloseableReadWriteLock.java:logLocking(65)) -   s2@group-B24AF063D807: readLock RELEASED 1 by SegmentedRaftLogCache.getLastTermIndex
2022-08-08 17:04:52,008 [s2@group-B24AF063D807->s1-LogAppenderDefault-LogAppenderDaemon] TRACE segmented.SegmentedRaftLogCache (AutoCloseableReadWriteLock.java:logLocking(65)) -   s2@group-B24AF063D807: readLock ACQUIRED 2 by SegmentedRaftLogCache.getLastTermIndex
2022-08-08 17:04:52,008 [s2@group-B24AF063D807->s1-LogAppenderDefault-LogAppenderDaemon] TRACE segmented.SegmentedRaftLogCache (AutoCloseableReadWriteLock.java:logLocking(65)) - s2@group-B24AF063D807: readLock RELEASED 0 by SegmentedRaftLogCache.getLastTermIndex
2022-08-08 17:04:52,008 [Thread-461] TRACE segmented.SegmentedRaftLogCache (AutoCloseableReadWriteLock.java:logLocking(65)) - s0@group-B24AF063D807: readLock ACQUIRED 1 by SegmentedRaftLogCache.computeTruncateIndices
2022-08-08 17:04:52,008 [s2-client-thread1] TRACE segmented.SegmentedRaftLogCache (AutoCloseableReadWriteLock.java:logLocking(65)) -   s2@group-B24AF063D807: readLock ACQUIRED 2 by SegmentedRaftLogCache.getLastTermIndex
2022-08-08 17:04:52,008 [s2-client-thread1] TRACE segmented.SegmentedRaftLogCache (AutoCloseableReadWriteLock.java:logLocking(65)) -   s2@group-B24AF063D807: readLock RELEASED 1 by SegmentedRaftLogCache.getLastTermIndex
2022-08-08 17:04:52,008 [s2-client-thread1] TRACE segmented.SegmentedRaftLogCache (AutoCloseableReadWriteLock.java:logLocking(65)) -   s2@group-B24AF063D807: readLock ACQUIRED 2 by SegmentedRaftLogCache.getLastTermIndex
2022-08-08 17:04:52,008 [s2-client-thread1] TRACE segmented.SegmentedRaftLogCache (AutoCloseableReadWriteLock.java:logLocking(65)) -   s2@group-B24AF063D807: readLock RELEASED 1 by SegmentedRaftLogCache.getLastTermIndex
2022-08-08 17:04:52,009 [s2-client-thread1] TRACE segmented.SegmentedRaftLogCache (AutoCloseableReadWriteLock.java:logLocking(65)) -   s2@group-B24AF063D807: readLock ACQUIRED 2 by SegmentedRaftLogCache$LogSegmentList.countCached
2022-08-08 17:04:52,009 [s2-client-thread1] TRACE segmented.SegmentedRaftLogCache (AutoCloseableReadWriteLock.java:logLocking(65)) -   s2@group-B24AF063D807: readLock RELEASED 1 by SegmentedRaftLogCache$LogSegmentList.countCached
2022-08-08 17:04:52,009 [s2-client-thread1] TRACE segmented.SegmentedRaftLogCache (AutoCloseableReadWriteLock.java:logLocking(65)) -   s2@group-B24AF063D807: readLock ACQUIRED 2 by SegmentedRaftLogCache$LogSegmentList.getTotalCacheSize
2022-08-08 17:04:52,009 [s2-client-thread1] TRACE segmented.SegmentedRaftLogCache (AutoCloseableReadWriteLock.java:logLocking(65)) -   s2@group-B24AF063D807: readLock RELEASED 1 by SegmentedRaftLogCache$LogSegmentList.getTotalCacheSize
2022-08-08 17:04:52,009 [s2-client-thread1] DEBUG segmented.SegmentedRaftLogWorker (SegmentedRaftLogWorker.java:addIOTask(270)) - s2@group-B24AF063D807-SegmentedRaftLogWorker adds IO task WriteLog:11: (t:1, i:11), STATEMACHINELOGENTRY, StateMachineLogEntryProto:166@client-6250EC404864
2022-08-08 17:04:52,008 [s2@group-B24AF063D807->s1-LogAppenderDefault-LogAppenderDaemon] TRACE segmented.SegmentedRaftLogCache (AutoCloseableReadWriteLock.java:logLocking(65)) - s2@group-B24AF063D807: readLock ACQUIRED 1 by SegmentedRaftLogCache.getStartIndex
2022-08-08 17:04:52,009 [s2@group-B24AF063D807-SegmentedRaftLogWorker] DEBUG segmented.SegmentedRaftLogWorker (SegmentedRaftLogWorker.java:flushIfNecessary(365)) - s2@group-B24AF063D807-SegmentedRaftLogWorker: flush SegmentedRaftLogOutputStream(/home/runner/work/ratis/ratis/ratis-test/target/test/data/b051e71b/MiniRaftClusterWithSimulatedRpc1ec78f08/s2/0d1e7fc9-4c77-451a-91df-b24af063d807/current/log_inprogress_0)
2022-08-08 17:04:52,008 [Thread-461] TRACE segmented.SegmentedRaftLogCache (AutoCloseableReadWriteLock.java:logLocking(65)) -   s0@group-B24AF063D807: readLock ACQUIRED 2 by SegmentedRaftLogCache$LogSegmentList.binarySearch
2022-08-08 17:04:52,009 [s2@group-B24AF063D807->s1-LogAppenderDefault-LogAppenderDaemon] TRACE segmented.SegmentedRaftLogCache (AutoCloseableReadWriteLock.java:logLocking(65)) -   s2@group-B24AF063D807: readLock ACQUIRED 2 by SegmentedRaftLogCache$LogSegmentList.isEmpty
2022-08-08 17:04:52,009 [s2@group-B24AF063D807->s1-LogAppenderDefault-LogAppenderDaemon] TRACE segmented.SegmentedRaftLogCache (AutoCloseableReadWriteLock.java:logLocking(65)) -   s2@group-B24AF063D807: readLock RELEASED 1 by SegmentedRaftLogCache$LogSegmentList.isEmpty
2022-08-08 17:04:52,009 [s2@group-B24AF063D807->s1-LogAppenderDefault-LogAppenderDaemon] TRACE segmented.SegmentedRaftLogCache (AutoCloseableReadWriteLock.java:logLocking(65)) - s2@group-B24AF063D807: readLock RELEASED 0 by SegmentedRaftLogCache.getStartIndex
2022-08-08 17:04:52,009 [Thread-461] TRACE segmented.SegmentedRaftLogCache (AutoCloseableReadWriteLock.java:logLocking(65)) -   s0@group-B24AF063D807: readLock RELEASED 1 by SegmentedRaftLogCache$LogSegmentList.binarySearch
2022-08-08 17:04:52,009 [s2@group-B24AF063D807->s1-LogAppenderDefault-LogAppenderDaemon] TRACE segmented.SegmentedRaftLogCache (AutoCloseableReadWriteLock.java:logLocking(65)) - s2@group-B24AF063D807: readLock ACQUIRED 1 by SegmentedRaftLogCache.getLastTermIndex
2022-08-08 17:04:52,009 [s2@group-B24AF063D807->s1-LogAppenderDefault-LogAppenderDaemon] TRACE segmented.SegmentedRaftLogCache (AutoCloseableReadWriteLock.java:logLocking(65)) - s2@group-B24AF063D807: readLock RELEASED 0 by SegmentedRaftLogCache.getLastTermIndex
2022-08-08 17:04:52,009 [Thread-461] TRACE segmented.SegmentedRaftLogCache (AutoCloseableReadWriteLock.java:logLocking(65)) -   s0@group-B24AF063D807: readLock ACQUIRED 2 by SegmentedRaftLogCache$LogSegmentList.size
2022-08-08 17:04:52,009 [Thread-461] TRACE segmented.SegmentedRaftLogCache (AutoCloseableReadWriteLock.java:logLocking(65)) -   s0@group-B24AF063D807: readLock RELEASED 1 by SegmentedRaftLogCache$LogSegmentList.size
2022-08-08 17:04:52,009 [Thread-461] TRACE segmented.SegmentedRaftLogCache (AutoCloseableReadWriteLock.java:logLocking(65)) - s0@group-B24AF063D807: readLock RELEASED 0 by SegmentedRaftLogCache.computeTruncateIndices
2022-08-08 17:04:52,009 [Thread-461] DEBUG raftlog.RaftLog (SegmentedRaftLog.java:appendImpl(447)) - truncateIndex=-1, arrayIndex=0
2022-08-08 17:04:52,010 [Thread-461] TRACE segmented.SegmentedRaftLogCache (AutoCloseableReadWriteLock.java:logLocking(65)) - s0@group-B24AF063D807: readLock ACQUIRED 1 by SegmentedRaftLogCache$LogSegmentList.countCached
2022-08-08 17:04:52,010 [Thread-461] TRACE segmented.SegmentedRaftLogCache (AutoCloseableReadWriteLock.java:logLocking(65)) - s0@group-B24AF063D807: readLock RELEASED 0 by SegmentedRaftLogCache$LogSegmentList.countCached
2022-08-08 17:04:52,010 [Thread-461] TRACE segmented.SegmentedRaftLogCache (AutoCloseableReadWriteLock.java:logLocking(65)) - s0@group-B24AF063D807: readLock ACQUIRED 1 by SegmentedRaftLogCache$LogSegmentList.getTotalCacheSize
2022-08-08 17:04:52,010 [Thread-461] TRACE segmented.SegmentedRaftLogCache (AutoCloseableReadWriteLock.java:logLocking(65)) - s0@group-B24AF063D807: readLock RELEASED 0 by SegmentedRaftLogCache$LogSegmentList.getTotalCacheSize
2022-08-08 17:04:52,010 [Thread-461] DEBUG segmented.SegmentedRaftLogWorker (SegmentedRaftLogWorker.java:addIOTask(270)) - s0@group-B24AF063D807-SegmentedRaftLogWorker adds IO task WriteLog:10: (t:1, i:10), METADATAENTRY(c:9)
2022-08-08 17:04:52,010 [s0@group-B24AF063D807-SegmentedRaftLogWorker] DEBUG segmented.SegmentedRaftLogWorker (SegmentedRaftLogWorker.java:flushIfNecessary(365)) - s0@group-B24AF063D807-SegmentedRaftLogWorker: flush SegmentedRaftLogOutputStream(/home/runner/work/ratis/ratis/ratis-test/target/test/data/b051e71b/MiniRaftClusterWithSimulatedRpc1ec78f08/s0/0d1e7fc9-4c77-451a-91df-b24af063d807/current/log_inprogress_0)
2022-08-08 17:04:52,010 [Thread-468] TRACE segmented.SegmentedRaftLogCache (AutoCloseableReadWriteLock.java:logLocking(65)) - s1@group-B24AF063D807: readLock ACQUIRED 1 by SegmentedRaftLogCache.computeTruncateIndices
2022-08-08 17:04:52,010 [Thread-468] TRACE segmented.SegmentedRaftLogCache (AutoCloseableReadWriteLock.java:logLocking(65)) -   s1@group-B24AF063D807: readLock ACQUIRED 2 by SegmentedRaftLogCache$LogSegmentList.binarySearch
2022-08-08 17:04:52,010 [Thread-468] TRACE segmented.SegmentedRaftLogCache (AutoCloseableReadWriteLock.java:logLocking(65)) -   s1@group-B24AF063D807: readLock RELEASED 1 by SegmentedRaftLogCache$LogSegmentList.binarySearch
2022-08-08 17:04:52,010 [Thread-468] TRACE segmented.SegmentedRaftLogCache (AutoCloseableReadWriteLock.java:logLocking(65)) -   s1@group-B24AF063D807: readLock ACQUIRED 2 by SegmentedRaftLogCache$LogSegmentList.size
2022-08-08 17:04:52,010 [Thread-468] TRACE segmented.SegmentedRaftLogCache (AutoCloseableReadWriteLock.java:logLocking(65)) -   s1@group-B24AF063D807: readLock RELEASED 1 by SegmentedRaftLogCache$LogSegmentList.size
2022-08-08 17:04:52,010 [Thread-468] TRACE segmented.SegmentedRaftLogCache (AutoCloseableReadWriteLock.java:logLocking(65)) - s1@group-B24AF063D807: readLock RELEASED 0 by SegmentedRaftLogCache.computeTruncateIndices
2022-08-08 17:04:52,010 [Thread-468] DEBUG raftlog.RaftLog (SegmentedRaftLog.java:appendImpl(447)) - truncateIndex=-1, arrayIndex=0
2022-08-08 17:04:52,010 [Thread-468] TRACE segmented.SegmentedRaftLogCache (AutoCloseableReadWriteLock.java:logLocking(65)) - s1@group-B24AF063D807: readLock ACQUIRED 1 by SegmentedRaftLogCache$LogSegmentList.countCached
2022-08-08 17:04:52,010 [Thread-468] TRACE segmented.SegmentedRaftLogCache (AutoCloseableReadWriteLock.java:logLocking(65)) - s1@group-B24AF063D807: readLock RELEASED 0 by SegmentedRaftLogCache$LogSegmentList.countCached
2022-08-08 17:04:52,010 [Thread-468] TRACE segmented.SegmentedRaftLogCache (AutoCloseableReadWriteLock.java:logLocking(65)) - s1@group-B24AF063D807: readLock ACQUIRED 1 by SegmentedRaftLogCache$LogSegmentList.getTotalCacheSize
2022-08-08 17:04:52,010 [Thread-468] TRACE segmented.SegmentedRaftLogCache (AutoCloseableReadWriteLock.java:logLocking(65)) - s1@group-B24AF063D807: readLock RELEASED 0 by SegmentedRaftLogCache$LogSegmentList.getTotalCacheSize
2022-08-08 17:04:52,011 [Thread-468] DEBUG segmented.SegmentedRaftLogWorker (SegmentedRaftLogWorker.java:addIOTask(270)) - s1@group-B24AF063D807-SegmentedRaftLogWorker adds IO task WriteLog:10: (t:1, i:10), METADATAENTRY(c:9)
2022-08-08 17:04:52,011 [Thread-468] TRACE segmented.SegmentedRaftLogCache (AutoCloseableReadWriteLock.java:logLocking(65)) - s1@group-B24AF063D807: readLock ACQUIRED 1 by SegmentedRaftLogCache.getLastTermIndex
2022-08-08 17:04:52,011 [Thread-468] TRACE segmented.SegmentedRaftLogCache (AutoCloseableReadWriteLock.java:logLocking(65)) - s1@group-B24AF063D807: readLock RELEASED 0 by SegmentedRaftLogCache.getLastTermIndex
2022-08-08 17:04:52,011 [Thread-468] TRACE segmented.SegmentedRaftLogCache (AutoCloseableReadWriteLock.java:logLocking(65)) - s1@group-B24AF063D807: readLock ACQUIRED 1 by SegmentedRaftLogCache$LogSegmentList.countCached
2022-08-08 17:04:52,011 [Thread-468] TRACE segmented.SegmentedRaftLogCache (AutoCloseableReadWriteLock.java:logLocking(65)) - s1@group-B24AF063D807: readLock RELEASED 0 by SegmentedRaftLogCache$LogSegmentList.countCached
2022-08-08 17:04:52,011 [Thread-468] TRACE segmented.SegmentedRaftLogCache (AutoCloseableReadWriteLock.java:logLocking(65)) - s1@group-B24AF063D807: readLock ACQUIRED 1 by SegmentedRaftLogCache$LogSegmentList.getTotalCacheSize
2022-08-08 17:04:52,011 [Thread-468] TRACE segmented.SegmentedRaftLogCache (AutoCloseableReadWriteLock.java:logLocking(65)) - s1@group-B24AF063D807: readLock RELEASED 0 by SegmentedRaftLogCache$LogSegmentList.getTotalCacheSize
2022-08-08 17:04:52,011 [Thread-468] DEBUG segmented.SegmentedRaftLogWorker (SegmentedRaftLogWorker.java:addIOTask(270)) - s1@group-B24AF063D807-SegmentedRaftLogWorker adds IO task WriteLog:11: (t:1, i:11), STATEMACHINELOGENTRY, StateMachineLogEntryProto:166@client-6250EC404864
2022-08-08 17:04:52,011 [s0@group-B24AF063D807-StateMachineUpdater] INFO  statemachine.SimpleStateMachine4Testing (SimpleStateMachine4Testing.java:put(204)) - s0: put 9, m4 -> (t:1, i:9), STATEMACHINELOGENTRY, 163@client-6250EC404864
2022-08-08 17:04:52,011 [s1@group-B24AF063D807-SegmentedRaftLogWorker] DEBUG segmented.SegmentedRaftLogWorker (SegmentedRaftLogWorker.java:flushIfNecessary(365)) - s1@group-B24AF063D807-SegmentedRaftLogWorker: flush SegmentedRaftLogOutputStream(/home/runner/work/ratis/ratis/ratis-test/target/test/data/b051e71b/MiniRaftClusterWithSimulatedRpc1ec78f08/s1/0d1e7fc9-4c77-451a-91df-b24af063d807/current/log_inprogress_0)
2022-08-08 17:04:52,012 [s2@group-B24AF063D807->s0-LogAppenderDefault-LogAppenderDaemon] TRACE segmented.SegmentedRaftLogCache (AutoCloseableReadWriteLock.java:logLocking(65)) - s2@group-B24AF063D807: readLock ACQUIRED 1 by SegmentedRaftLogCache.getLastTermIndex
2022-08-08 17:04:52,012 [s2@group-B24AF063D807->s0-LogAppenderDefault-LogAppenderDaemon] TRACE segmented.SegmentedRaftLogCache (AutoCloseableReadWriteLock.java:logLocking(65)) - s2@group-B24AF063D807: readLock RELEASED 0 by SegmentedRaftLogCache.getLastTermIndex
2022-08-08 17:04:52,012 [s2@group-B24AF063D807->s0-LogAppenderDefault-LogAppenderDaemon] TRACE segmented.SegmentedRaftLogCache (AutoCloseableReadWriteLock.java:logLocking(65)) - s2@group-B24AF063D807: readLock ACQUIRED 1 by SegmentedRaftLogCache.getLastTermIndex
2022-08-08 17:04:52,012 [s2@group-B24AF063D807->s0-LogAppenderDefault-LogAppenderDaemon] TRACE segmented.SegmentedRaftLogCache (AutoCloseableReadWriteLock.java:logLocking(65)) - s2@group-B24AF063D807: readLock RELEASED 0 by SegmentedRaftLogCache.getLastTermIndex
2022-08-08 17:04:52,012 [s2@group-B24AF063D807->s0-LogAppenderDefault-LogAppenderDaemon] TRACE segmented.SegmentedRaftLogCache (AutoCloseableReadWriteLock.java:logLocking(65)) - s2@group-B24AF063D807: readLock ACQUIRED 1 by SegmentedRaftLogCache.getLastTermIndex
2022-08-08 17:04:52,012 [s2@group-B24AF063D807->s0-LogAppenderDefault-LogAppenderDaemon] TRACE segmented.SegmentedRaftLogCache (AutoCloseableReadWriteLock.java:logLocking(65)) - s2@group-B24AF063D807: readLock RELEASED 0 by SegmentedRaftLogCache.getLastTermIndex
2022-08-08 17:04:52,012 [s1@group-B24AF063D807-StateMachineUpdater] INFO  statemachine.SimpleStateMachine4Testing (SimpleStateMachine4Testing.java:put(204)) - s1: put 9, m4 -> (t:1, i:9), STATEMACHINELOGENTRY, 163@client-6250EC404864
2022-08-08 17:04:52,012 [s2@group-B24AF063D807->s0-LogAppenderDefault-LogAppenderDaemon] TRACE segmented.SegmentedRaftLogCache (AutoCloseableReadWriteLock.java:logLocking(65)) - s2@group-B24AF063D807: readLock ACQUIRED 1 by SegmentedRaftLogCache.getStartIndex
2022-08-08 17:04:52,012 [s2@group-B24AF063D807->s0-LogAppenderDefault-LogAppenderDaemon] TRACE segmented.SegmentedRaftLogCache (AutoCloseableReadWriteLock.java:logLocking(65)) -   s2@group-B24AF063D807: readLock ACQUIRED 2 by SegmentedRaftLogCache$LogSegmentList.isEmpty
2022-08-08 17:04:52,012 [s2@group-B24AF063D807->s0-LogAppenderDefault-LogAppenderDaemon] TRACE segmented.SegmentedRaftLogCache (AutoCloseableReadWriteLock.java:logLocking(65)) -   s2@group-B24AF063D807: readLock RELEASED 1 by SegmentedRaftLogCache$LogSegmentList.isEmpty
2022-08-08 17:04:52,012 [s2@group-B24AF063D807->s0-LogAppenderDefault-LogAppenderDaemon] TRACE segmented.SegmentedRaftLogCache (AutoCloseableReadWriteLock.java:logLocking(65)) - s2@group-B24AF063D807: readLock RELEASED 0 by SegmentedRaftLogCache.getStartIndex
2022-08-08 17:04:52,012 [s2@group-B24AF063D807->s0-LogAppenderDefault-LogAppenderDaemon] TRACE segmented.SegmentedRaftLogCache (AutoCloseableReadWriteLock.java:logLocking(65)) - s2@group-B24AF063D807: readLock ACQUIRED 1 by SegmentedRaftLogCache.getLastTermIndex
2022-08-08 17:04:52,012 [s2@group-B24AF063D807->s0-LogAppenderDefault-LogAppenderDaemon] TRACE segmented.SegmentedRaftLogCache (AutoCloseableReadWriteLock.java:logLocking(65)) - s2@group-B24AF063D807: readLock RELEASED 0 by SegmentedRaftLogCache.getLastTermIndex
2022-08-08 17:04:52,012 [s2@group-B24AF063D807-LeaderStateImpl] TRACE segmented.SegmentedRaftLogCache (AutoCloseableReadWriteLock.java:logLocking(65)) - s2@group-B24AF063D807: readLock ACQUIRED 1 by SegmentedRaftLogCache.getStartIndex
2022-08-08 17:04:52,012 [s2@group-B24AF063D807-LeaderStateImpl] TRACE segmented.SegmentedRaftLogCache (AutoCloseableReadWriteLock.java:logLocking(65)) -   s2@group-B24AF063D807: readLock ACQUIRED 2 by SegmentedRaftLogCache$LogSegmentList.isEmpty
2022-08-08 17:04:52,012 [s2@group-B24AF063D807->s1-LogAppenderDefault-LogAppenderDaemon] TRACE segmented.SegmentedRaftLogCache (AutoCloseableReadWriteLock.java:logLocking(65)) -     s2@group-B24AF063D807: readLock ACQUIRED 3 by SegmentedRaftLogCache.getLastTermIndex
2022-08-08 17:04:52,012 [s2@group-B24AF063D807->s1-LogAppenderDefault-LogAppenderDaemon] TRACE segmented.SegmentedRaftLogCache (AutoCloseableReadWriteLock.java:logLocking(65)) -     s2@group-B24AF063D807: readLock RELEASED 2 by SegmentedRaftLogCache.getLastTermIndex
2022-08-08 17:04:52,012 [Thread-462] TRACE segmented.SegmentedRaftLogCache (AutoCloseableReadWriteLock.java:logLocking(65)) - s0@group-B24AF063D807: readLock ACQUIRED 1 by SegmentedRaftLogCache.computeTruncateIndices
2022-08-08 17:04:52,012 [s2@group-B24AF063D807-LeaderStateImpl] TRACE segmented.SegmentedRaftLogCache (AutoCloseableReadWriteLock.java:logLocking(65)) -   s2@group-B24AF063D807: readLock RELEASED 1 by SegmentedRaftLogCache$LogSegmentList.isEmpty
2022-08-08 17:04:52,012 [Thread-462] TRACE segmented.SegmentedRaftLogCache (AutoCloseableReadWriteLock.java:logLocking(65)) -   s0@group-B24AF063D807: readLock ACQUIRED 2 by SegmentedRaftLogCache$LogSegmentList.binarySearch
2022-08-08 17:04:52,012 [Thread-462] TRACE segmented.SegmentedRaftLogCache (AutoCloseableReadWriteLock.java:logLocking(65)) -   s0@group-B24AF063D807: readLock RELEASED 1 by SegmentedRaftLogCache$LogSegmentList.binarySearch
2022-08-08 17:04:52,012 [s2@group-B24AF063D807-LeaderStateImpl] TRACE segmented.SegmentedRaftLogCache (AutoCloseableReadWriteLock.java:logLocking(65)) - s2@group-B24AF063D807: readLock RELEASED 0 by SegmentedRaftLogCache.getStartIndex
2022-08-08 17:04:52,012 [Thread-462] TRACE segmented.SegmentedRaftLogCache (AutoCloseableReadWriteLock.java:logLocking(65)) -   s0@group-B24AF063D807: readLock ACQUIRED 2 by SegmentedRaftLogCache$LogSegmentList.size
2022-08-08 17:04:52,013 [Thread-462] TRACE segmented.SegmentedRaftLogCache (AutoCloseableReadWriteLock.java:logLocking(65)) -   s0@group-B24AF063D807: readLock RELEASED 1 by SegmentedRaftLogCache$LogSegmentList.size
2022-08-08 17:04:52,013 [Thread-462] TRACE segmented.SegmentedRaftLogCache (AutoCloseableReadWriteLock.java:logLocking(65)) - s0@group-B24AF063D807: readLock RELEASED 0 by SegmentedRaftLogCache.computeTruncateIndices
2022-08-08 17:04:52,013 [Thread-462] DEBUG raftlog.RaftLog (SegmentedRaftLog.java:appendImpl(447)) - truncateIndex=-1, arrayIndex=0
2022-08-08 17:04:52,013 [s2@group-B24AF063D807-LeaderStateImpl] TRACE segmented.SegmentedRaftLogCache (AutoCloseableReadWriteLock.java:logLocking(65)) - s2@group-B24AF063D807: readLock ACQUIRED 1 by SegmentedRaftLogCache.getEndIndex
2022-08-08 17:04:52,013 [s2@group-B24AF063D807-LeaderStateImpl] TRACE segmented.SegmentedRaftLogCache (AutoCloseableReadWriteLock.java:logLocking(65)) - s2@group-B24AF063D807: readLock RELEASED 0 by SegmentedRaftLogCache.getEndIndex
2022-08-08 17:04:52,013 [Thread-462] TRACE segmented.SegmentedRaftLogCache (AutoCloseableReadWriteLock.java:logLocking(65)) - s0@group-B24AF063D807: readLock ACQUIRED 1 by SegmentedRaftLogCache.getLastTermIndex
2022-08-08 17:04:52,013 [Thread-462] TRACE segmented.SegmentedRaftLogCache (AutoCloseableReadWriteLock.java:logLocking(65)) - s0@group-B24AF063D807: readLock RELEASED 0 by SegmentedRaftLogCache.getLastTermIndex
2022-08-08 17:04:52,013 [s2@group-B24AF063D807-LeaderStateImpl] TRACE segmented.SegmentedRaftLogCache (AutoCloseableReadWriteLock.java:logLocking(65)) - s2@group-B24AF063D807: readLock ACQUIRED 1 by SegmentedRaftLogCache$LogSegmentList.getTermIndex
2022-08-08 17:04:52,013 [Thread-462] TRACE segmented.SegmentedRaftLogCache (AutoCloseableReadWriteLock.java:logLocking(65)) - s0@group-B24AF063D807: readLock ACQUIRED 1 by SegmentedRaftLogCache$LogSegmentList.countCached
2022-08-08 17:04:52,013 [Thread-462] TRACE segmented.SegmentedRaftLogCache (AutoCloseableReadWriteLock.java:logLocking(65)) - s0@group-B24AF063D807: readLock RELEASED 0 by SegmentedRaftLogCache$LogSegmentList.countCached
2022-08-08 17:04:52,013 [s2@group-B24AF063D807-LeaderStateImpl] TRACE segmented.SegmentedRaftLogCache (AutoCloseableReadWriteLock.java:logLocking(65)) - s2@group-B24AF063D807: readLock RELEASED 0 by SegmentedRaftLogCache$LogSegmentList.getTermIndex
2022-08-08 17:04:52,013 [Thread-462] TRACE segmented.SegmentedRaftLogCache (AutoCloseableReadWriteLock.java:logLocking(65)) - s0@group-B24AF063D807: readLock ACQUIRED 1 by SegmentedRaftLogCache$LogSegmentList.getTotalCacheSize
2022-08-08 17:04:52,013 [Thread-462] TRACE segmented.SegmentedRaftLogCache (AutoCloseableReadWriteLock.java:logLocking(65)) - s0@group-B24AF063D807: readLock RELEASED 0 by SegmentedRaftLogCache$LogSegmentList.getTotalCacheSize
2022-08-08 17:04:52,013 [Thread-462] DEBUG segmented.SegmentedRaftLogWorker (SegmentedRaftLogWorker.java:addIOTask(270)) - s0@group-B24AF063D807-SegmentedRaftLogWorker adds IO task WriteLog:11: (t:1, i:11), STATEMACHINELOGENTRY, StateMachineLogEntryProto:166@client-6250EC404864
2022-08-08 17:04:52,013 [s2@group-B24AF063D807->s1-LogAppenderDefault-LogAppenderDaemon] TRACE segmented.SegmentedRaftLogCache (AutoCloseableReadWriteLock.java:logLocking(65)) - s2@group-B24AF063D807: readLock ACQUIRED 1 by SegmentedRaftLogCache.getLastTermIndex
2022-08-08 17:04:52,013 [s2@group-B24AF063D807->s1-LogAppenderDefault-LogAppenderDaemon] TRACE segmented.SegmentedRaftLogCache (AutoCloseableReadWriteLock.java:logLocking(65)) - s2@group-B24AF063D807: readLock RELEASED 0 by SegmentedRaftLogCache.getLastTermIndex
2022-08-08 17:04:52,013 [s0@group-B24AF063D807-SegmentedRaftLogWorker] DEBUG segmented.SegmentedRaftLogWorker (SegmentedRaftLogWorker.java:flushIfNecessary(365)) - s0@group-B24AF063D807-SegmentedRaftLogWorker: flush SegmentedRaftLogOutputStream(/home/runner/work/ratis/ratis/ratis-test/target/test/data/b051e71b/MiniRaftClusterWithSimulatedRpc1ec78f08/s0/0d1e7fc9-4c77-451a-91df-b24af063d807/current/log_inprogress_0)
2022-08-08 17:04:52,014 [s2@group-B24AF063D807->s1-LogAppenderDefault-LogAppenderDaemon] TRACE segmented.SegmentedRaftLogCache (AutoCloseableReadWriteLock.java:logLocking(65)) - s2@group-B24AF063D807: readLock ACQUIRED 1 by SegmentedRaftLogCache.getLastTermIndex
2022-08-08 17:04:52,014 [s2@group-B24AF063D807->s1-LogAppenderDefault-LogAppenderDaemon] TRACE segmented.SegmentedRaftLogCache (AutoCloseableReadWriteLock.java:logLocking(65)) - s2@group-B24AF063D807: readLock RELEASED 0 by SegmentedRaftLogCache.getLastTermIndex
2022-08-08 17:04:52,014 [s2@group-B24AF063D807-LeaderStateImpl] TRACE segmented.SegmentedRaftLogCache (AutoCloseableReadWriteLock.java:logLocking(65)) - s2@group-B24AF063D807: readLock ACQUIRED 1 by SegmentedRaftLogCache.getStartIndex
2022-08-08 17:04:52,014 [s2@group-B24AF063D807-LeaderStateImpl] TRACE segmented.SegmentedRaftLogCache (AutoCloseableReadWriteLock.java:logLocking(65)) -   s2@group-B24AF063D807: readLock ACQUIRED 2 by SegmentedRaftLogCache$LogSegmentList.isEmpty
2022-08-08 17:04:52,014 [s2@group-B24AF063D807-LeaderStateImpl] TRACE segmented.SegmentedRaftLogCache (AutoCloseableReadWriteLock.java:logLocking(65)) -   s2@group-B24AF063D807: readLock RELEASED 1 by SegmentedRaftLogCache$LogSegmentList.isEmpty
2022-08-08 17:04:52,014 [s2@group-B24AF063D807-LeaderStateImpl] TRACE segmented.SegmentedRaftLogCache (AutoCloseableReadWriteLock.java:logLocking(65)) - s2@group-B24AF063D807: readLock RELEASED 0 by SegmentedRaftLogCache.getStartIndex
2022-08-08 17:04:52,014 [s2@group-B24AF063D807-LeaderStateImpl] TRACE segmented.SegmentedRaftLogCache (AutoCloseableReadWriteLock.java:logLocking(65)) - s2@group-B24AF063D807: readLock ACQUIRED 1 by SegmentedRaftLogCache.getEndIndex
2022-08-08 17:04:52,014 [s2@group-B24AF063D807-LeaderStateImpl] TRACE segmented.SegmentedRaftLogCache (AutoCloseableReadWriteLock.java:logLocking(65)) - s2@group-B24AF063D807: readLock RELEASED 0 by SegmentedRaftLogCache.getEndIndex
2022-08-08 17:04:52,014 [s2@group-B24AF063D807-LeaderStateImpl] TRACE segmented.SegmentedRaftLogCache (AutoCloseableReadWriteLock.java:logLocking(65)) - s2@group-B24AF063D807: readLock ACQUIRED 1 by SegmentedRaftLogCache$LogSegmentList.getTermIndex
2022-08-08 17:04:52,014 [s2@group-B24AF063D807-LeaderStateImpl] TRACE segmented.SegmentedRaftLogCache (AutoCloseableReadWriteLock.java:logLocking(65)) -   s2@group-B24AF063D807: readLock RELEASED 1 by SegmentedRaftLogCache$LogSegmentList.getTermIndex
2022-08-08 17:04:52,014 [s2@group-B24AF063D807->s0-LogAppenderDefault-LogAppenderDaemon] TRACE segmented.SegmentedRaftLogCache (AutoCloseableReadWriteLock.java:logLocking(65)) -   s2@group-B24AF063D807: readLock ACQUIRED 2 by SegmentedRaftLogCache.getLastTermIndex
2022-08-08 17:04:52,014 [s2@group-B24AF063D807->s0-LogAppenderDefault-LogAppenderDaemon] TRACE segmented.SegmentedRaftLogCache (AutoCloseableReadWriteLock.java:logLocking(65)) - s2@group-B24AF063D807: readLock RELEASED 0 by SegmentedRaftLogCache.getLastTermIndex
2022-08-08 17:04:52,014 [s2@group-B24AF063D807-StateMachineUpdater] INFO  statemachine.SimpleStateMachine4Testing (SimpleStateMachine4Testing.java:put(204)) - s2: put 11, m5 -> (t:1, i:11), STATEMACHINELOGENTRY, 166@client-6250EC404864
2022-08-08 17:04:52,015 [s2@group-B24AF063D807-LeaderStateImpl] TRACE segmented.SegmentedRaftLogCache (AutoCloseableReadWriteLock.java:logLocking(65)) - s2@group-B24AF063D807: readLock ACQUIRED 1 by SegmentedRaftLogCache.getLastTermIndex
2022-08-08 17:04:52,015 [s2@group-B24AF063D807-LeaderStateImpl] TRACE segmented.SegmentedRaftLogCache (AutoCloseableReadWriteLock.java:logLocking(65)) - s2@group-B24AF063D807: readLock RELEASED 0 by SegmentedRaftLogCache.getLastTermIndex
2022-08-08 17:04:52,015 [s2@group-B24AF063D807-LeaderStateImpl] TRACE segmented.SegmentedRaftLogCache (AutoCloseableReadWriteLock.java:logLocking(65)) - s2@group-B24AF063D807: readLock ACQUIRED 1 by SegmentedRaftLogCache$LogSegmentList.countCached
2022-08-08 17:04:52,015 [s2@group-B24AF063D807-LeaderStateImpl] TRACE segmented.SegmentedRaftLogCache (AutoCloseableReadWriteLock.java:logLocking(65)) - s2@group-B24AF063D807: readLock RELEASED 0 by SegmentedRaftLogCache$LogSegmentList.countCached
2022-08-08 17:04:52,015 [s2@group-B24AF063D807-LeaderStateImpl] TRACE segmented.SegmentedRaftLogCache (AutoCloseableReadWriteLock.java:logLocking(65)) - s2@group-B24AF063D807: readLock ACQUIRED 1 by SegmentedRaftLogCache$LogSegmentList.getTotalCacheSize
2022-08-08 17:04:52,015 [s2@group-B24AF063D807-LeaderStateImpl] TRACE segmented.SegmentedRaftLogCache (AutoCloseableReadWriteLock.java:logLocking(65)) - s2@group-B24AF063D807: readLock RELEASED 0 by SegmentedRaftLogCache$LogSegmentList.getTotalCacheSize
2022-08-08 17:04:52,015 [s2@group-B24AF063D807-LeaderStateImpl] DEBUG segmented.SegmentedRaftLogWorker (SegmentedRaftLogWorker.java:addIOTask(270)) - s2@group-B24AF063D807-SegmentedRaftLogWorker adds IO task WriteLog:12: (t:1, i:12), METADATAENTRY(c:11)
2022-08-08 17:04:52,015 [s2@group-B24AF063D807-SegmentedRaftLogWorker] DEBUG segmented.SegmentedRaftLogWorker (SegmentedRaftLogWorker.java:flushIfNecessary(365)) - s2@group-B24AF063D807-SegmentedRaftLogWorker: flush SegmentedRaftLogOutputStream(/home/runner/work/ratis/ratis/ratis-test/target/test/data/b051e71b/MiniRaftClusterWithSimulatedRpc1ec78f08/s2/0d1e7fc9-4c77-451a-91df-b24af063d807/current/log_inprogress_0)
2022-08-08 17:04:52,015 [s2@group-B24AF063D807->s0-LogAppenderDefault-LogAppenderDaemon] TRACE segmented.SegmentedRaftLogCache (AutoCloseableReadWriteLock.java:logLocking(65)) - s2@group-B24AF063D807: readLock ACQUIRED 1 by SegmentedRaftLogCache.getLastTermIndex
2022-08-08 17:04:52,015 [s2@group-B24AF063D807->s0-LogAppenderDefault-LogAppenderDaemon] TRACE segmented.SegmentedRaftLogCache (AutoCloseableReadWriteLock.java:logLocking(65)) -   s2@group-B24AF063D807: readLock RELEASED 1 by SegmentedRaftLogCache.getLastTermIndex
2022-08-08 17:04:52,015 [s2@group-B24AF063D807->s0-LogAppenderDefault-LogAppenderDaemon] TRACE segmented.SegmentedRaftLogCache (AutoCloseableReadWriteLock.java:logLocking(65)) -   s2@group-B24AF063D807: readLock ACQUIRED 2 by SegmentedRaftLogCache.getLastTermIndex
2022-08-08 17:04:52,015 [s2@group-B24AF063D807->s0-LogAppenderDefault-LogAppenderDaemon] TRACE segmented.SegmentedRaftLogCache (AutoCloseableReadWriteLock.java:logLocking(65)) -   s2@group-B24AF063D807: readLock RELEASED 1 by SegmentedRaftLogCache.getLastTermIndex
2022-08-08 17:04:52,015 [s2@group-B24AF063D807->s0-LogAppenderDefault-LogAppenderDaemon] TRACE segmented.SegmentedRaftLogCache (AutoCloseableReadWriteLock.java:logLocking(65)) -   s2@group-B24AF063D807: readLock ACQUIRED 2 by SegmentedRaftLogCache.getStartIndex
2022-08-08 17:04:52,015 [s2@group-B24AF063D807->s0-LogAppenderDefault-LogAppenderDaemon] TRACE segmented.SegmentedRaftLogCache (AutoCloseableReadWriteLock.java:logLocking(65)) -     s2@group-B24AF063D807: readLock ACQUIRED 3 by SegmentedRaftLogCache$LogSegmentList.isEmpty
2022-08-08 17:04:52,015 [s2@group-B24AF063D807->s0-LogAppenderDefault-LogAppenderDaemon] TRACE segmented.SegmentedRaftLogCache (AutoCloseableReadWriteLock.java:logLocking(65)) -     s2@group-B24AF063D807: readLock RELEASED 2 by SegmentedRaftLogCache$LogSegmentList.isEmpty
2022-08-08 17:04:52,016 [s2@group-B24AF063D807->s0-LogAppenderDefault-LogAppenderDaemon] TRACE segmented.SegmentedRaftLogCache (AutoCloseableReadWriteLock.java:logLocking(65)) -   s2@group-B24AF063D807: readLock RELEASED 1 by SegmentedRaftLogCache.getStartIndex
2022-08-08 17:04:52,016 [s2@group-B24AF063D807->s0-LogAppenderDefault-LogAppenderDaemon] TRACE segmented.SegmentedRaftLogCache (AutoCloseableReadWriteLock.java:logLocking(65)) -   s2@group-B24AF063D807: readLock ACQUIRED 2 by SegmentedRaftLogCache.getLastTermIndex
2022-08-08 17:04:52,016 [s2@group-B24AF063D807->s0-LogAppenderDefault-LogAppenderDaemon] TRACE segmented.SegmentedRaftLogCache (AutoCloseableReadWriteLock.java:logLocking(65)) -   s2@group-B24AF063D807: readLock RELEASED 1 by SegmentedRaftLogCache.getLastTermIndex
2022-08-08 17:04:52,015 [s2@group-B24AF063D807->s1-LogAppenderDefault-LogAppenderDaemon] TRACE segmented.SegmentedRaftLogCache (AutoCloseableReadWriteLock.java:logLocking(65)) -   s2@group-B24AF063D807: readLock ACQUIRED 2 by SegmentedRaftLogCache.getLastTermIndex
2022-08-08 17:04:52,016 [s2@group-B24AF063D807->s1-LogAppenderDefault-LogAppenderDaemon] TRACE segmented.SegmentedRaftLogCache (AutoCloseableReadWriteLock.java:logLocking(65)) - s2@group-B24AF063D807: readLock RELEASED 0 by SegmentedRaftLogCache.getLastTermIndex
2022-08-08 17:04:52,016 [Thread-460] TRACE segmented.SegmentedRaftLogCache (AutoCloseableReadWriteLock.java:logLocking(65)) - s0@group-B24AF063D807: readLock ACQUIRED 1 by SegmentedRaftLogCache.computeTruncateIndices
2022-08-08 17:04:52,016 [s2-client-thread1] TRACE segmented.SegmentedRaftLogCache (AutoCloseableReadWriteLock.java:logLocking(65)) - s2@group-B24AF063D807: readLock ACQUIRED 1 by SegmentedRaftLogCache.getLastTermIndex
2022-08-08 17:04:52,016 [s2-client-thread1] TRACE segmented.SegmentedRaftLogCache (AutoCloseableReadWriteLock.java:logLocking(65)) - s2@group-B24AF063D807: readLock RELEASED 0 by SegmentedRaftLogCache.getLastTermIndex
2022-08-08 17:04:52,016 [Thread-460] TRACE segmented.SegmentedRaftLogCache (AutoCloseableReadWriteLock.java:logLocking(65)) -   s0@group-B24AF063D807: readLock ACQUIRED 2 by SegmentedRaftLogCache$LogSegmentList.binarySearch
2022-08-08 17:04:52,016 [s2-client-thread1] TRACE segmented.SegmentedRaftLogCache (AutoCloseableReadWriteLock.java:logLocking(65)) - s2@group-B24AF063D807: readLock ACQUIRED 1 by SegmentedRaftLogCache.getLastTermIndex
2022-08-08 17:04:52,016 [s2-client-thread1] TRACE segmented.SegmentedRaftLogCache (AutoCloseableReadWriteLock.java:logLocking(65)) - s2@group-B24AF063D807: readLock RELEASED 0 by SegmentedRaftLogCache.getLastTermIndex
2022-08-08 17:04:52,016 [Thread-460] TRACE segmented.SegmentedRaftLogCache (AutoCloseableReadWriteLock.java:logLocking(65)) -   s0@group-B24AF063D807: readLock RELEASED 1 by SegmentedRaftLogCache$LogSegmentList.binarySearch
2022-08-08 17:04:52,016 [s2-client-thread1] TRACE segmented.SegmentedRaftLogCache (AutoCloseableReadWriteLock.java:logLocking(65)) - s2@group-B24AF063D807: readLock ACQUIRED 1 by SegmentedRaftLogCache$LogSegmentList.countCached
2022-08-08 17:04:52,016 [s2-client-thread1] TRACE segmented.SegmentedRaftLogCache (AutoCloseableReadWriteLock.java:logLocking(65)) - s2@group-B24AF063D807: readLock RELEASED 0 by SegmentedRaftLogCache$LogSegmentList.countCached
2022-08-08 17:04:52,016 [Thread-460] TRACE segmented.SegmentedRaftLogCache (AutoCloseableReadWriteLock.java:logLocking(65)) -   s0@group-B24AF063D807: readLock ACQUIRED 2 by SegmentedRaftLogCache$LogSegmentList.size
2022-08-08 17:04:52,016 [Thread-460] TRACE segmented.SegmentedRaftLogCache (AutoCloseableReadWriteLock.java:logLocking(65)) -   s0@group-B24AF063D807: readLock RELEASED 1 by SegmentedRaftLogCache$LogSegmentList.size
2022-08-08 17:04:52,016 [s2-client-thread1] TRACE segmented.SegmentedRaftLogCache (AutoCloseableReadWriteLock.java:logLocking(65)) - s2@group-B24AF063D807: readLock ACQUIRED 1 by SegmentedRaftLogCache$LogSegmentList.getTotalCacheSize
2022-08-08 17:04:52,016 [s2-client-thread1] TRACE segmented.SegmentedRaftLogCache (AutoCloseableReadWriteLock.java:logLocking(65)) - s2@group-B24AF063D807: readLock RELEASED 0 by SegmentedRaftLogCache$LogSegmentList.getTotalCacheSize
2022-08-08 17:04:52,017 [s2-client-thread1] DEBUG segmented.SegmentedRaftLogWorker (SegmentedRaftLogWorker.java:addIOTask(270)) - s2@group-B24AF063D807-SegmentedRaftLogWorker adds IO task WriteLog:13: (t:1, i:13), STATEMACHINELOGENTRY, StateMachineLogEntryProto:170@client-6250EC404864
2022-08-08 17:04:52,017 [s2@group-B24AF063D807->s1-LogAppenderDefault-LogAppenderDaemon] TRACE segmented.SegmentedRaftLogCache (AutoCloseableReadWriteLock.java:logLocking(65)) - s2@group-B24AF063D807: readLock ACQUIRED 1 by SegmentedRaftLogCache.getLastTermIndex
2022-08-08 17:04:52,017 [s2@group-B24AF063D807->s1-LogAppenderDefault-LogAppenderDaemon] TRACE segmented.SegmentedRaftLogCache (AutoCloseableReadWriteLock.java:logLocking(65)) - s2@group-B24AF063D807: readLock RELEASED 0 by SegmentedRaftLogCache.getLastTermIndex
2022-08-08 17:04:52,017 [s2@group-B24AF063D807->s1-LogAppenderDefault-LogAppenderDaemon] TRACE segmented.SegmentedRaftLogCache (AutoCloseableReadWriteLock.java:logLocking(65)) - s2@group-B24AF063D807: readLock ACQUIRED 1 by SegmentedRaftLogCache.getStartIndex
2022-08-08 17:04:52,017 [s2@group-B24AF063D807->s1-LogAppenderDefault-LogAppenderDaemon] TRACE segmented.SegmentedRaftLogCache (AutoCloseableReadWriteLock.java:logLocking(65)) -   s2@group-B24AF063D807: readLock ACQUIRED 2 by SegmentedRaftLogCache$LogSegmentList.isEmpty
2022-08-08 17:04:52,017 [s2@group-B24AF063D807->s1-LogAppenderDefault-LogAppenderDaemon] TRACE segmented.SegmentedRaftLogCache (AutoCloseableReadWriteLock.java:logLocking(65)) -   s2@group-B24AF063D807: readLock RELEASED 1 by SegmentedRaftLogCache$LogSegmentList.isEmpty
2022-08-08 17:04:52,017 [s2@group-B24AF063D807->s1-LogAppenderDefault-LogAppenderDaemon] TRACE segmented.SegmentedRaftLogCache (AutoCloseableReadWriteLock.java:logLocking(65)) - s2@group-B24AF063D807: readLock RELEASED 0 by SegmentedRaftLogCache.getStartIndex
2022-08-08 17:04:52,017 [s2@group-B24AF063D807->s1-LogAppenderDefault-LogAppenderDaemon] TRACE segmented.SegmentedRaftLogCache (AutoCloseableReadWriteLock.java:logLocking(65)) - s2@group-B24AF063D807: readLock ACQUIRED 1 by SegmentedRaftLogCache.getLastTermIndex
2022-08-08 17:04:52,017 [s2@group-B24AF063D807->s1-LogAppenderDefault-LogAppenderDaemon] TRACE segmented.SegmentedRaftLogCache (AutoCloseableReadWriteLock.java:logLocking(65)) - s2@group-B24AF063D807: readLock RELEASED 0 by SegmentedRaftLogCache.getLastTermIndex
2022-08-08 17:04:52,016 [Thread-460] TRACE segmented.SegmentedRaftLogCache (AutoCloseableReadWriteLock.java:logLocking(65)) - s0@group-B24AF063D807: readLock RELEASED 0 by SegmentedRaftLogCache.computeTruncateIndices
2022-08-08 17:04:52,017 [Thread-460] DEBUG raftlog.RaftLog (SegmentedRaftLog.java:appendImpl(447)) - truncateIndex=-1, arrayIndex=0
2022-08-08 17:04:52,017 [Thread-469] TRACE segmented.SegmentedRaftLogCache (AutoCloseableReadWriteLock.java:logLocking(65)) - s1@group-B24AF063D807: readLock ACQUIRED 1 by SegmentedRaftLogCache.computeTruncateIndices
2022-08-08 17:04:52,017 [s2@group-B24AF063D807-SegmentedRaftLogWorker] DEBUG segmented.SegmentedRaftLogWorker (SegmentedRaftLogWorker.java:flushIfNecessary(365)) - s2@group-B24AF063D807-SegmentedRaftLogWorker: flush SegmentedRaftLogOutputStream(/home/runner/work/ratis/ratis/ratis-test/target/test/data/b051e71b/MiniRaftClusterWithSimulatedRpc1ec78f08/s2/0d1e7fc9-4c77-451a-91df-b24af063d807/current/log_inprogress_0)
2022-08-08 17:04:52,017 [Thread-469] TRACE segmented.SegmentedRaftLogCache (AutoCloseableReadWriteLock.java:logLocking(65)) -   s1@group-B24AF063D807: readLock ACQUIRED 2 by SegmentedRaftLogCache$LogSegmentList.binarySearch
2022-08-08 17:04:52,017 [Thread-469] TRACE segmented.SegmentedRaftLogCache (AutoCloseableReadWriteLock.java:logLocking(65)) -   s1@group-B24AF063D807: readLock RELEASED 1 by SegmentedRaftLogCache$LogSegmentList.binarySearch
2022-08-08 17:04:52,017 [Thread-460] TRACE segmented.SegmentedRaftLogCache (AutoCloseableReadWriteLock.java:logLocking(65)) - s0@group-B24AF063D807: readLock ACQUIRED 1 by SegmentedRaftLogCache$LogSegmentList.countCached
2022-08-08 17:04:52,017 [Thread-460] TRACE segmented.SegmentedRaftLogCache (AutoCloseableReadWriteLock.java:logLocking(65)) - s0@group-B24AF063D807: readLock RELEASED 0 by SegmentedRaftLogCache$LogSegmentList.countCached
2022-08-08 17:04:52,017 [Thread-469] TRACE segmented.SegmentedRaftLogCache (AutoCloseableReadWriteLock.java:logLocking(65)) -   s1@group-B24AF063D807: readLock ACQUIRED 2 by SegmentedRaftLogCache$LogSegmentList.size
2022-08-08 17:04:52,018 [Thread-469] TRACE segmented.SegmentedRaftLogCache (AutoCloseableReadWriteLock.java:logLocking(65)) -   s1@group-B24AF063D807: readLock RELEASED 1 by SegmentedRaftLogCache$LogSegmentList.size
2022-08-08 17:04:52,018 [Thread-469] TRACE segmented.SegmentedRaftLogCache (AutoCloseableReadWriteLock.java:logLocking(65)) - s1@group-B24AF063D807: readLock RELEASED 0 by SegmentedRaftLogCache.computeTruncateIndices
2022-08-08 17:04:52,018 [Thread-469] DEBUG raftlog.RaftLog (SegmentedRaftLog.java:appendImpl(447)) - truncateIndex=-1, arrayIndex=0
2022-08-08 17:04:52,018 [Thread-469] TRACE segmented.SegmentedRaftLogCache (AutoCloseableReadWriteLock.java:logLocking(65)) - s1@group-B24AF063D807: readLock ACQUIRED 1 by SegmentedRaftLogCache$LogSegmentList.countCached
2022-08-08 17:04:52,018 [Thread-469] TRACE segmented.SegmentedRaftLogCache (AutoCloseableReadWriteLock.java:logLocking(65)) - s1@group-B24AF063D807: readLock RELEASED 0 by SegmentedRaftLogCache$LogSegmentList.countCached
2022-08-08 17:04:52,018 [Thread-469] TRACE segmented.SegmentedRaftLogCache (AutoCloseableReadWriteLock.java:logLocking(65)) - s1@group-B24AF063D807: readLock ACQUIRED 1 by SegmentedRaftLogCache$LogSegmentList.getTotalCacheSize
2022-08-08 17:04:52,018 [Thread-469] TRACE segmented.SegmentedRaftLogCache (AutoCloseableReadWriteLock.java:logLocking(65)) - s1@group-B24AF063D807: readLock RELEASED 0 by SegmentedRaftLogCache$LogSegmentList.getTotalCacheSize
2022-08-08 17:04:52,018 [Thread-469] DEBUG segmented.SegmentedRaftLogWorker (SegmentedRaftLogWorker.java:addIOTask(270)) - s1@group-B24AF063D807-SegmentedRaftLogWorker adds IO task WriteLog:12: (t:1, i:12), METADATAENTRY(c:11)
2022-08-08 17:04:52,018 [Thread-469] TRACE segmented.SegmentedRaftLogCache (AutoCloseableReadWriteLock.java:logLocking(65)) - s1@group-B24AF063D807: readLock ACQUIRED 1 by SegmentedRaftLogCache.getLastTermIndex
2022-08-08 17:04:52,018 [Thread-469] TRACE segmented.SegmentedRaftLogCache (AutoCloseableReadWriteLock.java:logLocking(65)) - s1@group-B24AF063D807: readLock RELEASED 0 by SegmentedRaftLogCache.getLastTermIndex
2022-08-08 17:04:52,018 [Thread-469] TRACE segmented.SegmentedRaftLogCache (AutoCloseableReadWriteLock.java:logLocking(65)) - s1@group-B24AF063D807: readLock ACQUIRED 1 by SegmentedRaftLogCache$LogSegmentList.countCached
2022-08-08 17:04:52,018 [Thread-469] TRACE segmented.SegmentedRaftLogCache (AutoCloseableReadWriteLock.java:logLocking(65)) - s1@group-B24AF063D807: readLock RELEASED 0 by SegmentedRaftLogCache$LogSegmentList.countCached
2022-08-08 17:04:52,018 [Thread-469] TRACE segmented.SegmentedRaftLogCache (AutoCloseableReadWriteLock.java:logLocking(65)) - s1@group-B24AF063D807: readLock ACQUIRED 1 by SegmentedRaftLogCache$LogSegmentList.getTotalCacheSize
2022-08-08 17:04:52,018 [Thread-469] TRACE segmented.SegmentedRaftLogCache (AutoCloseableReadWriteLock.java:logLocking(65)) - s1@group-B24AF063D807: readLock RELEASED 0 by SegmentedRaftLogCache$LogSegmentList.getTotalCacheSize
2022-08-08 17:04:52,018 [Thread-469] DEBUG segmented.SegmentedRaftLogWorker (SegmentedRaftLogWorker.java:addIOTask(270)) - s1@group-B24AF063D807-SegmentedRaftLogWorker adds IO task WriteLog:13: (t:1, i:13), STATEMACHINELOGENTRY, StateMachineLogEntryProto:170@client-6250EC404864
2022-08-08 17:04:52,018 [s1@group-B24AF063D807-SegmentedRaftLogWorker] DEBUG segmented.SegmentedRaftLogWorker (SegmentedRaftLogWorker.java:flushIfNecessary(365)) - s1@group-B24AF063D807-SegmentedRaftLogWorker: flush SegmentedRaftLogOutputStream(/home/runner/work/ratis/ratis/ratis-test/target/test/data/b051e71b/MiniRaftClusterWithSimulatedRpc1ec78f08/s1/0d1e7fc9-4c77-451a-91df-b24af063d807/current/log_inprogress_0)
2022-08-08 17:04:52,017 [Thread-460] TRACE segmented.SegmentedRaftLogCache (AutoCloseableReadWriteLock.java:logLocking(65)) - s0@group-B24AF063D807: readLock ACQUIRED 1 by SegmentedRaftLogCache$LogSegmentList.getTotalCacheSize
2022-08-08 17:04:52,019 [Thread-460] TRACE segmented.SegmentedRaftLogCache (AutoCloseableReadWriteLock.java:logLocking(65)) - s0@group-B24AF063D807: readLock RELEASED 0 by SegmentedRaftLogCache$LogSegmentList.getTotalCacheSize
2022-08-08 17:04:52,019 [Thread-460] DEBUG segmented.SegmentedRaftLogWorker (SegmentedRaftLogWorker.java:addIOTask(270)) - s0@group-B24AF063D807-SegmentedRaftLogWorker adds IO task WriteLog:12: (t:1, i:12), METADATAENTRY(c:11)
2022-08-08 17:04:52,019 [s1@group-B24AF063D807-StateMachineUpdater] INFO  statemachine.SimpleStateMachine4Testing (SimpleStateMachine4Testing.java:put(204)) - s1: put 11, m5 -> (t:1, i:11), STATEMACHINELOGENTRY, 166@client-6250EC404864
2022-08-08 17:04:52,019 [s2@group-B24AF063D807->s1-LogAppenderDefault-LogAppenderDaemon] TRACE segmented.SegmentedRaftLogCache (AutoCloseableReadWriteLock.java:logLocking(65)) - s2@group-B24AF063D807: readLock ACQUIRED 1 by SegmentedRaftLogCache.getLastTermIndex
2022-08-08 17:04:52,019 [s2@group-B24AF063D807->s1-LogAppenderDefault-LogAppenderDaemon] TRACE segmented.SegmentedRaftLogCache (AutoCloseableReadWriteLock.java:logLocking(65)) - s2@group-B24AF063D807: readLock RELEASED 0 by SegmentedRaftLogCache.getLastTermIndex
2022-08-08 17:04:52,019 [s0@group-B24AF063D807-SegmentedRaftLogWorker] DEBUG segmented.SegmentedRaftLogWorker (SegmentedRaftLogWorker.java:flushIfNecessary(365)) - s0@group-B24AF063D807-SegmentedRaftLogWorker: flush SegmentedRaftLogOutputStream(/home/runner/work/ratis/ratis/ratis-test/target/test/data/b051e71b/MiniRaftClusterWithSimulatedRpc1ec78f08/s0/0d1e7fc9-4c77-451a-91df-b24af063d807/current/log_inprogress_0)
2022-08-08 17:04:52,019 [s2@group-B24AF063D807-LeaderStateImpl] TRACE segmented.SegmentedRaftLogCache (AutoCloseableReadWriteLock.java:logLocking(65)) - s2@group-B24AF063D807: readLock ACQUIRED 1 by SegmentedRaftLogCache.getStartIndex
2022-08-08 17:04:52,020 [s0@group-B24AF063D807-StateMachineUpdater] INFO  statemachine.SimpleStateMachine4Testing (SimpleStateMachine4Testing.java:put(204)) - s0: put 11, m5 -> (t:1, i:11), STATEMACHINELOGENTRY, 166@client-6250EC404864
2022-08-08 17:04:52,020 [s2@group-B24AF063D807-LeaderStateImpl] TRACE segmented.SegmentedRaftLogCache (AutoCloseableReadWriteLock.java:logLocking(65)) -   s2@group-B24AF063D807: readLock ACQUIRED 2 by SegmentedRaftLogCache$LogSegmentList.isEmpty
2022-08-08 17:04:52,020 [s2@group-B24AF063D807-LeaderStateImpl] TRACE segmented.SegmentedRaftLogCache (AutoCloseableReadWriteLock.java:logLocking(65)) -     s2@group-B24AF063D807: readLock RELEASED 2 by SegmentedRaftLogCache$LogSegmentList.isEmpty
2022-08-08 17:04:52,020 [s2@group-B24AF063D807->s0-LogAppenderDefault-LogAppenderDaemon] TRACE segmented.SegmentedRaftLogCache (AutoCloseableReadWriteLock.java:logLocking(65)) -     s2@group-B24AF063D807: readLock ACQUIRED 3 by SegmentedRaftLogCache.getLastTermIndex
2022-08-08 17:04:52,020 [s2@group-B24AF063D807->s0-LogAppenderDefault-LogAppenderDaemon] TRACE segmented.SegmentedRaftLogCache (AutoCloseableReadWriteLock.java:logLocking(65)) -   s2@group-B24AF063D807: readLock RELEASED 1 by SegmentedRaftLogCache.getLastTermIndex
2022-08-08 17:04:52,020 [s2@group-B24AF063D807-LeaderStateImpl] TRACE segmented.SegmentedRaftLogCache (AutoCloseableReadWriteLock.java:logLocking(65)) -     s2@group-B24AF063D807: readLock RELEASED 2 by SegmentedRaftLogCache.getStartIndex
2022-08-08 17:04:52,020 [s2@group-B24AF063D807->s1-LogAppenderDefault-LogAppenderDaemon] TRACE segmented.SegmentedRaftLogCache (AutoCloseableReadWriteLock.java:logLocking(65)) -     s2@group-B24AF063D807: readLock ACQUIRED 3 by SegmentedRaftLogCache.getLastTermIndex
2022-08-08 17:04:52,020 [s2@group-B24AF063D807->s1-LogAppenderDefault-LogAppenderDaemon] TRACE segmented.SegmentedRaftLogCache (AutoCloseableReadWriteLock.java:logLocking(65)) -     s2@group-B24AF063D807: readLock RELEASED 2 by SegmentedRaftLogCache.getLastTermIndex
2022-08-08 17:04:52,020 [s2@group-B24AF063D807-LeaderStateImpl] TRACE segmented.SegmentedRaftLogCache (AutoCloseableReadWriteLock.java:logLocking(65)) -     s2@group-B24AF063D807: readLock ACQUIRED 3 by SegmentedRaftLogCache.getEndIndex
2022-08-08 17:04:52,020 [s2@group-B24AF063D807->s0-LogAppenderDefault-LogAppenderDaemon] TRACE segmented.SegmentedRaftLogCache (AutoCloseableReadWriteLock.java:logLocking(65)) -   s2@group-B24AF063D807: readLock ACQUIRED 2 by SegmentedRaftLogCache.getLastTermIndex
2022-08-08 17:04:52,020 [s2@group-B24AF063D807->s0-LogAppenderDefault-LogAppenderDaemon] TRACE segmented.SegmentedRaftLogCache (AutoCloseableReadWriteLock.java:logLocking(65)) -   s2@group-B24AF063D807: readLock RELEASED 1 by SegmentedRaftLogCache.getLastTermIndex
2022-08-08 17:04:52,020 [s2@group-B24AF063D807-LeaderStateImpl] TRACE segmented.SegmentedRaftLogCache (AutoCloseableReadWriteLock.java:logLocking(65)) -     s2@group-B24AF063D807: readLock RELEASED 2 by SegmentedRaftLogCache.getEndIndex
2022-08-08 17:04:52,020 [s2@group-B24AF063D807->s1-LogAppenderDefault-LogAppenderDaemon] TRACE segmented.SegmentedRaftLogCache (AutoCloseableReadWriteLock.java:logLocking(65)) -     s2@group-B24AF063D807: readLock ACQUIRED 3 by SegmentedRaftLogCache.getLastTermIndex
2022-08-08 17:04:52,021 [s2@group-B24AF063D807->s1-LogAppenderDefault-LogAppenderDaemon] TRACE segmented.SegmentedRaftLogCache (AutoCloseableReadWriteLock.java:logLocking(65)) -   s2@group-B24AF063D807: readLock RELEASED 1 by SegmentedRaftLogCache.getLastTermIndex
2022-08-08 17:04:52,020 [s2@group-B24AF063D807->s0-LogAppenderDefault-LogAppenderDaemon] TRACE segmented.SegmentedRaftLogCache (AutoCloseableReadWriteLock.java:logLocking(65)) -   s2@group-B24AF063D807: readLock ACQUIRED 2 by SegmentedRaftLogCache.getLastTermIndex
2022-08-08 17:04:52,021 [s2@group-B24AF063D807->s0-LogAppenderDefault-LogAppenderDaemon] TRACE segmented.SegmentedRaftLogCache (AutoCloseableReadWriteLock.java:logLocking(65)) - s2@group-B24AF063D807: readLock RELEASED 0 by SegmentedRaftLogCache.getLastTermIndex
2022-08-08 17:04:52,021 [s2@group-B24AF063D807-LeaderStateImpl] TRACE segmented.SegmentedRaftLogCache (AutoCloseableReadWriteLock.java:logLocking(65)) - s2@group-B24AF063D807: readLock ACQUIRED 1 by SegmentedRaftLogCache$LogSegmentList.getTermIndex
2022-08-08 17:04:52,021 [s2@group-B24AF063D807->s0-LogAppenderDefault-LogAppenderDaemon] TRACE segmented.SegmentedRaftLogCache (AutoCloseableReadWriteLock.java:logLocking(65)) -   s2@group-B24AF063D807: readLock ACQUIRED 2 by SegmentedRaftLogCache.getStartIndex
2022-08-08 17:04:52,021 [s2@group-B24AF063D807->s0-LogAppenderDefault-LogAppenderDaemon] TRACE segmented.SegmentedRaftLogCache (AutoCloseableReadWriteLock.java:logLocking(65)) -   s2@group-B24AF063D807: readLock ACQUIRED 2 by SegmentedRaftLogCache$LogSegmentList.isEmpty
2022-08-08 17:04:52,021 [s2@group-B24AF063D807->s0-LogAppenderDefault-LogAppenderDaemon] TRACE segmented.SegmentedRaftLogCache (AutoCloseableReadWriteLock.java:logLocking(65)) -   s2@group-B24AF063D807: readLock RELEASED 1 by SegmentedRaftLogCache$LogSegmentList.isEmpty
2022-08-08 17:04:52,021 [s2@group-B24AF063D807->s0-LogAppenderDefault-LogAppenderDaemon] TRACE segmented.SegmentedRaftLogCache (AutoCloseableReadWriteLock.java:logLocking(65)) - s2@group-B24AF063D807: readLock RELEASED 0 by SegmentedRaftLogCache.getStartIndex
2022-08-08 17:04:52,021 [s2@group-B24AF063D807-LeaderStateImpl] TRACE segmented.SegmentedRaftLogCache (AutoCloseableReadWriteLock.java:logLocking(65)) -   s2@group-B24AF063D807: readLock RELEASED 1 by SegmentedRaftLogCache$LogSegmentList.getTermIndex
2022-08-08 17:04:52,021 [s2@group-B24AF063D807->s0-LogAppenderDefault-LogAppenderDaemon] TRACE segmented.SegmentedRaftLogCache (AutoCloseableReadWriteLock.java:logLocking(65)) - s2@group-B24AF063D807: readLock ACQUIRED 1 by SegmentedRaftLogCache.getLastTermIndex
2022-08-08 17:04:52,021 [s2@group-B24AF063D807->s0-LogAppenderDefault-LogAppenderDaemon] TRACE segmented.SegmentedRaftLogCache (AutoCloseableReadWriteLock.java:logLocking(65)) - s2@group-B24AF063D807: readLock RELEASED 0 by SegmentedRaftLogCache.getLastTermIndex
2022-08-08 17:04:52,021 [Thread-461] TRACE segmented.SegmentedRaftLogCache (AutoCloseableReadWriteLock.java:logLocking(65)) - s0@group-B24AF063D807: readLock ACQUIRED 1 by SegmentedRaftLogCache.computeTruncateIndices
2022-08-08 17:04:52,021 [Thread-461] TRACE segmented.SegmentedRaftLogCache (AutoCloseableReadWriteLock.java:logLocking(65)) -   s0@group-B24AF063D807: readLock ACQUIRED 2 by SegmentedRaftLogCache$LogSegmentList.binarySearch
2022-08-08 17:04:52,021 [Thread-461] TRACE segmented.SegmentedRaftLogCache (AutoCloseableReadWriteLock.java:logLocking(65)) -   s0@group-B24AF063D807: readLock RELEASED 1 by SegmentedRaftLogCache$LogSegmentList.binarySearch
2022-08-08 17:04:52,021 [Thread-461] TRACE segmented.SegmentedRaftLogCache (AutoCloseableReadWriteLock.java:logLocking(65)) -   s0@group-B24AF063D807: readLock ACQUIRED 2 by SegmentedRaftLogCache$LogSegmentList.size
2022-08-08 17:04:52,021 [Thread-461] TRACE segmented.SegmentedRaftLogCache (AutoCloseableReadWriteLock.java:logLocking(65)) -   s0@group-B24AF063D807: readLock RELEASED 1 by SegmentedRaftLogCache$LogSegmentList.size
2022-08-08 17:04:52,021 [Thread-461] TRACE segmented.SegmentedRaftLogCache (AutoCloseableReadWriteLock.java:logLocking(65)) - s0@group-B24AF063D807: readLock RELEASED 0 by SegmentedRaftLogCache.computeTruncateIndices
2022-08-08 17:04:52,022 [Thread-461] DEBUG raftlog.RaftLog (SegmentedRaftLog.java:appendImpl(447)) - truncateIndex=-1, arrayIndex=0
2022-08-08 17:04:52,022 [Thread-461] TRACE segmented.SegmentedRaftLogCache (AutoCloseableReadWriteLock.java:logLocking(65)) - s0@group-B24AF063D807: readLock ACQUIRED 1 by SegmentedRaftLogCache.getLastTermIndex
2022-08-08 17:04:52,022 [Thread-461] TRACE segmented.SegmentedRaftLogCache (AutoCloseableReadWriteLock.java:logLocking(65)) - s0@group-B24AF063D807: readLock RELEASED 0 by SegmentedRaftLogCache.getLastTermIndex
2022-08-08 17:04:52,022 [Thread-461] TRACE segmented.SegmentedRaftLogCache (AutoCloseableReadWriteLock.java:logLocking(65)) - s0@group-B24AF063D807: readLock ACQUIRED 1 by SegmentedRaftLogCache$LogSegmentList.countCached
2022-08-08 17:04:52,022 [Thread-461] TRACE segmented.SegmentedRaftLogCache (AutoCloseableReadWriteLock.java:logLocking(65)) - s0@group-B24AF063D807: readLock RELEASED 0 by SegmentedRaftLogCache$LogSegmentList.countCached
2022-08-08 17:04:52,022 [Thread-461] TRACE segmented.SegmentedRaftLogCache (AutoCloseableReadWriteLock.java:logLocking(65)) - s0@group-B24AF063D807: readLock ACQUIRED 1 by SegmentedRaftLogCache$LogSegmentList.getTotalCacheSize
2022-08-08 17:04:52,022 [Thread-461] TRACE segmented.SegmentedRaftLogCache (AutoCloseableReadWriteLock.java:logLocking(65)) - s0@group-B24AF063D807: readLock RELEASED 0 by SegmentedRaftLogCache$LogSegmentList.getTotalCacheSize
2022-08-08 17:04:52,022 [Thread-461] DEBUG segmented.SegmentedRaftLogWorker (SegmentedRaftLogWorker.java:addIOTask(270)) - s0@group-B24AF063D807-SegmentedRaftLogWorker adds IO task WriteLog:13: (t:1, i:13), STATEMACHINELOGENTRY, StateMachineLogEntryProto:170@client-6250EC404864
2022-08-08 17:04:52,022 [s0@group-B24AF063D807-SegmentedRaftLogWorker] DEBUG segmented.SegmentedRaftLogWorker (SegmentedRaftLogWorker.java:flushIfNecessary(365)) - s0@group-B24AF063D807-SegmentedRaftLogWorker: flush SegmentedRaftLogOutputStream(/home/runner/work/ratis/ratis/ratis-test/target/test/data/b051e71b/MiniRaftClusterWithSimulatedRpc1ec78f08/s0/0d1e7fc9-4c77-451a-91df-b24af063d807/current/log_inprogress_0)
2022-08-08 17:04:52,022 [s2@group-B24AF063D807-StateMachineUpdater] INFO  statemachine.SimpleStateMachine4Testing (SimpleStateMachine4Testing.java:put(204)) - s2: put 13, m6 -> (t:1, i:13), STATEMACHINELOGENTRY, 170@client-6250EC404864
2022-08-08 17:04:52,022 [s0@group-B24AF063D807-StateMachineUpdater] INFO  statemachine.SimpleStateMachine4Testing (SimpleStateMachine4Testing.java:put(204)) - s0: put 13, m6 -> (t:1, i:13), STATEMACHINELOGENTRY, 170@client-6250EC404864
2022-08-08 17:04:52,023 [s2@group-B24AF063D807->s0-LogAppenderDefault-LogAppenderDaemon] TRACE segmented.SegmentedRaftLogCache (AutoCloseableReadWriteLock.java:logLocking(65)) - s2@group-B24AF063D807: readLock ACQUIRED 1 by SegmentedRaftLogCache.getLastTermIndex
2022-08-08 17:04:52,023 [s2@group-B24AF063D807->s0-LogAppenderDefault-LogAppenderDaemon] TRACE segmented.SegmentedRaftLogCache (AutoCloseableReadWriteLock.java:logLocking(65)) - s2@group-B24AF063D807: readLock RELEASED 0 by SegmentedRaftLogCache.getLastTermIndex
2022-08-08 17:04:52,023 [s2@group-B24AF063D807->s1-LogAppenderDefault-LogAppenderDaemon] TRACE segmented.SegmentedRaftLogCache (AutoCloseableReadWriteLock.java:logLocking(65)) - s2@group-B24AF063D807: readLock ACQUIRED 1 by SegmentedRaftLogCache.getLastTermIndex
2022-08-08 17:04:52,023 [s2@group-B24AF063D807->s1-LogAppenderDefault-LogAppenderDaemon] TRACE segmented.SegmentedRaftLogCache (AutoCloseableReadWriteLock.java:logLocking(65)) - s2@group-B24AF063D807: readLock RELEASED 0 by SegmentedRaftLogCache.getLastTermIndex
2022-08-08 17:04:52,023 [s2@group-B24AF063D807->s1-LogAppenderDefault-LogAppenderDaemon] TRACE segmented.SegmentedRaftLogCache (AutoCloseableReadWriteLock.java:logLocking(65)) - s2@group-B24AF063D807: readLock ACQUIRED 1 by SegmentedRaftLogCache.getLastTermIndex
2022-08-08 17:04:52,023 [s2@group-B24AF063D807->s1-LogAppenderDefault-LogAppenderDaemon] TRACE segmented.SegmentedRaftLogCache (AutoCloseableReadWriteLock.java:logLocking(65)) - s2@group-B24AF063D807: readLock RELEASED 0 by SegmentedRaftLogCache.getLastTermIndex
2022-08-08 17:04:52,023 [s2@group-B24AF063D807-LeaderStateImpl] TRACE segmented.SegmentedRaftLogCache (AutoCloseableReadWriteLock.java:logLocking(65)) - s2@group-B24AF063D807: readLock ACQUIRED 1 by SegmentedRaftLogCache.getLastTermIndex
2022-08-08 17:04:52,023 [s2@group-B24AF063D807-LeaderStateImpl] TRACE segmented.SegmentedRaftLogCache (AutoCloseableReadWriteLock.java:logLocking(65)) - s2@group-B24AF063D807: readLock RELEASED 0 by SegmentedRaftLogCache.getLastTermIndex
2022-08-08 17:04:52,023 [s2@group-B24AF063D807-LeaderStateImpl] TRACE segmented.SegmentedRaftLogCache (AutoCloseableReadWriteLock.java:logLocking(65)) - s2@group-B24AF063D807: readLock ACQUIRED 1 by SegmentedRaftLogCache$LogSegmentList.countCached
2022-08-08 17:04:52,023 [s2@group-B24AF063D807-LeaderStateImpl] TRACE segmented.SegmentedRaftLogCache (AutoCloseableReadWriteLock.java:logLocking(65)) - s2@group-B24AF063D807: readLock RELEASED 0 by SegmentedRaftLogCache$LogSegmentList.countCached
2022-08-08 17:04:52,023 [s2@group-B24AF063D807-LeaderStateImpl] TRACE segmented.SegmentedRaftLogCache (AutoCloseableReadWriteLock.java:logLocking(65)) - s2@group-B24AF063D807: readLock ACQUIRED 1 by SegmentedRaftLogCache$LogSegmentList.getTotalCacheSize
2022-08-08 17:04:52,023 [s2@group-B24AF063D807-LeaderStateImpl] TRACE segmented.SegmentedRaftLogCache (AutoCloseableReadWriteLock.java:logLocking(65)) - s2@group-B24AF063D807: readLock RELEASED 0 by SegmentedRaftLogCache$LogSegmentList.getTotalCacheSize
2022-08-08 17:04:52,024 [s2@group-B24AF063D807-LeaderStateImpl] DEBUG segmented.SegmentedRaftLogWorker (SegmentedRaftLogWorker.java:addIOTask(270)) - s2@group-B24AF063D807-SegmentedRaftLogWorker adds IO task WriteLog:14: (t:1, i:14), METADATAENTRY(c:13)
2022-08-08 17:04:52,024 [s2@group-B24AF063D807-SegmentedRaftLogWorker] DEBUG segmented.SegmentedRaftLogWorker (SegmentedRaftLogWorker.java:flushIfNecessary(365)) - s2@group-B24AF063D807-SegmentedRaftLogWorker: flush SegmentedRaftLogOutputStream(/home/runner/work/ratis/ratis/ratis-test/target/test/data/b051e71b/MiniRaftClusterWithSimulatedRpc1ec78f08/s2/0d1e7fc9-4c77-451a-91df-b24af063d807/current/log_inprogress_0)
2022-08-08 17:04:52,024 [s2@group-B24AF063D807->s0-LogAppenderDefault-LogAppenderDaemon] TRACE segmented.SegmentedRaftLogCache (AutoCloseableReadWriteLock.java:logLocking(65)) - s2@group-B24AF063D807: readLock ACQUIRED 1 by SegmentedRaftLogCache.getLastTermIndex
2022-08-08 17:04:52,024 [s2@group-B24AF063D807->s0-LogAppenderDefault-LogAppenderDaemon] TRACE segmented.SegmentedRaftLogCache (AutoCloseableReadWriteLock.java:logLocking(65)) - s2@group-B24AF063D807: readLock RELEASED 0 by SegmentedRaftLogCache.getLastTermIndex
2022-08-08 17:04:52,024 [s2@group-B24AF063D807->s0-LogAppenderDefault-LogAppenderDaemon] TRACE segmented.SegmentedRaftLogCache (AutoCloseableReadWriteLock.java:logLocking(65)) - s2@group-B24AF063D807: readLock ACQUIRED 1 by SegmentedRaftLogCache.getLastTermIndex
2022-08-08 17:04:52,024 [s2@group-B24AF063D807->s0-LogAppenderDefault-LogAppenderDaemon] TRACE segmented.SegmentedRaftLogCache (AutoCloseableReadWriteLock.java:logLocking(65)) - s2@group-B24AF063D807: readLock RELEASED 0 by SegmentedRaftLogCache.getLastTermIndex
2022-08-08 17:04:52,024 [s2@group-B24AF063D807->s0-LogAppenderDefault-LogAppenderDaemon] TRACE segmented.SegmentedRaftLogCache (AutoCloseableReadWriteLock.java:logLocking(65)) - s2@group-B24AF063D807: readLock ACQUIRED 1 by SegmentedRaftLogCache.getStartIndex
2022-08-08 17:04:52,024 [s2@group-B24AF063D807->s0-LogAppenderDefault-LogAppenderDaemon] TRACE segmented.SegmentedRaftLogCache (AutoCloseableReadWriteLock.java:logLocking(65)) -   s2@group-B24AF063D807: readLock ACQUIRED 2 by SegmentedRaftLogCache$LogSegmentList.isEmpty
2022-08-08 17:04:52,024 [s2@group-B24AF063D807->s0-LogAppenderDefault-LogAppenderDaemon] TRACE segmented.SegmentedRaftLogCache (AutoCloseableReadWriteLock.java:logLocking(65)) -   s2@group-B24AF063D807: readLock RELEASED 1 by SegmentedRaftLogCache$LogSegmentList.isEmpty
2022-08-08 17:04:52,024 [s2@group-B24AF063D807->s0-LogAppenderDefault-LogAppenderDaemon] TRACE segmented.SegmentedRaftLogCache (AutoCloseableReadWriteLock.java:logLocking(65)) - s2@group-B24AF063D807: readLock RELEASED 0 by SegmentedRaftLogCache.getStartIndex
2022-08-08 17:04:52,024 [s2@group-B24AF063D807->s0-LogAppenderDefault-LogAppenderDaemon] TRACE segmented.SegmentedRaftLogCache (AutoCloseableReadWriteLock.java:logLocking(65)) - s2@group-B24AF063D807: readLock ACQUIRED 1 by SegmentedRaftLogCache.getLastTermIndex
2022-08-08 17:04:52,024 [s2@group-B24AF063D807->s0-LogAppenderDefault-LogAppenderDaemon] TRACE segmented.SegmentedRaftLogCache (AutoCloseableReadWriteLock.java:logLocking(65)) - s2@group-B24AF063D807: readLock RELEASED 0 by SegmentedRaftLogCache.getLastTermIndex
2022-08-08 17:04:52,024 [s2@group-B24AF063D807->s1-LogAppenderDefault-LogAppenderDaemon] TRACE segmented.SegmentedRaftLogCache (AutoCloseableReadWriteLock.java:logLocking(65)) - s2@group-B24AF063D807: readLock ACQUIRED 1 by SegmentedRaftLogCache.getLastTermIndex
2022-08-08 17:04:52,024 [s2@group-B24AF063D807->s1-LogAppenderDefault-LogAppenderDaemon] TRACE segmented.SegmentedRaftLogCache (AutoCloseableReadWriteLock.java:logLocking(65)) - s2@group-B24AF063D807: readLock RELEASED 0 by SegmentedRaftLogCache.getLastTermIndex
2022-08-08 17:04:52,024 [Thread-462] TRACE segmented.SegmentedRaftLogCache (AutoCloseableReadWriteLock.java:logLocking(65)) - s0@group-B24AF063D807: readLock ACQUIRED 1 by SegmentedRaftLogCache.computeTruncateIndices
2022-08-08 17:04:52,024 [Thread-462] TRACE segmented.SegmentedRaftLogCache (AutoCloseableReadWriteLock.java:logLocking(65)) -   s0@group-B24AF063D807: readLock ACQUIRED 2 by SegmentedRaftLogCache$LogSegmentList.binarySearch
2022-08-08 17:04:52,024 [Thread-462] TRACE segmented.SegmentedRaftLogCache (AutoCloseableReadWriteLock.java:logLocking(65)) -   s0@group-B24AF063D807: readLock RELEASED 1 by SegmentedRaftLogCache$LogSegmentList.binarySearch
2022-08-08 17:04:52,025 [Thread-462] TRACE segmented.SegmentedRaftLogCache (AutoCloseableReadWriteLock.java:logLocking(65)) -   s0@group-B24AF063D807: readLock ACQUIRED 2 by SegmentedRaftLogCache$LogSegmentList.size
2022-08-08 17:04:52,025 [Thread-462] TRACE segmented.SegmentedRaftLogCache (AutoCloseableReadWriteLock.java:logLocking(65)) -   s0@group-B24AF063D807: readLock RELEASED 1 by SegmentedRaftLogCache$LogSegmentList.size
2022-08-08 17:04:52,025 [Thread-462] TRACE segmented.SegmentedRaftLogCache (AutoCloseableReadWriteLock.java:logLocking(65)) - s0@group-B24AF063D807: readLock RELEASED 0 by SegmentedRaftLogCache.computeTruncateIndices
2022-08-08 17:04:52,025 [Thread-462] DEBUG raftlog.RaftLog (SegmentedRaftLog.java:appendImpl(447)) - truncateIndex=-1, arrayIndex=0
2022-08-08 17:04:52,025 [Thread-462] TRACE segmented.SegmentedRaftLogCache (AutoCloseableReadWriteLock.java:logLocking(65)) - s0@group-B24AF063D807: readLock ACQUIRED 1 by SegmentedRaftLogCache$LogSegmentList.countCached
2022-08-08 17:04:52,025 [Thread-462] TRACE segmented.SegmentedRaftLogCache (AutoCloseableReadWriteLock.java:logLocking(65)) - s0@group-B24AF063D807: readLock RELEASED 0 by SegmentedRaftLogCache$LogSegmentList.countCached
2022-08-08 17:04:52,025 [Thread-462] TRACE segmented.SegmentedRaftLogCache (AutoCloseableReadWriteLock.java:logLocking(65)) - s0@group-B24AF063D807: readLock ACQUIRED 1 by SegmentedRaftLogCache$LogSegmentList.getTotalCacheSize
2022-08-08 17:04:52,025 [Thread-462] TRACE segmented.SegmentedRaftLogCache (AutoCloseableReadWriteLock.java:logLocking(65)) - s0@group-B24AF063D807: readLock RELEASED 0 by SegmentedRaftLogCache$LogSegmentList.getTotalCacheSize
2022-08-08 17:04:52,025 [Thread-462] DEBUG segmented.SegmentedRaftLogWorker (SegmentedRaftLogWorker.java:addIOTask(270)) - s0@group-B24AF063D807-SegmentedRaftLogWorker adds IO task WriteLog:14: (t:1, i:14), METADATAENTRY(c:13)
2022-08-08 17:04:52,025 [s0@group-B24AF063D807-SegmentedRaftLogWorker] DEBUG segmented.SegmentedRaftLogWorker (SegmentedRaftLogWorker.java:flushIfNecessary(365)) - s0@group-B24AF063D807-SegmentedRaftLogWorker: flush SegmentedRaftLogOutputStream(/home/runner/work/ratis/ratis/ratis-test/target/test/data/b051e71b/MiniRaftClusterWithSimulatedRpc1ec78f08/s0/0d1e7fc9-4c77-451a-91df-b24af063d807/current/log_inprogress_0)
2022-08-08 17:04:52,024 [s2@group-B24AF063D807->s1-LogAppenderDefault-LogAppenderDaemon] TRACE segmented.SegmentedRaftLogCache (AutoCloseableReadWriteLock.java:logLocking(65)) - s2@group-B24AF063D807: readLock ACQUIRED 1 by SegmentedRaftLogCache.getLastTermIndex
2022-08-08 17:04:52,025 [s2@group-B24AF063D807->s1-LogAppenderDefault-LogAppenderDaemon] TRACE segmented.SegmentedRaftLogCache (AutoCloseableReadWriteLock.java:logLocking(65)) - s2@group-B24AF063D807: readLock RELEASED 0 by SegmentedRaftLogCache.getLastTermIndex
2022-08-08 17:04:52,025 [s2@group-B24AF063D807->s1-LogAppenderDefault-LogAppenderDaemon] TRACE segmented.SegmentedRaftLogCache (AutoCloseableReadWriteLock.java:logLocking(65)) - s2@group-B24AF063D807: readLock ACQUIRED 1 by SegmentedRaftLogCache.getStartIndex
2022-08-08 17:04:52,025 [s2@group-B24AF063D807->s1-LogAppenderDefault-LogAppenderDaemon] TRACE segmented.SegmentedRaftLogCache (AutoCloseableReadWriteLock.java:logLocking(65)) -   s2@group-B24AF063D807: readLock ACQUIRED 2 by SegmentedRaftLogCache$LogSegmentList.isEmpty
2022-08-08 17:04:52,025 [s2@group-B24AF063D807->s1-LogAppenderDefault-LogAppenderDaemon] TRACE segmented.SegmentedRaftLogCache (AutoCloseableReadWriteLock.java:logLocking(65)) -   s2@group-B24AF063D807: readLock RELEASED 1 by SegmentedRaftLogCache$LogSegmentList.isEmpty
2022-08-08 17:04:52,025 [s2@group-B24AF063D807->s1-LogAppenderDefault-LogAppenderDaemon] TRACE segmented.SegmentedRaftLogCache (AutoCloseableReadWriteLock.java:logLocking(65)) - s2@group-B24AF063D807: readLock RELEASED 0 by SegmentedRaftLogCache.getStartIndex
2022-08-08 17:04:52,025 [s2-client-thread1] TRACE segmented.SegmentedRaftLogCache (AutoCloseableReadWriteLock.java:logLocking(65)) - s2@group-B24AF063D807: readLock ACQUIRED 1 by SegmentedRaftLogCache.getLastTermIndex
2022-08-08 17:04:52,025 [s2-client-thread1] TRACE segmented.SegmentedRaftLogCache (AutoCloseableReadWriteLock.java:logLocking(65)) - s2@group-B24AF063D807: readLock RELEASED 0 by SegmentedRaftLogCache.getLastTermIndex
2022-08-08 17:04:52,025 [s2-client-thread1] TRACE segmented.SegmentedRaftLogCache (AutoCloseableReadWriteLock.java:logLocking(65)) - s2@group-B24AF063D807: readLock ACQUIRED 1 by SegmentedRaftLogCache.getLastTermIndex
2022-08-08 17:04:52,026 [s2-client-thread1] TRACE segmented.SegmentedRaftLogCache (AutoCloseableReadWriteLock.java:logLocking(65)) - s2@group-B24AF063D807: readLock RELEASED 0 by SegmentedRaftLogCache.getLastTermIndex
2022-08-08 17:04:52,026 [s2-client-thread1] TRACE segmented.SegmentedRaftLogCache (AutoCloseableReadWriteLock.java:logLocking(65)) - s2@group-B24AF063D807: readLock ACQUIRED 1 by SegmentedRaftLogCache$LogSegmentList.countCached
2022-08-08 17:04:52,026 [s2-client-thread1] TRACE segmented.SegmentedRaftLogCache (AutoCloseableReadWriteLock.java:logLocking(65)) - s2@group-B24AF063D807: readLock RELEASED 0 by SegmentedRaftLogCache$LogSegmentList.countCached
2022-08-08 17:04:52,026 [s2-client-thread1] TRACE segmented.SegmentedRaftLogCache (AutoCloseableReadWriteLock.java:logLocking(65)) - s2@group-B24AF063D807: readLock ACQUIRED 1 by SegmentedRaftLogCache$LogSegmentList.getTotalCacheSize
2022-08-08 17:04:52,026 [s2-client-thread1] TRACE segmented.SegmentedRaftLogCache (AutoCloseableReadWriteLock.java:logLocking(65)) - s2@group-B24AF063D807: readLock RELEASED 0 by SegmentedRaftLogCache$LogSegmentList.getTotalCacheSize
2022-08-08 17:04:52,026 [s2-client-thread1] DEBUG segmented.SegmentedRaftLogWorker (SegmentedRaftLogWorker.java:addIOTask(270)) - s2@group-B24AF063D807-SegmentedRaftLogWorker adds IO task WriteLog:15: (t:1, i:15), STATEMACHINELOGENTRY, StateMachineLogEntryProto:174@client-6250EC404864
2022-08-08 17:04:52,026 [s2@group-B24AF063D807-SegmentedRaftLogWorker] DEBUG segmented.SegmentedRaftLogWorker (SegmentedRaftLogWorker.java:flushIfNecessary(365)) - s2@group-B24AF063D807-SegmentedRaftLogWorker: flush SegmentedRaftLogOutputStream(/home/runner/work/ratis/ratis/ratis-test/target/test/data/b051e71b/MiniRaftClusterWithSimulatedRpc1ec78f08/s2/0d1e7fc9-4c77-451a-91df-b24af063d807/current/log_inprogress_0)
2022-08-08 17:04:52,026 [s2@group-B24AF063D807->s1-LogAppenderDefault-LogAppenderDaemon] TRACE segmented.SegmentedRaftLogCache (AutoCloseableReadWriteLock.java:logLocking(65)) - s2@group-B24AF063D807: readLock ACQUIRED 1 by SegmentedRaftLogCache.getLastTermIndex
2022-08-08 17:04:52,026 [s2@group-B24AF063D807->s1-LogAppenderDefault-LogAppenderDaemon] TRACE segmented.SegmentedRaftLogCache (AutoCloseableReadWriteLock.java:logLocking(65)) - s2@group-B24AF063D807: readLock RELEASED 0 by SegmentedRaftLogCache.getLastTermIndex
2022-08-08 17:04:52,026 [s2@group-B24AF063D807->s0-LogAppenderDefault-LogAppenderDaemon] TRACE segmented.SegmentedRaftLogCache (AutoCloseableReadWriteLock.java:logLocking(65)) - s2@group-B24AF063D807: readLock ACQUIRED 1 by SegmentedRaftLogCache.getLastTermIndex
2022-08-08 17:04:52,026 [s2@group-B24AF063D807->s0-LogAppenderDefault-LogAppenderDaemon] TRACE segmented.SegmentedRaftLogCache (AutoCloseableReadWriteLock.java:logLocking(65)) - s2@group-B24AF063D807: readLock RELEASED 0 by SegmentedRaftLogCache.getLastTermIndex
2022-08-08 17:04:52,026 [Thread-467] TRACE segmented.SegmentedRaftLogCache (AutoCloseableReadWriteLock.java:logLocking(65)) - s1@group-B24AF063D807: readLock ACQUIRED 1 by SegmentedRaftLogCache.computeTruncateIndices
2022-08-08 17:04:52,026 [s2@group-B24AF063D807->s0-LogAppenderDefault-LogAppenderDaemon] TRACE segmented.SegmentedRaftLogCache (AutoCloseableReadWriteLock.java:logLocking(65)) - s2@group-B24AF063D807: readLock ACQUIRED 1 by SegmentedRaftLogCache.getLastTermIndex
2022-08-08 17:04:52,027 [s2@group-B24AF063D807->s0-LogAppenderDefault-LogAppenderDaemon] TRACE segmented.SegmentedRaftLogCache (AutoCloseableReadWriteLock.java:logLocking(65)) - s2@group-B24AF063D807: readLock RELEASED 0 by SegmentedRaftLogCache.getLastTermIndex
2022-08-08 17:04:52,027 [Thread-467] TRACE segmented.SegmentedRaftLogCache (AutoCloseableReadWriteLock.java:logLocking(65)) -   s1@group-B24AF063D807: readLock ACQUIRED 2 by SegmentedRaftLogCache$LogSegmentList.binarySearch
2022-08-08 17:04:52,027 [Thread-467] TRACE segmented.SegmentedRaftLogCache (AutoCloseableReadWriteLock.java:logLocking(65)) -   s1@group-B24AF063D807: readLock RELEASED 1 by SegmentedRaftLogCache$LogSegmentList.binarySearch
2022-08-08 17:04:52,027 [s2@group-B24AF063D807->s0-LogAppenderDefault-LogAppenderDaemon] TRACE segmented.SegmentedRaftLogCache (AutoCloseableReadWriteLock.java:logLocking(65)) - s2@group-B24AF063D807: readLock ACQUIRED 1 by SegmentedRaftLogCache.getLastTermIndex
2022-08-08 17:04:52,027 [s2@group-B24AF063D807->s0-LogAppenderDefault-LogAppenderDaemon] TRACE segmented.SegmentedRaftLogCache (AutoCloseableReadWriteLock.java:logLocking(65)) - s2@group-B24AF063D807: readLock RELEASED 0 by SegmentedRaftLogCache.getLastTermIndex
2022-08-08 17:04:52,027 [Thread-467] TRACE segmented.SegmentedRaftLogCache (AutoCloseableReadWriteLock.java:logLocking(65)) -   s1@group-B24AF063D807: readLock ACQUIRED 2 by SegmentedRaftLogCache$LogSegmentList.size
2022-08-08 17:04:52,027 [Thread-467] TRACE segmented.SegmentedRaftLogCache (AutoCloseableReadWriteLock.java:logLocking(65)) -   s1@group-B24AF063D807: readLock RELEASED 1 by SegmentedRaftLogCache$LogSegmentList.size
2022-08-08 17:04:52,027 [Thread-467] TRACE segmented.SegmentedRaftLogCache (AutoCloseableReadWriteLock.java:logLocking(65)) - s1@group-B24AF063D807: readLock RELEASED 0 by SegmentedRaftLogCache.computeTruncateIndices
2022-08-08 17:04:52,027 [s2@group-B24AF063D807->s0-LogAppenderDefault-LogAppenderDaemon] TRACE segmented.SegmentedRaftLogCache (AutoCloseableReadWriteLock.java:logLocking(65)) - s2@group-B24AF063D807: readLock ACQUIRED 1 by SegmentedRaftLogCache.getStartIndex
2022-08-08 17:04:52,027 [Thread-467] DEBUG raftlog.RaftLog (SegmentedRaftLog.java:appendImpl(447)) - truncateIndex=-1, arrayIndex=0
2022-08-08 17:04:52,027 [s2@group-B24AF063D807->s0-LogAppenderDefault-LogAppenderDaemon] TRACE segmented.SegmentedRaftLogCache (AutoCloseableReadWriteLock.java:logLocking(65)) -   s2@group-B24AF063D807: readLock ACQUIRED 2 by SegmentedRaftLogCache$LogSegmentList.isEmpty
2022-08-08 17:04:52,027 [s2@group-B24AF063D807->s0-LogAppenderDefault-LogAppenderDaemon] TRACE segmented.SegmentedRaftLogCache (AutoCloseableReadWriteLock.java:logLocking(65)) -   s2@group-B24AF063D807: readLock RELEASED 1 by SegmentedRaftLogCache$LogSegmentList.isEmpty
2022-08-08 17:04:52,027 [s2@group-B24AF063D807->s0-LogAppenderDefault-LogAppenderDaemon] TRACE segmented.SegmentedRaftLogCache (AutoCloseableReadWriteLock.java:logLocking(65)) - s2@group-B24AF063D807: readLock RELEASED 0 by SegmentedRaftLogCache.getStartIndex
2022-08-08 17:04:52,027 [Thread-467] TRACE segmented.SegmentedRaftLogCache (AutoCloseableReadWriteLock.java:logLocking(65)) - s1@group-B24AF063D807: readLock ACQUIRED 1 by SegmentedRaftLogCache$LogSegmentList.countCached
2022-08-08 17:04:52,027 [s2@group-B24AF063D807->s0-LogAppenderDefault-LogAppenderDaemon] TRACE segmented.SegmentedRaftLogCache (AutoCloseableReadWriteLock.java:logLocking(65)) - s2@group-B24AF063D807: readLock ACQUIRED 1 by SegmentedRaftLogCache.getLastTermIndex
2022-08-08 17:04:52,027 [s2@group-B24AF063D807->s0-LogAppenderDefault-LogAppenderDaemon] TRACE segmented.SegmentedRaftLogCache (AutoCloseableReadWriteLock.java:logLocking(65)) - s2@group-B24AF063D807: readLock RELEASED 0 by SegmentedRaftLogCache.getLastTermIndex
2022-08-08 17:04:52,027 [Thread-467] TRACE segmented.SegmentedRaftLogCache (AutoCloseableReadWriteLock.java:logLocking(65)) - s1@group-B24AF063D807: readLock RELEASED 0 by SegmentedRaftLogCache$LogSegmentList.countCached
2022-08-08 17:04:52,027 [Thread-467] TRACE segmented.SegmentedRaftLogCache (AutoCloseableReadWriteLock.java:logLocking(65)) - s1@group-B24AF063D807: readLock ACQUIRED 1 by SegmentedRaftLogCache$LogSegmentList.getTotalCacheSize
2022-08-08 17:04:52,027 [Thread-467] TRACE segmented.SegmentedRaftLogCache (AutoCloseableReadWriteLock.java:logLocking(65)) - s1@group-B24AF063D807: readLock RELEASED 0 by SegmentedRaftLogCache$LogSegmentList.getTotalCacheSize
2022-08-08 17:04:52,027 [Thread-467] DEBUG segmented.SegmentedRaftLogWorker (SegmentedRaftLogWorker.java:addIOTask(270)) - s1@group-B24AF063D807-SegmentedRaftLogWorker adds IO task WriteLog:14: (t:1, i:14), METADATAENTRY(c:13)
2022-08-08 17:04:52,027 [Thread-467] TRACE segmented.SegmentedRaftLogCache (AutoCloseableReadWriteLock.java:logLocking(65)) - s1@group-B24AF063D807: readLock ACQUIRED 1 by SegmentedRaftLogCache.getLastTermIndex
2022-08-08 17:04:52,027 [Thread-467] TRACE segmented.SegmentedRaftLogCache (AutoCloseableReadWriteLock.java:logLocking(65)) - s1@group-B24AF063D807: readLock RELEASED 0 by SegmentedRaftLogCache.getLastTermIndex
2022-08-08 17:04:52,028 [Thread-467] TRACE segmented.SegmentedRaftLogCache (AutoCloseableReadWriteLock.java:logLocking(65)) - s1@group-B24AF063D807: readLock ACQUIRED 1 by SegmentedRaftLogCache$LogSegmentList.countCached
2022-08-08 17:04:52,028 [Thread-467] TRACE segmented.SegmentedRaftLogCache (AutoCloseableReadWriteLock.java:logLocking(65)) - s1@group-B24AF063D807: readLock RELEASED 0 by SegmentedRaftLogCache$LogSegmentList.countCached
2022-08-08 17:04:52,028 [Thread-467] TRACE segmented.SegmentedRaftLogCache (AutoCloseableReadWriteLock.java:logLocking(65)) - s1@group-B24AF063D807: readLock ACQUIRED 1 by SegmentedRaftLogCache$LogSegmentList.getTotalCacheSize
2022-08-08 17:04:52,028 [Thread-467] TRACE segmented.SegmentedRaftLogCache (AutoCloseableReadWriteLock.java:logLocking(65)) - s1@group-B24AF063D807: readLock RELEASED 0 by SegmentedRaftLogCache$LogSegmentList.getTotalCacheSize
2022-08-08 17:04:52,028 [Thread-467] DEBUG segmented.SegmentedRaftLogWorker (SegmentedRaftLogWorker.java:addIOTask(270)) - s1@group-B24AF063D807-SegmentedRaftLogWorker adds IO task WriteLog:15: (t:1, i:15), STATEMACHINELOGENTRY, StateMachineLogEntryProto:174@client-6250EC404864
2022-08-08 17:04:52,028 [s1@group-B24AF063D807-SegmentedRaftLogWorker] DEBUG segmented.SegmentedRaftLogWorker (SegmentedRaftLogWorker.java:flushIfNecessary(365)) - s1@group-B24AF063D807-SegmentedRaftLogWorker: flush SegmentedRaftLogOutputStream(/home/runner/work/ratis/ratis/ratis-test/target/test/data/b051e71b/MiniRaftClusterWithSimulatedRpc1ec78f08/s1/0d1e7fc9-4c77-451a-91df-b24af063d807/current/log_inprogress_0)
2022-08-08 17:04:52,029 [Thread-460] TRACE segmented.SegmentedRaftLogCache (AutoCloseableReadWriteLock.java:logLocking(65)) - s0@group-B24AF063D807: readLock ACQUIRED 1 by SegmentedRaftLogCache.computeTruncateIndices
2022-08-08 17:04:52,029 [Thread-460] TRACE segmented.SegmentedRaftLogCache (AutoCloseableReadWriteLock.java:logLocking(65)) -   s0@group-B24AF063D807: readLock ACQUIRED 2 by SegmentedRaftLogCache$LogSegmentList.binarySearch
2022-08-08 17:04:52,029 [Thread-460] TRACE segmented.SegmentedRaftLogCache (AutoCloseableReadWriteLock.java:logLocking(65)) -   s0@group-B24AF063D807: readLock RELEASED 1 by SegmentedRaftLogCache$LogSegmentList.binarySearch
2022-08-08 17:04:52,029 [Thread-460] TRACE segmented.SegmentedRaftLogCache (AutoCloseableReadWriteLock.java:logLocking(65)) -   s0@group-B24AF063D807: readLock ACQUIRED 2 by SegmentedRaftLogCache$LogSegmentList.size
2022-08-08 17:04:52,029 [Thread-460] TRACE segmented.SegmentedRaftLogCache (AutoCloseableReadWriteLock.java:logLocking(65)) -   s0@group-B24AF063D807: readLock RELEASED 1 by SegmentedRaftLogCache$LogSegmentList.size
2022-08-08 17:04:52,029 [Thread-460] TRACE segmented.SegmentedRaftLogCache (AutoCloseableReadWriteLock.java:logLocking(65)) - s0@group-B24AF063D807: readLock RELEASED 0 by SegmentedRaftLogCache.computeTruncateIndices
2022-08-08 17:04:52,029 [Thread-460] DEBUG raftlog.RaftLog (SegmentedRaftLog.java:appendImpl(447)) - truncateIndex=-1, arrayIndex=0
2022-08-08 17:04:52,029 [Thread-460] TRACE segmented.SegmentedRaftLogCache (AutoCloseableReadWriteLock.java:logLocking(65)) - s0@group-B24AF063D807: readLock ACQUIRED 1 by SegmentedRaftLogCache.getLastTermIndex
2022-08-08 17:04:52,029 [Thread-460] TRACE segmented.SegmentedRaftLogCache (AutoCloseableReadWriteLock.java:logLocking(65)) - s0@group-B24AF063D807: readLock RELEASED 0 by SegmentedRaftLogCache.getLastTermIndex
2022-08-08 17:04:52,029 [Thread-460] TRACE segmented.SegmentedRaftLogCache (AutoCloseableReadWriteLock.java:logLocking(65)) - s0@group-B24AF063D807: readLock ACQUIRED 1 by SegmentedRaftLogCache$LogSegmentList.countCached
2022-08-08 17:04:52,029 [Thread-460] TRACE segmented.SegmentedRaftLogCache (AutoCloseableReadWriteLock.java:logLocking(65)) - s0@group-B24AF063D807: readLock RELEASED 0 by SegmentedRaftLogCache$LogSegmentList.countCached
2022-08-08 17:04:52,029 [Thread-460] TRACE segmented.SegmentedRaftLogCache (AutoCloseableReadWriteLock.java:logLocking(65)) - s0@group-B24AF063D807: readLock ACQUIRED 1 by SegmentedRaftLogCache$LogSegmentList.getTotalCacheSize
2022-08-08 17:04:52,029 [Thread-460] TRACE segmented.SegmentedRaftLogCache (AutoCloseableReadWriteLock.java:logLocking(65)) - s0@group-B24AF063D807: readLock RELEASED 0 by SegmentedRaftLogCache$LogSegmentList.getTotalCacheSize
2022-08-08 17:04:52,029 [Thread-460] DEBUG segmented.SegmentedRaftLogWorker (SegmentedRaftLogWorker.java:addIOTask(270)) - s0@group-B24AF063D807-SegmentedRaftLogWorker adds IO task WriteLog:15: (t:1, i:15), STATEMACHINELOGENTRY, StateMachineLogEntryProto:174@client-6250EC404864
2022-08-08 17:04:52,029 [s1@group-B24AF063D807-StateMachineUpdater] INFO  statemachine.SimpleStateMachine4Testing (SimpleStateMachine4Testing.java:put(204)) - s1: put 13, m6 -> (t:1, i:13), STATEMACHINELOGENTRY, 170@client-6250EC404864
2022-08-08 17:04:52,030 [s2@group-B24AF063D807->s1-LogAppenderDefault-LogAppenderDaemon] TRACE segmented.SegmentedRaftLogCache (AutoCloseableReadWriteLock.java:logLocking(65)) - s2@group-B24AF063D807: readLock ACQUIRED 1 by SegmentedRaftLogCache.getLastTermIndex
2022-08-08 17:04:52,030 [s2@group-B24AF063D807->s1-LogAppenderDefault-LogAppenderDaemon] TRACE segmented.SegmentedRaftLogCache (AutoCloseableReadWriteLock.java:logLocking(65)) - s2@group-B24AF063D807: readLock RELEASED 0 by SegmentedRaftLogCache.getLastTermIndex
2022-08-08 17:04:52,030 [s0@group-B24AF063D807-SegmentedRaftLogWorker] DEBUG segmented.SegmentedRaftLogWorker (SegmentedRaftLogWorker.java:flushIfNecessary(365)) - s0@group-B24AF063D807-SegmentedRaftLogWorker: flush SegmentedRaftLogOutputStream(/home/runner/work/ratis/ratis/ratis-test/target/test/data/b051e71b/MiniRaftClusterWithSimulatedRpc1ec78f08/s0/0d1e7fc9-4c77-451a-91df-b24af063d807/current/log_inprogress_0)
2022-08-08 17:04:52,030 [s2@group-B24AF063D807-LeaderStateImpl] TRACE segmented.SegmentedRaftLogCache (AutoCloseableReadWriteLock.java:logLocking(65)) - s2@group-B24AF063D807: readLock ACQUIRED 1 by SegmentedRaftLogCache.getStartIndex
2022-08-08 17:04:52,030 [s2@group-B24AF063D807->s0-LogAppenderDefault-LogAppenderDaemon] TRACE segmented.SegmentedRaftLogCache (AutoCloseableReadWriteLock.java:logLocking(65)) -   s2@group-B24AF063D807: readLock ACQUIRED 2 by SegmentedRaftLogCache.getLastTermIndex
2022-08-08 17:04:52,030 [s2@group-B24AF063D807->s0-LogAppenderDefault-LogAppenderDaemon] TRACE segmented.SegmentedRaftLogCache (AutoCloseableReadWriteLock.java:logLocking(65)) -     s2@group-B24AF063D807: readLock RELEASED 2 by SegmentedRaftLogCache.getLastTermIndex
2022-08-08 17:04:52,030 [s2@group-B24AF063D807-LeaderStateImpl] TRACE segmented.SegmentedRaftLogCache (AutoCloseableReadWriteLock.java:logLocking(65)) -     s2@group-B24AF063D807: readLock ACQUIRED 3 by SegmentedRaftLogCache$LogSegmentList.isEmpty
2022-08-08 17:04:52,031 [s2@group-B24AF063D807-LeaderStateImpl] TRACE segmented.SegmentedRaftLogCache (AutoCloseableReadWriteLock.java:logLocking(65)) -   s2@group-B24AF063D807: readLock RELEASED 1 by SegmentedRaftLogCache$LogSegmentList.isEmpty
2022-08-08 17:04:52,031 [s2@group-B24AF063D807-LeaderStateImpl] TRACE segmented.SegmentedRaftLogCache (AutoCloseableReadWriteLock.java:logLocking(65)) - s2@group-B24AF063D807: readLock RELEASED 0 by SegmentedRaftLogCache.getStartIndex
2022-08-08 17:04:52,031 [s2@group-B24AF063D807-LeaderStateImpl] TRACE segmented.SegmentedRaftLogCache (AutoCloseableReadWriteLock.java:logLocking(65)) - s2@group-B24AF063D807: readLock ACQUIRED 1 by SegmentedRaftLogCache.getEndIndex
2022-08-08 17:04:52,031 [s2@group-B24AF063D807-LeaderStateImpl] TRACE segmented.SegmentedRaftLogCache (AutoCloseableReadWriteLock.java:logLocking(65)) - s2@group-B24AF063D807: readLock RELEASED 0 by SegmentedRaftLogCache.getEndIndex
2022-08-08 17:04:52,031 [s2@group-B24AF063D807-LeaderStateImpl] TRACE segmented.SegmentedRaftLogCache (AutoCloseableReadWriteLock.java:logLocking(65)) - s2@group-B24AF063D807: readLock ACQUIRED 1 by SegmentedRaftLogCache$LogSegmentList.getTermIndex
2022-08-08 17:04:52,031 [s2@group-B24AF063D807-LeaderStateImpl] TRACE segmented.SegmentedRaftLogCache (AutoCloseableReadWriteLock.java:logLocking(65)) - s2@group-B24AF063D807: readLock RELEASED 0 by SegmentedRaftLogCache$LogSegmentList.getTermIndex
2022-08-08 17:04:52,031 [s2@group-B24AF063D807-StateMachineUpdater] INFO  statemachine.SimpleStateMachine4Testing (SimpleStateMachine4Testing.java:put(204)) - s2: put 15, m7 -> (t:1, i:15), STATEMACHINELOGENTRY, 174@client-6250EC404864
2022-08-08 17:04:52,031 [s2@group-B24AF063D807-LeaderStateImpl] TRACE segmented.SegmentedRaftLogCache (AutoCloseableReadWriteLock.java:logLocking(65)) - s2@group-B24AF063D807: readLock ACQUIRED 1 by SegmentedRaftLogCache.getLastTermIndex
2022-08-08 17:04:52,031 [s2@group-B24AF063D807-LeaderStateImpl] TRACE segmented.SegmentedRaftLogCache (AutoCloseableReadWriteLock.java:logLocking(65)) - s2@group-B24AF063D807: readLock RELEASED 0 by SegmentedRaftLogCache.getLastTermIndex
2022-08-08 17:04:52,031 [s2@group-B24AF063D807-LeaderStateImpl] TRACE segmented.SegmentedRaftLogCache (AutoCloseableReadWriteLock.java:logLocking(65)) - s2@group-B24AF063D807: readLock ACQUIRED 1 by SegmentedRaftLogCache$LogSegmentList.countCached
2022-08-08 17:04:52,032 [s2@group-B24AF063D807-LeaderStateImpl] TRACE segmented.SegmentedRaftLogCache (AutoCloseableReadWriteLock.java:logLocking(65)) - s2@group-B24AF063D807: readLock RELEASED 0 by SegmentedRaftLogCache$LogSegmentList.countCached
2022-08-08 17:04:52,032 [s2@group-B24AF063D807-LeaderStateImpl] TRACE segmented.SegmentedRaftLogCache (AutoCloseableReadWriteLock.java:logLocking(65)) - s2@group-B24AF063D807: readLock ACQUIRED 1 by SegmentedRaftLogCache$LogSegmentList.getTotalCacheSize
2022-08-08 17:04:52,032 [s2@group-B24AF063D807-LeaderStateImpl] TRACE segmented.SegmentedRaftLogCache (AutoCloseableReadWriteLock.java:logLocking(65)) - s2@group-B24AF063D807: readLock RELEASED 0 by SegmentedRaftLogCache$LogSegmentList.getTotalCacheSize
2022-08-08 17:04:52,032 [s2@group-B24AF063D807-LeaderStateImpl] DEBUG segmented.SegmentedRaftLogWorker (SegmentedRaftLogWorker.java:addIOTask(270)) - s2@group-B24AF063D807-SegmentedRaftLogWorker adds IO task WriteLog:16: (t:1, i:16), METADATAENTRY(c:15)
2022-08-08 17:04:52,032 [s2@group-B24AF063D807->s0-LogAppenderDefault-LogAppenderDaemon] TRACE segmented.SegmentedRaftLogCache (AutoCloseableReadWriteLock.java:logLocking(65)) - s2@group-B24AF063D807: readLock ACQUIRED 1 by SegmentedRaftLogCache.getLastTermIndex
2022-08-08 17:04:52,032 [s2@group-B24AF063D807->s0-LogAppenderDefault-LogAppenderDaemon] TRACE segmented.SegmentedRaftLogCache (AutoCloseableReadWriteLock.java:logLocking(65)) - s2@group-B24AF063D807: readLock RELEASED 0 by SegmentedRaftLogCache.getLastTermIndex
2022-08-08 17:04:52,032 [s2@group-B24AF063D807-SegmentedRaftLogWorker] DEBUG segmented.SegmentedRaftLogWorker (SegmentedRaftLogWorker.java:flushIfNecessary(365)) - s2@group-B24AF063D807-SegmentedRaftLogWorker: flush SegmentedRaftLogOutputStream(/home/runner/work/ratis/ratis/ratis-test/target/test/data/b051e71b/MiniRaftClusterWithSimulatedRpc1ec78f08/s2/0d1e7fc9-4c77-451a-91df-b24af063d807/current/log_inprogress_0)
2022-08-08 17:04:52,033 [s2@group-B24AF063D807->s0-LogAppenderDefault-LogAppenderDaemon] TRACE segmented.SegmentedRaftLogCache (AutoCloseableReadWriteLock.java:logLocking(65)) - s2@group-B24AF063D807: readLock ACQUIRED 1 by SegmentedRaftLogCache.getLastTermIndex
2022-08-08 17:04:52,033 [s2@group-B24AF063D807->s0-LogAppenderDefault-LogAppenderDaemon] TRACE segmented.SegmentedRaftLogCache (AutoCloseableReadWriteLock.java:logLocking(65)) - s2@group-B24AF063D807: readLock RELEASED 0 by SegmentedRaftLogCache.getLastTermIndex
2022-08-08 17:04:52,033 [s2@group-B24AF063D807->s0-LogAppenderDefault-LogAppenderDaemon] TRACE segmented.SegmentedRaftLogCache (AutoCloseableReadWriteLock.java:logLocking(65)) - s2@group-B24AF063D807: readLock ACQUIRED 1 by SegmentedRaftLogCache.getStartIndex
2022-08-08 17:04:52,033 [s2@group-B24AF063D807->s0-LogAppenderDefault-LogAppenderDaemon] TRACE segmented.SegmentedRaftLogCache (AutoCloseableReadWriteLock.java:logLocking(65)) -   s2@group-B24AF063D807: readLock ACQUIRED 2 by SegmentedRaftLogCache$LogSegmentList.isEmpty
2022-08-08 17:04:52,033 [s2@group-B24AF063D807->s0-LogAppenderDefault-LogAppenderDaemon] TRACE segmented.SegmentedRaftLogCache (AutoCloseableReadWriteLock.java:logLocking(65)) -   s2@group-B24AF063D807: readLock RELEASED 1 by SegmentedRaftLogCache$LogSegmentList.isEmpty
2022-08-08 17:04:52,033 [s2@group-B24AF063D807->s0-LogAppenderDefault-LogAppenderDaemon] TRACE segmented.SegmentedRaftLogCache (AutoCloseableReadWriteLock.java:logLocking(65)) - s2@group-B24AF063D807: readLock RELEASED 0 by SegmentedRaftLogCache.getStartIndex
2022-08-08 17:04:52,033 [s2@group-B24AF063D807->s0-LogAppenderDefault-LogAppenderDaemon] TRACE segmented.SegmentedRaftLogCache (AutoCloseableReadWriteLock.java:logLocking(65)) - s2@group-B24AF063D807: readLock ACQUIRED 1 by SegmentedRaftLogCache.getLastTermIndex
2022-08-08 17:04:52,033 [s2@group-B24AF063D807->s0-LogAppenderDefault-LogAppenderDaemon] TRACE segmented.SegmentedRaftLogCache (AutoCloseableReadWriteLock.java:logLocking(65)) - s2@group-B24AF063D807: readLock RELEASED 0 by SegmentedRaftLogCache.getLastTermIndex
2022-08-08 17:04:52,033 [Thread-461] TRACE segmented.SegmentedRaftLogCache (AutoCloseableReadWriteLock.java:logLocking(65)) - s0@group-B24AF063D807: readLock ACQUIRED 1 by SegmentedRaftLogCache.computeTruncateIndices
2022-08-08 17:04:52,033 [Thread-461] TRACE segmented.SegmentedRaftLogCache (AutoCloseableReadWriteLock.java:logLocking(65)) -   s0@group-B24AF063D807: readLock ACQUIRED 2 by SegmentedRaftLogCache$LogSegmentList.binarySearch
2022-08-08 17:04:52,033 [Thread-461] TRACE segmented.SegmentedRaftLogCache (AutoCloseableReadWriteLock.java:logLocking(65)) -   s0@group-B24AF063D807: readLock RELEASED 1 by SegmentedRaftLogCache$LogSegmentList.binarySearch
2022-08-08 17:04:52,033 [Thread-461] TRACE segmented.SegmentedRaftLogCache (AutoCloseableReadWriteLock.java:logLocking(65)) -   s0@group-B24AF063D807: readLock ACQUIRED 2 by SegmentedRaftLogCache$LogSegmentList.size
2022-08-08 17:04:52,033 [Thread-461] TRACE segmented.SegmentedRaftLogCache (AutoCloseableReadWriteLock.java:logLocking(65)) -   s0@group-B24AF063D807: readLock RELEASED 1 by SegmentedRaftLogCache$LogSegmentList.size
2022-08-08 17:04:52,033 [Thread-461] TRACE segmented.SegmentedRaftLogCache (AutoCloseableReadWriteLock.java:logLocking(65)) - s0@group-B24AF063D807: readLock RELEASED 0 by SegmentedRaftLogCache.computeTruncateIndices
2022-08-08 17:04:52,033 [Thread-461] DEBUG raftlog.RaftLog (SegmentedRaftLog.java:appendImpl(447)) - truncateIndex=-1, arrayIndex=0
2022-08-08 17:04:52,033 [Thread-461] TRACE segmented.SegmentedRaftLogCache (AutoCloseableReadWriteLock.java:logLocking(65)) - s0@group-B24AF063D807: readLock ACQUIRED 1 by SegmentedRaftLogCache$LogSegmentList.countCached
2022-08-08 17:04:52,033 [Thread-461] TRACE segmented.SegmentedRaftLogCache (AutoCloseableReadWriteLock.java:logLocking(65)) - s0@group-B24AF063D807: readLock RELEASED 0 by SegmentedRaftLogCache$LogSegmentList.countCached
2022-08-08 17:04:52,033 [Thread-461] TRACE segmented.SegmentedRaftLogCache (AutoCloseableReadWriteLock.java:logLocking(65)) - s0@group-B24AF063D807: readLock ACQUIRED 1 by SegmentedRaftLogCache$LogSegmentList.getTotalCacheSize
2022-08-08 17:04:52,033 [Thread-461] TRACE segmented.SegmentedRaftLogCache (AutoCloseableReadWriteLock.java:logLocking(65)) - s0@group-B24AF063D807: readLock RELEASED 0 by SegmentedRaftLogCache$LogSegmentList.getTotalCacheSize
2022-08-08 17:04:52,034 [Thread-461] DEBUG segmented.SegmentedRaftLogWorker (SegmentedRaftLogWorker.java:addIOTask(270)) - s0@group-B24AF063D807-SegmentedRaftLogWorker adds IO task WriteLog:16: (t:1, i:16), METADATAENTRY(c:15)
2022-08-08 17:04:52,034 [s0@group-B24AF063D807-SegmentedRaftLogWorker] DEBUG segmented.SegmentedRaftLogWorker (SegmentedRaftLogWorker.java:flushIfNecessary(365)) - s0@group-B24AF063D807-SegmentedRaftLogWorker: flush SegmentedRaftLogOutputStream(/home/runner/work/ratis/ratis/ratis-test/target/test/data/b051e71b/MiniRaftClusterWithSimulatedRpc1ec78f08/s0/0d1e7fc9-4c77-451a-91df-b24af063d807/current/log_inprogress_0)
2022-08-08 17:04:52,034 [s0@group-B24AF063D807-StateMachineUpdater] INFO  statemachine.SimpleStateMachine4Testing (SimpleStateMachine4Testing.java:put(204)) - s0: put 15, m7 -> (t:1, i:15), STATEMACHINELOGENTRY, 174@client-6250EC404864
2022-08-08 17:04:52,034 [s2@group-B24AF063D807->s0-LogAppenderDefault-LogAppenderDaemon] TRACE segmented.SegmentedRaftLogCache (AutoCloseableReadWriteLock.java:logLocking(65)) - s2@group-B24AF063D807: readLock ACQUIRED 1 by SegmentedRaftLogCache.getLastTermIndex
2022-08-08 17:04:52,034 [s2@group-B24AF063D807->s0-LogAppenderDefault-LogAppenderDaemon] TRACE segmented.SegmentedRaftLogCache (AutoCloseableReadWriteLock.java:logLocking(65)) -   s2@group-B24AF063D807: readLock RELEASED 1 by SegmentedRaftLogCache.getLastTermIndex
2022-08-08 17:04:52,034 [s2@group-B24AF063D807->s1-LogAppenderDefault-LogAppenderDaemon] TRACE segmented.SegmentedRaftLogCache (AutoCloseableReadWriteLock.java:logLocking(65)) -   s2@group-B24AF063D807: readLock ACQUIRED 2 by SegmentedRaftLogCache.getLastTermIndex
2022-08-08 17:04:52,034 [s2@group-B24AF063D807->s1-LogAppenderDefault-LogAppenderDaemon] TRACE segmented.SegmentedRaftLogCache (AutoCloseableReadWriteLock.java:logLocking(65)) - s2@group-B24AF063D807: readLock RELEASED 0 by SegmentedRaftLogCache.getLastTermIndex
2022-08-08 17:04:52,034 [s2@group-B24AF063D807->s1-LogAppenderDefault-LogAppenderDaemon] TRACE segmented.SegmentedRaftLogCache (AutoCloseableReadWriteLock.java:logLocking(65)) - s2@group-B24AF063D807: readLock ACQUIRED 1 by SegmentedRaftLogCache.getLastTermIndex
2022-08-08 17:04:52,034 [s2@group-B24AF063D807->s1-LogAppenderDefault-LogAppenderDaemon] TRACE segmented.SegmentedRaftLogCache (AutoCloseableReadWriteLock.java:logLocking(65)) - s2@group-B24AF063D807: readLock RELEASED 0 by SegmentedRaftLogCache.getLastTermIndex
2022-08-08 17:04:52,034 [s2@group-B24AF063D807->s1-LogAppenderDefault-LogAppenderDaemon] TRACE segmented.SegmentedRaftLogCache (AutoCloseableReadWriteLock.java:logLocking(65)) - s2@group-B24AF063D807: readLock ACQUIRED 1 by SegmentedRaftLogCache.getStartIndex
2022-08-08 17:04:52,034 [s2@group-B24AF063D807->s1-LogAppenderDefault-LogAppenderDaemon] TRACE segmented.SegmentedRaftLogCache (AutoCloseableReadWriteLock.java:logLocking(65)) -   s2@group-B24AF063D807: readLock ACQUIRED 2 by SegmentedRaftLogCache$LogSegmentList.isEmpty
2022-08-08 17:04:52,034 [s2@group-B24AF063D807->s1-LogAppenderDefault-LogAppenderDaemon] TRACE segmented.SegmentedRaftLogCache (AutoCloseableReadWriteLock.java:logLocking(65)) -   s2@group-B24AF063D807: readLock RELEASED 1 by SegmentedRaftLogCache$LogSegmentList.isEmpty
2022-08-08 17:04:52,035 [s2@group-B24AF063D807->s1-LogAppenderDefault-LogAppenderDaemon] TRACE segmented.SegmentedRaftLogCache (AutoCloseableReadWriteLock.java:logLocking(65)) - s2@group-B24AF063D807: readLock RELEASED 0 by SegmentedRaftLogCache.getStartIndex
2022-08-08 17:04:52,035 [s2@group-B24AF063D807->s1-LogAppenderDefault-LogAppenderDaemon] TRACE segmented.SegmentedRaftLogCache (AutoCloseableReadWriteLock.java:logLocking(65)) - s2@group-B24AF063D807: readLock ACQUIRED 1 by SegmentedRaftLogCache.getLastTermIndex
2022-08-08 17:04:52,035 [s2@group-B24AF063D807->s1-LogAppenderDefault-LogAppenderDaemon] TRACE segmented.SegmentedRaftLogCache (AutoCloseableReadWriteLock.java:logLocking(65)) - s2@group-B24AF063D807: readLock RELEASED 0 by SegmentedRaftLogCache.getLastTermIndex
2022-08-08 17:04:52,035 [s2@group-B24AF063D807->s0-LogAppenderDefault-LogAppenderDaemon] TRACE segmented.SegmentedRaftLogCache (AutoCloseableReadWriteLock.java:logLocking(65)) - s2@group-B24AF063D807: readLock ACQUIRED 1 by SegmentedRaftLogCache.getLastTermIndex
2022-08-08 17:04:52,035 [s2@group-B24AF063D807->s0-LogAppenderDefault-LogAppenderDaemon] TRACE segmented.SegmentedRaftLogCache (AutoCloseableReadWriteLock.java:logLocking(65)) - s2@group-B24AF063D807: readLock RELEASED 0 by SegmentedRaftLogCache.getLastTermIndex
2022-08-08 17:04:52,035 [s2@group-B24AF063D807->s0-LogAppenderDefault-LogAppenderDaemon] TRACE segmented.SegmentedRaftLogCache (AutoCloseableReadWriteLock.java:logLocking(65)) - s2@group-B24AF063D807: readLock ACQUIRED 1 by SegmentedRaftLogCache.getLastTermIndex
2022-08-08 17:04:52,035 [s2@group-B24AF063D807->s0-LogAppenderDefault-LogAppenderDaemon] TRACE segmented.SegmentedRaftLogCache (AutoCloseableReadWriteLock.java:logLocking(65)) - s2@group-B24AF063D807: readLock RELEASED 0 by SegmentedRaftLogCache.getLastTermIndex
2022-08-08 17:04:52,035 [Thread-468] TRACE segmented.SegmentedRaftLogCache (AutoCloseableReadWriteLock.java:logLocking(65)) - s1@group-B24AF063D807: readLock ACQUIRED 1 by SegmentedRaftLogCache.computeTruncateIndices
2022-08-08 17:04:52,035 [Thread-468] TRACE segmented.SegmentedRaftLogCache (AutoCloseableReadWriteLock.java:logLocking(65)) -   s1@group-B24AF063D807: readLock ACQUIRED 2 by SegmentedRaftLogCache$LogSegmentList.binarySearch
2022-08-08 17:04:52,035 [Thread-468] TRACE segmented.SegmentedRaftLogCache (AutoCloseableReadWriteLock.java:logLocking(65)) -   s1@group-B24AF063D807: readLock RELEASED 1 by SegmentedRaftLogCache$LogSegmentList.binarySearch
2022-08-08 17:04:52,035 [Thread-468] TRACE segmented.SegmentedRaftLogCache (AutoCloseableReadWriteLock.java:logLocking(65)) -   s1@group-B24AF063D807: readLock ACQUIRED 2 by SegmentedRaftLogCache$LogSegmentList.size
2022-08-08 17:04:52,035 [Thread-468] TRACE segmented.SegmentedRaftLogCache (AutoCloseableReadWriteLock.java:logLocking(65)) -   s1@group-B24AF063D807: readLock RELEASED 1 by SegmentedRaftLogCache$LogSegmentList.size
2022-08-08 17:04:52,035 [Thread-468] TRACE segmented.SegmentedRaftLogCache (AutoCloseableReadWriteLock.java:logLocking(65)) - s1@group-B24AF063D807: readLock RELEASED 0 by SegmentedRaftLogCache.computeTruncateIndices
2022-08-08 17:04:52,035 [Thread-468] DEBUG raftlog.RaftLog (SegmentedRaftLog.java:appendImpl(447)) - truncateIndex=-1, arrayIndex=0
2022-08-08 17:04:52,035 [Thread-468] TRACE segmented.SegmentedRaftLogCache (AutoCloseableReadWriteLock.java:logLocking(65)) - s1@group-B24AF063D807: readLock ACQUIRED 1 by SegmentedRaftLogCache$LogSegmentList.countCached
2022-08-08 17:04:52,035 [Thread-468] TRACE segmented.SegmentedRaftLogCache (AutoCloseableReadWriteLock.java:logLocking(65)) - s1@group-B24AF063D807: readLock RELEASED 0 by SegmentedRaftLogCache$LogSegmentList.countCached
2022-08-08 17:04:52,035 [Thread-468] TRACE segmented.SegmentedRaftLogCache (AutoCloseableReadWriteLock.java:logLocking(65)) - s1@group-B24AF063D807: readLock ACQUIRED 1 by SegmentedRaftLogCache$LogSegmentList.getTotalCacheSize
2022-08-08 17:04:52,035 [Thread-468] TRACE segmented.SegmentedRaftLogCache (AutoCloseableReadWriteLock.java:logLocking(65)) - s1@group-B24AF063D807: readLock RELEASED 0 by SegmentedRaftLogCache$LogSegmentList.getTotalCacheSize
2022-08-08 17:04:52,035 [Thread-468] DEBUG segmented.SegmentedRaftLogWorker (SegmentedRaftLogWorker.java:addIOTask(270)) - s1@group-B24AF063D807-SegmentedRaftLogWorker adds IO task WriteLog:16: (t:1, i:16), METADATAENTRY(c:15)
2022-08-08 17:04:52,036 [s1@group-B24AF063D807-SegmentedRaftLogWorker] DEBUG segmented.SegmentedRaftLogWorker (SegmentedRaftLogWorker.java:flushIfNecessary(365)) - s1@group-B24AF063D807-SegmentedRaftLogWorker: flush SegmentedRaftLogOutputStream(/home/runner/work/ratis/ratis/ratis-test/target/test/data/b051e71b/MiniRaftClusterWithSimulatedRpc1ec78f08/s1/0d1e7fc9-4c77-451a-91df-b24af063d807/current/log_inprogress_0)
2022-08-08 17:04:52,036 [s2-client-thread1] TRACE segmented.SegmentedRaftLogCache (AutoCloseableReadWriteLock.java:logLocking(65)) - s2@group-B24AF063D807: readLock ACQUIRED 1 by SegmentedRaftLogCache.getLastTermIndex
2022-08-08 17:04:52,036 [s2-client-thread1] TRACE segmented.SegmentedRaftLogCache (AutoCloseableReadWriteLock.java:logLocking(65)) - s2@group-B24AF063D807: readLock RELEASED 0 by SegmentedRaftLogCache.getLastTermIndex
2022-08-08 17:04:52,036 [s1@group-B24AF063D807-StateMachineUpdater] INFO  statemachine.SimpleStateMachine4Testing (SimpleStateMachine4Testing.java:put(204)) - s1: put 15, m7 -> (t:1, i:15), STATEMACHINELOGENTRY, 174@client-6250EC404864
2022-08-08 17:04:52,036 [s2-client-thread1] TRACE segmented.SegmentedRaftLogCache (AutoCloseableReadWriteLock.java:logLocking(65)) - s2@group-B24AF063D807: readLock ACQUIRED 1 by SegmentedRaftLogCache.getLastTermIndex
2022-08-08 17:04:52,036 [s2-client-thread1] TRACE segmented.SegmentedRaftLogCache (AutoCloseableReadWriteLock.java:logLocking(65)) - s2@group-B24AF063D807: readLock RELEASED 0 by SegmentedRaftLogCache.getLastTermIndex
2022-08-08 17:04:52,036 [s2-client-thread1] TRACE segmented.SegmentedRaftLogCache (AutoCloseableReadWriteLock.java:logLocking(65)) - s2@group-B24AF063D807: readLock ACQUIRED 1 by SegmentedRaftLogCache$LogSegmentList.countCached
2022-08-08 17:04:52,036 [s2-client-thread1] TRACE segmented.SegmentedRaftLogCache (AutoCloseableReadWriteLock.java:logLocking(65)) - s2@group-B24AF063D807: readLock RELEASED 0 by SegmentedRaftLogCache$LogSegmentList.countCached
2022-08-08 17:04:52,036 [s2-client-thread1] TRACE segmented.SegmentedRaftLogCache (AutoCloseableReadWriteLock.java:logLocking(65)) - s2@group-B24AF063D807: readLock ACQUIRED 1 by SegmentedRaftLogCache$LogSegmentList.getTotalCacheSize
2022-08-08 17:04:52,036 [s2-client-thread1] TRACE segmented.SegmentedRaftLogCache (AutoCloseableReadWriteLock.java:logLocking(65)) - s2@group-B24AF063D807: readLock RELEASED 0 by SegmentedRaftLogCache$LogSegmentList.getTotalCacheSize
2022-08-08 17:04:52,037 [s2-client-thread1] DEBUG segmented.SegmentedRaftLogWorker (SegmentedRaftLogWorker.java:addIOTask(270)) - s2@group-B24AF063D807-SegmentedRaftLogWorker adds IO task WriteLog:17: (t:1, i:17), STATEMACHINELOGENTRY, StateMachineLogEntryProto:178@client-6250EC404864
2022-08-08 17:04:52,037 [s2@group-B24AF063D807-SegmentedRaftLogWorker] DEBUG segmented.SegmentedRaftLogWorker (SegmentedRaftLogWorker.java:flushIfNecessary(365)) - s2@group-B24AF063D807-SegmentedRaftLogWorker: flush SegmentedRaftLogOutputStream(/home/runner/work/ratis/ratis/ratis-test/target/test/data/b051e71b/MiniRaftClusterWithSimulatedRpc1ec78f08/s2/0d1e7fc9-4c77-451a-91df-b24af063d807/current/log_inprogress_0)
2022-08-08 17:04:52,037 [s2@group-B24AF063D807->s1-LogAppenderDefault-LogAppenderDaemon] TRACE segmented.SegmentedRaftLogCache (AutoCloseableReadWriteLock.java:logLocking(65)) - s2@group-B24AF063D807: readLock ACQUIRED 1 by SegmentedRaftLogCache.getLastTermIndex
2022-08-08 17:04:52,037 [s2@group-B24AF063D807->s1-LogAppenderDefault-LogAppenderDaemon] TRACE segmented.SegmentedRaftLogCache (AutoCloseableReadWriteLock.java:logLocking(65)) -   s2@group-B24AF063D807: readLock RELEASED 1 by SegmentedRaftLogCache.getLastTermIndex
2022-08-08 17:04:52,037 [s2@group-B24AF063D807->s1-LogAppenderDefault-LogAppenderDaemon] TRACE segmented.SegmentedRaftLogCache (AutoCloseableReadWriteLock.java:logLocking(65)) -   s2@group-B24AF063D807: readLock ACQUIRED 2 by SegmentedRaftLogCache.getLastTermIndex
2022-08-08 17:04:52,037 [s2@group-B24AF063D807->s1-LogAppenderDefault-LogAppenderDaemon] TRACE segmented.SegmentedRaftLogCache (AutoCloseableReadWriteLock.java:logLocking(65)) -   s2@group-B24AF063D807: readLock RELEASED 1 by SegmentedRaftLogCache.getLastTermIndex
2022-08-08 17:04:52,037 [s2@group-B24AF063D807->s1-LogAppenderDefault-LogAppenderDaemon] TRACE segmented.SegmentedRaftLogCache (AutoCloseableReadWriteLock.java:logLocking(65)) -   s2@group-B24AF063D807: readLock ACQUIRED 2 by SegmentedRaftLogCache.getLastTermIndex
2022-08-08 17:04:52,037 [s2@group-B24AF063D807->s1-LogAppenderDefault-LogAppenderDaemon] TRACE segmented.SegmentedRaftLogCache (AutoCloseableReadWriteLock.java:logLocking(65)) -   s2@group-B24AF063D807: readLock RELEASED 1 by SegmentedRaftLogCache.getLastTermIndex
2022-08-08 17:04:52,037 [s2@group-B24AF063D807->s1-LogAppenderDefault-LogAppenderDaemon] TRACE segmented.SegmentedRaftLogCache (AutoCloseableReadWriteLock.java:logLocking(65)) -   s2@group-B24AF063D807: readLock ACQUIRED 2 by SegmentedRaftLogCache.getStartIndex
2022-08-08 17:04:52,037 [s2@group-B24AF063D807->s1-LogAppenderDefault-LogAppenderDaemon] TRACE segmented.SegmentedRaftLogCache (AutoCloseableReadWriteLock.java:logLocking(65)) -     s2@group-B24AF063D807: readLock ACQUIRED 3 by SegmentedRaftLogCache$LogSegmentList.isEmpty
2022-08-08 17:04:52,037 [s2@group-B24AF063D807->s1-LogAppenderDefault-LogAppenderDaemon] TRACE segmented.SegmentedRaftLogCache (AutoCloseableReadWriteLock.java:logLocking(65)) -     s2@group-B24AF063D807: readLock RELEASED 2 by SegmentedRaftLogCache$LogSegmentList.isEmpty
2022-08-08 17:04:52,037 [s2@group-B24AF063D807->s1-LogAppenderDefault-LogAppenderDaemon] TRACE segmented.SegmentedRaftLogCache (AutoCloseableReadWriteLock.java:logLocking(65)) -   s2@group-B24AF063D807: readLock RELEASED 1 by SegmentedRaftLogCache.getStartIndex
2022-08-08 17:04:52,037 [s2@group-B24AF063D807-LeaderStateImpl] TRACE segmented.SegmentedRaftLogCache (AutoCloseableReadWriteLock.java:logLocking(65)) -   s2@group-B24AF063D807: readLock ACQUIRED 2 by SegmentedRaftLogCache.getStartIndex
2022-08-08 17:04:52,037 [s2@group-B24AF063D807->s1-LogAppenderDefault-LogAppenderDaemon] TRACE segmented.SegmentedRaftLogCache (AutoCloseableReadWriteLock.java:logLocking(65)) -   s2@group-B24AF063D807: readLock ACQUIRED 2 by SegmentedRaftLogCache.getLastTermIndex
2022-08-08 17:04:52,037 [s2@group-B24AF063D807->s1-LogAppenderDefault-LogAppenderDaemon] TRACE segmented.SegmentedRaftLogCache (AutoCloseableReadWriteLock.java:logLocking(65)) -     s2@group-B24AF063D807: readLock RELEASED 2 by SegmentedRaftLogCache.getLastTermIndex
2022-08-08 17:04:52,037 [s2@group-B24AF063D807->s0-LogAppenderDefault-LogAppenderDaemon] TRACE segmented.SegmentedRaftLogCache (AutoCloseableReadWriteLock.java:logLocking(65)) -     s2@group-B24AF063D807: readLock ACQUIRED 3 by SegmentedRaftLogCache.getLastTermIndex
2022-08-08 17:04:52,037 [s2@group-B24AF063D807->s0-LogAppenderDefault-LogAppenderDaemon] TRACE segmented.SegmentedRaftLogCache (AutoCloseableReadWriteLock.java:logLocking(65)) -   s2@group-B24AF063D807: readLock RELEASED 1 by SegmentedRaftLogCache.getLastTermIndex
2022-08-08 17:04:52,037 [s2@group-B24AF063D807->s0-LogAppenderDefault-LogAppenderDaemon] TRACE segmented.SegmentedRaftLogCache (AutoCloseableReadWriteLock.java:logLocking(65)) -   s2@group-B24AF063D807: readLock ACQUIRED 2 by SegmentedRaftLogCache.getLastTermIndex
2022-08-08 17:04:52,037 [s2@group-B24AF063D807->s0-LogAppenderDefault-LogAppenderDaemon] TRACE segmented.SegmentedRaftLogCache (AutoCloseableReadWriteLock.java:logLocking(65)) -   s2@group-B24AF063D807: readLock RELEASED 1 by SegmentedRaftLogCache.getLastTermIndex
2022-08-08 17:04:52,037 [s2@group-B24AF063D807->s0-LogAppenderDefault-LogAppenderDaemon] TRACE segmented.SegmentedRaftLogCache (AutoCloseableReadWriteLock.java:logLocking(65)) -   s2@group-B24AF063D807: readLock ACQUIRED 2 by SegmentedRaftLogCache.getStartIndex
2022-08-08 17:04:52,037 [s2@group-B24AF063D807->s0-LogAppenderDefault-LogAppenderDaemon] TRACE segmented.SegmentedRaftLogCache (AutoCloseableReadWriteLock.java:logLocking(65)) -     s2@group-B24AF063D807: readLock ACQUIRED 3 by SegmentedRaftLogCache$LogSegmentList.isEmpty
2022-08-08 17:04:52,038 [s2@group-B24AF063D807->s0-LogAppenderDefault-LogAppenderDaemon] TRACE segmented.SegmentedRaftLogCache (AutoCloseableReadWriteLock.java:logLocking(65)) -     s2@group-B24AF063D807: readLock RELEASED 2 by SegmentedRaftLogCache$LogSegmentList.isEmpty
2022-08-08 17:04:52,038 [Thread-469] TRACE segmented.SegmentedRaftLogCache (AutoCloseableReadWriteLock.java:logLocking(65)) - s1@group-B24AF063D807: readLock ACQUIRED 1 by SegmentedRaftLogCache.computeTruncateIndices
2022-08-08 17:04:52,038 [s2@group-B24AF063D807->s0-LogAppenderDefault-LogAppenderDaemon] TRACE segmented.SegmentedRaftLogCache (AutoCloseableReadWriteLock.java:logLocking(65)) -   s2@group-B24AF063D807: readLock RELEASED 1 by SegmentedRaftLogCache.getStartIndex
2022-08-08 17:04:52,038 [Thread-469] TRACE segmented.SegmentedRaftLogCache (AutoCloseableReadWriteLock.java:logLocking(65)) -   s1@group-B24AF063D807: readLock ACQUIRED 2 by SegmentedRaftLogCache$LogSegmentList.binarySearch
2022-08-08 17:04:52,038 [s2@group-B24AF063D807->s0-LogAppenderDefault-LogAppenderDaemon] TRACE segmented.SegmentedRaftLogCache (AutoCloseableReadWriteLock.java:logLocking(65)) -   s2@group-B24AF063D807: readLock ACQUIRED 2 by SegmentedRaftLogCache.getLastTermIndex
2022-08-08 17:04:52,038 [s2@group-B24AF063D807->s0-LogAppenderDefault-LogAppenderDaemon] TRACE segmented.SegmentedRaftLogCache (AutoCloseableReadWriteLock.java:logLocking(65)) -   s2@group-B24AF063D807: readLock RELEASED 1 by SegmentedRaftLogCache.getLastTermIndex
2022-08-08 17:04:52,038 [Thread-469] TRACE segmented.SegmentedRaftLogCache (AutoCloseableReadWriteLock.java:logLocking(65)) -   s1@group-B24AF063D807: readLock RELEASED 1 by SegmentedRaftLogCache$LogSegmentList.binarySearch
2022-08-08 17:04:52,038 [Thread-469] TRACE segmented.SegmentedRaftLogCache (AutoCloseableReadWriteLock.java:logLocking(65)) -   s1@group-B24AF063D807: readLock ACQUIRED 2 by SegmentedRaftLogCache$LogSegmentList.size
2022-08-08 17:04:52,038 [Thread-469] TRACE segmented.SegmentedRaftLogCache (AutoCloseableReadWriteLock.java:logLocking(65)) -   s1@group-B24AF063D807: readLock RELEASED 1 by SegmentedRaftLogCache$LogSegmentList.size
2022-08-08 17:04:52,038 [Thread-469] TRACE segmented.SegmentedRaftLogCache (AutoCloseableReadWriteLock.java:logLocking(65)) - s1@group-B24AF063D807: readLock RELEASED 0 by SegmentedRaftLogCache.computeTruncateIndices
2022-08-08 17:04:52,038 [Thread-469] DEBUG raftlog.RaftLog (SegmentedRaftLog.java:appendImpl(447)) - truncateIndex=-1, arrayIndex=0
2022-08-08 17:04:52,038 [Thread-462] TRACE segmented.SegmentedRaftLogCache (AutoCloseableReadWriteLock.java:logLocking(65)) - s0@group-B24AF063D807: readLock ACQUIRED 1 by SegmentedRaftLogCache.computeTruncateIndices
2022-08-08 17:04:52,038 [Thread-469] TRACE segmented.SegmentedRaftLogCache (AutoCloseableReadWriteLock.java:logLocking(65)) - s1@group-B24AF063D807: readLock ACQUIRED 1 by SegmentedRaftLogCache.getLastTermIndex
2022-08-08 17:04:52,038 [Thread-469] TRACE segmented.SegmentedRaftLogCache (AutoCloseableReadWriteLock.java:logLocking(65)) - s1@group-B24AF063D807: readLock RELEASED 0 by SegmentedRaftLogCache.getLastTermIndex
2022-08-08 17:04:52,038 [Thread-462] TRACE segmented.SegmentedRaftLogCache (AutoCloseableReadWriteLock.java:logLocking(65)) -   s0@group-B24AF063D807: readLock ACQUIRED 2 by SegmentedRaftLogCache$LogSegmentList.binarySearch
2022-08-08 17:04:52,038 [Thread-462] TRACE segmented.SegmentedRaftLogCache (AutoCloseableReadWriteLock.java:logLocking(65)) -   s0@group-B24AF063D807: readLock RELEASED 1 by SegmentedRaftLogCache$LogSegmentList.binarySearch
2022-08-08 17:04:52,038 [Thread-469] TRACE segmented.SegmentedRaftLogCache (AutoCloseableReadWriteLock.java:logLocking(65)) - s1@group-B24AF063D807: readLock ACQUIRED 1 by SegmentedRaftLogCache$LogSegmentList.countCached
2022-08-08 17:04:52,038 [Thread-462] TRACE segmented.SegmentedRaftLogCache (AutoCloseableReadWriteLock.java:logLocking(65)) -   s0@group-B24AF063D807: readLock ACQUIRED 2 by SegmentedRaftLogCache$LogSegmentList.size
2022-08-08 17:04:52,038 [Thread-462] TRACE segmented.SegmentedRaftLogCache (AutoCloseableReadWriteLock.java:logLocking(65)) -   s0@group-B24AF063D807: readLock RELEASED 1 by SegmentedRaftLogCache$LogSegmentList.size
2022-08-08 17:04:52,038 [Thread-462] TRACE segmented.SegmentedRaftLogCache (AutoCloseableReadWriteLock.java:logLocking(65)) - s0@group-B24AF063D807: readLock RELEASED 0 by SegmentedRaftLogCache.computeTruncateIndices
2022-08-08 17:04:52,038 [Thread-469] TRACE segmented.SegmentedRaftLogCache (AutoCloseableReadWriteLock.java:logLocking(65)) - s1@group-B24AF063D807: readLock RELEASED 0 by SegmentedRaftLogCache$LogSegmentList.countCached
2022-08-08 17:04:52,038 [Thread-462] DEBUG raftlog.RaftLog (SegmentedRaftLog.java:appendImpl(447)) - truncateIndex=-1, arrayIndex=0
2022-08-08 17:04:52,038 [Thread-469] TRACE segmented.SegmentedRaftLogCache (AutoCloseableReadWriteLock.java:logLocking(65)) - s1@group-B24AF063D807: readLock ACQUIRED 1 by SegmentedRaftLogCache$LogSegmentList.getTotalCacheSize
2022-08-08 17:04:52,038 [Thread-469] TRACE segmented.SegmentedRaftLogCache (AutoCloseableReadWriteLock.java:logLocking(65)) - s1@group-B24AF063D807: readLock RELEASED 0 by SegmentedRaftLogCache$LogSegmentList.getTotalCacheSize
2022-08-08 17:04:52,038 [Thread-462] TRACE segmented.SegmentedRaftLogCache (AutoCloseableReadWriteLock.java:logLocking(65)) - s0@group-B24AF063D807: readLock ACQUIRED 1 by SegmentedRaftLogCache.getLastTermIndex
2022-08-08 17:04:52,039 [Thread-462] TRACE segmented.SegmentedRaftLogCache (AutoCloseableReadWriteLock.java:logLocking(65)) - s0@group-B24AF063D807: readLock RELEASED 0 by SegmentedRaftLogCache.getLastTermIndex
2022-08-08 17:04:52,039 [Thread-469] DEBUG segmented.SegmentedRaftLogWorker (SegmentedRaftLogWorker.java:addIOTask(270)) - s1@group-B24AF063D807-SegmentedRaftLogWorker adds IO task WriteLog:17: (t:1, i:17), STATEMACHINELOGENTRY, StateMachineLogEntryProto:178@client-6250EC404864
2022-08-08 17:04:52,039 [Thread-462] TRACE segmented.SegmentedRaftLogCache (AutoCloseableReadWriteLock.java:logLocking(65)) - s0@group-B24AF063D807: readLock ACQUIRED 1 by SegmentedRaftLogCache$LogSegmentList.countCached
2022-08-08 17:04:52,039 [Thread-462] TRACE segmented.SegmentedRaftLogCache (AutoCloseableReadWriteLock.java:logLocking(65)) - s0@group-B24AF063D807: readLock RELEASED 0 by SegmentedRaftLogCache$LogSegmentList.countCached
2022-08-08 17:04:52,039 [s1@group-B24AF063D807-SegmentedRaftLogWorker] DEBUG segmented.SegmentedRaftLogWorker (SegmentedRaftLogWorker.java:flushIfNecessary(365)) - s1@group-B24AF063D807-SegmentedRaftLogWorker: flush SegmentedRaftLogOutputStream(/home/runner/work/ratis/ratis/ratis-test/target/test/data/b051e71b/MiniRaftClusterWithSimulatedRpc1ec78f08/s1/0d1e7fc9-4c77-451a-91df-b24af063d807/current/log_inprogress_0)
2022-08-08 17:04:52,039 [Thread-462] TRACE segmented.SegmentedRaftLogCache (AutoCloseableReadWriteLock.java:logLocking(65)) - s0@group-B24AF063D807: readLock ACQUIRED 1 by SegmentedRaftLogCache$LogSegmentList.getTotalCacheSize
2022-08-08 17:04:52,039 [Thread-462] TRACE segmented.SegmentedRaftLogCache (AutoCloseableReadWriteLock.java:logLocking(65)) - s0@group-B24AF063D807: readLock RELEASED 0 by SegmentedRaftLogCache$LogSegmentList.getTotalCacheSize
2022-08-08 17:04:52,039 [Thread-462] DEBUG segmented.SegmentedRaftLogWorker (SegmentedRaftLogWorker.java:addIOTask(270)) - s0@group-B24AF063D807-SegmentedRaftLogWorker adds IO task WriteLog:17: (t:1, i:17), STATEMACHINELOGENTRY, StateMachineLogEntryProto:178@client-6250EC404864
2022-08-08 17:04:52,039 [s0@group-B24AF063D807-SegmentedRaftLogWorker] DEBUG segmented.SegmentedRaftLogWorker (SegmentedRaftLogWorker.java:flushIfNecessary(365)) - s0@group-B24AF063D807-SegmentedRaftLogWorker: flush SegmentedRaftLogOutputStream(/home/runner/work/ratis/ratis/ratis-test/target/test/data/b051e71b/MiniRaftClusterWithSimulatedRpc1ec78f08/s0/0d1e7fc9-4c77-451a-91df-b24af063d807/current/log_inprogress_0)
2022-08-08 17:04:52,040 [s2@group-B24AF063D807-LeaderStateImpl] TRACE segmented.SegmentedRaftLogCache (AutoCloseableReadWriteLock.java:logLocking(65)) -   s2@group-B24AF063D807: readLock ACQUIRED 2 by SegmentedRaftLogCache$LogSegmentList.isEmpty
2022-08-08 17:04:52,040 [s2@group-B24AF063D807-LeaderStateImpl] TRACE segmented.SegmentedRaftLogCache (AutoCloseableReadWriteLock.java:logLocking(65)) -   s2@group-B24AF063D807: readLock RELEASED 1 by SegmentedRaftLogCache$LogSegmentList.isEmpty
2022-08-08 17:04:52,040 [s2@group-B24AF063D807-LeaderStateImpl] TRACE segmented.SegmentedRaftLogCache (AutoCloseableReadWriteLock.java:logLocking(65)) - s2@group-B24AF063D807: readLock RELEASED 0 by SegmentedRaftLogCache.getStartIndex
2022-08-08 17:04:52,040 [s2@group-B24AF063D807-LeaderStateImpl] TRACE segmented.SegmentedRaftLogCache (AutoCloseableReadWriteLock.java:logLocking(65)) - s2@group-B24AF063D807: readLock ACQUIRED 1 by SegmentedRaftLogCache.getEndIndex
2022-08-08 17:04:52,040 [s2@group-B24AF063D807-LeaderStateImpl] TRACE segmented.SegmentedRaftLogCache (AutoCloseableReadWriteLock.java:logLocking(65)) - s2@group-B24AF063D807: readLock RELEASED 0 by SegmentedRaftLogCache.getEndIndex
2022-08-08 17:04:52,040 [s2@group-B24AF063D807-LeaderStateImpl] TRACE segmented.SegmentedRaftLogCache (AutoCloseableReadWriteLock.java:logLocking(65)) - s2@group-B24AF063D807: readLock ACQUIRED 1 by SegmentedRaftLogCache$LogSegmentList.getTermIndex
2022-08-08 17:04:52,040 [s2@group-B24AF063D807-LeaderStateImpl] TRACE segmented.SegmentedRaftLogCache (AutoCloseableReadWriteLock.java:logLocking(65)) - s2@group-B24AF063D807: readLock RELEASED 0 by SegmentedRaftLogCache$LogSegmentList.getTermIndex
2022-08-08 17:04:52,044 [s2@group-B24AF063D807->s0-LogAppenderDefault-LogAppenderDaemon] TRACE segmented.SegmentedRaftLogCache (AutoCloseableReadWriteLock.java:logLocking(65)) - s2@group-B24AF063D807: readLock ACQUIRED 1 by SegmentedRaftLogCache.getLastTermIndex
2022-08-08 17:04:52,044 [s2@group-B24AF063D807->s1-LogAppenderDefault-LogAppenderDaemon] TRACE segmented.SegmentedRaftLogCache (AutoCloseableReadWriteLock.java:logLocking(65)) -   s2@group-B24AF063D807: readLock ACQUIRED 2 by SegmentedRaftLogCache.getLastTermIndex
2022-08-08 17:04:52,044 [s2@group-B24AF063D807->s1-LogAppenderDefault-LogAppenderDaemon] TRACE segmented.SegmentedRaftLogCache (AutoCloseableReadWriteLock.java:logLocking(65)) - s2@group-B24AF063D807: readLock RELEASED 0 by SegmentedRaftLogCache.getLastTermIndex
2022-08-08 17:04:52,044 [s2@group-B24AF063D807->s0-LogAppenderDefault-LogAppenderDaemon] TRACE segmented.SegmentedRaftLogCache (AutoCloseableReadWriteLock.java:logLocking(65)) -   s2@group-B24AF063D807: readLock RELEASED 1 by SegmentedRaftLogCache.getLastTermIndex
2022-08-08 17:04:52,045 [s2@group-B24AF063D807-LeaderStateImpl] TRACE segmented.SegmentedRaftLogCache (AutoCloseableReadWriteLock.java:logLocking(65)) - s2@group-B24AF063D807: readLock ACQUIRED 1 by SegmentedRaftLogCache.getStartIndex
2022-08-08 17:04:52,045 [s2@group-B24AF063D807-LeaderStateImpl] TRACE segmented.SegmentedRaftLogCache (AutoCloseableReadWriteLock.java:logLocking(65)) -   s2@group-B24AF063D807: readLock ACQUIRED 2 by SegmentedRaftLogCache$LogSegmentList.isEmpty
2022-08-08 17:04:52,045 [s2@group-B24AF063D807-LeaderStateImpl] TRACE segmented.SegmentedRaftLogCache (AutoCloseableReadWriteLock.java:logLocking(65)) -   s2@group-B24AF063D807: readLock RELEASED 1 by SegmentedRaftLogCache$LogSegmentList.isEmpty
2022-08-08 17:04:52,046 [s2@group-B24AF063D807-LeaderStateImpl] TRACE segmented.SegmentedRaftLogCache (AutoCloseableReadWriteLock.java:logLocking(65)) - s2@group-B24AF063D807: readLock RELEASED 0 by SegmentedRaftLogCache.getStartIndex
2022-08-08 17:04:52,046 [s2@group-B24AF063D807-LeaderStateImpl] TRACE segmented.SegmentedRaftLogCache (AutoCloseableReadWriteLock.java:logLocking(65)) - s2@group-B24AF063D807: readLock ACQUIRED 1 by SegmentedRaftLogCache.getEndIndex
2022-08-08 17:04:52,046 [s2@group-B24AF063D807-LeaderStateImpl] TRACE segmented.SegmentedRaftLogCache (AutoCloseableReadWriteLock.java:logLocking(65)) - s2@group-B24AF063D807: readLock RELEASED 0 by SegmentedRaftLogCache.getEndIndex
2022-08-08 17:04:52,046 [s2@group-B24AF063D807-LeaderStateImpl] TRACE segmented.SegmentedRaftLogCache (AutoCloseableReadWriteLock.java:logLocking(65)) - s2@group-B24AF063D807: readLock ACQUIRED 1 by SegmentedRaftLogCache$LogSegmentList.getTermIndex
2022-08-08 17:04:52,046 [s2@group-B24AF063D807-LeaderStateImpl] TRACE segmented.SegmentedRaftLogCache (AutoCloseableReadWriteLock.java:logLocking(65)) - s2@group-B24AF063D807: readLock RELEASED 0 by SegmentedRaftLogCache$LogSegmentList.getTermIndex
2022-08-08 17:04:52,046 [s2@group-B24AF063D807-StateMachineUpdater] INFO  statemachine.SimpleStateMachine4Testing (SimpleStateMachine4Testing.java:put(204)) - s2: put 17, m8 -> (t:1, i:17), STATEMACHINELOGENTRY, 178@client-6250EC404864
2022-08-08 17:04:52,046 [s2@group-B24AF063D807-LeaderStateImpl] TRACE segmented.SegmentedRaftLogCache (AutoCloseableReadWriteLock.java:logLocking(65)) - s2@group-B24AF063D807: readLock ACQUIRED 1 by SegmentedRaftLogCache.getLastTermIndex
2022-08-08 17:04:52,046 [s2@group-B24AF063D807-LeaderStateImpl] TRACE segmented.SegmentedRaftLogCache (AutoCloseableReadWriteLock.java:logLocking(65)) - s2@group-B24AF063D807: readLock RELEASED 0 by SegmentedRaftLogCache.getLastTermIndex
2022-08-08 17:04:52,046 [s2@group-B24AF063D807-LeaderStateImpl] TRACE segmented.SegmentedRaftLogCache (AutoCloseableReadWriteLock.java:logLocking(65)) - s2@group-B24AF063D807: readLock ACQUIRED 1 by SegmentedRaftLogCache$LogSegmentList.countCached
2022-08-08 17:04:52,046 [s2@group-B24AF063D807-LeaderStateImpl] TRACE segmented.SegmentedRaftLogCache (AutoCloseableReadWriteLock.java:logLocking(65)) - s2@group-B24AF063D807: readLock RELEASED 0 by SegmentedRaftLogCache$LogSegmentList.countCached
2022-08-08 17:04:52,046 [s2@group-B24AF063D807-LeaderStateImpl] TRACE segmented.SegmentedRaftLogCache (AutoCloseableReadWriteLock.java:logLocking(65)) - s2@group-B24AF063D807: readLock ACQUIRED 1 by SegmentedRaftLogCache$LogSegmentList.getTotalCacheSize
2022-08-08 17:04:52,046 [s2@group-B24AF063D807-LeaderStateImpl] TRACE segmented.SegmentedRaftLogCache (AutoCloseableReadWriteLock.java:logLocking(65)) - s2@group-B24AF063D807: readLock RELEASED 0 by SegmentedRaftLogCache$LogSegmentList.getTotalCacheSize
2022-08-08 17:04:52,047 [s2@group-B24AF063D807-LeaderStateImpl] DEBUG segmented.SegmentedRaftLogWorker (SegmentedRaftLogWorker.java:addIOTask(270)) - s2@group-B24AF063D807-SegmentedRaftLogWorker adds IO task WriteLog:18: (t:1, i:18), METADATAENTRY(c:17)
2022-08-08 17:04:52,047 [s2@group-B24AF063D807->s0-LogAppenderDefault-LogAppenderDaemon] TRACE segmented.SegmentedRaftLogCache (AutoCloseableReadWriteLock.java:logLocking(65)) - s2@group-B24AF063D807: readLock ACQUIRED 1 by SegmentedRaftLogCache.getLastTermIndex
2022-08-08 17:04:52,047 [s2@group-B24AF063D807->s0-LogAppenderDefault-LogAppenderDaemon] TRACE segmented.SegmentedRaftLogCache (AutoCloseableReadWriteLock.java:logLocking(65)) - s2@group-B24AF063D807: readLock RELEASED 0 by SegmentedRaftLogCache.getLastTermIndex
2022-08-08 17:04:52,047 [s2@group-B24AF063D807-SegmentedRaftLogWorker] DEBUG segmented.SegmentedRaftLogWorker (SegmentedRaftLogWorker.java:flushIfNecessary(365)) - s2@group-B24AF063D807-SegmentedRaftLogWorker: flush SegmentedRaftLogOutputStream(/home/runner/work/ratis/ratis/ratis-test/target/test/data/b051e71b/MiniRaftClusterWithSimulatedRpc1ec78f08/s2/0d1e7fc9-4c77-451a-91df-b24af063d807/current/log_inprogress_0)
2022-08-08 17:04:52,047 [s2@group-B24AF063D807->s0-LogAppenderDefault-LogAppenderDaemon] TRACE segmented.SegmentedRaftLogCache (AutoCloseableReadWriteLock.java:logLocking(65)) - s2@group-B24AF063D807: readLock ACQUIRED 1 by SegmentedRaftLogCache.getLastTermIndex
2022-08-08 17:04:52,047 [s2@group-B24AF063D807->s0-LogAppenderDefault-LogAppenderDaemon] TRACE segmented.SegmentedRaftLogCache (AutoCloseableReadWriteLock.java:logLocking(65)) - s2@group-B24AF063D807: readLock RELEASED 0 by SegmentedRaftLogCache.getLastTermIndex
2022-08-08 17:04:52,047 [s2@group-B24AF063D807->s0-LogAppenderDefault-LogAppenderDaemon] TRACE segmented.SegmentedRaftLogCache (AutoCloseableReadWriteLock.java:logLocking(65)) - s2@group-B24AF063D807: readLock ACQUIRED 1 by SegmentedRaftLogCache.getStartIndex
2022-08-08 17:04:52,047 [s2@group-B24AF063D807->s0-LogAppenderDefault-LogAppenderDaemon] TRACE segmented.SegmentedRaftLogCache (AutoCloseableReadWriteLock.java:logLocking(65)) -   s2@group-B24AF063D807: readLock ACQUIRED 2 by SegmentedRaftLogCache$LogSegmentList.isEmpty
2022-08-08 17:04:52,047 [s2@group-B24AF063D807->s0-LogAppenderDefault-LogAppenderDaemon] TRACE segmented.SegmentedRaftLogCache (AutoCloseableReadWriteLock.java:logLocking(65)) -   s2@group-B24AF063D807: readLock RELEASED 1 by SegmentedRaftLogCache$LogSegmentList.isEmpty
2022-08-08 17:04:52,047 [s2@group-B24AF063D807->s0-LogAppenderDefault-LogAppenderDaemon] TRACE segmented.SegmentedRaftLogCache (AutoCloseableReadWriteLock.java:logLocking(65)) - s2@group-B24AF063D807: readLock RELEASED 0 by SegmentedRaftLogCache.getStartIndex
2022-08-08 17:04:52,047 [s2@group-B24AF063D807->s0-LogAppenderDefault-LogAppenderDaemon] TRACE segmented.SegmentedRaftLogCache (AutoCloseableReadWriteLock.java:logLocking(65)) - s2@group-B24AF063D807: readLock ACQUIRED 1 by SegmentedRaftLogCache.getLastTermIndex
2022-08-08 17:04:52,047 [s2@group-B24AF063D807->s0-LogAppenderDefault-LogAppenderDaemon] TRACE segmented.SegmentedRaftLogCache (AutoCloseableReadWriteLock.java:logLocking(65)) - s2@group-B24AF063D807: readLock RELEASED 0 by SegmentedRaftLogCache.getLastTermIndex
2022-08-08 17:04:52,047 [Thread-460] TRACE segmented.SegmentedRaftLogCache (AutoCloseableReadWriteLock.java:logLocking(65)) - s0@group-B24AF063D807: readLock ACQUIRED 1 by SegmentedRaftLogCache.computeTruncateIndices
2022-08-08 17:04:52,047 [Thread-460] TRACE segmented.SegmentedRaftLogCache (AutoCloseableReadWriteLock.java:logLocking(65)) -   s0@group-B24AF063D807: readLock ACQUIRED 2 by SegmentedRaftLogCache$LogSegmentList.binarySearch
2022-08-08 17:04:52,047 [Thread-460] TRACE segmented.SegmentedRaftLogCache (AutoCloseableReadWriteLock.java:logLocking(65)) -   s0@group-B24AF063D807: readLock RELEASED 1 by SegmentedRaftLogCache$LogSegmentList.binarySearch
2022-08-08 17:04:52,047 [Thread-460] TRACE segmented.SegmentedRaftLogCache (AutoCloseableReadWriteLock.java:logLocking(65)) -   s0@group-B24AF063D807: readLock ACQUIRED 2 by SegmentedRaftLogCache$LogSegmentList.size
2022-08-08 17:04:52,047 [Thread-460] TRACE segmented.SegmentedRaftLogCache (AutoCloseableReadWriteLock.java:logLocking(65)) -   s0@group-B24AF063D807: readLock RELEASED 1 by SegmentedRaftLogCache$LogSegmentList.size
2022-08-08 17:04:52,047 [Thread-460] TRACE segmented.SegmentedRaftLogCache (AutoCloseableReadWriteLock.java:logLocking(65)) - s0@group-B24AF063D807: readLock RELEASED 0 by SegmentedRaftLogCache.computeTruncateIndices
2022-08-08 17:04:52,047 [Thread-460] DEBUG raftlog.RaftLog (SegmentedRaftLog.java:appendImpl(447)) - truncateIndex=-1, arrayIndex=0
2022-08-08 17:04:52,048 [Thread-460] TRACE segmented.SegmentedRaftLogCache (AutoCloseableReadWriteLock.java:logLocking(65)) - s0@group-B24AF063D807: readLock ACQUIRED 1 by SegmentedRaftLogCache$LogSegmentList.countCached
2022-08-08 17:04:52,048 [Thread-460] TRACE segmented.SegmentedRaftLogCache (AutoCloseableReadWriteLock.java:logLocking(65)) - s0@group-B24AF063D807: readLock RELEASED 0 by SegmentedRaftLogCache$LogSegmentList.countCached
2022-08-08 17:04:52,048 [Thread-460] TRACE segmented.SegmentedRaftLogCache (AutoCloseableReadWriteLock.java:logLocking(65)) - s0@group-B24AF063D807: readLock ACQUIRED 1 by SegmentedRaftLogCache$LogSegmentList.getTotalCacheSize
2022-08-08 17:04:52,048 [Thread-460] TRACE segmented.SegmentedRaftLogCache (AutoCloseableReadWriteLock.java:logLocking(65)) - s0@group-B24AF063D807: readLock RELEASED 0 by SegmentedRaftLogCache$LogSegmentList.getTotalCacheSize
2022-08-08 17:04:52,048 [Thread-460] DEBUG segmented.SegmentedRaftLogWorker (SegmentedRaftLogWorker.java:addIOTask(270)) - s0@group-B24AF063D807-SegmentedRaftLogWorker adds IO task WriteLog:18: (t:1, i:18), METADATAENTRY(c:17)
2022-08-08 17:04:52,048 [s0@group-B24AF063D807-SegmentedRaftLogWorker] DEBUG segmented.SegmentedRaftLogWorker (SegmentedRaftLogWorker.java:flushIfNecessary(365)) - s0@group-B24AF063D807-SegmentedRaftLogWorker: flush SegmentedRaftLogOutputStream(/home/runner/work/ratis/ratis/ratis-test/target/test/data/b051e71b/MiniRaftClusterWithSimulatedRpc1ec78f08/s0/0d1e7fc9-4c77-451a-91df-b24af063d807/current/log_inprogress_0)
2022-08-08 17:04:52,048 [s0@group-B24AF063D807-StateMachineUpdater] INFO  statemachine.SimpleStateMachine4Testing (SimpleStateMachine4Testing.java:put(204)) - s0: put 17, m8 -> (t:1, i:17), STATEMACHINELOGENTRY, 178@client-6250EC404864
2022-08-08 17:04:52,048 [s2@group-B24AF063D807->s0-LogAppenderDefault-LogAppenderDaemon] TRACE segmented.SegmentedRaftLogCache (AutoCloseableReadWriteLock.java:logLocking(65)) - s2@group-B24AF063D807: readLock ACQUIRED 1 by SegmentedRaftLogCache.getLastTermIndex
2022-08-08 17:04:52,048 [s2@group-B24AF063D807->s0-LogAppenderDefault-LogAppenderDaemon] TRACE segmented.SegmentedRaftLogCache (AutoCloseableReadWriteLock.java:logLocking(65)) - s2@group-B24AF063D807: readLock RELEASED 0 by SegmentedRaftLogCache.getLastTermIndex
2022-08-08 17:04:52,049 [s2@group-B24AF063D807->s1-LogAppenderDefault-LogAppenderDaemon] TRACE segmented.SegmentedRaftLogCache (AutoCloseableReadWriteLock.java:logLocking(65)) - s2@group-B24AF063D807: readLock ACQUIRED 1 by SegmentedRaftLogCache.getLastTermIndex
2022-08-08 17:04:52,049 [s2@group-B24AF063D807->s1-LogAppenderDefault-LogAppenderDaemon] TRACE segmented.SegmentedRaftLogCache (AutoCloseableReadWriteLock.java:logLocking(65)) - s2@group-B24AF063D807: readLock RELEASED 0 by SegmentedRaftLogCache.getLastTermIndex
2022-08-08 17:04:52,049 [s2@group-B24AF063D807->s1-LogAppenderDefault-LogAppenderDaemon] TRACE segmented.SegmentedRaftLogCache (AutoCloseableReadWriteLock.java:logLocking(65)) - s2@group-B24AF063D807: readLock ACQUIRED 1 by SegmentedRaftLogCache.getLastTermIndex
2022-08-08 17:04:52,049 [s2@group-B24AF063D807->s1-LogAppenderDefault-LogAppenderDaemon] TRACE segmented.SegmentedRaftLogCache (AutoCloseableReadWriteLock.java:logLocking(65)) - s2@group-B24AF063D807: readLock RELEASED 0 by SegmentedRaftLogCache.getLastTermIndex
2022-08-08 17:04:52,049 [s2@group-B24AF063D807->s1-LogAppenderDefault-LogAppenderDaemon] TRACE segmented.SegmentedRaftLogCache (AutoCloseableReadWriteLock.java:logLocking(65)) - s2@group-B24AF063D807: readLock ACQUIRED 1 by SegmentedRaftLogCache.getStartIndex
2022-08-08 17:04:52,049 [s2@group-B24AF063D807->s1-LogAppenderDefault-LogAppenderDaemon] TRACE segmented.SegmentedRaftLogCache (AutoCloseableReadWriteLock.java:logLocking(65)) -   s2@group-B24AF063D807: readLock ACQUIRED 2 by SegmentedRaftLogCache$LogSegmentList.isEmpty
2022-08-08 17:04:52,049 [s2@group-B24AF063D807->s1-LogAppenderDefault-LogAppenderDaemon] TRACE segmented.SegmentedRaftLogCache (AutoCloseableReadWriteLock.java:logLocking(65)) -   s2@group-B24AF063D807: readLock RELEASED 1 by SegmentedRaftLogCache$LogSegmentList.isEmpty
2022-08-08 17:04:52,049 [s2@group-B24AF063D807->s1-LogAppenderDefault-LogAppenderDaemon] TRACE segmented.SegmentedRaftLogCache (AutoCloseableReadWriteLock.java:logLocking(65)) - s2@group-B24AF063D807: readLock RELEASED 0 by SegmentedRaftLogCache.getStartIndex
2022-08-08 17:04:52,049 [s2@group-B24AF063D807->s1-LogAppenderDefault-LogAppenderDaemon] TRACE segmented.SegmentedRaftLogCache (AutoCloseableReadWriteLock.java:logLocking(65)) - s2@group-B24AF063D807: readLock ACQUIRED 1 by SegmentedRaftLogCache.getLastTermIndex
2022-08-08 17:04:52,049 [s2@group-B24AF063D807->s1-LogAppenderDefault-LogAppenderDaemon] TRACE segmented.SegmentedRaftLogCache (AutoCloseableReadWriteLock.java:logLocking(65)) - s2@group-B24AF063D807: readLock RELEASED 0 by SegmentedRaftLogCache.getLastTermIndex
2022-08-08 17:04:52,049 [Thread-467] TRACE segmented.SegmentedRaftLogCache (AutoCloseableReadWriteLock.java:logLocking(65)) - s1@group-B24AF063D807: readLock ACQUIRED 1 by SegmentedRaftLogCache.computeTruncateIndices
2022-08-08 17:04:52,049 [Thread-467] TRACE segmented.SegmentedRaftLogCache (AutoCloseableReadWriteLock.java:logLocking(65)) -   s1@group-B24AF063D807: readLock ACQUIRED 2 by SegmentedRaftLogCache$LogSegmentList.binarySearch
2022-08-08 17:04:52,049 [Thread-467] TRACE segmented.SegmentedRaftLogCache (AutoCloseableReadWriteLock.java:logLocking(65)) -   s1@group-B24AF063D807: readLock RELEASED 1 by SegmentedRaftLogCache$LogSegmentList.binarySearch
2022-08-08 17:04:52,049 [Thread-467] TRACE segmented.SegmentedRaftLogCache (AutoCloseableReadWriteLock.java:logLocking(65)) -   s1@group-B24AF063D807: readLock ACQUIRED 2 by SegmentedRaftLogCache$LogSegmentList.size
2022-08-08 17:04:52,049 [Thread-467] TRACE segmented.SegmentedRaftLogCache (AutoCloseableReadWriteLock.java:logLocking(65)) -   s1@group-B24AF063D807: readLock RELEASED 1 by SegmentedRaftLogCache$LogSegmentList.size
2022-08-08 17:04:52,049 [Thread-467] TRACE segmented.SegmentedRaftLogCache (AutoCloseableReadWriteLock.java:logLocking(65)) - s1@group-B24AF063D807: readLock RELEASED 0 by SegmentedRaftLogCache.computeTruncateIndices
2022-08-08 17:04:52,049 [Thread-467] DEBUG raftlog.RaftLog (SegmentedRaftLog.java:appendImpl(447)) - truncateIndex=-1, arrayIndex=0
2022-08-08 17:04:52,049 [Thread-467] TRACE segmented.SegmentedRaftLogCache (AutoCloseableReadWriteLock.java:logLocking(65)) - s1@group-B24AF063D807: readLock ACQUIRED 1 by SegmentedRaftLogCache$LogSegmentList.countCached
2022-08-08 17:04:52,049 [Thread-467] TRACE segmented.SegmentedRaftLogCache (AutoCloseableReadWriteLock.java:logLocking(65)) - s1@group-B24AF063D807: readLock RELEASED 0 by SegmentedRaftLogCache$LogSegmentList.countCached
2022-08-08 17:04:52,049 [Thread-467] TRACE segmented.SegmentedRaftLogCache (AutoCloseableReadWriteLock.java:logLocking(65)) - s1@group-B24AF063D807: readLock ACQUIRED 1 by SegmentedRaftLogCache$LogSegmentList.getTotalCacheSize
2022-08-08 17:04:52,049 [Thread-467] TRACE segmented.SegmentedRaftLogCache (AutoCloseableReadWriteLock.java:logLocking(65)) - s1@group-B24AF063D807: readLock RELEASED 0 by SegmentedRaftLogCache$LogSegmentList.getTotalCacheSize
2022-08-08 17:04:52,049 [Thread-467] DEBUG segmented.SegmentedRaftLogWorker (SegmentedRaftLogWorker.java:addIOTask(270)) - s1@group-B24AF063D807-SegmentedRaftLogWorker adds IO task WriteLog:18: (t:1, i:18), METADATAENTRY(c:17)
2022-08-08 17:04:52,050 [s1@group-B24AF063D807-SegmentedRaftLogWorker] DEBUG segmented.SegmentedRaftLogWorker (SegmentedRaftLogWorker.java:flushIfNecessary(365)) - s1@group-B24AF063D807-SegmentedRaftLogWorker: flush SegmentedRaftLogOutputStream(/home/runner/work/ratis/ratis/ratis-test/target/test/data/b051e71b/MiniRaftClusterWithSimulatedRpc1ec78f08/s1/0d1e7fc9-4c77-451a-91df-b24af063d807/current/log_inprogress_0)
2022-08-08 17:04:52,050 [s1@group-B24AF063D807-StateMachineUpdater] INFO  statemachine.SimpleStateMachine4Testing (SimpleStateMachine4Testing.java:put(204)) - s1: put 17, m8 -> (t:1, i:17), STATEMACHINELOGENTRY, 178@client-6250EC404864
2022-08-08 17:04:52,050 [s2@group-B24AF063D807->s1-LogAppenderDefault-LogAppenderDaemon] TRACE segmented.SegmentedRaftLogCache (AutoCloseableReadWriteLock.java:logLocking(65)) - s2@group-B24AF063D807: readLock ACQUIRED 1 by SegmentedRaftLogCache.getLastTermIndex
2022-08-08 17:04:52,050 [s2@group-B24AF063D807->s1-LogAppenderDefault-LogAppenderDaemon] TRACE segmented.SegmentedRaftLogCache (AutoCloseableReadWriteLock.java:logLocking(65)) - s2@group-B24AF063D807: readLock RELEASED 0 by SegmentedRaftLogCache.getLastTermIndex
2022-08-08 17:04:52,050 [s2@group-B24AF063D807->s0-LogAppenderDefault-LogAppenderDaemon] TRACE segmented.SegmentedRaftLogCache (AutoCloseableReadWriteLock.java:logLocking(65)) - s2@group-B24AF063D807: readLock ACQUIRED 1 by SegmentedRaftLogCache.getLastTermIndex
2022-08-08 17:04:52,050 [s2@group-B24AF063D807->s0-LogAppenderDefault-LogAppenderDaemon] TRACE segmented.SegmentedRaftLogCache (AutoCloseableReadWriteLock.java:logLocking(65)) - s2@group-B24AF063D807: readLock RELEASED 0 by SegmentedRaftLogCache.getLastTermIndex
2022-08-08 17:04:52,050 [s2@group-B24AF063D807->s0-LogAppenderDefault-LogAppenderDaemon] TRACE segmented.SegmentedRaftLogCache (AutoCloseableReadWriteLock.java:logLocking(65)) - s2@group-B24AF063D807: readLock ACQUIRED 1 by SegmentedRaftLogCache.getLastTermIndex
2022-08-08 17:04:52,050 [s2@group-B24AF063D807->s0-LogAppenderDefault-LogAppenderDaemon] TRACE segmented.SegmentedRaftLogCache (AutoCloseableReadWriteLock.java:logLocking(65)) - s2@group-B24AF063D807: readLock RELEASED 0 by SegmentedRaftLogCache.getLastTermIndex
2022-08-08 17:04:52,053 [s2@group-B24AF063D807->s1-LogAppenderDefault-LogAppenderDaemon] TRACE segmented.SegmentedRaftLogCache (AutoCloseableReadWriteLock.java:logLocking(65)) - s2@group-B24AF063D807: readLock ACQUIRED 1 by SegmentedRaftLogCache.getLastTermIndex
2022-08-08 17:04:52,053 [s2@group-B24AF063D807->s1-LogAppenderDefault-LogAppenderDaemon] TRACE segmented.SegmentedRaftLogCache (AutoCloseableReadWriteLock.java:logLocking(65)) - s2@group-B24AF063D807: readLock RELEASED 0 by SegmentedRaftLogCache.getLastTermIndex
2022-08-08 17:04:52,053 [s2@group-B24AF063D807->s1-LogAppenderDefault-LogAppenderDaemon] TRACE segmented.SegmentedRaftLogCache (AutoCloseableReadWriteLock.java:logLocking(65)) - s2@group-B24AF063D807: readLock ACQUIRED 1 by SegmentedRaftLogCache.getLastTermIndex
2022-08-08 17:04:52,053 [s2@group-B24AF063D807->s1-LogAppenderDefault-LogAppenderDaemon] TRACE segmented.SegmentedRaftLogCache (AutoCloseableReadWriteLock.java:logLocking(65)) - s2@group-B24AF063D807: readLock RELEASED 0 by SegmentedRaftLogCache.getLastTermIndex
2022-08-08 17:04:52,053 [s2@group-B24AF063D807->s0-LogAppenderDefault-LogAppenderDaemon] TRACE segmented.SegmentedRaftLogCache (AutoCloseableReadWriteLock.java:logLocking(65)) - s2@group-B24AF063D807: readLock ACQUIRED 1 by SegmentedRaftLogCache.getLastTermIndex
2022-08-08 17:04:52,053 [s2@group-B24AF063D807->s0-LogAppenderDefault-LogAppenderDaemon] TRACE segmented.SegmentedRaftLogCache (AutoCloseableReadWriteLock.java:logLocking(65)) - s2@group-B24AF063D807: readLock RELEASED 0 by SegmentedRaftLogCache.getLastTermIndex
2022-08-08 17:04:52,053 [s2@group-B24AF063D807->s0-LogAppenderDefault-LogAppenderDaemon] TRACE segmented.SegmentedRaftLogCache (AutoCloseableReadWriteLock.java:logLocking(65)) - s2@group-B24AF063D807: readLock ACQUIRED 1 by SegmentedRaftLogCache.getLastTermIndex
2022-08-08 17:04:52,053 [s2@group-B24AF063D807->s0-LogAppenderDefault-LogAppenderDaemon] TRACE segmented.SegmentedRaftLogCache (AutoCloseableReadWriteLock.java:logLocking(65)) - s2@group-B24AF063D807: readLock RELEASED 0 by SegmentedRaftLogCache.getLastTermIndex
2022-08-08 17:04:52,053 [s2@group-B24AF063D807->s1-LogAppenderDefault-LogAppenderDaemon] TRACE segmented.SegmentedRaftLogCache (AutoCloseableReadWriteLock.java:logLocking(65)) - s2@group-B24AF063D807: readLock ACQUIRED 1 by SegmentedRaftLogCache.getLastTermIndex
2022-08-08 17:04:52,053 [s2@group-B24AF063D807->s1-LogAppenderDefault-LogAppenderDaemon] TRACE segmented.SegmentedRaftLogCache (AutoCloseableReadWriteLock.java:logLocking(65)) - s2@group-B24AF063D807: readLock RELEASED 0 by SegmentedRaftLogCache.getLastTermIndex
2022-08-08 17:04:52,053 [s2@group-B24AF063D807->s1-LogAppenderDefault-LogAppenderDaemon] TRACE segmented.SegmentedRaftLogCache (AutoCloseableReadWriteLock.java:logLocking(65)) - s2@group-B24AF063D807: readLock ACQUIRED 1 by SegmentedRaftLogCache.getLastTermIndex
2022-08-08 17:04:52,053 [s2@group-B24AF063D807->s1-LogAppenderDefault-LogAppenderDaemon] TRACE segmented.SegmentedRaftLogCache (AutoCloseableReadWriteLock.java:logLocking(65)) - s2@group-B24AF063D807: readLock RELEASED 0 by SegmentedRaftLogCache.getLastTermIndex
2022-08-08 17:04:52,054 [s2@group-B24AF063D807-LeaderStateImpl] TRACE segmented.SegmentedRaftLogCache (AutoCloseableReadWriteLock.java:logLocking(65)) - s2@group-B24AF063D807: readLock ACQUIRED 1 by SegmentedRaftLogCache.getStartIndex
2022-08-08 17:04:52,054 [s2@group-B24AF063D807-LeaderStateImpl] TRACE segmented.SegmentedRaftLogCache (AutoCloseableReadWriteLock.java:logLocking(65)) -   s2@group-B24AF063D807: readLock ACQUIRED 2 by SegmentedRaftLogCache$LogSegmentList.isEmpty
2022-08-08 17:04:52,054 [s2@group-B24AF063D807-LeaderStateImpl] TRACE segmented.SegmentedRaftLogCache (AutoCloseableReadWriteLock.java:logLocking(65)) -   s2@group-B24AF063D807: readLock RELEASED 1 by SegmentedRaftLogCache$LogSegmentList.isEmpty
2022-08-08 17:04:52,054 [s2@group-B24AF063D807-LeaderStateImpl] TRACE segmented.SegmentedRaftLogCache (AutoCloseableReadWriteLock.java:logLocking(65)) - s2@group-B24AF063D807: readLock RELEASED 0 by SegmentedRaftLogCache.getStartIndex
2022-08-08 17:04:52,054 [s2@group-B24AF063D807-LeaderStateImpl] TRACE segmented.SegmentedRaftLogCache (AutoCloseableReadWriteLock.java:logLocking(65)) - s2@group-B24AF063D807: readLock ACQUIRED 1 by SegmentedRaftLogCache.getEndIndex
2022-08-08 17:04:52,054 [s2@group-B24AF063D807-LeaderStateImpl] TRACE segmented.SegmentedRaftLogCache (AutoCloseableReadWriteLock.java:logLocking(65)) - s2@group-B24AF063D807: readLock RELEASED 0 by SegmentedRaftLogCache.getEndIndex
2022-08-08 17:04:52,054 [s2@group-B24AF063D807-LeaderStateImpl] TRACE segmented.SegmentedRaftLogCache (AutoCloseableReadWriteLock.java:logLocking(65)) - s2@group-B24AF063D807: readLock ACQUIRED 1 by SegmentedRaftLogCache$LogSegmentList.getTermIndex
2022-08-08 17:04:52,054 [s2@group-B24AF063D807-LeaderStateImpl] TRACE segmented.SegmentedRaftLogCache (AutoCloseableReadWriteLock.java:logLocking(65)) - s2@group-B24AF063D807: readLock RELEASED 0 by SegmentedRaftLogCache$LogSegmentList.getTermIndex
2022-08-08 17:04:52,054 [s2@group-B24AF063D807->s0-LogAppenderDefault-LogAppenderDaemon] TRACE segmented.SegmentedRaftLogCache (AutoCloseableReadWriteLock.java:logLocking(65)) - s2@group-B24AF063D807: readLock ACQUIRED 1 by SegmentedRaftLogCache.getLastTermIndex
2022-08-08 17:04:52,054 [s2@group-B24AF063D807->s0-LogAppenderDefault-LogAppenderDaemon] TRACE segmented.SegmentedRaftLogCache (AutoCloseableReadWriteLock.java:logLocking(65)) - s2@group-B24AF063D807: readLock RELEASED 0 by SegmentedRaftLogCache.getLastTermIndex
2022-08-08 17:04:52,054 [s2@group-B24AF063D807->s0-LogAppenderDefault-LogAppenderDaemon] TRACE segmented.SegmentedRaftLogCache (AutoCloseableReadWriteLock.java:logLocking(65)) - s2@group-B24AF063D807: readLock ACQUIRED 1 by SegmentedRaftLogCache.getLastTermIndex
2022-08-08 17:04:52,054 [s2@group-B24AF063D807->s0-LogAppenderDefault-LogAppenderDaemon] TRACE segmented.SegmentedRaftLogCache (AutoCloseableReadWriteLock.java:logLocking(65)) - s2@group-B24AF063D807: readLock RELEASED 0 by SegmentedRaftLogCache.getLastTermIndex
2022-08-08 17:04:52,054 [s2@group-B24AF063D807->s1-LogAppenderDefault-LogAppenderDaemon] TRACE segmented.SegmentedRaftLogCache (AutoCloseableReadWriteLock.java:logLocking(65)) - s2@group-B24AF063D807: readLock ACQUIRED 1 by SegmentedRaftLogCache.getLastTermIndex
2022-08-08 17:04:52,054 [s2@group-B24AF063D807->s1-LogAppenderDefault-LogAppenderDaemon] TRACE segmented.SegmentedRaftLogCache (AutoCloseableReadWriteLock.java:logLocking(65)) - s2@group-B24AF063D807: readLock RELEASED 0 by SegmentedRaftLogCache.getLastTermIndex
2022-08-08 17:04:52,054 [s2@group-B24AF063D807->s1-LogAppenderDefault-LogAppenderDaemon] TRACE segmented.SegmentedRaftLogCache (AutoCloseableReadWriteLock.java:logLocking(65)) - s2@group-B24AF063D807: readLock ACQUIRED 1 by SegmentedRaftLogCache.getLastTermIndex
2022-08-08 17:04:52,054 [s2@group-B24AF063D807->s1-LogAppenderDefault-LogAppenderDaemon] TRACE segmented.SegmentedRaftLogCache (AutoCloseableReadWriteLock.java:logLocking(65)) - s2@group-B24AF063D807: readLock RELEASED 0 by SegmentedRaftLogCache.getLastTermIndex
2022-08-08 17:04:52,055 [s2@group-B24AF063D807->s0-LogAppenderDefault-LogAppenderDaemon] TRACE segmented.SegmentedRaftLogCache (AutoCloseableReadWriteLock.java:logLocking(65)) - s2@group-B24AF063D807: readLock ACQUIRED 1 by SegmentedRaftLogCache.getLastTermIndex
2022-08-08 17:04:52,055 [s2@group-B24AF063D807->s0-LogAppenderDefault-LogAppenderDaemon] TRACE segmented.SegmentedRaftLogCache (AutoCloseableReadWriteLock.java:logLocking(65)) - s2@group-B24AF063D807: readLock RELEASED 0 by SegmentedRaftLogCache.getLastTermIndex
2022-08-08 17:04:52,055 [s2@group-B24AF063D807->s0-LogAppenderDefault-LogAppenderDaemon] TRACE segmented.SegmentedRaftLogCache (AutoCloseableReadWriteLock.java:logLocking(65)) - s2@group-B24AF063D807: readLock ACQUIRED 1 by SegmentedRaftLogCache.getLastTermIndex
2022-08-08 17:04:52,055 [s2@group-B24AF063D807->s0-LogAppenderDefault-LogAppenderDaemon] TRACE segmented.SegmentedRaftLogCache (AutoCloseableReadWriteLock.java:logLocking(65)) - s2@group-B24AF063D807: readLock RELEASED 0 by SegmentedRaftLogCache.getLastTermIndex
2022-08-08 17:04:52,055 [s2@group-B24AF063D807->s1-LogAppenderDefault-LogAppenderDaemon] TRACE segmented.SegmentedRaftLogCache (AutoCloseableReadWriteLock.java:logLocking(65)) - s2@group-B24AF063D807: readLock ACQUIRED 1 by SegmentedRaftLogCache.getLastTermIndex
2022-08-08 17:04:52,055 [s2@group-B24AF063D807->s1-LogAppenderDefault-LogAppenderDaemon] TRACE segmented.SegmentedRaftLogCache (AutoCloseableReadWriteLock.java:logLocking(65)) - s2@group-B24AF063D807: readLock RELEASED 0 by SegmentedRaftLogCache.getLastTermIndex
2022-08-08 17:04:52,055 [s2@group-B24AF063D807->s1-LogAppenderDefault-LogAppenderDaemon] TRACE segmented.SegmentedRaftLogCache (AutoCloseableReadWriteLock.java:logLocking(65)) - s2@group-B24AF063D807: readLock ACQUIRED 1 by SegmentedRaftLogCache.getLastTermIndex
2022-08-08 17:04:52,055 [s2@group-B24AF063D807->s1-LogAppenderDefault-LogAppenderDaemon] TRACE segmented.SegmentedRaftLogCache (AutoCloseableReadWriteLock.java:logLocking(65)) - s2@group-B24AF063D807: readLock RELEASED 0 by SegmentedRaftLogCache.getLastTermIndex
2022-08-08 17:04:52,055 [s2-client-thread1] TRACE segmented.SegmentedRaftLogCache (AutoCloseableReadWriteLock.java:logLocking(65)) - s2@group-B24AF063D807: readLock ACQUIRED 1 by SegmentedRaftLogCache.getLastTermIndex
2022-08-08 17:04:52,055 [s2-client-thread1] TRACE segmented.SegmentedRaftLogCache (AutoCloseableReadWriteLock.java:logLocking(65)) - s2@group-B24AF063D807: readLock RELEASED 0 by SegmentedRaftLogCache.getLastTermIndex
2022-08-08 17:04:52,055 [s2-client-thread1] TRACE segmented.SegmentedRaftLogCache (AutoCloseableReadWriteLock.java:logLocking(65)) - s2@group-B24AF063D807: readLock ACQUIRED 1 by SegmentedRaftLogCache.getLastTermIndex
2022-08-08 17:04:52,055 [s2-client-thread1] TRACE segmented.SegmentedRaftLogCache (AutoCloseableReadWriteLock.java:logLocking(65)) - s2@group-B24AF063D807: readLock RELEASED 0 by SegmentedRaftLogCache.getLastTermIndex
2022-08-08 17:04:52,055 [s2-client-thread1] TRACE segmented.SegmentedRaftLogCache (AutoCloseableReadWriteLock.java:logLocking(65)) - s2@group-B24AF063D807: readLock ACQUIRED 1 by SegmentedRaftLogCache$LogSegmentList.countCached
2022-08-08 17:04:52,055 [s2-client-thread1] TRACE segmented.SegmentedRaftLogCache (AutoCloseableReadWriteLock.java:logLocking(65)) - s2@group-B24AF063D807: readLock RELEASED 0 by SegmentedRaftLogCache$LogSegmentList.countCached
2022-08-08 17:04:52,056 [s2-client-thread1] TRACE segmented.SegmentedRaftLogCache (AutoCloseableReadWriteLock.java:logLocking(65)) - s2@group-B24AF063D807: readLock ACQUIRED 1 by SegmentedRaftLogCache$LogSegmentList.getTotalCacheSize
2022-08-08 17:04:52,056 [s2-client-thread1] TRACE segmented.SegmentedRaftLogCache (AutoCloseableReadWriteLock.java:logLocking(65)) - s2@group-B24AF063D807: readLock RELEASED 0 by SegmentedRaftLogCache$LogSegmentList.getTotalCacheSize
2022-08-08 17:04:52,056 [s2-client-thread1] DEBUG segmented.SegmentedRaftLogWorker (SegmentedRaftLogWorker.java:addIOTask(270)) - s2@group-B24AF063D807-SegmentedRaftLogWorker adds IO task WriteLog:19: (t:1, i:19), STATEMACHINELOGENTRY, StateMachineLogEntryProto:183@client-6250EC404864
2022-08-08 17:04:52,056 [s2@group-B24AF063D807->s0-LogAppenderDefault-LogAppenderDaemon] TRACE segmented.SegmentedRaftLogCache (AutoCloseableReadWriteLock.java:logLocking(65)) - s2@group-B24AF063D807: readLock ACQUIRED 1 by SegmentedRaftLogCache.getLastTermIndex
2022-08-08 17:04:52,056 [s2@group-B24AF063D807->s0-LogAppenderDefault-LogAppenderDaemon] TRACE segmented.SegmentedRaftLogCache (AutoCloseableReadWriteLock.java:logLocking(65)) - s2@group-B24AF063D807: readLock RELEASED 0 by SegmentedRaftLogCache.getLastTermIndex
2022-08-08 17:04:52,056 [s2@group-B24AF063D807-SegmentedRaftLogWorker] DEBUG segmented.SegmentedRaftLogWorker (SegmentedRaftLogWorker.java:flushIfNecessary(365)) - s2@group-B24AF063D807-SegmentedRaftLogWorker: flush SegmentedRaftLogOutputStream(/home/runner/work/ratis/ratis/ratis-test/target/test/data/b051e71b/MiniRaftClusterWithSimulatedRpc1ec78f08/s2/0d1e7fc9-4c77-451a-91df-b24af063d807/current/log_inprogress_0)
2022-08-08 17:04:52,056 [s2@group-B24AF063D807->s1-LogAppenderDefault-LogAppenderDaemon] TRACE segmented.SegmentedRaftLogCache (AutoCloseableReadWriteLock.java:logLocking(65)) -   s2@group-B24AF063D807: readLock ACQUIRED 2 by SegmentedRaftLogCache.getLastTermIndex
2022-08-08 17:04:52,056 [s2@group-B24AF063D807->s1-LogAppenderDefault-LogAppenderDaemon] TRACE segmented.SegmentedRaftLogCache (AutoCloseableReadWriteLock.java:logLocking(65)) -   s2@group-B24AF063D807: readLock RELEASED 1 by SegmentedRaftLogCache.getLastTermIndex
2022-08-08 17:04:52,056 [s2@group-B24AF063D807->s1-LogAppenderDefault-LogAppenderDaemon] TRACE segmented.SegmentedRaftLogCache (AutoCloseableReadWriteLock.java:logLocking(65)) -   s2@group-B24AF063D807: readLock ACQUIRED 2 by SegmentedRaftLogCache.getLastTermIndex
2022-08-08 17:04:52,057 [s2@group-B24AF063D807->s1-LogAppenderDefault-LogAppenderDaemon] TRACE segmented.SegmentedRaftLogCache (AutoCloseableReadWriteLock.java:logLocking(65)) -   s2@group-B24AF063D807: readLock RELEASED 1 by SegmentedRaftLogCache.getLastTermIndex
2022-08-08 17:04:52,057 [s2@group-B24AF063D807->s1-LogAppenderDefault-LogAppenderDaemon] TRACE segmented.SegmentedRaftLogCache (AutoCloseableReadWriteLock.java:logLocking(65)) -   s2@group-B24AF063D807: readLock ACQUIRED 2 by SegmentedRaftLogCache.getStartIndex
2022-08-08 17:04:52,057 [s2@group-B24AF063D807->s1-LogAppenderDefault-LogAppenderDaemon] TRACE segmented.SegmentedRaftLogCache (AutoCloseableReadWriteLock.java:logLocking(65)) -     s2@group-B24AF063D807: readLock ACQUIRED 3 by SegmentedRaftLogCache$LogSegmentList.isEmpty
2022-08-08 17:04:52,057 [s2@group-B24AF063D807->s1-LogAppenderDefault-LogAppenderDaemon] TRACE segmented.SegmentedRaftLogCache (AutoCloseableReadWriteLock.java:logLocking(65)) -     s2@group-B24AF063D807: readLock RELEASED 2 by SegmentedRaftLogCache$LogSegmentList.isEmpty
2022-08-08 17:04:52,057 [s2@group-B24AF063D807->s1-LogAppenderDefault-LogAppenderDaemon] TRACE segmented.SegmentedRaftLogCache (AutoCloseableReadWriteLock.java:logLocking(65)) -   s2@group-B24AF063D807: readLock RELEASED 1 by SegmentedRaftLogCache.getStartIndex
2022-08-08 17:04:52,057 [s2@group-B24AF063D807->s1-LogAppenderDefault-LogAppenderDaemon] TRACE segmented.SegmentedRaftLogCache (AutoCloseableReadWriteLock.java:logLocking(65)) -   s2@group-B24AF063D807: readLock ACQUIRED 2 by SegmentedRaftLogCache.getLastTermIndex
2022-08-08 17:04:52,057 [s2@group-B24AF063D807->s1-LogAppenderDefault-LogAppenderDaemon] TRACE segmented.SegmentedRaftLogCache (AutoCloseableReadWriteLock.java:logLocking(65)) -   s2@group-B24AF063D807: readLock RELEASED 1 by SegmentedRaftLogCache.getLastTermIndex
2022-08-08 17:04:52,057 [Thread-468] TRACE segmented.SegmentedRaftLogCache (AutoCloseableReadWriteLock.java:logLocking(65)) - s1@group-B24AF063D807: readLock ACQUIRED 1 by SegmentedRaftLogCache.computeTruncateIndices
2022-08-08 17:04:52,057 [Thread-468] TRACE segmented.SegmentedRaftLogCache (AutoCloseableReadWriteLock.java:logLocking(65)) -   s1@group-B24AF063D807: readLock ACQUIRED 2 by SegmentedRaftLogCache$LogSegmentList.binarySearch
2022-08-08 17:04:52,057 [Thread-468] TRACE segmented.SegmentedRaftLogCache (AutoCloseableReadWriteLock.java:logLocking(65)) -   s1@group-B24AF063D807: readLock RELEASED 1 by SegmentedRaftLogCache$LogSegmentList.binarySearch
2022-08-08 17:04:52,057 [Thread-468] TRACE segmented.SegmentedRaftLogCache (AutoCloseableReadWriteLock.java:logLocking(65)) -   s1@group-B24AF063D807: readLock ACQUIRED 2 by SegmentedRaftLogCache$LogSegmentList.size
2022-08-08 17:04:52,057 [Thread-468] TRACE segmented.SegmentedRaftLogCache (AutoCloseableReadWriteLock.java:logLocking(65)) -   s1@group-B24AF063D807: readLock RELEASED 1 by SegmentedRaftLogCache$LogSegmentList.size
2022-08-08 17:04:52,057 [Thread-468] TRACE segmented.SegmentedRaftLogCache (AutoCloseableReadWriteLock.java:logLocking(65)) - s1@group-B24AF063D807: readLock RELEASED 0 by SegmentedRaftLogCache.computeTruncateIndices
2022-08-08 17:04:52,057 [Thread-468] DEBUG raftlog.RaftLog (SegmentedRaftLog.java:appendImpl(447)) - truncateIndex=-1, arrayIndex=0
2022-08-08 17:04:52,057 [Thread-468] TRACE segmented.SegmentedRaftLogCache (AutoCloseableReadWriteLock.java:logLocking(65)) - s1@group-B24AF063D807: readLock ACQUIRED 1 by SegmentedRaftLogCache.getLastTermIndex
2022-08-08 17:04:52,057 [Thread-468] TRACE segmented.SegmentedRaftLogCache (AutoCloseableReadWriteLock.java:logLocking(65)) - s1@group-B24AF063D807: readLock RELEASED 0 by SegmentedRaftLogCache.getLastTermIndex
2022-08-08 17:04:52,057 [Thread-468] TRACE segmented.SegmentedRaftLogCache (AutoCloseableReadWriteLock.java:logLocking(65)) - s1@group-B24AF063D807: readLock ACQUIRED 1 by SegmentedRaftLogCache$LogSegmentList.countCached
2022-08-08 17:04:52,057 [Thread-468] TRACE segmented.SegmentedRaftLogCache (AutoCloseableReadWriteLock.java:logLocking(65)) - s1@group-B24AF063D807: readLock RELEASED 0 by SegmentedRaftLogCache$LogSegmentList.countCached
2022-08-08 17:04:52,057 [Thread-468] TRACE segmented.SegmentedRaftLogCache (AutoCloseableReadWriteLock.java:logLocking(65)) - s1@group-B24AF063D807: readLock ACQUIRED 1 by SegmentedRaftLogCache$LogSegmentList.getTotalCacheSize
2022-08-08 17:04:52,057 [Thread-468] TRACE segmented.SegmentedRaftLogCache (AutoCloseableReadWriteLock.java:logLocking(65)) - s1@group-B24AF063D807: readLock RELEASED 0 by SegmentedRaftLogCache$LogSegmentList.getTotalCacheSize
2022-08-08 17:04:52,058 [Thread-468] DEBUG segmented.SegmentedRaftLogWorker (SegmentedRaftLogWorker.java:addIOTask(270)) - s1@group-B24AF063D807-SegmentedRaftLogWorker adds IO task WriteLog:19: (t:1, i:19), STATEMACHINELOGENTRY, StateMachineLogEntryProto:183@client-6250EC404864
2022-08-08 17:04:52,058 [s1@group-B24AF063D807-SegmentedRaftLogWorker] DEBUG segmented.SegmentedRaftLogWorker (SegmentedRaftLogWorker.java:flushIfNecessary(365)) - s1@group-B24AF063D807-SegmentedRaftLogWorker: flush SegmentedRaftLogOutputStream(/home/runner/work/ratis/ratis/ratis-test/target/test/data/b051e71b/MiniRaftClusterWithSimulatedRpc1ec78f08/s1/0d1e7fc9-4c77-451a-91df-b24af063d807/current/log_inprogress_0)
2022-08-08 17:04:52,056 [s2@group-B24AF063D807->s0-LogAppenderDefault-LogAppenderDaemon] TRACE segmented.SegmentedRaftLogCache (AutoCloseableReadWriteLock.java:logLocking(65)) - s2@group-B24AF063D807: readLock ACQUIRED 1 by SegmentedRaftLogCache.getLastTermIndex
2022-08-08 17:04:52,058 [s2@group-B24AF063D807->s0-LogAppenderDefault-LogAppenderDaemon] TRACE segmented.SegmentedRaftLogCache (AutoCloseableReadWriteLock.java:logLocking(65)) - s2@group-B24AF063D807: readLock RELEASED 0 by SegmentedRaftLogCache.getLastTermIndex
2022-08-08 17:04:52,058 [s2@group-B24AF063D807->s0-LogAppenderDefault-LogAppenderDaemon] TRACE segmented.SegmentedRaftLogCache (AutoCloseableReadWriteLock.java:logLocking(65)) - s2@group-B24AF063D807: readLock ACQUIRED 1 by SegmentedRaftLogCache.getStartIndex
2022-08-08 17:04:52,058 [s2@group-B24AF063D807->s0-LogAppenderDefault-LogAppenderDaemon] TRACE segmented.SegmentedRaftLogCache (AutoCloseableReadWriteLock.java:logLocking(65)) -   s2@group-B24AF063D807: readLock ACQUIRED 2 by SegmentedRaftLogCache$LogSegmentList.isEmpty
2022-08-08 17:04:52,058 [s2@group-B24AF063D807->s0-LogAppenderDefault-LogAppenderDaemon] TRACE segmented.SegmentedRaftLogCache (AutoCloseableReadWriteLock.java:logLocking(65)) -   s2@group-B24AF063D807: readLock RELEASED 1 by SegmentedRaftLogCache$LogSegmentList.isEmpty
2022-08-08 17:04:52,058 [s2@group-B24AF063D807->s0-LogAppenderDefault-LogAppenderDaemon] TRACE segmented.SegmentedRaftLogCache (AutoCloseableReadWriteLock.java:logLocking(65)) - s2@group-B24AF063D807: readLock RELEASED 0 by SegmentedRaftLogCache.getStartIndex
2022-08-08 17:04:52,058 [s2@group-B24AF063D807->s0-LogAppenderDefault-LogAppenderDaemon] TRACE segmented.SegmentedRaftLogCache (AutoCloseableReadWriteLock.java:logLocking(65)) - s2@group-B24AF063D807: readLock ACQUIRED 1 by SegmentedRaftLogCache.getLastTermIndex
2022-08-08 17:04:52,058 [s2@group-B24AF063D807->s0-LogAppenderDefault-LogAppenderDaemon] TRACE segmented.SegmentedRaftLogCache (AutoCloseableReadWriteLock.java:logLocking(65)) - s2@group-B24AF063D807: readLock RELEASED 0 by SegmentedRaftLogCache.getLastTermIndex
2022-08-08 17:04:52,058 [Thread-461] TRACE segmented.SegmentedRaftLogCache (AutoCloseableReadWriteLock.java:logLocking(65)) - s0@group-B24AF063D807: readLock ACQUIRED 1 by SegmentedRaftLogCache.computeTruncateIndices
2022-08-08 17:04:52,058 [Thread-461] TRACE segmented.SegmentedRaftLogCache (AutoCloseableReadWriteLock.java:logLocking(65)) -   s0@group-B24AF063D807: readLock ACQUIRED 2 by SegmentedRaftLogCache$LogSegmentList.binarySearch
2022-08-08 17:04:52,058 [Thread-461] TRACE segmented.SegmentedRaftLogCache (AutoCloseableReadWriteLock.java:logLocking(65)) -   s0@group-B24AF063D807: readLock RELEASED 1 by SegmentedRaftLogCache$LogSegmentList.binarySearch
2022-08-08 17:04:52,058 [Thread-461] TRACE segmented.SegmentedRaftLogCache (AutoCloseableReadWriteLock.java:logLocking(65)) -   s0@group-B24AF063D807: readLock ACQUIRED 2 by SegmentedRaftLogCache$LogSegmentList.size
2022-08-08 17:04:52,059 [Thread-461] TRACE segmented.SegmentedRaftLogCache (AutoCloseableReadWriteLock.java:logLocking(65)) -   s0@group-B24AF063D807: readLock RELEASED 1 by SegmentedRaftLogCache$LogSegmentList.size
2022-08-08 17:04:52,059 [Thread-461] TRACE segmented.SegmentedRaftLogCache (AutoCloseableReadWriteLock.java:logLocking(65)) - s0@group-B24AF063D807: readLock RELEASED 0 by SegmentedRaftLogCache.computeTruncateIndices
2022-08-08 17:04:52,059 [Thread-461] DEBUG raftlog.RaftLog (SegmentedRaftLog.java:appendImpl(447)) - truncateIndex=-1, arrayIndex=0
2022-08-08 17:04:52,059 [Thread-461] TRACE segmented.SegmentedRaftLogCache (AutoCloseableReadWriteLock.java:logLocking(65)) - s0@group-B24AF063D807: readLock ACQUIRED 1 by SegmentedRaftLogCache.getLastTermIndex
2022-08-08 17:04:52,059 [Thread-461] TRACE segmented.SegmentedRaftLogCache (AutoCloseableReadWriteLock.java:logLocking(65)) - s0@group-B24AF063D807: readLock RELEASED 0 by SegmentedRaftLogCache.getLastTermIndex
2022-08-08 17:04:52,059 [Thread-461] TRACE segmented.SegmentedRaftLogCache (AutoCloseableReadWriteLock.java:logLocking(65)) - s0@group-B24AF063D807: readLock ACQUIRED 1 by SegmentedRaftLogCache$LogSegmentList.countCached
2022-08-08 17:04:52,059 [Thread-461] TRACE segmented.SegmentedRaftLogCache (AutoCloseableReadWriteLock.java:logLocking(65)) - s0@group-B24AF063D807: readLock RELEASED 0 by SegmentedRaftLogCache$LogSegmentList.countCached
2022-08-08 17:04:52,059 [Thread-461] TRACE segmented.SegmentedRaftLogCache (AutoCloseableReadWriteLock.java:logLocking(65)) - s0@group-B24AF063D807: readLock ACQUIRED 1 by SegmentedRaftLogCache$LogSegmentList.getTotalCacheSize
2022-08-08 17:04:52,059 [Thread-461] TRACE segmented.SegmentedRaftLogCache (AutoCloseableReadWriteLock.java:logLocking(65)) - s0@group-B24AF063D807: readLock RELEASED 0 by SegmentedRaftLogCache$LogSegmentList.getTotalCacheSize
2022-08-08 17:04:52,059 [Thread-461] DEBUG segmented.SegmentedRaftLogWorker (SegmentedRaftLogWorker.java:addIOTask(270)) - s0@group-B24AF063D807-SegmentedRaftLogWorker adds IO task WriteLog:19: (t:1, i:19), STATEMACHINELOGENTRY, StateMachineLogEntryProto:183@client-6250EC404864
2022-08-08 17:04:52,059 [s0@group-B24AF063D807-SegmentedRaftLogWorker] DEBUG segmented.SegmentedRaftLogWorker (SegmentedRaftLogWorker.java:flushIfNecessary(365)) - s0@group-B24AF063D807-SegmentedRaftLogWorker: flush SegmentedRaftLogOutputStream(/home/runner/work/ratis/ratis/ratis-test/target/test/data/b051e71b/MiniRaftClusterWithSimulatedRpc1ec78f08/s0/0d1e7fc9-4c77-451a-91df-b24af063d807/current/log_inprogress_0)
2022-08-08 17:04:52,059 [s2@group-B24AF063D807->s1-LogAppenderDefault-LogAppenderDaemon] TRACE segmented.SegmentedRaftLogCache (AutoCloseableReadWriteLock.java:logLocking(65)) - s2@group-B24AF063D807: readLock ACQUIRED 1 by SegmentedRaftLogCache.getLastTermIndex
2022-08-08 17:04:52,059 [s2@group-B24AF063D807->s1-LogAppenderDefault-LogAppenderDaemon] TRACE segmented.SegmentedRaftLogCache (AutoCloseableReadWriteLock.java:logLocking(65)) - s2@group-B24AF063D807: readLock RELEASED 0 by SegmentedRaftLogCache.getLastTermIndex
2022-08-08 17:04:52,060 [s2@group-B24AF063D807->s0-LogAppenderDefault-LogAppenderDaemon] TRACE segmented.SegmentedRaftLogCache (AutoCloseableReadWriteLock.java:logLocking(65)) - s2@group-B24AF063D807: readLock ACQUIRED 1 by SegmentedRaftLogCache.getLastTermIndex
2022-08-08 17:04:52,060 [s2@group-B24AF063D807->s0-LogAppenderDefault-LogAppenderDaemon] TRACE segmented.SegmentedRaftLogCache (AutoCloseableReadWriteLock.java:logLocking(65)) - s2@group-B24AF063D807: readLock RELEASED 0 by SegmentedRaftLogCache.getLastTermIndex
2022-08-08 17:04:52,060 [s2@group-B24AF063D807->s1-LogAppenderDefault-LogAppenderDaemon] TRACE segmented.SegmentedRaftLogCache (AutoCloseableReadWriteLock.java:logLocking(65)) - s2@group-B24AF063D807: readLock ACQUIRED 1 by SegmentedRaftLogCache.getLastTermIndex
2022-08-08 17:04:52,060 [s2@group-B24AF063D807->s1-LogAppenderDefault-LogAppenderDaemon] TRACE segmented.SegmentedRaftLogCache (AutoCloseableReadWriteLock.java:logLocking(65)) - s2@group-B24AF063D807: readLock RELEASED 0 by SegmentedRaftLogCache.getLastTermIndex
2022-08-08 17:04:52,060 [s2@group-B24AF063D807->s1-LogAppenderDefault-LogAppenderDaemon] TRACE segmented.SegmentedRaftLogCache (AutoCloseableReadWriteLock.java:logLocking(65)) - s2@group-B24AF063D807: readLock ACQUIRED 1 by SegmentedRaftLogCache.getLastTermIndex
2022-08-08 17:04:52,060 [s2@group-B24AF063D807->s1-LogAppenderDefault-LogAppenderDaemon] TRACE segmented.SegmentedRaftLogCache (AutoCloseableReadWriteLock.java:logLocking(65)) - s2@group-B24AF063D807: readLock RELEASED 0 by SegmentedRaftLogCache.getLastTermIndex
2022-08-08 17:04:52,060 [s2@group-B24AF063D807-LeaderStateImpl] TRACE segmented.SegmentedRaftLogCache (AutoCloseableReadWriteLock.java:logLocking(65)) - s2@group-B24AF063D807: readLock ACQUIRED 1 by SegmentedRaftLogCache.getStartIndex
2022-08-08 17:04:52,060 [s2@group-B24AF063D807-LeaderStateImpl] TRACE segmented.SegmentedRaftLogCache (AutoCloseableReadWriteLock.java:logLocking(65)) -   s2@group-B24AF063D807: readLock ACQUIRED 2 by SegmentedRaftLogCache$LogSegmentList.isEmpty
2022-08-08 17:04:52,060 [s2@group-B24AF063D807-LeaderStateImpl] TRACE segmented.SegmentedRaftLogCache (AutoCloseableReadWriteLock.java:logLocking(65)) -   s2@group-B24AF063D807: readLock RELEASED 1 by SegmentedRaftLogCache$LogSegmentList.isEmpty
2022-08-08 17:04:52,060 [s2@group-B24AF063D807-LeaderStateImpl] TRACE segmented.SegmentedRaftLogCache (AutoCloseableReadWriteLock.java:logLocking(65)) - s2@group-B24AF063D807: readLock RELEASED 0 by SegmentedRaftLogCache.getStartIndex
2022-08-08 17:04:52,060 [s2@group-B24AF063D807-LeaderStateImpl] TRACE segmented.SegmentedRaftLogCache (AutoCloseableReadWriteLock.java:logLocking(65)) - s2@group-B24AF063D807: readLock ACQUIRED 1 by SegmentedRaftLogCache.getEndIndex
2022-08-08 17:04:52,060 [s2@group-B24AF063D807-LeaderStateImpl] TRACE segmented.SegmentedRaftLogCache (AutoCloseableReadWriteLock.java:logLocking(65)) - s2@group-B24AF063D807: readLock RELEASED 0 by SegmentedRaftLogCache.getEndIndex
2022-08-08 17:04:52,060 [s2@group-B24AF063D807-LeaderStateImpl] TRACE segmented.SegmentedRaftLogCache (AutoCloseableReadWriteLock.java:logLocking(65)) - s2@group-B24AF063D807: readLock ACQUIRED 1 by SegmentedRaftLogCache$LogSegmentList.getTermIndex
2022-08-08 17:04:52,060 [s2@group-B24AF063D807-LeaderStateImpl] TRACE segmented.SegmentedRaftLogCache (AutoCloseableReadWriteLock.java:logLocking(65)) - s2@group-B24AF063D807: readLock RELEASED 0 by SegmentedRaftLogCache$LogSegmentList.getTermIndex
2022-08-08 17:04:52,060 [s2@group-B24AF063D807-StateMachineUpdater] INFO  statemachine.SimpleStateMachine4Testing (SimpleStateMachine4Testing.java:put(204)) - s2: put 19, m9 -> (t:1, i:19), STATEMACHINELOGENTRY, 183@client-6250EC404864
2022-08-08 17:04:52,061 [s2@group-B24AF063D807-LeaderStateImpl] TRACE segmented.SegmentedRaftLogCache (AutoCloseableReadWriteLock.java:logLocking(65)) - s2@group-B24AF063D807: readLock ACQUIRED 1 by SegmentedRaftLogCache.getLastTermIndex
2022-08-08 17:04:52,061 [s2@group-B24AF063D807-LeaderStateImpl] TRACE segmented.SegmentedRaftLogCache (AutoCloseableReadWriteLock.java:logLocking(65)) - s2@group-B24AF063D807: readLock RELEASED 0 by SegmentedRaftLogCache.getLastTermIndex
2022-08-08 17:04:52,061 [s2@group-B24AF063D807-LeaderStateImpl] TRACE segmented.SegmentedRaftLogCache (AutoCloseableReadWriteLock.java:logLocking(65)) - s2@group-B24AF063D807: readLock ACQUIRED 1 by SegmentedRaftLogCache$LogSegmentList.countCached
2022-08-08 17:04:52,061 [s2@group-B24AF063D807-LeaderStateImpl] TRACE segmented.SegmentedRaftLogCache (AutoCloseableReadWriteLock.java:logLocking(65)) - s2@group-B24AF063D807: readLock RELEASED 0 by SegmentedRaftLogCache$LogSegmentList.countCached
2022-08-08 17:04:52,061 [s2@group-B24AF063D807-LeaderStateImpl] TRACE segmented.SegmentedRaftLogCache (AutoCloseableReadWriteLock.java:logLocking(65)) - s2@group-B24AF063D807: readLock ACQUIRED 1 by SegmentedRaftLogCache$LogSegmentList.getTotalCacheSize
2022-08-08 17:04:52,061 [s2@group-B24AF063D807-LeaderStateImpl] TRACE segmented.SegmentedRaftLogCache (AutoCloseableReadWriteLock.java:logLocking(65)) - s2@group-B24AF063D807: readLock RELEASED 0 by SegmentedRaftLogCache$LogSegmentList.getTotalCacheSize
2022-08-08 17:04:52,061 [s2@group-B24AF063D807-LeaderStateImpl] DEBUG segmented.SegmentedRaftLogWorker (SegmentedRaftLogWorker.java:addIOTask(270)) - s2@group-B24AF063D807-SegmentedRaftLogWorker adds IO task WriteLog:20: (t:1, i:20), METADATAENTRY(c:19)
2022-08-08 17:04:52,061 [s2@group-B24AF063D807->s0-LogAppenderDefault-LogAppenderDaemon] TRACE segmented.SegmentedRaftLogCache (AutoCloseableReadWriteLock.java:logLocking(65)) - s2@group-B24AF063D807: readLock ACQUIRED 1 by SegmentedRaftLogCache.getLastTermIndex
2022-08-08 17:04:52,061 [s2@group-B24AF063D807->s0-LogAppenderDefault-LogAppenderDaemon] TRACE segmented.SegmentedRaftLogCache (AutoCloseableReadWriteLock.java:logLocking(65)) - s2@group-B24AF063D807: readLock RELEASED 0 by SegmentedRaftLogCache.getLastTermIndex
2022-08-08 17:04:52,061 [s2@group-B24AF063D807->s0-LogAppenderDefault-LogAppenderDaemon] TRACE segmented.SegmentedRaftLogCache (AutoCloseableReadWriteLock.java:logLocking(65)) - s2@group-B24AF063D807: readLock ACQUIRED 1 by SegmentedRaftLogCache.getLastTermIndex
2022-08-08 17:04:52,061 [s2@group-B24AF063D807->s0-LogAppenderDefault-LogAppenderDaemon] TRACE segmented.SegmentedRaftLogCache (AutoCloseableReadWriteLock.java:logLocking(65)) - s2@group-B24AF063D807: readLock RELEASED 0 by SegmentedRaftLogCache.getLastTermIndex
2022-08-08 17:04:52,061 [s2@group-B24AF063D807->s0-LogAppenderDefault-LogAppenderDaemon] TRACE segmented.SegmentedRaftLogCache (AutoCloseableReadWriteLock.java:logLocking(65)) - s2@group-B24AF063D807: readLock ACQUIRED 1 by SegmentedRaftLogCache.getStartIndex
2022-08-08 17:04:52,061 [s2@group-B24AF063D807->s0-LogAppenderDefault-LogAppenderDaemon] TRACE segmented.SegmentedRaftLogCache (AutoCloseableReadWriteLock.java:logLocking(65)) -   s2@group-B24AF063D807: readLock ACQUIRED 2 by SegmentedRaftLogCache$LogSegmentList.isEmpty
2022-08-08 17:04:52,061 [s2@group-B24AF063D807->s0-LogAppenderDefault-LogAppenderDaemon] TRACE segmented.SegmentedRaftLogCache (AutoCloseableReadWriteLock.java:logLocking(65)) -   s2@group-B24AF063D807: readLock RELEASED 1 by SegmentedRaftLogCache$LogSegmentList.isEmpty
2022-08-08 17:04:52,061 [s2@group-B24AF063D807->s0-LogAppenderDefault-LogAppenderDaemon] TRACE segmented.SegmentedRaftLogCache (AutoCloseableReadWriteLock.java:logLocking(65)) - s2@group-B24AF063D807: readLock RELEASED 0 by SegmentedRaftLogCache.getStartIndex
2022-08-08 17:04:52,061 [Time-limited test] INFO  simulation.TestServerRestartWithSimulatedRpc (ServerRestartTests.java:runTestRestartFollower(102)) - Restart follower s0
2022-08-08 17:04:52,061 [Time-limited test] INFO  impl.MiniRaftCluster (MiniRaftCluster.java:killServer(529)) - killServer s0
2022-08-08 17:04:52,061 [s2@group-B24AF063D807->s0-LogAppenderDefault-LogAppenderDaemon] TRACE segmented.SegmentedRaftLogCache (AutoCloseableReadWriteLock.java:logLocking(65)) - s2@group-B24AF063D807: readLock ACQUIRED 1 by SegmentedRaftLogCache.getLastTermIndex
2022-08-08 17:04:52,062 [s2@group-B24AF063D807->s0-LogAppenderDefault-LogAppenderDaemon] TRACE segmented.SegmentedRaftLogCache (AutoCloseableReadWriteLock.java:logLocking(65)) -   s2@group-B24AF063D807: readLock RELEASED 1 by SegmentedRaftLogCache.getLastTermIndex
2022-08-08 17:04:52,062 [s2@group-B24AF063D807-SegmentedRaftLogWorker] DEBUG segmented.SegmentedRaftLogWorker (SegmentedRaftLogWorker.java:flushIfNecessary(365)) - s2@group-B24AF063D807-SegmentedRaftLogWorker: flush SegmentedRaftLogOutputStream(/home/runner/work/ratis/ratis/ratis-test/target/test/data/b051e71b/MiniRaftClusterWithSimulatedRpc1ec78f08/s2/0d1e7fc9-4c77-451a-91df-b24af063d807/current/log_inprogress_0)
2022-08-08 17:04:52,061 [s2@group-B24AF063D807->s1-LogAppenderDefault-LogAppenderDaemon] TRACE segmented.SegmentedRaftLogCache (AutoCloseableReadWriteLock.java:logLocking(65)) -   s2@group-B24AF063D807: readLock ACQUIRED 2 by SegmentedRaftLogCache.getLastTermIndex
2022-08-08 17:04:52,062 [s2@group-B24AF063D807->s1-LogAppenderDefault-LogAppenderDaemon] TRACE segmented.SegmentedRaftLogCache (AutoCloseableReadWriteLock.java:logLocking(65)) - s2@group-B24AF063D807: readLock RELEASED 0 by SegmentedRaftLogCache.getLastTermIndex
2022-08-08 17:04:52,062 [s2@group-B24AF063D807->s1-LogAppenderDefault-LogAppenderDaemon] TRACE segmented.SegmentedRaftLogCache (AutoCloseableReadWriteLock.java:logLocking(65)) - s2@group-B24AF063D807: readLock ACQUIRED 1 by SegmentedRaftLogCache.getLastTermIndex
2022-08-08 17:04:52,062 [s2@group-B24AF063D807->s1-LogAppenderDefault-LogAppenderDaemon] TRACE segmented.SegmentedRaftLogCache (AutoCloseableReadWriteLock.java:logLocking(65)) - s2@group-B24AF063D807: readLock RELEASED 0 by SegmentedRaftLogCache.getLastTermIndex
2022-08-08 17:04:52,062 [s2@group-B24AF063D807->s1-LogAppenderDefault-LogAppenderDaemon] TRACE segmented.SegmentedRaftLogCache (AutoCloseableReadWriteLock.java:logLocking(65)) - s2@group-B24AF063D807: readLock ACQUIRED 1 by SegmentedRaftLogCache.getStartIndex
2022-08-08 17:04:52,062 [Thread-462] TRACE segmented.SegmentedRaftLogCache (AutoCloseableReadWriteLock.java:logLocking(65)) - s0@group-B24AF063D807: readLock ACQUIRED 1 by SegmentedRaftLogCache.computeTruncateIndices
2022-08-08 17:04:52,062 [Thread-462] TRACE segmented.SegmentedRaftLogCache (AutoCloseableReadWriteLock.java:logLocking(65)) -   s0@group-B24AF063D807: readLock ACQUIRED 2 by SegmentedRaftLogCache$LogSegmentList.binarySearch
2022-08-08 17:04:52,062 [Thread-462] TRACE segmented.SegmentedRaftLogCache (AutoCloseableReadWriteLock.java:logLocking(65)) -   s0@group-B24AF063D807: readLock RELEASED 1 by SegmentedRaftLogCache$LogSegmentList.binarySearch
2022-08-08 17:04:52,062 [Thread-462] TRACE segmented.SegmentedRaftLogCache (AutoCloseableReadWriteLock.java:logLocking(65)) -   s0@group-B24AF063D807: readLock ACQUIRED 2 by SegmentedRaftLogCache$LogSegmentList.size
2022-08-08 17:04:52,062 [Thread-462] TRACE segmented.SegmentedRaftLogCache (AutoCloseableReadWriteLock.java:logLocking(65)) -   s0@group-B24AF063D807: readLock RELEASED 1 by SegmentedRaftLogCache$LogSegmentList.size
2022-08-08 17:04:52,062 [Thread-462] TRACE segmented.SegmentedRaftLogCache (AutoCloseableReadWriteLock.java:logLocking(65)) - s0@group-B24AF063D807: readLock RELEASED 0 by SegmentedRaftLogCache.computeTruncateIndices
2022-08-08 17:04:52,062 [Thread-462] DEBUG raftlog.RaftLog (SegmentedRaftLog.java:appendImpl(447)) - truncateIndex=-1, arrayIndex=0
2022-08-08 17:04:52,062 [Thread-462] TRACE segmented.SegmentedRaftLogCache (AutoCloseableReadWriteLock.java:logLocking(65)) - s0@group-B24AF063D807: readLock ACQUIRED 1 by SegmentedRaftLogCache$LogSegmentList.countCached
2022-08-08 17:04:52,062 [Thread-462] TRACE segmented.SegmentedRaftLogCache (AutoCloseableReadWriteLock.java:logLocking(65)) - s0@group-B24AF063D807: readLock RELEASED 0 by SegmentedRaftLogCache$LogSegmentList.countCached
2022-08-08 17:04:52,062 [Thread-462] TRACE segmented.SegmentedRaftLogCache (AutoCloseableReadWriteLock.java:logLocking(65)) - s0@group-B24AF063D807: readLock ACQUIRED 1 by SegmentedRaftLogCache$LogSegmentList.getTotalCacheSize
2022-08-08 17:04:52,062 [Thread-462] TRACE segmented.SegmentedRaftLogCache (AutoCloseableReadWriteLock.java:logLocking(65)) - s0@group-B24AF063D807: readLock RELEASED 0 by SegmentedRaftLogCache$LogSegmentList.getTotalCacheSize
2022-08-08 17:04:52,062 [Thread-462] DEBUG segmented.SegmentedRaftLogWorker (SegmentedRaftLogWorker.java:addIOTask(270)) - s0@group-B24AF063D807-SegmentedRaftLogWorker adds IO task WriteLog:20: (t:1, i:20), METADATAENTRY(c:19)
2022-08-08 17:04:52,063 [s0@group-B24AF063D807-SegmentedRaftLogWorker] DEBUG segmented.SegmentedRaftLogWorker (SegmentedRaftLogWorker.java:flushIfNecessary(365)) - s0@group-B24AF063D807-SegmentedRaftLogWorker: flush SegmentedRaftLogOutputStream(/home/runner/work/ratis/ratis/ratis-test/target/test/data/b051e71b/MiniRaftClusterWithSimulatedRpc1ec78f08/s0/0d1e7fc9-4c77-451a-91df-b24af063d807/current/log_inprogress_0)
2022-08-08 17:04:52,063 [Time-limited test] INFO  server.RaftServer (RaftServerProxy.java:lambda$close$6(403)) - s0: close
2022-08-08 17:04:52,063 [s0-impl-thread1] INFO  server.RaftServer$Division (RaftServerImpl.java:lambda$close$4(438)) - s0@group-B24AF063D807: shutdown
2022-08-08 17:04:52,063 [s0-impl-thread1] INFO  util.JmxRegister (JmxRegister.java:unregister(73)) - Successfully un-registered JMX Bean with object name Ratis:service=RaftServer,group=group-B24AF063D807,id=s0
2022-08-08 17:04:52,063 [s0-impl-thread1] INFO  impl.RoleInfo (RoleInfo.java:shutdownFollowerState(110)) - s0: shutdown s0@group-B24AF063D807-FollowerState
2022-08-08 17:04:52,063 [s0-impl-thread1] INFO  impl.StateMachineUpdater (StateMachineUpdater.java:stopAndJoin(153)) - s0@group-B24AF063D807-StateMachineUpdater: set stopIndex = 19
2022-08-08 17:04:52,063 [Thread-464] INFO  simulation.RequestHandler (RequestHandler.java:run(126)) - s0.clientHandler1 is interrupted by java.io.InterruptedIOException: 
2022-08-08 17:04:52,063 [s0@group-B24AF063D807-FollowerState] INFO  impl.FollowerState (FollowerState.java:run(152)) - s0@group-B24AF063D807-FollowerState was interrupted
2022-08-08 17:04:52,063 [Thread-465] INFO  simulation.RequestHandler (RequestHandler.java:run(126)) - s0.clientHandler2 is interrupted by java.io.InterruptedIOException: 
2022-08-08 17:04:52,062 [s2@group-B24AF063D807->s1-LogAppenderDefault-LogAppenderDaemon] TRACE segmented.SegmentedRaftLogCache (AutoCloseableReadWriteLock.java:logLocking(65)) -   s2@group-B24AF063D807: readLock ACQUIRED 2 by SegmentedRaftLogCache$LogSegmentList.isEmpty
2022-08-08 17:04:52,063 [s2@group-B24AF063D807->s1-LogAppenderDefault-LogAppenderDaemon] TRACE segmented.SegmentedRaftLogCache (AutoCloseableReadWriteLock.java:logLocking(65)) -   s2@group-B24AF063D807: readLock RELEASED 1 by SegmentedRaftLogCache$LogSegmentList.isEmpty
2022-08-08 17:04:52,063 [s2@group-B24AF063D807->s1-LogAppenderDefault-LogAppenderDaemon] TRACE segmented.SegmentedRaftLogCache (AutoCloseableReadWriteLock.java:logLocking(65)) - s2@group-B24AF063D807: readLock RELEASED 0 by SegmentedRaftLogCache.getStartIndex
2022-08-08 17:04:52,063 [s2@group-B24AF063D807->s1-LogAppenderDefault-LogAppenderDaemon] TRACE segmented.SegmentedRaftLogCache (AutoCloseableReadWriteLock.java:logLocking(65)) - s2@group-B24AF063D807: readLock ACQUIRED 1 by SegmentedRaftLogCache.getLastTermIndex
2022-08-08 17:04:52,063 [s2@group-B24AF063D807->s1-LogAppenderDefault-LogAppenderDaemon] TRACE segmented.SegmentedRaftLogCache (AutoCloseableReadWriteLock.java:logLocking(65)) - s2@group-B24AF063D807: readLock RELEASED 0 by SegmentedRaftLogCache.getLastTermIndex
2022-08-08 17:04:52,063 [s0@group-B24AF063D807-StateMachineUpdater] INFO  statemachine.SimpleStateMachine4Testing (SimpleStateMachine4Testing.java:put(204)) - s0: put 19, m9 -> (t:1, i:19), STATEMACHINELOGENTRY, 183@client-6250EC404864
2022-08-08 17:04:52,064 [s0-impl-thread1] INFO  server.RaftServer$Division (ServerState.java:close(465)) - s0@group-B24AF063D807: closes. applyIndex: 19
2022-08-08 17:04:52,064 [s0-impl-thread1] TRACE segmented.SegmentedRaftLogCache (SegmentedRaftLogCache.java:clearOpenSegment(456)) - s0@group-B24AF063D807-SegmentedRaftLogCache: clearOpenSegment log_inprogress_0
2022-08-08 17:04:52,064 [Thread-469] TRACE segmented.SegmentedRaftLogCache (AutoCloseableReadWriteLock.java:logLocking(65)) - s1@group-B24AF063D807: readLock ACQUIRED 1 by SegmentedRaftLogCache.computeTruncateIndices
2022-08-08 17:04:52,064 [Thread-469] TRACE segmented.SegmentedRaftLogCache (AutoCloseableReadWriteLock.java:logLocking(65)) -   s1@group-B24AF063D807: readLock ACQUIRED 2 by SegmentedRaftLogCache$LogSegmentList.binarySearch
2022-08-08 17:04:52,064 [Thread-469] TRACE segmented.SegmentedRaftLogCache (AutoCloseableReadWriteLock.java:logLocking(65)) -   s1@group-B24AF063D807: readLock RELEASED 1 by SegmentedRaftLogCache$LogSegmentList.binarySearch
2022-08-08 17:04:52,064 [Thread-469] TRACE segmented.SegmentedRaftLogCache (AutoCloseableReadWriteLock.java:logLocking(65)) -   s1@group-B24AF063D807: readLock ACQUIRED 2 by SegmentedRaftLogCache$LogSegmentList.size
2022-08-08 17:04:52,064 [Thread-469] TRACE segmented.SegmentedRaftLogCache (AutoCloseableReadWriteLock.java:logLocking(65)) -   s1@group-B24AF063D807: readLock RELEASED 1 by SegmentedRaftLogCache$LogSegmentList.size
2022-08-08 17:04:52,064 [Thread-469] TRACE segmented.SegmentedRaftLogCache (AutoCloseableReadWriteLock.java:logLocking(65)) - s1@group-B24AF063D807: readLock RELEASED 0 by SegmentedRaftLogCache.computeTruncateIndices
2022-08-08 17:04:52,064 [Thread-469] DEBUG raftlog.RaftLog (SegmentedRaftLog.java:appendImpl(447)) - truncateIndex=-1, arrayIndex=0
2022-08-08 17:04:52,064 [Thread-469] TRACE segmented.SegmentedRaftLogCache (AutoCloseableReadWriteLock.java:logLocking(65)) - s1@group-B24AF063D807: readLock ACQUIRED 1 by SegmentedRaftLogCache$LogSegmentList.countCached
2022-08-08 17:04:52,063 [Thread-463] INFO  simulation.RequestHandler (RequestHandler.java:run(126)) - s0.clientHandler0 is interrupted by java.io.InterruptedIOException: 
2022-08-08 17:04:52,064 [s0-impl-thread1] TRACE segmented.SegmentedRaftLogCache (AutoCloseableReadWriteLock.java:logLocking(65)) - s0@group-B24AF063D807: writeLock ACQUIRED 1 by SegmentedRaftLogCache$LogSegmentList.clear
2022-08-08 17:04:52,064 [s0-impl-thread1] TRACE segmented.SegmentedRaftLogCache (AutoCloseableReadWriteLock.java:logLocking(65)) - s0@group-B24AF063D807: writeLock RELEASED 0 by SegmentedRaftLogCache$LogSegmentList.clear
2022-08-08 17:04:52,064 [s0@group-B24AF063D807-SegmentedRaftLogWorker] INFO  segmented.SegmentedRaftLogWorker (SegmentedRaftLogWorker.java:run(336)) - s0@group-B24AF063D807-SegmentedRaftLogWorker was interrupted, exiting. There are 0 tasks remaining in the queue.
2022-08-08 17:04:52,064 [Thread-461] INFO  simulation.RequestHandler (RequestHandler.java:run(126)) - s0.serverHandler1 is interrupted by java.io.InterruptedIOException: 
2022-08-08 17:04:52,064 [Thread-460] INFO  simulation.RequestHandler (RequestHandler.java:run(126)) - s0.serverHandler0 is interrupted by java.io.InterruptedIOException: 
2022-08-08 17:04:52,065 [s0-impl-thread1] INFO  segmented.SegmentedRaftLogWorker (SegmentedRaftLogWorker.java:close(246)) - s0@group-B24AF063D807-SegmentedRaftLogWorker close()
2022-08-08 17:04:52,063 [s2@group-B24AF063D807->s0-LogAppenderDefault-LogAppenderDaemon] TRACE segmented.SegmentedRaftLogCache (AutoCloseableReadWriteLock.java:logLocking(65)) - s2@group-B24AF063D807: readLock ACQUIRED 1 by SegmentedRaftLogCache.getLastTermIndex
2022-08-08 17:04:52,065 [s2@group-B24AF063D807->s0-LogAppenderDefault-LogAppenderDaemon] TRACE segmented.SegmentedRaftLogCache (AutoCloseableReadWriteLock.java:logLocking(65)) - s2@group-B24AF063D807: readLock RELEASED 0 by SegmentedRaftLogCache.getLastTermIndex
2022-08-08 17:04:52,065 [org.apache.ratis.util.JvmPauseMonitor$$Lambda$263/548170058@1d454610] INFO  util.JvmPauseMonitor (JvmPauseMonitor.java:run(109)) - JvmPauseMonitor-s0: Stopped
2022-08-08 17:04:52,064 [Thread-469] TRACE segmented.SegmentedRaftLogCache (AutoCloseableReadWriteLock.java:logLocking(65)) - s1@group-B24AF063D807: readLock RELEASED 0 by SegmentedRaftLogCache$LogSegmentList.countCached
2022-08-08 17:04:52,065 [Thread-469] TRACE segmented.SegmentedRaftLogCache (AutoCloseableReadWriteLock.java:logLocking(65)) - s1@group-B24AF063D807: readLock ACQUIRED 1 by SegmentedRaftLogCache$LogSegmentList.getTotalCacheSize
2022-08-08 17:04:52,065 [Thread-469] TRACE segmented.SegmentedRaftLogCache (AutoCloseableReadWriteLock.java:logLocking(65)) - s1@group-B24AF063D807: readLock RELEASED 0 by SegmentedRaftLogCache$LogSegmentList.getTotalCacheSize
2022-08-08 17:04:52,065 [Thread-469] DEBUG segmented.SegmentedRaftLogWorker (SegmentedRaftLogWorker.java:addIOTask(270)) - s1@group-B24AF063D807-SegmentedRaftLogWorker adds IO task WriteLog:20: (t:1, i:20), METADATAENTRY(c:19)
2022-08-08 17:04:52,066 [s1@group-B24AF063D807-SegmentedRaftLogWorker] DEBUG segmented.SegmentedRaftLogWorker (SegmentedRaftLogWorker.java:flushIfNecessary(365)) - s1@group-B24AF063D807-SegmentedRaftLogWorker: flush SegmentedRaftLogOutputStream(/home/runner/work/ratis/ratis/ratis-test/target/test/data/b051e71b/MiniRaftClusterWithSimulatedRpc1ec78f08/s1/0d1e7fc9-4c77-451a-91df-b24af063d807/current/log_inprogress_0)
2022-08-08 17:04:52,066 [Time-limited test] INFO  impl.MiniRaftCluster (MiniRaftCluster.java:newRaftServer(379)) - newRaftServer: s0, group-B24AF063D807:[s0|rpc:localhost:44329|admin:localhost:44721|client:localhost:39371|dataStream:localhost:42645|priority:0|startupRole:FOLLOWER, s1|rpc:localhost:41361|admin:localhost:40185|client:localhost:33019|dataStream:localhost:39869|priority:0|startupRole:FOLLOWER, s2|rpc:localhost:38737|admin:localhost:36401|client:localhost:33787|dataStream:localhost:36623|priority:0|startupRole:FOLLOWER], format? false
2022-08-08 17:04:52,066 [Time-limited test] INFO  server.RaftServer (ConfUtils.java:logGet(46)) - raft.rpc.type = org.apache.ratis.server.simulation.SimulatedRpc (custom)
2022-08-08 17:04:52,066 [s1@group-B24AF063D807-StateMachineUpdater] INFO  statemachine.SimpleStateMachine4Testing (SimpleStateMachine4Testing.java:put(204)) - s1: put 19, m9 -> (t:1, i:19), STATEMACHINELOGENTRY, 183@client-6250EC404864
2022-08-08 17:04:52,066 [s2@group-B24AF063D807->s1-LogAppenderDefault-LogAppenderDaemon] TRACE segmented.SegmentedRaftLogCache (AutoCloseableReadWriteLock.java:logLocking(65)) -   s2@group-B24AF063D807: readLock ACQUIRED 2 by SegmentedRaftLogCache.getLastTermIndex
2022-08-08 17:04:52,066 [s2@group-B24AF063D807->s1-LogAppenderDefault-LogAppenderDaemon] TRACE segmented.SegmentedRaftLogCache (AutoCloseableReadWriteLock.java:logLocking(65)) -   s2@group-B24AF063D807: readLock RELEASED 1 by SegmentedRaftLogCache.getLastTermIndex
2022-08-08 17:04:52,067 [s2@group-B24AF063D807->s0-LogAppenderDefault-LogAppenderDaemon] TRACE segmented.SegmentedRaftLogCache (AutoCloseableReadWriteLock.java:logLocking(65)) -   s2@group-B24AF063D807: readLock ACQUIRED 2 by SegmentedRaftLogCache.getLastTermIndex
2022-08-08 17:04:52,067 [s2@group-B24AF063D807->s0-LogAppenderDefault-LogAppenderDaemon] TRACE segmented.SegmentedRaftLogCache (AutoCloseableReadWriteLock.java:logLocking(65)) -   s2@group-B24AF063D807: readLock RELEASED 1 by SegmentedRaftLogCache.getLastTermIndex
2022-08-08 17:04:52,067 [s2@group-B24AF063D807->s0-LogAppenderDefault-LogAppenderDaemon] TRACE segmented.SegmentedRaftLogCache (AutoCloseableReadWriteLock.java:logLocking(65)) -   s2@group-B24AF063D807: readLock ACQUIRED 2 by SegmentedRaftLogCache.getLastTermIndex
2022-08-08 17:04:52,067 [s2@group-B24AF063D807->s0-LogAppenderDefault-LogAppenderDaemon] TRACE segmented.SegmentedRaftLogCache (AutoCloseableReadWriteLock.java:logLocking(65)) -   s2@group-B24AF063D807: readLock RELEASED 1 by SegmentedRaftLogCache.getLastTermIndex
2022-08-08 17:04:52,066 [s2@group-B24AF063D807-LeaderStateImpl] TRACE segmented.SegmentedRaftLogCache (AutoCloseableReadWriteLock.java:logLocking(65)) - s2@group-B24AF063D807: readLock ACQUIRED 1 by SegmentedRaftLogCache.getStartIndex
2022-08-08 17:04:52,066 [Time-limited test] INFO  impl.DataStreamServerImpl (ConfUtils.java:logGet(46)) - raft.datastream.type = DISABLED (default)
2022-08-08 17:04:52,067 [s2@group-B24AF063D807-LeaderStateImpl] TRACE segmented.SegmentedRaftLogCache (AutoCloseableReadWriteLock.java:logLocking(65)) -   s2@group-B24AF063D807: readLock ACQUIRED 2 by SegmentedRaftLogCache$LogSegmentList.isEmpty
2022-08-08 17:04:52,067 [s2@group-B24AF063D807-LeaderStateImpl] TRACE segmented.SegmentedRaftLogCache (AutoCloseableReadWriteLock.java:logLocking(65)) -   s2@group-B24AF063D807: readLock RELEASED 1 by SegmentedRaftLogCache$LogSegmentList.isEmpty
2022-08-08 17:04:52,067 [Time-limited test] INFO  server.RaftServerConfigKeys (ConfUtils.java:logGet(46)) - raft.server.threadpool.proxy.cached = true (default)
2022-08-08 17:04:52,067 [s2@group-B24AF063D807-LeaderStateImpl] TRACE segmented.SegmentedRaftLogCache (AutoCloseableReadWriteLock.java:logLocking(65)) - s2@group-B24AF063D807: readLock RELEASED 0 by SegmentedRaftLogCache.getStartIndex
2022-08-08 17:04:52,067 [Time-limited test] INFO  server.RaftServerConfigKeys (ConfUtils.java:logGet(46)) - raft.server.threadpool.proxy.size = 0 (default)
2022-08-08 17:04:52,067 [s2@group-B24AF063D807-LeaderStateImpl] TRACE segmented.SegmentedRaftLogCache (AutoCloseableReadWriteLock.java:logLocking(65)) - s2@group-B24AF063D807: readLock ACQUIRED 1 by SegmentedRaftLogCache.getEndIndex
2022-08-08 17:04:52,067 [s2@group-B24AF063D807-LeaderStateImpl] TRACE segmented.SegmentedRaftLogCache (AutoCloseableReadWriteLock.java:logLocking(65)) - s2@group-B24AF063D807: readLock RELEASED 0 by SegmentedRaftLogCache.getEndIndex
2022-08-08 17:04:52,067 [Time-limited test] INFO  server.RaftServerConfigKeys (ConfUtils.java:logGet(46)) - raft.server.rpc.slowness.timeout = 60s (default)
2022-08-08 17:04:52,067 [Time-limited test] INFO  server.RaftServerConfigKeys (ConfUtils.java:logGet(46)) - raft.server.leaderelection.leader.step-down.wait-time = 10s (default)
2022-08-08 17:04:52,067 [s2@group-B24AF063D807-LeaderStateImpl] TRACE segmented.SegmentedRaftLogCache (AutoCloseableReadWriteLock.java:logLocking(65)) - s2@group-B24AF063D807: readLock ACQUIRED 1 by SegmentedRaftLogCache$LogSegmentList.getTermIndex
2022-08-08 17:04:52,067 [s2@group-B24AF063D807-LeaderStateImpl] TRACE segmented.SegmentedRaftLogCache (AutoCloseableReadWriteLock.java:logLocking(65)) - s2@group-B24AF063D807: readLock RELEASED 0 by SegmentedRaftLogCache$LogSegmentList.getTermIndex
2022-08-08 17:04:52,068 [Time-limited test] INFO  server.RaftServerConfigKeys (ConfUtils.java:logGet(46)) - raft.server.storage.dir = [/home/runner/work/ratis/ratis/ratis-test/target/test/data/b051e71b/MiniRaftClusterWithSimulatedRpc1ec78f08/s0] (custom)
2022-08-08 17:04:52,068 [s2@group-B24AF063D807->s0-LogAppenderDefault-LogAppenderDaemon] TRACE segmented.SegmentedRaftLogCache (AutoCloseableReadWriteLock.java:logLocking(65)) - s2@group-B24AF063D807: readLock ACQUIRED 1 by SegmentedRaftLogCache.getLastTermIndex
2022-08-08 17:04:52,068 [s2@group-B24AF063D807->s0-LogAppenderDefault-LogAppenderDaemon] TRACE segmented.SegmentedRaftLogCache (AutoCloseableReadWriteLock.java:logLocking(65)) - s2@group-B24AF063D807: readLock RELEASED 0 by SegmentedRaftLogCache.getLastTermIndex
2022-08-08 17:04:52,068 [s2@group-B24AF063D807->s0-LogAppenderDefault-LogAppenderDaemon] TRACE segmented.SegmentedRaftLogCache (AutoCloseableReadWriteLock.java:logLocking(65)) - s2@group-B24AF063D807: readLock ACQUIRED 1 by SegmentedRaftLogCache.getLastTermIndex
2022-08-08 17:04:52,068 [s2@group-B24AF063D807->s0-LogAppenderDefault-LogAppenderDaemon] TRACE segmented.SegmentedRaftLogCache (AutoCloseableReadWriteLock.java:logLocking(65)) - s2@group-B24AF063D807: readLock RELEASED 0 by SegmentedRaftLogCache.getLastTermIndex
2022-08-08 17:04:52,068 [s2@group-B24AF063D807->s1-LogAppenderDefault-LogAppenderDaemon] TRACE segmented.SegmentedRaftLogCache (AutoCloseableReadWriteLock.java:logLocking(65)) - s2@group-B24AF063D807: readLock ACQUIRED 1 by SegmentedRaftLogCache.getLastTermIndex
2022-08-08 17:04:52,068 [s2@group-B24AF063D807->s1-LogAppenderDefault-LogAppenderDaemon] TRACE segmented.SegmentedRaftLogCache (AutoCloseableReadWriteLock.java:logLocking(65)) -   s2@group-B24AF063D807: readLock RELEASED 1 by SegmentedRaftLogCache.getLastTermIndex
2022-08-08 17:04:52,068 [s2@group-B24AF063D807->s1-LogAppenderDefault-LogAppenderDaemon] TRACE segmented.SegmentedRaftLogCache (AutoCloseableReadWriteLock.java:logLocking(65)) -   s2@group-B24AF063D807: readLock ACQUIRED 2 by SegmentedRaftLogCache.getLastTermIndex
2022-08-08 17:04:52,068 [s2@group-B24AF063D807->s1-LogAppenderDefault-LogAppenderDaemon] TRACE segmented.SegmentedRaftLogCache (AutoCloseableReadWriteLock.java:logLocking(65)) -   s2@group-B24AF063D807: readLock RELEASED 1 by SegmentedRaftLogCache.getLastTermIndex
2022-08-08 17:04:52,068 [s2@group-B24AF063D807->s0-LogAppenderDefault-LogAppenderDaemon] TRACE segmented.SegmentedRaftLogCache (AutoCloseableReadWriteLock.java:logLocking(65)) -   s2@group-B24AF063D807: readLock ACQUIRED 2 by SegmentedRaftLogCache.getLastTermIndex
2022-08-08 17:04:52,068 [s2@group-B24AF063D807->s0-LogAppenderDefault-LogAppenderDaemon] TRACE segmented.SegmentedRaftLogCache (AutoCloseableReadWriteLock.java:logLocking(65)) - s2@group-B24AF063D807: readLock RELEASED 0 by SegmentedRaftLogCache.getLastTermIndex
2022-08-08 17:04:52,068 [s2@group-B24AF063D807->s0-LogAppenderDefault-LogAppenderDaemon] TRACE segmented.SegmentedRaftLogCache (AutoCloseableReadWriteLock.java:logLocking(65)) - s2@group-B24AF063D807: readLock ACQUIRED 1 by SegmentedRaftLogCache.getLastTermIndex
2022-08-08 17:04:52,068 [s2@group-B24AF063D807->s0-LogAppenderDefault-LogAppenderDaemon] TRACE segmented.SegmentedRaftLogCache (AutoCloseableReadWriteLock.java:logLocking(65)) - s2@group-B24AF063D807: readLock RELEASED 0 by SegmentedRaftLogCache.getLastTermIndex
2022-08-08 17:04:52,076 [s0-impl-thread1] INFO  server.RaftServer (RaftServerProxy.java:initGroupDir(249)) - s0: found a subdirectory /home/runner/work/ratis/ratis/ratis-test/target/test/data/b051e71b/MiniRaftClusterWithSimulatedRpc1ec78f08/s0/0d1e7fc9-4c77-451a-91df-b24af063d807
2022-08-08 17:04:52,077 [Time-limited test] INFO  server.RaftServer (RaftServerProxy.java:addNew(96)) - s0: addNew group-B24AF063D807:[s0|rpc:localhost:44329|admin:localhost:44721|client:localhost:39371|dataStream:localhost:42645|priority:0|startupRole:FOLLOWER, s1|rpc:localhost:41361|admin:localhost:40185|client:localhost:33019|dataStream:localhost:39869|priority:0|startupRole:FOLLOWER, s2|rpc:localhost:38737|admin:localhost:36401|client:localhost:33787|dataStream:localhost:36623|priority:0|startupRole:FOLLOWER] returns group-B24AF063D807:java.util.concurrent.CompletableFuture@7d912f27[Not completed]
2022-08-08 17:04:52,078 [pool-39-thread-1] INFO  server.RaftServerConfigKeys (ConfUtils.java:logGet(46)) - raft.server.log.segment.size.max = 8MB (=8388608) (default)
2022-08-08 17:04:52,078 [pool-39-thread-1] INFO  server.RaftServerConfigKeys (ConfUtils.java:logGet(46)) - raft.server.log.preallocated.size = 4MB (=4194304) (default)
2022-08-08 17:04:52,078 [pool-39-thread-1] INFO  server.RaftServerConfigKeys (ConfUtils.java:logGet(46)) - raft.server.log.write.buffer.size = 64KB (=65536) (default)
2022-08-08 17:04:52,078 [pool-39-thread-1] INFO  server.RaftServer$Division (RaftServerImpl.java:<init>(192)) - s0: new RaftServerImpl for group-B24AF063D807:[s0|rpc:localhost:44329|admin:localhost:44721|client:localhost:39371|dataStream:localhost:42645|priority:0|startupRole:FOLLOWER, s1|rpc:localhost:41361|admin:localhost:40185|client:localhost:33019|dataStream:localhost:39869|priority:0|startupRole:FOLLOWER, s2|rpc:localhost:38737|admin:localhost:36401|client:localhost:33787|dataStream:localhost:36623|priority:0|startupRole:FOLLOWER] with SimpleStateMachine4Testing:uninitialized
2022-08-08 17:04:52,078 [pool-39-thread-1] INFO  server.RaftServerConfigKeys (ConfUtils.java:logGet(46)) - raft.server.rpc.timeout.min = 150ms (default)
2022-08-08 17:04:52,078 [pool-39-thread-1] INFO  server.RaftServerConfigKeys (ConfUtils.java:logGet(46)) - raft.server.rpc.timeout.max = 300ms (default)
2022-08-08 17:04:52,078 [pool-39-thread-1] INFO  server.RaftServerConfigKeys (ConfUtils.java:logGet(46)) - raft.server.rpc.sleep.time = 25ms (default)
2022-08-08 17:04:52,078 [pool-39-thread-1] INFO  server.RaftServerConfigKeys (ConfUtils.java:logGet(46)) - raft.server.rpc.slowness.timeout = 60s (default)
2022-08-08 17:04:52,078 [pool-39-thread-1] INFO  server.RaftServerConfigKeys (ConfUtils.java:logGet(46)) - raft.server.leaderelection.leader.step-down.wait-time = 10s (default)
2022-08-08 17:04:52,079 [pool-39-thread-1] INFO  server.RaftServerConfigKeys (ConfUtils.java:logGet(46)) - raft.server.sleep.deviation.threshold = 300ms (default)
2022-08-08 17:04:52,079 [pool-39-thread-1] INFO  server.RaftServer$Division (ServerState.java:<init>(118)) - s0@group-B24AF063D807: ConfigurationManager, init=-1: peers:[s0|rpc:localhost:44329|admin:localhost:44721|client:localhost:39371|dataStream:localhost:42645|priority:0|startupRole:FOLLOWER, s1|rpc:localhost:41361|admin:localhost:40185|client:localhost:33019|dataStream:localhost:39869|priority:0|startupRole:FOLLOWER, s2|rpc:localhost:38737|admin:localhost:36401|client:localhost:33787|dataStream:localhost:36623|priority:0|startupRole:FOLLOWER]|listeners:[], old=null, confs=<EMPTY_MAP>
2022-08-08 17:04:52,079 [pool-39-thread-1] INFO  server.RaftServerConfigKeys (ConfUtils.java:logGet(46)) - raft.server.storage.dir = [/home/runner/work/ratis/ratis/ratis-test/target/test/data/b051e71b/MiniRaftClusterWithSimulatedRpc1ec78f08/s0] (custom)
2022-08-08 17:04:52,079 [pool-39-thread-1] INFO  server.RaftServerConfigKeys (ConfUtils.java:logGet(46)) - raft.server.log.corruption.policy = EXCEPTION (default)
2022-08-08 17:04:52,079 [pool-39-thread-1] INFO  server.RaftServerConfigKeys (ConfUtils.java:logGet(46)) - raft.server.storage.free-space.min = 0MB (=0) (default)
2022-08-08 17:04:52,079 [pool-39-thread-1] INFO  server.RaftServerConfigKeys (ConfUtils.java:logGet(46)) - raft.server.notification.no-leader.timeout = 60s (default)
2022-08-08 17:04:52,079 [pool-39-thread-1] INFO  server.RaftServerConfigKeys (ConfUtils.java:logGet(46)) - raft.server.retrycache.expirytime = 60s (default)
2022-08-08 17:04:52,079 [pool-39-thread-1] INFO  server.RaftServerConfigKeys (ConfUtils.java:logGet(46)) - raft.server.retrycache.statistics.expirytime = 100μs (default)
2022-08-08 17:04:52,079 [pool-39-thread-1] INFO  server.RaftServerConfigKeys (ConfUtils.java:logGet(46)) - raft.server.log.appender.install.snapshot.enabled = true (default)
2022-08-08 17:04:52,079 [pool-39-thread-1] INFO  server.RaftServerConfigKeys (ConfUtils.java:logGet(46)) - raft.server.threadpool.server.cached = true (default)
2022-08-08 17:04:52,080 [pool-39-thread-1] INFO  server.RaftServerConfigKeys (ConfUtils.java:logGet(46)) - raft.server.threadpool.server.size = 0 (default)
2022-08-08 17:04:52,080 [pool-39-thread-1] INFO  server.RaftServerConfigKeys (ConfUtils.java:logGet(46)) - raft.server.threadpool.client.cached = true (default)
2022-08-08 17:04:52,080 [pool-39-thread-1] INFO  server.RaftServerConfigKeys (ConfUtils.java:logGet(46)) - raft.server.threadpool.client.size = 0 (default)
2022-08-08 17:04:52,081 [s0-impl-thread1] INFO  storage.RaftStorageDirectory (RaftStorageDirectoryImpl.java:tryLock(231)) - Lock on /home/runner/work/ratis/ratis/ratis-test/target/test/data/b051e71b/MiniRaftClusterWithSimulatedRpc1ec78f08/s0/0d1e7fc9-4c77-451a-91df-b24af063d807/in_use.lock acquired by nodename 4120@fv-az243-784.kztbcxys31bebirtrtfpqc42zb.jx.internal.cloudapp.net
2022-08-08 17:04:52,081 [s0-impl-thread1] INFO  storage.RaftStorage (RaftStorageImpl.java:analyzeAndRecoverStorage(117)) - Read RaftStorageMetadata{term=1, votedFor=s2} from /home/runner/work/ratis/ratis/ratis-test/target/test/data/b051e71b/MiniRaftClusterWithSimulatedRpc1ec78f08/s0/0d1e7fc9-4c77-451a-91df-b24af063d807/current/raft-meta
2022-08-08 17:04:52,082 [s0-impl-thread1] INFO  server.RaftServer$Division (ServerState.java:setRaftConf(429)) - s0@group-B24AF063D807: set configuration 0: peers:[s0|rpc:localhost:44329|admin:localhost:44721|client:localhost:39371|dataStream:localhost:42645|priority:0|startupRole:FOLLOWER, s1|rpc:localhost:41361|admin:localhost:40185|client:localhost:33019|dataStream:localhost:39869|priority:0|startupRole:FOLLOWER, s2|rpc:localhost:38737|admin:localhost:36401|client:localhost:33787|dataStream:localhost:36623|priority:0|startupRole:FOLLOWER]|listeners:[], old=null
2022-08-08 17:04:52,082 [s0-impl-thread1] INFO  statemachine.SimpleStateMachine4Testing (SimpleStateMachine4Testing.java:initialize(212)) - Initializing SimpleStateMachine4Testing:uninitialized
2022-08-08 17:04:52,082 [s0-impl-thread1] INFO  statemachine.SimpleStateMachine4Testing (SimpleStateMachine4Testing.java:loadSnapshot(306)) - The snapshot file null does not exist
2022-08-08 17:04:52,082 [s0-impl-thread1] INFO  server.RaftServerConfigKeys (ConfUtils.java:logGet(46)) - raft.server.log.use.memory = false (default)
2022-08-08 17:04:52,082 [s0-impl-thread1] INFO  server.RaftServerConfigKeys (ConfUtils.java:logGet(46)) - raft.server.log.purge.gap = 1024 (default)
2022-08-08 17:04:52,082 [s0-impl-thread1] INFO  server.RaftServerConfigKeys (ConfUtils.java:logGet(46)) - raft.server.log.appender.buffer.byte-limit = 4MB (=4194304) (default)
2022-08-08 17:04:52,082 [s0-impl-thread1] INFO  server.RaftServerConfigKeys (ConfUtils.java:logGet(46)) - raft.server.log.statemachine.data.read.timeout = 1000ms (default)
2022-08-08 17:04:52,082 [s0-impl-thread1] INFO  server.RaftServerConfigKeys (ConfUtils.java:logGet(46)) - raft.server.log.purge.preservation.log.num = 0 (default)
2022-08-08 17:04:52,082 [s0-impl-thread1] INFO  server.RaftServerConfigKeys (ConfUtils.java:logGet(46)) - raft.server.log.segment.size.max = 8KB (=8192) (custom)
2022-08-08 17:04:52,082 [s0-impl-thread1] INFO  server.RaftServerConfigKeys (ConfUtils.java:logGet(46)) - raft.server.log.segment.cache.num.max = 6 (default)
2022-08-08 17:04:52,082 [s0-impl-thread1] INFO  server.RaftServerConfigKeys (ConfUtils.java:logGet(46)) - raft.server.log.segment.cache.size.max = 200MB (=209715200) (default)
2022-08-08 17:04:52,082 [s0-impl-thread1] INFO  segmented.SegmentedRaftLogWorker (SegmentedRaftLogWorker.java:<init>(187)) - new s0@group-B24AF063D807-SegmentedRaftLogWorker for RaftStorageImpl:Storage Directory /home/runner/work/ratis/ratis/ratis-test/target/test/data/b051e71b/MiniRaftClusterWithSimulatedRpc1ec78f08/s0/0d1e7fc9-4c77-451a-91df-b24af063d807
2022-08-08 17:04:52,082 [s0-impl-thread1] INFO  server.RaftServerConfigKeys (ConfUtils.java:logGet(46)) - raft.server.log.queue.byte-limit = 64MB (=67108864) (default)
2022-08-08 17:04:52,083 [s0-impl-thread1] INFO  server.RaftServerConfigKeys (ConfUtils.java:logGet(46)) - raft.server.log.queue.element-limit = 4096 (default)
2022-08-08 17:04:52,083 [s0-impl-thread1] INFO  server.RaftServerConfigKeys (ConfUtils.java:logGet(46)) - raft.server.log.segment.size.max = 8KB (=8192) (custom)
2022-08-08 17:04:52,083 [s0-impl-thread1] INFO  server.RaftServerConfigKeys (ConfUtils.java:logGet(46)) - raft.server.log.preallocated.size = 4MB (=4194304) (default)
2022-08-08 17:04:52,083 [s0-impl-thread1] INFO  server.RaftServerConfigKeys (ConfUtils.java:logGet(46)) - raft.server.log.force.sync.num = 128 (default)
2022-08-08 17:04:52,083 [s0-impl-thread1] INFO  server.RaftServerConfigKeys (ConfUtils.java:logGet(46)) - raft.server.log.statemachine.data.sync = true (default)
2022-08-08 17:04:52,083 [s0-impl-thread1] INFO  server.RaftServerConfigKeys (ConfUtils.java:logGet(46)) - raft.server.log.statemachine.data.sync.timeout = 10s (default)
2022-08-08 17:04:52,083 [s0-impl-thread1] INFO  server.RaftServerConfigKeys (ConfUtils.java:logGet(46)) - raft.server.log.statemachine.data.sync.timeout.retry = -1 (default)
2022-08-08 17:04:52,083 [s0-impl-thread1] INFO  server.RaftServerConfigKeys (ConfUtils.java:logGet(46)) - raft.server.log.write.buffer.size = 64KB (=65536) (default)
2022-08-08 17:04:52,083 [s0-impl-thread1] INFO  server.RaftServerConfigKeys (ConfUtils.java:logGet(46)) - raft.server.log.unsafe-flush.enabled = false (default)
2022-08-08 17:04:52,083 [s0-impl-thread1] INFO  server.RaftServerConfigKeys (ConfUtils.java:logGet(46)) - raft.server.log.statemachine.data.caching.enabled = false (default)
2022-08-08 17:04:52,084 [s0-impl-thread1] INFO  server.RaftServer$Division (ServerState.java:setRaftConf(429)) - s0@group-B24AF063D807: set configuration 0: peers:[s0|rpc:localhost:44329|admin:localhost:44721|client:localhost:39371|dataStream:localhost:42645|priority:0|startupRole:FOLLOWER, s1|rpc:localhost:41361|admin:localhost:40185|client:localhost:33019|dataStream:localhost:39869|priority:0|startupRole:FOLLOWER, s2|rpc:localhost:38737|admin:localhost:36401|client:localhost:33787|dataStream:localhost:36623|priority:0|startupRole:FOLLOWER]|listeners:[], old=null
2022-08-08 17:04:52,084 [s0-impl-thread1] INFO  segmented.LogSegment (LogSegment.java:loadSegment(173)) - Successfully read 21 entries from segment file /home/runner/work/ratis/ratis/ratis-test/target/test/data/b051e71b/MiniRaftClusterWithSimulatedRpc1ec78f08/s0/0d1e7fc9-4c77-451a-91df-b24af063d807/current/log_inprogress_0
2022-08-08 17:04:52,084 [s0-impl-thread1] TRACE segmented.SegmentedRaftLogCache (AutoCloseableReadWriteLock.java:logLocking(65)) - s0@group-B24AF063D807: readLock ACQUIRED 1 by SegmentedRaftLogCache$LogSegmentList.getLast
2022-08-08 17:04:52,084 [s0-impl-thread1] TRACE segmented.SegmentedRaftLogCache (AutoCloseableReadWriteLock.java:logLocking(65)) - s0@group-B24AF063D807: readLock RELEASED 0 by SegmentedRaftLogCache$LogSegmentList.getLast
2022-08-08 17:04:52,084 [s0-impl-thread1] TRACE segmented.SegmentedRaftLogCache (SegmentedRaftLogCache.java:setOpenSegment(450)) - s0@group-B24AF063D807-SegmentedRaftLogCache: setOpenSegment to log_inprogress_0
2022-08-08 17:04:52,084 [s0-impl-thread1] TRACE segmented.SegmentedRaftLogCache (AutoCloseableReadWriteLock.java:logLocking(65)) - s0@group-B24AF063D807: readLock ACQUIRED 1 by SegmentedRaftLogCache$LogSegmentList.isEmpty
2022-08-08 17:04:52,084 [s0-impl-thread1] TRACE segmented.SegmentedRaftLogCache (AutoCloseableReadWriteLock.java:logLocking(65)) - s0@group-B24AF063D807: readLock RELEASED 0 by SegmentedRaftLogCache$LogSegmentList.isEmpty
2022-08-08 17:04:52,084 [s0-impl-thread1] TRACE segmented.SegmentedRaftLogCache (AutoCloseableReadWriteLock.java:logLocking(65)) - s0@group-B24AF063D807: readLock ACQUIRED 1 by SegmentedRaftLogCache.getEndIndex
2022-08-08 17:04:52,084 [s0-impl-thread1] TRACE segmented.SegmentedRaftLogCache (AutoCloseableReadWriteLock.java:logLocking(65)) - s0@group-B24AF063D807: readLock RELEASED 0 by SegmentedRaftLogCache.getEndIndex
2022-08-08 17:04:52,084 [s0-impl-thread1] TRACE segmented.SegmentedRaftLogCache (AutoCloseableReadWriteLock.java:logLocking(65)) - s0@group-B24AF063D807: readLock ACQUIRED 1 by SegmentedRaftLogCache.getEndIndex
2022-08-08 17:04:52,084 [s0-impl-thread1] TRACE segmented.SegmentedRaftLogCache (AutoCloseableReadWriteLock.java:logLocking(65)) - s0@group-B24AF063D807: readLock RELEASED 0 by SegmentedRaftLogCache.getEndIndex
2022-08-08 17:04:52,084 [s0-impl-thread1] TRACE segmented.SegmentedRaftLogCache (AutoCloseableReadWriteLock.java:logLocking(65)) - s0@group-B24AF063D807: readLock ACQUIRED 1 by SegmentedRaftLogCache.getLastIndexInClosedSegments
2022-08-08 17:04:52,084 [s0-impl-thread1] TRACE segmented.SegmentedRaftLogCache (AutoCloseableReadWriteLock.java:logLocking(65)) -   s0@group-B24AF063D807: readLock ACQUIRED 2 by SegmentedRaftLogCache$LogSegmentList.isEmpty
2022-08-08 17:04:52,084 [s0-impl-thread1] TRACE segmented.SegmentedRaftLogCache (AutoCloseableReadWriteLock.java:logLocking(65)) -   s0@group-B24AF063D807: readLock RELEASED 1 by SegmentedRaftLogCache$LogSegmentList.isEmpty
2022-08-08 17:04:52,084 [s0-impl-thread1] TRACE segmented.SegmentedRaftLogCache (AutoCloseableReadWriteLock.java:logLocking(65)) - s0@group-B24AF063D807: readLock RELEASED 0 by SegmentedRaftLogCache.getLastIndexInClosedSegments
2022-08-08 17:04:52,085 [s0-impl-thread1] INFO  segmented.SegmentedRaftLogWorker (SegmentedRaftLogWorker.java:lambda$new$0(135)) - s0@group-B24AF063D807-SegmentedRaftLogWorker: flushIndex: setUnconditionally 0 -> 20
2022-08-08 17:04:52,085 [s0-impl-thread1] INFO  segmented.SegmentedRaftLogWorker (SegmentedRaftLogWorker.java:lambda$new$0(135)) - s0@group-B24AF063D807-SegmentedRaftLogWorker: safeCacheEvictIndex: setUnconditionally 0 -> -1
2022-08-08 17:04:52,088 [s0-impl-thread1] INFO  raftlog.RaftLog (RaftLogBase.java:lambda$new$0(53)) - s0@group-B24AF063D807-SegmentedRaftLog: commitIndex: updateToMax old=-1, new=19, updated? true
2022-08-08 17:04:52,088 [s0-impl-thread1] TRACE segmented.SegmentedRaftLogCache (AutoCloseableReadWriteLock.java:logLocking(65)) - s0@group-B24AF063D807: readLock ACQUIRED 1 by SegmentedRaftLogCache.getStartIndex
2022-08-08 17:04:52,088 [s0-impl-thread1] TRACE segmented.SegmentedRaftLogCache (AutoCloseableReadWriteLock.java:logLocking(65)) -   s0@group-B24AF063D807: readLock ACQUIRED 2 by SegmentedRaftLogCache$LogSegmentList.isEmpty
2022-08-08 17:04:52,088 [s0-impl-thread1] TRACE segmented.SegmentedRaftLogCache (AutoCloseableReadWriteLock.java:logLocking(65)) -   s0@group-B24AF063D807: readLock RELEASED 1 by SegmentedRaftLogCache$LogSegmentList.isEmpty
2022-08-08 17:04:52,088 [s0-impl-thread1] TRACE segmented.SegmentedRaftLogCache (AutoCloseableReadWriteLock.java:logLocking(65)) - s0@group-B24AF063D807: readLock RELEASED 0 by SegmentedRaftLogCache.getStartIndex
2022-08-08 17:04:52,089 [s0-impl-thread1] INFO  server.RaftServer$Division (RaftServerImpl.java:start(314)) - s0@group-B24AF063D807: start as a follower, conf=0: peers:[s0|rpc:localhost:44329|admin:localhost:44721|client:localhost:39371|dataStream:localhost:42645|priority:0|startupRole:FOLLOWER, s1|rpc:localhost:41361|admin:localhost:40185|client:localhost:33019|dataStream:localhost:39869|priority:0|startupRole:FOLLOWER, s2|rpc:localhost:38737|admin:localhost:36401|client:localhost:33787|dataStream:localhost:36623|priority:0|startupRole:FOLLOWER]|listeners:[], old=null
2022-08-08 17:04:52,089 [s0-impl-thread1] INFO  server.RaftServer$Division (RaftServerImpl.java:setRole(301)) - s0@group-B24AF063D807: changes role from      null to FOLLOWER at term 1 for startAsFollower
2022-08-08 17:04:52,089 [s0-impl-thread1] INFO  impl.RoleInfo (RoleInfo.java:updateAndGet(139)) - s0: start s0@group-B24AF063D807-FollowerState
2022-08-08 17:04:52,089 [s0-impl-thread1] INFO  util.JmxRegister (JmxRegister.java:tryRegister(44)) - Successfully registered JMX Bean with object name Ratis:service=RaftServer,group=group-B24AF063D807,id=s0
2022-08-08 17:04:52,090 [s0-impl-thread1] INFO  server.RaftServerConfigKeys (ConfUtils.java:logGet(46)) - raft.server.snapshot.auto.trigger.enabled = false (default)
2022-08-08 17:04:52,090 [s0-impl-thread1] INFO  server.RaftServerConfigKeys (ConfUtils.java:logGet(46)) - raft.server.snapshot.retention.file.num = -1 (default)
2022-08-08 17:04:52,090 [s0-impl-thread1] INFO  server.RaftServerConfigKeys (ConfUtils.java:logGet(46)) - raft.server.log.purge.upto.snapshot.index = false (default)
2022-08-08 17:04:52,090 [Time-limited test] INFO  server.RaftServer (RaftServerProxy.java:startImpl(387)) - s0: start RPC server
2022-08-08 17:04:52,093 [s2-client-thread1] TRACE segmented.SegmentedRaftLogCache (AutoCloseableReadWriteLock.java:logLocking(65)) - s2@group-B24AF063D807: readLock ACQUIRED 1 by SegmentedRaftLogCache.getLastTermIndex
2022-08-08 17:04:52,093 [s0@group-B24AF063D807-StateMachineUpdater] INFO  statemachine.SimpleStateMachine4Testing (SimpleStateMachine4Testing.java:put(204)) - s0: put 1, m0 -> (t:1, i:1), STATEMACHINELOGENTRY, 143@client-6250EC404864
2022-08-08 17:04:52,093 [s2-client-thread1] TRACE segmented.SegmentedRaftLogCache (AutoCloseableReadWriteLock.java:logLocking(65)) - s2@group-B24AF063D807: readLock RELEASED 0 by SegmentedRaftLogCache.getLastTermIndex
2022-08-08 17:04:52,093 [s2-client-thread1] TRACE segmented.SegmentedRaftLogCache (AutoCloseableReadWriteLock.java:logLocking(65)) - s2@group-B24AF063D807: readLock ACQUIRED 1 by SegmentedRaftLogCache.getLastTermIndex
2022-08-08 17:04:52,093 [s2-client-thread1] TRACE segmented.SegmentedRaftLogCache (AutoCloseableReadWriteLock.java:logLocking(65)) - s2@group-B24AF063D807: readLock RELEASED 0 by SegmentedRaftLogCache.getLastTermIndex
2022-08-08 17:04:52,093 [s0@group-B24AF063D807-StateMachineUpdater] INFO  statemachine.SimpleStateMachine4Testing (SimpleStateMachine4Testing.java:put(204)) - s0: put 3, m1 -> (t:1, i:3), STATEMACHINELOGENTRY, 150@client-6250EC404864
2022-08-08 17:04:52,093 [s2-client-thread1] TRACE segmented.SegmentedRaftLogCache (AutoCloseableReadWriteLock.java:logLocking(65)) - s2@group-B24AF063D807: readLock ACQUIRED 1 by SegmentedRaftLogCache$LogSegmentList.countCached
2022-08-08 17:04:52,093 [s2-client-thread1] TRACE segmented.SegmentedRaftLogCache (AutoCloseableReadWriteLock.java:logLocking(65)) - s2@group-B24AF063D807: readLock RELEASED 0 by SegmentedRaftLogCache$LogSegmentList.countCached
2022-08-08 17:04:52,094 [s0@group-B24AF063D807-StateMachineUpdater] INFO  statemachine.SimpleStateMachine4Testing (SimpleStateMachine4Testing.java:put(204)) - s0: put 5, m2 -> (t:1, i:5), STATEMACHINELOGENTRY, 155@client-6250EC404864
2022-08-08 17:04:52,094 [s2-client-thread1] TRACE segmented.SegmentedRaftLogCache (AutoCloseableReadWriteLock.java:logLocking(65)) - s2@group-B24AF063D807: readLock ACQUIRED 1 by SegmentedRaftLogCache$LogSegmentList.getTotalCacheSize
2022-08-08 17:04:52,094 [s2-client-thread1] TRACE segmented.SegmentedRaftLogCache (AutoCloseableReadWriteLock.java:logLocking(65)) - s2@group-B24AF063D807: readLock RELEASED 0 by SegmentedRaftLogCache$LogSegmentList.getTotalCacheSize
2022-08-08 17:04:52,094 [s0@group-B24AF063D807-StateMachineUpdater] INFO  statemachine.SimpleStateMachine4Testing (SimpleStateMachine4Testing.java:put(204)) - s0: put 7, m3 -> (t:1, i:7), STATEMACHINELOGENTRY, 160@client-6250EC404864
2022-08-08 17:04:52,094 [s2-client-thread1] DEBUG segmented.SegmentedRaftLogWorker (SegmentedRaftLogWorker.java:addIOTask(270)) - s2@group-B24AF063D807-SegmentedRaftLogWorker adds IO task WriteLog:21: (t:1, i:21), STATEMACHINELOGENTRY, StateMachineLogEntryProto:190@client-73FEC95B6FDB
2022-08-08 17:04:52,094 [s0@group-B24AF063D807-StateMachineUpdater] INFO  statemachine.SimpleStateMachine4Testing (SimpleStateMachine4Testing.java:put(204)) - s0: put 9, m4 -> (t:1, i:9), STATEMACHINELOGENTRY, 163@client-6250EC404864
2022-08-08 17:04:52,094 [s0@group-B24AF063D807-StateMachineUpdater] INFO  statemachine.SimpleStateMachine4Testing (SimpleStateMachine4Testing.java:put(204)) - s0: put 11, m5 -> (t:1, i:11), STATEMACHINELOGENTRY, 166@client-6250EC404864
2022-08-08 17:04:52,094 [s2@group-B24AF063D807-SegmentedRaftLogWorker] DEBUG segmented.SegmentedRaftLogWorker (SegmentedRaftLogWorker.java:flushIfNecessary(365)) - s2@group-B24AF063D807-SegmentedRaftLogWorker: flush SegmentedRaftLogOutputStream(/home/runner/work/ratis/ratis/ratis-test/target/test/data/b051e71b/MiniRaftClusterWithSimulatedRpc1ec78f08/s2/0d1e7fc9-4c77-451a-91df-b24af063d807/current/log_inprogress_0)
2022-08-08 17:04:52,094 [s0@group-B24AF063D807-StateMachineUpdater] INFO  statemachine.SimpleStateMachine4Testing (SimpleStateMachine4Testing.java:put(204)) - s0: put 13, m6 -> (t:1, i:13), STATEMACHINELOGENTRY, 170@client-6250EC404864
2022-08-08 17:04:52,094 [s2@group-B24AF063D807->s0-LogAppenderDefault-LogAppenderDaemon] TRACE segmented.SegmentedRaftLogCache (AutoCloseableReadWriteLock.java:logLocking(65)) - s2@group-B24AF063D807: readLock ACQUIRED 1 by SegmentedRaftLogCache.getLastTermIndex
2022-08-08 17:04:52,094 [s2@group-B24AF063D807->s0-LogAppenderDefault-LogAppenderDaemon] TRACE segmented.SegmentedRaftLogCache (AutoCloseableReadWriteLock.java:logLocking(65)) - s2@group-B24AF063D807: readLock RELEASED 0 by SegmentedRaftLogCache.getLastTermIndex
2022-08-08 17:04:52,094 [s2@group-B24AF063D807->s0-LogAppenderDefault-LogAppenderDaemon] TRACE segmented.SegmentedRaftLogCache (AutoCloseableReadWriteLock.java:logLocking(65)) - s2@group-B24AF063D807: readLock ACQUIRED 1 by SegmentedRaftLogCache.getLastTermIndex
2022-08-08 17:04:52,094 [s2@group-B24AF063D807->s0-LogAppenderDefault-LogAppenderDaemon] TRACE segmented.SegmentedRaftLogCache (AutoCloseableReadWriteLock.java:logLocking(65)) - s2@group-B24AF063D807: readLock RELEASED 0 by SegmentedRaftLogCache.getLastTermIndex
2022-08-08 17:04:52,094 [s2@group-B24AF063D807->s0-LogAppenderDefault-LogAppenderDaemon] TRACE segmented.SegmentedRaftLogCache (AutoCloseableReadWriteLock.java:logLocking(65)) - s2@group-B24AF063D807: readLock ACQUIRED 1 by SegmentedRaftLogCache.getStartIndex
2022-08-08 17:04:52,094 [s2@group-B24AF063D807->s0-LogAppenderDefault-LogAppenderDaemon] TRACE segmented.SegmentedRaftLogCache (AutoCloseableReadWriteLock.java:logLocking(65)) -   s2@group-B24AF063D807: readLock ACQUIRED 2 by SegmentedRaftLogCache$LogSegmentList.isEmpty
2022-08-08 17:04:52,094 [s2@group-B24AF063D807->s0-LogAppenderDefault-LogAppenderDaemon] TRACE segmented.SegmentedRaftLogCache (AutoCloseableReadWriteLock.java:logLocking(65)) -   s2@group-B24AF063D807: readLock RELEASED 1 by SegmentedRaftLogCache$LogSegmentList.isEmpty
2022-08-08 17:04:52,094 [s2@group-B24AF063D807->s0-LogAppenderDefault-LogAppenderDaemon] TRACE segmented.SegmentedRaftLogCache (AutoCloseableReadWriteLock.java:logLocking(65)) - s2@group-B24AF063D807: readLock RELEASED 0 by SegmentedRaftLogCache.getStartIndex
2022-08-08 17:04:52,094 [s2@group-B24AF063D807->s0-LogAppenderDefault-LogAppenderDaemon] TRACE segmented.SegmentedRaftLogCache (AutoCloseableReadWriteLock.java:logLocking(65)) - s2@group-B24AF063D807: readLock ACQUIRED 1 by SegmentedRaftLogCache.getLastTermIndex
2022-08-08 17:04:52,094 [s2@group-B24AF063D807->s0-LogAppenderDefault-LogAppenderDaemon] TRACE segmented.SegmentedRaftLogCache (AutoCloseableReadWriteLock.java:logLocking(65)) - s2@group-B24AF063D807: readLock RELEASED 0 by SegmentedRaftLogCache.getLastTermIndex
2022-08-08 17:04:52,094 [s2@group-B24AF063D807->s1-LogAppenderDefault-LogAppenderDaemon] TRACE segmented.SegmentedRaftLogCache (AutoCloseableReadWriteLock.java:logLocking(65)) - s2@group-B24AF063D807: readLock ACQUIRED 1 by SegmentedRaftLogCache.getLastTermIndex
2022-08-08 17:04:52,095 [s2@group-B24AF063D807->s1-LogAppenderDefault-LogAppenderDaemon] TRACE segmented.SegmentedRaftLogCache (AutoCloseableReadWriteLock.java:logLocking(65)) - s2@group-B24AF063D807: readLock RELEASED 0 by SegmentedRaftLogCache.getLastTermIndex
2022-08-08 17:04:52,095 [s2@group-B24AF063D807->s1-LogAppenderDefault-LogAppenderDaemon] TRACE segmented.SegmentedRaftLogCache (AutoCloseableReadWriteLock.java:logLocking(65)) - s2@group-B24AF063D807: readLock ACQUIRED 1 by SegmentedRaftLogCache.getLastTermIndex
2022-08-08 17:04:52,095 [s2@group-B24AF063D807->s1-LogAppenderDefault-LogAppenderDaemon] TRACE segmented.SegmentedRaftLogCache (AutoCloseableReadWriteLock.java:logLocking(65)) - s2@group-B24AF063D807: readLock RELEASED 0 by SegmentedRaftLogCache.getLastTermIndex
2022-08-08 17:04:52,095 [s2@group-B24AF063D807->s1-LogAppenderDefault-LogAppenderDaemon] TRACE segmented.SegmentedRaftLogCache (AutoCloseableReadWriteLock.java:logLocking(65)) - s2@group-B24AF063D807: readLock ACQUIRED 1 by SegmentedRaftLogCache.getStartIndex
2022-08-08 17:04:52,095 [s2@group-B24AF063D807->s1-LogAppenderDefault-LogAppenderDaemon] TRACE segmented.SegmentedRaftLogCache (AutoCloseableReadWriteLock.java:logLocking(65)) -   s2@group-B24AF063D807: readLock ACQUIRED 2 by SegmentedRaftLogCache$LogSegmentList.isEmpty
2022-08-08 17:04:52,095 [s2@group-B24AF063D807->s1-LogAppenderDefault-LogAppenderDaemon] TRACE segmented.SegmentedRaftLogCache (AutoCloseableReadWriteLock.java:logLocking(65)) -   s2@group-B24AF063D807: readLock RELEASED 1 by SegmentedRaftLogCache$LogSegmentList.isEmpty
2022-08-08 17:04:52,095 [s2@group-B24AF063D807->s1-LogAppenderDefault-LogAppenderDaemon] TRACE segmented.SegmentedRaftLogCache (AutoCloseableReadWriteLock.java:logLocking(65)) - s2@group-B24AF063D807: readLock RELEASED 0 by SegmentedRaftLogCache.getStartIndex
2022-08-08 17:04:52,095 [s2@group-B24AF063D807->s1-LogAppenderDefault-LogAppenderDaemon] TRACE segmented.SegmentedRaftLogCache (AutoCloseableReadWriteLock.java:logLocking(65)) - s2@group-B24AF063D807: readLock ACQUIRED 1 by SegmentedRaftLogCache.getLastTermIndex
2022-08-08 17:04:52,095 [s2@group-B24AF063D807->s1-LogAppenderDefault-LogAppenderDaemon] TRACE segmented.SegmentedRaftLogCache (AutoCloseableReadWriteLock.java:logLocking(65)) - s2@group-B24AF063D807: readLock RELEASED 0 by SegmentedRaftLogCache.getLastTermIndex
2022-08-08 17:04:52,096 [Thread-512] INFO  server.RaftServer$Division (ServerState.java:setLeader(313)) - s0@group-B24AF063D807: change Leader from null to s2 at term 1 for appendEntries, leader elected after 17ms
2022-08-08 17:04:52,096 [Thread-512] TRACE segmented.SegmentedRaftLogCache (AutoCloseableReadWriteLock.java:logLocking(65)) - s0@group-B24AF063D807: readLock ACQUIRED 1 by SegmentedRaftLogCache.computeTruncateIndices
2022-08-08 17:04:52,096 [Thread-512] TRACE segmented.SegmentedRaftLogCache (AutoCloseableReadWriteLock.java:logLocking(65)) -   s0@group-B24AF063D807: readLock ACQUIRED 2 by SegmentedRaftLogCache$LogSegmentList.binarySearch
2022-08-08 17:04:52,096 [Thread-512] TRACE segmented.SegmentedRaftLogCache (AutoCloseableReadWriteLock.java:logLocking(65)) -   s0@group-B24AF063D807: readLock RELEASED 1 by SegmentedRaftLogCache$LogSegmentList.binarySearch
2022-08-08 17:04:52,096 [Thread-512] TRACE segmented.SegmentedRaftLogCache (AutoCloseableReadWriteLock.java:logLocking(65)) -   s0@group-B24AF063D807: readLock ACQUIRED 2 by SegmentedRaftLogCache$LogSegmentList.size
2022-08-08 17:04:52,097 [Thread-512] TRACE segmented.SegmentedRaftLogCache (AutoCloseableReadWriteLock.java:logLocking(65)) -   s0@group-B24AF063D807: readLock RELEASED 1 by SegmentedRaftLogCache$LogSegmentList.size
2022-08-08 17:04:52,097 [Thread-512] TRACE segmented.SegmentedRaftLogCache (AutoCloseableReadWriteLock.java:logLocking(65)) - s0@group-B24AF063D807: readLock RELEASED 0 by SegmentedRaftLogCache.computeTruncateIndices
2022-08-08 17:04:52,097 [Thread-512] DEBUG raftlog.RaftLog (SegmentedRaftLog.java:appendImpl(447)) - truncateIndex=-1, arrayIndex=0
2022-08-08 17:04:52,097 [Thread-467] TRACE segmented.SegmentedRaftLogCache (AutoCloseableReadWriteLock.java:logLocking(65)) - s1@group-B24AF063D807: readLock ACQUIRED 1 by SegmentedRaftLogCache.computeTruncateIndices
2022-08-08 17:04:52,097 [Thread-467] TRACE segmented.SegmentedRaftLogCache (AutoCloseableReadWriteLock.java:logLocking(65)) -   s1@group-B24AF063D807: readLock ACQUIRED 2 by SegmentedRaftLogCache$LogSegmentList.binarySearch
2022-08-08 17:04:52,097 [Thread-467] TRACE segmented.SegmentedRaftLogCache (AutoCloseableReadWriteLock.java:logLocking(65)) -   s1@group-B24AF063D807: readLock RELEASED 1 by SegmentedRaftLogCache$LogSegmentList.binarySearch
2022-08-08 17:04:52,097 [Thread-467] TRACE segmented.SegmentedRaftLogCache (AutoCloseableReadWriteLock.java:logLocking(65)) -   s1@group-B24AF063D807: readLock ACQUIRED 2 by SegmentedRaftLogCache$LogSegmentList.size
2022-08-08 17:04:52,097 [Thread-467] TRACE segmented.SegmentedRaftLogCache (AutoCloseableReadWriteLock.java:logLocking(65)) -   s1@group-B24AF063D807: readLock RELEASED 1 by SegmentedRaftLogCache$LogSegmentList.size
2022-08-08 17:04:52,097 [Thread-467] TRACE segmented.SegmentedRaftLogCache (AutoCloseableReadWriteLock.java:logLocking(65)) - s1@group-B24AF063D807: readLock RELEASED 0 by SegmentedRaftLogCache.computeTruncateIndices
2022-08-08 17:04:52,097 [Thread-467] DEBUG raftlog.RaftLog (SegmentedRaftLog.java:appendImpl(447)) - truncateIndex=-1, arrayIndex=0
2022-08-08 17:04:52,097 [Thread-467] TRACE segmented.SegmentedRaftLogCache (AutoCloseableReadWriteLock.java:logLocking(65)) - s1@group-B24AF063D807: readLock ACQUIRED 1 by SegmentedRaftLogCache.getLastTermIndex
2022-08-08 17:04:52,097 [Thread-467] TRACE segmented.SegmentedRaftLogCache (AutoCloseableReadWriteLock.java:logLocking(65)) - s1@group-B24AF063D807: readLock RELEASED 0 by SegmentedRaftLogCache.getLastTermIndex
2022-08-08 17:04:52,097 [Thread-467] TRACE segmented.SegmentedRaftLogCache (AutoCloseableReadWriteLock.java:logLocking(65)) - s1@group-B24AF063D807: readLock ACQUIRED 1 by SegmentedRaftLogCache$LogSegmentList.countCached
2022-08-08 17:04:52,097 [Thread-467] TRACE segmented.SegmentedRaftLogCache (AutoCloseableReadWriteLock.java:logLocking(65)) - s1@group-B24AF063D807: readLock RELEASED 0 by SegmentedRaftLogCache$LogSegmentList.countCached
2022-08-08 17:04:52,097 [Thread-467] TRACE segmented.SegmentedRaftLogCache (AutoCloseableReadWriteLock.java:logLocking(65)) - s1@group-B24AF063D807: readLock ACQUIRED 1 by SegmentedRaftLogCache$LogSegmentList.getTotalCacheSize
2022-08-08 17:04:52,097 [Thread-467] TRACE segmented.SegmentedRaftLogCache (AutoCloseableReadWriteLock.java:logLocking(65)) - s1@group-B24AF063D807: readLock RELEASED 0 by SegmentedRaftLogCache$LogSegmentList.getTotalCacheSize
2022-08-08 17:04:52,097 [Thread-467] DEBUG segmented.SegmentedRaftLogWorker (SegmentedRaftLogWorker.java:addIOTask(270)) - s1@group-B24AF063D807-SegmentedRaftLogWorker adds IO task WriteLog:21: (t:1, i:21), STATEMACHINELOGENTRY, StateMachineLogEntryProto:190@client-73FEC95B6FDB
2022-08-08 17:04:52,098 [s1@group-B24AF063D807-SegmentedRaftLogWorker] DEBUG segmented.SegmentedRaftLogWorker (SegmentedRaftLogWorker.java:flushIfNecessary(365)) - s1@group-B24AF063D807-SegmentedRaftLogWorker: flush SegmentedRaftLogOutputStream(/home/runner/work/ratis/ratis/ratis-test/target/test/data/b051e71b/MiniRaftClusterWithSimulatedRpc1ec78f08/s1/0d1e7fc9-4c77-451a-91df-b24af063d807/current/log_inprogress_0)
2022-08-08 17:04:52,098 [Thread-512] TRACE segmented.SegmentedRaftLogCache (AutoCloseableReadWriteLock.java:logLocking(65)) - s0@group-B24AF063D807: readLock ACQUIRED 1 by SegmentedRaftLogCache.getLastTermIndex
2022-08-08 17:04:52,098 [Thread-512] TRACE segmented.SegmentedRaftLogCache (AutoCloseableReadWriteLock.java:logLocking(65)) - s0@group-B24AF063D807: readLock RELEASED 0 by SegmentedRaftLogCache.getLastTermIndex
2022-08-08 17:04:52,098 [Thread-512] TRACE segmented.SegmentedRaftLogCache (AutoCloseableReadWriteLock.java:logLocking(65)) - s0@group-B24AF063D807: readLock ACQUIRED 1 by SegmentedRaftLogCache$LogSegmentList.countCached
2022-08-08 17:04:52,098 [Thread-512] TRACE segmented.SegmentedRaftLogCache (AutoCloseableReadWriteLock.java:logLocking(65)) - s0@group-B24AF063D807: readLock RELEASED 0 by SegmentedRaftLogCache$LogSegmentList.countCached
2022-08-08 17:04:52,098 [Thread-512] TRACE segmented.SegmentedRaftLogCache (AutoCloseableReadWriteLock.java:logLocking(65)) - s0@group-B24AF063D807: readLock ACQUIRED 1 by SegmentedRaftLogCache$LogSegmentList.getTotalCacheSize
2022-08-08 17:04:52,098 [Thread-512] TRACE segmented.SegmentedRaftLogCache (AutoCloseableReadWriteLock.java:logLocking(65)) - s0@group-B24AF063D807: readLock RELEASED 0 by SegmentedRaftLogCache$LogSegmentList.getTotalCacheSize
2022-08-08 17:04:52,098 [Thread-512] DEBUG segmented.SegmentedRaftLogWorker (SegmentedRaftLogWorker.java:addIOTask(270)) - s0@group-B24AF063D807-SegmentedRaftLogWorker adds IO task WriteLog:21: (t:1, i:21), STATEMACHINELOGENTRY, StateMachineLogEntryProto:190@client-73FEC95B6FDB
2022-08-08 17:04:52,094 [s0@group-B24AF063D807-StateMachineUpdater] INFO  statemachine.SimpleStateMachine4Testing (SimpleStateMachine4Testing.java:put(204)) - s0: put 15, m7 -> (t:1, i:15), STATEMACHINELOGENTRY, 174@client-6250EC404864
2022-08-08 17:04:52,100 [s2@group-B24AF063D807->s1-LogAppenderDefault-LogAppenderDaemon] TRACE segmented.SegmentedRaftLogCache (AutoCloseableReadWriteLock.java:logLocking(65)) - s2@group-B24AF063D807: readLock ACQUIRED 1 by SegmentedRaftLogCache.getLastTermIndex
2022-08-08 17:04:52,101 [s2@group-B24AF063D807->s1-LogAppenderDefault-LogAppenderDaemon] TRACE segmented.SegmentedRaftLogCache (AutoCloseableReadWriteLock.java:logLocking(65)) - s2@group-B24AF063D807: readLock RELEASED 0 by SegmentedRaftLogCache.getLastTermIndex
2022-08-08 17:04:52,101 [s2@group-B24AF063D807-LeaderStateImpl] TRACE segmented.SegmentedRaftLogCache (AutoCloseableReadWriteLock.java:logLocking(65)) - s2@group-B24AF063D807: readLock ACQUIRED 1 by SegmentedRaftLogCache.getStartIndex
2022-08-08 17:04:52,101 [s0@group-B24AF063D807-StateMachineUpdater] INFO  statemachine.SimpleStateMachine4Testing (SimpleStateMachine4Testing.java:put(204)) - s0: put 17, m8 -> (t:1, i:17), STATEMACHINELOGENTRY, 178@client-6250EC404864
2022-08-08 17:04:52,101 [s0@group-B24AF063D807-StateMachineUpdater] INFO  statemachine.SimpleStateMachine4Testing (SimpleStateMachine4Testing.java:put(204)) - s0: put 19, m9 -> (t:1, i:19), STATEMACHINELOGENTRY, 183@client-6250EC404864
2022-08-08 17:04:52,099 [s0@group-B24AF063D807-SegmentedRaftLogWorker] DEBUG segmented.SegmentedRaftLogWorker (SegmentedRaftLogWorker.java:flushIfNecessary(365)) - s0@group-B24AF063D807-SegmentedRaftLogWorker: flush SegmentedRaftLogOutputStream(/home/runner/work/ratis/ratis/ratis-test/target/test/data/b051e71b/MiniRaftClusterWithSimulatedRpc1ec78f08/s0/0d1e7fc9-4c77-451a-91df-b24af063d807/current/log_inprogress_0)
2022-08-08 17:04:52,101 [s2@group-B24AF063D807-LeaderStateImpl] TRACE segmented.SegmentedRaftLogCache (AutoCloseableReadWriteLock.java:logLocking(65)) -   s2@group-B24AF063D807: readLock ACQUIRED 2 by SegmentedRaftLogCache$LogSegmentList.isEmpty
2022-08-08 17:04:52,101 [s2@group-B24AF063D807-LeaderStateImpl] TRACE segmented.SegmentedRaftLogCache (AutoCloseableReadWriteLock.java:logLocking(65)) -   s2@group-B24AF063D807: readLock RELEASED 1 by SegmentedRaftLogCache$LogSegmentList.isEmpty
2022-08-08 17:04:52,101 [s2@group-B24AF063D807-LeaderStateImpl] TRACE segmented.SegmentedRaftLogCache (AutoCloseableReadWriteLock.java:logLocking(65)) - s2@group-B24AF063D807: readLock RELEASED 0 by SegmentedRaftLogCache.getStartIndex
2022-08-08 17:04:52,101 [s2@group-B24AF063D807-LeaderStateImpl] TRACE segmented.SegmentedRaftLogCache (AutoCloseableReadWriteLock.java:logLocking(65)) - s2@group-B24AF063D807: readLock ACQUIRED 1 by SegmentedRaftLogCache.getEndIndex
2022-08-08 17:04:52,101 [s2@group-B24AF063D807-LeaderStateImpl] TRACE segmented.SegmentedRaftLogCache (AutoCloseableReadWriteLock.java:logLocking(65)) - s2@group-B24AF063D807: readLock RELEASED 0 by SegmentedRaftLogCache.getEndIndex
2022-08-08 17:04:52,101 [s2@group-B24AF063D807-LeaderStateImpl] TRACE segmented.SegmentedRaftLogCache (AutoCloseableReadWriteLock.java:logLocking(65)) - s2@group-B24AF063D807: readLock ACQUIRED 1 by SegmentedRaftLogCache$LogSegmentList.getTermIndex
2022-08-08 17:04:52,101 [s2@group-B24AF063D807-LeaderStateImpl] TRACE segmented.SegmentedRaftLogCache (AutoCloseableReadWriteLock.java:logLocking(65)) - s2@group-B24AF063D807: readLock RELEASED 0 by SegmentedRaftLogCache$LogSegmentList.getTermIndex
2022-08-08 17:04:52,101 [s2@group-B24AF063D807-LeaderStateImpl] TRACE segmented.SegmentedRaftLogCache (AutoCloseableReadWriteLock.java:logLocking(65)) - s2@group-B24AF063D807: readLock ACQUIRED 1 by SegmentedRaftLogCache.getLastTermIndex
2022-08-08 17:04:52,101 [s2@group-B24AF063D807-LeaderStateImpl] TRACE segmented.SegmentedRaftLogCache (AutoCloseableReadWriteLock.java:logLocking(65)) - s2@group-B24AF063D807: readLock RELEASED 0 by SegmentedRaftLogCache.getLastTermIndex
2022-08-08 17:04:52,101 [s2@group-B24AF063D807-LeaderStateImpl] TRACE segmented.SegmentedRaftLogCache (AutoCloseableReadWriteLock.java:logLocking(65)) - s2@group-B24AF063D807: readLock ACQUIRED 1 by SegmentedRaftLogCache$LogSegmentList.countCached
2022-08-08 17:04:52,101 [s2@group-B24AF063D807-LeaderStateImpl] TRACE segmented.SegmentedRaftLogCache (AutoCloseableReadWriteLock.java:logLocking(65)) - s2@group-B24AF063D807: readLock RELEASED 0 by SegmentedRaftLogCache$LogSegmentList.countCached
2022-08-08 17:04:52,102 [s2@group-B24AF063D807-LeaderStateImpl] TRACE segmented.SegmentedRaftLogCache (AutoCloseableReadWriteLock.java:logLocking(65)) - s2@group-B24AF063D807: readLock ACQUIRED 1 by SegmentedRaftLogCache$LogSegmentList.getTotalCacheSize
2022-08-08 17:04:52,102 [s2@group-B24AF063D807-LeaderStateImpl] TRACE segmented.SegmentedRaftLogCache (AutoCloseableReadWriteLock.java:logLocking(65)) - s2@group-B24AF063D807: readLock RELEASED 0 by SegmentedRaftLogCache$LogSegmentList.getTotalCacheSize
2022-08-08 17:04:52,102 [s2@group-B24AF063D807-LeaderStateImpl] DEBUG segmented.SegmentedRaftLogWorker (SegmentedRaftLogWorker.java:addIOTask(270)) - s2@group-B24AF063D807-SegmentedRaftLogWorker adds IO task WriteLog:22: (t:1, i:22), METADATAENTRY(c:21)
2022-08-08 17:04:52,102 [s2@group-B24AF063D807-SegmentedRaftLogWorker] DEBUG segmented.SegmentedRaftLogWorker (SegmentedRaftLogWorker.java:flushIfNecessary(365)) - s2@group-B24AF063D807-SegmentedRaftLogWorker: flush SegmentedRaftLogOutputStream(/home/runner/work/ratis/ratis/ratis-test/target/test/data/b051e71b/MiniRaftClusterWithSimulatedRpc1ec78f08/s2/0d1e7fc9-4c77-451a-91df-b24af063d807/current/log_inprogress_0)
2022-08-08 17:04:52,102 [s2@group-B24AF063D807->s1-LogAppenderDefault-LogAppenderDaemon] TRACE segmented.SegmentedRaftLogCache (AutoCloseableReadWriteLock.java:logLocking(65)) - s2@group-B24AF063D807: readLock ACQUIRED 1 by SegmentedRaftLogCache.getLastTermIndex
2022-08-08 17:04:52,102 [s2@group-B24AF063D807->s1-LogAppenderDefault-LogAppenderDaemon] TRACE segmented.SegmentedRaftLogCache (AutoCloseableReadWriteLock.java:logLocking(65)) - s2@group-B24AF063D807: readLock RELEASED 0 by SegmentedRaftLogCache.getLastTermIndex
2022-08-08 17:04:52,102 [s2@group-B24AF063D807->s1-LogAppenderDefault-LogAppenderDaemon] TRACE segmented.SegmentedRaftLogCache (AutoCloseableReadWriteLock.java:logLocking(65)) - s2@group-B24AF063D807: readLock ACQUIRED 1 by SegmentedRaftLogCache.getLastTermIndex
2022-08-08 17:04:52,102 [s2@group-B24AF063D807->s1-LogAppenderDefault-LogAppenderDaemon] TRACE segmented.SegmentedRaftLogCache (AutoCloseableReadWriteLock.java:logLocking(65)) - s2@group-B24AF063D807: readLock RELEASED 0 by SegmentedRaftLogCache.getLastTermIndex
2022-08-08 17:04:52,102 [s2@group-B24AF063D807->s1-LogAppenderDefault-LogAppenderDaemon] TRACE segmented.SegmentedRaftLogCache (AutoCloseableReadWriteLock.java:logLocking(65)) - s2@group-B24AF063D807: readLock ACQUIRED 1 by SegmentedRaftLogCache.getStartIndex
2022-08-08 17:04:52,102 [s2@group-B24AF063D807->s1-LogAppenderDefault-LogAppenderDaemon] TRACE segmented.SegmentedRaftLogCache (AutoCloseableReadWriteLock.java:logLocking(65)) -   s2@group-B24AF063D807: readLock ACQUIRED 2 by SegmentedRaftLogCache$LogSegmentList.isEmpty
2022-08-08 17:04:52,102 [s2@group-B24AF063D807->s1-LogAppenderDefault-LogAppenderDaemon] TRACE segmented.SegmentedRaftLogCache (AutoCloseableReadWriteLock.java:logLocking(65)) -   s2@group-B24AF063D807: readLock RELEASED 1 by SegmentedRaftLogCache$LogSegmentList.isEmpty
2022-08-08 17:04:52,102 [s2@group-B24AF063D807->s1-LogAppenderDefault-LogAppenderDaemon] TRACE segmented.SegmentedRaftLogCache (AutoCloseableReadWriteLock.java:logLocking(65)) - s2@group-B24AF063D807: readLock RELEASED 0 by SegmentedRaftLogCache.getStartIndex
2022-08-08 17:04:52,102 [s2@group-B24AF063D807->s1-LogAppenderDefault-LogAppenderDaemon] TRACE segmented.SegmentedRaftLogCache (AutoCloseableReadWriteLock.java:logLocking(65)) - s2@group-B24AF063D807: readLock ACQUIRED 1 by SegmentedRaftLogCache.getLastTermIndex
2022-08-08 17:04:52,102 [s2@group-B24AF063D807->s1-LogAppenderDefault-LogAppenderDaemon] TRACE segmented.SegmentedRaftLogCache (AutoCloseableReadWriteLock.java:logLocking(65)) - s2@group-B24AF063D807: readLock RELEASED 0 by SegmentedRaftLogCache.getLastTermIndex
2022-08-08 17:04:52,102 [s2@group-B24AF063D807-StateMachineUpdater] INFO  statemachine.SimpleStateMachine4Testing (SimpleStateMachine4Testing.java:put(204)) - s2: put 21, m10 -> (t:1, i:21), STATEMACHINELOGENTRY, 190@client-73FEC95B6FDB
2022-08-08 17:04:52,102 [Thread-468] TRACE segmented.SegmentedRaftLogCache (AutoCloseableReadWriteLock.java:logLocking(65)) - s1@group-B24AF063D807: readLock ACQUIRED 1 by SegmentedRaftLogCache.computeTruncateIndices
2022-08-08 17:04:52,102 [Thread-468] TRACE segmented.SegmentedRaftLogCache (AutoCloseableReadWriteLock.java:logLocking(65)) -   s1@group-B24AF063D807: readLock ACQUIRED 2 by SegmentedRaftLogCache$LogSegmentList.binarySearch
2022-08-08 17:04:52,103 [Thread-468] TRACE segmented.SegmentedRaftLogCache (AutoCloseableReadWriteLock.java:logLocking(65)) -   s1@group-B24AF063D807: readLock RELEASED 1 by SegmentedRaftLogCache$LogSegmentList.binarySearch
2022-08-08 17:04:52,103 [Thread-468] TRACE segmented.SegmentedRaftLogCache (AutoCloseableReadWriteLock.java:logLocking(65)) -   s1@group-B24AF063D807: readLock ACQUIRED 2 by SegmentedRaftLogCache$LogSegmentList.size
2022-08-08 17:04:52,103 [Thread-468] TRACE segmented.SegmentedRaftLogCache (AutoCloseableReadWriteLock.java:logLocking(65)) -   s1@group-B24AF063D807: readLock RELEASED 1 by SegmentedRaftLogCache$LogSegmentList.size
2022-08-08 17:04:52,103 [Thread-468] TRACE segmented.SegmentedRaftLogCache (AutoCloseableReadWriteLock.java:logLocking(65)) - s1@group-B24AF063D807: readLock RELEASED 0 by SegmentedRaftLogCache.computeTruncateIndices
2022-08-08 17:04:52,103 [Thread-468] DEBUG raftlog.RaftLog (SegmentedRaftLog.java:appendImpl(447)) - truncateIndex=-1, arrayIndex=0
2022-08-08 17:04:52,103 [Thread-468] TRACE segmented.SegmentedRaftLogCache (AutoCloseableReadWriteLock.java:logLocking(65)) - s1@group-B24AF063D807: readLock ACQUIRED 1 by SegmentedRaftLogCache$LogSegmentList.countCached
2022-08-08 17:04:52,103 [Thread-468] TRACE segmented.SegmentedRaftLogCache (AutoCloseableReadWriteLock.java:logLocking(65)) - s1@group-B24AF063D807: readLock RELEASED 0 by SegmentedRaftLogCache$LogSegmentList.countCached
2022-08-08 17:04:52,103 [Thread-468] TRACE segmented.SegmentedRaftLogCache (AutoCloseableReadWriteLock.java:logLocking(65)) - s1@group-B24AF063D807: readLock ACQUIRED 1 by SegmentedRaftLogCache$LogSegmentList.getTotalCacheSize
2022-08-08 17:04:52,103 [Thread-468] TRACE segmented.SegmentedRaftLogCache (AutoCloseableReadWriteLock.java:logLocking(65)) - s1@group-B24AF063D807: readLock RELEASED 0 by SegmentedRaftLogCache$LogSegmentList.getTotalCacheSize
2022-08-08 17:04:52,103 [Thread-468] DEBUG segmented.SegmentedRaftLogWorker (SegmentedRaftLogWorker.java:addIOTask(270)) - s1@group-B24AF063D807-SegmentedRaftLogWorker adds IO task WriteLog:22: (t:1, i:22), METADATAENTRY(c:21)
2022-08-08 17:04:52,104 [s1@group-B24AF063D807-SegmentedRaftLogWorker] DEBUG segmented.SegmentedRaftLogWorker (SegmentedRaftLogWorker.java:flushIfNecessary(365)) - s1@group-B24AF063D807-SegmentedRaftLogWorker: flush SegmentedRaftLogOutputStream(/home/runner/work/ratis/ratis/ratis-test/target/test/data/b051e71b/MiniRaftClusterWithSimulatedRpc1ec78f08/s1/0d1e7fc9-4c77-451a-91df-b24af063d807/current/log_inprogress_0)
2022-08-08 17:04:52,104 [s2-client-thread1] TRACE segmented.SegmentedRaftLogCache (AutoCloseableReadWriteLock.java:logLocking(65)) - s2@group-B24AF063D807: readLock ACQUIRED 1 by SegmentedRaftLogCache.getLastTermIndex
2022-08-08 17:04:52,104 [s2-client-thread1] TRACE segmented.SegmentedRaftLogCache (AutoCloseableReadWriteLock.java:logLocking(65)) - s2@group-B24AF063D807: readLock RELEASED 0 by SegmentedRaftLogCache.getLastTermIndex
2022-08-08 17:04:52,104 [s1@group-B24AF063D807-StateMachineUpdater] INFO  statemachine.SimpleStateMachine4Testing (SimpleStateMachine4Testing.java:put(204)) - s1: put 21, m10 -> (t:1, i:21), STATEMACHINELOGENTRY, 190@client-73FEC95B6FDB
2022-08-08 17:04:52,104 [s2-client-thread1] TRACE segmented.SegmentedRaftLogCache (AutoCloseableReadWriteLock.java:logLocking(65)) - s2@group-B24AF063D807: readLock ACQUIRED 1 by SegmentedRaftLogCache.getLastTermIndex
2022-08-08 17:04:52,104 [s2-client-thread1] TRACE segmented.SegmentedRaftLogCache (AutoCloseableReadWriteLock.java:logLocking(65)) - s2@group-B24AF063D807: readLock RELEASED 0 by SegmentedRaftLogCache.getLastTermIndex
2022-08-08 17:04:52,104 [s2-client-thread1] TRACE segmented.SegmentedRaftLogCache (AutoCloseableReadWriteLock.java:logLocking(65)) - s2@group-B24AF063D807: readLock ACQUIRED 1 by SegmentedRaftLogCache$LogSegmentList.countCached
2022-08-08 17:04:52,104 [s2-client-thread1] TRACE segmented.SegmentedRaftLogCache (AutoCloseableReadWriteLock.java:logLocking(65)) - s2@group-B24AF063D807: readLock RELEASED 0 by SegmentedRaftLogCache$LogSegmentList.countCached
2022-08-08 17:04:52,104 [s2-client-thread1] TRACE segmented.SegmentedRaftLogCache (AutoCloseableReadWriteLock.java:logLocking(65)) - s2@group-B24AF063D807: readLock ACQUIRED 1 by SegmentedRaftLogCache$LogSegmentList.getTotalCacheSize
2022-08-08 17:04:52,104 [s2-client-thread1] TRACE segmented.SegmentedRaftLogCache (AutoCloseableReadWriteLock.java:logLocking(65)) - s2@group-B24AF063D807: readLock RELEASED 0 by SegmentedRaftLogCache$LogSegmentList.getTotalCacheSize
2022-08-08 17:04:52,104 [s2-client-thread1] DEBUG segmented.SegmentedRaftLogWorker (SegmentedRaftLogWorker.java:addIOTask(270)) - s2@group-B24AF063D807-SegmentedRaftLogWorker adds IO task WriteLog:23: (t:1, i:23), STATEMACHINELOGENTRY, StateMachineLogEntryProto:194@client-73FEC95B6FDB
2022-08-08 17:04:52,105 [s2@group-B24AF063D807->s1-LogAppenderDefault-LogAppenderDaemon] TRACE segmented.SegmentedRaftLogCache (AutoCloseableReadWriteLock.java:logLocking(65)) - s2@group-B24AF063D807: readLock ACQUIRED 1 by SegmentedRaftLogCache.getLastTermIndex
2022-08-08 17:04:52,105 [s2@group-B24AF063D807->s1-LogAppenderDefault-LogAppenderDaemon] TRACE segmented.SegmentedRaftLogCache (AutoCloseableReadWriteLock.java:logLocking(65)) - s2@group-B24AF063D807: readLock RELEASED 0 by SegmentedRaftLogCache.getLastTermIndex
2022-08-08 17:04:52,105 [s2@group-B24AF063D807->s1-LogAppenderDefault-LogAppenderDaemon] TRACE segmented.SegmentedRaftLogCache (AutoCloseableReadWriteLock.java:logLocking(65)) - s2@group-B24AF063D807: readLock ACQUIRED 1 by SegmentedRaftLogCache.getLastTermIndex
2022-08-08 17:04:52,105 [s2@group-B24AF063D807->s1-LogAppenderDefault-LogAppenderDaemon] TRACE segmented.SegmentedRaftLogCache (AutoCloseableReadWriteLock.java:logLocking(65)) - s2@group-B24AF063D807: readLock RELEASED 0 by SegmentedRaftLogCache.getLastTermIndex
2022-08-08 17:04:52,105 [s2@group-B24AF063D807->s1-LogAppenderDefault-LogAppenderDaemon] TRACE segmented.SegmentedRaftLogCache (AutoCloseableReadWriteLock.java:logLocking(65)) - s2@group-B24AF063D807: readLock ACQUIRED 1 by SegmentedRaftLogCache.getLastTermIndex
2022-08-08 17:04:52,105 [s2@group-B24AF063D807->s1-LogAppenderDefault-LogAppenderDaemon] TRACE segmented.SegmentedRaftLogCache (AutoCloseableReadWriteLock.java:logLocking(65)) - s2@group-B24AF063D807: readLock RELEASED 0 by SegmentedRaftLogCache.getLastTermIndex
2022-08-08 17:04:52,105 [s2@group-B24AF063D807->s1-LogAppenderDefault-LogAppenderDaemon] TRACE segmented.SegmentedRaftLogCache (AutoCloseableReadWriteLock.java:logLocking(65)) - s2@group-B24AF063D807: readLock ACQUIRED 1 by SegmentedRaftLogCache.getStartIndex
2022-08-08 17:04:52,105 [s2@group-B24AF063D807->s1-LogAppenderDefault-LogAppenderDaemon] TRACE segmented.SegmentedRaftLogCache (AutoCloseableReadWriteLock.java:logLocking(65)) -   s2@group-B24AF063D807: readLock ACQUIRED 2 by SegmentedRaftLogCache$LogSegmentList.isEmpty
2022-08-08 17:04:52,105 [s2@group-B24AF063D807->s1-LogAppenderDefault-LogAppenderDaemon] TRACE segmented.SegmentedRaftLogCache (AutoCloseableReadWriteLock.java:logLocking(65)) -   s2@group-B24AF063D807: readLock RELEASED 1 by SegmentedRaftLogCache$LogSegmentList.isEmpty
2022-08-08 17:04:52,105 [s2@group-B24AF063D807->s1-LogAppenderDefault-LogAppenderDaemon] TRACE segmented.SegmentedRaftLogCache (AutoCloseableReadWriteLock.java:logLocking(65)) - s2@group-B24AF063D807: readLock RELEASED 0 by SegmentedRaftLogCache.getStartIndex
2022-08-08 17:04:52,105 [s2@group-B24AF063D807->s1-LogAppenderDefault-LogAppenderDaemon] TRACE segmented.SegmentedRaftLogCache (AutoCloseableReadWriteLock.java:logLocking(65)) - s2@group-B24AF063D807: readLock ACQUIRED 1 by SegmentedRaftLogCache.getLastTermIndex
2022-08-08 17:04:52,105 [s2@group-B24AF063D807->s1-LogAppenderDefault-LogAppenderDaemon] TRACE segmented.SegmentedRaftLogCache (AutoCloseableReadWriteLock.java:logLocking(65)) - s2@group-B24AF063D807: readLock RELEASED 0 by SegmentedRaftLogCache.getLastTermIndex
2022-08-08 17:04:52,105 [s2@group-B24AF063D807-SegmentedRaftLogWorker] DEBUG segmented.SegmentedRaftLogWorker (SegmentedRaftLogWorker.java:flushIfNecessary(365)) - s2@group-B24AF063D807-SegmentedRaftLogWorker: flush SegmentedRaftLogOutputStream(/home/runner/work/ratis/ratis/ratis-test/target/test/data/b051e71b/MiniRaftClusterWithSimulatedRpc1ec78f08/s2/0d1e7fc9-4c77-451a-91df-b24af063d807/current/log_inprogress_0)
2022-08-08 17:04:52,105 [Thread-469] TRACE segmented.SegmentedRaftLogCache (AutoCloseableReadWriteLock.java:logLocking(65)) - s1@group-B24AF063D807: readLock ACQUIRED 1 by SegmentedRaftLogCache.computeTruncateIndices
2022-08-08 17:04:52,105 [s2@group-B24AF063D807-LeaderStateImpl] TRACE segmented.SegmentedRaftLogCache (AutoCloseableReadWriteLock.java:logLocking(65)) - s2@group-B24AF063D807: readLock ACQUIRED 1 by SegmentedRaftLogCache.getStartIndex
2022-08-08 17:04:52,105 [Thread-469] TRACE segmented.SegmentedRaftLogCache (AutoCloseableReadWriteLock.java:logLocking(65)) -   s1@group-B24AF063D807: readLock ACQUIRED 2 by SegmentedRaftLogCache$LogSegmentList.binarySearch
2022-08-08 17:04:52,105 [Thread-469] TRACE segmented.SegmentedRaftLogCache (AutoCloseableReadWriteLock.java:logLocking(65)) -   s1@group-B24AF063D807: readLock RELEASED 1 by SegmentedRaftLogCache$LogSegmentList.binarySearch
2022-08-08 17:04:52,105 [s2@group-B24AF063D807-LeaderStateImpl] TRACE segmented.SegmentedRaftLogCache (AutoCloseableReadWriteLock.java:logLocking(65)) -   s2@group-B24AF063D807: readLock ACQUIRED 2 by SegmentedRaftLogCache$LogSegmentList.isEmpty
2022-08-08 17:04:52,105 [s2@group-B24AF063D807-LeaderStateImpl] TRACE segmented.SegmentedRaftLogCache (AutoCloseableReadWriteLock.java:logLocking(65)) -   s2@group-B24AF063D807: readLock RELEASED 1 by SegmentedRaftLogCache$LogSegmentList.isEmpty
2022-08-08 17:04:52,106 [s2@group-B24AF063D807-LeaderStateImpl] TRACE segmented.SegmentedRaftLogCache (AutoCloseableReadWriteLock.java:logLocking(65)) - s2@group-B24AF063D807: readLock RELEASED 0 by SegmentedRaftLogCache.getStartIndex
2022-08-08 17:04:52,105 [Thread-469] TRACE segmented.SegmentedRaftLogCache (AutoCloseableReadWriteLock.java:logLocking(65)) -   s1@group-B24AF063D807: readLock ACQUIRED 2 by SegmentedRaftLogCache$LogSegmentList.size
2022-08-08 17:04:52,106 [Thread-469] TRACE segmented.SegmentedRaftLogCache (AutoCloseableReadWriteLock.java:logLocking(65)) -   s1@group-B24AF063D807: readLock RELEASED 1 by SegmentedRaftLogCache$LogSegmentList.size
2022-08-08 17:04:52,106 [Thread-469] TRACE segmented.SegmentedRaftLogCache (AutoCloseableReadWriteLock.java:logLocking(65)) - s1@group-B24AF063D807: readLock RELEASED 0 by SegmentedRaftLogCache.computeTruncateIndices
2022-08-08 17:04:52,106 [s2@group-B24AF063D807-LeaderStateImpl] TRACE segmented.SegmentedRaftLogCache (AutoCloseableReadWriteLock.java:logLocking(65)) - s2@group-B24AF063D807: readLock ACQUIRED 1 by SegmentedRaftLogCache.getEndIndex
2022-08-08 17:04:52,106 [s2@group-B24AF063D807-LeaderStateImpl] TRACE segmented.SegmentedRaftLogCache (AutoCloseableReadWriteLock.java:logLocking(65)) - s2@group-B24AF063D807: readLock RELEASED 0 by SegmentedRaftLogCache.getEndIndex
2022-08-08 17:04:52,106 [Thread-469] DEBUG raftlog.RaftLog (SegmentedRaftLog.java:appendImpl(447)) - truncateIndex=-1, arrayIndex=0
2022-08-08 17:04:52,106 [Thread-469] TRACE segmented.SegmentedRaftLogCache (AutoCloseableReadWriteLock.java:logLocking(65)) - s1@group-B24AF063D807: readLock ACQUIRED 1 by SegmentedRaftLogCache.getLastTermIndex
2022-08-08 17:04:52,106 [Thread-469] TRACE segmented.SegmentedRaftLogCache (AutoCloseableReadWriteLock.java:logLocking(65)) - s1@group-B24AF063D807: readLock RELEASED 0 by SegmentedRaftLogCache.getLastTermIndex
2022-08-08 17:04:52,106 [Thread-469] TRACE segmented.SegmentedRaftLogCache (AutoCloseableReadWriteLock.java:logLocking(65)) - s1@group-B24AF063D807: readLock ACQUIRED 1 by SegmentedRaftLogCache$LogSegmentList.countCached
2022-08-08 17:04:52,106 [Thread-469] TRACE segmented.SegmentedRaftLogCache (AutoCloseableReadWriteLock.java:logLocking(65)) - s1@group-B24AF063D807: readLock RELEASED 0 by SegmentedRaftLogCache$LogSegmentList.countCached
2022-08-08 17:04:52,106 [Thread-469] TRACE segmented.SegmentedRaftLogCache (AutoCloseableReadWriteLock.java:logLocking(65)) - s1@group-B24AF063D807: readLock ACQUIRED 1 by SegmentedRaftLogCache$LogSegmentList.getTotalCacheSize
2022-08-08 17:04:52,106 [Thread-469] TRACE segmented.SegmentedRaftLogCache (AutoCloseableReadWriteLock.java:logLocking(65)) - s1@group-B24AF063D807: readLock RELEASED 0 by SegmentedRaftLogCache$LogSegmentList.getTotalCacheSize
2022-08-08 17:04:52,106 [Thread-469] DEBUG segmented.SegmentedRaftLogWorker (SegmentedRaftLogWorker.java:addIOTask(270)) - s1@group-B24AF063D807-SegmentedRaftLogWorker adds IO task WriteLog:23: (t:1, i:23), STATEMACHINELOGENTRY, StateMachineLogEntryProto:194@client-73FEC95B6FDB
2022-08-08 17:04:52,106 [s1@group-B24AF063D807-SegmentedRaftLogWorker] DEBUG segmented.SegmentedRaftLogWorker (SegmentedRaftLogWorker.java:flushIfNecessary(365)) - s1@group-B24AF063D807-SegmentedRaftLogWorker: flush SegmentedRaftLogOutputStream(/home/runner/work/ratis/ratis/ratis-test/target/test/data/b051e71b/MiniRaftClusterWithSimulatedRpc1ec78f08/s1/0d1e7fc9-4c77-451a-91df-b24af063d807/current/log_inprogress_0)
2022-08-08 17:04:52,107 [s2@group-B24AF063D807->s1-LogAppenderDefault-LogAppenderDaemon] TRACE segmented.SegmentedRaftLogCache (AutoCloseableReadWriteLock.java:logLocking(65)) -   s2@group-B24AF063D807: readLock ACQUIRED 2 by SegmentedRaftLogCache.getLastTermIndex
2022-08-08 17:04:52,107 [s2@group-B24AF063D807->s1-LogAppenderDefault-LogAppenderDaemon] TRACE segmented.SegmentedRaftLogCache (AutoCloseableReadWriteLock.java:logLocking(65)) -   s2@group-B24AF063D807: readLock RELEASED 1 by SegmentedRaftLogCache.getLastTermIndex
2022-08-08 17:04:52,106 [org.apache.ratis.util.JvmPauseMonitor$$Lambda$263/548170058@40e4a4a3] INFO  util.JvmPauseMonitor (JvmPauseMonitor.java:run(103)) - JvmPauseMonitor-s0: Started
2022-08-08 17:04:52,106 [s2@group-B24AF063D807-LeaderStateImpl] TRACE segmented.SegmentedRaftLogCache (AutoCloseableReadWriteLock.java:logLocking(65)) - s2@group-B24AF063D807: readLock ACQUIRED 1 by SegmentedRaftLogCache$LogSegmentList.getTermIndex
2022-08-08 17:04:52,107 [s2@group-B24AF063D807-LeaderStateImpl] TRACE segmented.SegmentedRaftLogCache (AutoCloseableReadWriteLock.java:logLocking(65)) - s2@group-B24AF063D807: readLock RELEASED 0 by SegmentedRaftLogCache$LogSegmentList.getTermIndex
2022-08-08 17:04:52,107 [s2@group-B24AF063D807-LeaderStateImpl] TRACE segmented.SegmentedRaftLogCache (AutoCloseableReadWriteLock.java:logLocking(65)) - s2@group-B24AF063D807: readLock ACQUIRED 1 by SegmentedRaftLogCache.getStartIndex
2022-08-08 17:04:52,107 [s2@group-B24AF063D807-LeaderStateImpl] TRACE segmented.SegmentedRaftLogCache (AutoCloseableReadWriteLock.java:logLocking(65)) -   s2@group-B24AF063D807: readLock ACQUIRED 2 by SegmentedRaftLogCache$LogSegmentList.isEmpty
2022-08-08 17:04:52,107 [s2@group-B24AF063D807-LeaderStateImpl] TRACE segmented.SegmentedRaftLogCache (AutoCloseableReadWriteLock.java:logLocking(65)) -   s2@group-B24AF063D807: readLock RELEASED 1 by SegmentedRaftLogCache$LogSegmentList.isEmpty
2022-08-08 17:04:52,107 [s2@group-B24AF063D807-LeaderStateImpl] TRACE segmented.SegmentedRaftLogCache (AutoCloseableReadWriteLock.java:logLocking(65)) - s2@group-B24AF063D807: readLock RELEASED 0 by SegmentedRaftLogCache.getStartIndex
2022-08-08 17:04:52,107 [s2@group-B24AF063D807-LeaderStateImpl] TRACE segmented.SegmentedRaftLogCache (AutoCloseableReadWriteLock.java:logLocking(65)) - s2@group-B24AF063D807: readLock ACQUIRED 1 by SegmentedRaftLogCache.getEndIndex
2022-08-08 17:04:52,107 [s2@group-B24AF063D807-LeaderStateImpl] TRACE segmented.SegmentedRaftLogCache (AutoCloseableReadWriteLock.java:logLocking(65)) - s2@group-B24AF063D807: readLock RELEASED 0 by SegmentedRaftLogCache.getEndIndex
2022-08-08 17:04:52,107 [s2@group-B24AF063D807-LeaderStateImpl] TRACE segmented.SegmentedRaftLogCache (AutoCloseableReadWriteLock.java:logLocking(65)) - s2@group-B24AF063D807: readLock ACQUIRED 1 by SegmentedRaftLogCache$LogSegmentList.getTermIndex
2022-08-08 17:04:52,107 [s2@group-B24AF063D807-LeaderStateImpl] TRACE segmented.SegmentedRaftLogCache (AutoCloseableReadWriteLock.java:logLocking(65)) - s2@group-B24AF063D807: readLock RELEASED 0 by SegmentedRaftLogCache$LogSegmentList.getTermIndex
2022-08-08 17:04:52,107 [s2@group-B24AF063D807-LeaderStateImpl] TRACE segmented.SegmentedRaftLogCache (AutoCloseableReadWriteLock.java:logLocking(65)) - s2@group-B24AF063D807: readLock ACQUIRED 1 by SegmentedRaftLogCache.getLastTermIndex
2022-08-08 17:04:52,107 [s2@group-B24AF063D807-LeaderStateImpl] TRACE segmented.SegmentedRaftLogCache (AutoCloseableReadWriteLock.java:logLocking(65)) - s2@group-B24AF063D807: readLock RELEASED 0 by SegmentedRaftLogCache.getLastTermIndex
2022-08-08 17:04:52,107 [s2@group-B24AF063D807-LeaderStateImpl] TRACE segmented.SegmentedRaftLogCache (AutoCloseableReadWriteLock.java:logLocking(65)) - s2@group-B24AF063D807: readLock ACQUIRED 1 by SegmentedRaftLogCache$LogSegmentList.countCached
2022-08-08 17:04:52,107 [s2@group-B24AF063D807-LeaderStateImpl] TRACE segmented.SegmentedRaftLogCache (AutoCloseableReadWriteLock.java:logLocking(65)) - s2@group-B24AF063D807: readLock RELEASED 0 by SegmentedRaftLogCache$LogSegmentList.countCached
2022-08-08 17:04:52,107 [s2@group-B24AF063D807-LeaderStateImpl] TRACE segmented.SegmentedRaftLogCache (AutoCloseableReadWriteLock.java:logLocking(65)) - s2@group-B24AF063D807: readLock ACQUIRED 1 by SegmentedRaftLogCache$LogSegmentList.getTotalCacheSize
2022-08-08 17:04:52,107 [s2@group-B24AF063D807-LeaderStateImpl] TRACE segmented.SegmentedRaftLogCache (AutoCloseableReadWriteLock.java:logLocking(65)) - s2@group-B24AF063D807: readLock RELEASED 0 by SegmentedRaftLogCache$LogSegmentList.getTotalCacheSize
2022-08-08 17:04:52,107 [s2@group-B24AF063D807-LeaderStateImpl] DEBUG segmented.SegmentedRaftLogWorker (SegmentedRaftLogWorker.java:addIOTask(270)) - s2@group-B24AF063D807-SegmentedRaftLogWorker adds IO task WriteLog:24: (t:1, i:24), METADATAENTRY(c:23)
2022-08-08 17:04:52,108 [s2@group-B24AF063D807-StateMachineUpdater] INFO  statemachine.SimpleStateMachine4Testing (SimpleStateMachine4Testing.java:put(204)) - s2: put 23, m11 -> (t:1, i:23), STATEMACHINELOGENTRY, 194@client-73FEC95B6FDB
2022-08-08 17:04:52,108 [s2@group-B24AF063D807->s1-LogAppenderDefault-LogAppenderDaemon] TRACE segmented.SegmentedRaftLogCache (AutoCloseableReadWriteLock.java:logLocking(65)) - s2@group-B24AF063D807: readLock ACQUIRED 1 by SegmentedRaftLogCache.getLastTermIndex
2022-08-08 17:04:52,108 [s2@group-B24AF063D807->s1-LogAppenderDefault-LogAppenderDaemon] TRACE segmented.SegmentedRaftLogCache (AutoCloseableReadWriteLock.java:logLocking(65)) - s2@group-B24AF063D807: readLock RELEASED 0 by SegmentedRaftLogCache.getLastTermIndex
2022-08-08 17:04:52,108 [s2@group-B24AF063D807->s1-LogAppenderDefault-LogAppenderDaemon] TRACE segmented.SegmentedRaftLogCache (AutoCloseableReadWriteLock.java:logLocking(65)) - s2@group-B24AF063D807: readLock ACQUIRED 1 by SegmentedRaftLogCache.getLastTermIndex
2022-08-08 17:04:52,108 [s2@group-B24AF063D807->s1-LogAppenderDefault-LogAppenderDaemon] TRACE segmented.SegmentedRaftLogCache (AutoCloseableReadWriteLock.java:logLocking(65)) - s2@group-B24AF063D807: readLock RELEASED 0 by SegmentedRaftLogCache.getLastTermIndex
2022-08-08 17:04:52,108 [s2@group-B24AF063D807->s1-LogAppenderDefault-LogAppenderDaemon] TRACE segmented.SegmentedRaftLogCache (AutoCloseableReadWriteLock.java:logLocking(65)) - s2@group-B24AF063D807: readLock ACQUIRED 1 by SegmentedRaftLogCache.getStartIndex
2022-08-08 17:04:52,108 [s2@group-B24AF063D807->s1-LogAppenderDefault-LogAppenderDaemon] TRACE segmented.SegmentedRaftLogCache (AutoCloseableReadWriteLock.java:logLocking(65)) -   s2@group-B24AF063D807: readLock ACQUIRED 2 by SegmentedRaftLogCache$LogSegmentList.isEmpty
2022-08-08 17:04:52,108 [s2@group-B24AF063D807->s1-LogAppenderDefault-LogAppenderDaemon] TRACE segmented.SegmentedRaftLogCache (AutoCloseableReadWriteLock.java:logLocking(65)) -   s2@group-B24AF063D807: readLock RELEASED 1 by SegmentedRaftLogCache$LogSegmentList.isEmpty
2022-08-08 17:04:52,108 [s2@group-B24AF063D807->s1-LogAppenderDefault-LogAppenderDaemon] TRACE segmented.SegmentedRaftLogCache (AutoCloseableReadWriteLock.java:logLocking(65)) - s2@group-B24AF063D807: readLock RELEASED 0 by SegmentedRaftLogCache.getStartIndex
2022-08-08 17:04:52,108 [s2@group-B24AF063D807-SegmentedRaftLogWorker] DEBUG segmented.SegmentedRaftLogWorker (SegmentedRaftLogWorker.java:flushIfNecessary(365)) - s2@group-B24AF063D807-SegmentedRaftLogWorker: flush SegmentedRaftLogOutputStream(/home/runner/work/ratis/ratis/ratis-test/target/test/data/b051e71b/MiniRaftClusterWithSimulatedRpc1ec78f08/s2/0d1e7fc9-4c77-451a-91df-b24af063d807/current/log_inprogress_0)
2022-08-08 17:04:52,108 [s2@group-B24AF063D807->s1-LogAppenderDefault-LogAppenderDaemon] TRACE segmented.SegmentedRaftLogCache (AutoCloseableReadWriteLock.java:logLocking(65)) - s2@group-B24AF063D807: readLock ACQUIRED 1 by SegmentedRaftLogCache.getLastTermIndex
2022-08-08 17:04:52,108 [s2@group-B24AF063D807->s1-LogAppenderDefault-LogAppenderDaemon] TRACE segmented.SegmentedRaftLogCache (AutoCloseableReadWriteLock.java:logLocking(65)) - s2@group-B24AF063D807: readLock RELEASED 0 by SegmentedRaftLogCache.getLastTermIndex
2022-08-08 17:04:52,108 [Thread-467] TRACE segmented.SegmentedRaftLogCache (AutoCloseableReadWriteLock.java:logLocking(65)) - s1@group-B24AF063D807: readLock ACQUIRED 1 by SegmentedRaftLogCache.computeTruncateIndices
2022-08-08 17:04:52,108 [s2-client-thread1] TRACE segmented.SegmentedRaftLogCache (AutoCloseableReadWriteLock.java:logLocking(65)) - s2@group-B24AF063D807: readLock ACQUIRED 1 by SegmentedRaftLogCache.getLastTermIndex
2022-08-08 17:04:52,108 [s2-client-thread1] TRACE segmented.SegmentedRaftLogCache (AutoCloseableReadWriteLock.java:logLocking(65)) - s2@group-B24AF063D807: readLock RELEASED 0 by SegmentedRaftLogCache.getLastTermIndex
2022-08-08 17:04:52,108 [s2-client-thread1] TRACE segmented.SegmentedRaftLogCache (AutoCloseableReadWriteLock.java:logLocking(65)) - s2@group-B24AF063D807: readLock ACQUIRED 1 by SegmentedRaftLogCache.getLastTermIndex
2022-08-08 17:04:52,108 [s2-client-thread1] TRACE segmented.SegmentedRaftLogCache (AutoCloseableReadWriteLock.java:logLocking(65)) - s2@group-B24AF063D807: readLock RELEASED 0 by SegmentedRaftLogCache.getLastTermIndex
2022-08-08 17:04:52,109 [s2-client-thread1] TRACE segmented.SegmentedRaftLogCache (AutoCloseableReadWriteLock.java:logLocking(65)) - s2@group-B24AF063D807: readLock ACQUIRED 1 by SegmentedRaftLogCache$LogSegmentList.countCached
2022-08-08 17:04:52,109 [s2-client-thread1] TRACE segmented.SegmentedRaftLogCache (AutoCloseableReadWriteLock.java:logLocking(65)) - s2@group-B24AF063D807: readLock RELEASED 0 by SegmentedRaftLogCache$LogSegmentList.countCached
2022-08-08 17:04:52,109 [s2-client-thread1] TRACE segmented.SegmentedRaftLogCache (AutoCloseableReadWriteLock.java:logLocking(65)) - s2@group-B24AF063D807: readLock ACQUIRED 1 by SegmentedRaftLogCache$LogSegmentList.getTotalCacheSize
2022-08-08 17:04:52,109 [s2-client-thread1] TRACE segmented.SegmentedRaftLogCache (AutoCloseableReadWriteLock.java:logLocking(65)) - s2@group-B24AF063D807: readLock RELEASED 0 by SegmentedRaftLogCache$LogSegmentList.getTotalCacheSize
2022-08-08 17:04:52,109 [s2-client-thread1] DEBUG segmented.SegmentedRaftLogWorker (SegmentedRaftLogWorker.java:addIOTask(270)) - s2@group-B24AF063D807-SegmentedRaftLogWorker adds IO task WriteLog:25: (t:1, i:25), STATEMACHINELOGENTRY, StateMachineLogEntryProto:197@client-73FEC95B6FDB
2022-08-08 17:04:52,109 [s2@group-B24AF063D807-SegmentedRaftLogWorker] DEBUG segmented.SegmentedRaftLogWorker (SegmentedRaftLogWorker.java:flushIfNecessary(365)) - s2@group-B24AF063D807-SegmentedRaftLogWorker: flush SegmentedRaftLogOutputStream(/home/runner/work/ratis/ratis/ratis-test/target/test/data/b051e71b/MiniRaftClusterWithSimulatedRpc1ec78f08/s2/0d1e7fc9-4c77-451a-91df-b24af063d807/current/log_inprogress_0)
2022-08-08 17:04:52,108 [Thread-467] TRACE segmented.SegmentedRaftLogCache (AutoCloseableReadWriteLock.java:logLocking(65)) -   s1@group-B24AF063D807: readLock ACQUIRED 2 by SegmentedRaftLogCache$LogSegmentList.binarySearch
2022-08-08 17:04:52,109 [Thread-467] TRACE segmented.SegmentedRaftLogCache (AutoCloseableReadWriteLock.java:logLocking(65)) -   s1@group-B24AF063D807: readLock RELEASED 1 by SegmentedRaftLogCache$LogSegmentList.binarySearch
2022-08-08 17:04:52,109 [Thread-467] TRACE segmented.SegmentedRaftLogCache (AutoCloseableReadWriteLock.java:logLocking(65)) -   s1@group-B24AF063D807: readLock ACQUIRED 2 by SegmentedRaftLogCache$LogSegmentList.size
2022-08-08 17:04:52,109 [Thread-467] TRACE segmented.SegmentedRaftLogCache (AutoCloseableReadWriteLock.java:logLocking(65)) -   s1@group-B24AF063D807: readLock RELEASED 1 by SegmentedRaftLogCache$LogSegmentList.size
2022-08-08 17:04:52,109 [Thread-467] TRACE segmented.SegmentedRaftLogCache (AutoCloseableReadWriteLock.java:logLocking(65)) - s1@group-B24AF063D807: readLock RELEASED 0 by SegmentedRaftLogCache.computeTruncateIndices
2022-08-08 17:04:52,109 [Thread-467] DEBUG raftlog.RaftLog (SegmentedRaftLog.java:appendImpl(447)) - truncateIndex=-1, arrayIndex=0
2022-08-08 17:04:52,109 [Thread-467] TRACE segmented.SegmentedRaftLogCache (AutoCloseableReadWriteLock.java:logLocking(65)) - s1@group-B24AF063D807: readLock ACQUIRED 1 by SegmentedRaftLogCache$LogSegmentList.countCached
2022-08-08 17:04:52,109 [Thread-467] TRACE segmented.SegmentedRaftLogCache (AutoCloseableReadWriteLock.java:logLocking(65)) - s1@group-B24AF063D807: readLock RELEASED 0 by SegmentedRaftLogCache$LogSegmentList.countCached
2022-08-08 17:04:52,109 [Thread-467] TRACE segmented.SegmentedRaftLogCache (AutoCloseableReadWriteLock.java:logLocking(65)) - s1@group-B24AF063D807: readLock ACQUIRED 1 by SegmentedRaftLogCache$LogSegmentList.getTotalCacheSize
2022-08-08 17:04:52,109 [Thread-467] TRACE segmented.SegmentedRaftLogCache (AutoCloseableReadWriteLock.java:logLocking(65)) - s1@group-B24AF063D807: readLock RELEASED 0 by SegmentedRaftLogCache$LogSegmentList.getTotalCacheSize
2022-08-08 17:04:52,110 [Thread-467] DEBUG segmented.SegmentedRaftLogWorker (SegmentedRaftLogWorker.java:addIOTask(270)) - s1@group-B24AF063D807-SegmentedRaftLogWorker adds IO task WriteLog:24: (t:1, i:24), METADATAENTRY(c:23)
2022-08-08 17:04:52,110 [s1@group-B24AF063D807-SegmentedRaftLogWorker] DEBUG segmented.SegmentedRaftLogWorker (SegmentedRaftLogWorker.java:flushIfNecessary(365)) - s1@group-B24AF063D807-SegmentedRaftLogWorker: flush SegmentedRaftLogOutputStream(/home/runner/work/ratis/ratis/ratis-test/target/test/data/b051e71b/MiniRaftClusterWithSimulatedRpc1ec78f08/s1/0d1e7fc9-4c77-451a-91df-b24af063d807/current/log_inprogress_0)
2022-08-08 17:04:52,110 [s1@group-B24AF063D807-StateMachineUpdater] INFO  statemachine.SimpleStateMachine4Testing (SimpleStateMachine4Testing.java:put(204)) - s1: put 23, m11 -> (t:1, i:23), STATEMACHINELOGENTRY, 194@client-73FEC95B6FDB
2022-08-08 17:04:52,110 [s2@group-B24AF063D807->s1-LogAppenderDefault-LogAppenderDaemon] TRACE segmented.SegmentedRaftLogCache (AutoCloseableReadWriteLock.java:logLocking(65)) - s2@group-B24AF063D807: readLock ACQUIRED 1 by SegmentedRaftLogCache.getLastTermIndex
2022-08-08 17:04:52,110 [s2@group-B24AF063D807-LeaderStateImpl] TRACE segmented.SegmentedRaftLogCache (AutoCloseableReadWriteLock.java:logLocking(65)) -   s2@group-B24AF063D807: readLock ACQUIRED 2 by SegmentedRaftLogCache.getStartIndex
2022-08-08 17:04:52,110 [s2@group-B24AF063D807-LeaderStateImpl] TRACE segmented.SegmentedRaftLogCache (AutoCloseableReadWriteLock.java:logLocking(65)) -   s2@group-B24AF063D807: readLock ACQUIRED 2 by SegmentedRaftLogCache$LogSegmentList.isEmpty
2022-08-08 17:04:52,110 [s2@group-B24AF063D807-LeaderStateImpl] TRACE segmented.SegmentedRaftLogCache (AutoCloseableReadWriteLock.java:logLocking(65)) -   s2@group-B24AF063D807: readLock RELEASED 1 by SegmentedRaftLogCache$LogSegmentList.isEmpty
2022-08-08 17:04:52,110 [s2@group-B24AF063D807-LeaderStateImpl] TRACE segmented.SegmentedRaftLogCache (AutoCloseableReadWriteLock.java:logLocking(65)) - s2@group-B24AF063D807: readLock RELEASED 0 by SegmentedRaftLogCache.getStartIndex
2022-08-08 17:04:52,111 [s2@group-B24AF063D807-LeaderStateImpl] TRACE segmented.SegmentedRaftLogCache (AutoCloseableReadWriteLock.java:logLocking(65)) - s2@group-B24AF063D807: readLock ACQUIRED 1 by SegmentedRaftLogCache.getEndIndex
2022-08-08 17:04:52,111 [s2@group-B24AF063D807-LeaderStateImpl] TRACE segmented.SegmentedRaftLogCache (AutoCloseableReadWriteLock.java:logLocking(65)) - s2@group-B24AF063D807: readLock RELEASED 0 by SegmentedRaftLogCache.getEndIndex
2022-08-08 17:04:52,111 [s2@group-B24AF063D807-LeaderStateImpl] TRACE segmented.SegmentedRaftLogCache (AutoCloseableReadWriteLock.java:logLocking(65)) - s2@group-B24AF063D807: readLock ACQUIRED 1 by SegmentedRaftLogCache$LogSegmentList.getTermIndex
2022-08-08 17:04:52,111 [s2@group-B24AF063D807-LeaderStateImpl] TRACE segmented.SegmentedRaftLogCache (AutoCloseableReadWriteLock.java:logLocking(65)) - s2@group-B24AF063D807: readLock RELEASED 0 by SegmentedRaftLogCache$LogSegmentList.getTermIndex
2022-08-08 17:04:52,110 [s2@group-B24AF063D807->s1-LogAppenderDefault-LogAppenderDaemon] TRACE segmented.SegmentedRaftLogCache (AutoCloseableReadWriteLock.java:logLocking(65)) -   s2@group-B24AF063D807: readLock RELEASED 1 by SegmentedRaftLogCache.getLastTermIndex
2022-08-08 17:04:52,111 [s2@group-B24AF063D807->s1-LogAppenderDefault-LogAppenderDaemon] TRACE segmented.SegmentedRaftLogCache (AutoCloseableReadWriteLock.java:logLocking(65)) - s2@group-B24AF063D807: readLock ACQUIRED 1 by SegmentedRaftLogCache.getLastTermIndex
2022-08-08 17:04:52,111 [s2@group-B24AF063D807->s1-LogAppenderDefault-LogAppenderDaemon] TRACE segmented.SegmentedRaftLogCache (AutoCloseableReadWriteLock.java:logLocking(65)) - s2@group-B24AF063D807: readLock RELEASED 0 by SegmentedRaftLogCache.getLastTermIndex
2022-08-08 17:04:52,111 [s2@group-B24AF063D807->s1-LogAppenderDefault-LogAppenderDaemon] TRACE segmented.SegmentedRaftLogCache (AutoCloseableReadWriteLock.java:logLocking(65)) - s2@group-B24AF063D807: readLock ACQUIRED 1 by SegmentedRaftLogCache.getLastTermIndex
2022-08-08 17:04:52,111 [s2@group-B24AF063D807->s1-LogAppenderDefault-LogAppenderDaemon] TRACE segmented.SegmentedRaftLogCache (AutoCloseableReadWriteLock.java:logLocking(65)) - s2@group-B24AF063D807: readLock RELEASED 0 by SegmentedRaftLogCache.getLastTermIndex
2022-08-08 17:04:52,111 [s2@group-B24AF063D807->s1-LogAppenderDefault-LogAppenderDaemon] TRACE segmented.SegmentedRaftLogCache (AutoCloseableReadWriteLock.java:logLocking(65)) - s2@group-B24AF063D807: readLock ACQUIRED 1 by SegmentedRaftLogCache.getStartIndex
2022-08-08 17:04:52,111 [s2@group-B24AF063D807->s1-LogAppenderDefault-LogAppenderDaemon] TRACE segmented.SegmentedRaftLogCache (AutoCloseableReadWriteLock.java:logLocking(65)) -   s2@group-B24AF063D807: readLock ACQUIRED 2 by SegmentedRaftLogCache$LogSegmentList.isEmpty
2022-08-08 17:04:52,111 [s2@group-B24AF063D807->s1-LogAppenderDefault-LogAppenderDaemon] TRACE segmented.SegmentedRaftLogCache (AutoCloseableReadWriteLock.java:logLocking(65)) -   s2@group-B24AF063D807: readLock RELEASED 1 by SegmentedRaftLogCache$LogSegmentList.isEmpty
2022-08-08 17:04:52,111 [s2@group-B24AF063D807->s1-LogAppenderDefault-LogAppenderDaemon] TRACE segmented.SegmentedRaftLogCache (AutoCloseableReadWriteLock.java:logLocking(65)) - s2@group-B24AF063D807: readLock RELEASED 0 by SegmentedRaftLogCache.getStartIndex
2022-08-08 17:04:52,111 [s2@group-B24AF063D807->s1-LogAppenderDefault-LogAppenderDaemon] TRACE segmented.SegmentedRaftLogCache (AutoCloseableReadWriteLock.java:logLocking(65)) - s2@group-B24AF063D807: readLock ACQUIRED 1 by SegmentedRaftLogCache.getLastTermIndex
2022-08-08 17:04:52,111 [s2@group-B24AF063D807->s1-LogAppenderDefault-LogAppenderDaemon] TRACE segmented.SegmentedRaftLogCache (AutoCloseableReadWriteLock.java:logLocking(65)) - s2@group-B24AF063D807: readLock RELEASED 0 by SegmentedRaftLogCache.getLastTermIndex
2022-08-08 17:04:52,111 [Thread-468] TRACE segmented.SegmentedRaftLogCache (AutoCloseableReadWriteLock.java:logLocking(65)) - s1@group-B24AF063D807: readLock ACQUIRED 1 by SegmentedRaftLogCache.computeTruncateIndices
2022-08-08 17:04:52,111 [Thread-468] TRACE segmented.SegmentedRaftLogCache (AutoCloseableReadWriteLock.java:logLocking(65)) -   s1@group-B24AF063D807: readLock ACQUIRED 2 by SegmentedRaftLogCache$LogSegmentList.binarySearch
2022-08-08 17:04:52,111 [Thread-468] TRACE segmented.SegmentedRaftLogCache (AutoCloseableReadWriteLock.java:logLocking(65)) -   s1@group-B24AF063D807: readLock RELEASED 1 by SegmentedRaftLogCache$LogSegmentList.binarySearch
2022-08-08 17:04:52,112 [Thread-468] TRACE segmented.SegmentedRaftLogCache (AutoCloseableReadWriteLock.java:logLocking(65)) -   s1@group-B24AF063D807: readLock ACQUIRED 2 by SegmentedRaftLogCache$LogSegmentList.size
2022-08-08 17:04:52,112 [Thread-468] TRACE segmented.SegmentedRaftLogCache (AutoCloseableReadWriteLock.java:logLocking(65)) -   s1@group-B24AF063D807: readLock RELEASED 1 by SegmentedRaftLogCache$LogSegmentList.size
2022-08-08 17:04:52,112 [Thread-468] TRACE segmented.SegmentedRaftLogCache (AutoCloseableReadWriteLock.java:logLocking(65)) - s1@group-B24AF063D807: readLock RELEASED 0 by SegmentedRaftLogCache.computeTruncateIndices
2022-08-08 17:04:52,112 [Thread-468] DEBUG raftlog.RaftLog (SegmentedRaftLog.java:appendImpl(447)) - truncateIndex=-1, arrayIndex=0
2022-08-08 17:04:52,112 [Thread-468] TRACE segmented.SegmentedRaftLogCache (AutoCloseableReadWriteLock.java:logLocking(65)) - s1@group-B24AF063D807: readLock ACQUIRED 1 by SegmentedRaftLogCache.getLastTermIndex
2022-08-08 17:04:52,112 [Thread-468] TRACE segmented.SegmentedRaftLogCache (AutoCloseableReadWriteLock.java:logLocking(65)) - s1@group-B24AF063D807: readLock RELEASED 0 by SegmentedRaftLogCache.getLastTermIndex
2022-08-08 17:04:52,112 [Thread-468] TRACE segmented.SegmentedRaftLogCache (AutoCloseableReadWriteLock.java:logLocking(65)) - s1@group-B24AF063D807: readLock ACQUIRED 1 by SegmentedRaftLogCache$LogSegmentList.countCached
2022-08-08 17:04:52,112 [Thread-468] TRACE segmented.SegmentedRaftLogCache (AutoCloseableReadWriteLock.java:logLocking(65)) - s1@group-B24AF063D807: readLock RELEASED 0 by SegmentedRaftLogCache$LogSegmentList.countCached
2022-08-08 17:04:52,112 [Thread-468] TRACE segmented.SegmentedRaftLogCache (AutoCloseableReadWriteLock.java:logLocking(65)) - s1@group-B24AF063D807: readLock ACQUIRED 1 by SegmentedRaftLogCache$LogSegmentList.getTotalCacheSize
2022-08-08 17:04:52,112 [Thread-468] TRACE segmented.SegmentedRaftLogCache (AutoCloseableReadWriteLock.java:logLocking(65)) - s1@group-B24AF063D807: readLock RELEASED 0 by SegmentedRaftLogCache$LogSegmentList.getTotalCacheSize
2022-08-08 17:04:52,112 [Thread-468] DEBUG segmented.SegmentedRaftLogWorker (SegmentedRaftLogWorker.java:addIOTask(270)) - s1@group-B24AF063D807-SegmentedRaftLogWorker adds IO task WriteLog:25: (t:1, i:25), STATEMACHINELOGENTRY, StateMachineLogEntryProto:197@client-73FEC95B6FDB
2022-08-08 17:04:52,112 [s1@group-B24AF063D807-SegmentedRaftLogWorker] DEBUG segmented.SegmentedRaftLogWorker (SegmentedRaftLogWorker.java:flushIfNecessary(365)) - s1@group-B24AF063D807-SegmentedRaftLogWorker: flush SegmentedRaftLogOutputStream(/home/runner/work/ratis/ratis/ratis-test/target/test/data/b051e71b/MiniRaftClusterWithSimulatedRpc1ec78f08/s1/0d1e7fc9-4c77-451a-91df-b24af063d807/current/log_inprogress_0)
2022-08-08 17:04:52,112 [s2@group-B24AF063D807->s0-LogAppenderDefault-LogAppenderDaemon] TRACE segmented.SegmentedRaftLogCache (AutoCloseableReadWriteLock.java:logLocking(65)) - s2@group-B24AF063D807: readLock ACQUIRED 1 by SegmentedRaftLogCache.getLastTermIndex
2022-08-08 17:04:52,112 [s2@group-B24AF063D807->s0-LogAppenderDefault-LogAppenderDaemon] TRACE segmented.SegmentedRaftLogCache (AutoCloseableReadWriteLock.java:logLocking(65)) - s2@group-B24AF063D807: readLock RELEASED 0 by SegmentedRaftLogCache.getLastTermIndex
2022-08-08 17:04:52,112 [s2@group-B24AF063D807->s0-LogAppenderDefault-LogAppenderDaemon] TRACE segmented.SegmentedRaftLogCache (AutoCloseableReadWriteLock.java:logLocking(65)) - s2@group-B24AF063D807: readLock ACQUIRED 1 by SegmentedRaftLogCache.getLastTermIndex
2022-08-08 17:04:52,112 [s2@group-B24AF063D807->s0-LogAppenderDefault-LogAppenderDaemon] TRACE segmented.SegmentedRaftLogCache (AutoCloseableReadWriteLock.java:logLocking(65)) - s2@group-B24AF063D807: readLock RELEASED 0 by SegmentedRaftLogCache.getLastTermIndex
2022-08-08 17:04:52,112 [s2@group-B24AF063D807->s0-LogAppenderDefault-LogAppenderDaemon] TRACE segmented.SegmentedRaftLogCache (AutoCloseableReadWriteLock.java:logLocking(65)) - s2@group-B24AF063D807: readLock ACQUIRED 1 by SegmentedRaftLogCache.getLastTermIndex
2022-08-08 17:04:52,112 [s2@group-B24AF063D807->s0-LogAppenderDefault-LogAppenderDaemon] TRACE segmented.SegmentedRaftLogCache (AutoCloseableReadWriteLock.java:logLocking(65)) - s2@group-B24AF063D807: readLock RELEASED 0 by SegmentedRaftLogCache.getLastTermIndex
2022-08-08 17:04:52,112 [s2@group-B24AF063D807->s0-LogAppenderDefault-LogAppenderDaemon] TRACE segmented.SegmentedRaftLogCache (AutoCloseableReadWriteLock.java:logLocking(65)) - s2@group-B24AF063D807: readLock ACQUIRED 1 by SegmentedRaftLogCache.getStartIndex
2022-08-08 17:04:52,113 [s2@group-B24AF063D807->s0-LogAppenderDefault-LogAppenderDaemon] TRACE segmented.SegmentedRaftLogCache (AutoCloseableReadWriteLock.java:logLocking(65)) -   s2@group-B24AF063D807: readLock ACQUIRED 2 by SegmentedRaftLogCache$LogSegmentList.isEmpty
2022-08-08 17:04:52,113 [s2@group-B24AF063D807->s0-LogAppenderDefault-LogAppenderDaemon] TRACE segmented.SegmentedRaftLogCache (AutoCloseableReadWriteLock.java:logLocking(65)) -   s2@group-B24AF063D807: readLock RELEASED 1 by SegmentedRaftLogCache$LogSegmentList.isEmpty
2022-08-08 17:04:52,113 [s2@group-B24AF063D807->s0-LogAppenderDefault-LogAppenderDaemon] TRACE segmented.SegmentedRaftLogCache (AutoCloseableReadWriteLock.java:logLocking(65)) - s2@group-B24AF063D807: readLock RELEASED 0 by SegmentedRaftLogCache.getStartIndex
2022-08-08 17:04:52,113 [s2@group-B24AF063D807->s0-LogAppenderDefault-LogAppenderDaemon] TRACE segmented.SegmentedRaftLogCache (AutoCloseableReadWriteLock.java:logLocking(65)) - s2@group-B24AF063D807: readLock ACQUIRED 1 by SegmentedRaftLogCache.getLastTermIndex
2022-08-08 17:04:52,113 [s2@group-B24AF063D807->s0-LogAppenderDefault-LogAppenderDaemon] TRACE segmented.SegmentedRaftLogCache (AutoCloseableReadWriteLock.java:logLocking(65)) - s2@group-B24AF063D807: readLock RELEASED 0 by SegmentedRaftLogCache.getLastTermIndex
2022-08-08 17:04:52,113 [Thread-513] TRACE segmented.SegmentedRaftLogCache (AutoCloseableReadWriteLock.java:logLocking(65)) - s0@group-B24AF063D807: readLock ACQUIRED 1 by SegmentedRaftLogCache.computeTruncateIndices
2022-08-08 17:04:52,113 [Thread-513] TRACE segmented.SegmentedRaftLogCache (AutoCloseableReadWriteLock.java:logLocking(65)) -   s0@group-B24AF063D807: readLock ACQUIRED 2 by SegmentedRaftLogCache$LogSegmentList.binarySearch
2022-08-08 17:04:52,113 [Thread-513] TRACE segmented.SegmentedRaftLogCache (AutoCloseableReadWriteLock.java:logLocking(65)) -   s0@group-B24AF063D807: readLock RELEASED 1 by SegmentedRaftLogCache$LogSegmentList.binarySearch
2022-08-08 17:04:52,113 [s2@group-B24AF063D807->s1-LogAppenderDefault-LogAppenderDaemon] TRACE segmented.SegmentedRaftLogCache (AutoCloseableReadWriteLock.java:logLocking(65)) - s2@group-B24AF063D807: readLock ACQUIRED 1 by SegmentedRaftLogCache.getLastTermIndex
2022-08-08 17:04:52,113 [s2@group-B24AF063D807->s1-LogAppenderDefault-LogAppenderDaemon] TRACE segmented.SegmentedRaftLogCache (AutoCloseableReadWriteLock.java:logLocking(65)) -   s2@group-B24AF063D807: readLock RELEASED 1 by SegmentedRaftLogCache.getLastTermIndex
2022-08-08 17:04:52,113 [Thread-513] TRACE segmented.SegmentedRaftLogCache (AutoCloseableReadWriteLock.java:logLocking(65)) -   s0@group-B24AF063D807: readLock ACQUIRED 2 by SegmentedRaftLogCache$LogSegmentList.size
2022-08-08 17:04:52,113 [Thread-513] TRACE segmented.SegmentedRaftLogCache (AutoCloseableReadWriteLock.java:logLocking(65)) -   s0@group-B24AF063D807: readLock RELEASED 1 by SegmentedRaftLogCache$LogSegmentList.size
2022-08-08 17:04:52,113 [Thread-513] TRACE segmented.SegmentedRaftLogCache (AutoCloseableReadWriteLock.java:logLocking(65)) - s0@group-B24AF063D807: readLock RELEASED 0 by SegmentedRaftLogCache.computeTruncateIndices
2022-08-08 17:04:52,113 [Thread-513] DEBUG raftlog.RaftLog (SegmentedRaftLog.java:appendImpl(447)) - truncateIndex=-1, arrayIndex=0
2022-08-08 17:04:52,113 [s2@group-B24AF063D807-LeaderStateImpl] TRACE segmented.SegmentedRaftLogCache (AutoCloseableReadWriteLock.java:logLocking(65)) -   s2@group-B24AF063D807: readLock ACQUIRED 2 by SegmentedRaftLogCache.getStartIndex
2022-08-08 17:04:52,113 [Thread-513] TRACE segmented.SegmentedRaftLogCache (AutoCloseableReadWriteLock.java:logLocking(65)) - s0@group-B24AF063D807: readLock ACQUIRED 1 by SegmentedRaftLogCache$LogSegmentList.countCached
2022-08-08 17:04:52,113 [s2@group-B24AF063D807-LeaderStateImpl] TRACE segmented.SegmentedRaftLogCache (AutoCloseableReadWriteLock.java:logLocking(65)) -   s2@group-B24AF063D807: readLock ACQUIRED 2 by SegmentedRaftLogCache$LogSegmentList.isEmpty
2022-08-08 17:04:52,113 [s2@group-B24AF063D807-LeaderStateImpl] TRACE segmented.SegmentedRaftLogCache (AutoCloseableReadWriteLock.java:logLocking(65)) -   s2@group-B24AF063D807: readLock RELEASED 1 by SegmentedRaftLogCache$LogSegmentList.isEmpty
2022-08-08 17:04:52,113 [Thread-513] TRACE segmented.SegmentedRaftLogCache (AutoCloseableReadWriteLock.java:logLocking(65)) - s0@group-B24AF063D807: readLock RELEASED 0 by SegmentedRaftLogCache$LogSegmentList.countCached
2022-08-08 17:04:52,113 [s2@group-B24AF063D807-LeaderStateImpl] TRACE segmented.SegmentedRaftLogCache (AutoCloseableReadWriteLock.java:logLocking(65)) - s2@group-B24AF063D807: readLock RELEASED 0 by SegmentedRaftLogCache.getStartIndex
2022-08-08 17:04:52,114 [Thread-513] TRACE segmented.SegmentedRaftLogCache (AutoCloseableReadWriteLock.java:logLocking(65)) - s0@group-B24AF063D807: readLock ACQUIRED 1 by SegmentedRaftLogCache$LogSegmentList.getTotalCacheSize
2022-08-08 17:04:52,114 [Thread-513] TRACE segmented.SegmentedRaftLogCache (AutoCloseableReadWriteLock.java:logLocking(65)) - s0@group-B24AF063D807: readLock RELEASED 0 by SegmentedRaftLogCache$LogSegmentList.getTotalCacheSize
2022-08-08 17:04:52,114 [s2@group-B24AF063D807-LeaderStateImpl] TRACE segmented.SegmentedRaftLogCache (AutoCloseableReadWriteLock.java:logLocking(65)) - s2@group-B24AF063D807: readLock ACQUIRED 1 by SegmentedRaftLogCache.getEndIndex
2022-08-08 17:04:52,114 [s2@group-B24AF063D807-LeaderStateImpl] TRACE segmented.SegmentedRaftLogCache (AutoCloseableReadWriteLock.java:logLocking(65)) - s2@group-B24AF063D807: readLock RELEASED 0 by SegmentedRaftLogCache.getEndIndex
2022-08-08 17:04:52,114 [Thread-513] DEBUG segmented.SegmentedRaftLogWorker (SegmentedRaftLogWorker.java:addIOTask(270)) - s0@group-B24AF063D807-SegmentedRaftLogWorker adds IO task WriteLog:22: (t:1, i:22), METADATAENTRY(c:21)
2022-08-08 17:04:52,114 [s2@group-B24AF063D807-LeaderStateImpl] TRACE segmented.SegmentedRaftLogCache (AutoCloseableReadWriteLock.java:logLocking(65)) - s2@group-B24AF063D807: readLock ACQUIRED 1 by SegmentedRaftLogCache$LogSegmentList.getTermIndex
2022-08-08 17:04:52,114 [s2@group-B24AF063D807-LeaderStateImpl] TRACE segmented.SegmentedRaftLogCache (AutoCloseableReadWriteLock.java:logLocking(65)) - s2@group-B24AF063D807: readLock RELEASED 0 by SegmentedRaftLogCache$LogSegmentList.getTermIndex
2022-08-08 17:04:52,114 [s2@group-B24AF063D807-LeaderStateImpl] TRACE segmented.SegmentedRaftLogCache (AutoCloseableReadWriteLock.java:logLocking(65)) - s2@group-B24AF063D807: readLock ACQUIRED 1 by SegmentedRaftLogCache.getLastTermIndex
2022-08-08 17:04:52,114 [s2@group-B24AF063D807-LeaderStateImpl] TRACE segmented.SegmentedRaftLogCache (AutoCloseableReadWriteLock.java:logLocking(65)) - s2@group-B24AF063D807: readLock RELEASED 0 by SegmentedRaftLogCache.getLastTermIndex
2022-08-08 17:04:52,114 [Thread-513] TRACE segmented.SegmentedRaftLogCache (AutoCloseableReadWriteLock.java:logLocking(65)) - s0@group-B24AF063D807: readLock ACQUIRED 1 by SegmentedRaftLogCache.getLastTermIndex
2022-08-08 17:04:52,114 [Thread-513] TRACE segmented.SegmentedRaftLogCache (AutoCloseableReadWriteLock.java:logLocking(65)) - s0@group-B24AF063D807: readLock RELEASED 0 by SegmentedRaftLogCache.getLastTermIndex
2022-08-08 17:04:52,114 [s2@group-B24AF063D807-LeaderStateImpl] TRACE segmented.SegmentedRaftLogCache (AutoCloseableReadWriteLock.java:logLocking(65)) - s2@group-B24AF063D807: readLock ACQUIRED 1 by SegmentedRaftLogCache$LogSegmentList.countCached
2022-08-08 17:04:52,114 [s2@group-B24AF063D807-LeaderStateImpl] TRACE segmented.SegmentedRaftLogCache (AutoCloseableReadWriteLock.java:logLocking(65)) - s2@group-B24AF063D807: readLock RELEASED 0 by SegmentedRaftLogCache$LogSegmentList.countCached
2022-08-08 17:04:52,114 [s0@group-B24AF063D807-SegmentedRaftLogWorker] DEBUG segmented.SegmentedRaftLogWorker (SegmentedRaftLogWorker.java:flushIfNecessary(365)) - s0@group-B24AF063D807-SegmentedRaftLogWorker: flush SegmentedRaftLogOutputStream(/home/runner/work/ratis/ratis/ratis-test/target/test/data/b051e71b/MiniRaftClusterWithSimulatedRpc1ec78f08/s0/0d1e7fc9-4c77-451a-91df-b24af063d807/current/log_inprogress_0)
2022-08-08 17:04:52,114 [s2@group-B24AF063D807-LeaderStateImpl] TRACE segmented.SegmentedRaftLogCache (AutoCloseableReadWriteLock.java:logLocking(65)) - s2@group-B24AF063D807: readLock ACQUIRED 1 by SegmentedRaftLogCache$LogSegmentList.getTotalCacheSize
2022-08-08 17:04:52,114 [s2@group-B24AF063D807-LeaderStateImpl] TRACE segmented.SegmentedRaftLogCache (AutoCloseableReadWriteLock.java:logLocking(65)) - s2@group-B24AF063D807: readLock RELEASED 0 by SegmentedRaftLogCache$LogSegmentList.getTotalCacheSize
2022-08-08 17:04:52,114 [Thread-513] TRACE segmented.SegmentedRaftLogCache (AutoCloseableReadWriteLock.java:logLocking(65)) - s0@group-B24AF063D807: readLock ACQUIRED 1 by SegmentedRaftLogCache$LogSegmentList.countCached
2022-08-08 17:04:52,114 [Thread-513] TRACE segmented.SegmentedRaftLogCache (AutoCloseableReadWriteLock.java:logLocking(65)) - s0@group-B24AF063D807: readLock RELEASED 0 by SegmentedRaftLogCache$LogSegmentList.countCached
2022-08-08 17:04:52,114 [s2@group-B24AF063D807-LeaderStateImpl] DEBUG segmented.SegmentedRaftLogWorker (SegmentedRaftLogWorker.java:addIOTask(270)) - s2@group-B24AF063D807-SegmentedRaftLogWorker adds IO task WriteLog:26: (t:1, i:26), METADATAENTRY(c:25)
2022-08-08 17:04:52,114 [Thread-513] TRACE segmented.SegmentedRaftLogCache (AutoCloseableReadWriteLock.java:logLocking(65)) - s0@group-B24AF063D807: readLock ACQUIRED 1 by SegmentedRaftLogCache$LogSegmentList.getTotalCacheSize
2022-08-08 17:04:52,115 [Thread-513] TRACE segmented.SegmentedRaftLogCache (AutoCloseableReadWriteLock.java:logLocking(65)) - s0@group-B24AF063D807: readLock RELEASED 0 by SegmentedRaftLogCache$LogSegmentList.getTotalCacheSize
2022-08-08 17:04:52,115 [s2@group-B24AF063D807-SegmentedRaftLogWorker] DEBUG segmented.SegmentedRaftLogWorker (SegmentedRaftLogWorker.java:flushIfNecessary(365)) - s2@group-B24AF063D807-SegmentedRaftLogWorker: flush SegmentedRaftLogOutputStream(/home/runner/work/ratis/ratis/ratis-test/target/test/data/b051e71b/MiniRaftClusterWithSimulatedRpc1ec78f08/s2/0d1e7fc9-4c77-451a-91df-b24af063d807/current/log_inprogress_0)
2022-08-08 17:04:52,115 [Thread-513] DEBUG segmented.SegmentedRaftLogWorker (SegmentedRaftLogWorker.java:addIOTask(270)) - s0@group-B24AF063D807-SegmentedRaftLogWorker adds IO task WriteLog:23: (t:1, i:23), STATEMACHINELOGENTRY, StateMachineLogEntryProto:194@client-73FEC95B6FDB
2022-08-08 17:04:52,115 [s0@group-B24AF063D807-SegmentedRaftLogWorker] DEBUG segmented.SegmentedRaftLogWorker (SegmentedRaftLogWorker.java:flushIfNecessary(365)) - s0@group-B24AF063D807-SegmentedRaftLogWorker: flush SegmentedRaftLogOutputStream(/home/runner/work/ratis/ratis/ratis-test/target/test/data/b051e71b/MiniRaftClusterWithSimulatedRpc1ec78f08/s0/0d1e7fc9-4c77-451a-91df-b24af063d807/current/log_inprogress_0)
2022-08-08 17:04:52,116 [s2@group-B24AF063D807->s1-LogAppenderDefault-LogAppenderDaemon] TRACE segmented.SegmentedRaftLogCache (AutoCloseableReadWriteLock.java:logLocking(65)) - s2@group-B24AF063D807: readLock ACQUIRED 1 by SegmentedRaftLogCache.getLastTermIndex
2022-08-08 17:04:52,116 [s2@group-B24AF063D807->s1-LogAppenderDefault-LogAppenderDaemon] TRACE segmented.SegmentedRaftLogCache (AutoCloseableReadWriteLock.java:logLocking(65)) - s2@group-B24AF063D807: readLock RELEASED 0 by SegmentedRaftLogCache.getLastTermIndex
2022-08-08 17:04:52,116 [s2@group-B24AF063D807->s1-LogAppenderDefault-LogAppenderDaemon] TRACE segmented.SegmentedRaftLogCache (AutoCloseableReadWriteLock.java:logLocking(65)) - s2@group-B24AF063D807: readLock ACQUIRED 1 by SegmentedRaftLogCache.getLastTermIndex
2022-08-08 17:04:52,116 [s2@group-B24AF063D807->s1-LogAppenderDefault-LogAppenderDaemon] TRACE segmented.SegmentedRaftLogCache (AutoCloseableReadWriteLock.java:logLocking(65)) - s2@group-B24AF063D807: readLock RELEASED 0 by SegmentedRaftLogCache.getLastTermIndex
2022-08-08 17:04:52,116 [s2@group-B24AF063D807->s1-LogAppenderDefault-LogAppenderDaemon] TRACE segmented.SegmentedRaftLogCache (AutoCloseableReadWriteLock.java:logLocking(65)) - s2@group-B24AF063D807: readLock ACQUIRED 1 by SegmentedRaftLogCache.getStartIndex
2022-08-08 17:04:52,116 [s2@group-B24AF063D807->s1-LogAppenderDefault-LogAppenderDaemon] TRACE segmented.SegmentedRaftLogCache (AutoCloseableReadWriteLock.java:logLocking(65)) -   s2@group-B24AF063D807: readLock ACQUIRED 2 by SegmentedRaftLogCache$LogSegmentList.isEmpty
2022-08-08 17:04:52,116 [s2@group-B24AF063D807->s1-LogAppenderDefault-LogAppenderDaemon] TRACE segmented.SegmentedRaftLogCache (AutoCloseableReadWriteLock.java:logLocking(65)) -   s2@group-B24AF063D807: readLock RELEASED 1 by SegmentedRaftLogCache$LogSegmentList.isEmpty
2022-08-08 17:04:52,116 [s2@group-B24AF063D807->s1-LogAppenderDefault-LogAppenderDaemon] TRACE segmented.SegmentedRaftLogCache (AutoCloseableReadWriteLock.java:logLocking(65)) - s2@group-B24AF063D807: readLock RELEASED 0 by SegmentedRaftLogCache.getStartIndex
2022-08-08 17:04:52,116 [s2@group-B24AF063D807->s1-LogAppenderDefault-LogAppenderDaemon] TRACE segmented.SegmentedRaftLogCache (AutoCloseableReadWriteLock.java:logLocking(65)) - s2@group-B24AF063D807: readLock ACQUIRED 1 by SegmentedRaftLogCache.getLastTermIndex
2022-08-08 17:04:52,117 [s2@group-B24AF063D807->s1-LogAppenderDefault-LogAppenderDaemon] TRACE segmented.SegmentedRaftLogCache (AutoCloseableReadWriteLock.java:logLocking(65)) - s2@group-B24AF063D807: readLock RELEASED 0 by SegmentedRaftLogCache.getLastTermIndex
2022-08-08 17:04:52,117 [s2@group-B24AF063D807-StateMachineUpdater] INFO  statemachine.SimpleStateMachine4Testing (SimpleStateMachine4Testing.java:put(204)) - s2: put 25, m12 -> (t:1, i:25), STATEMACHINELOGENTRY, 197@client-73FEC95B6FDB
2022-08-08 17:04:52,117 [Thread-469] TRACE segmented.SegmentedRaftLogCache (AutoCloseableReadWriteLock.java:logLocking(65)) - s1@group-B24AF063D807: readLock ACQUIRED 1 by SegmentedRaftLogCache.computeTruncateIndices
2022-08-08 17:04:52,117 [Thread-469] TRACE segmented.SegmentedRaftLogCache (AutoCloseableReadWriteLock.java:logLocking(65)) -   s1@group-B24AF063D807: readLock ACQUIRED 2 by SegmentedRaftLogCache$LogSegmentList.binarySearch
2022-08-08 17:04:52,117 [Thread-469] TRACE segmented.SegmentedRaftLogCache (AutoCloseableReadWriteLock.java:logLocking(65)) -   s1@group-B24AF063D807: readLock RELEASED 1 by SegmentedRaftLogCache$LogSegmentList.binarySearch
2022-08-08 17:04:52,117 [Thread-469] TRACE segmented.SegmentedRaftLogCache (AutoCloseableReadWriteLock.java:logLocking(65)) -   s1@group-B24AF063D807: readLock ACQUIRED 2 by SegmentedRaftLogCache$LogSegmentList.size
2022-08-08 17:04:52,117 [Thread-469] TRACE segmented.SegmentedRaftLogCache (AutoCloseableReadWriteLock.java:logLocking(65)) -   s1@group-B24AF063D807: readLock RELEASED 1 by SegmentedRaftLogCache$LogSegmentList.size
2022-08-08 17:04:52,117 [Thread-469] TRACE segmented.SegmentedRaftLogCache (AutoCloseableReadWriteLock.java:logLocking(65)) - s1@group-B24AF063D807: readLock RELEASED 0 by SegmentedRaftLogCache.computeTruncateIndices
2022-08-08 17:04:52,117 [Thread-469] DEBUG raftlog.RaftLog (SegmentedRaftLog.java:appendImpl(447)) - truncateIndex=-1, arrayIndex=0
2022-08-08 17:04:52,117 [Thread-469] TRACE segmented.SegmentedRaftLogCache (AutoCloseableReadWriteLock.java:logLocking(65)) - s1@group-B24AF063D807: readLock ACQUIRED 1 by SegmentedRaftLogCache$LogSegmentList.countCached
2022-08-08 17:04:52,117 [Thread-469] TRACE segmented.SegmentedRaftLogCache (AutoCloseableReadWriteLock.java:logLocking(65)) - s1@group-B24AF063D807: readLock RELEASED 0 by SegmentedRaftLogCache$LogSegmentList.countCached
2022-08-08 17:04:52,117 [Thread-469] TRACE segmented.SegmentedRaftLogCache (AutoCloseableReadWriteLock.java:logLocking(65)) - s1@group-B24AF063D807: readLock ACQUIRED 1 by SegmentedRaftLogCache$LogSegmentList.getTotalCacheSize
2022-08-08 17:04:52,117 [Thread-469] TRACE segmented.SegmentedRaftLogCache (AutoCloseableReadWriteLock.java:logLocking(65)) - s1@group-B24AF063D807: readLock RELEASED 0 by SegmentedRaftLogCache$LogSegmentList.getTotalCacheSize
2022-08-08 17:04:52,118 [Thread-469] DEBUG segmented.SegmentedRaftLogWorker (SegmentedRaftLogWorker.java:addIOTask(270)) - s1@group-B24AF063D807-SegmentedRaftLogWorker adds IO task WriteLog:26: (t:1, i:26), METADATAENTRY(c:25)
2022-08-08 17:04:52,118 [s1@group-B24AF063D807-SegmentedRaftLogWorker] DEBUG segmented.SegmentedRaftLogWorker (SegmentedRaftLogWorker.java:flushIfNecessary(365)) - s1@group-B24AF063D807-SegmentedRaftLogWorker: flush SegmentedRaftLogOutputStream(/home/runner/work/ratis/ratis/ratis-test/target/test/data/b051e71b/MiniRaftClusterWithSimulatedRpc1ec78f08/s1/0d1e7fc9-4c77-451a-91df-b24af063d807/current/log_inprogress_0)
2022-08-08 17:04:52,118 [s2-client-thread1] TRACE segmented.SegmentedRaftLogCache (AutoCloseableReadWriteLock.java:logLocking(65)) - s2@group-B24AF063D807: readLock ACQUIRED 1 by SegmentedRaftLogCache.getLastTermIndex
2022-08-08 17:04:52,118 [s2-client-thread1] TRACE segmented.SegmentedRaftLogCache (AutoCloseableReadWriteLock.java:logLocking(65)) - s2@group-B24AF063D807: readLock RELEASED 0 by SegmentedRaftLogCache.getLastTermIndex
2022-08-08 17:04:52,118 [s2-client-thread1] TRACE segmented.SegmentedRaftLogCache (AutoCloseableReadWriteLock.java:logLocking(65)) - s2@group-B24AF063D807: readLock ACQUIRED 1 by SegmentedRaftLogCache.getLastTermIndex
2022-08-08 17:04:52,118 [s2-client-thread1] TRACE segmented.SegmentedRaftLogCache (AutoCloseableReadWriteLock.java:logLocking(65)) - s2@group-B24AF063D807: readLock RELEASED 0 by SegmentedRaftLogCache.getLastTermIndex
2022-08-08 17:04:52,118 [s2-client-thread1] TRACE segmented.SegmentedRaftLogCache (AutoCloseableReadWriteLock.java:logLocking(65)) - s2@group-B24AF063D807: readLock ACQUIRED 1 by SegmentedRaftLogCache$LogSegmentList.countCached
2022-08-08 17:04:52,118 [s2-client-thread1] TRACE segmented.SegmentedRaftLogCache (AutoCloseableReadWriteLock.java:logLocking(65)) - s2@group-B24AF063D807: readLock RELEASED 0 by SegmentedRaftLogCache$LogSegmentList.countCached
2022-08-08 17:04:52,118 [s2-client-thread1] TRACE segmented.SegmentedRaftLogCache (AutoCloseableReadWriteLock.java:logLocking(65)) - s2@group-B24AF063D807: readLock ACQUIRED 1 by SegmentedRaftLogCache$LogSegmentList.getTotalCacheSize
2022-08-08 17:04:52,118 [s2-client-thread1] TRACE segmented.SegmentedRaftLogCache (AutoCloseableReadWriteLock.java:logLocking(65)) - s2@group-B24AF063D807: readLock RELEASED 0 by SegmentedRaftLogCache$LogSegmentList.getTotalCacheSize
2022-08-08 17:04:52,119 [s2-client-thread1] DEBUG segmented.SegmentedRaftLogWorker (SegmentedRaftLogWorker.java:addIOTask(270)) - s2@group-B24AF063D807-SegmentedRaftLogWorker adds IO task WriteLog:27: (t:1, i:27), STATEMACHINELOGENTRY, StateMachineLogEntryProto:201@client-73FEC95B6FDB
2022-08-08 17:04:52,119 [s2@group-B24AF063D807-SegmentedRaftLogWorker] DEBUG segmented.SegmentedRaftLogWorker (SegmentedRaftLogWorker.java:flushIfNecessary(365)) - s2@group-B24AF063D807-SegmentedRaftLogWorker: flush SegmentedRaftLogOutputStream(/home/runner/work/ratis/ratis/ratis-test/target/test/data/b051e71b/MiniRaftClusterWithSimulatedRpc1ec78f08/s2/0d1e7fc9-4c77-451a-91df-b24af063d807/current/log_inprogress_0)
2022-08-08 17:04:52,119 [s1@group-B24AF063D807-StateMachineUpdater] INFO  statemachine.SimpleStateMachine4Testing (SimpleStateMachine4Testing.java:put(204)) - s1: put 25, m12 -> (t:1, i:25), STATEMACHINELOGENTRY, 197@client-73FEC95B6FDB
2022-08-08 17:04:52,120 [s2@group-B24AF063D807->s1-LogAppenderDefault-LogAppenderDaemon] TRACE segmented.SegmentedRaftLogCache (AutoCloseableReadWriteLock.java:logLocking(65)) - s2@group-B24AF063D807: readLock ACQUIRED 1 by SegmentedRaftLogCache.getLastTermIndex
2022-08-08 17:04:52,120 [s2@group-B24AF063D807->s1-LogAppenderDefault-LogAppenderDaemon] TRACE segmented.SegmentedRaftLogCache (AutoCloseableReadWriteLock.java:logLocking(65)) - s2@group-B24AF063D807: readLock RELEASED 0 by SegmentedRaftLogCache.getLastTermIndex
2022-08-08 17:04:52,120 [s2@group-B24AF063D807->s1-LogAppenderDefault-LogAppenderDaemon] TRACE segmented.SegmentedRaftLogCache (AutoCloseableReadWriteLock.java:logLocking(65)) - s2@group-B24AF063D807: readLock ACQUIRED 1 by SegmentedRaftLogCache.getLastTermIndex
2022-08-08 17:04:52,120 [s2@group-B24AF063D807->s1-LogAppenderDefault-LogAppenderDaemon] TRACE segmented.SegmentedRaftLogCache (AutoCloseableReadWriteLock.java:logLocking(65)) - s2@group-B24AF063D807: readLock RELEASED 0 by SegmentedRaftLogCache.getLastTermIndex
2022-08-08 17:04:52,120 [s2@group-B24AF063D807->s1-LogAppenderDefault-LogAppenderDaemon] TRACE segmented.SegmentedRaftLogCache (AutoCloseableReadWriteLock.java:logLocking(65)) - s2@group-B24AF063D807: readLock ACQUIRED 1 by SegmentedRaftLogCache.getLastTermIndex
2022-08-08 17:04:52,120 [s2@group-B24AF063D807->s1-LogAppenderDefault-LogAppenderDaemon] TRACE segmented.SegmentedRaftLogCache (AutoCloseableReadWriteLock.java:logLocking(65)) - s2@group-B24AF063D807: readLock RELEASED 0 by SegmentedRaftLogCache.getLastTermIndex
2022-08-08 17:04:52,120 [s2@group-B24AF063D807->s1-LogAppenderDefault-LogAppenderDaemon] TRACE segmented.SegmentedRaftLogCache (AutoCloseableReadWriteLock.java:logLocking(65)) - s2@group-B24AF063D807: readLock ACQUIRED 1 by SegmentedRaftLogCache.getStartIndex
2022-08-08 17:04:52,120 [s2@group-B24AF063D807->s1-LogAppenderDefault-LogAppenderDaemon] TRACE segmented.SegmentedRaftLogCache (AutoCloseableReadWriteLock.java:logLocking(65)) -   s2@group-B24AF063D807: readLock ACQUIRED 2 by SegmentedRaftLogCache$LogSegmentList.isEmpty
2022-08-08 17:04:52,120 [s2@group-B24AF063D807->s1-LogAppenderDefault-LogAppenderDaemon] TRACE segmented.SegmentedRaftLogCache (AutoCloseableReadWriteLock.java:logLocking(65)) -   s2@group-B24AF063D807: readLock RELEASED 1 by SegmentedRaftLogCache$LogSegmentList.isEmpty
2022-08-08 17:04:52,120 [s2@group-B24AF063D807->s1-LogAppenderDefault-LogAppenderDaemon] TRACE segmented.SegmentedRaftLogCache (AutoCloseableReadWriteLock.java:logLocking(65)) - s2@group-B24AF063D807: readLock RELEASED 0 by SegmentedRaftLogCache.getStartIndex
2022-08-08 17:04:52,120 [s2@group-B24AF063D807->s1-LogAppenderDefault-LogAppenderDaemon] TRACE segmented.SegmentedRaftLogCache (AutoCloseableReadWriteLock.java:logLocking(65)) - s2@group-B24AF063D807: readLock ACQUIRED 1 by SegmentedRaftLogCache.getLastTermIndex
2022-08-08 17:04:52,120 [s2@group-B24AF063D807->s1-LogAppenderDefault-LogAppenderDaemon] TRACE segmented.SegmentedRaftLogCache (AutoCloseableReadWriteLock.java:logLocking(65)) - s2@group-B24AF063D807: readLock RELEASED 0 by SegmentedRaftLogCache.getLastTermIndex
2022-08-08 17:04:52,121 [Thread-467] TRACE segmented.SegmentedRaftLogCache (AutoCloseableReadWriteLock.java:logLocking(65)) - s1@group-B24AF063D807: readLock ACQUIRED 1 by SegmentedRaftLogCache.computeTruncateIndices
2022-08-08 17:04:52,121 [Thread-467] TRACE segmented.SegmentedRaftLogCache (AutoCloseableReadWriteLock.java:logLocking(65)) -   s1@group-B24AF063D807: readLock ACQUIRED 2 by SegmentedRaftLogCache$LogSegmentList.binarySearch
2022-08-08 17:04:52,121 [Thread-467] TRACE segmented.SegmentedRaftLogCache (AutoCloseableReadWriteLock.java:logLocking(65)) -   s1@group-B24AF063D807: readLock RELEASED 1 by SegmentedRaftLogCache$LogSegmentList.binarySearch
2022-08-08 17:04:52,121 [Thread-467] TRACE segmented.SegmentedRaftLogCache (AutoCloseableReadWriteLock.java:logLocking(65)) -   s1@group-B24AF063D807: readLock ACQUIRED 2 by SegmentedRaftLogCache$LogSegmentList.size
2022-08-08 17:04:52,121 [Thread-467] TRACE segmented.SegmentedRaftLogCache (AutoCloseableReadWriteLock.java:logLocking(65)) -   s1@group-B24AF063D807: readLock RELEASED 1 by SegmentedRaftLogCache$LogSegmentList.size
2022-08-08 17:04:52,121 [Thread-467] TRACE segmented.SegmentedRaftLogCache (AutoCloseableReadWriteLock.java:logLocking(65)) - s1@group-B24AF063D807: readLock RELEASED 0 by SegmentedRaftLogCache.computeTruncateIndices
2022-08-08 17:04:52,121 [Thread-467] DEBUG raftlog.RaftLog (SegmentedRaftLog.java:appendImpl(447)) - truncateIndex=-1, arrayIndex=0
2022-08-08 17:04:52,121 [Thread-467] TRACE segmented.SegmentedRaftLogCache (AutoCloseableReadWriteLock.java:logLocking(65)) - s1@group-B24AF063D807: readLock ACQUIRED 1 by SegmentedRaftLogCache.getLastTermIndex
2022-08-08 17:04:52,121 [Thread-467] TRACE segmented.SegmentedRaftLogCache (AutoCloseableReadWriteLock.java:logLocking(65)) - s1@group-B24AF063D807: readLock RELEASED 0 by SegmentedRaftLogCache.getLastTermIndex
2022-08-08 17:04:52,121 [Thread-467] TRACE segmented.SegmentedRaftLogCache (AutoCloseableReadWriteLock.java:logLocking(65)) - s1@group-B24AF063D807: readLock ACQUIRED 1 by SegmentedRaftLogCache$LogSegmentList.countCached
2022-08-08 17:04:52,121 [Thread-467] TRACE segmented.SegmentedRaftLogCache (AutoCloseableReadWriteLock.java:logLocking(65)) - s1@group-B24AF063D807: readLock RELEASED 0 by SegmentedRaftLogCache$LogSegmentList.countCached
2022-08-08 17:04:52,121 [Thread-467] TRACE segmented.SegmentedRaftLogCache (AutoCloseableReadWriteLock.java:logLocking(65)) - s1@group-B24AF063D807: readLock ACQUIRED 1 by SegmentedRaftLogCache$LogSegmentList.getTotalCacheSize
2022-08-08 17:04:52,121 [Thread-467] TRACE segmented.SegmentedRaftLogCache (AutoCloseableReadWriteLock.java:logLocking(65)) - s1@group-B24AF063D807: readLock RELEASED 0 by SegmentedRaftLogCache$LogSegmentList.getTotalCacheSize
2022-08-08 17:04:52,121 [Thread-467] DEBUG segmented.SegmentedRaftLogWorker (SegmentedRaftLogWorker.java:addIOTask(270)) - s1@group-B24AF063D807-SegmentedRaftLogWorker adds IO task WriteLog:27: (t:1, i:27), STATEMACHINELOGENTRY, StateMachineLogEntryProto:201@client-73FEC95B6FDB
2022-08-08 17:04:52,121 [s1@group-B24AF063D807-SegmentedRaftLogWorker] DEBUG segmented.SegmentedRaftLogWorker (SegmentedRaftLogWorker.java:flushIfNecessary(365)) - s1@group-B24AF063D807-SegmentedRaftLogWorker: flush SegmentedRaftLogOutputStream(/home/runner/work/ratis/ratis/ratis-test/target/test/data/b051e71b/MiniRaftClusterWithSimulatedRpc1ec78f08/s1/0d1e7fc9-4c77-451a-91df-b24af063d807/current/log_inprogress_0)
2022-08-08 17:04:52,122 [s2@group-B24AF063D807-LeaderStateImpl] TRACE segmented.SegmentedRaftLogCache (AutoCloseableReadWriteLock.java:logLocking(65)) - s2@group-B24AF063D807: readLock ACQUIRED 1 by SegmentedRaftLogCache.getStartIndex
2022-08-08 17:04:52,122 [s2@group-B24AF063D807-LeaderStateImpl] TRACE segmented.SegmentedRaftLogCache (AutoCloseableReadWriteLock.java:logLocking(65)) -   s2@group-B24AF063D807: readLock ACQUIRED 2 by SegmentedRaftLogCache$LogSegmentList.isEmpty
2022-08-08 17:04:52,122 [s2@group-B24AF063D807-LeaderStateImpl] TRACE segmented.SegmentedRaftLogCache (AutoCloseableReadWriteLock.java:logLocking(65)) -   s2@group-B24AF063D807: readLock RELEASED 1 by SegmentedRaftLogCache$LogSegmentList.isEmpty
2022-08-08 17:04:52,122 [s2@group-B24AF063D807-LeaderStateImpl] TRACE segmented.SegmentedRaftLogCache (AutoCloseableReadWriteLock.java:logLocking(65)) - s2@group-B24AF063D807: readLock RELEASED 0 by SegmentedRaftLogCache.getStartIndex
2022-08-08 17:04:52,122 [s2@group-B24AF063D807-LeaderStateImpl] TRACE segmented.SegmentedRaftLogCache (AutoCloseableReadWriteLock.java:logLocking(65)) - s2@group-B24AF063D807: readLock ACQUIRED 1 by SegmentedRaftLogCache.getEndIndex
2022-08-08 17:04:52,122 [s2@group-B24AF063D807-LeaderStateImpl] TRACE segmented.SegmentedRaftLogCache (AutoCloseableReadWriteLock.java:logLocking(65)) - s2@group-B24AF063D807: readLock RELEASED 0 by SegmentedRaftLogCache.getEndIndex
2022-08-08 17:04:52,122 [s2@group-B24AF063D807-LeaderStateImpl] TRACE segmented.SegmentedRaftLogCache (AutoCloseableReadWriteLock.java:logLocking(65)) - s2@group-B24AF063D807: readLock ACQUIRED 1 by SegmentedRaftLogCache$LogSegmentList.getTermIndex
2022-08-08 17:04:52,122 [s2@group-B24AF063D807-LeaderStateImpl] TRACE segmented.SegmentedRaftLogCache (AutoCloseableReadWriteLock.java:logLocking(65)) - s2@group-B24AF063D807: readLock RELEASED 0 by SegmentedRaftLogCache$LogSegmentList.getTermIndex
2022-08-08 17:04:52,122 [Thread-513] TRACE segmented.SegmentedRaftLogCache (AutoCloseableReadWriteLock.java:logLocking(65)) - s0@group-B24AF063D807: readLock ACQUIRED 1 by SegmentedRaftLogCache$LogSegmentList.countCached
2022-08-08 17:04:52,122 [Thread-513] TRACE segmented.SegmentedRaftLogCache (AutoCloseableReadWriteLock.java:logLocking(65)) - s0@group-B24AF063D807: readLock RELEASED 0 by SegmentedRaftLogCache$LogSegmentList.countCached
2022-08-08 17:04:52,122 [Thread-513] TRACE segmented.SegmentedRaftLogCache (AutoCloseableReadWriteLock.java:logLocking(65)) - s0@group-B24AF063D807: readLock ACQUIRED 1 by SegmentedRaftLogCache$LogSegmentList.getTotalCacheSize
2022-08-08 17:04:52,122 [Thread-513] TRACE segmented.SegmentedRaftLogCache (AutoCloseableReadWriteLock.java:logLocking(65)) - s0@group-B24AF063D807: readLock RELEASED 0 by SegmentedRaftLogCache$LogSegmentList.getTotalCacheSize
2022-08-08 17:04:52,122 [s2@group-B24AF063D807->s1-LogAppenderDefault-LogAppenderDaemon] TRACE segmented.SegmentedRaftLogCache (AutoCloseableReadWriteLock.java:logLocking(65)) - s2@group-B24AF063D807: readLock ACQUIRED 1 by SegmentedRaftLogCache.getLastTermIndex
2022-08-08 17:04:52,123 [s2@group-B24AF063D807->s1-LogAppenderDefault-LogAppenderDaemon] TRACE segmented.SegmentedRaftLogCache (AutoCloseableReadWriteLock.java:logLocking(65)) -   s2@group-B24AF063D807: readLock RELEASED 1 by SegmentedRaftLogCache.getLastTermIndex
2022-08-08 17:04:52,122 [Thread-513] DEBUG segmented.SegmentedRaftLogWorker (SegmentedRaftLogWorker.java:addIOTask(270)) - s0@group-B24AF063D807-SegmentedRaftLogWorker adds IO task WriteLog:24: (t:1, i:24), METADATAENTRY(c:23)
2022-08-08 17:04:52,122 [s2@group-B24AF063D807-LeaderStateImpl] TRACE segmented.SegmentedRaftLogCache (AutoCloseableReadWriteLock.java:logLocking(65)) -   s2@group-B24AF063D807: readLock ACQUIRED 2 by SegmentedRaftLogCache.getStartIndex
2022-08-08 17:04:52,123 [s0@group-B24AF063D807-SegmentedRaftLogWorker] DEBUG segmented.SegmentedRaftLogWorker (SegmentedRaftLogWorker.java:flushIfNecessary(365)) - s0@group-B24AF063D807-SegmentedRaftLogWorker: flush SegmentedRaftLogOutputStream(/home/runner/work/ratis/ratis/ratis-test/target/test/data/b051e71b/MiniRaftClusterWithSimulatedRpc1ec78f08/s0/0d1e7fc9-4c77-451a-91df-b24af063d807/current/log_inprogress_0)
2022-08-08 17:04:52,123 [Thread-513] TRACE segmented.SegmentedRaftLogCache (AutoCloseableReadWriteLock.java:logLocking(65)) - s0@group-B24AF063D807: readLock ACQUIRED 1 by SegmentedRaftLogCache.getLastTermIndex
2022-08-08 17:04:52,123 [Thread-513] TRACE segmented.SegmentedRaftLogCache (AutoCloseableReadWriteLock.java:logLocking(65)) - s0@group-B24AF063D807: readLock RELEASED 0 by SegmentedRaftLogCache.getLastTermIndex
2022-08-08 17:04:52,123 [s2@group-B24AF063D807-LeaderStateImpl] TRACE segmented.SegmentedRaftLogCache (AutoCloseableReadWriteLock.java:logLocking(65)) -   s2@group-B24AF063D807: readLock ACQUIRED 2 by SegmentedRaftLogCache$LogSegmentList.isEmpty
2022-08-08 17:04:52,123 [s2@group-B24AF063D807-LeaderStateImpl] TRACE segmented.SegmentedRaftLogCache (AutoCloseableReadWriteLock.java:logLocking(65)) -   s2@group-B24AF063D807: readLock RELEASED 1 by SegmentedRaftLogCache$LogSegmentList.isEmpty
2022-08-08 17:04:52,123 [Thread-513] TRACE segmented.SegmentedRaftLogCache (AutoCloseableReadWriteLock.java:logLocking(65)) - s0@group-B24AF063D807: readLock ACQUIRED 1 by SegmentedRaftLogCache$LogSegmentList.countCached
2022-08-08 17:04:52,123 [s2@group-B24AF063D807-LeaderStateImpl] TRACE segmented.SegmentedRaftLogCache (AutoCloseableReadWriteLock.java:logLocking(65)) - s2@group-B24AF063D807: readLock RELEASED 0 by SegmentedRaftLogCache.getStartIndex
2022-08-08 17:04:52,123 [Thread-513] TRACE segmented.SegmentedRaftLogCache (AutoCloseableReadWriteLock.java:logLocking(65)) - s0@group-B24AF063D807: readLock RELEASED 0 by SegmentedRaftLogCache$LogSegmentList.countCached
2022-08-08 17:04:52,123 [s2@group-B24AF063D807-LeaderStateImpl] TRACE segmented.SegmentedRaftLogCache (AutoCloseableReadWriteLock.java:logLocking(65)) - s2@group-B24AF063D807: readLock ACQUIRED 1 by SegmentedRaftLogCache.getEndIndex
2022-08-08 17:04:52,123 [s2@group-B24AF063D807-LeaderStateImpl] TRACE segmented.SegmentedRaftLogCache (AutoCloseableReadWriteLock.java:logLocking(65)) - s2@group-B24AF063D807: readLock RELEASED 0 by SegmentedRaftLogCache.getEndIndex
2022-08-08 17:04:52,123 [Thread-513] TRACE segmented.SegmentedRaftLogCache (AutoCloseableReadWriteLock.java:logLocking(65)) - s0@group-B24AF063D807: readLock ACQUIRED 1 by SegmentedRaftLogCache$LogSegmentList.getTotalCacheSize
2022-08-08 17:04:52,123 [Thread-513] TRACE segmented.SegmentedRaftLogCache (AutoCloseableReadWriteLock.java:logLocking(65)) - s0@group-B24AF063D807: readLock RELEASED 0 by SegmentedRaftLogCache$LogSegmentList.getTotalCacheSize
2022-08-08 17:04:52,123 [s2@group-B24AF063D807-LeaderStateImpl] TRACE segmented.SegmentedRaftLogCache (AutoCloseableReadWriteLock.java:logLocking(65)) - s2@group-B24AF063D807: readLock ACQUIRED 1 by SegmentedRaftLogCache$LogSegmentList.getTermIndex
2022-08-08 17:04:52,123 [s2@group-B24AF063D807-LeaderStateImpl] TRACE segmented.SegmentedRaftLogCache (AutoCloseableReadWriteLock.java:logLocking(65)) - s2@group-B24AF063D807: readLock RELEASED 0 by SegmentedRaftLogCache$LogSegmentList.getTermIndex
2022-08-08 17:04:52,123 [Thread-513] DEBUG segmented.SegmentedRaftLogWorker (SegmentedRaftLogWorker.java:addIOTask(270)) - s0@group-B24AF063D807-SegmentedRaftLogWorker adds IO task WriteLog:25: (t:1, i:25), STATEMACHINELOGENTRY, StateMachineLogEntryProto:197@client-73FEC95B6FDB
2022-08-08 17:04:52,124 [s2@group-B24AF063D807-StateMachineUpdater] INFO  statemachine.SimpleStateMachine4Testing (SimpleStateMachine4Testing.java:put(204)) - s2: put 27, m13 -> (t:1, i:27), STATEMACHINELOGENTRY, 201@client-73FEC95B6FDB
2022-08-08 17:04:52,124 [s0@group-B24AF063D807-SegmentedRaftLogWorker] DEBUG segmented.SegmentedRaftLogWorker (SegmentedRaftLogWorker.java:flushIfNecessary(365)) - s0@group-B24AF063D807-SegmentedRaftLogWorker: flush SegmentedRaftLogOutputStream(/home/runner/work/ratis/ratis/ratis-test/target/test/data/b051e71b/MiniRaftClusterWithSimulatedRpc1ec78f08/s0/0d1e7fc9-4c77-451a-91df-b24af063d807/current/log_inprogress_0)
2022-08-08 17:04:52,124 [s2@group-B24AF063D807-LeaderStateImpl] TRACE segmented.SegmentedRaftLogCache (AutoCloseableReadWriteLock.java:logLocking(65)) - s2@group-B24AF063D807: readLock ACQUIRED 1 by SegmentedRaftLogCache.getLastTermIndex
2022-08-08 17:04:52,124 [s2@group-B24AF063D807-LeaderStateImpl] TRACE segmented.SegmentedRaftLogCache (AutoCloseableReadWriteLock.java:logLocking(65)) - s2@group-B24AF063D807: readLock RELEASED 0 by SegmentedRaftLogCache.getLastTermIndex
2022-08-08 17:04:52,124 [s2@group-B24AF063D807-LeaderStateImpl] TRACE segmented.SegmentedRaftLogCache (AutoCloseableReadWriteLock.java:logLocking(65)) - s2@group-B24AF063D807: readLock ACQUIRED 1 by SegmentedRaftLogCache$LogSegmentList.countCached
2022-08-08 17:04:52,124 [s2@group-B24AF063D807-LeaderStateImpl] TRACE segmented.SegmentedRaftLogCache (AutoCloseableReadWriteLock.java:logLocking(65)) - s2@group-B24AF063D807: readLock RELEASED 0 by SegmentedRaftLogCache$LogSegmentList.countCached
2022-08-08 17:04:52,124 [s2@group-B24AF063D807-LeaderStateImpl] TRACE segmented.SegmentedRaftLogCache (AutoCloseableReadWriteLock.java:logLocking(65)) - s2@group-B24AF063D807: readLock ACQUIRED 1 by SegmentedRaftLogCache$LogSegmentList.getTotalCacheSize
2022-08-08 17:04:52,124 [s2@group-B24AF063D807-LeaderStateImpl] TRACE segmented.SegmentedRaftLogCache (AutoCloseableReadWriteLock.java:logLocking(65)) - s2@group-B24AF063D807: readLock RELEASED 0 by SegmentedRaftLogCache$LogSegmentList.getTotalCacheSize
2022-08-08 17:04:52,124 [s2@group-B24AF063D807-LeaderStateImpl] DEBUG segmented.SegmentedRaftLogWorker (SegmentedRaftLogWorker.java:addIOTask(270)) - s2@group-B24AF063D807-SegmentedRaftLogWorker adds IO task WriteLog:28: (t:1, i:28), METADATAENTRY(c:27)
2022-08-08 17:04:52,125 [s2@group-B24AF063D807-SegmentedRaftLogWorker] DEBUG segmented.SegmentedRaftLogWorker (SegmentedRaftLogWorker.java:flushIfNecessary(365)) - s2@group-B24AF063D807-SegmentedRaftLogWorker: flush SegmentedRaftLogOutputStream(/home/runner/work/ratis/ratis/ratis-test/target/test/data/b051e71b/MiniRaftClusterWithSimulatedRpc1ec78f08/s2/0d1e7fc9-4c77-451a-91df-b24af063d807/current/log_inprogress_0)
2022-08-08 17:04:52,125 [s2-client-thread1] TRACE segmented.SegmentedRaftLogCache (AutoCloseableReadWriteLock.java:logLocking(65)) - s2@group-B24AF063D807: readLock ACQUIRED 1 by SegmentedRaftLogCache.getLastTermIndex
2022-08-08 17:04:52,125 [s2-client-thread1] TRACE segmented.SegmentedRaftLogCache (AutoCloseableReadWriteLock.java:logLocking(65)) - s2@group-B24AF063D807: readLock RELEASED 0 by SegmentedRaftLogCache.getLastTermIndex
2022-08-08 17:04:52,125 [s2-client-thread1] TRACE segmented.SegmentedRaftLogCache (AutoCloseableReadWriteLock.java:logLocking(65)) - s2@group-B24AF063D807: readLock ACQUIRED 1 by SegmentedRaftLogCache.getLastTermIndex
2022-08-08 17:04:52,125 [s2-client-thread1] TRACE segmented.SegmentedRaftLogCache (AutoCloseableReadWriteLock.java:logLocking(65)) - s2@group-B24AF063D807: readLock RELEASED 0 by SegmentedRaftLogCache.getLastTermIndex
2022-08-08 17:04:52,125 [s2-client-thread1] TRACE segmented.SegmentedRaftLogCache (AutoCloseableReadWriteLock.java:logLocking(65)) - s2@group-B24AF063D807: readLock ACQUIRED 1 by SegmentedRaftLogCache$LogSegmentList.countCached
2022-08-08 17:04:52,125 [s2-client-thread1] TRACE segmented.SegmentedRaftLogCache (AutoCloseableReadWriteLock.java:logLocking(65)) - s2@group-B24AF063D807: readLock RELEASED 0 by SegmentedRaftLogCache$LogSegmentList.countCached
2022-08-08 17:04:52,125 [s2-client-thread1] TRACE segmented.SegmentedRaftLogCache (AutoCloseableReadWriteLock.java:logLocking(65)) - s2@group-B24AF063D807: readLock ACQUIRED 1 by SegmentedRaftLogCache$LogSegmentList.getTotalCacheSize
2022-08-08 17:04:52,125 [s2-client-thread1] TRACE segmented.SegmentedRaftLogCache (AutoCloseableReadWriteLock.java:logLocking(65)) - s2@group-B24AF063D807: readLock RELEASED 0 by SegmentedRaftLogCache$LogSegmentList.getTotalCacheSize
2022-08-08 17:04:52,125 [s2-client-thread1] DEBUG segmented.SegmentedRaftLogWorker (SegmentedRaftLogWorker.java:addIOTask(270)) - s2@group-B24AF063D807-SegmentedRaftLogWorker adds IO task WriteLog:29: (t:1, i:29), STATEMACHINELOGENTRY, StateMachineLogEntryProto:203@client-73FEC95B6FDB
2022-08-08 17:04:52,125 [s2@group-B24AF063D807-SegmentedRaftLogWorker] DEBUG segmented.SegmentedRaftLogWorker (SegmentedRaftLogWorker.java:flushIfNecessary(365)) - s2@group-B24AF063D807-SegmentedRaftLogWorker: flush SegmentedRaftLogOutputStream(/home/runner/work/ratis/ratis/ratis-test/target/test/data/b051e71b/MiniRaftClusterWithSimulatedRpc1ec78f08/s2/0d1e7fc9-4c77-451a-91df-b24af063d807/current/log_inprogress_0)
2022-08-08 17:04:52,125 [s2@group-B24AF063D807->s1-LogAppenderDefault-LogAppenderDaemon] TRACE segmented.SegmentedRaftLogCache (AutoCloseableReadWriteLock.java:logLocking(65)) - s2@group-B24AF063D807: readLock ACQUIRED 1 by SegmentedRaftLogCache.getLastTermIndex
2022-08-08 17:04:52,125 [s2@group-B24AF063D807->s1-LogAppenderDefault-LogAppenderDaemon] TRACE segmented.SegmentedRaftLogCache (AutoCloseableReadWriteLock.java:logLocking(65)) - s2@group-B24AF063D807: readLock RELEASED 0 by SegmentedRaftLogCache.getLastTermIndex
2022-08-08 17:04:52,125 [s2@group-B24AF063D807->s1-LogAppenderDefault-LogAppenderDaemon] TRACE segmented.SegmentedRaftLogCache (AutoCloseableReadWriteLock.java:logLocking(65)) - s2@group-B24AF063D807: readLock ACQUIRED 1 by SegmentedRaftLogCache.getLastTermIndex
2022-08-08 17:04:52,125 [s2@group-B24AF063D807->s1-LogAppenderDefault-LogAppenderDaemon] TRACE segmented.SegmentedRaftLogCache (AutoCloseableReadWriteLock.java:logLocking(65)) - s2@group-B24AF063D807: readLock RELEASED 0 by SegmentedRaftLogCache.getLastTermIndex
2022-08-08 17:04:52,125 [s2@group-B24AF063D807->s1-LogAppenderDefault-LogAppenderDaemon] TRACE segmented.SegmentedRaftLogCache (AutoCloseableReadWriteLock.java:logLocking(65)) - s2@group-B24AF063D807: readLock ACQUIRED 1 by SegmentedRaftLogCache.getStartIndex
2022-08-08 17:04:52,125 [s2@group-B24AF063D807->s1-LogAppenderDefault-LogAppenderDaemon] TRACE segmented.SegmentedRaftLogCache (AutoCloseableReadWriteLock.java:logLocking(65)) -   s2@group-B24AF063D807: readLock ACQUIRED 2 by SegmentedRaftLogCache$LogSegmentList.isEmpty
2022-08-08 17:04:52,125 [s2@group-B24AF063D807->s1-LogAppenderDefault-LogAppenderDaemon] TRACE segmented.SegmentedRaftLogCache (AutoCloseableReadWriteLock.java:logLocking(65)) -   s2@group-B24AF063D807: readLock RELEASED 1 by SegmentedRaftLogCache$LogSegmentList.isEmpty
2022-08-08 17:04:52,125 [s2@group-B24AF063D807->s1-LogAppenderDefault-LogAppenderDaemon] TRACE segmented.SegmentedRaftLogCache (AutoCloseableReadWriteLock.java:logLocking(65)) - s2@group-B24AF063D807: readLock RELEASED 0 by SegmentedRaftLogCache.getStartIndex
2022-08-08 17:04:52,125 [s2@group-B24AF063D807->s1-LogAppenderDefault-LogAppenderDaemon] TRACE segmented.SegmentedRaftLogCache (AutoCloseableReadWriteLock.java:logLocking(65)) - s2@group-B24AF063D807: readLock ACQUIRED 1 by SegmentedRaftLogCache.getLastTermIndex
2022-08-08 17:04:52,125 [s2@group-B24AF063D807->s1-LogAppenderDefault-LogAppenderDaemon] TRACE segmented.SegmentedRaftLogCache (AutoCloseableReadWriteLock.java:logLocking(65)) - s2@group-B24AF063D807: readLock RELEASED 0 by SegmentedRaftLogCache.getLastTermIndex
2022-08-08 17:04:52,126 [Thread-468] TRACE segmented.SegmentedRaftLogCache (AutoCloseableReadWriteLock.java:logLocking(65)) - s1@group-B24AF063D807: readLock ACQUIRED 1 by SegmentedRaftLogCache.computeTruncateIndices
2022-08-08 17:04:52,126 [Thread-468] TRACE segmented.SegmentedRaftLogCache (AutoCloseableReadWriteLock.java:logLocking(65)) -   s1@group-B24AF063D807: readLock ACQUIRED 2 by SegmentedRaftLogCache$LogSegmentList.binarySearch
2022-08-08 17:04:52,126 [Thread-468] TRACE segmented.SegmentedRaftLogCache (AutoCloseableReadWriteLock.java:logLocking(65)) -   s1@group-B24AF063D807: readLock RELEASED 1 by SegmentedRaftLogCache$LogSegmentList.binarySearch
2022-08-08 17:04:52,126 [Thread-468] TRACE segmented.SegmentedRaftLogCache (AutoCloseableReadWriteLock.java:logLocking(65)) -   s1@group-B24AF063D807: readLock ACQUIRED 2 by SegmentedRaftLogCache$LogSegmentList.size
2022-08-08 17:04:52,126 [Thread-468] TRACE segmented.SegmentedRaftLogCache (AutoCloseableReadWriteLock.java:logLocking(65)) -   s1@group-B24AF063D807: readLock RELEASED 1 by SegmentedRaftLogCache$LogSegmentList.size
2022-08-08 17:04:52,126 [Thread-468] TRACE segmented.SegmentedRaftLogCache (AutoCloseableReadWriteLock.java:logLocking(65)) - s1@group-B24AF063D807: readLock RELEASED 0 by SegmentedRaftLogCache.computeTruncateIndices
2022-08-08 17:04:52,126 [Thread-468] DEBUG raftlog.RaftLog (SegmentedRaftLog.java:appendImpl(447)) - truncateIndex=-1, arrayIndex=0
2022-08-08 17:04:52,126 [Thread-468] TRACE segmented.SegmentedRaftLogCache (AutoCloseableReadWriteLock.java:logLocking(65)) - s1@group-B24AF063D807: readLock ACQUIRED 1 by SegmentedRaftLogCache$LogSegmentList.countCached
2022-08-08 17:04:52,126 [Thread-468] TRACE segmented.SegmentedRaftLogCache (AutoCloseableReadWriteLock.java:logLocking(65)) - s1@group-B24AF063D807: readLock RELEASED 0 by SegmentedRaftLogCache$LogSegmentList.countCached
2022-08-08 17:04:52,126 [Thread-468] TRACE segmented.SegmentedRaftLogCache (AutoCloseableReadWriteLock.java:logLocking(65)) - s1@group-B24AF063D807: readLock ACQUIRED 1 by SegmentedRaftLogCache$LogSegmentList.getTotalCacheSize
2022-08-08 17:04:52,126 [Thread-468] TRACE segmented.SegmentedRaftLogCache (AutoCloseableReadWriteLock.java:logLocking(65)) - s1@group-B24AF063D807: readLock RELEASED 0 by SegmentedRaftLogCache$LogSegmentList.getTotalCacheSize
2022-08-08 17:04:52,126 [Thread-468] DEBUG segmented.SegmentedRaftLogWorker (SegmentedRaftLogWorker.java:addIOTask(270)) - s1@group-B24AF063D807-SegmentedRaftLogWorker adds IO task WriteLog:28: (t:1, i:28), METADATAENTRY(c:27)
2022-08-08 17:04:52,126 [Thread-468] TRACE segmented.SegmentedRaftLogCache (AutoCloseableReadWriteLock.java:logLocking(65)) - s1@group-B24AF063D807: readLock ACQUIRED 1 by SegmentedRaftLogCache.getLastTermIndex
2022-08-08 17:04:52,126 [Thread-468] TRACE segmented.SegmentedRaftLogCache (AutoCloseableReadWriteLock.java:logLocking(65)) - s1@group-B24AF063D807: readLock RELEASED 0 by SegmentedRaftLogCache.getLastTermIndex
2022-08-08 17:04:52,126 [Thread-468] TRACE segmented.SegmentedRaftLogCache (AutoCloseableReadWriteLock.java:logLocking(65)) - s1@group-B24AF063D807: readLock ACQUIRED 1 by SegmentedRaftLogCache$LogSegmentList.countCached
2022-08-08 17:04:52,126 [Thread-468] TRACE segmented.SegmentedRaftLogCache (AutoCloseableReadWriteLock.java:logLocking(65)) - s1@group-B24AF063D807: readLock RELEASED 0 by SegmentedRaftLogCache$LogSegmentList.countCached
2022-08-08 17:04:52,126 [Thread-468] TRACE segmented.SegmentedRaftLogCache (AutoCloseableReadWriteLock.java:logLocking(65)) - s1@group-B24AF063D807: readLock ACQUIRED 1 by SegmentedRaftLogCache$LogSegmentList.getTotalCacheSize
2022-08-08 17:04:52,126 [Thread-468] TRACE segmented.SegmentedRaftLogCache (AutoCloseableReadWriteLock.java:logLocking(65)) - s1@group-B24AF063D807: readLock RELEASED 0 by SegmentedRaftLogCache$LogSegmentList.getTotalCacheSize
2022-08-08 17:04:52,126 [Thread-468] DEBUG segmented.SegmentedRaftLogWorker (SegmentedRaftLogWorker.java:addIOTask(270)) - s1@group-B24AF063D807-SegmentedRaftLogWorker adds IO task WriteLog:29: (t:1, i:29), STATEMACHINELOGENTRY, StateMachineLogEntryProto:203@client-73FEC95B6FDB
2022-08-08 17:04:52,127 [s1@group-B24AF063D807-SegmentedRaftLogWorker] DEBUG segmented.SegmentedRaftLogWorker (SegmentedRaftLogWorker.java:flushIfNecessary(365)) - s1@group-B24AF063D807-SegmentedRaftLogWorker: flush SegmentedRaftLogOutputStream(/home/runner/work/ratis/ratis/ratis-test/target/test/data/b051e71b/MiniRaftClusterWithSimulatedRpc1ec78f08/s1/0d1e7fc9-4c77-451a-91df-b24af063d807/current/log_inprogress_0)
2022-08-08 17:04:52,127 [s0@group-B24AF063D807-StateMachineUpdater] INFO  statemachine.SimpleStateMachine4Testing (SimpleStateMachine4Testing.java:put(204)) - s0: put 21, m10 -> (t:1, i:21), STATEMACHINELOGENTRY, 190@client-73FEC95B6FDB
2022-08-08 17:04:52,127 [s0@group-B24AF063D807-StateMachineUpdater] INFO  statemachine.SimpleStateMachine4Testing (SimpleStateMachine4Testing.java:put(204)) - s0: put 23, m11 -> (t:1, i:23), STATEMACHINELOGENTRY, 194@client-73FEC95B6FDB
2022-08-08 17:04:52,127 [s1@group-B24AF063D807-StateMachineUpdater] INFO  statemachine.SimpleStateMachine4Testing (SimpleStateMachine4Testing.java:put(204)) - s1: put 27, m13 -> (t:1, i:27), STATEMACHINELOGENTRY, 201@client-73FEC95B6FDB
2022-08-08 17:04:52,128 [s2@group-B24AF063D807->s1-LogAppenderDefault-LogAppenderDaemon] TRACE segmented.SegmentedRaftLogCache (AutoCloseableReadWriteLock.java:logLocking(65)) - s2@group-B24AF063D807: readLock ACQUIRED 1 by SegmentedRaftLogCache.getLastTermIndex
2022-08-08 17:04:52,128 [s2@group-B24AF063D807->s1-LogAppenderDefault-LogAppenderDaemon] TRACE segmented.SegmentedRaftLogCache (AutoCloseableReadWriteLock.java:logLocking(65)) - s2@group-B24AF063D807: readLock RELEASED 0 by SegmentedRaftLogCache.getLastTermIndex
2022-08-08 17:04:52,128 [s2@group-B24AF063D807-LeaderStateImpl] TRACE segmented.SegmentedRaftLogCache (AutoCloseableReadWriteLock.java:logLocking(65)) - s2@group-B24AF063D807: readLock ACQUIRED 1 by SegmentedRaftLogCache.getStartIndex
2022-08-08 17:04:52,128 [s2@group-B24AF063D807-LeaderStateImpl] TRACE segmented.SegmentedRaftLogCache (AutoCloseableReadWriteLock.java:logLocking(65)) -   s2@group-B24AF063D807: readLock ACQUIRED 2 by SegmentedRaftLogCache$LogSegmentList.isEmpty
2022-08-08 17:04:52,128 [s2@group-B24AF063D807-LeaderStateImpl] TRACE segmented.SegmentedRaftLogCache (AutoCloseableReadWriteLock.java:logLocking(65)) -   s2@group-B24AF063D807: readLock RELEASED 1 by SegmentedRaftLogCache$LogSegmentList.isEmpty
2022-08-08 17:04:52,128 [s2@group-B24AF063D807-LeaderStateImpl] TRACE segmented.SegmentedRaftLogCache (AutoCloseableReadWriteLock.java:logLocking(65)) - s2@group-B24AF063D807: readLock RELEASED 0 by SegmentedRaftLogCache.getStartIndex
2022-08-08 17:04:52,128 [s2@group-B24AF063D807-LeaderStateImpl] TRACE segmented.SegmentedRaftLogCache (AutoCloseableReadWriteLock.java:logLocking(65)) - s2@group-B24AF063D807: readLock ACQUIRED 1 by SegmentedRaftLogCache.getEndIndex
2022-08-08 17:04:52,128 [s2@group-B24AF063D807-LeaderStateImpl] TRACE segmented.SegmentedRaftLogCache (AutoCloseableReadWriteLock.java:logLocking(65)) - s2@group-B24AF063D807: readLock RELEASED 0 by SegmentedRaftLogCache.getEndIndex
2022-08-08 17:04:52,128 [s2@group-B24AF063D807-LeaderStateImpl] TRACE segmented.SegmentedRaftLogCache (AutoCloseableReadWriteLock.java:logLocking(65)) - s2@group-B24AF063D807: readLock ACQUIRED 1 by SegmentedRaftLogCache$LogSegmentList.getTermIndex
2022-08-08 17:04:52,128 [s2@group-B24AF063D807-LeaderStateImpl] TRACE segmented.SegmentedRaftLogCache (AutoCloseableReadWriteLock.java:logLocking(65)) - s2@group-B24AF063D807: readLock RELEASED 0 by SegmentedRaftLogCache$LogSegmentList.getTermIndex
2022-08-08 17:04:52,128 [s2@group-B24AF063D807-StateMachineUpdater] INFO  statemachine.SimpleStateMachine4Testing (SimpleStateMachine4Testing.java:put(204)) - s2: put 29, m14 -> (t:1, i:29), STATEMACHINELOGENTRY, 203@client-73FEC95B6FDB
2022-08-08 17:04:52,129 [s2@group-B24AF063D807-LeaderStateImpl] TRACE segmented.SegmentedRaftLogCache (AutoCloseableReadWriteLock.java:logLocking(65)) - s2@group-B24AF063D807: readLock ACQUIRED 1 by SegmentedRaftLogCache.getLastTermIndex
2022-08-08 17:04:52,129 [s2@group-B24AF063D807-LeaderStateImpl] TRACE segmented.SegmentedRaftLogCache (AutoCloseableReadWriteLock.java:logLocking(65)) - s2@group-B24AF063D807: readLock RELEASED 0 by SegmentedRaftLogCache.getLastTermIndex
2022-08-08 17:04:52,129 [s2@group-B24AF063D807-LeaderStateImpl] TRACE segmented.SegmentedRaftLogCache (AutoCloseableReadWriteLock.java:logLocking(65)) - s2@group-B24AF063D807: readLock ACQUIRED 1 by SegmentedRaftLogCache$LogSegmentList.countCached
2022-08-08 17:04:52,129 [s2@group-B24AF063D807-LeaderStateImpl] TRACE segmented.SegmentedRaftLogCache (AutoCloseableReadWriteLock.java:logLocking(65)) - s2@group-B24AF063D807: readLock RELEASED 0 by SegmentedRaftLogCache$LogSegmentList.countCached
2022-08-08 17:04:52,129 [s2@group-B24AF063D807-LeaderStateImpl] TRACE segmented.SegmentedRaftLogCache (AutoCloseableReadWriteLock.java:logLocking(65)) - s2@group-B24AF063D807: readLock ACQUIRED 1 by SegmentedRaftLogCache$LogSegmentList.getTotalCacheSize
2022-08-08 17:04:52,129 [s2@group-B24AF063D807-LeaderStateImpl] TRACE segmented.SegmentedRaftLogCache (AutoCloseableReadWriteLock.java:logLocking(65)) - s2@group-B24AF063D807: readLock RELEASED 0 by SegmentedRaftLogCache$LogSegmentList.getTotalCacheSize
2022-08-08 17:04:52,129 [s2@group-B24AF063D807-LeaderStateImpl] DEBUG segmented.SegmentedRaftLogWorker (SegmentedRaftLogWorker.java:addIOTask(270)) - s2@group-B24AF063D807-SegmentedRaftLogWorker adds IO task WriteLog:30: (t:1, i:30), METADATAENTRY(c:29)
2022-08-08 17:04:52,129 [s2@group-B24AF063D807-SegmentedRaftLogWorker] DEBUG segmented.SegmentedRaftLogWorker (SegmentedRaftLogWorker.java:flushIfNecessary(365)) - s2@group-B24AF063D807-SegmentedRaftLogWorker: flush SegmentedRaftLogOutputStream(/home/runner/work/ratis/ratis/ratis-test/target/test/data/b051e71b/MiniRaftClusterWithSimulatedRpc1ec78f08/s2/0d1e7fc9-4c77-451a-91df-b24af063d807/current/log_inprogress_0)
2022-08-08 17:04:52,129 [s2-client-thread1] TRACE segmented.SegmentedRaftLogCache (AutoCloseableReadWriteLock.java:logLocking(65)) - s2@group-B24AF063D807: readLock ACQUIRED 1 by SegmentedRaftLogCache.getLastTermIndex
2022-08-08 17:04:52,129 [s2-client-thread1] TRACE segmented.SegmentedRaftLogCache (AutoCloseableReadWriteLock.java:logLocking(65)) - s2@group-B24AF063D807: readLock RELEASED 0 by SegmentedRaftLogCache.getLastTermIndex
2022-08-08 17:04:52,129 [s2-client-thread1] TRACE segmented.SegmentedRaftLogCache (AutoCloseableReadWriteLock.java:logLocking(65)) - s2@group-B24AF063D807: readLock ACQUIRED 1 by SegmentedRaftLogCache.getLastTermIndex
2022-08-08 17:04:52,129 [s2-client-thread1] TRACE segmented.SegmentedRaftLogCache (AutoCloseableReadWriteLock.java:logLocking(65)) - s2@group-B24AF063D807: readLock RELEASED 0 by SegmentedRaftLogCache.getLastTermIndex
2022-08-08 17:04:52,130 [s2-client-thread1] TRACE segmented.SegmentedRaftLogCache (AutoCloseableReadWriteLock.java:logLocking(65)) - s2@group-B24AF063D807: readLock ACQUIRED 1 by SegmentedRaftLogCache$LogSegmentList.countCached
2022-08-08 17:04:52,130 [s2-client-thread1] TRACE segmented.SegmentedRaftLogCache (AutoCloseableReadWriteLock.java:logLocking(65)) - s2@group-B24AF063D807: readLock RELEASED 0 by SegmentedRaftLogCache$LogSegmentList.countCached
2022-08-08 17:04:52,130 [s2-client-thread1] TRACE segmented.SegmentedRaftLogCache (AutoCloseableReadWriteLock.java:logLocking(65)) - s2@group-B24AF063D807: readLock ACQUIRED 1 by SegmentedRaftLogCache$LogSegmentList.getTotalCacheSize
2022-08-08 17:04:52,130 [s2-client-thread1] TRACE segmented.SegmentedRaftLogCache (AutoCloseableReadWriteLock.java:logLocking(65)) - s2@group-B24AF063D807: readLock RELEASED 0 by SegmentedRaftLogCache$LogSegmentList.getTotalCacheSize
2022-08-08 17:04:52,130 [s2-client-thread1] DEBUG segmented.SegmentedRaftLogWorker (SegmentedRaftLogWorker.java:addIOTask(270)) - s2@group-B24AF063D807-SegmentedRaftLogWorker adds IO task WriteLog:31: (t:1, i:31), STATEMACHINELOGENTRY, StateMachineLogEntryProto:205@client-73FEC95B6FDB
2022-08-08 17:04:52,130 [s2@group-B24AF063D807-SegmentedRaftLogWorker] DEBUG segmented.SegmentedRaftLogWorker (SegmentedRaftLogWorker.java:flushIfNecessary(365)) - s2@group-B24AF063D807-SegmentedRaftLogWorker: flush SegmentedRaftLogOutputStream(/home/runner/work/ratis/ratis/ratis-test/target/test/data/b051e71b/MiniRaftClusterWithSimulatedRpc1ec78f08/s2/0d1e7fc9-4c77-451a-91df-b24af063d807/current/log_inprogress_0)
2022-08-08 17:04:52,130 [s2@group-B24AF063D807->s0-LogAppenderDefault-LogAppenderDaemon] TRACE segmented.SegmentedRaftLogCache (AutoCloseableReadWriteLock.java:logLocking(65)) - s2@group-B24AF063D807: readLock ACQUIRED 1 by SegmentedRaftLogCache.getLastTermIndex
2022-08-08 17:04:52,130 [s2@group-B24AF063D807->s0-LogAppenderDefault-LogAppenderDaemon] TRACE segmented.SegmentedRaftLogCache (AutoCloseableReadWriteLock.java:logLocking(65)) - s2@group-B24AF063D807: readLock RELEASED 0 by SegmentedRaftLogCache.getLastTermIndex
2022-08-08 17:04:52,130 [s2@group-B24AF063D807->s0-LogAppenderDefault-LogAppenderDaemon] TRACE segmented.SegmentedRaftLogCache (AutoCloseableReadWriteLock.java:logLocking(65)) - s2@group-B24AF063D807: readLock ACQUIRED 1 by SegmentedRaftLogCache.getLastTermIndex
2022-08-08 17:04:52,130 [s2@group-B24AF063D807->s0-LogAppenderDefault-LogAppenderDaemon] TRACE segmented.SegmentedRaftLogCache (AutoCloseableReadWriteLock.java:logLocking(65)) - s2@group-B24AF063D807: readLock RELEASED 0 by SegmentedRaftLogCache.getLastTermIndex
2022-08-08 17:04:52,130 [s2@group-B24AF063D807->s0-LogAppenderDefault-LogAppenderDaemon] TRACE segmented.SegmentedRaftLogCache (AutoCloseableReadWriteLock.java:logLocking(65)) - s2@group-B24AF063D807: readLock ACQUIRED 1 by SegmentedRaftLogCache.getLastTermIndex
2022-08-08 17:04:52,130 [s2@group-B24AF063D807->s0-LogAppenderDefault-LogAppenderDaemon] TRACE segmented.SegmentedRaftLogCache (AutoCloseableReadWriteLock.java:logLocking(65)) - s2@group-B24AF063D807: readLock RELEASED 0 by SegmentedRaftLogCache.getLastTermIndex
2022-08-08 17:04:52,130 [s2@group-B24AF063D807->s0-LogAppenderDefault-LogAppenderDaemon] TRACE segmented.SegmentedRaftLogCache (AutoCloseableReadWriteLock.java:logLocking(65)) - s2@group-B24AF063D807: readLock ACQUIRED 1 by SegmentedRaftLogCache.getStartIndex
2022-08-08 17:04:52,130 [s2@group-B24AF063D807->s0-LogAppenderDefault-LogAppenderDaemon] TRACE segmented.SegmentedRaftLogCache (AutoCloseableReadWriteLock.java:logLocking(65)) -   s2@group-B24AF063D807: readLock ACQUIRED 2 by SegmentedRaftLogCache$LogSegmentList.isEmpty
2022-08-08 17:04:52,130 [s2@group-B24AF063D807->s0-LogAppenderDefault-LogAppenderDaemon] TRACE segmented.SegmentedRaftLogCache (AutoCloseableReadWriteLock.java:logLocking(65)) -   s2@group-B24AF063D807: readLock RELEASED 1 by SegmentedRaftLogCache$LogSegmentList.isEmpty
2022-08-08 17:04:52,130 [s2@group-B24AF063D807->s0-LogAppenderDefault-LogAppenderDaemon] TRACE segmented.SegmentedRaftLogCache (AutoCloseableReadWriteLock.java:logLocking(65)) - s2@group-B24AF063D807: readLock RELEASED 0 by SegmentedRaftLogCache.getStartIndex
2022-08-08 17:04:52,130 [s2@group-B24AF063D807->s0-LogAppenderDefault-LogAppenderDaemon] TRACE segmented.SegmentedRaftLogCache (AutoCloseableReadWriteLock.java:logLocking(65)) - s2@group-B24AF063D807: readLock ACQUIRED 1 by SegmentedRaftLogCache.getLastTermIndex
2022-08-08 17:04:52,130 [s2@group-B24AF063D807->s0-LogAppenderDefault-LogAppenderDaemon] TRACE segmented.SegmentedRaftLogCache (AutoCloseableReadWriteLock.java:logLocking(65)) - s2@group-B24AF063D807: readLock RELEASED 0 by SegmentedRaftLogCache.getLastTermIndex
2022-08-08 17:04:52,131 [s2@group-B24AF063D807->s1-LogAppenderDefault-LogAppenderDaemon] TRACE segmented.SegmentedRaftLogCache (AutoCloseableReadWriteLock.java:logLocking(65)) - s2@group-B24AF063D807: readLock ACQUIRED 1 by SegmentedRaftLogCache.getLastTermIndex
2022-08-08 17:04:52,131 [s2@group-B24AF063D807->s1-LogAppenderDefault-LogAppenderDaemon] TRACE segmented.SegmentedRaftLogCache (AutoCloseableReadWriteLock.java:logLocking(65)) - s2@group-B24AF063D807: readLock RELEASED 0 by SegmentedRaftLogCache.getLastTermIndex
2022-08-08 17:04:52,131 [Thread-514] TRACE segmented.SegmentedRaftLogCache (AutoCloseableReadWriteLock.java:logLocking(65)) - s0@group-B24AF063D807: readLock ACQUIRED 1 by SegmentedRaftLogCache.computeTruncateIndices
2022-08-08 17:04:52,131 [s2@group-B24AF063D807->s1-LogAppenderDefault-LogAppenderDaemon] TRACE segmented.SegmentedRaftLogCache (AutoCloseableReadWriteLock.java:logLocking(65)) - s2@group-B24AF063D807: readLock ACQUIRED 1 by SegmentedRaftLogCache.getLastTermIndex
2022-08-08 17:04:52,131 [s2@group-B24AF063D807->s1-LogAppenderDefault-LogAppenderDaemon] TRACE segmented.SegmentedRaftLogCache (AutoCloseableReadWriteLock.java:logLocking(65)) - s2@group-B24AF063D807: readLock RELEASED 0 by SegmentedRaftLogCache.getLastTermIndex
2022-08-08 17:04:52,131 [s2@group-B24AF063D807->s1-LogAppenderDefault-LogAppenderDaemon] TRACE segmented.SegmentedRaftLogCache (AutoCloseableReadWriteLock.java:logLocking(65)) - s2@group-B24AF063D807: readLock ACQUIRED 1 by SegmentedRaftLogCache.getStartIndex
2022-08-08 17:04:52,131 [Thread-514] TRACE segmented.SegmentedRaftLogCache (AutoCloseableReadWriteLock.java:logLocking(65)) -   s0@group-B24AF063D807: readLock ACQUIRED 2 by SegmentedRaftLogCache$LogSegmentList.binarySearch
2022-08-08 17:04:52,131 [Thread-514] TRACE segmented.SegmentedRaftLogCache (AutoCloseableReadWriteLock.java:logLocking(65)) -   s0@group-B24AF063D807: readLock RELEASED 1 by SegmentedRaftLogCache$LogSegmentList.binarySearch
2022-08-08 17:04:52,131 [s2@group-B24AF063D807->s1-LogAppenderDefault-LogAppenderDaemon] TRACE segmented.SegmentedRaftLogCache (AutoCloseableReadWriteLock.java:logLocking(65)) -   s2@group-B24AF063D807: readLock ACQUIRED 2 by SegmentedRaftLogCache$LogSegmentList.isEmpty
2022-08-08 17:04:52,131 [s2@group-B24AF063D807->s1-LogAppenderDefault-LogAppenderDaemon] TRACE segmented.SegmentedRaftLogCache (AutoCloseableReadWriteLock.java:logLocking(65)) -   s2@group-B24AF063D807: readLock RELEASED 1 by SegmentedRaftLogCache$LogSegmentList.isEmpty
2022-08-08 17:04:52,131 [s2@group-B24AF063D807->s1-LogAppenderDefault-LogAppenderDaemon] TRACE segmented.SegmentedRaftLogCache (AutoCloseableReadWriteLock.java:logLocking(65)) - s2@group-B24AF063D807: readLock RELEASED 0 by SegmentedRaftLogCache.getStartIndex
2022-08-08 17:04:52,131 [Thread-514] TRACE segmented.SegmentedRaftLogCache (AutoCloseableReadWriteLock.java:logLocking(65)) -   s0@group-B24AF063D807: readLock ACQUIRED 2 by SegmentedRaftLogCache$LogSegmentList.size
2022-08-08 17:04:52,131 [Thread-514] TRACE segmented.SegmentedRaftLogCache (AutoCloseableReadWriteLock.java:logLocking(65)) -   s0@group-B24AF063D807: readLock RELEASED 1 by SegmentedRaftLogCache$LogSegmentList.size
2022-08-08 17:04:52,131 [Thread-514] TRACE segmented.SegmentedRaftLogCache (AutoCloseableReadWriteLock.java:logLocking(65)) - s0@group-B24AF063D807: readLock RELEASED 0 by SegmentedRaftLogCache.computeTruncateIndices
2022-08-08 17:04:52,131 [Thread-514] DEBUG raftlog.RaftLog (SegmentedRaftLog.java:appendImpl(447)) - truncateIndex=-1, arrayIndex=0
2022-08-08 17:04:52,131 [s2@group-B24AF063D807->s1-LogAppenderDefault-LogAppenderDaemon] TRACE segmented.SegmentedRaftLogCache (AutoCloseableReadWriteLock.java:logLocking(65)) - s2@group-B24AF063D807: readLock ACQUIRED 1 by SegmentedRaftLogCache.getLastTermIndex
2022-08-08 17:04:52,131 [s2@group-B24AF063D807->s1-LogAppenderDefault-LogAppenderDaemon] TRACE segmented.SegmentedRaftLogCache (AutoCloseableReadWriteLock.java:logLocking(65)) - s2@group-B24AF063D807: readLock RELEASED 0 by SegmentedRaftLogCache.getLastTermIndex
2022-08-08 17:04:52,131 [Thread-514] TRACE segmented.SegmentedRaftLogCache (AutoCloseableReadWriteLock.java:logLocking(65)) - s0@group-B24AF063D807: readLock ACQUIRED 1 by SegmentedRaftLogCache$LogSegmentList.countCached
2022-08-08 17:04:52,131 [Thread-514] TRACE segmented.SegmentedRaftLogCache (AutoCloseableReadWriteLock.java:logLocking(65)) - s0@group-B24AF063D807: readLock RELEASED 0 by SegmentedRaftLogCache$LogSegmentList.countCached
2022-08-08 17:04:52,131 [Thread-514] TRACE segmented.SegmentedRaftLogCache (AutoCloseableReadWriteLock.java:logLocking(65)) - s0@group-B24AF063D807: readLock ACQUIRED 1 by SegmentedRaftLogCache$LogSegmentList.getTotalCacheSize
2022-08-08 17:04:52,131 [Thread-514] TRACE segmented.SegmentedRaftLogCache (AutoCloseableReadWriteLock.java:logLocking(65)) - s0@group-B24AF063D807: readLock RELEASED 0 by SegmentedRaftLogCache$LogSegmentList.getTotalCacheSize
2022-08-08 17:04:52,132 [Thread-514] DEBUG segmented.SegmentedRaftLogWorker (SegmentedRaftLogWorker.java:addIOTask(270)) - s0@group-B24AF063D807-SegmentedRaftLogWorker adds IO task WriteLog:26: (t:1, i:26), METADATAENTRY(c:25)
2022-08-08 17:04:52,132 [Thread-469] TRACE segmented.SegmentedRaftLogCache (AutoCloseableReadWriteLock.java:logLocking(65)) - s1@group-B24AF063D807: readLock ACQUIRED 1 by SegmentedRaftLogCache.computeTruncateIndices
2022-08-08 17:04:52,132 [Thread-514] TRACE segmented.SegmentedRaftLogCache (AutoCloseableReadWriteLock.java:logLocking(65)) - s0@group-B24AF063D807: readLock ACQUIRED 1 by SegmentedRaftLogCache.getLastTermIndex
2022-08-08 17:04:52,132 [Thread-514] TRACE segmented.SegmentedRaftLogCache (AutoCloseableReadWriteLock.java:logLocking(65)) - s0@group-B24AF063D807: readLock RELEASED 0 by SegmentedRaftLogCache.getLastTermIndex
2022-08-08 17:04:52,132 [s0@group-B24AF063D807-SegmentedRaftLogWorker] DEBUG segmented.SegmentedRaftLogWorker (SegmentedRaftLogWorker.java:flushIfNecessary(365)) - s0@group-B24AF063D807-SegmentedRaftLogWorker: flush SegmentedRaftLogOutputStream(/home/runner/work/ratis/ratis/ratis-test/target/test/data/b051e71b/MiniRaftClusterWithSimulatedRpc1ec78f08/s0/0d1e7fc9-4c77-451a-91df-b24af063d807/current/log_inprogress_0)
2022-08-08 17:04:52,132 [Thread-469] TRACE segmented.SegmentedRaftLogCache (AutoCloseableReadWriteLock.java:logLocking(65)) -   s1@group-B24AF063D807: readLock ACQUIRED 2 by SegmentedRaftLogCache$LogSegmentList.binarySearch
2022-08-08 17:04:52,132 [Thread-469] TRACE segmented.SegmentedRaftLogCache (AutoCloseableReadWriteLock.java:logLocking(65)) -   s1@group-B24AF063D807: readLock RELEASED 1 by SegmentedRaftLogCache$LogSegmentList.binarySearch
2022-08-08 17:04:52,132 [Thread-514] TRACE segmented.SegmentedRaftLogCache (AutoCloseableReadWriteLock.java:logLocking(65)) - s0@group-B24AF063D807: readLock ACQUIRED 1 by SegmentedRaftLogCache$LogSegmentList.countCached
2022-08-08 17:04:52,132 [Thread-514] TRACE segmented.SegmentedRaftLogCache (AutoCloseableReadWriteLock.java:logLocking(65)) - s0@group-B24AF063D807: readLock RELEASED 0 by SegmentedRaftLogCache$LogSegmentList.countCached
2022-08-08 17:04:52,132 [Thread-469] TRACE segmented.SegmentedRaftLogCache (AutoCloseableReadWriteLock.java:logLocking(65)) -   s1@group-B24AF063D807: readLock ACQUIRED 2 by SegmentedRaftLogCache$LogSegmentList.size
2022-08-08 17:04:52,132 [Thread-469] TRACE segmented.SegmentedRaftLogCache (AutoCloseableReadWriteLock.java:logLocking(65)) -   s1@group-B24AF063D807: readLock RELEASED 1 by SegmentedRaftLogCache$LogSegmentList.size
2022-08-08 17:04:52,132 [Thread-469] TRACE segmented.SegmentedRaftLogCache (AutoCloseableReadWriteLock.java:logLocking(65)) - s1@group-B24AF063D807: readLock RELEASED 0 by SegmentedRaftLogCache.computeTruncateIndices
2022-08-08 17:04:52,132 [Thread-469] DEBUG raftlog.RaftLog (SegmentedRaftLog.java:appendImpl(447)) - truncateIndex=-1, arrayIndex=0
2022-08-08 17:04:52,132 [Thread-469] TRACE segmented.SegmentedRaftLogCache (AutoCloseableReadWriteLock.java:logLocking(65)) - s1@group-B24AF063D807: readLock ACQUIRED 1 by SegmentedRaftLogCache$LogSegmentList.countCached
2022-08-08 17:04:52,132 [Thread-469] TRACE segmented.SegmentedRaftLogCache (AutoCloseableReadWriteLock.java:logLocking(65)) - s1@group-B24AF063D807: readLock RELEASED 0 by SegmentedRaftLogCache$LogSegmentList.countCached
2022-08-08 17:04:52,132 [Thread-469] TRACE segmented.SegmentedRaftLogCache (AutoCloseableReadWriteLock.java:logLocking(65)) - s1@group-B24AF063D807: readLock ACQUIRED 1 by SegmentedRaftLogCache$LogSegmentList.getTotalCacheSize
2022-08-08 17:04:52,132 [Thread-469] TRACE segmented.SegmentedRaftLogCache (AutoCloseableReadWriteLock.java:logLocking(65)) - s1@group-B24AF063D807: readLock RELEASED 0 by SegmentedRaftLogCache$LogSegmentList.getTotalCacheSize
2022-08-08 17:04:52,132 [Thread-469] DEBUG segmented.SegmentedRaftLogWorker (SegmentedRaftLogWorker.java:addIOTask(270)) - s1@group-B24AF063D807-SegmentedRaftLogWorker adds IO task WriteLog:30: (t:1, i:30), METADATAENTRY(c:29)
2022-08-08 17:04:52,132 [Thread-469] TRACE segmented.SegmentedRaftLogCache (AutoCloseableReadWriteLock.java:logLocking(65)) - s1@group-B24AF063D807: readLock ACQUIRED 1 by SegmentedRaftLogCache.getLastTermIndex
2022-08-08 17:04:52,132 [Thread-469] TRACE segmented.SegmentedRaftLogCache (AutoCloseableReadWriteLock.java:logLocking(65)) - s1@group-B24AF063D807: readLock RELEASED 0 by SegmentedRaftLogCache.getLastTermIndex
2022-08-08 17:04:52,133 [Thread-469] TRACE segmented.SegmentedRaftLogCache (AutoCloseableReadWriteLock.java:logLocking(65)) - s1@group-B24AF063D807: readLock ACQUIRED 1 by SegmentedRaftLogCache$LogSegmentList.countCached
2022-08-08 17:04:52,133 [Thread-469] TRACE segmented.SegmentedRaftLogCache (AutoCloseableReadWriteLock.java:logLocking(65)) - s1@group-B24AF063D807: readLock RELEASED 0 by SegmentedRaftLogCache$LogSegmentList.countCached
2022-08-08 17:04:52,133 [Thread-469] TRACE segmented.SegmentedRaftLogCache (AutoCloseableReadWriteLock.java:logLocking(65)) - s1@group-B24AF063D807: readLock ACQUIRED 1 by SegmentedRaftLogCache$LogSegmentList.getTotalCacheSize
2022-08-08 17:04:52,133 [Thread-469] TRACE segmented.SegmentedRaftLogCache (AutoCloseableReadWriteLock.java:logLocking(65)) - s1@group-B24AF063D807: readLock RELEASED 0 by SegmentedRaftLogCache$LogSegmentList.getTotalCacheSize
2022-08-08 17:04:52,133 [Thread-469] DEBUG segmented.SegmentedRaftLogWorker (SegmentedRaftLogWorker.java:addIOTask(270)) - s1@group-B24AF063D807-SegmentedRaftLogWorker adds IO task WriteLog:31: (t:1, i:31), STATEMACHINELOGENTRY, StateMachineLogEntryProto:205@client-73FEC95B6FDB
2022-08-08 17:04:52,133 [s1@group-B24AF063D807-SegmentedRaftLogWorker] DEBUG segmented.SegmentedRaftLogWorker (SegmentedRaftLogWorker.java:flushIfNecessary(365)) - s1@group-B24AF063D807-SegmentedRaftLogWorker: flush SegmentedRaftLogOutputStream(/home/runner/work/ratis/ratis/ratis-test/target/test/data/b051e71b/MiniRaftClusterWithSimulatedRpc1ec78f08/s1/0d1e7fc9-4c77-451a-91df-b24af063d807/current/log_inprogress_0)
2022-08-08 17:04:52,132 [Thread-514] TRACE segmented.SegmentedRaftLogCache (AutoCloseableReadWriteLock.java:logLocking(65)) - s0@group-B24AF063D807: readLock ACQUIRED 1 by SegmentedRaftLogCache$LogSegmentList.getTotalCacheSize
2022-08-08 17:04:52,133 [Thread-514] TRACE segmented.SegmentedRaftLogCache (AutoCloseableReadWriteLock.java:logLocking(65)) - s0@group-B24AF063D807: readLock RELEASED 0 by SegmentedRaftLogCache$LogSegmentList.getTotalCacheSize
2022-08-08 17:04:52,133 [Thread-514] DEBUG segmented.SegmentedRaftLogWorker (SegmentedRaftLogWorker.java:addIOTask(270)) - s0@group-B24AF063D807-SegmentedRaftLogWorker adds IO task WriteLog:27: (t:1, i:27), STATEMACHINELOGENTRY, StateMachineLogEntryProto:201@client-73FEC95B6FDB
2022-08-08 17:04:52,133 [Thread-514] TRACE segmented.SegmentedRaftLogCache (AutoCloseableReadWriteLock.java:logLocking(65)) - s0@group-B24AF063D807: readLock ACQUIRED 1 by SegmentedRaftLogCache$LogSegmentList.countCached
2022-08-08 17:04:52,133 [Thread-514] TRACE segmented.SegmentedRaftLogCache (AutoCloseableReadWriteLock.java:logLocking(65)) - s0@group-B24AF063D807: readLock RELEASED 0 by SegmentedRaftLogCache$LogSegmentList.countCached
2022-08-08 17:04:52,133 [Thread-514] TRACE segmented.SegmentedRaftLogCache (AutoCloseableReadWriteLock.java:logLocking(65)) - s0@group-B24AF063D807: readLock ACQUIRED 1 by SegmentedRaftLogCache$LogSegmentList.getTotalCacheSize
2022-08-08 17:04:52,133 [Thread-514] TRACE segmented.SegmentedRaftLogCache (AutoCloseableReadWriteLock.java:logLocking(65)) - s0@group-B24AF063D807: readLock RELEASED 0 by SegmentedRaftLogCache$LogSegmentList.getTotalCacheSize
2022-08-08 17:04:52,133 [Thread-514] DEBUG segmented.SegmentedRaftLogWorker (SegmentedRaftLogWorker.java:addIOTask(270)) - s0@group-B24AF063D807-SegmentedRaftLogWorker adds IO task WriteLog:28: (t:1, i:28), METADATAENTRY(c:27)
2022-08-08 17:04:52,133 [Thread-514] TRACE segmented.SegmentedRaftLogCache (AutoCloseableReadWriteLock.java:logLocking(65)) - s0@group-B24AF063D807: readLock ACQUIRED 1 by SegmentedRaftLogCache.getLastTermIndex
2022-08-08 17:04:52,133 [Thread-514] TRACE segmented.SegmentedRaftLogCache (AutoCloseableReadWriteLock.java:logLocking(65)) - s0@group-B24AF063D807: readLock RELEASED 0 by SegmentedRaftLogCache.getLastTermIndex
2022-08-08 17:04:52,134 [Thread-514] TRACE segmented.SegmentedRaftLogCache (AutoCloseableReadWriteLock.java:logLocking(65)) - s0@group-B24AF063D807: readLock ACQUIRED 1 by SegmentedRaftLogCache$LogSegmentList.countCached
2022-08-08 17:04:52,134 [Thread-514] TRACE segmented.SegmentedRaftLogCache (AutoCloseableReadWriteLock.java:logLocking(65)) - s0@group-B24AF063D807: readLock RELEASED 0 by SegmentedRaftLogCache$LogSegmentList.countCached
2022-08-08 17:04:52,134 [Thread-514] TRACE segmented.SegmentedRaftLogCache (AutoCloseableReadWriteLock.java:logLocking(65)) - s0@group-B24AF063D807: readLock ACQUIRED 1 by SegmentedRaftLogCache$LogSegmentList.getTotalCacheSize
2022-08-08 17:04:52,134 [Thread-514] TRACE segmented.SegmentedRaftLogCache (AutoCloseableReadWriteLock.java:logLocking(65)) - s0@group-B24AF063D807: readLock RELEASED 0 by SegmentedRaftLogCache$LogSegmentList.getTotalCacheSize
2022-08-08 17:04:52,134 [Thread-514] DEBUG segmented.SegmentedRaftLogWorker (SegmentedRaftLogWorker.java:addIOTask(270)) - s0@group-B24AF063D807-SegmentedRaftLogWorker adds IO task WriteLog:29: (t:1, i:29), STATEMACHINELOGENTRY, StateMachineLogEntryProto:203@client-73FEC95B6FDB
2022-08-08 17:04:52,134 [Thread-514] TRACE segmented.SegmentedRaftLogCache (AutoCloseableReadWriteLock.java:logLocking(65)) - s0@group-B24AF063D807: readLock ACQUIRED 1 by SegmentedRaftLogCache$LogSegmentList.countCached
2022-08-08 17:04:52,134 [Thread-514] TRACE segmented.SegmentedRaftLogCache (AutoCloseableReadWriteLock.java:logLocking(65)) - s0@group-B24AF063D807: readLock RELEASED 0 by SegmentedRaftLogCache$LogSegmentList.countCached
2022-08-08 17:04:52,134 [Thread-514] TRACE segmented.SegmentedRaftLogCache (AutoCloseableReadWriteLock.java:logLocking(65)) - s0@group-B24AF063D807: readLock ACQUIRED 1 by SegmentedRaftLogCache$LogSegmentList.getTotalCacheSize
2022-08-08 17:04:52,134 [Thread-514] TRACE segmented.SegmentedRaftLogCache (AutoCloseableReadWriteLock.java:logLocking(65)) - s0@group-B24AF063D807: readLock RELEASED 0 by SegmentedRaftLogCache$LogSegmentList.getTotalCacheSize
2022-08-08 17:04:52,134 [Thread-514] DEBUG segmented.SegmentedRaftLogWorker (SegmentedRaftLogWorker.java:addIOTask(270)) - s0@group-B24AF063D807-SegmentedRaftLogWorker adds IO task WriteLog:30: (t:1, i:30), METADATAENTRY(c:29)
2022-08-08 17:04:52,134 [Thread-514] TRACE segmented.SegmentedRaftLogCache (AutoCloseableReadWriteLock.java:logLocking(65)) - s0@group-B24AF063D807: readLock ACQUIRED 1 by SegmentedRaftLogCache.getLastTermIndex
2022-08-08 17:04:52,134 [Thread-514] TRACE segmented.SegmentedRaftLogCache (AutoCloseableReadWriteLock.java:logLocking(65)) - s0@group-B24AF063D807: readLock RELEASED 0 by SegmentedRaftLogCache.getLastTermIndex
2022-08-08 17:04:52,134 [Thread-514] TRACE segmented.SegmentedRaftLogCache (AutoCloseableReadWriteLock.java:logLocking(65)) - s0@group-B24AF063D807: readLock ACQUIRED 1 by SegmentedRaftLogCache$LogSegmentList.countCached
2022-08-08 17:04:52,134 [Thread-514] TRACE segmented.SegmentedRaftLogCache (AutoCloseableReadWriteLock.java:logLocking(65)) - s0@group-B24AF063D807: readLock RELEASED 0 by SegmentedRaftLogCache$LogSegmentList.countCached
2022-08-08 17:04:52,134 [Thread-514] TRACE segmented.SegmentedRaftLogCache (AutoCloseableReadWriteLock.java:logLocking(65)) - s0@group-B24AF063D807: readLock ACQUIRED 1 by SegmentedRaftLogCache$LogSegmentList.getTotalCacheSize
2022-08-08 17:04:52,134 [Thread-514] TRACE segmented.SegmentedRaftLogCache (AutoCloseableReadWriteLock.java:logLocking(65)) - s0@group-B24AF063D807: readLock RELEASED 0 by SegmentedRaftLogCache$LogSegmentList.getTotalCacheSize
2022-08-08 17:04:52,134 [Thread-514] DEBUG segmented.SegmentedRaftLogWorker (SegmentedRaftLogWorker.java:addIOTask(270)) - s0@group-B24AF063D807-SegmentedRaftLogWorker adds IO task WriteLog:31: (t:1, i:31), STATEMACHINELOGENTRY, StateMachineLogEntryProto:205@client-73FEC95B6FDB
2022-08-08 17:04:52,134 [s1@group-B24AF063D807-StateMachineUpdater] INFO  statemachine.SimpleStateMachine4Testing (SimpleStateMachine4Testing.java:put(204)) - s1: put 29, m14 -> (t:1, i:29), STATEMACHINELOGENTRY, 203@client-73FEC95B6FDB
2022-08-08 17:04:52,135 [s0@group-B24AF063D807-SegmentedRaftLogWorker] DEBUG segmented.SegmentedRaftLogWorker (SegmentedRaftLogWorker.java:flushIfNecessary(365)) - s0@group-B24AF063D807-SegmentedRaftLogWorker: flush SegmentedRaftLogOutputStream(/home/runner/work/ratis/ratis/ratis-test/target/test/data/b051e71b/MiniRaftClusterWithSimulatedRpc1ec78f08/s0/0d1e7fc9-4c77-451a-91df-b24af063d807/current/log_inprogress_0)
2022-08-08 17:04:52,135 [s2@group-B24AF063D807->s1-LogAppenderDefault-LogAppenderDaemon] TRACE segmented.SegmentedRaftLogCache (AutoCloseableReadWriteLock.java:logLocking(65)) - s2@group-B24AF063D807: readLock ACQUIRED 1 by SegmentedRaftLogCache.getLastTermIndex
2022-08-08 17:04:52,135 [s2@group-B24AF063D807->s1-LogAppenderDefault-LogAppenderDaemon] TRACE segmented.SegmentedRaftLogCache (AutoCloseableReadWriteLock.java:logLocking(65)) - s2@group-B24AF063D807: readLock RELEASED 0 by SegmentedRaftLogCache.getLastTermIndex
2022-08-08 17:04:52,135 [s2@group-B24AF063D807-LeaderStateImpl] TRACE segmented.SegmentedRaftLogCache (AutoCloseableReadWriteLock.java:logLocking(65)) - s2@group-B24AF063D807: readLock ACQUIRED 1 by SegmentedRaftLogCache.getStartIndex
2022-08-08 17:04:52,135 [s2@group-B24AF063D807-LeaderStateImpl] TRACE segmented.SegmentedRaftLogCache (AutoCloseableReadWriteLock.java:logLocking(65)) -   s2@group-B24AF063D807: readLock ACQUIRED 2 by SegmentedRaftLogCache$LogSegmentList.isEmpty
2022-08-08 17:04:52,135 [s2@group-B24AF063D807-LeaderStateImpl] TRACE segmented.SegmentedRaftLogCache (AutoCloseableReadWriteLock.java:logLocking(65)) -   s2@group-B24AF063D807: readLock RELEASED 1 by SegmentedRaftLogCache$LogSegmentList.isEmpty
2022-08-08 17:04:52,135 [s2@group-B24AF063D807-LeaderStateImpl] TRACE segmented.SegmentedRaftLogCache (AutoCloseableReadWriteLock.java:logLocking(65)) - s2@group-B24AF063D807: readLock RELEASED 0 by SegmentedRaftLogCache.getStartIndex
2022-08-08 17:04:52,136 [s2@group-B24AF063D807-LeaderStateImpl] TRACE segmented.SegmentedRaftLogCache (AutoCloseableReadWriteLock.java:logLocking(65)) - s2@group-B24AF063D807: readLock ACQUIRED 1 by SegmentedRaftLogCache.getEndIndex
2022-08-08 17:04:52,136 [s2@group-B24AF063D807-LeaderStateImpl] TRACE segmented.SegmentedRaftLogCache (AutoCloseableReadWriteLock.java:logLocking(65)) - s2@group-B24AF063D807: readLock RELEASED 0 by SegmentedRaftLogCache.getEndIndex
2022-08-08 17:04:52,136 [s2@group-B24AF063D807-LeaderStateImpl] TRACE segmented.SegmentedRaftLogCache (AutoCloseableReadWriteLock.java:logLocking(65)) - s2@group-B24AF063D807: readLock ACQUIRED 1 by SegmentedRaftLogCache$LogSegmentList.getTermIndex
2022-08-08 17:04:52,136 [s2@group-B24AF063D807-LeaderStateImpl] TRACE segmented.SegmentedRaftLogCache (AutoCloseableReadWriteLock.java:logLocking(65)) - s2@group-B24AF063D807: readLock RELEASED 0 by SegmentedRaftLogCache$LogSegmentList.getTermIndex
2022-08-08 17:04:52,136 [s2@group-B24AF063D807-StateMachineUpdater] INFO  statemachine.SimpleStateMachine4Testing (SimpleStateMachine4Testing.java:put(204)) - s2: put 31, m15 -> (t:1, i:31), STATEMACHINELOGENTRY, 205@client-73FEC95B6FDB
2022-08-08 17:04:52,136 [s2@group-B24AF063D807-LeaderStateImpl] TRACE segmented.SegmentedRaftLogCache (AutoCloseableReadWriteLock.java:logLocking(65)) - s2@group-B24AF063D807: readLock ACQUIRED 1 by SegmentedRaftLogCache.getLastTermIndex
2022-08-08 17:04:52,136 [s2@group-B24AF063D807-LeaderStateImpl] TRACE segmented.SegmentedRaftLogCache (AutoCloseableReadWriteLock.java:logLocking(65)) - s2@group-B24AF063D807: readLock RELEASED 0 by SegmentedRaftLogCache.getLastTermIndex
2022-08-08 17:04:52,136 [s2@group-B24AF063D807-LeaderStateImpl] TRACE segmented.SegmentedRaftLogCache (AutoCloseableReadWriteLock.java:logLocking(65)) - s2@group-B24AF063D807: readLock ACQUIRED 1 by SegmentedRaftLogCache$LogSegmentList.countCached
2022-08-08 17:04:52,136 [s2@group-B24AF063D807-LeaderStateImpl] TRACE segmented.SegmentedRaftLogCache (AutoCloseableReadWriteLock.java:logLocking(65)) - s2@group-B24AF063D807: readLock RELEASED 0 by SegmentedRaftLogCache$LogSegmentList.countCached
2022-08-08 17:04:52,136 [s2@group-B24AF063D807-LeaderStateImpl] TRACE segmented.SegmentedRaftLogCache (AutoCloseableReadWriteLock.java:logLocking(65)) - s2@group-B24AF063D807: readLock ACQUIRED 1 by SegmentedRaftLogCache$LogSegmentList.getTotalCacheSize
2022-08-08 17:04:52,136 [s2@group-B24AF063D807-LeaderStateImpl] TRACE segmented.SegmentedRaftLogCache (AutoCloseableReadWriteLock.java:logLocking(65)) - s2@group-B24AF063D807: readLock RELEASED 0 by SegmentedRaftLogCache$LogSegmentList.getTotalCacheSize
2022-08-08 17:04:52,137 [s2@group-B24AF063D807-LeaderStateImpl] DEBUG segmented.SegmentedRaftLogWorker (SegmentedRaftLogWorker.java:addIOTask(270)) - s2@group-B24AF063D807-SegmentedRaftLogWorker adds IO task WriteLog:32: (t:1, i:32), METADATAENTRY(c:31)
2022-08-08 17:04:52,137 [s2@group-B24AF063D807-SegmentedRaftLogWorker] DEBUG segmented.SegmentedRaftLogWorker (SegmentedRaftLogWorker.java:flushIfNecessary(365)) - s2@group-B24AF063D807-SegmentedRaftLogWorker: flush SegmentedRaftLogOutputStream(/home/runner/work/ratis/ratis/ratis-test/target/test/data/b051e71b/MiniRaftClusterWithSimulatedRpc1ec78f08/s2/0d1e7fc9-4c77-451a-91df-b24af063d807/current/log_inprogress_0)
2022-08-08 17:04:52,137 [s2@group-B24AF063D807->s1-LogAppenderDefault-LogAppenderDaemon] TRACE segmented.SegmentedRaftLogCache (AutoCloseableReadWriteLock.java:logLocking(65)) - s2@group-B24AF063D807: readLock ACQUIRED 1 by SegmentedRaftLogCache.getLastTermIndex
2022-08-08 17:04:52,137 [s2@group-B24AF063D807->s1-LogAppenderDefault-LogAppenderDaemon] TRACE segmented.SegmentedRaftLogCache (AutoCloseableReadWriteLock.java:logLocking(65)) - s2@group-B24AF063D807: readLock RELEASED 0 by SegmentedRaftLogCache.getLastTermIndex
2022-08-08 17:04:52,137 [s2@group-B24AF063D807->s1-LogAppenderDefault-LogAppenderDaemon] TRACE segmented.SegmentedRaftLogCache (AutoCloseableReadWriteLock.java:logLocking(65)) - s2@group-B24AF063D807: readLock ACQUIRED 1 by SegmentedRaftLogCache.getLastTermIndex
2022-08-08 17:04:52,137 [s2@group-B24AF063D807->s1-LogAppenderDefault-LogAppenderDaemon] TRACE segmented.SegmentedRaftLogCache (AutoCloseableReadWriteLock.java:logLocking(65)) - s2@group-B24AF063D807: readLock RELEASED 0 by SegmentedRaftLogCache.getLastTermIndex
2022-08-08 17:04:52,137 [s2@group-B24AF063D807->s1-LogAppenderDefault-LogAppenderDaemon] TRACE segmented.SegmentedRaftLogCache (AutoCloseableReadWriteLock.java:logLocking(65)) - s2@group-B24AF063D807: readLock ACQUIRED 1 by SegmentedRaftLogCache.getStartIndex
2022-08-08 17:04:52,137 [s2@group-B24AF063D807->s1-LogAppenderDefault-LogAppenderDaemon] TRACE segmented.SegmentedRaftLogCache (AutoCloseableReadWriteLock.java:logLocking(65)) -   s2@group-B24AF063D807: readLock ACQUIRED 2 by SegmentedRaftLogCache$LogSegmentList.isEmpty
2022-08-08 17:04:52,137 [s2@group-B24AF063D807->s1-LogAppenderDefault-LogAppenderDaemon] TRACE segmented.SegmentedRaftLogCache (AutoCloseableReadWriteLock.java:logLocking(65)) -     s2@group-B24AF063D807: readLock RELEASED 2 by SegmentedRaftLogCache$LogSegmentList.isEmpty
2022-08-08 17:04:52,137 [s2@group-B24AF063D807->s1-LogAppenderDefault-LogAppenderDaemon] TRACE segmented.SegmentedRaftLogCache (AutoCloseableReadWriteLock.java:logLocking(65)) -   s2@group-B24AF063D807: readLock RELEASED 1 by SegmentedRaftLogCache.getStartIndex
2022-08-08 17:04:52,137 [s2-client-thread1] TRACE segmented.SegmentedRaftLogCache (AutoCloseableReadWriteLock.java:logLocking(65)) -     s2@group-B24AF063D807: readLock ACQUIRED 3 by SegmentedRaftLogCache.getLastTermIndex
2022-08-08 17:04:52,137 [s2-client-thread1] TRACE segmented.SegmentedRaftLogCache (AutoCloseableReadWriteLock.java:logLocking(65)) - s2@group-B24AF063D807: readLock RELEASED 0 by SegmentedRaftLogCache.getLastTermIndex
2022-08-08 17:04:52,137 [s0@group-B24AF063D807-StateMachineUpdater] INFO  statemachine.SimpleStateMachine4Testing (SimpleStateMachine4Testing.java:put(204)) - s0: put 25, m12 -> (t:1, i:25), STATEMACHINELOGENTRY, 197@client-73FEC95B6FDB
2022-08-08 17:04:52,137 [s2-client-thread1] TRACE segmented.SegmentedRaftLogCache (AutoCloseableReadWriteLock.java:logLocking(65)) - s2@group-B24AF063D807: readLock ACQUIRED 1 by SegmentedRaftLogCache.getLastTermIndex
2022-08-08 17:04:52,137 [s2-client-thread1] TRACE segmented.SegmentedRaftLogCache (AutoCloseableReadWriteLock.java:logLocking(65)) - s2@group-B24AF063D807: readLock RELEASED 0 by SegmentedRaftLogCache.getLastTermIndex
2022-08-08 17:04:52,137 [s0@group-B24AF063D807-StateMachineUpdater] INFO  statemachine.SimpleStateMachine4Testing (SimpleStateMachine4Testing.java:put(204)) - s0: put 27, m13 -> (t:1, i:27), STATEMACHINELOGENTRY, 201@client-73FEC95B6FDB
2022-08-08 17:04:52,137 [s0@group-B24AF063D807-StateMachineUpdater] INFO  statemachine.SimpleStateMachine4Testing (SimpleStateMachine4Testing.java:put(204)) - s0: put 29, m14 -> (t:1, i:29), STATEMACHINELOGENTRY, 203@client-73FEC95B6FDB
2022-08-08 17:04:52,137 [s2-client-thread1] TRACE segmented.SegmentedRaftLogCache (AutoCloseableReadWriteLock.java:logLocking(65)) - s2@group-B24AF063D807: readLock ACQUIRED 1 by SegmentedRaftLogCache$LogSegmentList.countCached
2022-08-08 17:04:52,137 [s2-client-thread1] TRACE segmented.SegmentedRaftLogCache (AutoCloseableReadWriteLock.java:logLocking(65)) - s2@group-B24AF063D807: readLock RELEASED 0 by SegmentedRaftLogCache$LogSegmentList.countCached
2022-08-08 17:04:52,138 [s2-client-thread1] TRACE segmented.SegmentedRaftLogCache (AutoCloseableReadWriteLock.java:logLocking(65)) - s2@group-B24AF063D807: readLock ACQUIRED 1 by SegmentedRaftLogCache$LogSegmentList.getTotalCacheSize
2022-08-08 17:04:52,138 [s2-client-thread1] TRACE segmented.SegmentedRaftLogCache (AutoCloseableReadWriteLock.java:logLocking(65)) - s2@group-B24AF063D807: readLock RELEASED 0 by SegmentedRaftLogCache$LogSegmentList.getTotalCacheSize
2022-08-08 17:04:52,138 [s2-client-thread1] DEBUG segmented.SegmentedRaftLogWorker (SegmentedRaftLogWorker.java:addIOTask(270)) - s2@group-B24AF063D807-SegmentedRaftLogWorker adds IO task WriteLog:33: (t:1, i:33), STATEMACHINELOGENTRY, StateMachineLogEntryProto:208@client-73FEC95B6FDB
2022-08-08 17:04:52,138 [s2@group-B24AF063D807-SegmentedRaftLogWorker] DEBUG segmented.SegmentedRaftLogWorker (SegmentedRaftLogWorker.java:flushIfNecessary(365)) - s2@group-B24AF063D807-SegmentedRaftLogWorker: flush SegmentedRaftLogOutputStream(/home/runner/work/ratis/ratis/ratis-test/target/test/data/b051e71b/MiniRaftClusterWithSimulatedRpc1ec78f08/s2/0d1e7fc9-4c77-451a-91df-b24af063d807/current/log_inprogress_0)
2022-08-08 17:04:52,138 [s2@group-B24AF063D807->s1-LogAppenderDefault-LogAppenderDaemon] TRACE segmented.SegmentedRaftLogCache (AutoCloseableReadWriteLock.java:logLocking(65)) - s2@group-B24AF063D807: readLock ACQUIRED 1 by SegmentedRaftLogCache.getLastTermIndex
2022-08-08 17:04:52,138 [s2@group-B24AF063D807->s1-LogAppenderDefault-LogAppenderDaemon] TRACE segmented.SegmentedRaftLogCache (AutoCloseableReadWriteLock.java:logLocking(65)) - s2@group-B24AF063D807: readLock RELEASED 0 by SegmentedRaftLogCache.getLastTermIndex
2022-08-08 17:04:52,139 [Thread-467] TRACE segmented.SegmentedRaftLogCache (AutoCloseableReadWriteLock.java:logLocking(65)) - s1@group-B24AF063D807: readLock ACQUIRED 1 by SegmentedRaftLogCache.computeTruncateIndices
2022-08-08 17:04:52,139 [Thread-467] TRACE segmented.SegmentedRaftLogCache (AutoCloseableReadWriteLock.java:logLocking(65)) -   s1@group-B24AF063D807: readLock ACQUIRED 2 by SegmentedRaftLogCache$LogSegmentList.binarySearch
2022-08-08 17:04:52,139 [Thread-467] TRACE segmented.SegmentedRaftLogCache (AutoCloseableReadWriteLock.java:logLocking(65)) -   s1@group-B24AF063D807: readLock RELEASED 1 by SegmentedRaftLogCache$LogSegmentList.binarySearch
2022-08-08 17:04:52,139 [Thread-467] TRACE segmented.SegmentedRaftLogCache (AutoCloseableReadWriteLock.java:logLocking(65)) -   s1@group-B24AF063D807: readLock ACQUIRED 2 by SegmentedRaftLogCache$LogSegmentList.size
2022-08-08 17:04:52,139 [Thread-467] TRACE segmented.SegmentedRaftLogCache (AutoCloseableReadWriteLock.java:logLocking(65)) -   s1@group-B24AF063D807: readLock RELEASED 1 by SegmentedRaftLogCache$LogSegmentList.size
2022-08-08 17:04:52,139 [Thread-467] TRACE segmented.SegmentedRaftLogCache (AutoCloseableReadWriteLock.java:logLocking(65)) - s1@group-B24AF063D807: readLock RELEASED 0 by SegmentedRaftLogCache.computeTruncateIndices
2022-08-08 17:04:52,139 [Thread-467] DEBUG raftlog.RaftLog (SegmentedRaftLog.java:appendImpl(447)) - truncateIndex=-1, arrayIndex=0
2022-08-08 17:04:52,139 [Thread-467] TRACE segmented.SegmentedRaftLogCache (AutoCloseableReadWriteLock.java:logLocking(65)) - s1@group-B24AF063D807: readLock ACQUIRED 1 by SegmentedRaftLogCache$LogSegmentList.countCached
2022-08-08 17:04:52,139 [Thread-467] TRACE segmented.SegmentedRaftLogCache (AutoCloseableReadWriteLock.java:logLocking(65)) - s1@group-B24AF063D807: readLock RELEASED 0 by SegmentedRaftLogCache$LogSegmentList.countCached
2022-08-08 17:04:52,139 [Thread-467] TRACE segmented.SegmentedRaftLogCache (AutoCloseableReadWriteLock.java:logLocking(65)) - s1@group-B24AF063D807: readLock ACQUIRED 1 by SegmentedRaftLogCache$LogSegmentList.getTotalCacheSize
2022-08-08 17:04:52,139 [Thread-467] TRACE segmented.SegmentedRaftLogCache (AutoCloseableReadWriteLock.java:logLocking(65)) - s1@group-B24AF063D807: readLock RELEASED 0 by SegmentedRaftLogCache$LogSegmentList.getTotalCacheSize
2022-08-08 17:04:52,139 [Thread-467] DEBUG segmented.SegmentedRaftLogWorker (SegmentedRaftLogWorker.java:addIOTask(270)) - s1@group-B24AF063D807-SegmentedRaftLogWorker adds IO task WriteLog:32: (t:1, i:32), METADATAENTRY(c:31)
2022-08-08 17:04:52,139 [Thread-467] TRACE segmented.SegmentedRaftLogCache (AutoCloseableReadWriteLock.java:logLocking(65)) - s1@group-B24AF063D807: readLock ACQUIRED 1 by SegmentedRaftLogCache.getLastTermIndex
2022-08-08 17:04:52,139 [Thread-467] TRACE segmented.SegmentedRaftLogCache (AutoCloseableReadWriteLock.java:logLocking(65)) - s1@group-B24AF063D807: readLock RELEASED 0 by SegmentedRaftLogCache.getLastTermIndex
2022-08-08 17:04:52,139 [Thread-467] TRACE segmented.SegmentedRaftLogCache (AutoCloseableReadWriteLock.java:logLocking(65)) - s1@group-B24AF063D807: readLock ACQUIRED 1 by SegmentedRaftLogCache$LogSegmentList.countCached
2022-08-08 17:04:52,139 [Thread-467] TRACE segmented.SegmentedRaftLogCache (AutoCloseableReadWriteLock.java:logLocking(65)) - s1@group-B24AF063D807: readLock RELEASED 0 by SegmentedRaftLogCache$LogSegmentList.countCached
2022-08-08 17:04:52,139 [Thread-467] TRACE segmented.SegmentedRaftLogCache (AutoCloseableReadWriteLock.java:logLocking(65)) - s1@group-B24AF063D807: readLock ACQUIRED 1 by SegmentedRaftLogCache$LogSegmentList.getTotalCacheSize
2022-08-08 17:04:52,139 [Thread-467] TRACE segmented.SegmentedRaftLogCache (AutoCloseableReadWriteLock.java:logLocking(65)) - s1@group-B24AF063D807: readLock RELEASED 0 by SegmentedRaftLogCache$LogSegmentList.getTotalCacheSize
2022-08-08 17:04:52,140 [Thread-467] DEBUG segmented.SegmentedRaftLogWorker (SegmentedRaftLogWorker.java:addIOTask(270)) - s1@group-B24AF063D807-SegmentedRaftLogWorker adds IO task WriteLog:33: (t:1, i:33), STATEMACHINELOGENTRY, StateMachineLogEntryProto:208@client-73FEC95B6FDB
2022-08-08 17:04:52,140 [s1@group-B24AF063D807-SegmentedRaftLogWorker] DEBUG segmented.SegmentedRaftLogWorker (SegmentedRaftLogWorker.java:flushIfNecessary(365)) - s1@group-B24AF063D807-SegmentedRaftLogWorker: flush SegmentedRaftLogOutputStream(/home/runner/work/ratis/ratis/ratis-test/target/test/data/b051e71b/MiniRaftClusterWithSimulatedRpc1ec78f08/s1/0d1e7fc9-4c77-451a-91df-b24af063d807/current/log_inprogress_0)
2022-08-08 17:04:52,140 [s2@group-B24AF063D807->s0-LogAppenderDefault-LogAppenderDaemon] TRACE segmented.SegmentedRaftLogCache (AutoCloseableReadWriteLock.java:logLocking(65)) - s2@group-B24AF063D807: readLock ACQUIRED 1 by SegmentedRaftLogCache.getLastTermIndex
2022-08-08 17:04:52,140 [s2@group-B24AF063D807->s0-LogAppenderDefault-LogAppenderDaemon] TRACE segmented.SegmentedRaftLogCache (AutoCloseableReadWriteLock.java:logLocking(65)) - s2@group-B24AF063D807: readLock RELEASED 0 by SegmentedRaftLogCache.getLastTermIndex
2022-08-08 17:04:52,140 [s2@group-B24AF063D807->s0-LogAppenderDefault-LogAppenderDaemon] TRACE segmented.SegmentedRaftLogCache (AutoCloseableReadWriteLock.java:logLocking(65)) - s2@group-B24AF063D807: readLock ACQUIRED 1 by SegmentedRaftLogCache.getLastTermIndex
2022-08-08 17:04:52,140 [s2@group-B24AF063D807->s0-LogAppenderDefault-LogAppenderDaemon] TRACE segmented.SegmentedRaftLogCache (AutoCloseableReadWriteLock.java:logLocking(65)) - s2@group-B24AF063D807: readLock RELEASED 0 by SegmentedRaftLogCache.getLastTermIndex
2022-08-08 17:04:52,140 [s2@group-B24AF063D807->s0-LogAppenderDefault-LogAppenderDaemon] TRACE segmented.SegmentedRaftLogCache (AutoCloseableReadWriteLock.java:logLocking(65)) - s2@group-B24AF063D807: readLock ACQUIRED 1 by SegmentedRaftLogCache.getLastTermIndex
2022-08-08 17:04:52,140 [s2@group-B24AF063D807->s0-LogAppenderDefault-LogAppenderDaemon] TRACE segmented.SegmentedRaftLogCache (AutoCloseableReadWriteLock.java:logLocking(65)) - s2@group-B24AF063D807: readLock RELEASED 0 by SegmentedRaftLogCache.getLastTermIndex
2022-08-08 17:04:52,140 [s2@group-B24AF063D807->s0-LogAppenderDefault-LogAppenderDaemon] TRACE segmented.SegmentedRaftLogCache (AutoCloseableReadWriteLock.java:logLocking(65)) - s2@group-B24AF063D807: readLock ACQUIRED 1 by SegmentedRaftLogCache.getStartIndex
2022-08-08 17:04:52,140 [s2@group-B24AF063D807->s0-LogAppenderDefault-LogAppenderDaemon] TRACE segmented.SegmentedRaftLogCache (AutoCloseableReadWriteLock.java:logLocking(65)) -   s2@group-B24AF063D807: readLock ACQUIRED 2 by SegmentedRaftLogCache$LogSegmentList.isEmpty
2022-08-08 17:04:52,140 [s2@group-B24AF063D807->s0-LogAppenderDefault-LogAppenderDaemon] TRACE segmented.SegmentedRaftLogCache (AutoCloseableReadWriteLock.java:logLocking(65)) -   s2@group-B24AF063D807: readLock RELEASED 1 by SegmentedRaftLogCache$LogSegmentList.isEmpty
2022-08-08 17:04:52,140 [s2@group-B24AF063D807->s0-LogAppenderDefault-LogAppenderDaemon] TRACE segmented.SegmentedRaftLogCache (AutoCloseableReadWriteLock.java:logLocking(65)) - s2@group-B24AF063D807: readLock RELEASED 0 by SegmentedRaftLogCache.getStartIndex
2022-08-08 17:04:52,140 [s2@group-B24AF063D807->s0-LogAppenderDefault-LogAppenderDaemon] TRACE segmented.SegmentedRaftLogCache (AutoCloseableReadWriteLock.java:logLocking(65)) - s2@group-B24AF063D807: readLock ACQUIRED 1 by SegmentedRaftLogCache.getLastTermIndex
2022-08-08 17:04:52,140 [s2@group-B24AF063D807->s0-LogAppenderDefault-LogAppenderDaemon] TRACE segmented.SegmentedRaftLogCache (AutoCloseableReadWriteLock.java:logLocking(65)) - s2@group-B24AF063D807: readLock RELEASED 0 by SegmentedRaftLogCache.getLastTermIndex
2022-08-08 17:04:52,140 [Thread-512] TRACE segmented.SegmentedRaftLogCache (AutoCloseableReadWriteLock.java:logLocking(65)) - s0@group-B24AF063D807: readLock ACQUIRED 1 by SegmentedRaftLogCache.computeTruncateIndices
2022-08-08 17:04:52,141 [Thread-512] TRACE segmented.SegmentedRaftLogCache (AutoCloseableReadWriteLock.java:logLocking(65)) -   s0@group-B24AF063D807: readLock ACQUIRED 2 by SegmentedRaftLogCache$LogSegmentList.binarySearch
2022-08-08 17:04:52,141 [Thread-512] TRACE segmented.SegmentedRaftLogCache (AutoCloseableReadWriteLock.java:logLocking(65)) -   s0@group-B24AF063D807: readLock RELEASED 1 by SegmentedRaftLogCache$LogSegmentList.binarySearch
2022-08-08 17:04:52,141 [Thread-512] TRACE segmented.SegmentedRaftLogCache (AutoCloseableReadWriteLock.java:logLocking(65)) -   s0@group-B24AF063D807: readLock ACQUIRED 2 by SegmentedRaftLogCache$LogSegmentList.size
2022-08-08 17:04:52,141 [Thread-512] TRACE segmented.SegmentedRaftLogCache (AutoCloseableReadWriteLock.java:logLocking(65)) -   s0@group-B24AF063D807: readLock RELEASED 1 by SegmentedRaftLogCache$LogSegmentList.size
2022-08-08 17:04:52,141 [Thread-512] TRACE segmented.SegmentedRaftLogCache (AutoCloseableReadWriteLock.java:logLocking(65)) - s0@group-B24AF063D807: readLock RELEASED 0 by SegmentedRaftLogCache.computeTruncateIndices
2022-08-08 17:04:52,141 [Thread-512] DEBUG raftlog.RaftLog (SegmentedRaftLog.java:appendImpl(447)) - truncateIndex=-1, arrayIndex=0
2022-08-08 17:04:52,141 [Thread-512] TRACE segmented.SegmentedRaftLogCache (AutoCloseableReadWriteLock.java:logLocking(65)) - s0@group-B24AF063D807: readLock ACQUIRED 1 by SegmentedRaftLogCache$LogSegmentList.countCached
2022-08-08 17:04:52,141 [Thread-512] TRACE segmented.SegmentedRaftLogCache (AutoCloseableReadWriteLock.java:logLocking(65)) - s0@group-B24AF063D807: readLock RELEASED 0 by SegmentedRaftLogCache$LogSegmentList.countCached
2022-08-08 17:04:52,141 [Thread-512] TRACE segmented.SegmentedRaftLogCache (AutoCloseableReadWriteLock.java:logLocking(65)) - s0@group-B24AF063D807: readLock ACQUIRED 1 by SegmentedRaftLogCache$LogSegmentList.getTotalCacheSize
2022-08-08 17:04:52,141 [Thread-512] TRACE segmented.SegmentedRaftLogCache (AutoCloseableReadWriteLock.java:logLocking(65)) - s0@group-B24AF063D807: readLock RELEASED 0 by SegmentedRaftLogCache$LogSegmentList.getTotalCacheSize
2022-08-08 17:04:52,141 [Thread-512] DEBUG segmented.SegmentedRaftLogWorker (SegmentedRaftLogWorker.java:addIOTask(270)) - s0@group-B24AF063D807-SegmentedRaftLogWorker adds IO task WriteLog:32: (t:1, i:32), METADATAENTRY(c:31)
2022-08-08 17:04:52,141 [Thread-512] TRACE segmented.SegmentedRaftLogCache (AutoCloseableReadWriteLock.java:logLocking(65)) - s0@group-B24AF063D807: readLock ACQUIRED 1 by SegmentedRaftLogCache.getLastTermIndex
2022-08-08 17:04:52,141 [Thread-512] TRACE segmented.SegmentedRaftLogCache (AutoCloseableReadWriteLock.java:logLocking(65)) - s0@group-B24AF063D807: readLock RELEASED 0 by SegmentedRaftLogCache.getLastTermIndex
2022-08-08 17:04:52,141 [Thread-512] TRACE segmented.SegmentedRaftLogCache (AutoCloseableReadWriteLock.java:logLocking(65)) - s0@group-B24AF063D807: readLock ACQUIRED 1 by SegmentedRaftLogCache$LogSegmentList.countCached
2022-08-08 17:04:52,141 [Thread-512] TRACE segmented.SegmentedRaftLogCache (AutoCloseableReadWriteLock.java:logLocking(65)) - s0@group-B24AF063D807: readLock RELEASED 0 by SegmentedRaftLogCache$LogSegmentList.countCached
2022-08-08 17:04:52,141 [Thread-512] TRACE segmented.SegmentedRaftLogCache (AutoCloseableReadWriteLock.java:logLocking(65)) - s0@group-B24AF063D807: readLock ACQUIRED 1 by SegmentedRaftLogCache$LogSegmentList.getTotalCacheSize
2022-08-08 17:04:52,141 [Thread-512] TRACE segmented.SegmentedRaftLogCache (AutoCloseableReadWriteLock.java:logLocking(65)) - s0@group-B24AF063D807: readLock RELEASED 0 by SegmentedRaftLogCache$LogSegmentList.getTotalCacheSize
2022-08-08 17:04:52,141 [Thread-512] DEBUG segmented.SegmentedRaftLogWorker (SegmentedRaftLogWorker.java:addIOTask(270)) - s0@group-B24AF063D807-SegmentedRaftLogWorker adds IO task WriteLog:33: (t:1, i:33), STATEMACHINELOGENTRY, StateMachineLogEntryProto:208@client-73FEC95B6FDB
2022-08-08 17:04:52,142 [s1@group-B24AF063D807-StateMachineUpdater] INFO  statemachine.SimpleStateMachine4Testing (SimpleStateMachine4Testing.java:put(204)) - s1: put 31, m15 -> (t:1, i:31), STATEMACHINELOGENTRY, 205@client-73FEC95B6FDB
2022-08-08 17:04:52,142 [s0@group-B24AF063D807-SegmentedRaftLogWorker] DEBUG segmented.SegmentedRaftLogWorker (SegmentedRaftLogWorker.java:flushIfNecessary(365)) - s0@group-B24AF063D807-SegmentedRaftLogWorker: flush SegmentedRaftLogOutputStream(/home/runner/work/ratis/ratis/ratis-test/target/test/data/b051e71b/MiniRaftClusterWithSimulatedRpc1ec78f08/s0/0d1e7fc9-4c77-451a-91df-b24af063d807/current/log_inprogress_0)
2022-08-08 17:04:52,142 [s2@group-B24AF063D807->s1-LogAppenderDefault-LogAppenderDaemon] TRACE segmented.SegmentedRaftLogCache (AutoCloseableReadWriteLock.java:logLocking(65)) - s2@group-B24AF063D807: readLock ACQUIRED 1 by SegmentedRaftLogCache.getLastTermIndex
2022-08-08 17:04:52,142 [s2@group-B24AF063D807->s1-LogAppenderDefault-LogAppenderDaemon] TRACE segmented.SegmentedRaftLogCache (AutoCloseableReadWriteLock.java:logLocking(65)) - s2@group-B24AF063D807: readLock RELEASED 0 by SegmentedRaftLogCache.getLastTermIndex
2022-08-08 17:04:52,142 [s2@group-B24AF063D807-LeaderStateImpl] TRACE segmented.SegmentedRaftLogCache (AutoCloseableReadWriteLock.java:logLocking(65)) - s2@group-B24AF063D807: readLock ACQUIRED 1 by SegmentedRaftLogCache.getStartIndex
2022-08-08 17:04:52,142 [s2@group-B24AF063D807-LeaderStateImpl] TRACE segmented.SegmentedRaftLogCache (AutoCloseableReadWriteLock.java:logLocking(65)) -   s2@group-B24AF063D807: readLock ACQUIRED 2 by SegmentedRaftLogCache$LogSegmentList.isEmpty
2022-08-08 17:04:52,142 [s2@group-B24AF063D807-LeaderStateImpl] TRACE segmented.SegmentedRaftLogCache (AutoCloseableReadWriteLock.java:logLocking(65)) -   s2@group-B24AF063D807: readLock RELEASED 1 by SegmentedRaftLogCache$LogSegmentList.isEmpty
2022-08-08 17:04:52,142 [s2@group-B24AF063D807-LeaderStateImpl] TRACE segmented.SegmentedRaftLogCache (AutoCloseableReadWriteLock.java:logLocking(65)) - s2@group-B24AF063D807: readLock RELEASED 0 by SegmentedRaftLogCache.getStartIndex
2022-08-08 17:04:52,142 [s2@group-B24AF063D807-LeaderStateImpl] TRACE segmented.SegmentedRaftLogCache (AutoCloseableReadWriteLock.java:logLocking(65)) - s2@group-B24AF063D807: readLock ACQUIRED 1 by SegmentedRaftLogCache.getEndIndex
2022-08-08 17:04:52,142 [s2@group-B24AF063D807-LeaderStateImpl] TRACE segmented.SegmentedRaftLogCache (AutoCloseableReadWriteLock.java:logLocking(65)) - s2@group-B24AF063D807: readLock RELEASED 0 by SegmentedRaftLogCache.getEndIndex
2022-08-08 17:04:52,143 [s2@group-B24AF063D807-LeaderStateImpl] TRACE segmented.SegmentedRaftLogCache (AutoCloseableReadWriteLock.java:logLocking(65)) - s2@group-B24AF063D807: readLock ACQUIRED 1 by SegmentedRaftLogCache$LogSegmentList.getTermIndex
2022-08-08 17:04:52,143 [s2@group-B24AF063D807-LeaderStateImpl] TRACE segmented.SegmentedRaftLogCache (AutoCloseableReadWriteLock.java:logLocking(65)) - s2@group-B24AF063D807: readLock RELEASED 0 by SegmentedRaftLogCache$LogSegmentList.getTermIndex
2022-08-08 17:04:52,143 [s2@group-B24AF063D807-StateMachineUpdater] INFO  statemachine.SimpleStateMachine4Testing (SimpleStateMachine4Testing.java:put(204)) - s2: put 33, m16 -> (t:1, i:33), STATEMACHINELOGENTRY, 208@client-73FEC95B6FDB
2022-08-08 17:04:52,143 [s2@group-B24AF063D807-LeaderStateImpl] TRACE segmented.SegmentedRaftLogCache (AutoCloseableReadWriteLock.java:logLocking(65)) - s2@group-B24AF063D807: readLock ACQUIRED 1 by SegmentedRaftLogCache.getLastTermIndex
2022-08-08 17:04:52,143 [s2@group-B24AF063D807-LeaderStateImpl] TRACE segmented.SegmentedRaftLogCache (AutoCloseableReadWriteLock.java:logLocking(65)) - s2@group-B24AF063D807: readLock RELEASED 0 by SegmentedRaftLogCache.getLastTermIndex
2022-08-08 17:04:52,143 [s2@group-B24AF063D807-LeaderStateImpl] TRACE segmented.SegmentedRaftLogCache (AutoCloseableReadWriteLock.java:logLocking(65)) - s2@group-B24AF063D807: readLock ACQUIRED 1 by SegmentedRaftLogCache$LogSegmentList.countCached
2022-08-08 17:04:52,143 [s2@group-B24AF063D807-LeaderStateImpl] TRACE segmented.SegmentedRaftLogCache (AutoCloseableReadWriteLock.java:logLocking(65)) - s2@group-B24AF063D807: readLock RELEASED 0 by SegmentedRaftLogCache$LogSegmentList.countCached
2022-08-08 17:04:52,143 [s2@group-B24AF063D807-LeaderStateImpl] TRACE segmented.SegmentedRaftLogCache (AutoCloseableReadWriteLock.java:logLocking(65)) - s2@group-B24AF063D807: readLock ACQUIRED 1 by SegmentedRaftLogCache$LogSegmentList.getTotalCacheSize
2022-08-08 17:04:52,144 [s2@group-B24AF063D807-LeaderStateImpl] TRACE segmented.SegmentedRaftLogCache (AutoCloseableReadWriteLock.java:logLocking(65)) - s2@group-B24AF063D807: readLock RELEASED 0 by SegmentedRaftLogCache$LogSegmentList.getTotalCacheSize
2022-08-08 17:04:52,144 [s2@group-B24AF063D807-LeaderStateImpl] DEBUG segmented.SegmentedRaftLogWorker (SegmentedRaftLogWorker.java:addIOTask(270)) - s2@group-B24AF063D807-SegmentedRaftLogWorker adds IO task WriteLog:34: (t:1, i:34), METADATAENTRY(c:33)
2022-08-08 17:04:52,144 [s2@group-B24AF063D807->s1-LogAppenderDefault-LogAppenderDaemon] TRACE segmented.SegmentedRaftLogCache (AutoCloseableReadWriteLock.java:logLocking(65)) - s2@group-B24AF063D807: readLock ACQUIRED 1 by SegmentedRaftLogCache.getLastTermIndex
2022-08-08 17:04:52,144 [s2@group-B24AF063D807->s1-LogAppenderDefault-LogAppenderDaemon] TRACE segmented.SegmentedRaftLogCache (AutoCloseableReadWriteLock.java:logLocking(65)) - s2@group-B24AF063D807: readLock RELEASED 0 by SegmentedRaftLogCache.getLastTermIndex
2022-08-08 17:04:52,144 [s2@group-B24AF063D807-SegmentedRaftLogWorker] DEBUG segmented.SegmentedRaftLogWorker (SegmentedRaftLogWorker.java:flushIfNecessary(365)) - s2@group-B24AF063D807-SegmentedRaftLogWorker: flush SegmentedRaftLogOutputStream(/home/runner/work/ratis/ratis/ratis-test/target/test/data/b051e71b/MiniRaftClusterWithSimulatedRpc1ec78f08/s2/0d1e7fc9-4c77-451a-91df-b24af063d807/current/log_inprogress_0)
2022-08-08 17:04:52,144 [s2@group-B24AF063D807->s1-LogAppenderDefault-LogAppenderDaemon] TRACE segmented.SegmentedRaftLogCache (AutoCloseableReadWriteLock.java:logLocking(65)) - s2@group-B24AF063D807: readLock ACQUIRED 1 by SegmentedRaftLogCache.getLastTermIndex
2022-08-08 17:04:52,144 [s2@group-B24AF063D807->s1-LogAppenderDefault-LogAppenderDaemon] TRACE segmented.SegmentedRaftLogCache (AutoCloseableReadWriteLock.java:logLocking(65)) - s2@group-B24AF063D807: readLock RELEASED 0 by SegmentedRaftLogCache.getLastTermIndex
2022-08-08 17:04:52,144 [s2-client-thread1] TRACE segmented.SegmentedRaftLogCache (AutoCloseableReadWriteLock.java:logLocking(65)) - s2@group-B24AF063D807: readLock ACQUIRED 1 by SegmentedRaftLogCache.getLastTermIndex
2022-08-08 17:04:52,144 [s2-client-thread1] TRACE segmented.SegmentedRaftLogCache (AutoCloseableReadWriteLock.java:logLocking(65)) - s2@group-B24AF063D807: readLock RELEASED 0 by SegmentedRaftLogCache.getLastTermIndex
2022-08-08 17:04:52,144 [s2-client-thread1] TRACE segmented.SegmentedRaftLogCache (AutoCloseableReadWriteLock.java:logLocking(65)) - s2@group-B24AF063D807: readLock ACQUIRED 1 by SegmentedRaftLogCache.getLastTermIndex
2022-08-08 17:04:52,144 [s2-client-thread1] TRACE segmented.SegmentedRaftLogCache (AutoCloseableReadWriteLock.java:logLocking(65)) - s2@group-B24AF063D807: readLock RELEASED 0 by SegmentedRaftLogCache.getLastTermIndex
2022-08-08 17:04:52,144 [s2-client-thread1] TRACE segmented.SegmentedRaftLogCache (AutoCloseableReadWriteLock.java:logLocking(65)) - s2@group-B24AF063D807: readLock ACQUIRED 1 by SegmentedRaftLogCache$LogSegmentList.countCached
2022-08-08 17:04:52,144 [s2-client-thread1] TRACE segmented.SegmentedRaftLogCache (AutoCloseableReadWriteLock.java:logLocking(65)) - s2@group-B24AF063D807: readLock RELEASED 0 by SegmentedRaftLogCache$LogSegmentList.countCached
2022-08-08 17:04:52,144 [s2-client-thread1] TRACE segmented.SegmentedRaftLogCache (AutoCloseableReadWriteLock.java:logLocking(65)) - s2@group-B24AF063D807: readLock ACQUIRED 1 by SegmentedRaftLogCache$LogSegmentList.getTotalCacheSize
2022-08-08 17:04:52,144 [s2-client-thread1] TRACE segmented.SegmentedRaftLogCache (AutoCloseableReadWriteLock.java:logLocking(65)) - s2@group-B24AF063D807: readLock RELEASED 0 by SegmentedRaftLogCache$LogSegmentList.getTotalCacheSize
2022-08-08 17:04:52,144 [s2-client-thread1] DEBUG segmented.SegmentedRaftLogWorker (SegmentedRaftLogWorker.java:addIOTask(270)) - s2@group-B24AF063D807-SegmentedRaftLogWorker adds IO task WriteLog:35: (t:1, i:35), STATEMACHINELOGENTRY, StateMachineLogEntryProto:211@client-73FEC95B6FDB
2022-08-08 17:04:52,145 [s2@group-B24AF063D807-SegmentedRaftLogWorker] DEBUG segmented.SegmentedRaftLogWorker (SegmentedRaftLogWorker.java:flushIfNecessary(365)) - s2@group-B24AF063D807-SegmentedRaftLogWorker: flush SegmentedRaftLogOutputStream(/home/runner/work/ratis/ratis/ratis-test/target/test/data/b051e71b/MiniRaftClusterWithSimulatedRpc1ec78f08/s2/0d1e7fc9-4c77-451a-91df-b24af063d807/current/log_inprogress_0)
2022-08-08 17:04:52,145 [s2@group-B24AF063D807->s1-LogAppenderDefault-LogAppenderDaemon] TRACE segmented.SegmentedRaftLogCache (AutoCloseableReadWriteLock.java:logLocking(65)) - s2@group-B24AF063D807: readLock ACQUIRED 1 by SegmentedRaftLogCache.getStartIndex
2022-08-08 17:04:52,145 [s2@group-B24AF063D807->s1-LogAppenderDefault-LogAppenderDaemon] TRACE segmented.SegmentedRaftLogCache (AutoCloseableReadWriteLock.java:logLocking(65)) -   s2@group-B24AF063D807: readLock ACQUIRED 2 by SegmentedRaftLogCache$LogSegmentList.isEmpty
2022-08-08 17:04:52,145 [s2@group-B24AF063D807->s1-LogAppenderDefault-LogAppenderDaemon] TRACE segmented.SegmentedRaftLogCache (AutoCloseableReadWriteLock.java:logLocking(65)) -   s2@group-B24AF063D807: readLock RELEASED 1 by SegmentedRaftLogCache$LogSegmentList.isEmpty
2022-08-08 17:04:52,145 [s2@group-B24AF063D807->s1-LogAppenderDefault-LogAppenderDaemon] TRACE segmented.SegmentedRaftLogCache (AutoCloseableReadWriteLock.java:logLocking(65)) - s2@group-B24AF063D807: readLock RELEASED 0 by SegmentedRaftLogCache.getStartIndex
2022-08-08 17:04:52,145 [s2@group-B24AF063D807->s1-LogAppenderDefault-LogAppenderDaemon] TRACE segmented.SegmentedRaftLogCache (AutoCloseableReadWriteLock.java:logLocking(65)) - s2@group-B24AF063D807: readLock ACQUIRED 1 by SegmentedRaftLogCache.getLastTermIndex
2022-08-08 17:04:52,145 [s2@group-B24AF063D807->s1-LogAppenderDefault-LogAppenderDaemon] TRACE segmented.SegmentedRaftLogCache (AutoCloseableReadWriteLock.java:logLocking(65)) - s2@group-B24AF063D807: readLock RELEASED 0 by SegmentedRaftLogCache.getLastTermIndex
2022-08-08 17:04:52,145 [Thread-468] TRACE segmented.SegmentedRaftLogCache (AutoCloseableReadWriteLock.java:logLocking(65)) - s1@group-B24AF063D807: readLock ACQUIRED 1 by SegmentedRaftLogCache.computeTruncateIndices
2022-08-08 17:04:52,145 [Thread-468] TRACE segmented.SegmentedRaftLogCache (AutoCloseableReadWriteLock.java:logLocking(65)) -   s1@group-B24AF063D807: readLock ACQUIRED 2 by SegmentedRaftLogCache$LogSegmentList.binarySearch
2022-08-08 17:04:52,145 [Thread-468] TRACE segmented.SegmentedRaftLogCache (AutoCloseableReadWriteLock.java:logLocking(65)) -   s1@group-B24AF063D807: readLock RELEASED 1 by SegmentedRaftLogCache$LogSegmentList.binarySearch
2022-08-08 17:04:52,145 [Thread-468] TRACE segmented.SegmentedRaftLogCache (AutoCloseableReadWriteLock.java:logLocking(65)) -   s1@group-B24AF063D807: readLock ACQUIRED 2 by SegmentedRaftLogCache$LogSegmentList.size
2022-08-08 17:04:52,145 [Thread-468] TRACE segmented.SegmentedRaftLogCache (AutoCloseableReadWriteLock.java:logLocking(65)) -   s1@group-B24AF063D807: readLock RELEASED 1 by SegmentedRaftLogCache$LogSegmentList.size
2022-08-08 17:04:52,145 [Thread-468] TRACE segmented.SegmentedRaftLogCache (AutoCloseableReadWriteLock.java:logLocking(65)) - s1@group-B24AF063D807: readLock RELEASED 0 by SegmentedRaftLogCache.computeTruncateIndices
2022-08-08 17:04:52,145 [Thread-468] DEBUG raftlog.RaftLog (SegmentedRaftLog.java:appendImpl(447)) - truncateIndex=-1, arrayIndex=0
2022-08-08 17:04:52,145 [Thread-468] TRACE segmented.SegmentedRaftLogCache (AutoCloseableReadWriteLock.java:logLocking(65)) - s1@group-B24AF063D807: readLock ACQUIRED 1 by SegmentedRaftLogCache$LogSegmentList.countCached
2022-08-08 17:04:52,145 [Thread-468] TRACE segmented.SegmentedRaftLogCache (AutoCloseableReadWriteLock.java:logLocking(65)) - s1@group-B24AF063D807: readLock RELEASED 0 by SegmentedRaftLogCache$LogSegmentList.countCached
2022-08-08 17:04:52,146 [Thread-468] TRACE segmented.SegmentedRaftLogCache (AutoCloseableReadWriteLock.java:logLocking(65)) - s1@group-B24AF063D807: readLock ACQUIRED 1 by SegmentedRaftLogCache$LogSegmentList.getTotalCacheSize
2022-08-08 17:04:52,146 [Thread-468] TRACE segmented.SegmentedRaftLogCache (AutoCloseableReadWriteLock.java:logLocking(65)) - s1@group-B24AF063D807: readLock RELEASED 0 by SegmentedRaftLogCache$LogSegmentList.getTotalCacheSize
2022-08-08 17:04:52,146 [Thread-468] DEBUG segmented.SegmentedRaftLogWorker (SegmentedRaftLogWorker.java:addIOTask(270)) - s1@group-B24AF063D807-SegmentedRaftLogWorker adds IO task WriteLog:34: (t:1, i:34), METADATAENTRY(c:33)
2022-08-08 17:04:52,146 [Thread-468] TRACE segmented.SegmentedRaftLogCache (AutoCloseableReadWriteLock.java:logLocking(65)) - s1@group-B24AF063D807: readLock ACQUIRED 1 by SegmentedRaftLogCache.getLastTermIndex
2022-08-08 17:04:52,146 [Thread-468] TRACE segmented.SegmentedRaftLogCache (AutoCloseableReadWriteLock.java:logLocking(65)) - s1@group-B24AF063D807: readLock RELEASED 0 by SegmentedRaftLogCache.getLastTermIndex
2022-08-08 17:04:52,146 [Thread-468] TRACE segmented.SegmentedRaftLogCache (AutoCloseableReadWriteLock.java:logLocking(65)) - s1@group-B24AF063D807: readLock ACQUIRED 1 by SegmentedRaftLogCache$LogSegmentList.countCached
2022-08-08 17:04:52,146 [Thread-468] TRACE segmented.SegmentedRaftLogCache (AutoCloseableReadWriteLock.java:logLocking(65)) - s1@group-B24AF063D807: readLock RELEASED 0 by SegmentedRaftLogCache$LogSegmentList.countCached
2022-08-08 17:04:52,146 [Thread-468] TRACE segmented.SegmentedRaftLogCache (AutoCloseableReadWriteLock.java:logLocking(65)) - s1@group-B24AF063D807: readLock ACQUIRED 1 by SegmentedRaftLogCache$LogSegmentList.getTotalCacheSize
2022-08-08 17:04:52,146 [Thread-468] TRACE segmented.SegmentedRaftLogCache (AutoCloseableReadWriteLock.java:logLocking(65)) - s1@group-B24AF063D807: readLock RELEASED 0 by SegmentedRaftLogCache$LogSegmentList.getTotalCacheSize
2022-08-08 17:04:52,146 [Thread-468] DEBUG segmented.SegmentedRaftLogWorker (SegmentedRaftLogWorker.java:addIOTask(270)) - s1@group-B24AF063D807-SegmentedRaftLogWorker adds IO task WriteLog:35: (t:1, i:35), STATEMACHINELOGENTRY, StateMachineLogEntryProto:211@client-73FEC95B6FDB
2022-08-08 17:04:52,146 [s1@group-B24AF063D807-SegmentedRaftLogWorker] DEBUG segmented.SegmentedRaftLogWorker (SegmentedRaftLogWorker.java:flushIfNecessary(365)) - s1@group-B24AF063D807-SegmentedRaftLogWorker: flush SegmentedRaftLogOutputStream(/home/runner/work/ratis/ratis/ratis-test/target/test/data/b051e71b/MiniRaftClusterWithSimulatedRpc1ec78f08/s1/0d1e7fc9-4c77-451a-91df-b24af063d807/current/log_inprogress_0)
2022-08-08 17:04:52,146 [s1@group-B24AF063D807-StateMachineUpdater] INFO  statemachine.SimpleStateMachine4Testing (SimpleStateMachine4Testing.java:put(204)) - s1: put 33, m16 -> (t:1, i:33), STATEMACHINELOGENTRY, 208@client-73FEC95B6FDB
2022-08-08 17:04:52,147 [s2@group-B24AF063D807->s1-LogAppenderDefault-LogAppenderDaemon] TRACE segmented.SegmentedRaftLogCache (AutoCloseableReadWriteLock.java:logLocking(65)) - s2@group-B24AF063D807: readLock ACQUIRED 1 by SegmentedRaftLogCache.getLastTermIndex
2022-08-08 17:04:52,147 [s2@group-B24AF063D807->s1-LogAppenderDefault-LogAppenderDaemon] TRACE segmented.SegmentedRaftLogCache (AutoCloseableReadWriteLock.java:logLocking(65)) - s2@group-B24AF063D807: readLock RELEASED 0 by SegmentedRaftLogCache.getLastTermIndex
2022-08-08 17:04:52,147 [s2@group-B24AF063D807-LeaderStateImpl] TRACE segmented.SegmentedRaftLogCache (AutoCloseableReadWriteLock.java:logLocking(65)) - s2@group-B24AF063D807: readLock ACQUIRED 1 by SegmentedRaftLogCache.getStartIndex
2022-08-08 17:04:52,147 [s2@group-B24AF063D807-LeaderStateImpl] TRACE segmented.SegmentedRaftLogCache (AutoCloseableReadWriteLock.java:logLocking(65)) -   s2@group-B24AF063D807: readLock ACQUIRED 2 by SegmentedRaftLogCache$LogSegmentList.isEmpty
2022-08-08 17:04:52,147 [s2@group-B24AF063D807-LeaderStateImpl] TRACE segmented.SegmentedRaftLogCache (AutoCloseableReadWriteLock.java:logLocking(65)) -   s2@group-B24AF063D807: readLock RELEASED 1 by SegmentedRaftLogCache$LogSegmentList.isEmpty
2022-08-08 17:04:52,147 [s0@group-B24AF063D807-StateMachineUpdater] INFO  statemachine.SimpleStateMachine4Testing (SimpleStateMachine4Testing.java:put(204)) - s0: put 31, m15 -> (t:1, i:31), STATEMACHINELOGENTRY, 205@client-73FEC95B6FDB
2022-08-08 17:04:52,147 [s2@group-B24AF063D807-LeaderStateImpl] TRACE segmented.SegmentedRaftLogCache (AutoCloseableReadWriteLock.java:logLocking(65)) - s2@group-B24AF063D807: readLock RELEASED 0 by SegmentedRaftLogCache.getStartIndex
2022-08-08 17:04:52,148 [s2@group-B24AF063D807-LeaderStateImpl] TRACE segmented.SegmentedRaftLogCache (AutoCloseableReadWriteLock.java:logLocking(65)) -     s2@group-B24AF063D807: readLock ACQUIRED 3 by SegmentedRaftLogCache.getEndIndex
2022-08-08 17:04:52,148 [s2@group-B24AF063D807-LeaderStateImpl] TRACE segmented.SegmentedRaftLogCache (AutoCloseableReadWriteLock.java:logLocking(65)) -     s2@group-B24AF063D807: readLock RELEASED 2 by SegmentedRaftLogCache.getEndIndex
2022-08-08 17:04:52,148 [s2@group-B24AF063D807-LeaderStateImpl] TRACE segmented.SegmentedRaftLogCache (AutoCloseableReadWriteLock.java:logLocking(65)) -     s2@group-B24AF063D807: readLock ACQUIRED 3 by SegmentedRaftLogCache$LogSegmentList.getTermIndex
2022-08-08 17:04:52,148 [s2@group-B24AF063D807-LeaderStateImpl] TRACE segmented.SegmentedRaftLogCache (AutoCloseableReadWriteLock.java:logLocking(65)) -     s2@group-B24AF063D807: readLock RELEASED 2 by SegmentedRaftLogCache$LogSegmentList.getTermIndex
2022-08-08 17:04:52,147 [s2@group-B24AF063D807->s1-LogAppenderDefault-LogAppenderDaemon] TRACE segmented.SegmentedRaftLogCache (AutoCloseableReadWriteLock.java:logLocking(65)) -   s2@group-B24AF063D807: readLock ACQUIRED 2 by SegmentedRaftLogCache.getLastTermIndex
2022-08-08 17:04:52,147 [s2@group-B24AF063D807->s0-LogAppenderDefault-LogAppenderDaemon] TRACE segmented.SegmentedRaftLogCache (AutoCloseableReadWriteLock.java:logLocking(65)) - s2@group-B24AF063D807: readLock ACQUIRED 1 by SegmentedRaftLogCache.getLastTermIndex
2022-08-08 17:04:52,148 [s2@group-B24AF063D807->s0-LogAppenderDefault-LogAppenderDaemon] TRACE segmented.SegmentedRaftLogCache (AutoCloseableReadWriteLock.java:logLocking(65)) -   s2@group-B24AF063D807: readLock RELEASED 1 by SegmentedRaftLogCache.getLastTermIndex
2022-08-08 17:04:52,148 [s2@group-B24AF063D807->s1-LogAppenderDefault-LogAppenderDaemon] TRACE segmented.SegmentedRaftLogCache (AutoCloseableReadWriteLock.java:logLocking(65)) - s2@group-B24AF063D807: readLock RELEASED 0 by SegmentedRaftLogCache.getLastTermIndex
2022-08-08 17:04:52,148 [s2@group-B24AF063D807->s0-LogAppenderDefault-LogAppenderDaemon] TRACE segmented.SegmentedRaftLogCache (AutoCloseableReadWriteLock.java:logLocking(65)) - s2@group-B24AF063D807: readLock ACQUIRED 1 by SegmentedRaftLogCache.getLastTermIndex
2022-08-08 17:04:52,148 [s2@group-B24AF063D807->s0-LogAppenderDefault-LogAppenderDaemon] TRACE segmented.SegmentedRaftLogCache (AutoCloseableReadWriteLock.java:logLocking(65)) - s2@group-B24AF063D807: readLock RELEASED 0 by SegmentedRaftLogCache.getLastTermIndex
2022-08-08 17:04:52,148 [s2@group-B24AF063D807->s0-LogAppenderDefault-LogAppenderDaemon] TRACE segmented.SegmentedRaftLogCache (AutoCloseableReadWriteLock.java:logLocking(65)) - s2@group-B24AF063D807: readLock ACQUIRED 1 by SegmentedRaftLogCache.getLastTermIndex
2022-08-08 17:04:52,148 [s2@group-B24AF063D807->s0-LogAppenderDefault-LogAppenderDaemon] TRACE segmented.SegmentedRaftLogCache (AutoCloseableReadWriteLock.java:logLocking(65)) - s2@group-B24AF063D807: readLock RELEASED 0 by SegmentedRaftLogCache.getLastTermIndex
2022-08-08 17:04:52,148 [s2@group-B24AF063D807->s0-LogAppenderDefault-LogAppenderDaemon] TRACE segmented.SegmentedRaftLogCache (AutoCloseableReadWriteLock.java:logLocking(65)) - s2@group-B24AF063D807: readLock ACQUIRED 1 by SegmentedRaftLogCache.getStartIndex
2022-08-08 17:04:52,148 [s2@group-B24AF063D807->s0-LogAppenderDefault-LogAppenderDaemon] TRACE segmented.SegmentedRaftLogCache (AutoCloseableReadWriteLock.java:logLocking(65)) -   s2@group-B24AF063D807: readLock ACQUIRED 2 by SegmentedRaftLogCache$LogSegmentList.isEmpty
2022-08-08 17:04:52,148 [s2@group-B24AF063D807->s0-LogAppenderDefault-LogAppenderDaemon] TRACE segmented.SegmentedRaftLogCache (AutoCloseableReadWriteLock.java:logLocking(65)) -   s2@group-B24AF063D807: readLock RELEASED 1 by SegmentedRaftLogCache$LogSegmentList.isEmpty
2022-08-08 17:04:52,148 [s2@group-B24AF063D807->s0-LogAppenderDefault-LogAppenderDaemon] TRACE segmented.SegmentedRaftLogCache (AutoCloseableReadWriteLock.java:logLocking(65)) - s2@group-B24AF063D807: readLock RELEASED 0 by SegmentedRaftLogCache.getStartIndex
2022-08-08 17:04:52,148 [s2@group-B24AF063D807->s0-LogAppenderDefault-LogAppenderDaemon] TRACE segmented.SegmentedRaftLogCache (AutoCloseableReadWriteLock.java:logLocking(65)) - s2@group-B24AF063D807: readLock ACQUIRED 1 by SegmentedRaftLogCache.getLastTermIndex
2022-08-08 17:04:52,148 [s2@group-B24AF063D807->s0-LogAppenderDefault-LogAppenderDaemon] TRACE segmented.SegmentedRaftLogCache (AutoCloseableReadWriteLock.java:logLocking(65)) - s2@group-B24AF063D807: readLock RELEASED 0 by SegmentedRaftLogCache.getLastTermIndex
2022-08-08 17:04:52,148 [Thread-513] TRACE segmented.SegmentedRaftLogCache (AutoCloseableReadWriteLock.java:logLocking(65)) - s0@group-B24AF063D807: readLock ACQUIRED 1 by SegmentedRaftLogCache.computeTruncateIndices
2022-08-08 17:04:52,149 [Thread-513] TRACE segmented.SegmentedRaftLogCache (AutoCloseableReadWriteLock.java:logLocking(65)) -   s0@group-B24AF063D807: readLock ACQUIRED 2 by SegmentedRaftLogCache$LogSegmentList.binarySearch
2022-08-08 17:04:52,149 [Thread-513] TRACE segmented.SegmentedRaftLogCache (AutoCloseableReadWriteLock.java:logLocking(65)) -   s0@group-B24AF063D807: readLock RELEASED 1 by SegmentedRaftLogCache$LogSegmentList.binarySearch
2022-08-08 17:04:52,149 [Thread-513] TRACE segmented.SegmentedRaftLogCache (AutoCloseableReadWriteLock.java:logLocking(65)) -   s0@group-B24AF063D807: readLock ACQUIRED 2 by SegmentedRaftLogCache$LogSegmentList.size
2022-08-08 17:04:52,149 [Thread-513] TRACE segmented.SegmentedRaftLogCache (AutoCloseableReadWriteLock.java:logLocking(65)) -   s0@group-B24AF063D807: readLock RELEASED 1 by SegmentedRaftLogCache$LogSegmentList.size
2022-08-08 17:04:52,149 [Thread-513] TRACE segmented.SegmentedRaftLogCache (AutoCloseableReadWriteLock.java:logLocking(65)) - s0@group-B24AF063D807: readLock RELEASED 0 by SegmentedRaftLogCache.computeTruncateIndices
2022-08-08 17:04:52,149 [Thread-513] DEBUG raftlog.RaftLog (SegmentedRaftLog.java:appendImpl(447)) - truncateIndex=-1, arrayIndex=0
2022-08-08 17:04:52,149 [Thread-513] TRACE segmented.SegmentedRaftLogCache (AutoCloseableReadWriteLock.java:logLocking(65)) - s0@group-B24AF063D807: readLock ACQUIRED 1 by SegmentedRaftLogCache$LogSegmentList.countCached
2022-08-08 17:04:52,149 [Thread-513] TRACE segmented.SegmentedRaftLogCache (AutoCloseableReadWriteLock.java:logLocking(65)) - s0@group-B24AF063D807: readLock RELEASED 0 by SegmentedRaftLogCache$LogSegmentList.countCached
2022-08-08 17:04:52,149 [Thread-513] TRACE segmented.SegmentedRaftLogCache (AutoCloseableReadWriteLock.java:logLocking(65)) - s0@group-B24AF063D807: readLock ACQUIRED 1 by SegmentedRaftLogCache$LogSegmentList.getTotalCacheSize
2022-08-08 17:04:52,149 [Thread-513] TRACE segmented.SegmentedRaftLogCache (AutoCloseableReadWriteLock.java:logLocking(65)) - s0@group-B24AF063D807: readLock RELEASED 0 by SegmentedRaftLogCache$LogSegmentList.getTotalCacheSize
2022-08-08 17:04:52,149 [Thread-513] DEBUG segmented.SegmentedRaftLogWorker (SegmentedRaftLogWorker.java:addIOTask(270)) - s0@group-B24AF063D807-SegmentedRaftLogWorker adds IO task WriteLog:34: (t:1, i:34), METADATAENTRY(c:33)
2022-08-08 17:04:52,149 [Thread-513] TRACE segmented.SegmentedRaftLogCache (AutoCloseableReadWriteLock.java:logLocking(65)) - s0@group-B24AF063D807: readLock ACQUIRED 1 by SegmentedRaftLogCache.getLastTermIndex
2022-08-08 17:04:52,149 [Thread-513] TRACE segmented.SegmentedRaftLogCache (AutoCloseableReadWriteLock.java:logLocking(65)) - s0@group-B24AF063D807: readLock RELEASED 0 by SegmentedRaftLogCache.getLastTermIndex
2022-08-08 17:04:52,149 [Thread-513] TRACE segmented.SegmentedRaftLogCache (AutoCloseableReadWriteLock.java:logLocking(65)) - s0@group-B24AF063D807: readLock ACQUIRED 1 by SegmentedRaftLogCache$LogSegmentList.countCached
2022-08-08 17:04:52,149 [Thread-513] TRACE segmented.SegmentedRaftLogCache (AutoCloseableReadWriteLock.java:logLocking(65)) - s0@group-B24AF063D807: readLock RELEASED 0 by SegmentedRaftLogCache$LogSegmentList.countCached
2022-08-08 17:04:52,149 [Thread-513] TRACE segmented.SegmentedRaftLogCache (AutoCloseableReadWriteLock.java:logLocking(65)) - s0@group-B24AF063D807: readLock ACQUIRED 1 by SegmentedRaftLogCache$LogSegmentList.getTotalCacheSize
2022-08-08 17:04:52,149 [Thread-513] TRACE segmented.SegmentedRaftLogCache (AutoCloseableReadWriteLock.java:logLocking(65)) - s0@group-B24AF063D807: readLock RELEASED 0 by SegmentedRaftLogCache$LogSegmentList.getTotalCacheSize
2022-08-08 17:04:52,149 [Thread-513] DEBUG segmented.SegmentedRaftLogWorker (SegmentedRaftLogWorker.java:addIOTask(270)) - s0@group-B24AF063D807-SegmentedRaftLogWorker adds IO task WriteLog:35: (t:1, i:35), STATEMACHINELOGENTRY, StateMachineLogEntryProto:211@client-73FEC95B6FDB
2022-08-08 17:04:52,149 [s0@group-B24AF063D807-SegmentedRaftLogWorker] DEBUG segmented.SegmentedRaftLogWorker (SegmentedRaftLogWorker.java:flushIfNecessary(365)) - s0@group-B24AF063D807-SegmentedRaftLogWorker: flush SegmentedRaftLogOutputStream(/home/runner/work/ratis/ratis/ratis-test/target/test/data/b051e71b/MiniRaftClusterWithSimulatedRpc1ec78f08/s0/0d1e7fc9-4c77-451a-91df-b24af063d807/current/log_inprogress_0)
2022-08-08 17:04:52,150 [s2@group-B24AF063D807->s1-LogAppenderDefault-LogAppenderDaemon] TRACE segmented.SegmentedRaftLogCache (AutoCloseableReadWriteLock.java:logLocking(65)) - s2@group-B24AF063D807: readLock ACQUIRED 1 by SegmentedRaftLogCache.getLastTermIndex
2022-08-08 17:04:52,150 [s2@group-B24AF063D807->s1-LogAppenderDefault-LogAppenderDaemon] TRACE segmented.SegmentedRaftLogCache (AutoCloseableReadWriteLock.java:logLocking(65)) - s2@group-B24AF063D807: readLock RELEASED 0 by SegmentedRaftLogCache.getLastTermIndex
2022-08-08 17:04:52,150 [s2@group-B24AF063D807-StateMachineUpdater] INFO  statemachine.SimpleStateMachine4Testing (SimpleStateMachine4Testing.java:put(204)) - s2: put 35, m17 -> (t:1, i:35), STATEMACHINELOGENTRY, 211@client-73FEC95B6FDB
2022-08-08 17:04:52,150 [s2@group-B24AF063D807-LeaderStateImpl] TRACE segmented.SegmentedRaftLogCache (AutoCloseableReadWriteLock.java:logLocking(65)) - s2@group-B24AF063D807: readLock ACQUIRED 1 by SegmentedRaftLogCache.getLastTermIndex
2022-08-08 17:04:52,150 [s2@group-B24AF063D807-LeaderStateImpl] TRACE segmented.SegmentedRaftLogCache (AutoCloseableReadWriteLock.java:logLocking(65)) - s2@group-B24AF063D807: readLock RELEASED 0 by SegmentedRaftLogCache.getLastTermIndex
2022-08-08 17:04:52,150 [s2@group-B24AF063D807-LeaderStateImpl] TRACE segmented.SegmentedRaftLogCache (AutoCloseableReadWriteLock.java:logLocking(65)) - s2@group-B24AF063D807: readLock ACQUIRED 1 by SegmentedRaftLogCache$LogSegmentList.countCached
2022-08-08 17:04:52,151 [s2@group-B24AF063D807-LeaderStateImpl] TRACE segmented.SegmentedRaftLogCache (AutoCloseableReadWriteLock.java:logLocking(65)) - s2@group-B24AF063D807: readLock RELEASED 0 by SegmentedRaftLogCache$LogSegmentList.countCached
2022-08-08 17:04:52,151 [s2@group-B24AF063D807-LeaderStateImpl] TRACE segmented.SegmentedRaftLogCache (AutoCloseableReadWriteLock.java:logLocking(65)) - s2@group-B24AF063D807: readLock ACQUIRED 1 by SegmentedRaftLogCache$LogSegmentList.getTotalCacheSize
2022-08-08 17:04:52,151 [s2@group-B24AF063D807-LeaderStateImpl] TRACE segmented.SegmentedRaftLogCache (AutoCloseableReadWriteLock.java:logLocking(65)) - s2@group-B24AF063D807: readLock RELEASED 0 by SegmentedRaftLogCache$LogSegmentList.getTotalCacheSize
2022-08-08 17:04:52,151 [s2@group-B24AF063D807-LeaderStateImpl] DEBUG segmented.SegmentedRaftLogWorker (SegmentedRaftLogWorker.java:addIOTask(270)) - s2@group-B24AF063D807-SegmentedRaftLogWorker adds IO task WriteLog:36: (t:1, i:36), METADATAENTRY(c:35)
2022-08-08 17:04:52,151 [s2@group-B24AF063D807->s1-LogAppenderDefault-LogAppenderDaemon] TRACE segmented.SegmentedRaftLogCache (AutoCloseableReadWriteLock.java:logLocking(65)) - s2@group-B24AF063D807: readLock ACQUIRED 1 by SegmentedRaftLogCache.getLastTermIndex
2022-08-08 17:04:52,151 [s2@group-B24AF063D807->s1-LogAppenderDefault-LogAppenderDaemon] TRACE segmented.SegmentedRaftLogCache (AutoCloseableReadWriteLock.java:logLocking(65)) - s2@group-B24AF063D807: readLock RELEASED 0 by SegmentedRaftLogCache.getLastTermIndex
2022-08-08 17:04:52,151 [s2@group-B24AF063D807->s1-LogAppenderDefault-LogAppenderDaemon] TRACE segmented.SegmentedRaftLogCache (AutoCloseableReadWriteLock.java:logLocking(65)) - s2@group-B24AF063D807: readLock ACQUIRED 1 by SegmentedRaftLogCache.getLastTermIndex
2022-08-08 17:04:52,151 [s2@group-B24AF063D807->s1-LogAppenderDefault-LogAppenderDaemon] TRACE segmented.SegmentedRaftLogCache (AutoCloseableReadWriteLock.java:logLocking(65)) - s2@group-B24AF063D807: readLock RELEASED 0 by SegmentedRaftLogCache.getLastTermIndex
2022-08-08 17:04:52,151 [s2@group-B24AF063D807-SegmentedRaftLogWorker] DEBUG segmented.SegmentedRaftLogWorker (SegmentedRaftLogWorker.java:flushIfNecessary(365)) - s2@group-B24AF063D807-SegmentedRaftLogWorker: flush SegmentedRaftLogOutputStream(/home/runner/work/ratis/ratis/ratis-test/target/test/data/b051e71b/MiniRaftClusterWithSimulatedRpc1ec78f08/s2/0d1e7fc9-4c77-451a-91df-b24af063d807/current/log_inprogress_0)
2022-08-08 17:04:52,151 [s2-client-thread1] TRACE segmented.SegmentedRaftLogCache (AutoCloseableReadWriteLock.java:logLocking(65)) -   s2@group-B24AF063D807: readLock ACQUIRED 2 by SegmentedRaftLogCache.getLastTermIndex
2022-08-08 17:04:52,151 [s2-client-thread1] TRACE segmented.SegmentedRaftLogCache (AutoCloseableReadWriteLock.java:logLocking(65)) -   s2@group-B24AF063D807: readLock RELEASED 1 by SegmentedRaftLogCache.getLastTermIndex
2022-08-08 17:04:52,151 [s2-client-thread1] TRACE segmented.SegmentedRaftLogCache (AutoCloseableReadWriteLock.java:logLocking(65)) -   s2@group-B24AF063D807: readLock ACQUIRED 2 by SegmentedRaftLogCache.getLastTermIndex
2022-08-08 17:04:52,151 [s2-client-thread1] TRACE segmented.SegmentedRaftLogCache (AutoCloseableReadWriteLock.java:logLocking(65)) -   s2@group-B24AF063D807: readLock RELEASED 1 by SegmentedRaftLogCache.getLastTermIndex
2022-08-08 17:04:52,151 [s2-client-thread1] TRACE segmented.SegmentedRaftLogCache (AutoCloseableReadWriteLock.java:logLocking(65)) -   s2@group-B24AF063D807: readLock ACQUIRED 2 by SegmentedRaftLogCache$LogSegmentList.countCached
2022-08-08 17:04:52,151 [s2-client-thread1] TRACE segmented.SegmentedRaftLogCache (AutoCloseableReadWriteLock.java:logLocking(65)) -   s2@group-B24AF063D807: readLock RELEASED 1 by SegmentedRaftLogCache$LogSegmentList.countCached
2022-08-08 17:04:52,151 [s2-client-thread1] TRACE segmented.SegmentedRaftLogCache (AutoCloseableReadWriteLock.java:logLocking(65)) -   s2@group-B24AF063D807: readLock ACQUIRED 2 by SegmentedRaftLogCache$LogSegmentList.getTotalCacheSize
2022-08-08 17:04:52,151 [s2-client-thread1] TRACE segmented.SegmentedRaftLogCache (AutoCloseableReadWriteLock.java:logLocking(65)) -   s2@group-B24AF063D807: readLock RELEASED 1 by SegmentedRaftLogCache$LogSegmentList.getTotalCacheSize
2022-08-08 17:04:52,152 [s2-client-thread1] DEBUG segmented.SegmentedRaftLogWorker (SegmentedRaftLogWorker.java:addIOTask(270)) - s2@group-B24AF063D807-SegmentedRaftLogWorker adds IO task WriteLog:37: (t:1, i:37), STATEMACHINELOGENTRY, StateMachineLogEntryProto:214@client-73FEC95B6FDB
2022-08-08 17:04:52,152 [s2@group-B24AF063D807-SegmentedRaftLogWorker] DEBUG segmented.SegmentedRaftLogWorker (SegmentedRaftLogWorker.java:flushIfNecessary(365)) - s2@group-B24AF063D807-SegmentedRaftLogWorker: flush SegmentedRaftLogOutputStream(/home/runner/work/ratis/ratis/ratis-test/target/test/data/b051e71b/MiniRaftClusterWithSimulatedRpc1ec78f08/s2/0d1e7fc9-4c77-451a-91df-b24af063d807/current/log_inprogress_0)
2022-08-08 17:04:52,151 [s2@group-B24AF063D807->s1-LogAppenderDefault-LogAppenderDaemon] TRACE segmented.SegmentedRaftLogCache (AutoCloseableReadWriteLock.java:logLocking(65)) - s2@group-B24AF063D807: readLock ACQUIRED 1 by SegmentedRaftLogCache.getStartIndex
2022-08-08 17:04:52,152 [s2@group-B24AF063D807->s1-LogAppenderDefault-LogAppenderDaemon] TRACE segmented.SegmentedRaftLogCache (AutoCloseableReadWriteLock.java:logLocking(65)) -   s2@group-B24AF063D807: readLock ACQUIRED 2 by SegmentedRaftLogCache$LogSegmentList.isEmpty
2022-08-08 17:04:52,152 [s2@group-B24AF063D807->s1-LogAppenderDefault-LogAppenderDaemon] TRACE segmented.SegmentedRaftLogCache (AutoCloseableReadWriteLock.java:logLocking(65)) -   s2@group-B24AF063D807: readLock RELEASED 1 by SegmentedRaftLogCache$LogSegmentList.isEmpty
2022-08-08 17:04:52,152 [s2@group-B24AF063D807->s1-LogAppenderDefault-LogAppenderDaemon] TRACE segmented.SegmentedRaftLogCache (AutoCloseableReadWriteLock.java:logLocking(65)) - s2@group-B24AF063D807: readLock RELEASED 0 by SegmentedRaftLogCache.getStartIndex
2022-08-08 17:04:52,152 [s2@group-B24AF063D807->s1-LogAppenderDefault-LogAppenderDaemon] TRACE segmented.SegmentedRaftLogCache (AutoCloseableReadWriteLock.java:logLocking(65)) - s2@group-B24AF063D807: readLock ACQUIRED 1 by SegmentedRaftLogCache.getLastTermIndex
2022-08-08 17:04:52,152 [s2@group-B24AF063D807->s1-LogAppenderDefault-LogAppenderDaemon] TRACE segmented.SegmentedRaftLogCache (AutoCloseableReadWriteLock.java:logLocking(65)) - s2@group-B24AF063D807: readLock RELEASED 0 by SegmentedRaftLogCache.getLastTermIndex
2022-08-08 17:04:52,152 [Thread-469] TRACE segmented.SegmentedRaftLogCache (AutoCloseableReadWriteLock.java:logLocking(65)) - s1@group-B24AF063D807: readLock ACQUIRED 1 by SegmentedRaftLogCache.computeTruncateIndices
2022-08-08 17:04:52,152 [Thread-469] TRACE segmented.SegmentedRaftLogCache (AutoCloseableReadWriteLock.java:logLocking(65)) -   s1@group-B24AF063D807: readLock ACQUIRED 2 by SegmentedRaftLogCache$LogSegmentList.binarySearch
2022-08-08 17:04:52,152 [Thread-469] TRACE segmented.SegmentedRaftLogCache (AutoCloseableReadWriteLock.java:logLocking(65)) -   s1@group-B24AF063D807: readLock RELEASED 1 by SegmentedRaftLogCache$LogSegmentList.binarySearch
2022-08-08 17:04:52,152 [Thread-469] TRACE segmented.SegmentedRaftLogCache (AutoCloseableReadWriteLock.java:logLocking(65)) -   s1@group-B24AF063D807: readLock ACQUIRED 2 by SegmentedRaftLogCache$LogSegmentList.size
2022-08-08 17:04:52,152 [Thread-469] TRACE segmented.SegmentedRaftLogCache (AutoCloseableReadWriteLock.java:logLocking(65)) -   s1@group-B24AF063D807: readLock RELEASED 1 by SegmentedRaftLogCache$LogSegmentList.size
2022-08-08 17:04:52,152 [Thread-469] TRACE segmented.SegmentedRaftLogCache (AutoCloseableReadWriteLock.java:logLocking(65)) - s1@group-B24AF063D807: readLock RELEASED 0 by SegmentedRaftLogCache.computeTruncateIndices
2022-08-08 17:04:52,152 [Thread-469] DEBUG raftlog.RaftLog (SegmentedRaftLog.java:appendImpl(447)) - truncateIndex=-1, arrayIndex=0
2022-08-08 17:04:52,153 [Thread-469] TRACE segmented.SegmentedRaftLogCache (AutoCloseableReadWriteLock.java:logLocking(65)) - s1@group-B24AF063D807: readLock ACQUIRED 1 by SegmentedRaftLogCache$LogSegmentList.countCached
2022-08-08 17:04:52,153 [Thread-469] TRACE segmented.SegmentedRaftLogCache (AutoCloseableReadWriteLock.java:logLocking(65)) - s1@group-B24AF063D807: readLock RELEASED 0 by SegmentedRaftLogCache$LogSegmentList.countCached
2022-08-08 17:04:52,153 [Thread-469] TRACE segmented.SegmentedRaftLogCache (AutoCloseableReadWriteLock.java:logLocking(65)) - s1@group-B24AF063D807: readLock ACQUIRED 1 by SegmentedRaftLogCache$LogSegmentList.getTotalCacheSize
2022-08-08 17:04:52,153 [Thread-469] TRACE segmented.SegmentedRaftLogCache (AutoCloseableReadWriteLock.java:logLocking(65)) - s1@group-B24AF063D807: readLock RELEASED 0 by SegmentedRaftLogCache$LogSegmentList.getTotalCacheSize
2022-08-08 17:04:52,153 [Thread-469] DEBUG segmented.SegmentedRaftLogWorker (SegmentedRaftLogWorker.java:addIOTask(270)) - s1@group-B24AF063D807-SegmentedRaftLogWorker adds IO task WriteLog:36: (t:1, i:36), METADATAENTRY(c:35)
2022-08-08 17:04:52,153 [Thread-469] TRACE segmented.SegmentedRaftLogCache (AutoCloseableReadWriteLock.java:logLocking(65)) - s1@group-B24AF063D807: readLock ACQUIRED 1 by SegmentedRaftLogCache.getLastTermIndex
2022-08-08 17:04:52,153 [Thread-469] TRACE segmented.SegmentedRaftLogCache (AutoCloseableReadWriteLock.java:logLocking(65)) - s1@group-B24AF063D807: readLock RELEASED 0 by SegmentedRaftLogCache.getLastTermIndex
2022-08-08 17:04:52,153 [Thread-469] TRACE segmented.SegmentedRaftLogCache (AutoCloseableReadWriteLock.java:logLocking(65)) - s1@group-B24AF063D807: readLock ACQUIRED 1 by SegmentedRaftLogCache$LogSegmentList.countCached
2022-08-08 17:04:52,153 [Thread-469] TRACE segmented.SegmentedRaftLogCache (AutoCloseableReadWriteLock.java:logLocking(65)) - s1@group-B24AF063D807: readLock RELEASED 0 by SegmentedRaftLogCache$LogSegmentList.countCached
2022-08-08 17:04:52,153 [Thread-469] TRACE segmented.SegmentedRaftLogCache (AutoCloseableReadWriteLock.java:logLocking(65)) - s1@group-B24AF063D807: readLock ACQUIRED 1 by SegmentedRaftLogCache$LogSegmentList.getTotalCacheSize
2022-08-08 17:04:52,153 [Thread-469] TRACE segmented.SegmentedRaftLogCache (AutoCloseableReadWriteLock.java:logLocking(65)) - s1@group-B24AF063D807: readLock RELEASED 0 by SegmentedRaftLogCache$LogSegmentList.getTotalCacheSize
2022-08-08 17:04:52,153 [Thread-469] DEBUG segmented.SegmentedRaftLogWorker (SegmentedRaftLogWorker.java:addIOTask(270)) - s1@group-B24AF063D807-SegmentedRaftLogWorker adds IO task WriteLog:37: (t:1, i:37), STATEMACHINELOGENTRY, StateMachineLogEntryProto:214@client-73FEC95B6FDB
2022-08-08 17:04:52,153 [s1@group-B24AF063D807-SegmentedRaftLogWorker] DEBUG segmented.SegmentedRaftLogWorker (SegmentedRaftLogWorker.java:flushIfNecessary(365)) - s1@group-B24AF063D807-SegmentedRaftLogWorker: flush SegmentedRaftLogOutputStream(/home/runner/work/ratis/ratis/ratis-test/target/test/data/b051e71b/MiniRaftClusterWithSimulatedRpc1ec78f08/s1/0d1e7fc9-4c77-451a-91df-b24af063d807/current/log_inprogress_0)
2022-08-08 17:04:52,154 [s1@group-B24AF063D807-StateMachineUpdater] INFO  statemachine.SimpleStateMachine4Testing (SimpleStateMachine4Testing.java:put(204)) - s1: put 35, m17 -> (t:1, i:35), STATEMACHINELOGENTRY, 211@client-73FEC95B6FDB
2022-08-08 17:04:52,154 [s2@group-B24AF063D807->s1-LogAppenderDefault-LogAppenderDaemon] TRACE segmented.SegmentedRaftLogCache (AutoCloseableReadWriteLock.java:logLocking(65)) - s2@group-B24AF063D807: readLock ACQUIRED 1 by SegmentedRaftLogCache.getLastTermIndex
2022-08-08 17:04:52,154 [s2@group-B24AF063D807->s1-LogAppenderDefault-LogAppenderDaemon] TRACE segmented.SegmentedRaftLogCache (AutoCloseableReadWriteLock.java:logLocking(65)) - s2@group-B24AF063D807: readLock RELEASED 0 by SegmentedRaftLogCache.getLastTermIndex
2022-08-08 17:04:52,154 [s2@group-B24AF063D807-LeaderStateImpl] TRACE segmented.SegmentedRaftLogCache (AutoCloseableReadWriteLock.java:logLocking(65)) - s2@group-B24AF063D807: readLock ACQUIRED 1 by SegmentedRaftLogCache.getStartIndex
2022-08-08 17:04:52,154 [s2@group-B24AF063D807-LeaderStateImpl] TRACE segmented.SegmentedRaftLogCache (AutoCloseableReadWriteLock.java:logLocking(65)) -   s2@group-B24AF063D807: readLock ACQUIRED 2 by SegmentedRaftLogCache$LogSegmentList.isEmpty
2022-08-08 17:04:52,154 [s2@group-B24AF063D807-LeaderStateImpl] TRACE segmented.SegmentedRaftLogCache (AutoCloseableReadWriteLock.java:logLocking(65)) -   s2@group-B24AF063D807: readLock RELEASED 1 by SegmentedRaftLogCache$LogSegmentList.isEmpty
2022-08-08 17:04:52,154 [s2@group-B24AF063D807-LeaderStateImpl] TRACE segmented.SegmentedRaftLogCache (AutoCloseableReadWriteLock.java:logLocking(65)) - s2@group-B24AF063D807: readLock RELEASED 0 by SegmentedRaftLogCache.getStartIndex
2022-08-08 17:04:52,154 [s2@group-B24AF063D807-LeaderStateImpl] TRACE segmented.SegmentedRaftLogCache (AutoCloseableReadWriteLock.java:logLocking(65)) - s2@group-B24AF063D807: readLock ACQUIRED 1 by SegmentedRaftLogCache.getEndIndex
2022-08-08 17:04:52,154 [s2@group-B24AF063D807-LeaderStateImpl] TRACE segmented.SegmentedRaftLogCache (AutoCloseableReadWriteLock.java:logLocking(65)) - s2@group-B24AF063D807: readLock RELEASED 0 by SegmentedRaftLogCache.getEndIndex
2022-08-08 17:04:52,154 [s2@group-B24AF063D807-LeaderStateImpl] TRACE segmented.SegmentedRaftLogCache (AutoCloseableReadWriteLock.java:logLocking(65)) - s2@group-B24AF063D807: readLock ACQUIRED 1 by SegmentedRaftLogCache$LogSegmentList.getTermIndex
2022-08-08 17:04:52,154 [s2@group-B24AF063D807-LeaderStateImpl] TRACE segmented.SegmentedRaftLogCache (AutoCloseableReadWriteLock.java:logLocking(65)) - s2@group-B24AF063D807: readLock RELEASED 0 by SegmentedRaftLogCache$LogSegmentList.getTermIndex
2022-08-08 17:04:52,154 [s2@group-B24AF063D807-StateMachineUpdater] INFO  statemachine.SimpleStateMachine4Testing (SimpleStateMachine4Testing.java:put(204)) - s2: put 37, m18 -> (t:1, i:37), STATEMACHINELOGENTRY, 214@client-73FEC95B6FDB
2022-08-08 17:04:52,155 [s2@group-B24AF063D807-LeaderStateImpl] TRACE segmented.SegmentedRaftLogCache (AutoCloseableReadWriteLock.java:logLocking(65)) - s2@group-B24AF063D807: readLock ACQUIRED 1 by SegmentedRaftLogCache.getLastTermIndex
2022-08-08 17:04:52,155 [s2@group-B24AF063D807-LeaderStateImpl] TRACE segmented.SegmentedRaftLogCache (AutoCloseableReadWriteLock.java:logLocking(65)) - s2@group-B24AF063D807: readLock RELEASED 0 by SegmentedRaftLogCache.getLastTermIndex
2022-08-08 17:04:52,155 [s0@group-B24AF063D807-StateMachineUpdater] INFO  statemachine.SimpleStateMachine4Testing (SimpleStateMachine4Testing.java:put(204)) - s0: put 33, m16 -> (t:1, i:33), STATEMACHINELOGENTRY, 208@client-73FEC95B6FDB
2022-08-08 17:04:52,155 [s0@group-B24AF063D807-StateMachineUpdater] INFO  statemachine.SimpleStateMachine4Testing (SimpleStateMachine4Testing.java:put(204)) - s0: put 35, m17 -> (t:1, i:35), STATEMACHINELOGENTRY, 211@client-73FEC95B6FDB
2022-08-08 17:04:52,155 [s2@group-B24AF063D807-LeaderStateImpl] TRACE segmented.SegmentedRaftLogCache (AutoCloseableReadWriteLock.java:logLocking(65)) - s2@group-B24AF063D807: readLock ACQUIRED 1 by SegmentedRaftLogCache$LogSegmentList.countCached
2022-08-08 17:04:52,155 [s2@group-B24AF063D807-LeaderStateImpl] TRACE segmented.SegmentedRaftLogCache (AutoCloseableReadWriteLock.java:logLocking(65)) - s2@group-B24AF063D807: readLock RELEASED 0 by SegmentedRaftLogCache$LogSegmentList.countCached
2022-08-08 17:04:52,155 [s2@group-B24AF063D807-LeaderStateImpl] TRACE segmented.SegmentedRaftLogCache (AutoCloseableReadWriteLock.java:logLocking(65)) - s2@group-B24AF063D807: readLock ACQUIRED 1 by SegmentedRaftLogCache$LogSegmentList.getTotalCacheSize
2022-08-08 17:04:52,156 [s2@group-B24AF063D807-LeaderStateImpl] TRACE segmented.SegmentedRaftLogCache (AutoCloseableReadWriteLock.java:logLocking(65)) - s2@group-B24AF063D807: readLock RELEASED 0 by SegmentedRaftLogCache$LogSegmentList.getTotalCacheSize
2022-08-08 17:04:52,156 [s2@group-B24AF063D807-LeaderStateImpl] DEBUG segmented.SegmentedRaftLogWorker (SegmentedRaftLogWorker.java:addIOTask(270)) - s2@group-B24AF063D807-SegmentedRaftLogWorker adds IO task WriteLog:38: (t:1, i:38), METADATAENTRY(c:37)
2022-08-08 17:04:52,156 [s2@group-B24AF063D807-SegmentedRaftLogWorker] DEBUG segmented.SegmentedRaftLogWorker (SegmentedRaftLogWorker.java:flushIfNecessary(365)) - s2@group-B24AF063D807-SegmentedRaftLogWorker: flush SegmentedRaftLogOutputStream(/home/runner/work/ratis/ratis/ratis-test/target/test/data/b051e71b/MiniRaftClusterWithSimulatedRpc1ec78f08/s2/0d1e7fc9-4c77-451a-91df-b24af063d807/current/log_inprogress_0)
2022-08-08 17:04:52,156 [s2@group-B24AF063D807->s0-LogAppenderDefault-LogAppenderDaemon] TRACE segmented.SegmentedRaftLogCache (AutoCloseableReadWriteLock.java:logLocking(65)) - s2@group-B24AF063D807: readLock ACQUIRED 1 by SegmentedRaftLogCache.getLastTermIndex
2022-08-08 17:04:52,156 [s2@group-B24AF063D807->s0-LogAppenderDefault-LogAppenderDaemon] TRACE segmented.SegmentedRaftLogCache (AutoCloseableReadWriteLock.java:logLocking(65)) - s2@group-B24AF063D807: readLock RELEASED 0 by SegmentedRaftLogCache.getLastTermIndex
2022-08-08 17:04:52,156 [s2@group-B24AF063D807->s0-LogAppenderDefault-LogAppenderDaemon] TRACE segmented.SegmentedRaftLogCache (AutoCloseableReadWriteLock.java:logLocking(65)) - s2@group-B24AF063D807: readLock ACQUIRED 1 by SegmentedRaftLogCache.getLastTermIndex
2022-08-08 17:04:52,156 [s2@group-B24AF063D807->s0-LogAppenderDefault-LogAppenderDaemon] TRACE segmented.SegmentedRaftLogCache (AutoCloseableReadWriteLock.java:logLocking(65)) - s2@group-B24AF063D807: readLock RELEASED 0 by SegmentedRaftLogCache.getLastTermIndex
2022-08-08 17:04:52,156 [s2@group-B24AF063D807->s0-LogAppenderDefault-LogAppenderDaemon] TRACE segmented.SegmentedRaftLogCache (AutoCloseableReadWriteLock.java:logLocking(65)) - s2@group-B24AF063D807: readLock ACQUIRED 1 by SegmentedRaftLogCache.getLastTermIndex
2022-08-08 17:04:52,157 [s2@group-B24AF063D807->s0-LogAppenderDefault-LogAppenderDaemon] TRACE segmented.SegmentedRaftLogCache (AutoCloseableReadWriteLock.java:logLocking(65)) - s2@group-B24AF063D807: readLock RELEASED 0 by SegmentedRaftLogCache.getLastTermIndex
2022-08-08 17:04:52,157 [s2@group-B24AF063D807->s0-LogAppenderDefault-LogAppenderDaemon] TRACE segmented.SegmentedRaftLogCache (AutoCloseableReadWriteLock.java:logLocking(65)) - s2@group-B24AF063D807: readLock ACQUIRED 1 by SegmentedRaftLogCache.getStartIndex
2022-08-08 17:04:52,157 [s2@group-B24AF063D807->s0-LogAppenderDefault-LogAppenderDaemon] TRACE segmented.SegmentedRaftLogCache (AutoCloseableReadWriteLock.java:logLocking(65)) -   s2@group-B24AF063D807: readLock ACQUIRED 2 by SegmentedRaftLogCache$LogSegmentList.isEmpty
2022-08-08 17:04:52,157 [s2@group-B24AF063D807->s0-LogAppenderDefault-LogAppenderDaemon] TRACE segmented.SegmentedRaftLogCache (AutoCloseableReadWriteLock.java:logLocking(65)) -   s2@group-B24AF063D807: readLock RELEASED 1 by SegmentedRaftLogCache$LogSegmentList.isEmpty
2022-08-08 17:04:52,157 [s2@group-B24AF063D807->s0-LogAppenderDefault-LogAppenderDaemon] TRACE segmented.SegmentedRaftLogCache (AutoCloseableReadWriteLock.java:logLocking(65)) - s2@group-B24AF063D807: readLock RELEASED 0 by SegmentedRaftLogCache.getStartIndex
2022-08-08 17:04:52,157 [s2@group-B24AF063D807->s0-LogAppenderDefault-LogAppenderDaemon] TRACE segmented.SegmentedRaftLogCache (AutoCloseableReadWriteLock.java:logLocking(65)) - s2@group-B24AF063D807: readLock ACQUIRED 1 by SegmentedRaftLogCache.getLastTermIndex
2022-08-08 17:04:52,157 [s2@group-B24AF063D807->s0-LogAppenderDefault-LogAppenderDaemon] TRACE segmented.SegmentedRaftLogCache (AutoCloseableReadWriteLock.java:logLocking(65)) - s2@group-B24AF063D807: readLock RELEASED 0 by SegmentedRaftLogCache.getLastTermIndex
2022-08-08 17:04:52,157 [Thread-514] TRACE segmented.SegmentedRaftLogCache (AutoCloseableReadWriteLock.java:logLocking(65)) - s0@group-B24AF063D807: readLock ACQUIRED 1 by SegmentedRaftLogCache.computeTruncateIndices
2022-08-08 17:04:52,157 [Thread-514] TRACE segmented.SegmentedRaftLogCache (AutoCloseableReadWriteLock.java:logLocking(65)) -   s0@group-B24AF063D807: readLock ACQUIRED 2 by SegmentedRaftLogCache$LogSegmentList.binarySearch
2022-08-08 17:04:52,157 [Thread-514] TRACE segmented.SegmentedRaftLogCache (AutoCloseableReadWriteLock.java:logLocking(65)) -   s0@group-B24AF063D807: readLock RELEASED 1 by SegmentedRaftLogCache$LogSegmentList.binarySearch
2022-08-08 17:04:52,157 [Thread-514] TRACE segmented.SegmentedRaftLogCache (AutoCloseableReadWriteLock.java:logLocking(65)) -   s0@group-B24AF063D807: readLock ACQUIRED 2 by SegmentedRaftLogCache$LogSegmentList.size
2022-08-08 17:04:52,157 [Thread-514] TRACE segmented.SegmentedRaftLogCache (AutoCloseableReadWriteLock.java:logLocking(65)) -   s0@group-B24AF063D807: readLock RELEASED 1 by SegmentedRaftLogCache$LogSegmentList.size
2022-08-08 17:04:52,157 [Thread-514] TRACE segmented.SegmentedRaftLogCache (AutoCloseableReadWriteLock.java:logLocking(65)) - s0@group-B24AF063D807: readLock RELEASED 0 by SegmentedRaftLogCache.computeTruncateIndices
2022-08-08 17:04:52,157 [Thread-514] DEBUG raftlog.RaftLog (SegmentedRaftLog.java:appendImpl(447)) - truncateIndex=-1, arrayIndex=0
2022-08-08 17:04:52,157 [Thread-514] TRACE segmented.SegmentedRaftLogCache (AutoCloseableReadWriteLock.java:logLocking(65)) - s0@group-B24AF063D807: readLock ACQUIRED 1 by SegmentedRaftLogCache$LogSegmentList.countCached
2022-08-08 17:04:52,157 [Thread-514] TRACE segmented.SegmentedRaftLogCache (AutoCloseableReadWriteLock.java:logLocking(65)) - s0@group-B24AF063D807: readLock RELEASED 0 by SegmentedRaftLogCache$LogSegmentList.countCached
2022-08-08 17:04:52,157 [Thread-514] TRACE segmented.SegmentedRaftLogCache (AutoCloseableReadWriteLock.java:logLocking(65)) - s0@group-B24AF063D807: readLock ACQUIRED 1 by SegmentedRaftLogCache$LogSegmentList.getTotalCacheSize
2022-08-08 17:04:52,157 [Thread-514] TRACE segmented.SegmentedRaftLogCache (AutoCloseableReadWriteLock.java:logLocking(65)) - s0@group-B24AF063D807: readLock RELEASED 0 by SegmentedRaftLogCache$LogSegmentList.getTotalCacheSize
2022-08-08 17:04:52,157 [Thread-514] DEBUG segmented.SegmentedRaftLogWorker (SegmentedRaftLogWorker.java:addIOTask(270)) - s0@group-B24AF063D807-SegmentedRaftLogWorker adds IO task WriteLog:36: (t:1, i:36), METADATAENTRY(c:35)
2022-08-08 17:04:52,157 [Thread-514] TRACE segmented.SegmentedRaftLogCache (AutoCloseableReadWriteLock.java:logLocking(65)) - s0@group-B24AF063D807: readLock ACQUIRED 1 by SegmentedRaftLogCache.getLastTermIndex
2022-08-08 17:04:52,157 [Thread-514] TRACE segmented.SegmentedRaftLogCache (AutoCloseableReadWriteLock.java:logLocking(65)) - s0@group-B24AF063D807: readLock RELEASED 0 by SegmentedRaftLogCache.getLastTermIndex
2022-08-08 17:04:52,158 [Thread-514] TRACE segmented.SegmentedRaftLogCache (AutoCloseableReadWriteLock.java:logLocking(65)) - s0@group-B24AF063D807: readLock ACQUIRED 1 by SegmentedRaftLogCache$LogSegmentList.countCached
2022-08-08 17:04:52,158 [Thread-514] TRACE segmented.SegmentedRaftLogCache (AutoCloseableReadWriteLock.java:logLocking(65)) - s0@group-B24AF063D807: readLock RELEASED 0 by SegmentedRaftLogCache$LogSegmentList.countCached
2022-08-08 17:04:52,158 [Thread-514] TRACE segmented.SegmentedRaftLogCache (AutoCloseableReadWriteLock.java:logLocking(65)) - s0@group-B24AF063D807: readLock ACQUIRED 1 by SegmentedRaftLogCache$LogSegmentList.getTotalCacheSize
2022-08-08 17:04:52,158 [Thread-514] TRACE segmented.SegmentedRaftLogCache (AutoCloseableReadWriteLock.java:logLocking(65)) - s0@group-B24AF063D807: readLock RELEASED 0 by SegmentedRaftLogCache$LogSegmentList.getTotalCacheSize
2022-08-08 17:04:52,158 [Thread-514] DEBUG segmented.SegmentedRaftLogWorker (SegmentedRaftLogWorker.java:addIOTask(270)) - s0@group-B24AF063D807-SegmentedRaftLogWorker adds IO task WriteLog:37: (t:1, i:37), STATEMACHINELOGENTRY, StateMachineLogEntryProto:214@client-73FEC95B6FDB
2022-08-08 17:04:52,158 [Thread-514] TRACE segmented.SegmentedRaftLogCache (AutoCloseableReadWriteLock.java:logLocking(65)) - s0@group-B24AF063D807: readLock ACQUIRED 1 by SegmentedRaftLogCache$LogSegmentList.countCached
2022-08-08 17:04:52,158 [Thread-514] TRACE segmented.SegmentedRaftLogCache (AutoCloseableReadWriteLock.java:logLocking(65)) - s0@group-B24AF063D807: readLock RELEASED 0 by SegmentedRaftLogCache$LogSegmentList.countCached
2022-08-08 17:04:52,158 [Thread-514] TRACE segmented.SegmentedRaftLogCache (AutoCloseableReadWriteLock.java:logLocking(65)) - s0@group-B24AF063D807: readLock ACQUIRED 1 by SegmentedRaftLogCache$LogSegmentList.getTotalCacheSize
2022-08-08 17:04:52,158 [Thread-514] TRACE segmented.SegmentedRaftLogCache (AutoCloseableReadWriteLock.java:logLocking(65)) - s0@group-B24AF063D807: readLock RELEASED 0 by SegmentedRaftLogCache$LogSegmentList.getTotalCacheSize
2022-08-08 17:04:52,158 [Thread-514] DEBUG segmented.SegmentedRaftLogWorker (SegmentedRaftLogWorker.java:addIOTask(270)) - s0@group-B24AF063D807-SegmentedRaftLogWorker adds IO task WriteLog:38: (t:1, i:38), METADATAENTRY(c:37)
2022-08-08 17:04:52,158 [s0@group-B24AF063D807-SegmentedRaftLogWorker] DEBUG segmented.SegmentedRaftLogWorker (SegmentedRaftLogWorker.java:flushIfNecessary(365)) - s0@group-B24AF063D807-SegmentedRaftLogWorker: flush SegmentedRaftLogOutputStream(/home/runner/work/ratis/ratis/ratis-test/target/test/data/b051e71b/MiniRaftClusterWithSimulatedRpc1ec78f08/s0/0d1e7fc9-4c77-451a-91df-b24af063d807/current/log_inprogress_0)
2022-08-08 17:04:52,158 [s2@group-B24AF063D807->s1-LogAppenderDefault-LogAppenderDaemon] TRACE segmented.SegmentedRaftLogCache (AutoCloseableReadWriteLock.java:logLocking(65)) - s2@group-B24AF063D807: readLock ACQUIRED 1 by SegmentedRaftLogCache.getLastTermIndex
2022-08-08 17:04:52,158 [s2@group-B24AF063D807->s1-LogAppenderDefault-LogAppenderDaemon] TRACE segmented.SegmentedRaftLogCache (AutoCloseableReadWriteLock.java:logLocking(65)) - s2@group-B24AF063D807: readLock RELEASED 0 by SegmentedRaftLogCache.getLastTermIndex
2022-08-08 17:04:52,158 [s2@group-B24AF063D807->s1-LogAppenderDefault-LogAppenderDaemon] TRACE segmented.SegmentedRaftLogCache (AutoCloseableReadWriteLock.java:logLocking(65)) - s2@group-B24AF063D807: readLock ACQUIRED 1 by SegmentedRaftLogCache.getLastTermIndex
2022-08-08 17:04:52,159 [s2@group-B24AF063D807->s1-LogAppenderDefault-LogAppenderDaemon] TRACE segmented.SegmentedRaftLogCache (AutoCloseableReadWriteLock.java:logLocking(65)) - s2@group-B24AF063D807: readLock RELEASED 0 by SegmentedRaftLogCache.getLastTermIndex
2022-08-08 17:04:52,159 [s2@group-B24AF063D807->s0-LogAppenderDefault-LogAppenderDaemon] TRACE segmented.SegmentedRaftLogCache (AutoCloseableReadWriteLock.java:logLocking(65)) - s2@group-B24AF063D807: readLock ACQUIRED 1 by SegmentedRaftLogCache.getLastTermIndex
2022-08-08 17:04:52,159 [s2@group-B24AF063D807->s0-LogAppenderDefault-LogAppenderDaemon] TRACE segmented.SegmentedRaftLogCache (AutoCloseableReadWriteLock.java:logLocking(65)) - s2@group-B24AF063D807: readLock RELEASED 0 by SegmentedRaftLogCache.getLastTermIndex
2022-08-08 17:04:52,159 [s0@group-B24AF063D807-StateMachineUpdater] INFO  statemachine.SimpleStateMachine4Testing (SimpleStateMachine4Testing.java:put(204)) - s0: put 37, m18 -> (t:1, i:37), STATEMACHINELOGENTRY, 214@client-73FEC95B6FDB
2022-08-08 17:04:52,159 [s2@group-B24AF063D807->s1-LogAppenderDefault-LogAppenderDaemon] TRACE segmented.SegmentedRaftLogCache (AutoCloseableReadWriteLock.java:logLocking(65)) - s2@group-B24AF063D807: readLock ACQUIRED 1 by SegmentedRaftLogCache.getStartIndex
2022-08-08 17:04:52,159 [s2@group-B24AF063D807->s1-LogAppenderDefault-LogAppenderDaemon] TRACE segmented.SegmentedRaftLogCache (AutoCloseableReadWriteLock.java:logLocking(65)) -   s2@group-B24AF063D807: readLock ACQUIRED 2 by SegmentedRaftLogCache$LogSegmentList.isEmpty
2022-08-08 17:04:52,159 [s2@group-B24AF063D807->s1-LogAppenderDefault-LogAppenderDaemon] TRACE segmented.SegmentedRaftLogCache (AutoCloseableReadWriteLock.java:logLocking(65)) -   s2@group-B24AF063D807: readLock RELEASED 1 by SegmentedRaftLogCache$LogSegmentList.isEmpty
2022-08-08 17:04:52,159 [s2@group-B24AF063D807->s1-LogAppenderDefault-LogAppenderDaemon] TRACE segmented.SegmentedRaftLogCache (AutoCloseableReadWriteLock.java:logLocking(65)) - s2@group-B24AF063D807: readLock RELEASED 0 by SegmentedRaftLogCache.getStartIndex
2022-08-08 17:04:52,159 [s2@group-B24AF063D807->s1-LogAppenderDefault-LogAppenderDaemon] TRACE segmented.SegmentedRaftLogCache (AutoCloseableReadWriteLock.java:logLocking(65)) - s2@group-B24AF063D807: readLock ACQUIRED 1 by SegmentedRaftLogCache.getLastTermIndex
2022-08-08 17:04:52,159 [s2@group-B24AF063D807->s1-LogAppenderDefault-LogAppenderDaemon] TRACE segmented.SegmentedRaftLogCache (AutoCloseableReadWriteLock.java:logLocking(65)) - s2@group-B24AF063D807: readLock RELEASED 0 by SegmentedRaftLogCache.getLastTermIndex
2022-08-08 17:04:52,159 [Thread-467] TRACE segmented.SegmentedRaftLogCache (AutoCloseableReadWriteLock.java:logLocking(65)) - s1@group-B24AF063D807: readLock ACQUIRED 1 by SegmentedRaftLogCache.computeTruncateIndices
2022-08-08 17:04:52,159 [Thread-467] TRACE segmented.SegmentedRaftLogCache (AutoCloseableReadWriteLock.java:logLocking(65)) -   s1@group-B24AF063D807: readLock ACQUIRED 2 by SegmentedRaftLogCache$LogSegmentList.binarySearch
2022-08-08 17:04:52,160 [Thread-467] TRACE segmented.SegmentedRaftLogCache (AutoCloseableReadWriteLock.java:logLocking(65)) -   s1@group-B24AF063D807: readLock RELEASED 1 by SegmentedRaftLogCache$LogSegmentList.binarySearch
2022-08-08 17:04:52,160 [Thread-467] TRACE segmented.SegmentedRaftLogCache (AutoCloseableReadWriteLock.java:logLocking(65)) -   s1@group-B24AF063D807: readLock ACQUIRED 2 by SegmentedRaftLogCache$LogSegmentList.size
2022-08-08 17:04:52,160 [Thread-467] TRACE segmented.SegmentedRaftLogCache (AutoCloseableReadWriteLock.java:logLocking(65)) -   s1@group-B24AF063D807: readLock RELEASED 1 by SegmentedRaftLogCache$LogSegmentList.size
2022-08-08 17:04:52,160 [Thread-467] TRACE segmented.SegmentedRaftLogCache (AutoCloseableReadWriteLock.java:logLocking(65)) - s1@group-B24AF063D807: readLock RELEASED 0 by SegmentedRaftLogCache.computeTruncateIndices
2022-08-08 17:04:52,160 [Thread-467] DEBUG raftlog.RaftLog (SegmentedRaftLog.java:appendImpl(447)) - truncateIndex=-1, arrayIndex=0
2022-08-08 17:04:52,160 [Thread-467] TRACE segmented.SegmentedRaftLogCache (AutoCloseableReadWriteLock.java:logLocking(65)) - s1@group-B24AF063D807: readLock ACQUIRED 1 by SegmentedRaftLogCache$LogSegmentList.countCached
2022-08-08 17:04:52,160 [Thread-467] TRACE segmented.SegmentedRaftLogCache (AutoCloseableReadWriteLock.java:logLocking(65)) - s1@group-B24AF063D807: readLock RELEASED 0 by SegmentedRaftLogCache$LogSegmentList.countCached
2022-08-08 17:04:52,160 [Thread-467] TRACE segmented.SegmentedRaftLogCache (AutoCloseableReadWriteLock.java:logLocking(65)) - s1@group-B24AF063D807: readLock ACQUIRED 1 by SegmentedRaftLogCache$LogSegmentList.getTotalCacheSize
2022-08-08 17:04:52,160 [Thread-467] TRACE segmented.SegmentedRaftLogCache (AutoCloseableReadWriteLock.java:logLocking(65)) - s1@group-B24AF063D807: readLock RELEASED 0 by SegmentedRaftLogCache$LogSegmentList.getTotalCacheSize
2022-08-08 17:04:52,160 [Thread-467] DEBUG segmented.SegmentedRaftLogWorker (SegmentedRaftLogWorker.java:addIOTask(270)) - s1@group-B24AF063D807-SegmentedRaftLogWorker adds IO task WriteLog:38: (t:1, i:38), METADATAENTRY(c:37)
2022-08-08 17:04:52,160 [s1@group-B24AF063D807-SegmentedRaftLogWorker] DEBUG segmented.SegmentedRaftLogWorker (SegmentedRaftLogWorker.java:flushIfNecessary(365)) - s1@group-B24AF063D807-SegmentedRaftLogWorker: flush SegmentedRaftLogOutputStream(/home/runner/work/ratis/ratis/ratis-test/target/test/data/b051e71b/MiniRaftClusterWithSimulatedRpc1ec78f08/s1/0d1e7fc9-4c77-451a-91df-b24af063d807/current/log_inprogress_0)
2022-08-08 17:04:52,160 [s2@group-B24AF063D807->s0-LogAppenderDefault-LogAppenderDaemon] TRACE segmented.SegmentedRaftLogCache (AutoCloseableReadWriteLock.java:logLocking(65)) - s2@group-B24AF063D807: readLock ACQUIRED 1 by SegmentedRaftLogCache.getLastTermIndex
2022-08-08 17:04:52,160 [s2@group-B24AF063D807->s0-LogAppenderDefault-LogAppenderDaemon] TRACE segmented.SegmentedRaftLogCache (AutoCloseableReadWriteLock.java:logLocking(65)) - s2@group-B24AF063D807: readLock RELEASED 0 by SegmentedRaftLogCache.getLastTermIndex
2022-08-08 17:04:52,160 [s2@group-B24AF063D807->s0-LogAppenderDefault-LogAppenderDaemon] TRACE segmented.SegmentedRaftLogCache (AutoCloseableReadWriteLock.java:logLocking(65)) - s2@group-B24AF063D807: readLock ACQUIRED 1 by SegmentedRaftLogCache.getLastTermIndex
2022-08-08 17:04:52,160 [s2@group-B24AF063D807->s0-LogAppenderDefault-LogAppenderDaemon] TRACE segmented.SegmentedRaftLogCache (AutoCloseableReadWriteLock.java:logLocking(65)) - s2@group-B24AF063D807: readLock RELEASED 0 by SegmentedRaftLogCache.getLastTermIndex
2022-08-08 17:04:52,160 [s2@group-B24AF063D807->s0-LogAppenderDefault-LogAppenderDaemon] TRACE segmented.SegmentedRaftLogCache (AutoCloseableReadWriteLock.java:logLocking(65)) - s2@group-B24AF063D807: readLock ACQUIRED 1 by SegmentedRaftLogCache.getLastTermIndex
2022-08-08 17:04:52,160 [s2@group-B24AF063D807->s0-LogAppenderDefault-LogAppenderDaemon] TRACE segmented.SegmentedRaftLogCache (AutoCloseableReadWriteLock.java:logLocking(65)) - s2@group-B24AF063D807: readLock RELEASED 0 by SegmentedRaftLogCache.getLastTermIndex
2022-08-08 17:04:52,160 [s2@group-B24AF063D807->s0-LogAppenderDefault-LogAppenderDaemon] TRACE segmented.SegmentedRaftLogCache (AutoCloseableReadWriteLock.java:logLocking(65)) - s2@group-B24AF063D807: readLock ACQUIRED 1 by SegmentedRaftLogCache.getLastTermIndex
2022-08-08 17:04:52,160 [s2@group-B24AF063D807->s0-LogAppenderDefault-LogAppenderDaemon] TRACE segmented.SegmentedRaftLogCache (AutoCloseableReadWriteLock.java:logLocking(65)) - s2@group-B24AF063D807: readLock RELEASED 0 by SegmentedRaftLogCache.getLastTermIndex
2022-08-08 17:04:52,161 [s1@group-B24AF063D807-StateMachineUpdater] INFO  statemachine.SimpleStateMachine4Testing (SimpleStateMachine4Testing.java:put(204)) - s1: put 37, m18 -> (t:1, i:37), STATEMACHINELOGENTRY, 214@client-73FEC95B6FDB
2022-08-08 17:04:52,161 [s2@group-B24AF063D807->s0-LogAppenderDefault-LogAppenderDaemon] TRACE segmented.SegmentedRaftLogCache (AutoCloseableReadWriteLock.java:logLocking(65)) - s2@group-B24AF063D807: readLock ACQUIRED 1 by SegmentedRaftLogCache.getLastTermIndex
2022-08-08 17:04:52,161 [s2@group-B24AF063D807->s0-LogAppenderDefault-LogAppenderDaemon] TRACE segmented.SegmentedRaftLogCache (AutoCloseableReadWriteLock.java:logLocking(65)) - s2@group-B24AF063D807: readLock RELEASED 0 by SegmentedRaftLogCache.getLastTermIndex
2022-08-08 17:04:52,161 [s2@group-B24AF063D807->s0-LogAppenderDefault-LogAppenderDaemon] TRACE segmented.SegmentedRaftLogCache (AutoCloseableReadWriteLock.java:logLocking(65)) - s2@group-B24AF063D807: readLock ACQUIRED 1 by SegmentedRaftLogCache.getLastTermIndex
2022-08-08 17:04:52,161 [s2@group-B24AF063D807->s0-LogAppenderDefault-LogAppenderDaemon] TRACE segmented.SegmentedRaftLogCache (AutoCloseableReadWriteLock.java:logLocking(65)) - s2@group-B24AF063D807: readLock RELEASED 0 by SegmentedRaftLogCache.getLastTermIndex
2022-08-08 17:04:52,161 [s2@group-B24AF063D807->s1-LogAppenderDefault-LogAppenderDaemon] TRACE segmented.SegmentedRaftLogCache (AutoCloseableReadWriteLock.java:logLocking(65)) - s2@group-B24AF063D807: readLock ACQUIRED 1 by SegmentedRaftLogCache.getLastTermIndex
2022-08-08 17:04:52,161 [s2@group-B24AF063D807->s1-LogAppenderDefault-LogAppenderDaemon] TRACE segmented.SegmentedRaftLogCache (AutoCloseableReadWriteLock.java:logLocking(65)) - s2@group-B24AF063D807: readLock RELEASED 0 by SegmentedRaftLogCache.getLastTermIndex
2022-08-08 17:04:52,161 [s2@group-B24AF063D807->s1-LogAppenderDefault-LogAppenderDaemon] TRACE segmented.SegmentedRaftLogCache (AutoCloseableReadWriteLock.java:logLocking(65)) - s2@group-B24AF063D807: readLock ACQUIRED 1 by SegmentedRaftLogCache.getLastTermIndex
2022-08-08 17:04:52,161 [s2@group-B24AF063D807->s1-LogAppenderDefault-LogAppenderDaemon] TRACE segmented.SegmentedRaftLogCache (AutoCloseableReadWriteLock.java:logLocking(65)) - s2@group-B24AF063D807: readLock RELEASED 0 by SegmentedRaftLogCache.getLastTermIndex
2022-08-08 17:04:52,161 [s2@group-B24AF063D807->s1-LogAppenderDefault-LogAppenderDaemon] TRACE segmented.SegmentedRaftLogCache (AutoCloseableReadWriteLock.java:logLocking(65)) - s2@group-B24AF063D807: readLock ACQUIRED 1 by SegmentedRaftLogCache.getLastTermIndex
2022-08-08 17:04:52,161 [s2@group-B24AF063D807->s1-LogAppenderDefault-LogAppenderDaemon] TRACE segmented.SegmentedRaftLogCache (AutoCloseableReadWriteLock.java:logLocking(65)) - s2@group-B24AF063D807: readLock RELEASED 0 by SegmentedRaftLogCache.getLastTermIndex
2022-08-08 17:04:52,161 [s2-client-thread1] TRACE segmented.SegmentedRaftLogCache (AutoCloseableReadWriteLock.java:logLocking(65)) - s2@group-B24AF063D807: readLock ACQUIRED 1 by SegmentedRaftLogCache.getLastTermIndex
2022-08-08 17:04:52,161 [s2-client-thread1] TRACE segmented.SegmentedRaftLogCache (AutoCloseableReadWriteLock.java:logLocking(65)) - s2@group-B24AF063D807: readLock RELEASED 0 by SegmentedRaftLogCache.getLastTermIndex
2022-08-08 17:04:52,161 [s2-client-thread1] TRACE segmented.SegmentedRaftLogCache (AutoCloseableReadWriteLock.java:logLocking(65)) - s2@group-B24AF063D807: readLock ACQUIRED 1 by SegmentedRaftLogCache.getLastTermIndex
2022-08-08 17:04:52,162 [s2-client-thread1] TRACE segmented.SegmentedRaftLogCache (AutoCloseableReadWriteLock.java:logLocking(65)) - s2@group-B24AF063D807: readLock RELEASED 0 by SegmentedRaftLogCache.getLastTermIndex
2022-08-08 17:04:52,162 [s2-client-thread1] TRACE segmented.SegmentedRaftLogCache (AutoCloseableReadWriteLock.java:logLocking(65)) - s2@group-B24AF063D807: readLock ACQUIRED 1 by SegmentedRaftLogCache$LogSegmentList.countCached
2022-08-08 17:04:52,162 [s2-client-thread1] TRACE segmented.SegmentedRaftLogCache (AutoCloseableReadWriteLock.java:logLocking(65)) - s2@group-B24AF063D807: readLock RELEASED 0 by SegmentedRaftLogCache$LogSegmentList.countCached
2022-08-08 17:04:52,162 [s2-client-thread1] TRACE segmented.SegmentedRaftLogCache (AutoCloseableReadWriteLock.java:logLocking(65)) - s2@group-B24AF063D807: readLock ACQUIRED 1 by SegmentedRaftLogCache$LogSegmentList.getTotalCacheSize
2022-08-08 17:04:52,162 [s2-client-thread1] TRACE segmented.SegmentedRaftLogCache (AutoCloseableReadWriteLock.java:logLocking(65)) - s2@group-B24AF063D807: readLock RELEASED 0 by SegmentedRaftLogCache$LogSegmentList.getTotalCacheSize
2022-08-08 17:04:52,162 [s2-client-thread1] DEBUG segmented.SegmentedRaftLogWorker (SegmentedRaftLogWorker.java:addIOTask(270)) - s2@group-B24AF063D807-SegmentedRaftLogWorker adds IO task WriteLog:39: (t:1, i:39), STATEMACHINELOGENTRY, StateMachineLogEntryProto:216@client-73FEC95B6FDB
2022-08-08 17:04:52,162 [s2@group-B24AF063D807->s0-LogAppenderDefault-LogAppenderDaemon] TRACE segmented.SegmentedRaftLogCache (AutoCloseableReadWriteLock.java:logLocking(65)) - s2@group-B24AF063D807: readLock ACQUIRED 1 by SegmentedRaftLogCache.getLastTermIndex
2022-08-08 17:04:52,162 [s2@group-B24AF063D807->s0-LogAppenderDefault-LogAppenderDaemon] TRACE segmented.SegmentedRaftLogCache (AutoCloseableReadWriteLock.java:logLocking(65)) - s2@group-B24AF063D807: readLock RELEASED 0 by SegmentedRaftLogCache.getLastTermIndex
2022-08-08 17:04:52,162 [s2@group-B24AF063D807-SegmentedRaftLogWorker] DEBUG segmented.SegmentedRaftLogWorker (SegmentedRaftLogWorker.java:flushIfNecessary(365)) - s2@group-B24AF063D807-SegmentedRaftLogWorker: flush SegmentedRaftLogOutputStream(/home/runner/work/ratis/ratis/ratis-test/target/test/data/b051e71b/MiniRaftClusterWithSimulatedRpc1ec78f08/s2/0d1e7fc9-4c77-451a-91df-b24af063d807/current/log_inprogress_0)
2022-08-08 17:04:52,162 [s2@group-B24AF063D807->s0-LogAppenderDefault-LogAppenderDaemon] TRACE segmented.SegmentedRaftLogCache (AutoCloseableReadWriteLock.java:logLocking(65)) - s2@group-B24AF063D807: readLock ACQUIRED 1 by SegmentedRaftLogCache.getLastTermIndex
2022-08-08 17:04:52,162 [s2@group-B24AF063D807->s0-LogAppenderDefault-LogAppenderDaemon] TRACE segmented.SegmentedRaftLogCache (AutoCloseableReadWriteLock.java:logLocking(65)) - s2@group-B24AF063D807: readLock RELEASED 0 by SegmentedRaftLogCache.getLastTermIndex
2022-08-08 17:04:52,162 [s2@group-B24AF063D807->s0-LogAppenderDefault-LogAppenderDaemon] TRACE segmented.SegmentedRaftLogCache (AutoCloseableReadWriteLock.java:logLocking(65)) - s2@group-B24AF063D807: readLock ACQUIRED 1 by SegmentedRaftLogCache.getStartIndex
2022-08-08 17:04:52,162 [s2@group-B24AF063D807->s0-LogAppenderDefault-LogAppenderDaemon] TRACE segmented.SegmentedRaftLogCache (AutoCloseableReadWriteLock.java:logLocking(65)) -   s2@group-B24AF063D807: readLock ACQUIRED 2 by SegmentedRaftLogCache$LogSegmentList.isEmpty
2022-08-08 17:04:52,162 [s2@group-B24AF063D807->s0-LogAppenderDefault-LogAppenderDaemon] TRACE segmented.SegmentedRaftLogCache (AutoCloseableReadWriteLock.java:logLocking(65)) -   s2@group-B24AF063D807: readLock RELEASED 1 by SegmentedRaftLogCache$LogSegmentList.isEmpty
2022-08-08 17:04:52,162 [s2@group-B24AF063D807->s0-LogAppenderDefault-LogAppenderDaemon] TRACE segmented.SegmentedRaftLogCache (AutoCloseableReadWriteLock.java:logLocking(65)) - s2@group-B24AF063D807: readLock RELEASED 0 by SegmentedRaftLogCache.getStartIndex
2022-08-08 17:04:52,162 [s2@group-B24AF063D807->s0-LogAppenderDefault-LogAppenderDaemon] TRACE segmented.SegmentedRaftLogCache (AutoCloseableReadWriteLock.java:logLocking(65)) - s2@group-B24AF063D807: readLock ACQUIRED 1 by SegmentedRaftLogCache.getLastTermIndex
2022-08-08 17:04:52,162 [s2@group-B24AF063D807->s0-LogAppenderDefault-LogAppenderDaemon] TRACE segmented.SegmentedRaftLogCache (AutoCloseableReadWriteLock.java:logLocking(65)) - s2@group-B24AF063D807: readLock RELEASED 0 by SegmentedRaftLogCache.getLastTermIndex
2022-08-08 17:04:52,162 [s2@group-B24AF063D807->s1-LogAppenderDefault-LogAppenderDaemon] TRACE segmented.SegmentedRaftLogCache (AutoCloseableReadWriteLock.java:logLocking(65)) - s2@group-B24AF063D807: readLock ACQUIRED 1 by SegmentedRaftLogCache.getLastTermIndex
2022-08-08 17:04:52,163 [s2@group-B24AF063D807->s1-LogAppenderDefault-LogAppenderDaemon] TRACE segmented.SegmentedRaftLogCache (AutoCloseableReadWriteLock.java:logLocking(65)) - s2@group-B24AF063D807: readLock RELEASED 0 by SegmentedRaftLogCache.getLastTermIndex
2022-08-08 17:04:52,163 [s2@group-B24AF063D807->s1-LogAppenderDefault-LogAppenderDaemon] TRACE segmented.SegmentedRaftLogCache (AutoCloseableReadWriteLock.java:logLocking(65)) - s2@group-B24AF063D807: readLock ACQUIRED 1 by SegmentedRaftLogCache.getLastTermIndex
2022-08-08 17:04:52,163 [s2@group-B24AF063D807->s1-LogAppenderDefault-LogAppenderDaemon] TRACE segmented.SegmentedRaftLogCache (AutoCloseableReadWriteLock.java:logLocking(65)) - s2@group-B24AF063D807: readLock RELEASED 0 by SegmentedRaftLogCache.getLastTermIndex
2022-08-08 17:04:52,163 [Thread-512] TRACE segmented.SegmentedRaftLogCache (AutoCloseableReadWriteLock.java:logLocking(65)) - s0@group-B24AF063D807: readLock ACQUIRED 1 by SegmentedRaftLogCache.computeTruncateIndices
2022-08-08 17:04:52,163 [s2@group-B24AF063D807->s1-LogAppenderDefault-LogAppenderDaemon] TRACE segmented.SegmentedRaftLogCache (AutoCloseableReadWriteLock.java:logLocking(65)) - s2@group-B24AF063D807: readLock ACQUIRED 1 by SegmentedRaftLogCache.getStartIndex
2022-08-08 17:04:52,163 [Thread-512] TRACE segmented.SegmentedRaftLogCache (AutoCloseableReadWriteLock.java:logLocking(65)) -   s0@group-B24AF063D807: readLock ACQUIRED 2 by SegmentedRaftLogCache$LogSegmentList.binarySearch
2022-08-08 17:04:52,163 [Thread-512] TRACE segmented.SegmentedRaftLogCache (AutoCloseableReadWriteLock.java:logLocking(65)) -   s0@group-B24AF063D807: readLock RELEASED 1 by SegmentedRaftLogCache$LogSegmentList.binarySearch
2022-08-08 17:04:52,163 [s2@group-B24AF063D807-LeaderStateImpl] TRACE segmented.SegmentedRaftLogCache (AutoCloseableReadWriteLock.java:logLocking(65)) -     s2@group-B24AF063D807: readLock ACQUIRED 3 by SegmentedRaftLogCache.getStartIndex
2022-08-08 17:04:52,163 [s2@group-B24AF063D807-LeaderStateImpl] TRACE segmented.SegmentedRaftLogCache (AutoCloseableReadWriteLock.java:logLocking(65)) -       s2@group-B24AF063D807: readLock ACQUIRED 4 by SegmentedRaftLogCache$LogSegmentList.isEmpty
2022-08-08 17:04:52,163 [s2@group-B24AF063D807-LeaderStateImpl] TRACE segmented.SegmentedRaftLogCache (AutoCloseableReadWriteLock.java:logLocking(65)) -       s2@group-B24AF063D807: readLock RELEASED 3 by SegmentedRaftLogCache$LogSegmentList.isEmpty
2022-08-08 17:04:52,163 [s2@group-B24AF063D807-LeaderStateImpl] TRACE segmented.SegmentedRaftLogCache (AutoCloseableReadWriteLock.java:logLocking(65)) -     s2@group-B24AF063D807: readLock RELEASED 2 by SegmentedRaftLogCache.getStartIndex
2022-08-08 17:04:52,163 [s2@group-B24AF063D807-LeaderStateImpl] TRACE segmented.SegmentedRaftLogCache (AutoCloseableReadWriteLock.java:logLocking(65)) -     s2@group-B24AF063D807: readLock ACQUIRED 3 by SegmentedRaftLogCache.getEndIndex
2022-08-08 17:04:52,163 [s2@group-B24AF063D807-LeaderStateImpl] TRACE segmented.SegmentedRaftLogCache (AutoCloseableReadWriteLock.java:logLocking(65)) -     s2@group-B24AF063D807: readLock RELEASED 2 by SegmentedRaftLogCache.getEndIndex
2022-08-08 17:04:52,163 [s2@group-B24AF063D807-LeaderStateImpl] TRACE segmented.SegmentedRaftLogCache (AutoCloseableReadWriteLock.java:logLocking(65)) -     s2@group-B24AF063D807: readLock ACQUIRED 3 by SegmentedRaftLogCache$LogSegmentList.getTermIndex
2022-08-08 17:04:52,163 [s2@group-B24AF063D807-LeaderStateImpl] TRACE segmented.SegmentedRaftLogCache (AutoCloseableReadWriteLock.java:logLocking(65)) -     s2@group-B24AF063D807: readLock RELEASED 2 by SegmentedRaftLogCache$LogSegmentList.getTermIndex
2022-08-08 17:04:52,163 [s2@group-B24AF063D807->s1-LogAppenderDefault-LogAppenderDaemon] TRACE segmented.SegmentedRaftLogCache (AutoCloseableReadWriteLock.java:logLocking(65)) -   s2@group-B24AF063D807: readLock ACQUIRED 2 by SegmentedRaftLogCache$LogSegmentList.isEmpty
2022-08-08 17:04:52,163 [s2@group-B24AF063D807->s1-LogAppenderDefault-LogAppenderDaemon] TRACE segmented.SegmentedRaftLogCache (AutoCloseableReadWriteLock.java:logLocking(65)) -   s2@group-B24AF063D807: readLock RELEASED 1 by SegmentedRaftLogCache$LogSegmentList.isEmpty
2022-08-08 17:04:52,163 [Thread-512] TRACE segmented.SegmentedRaftLogCache (AutoCloseableReadWriteLock.java:logLocking(65)) -   s0@group-B24AF063D807: readLock ACQUIRED 2 by SegmentedRaftLogCache$LogSegmentList.size
2022-08-08 17:04:52,164 [Thread-512] TRACE segmented.SegmentedRaftLogCache (AutoCloseableReadWriteLock.java:logLocking(65)) -   s0@group-B24AF063D807: readLock RELEASED 1 by SegmentedRaftLogCache$LogSegmentList.size
2022-08-08 17:04:52,164 [Thread-512] TRACE segmented.SegmentedRaftLogCache (AutoCloseableReadWriteLock.java:logLocking(65)) - s0@group-B24AF063D807: readLock RELEASED 0 by SegmentedRaftLogCache.computeTruncateIndices
2022-08-08 17:04:52,164 [Thread-512] DEBUG raftlog.RaftLog (SegmentedRaftLog.java:appendImpl(447)) - truncateIndex=-1, arrayIndex=0
2022-08-08 17:04:52,163 [s2@group-B24AF063D807->s1-LogAppenderDefault-LogAppenderDaemon] TRACE segmented.SegmentedRaftLogCache (AutoCloseableReadWriteLock.java:logLocking(65)) - s2@group-B24AF063D807: readLock RELEASED 0 by SegmentedRaftLogCache.getStartIndex
2022-08-08 17:04:52,164 [Thread-512] TRACE segmented.SegmentedRaftLogCache (AutoCloseableReadWriteLock.java:logLocking(65)) - s0@group-B24AF063D807: readLock ACQUIRED 1 by SegmentedRaftLogCache.getLastTermIndex
2022-08-08 17:04:52,164 [Thread-512] TRACE segmented.SegmentedRaftLogCache (AutoCloseableReadWriteLock.java:logLocking(65)) - s0@group-B24AF063D807: readLock RELEASED 0 by SegmentedRaftLogCache.getLastTermIndex
2022-08-08 17:04:52,164 [s2@group-B24AF063D807->s1-LogAppenderDefault-LogAppenderDaemon] TRACE segmented.SegmentedRaftLogCache (AutoCloseableReadWriteLock.java:logLocking(65)) - s2@group-B24AF063D807: readLock ACQUIRED 1 by SegmentedRaftLogCache.getLastTermIndex
2022-08-08 17:04:52,164 [s2@group-B24AF063D807->s1-LogAppenderDefault-LogAppenderDaemon] TRACE segmented.SegmentedRaftLogCache (AutoCloseableReadWriteLock.java:logLocking(65)) - s2@group-B24AF063D807: readLock RELEASED 0 by SegmentedRaftLogCache.getLastTermIndex
2022-08-08 17:04:52,164 [Thread-512] TRACE segmented.SegmentedRaftLogCache (AutoCloseableReadWriteLock.java:logLocking(65)) - s0@group-B24AF063D807: readLock ACQUIRED 1 by SegmentedRaftLogCache$LogSegmentList.countCached
2022-08-08 17:04:52,164 [Thread-512] TRACE segmented.SegmentedRaftLogCache (AutoCloseableReadWriteLock.java:logLocking(65)) - s0@group-B24AF063D807: readLock RELEASED 0 by SegmentedRaftLogCache$LogSegmentList.countCached
2022-08-08 17:04:52,164 [Thread-512] TRACE segmented.SegmentedRaftLogCache (AutoCloseableReadWriteLock.java:logLocking(65)) - s0@group-B24AF063D807: readLock ACQUIRED 1 by SegmentedRaftLogCache$LogSegmentList.getTotalCacheSize
2022-08-08 17:04:52,164 [Thread-512] TRACE segmented.SegmentedRaftLogCache (AutoCloseableReadWriteLock.java:logLocking(65)) - s0@group-B24AF063D807: readLock RELEASED 0 by SegmentedRaftLogCache$LogSegmentList.getTotalCacheSize
2022-08-08 17:04:52,164 [Thread-468] TRACE segmented.SegmentedRaftLogCache (AutoCloseableReadWriteLock.java:logLocking(65)) - s1@group-B24AF063D807: readLock ACQUIRED 1 by SegmentedRaftLogCache.computeTruncateIndices
2022-08-08 17:04:52,164 [Thread-468] TRACE segmented.SegmentedRaftLogCache (AutoCloseableReadWriteLock.java:logLocking(65)) -   s1@group-B24AF063D807: readLock ACQUIRED 2 by SegmentedRaftLogCache$LogSegmentList.binarySearch
2022-08-08 17:04:52,164 [Thread-468] TRACE segmented.SegmentedRaftLogCache (AutoCloseableReadWriteLock.java:logLocking(65)) -   s1@group-B24AF063D807: readLock RELEASED 1 by SegmentedRaftLogCache$LogSegmentList.binarySearch
2022-08-08 17:04:52,164 [Thread-468] TRACE segmented.SegmentedRaftLogCache (AutoCloseableReadWriteLock.java:logLocking(65)) -   s1@group-B24AF063D807: readLock ACQUIRED 2 by SegmentedRaftLogCache$LogSegmentList.size
2022-08-08 17:04:52,164 [Thread-468] TRACE segmented.SegmentedRaftLogCache (AutoCloseableReadWriteLock.java:logLocking(65)) -   s1@group-B24AF063D807: readLock RELEASED 1 by SegmentedRaftLogCache$LogSegmentList.size
2022-08-08 17:04:52,164 [Thread-468] TRACE segmented.SegmentedRaftLogCache (AutoCloseableReadWriteLock.java:logLocking(65)) - s1@group-B24AF063D807: readLock RELEASED 0 by SegmentedRaftLogCache.computeTruncateIndices
2022-08-08 17:04:52,164 [Thread-468] DEBUG raftlog.RaftLog (SegmentedRaftLog.java:appendImpl(447)) - truncateIndex=-1, arrayIndex=0
2022-08-08 17:04:52,164 [Thread-468] TRACE segmented.SegmentedRaftLogCache (AutoCloseableReadWriteLock.java:logLocking(65)) - s1@group-B24AF063D807: readLock ACQUIRED 1 by SegmentedRaftLogCache.getLastTermIndex
2022-08-08 17:04:52,164 [Thread-468] TRACE segmented.SegmentedRaftLogCache (AutoCloseableReadWriteLock.java:logLocking(65)) - s1@group-B24AF063D807: readLock RELEASED 0 by SegmentedRaftLogCache.getLastTermIndex
2022-08-08 17:04:52,165 [Thread-468] TRACE segmented.SegmentedRaftLogCache (AutoCloseableReadWriteLock.java:logLocking(65)) - s1@group-B24AF063D807: readLock ACQUIRED 1 by SegmentedRaftLogCache$LogSegmentList.countCached
2022-08-08 17:04:52,165 [Thread-468] TRACE segmented.SegmentedRaftLogCache (AutoCloseableReadWriteLock.java:logLocking(65)) - s1@group-B24AF063D807: readLock RELEASED 0 by SegmentedRaftLogCache$LogSegmentList.countCached
2022-08-08 17:04:52,165 [Thread-468] TRACE segmented.SegmentedRaftLogCache (AutoCloseableReadWriteLock.java:logLocking(65)) - s1@group-B24AF063D807: readLock ACQUIRED 1 by SegmentedRaftLogCache$LogSegmentList.getTotalCacheSize
2022-08-08 17:04:52,165 [Thread-468] TRACE segmented.SegmentedRaftLogCache (AutoCloseableReadWriteLock.java:logLocking(65)) - s1@group-B24AF063D807: readLock RELEASED 0 by SegmentedRaftLogCache$LogSegmentList.getTotalCacheSize
2022-08-08 17:04:52,165 [Thread-468] DEBUG segmented.SegmentedRaftLogWorker (SegmentedRaftLogWorker.java:addIOTask(270)) - s1@group-B24AF063D807-SegmentedRaftLogWorker adds IO task WriteLog:39: (t:1, i:39), STATEMACHINELOGENTRY, StateMachineLogEntryProto:216@client-73FEC95B6FDB
2022-08-08 17:04:52,165 [s1@group-B24AF063D807-SegmentedRaftLogWorker] DEBUG segmented.SegmentedRaftLogWorker (SegmentedRaftLogWorker.java:flushIfNecessary(365)) - s1@group-B24AF063D807-SegmentedRaftLogWorker: flush SegmentedRaftLogOutputStream(/home/runner/work/ratis/ratis/ratis-test/target/test/data/b051e71b/MiniRaftClusterWithSimulatedRpc1ec78f08/s1/0d1e7fc9-4c77-451a-91df-b24af063d807/current/log_inprogress_0)
2022-08-08 17:04:52,164 [Thread-512] DEBUG segmented.SegmentedRaftLogWorker (SegmentedRaftLogWorker.java:addIOTask(270)) - s0@group-B24AF063D807-SegmentedRaftLogWorker adds IO task WriteLog:39: (t:1, i:39), STATEMACHINELOGENTRY, StateMachineLogEntryProto:216@client-73FEC95B6FDB
2022-08-08 17:04:52,165 [s0@group-B24AF063D807-SegmentedRaftLogWorker] DEBUG segmented.SegmentedRaftLogWorker (SegmentedRaftLogWorker.java:flushIfNecessary(365)) - s0@group-B24AF063D807-SegmentedRaftLogWorker: flush SegmentedRaftLogOutputStream(/home/runner/work/ratis/ratis/ratis-test/target/test/data/b051e71b/MiniRaftClusterWithSimulatedRpc1ec78f08/s0/0d1e7fc9-4c77-451a-91df-b24af063d807/current/log_inprogress_0)
2022-08-08 17:04:52,165 [s2@group-B24AF063D807->s0-LogAppenderDefault-LogAppenderDaemon] TRACE segmented.SegmentedRaftLogCache (AutoCloseableReadWriteLock.java:logLocking(65)) - s2@group-B24AF063D807: readLock ACQUIRED 1 by SegmentedRaftLogCache.getLastTermIndex
2022-08-08 17:04:52,165 [s2@group-B24AF063D807->s0-LogAppenderDefault-LogAppenderDaemon] TRACE segmented.SegmentedRaftLogCache (AutoCloseableReadWriteLock.java:logLocking(65)) - s2@group-B24AF063D807: readLock RELEASED 0 by SegmentedRaftLogCache.getLastTermIndex
2022-08-08 17:04:52,166 [s2@group-B24AF063D807->s0-LogAppenderDefault-LogAppenderDaemon] TRACE segmented.SegmentedRaftLogCache (AutoCloseableReadWriteLock.java:logLocking(65)) - s2@group-B24AF063D807: readLock ACQUIRED 1 by SegmentedRaftLogCache.getLastTermIndex
2022-08-08 17:04:52,166 [s2@group-B24AF063D807->s0-LogAppenderDefault-LogAppenderDaemon] TRACE segmented.SegmentedRaftLogCache (AutoCloseableReadWriteLock.java:logLocking(65)) - s2@group-B24AF063D807: readLock RELEASED 0 by SegmentedRaftLogCache.getLastTermIndex
2022-08-08 17:04:52,166 [s2@group-B24AF063D807->s0-LogAppenderDefault-LogAppenderDaemon] TRACE segmented.SegmentedRaftLogCache (AutoCloseableReadWriteLock.java:logLocking(65)) - s2@group-B24AF063D807: readLock ACQUIRED 1 by SegmentedRaftLogCache.getLastTermIndex
2022-08-08 17:04:52,166 [s2@group-B24AF063D807->s0-LogAppenderDefault-LogAppenderDaemon] TRACE segmented.SegmentedRaftLogCache (AutoCloseableReadWriteLock.java:logLocking(65)) - s2@group-B24AF063D807: readLock RELEASED 0 by SegmentedRaftLogCache.getLastTermIndex
2022-08-08 17:04:52,166 [s2@group-B24AF063D807->s1-LogAppenderDefault-LogAppenderDaemon] TRACE segmented.SegmentedRaftLogCache (AutoCloseableReadWriteLock.java:logLocking(65)) - s2@group-B24AF063D807: readLock ACQUIRED 1 by SegmentedRaftLogCache.getLastTermIndex
2022-08-08 17:04:52,166 [s2@group-B24AF063D807->s1-LogAppenderDefault-LogAppenderDaemon] TRACE segmented.SegmentedRaftLogCache (AutoCloseableReadWriteLock.java:logLocking(65)) - s2@group-B24AF063D807: readLock RELEASED 0 by SegmentedRaftLogCache.getLastTermIndex
2022-08-08 17:04:52,166 [s2@group-B24AF063D807-LeaderStateImpl] TRACE segmented.SegmentedRaftLogCache (AutoCloseableReadWriteLock.java:logLocking(65)) - s2@group-B24AF063D807: readLock ACQUIRED 1 by SegmentedRaftLogCache.getStartIndex
2022-08-08 17:04:52,166 [s2@group-B24AF063D807-LeaderStateImpl] TRACE segmented.SegmentedRaftLogCache (AutoCloseableReadWriteLock.java:logLocking(65)) -   s2@group-B24AF063D807: readLock ACQUIRED 2 by SegmentedRaftLogCache$LogSegmentList.isEmpty
2022-08-08 17:04:52,166 [s2@group-B24AF063D807-LeaderStateImpl] TRACE segmented.SegmentedRaftLogCache (AutoCloseableReadWriteLock.java:logLocking(65)) -   s2@group-B24AF063D807: readLock RELEASED 1 by SegmentedRaftLogCache$LogSegmentList.isEmpty
2022-08-08 17:04:52,166 [s2@group-B24AF063D807-LeaderStateImpl] TRACE segmented.SegmentedRaftLogCache (AutoCloseableReadWriteLock.java:logLocking(65)) - s2@group-B24AF063D807: readLock RELEASED 0 by SegmentedRaftLogCache.getStartIndex
2022-08-08 17:04:52,166 [s2@group-B24AF063D807-LeaderStateImpl] TRACE segmented.SegmentedRaftLogCache (AutoCloseableReadWriteLock.java:logLocking(65)) - s2@group-B24AF063D807: readLock ACQUIRED 1 by SegmentedRaftLogCache.getEndIndex
2022-08-08 17:04:52,166 [s2@group-B24AF063D807-LeaderStateImpl] TRACE segmented.SegmentedRaftLogCache (AutoCloseableReadWriteLock.java:logLocking(65)) - s2@group-B24AF063D807: readLock RELEASED 0 by SegmentedRaftLogCache.getEndIndex
2022-08-08 17:04:52,166 [s2@group-B24AF063D807-LeaderStateImpl] TRACE segmented.SegmentedRaftLogCache (AutoCloseableReadWriteLock.java:logLocking(65)) - s2@group-B24AF063D807: readLock ACQUIRED 1 by SegmentedRaftLogCache$LogSegmentList.getTermIndex
2022-08-08 17:04:52,166 [s2@group-B24AF063D807-LeaderStateImpl] TRACE segmented.SegmentedRaftLogCache (AutoCloseableReadWriteLock.java:logLocking(65)) - s2@group-B24AF063D807: readLock RELEASED 0 by SegmentedRaftLogCache$LogSegmentList.getTermIndex
2022-08-08 17:04:52,166 [s2@group-B24AF063D807-StateMachineUpdater] INFO  statemachine.SimpleStateMachine4Testing (SimpleStateMachine4Testing.java:put(204)) - s2: put 39, m19 -> (t:1, i:39), STATEMACHINELOGENTRY, 216@client-73FEC95B6FDB
2022-08-08 17:04:52,167 [Time-limited test] TRACE segmented.SegmentedRaftLogCache (AutoCloseableReadWriteLock.java:logLocking(65)) - s2@group-B24AF063D807: readLock ACQUIRED 1 by SegmentedRaftLogCache.getLastTermIndex
2022-08-08 17:04:52,167 [Time-limited test] TRACE segmented.SegmentedRaftLogCache (AutoCloseableReadWriteLock.java:logLocking(65)) - s2@group-B24AF063D807: readLock RELEASED 0 by SegmentedRaftLogCache.getLastTermIndex
2022-08-08 17:04:52,167 [Time-limited test] WARN  simulation.TestServerRestartWithSimulatedRpc (JavaUtils.java:attempt(172)) - FAILED "follower catchup", attempt #1/10: java.lang.AssertionError, sleep 1s and then retry.
java.lang.AssertionError
	at org.junit.Assert.fail(Assert.java:87)
	at org.junit.Assert.assertTrue(Assert.java:42)
	at org.junit.Assert.assertTrue(Assert.java:53)
	at org.apache.ratis.server.ServerRestartTests.lambda$runTestRestartFollower$1(ServerRestartTests.java:113)
	at org.apache.ratis.util.JavaUtils.attempt(JavaUtils.java:166)
	at org.apache.ratis.util.JavaUtils.attemptRepeatedly(JavaUtils.java:152)
	at org.apache.ratis.server.ServerRestartTests.runTestRestartFollower(ServerRestartTests.java:112)
	at org.apache.ratis.server.impl.MiniRaftCluster$Factory$Get.runWithNewCluster(MiniRaftCluster.java:138)
	at org.apache.ratis.server.impl.MiniRaftCluster$Factory$Get.runWithNewCluster(MiniRaftCluster.java:118)
	at org.apache.ratis.server.ServerRestartTests.testRestartFollower(ServerRestartTests.java:88)
	at sun.reflect.NativeMethodAccessorImpl.invoke0(Native Method)
	at sun.reflect.NativeMethodAccessorImpl.invoke(NativeMethodAccessorImpl.java:62)
	at sun.reflect.DelegatingMethodAccessorImpl.invoke(DelegatingMethodAccessorImpl.java:43)
	at java.lang.reflect.Method.invoke(Method.java:498)
	at org.junit.runners.model.FrameworkMethod$1.runReflectiveCall(FrameworkMethod.java:59)
	at org.junit.internal.runners.model.ReflectiveCallable.run(ReflectiveCallable.java:12)
	at org.junit.runners.model.FrameworkMethod.invokeExplosively(FrameworkMethod.java:56)
	at org.junit.internal.runners.statements.InvokeMethod.evaluate(InvokeMethod.java:17)
	at org.junit.internal.runners.statements.RunAfters.evaluate(RunAfters.java:27)
	at org.junit.internal.runners.statements.FailOnTimeout$CallableStatement.call(FailOnTimeout.java:299)
	at org.junit.internal.runners.statements.FailOnTimeout$CallableStatement.call(FailOnTimeout.java:293)
	at java.util.concurrent.FutureTask.run(FutureTask.java:266)
	at java.lang.Thread.run(Thread.java:750)
2022-08-08 17:04:52,167 [s2@group-B24AF063D807-LeaderStateImpl] TRACE segmented.SegmentedRaftLogCache (AutoCloseableReadWriteLock.java:logLocking(65)) - s2@group-B24AF063D807: readLock ACQUIRED 1 by SegmentedRaftLogCache.getLastTermIndex
2022-08-08 17:04:52,167 [s2@group-B24AF063D807-LeaderStateImpl] TRACE segmented.SegmentedRaftLogCache (AutoCloseableReadWriteLock.java:logLocking(65)) - s2@group-B24AF063D807: readLock RELEASED 0 by SegmentedRaftLogCache.getLastTermIndex
2022-08-08 17:04:52,168 [s2@group-B24AF063D807-LeaderStateImpl] TRACE segmented.SegmentedRaftLogCache (AutoCloseableReadWriteLock.java:logLocking(65)) - s2@group-B24AF063D807: readLock ACQUIRED 1 by SegmentedRaftLogCache$LogSegmentList.countCached
2022-08-08 17:04:52,168 [s2@group-B24AF063D807-LeaderStateImpl] TRACE segmented.SegmentedRaftLogCache (AutoCloseableReadWriteLock.java:logLocking(65)) - s2@group-B24AF063D807: readLock RELEASED 0 by SegmentedRaftLogCache$LogSegmentList.countCached
2022-08-08 17:04:52,168 [s2@group-B24AF063D807-LeaderStateImpl] TRACE segmented.SegmentedRaftLogCache (AutoCloseableReadWriteLock.java:logLocking(65)) - s2@group-B24AF063D807: readLock ACQUIRED 1 by SegmentedRaftLogCache$LogSegmentList.getTotalCacheSize
2022-08-08 17:04:52,168 [s2@group-B24AF063D807-LeaderStateImpl] TRACE segmented.SegmentedRaftLogCache (AutoCloseableReadWriteLock.java:logLocking(65)) - s2@group-B24AF063D807: readLock RELEASED 0 by SegmentedRaftLogCache$LogSegmentList.getTotalCacheSize
2022-08-08 17:04:52,168 [s2@group-B24AF063D807-LeaderStateImpl] DEBUG segmented.SegmentedRaftLogWorker (SegmentedRaftLogWorker.java:addIOTask(270)) - s2@group-B24AF063D807-SegmentedRaftLogWorker adds IO task WriteLog:40: (t:1, i:40), METADATAENTRY(c:39)
2022-08-08 17:04:52,168 [s2@group-B24AF063D807->s0-LogAppenderDefault-LogAppenderDaemon] TRACE segmented.SegmentedRaftLogCache (AutoCloseableReadWriteLock.java:logLocking(65)) - s2@group-B24AF063D807: readLock ACQUIRED 1 by SegmentedRaftLogCache.getLastTermIndex
2022-08-08 17:04:52,168 [s2@group-B24AF063D807->s0-LogAppenderDefault-LogAppenderDaemon] TRACE segmented.SegmentedRaftLogCache (AutoCloseableReadWriteLock.java:logLocking(65)) - s2@group-B24AF063D807: readLock RELEASED 0 by SegmentedRaftLogCache.getLastTermIndex
2022-08-08 17:04:52,168 [s2@group-B24AF063D807-SegmentedRaftLogWorker] DEBUG segmented.SegmentedRaftLogWorker (SegmentedRaftLogWorker.java:flushIfNecessary(365)) - s2@group-B24AF063D807-SegmentedRaftLogWorker: flush SegmentedRaftLogOutputStream(/home/runner/work/ratis/ratis/ratis-test/target/test/data/b051e71b/MiniRaftClusterWithSimulatedRpc1ec78f08/s2/0d1e7fc9-4c77-451a-91df-b24af063d807/current/log_inprogress_0)
2022-08-08 17:04:52,168 [s2@group-B24AF063D807->s0-LogAppenderDefault-LogAppenderDaemon] TRACE segmented.SegmentedRaftLogCache (AutoCloseableReadWriteLock.java:logLocking(65)) - s2@group-B24AF063D807: readLock ACQUIRED 1 by SegmentedRaftLogCache.getLastTermIndex
2022-08-08 17:04:52,168 [s2@group-B24AF063D807->s0-LogAppenderDefault-LogAppenderDaemon] TRACE segmented.SegmentedRaftLogCache (AutoCloseableReadWriteLock.java:logLocking(65)) - s2@group-B24AF063D807: readLock RELEASED 0 by SegmentedRaftLogCache.getLastTermIndex
2022-08-08 17:04:52,168 [s2@group-B24AF063D807->s0-LogAppenderDefault-LogAppenderDaemon] TRACE segmented.SegmentedRaftLogCache (AutoCloseableReadWriteLock.java:logLocking(65)) - s2@group-B24AF063D807: readLock ACQUIRED 1 by SegmentedRaftLogCache.getStartIndex
2022-08-08 17:04:52,168 [s2@group-B24AF063D807->s0-LogAppenderDefault-LogAppenderDaemon] TRACE segmented.SegmentedRaftLogCache (AutoCloseableReadWriteLock.java:logLocking(65)) -   s2@group-B24AF063D807: readLock ACQUIRED 2 by SegmentedRaftLogCache$LogSegmentList.isEmpty
2022-08-08 17:04:52,168 [s2@group-B24AF063D807->s0-LogAppenderDefault-LogAppenderDaemon] TRACE segmented.SegmentedRaftLogCache (AutoCloseableReadWriteLock.java:logLocking(65)) -   s2@group-B24AF063D807: readLock RELEASED 1 by SegmentedRaftLogCache$LogSegmentList.isEmpty
2022-08-08 17:04:52,168 [s2@group-B24AF063D807->s0-LogAppenderDefault-LogAppenderDaemon] TRACE segmented.SegmentedRaftLogCache (AutoCloseableReadWriteLock.java:logLocking(65)) - s2@group-B24AF063D807: readLock RELEASED 0 by SegmentedRaftLogCache.getStartIndex
2022-08-08 17:04:52,168 [s2@group-B24AF063D807->s0-LogAppenderDefault-LogAppenderDaemon] TRACE segmented.SegmentedRaftLogCache (AutoCloseableReadWriteLock.java:logLocking(65)) - s2@group-B24AF063D807: readLock ACQUIRED 1 by SegmentedRaftLogCache.getLastTermIndex
2022-08-08 17:04:52,168 [s2@group-B24AF063D807->s0-LogAppenderDefault-LogAppenderDaemon] TRACE segmented.SegmentedRaftLogCache (AutoCloseableReadWriteLock.java:logLocking(65)) - s2@group-B24AF063D807: readLock RELEASED 0 by SegmentedRaftLogCache.getLastTermIndex
2022-08-08 17:04:52,169 [Thread-513] TRACE segmented.SegmentedRaftLogCache (AutoCloseableReadWriteLock.java:logLocking(65)) - s0@group-B24AF063D807: readLock ACQUIRED 1 by SegmentedRaftLogCache.computeTruncateIndices
2022-08-08 17:04:52,169 [Thread-513] TRACE segmented.SegmentedRaftLogCache (AutoCloseableReadWriteLock.java:logLocking(65)) -   s0@group-B24AF063D807: readLock ACQUIRED 2 by SegmentedRaftLogCache$LogSegmentList.binarySearch
2022-08-08 17:04:52,169 [Thread-513] TRACE segmented.SegmentedRaftLogCache (AutoCloseableReadWriteLock.java:logLocking(65)) -   s0@group-B24AF063D807: readLock RELEASED 1 by SegmentedRaftLogCache$LogSegmentList.binarySearch
2022-08-08 17:04:52,169 [Thread-513] TRACE segmented.SegmentedRaftLogCache (AutoCloseableReadWriteLock.java:logLocking(65)) -   s0@group-B24AF063D807: readLock ACQUIRED 2 by SegmentedRaftLogCache$LogSegmentList.size
2022-08-08 17:04:52,169 [Thread-513] TRACE segmented.SegmentedRaftLogCache (AutoCloseableReadWriteLock.java:logLocking(65)) -   s0@group-B24AF063D807: readLock RELEASED 1 by SegmentedRaftLogCache$LogSegmentList.size
2022-08-08 17:04:52,169 [Thread-513] TRACE segmented.SegmentedRaftLogCache (AutoCloseableReadWriteLock.java:logLocking(65)) - s0@group-B24AF063D807: readLock RELEASED 0 by SegmentedRaftLogCache.computeTruncateIndices
2022-08-08 17:04:52,169 [Thread-513] DEBUG raftlog.RaftLog (SegmentedRaftLog.java:appendImpl(447)) - truncateIndex=-1, arrayIndex=0
2022-08-08 17:04:52,169 [Thread-513] TRACE segmented.SegmentedRaftLogCache (AutoCloseableReadWriteLock.java:logLocking(65)) - s0@group-B24AF063D807: readLock ACQUIRED 1 by SegmentedRaftLogCache$LogSegmentList.countCached
2022-08-08 17:04:52,169 [Thread-513] TRACE segmented.SegmentedRaftLogCache (AutoCloseableReadWriteLock.java:logLocking(65)) - s0@group-B24AF063D807: readLock RELEASED 0 by SegmentedRaftLogCache$LogSegmentList.countCached
2022-08-08 17:04:52,169 [Thread-513] TRACE segmented.SegmentedRaftLogCache (AutoCloseableReadWriteLock.java:logLocking(65)) - s0@group-B24AF063D807: readLock ACQUIRED 1 by SegmentedRaftLogCache$LogSegmentList.getTotalCacheSize
2022-08-08 17:04:52,169 [Thread-513] TRACE segmented.SegmentedRaftLogCache (AutoCloseableReadWriteLock.java:logLocking(65)) - s0@group-B24AF063D807: readLock RELEASED 0 by SegmentedRaftLogCache$LogSegmentList.getTotalCacheSize
2022-08-08 17:04:52,169 [Thread-513] DEBUG segmented.SegmentedRaftLogWorker (SegmentedRaftLogWorker.java:addIOTask(270)) - s0@group-B24AF063D807-SegmentedRaftLogWorker adds IO task WriteLog:40: (t:1, i:40), METADATAENTRY(c:39)
2022-08-08 17:04:52,169 [s0@group-B24AF063D807-SegmentedRaftLogWorker] DEBUG segmented.SegmentedRaftLogWorker (SegmentedRaftLogWorker.java:flushIfNecessary(365)) - s0@group-B24AF063D807-SegmentedRaftLogWorker: flush SegmentedRaftLogOutputStream(/home/runner/work/ratis/ratis/ratis-test/target/test/data/b051e71b/MiniRaftClusterWithSimulatedRpc1ec78f08/s0/0d1e7fc9-4c77-451a-91df-b24af063d807/current/log_inprogress_0)
2022-08-08 17:04:52,169 [s2@group-B24AF063D807->s1-LogAppenderDefault-LogAppenderDaemon] TRACE segmented.SegmentedRaftLogCache (AutoCloseableReadWriteLock.java:logLocking(65)) - s2@group-B24AF063D807: readLock ACQUIRED 1 by SegmentedRaftLogCache.getLastTermIndex
2022-08-08 17:04:52,170 [s2@group-B24AF063D807->s0-LogAppenderDefault-LogAppenderDaemon] TRACE segmented.SegmentedRaftLogCache (AutoCloseableReadWriteLock.java:logLocking(65)) -   s2@group-B24AF063D807: readLock ACQUIRED 2 by SegmentedRaftLogCache.getLastTermIndex
2022-08-08 17:04:52,169 [s0@group-B24AF063D807-StateMachineUpdater] INFO  statemachine.SimpleStateMachine4Testing (SimpleStateMachine4Testing.java:put(204)) - s0: put 39, m19 -> (t:1, i:39), STATEMACHINELOGENTRY, 216@client-73FEC95B6FDB
2022-08-08 17:04:52,170 [s2@group-B24AF063D807->s0-LogAppenderDefault-LogAppenderDaemon] TRACE segmented.SegmentedRaftLogCache (AutoCloseableReadWriteLock.java:logLocking(65)) -   s2@group-B24AF063D807: readLock RELEASED 1 by SegmentedRaftLogCache.getLastTermIndex
2022-08-08 17:04:52,170 [s2@group-B24AF063D807->s1-LogAppenderDefault-LogAppenderDaemon] TRACE segmented.SegmentedRaftLogCache (AutoCloseableReadWriteLock.java:logLocking(65)) - s2@group-B24AF063D807: readLock RELEASED 0 by SegmentedRaftLogCache.getLastTermIndex
2022-08-08 17:04:52,170 [s2@group-B24AF063D807->s1-LogAppenderDefault-LogAppenderDaemon] TRACE segmented.SegmentedRaftLogCache (AutoCloseableReadWriteLock.java:logLocking(65)) - s2@group-B24AF063D807: readLock ACQUIRED 1 by SegmentedRaftLogCache.getLastTermIndex
2022-08-08 17:04:52,170 [s2@group-B24AF063D807->s1-LogAppenderDefault-LogAppenderDaemon] TRACE segmented.SegmentedRaftLogCache (AutoCloseableReadWriteLock.java:logLocking(65)) - s2@group-B24AF063D807: readLock RELEASED 0 by SegmentedRaftLogCache.getLastTermIndex
2022-08-08 17:04:52,170 [s2@group-B24AF063D807->s1-LogAppenderDefault-LogAppenderDaemon] TRACE segmented.SegmentedRaftLogCache (AutoCloseableReadWriteLock.java:logLocking(65)) - s2@group-B24AF063D807: readLock ACQUIRED 1 by SegmentedRaftLogCache.getStartIndex
2022-08-08 17:04:52,170 [s2@group-B24AF063D807->s1-LogAppenderDefault-LogAppenderDaemon] TRACE segmented.SegmentedRaftLogCache (AutoCloseableReadWriteLock.java:logLocking(65)) -   s2@group-B24AF063D807: readLock ACQUIRED 2 by SegmentedRaftLogCache$LogSegmentList.isEmpty
2022-08-08 17:04:52,170 [s2@group-B24AF063D807->s1-LogAppenderDefault-LogAppenderDaemon] TRACE segmented.SegmentedRaftLogCache (AutoCloseableReadWriteLock.java:logLocking(65)) -   s2@group-B24AF063D807: readLock RELEASED 1 by SegmentedRaftLogCache$LogSegmentList.isEmpty
2022-08-08 17:04:52,170 [s2@group-B24AF063D807->s1-LogAppenderDefault-LogAppenderDaemon] TRACE segmented.SegmentedRaftLogCache (AutoCloseableReadWriteLock.java:logLocking(65)) - s2@group-B24AF063D807: readLock RELEASED 0 by SegmentedRaftLogCache.getStartIndex
2022-08-08 17:04:52,170 [s2@group-B24AF063D807->s1-LogAppenderDefault-LogAppenderDaemon] TRACE segmented.SegmentedRaftLogCache (AutoCloseableReadWriteLock.java:logLocking(65)) - s2@group-B24AF063D807: readLock ACQUIRED 1 by SegmentedRaftLogCache.getLastTermIndex
2022-08-08 17:04:52,170 [s2@group-B24AF063D807->s1-LogAppenderDefault-LogAppenderDaemon] TRACE segmented.SegmentedRaftLogCache (AutoCloseableReadWriteLock.java:logLocking(65)) - s2@group-B24AF063D807: readLock RELEASED 0 by SegmentedRaftLogCache.getLastTermIndex
2022-08-08 17:04:52,171 [Thread-469] TRACE segmented.SegmentedRaftLogCache (AutoCloseableReadWriteLock.java:logLocking(65)) - s1@group-B24AF063D807: readLock ACQUIRED 1 by SegmentedRaftLogCache.computeTruncateIndices
2022-08-08 17:04:52,171 [Thread-469] TRACE segmented.SegmentedRaftLogCache (AutoCloseableReadWriteLock.java:logLocking(65)) -   s1@group-B24AF063D807: readLock ACQUIRED 2 by SegmentedRaftLogCache$LogSegmentList.binarySearch
2022-08-08 17:04:52,171 [Thread-469] TRACE segmented.SegmentedRaftLogCache (AutoCloseableReadWriteLock.java:logLocking(65)) -   s1@group-B24AF063D807: readLock RELEASED 1 by SegmentedRaftLogCache$LogSegmentList.binarySearch
2022-08-08 17:04:52,171 [Thread-469] TRACE segmented.SegmentedRaftLogCache (AutoCloseableReadWriteLock.java:logLocking(65)) -   s1@group-B24AF063D807: readLock ACQUIRED 2 by SegmentedRaftLogCache$LogSegmentList.size
2022-08-08 17:04:52,171 [Thread-469] TRACE segmented.SegmentedRaftLogCache (AutoCloseableReadWriteLock.java:logLocking(65)) -   s1@group-B24AF063D807: readLock RELEASED 1 by SegmentedRaftLogCache$LogSegmentList.size
2022-08-08 17:04:52,171 [Thread-469] TRACE segmented.SegmentedRaftLogCache (AutoCloseableReadWriteLock.java:logLocking(65)) - s1@group-B24AF063D807: readLock RELEASED 0 by SegmentedRaftLogCache.computeTruncateIndices
2022-08-08 17:04:52,171 [Thread-469] DEBUG raftlog.RaftLog (SegmentedRaftLog.java:appendImpl(447)) - truncateIndex=-1, arrayIndex=0
2022-08-08 17:04:52,171 [Thread-469] TRACE segmented.SegmentedRaftLogCache (AutoCloseableReadWriteLock.java:logLocking(65)) - s1@group-B24AF063D807: readLock ACQUIRED 1 by SegmentedRaftLogCache$LogSegmentList.countCached
2022-08-08 17:04:52,171 [Thread-469] TRACE segmented.SegmentedRaftLogCache (AutoCloseableReadWriteLock.java:logLocking(65)) - s1@group-B24AF063D807: readLock RELEASED 0 by SegmentedRaftLogCache$LogSegmentList.countCached
2022-08-08 17:04:52,171 [Thread-469] TRACE segmented.SegmentedRaftLogCache (AutoCloseableReadWriteLock.java:logLocking(65)) - s1@group-B24AF063D807: readLock ACQUIRED 1 by SegmentedRaftLogCache$LogSegmentList.getTotalCacheSize
2022-08-08 17:04:52,171 [Thread-469] TRACE segmented.SegmentedRaftLogCache (AutoCloseableReadWriteLock.java:logLocking(65)) - s1@group-B24AF063D807: readLock RELEASED 0 by SegmentedRaftLogCache$LogSegmentList.getTotalCacheSize
2022-08-08 17:04:52,171 [Thread-469] DEBUG segmented.SegmentedRaftLogWorker (SegmentedRaftLogWorker.java:addIOTask(270)) - s1@group-B24AF063D807-SegmentedRaftLogWorker adds IO task WriteLog:40: (t:1, i:40), METADATAENTRY(c:39)
2022-08-08 17:04:52,171 [s1@group-B24AF063D807-SegmentedRaftLogWorker] DEBUG segmented.SegmentedRaftLogWorker (SegmentedRaftLogWorker.java:flushIfNecessary(365)) - s1@group-B24AF063D807-SegmentedRaftLogWorker: flush SegmentedRaftLogOutputStream(/home/runner/work/ratis/ratis/ratis-test/target/test/data/b051e71b/MiniRaftClusterWithSimulatedRpc1ec78f08/s1/0d1e7fc9-4c77-451a-91df-b24af063d807/current/log_inprogress_0)
2022-08-08 17:04:52,171 [s2@group-B24AF063D807-LeaderStateImpl] TRACE segmented.SegmentedRaftLogCache (AutoCloseableReadWriteLock.java:logLocking(65)) - s2@group-B24AF063D807: readLock ACQUIRED 1 by SegmentedRaftLogCache.getStartIndex
2022-08-08 17:04:52,171 [s2@group-B24AF063D807-LeaderStateImpl] TRACE segmented.SegmentedRaftLogCache (AutoCloseableReadWriteLock.java:logLocking(65)) -   s2@group-B24AF063D807: readLock ACQUIRED 2 by SegmentedRaftLogCache$LogSegmentList.isEmpty
2022-08-08 17:04:52,172 [s2@group-B24AF063D807-LeaderStateImpl] TRACE segmented.SegmentedRaftLogCache (AutoCloseableReadWriteLock.java:logLocking(65)) -       s2@group-B24AF063D807: readLock RELEASED 3 by SegmentedRaftLogCache$LogSegmentList.isEmpty
2022-08-08 17:04:52,172 [s2@group-B24AF063D807-LeaderStateImpl] TRACE segmented.SegmentedRaftLogCache (AutoCloseableReadWriteLock.java:logLocking(65)) -     s2@group-B24AF063D807: readLock RELEASED 2 by SegmentedRaftLogCache.getStartIndex
2022-08-08 17:04:52,172 [s2@group-B24AF063D807-LeaderStateImpl] TRACE segmented.SegmentedRaftLogCache (AutoCloseableReadWriteLock.java:logLocking(65)) -     s2@group-B24AF063D807: readLock ACQUIRED 3 by SegmentedRaftLogCache.getEndIndex
2022-08-08 17:04:52,172 [s2@group-B24AF063D807-LeaderStateImpl] TRACE segmented.SegmentedRaftLogCache (AutoCloseableReadWriteLock.java:logLocking(65)) -     s2@group-B24AF063D807: readLock RELEASED 2 by SegmentedRaftLogCache.getEndIndex
2022-08-08 17:04:52,172 [s2@group-B24AF063D807-LeaderStateImpl] TRACE segmented.SegmentedRaftLogCache (AutoCloseableReadWriteLock.java:logLocking(65)) -     s2@group-B24AF063D807: readLock ACQUIRED 3 by SegmentedRaftLogCache$LogSegmentList.getTermIndex
2022-08-08 17:04:52,172 [s2@group-B24AF063D807-LeaderStateImpl] TRACE segmented.SegmentedRaftLogCache (AutoCloseableReadWriteLock.java:logLocking(65)) -     s2@group-B24AF063D807: readLock RELEASED 2 by SegmentedRaftLogCache$LogSegmentList.getTermIndex
2022-08-08 17:04:52,172 [s2@group-B24AF063D807->s1-LogAppenderDefault-LogAppenderDaemon] TRACE segmented.SegmentedRaftLogCache (AutoCloseableReadWriteLock.java:logLocking(65)) -       s2@group-B24AF063D807: readLock ACQUIRED 4 by SegmentedRaftLogCache.getLastTermIndex
2022-08-08 17:04:52,172 [s2@group-B24AF063D807->s0-LogAppenderDefault-LogAppenderDaemon] TRACE segmented.SegmentedRaftLogCache (AutoCloseableReadWriteLock.java:logLocking(65)) -     s2@group-B24AF063D807: readLock ACQUIRED 3 by SegmentedRaftLogCache.getLastTermIndex
2022-08-08 17:04:52,172 [s2@group-B24AF063D807->s0-LogAppenderDefault-LogAppenderDaemon] TRACE segmented.SegmentedRaftLogCache (AutoCloseableReadWriteLock.java:logLocking(65)) -   s2@group-B24AF063D807: readLock RELEASED 1 by SegmentedRaftLogCache.getLastTermIndex
2022-08-08 17:04:52,172 [s1@group-B24AF063D807-StateMachineUpdater] INFO  statemachine.SimpleStateMachine4Testing (SimpleStateMachine4Testing.java:put(204)) - s1: put 39, m19 -> (t:1, i:39), STATEMACHINELOGENTRY, 216@client-73FEC95B6FDB
2022-08-08 17:04:52,172 [s2@group-B24AF063D807->s1-LogAppenderDefault-LogAppenderDaemon] TRACE segmented.SegmentedRaftLogCache (AutoCloseableReadWriteLock.java:logLocking(65)) - s2@group-B24AF063D807: readLock RELEASED 0 by SegmentedRaftLogCache.getLastTermIndex
2022-08-08 17:04:52,172 [s2@group-B24AF063D807->s0-LogAppenderDefault-LogAppenderDaemon] TRACE segmented.SegmentedRaftLogCache (AutoCloseableReadWriteLock.java:logLocking(65)) - s2@group-B24AF063D807: readLock ACQUIRED 1 by SegmentedRaftLogCache.getLastTermIndex
2022-08-08 17:04:52,172 [s2@group-B24AF063D807->s0-LogAppenderDefault-LogAppenderDaemon] TRACE segmented.SegmentedRaftLogCache (AutoCloseableReadWriteLock.java:logLocking(65)) - s2@group-B24AF063D807: readLock RELEASED 0 by SegmentedRaftLogCache.getLastTermIndex
2022-08-08 17:04:52,173 [s2@group-B24AF063D807->s0-LogAppenderDefault-LogAppenderDaemon] TRACE segmented.SegmentedRaftLogCache (AutoCloseableReadWriteLock.java:logLocking(65)) - s2@group-B24AF063D807: readLock ACQUIRED 1 by SegmentedRaftLogCache.getLastTermIndex
2022-08-08 17:04:52,173 [s2@group-B24AF063D807->s0-LogAppenderDefault-LogAppenderDaemon] TRACE segmented.SegmentedRaftLogCache (AutoCloseableReadWriteLock.java:logLocking(65)) - s2@group-B24AF063D807: readLock RELEASED 0 by SegmentedRaftLogCache.getLastTermIndex
2022-08-08 17:04:52,173 [s2@group-B24AF063D807->s0-LogAppenderDefault-LogAppenderDaemon] TRACE segmented.SegmentedRaftLogCache (AutoCloseableReadWriteLock.java:logLocking(65)) - s2@group-B24AF063D807: readLock ACQUIRED 1 by SegmentedRaftLogCache.getLastTermIndex
2022-08-08 17:04:52,173 [s2@group-B24AF063D807->s0-LogAppenderDefault-LogAppenderDaemon] TRACE segmented.SegmentedRaftLogCache (AutoCloseableReadWriteLock.java:logLocking(65)) - s2@group-B24AF063D807: readLock RELEASED 0 by SegmentedRaftLogCache.getLastTermIndex
2022-08-08 17:04:52,173 [s2@group-B24AF063D807->s1-LogAppenderDefault-LogAppenderDaemon] TRACE segmented.SegmentedRaftLogCache (AutoCloseableReadWriteLock.java:logLocking(65)) - s2@group-B24AF063D807: readLock ACQUIRED 1 by SegmentedRaftLogCache.getLastTermIndex
2022-08-08 17:04:52,173 [s2@group-B24AF063D807->s1-LogAppenderDefault-LogAppenderDaemon] TRACE segmented.SegmentedRaftLogCache (AutoCloseableReadWriteLock.java:logLocking(65)) - s2@group-B24AF063D807: readLock RELEASED 0 by SegmentedRaftLogCache.getLastTermIndex
2022-08-08 17:04:52,173 [s2@group-B24AF063D807->s1-LogAppenderDefault-LogAppenderDaemon] TRACE segmented.SegmentedRaftLogCache (AutoCloseableReadWriteLock.java:logLocking(65)) - s2@group-B24AF063D807: readLock ACQUIRED 1 by SegmentedRaftLogCache.getLastTermIndex
2022-08-08 17:04:52,173 [s2@group-B24AF063D807->s1-LogAppenderDefault-LogAppenderDaemon] TRACE segmented.SegmentedRaftLogCache (AutoCloseableReadWriteLock.java:logLocking(65)) - s2@group-B24AF063D807: readLock RELEASED 0 by SegmentedRaftLogCache.getLastTermIndex
2022-08-08 17:04:52,173 [s2@group-B24AF063D807->s0-LogAppenderDefault-LogAppenderDaemon] TRACE segmented.SegmentedRaftLogCache (AutoCloseableReadWriteLock.java:logLocking(65)) - s2@group-B24AF063D807: readLock ACQUIRED 1 by SegmentedRaftLogCache.getLastTermIndex
2022-08-08 17:04:52,173 [s2@group-B24AF063D807->s0-LogAppenderDefault-LogAppenderDaemon] TRACE segmented.SegmentedRaftLogCache (AutoCloseableReadWriteLock.java:logLocking(65)) - s2@group-B24AF063D807: readLock RELEASED 0 by SegmentedRaftLogCache.getLastTermIndex
2022-08-08 17:04:52,173 [s2@group-B24AF063D807->s0-LogAppenderDefault-LogAppenderDaemon] TRACE segmented.SegmentedRaftLogCache (AutoCloseableReadWriteLock.java:logLocking(65)) - s2@group-B24AF063D807: readLock ACQUIRED 1 by SegmentedRaftLogCache.getLastTermIndex
2022-08-08 17:04:52,173 [s2@group-B24AF063D807->s0-LogAppenderDefault-LogAppenderDaemon] TRACE segmented.SegmentedRaftLogCache (AutoCloseableReadWriteLock.java:logLocking(65)) - s2@group-B24AF063D807: readLock RELEASED 0 by SegmentedRaftLogCache.getLastTermIndex
2022-08-08 17:04:52,173 [s2@group-B24AF063D807->s1-LogAppenderDefault-LogAppenderDaemon] TRACE segmented.SegmentedRaftLogCache (AutoCloseableReadWriteLock.java:logLocking(65)) - s2@group-B24AF063D807: readLock ACQUIRED 1 by SegmentedRaftLogCache.getLastTermIndex
2022-08-08 17:04:52,173 [s2@group-B24AF063D807->s1-LogAppenderDefault-LogAppenderDaemon] TRACE segmented.SegmentedRaftLogCache (AutoCloseableReadWriteLock.java:logLocking(65)) - s2@group-B24AF063D807: readLock RELEASED 0 by SegmentedRaftLogCache.getLastTermIndex
2022-08-08 17:04:52,173 [s2@group-B24AF063D807->s1-LogAppenderDefault-LogAppenderDaemon] TRACE segmented.SegmentedRaftLogCache (AutoCloseableReadWriteLock.java:logLocking(65)) - s2@group-B24AF063D807: readLock ACQUIRED 1 by SegmentedRaftLogCache.getLastTermIndex
2022-08-08 17:04:52,173 [s2@group-B24AF063D807->s1-LogAppenderDefault-LogAppenderDaemon] TRACE segmented.SegmentedRaftLogCache (AutoCloseableReadWriteLock.java:logLocking(65)) - s2@group-B24AF063D807: readLock RELEASED 0 by SegmentedRaftLogCache.getLastTermIndex
2022-08-08 17:04:52,245 [s2@group-B24AF063D807->s0-LogAppenderDefault-LogAppenderDaemon] TRACE segmented.SegmentedRaftLogCache (AutoCloseableReadWriteLock.java:logLocking(65)) - s2@group-B24AF063D807: readLock ACQUIRED 1 by SegmentedRaftLogCache.getLastTermIndex
2022-08-08 17:04:52,245 [s2@group-B24AF063D807->s0-LogAppenderDefault-LogAppenderDaemon] TRACE segmented.SegmentedRaftLogCache (AutoCloseableReadWriteLock.java:logLocking(65)) - s2@group-B24AF063D807: readLock RELEASED 0 by SegmentedRaftLogCache.getLastTermIndex
2022-08-08 17:04:52,245 [s2@group-B24AF063D807->s0-LogAppenderDefault-LogAppenderDaemon] TRACE segmented.SegmentedRaftLogCache (AutoCloseableReadWriteLock.java:logLocking(65)) - s2@group-B24AF063D807: readLock ACQUIRED 1 by SegmentedRaftLogCache.getLastTermIndex
2022-08-08 17:04:52,245 [s2@group-B24AF063D807->s0-LogAppenderDefault-LogAppenderDaemon] TRACE segmented.SegmentedRaftLogCache (AutoCloseableReadWriteLock.java:logLocking(65)) - s2@group-B24AF063D807: readLock RELEASED 0 by SegmentedRaftLogCache.getLastTermIndex
2022-08-08 17:04:52,246 [s0-server-thread2] TRACE segmented.SegmentedRaftLogCache (AutoCloseableReadWriteLock.java:logLocking(65)) - s0@group-B24AF063D807: readLock ACQUIRED 1 by SegmentedRaftLogCache.getLastTermIndex
2022-08-08 17:04:52,246 [s0-server-thread2] TRACE segmented.SegmentedRaftLogCache (AutoCloseableReadWriteLock.java:logLocking(65)) - s0@group-B24AF063D807: readLock RELEASED 0 by SegmentedRaftLogCache.getLastTermIndex
2022-08-08 17:04:52,246 [s2@group-B24AF063D807->s0-LogAppenderDefault-LogAppenderDaemon] TRACE segmented.SegmentedRaftLogCache (AutoCloseableReadWriteLock.java:logLocking(65)) - s2@group-B24AF063D807: readLock ACQUIRED 1 by SegmentedRaftLogCache.getLastTermIndex
2022-08-08 17:04:52,246 [s2@group-B24AF063D807->s0-LogAppenderDefault-LogAppenderDaemon] TRACE segmented.SegmentedRaftLogCache (AutoCloseableReadWriteLock.java:logLocking(65)) - s2@group-B24AF063D807: readLock RELEASED 0 by SegmentedRaftLogCache.getLastTermIndex
2022-08-08 17:04:52,246 [s2@group-B24AF063D807->s1-LogAppenderDefault-LogAppenderDaemon] TRACE segmented.SegmentedRaftLogCache (AutoCloseableReadWriteLock.java:logLocking(65)) - s2@group-B24AF063D807: readLock ACQUIRED 1 by SegmentedRaftLogCache.getLastTermIndex
2022-08-08 17:04:52,246 [s2@group-B24AF063D807->s1-LogAppenderDefault-LogAppenderDaemon] TRACE segmented.SegmentedRaftLogCache (AutoCloseableReadWriteLock.java:logLocking(65)) - s2@group-B24AF063D807: readLock RELEASED 0 by SegmentedRaftLogCache.getLastTermIndex
2022-08-08 17:04:52,247 [s2@group-B24AF063D807->s1-LogAppenderDefault-LogAppenderDaemon] TRACE segmented.SegmentedRaftLogCache (AutoCloseableReadWriteLock.java:logLocking(65)) - s2@group-B24AF063D807: readLock ACQUIRED 1 by SegmentedRaftLogCache.getLastTermIndex
2022-08-08 17:04:52,247 [s2@group-B24AF063D807->s1-LogAppenderDefault-LogAppenderDaemon] TRACE segmented.SegmentedRaftLogCache (AutoCloseableReadWriteLock.java:logLocking(65)) - s2@group-B24AF063D807: readLock RELEASED 0 by SegmentedRaftLogCache.getLastTermIndex
2022-08-08 17:04:52,248 [s2@group-B24AF063D807->s1-LogAppenderDefault-LogAppenderDaemon] TRACE segmented.SegmentedRaftLogCache (AutoCloseableReadWriteLock.java:logLocking(65)) - s2@group-B24AF063D807: readLock ACQUIRED 1 by SegmentedRaftLogCache.getLastTermIndex
2022-08-08 17:04:52,248 [s2@group-B24AF063D807->s1-LogAppenderDefault-LogAppenderDaemon] TRACE segmented.SegmentedRaftLogCache (AutoCloseableReadWriteLock.java:logLocking(65)) - s2@group-B24AF063D807: readLock RELEASED 0 by SegmentedRaftLogCache.getLastTermIndex
2022-08-08 17:04:52,248 [s2@group-B24AF063D807->s1-LogAppenderDefault-LogAppenderDaemon] TRACE segmented.SegmentedRaftLogCache (AutoCloseableReadWriteLock.java:logLocking(65)) - s2@group-B24AF063D807: readLock ACQUIRED 1 by SegmentedRaftLogCache.getLastTermIndex
2022-08-08 17:04:52,248 [s2@group-B24AF063D807->s1-LogAppenderDefault-LogAppenderDaemon] TRACE segmented.SegmentedRaftLogCache (AutoCloseableReadWriteLock.java:logLocking(65)) - s2@group-B24AF063D807: readLock RELEASED 0 by SegmentedRaftLogCache.getLastTermIndex
2022-08-08 17:04:52,249 [s1-server-thread1] TRACE segmented.SegmentedRaftLogCache (AutoCloseableReadWriteLock.java:logLocking(65)) - s1@group-B24AF063D807: readLock ACQUIRED 1 by SegmentedRaftLogCache.getLastTermIndex
2022-08-08 17:04:52,249 [s1-server-thread1] TRACE segmented.SegmentedRaftLogCache (AutoCloseableReadWriteLock.java:logLocking(65)) - s1@group-B24AF063D807: readLock RELEASED 0 by SegmentedRaftLogCache.getLastTermIndex
2022-08-08 17:04:52,249 [s2@group-B24AF063D807->s1-LogAppenderDefault-LogAppenderDaemon] TRACE segmented.SegmentedRaftLogCache (AutoCloseableReadWriteLock.java:logLocking(65)) - s2@group-B24AF063D807: readLock ACQUIRED 1 by SegmentedRaftLogCache.getLastTermIndex
2022-08-08 17:04:52,249 [s2@group-B24AF063D807->s1-LogAppenderDefault-LogAppenderDaemon] TRACE segmented.SegmentedRaftLogCache (AutoCloseableReadWriteLock.java:logLocking(65)) -   s2@group-B24AF063D807: readLock RELEASED 1 by SegmentedRaftLogCache.getLastTermIndex
2022-08-08 17:04:52,249 [s2@group-B24AF063D807->s0-LogAppenderDefault-LogAppenderDaemon] TRACE segmented.SegmentedRaftLogCache (AutoCloseableReadWriteLock.java:logLocking(65)) -   s2@group-B24AF063D807: readLock ACQUIRED 1 by SegmentedRaftLogCache.getLastTermIndex
2022-08-08 17:04:52,250 [s2@group-B24AF063D807->s0-LogAppenderDefault-LogAppenderDaemon] TRACE segmented.SegmentedRaftLogCache (AutoCloseableReadWriteLock.java:logLocking(65)) - s2@group-B24AF063D807: readLock RELEASED 0 by SegmentedRaftLogCache.getLastTermIndex
2022-08-08 17:04:52,250 [s2@group-B24AF063D807->s0-LogAppenderDefault-LogAppenderDaemon] TRACE segmented.SegmentedRaftLogCache (AutoCloseableReadWriteLock.java:logLocking(65)) - s2@group-B24AF063D807: readLock ACQUIRED 1 by SegmentedRaftLogCache.getLastTermIndex
2022-08-08 17:04:52,250 [s2@group-B24AF063D807->s0-LogAppenderDefault-LogAppenderDaemon] TRACE segmented.SegmentedRaftLogCache (AutoCloseableReadWriteLock.java:logLocking(65)) - s2@group-B24AF063D807: readLock RELEASED 0 by SegmentedRaftLogCache.getLastTermIndex
2022-08-08 17:04:52,322 [s2@group-B24AF063D807->s0-LogAppenderDefault-LogAppenderDaemon] TRACE segmented.SegmentedRaftLogCache (AutoCloseableReadWriteLock.java:logLocking(65)) - s2@group-B24AF063D807: readLock ACQUIRED 1 by SegmentedRaftLogCache.getLastTermIndex
2022-08-08 17:04:52,322 [s2@group-B24AF063D807->s0-LogAppenderDefault-LogAppenderDaemon] TRACE segmented.SegmentedRaftLogCache (AutoCloseableReadWriteLock.java:logLocking(65)) - s2@group-B24AF063D807: readLock RELEASED 0 by SegmentedRaftLogCache.getLastTermIndex
2022-08-08 17:04:52,322 [s2@group-B24AF063D807->s0-LogAppenderDefault-LogAppenderDaemon] TRACE segmented.SegmentedRaftLogCache (AutoCloseableReadWriteLock.java:logLocking(65)) - s2@group-B24AF063D807: readLock ACQUIRED 1 by SegmentedRaftLogCache.getLastTermIndex
2022-08-08 17:04:52,322 [s2@group-B24AF063D807->s0-LogAppenderDefault-LogAppenderDaemon] TRACE segmented.SegmentedRaftLogCache (AutoCloseableReadWriteLock.java:logLocking(65)) - s2@group-B24AF063D807: readLock RELEASED 0 by SegmentedRaftLogCache.getLastTermIndex
2022-08-08 17:04:52,323 [s0-server-thread2] TRACE segmented.SegmentedRaftLogCache (AutoCloseableReadWriteLock.java:logLocking(65)) - s0@group-B24AF063D807: readLock ACQUIRED 1 by SegmentedRaftLogCache.getLastTermIndex
2022-08-08 17:04:52,323 [s0-server-thread2] TRACE segmented.SegmentedRaftLogCache (AutoCloseableReadWriteLock.java:logLocking(65)) - s0@group-B24AF063D807: readLock RELEASED 0 by SegmentedRaftLogCache.getLastTermIndex
2022-08-08 17:04:52,323 [s2@group-B24AF063D807->s0-LogAppenderDefault-LogAppenderDaemon] TRACE segmented.SegmentedRaftLogCache (AutoCloseableReadWriteLock.java:logLocking(65)) - s2@group-B24AF063D807: readLock ACQUIRED 1 by SegmentedRaftLogCache.getLastTermIndex
2022-08-08 17:04:52,323 [s2@group-B24AF063D807->s0-LogAppenderDefault-LogAppenderDaemon] TRACE segmented.SegmentedRaftLogCache (AutoCloseableReadWriteLock.java:logLocking(65)) - s2@group-B24AF063D807: readLock RELEASED 0 by SegmentedRaftLogCache.getLastTermIndex
2022-08-08 17:04:52,325 [s2@group-B24AF063D807->s1-LogAppenderDefault-LogAppenderDaemon] TRACE segmented.SegmentedRaftLogCache (AutoCloseableReadWriteLock.java:logLocking(65)) - s2@group-B24AF063D807: readLock ACQUIRED 1 by SegmentedRaftLogCache.getLastTermIndex
2022-08-08 17:04:52,325 [s2@group-B24AF063D807->s1-LogAppenderDefault-LogAppenderDaemon] TRACE segmented.SegmentedRaftLogCache (AutoCloseableReadWriteLock.java:logLocking(65)) - s2@group-B24AF063D807: readLock RELEASED 0 by SegmentedRaftLogCache.getLastTermIndex
2022-08-08 17:04:52,325 [s2@group-B24AF063D807->s1-LogAppenderDefault-LogAppenderDaemon] TRACE segmented.SegmentedRaftLogCache (AutoCloseableReadWriteLock.java:logLocking(65)) - s2@group-B24AF063D807: readLock ACQUIRED 1 by SegmentedRaftLogCache.getLastTermIndex
2022-08-08 17:04:52,325 [s2@group-B24AF063D807->s1-LogAppenderDefault-LogAppenderDaemon] TRACE segmented.SegmentedRaftLogCache (AutoCloseableReadWriteLock.java:logLocking(65)) - s2@group-B24AF063D807: readLock RELEASED 0 by SegmentedRaftLogCache.getLastTermIndex
2022-08-08 17:04:52,325 [s1-server-thread1] TRACE segmented.SegmentedRaftLogCache (AutoCloseableReadWriteLock.java:logLocking(65)) - s1@group-B24AF063D807: readLock ACQUIRED 1 by SegmentedRaftLogCache.getLastTermIndex
2022-08-08 17:04:52,325 [s1-server-thread1] TRACE segmented.SegmentedRaftLogCache (AutoCloseableReadWriteLock.java:logLocking(65)) - s1@group-B24AF063D807: readLock RELEASED 0 by SegmentedRaftLogCache.getLastTermIndex
2022-08-08 17:04:52,325 [s2@group-B24AF063D807->s1-LogAppenderDefault-LogAppenderDaemon] TRACE segmented.SegmentedRaftLogCache (AutoCloseableReadWriteLock.java:logLocking(65)) - s2@group-B24AF063D807: readLock ACQUIRED 1 by SegmentedRaftLogCache.getLastTermIndex
2022-08-08 17:04:52,326 [s2@group-B24AF063D807->s1-LogAppenderDefault-LogAppenderDaemon] TRACE segmented.SegmentedRaftLogCache (AutoCloseableReadWriteLock.java:logLocking(65)) - s2@group-B24AF063D807: readLock RELEASED 0 by SegmentedRaftLogCache.getLastTermIndex
2022-08-08 17:04:52,398 [s2@group-B24AF063D807->s0-LogAppenderDefault-LogAppenderDaemon] TRACE segmented.SegmentedRaftLogCache (AutoCloseableReadWriteLock.java:logLocking(65)) - s2@group-B24AF063D807: readLock ACQUIRED 1 by SegmentedRaftLogCache.getLastTermIndex
2022-08-08 17:04:52,398 [s2@group-B24AF063D807->s0-LogAppenderDefault-LogAppenderDaemon] TRACE segmented.SegmentedRaftLogCache (AutoCloseableReadWriteLock.java:logLocking(65)) - s2@group-B24AF063D807: readLock RELEASED 0 by SegmentedRaftLogCache.getLastTermIndex
2022-08-08 17:04:52,398 [s2@group-B24AF063D807->s0-LogAppenderDefault-LogAppenderDaemon] TRACE segmented.SegmentedRaftLogCache (AutoCloseableReadWriteLock.java:logLocking(65)) - s2@group-B24AF063D807: readLock ACQUIRED 1 by SegmentedRaftLogCache.getLastTermIndex
2022-08-08 17:04:52,398 [s2@group-B24AF063D807->s0-LogAppenderDefault-LogAppenderDaemon] TRACE segmented.SegmentedRaftLogCache (AutoCloseableReadWriteLock.java:logLocking(65)) - s2@group-B24AF063D807: readLock RELEASED 0 by SegmentedRaftLogCache.getLastTermIndex
2022-08-08 17:04:52,399 [s0-server-thread2] TRACE segmented.SegmentedRaftLogCache (AutoCloseableReadWriteLock.java:logLocking(65)) - s0@group-B24AF063D807: readLock ACQUIRED 1 by SegmentedRaftLogCache.getLastTermIndex
2022-08-08 17:04:52,399 [s0-server-thread2] TRACE segmented.SegmentedRaftLogCache (AutoCloseableReadWriteLock.java:logLocking(65)) - s0@group-B24AF063D807: readLock RELEASED 0 by SegmentedRaftLogCache.getLastTermIndex
2022-08-08 17:04:52,399 [s2@group-B24AF063D807->s0-LogAppenderDefault-LogAppenderDaemon] TRACE segmented.SegmentedRaftLogCache (AutoCloseableReadWriteLock.java:logLocking(65)) - s2@group-B24AF063D807: readLock ACQUIRED 1 by SegmentedRaftLogCache.getLastTermIndex
2022-08-08 17:04:52,399 [s2@group-B24AF063D807->s0-LogAppenderDefault-LogAppenderDaemon] TRACE segmented.SegmentedRaftLogCache (AutoCloseableReadWriteLock.java:logLocking(65)) - s2@group-B24AF063D807: readLock RELEASED 0 by SegmentedRaftLogCache.getLastTermIndex
2022-08-08 17:04:52,401 [s2@group-B24AF063D807->s1-LogAppenderDefault-LogAppenderDaemon] TRACE segmented.SegmentedRaftLogCache (AutoCloseableReadWriteLock.java:logLocking(65)) - s2@group-B24AF063D807: readLock ACQUIRED 1 by SegmentedRaftLogCache.getLastTermIndex
2022-08-08 17:04:52,401 [s2@group-B24AF063D807->s1-LogAppenderDefault-LogAppenderDaemon] TRACE segmented.SegmentedRaftLogCache (AutoCloseableReadWriteLock.java:logLocking(65)) - s2@group-B24AF063D807: readLock RELEASED 0 by SegmentedRaftLogCache.getLastTermIndex
2022-08-08 17:04:52,401 [s2@group-B24AF063D807->s1-LogAppenderDefault-LogAppenderDaemon] TRACE segmented.SegmentedRaftLogCache (AutoCloseableReadWriteLock.java:logLocking(65)) - s2@group-B24AF063D807: readLock ACQUIRED 1 by SegmentedRaftLogCache.getLastTermIndex
2022-08-08 17:04:52,401 [s2@group-B24AF063D807->s1-LogAppenderDefault-LogAppenderDaemon] TRACE segmented.SegmentedRaftLogCache (AutoCloseableReadWriteLock.java:logLocking(65)) - s2@group-B24AF063D807: readLock RELEASED 0 by SegmentedRaftLogCache.getLastTermIndex
2022-08-08 17:04:52,401 [s1-server-thread1] TRACE segmented.SegmentedRaftLogCache (AutoCloseableReadWriteLock.java:logLocking(65)) - s1@group-B24AF063D807: readLock ACQUIRED 1 by SegmentedRaftLogCache.getLastTermIndex
2022-08-08 17:04:52,401 [s1-server-thread1] TRACE segmented.SegmentedRaftLogCache (AutoCloseableReadWriteLock.java:logLocking(65)) - s1@group-B24AF063D807: readLock RELEASED 0 by SegmentedRaftLogCache.getLastTermIndex
2022-08-08 17:04:52,401 [s2@group-B24AF063D807->s1-LogAppenderDefault-LogAppenderDaemon] TRACE segmented.SegmentedRaftLogCache (AutoCloseableReadWriteLock.java:logLocking(65)) - s2@group-B24AF063D807: readLock ACQUIRED 1 by SegmentedRaftLogCache.getLastTermIndex
2022-08-08 17:04:52,401 [s2@group-B24AF063D807->s1-LogAppenderDefault-LogAppenderDaemon] TRACE segmented.SegmentedRaftLogCache (AutoCloseableReadWriteLock.java:logLocking(65)) - s2@group-B24AF063D807: readLock RELEASED 0 by SegmentedRaftLogCache.getLastTermIndex
2022-08-08 17:04:52,474 [s2@group-B24AF063D807->s0-LogAppenderDefault-LogAppenderDaemon] TRACE segmented.SegmentedRaftLogCache (AutoCloseableReadWriteLock.java:logLocking(65)) - s2@group-B24AF063D807: readLock ACQUIRED 1 by SegmentedRaftLogCache.getLastTermIndex
2022-08-08 17:04:52,474 [s2@group-B24AF063D807->s0-LogAppenderDefault-LogAppenderDaemon] TRACE segmented.SegmentedRaftLogCache (AutoCloseableReadWriteLock.java:logLocking(65)) - s2@group-B24AF063D807: readLock RELEASED 0 by SegmentedRaftLogCache.getLastTermIndex
2022-08-08 17:04:52,475 [s2@group-B24AF063D807->s0-LogAppenderDefault-LogAppenderDaemon] TRACE segmented.SegmentedRaftLogCache (AutoCloseableReadWriteLock.java:logLocking(65)) - s2@group-B24AF063D807: readLock ACQUIRED 1 by SegmentedRaftLogCache.getLastTermIndex
2022-08-08 17:04:52,475 [s2@group-B24AF063D807->s0-LogAppenderDefault-LogAppenderDaemon] TRACE segmented.SegmentedRaftLogCache (AutoCloseableReadWriteLock.java:logLocking(65)) - s2@group-B24AF063D807: readLock RELEASED 0 by SegmentedRaftLogCache.getLastTermIndex
2022-08-08 17:04:52,476 [s0-server-thread2] TRACE segmented.SegmentedRaftLogCache (AutoCloseableReadWriteLock.java:logLocking(65)) - s0@group-B24AF063D807: readLock ACQUIRED 1 by SegmentedRaftLogCache.getLastTermIndex
2022-08-08 17:04:52,476 [s0-server-thread2] TRACE segmented.SegmentedRaftLogCache (AutoCloseableReadWriteLock.java:logLocking(65)) - s0@group-B24AF063D807: readLock RELEASED 0 by SegmentedRaftLogCache.getLastTermIndex
2022-08-08 17:04:52,476 [s2@group-B24AF063D807->s0-LogAppenderDefault-LogAppenderDaemon] TRACE segmented.SegmentedRaftLogCache (AutoCloseableReadWriteLock.java:logLocking(65)) - s2@group-B24AF063D807: readLock ACQUIRED 1 by SegmentedRaftLogCache.getLastTermIndex
2022-08-08 17:04:52,476 [s2@group-B24AF063D807->s0-LogAppenderDefault-LogAppenderDaemon] TRACE segmented.SegmentedRaftLogCache (AutoCloseableReadWriteLock.java:logLocking(65)) - s2@group-B24AF063D807: readLock RELEASED 0 by SegmentedRaftLogCache.getLastTermIndex
2022-08-08 17:04:52,476 [s2@group-B24AF063D807->s1-LogAppenderDefault-LogAppenderDaemon] TRACE segmented.SegmentedRaftLogCache (AutoCloseableReadWriteLock.java:logLocking(65)) - s2@group-B24AF063D807: readLock ACQUIRED 1 by SegmentedRaftLogCache.getLastTermIndex
2022-08-08 17:04:52,477 [s2@group-B24AF063D807->s1-LogAppenderDefault-LogAppenderDaemon] TRACE segmented.SegmentedRaftLogCache (AutoCloseableReadWriteLock.java:logLocking(65)) - s2@group-B24AF063D807: readLock RELEASED 0 by SegmentedRaftLogCache.getLastTermIndex
2022-08-08 17:04:52,477 [s2@group-B24AF063D807->s1-LogAppenderDefault-LogAppenderDaemon] TRACE segmented.SegmentedRaftLogCache (AutoCloseableReadWriteLock.java:logLocking(65)) - s2@group-B24AF063D807: readLock ACQUIRED 1 by SegmentedRaftLogCache.getLastTermIndex
2022-08-08 17:04:52,477 [s2@group-B24AF063D807->s1-LogAppenderDefault-LogAppenderDaemon] TRACE segmented.SegmentedRaftLogCache (AutoCloseableReadWriteLock.java:logLocking(65)) - s2@group-B24AF063D807: readLock RELEASED 0 by SegmentedRaftLogCache.getLastTermIndex
2022-08-08 17:04:52,477 [s1-server-thread1] TRACE segmented.SegmentedRaftLogCache (AutoCloseableReadWriteLock.java:logLocking(65)) - s1@group-B24AF063D807: readLock ACQUIRED 1 by SegmentedRaftLogCache.getLastTermIndex
2022-08-08 17:04:52,477 [s1-server-thread1] TRACE segmented.SegmentedRaftLogCache (AutoCloseableReadWriteLock.java:logLocking(65)) - s1@group-B24AF063D807: readLock RELEASED 0 by SegmentedRaftLogCache.getLastTermIndex
2022-08-08 17:04:52,477 [s2@group-B24AF063D807->s1-LogAppenderDefault-LogAppenderDaemon] TRACE segmented.SegmentedRaftLogCache (AutoCloseableReadWriteLock.java:logLocking(65)) - s2@group-B24AF063D807: readLock ACQUIRED 1 by SegmentedRaftLogCache.getLastTermIndex
2022-08-08 17:04:52,477 [s2@group-B24AF063D807->s1-LogAppenderDefault-LogAppenderDaemon] TRACE segmented.SegmentedRaftLogCache (AutoCloseableReadWriteLock.java:logLocking(65)) - s2@group-B24AF063D807: readLock RELEASED 0 by SegmentedRaftLogCache.getLastTermIndex
2022-08-08 17:04:52,551 [s2@group-B24AF063D807->s0-LogAppenderDefault-LogAppenderDaemon] TRACE segmented.SegmentedRaftLogCache (AutoCloseableReadWriteLock.java:logLocking(65)) - s2@group-B24AF063D807: readLock ACQUIRED 1 by SegmentedRaftLogCache.getLastTermIndex
2022-08-08 17:04:52,551 [s2@group-B24AF063D807->s0-LogAppenderDefault-LogAppenderDaemon] TRACE segmented.SegmentedRaftLogCache (AutoCloseableReadWriteLock.java:logLocking(65)) - s2@group-B24AF063D807: readLock RELEASED 0 by SegmentedRaftLogCache.getLastTermIndex
2022-08-08 17:04:52,551 [s2@group-B24AF063D807->s0-LogAppenderDefault-LogAppenderDaemon] TRACE segmented.SegmentedRaftLogCache (AutoCloseableReadWriteLock.java:logLocking(65)) - s2@group-B24AF063D807: readLock ACQUIRED 1 by SegmentedRaftLogCache.getLastTermIndex
2022-08-08 17:04:52,551 [s2@group-B24AF063D807->s0-LogAppenderDefault-LogAppenderDaemon] TRACE segmented.SegmentedRaftLogCache (AutoCloseableReadWriteLock.java:logLocking(65)) - s2@group-B24AF063D807: readLock RELEASED 0 by SegmentedRaftLogCache.getLastTermIndex
2022-08-08 17:04:52,552 [s0-server-thread2] TRACE segmented.SegmentedRaftLogCache (AutoCloseableReadWriteLock.java:logLocking(65)) - s0@group-B24AF063D807: readLock ACQUIRED 1 by SegmentedRaftLogCache.getLastTermIndex
2022-08-08 17:04:52,552 [s0-server-thread2] TRACE segmented.SegmentedRaftLogCache (AutoCloseableReadWriteLock.java:logLocking(65)) - s0@group-B24AF063D807: readLock RELEASED 0 by SegmentedRaftLogCache.getLastTermIndex
2022-08-08 17:04:52,552 [s2@group-B24AF063D807->s0-LogAppenderDefault-LogAppenderDaemon] TRACE segmented.SegmentedRaftLogCache (AutoCloseableReadWriteLock.java:logLocking(65)) - s2@group-B24AF063D807: readLock ACQUIRED 1 by SegmentedRaftLogCache.getLastTermIndex
2022-08-08 17:04:52,552 [s2@group-B24AF063D807->s0-LogAppenderDefault-LogAppenderDaemon] TRACE segmented.SegmentedRaftLogCache (AutoCloseableReadWriteLock.java:logLocking(65)) - s2@group-B24AF063D807: readLock RELEASED 0 by SegmentedRaftLogCache.getLastTermIndex
2022-08-08 17:04:52,552 [s2@group-B24AF063D807->s1-LogAppenderDefault-LogAppenderDaemon] TRACE segmented.SegmentedRaftLogCache (AutoCloseableReadWriteLock.java:logLocking(65)) - s2@group-B24AF063D807: readLock ACQUIRED 1 by SegmentedRaftLogCache.getLastTermIndex
2022-08-08 17:04:52,552 [s2@group-B24AF063D807->s1-LogAppenderDefault-LogAppenderDaemon] TRACE segmented.SegmentedRaftLogCache (AutoCloseableReadWriteLock.java:logLocking(65)) - s2@group-B24AF063D807: readLock RELEASED 0 by SegmentedRaftLogCache.getLastTermIndex
2022-08-08 17:04:52,552 [s2@group-B24AF063D807->s1-LogAppenderDefault-LogAppenderDaemon] TRACE segmented.SegmentedRaftLogCache (AutoCloseableReadWriteLock.java:logLocking(65)) - s2@group-B24AF063D807: readLock ACQUIRED 1 by SegmentedRaftLogCache.getLastTermIndex
2022-08-08 17:04:52,552 [s2@group-B24AF063D807->s1-LogAppenderDefault-LogAppenderDaemon] TRACE segmented.SegmentedRaftLogCache (AutoCloseableReadWriteLock.java:logLocking(65)) - s2@group-B24AF063D807: readLock RELEASED 0 by SegmentedRaftLogCache.getLastTermIndex
2022-08-08 17:04:52,553 [s1-server-thread1] TRACE segmented.SegmentedRaftLogCache (AutoCloseableReadWriteLock.java:logLocking(65)) - s1@group-B24AF063D807: readLock ACQUIRED 1 by SegmentedRaftLogCache.getLastTermIndex
2022-08-08 17:04:52,553 [s1-server-thread1] TRACE segmented.SegmentedRaftLogCache (AutoCloseableReadWriteLock.java:logLocking(65)) - s1@group-B24AF063D807: readLock RELEASED 0 by SegmentedRaftLogCache.getLastTermIndex
2022-08-08 17:04:52,553 [s2@group-B24AF063D807->s1-LogAppenderDefault-LogAppenderDaemon] TRACE segmented.SegmentedRaftLogCache (AutoCloseableReadWriteLock.java:logLocking(65)) - s2@group-B24AF063D807: readLock ACQUIRED 1 by SegmentedRaftLogCache.getLastTermIndex
2022-08-08 17:04:52,553 [s2@group-B24AF063D807->s1-LogAppenderDefault-LogAppenderDaemon] TRACE segmented.SegmentedRaftLogCache (AutoCloseableReadWriteLock.java:logLocking(65)) - s2@group-B24AF063D807: readLock RELEASED 0 by SegmentedRaftLogCache.getLastTermIndex
2022-08-08 17:04:52,627 [s2@group-B24AF063D807->s0-LogAppenderDefault-LogAppenderDaemon] TRACE segmented.SegmentedRaftLogCache (AutoCloseableReadWriteLock.java:logLocking(65)) - s2@group-B24AF063D807: readLock ACQUIRED 1 by SegmentedRaftLogCache.getLastTermIndex
2022-08-08 17:04:52,627 [s2@group-B24AF063D807->s0-LogAppenderDefault-LogAppenderDaemon] TRACE segmented.SegmentedRaftLogCache (AutoCloseableReadWriteLock.java:logLocking(65)) - s2@group-B24AF063D807: readLock RELEASED 0 by SegmentedRaftLogCache.getLastTermIndex
2022-08-08 17:04:52,628 [s2@group-B24AF063D807->s0-LogAppenderDefault-LogAppenderDaemon] TRACE segmented.SegmentedRaftLogCache (AutoCloseableReadWriteLock.java:logLocking(65)) - s2@group-B24AF063D807: readLock ACQUIRED 1 by SegmentedRaftLogCache.getLastTermIndex
2022-08-08 17:04:52,628 [s2@group-B24AF063D807->s0-LogAppenderDefault-LogAppenderDaemon] TRACE segmented.SegmentedRaftLogCache (AutoCloseableReadWriteLock.java:logLocking(65)) - s2@group-B24AF063D807: readLock RELEASED 0 by SegmentedRaftLogCache.getLastTermIndex
2022-08-08 17:04:52,628 [s0-server-thread2] TRACE segmented.SegmentedRaftLogCache (AutoCloseableReadWriteLock.java:logLocking(65)) - s0@group-B24AF063D807: readLock ACQUIRED 1 by SegmentedRaftLogCache.getLastTermIndex
2022-08-08 17:04:52,628 [s0-server-thread2] TRACE segmented.SegmentedRaftLogCache (AutoCloseableReadWriteLock.java:logLocking(65)) - s0@group-B24AF063D807: readLock RELEASED 0 by SegmentedRaftLogCache.getLastTermIndex
2022-08-08 17:04:52,628 [s2@group-B24AF063D807->s1-LogAppenderDefault-LogAppenderDaemon] TRACE segmented.SegmentedRaftLogCache (AutoCloseableReadWriteLock.java:logLocking(65)) - s2@group-B24AF063D807: readLock ACQUIRED 1 by SegmentedRaftLogCache.getLastTermIndex
2022-08-08 17:04:52,628 [s2@group-B24AF063D807->s1-LogAppenderDefault-LogAppenderDaemon] TRACE segmented.SegmentedRaftLogCache (AutoCloseableReadWriteLock.java:logLocking(65)) - s2@group-B24AF063D807: readLock RELEASED 0 by SegmentedRaftLogCache.getLastTermIndex
2022-08-08 17:04:52,628 [s2@group-B24AF063D807->s0-LogAppenderDefault-LogAppenderDaemon] TRACE segmented.SegmentedRaftLogCache (AutoCloseableReadWriteLock.java:logLocking(65)) - s2@group-B24AF063D807: readLock ACQUIRED 1 by SegmentedRaftLogCache.getLastTermIndex
2022-08-08 17:04:52,628 [s2@group-B24AF063D807->s0-LogAppenderDefault-LogAppenderDaemon] TRACE segmented.SegmentedRaftLogCache (AutoCloseableReadWriteLock.java:logLocking(65)) -   s2@group-B24AF063D807: readLock RELEASED 1 by SegmentedRaftLogCache.getLastTermIndex
2022-08-08 17:04:52,628 [s2@group-B24AF063D807->s1-LogAppenderDefault-LogAppenderDaemon] TRACE segmented.SegmentedRaftLogCache (AutoCloseableReadWriteLock.java:logLocking(65)) -   s2@group-B24AF063D807: readLock ACQUIRED 2 by SegmentedRaftLogCache.getLastTermIndex
2022-08-08 17:04:52,629 [s2@group-B24AF063D807->s1-LogAppenderDefault-LogAppenderDaemon] TRACE segmented.SegmentedRaftLogCache (AutoCloseableReadWriteLock.java:logLocking(65)) - s2@group-B24AF063D807: readLock RELEASED 0 by SegmentedRaftLogCache.getLastTermIndex
2022-08-08 17:04:52,629 [s1-server-thread1] TRACE segmented.SegmentedRaftLogCache (AutoCloseableReadWriteLock.java:logLocking(65)) - s1@group-B24AF063D807: readLock ACQUIRED 1 by SegmentedRaftLogCache.getLastTermIndex
2022-08-08 17:04:52,629 [s1-server-thread1] TRACE segmented.SegmentedRaftLogCache (AutoCloseableReadWriteLock.java:logLocking(65)) - s1@group-B24AF063D807: readLock RELEASED 0 by SegmentedRaftLogCache.getLastTermIndex
2022-08-08 17:04:52,629 [s2@group-B24AF063D807->s1-LogAppenderDefault-LogAppenderDaemon] TRACE segmented.SegmentedRaftLogCache (AutoCloseableReadWriteLock.java:logLocking(65)) - s2@group-B24AF063D807: readLock ACQUIRED 1 by SegmentedRaftLogCache.getLastTermIndex
2022-08-08 17:04:52,629 [s2@group-B24AF063D807->s1-LogAppenderDefault-LogAppenderDaemon] TRACE segmented.SegmentedRaftLogCache (AutoCloseableReadWriteLock.java:logLocking(65)) - s2@group-B24AF063D807: readLock RELEASED 0 by SegmentedRaftLogCache.getLastTermIndex
2022-08-08 17:04:52,704 [s2@group-B24AF063D807->s0-LogAppenderDefault-LogAppenderDaemon] TRACE segmented.SegmentedRaftLogCache (AutoCloseableReadWriteLock.java:logLocking(65)) - s2@group-B24AF063D807: readLock ACQUIRED 1 by SegmentedRaftLogCache.getLastTermIndex
2022-08-08 17:04:52,704 [s2@group-B24AF063D807->s0-LogAppenderDefault-LogAppenderDaemon] TRACE segmented.SegmentedRaftLogCache (AutoCloseableReadWriteLock.java:logLocking(65)) - s2@group-B24AF063D807: readLock RELEASED 0 by SegmentedRaftLogCache.getLastTermIndex
2022-08-08 17:04:52,704 [s2@group-B24AF063D807->s0-LogAppenderDefault-LogAppenderDaemon] TRACE segmented.SegmentedRaftLogCache (AutoCloseableReadWriteLock.java:logLocking(65)) - s2@group-B24AF063D807: readLock ACQUIRED 1 by SegmentedRaftLogCache.getLastTermIndex
2022-08-08 17:04:52,704 [s2@group-B24AF063D807->s0-LogAppenderDefault-LogAppenderDaemon] TRACE segmented.SegmentedRaftLogCache (AutoCloseableReadWriteLock.java:logLocking(65)) - s2@group-B24AF063D807: readLock RELEASED 0 by SegmentedRaftLogCache.getLastTermIndex
2022-08-08 17:04:52,704 [s2@group-B24AF063D807->s1-LogAppenderDefault-LogAppenderDaemon] TRACE segmented.SegmentedRaftLogCache (AutoCloseableReadWriteLock.java:logLocking(65)) - s2@group-B24AF063D807: readLock ACQUIRED 1 by SegmentedRaftLogCache.getLastTermIndex
2022-08-08 17:04:52,704 [s2@group-B24AF063D807->s1-LogAppenderDefault-LogAppenderDaemon] TRACE segmented.SegmentedRaftLogCache (AutoCloseableReadWriteLock.java:logLocking(65)) - s2@group-B24AF063D807: readLock RELEASED 0 by SegmentedRaftLogCache.getLastTermIndex
2022-08-08 17:04:52,704 [s2@group-B24AF063D807->s1-LogAppenderDefault-LogAppenderDaemon] TRACE segmented.SegmentedRaftLogCache (AutoCloseableReadWriteLock.java:logLocking(65)) - s2@group-B24AF063D807: readLock ACQUIRED 1 by SegmentedRaftLogCache.getLastTermIndex
2022-08-08 17:04:52,705 [s2@group-B24AF063D807->s1-LogAppenderDefault-LogAppenderDaemon] TRACE segmented.SegmentedRaftLogCache (AutoCloseableReadWriteLock.java:logLocking(65)) - s2@group-B24AF063D807: readLock RELEASED 0 by SegmentedRaftLogCache.getLastTermIndex
2022-08-08 17:04:52,705 [s0-server-thread2] TRACE segmented.SegmentedRaftLogCache (AutoCloseableReadWriteLock.java:logLocking(65)) - s0@group-B24AF063D807: readLock ACQUIRED 1 by SegmentedRaftLogCache.getLastTermIndex
2022-08-08 17:04:52,705 [s0-server-thread2] TRACE segmented.SegmentedRaftLogCache (AutoCloseableReadWriteLock.java:logLocking(65)) - s0@group-B24AF063D807: readLock RELEASED 0 by SegmentedRaftLogCache.getLastTermIndex
2022-08-08 17:04:52,705 [s1-server-thread1] TRACE segmented.SegmentedRaftLogCache (AutoCloseableReadWriteLock.java:logLocking(65)) - s1@group-B24AF063D807: readLock ACQUIRED 1 by SegmentedRaftLogCache.getLastTermIndex
2022-08-08 17:04:52,705 [s1-server-thread1] TRACE segmented.SegmentedRaftLogCache (AutoCloseableReadWriteLock.java:logLocking(65)) - s1@group-B24AF063D807: readLock RELEASED 0 by SegmentedRaftLogCache.getLastTermIndex
2022-08-08 17:04:52,705 [s2@group-B24AF063D807->s1-LogAppenderDefault-LogAppenderDaemon] TRACE segmented.SegmentedRaftLogCache (AutoCloseableReadWriteLock.java:logLocking(65)) - s2@group-B24AF063D807: readLock ACQUIRED 1 by SegmentedRaftLogCache.getLastTermIndex
2022-08-08 17:04:52,705 [s2@group-B24AF063D807->s1-LogAppenderDefault-LogAppenderDaemon] TRACE segmented.SegmentedRaftLogCache (AutoCloseableReadWriteLock.java:logLocking(65)) - s2@group-B24AF063D807: readLock RELEASED 0 by SegmentedRaftLogCache.getLastTermIndex
2022-08-08 17:04:52,705 [s2@group-B24AF063D807->s0-LogAppenderDefault-LogAppenderDaemon] TRACE segmented.SegmentedRaftLogCache (AutoCloseableReadWriteLock.java:logLocking(65)) - s2@group-B24AF063D807: readLock ACQUIRED 1 by SegmentedRaftLogCache.getLastTermIndex
2022-08-08 17:04:52,705 [s2@group-B24AF063D807->s0-LogAppenderDefault-LogAppenderDaemon] TRACE segmented.SegmentedRaftLogCache (AutoCloseableReadWriteLock.java:logLocking(65)) - s2@group-B24AF063D807: readLock RELEASED 0 by SegmentedRaftLogCache.getLastTermIndex
2022-08-08 17:04:52,780 [s2@group-B24AF063D807->s1-LogAppenderDefault-LogAppenderDaemon] TRACE segmented.SegmentedRaftLogCache (AutoCloseableReadWriteLock.java:logLocking(65)) - s2@group-B24AF063D807: readLock ACQUIRED 1 by SegmentedRaftLogCache.getLastTermIndex
2022-08-08 17:04:52,780 [s2@group-B24AF063D807->s1-LogAppenderDefault-LogAppenderDaemon] TRACE segmented.SegmentedRaftLogCache (AutoCloseableReadWriteLock.java:logLocking(65)) -   s2@group-B24AF063D807: readLock RELEASED 1 by SegmentedRaftLogCache.getLastTermIndex
2022-08-08 17:04:52,780 [s2@group-B24AF063D807->s0-LogAppenderDefault-LogAppenderDaemon] TRACE segmented.SegmentedRaftLogCache (AutoCloseableReadWriteLock.java:logLocking(65)) -   s2@group-B24AF063D807: readLock ACQUIRED 2 by SegmentedRaftLogCache.getLastTermIndex
2022-08-08 17:04:52,781 [s2@group-B24AF063D807->s0-LogAppenderDefault-LogAppenderDaemon] TRACE segmented.SegmentedRaftLogCache (AutoCloseableReadWriteLock.java:logLocking(65)) -   s2@group-B24AF063D807: readLock RELEASED 1 by SegmentedRaftLogCache.getLastTermIndex
2022-08-08 17:04:52,781 [s2@group-B24AF063D807->s1-LogAppenderDefault-LogAppenderDaemon] TRACE segmented.SegmentedRaftLogCache (AutoCloseableReadWriteLock.java:logLocking(65)) -   s2@group-B24AF063D807: readLock ACQUIRED 2 by SegmentedRaftLogCache.getLastTermIndex
2022-08-08 17:04:52,781 [s2@group-B24AF063D807->s1-LogAppenderDefault-LogAppenderDaemon] TRACE segmented.SegmentedRaftLogCache (AutoCloseableReadWriteLock.java:logLocking(65)) -   s2@group-B24AF063D807: readLock RELEASED 1 by SegmentedRaftLogCache.getLastTermIndex
2022-08-08 17:04:52,781 [s2@group-B24AF063D807->s0-LogAppenderDefault-LogAppenderDaemon] TRACE segmented.SegmentedRaftLogCache (AutoCloseableReadWriteLock.java:logLocking(65)) -   s2@group-B24AF063D807: readLock ACQUIRED 2 by SegmentedRaftLogCache.getLastTermIndex
2022-08-08 17:04:52,781 [s2@group-B24AF063D807->s0-LogAppenderDefault-LogAppenderDaemon] TRACE segmented.SegmentedRaftLogCache (AutoCloseableReadWriteLock.java:logLocking(65)) - s2@group-B24AF063D807: readLock RELEASED 0 by SegmentedRaftLogCache.getLastTermIndex
2022-08-08 17:04:52,781 [s1-server-thread1] TRACE segmented.SegmentedRaftLogCache (AutoCloseableReadWriteLock.java:logLocking(65)) - s1@group-B24AF063D807: readLock ACQUIRED 1 by SegmentedRaftLogCache.getLastTermIndex
2022-08-08 17:04:52,781 [s1-server-thread1] TRACE segmented.SegmentedRaftLogCache (AutoCloseableReadWriteLock.java:logLocking(65)) - s1@group-B24AF063D807: readLock RELEASED 0 by SegmentedRaftLogCache.getLastTermIndex
2022-08-08 17:04:52,781 [s0-server-thread2] TRACE segmented.SegmentedRaftLogCache (AutoCloseableReadWriteLock.java:logLocking(65)) - s0@group-B24AF063D807: readLock ACQUIRED 1 by SegmentedRaftLogCache.getLastTermIndex
2022-08-08 17:04:52,781 [s0-server-thread2] TRACE segmented.SegmentedRaftLogCache (AutoCloseableReadWriteLock.java:logLocking(65)) - s0@group-B24AF063D807: readLock RELEASED 0 by SegmentedRaftLogCache.getLastTermIndex
2022-08-08 17:04:52,782 [s2@group-B24AF063D807->s1-LogAppenderDefault-LogAppenderDaemon] TRACE segmented.SegmentedRaftLogCache (AutoCloseableReadWriteLock.java:logLocking(65)) - s2@group-B24AF063D807: readLock ACQUIRED 1 by SegmentedRaftLogCache.getLastTermIndex
2022-08-08 17:04:52,782 [s2@group-B24AF063D807->s1-LogAppenderDefault-LogAppenderDaemon] TRACE segmented.SegmentedRaftLogCache (AutoCloseableReadWriteLock.java:logLocking(65)) - s2@group-B24AF063D807: readLock RELEASED 0 by SegmentedRaftLogCache.getLastTermIndex
2022-08-08 17:04:52,782 [s2@group-B24AF063D807->s0-LogAppenderDefault-LogAppenderDaemon] TRACE segmented.SegmentedRaftLogCache (AutoCloseableReadWriteLock.java:logLocking(65)) - s2@group-B24AF063D807: readLock ACQUIRED 1 by SegmentedRaftLogCache.getLastTermIndex
2022-08-08 17:04:52,782 [s2@group-B24AF063D807->s0-LogAppenderDefault-LogAppenderDaemon] TRACE segmented.SegmentedRaftLogCache (AutoCloseableReadWriteLock.java:logLocking(65)) - s2@group-B24AF063D807: readLock RELEASED 0 by SegmentedRaftLogCache.getLastTermIndex
2022-08-08 17:04:52,857 [s2@group-B24AF063D807->s1-LogAppenderDefault-LogAppenderDaemon] TRACE segmented.SegmentedRaftLogCache (AutoCloseableReadWriteLock.java:logLocking(65)) - s2@group-B24AF063D807: readLock ACQUIRED 1 by SegmentedRaftLogCache.getLastTermIndex
2022-08-08 17:04:52,857 [s2@group-B24AF063D807->s1-LogAppenderDefault-LogAppenderDaemon] TRACE segmented.SegmentedRaftLogCache (AutoCloseableReadWriteLock.java:logLocking(65)) - s2@group-B24AF063D807: readLock RELEASED 0 by SegmentedRaftLogCache.getLastTermIndex
2022-08-08 17:04:52,857 [s2@group-B24AF063D807->s1-LogAppenderDefault-LogAppenderDaemon] TRACE segmented.SegmentedRaftLogCache (AutoCloseableReadWriteLock.java:logLocking(65)) - s2@group-B24AF063D807: readLock ACQUIRED 1 by SegmentedRaftLogCache.getLastTermIndex
2022-08-08 17:04:52,857 [s2@group-B24AF063D807->s1-LogAppenderDefault-LogAppenderDaemon] TRACE segmented.SegmentedRaftLogCache (AutoCloseableReadWriteLock.java:logLocking(65)) - s2@group-B24AF063D807: readLock RELEASED 0 by SegmentedRaftLogCache.getLastTermIndex
2022-08-08 17:04:52,857 [s2@group-B24AF063D807->s0-LogAppenderDefault-LogAppenderDaemon] TRACE segmented.SegmentedRaftLogCache (AutoCloseableReadWriteLock.java:logLocking(65)) - s2@group-B24AF063D807: readLock ACQUIRED 1 by SegmentedRaftLogCache.getLastTermIndex
2022-08-08 17:04:52,857 [s2@group-B24AF063D807->s0-LogAppenderDefault-LogAppenderDaemon] TRACE segmented.SegmentedRaftLogCache (AutoCloseableReadWriteLock.java:logLocking(65)) - s2@group-B24AF063D807: readLock RELEASED 0 by SegmentedRaftLogCache.getLastTermIndex
2022-08-08 17:04:52,858 [s2@group-B24AF063D807->s0-LogAppenderDefault-LogAppenderDaemon] TRACE segmented.SegmentedRaftLogCache (AutoCloseableReadWriteLock.java:logLocking(65)) - s2@group-B24AF063D807: readLock ACQUIRED 1 by SegmentedRaftLogCache.getLastTermIndex
2022-08-08 17:04:52,858 [s2@group-B24AF063D807->s0-LogAppenderDefault-LogAppenderDaemon] TRACE segmented.SegmentedRaftLogCache (AutoCloseableReadWriteLock.java:logLocking(65)) - s2@group-B24AF063D807: readLock RELEASED 0 by SegmentedRaftLogCache.getLastTermIndex
2022-08-08 17:04:52,858 [s1-server-thread1] TRACE segmented.SegmentedRaftLogCache (AutoCloseableReadWriteLock.java:logLocking(65)) - s1@group-B24AF063D807: readLock ACQUIRED 1 by SegmentedRaftLogCache.getLastTermIndex
2022-08-08 17:04:52,858 [s1-server-thread1] TRACE segmented.SegmentedRaftLogCache (AutoCloseableReadWriteLock.java:logLocking(65)) - s1@group-B24AF063D807: readLock RELEASED 0 by SegmentedRaftLogCache.getLastTermIndex
2022-08-08 17:04:52,858 [s2@group-B24AF063D807->s1-LogAppenderDefault-LogAppenderDaemon] TRACE segmented.SegmentedRaftLogCache (AutoCloseableReadWriteLock.java:logLocking(65)) - s2@group-B24AF063D807: readLock ACQUIRED 1 by SegmentedRaftLogCache.getLastTermIndex
2022-08-08 17:04:52,858 [s2@group-B24AF063D807->s1-LogAppenderDefault-LogAppenderDaemon] TRACE segmented.SegmentedRaftLogCache (AutoCloseableReadWriteLock.java:logLocking(65)) - s2@group-B24AF063D807: readLock RELEASED 0 by SegmentedRaftLogCache.getLastTermIndex
2022-08-08 17:04:52,858 [s0-server-thread2] TRACE segmented.SegmentedRaftLogCache (AutoCloseableReadWriteLock.java:logLocking(65)) - s0@group-B24AF063D807: readLock ACQUIRED 1 by SegmentedRaftLogCache.getLastTermIndex
2022-08-08 17:04:52,858 [s0-server-thread2] TRACE segmented.SegmentedRaftLogCache (AutoCloseableReadWriteLock.java:logLocking(65)) - s0@group-B24AF063D807: readLock RELEASED 0 by SegmentedRaftLogCache.getLastTermIndex
2022-08-08 17:04:52,859 [s2@group-B24AF063D807->s0-LogAppenderDefault-LogAppenderDaemon] TRACE segmented.SegmentedRaftLogCache (AutoCloseableReadWriteLock.java:logLocking(65)) - s2@group-B24AF063D807: readLock ACQUIRED 1 by SegmentedRaftLogCache.getLastTermIndex
2022-08-08 17:04:52,859 [s2@group-B24AF063D807->s0-LogAppenderDefault-LogAppenderDaemon] TRACE segmented.SegmentedRaftLogCache (AutoCloseableReadWriteLock.java:logLocking(65)) - s2@group-B24AF063D807: readLock RELEASED 0 by SegmentedRaftLogCache.getLastTermIndex
2022-08-08 17:04:52,934 [s2@group-B24AF063D807->s1-LogAppenderDefault-LogAppenderDaemon] TRACE segmented.SegmentedRaftLogCache (AutoCloseableReadWriteLock.java:logLocking(65)) - s2@group-B24AF063D807: readLock ACQUIRED 1 by SegmentedRaftLogCache.getLastTermIndex
2022-08-08 17:04:52,934 [s2@group-B24AF063D807->s1-LogAppenderDefault-LogAppenderDaemon] TRACE segmented.SegmentedRaftLogCache (AutoCloseableReadWriteLock.java:logLocking(65)) - s2@group-B24AF063D807: readLock RELEASED 0 by SegmentedRaftLogCache.getLastTermIndex
2022-08-08 17:04:52,934 [s2@group-B24AF063D807->s1-LogAppenderDefault-LogAppenderDaemon] TRACE segmented.SegmentedRaftLogCache (AutoCloseableReadWriteLock.java:logLocking(65)) - s2@group-B24AF063D807: readLock ACQUIRED 1 by SegmentedRaftLogCache.getLastTermIndex
2022-08-08 17:04:52,934 [s2@group-B24AF063D807->s1-LogAppenderDefault-LogAppenderDaemon] TRACE segmented.SegmentedRaftLogCache (AutoCloseableReadWriteLock.java:logLocking(65)) - s2@group-B24AF063D807: readLock RELEASED 0 by SegmentedRaftLogCache.getLastTermIndex
2022-08-08 17:04:52,934 [s1-server-thread1] TRACE segmented.SegmentedRaftLogCache (AutoCloseableReadWriteLock.java:logLocking(65)) - s1@group-B24AF063D807: readLock ACQUIRED 1 by SegmentedRaftLogCache.getLastTermIndex
2022-08-08 17:04:52,934 [s1-server-thread1] TRACE segmented.SegmentedRaftLogCache (AutoCloseableReadWriteLock.java:logLocking(65)) - s1@group-B24AF063D807: readLock RELEASED 0 by SegmentedRaftLogCache.getLastTermIndex
2022-08-08 17:04:52,934 [s2@group-B24AF063D807->s0-LogAppenderDefault-LogAppenderDaemon] TRACE segmented.SegmentedRaftLogCache (AutoCloseableReadWriteLock.java:logLocking(65)) - s2@group-B24AF063D807: readLock ACQUIRED 1 by SegmentedRaftLogCache.getLastTermIndex
2022-08-08 17:04:52,935 [s2@group-B24AF063D807->s0-LogAppenderDefault-LogAppenderDaemon] TRACE segmented.SegmentedRaftLogCache (AutoCloseableReadWriteLock.java:logLocking(65)) - s2@group-B24AF063D807: readLock RELEASED 0 by SegmentedRaftLogCache.getLastTermIndex
2022-08-08 17:04:52,935 [s2@group-B24AF063D807->s0-LogAppenderDefault-LogAppenderDaemon] TRACE segmented.SegmentedRaftLogCache (AutoCloseableReadWriteLock.java:logLocking(65)) - s2@group-B24AF063D807: readLock ACQUIRED 1 by SegmentedRaftLogCache.getLastTermIndex
2022-08-08 17:04:52,935 [s2@group-B24AF063D807->s0-LogAppenderDefault-LogAppenderDaemon] TRACE segmented.SegmentedRaftLogCache (AutoCloseableReadWriteLock.java:logLocking(65)) - s2@group-B24AF063D807: readLock RELEASED 0 by SegmentedRaftLogCache.getLastTermIndex
2022-08-08 17:04:52,935 [s2@group-B24AF063D807->s1-LogAppenderDefault-LogAppenderDaemon] TRACE segmented.SegmentedRaftLogCache (AutoCloseableReadWriteLock.java:logLocking(65)) - s2@group-B24AF063D807: readLock ACQUIRED 1 by SegmentedRaftLogCache.getLastTermIndex
2022-08-08 17:04:52,935 [s2@group-B24AF063D807->s1-LogAppenderDefault-LogAppenderDaemon] TRACE segmented.SegmentedRaftLogCache (AutoCloseableReadWriteLock.java:logLocking(65)) - s2@group-B24AF063D807: readLock RELEASED 0 by SegmentedRaftLogCache.getLastTermIndex
2022-08-08 17:04:52,935 [s0-server-thread2] TRACE segmented.SegmentedRaftLogCache (AutoCloseableReadWriteLock.java:logLocking(65)) - s0@group-B24AF063D807: readLock ACQUIRED 1 by SegmentedRaftLogCache.getLastTermIndex
2022-08-08 17:04:52,935 [s0-server-thread2] TRACE segmented.SegmentedRaftLogCache (AutoCloseableReadWriteLock.java:logLocking(65)) - s0@group-B24AF063D807: readLock RELEASED 0 by SegmentedRaftLogCache.getLastTermIndex
2022-08-08 17:04:52,935 [s2@group-B24AF063D807->s0-LogAppenderDefault-LogAppenderDaemon] TRACE segmented.SegmentedRaftLogCache (AutoCloseableReadWriteLock.java:logLocking(65)) - s2@group-B24AF063D807: readLock ACQUIRED 1 by SegmentedRaftLogCache.getLastTermIndex
2022-08-08 17:04:52,935 [s2@group-B24AF063D807->s0-LogAppenderDefault-LogAppenderDaemon] TRACE segmented.SegmentedRaftLogCache (AutoCloseableReadWriteLock.java:logLocking(65)) - s2@group-B24AF063D807: readLock RELEASED 0 by SegmentedRaftLogCache.getLastTermIndex
2022-08-08 17:04:53,010 [s2@group-B24AF063D807->s1-LogAppenderDefault-LogAppenderDaemon] TRACE segmented.SegmentedRaftLogCache (AutoCloseableReadWriteLock.java:logLocking(65)) - s2@group-B24AF063D807: readLock ACQUIRED 1 by SegmentedRaftLogCache.getLastTermIndex
2022-08-08 17:04:53,010 [s2@group-B24AF063D807->s1-LogAppenderDefault-LogAppenderDaemon] TRACE segmented.SegmentedRaftLogCache (AutoCloseableReadWriteLock.java:logLocking(65)) -   s2@group-B24AF063D807: readLock RELEASED 1 by SegmentedRaftLogCache.getLastTermIndex
2022-08-08 17:04:53,011 [s2@group-B24AF063D807->s1-LogAppenderDefault-LogAppenderDaemon] TRACE segmented.SegmentedRaftLogCache (AutoCloseableReadWriteLock.java:logLocking(65)) -   s2@group-B24AF063D807: readLock ACQUIRED 2 by SegmentedRaftLogCache.getLastTermIndex
2022-08-08 17:04:53,011 [s2@group-B24AF063D807->s1-LogAppenderDefault-LogAppenderDaemon] TRACE segmented.SegmentedRaftLogCache (AutoCloseableReadWriteLock.java:logLocking(65)) -   s2@group-B24AF063D807: readLock RELEASED 1 by SegmentedRaftLogCache.getLastTermIndex
2022-08-08 17:04:53,010 [s2@group-B24AF063D807->s0-LogAppenderDefault-LogAppenderDaemon] TRACE segmented.SegmentedRaftLogCache (AutoCloseableReadWriteLock.java:logLocking(65)) -   s2@group-B24AF063D807: readLock ACQUIRED 2 by SegmentedRaftLogCache.getLastTermIndex
2022-08-08 17:04:53,011 [s2@group-B24AF063D807->s0-LogAppenderDefault-LogAppenderDaemon] TRACE segmented.SegmentedRaftLogCache (AutoCloseableReadWriteLock.java:logLocking(65)) - s2@group-B24AF063D807: readLock RELEASED 0 by SegmentedRaftLogCache.getLastTermIndex
2022-08-08 17:04:53,011 [s2@group-B24AF063D807->s0-LogAppenderDefault-LogAppenderDaemon] TRACE segmented.SegmentedRaftLogCache (AutoCloseableReadWriteLock.java:logLocking(65)) - s2@group-B24AF063D807: readLock ACQUIRED 1 by SegmentedRaftLogCache.getLastTermIndex
2022-08-08 17:04:53,011 [s2@group-B24AF063D807->s0-LogAppenderDefault-LogAppenderDaemon] TRACE segmented.SegmentedRaftLogCache (AutoCloseableReadWriteLock.java:logLocking(65)) - s2@group-B24AF063D807: readLock RELEASED 0 by SegmentedRaftLogCache.getLastTermIndex
2022-08-08 17:04:53,011 [s1-server-thread1] TRACE segmented.SegmentedRaftLogCache (AutoCloseableReadWriteLock.java:logLocking(65)) - s1@group-B24AF063D807: readLock ACQUIRED 1 by SegmentedRaftLogCache.getLastTermIndex
2022-08-08 17:04:53,011 [s1-server-thread1] TRACE segmented.SegmentedRaftLogCache (AutoCloseableReadWriteLock.java:logLocking(65)) - s1@group-B24AF063D807: readLock RELEASED 0 by SegmentedRaftLogCache.getLastTermIndex
2022-08-08 17:04:53,011 [s2@group-B24AF063D807->s1-LogAppenderDefault-LogAppenderDaemon] TRACE segmented.SegmentedRaftLogCache (AutoCloseableReadWriteLock.java:logLocking(65)) - s2@group-B24AF063D807: readLock ACQUIRED 1 by SegmentedRaftLogCache.getLastTermIndex
2022-08-08 17:04:53,011 [s2@group-B24AF063D807->s1-LogAppenderDefault-LogAppenderDaemon] TRACE segmented.SegmentedRaftLogCache (AutoCloseableReadWriteLock.java:logLocking(65)) - s2@group-B24AF063D807: readLock RELEASED 0 by SegmentedRaftLogCache.getLastTermIndex
2022-08-08 17:04:53,012 [s0-server-thread2] TRACE segmented.SegmentedRaftLogCache (AutoCloseableReadWriteLock.java:logLocking(65)) - s0@group-B24AF063D807: readLock ACQUIRED 1 by SegmentedRaftLogCache.getLastTermIndex
2022-08-08 17:04:53,012 [s0-server-thread2] TRACE segmented.SegmentedRaftLogCache (AutoCloseableReadWriteLock.java:logLocking(65)) - s0@group-B24AF063D807: readLock RELEASED 0 by SegmentedRaftLogCache.getLastTermIndex
2022-08-08 17:04:53,012 [s2@group-B24AF063D807->s0-LogAppenderDefault-LogAppenderDaemon] TRACE segmented.SegmentedRaftLogCache (AutoCloseableReadWriteLock.java:logLocking(65)) - s2@group-B24AF063D807: readLock ACQUIRED 1 by SegmentedRaftLogCache.getLastTermIndex
2022-08-08 17:04:53,012 [s2@group-B24AF063D807->s0-LogAppenderDefault-LogAppenderDaemon] TRACE segmented.SegmentedRaftLogCache (AutoCloseableReadWriteLock.java:logLocking(65)) - s2@group-B24AF063D807: readLock RELEASED 0 by SegmentedRaftLogCache.getLastTermIndex
2022-08-08 17:04:53,087 [s2@group-B24AF063D807->s1-LogAppenderDefault-LogAppenderDaemon] TRACE segmented.SegmentedRaftLogCache (AutoCloseableReadWriteLock.java:logLocking(65)) - s2@group-B24AF063D807: readLock ACQUIRED 1 by SegmentedRaftLogCache.getLastTermIndex
2022-08-08 17:04:53,087 [s2@group-B24AF063D807->s1-LogAppenderDefault-LogAppenderDaemon] TRACE segmented.SegmentedRaftLogCache (AutoCloseableReadWriteLock.java:logLocking(65)) - s2@group-B24AF063D807: readLock RELEASED 0 by SegmentedRaftLogCache.getLastTermIndex
2022-08-08 17:04:53,087 [s2@group-B24AF063D807->s1-LogAppenderDefault-LogAppenderDaemon] TRACE segmented.SegmentedRaftLogCache (AutoCloseableReadWriteLock.java:logLocking(65)) - s2@group-B24AF063D807: readLock ACQUIRED 1 by SegmentedRaftLogCache.getLastTermIndex
2022-08-08 17:04:53,087 [s2@group-B24AF063D807->s1-LogAppenderDefault-LogAppenderDaemon] TRACE segmented.SegmentedRaftLogCache (AutoCloseableReadWriteLock.java:logLocking(65)) - s2@group-B24AF063D807: readLock RELEASED 0 by SegmentedRaftLogCache.getLastTermIndex
2022-08-08 17:04:53,087 [s1-server-thread1] TRACE segmented.SegmentedRaftLogCache (AutoCloseableReadWriteLock.java:logLocking(65)) - s1@group-B24AF063D807: readLock ACQUIRED 1 by SegmentedRaftLogCache.getLastTermIndex
2022-08-08 17:04:53,087 [s1-server-thread1] TRACE segmented.SegmentedRaftLogCache (AutoCloseableReadWriteLock.java:logLocking(65)) - s1@group-B24AF063D807: readLock RELEASED 0 by SegmentedRaftLogCache.getLastTermIndex
2022-08-08 17:04:53,087 [s2@group-B24AF063D807->s0-LogAppenderDefault-LogAppenderDaemon] TRACE segmented.SegmentedRaftLogCache (AutoCloseableReadWriteLock.java:logLocking(65)) - s2@group-B24AF063D807: readLock ACQUIRED 1 by SegmentedRaftLogCache.getLastTermIndex
2022-08-08 17:04:53,088 [s2@group-B24AF063D807->s0-LogAppenderDefault-LogAppenderDaemon] TRACE segmented.SegmentedRaftLogCache (AutoCloseableReadWriteLock.java:logLocking(65)) - s2@group-B24AF063D807: readLock RELEASED 0 by SegmentedRaftLogCache.getLastTermIndex
2022-08-08 17:04:53,088 [s2@group-B24AF063D807->s1-LogAppenderDefault-LogAppenderDaemon] TRACE segmented.SegmentedRaftLogCache (AutoCloseableReadWriteLock.java:logLocking(65)) - s2@group-B24AF063D807: readLock ACQUIRED 1 by SegmentedRaftLogCache.getLastTermIndex
2022-08-08 17:04:53,088 [s2@group-B24AF063D807->s1-LogAppenderDefault-LogAppenderDaemon] TRACE segmented.SegmentedRaftLogCache (AutoCloseableReadWriteLock.java:logLocking(65)) -   s2@group-B24AF063D807: readLock RELEASED 1 by SegmentedRaftLogCache.getLastTermIndex
2022-08-08 17:04:53,088 [s2@group-B24AF063D807->s0-LogAppenderDefault-LogAppenderDaemon] TRACE segmented.SegmentedRaftLogCache (AutoCloseableReadWriteLock.java:logLocking(65)) -   s2@group-B24AF063D807: readLock ACQUIRED 2 by SegmentedRaftLogCache.getLastTermIndex
2022-08-08 17:04:53,088 [s2@group-B24AF063D807->s0-LogAppenderDefault-LogAppenderDaemon] TRACE segmented.SegmentedRaftLogCache (AutoCloseableReadWriteLock.java:logLocking(65)) - s2@group-B24AF063D807: readLock RELEASED 0 by SegmentedRaftLogCache.getLastTermIndex
2022-08-08 17:04:53,088 [s0-server-thread2] TRACE segmented.SegmentedRaftLogCache (AutoCloseableReadWriteLock.java:logLocking(65)) - s0@group-B24AF063D807: readLock ACQUIRED 1 by SegmentedRaftLogCache.getLastTermIndex
2022-08-08 17:04:53,088 [s0-server-thread2] TRACE segmented.SegmentedRaftLogCache (AutoCloseableReadWriteLock.java:logLocking(65)) - s0@group-B24AF063D807: readLock RELEASED 0 by SegmentedRaftLogCache.getLastTermIndex
2022-08-08 17:04:53,089 [s2@group-B24AF063D807->s0-LogAppenderDefault-LogAppenderDaemon] TRACE segmented.SegmentedRaftLogCache (AutoCloseableReadWriteLock.java:logLocking(65)) - s2@group-B24AF063D807: readLock ACQUIRED 1 by SegmentedRaftLogCache.getLastTermIndex
2022-08-08 17:04:53,089 [s2@group-B24AF063D807->s0-LogAppenderDefault-LogAppenderDaemon] TRACE segmented.SegmentedRaftLogCache (AutoCloseableReadWriteLock.java:logLocking(65)) - s2@group-B24AF063D807: readLock RELEASED 0 by SegmentedRaftLogCache.getLastTermIndex
2022-08-08 17:04:53,163 [s2@group-B24AF063D807->s1-LogAppenderDefault-LogAppenderDaemon] TRACE segmented.SegmentedRaftLogCache (AutoCloseableReadWriteLock.java:logLocking(65)) - s2@group-B24AF063D807: readLock ACQUIRED 1 by SegmentedRaftLogCache.getLastTermIndex
2022-08-08 17:04:53,163 [s2@group-B24AF063D807->s1-LogAppenderDefault-LogAppenderDaemon] TRACE segmented.SegmentedRaftLogCache (AutoCloseableReadWriteLock.java:logLocking(65)) - s2@group-B24AF063D807: readLock RELEASED 0 by SegmentedRaftLogCache.getLastTermIndex
2022-08-08 17:04:53,163 [s2@group-B24AF063D807->s1-LogAppenderDefault-LogAppenderDaemon] TRACE segmented.SegmentedRaftLogCache (AutoCloseableReadWriteLock.java:logLocking(65)) - s2@group-B24AF063D807: readLock ACQUIRED 1 by SegmentedRaftLogCache.getLastTermIndex
2022-08-08 17:04:53,163 [s2@group-B24AF063D807->s1-LogAppenderDefault-LogAppenderDaemon] TRACE segmented.SegmentedRaftLogCache (AutoCloseableReadWriteLock.java:logLocking(65)) - s2@group-B24AF063D807: readLock RELEASED 0 by SegmentedRaftLogCache.getLastTermIndex
2022-08-08 17:04:53,164 [s1-server-thread1] TRACE segmented.SegmentedRaftLogCache (AutoCloseableReadWriteLock.java:logLocking(65)) - s1@group-B24AF063D807: readLock ACQUIRED 1 by SegmentedRaftLogCache.getLastTermIndex
2022-08-08 17:04:53,164 [s1-server-thread1] TRACE segmented.SegmentedRaftLogCache (AutoCloseableReadWriteLock.java:logLocking(65)) - s1@group-B24AF063D807: readLock RELEASED 0 by SegmentedRaftLogCache.getLastTermIndex
2022-08-08 17:04:53,164 [s2@group-B24AF063D807->s1-LogAppenderDefault-LogAppenderDaemon] TRACE segmented.SegmentedRaftLogCache (AutoCloseableReadWriteLock.java:logLocking(65)) - s2@group-B24AF063D807: readLock ACQUIRED 1 by SegmentedRaftLogCache.getLastTermIndex
2022-08-08 17:04:53,164 [s2@group-B24AF063D807->s1-LogAppenderDefault-LogAppenderDaemon] TRACE segmented.SegmentedRaftLogCache (AutoCloseableReadWriteLock.java:logLocking(65)) - s2@group-B24AF063D807: readLock RELEASED 0 by SegmentedRaftLogCache.getLastTermIndex
2022-08-08 17:04:53,164 [s2@group-B24AF063D807->s0-LogAppenderDefault-LogAppenderDaemon] TRACE segmented.SegmentedRaftLogCache (AutoCloseableReadWriteLock.java:logLocking(65)) - s2@group-B24AF063D807: readLock ACQUIRED 1 by SegmentedRaftLogCache.getLastTermIndex
2022-08-08 17:04:53,165 [s2@group-B24AF063D807->s0-LogAppenderDefault-LogAppenderDaemon] TRACE segmented.SegmentedRaftLogCache (AutoCloseableReadWriteLock.java:logLocking(65)) - s2@group-B24AF063D807: readLock RELEASED 0 by SegmentedRaftLogCache.getLastTermIndex
2022-08-08 17:04:53,165 [s2@group-B24AF063D807->s0-LogAppenderDefault-LogAppenderDaemon] TRACE segmented.SegmentedRaftLogCache (AutoCloseableReadWriteLock.java:logLocking(65)) - s2@group-B24AF063D807: readLock ACQUIRED 1 by SegmentedRaftLogCache.getLastTermIndex
2022-08-08 17:04:53,165 [s2@group-B24AF063D807->s0-LogAppenderDefault-LogAppenderDaemon] TRACE segmented.SegmentedRaftLogCache (AutoCloseableReadWriteLock.java:logLocking(65)) - s2@group-B24AF063D807: readLock RELEASED 0 by SegmentedRaftLogCache.getLastTermIndex
2022-08-08 17:04:53,165 [s0-server-thread2] TRACE segmented.SegmentedRaftLogCache (AutoCloseableReadWriteLock.java:logLocking(65)) - s0@group-B24AF063D807: readLock ACQUIRED 1 by SegmentedRaftLogCache.getLastTermIndex
2022-08-08 17:04:53,165 [s0-server-thread2] TRACE segmented.SegmentedRaftLogCache (AutoCloseableReadWriteLock.java:logLocking(65)) - s0@group-B24AF063D807: readLock RELEASED 0 by SegmentedRaftLogCache.getLastTermIndex
2022-08-08 17:04:53,165 [s2@group-B24AF063D807->s0-LogAppenderDefault-LogAppenderDaemon] TRACE segmented.SegmentedRaftLogCache (AutoCloseableReadWriteLock.java:logLocking(65)) - s2@group-B24AF063D807: readLock ACQUIRED 1 by SegmentedRaftLogCache.getLastTermIndex
2022-08-08 17:04:53,165 [s2@group-B24AF063D807->s0-LogAppenderDefault-LogAppenderDaemon] TRACE segmented.SegmentedRaftLogCache (AutoCloseableReadWriteLock.java:logLocking(65)) - s2@group-B24AF063D807: readLock RELEASED 0 by SegmentedRaftLogCache.getLastTermIndex
2022-08-08 17:04:53,167 [Time-limited test] INFO  impl.MiniRaftCluster (MiniRaftCluster.java:killServer(529)) - killServer s0
2022-08-08 17:04:53,168 [Time-limited test] INFO  server.RaftServer (RaftServerProxy.java:lambda$close$6(403)) - s0: close
2022-08-08 17:04:53,168 [s0-impl-thread1] INFO  server.RaftServer$Division (RaftServerImpl.java:lambda$close$4(438)) - s0@group-B24AF063D807: shutdown
2022-08-08 17:04:53,168 [s0-impl-thread1] INFO  util.JmxRegister (JmxRegister.java:unregister(73)) - Successfully un-registered JMX Bean with object name Ratis:service=RaftServer,group=group-B24AF063D807,id=s0
2022-08-08 17:04:53,168 [s0-impl-thread1] INFO  impl.RoleInfo (RoleInfo.java:shutdownFollowerState(110)) - s0: shutdown s0@group-B24AF063D807-FollowerState
2022-08-08 17:04:53,168 [s0-impl-thread1] INFO  impl.StateMachineUpdater (StateMachineUpdater.java:stopAndJoin(153)) - s0@group-B24AF063D807-StateMachineUpdater: set stopIndex = 40
2022-08-08 17:04:53,169 [Thread-517] INFO  simulation.RequestHandler (RequestHandler.java:run(126)) - s0.clientHandler2 is interrupted by java.io.InterruptedIOException: 
2022-08-08 17:04:53,169 [Thread-516] INFO  simulation.RequestHandler (RequestHandler.java:run(126)) - s0.clientHandler1 is interrupted by java.io.InterruptedIOException: 
2022-08-08 17:04:53,169 [Thread-515] INFO  simulation.RequestHandler (RequestHandler.java:run(126)) - s0.clientHandler0 is interrupted by java.io.InterruptedIOException: 
2022-08-08 17:04:53,169 [s0-impl-thread1] INFO  server.RaftServer$Division (ServerState.java:close(465)) - s0@group-B24AF063D807: closes. applyIndex: 40
2022-08-08 17:04:53,169 [s0@group-B24AF063D807-FollowerState] INFO  impl.FollowerState (FollowerState.java:run(152)) - s0@group-B24AF063D807-FollowerState was interrupted
2022-08-08 17:04:53,170 [s0-impl-thread1] TRACE segmented.SegmentedRaftLogCache (SegmentedRaftLogCache.java:clearOpenSegment(456)) - s0@group-B24AF063D807-SegmentedRaftLogCache: clearOpenSegment log_inprogress_0
2022-08-08 17:04:53,170 [s0-impl-thread1] TRACE segmented.SegmentedRaftLogCache (AutoCloseableReadWriteLock.java:logLocking(65)) - s0@group-B24AF063D807: writeLock ACQUIRED 1 by SegmentedRaftLogCache$LogSegmentList.clear
2022-08-08 17:04:53,170 [s0-impl-thread1] TRACE segmented.SegmentedRaftLogCache (AutoCloseableReadWriteLock.java:logLocking(65)) - s0@group-B24AF063D807: writeLock RELEASED 0 by SegmentedRaftLogCache$LogSegmentList.clear
2022-08-08 17:04:53,170 [Thread-513] INFO  simulation.RequestHandler (RequestHandler.java:run(126)) - s0.serverHandler1 is interrupted by java.io.InterruptedIOException: 
2022-08-08 17:04:53,170 [Thread-512] INFO  simulation.RequestHandler (RequestHandler.java:run(126)) - s0.serverHandler0 is interrupted by java.io.InterruptedIOException: 
2022-08-08 17:04:53,170 [Thread-514] INFO  simulation.RequestHandler (RequestHandler.java:run(126)) - s0.serverHandler2 is interrupted by java.io.InterruptedIOException: 
2022-08-08 17:04:53,171 [org.apache.ratis.util.JvmPauseMonitor$$Lambda$263/548170058@40e4a4a3] INFO  util.JvmPauseMonitor (JvmPauseMonitor.java:run(109)) - JvmPauseMonitor-s0: Stopped
2022-08-08 17:04:53,171 [s0@group-B24AF063D807-SegmentedRaftLogWorker] INFO  segmented.SegmentedRaftLogWorker (SegmentedRaftLogWorker.java:run(336)) - s0@group-B24AF063D807-SegmentedRaftLogWorker was interrupted, exiting. There are 0 tasks remaining in the queue.
2022-08-08 17:04:53,171 [s0-impl-thread1] INFO  segmented.SegmentedRaftLogWorker (SegmentedRaftLogWorker.java:close(246)) - s0@group-B24AF063D807-SegmentedRaftLogWorker close()
2022-08-08 17:04:53,172 [Time-limited test] INFO  impl.MiniRaftCluster (MiniRaftCluster.java:newRaftServer(379)) - newRaftServer: s0, group-B24AF063D807:[s0|rpc:localhost:44329|admin:localhost:44721|client:localhost:39371|dataStream:localhost:42645|priority:0|startupRole:FOLLOWER, s1|rpc:localhost:41361|admin:localhost:40185|client:localhost:33019|dataStream:localhost:39869|priority:0|startupRole:FOLLOWER, s2|rpc:localhost:38737|admin:localhost:36401|client:localhost:33787|dataStream:localhost:36623|priority:0|startupRole:FOLLOWER], format? false
2022-08-08 17:04:53,172 [Time-limited test] INFO  server.RaftServer (ConfUtils.java:logGet(46)) - raft.rpc.type = org.apache.ratis.server.simulation.SimulatedRpc (custom)
2022-08-08 17:04:53,172 [Time-limited test] INFO  impl.DataStreamServerImpl (ConfUtils.java:logGet(46)) - raft.datastream.type = DISABLED (default)
2022-08-08 17:04:53,172 [Time-limited test] INFO  server.RaftServerConfigKeys (ConfUtils.java:logGet(46)) - raft.server.threadpool.proxy.cached = true (default)
2022-08-08 17:04:53,172 [Time-limited test] INFO  server.RaftServerConfigKeys (ConfUtils.java:logGet(46)) - raft.server.threadpool.proxy.size = 0 (default)
2022-08-08 17:04:53,172 [Time-limited test] INFO  server.RaftServerConfigKeys (ConfUtils.java:logGet(46)) - raft.server.rpc.slowness.timeout = 60s (default)
2022-08-08 17:04:53,172 [Time-limited test] INFO  server.RaftServerConfigKeys (ConfUtils.java:logGet(46)) - raft.server.leaderelection.leader.step-down.wait-time = 10s (default)
2022-08-08 17:04:53,172 [Time-limited test] INFO  server.RaftServerConfigKeys (ConfUtils.java:logGet(46)) - raft.server.storage.dir = [/home/runner/work/ratis/ratis/ratis-test/target/test/data/b051e71b/MiniRaftClusterWithSimulatedRpc1ec78f08/s0] (custom)
2022-08-08 17:04:53,181 [s0-impl-thread1] INFO  server.RaftServer (RaftServerProxy.java:initGroupDir(249)) - s0: found a subdirectory /home/runner/work/ratis/ratis/ratis-test/target/test/data/b051e71b/MiniRaftClusterWithSimulatedRpc1ec78f08/s0/0d1e7fc9-4c77-451a-91df-b24af063d807
2022-08-08 17:04:53,183 [Time-limited test] INFO  server.RaftServer (RaftServerProxy.java:addNew(96)) - s0: addNew group-B24AF063D807:[s0|rpc:localhost:44329|admin:localhost:44721|client:localhost:39371|dataStream:localhost:42645|priority:0|startupRole:FOLLOWER, s1|rpc:localhost:41361|admin:localhost:40185|client:localhost:33019|dataStream:localhost:39869|priority:0|startupRole:FOLLOWER, s2|rpc:localhost:38737|admin:localhost:36401|client:localhost:33787|dataStream:localhost:36623|priority:0|startupRole:FOLLOWER] returns group-B24AF063D807:java.util.concurrent.CompletableFuture@3d848174[Not completed]
2022-08-08 17:04:53,183 [pool-40-thread-1] INFO  server.RaftServerConfigKeys (ConfUtils.java:logGet(46)) - raft.server.log.segment.size.max = 8MB (=8388608) (default)
2022-08-08 17:04:53,183 [pool-40-thread-1] INFO  server.RaftServerConfigKeys (ConfUtils.java:logGet(46)) - raft.server.log.preallocated.size = 4MB (=4194304) (default)
2022-08-08 17:04:53,183 [pool-40-thread-1] INFO  server.RaftServerConfigKeys (ConfUtils.java:logGet(46)) - raft.server.log.write.buffer.size = 64KB (=65536) (default)
2022-08-08 17:04:53,183 [pool-40-thread-1] INFO  server.RaftServer$Division (RaftServerImpl.java:<init>(192)) - s0: new RaftServerImpl for group-B24AF063D807:[s0|rpc:localhost:44329|admin:localhost:44721|client:localhost:39371|dataStream:localhost:42645|priority:0|startupRole:FOLLOWER, s1|rpc:localhost:41361|admin:localhost:40185|client:localhost:33019|dataStream:localhost:39869|priority:0|startupRole:FOLLOWER, s2|rpc:localhost:38737|admin:localhost:36401|client:localhost:33787|dataStream:localhost:36623|priority:0|startupRole:FOLLOWER] with SimpleStateMachine4Testing:uninitialized
2022-08-08 17:04:53,183 [pool-40-thread-1] INFO  server.RaftServerConfigKeys (ConfUtils.java:logGet(46)) - raft.server.rpc.timeout.min = 150ms (default)
2022-08-08 17:04:53,183 [pool-40-thread-1] INFO  server.RaftServerConfigKeys (ConfUtils.java:logGet(46)) - raft.server.rpc.timeout.max = 300ms (default)
2022-08-08 17:04:53,183 [pool-40-thread-1] INFO  server.RaftServerConfigKeys (ConfUtils.java:logGet(46)) - raft.server.rpc.sleep.time = 25ms (default)
2022-08-08 17:04:53,183 [pool-40-thread-1] INFO  server.RaftServerConfigKeys (ConfUtils.java:logGet(46)) - raft.server.rpc.slowness.timeout = 60s (default)
2022-08-08 17:04:53,183 [pool-40-thread-1] INFO  server.RaftServerConfigKeys (ConfUtils.java:logGet(46)) - raft.server.leaderelection.leader.step-down.wait-time = 10s (default)
2022-08-08 17:04:53,183 [pool-40-thread-1] INFO  server.RaftServerConfigKeys (ConfUtils.java:logGet(46)) - raft.server.sleep.deviation.threshold = 300ms (default)
2022-08-08 17:04:53,183 [pool-40-thread-1] INFO  server.RaftServer$Division (ServerState.java:<init>(118)) - s0@group-B24AF063D807: ConfigurationManager, init=-1: peers:[s0|rpc:localhost:44329|admin:localhost:44721|client:localhost:39371|dataStream:localhost:42645|priority:0|startupRole:FOLLOWER, s1|rpc:localhost:41361|admin:localhost:40185|client:localhost:33019|dataStream:localhost:39869|priority:0|startupRole:FOLLOWER, s2|rpc:localhost:38737|admin:localhost:36401|client:localhost:33787|dataStream:localhost:36623|priority:0|startupRole:FOLLOWER]|listeners:[], old=null, confs=<EMPTY_MAP>
2022-08-08 17:04:53,184 [pool-40-thread-1] INFO  server.RaftServerConfigKeys (ConfUtils.java:logGet(46)) - raft.server.storage.dir = [/home/runner/work/ratis/ratis/ratis-test/target/test/data/b051e71b/MiniRaftClusterWithSimulatedRpc1ec78f08/s0] (custom)
2022-08-08 17:04:53,184 [pool-40-thread-1] INFO  server.RaftServerConfigKeys (ConfUtils.java:logGet(46)) - raft.server.log.corruption.policy = EXCEPTION (default)
2022-08-08 17:04:53,184 [pool-40-thread-1] INFO  server.RaftServerConfigKeys (ConfUtils.java:logGet(46)) - raft.server.storage.free-space.min = 0MB (=0) (default)
2022-08-08 17:04:53,184 [pool-40-thread-1] INFO  server.RaftServerConfigKeys (ConfUtils.java:logGet(46)) - raft.server.notification.no-leader.timeout = 60s (default)
2022-08-08 17:04:53,184 [pool-40-thread-1] INFO  server.RaftServerConfigKeys (ConfUtils.java:logGet(46)) - raft.server.retrycache.expirytime = 60s (default)
2022-08-08 17:04:53,184 [pool-40-thread-1] INFO  server.RaftServerConfigKeys (ConfUtils.java:logGet(46)) - raft.server.retrycache.statistics.expirytime = 100μs (default)
2022-08-08 17:04:53,184 [pool-40-thread-1] INFO  server.RaftServerConfigKeys (ConfUtils.java:logGet(46)) - raft.server.log.appender.install.snapshot.enabled = true (default)
2022-08-08 17:04:53,184 [pool-40-thread-1] INFO  server.RaftServerConfigKeys (ConfUtils.java:logGet(46)) - raft.server.threadpool.server.cached = true (default)
2022-08-08 17:04:53,184 [pool-40-thread-1] INFO  server.RaftServerConfigKeys (ConfUtils.java:logGet(46)) - raft.server.threadpool.server.size = 0 (default)
2022-08-08 17:04:53,184 [pool-40-thread-1] INFO  server.RaftServerConfigKeys (ConfUtils.java:logGet(46)) - raft.server.threadpool.client.cached = true (default)
2022-08-08 17:04:53,184 [pool-40-thread-1] INFO  server.RaftServerConfigKeys (ConfUtils.java:logGet(46)) - raft.server.threadpool.client.size = 0 (default)
2022-08-08 17:04:53,187 [s0-impl-thread1] INFO  storage.RaftStorageDirectory (RaftStorageDirectoryImpl.java:tryLock(231)) - Lock on /home/runner/work/ratis/ratis/ratis-test/target/test/data/b051e71b/MiniRaftClusterWithSimulatedRpc1ec78f08/s0/0d1e7fc9-4c77-451a-91df-b24af063d807/in_use.lock acquired by nodename 4120@fv-az243-784.kztbcxys31bebirtrtfpqc42zb.jx.internal.cloudapp.net
2022-08-08 17:04:53,188 [s0-impl-thread1] INFO  storage.RaftStorage (RaftStorageImpl.java:analyzeAndRecoverStorage(117)) - Read RaftStorageMetadata{term=1, votedFor=s2} from /home/runner/work/ratis/ratis/ratis-test/target/test/data/b051e71b/MiniRaftClusterWithSimulatedRpc1ec78f08/s0/0d1e7fc9-4c77-451a-91df-b24af063d807/current/raft-meta
2022-08-08 17:04:53,188 [s0-impl-thread1] INFO  server.RaftServer$Division (ServerState.java:setRaftConf(429)) - s0@group-B24AF063D807: set configuration 0: peers:[s0|rpc:localhost:44329|admin:localhost:44721|client:localhost:39371|dataStream:localhost:42645|priority:0|startupRole:FOLLOWER, s1|rpc:localhost:41361|admin:localhost:40185|client:localhost:33019|dataStream:localhost:39869|priority:0|startupRole:FOLLOWER, s2|rpc:localhost:38737|admin:localhost:36401|client:localhost:33787|dataStream:localhost:36623|priority:0|startupRole:FOLLOWER]|listeners:[], old=null
2022-08-08 17:04:53,188 [s0-impl-thread1] INFO  statemachine.SimpleStateMachine4Testing (SimpleStateMachine4Testing.java:initialize(212)) - Initializing SimpleStateMachine4Testing:uninitialized
2022-08-08 17:04:53,188 [s0-impl-thread1] INFO  statemachine.SimpleStateMachine4Testing (SimpleStateMachine4Testing.java:loadSnapshot(306)) - The snapshot file null does not exist
2022-08-08 17:04:53,188 [s0-impl-thread1] INFO  server.RaftServerConfigKeys (ConfUtils.java:logGet(46)) - raft.server.log.use.memory = false (default)
2022-08-08 17:04:53,188 [s0-impl-thread1] INFO  server.RaftServerConfigKeys (ConfUtils.java:logGet(46)) - raft.server.log.purge.gap = 1024 (default)
2022-08-08 17:04:53,188 [s0-impl-thread1] INFO  server.RaftServerConfigKeys (ConfUtils.java:logGet(46)) - raft.server.log.appender.buffer.byte-limit = 4MB (=4194304) (default)
2022-08-08 17:04:53,188 [s0-impl-thread1] INFO  server.RaftServerConfigKeys (ConfUtils.java:logGet(46)) - raft.server.log.statemachine.data.read.timeout = 1000ms (default)
2022-08-08 17:04:53,189 [s0-impl-thread1] INFO  server.RaftServerConfigKeys (ConfUtils.java:logGet(46)) - raft.server.log.purge.preservation.log.num = 0 (default)
2022-08-08 17:04:53,189 [s0-impl-thread1] INFO  server.RaftServerConfigKeys (ConfUtils.java:logGet(46)) - raft.server.log.segment.size.max = 8KB (=8192) (custom)
2022-08-08 17:04:53,190 [s0-impl-thread1] INFO  server.RaftServerConfigKeys (ConfUtils.java:logGet(46)) - raft.server.log.segment.cache.num.max = 6 (default)
2022-08-08 17:04:53,190 [s0-impl-thread1] INFO  server.RaftServerConfigKeys (ConfUtils.java:logGet(46)) - raft.server.log.segment.cache.size.max = 200MB (=209715200) (default)
2022-08-08 17:04:53,190 [s0-impl-thread1] INFO  segmented.SegmentedRaftLogWorker (SegmentedRaftLogWorker.java:<init>(187)) - new s0@group-B24AF063D807-SegmentedRaftLogWorker for RaftStorageImpl:Storage Directory /home/runner/work/ratis/ratis/ratis-test/target/test/data/b051e71b/MiniRaftClusterWithSimulatedRpc1ec78f08/s0/0d1e7fc9-4c77-451a-91df-b24af063d807
2022-08-08 17:04:53,190 [s0-impl-thread1] INFO  server.RaftServerConfigKeys (ConfUtils.java:logGet(46)) - raft.server.log.queue.byte-limit = 64MB (=67108864) (default)
2022-08-08 17:04:53,190 [s0-impl-thread1] INFO  server.RaftServerConfigKeys (ConfUtils.java:logGet(46)) - raft.server.log.queue.element-limit = 4096 (default)
2022-08-08 17:04:53,190 [s0-impl-thread1] INFO  server.RaftServerConfigKeys (ConfUtils.java:logGet(46)) - raft.server.log.segment.size.max = 8KB (=8192) (custom)
2022-08-08 17:04:53,190 [s0-impl-thread1] INFO  server.RaftServerConfigKeys (ConfUtils.java:logGet(46)) - raft.server.log.preallocated.size = 4MB (=4194304) (default)
2022-08-08 17:04:53,190 [s0-impl-thread1] INFO  server.RaftServerConfigKeys (ConfUtils.java:logGet(46)) - raft.server.log.force.sync.num = 128 (default)
2022-08-08 17:04:53,190 [s0-impl-thread1] INFO  server.RaftServerConfigKeys (ConfUtils.java:logGet(46)) - raft.server.log.statemachine.data.sync = true (default)
2022-08-08 17:04:53,190 [s0-impl-thread1] INFO  server.RaftServerConfigKeys (ConfUtils.java:logGet(46)) - raft.server.log.statemachine.data.sync.timeout = 10s (default)
2022-08-08 17:04:53,190 [s0-impl-thread1] INFO  server.RaftServerConfigKeys (ConfUtils.java:logGet(46)) - raft.server.log.statemachine.data.sync.timeout.retry = -1 (default)
2022-08-08 17:04:53,191 [s0-impl-thread1] INFO  server.RaftServerConfigKeys (ConfUtils.java:logGet(46)) - raft.server.log.write.buffer.size = 64KB (=65536) (default)
2022-08-08 17:04:53,191 [s0-impl-thread1] INFO  server.RaftServerConfigKeys (ConfUtils.java:logGet(46)) - raft.server.log.unsafe-flush.enabled = false (default)
2022-08-08 17:04:53,191 [s0-impl-thread1] INFO  server.RaftServerConfigKeys (ConfUtils.java:logGet(46)) - raft.server.log.statemachine.data.caching.enabled = false (default)
2022-08-08 17:04:53,191 [s0-impl-thread1] INFO  server.RaftServer$Division (ServerState.java:setRaftConf(429)) - s0@group-B24AF063D807: set configuration 0: peers:[s0|rpc:localhost:44329|admin:localhost:44721|client:localhost:39371|dataStream:localhost:42645|priority:0|startupRole:FOLLOWER, s1|rpc:localhost:41361|admin:localhost:40185|client:localhost:33019|dataStream:localhost:39869|priority:0|startupRole:FOLLOWER, s2|rpc:localhost:38737|admin:localhost:36401|client:localhost:33787|dataStream:localhost:36623|priority:0|startupRole:FOLLOWER]|listeners:[], old=null
2022-08-08 17:04:53,192 [s0-impl-thread1] INFO  segmented.LogSegment (LogSegment.java:loadSegment(173)) - Successfully read 41 entries from segment file /home/runner/work/ratis/ratis/ratis-test/target/test/data/b051e71b/MiniRaftClusterWithSimulatedRpc1ec78f08/s0/0d1e7fc9-4c77-451a-91df-b24af063d807/current/log_inprogress_0
2022-08-08 17:04:53,193 [s0-impl-thread1] TRACE segmented.SegmentedRaftLogCache (AutoCloseableReadWriteLock.java:logLocking(65)) - s0@group-B24AF063D807: readLock ACQUIRED 1 by SegmentedRaftLogCache$LogSegmentList.getLast
2022-08-08 17:04:53,193 [s0-impl-thread1] TRACE segmented.SegmentedRaftLogCache (AutoCloseableReadWriteLock.java:logLocking(65)) - s0@group-B24AF063D807: readLock RELEASED 0 by SegmentedRaftLogCache$LogSegmentList.getLast
2022-08-08 17:04:53,193 [s0-impl-thread1] TRACE segmented.SegmentedRaftLogCache (SegmentedRaftLogCache.java:setOpenSegment(450)) - s0@group-B24AF063D807-SegmentedRaftLogCache: setOpenSegment to log_inprogress_0
2022-08-08 17:04:53,193 [s0-impl-thread1] TRACE segmented.SegmentedRaftLogCache (AutoCloseableReadWriteLock.java:logLocking(65)) - s0@group-B24AF063D807: readLock ACQUIRED 1 by SegmentedRaftLogCache$LogSegmentList.isEmpty
2022-08-08 17:04:53,193 [s0-impl-thread1] TRACE segmented.SegmentedRaftLogCache (AutoCloseableReadWriteLock.java:logLocking(65)) - s0@group-B24AF063D807: readLock RELEASED 0 by SegmentedRaftLogCache$LogSegmentList.isEmpty
2022-08-08 17:04:53,193 [s0-impl-thread1] TRACE segmented.SegmentedRaftLogCache (AutoCloseableReadWriteLock.java:logLocking(65)) - s0@group-B24AF063D807: readLock ACQUIRED 1 by SegmentedRaftLogCache.getEndIndex
2022-08-08 17:04:53,193 [s0-impl-thread1] TRACE segmented.SegmentedRaftLogCache (AutoCloseableReadWriteLock.java:logLocking(65)) - s0@group-B24AF063D807: readLock RELEASED 0 by SegmentedRaftLogCache.getEndIndex
2022-08-08 17:04:53,193 [s0-impl-thread1] TRACE segmented.SegmentedRaftLogCache (AutoCloseableReadWriteLock.java:logLocking(65)) - s0@group-B24AF063D807: readLock ACQUIRED 1 by SegmentedRaftLogCache.getEndIndex
2022-08-08 17:04:53,193 [s0-impl-thread1] TRACE segmented.SegmentedRaftLogCache (AutoCloseableReadWriteLock.java:logLocking(65)) - s0@group-B24AF063D807: readLock RELEASED 0 by SegmentedRaftLogCache.getEndIndex
2022-08-08 17:04:53,193 [s0-impl-thread1] TRACE segmented.SegmentedRaftLogCache (AutoCloseableReadWriteLock.java:logLocking(65)) - s0@group-B24AF063D807: readLock ACQUIRED 1 by SegmentedRaftLogCache.getLastIndexInClosedSegments
2022-08-08 17:04:53,193 [s0-impl-thread1] TRACE segmented.SegmentedRaftLogCache (AutoCloseableReadWriteLock.java:logLocking(65)) -   s0@group-B24AF063D807: readLock ACQUIRED 2 by SegmentedRaftLogCache$LogSegmentList.isEmpty
2022-08-08 17:04:53,193 [s0-impl-thread1] TRACE segmented.SegmentedRaftLogCache (AutoCloseableReadWriteLock.java:logLocking(65)) -   s0@group-B24AF063D807: readLock RELEASED 1 by SegmentedRaftLogCache$LogSegmentList.isEmpty
2022-08-08 17:04:53,193 [s0-impl-thread1] TRACE segmented.SegmentedRaftLogCache (AutoCloseableReadWriteLock.java:logLocking(65)) - s0@group-B24AF063D807: readLock RELEASED 0 by SegmentedRaftLogCache.getLastIndexInClosedSegments
2022-08-08 17:04:53,193 [s0-impl-thread1] INFO  segmented.SegmentedRaftLogWorker (SegmentedRaftLogWorker.java:lambda$new$0(135)) - s0@group-B24AF063D807-SegmentedRaftLogWorker: flushIndex: setUnconditionally 0 -> 40
2022-08-08 17:04:53,193 [s0-impl-thread1] INFO  segmented.SegmentedRaftLogWorker (SegmentedRaftLogWorker.java:lambda$new$0(135)) - s0@group-B24AF063D807-SegmentedRaftLogWorker: safeCacheEvictIndex: setUnconditionally 0 -> -1
2022-08-08 17:04:53,194 [s0-impl-thread1] INFO  raftlog.RaftLog (RaftLogBase.java:lambda$new$0(53)) - s0@group-B24AF063D807-SegmentedRaftLog: commitIndex: updateToMax old=-1, new=39, updated? true
2022-08-08 17:04:53,194 [s0-impl-thread1] TRACE segmented.SegmentedRaftLogCache (AutoCloseableReadWriteLock.java:logLocking(65)) - s0@group-B24AF063D807: readLock ACQUIRED 1 by SegmentedRaftLogCache.getStartIndex
2022-08-08 17:04:53,194 [s0-impl-thread1] TRACE segmented.SegmentedRaftLogCache (AutoCloseableReadWriteLock.java:logLocking(65)) -   s0@group-B24AF063D807: readLock ACQUIRED 2 by SegmentedRaftLogCache$LogSegmentList.isEmpty
2022-08-08 17:04:53,194 [s0-impl-thread1] TRACE segmented.SegmentedRaftLogCache (AutoCloseableReadWriteLock.java:logLocking(65)) -   s0@group-B24AF063D807: readLock RELEASED 1 by SegmentedRaftLogCache$LogSegmentList.isEmpty
2022-08-08 17:04:53,194 [s0-impl-thread1] TRACE segmented.SegmentedRaftLogCache (AutoCloseableReadWriteLock.java:logLocking(65)) - s0@group-B24AF063D807: readLock RELEASED 0 by SegmentedRaftLogCache.getStartIndex
2022-08-08 17:04:53,194 [s0-impl-thread1] INFO  server.RaftServer$Division (RaftServerImpl.java:start(314)) - s0@group-B24AF063D807: start as a follower, conf=0: peers:[s0|rpc:localhost:44329|admin:localhost:44721|client:localhost:39371|dataStream:localhost:42645|priority:0|startupRole:FOLLOWER, s1|rpc:localhost:41361|admin:localhost:40185|client:localhost:33019|dataStream:localhost:39869|priority:0|startupRole:FOLLOWER, s2|rpc:localhost:38737|admin:localhost:36401|client:localhost:33787|dataStream:localhost:36623|priority:0|startupRole:FOLLOWER]|listeners:[], old=null
2022-08-08 17:04:53,194 [s0-impl-thread1] INFO  server.RaftServer$Division (RaftServerImpl.java:setRole(301)) - s0@group-B24AF063D807: changes role from      null to FOLLOWER at term 1 for startAsFollower
2022-08-08 17:04:53,194 [s0-impl-thread1] INFO  impl.RoleInfo (RoleInfo.java:updateAndGet(139)) - s0: start s0@group-B24AF063D807-FollowerState
2022-08-08 17:04:53,196 [s0-impl-thread1] INFO  util.JmxRegister (JmxRegister.java:tryRegister(44)) - Successfully registered JMX Bean with object name Ratis:service=RaftServer,group=group-B24AF063D807,id=s0
2022-08-08 17:04:53,196 [s0-impl-thread1] INFO  server.RaftServerConfigKeys (ConfUtils.java:logGet(46)) - raft.server.snapshot.auto.trigger.enabled = false (default)
2022-08-08 17:04:53,196 [s0-impl-thread1] INFO  server.RaftServerConfigKeys (ConfUtils.java:logGet(46)) - raft.server.snapshot.retention.file.num = -1 (default)
2022-08-08 17:04:53,196 [s0-impl-thread1] INFO  server.RaftServerConfigKeys (ConfUtils.java:logGet(46)) - raft.server.log.purge.upto.snapshot.index = false (default)
2022-08-08 17:04:53,196 [Time-limited test] INFO  server.RaftServer (RaftServerProxy.java:startImpl(387)) - s0: start RPC server
2022-08-08 17:04:53,197 [s0@group-B24AF063D807-StateMachineUpdater] INFO  statemachine.SimpleStateMachine4Testing (SimpleStateMachine4Testing.java:put(204)) - s0: put 1, m0 -> (t:1, i:1), STATEMACHINELOGENTRY, 143@client-6250EC404864
2022-08-08 17:04:53,197 [s0@group-B24AF063D807-StateMachineUpdater] INFO  statemachine.SimpleStateMachine4Testing (SimpleStateMachine4Testing.java:put(204)) - s0: put 3, m1 -> (t:1, i:3), STATEMACHINELOGENTRY, 150@client-6250EC404864
2022-08-08 17:04:53,197 [s0@group-B24AF063D807-StateMachineUpdater] INFO  statemachine.SimpleStateMachine4Testing (SimpleStateMachine4Testing.java:put(204)) - s0: put 5, m2 -> (t:1, i:5), STATEMACHINELOGENTRY, 155@client-6250EC404864
2022-08-08 17:04:53,198 [s0@group-B24AF063D807-StateMachineUpdater] INFO  statemachine.SimpleStateMachine4Testing (SimpleStateMachine4Testing.java:put(204)) - s0: put 7, m3 -> (t:1, i:7), STATEMACHINELOGENTRY, 160@client-6250EC404864
2022-08-08 17:04:53,198 [s0@group-B24AF063D807-StateMachineUpdater] INFO  statemachine.SimpleStateMachine4Testing (SimpleStateMachine4Testing.java:put(204)) - s0: put 9, m4 -> (t:1, i:9), STATEMACHINELOGENTRY, 163@client-6250EC404864
2022-08-08 17:04:53,198 [s0@group-B24AF063D807-StateMachineUpdater] INFO  statemachine.SimpleStateMachine4Testing (SimpleStateMachine4Testing.java:put(204)) - s0: put 11, m5 -> (t:1, i:11), STATEMACHINELOGENTRY, 166@client-6250EC404864
2022-08-08 17:04:53,198 [s0@group-B24AF063D807-StateMachineUpdater] INFO  statemachine.SimpleStateMachine4Testing (SimpleStateMachine4Testing.java:put(204)) - s0: put 13, m6 -> (t:1, i:13), STATEMACHINELOGENTRY, 170@client-6250EC404864
2022-08-08 17:04:53,198 [s0@group-B24AF063D807-StateMachineUpdater] INFO  statemachine.SimpleStateMachine4Testing (SimpleStateMachine4Testing.java:put(204)) - s0: put 15, m7 -> (t:1, i:15), STATEMACHINELOGENTRY, 174@client-6250EC404864
2022-08-08 17:04:53,198 [s0@group-B24AF063D807-StateMachineUpdater] INFO  statemachine.SimpleStateMachine4Testing (SimpleStateMachine4Testing.java:put(204)) - s0: put 17, m8 -> (t:1, i:17), STATEMACHINELOGENTRY, 178@client-6250EC404864
2022-08-08 17:04:53,198 [s0@group-B24AF063D807-StateMachineUpdater] INFO  statemachine.SimpleStateMachine4Testing (SimpleStateMachine4Testing.java:put(204)) - s0: put 19, m9 -> (t:1, i:19), STATEMACHINELOGENTRY, 183@client-6250EC404864
2022-08-08 17:04:53,199 [s0@group-B24AF063D807-StateMachineUpdater] INFO  statemachine.SimpleStateMachine4Testing (SimpleStateMachine4Testing.java:put(204)) - s0: put 21, m10 -> (t:1, i:21), STATEMACHINELOGENTRY, 190@client-73FEC95B6FDB
2022-08-08 17:04:53,199 [s0@group-B24AF063D807-StateMachineUpdater] INFO  statemachine.SimpleStateMachine4Testing (SimpleStateMachine4Testing.java:put(204)) - s0: put 23, m11 -> (t:1, i:23), STATEMACHINELOGENTRY, 194@client-73FEC95B6FDB
2022-08-08 17:04:53,200 [s0@group-B24AF063D807-StateMachineUpdater] INFO  statemachine.SimpleStateMachine4Testing (SimpleStateMachine4Testing.java:put(204)) - s0: put 25, m12 -> (t:1, i:25), STATEMACHINELOGENTRY, 197@client-73FEC95B6FDB
2022-08-08 17:04:53,200 [s0@group-B24AF063D807-StateMachineUpdater] INFO  statemachine.SimpleStateMachine4Testing (SimpleStateMachine4Testing.java:put(204)) - s0: put 27, m13 -> (t:1, i:27), STATEMACHINELOGENTRY, 201@client-73FEC95B6FDB
2022-08-08 17:04:53,201 [s0@group-B24AF063D807-StateMachineUpdater] INFO  statemachine.SimpleStateMachine4Testing (SimpleStateMachine4Testing.java:put(204)) - s0: put 29, m14 -> (t:1, i:29), STATEMACHINELOGENTRY, 203@client-73FEC95B6FDB
2022-08-08 17:04:53,201 [s0@group-B24AF063D807-StateMachineUpdater] INFO  statemachine.SimpleStateMachine4Testing (SimpleStateMachine4Testing.java:put(204)) - s0: put 31, m15 -> (t:1, i:31), STATEMACHINELOGENTRY, 205@client-73FEC95B6FDB
2022-08-08 17:04:53,201 [s0@group-B24AF063D807-StateMachineUpdater] INFO  statemachine.SimpleStateMachine4Testing (SimpleStateMachine4Testing.java:put(204)) - s0: put 33, m16 -> (t:1, i:33), STATEMACHINELOGENTRY, 208@client-73FEC95B6FDB
2022-08-08 17:04:53,201 [s0@group-B24AF063D807-StateMachineUpdater] INFO  statemachine.SimpleStateMachine4Testing (SimpleStateMachine4Testing.java:put(204)) - s0: put 35, m17 -> (t:1, i:35), STATEMACHINELOGENTRY, 211@client-73FEC95B6FDB
2022-08-08 17:04:53,201 [s0@group-B24AF063D807-StateMachineUpdater] INFO  statemachine.SimpleStateMachine4Testing (SimpleStateMachine4Testing.java:put(204)) - s0: put 37, m18 -> (t:1, i:37), STATEMACHINELOGENTRY, 214@client-73FEC95B6FDB
2022-08-08 17:04:53,201 [s0@group-B24AF063D807-StateMachineUpdater] INFO  statemachine.SimpleStateMachine4Testing (SimpleStateMachine4Testing.java:put(204)) - s0: put 39, m19 -> (t:1, i:39), STATEMACHINELOGENTRY, 216@client-73FEC95B6FDB
2022-08-08 17:04:53,202 [Time-limited test] TRACE segmented.SegmentedRaftLogCache (AutoCloseableReadWriteLock.java:logLocking(65)) - s0@group-B24AF063D807: readLock ACQUIRED 1 by SegmentedRaftLogCache.getLastTermIndex
2022-08-08 17:04:53,202 [Time-limited test] TRACE segmented.SegmentedRaftLogCache (AutoCloseableReadWriteLock.java:logLocking(65)) - s0@group-B24AF063D807: readLock RELEASED 0 by SegmentedRaftLogCache.getLastTermIndex
2022-08-08 17:04:53,203 [Time-limited test] INFO  server.RaftServer (RaftServerProxy.java:lambda$close$6(403)) - s0: close
2022-08-08 17:04:53,203 [s0-impl-thread1] INFO  server.RaftServer$Division (RaftServerImpl.java:lambda$close$4(438)) - s0@group-B24AF063D807: shutdown
2022-08-08 17:04:53,203 [s0-impl-thread1] INFO  util.JmxRegister (JmxRegister.java:unregister(73)) - Successfully un-registered JMX Bean with object name Ratis:service=RaftServer,group=group-B24AF063D807,id=s0
2022-08-08 17:04:53,203 [s0-impl-thread1] INFO  impl.RoleInfo (RoleInfo.java:shutdownFollowerState(110)) - s0: shutdown s0@group-B24AF063D807-FollowerState
2022-08-08 17:04:53,203 [s0-impl-thread1] INFO  impl.StateMachineUpdater (StateMachineUpdater.java:stopAndJoin(153)) - s0@group-B24AF063D807-StateMachineUpdater: set stopIndex = 39
2022-08-08 17:04:53,203 [s0-impl-thread1] INFO  server.RaftServer$Division (ServerState.java:close(465)) - s0@group-B24AF063D807: closes. applyIndex: 39
2022-08-08 17:04:53,203 [s0-impl-thread1] TRACE segmented.SegmentedRaftLogCache (SegmentedRaftLogCache.java:clearOpenSegment(456)) - s0@group-B24AF063D807-SegmentedRaftLogCache: clearOpenSegment log_inprogress_0
2022-08-08 17:04:53,203 [s0-impl-thread1] TRACE segmented.SegmentedRaftLogCache (AutoCloseableReadWriteLock.java:logLocking(65)) - s0@group-B24AF063D807: writeLock ACQUIRED 1 by SegmentedRaftLogCache$LogSegmentList.clear
2022-08-08 17:04:53,203 [s0-impl-thread1] TRACE segmented.SegmentedRaftLogCache (AutoCloseableReadWriteLock.java:logLocking(65)) - s0@group-B24AF063D807: writeLock RELEASED 0 by SegmentedRaftLogCache$LogSegmentList.clear
2022-08-08 17:04:53,204 [org.apache.ratis.util.JvmPauseMonitor$$Lambda$263/548170058@69cf4581] INFO  util.JvmPauseMonitor (JvmPauseMonitor.java:run(103)) - JvmPauseMonitor-s0: Started
2022-08-08 17:04:53,204 [s0@group-B24AF063D807-SegmentedRaftLogWorker] INFO  segmented.SegmentedRaftLogWorker (SegmentedRaftLogWorker.java:run(336)) - s0@group-B24AF063D807-SegmentedRaftLogWorker was interrupted, exiting. There are 0 tasks remaining in the queue.
2022-08-08 17:04:53,204 [s0-impl-thread1] INFO  segmented.SegmentedRaftLogWorker (SegmentedRaftLogWorker.java:close(246)) - s0@group-B24AF063D807-SegmentedRaftLogWorker close()
2022-08-08 17:04:53,205 [Thread-530] INFO  simulation.RequestHandler (RequestHandler.java:run(126)) - s0.clientHandler2 is interrupted by java.io.InterruptedIOException: 
2022-08-08 17:04:53,205 [s0@group-B24AF063D807-FollowerState] INFO  impl.FollowerState (FollowerState.java:run(152)) - s0@group-B24AF063D807-FollowerState was interrupted
2022-08-08 17:04:53,205 [Thread-528] INFO  simulation.RequestHandler (RequestHandler.java:run(126)) - s0.clientHandler0 is interrupted by java.io.InterruptedIOException: 
2022-08-08 17:04:53,205 [Thread-529] INFO  simulation.RequestHandler (RequestHandler.java:run(126)) - s0.clientHandler1 is interrupted by java.io.InterruptedIOException: 
2022-08-08 17:04:53,206 [Thread-525] INFO  simulation.RequestHandler (RequestHandler.java:run(126)) - s0.serverHandler0 is interrupted by java.io.InterruptedIOException: 
2022-08-08 17:04:53,206 [Thread-526] INFO  simulation.RequestHandler (RequestHandler.java:run(126)) - s0.serverHandler1 is interrupted by java.io.InterruptedIOException: 
2022-08-08 17:04:53,206 [Thread-527] INFO  simulation.RequestHandler (RequestHandler.java:run(126)) - s0.serverHandler2 is interrupted by java.io.InterruptedIOException: 
2022-08-08 17:04:53,207 [org.apache.ratis.util.JvmPauseMonitor$$Lambda$263/548170058@69cf4581] INFO  util.JvmPauseMonitor (JvmPauseMonitor.java:run(109)) - JvmPauseMonitor-s0: Stopped
2022-08-08 17:04:53,207 [Time-limited test] INFO  server.RaftServer (RaftServerProxy.java:lambda$close$6(403)) - s1: close
2022-08-08 17:04:53,207 [Thread-470] INFO  simulation.RequestHandler (RequestHandler.java:run(126)) - s1.clientHandler0 is interrupted by java.io.InterruptedIOException: 
2022-08-08 17:04:53,207 [s1-impl-thread1] INFO  server.RaftServer$Division (RaftServerImpl.java:lambda$close$4(438)) - s1@group-B24AF063D807: shutdown
2022-08-08 17:04:53,207 [s1-impl-thread1] INFO  util.JmxRegister (JmxRegister.java:unregister(73)) - Successfully un-registered JMX Bean with object name Ratis:service=RaftServer,group=group-B24AF063D807,id=s1
2022-08-08 17:04:53,207 [Thread-472] INFO  simulation.RequestHandler (RequestHandler.java:run(126)) - s1.clientHandler2 is interrupted by java.io.InterruptedIOException: 
2022-08-08 17:04:53,207 [Thread-471] INFO  simulation.RequestHandler (RequestHandler.java:run(126)) - s1.clientHandler1 is interrupted by java.io.InterruptedIOException: 
2022-08-08 17:04:53,207 [s1-impl-thread1] INFO  impl.RoleInfo (RoleInfo.java:shutdownFollowerState(110)) - s1: shutdown s1@group-B24AF063D807-FollowerState
2022-08-08 17:04:53,207 [s1-impl-thread1] INFO  impl.StateMachineUpdater (StateMachineUpdater.java:stopAndJoin(153)) - s1@group-B24AF063D807-StateMachineUpdater: set stopIndex = 40
2022-08-08 17:04:53,208 [s1@group-B24AF063D807-FollowerState] INFO  impl.FollowerState (FollowerState.java:run(152)) - s1@group-B24AF063D807-FollowerState was interrupted
2022-08-08 17:04:53,208 [s1-impl-thread1] INFO  server.RaftServer$Division (ServerState.java:close(465)) - s1@group-B24AF063D807: closes. applyIndex: 40
2022-08-08 17:04:53,208 [s1-impl-thread1] TRACE segmented.SegmentedRaftLogCache (SegmentedRaftLogCache.java:clearOpenSegment(456)) - s1@group-B24AF063D807-SegmentedRaftLogCache: clearOpenSegment log_inprogress_0
2022-08-08 17:04:53,208 [Thread-469] INFO  simulation.RequestHandler (RequestHandler.java:run(126)) - s1.serverHandler2 is interrupted by java.io.InterruptedIOException: 
2022-08-08 17:04:53,208 [Thread-467] INFO  simulation.RequestHandler (RequestHandler.java:run(126)) - s1.serverHandler0 is interrupted by java.io.InterruptedIOException: 
2022-08-08 17:04:53,208 [Thread-468] INFO  simulation.RequestHandler (RequestHandler.java:run(126)) - s1.serverHandler1 is interrupted by java.io.InterruptedIOException: 
2022-08-08 17:04:53,208 [s1-impl-thread1] TRACE segmented.SegmentedRaftLogCache (AutoCloseableReadWriteLock.java:logLocking(65)) - s1@group-B24AF063D807: writeLock ACQUIRED 1 by SegmentedRaftLogCache$LogSegmentList.clear
2022-08-08 17:04:53,208 [s1-impl-thread1] TRACE segmented.SegmentedRaftLogCache (AutoCloseableReadWriteLock.java:logLocking(65)) - s1@group-B24AF063D807: writeLock RELEASED 0 by SegmentedRaftLogCache$LogSegmentList.clear
2022-08-08 17:04:53,208 [s1@group-B24AF063D807-SegmentedRaftLogWorker] INFO  segmented.SegmentedRaftLogWorker (SegmentedRaftLogWorker.java:run(336)) - s1@group-B24AF063D807-SegmentedRaftLogWorker was interrupted, exiting. There are 0 tasks remaining in the queue.
2022-08-08 17:04:53,208 [s1-impl-thread1] INFO  segmented.SegmentedRaftLogWorker (SegmentedRaftLogWorker.java:close(246)) - s1@group-B24AF063D807-SegmentedRaftLogWorker close()
2022-08-08 17:04:53,209 [org.apache.ratis.util.JvmPauseMonitor$$Lambda$263/548170058@44d5ee5] INFO  util.JvmPauseMonitor (JvmPauseMonitor.java:run(109)) - JvmPauseMonitor-s1: Stopped
2022-08-08 17:04:53,209 [Time-limited test] INFO  server.RaftServer (RaftServerProxy.java:lambda$close$6(403)) - s2: close
2022-08-08 17:04:53,209 [s2-impl-thread1] INFO  server.RaftServer$Division (RaftServerImpl.java:lambda$close$4(438)) - s2@group-B24AF063D807: shutdown
2022-08-08 17:04:53,209 [s2-impl-thread1] INFO  util.JmxRegister (JmxRegister.java:unregister(73)) - Successfully un-registered JMX Bean with object name Ratis:service=RaftServer,group=group-B24AF063D807,id=s2
2022-08-08 17:04:53,209 [s2-impl-thread1] INFO  impl.RoleInfo (RoleInfo.java:shutdownLeaderState(93)) - s2: shutdown s2@group-B24AF063D807-LeaderStateImpl
2022-08-08 17:04:53,209 [s2-impl-thread1] INFO  impl.PendingRequests (PendingRequests.java:sendNotLeaderResponses(282)) - s2@group-B24AF063D807-PendingRequests: sendNotLeaderResponses
2022-08-08 17:04:53,209 [s2-impl-thread1] INFO  impl.StateMachineUpdater (StateMachineUpdater.java:stopAndJoin(153)) - s2@group-B24AF063D807-StateMachineUpdater: set stopIndex = 40
2022-08-08 17:04:53,209 [Thread-478] INFO  simulation.RequestHandler (RequestHandler.java:run(126)) - s2.clientHandler0 is interrupted by java.io.InterruptedIOException: 
2022-08-08 17:04:53,209 [Thread-480] INFO  simulation.RequestHandler (RequestHandler.java:run(126)) - s2.clientHandler2 is interrupted by java.io.InterruptedIOException: 
2022-08-08 17:04:53,209 [Thread-479] INFO  simulation.RequestHandler (RequestHandler.java:run(126)) - s2.clientHandler1 is interrupted by java.io.InterruptedIOException: 
2022-08-08 17:04:53,209 [s2@group-B24AF063D807->s1-LogAppenderDefault-LogAppenderDaemon] INFO  leader.LogAppenderDaemon (LogAppenderDaemon.java:run(82)) - s2@group-B24AF063D807->s1-LogAppenderDefault-LogAppenderDaemon was interrupted: java.lang.InterruptedException
2022-08-08 17:04:53,210 [s2-impl-thread1] INFO  server.RaftServer$Division (ServerState.java:close(465)) - s2@group-B24AF063D807: closes. applyIndex: 40
2022-08-08 17:04:53,209 [s2@group-B24AF063D807->s0-LogAppenderDefault-LogAppenderDaemon] INFO  leader.LogAppenderDaemon (LogAppenderDaemon.java:run(82)) - s2@group-B24AF063D807->s0-LogAppenderDefault-LogAppenderDaemon was interrupted: java.lang.InterruptedException
2022-08-08 17:04:53,210 [s2-impl-thread1] TRACE segmented.SegmentedRaftLogCache (SegmentedRaftLogCache.java:clearOpenSegment(456)) - s2@group-B24AF063D807-SegmentedRaftLogCache: clearOpenSegment log_inprogress_0
2022-08-08 17:04:53,210 [s2-impl-thread1] TRACE segmented.SegmentedRaftLogCache (AutoCloseableReadWriteLock.java:logLocking(65)) - s2@group-B24AF063D807: writeLock ACQUIRED 1 by SegmentedRaftLogCache$LogSegmentList.clear
2022-08-08 17:04:53,210 [s2-impl-thread1] TRACE segmented.SegmentedRaftLogCache (AutoCloseableReadWriteLock.java:logLocking(65)) - s2@group-B24AF063D807: writeLock RELEASED 0 by SegmentedRaftLogCache$LogSegmentList.clear
2022-08-08 17:04:53,210 [s2@group-B24AF063D807-SegmentedRaftLogWorker] INFO  segmented.SegmentedRaftLogWorker (SegmentedRaftLogWorker.java:run(336)) - s2@group-B24AF063D807-SegmentedRaftLogWorker was interrupted, exiting. There are 0 tasks remaining in the queue.
2022-08-08 17:04:53,210 [s2-impl-thread1] INFO  segmented.SegmentedRaftLogWorker (SegmentedRaftLogWorker.java:close(246)) - s2@group-B24AF063D807-SegmentedRaftLogWorker close()
2022-08-08 17:04:53,210 [Thread-475] INFO  simulation.RequestHandler (RequestHandler.java:run(126)) - s2.serverHandler0 is interrupted by java.io.InterruptedIOException: 
2022-08-08 17:04:53,210 [Thread-476] INFO  simulation.RequestHandler (RequestHandler.java:run(126)) - s2.serverHandler1 is interrupted by java.io.InterruptedIOException: 
2022-08-08 17:04:53,210 [Thread-477] INFO  simulation.RequestHandler (RequestHandler.java:run(126)) - s2.serverHandler2 is interrupted by java.io.InterruptedIOException: 
2022-08-08 17:04:53,211 [org.apache.ratis.util.JvmPauseMonitor$$Lambda$263/548170058@62d13be2] INFO  util.JvmPauseMonitor (JvmPauseMonitor.java:run(109)) - JvmPauseMonitor-s2: Stopped
2022-08-08 17:04:53,211 [Time-limited test] TRACE util.FileUtils (LogUtils.java:runAndLog(49)) - Successfully ran FileOutputStream.getChannel().truncate /home/runner/work/ratis/ratis/ratis-test/target/test/data/b051e71b/MiniRaftClusterWithSimulatedRpc1ec78f08/s0/0d1e7fc9-4c77-451a-91df-b24af063d807/current/log_inprogress_0 length: 1317 -> 1316
2022-08-08 17:04:53,211 [Time-limited test] INFO  impl.MiniRaftCluster (MiniRaftCluster.java:killServer(529)) - killServer s0
2022-08-08 17:04:53,211 [Time-limited test] INFO  impl.MiniRaftCluster (MiniRaftCluster.java:newRaftServer(379)) - newRaftServer: s0, group-B24AF063D807:[s0|rpc:localhost:44329|admin:localhost:44721|client:localhost:39371|dataStream:localhost:42645|priority:0|startupRole:FOLLOWER, s1|rpc:localhost:41361|admin:localhost:40185|client:localhost:33019|dataStream:localhost:39869|priority:0|startupRole:FOLLOWER, s2|rpc:localhost:38737|admin:localhost:36401|client:localhost:33787|dataStream:localhost:36623|priority:0|startupRole:FOLLOWER], format? false
2022-08-08 17:04:53,211 [Time-limited test] INFO  server.RaftServer (ConfUtils.java:logGet(46)) - raft.rpc.type = org.apache.ratis.server.simulation.SimulatedRpc (custom)
2022-08-08 17:04:53,212 [Time-limited test] INFO  impl.DataStreamServerImpl (ConfUtils.java:logGet(46)) - raft.datastream.type = DISABLED (default)
2022-08-08 17:04:53,212 [Time-limited test] INFO  server.RaftServerConfigKeys (ConfUtils.java:logGet(46)) - raft.server.threadpool.proxy.cached = true (default)
2022-08-08 17:04:53,212 [Time-limited test] INFO  server.RaftServerConfigKeys (ConfUtils.java:logGet(46)) - raft.server.threadpool.proxy.size = 0 (default)
2022-08-08 17:04:53,212 [Time-limited test] INFO  server.RaftServerConfigKeys (ConfUtils.java:logGet(46)) - raft.server.rpc.slowness.timeout = 60s (default)
2022-08-08 17:04:53,212 [Time-limited test] INFO  server.RaftServerConfigKeys (ConfUtils.java:logGet(46)) - raft.server.leaderelection.leader.step-down.wait-time = 10s (default)
2022-08-08 17:04:53,212 [Time-limited test] INFO  server.RaftServerConfigKeys (ConfUtils.java:logGet(46)) - raft.server.storage.dir = [/home/runner/work/ratis/ratis/ratis-test/target/test/data/b051e71b/MiniRaftClusterWithSimulatedRpc1ec78f08/s0] (custom)
2022-08-08 17:04:53,212 [s0-impl-thread1] INFO  server.RaftServer (RaftServerProxy.java:initGroupDir(249)) - s0: found a subdirectory /home/runner/work/ratis/ratis/ratis-test/target/test/data/b051e71b/MiniRaftClusterWithSimulatedRpc1ec78f08/s0/0d1e7fc9-4c77-451a-91df-b24af063d807
2022-08-08 17:04:53,213 [Time-limited test] INFO  server.RaftServer (RaftServerProxy.java:addNew(96)) - s0: addNew group-B24AF063D807:[s0|rpc:localhost:44329|admin:localhost:44721|client:localhost:39371|dataStream:localhost:42645|priority:0|startupRole:FOLLOWER, s1|rpc:localhost:41361|admin:localhost:40185|client:localhost:33019|dataStream:localhost:39869|priority:0|startupRole:FOLLOWER, s2|rpc:localhost:38737|admin:localhost:36401|client:localhost:33787|dataStream:localhost:36623|priority:0|startupRole:FOLLOWER] returns group-B24AF063D807:java.util.concurrent.CompletableFuture@3eb41c16[Not completed]
2022-08-08 17:04:53,213 [pool-41-thread-1] INFO  server.RaftServerConfigKeys (ConfUtils.java:logGet(46)) - raft.server.log.segment.size.max = 8MB (=8388608) (default)
2022-08-08 17:04:53,213 [pool-41-thread-1] INFO  server.RaftServerConfigKeys (ConfUtils.java:logGet(46)) - raft.server.log.preallocated.size = 4MB (=4194304) (default)
2022-08-08 17:04:53,213 [pool-41-thread-1] INFO  server.RaftServerConfigKeys (ConfUtils.java:logGet(46)) - raft.server.log.write.buffer.size = 64KB (=65536) (default)
2022-08-08 17:04:53,213 [pool-41-thread-1] INFO  server.RaftServer$Division (RaftServerImpl.java:<init>(192)) - s0: new RaftServerImpl for group-B24AF063D807:[s0|rpc:localhost:44329|admin:localhost:44721|client:localhost:39371|dataStream:localhost:42645|priority:0|startupRole:FOLLOWER, s1|rpc:localhost:41361|admin:localhost:40185|client:localhost:33019|dataStream:localhost:39869|priority:0|startupRole:FOLLOWER, s2|rpc:localhost:38737|admin:localhost:36401|client:localhost:33787|dataStream:localhost:36623|priority:0|startupRole:FOLLOWER] with SimpleStateMachine4Testing:uninitialized
2022-08-08 17:04:53,213 [pool-41-thread-1] INFO  server.RaftServerConfigKeys (ConfUtils.java:logGet(46)) - raft.server.rpc.timeout.min = 150ms (default)
2022-08-08 17:04:53,213 [pool-41-thread-1] INFO  server.RaftServerConfigKeys (ConfUtils.java:logGet(46)) - raft.server.rpc.timeout.max = 300ms (default)
2022-08-08 17:04:53,213 [pool-41-thread-1] INFO  server.RaftServerConfigKeys (ConfUtils.java:logGet(46)) - raft.server.rpc.sleep.time = 25ms (default)
2022-08-08 17:04:53,213 [pool-41-thread-1] INFO  server.RaftServerConfigKeys (ConfUtils.java:logGet(46)) - raft.server.rpc.slowness.timeout = 60s (default)
2022-08-08 17:04:53,213 [pool-41-thread-1] INFO  server.RaftServerConfigKeys (ConfUtils.java:logGet(46)) - raft.server.leaderelection.leader.step-down.wait-time = 10s (default)
2022-08-08 17:04:53,213 [pool-41-thread-1] INFO  server.RaftServerConfigKeys (ConfUtils.java:logGet(46)) - raft.server.sleep.deviation.threshold = 300ms (default)
2022-08-08 17:04:53,213 [pool-41-thread-1] INFO  server.RaftServer$Division (ServerState.java:<init>(118)) - s0@group-B24AF063D807: ConfigurationManager, init=-1: peers:[s0|rpc:localhost:44329|admin:localhost:44721|client:localhost:39371|dataStream:localhost:42645|priority:0|startupRole:FOLLOWER, s1|rpc:localhost:41361|admin:localhost:40185|client:localhost:33019|dataStream:localhost:39869|priority:0|startupRole:FOLLOWER, s2|rpc:localhost:38737|admin:localhost:36401|client:localhost:33787|dataStream:localhost:36623|priority:0|startupRole:FOLLOWER]|listeners:[], old=null, confs=<EMPTY_MAP>
2022-08-08 17:04:53,213 [pool-41-thread-1] INFO  server.RaftServerConfigKeys (ConfUtils.java:logGet(46)) - raft.server.storage.dir = [/home/runner/work/ratis/ratis/ratis-test/target/test/data/b051e71b/MiniRaftClusterWithSimulatedRpc1ec78f08/s0] (custom)
2022-08-08 17:04:53,214 [pool-41-thread-1] INFO  server.RaftServerConfigKeys (ConfUtils.java:logGet(46)) - raft.server.log.corruption.policy = EXCEPTION (default)
2022-08-08 17:04:53,214 [pool-41-thread-1] INFO  server.RaftServerConfigKeys (ConfUtils.java:logGet(46)) - raft.server.storage.free-space.min = 0MB (=0) (default)
2022-08-08 17:04:53,214 [pool-41-thread-1] INFO  server.RaftServerConfigKeys (ConfUtils.java:logGet(46)) - raft.server.notification.no-leader.timeout = 60s (default)
2022-08-08 17:04:53,214 [pool-41-thread-1] INFO  server.RaftServerConfigKeys (ConfUtils.java:logGet(46)) - raft.server.retrycache.expirytime = 60s (default)
2022-08-08 17:04:53,214 [pool-41-thread-1] INFO  server.RaftServerConfigKeys (ConfUtils.java:logGet(46)) - raft.server.retrycache.statistics.expirytime = 100μs (default)
2022-08-08 17:04:53,214 [pool-41-thread-1] INFO  server.RaftServerConfigKeys (ConfUtils.java:logGet(46)) - raft.server.log.appender.install.snapshot.enabled = true (default)
2022-08-08 17:04:53,214 [pool-41-thread-1] INFO  server.RaftServerConfigKeys (ConfUtils.java:logGet(46)) - raft.server.threadpool.server.cached = true (default)
2022-08-08 17:04:53,214 [pool-41-thread-1] INFO  server.RaftServerConfigKeys (ConfUtils.java:logGet(46)) - raft.server.threadpool.server.size = 0 (default)
2022-08-08 17:04:53,214 [pool-41-thread-1] INFO  server.RaftServerConfigKeys (ConfUtils.java:logGet(46)) - raft.server.threadpool.client.cached = true (default)
2022-08-08 17:04:53,214 [pool-41-thread-1] INFO  server.RaftServerConfigKeys (ConfUtils.java:logGet(46)) - raft.server.threadpool.client.size = 0 (default)
2022-08-08 17:04:53,215 [s0-impl-thread1] INFO  storage.RaftStorageDirectory (RaftStorageDirectoryImpl.java:tryLock(231)) - Lock on /home/runner/work/ratis/ratis/ratis-test/target/test/data/b051e71b/MiniRaftClusterWithSimulatedRpc1ec78f08/s0/0d1e7fc9-4c77-451a-91df-b24af063d807/in_use.lock acquired by nodename 4120@fv-az243-784.kztbcxys31bebirtrtfpqc42zb.jx.internal.cloudapp.net
2022-08-08 17:04:53,216 [s0-impl-thread1] INFO  storage.RaftStorage (RaftStorageImpl.java:analyzeAndRecoverStorage(117)) - Read RaftStorageMetadata{term=1, votedFor=s2} from /home/runner/work/ratis/ratis/ratis-test/target/test/data/b051e71b/MiniRaftClusterWithSimulatedRpc1ec78f08/s0/0d1e7fc9-4c77-451a-91df-b24af063d807/current/raft-meta
2022-08-08 17:04:53,216 [s0-impl-thread1] INFO  server.RaftServer$Division (ServerState.java:setRaftConf(429)) - s0@group-B24AF063D807: set configuration 0: peers:[s0|rpc:localhost:44329|admin:localhost:44721|client:localhost:39371|dataStream:localhost:42645|priority:0|startupRole:FOLLOWER, s1|rpc:localhost:41361|admin:localhost:40185|client:localhost:33019|dataStream:localhost:39869|priority:0|startupRole:FOLLOWER, s2|rpc:localhost:38737|admin:localhost:36401|client:localhost:33787|dataStream:localhost:36623|priority:0|startupRole:FOLLOWER]|listeners:[], old=null
2022-08-08 17:04:53,216 [s0-impl-thread1] INFO  statemachine.SimpleStateMachine4Testing (SimpleStateMachine4Testing.java:initialize(212)) - Initializing SimpleStateMachine4Testing:uninitialized
2022-08-08 17:04:53,216 [s0-impl-thread1] INFO  statemachine.SimpleStateMachine4Testing (SimpleStateMachine4Testing.java:loadSnapshot(306)) - The snapshot file null does not exist
2022-08-08 17:04:53,216 [s0-impl-thread1] INFO  server.RaftServerConfigKeys (ConfUtils.java:logGet(46)) - raft.server.log.use.memory = false (default)
2022-08-08 17:04:53,216 [s0-impl-thread1] INFO  server.RaftServerConfigKeys (ConfUtils.java:logGet(46)) - raft.server.log.purge.gap = 1024 (default)
2022-08-08 17:04:53,216 [s0-impl-thread1] INFO  server.RaftServerConfigKeys (ConfUtils.java:logGet(46)) - raft.server.log.appender.buffer.byte-limit = 4MB (=4194304) (default)
2022-08-08 17:04:53,216 [s0-impl-thread1] INFO  server.RaftServerConfigKeys (ConfUtils.java:logGet(46)) - raft.server.log.statemachine.data.read.timeout = 1000ms (default)
2022-08-08 17:04:53,216 [s0-impl-thread1] INFO  server.RaftServerConfigKeys (ConfUtils.java:logGet(46)) - raft.server.log.purge.preservation.log.num = 0 (default)
2022-08-08 17:04:53,216 [s0-impl-thread1] INFO  server.RaftServerConfigKeys (ConfUtils.java:logGet(46)) - raft.server.log.segment.size.max = 8KB (=8192) (custom)
2022-08-08 17:04:53,217 [s0-impl-thread1] INFO  server.RaftServerConfigKeys (ConfUtils.java:logGet(46)) - raft.server.log.segment.cache.num.max = 6 (default)
2022-08-08 17:04:53,217 [s0-impl-thread1] INFO  server.RaftServerConfigKeys (ConfUtils.java:logGet(46)) - raft.server.log.segment.cache.size.max = 200MB (=209715200) (default)
2022-08-08 17:04:53,217 [s0-impl-thread1] INFO  segmented.SegmentedRaftLogWorker (SegmentedRaftLogWorker.java:<init>(187)) - new s0@group-B24AF063D807-SegmentedRaftLogWorker for RaftStorageImpl:Storage Directory /home/runner/work/ratis/ratis/ratis-test/target/test/data/b051e71b/MiniRaftClusterWithSimulatedRpc1ec78f08/s0/0d1e7fc9-4c77-451a-91df-b24af063d807
2022-08-08 17:04:53,217 [s0-impl-thread1] INFO  server.RaftServerConfigKeys (ConfUtils.java:logGet(46)) - raft.server.log.queue.byte-limit = 64MB (=67108864) (default)
2022-08-08 17:04:53,217 [s0-impl-thread1] INFO  server.RaftServerConfigKeys (ConfUtils.java:logGet(46)) - raft.server.log.queue.element-limit = 4096 (default)
2022-08-08 17:04:53,217 [s0-impl-thread1] INFO  server.RaftServerConfigKeys (ConfUtils.java:logGet(46)) - raft.server.log.segment.size.max = 8KB (=8192) (custom)
2022-08-08 17:04:53,217 [s0-impl-thread1] INFO  server.RaftServerConfigKeys (ConfUtils.java:logGet(46)) - raft.server.log.preallocated.size = 4MB (=4194304) (default)
2022-08-08 17:04:53,217 [s0-impl-thread1] INFO  server.RaftServerConfigKeys (ConfUtils.java:logGet(46)) - raft.server.log.force.sync.num = 128 (default)
2022-08-08 17:04:53,217 [s0-impl-thread1] INFO  server.RaftServerConfigKeys (ConfUtils.java:logGet(46)) - raft.server.log.statemachine.data.sync = true (default)
2022-08-08 17:04:53,217 [s0-impl-thread1] INFO  server.RaftServerConfigKeys (ConfUtils.java:logGet(46)) - raft.server.log.statemachine.data.sync.timeout = 10s (default)
2022-08-08 17:04:53,217 [s0-impl-thread1] INFO  server.RaftServerConfigKeys (ConfUtils.java:logGet(46)) - raft.server.log.statemachine.data.sync.timeout.retry = -1 (default)
2022-08-08 17:04:53,217 [s0-impl-thread1] INFO  server.RaftServerConfigKeys (ConfUtils.java:logGet(46)) - raft.server.log.write.buffer.size = 64KB (=65536) (default)
2022-08-08 17:04:53,217 [s0-impl-thread1] INFO  server.RaftServerConfigKeys (ConfUtils.java:logGet(46)) - raft.server.log.unsafe-flush.enabled = false (default)
2022-08-08 17:04:53,217 [s0-impl-thread1] INFO  server.RaftServerConfigKeys (ConfUtils.java:logGet(46)) - raft.server.log.statemachine.data.caching.enabled = false (default)
2022-08-08 17:04:53,218 [s0-impl-thread1] INFO  server.RaftServer$Division (ServerState.java:setRaftConf(429)) - s0@group-B24AF063D807: set configuration 0: peers:[s0|rpc:localhost:44329|admin:localhost:44721|client:localhost:39371|dataStream:localhost:42645|priority:0|startupRole:FOLLOWER, s1|rpc:localhost:41361|admin:localhost:40185|client:localhost:33019|dataStream:localhost:39869|priority:0|startupRole:FOLLOWER, s2|rpc:localhost:38737|admin:localhost:36401|client:localhost:33787|dataStream:localhost:36623|priority:0|startupRole:FOLLOWER]|listeners:[], old=null
2022-08-08 17:04:53,218 [s0-impl-thread1] WARN  segmented.SegmentedRaftLogReader (SegmentedRaftLogReader.java:readEntry(207)) - Ignoring the last partial written log entry in /home/runner/work/ratis/ratis/ratis-test/target/test/data/b051e71b/MiniRaftClusterWithSimulatedRpc1ec78f08/s0/0d1e7fc9-4c77-451a-91df-b24af063d807/current/log_inprogress_0: java.io.EOFException
2022-08-08 17:04:53,218 [s0-impl-thread1] INFO  segmented.LogSegment (LogSegment.java:loadSegment(173)) - Successfully read 40 entries from segment file /home/runner/work/ratis/ratis/ratis-test/target/test/data/b051e71b/MiniRaftClusterWithSimulatedRpc1ec78f08/s0/0d1e7fc9-4c77-451a-91df-b24af063d807/current/log_inprogress_0
2022-08-08 17:04:53,219 [s0-impl-thread1] TRACE util.FileUtils (LogUtils.java:runAndLog(49)) - Successfully ran FileOutputStream.getChannel().truncate /home/runner/work/ratis/ratis/ratis-test/target/test/data/b051e71b/MiniRaftClusterWithSimulatedRpc1ec78f08/s0/0d1e7fc9-4c77-451a-91df-b24af063d807/current/log_inprogress_0 length: 1316 -> 1304
2022-08-08 17:04:53,219 [s0-impl-thread1] TRACE segmented.SegmentedRaftLogCache (AutoCloseableReadWriteLock.java:logLocking(65)) - s0@group-B24AF063D807: readLock ACQUIRED 1 by SegmentedRaftLogCache$LogSegmentList.getLast
2022-08-08 17:04:53,219 [s0-impl-thread1] TRACE segmented.SegmentedRaftLogCache (AutoCloseableReadWriteLock.java:logLocking(65)) - s0@group-B24AF063D807: readLock RELEASED 0 by SegmentedRaftLogCache$LogSegmentList.getLast
2022-08-08 17:04:53,219 [s0-impl-thread1] TRACE segmented.SegmentedRaftLogCache (SegmentedRaftLogCache.java:setOpenSegment(450)) - s0@group-B24AF063D807-SegmentedRaftLogCache: setOpenSegment to log_inprogress_0
2022-08-08 17:04:53,219 [s0-impl-thread1] TRACE segmented.SegmentedRaftLogCache (AutoCloseableReadWriteLock.java:logLocking(65)) - s0@group-B24AF063D807: readLock ACQUIRED 1 by SegmentedRaftLogCache$LogSegmentList.isEmpty
2022-08-08 17:04:53,219 [s0-impl-thread1] TRACE segmented.SegmentedRaftLogCache (AutoCloseableReadWriteLock.java:logLocking(65)) - s0@group-B24AF063D807: readLock RELEASED 0 by SegmentedRaftLogCache$LogSegmentList.isEmpty
2022-08-08 17:04:53,219 [s0-impl-thread1] TRACE segmented.SegmentedRaftLogCache (AutoCloseableReadWriteLock.java:logLocking(65)) - s0@group-B24AF063D807: readLock ACQUIRED 1 by SegmentedRaftLogCache.getEndIndex
2022-08-08 17:04:53,219 [s0-impl-thread1] TRACE segmented.SegmentedRaftLogCache (AutoCloseableReadWriteLock.java:logLocking(65)) - s0@group-B24AF063D807: readLock RELEASED 0 by SegmentedRaftLogCache.getEndIndex
2022-08-08 17:04:53,219 [s0-impl-thread1] TRACE segmented.SegmentedRaftLogCache (AutoCloseableReadWriteLock.java:logLocking(65)) - s0@group-B24AF063D807: readLock ACQUIRED 1 by SegmentedRaftLogCache.getEndIndex
2022-08-08 17:04:53,219 [s0-impl-thread1] TRACE segmented.SegmentedRaftLogCache (AutoCloseableReadWriteLock.java:logLocking(65)) - s0@group-B24AF063D807: readLock RELEASED 0 by SegmentedRaftLogCache.getEndIndex
2022-08-08 17:04:53,219 [s0-impl-thread1] TRACE segmented.SegmentedRaftLogCache (AutoCloseableReadWriteLock.java:logLocking(65)) - s0@group-B24AF063D807: readLock ACQUIRED 1 by SegmentedRaftLogCache.getLastIndexInClosedSegments
2022-08-08 17:04:53,219 [s0-impl-thread1] TRACE segmented.SegmentedRaftLogCache (AutoCloseableReadWriteLock.java:logLocking(65)) -   s0@group-B24AF063D807: readLock ACQUIRED 2 by SegmentedRaftLogCache$LogSegmentList.isEmpty
2022-08-08 17:04:53,219 [s0-impl-thread1] TRACE segmented.SegmentedRaftLogCache (AutoCloseableReadWriteLock.java:logLocking(65)) -   s0@group-B24AF063D807: readLock RELEASED 1 by SegmentedRaftLogCache$LogSegmentList.isEmpty
2022-08-08 17:04:53,219 [s0-impl-thread1] TRACE segmented.SegmentedRaftLogCache (AutoCloseableReadWriteLock.java:logLocking(65)) - s0@group-B24AF063D807: readLock RELEASED 0 by SegmentedRaftLogCache.getLastIndexInClosedSegments
2022-08-08 17:04:53,219 [s0-impl-thread1] INFO  segmented.SegmentedRaftLogWorker (SegmentedRaftLogWorker.java:lambda$new$0(135)) - s0@group-B24AF063D807-SegmentedRaftLogWorker: flushIndex: setUnconditionally 0 -> 39
2022-08-08 17:04:53,219 [s0-impl-thread1] INFO  segmented.SegmentedRaftLogWorker (SegmentedRaftLogWorker.java:lambda$new$0(135)) - s0@group-B24AF063D807-SegmentedRaftLogWorker: safeCacheEvictIndex: setUnconditionally 0 -> -1
2022-08-08 17:04:53,224 [s0-impl-thread1] INFO  raftlog.RaftLog (RaftLogBase.java:lambda$new$0(53)) - s0@group-B24AF063D807-SegmentedRaftLog: commitIndex: updateToMax old=-1, new=37, updated? true
2022-08-08 17:04:53,224 [s0-impl-thread1] TRACE segmented.SegmentedRaftLogCache (AutoCloseableReadWriteLock.java:logLocking(65)) - s0@group-B24AF063D807: readLock ACQUIRED 1 by SegmentedRaftLogCache.getStartIndex
2022-08-08 17:04:53,224 [s0-impl-thread1] TRACE segmented.SegmentedRaftLogCache (AutoCloseableReadWriteLock.java:logLocking(65)) -   s0@group-B24AF063D807: readLock ACQUIRED 2 by SegmentedRaftLogCache$LogSegmentList.isEmpty
2022-08-08 17:04:53,224 [s0-impl-thread1] TRACE segmented.SegmentedRaftLogCache (AutoCloseableReadWriteLock.java:logLocking(65)) -   s0@group-B24AF063D807: readLock RELEASED 1 by SegmentedRaftLogCache$LogSegmentList.isEmpty
2022-08-08 17:04:53,224 [s0-impl-thread1] TRACE segmented.SegmentedRaftLogCache (AutoCloseableReadWriteLock.java:logLocking(65)) - s0@group-B24AF063D807: readLock RELEASED 0 by SegmentedRaftLogCache.getStartIndex
2022-08-08 17:04:53,225 [s0-impl-thread1] INFO  server.RaftServer$Division (RaftServerImpl.java:start(314)) - s0@group-B24AF063D807: start as a follower, conf=0: peers:[s0|rpc:localhost:44329|admin:localhost:44721|client:localhost:39371|dataStream:localhost:42645|priority:0|startupRole:FOLLOWER, s1|rpc:localhost:41361|admin:localhost:40185|client:localhost:33019|dataStream:localhost:39869|priority:0|startupRole:FOLLOWER, s2|rpc:localhost:38737|admin:localhost:36401|client:localhost:33787|dataStream:localhost:36623|priority:0|startupRole:FOLLOWER]|listeners:[], old=null
2022-08-08 17:04:53,225 [s0-impl-thread1] INFO  server.RaftServer$Division (RaftServerImpl.java:setRole(301)) - s0@group-B24AF063D807: changes role from      null to FOLLOWER at term 1 for startAsFollower
2022-08-08 17:04:53,225 [s0-impl-thread1] INFO  impl.RoleInfo (RoleInfo.java:updateAndGet(139)) - s0: start s0@group-B24AF063D807-FollowerState
2022-08-08 17:04:53,225 [s0-impl-thread1] INFO  util.JmxRegister (JmxRegister.java:tryRegister(44)) - Successfully registered JMX Bean with object name Ratis:service=RaftServer,group=group-B24AF063D807,id=s0
2022-08-08 17:04:53,225 [s0-impl-thread1] INFO  server.RaftServerConfigKeys (ConfUtils.java:logGet(46)) - raft.server.snapshot.auto.trigger.enabled = false (default)
2022-08-08 17:04:53,225 [s0-impl-thread1] INFO  server.RaftServerConfigKeys (ConfUtils.java:logGet(46)) - raft.server.snapshot.retention.file.num = -1 (default)
2022-08-08 17:04:53,225 [s0-impl-thread1] INFO  server.RaftServerConfigKeys (ConfUtils.java:logGet(46)) - raft.server.log.purge.upto.snapshot.index = false (default)
2022-08-08 17:04:53,227 [Time-limited test] INFO  server.RaftServer (RaftServerProxy.java:startImpl(387)) - s0: start RPC server
2022-08-08 17:04:53,233 [Time-limited test] TRACE segmented.SegmentedRaftLogCache (AutoCloseableReadWriteLock.java:logLocking(65)) - s0@group-B24AF063D807: readLock ACQUIRED 1 by SegmentedRaftLogCache.getLastTermIndex
2022-08-08 17:04:53,233 [Time-limited test] TRACE segmented.SegmentedRaftLogCache (AutoCloseableReadWriteLock.java:logLocking(65)) - s0@group-B24AF063D807: readLock RELEASED 0 by SegmentedRaftLogCache.getLastTermIndex
2022-08-08 17:04:53,233 [s0@group-B24AF063D807-StateMachineUpdater] INFO  statemachine.SimpleStateMachine4Testing (SimpleStateMachine4Testing.java:put(204)) - s0: put 1, m0 -> (t:1, i:1), STATEMACHINELOGENTRY, 143@client-6250EC404864
2022-08-08 17:04:53,233 [Time-limited test] INFO  server.RaftServer (RaftServerProxy.java:lambda$close$6(403)) - s0: close
2022-08-08 17:04:53,233 [s0-impl-thread1] INFO  server.RaftServer$Division (RaftServerImpl.java:lambda$close$4(438)) - s0@group-B24AF063D807: shutdown
2022-08-08 17:04:53,233 [s0@group-B24AF063D807-StateMachineUpdater] INFO  statemachine.SimpleStateMachine4Testing (SimpleStateMachine4Testing.java:put(204)) - s0: put 3, m1 -> (t:1, i:3), STATEMACHINELOGENTRY, 150@client-6250EC404864
2022-08-08 17:04:53,233 [s0-impl-thread1] INFO  util.JmxRegister (JmxRegister.java:unregister(73)) - Successfully un-registered JMX Bean with object name Ratis:service=RaftServer,group=group-B24AF063D807,id=s0
2022-08-08 17:04:53,233 [s0-impl-thread1] INFO  impl.RoleInfo (RoleInfo.java:shutdownFollowerState(110)) - s0: shutdown s0@group-B24AF063D807-FollowerState
2022-08-08 17:04:53,233 [s0-impl-thread1] INFO  impl.StateMachineUpdater (StateMachineUpdater.java:stopAndJoin(153)) - s0@group-B24AF063D807-StateMachineUpdater: set stopIndex = 37
2022-08-08 17:04:53,233 [s0@group-B24AF063D807-StateMachineUpdater] INFO  statemachine.SimpleStateMachine4Testing (SimpleStateMachine4Testing.java:put(204)) - s0: put 5, m2 -> (t:1, i:5), STATEMACHINELOGENTRY, 155@client-6250EC404864
2022-08-08 17:04:53,233 [s0@group-B24AF063D807-StateMachineUpdater] INFO  statemachine.SimpleStateMachine4Testing (SimpleStateMachine4Testing.java:put(204)) - s0: put 7, m3 -> (t:1, i:7), STATEMACHINELOGENTRY, 160@client-6250EC404864
2022-08-08 17:04:53,233 [org.apache.ratis.util.JvmPauseMonitor$$Lambda$263/548170058@2d44b50c] INFO  util.JvmPauseMonitor (JvmPauseMonitor.java:run(103)) - JvmPauseMonitor-s0: Started
2022-08-08 17:04:53,233 [s0@group-B24AF063D807-StateMachineUpdater] INFO  statemachine.SimpleStateMachine4Testing (SimpleStateMachine4Testing.java:put(204)) - s0: put 9, m4 -> (t:1, i:9), STATEMACHINELOGENTRY, 163@client-6250EC404864
2022-08-08 17:04:53,234 [s0@group-B24AF063D807-StateMachineUpdater] INFO  statemachine.SimpleStateMachine4Testing (SimpleStateMachine4Testing.java:put(204)) - s0: put 11, m5 -> (t:1, i:11), STATEMACHINELOGENTRY, 166@client-6250EC404864
2022-08-08 17:04:53,234 [s0@group-B24AF063D807-FollowerState] INFO  impl.FollowerState (FollowerState.java:run(152)) - s0@group-B24AF063D807-FollowerState was interrupted
2022-08-08 17:04:53,234 [Thread-541] INFO  simulation.RequestHandler (RequestHandler.java:run(126)) - s0.clientHandler2 is interrupted by java.io.InterruptedIOException: 
2022-08-08 17:04:53,234 [s0@group-B24AF063D807-StateMachineUpdater] INFO  statemachine.SimpleStateMachine4Testing (SimpleStateMachine4Testing.java:put(204)) - s0: put 13, m6 -> (t:1, i:13), STATEMACHINELOGENTRY, 170@client-6250EC404864
2022-08-08 17:04:53,234 [Thread-539] INFO  simulation.RequestHandler (RequestHandler.java:run(126)) - s0.clientHandler0 is interrupted by java.io.InterruptedIOException: 
2022-08-08 17:04:53,234 [s0@group-B24AF063D807-StateMachineUpdater] INFO  statemachine.SimpleStateMachine4Testing (SimpleStateMachine4Testing.java:put(204)) - s0: put 15, m7 -> (t:1, i:15), STATEMACHINELOGENTRY, 174@client-6250EC404864
2022-08-08 17:04:53,234 [Thread-540] INFO  simulation.RequestHandler (RequestHandler.java:run(126)) - s0.clientHandler1 is interrupted by java.io.InterruptedIOException: 
2022-08-08 17:04:53,234 [Thread-536] INFO  simulation.RequestHandler (RequestHandler.java:run(126)) - s0.serverHandler0 is interrupted by java.io.InterruptedIOException: 
2022-08-08 17:04:53,235 [s0@group-B24AF063D807-StateMachineUpdater] INFO  statemachine.SimpleStateMachine4Testing (SimpleStateMachine4Testing.java:put(204)) - s0: put 17, m8 -> (t:1, i:17), STATEMACHINELOGENTRY, 178@client-6250EC404864
2022-08-08 17:04:53,235 [s0@group-B24AF063D807-StateMachineUpdater] INFO  statemachine.SimpleStateMachine4Testing (SimpleStateMachine4Testing.java:put(204)) - s0: put 19, m9 -> (t:1, i:19), STATEMACHINELOGENTRY, 183@client-6250EC404864
2022-08-08 17:04:53,235 [s0@group-B24AF063D807-StateMachineUpdater] INFO  statemachine.SimpleStateMachine4Testing (SimpleStateMachine4Testing.java:put(204)) - s0: put 21, m10 -> (t:1, i:21), STATEMACHINELOGENTRY, 190@client-73FEC95B6FDB
2022-08-08 17:04:53,235 [s0@group-B24AF063D807-StateMachineUpdater] INFO  statemachine.SimpleStateMachine4Testing (SimpleStateMachine4Testing.java:put(204)) - s0: put 23, m11 -> (t:1, i:23), STATEMACHINELOGENTRY, 194@client-73FEC95B6FDB
2022-08-08 17:04:53,235 [s0@group-B24AF063D807-StateMachineUpdater] INFO  statemachine.SimpleStateMachine4Testing (SimpleStateMachine4Testing.java:put(204)) - s0: put 25, m12 -> (t:1, i:25), STATEMACHINELOGENTRY, 197@client-73FEC95B6FDB
2022-08-08 17:04:53,235 [s0@group-B24AF063D807-StateMachineUpdater] INFO  statemachine.SimpleStateMachine4Testing (SimpleStateMachine4Testing.java:put(204)) - s0: put 27, m13 -> (t:1, i:27), STATEMACHINELOGENTRY, 201@client-73FEC95B6FDB
2022-08-08 17:04:53,235 [s0@group-B24AF063D807-StateMachineUpdater] INFO  statemachine.SimpleStateMachine4Testing (SimpleStateMachine4Testing.java:put(204)) - s0: put 29, m14 -> (t:1, i:29), STATEMACHINELOGENTRY, 203@client-73FEC95B6FDB
2022-08-08 17:04:53,235 [s0@group-B24AF063D807-StateMachineUpdater] INFO  statemachine.SimpleStateMachine4Testing (SimpleStateMachine4Testing.java:put(204)) - s0: put 31, m15 -> (t:1, i:31), STATEMACHINELOGENTRY, 205@client-73FEC95B6FDB
2022-08-08 17:04:53,236 [s0@group-B24AF063D807-StateMachineUpdater] INFO  statemachine.SimpleStateMachine4Testing (SimpleStateMachine4Testing.java:put(204)) - s0: put 33, m16 -> (t:1, i:33), STATEMACHINELOGENTRY, 208@client-73FEC95B6FDB
2022-08-08 17:04:53,236 [s0@group-B24AF063D807-StateMachineUpdater] INFO  statemachine.SimpleStateMachine4Testing (SimpleStateMachine4Testing.java:put(204)) - s0: put 35, m17 -> (t:1, i:35), STATEMACHINELOGENTRY, 211@client-73FEC95B6FDB
2022-08-08 17:04:53,236 [s0@group-B24AF063D807-StateMachineUpdater] INFO  statemachine.SimpleStateMachine4Testing (SimpleStateMachine4Testing.java:put(204)) - s0: put 37, m18 -> (t:1, i:37), STATEMACHINELOGENTRY, 214@client-73FEC95B6FDB
2022-08-08 17:04:53,236 [s0-impl-thread1] INFO  server.RaftServer$Division (ServerState.java:close(465)) - s0@group-B24AF063D807: closes. applyIndex: 37
2022-08-08 17:04:53,236 [s0-impl-thread1] TRACE segmented.SegmentedRaftLogCache (SegmentedRaftLogCache.java:clearOpenSegment(456)) - s0@group-B24AF063D807-SegmentedRaftLogCache: clearOpenSegment log_inprogress_0
2022-08-08 17:04:53,236 [s0-impl-thread1] TRACE segmented.SegmentedRaftLogCache (AutoCloseableReadWriteLock.java:logLocking(65)) - s0@group-B24AF063D807: writeLock ACQUIRED 1 by SegmentedRaftLogCache$LogSegmentList.clear
2022-08-08 17:04:53,236 [s0-impl-thread1] TRACE segmented.SegmentedRaftLogCache (AutoCloseableReadWriteLock.java:logLocking(65)) - s0@group-B24AF063D807: writeLock RELEASED 0 by SegmentedRaftLogCache$LogSegmentList.clear
2022-08-08 17:04:53,236 [Thread-537] INFO  simulation.RequestHandler (RequestHandler.java:run(126)) - s0.serverHandler1 is interrupted by java.io.InterruptedIOException: 
2022-08-08 17:04:53,236 [Thread-538] INFO  simulation.RequestHandler (RequestHandler.java:run(126)) - s0.serverHandler2 is interrupted by java.io.InterruptedIOException: 
2022-08-08 17:04:53,236 [s0@group-B24AF063D807-SegmentedRaftLogWorker] INFO  segmented.SegmentedRaftLogWorker (SegmentedRaftLogWorker.java:run(336)) - s0@group-B24AF063D807-SegmentedRaftLogWorker was interrupted, exiting. There are 0 tasks remaining in the queue.
2022-08-08 17:04:53,237 [s0-impl-thread1] INFO  segmented.SegmentedRaftLogWorker (SegmentedRaftLogWorker.java:close(246)) - s0@group-B24AF063D807-SegmentedRaftLogWorker close()
2022-08-08 17:04:53,237 [org.apache.ratis.util.JvmPauseMonitor$$Lambda$263/548170058@2d44b50c] INFO  util.JvmPauseMonitor (JvmPauseMonitor.java:run(109)) - JvmPauseMonitor-s0: Stopped
2022-08-08 17:04:53,243 [Time-limited test] TRACE util.FileUtils (LogUtils.java:runAndLog(49)) - Successfully ran FileOutputStream.getChannel().truncate /home/runner/work/ratis/ratis/ratis-test/target/test/data/b051e71b/MiniRaftClusterWithSimulatedRpc1ec78f08/s2/0d1e7fc9-4c77-451a-91df-b24af063d807/current/log_inprogress_0 length: 1317 -> 1316
2022-08-08 17:04:53,243 [Time-limited test] INFO  impl.MiniRaftCluster (MiniRaftCluster.java:killServer(529)) - killServer s2
2022-08-08 17:04:53,243 [Time-limited test] INFO  impl.MiniRaftCluster (MiniRaftCluster.java:newRaftServer(379)) - newRaftServer: s2, group-B24AF063D807:[s0|rpc:localhost:44329|admin:localhost:44721|client:localhost:39371|dataStream:localhost:42645|priority:0|startupRole:FOLLOWER, s1|rpc:localhost:41361|admin:localhost:40185|client:localhost:33019|dataStream:localhost:39869|priority:0|startupRole:FOLLOWER, s2|rpc:localhost:38737|admin:localhost:36401|client:localhost:33787|dataStream:localhost:36623|priority:0|startupRole:FOLLOWER], format? false
2022-08-08 17:04:53,243 [Time-limited test] INFO  server.RaftServer (ConfUtils.java:logGet(46)) - raft.rpc.type = org.apache.ratis.server.simulation.SimulatedRpc (custom)
2022-08-08 17:04:53,243 [Time-limited test] INFO  impl.DataStreamServerImpl (ConfUtils.java:logGet(46)) - raft.datastream.type = DISABLED (default)
2022-08-08 17:04:53,243 [Time-limited test] INFO  server.RaftServerConfigKeys (ConfUtils.java:logGet(46)) - raft.server.threadpool.proxy.cached = true (default)
2022-08-08 17:04:53,243 [Time-limited test] INFO  server.RaftServerConfigKeys (ConfUtils.java:logGet(46)) - raft.server.threadpool.proxy.size = 0 (default)
2022-08-08 17:04:53,243 [Time-limited test] INFO  server.RaftServerConfigKeys (ConfUtils.java:logGet(46)) - raft.server.rpc.slowness.timeout = 60s (default)
2022-08-08 17:04:53,243 [Time-limited test] INFO  server.RaftServerConfigKeys (ConfUtils.java:logGet(46)) - raft.server.leaderelection.leader.step-down.wait-time = 10s (default)
2022-08-08 17:04:53,243 [Time-limited test] INFO  server.RaftServerConfigKeys (ConfUtils.java:logGet(46)) - raft.server.storage.dir = [/home/runner/work/ratis/ratis/ratis-test/target/test/data/b051e71b/MiniRaftClusterWithSimulatedRpc1ec78f08/s2] (custom)
2022-08-08 17:04:53,244 [s2-impl-thread1] INFO  server.RaftServer (RaftServerProxy.java:initGroupDir(249)) - s2: found a subdirectory /home/runner/work/ratis/ratis/ratis-test/target/test/data/b051e71b/MiniRaftClusterWithSimulatedRpc1ec78f08/s2/0d1e7fc9-4c77-451a-91df-b24af063d807
2022-08-08 17:04:53,248 [Time-limited test] INFO  server.RaftServer (RaftServerProxy.java:addNew(96)) - s2: addNew group-B24AF063D807:[s0|rpc:localhost:44329|admin:localhost:44721|client:localhost:39371|dataStream:localhost:42645|priority:0|startupRole:FOLLOWER, s1|rpc:localhost:41361|admin:localhost:40185|client:localhost:33019|dataStream:localhost:39869|priority:0|startupRole:FOLLOWER, s2|rpc:localhost:38737|admin:localhost:36401|client:localhost:33787|dataStream:localhost:36623|priority:0|startupRole:FOLLOWER] returns group-B24AF063D807:java.util.concurrent.CompletableFuture@7edffbce[Not completed]
2022-08-08 17:04:53,248 [pool-42-thread-1] INFO  server.RaftServerConfigKeys (ConfUtils.java:logGet(46)) - raft.server.log.segment.size.max = 8MB (=8388608) (default)
2022-08-08 17:04:53,249 [pool-42-thread-1] INFO  server.RaftServerConfigKeys (ConfUtils.java:logGet(46)) - raft.server.log.preallocated.size = 4MB (=4194304) (default)
2022-08-08 17:04:53,249 [pool-42-thread-1] INFO  server.RaftServerConfigKeys (ConfUtils.java:logGet(46)) - raft.server.log.write.buffer.size = 64KB (=65536) (default)
2022-08-08 17:04:53,249 [pool-42-thread-1] INFO  server.RaftServer$Division (RaftServerImpl.java:<init>(192)) - s2: new RaftServerImpl for group-B24AF063D807:[s0|rpc:localhost:44329|admin:localhost:44721|client:localhost:39371|dataStream:localhost:42645|priority:0|startupRole:FOLLOWER, s1|rpc:localhost:41361|admin:localhost:40185|client:localhost:33019|dataStream:localhost:39869|priority:0|startupRole:FOLLOWER, s2|rpc:localhost:38737|admin:localhost:36401|client:localhost:33787|dataStream:localhost:36623|priority:0|startupRole:FOLLOWER] with SimpleStateMachine4Testing:uninitialized
2022-08-08 17:04:53,249 [pool-42-thread-1] INFO  server.RaftServerConfigKeys (ConfUtils.java:logGet(46)) - raft.server.rpc.timeout.min = 150ms (default)
2022-08-08 17:04:53,249 [pool-42-thread-1] INFO  server.RaftServerConfigKeys (ConfUtils.java:logGet(46)) - raft.server.rpc.timeout.max = 300ms (default)
2022-08-08 17:04:53,249 [pool-42-thread-1] INFO  server.RaftServerConfigKeys (ConfUtils.java:logGet(46)) - raft.server.rpc.sleep.time = 25ms (default)
2022-08-08 17:04:53,249 [pool-42-thread-1] INFO  server.RaftServerConfigKeys (ConfUtils.java:logGet(46)) - raft.server.rpc.slowness.timeout = 60s (default)
2022-08-08 17:04:53,249 [pool-42-thread-1] INFO  server.RaftServerConfigKeys (ConfUtils.java:logGet(46)) - raft.server.leaderelection.leader.step-down.wait-time = 10s (default)
2022-08-08 17:04:53,249 [pool-42-thread-1] INFO  server.RaftServerConfigKeys (ConfUtils.java:logGet(46)) - raft.server.sleep.deviation.threshold = 300ms (default)
2022-08-08 17:04:53,249 [pool-42-thread-1] INFO  server.RaftServer$Division (ServerState.java:<init>(118)) - s2@group-B24AF063D807: ConfigurationManager, init=-1: peers:[s0|rpc:localhost:44329|admin:localhost:44721|client:localhost:39371|dataStream:localhost:42645|priority:0|startupRole:FOLLOWER, s1|rpc:localhost:41361|admin:localhost:40185|client:localhost:33019|dataStream:localhost:39869|priority:0|startupRole:FOLLOWER, s2|rpc:localhost:38737|admin:localhost:36401|client:localhost:33787|dataStream:localhost:36623|priority:0|startupRole:FOLLOWER]|listeners:[], old=null, confs=<EMPTY_MAP>
2022-08-08 17:04:53,249 [pool-42-thread-1] INFO  server.RaftServerConfigKeys (ConfUtils.java:logGet(46)) - raft.server.storage.dir = [/home/runner/work/ratis/ratis/ratis-test/target/test/data/b051e71b/MiniRaftClusterWithSimulatedRpc1ec78f08/s2] (custom)
2022-08-08 17:04:53,250 [pool-42-thread-1] INFO  server.RaftServerConfigKeys (ConfUtils.java:logGet(46)) - raft.server.log.corruption.policy = EXCEPTION (default)
2022-08-08 17:04:53,250 [pool-42-thread-1] INFO  server.RaftServerConfigKeys (ConfUtils.java:logGet(46)) - raft.server.storage.free-space.min = 0MB (=0) (default)
2022-08-08 17:04:53,250 [pool-42-thread-1] INFO  server.RaftServerConfigKeys (ConfUtils.java:logGet(46)) - raft.server.notification.no-leader.timeout = 60s (default)
2022-08-08 17:04:53,250 [pool-42-thread-1] INFO  server.RaftServerConfigKeys (ConfUtils.java:logGet(46)) - raft.server.retrycache.expirytime = 60s (default)
2022-08-08 17:04:53,250 [pool-42-thread-1] INFO  server.RaftServerConfigKeys (ConfUtils.java:logGet(46)) - raft.server.retrycache.statistics.expirytime = 100μs (default)
2022-08-08 17:04:53,250 [pool-42-thread-1] INFO  server.RaftServerConfigKeys (ConfUtils.java:logGet(46)) - raft.server.log.appender.install.snapshot.enabled = true (default)
2022-08-08 17:04:53,250 [pool-42-thread-1] INFO  server.RaftServerConfigKeys (ConfUtils.java:logGet(46)) - raft.server.threadpool.server.cached = true (default)
2022-08-08 17:04:53,250 [pool-42-thread-1] INFO  server.RaftServerConfigKeys (ConfUtils.java:logGet(46)) - raft.server.threadpool.server.size = 0 (default)
2022-08-08 17:04:53,250 [pool-42-thread-1] INFO  server.RaftServerConfigKeys (ConfUtils.java:logGet(46)) - raft.server.threadpool.client.cached = true (default)
2022-08-08 17:04:53,250 [pool-42-thread-1] INFO  server.RaftServerConfigKeys (ConfUtils.java:logGet(46)) - raft.server.threadpool.client.size = 0 (default)
2022-08-08 17:04:53,251 [s2-impl-thread1] INFO  storage.RaftStorageDirectory (RaftStorageDirectoryImpl.java:tryLock(231)) - Lock on /home/runner/work/ratis/ratis/ratis-test/target/test/data/b051e71b/MiniRaftClusterWithSimulatedRpc1ec78f08/s2/0d1e7fc9-4c77-451a-91df-b24af063d807/in_use.lock acquired by nodename 4120@fv-az243-784.kztbcxys31bebirtrtfpqc42zb.jx.internal.cloudapp.net
2022-08-08 17:04:53,252 [s2-impl-thread1] INFO  storage.RaftStorage (RaftStorageImpl.java:analyzeAndRecoverStorage(117)) - Read RaftStorageMetadata{term=1, votedFor=s2} from /home/runner/work/ratis/ratis/ratis-test/target/test/data/b051e71b/MiniRaftClusterWithSimulatedRpc1ec78f08/s2/0d1e7fc9-4c77-451a-91df-b24af063d807/current/raft-meta
2022-08-08 17:04:53,256 [s2-impl-thread1] INFO  server.RaftServer$Division (ServerState.java:setRaftConf(429)) - s2@group-B24AF063D807: set configuration 0: peers:[s0|rpc:localhost:44329|admin:localhost:44721|client:localhost:39371|dataStream:localhost:42645|priority:0|startupRole:FOLLOWER, s1|rpc:localhost:41361|admin:localhost:40185|client:localhost:33019|dataStream:localhost:39869|priority:0|startupRole:FOLLOWER, s2|rpc:localhost:38737|admin:localhost:36401|client:localhost:33787|dataStream:localhost:36623|priority:0|startupRole:FOLLOWER]|listeners:[], old=null
2022-08-08 17:04:53,256 [s2-impl-thread1] INFO  statemachine.SimpleStateMachine4Testing (SimpleStateMachine4Testing.java:initialize(212)) - Initializing SimpleStateMachine4Testing:uninitialized
2022-08-08 17:04:53,256 [s2-impl-thread1] INFO  statemachine.SimpleStateMachine4Testing (SimpleStateMachine4Testing.java:loadSnapshot(306)) - The snapshot file null does not exist
2022-08-08 17:04:53,256 [s2-impl-thread1] INFO  server.RaftServerConfigKeys (ConfUtils.java:logGet(46)) - raft.server.log.use.memory = false (default)
2022-08-08 17:04:53,257 [s2-impl-thread1] INFO  server.RaftServerConfigKeys (ConfUtils.java:logGet(46)) - raft.server.log.purge.gap = 1024 (default)
2022-08-08 17:04:53,257 [s2-impl-thread1] INFO  server.RaftServerConfigKeys (ConfUtils.java:logGet(46)) - raft.server.log.appender.buffer.byte-limit = 4MB (=4194304) (default)
2022-08-08 17:04:53,257 [s2-impl-thread1] INFO  server.RaftServerConfigKeys (ConfUtils.java:logGet(46)) - raft.server.log.statemachine.data.read.timeout = 1000ms (default)
2022-08-08 17:04:53,257 [s2-impl-thread1] INFO  server.RaftServerConfigKeys (ConfUtils.java:logGet(46)) - raft.server.log.purge.preservation.log.num = 0 (default)
2022-08-08 17:04:53,257 [s2-impl-thread1] INFO  server.RaftServerConfigKeys (ConfUtils.java:logGet(46)) - raft.server.log.segment.size.max = 8KB (=8192) (custom)
2022-08-08 17:04:53,257 [s2-impl-thread1] INFO  server.RaftServerConfigKeys (ConfUtils.java:logGet(46)) - raft.server.log.segment.cache.num.max = 6 (default)
2022-08-08 17:04:53,257 [s2-impl-thread1] INFO  server.RaftServerConfigKeys (ConfUtils.java:logGet(46)) - raft.server.log.segment.cache.size.max = 200MB (=209715200) (default)
2022-08-08 17:04:53,257 [s2-impl-thread1] INFO  segmented.SegmentedRaftLogWorker (SegmentedRaftLogWorker.java:<init>(187)) - new s2@group-B24AF063D807-SegmentedRaftLogWorker for RaftStorageImpl:Storage Directory /home/runner/work/ratis/ratis/ratis-test/target/test/data/b051e71b/MiniRaftClusterWithSimulatedRpc1ec78f08/s2/0d1e7fc9-4c77-451a-91df-b24af063d807
2022-08-08 17:04:53,257 [s2-impl-thread1] INFO  server.RaftServerConfigKeys (ConfUtils.java:logGet(46)) - raft.server.log.queue.byte-limit = 64MB (=67108864) (default)
2022-08-08 17:04:53,257 [s2-impl-thread1] INFO  server.RaftServerConfigKeys (ConfUtils.java:logGet(46)) - raft.server.log.queue.element-limit = 4096 (default)
2022-08-08 17:04:53,257 [s2-impl-thread1] INFO  server.RaftServerConfigKeys (ConfUtils.java:logGet(46)) - raft.server.log.segment.size.max = 8KB (=8192) (custom)
2022-08-08 17:04:53,257 [s2-impl-thread1] INFO  server.RaftServerConfigKeys (ConfUtils.java:logGet(46)) - raft.server.log.preallocated.size = 4MB (=4194304) (default)
2022-08-08 17:04:53,257 [s2-impl-thread1] INFO  server.RaftServerConfigKeys (ConfUtils.java:logGet(46)) - raft.server.log.force.sync.num = 128 (default)
2022-08-08 17:04:53,257 [s2-impl-thread1] INFO  server.RaftServerConfigKeys (ConfUtils.java:logGet(46)) - raft.server.log.statemachine.data.sync = true (default)
2022-08-08 17:04:53,257 [s2-impl-thread1] INFO  server.RaftServerConfigKeys (ConfUtils.java:logGet(46)) - raft.server.log.statemachine.data.sync.timeout = 10s (default)
2022-08-08 17:04:53,257 [s2-impl-thread1] INFO  server.RaftServerConfigKeys (ConfUtils.java:logGet(46)) - raft.server.log.statemachine.data.sync.timeout.retry = -1 (default)
2022-08-08 17:04:53,258 [s2-impl-thread1] INFO  server.RaftServerConfigKeys (ConfUtils.java:logGet(46)) - raft.server.log.write.buffer.size = 64KB (=65536) (default)
2022-08-08 17:04:53,258 [s2-impl-thread1] INFO  server.RaftServerConfigKeys (ConfUtils.java:logGet(46)) - raft.server.log.unsafe-flush.enabled = false (default)
2022-08-08 17:04:53,258 [s2-impl-thread1] INFO  server.RaftServerConfigKeys (ConfUtils.java:logGet(46)) - raft.server.log.statemachine.data.caching.enabled = false (default)
2022-08-08 17:04:53,260 [s2-impl-thread1] INFO  server.RaftServer$Division (ServerState.java:setRaftConf(429)) - s2@group-B24AF063D807: set configuration 0: peers:[s0|rpc:localhost:44329|admin:localhost:44721|client:localhost:39371|dataStream:localhost:42645|priority:0|startupRole:FOLLOWER, s1|rpc:localhost:41361|admin:localhost:40185|client:localhost:33019|dataStream:localhost:39869|priority:0|startupRole:FOLLOWER, s2|rpc:localhost:38737|admin:localhost:36401|client:localhost:33787|dataStream:localhost:36623|priority:0|startupRole:FOLLOWER]|listeners:[], old=null
2022-08-08 17:04:53,260 [s2-impl-thread1] WARN  segmented.SegmentedRaftLogReader (SegmentedRaftLogReader.java:readEntry(207)) - Ignoring the last partial written log entry in /home/runner/work/ratis/ratis/ratis-test/target/test/data/b051e71b/MiniRaftClusterWithSimulatedRpc1ec78f08/s2/0d1e7fc9-4c77-451a-91df-b24af063d807/current/log_inprogress_0: java.io.EOFException
2022-08-08 17:04:53,261 [s2-impl-thread1] INFO  segmented.LogSegment (LogSegment.java:loadSegment(173)) - Successfully read 40 entries from segment file /home/runner/work/ratis/ratis/ratis-test/target/test/data/b051e71b/MiniRaftClusterWithSimulatedRpc1ec78f08/s2/0d1e7fc9-4c77-451a-91df-b24af063d807/current/log_inprogress_0
2022-08-08 17:04:53,261 [s2-impl-thread1] TRACE util.FileUtils (LogUtils.java:runAndLog(49)) - Successfully ran FileOutputStream.getChannel().truncate /home/runner/work/ratis/ratis/ratis-test/target/test/data/b051e71b/MiniRaftClusterWithSimulatedRpc1ec78f08/s2/0d1e7fc9-4c77-451a-91df-b24af063d807/current/log_inprogress_0 length: 1316 -> 1304
2022-08-08 17:04:53,261 [s2-impl-thread1] TRACE segmented.SegmentedRaftLogCache (AutoCloseableReadWriteLock.java:logLocking(65)) - s2@group-B24AF063D807: readLock ACQUIRED 1 by SegmentedRaftLogCache$LogSegmentList.getLast
2022-08-08 17:04:53,261 [s2-impl-thread1] TRACE segmented.SegmentedRaftLogCache (AutoCloseableReadWriteLock.java:logLocking(65)) - s2@group-B24AF063D807: readLock RELEASED 0 by SegmentedRaftLogCache$LogSegmentList.getLast
2022-08-08 17:04:53,261 [s2-impl-thread1] TRACE segmented.SegmentedRaftLogCache (SegmentedRaftLogCache.java:setOpenSegment(450)) - s2@group-B24AF063D807-SegmentedRaftLogCache: setOpenSegment to log_inprogress_0
2022-08-08 17:04:53,261 [s2-impl-thread1] TRACE segmented.SegmentedRaftLogCache (AutoCloseableReadWriteLock.java:logLocking(65)) - s2@group-B24AF063D807: readLock ACQUIRED 1 by SegmentedRaftLogCache$LogSegmentList.isEmpty
2022-08-08 17:04:53,261 [s2-impl-thread1] TRACE segmented.SegmentedRaftLogCache (AutoCloseableReadWriteLock.java:logLocking(65)) - s2@group-B24AF063D807: readLock RELEASED 0 by SegmentedRaftLogCache$LogSegmentList.isEmpty
2022-08-08 17:04:53,261 [s2-impl-thread1] TRACE segmented.SegmentedRaftLogCache (AutoCloseableReadWriteLock.java:logLocking(65)) - s2@group-B24AF063D807: readLock ACQUIRED 1 by SegmentedRaftLogCache.getEndIndex
2022-08-08 17:04:53,261 [s2-impl-thread1] TRACE segmented.SegmentedRaftLogCache (AutoCloseableReadWriteLock.java:logLocking(65)) - s2@group-B24AF063D807: readLock RELEASED 0 by SegmentedRaftLogCache.getEndIndex
2022-08-08 17:04:53,261 [s2-impl-thread1] TRACE segmented.SegmentedRaftLogCache (AutoCloseableReadWriteLock.java:logLocking(65)) - s2@group-B24AF063D807: readLock ACQUIRED 1 by SegmentedRaftLogCache.getEndIndex
2022-08-08 17:04:53,261 [s2-impl-thread1] TRACE segmented.SegmentedRaftLogCache (AutoCloseableReadWriteLock.java:logLocking(65)) - s2@group-B24AF063D807: readLock RELEASED 0 by SegmentedRaftLogCache.getEndIndex
2022-08-08 17:04:53,261 [s2-impl-thread1] TRACE segmented.SegmentedRaftLogCache (AutoCloseableReadWriteLock.java:logLocking(65)) - s2@group-B24AF063D807: readLock ACQUIRED 1 by SegmentedRaftLogCache.getLastIndexInClosedSegments
2022-08-08 17:04:53,261 [s2-impl-thread1] TRACE segmented.SegmentedRaftLogCache (AutoCloseableReadWriteLock.java:logLocking(65)) -   s2@group-B24AF063D807: readLock ACQUIRED 2 by SegmentedRaftLogCache$LogSegmentList.isEmpty
2022-08-08 17:04:53,261 [s2-impl-thread1] TRACE segmented.SegmentedRaftLogCache (AutoCloseableReadWriteLock.java:logLocking(65)) -   s2@group-B24AF063D807: readLock RELEASED 1 by SegmentedRaftLogCache$LogSegmentList.isEmpty
2022-08-08 17:04:53,261 [s2-impl-thread1] TRACE segmented.SegmentedRaftLogCache (AutoCloseableReadWriteLock.java:logLocking(65)) - s2@group-B24AF063D807: readLock RELEASED 0 by SegmentedRaftLogCache.getLastIndexInClosedSegments
2022-08-08 17:04:53,262 [s2-impl-thread1] INFO  segmented.SegmentedRaftLogWorker (SegmentedRaftLogWorker.java:lambda$new$0(135)) - s2@group-B24AF063D807-SegmentedRaftLogWorker: flushIndex: setUnconditionally 0 -> 39
2022-08-08 17:04:53,262 [s2-impl-thread1] INFO  segmented.SegmentedRaftLogWorker (SegmentedRaftLogWorker.java:lambda$new$0(135)) - s2@group-B24AF063D807-SegmentedRaftLogWorker: safeCacheEvictIndex: setUnconditionally 0 -> -1
2022-08-08 17:04:53,262 [s2-impl-thread1] INFO  raftlog.RaftLog (RaftLogBase.java:lambda$new$0(53)) - s2@group-B24AF063D807-SegmentedRaftLog: commitIndex: updateToMax old=-1, new=37, updated? true
2022-08-08 17:04:53,262 [s2-impl-thread1] TRACE segmented.SegmentedRaftLogCache (AutoCloseableReadWriteLock.java:logLocking(65)) - s2@group-B24AF063D807: readLock ACQUIRED 1 by SegmentedRaftLogCache.getStartIndex
2022-08-08 17:04:53,262 [s2-impl-thread1] TRACE segmented.SegmentedRaftLogCache (AutoCloseableReadWriteLock.java:logLocking(65)) -   s2@group-B24AF063D807: readLock ACQUIRED 2 by SegmentedRaftLogCache$LogSegmentList.isEmpty
2022-08-08 17:04:53,262 [s2-impl-thread1] TRACE segmented.SegmentedRaftLogCache (AutoCloseableReadWriteLock.java:logLocking(65)) -   s2@group-B24AF063D807: readLock RELEASED 1 by SegmentedRaftLogCache$LogSegmentList.isEmpty
2022-08-08 17:04:53,262 [s2-impl-thread1] TRACE segmented.SegmentedRaftLogCache (AutoCloseableReadWriteLock.java:logLocking(65)) - s2@group-B24AF063D807: readLock RELEASED 0 by SegmentedRaftLogCache.getStartIndex
2022-08-08 17:04:53,262 [s2-impl-thread1] INFO  server.RaftServer$Division (RaftServerImpl.java:start(314)) - s2@group-B24AF063D807: start as a follower, conf=0: peers:[s0|rpc:localhost:44329|admin:localhost:44721|client:localhost:39371|dataStream:localhost:42645|priority:0|startupRole:FOLLOWER, s1|rpc:localhost:41361|admin:localhost:40185|client:localhost:33019|dataStream:localhost:39869|priority:0|startupRole:FOLLOWER, s2|rpc:localhost:38737|admin:localhost:36401|client:localhost:33787|dataStream:localhost:36623|priority:0|startupRole:FOLLOWER]|listeners:[], old=null
2022-08-08 17:04:53,262 [s2-impl-thread1] INFO  server.RaftServer$Division (RaftServerImpl.java:setRole(301)) - s2@group-B24AF063D807: changes role from      null to FOLLOWER at term 1 for startAsFollower
2022-08-08 17:04:53,262 [s2-impl-thread1] INFO  impl.RoleInfo (RoleInfo.java:updateAndGet(139)) - s2: start s2@group-B24AF063D807-FollowerState
2022-08-08 17:04:53,262 [s2-impl-thread1] INFO  util.JmxRegister (JmxRegister.java:tryRegister(44)) - Successfully registered JMX Bean with object name Ratis:service=RaftServer,group=group-B24AF063D807,id=s2
2022-08-08 17:04:53,262 [s2-impl-thread1] INFO  server.RaftServerConfigKeys (ConfUtils.java:logGet(46)) - raft.server.snapshot.auto.trigger.enabled = false (default)
2022-08-08 17:04:53,262 [s2-impl-thread1] INFO  server.RaftServerConfigKeys (ConfUtils.java:logGet(46)) - raft.server.snapshot.retention.file.num = -1 (default)
2022-08-08 17:04:53,263 [s2-impl-thread1] INFO  server.RaftServerConfigKeys (ConfUtils.java:logGet(46)) - raft.server.log.purge.upto.snapshot.index = false (default)
2022-08-08 17:04:53,265 [Time-limited test] INFO  server.RaftServer (RaftServerProxy.java:startImpl(387)) - s2: start RPC server
2022-08-08 17:04:53,270 [s2@group-B24AF063D807-StateMachineUpdater] INFO  statemachine.SimpleStateMachine4Testing (SimpleStateMachine4Testing.java:put(204)) - s2: put 1, m0 -> (t:1, i:1), STATEMACHINELOGENTRY, 143@client-6250EC404864
2022-08-08 17:04:53,270 [s2@group-B24AF063D807-StateMachineUpdater] INFO  statemachine.SimpleStateMachine4Testing (SimpleStateMachine4Testing.java:put(204)) - s2: put 3, m1 -> (t:1, i:3), STATEMACHINELOGENTRY, 150@client-6250EC404864
2022-08-08 17:04:53,270 [s2@group-B24AF063D807-StateMachineUpdater] INFO  statemachine.SimpleStateMachine4Testing (SimpleStateMachine4Testing.java:put(204)) - s2: put 5, m2 -> (t:1, i:5), STATEMACHINELOGENTRY, 155@client-6250EC404864
2022-08-08 17:04:53,270 [s2@group-B24AF063D807-StateMachineUpdater] INFO  statemachine.SimpleStateMachine4Testing (SimpleStateMachine4Testing.java:put(204)) - s2: put 7, m3 -> (t:1, i:7), STATEMACHINELOGENTRY, 160@client-6250EC404864
2022-08-08 17:04:53,270 [s2@group-B24AF063D807-StateMachineUpdater] INFO  statemachine.SimpleStateMachine4Testing (SimpleStateMachine4Testing.java:put(204)) - s2: put 9, m4 -> (t:1, i:9), STATEMACHINELOGENTRY, 163@client-6250EC404864
2022-08-08 17:04:53,271 [s2@group-B24AF063D807-StateMachineUpdater] INFO  statemachine.SimpleStateMachine4Testing (SimpleStateMachine4Testing.java:put(204)) - s2: put 11, m5 -> (t:1, i:11), STATEMACHINELOGENTRY, 166@client-6250EC404864
2022-08-08 17:04:53,271 [s2@group-B24AF063D807-StateMachineUpdater] INFO  statemachine.SimpleStateMachine4Testing (SimpleStateMachine4Testing.java:put(204)) - s2: put 13, m6 -> (t:1, i:13), STATEMACHINELOGENTRY, 170@client-6250EC404864
2022-08-08 17:04:53,271 [s2@group-B24AF063D807-StateMachineUpdater] INFO  statemachine.SimpleStateMachine4Testing (SimpleStateMachine4Testing.java:put(204)) - s2: put 15, m7 -> (t:1, i:15), STATEMACHINELOGENTRY, 174@client-6250EC404864
2022-08-08 17:04:53,271 [s2@group-B24AF063D807-StateMachineUpdater] INFO  statemachine.SimpleStateMachine4Testing (SimpleStateMachine4Testing.java:put(204)) - s2: put 17, m8 -> (t:1, i:17), STATEMACHINELOGENTRY, 178@client-6250EC404864
2022-08-08 17:04:53,271 [s2@group-B24AF063D807-StateMachineUpdater] INFO  statemachine.SimpleStateMachine4Testing (SimpleStateMachine4Testing.java:put(204)) - s2: put 19, m9 -> (t:1, i:19), STATEMACHINELOGENTRY, 183@client-6250EC404864
2022-08-08 17:04:53,271 [s2@group-B24AF063D807-StateMachineUpdater] INFO  statemachine.SimpleStateMachine4Testing (SimpleStateMachine4Testing.java:put(204)) - s2: put 21, m10 -> (t:1, i:21), STATEMACHINELOGENTRY, 190@client-73FEC95B6FDB
2022-08-08 17:04:53,271 [s2@group-B24AF063D807-StateMachineUpdater] INFO  statemachine.SimpleStateMachine4Testing (SimpleStateMachine4Testing.java:put(204)) - s2: put 23, m11 -> (t:1, i:23), STATEMACHINELOGENTRY, 194@client-73FEC95B6FDB
2022-08-08 17:04:53,271 [s2@group-B24AF063D807-StateMachineUpdater] INFO  statemachine.SimpleStateMachine4Testing (SimpleStateMachine4Testing.java:put(204)) - s2: put 25, m12 -> (t:1, i:25), STATEMACHINELOGENTRY, 197@client-73FEC95B6FDB
2022-08-08 17:04:53,271 [s2@group-B24AF063D807-StateMachineUpdater] INFO  statemachine.SimpleStateMachine4Testing (SimpleStateMachine4Testing.java:put(204)) - s2: put 27, m13 -> (t:1, i:27), STATEMACHINELOGENTRY, 201@client-73FEC95B6FDB
2022-08-08 17:04:53,271 [s2@group-B24AF063D807-StateMachineUpdater] INFO  statemachine.SimpleStateMachine4Testing (SimpleStateMachine4Testing.java:put(204)) - s2: put 29, m14 -> (t:1, i:29), STATEMACHINELOGENTRY, 203@client-73FEC95B6FDB
2022-08-08 17:04:53,272 [s2@group-B24AF063D807-StateMachineUpdater] INFO  statemachine.SimpleStateMachine4Testing (SimpleStateMachine4Testing.java:put(204)) - s2: put 31, m15 -> (t:1, i:31), STATEMACHINELOGENTRY, 205@client-73FEC95B6FDB
2022-08-08 17:04:53,272 [s2@group-B24AF063D807-StateMachineUpdater] INFO  statemachine.SimpleStateMachine4Testing (SimpleStateMachine4Testing.java:put(204)) - s2: put 33, m16 -> (t:1, i:33), STATEMACHINELOGENTRY, 208@client-73FEC95B6FDB
2022-08-08 17:04:53,272 [s2@group-B24AF063D807-StateMachineUpdater] INFO  statemachine.SimpleStateMachine4Testing (SimpleStateMachine4Testing.java:put(204)) - s2: put 35, m17 -> (t:1, i:35), STATEMACHINELOGENTRY, 211@client-73FEC95B6FDB
2022-08-08 17:04:53,272 [s2@group-B24AF063D807-StateMachineUpdater] INFO  statemachine.SimpleStateMachine4Testing (SimpleStateMachine4Testing.java:put(204)) - s2: put 37, m18 -> (t:1, i:37), STATEMACHINELOGENTRY, 214@client-73FEC95B6FDB
2022-08-08 17:04:53,272 [Time-limited test] TRACE segmented.SegmentedRaftLogCache (AutoCloseableReadWriteLock.java:logLocking(65)) - s2@group-B24AF063D807: readLock ACQUIRED 1 by SegmentedRaftLogCache.getLastTermIndex
2022-08-08 17:04:53,272 [Time-limited test] TRACE segmented.SegmentedRaftLogCache (AutoCloseableReadWriteLock.java:logLocking(65)) - s2@group-B24AF063D807: readLock RELEASED 0 by SegmentedRaftLogCache.getLastTermIndex
2022-08-08 17:04:53,272 [Time-limited test] INFO  impl.MiniRaftCluster (MiniRaftCluster.java:shutdown(827)) - ************************************************************** 
2022-08-08 17:04:53,272 [Time-limited test] INFO  impl.MiniRaftCluster (MiniRaftCluster.java:shutdown(828)) - *** 
2022-08-08 17:04:53,272 [Time-limited test] INFO  impl.MiniRaftCluster (MiniRaftCluster.java:shutdown(829)) - ***     Stopping MiniRaftClusterWithSimulatedRpc
2022-08-08 17:04:53,272 [Time-limited test] INFO  impl.MiniRaftCluster (MiniRaftCluster.java:shutdown(830)) - *** 
2022-08-08 17:04:53,273 [Time-limited test] INFO  impl.MiniRaftCluster (MiniRaftCluster.java:shutdown(831)) - ************************************************************** 
2022-08-08 17:04:53,273 [Time-limited test] INFO  impl.MiniRaftCluster (MiniRaftCluster.java:shutdown(832)) - printing ALL groups
  s0:   CLOSED  FOLLOWER s0@group-B24AF063D807:t1, leader=null, voted=s2, raftlog=Memoized:s0@group-B24AF063D807-SegmentedRaftLog:CLOSED:c37, conf=0: peers:[s0|rpc:localhost:44329|admin:localhost:44721|client:localhost:39371|dataStream:localhost:42645|priority:0|startupRole:FOLLOWER, s1|rpc:localhost:41361|admin:localhost:40185|client:localhost:33019|dataStream:localhost:39869|priority:0|startupRole:FOLLOWER, s2|rpc:localhost:38737|admin:localhost:36401|client:localhost:33787|dataStream:localhost:36623|priority:0|startupRole:FOLLOWER]|listeners:[], old=null CLOSED
  s1:   CLOSED  FOLLOWER s1@group-B24AF063D807:t1, leader=s2, voted=s2, raftlog=Memoized:s1@group-B24AF063D807-SegmentedRaftLog:CLOSED:c40, conf=0: peers:[s0|rpc:localhost:44329|admin:localhost:44721|client:localhost:39371|dataStream:localhost:42645|priority:0|startupRole:FOLLOWER, s1|rpc:localhost:41361|admin:localhost:40185|client:localhost:33019|dataStream:localhost:39869|priority:0|startupRole:FOLLOWER, s2|rpc:localhost:38737|admin:localhost:36401|client:localhost:33787|dataStream:localhost:36623|priority:0|startupRole:FOLLOWER]|listeners:[], old=null CLOSED
  s2:  RUNNING  FOLLOWER s2@group-B24AF063D807:t1, leader=null, voted=s2, raftlog=Memoized:s2@group-B24AF063D807-SegmentedRaftLog:OPENED:c37, conf=0: peers:[s0|rpc:localhost:44329|admin:localhost:44721|client:localhost:39371|dataStream:localhost:42645|priority:0|startupRole:FOLLOWER, s1|rpc:localhost:41361|admin:localhost:40185|client:localhost:33019|dataStream:localhost:39869|priority:0|startupRole:FOLLOWER, s2|rpc:localhost:38737|admin:localhost:36401|client:localhost:33787|dataStream:localhost:36623|priority:0|startupRole:FOLLOWER]|listeners:[], old=null RUNNING
2022-08-08 17:04:53,273 [org.apache.ratis.util.JvmPauseMonitor$$Lambda$263/548170058@763bcdcc] INFO  util.JvmPauseMonitor (JvmPauseMonitor.java:run(103)) - JvmPauseMonitor-s2: Started
2022-08-08 17:04:53,281 [java.util.concurrent.ThreadPoolExecutor$Worker@6d1f05de[State = -1, empty queue]] INFO  server.RaftServer (RaftServerProxy.java:lambda$close$6(403)) - s2: close
2022-08-08 17:04:53,282 [s2-impl-thread1] INFO  server.RaftServer$Division (RaftServerImpl.java:lambda$close$4(438)) - s2@group-B24AF063D807: shutdown
2022-08-08 17:04:53,282 [Thread-550] INFO  simulation.RequestHandler (RequestHandler.java:run(126)) - s2.clientHandler0 is interrupted by java.io.InterruptedIOException: 
2022-08-08 17:04:53,282 [s2-impl-thread1] INFO  util.JmxRegister (JmxRegister.java:unregister(73)) - Successfully un-registered JMX Bean with object name Ratis:service=RaftServer,group=group-B24AF063D807,id=s2
2022-08-08 17:04:53,282 [s2-impl-thread1] INFO  impl.RoleInfo (RoleInfo.java:shutdownFollowerState(110)) - s2: shutdown s2@group-B24AF063D807-FollowerState
2022-08-08 17:04:53,282 [Thread-551] INFO  simulation.RequestHandler (RequestHandler.java:run(126)) - s2.clientHandler1 is interrupted by java.io.InterruptedIOException: 
2022-08-08 17:04:53,282 [s2-impl-thread1] INFO  impl.StateMachineUpdater (StateMachineUpdater.java:stopAndJoin(153)) - s2@group-B24AF063D807-StateMachineUpdater: set stopIndex = 37
2022-08-08 17:04:53,282 [s2-impl-thread1] INFO  server.RaftServer$Division (ServerState.java:close(465)) - s2@group-B24AF063D807: closes. applyIndex: 37
2022-08-08 17:04:53,282 [Thread-552] INFO  simulation.RequestHandler (RequestHandler.java:run(126)) - s2.clientHandler2 is interrupted by java.io.InterruptedIOException: 
2022-08-08 17:04:53,282 [s2-impl-thread1] TRACE segmented.SegmentedRaftLogCache (SegmentedRaftLogCache.java:clearOpenSegment(456)) - s2@group-B24AF063D807-SegmentedRaftLogCache: clearOpenSegment log_inprogress_0
2022-08-08 17:04:53,282 [s2-impl-thread1] TRACE segmented.SegmentedRaftLogCache (AutoCloseableReadWriteLock.java:logLocking(65)) - s2@group-B24AF063D807: writeLock ACQUIRED 1 by SegmentedRaftLogCache$LogSegmentList.clear
2022-08-08 17:04:53,283 [s2-impl-thread1] TRACE segmented.SegmentedRaftLogCache (AutoCloseableReadWriteLock.java:logLocking(65)) - s2@group-B24AF063D807: writeLock RELEASED 0 by SegmentedRaftLogCache$LogSegmentList.clear
2022-08-08 17:04:53,283 [Thread-549] INFO  simulation.RequestHandler (RequestHandler.java:run(126)) - s2.serverHandler2 is interrupted by java.io.InterruptedIOException: 
2022-08-08 17:04:53,282 [s2@group-B24AF063D807-FollowerState] INFO  impl.FollowerState (FollowerState.java:run(152)) - s2@group-B24AF063D807-FollowerState was interrupted
2022-08-08 17:04:53,283 [Thread-548] INFO  simulation.RequestHandler (RequestHandler.java:run(126)) - s2.serverHandler1 is interrupted by java.io.InterruptedIOException: 
2022-08-08 17:04:53,283 [Thread-547] INFO  simulation.RequestHandler (RequestHandler.java:run(126)) - s2.serverHandler0 is interrupted by java.io.InterruptedIOException: 
2022-08-08 17:04:53,283 [s2@group-B24AF063D807-SegmentedRaftLogWorker] INFO  segmented.SegmentedRaftLogWorker (SegmentedRaftLogWorker.java:run(336)) - s2@group-B24AF063D807-SegmentedRaftLogWorker was interrupted, exiting. There are 0 tasks remaining in the queue.
2022-08-08 17:04:53,283 [s2-impl-thread1] INFO  segmented.SegmentedRaftLogWorker (SegmentedRaftLogWorker.java:close(246)) - s2@group-B24AF063D807-SegmentedRaftLogWorker close()
2022-08-08 17:04:53,283 [org.apache.ratis.util.JvmPauseMonitor$$Lambda$263/548170058@763bcdcc] INFO  util.JvmPauseMonitor (JvmPauseMonitor.java:run(109)) - JvmPauseMonitor-s2: Stopped
2022-08-08 17:04:53,284 [Time-limited test] INFO  impl.MiniRaftCluster (MiniRaftCluster.java:shutdown(850)) - MiniRaftClusterWithSimulatedRpc shutdown completed
]]></system-out>
  </testcase>
  <testcase name="testRestartWithCorruptedLogEntryWithException" classname="org.apache.ratis.server.simulation.TestServerRestartWithSimulatedRpc" time="0.84"/>
</testsuite>